<?xml version="1.0" encoding="UTF-8"?>
<testsuite xmlns:xsi="http://www.w3.org/2001/XMLSchema-instance" xsi:noNamespaceSchemaLocation="https://maven.apache.org/surefire/maven-surefire-plugin/xsd/surefire-test-report.xsd" name="org.apache.hadoop.ozone.client.rpc.TestWatchForCommit" time="250.303" tests="5" errors="1" skipped="0" failures="0">
  <properties>
    <property name="awt.toolkit" value="sun.awt.X11.XToolkit"/>
    <property name="file.encoding.pkg" value="sun.io"/>
    <property name="java.specification.version" value="1.8"/>
    <property name="sun.cpu.isalist" value=""/>
    <property name="sun.jnu.encoding" value="UTF-8"/>
    <property name="java.class.path" value="/workdir/hadoop-ozone/integration-test/target/test-classes:/workdir/hadoop-ozone/integration-test/target/classes:/home/user/.m2/repository/org/apache/hadoop/hadoop-ozone-common/0.5.0-SNAPSHOT/hadoop-ozone-common-0.5.0-SNAPSHOT.jar:/home/user/.m2/repository/org/apache/commons/commons-compress/1.4.1/commons-compress-1.4.1.jar:/home/user/.m2/repository/org/tukaani/xz/1.0/xz-1.0.jar:/home/user/.m2/repository/org/apache/hadoop/hadoop-common/3.2.0/hadoop-common-3.2.0.jar:/home/user/.m2/repository/org/apache/hadoop/hadoop-hdfs/3.2.0/hadoop-hdfs-3.2.0.jar:/home/user/.m2/repository/org/apache/hadoop/hadoop-hdfs-client/3.2.0/hadoop-hdfs-client-3.2.0.jar:/home/user/.m2/repository/com/fasterxml/jackson/core/jackson-annotations/2.9.5/jackson-annotations-2.9.5.jar:/home/user/.m2/repository/org/apache/hadoop/hadoop-hdds-common/0.5.0-SNAPSHOT/hadoop-hdds-common-0.5.0-SNAPSHOT.jar:/home/user/.m2/repository/javax/annotation/javax.annotation-api/1.2/javax.annotation-api-1.2.jar:/home/user/.m2/repository/org/apache/ratis/ratis-server/0.4.0-2337318-SNAPSHOT/ratis-server-0.4.0-2337318-SNAPSHOT.jar:/home/user/.m2/repository/org/apache/ratis/ratis-thirdparty-misc/0.2.0/ratis-thirdparty-misc-0.2.0.jar:/home/user/.m2/repository/org/apache/ratis/ratis-proto/0.4.0-2337318-SNAPSHOT/ratis-proto-0.4.0-2337318-SNAPSHOT.jar:/home/user/.m2/repository/org/apache/ratis/ratis-common/0.4.0-2337318-SNAPSHOT/ratis-common-0.4.0-2337318-SNAPSHOT.jar:/home/user/.m2/repository/org/apache/ratis/ratis-client/0.4.0-2337318-SNAPSHOT/ratis-client-0.4.0-2337318-SNAPSHOT.jar:/home/user/.m2/repository/org/apache/ratis/ratis-metrics/0.4.0-2337318-SNAPSHOT/ratis-metrics-0.4.0-2337318-SNAPSHOT.jar:/home/user/.m2/repository/org/apache/ratis/ratis-netty/0.4.0-2337318-SNAPSHOT/ratis-netty-0.4.0-2337318-SNAPSHOT.jar:/home/user/.m2/repository/org/apache/ratis/ratis-grpc/0.4.0-2337318-SNAPSHOT/ratis-grpc-0.4.0-2337318-SNAPSHOT.jar:/home/user/.m2/repository/org/rocksdb/rocksdbjni/6.0.1/rocksdbjni-6.0.1.jar:/home/user/.m2/repository/org/apache/logging/log4j/log4j-api/2.11.0/log4j-api-2.11.0.jar:/home/user/.m2/repository/org/apache/logging/log4j/log4j-core/2.11.0/log4j-core-2.11.0.jar:/home/user/.m2/repository/com/lmax/disruptor/3.4.2/disruptor-3.4.2.jar:/home/user/.m2/repository/org/apache/commons/commons-pool2/2.6.0/commons-pool2-2.6.0.jar:/home/user/.m2/repository/org/bouncycastle/bcpkix-jdk15on/1.60/bcpkix-jdk15on-1.60.jar:/home/user/.m2/repository/commons-validator/commons-validator/1.6/commons-validator-1.6.jar:/home/user/.m2/repository/commons-digester/commons-digester/1.8.1/commons-digester-1.8.1.jar:/home/user/.m2/repository/io/jaegertracing/jaeger-client/0.33.1/jaeger-client-0.33.1.jar:/home/user/.m2/repository/io/jaegertracing/jaeger-thrift/0.33.1/jaeger-thrift-0.33.1.jar:/home/user/.m2/repository/org/apache/thrift/libthrift/0.11.0/libthrift-0.11.0.jar:/home/user/.m2/repository/com/squareup/okhttp3/okhttp/3.9.0/okhttp-3.9.0.jar:/home/user/.m2/repository/com/squareup/okio/okio/1.13.0/okio-1.13.0.jar:/home/user/.m2/repository/io/jaegertracing/jaeger-core/0.33.1/jaeger-core-0.33.1.jar:/home/user/.m2/repository/io/jaegertracing/jaeger-tracerresolver/0.33.1/jaeger-tracerresolver-0.33.1.jar:/home/user/.m2/repository/io/opentracing/contrib/opentracing-tracerresolver/0.1.5/opentracing-tracerresolver-0.1.5.jar:/home/user/.m2/repository/io/opentracing/opentracing-util/0.31.0/opentracing-util-0.31.0.jar:/home/user/.m2/repository/io/opentracing/opentracing-api/0.31.0/opentracing-api-0.31.0.jar:/home/user/.m2/repository/io/opentracing/opentracing-noop/0.31.0/opentracing-noop-0.31.0.jar:/home/user/.m2/repository/org/apache/hadoop/hadoop-hdds-server-framework/0.5.0-SNAPSHOT/hadoop-hdds-server-framework-0.5.0-SNAPSHOT.jar:/home/user/.m2/repository/org/apache/hadoop/hadoop-hdds-container-service/0.5.0-SNAPSHOT/hadoop-hdds-container-service-0.5.0-SNAPSHOT.jar:/home/user/.m2/repository/org/apache/hadoop/hadoop-hdds-client/0.5.0-SNAPSHOT/hadoop-hdds-client-0.5.0-SNAPSHOT.jar:/home/user/.m2/repository/org/apache/hadoop/hadoop-hdds-tools/0.5.0-SNAPSHOT/hadoop-hdds-tools-0.5.0-SNAPSHOT.jar:/home/user/.m2/repository/org/apache/hadoop/hadoop-hdds-server-scm/0.5.0-SNAPSHOT/hadoop-hdds-server-scm-0.5.0-SNAPSHOT.jar:/home/user/.m2/repository/org/apache/hadoop/hadoop-hdds-docs/0.5.0-SNAPSHOT/hadoop-hdds-docs-0.5.0-SNAPSHOT.jar:/home/user/.m2/repository/io/dropwizard/metrics/metrics-core/3.2.4/metrics-core-3.2.4.jar:/home/user/.m2/repository/org/hamcrest/hamcrest-all/1.3/hamcrest-all-1.3.jar:/home/user/.m2/repository/org/bouncycastle/bcprov-jdk15on/1.60/bcprov-jdk15on-1.60.jar:/home/user/.m2/repository/info/picocli/picocli/3.9.6/picocli-3.9.6.jar:/home/user/.m2/repository/com/google/protobuf/protobuf-java/2.5.0/protobuf-java-2.5.0.jar:/home/user/.m2/repository/com/google/guava/guava/11.0.2/guava-11.0.2.jar:/home/user/.m2/repository/org/apache/hadoop/hadoop-ozone-ozone-manager/0.5.0-SNAPSHOT/hadoop-ozone-ozone-manager-0.5.0-SNAPSHOT.jar:/home/user/.m2/repository/org/apache/hadoop/hadoop-minikdc/3.2.0/hadoop-minikdc-3.2.0.jar:/home/user/.m2/repository/commons-io/commons-io/2.5/commons-io-2.5.jar:/home/user/.m2/repository/org/apache/kerby/kerb-simplekdc/1.0.1/kerb-simplekdc-1.0.1.jar:/home/user/.m2/repository/org/apache/kerby/kerb-client/1.0.1/kerb-client-1.0.1.jar:/home/user/.m2/repository/org/apache/kerby/kerby-config/1.0.1/kerby-config-1.0.1.jar:/home/user/.m2/repository/org/apache/kerby/kerb-core/1.0.1/kerb-core-1.0.1.jar:/home/user/.m2/repository/org/apache/kerby/kerby-pkix/1.0.1/kerby-pkix-1.0.1.jar:/home/user/.m2/repository/org/apache/kerby/kerby-asn1/1.0.1/kerby-asn1-1.0.1.jar:/home/user/.m2/repository/org/apache/kerby/kerby-util/1.0.1/kerby-util-1.0.1.jar:/home/user/.m2/repository/org/apache/kerby/kerb-common/1.0.1/kerb-common-1.0.1.jar:/home/user/.m2/repository/org/apache/kerby/kerb-crypto/1.0.1/kerb-crypto-1.0.1.jar:/home/user/.m2/repository/org/apache/kerby/kerb-util/1.0.1/kerb-util-1.0.1.jar:/home/user/.m2/repository/org/apache/kerby/token-provider/1.0.1/token-provider-1.0.1.jar:/home/user/.m2/repository/org/apache/kerby/kerb-admin/1.0.1/kerb-admin-1.0.1.jar:/home/user/.m2/repository/org/apache/kerby/kerb-server/1.0.1/kerb-server-1.0.1.jar:/home/user/.m2/repository/org/apache/kerby/kerb-identity/1.0.1/kerb-identity-1.0.1.jar:/home/user/.m2/repository/org/apache/kerby/kerby-xdr/1.0.1/kerby-xdr-1.0.1.jar:/home/user/.m2/repository/org/slf4j/slf4j-log4j12/1.7.25/slf4j-log4j12-1.7.25.jar:/home/user/.m2/repository/org/apache/hadoop/hadoop-ozone-s3gateway/0.5.0-SNAPSHOT/hadoop-ozone-s3gateway-0.5.0-SNAPSHOT.jar:/home/user/.m2/repository/org/jboss/weld/servlet/weld-servlet/2.4.7.Final/weld-servlet-2.4.7.Final.jar:/home/user/.m2/repository/org/glassfish/jersey/containers/jersey-container-servlet-core/2.27/jersey-container-servlet-core-2.27.jar:/home/user/.m2/repository/org/glassfish/hk2/external/javax.inject/2.5.0-b42/javax.inject-2.5.0-b42.jar:/home/user/.m2/repository/org/glassfish/jersey/core/jersey-common/2.27/jersey-common-2.27.jar:/home/user/.m2/repository/org/glassfish/hk2/osgi-resource-locator/1.0.1/osgi-resource-locator-1.0.1.jar:/home/user/.m2/repository/javax/ws/rs/javax.ws.rs-api/2.1/javax.ws.rs-api-2.1.jar:/home/user/.m2/repository/org/glassfish/jersey/ext/cdi/jersey-cdi1x/2.27/jersey-cdi1x-2.27.jar:/home/user/.m2/repository/org/glassfish/jersey/inject/jersey-hk2/2.27/jersey-hk2-2.27.jar:/home/user/.m2/repository/org/glassfish/hk2/hk2-locator/2.5.0-b42/hk2-locator-2.5.0-b42.jar:/home/user/.m2/repository/org/javassist/javassist/3.22.0-CR2/javassist-3.22.0-CR2.jar:/home/user/.m2/repository/org/glassfish/hk2/hk2-api/2.5.0/hk2-api-2.5.0.jar:/home/user/.m2/repository/org/glassfish/hk2/external/jakarta.inject/2.5.0/jakarta.inject-2.5.0.jar:/home/user/.m2/repository/org/glassfish/hk2/hk2-utils/2.5.0/hk2-utils-2.5.0.jar:/home/user/.m2/repository/jakarta/annotation/jakarta.annotation-api/1.3.4/jakarta.annotation-api-1.3.4.jar:/home/user/.m2/repository/org/glassfish/hk2/external/aopalliance-repackaged/2.5.0/aopalliance-repackaged-2.5.0.jar:/home/user/.m2/repository/com/fasterxml/jackson/dataformat/jackson-dataformat-xml/2.9.0/jackson-dataformat-xml-2.9.0.jar:/home/user/.m2/repository/com/fasterxml/jackson/core/jackson-core/2.9.5/jackson-core-2.9.5.jar:/home/user/.m2/repository/com/fasterxml/jackson/module/jackson-module-jaxb-annotations/2.9.5/jackson-module-jaxb-annotations-2.9.5.jar:/home/user/.m2/repository/javax/enterprise/cdi-api/1.2/cdi-api-1.2.jar:/home/user/.m2/repository/javax/el/javax.el-api/3.0.0/javax.el-api-3.0.0.jar:/home/user/.m2/repository/javax/interceptor/javax.interceptor-api/1.2/javax.interceptor-api-1.2.jar:/home/user/.m2/repository/javax/inject/javax.inject/1/javax.inject-1.jar:/home/user/.m2/repository/com/sun/xml/bind/jaxb-impl/2.3.0.1/jaxb-impl-2.3.0.1.jar:/home/user/.m2/repository/com/sun/xml/bind/jaxb-core/2.3.0.1/jaxb-core-2.3.0.1.jar:/home/user/.m2/repository/javax/xml/bind/jaxb-api/2.3.0/jaxb-api-2.3.0.jar:/home/user/.m2/repository/javax/activation/activation/1.1.1/activation-1.1.1.jar:/home/user/.m2/repository/org/apache/hadoop/hadoop-ozone-csi/0.5.0-SNAPSHOT/hadoop-ozone-csi-0.5.0-SNAPSHOT.jar:/home/user/.m2/repository/com/google/protobuf/protobuf-java-util/3.5.1/protobuf-java-util-3.5.1.jar:/home/user/.m2/repository/org/apache/hadoop/hadoop-hdds-config/0.5.0-SNAPSHOT/hadoop-hdds-config-0.5.0-SNAPSHOT.jar:/home/user/.m2/repository/io/grpc/grpc-netty/1.17.1/grpc-netty-1.17.1.jar:/home/user/.m2/repository/io/grpc/grpc-core/1.17.1/grpc-core-1.17.1.jar:/home/user/.m2/repository/io/grpc/grpc-context/1.17.1/grpc-context-1.17.1.jar:/home/user/.m2/repository/com/google/errorprone/error_prone_annotations/2.2.0/error_prone_annotations-2.2.0.jar:/home/user/.m2/repository/org/codehaus/mojo/animal-sniffer-annotations/1.17/animal-sniffer-annotations-1.17.jar:/home/user/.m2/repository/io/opencensus/opencensus-api/0.17.0/opencensus-api-0.17.0.jar:/home/user/.m2/repository/io/opencensus/opencensus-contrib-grpc-metrics/0.17.0/opencensus-contrib-grpc-metrics-0.17.0.jar:/home/user/.m2/repository/io/netty/netty-codec-http2/4.1.30.Final/netty-codec-http2-4.1.30.Final.jar:/home/user/.m2/repository/io/netty/netty-codec-http/4.1.30.Final/netty-codec-http-4.1.30.Final.jar:/home/user/.m2/repository/io/netty/netty-codec/4.1.30.Final/netty-codec-4.1.30.Final.jar:/home/user/.m2/repository/io/netty/netty-handler/4.1.30.Final/netty-handler-4.1.30.Final.jar:/home/user/.m2/repository/io/netty/netty-handler-proxy/4.1.30.Final/netty-handler-proxy-4.1.30.Final.jar:/home/user/.m2/repository/io/netty/netty-codec-socks/4.1.30.Final/netty-codec-socks-4.1.30.Final.jar:/home/user/.m2/repository/io/netty/netty-transport-native-epoll/4.1.30.Final/netty-transport-native-epoll-4.1.30.Final.jar:/home/user/.m2/repository/io/netty/netty-common/4.1.30.Final/netty-common-4.1.30.Final.jar:/home/user/.m2/repository/io/netty/netty-buffer/4.1.30.Final/netty-buffer-4.1.30.Final.jar:/home/user/.m2/repository/io/netty/netty-transport/4.1.30.Final/netty-transport-4.1.30.Final.jar:/home/user/.m2/repository/io/netty/netty-resolver/4.1.30.Final/netty-resolver-4.1.30.Final.jar:/home/user/.m2/repository/io/netty/netty-transport-native-unix-common/4.1.30.Final/netty-transport-native-unix-common-4.1.30.Final.jar:/home/user/.m2/repository/io/grpc/grpc-protobuf/1.17.1/grpc-protobuf-1.17.1.jar:/home/user/.m2/repository/com/google/api/grpc/proto-google-common-protos/1.0.0/proto-google-common-protos-1.0.0.jar:/home/user/.m2/repository/io/grpc/grpc-protobuf-lite/1.17.1/grpc-protobuf-lite-1.17.1.jar:/home/user/.m2/repository/io/grpc/grpc-stub/1.17.1/grpc-stub-1.17.1.jar:/home/user/.m2/repository/org/apache/hadoop/hadoop-ozone-recon/0.5.0-SNAPSHOT/hadoop-ozone-recon-0.5.0-SNAPSHOT.jar:/home/user/.m2/repository/org/apache/hadoop/hadoop-ozone-reconcodegen/0.5.0-SNAPSHOT/hadoop-ozone-reconcodegen-0.5.0-SNAPSHOT.jar:/home/user/.m2/repository/com/google/inject/extensions/guice-multibindings/4.0/guice-multibindings-4.0.jar:/home/user/.m2/repository/com/google/inject/guice/4.0/guice-4.0.jar:/home/user/.m2/repository/aopalliance/aopalliance/1.0/aopalliance-1.0.jar:/home/user/.m2/repository/com/google/inject/extensions/guice-servlet/4.0/guice-servlet-4.0.jar:/home/user/.m2/repository/org/glassfish/jersey/containers/jersey-container-servlet/2.27/jersey-container-servlet-2.27.jar:/home/user/.m2/repository/org/glassfish/hk2/guice-bridge/2.5.0/guice-bridge-2.5.0.jar:/home/user/.m2/repository/org/glassfish/jersey/core/jersey-server/2.27/jersey-server-2.27.jar:/home/user/.m2/repository/org/glassfish/jersey/core/jersey-client/2.27/jersey-client-2.27.jar:/home/user/.m2/repository/org/glassfish/jersey/media/jersey-media-jaxb/2.27/jersey-media-jaxb-2.27.jar:/home/user/.m2/repository/javax/validation/validation-api/1.1.0.Final/validation-api-1.1.0.Final.jar:/home/user/.m2/repository/org/glassfish/jersey/media/jersey-media-json-jackson/2.27/jersey-media-json-jackson-2.27.jar:/home/user/.m2/repository/org/glassfish/jersey/ext/jersey-entity-filtering/2.27/jersey-entity-filtering-2.27.jar:/home/user/.m2/repository/com/google/inject/extensions/guice-assistedinject/4.0/guice-assistedinject-4.0.jar:/home/user/.m2/repository/org/jooq/jooq/3.11.10/jooq-3.11.10.jar:/home/user/.m2/repository/org/jooq/jooq-meta/3.11.10/jooq-meta-3.11.10.jar:/home/user/.m2/repository/org/jooq/jooq-codegen/3.11.10/jooq-codegen-3.11.10.jar:/home/user/.m2/repository/com/jolbox/bonecp/0.8.0.RELEASE/bonecp-0.8.0.RELEASE.jar:/home/user/.m2/repository/org/xerial/sqlite-jdbc/3.25.2/sqlite-jdbc-3.25.2.jar:/home/user/.m2/repository/org/springframework/spring-jdbc/5.1.3.RELEASE/spring-jdbc-5.1.3.RELEASE.jar:/home/user/.m2/repository/org/springframework/spring-beans/5.1.3.RELEASE/spring-beans-5.1.3.RELEASE.jar:/home/user/.m2/repository/org/springframework/spring-core/5.1.3.RELEASE/spring-core-5.1.3.RELEASE.jar:/home/user/.m2/repository/org/springframework/spring-jcl/5.1.3.RELEASE/spring-jcl-5.1.3.RELEASE.jar:/home/user/.m2/repository/org/springframework/spring-tx/5.1.3.RELEASE/spring-tx-5.1.3.RELEASE.jar:/home/user/.m2/repository/org/apache/hadoop/hadoop-ozone-client/0.5.0-SNAPSHOT/hadoop-ozone-client-0.5.0-SNAPSHOT.jar:/home/user/.m2/repository/commons-lang/commons-lang/2.6/commons-lang-2.6.jar:/home/user/.m2/repository/org/apache/hadoop/hadoop-ozone-ozone-manager/0.5.0-SNAPSHOT/hadoop-ozone-ozone-manager-0.5.0-SNAPSHOT-tests.jar:/home/user/.m2/repository/junit/junit/4.11/junit-4.11.jar:/home/user/.m2/repository/org/hamcrest/hamcrest-core/1.3/hamcrest-core-1.3.jar:/home/user/.m2/repository/org/openjdk/jmh/jmh-core/1.19/jmh-core-1.19.jar:/home/user/.m2/repository/net/sf/jopt-simple/jopt-simple/4.6/jopt-simple-4.6.jar:/home/user/.m2/repository/org/apache/commons/commons-math3/3.1.1/commons-math3-3.1.1.jar:/home/user/.m2/repository/org/openjdk/jmh/jmh-generator-annprocess/1.19/jmh-generator-annprocess-1.19.jar:/home/user/.m2/repository/org/mockito/mockito-all/1.8.5/mockito-all-1.8.5.jar:/home/user/.m2/repository/org/apache/hadoop/hadoop-kms/3.2.0/hadoop-kms-3.2.0.jar:/home/user/.m2/repository/org/apache/hadoop/hadoop-auth/3.2.0/hadoop-auth-3.2.0.jar:/home/user/.m2/repository/com/nimbusds/nimbus-jose-jwt/4.41.1/nimbus-jose-jwt-4.41.1.jar:/home/user/.m2/repository/com/github/stephenc/jcip/jcip-annotations/1.0-1/jcip-annotations-1.0-1.jar:/home/user/.m2/repository/net/minidev/json-smart/2.3/json-smart-2.3.jar:/home/user/.m2/repository/net/minidev/accessors-smart/1.2/accessors-smart-1.2.jar:/home/user/.m2/repository/org/ow2/asm/asm/5.0.4/asm-5.0.4.jar:/home/user/.m2/repository/org/apache/curator/curator-framework/2.12.0/curator-framework-2.12.0.jar:/home/user/.m2/repository/com/sun/jersey/jersey-core/1.19/jersey-core-1.19.jar:/home/user/.m2/repository/javax/ws/rs/jsr311-api/1.1.1/jsr311-api-1.1.1.jar:/home/user/.m2/repository/com/sun/jersey/jersey-server/1.19/jersey-server-1.19.jar:/home/user/.m2/repository/javax/servlet/javax.servlet-api/3.1.0/javax.servlet-api-3.1.0.jar:/home/user/.m2/repository/org/eclipse/jetty/jetty-server/9.3.24.v20180605/jetty-server-9.3.24.v20180605.jar:/home/user/.m2/repository/org/eclipse/jetty/jetty-http/9.3.24.v20180605/jetty-http-9.3.24.v20180605.jar:/home/user/.m2/repository/org/eclipse/jetty/jetty-io/9.3.24.v20180605/jetty-io-9.3.24.v20180605.jar:/home/user/.m2/repository/org/eclipse/jetty/jetty-webapp/9.3.24.v20180605/jetty-webapp-9.3.24.v20180605.jar:/home/user/.m2/repository/org/eclipse/jetty/jetty-xml/9.3.24.v20180605/jetty-xml-9.3.24.v20180605.jar:/home/user/.m2/repository/log4j/log4j/1.2.17/log4j-1.2.17.jar:/home/user/.m2/repository/org/slf4j/slf4j-api/1.7.25/slf4j-api-1.7.25.jar:/home/user/.m2/repository/org/slf4j/jul-to-slf4j/1.7.25/jul-to-slf4j-1.7.25.jar:/home/user/.m2/repository/org/eclipse/jetty/jetty-util/9.3.24.v20180605/jetty-util-9.3.24.v20180605.jar:/home/user/.m2/repository/com/fasterxml/jackson/core/jackson-databind/2.9.5/jackson-databind-2.9.5.jar:/home/user/.m2/repository/org/apache/hadoop/hadoop-kms/3.2.0/hadoop-kms-3.2.0-tests.jar:/home/user/.m2/repository/org/apache/hadoop/hadoop-hdds-server-scm/0.5.0-SNAPSHOT/hadoop-hdds-server-scm-0.5.0-SNAPSHOT-tests.jar:/home/user/.m2/repository/org/apache/hadoop/hadoop-hdds-container-service/0.5.0-SNAPSHOT/hadoop-hdds-container-service-0.5.0-SNAPSHOT-tests.jar:/home/user/.m2/repository/org/yaml/snakeyaml/1.16/snakeyaml-1.16.jar:/home/user/.m2/repository/org/apache/hadoop/hadoop-common/3.2.0/hadoop-common-3.2.0-tests.jar:/home/user/.m2/repository/org/apache/hadoop/hadoop-annotations/3.2.0/hadoop-annotations-3.2.0.jar:/usr/lib/jvm/java-1.8-openjdk/jre/../lib/tools.jar:/home/user/.m2/repository/commons-cli/commons-cli/1.2/commons-cli-1.2.jar:/home/user/.m2/repository/org/apache/httpcomponents/httpclient/4.5.2/httpclient-4.5.2.jar:/home/user/.m2/repository/org/apache/httpcomponents/httpcore/4.4.4/httpcore-4.4.4.jar:/home/user/.m2/repository/commons-codec/commons-codec/1.11/commons-codec-1.11.jar:/home/user/.m2/repository/commons-net/commons-net/3.6/commons-net-3.6.jar:/home/user/.m2/repository/commons-collections/commons-collections/3.2.2/commons-collections-3.2.2.jar:/home/user/.m2/repository/org/eclipse/jetty/jetty-servlet/9.3.24.v20180605/jetty-servlet-9.3.24.v20180605.jar:/home/user/.m2/repository/org/eclipse/jetty/jetty-security/9.3.24.v20180605/jetty-security-9.3.24.v20180605.jar:/home/user/.m2/repository/javax/servlet/jsp/jsp-api/2.1/jsp-api-2.1.jar:/home/user/.m2/repository/com/sun/jersey/jersey-servlet/1.19/jersey-servlet-1.19.jar:/home/user/.m2/repository/com/sun/jersey/jersey-json/1.19/jersey-json-1.19.jar:/home/user/.m2/repository/org/codehaus/jettison/jettison/1.1/jettison-1.1.jar:/home/user/.m2/repository/org/codehaus/jackson/jackson-core-asl/1.9.13/jackson-core-asl-1.9.13.jar:/home/user/.m2/repository/org/codehaus/jackson/jackson-mapper-asl/1.9.13/jackson-mapper-asl-1.9.13.jar:/home/user/.m2/repository/org/codehaus/jackson/jackson-jaxrs/1.9.13/jackson-jaxrs-1.9.13.jar:/home/user/.m2/repository/org/codehaus/jackson/jackson-xc/1.9.13/jackson-xc-1.9.13.jar:/home/user/.m2/repository/commons-logging/commons-logging/1.1.3/commons-logging-1.1.3.jar:/home/user/.m2/repository/commons-beanutils/commons-beanutils/1.9.3/commons-beanutils-1.9.3.jar:/home/user/.m2/repository/org/apache/commons/commons-configuration2/2.1.1/commons-configuration2-2.1.1.jar:/home/user/.m2/repository/org/apache/commons/commons-lang3/3.7/commons-lang3-3.7.jar:/home/user/.m2/repository/org/apache/commons/commons-text/1.4/commons-text-1.4.jar:/home/user/.m2/repository/org/apache/avro/avro/1.7.7/avro-1.7.7.jar:/home/user/.m2/repository/com/thoughtworks/paranamer/paranamer/2.3/paranamer-2.3.jar:/home/user/.m2/repository/org/xerial/snappy/snappy-java/1.0.5/snappy-java-1.0.5.jar:/home/user/.m2/repository/com/google/re2j/re2j/1.1/re2j-1.1.jar:/home/user/.m2/repository/com/google/code/gson/gson/2.2.4/gson-2.2.4.jar:/home/user/.m2/repository/com/jcraft/jsch/0.1.54/jsch-0.1.54.jar:/home/user/.m2/repository/org/apache/curator/curator-client/2.12.0/curator-client-2.12.0.jar:/home/user/.m2/repository/org/apache/curator/curator-recipes/2.12.0/curator-recipes-2.12.0.jar:/home/user/.m2/repository/com/google/code/findbugs/jsr305/3.0.0/jsr305-3.0.0.jar:/home/user/.m2/repository/org/apache/htrace/htrace-core4/4.1.0-incubating/htrace-core4-4.1.0-incubating.jar:/home/user/.m2/repository/org/apache/zookeeper/zookeeper/3.4.13/zookeeper-3.4.13.jar:/home/user/.m2/repository/org/apache/yetus/audience-annotations/0.5.0/audience-annotations-0.5.0.jar:/home/user/.m2/repository/org/codehaus/woodstox/stax2-api/3.1.4/stax2-api-3.1.4.jar:/home/user/.m2/repository/com/fasterxml/woodstox/woodstox-core/5.0.3/woodstox-core-5.0.3.jar:/home/user/.m2/repository/dnsjava/dnsjava/2.1.7/dnsjava-2.1.7.jar:/home/user/.m2/repository/org/apache/hadoop/hadoop-hdfs/3.2.0/hadoop-hdfs-3.2.0-tests.jar:/home/user/.m2/repository/org/eclipse/jetty/jetty-util-ajax/9.3.24.v20180605/jetty-util-ajax-9.3.24.v20180605.jar:/home/user/.m2/repository/commons-daemon/commons-daemon/1.0.13/commons-daemon-1.0.13.jar:/home/user/.m2/repository/io/netty/netty/3.10.5.Final/netty-3.10.5.Final.jar:/home/user/.m2/repository/io/netty/netty-all/4.0.52.Final/netty-all-4.0.52.Final.jar:/home/user/.m2/repository/org/fusesource/leveldbjni/leveldbjni-all/1.8/leveldbjni-all-1.8.jar:"/>
    <property name="java.vm.vendor" value="IcedTea"/>
    <property name="sun.arch.data.model" value="64"/>
    <property name="test.build.dir" value="/workdir/hadoop-ozone/integration-test/target/test-dir"/>
    <property name="test.cache.data" value=""/>
    <property name="java.vendor.url" value="https://icedtea.classpath.org"/>
    <property name="user.timezone" value=""/>
    <property name="java.vm.specification.version" value="1.8"/>
    <property name="os.name" value="Linux"/>
    <property name="test.build.data" value="/workdir/hadoop-ozone/integration-test/target/test-dir"/>
    <property name="user.country" value="US"/>
    <property name="sun.java.launcher" value="SUN_STANDARD"/>
    <property name="sun.boot.library.path" value="/usr/lib/jvm/java-1.8-openjdk/jre/lib/amd64"/>
    <property name="sun.java.command" value="/workdir/hadoop-ozone/integration-test/target/surefire/surefirebooter2530851191370435763.jar /workdir/hadoop-ozone/integration-test/target/surefire 2019-09-10T21-11-00_042-jvmRun1 surefire6683794520138221641tmp surefire_239101388727201403582tmp"/>
    <property name="test" value="!TestMiniChaosOzoneCluster"/>
    <property name="surefire.test.class.path" value="/workdir/hadoop-ozone/integration-test/target/test-classes:/workdir/hadoop-ozone/integration-test/target/classes:/home/user/.m2/repository/org/apache/hadoop/hadoop-ozone-common/0.5.0-SNAPSHOT/hadoop-ozone-common-0.5.0-SNAPSHOT.jar:/home/user/.m2/repository/org/apache/commons/commons-compress/1.4.1/commons-compress-1.4.1.jar:/home/user/.m2/repository/org/tukaani/xz/1.0/xz-1.0.jar:/home/user/.m2/repository/org/apache/hadoop/hadoop-common/3.2.0/hadoop-common-3.2.0.jar:/home/user/.m2/repository/org/apache/hadoop/hadoop-hdfs/3.2.0/hadoop-hdfs-3.2.0.jar:/home/user/.m2/repository/org/apache/hadoop/hadoop-hdfs-client/3.2.0/hadoop-hdfs-client-3.2.0.jar:/home/user/.m2/repository/com/fasterxml/jackson/core/jackson-annotations/2.9.5/jackson-annotations-2.9.5.jar:/home/user/.m2/repository/org/apache/hadoop/hadoop-hdds-common/0.5.0-SNAPSHOT/hadoop-hdds-common-0.5.0-SNAPSHOT.jar:/home/user/.m2/repository/javax/annotation/javax.annotation-api/1.2/javax.annotation-api-1.2.jar:/home/user/.m2/repository/org/apache/ratis/ratis-server/0.4.0-2337318-SNAPSHOT/ratis-server-0.4.0-2337318-SNAPSHOT.jar:/home/user/.m2/repository/org/apache/ratis/ratis-thirdparty-misc/0.2.0/ratis-thirdparty-misc-0.2.0.jar:/home/user/.m2/repository/org/apache/ratis/ratis-proto/0.4.0-2337318-SNAPSHOT/ratis-proto-0.4.0-2337318-SNAPSHOT.jar:/home/user/.m2/repository/org/apache/ratis/ratis-common/0.4.0-2337318-SNAPSHOT/ratis-common-0.4.0-2337318-SNAPSHOT.jar:/home/user/.m2/repository/org/apache/ratis/ratis-client/0.4.0-2337318-SNAPSHOT/ratis-client-0.4.0-2337318-SNAPSHOT.jar:/home/user/.m2/repository/org/apache/ratis/ratis-metrics/0.4.0-2337318-SNAPSHOT/ratis-metrics-0.4.0-2337318-SNAPSHOT.jar:/home/user/.m2/repository/org/apache/ratis/ratis-netty/0.4.0-2337318-SNAPSHOT/ratis-netty-0.4.0-2337318-SNAPSHOT.jar:/home/user/.m2/repository/org/apache/ratis/ratis-grpc/0.4.0-2337318-SNAPSHOT/ratis-grpc-0.4.0-2337318-SNAPSHOT.jar:/home/user/.m2/repository/org/rocksdb/rocksdbjni/6.0.1/rocksdbjni-6.0.1.jar:/home/user/.m2/repository/org/apache/logging/log4j/log4j-api/2.11.0/log4j-api-2.11.0.jar:/home/user/.m2/repository/org/apache/logging/log4j/log4j-core/2.11.0/log4j-core-2.11.0.jar:/home/user/.m2/repository/com/lmax/disruptor/3.4.2/disruptor-3.4.2.jar:/home/user/.m2/repository/org/apache/commons/commons-pool2/2.6.0/commons-pool2-2.6.0.jar:/home/user/.m2/repository/org/bouncycastle/bcpkix-jdk15on/1.60/bcpkix-jdk15on-1.60.jar:/home/user/.m2/repository/commons-validator/commons-validator/1.6/commons-validator-1.6.jar:/home/user/.m2/repository/commons-digester/commons-digester/1.8.1/commons-digester-1.8.1.jar:/home/user/.m2/repository/io/jaegertracing/jaeger-client/0.33.1/jaeger-client-0.33.1.jar:/home/user/.m2/repository/io/jaegertracing/jaeger-thrift/0.33.1/jaeger-thrift-0.33.1.jar:/home/user/.m2/repository/org/apache/thrift/libthrift/0.11.0/libthrift-0.11.0.jar:/home/user/.m2/repository/com/squareup/okhttp3/okhttp/3.9.0/okhttp-3.9.0.jar:/home/user/.m2/repository/com/squareup/okio/okio/1.13.0/okio-1.13.0.jar:/home/user/.m2/repository/io/jaegertracing/jaeger-core/0.33.1/jaeger-core-0.33.1.jar:/home/user/.m2/repository/io/jaegertracing/jaeger-tracerresolver/0.33.1/jaeger-tracerresolver-0.33.1.jar:/home/user/.m2/repository/io/opentracing/contrib/opentracing-tracerresolver/0.1.5/opentracing-tracerresolver-0.1.5.jar:/home/user/.m2/repository/io/opentracing/opentracing-util/0.31.0/opentracing-util-0.31.0.jar:/home/user/.m2/repository/io/opentracing/opentracing-api/0.31.0/opentracing-api-0.31.0.jar:/home/user/.m2/repository/io/opentracing/opentracing-noop/0.31.0/opentracing-noop-0.31.0.jar:/home/user/.m2/repository/org/apache/hadoop/hadoop-hdds-server-framework/0.5.0-SNAPSHOT/hadoop-hdds-server-framework-0.5.0-SNAPSHOT.jar:/home/user/.m2/repository/org/apache/hadoop/hadoop-hdds-container-service/0.5.0-SNAPSHOT/hadoop-hdds-container-service-0.5.0-SNAPSHOT.jar:/home/user/.m2/repository/org/apache/hadoop/hadoop-hdds-client/0.5.0-SNAPSHOT/hadoop-hdds-client-0.5.0-SNAPSHOT.jar:/home/user/.m2/repository/org/apache/hadoop/hadoop-hdds-tools/0.5.0-SNAPSHOT/hadoop-hdds-tools-0.5.0-SNAPSHOT.jar:/home/user/.m2/repository/org/apache/hadoop/hadoop-hdds-server-scm/0.5.0-SNAPSHOT/hadoop-hdds-server-scm-0.5.0-SNAPSHOT.jar:/home/user/.m2/repository/org/apache/hadoop/hadoop-hdds-docs/0.5.0-SNAPSHOT/hadoop-hdds-docs-0.5.0-SNAPSHOT.jar:/home/user/.m2/repository/io/dropwizard/metrics/metrics-core/3.2.4/metrics-core-3.2.4.jar:/home/user/.m2/repository/org/hamcrest/hamcrest-all/1.3/hamcrest-all-1.3.jar:/home/user/.m2/repository/org/bouncycastle/bcprov-jdk15on/1.60/bcprov-jdk15on-1.60.jar:/home/user/.m2/repository/info/picocli/picocli/3.9.6/picocli-3.9.6.jar:/home/user/.m2/repository/com/google/protobuf/protobuf-java/2.5.0/protobuf-java-2.5.0.jar:/home/user/.m2/repository/com/google/guava/guava/11.0.2/guava-11.0.2.jar:/home/user/.m2/repository/org/apache/hadoop/hadoop-ozone-ozone-manager/0.5.0-SNAPSHOT/hadoop-ozone-ozone-manager-0.5.0-SNAPSHOT.jar:/home/user/.m2/repository/org/apache/hadoop/hadoop-minikdc/3.2.0/hadoop-minikdc-3.2.0.jar:/home/user/.m2/repository/commons-io/commons-io/2.5/commons-io-2.5.jar:/home/user/.m2/repository/org/apache/kerby/kerb-simplekdc/1.0.1/kerb-simplekdc-1.0.1.jar:/home/user/.m2/repository/org/apache/kerby/kerb-client/1.0.1/kerb-client-1.0.1.jar:/home/user/.m2/repository/org/apache/kerby/kerby-config/1.0.1/kerby-config-1.0.1.jar:/home/user/.m2/repository/org/apache/kerby/kerb-core/1.0.1/kerb-core-1.0.1.jar:/home/user/.m2/repository/org/apache/kerby/kerby-pkix/1.0.1/kerby-pkix-1.0.1.jar:/home/user/.m2/repository/org/apache/kerby/kerby-asn1/1.0.1/kerby-asn1-1.0.1.jar:/home/user/.m2/repository/org/apache/kerby/kerby-util/1.0.1/kerby-util-1.0.1.jar:/home/user/.m2/repository/org/apache/kerby/kerb-common/1.0.1/kerb-common-1.0.1.jar:/home/user/.m2/repository/org/apache/kerby/kerb-crypto/1.0.1/kerb-crypto-1.0.1.jar:/home/user/.m2/repository/org/apache/kerby/kerb-util/1.0.1/kerb-util-1.0.1.jar:/home/user/.m2/repository/org/apache/kerby/token-provider/1.0.1/token-provider-1.0.1.jar:/home/user/.m2/repository/org/apache/kerby/kerb-admin/1.0.1/kerb-admin-1.0.1.jar:/home/user/.m2/repository/org/apache/kerby/kerb-server/1.0.1/kerb-server-1.0.1.jar:/home/user/.m2/repository/org/apache/kerby/kerb-identity/1.0.1/kerb-identity-1.0.1.jar:/home/user/.m2/repository/org/apache/kerby/kerby-xdr/1.0.1/kerby-xdr-1.0.1.jar:/home/user/.m2/repository/org/slf4j/slf4j-log4j12/1.7.25/slf4j-log4j12-1.7.25.jar:/home/user/.m2/repository/org/apache/hadoop/hadoop-ozone-s3gateway/0.5.0-SNAPSHOT/hadoop-ozone-s3gateway-0.5.0-SNAPSHOT.jar:/home/user/.m2/repository/org/jboss/weld/servlet/weld-servlet/2.4.7.Final/weld-servlet-2.4.7.Final.jar:/home/user/.m2/repository/org/glassfish/jersey/containers/jersey-container-servlet-core/2.27/jersey-container-servlet-core-2.27.jar:/home/user/.m2/repository/org/glassfish/hk2/external/javax.inject/2.5.0-b42/javax.inject-2.5.0-b42.jar:/home/user/.m2/repository/org/glassfish/jersey/core/jersey-common/2.27/jersey-common-2.27.jar:/home/user/.m2/repository/org/glassfish/hk2/osgi-resource-locator/1.0.1/osgi-resource-locator-1.0.1.jar:/home/user/.m2/repository/javax/ws/rs/javax.ws.rs-api/2.1/javax.ws.rs-api-2.1.jar:/home/user/.m2/repository/org/glassfish/jersey/ext/cdi/jersey-cdi1x/2.27/jersey-cdi1x-2.27.jar:/home/user/.m2/repository/org/glassfish/jersey/inject/jersey-hk2/2.27/jersey-hk2-2.27.jar:/home/user/.m2/repository/org/glassfish/hk2/hk2-locator/2.5.0-b42/hk2-locator-2.5.0-b42.jar:/home/user/.m2/repository/org/javassist/javassist/3.22.0-CR2/javassist-3.22.0-CR2.jar:/home/user/.m2/repository/org/glassfish/hk2/hk2-api/2.5.0/hk2-api-2.5.0.jar:/home/user/.m2/repository/org/glassfish/hk2/external/jakarta.inject/2.5.0/jakarta.inject-2.5.0.jar:/home/user/.m2/repository/org/glassfish/hk2/hk2-utils/2.5.0/hk2-utils-2.5.0.jar:/home/user/.m2/repository/jakarta/annotation/jakarta.annotation-api/1.3.4/jakarta.annotation-api-1.3.4.jar:/home/user/.m2/repository/org/glassfish/hk2/external/aopalliance-repackaged/2.5.0/aopalliance-repackaged-2.5.0.jar:/home/user/.m2/repository/com/fasterxml/jackson/dataformat/jackson-dataformat-xml/2.9.0/jackson-dataformat-xml-2.9.0.jar:/home/user/.m2/repository/com/fasterxml/jackson/core/jackson-core/2.9.5/jackson-core-2.9.5.jar:/home/user/.m2/repository/com/fasterxml/jackson/module/jackson-module-jaxb-annotations/2.9.5/jackson-module-jaxb-annotations-2.9.5.jar:/home/user/.m2/repository/javax/enterprise/cdi-api/1.2/cdi-api-1.2.jar:/home/user/.m2/repository/javax/el/javax.el-api/3.0.0/javax.el-api-3.0.0.jar:/home/user/.m2/repository/javax/interceptor/javax.interceptor-api/1.2/javax.interceptor-api-1.2.jar:/home/user/.m2/repository/javax/inject/javax.inject/1/javax.inject-1.jar:/home/user/.m2/repository/com/sun/xml/bind/jaxb-impl/2.3.0.1/jaxb-impl-2.3.0.1.jar:/home/user/.m2/repository/com/sun/xml/bind/jaxb-core/2.3.0.1/jaxb-core-2.3.0.1.jar:/home/user/.m2/repository/javax/xml/bind/jaxb-api/2.3.0/jaxb-api-2.3.0.jar:/home/user/.m2/repository/javax/activation/activation/1.1.1/activation-1.1.1.jar:/home/user/.m2/repository/org/apache/hadoop/hadoop-ozone-csi/0.5.0-SNAPSHOT/hadoop-ozone-csi-0.5.0-SNAPSHOT.jar:/home/user/.m2/repository/com/google/protobuf/protobuf-java-util/3.5.1/protobuf-java-util-3.5.1.jar:/home/user/.m2/repository/org/apache/hadoop/hadoop-hdds-config/0.5.0-SNAPSHOT/hadoop-hdds-config-0.5.0-SNAPSHOT.jar:/home/user/.m2/repository/io/grpc/grpc-netty/1.17.1/grpc-netty-1.17.1.jar:/home/user/.m2/repository/io/grpc/grpc-core/1.17.1/grpc-core-1.17.1.jar:/home/user/.m2/repository/io/grpc/grpc-context/1.17.1/grpc-context-1.17.1.jar:/home/user/.m2/repository/com/google/errorprone/error_prone_annotations/2.2.0/error_prone_annotations-2.2.0.jar:/home/user/.m2/repository/org/codehaus/mojo/animal-sniffer-annotations/1.17/animal-sniffer-annotations-1.17.jar:/home/user/.m2/repository/io/opencensus/opencensus-api/0.17.0/opencensus-api-0.17.0.jar:/home/user/.m2/repository/io/opencensus/opencensus-contrib-grpc-metrics/0.17.0/opencensus-contrib-grpc-metrics-0.17.0.jar:/home/user/.m2/repository/io/netty/netty-codec-http2/4.1.30.Final/netty-codec-http2-4.1.30.Final.jar:/home/user/.m2/repository/io/netty/netty-codec-http/4.1.30.Final/netty-codec-http-4.1.30.Final.jar:/home/user/.m2/repository/io/netty/netty-codec/4.1.30.Final/netty-codec-4.1.30.Final.jar:/home/user/.m2/repository/io/netty/netty-handler/4.1.30.Final/netty-handler-4.1.30.Final.jar:/home/user/.m2/repository/io/netty/netty-handler-proxy/4.1.30.Final/netty-handler-proxy-4.1.30.Final.jar:/home/user/.m2/repository/io/netty/netty-codec-socks/4.1.30.Final/netty-codec-socks-4.1.30.Final.jar:/home/user/.m2/repository/io/netty/netty-transport-native-epoll/4.1.30.Final/netty-transport-native-epoll-4.1.30.Final.jar:/home/user/.m2/repository/io/netty/netty-common/4.1.30.Final/netty-common-4.1.30.Final.jar:/home/user/.m2/repository/io/netty/netty-buffer/4.1.30.Final/netty-buffer-4.1.30.Final.jar:/home/user/.m2/repository/io/netty/netty-transport/4.1.30.Final/netty-transport-4.1.30.Final.jar:/home/user/.m2/repository/io/netty/netty-resolver/4.1.30.Final/netty-resolver-4.1.30.Final.jar:/home/user/.m2/repository/io/netty/netty-transport-native-unix-common/4.1.30.Final/netty-transport-native-unix-common-4.1.30.Final.jar:/home/user/.m2/repository/io/grpc/grpc-protobuf/1.17.1/grpc-protobuf-1.17.1.jar:/home/user/.m2/repository/com/google/api/grpc/proto-google-common-protos/1.0.0/proto-google-common-protos-1.0.0.jar:/home/user/.m2/repository/io/grpc/grpc-protobuf-lite/1.17.1/grpc-protobuf-lite-1.17.1.jar:/home/user/.m2/repository/io/grpc/grpc-stub/1.17.1/grpc-stub-1.17.1.jar:/home/user/.m2/repository/org/apache/hadoop/hadoop-ozone-recon/0.5.0-SNAPSHOT/hadoop-ozone-recon-0.5.0-SNAPSHOT.jar:/home/user/.m2/repository/org/apache/hadoop/hadoop-ozone-reconcodegen/0.5.0-SNAPSHOT/hadoop-ozone-reconcodegen-0.5.0-SNAPSHOT.jar:/home/user/.m2/repository/com/google/inject/extensions/guice-multibindings/4.0/guice-multibindings-4.0.jar:/home/user/.m2/repository/com/google/inject/guice/4.0/guice-4.0.jar:/home/user/.m2/repository/aopalliance/aopalliance/1.0/aopalliance-1.0.jar:/home/user/.m2/repository/com/google/inject/extensions/guice-servlet/4.0/guice-servlet-4.0.jar:/home/user/.m2/repository/org/glassfish/jersey/containers/jersey-container-servlet/2.27/jersey-container-servlet-2.27.jar:/home/user/.m2/repository/org/glassfish/hk2/guice-bridge/2.5.0/guice-bridge-2.5.0.jar:/home/user/.m2/repository/org/glassfish/jersey/core/jersey-server/2.27/jersey-server-2.27.jar:/home/user/.m2/repository/org/glassfish/jersey/core/jersey-client/2.27/jersey-client-2.27.jar:/home/user/.m2/repository/org/glassfish/jersey/media/jersey-media-jaxb/2.27/jersey-media-jaxb-2.27.jar:/home/user/.m2/repository/javax/validation/validation-api/1.1.0.Final/validation-api-1.1.0.Final.jar:/home/user/.m2/repository/org/glassfish/jersey/media/jersey-media-json-jackson/2.27/jersey-media-json-jackson-2.27.jar:/home/user/.m2/repository/org/glassfish/jersey/ext/jersey-entity-filtering/2.27/jersey-entity-filtering-2.27.jar:/home/user/.m2/repository/com/google/inject/extensions/guice-assistedinject/4.0/guice-assistedinject-4.0.jar:/home/user/.m2/repository/org/jooq/jooq/3.11.10/jooq-3.11.10.jar:/home/user/.m2/repository/org/jooq/jooq-meta/3.11.10/jooq-meta-3.11.10.jar:/home/user/.m2/repository/org/jooq/jooq-codegen/3.11.10/jooq-codegen-3.11.10.jar:/home/user/.m2/repository/com/jolbox/bonecp/0.8.0.RELEASE/bonecp-0.8.0.RELEASE.jar:/home/user/.m2/repository/org/xerial/sqlite-jdbc/3.25.2/sqlite-jdbc-3.25.2.jar:/home/user/.m2/repository/org/springframework/spring-jdbc/5.1.3.RELEASE/spring-jdbc-5.1.3.RELEASE.jar:/home/user/.m2/repository/org/springframework/spring-beans/5.1.3.RELEASE/spring-beans-5.1.3.RELEASE.jar:/home/user/.m2/repository/org/springframework/spring-core/5.1.3.RELEASE/spring-core-5.1.3.RELEASE.jar:/home/user/.m2/repository/org/springframework/spring-jcl/5.1.3.RELEASE/spring-jcl-5.1.3.RELEASE.jar:/home/user/.m2/repository/org/springframework/spring-tx/5.1.3.RELEASE/spring-tx-5.1.3.RELEASE.jar:/home/user/.m2/repository/org/apache/hadoop/hadoop-ozone-client/0.5.0-SNAPSHOT/hadoop-ozone-client-0.5.0-SNAPSHOT.jar:/home/user/.m2/repository/commons-lang/commons-lang/2.6/commons-lang-2.6.jar:/home/user/.m2/repository/org/apache/hadoop/hadoop-ozone-ozone-manager/0.5.0-SNAPSHOT/hadoop-ozone-ozone-manager-0.5.0-SNAPSHOT-tests.jar:/home/user/.m2/repository/junit/junit/4.11/junit-4.11.jar:/home/user/.m2/repository/org/hamcrest/hamcrest-core/1.3/hamcrest-core-1.3.jar:/home/user/.m2/repository/org/openjdk/jmh/jmh-core/1.19/jmh-core-1.19.jar:/home/user/.m2/repository/net/sf/jopt-simple/jopt-simple/4.6/jopt-simple-4.6.jar:/home/user/.m2/repository/org/apache/commons/commons-math3/3.1.1/commons-math3-3.1.1.jar:/home/user/.m2/repository/org/openjdk/jmh/jmh-generator-annprocess/1.19/jmh-generator-annprocess-1.19.jar:/home/user/.m2/repository/org/mockito/mockito-all/1.8.5/mockito-all-1.8.5.jar:/home/user/.m2/repository/org/apache/hadoop/hadoop-kms/3.2.0/hadoop-kms-3.2.0.jar:/home/user/.m2/repository/org/apache/hadoop/hadoop-auth/3.2.0/hadoop-auth-3.2.0.jar:/home/user/.m2/repository/com/nimbusds/nimbus-jose-jwt/4.41.1/nimbus-jose-jwt-4.41.1.jar:/home/user/.m2/repository/com/github/stephenc/jcip/jcip-annotations/1.0-1/jcip-annotations-1.0-1.jar:/home/user/.m2/repository/net/minidev/json-smart/2.3/json-smart-2.3.jar:/home/user/.m2/repository/net/minidev/accessors-smart/1.2/accessors-smart-1.2.jar:/home/user/.m2/repository/org/ow2/asm/asm/5.0.4/asm-5.0.4.jar:/home/user/.m2/repository/org/apache/curator/curator-framework/2.12.0/curator-framework-2.12.0.jar:/home/user/.m2/repository/com/sun/jersey/jersey-core/1.19/jersey-core-1.19.jar:/home/user/.m2/repository/javax/ws/rs/jsr311-api/1.1.1/jsr311-api-1.1.1.jar:/home/user/.m2/repository/com/sun/jersey/jersey-server/1.19/jersey-server-1.19.jar:/home/user/.m2/repository/javax/servlet/javax.servlet-api/3.1.0/javax.servlet-api-3.1.0.jar:/home/user/.m2/repository/org/eclipse/jetty/jetty-server/9.3.24.v20180605/jetty-server-9.3.24.v20180605.jar:/home/user/.m2/repository/org/eclipse/jetty/jetty-http/9.3.24.v20180605/jetty-http-9.3.24.v20180605.jar:/home/user/.m2/repository/org/eclipse/jetty/jetty-io/9.3.24.v20180605/jetty-io-9.3.24.v20180605.jar:/home/user/.m2/repository/org/eclipse/jetty/jetty-webapp/9.3.24.v20180605/jetty-webapp-9.3.24.v20180605.jar:/home/user/.m2/repository/org/eclipse/jetty/jetty-xml/9.3.24.v20180605/jetty-xml-9.3.24.v20180605.jar:/home/user/.m2/repository/log4j/log4j/1.2.17/log4j-1.2.17.jar:/home/user/.m2/repository/org/slf4j/slf4j-api/1.7.25/slf4j-api-1.7.25.jar:/home/user/.m2/repository/org/slf4j/jul-to-slf4j/1.7.25/jul-to-slf4j-1.7.25.jar:/home/user/.m2/repository/org/eclipse/jetty/jetty-util/9.3.24.v20180605/jetty-util-9.3.24.v20180605.jar:/home/user/.m2/repository/com/fasterxml/jackson/core/jackson-databind/2.9.5/jackson-databind-2.9.5.jar:/home/user/.m2/repository/org/apache/hadoop/hadoop-kms/3.2.0/hadoop-kms-3.2.0-tests.jar:/home/user/.m2/repository/org/apache/hadoop/hadoop-hdds-server-scm/0.5.0-SNAPSHOT/hadoop-hdds-server-scm-0.5.0-SNAPSHOT-tests.jar:/home/user/.m2/repository/org/apache/hadoop/hadoop-hdds-container-service/0.5.0-SNAPSHOT/hadoop-hdds-container-service-0.5.0-SNAPSHOT-tests.jar:/home/user/.m2/repository/org/yaml/snakeyaml/1.16/snakeyaml-1.16.jar:/home/user/.m2/repository/org/apache/hadoop/hadoop-common/3.2.0/hadoop-common-3.2.0-tests.jar:/home/user/.m2/repository/org/apache/hadoop/hadoop-annotations/3.2.0/hadoop-annotations-3.2.0.jar:/usr/lib/jvm/java-1.8-openjdk/jre/../lib/tools.jar:/home/user/.m2/repository/commons-cli/commons-cli/1.2/commons-cli-1.2.jar:/home/user/.m2/repository/org/apache/httpcomponents/httpclient/4.5.2/httpclient-4.5.2.jar:/home/user/.m2/repository/org/apache/httpcomponents/httpcore/4.4.4/httpcore-4.4.4.jar:/home/user/.m2/repository/commons-codec/commons-codec/1.11/commons-codec-1.11.jar:/home/user/.m2/repository/commons-net/commons-net/3.6/commons-net-3.6.jar:/home/user/.m2/repository/commons-collections/commons-collections/3.2.2/commons-collections-3.2.2.jar:/home/user/.m2/repository/org/eclipse/jetty/jetty-servlet/9.3.24.v20180605/jetty-servlet-9.3.24.v20180605.jar:/home/user/.m2/repository/org/eclipse/jetty/jetty-security/9.3.24.v20180605/jetty-security-9.3.24.v20180605.jar:/home/user/.m2/repository/javax/servlet/jsp/jsp-api/2.1/jsp-api-2.1.jar:/home/user/.m2/repository/com/sun/jersey/jersey-servlet/1.19/jersey-servlet-1.19.jar:/home/user/.m2/repository/com/sun/jersey/jersey-json/1.19/jersey-json-1.19.jar:/home/user/.m2/repository/org/codehaus/jettison/jettison/1.1/jettison-1.1.jar:/home/user/.m2/repository/org/codehaus/jackson/jackson-core-asl/1.9.13/jackson-core-asl-1.9.13.jar:/home/user/.m2/repository/org/codehaus/jackson/jackson-mapper-asl/1.9.13/jackson-mapper-asl-1.9.13.jar:/home/user/.m2/repository/org/codehaus/jackson/jackson-jaxrs/1.9.13/jackson-jaxrs-1.9.13.jar:/home/user/.m2/repository/org/codehaus/jackson/jackson-xc/1.9.13/jackson-xc-1.9.13.jar:/home/user/.m2/repository/commons-logging/commons-logging/1.1.3/commons-logging-1.1.3.jar:/home/user/.m2/repository/commons-beanutils/commons-beanutils/1.9.3/commons-beanutils-1.9.3.jar:/home/user/.m2/repository/org/apache/commons/commons-configuration2/2.1.1/commons-configuration2-2.1.1.jar:/home/user/.m2/repository/org/apache/commons/commons-lang3/3.7/commons-lang3-3.7.jar:/home/user/.m2/repository/org/apache/commons/commons-text/1.4/commons-text-1.4.jar:/home/user/.m2/repository/org/apache/avro/avro/1.7.7/avro-1.7.7.jar:/home/user/.m2/repository/com/thoughtworks/paranamer/paranamer/2.3/paranamer-2.3.jar:/home/user/.m2/repository/org/xerial/snappy/snappy-java/1.0.5/snappy-java-1.0.5.jar:/home/user/.m2/repository/com/google/re2j/re2j/1.1/re2j-1.1.jar:/home/user/.m2/repository/com/google/code/gson/gson/2.2.4/gson-2.2.4.jar:/home/user/.m2/repository/com/jcraft/jsch/0.1.54/jsch-0.1.54.jar:/home/user/.m2/repository/org/apache/curator/curator-client/2.12.0/curator-client-2.12.0.jar:/home/user/.m2/repository/org/apache/curator/curator-recipes/2.12.0/curator-recipes-2.12.0.jar:/home/user/.m2/repository/com/google/code/findbugs/jsr305/3.0.0/jsr305-3.0.0.jar:/home/user/.m2/repository/org/apache/htrace/htrace-core4/4.1.0-incubating/htrace-core4-4.1.0-incubating.jar:/home/user/.m2/repository/org/apache/zookeeper/zookeeper/3.4.13/zookeeper-3.4.13.jar:/home/user/.m2/repository/org/apache/yetus/audience-annotations/0.5.0/audience-annotations-0.5.0.jar:/home/user/.m2/repository/org/codehaus/woodstox/stax2-api/3.1.4/stax2-api-3.1.4.jar:/home/user/.m2/repository/com/fasterxml/woodstox/woodstox-core/5.0.3/woodstox-core-5.0.3.jar:/home/user/.m2/repository/dnsjava/dnsjava/2.1.7/dnsjava-2.1.7.jar:/home/user/.m2/repository/org/apache/hadoop/hadoop-hdfs/3.2.0/hadoop-hdfs-3.2.0-tests.jar:/home/user/.m2/repository/org/eclipse/jetty/jetty-util-ajax/9.3.24.v20180605/jetty-util-ajax-9.3.24.v20180605.jar:/home/user/.m2/repository/commons-daemon/commons-daemon/1.0.13/commons-daemon-1.0.13.jar:/home/user/.m2/repository/io/netty/netty/3.10.5.Final/netty-3.10.5.Final.jar:/home/user/.m2/repository/io/netty/netty-all/4.0.52.Final/netty-all-4.0.52.Final.jar:/home/user/.m2/repository/org/fusesource/leveldbjni/leveldbjni-all/1.8/leveldbjni-all-1.8.jar:"/>
    <property name="sun.cpu.endian" value="little"/>
    <property name="user.home" value="/home/user"/>
    <property name="user.language" value="en"/>
    <property name="java.specification.vendor" value="Oracle Corporation"/>
    <property name="java.home" value="/usr/lib/jvm/java-1.8-openjdk/jre"/>
    <property name="java.security.krb5.conf" value="/workdir/hadoop-ozone/integration-test/target/test-classes/krb5.conf"/>
    <property name="basedir" value="/workdir/hadoop-ozone/integration-test"/>
    <property name="file.separator" value="/"/>
    <property name="line.separator" value="&#10;"/>
    <property name="java.vm.specification.vendor" value="Oracle Corporation"/>
    <property name="java.specification.name" value="Java Platform API Specification"/>
    <property name="java.awt.graphicsenv" value="sun.awt.X11GraphicsEnvironment"/>
    <property name="surefire.real.class.path" value="/workdir/hadoop-ozone/integration-test/target/surefire/surefirebooter2530851191370435763.jar"/>
    <property name="hadoop.log.dir" value="/workdir/hadoop-ozone/integration-test/target/log"/>
    <property name="sun.boot.class.path" value="/usr/lib/jvm/java-1.8-openjdk/jre/lib/resources.jar:/usr/lib/jvm/java-1.8-openjdk/jre/lib/rt.jar:/usr/lib/jvm/java-1.8-openjdk/jre/lib/sunrsasign.jar:/usr/lib/jvm/java-1.8-openjdk/jre/lib/jsse.jar:/usr/lib/jvm/java-1.8-openjdk/jre/lib/jce.jar:/usr/lib/jvm/java-1.8-openjdk/jre/lib/charsets.jar:/usr/lib/jvm/java-1.8-openjdk/jre/lib/jfr.jar:/usr/lib/jvm/java-1.8-openjdk/jre/classes"/>
    <property name="sun.management.compiler" value="HotSpot 64-Bit Tiered Compilers"/>
    <property name="java.runtime.version" value="1.8.0_212-b04"/>
    <property name="java.net.preferIPv4Stack" value="true"/>
    <property name="user.name" value="jenkins1000"/>
    <property name="path.separator" value=":"/>
    <property name="java.security.egd" value="file:///dev/urandom"/>
    <property name="os.version" value="3.10.0-957.12.2.el7.x86_64"/>
    <property name="java.endorsed.dirs" value="/usr/lib/jvm/java-1.8-openjdk/jre/lib/endorsed"/>
    <property name="java.runtime.name" value="OpenJDK Runtime Environment"/>
    <property name="file.encoding" value="UTF-8"/>
    <property name="java.vm.name" value="OpenJDK 64-Bit Server VM"/>
    <property name="test.build.webapps" value=""/>
    <property name="localRepository" value="/home/user/.m2/repository"/>
    <property name="java.vendor.url.bug" value="https://icedtea.classpath.org/bugzilla"/>
    <property name="java.io.tmpdir" value="/tmp"/>
    <property name="require.test.libhadoop" value=""/>
    <property name="java.version" value="1.8.0_212"/>
    <property name="user.dir" value="/workdir/hadoop-ozone/integration-test"/>
    <property name="os.arch" value="amd64"/>
    <property name="java.vm.specification.name" value="Java Virtual Machine Specification"/>
    <property name="test.build.classes" value="/workdir/hadoop-ozone/integration-test/target/test-classes"/>
    <property name="java.awt.printerjob" value="sun.print.PSPrinterJob"/>
    <property name="sun.os.patch.level" value="unknown"/>
    <property name="hadoop.tmp.dir" value="/workdir/hadoop-ozone/integration-test/target/tmp"/>
    <property name="java.library.path" value="/usr/lib/jvm/java-1.8-openjdk/jre/lib/amd64/server:/usr/lib/jvm/java-1.8-openjdk/jre/lib/amd64:/usr/lib/jvm/java-1.8-openjdk/jre/../lib/amd64:/workdir/hadoop-ozone/integration-test/target/native/target/usr/local/lib:/workdir/hadoop-ozone/integration-test/../../hadoop-common-project/hadoop-common/target/native/target/usr/local/lib:/usr/java/packages/lib/amd64:/usr/lib64:/lib64:/lib:/usr/lib"/>
    <property name="java.vm.info" value="mixed mode"/>
    <property name="java.vendor" value="IcedTea"/>
    <property name="java.vm.version" value="25.212-b04"/>
    <property name="java.ext.dirs" value="/usr/lib/jvm/java-1.8-openjdk/jre/lib/ext:/usr/java/packages/lib/ext"/>
    <property name="sun.io.unicode.encoding" value="UnicodeLittle"/>
    <property name="java.class.version" value="52.0"/>
  </properties>
  <testcase name="testWatchForCommitWithKeyWrite" classname="org.apache.hadoop.ozone.client.rpc.TestWatchForCommit" time="66.442"/>
  <testcase name="testWatchForCommitWithSmallerTimeoutValue" classname="org.apache.hadoop.ozone.client.rpc.TestWatchForCommit" time="27.449">
    <error message="org.apache.ratis.protocol.RaftRetryFailureException: Failed RaftClientRequest:client-C142C21B4060-&gt;b5bdbdbe-3957-4959-8415-114602cdfdb2@group-45E74EDCEBD9, cid=50, seq=1*, RW, org.apache.hadoop.hdds.scm.XceiverClientRatis$$Lambda$381/1948689480@745a30ef for 20 attempts with RetryLimited(maxAttempts=20, sleepTime=1000ms)" type="java.util.concurrent.ExecutionException">java.util.concurrent.ExecutionException: org.apache.ratis.protocol.RaftRetryFailureException: Failed RaftClientRequest:client-C142C21B4060->b5bdbdbe-3957-4959-8415-114602cdfdb2@group-45E74EDCEBD9, cid=50, seq=1*, RW, org.apache.hadoop.hdds.scm.XceiverClientRatis$$Lambda$381/1948689480@745a30ef for 20 attempts with RetryLimited(maxAttempts=20, sleepTime=1000ms)
	at java.util.concurrent.CompletableFuture.reportGet(CompletableFuture.java:357)
	at java.util.concurrent.CompletableFuture.get(CompletableFuture.java:1895)
	at org.apache.hadoop.ozone.client.rpc.TestWatchForCommit.testWatchForCommitWithSmallerTimeoutValue(TestWatchForCommit.java:293)
	at sun.reflect.NativeMethodAccessorImpl.invoke0(Native Method)
	at sun.reflect.NativeMethodAccessorImpl.invoke(NativeMethodAccessorImpl.java:62)
	at sun.reflect.DelegatingMethodAccessorImpl.invoke(DelegatingMethodAccessorImpl.java:43)
	at java.lang.reflect.Method.invoke(Method.java:498)
	at org.junit.runners.model.FrameworkMethod$1.runReflectiveCall(FrameworkMethod.java:47)
	at org.junit.internal.runners.model.ReflectiveCallable.run(ReflectiveCallable.java:12)
	at org.junit.runners.model.FrameworkMethod.invokeExplosively(FrameworkMethod.java:44)
	at org.junit.internal.runners.statements.InvokeMethod.evaluate(InvokeMethod.java:17)
	at org.junit.runners.ParentRunner.runLeaf(ParentRunner.java:271)
	at org.junit.runners.BlockJUnit4ClassRunner.runChild(BlockJUnit4ClassRunner.java:70)
	at org.junit.runners.BlockJUnit4ClassRunner.runChild(BlockJUnit4ClassRunner.java:50)
	at org.junit.runners.ParentRunner$3.run(ParentRunner.java:238)
	at org.junit.runners.ParentRunner$1.schedule(ParentRunner.java:63)
	at org.junit.runners.ParentRunner.runChildren(ParentRunner.java:236)
	at org.junit.runners.ParentRunner.access$000(ParentRunner.java:53)
	at org.junit.runners.ParentRunner$2.evaluate(ParentRunner.java:229)
	at org.junit.runners.ParentRunner.run(ParentRunner.java:309)
	at org.apache.maven.surefire.junit4.JUnit4Provider.execute(JUnit4Provider.java:365)
	at org.apache.maven.surefire.junit4.JUnit4Provider.executeWithRerun(JUnit4Provider.java:273)
	at org.apache.maven.surefire.junit4.JUnit4Provider.executeTestSet(JUnit4Provider.java:238)
	at org.apache.maven.surefire.junit4.JUnit4Provider.invoke(JUnit4Provider.java:159)
	at org.apache.maven.surefire.booter.ForkedBooter.invokeProviderInSameClassLoader(ForkedBooter.java:384)
	at org.apache.maven.surefire.booter.ForkedBooter.runSuitesInProcess(ForkedBooter.java:345)
	at org.apache.maven.surefire.booter.ForkedBooter.execute(ForkedBooter.java:126)
	at org.apache.maven.surefire.booter.ForkedBooter.main(ForkedBooter.java:418)
Caused by: org.apache.ratis.protocol.RaftRetryFailureException: Failed RaftClientRequest:client-C142C21B4060->b5bdbdbe-3957-4959-8415-114602cdfdb2@group-45E74EDCEBD9, cid=50, seq=1*, RW, org.apache.hadoop.hdds.scm.XceiverClientRatis$$Lambda$381/1948689480@745a30ef for 20 attempts with RetryLimited(maxAttempts=20, sleepTime=1000ms)
	at org.apache.ratis.client.impl.RaftClientImpl.noMoreRetries(RaftClientImpl.java:272)
	at org.apache.ratis.client.impl.OrderedAsync.handleAsyncRetryFailure(OrderedAsync.java:138)
	at org.apache.ratis.client.impl.OrderedAsync.lambda$sendRequest$10(OrderedAsync.java:230)
	at java.util.concurrent.CompletableFuture.uniExceptionally(CompletableFuture.java:870)
	at java.util.concurrent.CompletableFuture$UniExceptionally.tryFire(CompletableFuture.java:852)
	at java.util.concurrent.CompletableFuture.postComplete(CompletableFuture.java:474)
	at java.util.concurrent.CompletableFuture.completeExceptionally(CompletableFuture.java:1977)
	at org.apache.ratis.grpc.client.GrpcClientProtocolClient$AsyncStreamObservers.completeReplyExceptionally(GrpcClientProtocolClient.java:330)
	at org.apache.ratis.grpc.client.GrpcClientProtocolClient$AsyncStreamObservers.access$000(GrpcClientProtocolClient.java:246)
	at org.apache.ratis.grpc.client.GrpcClientProtocolClient$AsyncStreamObservers$1.onNext(GrpcClientProtocolClient.java:258)
	at org.apache.ratis.grpc.client.GrpcClientProtocolClient$AsyncStreamObservers$1.onNext(GrpcClientProtocolClient.java:249)
	at org.apache.ratis.thirdparty.io.grpc.stub.ClientCalls$StreamObserverToCallListenerAdapter.onMessage(ClientCalls.java:421)
	at org.apache.ratis.thirdparty.io.grpc.ForwardingClientCallListener.onMessage(ForwardingClientCallListener.java:33)
	at org.apache.ratis.thirdparty.io.grpc.ForwardingClientCallListener.onMessage(ForwardingClientCallListener.java:33)
	at org.apache.ratis.thirdparty.io.grpc.internal.ClientCallImpl$ClientStreamListenerImpl$1MessagesAvailable.runInContext(ClientCallImpl.java:519)
	at org.apache.ratis.thirdparty.io.grpc.internal.ContextRunnable.run(ContextRunnable.java:37)
	at org.apache.ratis.thirdparty.io.grpc.internal.SerializingExecutor.run(SerializingExecutor.java:123)
	at java.util.concurrent.ThreadPoolExecutor.runWorker(ThreadPoolExecutor.java:1149)
	at java.util.concurrent.ThreadPoolExecutor$Worker.run(ThreadPoolExecutor.java:624)
	at java.lang.Thread.run(Thread.java:748)
Caused by: org.apache.ratis.protocol.NotLeaderException: Server b5bdbdbe-3957-4959-8415-114602cdfdb2 is not the leader (null). Request must be sent to leader.
	at org.apache.ratis.client.impl.ClientProtoUtils.toRaftClientReply(ClientProtoUtils.java:242)
	at org.apache.ratis.grpc.client.GrpcClientProtocolClient$AsyncStreamObservers$1.onNext(GrpcClientProtocolClient.java:254)
	... 10 more
</error>
    <system-out><![CDATA[2019-09-10 21:35:59,894 [main] WARN  server.ServerUtils (ServerUtils.java:getScmDbDir(145)) - ozone.scm.db.dirs is not configured. We recommend adding this setting. Falling back to ozone.metadata.dirs instead.
2019-09-10 21:35:59,947 [main] WARN  server.ServerUtils (ServerUtils.java:getScmDbDir(145)) - ozone.scm.db.dirs is not configured. We recommend adding this setting. Falling back to ozone.metadata.dirs instead.
2019-09-10 21:35:59,947 [main] WARN  server.ServerUtils (ServerUtils.java:getScmDbDir(145)) - ozone.scm.db.dirs is not configured. We recommend adding this setting. Falling back to ozone.metadata.dirs instead.
2019-09-10 21:35:59,948 [main] INFO  db.DBStoreBuilder (DBStoreBuilder.java:addTable(110)) - using custom profile for table: deletedBlocks
2019-09-10 21:35:59,948 [main] INFO  db.DBStoreBuilder (DBStoreBuilder.java:processTables(161)) - Using default column profile:DBProfile.DISK for Table:deletedBlocks
2019-09-10 21:35:59,949 [main] INFO  db.DBStoreBuilder (DBStoreBuilder.java:addTable(110)) - using custom profile for table: validCerts
2019-09-10 21:35:59,949 [main] INFO  db.DBStoreBuilder (DBStoreBuilder.java:processTables(161)) - Using default column profile:DBProfile.DISK for Table:validCerts
2019-09-10 21:35:59,949 [main] INFO  db.DBStoreBuilder (DBStoreBuilder.java:addTable(110)) - using custom profile for table: revokedCerts
2019-09-10 21:35:59,950 [main] INFO  db.DBStoreBuilder (DBStoreBuilder.java:processTables(161)) - Using default column profile:DBProfile.DISK for Table:revokedCerts
2019-09-10 21:35:59,950 [main] INFO  db.DBStoreBuilder (DBStoreBuilder.java:addTable(110)) - using custom profile for table: default
2019-09-10 21:35:59,950 [main] INFO  db.DBStoreBuilder (DBStoreBuilder.java:processTables(167)) - Using default column profile:DBProfile.DISK for Table:default
2019-09-10 21:35:59,950 [main] INFO  db.DBStoreBuilder (DBStoreBuilder.java:getDbProfile(198)) - Using default options. DBProfile.DISK
2019-09-10 21:36:00,338 [main] INFO  net.NodeSchemaLoader (NodeSchemaLoader.java:loadSchemaFromFile(125)) - Loading file from sun.misc.CompoundEnumeration@1a8b81e8
2019-09-10 21:36:00,338 [main] INFO  net.NodeSchemaLoader (NodeSchemaLoader.java:loadSchema(171)) - Loading network topology layer schema file
2019-09-10 21:36:00,345 [main] WARN  server.ServerUtils (ServerUtils.java:sanitizeUserArgs(70)) - ozone.scm.stale.node.interval value = 300000 is larger than max = 100000 based on the key value of ozone.scm.heartbeat.thread.interval, reset to the max value 100000.
2019-09-10 21:36:00,346 [main] WARN  server.ServerUtils (ServerUtils.java:sanitizeUserArgs(70)) - ozone.scm.stale.node.interval value = 300000 is larger than max = 100000 based on the key value of ozone.scm.heartbeat.thread.interval, reset to the max value 100000.
2019-09-10 21:36:00,346 [main] INFO  node.SCMNodeManager (SCMNodeManager.java:<init>(114)) - Entering startup safe mode.
2019-09-10 21:36:00,347 [main] INFO  algorithms.ContainerPlacementPolicyFactory (ContainerPlacementPolicyFactory.java:getPolicy(55)) - Create container placement policy of type org.apache.hadoop.hdds.scm.container.placement.algorithms.SCMContainerPlacementRandom
2019-09-10 21:36:00,348 [main] WARN  server.ServerUtils (ServerUtils.java:getScmDbDir(145)) - ozone.scm.db.dirs is not configured. We recommend adding this setting. Falling back to ozone.metadata.dirs instead.
2019-09-10 21:36:00,507 [main] INFO  pipeline.SCMPipelineManager (SCMPipelineManager.java:initializePipelineState(128)) - No pipeline exists in current db
2019-09-10 21:36:00,507 [main] WARN  server.ServerUtils (ServerUtils.java:getScmDbDir(145)) - ozone.scm.db.dirs is not configured. We recommend adding this setting. Falling back to ozone.metadata.dirs instead.
2019-09-10 21:36:00,649 [main] WARN  events.EventQueue (EventQueue.java:fireEvent(183)) - No event handler registered for event TypedEvent{payloadType=SafeModeStatus, name='SafeModeStatus'}
2019-09-10 21:36:00,651 [main] INFO  ipc.CallQueueManager (CallQueueManager.java:<init>(84)) - Using callQueue: class java.util.concurrent.LinkedBlockingQueue, queueCapacity: 2000, scheduler: class org.apache.hadoop.ipc.DefaultRpcScheduler, ipcBackoff: false.
2019-09-10 21:36:00,652 [Socket Reader #1 for port 38493] INFO  ipc.Server (Server.java:run(1074)) - Starting Socket Reader #1 for port 38493
2019-09-10 21:36:00,654 [main] INFO  ipc.CallQueueManager (CallQueueManager.java:<init>(84)) - Using callQueue: class java.util.concurrent.LinkedBlockingQueue, queueCapacity: 2000, scheduler: class org.apache.hadoop.ipc.DefaultRpcScheduler, ipcBackoff: false.
2019-09-10 21:36:00,655 [Socket Reader #1 for port 46643] INFO  ipc.Server (Server.java:run(1074)) - Starting Socket Reader #1 for port 46643
2019-09-10 21:36:00,657 [main] INFO  ipc.CallQueueManager (CallQueueManager.java:<init>(84)) - Using callQueue: class java.util.concurrent.LinkedBlockingQueue, queueCapacity: 2000, scheduler: class org.apache.hadoop.ipc.DefaultRpcScheduler, ipcBackoff: false.
2019-09-10 21:36:00,658 [Socket Reader #1 for port 40777] INFO  ipc.Server (Server.java:run(1074)) - Starting Socket Reader #1 for port 40777
2019-09-10 21:36:00,660 [main] INFO  hdfs.DFSUtil (DFSUtil.java:httpServerTemplateForNNAndJN(1641)) - Starting Web-server for scm at: http://0.0.0.0:0
2019-09-10 21:36:00,663 [main] INFO  server.AuthenticationFilter (AuthenticationFilter.java:constructSecretProvider(240)) - Unable to initialize FileSignerSecretProvider, falling back to use random secrets.
2019-09-10 21:36:00,664 [main] WARN  http.HttpRequestLog (HttpRequestLog.java:getRequestLog(97)) - Jetty request log can only be enabled using Log4j
2019-09-10 21:36:00,666 [main] INFO  http.HttpServer2 (HttpServer2.java:addGlobalFilter(975)) - Added global filter 'safety' (class=org.apache.hadoop.http.HttpServer2$QuotingInputFilter)
2019-09-10 21:36:00,667 [main] INFO  http.HttpServer2 (HttpServer2.java:addFilter(948)) - Added filter static_user_filter (class=org.apache.hadoop.http.lib.StaticUserWebFilter$StaticUserFilter) to context scm
2019-09-10 21:36:00,668 [main] INFO  http.HttpServer2 (HttpServer2.java:addFilter(958)) - Added filter static_user_filter (class=org.apache.hadoop.http.lib.StaticUserWebFilter$StaticUserFilter) to context logs
2019-09-10 21:36:00,668 [main] INFO  http.HttpServer2 (HttpServer2.java:addFilter(958)) - Added filter static_user_filter (class=org.apache.hadoop.http.lib.StaticUserWebFilter$StaticUserFilter) to context static
2019-09-10 21:36:00,671 [main] INFO  server.StorageContainerManager (StorageContainerManager.java:start(759)) - StorageContainerLocationProtocol RPC server is listening at /0.0.0.0:40777
2019-09-10 21:36:00,674 [main] WARN  impl.MetricsConfig (MetricsConfig.java:loadFirst(134)) - Cannot locate configuration: tried hadoop-metrics2-storagecontainermanager.properties,hadoop-metrics2.properties
2019-09-10 21:36:00,675 [main] INFO  impl.MetricsSystemImpl (MetricsSystemImpl.java:startTimer(374)) - Scheduled Metric snapshot period at 10 second(s).
2019-09-10 21:36:00,676 [main] INFO  impl.MetricsSystemImpl (MetricsSystemImpl.java:start(191)) - StorageContainerManager metrics system started
2019-09-10 21:36:00,706 [main] WARN  impl.MetricsSystemImpl (MetricsSystemImpl.java:register(276)) - Sink prometheus already exists!
2019-09-10 21:36:00,721 [main] INFO  server.SCMClientProtocolServer (SCMClientProtocolServer.java:start(151)) - RPC server for Client  is listening at /0.0.0.0:40777
2019-09-10 21:36:00,721 [IPC Server Responder] INFO  ipc.Server (Server.java:run(1314)) - IPC Server Responder: starting
2019-09-10 21:36:00,721 [IPC Server listener on 40777] INFO  ipc.Server (Server.java:run(1153)) - IPC Server listener on 40777: starting
2019-09-10 21:36:00,725 [main] INFO  server.StorageContainerManager (StorageContainerManager.java:start(769)) - ScmBlockLocationProtocol RPC server is listening at /0.0.0.0:46643
2019-09-10 21:36:00,726 [main] INFO  server.SCMBlockProtocolServer (SCMBlockProtocolServer.java:start(146)) - RPC server for Block Protocol is listening at /0.0.0.0:46643
2019-09-10 21:36:00,727 [IPC Server Responder] INFO  ipc.Server (Server.java:run(1314)) - IPC Server Responder: starting
2019-09-10 21:36:00,727 [IPC Server listener on 46643] INFO  ipc.Server (Server.java:run(1153)) - IPC Server listener on 46643: starting
2019-09-10 21:36:00,731 [main] INFO  server.StorageContainerManager (StorageContainerManager.java:start(773)) - ScmDatanodeProtocl RPC server is listening at /0.0.0.0:38493
2019-09-10 21:36:00,731 [main] INFO  server.SCMDatanodeProtocolServer (SCMDatanodeProtocolServer.java:start(191)) - RPC server for DataNodes is listening at /0.0.0.0:38493
2019-09-10 21:36:00,731 [IPC Server Responder] INFO  ipc.Server (Server.java:run(1314)) - IPC Server Responder: starting
2019-09-10 21:36:00,732 [IPC Server listener on 38493] INFO  ipc.Server (Server.java:run(1153)) - IPC Server listener on 38493: starting
2019-09-10 21:36:00,735 [main] INFO  http.HttpServer2 (HttpServer2.java:bindListener(1191)) - Jetty bound to port 39566
2019-09-10 21:36:00,735 [main] INFO  server.Server (Server.java:doStart(351)) - jetty-9.3.24.v20180605, build timestamp: 2018-06-05T17:11:56Z, git hash: 84205aa28f11a4f31f2a3b86d1bba2cc8ab69827
2019-09-10 21:36:00,737 [main] INFO  handler.ContextHandler (ContextHandler.java:doStart(781)) - Started o.e.j.s.ServletContextHandler@3811510{/logs,file:///workdir/hadoop-ozone/integration-test/target/log,AVAILABLE}
2019-09-10 21:36:00,738 [main] INFO  handler.ContextHandler (ContextHandler.java:doStart(781)) - Started o.e.j.s.ServletContextHandler@18539cb1{/static,file:///workdir/hadoop-ozone/integration-test/target/test-classes/webapps/static,AVAILABLE}
2019-09-10 21:36:00,744 [main] INFO  handler.ContextHandler (ContextHandler.java:doStart(781)) - Started o.e.j.w.WebAppContext@53e76c11{/,file:///workdir/hadoop-ozone/integration-test/target/test-classes/webapps/scm/,AVAILABLE}{/scm}
2019-09-10 21:36:00,746 [main] INFO  server.AbstractConnector (AbstractConnector.java:doStart(278)) - Started ServerConnector@42cc183e{HTTP/1.1,[http/1.1]}{0.0.0.0:39566}
2019-09-10 21:36:00,746 [main] INFO  server.Server (Server.java:doStart(419)) - Started @67686ms
2019-09-10 21:36:00,746 [main] WARN  impl.MetricsSystemImpl (MetricsSystemImpl.java:register(276)) - Sink prometheus already exists!
2019-09-10 21:36:00,747 [main] INFO  server.BaseHttpServer (BaseHttpServer.java:updateConnectorAddress(215)) - HTTP server of SCM is listening at http://0.0.0.0:39566
2019-09-10 21:36:00,748 [main] WARN  server.ServerUtils (ServerUtils.java:getDBPath(222)) - ozone.om.db.dirs is not configured. We recommend adding this setting. Falling back to ozone.metadata.dirs instead.
2019-09-10 21:36:00,748 [org.apache.hadoop.util.JvmPauseMonitor$Monitor@6a1d6ef2] INFO  util.JvmPauseMonitor (JvmPauseMonitor.java:run(188)) - Starting JVM pause monitor
2019-09-10 21:36:00,795 [main] WARN  server.ServerUtils (ServerUtils.java:getDBPath(222)) - ozone.om.db.dirs is not configured. We recommend adding this setting. Falling back to ozone.metadata.dirs instead.
2019-09-10 21:36:00,796 [main] WARN  server.ServerUtils (ServerUtils.java:getDBPath(222)) - ozone.om.db.dirs is not configured. We recommend adding this setting. Falling back to ozone.metadata.dirs instead.
2019-09-10 21:36:00,796 [main] INFO  om.OzoneManager (OzoneManager.java:setOMNodeDetails(649)) - OM Service ID is not set. Setting it to the default ID: omServiceIdDefault
2019-09-10 21:36:00,797 [main] INFO  om.OzoneManager (OzoneManager.java:setOMNodeDetails(655)) - OM Node ID is not set. Setting it to the OmStorage's OmID: ced131c1-a96b-4153-9630-a2e840f68dd4
2019-09-10 21:36:00,797 [main] INFO  om.OzoneManager (OzoneManager.java:loadOMHAConfigs(606)) - Found matching OM address with OMServiceId: null, OMNodeId: null, RPC Address: localhost:0 and Ratis port: 9872
2019-09-10 21:36:00,806 [main] WARN  server.ServerUtils (ServerUtils.java:getDBPath(222)) - ozone.om.db.dirs is not configured. We recommend adding this setting. Falling back to ozone.metadata.dirs instead.
2019-09-10 21:36:00,807 [main] INFO  db.DBStoreBuilder (DBStoreBuilder.java:addTable(110)) - using custom profile for table: userTable
2019-09-10 21:36:00,807 [main] INFO  db.DBStoreBuilder (DBStoreBuilder.java:processTables(161)) - Using default column profile:DBProfile.DISK for Table:userTable
2019-09-10 21:36:00,808 [main] INFO  db.DBStoreBuilder (DBStoreBuilder.java:addTable(110)) - using custom profile for table: volumeTable
2019-09-10 21:36:00,808 [main] INFO  db.DBStoreBuilder (DBStoreBuilder.java:processTables(161)) - Using default column profile:DBProfile.DISK for Table:volumeTable
2019-09-10 21:36:00,808 [main] INFO  db.DBStoreBuilder (DBStoreBuilder.java:addTable(110)) - using custom profile for table: bucketTable
2019-09-10 21:36:00,808 [main] INFO  db.DBStoreBuilder (DBStoreBuilder.java:processTables(161)) - Using default column profile:DBProfile.DISK for Table:bucketTable
2019-09-10 21:36:00,809 [main] INFO  db.DBStoreBuilder (DBStoreBuilder.java:addTable(110)) - using custom profile for table: keyTable
2019-09-10 21:36:00,809 [main] INFO  db.DBStoreBuilder (DBStoreBuilder.java:processTables(161)) - Using default column profile:DBProfile.DISK for Table:keyTable
2019-09-10 21:36:00,809 [main] INFO  db.DBStoreBuilder (DBStoreBuilder.java:addTable(110)) - using custom profile for table: deletedTable
2019-09-10 21:36:00,810 [main] INFO  db.DBStoreBuilder (DBStoreBuilder.java:processTables(161)) - Using default column profile:DBProfile.DISK for Table:deletedTable
2019-09-10 21:36:00,810 [main] INFO  db.DBStoreBuilder (DBStoreBuilder.java:addTable(110)) - using custom profile for table: openKeyTable
2019-09-10 21:36:00,810 [main] INFO  db.DBStoreBuilder (DBStoreBuilder.java:processTables(161)) - Using default column profile:DBProfile.DISK for Table:openKeyTable
2019-09-10 21:36:00,811 [main] INFO  db.DBStoreBuilder (DBStoreBuilder.java:addTable(110)) - using custom profile for table: s3Table
2019-09-10 21:36:00,811 [main] INFO  db.DBStoreBuilder (DBStoreBuilder.java:processTables(161)) - Using default column profile:DBProfile.DISK for Table:s3Table
2019-09-10 21:36:00,811 [main] INFO  db.DBStoreBuilder (DBStoreBuilder.java:addTable(110)) - using custom profile for table: multipartInfoTable
2019-09-10 21:36:00,811 [main] INFO  db.DBStoreBuilder (DBStoreBuilder.java:processTables(161)) - Using default column profile:DBProfile.DISK for Table:multipartInfoTable
2019-09-10 21:36:00,812 [main] INFO  db.DBStoreBuilder (DBStoreBuilder.java:addTable(110)) - using custom profile for table: dTokenTable
2019-09-10 21:36:00,812 [main] INFO  db.DBStoreBuilder (DBStoreBuilder.java:processTables(161)) - Using default column profile:DBProfile.DISK for Table:dTokenTable
2019-09-10 21:36:00,812 [main] INFO  db.DBStoreBuilder (DBStoreBuilder.java:addTable(110)) - using custom profile for table: s3SecretTable
2019-09-10 21:36:00,813 [main] INFO  db.DBStoreBuilder (DBStoreBuilder.java:processTables(161)) - Using default column profile:DBProfile.DISK for Table:s3SecretTable
2019-09-10 21:36:00,813 [main] INFO  db.DBStoreBuilder (DBStoreBuilder.java:addTable(110)) - using custom profile for table: prefixTable
2019-09-10 21:36:00,813 [main] INFO  db.DBStoreBuilder (DBStoreBuilder.java:processTables(161)) - Using default column profile:DBProfile.DISK for Table:prefixTable
2019-09-10 21:36:00,814 [main] INFO  db.DBStoreBuilder (DBStoreBuilder.java:addTable(110)) - using custom profile for table: default
2019-09-10 21:36:00,814 [main] INFO  db.DBStoreBuilder (DBStoreBuilder.java:processTables(167)) - Using default column profile:DBProfile.DISK for Table:default
2019-09-10 21:36:00,814 [main] INFO  db.DBStoreBuilder (DBStoreBuilder.java:getDbProfile(198)) - Using default options. DBProfile.DISK
2019-09-10 21:36:01,922 [main] INFO  ipc.CallQueueManager (CallQueueManager.java:<init>(84)) - Using callQueue: class java.util.concurrent.LinkedBlockingQueue, queueCapacity: 2000, scheduler: class org.apache.hadoop.ipc.DefaultRpcScheduler, ipcBackoff: false.
2019-09-10 21:36:01,923 [Socket Reader #1 for port 38535] INFO  ipc.Server (Server.java:run(1074)) - Starting Socket Reader #1 for port 38535
2019-09-10 21:36:01,935 [main] INFO  om.OzoneManager (OzoneManager.java:start(1240)) - OzoneManager RPC server is listening at localhost/127.0.0.1:38535
2019-09-10 21:36:01,936 [main] INFO  impl.MetricsSystemImpl (MetricsSystemImpl.java:init(158)) - OzoneManager metrics system started (again)
2019-09-10 21:36:01,936 [IPC Server Responder] INFO  ipc.Server (Server.java:run(1314)) - IPC Server Responder: starting
2019-09-10 21:36:01,936 [IPC Server listener on 38535] INFO  ipc.Server (Server.java:run(1153)) - IPC Server listener on 38535: starting
2019-09-10 21:36:01,942 [main] INFO  hdfs.DFSUtil (DFSUtil.java:httpServerTemplateForNNAndJN(1641)) - Starting Web-server for ozoneManager at: http://0.0.0.0:0
2019-09-10 21:36:01,944 [main] INFO  server.AuthenticationFilter (AuthenticationFilter.java:constructSecretProvider(240)) - Unable to initialize FileSignerSecretProvider, falling back to use random secrets.
2019-09-10 21:36:01,944 [main] WARN  http.HttpRequestLog (HttpRequestLog.java:getRequestLog(97)) - Jetty request log can only be enabled using Log4j
2019-09-10 21:36:01,947 [main] INFO  http.HttpServer2 (HttpServer2.java:addGlobalFilter(975)) - Added global filter 'safety' (class=org.apache.hadoop.http.HttpServer2$QuotingInputFilter)
2019-09-10 21:36:01,948 [main] INFO  http.HttpServer2 (HttpServer2.java:addFilter(948)) - Added filter static_user_filter (class=org.apache.hadoop.http.lib.StaticUserWebFilter$StaticUserFilter) to context ozoneManager
2019-09-10 21:36:01,948 [main] INFO  http.HttpServer2 (HttpServer2.java:addFilter(958)) - Added filter static_user_filter (class=org.apache.hadoop.http.lib.StaticUserWebFilter$StaticUserFilter) to context static
2019-09-10 21:36:01,948 [main] INFO  http.HttpServer2 (HttpServer2.java:addFilter(958)) - Added filter static_user_filter (class=org.apache.hadoop.http.lib.StaticUserWebFilter$StaticUserFilter) to context logs
2019-09-10 21:36:01,949 [main] INFO  http.HttpServer2 (HttpServer2.java:bindListener(1191)) - Jetty bound to port 38222
2019-09-10 21:36:01,949 [main] INFO  server.Server (Server.java:doStart(351)) - jetty-9.3.24.v20180605, build timestamp: 2018-06-05T17:11:56Z, git hash: 84205aa28f11a4f31f2a3b86d1bba2cc8ab69827
2019-09-10 21:36:01,951 [main] INFO  handler.ContextHandler (ContextHandler.java:doStart(781)) - Started o.e.j.s.ServletContextHandler@5d7399f9{/logs,file:///workdir/hadoop-ozone/integration-test/target/log,AVAILABLE}
2019-09-10 21:36:01,952 [main] INFO  handler.ContextHandler (ContextHandler.java:doStart(781)) - Started o.e.j.s.ServletContextHandler@14fded9d{/static,file:///workdir/hadoop-ozone/integration-test/target/test-classes/webapps/static,AVAILABLE}
2019-09-10 21:36:01,958 [main] INFO  handler.ContextHandler (ContextHandler.java:doStart(781)) - Started o.e.j.w.WebAppContext@73c3cd09{/,file:///workdir/hadoop-ozone/integration-test/target/test-classes/webapps/ozoneManager/,AVAILABLE}{/ozoneManager}
2019-09-10 21:36:01,959 [main] INFO  server.AbstractConnector (AbstractConnector.java:doStart(278)) - Started ServerConnector@4a8a0099{HTTP/1.1,[http/1.1]}{0.0.0.0:38222}
2019-09-10 21:36:01,959 [main] INFO  server.Server (Server.java:doStart(419)) - Started @68899ms
2019-09-10 21:36:01,959 [main] WARN  impl.MetricsSystemImpl (MetricsSystemImpl.java:register(276)) - Sink prometheus already exists!
2019-09-10 21:36:01,961 [main] INFO  server.BaseHttpServer (BaseHttpServer.java:updateConnectorAddress(215)) - HTTP server of OZONEMANAGER is listening at http://0.0.0.0:38222
2019-09-10 21:36:01,984 [main] INFO  impl.MetricsSystemImpl (MetricsSystemImpl.java:init(158)) - HddsDatanode metrics system started (again)
2019-09-10 21:36:01,987 [main] INFO  ozone.HddsDatanodeService (HddsDatanodeService.java:start(184)) - HddsDatanodeService host:pr-hdds-2007-qhgzt-2180668592 ip:192.168.69.94
2019-09-10 21:36:01,998 [main] INFO  volume.HddsVolume (HddsVolume.java:<init>(176)) - Creating Volume: /workdir/hadoop-ozone/integration-test/target/test-dir/MiniOzoneClusterImpl-da88efb8-9777-4db9-a0a6-522e36c2187a/datanode-0/data/containers/hdds of  storage type : DISK and capacity : 1482555576320
2019-09-10 21:36:01,998 [main] INFO  volume.VolumeSet (VolumeSet.java:initializeVolumeSet(170)) - Added Volume : /workdir/hadoop-ozone/integration-test/target/test-dir/MiniOzoneClusterImpl-da88efb8-9777-4db9-a0a6-522e36c2187a/datanode-0/data/containers/hdds to VolumeSet
2019-09-10 21:36:01,998 [main] INFO  volume.ThrottledAsyncChecker (ThrottledAsyncChecker.java:schedule(140)) - Scheduling a check for org.apache.hadoop.ozone.container.common.volume.HddsVolume@3f598450
2019-09-10 21:36:01,999 [main] INFO  volume.HddsVolumeChecker (HddsVolumeChecker.java:checkAllVolumes(203)) - Scheduled health check for volume org.apache.hadoop.ozone.container.common.volume.HddsVolume@3f598450
2019-09-10 21:36:02,016 [main] INFO  impl.RaftServerProxy (ConfUtils.java:logGet(43)) - raft.rpc.type = GRPC (default)
2019-09-10 21:36:02,017 [main] INFO  grpc.GrpcFactory (GrpcFactory.java:checkPooledByteBufAllocatorUseCacheForAllThreads(45)) - PERFORMANCE WARNING: useCacheForAllThreads is true that may cause Netty to create a lot garbage objects and, as a result, trigger GC.
	It is recommended to disable useCacheForAllThreads by setting -Dorg.apache.ratis.thirdparty.io.netty.allocator.useCacheForAllThreads=false in command line.
2019-09-10 21:36:02,017 [main] INFO  grpc.GrpcConfigKeys$Server (ConfUtils.java:logGet(43)) - raft.grpc.server.port = 0 (default)
2019-09-10 21:36:02,017 [main] INFO  server.GrpcService (ConfUtils.java:logGet(43)) - raft.grpc.message.size.max = 33570816 (custom)
2019-09-10 21:36:02,017 [main] INFO  server.RaftServerConfigKeys (ConfUtils.java:logGet(43)) - raft.server.log.appender.buffer.byte-limit = 33554432 (custom)
2019-09-10 21:36:02,018 [main] INFO  server.GrpcService (ConfUtils.java:logGet(43)) - raft.grpc.flow.control.window = 1MB (=1048576) (default)
2019-09-10 21:36:02,018 [main] INFO  server.RaftServerConfigKeys (ConfUtils.java:logGet(43)) - raft.server.rpc.request.timeout = 3000ms (default)
2019-09-10 21:36:02,019 [main] INFO  server.RaftServerConfigKeys (ConfUtils.java:logGet(43)) - raft.server.storage.dir = [/workdir/hadoop-ozone/integration-test/target/test-dir/MiniOzoneClusterImpl-da88efb8-9777-4db9-a0a6-522e36c2187a/datanode-0/data/ratis] (custom)
2019-09-10 21:36:02,020 [main] INFO  hdfs.DFSUtil (DFSUtil.java:httpServerTemplateForNNAndJN(1641)) - Starting Web-server for hddsDatanode at: http://0.0.0.0:0
2019-09-10 21:36:02,022 [main] INFO  server.AuthenticationFilter (AuthenticationFilter.java:constructSecretProvider(240)) - Unable to initialize FileSignerSecretProvider, falling back to use random secrets.
2019-09-10 21:36:02,022 [main] WARN  http.HttpRequestLog (HttpRequestLog.java:getRequestLog(97)) - Jetty request log can only be enabled using Log4j
2019-09-10 21:36:02,024 [main] INFO  http.HttpServer2 (HttpServer2.java:addGlobalFilter(975)) - Added global filter 'safety' (class=org.apache.hadoop.http.HttpServer2$QuotingInputFilter)
2019-09-10 21:36:02,025 [main] INFO  http.HttpServer2 (HttpServer2.java:addFilter(948)) - Added filter static_user_filter (class=org.apache.hadoop.http.lib.StaticUserWebFilter$StaticUserFilter) to context hddsDatanode
2019-09-10 21:36:02,025 [main] INFO  http.HttpServer2 (HttpServer2.java:addFilter(958)) - Added filter static_user_filter (class=org.apache.hadoop.http.lib.StaticUserWebFilter$StaticUserFilter) to context logs
2019-09-10 21:36:02,025 [main] INFO  http.HttpServer2 (HttpServer2.java:addFilter(958)) - Added filter static_user_filter (class=org.apache.hadoop.http.lib.StaticUserWebFilter$StaticUserFilter) to context static
2019-09-10 21:36:02,026 [main] INFO  http.HttpServer2 (HttpServer2.java:bindListener(1191)) - Jetty bound to port 45923
2019-09-10 21:36:02,026 [main] INFO  server.Server (Server.java:doStart(351)) - jetty-9.3.24.v20180605, build timestamp: 2018-06-05T17:11:56Z, git hash: 84205aa28f11a4f31f2a3b86d1bba2cc8ab69827
2019-09-10 21:36:02,028 [main] INFO  handler.ContextHandler (ContextHandler.java:doStart(781)) - Started o.e.j.s.ServletContextHandler@539a138b{/logs,file:///workdir/hadoop-ozone/integration-test/target/log,AVAILABLE}
2019-09-10 21:36:02,029 [main] INFO  handler.ContextHandler (ContextHandler.java:doStart(781)) - Started o.e.j.s.ServletContextHandler@42505474{/static,jar:file:/home/user/.m2/repository/org/apache/hadoop/hadoop-hdds-container-service/0.5.0-SNAPSHOT/hadoop-hdds-container-service-0.5.0-SNAPSHOT.jar!/webapps/static,AVAILABLE}
2019-09-10 21:36:02,057 [main] INFO  handler.ContextHandler (ContextHandler.java:doStart(781)) - Started o.e.j.w.WebAppContext@21a9a705{/,file:///tmp/jetty-0.0.0.0-45923-hddsDatanode-_-any-4726901157595090808.dir/webapp/,AVAILABLE}{/hddsDatanode}
2019-09-10 21:36:02,057 [main] INFO  server.AbstractConnector (AbstractConnector.java:doStart(278)) - Started ServerConnector@72eb6200{HTTP/1.1,[http/1.1]}{0.0.0.0:45923}
2019-09-10 21:36:02,058 [main] INFO  server.Server (Server.java:doStart(419)) - Started @68998ms
2019-09-10 21:36:02,058 [main] WARN  impl.MetricsSystemImpl (MetricsSystemImpl.java:register(276)) - Sink prometheus already exists!
2019-09-10 21:36:02,059 [main] INFO  server.BaseHttpServer (BaseHttpServer.java:updateConnectorAddress(215)) - HTTP server of HDDSDATANODE is listening at http://0.0.0.0:45923
2019-09-10 21:36:02,059 [main] INFO  impl.MetricsSystemImpl (MetricsSystemImpl.java:init(158)) - HddsDatanode metrics system started (again)
2019-09-10 21:36:02,064 [org.apache.hadoop.util.JvmPauseMonitor$Monitor@719ef1d3] INFO  util.JvmPauseMonitor (JvmPauseMonitor.java:run(188)) - Starting JVM pause monitor
2019-09-10 21:36:02,064 [main] INFO  ozone.HddsDatanodeService (HddsDatanodeService.java:start(184)) - HddsDatanodeService host:pr-hdds-2007-qhgzt-2180668592 ip:192.168.69.94
2019-09-10 21:36:02,067 [Datanode State Machine Thread - 0] INFO  datanode.InitDatanodeState (InitDatanodeState.java:persistContainerDatanodeDetails(140)) - DatanodeDetails is persisted to /workdir/hadoop-ozone/integration-test/target/test-dir/MiniOzoneClusterImpl-da88efb8-9777-4db9-a0a6-522e36c2187a/datanode-0/meta/datanode.id
2019-09-10 21:36:02,071 [main] INFO  volume.HddsVolume (HddsVolume.java:<init>(176)) - Creating Volume: /workdir/hadoop-ozone/integration-test/target/test-dir/MiniOzoneClusterImpl-da88efb8-9777-4db9-a0a6-522e36c2187a/datanode-1/data/containers/hdds of  storage type : DISK and capacity : 1482555576320
2019-09-10 21:36:02,072 [main] INFO  volume.VolumeSet (VolumeSet.java:initializeVolumeSet(170)) - Added Volume : /workdir/hadoop-ozone/integration-test/target/test-dir/MiniOzoneClusterImpl-da88efb8-9777-4db9-a0a6-522e36c2187a/datanode-1/data/containers/hdds to VolumeSet
2019-09-10 21:36:02,072 [main] INFO  volume.ThrottledAsyncChecker (ThrottledAsyncChecker.java:schedule(140)) - Scheduling a check for org.apache.hadoop.ozone.container.common.volume.HddsVolume@2e32fc22
2019-09-10 21:36:02,072 [main] INFO  volume.HddsVolumeChecker (HddsVolumeChecker.java:checkAllVolumes(203)) - Scheduled health check for volume org.apache.hadoop.ozone.container.common.volume.HddsVolume@2e32fc22
2019-09-10 21:36:02,088 [main] INFO  impl.RaftServerProxy (ConfUtils.java:logGet(43)) - raft.rpc.type = GRPC (default)
2019-09-10 21:36:02,088 [main] INFO  grpc.GrpcFactory (GrpcFactory.java:checkPooledByteBufAllocatorUseCacheForAllThreads(45)) - PERFORMANCE WARNING: useCacheForAllThreads is true that may cause Netty to create a lot garbage objects and, as a result, trigger GC.
	It is recommended to disable useCacheForAllThreads by setting -Dorg.apache.ratis.thirdparty.io.netty.allocator.useCacheForAllThreads=false in command line.
2019-09-10 21:36:02,088 [main] INFO  grpc.GrpcConfigKeys$Server (ConfUtils.java:logGet(43)) - raft.grpc.server.port = 0 (default)
2019-09-10 21:36:02,088 [main] INFO  server.GrpcService (ConfUtils.java:logGet(43)) - raft.grpc.message.size.max = 33570816 (custom)
2019-09-10 21:36:02,089 [main] INFO  server.RaftServerConfigKeys (ConfUtils.java:logGet(43)) - raft.server.log.appender.buffer.byte-limit = 33554432 (custom)
2019-09-10 21:36:02,089 [main] INFO  server.GrpcService (ConfUtils.java:logGet(43)) - raft.grpc.flow.control.window = 1MB (=1048576) (default)
2019-09-10 21:36:02,089 [main] INFO  server.RaftServerConfigKeys (ConfUtils.java:logGet(43)) - raft.server.rpc.request.timeout = 3000ms (default)
2019-09-10 21:36:02,089 [main] INFO  server.RaftServerConfigKeys (ConfUtils.java:logGet(43)) - raft.server.storage.dir = [/workdir/hadoop-ozone/integration-test/target/test-dir/MiniOzoneClusterImpl-da88efb8-9777-4db9-a0a6-522e36c2187a/datanode-1/data/ratis] (custom)
2019-09-10 21:36:02,091 [main] INFO  hdfs.DFSUtil (DFSUtil.java:httpServerTemplateForNNAndJN(1641)) - Starting Web-server for hddsDatanode at: http://0.0.0.0:0
2019-09-10 21:36:02,092 [main] INFO  server.AuthenticationFilter (AuthenticationFilter.java:constructSecretProvider(240)) - Unable to initialize FileSignerSecretProvider, falling back to use random secrets.
2019-09-10 21:36:02,093 [main] WARN  http.HttpRequestLog (HttpRequestLog.java:getRequestLog(97)) - Jetty request log can only be enabled using Log4j
2019-09-10 21:36:02,094 [main] INFO  http.HttpServer2 (HttpServer2.java:addGlobalFilter(975)) - Added global filter 'safety' (class=org.apache.hadoop.http.HttpServer2$QuotingInputFilter)
2019-09-10 21:36:02,095 [main] INFO  http.HttpServer2 (HttpServer2.java:addFilter(948)) - Added filter static_user_filter (class=org.apache.hadoop.http.lib.StaticUserWebFilter$StaticUserFilter) to context hddsDatanode
2019-09-10 21:36:02,095 [main] INFO  http.HttpServer2 (HttpServer2.java:addFilter(958)) - Added filter static_user_filter (class=org.apache.hadoop.http.lib.StaticUserWebFilter$StaticUserFilter) to context static
2019-09-10 21:36:02,095 [main] INFO  http.HttpServer2 (HttpServer2.java:addFilter(958)) - Added filter static_user_filter (class=org.apache.hadoop.http.lib.StaticUserWebFilter$StaticUserFilter) to context logs
2019-09-10 21:36:02,096 [main] INFO  http.HttpServer2 (HttpServer2.java:bindListener(1191)) - Jetty bound to port 44748
2019-09-10 21:36:02,096 [main] INFO  server.Server (Server.java:doStart(351)) - jetty-9.3.24.v20180605, build timestamp: 2018-06-05T17:11:56Z, git hash: 84205aa28f11a4f31f2a3b86d1bba2cc8ab69827
2019-09-10 21:36:02,098 [main] INFO  handler.ContextHandler (ContextHandler.java:doStart(781)) - Started o.e.j.s.ServletContextHandler@6ebc9573{/logs,file:///workdir/hadoop-ozone/integration-test/target/log,AVAILABLE}
2019-09-10 21:36:02,098 [main] INFO  handler.ContextHandler (ContextHandler.java:doStart(781)) - Started o.e.j.s.ServletContextHandler@630390b9{/static,jar:file:/home/user/.m2/repository/org/apache/hadoop/hadoop-hdds-container-service/0.5.0-SNAPSHOT/hadoop-hdds-container-service-0.5.0-SNAPSHOT.jar!/webapps/static,AVAILABLE}
2019-09-10 21:36:02,126 [main] INFO  handler.ContextHandler (ContextHandler.java:doStart(781)) - Started o.e.j.w.WebAppContext@7b3cde6f{/,file:///tmp/jetty-0.0.0.0-44748-hddsDatanode-_-any-4545100129596731853.dir/webapp/,AVAILABLE}{/hddsDatanode}
2019-09-10 21:36:02,127 [main] INFO  server.AbstractConnector (AbstractConnector.java:doStart(278)) - Started ServerConnector@6d091cad{HTTP/1.1,[http/1.1]}{0.0.0.0:44748}
2019-09-10 21:36:02,128 [main] INFO  server.Server (Server.java:doStart(419)) - Started @69068ms
2019-09-10 21:36:02,128 [main] WARN  impl.MetricsSystemImpl (MetricsSystemImpl.java:register(276)) - Sink prometheus already exists!
2019-09-10 21:36:02,129 [main] INFO  server.BaseHttpServer (BaseHttpServer.java:updateConnectorAddress(215)) - HTTP server of HDDSDATANODE is listening at http://0.0.0.0:44748
2019-09-10 21:36:02,129 [main] INFO  impl.MetricsSystemImpl (MetricsSystemImpl.java:init(158)) - HddsDatanode metrics system started (again)
2019-09-10 21:36:02,134 [org.apache.hadoop.util.JvmPauseMonitor$Monitor@f6a867b] INFO  util.JvmPauseMonitor (JvmPauseMonitor.java:run(188)) - Starting JVM pause monitor
2019-09-10 21:36:02,134 [main] INFO  ozone.HddsDatanodeService (HddsDatanodeService.java:start(184)) - HddsDatanodeService host:pr-hdds-2007-qhgzt-2180668592 ip:192.168.69.94
2019-09-10 21:36:02,135 [Datanode State Machine Thread - 0] INFO  datanode.InitDatanodeState (InitDatanodeState.java:persistContainerDatanodeDetails(140)) - DatanodeDetails is persisted to /workdir/hadoop-ozone/integration-test/target/test-dir/MiniOzoneClusterImpl-da88efb8-9777-4db9-a0a6-522e36c2187a/datanode-1/meta/datanode.id
2019-09-10 21:36:02,140 [main] INFO  volume.HddsVolume (HddsVolume.java:<init>(176)) - Creating Volume: /workdir/hadoop-ozone/integration-test/target/test-dir/MiniOzoneClusterImpl-da88efb8-9777-4db9-a0a6-522e36c2187a/datanode-2/data/containers/hdds of  storage type : DISK and capacity : 1482555576320
2019-09-10 21:36:02,140 [main] INFO  volume.VolumeSet (VolumeSet.java:initializeVolumeSet(170)) - Added Volume : /workdir/hadoop-ozone/integration-test/target/test-dir/MiniOzoneClusterImpl-da88efb8-9777-4db9-a0a6-522e36c2187a/datanode-2/data/containers/hdds to VolumeSet
2019-09-10 21:36:02,141 [main] INFO  volume.ThrottledAsyncChecker (ThrottledAsyncChecker.java:schedule(140)) - Scheduling a check for org.apache.hadoop.ozone.container.common.volume.HddsVolume@5584d9c6
2019-09-10 21:36:02,141 [main] INFO  volume.HddsVolumeChecker (HddsVolumeChecker.java:checkAllVolumes(203)) - Scheduled health check for volume org.apache.hadoop.ozone.container.common.volume.HddsVolume@5584d9c6
2019-09-10 21:36:02,158 [main] INFO  impl.RaftServerProxy (ConfUtils.java:logGet(43)) - raft.rpc.type = GRPC (default)
2019-09-10 21:36:02,158 [main] INFO  grpc.GrpcFactory (GrpcFactory.java:checkPooledByteBufAllocatorUseCacheForAllThreads(45)) - PERFORMANCE WARNING: useCacheForAllThreads is true that may cause Netty to create a lot garbage objects and, as a result, trigger GC.
	It is recommended to disable useCacheForAllThreads by setting -Dorg.apache.ratis.thirdparty.io.netty.allocator.useCacheForAllThreads=false in command line.
2019-09-10 21:36:02,158 [main] INFO  grpc.GrpcConfigKeys$Server (ConfUtils.java:logGet(43)) - raft.grpc.server.port = 0 (default)
2019-09-10 21:36:02,158 [main] INFO  server.GrpcService (ConfUtils.java:logGet(43)) - raft.grpc.message.size.max = 33570816 (custom)
2019-09-10 21:36:02,158 [main] INFO  server.RaftServerConfigKeys (ConfUtils.java:logGet(43)) - raft.server.log.appender.buffer.byte-limit = 33554432 (custom)
2019-09-10 21:36:02,159 [main] INFO  server.GrpcService (ConfUtils.java:logGet(43)) - raft.grpc.flow.control.window = 1MB (=1048576) (default)
2019-09-10 21:36:02,159 [main] INFO  server.RaftServerConfigKeys (ConfUtils.java:logGet(43)) - raft.server.rpc.request.timeout = 3000ms (default)
2019-09-10 21:36:02,159 [main] INFO  server.RaftServerConfigKeys (ConfUtils.java:logGet(43)) - raft.server.storage.dir = [/workdir/hadoop-ozone/integration-test/target/test-dir/MiniOzoneClusterImpl-da88efb8-9777-4db9-a0a6-522e36c2187a/datanode-2/data/ratis] (custom)
2019-09-10 21:36:02,160 [main] INFO  hdfs.DFSUtil (DFSUtil.java:httpServerTemplateForNNAndJN(1641)) - Starting Web-server for hddsDatanode at: http://0.0.0.0:0
2019-09-10 21:36:02,162 [main] INFO  server.AuthenticationFilter (AuthenticationFilter.java:constructSecretProvider(240)) - Unable to initialize FileSignerSecretProvider, falling back to use random secrets.
2019-09-10 21:36:02,162 [main] WARN  http.HttpRequestLog (HttpRequestLog.java:getRequestLog(97)) - Jetty request log can only be enabled using Log4j
2019-09-10 21:36:02,163 [main] INFO  http.HttpServer2 (HttpServer2.java:addGlobalFilter(975)) - Added global filter 'safety' (class=org.apache.hadoop.http.HttpServer2$QuotingInputFilter)
2019-09-10 21:36:02,164 [main] INFO  http.HttpServer2 (HttpServer2.java:addFilter(948)) - Added filter static_user_filter (class=org.apache.hadoop.http.lib.StaticUserWebFilter$StaticUserFilter) to context hddsDatanode
2019-09-10 21:36:02,164 [main] INFO  http.HttpServer2 (HttpServer2.java:addFilter(958)) - Added filter static_user_filter (class=org.apache.hadoop.http.lib.StaticUserWebFilter$StaticUserFilter) to context static
2019-09-10 21:36:02,164 [main] INFO  http.HttpServer2 (HttpServer2.java:addFilter(958)) - Added filter static_user_filter (class=org.apache.hadoop.http.lib.StaticUserWebFilter$StaticUserFilter) to context logs
2019-09-10 21:36:02,165 [main] INFO  http.HttpServer2 (HttpServer2.java:bindListener(1191)) - Jetty bound to port 46087
2019-09-10 21:36:02,165 [main] INFO  server.Server (Server.java:doStart(351)) - jetty-9.3.24.v20180605, build timestamp: 2018-06-05T17:11:56Z, git hash: 84205aa28f11a4f31f2a3b86d1bba2cc8ab69827
2019-09-10 21:36:02,167 [main] INFO  handler.ContextHandler (ContextHandler.java:doStart(781)) - Started o.e.j.s.ServletContextHandler@2c7db926{/logs,file:///workdir/hadoop-ozone/integration-test/target/log,AVAILABLE}
2019-09-10 21:36:02,167 [main] INFO  handler.ContextHandler (ContextHandler.java:doStart(781)) - Started o.e.j.s.ServletContextHandler@1668919e{/static,jar:file:/home/user/.m2/repository/org/apache/hadoop/hadoop-hdds-container-service/0.5.0-SNAPSHOT/hadoop-hdds-container-service-0.5.0-SNAPSHOT.jar!/webapps/static,AVAILABLE}
2019-09-10 21:36:02,193 [main] INFO  handler.ContextHandler (ContextHandler.java:doStart(781)) - Started o.e.j.w.WebAppContext@4d9754a8{/,file:///tmp/jetty-0.0.0.0-46087-hddsDatanode-_-any-5369191489525607348.dir/webapp/,AVAILABLE}{/hddsDatanode}
2019-09-10 21:36:02,194 [main] INFO  server.AbstractConnector (AbstractConnector.java:doStart(278)) - Started ServerConnector@7a3b7122{HTTP/1.1,[http/1.1]}{0.0.0.0:46087}
2019-09-10 21:36:02,195 [main] INFO  server.Server (Server.java:doStart(419)) - Started @69135ms
2019-09-10 21:36:02,195 [main] WARN  impl.MetricsSystemImpl (MetricsSystemImpl.java:register(276)) - Sink prometheus already exists!
2019-09-10 21:36:02,196 [main] INFO  server.BaseHttpServer (BaseHttpServer.java:updateConnectorAddress(215)) - HTTP server of HDDSDATANODE is listening at http://0.0.0.0:46087
2019-09-10 21:36:02,196 [main] INFO  impl.MetricsSystemImpl (MetricsSystemImpl.java:init(158)) - HddsDatanode metrics system started (again)
2019-09-10 21:36:02,201 [main] INFO  ozone.HddsDatanodeService (HddsDatanodeService.java:start(184)) - HddsDatanodeService host:pr-hdds-2007-qhgzt-2180668592 ip:192.168.69.94
2019-09-10 21:36:02,201 [org.apache.hadoop.util.JvmPauseMonitor$Monitor@5e23167c] INFO  util.JvmPauseMonitor (JvmPauseMonitor.java:run(188)) - Starting JVM pause monitor
2019-09-10 21:36:02,204 [Datanode State Machine Thread - 0] INFO  datanode.InitDatanodeState (InitDatanodeState.java:persistContainerDatanodeDetails(140)) - DatanodeDetails is persisted to /workdir/hadoop-ozone/integration-test/target/test-dir/MiniOzoneClusterImpl-da88efb8-9777-4db9-a0a6-522e36c2187a/datanode-2/meta/datanode.id
2019-09-10 21:36:02,209 [main] INFO  volume.HddsVolume (HddsVolume.java:<init>(176)) - Creating Volume: /workdir/hadoop-ozone/integration-test/target/test-dir/MiniOzoneClusterImpl-da88efb8-9777-4db9-a0a6-522e36c2187a/datanode-3/data/containers/hdds of  storage type : DISK and capacity : 1482555576320
2019-09-10 21:36:02,210 [main] INFO  volume.VolumeSet (VolumeSet.java:initializeVolumeSet(170)) - Added Volume : /workdir/hadoop-ozone/integration-test/target/test-dir/MiniOzoneClusterImpl-da88efb8-9777-4db9-a0a6-522e36c2187a/datanode-3/data/containers/hdds to VolumeSet
2019-09-10 21:36:02,210 [main] INFO  volume.ThrottledAsyncChecker (ThrottledAsyncChecker.java:schedule(140)) - Scheduling a check for org.apache.hadoop.ozone.container.common.volume.HddsVolume@748a654a
2019-09-10 21:36:02,210 [main] INFO  volume.HddsVolumeChecker (HddsVolumeChecker.java:checkAllVolumes(203)) - Scheduled health check for volume org.apache.hadoop.ozone.container.common.volume.HddsVolume@748a654a
2019-09-10 21:36:02,225 [main] INFO  impl.RaftServerProxy (ConfUtils.java:logGet(43)) - raft.rpc.type = GRPC (default)
2019-09-10 21:36:02,225 [main] INFO  grpc.GrpcFactory (GrpcFactory.java:checkPooledByteBufAllocatorUseCacheForAllThreads(45)) - PERFORMANCE WARNING: useCacheForAllThreads is true that may cause Netty to create a lot garbage objects and, as a result, trigger GC.
	It is recommended to disable useCacheForAllThreads by setting -Dorg.apache.ratis.thirdparty.io.netty.allocator.useCacheForAllThreads=false in command line.
2019-09-10 21:36:02,226 [main] INFO  grpc.GrpcConfigKeys$Server (ConfUtils.java:logGet(43)) - raft.grpc.server.port = 0 (default)
2019-09-10 21:36:02,226 [main] INFO  server.GrpcService (ConfUtils.java:logGet(43)) - raft.grpc.message.size.max = 33570816 (custom)
2019-09-10 21:36:02,226 [main] INFO  server.RaftServerConfigKeys (ConfUtils.java:logGet(43)) - raft.server.log.appender.buffer.byte-limit = 33554432 (custom)
2019-09-10 21:36:02,226 [main] INFO  server.GrpcService (ConfUtils.java:logGet(43)) - raft.grpc.flow.control.window = 1MB (=1048576) (default)
2019-09-10 21:36:02,226 [main] INFO  server.RaftServerConfigKeys (ConfUtils.java:logGet(43)) - raft.server.rpc.request.timeout = 3000ms (default)
2019-09-10 21:36:02,227 [main] INFO  server.RaftServerConfigKeys (ConfUtils.java:logGet(43)) - raft.server.storage.dir = [/workdir/hadoop-ozone/integration-test/target/test-dir/MiniOzoneClusterImpl-da88efb8-9777-4db9-a0a6-522e36c2187a/datanode-3/data/ratis] (custom)
2019-09-10 21:36:02,228 [main] INFO  hdfs.DFSUtil (DFSUtil.java:httpServerTemplateForNNAndJN(1641)) - Starting Web-server for hddsDatanode at: http://0.0.0.0:0
2019-09-10 21:36:02,229 [main] INFO  server.AuthenticationFilter (AuthenticationFilter.java:constructSecretProvider(240)) - Unable to initialize FileSignerSecretProvider, falling back to use random secrets.
2019-09-10 21:36:02,230 [main] WARN  http.HttpRequestLog (HttpRequestLog.java:getRequestLog(97)) - Jetty request log can only be enabled using Log4j
2019-09-10 21:36:02,231 [main] INFO  http.HttpServer2 (HttpServer2.java:addGlobalFilter(975)) - Added global filter 'safety' (class=org.apache.hadoop.http.HttpServer2$QuotingInputFilter)
2019-09-10 21:36:02,232 [main] INFO  http.HttpServer2 (HttpServer2.java:addFilter(948)) - Added filter static_user_filter (class=org.apache.hadoop.http.lib.StaticUserWebFilter$StaticUserFilter) to context hddsDatanode
2019-09-10 21:36:02,232 [main] INFO  http.HttpServer2 (HttpServer2.java:addFilter(958)) - Added filter static_user_filter (class=org.apache.hadoop.http.lib.StaticUserWebFilter$StaticUserFilter) to context static
2019-09-10 21:36:02,232 [main] INFO  http.HttpServer2 (HttpServer2.java:addFilter(958)) - Added filter static_user_filter (class=org.apache.hadoop.http.lib.StaticUserWebFilter$StaticUserFilter) to context logs
2019-09-10 21:36:02,232 [main] INFO  http.HttpServer2 (HttpServer2.java:bindListener(1191)) - Jetty bound to port 44638
2019-09-10 21:36:02,233 [main] INFO  server.Server (Server.java:doStart(351)) - jetty-9.3.24.v20180605, build timestamp: 2018-06-05T17:11:56Z, git hash: 84205aa28f11a4f31f2a3b86d1bba2cc8ab69827
2019-09-10 21:36:02,234 [main] INFO  handler.ContextHandler (ContextHandler.java:doStart(781)) - Started o.e.j.s.ServletContextHandler@58658f63{/logs,file:///workdir/hadoop-ozone/integration-test/target/log,AVAILABLE}
2019-09-10 21:36:02,235 [main] INFO  handler.ContextHandler (ContextHandler.java:doStart(781)) - Started o.e.j.s.ServletContextHandler@60990e5c{/static,jar:file:/home/user/.m2/repository/org/apache/hadoop/hadoop-hdds-container-service/0.5.0-SNAPSHOT/hadoop-hdds-container-service-0.5.0-SNAPSHOT.jar!/webapps/static,AVAILABLE}
2019-09-10 21:36:02,260 [main] INFO  handler.ContextHandler (ContextHandler.java:doStart(781)) - Started o.e.j.w.WebAppContext@45658133{/,file:///tmp/jetty-0.0.0.0-44638-hddsDatanode-_-any-2806956193678957143.dir/webapp/,AVAILABLE}{/hddsDatanode}
2019-09-10 21:36:02,260 [main] INFO  server.AbstractConnector (AbstractConnector.java:doStart(278)) - Started ServerConnector@430b2699{HTTP/1.1,[http/1.1]}{0.0.0.0:44638}
2019-09-10 21:36:02,262 [main] INFO  server.Server (Server.java:doStart(419)) - Started @69202ms
2019-09-10 21:36:02,263 [main] WARN  impl.MetricsSystemImpl (MetricsSystemImpl.java:register(276)) - Sink prometheus already exists!
2019-09-10 21:36:02,263 [main] INFO  server.BaseHttpServer (BaseHttpServer.java:updateConnectorAddress(215)) - HTTP server of HDDSDATANODE is listening at http://0.0.0.0:44638
2019-09-10 21:36:02,264 [main] INFO  impl.MetricsSystemImpl (MetricsSystemImpl.java:init(158)) - HddsDatanode metrics system started (again)
2019-09-10 21:36:02,268 [org.apache.hadoop.util.JvmPauseMonitor$Monitor@297fea2] INFO  util.JvmPauseMonitor (JvmPauseMonitor.java:run(188)) - Starting JVM pause monitor
2019-09-10 21:36:02,268 [main] INFO  ozone.HddsDatanodeService (HddsDatanodeService.java:start(184)) - HddsDatanodeService host:pr-hdds-2007-qhgzt-2180668592 ip:192.168.69.94
2019-09-10 21:36:02,270 [Datanode State Machine Thread - 0] INFO  datanode.InitDatanodeState (InitDatanodeState.java:persistContainerDatanodeDetails(140)) - DatanodeDetails is persisted to /workdir/hadoop-ozone/integration-test/target/test-dir/MiniOzoneClusterImpl-da88efb8-9777-4db9-a0a6-522e36c2187a/datanode-3/meta/datanode.id
2019-09-10 21:36:02,275 [main] INFO  volume.HddsVolume (HddsVolume.java:<init>(176)) - Creating Volume: /workdir/hadoop-ozone/integration-test/target/test-dir/MiniOzoneClusterImpl-da88efb8-9777-4db9-a0a6-522e36c2187a/datanode-4/data/containers/hdds of  storage type : DISK and capacity : 1482555576320
2019-09-10 21:36:02,275 [main] INFO  volume.VolumeSet (VolumeSet.java:initializeVolumeSet(170)) - Added Volume : /workdir/hadoop-ozone/integration-test/target/test-dir/MiniOzoneClusterImpl-da88efb8-9777-4db9-a0a6-522e36c2187a/datanode-4/data/containers/hdds to VolumeSet
2019-09-10 21:36:02,275 [main] INFO  volume.ThrottledAsyncChecker (ThrottledAsyncChecker.java:schedule(140)) - Scheduling a check for org.apache.hadoop.ozone.container.common.volume.HddsVolume@7efa3f63
2019-09-10 21:36:02,276 [main] INFO  volume.HddsVolumeChecker (HddsVolumeChecker.java:checkAllVolumes(203)) - Scheduled health check for volume org.apache.hadoop.ozone.container.common.volume.HddsVolume@7efa3f63
2019-09-10 21:36:02,289 [main] INFO  impl.RaftServerProxy (ConfUtils.java:logGet(43)) - raft.rpc.type = GRPC (default)
2019-09-10 21:36:02,290 [main] INFO  grpc.GrpcFactory (GrpcFactory.java:checkPooledByteBufAllocatorUseCacheForAllThreads(45)) - PERFORMANCE WARNING: useCacheForAllThreads is true that may cause Netty to create a lot garbage objects and, as a result, trigger GC.
	It is recommended to disable useCacheForAllThreads by setting -Dorg.apache.ratis.thirdparty.io.netty.allocator.useCacheForAllThreads=false in command line.
2019-09-10 21:36:02,290 [main] INFO  grpc.GrpcConfigKeys$Server (ConfUtils.java:logGet(43)) - raft.grpc.server.port = 0 (default)
2019-09-10 21:36:02,290 [main] INFO  server.GrpcService (ConfUtils.java:logGet(43)) - raft.grpc.message.size.max = 33570816 (custom)
2019-09-10 21:36:02,290 [main] INFO  server.RaftServerConfigKeys (ConfUtils.java:logGet(43)) - raft.server.log.appender.buffer.byte-limit = 33554432 (custom)
2019-09-10 21:36:02,290 [main] INFO  server.GrpcService (ConfUtils.java:logGet(43)) - raft.grpc.flow.control.window = 1MB (=1048576) (default)
2019-09-10 21:36:02,291 [main] INFO  server.RaftServerConfigKeys (ConfUtils.java:logGet(43)) - raft.server.rpc.request.timeout = 3000ms (default)
2019-09-10 21:36:02,291 [main] INFO  server.RaftServerConfigKeys (ConfUtils.java:logGet(43)) - raft.server.storage.dir = [/workdir/hadoop-ozone/integration-test/target/test-dir/MiniOzoneClusterImpl-da88efb8-9777-4db9-a0a6-522e36c2187a/datanode-4/data/ratis] (custom)
2019-09-10 21:36:02,293 [main] INFO  hdfs.DFSUtil (DFSUtil.java:httpServerTemplateForNNAndJN(1641)) - Starting Web-server for hddsDatanode at: http://0.0.0.0:0
2019-09-10 21:36:02,294 [main] INFO  server.AuthenticationFilter (AuthenticationFilter.java:constructSecretProvider(240)) - Unable to initialize FileSignerSecretProvider, falling back to use random secrets.
2019-09-10 21:36:02,295 [main] WARN  http.HttpRequestLog (HttpRequestLog.java:getRequestLog(97)) - Jetty request log can only be enabled using Log4j
2019-09-10 21:36:02,296 [main] INFO  http.HttpServer2 (HttpServer2.java:addGlobalFilter(975)) - Added global filter 'safety' (class=org.apache.hadoop.http.HttpServer2$QuotingInputFilter)
2019-09-10 21:36:02,297 [main] INFO  http.HttpServer2 (HttpServer2.java:addFilter(948)) - Added filter static_user_filter (class=org.apache.hadoop.http.lib.StaticUserWebFilter$StaticUserFilter) to context hddsDatanode
2019-09-10 21:36:02,297 [main] INFO  http.HttpServer2 (HttpServer2.java:addFilter(958)) - Added filter static_user_filter (class=org.apache.hadoop.http.lib.StaticUserWebFilter$StaticUserFilter) to context logs
2019-09-10 21:36:02,297 [main] INFO  http.HttpServer2 (HttpServer2.java:addFilter(958)) - Added filter static_user_filter (class=org.apache.hadoop.http.lib.StaticUserWebFilter$StaticUserFilter) to context static
2019-09-10 21:36:02,298 [main] INFO  http.HttpServer2 (HttpServer2.java:bindListener(1191)) - Jetty bound to port 38835
2019-09-10 21:36:02,298 [main] INFO  server.Server (Server.java:doStart(351)) - jetty-9.3.24.v20180605, build timestamp: 2018-06-05T17:11:56Z, git hash: 84205aa28f11a4f31f2a3b86d1bba2cc8ab69827
2019-09-10 21:36:02,300 [main] INFO  handler.ContextHandler (ContextHandler.java:doStart(781)) - Started o.e.j.s.ServletContextHandler@64e1377c{/logs,file:///workdir/hadoop-ozone/integration-test/target/log,AVAILABLE}
2019-09-10 21:36:02,300 [main] INFO  handler.ContextHandler (ContextHandler.java:doStart(781)) - Started o.e.j.s.ServletContextHandler@92d1782{/static,jar:file:/home/user/.m2/repository/org/apache/hadoop/hadoop-hdds-container-service/0.5.0-SNAPSHOT/hadoop-hdds-container-service-0.5.0-SNAPSHOT.jar!/webapps/static,AVAILABLE}
2019-09-10 21:36:02,327 [main] INFO  handler.ContextHandler (ContextHandler.java:doStart(781)) - Started o.e.j.w.WebAppContext@3472947a{/,file:///tmp/jetty-0.0.0.0-38835-hddsDatanode-_-any-1321170869078324527.dir/webapp/,AVAILABLE}{/hddsDatanode}
2019-09-10 21:36:02,327 [main] INFO  server.AbstractConnector (AbstractConnector.java:doStart(278)) - Started ServerConnector@69d3cf7e{HTTP/1.1,[http/1.1]}{0.0.0.0:38835}
2019-09-10 21:36:02,329 [main] INFO  server.Server (Server.java:doStart(419)) - Started @69268ms
2019-09-10 21:36:02,329 [main] WARN  impl.MetricsSystemImpl (MetricsSystemImpl.java:register(276)) - Sink prometheus already exists!
2019-09-10 21:36:02,330 [main] INFO  server.BaseHttpServer (BaseHttpServer.java:updateConnectorAddress(215)) - HTTP server of HDDSDATANODE is listening at http://0.0.0.0:38835
2019-09-10 21:36:02,330 [main] INFO  impl.MetricsSystemImpl (MetricsSystemImpl.java:init(158)) - HddsDatanode metrics system started (again)
2019-09-10 21:36:02,335 [org.apache.hadoop.util.JvmPauseMonitor$Monitor@5da7770a] INFO  util.JvmPauseMonitor (JvmPauseMonitor.java:run(188)) - Starting JVM pause monitor
2019-09-10 21:36:02,336 [main] INFO  ozone.HddsDatanodeService (HddsDatanodeService.java:start(184)) - HddsDatanodeService host:pr-hdds-2007-qhgzt-2180668592 ip:192.168.69.94
2019-09-10 21:36:02,337 [Datanode State Machine Thread - 0] INFO  datanode.InitDatanodeState (InitDatanodeState.java:persistContainerDatanodeDetails(140)) - DatanodeDetails is persisted to /workdir/hadoop-ozone/integration-test/target/test-dir/MiniOzoneClusterImpl-da88efb8-9777-4db9-a0a6-522e36c2187a/datanode-4/meta/datanode.id
2019-09-10 21:36:02,342 [main] INFO  volume.HddsVolume (HddsVolume.java:<init>(176)) - Creating Volume: /workdir/hadoop-ozone/integration-test/target/test-dir/MiniOzoneClusterImpl-da88efb8-9777-4db9-a0a6-522e36c2187a/datanode-5/data/containers/hdds of  storage type : DISK and capacity : 1482555576320
2019-09-10 21:36:02,342 [main] INFO  volume.VolumeSet (VolumeSet.java:initializeVolumeSet(170)) - Added Volume : /workdir/hadoop-ozone/integration-test/target/test-dir/MiniOzoneClusterImpl-da88efb8-9777-4db9-a0a6-522e36c2187a/datanode-5/data/containers/hdds to VolumeSet
2019-09-10 21:36:02,342 [main] INFO  volume.ThrottledAsyncChecker (ThrottledAsyncChecker.java:schedule(140)) - Scheduling a check for org.apache.hadoop.ozone.container.common.volume.HddsVolume@7dcb42a9
2019-09-10 21:36:02,342 [main] INFO  volume.HddsVolumeChecker (HddsVolumeChecker.java:checkAllVolumes(203)) - Scheduled health check for volume org.apache.hadoop.ozone.container.common.volume.HddsVolume@7dcb42a9
2019-09-10 21:36:02,360 [main] INFO  impl.RaftServerProxy (ConfUtils.java:logGet(43)) - raft.rpc.type = GRPC (default)
2019-09-10 21:36:02,360 [main] INFO  grpc.GrpcFactory (GrpcFactory.java:checkPooledByteBufAllocatorUseCacheForAllThreads(45)) - PERFORMANCE WARNING: useCacheForAllThreads is true that may cause Netty to create a lot garbage objects and, as a result, trigger GC.
	It is recommended to disable useCacheForAllThreads by setting -Dorg.apache.ratis.thirdparty.io.netty.allocator.useCacheForAllThreads=false in command line.
2019-09-10 21:36:02,361 [main] INFO  grpc.GrpcConfigKeys$Server (ConfUtils.java:logGet(43)) - raft.grpc.server.port = 0 (default)
2019-09-10 21:36:02,361 [main] INFO  server.GrpcService (ConfUtils.java:logGet(43)) - raft.grpc.message.size.max = 33570816 (custom)
2019-09-10 21:36:02,361 [main] INFO  server.RaftServerConfigKeys (ConfUtils.java:logGet(43)) - raft.server.log.appender.buffer.byte-limit = 33554432 (custom)
2019-09-10 21:36:02,361 [main] INFO  server.GrpcService (ConfUtils.java:logGet(43)) - raft.grpc.flow.control.window = 1MB (=1048576) (default)
2019-09-10 21:36:02,361 [main] INFO  server.RaftServerConfigKeys (ConfUtils.java:logGet(43)) - raft.server.rpc.request.timeout = 3000ms (default)
2019-09-10 21:36:02,362 [main] INFO  server.RaftServerConfigKeys (ConfUtils.java:logGet(43)) - raft.server.storage.dir = [/workdir/hadoop-ozone/integration-test/target/test-dir/MiniOzoneClusterImpl-da88efb8-9777-4db9-a0a6-522e36c2187a/datanode-5/data/ratis] (custom)
2019-09-10 21:36:02,363 [main] INFO  hdfs.DFSUtil (DFSUtil.java:httpServerTemplateForNNAndJN(1641)) - Starting Web-server for hddsDatanode at: http://0.0.0.0:0
2019-09-10 21:36:02,364 [main] INFO  server.AuthenticationFilter (AuthenticationFilter.java:constructSecretProvider(240)) - Unable to initialize FileSignerSecretProvider, falling back to use random secrets.
2019-09-10 21:36:02,365 [main] WARN  http.HttpRequestLog (HttpRequestLog.java:getRequestLog(97)) - Jetty request log can only be enabled using Log4j
2019-09-10 21:36:02,366 [main] INFO  http.HttpServer2 (HttpServer2.java:addGlobalFilter(975)) - Added global filter 'safety' (class=org.apache.hadoop.http.HttpServer2$QuotingInputFilter)
2019-09-10 21:36:02,367 [main] INFO  http.HttpServer2 (HttpServer2.java:addFilter(948)) - Added filter static_user_filter (class=org.apache.hadoop.http.lib.StaticUserWebFilter$StaticUserFilter) to context hddsDatanode
2019-09-10 21:36:02,367 [main] INFO  http.HttpServer2 (HttpServer2.java:addFilter(958)) - Added filter static_user_filter (class=org.apache.hadoop.http.lib.StaticUserWebFilter$StaticUserFilter) to context logs
2019-09-10 21:36:02,367 [main] INFO  http.HttpServer2 (HttpServer2.java:addFilter(958)) - Added filter static_user_filter (class=org.apache.hadoop.http.lib.StaticUserWebFilter$StaticUserFilter) to context static
2019-09-10 21:36:02,368 [main] INFO  http.HttpServer2 (HttpServer2.java:bindListener(1191)) - Jetty bound to port 42959
2019-09-10 21:36:02,368 [main] INFO  server.Server (Server.java:doStart(351)) - jetty-9.3.24.v20180605, build timestamp: 2018-06-05T17:11:56Z, git hash: 84205aa28f11a4f31f2a3b86d1bba2cc8ab69827
2019-09-10 21:36:02,369 [main] INFO  handler.ContextHandler (ContextHandler.java:doStart(781)) - Started o.e.j.s.ServletContextHandler@26ca61bf{/logs,file:///workdir/hadoop-ozone/integration-test/target/log,AVAILABLE}
2019-09-10 21:36:02,370 [main] INFO  handler.ContextHandler (ContextHandler.java:doStart(781)) - Started o.e.j.s.ServletContextHandler@fa5f81c{/static,jar:file:/home/user/.m2/repository/org/apache/hadoop/hadoop-hdds-container-service/0.5.0-SNAPSHOT/hadoop-hdds-container-service-0.5.0-SNAPSHOT.jar!/webapps/static,AVAILABLE}
2019-09-10 21:36:02,396 [main] INFO  handler.ContextHandler (ContextHandler.java:doStart(781)) - Started o.e.j.w.WebAppContext@53ce2392{/,file:///tmp/jetty-0.0.0.0-42959-hddsDatanode-_-any-1869946396617756303.dir/webapp/,AVAILABLE}{/hddsDatanode}
2019-09-10 21:36:02,397 [main] INFO  server.AbstractConnector (AbstractConnector.java:doStart(278)) - Started ServerConnector@32d5279{HTTP/1.1,[http/1.1]}{0.0.0.0:42959}
2019-09-10 21:36:02,398 [main] INFO  server.Server (Server.java:doStart(419)) - Started @69338ms
2019-09-10 21:36:02,398 [main] WARN  impl.MetricsSystemImpl (MetricsSystemImpl.java:register(276)) - Sink prometheus already exists!
2019-09-10 21:36:02,399 [main] INFO  server.BaseHttpServer (BaseHttpServer.java:updateConnectorAddress(215)) - HTTP server of HDDSDATANODE is listening at http://0.0.0.0:42959
2019-09-10 21:36:02,399 [main] INFO  impl.MetricsSystemImpl (MetricsSystemImpl.java:init(158)) - HddsDatanode metrics system started (again)
2019-09-10 21:36:02,405 [org.apache.hadoop.util.JvmPauseMonitor$Monitor@3c58e6d6] INFO  util.JvmPauseMonitor (JvmPauseMonitor.java:run(188)) - Starting JVM pause monitor
2019-09-10 21:36:02,405 [main] INFO  ozone.HddsDatanodeService (HddsDatanodeService.java:start(184)) - HddsDatanodeService host:pr-hdds-2007-qhgzt-2180668592 ip:192.168.69.94
2019-09-10 21:36:02,406 [Datanode State Machine Thread - 0] INFO  datanode.InitDatanodeState (InitDatanodeState.java:persistContainerDatanodeDetails(140)) - DatanodeDetails is persisted to /workdir/hadoop-ozone/integration-test/target/test-dir/MiniOzoneClusterImpl-da88efb8-9777-4db9-a0a6-522e36c2187a/datanode-5/meta/datanode.id
2019-09-10 21:36:02,412 [main] INFO  volume.HddsVolume (HddsVolume.java:<init>(176)) - Creating Volume: /workdir/hadoop-ozone/integration-test/target/test-dir/MiniOzoneClusterImpl-da88efb8-9777-4db9-a0a6-522e36c2187a/datanode-6/data/containers/hdds of  storage type : DISK and capacity : 1482555576320
2019-09-10 21:36:02,412 [main] INFO  volume.VolumeSet (VolumeSet.java:initializeVolumeSet(170)) - Added Volume : /workdir/hadoop-ozone/integration-test/target/test-dir/MiniOzoneClusterImpl-da88efb8-9777-4db9-a0a6-522e36c2187a/datanode-6/data/containers/hdds to VolumeSet
2019-09-10 21:36:02,412 [main] INFO  volume.ThrottledAsyncChecker (ThrottledAsyncChecker.java:schedule(140)) - Scheduling a check for org.apache.hadoop.ozone.container.common.volume.HddsVolume@7980cf2c
2019-09-10 21:36:02,413 [main] INFO  volume.HddsVolumeChecker (HddsVolumeChecker.java:checkAllVolumes(203)) - Scheduled health check for volume org.apache.hadoop.ozone.container.common.volume.HddsVolume@7980cf2c
2019-09-10 21:36:02,425 [main] INFO  impl.RaftServerProxy (ConfUtils.java:logGet(43)) - raft.rpc.type = GRPC (default)
2019-09-10 21:36:02,426 [main] INFO  grpc.GrpcFactory (GrpcFactory.java:checkPooledByteBufAllocatorUseCacheForAllThreads(45)) - PERFORMANCE WARNING: useCacheForAllThreads is true that may cause Netty to create a lot garbage objects and, as a result, trigger GC.
	It is recommended to disable useCacheForAllThreads by setting -Dorg.apache.ratis.thirdparty.io.netty.allocator.useCacheForAllThreads=false in command line.
2019-09-10 21:36:02,426 [main] INFO  grpc.GrpcConfigKeys$Server (ConfUtils.java:logGet(43)) - raft.grpc.server.port = 0 (default)
2019-09-10 21:36:02,426 [main] INFO  server.GrpcService (ConfUtils.java:logGet(43)) - raft.grpc.message.size.max = 33570816 (custom)
2019-09-10 21:36:02,426 [main] INFO  server.RaftServerConfigKeys (ConfUtils.java:logGet(43)) - raft.server.log.appender.buffer.byte-limit = 33554432 (custom)
2019-09-10 21:36:02,426 [main] INFO  server.GrpcService (ConfUtils.java:logGet(43)) - raft.grpc.flow.control.window = 1MB (=1048576) (default)
2019-09-10 21:36:02,426 [main] INFO  server.RaftServerConfigKeys (ConfUtils.java:logGet(43)) - raft.server.rpc.request.timeout = 3000ms (default)
2019-09-10 21:36:02,427 [main] INFO  server.RaftServerConfigKeys (ConfUtils.java:logGet(43)) - raft.server.storage.dir = [/workdir/hadoop-ozone/integration-test/target/test-dir/MiniOzoneClusterImpl-da88efb8-9777-4db9-a0a6-522e36c2187a/datanode-6/data/ratis] (custom)
2019-09-10 21:36:02,428 [main] INFO  hdfs.DFSUtil (DFSUtil.java:httpServerTemplateForNNAndJN(1641)) - Starting Web-server for hddsDatanode at: http://0.0.0.0:0
2019-09-10 21:36:02,429 [main] INFO  server.AuthenticationFilter (AuthenticationFilter.java:constructSecretProvider(240)) - Unable to initialize FileSignerSecretProvider, falling back to use random secrets.
2019-09-10 21:36:02,430 [main] WARN  http.HttpRequestLog (HttpRequestLog.java:getRequestLog(97)) - Jetty request log can only be enabled using Log4j
2019-09-10 21:36:02,431 [main] INFO  http.HttpServer2 (HttpServer2.java:addGlobalFilter(975)) - Added global filter 'safety' (class=org.apache.hadoop.http.HttpServer2$QuotingInputFilter)
2019-09-10 21:36:02,432 [main] INFO  http.HttpServer2 (HttpServer2.java:addFilter(948)) - Added filter static_user_filter (class=org.apache.hadoop.http.lib.StaticUserWebFilter$StaticUserFilter) to context hddsDatanode
2019-09-10 21:36:02,432 [main] INFO  http.HttpServer2 (HttpServer2.java:addFilter(958)) - Added filter static_user_filter (class=org.apache.hadoop.http.lib.StaticUserWebFilter$StaticUserFilter) to context static
2019-09-10 21:36:02,432 [main] INFO  http.HttpServer2 (HttpServer2.java:addFilter(958)) - Added filter static_user_filter (class=org.apache.hadoop.http.lib.StaticUserWebFilter$StaticUserFilter) to context logs
2019-09-10 21:36:02,433 [main] INFO  http.HttpServer2 (HttpServer2.java:bindListener(1191)) - Jetty bound to port 35037
2019-09-10 21:36:02,433 [main] INFO  server.Server (Server.java:doStart(351)) - jetty-9.3.24.v20180605, build timestamp: 2018-06-05T17:11:56Z, git hash: 84205aa28f11a4f31f2a3b86d1bba2cc8ab69827
2019-09-10 21:36:02,434 [main] INFO  handler.ContextHandler (ContextHandler.java:doStart(781)) - Started o.e.j.s.ServletContextHandler@2539cd1c{/logs,file:///workdir/hadoop-ozone/integration-test/target/log,AVAILABLE}
2019-09-10 21:36:02,435 [main] INFO  handler.ContextHandler (ContextHandler.java:doStart(781)) - Started o.e.j.s.ServletContextHandler@74606204{/static,jar:file:/home/user/.m2/repository/org/apache/hadoop/hadoop-hdds-container-service/0.5.0-SNAPSHOT/hadoop-hdds-container-service-0.5.0-SNAPSHOT.jar!/webapps/static,AVAILABLE}
2019-09-10 21:36:02,460 [main] INFO  handler.ContextHandler (ContextHandler.java:doStart(781)) - Started o.e.j.w.WebAppContext@4fb04a72{/,file:///tmp/jetty-0.0.0.0-35037-hddsDatanode-_-any-4554021031551596216.dir/webapp/,AVAILABLE}{/hddsDatanode}
2019-09-10 21:36:02,460 [main] INFO  server.AbstractConnector (AbstractConnector.java:doStart(278)) - Started ServerConnector@1e79d43{HTTP/1.1,[http/1.1]}{0.0.0.0:35037}
2019-09-10 21:36:02,462 [main] INFO  server.Server (Server.java:doStart(419)) - Started @69402ms
2019-09-10 21:36:02,462 [main] WARN  impl.MetricsSystemImpl (MetricsSystemImpl.java:register(276)) - Sink prometheus already exists!
2019-09-10 21:36:02,463 [main] INFO  server.BaseHttpServer (BaseHttpServer.java:updateConnectorAddress(215)) - HTTP server of HDDSDATANODE is listening at http://0.0.0.0:35037
2019-09-10 21:36:02,463 [main] INFO  ozone.MiniOzoneClusterImpl (MiniOzoneClusterImpl.java:lambda$waitForClusterToBeReady$0(140)) - Waiting for cluster to be ready. Got 0 of 7 DN Heartbeats.
2019-09-10 21:36:02,468 [org.apache.hadoop.util.JvmPauseMonitor$Monitor@5467bdc7] INFO  util.JvmPauseMonitor (JvmPauseMonitor.java:run(188)) - Starting JVM pause monitor
2019-09-10 21:36:02,469 [Datanode State Machine Thread - 0] INFO  datanode.InitDatanodeState (InitDatanodeState.java:persistContainerDatanodeDetails(140)) - DatanodeDetails is persisted to /workdir/hadoop-ozone/integration-test/target/test-dir/MiniOzoneClusterImpl-da88efb8-9777-4db9-a0a6-522e36c2187a/datanode-6/meta/datanode.id
2019-09-10 21:36:03,465 [main] INFO  ozone.MiniOzoneClusterImpl (MiniOzoneClusterImpl.java:lambda$waitForClusterToBeReady$0(140)) - Waiting for cluster to be ready. Got 0 of 7 DN Heartbeats.
2019-09-10 21:36:04,111 [Datanode State Machine Thread - 0] INFO  ozoneimpl.OzoneContainer (OzoneContainer.java:start(201)) - Attempting to start container services.
2019-09-10 21:36:04,113 [Datanode State Machine Thread - 0] INFO  ozoneimpl.OzoneContainer (OzoneContainer.java:startContainerScrub(175)) - Background container scrubber has been disabled by hdds.containerscrub.enabled
2019-09-10 21:36:04,113 [Datanode State Machine Thread - 0] INFO  ratis.XceiverServerRatis (XceiverServerRatis.java:start(393)) - Starting XceiverServerRatis b5bdbdbe-3957-4959-8415-114602cdfdb2 at port 0
2019-09-10 21:36:04,119 [Datanode State Machine Thread - 0] INFO  impl.RaftServerProxy (RaftServerProxy.java:lambda$start$3(299)) - b5bdbdbe-3957-4959-8415-114602cdfdb2: start RPC server
2019-09-10 21:36:04,121 [Datanode State Machine Thread - 0] INFO  server.GrpcService (GrpcService.java:startImpl(149)) - b5bdbdbe-3957-4959-8415-114602cdfdb2: GrpcService started, listening on 0.0.0.0/0.0.0.0:41544
2019-09-10 21:36:04,121 [Datanode State Machine Thread - 0] INFO  ratis.XceiverServerRatis (XceiverServerRatis.java:start(403)) - XceiverServerRatis b5bdbdbe-3957-4959-8415-114602cdfdb2 is started using port 41544
2019-09-10 21:36:04,122 [Datanode State Machine Thread - 0] INFO  server.XceiverServerGrpc (XceiverServerGrpc.java:start(163)) - XceiverServerGrpc b5bdbdbe-3957-4959-8415-114602cdfdb2 is started using port 42438
2019-09-10 21:36:04,164 [Datanode State Machine Thread - 0] INFO  ozoneimpl.OzoneContainer (OzoneContainer.java:start(201)) - Attempting to start container services.
2019-09-10 21:36:04,167 [Datanode State Machine Thread - 0] INFO  ozoneimpl.OzoneContainer (OzoneContainer.java:startContainerScrub(175)) - Background container scrubber has been disabled by hdds.containerscrub.enabled
2019-09-10 21:36:04,167 [Datanode State Machine Thread - 0] INFO  ratis.XceiverServerRatis (XceiverServerRatis.java:start(393)) - Starting XceiverServerRatis 66bbc06a-8405-41cc-8f06-d094f2a47128 at port 0
2019-09-10 21:36:04,171 [Datanode State Machine Thread - 0] INFO  impl.RaftServerProxy (RaftServerProxy.java:lambda$start$3(299)) - 66bbc06a-8405-41cc-8f06-d094f2a47128: start RPC server
2019-09-10 21:36:04,172 [Datanode State Machine Thread - 0] INFO  server.GrpcService (GrpcService.java:startImpl(149)) - 66bbc06a-8405-41cc-8f06-d094f2a47128: GrpcService started, listening on 0.0.0.0/0.0.0.0:44922
2019-09-10 21:36:04,172 [Datanode State Machine Thread - 0] INFO  ratis.XceiverServerRatis (XceiverServerRatis.java:start(403)) - XceiverServerRatis 66bbc06a-8405-41cc-8f06-d094f2a47128 is started using port 44922
2019-09-10 21:36:04,173 [Datanode State Machine Thread - 0] INFO  server.XceiverServerGrpc (XceiverServerGrpc.java:start(163)) - XceiverServerGrpc 66bbc06a-8405-41cc-8f06-d094f2a47128 is started using port 39966
2019-09-10 21:36:04,223 [Datanode State Machine Thread - 0] INFO  ozoneimpl.OzoneContainer (OzoneContainer.java:start(201)) - Attempting to start container services.
2019-09-10 21:36:04,228 [Datanode State Machine Thread - 0] INFO  ozoneimpl.OzoneContainer (OzoneContainer.java:startContainerScrub(175)) - Background container scrubber has been disabled by hdds.containerscrub.enabled
2019-09-10 21:36:04,229 [Datanode State Machine Thread - 0] INFO  ratis.XceiverServerRatis (XceiverServerRatis.java:start(393)) - Starting XceiverServerRatis 3320d5df-27d5-46c1-87ca-9b92777b1f08 at port 0
2019-09-10 21:36:04,233 [Datanode State Machine Thread - 0] INFO  impl.RaftServerProxy (RaftServerProxy.java:lambda$start$3(299)) - 3320d5df-27d5-46c1-87ca-9b92777b1f08: start RPC server
2019-09-10 21:36:04,238 [Datanode State Machine Thread - 0] INFO  server.GrpcService (GrpcService.java:startImpl(149)) - 3320d5df-27d5-46c1-87ca-9b92777b1f08: GrpcService started, listening on 0.0.0.0/0.0.0.0:33579
2019-09-10 21:36:04,238 [Datanode State Machine Thread - 0] INFO  ratis.XceiverServerRatis (XceiverServerRatis.java:start(403)) - XceiverServerRatis 3320d5df-27d5-46c1-87ca-9b92777b1f08 is started using port 33579
2019-09-10 21:36:04,241 [Datanode State Machine Thread - 0] INFO  server.XceiverServerGrpc (XceiverServerGrpc.java:start(163)) - XceiverServerGrpc 3320d5df-27d5-46c1-87ca-9b92777b1f08 is started using port 33280
2019-09-10 21:36:04,291 [Datanode State Machine Thread - 0] INFO  ozoneimpl.OzoneContainer (OzoneContainer.java:start(201)) - Attempting to start container services.
2019-09-10 21:36:04,291 [Datanode State Machine Thread - 0] INFO  ozoneimpl.OzoneContainer (OzoneContainer.java:startContainerScrub(175)) - Background container scrubber has been disabled by hdds.containerscrub.enabled
2019-09-10 21:36:04,291 [Datanode State Machine Thread - 0] INFO  ratis.XceiverServerRatis (XceiverServerRatis.java:start(393)) - Starting XceiverServerRatis e63844c6-a8ea-4ed6-bffd-4bb09eb8cb63 at port 0
2019-09-10 21:36:04,296 [Datanode State Machine Thread - 0] INFO  impl.RaftServerProxy (RaftServerProxy.java:lambda$start$3(299)) - e63844c6-a8ea-4ed6-bffd-4bb09eb8cb63: start RPC server
2019-09-10 21:36:04,297 [Datanode State Machine Thread - 0] INFO  server.GrpcService (GrpcService.java:startImpl(149)) - e63844c6-a8ea-4ed6-bffd-4bb09eb8cb63: GrpcService started, listening on 0.0.0.0/0.0.0.0:36803
2019-09-10 21:36:04,298 [Datanode State Machine Thread - 0] INFO  ratis.XceiverServerRatis (XceiverServerRatis.java:start(403)) - XceiverServerRatis e63844c6-a8ea-4ed6-bffd-4bb09eb8cb63 is started using port 36803
2019-09-10 21:36:04,298 [Datanode State Machine Thread - 0] INFO  server.XceiverServerGrpc (XceiverServerGrpc.java:start(163)) - XceiverServerGrpc e63844c6-a8ea-4ed6-bffd-4bb09eb8cb63 is started using port 41873
2019-09-10 21:36:04,374 [Datanode State Machine Thread - 0] INFO  ozoneimpl.OzoneContainer (OzoneContainer.java:start(201)) - Attempting to start container services.
2019-09-10 21:36:04,375 [Datanode State Machine Thread - 0] INFO  ozoneimpl.OzoneContainer (OzoneContainer.java:startContainerScrub(175)) - Background container scrubber has been disabled by hdds.containerscrub.enabled
2019-09-10 21:36:04,375 [Datanode State Machine Thread - 0] INFO  ratis.XceiverServerRatis (XceiverServerRatis.java:start(393)) - Starting XceiverServerRatis a7358a4f-6804-4d5d-b9ef-f19acab1fc8c at port 0
2019-09-10 21:36:04,380 [Datanode State Machine Thread - 0] INFO  impl.RaftServerProxy (RaftServerProxy.java:lambda$start$3(299)) - a7358a4f-6804-4d5d-b9ef-f19acab1fc8c: start RPC server
2019-09-10 21:36:04,381 [Datanode State Machine Thread - 0] INFO  server.GrpcService (GrpcService.java:startImpl(149)) - a7358a4f-6804-4d5d-b9ef-f19acab1fc8c: GrpcService started, listening on 0.0.0.0/0.0.0.0:42929
2019-09-10 21:36:04,381 [Datanode State Machine Thread - 0] INFO  ratis.XceiverServerRatis (XceiverServerRatis.java:start(403)) - XceiverServerRatis a7358a4f-6804-4d5d-b9ef-f19acab1fc8c is started using port 42929
2019-09-10 21:36:04,384 [Datanode State Machine Thread - 0] INFO  server.XceiverServerGrpc (XceiverServerGrpc.java:start(163)) - XceiverServerGrpc a7358a4f-6804-4d5d-b9ef-f19acab1fc8c is started using port 41723
2019-09-10 21:36:04,425 [Datanode State Machine Thread - 0] INFO  ozoneimpl.OzoneContainer (OzoneContainer.java:start(201)) - Attempting to start container services.
2019-09-10 21:36:04,425 [Datanode State Machine Thread - 0] INFO  ozoneimpl.OzoneContainer (OzoneContainer.java:startContainerScrub(175)) - Background container scrubber has been disabled by hdds.containerscrub.enabled
2019-09-10 21:36:04,425 [Datanode State Machine Thread - 0] INFO  ratis.XceiverServerRatis (XceiverServerRatis.java:start(393)) - Starting XceiverServerRatis c74946ab-1ae7-469f-926d-94c964302b5d at port 0
2019-09-10 21:36:04,432 [Datanode State Machine Thread - 0] INFO  impl.RaftServerProxy (RaftServerProxy.java:lambda$start$3(299)) - c74946ab-1ae7-469f-926d-94c964302b5d: start RPC server
2019-09-10 21:36:04,432 [Datanode State Machine Thread - 0] INFO  server.GrpcService (GrpcService.java:startImpl(149)) - c74946ab-1ae7-469f-926d-94c964302b5d: GrpcService started, listening on 0.0.0.0/0.0.0.0:35861
2019-09-10 21:36:04,433 [Datanode State Machine Thread - 0] INFO  ratis.XceiverServerRatis (XceiverServerRatis.java:start(403)) - XceiverServerRatis c74946ab-1ae7-469f-926d-94c964302b5d is started using port 35861
2019-09-10 21:36:04,433 [Datanode State Machine Thread - 0] INFO  server.XceiverServerGrpc (XceiverServerGrpc.java:start(163)) - XceiverServerGrpc c74946ab-1ae7-469f-926d-94c964302b5d is started using port 33076
2019-09-10 21:36:04,466 [main] INFO  ozone.MiniOzoneClusterImpl (MiniOzoneClusterImpl.java:lambda$waitForClusterToBeReady$0(140)) - Waiting for cluster to be ready. Got 0 of 7 DN Heartbeats.
2019-09-10 21:36:04,492 [Datanode State Machine Thread - 0] INFO  ozoneimpl.OzoneContainer (OzoneContainer.java:start(201)) - Attempting to start container services.
2019-09-10 21:36:04,492 [Datanode State Machine Thread - 0] INFO  ozoneimpl.OzoneContainer (OzoneContainer.java:startContainerScrub(175)) - Background container scrubber has been disabled by hdds.containerscrub.enabled
2019-09-10 21:36:04,493 [Datanode State Machine Thread - 0] INFO  ratis.XceiverServerRatis (XceiverServerRatis.java:start(393)) - Starting XceiverServerRatis 03cfe98d-66e9-47f4-af03-9590c4a45681 at port 0
2019-09-10 21:36:04,499 [Datanode State Machine Thread - 0] INFO  impl.RaftServerProxy (RaftServerProxy.java:lambda$start$3(299)) - 03cfe98d-66e9-47f4-af03-9590c4a45681: start RPC server
2019-09-10 21:36:04,502 [Datanode State Machine Thread - 0] INFO  server.GrpcService (GrpcService.java:startImpl(149)) - 03cfe98d-66e9-47f4-af03-9590c4a45681: GrpcService started, listening on 0.0.0.0/0.0.0.0:42973
2019-09-10 21:36:04,502 [Datanode State Machine Thread - 0] INFO  ratis.XceiverServerRatis (XceiverServerRatis.java:start(403)) - XceiverServerRatis 03cfe98d-66e9-47f4-af03-9590c4a45681 is started using port 42973
2019-09-10 21:36:04,505 [Datanode State Machine Thread - 0] INFO  server.XceiverServerGrpc (XceiverServerGrpc.java:start(163)) - XceiverServerGrpc 03cfe98d-66e9-47f4-af03-9590c4a45681 is started using port 35948
2019-09-10 21:36:05,466 [main] INFO  ozone.MiniOzoneClusterImpl (MiniOzoneClusterImpl.java:lambda$waitForClusterToBeReady$0(140)) - Waiting for cluster to be ready. Got 0 of 7 DN Heartbeats.
2019-09-10 21:36:06,069 [IPC Server handler 0 on 38493] INFO  net.NetworkTopology (NetworkTopologyImpl.java:add(110)) - Added a new node: /default-rack/b5bdbdbe-3957-4959-8415-114602cdfdb2
2019-09-10 21:36:06,071 [IPC Server handler 0 on 38493] INFO  node.SCMNodeManager (SCMNodeManager.java:register(266)) - Registered Data node : b5bdbdbe-3957-4959-8415-114602cdfdb2{ip: 192.168.69.94, host: pr-hdds-2007-qhgzt-2180668592, networkLocation: /default-rack, certSerialId: null}
2019-09-10 21:36:06,072 [EventQueue-NodeRegistrationContainerReportForDataNodeSafeModeRule] INFO  safemode.SCMSafeModeManager (DataNodeSafeModeRule.java:process(71)) - SCM in safe mode. 1 DataNodes registered, 1 required.
2019-09-10 21:36:06,075 [EventQueue-NodeRegistrationContainerReportForDataNodeSafeModeRule] INFO  safemode.SCMSafeModeManager (SCMSafeModeManager.java:validateSafeModeExitRules(177)) - ScmSafeModeManager, all rules are successfully validated
2019-09-10 21:36:06,075 [EventQueue-NodeRegistrationContainerReportForDataNodeSafeModeRule] INFO  safemode.SCMSafeModeManager (SCMSafeModeManager.java:exitSafeMode(193)) - SCM exiting safe mode.
2019-09-10 21:36:06,093 [grpc-default-executor-2] INFO  impl.RaftServerProxy (RaftServerProxy.java:addNew(89)) - b5bdbdbe-3957-4959-8415-114602cdfdb2: addNew group-1E3D94AF7905:[b5bdbdbe-3957-4959-8415-114602cdfdb2:192.168.69.94:41544] returns group-1E3D94AF7905:java.util.concurrent.CompletableFuture@7102d808[Not completed]
2019-09-10 21:36:06,096 [pool-119-thread-1] INFO  impl.RaftServerImpl (RaftServerImpl.java:<init>(93)) - b5bdbdbe-3957-4959-8415-114602cdfdb2: new RaftServerImpl for group-1E3D94AF7905:[b5bdbdbe-3957-4959-8415-114602cdfdb2:192.168.69.94:41544] with ContainerStateMachine:uninitialized
2019-09-10 21:36:06,096 [pool-119-thread-1] INFO  server.RaftServerConfigKeys (ConfUtils.java:logGet(43)) - raft.server.rpc.timeout.min = 5s (custom)
2019-09-10 21:36:06,096 [pool-119-thread-1] INFO  server.RaftServerConfigKeys (ConfUtils.java:logGet(43)) - raft.server.rpc.timeout.max = 5200ms (custom)
2019-09-10 21:36:06,096 [pool-119-thread-1] INFO  server.RaftServerConfigKeys (ConfUtils.java:logGet(43)) - raft.server.rpcslowness.timeout = 120s (custom)
2019-09-10 21:36:06,096 [pool-119-thread-1] INFO  server.RaftServerConfigKeys (ConfUtils.java:logGet(43)) - raft.server.sleep.deviation.threshold = 300 (default)
2019-09-10 21:36:06,097 [pool-119-thread-1] INFO  server.RaftServerConfigKeys (ConfUtils.java:logGet(43)) - raft.server.log.appender.install.snapshot.enabled = false (custom)
2019-09-10 21:36:06,097 [pool-119-thread-1] INFO  impl.RaftServerImpl (ServerState.java:<init>(105)) - b5bdbdbe-3957-4959-8415-114602cdfdb2:group-1E3D94AF7905 ConfigurationManager, init=-1: [b5bdbdbe-3957-4959-8415-114602cdfdb2:192.168.69.94:41544], old=null, confs=<EMPTY_MAP>
2019-09-10 21:36:06,097 [pool-119-thread-1] INFO  server.RaftServerConfigKeys (ConfUtils.java:logGet(43)) - raft.server.storage.dir = [/workdir/hadoop-ozone/integration-test/target/test-dir/MiniOzoneClusterImpl-da88efb8-9777-4db9-a0a6-522e36c2187a/datanode-0/data/ratis] (custom)
2019-09-10 21:36:06,097 [pool-119-thread-1] INFO  storage.RaftStorageDirectory (RaftStorageDirectory.java:analyzeStorage(246)) - The storage directory /workdir/hadoop-ozone/integration-test/target/test-dir/MiniOzoneClusterImpl-da88efb8-9777-4db9-a0a6-522e36c2187a/datanode-0/data/ratis/5e9983fd-05e6-4c47-9d99-1e3d94af7905 does not exist. Creating ...
2019-09-10 21:36:06,112 [pool-119-thread-1] INFO  storage.RaftStorageDirectory (RaftStorageDirectory.java:tryLock(328)) - Lock on /workdir/hadoop-ozone/integration-test/target/test-dir/MiniOzoneClusterImpl-da88efb8-9777-4db9-a0a6-522e36c2187a/datanode-0/data/ratis/5e9983fd-05e6-4c47-9d99-1e3d94af7905/in_use.lock acquired by nodename 31480@pr-hdds-2007-qhgzt-2180668592
2019-09-10 21:36:06,133 [pool-119-thread-1] INFO  storage.RaftStorage (RaftStorage.java:format(72)) - Storage directory /workdir/hadoop-ozone/integration-test/target/test-dir/MiniOzoneClusterImpl-da88efb8-9777-4db9-a0a6-522e36c2187a/datanode-0/data/ratis/5e9983fd-05e6-4c47-9d99-1e3d94af7905 has been successfully formatted.
2019-09-10 21:36:06,133 [pool-119-thread-1] INFO  ratis.ContainerStateMachine (ContainerStateMachine.java:loadSnapshot(227)) - group-1E3D94AF7905: The snapshot info is null. Setting the last applied indexto:(t:0, i:~)
2019-09-10 21:36:06,133 [pool-119-thread-1] INFO  server.RaftServerConfigKeys (ConfUtils.java:logGet(43)) - raft.server.leader.election.timeout = 120s (custom)
2019-09-10 21:36:06,134 [pool-119-thread-1] INFO  server.RaftServerConfigKeys (ConfUtils.java:logGet(43)) - raft.server.log.use.memory = false (default)
2019-09-10 21:36:06,134 [pool-119-thread-1] INFO  server.RaftServerConfigKeys (ConfUtils.java:logGet(43)) - raft.server.log.purge.gap = 1000000 (custom)
2019-09-10 21:36:06,134 [pool-119-thread-1] INFO  server.RaftServerConfigKeys (ConfUtils.java:logGet(43)) - raft.server.log.appender.buffer.byte-limit = 33554432 (custom)
2019-09-10 21:36:06,134 [pool-119-thread-1] INFO  server.RaftServerConfigKeys (ConfUtils.java:logGet(43)) - raft.server.log.segment.size.max = 1048576 (custom)
2019-09-10 21:36:06,134 [pool-119-thread-1] INFO  server.RaftServerConfigKeys (ConfUtils.java:logGet(43)) - raft.server.log.segment.cache.num.max = 2 (custom)
2019-09-10 21:36:06,135 [pool-119-thread-1] INFO  segmented.SegmentedRaftLogWorker (SegmentedRaftLogWorker.java:<init>(172)) - new b5bdbdbe-3957-4959-8415-114602cdfdb2-SegmentedRaftLogWorker:Storage Directory /workdir/hadoop-ozone/integration-test/target/test-dir/MiniOzoneClusterImpl-da88efb8-9777-4db9-a0a6-522e36c2187a/datanode-0/data/ratis/5e9983fd-05e6-4c47-9d99-1e3d94af7905 for RaftStorage:Storage Directory /workdir/hadoop-ozone/integration-test/target/test-dir/MiniOzoneClusterImpl-da88efb8-9777-4db9-a0a6-522e36c2187a/datanode-0/data/ratis/5e9983fd-05e6-4c47-9d99-1e3d94af7905
2019-09-10 21:36:06,135 [pool-119-thread-1] INFO  server.RaftServerConfigKeys (ConfUtils.java:logGet(43)) - raft.server.log.queue.byte-limit = 2147483647 (custom)
2019-09-10 21:36:06,135 [pool-119-thread-1] INFO  server.RaftServerConfigKeys (ConfUtils.java:logGet(43)) - raft.server.log.queue.element-limit = 1024 (custom)
2019-09-10 21:36:06,135 [IPC Server handler 1 on 38493] INFO  net.NetworkTopology (NetworkTopologyImpl.java:add(110)) - Added a new node: /default-rack/66bbc06a-8405-41cc-8f06-d094f2a47128
2019-09-10 21:36:06,135 [IPC Server handler 1 on 38493] INFO  node.SCMNodeManager (SCMNodeManager.java:register(266)) - Registered Data node : 66bbc06a-8405-41cc-8f06-d094f2a47128{ip: 192.168.69.94, host: pr-hdds-2007-qhgzt-2180668592, networkLocation: /default-rack, certSerialId: null}
2019-09-10 21:36:06,135 [pool-119-thread-1] INFO  server.RaftServerConfigKeys (ConfUtils.java:logGet(43)) - raft.server.log.segment.size.max = 1048576 (custom)
2019-09-10 21:36:06,136 [pool-119-thread-1] INFO  server.RaftServerConfigKeys (ConfUtils.java:logGet(43)) - raft.server.log.preallocated.size = 16384 (custom)
2019-09-10 21:36:06,136 [pool-119-thread-1] INFO  server.RaftServerConfigKeys (ConfUtils.java:logGet(43)) - raft.server.log.write.buffer.size = 33554432 (custom)
2019-09-10 21:36:06,136 [pool-119-thread-1] INFO  server.RaftServerConfigKeys (ConfUtils.java:logGet(43)) - raft.server.log.force.sync.num = 128 (default)
2019-09-10 21:36:06,136 [pool-119-thread-1] INFO  server.RaftServerConfigKeys (ConfUtils.java:logGet(43)) - raft.server.log.statemachine.data.sync = true (default)
2019-09-10 21:36:06,136 [pool-119-thread-1] INFO  server.RaftServerConfigKeys (ConfUtils.java:logGet(43)) - raft.server.log.statemachine.data.sync.timeout = 10s (default)
2019-09-10 21:36:06,136 [pool-119-thread-1] INFO  server.RaftServerConfigKeys (ConfUtils.java:logGet(43)) - raft.server.log.statemachine.data.sync.timeout.retry = -1 (default)
2019-09-10 21:36:06,137 [pool-119-thread-1] INFO  server.RaftServerConfigKeys (ConfUtils.java:logGet(43)) - raft.server.log.statemachine.data.caching.enabled = true (custom)
2019-09-10 21:36:06,137 [pool-119-thread-1] INFO  segmented.SegmentedRaftLogWorker (SegmentedRaftLogWorker.java:lambda$new$0(132)) - b5bdbdbe-3957-4959-8415-114602cdfdb2-SegmentedRaftLogWorker:Storage Directory /workdir/hadoop-ozone/integration-test/target/test-dir/MiniOzoneClusterImpl-da88efb8-9777-4db9-a0a6-522e36c2187a/datanode-0/data/ratis/5e9983fd-05e6-4c47-9d99-1e3d94af7905: flushIndex: setUnconditionally 0 -> -1
2019-09-10 21:36:06,137 [pool-119-thread-1] INFO  server.RaftServerConfigKeys (ConfUtils.java:logGet(43)) - raft.server.snapshot.auto.trigger.enabled = true (custom)
2019-09-10 21:36:06,137 [pool-119-thread-1] INFO  server.RaftServerConfigKeys (ConfUtils.java:logGet(43)) - raft.server.snapshot.auto.trigger.threshold = 10000 (custom)
2019-09-10 21:36:06,138 [pool-119-thread-1] INFO  server.RaftServerConfigKeys (ConfUtils.java:logGet(43)) - raft.server.retrycache.expirytime = 600000ms (custom)
2019-09-10 21:36:06,138 [pool-119-thread-1] INFO  impl.RaftServerImpl (RaftServerImpl.java:start(180)) - b5bdbdbe-3957-4959-8415-114602cdfdb2: start group-1E3D94AF7905
2019-09-10 21:36:06,138 [pool-119-thread-1] INFO  impl.RaftServerImpl (RaftServerImpl.java:setRole(171)) - b5bdbdbe-3957-4959-8415-114602cdfdb2:group-1E3D94AF7905 changes role from null to FOLLOWER at term 0 for startAsFollower
2019-09-10 21:36:06,138 [pool-119-thread-1] INFO  impl.RoleInfo (RoleInfo.java:updateAndGet(143)) - b5bdbdbe-3957-4959-8415-114602cdfdb2: start FollowerState
2019-09-10 21:36:06,139 [pool-119-thread-1] INFO  util.JmxRegister (JmxRegister.java:tryRegister(44)) - Successfully registered JMX Bean with object name Ratis:service=RaftServer,group=group-1E3D94AF7905,id=b5bdbdbe-3957-4959-8415-114602cdfdb2
2019-09-10 21:36:06,168 [RatisPipelineUtilsThread] INFO  pipeline.PipelineStateManager (PipelineStateManager.java:addPipeline(56)) - Created pipeline Pipeline[ Id: 5e9983fd-05e6-4c47-9d99-1e3d94af7905, Nodes: b5bdbdbe-3957-4959-8415-114602cdfdb2{ip: 192.168.69.94, host: pr-hdds-2007-qhgzt-2180668592, networkLocation: /default-rack, certSerialId: null}, Type:RATIS, Factor:ONE, State:OPEN]
2019-09-10 21:36:06,179 [grpc-default-executor-2] INFO  impl.RaftServerProxy (RaftServerProxy.java:addNew(89)) - 66bbc06a-8405-41cc-8f06-d094f2a47128: addNew group-9C2877E18854:[66bbc06a-8405-41cc-8f06-d094f2a47128:192.168.69.94:44922] returns group-9C2877E18854:java.util.concurrent.CompletableFuture@5a5eaba3[Not completed]
2019-09-10 21:36:06,181 [pool-129-thread-1] INFO  impl.RaftServerImpl (RaftServerImpl.java:<init>(93)) - 66bbc06a-8405-41cc-8f06-d094f2a47128: new RaftServerImpl for group-9C2877E18854:[66bbc06a-8405-41cc-8f06-d094f2a47128:192.168.69.94:44922] with ContainerStateMachine:uninitialized
2019-09-10 21:36:06,182 [pool-129-thread-1] INFO  server.RaftServerConfigKeys (ConfUtils.java:logGet(43)) - raft.server.rpc.timeout.min = 5s (custom)
2019-09-10 21:36:06,182 [pool-129-thread-1] INFO  server.RaftServerConfigKeys (ConfUtils.java:logGet(43)) - raft.server.rpc.timeout.max = 5200ms (custom)
2019-09-10 21:36:06,182 [pool-129-thread-1] INFO  server.RaftServerConfigKeys (ConfUtils.java:logGet(43)) - raft.server.rpcslowness.timeout = 120s (custom)
2019-09-10 21:36:06,182 [pool-129-thread-1] INFO  server.RaftServerConfigKeys (ConfUtils.java:logGet(43)) - raft.server.sleep.deviation.threshold = 300 (default)
2019-09-10 21:36:06,182 [pool-129-thread-1] INFO  server.RaftServerConfigKeys (ConfUtils.java:logGet(43)) - raft.server.log.appender.install.snapshot.enabled = false (custom)
2019-09-10 21:36:06,183 [pool-129-thread-1] INFO  impl.RaftServerImpl (ServerState.java:<init>(105)) - 66bbc06a-8405-41cc-8f06-d094f2a47128:group-9C2877E18854 ConfigurationManager, init=-1: [66bbc06a-8405-41cc-8f06-d094f2a47128:192.168.69.94:44922], old=null, confs=<EMPTY_MAP>
2019-09-10 21:36:06,183 [pool-129-thread-1] INFO  server.RaftServerConfigKeys (ConfUtils.java:logGet(43)) - raft.server.storage.dir = [/workdir/hadoop-ozone/integration-test/target/test-dir/MiniOzoneClusterImpl-da88efb8-9777-4db9-a0a6-522e36c2187a/datanode-1/data/ratis] (custom)
2019-09-10 21:36:06,183 [pool-129-thread-1] INFO  storage.RaftStorageDirectory (RaftStorageDirectory.java:analyzeStorage(246)) - The storage directory /workdir/hadoop-ozone/integration-test/target/test-dir/MiniOzoneClusterImpl-da88efb8-9777-4db9-a0a6-522e36c2187a/datanode-1/data/ratis/24df0b80-863b-4ddb-af38-9c2877e18854 does not exist. Creating ...
2019-09-10 21:36:06,203 [IPC Server handler 2 on 38493] INFO  net.NetworkTopology (NetworkTopologyImpl.java:add(110)) - Added a new node: /default-rack/3320d5df-27d5-46c1-87ca-9b92777b1f08
2019-09-10 21:36:06,203 [IPC Server handler 2 on 38493] INFO  node.SCMNodeManager (SCMNodeManager.java:register(266)) - Registered Data node : 3320d5df-27d5-46c1-87ca-9b92777b1f08{ip: 192.168.69.94, host: pr-hdds-2007-qhgzt-2180668592, networkLocation: /default-rack, certSerialId: null}
2019-09-10 21:36:06,203 [pool-129-thread-1] INFO  storage.RaftStorageDirectory (RaftStorageDirectory.java:tryLock(328)) - Lock on /workdir/hadoop-ozone/integration-test/target/test-dir/MiniOzoneClusterImpl-da88efb8-9777-4db9-a0a6-522e36c2187a/datanode-1/data/ratis/24df0b80-863b-4ddb-af38-9c2877e18854/in_use.lock acquired by nodename 31480@pr-hdds-2007-qhgzt-2180668592
2019-09-10 21:36:06,222 [pool-129-thread-1] INFO  storage.RaftStorage (RaftStorage.java:format(72)) - Storage directory /workdir/hadoop-ozone/integration-test/target/test-dir/MiniOzoneClusterImpl-da88efb8-9777-4db9-a0a6-522e36c2187a/datanode-1/data/ratis/24df0b80-863b-4ddb-af38-9c2877e18854 has been successfully formatted.
2019-09-10 21:36:06,222 [pool-129-thread-1] INFO  ratis.ContainerStateMachine (ContainerStateMachine.java:loadSnapshot(227)) - group-9C2877E18854: The snapshot info is null. Setting the last applied indexto:(t:0, i:~)
2019-09-10 21:36:06,223 [pool-129-thread-1] INFO  server.RaftServerConfigKeys (ConfUtils.java:logGet(43)) - raft.server.leader.election.timeout = 120s (custom)
2019-09-10 21:36:06,223 [pool-129-thread-1] INFO  server.RaftServerConfigKeys (ConfUtils.java:logGet(43)) - raft.server.log.use.memory = false (default)
2019-09-10 21:36:06,223 [pool-129-thread-1] INFO  server.RaftServerConfigKeys (ConfUtils.java:logGet(43)) - raft.server.log.purge.gap = 1000000 (custom)
2019-09-10 21:36:06,223 [pool-129-thread-1] INFO  server.RaftServerConfigKeys (ConfUtils.java:logGet(43)) - raft.server.log.appender.buffer.byte-limit = 33554432 (custom)
2019-09-10 21:36:06,223 [pool-129-thread-1] INFO  server.RaftServerConfigKeys (ConfUtils.java:logGet(43)) - raft.server.log.segment.size.max = 1048576 (custom)
2019-09-10 21:36:06,223 [pool-129-thread-1] INFO  server.RaftServerConfigKeys (ConfUtils.java:logGet(43)) - raft.server.log.segment.cache.num.max = 2 (custom)
2019-09-10 21:36:06,224 [pool-129-thread-1] INFO  segmented.SegmentedRaftLogWorker (SegmentedRaftLogWorker.java:<init>(172)) - new 66bbc06a-8405-41cc-8f06-d094f2a47128-SegmentedRaftLogWorker:Storage Directory /workdir/hadoop-ozone/integration-test/target/test-dir/MiniOzoneClusterImpl-da88efb8-9777-4db9-a0a6-522e36c2187a/datanode-1/data/ratis/24df0b80-863b-4ddb-af38-9c2877e18854 for RaftStorage:Storage Directory /workdir/hadoop-ozone/integration-test/target/test-dir/MiniOzoneClusterImpl-da88efb8-9777-4db9-a0a6-522e36c2187a/datanode-1/data/ratis/24df0b80-863b-4ddb-af38-9c2877e18854
2019-09-10 21:36:06,224 [pool-129-thread-1] INFO  server.RaftServerConfigKeys (ConfUtils.java:logGet(43)) - raft.server.log.queue.byte-limit = 2147483647 (custom)
2019-09-10 21:36:06,224 [pool-129-thread-1] INFO  server.RaftServerConfigKeys (ConfUtils.java:logGet(43)) - raft.server.log.queue.element-limit = 1024 (custom)
2019-09-10 21:36:06,224 [pool-129-thread-1] INFO  server.RaftServerConfigKeys (ConfUtils.java:logGet(43)) - raft.server.log.segment.size.max = 1048576 (custom)
2019-09-10 21:36:06,224 [pool-129-thread-1] INFO  server.RaftServerConfigKeys (ConfUtils.java:logGet(43)) - raft.server.log.preallocated.size = 16384 (custom)
2019-09-10 21:36:06,225 [pool-129-thread-1] INFO  server.RaftServerConfigKeys (ConfUtils.java:logGet(43)) - raft.server.log.write.buffer.size = 33554432 (custom)
2019-09-10 21:36:06,225 [pool-129-thread-1] INFO  server.RaftServerConfigKeys (ConfUtils.java:logGet(43)) - raft.server.log.force.sync.num = 128 (default)
2019-09-10 21:36:06,225 [pool-129-thread-1] INFO  server.RaftServerConfigKeys (ConfUtils.java:logGet(43)) - raft.server.log.statemachine.data.sync = true (default)
2019-09-10 21:36:06,225 [pool-129-thread-1] INFO  server.RaftServerConfigKeys (ConfUtils.java:logGet(43)) - raft.server.log.statemachine.data.sync.timeout = 10s (default)
2019-09-10 21:36:06,225 [pool-129-thread-1] INFO  server.RaftServerConfigKeys (ConfUtils.java:logGet(43)) - raft.server.log.statemachine.data.sync.timeout.retry = -1 (default)
2019-09-10 21:36:06,226 [pool-129-thread-1] INFO  server.RaftServerConfigKeys (ConfUtils.java:logGet(43)) - raft.server.log.statemachine.data.caching.enabled = true (custom)
2019-09-10 21:36:06,226 [pool-129-thread-1] INFO  segmented.SegmentedRaftLogWorker (SegmentedRaftLogWorker.java:lambda$new$0(132)) - 66bbc06a-8405-41cc-8f06-d094f2a47128-SegmentedRaftLogWorker:Storage Directory /workdir/hadoop-ozone/integration-test/target/test-dir/MiniOzoneClusterImpl-da88efb8-9777-4db9-a0a6-522e36c2187a/datanode-1/data/ratis/24df0b80-863b-4ddb-af38-9c2877e18854: flushIndex: setUnconditionally 0 -> -1
2019-09-10 21:36:06,226 [pool-129-thread-1] INFO  server.RaftServerConfigKeys (ConfUtils.java:logGet(43)) - raft.server.snapshot.auto.trigger.enabled = true (custom)
2019-09-10 21:36:06,226 [pool-129-thread-1] INFO  server.RaftServerConfigKeys (ConfUtils.java:logGet(43)) - raft.server.snapshot.auto.trigger.threshold = 10000 (custom)
2019-09-10 21:36:06,227 [pool-129-thread-1] INFO  server.RaftServerConfigKeys (ConfUtils.java:logGet(43)) - raft.server.retrycache.expirytime = 600000ms (custom)
2019-09-10 21:36:06,227 [pool-129-thread-1] INFO  impl.RaftServerImpl (RaftServerImpl.java:start(180)) - 66bbc06a-8405-41cc-8f06-d094f2a47128: start group-9C2877E18854
2019-09-10 21:36:06,227 [pool-129-thread-1] INFO  impl.RaftServerImpl (RaftServerImpl.java:setRole(171)) - 66bbc06a-8405-41cc-8f06-d094f2a47128:group-9C2877E18854 changes role from null to FOLLOWER at term 0 for startAsFollower
2019-09-10 21:36:06,227 [pool-129-thread-1] INFO  impl.RoleInfo (RoleInfo.java:updateAndGet(143)) - 66bbc06a-8405-41cc-8f06-d094f2a47128: start FollowerState
2019-09-10 21:36:06,228 [pool-129-thread-1] INFO  util.JmxRegister (JmxRegister.java:tryRegister(44)) - Successfully registered JMX Bean with object name Ratis:service=RaftServer,group=group-9C2877E18854,id=66bbc06a-8405-41cc-8f06-d094f2a47128
2019-09-10 21:36:06,233 [RatisPipelineUtilsThread] INFO  pipeline.PipelineStateManager (PipelineStateManager.java:addPipeline(56)) - Created pipeline Pipeline[ Id: 24df0b80-863b-4ddb-af38-9c2877e18854, Nodes: 66bbc06a-8405-41cc-8f06-d094f2a47128{ip: 192.168.69.94, host: pr-hdds-2007-qhgzt-2180668592, networkLocation: /default-rack, certSerialId: null}, Type:RATIS, Factor:ONE, State:OPEN]
2019-09-10 21:36:06,244 [grpc-default-executor-2] INFO  impl.RaftServerProxy (RaftServerProxy.java:addNew(89)) - 3320d5df-27d5-46c1-87ca-9b92777b1f08: addNew group-F434199A9FE7:[3320d5df-27d5-46c1-87ca-9b92777b1f08:192.168.69.94:33579] returns group-F434199A9FE7:java.util.concurrent.CompletableFuture@5ddc3e74[Not completed]
2019-09-10 21:36:06,249 [pool-139-thread-1] INFO  impl.RaftServerImpl (RaftServerImpl.java:<init>(93)) - 3320d5df-27d5-46c1-87ca-9b92777b1f08: new RaftServerImpl for group-F434199A9FE7:[3320d5df-27d5-46c1-87ca-9b92777b1f08:192.168.69.94:33579] with ContainerStateMachine:uninitialized
2019-09-10 21:36:06,250 [pool-139-thread-1] INFO  server.RaftServerConfigKeys (ConfUtils.java:logGet(43)) - raft.server.rpc.timeout.min = 5s (custom)
2019-09-10 21:36:06,250 [pool-139-thread-1] INFO  server.RaftServerConfigKeys (ConfUtils.java:logGet(43)) - raft.server.rpc.timeout.max = 5200ms (custom)
2019-09-10 21:36:06,250 [pool-139-thread-1] INFO  server.RaftServerConfigKeys (ConfUtils.java:logGet(43)) - raft.server.rpcslowness.timeout = 120s (custom)
2019-09-10 21:36:06,250 [pool-139-thread-1] INFO  server.RaftServerConfigKeys (ConfUtils.java:logGet(43)) - raft.server.sleep.deviation.threshold = 300 (default)
2019-09-10 21:36:06,250 [pool-139-thread-1] INFO  server.RaftServerConfigKeys (ConfUtils.java:logGet(43)) - raft.server.log.appender.install.snapshot.enabled = false (custom)
2019-09-10 21:36:06,250 [pool-139-thread-1] INFO  impl.RaftServerImpl (ServerState.java:<init>(105)) - 3320d5df-27d5-46c1-87ca-9b92777b1f08:group-F434199A9FE7 ConfigurationManager, init=-1: [3320d5df-27d5-46c1-87ca-9b92777b1f08:192.168.69.94:33579], old=null, confs=<EMPTY_MAP>
2019-09-10 21:36:06,250 [pool-139-thread-1] INFO  server.RaftServerConfigKeys (ConfUtils.java:logGet(43)) - raft.server.storage.dir = [/workdir/hadoop-ozone/integration-test/target/test-dir/MiniOzoneClusterImpl-da88efb8-9777-4db9-a0a6-522e36c2187a/datanode-2/data/ratis] (custom)
2019-09-10 21:36:06,251 [pool-139-thread-1] INFO  storage.RaftStorageDirectory (RaftStorageDirectory.java:analyzeStorage(246)) - The storage directory /workdir/hadoop-ozone/integration-test/target/test-dir/MiniOzoneClusterImpl-da88efb8-9777-4db9-a0a6-522e36c2187a/datanode-2/data/ratis/115acd85-c76e-408d-85ae-f434199a9fe7 does not exist. Creating ...
2019-09-10 21:36:06,269 [IPC Server handler 5 on 38493] INFO  net.NetworkTopology (NetworkTopologyImpl.java:add(110)) - Added a new node: /default-rack/e63844c6-a8ea-4ed6-bffd-4bb09eb8cb63
2019-09-10 21:36:06,269 [IPC Server handler 5 on 38493] INFO  node.SCMNodeManager (SCMNodeManager.java:register(266)) - Registered Data node : e63844c6-a8ea-4ed6-bffd-4bb09eb8cb63{ip: 192.168.69.94, host: pr-hdds-2007-qhgzt-2180668592, networkLocation: /default-rack, certSerialId: null}
2019-09-10 21:36:06,272 [pool-139-thread-1] INFO  storage.RaftStorageDirectory (RaftStorageDirectory.java:tryLock(328)) - Lock on /workdir/hadoop-ozone/integration-test/target/test-dir/MiniOzoneClusterImpl-da88efb8-9777-4db9-a0a6-522e36c2187a/datanode-2/data/ratis/115acd85-c76e-408d-85ae-f434199a9fe7/in_use.lock acquired by nodename 31480@pr-hdds-2007-qhgzt-2180668592
2019-09-10 21:36:06,296 [pool-139-thread-1] INFO  storage.RaftStorage (RaftStorage.java:format(72)) - Storage directory /workdir/hadoop-ozone/integration-test/target/test-dir/MiniOzoneClusterImpl-da88efb8-9777-4db9-a0a6-522e36c2187a/datanode-2/data/ratis/115acd85-c76e-408d-85ae-f434199a9fe7 has been successfully formatted.
2019-09-10 21:36:06,296 [pool-139-thread-1] INFO  ratis.ContainerStateMachine (ContainerStateMachine.java:loadSnapshot(227)) - group-F434199A9FE7: The snapshot info is null. Setting the last applied indexto:(t:0, i:~)
2019-09-10 21:36:06,296 [pool-139-thread-1] INFO  server.RaftServerConfigKeys (ConfUtils.java:logGet(43)) - raft.server.leader.election.timeout = 120s (custom)
2019-09-10 21:36:06,296 [pool-139-thread-1] INFO  server.RaftServerConfigKeys (ConfUtils.java:logGet(43)) - raft.server.log.use.memory = false (default)
2019-09-10 21:36:06,296 [pool-139-thread-1] INFO  server.RaftServerConfigKeys (ConfUtils.java:logGet(43)) - raft.server.log.purge.gap = 1000000 (custom)
2019-09-10 21:36:06,297 [pool-139-thread-1] INFO  server.RaftServerConfigKeys (ConfUtils.java:logGet(43)) - raft.server.log.appender.buffer.byte-limit = 33554432 (custom)
2019-09-10 21:36:06,297 [pool-139-thread-1] INFO  server.RaftServerConfigKeys (ConfUtils.java:logGet(43)) - raft.server.log.segment.size.max = 1048576 (custom)
2019-09-10 21:36:06,297 [pool-139-thread-1] INFO  server.RaftServerConfigKeys (ConfUtils.java:logGet(43)) - raft.server.log.segment.cache.num.max = 2 (custom)
2019-09-10 21:36:06,297 [pool-139-thread-1] INFO  segmented.SegmentedRaftLogWorker (SegmentedRaftLogWorker.java:<init>(172)) - new 3320d5df-27d5-46c1-87ca-9b92777b1f08-SegmentedRaftLogWorker:Storage Directory /workdir/hadoop-ozone/integration-test/target/test-dir/MiniOzoneClusterImpl-da88efb8-9777-4db9-a0a6-522e36c2187a/datanode-2/data/ratis/115acd85-c76e-408d-85ae-f434199a9fe7 for RaftStorage:Storage Directory /workdir/hadoop-ozone/integration-test/target/test-dir/MiniOzoneClusterImpl-da88efb8-9777-4db9-a0a6-522e36c2187a/datanode-2/data/ratis/115acd85-c76e-408d-85ae-f434199a9fe7
2019-09-10 21:36:06,297 [pool-139-thread-1] INFO  server.RaftServerConfigKeys (ConfUtils.java:logGet(43)) - raft.server.log.queue.byte-limit = 2147483647 (custom)
2019-09-10 21:36:06,297 [pool-139-thread-1] INFO  server.RaftServerConfigKeys (ConfUtils.java:logGet(43)) - raft.server.log.queue.element-limit = 1024 (custom)
2019-09-10 21:36:06,298 [pool-139-thread-1] INFO  server.RaftServerConfigKeys (ConfUtils.java:logGet(43)) - raft.server.log.segment.size.max = 1048576 (custom)
2019-09-10 21:36:06,298 [pool-139-thread-1] INFO  server.RaftServerConfigKeys (ConfUtils.java:logGet(43)) - raft.server.log.preallocated.size = 16384 (custom)
2019-09-10 21:36:06,298 [pool-139-thread-1] INFO  server.RaftServerConfigKeys (ConfUtils.java:logGet(43)) - raft.server.log.write.buffer.size = 33554432 (custom)
2019-09-10 21:36:06,298 [pool-139-thread-1] INFO  server.RaftServerConfigKeys (ConfUtils.java:logGet(43)) - raft.server.log.force.sync.num = 128 (default)
2019-09-10 21:36:06,298 [pool-139-thread-1] INFO  server.RaftServerConfigKeys (ConfUtils.java:logGet(43)) - raft.server.log.statemachine.data.sync = true (default)
2019-09-10 21:36:06,298 [pool-139-thread-1] INFO  server.RaftServerConfigKeys (ConfUtils.java:logGet(43)) - raft.server.log.statemachine.data.sync.timeout = 10s (default)
2019-09-10 21:36:06,298 [pool-139-thread-1] INFO  server.RaftServerConfigKeys (ConfUtils.java:logGet(43)) - raft.server.log.statemachine.data.sync.timeout.retry = -1 (default)
2019-09-10 21:36:06,299 [pool-139-thread-1] INFO  server.RaftServerConfigKeys (ConfUtils.java:logGet(43)) - raft.server.log.statemachine.data.caching.enabled = true (custom)
2019-09-10 21:36:06,299 [pool-139-thread-1] INFO  segmented.SegmentedRaftLogWorker (SegmentedRaftLogWorker.java:lambda$new$0(132)) - 3320d5df-27d5-46c1-87ca-9b92777b1f08-SegmentedRaftLogWorker:Storage Directory /workdir/hadoop-ozone/integration-test/target/test-dir/MiniOzoneClusterImpl-da88efb8-9777-4db9-a0a6-522e36c2187a/datanode-2/data/ratis/115acd85-c76e-408d-85ae-f434199a9fe7: flushIndex: setUnconditionally 0 -> -1
2019-09-10 21:36:06,299 [pool-139-thread-1] INFO  server.RaftServerConfigKeys (ConfUtils.java:logGet(43)) - raft.server.snapshot.auto.trigger.enabled = true (custom)
2019-09-10 21:36:06,299 [pool-139-thread-1] INFO  server.RaftServerConfigKeys (ConfUtils.java:logGet(43)) - raft.server.snapshot.auto.trigger.threshold = 10000 (custom)
2019-09-10 21:36:06,299 [pool-139-thread-1] INFO  server.RaftServerConfigKeys (ConfUtils.java:logGet(43)) - raft.server.retrycache.expirytime = 600000ms (custom)
2019-09-10 21:36:06,300 [pool-139-thread-1] INFO  impl.RaftServerImpl (RaftServerImpl.java:start(180)) - 3320d5df-27d5-46c1-87ca-9b92777b1f08: start group-F434199A9FE7
2019-09-10 21:36:06,300 [pool-139-thread-1] INFO  impl.RaftServerImpl (RaftServerImpl.java:setRole(171)) - 3320d5df-27d5-46c1-87ca-9b92777b1f08:group-F434199A9FE7 changes role from null to FOLLOWER at term 0 for startAsFollower
2019-09-10 21:36:06,300 [pool-139-thread-1] INFO  impl.RoleInfo (RoleInfo.java:updateAndGet(143)) - 3320d5df-27d5-46c1-87ca-9b92777b1f08: start FollowerState
2019-09-10 21:36:06,300 [pool-139-thread-1] INFO  util.JmxRegister (JmxRegister.java:tryRegister(44)) - Successfully registered JMX Bean with object name Ratis:service=RaftServer,group=group-F434199A9FE7,id=3320d5df-27d5-46c1-87ca-9b92777b1f08
2019-09-10 21:36:06,306 [RatisPipelineUtilsThread] INFO  pipeline.PipelineStateManager (PipelineStateManager.java:addPipeline(56)) - Created pipeline Pipeline[ Id: 115acd85-c76e-408d-85ae-f434199a9fe7, Nodes: 3320d5df-27d5-46c1-87ca-9b92777b1f08{ip: 192.168.69.94, host: pr-hdds-2007-qhgzt-2180668592, networkLocation: /default-rack, certSerialId: null}, Type:RATIS, Factor:ONE, State:OPEN]
2019-09-10 21:36:06,315 [grpc-default-executor-2] INFO  impl.RaftServerProxy (RaftServerProxy.java:addNew(89)) - e63844c6-a8ea-4ed6-bffd-4bb09eb8cb63: addNew group-F43A388C891F:[e63844c6-a8ea-4ed6-bffd-4bb09eb8cb63:192.168.69.94:36803] returns group-F43A388C891F:java.util.concurrent.CompletableFuture@177f73b5[Not completed]
2019-09-10 21:36:06,320 [pool-149-thread-1] INFO  impl.RaftServerImpl (RaftServerImpl.java:<init>(93)) - e63844c6-a8ea-4ed6-bffd-4bb09eb8cb63: new RaftServerImpl for group-F43A388C891F:[e63844c6-a8ea-4ed6-bffd-4bb09eb8cb63:192.168.69.94:36803] with ContainerStateMachine:uninitialized
2019-09-10 21:36:06,321 [pool-149-thread-1] INFO  server.RaftServerConfigKeys (ConfUtils.java:logGet(43)) - raft.server.rpc.timeout.min = 5s (custom)
2019-09-10 21:36:06,321 [pool-149-thread-1] INFO  server.RaftServerConfigKeys (ConfUtils.java:logGet(43)) - raft.server.rpc.timeout.max = 5200ms (custom)
2019-09-10 21:36:06,321 [pool-149-thread-1] INFO  server.RaftServerConfigKeys (ConfUtils.java:logGet(43)) - raft.server.rpcslowness.timeout = 120s (custom)
2019-09-10 21:36:06,321 [pool-149-thread-1] INFO  server.RaftServerConfigKeys (ConfUtils.java:logGet(43)) - raft.server.sleep.deviation.threshold = 300 (default)
2019-09-10 21:36:06,321 [pool-149-thread-1] INFO  server.RaftServerConfigKeys (ConfUtils.java:logGet(43)) - raft.server.log.appender.install.snapshot.enabled = false (custom)
2019-09-10 21:36:06,322 [pool-149-thread-1] INFO  impl.RaftServerImpl (ServerState.java:<init>(105)) - e63844c6-a8ea-4ed6-bffd-4bb09eb8cb63:group-F43A388C891F ConfigurationManager, init=-1: [e63844c6-a8ea-4ed6-bffd-4bb09eb8cb63:192.168.69.94:36803], old=null, confs=<EMPTY_MAP>
2019-09-10 21:36:06,322 [pool-149-thread-1] INFO  server.RaftServerConfigKeys (ConfUtils.java:logGet(43)) - raft.server.storage.dir = [/workdir/hadoop-ozone/integration-test/target/test-dir/MiniOzoneClusterImpl-da88efb8-9777-4db9-a0a6-522e36c2187a/datanode-3/data/ratis] (custom)
2019-09-10 21:36:06,322 [pool-149-thread-1] INFO  storage.RaftStorageDirectory (RaftStorageDirectory.java:analyzeStorage(246)) - The storage directory /workdir/hadoop-ozone/integration-test/target/test-dir/MiniOzoneClusterImpl-da88efb8-9777-4db9-a0a6-522e36c2187a/datanode-3/data/ratis/1be90e74-95dc-4918-baf2-f43a388c891f does not exist. Creating ...
2019-09-10 21:36:06,337 [IPC Server handler 4 on 38493] INFO  net.NetworkTopology (NetworkTopologyImpl.java:add(110)) - Added a new node: /default-rack/a7358a4f-6804-4d5d-b9ef-f19acab1fc8c
2019-09-10 21:36:06,337 [IPC Server handler 4 on 38493] INFO  node.SCMNodeManager (SCMNodeManager.java:register(266)) - Registered Data node : a7358a4f-6804-4d5d-b9ef-f19acab1fc8c{ip: 192.168.69.94, host: pr-hdds-2007-qhgzt-2180668592, networkLocation: /default-rack, certSerialId: null}
2019-09-10 21:36:06,346 [pool-149-thread-1] INFO  storage.RaftStorageDirectory (RaftStorageDirectory.java:tryLock(328)) - Lock on /workdir/hadoop-ozone/integration-test/target/test-dir/MiniOzoneClusterImpl-da88efb8-9777-4db9-a0a6-522e36c2187a/datanode-3/data/ratis/1be90e74-95dc-4918-baf2-f43a388c891f/in_use.lock acquired by nodename 31480@pr-hdds-2007-qhgzt-2180668592
2019-09-10 21:36:06,379 [pool-149-thread-1] INFO  storage.RaftStorage (RaftStorage.java:format(72)) - Storage directory /workdir/hadoop-ozone/integration-test/target/test-dir/MiniOzoneClusterImpl-da88efb8-9777-4db9-a0a6-522e36c2187a/datanode-3/data/ratis/1be90e74-95dc-4918-baf2-f43a388c891f has been successfully formatted.
2019-09-10 21:36:06,380 [pool-149-thread-1] INFO  ratis.ContainerStateMachine (ContainerStateMachine.java:loadSnapshot(227)) - group-F43A388C891F: The snapshot info is null. Setting the last applied indexto:(t:0, i:~)
2019-09-10 21:36:06,380 [pool-149-thread-1] INFO  server.RaftServerConfigKeys (ConfUtils.java:logGet(43)) - raft.server.leader.election.timeout = 120s (custom)
2019-09-10 21:36:06,380 [pool-149-thread-1] INFO  server.RaftServerConfigKeys (ConfUtils.java:logGet(43)) - raft.server.log.use.memory = false (default)
2019-09-10 21:36:06,380 [pool-149-thread-1] INFO  server.RaftServerConfigKeys (ConfUtils.java:logGet(43)) - raft.server.log.purge.gap = 1000000 (custom)
2019-09-10 21:36:06,380 [pool-149-thread-1] INFO  server.RaftServerConfigKeys (ConfUtils.java:logGet(43)) - raft.server.log.appender.buffer.byte-limit = 33554432 (custom)
2019-09-10 21:36:06,380 [pool-149-thread-1] INFO  server.RaftServerConfigKeys (ConfUtils.java:logGet(43)) - raft.server.log.segment.size.max = 1048576 (custom)
2019-09-10 21:36:06,381 [pool-149-thread-1] INFO  server.RaftServerConfigKeys (ConfUtils.java:logGet(43)) - raft.server.log.segment.cache.num.max = 2 (custom)
2019-09-10 21:36:06,381 [pool-149-thread-1] INFO  segmented.SegmentedRaftLogWorker (SegmentedRaftLogWorker.java:<init>(172)) - new e63844c6-a8ea-4ed6-bffd-4bb09eb8cb63-SegmentedRaftLogWorker:Storage Directory /workdir/hadoop-ozone/integration-test/target/test-dir/MiniOzoneClusterImpl-da88efb8-9777-4db9-a0a6-522e36c2187a/datanode-3/data/ratis/1be90e74-95dc-4918-baf2-f43a388c891f for RaftStorage:Storage Directory /workdir/hadoop-ozone/integration-test/target/test-dir/MiniOzoneClusterImpl-da88efb8-9777-4db9-a0a6-522e36c2187a/datanode-3/data/ratis/1be90e74-95dc-4918-baf2-f43a388c891f
2019-09-10 21:36:06,381 [pool-149-thread-1] INFO  server.RaftServerConfigKeys (ConfUtils.java:logGet(43)) - raft.server.log.queue.byte-limit = 2147483647 (custom)
2019-09-10 21:36:06,381 [pool-149-thread-1] INFO  server.RaftServerConfigKeys (ConfUtils.java:logGet(43)) - raft.server.log.queue.element-limit = 1024 (custom)
2019-09-10 21:36:06,381 [pool-149-thread-1] INFO  server.RaftServerConfigKeys (ConfUtils.java:logGet(43)) - raft.server.log.segment.size.max = 1048576 (custom)
2019-09-10 21:36:06,382 [pool-149-thread-1] INFO  server.RaftServerConfigKeys (ConfUtils.java:logGet(43)) - raft.server.log.preallocated.size = 16384 (custom)
2019-09-10 21:36:06,382 [pool-149-thread-1] INFO  server.RaftServerConfigKeys (ConfUtils.java:logGet(43)) - raft.server.log.write.buffer.size = 33554432 (custom)
2019-09-10 21:36:06,382 [pool-149-thread-1] INFO  server.RaftServerConfigKeys (ConfUtils.java:logGet(43)) - raft.server.log.force.sync.num = 128 (default)
2019-09-10 21:36:06,382 [pool-149-thread-1] INFO  server.RaftServerConfigKeys (ConfUtils.java:logGet(43)) - raft.server.log.statemachine.data.sync = true (default)
2019-09-10 21:36:06,382 [pool-149-thread-1] INFO  server.RaftServerConfigKeys (ConfUtils.java:logGet(43)) - raft.server.log.statemachine.data.sync.timeout = 10s (default)
2019-09-10 21:36:06,382 [pool-149-thread-1] INFO  server.RaftServerConfigKeys (ConfUtils.java:logGet(43)) - raft.server.log.statemachine.data.sync.timeout.retry = -1 (default)
2019-09-10 21:36:06,383 [pool-149-thread-1] INFO  server.RaftServerConfigKeys (ConfUtils.java:logGet(43)) - raft.server.log.statemachine.data.caching.enabled = true (custom)
2019-09-10 21:36:06,383 [pool-149-thread-1] INFO  segmented.SegmentedRaftLogWorker (SegmentedRaftLogWorker.java:lambda$new$0(132)) - e63844c6-a8ea-4ed6-bffd-4bb09eb8cb63-SegmentedRaftLogWorker:Storage Directory /workdir/hadoop-ozone/integration-test/target/test-dir/MiniOzoneClusterImpl-da88efb8-9777-4db9-a0a6-522e36c2187a/datanode-3/data/ratis/1be90e74-95dc-4918-baf2-f43a388c891f: flushIndex: setUnconditionally 0 -> -1
2019-09-10 21:36:06,383 [pool-149-thread-1] INFO  server.RaftServerConfigKeys (ConfUtils.java:logGet(43)) - raft.server.snapshot.auto.trigger.enabled = true (custom)
2019-09-10 21:36:06,384 [pool-149-thread-1] INFO  server.RaftServerConfigKeys (ConfUtils.java:logGet(43)) - raft.server.snapshot.auto.trigger.threshold = 10000 (custom)
2019-09-10 21:36:06,384 [pool-149-thread-1] INFO  server.RaftServerConfigKeys (ConfUtils.java:logGet(43)) - raft.server.retrycache.expirytime = 600000ms (custom)
2019-09-10 21:36:06,384 [pool-149-thread-1] INFO  impl.RaftServerImpl (RaftServerImpl.java:start(180)) - e63844c6-a8ea-4ed6-bffd-4bb09eb8cb63: start group-F43A388C891F
2019-09-10 21:36:06,384 [pool-149-thread-1] INFO  impl.RaftServerImpl (RaftServerImpl.java:setRole(171)) - e63844c6-a8ea-4ed6-bffd-4bb09eb8cb63:group-F43A388C891F changes role from null to FOLLOWER at term 0 for startAsFollower
2019-09-10 21:36:06,384 [pool-149-thread-1] INFO  impl.RoleInfo (RoleInfo.java:updateAndGet(143)) - e63844c6-a8ea-4ed6-bffd-4bb09eb8cb63: start FollowerState
2019-09-10 21:36:06,385 [pool-149-thread-1] INFO  util.JmxRegister (JmxRegister.java:tryRegister(44)) - Successfully registered JMX Bean with object name Ratis:service=RaftServer,group=group-F43A388C891F,id=e63844c6-a8ea-4ed6-bffd-4bb09eb8cb63
2019-09-10 21:36:06,390 [RatisPipelineUtilsThread] INFO  pipeline.PipelineStateManager (PipelineStateManager.java:addPipeline(56)) - Created pipeline Pipeline[ Id: 1be90e74-95dc-4918-baf2-f43a388c891f, Nodes: e63844c6-a8ea-4ed6-bffd-4bb09eb8cb63{ip: 192.168.69.94, host: pr-hdds-2007-qhgzt-2180668592, networkLocation: /default-rack, certSerialId: null}, Type:RATIS, Factor:ONE, State:OPEN]
2019-09-10 21:36:06,401 [grpc-default-executor-2] INFO  impl.RaftServerProxy (RaftServerProxy.java:addNew(89)) - a7358a4f-6804-4d5d-b9ef-f19acab1fc8c: addNew group-72CE2B842666:[a7358a4f-6804-4d5d-b9ef-f19acab1fc8c:192.168.69.94:42929] returns group-72CE2B842666:java.util.concurrent.CompletableFuture@19f41815[Not completed]
2019-09-10 21:36:06,405 [pool-159-thread-1] INFO  impl.RaftServerImpl (RaftServerImpl.java:<init>(93)) - a7358a4f-6804-4d5d-b9ef-f19acab1fc8c: new RaftServerImpl for group-72CE2B842666:[a7358a4f-6804-4d5d-b9ef-f19acab1fc8c:192.168.69.94:42929] with ContainerStateMachine:uninitialized
2019-09-10 21:36:06,405 [pool-159-thread-1] INFO  server.RaftServerConfigKeys (ConfUtils.java:logGet(43)) - raft.server.rpc.timeout.min = 5s (custom)
2019-09-10 21:36:06,405 [pool-159-thread-1] INFO  server.RaftServerConfigKeys (ConfUtils.java:logGet(43)) - raft.server.rpc.timeout.max = 5200ms (custom)
2019-09-10 21:36:06,405 [pool-159-thread-1] INFO  server.RaftServerConfigKeys (ConfUtils.java:logGet(43)) - raft.server.rpcslowness.timeout = 120s (custom)
2019-09-10 21:36:06,405 [pool-159-thread-1] INFO  server.RaftServerConfigKeys (ConfUtils.java:logGet(43)) - raft.server.sleep.deviation.threshold = 300 (default)
2019-09-10 21:36:06,405 [pool-159-thread-1] INFO  server.RaftServerConfigKeys (ConfUtils.java:logGet(43)) - raft.server.log.appender.install.snapshot.enabled = false (custom)
2019-09-10 21:36:06,406 [pool-159-thread-1] INFO  impl.RaftServerImpl (ServerState.java:<init>(105)) - a7358a4f-6804-4d5d-b9ef-f19acab1fc8c:group-72CE2B842666 ConfigurationManager, init=-1: [a7358a4f-6804-4d5d-b9ef-f19acab1fc8c:192.168.69.94:42929], old=null, confs=<EMPTY_MAP>
2019-09-10 21:36:06,406 [pool-159-thread-1] INFO  server.RaftServerConfigKeys (ConfUtils.java:logGet(43)) - raft.server.storage.dir = [/workdir/hadoop-ozone/integration-test/target/test-dir/MiniOzoneClusterImpl-da88efb8-9777-4db9-a0a6-522e36c2187a/datanode-4/data/ratis] (custom)
2019-09-10 21:36:06,406 [IPC Server handler 6 on 38493] INFO  net.NetworkTopology (NetworkTopologyImpl.java:add(110)) - Added a new node: /default-rack/c74946ab-1ae7-469f-926d-94c964302b5d
2019-09-10 21:36:06,406 [pool-159-thread-1] INFO  storage.RaftStorageDirectory (RaftStorageDirectory.java:analyzeStorage(246)) - The storage directory /workdir/hadoop-ozone/integration-test/target/test-dir/MiniOzoneClusterImpl-da88efb8-9777-4db9-a0a6-522e36c2187a/datanode-4/data/ratis/0225b2fc-cfb9-4102-a9ed-72ce2b842666 does not exist. Creating ...
2019-09-10 21:36:06,406 [IPC Server handler 6 on 38493] INFO  node.SCMNodeManager (SCMNodeManager.java:register(266)) - Registered Data node : c74946ab-1ae7-469f-926d-94c964302b5d{ip: 192.168.69.94, host: pr-hdds-2007-qhgzt-2180668592, networkLocation: /default-rack, certSerialId: null}
2019-09-10 21:36:06,430 [pool-159-thread-1] INFO  storage.RaftStorageDirectory (RaftStorageDirectory.java:tryLock(328)) - Lock on /workdir/hadoop-ozone/integration-test/target/test-dir/MiniOzoneClusterImpl-da88efb8-9777-4db9-a0a6-522e36c2187a/datanode-4/data/ratis/0225b2fc-cfb9-4102-a9ed-72ce2b842666/in_use.lock acquired by nodename 31480@pr-hdds-2007-qhgzt-2180668592
2019-09-10 21:36:06,455 [pool-159-thread-1] INFO  storage.RaftStorage (RaftStorage.java:format(72)) - Storage directory /workdir/hadoop-ozone/integration-test/target/test-dir/MiniOzoneClusterImpl-da88efb8-9777-4db9-a0a6-522e36c2187a/datanode-4/data/ratis/0225b2fc-cfb9-4102-a9ed-72ce2b842666 has been successfully formatted.
2019-09-10 21:36:06,455 [pool-159-thread-1] INFO  ratis.ContainerStateMachine (ContainerStateMachine.java:loadSnapshot(227)) - group-72CE2B842666: The snapshot info is null. Setting the last applied indexto:(t:0, i:~)
2019-09-10 21:36:06,456 [pool-159-thread-1] INFO  server.RaftServerConfigKeys (ConfUtils.java:logGet(43)) - raft.server.leader.election.timeout = 120s (custom)
2019-09-10 21:36:06,456 [pool-159-thread-1] INFO  server.RaftServerConfigKeys (ConfUtils.java:logGet(43)) - raft.server.log.use.memory = false (default)
2019-09-10 21:36:06,456 [pool-159-thread-1] INFO  server.RaftServerConfigKeys (ConfUtils.java:logGet(43)) - raft.server.log.purge.gap = 1000000 (custom)
2019-09-10 21:36:06,456 [pool-159-thread-1] INFO  server.RaftServerConfigKeys (ConfUtils.java:logGet(43)) - raft.server.log.appender.buffer.byte-limit = 33554432 (custom)
2019-09-10 21:36:06,456 [pool-159-thread-1] INFO  server.RaftServerConfigKeys (ConfUtils.java:logGet(43)) - raft.server.log.segment.size.max = 1048576 (custom)
2019-09-10 21:36:06,456 [pool-159-thread-1] INFO  server.RaftServerConfigKeys (ConfUtils.java:logGet(43)) - raft.server.log.segment.cache.num.max = 2 (custom)
2019-09-10 21:36:06,456 [pool-159-thread-1] INFO  segmented.SegmentedRaftLogWorker (SegmentedRaftLogWorker.java:<init>(172)) - new a7358a4f-6804-4d5d-b9ef-f19acab1fc8c-SegmentedRaftLogWorker:Storage Directory /workdir/hadoop-ozone/integration-test/target/test-dir/MiniOzoneClusterImpl-da88efb8-9777-4db9-a0a6-522e36c2187a/datanode-4/data/ratis/0225b2fc-cfb9-4102-a9ed-72ce2b842666 for RaftStorage:Storage Directory /workdir/hadoop-ozone/integration-test/target/test-dir/MiniOzoneClusterImpl-da88efb8-9777-4db9-a0a6-522e36c2187a/datanode-4/data/ratis/0225b2fc-cfb9-4102-a9ed-72ce2b842666
2019-09-10 21:36:06,457 [pool-159-thread-1] INFO  server.RaftServerConfigKeys (ConfUtils.java:logGet(43)) - raft.server.log.queue.byte-limit = 2147483647 (custom)
2019-09-10 21:36:06,457 [pool-159-thread-1] INFO  server.RaftServerConfigKeys (ConfUtils.java:logGet(43)) - raft.server.log.queue.element-limit = 1024 (custom)
2019-09-10 21:36:06,457 [pool-159-thread-1] INFO  server.RaftServerConfigKeys (ConfUtils.java:logGet(43)) - raft.server.log.segment.size.max = 1048576 (custom)
2019-09-10 21:36:06,457 [pool-159-thread-1] INFO  server.RaftServerConfigKeys (ConfUtils.java:logGet(43)) - raft.server.log.preallocated.size = 16384 (custom)
2019-09-10 21:36:06,457 [pool-159-thread-1] INFO  server.RaftServerConfigKeys (ConfUtils.java:logGet(43)) - raft.server.log.write.buffer.size = 33554432 (custom)
2019-09-10 21:36:06,457 [pool-159-thread-1] INFO  server.RaftServerConfigKeys (ConfUtils.java:logGet(43)) - raft.server.log.force.sync.num = 128 (default)
2019-09-10 21:36:06,458 [pool-159-thread-1] INFO  server.RaftServerConfigKeys (ConfUtils.java:logGet(43)) - raft.server.log.statemachine.data.sync = true (default)
2019-09-10 21:36:06,458 [pool-159-thread-1] INFO  server.RaftServerConfigKeys (ConfUtils.java:logGet(43)) - raft.server.log.statemachine.data.sync.timeout = 10s (default)
2019-09-10 21:36:06,458 [pool-159-thread-1] INFO  server.RaftServerConfigKeys (ConfUtils.java:logGet(43)) - raft.server.log.statemachine.data.sync.timeout.retry = -1 (default)
2019-09-10 21:36:06,458 [pool-159-thread-1] INFO  server.RaftServerConfigKeys (ConfUtils.java:logGet(43)) - raft.server.log.statemachine.data.caching.enabled = true (custom)
2019-09-10 21:36:06,458 [pool-159-thread-1] INFO  segmented.SegmentedRaftLogWorker (SegmentedRaftLogWorker.java:lambda$new$0(132)) - a7358a4f-6804-4d5d-b9ef-f19acab1fc8c-SegmentedRaftLogWorker:Storage Directory /workdir/hadoop-ozone/integration-test/target/test-dir/MiniOzoneClusterImpl-da88efb8-9777-4db9-a0a6-522e36c2187a/datanode-4/data/ratis/0225b2fc-cfb9-4102-a9ed-72ce2b842666: flushIndex: setUnconditionally 0 -> -1
2019-09-10 21:36:06,459 [pool-159-thread-1] INFO  server.RaftServerConfigKeys (ConfUtils.java:logGet(43)) - raft.server.snapshot.auto.trigger.enabled = true (custom)
2019-09-10 21:36:06,459 [pool-159-thread-1] INFO  server.RaftServerConfigKeys (ConfUtils.java:logGet(43)) - raft.server.snapshot.auto.trigger.threshold = 10000 (custom)
2019-09-10 21:36:06,459 [pool-159-thread-1] INFO  server.RaftServerConfigKeys (ConfUtils.java:logGet(43)) - raft.server.retrycache.expirytime = 600000ms (custom)
2019-09-10 21:36:06,459 [pool-159-thread-1] INFO  impl.RaftServerImpl (RaftServerImpl.java:start(180)) - a7358a4f-6804-4d5d-b9ef-f19acab1fc8c: start group-72CE2B842666
2019-09-10 21:36:06,459 [pool-159-thread-1] INFO  impl.RaftServerImpl (RaftServerImpl.java:setRole(171)) - a7358a4f-6804-4d5d-b9ef-f19acab1fc8c:group-72CE2B842666 changes role from null to FOLLOWER at term 0 for startAsFollower
2019-09-10 21:36:06,460 [pool-159-thread-1] INFO  impl.RoleInfo (RoleInfo.java:updateAndGet(143)) - a7358a4f-6804-4d5d-b9ef-f19acab1fc8c: start FollowerState
2019-09-10 21:36:06,685 [main] INFO  ozone.MiniOzoneClusterImpl (MiniOzoneClusterImpl.java:lambda$waitForClusterToBeReady$0(140)) - Waiting for cluster to be ready. Got 6 of 7 DN Heartbeats.
2019-09-10 21:36:06,726 [pool-159-thread-1] INFO  util.JmxRegister (JmxRegister.java:tryRegister(44)) - Successfully registered JMX Bean with object name Ratis:service=RaftServer,group=group-72CE2B842666,id=a7358a4f-6804-4d5d-b9ef-f19acab1fc8c
2019-09-10 21:36:06,789 [IPC Server handler 0 on 38493] INFO  net.NetworkTopology (NetworkTopologyImpl.java:add(110)) - Added a new node: /default-rack/03cfe98d-66e9-47f4-af03-9590c4a45681
2019-09-10 21:36:06,789 [IPC Server handler 0 on 38493] INFO  node.SCMNodeManager (SCMNodeManager.java:register(266)) - Registered Data node : 03cfe98d-66e9-47f4-af03-9590c4a45681{ip: 192.168.69.94, host: pr-hdds-2007-qhgzt-2180668592, networkLocation: /default-rack, certSerialId: null}
2019-09-10 21:36:06,793 [RatisPipelineUtilsThread] INFO  pipeline.PipelineStateManager (PipelineStateManager.java:addPipeline(56)) - Created pipeline Pipeline[ Id: 0225b2fc-cfb9-4102-a9ed-72ce2b842666, Nodes: a7358a4f-6804-4d5d-b9ef-f19acab1fc8c{ip: 192.168.69.94, host: pr-hdds-2007-qhgzt-2180668592, networkLocation: /default-rack, certSerialId: null}, Type:RATIS, Factor:ONE, State:OPEN]
2019-09-10 21:36:06,805 [grpc-default-executor-2] INFO  impl.RaftServerProxy (RaftServerProxy.java:addNew(89)) - c74946ab-1ae7-469f-926d-94c964302b5d: addNew group-26E2AD828FD7:[c74946ab-1ae7-469f-926d-94c964302b5d:192.168.69.94:35861] returns group-26E2AD828FD7:java.util.concurrent.CompletableFuture@4253fbe0[Not completed]
2019-09-10 21:36:06,809 [pool-169-thread-1] INFO  impl.RaftServerImpl (RaftServerImpl.java:<init>(93)) - c74946ab-1ae7-469f-926d-94c964302b5d: new RaftServerImpl for group-26E2AD828FD7:[c74946ab-1ae7-469f-926d-94c964302b5d:192.168.69.94:35861] with ContainerStateMachine:uninitialized
2019-09-10 21:36:06,809 [pool-169-thread-1] INFO  server.RaftServerConfigKeys (ConfUtils.java:logGet(43)) - raft.server.rpc.timeout.min = 5s (custom)
2019-09-10 21:36:06,810 [pool-169-thread-1] INFO  server.RaftServerConfigKeys (ConfUtils.java:logGet(43)) - raft.server.rpc.timeout.max = 5200ms (custom)
2019-09-10 21:36:06,810 [pool-169-thread-1] INFO  server.RaftServerConfigKeys (ConfUtils.java:logGet(43)) - raft.server.rpcslowness.timeout = 120s (custom)
2019-09-10 21:36:06,810 [pool-169-thread-1] INFO  server.RaftServerConfigKeys (ConfUtils.java:logGet(43)) - raft.server.sleep.deviation.threshold = 300 (default)
2019-09-10 21:36:06,810 [pool-169-thread-1] INFO  server.RaftServerConfigKeys (ConfUtils.java:logGet(43)) - raft.server.log.appender.install.snapshot.enabled = false (custom)
2019-09-10 21:36:06,810 [pool-169-thread-1] INFO  impl.RaftServerImpl (ServerState.java:<init>(105)) - c74946ab-1ae7-469f-926d-94c964302b5d:group-26E2AD828FD7 ConfigurationManager, init=-1: [c74946ab-1ae7-469f-926d-94c964302b5d:192.168.69.94:35861], old=null, confs=<EMPTY_MAP>
2019-09-10 21:36:06,810 [pool-169-thread-1] INFO  server.RaftServerConfigKeys (ConfUtils.java:logGet(43)) - raft.server.storage.dir = [/workdir/hadoop-ozone/integration-test/target/test-dir/MiniOzoneClusterImpl-da88efb8-9777-4db9-a0a6-522e36c2187a/datanode-5/data/ratis] (custom)
2019-09-10 21:36:06,810 [pool-169-thread-1] INFO  storage.RaftStorageDirectory (RaftStorageDirectory.java:analyzeStorage(246)) - The storage directory /workdir/hadoop-ozone/integration-test/target/test-dir/MiniOzoneClusterImpl-da88efb8-9777-4db9-a0a6-522e36c2187a/datanode-5/data/ratis/7dbb04a6-30b1-411e-a1ab-26e2ad828fd7 does not exist. Creating ...
2019-09-10 21:36:06,839 [pool-169-thread-1] INFO  storage.RaftStorageDirectory (RaftStorageDirectory.java:tryLock(328)) - Lock on /workdir/hadoop-ozone/integration-test/target/test-dir/MiniOzoneClusterImpl-da88efb8-9777-4db9-a0a6-522e36c2187a/datanode-5/data/ratis/7dbb04a6-30b1-411e-a1ab-26e2ad828fd7/in_use.lock acquired by nodename 31480@pr-hdds-2007-qhgzt-2180668592
2019-09-10 21:36:06,865 [pool-169-thread-1] INFO  storage.RaftStorage (RaftStorage.java:format(72)) - Storage directory /workdir/hadoop-ozone/integration-test/target/test-dir/MiniOzoneClusterImpl-da88efb8-9777-4db9-a0a6-522e36c2187a/datanode-5/data/ratis/7dbb04a6-30b1-411e-a1ab-26e2ad828fd7 has been successfully formatted.
2019-09-10 21:36:06,865 [pool-169-thread-1] INFO  ratis.ContainerStateMachine (ContainerStateMachine.java:loadSnapshot(227)) - group-26E2AD828FD7: The snapshot info is null. Setting the last applied indexto:(t:0, i:~)
2019-09-10 21:36:06,866 [pool-169-thread-1] INFO  server.RaftServerConfigKeys (ConfUtils.java:logGet(43)) - raft.server.leader.election.timeout = 120s (custom)
2019-09-10 21:36:06,866 [pool-169-thread-1] INFO  server.RaftServerConfigKeys (ConfUtils.java:logGet(43)) - raft.server.log.use.memory = false (default)
2019-09-10 21:36:06,866 [pool-169-thread-1] INFO  server.RaftServerConfigKeys (ConfUtils.java:logGet(43)) - raft.server.log.purge.gap = 1000000 (custom)
2019-09-10 21:36:06,866 [pool-169-thread-1] INFO  server.RaftServerConfigKeys (ConfUtils.java:logGet(43)) - raft.server.log.appender.buffer.byte-limit = 33554432 (custom)
2019-09-10 21:36:06,866 [pool-169-thread-1] INFO  server.RaftServerConfigKeys (ConfUtils.java:logGet(43)) - raft.server.log.segment.size.max = 1048576 (custom)
2019-09-10 21:36:06,866 [pool-169-thread-1] INFO  server.RaftServerConfigKeys (ConfUtils.java:logGet(43)) - raft.server.log.segment.cache.num.max = 2 (custom)
2019-09-10 21:36:06,867 [pool-169-thread-1] INFO  segmented.SegmentedRaftLogWorker (SegmentedRaftLogWorker.java:<init>(172)) - new c74946ab-1ae7-469f-926d-94c964302b5d-SegmentedRaftLogWorker:Storage Directory /workdir/hadoop-ozone/integration-test/target/test-dir/MiniOzoneClusterImpl-da88efb8-9777-4db9-a0a6-522e36c2187a/datanode-5/data/ratis/7dbb04a6-30b1-411e-a1ab-26e2ad828fd7 for RaftStorage:Storage Directory /workdir/hadoop-ozone/integration-test/target/test-dir/MiniOzoneClusterImpl-da88efb8-9777-4db9-a0a6-522e36c2187a/datanode-5/data/ratis/7dbb04a6-30b1-411e-a1ab-26e2ad828fd7
2019-09-10 21:36:06,867 [pool-169-thread-1] INFO  server.RaftServerConfigKeys (ConfUtils.java:logGet(43)) - raft.server.log.queue.byte-limit = 2147483647 (custom)
2019-09-10 21:36:06,867 [pool-169-thread-1] INFO  server.RaftServerConfigKeys (ConfUtils.java:logGet(43)) - raft.server.log.queue.element-limit = 1024 (custom)
2019-09-10 21:36:06,867 [pool-169-thread-1] INFO  server.RaftServerConfigKeys (ConfUtils.java:logGet(43)) - raft.server.log.segment.size.max = 1048576 (custom)
2019-09-10 21:36:06,868 [pool-169-thread-1] INFO  server.RaftServerConfigKeys (ConfUtils.java:logGet(43)) - raft.server.log.preallocated.size = 16384 (custom)
2019-09-10 21:36:06,868 [pool-169-thread-1] INFO  server.RaftServerConfigKeys (ConfUtils.java:logGet(43)) - raft.server.log.write.buffer.size = 33554432 (custom)
2019-09-10 21:36:06,868 [pool-169-thread-1] INFO  server.RaftServerConfigKeys (ConfUtils.java:logGet(43)) - raft.server.log.force.sync.num = 128 (default)
2019-09-10 21:36:06,868 [pool-169-thread-1] INFO  server.RaftServerConfigKeys (ConfUtils.java:logGet(43)) - raft.server.log.statemachine.data.sync = true (default)
2019-09-10 21:36:06,868 [pool-169-thread-1] INFO  server.RaftServerConfigKeys (ConfUtils.java:logGet(43)) - raft.server.log.statemachine.data.sync.timeout = 10s (default)
2019-09-10 21:36:06,869 [pool-169-thread-1] INFO  server.RaftServerConfigKeys (ConfUtils.java:logGet(43)) - raft.server.log.statemachine.data.sync.timeout.retry = -1 (default)
2019-09-10 21:36:06,869 [pool-169-thread-1] INFO  server.RaftServerConfigKeys (ConfUtils.java:logGet(43)) - raft.server.log.statemachine.data.caching.enabled = true (custom)
2019-09-10 21:36:06,869 [pool-169-thread-1] INFO  segmented.SegmentedRaftLogWorker (SegmentedRaftLogWorker.java:lambda$new$0(132)) - c74946ab-1ae7-469f-926d-94c964302b5d-SegmentedRaftLogWorker:Storage Directory /workdir/hadoop-ozone/integration-test/target/test-dir/MiniOzoneClusterImpl-da88efb8-9777-4db9-a0a6-522e36c2187a/datanode-5/data/ratis/7dbb04a6-30b1-411e-a1ab-26e2ad828fd7: flushIndex: setUnconditionally 0 -> -1
2019-09-10 21:36:06,870 [pool-169-thread-1] INFO  server.RaftServerConfigKeys (ConfUtils.java:logGet(43)) - raft.server.snapshot.auto.trigger.enabled = true (custom)
2019-09-10 21:36:06,870 [pool-169-thread-1] INFO  server.RaftServerConfigKeys (ConfUtils.java:logGet(43)) - raft.server.snapshot.auto.trigger.threshold = 10000 (custom)
2019-09-10 21:36:06,870 [pool-169-thread-1] INFO  server.RaftServerConfigKeys (ConfUtils.java:logGet(43)) - raft.server.retrycache.expirytime = 600000ms (custom)
2019-09-10 21:36:06,870 [pool-169-thread-1] INFO  impl.RaftServerImpl (RaftServerImpl.java:start(180)) - c74946ab-1ae7-469f-926d-94c964302b5d: start group-26E2AD828FD7
2019-09-10 21:36:06,870 [pool-169-thread-1] INFO  impl.RaftServerImpl (RaftServerImpl.java:setRole(171)) - c74946ab-1ae7-469f-926d-94c964302b5d:group-26E2AD828FD7 changes role from null to FOLLOWER at term 0 for startAsFollower
2019-09-10 21:36:06,871 [pool-169-thread-1] INFO  impl.RoleInfo (RoleInfo.java:updateAndGet(143)) - c74946ab-1ae7-469f-926d-94c964302b5d: start FollowerState
2019-09-10 21:36:06,871 [pool-169-thread-1] INFO  util.JmxRegister (JmxRegister.java:tryRegister(44)) - Successfully registered JMX Bean with object name Ratis:service=RaftServer,group=group-26E2AD828FD7,id=c74946ab-1ae7-469f-926d-94c964302b5d
2019-09-10 21:36:06,877 [RatisPipelineUtilsThread] INFO  pipeline.PipelineStateManager (PipelineStateManager.java:addPipeline(56)) - Created pipeline Pipeline[ Id: 7dbb04a6-30b1-411e-a1ab-26e2ad828fd7, Nodes: c74946ab-1ae7-469f-926d-94c964302b5d{ip: 192.168.69.94, host: pr-hdds-2007-qhgzt-2180668592, networkLocation: /default-rack, certSerialId: null}, Type:RATIS, Factor:ONE, State:OPEN]
2019-09-10 21:36:06,892 [grpc-default-executor-2] INFO  impl.RaftServerProxy (RaftServerProxy.java:addNew(89)) - 03cfe98d-66e9-47f4-af03-9590c4a45681: addNew group-3F9F829CB7C7:[03cfe98d-66e9-47f4-af03-9590c4a45681:192.168.69.94:42973] returns group-3F9F829CB7C7:java.util.concurrent.CompletableFuture@172c2286[Not completed]
2019-09-10 21:36:06,898 [pool-179-thread-1] INFO  impl.RaftServerImpl (RaftServerImpl.java:<init>(93)) - 03cfe98d-66e9-47f4-af03-9590c4a45681: new RaftServerImpl for group-3F9F829CB7C7:[03cfe98d-66e9-47f4-af03-9590c4a45681:192.168.69.94:42973] with ContainerStateMachine:uninitialized
2019-09-10 21:36:06,898 [pool-179-thread-1] INFO  server.RaftServerConfigKeys (ConfUtils.java:logGet(43)) - raft.server.rpc.timeout.min = 5s (custom)
2019-09-10 21:36:06,899 [pool-179-thread-1] INFO  server.RaftServerConfigKeys (ConfUtils.java:logGet(43)) - raft.server.rpc.timeout.max = 5200ms (custom)
2019-09-10 21:36:06,899 [pool-179-thread-1] INFO  server.RaftServerConfigKeys (ConfUtils.java:logGet(43)) - raft.server.rpcslowness.timeout = 120s (custom)
2019-09-10 21:36:06,899 [pool-179-thread-1] INFO  server.RaftServerConfigKeys (ConfUtils.java:logGet(43)) - raft.server.sleep.deviation.threshold = 300 (default)
2019-09-10 21:36:06,899 [pool-179-thread-1] INFO  server.RaftServerConfigKeys (ConfUtils.java:logGet(43)) - raft.server.log.appender.install.snapshot.enabled = false (custom)
2019-09-10 21:36:06,899 [pool-179-thread-1] INFO  impl.RaftServerImpl (ServerState.java:<init>(105)) - 03cfe98d-66e9-47f4-af03-9590c4a45681:group-3F9F829CB7C7 ConfigurationManager, init=-1: [03cfe98d-66e9-47f4-af03-9590c4a45681:192.168.69.94:42973], old=null, confs=<EMPTY_MAP>
2019-09-10 21:36:06,899 [pool-179-thread-1] INFO  server.RaftServerConfigKeys (ConfUtils.java:logGet(43)) - raft.server.storage.dir = [/workdir/hadoop-ozone/integration-test/target/test-dir/MiniOzoneClusterImpl-da88efb8-9777-4db9-a0a6-522e36c2187a/datanode-6/data/ratis] (custom)
2019-09-10 21:36:06,900 [pool-179-thread-1] INFO  storage.RaftStorageDirectory (RaftStorageDirectory.java:analyzeStorage(246)) - The storage directory /workdir/hadoop-ozone/integration-test/target/test-dir/MiniOzoneClusterImpl-da88efb8-9777-4db9-a0a6-522e36c2187a/datanode-6/data/ratis/7ee5528c-4f55-4192-b1b6-3f9f829cb7c7 does not exist. Creating ...
2019-09-10 21:36:06,940 [pool-179-thread-1] INFO  storage.RaftStorageDirectory (RaftStorageDirectory.java:tryLock(328)) - Lock on /workdir/hadoop-ozone/integration-test/target/test-dir/MiniOzoneClusterImpl-da88efb8-9777-4db9-a0a6-522e36c2187a/datanode-6/data/ratis/7ee5528c-4f55-4192-b1b6-3f9f829cb7c7/in_use.lock acquired by nodename 31480@pr-hdds-2007-qhgzt-2180668592
2019-09-10 21:36:06,966 [pool-179-thread-1] INFO  storage.RaftStorage (RaftStorage.java:format(72)) - Storage directory /workdir/hadoop-ozone/integration-test/target/test-dir/MiniOzoneClusterImpl-da88efb8-9777-4db9-a0a6-522e36c2187a/datanode-6/data/ratis/7ee5528c-4f55-4192-b1b6-3f9f829cb7c7 has been successfully formatted.
2019-09-10 21:36:06,966 [pool-179-thread-1] INFO  ratis.ContainerStateMachine (ContainerStateMachine.java:loadSnapshot(227)) - group-3F9F829CB7C7: The snapshot info is null. Setting the last applied indexto:(t:0, i:~)
2019-09-10 21:36:06,967 [pool-179-thread-1] INFO  server.RaftServerConfigKeys (ConfUtils.java:logGet(43)) - raft.server.leader.election.timeout = 120s (custom)
2019-09-10 21:36:06,967 [pool-179-thread-1] INFO  server.RaftServerConfigKeys (ConfUtils.java:logGet(43)) - raft.server.log.use.memory = false (default)
2019-09-10 21:36:06,967 [pool-179-thread-1] INFO  server.RaftServerConfigKeys (ConfUtils.java:logGet(43)) - raft.server.log.purge.gap = 1000000 (custom)
2019-09-10 21:36:06,967 [pool-179-thread-1] INFO  server.RaftServerConfigKeys (ConfUtils.java:logGet(43)) - raft.server.log.appender.buffer.byte-limit = 33554432 (custom)
2019-09-10 21:36:06,967 [pool-179-thread-1] INFO  server.RaftServerConfigKeys (ConfUtils.java:logGet(43)) - raft.server.log.segment.size.max = 1048576 (custom)
2019-09-10 21:36:06,968 [pool-179-thread-1] INFO  server.RaftServerConfigKeys (ConfUtils.java:logGet(43)) - raft.server.log.segment.cache.num.max = 2 (custom)
2019-09-10 21:36:06,968 [pool-179-thread-1] INFO  segmented.SegmentedRaftLogWorker (SegmentedRaftLogWorker.java:<init>(172)) - new 03cfe98d-66e9-47f4-af03-9590c4a45681-SegmentedRaftLogWorker:Storage Directory /workdir/hadoop-ozone/integration-test/target/test-dir/MiniOzoneClusterImpl-da88efb8-9777-4db9-a0a6-522e36c2187a/datanode-6/data/ratis/7ee5528c-4f55-4192-b1b6-3f9f829cb7c7 for RaftStorage:Storage Directory /workdir/hadoop-ozone/integration-test/target/test-dir/MiniOzoneClusterImpl-da88efb8-9777-4db9-a0a6-522e36c2187a/datanode-6/data/ratis/7ee5528c-4f55-4192-b1b6-3f9f829cb7c7
2019-09-10 21:36:06,968 [pool-179-thread-1] INFO  server.RaftServerConfigKeys (ConfUtils.java:logGet(43)) - raft.server.log.queue.byte-limit = 2147483647 (custom)
2019-09-10 21:36:06,968 [pool-179-thread-1] INFO  server.RaftServerConfigKeys (ConfUtils.java:logGet(43)) - raft.server.log.queue.element-limit = 1024 (custom)
2019-09-10 21:36:06,969 [pool-179-thread-1] INFO  server.RaftServerConfigKeys (ConfUtils.java:logGet(43)) - raft.server.log.segment.size.max = 1048576 (custom)
2019-09-10 21:36:06,969 [pool-179-thread-1] INFO  server.RaftServerConfigKeys (ConfUtils.java:logGet(43)) - raft.server.log.preallocated.size = 16384 (custom)
2019-09-10 21:36:06,969 [pool-179-thread-1] INFO  server.RaftServerConfigKeys (ConfUtils.java:logGet(43)) - raft.server.log.write.buffer.size = 33554432 (custom)
2019-09-10 21:36:06,969 [pool-179-thread-1] INFO  server.RaftServerConfigKeys (ConfUtils.java:logGet(43)) - raft.server.log.force.sync.num = 128 (default)
2019-09-10 21:36:06,969 [pool-179-thread-1] INFO  server.RaftServerConfigKeys (ConfUtils.java:logGet(43)) - raft.server.log.statemachine.data.sync = true (default)
2019-09-10 21:36:06,970 [pool-179-thread-1] INFO  server.RaftServerConfigKeys (ConfUtils.java:logGet(43)) - raft.server.log.statemachine.data.sync.timeout = 10s (default)
2019-09-10 21:36:06,970 [pool-179-thread-1] INFO  server.RaftServerConfigKeys (ConfUtils.java:logGet(43)) - raft.server.log.statemachine.data.sync.timeout.retry = -1 (default)
2019-09-10 21:36:06,970 [pool-179-thread-1] INFO  server.RaftServerConfigKeys (ConfUtils.java:logGet(43)) - raft.server.log.statemachine.data.caching.enabled = true (custom)
2019-09-10 21:36:06,971 [pool-179-thread-1] INFO  segmented.SegmentedRaftLogWorker (SegmentedRaftLogWorker.java:lambda$new$0(132)) - 03cfe98d-66e9-47f4-af03-9590c4a45681-SegmentedRaftLogWorker:Storage Directory /workdir/hadoop-ozone/integration-test/target/test-dir/MiniOzoneClusterImpl-da88efb8-9777-4db9-a0a6-522e36c2187a/datanode-6/data/ratis/7ee5528c-4f55-4192-b1b6-3f9f829cb7c7: flushIndex: setUnconditionally 0 -> -1
2019-09-10 21:36:06,971 [pool-179-thread-1] INFO  server.RaftServerConfigKeys (ConfUtils.java:logGet(43)) - raft.server.snapshot.auto.trigger.enabled = true (custom)
2019-09-10 21:36:06,971 [pool-179-thread-1] INFO  server.RaftServerConfigKeys (ConfUtils.java:logGet(43)) - raft.server.snapshot.auto.trigger.threshold = 10000 (custom)
2019-09-10 21:36:06,972 [pool-179-thread-1] INFO  server.RaftServerConfigKeys (ConfUtils.java:logGet(43)) - raft.server.retrycache.expirytime = 600000ms (custom)
2019-09-10 21:36:06,972 [pool-179-thread-1] INFO  impl.RaftServerImpl (RaftServerImpl.java:start(180)) - 03cfe98d-66e9-47f4-af03-9590c4a45681: start group-3F9F829CB7C7
2019-09-10 21:36:06,972 [pool-179-thread-1] INFO  impl.RaftServerImpl (RaftServerImpl.java:setRole(171)) - 03cfe98d-66e9-47f4-af03-9590c4a45681:group-3F9F829CB7C7 changes role from null to FOLLOWER at term 0 for startAsFollower
2019-09-10 21:36:06,972 [pool-179-thread-1] INFO  impl.RoleInfo (RoleInfo.java:updateAndGet(143)) - 03cfe98d-66e9-47f4-af03-9590c4a45681: start FollowerState
2019-09-10 21:36:06,984 [pool-179-thread-1] INFO  util.JmxRegister (JmxRegister.java:tryRegister(44)) - Successfully registered JMX Bean with object name Ratis:service=RaftServer,group=group-3F9F829CB7C7,id=03cfe98d-66e9-47f4-af03-9590c4a45681
2019-09-10 21:36:06,998 [RatisPipelineUtilsThread] INFO  pipeline.PipelineStateManager (PipelineStateManager.java:addPipeline(56)) - Created pipeline Pipeline[ Id: 7ee5528c-4f55-4192-b1b6-3f9f829cb7c7, Nodes: 03cfe98d-66e9-47f4-af03-9590c4a45681{ip: 192.168.69.94, host: pr-hdds-2007-qhgzt-2180668592, networkLocation: /default-rack, certSerialId: null}, Type:RATIS, Factor:ONE, State:OPEN]
2019-09-10 21:36:07,027 [grpc-default-executor-2] INFO  impl.RaftServerProxy (RaftServerProxy.java:addNew(89)) - b5bdbdbe-3957-4959-8415-114602cdfdb2: addNew group-45E74EDCEBD9:[c74946ab-1ae7-469f-926d-94c964302b5d:192.168.69.94:35861, 3320d5df-27d5-46c1-87ca-9b92777b1f08:192.168.69.94:33579, b5bdbdbe-3957-4959-8415-114602cdfdb2:192.168.69.94:41544] returns group-45E74EDCEBD9:java.util.concurrent.CompletableFuture@42932737[Not completed]
2019-09-10 21:36:07,030 [grpc-default-executor-4] INFO  impl.RaftServerProxy (RaftServerProxy.java:addNew(89)) - c74946ab-1ae7-469f-926d-94c964302b5d: addNew group-45E74EDCEBD9:[c74946ab-1ae7-469f-926d-94c964302b5d:192.168.69.94:35861, 3320d5df-27d5-46c1-87ca-9b92777b1f08:192.168.69.94:33579, b5bdbdbe-3957-4959-8415-114602cdfdb2:192.168.69.94:41544] returns group-45E74EDCEBD9:java.util.concurrent.CompletableFuture@15088958[Not completed]
2019-09-10 21:36:07,030 [grpc-default-executor-3] INFO  impl.RaftServerProxy (RaftServerProxy.java:addNew(89)) - 3320d5df-27d5-46c1-87ca-9b92777b1f08: addNew group-45E74EDCEBD9:[c74946ab-1ae7-469f-926d-94c964302b5d:192.168.69.94:35861, 3320d5df-27d5-46c1-87ca-9b92777b1f08:192.168.69.94:33579, b5bdbdbe-3957-4959-8415-114602cdfdb2:192.168.69.94:41544] returns group-45E74EDCEBD9:java.util.concurrent.CompletableFuture@7ddf410f[Not completed]
2019-09-10 21:36:07,033 [pool-119-thread-1] INFO  impl.RaftServerImpl (RaftServerImpl.java:<init>(93)) - b5bdbdbe-3957-4959-8415-114602cdfdb2: new RaftServerImpl for group-45E74EDCEBD9:[c74946ab-1ae7-469f-926d-94c964302b5d:192.168.69.94:35861, 3320d5df-27d5-46c1-87ca-9b92777b1f08:192.168.69.94:33579, b5bdbdbe-3957-4959-8415-114602cdfdb2:192.168.69.94:41544] with ContainerStateMachine:uninitialized
2019-09-10 21:36:07,033 [pool-119-thread-1] INFO  server.RaftServerConfigKeys (ConfUtils.java:logGet(43)) - raft.server.rpc.timeout.min = 5s (custom)
2019-09-10 21:36:07,033 [pool-119-thread-1] INFO  server.RaftServerConfigKeys (ConfUtils.java:logGet(43)) - raft.server.rpc.timeout.max = 5200ms (custom)
2019-09-10 21:36:07,033 [pool-119-thread-1] INFO  server.RaftServerConfigKeys (ConfUtils.java:logGet(43)) - raft.server.rpcslowness.timeout = 120s (custom)
2019-09-10 21:36:07,033 [pool-119-thread-1] INFO  server.RaftServerConfigKeys (ConfUtils.java:logGet(43)) - raft.server.sleep.deviation.threshold = 300 (default)
2019-09-10 21:36:07,034 [pool-119-thread-1] INFO  server.RaftServerConfigKeys (ConfUtils.java:logGet(43)) - raft.server.log.appender.install.snapshot.enabled = false (custom)
2019-09-10 21:36:07,034 [pool-119-thread-1] INFO  impl.RaftServerImpl (ServerState.java:<init>(105)) - b5bdbdbe-3957-4959-8415-114602cdfdb2:group-45E74EDCEBD9 ConfigurationManager, init=-1: [c74946ab-1ae7-469f-926d-94c964302b5d:192.168.69.94:35861, 3320d5df-27d5-46c1-87ca-9b92777b1f08:192.168.69.94:33579, b5bdbdbe-3957-4959-8415-114602cdfdb2:192.168.69.94:41544], old=null, confs=<EMPTY_MAP>
2019-09-10 21:36:07,034 [pool-119-thread-1] INFO  server.RaftServerConfigKeys (ConfUtils.java:logGet(43)) - raft.server.storage.dir = [/workdir/hadoop-ozone/integration-test/target/test-dir/MiniOzoneClusterImpl-da88efb8-9777-4db9-a0a6-522e36c2187a/datanode-0/data/ratis] (custom)
2019-09-10 21:36:07,035 [pool-119-thread-1] INFO  storage.RaftStorageDirectory (RaftStorageDirectory.java:analyzeStorage(246)) - The storage directory /workdir/hadoop-ozone/integration-test/target/test-dir/MiniOzoneClusterImpl-da88efb8-9777-4db9-a0a6-522e36c2187a/datanode-0/data/ratis/bb04ea9f-b3ea-4575-b120-45e74edcebd9 does not exist. Creating ...
2019-09-10 21:36:07,035 [pool-169-thread-1] INFO  impl.RaftServerImpl (RaftServerImpl.java:<init>(93)) - c74946ab-1ae7-469f-926d-94c964302b5d: new RaftServerImpl for group-45E74EDCEBD9:[c74946ab-1ae7-469f-926d-94c964302b5d:192.168.69.94:35861, 3320d5df-27d5-46c1-87ca-9b92777b1f08:192.168.69.94:33579, b5bdbdbe-3957-4959-8415-114602cdfdb2:192.168.69.94:41544] with ContainerStateMachine:uninitialized
2019-09-10 21:36:07,035 [pool-169-thread-1] INFO  server.RaftServerConfigKeys (ConfUtils.java:logGet(43)) - raft.server.rpc.timeout.min = 5s (custom)
2019-09-10 21:36:07,035 [pool-169-thread-1] INFO  server.RaftServerConfigKeys (ConfUtils.java:logGet(43)) - raft.server.rpc.timeout.max = 5200ms (custom)
2019-09-10 21:36:07,035 [pool-169-thread-1] INFO  server.RaftServerConfigKeys (ConfUtils.java:logGet(43)) - raft.server.rpcslowness.timeout = 120s (custom)
2019-09-10 21:36:07,035 [pool-169-thread-1] INFO  server.RaftServerConfigKeys (ConfUtils.java:logGet(43)) - raft.server.sleep.deviation.threshold = 300 (default)
2019-09-10 21:36:07,036 [pool-169-thread-1] INFO  server.RaftServerConfigKeys (ConfUtils.java:logGet(43)) - raft.server.log.appender.install.snapshot.enabled = false (custom)
2019-09-10 21:36:07,036 [pool-139-thread-1] INFO  impl.RaftServerImpl (RaftServerImpl.java:<init>(93)) - 3320d5df-27d5-46c1-87ca-9b92777b1f08: new RaftServerImpl for group-45E74EDCEBD9:[c74946ab-1ae7-469f-926d-94c964302b5d:192.168.69.94:35861, 3320d5df-27d5-46c1-87ca-9b92777b1f08:192.168.69.94:33579, b5bdbdbe-3957-4959-8415-114602cdfdb2:192.168.69.94:41544] with ContainerStateMachine:uninitialized
2019-09-10 21:36:07,036 [pool-169-thread-1] INFO  impl.RaftServerImpl (ServerState.java:<init>(105)) - c74946ab-1ae7-469f-926d-94c964302b5d:group-45E74EDCEBD9 ConfigurationManager, init=-1: [c74946ab-1ae7-469f-926d-94c964302b5d:192.168.69.94:35861, 3320d5df-27d5-46c1-87ca-9b92777b1f08:192.168.69.94:33579, b5bdbdbe-3957-4959-8415-114602cdfdb2:192.168.69.94:41544], old=null, confs=<EMPTY_MAP>
2019-09-10 21:36:07,036 [pool-139-thread-1] INFO  server.RaftServerConfigKeys (ConfUtils.java:logGet(43)) - raft.server.rpc.timeout.min = 5s (custom)
2019-09-10 21:36:07,036 [pool-169-thread-1] INFO  server.RaftServerConfigKeys (ConfUtils.java:logGet(43)) - raft.server.storage.dir = [/workdir/hadoop-ozone/integration-test/target/test-dir/MiniOzoneClusterImpl-da88efb8-9777-4db9-a0a6-522e36c2187a/datanode-5/data/ratis] (custom)
2019-09-10 21:36:07,036 [pool-139-thread-1] INFO  server.RaftServerConfigKeys (ConfUtils.java:logGet(43)) - raft.server.rpc.timeout.max = 5200ms (custom)
2019-09-10 21:36:07,037 [pool-139-thread-1] INFO  server.RaftServerConfigKeys (ConfUtils.java:logGet(43)) - raft.server.rpcslowness.timeout = 120s (custom)
2019-09-10 21:36:07,037 [pool-169-thread-1] INFO  storage.RaftStorageDirectory (RaftStorageDirectory.java:analyzeStorage(246)) - The storage directory /workdir/hadoop-ozone/integration-test/target/test-dir/MiniOzoneClusterImpl-da88efb8-9777-4db9-a0a6-522e36c2187a/datanode-5/data/ratis/bb04ea9f-b3ea-4575-b120-45e74edcebd9 does not exist. Creating ...
2019-09-10 21:36:07,037 [pool-139-thread-1] INFO  server.RaftServerConfigKeys (ConfUtils.java:logGet(43)) - raft.server.sleep.deviation.threshold = 300 (default)
2019-09-10 21:36:07,037 [pool-139-thread-1] INFO  server.RaftServerConfigKeys (ConfUtils.java:logGet(43)) - raft.server.log.appender.install.snapshot.enabled = false (custom)
2019-09-10 21:36:07,037 [pool-139-thread-1] INFO  impl.RaftServerImpl (ServerState.java:<init>(105)) - 3320d5df-27d5-46c1-87ca-9b92777b1f08:group-45E74EDCEBD9 ConfigurationManager, init=-1: [c74946ab-1ae7-469f-926d-94c964302b5d:192.168.69.94:35861, 3320d5df-27d5-46c1-87ca-9b92777b1f08:192.168.69.94:33579, b5bdbdbe-3957-4959-8415-114602cdfdb2:192.168.69.94:41544], old=null, confs=<EMPTY_MAP>
2019-09-10 21:36:07,037 [pool-139-thread-1] INFO  server.RaftServerConfigKeys (ConfUtils.java:logGet(43)) - raft.server.storage.dir = [/workdir/hadoop-ozone/integration-test/target/test-dir/MiniOzoneClusterImpl-da88efb8-9777-4db9-a0a6-522e36c2187a/datanode-2/data/ratis] (custom)
2019-09-10 21:36:07,038 [pool-139-thread-1] INFO  storage.RaftStorageDirectory (RaftStorageDirectory.java:analyzeStorage(246)) - The storage directory /workdir/hadoop-ozone/integration-test/target/test-dir/MiniOzoneClusterImpl-da88efb8-9777-4db9-a0a6-522e36c2187a/datanode-2/data/ratis/bb04ea9f-b3ea-4575-b120-45e74edcebd9 does not exist. Creating ...
2019-09-10 21:36:07,058 [pool-139-thread-1] INFO  storage.RaftStorageDirectory (RaftStorageDirectory.java:tryLock(328)) - Lock on /workdir/hadoop-ozone/integration-test/target/test-dir/MiniOzoneClusterImpl-da88efb8-9777-4db9-a0a6-522e36c2187a/datanode-2/data/ratis/bb04ea9f-b3ea-4575-b120-45e74edcebd9/in_use.lock acquired by nodename 31480@pr-hdds-2007-qhgzt-2180668592
2019-09-10 21:36:07,058 [pool-119-thread-1] INFO  storage.RaftStorageDirectory (RaftStorageDirectory.java:tryLock(328)) - Lock on /workdir/hadoop-ozone/integration-test/target/test-dir/MiniOzoneClusterImpl-da88efb8-9777-4db9-a0a6-522e36c2187a/datanode-0/data/ratis/bb04ea9f-b3ea-4575-b120-45e74edcebd9/in_use.lock acquired by nodename 31480@pr-hdds-2007-qhgzt-2180668592
2019-09-10 21:36:07,058 [pool-169-thread-1] INFO  storage.RaftStorageDirectory (RaftStorageDirectory.java:tryLock(328)) - Lock on /workdir/hadoop-ozone/integration-test/target/test-dir/MiniOzoneClusterImpl-da88efb8-9777-4db9-a0a6-522e36c2187a/datanode-5/data/ratis/bb04ea9f-b3ea-4575-b120-45e74edcebd9/in_use.lock acquired by nodename 31480@pr-hdds-2007-qhgzt-2180668592
2019-09-10 21:36:07,101 [pool-139-thread-1] INFO  storage.RaftStorage (RaftStorage.java:format(72)) - Storage directory /workdir/hadoop-ozone/integration-test/target/test-dir/MiniOzoneClusterImpl-da88efb8-9777-4db9-a0a6-522e36c2187a/datanode-2/data/ratis/bb04ea9f-b3ea-4575-b120-45e74edcebd9 has been successfully formatted.
2019-09-10 21:36:07,101 [pool-119-thread-1] INFO  storage.RaftStorage (RaftStorage.java:format(72)) - Storage directory /workdir/hadoop-ozone/integration-test/target/test-dir/MiniOzoneClusterImpl-da88efb8-9777-4db9-a0a6-522e36c2187a/datanode-0/data/ratis/bb04ea9f-b3ea-4575-b120-45e74edcebd9 has been successfully formatted.
2019-09-10 21:36:07,101 [pool-169-thread-1] INFO  storage.RaftStorage (RaftStorage.java:format(72)) - Storage directory /workdir/hadoop-ozone/integration-test/target/test-dir/MiniOzoneClusterImpl-da88efb8-9777-4db9-a0a6-522e36c2187a/datanode-5/data/ratis/bb04ea9f-b3ea-4575-b120-45e74edcebd9 has been successfully formatted.
2019-09-10 21:36:07,101 [pool-119-thread-1] INFO  ratis.ContainerStateMachine (ContainerStateMachine.java:loadSnapshot(227)) - group-45E74EDCEBD9: The snapshot info is null. Setting the last applied indexto:(t:0, i:~)
2019-09-10 21:36:07,101 [pool-139-thread-1] INFO  ratis.ContainerStateMachine (ContainerStateMachine.java:loadSnapshot(227)) - group-45E74EDCEBD9: The snapshot info is null. Setting the last applied indexto:(t:0, i:~)
2019-09-10 21:36:07,102 [pool-119-thread-1] INFO  server.RaftServerConfigKeys (ConfUtils.java:logGet(43)) - raft.server.leader.election.timeout = 120s (custom)
2019-09-10 21:36:07,101 [pool-169-thread-1] INFO  ratis.ContainerStateMachine (ContainerStateMachine.java:loadSnapshot(227)) - group-45E74EDCEBD9: The snapshot info is null. Setting the last applied indexto:(t:0, i:~)
2019-09-10 21:36:07,102 [pool-119-thread-1] INFO  server.RaftServerConfigKeys (ConfUtils.java:logGet(43)) - raft.server.log.use.memory = false (default)
2019-09-10 21:36:07,102 [pool-139-thread-1] INFO  server.RaftServerConfigKeys (ConfUtils.java:logGet(43)) - raft.server.leader.election.timeout = 120s (custom)
2019-09-10 21:36:07,102 [pool-119-thread-1] INFO  server.RaftServerConfigKeys (ConfUtils.java:logGet(43)) - raft.server.log.purge.gap = 1000000 (custom)
2019-09-10 21:36:07,102 [pool-169-thread-1] INFO  server.RaftServerConfigKeys (ConfUtils.java:logGet(43)) - raft.server.leader.election.timeout = 120s (custom)
2019-09-10 21:36:07,103 [pool-119-thread-1] INFO  server.RaftServerConfigKeys (ConfUtils.java:logGet(43)) - raft.server.log.appender.buffer.byte-limit = 33554432 (custom)
2019-09-10 21:36:07,102 [pool-139-thread-1] INFO  server.RaftServerConfigKeys (ConfUtils.java:logGet(43)) - raft.server.log.use.memory = false (default)
2019-09-10 21:36:07,103 [pool-139-thread-1] INFO  server.RaftServerConfigKeys (ConfUtils.java:logGet(43)) - raft.server.log.purge.gap = 1000000 (custom)
2019-09-10 21:36:07,103 [pool-119-thread-1] INFO  server.RaftServerConfigKeys (ConfUtils.java:logGet(43)) - raft.server.log.segment.size.max = 1048576 (custom)
2019-09-10 21:36:07,103 [pool-169-thread-1] INFO  server.RaftServerConfigKeys (ConfUtils.java:logGet(43)) - raft.server.log.use.memory = false (default)
2019-09-10 21:36:07,103 [pool-119-thread-1] INFO  server.RaftServerConfigKeys (ConfUtils.java:logGet(43)) - raft.server.log.segment.cache.num.max = 2 (custom)
2019-09-10 21:36:07,103 [pool-139-thread-1] INFO  server.RaftServerConfigKeys (ConfUtils.java:logGet(43)) - raft.server.log.appender.buffer.byte-limit = 33554432 (custom)
2019-09-10 21:36:07,104 [pool-119-thread-1] INFO  segmented.SegmentedRaftLogWorker (SegmentedRaftLogWorker.java:<init>(172)) - new b5bdbdbe-3957-4959-8415-114602cdfdb2-SegmentedRaftLogWorker:Storage Directory /workdir/hadoop-ozone/integration-test/target/test-dir/MiniOzoneClusterImpl-da88efb8-9777-4db9-a0a6-522e36c2187a/datanode-0/data/ratis/bb04ea9f-b3ea-4575-b120-45e74edcebd9 for RaftStorage:Storage Directory /workdir/hadoop-ozone/integration-test/target/test-dir/MiniOzoneClusterImpl-da88efb8-9777-4db9-a0a6-522e36c2187a/datanode-0/data/ratis/bb04ea9f-b3ea-4575-b120-45e74edcebd9
2019-09-10 21:36:07,103 [pool-169-thread-1] INFO  server.RaftServerConfigKeys (ConfUtils.java:logGet(43)) - raft.server.log.purge.gap = 1000000 (custom)
2019-09-10 21:36:07,104 [pool-119-thread-1] INFO  server.RaftServerConfigKeys (ConfUtils.java:logGet(43)) - raft.server.log.queue.byte-limit = 2147483647 (custom)
2019-09-10 21:36:07,104 [pool-139-thread-1] INFO  server.RaftServerConfigKeys (ConfUtils.java:logGet(43)) - raft.server.log.segment.size.max = 1048576 (custom)
2019-09-10 21:36:07,104 [pool-119-thread-1] INFO  server.RaftServerConfigKeys (ConfUtils.java:logGet(43)) - raft.server.log.queue.element-limit = 1024 (custom)
2019-09-10 21:36:07,104 [pool-169-thread-1] INFO  server.RaftServerConfigKeys (ConfUtils.java:logGet(43)) - raft.server.log.appender.buffer.byte-limit = 33554432 (custom)
2019-09-10 21:36:07,105 [pool-119-thread-1] INFO  server.RaftServerConfigKeys (ConfUtils.java:logGet(43)) - raft.server.log.segment.size.max = 1048576 (custom)
2019-09-10 21:36:07,104 [pool-139-thread-1] INFO  server.RaftServerConfigKeys (ConfUtils.java:logGet(43)) - raft.server.log.segment.cache.num.max = 2 (custom)
2019-09-10 21:36:07,105 [pool-119-thread-1] INFO  server.RaftServerConfigKeys (ConfUtils.java:logGet(43)) - raft.server.log.preallocated.size = 16384 (custom)
2019-09-10 21:36:07,105 [pool-169-thread-1] INFO  server.RaftServerConfigKeys (ConfUtils.java:logGet(43)) - raft.server.log.segment.size.max = 1048576 (custom)
2019-09-10 21:36:07,105 [pool-119-thread-1] INFO  server.RaftServerConfigKeys (ConfUtils.java:logGet(43)) - raft.server.log.write.buffer.size = 33554432 (custom)
2019-09-10 21:36:07,105 [pool-139-thread-1] INFO  segmented.SegmentedRaftLogWorker (SegmentedRaftLogWorker.java:<init>(172)) - new 3320d5df-27d5-46c1-87ca-9b92777b1f08-SegmentedRaftLogWorker:Storage Directory /workdir/hadoop-ozone/integration-test/target/test-dir/MiniOzoneClusterImpl-da88efb8-9777-4db9-a0a6-522e36c2187a/datanode-2/data/ratis/bb04ea9f-b3ea-4575-b120-45e74edcebd9 for RaftStorage:Storage Directory /workdir/hadoop-ozone/integration-test/target/test-dir/MiniOzoneClusterImpl-da88efb8-9777-4db9-a0a6-522e36c2187a/datanode-2/data/ratis/bb04ea9f-b3ea-4575-b120-45e74edcebd9
2019-09-10 21:36:07,105 [pool-119-thread-1] INFO  server.RaftServerConfigKeys (ConfUtils.java:logGet(43)) - raft.server.log.force.sync.num = 128 (default)
2019-09-10 21:36:07,105 [pool-169-thread-1] INFO  server.RaftServerConfigKeys (ConfUtils.java:logGet(43)) - raft.server.log.segment.cache.num.max = 2 (custom)
2019-09-10 21:36:07,106 [pool-119-thread-1] INFO  server.RaftServerConfigKeys (ConfUtils.java:logGet(43)) - raft.server.log.statemachine.data.sync = true (default)
2019-09-10 21:36:07,106 [pool-139-thread-1] INFO  server.RaftServerConfigKeys (ConfUtils.java:logGet(43)) - raft.server.log.queue.byte-limit = 2147483647 (custom)
2019-09-10 21:36:07,106 [pool-119-thread-1] INFO  server.RaftServerConfigKeys (ConfUtils.java:logGet(43)) - raft.server.log.statemachine.data.sync.timeout = 10s (default)
2019-09-10 21:36:07,106 [pool-169-thread-1] INFO  segmented.SegmentedRaftLogWorker (SegmentedRaftLogWorker.java:<init>(172)) - new c74946ab-1ae7-469f-926d-94c964302b5d-SegmentedRaftLogWorker:Storage Directory /workdir/hadoop-ozone/integration-test/target/test-dir/MiniOzoneClusterImpl-da88efb8-9777-4db9-a0a6-522e36c2187a/datanode-5/data/ratis/bb04ea9f-b3ea-4575-b120-45e74edcebd9 for RaftStorage:Storage Directory /workdir/hadoop-ozone/integration-test/target/test-dir/MiniOzoneClusterImpl-da88efb8-9777-4db9-a0a6-522e36c2187a/datanode-5/data/ratis/bb04ea9f-b3ea-4575-b120-45e74edcebd9
2019-09-10 21:36:07,106 [pool-119-thread-1] INFO  server.RaftServerConfigKeys (ConfUtils.java:logGet(43)) - raft.server.log.statemachine.data.sync.timeout.retry = -1 (default)
2019-09-10 21:36:07,106 [pool-139-thread-1] INFO  server.RaftServerConfigKeys (ConfUtils.java:logGet(43)) - raft.server.log.queue.element-limit = 1024 (custom)
2019-09-10 21:36:07,107 [pool-119-thread-1] INFO  server.RaftServerConfigKeys (ConfUtils.java:logGet(43)) - raft.server.log.statemachine.data.caching.enabled = true (custom)
2019-09-10 21:36:07,107 [pool-169-thread-1] INFO  server.RaftServerConfigKeys (ConfUtils.java:logGet(43)) - raft.server.log.queue.byte-limit = 2147483647 (custom)
2019-09-10 21:36:07,107 [pool-139-thread-1] INFO  server.RaftServerConfigKeys (ConfUtils.java:logGet(43)) - raft.server.log.segment.size.max = 1048576 (custom)
2019-09-10 21:36:07,107 [pool-119-thread-1] INFO  segmented.SegmentedRaftLogWorker (SegmentedRaftLogWorker.java:lambda$new$0(132)) - b5bdbdbe-3957-4959-8415-114602cdfdb2-SegmentedRaftLogWorker:Storage Directory /workdir/hadoop-ozone/integration-test/target/test-dir/MiniOzoneClusterImpl-da88efb8-9777-4db9-a0a6-522e36c2187a/datanode-0/data/ratis/bb04ea9f-b3ea-4575-b120-45e74edcebd9: flushIndex: setUnconditionally 0 -> -1
2019-09-10 21:36:07,107 [pool-169-thread-1] INFO  server.RaftServerConfigKeys (ConfUtils.java:logGet(43)) - raft.server.log.queue.element-limit = 1024 (custom)
2019-09-10 21:36:07,107 [pool-139-thread-1] INFO  server.RaftServerConfigKeys (ConfUtils.java:logGet(43)) - raft.server.log.preallocated.size = 16384 (custom)
2019-09-10 21:36:07,108 [pool-169-thread-1] INFO  server.RaftServerConfigKeys (ConfUtils.java:logGet(43)) - raft.server.log.segment.size.max = 1048576 (custom)
2019-09-10 21:36:07,108 [pool-119-thread-1] INFO  server.RaftServerConfigKeys (ConfUtils.java:logGet(43)) - raft.server.snapshot.auto.trigger.enabled = true (custom)
2019-09-10 21:36:07,108 [pool-169-thread-1] INFO  server.RaftServerConfigKeys (ConfUtils.java:logGet(43)) - raft.server.log.preallocated.size = 16384 (custom)
2019-09-10 21:36:07,108 [pool-139-thread-1] INFO  server.RaftServerConfigKeys (ConfUtils.java:logGet(43)) - raft.server.log.write.buffer.size = 33554432 (custom)
2019-09-10 21:36:07,108 [pool-169-thread-1] INFO  server.RaftServerConfigKeys (ConfUtils.java:logGet(43)) - raft.server.log.write.buffer.size = 33554432 (custom)
2019-09-10 21:36:07,108 [pool-119-thread-1] INFO  server.RaftServerConfigKeys (ConfUtils.java:logGet(43)) - raft.server.snapshot.auto.trigger.threshold = 10000 (custom)
2019-09-10 21:36:07,109 [pool-169-thread-1] INFO  server.RaftServerConfigKeys (ConfUtils.java:logGet(43)) - raft.server.log.force.sync.num = 128 (default)
2019-09-10 21:36:07,109 [pool-139-thread-1] INFO  server.RaftServerConfigKeys (ConfUtils.java:logGet(43)) - raft.server.log.force.sync.num = 128 (default)
2019-09-10 21:36:07,109 [pool-169-thread-1] INFO  server.RaftServerConfigKeys (ConfUtils.java:logGet(43)) - raft.server.log.statemachine.data.sync = true (default)
2019-09-10 21:36:07,109 [pool-119-thread-1] INFO  server.RaftServerConfigKeys (ConfUtils.java:logGet(43)) - raft.server.retrycache.expirytime = 600000ms (custom)
2019-09-10 21:36:07,109 [pool-169-thread-1] INFO  server.RaftServerConfigKeys (ConfUtils.java:logGet(43)) - raft.server.log.statemachine.data.sync.timeout = 10s (default)
2019-09-10 21:36:07,109 [pool-139-thread-1] INFO  server.RaftServerConfigKeys (ConfUtils.java:logGet(43)) - raft.server.log.statemachine.data.sync = true (default)
2019-09-10 21:36:07,110 [pool-169-thread-1] INFO  server.RaftServerConfigKeys (ConfUtils.java:logGet(43)) - raft.server.log.statemachine.data.sync.timeout.retry = -1 (default)
2019-09-10 21:36:07,110 [pool-119-thread-1] INFO  impl.RaftServerImpl (RaftServerImpl.java:start(180)) - b5bdbdbe-3957-4959-8415-114602cdfdb2: start group-45E74EDCEBD9
2019-09-10 21:36:07,110 [pool-169-thread-1] INFO  server.RaftServerConfigKeys (ConfUtils.java:logGet(43)) - raft.server.log.statemachine.data.caching.enabled = true (custom)
2019-09-10 21:36:07,110 [pool-139-thread-1] INFO  server.RaftServerConfigKeys (ConfUtils.java:logGet(43)) - raft.server.log.statemachine.data.sync.timeout = 10s (default)
2019-09-10 21:36:07,110 [pool-119-thread-1] INFO  impl.RaftServerImpl (RaftServerImpl.java:setRole(171)) - b5bdbdbe-3957-4959-8415-114602cdfdb2:group-45E74EDCEBD9 changes role from null to FOLLOWER at term 0 for startAsFollower
2019-09-10 21:36:07,110 [pool-139-thread-1] INFO  server.RaftServerConfigKeys (ConfUtils.java:logGet(43)) - raft.server.log.statemachine.data.sync.timeout.retry = -1 (default)
2019-09-10 21:36:07,110 [pool-169-thread-1] INFO  segmented.SegmentedRaftLogWorker (SegmentedRaftLogWorker.java:lambda$new$0(132)) - c74946ab-1ae7-469f-926d-94c964302b5d-SegmentedRaftLogWorker:Storage Directory /workdir/hadoop-ozone/integration-test/target/test-dir/MiniOzoneClusterImpl-da88efb8-9777-4db9-a0a6-522e36c2187a/datanode-5/data/ratis/bb04ea9f-b3ea-4575-b120-45e74edcebd9: flushIndex: setUnconditionally 0 -> -1
2019-09-10 21:36:07,111 [pool-139-thread-1] INFO  server.RaftServerConfigKeys (ConfUtils.java:logGet(43)) - raft.server.log.statemachine.data.caching.enabled = true (custom)
2019-09-10 21:36:07,111 [pool-119-thread-1] INFO  impl.RoleInfo (RoleInfo.java:updateAndGet(143)) - b5bdbdbe-3957-4959-8415-114602cdfdb2: start FollowerState
2019-09-10 21:36:07,111 [pool-169-thread-1] INFO  server.RaftServerConfigKeys (ConfUtils.java:logGet(43)) - raft.server.snapshot.auto.trigger.enabled = true (custom)
2019-09-10 21:36:07,111 [pool-139-thread-1] INFO  segmented.SegmentedRaftLogWorker (SegmentedRaftLogWorker.java:lambda$new$0(132)) - 3320d5df-27d5-46c1-87ca-9b92777b1f08-SegmentedRaftLogWorker:Storage Directory /workdir/hadoop-ozone/integration-test/target/test-dir/MiniOzoneClusterImpl-da88efb8-9777-4db9-a0a6-522e36c2187a/datanode-2/data/ratis/bb04ea9f-b3ea-4575-b120-45e74edcebd9: flushIndex: setUnconditionally 0 -> -1
2019-09-10 21:36:07,111 [pool-169-thread-1] INFO  server.RaftServerConfigKeys (ConfUtils.java:logGet(43)) - raft.server.snapshot.auto.trigger.threshold = 10000 (custom)
2019-09-10 21:36:07,112 [pool-119-thread-1] INFO  util.JmxRegister (JmxRegister.java:tryRegister(44)) - Successfully registered JMX Bean with object name Ratis:service=RaftServer,group=group-45E74EDCEBD9,id=b5bdbdbe-3957-4959-8415-114602cdfdb2
2019-09-10 21:36:07,112 [pool-169-thread-1] INFO  server.RaftServerConfigKeys (ConfUtils.java:logGet(43)) - raft.server.retrycache.expirytime = 600000ms (custom)
2019-09-10 21:36:07,112 [pool-139-thread-1] INFO  server.RaftServerConfigKeys (ConfUtils.java:logGet(43)) - raft.server.snapshot.auto.trigger.enabled = true (custom)
2019-09-10 21:36:07,112 [pool-169-thread-1] INFO  impl.RaftServerImpl (RaftServerImpl.java:start(180)) - c74946ab-1ae7-469f-926d-94c964302b5d: start group-45E74EDCEBD9
2019-09-10 21:36:07,112 [pool-139-thread-1] INFO  server.RaftServerConfigKeys (ConfUtils.java:logGet(43)) - raft.server.snapshot.auto.trigger.threshold = 10000 (custom)
2019-09-10 21:36:07,112 [pool-169-thread-1] INFO  impl.RaftServerImpl (RaftServerImpl.java:setRole(171)) - c74946ab-1ae7-469f-926d-94c964302b5d:group-45E74EDCEBD9 changes role from null to FOLLOWER at term 0 for startAsFollower
2019-09-10 21:36:07,112 [pool-139-thread-1] INFO  server.RaftServerConfigKeys (ConfUtils.java:logGet(43)) - raft.server.retrycache.expirytime = 600000ms (custom)
2019-09-10 21:36:07,112 [pool-169-thread-1] INFO  impl.RoleInfo (RoleInfo.java:updateAndGet(143)) - c74946ab-1ae7-469f-926d-94c964302b5d: start FollowerState
2019-09-10 21:36:07,113 [pool-139-thread-1] INFO  impl.RaftServerImpl (RaftServerImpl.java:start(180)) - 3320d5df-27d5-46c1-87ca-9b92777b1f08: start group-45E74EDCEBD9
2019-09-10 21:36:07,113 [pool-139-thread-1] INFO  impl.RaftServerImpl (RaftServerImpl.java:setRole(171)) - 3320d5df-27d5-46c1-87ca-9b92777b1f08:group-45E74EDCEBD9 changes role from null to FOLLOWER at term 0 for startAsFollower
2019-09-10 21:36:07,113 [pool-139-thread-1] INFO  impl.RoleInfo (RoleInfo.java:updateAndGet(143)) - 3320d5df-27d5-46c1-87ca-9b92777b1f08: start FollowerState
2019-09-10 21:36:07,113 [pool-169-thread-1] INFO  util.JmxRegister (JmxRegister.java:tryRegister(44)) - Successfully registered JMX Bean with object name Ratis:service=RaftServer,group=group-45E74EDCEBD9,id=c74946ab-1ae7-469f-926d-94c964302b5d
2019-09-10 21:36:07,113 [pool-139-thread-1] INFO  util.JmxRegister (JmxRegister.java:tryRegister(44)) - Successfully registered JMX Bean with object name Ratis:service=RaftServer,group=group-45E74EDCEBD9,id=3320d5df-27d5-46c1-87ca-9b92777b1f08
2019-09-10 21:36:07,125 [RatisPipelineUtilsThread] INFO  pipeline.PipelineStateManager (PipelineStateManager.java:addPipeline(56)) - Created pipeline Pipeline[ Id: bb04ea9f-b3ea-4575-b120-45e74edcebd9, Nodes: 3320d5df-27d5-46c1-87ca-9b92777b1f08{ip: 192.168.69.94, host: pr-hdds-2007-qhgzt-2180668592, networkLocation: /default-rack, certSerialId: null}b5bdbdbe-3957-4959-8415-114602cdfdb2{ip: 192.168.69.94, host: pr-hdds-2007-qhgzt-2180668592, networkLocation: /default-rack, certSerialId: null}c74946ab-1ae7-469f-926d-94c964302b5d{ip: 192.168.69.94, host: pr-hdds-2007-qhgzt-2180668592, networkLocation: /default-rack, certSerialId: null}, Type:RATIS, Factor:THREE, State:OPEN]
2019-09-10 21:36:07,144 [grpc-default-executor-3] INFO  impl.RaftServerProxy (RaftServerProxy.java:addNew(89)) - 66bbc06a-8405-41cc-8f06-d094f2a47128: addNew group-DADAE11C36BE:[66bbc06a-8405-41cc-8f06-d094f2a47128:192.168.69.94:44922, e63844c6-a8ea-4ed6-bffd-4bb09eb8cb63:192.168.69.94:36803, 03cfe98d-66e9-47f4-af03-9590c4a45681:192.168.69.94:42973] returns group-DADAE11C36BE:java.util.concurrent.CompletableFuture@49f9b871[Not completed]
2019-09-10 21:36:07,144 [grpc-default-executor-2] INFO  impl.RaftServerProxy (RaftServerProxy.java:addNew(89)) - 03cfe98d-66e9-47f4-af03-9590c4a45681: addNew group-DADAE11C36BE:[66bbc06a-8405-41cc-8f06-d094f2a47128:192.168.69.94:44922, e63844c6-a8ea-4ed6-bffd-4bb09eb8cb63:192.168.69.94:36803, 03cfe98d-66e9-47f4-af03-9590c4a45681:192.168.69.94:42973] returns group-DADAE11C36BE:java.util.concurrent.CompletableFuture@7fd595bb[Not completed]
2019-09-10 21:36:07,144 [grpc-default-executor-4] INFO  impl.RaftServerProxy (RaftServerProxy.java:addNew(89)) - e63844c6-a8ea-4ed6-bffd-4bb09eb8cb63: addNew group-DADAE11C36BE:[66bbc06a-8405-41cc-8f06-d094f2a47128:192.168.69.94:44922, e63844c6-a8ea-4ed6-bffd-4bb09eb8cb63:192.168.69.94:36803, 03cfe98d-66e9-47f4-af03-9590c4a45681:192.168.69.94:42973] returns group-DADAE11C36BE:java.util.concurrent.CompletableFuture@3ba90f22[Not completed]
2019-09-10 21:36:07,146 [pool-179-thread-1] INFO  impl.RaftServerImpl (RaftServerImpl.java:<init>(93)) - 03cfe98d-66e9-47f4-af03-9590c4a45681: new RaftServerImpl for group-DADAE11C36BE:[66bbc06a-8405-41cc-8f06-d094f2a47128:192.168.69.94:44922, e63844c6-a8ea-4ed6-bffd-4bb09eb8cb63:192.168.69.94:36803, 03cfe98d-66e9-47f4-af03-9590c4a45681:192.168.69.94:42973] with ContainerStateMachine:uninitialized
2019-09-10 21:36:07,146 [pool-179-thread-1] INFO  server.RaftServerConfigKeys (ConfUtils.java:logGet(43)) - raft.server.rpc.timeout.min = 5s (custom)
2019-09-10 21:36:07,146 [pool-179-thread-1] INFO  server.RaftServerConfigKeys (ConfUtils.java:logGet(43)) - raft.server.rpc.timeout.max = 5200ms (custom)
2019-09-10 21:36:07,146 [pool-179-thread-1] INFO  server.RaftServerConfigKeys (ConfUtils.java:logGet(43)) - raft.server.rpcslowness.timeout = 120s (custom)
2019-09-10 21:36:07,146 [pool-179-thread-1] INFO  server.RaftServerConfigKeys (ConfUtils.java:logGet(43)) - raft.server.sleep.deviation.threshold = 300 (default)
2019-09-10 21:36:07,146 [pool-179-thread-1] INFO  server.RaftServerConfigKeys (ConfUtils.java:logGet(43)) - raft.server.log.appender.install.snapshot.enabled = false (custom)
2019-09-10 21:36:07,147 [pool-149-thread-1] INFO  impl.RaftServerImpl (RaftServerImpl.java:<init>(93)) - e63844c6-a8ea-4ed6-bffd-4bb09eb8cb63: new RaftServerImpl for group-DADAE11C36BE:[66bbc06a-8405-41cc-8f06-d094f2a47128:192.168.69.94:44922, e63844c6-a8ea-4ed6-bffd-4bb09eb8cb63:192.168.69.94:36803, 03cfe98d-66e9-47f4-af03-9590c4a45681:192.168.69.94:42973] with ContainerStateMachine:uninitialized
2019-09-10 21:36:07,147 [pool-179-thread-1] INFO  impl.RaftServerImpl (ServerState.java:<init>(105)) - 03cfe98d-66e9-47f4-af03-9590c4a45681:group-DADAE11C36BE ConfigurationManager, init=-1: [66bbc06a-8405-41cc-8f06-d094f2a47128:192.168.69.94:44922, e63844c6-a8ea-4ed6-bffd-4bb09eb8cb63:192.168.69.94:36803, 03cfe98d-66e9-47f4-af03-9590c4a45681:192.168.69.94:42973], old=null, confs=<EMPTY_MAP>
2019-09-10 21:36:07,147 [pool-149-thread-1] INFO  server.RaftServerConfigKeys (ConfUtils.java:logGet(43)) - raft.server.rpc.timeout.min = 5s (custom)
2019-09-10 21:36:07,147 [pool-179-thread-1] INFO  server.RaftServerConfigKeys (ConfUtils.java:logGet(43)) - raft.server.storage.dir = [/workdir/hadoop-ozone/integration-test/target/test-dir/MiniOzoneClusterImpl-da88efb8-9777-4db9-a0a6-522e36c2187a/datanode-6/data/ratis] (custom)
2019-09-10 21:36:07,147 [pool-149-thread-1] INFO  server.RaftServerConfigKeys (ConfUtils.java:logGet(43)) - raft.server.rpc.timeout.max = 5200ms (custom)
2019-09-10 21:36:07,147 [pool-129-thread-1] INFO  impl.RaftServerImpl (RaftServerImpl.java:<init>(93)) - 66bbc06a-8405-41cc-8f06-d094f2a47128: new RaftServerImpl for group-DADAE11C36BE:[66bbc06a-8405-41cc-8f06-d094f2a47128:192.168.69.94:44922, e63844c6-a8ea-4ed6-bffd-4bb09eb8cb63:192.168.69.94:36803, 03cfe98d-66e9-47f4-af03-9590c4a45681:192.168.69.94:42973] with ContainerStateMachine:uninitialized
2019-09-10 21:36:07,147 [pool-149-thread-1] INFO  server.RaftServerConfigKeys (ConfUtils.java:logGet(43)) - raft.server.rpcslowness.timeout = 120s (custom)
2019-09-10 21:36:07,147 [pool-129-thread-1] INFO  server.RaftServerConfigKeys (ConfUtils.java:logGet(43)) - raft.server.rpc.timeout.min = 5s (custom)
2019-09-10 21:36:07,147 [pool-179-thread-1] INFO  storage.RaftStorageDirectory (RaftStorageDirectory.java:analyzeStorage(246)) - The storage directory /workdir/hadoop-ozone/integration-test/target/test-dir/MiniOzoneClusterImpl-da88efb8-9777-4db9-a0a6-522e36c2187a/datanode-6/data/ratis/467e298e-08af-4d01-b5e9-dadae11c36be does not exist. Creating ...
2019-09-10 21:36:07,148 [pool-129-thread-1] INFO  server.RaftServerConfigKeys (ConfUtils.java:logGet(43)) - raft.server.rpc.timeout.max = 5200ms (custom)
2019-09-10 21:36:07,148 [pool-149-thread-1] INFO  server.RaftServerConfigKeys (ConfUtils.java:logGet(43)) - raft.server.sleep.deviation.threshold = 300 (default)
2019-09-10 21:36:07,148 [pool-129-thread-1] INFO  server.RaftServerConfigKeys (ConfUtils.java:logGet(43)) - raft.server.rpcslowness.timeout = 120s (custom)
2019-09-10 21:36:07,148 [pool-149-thread-1] INFO  server.RaftServerConfigKeys (ConfUtils.java:logGet(43)) - raft.server.log.appender.install.snapshot.enabled = false (custom)
2019-09-10 21:36:07,148 [pool-129-thread-1] INFO  server.RaftServerConfigKeys (ConfUtils.java:logGet(43)) - raft.server.sleep.deviation.threshold = 300 (default)
2019-09-10 21:36:07,148 [pool-149-thread-1] INFO  impl.RaftServerImpl (ServerState.java:<init>(105)) - e63844c6-a8ea-4ed6-bffd-4bb09eb8cb63:group-DADAE11C36BE ConfigurationManager, init=-1: [66bbc06a-8405-41cc-8f06-d094f2a47128:192.168.69.94:44922, e63844c6-a8ea-4ed6-bffd-4bb09eb8cb63:192.168.69.94:36803, 03cfe98d-66e9-47f4-af03-9590c4a45681:192.168.69.94:42973], old=null, confs=<EMPTY_MAP>
2019-09-10 21:36:07,148 [pool-129-thread-1] INFO  server.RaftServerConfigKeys (ConfUtils.java:logGet(43)) - raft.server.log.appender.install.snapshot.enabled = false (custom)
2019-09-10 21:36:07,149 [pool-149-thread-1] INFO  server.RaftServerConfigKeys (ConfUtils.java:logGet(43)) - raft.server.storage.dir = [/workdir/hadoop-ozone/integration-test/target/test-dir/MiniOzoneClusterImpl-da88efb8-9777-4db9-a0a6-522e36c2187a/datanode-3/data/ratis] (custom)
2019-09-10 21:36:07,149 [pool-129-thread-1] INFO  impl.RaftServerImpl (ServerState.java:<init>(105)) - 66bbc06a-8405-41cc-8f06-d094f2a47128:group-DADAE11C36BE ConfigurationManager, init=-1: [66bbc06a-8405-41cc-8f06-d094f2a47128:192.168.69.94:44922, e63844c6-a8ea-4ed6-bffd-4bb09eb8cb63:192.168.69.94:36803, 03cfe98d-66e9-47f4-af03-9590c4a45681:192.168.69.94:42973], old=null, confs=<EMPTY_MAP>
2019-09-10 21:36:07,149 [pool-129-thread-1] INFO  server.RaftServerConfigKeys (ConfUtils.java:logGet(43)) - raft.server.storage.dir = [/workdir/hadoop-ozone/integration-test/target/test-dir/MiniOzoneClusterImpl-da88efb8-9777-4db9-a0a6-522e36c2187a/datanode-1/data/ratis] (custom)
2019-09-10 21:36:07,149 [pool-149-thread-1] INFO  storage.RaftStorageDirectory (RaftStorageDirectory.java:analyzeStorage(246)) - The storage directory /workdir/hadoop-ozone/integration-test/target/test-dir/MiniOzoneClusterImpl-da88efb8-9777-4db9-a0a6-522e36c2187a/datanode-3/data/ratis/467e298e-08af-4d01-b5e9-dadae11c36be does not exist. Creating ...
2019-09-10 21:36:07,149 [pool-129-thread-1] INFO  storage.RaftStorageDirectory (RaftStorageDirectory.java:analyzeStorage(246)) - The storage directory /workdir/hadoop-ozone/integration-test/target/test-dir/MiniOzoneClusterImpl-da88efb8-9777-4db9-a0a6-522e36c2187a/datanode-1/data/ratis/467e298e-08af-4d01-b5e9-dadae11c36be does not exist. Creating ...
2019-09-10 21:36:07,177 [pool-129-thread-1] INFO  storage.RaftStorageDirectory (RaftStorageDirectory.java:tryLock(328)) - Lock on /workdir/hadoop-ozone/integration-test/target/test-dir/MiniOzoneClusterImpl-da88efb8-9777-4db9-a0a6-522e36c2187a/datanode-1/data/ratis/467e298e-08af-4d01-b5e9-dadae11c36be/in_use.lock acquired by nodename 31480@pr-hdds-2007-qhgzt-2180668592
2019-09-10 21:36:07,177 [pool-179-thread-1] INFO  storage.RaftStorageDirectory (RaftStorageDirectory.java:tryLock(328)) - Lock on /workdir/hadoop-ozone/integration-test/target/test-dir/MiniOzoneClusterImpl-da88efb8-9777-4db9-a0a6-522e36c2187a/datanode-6/data/ratis/467e298e-08af-4d01-b5e9-dadae11c36be/in_use.lock acquired by nodename 31480@pr-hdds-2007-qhgzt-2180668592
2019-09-10 21:36:07,177 [pool-149-thread-1] INFO  storage.RaftStorageDirectory (RaftStorageDirectory.java:tryLock(328)) - Lock on /workdir/hadoop-ozone/integration-test/target/test-dir/MiniOzoneClusterImpl-da88efb8-9777-4db9-a0a6-522e36c2187a/datanode-3/data/ratis/467e298e-08af-4d01-b5e9-dadae11c36be/in_use.lock acquired by nodename 31480@pr-hdds-2007-qhgzt-2180668592
2019-09-10 21:36:07,202 [pool-129-thread-1] INFO  storage.RaftStorage (RaftStorage.java:format(72)) - Storage directory /workdir/hadoop-ozone/integration-test/target/test-dir/MiniOzoneClusterImpl-da88efb8-9777-4db9-a0a6-522e36c2187a/datanode-1/data/ratis/467e298e-08af-4d01-b5e9-dadae11c36be has been successfully formatted.
2019-09-10 21:36:07,203 [pool-149-thread-1] INFO  storage.RaftStorage (RaftStorage.java:format(72)) - Storage directory /workdir/hadoop-ozone/integration-test/target/test-dir/MiniOzoneClusterImpl-da88efb8-9777-4db9-a0a6-522e36c2187a/datanode-3/data/ratis/467e298e-08af-4d01-b5e9-dadae11c36be has been successfully formatted.
2019-09-10 21:36:07,203 [pool-179-thread-1] INFO  storage.RaftStorage (RaftStorage.java:format(72)) - Storage directory /workdir/hadoop-ozone/integration-test/target/test-dir/MiniOzoneClusterImpl-da88efb8-9777-4db9-a0a6-522e36c2187a/datanode-6/data/ratis/467e298e-08af-4d01-b5e9-dadae11c36be has been successfully formatted.
2019-09-10 21:36:07,203 [pool-129-thread-1] INFO  ratis.ContainerStateMachine (ContainerStateMachine.java:loadSnapshot(227)) - group-DADAE11C36BE: The snapshot info is null. Setting the last applied indexto:(t:0, i:~)
2019-09-10 21:36:07,203 [pool-179-thread-1] INFO  ratis.ContainerStateMachine (ContainerStateMachine.java:loadSnapshot(227)) - group-DADAE11C36BE: The snapshot info is null. Setting the last applied indexto:(t:0, i:~)
2019-09-10 21:36:07,203 [pool-149-thread-1] INFO  ratis.ContainerStateMachine (ContainerStateMachine.java:loadSnapshot(227)) - group-DADAE11C36BE: The snapshot info is null. Setting the last applied indexto:(t:0, i:~)
2019-09-10 21:36:07,203 [pool-179-thread-1] INFO  server.RaftServerConfigKeys (ConfUtils.java:logGet(43)) - raft.server.leader.election.timeout = 120s (custom)
2019-09-10 21:36:07,203 [pool-129-thread-1] INFO  server.RaftServerConfigKeys (ConfUtils.java:logGet(43)) - raft.server.leader.election.timeout = 120s (custom)
2019-09-10 21:36:07,203 [pool-179-thread-1] INFO  server.RaftServerConfigKeys (ConfUtils.java:logGet(43)) - raft.server.log.use.memory = false (default)
2019-09-10 21:36:07,203 [pool-149-thread-1] INFO  server.RaftServerConfigKeys (ConfUtils.java:logGet(43)) - raft.server.leader.election.timeout = 120s (custom)
2019-09-10 21:36:07,204 [pool-179-thread-1] INFO  server.RaftServerConfigKeys (ConfUtils.java:logGet(43)) - raft.server.log.purge.gap = 1000000 (custom)
2019-09-10 21:36:07,203 [pool-129-thread-1] INFO  server.RaftServerConfigKeys (ConfUtils.java:logGet(43)) - raft.server.log.use.memory = false (default)
2019-09-10 21:36:07,204 [pool-179-thread-1] INFO  server.RaftServerConfigKeys (ConfUtils.java:logGet(43)) - raft.server.log.appender.buffer.byte-limit = 33554432 (custom)
2019-09-10 21:36:07,204 [pool-149-thread-1] INFO  server.RaftServerConfigKeys (ConfUtils.java:logGet(43)) - raft.server.log.use.memory = false (default)
2019-09-10 21:36:07,204 [pool-179-thread-1] INFO  server.RaftServerConfigKeys (ConfUtils.java:logGet(43)) - raft.server.log.segment.size.max = 1048576 (custom)
2019-09-10 21:36:07,204 [pool-129-thread-1] INFO  server.RaftServerConfigKeys (ConfUtils.java:logGet(43)) - raft.server.log.purge.gap = 1000000 (custom)
2019-09-10 21:36:07,204 [pool-179-thread-1] INFO  server.RaftServerConfigKeys (ConfUtils.java:logGet(43)) - raft.server.log.segment.cache.num.max = 2 (custom)
2019-09-10 21:36:07,204 [pool-149-thread-1] INFO  server.RaftServerConfigKeys (ConfUtils.java:logGet(43)) - raft.server.log.purge.gap = 1000000 (custom)
2019-09-10 21:36:07,204 [pool-179-thread-1] INFO  segmented.SegmentedRaftLogWorker (SegmentedRaftLogWorker.java:<init>(172)) - new 03cfe98d-66e9-47f4-af03-9590c4a45681-SegmentedRaftLogWorker:Storage Directory /workdir/hadoop-ozone/integration-test/target/test-dir/MiniOzoneClusterImpl-da88efb8-9777-4db9-a0a6-522e36c2187a/datanode-6/data/ratis/467e298e-08af-4d01-b5e9-dadae11c36be for RaftStorage:Storage Directory /workdir/hadoop-ozone/integration-test/target/test-dir/MiniOzoneClusterImpl-da88efb8-9777-4db9-a0a6-522e36c2187a/datanode-6/data/ratis/467e298e-08af-4d01-b5e9-dadae11c36be
2019-09-10 21:36:07,204 [pool-129-thread-1] INFO  server.RaftServerConfigKeys (ConfUtils.java:logGet(43)) - raft.server.log.appender.buffer.byte-limit = 33554432 (custom)
2019-09-10 21:36:07,205 [pool-179-thread-1] INFO  server.RaftServerConfigKeys (ConfUtils.java:logGet(43)) - raft.server.log.queue.byte-limit = 2147483647 (custom)
2019-09-10 21:36:07,205 [pool-149-thread-1] INFO  server.RaftServerConfigKeys (ConfUtils.java:logGet(43)) - raft.server.log.appender.buffer.byte-limit = 33554432 (custom)
2019-09-10 21:36:07,205 [pool-179-thread-1] INFO  server.RaftServerConfigKeys (ConfUtils.java:logGet(43)) - raft.server.log.queue.element-limit = 1024 (custom)
2019-09-10 21:36:07,205 [pool-129-thread-1] INFO  server.RaftServerConfigKeys (ConfUtils.java:logGet(43)) - raft.server.log.segment.size.max = 1048576 (custom)
2019-09-10 21:36:07,205 [pool-179-thread-1] INFO  server.RaftServerConfigKeys (ConfUtils.java:logGet(43)) - raft.server.log.segment.size.max = 1048576 (custom)
2019-09-10 21:36:07,205 [pool-149-thread-1] INFO  server.RaftServerConfigKeys (ConfUtils.java:logGet(43)) - raft.server.log.segment.size.max = 1048576 (custom)
2019-09-10 21:36:07,205 [pool-179-thread-1] INFO  server.RaftServerConfigKeys (ConfUtils.java:logGet(43)) - raft.server.log.preallocated.size = 16384 (custom)
2019-09-10 21:36:07,205 [pool-129-thread-1] INFO  server.RaftServerConfigKeys (ConfUtils.java:logGet(43)) - raft.server.log.segment.cache.num.max = 2 (custom)
2019-09-10 21:36:07,206 [pool-179-thread-1] INFO  server.RaftServerConfigKeys (ConfUtils.java:logGet(43)) - raft.server.log.write.buffer.size = 33554432 (custom)
2019-09-10 21:36:07,206 [pool-149-thread-1] INFO  server.RaftServerConfigKeys (ConfUtils.java:logGet(43)) - raft.server.log.segment.cache.num.max = 2 (custom)
2019-09-10 21:36:07,206 [pool-179-thread-1] INFO  server.RaftServerConfigKeys (ConfUtils.java:logGet(43)) - raft.server.log.force.sync.num = 128 (default)
2019-09-10 21:36:07,206 [pool-179-thread-1] INFO  server.RaftServerConfigKeys (ConfUtils.java:logGet(43)) - raft.server.log.statemachine.data.sync = true (default)
2019-09-10 21:36:07,206 [pool-129-thread-1] INFO  segmented.SegmentedRaftLogWorker (SegmentedRaftLogWorker.java:<init>(172)) - new 66bbc06a-8405-41cc-8f06-d094f2a47128-SegmentedRaftLogWorker:Storage Directory /workdir/hadoop-ozone/integration-test/target/test-dir/MiniOzoneClusterImpl-da88efb8-9777-4db9-a0a6-522e36c2187a/datanode-1/data/ratis/467e298e-08af-4d01-b5e9-dadae11c36be for RaftStorage:Storage Directory /workdir/hadoop-ozone/integration-test/target/test-dir/MiniOzoneClusterImpl-da88efb8-9777-4db9-a0a6-522e36c2187a/datanode-1/data/ratis/467e298e-08af-4d01-b5e9-dadae11c36be
2019-09-10 21:36:07,206 [pool-179-thread-1] INFO  server.RaftServerConfigKeys (ConfUtils.java:logGet(43)) - raft.server.log.statemachine.data.sync.timeout = 10s (default)
2019-09-10 21:36:07,206 [pool-149-thread-1] INFO  segmented.SegmentedRaftLogWorker (SegmentedRaftLogWorker.java:<init>(172)) - new e63844c6-a8ea-4ed6-bffd-4bb09eb8cb63-SegmentedRaftLogWorker:Storage Directory /workdir/hadoop-ozone/integration-test/target/test-dir/MiniOzoneClusterImpl-da88efb8-9777-4db9-a0a6-522e36c2187a/datanode-3/data/ratis/467e298e-08af-4d01-b5e9-dadae11c36be for RaftStorage:Storage Directory /workdir/hadoop-ozone/integration-test/target/test-dir/MiniOzoneClusterImpl-da88efb8-9777-4db9-a0a6-522e36c2187a/datanode-3/data/ratis/467e298e-08af-4d01-b5e9-dadae11c36be
2019-09-10 21:36:07,207 [pool-179-thread-1] INFO  server.RaftServerConfigKeys (ConfUtils.java:logGet(43)) - raft.server.log.statemachine.data.sync.timeout.retry = -1 (default)
2019-09-10 21:36:07,206 [pool-129-thread-1] INFO  server.RaftServerConfigKeys (ConfUtils.java:logGet(43)) - raft.server.log.queue.byte-limit = 2147483647 (custom)
2019-09-10 21:36:07,207 [pool-179-thread-1] INFO  server.RaftServerConfigKeys (ConfUtils.java:logGet(43)) - raft.server.log.statemachine.data.caching.enabled = true (custom)
2019-09-10 21:36:07,207 [pool-149-thread-1] INFO  server.RaftServerConfigKeys (ConfUtils.java:logGet(43)) - raft.server.log.queue.byte-limit = 2147483647 (custom)
2019-09-10 21:36:07,207 [pool-129-thread-1] INFO  server.RaftServerConfigKeys (ConfUtils.java:logGet(43)) - raft.server.log.queue.element-limit = 1024 (custom)
2019-09-10 21:36:07,207 [pool-179-thread-1] INFO  segmented.SegmentedRaftLogWorker (SegmentedRaftLogWorker.java:lambda$new$0(132)) - 03cfe98d-66e9-47f4-af03-9590c4a45681-SegmentedRaftLogWorker:Storage Directory /workdir/hadoop-ozone/integration-test/target/test-dir/MiniOzoneClusterImpl-da88efb8-9777-4db9-a0a6-522e36c2187a/datanode-6/data/ratis/467e298e-08af-4d01-b5e9-dadae11c36be: flushIndex: setUnconditionally 0 -> -1
2019-09-10 21:36:07,207 [pool-149-thread-1] INFO  server.RaftServerConfigKeys (ConfUtils.java:logGet(43)) - raft.server.log.queue.element-limit = 1024 (custom)
2019-09-10 21:36:07,207 [pool-179-thread-1] INFO  server.RaftServerConfigKeys (ConfUtils.java:logGet(43)) - raft.server.snapshot.auto.trigger.enabled = true (custom)
2019-09-10 21:36:07,207 [pool-129-thread-1] INFO  server.RaftServerConfigKeys (ConfUtils.java:logGet(43)) - raft.server.log.segment.size.max = 1048576 (custom)
2019-09-10 21:36:07,208 [pool-179-thread-1] INFO  server.RaftServerConfigKeys (ConfUtils.java:logGet(43)) - raft.server.snapshot.auto.trigger.threshold = 10000 (custom)
2019-09-10 21:36:07,208 [pool-149-thread-1] INFO  server.RaftServerConfigKeys (ConfUtils.java:logGet(43)) - raft.server.log.segment.size.max = 1048576 (custom)
2019-09-10 21:36:07,208 [pool-179-thread-1] INFO  server.RaftServerConfigKeys (ConfUtils.java:logGet(43)) - raft.server.retrycache.expirytime = 600000ms (custom)
2019-09-10 21:36:07,208 [pool-129-thread-1] INFO  server.RaftServerConfigKeys (ConfUtils.java:logGet(43)) - raft.server.log.preallocated.size = 16384 (custom)
2019-09-10 21:36:07,208 [pool-179-thread-1] INFO  impl.RaftServerImpl (RaftServerImpl.java:start(180)) - 03cfe98d-66e9-47f4-af03-9590c4a45681: start group-DADAE11C36BE
2019-09-10 21:36:07,208 [pool-149-thread-1] INFO  server.RaftServerConfigKeys (ConfUtils.java:logGet(43)) - raft.server.log.preallocated.size = 16384 (custom)
2019-09-10 21:36:07,208 [pool-179-thread-1] INFO  impl.RaftServerImpl (RaftServerImpl.java:setRole(171)) - 03cfe98d-66e9-47f4-af03-9590c4a45681:group-DADAE11C36BE changes role from null to FOLLOWER at term 0 for startAsFollower
2019-09-10 21:36:07,208 [pool-129-thread-1] INFO  server.RaftServerConfigKeys (ConfUtils.java:logGet(43)) - raft.server.log.write.buffer.size = 33554432 (custom)
2019-09-10 21:36:07,209 [pool-179-thread-1] INFO  impl.RoleInfo (RoleInfo.java:updateAndGet(143)) - 03cfe98d-66e9-47f4-af03-9590c4a45681: start FollowerState
2019-09-10 21:36:07,209 [pool-149-thread-1] INFO  server.RaftServerConfigKeys (ConfUtils.java:logGet(43)) - raft.server.log.write.buffer.size = 33554432 (custom)
2019-09-10 21:36:07,209 [pool-129-thread-1] INFO  server.RaftServerConfigKeys (ConfUtils.java:logGet(43)) - raft.server.log.force.sync.num = 128 (default)
2019-09-10 21:36:07,209 [pool-149-thread-1] INFO  server.RaftServerConfigKeys (ConfUtils.java:logGet(43)) - raft.server.log.force.sync.num = 128 (default)
2019-09-10 21:36:07,209 [pool-129-thread-1] INFO  server.RaftServerConfigKeys (ConfUtils.java:logGet(43)) - raft.server.log.statemachine.data.sync = true (default)
2019-09-10 21:36:07,209 [pool-179-thread-1] INFO  util.JmxRegister (JmxRegister.java:tryRegister(44)) - Successfully registered JMX Bean with object name Ratis:service=RaftServer,group=group-DADAE11C36BE,id=03cfe98d-66e9-47f4-af03-9590c4a45681
2019-09-10 21:36:07,210 [pool-129-thread-1] INFO  server.RaftServerConfigKeys (ConfUtils.java:logGet(43)) - raft.server.log.statemachine.data.sync.timeout = 10s (default)
2019-09-10 21:36:07,209 [pool-149-thread-1] INFO  server.RaftServerConfigKeys (ConfUtils.java:logGet(43)) - raft.server.log.statemachine.data.sync = true (default)
2019-09-10 21:36:07,210 [pool-129-thread-1] INFO  server.RaftServerConfigKeys (ConfUtils.java:logGet(43)) - raft.server.log.statemachine.data.sync.timeout.retry = -1 (default)
2019-09-10 21:36:07,210 [pool-149-thread-1] INFO  server.RaftServerConfigKeys (ConfUtils.java:logGet(43)) - raft.server.log.statemachine.data.sync.timeout = 10s (default)
2019-09-10 21:36:07,210 [pool-129-thread-1] INFO  server.RaftServerConfigKeys (ConfUtils.java:logGet(43)) - raft.server.log.statemachine.data.caching.enabled = true (custom)
2019-09-10 21:36:07,210 [pool-149-thread-1] INFO  server.RaftServerConfigKeys (ConfUtils.java:logGet(43)) - raft.server.log.statemachine.data.sync.timeout.retry = -1 (default)
2019-09-10 21:36:07,211 [pool-149-thread-1] INFO  server.RaftServerConfigKeys (ConfUtils.java:logGet(43)) - raft.server.log.statemachine.data.caching.enabled = true (custom)
2019-09-10 21:36:07,211 [pool-129-thread-1] INFO  segmented.SegmentedRaftLogWorker (SegmentedRaftLogWorker.java:lambda$new$0(132)) - 66bbc06a-8405-41cc-8f06-d094f2a47128-SegmentedRaftLogWorker:Storage Directory /workdir/hadoop-ozone/integration-test/target/test-dir/MiniOzoneClusterImpl-da88efb8-9777-4db9-a0a6-522e36c2187a/datanode-1/data/ratis/467e298e-08af-4d01-b5e9-dadae11c36be: flushIndex: setUnconditionally 0 -> -1
2019-09-10 21:36:07,211 [pool-149-thread-1] INFO  segmented.SegmentedRaftLogWorker (SegmentedRaftLogWorker.java:lambda$new$0(132)) - e63844c6-a8ea-4ed6-bffd-4bb09eb8cb63-SegmentedRaftLogWorker:Storage Directory /workdir/hadoop-ozone/integration-test/target/test-dir/MiniOzoneClusterImpl-da88efb8-9777-4db9-a0a6-522e36c2187a/datanode-3/data/ratis/467e298e-08af-4d01-b5e9-dadae11c36be: flushIndex: setUnconditionally 0 -> -1
2019-09-10 21:36:07,214 [pool-129-thread-1] INFO  server.RaftServerConfigKeys (ConfUtils.java:logGet(43)) - raft.server.snapshot.auto.trigger.enabled = true (custom)
2019-09-10 21:36:07,214 [pool-129-thread-1] INFO  server.RaftServerConfigKeys (ConfUtils.java:logGet(43)) - raft.server.snapshot.auto.trigger.threshold = 10000 (custom)
2019-09-10 21:36:07,214 [pool-149-thread-1] INFO  server.RaftServerConfigKeys (ConfUtils.java:logGet(43)) - raft.server.snapshot.auto.trigger.enabled = true (custom)
2019-09-10 21:36:07,214 [pool-129-thread-1] INFO  server.RaftServerConfigKeys (ConfUtils.java:logGet(43)) - raft.server.retrycache.expirytime = 600000ms (custom)
2019-09-10 21:36:07,214 [pool-149-thread-1] INFO  server.RaftServerConfigKeys (ConfUtils.java:logGet(43)) - raft.server.snapshot.auto.trigger.threshold = 10000 (custom)
2019-09-10 21:36:07,214 [pool-129-thread-1] INFO  impl.RaftServerImpl (RaftServerImpl.java:start(180)) - 66bbc06a-8405-41cc-8f06-d094f2a47128: start group-DADAE11C36BE
2019-09-10 21:36:07,215 [pool-149-thread-1] INFO  server.RaftServerConfigKeys (ConfUtils.java:logGet(43)) - raft.server.retrycache.expirytime = 600000ms (custom)
2019-09-10 21:36:07,215 [pool-129-thread-1] INFO  impl.RaftServerImpl (RaftServerImpl.java:setRole(171)) - 66bbc06a-8405-41cc-8f06-d094f2a47128:group-DADAE11C36BE changes role from null to FOLLOWER at term 0 for startAsFollower
2019-09-10 21:36:07,215 [pool-149-thread-1] INFO  impl.RaftServerImpl (RaftServerImpl.java:start(180)) - e63844c6-a8ea-4ed6-bffd-4bb09eb8cb63: start group-DADAE11C36BE
2019-09-10 21:36:07,215 [pool-129-thread-1] INFO  impl.RoleInfo (RoleInfo.java:updateAndGet(143)) - 66bbc06a-8405-41cc-8f06-d094f2a47128: start FollowerState
2019-09-10 21:36:07,215 [pool-149-thread-1] INFO  impl.RaftServerImpl (RaftServerImpl.java:setRole(171)) - e63844c6-a8ea-4ed6-bffd-4bb09eb8cb63:group-DADAE11C36BE changes role from null to FOLLOWER at term 0 for startAsFollower
2019-09-10 21:36:07,215 [pool-149-thread-1] INFO  impl.RoleInfo (RoleInfo.java:updateAndGet(143)) - e63844c6-a8ea-4ed6-bffd-4bb09eb8cb63: start FollowerState
2019-09-10 21:36:07,215 [pool-129-thread-1] INFO  util.JmxRegister (JmxRegister.java:tryRegister(44)) - Successfully registered JMX Bean with object name Ratis:service=RaftServer,group=group-DADAE11C36BE,id=66bbc06a-8405-41cc-8f06-d094f2a47128
2019-09-10 21:36:07,215 [pool-149-thread-1] INFO  util.JmxRegister (JmxRegister.java:tryRegister(44)) - Successfully registered JMX Bean with object name Ratis:service=RaftServer,group=group-DADAE11C36BE,id=e63844c6-a8ea-4ed6-bffd-4bb09eb8cb63
2019-09-10 21:36:07,221 [RatisPipelineUtilsThread] INFO  pipeline.PipelineStateManager (PipelineStateManager.java:addPipeline(56)) - Created pipeline Pipeline[ Id: 467e298e-08af-4d01-b5e9-dadae11c36be, Nodes: e63844c6-a8ea-4ed6-bffd-4bb09eb8cb63{ip: 192.168.69.94, host: pr-hdds-2007-qhgzt-2180668592, networkLocation: /default-rack, certSerialId: null}66bbc06a-8405-41cc-8f06-d094f2a47128{ip: 192.168.69.94, host: pr-hdds-2007-qhgzt-2180668592, networkLocation: /default-rack, certSerialId: null}03cfe98d-66e9-47f4-af03-9590c4a45681{ip: 192.168.69.94, host: pr-hdds-2007-qhgzt-2180668592, networkLocation: /default-rack, certSerialId: null}, Type:RATIS, Factor:THREE, State:OPEN]
2019-09-10 21:36:07,730 [main] INFO  ozone.MiniOzoneClusterImpl (MiniOzoneClusterImpl.java:lambda$waitForClusterToBeReady$0(140)) - Cluster is ready. Got 7 of 7 DN Heartbeats.
2019-09-10 21:36:07,762 [main] INFO  rpc.RpcClient (RpcClient.java:createVolume(294)) - Creating Volume: watchforcommithandlingtest, with jenkins1000 as owner.
2019-09-10 21:36:07,765 [IPC Server handler 1 on 38535] INFO  volume.OMVolumeCreateRequest (OMVolumeCreateRequest.java:validateAndUpdateCache(189)) - created volume:watchforcommithandlingtest for user:jenkins1000
2019-09-10 21:36:07,809 [main] INFO  rpc.RpcClient (RpcClient.java:createBucket(433)) - Creating Bucket: watchforcommithandlingtest/watchforcommithandlingtest, with Versioning false and Storage Type set to DISK and Encryption set to false 
2019-09-10 21:36:07,815 [main] INFO  ozone.MiniOzoneClusterImpl (MiniOzoneClusterImpl.java:getStorageContainerLocationClient(227)) - Creating StorageContainerLocationProtocol RPC client with address /0.0.0.0:40777
2019-09-10 21:36:07,908 [grpc-default-executor-4] INFO  client.GrpcClientProtocolClient (GrpcClientProtocolClient.java:onNext(255)) - client-C142C21B4060->3320d5df-27d5-46c1-87ca-9b92777b1f08: receive RaftClientReply:client-C142C21B4060->3320d5df-27d5-46c1-87ca-9b92777b1f08@group-45E74EDCEBD9, cid=50, FAILED org.apache.ratis.protocol.NotLeaderException: Server 3320d5df-27d5-46c1-87ca-9b92777b1f08 is not the leader (null). Request must be sent to leader., logIndex=0, commits[3320d5df-27d5-46c1-87ca-9b92777b1f08:c-1]
2019-09-10 21:36:08,947 [grpc-default-executor-2] INFO  client.GrpcClientProtocolClient (GrpcClientProtocolClient.java:onNext(255)) - client-C142C21B4060->c74946ab-1ae7-469f-926d-94c964302b5d: receive RaftClientReply:client-C142C21B4060->c74946ab-1ae7-469f-926d-94c964302b5d@group-45E74EDCEBD9, cid=50, FAILED org.apache.ratis.protocol.NotLeaderException: Server c74946ab-1ae7-469f-926d-94c964302b5d is not the leader (null). Request must be sent to leader., logIndex=0, commits[c74946ab-1ae7-469f-926d-94c964302b5d:c-1]
2019-09-10 21:36:09,145 [Thread-1061] INFO  container.ReplicationManager (ReplicationManager.java:start(162)) - Starting Replication Monitor Thread.
2019-09-10 21:36:09,148 [ReplicationMonitor] INFO  container.ReplicationManager (ReplicationManager.java:run(225)) - Replication Monitor Thread took 0 milliseconds for processing 1 containers.
2019-09-10 21:36:09,965 [grpc-default-executor-2] INFO  client.GrpcClientProtocolClient (GrpcClientProtocolClient.java:onNext(255)) - client-C142C21B4060->b5bdbdbe-3957-4959-8415-114602cdfdb2: receive RaftClientReply:client-C142C21B4060->b5bdbdbe-3957-4959-8415-114602cdfdb2@group-45E74EDCEBD9, cid=50, FAILED org.apache.ratis.protocol.NotLeaderException: Server b5bdbdbe-3957-4959-8415-114602cdfdb2 is not the leader (null). Request must be sent to leader., logIndex=0, commits[b5bdbdbe-3957-4959-8415-114602cdfdb2:c-1]
2019-09-10 21:36:10,987 [grpc-default-executor-4] INFO  client.GrpcClientProtocolClient (GrpcClientProtocolClient.java:onNext(255)) - client-C142C21B4060->c74946ab-1ae7-469f-926d-94c964302b5d: receive RaftClientReply:client-C142C21B4060->c74946ab-1ae7-469f-926d-94c964302b5d@group-45E74EDCEBD9, cid=50, FAILED org.apache.ratis.protocol.NotLeaderException: Server c74946ab-1ae7-469f-926d-94c964302b5d is not the leader (null). Request must be sent to leader., logIndex=0, commits[c74946ab-1ae7-469f-926d-94c964302b5d:c-1]
2019-09-10 21:36:11,171 [Thread-1063] INFO  impl.FollowerState (FollowerState.java:run(106)) - b5bdbdbe-3957-4959-8415-114602cdfdb2:group-1E3D94AF7905 changes to CANDIDATE, lastRpcTime:5032, electionTimeout:5032ms
2019-09-10 21:36:11,171 [Thread-1063] INFO  impl.RoleInfo (RoleInfo.java:shutdownFollowerState(121)) - b5bdbdbe-3957-4959-8415-114602cdfdb2: shutdown FollowerState
2019-09-10 21:36:11,171 [Thread-1063] INFO  impl.RaftServerImpl (RaftServerImpl.java:setRole(171)) - b5bdbdbe-3957-4959-8415-114602cdfdb2:group-1E3D94AF7905 changes role from FOLLOWER to CANDIDATE at term 0 for changeToCandidate
2019-09-10 21:36:11,171 [Thread-1063] INFO  impl.RoleInfo (RoleInfo.java:updateAndGet(143)) - b5bdbdbe-3957-4959-8415-114602cdfdb2: start LeaderElection
2019-09-10 21:36:11,199 [b5bdbdbe-3957-4959-8415-114602cdfdb2:group-1E3D94AF7905:LeaderElection54] INFO  impl.LeaderElection (LeaderElection.java:askForVotes(181)) - b5bdbdbe-3957-4959-8415-114602cdfdb2:group-1E3D94AF7905:LeaderElection54: begin an election at term 1 for -1: [b5bdbdbe-3957-4959-8415-114602cdfdb2:192.168.69.94:41544], old=null
2019-09-10 21:36:11,199 [b5bdbdbe-3957-4959-8415-114602cdfdb2:group-1E3D94AF7905:LeaderElection54] INFO  impl.RoleInfo (RoleInfo.java:shutdownLeaderElection(134)) - b5bdbdbe-3957-4959-8415-114602cdfdb2: shutdown LeaderElection
2019-09-10 21:36:11,200 [b5bdbdbe-3957-4959-8415-114602cdfdb2:group-1E3D94AF7905:LeaderElection54] INFO  impl.RaftServerImpl (RaftServerImpl.java:setRole(171)) - b5bdbdbe-3957-4959-8415-114602cdfdb2:group-1E3D94AF7905 changes role from CANDIDATE to LEADER at term 1 for changeToLeader
2019-09-10 21:36:11,200 [b5bdbdbe-3957-4959-8415-114602cdfdb2:group-1E3D94AF7905:LeaderElection54] INFO  impl.RaftServerImpl (ServerState.java:setLeader(263)) - b5bdbdbe-3957-4959-8415-114602cdfdb2:group-1E3D94AF7905 change Leader from null to b5bdbdbe-3957-4959-8415-114602cdfdb2 at term 1 for becomeLeader, leader elected after 5066ms
2019-09-10 21:36:11,202 [b5bdbdbe-3957-4959-8415-114602cdfdb2:group-1E3D94AF7905:LeaderElection54] INFO  server.RaftServerConfigKeys (ConfUtils.java:logGet(43)) - raft.server.staging.catchup.gap = 1000 (default)
2019-09-10 21:36:11,202 [b5bdbdbe-3957-4959-8415-114602cdfdb2:group-1E3D94AF7905:LeaderElection54] INFO  server.RaftServerConfigKeys (ConfUtils.java:logGet(43)) - raft.server.rpc.sleep.time = 25ms (default)
2019-09-10 21:36:11,202 [b5bdbdbe-3957-4959-8415-114602cdfdb2:group-1E3D94AF7905:LeaderElection54] INFO  server.RaftServerConfigKeys (ConfUtils.java:logGet(43)) - raft.server.write.element-limit = 4096 (default)
2019-09-10 21:36:11,202 [b5bdbdbe-3957-4959-8415-114602cdfdb2:group-1E3D94AF7905:LeaderElection54] INFO  server.RaftServerConfigKeys (ConfUtils.java:logGet(43)) - raft.server.watch.timeout = 10s (default)
2019-09-10 21:36:11,203 [b5bdbdbe-3957-4959-8415-114602cdfdb2:group-1E3D94AF7905:LeaderElection54] INFO  server.RaftServerConfigKeys (ConfUtils.java:logGet(43)) - raft.server.watch.timeout.denomination = 1s (default)
2019-09-10 21:36:11,203 [b5bdbdbe-3957-4959-8415-114602cdfdb2:group-1E3D94AF7905:LeaderElection54] INFO  server.RaftServerConfigKeys (ConfUtils.java:logGet(43)) - raft.server.watch.element-limit = 65536 (default)
2019-09-10 21:36:11,203 [b5bdbdbe-3957-4959-8415-114602cdfdb2:group-1E3D94AF7905:LeaderElection54] INFO  impl.RoleInfo (RoleInfo.java:updateAndGet(143)) - b5bdbdbe-3957-4959-8415-114602cdfdb2: start LeaderState
2019-09-10 21:36:11,203 [b5bdbdbe-3957-4959-8415-114602cdfdb2:group-1E3D94AF7905:LeaderElection54] INFO  segmented.SegmentedRaftLogWorker (SegmentedRaftLogWorker.java:startLogSegment(380)) - b5bdbdbe-3957-4959-8415-114602cdfdb2-SegmentedRaftLogWorker:Storage Directory /workdir/hadoop-ozone/integration-test/target/test-dir/MiniOzoneClusterImpl-da88efb8-9777-4db9-a0a6-522e36c2187a/datanode-0/data/ratis/5e9983fd-05e6-4c47-9d99-1e3d94af7905: Starting segment from index:0
2019-09-10 21:36:11,204 [b5bdbdbe-3957-4959-8415-114602cdfdb2:group-1E3D94AF7905:LeaderElection54] INFO  impl.RaftServerImpl (ServerState.java:setRaftConf(361)) - b5bdbdbe-3957-4959-8415-114602cdfdb2:group-1E3D94AF7905 set configuration 0: [b5bdbdbe-3957-4959-8415-114602cdfdb2:192.168.69.94:41544], old=null at 0
2019-09-10 21:36:11,256 [b5bdbdbe-3957-4959-8415-114602cdfdb2-SegmentedRaftLogWorker:Storage Directory /workdir/hadoop-ozone/integration-test/target/test-dir/MiniOzoneClusterImpl-da88efb8-9777-4db9-a0a6-522e36c2187a/datanode-0/data/ratis/5e9983fd-05e6-4c47-9d99-1e3d94af7905] INFO  segmented.SegmentedRaftLogWorker (SegmentedRaftLogWorker.java:execute(569)) - b5bdbdbe-3957-4959-8415-114602cdfdb2-SegmentedRaftLogWorker:Storage Directory /workdir/hadoop-ozone/integration-test/target/test-dir/MiniOzoneClusterImpl-da88efb8-9777-4db9-a0a6-522e36c2187a/datanode-0/data/ratis/5e9983fd-05e6-4c47-9d99-1e3d94af7905: created new log segment /workdir/hadoop-ozone/integration-test/target/test-dir/MiniOzoneClusterImpl-da88efb8-9777-4db9-a0a6-522e36c2187a/datanode-0/data/ratis/5e9983fd-05e6-4c47-9d99-1e3d94af7905/current/log_inprogress_0
2019-09-10 21:36:11,411 [Thread-1066] INFO  impl.FollowerState (FollowerState.java:run(106)) - 66bbc06a-8405-41cc-8f06-d094f2a47128:group-9C2877E18854 changes to CANDIDATE, lastRpcTime:5183, electionTimeout:5183ms
2019-09-10 21:36:11,411 [Thread-1066] INFO  impl.RoleInfo (RoleInfo.java:shutdownFollowerState(121)) - 66bbc06a-8405-41cc-8f06-d094f2a47128: shutdown FollowerState
2019-09-10 21:36:11,411 [Thread-1066] INFO  impl.RaftServerImpl (RaftServerImpl.java:setRole(171)) - 66bbc06a-8405-41cc-8f06-d094f2a47128:group-9C2877E18854 changes role from FOLLOWER to CANDIDATE at term 0 for changeToCandidate
2019-09-10 21:36:11,411 [Thread-1066] INFO  impl.RoleInfo (RoleInfo.java:updateAndGet(143)) - 66bbc06a-8405-41cc-8f06-d094f2a47128: start LeaderElection
2019-09-10 21:36:11,417 [Thread-1069] INFO  impl.FollowerState (FollowerState.java:run(106)) - 3320d5df-27d5-46c1-87ca-9b92777b1f08:group-F434199A9FE7 changes to CANDIDATE, lastRpcTime:5114, electionTimeout:5113ms
2019-09-10 21:36:11,417 [Thread-1069] INFO  impl.RoleInfo (RoleInfo.java:shutdownFollowerState(121)) - 3320d5df-27d5-46c1-87ca-9b92777b1f08: shutdown FollowerState
2019-09-10 21:36:11,417 [Thread-1069] INFO  impl.RaftServerImpl (RaftServerImpl.java:setRole(171)) - 3320d5df-27d5-46c1-87ca-9b92777b1f08:group-F434199A9FE7 changes role from FOLLOWER to CANDIDATE at term 0 for changeToCandidate
2019-09-10 21:36:11,418 [Thread-1069] INFO  impl.RoleInfo (RoleInfo.java:updateAndGet(143)) - 3320d5df-27d5-46c1-87ca-9b92777b1f08: start LeaderElection
2019-09-10 21:36:11,427 [Thread-1072] INFO  impl.FollowerState (FollowerState.java:run(106)) - e63844c6-a8ea-4ed6-bffd-4bb09eb8cb63:group-F43A388C891F changes to CANDIDATE, lastRpcTime:5042, electionTimeout:5042ms
2019-09-10 21:36:11,427 [Thread-1072] INFO  impl.RoleInfo (RoleInfo.java:shutdownFollowerState(121)) - e63844c6-a8ea-4ed6-bffd-4bb09eb8cb63: shutdown FollowerState
2019-09-10 21:36:11,427 [Thread-1072] INFO  impl.RaftServerImpl (RaftServerImpl.java:setRole(171)) - e63844c6-a8ea-4ed6-bffd-4bb09eb8cb63:group-F43A388C891F changes role from FOLLOWER to CANDIDATE at term 0 for changeToCandidate
2019-09-10 21:36:11,427 [Thread-1072] INFO  impl.RoleInfo (RoleInfo.java:updateAndGet(143)) - e63844c6-a8ea-4ed6-bffd-4bb09eb8cb63: start LeaderElection
2019-09-10 21:36:11,439 [66bbc06a-8405-41cc-8f06-d094f2a47128:group-9C2877E18854:LeaderElection55] INFO  impl.LeaderElection (LeaderElection.java:askForVotes(181)) - 66bbc06a-8405-41cc-8f06-d094f2a47128:group-9C2877E18854:LeaderElection55: begin an election at term 1 for -1: [66bbc06a-8405-41cc-8f06-d094f2a47128:192.168.69.94:44922], old=null
2019-09-10 21:36:11,439 [3320d5df-27d5-46c1-87ca-9b92777b1f08:group-F434199A9FE7:LeaderElection56] INFO  impl.LeaderElection (LeaderElection.java:askForVotes(181)) - 3320d5df-27d5-46c1-87ca-9b92777b1f08:group-F434199A9FE7:LeaderElection56: begin an election at term 1 for -1: [3320d5df-27d5-46c1-87ca-9b92777b1f08:192.168.69.94:33579], old=null
2019-09-10 21:36:11,439 [66bbc06a-8405-41cc-8f06-d094f2a47128:group-9C2877E18854:LeaderElection55] INFO  impl.RoleInfo (RoleInfo.java:shutdownLeaderElection(134)) - 66bbc06a-8405-41cc-8f06-d094f2a47128: shutdown LeaderElection
2019-09-10 21:36:11,439 [3320d5df-27d5-46c1-87ca-9b92777b1f08:group-F434199A9FE7:LeaderElection56] INFO  impl.RoleInfo (RoleInfo.java:shutdownLeaderElection(134)) - 3320d5df-27d5-46c1-87ca-9b92777b1f08: shutdown LeaderElection
2019-09-10 21:36:11,439 [66bbc06a-8405-41cc-8f06-d094f2a47128:group-9C2877E18854:LeaderElection55] INFO  impl.RaftServerImpl (RaftServerImpl.java:setRole(171)) - 66bbc06a-8405-41cc-8f06-d094f2a47128:group-9C2877E18854 changes role from CANDIDATE to LEADER at term 1 for changeToLeader
2019-09-10 21:36:11,439 [3320d5df-27d5-46c1-87ca-9b92777b1f08:group-F434199A9FE7:LeaderElection56] INFO  impl.RaftServerImpl (RaftServerImpl.java:setRole(171)) - 3320d5df-27d5-46c1-87ca-9b92777b1f08:group-F434199A9FE7 changes role from CANDIDATE to LEADER at term 1 for changeToLeader
2019-09-10 21:36:11,439 [66bbc06a-8405-41cc-8f06-d094f2a47128:group-9C2877E18854:LeaderElection55] INFO  impl.RaftServerImpl (ServerState.java:setLeader(263)) - 66bbc06a-8405-41cc-8f06-d094f2a47128:group-9C2877E18854 change Leader from null to 66bbc06a-8405-41cc-8f06-d094f2a47128 at term 1 for becomeLeader, leader elected after 5216ms
2019-09-10 21:36:11,439 [3320d5df-27d5-46c1-87ca-9b92777b1f08:group-F434199A9FE7:LeaderElection56] INFO  impl.RaftServerImpl (ServerState.java:setLeader(263)) - 3320d5df-27d5-46c1-87ca-9b92777b1f08:group-F434199A9FE7 change Leader from null to 3320d5df-27d5-46c1-87ca-9b92777b1f08 at term 1 for becomeLeader, leader elected after 5143ms
2019-09-10 21:36:11,442 [66bbc06a-8405-41cc-8f06-d094f2a47128:group-9C2877E18854:LeaderElection55] INFO  server.RaftServerConfigKeys (ConfUtils.java:logGet(43)) - raft.server.staging.catchup.gap = 1000 (default)
2019-09-10 21:36:11,444 [3320d5df-27d5-46c1-87ca-9b92777b1f08:group-F434199A9FE7:LeaderElection56] INFO  server.RaftServerConfigKeys (ConfUtils.java:logGet(43)) - raft.server.staging.catchup.gap = 1000 (default)
2019-09-10 21:36:11,444 [66bbc06a-8405-41cc-8f06-d094f2a47128:group-9C2877E18854:LeaderElection55] INFO  server.RaftServerConfigKeys (ConfUtils.java:logGet(43)) - raft.server.rpc.sleep.time = 25ms (default)
2019-09-10 21:36:11,444 [3320d5df-27d5-46c1-87ca-9b92777b1f08:group-F434199A9FE7:LeaderElection56] INFO  server.RaftServerConfigKeys (ConfUtils.java:logGet(43)) - raft.server.rpc.sleep.time = 25ms (default)
2019-09-10 21:36:11,444 [66bbc06a-8405-41cc-8f06-d094f2a47128:group-9C2877E18854:LeaderElection55] INFO  server.RaftServerConfigKeys (ConfUtils.java:logGet(43)) - raft.server.write.element-limit = 4096 (default)
2019-09-10 21:36:11,444 [3320d5df-27d5-46c1-87ca-9b92777b1f08:group-F434199A9FE7:LeaderElection56] INFO  server.RaftServerConfigKeys (ConfUtils.java:logGet(43)) - raft.server.write.element-limit = 4096 (default)
2019-09-10 21:36:11,445 [66bbc06a-8405-41cc-8f06-d094f2a47128:group-9C2877E18854:LeaderElection55] INFO  server.RaftServerConfigKeys (ConfUtils.java:logGet(43)) - raft.server.watch.timeout = 10s (default)
2019-09-10 21:36:11,445 [3320d5df-27d5-46c1-87ca-9b92777b1f08:group-F434199A9FE7:LeaderElection56] INFO  server.RaftServerConfigKeys (ConfUtils.java:logGet(43)) - raft.server.watch.timeout = 10s (default)
2019-09-10 21:36:11,445 [66bbc06a-8405-41cc-8f06-d094f2a47128:group-9C2877E18854:LeaderElection55] INFO  server.RaftServerConfigKeys (ConfUtils.java:logGet(43)) - raft.server.watch.timeout.denomination = 1s (default)
2019-09-10 21:36:11,445 [3320d5df-27d5-46c1-87ca-9b92777b1f08:group-F434199A9FE7:LeaderElection56] INFO  server.RaftServerConfigKeys (ConfUtils.java:logGet(43)) - raft.server.watch.timeout.denomination = 1s (default)
2019-09-10 21:36:11,445 [66bbc06a-8405-41cc-8f06-d094f2a47128:group-9C2877E18854:LeaderElection55] INFO  server.RaftServerConfigKeys (ConfUtils.java:logGet(43)) - raft.server.watch.element-limit = 65536 (default)
2019-09-10 21:36:11,445 [3320d5df-27d5-46c1-87ca-9b92777b1f08:group-F434199A9FE7:LeaderElection56] INFO  server.RaftServerConfigKeys (ConfUtils.java:logGet(43)) - raft.server.watch.element-limit = 65536 (default)
2019-09-10 21:36:11,445 [66bbc06a-8405-41cc-8f06-d094f2a47128:group-9C2877E18854:LeaderElection55] INFO  impl.RoleInfo (RoleInfo.java:updateAndGet(143)) - 66bbc06a-8405-41cc-8f06-d094f2a47128: start LeaderState
2019-09-10 21:36:11,445 [3320d5df-27d5-46c1-87ca-9b92777b1f08:group-F434199A9FE7:LeaderElection56] INFO  impl.RoleInfo (RoleInfo.java:updateAndGet(143)) - 3320d5df-27d5-46c1-87ca-9b92777b1f08: start LeaderState
2019-09-10 21:36:11,445 [66bbc06a-8405-41cc-8f06-d094f2a47128:group-9C2877E18854:LeaderElection55] INFO  segmented.SegmentedRaftLogWorker (SegmentedRaftLogWorker.java:startLogSegment(380)) - 66bbc06a-8405-41cc-8f06-d094f2a47128-SegmentedRaftLogWorker:Storage Directory /workdir/hadoop-ozone/integration-test/target/test-dir/MiniOzoneClusterImpl-da88efb8-9777-4db9-a0a6-522e36c2187a/datanode-1/data/ratis/24df0b80-863b-4ddb-af38-9c2877e18854: Starting segment from index:0
2019-09-10 21:36:11,445 [3320d5df-27d5-46c1-87ca-9b92777b1f08:group-F434199A9FE7:LeaderElection56] INFO  segmented.SegmentedRaftLogWorker (SegmentedRaftLogWorker.java:startLogSegment(380)) - 3320d5df-27d5-46c1-87ca-9b92777b1f08-SegmentedRaftLogWorker:Storage Directory /workdir/hadoop-ozone/integration-test/target/test-dir/MiniOzoneClusterImpl-da88efb8-9777-4db9-a0a6-522e36c2187a/datanode-2/data/ratis/115acd85-c76e-408d-85ae-f434199a9fe7: Starting segment from index:0
2019-09-10 21:36:11,446 [66bbc06a-8405-41cc-8f06-d094f2a47128:group-9C2877E18854:LeaderElection55] INFO  impl.RaftServerImpl (ServerState.java:setRaftConf(361)) - 66bbc06a-8405-41cc-8f06-d094f2a47128:group-9C2877E18854 set configuration 0: [66bbc06a-8405-41cc-8f06-d094f2a47128:192.168.69.94:44922], old=null at 0
2019-09-10 21:36:11,446 [3320d5df-27d5-46c1-87ca-9b92777b1f08:group-F434199A9FE7:LeaderElection56] INFO  impl.RaftServerImpl (ServerState.java:setRaftConf(361)) - 3320d5df-27d5-46c1-87ca-9b92777b1f08:group-F434199A9FE7 set configuration 0: [3320d5df-27d5-46c1-87ca-9b92777b1f08:192.168.69.94:33579], old=null at 0
2019-09-10 21:36:11,455 [e63844c6-a8ea-4ed6-bffd-4bb09eb8cb63:group-F43A388C891F:LeaderElection57] INFO  impl.LeaderElection (LeaderElection.java:askForVotes(181)) - e63844c6-a8ea-4ed6-bffd-4bb09eb8cb63:group-F43A388C891F:LeaderElection57: begin an election at term 1 for -1: [e63844c6-a8ea-4ed6-bffd-4bb09eb8cb63:192.168.69.94:36803], old=null
2019-09-10 21:36:11,455 [e63844c6-a8ea-4ed6-bffd-4bb09eb8cb63:group-F43A388C891F:LeaderElection57] INFO  impl.RoleInfo (RoleInfo.java:shutdownLeaderElection(134)) - e63844c6-a8ea-4ed6-bffd-4bb09eb8cb63: shutdown LeaderElection
2019-09-10 21:36:11,456 [e63844c6-a8ea-4ed6-bffd-4bb09eb8cb63:group-F43A388C891F:LeaderElection57] INFO  impl.RaftServerImpl (RaftServerImpl.java:setRole(171)) - e63844c6-a8ea-4ed6-bffd-4bb09eb8cb63:group-F43A388C891F changes role from CANDIDATE to LEADER at term 1 for changeToLeader
2019-09-10 21:36:11,456 [e63844c6-a8ea-4ed6-bffd-4bb09eb8cb63:group-F43A388C891F:LeaderElection57] INFO  impl.RaftServerImpl (ServerState.java:setLeader(263)) - e63844c6-a8ea-4ed6-bffd-4bb09eb8cb63:group-F43A388C891F change Leader from null to e63844c6-a8ea-4ed6-bffd-4bb09eb8cb63 at term 1 for becomeLeader, leader elected after 5075ms
2019-09-10 21:36:11,485 [e63844c6-a8ea-4ed6-bffd-4bb09eb8cb63:group-F43A388C891F:LeaderElection57] INFO  server.RaftServerConfigKeys (ConfUtils.java:logGet(43)) - raft.server.staging.catchup.gap = 1000 (default)
2019-09-10 21:36:11,485 [e63844c6-a8ea-4ed6-bffd-4bb09eb8cb63:group-F43A388C891F:LeaderElection57] INFO  server.RaftServerConfigKeys (ConfUtils.java:logGet(43)) - raft.server.rpc.sleep.time = 25ms (default)
2019-09-10 21:36:11,485 [e63844c6-a8ea-4ed6-bffd-4bb09eb8cb63:group-F43A388C891F:LeaderElection57] INFO  server.RaftServerConfigKeys (ConfUtils.java:logGet(43)) - raft.server.write.element-limit = 4096 (default)
2019-09-10 21:36:11,485 [e63844c6-a8ea-4ed6-bffd-4bb09eb8cb63:group-F43A388C891F:LeaderElection57] INFO  server.RaftServerConfigKeys (ConfUtils.java:logGet(43)) - raft.server.watch.timeout = 10s (default)
2019-09-10 21:36:11,486 [e63844c6-a8ea-4ed6-bffd-4bb09eb8cb63:group-F43A388C891F:LeaderElection57] INFO  server.RaftServerConfigKeys (ConfUtils.java:logGet(43)) - raft.server.watch.timeout.denomination = 1s (default)
2019-09-10 21:36:11,486 [e63844c6-a8ea-4ed6-bffd-4bb09eb8cb63:group-F43A388C891F:LeaderElection57] INFO  server.RaftServerConfigKeys (ConfUtils.java:logGet(43)) - raft.server.watch.element-limit = 65536 (default)
2019-09-10 21:36:11,486 [e63844c6-a8ea-4ed6-bffd-4bb09eb8cb63:group-F43A388C891F:LeaderElection57] INFO  impl.RoleInfo (RoleInfo.java:updateAndGet(143)) - e63844c6-a8ea-4ed6-bffd-4bb09eb8cb63: start LeaderState
2019-09-10 21:36:11,486 [e63844c6-a8ea-4ed6-bffd-4bb09eb8cb63:group-F43A388C891F:LeaderElection57] INFO  segmented.SegmentedRaftLogWorker (SegmentedRaftLogWorker.java:startLogSegment(380)) - e63844c6-a8ea-4ed6-bffd-4bb09eb8cb63-SegmentedRaftLogWorker:Storage Directory /workdir/hadoop-ozone/integration-test/target/test-dir/MiniOzoneClusterImpl-da88efb8-9777-4db9-a0a6-522e36c2187a/datanode-3/data/ratis/1be90e74-95dc-4918-baf2-f43a388c891f: Starting segment from index:0
2019-09-10 21:36:11,486 [e63844c6-a8ea-4ed6-bffd-4bb09eb8cb63:group-F43A388C891F:LeaderElection57] INFO  impl.RaftServerImpl (ServerState.java:setRaftConf(361)) - e63844c6-a8ea-4ed6-bffd-4bb09eb8cb63:group-F43A388C891F set configuration 0: [e63844c6-a8ea-4ed6-bffd-4bb09eb8cb63:192.168.69.94:36803], old=null at 0
2019-09-10 21:36:11,517 [3320d5df-27d5-46c1-87ca-9b92777b1f08-SegmentedRaftLogWorker:Storage Directory /workdir/hadoop-ozone/integration-test/target/test-dir/MiniOzoneClusterImpl-da88efb8-9777-4db9-a0a6-522e36c2187a/datanode-2/data/ratis/115acd85-c76e-408d-85ae-f434199a9fe7] INFO  segmented.SegmentedRaftLogWorker (SegmentedRaftLogWorker.java:execute(569)) - 3320d5df-27d5-46c1-87ca-9b92777b1f08-SegmentedRaftLogWorker:Storage Directory /workdir/hadoop-ozone/integration-test/target/test-dir/MiniOzoneClusterImpl-da88efb8-9777-4db9-a0a6-522e36c2187a/datanode-2/data/ratis/115acd85-c76e-408d-85ae-f434199a9fe7: created new log segment /workdir/hadoop-ozone/integration-test/target/test-dir/MiniOzoneClusterImpl-da88efb8-9777-4db9-a0a6-522e36c2187a/datanode-2/data/ratis/115acd85-c76e-408d-85ae-f434199a9fe7/current/log_inprogress_0
2019-09-10 21:36:11,517 [66bbc06a-8405-41cc-8f06-d094f2a47128-SegmentedRaftLogWorker:Storage Directory /workdir/hadoop-ozone/integration-test/target/test-dir/MiniOzoneClusterImpl-da88efb8-9777-4db9-a0a6-522e36c2187a/datanode-1/data/ratis/24df0b80-863b-4ddb-af38-9c2877e18854] INFO  segmented.SegmentedRaftLogWorker (SegmentedRaftLogWorker.java:execute(569)) - 66bbc06a-8405-41cc-8f06-d094f2a47128-SegmentedRaftLogWorker:Storage Directory /workdir/hadoop-ozone/integration-test/target/test-dir/MiniOzoneClusterImpl-da88efb8-9777-4db9-a0a6-522e36c2187a/datanode-1/data/ratis/24df0b80-863b-4ddb-af38-9c2877e18854: created new log segment /workdir/hadoop-ozone/integration-test/target/test-dir/MiniOzoneClusterImpl-da88efb8-9777-4db9-a0a6-522e36c2187a/datanode-1/data/ratis/24df0b80-863b-4ddb-af38-9c2877e18854/current/log_inprogress_0
2019-09-10 21:36:11,537 [e63844c6-a8ea-4ed6-bffd-4bb09eb8cb63-SegmentedRaftLogWorker:Storage Directory /workdir/hadoop-ozone/integration-test/target/test-dir/MiniOzoneClusterImpl-da88efb8-9777-4db9-a0a6-522e36c2187a/datanode-3/data/ratis/1be90e74-95dc-4918-baf2-f43a388c891f] INFO  segmented.SegmentedRaftLogWorker (SegmentedRaftLogWorker.java:execute(569)) - e63844c6-a8ea-4ed6-bffd-4bb09eb8cb63-SegmentedRaftLogWorker:Storage Directory /workdir/hadoop-ozone/integration-test/target/test-dir/MiniOzoneClusterImpl-da88efb8-9777-4db9-a0a6-522e36c2187a/datanode-3/data/ratis/1be90e74-95dc-4918-baf2-f43a388c891f: created new log segment /workdir/hadoop-ozone/integration-test/target/test-dir/MiniOzoneClusterImpl-da88efb8-9777-4db9-a0a6-522e36c2187a/datanode-3/data/ratis/1be90e74-95dc-4918-baf2-f43a388c891f/current/log_inprogress_0
2019-09-10 21:36:11,674 [Thread-1075] INFO  impl.FollowerState (FollowerState.java:run(106)) - a7358a4f-6804-4d5d-b9ef-f19acab1fc8c:group-72CE2B842666 changes to CANDIDATE, lastRpcTime:5214, electionTimeout:5015ms
2019-09-10 21:36:11,674 [Thread-1075] INFO  impl.RoleInfo (RoleInfo.java:shutdownFollowerState(121)) - a7358a4f-6804-4d5d-b9ef-f19acab1fc8c: shutdown FollowerState
2019-09-10 21:36:11,674 [Thread-1075] INFO  impl.RaftServerImpl (RaftServerImpl.java:setRole(171)) - a7358a4f-6804-4d5d-b9ef-f19acab1fc8c:group-72CE2B842666 changes role from FOLLOWER to CANDIDATE at term 0 for changeToCandidate
2019-09-10 21:36:11,675 [Thread-1075] INFO  impl.RoleInfo (RoleInfo.java:updateAndGet(143)) - a7358a4f-6804-4d5d-b9ef-f19acab1fc8c: start LeaderElection
2019-09-10 21:36:11,698 [a7358a4f-6804-4d5d-b9ef-f19acab1fc8c:group-72CE2B842666:LeaderElection58] INFO  impl.LeaderElection (LeaderElection.java:askForVotes(181)) - a7358a4f-6804-4d5d-b9ef-f19acab1fc8c:group-72CE2B842666:LeaderElection58: begin an election at term 1 for -1: [a7358a4f-6804-4d5d-b9ef-f19acab1fc8c:192.168.69.94:42929], old=null
2019-09-10 21:36:11,698 [a7358a4f-6804-4d5d-b9ef-f19acab1fc8c:group-72CE2B842666:LeaderElection58] INFO  impl.RoleInfo (RoleInfo.java:shutdownLeaderElection(134)) - a7358a4f-6804-4d5d-b9ef-f19acab1fc8c: shutdown LeaderElection
2019-09-10 21:36:11,698 [a7358a4f-6804-4d5d-b9ef-f19acab1fc8c:group-72CE2B842666:LeaderElection58] INFO  impl.RaftServerImpl (RaftServerImpl.java:setRole(171)) - a7358a4f-6804-4d5d-b9ef-f19acab1fc8c:group-72CE2B842666 changes role from CANDIDATE to LEADER at term 1 for changeToLeader
2019-09-10 21:36:11,699 [a7358a4f-6804-4d5d-b9ef-f19acab1fc8c:group-72CE2B842666:LeaderElection58] INFO  impl.RaftServerImpl (ServerState.java:setLeader(263)) - a7358a4f-6804-4d5d-b9ef-f19acab1fc8c:group-72CE2B842666 change Leader from null to a7358a4f-6804-4d5d-b9ef-f19acab1fc8c at term 1 for becomeLeader, leader elected after 5243ms
2019-09-10 21:36:11,701 [a7358a4f-6804-4d5d-b9ef-f19acab1fc8c:group-72CE2B842666:LeaderElection58] INFO  server.RaftServerConfigKeys (ConfUtils.java:logGet(43)) - raft.server.staging.catchup.gap = 1000 (default)
2019-09-10 21:36:11,701 [a7358a4f-6804-4d5d-b9ef-f19acab1fc8c:group-72CE2B842666:LeaderElection58] INFO  server.RaftServerConfigKeys (ConfUtils.java:logGet(43)) - raft.server.rpc.sleep.time = 25ms (default)
2019-09-10 21:36:11,701 [a7358a4f-6804-4d5d-b9ef-f19acab1fc8c:group-72CE2B842666:LeaderElection58] INFO  server.RaftServerConfigKeys (ConfUtils.java:logGet(43)) - raft.server.write.element-limit = 4096 (default)
2019-09-10 21:36:11,701 [a7358a4f-6804-4d5d-b9ef-f19acab1fc8c:group-72CE2B842666:LeaderElection58] INFO  server.RaftServerConfigKeys (ConfUtils.java:logGet(43)) - raft.server.watch.timeout = 10s (default)
2019-09-10 21:36:11,701 [a7358a4f-6804-4d5d-b9ef-f19acab1fc8c:group-72CE2B842666:LeaderElection58] INFO  server.RaftServerConfigKeys (ConfUtils.java:logGet(43)) - raft.server.watch.timeout.denomination = 1s (default)
2019-09-10 21:36:11,702 [a7358a4f-6804-4d5d-b9ef-f19acab1fc8c:group-72CE2B842666:LeaderElection58] INFO  server.RaftServerConfigKeys (ConfUtils.java:logGet(43)) - raft.server.watch.element-limit = 65536 (default)
2019-09-10 21:36:11,702 [a7358a4f-6804-4d5d-b9ef-f19acab1fc8c:group-72CE2B842666:LeaderElection58] INFO  impl.RoleInfo (RoleInfo.java:updateAndGet(143)) - a7358a4f-6804-4d5d-b9ef-f19acab1fc8c: start LeaderState
2019-09-10 21:36:11,702 [a7358a4f-6804-4d5d-b9ef-f19acab1fc8c:group-72CE2B842666:LeaderElection58] INFO  segmented.SegmentedRaftLogWorker (SegmentedRaftLogWorker.java:startLogSegment(380)) - a7358a4f-6804-4d5d-b9ef-f19acab1fc8c-SegmentedRaftLogWorker:Storage Directory /workdir/hadoop-ozone/integration-test/target/test-dir/MiniOzoneClusterImpl-da88efb8-9777-4db9-a0a6-522e36c2187a/datanode-4/data/ratis/0225b2fc-cfb9-4102-a9ed-72ce2b842666: Starting segment from index:0
2019-09-10 21:36:11,702 [a7358a4f-6804-4d5d-b9ef-f19acab1fc8c:group-72CE2B842666:LeaderElection58] INFO  impl.RaftServerImpl (ServerState.java:setRaftConf(361)) - a7358a4f-6804-4d5d-b9ef-f19acab1fc8c:group-72CE2B842666 set configuration 0: [a7358a4f-6804-4d5d-b9ef-f19acab1fc8c:192.168.69.94:42929], old=null at 0
2019-09-10 21:36:11,912 [a7358a4f-6804-4d5d-b9ef-f19acab1fc8c-SegmentedRaftLogWorker:Storage Directory /workdir/hadoop-ozone/integration-test/target/test-dir/MiniOzoneClusterImpl-da88efb8-9777-4db9-a0a6-522e36c2187a/datanode-4/data/ratis/0225b2fc-cfb9-4102-a9ed-72ce2b842666] INFO  segmented.SegmentedRaftLogWorker (SegmentedRaftLogWorker.java:execute(569)) - a7358a4f-6804-4d5d-b9ef-f19acab1fc8c-SegmentedRaftLogWorker:Storage Directory /workdir/hadoop-ozone/integration-test/target/test-dir/MiniOzoneClusterImpl-da88efb8-9777-4db9-a0a6-522e36c2187a/datanode-4/data/ratis/0225b2fc-cfb9-4102-a9ed-72ce2b842666: created new log segment /workdir/hadoop-ozone/integration-test/target/test-dir/MiniOzoneClusterImpl-da88efb8-9777-4db9-a0a6-522e36c2187a/datanode-4/data/ratis/0225b2fc-cfb9-4102-a9ed-72ce2b842666/current/log_inprogress_0
2019-09-10 21:36:12,008 [grpc-default-executor-4] INFO  client.GrpcClientProtocolClient (GrpcClientProtocolClient.java:onNext(255)) - client-C142C21B4060->b5bdbdbe-3957-4959-8415-114602cdfdb2: receive RaftClientReply:client-C142C21B4060->b5bdbdbe-3957-4959-8415-114602cdfdb2@group-45E74EDCEBD9, cid=50, FAILED org.apache.ratis.protocol.NotLeaderException: Server b5bdbdbe-3957-4959-8415-114602cdfdb2 is not the leader (null). Request must be sent to leader., logIndex=0, commits[b5bdbdbe-3957-4959-8415-114602cdfdb2:c-1]
2019-09-10 21:36:12,025 [Thread-1078] INFO  impl.FollowerState (FollowerState.java:run(106)) - c74946ab-1ae7-469f-926d-94c964302b5d:group-26E2AD828FD7 changes to CANDIDATE, lastRpcTime:5154, electionTimeout:5154ms
2019-09-10 21:36:12,025 [Thread-1078] INFO  impl.RoleInfo (RoleInfo.java:shutdownFollowerState(121)) - c74946ab-1ae7-469f-926d-94c964302b5d: shutdown FollowerState
2019-09-10 21:36:12,026 [Thread-1078] INFO  impl.RaftServerImpl (RaftServerImpl.java:setRole(171)) - c74946ab-1ae7-469f-926d-94c964302b5d:group-26E2AD828FD7 changes role from FOLLOWER to CANDIDATE at term 0 for changeToCandidate
2019-09-10 21:36:12,026 [Thread-1078] INFO  impl.RoleInfo (RoleInfo.java:updateAndGet(143)) - c74946ab-1ae7-469f-926d-94c964302b5d: start LeaderElection
2019-09-10 21:36:12,088 [Thread-1081] INFO  impl.FollowerState (FollowerState.java:run(106)) - 03cfe98d-66e9-47f4-af03-9590c4a45681:group-3F9F829CB7C7 changes to CANDIDATE, lastRpcTime:5115, electionTimeout:5115ms
2019-09-10 21:36:12,088 [Thread-1081] INFO  impl.RoleInfo (RoleInfo.java:shutdownFollowerState(121)) - 03cfe98d-66e9-47f4-af03-9590c4a45681: shutdown FollowerState
2019-09-10 21:36:12,088 [Thread-1081] INFO  impl.RaftServerImpl (RaftServerImpl.java:setRole(171)) - 03cfe98d-66e9-47f4-af03-9590c4a45681:group-3F9F829CB7C7 changes role from FOLLOWER to CANDIDATE at term 0 for changeToCandidate
2019-09-10 21:36:12,088 [Thread-1081] INFO  impl.RoleInfo (RoleInfo.java:updateAndGet(143)) - 03cfe98d-66e9-47f4-af03-9590c4a45681: start LeaderElection
2019-09-10 21:36:12,133 [Thread-1089] INFO  impl.FollowerState (FollowerState.java:run(106)) - 3320d5df-27d5-46c1-87ca-9b92777b1f08:group-45E74EDCEBD9 changes to CANDIDATE, lastRpcTime:5019, electionTimeout:5019ms
2019-09-10 21:36:12,133 [Thread-1089] INFO  impl.RoleInfo (RoleInfo.java:shutdownFollowerState(121)) - 3320d5df-27d5-46c1-87ca-9b92777b1f08: shutdown FollowerState
2019-09-10 21:36:12,133 [Thread-1089] INFO  impl.RaftServerImpl (RaftServerImpl.java:setRole(171)) - 3320d5df-27d5-46c1-87ca-9b92777b1f08:group-45E74EDCEBD9 changes role from FOLLOWER to CANDIDATE at term 0 for changeToCandidate
2019-09-10 21:36:12,133 [Thread-1089] INFO  impl.RoleInfo (RoleInfo.java:updateAndGet(143)) - 3320d5df-27d5-46c1-87ca-9b92777b1f08: start LeaderElection
2019-09-10 21:36:12,146 [Thread-1084] INFO  impl.FollowerState (FollowerState.java:run(106)) - b5bdbdbe-3957-4959-8415-114602cdfdb2:group-45E74EDCEBD9 changes to CANDIDATE, lastRpcTime:5034, electionTimeout:5034ms
2019-09-10 21:36:12,146 [Thread-1084] INFO  impl.RoleInfo (RoleInfo.java:shutdownFollowerState(121)) - b5bdbdbe-3957-4959-8415-114602cdfdb2: shutdown FollowerState
2019-09-10 21:36:12,146 [Thread-1084] INFO  impl.RaftServerImpl (RaftServerImpl.java:setRole(171)) - b5bdbdbe-3957-4959-8415-114602cdfdb2:group-45E74EDCEBD9 changes role from FOLLOWER to CANDIDATE at term 0 for changeToCandidate
2019-09-10 21:36:12,146 [Thread-1084] INFO  impl.RoleInfo (RoleInfo.java:updateAndGet(143)) - b5bdbdbe-3957-4959-8415-114602cdfdb2: start LeaderElection
2019-09-10 21:36:12,205 [Thread-1088] INFO  impl.FollowerState (FollowerState.java:run(106)) - c74946ab-1ae7-469f-926d-94c964302b5d:group-45E74EDCEBD9 changes to CANDIDATE, lastRpcTime:5092, electionTimeout:5092ms
2019-09-10 21:36:12,205 [Thread-1088] INFO  impl.RoleInfo (RoleInfo.java:shutdownFollowerState(121)) - c74946ab-1ae7-469f-926d-94c964302b5d: shutdown FollowerState
2019-09-10 21:36:12,205 [Thread-1088] INFO  impl.RaftServerImpl (RaftServerImpl.java:setRole(171)) - c74946ab-1ae7-469f-926d-94c964302b5d:group-45E74EDCEBD9 changes role from FOLLOWER to CANDIDATE at term 0 for changeToCandidate
2019-09-10 21:36:12,206 [Thread-1088] INFO  impl.RoleInfo (RoleInfo.java:updateAndGet(143)) - c74946ab-1ae7-469f-926d-94c964302b5d: start LeaderElection
2019-09-10 21:36:12,253 [Thread-1097] INFO  impl.FollowerState (FollowerState.java:run(106)) - 66bbc06a-8405-41cc-8f06-d094f2a47128:group-DADAE11C36BE changes to CANDIDATE, lastRpcTime:5038, electionTimeout:5038ms
2019-09-10 21:36:12,254 [Thread-1097] INFO  impl.RoleInfo (RoleInfo.java:shutdownFollowerState(121)) - 66bbc06a-8405-41cc-8f06-d094f2a47128: shutdown FollowerState
2019-09-10 21:36:12,254 [Thread-1097] INFO  impl.RaftServerImpl (RaftServerImpl.java:setRole(171)) - 66bbc06a-8405-41cc-8f06-d094f2a47128:group-DADAE11C36BE changes role from FOLLOWER to CANDIDATE at term 0 for changeToCandidate
2019-09-10 21:36:12,254 [Thread-1097] INFO  impl.RoleInfo (RoleInfo.java:updateAndGet(143)) - 66bbc06a-8405-41cc-8f06-d094f2a47128: start LeaderElection
2019-09-10 21:36:12,270 [Thread-1093] INFO  impl.FollowerState (FollowerState.java:run(106)) - 03cfe98d-66e9-47f4-af03-9590c4a45681:group-DADAE11C36BE changes to CANDIDATE, lastRpcTime:5061, electionTimeout:5061ms
2019-09-10 21:36:12,271 [Thread-1093] INFO  impl.RoleInfo (RoleInfo.java:shutdownFollowerState(121)) - 03cfe98d-66e9-47f4-af03-9590c4a45681: shutdown FollowerState
2019-09-10 21:36:12,271 [Thread-1093] INFO  impl.RaftServerImpl (RaftServerImpl.java:setRole(171)) - 03cfe98d-66e9-47f4-af03-9590c4a45681:group-DADAE11C36BE changes role from FOLLOWER to CANDIDATE at term 0 for changeToCandidate
2019-09-10 21:36:12,271 [Thread-1093] INFO  impl.RoleInfo (RoleInfo.java:updateAndGet(143)) - 03cfe98d-66e9-47f4-af03-9590c4a45681: start LeaderElection
2019-09-10 21:36:12,299 [c74946ab-1ae7-469f-926d-94c964302b5d:group-26E2AD828FD7:LeaderElection59] INFO  impl.LeaderElection (LeaderElection.java:askForVotes(181)) - c74946ab-1ae7-469f-926d-94c964302b5d:group-26E2AD828FD7:LeaderElection59: begin an election at term 1 for -1: [c74946ab-1ae7-469f-926d-94c964302b5d:192.168.69.94:35861], old=null
2019-09-10 21:36:12,299 [03cfe98d-66e9-47f4-af03-9590c4a45681:group-3F9F829CB7C7:LeaderElection60] INFO  impl.LeaderElection (LeaderElection.java:askForVotes(181)) - 03cfe98d-66e9-47f4-af03-9590c4a45681:group-3F9F829CB7C7:LeaderElection60: begin an election at term 1 for -1: [03cfe98d-66e9-47f4-af03-9590c4a45681:192.168.69.94:42973], old=null
2019-09-10 21:36:12,300 [c74946ab-1ae7-469f-926d-94c964302b5d:group-26E2AD828FD7:LeaderElection59] INFO  impl.RoleInfo (RoleInfo.java:shutdownLeaderElection(134)) - c74946ab-1ae7-469f-926d-94c964302b5d: shutdown LeaderElection
2019-09-10 21:36:12,300 [03cfe98d-66e9-47f4-af03-9590c4a45681:group-3F9F829CB7C7:LeaderElection60] INFO  impl.RoleInfo (RoleInfo.java:shutdownLeaderElection(134)) - 03cfe98d-66e9-47f4-af03-9590c4a45681: shutdown LeaderElection
2019-09-10 21:36:12,300 [c74946ab-1ae7-469f-926d-94c964302b5d:group-26E2AD828FD7:LeaderElection59] INFO  impl.RaftServerImpl (RaftServerImpl.java:setRole(171)) - c74946ab-1ae7-469f-926d-94c964302b5d:group-26E2AD828FD7 changes role from CANDIDATE to LEADER at term 1 for changeToLeader
2019-09-10 21:36:12,300 [03cfe98d-66e9-47f4-af03-9590c4a45681:group-3F9F829CB7C7:LeaderElection60] INFO  impl.RaftServerImpl (RaftServerImpl.java:setRole(171)) - 03cfe98d-66e9-47f4-af03-9590c4a45681:group-3F9F829CB7C7 changes role from CANDIDATE to LEADER at term 1 for changeToLeader
2019-09-10 21:36:12,300 [c74946ab-1ae7-469f-926d-94c964302b5d:group-26E2AD828FD7:LeaderElection59] INFO  impl.RaftServerImpl (ServerState.java:setLeader(263)) - c74946ab-1ae7-469f-926d-94c964302b5d:group-26E2AD828FD7 change Leader from null to c74946ab-1ae7-469f-926d-94c964302b5d at term 1 for becomeLeader, leader elected after 5434ms
2019-09-10 21:36:12,300 [03cfe98d-66e9-47f4-af03-9590c4a45681:group-3F9F829CB7C7:LeaderElection60] INFO  impl.RaftServerImpl (ServerState.java:setLeader(263)) - 03cfe98d-66e9-47f4-af03-9590c4a45681:group-3F9F829CB7C7 change Leader from null to 03cfe98d-66e9-47f4-af03-9590c4a45681 at term 1 for becomeLeader, leader elected after 5333ms
2019-09-10 21:36:12,304 [c74946ab-1ae7-469f-926d-94c964302b5d:group-26E2AD828FD7:LeaderElection59] INFO  server.RaftServerConfigKeys (ConfUtils.java:logGet(43)) - raft.server.staging.catchup.gap = 1000 (default)
2019-09-10 21:36:12,314 [03cfe98d-66e9-47f4-af03-9590c4a45681:group-DADAE11C36BE:LeaderElection65] INFO  impl.LeaderElection (LeaderElection.java:askForVotes(181)) - 03cfe98d-66e9-47f4-af03-9590c4a45681:group-DADAE11C36BE:LeaderElection65: begin an election at term 1 for -1: [66bbc06a-8405-41cc-8f06-d094f2a47128:192.168.69.94:44922, e63844c6-a8ea-4ed6-bffd-4bb09eb8cb63:192.168.69.94:36803, 03cfe98d-66e9-47f4-af03-9590c4a45681:192.168.69.94:42973], old=null
2019-09-10 21:36:12,314 [c74946ab-1ae7-469f-926d-94c964302b5d:group-26E2AD828FD7:LeaderElection59] INFO  server.RaftServerConfigKeys (ConfUtils.java:logGet(43)) - raft.server.rpc.sleep.time = 25ms (default)
2019-09-10 21:36:12,314 [66bbc06a-8405-41cc-8f06-d094f2a47128:group-DADAE11C36BE:LeaderElection64] INFO  impl.LeaderElection (LeaderElection.java:askForVotes(181)) - 66bbc06a-8405-41cc-8f06-d094f2a47128:group-DADAE11C36BE:LeaderElection64: begin an election at term 1 for -1: [66bbc06a-8405-41cc-8f06-d094f2a47128:192.168.69.94:44922, e63844c6-a8ea-4ed6-bffd-4bb09eb8cb63:192.168.69.94:36803, 03cfe98d-66e9-47f4-af03-9590c4a45681:192.168.69.94:42973], old=null
2019-09-10 21:36:12,314 [3320d5df-27d5-46c1-87ca-9b92777b1f08:group-45E74EDCEBD9:LeaderElection61] INFO  impl.LeaderElection (LeaderElection.java:askForVotes(181)) - 3320d5df-27d5-46c1-87ca-9b92777b1f08:group-45E74EDCEBD9:LeaderElection61: begin an election at term 1 for -1: [c74946ab-1ae7-469f-926d-94c964302b5d:192.168.69.94:35861, 3320d5df-27d5-46c1-87ca-9b92777b1f08:192.168.69.94:33579, b5bdbdbe-3957-4959-8415-114602cdfdb2:192.168.69.94:41544], old=null
2019-09-10 21:36:12,314 [c74946ab-1ae7-469f-926d-94c964302b5d:group-45E74EDCEBD9:LeaderElection63] INFO  impl.LeaderElection (LeaderElection.java:askForVotes(181)) - c74946ab-1ae7-469f-926d-94c964302b5d:group-45E74EDCEBD9:LeaderElection63: begin an election at term 1 for -1: [c74946ab-1ae7-469f-926d-94c964302b5d:192.168.69.94:35861, 3320d5df-27d5-46c1-87ca-9b92777b1f08:192.168.69.94:33579, b5bdbdbe-3957-4959-8415-114602cdfdb2:192.168.69.94:41544], old=null
2019-09-10 21:36:12,314 [b5bdbdbe-3957-4959-8415-114602cdfdb2:group-45E74EDCEBD9:LeaderElection62] INFO  impl.LeaderElection (LeaderElection.java:askForVotes(181)) - b5bdbdbe-3957-4959-8415-114602cdfdb2:group-45E74EDCEBD9:LeaderElection62: begin an election at term 1 for -1: [c74946ab-1ae7-469f-926d-94c964302b5d:192.168.69.94:35861, 3320d5df-27d5-46c1-87ca-9b92777b1f08:192.168.69.94:33579, b5bdbdbe-3957-4959-8415-114602cdfdb2:192.168.69.94:41544], old=null
2019-09-10 21:36:12,313 [03cfe98d-66e9-47f4-af03-9590c4a45681:group-3F9F829CB7C7:LeaderElection60] INFO  server.RaftServerConfigKeys (ConfUtils.java:logGet(43)) - raft.server.staging.catchup.gap = 1000 (default)
2019-09-10 21:36:12,314 [c74946ab-1ae7-469f-926d-94c964302b5d:group-26E2AD828FD7:LeaderElection59] INFO  server.RaftServerConfigKeys (ConfUtils.java:logGet(43)) - raft.server.write.element-limit = 4096 (default)
2019-09-10 21:36:12,315 [03cfe98d-66e9-47f4-af03-9590c4a45681:group-3F9F829CB7C7:LeaderElection60] INFO  server.RaftServerConfigKeys (ConfUtils.java:logGet(43)) - raft.server.rpc.sleep.time = 25ms (default)
2019-09-10 21:36:12,315 [c74946ab-1ae7-469f-926d-94c964302b5d:group-26E2AD828FD7:LeaderElection59] INFO  server.RaftServerConfigKeys (ConfUtils.java:logGet(43)) - raft.server.watch.timeout = 10s (default)
2019-09-10 21:36:12,316 [03cfe98d-66e9-47f4-af03-9590c4a45681:group-3F9F829CB7C7:LeaderElection60] INFO  server.RaftServerConfigKeys (ConfUtils.java:logGet(43)) - raft.server.write.element-limit = 4096 (default)
2019-09-10 21:36:12,316 [c74946ab-1ae7-469f-926d-94c964302b5d:group-26E2AD828FD7:LeaderElection59] INFO  server.RaftServerConfigKeys (ConfUtils.java:logGet(43)) - raft.server.watch.timeout.denomination = 1s (default)
2019-09-10 21:36:12,316 [03cfe98d-66e9-47f4-af03-9590c4a45681:group-3F9F829CB7C7:LeaderElection60] INFO  server.RaftServerConfigKeys (ConfUtils.java:logGet(43)) - raft.server.watch.timeout = 10s (default)
2019-09-10 21:36:12,316 [c74946ab-1ae7-469f-926d-94c964302b5d:group-26E2AD828FD7:LeaderElection59] INFO  server.RaftServerConfigKeys (ConfUtils.java:logGet(43)) - raft.server.watch.element-limit = 65536 (default)
2019-09-10 21:36:12,316 [03cfe98d-66e9-47f4-af03-9590c4a45681:group-3F9F829CB7C7:LeaderElection60] INFO  server.RaftServerConfigKeys (ConfUtils.java:logGet(43)) - raft.server.watch.timeout.denomination = 1s (default)
2019-09-10 21:36:12,317 [c74946ab-1ae7-469f-926d-94c964302b5d:group-26E2AD828FD7:LeaderElection59] INFO  impl.RoleInfo (RoleInfo.java:updateAndGet(143)) - c74946ab-1ae7-469f-926d-94c964302b5d: start LeaderState
2019-09-10 21:36:12,317 [03cfe98d-66e9-47f4-af03-9590c4a45681:group-3F9F829CB7C7:LeaderElection60] INFO  server.RaftServerConfigKeys (ConfUtils.java:logGet(43)) - raft.server.watch.element-limit = 65536 (default)
2019-09-10 21:36:12,317 [c74946ab-1ae7-469f-926d-94c964302b5d:group-26E2AD828FD7:LeaderElection59] INFO  segmented.SegmentedRaftLogWorker (SegmentedRaftLogWorker.java:startLogSegment(380)) - c74946ab-1ae7-469f-926d-94c964302b5d-SegmentedRaftLogWorker:Storage Directory /workdir/hadoop-ozone/integration-test/target/test-dir/MiniOzoneClusterImpl-da88efb8-9777-4db9-a0a6-522e36c2187a/datanode-5/data/ratis/7dbb04a6-30b1-411e-a1ab-26e2ad828fd7: Starting segment from index:0
2019-09-10 21:36:12,317 [03cfe98d-66e9-47f4-af03-9590c4a45681:group-3F9F829CB7C7:LeaderElection60] INFO  impl.RoleInfo (RoleInfo.java:updateAndGet(143)) - 03cfe98d-66e9-47f4-af03-9590c4a45681: start LeaderState
2019-09-10 21:36:12,321 [03cfe98d-66e9-47f4-af03-9590c4a45681:group-3F9F829CB7C7:LeaderElection60] INFO  segmented.SegmentedRaftLogWorker (SegmentedRaftLogWorker.java:startLogSegment(380)) - 03cfe98d-66e9-47f4-af03-9590c4a45681-SegmentedRaftLogWorker:Storage Directory /workdir/hadoop-ozone/integration-test/target/test-dir/MiniOzoneClusterImpl-da88efb8-9777-4db9-a0a6-522e36c2187a/datanode-6/data/ratis/7ee5528c-4f55-4192-b1b6-3f9f829cb7c7: Starting segment from index:0
2019-09-10 21:36:12,321 [c74946ab-1ae7-469f-926d-94c964302b5d:group-26E2AD828FD7:LeaderElection59] INFO  impl.RaftServerImpl (ServerState.java:setRaftConf(361)) - c74946ab-1ae7-469f-926d-94c964302b5d:group-26E2AD828FD7 set configuration 0: [c74946ab-1ae7-469f-926d-94c964302b5d:192.168.69.94:35861], old=null at 0
2019-09-10 21:36:12,360 [03cfe98d-66e9-47f4-af03-9590c4a45681:group-3F9F829CB7C7:LeaderElection60] INFO  impl.RaftServerImpl (ServerState.java:setRaftConf(361)) - 03cfe98d-66e9-47f4-af03-9590c4a45681:group-3F9F829CB7C7 set configuration 0: [03cfe98d-66e9-47f4-af03-9590c4a45681:192.168.69.94:42973], old=null at 0
2019-09-10 21:36:12,401 [Thread-1098] INFO  impl.FollowerState (FollowerState.java:run(106)) - e63844c6-a8ea-4ed6-bffd-4bb09eb8cb63:group-DADAE11C36BE changes to CANDIDATE, lastRpcTime:5185, electionTimeout:5149ms
2019-09-10 21:36:12,401 [c74946ab-1ae7-469f-926d-94c964302b5d-SegmentedRaftLogWorker:Storage Directory /workdir/hadoop-ozone/integration-test/target/test-dir/MiniOzoneClusterImpl-da88efb8-9777-4db9-a0a6-522e36c2187a/datanode-5/data/ratis/7dbb04a6-30b1-411e-a1ab-26e2ad828fd7] INFO  segmented.SegmentedRaftLogWorker (SegmentedRaftLogWorker.java:execute(569)) - c74946ab-1ae7-469f-926d-94c964302b5d-SegmentedRaftLogWorker:Storage Directory /workdir/hadoop-ozone/integration-test/target/test-dir/MiniOzoneClusterImpl-da88efb8-9777-4db9-a0a6-522e36c2187a/datanode-5/data/ratis/7dbb04a6-30b1-411e-a1ab-26e2ad828fd7: created new log segment /workdir/hadoop-ozone/integration-test/target/test-dir/MiniOzoneClusterImpl-da88efb8-9777-4db9-a0a6-522e36c2187a/datanode-5/data/ratis/7dbb04a6-30b1-411e-a1ab-26e2ad828fd7/current/log_inprogress_0
2019-09-10 21:36:12,401 [Thread-1098] INFO  impl.RoleInfo (RoleInfo.java:shutdownFollowerState(121)) - e63844c6-a8ea-4ed6-bffd-4bb09eb8cb63: shutdown FollowerState
2019-09-10 21:36:12,401 [Thread-1098] INFO  impl.RaftServerImpl (RaftServerImpl.java:setRole(171)) - e63844c6-a8ea-4ed6-bffd-4bb09eb8cb63:group-DADAE11C36BE changes role from FOLLOWER to CANDIDATE at term 0 for changeToCandidate
2019-09-10 21:36:12,402 [Thread-1098] INFO  impl.RoleInfo (RoleInfo.java:updateAndGet(143)) - e63844c6-a8ea-4ed6-bffd-4bb09eb8cb63: start LeaderElection
2019-09-10 21:36:12,421 [03cfe98d-66e9-47f4-af03-9590c4a45681-SegmentedRaftLogWorker:Storage Directory /workdir/hadoop-ozone/integration-test/target/test-dir/MiniOzoneClusterImpl-da88efb8-9777-4db9-a0a6-522e36c2187a/datanode-6/data/ratis/7ee5528c-4f55-4192-b1b6-3f9f829cb7c7] INFO  segmented.SegmentedRaftLogWorker (SegmentedRaftLogWorker.java:execute(569)) - 03cfe98d-66e9-47f4-af03-9590c4a45681-SegmentedRaftLogWorker:Storage Directory /workdir/hadoop-ozone/integration-test/target/test-dir/MiniOzoneClusterImpl-da88efb8-9777-4db9-a0a6-522e36c2187a/datanode-6/data/ratis/7ee5528c-4f55-4192-b1b6-3f9f829cb7c7: created new log segment /workdir/hadoop-ozone/integration-test/target/test-dir/MiniOzoneClusterImpl-da88efb8-9777-4db9-a0a6-522e36c2187a/datanode-6/data/ratis/7ee5528c-4f55-4192-b1b6-3f9f829cb7c7/current/log_inprogress_0
2019-09-10 21:36:12,421 [e63844c6-a8ea-4ed6-bffd-4bb09eb8cb63:group-DADAE11C36BE:LeaderElection66] INFO  impl.LeaderElection (LeaderElection.java:askForVotes(181)) - e63844c6-a8ea-4ed6-bffd-4bb09eb8cb63:group-DADAE11C36BE:LeaderElection66: begin an election at term 1 for -1: [66bbc06a-8405-41cc-8f06-d094f2a47128:192.168.69.94:44922, e63844c6-a8ea-4ed6-bffd-4bb09eb8cb63:192.168.69.94:36803, 03cfe98d-66e9-47f4-af03-9590c4a45681:192.168.69.94:42973], old=null
2019-09-10 21:36:12,449 [c74946ab-1ae7-469f-926d-94c964302b5d:group-45E74EDCEBD9:LeaderElection63] INFO  impl.LeaderElection (LeaderElection.java:logAndReturn(56)) - c74946ab-1ae7-469f-926d-94c964302b5d:group-45E74EDCEBD9:LeaderElection63: Election REJECTED; received 2 response(s) [c74946ab-1ae7-469f-926d-94c964302b5d<-3320d5df-27d5-46c1-87ca-9b92777b1f08#0:FAIL-t1, c74946ab-1ae7-469f-926d-94c964302b5d<-b5bdbdbe-3957-4959-8415-114602cdfdb2#0:FAIL-t1] and 0 exception(s); c74946ab-1ae7-469f-926d-94c964302b5d:t1, leader=null, voted=c74946ab-1ae7-469f-926d-94c964302b5d, raftlog=c74946ab-1ae7-469f-926d-94c964302b5d-SegmentedRaftLog:OPENED:c-1,f-1,i0, conf=-1: [c74946ab-1ae7-469f-926d-94c964302b5d:192.168.69.94:35861, 3320d5df-27d5-46c1-87ca-9b92777b1f08:192.168.69.94:33579, b5bdbdbe-3957-4959-8415-114602cdfdb2:192.168.69.94:41544], old=null
2019-09-10 21:36:12,453 [c74946ab-1ae7-469f-926d-94c964302b5d:group-45E74EDCEBD9:LeaderElection63] INFO  impl.RaftServerImpl (RaftServerImpl.java:setRole(171)) - c74946ab-1ae7-469f-926d-94c964302b5d:group-45E74EDCEBD9 changes role from CANDIDATE to FOLLOWER at term 1 for DISCOVERED_A_NEW_TERM
2019-09-10 21:36:12,453 [c74946ab-1ae7-469f-926d-94c964302b5d:group-45E74EDCEBD9:LeaderElection63] INFO  impl.RoleInfo (RoleInfo.java:shutdownLeaderElection(134)) - c74946ab-1ae7-469f-926d-94c964302b5d: shutdown LeaderElection
2019-09-10 21:36:12,453 [c74946ab-1ae7-469f-926d-94c964302b5d:group-45E74EDCEBD9:LeaderElection63] INFO  impl.RoleInfo (RoleInfo.java:updateAndGet(143)) - c74946ab-1ae7-469f-926d-94c964302b5d: start FollowerState
2019-09-10 21:36:12,464 [03cfe98d-66e9-47f4-af03-9590c4a45681:group-DADAE11C36BE:LeaderElection65] INFO  impl.LeaderElection (LeaderElection.java:logAndReturn(56)) - 03cfe98d-66e9-47f4-af03-9590c4a45681:group-DADAE11C36BE:LeaderElection65: Election REJECTED; received 2 response(s) [03cfe98d-66e9-47f4-af03-9590c4a45681<-66bbc06a-8405-41cc-8f06-d094f2a47128#0:FAIL-t1, 03cfe98d-66e9-47f4-af03-9590c4a45681<-e63844c6-a8ea-4ed6-bffd-4bb09eb8cb63#0:FAIL-t1] and 0 exception(s); 03cfe98d-66e9-47f4-af03-9590c4a45681:t1, leader=null, voted=03cfe98d-66e9-47f4-af03-9590c4a45681, raftlog=03cfe98d-66e9-47f4-af03-9590c4a45681-SegmentedRaftLog:OPENED:c-1,f-1,i0, conf=-1: [66bbc06a-8405-41cc-8f06-d094f2a47128:192.168.69.94:44922, e63844c6-a8ea-4ed6-bffd-4bb09eb8cb63:192.168.69.94:36803, 03cfe98d-66e9-47f4-af03-9590c4a45681:192.168.69.94:42973], old=null
2019-09-10 21:36:12,466 [03cfe98d-66e9-47f4-af03-9590c4a45681:group-DADAE11C36BE:LeaderElection65] INFO  impl.RaftServerImpl (RaftServerImpl.java:setRole(171)) - 03cfe98d-66e9-47f4-af03-9590c4a45681:group-DADAE11C36BE changes role from CANDIDATE to FOLLOWER at term 1 for DISCOVERED_A_NEW_TERM
2019-09-10 21:36:12,466 [3320d5df-27d5-46c1-87ca-9b92777b1f08:group-45E74EDCEBD9:LeaderElection61] INFO  impl.LeaderElection (LeaderElection.java:logAndReturn(56)) - 3320d5df-27d5-46c1-87ca-9b92777b1f08:group-45E74EDCEBD9:LeaderElection61: Election REJECTED; received 2 response(s) [3320d5df-27d5-46c1-87ca-9b92777b1f08<-c74946ab-1ae7-469f-926d-94c964302b5d#0:FAIL-t1, 3320d5df-27d5-46c1-87ca-9b92777b1f08<-b5bdbdbe-3957-4959-8415-114602cdfdb2#0:FAIL-t1] and 0 exception(s); 3320d5df-27d5-46c1-87ca-9b92777b1f08:t1, leader=null, voted=3320d5df-27d5-46c1-87ca-9b92777b1f08, raftlog=3320d5df-27d5-46c1-87ca-9b92777b1f08-SegmentedRaftLog:OPENED:c-1,f-1,i0, conf=-1: [c74946ab-1ae7-469f-926d-94c964302b5d:192.168.69.94:35861, 3320d5df-27d5-46c1-87ca-9b92777b1f08:192.168.69.94:33579, b5bdbdbe-3957-4959-8415-114602cdfdb2:192.168.69.94:41544], old=null
2019-09-10 21:36:12,467 [b5bdbdbe-3957-4959-8415-114602cdfdb2:group-45E74EDCEBD9:LeaderElection62] INFO  impl.LeaderElection (LeaderElection.java:logAndReturn(56)) - b5bdbdbe-3957-4959-8415-114602cdfdb2:group-45E74EDCEBD9:LeaderElection62: Election REJECTED; received 2 response(s) [b5bdbdbe-3957-4959-8415-114602cdfdb2<-c74946ab-1ae7-469f-926d-94c964302b5d#0:FAIL-t1, b5bdbdbe-3957-4959-8415-114602cdfdb2<-3320d5df-27d5-46c1-87ca-9b92777b1f08#0:FAIL-t1] and 0 exception(s); b5bdbdbe-3957-4959-8415-114602cdfdb2:t1, leader=null, voted=b5bdbdbe-3957-4959-8415-114602cdfdb2, raftlog=b5bdbdbe-3957-4959-8415-114602cdfdb2-SegmentedRaftLog:OPENED:c-1,f-1,i0, conf=-1: [c74946ab-1ae7-469f-926d-94c964302b5d:192.168.69.94:35861, 3320d5df-27d5-46c1-87ca-9b92777b1f08:192.168.69.94:33579, b5bdbdbe-3957-4959-8415-114602cdfdb2:192.168.69.94:41544], old=null
2019-09-10 21:36:12,466 [03cfe98d-66e9-47f4-af03-9590c4a45681:group-DADAE11C36BE:LeaderElection65] INFO  impl.RoleInfo (RoleInfo.java:shutdownLeaderElection(134)) - 03cfe98d-66e9-47f4-af03-9590c4a45681: shutdown LeaderElection
2019-09-10 21:36:12,466 [66bbc06a-8405-41cc-8f06-d094f2a47128:group-DADAE11C36BE:LeaderElection64] INFO  impl.LeaderElection (LeaderElection.java:logAndReturn(56)) - 66bbc06a-8405-41cc-8f06-d094f2a47128:group-DADAE11C36BE:LeaderElection64: Election REJECTED; received 2 response(s) [66bbc06a-8405-41cc-8f06-d094f2a47128<-e63844c6-a8ea-4ed6-bffd-4bb09eb8cb63#0:FAIL-t1, 66bbc06a-8405-41cc-8f06-d094f2a47128<-03cfe98d-66e9-47f4-af03-9590c4a45681#0:FAIL-t1] and 0 exception(s); 66bbc06a-8405-41cc-8f06-d094f2a47128:t1, leader=null, voted=66bbc06a-8405-41cc-8f06-d094f2a47128, raftlog=66bbc06a-8405-41cc-8f06-d094f2a47128-SegmentedRaftLog:OPENED:c-1,f-1,i0, conf=-1: [66bbc06a-8405-41cc-8f06-d094f2a47128:192.168.69.94:44922, e63844c6-a8ea-4ed6-bffd-4bb09eb8cb63:192.168.69.94:36803, 03cfe98d-66e9-47f4-af03-9590c4a45681:192.168.69.94:42973], old=null
2019-09-10 21:36:12,468 [03cfe98d-66e9-47f4-af03-9590c4a45681:group-DADAE11C36BE:LeaderElection65] INFO  impl.RoleInfo (RoleInfo.java:updateAndGet(143)) - 03cfe98d-66e9-47f4-af03-9590c4a45681: start FollowerState
2019-09-10 21:36:12,468 [b5bdbdbe-3957-4959-8415-114602cdfdb2:group-45E74EDCEBD9:LeaderElection62] INFO  impl.RaftServerImpl (RaftServerImpl.java:setRole(171)) - b5bdbdbe-3957-4959-8415-114602cdfdb2:group-45E74EDCEBD9 changes role from CANDIDATE to FOLLOWER at term 1 for DISCOVERED_A_NEW_TERM
2019-09-10 21:36:12,469 [b5bdbdbe-3957-4959-8415-114602cdfdb2:group-45E74EDCEBD9:LeaderElection62] INFO  impl.RoleInfo (RoleInfo.java:shutdownLeaderElection(134)) - b5bdbdbe-3957-4959-8415-114602cdfdb2: shutdown LeaderElection
2019-09-10 21:36:12,468 [3320d5df-27d5-46c1-87ca-9b92777b1f08:group-45E74EDCEBD9:LeaderElection61] INFO  impl.RaftServerImpl (RaftServerImpl.java:setRole(171)) - 3320d5df-27d5-46c1-87ca-9b92777b1f08:group-45E74EDCEBD9 changes role from CANDIDATE to FOLLOWER at term 1 for DISCOVERED_A_NEW_TERM
2019-09-10 21:36:12,469 [b5bdbdbe-3957-4959-8415-114602cdfdb2:group-45E74EDCEBD9:LeaderElection62] INFO  impl.RoleInfo (RoleInfo.java:updateAndGet(143)) - b5bdbdbe-3957-4959-8415-114602cdfdb2: start FollowerState
2019-09-10 21:36:12,468 [66bbc06a-8405-41cc-8f06-d094f2a47128:group-DADAE11C36BE:LeaderElection64] INFO  impl.RaftServerImpl (RaftServerImpl.java:setRole(171)) - 66bbc06a-8405-41cc-8f06-d094f2a47128:group-DADAE11C36BE changes role from CANDIDATE to FOLLOWER at term 1 for DISCOVERED_A_NEW_TERM
2019-09-10 21:36:12,469 [3320d5df-27d5-46c1-87ca-9b92777b1f08:group-45E74EDCEBD9:LeaderElection61] INFO  impl.RoleInfo (RoleInfo.java:shutdownLeaderElection(134)) - 3320d5df-27d5-46c1-87ca-9b92777b1f08: shutdown LeaderElection
2019-09-10 21:36:12,469 [66bbc06a-8405-41cc-8f06-d094f2a47128:group-DADAE11C36BE:LeaderElection64] INFO  impl.RoleInfo (RoleInfo.java:shutdownLeaderElection(134)) - 66bbc06a-8405-41cc-8f06-d094f2a47128: shutdown LeaderElection
2019-09-10 21:36:12,469 [3320d5df-27d5-46c1-87ca-9b92777b1f08:group-45E74EDCEBD9:LeaderElection61] INFO  impl.RoleInfo (RoleInfo.java:updateAndGet(143)) - 3320d5df-27d5-46c1-87ca-9b92777b1f08: start FollowerState
2019-09-10 21:36:12,469 [66bbc06a-8405-41cc-8f06-d094f2a47128:group-DADAE11C36BE:LeaderElection64] INFO  impl.RoleInfo (RoleInfo.java:updateAndGet(143)) - 66bbc06a-8405-41cc-8f06-d094f2a47128: start FollowerState
2019-09-10 21:36:12,473 [e63844c6-a8ea-4ed6-bffd-4bb09eb8cb63:group-DADAE11C36BE:LeaderElection66] INFO  impl.LeaderElection (LeaderElection.java:logAndReturn(56)) - e63844c6-a8ea-4ed6-bffd-4bb09eb8cb63:group-DADAE11C36BE:LeaderElection66: Election REJECTED; received 2 response(s) [e63844c6-a8ea-4ed6-bffd-4bb09eb8cb63<-66bbc06a-8405-41cc-8f06-d094f2a47128#0:FAIL-t1, e63844c6-a8ea-4ed6-bffd-4bb09eb8cb63<-03cfe98d-66e9-47f4-af03-9590c4a45681#0:FAIL-t1] and 0 exception(s); e63844c6-a8ea-4ed6-bffd-4bb09eb8cb63:t1, leader=null, voted=e63844c6-a8ea-4ed6-bffd-4bb09eb8cb63, raftlog=e63844c6-a8ea-4ed6-bffd-4bb09eb8cb63-SegmentedRaftLog:OPENED:c-1,f-1,i0, conf=-1: [66bbc06a-8405-41cc-8f06-d094f2a47128:192.168.69.94:44922, e63844c6-a8ea-4ed6-bffd-4bb09eb8cb63:192.168.69.94:36803, 03cfe98d-66e9-47f4-af03-9590c4a45681:192.168.69.94:42973], old=null
2019-09-10 21:36:12,474 [e63844c6-a8ea-4ed6-bffd-4bb09eb8cb63:group-DADAE11C36BE:LeaderElection66] INFO  impl.RaftServerImpl (RaftServerImpl.java:setRole(171)) - e63844c6-a8ea-4ed6-bffd-4bb09eb8cb63:group-DADAE11C36BE changes role from CANDIDATE to FOLLOWER at term 1 for DISCOVERED_A_NEW_TERM
2019-09-10 21:36:12,474 [e63844c6-a8ea-4ed6-bffd-4bb09eb8cb63:group-DADAE11C36BE:LeaderElection66] INFO  impl.RoleInfo (RoleInfo.java:shutdownLeaderElection(134)) - e63844c6-a8ea-4ed6-bffd-4bb09eb8cb63: shutdown LeaderElection
2019-09-10 21:36:12,474 [e63844c6-a8ea-4ed6-bffd-4bb09eb8cb63:group-DADAE11C36BE:LeaderElection66] INFO  impl.RoleInfo (RoleInfo.java:updateAndGet(143)) - e63844c6-a8ea-4ed6-bffd-4bb09eb8cb63: start FollowerState
2019-09-10 21:36:13,026 [grpc-default-executor-8] INFO  client.GrpcClientProtocolClient (GrpcClientProtocolClient.java:onNext(255)) - client-C142C21B4060->c74946ab-1ae7-469f-926d-94c964302b5d: receive RaftClientReply:client-C142C21B4060->c74946ab-1ae7-469f-926d-94c964302b5d@group-45E74EDCEBD9, cid=50, FAILED org.apache.ratis.protocol.NotLeaderException: Server c74946ab-1ae7-469f-926d-94c964302b5d is not the leader (null). Request must be sent to leader., logIndex=0, commits[c74946ab-1ae7-469f-926d-94c964302b5d:c-1]
2019-09-10 21:36:14,045 [grpc-default-executor-1] INFO  client.GrpcClientProtocolClient (GrpcClientProtocolClient.java:onNext(255)) - client-C142C21B4060->b5bdbdbe-3957-4959-8415-114602cdfdb2: receive RaftClientReply:client-C142C21B4060->b5bdbdbe-3957-4959-8415-114602cdfdb2@group-45E74EDCEBD9, cid=50, FAILED org.apache.ratis.protocol.NotLeaderException: Server b5bdbdbe-3957-4959-8415-114602cdfdb2 is not the leader (null). Request must be sent to leader., logIndex=0, commits[b5bdbdbe-3957-4959-8415-114602cdfdb2:c-1]
2019-09-10 21:36:15,066 [grpc-default-executor-1] INFO  client.GrpcClientProtocolClient (GrpcClientProtocolClient.java:onNext(255)) - client-C142C21B4060->3320d5df-27d5-46c1-87ca-9b92777b1f08: receive RaftClientReply:client-C142C21B4060->3320d5df-27d5-46c1-87ca-9b92777b1f08@group-45E74EDCEBD9, cid=50, FAILED org.apache.ratis.protocol.NotLeaderException: Server 3320d5df-27d5-46c1-87ca-9b92777b1f08 is not the leader (null). Request must be sent to leader., logIndex=0, commits[3320d5df-27d5-46c1-87ca-9b92777b1f08:c-1]
2019-09-10 21:36:16,092 [grpc-default-executor-1] INFO  client.GrpcClientProtocolClient (GrpcClientProtocolClient.java:onNext(255)) - client-C142C21B4060->b5bdbdbe-3957-4959-8415-114602cdfdb2: receive RaftClientReply:client-C142C21B4060->b5bdbdbe-3957-4959-8415-114602cdfdb2@group-45E74EDCEBD9, cid=50, FAILED org.apache.ratis.protocol.NotLeaderException: Server b5bdbdbe-3957-4959-8415-114602cdfdb2 is not the leader (null). Request must be sent to leader., logIndex=0, commits[b5bdbdbe-3957-4959-8415-114602cdfdb2:c-1]
2019-09-10 21:36:17,116 [grpc-default-executor-8] INFO  client.GrpcClientProtocolClient (GrpcClientProtocolClient.java:onNext(255)) - client-C142C21B4060->3320d5df-27d5-46c1-87ca-9b92777b1f08: receive RaftClientReply:client-C142C21B4060->3320d5df-27d5-46c1-87ca-9b92777b1f08@group-45E74EDCEBD9, cid=50, FAILED org.apache.ratis.protocol.NotLeaderException: Server 3320d5df-27d5-46c1-87ca-9b92777b1f08 is not the leader (null). Request must be sent to leader., logIndex=0, commits[3320d5df-27d5-46c1-87ca-9b92777b1f08:c-1]
2019-09-10 21:36:17,475 [Thread-1156] INFO  impl.FollowerState (FollowerState.java:run(106)) - e63844c6-a8ea-4ed6-bffd-4bb09eb8cb63:group-DADAE11C36BE changes to CANDIDATE, lastRpcTime:5001, electionTimeout:5001ms
2019-09-10 21:36:17,476 [Thread-1156] INFO  impl.RoleInfo (RoleInfo.java:shutdownFollowerState(121)) - e63844c6-a8ea-4ed6-bffd-4bb09eb8cb63: shutdown FollowerState
2019-09-10 21:36:17,476 [Thread-1156] INFO  impl.RaftServerImpl (RaftServerImpl.java:setRole(171)) - e63844c6-a8ea-4ed6-bffd-4bb09eb8cb63:group-DADAE11C36BE changes role from FOLLOWER to CANDIDATE at term 1 for changeToCandidate
2019-09-10 21:36:17,476 [Thread-1156] INFO  impl.RoleInfo (RoleInfo.java:updateAndGet(143)) - e63844c6-a8ea-4ed6-bffd-4bb09eb8cb63: start LeaderElection
2019-09-10 21:36:17,567 [Thread-1155] INFO  impl.FollowerState (FollowerState.java:run(106)) - 66bbc06a-8405-41cc-8f06-d094f2a47128:group-DADAE11C36BE changes to CANDIDATE, lastRpcTime:5097, electionTimeout:5095ms
2019-09-10 21:36:17,567 [Thread-1155] INFO  impl.RoleInfo (RoleInfo.java:shutdownFollowerState(121)) - 66bbc06a-8405-41cc-8f06-d094f2a47128: shutdown FollowerState
2019-09-10 21:36:17,567 [Thread-1155] INFO  impl.RaftServerImpl (RaftServerImpl.java:setRole(171)) - 66bbc06a-8405-41cc-8f06-d094f2a47128:group-DADAE11C36BE changes role from FOLLOWER to CANDIDATE at term 1 for changeToCandidate
2019-09-10 21:36:17,567 [Thread-1155] INFO  impl.RoleInfo (RoleInfo.java:updateAndGet(143)) - 66bbc06a-8405-41cc-8f06-d094f2a47128: start LeaderElection
2019-09-10 21:36:17,604 [Thread-1151] INFO  impl.FollowerState (FollowerState.java:run(106)) - c74946ab-1ae7-469f-926d-94c964302b5d:group-45E74EDCEBD9 changes to CANDIDATE, lastRpcTime:5150, electionTimeout:5148ms
2019-09-10 21:36:17,604 [Thread-1151] INFO  impl.RoleInfo (RoleInfo.java:shutdownFollowerState(121)) - c74946ab-1ae7-469f-926d-94c964302b5d: shutdown FollowerState
2019-09-10 21:36:17,604 [Thread-1151] INFO  impl.RaftServerImpl (RaftServerImpl.java:setRole(171)) - c74946ab-1ae7-469f-926d-94c964302b5d:group-45E74EDCEBD9 changes role from FOLLOWER to CANDIDATE at term 1 for changeToCandidate
2019-09-10 21:36:17,604 [Thread-1151] INFO  impl.RoleInfo (RoleInfo.java:updateAndGet(143)) - c74946ab-1ae7-469f-926d-94c964302b5d: start LeaderElection
2019-09-10 21:36:17,610 [Thread-1154] INFO  impl.FollowerState (FollowerState.java:run(106)) - 3320d5df-27d5-46c1-87ca-9b92777b1f08:group-45E74EDCEBD9 changes to CANDIDATE, lastRpcTime:5141, electionTimeout:5139ms
2019-09-10 21:36:17,611 [Thread-1154] INFO  impl.RoleInfo (RoleInfo.java:shutdownFollowerState(121)) - 3320d5df-27d5-46c1-87ca-9b92777b1f08: shutdown FollowerState
2019-09-10 21:36:17,611 [Thread-1154] INFO  impl.RaftServerImpl (RaftServerImpl.java:setRole(171)) - 3320d5df-27d5-46c1-87ca-9b92777b1f08:group-45E74EDCEBD9 changes role from FOLLOWER to CANDIDATE at term 1 for changeToCandidate
2019-09-10 21:36:17,611 [Thread-1154] INFO  impl.RoleInfo (RoleInfo.java:updateAndGet(143)) - 3320d5df-27d5-46c1-87ca-9b92777b1f08: start LeaderElection
2019-09-10 21:36:17,637 [Thread-1153] INFO  impl.FollowerState (FollowerState.java:run(106)) - b5bdbdbe-3957-4959-8415-114602cdfdb2:group-45E74EDCEBD9 changes to CANDIDATE, lastRpcTime:5168, electionTimeout:5168ms
2019-09-10 21:36:17,638 [Thread-1153] INFO  impl.RoleInfo (RoleInfo.java:shutdownFollowerState(121)) - b5bdbdbe-3957-4959-8415-114602cdfdb2: shutdown FollowerState
2019-09-10 21:36:17,638 [Thread-1153] INFO  impl.RaftServerImpl (RaftServerImpl.java:setRole(171)) - b5bdbdbe-3957-4959-8415-114602cdfdb2:group-45E74EDCEBD9 changes role from FOLLOWER to CANDIDATE at term 1 for changeToCandidate
2019-09-10 21:36:17,638 [Thread-1153] INFO  impl.RoleInfo (RoleInfo.java:updateAndGet(143)) - b5bdbdbe-3957-4959-8415-114602cdfdb2: start LeaderElection
2019-09-10 21:36:17,657 [b5bdbdbe-3957-4959-8415-114602cdfdb2:group-45E74EDCEBD9:LeaderElection71] INFO  impl.LeaderElection (LeaderElection.java:askForVotes(181)) - b5bdbdbe-3957-4959-8415-114602cdfdb2:group-45E74EDCEBD9:LeaderElection71: begin an election at term 2 for -1: [c74946ab-1ae7-469f-926d-94c964302b5d:192.168.69.94:35861, 3320d5df-27d5-46c1-87ca-9b92777b1f08:192.168.69.94:33579, b5bdbdbe-3957-4959-8415-114602cdfdb2:192.168.69.94:41544], old=null
2019-09-10 21:36:17,657 [3320d5df-27d5-46c1-87ca-9b92777b1f08:group-45E74EDCEBD9:LeaderElection70] INFO  impl.LeaderElection (LeaderElection.java:askForVotes(181)) - 3320d5df-27d5-46c1-87ca-9b92777b1f08:group-45E74EDCEBD9:LeaderElection70: begin an election at term 2 for -1: [c74946ab-1ae7-469f-926d-94c964302b5d:192.168.69.94:35861, 3320d5df-27d5-46c1-87ca-9b92777b1f08:192.168.69.94:33579, b5bdbdbe-3957-4959-8415-114602cdfdb2:192.168.69.94:41544], old=null
2019-09-10 21:36:17,657 [e63844c6-a8ea-4ed6-bffd-4bb09eb8cb63:group-DADAE11C36BE:LeaderElection67] INFO  impl.LeaderElection (LeaderElection.java:askForVotes(181)) - e63844c6-a8ea-4ed6-bffd-4bb09eb8cb63:group-DADAE11C36BE:LeaderElection67: begin an election at term 2 for -1: [66bbc06a-8405-41cc-8f06-d094f2a47128:192.168.69.94:44922, e63844c6-a8ea-4ed6-bffd-4bb09eb8cb63:192.168.69.94:36803, 03cfe98d-66e9-47f4-af03-9590c4a45681:192.168.69.94:42973], old=null
2019-09-10 21:36:17,657 [c74946ab-1ae7-469f-926d-94c964302b5d:group-45E74EDCEBD9:LeaderElection69] INFO  impl.LeaderElection (LeaderElection.java:askForVotes(181)) - c74946ab-1ae7-469f-926d-94c964302b5d:group-45E74EDCEBD9:LeaderElection69: begin an election at term 2 for -1: [c74946ab-1ae7-469f-926d-94c964302b5d:192.168.69.94:35861, 3320d5df-27d5-46c1-87ca-9b92777b1f08:192.168.69.94:33579, b5bdbdbe-3957-4959-8415-114602cdfdb2:192.168.69.94:41544], old=null
2019-09-10 21:36:17,657 [66bbc06a-8405-41cc-8f06-d094f2a47128:group-DADAE11C36BE:LeaderElection68] INFO  impl.LeaderElection (LeaderElection.java:askForVotes(181)) - 66bbc06a-8405-41cc-8f06-d094f2a47128:group-DADAE11C36BE:LeaderElection68: begin an election at term 2 for -1: [66bbc06a-8405-41cc-8f06-d094f2a47128:192.168.69.94:44922, e63844c6-a8ea-4ed6-bffd-4bb09eb8cb63:192.168.69.94:36803, 03cfe98d-66e9-47f4-af03-9590c4a45681:192.168.69.94:42973], old=null
2019-09-10 21:36:17,664 [Thread-1152] INFO  impl.FollowerState (FollowerState.java:run(106)) - 03cfe98d-66e9-47f4-af03-9590c4a45681:group-DADAE11C36BE changes to CANDIDATE, lastRpcTime:5195, electionTimeout:5193ms
2019-09-10 21:36:17,664 [Thread-1152] INFO  impl.RoleInfo (RoleInfo.java:shutdownFollowerState(121)) - 03cfe98d-66e9-47f4-af03-9590c4a45681: shutdown FollowerState
2019-09-10 21:36:17,664 [Thread-1152] INFO  impl.RaftServerImpl (RaftServerImpl.java:setRole(171)) - 03cfe98d-66e9-47f4-af03-9590c4a45681:group-DADAE11C36BE changes role from FOLLOWER to CANDIDATE at term 1 for changeToCandidate
2019-09-10 21:36:17,666 [Thread-1152] INFO  impl.RoleInfo (RoleInfo.java:updateAndGet(143)) - 03cfe98d-66e9-47f4-af03-9590c4a45681: start LeaderElection
2019-09-10 21:36:17,678 [b5bdbdbe-3957-4959-8415-114602cdfdb2:group-45E74EDCEBD9:LeaderElection71] INFO  impl.LeaderElection (LeaderElection.java:logAndReturn(56)) - b5bdbdbe-3957-4959-8415-114602cdfdb2:group-45E74EDCEBD9:LeaderElection71: Election REJECTED; received 2 response(s) [b5bdbdbe-3957-4959-8415-114602cdfdb2<-c74946ab-1ae7-469f-926d-94c964302b5d#0:FAIL-t2, b5bdbdbe-3957-4959-8415-114602cdfdb2<-3320d5df-27d5-46c1-87ca-9b92777b1f08#0:FAIL-t2] and 0 exception(s); b5bdbdbe-3957-4959-8415-114602cdfdb2:t2, leader=null, voted=b5bdbdbe-3957-4959-8415-114602cdfdb2, raftlog=b5bdbdbe-3957-4959-8415-114602cdfdb2-SegmentedRaftLog:OPENED:c-1,f-1,i0, conf=-1: [c74946ab-1ae7-469f-926d-94c964302b5d:192.168.69.94:35861, 3320d5df-27d5-46c1-87ca-9b92777b1f08:192.168.69.94:33579, b5bdbdbe-3957-4959-8415-114602cdfdb2:192.168.69.94:41544], old=null
2019-09-10 21:36:17,678 [b5bdbdbe-3957-4959-8415-114602cdfdb2:group-45E74EDCEBD9:LeaderElection71] INFO  impl.RaftServerImpl (RaftServerImpl.java:setRole(171)) - b5bdbdbe-3957-4959-8415-114602cdfdb2:group-45E74EDCEBD9 changes role from CANDIDATE to FOLLOWER at term 2 for DISCOVERED_A_NEW_TERM
2019-09-10 21:36:17,678 [b5bdbdbe-3957-4959-8415-114602cdfdb2:group-45E74EDCEBD9:LeaderElection71] INFO  impl.RoleInfo (RoleInfo.java:shutdownLeaderElection(134)) - b5bdbdbe-3957-4959-8415-114602cdfdb2: shutdown LeaderElection
2019-09-10 21:36:17,679 [b5bdbdbe-3957-4959-8415-114602cdfdb2:group-45E74EDCEBD9:LeaderElection71] INFO  impl.RoleInfo (RoleInfo.java:updateAndGet(143)) - b5bdbdbe-3957-4959-8415-114602cdfdb2: start FollowerState
2019-09-10 21:36:17,679 [c74946ab-1ae7-469f-926d-94c964302b5d:group-45E74EDCEBD9:LeaderElection69] INFO  impl.LeaderElection (LeaderElection.java:logAndReturn(56)) - c74946ab-1ae7-469f-926d-94c964302b5d:group-45E74EDCEBD9:LeaderElection69: Election REJECTED; received 2 response(s) [c74946ab-1ae7-469f-926d-94c964302b5d<-3320d5df-27d5-46c1-87ca-9b92777b1f08#0:FAIL-t2, c74946ab-1ae7-469f-926d-94c964302b5d<-b5bdbdbe-3957-4959-8415-114602cdfdb2#0:FAIL-t2] and 0 exception(s); c74946ab-1ae7-469f-926d-94c964302b5d:t2, leader=null, voted=c74946ab-1ae7-469f-926d-94c964302b5d, raftlog=c74946ab-1ae7-469f-926d-94c964302b5d-SegmentedRaftLog:OPENED:c-1,f-1,i0, conf=-1: [c74946ab-1ae7-469f-926d-94c964302b5d:192.168.69.94:35861, 3320d5df-27d5-46c1-87ca-9b92777b1f08:192.168.69.94:33579, b5bdbdbe-3957-4959-8415-114602cdfdb2:192.168.69.94:41544], old=null
2019-09-10 21:36:17,679 [3320d5df-27d5-46c1-87ca-9b92777b1f08:group-45E74EDCEBD9:LeaderElection70] INFO  impl.LeaderElection (LeaderElection.java:logAndReturn(56)) - 3320d5df-27d5-46c1-87ca-9b92777b1f08:group-45E74EDCEBD9:LeaderElection70: Election REJECTED; received 2 response(s) [3320d5df-27d5-46c1-87ca-9b92777b1f08<-c74946ab-1ae7-469f-926d-94c964302b5d#0:FAIL-t2, 3320d5df-27d5-46c1-87ca-9b92777b1f08<-b5bdbdbe-3957-4959-8415-114602cdfdb2#0:FAIL-t2] and 0 exception(s); 3320d5df-27d5-46c1-87ca-9b92777b1f08:t2, leader=null, voted=3320d5df-27d5-46c1-87ca-9b92777b1f08, raftlog=3320d5df-27d5-46c1-87ca-9b92777b1f08-SegmentedRaftLog:OPENED:c-1,f-1,i0, conf=-1: [c74946ab-1ae7-469f-926d-94c964302b5d:192.168.69.94:35861, 3320d5df-27d5-46c1-87ca-9b92777b1f08:192.168.69.94:33579, b5bdbdbe-3957-4959-8415-114602cdfdb2:192.168.69.94:41544], old=null
2019-09-10 21:36:17,679 [c74946ab-1ae7-469f-926d-94c964302b5d:group-45E74EDCEBD9:LeaderElection69] INFO  impl.RaftServerImpl (RaftServerImpl.java:setRole(171)) - c74946ab-1ae7-469f-926d-94c964302b5d:group-45E74EDCEBD9 changes role from CANDIDATE to FOLLOWER at term 2 for DISCOVERED_A_NEW_TERM
2019-09-10 21:36:17,680 [3320d5df-27d5-46c1-87ca-9b92777b1f08:group-45E74EDCEBD9:LeaderElection70] INFO  impl.RaftServerImpl (RaftServerImpl.java:setRole(171)) - 3320d5df-27d5-46c1-87ca-9b92777b1f08:group-45E74EDCEBD9 changes role from CANDIDATE to FOLLOWER at term 2 for DISCOVERED_A_NEW_TERM
2019-09-10 21:36:17,680 [c74946ab-1ae7-469f-926d-94c964302b5d:group-45E74EDCEBD9:LeaderElection69] INFO  impl.RoleInfo (RoleInfo.java:shutdownLeaderElection(134)) - c74946ab-1ae7-469f-926d-94c964302b5d: shutdown LeaderElection
2019-09-10 21:36:17,680 [3320d5df-27d5-46c1-87ca-9b92777b1f08:group-45E74EDCEBD9:LeaderElection70] INFO  impl.RoleInfo (RoleInfo.java:shutdownLeaderElection(134)) - 3320d5df-27d5-46c1-87ca-9b92777b1f08: shutdown LeaderElection
2019-09-10 21:36:17,680 [c74946ab-1ae7-469f-926d-94c964302b5d:group-45E74EDCEBD9:LeaderElection69] INFO  impl.RoleInfo (RoleInfo.java:updateAndGet(143)) - c74946ab-1ae7-469f-926d-94c964302b5d: start FollowerState
2019-09-10 21:36:17,680 [3320d5df-27d5-46c1-87ca-9b92777b1f08:group-45E74EDCEBD9:LeaderElection70] INFO  impl.RoleInfo (RoleInfo.java:updateAndGet(143)) - 3320d5df-27d5-46c1-87ca-9b92777b1f08: start FollowerState
2019-09-10 21:36:17,829 [03cfe98d-66e9-47f4-af03-9590c4a45681:group-DADAE11C36BE:LeaderElection72] INFO  impl.LeaderElection (LeaderElection.java:askForVotes(181)) - 03cfe98d-66e9-47f4-af03-9590c4a45681:group-DADAE11C36BE:LeaderElection72: begin an election at term 2 for -1: [66bbc06a-8405-41cc-8f06-d094f2a47128:192.168.69.94:44922, e63844c6-a8ea-4ed6-bffd-4bb09eb8cb63:192.168.69.94:36803, 03cfe98d-66e9-47f4-af03-9590c4a45681:192.168.69.94:42973], old=null
2019-09-10 21:36:17,831 [e63844c6-a8ea-4ed6-bffd-4bb09eb8cb63:group-DADAE11C36BE:LeaderElection67] INFO  impl.LeaderElection (LeaderElection.java:logAndReturn(56)) - e63844c6-a8ea-4ed6-bffd-4bb09eb8cb63:group-DADAE11C36BE:LeaderElection67: Election REJECTED; received 2 response(s) [e63844c6-a8ea-4ed6-bffd-4bb09eb8cb63<-66bbc06a-8405-41cc-8f06-d094f2a47128#0:FAIL-t2, e63844c6-a8ea-4ed6-bffd-4bb09eb8cb63<-03cfe98d-66e9-47f4-af03-9590c4a45681#0:FAIL-t2] and 0 exception(s); e63844c6-a8ea-4ed6-bffd-4bb09eb8cb63:t2, leader=null, voted=e63844c6-a8ea-4ed6-bffd-4bb09eb8cb63, raftlog=e63844c6-a8ea-4ed6-bffd-4bb09eb8cb63-SegmentedRaftLog:OPENED:c-1,f-1,i0, conf=-1: [66bbc06a-8405-41cc-8f06-d094f2a47128:192.168.69.94:44922, e63844c6-a8ea-4ed6-bffd-4bb09eb8cb63:192.168.69.94:36803, 03cfe98d-66e9-47f4-af03-9590c4a45681:192.168.69.94:42973], old=null
2019-09-10 21:36:17,831 [66bbc06a-8405-41cc-8f06-d094f2a47128:group-DADAE11C36BE:LeaderElection68] INFO  impl.LeaderElection (LeaderElection.java:logAndReturn(56)) - 66bbc06a-8405-41cc-8f06-d094f2a47128:group-DADAE11C36BE:LeaderElection68: Election REJECTED; received 2 response(s) [66bbc06a-8405-41cc-8f06-d094f2a47128<-e63844c6-a8ea-4ed6-bffd-4bb09eb8cb63#0:FAIL-t2, 66bbc06a-8405-41cc-8f06-d094f2a47128<-03cfe98d-66e9-47f4-af03-9590c4a45681#0:FAIL-t2] and 0 exception(s); 66bbc06a-8405-41cc-8f06-d094f2a47128:t2, leader=null, voted=66bbc06a-8405-41cc-8f06-d094f2a47128, raftlog=66bbc06a-8405-41cc-8f06-d094f2a47128-SegmentedRaftLog:OPENED:c-1,f-1,i0, conf=-1: [66bbc06a-8405-41cc-8f06-d094f2a47128:192.168.69.94:44922, e63844c6-a8ea-4ed6-bffd-4bb09eb8cb63:192.168.69.94:36803, 03cfe98d-66e9-47f4-af03-9590c4a45681:192.168.69.94:42973], old=null
2019-09-10 21:36:17,831 [e63844c6-a8ea-4ed6-bffd-4bb09eb8cb63:group-DADAE11C36BE:LeaderElection67] INFO  impl.RaftServerImpl (RaftServerImpl.java:setRole(171)) - e63844c6-a8ea-4ed6-bffd-4bb09eb8cb63:group-DADAE11C36BE changes role from CANDIDATE to FOLLOWER at term 2 for DISCOVERED_A_NEW_TERM
2019-09-10 21:36:17,831 [66bbc06a-8405-41cc-8f06-d094f2a47128:group-DADAE11C36BE:LeaderElection68] INFO  impl.RaftServerImpl (RaftServerImpl.java:setRole(171)) - 66bbc06a-8405-41cc-8f06-d094f2a47128:group-DADAE11C36BE changes role from CANDIDATE to FOLLOWER at term 2 for DISCOVERED_A_NEW_TERM
2019-09-10 21:36:17,831 [e63844c6-a8ea-4ed6-bffd-4bb09eb8cb63:group-DADAE11C36BE:LeaderElection67] INFO  impl.RoleInfo (RoleInfo.java:shutdownLeaderElection(134)) - e63844c6-a8ea-4ed6-bffd-4bb09eb8cb63: shutdown LeaderElection
2019-09-10 21:36:17,831 [66bbc06a-8405-41cc-8f06-d094f2a47128:group-DADAE11C36BE:LeaderElection68] INFO  impl.RoleInfo (RoleInfo.java:shutdownLeaderElection(134)) - 66bbc06a-8405-41cc-8f06-d094f2a47128: shutdown LeaderElection
2019-09-10 21:36:17,832 [e63844c6-a8ea-4ed6-bffd-4bb09eb8cb63:group-DADAE11C36BE:LeaderElection67] INFO  impl.RoleInfo (RoleInfo.java:updateAndGet(143)) - e63844c6-a8ea-4ed6-bffd-4bb09eb8cb63: start FollowerState
2019-09-10 21:36:17,832 [66bbc06a-8405-41cc-8f06-d094f2a47128:group-DADAE11C36BE:LeaderElection68] INFO  impl.RoleInfo (RoleInfo.java:updateAndGet(143)) - 66bbc06a-8405-41cc-8f06-d094f2a47128: start FollowerState
2019-09-10 21:36:17,833 [03cfe98d-66e9-47f4-af03-9590c4a45681:group-DADAE11C36BE:LeaderElection72] INFO  impl.LeaderElection (LeaderElection.java:logAndReturn(56)) - 03cfe98d-66e9-47f4-af03-9590c4a45681:group-DADAE11C36BE:LeaderElection72: Election REJECTED; received 2 response(s) [03cfe98d-66e9-47f4-af03-9590c4a45681<-66bbc06a-8405-41cc-8f06-d094f2a47128#0:FAIL-t2, 03cfe98d-66e9-47f4-af03-9590c4a45681<-e63844c6-a8ea-4ed6-bffd-4bb09eb8cb63#0:FAIL-t2] and 0 exception(s); 03cfe98d-66e9-47f4-af03-9590c4a45681:t2, leader=null, voted=03cfe98d-66e9-47f4-af03-9590c4a45681, raftlog=03cfe98d-66e9-47f4-af03-9590c4a45681-SegmentedRaftLog:OPENED:c-1,f-1,i0, conf=-1: [66bbc06a-8405-41cc-8f06-d094f2a47128:192.168.69.94:44922, e63844c6-a8ea-4ed6-bffd-4bb09eb8cb63:192.168.69.94:36803, 03cfe98d-66e9-47f4-af03-9590c4a45681:192.168.69.94:42973], old=null
2019-09-10 21:36:17,833 [03cfe98d-66e9-47f4-af03-9590c4a45681:group-DADAE11C36BE:LeaderElection72] INFO  impl.RaftServerImpl (RaftServerImpl.java:setRole(171)) - 03cfe98d-66e9-47f4-af03-9590c4a45681:group-DADAE11C36BE changes role from CANDIDATE to FOLLOWER at term 2 for DISCOVERED_A_NEW_TERM
2019-09-10 21:36:17,834 [03cfe98d-66e9-47f4-af03-9590c4a45681:group-DADAE11C36BE:LeaderElection72] INFO  impl.RoleInfo (RoleInfo.java:shutdownLeaderElection(134)) - 03cfe98d-66e9-47f4-af03-9590c4a45681: shutdown LeaderElection
2019-09-10 21:36:17,834 [03cfe98d-66e9-47f4-af03-9590c4a45681:group-DADAE11C36BE:LeaderElection72] INFO  impl.RoleInfo (RoleInfo.java:updateAndGet(143)) - 03cfe98d-66e9-47f4-af03-9590c4a45681: start FollowerState
2019-09-10 21:36:18,134 [grpc-default-executor-7] INFO  client.GrpcClientProtocolClient (GrpcClientProtocolClient.java:onNext(255)) - client-C142C21B4060->c74946ab-1ae7-469f-926d-94c964302b5d: receive RaftClientReply:client-C142C21B4060->c74946ab-1ae7-469f-926d-94c964302b5d@group-45E74EDCEBD9, cid=50, FAILED org.apache.ratis.protocol.NotLeaderException: Server c74946ab-1ae7-469f-926d-94c964302b5d is not the leader (null). Request must be sent to leader., logIndex=0, commits[c74946ab-1ae7-469f-926d-94c964302b5d:c-1]
2019-09-10 21:36:19,153 [grpc-default-executor-7] INFO  client.GrpcClientProtocolClient (GrpcClientProtocolClient.java:onNext(255)) - client-C142C21B4060->3320d5df-27d5-46c1-87ca-9b92777b1f08: receive RaftClientReply:client-C142C21B4060->3320d5df-27d5-46c1-87ca-9b92777b1f08@group-45E74EDCEBD9, cid=50, FAILED org.apache.ratis.protocol.NotLeaderException: Server 3320d5df-27d5-46c1-87ca-9b92777b1f08 is not the leader (null). Request must be sent to leader., logIndex=0, commits[3320d5df-27d5-46c1-87ca-9b92777b1f08:c-1]
2019-09-10 21:36:20,170 [grpc-default-executor-7] INFO  client.GrpcClientProtocolClient (GrpcClientProtocolClient.java:onNext(255)) - client-C142C21B4060->c74946ab-1ae7-469f-926d-94c964302b5d: receive RaftClientReply:client-C142C21B4060->c74946ab-1ae7-469f-926d-94c964302b5d@group-45E74EDCEBD9, cid=50, FAILED org.apache.ratis.protocol.NotLeaderException: Server c74946ab-1ae7-469f-926d-94c964302b5d is not the leader (null). Request must be sent to leader., logIndex=0, commits[c74946ab-1ae7-469f-926d-94c964302b5d:c-1]
2019-09-10 21:36:21,189 [grpc-default-executor-7] INFO  client.GrpcClientProtocolClient (GrpcClientProtocolClient.java:onNext(255)) - client-C142C21B4060->3320d5df-27d5-46c1-87ca-9b92777b1f08: receive RaftClientReply:client-C142C21B4060->3320d5df-27d5-46c1-87ca-9b92777b1f08@group-45E74EDCEBD9, cid=50, FAILED org.apache.ratis.protocol.NotLeaderException: Server 3320d5df-27d5-46c1-87ca-9b92777b1f08 is not the leader (null). Request must be sent to leader., logIndex=0, commits[3320d5df-27d5-46c1-87ca-9b92777b1f08:c-1]
2019-09-10 21:36:22,207 [grpc-default-executor-7] INFO  client.GrpcClientProtocolClient (GrpcClientProtocolClient.java:onNext(255)) - client-C142C21B4060->b5bdbdbe-3957-4959-8415-114602cdfdb2: receive RaftClientReply:client-C142C21B4060->b5bdbdbe-3957-4959-8415-114602cdfdb2@group-45E74EDCEBD9, cid=50, FAILED org.apache.ratis.protocol.NotLeaderException: Server b5bdbdbe-3957-4959-8415-114602cdfdb2 is not the leader (null). Request must be sent to leader., logIndex=0, commits[b5bdbdbe-3957-4959-8415-114602cdfdb2:c-1]
2019-09-10 21:36:22,740 [Thread-1189] INFO  impl.FollowerState (FollowerState.java:run(106)) - c74946ab-1ae7-469f-926d-94c964302b5d:group-45E74EDCEBD9 changes to CANDIDATE, lastRpcTime:5059, electionTimeout:5059ms
2019-09-10 21:36:22,740 [Thread-1189] INFO  impl.RoleInfo (RoleInfo.java:shutdownFollowerState(121)) - c74946ab-1ae7-469f-926d-94c964302b5d: shutdown FollowerState
2019-09-10 21:36:22,740 [Thread-1189] INFO  impl.RaftServerImpl (RaftServerImpl.java:setRole(171)) - c74946ab-1ae7-469f-926d-94c964302b5d:group-45E74EDCEBD9 changes role from FOLLOWER to CANDIDATE at term 2 for changeToCandidate
2019-09-10 21:36:22,740 [Thread-1189] INFO  impl.RoleInfo (RoleInfo.java:updateAndGet(143)) - c74946ab-1ae7-469f-926d-94c964302b5d: start LeaderElection
2019-09-10 21:36:22,759 [Thread-1188] INFO  impl.FollowerState (FollowerState.java:run(106)) - b5bdbdbe-3957-4959-8415-114602cdfdb2:group-45E74EDCEBD9 changes to CANDIDATE, lastRpcTime:5080, electionTimeout:5080ms
2019-09-10 21:36:22,759 [Thread-1188] INFO  impl.RoleInfo (RoleInfo.java:shutdownFollowerState(121)) - b5bdbdbe-3957-4959-8415-114602cdfdb2: shutdown FollowerState
2019-09-10 21:36:22,759 [Thread-1188] INFO  impl.RaftServerImpl (RaftServerImpl.java:setRole(171)) - b5bdbdbe-3957-4959-8415-114602cdfdb2:group-45E74EDCEBD9 changes role from FOLLOWER to CANDIDATE at term 2 for changeToCandidate
2019-09-10 21:36:22,759 [Thread-1188] INFO  impl.RoleInfo (RoleInfo.java:updateAndGet(143)) - b5bdbdbe-3957-4959-8415-114602cdfdb2: start LeaderElection
2019-09-10 21:36:22,826 [Thread-1190] INFO  impl.FollowerState (FollowerState.java:run(106)) - 3320d5df-27d5-46c1-87ca-9b92777b1f08:group-45E74EDCEBD9 changes to CANDIDATE, lastRpcTime:5145, electionTimeout:5145ms
2019-09-10 21:36:22,826 [Thread-1190] INFO  impl.RoleInfo (RoleInfo.java:shutdownFollowerState(121)) - 3320d5df-27d5-46c1-87ca-9b92777b1f08: shutdown FollowerState
2019-09-10 21:36:22,826 [Thread-1190] INFO  impl.RaftServerImpl (RaftServerImpl.java:setRole(171)) - 3320d5df-27d5-46c1-87ca-9b92777b1f08:group-45E74EDCEBD9 changes role from FOLLOWER to CANDIDATE at term 2 for changeToCandidate
2019-09-10 21:36:22,826 [Thread-1190] INFO  impl.RoleInfo (RoleInfo.java:updateAndGet(143)) - 3320d5df-27d5-46c1-87ca-9b92777b1f08: start LeaderElection
2019-09-10 21:36:22,837 [Thread-1195] INFO  impl.FollowerState (FollowerState.java:run(106)) - 03cfe98d-66e9-47f4-af03-9590c4a45681:group-DADAE11C36BE changes to CANDIDATE, lastRpcTime:5003, electionTimeout:5003ms
2019-09-10 21:36:22,837 [Thread-1195] INFO  impl.RoleInfo (RoleInfo.java:shutdownFollowerState(121)) - 03cfe98d-66e9-47f4-af03-9590c4a45681: shutdown FollowerState
2019-09-10 21:36:22,838 [Thread-1195] INFO  impl.RaftServerImpl (RaftServerImpl.java:setRole(171)) - 03cfe98d-66e9-47f4-af03-9590c4a45681:group-DADAE11C36BE changes role from FOLLOWER to CANDIDATE at term 2 for changeToCandidate
2019-09-10 21:36:22,838 [Thread-1195] INFO  impl.RoleInfo (RoleInfo.java:updateAndGet(143)) - 03cfe98d-66e9-47f4-af03-9590c4a45681: start LeaderElection
2019-09-10 21:36:23,008 [Thread-1194] INFO  impl.FollowerState (FollowerState.java:run(106)) - 66bbc06a-8405-41cc-8f06-d094f2a47128:group-DADAE11C36BE changes to CANDIDATE, lastRpcTime:5176, electionTimeout:5176ms
2019-09-10 21:36:23,009 [Thread-1194] INFO  impl.RoleInfo (RoleInfo.java:shutdownFollowerState(121)) - 66bbc06a-8405-41cc-8f06-d094f2a47128: shutdown FollowerState
2019-09-10 21:36:23,009 [Thread-1194] INFO  impl.RaftServerImpl (RaftServerImpl.java:setRole(171)) - 66bbc06a-8405-41cc-8f06-d094f2a47128:group-DADAE11C36BE changes role from FOLLOWER to CANDIDATE at term 2 for changeToCandidate
2019-09-10 21:36:23,009 [Thread-1194] INFO  impl.RoleInfo (RoleInfo.java:updateAndGet(143)) - 66bbc06a-8405-41cc-8f06-d094f2a47128: start LeaderElection
2019-09-10 21:36:23,023 [Thread-1193] INFO  impl.FollowerState (FollowerState.java:run(106)) - e63844c6-a8ea-4ed6-bffd-4bb09eb8cb63:group-DADAE11C36BE changes to CANDIDATE, lastRpcTime:5191, electionTimeout:5191ms
2019-09-10 21:36:23,023 [Thread-1193] INFO  impl.RoleInfo (RoleInfo.java:shutdownFollowerState(121)) - e63844c6-a8ea-4ed6-bffd-4bb09eb8cb63: shutdown FollowerState
2019-09-10 21:36:23,024 [Thread-1193] INFO  impl.RaftServerImpl (RaftServerImpl.java:setRole(171)) - e63844c6-a8ea-4ed6-bffd-4bb09eb8cb63:group-DADAE11C36BE changes role from FOLLOWER to CANDIDATE at term 2 for changeToCandidate
2019-09-10 21:36:23,024 [Thread-1193] INFO  impl.RoleInfo (RoleInfo.java:updateAndGet(143)) - e63844c6-a8ea-4ed6-bffd-4bb09eb8cb63: start LeaderElection
2019-09-10 21:36:23,223 [grpc-default-executor-1] INFO  client.GrpcClientProtocolClient (GrpcClientProtocolClient.java:onNext(255)) - client-C142C21B4060->c74946ab-1ae7-469f-926d-94c964302b5d: receive RaftClientReply:client-C142C21B4060->c74946ab-1ae7-469f-926d-94c964302b5d@group-45E74EDCEBD9, cid=50, FAILED org.apache.ratis.protocol.NotLeaderException: Server c74946ab-1ae7-469f-926d-94c964302b5d is not the leader (null). Request must be sent to leader., logIndex=0, commits[c74946ab-1ae7-469f-926d-94c964302b5d:c-1]
2019-09-10 21:36:23,414 [b5bdbdbe-3957-4959-8415-114602cdfdb2:group-45E74EDCEBD9:LeaderElection74] INFO  impl.LeaderElection (LeaderElection.java:askForVotes(181)) - b5bdbdbe-3957-4959-8415-114602cdfdb2:group-45E74EDCEBD9:LeaderElection74: begin an election at term 3 for -1: [c74946ab-1ae7-469f-926d-94c964302b5d:192.168.69.94:35861, 3320d5df-27d5-46c1-87ca-9b92777b1f08:192.168.69.94:33579, b5bdbdbe-3957-4959-8415-114602cdfdb2:192.168.69.94:41544], old=null
2019-09-10 21:36:23,414 [c74946ab-1ae7-469f-926d-94c964302b5d:group-45E74EDCEBD9:LeaderElection73] INFO  impl.LeaderElection (LeaderElection.java:askForVotes(181)) - c74946ab-1ae7-469f-926d-94c964302b5d:group-45E74EDCEBD9:LeaderElection73: begin an election at term 3 for -1: [c74946ab-1ae7-469f-926d-94c964302b5d:192.168.69.94:35861, 3320d5df-27d5-46c1-87ca-9b92777b1f08:192.168.69.94:33579, b5bdbdbe-3957-4959-8415-114602cdfdb2:192.168.69.94:41544], old=null
2019-09-10 21:36:23,447 [03cfe98d-66e9-47f4-af03-9590c4a45681:group-DADAE11C36BE:LeaderElection76] INFO  impl.LeaderElection (LeaderElection.java:askForVotes(181)) - 03cfe98d-66e9-47f4-af03-9590c4a45681:group-DADAE11C36BE:LeaderElection76: begin an election at term 3 for -1: [66bbc06a-8405-41cc-8f06-d094f2a47128:192.168.69.94:44922, e63844c6-a8ea-4ed6-bffd-4bb09eb8cb63:192.168.69.94:36803, 03cfe98d-66e9-47f4-af03-9590c4a45681:192.168.69.94:42973], old=null
2019-09-10 21:36:23,447 [e63844c6-a8ea-4ed6-bffd-4bb09eb8cb63:group-DADAE11C36BE:LeaderElection78] INFO  impl.LeaderElection (LeaderElection.java:askForVotes(181)) - e63844c6-a8ea-4ed6-bffd-4bb09eb8cb63:group-DADAE11C36BE:LeaderElection78: begin an election at term 3 for -1: [66bbc06a-8405-41cc-8f06-d094f2a47128:192.168.69.94:44922, e63844c6-a8ea-4ed6-bffd-4bb09eb8cb63:192.168.69.94:36803, 03cfe98d-66e9-47f4-af03-9590c4a45681:192.168.69.94:42973], old=null
2019-09-10 21:36:23,447 [66bbc06a-8405-41cc-8f06-d094f2a47128:group-DADAE11C36BE:LeaderElection77] INFO  impl.LeaderElection (LeaderElection.java:askForVotes(181)) - 66bbc06a-8405-41cc-8f06-d094f2a47128:group-DADAE11C36BE:LeaderElection77: begin an election at term 3 for -1: [66bbc06a-8405-41cc-8f06-d094f2a47128:192.168.69.94:44922, e63844c6-a8ea-4ed6-bffd-4bb09eb8cb63:192.168.69.94:36803, 03cfe98d-66e9-47f4-af03-9590c4a45681:192.168.69.94:42973], old=null
2019-09-10 21:36:23,447 [3320d5df-27d5-46c1-87ca-9b92777b1f08:group-45E74EDCEBD9:LeaderElection75] INFO  impl.LeaderElection (LeaderElection.java:askForVotes(181)) - 3320d5df-27d5-46c1-87ca-9b92777b1f08:group-45E74EDCEBD9:LeaderElection75: begin an election at term 3 for -1: [c74946ab-1ae7-469f-926d-94c964302b5d:192.168.69.94:35861, 3320d5df-27d5-46c1-87ca-9b92777b1f08:192.168.69.94:33579, b5bdbdbe-3957-4959-8415-114602cdfdb2:192.168.69.94:41544], old=null
2019-09-10 21:36:23,449 [b5bdbdbe-3957-4959-8415-114602cdfdb2:group-45E74EDCEBD9:LeaderElection74] INFO  impl.LeaderElection (LeaderElection.java:logAndReturn(56)) - b5bdbdbe-3957-4959-8415-114602cdfdb2:group-45E74EDCEBD9:LeaderElection74: Election REJECTED; received 2 response(s) [b5bdbdbe-3957-4959-8415-114602cdfdb2<-c74946ab-1ae7-469f-926d-94c964302b5d#0:FAIL-t3, b5bdbdbe-3957-4959-8415-114602cdfdb2<-3320d5df-27d5-46c1-87ca-9b92777b1f08#0:FAIL-t3] and 0 exception(s); b5bdbdbe-3957-4959-8415-114602cdfdb2:t3, leader=null, voted=b5bdbdbe-3957-4959-8415-114602cdfdb2, raftlog=b5bdbdbe-3957-4959-8415-114602cdfdb2-SegmentedRaftLog:OPENED:c-1,f-1,i0, conf=-1: [c74946ab-1ae7-469f-926d-94c964302b5d:192.168.69.94:35861, 3320d5df-27d5-46c1-87ca-9b92777b1f08:192.168.69.94:33579, b5bdbdbe-3957-4959-8415-114602cdfdb2:192.168.69.94:41544], old=null
2019-09-10 21:36:23,449 [c74946ab-1ae7-469f-926d-94c964302b5d:group-45E74EDCEBD9:LeaderElection73] INFO  impl.LeaderElection (LeaderElection.java:logAndReturn(56)) - c74946ab-1ae7-469f-926d-94c964302b5d:group-45E74EDCEBD9:LeaderElection73: Election REJECTED; received 2 response(s) [c74946ab-1ae7-469f-926d-94c964302b5d<-3320d5df-27d5-46c1-87ca-9b92777b1f08#0:FAIL-t3, c74946ab-1ae7-469f-926d-94c964302b5d<-b5bdbdbe-3957-4959-8415-114602cdfdb2#0:FAIL-t3] and 0 exception(s); c74946ab-1ae7-469f-926d-94c964302b5d:t3, leader=null, voted=c74946ab-1ae7-469f-926d-94c964302b5d, raftlog=c74946ab-1ae7-469f-926d-94c964302b5d-SegmentedRaftLog:OPENED:c-1,f-1,i0, conf=-1: [c74946ab-1ae7-469f-926d-94c964302b5d:192.168.69.94:35861, 3320d5df-27d5-46c1-87ca-9b92777b1f08:192.168.69.94:33579, b5bdbdbe-3957-4959-8415-114602cdfdb2:192.168.69.94:41544], old=null
2019-09-10 21:36:23,449 [b5bdbdbe-3957-4959-8415-114602cdfdb2:group-45E74EDCEBD9:LeaderElection74] INFO  impl.RaftServerImpl (RaftServerImpl.java:setRole(171)) - b5bdbdbe-3957-4959-8415-114602cdfdb2:group-45E74EDCEBD9 changes role from CANDIDATE to FOLLOWER at term 3 for DISCOVERED_A_NEW_TERM
2019-09-10 21:36:23,449 [c74946ab-1ae7-469f-926d-94c964302b5d:group-45E74EDCEBD9:LeaderElection73] INFO  impl.RaftServerImpl (RaftServerImpl.java:setRole(171)) - c74946ab-1ae7-469f-926d-94c964302b5d:group-45E74EDCEBD9 changes role from CANDIDATE to FOLLOWER at term 3 for DISCOVERED_A_NEW_TERM
2019-09-10 21:36:23,450 [b5bdbdbe-3957-4959-8415-114602cdfdb2:group-45E74EDCEBD9:LeaderElection74] INFO  impl.RoleInfo (RoleInfo.java:shutdownLeaderElection(134)) - b5bdbdbe-3957-4959-8415-114602cdfdb2: shutdown LeaderElection
2019-09-10 21:36:23,450 [c74946ab-1ae7-469f-926d-94c964302b5d:group-45E74EDCEBD9:LeaderElection73] INFO  impl.RoleInfo (RoleInfo.java:shutdownLeaderElection(134)) - c74946ab-1ae7-469f-926d-94c964302b5d: shutdown LeaderElection
2019-09-10 21:36:23,450 [b5bdbdbe-3957-4959-8415-114602cdfdb2:group-45E74EDCEBD9:LeaderElection74] INFO  impl.RoleInfo (RoleInfo.java:updateAndGet(143)) - b5bdbdbe-3957-4959-8415-114602cdfdb2: start FollowerState
2019-09-10 21:36:23,450 [c74946ab-1ae7-469f-926d-94c964302b5d:group-45E74EDCEBD9:LeaderElection73] INFO  impl.RoleInfo (RoleInfo.java:updateAndGet(143)) - c74946ab-1ae7-469f-926d-94c964302b5d: start FollowerState
2019-09-10 21:36:23,451 [03cfe98d-66e9-47f4-af03-9590c4a45681:group-DADAE11C36BE:LeaderElection76] INFO  impl.LeaderElection (LeaderElection.java:logAndReturn(56)) - 03cfe98d-66e9-47f4-af03-9590c4a45681:group-DADAE11C36BE:LeaderElection76: Election REJECTED; received 2 response(s) [03cfe98d-66e9-47f4-af03-9590c4a45681<-66bbc06a-8405-41cc-8f06-d094f2a47128#0:FAIL-t3, 03cfe98d-66e9-47f4-af03-9590c4a45681<-e63844c6-a8ea-4ed6-bffd-4bb09eb8cb63#0:FAIL-t3] and 0 exception(s); 03cfe98d-66e9-47f4-af03-9590c4a45681:t3, leader=null, voted=03cfe98d-66e9-47f4-af03-9590c4a45681, raftlog=03cfe98d-66e9-47f4-af03-9590c4a45681-SegmentedRaftLog:OPENED:c-1,f-1,i0, conf=-1: [66bbc06a-8405-41cc-8f06-d094f2a47128:192.168.69.94:44922, e63844c6-a8ea-4ed6-bffd-4bb09eb8cb63:192.168.69.94:36803, 03cfe98d-66e9-47f4-af03-9590c4a45681:192.168.69.94:42973], old=null
2019-09-10 21:36:23,452 [03cfe98d-66e9-47f4-af03-9590c4a45681:group-DADAE11C36BE:LeaderElection76] INFO  impl.RaftServerImpl (RaftServerImpl.java:setRole(171)) - 03cfe98d-66e9-47f4-af03-9590c4a45681:group-DADAE11C36BE changes role from CANDIDATE to FOLLOWER at term 3 for DISCOVERED_A_NEW_TERM
2019-09-10 21:36:23,452 [03cfe98d-66e9-47f4-af03-9590c4a45681:group-DADAE11C36BE:LeaderElection76] INFO  impl.RoleInfo (RoleInfo.java:shutdownLeaderElection(134)) - 03cfe98d-66e9-47f4-af03-9590c4a45681: shutdown LeaderElection
2019-09-10 21:36:23,452 [03cfe98d-66e9-47f4-af03-9590c4a45681:group-DADAE11C36BE:LeaderElection76] INFO  impl.RoleInfo (RoleInfo.java:updateAndGet(143)) - 03cfe98d-66e9-47f4-af03-9590c4a45681: start FollowerState
2019-09-10 21:36:23,453 [66bbc06a-8405-41cc-8f06-d094f2a47128:group-DADAE11C36BE:LeaderElection77] INFO  impl.LeaderElection (LeaderElection.java:logAndReturn(56)) - 66bbc06a-8405-41cc-8f06-d094f2a47128:group-DADAE11C36BE:LeaderElection77: Election REJECTED; received 2 response(s) [66bbc06a-8405-41cc-8f06-d094f2a47128<-e63844c6-a8ea-4ed6-bffd-4bb09eb8cb63#0:FAIL-t3, 66bbc06a-8405-41cc-8f06-d094f2a47128<-03cfe98d-66e9-47f4-af03-9590c4a45681#0:FAIL-t3] and 0 exception(s); 66bbc06a-8405-41cc-8f06-d094f2a47128:t3, leader=null, voted=66bbc06a-8405-41cc-8f06-d094f2a47128, raftlog=66bbc06a-8405-41cc-8f06-d094f2a47128-SegmentedRaftLog:OPENED:c-1,f-1,i0, conf=-1: [66bbc06a-8405-41cc-8f06-d094f2a47128:192.168.69.94:44922, e63844c6-a8ea-4ed6-bffd-4bb09eb8cb63:192.168.69.94:36803, 03cfe98d-66e9-47f4-af03-9590c4a45681:192.168.69.94:42973], old=null
2019-09-10 21:36:23,453 [e63844c6-a8ea-4ed6-bffd-4bb09eb8cb63:group-DADAE11C36BE:LeaderElection78] INFO  impl.LeaderElection (LeaderElection.java:logAndReturn(56)) - e63844c6-a8ea-4ed6-bffd-4bb09eb8cb63:group-DADAE11C36BE:LeaderElection78: Election REJECTED; received 2 response(s) [e63844c6-a8ea-4ed6-bffd-4bb09eb8cb63<-66bbc06a-8405-41cc-8f06-d094f2a47128#0:FAIL-t3, e63844c6-a8ea-4ed6-bffd-4bb09eb8cb63<-03cfe98d-66e9-47f4-af03-9590c4a45681#0:FAIL-t3] and 0 exception(s); e63844c6-a8ea-4ed6-bffd-4bb09eb8cb63:t3, leader=null, voted=e63844c6-a8ea-4ed6-bffd-4bb09eb8cb63, raftlog=e63844c6-a8ea-4ed6-bffd-4bb09eb8cb63-SegmentedRaftLog:OPENED:c-1,f-1,i0, conf=-1: [66bbc06a-8405-41cc-8f06-d094f2a47128:192.168.69.94:44922, e63844c6-a8ea-4ed6-bffd-4bb09eb8cb63:192.168.69.94:36803, 03cfe98d-66e9-47f4-af03-9590c4a45681:192.168.69.94:42973], old=null
2019-09-10 21:36:23,454 [3320d5df-27d5-46c1-87ca-9b92777b1f08:group-45E74EDCEBD9:LeaderElection75] INFO  impl.LeaderElection (LeaderElection.java:logAndReturn(56)) - 3320d5df-27d5-46c1-87ca-9b92777b1f08:group-45E74EDCEBD9:LeaderElection75: Election REJECTED; received 2 response(s) [3320d5df-27d5-46c1-87ca-9b92777b1f08<-c74946ab-1ae7-469f-926d-94c964302b5d#0:FAIL-t3, 3320d5df-27d5-46c1-87ca-9b92777b1f08<-b5bdbdbe-3957-4959-8415-114602cdfdb2#0:FAIL-t3] and 0 exception(s); 3320d5df-27d5-46c1-87ca-9b92777b1f08:t3, leader=null, voted=3320d5df-27d5-46c1-87ca-9b92777b1f08, raftlog=3320d5df-27d5-46c1-87ca-9b92777b1f08-SegmentedRaftLog:OPENED:c-1,f-1,i0, conf=-1: [c74946ab-1ae7-469f-926d-94c964302b5d:192.168.69.94:35861, 3320d5df-27d5-46c1-87ca-9b92777b1f08:192.168.69.94:33579, b5bdbdbe-3957-4959-8415-114602cdfdb2:192.168.69.94:41544], old=null
2019-09-10 21:36:23,454 [66bbc06a-8405-41cc-8f06-d094f2a47128:group-DADAE11C36BE:LeaderElection77] INFO  impl.RaftServerImpl (RaftServerImpl.java:setRole(171)) - 66bbc06a-8405-41cc-8f06-d094f2a47128:group-DADAE11C36BE changes role from CANDIDATE to FOLLOWER at term 3 for DISCOVERED_A_NEW_TERM
2019-09-10 21:36:23,454 [3320d5df-27d5-46c1-87ca-9b92777b1f08:group-45E74EDCEBD9:LeaderElection75] INFO  impl.RaftServerImpl (RaftServerImpl.java:setRole(171)) - 3320d5df-27d5-46c1-87ca-9b92777b1f08:group-45E74EDCEBD9 changes role from CANDIDATE to FOLLOWER at term 3 for DISCOVERED_A_NEW_TERM
2019-09-10 21:36:23,454 [3320d5df-27d5-46c1-87ca-9b92777b1f08:group-45E74EDCEBD9:LeaderElection75] INFO  impl.RoleInfo (RoleInfo.java:shutdownLeaderElection(134)) - 3320d5df-27d5-46c1-87ca-9b92777b1f08: shutdown LeaderElection
2019-09-10 21:36:23,454 [e63844c6-a8ea-4ed6-bffd-4bb09eb8cb63:group-DADAE11C36BE:LeaderElection78] INFO  impl.RaftServerImpl (RaftServerImpl.java:setRole(171)) - e63844c6-a8ea-4ed6-bffd-4bb09eb8cb63:group-DADAE11C36BE changes role from CANDIDATE to FOLLOWER at term 3 for DISCOVERED_A_NEW_TERM
2019-09-10 21:36:23,455 [3320d5df-27d5-46c1-87ca-9b92777b1f08:group-45E74EDCEBD9:LeaderElection75] INFO  impl.RoleInfo (RoleInfo.java:updateAndGet(143)) - 3320d5df-27d5-46c1-87ca-9b92777b1f08: start FollowerState
2019-09-10 21:36:23,454 [66bbc06a-8405-41cc-8f06-d094f2a47128:group-DADAE11C36BE:LeaderElection77] INFO  impl.RoleInfo (RoleInfo.java:shutdownLeaderElection(134)) - 66bbc06a-8405-41cc-8f06-d094f2a47128: shutdown LeaderElection
2019-09-10 21:36:23,455 [e63844c6-a8ea-4ed6-bffd-4bb09eb8cb63:group-DADAE11C36BE:LeaderElection78] INFO  impl.RoleInfo (RoleInfo.java:shutdownLeaderElection(134)) - e63844c6-a8ea-4ed6-bffd-4bb09eb8cb63: shutdown LeaderElection
2019-09-10 21:36:23,455 [66bbc06a-8405-41cc-8f06-d094f2a47128:group-DADAE11C36BE:LeaderElection77] INFO  impl.RoleInfo (RoleInfo.java:updateAndGet(143)) - 66bbc06a-8405-41cc-8f06-d094f2a47128: start FollowerState
2019-09-10 21:36:23,455 [e63844c6-a8ea-4ed6-bffd-4bb09eb8cb63:group-DADAE11C36BE:LeaderElection78] INFO  impl.RoleInfo (RoleInfo.java:updateAndGet(143)) - e63844c6-a8ea-4ed6-bffd-4bb09eb8cb63: start FollowerState
2019-09-10 21:36:24,237 [grpc-default-executor-9] INFO  client.GrpcClientProtocolClient (GrpcClientProtocolClient.java:onNext(255)) - client-C142C21B4060->3320d5df-27d5-46c1-87ca-9b92777b1f08: receive RaftClientReply:client-C142C21B4060->3320d5df-27d5-46c1-87ca-9b92777b1f08@group-45E74EDCEBD9, cid=50, FAILED org.apache.ratis.protocol.NotLeaderException: Server 3320d5df-27d5-46c1-87ca-9b92777b1f08 is not the leader (null). Request must be sent to leader., logIndex=0, commits[3320d5df-27d5-46c1-87ca-9b92777b1f08:c-1]
2019-09-10 21:36:25,257 [grpc-default-executor-9] INFO  client.GrpcClientProtocolClient (GrpcClientProtocolClient.java:onNext(255)) - client-C142C21B4060->b5bdbdbe-3957-4959-8415-114602cdfdb2: receive RaftClientReply:client-C142C21B4060->b5bdbdbe-3957-4959-8415-114602cdfdb2@group-45E74EDCEBD9, cid=50, FAILED org.apache.ratis.protocol.NotLeaderException: Server b5bdbdbe-3957-4959-8415-114602cdfdb2 is not the leader (null). Request must be sent to leader., logIndex=0, commits[b5bdbdbe-3957-4959-8415-114602cdfdb2:c-1]
2019-09-10 21:36:26,275 [grpc-default-executor-9] INFO  client.GrpcClientProtocolClient (GrpcClientProtocolClient.java:onNext(255)) - client-C142C21B4060->3320d5df-27d5-46c1-87ca-9b92777b1f08: receive RaftClientReply:client-C142C21B4060->3320d5df-27d5-46c1-87ca-9b92777b1f08@group-45E74EDCEBD9, cid=50, FAILED org.apache.ratis.protocol.NotLeaderException: Server 3320d5df-27d5-46c1-87ca-9b92777b1f08 is not the leader (null). Request must be sent to leader., logIndex=0, commits[3320d5df-27d5-46c1-87ca-9b92777b1f08:c-1]
2019-09-10 21:36:27,294 [grpc-default-executor-7] INFO  client.GrpcClientProtocolClient (GrpcClientProtocolClient.java:onNext(255)) - client-C142C21B4060->b5bdbdbe-3957-4959-8415-114602cdfdb2: receive RaftClientReply:client-C142C21B4060->b5bdbdbe-3957-4959-8415-114602cdfdb2@group-45E74EDCEBD9, cid=50, FAILED org.apache.ratis.protocol.NotLeaderException: Server b5bdbdbe-3957-4959-8415-114602cdfdb2 is not the leader (null). Request must be sent to leader., logIndex=0, commits[b5bdbdbe-3957-4959-8415-114602cdfdb2:c-1]
]]></system-out>
  </testcase>
  <testcase name="testWatchForCommitForRetryfailure" classname="org.apache.hadoop.ozone.client.rpc.TestWatchForCommit" time="75.506"/>
  <testcase name="testWatchForCommitForGroupMismatchException" classname="org.apache.hadoop.ozone.client.rpc.TestWatchForCommit" time="33.757"/>
  <testcase name="test2WayCommitForTimeoutException" classname="org.apache.hadoop.ozone.client.rpc.TestWatchForCommit" time="47.088"/>
</testsuite>