<?xml version="1.0" encoding="UTF-8"?>
<testsuite xmlns:xsi="http://www.w3.org/2001/XMLSchema-instance" xsi:noNamespaceSchemaLocation="https://maven.apache.org/surefire/maven-surefire-plugin/xsd/surefire-test-report.xsd" name="org.apache.hadoop.ozone.client.rpc.TestOzoneClientRetriesOnException" time="84.13" tests="2" errors="1" skipped="0" failures="0">
  <properties>
    <property name="awt.toolkit" value="sun.awt.X11.XToolkit"/>
    <property name="file.encoding.pkg" value="sun.io"/>
    <property name="java.specification.version" value="1.8"/>
    <property name="sun.cpu.isalist" value=""/>
    <property name="sun.jnu.encoding" value="UTF-8"/>
    <property name="java.class.path" value="/workdir/hadoop-ozone/integration-test/target/test-classes:/workdir/hadoop-ozone/integration-test/target/classes:/home/user/.m2/repository/org/apache/hadoop/hadoop-ozone-common/0.4.1-SNAPSHOT/hadoop-ozone-common-0.4.1-SNAPSHOT.jar:/home/user/.m2/repository/org/apache/commons/commons-compress/1.4.1/commons-compress-1.4.1.jar:/home/user/.m2/repository/org/tukaani/xz/1.0/xz-1.0.jar:/home/user/.m2/repository/org/apache/hadoop/hadoop-common/3.2.0/hadoop-common-3.2.0.jar:/home/user/.m2/repository/org/apache/hadoop/hadoop-hdfs/3.2.0/hadoop-hdfs-3.2.0.jar:/home/user/.m2/repository/org/apache/hadoop/hadoop-hdfs-client/3.2.0/hadoop-hdfs-client-3.2.0.jar:/home/user/.m2/repository/com/fasterxml/jackson/core/jackson-annotations/2.9.5/jackson-annotations-2.9.5.jar:/home/user/.m2/repository/org/apache/hadoop/hadoop-hdds-common/0.4.1-SNAPSHOT/hadoop-hdds-common-0.4.1-SNAPSHOT.jar:/home/user/.m2/repository/javax/annotation/javax.annotation-api/1.2/javax.annotation-api-1.2.jar:/home/user/.m2/repository/org/apache/ratis/ratis-server/0.4.0-2337318-SNAPSHOT/ratis-server-0.4.0-2337318-SNAPSHOT.jar:/home/user/.m2/repository/org/apache/ratis/ratis-thirdparty-misc/0.2.0/ratis-thirdparty-misc-0.2.0.jar:/home/user/.m2/repository/org/apache/ratis/ratis-proto/0.4.0-2337318-SNAPSHOT/ratis-proto-0.4.0-2337318-SNAPSHOT.jar:/home/user/.m2/repository/org/apache/ratis/ratis-common/0.4.0-2337318-SNAPSHOT/ratis-common-0.4.0-2337318-SNAPSHOT.jar:/home/user/.m2/repository/org/apache/ratis/ratis-client/0.4.0-2337318-SNAPSHOT/ratis-client-0.4.0-2337318-SNAPSHOT.jar:/home/user/.m2/repository/org/apache/ratis/ratis-metrics/0.4.0-2337318-SNAPSHOT/ratis-metrics-0.4.0-2337318-SNAPSHOT.jar:/home/user/.m2/repository/org/apache/ratis/ratis-netty/0.4.0-2337318-SNAPSHOT/ratis-netty-0.4.0-2337318-SNAPSHOT.jar:/home/user/.m2/repository/org/apache/ratis/ratis-grpc/0.4.0-2337318-SNAPSHOT/ratis-grpc-0.4.0-2337318-SNAPSHOT.jar:/home/user/.m2/repository/org/rocksdb/rocksdbjni/6.0.1/rocksdbjni-6.0.1.jar:/home/user/.m2/repository/org/apache/logging/log4j/log4j-api/2.11.0/log4j-api-2.11.0.jar:/home/user/.m2/repository/org/apache/logging/log4j/log4j-core/2.11.0/log4j-core-2.11.0.jar:/home/user/.m2/repository/com/lmax/disruptor/3.4.2/disruptor-3.4.2.jar:/home/user/.m2/repository/org/apache/commons/commons-pool2/2.6.0/commons-pool2-2.6.0.jar:/home/user/.m2/repository/org/bouncycastle/bcpkix-jdk15on/1.60/bcpkix-jdk15on-1.60.jar:/home/user/.m2/repository/commons-validator/commons-validator/1.6/commons-validator-1.6.jar:/home/user/.m2/repository/commons-digester/commons-digester/1.8.1/commons-digester-1.8.1.jar:/home/user/.m2/repository/io/jaegertracing/jaeger-client/0.33.1/jaeger-client-0.33.1.jar:/home/user/.m2/repository/io/jaegertracing/jaeger-thrift/0.33.1/jaeger-thrift-0.33.1.jar:/home/user/.m2/repository/org/apache/thrift/libthrift/0.11.0/libthrift-0.11.0.jar:/home/user/.m2/repository/com/squareup/okhttp3/okhttp/3.9.0/okhttp-3.9.0.jar:/home/user/.m2/repository/com/squareup/okio/okio/1.13.0/okio-1.13.0.jar:/home/user/.m2/repository/io/jaegertracing/jaeger-core/0.33.1/jaeger-core-0.33.1.jar:/home/user/.m2/repository/io/jaegertracing/jaeger-tracerresolver/0.33.1/jaeger-tracerresolver-0.33.1.jar:/home/user/.m2/repository/io/opentracing/contrib/opentracing-tracerresolver/0.1.5/opentracing-tracerresolver-0.1.5.jar:/home/user/.m2/repository/io/opentracing/opentracing-util/0.31.0/opentracing-util-0.31.0.jar:/home/user/.m2/repository/io/opentracing/opentracing-api/0.31.0/opentracing-api-0.31.0.jar:/home/user/.m2/repository/io/opentracing/opentracing-noop/0.31.0/opentracing-noop-0.31.0.jar:/home/user/.m2/repository/org/apache/hadoop/hadoop-hdds-server-framework/0.4.1-SNAPSHOT/hadoop-hdds-server-framework-0.4.1-SNAPSHOT.jar:/home/user/.m2/repository/org/apache/hadoop/hadoop-hdds-container-service/0.4.1-SNAPSHOT/hadoop-hdds-container-service-0.4.1-SNAPSHOT.jar:/home/user/.m2/repository/org/apache/hadoop/hadoop-hdds-client/0.4.1-SNAPSHOT/hadoop-hdds-client-0.4.1-SNAPSHOT.jar:/home/user/.m2/repository/org/apache/hadoop/hadoop-hdds-tools/0.4.1-SNAPSHOT/hadoop-hdds-tools-0.4.1-SNAPSHOT.jar:/home/user/.m2/repository/org/apache/hadoop/hadoop-hdds-server-scm/0.4.1-SNAPSHOT/hadoop-hdds-server-scm-0.4.1-SNAPSHOT.jar:/home/user/.m2/repository/org/apache/hadoop/hadoop-hdds-docs/0.4.1-SNAPSHOT/hadoop-hdds-docs-0.4.1-SNAPSHOT.jar:/home/user/.m2/repository/io/dropwizard/metrics/metrics-core/3.2.4/metrics-core-3.2.4.jar:/home/user/.m2/repository/org/hamcrest/hamcrest-all/1.3/hamcrest-all-1.3.jar:/home/user/.m2/repository/org/bouncycastle/bcprov-jdk15on/1.60/bcprov-jdk15on-1.60.jar:/home/user/.m2/repository/info/picocli/picocli/3.9.6/picocli-3.9.6.jar:/home/user/.m2/repository/com/google/protobuf/protobuf-java/2.5.0/protobuf-java-2.5.0.jar:/home/user/.m2/repository/com/google/guava/guava/11.0.2/guava-11.0.2.jar:/home/user/.m2/repository/org/apache/hadoop/hadoop-ozone-ozone-manager/0.4.1-SNAPSHOT/hadoop-ozone-ozone-manager-0.4.1-SNAPSHOT.jar:/home/user/.m2/repository/org/apache/hadoop/hadoop-minikdc/3.2.0/hadoop-minikdc-3.2.0.jar:/home/user/.m2/repository/commons-io/commons-io/2.5/commons-io-2.5.jar:/home/user/.m2/repository/org/apache/kerby/kerb-simplekdc/1.0.1/kerb-simplekdc-1.0.1.jar:/home/user/.m2/repository/org/apache/kerby/kerb-client/1.0.1/kerb-client-1.0.1.jar:/home/user/.m2/repository/org/apache/kerby/kerby-config/1.0.1/kerby-config-1.0.1.jar:/home/user/.m2/repository/org/apache/kerby/kerb-core/1.0.1/kerb-core-1.0.1.jar:/home/user/.m2/repository/org/apache/kerby/kerby-pkix/1.0.1/kerby-pkix-1.0.1.jar:/home/user/.m2/repository/org/apache/kerby/kerby-asn1/1.0.1/kerby-asn1-1.0.1.jar:/home/user/.m2/repository/org/apache/kerby/kerby-util/1.0.1/kerby-util-1.0.1.jar:/home/user/.m2/repository/org/apache/kerby/kerb-common/1.0.1/kerb-common-1.0.1.jar:/home/user/.m2/repository/org/apache/kerby/kerb-crypto/1.0.1/kerb-crypto-1.0.1.jar:/home/user/.m2/repository/org/apache/kerby/kerb-util/1.0.1/kerb-util-1.0.1.jar:/home/user/.m2/repository/org/apache/kerby/token-provider/1.0.1/token-provider-1.0.1.jar:/home/user/.m2/repository/org/apache/kerby/kerb-admin/1.0.1/kerb-admin-1.0.1.jar:/home/user/.m2/repository/org/apache/kerby/kerb-server/1.0.1/kerb-server-1.0.1.jar:/home/user/.m2/repository/org/apache/kerby/kerb-identity/1.0.1/kerb-identity-1.0.1.jar:/home/user/.m2/repository/org/apache/kerby/kerby-xdr/1.0.1/kerby-xdr-1.0.1.jar:/home/user/.m2/repository/org/slf4j/slf4j-log4j12/1.7.25/slf4j-log4j12-1.7.25.jar:/home/user/.m2/repository/org/apache/hadoop/hadoop-ozone-objectstore-service/0.4.1-SNAPSHOT/hadoop-ozone-objectstore-service-0.4.1-SNAPSHOT.jar:/home/user/.m2/repository/org/apache/hadoop/hadoop-ozone-s3gateway/0.4.1-SNAPSHOT/hadoop-ozone-s3gateway-0.4.1-SNAPSHOT.jar:/home/user/.m2/repository/org/jboss/weld/servlet/weld-servlet/2.4.7.Final/weld-servlet-2.4.7.Final.jar:/home/user/.m2/repository/org/glassfish/jersey/containers/jersey-container-servlet-core/2.27/jersey-container-servlet-core-2.27.jar:/home/user/.m2/repository/org/glassfish/hk2/external/javax.inject/2.5.0-b42/javax.inject-2.5.0-b42.jar:/home/user/.m2/repository/org/glassfish/jersey/core/jersey-common/2.27/jersey-common-2.27.jar:/home/user/.m2/repository/org/glassfish/hk2/osgi-resource-locator/1.0.1/osgi-resource-locator-1.0.1.jar:/home/user/.m2/repository/javax/ws/rs/javax.ws.rs-api/2.1/javax.ws.rs-api-2.1.jar:/home/user/.m2/repository/org/glassfish/jersey/ext/cdi/jersey-cdi1x/2.27/jersey-cdi1x-2.27.jar:/home/user/.m2/repository/org/glassfish/jersey/inject/jersey-hk2/2.27/jersey-hk2-2.27.jar:/home/user/.m2/repository/org/glassfish/hk2/hk2-locator/2.5.0-b42/hk2-locator-2.5.0-b42.jar:/home/user/.m2/repository/org/javassist/javassist/3.22.0-CR2/javassist-3.22.0-CR2.jar:/home/user/.m2/repository/org/glassfish/hk2/hk2-api/2.5.0/hk2-api-2.5.0.jar:/home/user/.m2/repository/org/glassfish/hk2/external/jakarta.inject/2.5.0/jakarta.inject-2.5.0.jar:/home/user/.m2/repository/org/glassfish/hk2/hk2-utils/2.5.0/hk2-utils-2.5.0.jar:/home/user/.m2/repository/jakarta/annotation/jakarta.annotation-api/1.3.4/jakarta.annotation-api-1.3.4.jar:/home/user/.m2/repository/org/glassfish/hk2/external/aopalliance-repackaged/2.5.0/aopalliance-repackaged-2.5.0.jar:/home/user/.m2/repository/com/fasterxml/jackson/dataformat/jackson-dataformat-xml/2.9.0/jackson-dataformat-xml-2.9.0.jar:/home/user/.m2/repository/com/fasterxml/jackson/core/jackson-core/2.9.5/jackson-core-2.9.5.jar:/home/user/.m2/repository/com/fasterxml/jackson/module/jackson-module-jaxb-annotations/2.9.5/jackson-module-jaxb-annotations-2.9.5.jar:/home/user/.m2/repository/javax/enterprise/cdi-api/1.2/cdi-api-1.2.jar:/home/user/.m2/repository/javax/el/javax.el-api/3.0.0/javax.el-api-3.0.0.jar:/home/user/.m2/repository/javax/interceptor/javax.interceptor-api/1.2/javax.interceptor-api-1.2.jar:/home/user/.m2/repository/javax/inject/javax.inject/1/javax.inject-1.jar:/home/user/.m2/repository/com/sun/xml/bind/jaxb-impl/2.3.0.1/jaxb-impl-2.3.0.1.jar:/home/user/.m2/repository/com/sun/xml/bind/jaxb-core/2.3.0.1/jaxb-core-2.3.0.1.jar:/home/user/.m2/repository/javax/xml/bind/jaxb-api/2.3.0/jaxb-api-2.3.0.jar:/home/user/.m2/repository/javax/activation/activation/1.1.1/activation-1.1.1.jar:/home/user/.m2/repository/org/apache/hadoop/hadoop-ozone-csi/0.4.1-SNAPSHOT/hadoop-ozone-csi-0.4.1-SNAPSHOT.jar:/home/user/.m2/repository/com/google/protobuf/protobuf-java-util/3.5.1/protobuf-java-util-3.5.1.jar:/home/user/.m2/repository/org/apache/hadoop/hadoop-hdds-config/0.4.1-SNAPSHOT/hadoop-hdds-config-0.4.1-SNAPSHOT.jar:/home/user/.m2/repository/io/grpc/grpc-netty/1.17.1/grpc-netty-1.17.1.jar:/home/user/.m2/repository/io/grpc/grpc-core/1.17.1/grpc-core-1.17.1.jar:/home/user/.m2/repository/io/grpc/grpc-context/1.17.1/grpc-context-1.17.1.jar:/home/user/.m2/repository/com/google/errorprone/error_prone_annotations/2.2.0/error_prone_annotations-2.2.0.jar:/home/user/.m2/repository/org/codehaus/mojo/animal-sniffer-annotations/1.17/animal-sniffer-annotations-1.17.jar:/home/user/.m2/repository/io/opencensus/opencensus-api/0.17.0/opencensus-api-0.17.0.jar:/home/user/.m2/repository/io/opencensus/opencensus-contrib-grpc-metrics/0.17.0/opencensus-contrib-grpc-metrics-0.17.0.jar:/home/user/.m2/repository/io/netty/netty-codec-http2/4.1.30.Final/netty-codec-http2-4.1.30.Final.jar:/home/user/.m2/repository/io/netty/netty-codec-http/4.1.30.Final/netty-codec-http-4.1.30.Final.jar:/home/user/.m2/repository/io/netty/netty-codec/4.1.30.Final/netty-codec-4.1.30.Final.jar:/home/user/.m2/repository/io/netty/netty-handler/4.1.30.Final/netty-handler-4.1.30.Final.jar:/home/user/.m2/repository/io/netty/netty-handler-proxy/4.1.30.Final/netty-handler-proxy-4.1.30.Final.jar:/home/user/.m2/repository/io/netty/netty-codec-socks/4.1.30.Final/netty-codec-socks-4.1.30.Final.jar:/home/user/.m2/repository/io/netty/netty-transport-native-epoll/4.1.30.Final/netty-transport-native-epoll-4.1.30.Final.jar:/home/user/.m2/repository/io/netty/netty-common/4.1.30.Final/netty-common-4.1.30.Final.jar:/home/user/.m2/repository/io/netty/netty-buffer/4.1.30.Final/netty-buffer-4.1.30.Final.jar:/home/user/.m2/repository/io/netty/netty-transport/4.1.30.Final/netty-transport-4.1.30.Final.jar:/home/user/.m2/repository/io/netty/netty-resolver/4.1.30.Final/netty-resolver-4.1.30.Final.jar:/home/user/.m2/repository/io/netty/netty-transport-native-unix-common/4.1.30.Final/netty-transport-native-unix-common-4.1.30.Final.jar:/home/user/.m2/repository/io/grpc/grpc-protobuf/1.17.1/grpc-protobuf-1.17.1.jar:/home/user/.m2/repository/com/google/api/grpc/proto-google-common-protos/1.0.0/proto-google-common-protos-1.0.0.jar:/home/user/.m2/repository/io/grpc/grpc-protobuf-lite/1.17.1/grpc-protobuf-lite-1.17.1.jar:/home/user/.m2/repository/io/grpc/grpc-stub/1.17.1/grpc-stub-1.17.1.jar:/home/user/.m2/repository/org/apache/hadoop/hadoop-ozone-recon/0.4.1-SNAPSHOT/hadoop-ozone-recon-0.4.1-SNAPSHOT.jar:/home/user/.m2/repository/org/apache/hadoop/hadoop-ozone-reconcodegen/0.4.1-SNAPSHOT/hadoop-ozone-reconcodegen-0.4.1-SNAPSHOT.jar:/home/user/.m2/repository/com/google/inject/extensions/guice-multibindings/4.0/guice-multibindings-4.0.jar:/home/user/.m2/repository/com/google/inject/guice/4.0/guice-4.0.jar:/home/user/.m2/repository/aopalliance/aopalliance/1.0/aopalliance-1.0.jar:/home/user/.m2/repository/com/google/inject/extensions/guice-servlet/4.0/guice-servlet-4.0.jar:/home/user/.m2/repository/org/glassfish/jersey/containers/jersey-container-servlet/2.27/jersey-container-servlet-2.27.jar:/home/user/.m2/repository/org/glassfish/hk2/guice-bridge/2.5.0/guice-bridge-2.5.0.jar:/home/user/.m2/repository/org/glassfish/jersey/core/jersey-server/2.27/jersey-server-2.27.jar:/home/user/.m2/repository/org/glassfish/jersey/core/jersey-client/2.27/jersey-client-2.27.jar:/home/user/.m2/repository/org/glassfish/jersey/media/jersey-media-jaxb/2.27/jersey-media-jaxb-2.27.jar:/home/user/.m2/repository/javax/validation/validation-api/1.1.0.Final/validation-api-1.1.0.Final.jar:/home/user/.m2/repository/org/glassfish/jersey/media/jersey-media-json-jackson/2.27/jersey-media-json-jackson-2.27.jar:/home/user/.m2/repository/org/glassfish/jersey/ext/jersey-entity-filtering/2.27/jersey-entity-filtering-2.27.jar:/home/user/.m2/repository/com/google/inject/extensions/guice-assistedinject/4.0/guice-assistedinject-4.0.jar:/home/user/.m2/repository/org/jooq/jooq/3.11.10/jooq-3.11.10.jar:/home/user/.m2/repository/org/jooq/jooq-meta/3.11.10/jooq-meta-3.11.10.jar:/home/user/.m2/repository/org/jooq/jooq-codegen/3.11.10/jooq-codegen-3.11.10.jar:/home/user/.m2/repository/com/jolbox/bonecp/0.8.0.RELEASE/bonecp-0.8.0.RELEASE.jar:/home/user/.m2/repository/org/xerial/sqlite-jdbc/3.25.2/sqlite-jdbc-3.25.2.jar:/home/user/.m2/repository/org/springframework/spring-jdbc/5.1.3.RELEASE/spring-jdbc-5.1.3.RELEASE.jar:/home/user/.m2/repository/org/springframework/spring-beans/5.1.3.RELEASE/spring-beans-5.1.3.RELEASE.jar:/home/user/.m2/repository/org/springframework/spring-core/5.1.3.RELEASE/spring-core-5.1.3.RELEASE.jar:/home/user/.m2/repository/org/springframework/spring-jcl/5.1.3.RELEASE/spring-jcl-5.1.3.RELEASE.jar:/home/user/.m2/repository/org/springframework/spring-tx/5.1.3.RELEASE/spring-tx-5.1.3.RELEASE.jar:/home/user/.m2/repository/org/apache/hadoop/hadoop-ozone-client/0.4.1-SNAPSHOT/hadoop-ozone-client-0.4.1-SNAPSHOT.jar:/home/user/.m2/repository/commons-lang/commons-lang/2.6/commons-lang-2.6.jar:/home/user/.m2/repository/org/apache/hadoop/hadoop-ozone-ozone-manager/0.4.1-SNAPSHOT/hadoop-ozone-ozone-manager-0.4.1-SNAPSHOT-tests.jar:/home/user/.m2/repository/junit/junit/4.11/junit-4.11.jar:/home/user/.m2/repository/org/hamcrest/hamcrest-core/1.3/hamcrest-core-1.3.jar:/home/user/.m2/repository/org/openjdk/jmh/jmh-core/1.19/jmh-core-1.19.jar:/home/user/.m2/repository/net/sf/jopt-simple/jopt-simple/4.6/jopt-simple-4.6.jar:/home/user/.m2/repository/org/apache/commons/commons-math3/3.1.1/commons-math3-3.1.1.jar:/home/user/.m2/repository/org/openjdk/jmh/jmh-generator-annprocess/1.19/jmh-generator-annprocess-1.19.jar:/home/user/.m2/repository/org/mockito/mockito-all/1.8.5/mockito-all-1.8.5.jar:/home/user/.m2/repository/org/apache/hadoop/hadoop-kms/3.2.0/hadoop-kms-3.2.0.jar:/home/user/.m2/repository/org/apache/hadoop/hadoop-auth/3.2.0/hadoop-auth-3.2.0.jar:/home/user/.m2/repository/com/nimbusds/nimbus-jose-jwt/4.41.1/nimbus-jose-jwt-4.41.1.jar:/home/user/.m2/repository/com/github/stephenc/jcip/jcip-annotations/1.0-1/jcip-annotations-1.0-1.jar:/home/user/.m2/repository/net/minidev/json-smart/2.3/json-smart-2.3.jar:/home/user/.m2/repository/net/minidev/accessors-smart/1.2/accessors-smart-1.2.jar:/home/user/.m2/repository/org/ow2/asm/asm/5.0.4/asm-5.0.4.jar:/home/user/.m2/repository/org/apache/curator/curator-framework/2.12.0/curator-framework-2.12.0.jar:/home/user/.m2/repository/com/sun/jersey/jersey-core/1.19/jersey-core-1.19.jar:/home/user/.m2/repository/javax/ws/rs/jsr311-api/1.1.1/jsr311-api-1.1.1.jar:/home/user/.m2/repository/com/sun/jersey/jersey-server/1.19/jersey-server-1.19.jar:/home/user/.m2/repository/javax/servlet/javax.servlet-api/3.1.0/javax.servlet-api-3.1.0.jar:/home/user/.m2/repository/org/eclipse/jetty/jetty-server/9.3.24.v20180605/jetty-server-9.3.24.v20180605.jar:/home/user/.m2/repository/org/eclipse/jetty/jetty-http/9.3.24.v20180605/jetty-http-9.3.24.v20180605.jar:/home/user/.m2/repository/org/eclipse/jetty/jetty-io/9.3.24.v20180605/jetty-io-9.3.24.v20180605.jar:/home/user/.m2/repository/org/eclipse/jetty/jetty-webapp/9.3.24.v20180605/jetty-webapp-9.3.24.v20180605.jar:/home/user/.m2/repository/org/eclipse/jetty/jetty-xml/9.3.24.v20180605/jetty-xml-9.3.24.v20180605.jar:/home/user/.m2/repository/log4j/log4j/1.2.17/log4j-1.2.17.jar:/home/user/.m2/repository/org/slf4j/slf4j-api/1.7.25/slf4j-api-1.7.25.jar:/home/user/.m2/repository/org/slf4j/jul-to-slf4j/1.7.25/jul-to-slf4j-1.7.25.jar:/home/user/.m2/repository/org/eclipse/jetty/jetty-util/9.3.24.v20180605/jetty-util-9.3.24.v20180605.jar:/home/user/.m2/repository/com/fasterxml/jackson/core/jackson-databind/2.9.5/jackson-databind-2.9.5.jar:/home/user/.m2/repository/org/apache/hadoop/hadoop-kms/3.2.0/hadoop-kms-3.2.0-tests.jar:/home/user/.m2/repository/org/apache/hadoop/hadoop-hdds-server-scm/0.4.1-SNAPSHOT/hadoop-hdds-server-scm-0.4.1-SNAPSHOT-tests.jar:/home/user/.m2/repository/org/apache/hadoop/hadoop-hdds-container-service/0.4.1-SNAPSHOT/hadoop-hdds-container-service-0.4.1-SNAPSHOT-tests.jar:/home/user/.m2/repository/org/yaml/snakeyaml/1.16/snakeyaml-1.16.jar:/home/user/.m2/repository/org/apache/hadoop/hadoop-common/3.2.0/hadoop-common-3.2.0-tests.jar:/home/user/.m2/repository/org/apache/hadoop/hadoop-annotations/3.2.0/hadoop-annotations-3.2.0.jar:/usr/lib/jvm/java-1.8-openjdk/jre/../lib/tools.jar:/home/user/.m2/repository/commons-cli/commons-cli/1.2/commons-cli-1.2.jar:/home/user/.m2/repository/org/apache/httpcomponents/httpclient/4.5.2/httpclient-4.5.2.jar:/home/user/.m2/repository/org/apache/httpcomponents/httpcore/4.4.4/httpcore-4.4.4.jar:/home/user/.m2/repository/commons-codec/commons-codec/1.11/commons-codec-1.11.jar:/home/user/.m2/repository/commons-net/commons-net/3.6/commons-net-3.6.jar:/home/user/.m2/repository/commons-collections/commons-collections/3.2.2/commons-collections-3.2.2.jar:/home/user/.m2/repository/org/eclipse/jetty/jetty-servlet/9.3.24.v20180605/jetty-servlet-9.3.24.v20180605.jar:/home/user/.m2/repository/org/eclipse/jetty/jetty-security/9.3.24.v20180605/jetty-security-9.3.24.v20180605.jar:/home/user/.m2/repository/javax/servlet/jsp/jsp-api/2.1/jsp-api-2.1.jar:/home/user/.m2/repository/com/sun/jersey/jersey-servlet/1.19/jersey-servlet-1.19.jar:/home/user/.m2/repository/com/sun/jersey/jersey-json/1.19/jersey-json-1.19.jar:/home/user/.m2/repository/org/codehaus/jettison/jettison/1.1/jettison-1.1.jar:/home/user/.m2/repository/org/codehaus/jackson/jackson-core-asl/1.9.13/jackson-core-asl-1.9.13.jar:/home/user/.m2/repository/org/codehaus/jackson/jackson-mapper-asl/1.9.13/jackson-mapper-asl-1.9.13.jar:/home/user/.m2/repository/org/codehaus/jackson/jackson-jaxrs/1.9.13/jackson-jaxrs-1.9.13.jar:/home/user/.m2/repository/org/codehaus/jackson/jackson-xc/1.9.13/jackson-xc-1.9.13.jar:/home/user/.m2/repository/commons-logging/commons-logging/1.1.3/commons-logging-1.1.3.jar:/home/user/.m2/repository/commons-beanutils/commons-beanutils/1.9.3/commons-beanutils-1.9.3.jar:/home/user/.m2/repository/org/apache/commons/commons-configuration2/2.1.1/commons-configuration2-2.1.1.jar:/home/user/.m2/repository/org/apache/commons/commons-lang3/3.7/commons-lang3-3.7.jar:/home/user/.m2/repository/org/apache/commons/commons-text/1.4/commons-text-1.4.jar:/home/user/.m2/repository/org/apache/avro/avro/1.7.7/avro-1.7.7.jar:/home/user/.m2/repository/com/thoughtworks/paranamer/paranamer/2.3/paranamer-2.3.jar:/home/user/.m2/repository/org/xerial/snappy/snappy-java/1.0.5/snappy-java-1.0.5.jar:/home/user/.m2/repository/com/google/re2j/re2j/1.1/re2j-1.1.jar:/home/user/.m2/repository/com/google/code/gson/gson/2.2.4/gson-2.2.4.jar:/home/user/.m2/repository/com/jcraft/jsch/0.1.54/jsch-0.1.54.jar:/home/user/.m2/repository/org/apache/curator/curator-client/2.12.0/curator-client-2.12.0.jar:/home/user/.m2/repository/org/apache/curator/curator-recipes/2.12.0/curator-recipes-2.12.0.jar:/home/user/.m2/repository/com/google/code/findbugs/jsr305/3.0.0/jsr305-3.0.0.jar:/home/user/.m2/repository/org/apache/htrace/htrace-core4/4.1.0-incubating/htrace-core4-4.1.0-incubating.jar:/home/user/.m2/repository/org/apache/zookeeper/zookeeper/3.4.13/zookeeper-3.4.13.jar:/home/user/.m2/repository/org/apache/yetus/audience-annotations/0.5.0/audience-annotations-0.5.0.jar:/home/user/.m2/repository/org/codehaus/woodstox/stax2-api/3.1.4/stax2-api-3.1.4.jar:/home/user/.m2/repository/com/fasterxml/woodstox/woodstox-core/5.0.3/woodstox-core-5.0.3.jar:/home/user/.m2/repository/dnsjava/dnsjava/2.1.7/dnsjava-2.1.7.jar:/home/user/.m2/repository/org/apache/hadoop/hadoop-hdfs/3.2.0/hadoop-hdfs-3.2.0-tests.jar:/home/user/.m2/repository/org/eclipse/jetty/jetty-util-ajax/9.3.24.v20180605/jetty-util-ajax-9.3.24.v20180605.jar:/home/user/.m2/repository/commons-daemon/commons-daemon/1.0.13/commons-daemon-1.0.13.jar:/home/user/.m2/repository/io/netty/netty/3.10.5.Final/netty-3.10.5.Final.jar:/home/user/.m2/repository/io/netty/netty-all/4.0.52.Final/netty-all-4.0.52.Final.jar:/home/user/.m2/repository/org/fusesource/leveldbjni/leveldbjni-all/1.8/leveldbjni-all-1.8.jar:"/>
    <property name="java.vm.vendor" value="IcedTea"/>
    <property name="sun.arch.data.model" value="64"/>
    <property name="test.build.dir" value="/workdir/hadoop-ozone/integration-test/target/test-dir"/>
    <property name="test.cache.data" value=""/>
    <property name="java.vendor.url" value="https://icedtea.classpath.org"/>
    <property name="user.timezone" value=""/>
    <property name="java.vm.specification.version" value="1.8"/>
    <property name="os.name" value="Linux"/>
    <property name="test.build.data" value="/workdir/hadoop-ozone/integration-test/target/test-dir"/>
    <property name="user.country" value="US"/>
    <property name="sun.java.launcher" value="SUN_STANDARD"/>
    <property name="sun.boot.library.path" value="/usr/lib/jvm/java-1.8-openjdk/jre/lib/amd64"/>
    <property name="sun.java.command" value="/workdir/hadoop-ozone/integration-test/target/surefire/surefirebooter7523238723040258651.jar /workdir/hadoop-ozone/integration-test/target/surefire 2019-07-30T19-42-33_317-jvmRun1 surefire3574679401810062685tmp surefire_766629476850726327697tmp"/>
    <property name="surefire.test.class.path" value="/workdir/hadoop-ozone/integration-test/target/test-classes:/workdir/hadoop-ozone/integration-test/target/classes:/home/user/.m2/repository/org/apache/hadoop/hadoop-ozone-common/0.4.1-SNAPSHOT/hadoop-ozone-common-0.4.1-SNAPSHOT.jar:/home/user/.m2/repository/org/apache/commons/commons-compress/1.4.1/commons-compress-1.4.1.jar:/home/user/.m2/repository/org/tukaani/xz/1.0/xz-1.0.jar:/home/user/.m2/repository/org/apache/hadoop/hadoop-common/3.2.0/hadoop-common-3.2.0.jar:/home/user/.m2/repository/org/apache/hadoop/hadoop-hdfs/3.2.0/hadoop-hdfs-3.2.0.jar:/home/user/.m2/repository/org/apache/hadoop/hadoop-hdfs-client/3.2.0/hadoop-hdfs-client-3.2.0.jar:/home/user/.m2/repository/com/fasterxml/jackson/core/jackson-annotations/2.9.5/jackson-annotations-2.9.5.jar:/home/user/.m2/repository/org/apache/hadoop/hadoop-hdds-common/0.4.1-SNAPSHOT/hadoop-hdds-common-0.4.1-SNAPSHOT.jar:/home/user/.m2/repository/javax/annotation/javax.annotation-api/1.2/javax.annotation-api-1.2.jar:/home/user/.m2/repository/org/apache/ratis/ratis-server/0.4.0-2337318-SNAPSHOT/ratis-server-0.4.0-2337318-SNAPSHOT.jar:/home/user/.m2/repository/org/apache/ratis/ratis-thirdparty-misc/0.2.0/ratis-thirdparty-misc-0.2.0.jar:/home/user/.m2/repository/org/apache/ratis/ratis-proto/0.4.0-2337318-SNAPSHOT/ratis-proto-0.4.0-2337318-SNAPSHOT.jar:/home/user/.m2/repository/org/apache/ratis/ratis-common/0.4.0-2337318-SNAPSHOT/ratis-common-0.4.0-2337318-SNAPSHOT.jar:/home/user/.m2/repository/org/apache/ratis/ratis-client/0.4.0-2337318-SNAPSHOT/ratis-client-0.4.0-2337318-SNAPSHOT.jar:/home/user/.m2/repository/org/apache/ratis/ratis-metrics/0.4.0-2337318-SNAPSHOT/ratis-metrics-0.4.0-2337318-SNAPSHOT.jar:/home/user/.m2/repository/org/apache/ratis/ratis-netty/0.4.0-2337318-SNAPSHOT/ratis-netty-0.4.0-2337318-SNAPSHOT.jar:/home/user/.m2/repository/org/apache/ratis/ratis-grpc/0.4.0-2337318-SNAPSHOT/ratis-grpc-0.4.0-2337318-SNAPSHOT.jar:/home/user/.m2/repository/org/rocksdb/rocksdbjni/6.0.1/rocksdbjni-6.0.1.jar:/home/user/.m2/repository/org/apache/logging/log4j/log4j-api/2.11.0/log4j-api-2.11.0.jar:/home/user/.m2/repository/org/apache/logging/log4j/log4j-core/2.11.0/log4j-core-2.11.0.jar:/home/user/.m2/repository/com/lmax/disruptor/3.4.2/disruptor-3.4.2.jar:/home/user/.m2/repository/org/apache/commons/commons-pool2/2.6.0/commons-pool2-2.6.0.jar:/home/user/.m2/repository/org/bouncycastle/bcpkix-jdk15on/1.60/bcpkix-jdk15on-1.60.jar:/home/user/.m2/repository/commons-validator/commons-validator/1.6/commons-validator-1.6.jar:/home/user/.m2/repository/commons-digester/commons-digester/1.8.1/commons-digester-1.8.1.jar:/home/user/.m2/repository/io/jaegertracing/jaeger-client/0.33.1/jaeger-client-0.33.1.jar:/home/user/.m2/repository/io/jaegertracing/jaeger-thrift/0.33.1/jaeger-thrift-0.33.1.jar:/home/user/.m2/repository/org/apache/thrift/libthrift/0.11.0/libthrift-0.11.0.jar:/home/user/.m2/repository/com/squareup/okhttp3/okhttp/3.9.0/okhttp-3.9.0.jar:/home/user/.m2/repository/com/squareup/okio/okio/1.13.0/okio-1.13.0.jar:/home/user/.m2/repository/io/jaegertracing/jaeger-core/0.33.1/jaeger-core-0.33.1.jar:/home/user/.m2/repository/io/jaegertracing/jaeger-tracerresolver/0.33.1/jaeger-tracerresolver-0.33.1.jar:/home/user/.m2/repository/io/opentracing/contrib/opentracing-tracerresolver/0.1.5/opentracing-tracerresolver-0.1.5.jar:/home/user/.m2/repository/io/opentracing/opentracing-util/0.31.0/opentracing-util-0.31.0.jar:/home/user/.m2/repository/io/opentracing/opentracing-api/0.31.0/opentracing-api-0.31.0.jar:/home/user/.m2/repository/io/opentracing/opentracing-noop/0.31.0/opentracing-noop-0.31.0.jar:/home/user/.m2/repository/org/apache/hadoop/hadoop-hdds-server-framework/0.4.1-SNAPSHOT/hadoop-hdds-server-framework-0.4.1-SNAPSHOT.jar:/home/user/.m2/repository/org/apache/hadoop/hadoop-hdds-container-service/0.4.1-SNAPSHOT/hadoop-hdds-container-service-0.4.1-SNAPSHOT.jar:/home/user/.m2/repository/org/apache/hadoop/hadoop-hdds-client/0.4.1-SNAPSHOT/hadoop-hdds-client-0.4.1-SNAPSHOT.jar:/home/user/.m2/repository/org/apache/hadoop/hadoop-hdds-tools/0.4.1-SNAPSHOT/hadoop-hdds-tools-0.4.1-SNAPSHOT.jar:/home/user/.m2/repository/org/apache/hadoop/hadoop-hdds-server-scm/0.4.1-SNAPSHOT/hadoop-hdds-server-scm-0.4.1-SNAPSHOT.jar:/home/user/.m2/repository/org/apache/hadoop/hadoop-hdds-docs/0.4.1-SNAPSHOT/hadoop-hdds-docs-0.4.1-SNAPSHOT.jar:/home/user/.m2/repository/io/dropwizard/metrics/metrics-core/3.2.4/metrics-core-3.2.4.jar:/home/user/.m2/repository/org/hamcrest/hamcrest-all/1.3/hamcrest-all-1.3.jar:/home/user/.m2/repository/org/bouncycastle/bcprov-jdk15on/1.60/bcprov-jdk15on-1.60.jar:/home/user/.m2/repository/info/picocli/picocli/3.9.6/picocli-3.9.6.jar:/home/user/.m2/repository/com/google/protobuf/protobuf-java/2.5.0/protobuf-java-2.5.0.jar:/home/user/.m2/repository/com/google/guava/guava/11.0.2/guava-11.0.2.jar:/home/user/.m2/repository/org/apache/hadoop/hadoop-ozone-ozone-manager/0.4.1-SNAPSHOT/hadoop-ozone-ozone-manager-0.4.1-SNAPSHOT.jar:/home/user/.m2/repository/org/apache/hadoop/hadoop-minikdc/3.2.0/hadoop-minikdc-3.2.0.jar:/home/user/.m2/repository/commons-io/commons-io/2.5/commons-io-2.5.jar:/home/user/.m2/repository/org/apache/kerby/kerb-simplekdc/1.0.1/kerb-simplekdc-1.0.1.jar:/home/user/.m2/repository/org/apache/kerby/kerb-client/1.0.1/kerb-client-1.0.1.jar:/home/user/.m2/repository/org/apache/kerby/kerby-config/1.0.1/kerby-config-1.0.1.jar:/home/user/.m2/repository/org/apache/kerby/kerb-core/1.0.1/kerb-core-1.0.1.jar:/home/user/.m2/repository/org/apache/kerby/kerby-pkix/1.0.1/kerby-pkix-1.0.1.jar:/home/user/.m2/repository/org/apache/kerby/kerby-asn1/1.0.1/kerby-asn1-1.0.1.jar:/home/user/.m2/repository/org/apache/kerby/kerby-util/1.0.1/kerby-util-1.0.1.jar:/home/user/.m2/repository/org/apache/kerby/kerb-common/1.0.1/kerb-common-1.0.1.jar:/home/user/.m2/repository/org/apache/kerby/kerb-crypto/1.0.1/kerb-crypto-1.0.1.jar:/home/user/.m2/repository/org/apache/kerby/kerb-util/1.0.1/kerb-util-1.0.1.jar:/home/user/.m2/repository/org/apache/kerby/token-provider/1.0.1/token-provider-1.0.1.jar:/home/user/.m2/repository/org/apache/kerby/kerb-admin/1.0.1/kerb-admin-1.0.1.jar:/home/user/.m2/repository/org/apache/kerby/kerb-server/1.0.1/kerb-server-1.0.1.jar:/home/user/.m2/repository/org/apache/kerby/kerb-identity/1.0.1/kerb-identity-1.0.1.jar:/home/user/.m2/repository/org/apache/kerby/kerby-xdr/1.0.1/kerby-xdr-1.0.1.jar:/home/user/.m2/repository/org/slf4j/slf4j-log4j12/1.7.25/slf4j-log4j12-1.7.25.jar:/home/user/.m2/repository/org/apache/hadoop/hadoop-ozone-objectstore-service/0.4.1-SNAPSHOT/hadoop-ozone-objectstore-service-0.4.1-SNAPSHOT.jar:/home/user/.m2/repository/org/apache/hadoop/hadoop-ozone-s3gateway/0.4.1-SNAPSHOT/hadoop-ozone-s3gateway-0.4.1-SNAPSHOT.jar:/home/user/.m2/repository/org/jboss/weld/servlet/weld-servlet/2.4.7.Final/weld-servlet-2.4.7.Final.jar:/home/user/.m2/repository/org/glassfish/jersey/containers/jersey-container-servlet-core/2.27/jersey-container-servlet-core-2.27.jar:/home/user/.m2/repository/org/glassfish/hk2/external/javax.inject/2.5.0-b42/javax.inject-2.5.0-b42.jar:/home/user/.m2/repository/org/glassfish/jersey/core/jersey-common/2.27/jersey-common-2.27.jar:/home/user/.m2/repository/org/glassfish/hk2/osgi-resource-locator/1.0.1/osgi-resource-locator-1.0.1.jar:/home/user/.m2/repository/javax/ws/rs/javax.ws.rs-api/2.1/javax.ws.rs-api-2.1.jar:/home/user/.m2/repository/org/glassfish/jersey/ext/cdi/jersey-cdi1x/2.27/jersey-cdi1x-2.27.jar:/home/user/.m2/repository/org/glassfish/jersey/inject/jersey-hk2/2.27/jersey-hk2-2.27.jar:/home/user/.m2/repository/org/glassfish/hk2/hk2-locator/2.5.0-b42/hk2-locator-2.5.0-b42.jar:/home/user/.m2/repository/org/javassist/javassist/3.22.0-CR2/javassist-3.22.0-CR2.jar:/home/user/.m2/repository/org/glassfish/hk2/hk2-api/2.5.0/hk2-api-2.5.0.jar:/home/user/.m2/repository/org/glassfish/hk2/external/jakarta.inject/2.5.0/jakarta.inject-2.5.0.jar:/home/user/.m2/repository/org/glassfish/hk2/hk2-utils/2.5.0/hk2-utils-2.5.0.jar:/home/user/.m2/repository/jakarta/annotation/jakarta.annotation-api/1.3.4/jakarta.annotation-api-1.3.4.jar:/home/user/.m2/repository/org/glassfish/hk2/external/aopalliance-repackaged/2.5.0/aopalliance-repackaged-2.5.0.jar:/home/user/.m2/repository/com/fasterxml/jackson/dataformat/jackson-dataformat-xml/2.9.0/jackson-dataformat-xml-2.9.0.jar:/home/user/.m2/repository/com/fasterxml/jackson/core/jackson-core/2.9.5/jackson-core-2.9.5.jar:/home/user/.m2/repository/com/fasterxml/jackson/module/jackson-module-jaxb-annotations/2.9.5/jackson-module-jaxb-annotations-2.9.5.jar:/home/user/.m2/repository/javax/enterprise/cdi-api/1.2/cdi-api-1.2.jar:/home/user/.m2/repository/javax/el/javax.el-api/3.0.0/javax.el-api-3.0.0.jar:/home/user/.m2/repository/javax/interceptor/javax.interceptor-api/1.2/javax.interceptor-api-1.2.jar:/home/user/.m2/repository/javax/inject/javax.inject/1/javax.inject-1.jar:/home/user/.m2/repository/com/sun/xml/bind/jaxb-impl/2.3.0.1/jaxb-impl-2.3.0.1.jar:/home/user/.m2/repository/com/sun/xml/bind/jaxb-core/2.3.0.1/jaxb-core-2.3.0.1.jar:/home/user/.m2/repository/javax/xml/bind/jaxb-api/2.3.0/jaxb-api-2.3.0.jar:/home/user/.m2/repository/javax/activation/activation/1.1.1/activation-1.1.1.jar:/home/user/.m2/repository/org/apache/hadoop/hadoop-ozone-csi/0.4.1-SNAPSHOT/hadoop-ozone-csi-0.4.1-SNAPSHOT.jar:/home/user/.m2/repository/com/google/protobuf/protobuf-java-util/3.5.1/protobuf-java-util-3.5.1.jar:/home/user/.m2/repository/org/apache/hadoop/hadoop-hdds-config/0.4.1-SNAPSHOT/hadoop-hdds-config-0.4.1-SNAPSHOT.jar:/home/user/.m2/repository/io/grpc/grpc-netty/1.17.1/grpc-netty-1.17.1.jar:/home/user/.m2/repository/io/grpc/grpc-core/1.17.1/grpc-core-1.17.1.jar:/home/user/.m2/repository/io/grpc/grpc-context/1.17.1/grpc-context-1.17.1.jar:/home/user/.m2/repository/com/google/errorprone/error_prone_annotations/2.2.0/error_prone_annotations-2.2.0.jar:/home/user/.m2/repository/org/codehaus/mojo/animal-sniffer-annotations/1.17/animal-sniffer-annotations-1.17.jar:/home/user/.m2/repository/io/opencensus/opencensus-api/0.17.0/opencensus-api-0.17.0.jar:/home/user/.m2/repository/io/opencensus/opencensus-contrib-grpc-metrics/0.17.0/opencensus-contrib-grpc-metrics-0.17.0.jar:/home/user/.m2/repository/io/netty/netty-codec-http2/4.1.30.Final/netty-codec-http2-4.1.30.Final.jar:/home/user/.m2/repository/io/netty/netty-codec-http/4.1.30.Final/netty-codec-http-4.1.30.Final.jar:/home/user/.m2/repository/io/netty/netty-codec/4.1.30.Final/netty-codec-4.1.30.Final.jar:/home/user/.m2/repository/io/netty/netty-handler/4.1.30.Final/netty-handler-4.1.30.Final.jar:/home/user/.m2/repository/io/netty/netty-handler-proxy/4.1.30.Final/netty-handler-proxy-4.1.30.Final.jar:/home/user/.m2/repository/io/netty/netty-codec-socks/4.1.30.Final/netty-codec-socks-4.1.30.Final.jar:/home/user/.m2/repository/io/netty/netty-transport-native-epoll/4.1.30.Final/netty-transport-native-epoll-4.1.30.Final.jar:/home/user/.m2/repository/io/netty/netty-common/4.1.30.Final/netty-common-4.1.30.Final.jar:/home/user/.m2/repository/io/netty/netty-buffer/4.1.30.Final/netty-buffer-4.1.30.Final.jar:/home/user/.m2/repository/io/netty/netty-transport/4.1.30.Final/netty-transport-4.1.30.Final.jar:/home/user/.m2/repository/io/netty/netty-resolver/4.1.30.Final/netty-resolver-4.1.30.Final.jar:/home/user/.m2/repository/io/netty/netty-transport-native-unix-common/4.1.30.Final/netty-transport-native-unix-common-4.1.30.Final.jar:/home/user/.m2/repository/io/grpc/grpc-protobuf/1.17.1/grpc-protobuf-1.17.1.jar:/home/user/.m2/repository/com/google/api/grpc/proto-google-common-protos/1.0.0/proto-google-common-protos-1.0.0.jar:/home/user/.m2/repository/io/grpc/grpc-protobuf-lite/1.17.1/grpc-protobuf-lite-1.17.1.jar:/home/user/.m2/repository/io/grpc/grpc-stub/1.17.1/grpc-stub-1.17.1.jar:/home/user/.m2/repository/org/apache/hadoop/hadoop-ozone-recon/0.4.1-SNAPSHOT/hadoop-ozone-recon-0.4.1-SNAPSHOT.jar:/home/user/.m2/repository/org/apache/hadoop/hadoop-ozone-reconcodegen/0.4.1-SNAPSHOT/hadoop-ozone-reconcodegen-0.4.1-SNAPSHOT.jar:/home/user/.m2/repository/com/google/inject/extensions/guice-multibindings/4.0/guice-multibindings-4.0.jar:/home/user/.m2/repository/com/google/inject/guice/4.0/guice-4.0.jar:/home/user/.m2/repository/aopalliance/aopalliance/1.0/aopalliance-1.0.jar:/home/user/.m2/repository/com/google/inject/extensions/guice-servlet/4.0/guice-servlet-4.0.jar:/home/user/.m2/repository/org/glassfish/jersey/containers/jersey-container-servlet/2.27/jersey-container-servlet-2.27.jar:/home/user/.m2/repository/org/glassfish/hk2/guice-bridge/2.5.0/guice-bridge-2.5.0.jar:/home/user/.m2/repository/org/glassfish/jersey/core/jersey-server/2.27/jersey-server-2.27.jar:/home/user/.m2/repository/org/glassfish/jersey/core/jersey-client/2.27/jersey-client-2.27.jar:/home/user/.m2/repository/org/glassfish/jersey/media/jersey-media-jaxb/2.27/jersey-media-jaxb-2.27.jar:/home/user/.m2/repository/javax/validation/validation-api/1.1.0.Final/validation-api-1.1.0.Final.jar:/home/user/.m2/repository/org/glassfish/jersey/media/jersey-media-json-jackson/2.27/jersey-media-json-jackson-2.27.jar:/home/user/.m2/repository/org/glassfish/jersey/ext/jersey-entity-filtering/2.27/jersey-entity-filtering-2.27.jar:/home/user/.m2/repository/com/google/inject/extensions/guice-assistedinject/4.0/guice-assistedinject-4.0.jar:/home/user/.m2/repository/org/jooq/jooq/3.11.10/jooq-3.11.10.jar:/home/user/.m2/repository/org/jooq/jooq-meta/3.11.10/jooq-meta-3.11.10.jar:/home/user/.m2/repository/org/jooq/jooq-codegen/3.11.10/jooq-codegen-3.11.10.jar:/home/user/.m2/repository/com/jolbox/bonecp/0.8.0.RELEASE/bonecp-0.8.0.RELEASE.jar:/home/user/.m2/repository/org/xerial/sqlite-jdbc/3.25.2/sqlite-jdbc-3.25.2.jar:/home/user/.m2/repository/org/springframework/spring-jdbc/5.1.3.RELEASE/spring-jdbc-5.1.3.RELEASE.jar:/home/user/.m2/repository/org/springframework/spring-beans/5.1.3.RELEASE/spring-beans-5.1.3.RELEASE.jar:/home/user/.m2/repository/org/springframework/spring-core/5.1.3.RELEASE/spring-core-5.1.3.RELEASE.jar:/home/user/.m2/repository/org/springframework/spring-jcl/5.1.3.RELEASE/spring-jcl-5.1.3.RELEASE.jar:/home/user/.m2/repository/org/springframework/spring-tx/5.1.3.RELEASE/spring-tx-5.1.3.RELEASE.jar:/home/user/.m2/repository/org/apache/hadoop/hadoop-ozone-client/0.4.1-SNAPSHOT/hadoop-ozone-client-0.4.1-SNAPSHOT.jar:/home/user/.m2/repository/commons-lang/commons-lang/2.6/commons-lang-2.6.jar:/home/user/.m2/repository/org/apache/hadoop/hadoop-ozone-ozone-manager/0.4.1-SNAPSHOT/hadoop-ozone-ozone-manager-0.4.1-SNAPSHOT-tests.jar:/home/user/.m2/repository/junit/junit/4.11/junit-4.11.jar:/home/user/.m2/repository/org/hamcrest/hamcrest-core/1.3/hamcrest-core-1.3.jar:/home/user/.m2/repository/org/openjdk/jmh/jmh-core/1.19/jmh-core-1.19.jar:/home/user/.m2/repository/net/sf/jopt-simple/jopt-simple/4.6/jopt-simple-4.6.jar:/home/user/.m2/repository/org/apache/commons/commons-math3/3.1.1/commons-math3-3.1.1.jar:/home/user/.m2/repository/org/openjdk/jmh/jmh-generator-annprocess/1.19/jmh-generator-annprocess-1.19.jar:/home/user/.m2/repository/org/mockito/mockito-all/1.8.5/mockito-all-1.8.5.jar:/home/user/.m2/repository/org/apache/hadoop/hadoop-kms/3.2.0/hadoop-kms-3.2.0.jar:/home/user/.m2/repository/org/apache/hadoop/hadoop-auth/3.2.0/hadoop-auth-3.2.0.jar:/home/user/.m2/repository/com/nimbusds/nimbus-jose-jwt/4.41.1/nimbus-jose-jwt-4.41.1.jar:/home/user/.m2/repository/com/github/stephenc/jcip/jcip-annotations/1.0-1/jcip-annotations-1.0-1.jar:/home/user/.m2/repository/net/minidev/json-smart/2.3/json-smart-2.3.jar:/home/user/.m2/repository/net/minidev/accessors-smart/1.2/accessors-smart-1.2.jar:/home/user/.m2/repository/org/ow2/asm/asm/5.0.4/asm-5.0.4.jar:/home/user/.m2/repository/org/apache/curator/curator-framework/2.12.0/curator-framework-2.12.0.jar:/home/user/.m2/repository/com/sun/jersey/jersey-core/1.19/jersey-core-1.19.jar:/home/user/.m2/repository/javax/ws/rs/jsr311-api/1.1.1/jsr311-api-1.1.1.jar:/home/user/.m2/repository/com/sun/jersey/jersey-server/1.19/jersey-server-1.19.jar:/home/user/.m2/repository/javax/servlet/javax.servlet-api/3.1.0/javax.servlet-api-3.1.0.jar:/home/user/.m2/repository/org/eclipse/jetty/jetty-server/9.3.24.v20180605/jetty-server-9.3.24.v20180605.jar:/home/user/.m2/repository/org/eclipse/jetty/jetty-http/9.3.24.v20180605/jetty-http-9.3.24.v20180605.jar:/home/user/.m2/repository/org/eclipse/jetty/jetty-io/9.3.24.v20180605/jetty-io-9.3.24.v20180605.jar:/home/user/.m2/repository/org/eclipse/jetty/jetty-webapp/9.3.24.v20180605/jetty-webapp-9.3.24.v20180605.jar:/home/user/.m2/repository/org/eclipse/jetty/jetty-xml/9.3.24.v20180605/jetty-xml-9.3.24.v20180605.jar:/home/user/.m2/repository/log4j/log4j/1.2.17/log4j-1.2.17.jar:/home/user/.m2/repository/org/slf4j/slf4j-api/1.7.25/slf4j-api-1.7.25.jar:/home/user/.m2/repository/org/slf4j/jul-to-slf4j/1.7.25/jul-to-slf4j-1.7.25.jar:/home/user/.m2/repository/org/eclipse/jetty/jetty-util/9.3.24.v20180605/jetty-util-9.3.24.v20180605.jar:/home/user/.m2/repository/com/fasterxml/jackson/core/jackson-databind/2.9.5/jackson-databind-2.9.5.jar:/home/user/.m2/repository/org/apache/hadoop/hadoop-kms/3.2.0/hadoop-kms-3.2.0-tests.jar:/home/user/.m2/repository/org/apache/hadoop/hadoop-hdds-server-scm/0.4.1-SNAPSHOT/hadoop-hdds-server-scm-0.4.1-SNAPSHOT-tests.jar:/home/user/.m2/repository/org/apache/hadoop/hadoop-hdds-container-service/0.4.1-SNAPSHOT/hadoop-hdds-container-service-0.4.1-SNAPSHOT-tests.jar:/home/user/.m2/repository/org/yaml/snakeyaml/1.16/snakeyaml-1.16.jar:/home/user/.m2/repository/org/apache/hadoop/hadoop-common/3.2.0/hadoop-common-3.2.0-tests.jar:/home/user/.m2/repository/org/apache/hadoop/hadoop-annotations/3.2.0/hadoop-annotations-3.2.0.jar:/usr/lib/jvm/java-1.8-openjdk/jre/../lib/tools.jar:/home/user/.m2/repository/commons-cli/commons-cli/1.2/commons-cli-1.2.jar:/home/user/.m2/repository/org/apache/httpcomponents/httpclient/4.5.2/httpclient-4.5.2.jar:/home/user/.m2/repository/org/apache/httpcomponents/httpcore/4.4.4/httpcore-4.4.4.jar:/home/user/.m2/repository/commons-codec/commons-codec/1.11/commons-codec-1.11.jar:/home/user/.m2/repository/commons-net/commons-net/3.6/commons-net-3.6.jar:/home/user/.m2/repository/commons-collections/commons-collections/3.2.2/commons-collections-3.2.2.jar:/home/user/.m2/repository/org/eclipse/jetty/jetty-servlet/9.3.24.v20180605/jetty-servlet-9.3.24.v20180605.jar:/home/user/.m2/repository/org/eclipse/jetty/jetty-security/9.3.24.v20180605/jetty-security-9.3.24.v20180605.jar:/home/user/.m2/repository/javax/servlet/jsp/jsp-api/2.1/jsp-api-2.1.jar:/home/user/.m2/repository/com/sun/jersey/jersey-servlet/1.19/jersey-servlet-1.19.jar:/home/user/.m2/repository/com/sun/jersey/jersey-json/1.19/jersey-json-1.19.jar:/home/user/.m2/repository/org/codehaus/jettison/jettison/1.1/jettison-1.1.jar:/home/user/.m2/repository/org/codehaus/jackson/jackson-core-asl/1.9.13/jackson-core-asl-1.9.13.jar:/home/user/.m2/repository/org/codehaus/jackson/jackson-mapper-asl/1.9.13/jackson-mapper-asl-1.9.13.jar:/home/user/.m2/repository/org/codehaus/jackson/jackson-jaxrs/1.9.13/jackson-jaxrs-1.9.13.jar:/home/user/.m2/repository/org/codehaus/jackson/jackson-xc/1.9.13/jackson-xc-1.9.13.jar:/home/user/.m2/repository/commons-logging/commons-logging/1.1.3/commons-logging-1.1.3.jar:/home/user/.m2/repository/commons-beanutils/commons-beanutils/1.9.3/commons-beanutils-1.9.3.jar:/home/user/.m2/repository/org/apache/commons/commons-configuration2/2.1.1/commons-configuration2-2.1.1.jar:/home/user/.m2/repository/org/apache/commons/commons-lang3/3.7/commons-lang3-3.7.jar:/home/user/.m2/repository/org/apache/commons/commons-text/1.4/commons-text-1.4.jar:/home/user/.m2/repository/org/apache/avro/avro/1.7.7/avro-1.7.7.jar:/home/user/.m2/repository/com/thoughtworks/paranamer/paranamer/2.3/paranamer-2.3.jar:/home/user/.m2/repository/org/xerial/snappy/snappy-java/1.0.5/snappy-java-1.0.5.jar:/home/user/.m2/repository/com/google/re2j/re2j/1.1/re2j-1.1.jar:/home/user/.m2/repository/com/google/code/gson/gson/2.2.4/gson-2.2.4.jar:/home/user/.m2/repository/com/jcraft/jsch/0.1.54/jsch-0.1.54.jar:/home/user/.m2/repository/org/apache/curator/curator-client/2.12.0/curator-client-2.12.0.jar:/home/user/.m2/repository/org/apache/curator/curator-recipes/2.12.0/curator-recipes-2.12.0.jar:/home/user/.m2/repository/com/google/code/findbugs/jsr305/3.0.0/jsr305-3.0.0.jar:/home/user/.m2/repository/org/apache/htrace/htrace-core4/4.1.0-incubating/htrace-core4-4.1.0-incubating.jar:/home/user/.m2/repository/org/apache/zookeeper/zookeeper/3.4.13/zookeeper-3.4.13.jar:/home/user/.m2/repository/org/apache/yetus/audience-annotations/0.5.0/audience-annotations-0.5.0.jar:/home/user/.m2/repository/org/codehaus/woodstox/stax2-api/3.1.4/stax2-api-3.1.4.jar:/home/user/.m2/repository/com/fasterxml/woodstox/woodstox-core/5.0.3/woodstox-core-5.0.3.jar:/home/user/.m2/repository/dnsjava/dnsjava/2.1.7/dnsjava-2.1.7.jar:/home/user/.m2/repository/org/apache/hadoop/hadoop-hdfs/3.2.0/hadoop-hdfs-3.2.0-tests.jar:/home/user/.m2/repository/org/eclipse/jetty/jetty-util-ajax/9.3.24.v20180605/jetty-util-ajax-9.3.24.v20180605.jar:/home/user/.m2/repository/commons-daemon/commons-daemon/1.0.13/commons-daemon-1.0.13.jar:/home/user/.m2/repository/io/netty/netty/3.10.5.Final/netty-3.10.5.Final.jar:/home/user/.m2/repository/io/netty/netty-all/4.0.52.Final/netty-all-4.0.52.Final.jar:/home/user/.m2/repository/org/fusesource/leveldbjni/leveldbjni-all/1.8/leveldbjni-all-1.8.jar:"/>
    <property name="sun.cpu.endian" value="little"/>
    <property name="user.home" value="/home/user"/>
    <property name="user.language" value="en"/>
    <property name="java.specification.vendor" value="Oracle Corporation"/>
    <property name="java.home" value="/usr/lib/jvm/java-1.8-openjdk/jre"/>
    <property name="java.security.krb5.conf" value="/workdir/hadoop-ozone/integration-test/target/test-classes/krb5.conf"/>
    <property name="basedir" value="/workdir/hadoop-ozone/integration-test"/>
    <property name="file.separator" value="/"/>
    <property name="line.separator" value="&#10;"/>
    <property name="java.vm.specification.vendor" value="Oracle Corporation"/>
    <property name="java.specification.name" value="Java Platform API Specification"/>
    <property name="java.awt.graphicsenv" value="sun.awt.X11GraphicsEnvironment"/>
    <property name="surefire.real.class.path" value="/workdir/hadoop-ozone/integration-test/target/surefire/surefirebooter7523238723040258651.jar"/>
    <property name="hadoop.log.dir" value="/workdir/hadoop-ozone/integration-test/target/log"/>
    <property name="sun.boot.class.path" value="/usr/lib/jvm/java-1.8-openjdk/jre/lib/resources.jar:/usr/lib/jvm/java-1.8-openjdk/jre/lib/rt.jar:/usr/lib/jvm/java-1.8-openjdk/jre/lib/sunrsasign.jar:/usr/lib/jvm/java-1.8-openjdk/jre/lib/jsse.jar:/usr/lib/jvm/java-1.8-openjdk/jre/lib/jce.jar:/usr/lib/jvm/java-1.8-openjdk/jre/lib/charsets.jar:/usr/lib/jvm/java-1.8-openjdk/jre/lib/jfr.jar:/usr/lib/jvm/java-1.8-openjdk/jre/classes"/>
    <property name="sun.management.compiler" value="HotSpot 64-Bit Tiered Compilers"/>
    <property name="java.runtime.version" value="1.8.0_212-b04"/>
    <property name="java.net.preferIPv4Stack" value="true"/>
    <property name="user.name" value="jenkins1000"/>
    <property name="path.separator" value=":"/>
    <property name="java.security.egd" value="file:///dev/urandom"/>
    <property name="os.version" value="3.10.0-957.12.2.el7.x86_64"/>
    <property name="java.endorsed.dirs" value="/usr/lib/jvm/java-1.8-openjdk/jre/lib/endorsed"/>
    <property name="java.runtime.name" value="OpenJDK Runtime Environment"/>
    <property name="file.encoding" value="UTF-8"/>
    <property name="java.vm.name" value="OpenJDK 64-Bit Server VM"/>
    <property name="test.build.webapps" value=""/>
    <property name="localRepository" value="/home/user/.m2/repository"/>
    <property name="java.vendor.url.bug" value="https://icedtea.classpath.org/bugzilla"/>
    <property name="java.io.tmpdir" value="/tmp"/>
    <property name="require.test.libhadoop" value=""/>
    <property name="java.version" value="1.8.0_212"/>
    <property name="user.dir" value="/workdir/hadoop-ozone/integration-test"/>
    <property name="os.arch" value="amd64"/>
    <property name="java.vm.specification.name" value="Java Virtual Machine Specification"/>
    <property name="test.build.classes" value="/workdir/hadoop-ozone/integration-test/target/test-classes"/>
    <property name="java.awt.printerjob" value="sun.print.PSPrinterJob"/>
    <property name="sun.os.patch.level" value="unknown"/>
    <property name="hadoop.tmp.dir" value="/workdir/hadoop-ozone/integration-test/target/tmp"/>
    <property name="java.library.path" value="/usr/lib/jvm/java-1.8-openjdk/jre/lib/amd64/server:/usr/lib/jvm/java-1.8-openjdk/jre/lib/amd64:/usr/lib/jvm/java-1.8-openjdk/jre/../lib/amd64:/workdir/hadoop-ozone/integration-test/target/native/target/usr/local/lib:/workdir/hadoop-ozone/integration-test/../../hadoop-common-project/hadoop-common/target/native/target/usr/local/lib:/usr/java/packages/lib/amd64:/usr/lib64:/lib64:/lib:/usr/lib"/>
    <property name="java.vm.info" value="mixed mode"/>
    <property name="java.vendor" value="IcedTea"/>
    <property name="java.vm.version" value="25.212-b04"/>
    <property name="java.ext.dirs" value="/usr/lib/jvm/java-1.8-openjdk/jre/lib/ext:/usr/java/packages/lib/ext"/>
    <property name="sun.io.unicode.encoding" value="UnicodeLittle"/>
    <property name="java.class.version" value="52.0"/>
  </properties>
  <testcase name="testGroupMismatchExceptionHandling" classname="org.apache.hadoop.ozone.client.rpc.TestOzoneClientRetriesOnException" time="51.111"/>
  <testcase name="testMaxRetriesByOzoneClient" classname="org.apache.hadoop.ozone.client.rpc.TestOzoneClientRetriesOnException" time="32.775">
    <error message="Failed to command cmdType: CreateContainer&#10;containerID: 3&#10;datanodeUuid: &quot;dcad888a-df6c-4c16-bef6-cf79b44ac70c&quot;&#10;createContainer {&#10;}&#10;" type="java.io.IOException">java.io.IOException: 
Failed to command cmdType: CreateContainer
containerID: 3
datanodeUuid: "dcad888a-df6c-4c16-bef6-cf79b44ac70c"
createContainer {
}

	at org.apache.hadoop.hdds.scm.XceiverClientSpi.sendCommand(XceiverClientSpi.java:113)
	at org.apache.hadoop.ozone.client.rpc.TestOzoneClientRetriesOnException.testMaxRetriesByOzoneClient(TestOzoneClientRetriesOnException.java:190)
	at sun.reflect.NativeMethodAccessorImpl.invoke0(Native Method)
	at sun.reflect.NativeMethodAccessorImpl.invoke(NativeMethodAccessorImpl.java:62)
	at sun.reflect.DelegatingMethodAccessorImpl.invoke(DelegatingMethodAccessorImpl.java:43)
	at java.lang.reflect.Method.invoke(Method.java:498)
	at org.junit.runners.model.FrameworkMethod$1.runReflectiveCall(FrameworkMethod.java:47)
	at org.junit.internal.runners.model.ReflectiveCallable.run(ReflectiveCallable.java:12)
	at org.junit.runners.model.FrameworkMethod.invokeExplosively(FrameworkMethod.java:44)
	at org.junit.internal.runners.statements.InvokeMethod.evaluate(InvokeMethod.java:17)
	at org.junit.internal.runners.statements.RunBefores.evaluate(RunBefores.java:26)
	at org.junit.internal.runners.statements.RunAfters.evaluate(RunAfters.java:27)
	at org.junit.runners.ParentRunner.runLeaf(ParentRunner.java:271)
	at org.junit.runners.BlockJUnit4ClassRunner.runChild(BlockJUnit4ClassRunner.java:70)
	at org.junit.runners.BlockJUnit4ClassRunner.runChild(BlockJUnit4ClassRunner.java:50)
	at org.junit.runners.ParentRunner$3.run(ParentRunner.java:238)
	at org.junit.runners.ParentRunner$1.schedule(ParentRunner.java:63)
	at org.junit.runners.ParentRunner.runChildren(ParentRunner.java:236)
	at org.junit.runners.ParentRunner.access$000(ParentRunner.java:53)
	at org.junit.runners.ParentRunner$2.evaluate(ParentRunner.java:229)
	at org.junit.runners.ParentRunner.run(ParentRunner.java:309)
	at org.apache.maven.surefire.junit4.JUnit4Provider.execute(JUnit4Provider.java:365)
	at org.apache.maven.surefire.junit4.JUnit4Provider.executeWithRerun(JUnit4Provider.java:273)
	at org.apache.maven.surefire.junit4.JUnit4Provider.executeTestSet(JUnit4Provider.java:238)
	at org.apache.maven.surefire.junit4.JUnit4Provider.invoke(JUnit4Provider.java:159)
	at org.apache.maven.surefire.booter.ForkedBooter.invokeProviderInSameClassLoader(ForkedBooter.java:384)
	at org.apache.maven.surefire.booter.ForkedBooter.runSuitesInProcess(ForkedBooter.java:345)
	at org.apache.maven.surefire.booter.ForkedBooter.execute(ForkedBooter.java:126)
	at org.apache.maven.surefire.booter.ForkedBooter.main(ForkedBooter.java:418)
Caused by: java.util.concurrent.ExecutionException: org.apache.ratis.protocol.StateMachineException: java.util.concurrent.CompletionException: java.lang.NullPointerException
	at java.util.concurrent.CompletableFuture.reportGet(CompletableFuture.java:357)
	at java.util.concurrent.CompletableFuture.get(CompletableFuture.java:1895)
	at org.apache.hadoop.hdds.scm.XceiverClientSpi.sendCommand(XceiverClientSpi.java:110)
	... 28 more
Caused by: org.apache.ratis.protocol.StateMachineException: java.util.concurrent.CompletionException: java.lang.NullPointerException
	at java.util.concurrent.CompletableFuture.encodeThrowable(CompletableFuture.java:273)
	at java.util.concurrent.CompletableFuture.completeThrowable(CompletableFuture.java:280)
	at java.util.concurrent.CompletableFuture$AsyncSupply.run(CompletableFuture.java:1592)
	at java.util.concurrent.ThreadPoolExecutor.runWorker(ThreadPoolExecutor.java:1149)
	at java.util.concurrent.ThreadPoolExecutor$Worker.run(ThreadPoolExecutor.java:624)
	at java.lang.Thread.run(Thread.java:748)
</error>
    <system-out><![CDATA[2019-07-30 20:48:04,567 WARN  server.ServerUtils (ServerUtils.java:getScmDbDir(145)) - ozone.scm.db.dirs is not configured. We recommend adding this setting. Falling back to ozone.metadata.dirs instead.
2019-07-30 20:48:04,605 WARN  server.ServerUtils (ServerUtils.java:getScmDbDir(145)) - ozone.scm.db.dirs is not configured. We recommend adding this setting. Falling back to ozone.metadata.dirs instead.
2019-07-30 20:48:04,605 WARN  server.ServerUtils (ServerUtils.java:getScmDbDir(145)) - ozone.scm.db.dirs is not configured. We recommend adding this setting. Falling back to ozone.metadata.dirs instead.
2019-07-30 20:48:04,606 INFO  db.DBStoreBuilder (DBStoreBuilder.java:addTable(110)) - using custom profile for table: deletedBlocks
2019-07-30 20:48:04,606 INFO  db.DBStoreBuilder (DBStoreBuilder.java:processTables(161)) - Using default column profile:DBProfile.DISK for Table:deletedBlocks
2019-07-30 20:48:04,606 INFO  db.DBStoreBuilder (DBStoreBuilder.java:addTable(110)) - using custom profile for table: validCerts
2019-07-30 20:48:04,606 INFO  db.DBStoreBuilder (DBStoreBuilder.java:processTables(161)) - Using default column profile:DBProfile.DISK for Table:validCerts
2019-07-30 20:48:04,607 INFO  db.DBStoreBuilder (DBStoreBuilder.java:addTable(110)) - using custom profile for table: revokedCerts
2019-07-30 20:48:04,607 INFO  db.DBStoreBuilder (DBStoreBuilder.java:processTables(161)) - Using default column profile:DBProfile.DISK for Table:revokedCerts
2019-07-30 20:48:04,607 INFO  db.DBStoreBuilder (DBStoreBuilder.java:addTable(110)) - using custom profile for table: default
2019-07-30 20:48:04,607 INFO  db.DBStoreBuilder (DBStoreBuilder.java:processTables(167)) - Using default column profile:DBProfile.DISK for Table:default
2019-07-30 20:48:04,607 INFO  db.DBStoreBuilder (DBStoreBuilder.java:getDbProfile(198)) - Using default options. DBProfile.DISK
2019-07-30 20:48:04,802 INFO  net.NodeSchemaLoader (NodeSchemaLoader.java:loadSchemaFromFile(125)) - Loading file from sun.misc.CompoundEnumeration@37a67cf
2019-07-30 20:48:04,802 INFO  net.NodeSchemaLoader (NodeSchemaLoader.java:loadSchema(171)) - Loading network topology layer schema file
2019-07-30 20:48:04,806 WARN  server.ServerUtils (ServerUtils.java:sanitizeUserArgs(70)) - ozone.scm.stale.node.interval value = 300000 is larger than max = 100000 based on the key value of ozone.scm.heartbeat.thread.interval, reset to the max value 100000.
2019-07-30 20:48:04,806 WARN  server.ServerUtils (ServerUtils.java:sanitizeUserArgs(70)) - ozone.scm.stale.node.interval value = 300000 is larger than max = 100000 based on the key value of ozone.scm.heartbeat.thread.interval, reset to the max value 100000.
2019-07-30 20:48:04,807 INFO  node.SCMNodeManager (SCMNodeManager.java:<init>(121)) - Entering startup safe mode.
2019-07-30 20:48:04,807 WARN  server.ServerUtils (ServerUtils.java:getScmDbDir(145)) - ozone.scm.db.dirs is not configured. We recommend adding this setting. Falling back to ozone.metadata.dirs instead.
2019-07-30 20:48:04,856 INFO  pipeline.SCMPipelineManager (SCMPipelineManager.java:initializePipelineState(126)) - No pipeline exists in current db
2019-07-30 20:48:04,856 WARN  server.ServerUtils (ServerUtils.java:getScmDbDir(145)) - ozone.scm.db.dirs is not configured. We recommend adding this setting. Falling back to ozone.metadata.dirs instead.
2019-07-30 20:48:04,922 WARN  events.EventQueue (EventQueue.java:fireEvent(175)) - No event handler registered for event TypedEvent{payloadType=SafeModeStatus, name='SafeModeStatus'}
2019-07-30 20:48:04,923 INFO  ipc.CallQueueManager (CallQueueManager.java:<init>(84)) - Using callQueue: class java.util.concurrent.LinkedBlockingQueue, queueCapacity: 2000, scheduler: class org.apache.hadoop.ipc.DefaultRpcScheduler, ipcBackoff: false.
2019-07-30 20:48:04,924 INFO  ipc.Server (Server.java:run(1074)) - Starting Socket Reader #1 for port 45427
2019-07-30 20:48:04,925 INFO  ipc.CallQueueManager (CallQueueManager.java:<init>(84)) - Using callQueue: class java.util.concurrent.LinkedBlockingQueue, queueCapacity: 2000, scheduler: class org.apache.hadoop.ipc.DefaultRpcScheduler, ipcBackoff: false.
2019-07-30 20:48:04,926 INFO  ipc.Server (Server.java:run(1074)) - Starting Socket Reader #1 for port 45587
2019-07-30 20:48:04,927 INFO  ipc.CallQueueManager (CallQueueManager.java:<init>(84)) - Using callQueue: class java.util.concurrent.LinkedBlockingQueue, queueCapacity: 2000, scheduler: class org.apache.hadoop.ipc.DefaultRpcScheduler, ipcBackoff: false.
2019-07-30 20:48:04,928 INFO  ipc.Server (Server.java:run(1074)) - Starting Socket Reader #1 for port 45770
2019-07-30 20:48:04,930 INFO  hdfs.DFSUtil (DFSUtil.java:httpServerTemplateForNNAndJN(1641)) - Starting Web-server for scm at: http://0.0.0.0:0
2019-07-30 20:48:04,933 INFO  server.AuthenticationFilter (AuthenticationFilter.java:constructSecretProvider(240)) - Unable to initialize FileSignerSecretProvider, falling back to use random secrets.
2019-07-30 20:48:04,934 WARN  http.HttpRequestLog (HttpRequestLog.java:getRequestLog(97)) - Jetty request log can only be enabled using Log4j
2019-07-30 20:48:04,936 INFO  http.HttpServer2 (HttpServer2.java:addGlobalFilter(975)) - Added global filter 'safety' (class=org.apache.hadoop.http.HttpServer2$QuotingInputFilter)
2019-07-30 20:48:04,938 INFO  http.HttpServer2 (HttpServer2.java:addFilter(948)) - Added filter static_user_filter (class=org.apache.hadoop.http.lib.StaticUserWebFilter$StaticUserFilter) to context scm
2019-07-30 20:48:04,938 INFO  http.HttpServer2 (HttpServer2.java:addFilter(958)) - Added filter static_user_filter (class=org.apache.hadoop.http.lib.StaticUserWebFilter$StaticUserFilter) to context logs
2019-07-30 20:48:04,939 INFO  http.HttpServer2 (HttpServer2.java:addFilter(958)) - Added filter static_user_filter (class=org.apache.hadoop.http.lib.StaticUserWebFilter$StaticUserFilter) to context static
2019-07-30 20:48:04,942 INFO  server.StorageContainerManager (StorageContainerManager.java:start(758)) - StorageContainerLocationProtocol RPC server is listening at /0.0.0.0:45770
2019-07-30 20:48:04,944 WARN  impl.MetricsConfig (MetricsConfig.java:loadFirst(134)) - Cannot locate configuration: tried hadoop-metrics2-storagecontainermanager.properties,hadoop-metrics2.properties
2019-07-30 20:48:04,945 INFO  impl.MetricsSystemImpl (MetricsSystemImpl.java:startTimer(374)) - Scheduled Metric snapshot period at 10 second(s).
2019-07-30 20:48:04,945 INFO  impl.MetricsSystemImpl (MetricsSystemImpl.java:start(191)) - StorageContainerManager metrics system started
2019-07-30 20:48:05,001 INFO  server.SCMClientProtocolServer (SCMClientProtocolServer.java:start(151)) - RPC server for Client  is listening at /0.0.0.0:45770
2019-07-30 20:48:05,001 INFO  ipc.Server (Server.java:run(1314)) - IPC Server Responder: starting
2019-07-30 20:48:05,001 INFO  ipc.Server (Server.java:run(1153)) - IPC Server listener on 45770: starting
2019-07-30 20:48:05,005 INFO  server.StorageContainerManager (StorageContainerManager.java:start(768)) - ScmBlockLocationProtocol RPC server is listening at /0.0.0.0:45587
2019-07-30 20:48:05,005 INFO  server.SCMBlockProtocolServer (SCMBlockProtocolServer.java:start(140)) - RPC server for Block Protocol is listening at /0.0.0.0:45587
2019-07-30 20:48:05,006 INFO  ipc.Server (Server.java:run(1314)) - IPC Server Responder: starting
2019-07-30 20:48:05,006 INFO  ipc.Server (Server.java:run(1153)) - IPC Server listener on 45587: starting
2019-07-30 20:48:05,010 INFO  server.StorageContainerManager (StorageContainerManager.java:start(772)) - ScmDatanodeProtocl RPC server is listening at /0.0.0.0:45427
2019-07-30 20:48:05,010 INFO  server.SCMDatanodeProtocolServer (SCMDatanodeProtocolServer.java:start(191)) - RPC server for DataNodes is listening at /0.0.0.0:45427
2019-07-30 20:48:05,011 INFO  ipc.Server (Server.java:run(1314)) - IPC Server Responder: starting
2019-07-30 20:48:05,011 INFO  ipc.Server (Server.java:run(1153)) - IPC Server listener on 45427: starting
2019-07-30 20:48:05,015 INFO  http.HttpServer2 (HttpServer2.java:bindListener(1191)) - Jetty bound to port 34301
2019-07-30 20:48:05,016 INFO  server.Server (Server.java:doStart(351)) - jetty-9.3.24.v20180605, build timestamp: 2018-06-05T17:11:56Z, git hash: 84205aa28f11a4f31f2a3b86d1bba2cc8ab69827
2019-07-30 20:48:05,018 INFO  handler.ContextHandler (ContextHandler.java:doStart(781)) - Started o.e.j.s.ServletContextHandler@9f9146d{/logs,file:///workdir/hadoop-ozone/integration-test/target/log,AVAILABLE}
2019-07-30 20:48:05,018 INFO  handler.ContextHandler (ContextHandler.java:doStart(781)) - Started o.e.j.s.ServletContextHandler@45e7bb79{/static,file:///workdir/hadoop-ozone/integration-test/target/test-classes/webapps/static,AVAILABLE}
2019-07-30 20:48:05,024 INFO  handler.ContextHandler (ContextHandler.java:doStart(781)) - Started o.e.j.w.WebAppContext@456aa471{/,file:///workdir/hadoop-ozone/integration-test/target/test-classes/webapps/scm/,AVAILABLE}{/scm}
2019-07-30 20:48:05,025 INFO  server.AbstractConnector (AbstractConnector.java:doStart(278)) - Started ServerConnector@69e2fe3b{HTTP/1.1,[http/1.1]}{0.0.0.0:34301}
2019-07-30 20:48:05,026 INFO  server.Server (Server.java:doStart(419)) - Started @52197ms
2019-07-30 20:48:05,027 INFO  server.BaseHttpServer (BaseHttpServer.java:updateConnectorAddress(207)) - HTTP server of SCM is listening at http://0.0.0.0:34301
2019-07-30 20:48:05,027 WARN  server.ServerUtils (ServerUtils.java:getDBPath(222)) - ozone.om.db.dirs is not configured. We recommend adding this setting. Falling back to ozone.metadata.dirs instead.
2019-07-30 20:48:05,028 INFO  util.JvmPauseMonitor (JvmPauseMonitor.java:run(188)) - Starting JVM pause monitor
2019-07-30 20:48:05,042 WARN  server.ServerUtils (ServerUtils.java:getDBPath(222)) - ozone.om.db.dirs is not configured. We recommend adding this setting. Falling back to ozone.metadata.dirs instead.
2019-07-30 20:48:05,042 WARN  server.ServerUtils (ServerUtils.java:getDBPath(222)) - ozone.om.db.dirs is not configured. We recommend adding this setting. Falling back to ozone.metadata.dirs instead.
2019-07-30 20:48:05,042 INFO  om.OzoneManager (OzoneManager.java:setOMNodeDetails(644)) - OM Service ID is not set. Setting it to the default ID: omServiceIdDefault
2019-07-30 20:48:05,043 INFO  om.OzoneManager (OzoneManager.java:setOMNodeDetails(650)) - OM Node ID is not set. Setting it to the OmStorage's OmID: 7c2488fe-fce3-43d3-b398-bc78f01dd8d8
2019-07-30 20:48:05,043 INFO  om.OzoneManager (OzoneManager.java:loadOMHAConfigs(601)) - Found matching OM address with OMServiceId: null, OMNodeId: null, RPC Address: localhost:0 and Ratis port: 9872
2019-07-30 20:48:05,050 WARN  server.ServerUtils (ServerUtils.java:getDBPath(222)) - ozone.om.db.dirs is not configured. We recommend adding this setting. Falling back to ozone.metadata.dirs instead.
2019-07-30 20:48:05,051 INFO  db.DBStoreBuilder (DBStoreBuilder.java:addTable(110)) - using custom profile for table: userTable
2019-07-30 20:48:05,051 INFO  db.DBStoreBuilder (DBStoreBuilder.java:processTables(161)) - Using default column profile:DBProfile.DISK for Table:userTable
2019-07-30 20:48:05,051 INFO  db.DBStoreBuilder (DBStoreBuilder.java:addTable(110)) - using custom profile for table: volumeTable
2019-07-30 20:48:05,051 INFO  db.DBStoreBuilder (DBStoreBuilder.java:processTables(161)) - Using default column profile:DBProfile.DISK for Table:volumeTable
2019-07-30 20:48:05,052 INFO  db.DBStoreBuilder (DBStoreBuilder.java:addTable(110)) - using custom profile for table: bucketTable
2019-07-30 20:48:05,052 INFO  db.DBStoreBuilder (DBStoreBuilder.java:processTables(161)) - Using default column profile:DBProfile.DISK for Table:bucketTable
2019-07-30 20:48:05,052 INFO  db.DBStoreBuilder (DBStoreBuilder.java:addTable(110)) - using custom profile for table: keyTable
2019-07-30 20:48:05,052 INFO  db.DBStoreBuilder (DBStoreBuilder.java:processTables(161)) - Using default column profile:DBProfile.DISK for Table:keyTable
2019-07-30 20:48:05,053 INFO  db.DBStoreBuilder (DBStoreBuilder.java:addTable(110)) - using custom profile for table: deletedTable
2019-07-30 20:48:05,053 INFO  db.DBStoreBuilder (DBStoreBuilder.java:processTables(161)) - Using default column profile:DBProfile.DISK for Table:deletedTable
2019-07-30 20:48:05,053 INFO  db.DBStoreBuilder (DBStoreBuilder.java:addTable(110)) - using custom profile for table: openKeyTable
2019-07-30 20:48:05,053 INFO  db.DBStoreBuilder (DBStoreBuilder.java:processTables(161)) - Using default column profile:DBProfile.DISK for Table:openKeyTable
2019-07-30 20:48:05,054 INFO  db.DBStoreBuilder (DBStoreBuilder.java:addTable(110)) - using custom profile for table: s3Table
2019-07-30 20:48:05,054 INFO  db.DBStoreBuilder (DBStoreBuilder.java:processTables(161)) - Using default column profile:DBProfile.DISK for Table:s3Table
2019-07-30 20:48:05,054 INFO  db.DBStoreBuilder (DBStoreBuilder.java:addTable(110)) - using custom profile for table: multipartInfoTable
2019-07-30 20:48:05,054 INFO  db.DBStoreBuilder (DBStoreBuilder.java:processTables(161)) - Using default column profile:DBProfile.DISK for Table:multipartInfoTable
2019-07-30 20:48:05,054 INFO  db.DBStoreBuilder (DBStoreBuilder.java:addTable(110)) - using custom profile for table: dTokenTable
2019-07-30 20:48:05,055 INFO  db.DBStoreBuilder (DBStoreBuilder.java:processTables(161)) - Using default column profile:DBProfile.DISK for Table:dTokenTable
2019-07-30 20:48:05,055 INFO  db.DBStoreBuilder (DBStoreBuilder.java:addTable(110)) - using custom profile for table: s3SecretTable
2019-07-30 20:48:05,055 INFO  db.DBStoreBuilder (DBStoreBuilder.java:processTables(161)) - Using default column profile:DBProfile.DISK for Table:s3SecretTable
2019-07-30 20:48:05,055 INFO  db.DBStoreBuilder (DBStoreBuilder.java:addTable(110)) - using custom profile for table: prefixTable
2019-07-30 20:48:05,056 INFO  db.DBStoreBuilder (DBStoreBuilder.java:processTables(161)) - Using default column profile:DBProfile.DISK for Table:prefixTable
2019-07-30 20:48:05,056 INFO  db.DBStoreBuilder (DBStoreBuilder.java:addTable(110)) - using custom profile for table: default
2019-07-30 20:48:05,056 INFO  db.DBStoreBuilder (DBStoreBuilder.java:processTables(167)) - Using default column profile:DBProfile.DISK for Table:default
2019-07-30 20:48:05,056 INFO  db.DBStoreBuilder (DBStoreBuilder.java:getDbProfile(198)) - Using default options. DBProfile.DISK
2019-07-30 20:48:05,656 INFO  ipc.CallQueueManager (CallQueueManager.java:<init>(84)) - Using callQueue: class java.util.concurrent.LinkedBlockingQueue, queueCapacity: 2000, scheduler: class org.apache.hadoop.ipc.DefaultRpcScheduler, ipcBackoff: false.
2019-07-30 20:48:05,657 INFO  ipc.Server (Server.java:run(1074)) - Starting Socket Reader #1 for port 33352
2019-07-30 20:48:05,678 INFO  om.OzoneManager (OzoneManager.java:start(1255)) - OzoneManager RPC server is listening at localhost/127.0.0.1:33352
2019-07-30 20:48:05,678 INFO  impl.MetricsSystemImpl (MetricsSystemImpl.java:init(158)) - OzoneManager metrics system started (again)
2019-07-30 20:48:05,679 INFO  ipc.Server (Server.java:run(1314)) - IPC Server Responder: starting
2019-07-30 20:48:05,679 INFO  ipc.Server (Server.java:run(1153)) - IPC Server listener on 33352: starting
2019-07-30 20:48:05,686 INFO  hdfs.DFSUtil (DFSUtil.java:httpServerTemplateForNNAndJN(1641)) - Starting Web-server for ozoneManager at: http://0.0.0.0:0
2019-07-30 20:48:05,688 INFO  server.AuthenticationFilter (AuthenticationFilter.java:constructSecretProvider(240)) - Unable to initialize FileSignerSecretProvider, falling back to use random secrets.
2019-07-30 20:48:05,689 WARN  http.HttpRequestLog (HttpRequestLog.java:getRequestLog(97)) - Jetty request log can only be enabled using Log4j
2019-07-30 20:48:05,691 INFO  http.HttpServer2 (HttpServer2.java:addGlobalFilter(975)) - Added global filter 'safety' (class=org.apache.hadoop.http.HttpServer2$QuotingInputFilter)
2019-07-30 20:48:05,692 INFO  http.HttpServer2 (HttpServer2.java:addFilter(948)) - Added filter static_user_filter (class=org.apache.hadoop.http.lib.StaticUserWebFilter$StaticUserFilter) to context ozoneManager
2019-07-30 20:48:05,692 INFO  http.HttpServer2 (HttpServer2.java:addFilter(958)) - Added filter static_user_filter (class=org.apache.hadoop.http.lib.StaticUserWebFilter$StaticUserFilter) to context logs
2019-07-30 20:48:05,692 INFO  http.HttpServer2 (HttpServer2.java:addFilter(958)) - Added filter static_user_filter (class=org.apache.hadoop.http.lib.StaticUserWebFilter$StaticUserFilter) to context static
2019-07-30 20:48:05,693 INFO  http.HttpServer2 (HttpServer2.java:bindListener(1191)) - Jetty bound to port 42894
2019-07-30 20:48:05,694 INFO  server.Server (Server.java:doStart(351)) - jetty-9.3.24.v20180605, build timestamp: 2018-06-05T17:11:56Z, git hash: 84205aa28f11a4f31f2a3b86d1bba2cc8ab69827
2019-07-30 20:48:05,696 INFO  handler.ContextHandler (ContextHandler.java:doStart(781)) - Started o.e.j.s.ServletContextHandler@300bb303{/logs,file:///workdir/hadoop-ozone/integration-test/target/log,AVAILABLE}
2019-07-30 20:48:05,696 INFO  handler.ContextHandler (ContextHandler.java:doStart(781)) - Started o.e.j.s.ServletContextHandler@d1c5cf2{/static,file:///workdir/hadoop-ozone/integration-test/target/test-classes/webapps/static,AVAILABLE}
2019-07-30 20:48:05,702 INFO  handler.ContextHandler (ContextHandler.java:doStart(781)) - Started o.e.j.w.WebAppContext@43deba42{/,file:///workdir/hadoop-ozone/integration-test/target/test-classes/webapps/ozoneManager/,AVAILABLE}{/ozoneManager}
2019-07-30 20:48:05,703 INFO  server.AbstractConnector (AbstractConnector.java:doStart(278)) - Started ServerConnector@e795a1d{HTTP/1.1,[http/1.1]}{0.0.0.0:42894}
2019-07-30 20:48:05,704 INFO  server.Server (Server.java:doStart(419)) - Started @52876ms
2019-07-30 20:48:05,705 INFO  server.BaseHttpServer (BaseHttpServer.java:updateConnectorAddress(207)) - HTTP server of OZONEMANAGER is listening at http://0.0.0.0:42894
2019-07-30 20:48:05,723 INFO  impl.MetricsSystemImpl (MetricsSystemImpl.java:init(158)) - HddsDatanode metrics system started (again)
2019-07-30 20:48:05,725 INFO  ozone.HddsDatanodeService (HddsDatanodeService.java:start(184)) - HddsDatanodeService host:byscane-nightly-zbvcj-1516659162 ip:192.168.69.110
2019-07-30 20:48:05,732 INFO  volume.HddsVolume (HddsVolume.java:<init>(176)) - Creating Volume: /workdir/hadoop-ozone/integration-test/target/test-dir/MiniOzoneClusterImpl-ffb9f6fc-8aeb-40ae-a3cf-4369b53e790c/datanode-0/data/containers/hdds of  storage type : DISK and capacity : 52710309888
2019-07-30 20:48:05,733 INFO  volume.VolumeSet (VolumeSet.java:initializeVolumeSet(170)) - Added Volume : /workdir/hadoop-ozone/integration-test/target/test-dir/MiniOzoneClusterImpl-ffb9f6fc-8aeb-40ae-a3cf-4369b53e790c/datanode-0/data/containers/hdds to VolumeSet
2019-07-30 20:48:05,733 INFO  volume.ThrottledAsyncChecker (ThrottledAsyncChecker.java:schedule(140)) - Scheduling a check for org.apache.hadoop.ozone.container.common.volume.HddsVolume@1bb96449
2019-07-30 20:48:05,734 INFO  volume.HddsVolumeChecker (HddsVolumeChecker.java:checkAllVolumes(203)) - Scheduled health check for volume org.apache.hadoop.ozone.container.common.volume.HddsVolume@1bb96449
2019-07-30 20:48:05,755 INFO  impl.RaftServerProxy (ConfUtils.java:logGet(43)) - raft.rpc.type = GRPC (default)
2019-07-30 20:48:05,755 INFO  grpc.GrpcFactory (GrpcFactory.java:checkPooledByteBufAllocatorUseCacheForAllThreads(45)) - PERFORMANCE WARNING: useCacheForAllThreads is true that may cause Netty to create a lot garbage objects and, as a result, trigger GC.
	It is recommended to disable useCacheForAllThreads by setting -Dorg.apache.ratis.thirdparty.io.netty.allocator.useCacheForAllThreads=false in command line.
2019-07-30 20:48:05,755 INFO  grpc.GrpcConfigKeys$Server (ConfUtils.java:logGet(43)) - raft.grpc.server.port = 0 (default)
2019-07-30 20:48:05,756 INFO  server.GrpcService (ConfUtils.java:logGet(43)) - raft.grpc.message.size.max = 33570816 (custom)
2019-07-30 20:48:05,756 INFO  server.RaftServerConfigKeys (ConfUtils.java:logGet(43)) - raft.server.log.appender.buffer.byte-limit = 33554432 (custom)
2019-07-30 20:48:05,757 INFO  server.GrpcService (ConfUtils.java:logGet(43)) - raft.grpc.flow.control.window = 1MB (=1048576) (default)
2019-07-30 20:48:05,757 INFO  server.RaftServerConfigKeys (ConfUtils.java:logGet(43)) - raft.server.rpc.request.timeout = 3000ms (default)
2019-07-30 20:48:05,758 INFO  server.RaftServerConfigKeys (ConfUtils.java:logGet(43)) - raft.server.storage.dir = [/workdir/hadoop-ozone/integration-test/target/test-dir/MiniOzoneClusterImpl-ffb9f6fc-8aeb-40ae-a3cf-4369b53e790c/datanode-0/data/ratis] (custom)
2019-07-30 20:48:05,759 INFO  replication.SimpleContainerDownloader (SimpleContainerDownloader.java:<init>(72)) - Starting container downloader service to copy containers to replicate.
2019-07-30 20:48:05,761 INFO  hdfs.DFSUtil (DFSUtil.java:httpServerTemplateForNNAndJN(1641)) - Starting Web-server for hddsDatanode at: http://0.0.0.0:0
2019-07-30 20:48:05,762 INFO  server.AuthenticationFilter (AuthenticationFilter.java:constructSecretProvider(240)) - Unable to initialize FileSignerSecretProvider, falling back to use random secrets.
2019-07-30 20:48:05,762 WARN  http.HttpRequestLog (HttpRequestLog.java:getRequestLog(97)) - Jetty request log can only be enabled using Log4j
2019-07-30 20:48:05,764 INFO  http.HttpServer2 (HttpServer2.java:addGlobalFilter(975)) - Added global filter 'safety' (class=org.apache.hadoop.http.HttpServer2$QuotingInputFilter)
2019-07-30 20:48:05,765 INFO  http.HttpServer2 (HttpServer2.java:addFilter(948)) - Added filter static_user_filter (class=org.apache.hadoop.http.lib.StaticUserWebFilter$StaticUserFilter) to context hddsDatanode
2019-07-30 20:48:05,765 INFO  http.HttpServer2 (HttpServer2.java:addFilter(958)) - Added filter static_user_filter (class=org.apache.hadoop.http.lib.StaticUserWebFilter$StaticUserFilter) to context static
2019-07-30 20:48:05,765 INFO  http.HttpServer2 (HttpServer2.java:addFilter(958)) - Added filter static_user_filter (class=org.apache.hadoop.http.lib.StaticUserWebFilter$StaticUserFilter) to context logs
2019-07-30 20:48:05,766 INFO  http.HttpServer2 (HttpServer2.java:bindListener(1191)) - Jetty bound to port 41990
2019-07-30 20:48:05,766 INFO  server.Server (Server.java:doStart(351)) - jetty-9.3.24.v20180605, build timestamp: 2018-06-05T17:11:56Z, git hash: 84205aa28f11a4f31f2a3b86d1bba2cc8ab69827
2019-07-30 20:48:05,768 INFO  handler.ContextHandler (ContextHandler.java:doStart(781)) - Started o.e.j.s.ServletContextHandler@505f45cc{/logs,file:///workdir/hadoop-ozone/integration-test/target/log,AVAILABLE}
2019-07-30 20:48:05,768 INFO  handler.ContextHandler (ContextHandler.java:doStart(781)) - Started o.e.j.s.ServletContextHandler@5df92089{/static,jar:file:/home/user/.m2/repository/org/apache/hadoop/hadoop-hdds-container-service/0.4.1-SNAPSHOT/hadoop-hdds-container-service-0.4.1-SNAPSHOT.jar!/webapps/static,AVAILABLE}
2019-07-30 20:48:05,801 INFO  handler.ContextHandler (ContextHandler.java:doStart(781)) - Started o.e.j.w.WebAppContext@27d73d22{/,file:///tmp/jetty-0.0.0.0-41990-hddsDatanode-_-any-445657055771662605.dir/webapp/,AVAILABLE}{/hddsDatanode}
2019-07-30 20:48:05,801 INFO  server.AbstractConnector (AbstractConnector.java:doStart(278)) - Started ServerConnector@7fd751de{HTTP/1.1,[http/1.1]}{0.0.0.0:41990}
2019-07-30 20:48:05,803 INFO  server.Server (Server.java:doStart(419)) - Started @52974ms
2019-07-30 20:48:05,803 INFO  server.BaseHttpServer (BaseHttpServer.java:updateConnectorAddress(207)) - HTTP server of HDDSDATANODE is listening at http://0.0.0.0:41990
2019-07-30 20:48:05,964 INFO  ozone.HddsDatanodeService (HddsDatanodeService.java:startPlugins(395)) - Started plug-in org.apache.hadoop.ozone.web.OzoneHddsDatanodeService@15186ce0
2019-07-30 20:48:05,964 INFO  impl.MetricsSystemImpl (MetricsSystemImpl.java:init(158)) - HddsDatanode metrics system started (again)
2019-07-30 20:48:05,968 INFO  ozone.HddsDatanodeService (HddsDatanodeService.java:start(184)) - HddsDatanodeService host:byscane-nightly-zbvcj-1516659162 ip:192.168.69.110
2019-07-30 20:48:05,968 INFO  util.JvmPauseMonitor (JvmPauseMonitor.java:run(188)) - Starting JVM pause monitor
2019-07-30 20:48:05,971 INFO  datanode.InitDatanodeState (InitDatanodeState.java:persistContainerDatanodeDetails(140)) - DatanodeDetails is persisted to /workdir/hadoop-ozone/integration-test/target/test-dir/MiniOzoneClusterImpl-ffb9f6fc-8aeb-40ae-a3cf-4369b53e790c/datanode-0/meta/datanode.id
2019-07-30 20:48:05,975 INFO  volume.HddsVolume (HddsVolume.java:<init>(176)) - Creating Volume: /workdir/hadoop-ozone/integration-test/target/test-dir/MiniOzoneClusterImpl-ffb9f6fc-8aeb-40ae-a3cf-4369b53e790c/datanode-1/data/containers/hdds of  storage type : DISK and capacity : 52710309888
2019-07-30 20:48:05,975 INFO  volume.VolumeSet (VolumeSet.java:initializeVolumeSet(170)) - Added Volume : /workdir/hadoop-ozone/integration-test/target/test-dir/MiniOzoneClusterImpl-ffb9f6fc-8aeb-40ae-a3cf-4369b53e790c/datanode-1/data/containers/hdds to VolumeSet
2019-07-30 20:48:05,976 INFO  volume.ThrottledAsyncChecker (ThrottledAsyncChecker.java:schedule(140)) - Scheduling a check for org.apache.hadoop.ozone.container.common.volume.HddsVolume@1109730f
2019-07-30 20:48:05,976 INFO  volume.HddsVolumeChecker (HddsVolumeChecker.java:checkAllVolumes(203)) - Scheduled health check for volume org.apache.hadoop.ozone.container.common.volume.HddsVolume@1109730f
2019-07-30 20:48:05,992 INFO  impl.RaftServerProxy (ConfUtils.java:logGet(43)) - raft.rpc.type = GRPC (default)
2019-07-30 20:48:05,992 INFO  grpc.GrpcFactory (GrpcFactory.java:checkPooledByteBufAllocatorUseCacheForAllThreads(45)) - PERFORMANCE WARNING: useCacheForAllThreads is true that may cause Netty to create a lot garbage objects and, as a result, trigger GC.
	It is recommended to disable useCacheForAllThreads by setting -Dorg.apache.ratis.thirdparty.io.netty.allocator.useCacheForAllThreads=false in command line.
2019-07-30 20:48:05,993 INFO  grpc.GrpcConfigKeys$Server (ConfUtils.java:logGet(43)) - raft.grpc.server.port = 0 (default)
2019-07-30 20:48:05,993 INFO  server.GrpcService (ConfUtils.java:logGet(43)) - raft.grpc.message.size.max = 33570816 (custom)
2019-07-30 20:48:05,993 INFO  server.RaftServerConfigKeys (ConfUtils.java:logGet(43)) - raft.server.log.appender.buffer.byte-limit = 33554432 (custom)
2019-07-30 20:48:05,993 INFO  server.GrpcService (ConfUtils.java:logGet(43)) - raft.grpc.flow.control.window = 1MB (=1048576) (default)
2019-07-30 20:48:05,993 INFO  server.RaftServerConfigKeys (ConfUtils.java:logGet(43)) - raft.server.rpc.request.timeout = 3000ms (default)
2019-07-30 20:48:05,994 INFO  server.RaftServerConfigKeys (ConfUtils.java:logGet(43)) - raft.server.storage.dir = [/workdir/hadoop-ozone/integration-test/target/test-dir/MiniOzoneClusterImpl-ffb9f6fc-8aeb-40ae-a3cf-4369b53e790c/datanode-1/data/ratis] (custom)
2019-07-30 20:48:05,994 INFO  replication.SimpleContainerDownloader (SimpleContainerDownloader.java:<init>(72)) - Starting container downloader service to copy containers to replicate.
2019-07-30 20:48:05,996 INFO  hdfs.DFSUtil (DFSUtil.java:httpServerTemplateForNNAndJN(1641)) - Starting Web-server for hddsDatanode at: http://0.0.0.0:0
2019-07-30 20:48:05,998 INFO  server.AuthenticationFilter (AuthenticationFilter.java:constructSecretProvider(240)) - Unable to initialize FileSignerSecretProvider, falling back to use random secrets.
2019-07-30 20:48:05,998 WARN  http.HttpRequestLog (HttpRequestLog.java:getRequestLog(97)) - Jetty request log can only be enabled using Log4j
2019-07-30 20:48:06,000 INFO  http.HttpServer2 (HttpServer2.java:addGlobalFilter(975)) - Added global filter 'safety' (class=org.apache.hadoop.http.HttpServer2$QuotingInputFilter)
2019-07-30 20:48:06,001 INFO  http.HttpServer2 (HttpServer2.java:addFilter(948)) - Added filter static_user_filter (class=org.apache.hadoop.http.lib.StaticUserWebFilter$StaticUserFilter) to context hddsDatanode
2019-07-30 20:48:06,001 INFO  http.HttpServer2 (HttpServer2.java:addFilter(958)) - Added filter static_user_filter (class=org.apache.hadoop.http.lib.StaticUserWebFilter$StaticUserFilter) to context logs
2019-07-30 20:48:06,002 INFO  http.HttpServer2 (HttpServer2.java:addFilter(958)) - Added filter static_user_filter (class=org.apache.hadoop.http.lib.StaticUserWebFilter$StaticUserFilter) to context static
2019-07-30 20:48:06,003 INFO  http.HttpServer2 (HttpServer2.java:bindListener(1191)) - Jetty bound to port 46783
2019-07-30 20:48:06,003 INFO  server.Server (Server.java:doStart(351)) - jetty-9.3.24.v20180605, build timestamp: 2018-06-05T17:11:56Z, git hash: 84205aa28f11a4f31f2a3b86d1bba2cc8ab69827
2019-07-30 20:48:06,005 INFO  handler.ContextHandler (ContextHandler.java:doStart(781)) - Started o.e.j.s.ServletContextHandler@f4f843f{/logs,file:///workdir/hadoop-ozone/integration-test/target/log,AVAILABLE}
2019-07-30 20:48:06,006 INFO  handler.ContextHandler (ContextHandler.java:doStart(781)) - Started o.e.j.s.ServletContextHandler@1e471884{/static,jar:file:/home/user/.m2/repository/org/apache/hadoop/hadoop-hdds-container-service/0.4.1-SNAPSHOT/hadoop-hdds-container-service-0.4.1-SNAPSHOT.jar!/webapps/static,AVAILABLE}
2019-07-30 20:48:06,048 INFO  handler.ContextHandler (ContextHandler.java:doStart(781)) - Started o.e.j.w.WebAppContext@734f8317{/,file:///tmp/jetty-0.0.0.0-46783-hddsDatanode-_-any-1742117316886570454.dir/webapp/,AVAILABLE}{/hddsDatanode}
2019-07-30 20:48:06,048 INFO  server.AbstractConnector (AbstractConnector.java:doStart(278)) - Started ServerConnector@7dd3981e{HTTP/1.1,[http/1.1]}{0.0.0.0:46783}
2019-07-30 20:48:06,050 INFO  server.Server (Server.java:doStart(419)) - Started @53221ms
2019-07-30 20:48:06,050 INFO  server.BaseHttpServer (BaseHttpServer.java:updateConnectorAddress(207)) - HTTP server of HDDSDATANODE is listening at http://0.0.0.0:46783
2019-07-30 20:48:06,173 INFO  ozone.HddsDatanodeService (HddsDatanodeService.java:startPlugins(395)) - Started plug-in org.apache.hadoop.ozone.web.OzoneHddsDatanodeService@1aeff8ca
2019-07-30 20:48:06,174 INFO  impl.MetricsSystemImpl (MetricsSystemImpl.java:init(158)) - HddsDatanode metrics system started (again)
2019-07-30 20:48:06,178 INFO  util.JvmPauseMonitor (JvmPauseMonitor.java:run(188)) - Starting JVM pause monitor
2019-07-30 20:48:06,179 INFO  ozone.HddsDatanodeService (HddsDatanodeService.java:start(184)) - HddsDatanodeService host:byscane-nightly-zbvcj-1516659162 ip:192.168.69.110
2019-07-30 20:48:06,180 INFO  datanode.InitDatanodeState (InitDatanodeState.java:persistContainerDatanodeDetails(140)) - DatanodeDetails is persisted to /workdir/hadoop-ozone/integration-test/target/test-dir/MiniOzoneClusterImpl-ffb9f6fc-8aeb-40ae-a3cf-4369b53e790c/datanode-1/meta/datanode.id
2019-07-30 20:48:06,187 INFO  volume.HddsVolume (HddsVolume.java:<init>(176)) - Creating Volume: /workdir/hadoop-ozone/integration-test/target/test-dir/MiniOzoneClusterImpl-ffb9f6fc-8aeb-40ae-a3cf-4369b53e790c/datanode-2/data/containers/hdds of  storage type : DISK and capacity : 52710309888
2019-07-30 20:48:06,188 INFO  volume.VolumeSet (VolumeSet.java:initializeVolumeSet(170)) - Added Volume : /workdir/hadoop-ozone/integration-test/target/test-dir/MiniOzoneClusterImpl-ffb9f6fc-8aeb-40ae-a3cf-4369b53e790c/datanode-2/data/containers/hdds to VolumeSet
2019-07-30 20:48:06,188 INFO  volume.ThrottledAsyncChecker (ThrottledAsyncChecker.java:schedule(140)) - Scheduling a check for org.apache.hadoop.ozone.container.common.volume.HddsVolume@66b6873f
2019-07-30 20:48:06,189 INFO  volume.HddsVolumeChecker (HddsVolumeChecker.java:checkAllVolumes(203)) - Scheduled health check for volume org.apache.hadoop.ozone.container.common.volume.HddsVolume@66b6873f
2019-07-30 20:48:06,208 INFO  impl.RaftServerProxy (ConfUtils.java:logGet(43)) - raft.rpc.type = GRPC (default)
2019-07-30 20:48:06,209 INFO  grpc.GrpcFactory (GrpcFactory.java:checkPooledByteBufAllocatorUseCacheForAllThreads(45)) - PERFORMANCE WARNING: useCacheForAllThreads is true that may cause Netty to create a lot garbage objects and, as a result, trigger GC.
	It is recommended to disable useCacheForAllThreads by setting -Dorg.apache.ratis.thirdparty.io.netty.allocator.useCacheForAllThreads=false in command line.
2019-07-30 20:48:06,209 INFO  grpc.GrpcConfigKeys$Server (ConfUtils.java:logGet(43)) - raft.grpc.server.port = 0 (default)
2019-07-30 20:48:06,209 INFO  server.GrpcService (ConfUtils.java:logGet(43)) - raft.grpc.message.size.max = 33570816 (custom)
2019-07-30 20:48:06,210 INFO  server.RaftServerConfigKeys (ConfUtils.java:logGet(43)) - raft.server.log.appender.buffer.byte-limit = 33554432 (custom)
2019-07-30 20:48:06,210 INFO  server.GrpcService (ConfUtils.java:logGet(43)) - raft.grpc.flow.control.window = 1MB (=1048576) (default)
2019-07-30 20:48:06,210 INFO  server.RaftServerConfigKeys (ConfUtils.java:logGet(43)) - raft.server.rpc.request.timeout = 3000ms (default)
2019-07-30 20:48:06,211 INFO  server.RaftServerConfigKeys (ConfUtils.java:logGet(43)) - raft.server.storage.dir = [/workdir/hadoop-ozone/integration-test/target/test-dir/MiniOzoneClusterImpl-ffb9f6fc-8aeb-40ae-a3cf-4369b53e790c/datanode-2/data/ratis] (custom)
2019-07-30 20:48:06,211 INFO  replication.SimpleContainerDownloader (SimpleContainerDownloader.java:<init>(72)) - Starting container downloader service to copy containers to replicate.
2019-07-30 20:48:06,213 INFO  hdfs.DFSUtil (DFSUtil.java:httpServerTemplateForNNAndJN(1641)) - Starting Web-server for hddsDatanode at: http://0.0.0.0:0
2019-07-30 20:48:06,215 INFO  server.AuthenticationFilter (AuthenticationFilter.java:constructSecretProvider(240)) - Unable to initialize FileSignerSecretProvider, falling back to use random secrets.
2019-07-30 20:48:06,216 WARN  http.HttpRequestLog (HttpRequestLog.java:getRequestLog(97)) - Jetty request log can only be enabled using Log4j
2019-07-30 20:48:06,218 INFO  http.HttpServer2 (HttpServer2.java:addGlobalFilter(975)) - Added global filter 'safety' (class=org.apache.hadoop.http.HttpServer2$QuotingInputFilter)
2019-07-30 20:48:06,219 INFO  http.HttpServer2 (HttpServer2.java:addFilter(948)) - Added filter static_user_filter (class=org.apache.hadoop.http.lib.StaticUserWebFilter$StaticUserFilter) to context hddsDatanode
2019-07-30 20:48:06,219 INFO  http.HttpServer2 (HttpServer2.java:addFilter(958)) - Added filter static_user_filter (class=org.apache.hadoop.http.lib.StaticUserWebFilter$StaticUserFilter) to context logs
2019-07-30 20:48:06,219 INFO  http.HttpServer2 (HttpServer2.java:addFilter(958)) - Added filter static_user_filter (class=org.apache.hadoop.http.lib.StaticUserWebFilter$StaticUserFilter) to context static
2019-07-30 20:48:06,220 INFO  http.HttpServer2 (HttpServer2.java:bindListener(1191)) - Jetty bound to port 39020
2019-07-30 20:48:06,221 INFO  server.Server (Server.java:doStart(351)) - jetty-9.3.24.v20180605, build timestamp: 2018-06-05T17:11:56Z, git hash: 84205aa28f11a4f31f2a3b86d1bba2cc8ab69827
2019-07-30 20:48:06,224 INFO  handler.ContextHandler (ContextHandler.java:doStart(781)) - Started o.e.j.s.ServletContextHandler@2d801d8{/logs,file:///workdir/hadoop-ozone/integration-test/target/log,AVAILABLE}
2019-07-30 20:48:06,225 INFO  handler.ContextHandler (ContextHandler.java:doStart(781)) - Started o.e.j.s.ServletContextHandler@2807cf3{/static,jar:file:/home/user/.m2/repository/org/apache/hadoop/hadoop-hdds-container-service/0.4.1-SNAPSHOT/hadoop-hdds-container-service-0.4.1-SNAPSHOT.jar!/webapps/static,AVAILABLE}
2019-07-30 20:48:06,268 INFO  handler.ContextHandler (ContextHandler.java:doStart(781)) - Started o.e.j.w.WebAppContext@52657d5f{/,file:///tmp/jetty-0.0.0.0-39020-hddsDatanode-_-any-4882790397831880895.dir/webapp/,AVAILABLE}{/hddsDatanode}
2019-07-30 20:48:06,268 INFO  server.AbstractConnector (AbstractConnector.java:doStart(278)) - Started ServerConnector@43d3995f{HTTP/1.1,[http/1.1]}{0.0.0.0:39020}
2019-07-30 20:48:06,270 INFO  server.Server (Server.java:doStart(419)) - Started @53441ms
2019-07-30 20:48:06,270 INFO  server.BaseHttpServer (BaseHttpServer.java:updateConnectorAddress(207)) - HTTP server of HDDSDATANODE is listening at http://0.0.0.0:39020
2019-07-30 20:48:06,390 INFO  ozone.HddsDatanodeService (HddsDatanodeService.java:startPlugins(395)) - Started plug-in org.apache.hadoop.ozone.web.OzoneHddsDatanodeService@1c011855
2019-07-30 20:48:06,390 INFO  impl.MetricsSystemImpl (MetricsSystemImpl.java:init(158)) - HddsDatanode metrics system started (again)
2019-07-30 20:48:06,395 INFO  ozone.HddsDatanodeService (HddsDatanodeService.java:start(184)) - HddsDatanodeService host:byscane-nightly-zbvcj-1516659162 ip:192.168.69.110
2019-07-30 20:48:06,395 INFO  util.JvmPauseMonitor (JvmPauseMonitor.java:run(188)) - Starting JVM pause monitor
2019-07-30 20:48:06,397 INFO  datanode.InitDatanodeState (InitDatanodeState.java:persistContainerDatanodeDetails(140)) - DatanodeDetails is persisted to /workdir/hadoop-ozone/integration-test/target/test-dir/MiniOzoneClusterImpl-ffb9f6fc-8aeb-40ae-a3cf-4369b53e790c/datanode-2/meta/datanode.id
2019-07-30 20:48:06,402 INFO  volume.HddsVolume (HddsVolume.java:<init>(176)) - Creating Volume: /workdir/hadoop-ozone/integration-test/target/test-dir/MiniOzoneClusterImpl-ffb9f6fc-8aeb-40ae-a3cf-4369b53e790c/datanode-3/data/containers/hdds of  storage type : DISK and capacity : 52710309888
2019-07-30 20:48:06,402 INFO  volume.VolumeSet (VolumeSet.java:initializeVolumeSet(170)) - Added Volume : /workdir/hadoop-ozone/integration-test/target/test-dir/MiniOzoneClusterImpl-ffb9f6fc-8aeb-40ae-a3cf-4369b53e790c/datanode-3/data/containers/hdds to VolumeSet
2019-07-30 20:48:06,402 INFO  volume.ThrottledAsyncChecker (ThrottledAsyncChecker.java:schedule(140)) - Scheduling a check for org.apache.hadoop.ozone.container.common.volume.HddsVolume@1d2046bb
2019-07-30 20:48:06,403 INFO  volume.HddsVolumeChecker (HddsVolumeChecker.java:checkAllVolumes(203)) - Scheduled health check for volume org.apache.hadoop.ozone.container.common.volume.HddsVolume@1d2046bb
2019-07-30 20:48:06,416 INFO  impl.RaftServerProxy (ConfUtils.java:logGet(43)) - raft.rpc.type = GRPC (default)
2019-07-30 20:48:06,416 INFO  grpc.GrpcFactory (GrpcFactory.java:checkPooledByteBufAllocatorUseCacheForAllThreads(45)) - PERFORMANCE WARNING: useCacheForAllThreads is true that may cause Netty to create a lot garbage objects and, as a result, trigger GC.
	It is recommended to disable useCacheForAllThreads by setting -Dorg.apache.ratis.thirdparty.io.netty.allocator.useCacheForAllThreads=false in command line.
2019-07-30 20:48:06,416 INFO  grpc.GrpcConfigKeys$Server (ConfUtils.java:logGet(43)) - raft.grpc.server.port = 0 (default)
2019-07-30 20:48:06,417 INFO  server.GrpcService (ConfUtils.java:logGet(43)) - raft.grpc.message.size.max = 33570816 (custom)
2019-07-30 20:48:06,417 INFO  server.RaftServerConfigKeys (ConfUtils.java:logGet(43)) - raft.server.log.appender.buffer.byte-limit = 33554432 (custom)
2019-07-30 20:48:06,417 INFO  server.GrpcService (ConfUtils.java:logGet(43)) - raft.grpc.flow.control.window = 1MB (=1048576) (default)
2019-07-30 20:48:06,417 INFO  server.RaftServerConfigKeys (ConfUtils.java:logGet(43)) - raft.server.rpc.request.timeout = 3000ms (default)
2019-07-30 20:48:06,418 INFO  server.RaftServerConfigKeys (ConfUtils.java:logGet(43)) - raft.server.storage.dir = [/workdir/hadoop-ozone/integration-test/target/test-dir/MiniOzoneClusterImpl-ffb9f6fc-8aeb-40ae-a3cf-4369b53e790c/datanode-3/data/ratis] (custom)
2019-07-30 20:48:06,418 INFO  replication.SimpleContainerDownloader (SimpleContainerDownloader.java:<init>(72)) - Starting container downloader service to copy containers to replicate.
2019-07-30 20:48:06,419 INFO  hdfs.DFSUtil (DFSUtil.java:httpServerTemplateForNNAndJN(1641)) - Starting Web-server for hddsDatanode at: http://0.0.0.0:0
2019-07-30 20:48:06,420 INFO  server.AuthenticationFilter (AuthenticationFilter.java:constructSecretProvider(240)) - Unable to initialize FileSignerSecretProvider, falling back to use random secrets.
2019-07-30 20:48:06,421 WARN  http.HttpRequestLog (HttpRequestLog.java:getRequestLog(97)) - Jetty request log can only be enabled using Log4j
2019-07-30 20:48:06,422 INFO  http.HttpServer2 (HttpServer2.java:addGlobalFilter(975)) - Added global filter 'safety' (class=org.apache.hadoop.http.HttpServer2$QuotingInputFilter)
2019-07-30 20:48:06,422 INFO  http.HttpServer2 (HttpServer2.java:addFilter(948)) - Added filter static_user_filter (class=org.apache.hadoop.http.lib.StaticUserWebFilter$StaticUserFilter) to context hddsDatanode
2019-07-30 20:48:06,422 INFO  http.HttpServer2 (HttpServer2.java:addFilter(958)) - Added filter static_user_filter (class=org.apache.hadoop.http.lib.StaticUserWebFilter$StaticUserFilter) to context static
2019-07-30 20:48:06,423 INFO  http.HttpServer2 (HttpServer2.java:addFilter(958)) - Added filter static_user_filter (class=org.apache.hadoop.http.lib.StaticUserWebFilter$StaticUserFilter) to context logs
2019-07-30 20:48:06,423 INFO  http.HttpServer2 (HttpServer2.java:bindListener(1191)) - Jetty bound to port 45100
2019-07-30 20:48:06,423 INFO  server.Server (Server.java:doStart(351)) - jetty-9.3.24.v20180605, build timestamp: 2018-06-05T17:11:56Z, git hash: 84205aa28f11a4f31f2a3b86d1bba2cc8ab69827
2019-07-30 20:48:06,425 INFO  handler.ContextHandler (ContextHandler.java:doStart(781)) - Started o.e.j.s.ServletContextHandler@75f4d8a8{/logs,file:///workdir/hadoop-ozone/integration-test/target/log,AVAILABLE}
2019-07-30 20:48:06,425 INFO  handler.ContextHandler (ContextHandler.java:doStart(781)) - Started o.e.j.s.ServletContextHandler@2e1ba142{/static,jar:file:/home/user/.m2/repository/org/apache/hadoop/hadoop-hdds-container-service/0.4.1-SNAPSHOT/hadoop-hdds-container-service-0.4.1-SNAPSHOT.jar!/webapps/static,AVAILABLE}
2019-07-30 20:48:06,452 INFO  handler.ContextHandler (ContextHandler.java:doStart(781)) - Started o.e.j.w.WebAppContext@7462ba4b{/,file:///tmp/jetty-0.0.0.0-45100-hddsDatanode-_-any-7028432726797107165.dir/webapp/,AVAILABLE}{/hddsDatanode}
2019-07-30 20:48:06,452 INFO  server.AbstractConnector (AbstractConnector.java:doStart(278)) - Started ServerConnector@4b09d1c3{HTTP/1.1,[http/1.1]}{0.0.0.0:45100}
2019-07-30 20:48:06,454 INFO  server.Server (Server.java:doStart(419)) - Started @53625ms
2019-07-30 20:48:06,454 INFO  server.BaseHttpServer (BaseHttpServer.java:updateConnectorAddress(207)) - HTTP server of HDDSDATANODE is listening at http://0.0.0.0:45100
2019-07-30 20:48:06,563 INFO  ozone.HddsDatanodeService (HddsDatanodeService.java:startPlugins(395)) - Started plug-in org.apache.hadoop.ozone.web.OzoneHddsDatanodeService@3e01796a
2019-07-30 20:48:06,563 INFO  impl.MetricsSystemImpl (MetricsSystemImpl.java:init(158)) - HddsDatanode metrics system started (again)
2019-07-30 20:48:06,568 INFO  ozone.HddsDatanodeService (HddsDatanodeService.java:start(184)) - HddsDatanodeService host:byscane-nightly-zbvcj-1516659162 ip:192.168.69.110
2019-07-30 20:48:06,568 INFO  util.JvmPauseMonitor (JvmPauseMonitor.java:run(188)) - Starting JVM pause monitor
2019-07-30 20:48:06,570 INFO  datanode.InitDatanodeState (InitDatanodeState.java:persistContainerDatanodeDetails(140)) - DatanodeDetails is persisted to /workdir/hadoop-ozone/integration-test/target/test-dir/MiniOzoneClusterImpl-ffb9f6fc-8aeb-40ae-a3cf-4369b53e790c/datanode-3/meta/datanode.id
2019-07-30 20:48:06,575 INFO  volume.HddsVolume (HddsVolume.java:<init>(176)) - Creating Volume: /workdir/hadoop-ozone/integration-test/target/test-dir/MiniOzoneClusterImpl-ffb9f6fc-8aeb-40ae-a3cf-4369b53e790c/datanode-4/data/containers/hdds of  storage type : DISK and capacity : 52710309888
2019-07-30 20:48:06,576 INFO  volume.VolumeSet (VolumeSet.java:initializeVolumeSet(170)) - Added Volume : /workdir/hadoop-ozone/integration-test/target/test-dir/MiniOzoneClusterImpl-ffb9f6fc-8aeb-40ae-a3cf-4369b53e790c/datanode-4/data/containers/hdds to VolumeSet
2019-07-30 20:48:06,576 INFO  volume.ThrottledAsyncChecker (ThrottledAsyncChecker.java:schedule(140)) - Scheduling a check for org.apache.hadoop.ozone.container.common.volume.HddsVolume@71262020
2019-07-30 20:48:06,576 INFO  volume.HddsVolumeChecker (HddsVolumeChecker.java:checkAllVolumes(203)) - Scheduled health check for volume org.apache.hadoop.ozone.container.common.volume.HddsVolume@71262020
2019-07-30 20:48:06,596 INFO  impl.RaftServerProxy (ConfUtils.java:logGet(43)) - raft.rpc.type = GRPC (default)
2019-07-30 20:48:06,596 INFO  grpc.GrpcFactory (GrpcFactory.java:checkPooledByteBufAllocatorUseCacheForAllThreads(45)) - PERFORMANCE WARNING: useCacheForAllThreads is true that may cause Netty to create a lot garbage objects and, as a result, trigger GC.
	It is recommended to disable useCacheForAllThreads by setting -Dorg.apache.ratis.thirdparty.io.netty.allocator.useCacheForAllThreads=false in command line.
2019-07-30 20:48:06,597 INFO  grpc.GrpcConfigKeys$Server (ConfUtils.java:logGet(43)) - raft.grpc.server.port = 0 (default)
2019-07-30 20:48:06,597 INFO  server.GrpcService (ConfUtils.java:logGet(43)) - raft.grpc.message.size.max = 33570816 (custom)
2019-07-30 20:48:06,597 INFO  server.RaftServerConfigKeys (ConfUtils.java:logGet(43)) - raft.server.log.appender.buffer.byte-limit = 33554432 (custom)
2019-07-30 20:48:06,597 INFO  server.GrpcService (ConfUtils.java:logGet(43)) - raft.grpc.flow.control.window = 1MB (=1048576) (default)
2019-07-30 20:48:06,598 INFO  server.RaftServerConfigKeys (ConfUtils.java:logGet(43)) - raft.server.rpc.request.timeout = 3000ms (default)
2019-07-30 20:48:06,599 INFO  server.RaftServerConfigKeys (ConfUtils.java:logGet(43)) - raft.server.storage.dir = [/workdir/hadoop-ozone/integration-test/target/test-dir/MiniOzoneClusterImpl-ffb9f6fc-8aeb-40ae-a3cf-4369b53e790c/datanode-4/data/ratis] (custom)
2019-07-30 20:48:06,599 INFO  replication.SimpleContainerDownloader (SimpleContainerDownloader.java:<init>(72)) - Starting container downloader service to copy containers to replicate.
2019-07-30 20:48:06,601 INFO  hdfs.DFSUtil (DFSUtil.java:httpServerTemplateForNNAndJN(1641)) - Starting Web-server for hddsDatanode at: http://0.0.0.0:0
2019-07-30 20:48:06,602 INFO  server.AuthenticationFilter (AuthenticationFilter.java:constructSecretProvider(240)) - Unable to initialize FileSignerSecretProvider, falling back to use random secrets.
2019-07-30 20:48:06,603 WARN  http.HttpRequestLog (HttpRequestLog.java:getRequestLog(97)) - Jetty request log can only be enabled using Log4j
2019-07-30 20:48:06,604 INFO  http.HttpServer2 (HttpServer2.java:addGlobalFilter(975)) - Added global filter 'safety' (class=org.apache.hadoop.http.HttpServer2$QuotingInputFilter)
2019-07-30 20:48:06,604 INFO  http.HttpServer2 (HttpServer2.java:addFilter(948)) - Added filter static_user_filter (class=org.apache.hadoop.http.lib.StaticUserWebFilter$StaticUserFilter) to context hddsDatanode
2019-07-30 20:48:06,605 INFO  http.HttpServer2 (HttpServer2.java:addFilter(958)) - Added filter static_user_filter (class=org.apache.hadoop.http.lib.StaticUserWebFilter$StaticUserFilter) to context static
2019-07-30 20:48:06,605 INFO  http.HttpServer2 (HttpServer2.java:addFilter(958)) - Added filter static_user_filter (class=org.apache.hadoop.http.lib.StaticUserWebFilter$StaticUserFilter) to context logs
2019-07-30 20:48:06,606 INFO  http.HttpServer2 (HttpServer2.java:bindListener(1191)) - Jetty bound to port 45692
2019-07-30 20:48:06,606 INFO  server.Server (Server.java:doStart(351)) - jetty-9.3.24.v20180605, build timestamp: 2018-06-05T17:11:56Z, git hash: 84205aa28f11a4f31f2a3b86d1bba2cc8ab69827
2019-07-30 20:48:06,608 INFO  handler.ContextHandler (ContextHandler.java:doStart(781)) - Started o.e.j.s.ServletContextHandler@7c8df667{/logs,file:///workdir/hadoop-ozone/integration-test/target/log,AVAILABLE}
2019-07-30 20:48:06,608 INFO  handler.ContextHandler (ContextHandler.java:doStart(781)) - Started o.e.j.s.ServletContextHandler@be616f0{/static,jar:file:/home/user/.m2/repository/org/apache/hadoop/hadoop-hdds-container-service/0.4.1-SNAPSHOT/hadoop-hdds-container-service-0.4.1-SNAPSHOT.jar!/webapps/static,AVAILABLE}
2019-07-30 20:48:06,636 INFO  handler.ContextHandler (ContextHandler.java:doStart(781)) - Started o.e.j.w.WebAppContext@77eb607e{/,file:///tmp/jetty-0.0.0.0-45692-hddsDatanode-_-any-5348764030066950282.dir/webapp/,AVAILABLE}{/hddsDatanode}
2019-07-30 20:48:06,636 INFO  server.AbstractConnector (AbstractConnector.java:doStart(278)) - Started ServerConnector@1f1fbc9f{HTTP/1.1,[http/1.1]}{0.0.0.0:45692}
2019-07-30 20:48:06,637 INFO  server.Server (Server.java:doStart(419)) - Started @53809ms
2019-07-30 20:48:06,638 INFO  server.BaseHttpServer (BaseHttpServer.java:updateConnectorAddress(207)) - HTTP server of HDDSDATANODE is listening at http://0.0.0.0:45692
2019-07-30 20:48:06,876 INFO  ozone.HddsDatanodeService (HddsDatanodeService.java:startPlugins(395)) - Started plug-in org.apache.hadoop.ozone.web.OzoneHddsDatanodeService@4213bc3e
2019-07-30 20:48:06,876 INFO  impl.MetricsSystemImpl (MetricsSystemImpl.java:init(158)) - HddsDatanode metrics system started (again)
2019-07-30 20:48:06,883 INFO  util.JvmPauseMonitor (JvmPauseMonitor.java:run(188)) - Starting JVM pause monitor
2019-07-30 20:48:06,883 INFO  ozone.HddsDatanodeService (HddsDatanodeService.java:start(184)) - HddsDatanodeService host:byscane-nightly-zbvcj-1516659162 ip:192.168.69.110
2019-07-30 20:48:06,885 INFO  datanode.InitDatanodeState (InitDatanodeState.java:persistContainerDatanodeDetails(140)) - DatanodeDetails is persisted to /workdir/hadoop-ozone/integration-test/target/test-dir/MiniOzoneClusterImpl-ffb9f6fc-8aeb-40ae-a3cf-4369b53e790c/datanode-4/meta/datanode.id
2019-07-30 20:48:06,891 INFO  volume.HddsVolume (HddsVolume.java:<init>(176)) - Creating Volume: /workdir/hadoop-ozone/integration-test/target/test-dir/MiniOzoneClusterImpl-ffb9f6fc-8aeb-40ae-a3cf-4369b53e790c/datanode-5/data/containers/hdds of  storage type : DISK and capacity : 52710309888
2019-07-30 20:48:06,891 INFO  volume.VolumeSet (VolumeSet.java:initializeVolumeSet(170)) - Added Volume : /workdir/hadoop-ozone/integration-test/target/test-dir/MiniOzoneClusterImpl-ffb9f6fc-8aeb-40ae-a3cf-4369b53e790c/datanode-5/data/containers/hdds to VolumeSet
2019-07-30 20:48:06,892 INFO  volume.ThrottledAsyncChecker (ThrottledAsyncChecker.java:schedule(140)) - Scheduling a check for org.apache.hadoop.ozone.container.common.volume.HddsVolume@18a0721b
2019-07-30 20:48:06,892 INFO  volume.HddsVolumeChecker (HddsVolumeChecker.java:checkAllVolumes(203)) - Scheduled health check for volume org.apache.hadoop.ozone.container.common.volume.HddsVolume@18a0721b
2019-07-30 20:48:06,908 INFO  impl.RaftServerProxy (ConfUtils.java:logGet(43)) - raft.rpc.type = GRPC (default)
2019-07-30 20:48:06,908 INFO  grpc.GrpcFactory (GrpcFactory.java:checkPooledByteBufAllocatorUseCacheForAllThreads(45)) - PERFORMANCE WARNING: useCacheForAllThreads is true that may cause Netty to create a lot garbage objects and, as a result, trigger GC.
	It is recommended to disable useCacheForAllThreads by setting -Dorg.apache.ratis.thirdparty.io.netty.allocator.useCacheForAllThreads=false in command line.
2019-07-30 20:48:06,908 INFO  grpc.GrpcConfigKeys$Server (ConfUtils.java:logGet(43)) - raft.grpc.server.port = 0 (default)
2019-07-30 20:48:06,909 INFO  server.GrpcService (ConfUtils.java:logGet(43)) - raft.grpc.message.size.max = 33570816 (custom)
2019-07-30 20:48:06,909 INFO  server.RaftServerConfigKeys (ConfUtils.java:logGet(43)) - raft.server.log.appender.buffer.byte-limit = 33554432 (custom)
2019-07-30 20:48:06,909 INFO  server.GrpcService (ConfUtils.java:logGet(43)) - raft.grpc.flow.control.window = 1MB (=1048576) (default)
2019-07-30 20:48:06,909 INFO  server.RaftServerConfigKeys (ConfUtils.java:logGet(43)) - raft.server.rpc.request.timeout = 3000ms (default)
2019-07-30 20:48:06,910 INFO  server.RaftServerConfigKeys (ConfUtils.java:logGet(43)) - raft.server.storage.dir = [/workdir/hadoop-ozone/integration-test/target/test-dir/MiniOzoneClusterImpl-ffb9f6fc-8aeb-40ae-a3cf-4369b53e790c/datanode-5/data/ratis] (custom)
2019-07-30 20:48:06,910 INFO  replication.SimpleContainerDownloader (SimpleContainerDownloader.java:<init>(72)) - Starting container downloader service to copy containers to replicate.
2019-07-30 20:48:06,911 INFO  hdfs.DFSUtil (DFSUtil.java:httpServerTemplateForNNAndJN(1641)) - Starting Web-server for hddsDatanode at: http://0.0.0.0:0
2019-07-30 20:48:06,913 INFO  server.AuthenticationFilter (AuthenticationFilter.java:constructSecretProvider(240)) - Unable to initialize FileSignerSecretProvider, falling back to use random secrets.
2019-07-30 20:48:06,913 WARN  http.HttpRequestLog (HttpRequestLog.java:getRequestLog(97)) - Jetty request log can only be enabled using Log4j
2019-07-30 20:48:06,914 INFO  http.HttpServer2 (HttpServer2.java:addGlobalFilter(975)) - Added global filter 'safety' (class=org.apache.hadoop.http.HttpServer2$QuotingInputFilter)
2019-07-30 20:48:06,915 INFO  http.HttpServer2 (HttpServer2.java:addFilter(948)) - Added filter static_user_filter (class=org.apache.hadoop.http.lib.StaticUserWebFilter$StaticUserFilter) to context hddsDatanode
2019-07-30 20:48:06,915 INFO  http.HttpServer2 (HttpServer2.java:addFilter(958)) - Added filter static_user_filter (class=org.apache.hadoop.http.lib.StaticUserWebFilter$StaticUserFilter) to context static
2019-07-30 20:48:06,915 INFO  http.HttpServer2 (HttpServer2.java:addFilter(958)) - Added filter static_user_filter (class=org.apache.hadoop.http.lib.StaticUserWebFilter$StaticUserFilter) to context logs
2019-07-30 20:48:06,916 INFO  http.HttpServer2 (HttpServer2.java:bindListener(1191)) - Jetty bound to port 41348
2019-07-30 20:48:06,916 INFO  server.Server (Server.java:doStart(351)) - jetty-9.3.24.v20180605, build timestamp: 2018-06-05T17:11:56Z, git hash: 84205aa28f11a4f31f2a3b86d1bba2cc8ab69827
2019-07-30 20:48:06,918 INFO  handler.ContextHandler (ContextHandler.java:doStart(781)) - Started o.e.j.s.ServletContextHandler@53e4a19e{/logs,file:///workdir/hadoop-ozone/integration-test/target/log,AVAILABLE}
2019-07-30 20:48:06,918 INFO  handler.ContextHandler (ContextHandler.java:doStart(781)) - Started o.e.j.s.ServletContextHandler@1450ffa3{/static,jar:file:/home/user/.m2/repository/org/apache/hadoop/hadoop-hdds-container-service/0.4.1-SNAPSHOT/hadoop-hdds-container-service-0.4.1-SNAPSHOT.jar!/webapps/static,AVAILABLE}
2019-07-30 20:48:06,946 INFO  handler.ContextHandler (ContextHandler.java:doStart(781)) - Started o.e.j.w.WebAppContext@3534651a{/,file:///tmp/jetty-0.0.0.0-41348-hddsDatanode-_-any-4639261688836431742.dir/webapp/,AVAILABLE}{/hddsDatanode}
2019-07-30 20:48:06,947 INFO  server.AbstractConnector (AbstractConnector.java:doStart(278)) - Started ServerConnector@2d593b56{HTTP/1.1,[http/1.1]}{0.0.0.0:41348}
2019-07-30 20:48:06,948 INFO  server.Server (Server.java:doStart(419)) - Started @54120ms
2019-07-30 20:48:06,949 INFO  server.BaseHttpServer (BaseHttpServer.java:updateConnectorAddress(207)) - HTTP server of HDDSDATANODE is listening at http://0.0.0.0:41348
2019-07-30 20:48:07,058 INFO  ozone.HddsDatanodeService (HddsDatanodeService.java:startPlugins(395)) - Started plug-in org.apache.hadoop.ozone.web.OzoneHddsDatanodeService@355493bf
2019-07-30 20:48:07,058 INFO  impl.MetricsSystemImpl (MetricsSystemImpl.java:init(158)) - HddsDatanode metrics system started (again)
2019-07-30 20:48:07,064 INFO  ozone.HddsDatanodeService (HddsDatanodeService.java:start(184)) - HddsDatanodeService host:byscane-nightly-zbvcj-1516659162 ip:192.168.69.110
2019-07-30 20:48:07,064 INFO  util.JvmPauseMonitor (JvmPauseMonitor.java:run(188)) - Starting JVM pause monitor
2019-07-30 20:48:07,066 INFO  datanode.InitDatanodeState (InitDatanodeState.java:persistContainerDatanodeDetails(140)) - DatanodeDetails is persisted to /workdir/hadoop-ozone/integration-test/target/test-dir/MiniOzoneClusterImpl-ffb9f6fc-8aeb-40ae-a3cf-4369b53e790c/datanode-5/meta/datanode.id
2019-07-30 20:48:07,073 INFO  volume.HddsVolume (HddsVolume.java:<init>(176)) - Creating Volume: /workdir/hadoop-ozone/integration-test/target/test-dir/MiniOzoneClusterImpl-ffb9f6fc-8aeb-40ae-a3cf-4369b53e790c/datanode-6/data/containers/hdds of  storage type : DISK and capacity : 52710309888
2019-07-30 20:48:07,073 INFO  volume.VolumeSet (VolumeSet.java:initializeVolumeSet(170)) - Added Volume : /workdir/hadoop-ozone/integration-test/target/test-dir/MiniOzoneClusterImpl-ffb9f6fc-8aeb-40ae-a3cf-4369b53e790c/datanode-6/data/containers/hdds to VolumeSet
2019-07-30 20:48:07,073 INFO  volume.ThrottledAsyncChecker (ThrottledAsyncChecker.java:schedule(140)) - Scheduling a check for org.apache.hadoop.ozone.container.common.volume.HddsVolume@20a946d9
2019-07-30 20:48:07,074 INFO  volume.HddsVolumeChecker (HddsVolumeChecker.java:checkAllVolumes(203)) - Scheduled health check for volume org.apache.hadoop.ozone.container.common.volume.HddsVolume@20a946d9
2019-07-30 20:48:07,088 INFO  impl.RaftServerProxy (ConfUtils.java:logGet(43)) - raft.rpc.type = GRPC (default)
2019-07-30 20:48:07,088 INFO  grpc.GrpcFactory (GrpcFactory.java:checkPooledByteBufAllocatorUseCacheForAllThreads(45)) - PERFORMANCE WARNING: useCacheForAllThreads is true that may cause Netty to create a lot garbage objects and, as a result, trigger GC.
	It is recommended to disable useCacheForAllThreads by setting -Dorg.apache.ratis.thirdparty.io.netty.allocator.useCacheForAllThreads=false in command line.
2019-07-30 20:48:07,089 INFO  grpc.GrpcConfigKeys$Server (ConfUtils.java:logGet(43)) - raft.grpc.server.port = 0 (default)
2019-07-30 20:48:07,089 INFO  server.GrpcService (ConfUtils.java:logGet(43)) - raft.grpc.message.size.max = 33570816 (custom)
2019-07-30 20:48:07,089 INFO  server.RaftServerConfigKeys (ConfUtils.java:logGet(43)) - raft.server.log.appender.buffer.byte-limit = 33554432 (custom)
2019-07-30 20:48:07,089 INFO  server.GrpcService (ConfUtils.java:logGet(43)) - raft.grpc.flow.control.window = 1MB (=1048576) (default)
2019-07-30 20:48:07,089 INFO  server.RaftServerConfigKeys (ConfUtils.java:logGet(43)) - raft.server.rpc.request.timeout = 3000ms (default)
2019-07-30 20:48:07,090 INFO  server.RaftServerConfigKeys (ConfUtils.java:logGet(43)) - raft.server.storage.dir = [/workdir/hadoop-ozone/integration-test/target/test-dir/MiniOzoneClusterImpl-ffb9f6fc-8aeb-40ae-a3cf-4369b53e790c/datanode-6/data/ratis] (custom)
2019-07-30 20:48:07,090 INFO  replication.SimpleContainerDownloader (SimpleContainerDownloader.java:<init>(72)) - Starting container downloader service to copy containers to replicate.
2019-07-30 20:48:07,091 INFO  hdfs.DFSUtil (DFSUtil.java:httpServerTemplateForNNAndJN(1641)) - Starting Web-server for hddsDatanode at: http://0.0.0.0:0
2019-07-30 20:48:07,092 INFO  server.AuthenticationFilter (AuthenticationFilter.java:constructSecretProvider(240)) - Unable to initialize FileSignerSecretProvider, falling back to use random secrets.
2019-07-30 20:48:07,093 WARN  http.HttpRequestLog (HttpRequestLog.java:getRequestLog(97)) - Jetty request log can only be enabled using Log4j
2019-07-30 20:48:07,094 INFO  http.HttpServer2 (HttpServer2.java:addGlobalFilter(975)) - Added global filter 'safety' (class=org.apache.hadoop.http.HttpServer2$QuotingInputFilter)
2019-07-30 20:48:07,094 INFO  http.HttpServer2 (HttpServer2.java:addFilter(948)) - Added filter static_user_filter (class=org.apache.hadoop.http.lib.StaticUserWebFilter$StaticUserFilter) to context hddsDatanode
2019-07-30 20:48:07,095 INFO  http.HttpServer2 (HttpServer2.java:addFilter(958)) - Added filter static_user_filter (class=org.apache.hadoop.http.lib.StaticUserWebFilter$StaticUserFilter) to context logs
2019-07-30 20:48:07,095 INFO  http.HttpServer2 (HttpServer2.java:addFilter(958)) - Added filter static_user_filter (class=org.apache.hadoop.http.lib.StaticUserWebFilter$StaticUserFilter) to context static
2019-07-30 20:48:07,096 INFO  http.HttpServer2 (HttpServer2.java:bindListener(1191)) - Jetty bound to port 40450
2019-07-30 20:48:07,097 INFO  server.Server (Server.java:doStart(351)) - jetty-9.3.24.v20180605, build timestamp: 2018-06-05T17:11:56Z, git hash: 84205aa28f11a4f31f2a3b86d1bba2cc8ab69827
2019-07-30 20:48:07,099 INFO  handler.ContextHandler (ContextHandler.java:doStart(781)) - Started o.e.j.s.ServletContextHandler@6c9151c1{/logs,file:///workdir/hadoop-ozone/integration-test/target/log,AVAILABLE}
2019-07-30 20:48:07,100 INFO  handler.ContextHandler (ContextHandler.java:doStart(781)) - Started o.e.j.s.ServletContextHandler@41f40dfa{/static,jar:file:/home/user/.m2/repository/org/apache/hadoop/hadoop-hdds-container-service/0.4.1-SNAPSHOT/hadoop-hdds-container-service-0.4.1-SNAPSHOT.jar!/webapps/static,AVAILABLE}
2019-07-30 20:48:07,127 INFO  handler.ContextHandler (ContextHandler.java:doStart(781)) - Started o.e.j.w.WebAppContext@24e2355c{/,file:///tmp/jetty-0.0.0.0-40450-hddsDatanode-_-any-5051431665838641718.dir/webapp/,AVAILABLE}{/hddsDatanode}
2019-07-30 20:48:07,128 INFO  server.AbstractConnector (AbstractConnector.java:doStart(278)) - Started ServerConnector@19739906{HTTP/1.1,[http/1.1]}{0.0.0.0:40450}
2019-07-30 20:48:07,132 INFO  server.Server (Server.java:doStart(419)) - Started @54304ms
2019-07-30 20:48:07,133 INFO  server.BaseHttpServer (BaseHttpServer.java:updateConnectorAddress(207)) - HTTP server of HDDSDATANODE is listening at http://0.0.0.0:40450
2019-07-30 20:48:07,242 INFO  ozone.HddsDatanodeService (HddsDatanodeService.java:startPlugins(395)) - Started plug-in org.apache.hadoop.ozone.web.OzoneHddsDatanodeService@297c3a43
2019-07-30 20:48:07,242 INFO  ozone.MiniOzoneClusterImpl (MiniOzoneClusterImpl.java:lambda$waitForClusterToBeReady$0(142)) - Waiting for cluster to be ready. Got 0 of 7 DN Heartbeats.
2019-07-30 20:48:07,246 INFO  util.JvmPauseMonitor (JvmPauseMonitor.java:run(188)) - Starting JVM pause monitor
2019-07-30 20:48:07,248 INFO  datanode.InitDatanodeState (InitDatanodeState.java:persistContainerDatanodeDetails(140)) - DatanodeDetails is persisted to /workdir/hadoop-ozone/integration-test/target/test-dir/MiniOzoneClusterImpl-ffb9f6fc-8aeb-40ae-a3cf-4369b53e790c/datanode-6/meta/datanode.id
2019-07-30 20:48:07,997 INFO  ozoneimpl.OzoneContainer (OzoneContainer.java:start(186)) - Attempting to start container services.
2019-07-30 20:48:07,999 INFO  ozoneimpl.OzoneContainer (OzoneContainer.java:startContainerScrub(160)) - Background container scrubber has been disabled by hdds.containerscrub.enabled
2019-07-30 20:48:07,999 INFO  ratis.XceiverServerRatis (XceiverServerRatis.java:start(404)) - Starting XceiverServerRatis 67fd0bb5-c0c1-4bfc-aa43-3afedda70e00 at port 0
2019-07-30 20:48:08,009 INFO  impl.RaftServerProxy (RaftServerProxy.java:lambda$start$3(299)) - 67fd0bb5-c0c1-4bfc-aa43-3afedda70e00: start RPC server
2019-07-30 20:48:08,012 INFO  server.GrpcService (GrpcService.java:startImpl(149)) - 67fd0bb5-c0c1-4bfc-aa43-3afedda70e00: GrpcService started, listening on 0.0.0.0/0.0.0.0:40897
2019-07-30 20:48:08,012 INFO  ratis.XceiverServerRatis (XceiverServerRatis.java:start(414)) - XceiverServerRatis 67fd0bb5-c0c1-4bfc-aa43-3afedda70e00 is started using port 40897
2019-07-30 20:48:08,013 INFO  server.XceiverServerGrpc (XceiverServerGrpc.java:start(161)) - XceiverServerGrpc 67fd0bb5-c0c1-4bfc-aa43-3afedda70e00 is started using port 43000
2019-07-30 20:48:08,206 INFO  ozoneimpl.OzoneContainer (OzoneContainer.java:start(186)) - Attempting to start container services.
2019-07-30 20:48:08,214 INFO  ozoneimpl.OzoneContainer (OzoneContainer.java:startContainerScrub(160)) - Background container scrubber has been disabled by hdds.containerscrub.enabled
2019-07-30 20:48:08,214 INFO  ratis.XceiverServerRatis (XceiverServerRatis.java:start(404)) - Starting XceiverServerRatis 98ff2f46-1f4c-4fab-a607-9a6eaf75105d at port 0
2019-07-30 20:48:08,220 INFO  impl.RaftServerProxy (RaftServerProxy.java:lambda$start$3(299)) - 98ff2f46-1f4c-4fab-a607-9a6eaf75105d: start RPC server
2019-07-30 20:48:08,221 INFO  server.GrpcService (GrpcService.java:startImpl(149)) - 98ff2f46-1f4c-4fab-a607-9a6eaf75105d: GrpcService started, listening on 0.0.0.0/0.0.0.0:46186
2019-07-30 20:48:08,221 INFO  ratis.XceiverServerRatis (XceiverServerRatis.java:start(414)) - XceiverServerRatis 98ff2f46-1f4c-4fab-a607-9a6eaf75105d is started using port 46186
2019-07-30 20:48:08,227 INFO  server.XceiverServerGrpc (XceiverServerGrpc.java:start(161)) - XceiverServerGrpc 98ff2f46-1f4c-4fab-a607-9a6eaf75105d is started using port 33959
2019-07-30 20:48:08,244 INFO  ozone.MiniOzoneClusterImpl (MiniOzoneClusterImpl.java:lambda$waitForClusterToBeReady$0(142)) - Waiting for cluster to be ready. Got 0 of 7 DN Heartbeats.
2019-07-30 20:48:08,413 INFO  ozoneimpl.OzoneContainer (OzoneContainer.java:start(186)) - Attempting to start container services.
2019-07-30 20:48:08,413 INFO  ozoneimpl.OzoneContainer (OzoneContainer.java:startContainerScrub(160)) - Background container scrubber has been disabled by hdds.containerscrub.enabled
2019-07-30 20:48:08,413 INFO  ratis.XceiverServerRatis (XceiverServerRatis.java:start(404)) - Starting XceiverServerRatis dcad888a-df6c-4c16-bef6-cf79b44ac70c at port 0
2019-07-30 20:48:08,420 INFO  impl.RaftServerProxy (RaftServerProxy.java:lambda$start$3(299)) - dcad888a-df6c-4c16-bef6-cf79b44ac70c: start RPC server
2019-07-30 20:48:08,421 INFO  server.GrpcService (GrpcService.java:startImpl(149)) - dcad888a-df6c-4c16-bef6-cf79b44ac70c: GrpcService started, listening on 0.0.0.0/0.0.0.0:42822
2019-07-30 20:48:08,421 INFO  ratis.XceiverServerRatis (XceiverServerRatis.java:start(414)) - XceiverServerRatis dcad888a-df6c-4c16-bef6-cf79b44ac70c is started using port 42822
2019-07-30 20:48:08,427 INFO  server.XceiverServerGrpc (XceiverServerGrpc.java:start(161)) - XceiverServerGrpc dcad888a-df6c-4c16-bef6-cf79b44ac70c is started using port 40340
2019-07-30 20:48:08,583 INFO  ozoneimpl.OzoneContainer (OzoneContainer.java:start(186)) - Attempting to start container services.
2019-07-30 20:48:08,583 INFO  ozoneimpl.OzoneContainer (OzoneContainer.java:startContainerScrub(160)) - Background container scrubber has been disabled by hdds.containerscrub.enabled
2019-07-30 20:48:08,584 INFO  ratis.XceiverServerRatis (XceiverServerRatis.java:start(404)) - Starting XceiverServerRatis 5f909b24-f0ea-4ba0-868d-f5894a228f85 at port 0
2019-07-30 20:48:08,592 INFO  impl.RaftServerProxy (RaftServerProxy.java:lambda$start$3(299)) - 5f909b24-f0ea-4ba0-868d-f5894a228f85: start RPC server
2019-07-30 20:48:08,596 INFO  server.GrpcService (GrpcService.java:startImpl(149)) - 5f909b24-f0ea-4ba0-868d-f5894a228f85: GrpcService started, listening on 0.0.0.0/0.0.0.0:35214
2019-07-30 20:48:08,596 INFO  ratis.XceiverServerRatis (XceiverServerRatis.java:start(414)) - XceiverServerRatis 5f909b24-f0ea-4ba0-868d-f5894a228f85 is started using port 35214
2019-07-30 20:48:08,598 INFO  server.XceiverServerGrpc (XceiverServerGrpc.java:start(161)) - XceiverServerGrpc 5f909b24-f0ea-4ba0-868d-f5894a228f85 is started using port 37888
2019-07-30 20:48:08,905 INFO  ozoneimpl.OzoneContainer (OzoneContainer.java:start(186)) - Attempting to start container services.
2019-07-30 20:48:08,906 INFO  ozoneimpl.OzoneContainer (OzoneContainer.java:startContainerScrub(160)) - Background container scrubber has been disabled by hdds.containerscrub.enabled
2019-07-30 20:48:08,906 INFO  ratis.XceiverServerRatis (XceiverServerRatis.java:start(404)) - Starting XceiverServerRatis 1525dfdd-5dc8-4a44-94e3-3fda5b46bc14 at port 0
2019-07-30 20:48:08,913 INFO  impl.RaftServerProxy (RaftServerProxy.java:lambda$start$3(299)) - 1525dfdd-5dc8-4a44-94e3-3fda5b46bc14: start RPC server
2019-07-30 20:48:08,913 INFO  server.GrpcService (GrpcService.java:startImpl(149)) - 1525dfdd-5dc8-4a44-94e3-3fda5b46bc14: GrpcService started, listening on 0.0.0.0/0.0.0.0:37178
2019-07-30 20:48:08,914 INFO  ratis.XceiverServerRatis (XceiverServerRatis.java:start(414)) - XceiverServerRatis 1525dfdd-5dc8-4a44-94e3-3fda5b46bc14 is started using port 37178
2019-07-30 20:48:08,917 INFO  server.XceiverServerGrpc (XceiverServerGrpc.java:start(161)) - XceiverServerGrpc 1525dfdd-5dc8-4a44-94e3-3fda5b46bc14 is started using port 36235
2019-07-30 20:48:09,073 INFO  ozoneimpl.OzoneContainer (OzoneContainer.java:start(186)) - Attempting to start container services.
2019-07-30 20:48:09,073 INFO  ozoneimpl.OzoneContainer (OzoneContainer.java:startContainerScrub(160)) - Background container scrubber has been disabled by hdds.containerscrub.enabled
2019-07-30 20:48:09,074 INFO  ratis.XceiverServerRatis (XceiverServerRatis.java:start(404)) - Starting XceiverServerRatis 7b88eab7-40d3-44f9-bba1-d355e9b397b1 at port 0
2019-07-30 20:48:09,081 INFO  impl.RaftServerProxy (RaftServerProxy.java:lambda$start$3(299)) - 7b88eab7-40d3-44f9-bba1-d355e9b397b1: start RPC server
2019-07-30 20:48:09,082 INFO  server.GrpcService (GrpcService.java:startImpl(149)) - 7b88eab7-40d3-44f9-bba1-d355e9b397b1: GrpcService started, listening on 0.0.0.0/0.0.0.0:44759
2019-07-30 20:48:09,082 INFO  ratis.XceiverServerRatis (XceiverServerRatis.java:start(414)) - XceiverServerRatis 7b88eab7-40d3-44f9-bba1-d355e9b397b1 is started using port 44759
2019-07-30 20:48:09,083 INFO  server.XceiverServerGrpc (XceiverServerGrpc.java:start(161)) - XceiverServerGrpc 7b88eab7-40d3-44f9-bba1-d355e9b397b1 is started using port 36676
2019-07-30 20:48:09,244 INFO  ozone.MiniOzoneClusterImpl (MiniOzoneClusterImpl.java:lambda$waitForClusterToBeReady$0(142)) - Waiting for cluster to be ready. Got 0 of 7 DN Heartbeats.
2019-07-30 20:48:09,274 INFO  ozoneimpl.OzoneContainer (OzoneContainer.java:start(186)) - Attempting to start container services.
2019-07-30 20:48:09,274 INFO  ozoneimpl.OzoneContainer (OzoneContainer.java:startContainerScrub(160)) - Background container scrubber has been disabled by hdds.containerscrub.enabled
2019-07-30 20:48:09,274 INFO  ratis.XceiverServerRatis (XceiverServerRatis.java:start(404)) - Starting XceiverServerRatis 56ded81d-987f-49f2-aa9f-9899037f588d at port 0
2019-07-30 20:48:09,281 INFO  impl.RaftServerProxy (RaftServerProxy.java:lambda$start$3(299)) - 56ded81d-987f-49f2-aa9f-9899037f588d: start RPC server
2019-07-30 20:48:09,282 INFO  server.GrpcService (GrpcService.java:startImpl(149)) - 56ded81d-987f-49f2-aa9f-9899037f588d: GrpcService started, listening on 0.0.0.0/0.0.0.0:33051
2019-07-30 20:48:09,282 INFO  ratis.XceiverServerRatis (XceiverServerRatis.java:start(414)) - XceiverServerRatis 56ded81d-987f-49f2-aa9f-9899037f588d is started using port 33051
2019-07-30 20:48:09,283 INFO  server.XceiverServerGrpc (XceiverServerGrpc.java:start(161)) - XceiverServerGrpc 56ded81d-987f-49f2-aa9f-9899037f588d is started using port 32883
2019-07-30 20:48:09,975 INFO  net.NetworkTopology (NetworkTopologyImpl.java:add(110)) - Added a new node: /default-rack/67fd0bb5-c0c1-4bfc-aa43-3afedda70e00
2019-07-30 20:48:09,978 INFO  node.SCMNodeManager (SCMNodeManager.java:register(273)) - Registered Data node : 67fd0bb5-c0c1-4bfc-aa43-3afedda70e00{ip: 192.168.69.110, host: byscane-nightly-zbvcj-1516659162, networkLocation: /default-rack, certSerialId: null}
2019-07-30 20:48:09,979 INFO  safemode.SCMSafeModeManager (DataNodeSafeModeRule.java:process(71)) - SCM in safe mode. 1 DataNodes registered, 1 required.
2019-07-30 20:48:09,982 INFO  safemode.SCMSafeModeManager (SCMSafeModeManager.java:validateSafeModeExitRules(177)) - ScmSafeModeManager, all rules are successfully validated
2019-07-30 20:48:09,982 INFO  safemode.SCMSafeModeManager (SCMSafeModeManager.java:exitSafeMode(193)) - SCM exiting safe mode.
2019-07-30 20:48:10,007 INFO  impl.RaftServerProxy (RaftServerProxy.java:addNew(89)) - 67fd0bb5-c0c1-4bfc-aa43-3afedda70e00: addNew group-D5AAF51D7BE3:[67fd0bb5-c0c1-4bfc-aa43-3afedda70e00:192.168.69.110:40897] returns group-D5AAF51D7BE3:java.util.concurrent.CompletableFuture@60d82e7c[Not completed]
2019-07-30 20:48:10,010 INFO  impl.RaftServerImpl (RaftServerImpl.java:<init>(93)) - 67fd0bb5-c0c1-4bfc-aa43-3afedda70e00: new RaftServerImpl for group-D5AAF51D7BE3:[67fd0bb5-c0c1-4bfc-aa43-3afedda70e00:192.168.69.110:40897] with ContainerStateMachine:uninitialized
2019-07-30 20:48:10,011 INFO  server.RaftServerConfigKeys (ConfUtils.java:logGet(43)) - raft.server.rpc.timeout.min = 5s (custom)
2019-07-30 20:48:10,011 INFO  server.RaftServerConfigKeys (ConfUtils.java:logGet(43)) - raft.server.rpc.timeout.max = 5200ms (custom)
2019-07-30 20:48:10,011 INFO  server.RaftServerConfigKeys (ConfUtils.java:logGet(43)) - raft.server.rpcslowness.timeout = 120s (custom)
2019-07-30 20:48:10,011 INFO  server.RaftServerConfigKeys (ConfUtils.java:logGet(43)) - raft.server.sleep.deviation.threshold = 300 (default)
2019-07-30 20:48:10,011 INFO  server.RaftServerConfigKeys (ConfUtils.java:logGet(43)) - raft.server.log.appender.install.snapshot.enabled = false (custom)
2019-07-30 20:48:10,012 INFO  impl.RaftServerImpl (ServerState.java:<init>(105)) - 67fd0bb5-c0c1-4bfc-aa43-3afedda70e00:group-D5AAF51D7BE3 ConfigurationManager, init=-1: [67fd0bb5-c0c1-4bfc-aa43-3afedda70e00:192.168.69.110:40897], old=null, confs=<EMPTY_MAP>
2019-07-30 20:48:10,012 INFO  server.RaftServerConfigKeys (ConfUtils.java:logGet(43)) - raft.server.storage.dir = [/workdir/hadoop-ozone/integration-test/target/test-dir/MiniOzoneClusterImpl-ffb9f6fc-8aeb-40ae-a3cf-4369b53e790c/datanode-0/data/ratis] (custom)
2019-07-30 20:48:10,013 INFO  storage.RaftStorageDirectory (RaftStorageDirectory.java:analyzeStorage(246)) - The storage directory /workdir/hadoop-ozone/integration-test/target/test-dir/MiniOzoneClusterImpl-ffb9f6fc-8aeb-40ae-a3cf-4369b53e790c/datanode-0/data/ratis/8c504359-91a2-4522-8632-d5aaf51d7be3 does not exist. Creating ...
2019-07-30 20:48:10,027 INFO  storage.RaftStorageDirectory (RaftStorageDirectory.java:tryLock(328)) - Lock on /workdir/hadoop-ozone/integration-test/target/test-dir/MiniOzoneClusterImpl-ffb9f6fc-8aeb-40ae-a3cf-4369b53e790c/datanode-0/data/ratis/8c504359-91a2-4522-8632-d5aaf51d7be3/in_use.lock acquired by nodename 19916@byscane-nightly-zbvcj-1516659162
2019-07-30 20:48:10,053 INFO  storage.RaftStorage (RaftStorage.java:format(72)) - Storage directory /workdir/hadoop-ozone/integration-test/target/test-dir/MiniOzoneClusterImpl-ffb9f6fc-8aeb-40ae-a3cf-4369b53e790c/datanode-0/data/ratis/8c504359-91a2-4522-8632-d5aaf51d7be3 has been successfully formatted.
2019-07-30 20:48:10,054 INFO  ratis.ContainerStateMachine (ContainerStateMachine.java:loadSnapshot(213)) - group-D5AAF51D7BE3: The snapshot info is null. Setting the last applied indexto:(t:0, i:~)
2019-07-30 20:48:10,054 INFO  server.RaftServerConfigKeys (ConfUtils.java:logGet(43)) - raft.server.leader.election.timeout = 120s (custom)
2019-07-30 20:48:10,054 INFO  server.RaftServerConfigKeys (ConfUtils.java:logGet(43)) - raft.server.log.use.memory = false (default)
2019-07-30 20:48:10,054 INFO  server.RaftServerConfigKeys (ConfUtils.java:logGet(43)) - raft.server.log.purge.gap = 1000000000 (custom)
2019-07-30 20:48:10,054 INFO  server.RaftServerConfigKeys (ConfUtils.java:logGet(43)) - raft.server.log.appender.buffer.byte-limit = 33554432 (custom)
2019-07-30 20:48:10,055 INFO  server.RaftServerConfigKeys (ConfUtils.java:logGet(43)) - raft.server.log.segment.size.max = 1048576 (custom)
2019-07-30 20:48:10,055 INFO  server.RaftServerConfigKeys (ConfUtils.java:logGet(43)) - raft.server.log.segment.cache.num.max = 2 (custom)
2019-07-30 20:48:10,055 INFO  segmented.SegmentedRaftLogWorker (SegmentedRaftLogWorker.java:<init>(172)) - new 67fd0bb5-c0c1-4bfc-aa43-3afedda70e00-SegmentedRaftLogWorker:Storage Directory /workdir/hadoop-ozone/integration-test/target/test-dir/MiniOzoneClusterImpl-ffb9f6fc-8aeb-40ae-a3cf-4369b53e790c/datanode-0/data/ratis/8c504359-91a2-4522-8632-d5aaf51d7be3 for RaftStorage:Storage Directory /workdir/hadoop-ozone/integration-test/target/test-dir/MiniOzoneClusterImpl-ffb9f6fc-8aeb-40ae-a3cf-4369b53e790c/datanode-0/data/ratis/8c504359-91a2-4522-8632-d5aaf51d7be3
2019-07-30 20:48:10,055 INFO  server.RaftServerConfigKeys (ConfUtils.java:logGet(43)) - raft.server.log.queue.byte-limit = 2147483647 (custom)
2019-07-30 20:48:10,056 INFO  server.RaftServerConfigKeys (ConfUtils.java:logGet(43)) - raft.server.log.queue.element-limit = 1024 (custom)
2019-07-30 20:48:10,056 INFO  server.RaftServerConfigKeys (ConfUtils.java:logGet(43)) - raft.server.log.segment.size.max = 1048576 (custom)
2019-07-30 20:48:10,056 INFO  server.RaftServerConfigKeys (ConfUtils.java:logGet(43)) - raft.server.log.preallocated.size = 16384 (custom)
2019-07-30 20:48:10,056 INFO  server.RaftServerConfigKeys (ConfUtils.java:logGet(43)) - raft.server.log.write.buffer.size = 33554432 (custom)
2019-07-30 20:48:10,057 INFO  server.RaftServerConfigKeys (ConfUtils.java:logGet(43)) - raft.server.log.force.sync.num = 128 (default)
2019-07-30 20:48:10,057 INFO  server.RaftServerConfigKeys (ConfUtils.java:logGet(43)) - raft.server.log.statemachine.data.sync = true (default)
2019-07-30 20:48:10,057 INFO  server.RaftServerConfigKeys (ConfUtils.java:logGet(43)) - raft.server.log.statemachine.data.sync.timeout = 10s (default)
2019-07-30 20:48:10,057 INFO  server.RaftServerConfigKeys (ConfUtils.java:logGet(43)) - raft.server.log.statemachine.data.sync.timeout.retry = -1 (default)
2019-07-30 20:48:10,058 INFO  server.RaftServerConfigKeys (ConfUtils.java:logGet(43)) - raft.server.log.statemachine.data.caching.enabled = true (custom)
2019-07-30 20:48:10,058 INFO  segmented.SegmentedRaftLogWorker (SegmentedRaftLogWorker.java:lambda$new$0(132)) - 67fd0bb5-c0c1-4bfc-aa43-3afedda70e00-SegmentedRaftLogWorker:Storage Directory /workdir/hadoop-ozone/integration-test/target/test-dir/MiniOzoneClusterImpl-ffb9f6fc-8aeb-40ae-a3cf-4369b53e790c/datanode-0/data/ratis/8c504359-91a2-4522-8632-d5aaf51d7be3: flushIndex: setUnconditionally 0 -> -1
2019-07-30 20:48:10,059 INFO  server.RaftServerConfigKeys (ConfUtils.java:logGet(43)) - raft.server.snapshot.auto.trigger.enabled = true (custom)
2019-07-30 20:48:10,059 INFO  server.RaftServerConfigKeys (ConfUtils.java:logGet(43)) - raft.server.snapshot.auto.trigger.threshold = 10000 (custom)
2019-07-30 20:48:10,059 INFO  server.RaftServerConfigKeys (ConfUtils.java:logGet(43)) - raft.server.retrycache.expirytime = 600000ms (custom)
2019-07-30 20:48:10,060 INFO  impl.RaftServerImpl (RaftServerImpl.java:start(180)) - 67fd0bb5-c0c1-4bfc-aa43-3afedda70e00: start group-D5AAF51D7BE3
2019-07-30 20:48:10,060 INFO  impl.RaftServerImpl (RaftServerImpl.java:setRole(171)) - 67fd0bb5-c0c1-4bfc-aa43-3afedda70e00:group-D5AAF51D7BE3 changes role from null to FOLLOWER at term 0 for startAsFollower
2019-07-30 20:48:10,060 INFO  impl.RoleInfo (RoleInfo.java:updateAndGet(143)) - 67fd0bb5-c0c1-4bfc-aa43-3afedda70e00: start FollowerState
2019-07-30 20:48:10,062 INFO  util.JmxRegister (JmxRegister.java:tryRegister(44)) - Successfully registered JMX Bean with object name Ratis:service=RaftServer,group=group-D5AAF51D7BE3,id=67fd0bb5-c0c1-4bfc-aa43-3afedda70e00
2019-07-30 20:48:10,067 INFO  pipeline.PipelineStateManager (PipelineStateManager.java:addPipeline(56)) - Created pipeline Pipeline[ Id: 8c504359-91a2-4522-8632-d5aaf51d7be3, Nodes: 67fd0bb5-c0c1-4bfc-aa43-3afedda70e00{ip: 192.168.69.110, host: byscane-nightly-zbvcj-1516659162, networkLocation: /default-rack, certSerialId: null}, Type:RATIS, Factor:ONE, State:OPEN]
2019-07-30 20:48:10,182 INFO  net.NetworkTopology (NetworkTopologyImpl.java:add(110)) - Added a new node: /default-rack/98ff2f46-1f4c-4fab-a607-9a6eaf75105d
2019-07-30 20:48:10,182 INFO  node.SCMNodeManager (SCMNodeManager.java:register(273)) - Registered Data node : 98ff2f46-1f4c-4fab-a607-9a6eaf75105d{ip: 192.168.69.110, host: byscane-nightly-zbvcj-1516659162, networkLocation: /default-rack, certSerialId: null}
2019-07-30 20:48:10,193 INFO  impl.RaftServerProxy (RaftServerProxy.java:addNew(89)) - 98ff2f46-1f4c-4fab-a607-9a6eaf75105d: addNew group-3084DE2060AE:[98ff2f46-1f4c-4fab-a607-9a6eaf75105d:192.168.69.110:46186] returns group-3084DE2060AE:java.util.concurrent.CompletableFuture@fea7925[Not completed]
2019-07-30 20:48:10,196 INFO  impl.RaftServerImpl (RaftServerImpl.java:<init>(93)) - 98ff2f46-1f4c-4fab-a607-9a6eaf75105d: new RaftServerImpl for group-3084DE2060AE:[98ff2f46-1f4c-4fab-a607-9a6eaf75105d:192.168.69.110:46186] with ContainerStateMachine:uninitialized
2019-07-30 20:48:10,196 INFO  server.RaftServerConfigKeys (ConfUtils.java:logGet(43)) - raft.server.rpc.timeout.min = 5s (custom)
2019-07-30 20:48:10,197 INFO  server.RaftServerConfigKeys (ConfUtils.java:logGet(43)) - raft.server.rpc.timeout.max = 5200ms (custom)
2019-07-30 20:48:10,197 INFO  server.RaftServerConfigKeys (ConfUtils.java:logGet(43)) - raft.server.rpcslowness.timeout = 120s (custom)
2019-07-30 20:48:10,197 INFO  server.RaftServerConfigKeys (ConfUtils.java:logGet(43)) - raft.server.sleep.deviation.threshold = 300 (default)
2019-07-30 20:48:10,197 INFO  server.RaftServerConfigKeys (ConfUtils.java:logGet(43)) - raft.server.log.appender.install.snapshot.enabled = false (custom)
2019-07-30 20:48:10,197 INFO  impl.RaftServerImpl (ServerState.java:<init>(105)) - 98ff2f46-1f4c-4fab-a607-9a6eaf75105d:group-3084DE2060AE ConfigurationManager, init=-1: [98ff2f46-1f4c-4fab-a607-9a6eaf75105d:192.168.69.110:46186], old=null, confs=<EMPTY_MAP>
2019-07-30 20:48:10,197 INFO  server.RaftServerConfigKeys (ConfUtils.java:logGet(43)) - raft.server.storage.dir = [/workdir/hadoop-ozone/integration-test/target/test-dir/MiniOzoneClusterImpl-ffb9f6fc-8aeb-40ae-a3cf-4369b53e790c/datanode-1/data/ratis] (custom)
2019-07-30 20:48:10,198 INFO  storage.RaftStorageDirectory (RaftStorageDirectory.java:analyzeStorage(246)) - The storage directory /workdir/hadoop-ozone/integration-test/target/test-dir/MiniOzoneClusterImpl-ffb9f6fc-8aeb-40ae-a3cf-4369b53e790c/datanode-1/data/ratis/78dea569-b0bb-49ad-99fc-3084de2060ae does not exist. Creating ...
2019-07-30 20:48:10,223 INFO  storage.RaftStorageDirectory (RaftStorageDirectory.java:tryLock(328)) - Lock on /workdir/hadoop-ozone/integration-test/target/test-dir/MiniOzoneClusterImpl-ffb9f6fc-8aeb-40ae-a3cf-4369b53e790c/datanode-1/data/ratis/78dea569-b0bb-49ad-99fc-3084de2060ae/in_use.lock acquired by nodename 19916@byscane-nightly-zbvcj-1516659162
2019-07-30 20:48:10,244 INFO  ozone.MiniOzoneClusterImpl (MiniOzoneClusterImpl.java:lambda$waitForClusterToBeReady$0(142)) - Waiting for cluster to be ready. Got 2 of 7 DN Heartbeats.
2019-07-30 20:48:10,255 INFO  storage.RaftStorage (RaftStorage.java:format(72)) - Storage directory /workdir/hadoop-ozone/integration-test/target/test-dir/MiniOzoneClusterImpl-ffb9f6fc-8aeb-40ae-a3cf-4369b53e790c/datanode-1/data/ratis/78dea569-b0bb-49ad-99fc-3084de2060ae has been successfully formatted.
2019-07-30 20:48:10,256 INFO  ratis.ContainerStateMachine (ContainerStateMachine.java:loadSnapshot(213)) - group-3084DE2060AE: The snapshot info is null. Setting the last applied indexto:(t:0, i:~)
2019-07-30 20:48:10,256 INFO  server.RaftServerConfigKeys (ConfUtils.java:logGet(43)) - raft.server.leader.election.timeout = 120s (custom)
2019-07-30 20:48:10,256 INFO  server.RaftServerConfigKeys (ConfUtils.java:logGet(43)) - raft.server.log.use.memory = false (default)
2019-07-30 20:48:10,256 INFO  server.RaftServerConfigKeys (ConfUtils.java:logGet(43)) - raft.server.log.purge.gap = 1000000000 (custom)
2019-07-30 20:48:10,257 INFO  server.RaftServerConfigKeys (ConfUtils.java:logGet(43)) - raft.server.log.appender.buffer.byte-limit = 33554432 (custom)
2019-07-30 20:48:10,257 INFO  server.RaftServerConfigKeys (ConfUtils.java:logGet(43)) - raft.server.log.segment.size.max = 1048576 (custom)
2019-07-30 20:48:10,257 INFO  server.RaftServerConfigKeys (ConfUtils.java:logGet(43)) - raft.server.log.segment.cache.num.max = 2 (custom)
2019-07-30 20:48:10,257 INFO  segmented.SegmentedRaftLogWorker (SegmentedRaftLogWorker.java:<init>(172)) - new 98ff2f46-1f4c-4fab-a607-9a6eaf75105d-SegmentedRaftLogWorker:Storage Directory /workdir/hadoop-ozone/integration-test/target/test-dir/MiniOzoneClusterImpl-ffb9f6fc-8aeb-40ae-a3cf-4369b53e790c/datanode-1/data/ratis/78dea569-b0bb-49ad-99fc-3084de2060ae for RaftStorage:Storage Directory /workdir/hadoop-ozone/integration-test/target/test-dir/MiniOzoneClusterImpl-ffb9f6fc-8aeb-40ae-a3cf-4369b53e790c/datanode-1/data/ratis/78dea569-b0bb-49ad-99fc-3084de2060ae
2019-07-30 20:48:10,257 INFO  server.RaftServerConfigKeys (ConfUtils.java:logGet(43)) - raft.server.log.queue.byte-limit = 2147483647 (custom)
2019-07-30 20:48:10,258 INFO  server.RaftServerConfigKeys (ConfUtils.java:logGet(43)) - raft.server.log.queue.element-limit = 1024 (custom)
2019-07-30 20:48:10,258 INFO  server.RaftServerConfigKeys (ConfUtils.java:logGet(43)) - raft.server.log.segment.size.max = 1048576 (custom)
2019-07-30 20:48:10,258 INFO  server.RaftServerConfigKeys (ConfUtils.java:logGet(43)) - raft.server.log.preallocated.size = 16384 (custom)
2019-07-30 20:48:10,258 INFO  server.RaftServerConfigKeys (ConfUtils.java:logGet(43)) - raft.server.log.write.buffer.size = 33554432 (custom)
2019-07-30 20:48:10,258 INFO  server.RaftServerConfigKeys (ConfUtils.java:logGet(43)) - raft.server.log.force.sync.num = 128 (default)
2019-07-30 20:48:10,259 INFO  server.RaftServerConfigKeys (ConfUtils.java:logGet(43)) - raft.server.log.statemachine.data.sync = true (default)
2019-07-30 20:48:10,259 INFO  server.RaftServerConfigKeys (ConfUtils.java:logGet(43)) - raft.server.log.statemachine.data.sync.timeout = 10s (default)
2019-07-30 20:48:10,259 INFO  server.RaftServerConfigKeys (ConfUtils.java:logGet(43)) - raft.server.log.statemachine.data.sync.timeout.retry = -1 (default)
2019-07-30 20:48:10,259 INFO  server.RaftServerConfigKeys (ConfUtils.java:logGet(43)) - raft.server.log.statemachine.data.caching.enabled = true (custom)
2019-07-30 20:48:10,260 INFO  segmented.SegmentedRaftLogWorker (SegmentedRaftLogWorker.java:lambda$new$0(132)) - 98ff2f46-1f4c-4fab-a607-9a6eaf75105d-SegmentedRaftLogWorker:Storage Directory /workdir/hadoop-ozone/integration-test/target/test-dir/MiniOzoneClusterImpl-ffb9f6fc-8aeb-40ae-a3cf-4369b53e790c/datanode-1/data/ratis/78dea569-b0bb-49ad-99fc-3084de2060ae: flushIndex: setUnconditionally 0 -> -1
2019-07-30 20:48:10,260 INFO  server.RaftServerConfigKeys (ConfUtils.java:logGet(43)) - raft.server.snapshot.auto.trigger.enabled = true (custom)
2019-07-30 20:48:10,260 INFO  server.RaftServerConfigKeys (ConfUtils.java:logGet(43)) - raft.server.snapshot.auto.trigger.threshold = 10000 (custom)
2019-07-30 20:48:10,261 INFO  server.RaftServerConfigKeys (ConfUtils.java:logGet(43)) - raft.server.retrycache.expirytime = 600000ms (custom)
2019-07-30 20:48:10,261 INFO  impl.RaftServerImpl (RaftServerImpl.java:start(180)) - 98ff2f46-1f4c-4fab-a607-9a6eaf75105d: start group-3084DE2060AE
2019-07-30 20:48:10,261 INFO  impl.RaftServerImpl (RaftServerImpl.java:setRole(171)) - 98ff2f46-1f4c-4fab-a607-9a6eaf75105d:group-3084DE2060AE changes role from null to FOLLOWER at term 0 for startAsFollower
2019-07-30 20:48:10,261 INFO  impl.RoleInfo (RoleInfo.java:updateAndGet(143)) - 98ff2f46-1f4c-4fab-a607-9a6eaf75105d: start FollowerState
2019-07-30 20:48:10,262 INFO  util.JmxRegister (JmxRegister.java:tryRegister(44)) - Successfully registered JMX Bean with object name Ratis:service=RaftServer,group=group-3084DE2060AE,id=98ff2f46-1f4c-4fab-a607-9a6eaf75105d
2019-07-30 20:48:10,265 INFO  pipeline.PipelineStateManager (PipelineStateManager.java:addPipeline(56)) - Created pipeline Pipeline[ Id: 78dea569-b0bb-49ad-99fc-3084de2060ae, Nodes: 98ff2f46-1f4c-4fab-a607-9a6eaf75105d{ip: 192.168.69.110, host: byscane-nightly-zbvcj-1516659162, networkLocation: /default-rack, certSerialId: null}, Type:RATIS, Factor:ONE, State:OPEN]
2019-07-30 20:48:10,397 INFO  net.NetworkTopology (NetworkTopologyImpl.java:add(110)) - Added a new node: /default-rack/dcad888a-df6c-4c16-bef6-cf79b44ac70c
2019-07-30 20:48:10,397 INFO  node.SCMNodeManager (SCMNodeManager.java:register(273)) - Registered Data node : dcad888a-df6c-4c16-bef6-cf79b44ac70c{ip: 192.168.69.110, host: byscane-nightly-zbvcj-1516659162, networkLocation: /default-rack, certSerialId: null}
2019-07-30 20:48:10,410 INFO  impl.RaftServerProxy (RaftServerProxy.java:addNew(89)) - dcad888a-df6c-4c16-bef6-cf79b44ac70c: addNew group-B556BC1680EF:[dcad888a-df6c-4c16-bef6-cf79b44ac70c:192.168.69.110:42822] returns group-B556BC1680EF:java.util.concurrent.CompletableFuture@56912e44[Not completed]
2019-07-30 20:48:10,416 INFO  impl.RaftServerImpl (RaftServerImpl.java:<init>(93)) - dcad888a-df6c-4c16-bef6-cf79b44ac70c: new RaftServerImpl for group-B556BC1680EF:[dcad888a-df6c-4c16-bef6-cf79b44ac70c:192.168.69.110:42822] with ContainerStateMachine:uninitialized
2019-07-30 20:48:10,416 INFO  server.RaftServerConfigKeys (ConfUtils.java:logGet(43)) - raft.server.rpc.timeout.min = 5s (custom)
2019-07-30 20:48:10,416 INFO  server.RaftServerConfigKeys (ConfUtils.java:logGet(43)) - raft.server.rpc.timeout.max = 5200ms (custom)
2019-07-30 20:48:10,416 INFO  server.RaftServerConfigKeys (ConfUtils.java:logGet(43)) - raft.server.rpcslowness.timeout = 120s (custom)
2019-07-30 20:48:10,416 INFO  server.RaftServerConfigKeys (ConfUtils.java:logGet(43)) - raft.server.sleep.deviation.threshold = 300 (default)
2019-07-30 20:48:10,417 INFO  server.RaftServerConfigKeys (ConfUtils.java:logGet(43)) - raft.server.log.appender.install.snapshot.enabled = false (custom)
2019-07-30 20:48:10,417 INFO  impl.RaftServerImpl (ServerState.java:<init>(105)) - dcad888a-df6c-4c16-bef6-cf79b44ac70c:group-B556BC1680EF ConfigurationManager, init=-1: [dcad888a-df6c-4c16-bef6-cf79b44ac70c:192.168.69.110:42822], old=null, confs=<EMPTY_MAP>
2019-07-30 20:48:10,417 INFO  server.RaftServerConfigKeys (ConfUtils.java:logGet(43)) - raft.server.storage.dir = [/workdir/hadoop-ozone/integration-test/target/test-dir/MiniOzoneClusterImpl-ffb9f6fc-8aeb-40ae-a3cf-4369b53e790c/datanode-2/data/ratis] (custom)
2019-07-30 20:48:10,417 INFO  storage.RaftStorageDirectory (RaftStorageDirectory.java:analyzeStorage(246)) - The storage directory /workdir/hadoop-ozone/integration-test/target/test-dir/MiniOzoneClusterImpl-ffb9f6fc-8aeb-40ae-a3cf-4369b53e790c/datanode-2/data/ratis/68038983-e5a3-4ca1-8d88-b556bc1680ef does not exist. Creating ...
2019-07-30 20:48:10,431 INFO  storage.RaftStorageDirectory (RaftStorageDirectory.java:tryLock(328)) - Lock on /workdir/hadoop-ozone/integration-test/target/test-dir/MiniOzoneClusterImpl-ffb9f6fc-8aeb-40ae-a3cf-4369b53e790c/datanode-2/data/ratis/68038983-e5a3-4ca1-8d88-b556bc1680ef/in_use.lock acquired by nodename 19916@byscane-nightly-zbvcj-1516659162
2019-07-30 20:48:10,444 INFO  storage.RaftStorage (RaftStorage.java:format(72)) - Storage directory /workdir/hadoop-ozone/integration-test/target/test-dir/MiniOzoneClusterImpl-ffb9f6fc-8aeb-40ae-a3cf-4369b53e790c/datanode-2/data/ratis/68038983-e5a3-4ca1-8d88-b556bc1680ef has been successfully formatted.
2019-07-30 20:48:10,444 INFO  ratis.ContainerStateMachine (ContainerStateMachine.java:loadSnapshot(213)) - group-B556BC1680EF: The snapshot info is null. Setting the last applied indexto:(t:0, i:~)
2019-07-30 20:48:10,444 INFO  server.RaftServerConfigKeys (ConfUtils.java:logGet(43)) - raft.server.leader.election.timeout = 120s (custom)
2019-07-30 20:48:10,444 INFO  server.RaftServerConfigKeys (ConfUtils.java:logGet(43)) - raft.server.log.use.memory = false (default)
2019-07-30 20:48:10,444 INFO  server.RaftServerConfigKeys (ConfUtils.java:logGet(43)) - raft.server.log.purge.gap = 1000000000 (custom)
2019-07-30 20:48:10,444 INFO  server.RaftServerConfigKeys (ConfUtils.java:logGet(43)) - raft.server.log.appender.buffer.byte-limit = 33554432 (custom)
2019-07-30 20:48:10,445 INFO  server.RaftServerConfigKeys (ConfUtils.java:logGet(43)) - raft.server.log.segment.size.max = 1048576 (custom)
2019-07-30 20:48:10,445 INFO  server.RaftServerConfigKeys (ConfUtils.java:logGet(43)) - raft.server.log.segment.cache.num.max = 2 (custom)
2019-07-30 20:48:10,445 INFO  segmented.SegmentedRaftLogWorker (SegmentedRaftLogWorker.java:<init>(172)) - new dcad888a-df6c-4c16-bef6-cf79b44ac70c-SegmentedRaftLogWorker:Storage Directory /workdir/hadoop-ozone/integration-test/target/test-dir/MiniOzoneClusterImpl-ffb9f6fc-8aeb-40ae-a3cf-4369b53e790c/datanode-2/data/ratis/68038983-e5a3-4ca1-8d88-b556bc1680ef for RaftStorage:Storage Directory /workdir/hadoop-ozone/integration-test/target/test-dir/MiniOzoneClusterImpl-ffb9f6fc-8aeb-40ae-a3cf-4369b53e790c/datanode-2/data/ratis/68038983-e5a3-4ca1-8d88-b556bc1680ef
2019-07-30 20:48:10,445 INFO  server.RaftServerConfigKeys (ConfUtils.java:logGet(43)) - raft.server.log.queue.byte-limit = 2147483647 (custom)
2019-07-30 20:48:10,445 INFO  server.RaftServerConfigKeys (ConfUtils.java:logGet(43)) - raft.server.log.queue.element-limit = 1024 (custom)
2019-07-30 20:48:10,445 INFO  server.RaftServerConfigKeys (ConfUtils.java:logGet(43)) - raft.server.log.segment.size.max = 1048576 (custom)
2019-07-30 20:48:10,446 INFO  server.RaftServerConfigKeys (ConfUtils.java:logGet(43)) - raft.server.log.preallocated.size = 16384 (custom)
2019-07-30 20:48:10,446 INFO  server.RaftServerConfigKeys (ConfUtils.java:logGet(43)) - raft.server.log.write.buffer.size = 33554432 (custom)
2019-07-30 20:48:10,446 INFO  server.RaftServerConfigKeys (ConfUtils.java:logGet(43)) - raft.server.log.force.sync.num = 128 (default)
2019-07-30 20:48:10,446 INFO  server.RaftServerConfigKeys (ConfUtils.java:logGet(43)) - raft.server.log.statemachine.data.sync = true (default)
2019-07-30 20:48:10,446 INFO  server.RaftServerConfigKeys (ConfUtils.java:logGet(43)) - raft.server.log.statemachine.data.sync.timeout = 10s (default)
2019-07-30 20:48:10,446 INFO  server.RaftServerConfigKeys (ConfUtils.java:logGet(43)) - raft.server.log.statemachine.data.sync.timeout.retry = -1 (default)
2019-07-30 20:48:10,446 INFO  server.RaftServerConfigKeys (ConfUtils.java:logGet(43)) - raft.server.log.statemachine.data.caching.enabled = true (custom)
2019-07-30 20:48:10,447 INFO  segmented.SegmentedRaftLogWorker (SegmentedRaftLogWorker.java:lambda$new$0(132)) - dcad888a-df6c-4c16-bef6-cf79b44ac70c-SegmentedRaftLogWorker:Storage Directory /workdir/hadoop-ozone/integration-test/target/test-dir/MiniOzoneClusterImpl-ffb9f6fc-8aeb-40ae-a3cf-4369b53e790c/datanode-2/data/ratis/68038983-e5a3-4ca1-8d88-b556bc1680ef: flushIndex: setUnconditionally 0 -> -1
2019-07-30 20:48:10,447 INFO  server.RaftServerConfigKeys (ConfUtils.java:logGet(43)) - raft.server.snapshot.auto.trigger.enabled = true (custom)
2019-07-30 20:48:10,447 INFO  server.RaftServerConfigKeys (ConfUtils.java:logGet(43)) - raft.server.snapshot.auto.trigger.threshold = 10000 (custom)
2019-07-30 20:48:10,447 INFO  server.RaftServerConfigKeys (ConfUtils.java:logGet(43)) - raft.server.retrycache.expirytime = 600000ms (custom)
2019-07-30 20:48:10,447 INFO  impl.RaftServerImpl (RaftServerImpl.java:start(180)) - dcad888a-df6c-4c16-bef6-cf79b44ac70c: start group-B556BC1680EF
2019-07-30 20:48:10,448 INFO  impl.RaftServerImpl (RaftServerImpl.java:setRole(171)) - dcad888a-df6c-4c16-bef6-cf79b44ac70c:group-B556BC1680EF changes role from null to FOLLOWER at term 0 for startAsFollower
2019-07-30 20:48:10,448 INFO  impl.RoleInfo (RoleInfo.java:updateAndGet(143)) - dcad888a-df6c-4c16-bef6-cf79b44ac70c: start FollowerState
2019-07-30 20:48:10,448 INFO  util.JmxRegister (JmxRegister.java:tryRegister(44)) - Successfully registered JMX Bean with object name Ratis:service=RaftServer,group=group-B556BC1680EF,id=dcad888a-df6c-4c16-bef6-cf79b44ac70c
2019-07-30 20:48:10,451 INFO  pipeline.PipelineStateManager (PipelineStateManager.java:addPipeline(56)) - Created pipeline Pipeline[ Id: 68038983-e5a3-4ca1-8d88-b556bc1680ef, Nodes: dcad888a-df6c-4c16-bef6-cf79b44ac70c{ip: 192.168.69.110, host: byscane-nightly-zbvcj-1516659162, networkLocation: /default-rack, certSerialId: null}, Type:RATIS, Factor:ONE, State:OPEN]
2019-07-30 20:48:10,465 INFO  impl.RaftServerProxy (RaftServerProxy.java:addNew(89)) - 98ff2f46-1f4c-4fab-a607-9a6eaf75105d: addNew group-B811E3FEB0FF:[dcad888a-df6c-4c16-bef6-cf79b44ac70c:192.168.69.110:42822, 67fd0bb5-c0c1-4bfc-aa43-3afedda70e00:192.168.69.110:40897, 98ff2f46-1f4c-4fab-a607-9a6eaf75105d:192.168.69.110:46186] returns group-B811E3FEB0FF:java.util.concurrent.CompletableFuture@50645ef8[Not completed]
2019-07-30 20:48:10,465 INFO  impl.RaftServerProxy (RaftServerProxy.java:addNew(89)) - dcad888a-df6c-4c16-bef6-cf79b44ac70c: addNew group-B811E3FEB0FF:[dcad888a-df6c-4c16-bef6-cf79b44ac70c:192.168.69.110:42822, 67fd0bb5-c0c1-4bfc-aa43-3afedda70e00:192.168.69.110:40897, 98ff2f46-1f4c-4fab-a607-9a6eaf75105d:192.168.69.110:46186] returns group-B811E3FEB0FF:java.util.concurrent.CompletableFuture@393b9829[Not completed]
2019-07-30 20:48:10,465 INFO  impl.RaftServerProxy (RaftServerProxy.java:addNew(89)) - 67fd0bb5-c0c1-4bfc-aa43-3afedda70e00: addNew group-B811E3FEB0FF:[dcad888a-df6c-4c16-bef6-cf79b44ac70c:192.168.69.110:42822, 67fd0bb5-c0c1-4bfc-aa43-3afedda70e00:192.168.69.110:40897, 98ff2f46-1f4c-4fab-a607-9a6eaf75105d:192.168.69.110:46186] returns group-B811E3FEB0FF:java.util.concurrent.CompletableFuture@244b9198[Not completed]
2019-07-30 20:48:10,467 INFO  impl.RaftServerImpl (RaftServerImpl.java:<init>(93)) - 98ff2f46-1f4c-4fab-a607-9a6eaf75105d: new RaftServerImpl for group-B811E3FEB0FF:[dcad888a-df6c-4c16-bef6-cf79b44ac70c:192.168.69.110:42822, 67fd0bb5-c0c1-4bfc-aa43-3afedda70e00:192.168.69.110:40897, 98ff2f46-1f4c-4fab-a607-9a6eaf75105d:192.168.69.110:46186] with ContainerStateMachine:uninitialized
2019-07-30 20:48:10,468 INFO  server.RaftServerConfigKeys (ConfUtils.java:logGet(43)) - raft.server.rpc.timeout.min = 5s (custom)
2019-07-30 20:48:10,468 INFO  server.RaftServerConfigKeys (ConfUtils.java:logGet(43)) - raft.server.rpc.timeout.max = 5200ms (custom)
2019-07-30 20:48:10,468 INFO  server.RaftServerConfigKeys (ConfUtils.java:logGet(43)) - raft.server.rpcslowness.timeout = 120s (custom)
2019-07-30 20:48:10,468 INFO  server.RaftServerConfigKeys (ConfUtils.java:logGet(43)) - raft.server.sleep.deviation.threshold = 300 (default)
2019-07-30 20:48:10,468 INFO  server.RaftServerConfigKeys (ConfUtils.java:logGet(43)) - raft.server.log.appender.install.snapshot.enabled = false (custom)
2019-07-30 20:48:10,468 INFO  impl.RaftServerImpl (RaftServerImpl.java:<init>(93)) - 67fd0bb5-c0c1-4bfc-aa43-3afedda70e00: new RaftServerImpl for group-B811E3FEB0FF:[dcad888a-df6c-4c16-bef6-cf79b44ac70c:192.168.69.110:42822, 67fd0bb5-c0c1-4bfc-aa43-3afedda70e00:192.168.69.110:40897, 98ff2f46-1f4c-4fab-a607-9a6eaf75105d:192.168.69.110:46186] with ContainerStateMachine:uninitialized
2019-07-30 20:48:10,468 INFO  impl.RaftServerImpl (ServerState.java:<init>(105)) - 98ff2f46-1f4c-4fab-a607-9a6eaf75105d:group-B811E3FEB0FF ConfigurationManager, init=-1: [dcad888a-df6c-4c16-bef6-cf79b44ac70c:192.168.69.110:42822, 67fd0bb5-c0c1-4bfc-aa43-3afedda70e00:192.168.69.110:40897, 98ff2f46-1f4c-4fab-a607-9a6eaf75105d:192.168.69.110:46186], old=null, confs=<EMPTY_MAP>
2019-07-30 20:48:10,468 INFO  server.RaftServerConfigKeys (ConfUtils.java:logGet(43)) - raft.server.rpc.timeout.min = 5s (custom)
2019-07-30 20:48:10,468 INFO  server.RaftServerConfigKeys (ConfUtils.java:logGet(43)) - raft.server.storage.dir = [/workdir/hadoop-ozone/integration-test/target/test-dir/MiniOzoneClusterImpl-ffb9f6fc-8aeb-40ae-a3cf-4369b53e790c/datanode-1/data/ratis] (custom)
2019-07-30 20:48:10,469 INFO  impl.RaftServerImpl (RaftServerImpl.java:<init>(93)) - dcad888a-df6c-4c16-bef6-cf79b44ac70c: new RaftServerImpl for group-B811E3FEB0FF:[dcad888a-df6c-4c16-bef6-cf79b44ac70c:192.168.69.110:42822, 67fd0bb5-c0c1-4bfc-aa43-3afedda70e00:192.168.69.110:40897, 98ff2f46-1f4c-4fab-a607-9a6eaf75105d:192.168.69.110:46186] with ContainerStateMachine:uninitialized
2019-07-30 20:48:10,469 INFO  server.RaftServerConfigKeys (ConfUtils.java:logGet(43)) - raft.server.rpc.timeout.max = 5200ms (custom)
2019-07-30 20:48:10,469 INFO  server.RaftServerConfigKeys (ConfUtils.java:logGet(43)) - raft.server.rpc.timeout.min = 5s (custom)
2019-07-30 20:48:10,469 INFO  server.RaftServerConfigKeys (ConfUtils.java:logGet(43)) - raft.server.rpcslowness.timeout = 120s (custom)
2019-07-30 20:48:10,469 INFO  storage.RaftStorageDirectory (RaftStorageDirectory.java:analyzeStorage(246)) - The storage directory /workdir/hadoop-ozone/integration-test/target/test-dir/MiniOzoneClusterImpl-ffb9f6fc-8aeb-40ae-a3cf-4369b53e790c/datanode-1/data/ratis/785e887a-b442-4c54-9e8c-b811e3feb0ff does not exist. Creating ...
2019-07-30 20:48:10,469 INFO  server.RaftServerConfigKeys (ConfUtils.java:logGet(43)) - raft.server.sleep.deviation.threshold = 300 (default)
2019-07-30 20:48:10,469 INFO  server.RaftServerConfigKeys (ConfUtils.java:logGet(43)) - raft.server.log.appender.install.snapshot.enabled = false (custom)
2019-07-30 20:48:10,469 INFO  server.RaftServerConfigKeys (ConfUtils.java:logGet(43)) - raft.server.rpc.timeout.max = 5200ms (custom)
2019-07-30 20:48:10,470 INFO  server.RaftServerConfigKeys (ConfUtils.java:logGet(43)) - raft.server.rpcslowness.timeout = 120s (custom)
2019-07-30 20:48:10,470 INFO  server.RaftServerConfigKeys (ConfUtils.java:logGet(43)) - raft.server.sleep.deviation.threshold = 300 (default)
2019-07-30 20:48:10,470 INFO  impl.RaftServerImpl (ServerState.java:<init>(105)) - 67fd0bb5-c0c1-4bfc-aa43-3afedda70e00:group-B811E3FEB0FF ConfigurationManager, init=-1: [dcad888a-df6c-4c16-bef6-cf79b44ac70c:192.168.69.110:42822, 67fd0bb5-c0c1-4bfc-aa43-3afedda70e00:192.168.69.110:40897, 98ff2f46-1f4c-4fab-a607-9a6eaf75105d:192.168.69.110:46186], old=null, confs=<EMPTY_MAP>
2019-07-30 20:48:10,470 INFO  server.RaftServerConfigKeys (ConfUtils.java:logGet(43)) - raft.server.log.appender.install.snapshot.enabled = false (custom)
2019-07-30 20:48:10,470 INFO  server.RaftServerConfigKeys (ConfUtils.java:logGet(43)) - raft.server.storage.dir = [/workdir/hadoop-ozone/integration-test/target/test-dir/MiniOzoneClusterImpl-ffb9f6fc-8aeb-40ae-a3cf-4369b53e790c/datanode-0/data/ratis] (custom)
2019-07-30 20:48:10,470 INFO  impl.RaftServerImpl (ServerState.java:<init>(105)) - dcad888a-df6c-4c16-bef6-cf79b44ac70c:group-B811E3FEB0FF ConfigurationManager, init=-1: [dcad888a-df6c-4c16-bef6-cf79b44ac70c:192.168.69.110:42822, 67fd0bb5-c0c1-4bfc-aa43-3afedda70e00:192.168.69.110:40897, 98ff2f46-1f4c-4fab-a607-9a6eaf75105d:192.168.69.110:46186], old=null, confs=<EMPTY_MAP>
2019-07-30 20:48:10,471 INFO  server.RaftServerConfigKeys (ConfUtils.java:logGet(43)) - raft.server.storage.dir = [/workdir/hadoop-ozone/integration-test/target/test-dir/MiniOzoneClusterImpl-ffb9f6fc-8aeb-40ae-a3cf-4369b53e790c/datanode-2/data/ratis] (custom)
2019-07-30 20:48:10,471 INFO  storage.RaftStorageDirectory (RaftStorageDirectory.java:analyzeStorage(246)) - The storage directory /workdir/hadoop-ozone/integration-test/target/test-dir/MiniOzoneClusterImpl-ffb9f6fc-8aeb-40ae-a3cf-4369b53e790c/datanode-0/data/ratis/785e887a-b442-4c54-9e8c-b811e3feb0ff does not exist. Creating ...
2019-07-30 20:48:10,471 INFO  storage.RaftStorageDirectory (RaftStorageDirectory.java:analyzeStorage(246)) - The storage directory /workdir/hadoop-ozone/integration-test/target/test-dir/MiniOzoneClusterImpl-ffb9f6fc-8aeb-40ae-a3cf-4369b53e790c/datanode-2/data/ratis/785e887a-b442-4c54-9e8c-b811e3feb0ff does not exist. Creating ...
2019-07-30 20:48:10,496 INFO  storage.RaftStorageDirectory (RaftStorageDirectory.java:tryLock(328)) - Lock on /workdir/hadoop-ozone/integration-test/target/test-dir/MiniOzoneClusterImpl-ffb9f6fc-8aeb-40ae-a3cf-4369b53e790c/datanode-0/data/ratis/785e887a-b442-4c54-9e8c-b811e3feb0ff/in_use.lock acquired by nodename 19916@byscane-nightly-zbvcj-1516659162
2019-07-30 20:48:10,496 INFO  storage.RaftStorageDirectory (RaftStorageDirectory.java:tryLock(328)) - Lock on /workdir/hadoop-ozone/integration-test/target/test-dir/MiniOzoneClusterImpl-ffb9f6fc-8aeb-40ae-a3cf-4369b53e790c/datanode-1/data/ratis/785e887a-b442-4c54-9e8c-b811e3feb0ff/in_use.lock acquired by nodename 19916@byscane-nightly-zbvcj-1516659162
2019-07-30 20:48:10,496 INFO  storage.RaftStorageDirectory (RaftStorageDirectory.java:tryLock(328)) - Lock on /workdir/hadoop-ozone/integration-test/target/test-dir/MiniOzoneClusterImpl-ffb9f6fc-8aeb-40ae-a3cf-4369b53e790c/datanode-2/data/ratis/785e887a-b442-4c54-9e8c-b811e3feb0ff/in_use.lock acquired by nodename 19916@byscane-nightly-zbvcj-1516659162
2019-07-30 20:48:10,526 INFO  storage.RaftStorage (RaftStorage.java:format(72)) - Storage directory /workdir/hadoop-ozone/integration-test/target/test-dir/MiniOzoneClusterImpl-ffb9f6fc-8aeb-40ae-a3cf-4369b53e790c/datanode-0/data/ratis/785e887a-b442-4c54-9e8c-b811e3feb0ff has been successfully formatted.
2019-07-30 20:48:10,526 INFO  storage.RaftStorage (RaftStorage.java:format(72)) - Storage directory /workdir/hadoop-ozone/integration-test/target/test-dir/MiniOzoneClusterImpl-ffb9f6fc-8aeb-40ae-a3cf-4369b53e790c/datanode-2/data/ratis/785e887a-b442-4c54-9e8c-b811e3feb0ff has been successfully formatted.
2019-07-30 20:48:10,526 INFO  ratis.ContainerStateMachine (ContainerStateMachine.java:loadSnapshot(213)) - group-B811E3FEB0FF: The snapshot info is null. Setting the last applied indexto:(t:0, i:~)
2019-07-30 20:48:10,526 INFO  storage.RaftStorage (RaftStorage.java:format(72)) - Storage directory /workdir/hadoop-ozone/integration-test/target/test-dir/MiniOzoneClusterImpl-ffb9f6fc-8aeb-40ae-a3cf-4369b53e790c/datanode-1/data/ratis/785e887a-b442-4c54-9e8c-b811e3feb0ff has been successfully formatted.
2019-07-30 20:48:10,526 INFO  ratis.ContainerStateMachine (ContainerStateMachine.java:loadSnapshot(213)) - group-B811E3FEB0FF: The snapshot info is null. Setting the last applied indexto:(t:0, i:~)
2019-07-30 20:48:10,526 INFO  server.RaftServerConfigKeys (ConfUtils.java:logGet(43)) - raft.server.leader.election.timeout = 120s (custom)
2019-07-30 20:48:10,526 INFO  server.RaftServerConfigKeys (ConfUtils.java:logGet(43)) - raft.server.leader.election.timeout = 120s (custom)
2019-07-30 20:48:10,526 INFO  ratis.ContainerStateMachine (ContainerStateMachine.java:loadSnapshot(213)) - group-B811E3FEB0FF: The snapshot info is null. Setting the last applied indexto:(t:0, i:~)
2019-07-30 20:48:10,527 INFO  server.RaftServerConfigKeys (ConfUtils.java:logGet(43)) - raft.server.log.use.memory = false (default)
2019-07-30 20:48:10,527 INFO  server.RaftServerConfigKeys (ConfUtils.java:logGet(43)) - raft.server.log.use.memory = false (default)
2019-07-30 20:48:10,527 INFO  server.RaftServerConfigKeys (ConfUtils.java:logGet(43)) - raft.server.log.purge.gap = 1000000000 (custom)
2019-07-30 20:48:10,527 INFO  server.RaftServerConfigKeys (ConfUtils.java:logGet(43)) - raft.server.leader.election.timeout = 120s (custom)
2019-07-30 20:48:10,527 INFO  server.RaftServerConfigKeys (ConfUtils.java:logGet(43)) - raft.server.log.appender.buffer.byte-limit = 33554432 (custom)
2019-07-30 20:48:10,527 INFO  server.RaftServerConfigKeys (ConfUtils.java:logGet(43)) - raft.server.log.purge.gap = 1000000000 (custom)
2019-07-30 20:48:10,528 INFO  server.RaftServerConfigKeys (ConfUtils.java:logGet(43)) - raft.server.log.segment.size.max = 1048576 (custom)
2019-07-30 20:48:10,527 INFO  server.RaftServerConfigKeys (ConfUtils.java:logGet(43)) - raft.server.log.use.memory = false (default)
2019-07-30 20:48:10,528 INFO  server.RaftServerConfigKeys (ConfUtils.java:logGet(43)) - raft.server.log.segment.cache.num.max = 2 (custom)
2019-07-30 20:48:10,528 INFO  server.RaftServerConfigKeys (ConfUtils.java:logGet(43)) - raft.server.log.appender.buffer.byte-limit = 33554432 (custom)
2019-07-30 20:48:10,528 INFO  segmented.SegmentedRaftLogWorker (SegmentedRaftLogWorker.java:<init>(172)) - new dcad888a-df6c-4c16-bef6-cf79b44ac70c-SegmentedRaftLogWorker:Storage Directory /workdir/hadoop-ozone/integration-test/target/test-dir/MiniOzoneClusterImpl-ffb9f6fc-8aeb-40ae-a3cf-4369b53e790c/datanode-2/data/ratis/785e887a-b442-4c54-9e8c-b811e3feb0ff for RaftStorage:Storage Directory /workdir/hadoop-ozone/integration-test/target/test-dir/MiniOzoneClusterImpl-ffb9f6fc-8aeb-40ae-a3cf-4369b53e790c/datanode-2/data/ratis/785e887a-b442-4c54-9e8c-b811e3feb0ff
2019-07-30 20:48:10,528 INFO  server.RaftServerConfigKeys (ConfUtils.java:logGet(43)) - raft.server.log.purge.gap = 1000000000 (custom)
2019-07-30 20:48:10,529 INFO  server.RaftServerConfigKeys (ConfUtils.java:logGet(43)) - raft.server.log.queue.byte-limit = 2147483647 (custom)
2019-07-30 20:48:10,528 INFO  server.RaftServerConfigKeys (ConfUtils.java:logGet(43)) - raft.server.log.segment.size.max = 1048576 (custom)
2019-07-30 20:48:10,529 INFO  server.RaftServerConfigKeys (ConfUtils.java:logGet(43)) - raft.server.log.queue.element-limit = 1024 (custom)
2019-07-30 20:48:10,529 INFO  server.RaftServerConfigKeys (ConfUtils.java:logGet(43)) - raft.server.log.appender.buffer.byte-limit = 33554432 (custom)
2019-07-30 20:48:10,529 INFO  server.RaftServerConfigKeys (ConfUtils.java:logGet(43)) - raft.server.log.segment.size.max = 1048576 (custom)
2019-07-30 20:48:10,529 INFO  server.RaftServerConfigKeys (ConfUtils.java:logGet(43)) - raft.server.log.segment.cache.num.max = 2 (custom)
2019-07-30 20:48:10,529 INFO  server.RaftServerConfigKeys (ConfUtils.java:logGet(43)) - raft.server.log.preallocated.size = 16384 (custom)
2019-07-30 20:48:10,529 INFO  server.RaftServerConfigKeys (ConfUtils.java:logGet(43)) - raft.server.log.segment.size.max = 1048576 (custom)
2019-07-30 20:48:10,530 INFO  server.RaftServerConfigKeys (ConfUtils.java:logGet(43)) - raft.server.log.write.buffer.size = 33554432 (custom)
2019-07-30 20:48:10,530 INFO  segmented.SegmentedRaftLogWorker (SegmentedRaftLogWorker.java:<init>(172)) - new 67fd0bb5-c0c1-4bfc-aa43-3afedda70e00-SegmentedRaftLogWorker:Storage Directory /workdir/hadoop-ozone/integration-test/target/test-dir/MiniOzoneClusterImpl-ffb9f6fc-8aeb-40ae-a3cf-4369b53e790c/datanode-0/data/ratis/785e887a-b442-4c54-9e8c-b811e3feb0ff for RaftStorage:Storage Directory /workdir/hadoop-ozone/integration-test/target/test-dir/MiniOzoneClusterImpl-ffb9f6fc-8aeb-40ae-a3cf-4369b53e790c/datanode-0/data/ratis/785e887a-b442-4c54-9e8c-b811e3feb0ff
2019-07-30 20:48:10,530 INFO  server.RaftServerConfigKeys (ConfUtils.java:logGet(43)) - raft.server.log.force.sync.num = 128 (default)
2019-07-30 20:48:10,530 INFO  server.RaftServerConfigKeys (ConfUtils.java:logGet(43)) - raft.server.log.statemachine.data.sync = true (default)
2019-07-30 20:48:10,530 INFO  server.RaftServerConfigKeys (ConfUtils.java:logGet(43)) - raft.server.log.segment.cache.num.max = 2 (custom)
2019-07-30 20:48:10,530 INFO  server.RaftServerConfigKeys (ConfUtils.java:logGet(43)) - raft.server.log.statemachine.data.sync.timeout = 10s (default)
2019-07-30 20:48:10,530 INFO  server.RaftServerConfigKeys (ConfUtils.java:logGet(43)) - raft.server.log.queue.byte-limit = 2147483647 (custom)
2019-07-30 20:48:10,531 INFO  server.RaftServerConfigKeys (ConfUtils.java:logGet(43)) - raft.server.log.statemachine.data.sync.timeout.retry = -1 (default)
2019-07-30 20:48:10,531 INFO  segmented.SegmentedRaftLogWorker (SegmentedRaftLogWorker.java:<init>(172)) - new 98ff2f46-1f4c-4fab-a607-9a6eaf75105d-SegmentedRaftLogWorker:Storage Directory /workdir/hadoop-ozone/integration-test/target/test-dir/MiniOzoneClusterImpl-ffb9f6fc-8aeb-40ae-a3cf-4369b53e790c/datanode-1/data/ratis/785e887a-b442-4c54-9e8c-b811e3feb0ff for RaftStorage:Storage Directory /workdir/hadoop-ozone/integration-test/target/test-dir/MiniOzoneClusterImpl-ffb9f6fc-8aeb-40ae-a3cf-4369b53e790c/datanode-1/data/ratis/785e887a-b442-4c54-9e8c-b811e3feb0ff
2019-07-30 20:48:10,531 INFO  server.RaftServerConfigKeys (ConfUtils.java:logGet(43)) - raft.server.log.statemachine.data.caching.enabled = true (custom)
2019-07-30 20:48:10,531 INFO  server.RaftServerConfigKeys (ConfUtils.java:logGet(43)) - raft.server.log.queue.element-limit = 1024 (custom)
2019-07-30 20:48:10,531 INFO  server.RaftServerConfigKeys (ConfUtils.java:logGet(43)) - raft.server.log.queue.byte-limit = 2147483647 (custom)
2019-07-30 20:48:10,532 INFO  segmented.SegmentedRaftLogWorker (SegmentedRaftLogWorker.java:lambda$new$0(132)) - dcad888a-df6c-4c16-bef6-cf79b44ac70c-SegmentedRaftLogWorker:Storage Directory /workdir/hadoop-ozone/integration-test/target/test-dir/MiniOzoneClusterImpl-ffb9f6fc-8aeb-40ae-a3cf-4369b53e790c/datanode-2/data/ratis/785e887a-b442-4c54-9e8c-b811e3feb0ff: flushIndex: setUnconditionally 0 -> -1
2019-07-30 20:48:10,532 INFO  server.RaftServerConfigKeys (ConfUtils.java:logGet(43)) - raft.server.log.segment.size.max = 1048576 (custom)
2019-07-30 20:48:10,532 INFO  server.RaftServerConfigKeys (ConfUtils.java:logGet(43)) - raft.server.log.queue.element-limit = 1024 (custom)
2019-07-30 20:48:10,532 INFO  server.RaftServerConfigKeys (ConfUtils.java:logGet(43)) - raft.server.log.preallocated.size = 16384 (custom)
2019-07-30 20:48:10,532 INFO  server.RaftServerConfigKeys (ConfUtils.java:logGet(43)) - raft.server.log.segment.size.max = 1048576 (custom)
2019-07-30 20:48:10,532 INFO  server.RaftServerConfigKeys (ConfUtils.java:logGet(43)) - raft.server.snapshot.auto.trigger.enabled = true (custom)
2019-07-30 20:48:10,532 INFO  server.RaftServerConfigKeys (ConfUtils.java:logGet(43)) - raft.server.log.preallocated.size = 16384 (custom)
2019-07-30 20:48:10,532 INFO  server.RaftServerConfigKeys (ConfUtils.java:logGet(43)) - raft.server.log.write.buffer.size = 33554432 (custom)
2019-07-30 20:48:10,533 INFO  server.RaftServerConfigKeys (ConfUtils.java:logGet(43)) - raft.server.log.write.buffer.size = 33554432 (custom)
2019-07-30 20:48:10,532 INFO  server.RaftServerConfigKeys (ConfUtils.java:logGet(43)) - raft.server.snapshot.auto.trigger.threshold = 10000 (custom)
2019-07-30 20:48:10,533 INFO  server.RaftServerConfigKeys (ConfUtils.java:logGet(43)) - raft.server.log.force.sync.num = 128 (default)
2019-07-30 20:48:10,533 INFO  server.RaftServerConfigKeys (ConfUtils.java:logGet(43)) - raft.server.log.force.sync.num = 128 (default)
2019-07-30 20:48:10,533 INFO  server.RaftServerConfigKeys (ConfUtils.java:logGet(43)) - raft.server.log.statemachine.data.sync = true (default)
2019-07-30 20:48:10,533 INFO  server.RaftServerConfigKeys (ConfUtils.java:logGet(43)) - raft.server.retrycache.expirytime = 600000ms (custom)
2019-07-30 20:48:10,533 INFO  server.RaftServerConfigKeys (ConfUtils.java:logGet(43)) - raft.server.log.statemachine.data.sync.timeout = 10s (default)
2019-07-30 20:48:10,534 INFO  impl.RaftServerImpl (RaftServerImpl.java:start(180)) - dcad888a-df6c-4c16-bef6-cf79b44ac70c: start group-B811E3FEB0FF
2019-07-30 20:48:10,533 INFO  server.RaftServerConfigKeys (ConfUtils.java:logGet(43)) - raft.server.log.statemachine.data.sync = true (default)
2019-07-30 20:48:10,534 INFO  impl.RaftServerImpl (RaftServerImpl.java:setRole(171)) - dcad888a-df6c-4c16-bef6-cf79b44ac70c:group-B811E3FEB0FF changes role from null to FOLLOWER at term 0 for startAsFollower
2019-07-30 20:48:10,534 INFO  server.RaftServerConfigKeys (ConfUtils.java:logGet(43)) - raft.server.log.statemachine.data.sync.timeout.retry = -1 (default)
2019-07-30 20:48:10,534 INFO  impl.RoleInfo (RoleInfo.java:updateAndGet(143)) - dcad888a-df6c-4c16-bef6-cf79b44ac70c: start FollowerState
2019-07-30 20:48:10,534 INFO  server.RaftServerConfigKeys (ConfUtils.java:logGet(43)) - raft.server.log.statemachine.data.sync.timeout = 10s (default)
2019-07-30 20:48:10,534 INFO  server.RaftServerConfigKeys (ConfUtils.java:logGet(43)) - raft.server.log.statemachine.data.caching.enabled = true (custom)
2019-07-30 20:48:10,535 INFO  server.RaftServerConfigKeys (ConfUtils.java:logGet(43)) - raft.server.log.statemachine.data.sync.timeout.retry = -1 (default)
2019-07-30 20:48:10,547 INFO  util.JmxRegister (JmxRegister.java:tryRegister(44)) - Successfully registered JMX Bean with object name Ratis:service=RaftServer,group=group-B811E3FEB0FF,id=dcad888a-df6c-4c16-bef6-cf79b44ac70c
2019-07-30 20:48:10,547 INFO  server.RaftServerConfigKeys (ConfUtils.java:logGet(43)) - raft.server.log.statemachine.data.caching.enabled = true (custom)
2019-07-30 20:48:10,547 INFO  segmented.SegmentedRaftLogWorker (SegmentedRaftLogWorker.java:lambda$new$0(132)) - 98ff2f46-1f4c-4fab-a607-9a6eaf75105d-SegmentedRaftLogWorker:Storage Directory /workdir/hadoop-ozone/integration-test/target/test-dir/MiniOzoneClusterImpl-ffb9f6fc-8aeb-40ae-a3cf-4369b53e790c/datanode-1/data/ratis/785e887a-b442-4c54-9e8c-b811e3feb0ff: flushIndex: setUnconditionally 0 -> -1
2019-07-30 20:48:10,547 INFO  segmented.SegmentedRaftLogWorker (SegmentedRaftLogWorker.java:lambda$new$0(132)) - 67fd0bb5-c0c1-4bfc-aa43-3afedda70e00-SegmentedRaftLogWorker:Storage Directory /workdir/hadoop-ozone/integration-test/target/test-dir/MiniOzoneClusterImpl-ffb9f6fc-8aeb-40ae-a3cf-4369b53e790c/datanode-0/data/ratis/785e887a-b442-4c54-9e8c-b811e3feb0ff: flushIndex: setUnconditionally 0 -> -1
2019-07-30 20:48:10,547 INFO  server.RaftServerConfigKeys (ConfUtils.java:logGet(43)) - raft.server.snapshot.auto.trigger.enabled = true (custom)
2019-07-30 20:48:10,555 INFO  server.RaftServerConfigKeys (ConfUtils.java:logGet(43)) - raft.server.snapshot.auto.trigger.enabled = true (custom)
2019-07-30 20:48:10,556 INFO  server.RaftServerConfigKeys (ConfUtils.java:logGet(43)) - raft.server.snapshot.auto.trigger.threshold = 10000 (custom)
2019-07-30 20:48:10,556 INFO  server.RaftServerConfigKeys (ConfUtils.java:logGet(43)) - raft.server.snapshot.auto.trigger.threshold = 10000 (custom)
2019-07-30 20:48:10,556 INFO  server.RaftServerConfigKeys (ConfUtils.java:logGet(43)) - raft.server.retrycache.expirytime = 600000ms (custom)
2019-07-30 20:48:10,556 INFO  server.RaftServerConfigKeys (ConfUtils.java:logGet(43)) - raft.server.retrycache.expirytime = 600000ms (custom)
2019-07-30 20:48:10,556 INFO  impl.RaftServerImpl (RaftServerImpl.java:start(180)) - 98ff2f46-1f4c-4fab-a607-9a6eaf75105d: start group-B811E3FEB0FF
2019-07-30 20:48:10,556 INFO  impl.RaftServerImpl (RaftServerImpl.java:start(180)) - 67fd0bb5-c0c1-4bfc-aa43-3afedda70e00: start group-B811E3FEB0FF
2019-07-30 20:48:10,556 INFO  impl.RaftServerImpl (RaftServerImpl.java:setRole(171)) - 98ff2f46-1f4c-4fab-a607-9a6eaf75105d:group-B811E3FEB0FF changes role from null to FOLLOWER at term 0 for startAsFollower
2019-07-30 20:48:10,556 INFO  impl.RaftServerImpl (RaftServerImpl.java:setRole(171)) - 67fd0bb5-c0c1-4bfc-aa43-3afedda70e00:group-B811E3FEB0FF changes role from null to FOLLOWER at term 0 for startAsFollower
2019-07-30 20:48:10,557 INFO  impl.RoleInfo (RoleInfo.java:updateAndGet(143)) - 98ff2f46-1f4c-4fab-a607-9a6eaf75105d: start FollowerState
2019-07-30 20:48:10,557 INFO  impl.RoleInfo (RoleInfo.java:updateAndGet(143)) - 67fd0bb5-c0c1-4bfc-aa43-3afedda70e00: start FollowerState
2019-07-30 20:48:10,557 INFO  util.JmxRegister (JmxRegister.java:tryRegister(44)) - Successfully registered JMX Bean with object name Ratis:service=RaftServer,group=group-B811E3FEB0FF,id=98ff2f46-1f4c-4fab-a607-9a6eaf75105d
2019-07-30 20:48:10,557 INFO  util.JmxRegister (JmxRegister.java:tryRegister(44)) - Successfully registered JMX Bean with object name Ratis:service=RaftServer,group=group-B811E3FEB0FF,id=67fd0bb5-c0c1-4bfc-aa43-3afedda70e00
2019-07-30 20:48:10,560 INFO  pipeline.PipelineStateManager (PipelineStateManager.java:addPipeline(56)) - Created pipeline Pipeline[ Id: 785e887a-b442-4c54-9e8c-b811e3feb0ff, Nodes: dcad888a-df6c-4c16-bef6-cf79b44ac70c{ip: 192.168.69.110, host: byscane-nightly-zbvcj-1516659162, networkLocation: /default-rack, certSerialId: null}67fd0bb5-c0c1-4bfc-aa43-3afedda70e00{ip: 192.168.69.110, host: byscane-nightly-zbvcj-1516659162, networkLocation: /default-rack, certSerialId: null}98ff2f46-1f4c-4fab-a607-9a6eaf75105d{ip: 192.168.69.110, host: byscane-nightly-zbvcj-1516659162, networkLocation: /default-rack, certSerialId: null}, Type:RATIS, Factor:THREE, State:OPEN]
2019-07-30 20:48:10,570 INFO  net.NetworkTopology (NetworkTopologyImpl.java:add(110)) - Added a new node: /default-rack/5f909b24-f0ea-4ba0-868d-f5894a228f85
2019-07-30 20:48:10,570 INFO  node.SCMNodeManager (SCMNodeManager.java:register(273)) - Registered Data node : 5f909b24-f0ea-4ba0-868d-f5894a228f85{ip: 192.168.69.110, host: byscane-nightly-zbvcj-1516659162, networkLocation: /default-rack, certSerialId: null}
2019-07-30 20:48:10,579 INFO  impl.RaftServerProxy (RaftServerProxy.java:addNew(89)) - 5f909b24-f0ea-4ba0-868d-f5894a228f85: addNew group-E7D4D6A62F16:[5f909b24-f0ea-4ba0-868d-f5894a228f85:192.168.69.110:35214] returns group-E7D4D6A62F16:java.util.concurrent.CompletableFuture@13da32ff[Not completed]
2019-07-30 20:48:10,584 INFO  impl.RaftServerImpl (RaftServerImpl.java:<init>(93)) - 5f909b24-f0ea-4ba0-868d-f5894a228f85: new RaftServerImpl for group-E7D4D6A62F16:[5f909b24-f0ea-4ba0-868d-f5894a228f85:192.168.69.110:35214] with ContainerStateMachine:uninitialized
2019-07-30 20:48:10,585 INFO  server.RaftServerConfigKeys (ConfUtils.java:logGet(43)) - raft.server.rpc.timeout.min = 5s (custom)
2019-07-30 20:48:10,585 INFO  server.RaftServerConfigKeys (ConfUtils.java:logGet(43)) - raft.server.rpc.timeout.max = 5200ms (custom)
2019-07-30 20:48:10,585 INFO  server.RaftServerConfigKeys (ConfUtils.java:logGet(43)) - raft.server.rpcslowness.timeout = 120s (custom)
2019-07-30 20:48:10,585 INFO  server.RaftServerConfigKeys (ConfUtils.java:logGet(43)) - raft.server.sleep.deviation.threshold = 300 (default)
2019-07-30 20:48:10,585 INFO  server.RaftServerConfigKeys (ConfUtils.java:logGet(43)) - raft.server.log.appender.install.snapshot.enabled = false (custom)
2019-07-30 20:48:10,585 INFO  impl.RaftServerImpl (ServerState.java:<init>(105)) - 5f909b24-f0ea-4ba0-868d-f5894a228f85:group-E7D4D6A62F16 ConfigurationManager, init=-1: [5f909b24-f0ea-4ba0-868d-f5894a228f85:192.168.69.110:35214], old=null, confs=<EMPTY_MAP>
2019-07-30 20:48:10,586 INFO  server.RaftServerConfigKeys (ConfUtils.java:logGet(43)) - raft.server.storage.dir = [/workdir/hadoop-ozone/integration-test/target/test-dir/MiniOzoneClusterImpl-ffb9f6fc-8aeb-40ae-a3cf-4369b53e790c/datanode-3/data/ratis] (custom)
2019-07-30 20:48:10,586 INFO  storage.RaftStorageDirectory (RaftStorageDirectory.java:analyzeStorage(246)) - The storage directory /workdir/hadoop-ozone/integration-test/target/test-dir/MiniOzoneClusterImpl-ffb9f6fc-8aeb-40ae-a3cf-4369b53e790c/datanode-3/data/ratis/cc5b76d6-7eb2-40da-916a-e7d4d6a62f16 does not exist. Creating ...
2019-07-30 20:48:10,611 INFO  storage.RaftStorageDirectory (RaftStorageDirectory.java:tryLock(328)) - Lock on /workdir/hadoop-ozone/integration-test/target/test-dir/MiniOzoneClusterImpl-ffb9f6fc-8aeb-40ae-a3cf-4369b53e790c/datanode-3/data/ratis/cc5b76d6-7eb2-40da-916a-e7d4d6a62f16/in_use.lock acquired by nodename 19916@byscane-nightly-zbvcj-1516659162
2019-07-30 20:48:10,626 INFO  storage.RaftStorage (RaftStorage.java:format(72)) - Storage directory /workdir/hadoop-ozone/integration-test/target/test-dir/MiniOzoneClusterImpl-ffb9f6fc-8aeb-40ae-a3cf-4369b53e790c/datanode-3/data/ratis/cc5b76d6-7eb2-40da-916a-e7d4d6a62f16 has been successfully formatted.
2019-07-30 20:48:10,627 INFO  ratis.ContainerStateMachine (ContainerStateMachine.java:loadSnapshot(213)) - group-E7D4D6A62F16: The snapshot info is null. Setting the last applied indexto:(t:0, i:~)
2019-07-30 20:48:10,627 INFO  server.RaftServerConfigKeys (ConfUtils.java:logGet(43)) - raft.server.leader.election.timeout = 120s (custom)
2019-07-30 20:48:10,627 INFO  server.RaftServerConfigKeys (ConfUtils.java:logGet(43)) - raft.server.log.use.memory = false (default)
2019-07-30 20:48:10,627 INFO  server.RaftServerConfigKeys (ConfUtils.java:logGet(43)) - raft.server.log.purge.gap = 1000000000 (custom)
2019-07-30 20:48:10,627 INFO  server.RaftServerConfigKeys (ConfUtils.java:logGet(43)) - raft.server.log.appender.buffer.byte-limit = 33554432 (custom)
2019-07-30 20:48:10,627 INFO  server.RaftServerConfigKeys (ConfUtils.java:logGet(43)) - raft.server.log.segment.size.max = 1048576 (custom)
2019-07-30 20:48:10,627 INFO  server.RaftServerConfigKeys (ConfUtils.java:logGet(43)) - raft.server.log.segment.cache.num.max = 2 (custom)
2019-07-30 20:48:10,627 INFO  segmented.SegmentedRaftLogWorker (SegmentedRaftLogWorker.java:<init>(172)) - new 5f909b24-f0ea-4ba0-868d-f5894a228f85-SegmentedRaftLogWorker:Storage Directory /workdir/hadoop-ozone/integration-test/target/test-dir/MiniOzoneClusterImpl-ffb9f6fc-8aeb-40ae-a3cf-4369b53e790c/datanode-3/data/ratis/cc5b76d6-7eb2-40da-916a-e7d4d6a62f16 for RaftStorage:Storage Directory /workdir/hadoop-ozone/integration-test/target/test-dir/MiniOzoneClusterImpl-ffb9f6fc-8aeb-40ae-a3cf-4369b53e790c/datanode-3/data/ratis/cc5b76d6-7eb2-40da-916a-e7d4d6a62f16
2019-07-30 20:48:10,627 INFO  server.RaftServerConfigKeys (ConfUtils.java:logGet(43)) - raft.server.log.queue.byte-limit = 2147483647 (custom)
2019-07-30 20:48:10,628 INFO  server.RaftServerConfigKeys (ConfUtils.java:logGet(43)) - raft.server.log.queue.element-limit = 1024 (custom)
2019-07-30 20:48:10,628 INFO  server.RaftServerConfigKeys (ConfUtils.java:logGet(43)) - raft.server.log.segment.size.max = 1048576 (custom)
2019-07-30 20:48:10,628 INFO  server.RaftServerConfigKeys (ConfUtils.java:logGet(43)) - raft.server.log.preallocated.size = 16384 (custom)
2019-07-30 20:48:10,628 INFO  server.RaftServerConfigKeys (ConfUtils.java:logGet(43)) - raft.server.log.write.buffer.size = 33554432 (custom)
2019-07-30 20:48:10,628 INFO  server.RaftServerConfigKeys (ConfUtils.java:logGet(43)) - raft.server.log.force.sync.num = 128 (default)
2019-07-30 20:48:10,628 INFO  server.RaftServerConfigKeys (ConfUtils.java:logGet(43)) - raft.server.log.statemachine.data.sync = true (default)
2019-07-30 20:48:10,628 INFO  server.RaftServerConfigKeys (ConfUtils.java:logGet(43)) - raft.server.log.statemachine.data.sync.timeout = 10s (default)
2019-07-30 20:48:10,628 INFO  server.RaftServerConfigKeys (ConfUtils.java:logGet(43)) - raft.server.log.statemachine.data.sync.timeout.retry = -1 (default)
2019-07-30 20:48:10,629 INFO  server.RaftServerConfigKeys (ConfUtils.java:logGet(43)) - raft.server.log.statemachine.data.caching.enabled = true (custom)
2019-07-30 20:48:10,629 INFO  segmented.SegmentedRaftLogWorker (SegmentedRaftLogWorker.java:lambda$new$0(132)) - 5f909b24-f0ea-4ba0-868d-f5894a228f85-SegmentedRaftLogWorker:Storage Directory /workdir/hadoop-ozone/integration-test/target/test-dir/MiniOzoneClusterImpl-ffb9f6fc-8aeb-40ae-a3cf-4369b53e790c/datanode-3/data/ratis/cc5b76d6-7eb2-40da-916a-e7d4d6a62f16: flushIndex: setUnconditionally 0 -> -1
2019-07-30 20:48:10,629 INFO  server.RaftServerConfigKeys (ConfUtils.java:logGet(43)) - raft.server.snapshot.auto.trigger.enabled = true (custom)
2019-07-30 20:48:10,629 INFO  server.RaftServerConfigKeys (ConfUtils.java:logGet(43)) - raft.server.snapshot.auto.trigger.threshold = 10000 (custom)
2019-07-30 20:48:10,630 INFO  server.RaftServerConfigKeys (ConfUtils.java:logGet(43)) - raft.server.retrycache.expirytime = 600000ms (custom)
2019-07-30 20:48:10,630 INFO  impl.RaftServerImpl (RaftServerImpl.java:start(180)) - 5f909b24-f0ea-4ba0-868d-f5894a228f85: start group-E7D4D6A62F16
2019-07-30 20:48:10,630 INFO  impl.RaftServerImpl (RaftServerImpl.java:setRole(171)) - 5f909b24-f0ea-4ba0-868d-f5894a228f85:group-E7D4D6A62F16 changes role from null to FOLLOWER at term 0 for startAsFollower
2019-07-30 20:48:10,630 INFO  impl.RoleInfo (RoleInfo.java:updateAndGet(143)) - 5f909b24-f0ea-4ba0-868d-f5894a228f85: start FollowerState
2019-07-30 20:48:10,630 INFO  util.JmxRegister (JmxRegister.java:tryRegister(44)) - Successfully registered JMX Bean with object name Ratis:service=RaftServer,group=group-E7D4D6A62F16,id=5f909b24-f0ea-4ba0-868d-f5894a228f85
2019-07-30 20:48:10,633 INFO  pipeline.PipelineStateManager (PipelineStateManager.java:addPipeline(56)) - Created pipeline Pipeline[ Id: cc5b76d6-7eb2-40da-916a-e7d4d6a62f16, Nodes: 5f909b24-f0ea-4ba0-868d-f5894a228f85{ip: 192.168.69.110, host: byscane-nightly-zbvcj-1516659162, networkLocation: /default-rack, certSerialId: null}, Type:RATIS, Factor:ONE, State:OPEN]
2019-07-30 20:48:10,884 INFO  net.NetworkTopology (NetworkTopologyImpl.java:add(110)) - Added a new node: /default-rack/1525dfdd-5dc8-4a44-94e3-3fda5b46bc14
2019-07-30 20:48:10,885 INFO  node.SCMNodeManager (SCMNodeManager.java:register(273)) - Registered Data node : 1525dfdd-5dc8-4a44-94e3-3fda5b46bc14{ip: 192.168.69.110, host: byscane-nightly-zbvcj-1516659162, networkLocation: /default-rack, certSerialId: null}
2019-07-30 20:48:10,899 INFO  impl.RaftServerProxy (RaftServerProxy.java:addNew(89)) - 1525dfdd-5dc8-4a44-94e3-3fda5b46bc14: addNew group-DC50ED4B4C45:[1525dfdd-5dc8-4a44-94e3-3fda5b46bc14:192.168.69.110:37178] returns group-DC50ED4B4C45:java.util.concurrent.CompletableFuture@3cbf3a2d[Not completed]
2019-07-30 20:48:10,905 INFO  impl.RaftServerImpl (RaftServerImpl.java:<init>(93)) - 1525dfdd-5dc8-4a44-94e3-3fda5b46bc14: new RaftServerImpl for group-DC50ED4B4C45:[1525dfdd-5dc8-4a44-94e3-3fda5b46bc14:192.168.69.110:37178] with ContainerStateMachine:uninitialized
2019-07-30 20:48:10,906 INFO  server.RaftServerConfigKeys (ConfUtils.java:logGet(43)) - raft.server.rpc.timeout.min = 5s (custom)
2019-07-30 20:48:10,906 INFO  server.RaftServerConfigKeys (ConfUtils.java:logGet(43)) - raft.server.rpc.timeout.max = 5200ms (custom)
2019-07-30 20:48:10,906 INFO  server.RaftServerConfigKeys (ConfUtils.java:logGet(43)) - raft.server.rpcslowness.timeout = 120s (custom)
2019-07-30 20:48:10,906 INFO  server.RaftServerConfigKeys (ConfUtils.java:logGet(43)) - raft.server.sleep.deviation.threshold = 300 (default)
2019-07-30 20:48:10,906 INFO  server.RaftServerConfigKeys (ConfUtils.java:logGet(43)) - raft.server.log.appender.install.snapshot.enabled = false (custom)
2019-07-30 20:48:10,907 INFO  impl.RaftServerImpl (ServerState.java:<init>(105)) - 1525dfdd-5dc8-4a44-94e3-3fda5b46bc14:group-DC50ED4B4C45 ConfigurationManager, init=-1: [1525dfdd-5dc8-4a44-94e3-3fda5b46bc14:192.168.69.110:37178], old=null, confs=<EMPTY_MAP>
2019-07-30 20:48:10,907 INFO  server.RaftServerConfigKeys (ConfUtils.java:logGet(43)) - raft.server.storage.dir = [/workdir/hadoop-ozone/integration-test/target/test-dir/MiniOzoneClusterImpl-ffb9f6fc-8aeb-40ae-a3cf-4369b53e790c/datanode-4/data/ratis] (custom)
2019-07-30 20:48:10,907 INFO  storage.RaftStorageDirectory (RaftStorageDirectory.java:analyzeStorage(246)) - The storage directory /workdir/hadoop-ozone/integration-test/target/test-dir/MiniOzoneClusterImpl-ffb9f6fc-8aeb-40ae-a3cf-4369b53e790c/datanode-4/data/ratis/665d9380-73ff-48fd-b7a0-dc50ed4b4c45 does not exist. Creating ...
2019-07-30 20:48:10,929 INFO  storage.RaftStorageDirectory (RaftStorageDirectory.java:tryLock(328)) - Lock on /workdir/hadoop-ozone/integration-test/target/test-dir/MiniOzoneClusterImpl-ffb9f6fc-8aeb-40ae-a3cf-4369b53e790c/datanode-4/data/ratis/665d9380-73ff-48fd-b7a0-dc50ed4b4c45/in_use.lock acquired by nodename 19916@byscane-nightly-zbvcj-1516659162
2019-07-30 20:48:10,942 INFO  storage.RaftStorage (RaftStorage.java:format(72)) - Storage directory /workdir/hadoop-ozone/integration-test/target/test-dir/MiniOzoneClusterImpl-ffb9f6fc-8aeb-40ae-a3cf-4369b53e790c/datanode-4/data/ratis/665d9380-73ff-48fd-b7a0-dc50ed4b4c45 has been successfully formatted.
2019-07-30 20:48:10,942 INFO  ratis.ContainerStateMachine (ContainerStateMachine.java:loadSnapshot(213)) - group-DC50ED4B4C45: The snapshot info is null. Setting the last applied indexto:(t:0, i:~)
2019-07-30 20:48:10,943 INFO  server.RaftServerConfigKeys (ConfUtils.java:logGet(43)) - raft.server.leader.election.timeout = 120s (custom)
2019-07-30 20:48:10,943 INFO  server.RaftServerConfigKeys (ConfUtils.java:logGet(43)) - raft.server.log.use.memory = false (default)
2019-07-30 20:48:10,943 INFO  server.RaftServerConfigKeys (ConfUtils.java:logGet(43)) - raft.server.log.purge.gap = 1000000000 (custom)
2019-07-30 20:48:10,943 INFO  server.RaftServerConfigKeys (ConfUtils.java:logGet(43)) - raft.server.log.appender.buffer.byte-limit = 33554432 (custom)
2019-07-30 20:48:10,943 INFO  server.RaftServerConfigKeys (ConfUtils.java:logGet(43)) - raft.server.log.segment.size.max = 1048576 (custom)
2019-07-30 20:48:10,943 INFO  server.RaftServerConfigKeys (ConfUtils.java:logGet(43)) - raft.server.log.segment.cache.num.max = 2 (custom)
2019-07-30 20:48:10,944 INFO  segmented.SegmentedRaftLogWorker (SegmentedRaftLogWorker.java:<init>(172)) - new 1525dfdd-5dc8-4a44-94e3-3fda5b46bc14-SegmentedRaftLogWorker:Storage Directory /workdir/hadoop-ozone/integration-test/target/test-dir/MiniOzoneClusterImpl-ffb9f6fc-8aeb-40ae-a3cf-4369b53e790c/datanode-4/data/ratis/665d9380-73ff-48fd-b7a0-dc50ed4b4c45 for RaftStorage:Storage Directory /workdir/hadoop-ozone/integration-test/target/test-dir/MiniOzoneClusterImpl-ffb9f6fc-8aeb-40ae-a3cf-4369b53e790c/datanode-4/data/ratis/665d9380-73ff-48fd-b7a0-dc50ed4b4c45
2019-07-30 20:48:10,944 INFO  server.RaftServerConfigKeys (ConfUtils.java:logGet(43)) - raft.server.log.queue.byte-limit = 2147483647 (custom)
2019-07-30 20:48:10,944 INFO  server.RaftServerConfigKeys (ConfUtils.java:logGet(43)) - raft.server.log.queue.element-limit = 1024 (custom)
2019-07-30 20:48:10,944 INFO  server.RaftServerConfigKeys (ConfUtils.java:logGet(43)) - raft.server.log.segment.size.max = 1048576 (custom)
2019-07-30 20:48:10,945 INFO  server.RaftServerConfigKeys (ConfUtils.java:logGet(43)) - raft.server.log.preallocated.size = 16384 (custom)
2019-07-30 20:48:10,945 INFO  server.RaftServerConfigKeys (ConfUtils.java:logGet(43)) - raft.server.log.write.buffer.size = 33554432 (custom)
2019-07-30 20:48:10,945 INFO  server.RaftServerConfigKeys (ConfUtils.java:logGet(43)) - raft.server.log.force.sync.num = 128 (default)
2019-07-30 20:48:10,945 INFO  server.RaftServerConfigKeys (ConfUtils.java:logGet(43)) - raft.server.log.statemachine.data.sync = true (default)
2019-07-30 20:48:10,945 INFO  server.RaftServerConfigKeys (ConfUtils.java:logGet(43)) - raft.server.log.statemachine.data.sync.timeout = 10s (default)
2019-07-30 20:48:10,945 INFO  server.RaftServerConfigKeys (ConfUtils.java:logGet(43)) - raft.server.log.statemachine.data.sync.timeout.retry = -1 (default)
2019-07-30 20:48:10,946 INFO  server.RaftServerConfigKeys (ConfUtils.java:logGet(43)) - raft.server.log.statemachine.data.caching.enabled = true (custom)
2019-07-30 20:48:10,946 INFO  segmented.SegmentedRaftLogWorker (SegmentedRaftLogWorker.java:lambda$new$0(132)) - 1525dfdd-5dc8-4a44-94e3-3fda5b46bc14-SegmentedRaftLogWorker:Storage Directory /workdir/hadoop-ozone/integration-test/target/test-dir/MiniOzoneClusterImpl-ffb9f6fc-8aeb-40ae-a3cf-4369b53e790c/datanode-4/data/ratis/665d9380-73ff-48fd-b7a0-dc50ed4b4c45: flushIndex: setUnconditionally 0 -> -1
2019-07-30 20:48:10,946 INFO  server.RaftServerConfigKeys (ConfUtils.java:logGet(43)) - raft.server.snapshot.auto.trigger.enabled = true (custom)
2019-07-30 20:48:10,947 INFO  server.RaftServerConfigKeys (ConfUtils.java:logGet(43)) - raft.server.snapshot.auto.trigger.threshold = 10000 (custom)
2019-07-30 20:48:10,947 INFO  server.RaftServerConfigKeys (ConfUtils.java:logGet(43)) - raft.server.retrycache.expirytime = 600000ms (custom)
2019-07-30 20:48:10,947 INFO  impl.RaftServerImpl (RaftServerImpl.java:start(180)) - 1525dfdd-5dc8-4a44-94e3-3fda5b46bc14: start group-DC50ED4B4C45
2019-07-30 20:48:10,947 INFO  impl.RaftServerImpl (RaftServerImpl.java:setRole(171)) - 1525dfdd-5dc8-4a44-94e3-3fda5b46bc14:group-DC50ED4B4C45 changes role from null to FOLLOWER at term 0 for startAsFollower
2019-07-30 20:48:10,947 INFO  impl.RoleInfo (RoleInfo.java:updateAndGet(143)) - 1525dfdd-5dc8-4a44-94e3-3fda5b46bc14: start FollowerState
2019-07-30 20:48:10,948 INFO  util.JmxRegister (JmxRegister.java:tryRegister(44)) - Successfully registered JMX Bean with object name Ratis:service=RaftServer,group=group-DC50ED4B4C45,id=1525dfdd-5dc8-4a44-94e3-3fda5b46bc14
2019-07-30 20:48:10,951 INFO  pipeline.PipelineStateManager (PipelineStateManager.java:addPipeline(56)) - Created pipeline Pipeline[ Id: 665d9380-73ff-48fd-b7a0-dc50ed4b4c45, Nodes: 1525dfdd-5dc8-4a44-94e3-3fda5b46bc14{ip: 192.168.69.110, host: byscane-nightly-zbvcj-1516659162, networkLocation: /default-rack, certSerialId: null}, Type:RATIS, Factor:ONE, State:OPEN]
2019-07-30 20:48:11,067 INFO  net.NetworkTopology (NetworkTopologyImpl.java:add(110)) - Added a new node: /default-rack/7b88eab7-40d3-44f9-bba1-d355e9b397b1
2019-07-30 20:48:11,069 INFO  node.SCMNodeManager (SCMNodeManager.java:register(273)) - Registered Data node : 7b88eab7-40d3-44f9-bba1-d355e9b397b1{ip: 192.168.69.110, host: byscane-nightly-zbvcj-1516659162, networkLocation: /default-rack, certSerialId: null}
2019-07-30 20:48:11,078 INFO  impl.RaftServerProxy (RaftServerProxy.java:addNew(89)) - 7b88eab7-40d3-44f9-bba1-d355e9b397b1: addNew group-E59733E078E6:[7b88eab7-40d3-44f9-bba1-d355e9b397b1:192.168.69.110:44759] returns group-E59733E078E6:java.util.concurrent.CompletableFuture@77d25806[Not completed]
2019-07-30 20:48:11,084 INFO  impl.RaftServerImpl (RaftServerImpl.java:<init>(93)) - 7b88eab7-40d3-44f9-bba1-d355e9b397b1: new RaftServerImpl for group-E59733E078E6:[7b88eab7-40d3-44f9-bba1-d355e9b397b1:192.168.69.110:44759] with ContainerStateMachine:uninitialized
2019-07-30 20:48:11,084 INFO  server.RaftServerConfigKeys (ConfUtils.java:logGet(43)) - raft.server.rpc.timeout.min = 5s (custom)
2019-07-30 20:48:11,085 INFO  server.RaftServerConfigKeys (ConfUtils.java:logGet(43)) - raft.server.rpc.timeout.max = 5200ms (custom)
2019-07-30 20:48:11,085 INFO  server.RaftServerConfigKeys (ConfUtils.java:logGet(43)) - raft.server.rpcslowness.timeout = 120s (custom)
2019-07-30 20:48:11,085 INFO  server.RaftServerConfigKeys (ConfUtils.java:logGet(43)) - raft.server.sleep.deviation.threshold = 300 (default)
2019-07-30 20:48:11,085 INFO  server.RaftServerConfigKeys (ConfUtils.java:logGet(43)) - raft.server.log.appender.install.snapshot.enabled = false (custom)
2019-07-30 20:48:11,085 INFO  impl.RaftServerImpl (ServerState.java:<init>(105)) - 7b88eab7-40d3-44f9-bba1-d355e9b397b1:group-E59733E078E6 ConfigurationManager, init=-1: [7b88eab7-40d3-44f9-bba1-d355e9b397b1:192.168.69.110:44759], old=null, confs=<EMPTY_MAP>
2019-07-30 20:48:11,086 INFO  server.RaftServerConfigKeys (ConfUtils.java:logGet(43)) - raft.server.storage.dir = [/workdir/hadoop-ozone/integration-test/target/test-dir/MiniOzoneClusterImpl-ffb9f6fc-8aeb-40ae-a3cf-4369b53e790c/datanode-5/data/ratis] (custom)
2019-07-30 20:48:11,086 INFO  storage.RaftStorageDirectory (RaftStorageDirectory.java:analyzeStorage(246)) - The storage directory /workdir/hadoop-ozone/integration-test/target/test-dir/MiniOzoneClusterImpl-ffb9f6fc-8aeb-40ae-a3cf-4369b53e790c/datanode-5/data/ratis/f56f628c-fe4c-4740-beaa-e59733e078e6 does not exist. Creating ...
2019-07-30 20:48:11,099 INFO  storage.RaftStorageDirectory (RaftStorageDirectory.java:tryLock(328)) - Lock on /workdir/hadoop-ozone/integration-test/target/test-dir/MiniOzoneClusterImpl-ffb9f6fc-8aeb-40ae-a3cf-4369b53e790c/datanode-5/data/ratis/f56f628c-fe4c-4740-beaa-e59733e078e6/in_use.lock acquired by nodename 19916@byscane-nightly-zbvcj-1516659162
2019-07-30 20:48:11,114 INFO  storage.RaftStorage (RaftStorage.java:format(72)) - Storage directory /workdir/hadoop-ozone/integration-test/target/test-dir/MiniOzoneClusterImpl-ffb9f6fc-8aeb-40ae-a3cf-4369b53e790c/datanode-5/data/ratis/f56f628c-fe4c-4740-beaa-e59733e078e6 has been successfully formatted.
2019-07-30 20:48:11,114 INFO  ratis.ContainerStateMachine (ContainerStateMachine.java:loadSnapshot(213)) - group-E59733E078E6: The snapshot info is null. Setting the last applied indexto:(t:0, i:~)
2019-07-30 20:48:11,114 INFO  server.RaftServerConfigKeys (ConfUtils.java:logGet(43)) - raft.server.leader.election.timeout = 120s (custom)
2019-07-30 20:48:11,114 INFO  server.RaftServerConfigKeys (ConfUtils.java:logGet(43)) - raft.server.log.use.memory = false (default)
2019-07-30 20:48:11,115 INFO  server.RaftServerConfigKeys (ConfUtils.java:logGet(43)) - raft.server.log.purge.gap = 1000000000 (custom)
2019-07-30 20:48:11,115 INFO  server.RaftServerConfigKeys (ConfUtils.java:logGet(43)) - raft.server.log.appender.buffer.byte-limit = 33554432 (custom)
2019-07-30 20:48:11,115 INFO  server.RaftServerConfigKeys (ConfUtils.java:logGet(43)) - raft.server.log.segment.size.max = 1048576 (custom)
2019-07-30 20:48:11,115 INFO  server.RaftServerConfigKeys (ConfUtils.java:logGet(43)) - raft.server.log.segment.cache.num.max = 2 (custom)
2019-07-30 20:48:11,115 INFO  segmented.SegmentedRaftLogWorker (SegmentedRaftLogWorker.java:<init>(172)) - new 7b88eab7-40d3-44f9-bba1-d355e9b397b1-SegmentedRaftLogWorker:Storage Directory /workdir/hadoop-ozone/integration-test/target/test-dir/MiniOzoneClusterImpl-ffb9f6fc-8aeb-40ae-a3cf-4369b53e790c/datanode-5/data/ratis/f56f628c-fe4c-4740-beaa-e59733e078e6 for RaftStorage:Storage Directory /workdir/hadoop-ozone/integration-test/target/test-dir/MiniOzoneClusterImpl-ffb9f6fc-8aeb-40ae-a3cf-4369b53e790c/datanode-5/data/ratis/f56f628c-fe4c-4740-beaa-e59733e078e6
2019-07-30 20:48:11,115 INFO  server.RaftServerConfigKeys (ConfUtils.java:logGet(43)) - raft.server.log.queue.byte-limit = 2147483647 (custom)
2019-07-30 20:48:11,116 INFO  server.RaftServerConfigKeys (ConfUtils.java:logGet(43)) - raft.server.log.queue.element-limit = 1024 (custom)
2019-07-30 20:48:11,116 INFO  server.RaftServerConfigKeys (ConfUtils.java:logGet(43)) - raft.server.log.segment.size.max = 1048576 (custom)
2019-07-30 20:48:11,116 INFO  server.RaftServerConfigKeys (ConfUtils.java:logGet(43)) - raft.server.log.preallocated.size = 16384 (custom)
2019-07-30 20:48:11,116 INFO  server.RaftServerConfigKeys (ConfUtils.java:logGet(43)) - raft.server.log.write.buffer.size = 33554432 (custom)
2019-07-30 20:48:11,116 INFO  server.RaftServerConfigKeys (ConfUtils.java:logGet(43)) - raft.server.log.force.sync.num = 128 (default)
2019-07-30 20:48:11,117 INFO  server.RaftServerConfigKeys (ConfUtils.java:logGet(43)) - raft.server.log.statemachine.data.sync = true (default)
2019-07-30 20:48:11,117 INFO  server.RaftServerConfigKeys (ConfUtils.java:logGet(43)) - raft.server.log.statemachine.data.sync.timeout = 10s (default)
2019-07-30 20:48:11,117 INFO  server.RaftServerConfigKeys (ConfUtils.java:logGet(43)) - raft.server.log.statemachine.data.sync.timeout.retry = -1 (default)
2019-07-30 20:48:11,117 INFO  server.RaftServerConfigKeys (ConfUtils.java:logGet(43)) - raft.server.log.statemachine.data.caching.enabled = true (custom)
2019-07-30 20:48:11,118 INFO  segmented.SegmentedRaftLogWorker (SegmentedRaftLogWorker.java:lambda$new$0(132)) - 7b88eab7-40d3-44f9-bba1-d355e9b397b1-SegmentedRaftLogWorker:Storage Directory /workdir/hadoop-ozone/integration-test/target/test-dir/MiniOzoneClusterImpl-ffb9f6fc-8aeb-40ae-a3cf-4369b53e790c/datanode-5/data/ratis/f56f628c-fe4c-4740-beaa-e59733e078e6: flushIndex: setUnconditionally 0 -> -1
2019-07-30 20:48:11,118 INFO  server.RaftServerConfigKeys (ConfUtils.java:logGet(43)) - raft.server.snapshot.auto.trigger.enabled = true (custom)
2019-07-30 20:48:11,118 INFO  server.RaftServerConfigKeys (ConfUtils.java:logGet(43)) - raft.server.snapshot.auto.trigger.threshold = 10000 (custom)
2019-07-30 20:48:11,118 INFO  server.RaftServerConfigKeys (ConfUtils.java:logGet(43)) - raft.server.retrycache.expirytime = 600000ms (custom)
2019-07-30 20:48:11,119 INFO  impl.RaftServerImpl (RaftServerImpl.java:start(180)) - 7b88eab7-40d3-44f9-bba1-d355e9b397b1: start group-E59733E078E6
2019-07-30 20:48:11,119 INFO  impl.RaftServerImpl (RaftServerImpl.java:setRole(171)) - 7b88eab7-40d3-44f9-bba1-d355e9b397b1:group-E59733E078E6 changes role from null to FOLLOWER at term 0 for startAsFollower
2019-07-30 20:48:11,119 INFO  impl.RoleInfo (RoleInfo.java:updateAndGet(143)) - 7b88eab7-40d3-44f9-bba1-d355e9b397b1: start FollowerState
2019-07-30 20:48:11,119 INFO  util.JmxRegister (JmxRegister.java:tryRegister(44)) - Successfully registered JMX Bean with object name Ratis:service=RaftServer,group=group-E59733E078E6,id=7b88eab7-40d3-44f9-bba1-d355e9b397b1
2019-07-30 20:48:11,123 INFO  pipeline.PipelineStateManager (PipelineStateManager.java:addPipeline(56)) - Created pipeline Pipeline[ Id: f56f628c-fe4c-4740-beaa-e59733e078e6, Nodes: 7b88eab7-40d3-44f9-bba1-d355e9b397b1{ip: 192.168.69.110, host: byscane-nightly-zbvcj-1516659162, networkLocation: /default-rack, certSerialId: null}, Type:RATIS, Factor:ONE, State:OPEN]
2019-07-30 20:48:11,140 INFO  impl.RaftServerProxy (RaftServerProxy.java:addNew(89)) - 1525dfdd-5dc8-4a44-94e3-3fda5b46bc14: addNew group-483AF7B15048:[5f909b24-f0ea-4ba0-868d-f5894a228f85:192.168.69.110:35214, 7b88eab7-40d3-44f9-bba1-d355e9b397b1:192.168.69.110:44759, 1525dfdd-5dc8-4a44-94e3-3fda5b46bc14:192.168.69.110:37178] returns group-483AF7B15048:java.util.concurrent.CompletableFuture@10a3e716[Not completed]
2019-07-30 20:48:11,140 INFO  impl.RaftServerProxy (RaftServerProxy.java:addNew(89)) - 7b88eab7-40d3-44f9-bba1-d355e9b397b1: addNew group-483AF7B15048:[5f909b24-f0ea-4ba0-868d-f5894a228f85:192.168.69.110:35214, 7b88eab7-40d3-44f9-bba1-d355e9b397b1:192.168.69.110:44759, 1525dfdd-5dc8-4a44-94e3-3fda5b46bc14:192.168.69.110:37178] returns group-483AF7B15048:java.util.concurrent.CompletableFuture@47229efe[Not completed]
2019-07-30 20:48:11,140 INFO  impl.RaftServerProxy (RaftServerProxy.java:addNew(89)) - 5f909b24-f0ea-4ba0-868d-f5894a228f85: addNew group-483AF7B15048:[5f909b24-f0ea-4ba0-868d-f5894a228f85:192.168.69.110:35214, 7b88eab7-40d3-44f9-bba1-d355e9b397b1:192.168.69.110:44759, 1525dfdd-5dc8-4a44-94e3-3fda5b46bc14:192.168.69.110:37178] returns group-483AF7B15048:java.util.concurrent.CompletableFuture@49e65a81[Not completed]
2019-07-30 20:48:11,143 INFO  impl.RaftServerImpl (RaftServerImpl.java:<init>(93)) - 7b88eab7-40d3-44f9-bba1-d355e9b397b1: new RaftServerImpl for group-483AF7B15048:[5f909b24-f0ea-4ba0-868d-f5894a228f85:192.168.69.110:35214, 7b88eab7-40d3-44f9-bba1-d355e9b397b1:192.168.69.110:44759, 1525dfdd-5dc8-4a44-94e3-3fda5b46bc14:192.168.69.110:37178] with ContainerStateMachine:uninitialized
2019-07-30 20:48:11,143 INFO  server.RaftServerConfigKeys (ConfUtils.java:logGet(43)) - raft.server.rpc.timeout.min = 5s (custom)
2019-07-30 20:48:11,143 INFO  server.RaftServerConfigKeys (ConfUtils.java:logGet(43)) - raft.server.rpc.timeout.max = 5200ms (custom)
2019-07-30 20:48:11,143 INFO  server.RaftServerConfigKeys (ConfUtils.java:logGet(43)) - raft.server.rpcslowness.timeout = 120s (custom)
2019-07-30 20:48:11,143 INFO  server.RaftServerConfigKeys (ConfUtils.java:logGet(43)) - raft.server.sleep.deviation.threshold = 300 (default)
2019-07-30 20:48:11,143 INFO  server.RaftServerConfigKeys (ConfUtils.java:logGet(43)) - raft.server.log.appender.install.snapshot.enabled = false (custom)
2019-07-30 20:48:11,143 INFO  impl.RaftServerImpl (ServerState.java:<init>(105)) - 7b88eab7-40d3-44f9-bba1-d355e9b397b1:group-483AF7B15048 ConfigurationManager, init=-1: [5f909b24-f0ea-4ba0-868d-f5894a228f85:192.168.69.110:35214, 7b88eab7-40d3-44f9-bba1-d355e9b397b1:192.168.69.110:44759, 1525dfdd-5dc8-4a44-94e3-3fda5b46bc14:192.168.69.110:37178], old=null, confs=<EMPTY_MAP>
2019-07-30 20:48:11,143 INFO  impl.RaftServerImpl (RaftServerImpl.java:<init>(93)) - 5f909b24-f0ea-4ba0-868d-f5894a228f85: new RaftServerImpl for group-483AF7B15048:[5f909b24-f0ea-4ba0-868d-f5894a228f85:192.168.69.110:35214, 7b88eab7-40d3-44f9-bba1-d355e9b397b1:192.168.69.110:44759, 1525dfdd-5dc8-4a44-94e3-3fda5b46bc14:192.168.69.110:37178] with ContainerStateMachine:uninitialized
2019-07-30 20:48:11,144 INFO  server.RaftServerConfigKeys (ConfUtils.java:logGet(43)) - raft.server.storage.dir = [/workdir/hadoop-ozone/integration-test/target/test-dir/MiniOzoneClusterImpl-ffb9f6fc-8aeb-40ae-a3cf-4369b53e790c/datanode-5/data/ratis] (custom)
2019-07-30 20:48:11,144 INFO  server.RaftServerConfigKeys (ConfUtils.java:logGet(43)) - raft.server.rpc.timeout.min = 5s (custom)
2019-07-30 20:48:11,144 INFO  server.RaftServerConfigKeys (ConfUtils.java:logGet(43)) - raft.server.rpc.timeout.max = 5200ms (custom)
2019-07-30 20:48:11,144 INFO  storage.RaftStorageDirectory (RaftStorageDirectory.java:analyzeStorage(246)) - The storage directory /workdir/hadoop-ozone/integration-test/target/test-dir/MiniOzoneClusterImpl-ffb9f6fc-8aeb-40ae-a3cf-4369b53e790c/datanode-5/data/ratis/9df57ef9-ade1-4eb5-813f-483af7b15048 does not exist. Creating ...
2019-07-30 20:48:11,144 INFO  server.RaftServerConfigKeys (ConfUtils.java:logGet(43)) - raft.server.rpcslowness.timeout = 120s (custom)
2019-07-30 20:48:11,144 INFO  server.RaftServerConfigKeys (ConfUtils.java:logGet(43)) - raft.server.sleep.deviation.threshold = 300 (default)
2019-07-30 20:48:11,144 INFO  impl.RaftServerImpl (RaftServerImpl.java:<init>(93)) - 1525dfdd-5dc8-4a44-94e3-3fda5b46bc14: new RaftServerImpl for group-483AF7B15048:[5f909b24-f0ea-4ba0-868d-f5894a228f85:192.168.69.110:35214, 7b88eab7-40d3-44f9-bba1-d355e9b397b1:192.168.69.110:44759, 1525dfdd-5dc8-4a44-94e3-3fda5b46bc14:192.168.69.110:37178] with ContainerStateMachine:uninitialized
2019-07-30 20:48:11,144 INFO  server.RaftServerConfigKeys (ConfUtils.java:logGet(43)) - raft.server.log.appender.install.snapshot.enabled = false (custom)
2019-07-30 20:48:11,145 INFO  server.RaftServerConfigKeys (ConfUtils.java:logGet(43)) - raft.server.rpc.timeout.min = 5s (custom)
2019-07-30 20:48:11,145 INFO  impl.RaftServerImpl (ServerState.java:<init>(105)) - 5f909b24-f0ea-4ba0-868d-f5894a228f85:group-483AF7B15048 ConfigurationManager, init=-1: [5f909b24-f0ea-4ba0-868d-f5894a228f85:192.168.69.110:35214, 7b88eab7-40d3-44f9-bba1-d355e9b397b1:192.168.69.110:44759, 1525dfdd-5dc8-4a44-94e3-3fda5b46bc14:192.168.69.110:37178], old=null, confs=<EMPTY_MAP>
2019-07-30 20:48:11,145 INFO  server.RaftServerConfigKeys (ConfUtils.java:logGet(43)) - raft.server.rpc.timeout.max = 5200ms (custom)
2019-07-30 20:48:11,145 INFO  server.RaftServerConfigKeys (ConfUtils.java:logGet(43)) - raft.server.storage.dir = [/workdir/hadoop-ozone/integration-test/target/test-dir/MiniOzoneClusterImpl-ffb9f6fc-8aeb-40ae-a3cf-4369b53e790c/datanode-3/data/ratis] (custom)
2019-07-30 20:48:11,145 INFO  server.RaftServerConfigKeys (ConfUtils.java:logGet(43)) - raft.server.rpcslowness.timeout = 120s (custom)
2019-07-30 20:48:11,145 INFO  server.RaftServerConfigKeys (ConfUtils.java:logGet(43)) - raft.server.sleep.deviation.threshold = 300 (default)
2019-07-30 20:48:11,146 INFO  storage.RaftStorageDirectory (RaftStorageDirectory.java:analyzeStorage(246)) - The storage directory /workdir/hadoop-ozone/integration-test/target/test-dir/MiniOzoneClusterImpl-ffb9f6fc-8aeb-40ae-a3cf-4369b53e790c/datanode-3/data/ratis/9df57ef9-ade1-4eb5-813f-483af7b15048 does not exist. Creating ...
2019-07-30 20:48:11,146 INFO  server.RaftServerConfigKeys (ConfUtils.java:logGet(43)) - raft.server.log.appender.install.snapshot.enabled = false (custom)
2019-07-30 20:48:11,146 INFO  impl.RaftServerImpl (ServerState.java:<init>(105)) - 1525dfdd-5dc8-4a44-94e3-3fda5b46bc14:group-483AF7B15048 ConfigurationManager, init=-1: [5f909b24-f0ea-4ba0-868d-f5894a228f85:192.168.69.110:35214, 7b88eab7-40d3-44f9-bba1-d355e9b397b1:192.168.69.110:44759, 1525dfdd-5dc8-4a44-94e3-3fda5b46bc14:192.168.69.110:37178], old=null, confs=<EMPTY_MAP>
2019-07-30 20:48:11,146 INFO  server.RaftServerConfigKeys (ConfUtils.java:logGet(43)) - raft.server.storage.dir = [/workdir/hadoop-ozone/integration-test/target/test-dir/MiniOzoneClusterImpl-ffb9f6fc-8aeb-40ae-a3cf-4369b53e790c/datanode-4/data/ratis] (custom)
2019-07-30 20:48:11,147 INFO  storage.RaftStorageDirectory (RaftStorageDirectory.java:analyzeStorage(246)) - The storage directory /workdir/hadoop-ozone/integration-test/target/test-dir/MiniOzoneClusterImpl-ffb9f6fc-8aeb-40ae-a3cf-4369b53e790c/datanode-4/data/ratis/9df57ef9-ade1-4eb5-813f-483af7b15048 does not exist. Creating ...
2019-07-30 20:48:11,158 INFO  storage.RaftStorageDirectory (RaftStorageDirectory.java:tryLock(328)) - Lock on /workdir/hadoop-ozone/integration-test/target/test-dir/MiniOzoneClusterImpl-ffb9f6fc-8aeb-40ae-a3cf-4369b53e790c/datanode-5/data/ratis/9df57ef9-ade1-4eb5-813f-483af7b15048/in_use.lock acquired by nodename 19916@byscane-nightly-zbvcj-1516659162
2019-07-30 20:48:11,158 INFO  storage.RaftStorageDirectory (RaftStorageDirectory.java:tryLock(328)) - Lock on /workdir/hadoop-ozone/integration-test/target/test-dir/MiniOzoneClusterImpl-ffb9f6fc-8aeb-40ae-a3cf-4369b53e790c/datanode-3/data/ratis/9df57ef9-ade1-4eb5-813f-483af7b15048/in_use.lock acquired by nodename 19916@byscane-nightly-zbvcj-1516659162
2019-07-30 20:48:11,158 INFO  storage.RaftStorageDirectory (RaftStorageDirectory.java:tryLock(328)) - Lock on /workdir/hadoop-ozone/integration-test/target/test-dir/MiniOzoneClusterImpl-ffb9f6fc-8aeb-40ae-a3cf-4369b53e790c/datanode-4/data/ratis/9df57ef9-ade1-4eb5-813f-483af7b15048/in_use.lock acquired by nodename 19916@byscane-nightly-zbvcj-1516659162
2019-07-30 20:48:11,183 INFO  storage.RaftStorage (RaftStorage.java:format(72)) - Storage directory /workdir/hadoop-ozone/integration-test/target/test-dir/MiniOzoneClusterImpl-ffb9f6fc-8aeb-40ae-a3cf-4369b53e790c/datanode-4/data/ratis/9df57ef9-ade1-4eb5-813f-483af7b15048 has been successfully formatted.
2019-07-30 20:48:11,183 INFO  storage.RaftStorage (RaftStorage.java:format(72)) - Storage directory /workdir/hadoop-ozone/integration-test/target/test-dir/MiniOzoneClusterImpl-ffb9f6fc-8aeb-40ae-a3cf-4369b53e790c/datanode-5/data/ratis/9df57ef9-ade1-4eb5-813f-483af7b15048 has been successfully formatted.
2019-07-30 20:48:11,183 INFO  ratis.ContainerStateMachine (ContainerStateMachine.java:loadSnapshot(213)) - group-483AF7B15048: The snapshot info is null. Setting the last applied indexto:(t:0, i:~)
2019-07-30 20:48:11,183 INFO  storage.RaftStorage (RaftStorage.java:format(72)) - Storage directory /workdir/hadoop-ozone/integration-test/target/test-dir/MiniOzoneClusterImpl-ffb9f6fc-8aeb-40ae-a3cf-4369b53e790c/datanode-3/data/ratis/9df57ef9-ade1-4eb5-813f-483af7b15048 has been successfully formatted.
2019-07-30 20:48:11,183 INFO  server.RaftServerConfigKeys (ConfUtils.java:logGet(43)) - raft.server.leader.election.timeout = 120s (custom)
2019-07-30 20:48:11,184 INFO  ratis.ContainerStateMachine (ContainerStateMachine.java:loadSnapshot(213)) - group-483AF7B15048: The snapshot info is null. Setting the last applied indexto:(t:0, i:~)
2019-07-30 20:48:11,183 INFO  ratis.ContainerStateMachine (ContainerStateMachine.java:loadSnapshot(213)) - group-483AF7B15048: The snapshot info is null. Setting the last applied indexto:(t:0, i:~)
2019-07-30 20:48:11,184 INFO  server.RaftServerConfigKeys (ConfUtils.java:logGet(43)) - raft.server.leader.election.timeout = 120s (custom)
2019-07-30 20:48:11,184 INFO  server.RaftServerConfigKeys (ConfUtils.java:logGet(43)) - raft.server.log.use.memory = false (default)
2019-07-30 20:48:11,184 INFO  server.RaftServerConfigKeys (ConfUtils.java:logGet(43)) - raft.server.log.use.memory = false (default)
2019-07-30 20:48:11,184 INFO  server.RaftServerConfigKeys (ConfUtils.java:logGet(43)) - raft.server.log.purge.gap = 1000000000 (custom)
2019-07-30 20:48:11,184 INFO  server.RaftServerConfigKeys (ConfUtils.java:logGet(43)) - raft.server.leader.election.timeout = 120s (custom)
2019-07-30 20:48:11,185 INFO  server.RaftServerConfigKeys (ConfUtils.java:logGet(43)) - raft.server.log.appender.buffer.byte-limit = 33554432 (custom)
2019-07-30 20:48:11,185 INFO  server.RaftServerConfigKeys (ConfUtils.java:logGet(43)) - raft.server.log.purge.gap = 1000000000 (custom)
2019-07-30 20:48:11,185 INFO  server.RaftServerConfigKeys (ConfUtils.java:logGet(43)) - raft.server.log.segment.size.max = 1048576 (custom)
2019-07-30 20:48:11,185 INFO  server.RaftServerConfigKeys (ConfUtils.java:logGet(43)) - raft.server.log.use.memory = false (default)
2019-07-30 20:48:11,185 INFO  server.RaftServerConfigKeys (ConfUtils.java:logGet(43)) - raft.server.log.segment.cache.num.max = 2 (custom)
2019-07-30 20:48:11,185 INFO  server.RaftServerConfigKeys (ConfUtils.java:logGet(43)) - raft.server.log.appender.buffer.byte-limit = 33554432 (custom)
2019-07-30 20:48:11,186 INFO  segmented.SegmentedRaftLogWorker (SegmentedRaftLogWorker.java:<init>(172)) - new 5f909b24-f0ea-4ba0-868d-f5894a228f85-SegmentedRaftLogWorker:Storage Directory /workdir/hadoop-ozone/integration-test/target/test-dir/MiniOzoneClusterImpl-ffb9f6fc-8aeb-40ae-a3cf-4369b53e790c/datanode-3/data/ratis/9df57ef9-ade1-4eb5-813f-483af7b15048 for RaftStorage:Storage Directory /workdir/hadoop-ozone/integration-test/target/test-dir/MiniOzoneClusterImpl-ffb9f6fc-8aeb-40ae-a3cf-4369b53e790c/datanode-3/data/ratis/9df57ef9-ade1-4eb5-813f-483af7b15048
2019-07-30 20:48:11,186 INFO  server.RaftServerConfigKeys (ConfUtils.java:logGet(43)) - raft.server.log.purge.gap = 1000000000 (custom)
2019-07-30 20:48:11,186 INFO  server.RaftServerConfigKeys (ConfUtils.java:logGet(43)) - raft.server.log.queue.byte-limit = 2147483647 (custom)
2019-07-30 20:48:11,186 INFO  server.RaftServerConfigKeys (ConfUtils.java:logGet(43)) - raft.server.log.segment.size.max = 1048576 (custom)
2019-07-30 20:48:11,187 INFO  server.RaftServerConfigKeys (ConfUtils.java:logGet(43)) - raft.server.log.queue.element-limit = 1024 (custom)
2019-07-30 20:48:11,186 INFO  server.RaftServerConfigKeys (ConfUtils.java:logGet(43)) - raft.server.log.appender.buffer.byte-limit = 33554432 (custom)
2019-07-30 20:48:11,187 INFO  server.RaftServerConfigKeys (ConfUtils.java:logGet(43)) - raft.server.log.segment.size.max = 1048576 (custom)
2019-07-30 20:48:11,187 INFO  server.RaftServerConfigKeys (ConfUtils.java:logGet(43)) - raft.server.log.preallocated.size = 16384 (custom)
2019-07-30 20:48:11,187 INFO  server.RaftServerConfigKeys (ConfUtils.java:logGet(43)) - raft.server.log.segment.cache.num.max = 2 (custom)
2019-07-30 20:48:11,187 INFO  server.RaftServerConfigKeys (ConfUtils.java:logGet(43)) - raft.server.log.write.buffer.size = 33554432 (custom)
2019-07-30 20:48:11,187 INFO  server.RaftServerConfigKeys (ConfUtils.java:logGet(43)) - raft.server.log.segment.size.max = 1048576 (custom)
2019-07-30 20:48:11,188 INFO  server.RaftServerConfigKeys (ConfUtils.java:logGet(43)) - raft.server.log.force.sync.num = 128 (default)
2019-07-30 20:48:11,188 INFO  segmented.SegmentedRaftLogWorker (SegmentedRaftLogWorker.java:<init>(172)) - new 1525dfdd-5dc8-4a44-94e3-3fda5b46bc14-SegmentedRaftLogWorker:Storage Directory /workdir/hadoop-ozone/integration-test/target/test-dir/MiniOzoneClusterImpl-ffb9f6fc-8aeb-40ae-a3cf-4369b53e790c/datanode-4/data/ratis/9df57ef9-ade1-4eb5-813f-483af7b15048 for RaftStorage:Storage Directory /workdir/hadoop-ozone/integration-test/target/test-dir/MiniOzoneClusterImpl-ffb9f6fc-8aeb-40ae-a3cf-4369b53e790c/datanode-4/data/ratis/9df57ef9-ade1-4eb5-813f-483af7b15048
2019-07-30 20:48:11,188 INFO  server.RaftServerConfigKeys (ConfUtils.java:logGet(43)) - raft.server.log.statemachine.data.sync = true (default)
2019-07-30 20:48:11,188 INFO  server.RaftServerConfigKeys (ConfUtils.java:logGet(43)) - raft.server.log.segment.cache.num.max = 2 (custom)
2019-07-30 20:48:11,188 INFO  server.RaftServerConfigKeys (ConfUtils.java:logGet(43)) - raft.server.log.statemachine.data.sync.timeout = 10s (default)
2019-07-30 20:48:11,188 INFO  server.RaftServerConfigKeys (ConfUtils.java:logGet(43)) - raft.server.log.queue.byte-limit = 2147483647 (custom)
2019-07-30 20:48:11,189 INFO  server.RaftServerConfigKeys (ConfUtils.java:logGet(43)) - raft.server.log.statemachine.data.sync.timeout.retry = -1 (default)
2019-07-30 20:48:11,189 INFO  segmented.SegmentedRaftLogWorker (SegmentedRaftLogWorker.java:<init>(172)) - new 7b88eab7-40d3-44f9-bba1-d355e9b397b1-SegmentedRaftLogWorker:Storage Directory /workdir/hadoop-ozone/integration-test/target/test-dir/MiniOzoneClusterImpl-ffb9f6fc-8aeb-40ae-a3cf-4369b53e790c/datanode-5/data/ratis/9df57ef9-ade1-4eb5-813f-483af7b15048 for RaftStorage:Storage Directory /workdir/hadoop-ozone/integration-test/target/test-dir/MiniOzoneClusterImpl-ffb9f6fc-8aeb-40ae-a3cf-4369b53e790c/datanode-5/data/ratis/9df57ef9-ade1-4eb5-813f-483af7b15048
2019-07-30 20:48:11,189 INFO  server.RaftServerConfigKeys (ConfUtils.java:logGet(43)) - raft.server.log.statemachine.data.caching.enabled = true (custom)
2019-07-30 20:48:11,189 INFO  server.RaftServerConfigKeys (ConfUtils.java:logGet(43)) - raft.server.log.queue.element-limit = 1024 (custom)
2019-07-30 20:48:11,189 INFO  server.RaftServerConfigKeys (ConfUtils.java:logGet(43)) - raft.server.log.queue.byte-limit = 2147483647 (custom)
2019-07-30 20:48:11,190 INFO  segmented.SegmentedRaftLogWorker (SegmentedRaftLogWorker.java:lambda$new$0(132)) - 5f909b24-f0ea-4ba0-868d-f5894a228f85-SegmentedRaftLogWorker:Storage Directory /workdir/hadoop-ozone/integration-test/target/test-dir/MiniOzoneClusterImpl-ffb9f6fc-8aeb-40ae-a3cf-4369b53e790c/datanode-3/data/ratis/9df57ef9-ade1-4eb5-813f-483af7b15048: flushIndex: setUnconditionally 0 -> -1
2019-07-30 20:48:11,190 INFO  server.RaftServerConfigKeys (ConfUtils.java:logGet(43)) - raft.server.log.segment.size.max = 1048576 (custom)
2019-07-30 20:48:11,190 INFO  server.RaftServerConfigKeys (ConfUtils.java:logGet(43)) - raft.server.snapshot.auto.trigger.enabled = true (custom)
2019-07-30 20:48:11,190 INFO  server.RaftServerConfigKeys (ConfUtils.java:logGet(43)) - raft.server.log.queue.element-limit = 1024 (custom)
2019-07-30 20:48:11,191 INFO  server.RaftServerConfigKeys (ConfUtils.java:logGet(43)) - raft.server.snapshot.auto.trigger.threshold = 10000 (custom)
2019-07-30 20:48:11,190 INFO  server.RaftServerConfigKeys (ConfUtils.java:logGet(43)) - raft.server.log.preallocated.size = 16384 (custom)
2019-07-30 20:48:11,191 INFO  server.RaftServerConfigKeys (ConfUtils.java:logGet(43)) - raft.server.retrycache.expirytime = 600000ms (custom)
2019-07-30 20:48:11,191 INFO  server.RaftServerConfigKeys (ConfUtils.java:logGet(43)) - raft.server.log.segment.size.max = 1048576 (custom)
2019-07-30 20:48:11,191 INFO  impl.RaftServerImpl (RaftServerImpl.java:start(180)) - 5f909b24-f0ea-4ba0-868d-f5894a228f85: start group-483AF7B15048
2019-07-30 20:48:11,191 INFO  server.RaftServerConfigKeys (ConfUtils.java:logGet(43)) - raft.server.log.write.buffer.size = 33554432 (custom)
2019-07-30 20:48:11,192 INFO  impl.RaftServerImpl (RaftServerImpl.java:setRole(171)) - 5f909b24-f0ea-4ba0-868d-f5894a228f85:group-483AF7B15048 changes role from null to FOLLOWER at term 0 for startAsFollower
2019-07-30 20:48:11,191 INFO  server.RaftServerConfigKeys (ConfUtils.java:logGet(43)) - raft.server.log.preallocated.size = 16384 (custom)
2019-07-30 20:48:11,192 INFO  impl.RoleInfo (RoleInfo.java:updateAndGet(143)) - 5f909b24-f0ea-4ba0-868d-f5894a228f85: start FollowerState
2019-07-30 20:48:11,192 INFO  server.RaftServerConfigKeys (ConfUtils.java:logGet(43)) - raft.server.log.force.sync.num = 128 (default)
2019-07-30 20:48:11,192 INFO  server.RaftServerConfigKeys (ConfUtils.java:logGet(43)) - raft.server.log.write.buffer.size = 33554432 (custom)
2019-07-30 20:48:11,193 INFO  util.JmxRegister (JmxRegister.java:tryRegister(44)) - Successfully registered JMX Bean with object name Ratis:service=RaftServer,group=group-483AF7B15048,id=5f909b24-f0ea-4ba0-868d-f5894a228f85
2019-07-30 20:48:11,192 INFO  server.RaftServerConfigKeys (ConfUtils.java:logGet(43)) - raft.server.log.statemachine.data.sync = true (default)
2019-07-30 20:48:11,193 INFO  server.RaftServerConfigKeys (ConfUtils.java:logGet(43)) - raft.server.log.force.sync.num = 128 (default)
2019-07-30 20:48:11,193 INFO  server.RaftServerConfigKeys (ConfUtils.java:logGet(43)) - raft.server.log.statemachine.data.sync.timeout = 10s (default)
2019-07-30 20:48:11,193 INFO  server.RaftServerConfigKeys (ConfUtils.java:logGet(43)) - raft.server.log.statemachine.data.sync = true (default)
2019-07-30 20:48:11,193 INFO  server.RaftServerConfigKeys (ConfUtils.java:logGet(43)) - raft.server.log.statemachine.data.sync.timeout.retry = -1 (default)
2019-07-30 20:48:11,194 INFO  server.RaftServerConfigKeys (ConfUtils.java:logGet(43)) - raft.server.log.statemachine.data.sync.timeout = 10s (default)
2019-07-30 20:48:11,194 INFO  server.RaftServerConfigKeys (ConfUtils.java:logGet(43)) - raft.server.log.statemachine.data.caching.enabled = true (custom)
2019-07-30 20:48:11,194 INFO  server.RaftServerConfigKeys (ConfUtils.java:logGet(43)) - raft.server.log.statemachine.data.sync.timeout.retry = -1 (default)
2019-07-30 20:48:11,194 INFO  segmented.SegmentedRaftLogWorker (SegmentedRaftLogWorker.java:lambda$new$0(132)) - 1525dfdd-5dc8-4a44-94e3-3fda5b46bc14-SegmentedRaftLogWorker:Storage Directory /workdir/hadoop-ozone/integration-test/target/test-dir/MiniOzoneClusterImpl-ffb9f6fc-8aeb-40ae-a3cf-4369b53e790c/datanode-4/data/ratis/9df57ef9-ade1-4eb5-813f-483af7b15048: flushIndex: setUnconditionally 0 -> -1
2019-07-30 20:48:11,194 INFO  server.RaftServerConfigKeys (ConfUtils.java:logGet(43)) - raft.server.log.statemachine.data.caching.enabled = true (custom)
2019-07-30 20:48:11,195 INFO  server.RaftServerConfigKeys (ConfUtils.java:logGet(43)) - raft.server.snapshot.auto.trigger.enabled = true (custom)
2019-07-30 20:48:11,195 INFO  segmented.SegmentedRaftLogWorker (SegmentedRaftLogWorker.java:lambda$new$0(132)) - 7b88eab7-40d3-44f9-bba1-d355e9b397b1-SegmentedRaftLogWorker:Storage Directory /workdir/hadoop-ozone/integration-test/target/test-dir/MiniOzoneClusterImpl-ffb9f6fc-8aeb-40ae-a3cf-4369b53e790c/datanode-5/data/ratis/9df57ef9-ade1-4eb5-813f-483af7b15048: flushIndex: setUnconditionally 0 -> -1
2019-07-30 20:48:11,195 INFO  server.RaftServerConfigKeys (ConfUtils.java:logGet(43)) - raft.server.snapshot.auto.trigger.threshold = 10000 (custom)
2019-07-30 20:48:11,195 INFO  server.RaftServerConfigKeys (ConfUtils.java:logGet(43)) - raft.server.snapshot.auto.trigger.enabled = true (custom)
2019-07-30 20:48:11,195 INFO  server.RaftServerConfigKeys (ConfUtils.java:logGet(43)) - raft.server.retrycache.expirytime = 600000ms (custom)
2019-07-30 20:48:11,195 INFO  server.RaftServerConfigKeys (ConfUtils.java:logGet(43)) - raft.server.snapshot.auto.trigger.threshold = 10000 (custom)
2019-07-30 20:48:11,196 INFO  impl.RaftServerImpl (RaftServerImpl.java:start(180)) - 1525dfdd-5dc8-4a44-94e3-3fda5b46bc14: start group-483AF7B15048
2019-07-30 20:48:11,196 INFO  server.RaftServerConfigKeys (ConfUtils.java:logGet(43)) - raft.server.retrycache.expirytime = 600000ms (custom)
2019-07-30 20:48:11,196 INFO  impl.RaftServerImpl (RaftServerImpl.java:setRole(171)) - 1525dfdd-5dc8-4a44-94e3-3fda5b46bc14:group-483AF7B15048 changes role from null to FOLLOWER at term 0 for startAsFollower
2019-07-30 20:48:11,196 INFO  impl.RaftServerImpl (RaftServerImpl.java:start(180)) - 7b88eab7-40d3-44f9-bba1-d355e9b397b1: start group-483AF7B15048
2019-07-30 20:48:11,196 INFO  impl.RoleInfo (RoleInfo.java:updateAndGet(143)) - 1525dfdd-5dc8-4a44-94e3-3fda5b46bc14: start FollowerState
2019-07-30 20:48:11,196 INFO  impl.RaftServerImpl (RaftServerImpl.java:setRole(171)) - 7b88eab7-40d3-44f9-bba1-d355e9b397b1:group-483AF7B15048 changes role from null to FOLLOWER at term 0 for startAsFollower
2019-07-30 20:48:11,197 INFO  impl.RoleInfo (RoleInfo.java:updateAndGet(143)) - 7b88eab7-40d3-44f9-bba1-d355e9b397b1: start FollowerState
2019-07-30 20:48:11,197 INFO  util.JmxRegister (JmxRegister.java:tryRegister(44)) - Successfully registered JMX Bean with object name Ratis:service=RaftServer,group=group-483AF7B15048,id=1525dfdd-5dc8-4a44-94e3-3fda5b46bc14
2019-07-30 20:48:11,197 INFO  util.JmxRegister (JmxRegister.java:tryRegister(44)) - Successfully registered JMX Bean with object name Ratis:service=RaftServer,group=group-483AF7B15048,id=7b88eab7-40d3-44f9-bba1-d355e9b397b1
2019-07-30 20:48:11,201 INFO  pipeline.PipelineStateManager (PipelineStateManager.java:addPipeline(56)) - Created pipeline Pipeline[ Id: 9df57ef9-ade1-4eb5-813f-483af7b15048, Nodes: 7b88eab7-40d3-44f9-bba1-d355e9b397b1{ip: 192.168.69.110, host: byscane-nightly-zbvcj-1516659162, networkLocation: /default-rack, certSerialId: null}5f909b24-f0ea-4ba0-868d-f5894a228f85{ip: 192.168.69.110, host: byscane-nightly-zbvcj-1516659162, networkLocation: /default-rack, certSerialId: null}1525dfdd-5dc8-4a44-94e3-3fda5b46bc14{ip: 192.168.69.110, host: byscane-nightly-zbvcj-1516659162, networkLocation: /default-rack, certSerialId: null}, Type:RATIS, Factor:THREE, State:OPEN]
2019-07-30 20:48:11,245 INFO  ozone.MiniOzoneClusterImpl (MiniOzoneClusterImpl.java:lambda$waitForClusterToBeReady$0(142)) - Waiting for cluster to be ready. Got 6 of 7 DN Heartbeats.
2019-07-30 20:48:11,249 INFO  net.NetworkTopology (NetworkTopologyImpl.java:add(110)) - Added a new node: /default-rack/56ded81d-987f-49f2-aa9f-9899037f588d
2019-07-30 20:48:11,249 INFO  node.SCMNodeManager (SCMNodeManager.java:register(273)) - Registered Data node : 56ded81d-987f-49f2-aa9f-9899037f588d{ip: 192.168.69.110, host: byscane-nightly-zbvcj-1516659162, networkLocation: /default-rack, certSerialId: null}
2019-07-30 20:48:11,259 INFO  impl.RaftServerProxy (RaftServerProxy.java:addNew(89)) - 56ded81d-987f-49f2-aa9f-9899037f588d: addNew group-CBB4F19A3CAE:[56ded81d-987f-49f2-aa9f-9899037f588d:192.168.69.110:33051] returns group-CBB4F19A3CAE:java.util.concurrent.CompletableFuture@7db3c409[Not completed]
2019-07-30 20:48:11,265 INFO  impl.RaftServerImpl (RaftServerImpl.java:<init>(93)) - 56ded81d-987f-49f2-aa9f-9899037f588d: new RaftServerImpl for group-CBB4F19A3CAE:[56ded81d-987f-49f2-aa9f-9899037f588d:192.168.69.110:33051] with ContainerStateMachine:uninitialized
2019-07-30 20:48:11,265 INFO  server.RaftServerConfigKeys (ConfUtils.java:logGet(43)) - raft.server.rpc.timeout.min = 5s (custom)
2019-07-30 20:48:11,265 INFO  server.RaftServerConfigKeys (ConfUtils.java:logGet(43)) - raft.server.rpc.timeout.max = 5200ms (custom)
2019-07-30 20:48:11,265 INFO  server.RaftServerConfigKeys (ConfUtils.java:logGet(43)) - raft.server.rpcslowness.timeout = 120s (custom)
2019-07-30 20:48:11,265 INFO  server.RaftServerConfigKeys (ConfUtils.java:logGet(43)) - raft.server.sleep.deviation.threshold = 300 (default)
2019-07-30 20:48:11,266 INFO  server.RaftServerConfigKeys (ConfUtils.java:logGet(43)) - raft.server.log.appender.install.snapshot.enabled = false (custom)
2019-07-30 20:48:11,266 INFO  impl.RaftServerImpl (ServerState.java:<init>(105)) - 56ded81d-987f-49f2-aa9f-9899037f588d:group-CBB4F19A3CAE ConfigurationManager, init=-1: [56ded81d-987f-49f2-aa9f-9899037f588d:192.168.69.110:33051], old=null, confs=<EMPTY_MAP>
2019-07-30 20:48:11,266 INFO  server.RaftServerConfigKeys (ConfUtils.java:logGet(43)) - raft.server.storage.dir = [/workdir/hadoop-ozone/integration-test/target/test-dir/MiniOzoneClusterImpl-ffb9f6fc-8aeb-40ae-a3cf-4369b53e790c/datanode-6/data/ratis] (custom)
2019-07-30 20:48:11,266 INFO  storage.RaftStorageDirectory (RaftStorageDirectory.java:analyzeStorage(246)) - The storage directory /workdir/hadoop-ozone/integration-test/target/test-dir/MiniOzoneClusterImpl-ffb9f6fc-8aeb-40ae-a3cf-4369b53e790c/datanode-6/data/ratis/106d7baa-4bc1-498c-8b6a-cbb4f19a3cae does not exist. Creating ...
2019-07-30 20:48:11,280 INFO  storage.RaftStorageDirectory (RaftStorageDirectory.java:tryLock(328)) - Lock on /workdir/hadoop-ozone/integration-test/target/test-dir/MiniOzoneClusterImpl-ffb9f6fc-8aeb-40ae-a3cf-4369b53e790c/datanode-6/data/ratis/106d7baa-4bc1-498c-8b6a-cbb4f19a3cae/in_use.lock acquired by nodename 19916@byscane-nightly-zbvcj-1516659162
2019-07-30 20:48:11,293 INFO  storage.RaftStorage (RaftStorage.java:format(72)) - Storage directory /workdir/hadoop-ozone/integration-test/target/test-dir/MiniOzoneClusterImpl-ffb9f6fc-8aeb-40ae-a3cf-4369b53e790c/datanode-6/data/ratis/106d7baa-4bc1-498c-8b6a-cbb4f19a3cae has been successfully formatted.
2019-07-30 20:48:11,294 INFO  ratis.ContainerStateMachine (ContainerStateMachine.java:loadSnapshot(213)) - group-CBB4F19A3CAE: The snapshot info is null. Setting the last applied indexto:(t:0, i:~)
2019-07-30 20:48:11,294 INFO  server.RaftServerConfigKeys (ConfUtils.java:logGet(43)) - raft.server.leader.election.timeout = 120s (custom)
2019-07-30 20:48:11,294 INFO  server.RaftServerConfigKeys (ConfUtils.java:logGet(43)) - raft.server.log.use.memory = false (default)
2019-07-30 20:48:11,294 INFO  server.RaftServerConfigKeys (ConfUtils.java:logGet(43)) - raft.server.log.purge.gap = 1000000000 (custom)
2019-07-30 20:48:11,294 INFO  server.RaftServerConfigKeys (ConfUtils.java:logGet(43)) - raft.server.log.appender.buffer.byte-limit = 33554432 (custom)
2019-07-30 20:48:11,295 INFO  server.RaftServerConfigKeys (ConfUtils.java:logGet(43)) - raft.server.log.segment.size.max = 1048576 (custom)
2019-07-30 20:48:11,295 INFO  server.RaftServerConfigKeys (ConfUtils.java:logGet(43)) - raft.server.log.segment.cache.num.max = 2 (custom)
2019-07-30 20:48:11,295 INFO  segmented.SegmentedRaftLogWorker (SegmentedRaftLogWorker.java:<init>(172)) - new 56ded81d-987f-49f2-aa9f-9899037f588d-SegmentedRaftLogWorker:Storage Directory /workdir/hadoop-ozone/integration-test/target/test-dir/MiniOzoneClusterImpl-ffb9f6fc-8aeb-40ae-a3cf-4369b53e790c/datanode-6/data/ratis/106d7baa-4bc1-498c-8b6a-cbb4f19a3cae for RaftStorage:Storage Directory /workdir/hadoop-ozone/integration-test/target/test-dir/MiniOzoneClusterImpl-ffb9f6fc-8aeb-40ae-a3cf-4369b53e790c/datanode-6/data/ratis/106d7baa-4bc1-498c-8b6a-cbb4f19a3cae
2019-07-30 20:48:11,295 INFO  server.RaftServerConfigKeys (ConfUtils.java:logGet(43)) - raft.server.log.queue.byte-limit = 2147483647 (custom)
2019-07-30 20:48:11,295 INFO  server.RaftServerConfigKeys (ConfUtils.java:logGet(43)) - raft.server.log.queue.element-limit = 1024 (custom)
2019-07-30 20:48:11,295 INFO  server.RaftServerConfigKeys (ConfUtils.java:logGet(43)) - raft.server.log.segment.size.max = 1048576 (custom)
2019-07-30 20:48:11,296 INFO  server.RaftServerConfigKeys (ConfUtils.java:logGet(43)) - raft.server.log.preallocated.size = 16384 (custom)
2019-07-30 20:48:11,296 INFO  server.RaftServerConfigKeys (ConfUtils.java:logGet(43)) - raft.server.log.write.buffer.size = 33554432 (custom)
2019-07-30 20:48:11,296 INFO  server.RaftServerConfigKeys (ConfUtils.java:logGet(43)) - raft.server.log.force.sync.num = 128 (default)
2019-07-30 20:48:11,296 INFO  server.RaftServerConfigKeys (ConfUtils.java:logGet(43)) - raft.server.log.statemachine.data.sync = true (default)
2019-07-30 20:48:11,296 INFO  server.RaftServerConfigKeys (ConfUtils.java:logGet(43)) - raft.server.log.statemachine.data.sync.timeout = 10s (default)
2019-07-30 20:48:11,296 INFO  server.RaftServerConfigKeys (ConfUtils.java:logGet(43)) - raft.server.log.statemachine.data.sync.timeout.retry = -1 (default)
2019-07-30 20:48:11,297 INFO  server.RaftServerConfigKeys (ConfUtils.java:logGet(43)) - raft.server.log.statemachine.data.caching.enabled = true (custom)
2019-07-30 20:48:11,297 INFO  segmented.SegmentedRaftLogWorker (SegmentedRaftLogWorker.java:lambda$new$0(132)) - 56ded81d-987f-49f2-aa9f-9899037f588d-SegmentedRaftLogWorker:Storage Directory /workdir/hadoop-ozone/integration-test/target/test-dir/MiniOzoneClusterImpl-ffb9f6fc-8aeb-40ae-a3cf-4369b53e790c/datanode-6/data/ratis/106d7baa-4bc1-498c-8b6a-cbb4f19a3cae: flushIndex: setUnconditionally 0 -> -1
2019-07-30 20:48:11,297 INFO  server.RaftServerConfigKeys (ConfUtils.java:logGet(43)) - raft.server.snapshot.auto.trigger.enabled = true (custom)
2019-07-30 20:48:11,298 INFO  server.RaftServerConfigKeys (ConfUtils.java:logGet(43)) - raft.server.snapshot.auto.trigger.threshold = 10000 (custom)
2019-07-30 20:48:11,298 INFO  server.RaftServerConfigKeys (ConfUtils.java:logGet(43)) - raft.server.retrycache.expirytime = 600000ms (custom)
2019-07-30 20:48:11,298 INFO  impl.RaftServerImpl (RaftServerImpl.java:start(180)) - 56ded81d-987f-49f2-aa9f-9899037f588d: start group-CBB4F19A3CAE
2019-07-30 20:48:11,298 INFO  impl.RaftServerImpl (RaftServerImpl.java:setRole(171)) - 56ded81d-987f-49f2-aa9f-9899037f588d:group-CBB4F19A3CAE changes role from null to FOLLOWER at term 0 for startAsFollower
2019-07-30 20:48:11,298 INFO  impl.RoleInfo (RoleInfo.java:updateAndGet(143)) - 56ded81d-987f-49f2-aa9f-9899037f588d: start FollowerState
2019-07-30 20:48:11,299 INFO  util.JmxRegister (JmxRegister.java:tryRegister(44)) - Successfully registered JMX Bean with object name Ratis:service=RaftServer,group=group-CBB4F19A3CAE,id=56ded81d-987f-49f2-aa9f-9899037f588d
2019-07-30 20:48:11,301 INFO  pipeline.PipelineStateManager (PipelineStateManager.java:addPipeline(56)) - Created pipeline Pipeline[ Id: 106d7baa-4bc1-498c-8b6a-cbb4f19a3cae, Nodes: 56ded81d-987f-49f2-aa9f-9899037f588d{ip: 192.168.69.110, host: byscane-nightly-zbvcj-1516659162, networkLocation: /default-rack, certSerialId: null}, Type:RATIS, Factor:ONE, State:OPEN]
2019-07-30 20:48:12,246 INFO  ozone.MiniOzoneClusterImpl (MiniOzoneClusterImpl.java:lambda$waitForClusterToBeReady$0(142)) - Cluster is ready. Got 7 of 7 DN Heartbeats.
2019-07-30 20:48:12,294 INFO  rpc.RpcClient (RpcClient.java:createVolume(288)) - Creating Volume: testblockoutputstreamwithretries, with jenkins1000 as owner.
2019-07-30 20:48:12,310 INFO  rpc.RpcClient (RpcClient.java:createBucket(425)) - Creating Bucket: testblockoutputstreamwithretries/testblockoutputstreamwithretries, with Versioning false and Storage Type set to DISK and Encryption set to false 
2019-07-30 20:48:12,343 INFO  client.GrpcClientProtocolClient (GrpcClientProtocolClient.java:onNext(255)) - client-041E15FC1ECB->7b88eab7-40d3-44f9-bba1-d355e9b397b1: receive RaftClientReply:client-041E15FC1ECB->7b88eab7-40d3-44f9-bba1-d355e9b397b1@group-483AF7B15048, cid=42, FAILED org.apache.ratis.protocol.NotLeaderException: Server 7b88eab7-40d3-44f9-bba1-d355e9b397b1 is not the leader (null). Request must be sent to leader., logIndex=0, commits[7b88eab7-40d3-44f9-bba1-d355e9b397b1:c-1]
2019-07-30 20:48:12,988 INFO  container.ReplicationManager (ReplicationManager.java:start(155)) - Starting Replication Monitor Thread.
2019-07-30 20:48:12,993 INFO  container.ReplicationManager (ReplicationManager.java:run(207)) - Replication Monitor Thread took 0 milliseconds for processing 4 containers.
2019-07-30 20:48:13,372 INFO  client.GrpcClientProtocolClient (GrpcClientProtocolClient.java:onNext(255)) - client-041E15FC1ECB->5f909b24-f0ea-4ba0-868d-f5894a228f85: receive RaftClientReply:client-041E15FC1ECB->5f909b24-f0ea-4ba0-868d-f5894a228f85@group-483AF7B15048, cid=42, FAILED org.apache.ratis.protocol.NotLeaderException: Server 5f909b24-f0ea-4ba0-868d-f5894a228f85 is not the leader (null). Request must be sent to leader., logIndex=0, commits[5f909b24-f0ea-4ba0-868d-f5894a228f85:c-1]
2019-07-30 20:48:14,410 INFO  client.GrpcClientProtocolClient (GrpcClientProtocolClient.java:onNext(255)) - client-041E15FC1ECB->7b88eab7-40d3-44f9-bba1-d355e9b397b1: receive RaftClientReply:client-041E15FC1ECB->7b88eab7-40d3-44f9-bba1-d355e9b397b1@group-483AF7B15048, cid=42, FAILED org.apache.ratis.protocol.NotLeaderException: Server 7b88eab7-40d3-44f9-bba1-d355e9b397b1 is not the leader (null). Request must be sent to leader., logIndex=0, commits[7b88eab7-40d3-44f9-bba1-d355e9b397b1:c-1]
2019-07-30 20:48:15,078 INFO  impl.FollowerState (FollowerState.java:run(106)) - 67fd0bb5-c0c1-4bfc-aa43-3afedda70e00:group-D5AAF51D7BE3 changes to CANDIDATE, lastRpcTime:5017, electionTimeout:5017ms
2019-07-30 20:48:15,078 INFO  impl.RoleInfo (RoleInfo.java:shutdownFollowerState(121)) - 67fd0bb5-c0c1-4bfc-aa43-3afedda70e00: shutdown FollowerState
2019-07-30 20:48:15,078 INFO  impl.RaftServerImpl (RaftServerImpl.java:setRole(171)) - 67fd0bb5-c0c1-4bfc-aa43-3afedda70e00:group-D5AAF51D7BE3 changes role from FOLLOWER to CANDIDATE at term 0 for changeToCandidate
2019-07-30 20:48:15,078 INFO  impl.RoleInfo (RoleInfo.java:updateAndGet(143)) - 67fd0bb5-c0c1-4bfc-aa43-3afedda70e00: start LeaderElection
2019-07-30 20:48:15,115 INFO  impl.LeaderElection (LeaderElection.java:askForVotes(181)) - 67fd0bb5-c0c1-4bfc-aa43-3afedda70e00:group-D5AAF51D7BE3:LeaderElection20: begin an election at term 1 for -1: [67fd0bb5-c0c1-4bfc-aa43-3afedda70e00:192.168.69.110:40897], old=null
2019-07-30 20:48:15,115 INFO  impl.RoleInfo (RoleInfo.java:shutdownLeaderElection(134)) - 67fd0bb5-c0c1-4bfc-aa43-3afedda70e00: shutdown LeaderElection
2019-07-30 20:48:15,115 INFO  impl.RaftServerImpl (RaftServerImpl.java:setRole(171)) - 67fd0bb5-c0c1-4bfc-aa43-3afedda70e00:group-D5AAF51D7BE3 changes role from CANDIDATE to LEADER at term 1 for changeToLeader
2019-07-30 20:48:15,115 INFO  impl.RaftServerImpl (ServerState.java:setLeader(263)) - 67fd0bb5-c0c1-4bfc-aa43-3afedda70e00:group-D5AAF51D7BE3 change Leader from null to 67fd0bb5-c0c1-4bfc-aa43-3afedda70e00 at term 1 for becomeLeader, leader elected after 5061ms
2019-07-30 20:48:15,118 INFO  server.RaftServerConfigKeys (ConfUtils.java:logGet(43)) - raft.server.staging.catchup.gap = 1000 (default)
2019-07-30 20:48:15,118 INFO  server.RaftServerConfigKeys (ConfUtils.java:logGet(43)) - raft.server.rpc.sleep.time = 25ms (default)
2019-07-30 20:48:15,119 INFO  server.RaftServerConfigKeys (ConfUtils.java:logGet(43)) - raft.server.write.element-limit = 4096 (default)
2019-07-30 20:48:15,119 INFO  server.RaftServerConfigKeys (ConfUtils.java:logGet(43)) - raft.server.watch.timeout = 10s (default)
2019-07-30 20:48:15,119 INFO  server.RaftServerConfigKeys (ConfUtils.java:logGet(43)) - raft.server.watch.timeout.denomination = 1s (default)
2019-07-30 20:48:15,119 INFO  server.RaftServerConfigKeys (ConfUtils.java:logGet(43)) - raft.server.watch.element-limit = 65536 (default)
2019-07-30 20:48:15,120 INFO  impl.RoleInfo (RoleInfo.java:updateAndGet(143)) - 67fd0bb5-c0c1-4bfc-aa43-3afedda70e00: start LeaderState
2019-07-30 20:48:15,120 INFO  segmented.SegmentedRaftLogWorker (SegmentedRaftLogWorker.java:startLogSegment(380)) - 67fd0bb5-c0c1-4bfc-aa43-3afedda70e00-SegmentedRaftLogWorker:Storage Directory /workdir/hadoop-ozone/integration-test/target/test-dir/MiniOzoneClusterImpl-ffb9f6fc-8aeb-40ae-a3cf-4369b53e790c/datanode-0/data/ratis/8c504359-91a2-4522-8632-d5aaf51d7be3: Starting segment from index:0
2019-07-30 20:48:15,121 INFO  impl.RaftServerImpl (ServerState.java:setRaftConf(361)) - 67fd0bb5-c0c1-4bfc-aa43-3afedda70e00:group-D5AAF51D7BE3 set configuration 0: [67fd0bb5-c0c1-4bfc-aa43-3afedda70e00:192.168.69.110:40897], old=null at 0
2019-07-30 20:48:15,161 INFO  segmented.SegmentedRaftLogWorker (SegmentedRaftLogWorker.java:execute(569)) - 67fd0bb5-c0c1-4bfc-aa43-3afedda70e00-SegmentedRaftLogWorker:Storage Directory /workdir/hadoop-ozone/integration-test/target/test-dir/MiniOzoneClusterImpl-ffb9f6fc-8aeb-40ae-a3cf-4369b53e790c/datanode-0/data/ratis/8c504359-91a2-4522-8632-d5aaf51d7be3: created new log segment /workdir/hadoop-ozone/integration-test/target/test-dir/MiniOzoneClusterImpl-ffb9f6fc-8aeb-40ae-a3cf-4369b53e790c/datanode-0/data/ratis/8c504359-91a2-4522-8632-d5aaf51d7be3/current/log_inprogress_0
2019-07-30 20:48:15,440 INFO  impl.FollowerState (FollowerState.java:run(106)) - 98ff2f46-1f4c-4fab-a607-9a6eaf75105d:group-3084DE2060AE changes to CANDIDATE, lastRpcTime:5178, electionTimeout:5176ms
2019-07-30 20:48:15,440 INFO  impl.RoleInfo (RoleInfo.java:shutdownFollowerState(121)) - 98ff2f46-1f4c-4fab-a607-9a6eaf75105d: shutdown FollowerState
2019-07-30 20:48:15,440 INFO  impl.RaftServerImpl (RaftServerImpl.java:setRole(171)) - 98ff2f46-1f4c-4fab-a607-9a6eaf75105d:group-3084DE2060AE changes role from FOLLOWER to CANDIDATE at term 0 for changeToCandidate
2019-07-30 20:48:15,441 INFO  impl.RoleInfo (RoleInfo.java:updateAndGet(143)) - 98ff2f46-1f4c-4fab-a607-9a6eaf75105d: start LeaderElection
2019-07-30 20:48:15,449 INFO  client.GrpcClientProtocolClient (GrpcClientProtocolClient.java:onNext(255)) - client-041E15FC1ECB->1525dfdd-5dc8-4a44-94e3-3fda5b46bc14: receive RaftClientReply:client-041E15FC1ECB->1525dfdd-5dc8-4a44-94e3-3fda5b46bc14@group-483AF7B15048, cid=42, FAILED org.apache.ratis.protocol.NotLeaderException: Server 1525dfdd-5dc8-4a44-94e3-3fda5b46bc14 is not the leader (null). Request must be sent to leader., logIndex=0, commits[1525dfdd-5dc8-4a44-94e3-3fda5b46bc14:c-1]
2019-07-30 20:48:15,462 INFO  impl.LeaderElection (LeaderElection.java:askForVotes(181)) - 98ff2f46-1f4c-4fab-a607-9a6eaf75105d:group-3084DE2060AE:LeaderElection21: begin an election at term 1 for -1: [98ff2f46-1f4c-4fab-a607-9a6eaf75105d:192.168.69.110:46186], old=null
2019-07-30 20:48:15,462 INFO  impl.RoleInfo (RoleInfo.java:shutdownLeaderElection(134)) - 98ff2f46-1f4c-4fab-a607-9a6eaf75105d: shutdown LeaderElection
2019-07-30 20:48:15,462 INFO  impl.RaftServerImpl (RaftServerImpl.java:setRole(171)) - 98ff2f46-1f4c-4fab-a607-9a6eaf75105d:group-3084DE2060AE changes role from CANDIDATE to LEADER at term 1 for changeToLeader
2019-07-30 20:48:15,462 INFO  impl.RaftServerImpl (ServerState.java:setLeader(263)) - 98ff2f46-1f4c-4fab-a607-9a6eaf75105d:group-3084DE2060AE change Leader from null to 98ff2f46-1f4c-4fab-a607-9a6eaf75105d at term 1 for becomeLeader, leader elected after 5206ms
2019-07-30 20:48:15,464 INFO  server.RaftServerConfigKeys (ConfUtils.java:logGet(43)) - raft.server.staging.catchup.gap = 1000 (default)
2019-07-30 20:48:15,464 INFO  server.RaftServerConfigKeys (ConfUtils.java:logGet(43)) - raft.server.rpc.sleep.time = 25ms (default)
2019-07-30 20:48:15,465 INFO  server.RaftServerConfigKeys (ConfUtils.java:logGet(43)) - raft.server.write.element-limit = 4096 (default)
2019-07-30 20:48:15,465 INFO  server.RaftServerConfigKeys (ConfUtils.java:logGet(43)) - raft.server.watch.timeout = 10s (default)
2019-07-30 20:48:15,465 INFO  server.RaftServerConfigKeys (ConfUtils.java:logGet(43)) - raft.server.watch.timeout.denomination = 1s (default)
2019-07-30 20:48:15,465 INFO  server.RaftServerConfigKeys (ConfUtils.java:logGet(43)) - raft.server.watch.element-limit = 65536 (default)
2019-07-30 20:48:15,465 INFO  impl.RoleInfo (RoleInfo.java:updateAndGet(143)) - 98ff2f46-1f4c-4fab-a607-9a6eaf75105d: start LeaderState
2019-07-30 20:48:15,466 INFO  segmented.SegmentedRaftLogWorker (SegmentedRaftLogWorker.java:startLogSegment(380)) - 98ff2f46-1f4c-4fab-a607-9a6eaf75105d-SegmentedRaftLogWorker:Storage Directory /workdir/hadoop-ozone/integration-test/target/test-dir/MiniOzoneClusterImpl-ffb9f6fc-8aeb-40ae-a3cf-4369b53e790c/datanode-1/data/ratis/78dea569-b0bb-49ad-99fc-3084de2060ae: Starting segment from index:0
2019-07-30 20:48:15,466 INFO  impl.RaftServerImpl (ServerState.java:setRaftConf(361)) - 98ff2f46-1f4c-4fab-a607-9a6eaf75105d:group-3084DE2060AE set configuration 0: [98ff2f46-1f4c-4fab-a607-9a6eaf75105d:192.168.69.110:46186], old=null at 0
2019-07-30 20:48:15,510 INFO  segmented.SegmentedRaftLogWorker (SegmentedRaftLogWorker.java:execute(569)) - 98ff2f46-1f4c-4fab-a607-9a6eaf75105d-SegmentedRaftLogWorker:Storage Directory /workdir/hadoop-ozone/integration-test/target/test-dir/MiniOzoneClusterImpl-ffb9f6fc-8aeb-40ae-a3cf-4369b53e790c/datanode-1/data/ratis/78dea569-b0bb-49ad-99fc-3084de2060ae: created new log segment /workdir/hadoop-ozone/integration-test/target/test-dir/MiniOzoneClusterImpl-ffb9f6fc-8aeb-40ae-a3cf-4369b53e790c/datanode-1/data/ratis/78dea569-b0bb-49ad-99fc-3084de2060ae/current/log_inprogress_0
2019-07-30 20:48:15,520 INFO  impl.FollowerState (FollowerState.java:run(106)) - dcad888a-df6c-4c16-bef6-cf79b44ac70c:group-B556BC1680EF changes to CANDIDATE, lastRpcTime:5072, electionTimeout:5072ms
2019-07-30 20:48:15,520 INFO  impl.RoleInfo (RoleInfo.java:shutdownFollowerState(121)) - dcad888a-df6c-4c16-bef6-cf79b44ac70c: shutdown FollowerState
2019-07-30 20:48:15,521 INFO  impl.RaftServerImpl (RaftServerImpl.java:setRole(171)) - dcad888a-df6c-4c16-bef6-cf79b44ac70c:group-B556BC1680EF changes role from FOLLOWER to CANDIDATE at term 0 for changeToCandidate
2019-07-30 20:48:15,521 INFO  impl.RoleInfo (RoleInfo.java:updateAndGet(143)) - dcad888a-df6c-4c16-bef6-cf79b44ac70c: start LeaderElection
2019-07-30 20:48:15,539 INFO  impl.LeaderElection (LeaderElection.java:askForVotes(181)) - dcad888a-df6c-4c16-bef6-cf79b44ac70c:group-B556BC1680EF:LeaderElection22: begin an election at term 1 for -1: [dcad888a-df6c-4c16-bef6-cf79b44ac70c:192.168.69.110:42822], old=null
2019-07-30 20:48:15,539 INFO  impl.RoleInfo (RoleInfo.java:shutdownLeaderElection(134)) - dcad888a-df6c-4c16-bef6-cf79b44ac70c: shutdown LeaderElection
2019-07-30 20:48:15,539 INFO  impl.RaftServerImpl (RaftServerImpl.java:setRole(171)) - dcad888a-df6c-4c16-bef6-cf79b44ac70c:group-B556BC1680EF changes role from CANDIDATE to LEADER at term 1 for changeToLeader
2019-07-30 20:48:15,540 INFO  impl.RaftServerImpl (ServerState.java:setLeader(263)) - dcad888a-df6c-4c16-bef6-cf79b44ac70c:group-B556BC1680EF change Leader from null to dcad888a-df6c-4c16-bef6-cf79b44ac70c at term 1 for becomeLeader, leader elected after 5095ms
2019-07-30 20:48:15,542 INFO  server.RaftServerConfigKeys (ConfUtils.java:logGet(43)) - raft.server.staging.catchup.gap = 1000 (default)
2019-07-30 20:48:15,542 INFO  server.RaftServerConfigKeys (ConfUtils.java:logGet(43)) - raft.server.rpc.sleep.time = 25ms (default)
2019-07-30 20:48:15,542 INFO  server.RaftServerConfigKeys (ConfUtils.java:logGet(43)) - raft.server.write.element-limit = 4096 (default)
2019-07-30 20:48:15,543 INFO  server.RaftServerConfigKeys (ConfUtils.java:logGet(43)) - raft.server.watch.timeout = 10s (default)
2019-07-30 20:48:15,543 INFO  server.RaftServerConfigKeys (ConfUtils.java:logGet(43)) - raft.server.watch.timeout.denomination = 1s (default)
2019-07-30 20:48:15,543 INFO  server.RaftServerConfigKeys (ConfUtils.java:logGet(43)) - raft.server.watch.element-limit = 65536 (default)
2019-07-30 20:48:15,543 INFO  impl.RoleInfo (RoleInfo.java:updateAndGet(143)) - dcad888a-df6c-4c16-bef6-cf79b44ac70c: start LeaderState
2019-07-30 20:48:15,543 INFO  segmented.SegmentedRaftLogWorker (SegmentedRaftLogWorker.java:startLogSegment(380)) - dcad888a-df6c-4c16-bef6-cf79b44ac70c-SegmentedRaftLogWorker:Storage Directory /workdir/hadoop-ozone/integration-test/target/test-dir/MiniOzoneClusterImpl-ffb9f6fc-8aeb-40ae-a3cf-4369b53e790c/datanode-2/data/ratis/68038983-e5a3-4ca1-8d88-b556bc1680ef: Starting segment from index:0
2019-07-30 20:48:15,544 INFO  impl.RaftServerImpl (ServerState.java:setRaftConf(361)) - dcad888a-df6c-4c16-bef6-cf79b44ac70c:group-B556BC1680EF set configuration 0: [dcad888a-df6c-4c16-bef6-cf79b44ac70c:192.168.69.110:42822], old=null at 0
2019-07-30 20:48:15,578 INFO  segmented.SegmentedRaftLogWorker (SegmentedRaftLogWorker.java:execute(569)) - dcad888a-df6c-4c16-bef6-cf79b44ac70c-SegmentedRaftLogWorker:Storage Directory /workdir/hadoop-ozone/integration-test/target/test-dir/MiniOzoneClusterImpl-ffb9f6fc-8aeb-40ae-a3cf-4369b53e790c/datanode-2/data/ratis/68038983-e5a3-4ca1-8d88-b556bc1680ef: created new log segment /workdir/hadoop-ozone/integration-test/target/test-dir/MiniOzoneClusterImpl-ffb9f6fc-8aeb-40ae-a3cf-4369b53e790c/datanode-2/data/ratis/68038983-e5a3-4ca1-8d88-b556bc1680ef/current/log_inprogress_0
2019-07-30 20:48:15,617 INFO  impl.FollowerState (FollowerState.java:run(106)) - dcad888a-df6c-4c16-bef6-cf79b44ac70c:group-B811E3FEB0FF changes to CANDIDATE, lastRpcTime:5082, electionTimeout:5070ms
2019-07-30 20:48:15,617 INFO  impl.RoleInfo (RoleInfo.java:shutdownFollowerState(121)) - dcad888a-df6c-4c16-bef6-cf79b44ac70c: shutdown FollowerState
2019-07-30 20:48:15,617 INFO  impl.RaftServerImpl (RaftServerImpl.java:setRole(171)) - dcad888a-df6c-4c16-bef6-cf79b44ac70c:group-B811E3FEB0FF changes role from FOLLOWER to CANDIDATE at term 0 for changeToCandidate
2019-07-30 20:48:15,617 INFO  impl.RoleInfo (RoleInfo.java:updateAndGet(143)) - dcad888a-df6c-4c16-bef6-cf79b44ac70c: start LeaderElection
2019-07-30 20:48:15,643 INFO  impl.LeaderElection (LeaderElection.java:askForVotes(181)) - dcad888a-df6c-4c16-bef6-cf79b44ac70c:group-B811E3FEB0FF:LeaderElection23: begin an election at term 1 for -1: [dcad888a-df6c-4c16-bef6-cf79b44ac70c:192.168.69.110:42822, 67fd0bb5-c0c1-4bfc-aa43-3afedda70e00:192.168.69.110:40897, 98ff2f46-1f4c-4fab-a607-9a6eaf75105d:192.168.69.110:46186], old=null
2019-07-30 20:48:15,646 INFO  impl.FollowerState (FollowerState.java:run(106)) - 98ff2f46-1f4c-4fab-a607-9a6eaf75105d:group-B811E3FEB0FF changes to CANDIDATE, lastRpcTime:5089, electionTimeout:5089ms
2019-07-30 20:48:15,646 INFO  impl.RoleInfo (RoleInfo.java:shutdownFollowerState(121)) - 98ff2f46-1f4c-4fab-a607-9a6eaf75105d: shutdown FollowerState
2019-07-30 20:48:15,647 INFO  impl.RaftServerImpl (RaftServerImpl.java:setRole(171)) - 98ff2f46-1f4c-4fab-a607-9a6eaf75105d:group-B811E3FEB0FF changes role from FOLLOWER to CANDIDATE at term 0 for changeToCandidate
2019-07-30 20:48:15,647 INFO  impl.RoleInfo (RoleInfo.java:updateAndGet(143)) - 98ff2f46-1f4c-4fab-a607-9a6eaf75105d: start LeaderElection
2019-07-30 20:48:15,655 INFO  impl.RaftServerImpl (RaftServerImpl.java:setRole(171)) - 67fd0bb5-c0c1-4bfc-aa43-3afedda70e00:group-B811E3FEB0FF changes role from FOLLOWER to FOLLOWER at term 1 for recognizeCandidate:dcad888a-df6c-4c16-bef6-cf79b44ac70c
2019-07-30 20:48:15,655 INFO  impl.RoleInfo (RoleInfo.java:shutdownFollowerState(121)) - 67fd0bb5-c0c1-4bfc-aa43-3afedda70e00: shutdown FollowerState
2019-07-30 20:48:15,655 INFO  impl.RoleInfo (RoleInfo.java:updateAndGet(143)) - 67fd0bb5-c0c1-4bfc-aa43-3afedda70e00: start FollowerState
2019-07-30 20:48:15,655 INFO  impl.FollowerState (FollowerState.java:run(114)) - 67fd0bb5-c0c1-4bfc-aa43-3afedda70e00: FollowerState was interrupted: java.lang.InterruptedException: sleep interrupted
2019-07-30 20:48:15,676 INFO  impl.LeaderElection (LeaderElection.java:askForVotes(181)) - 98ff2f46-1f4c-4fab-a607-9a6eaf75105d:group-B811E3FEB0FF:LeaderElection24: begin an election at term 1 for -1: [dcad888a-df6c-4c16-bef6-cf79b44ac70c:192.168.69.110:42822, 67fd0bb5-c0c1-4bfc-aa43-3afedda70e00:192.168.69.110:40897, 98ff2f46-1f4c-4fab-a607-9a6eaf75105d:192.168.69.110:46186], old=null
2019-07-30 20:48:15,679 INFO  impl.LeaderElection (LeaderElection.java:logAndReturn(56)) - dcad888a-df6c-4c16-bef6-cf79b44ac70c:group-B811E3FEB0FF:LeaderElection23: Election PASSED; received 2 response(s) [dcad888a-df6c-4c16-bef6-cf79b44ac70c<-67fd0bb5-c0c1-4bfc-aa43-3afedda70e00#0:OK-t1, dcad888a-df6c-4c16-bef6-cf79b44ac70c<-98ff2f46-1f4c-4fab-a607-9a6eaf75105d#0:FAIL-t1] and 0 exception(s); dcad888a-df6c-4c16-bef6-cf79b44ac70c:t1, leader=null, voted=dcad888a-df6c-4c16-bef6-cf79b44ac70c, raftlog=dcad888a-df6c-4c16-bef6-cf79b44ac70c-SegmentedRaftLog:OPENED:c-1,f-1,i0, conf=-1: [dcad888a-df6c-4c16-bef6-cf79b44ac70c:192.168.69.110:42822, 67fd0bb5-c0c1-4bfc-aa43-3afedda70e00:192.168.69.110:40897, 98ff2f46-1f4c-4fab-a607-9a6eaf75105d:192.168.69.110:46186], old=null
2019-07-30 20:48:15,679 INFO  impl.RoleInfo (RoleInfo.java:shutdownLeaderElection(134)) - dcad888a-df6c-4c16-bef6-cf79b44ac70c: shutdown LeaderElection
2019-07-30 20:48:15,679 INFO  impl.RaftServerImpl (RaftServerImpl.java:setRole(171)) - dcad888a-df6c-4c16-bef6-cf79b44ac70c:group-B811E3FEB0FF changes role from CANDIDATE to LEADER at term 1 for changeToLeader
2019-07-30 20:48:15,680 INFO  impl.RaftServerImpl (ServerState.java:setLeader(263)) - dcad888a-df6c-4c16-bef6-cf79b44ac70c:group-B811E3FEB0FF change Leader from null to dcad888a-df6c-4c16-bef6-cf79b44ac70c at term 1 for becomeLeader, leader elected after 5153ms
2019-07-30 20:48:15,680 INFO  server.RaftServerConfigKeys (ConfUtils.java:logGet(43)) - raft.server.staging.catchup.gap = 1000 (default)
2019-07-30 20:48:15,680 INFO  server.RaftServerConfigKeys (ConfUtils.java:logGet(43)) - raft.server.rpc.sleep.time = 25ms (default)
2019-07-30 20:48:15,680 INFO  server.RaftServerConfigKeys (ConfUtils.java:logGet(43)) - raft.server.write.element-limit = 4096 (default)
2019-07-30 20:48:15,680 INFO  server.RaftServerConfigKeys (ConfUtils.java:logGet(43)) - raft.server.watch.timeout = 10s (default)
2019-07-30 20:48:15,681 INFO  server.RaftServerConfigKeys (ConfUtils.java:logGet(43)) - raft.server.watch.timeout.denomination = 1s (default)
2019-07-30 20:48:15,681 INFO  server.RaftServerConfigKeys (ConfUtils.java:logGet(43)) - raft.server.watch.element-limit = 65536 (default)
2019-07-30 20:48:15,681 INFO  server.RaftServerConfigKeys (ConfUtils.java:logGet(43)) - raft.server.log.appender.snapshot.chunk.size.max = 16MB (=16777216) (default)
2019-07-30 20:48:15,681 INFO  server.RaftServerConfigKeys (ConfUtils.java:logGet(43)) - raft.server.log.appender.buffer.byte-limit = 33554432 (custom)
2019-07-30 20:48:15,682 INFO  server.RaftServerConfigKeys (ConfUtils.java:logGet(43)) - raft.server.log.appender.buffer.element-limit = 1 (custom)
2019-07-30 20:48:15,682 INFO  grpc.GrpcConfigKeys$Server (ConfUtils.java:logGet(43)) - raft.grpc.server.leader.outstanding.appends.max = 128 (default)
2019-07-30 20:48:15,682 INFO  server.RaftServerConfigKeys (ConfUtils.java:logGet(43)) - raft.server.rpc.request.timeout = 3000ms (default)
2019-07-30 20:48:15,682 INFO  server.RaftServerConfigKeys (ConfUtils.java:logGet(43)) - raft.server.log.appender.install.snapshot.enabled = false (custom)
2019-07-30 20:48:15,684 INFO  server.RaftServerConfigKeys (ConfUtils.java:logGet(43)) - raft.server.log.appender.snapshot.chunk.size.max = 16MB (=16777216) (default)
2019-07-30 20:48:15,688 INFO  server.RaftServerConfigKeys (ConfUtils.java:logGet(43)) - raft.server.log.appender.buffer.byte-limit = 33554432 (custom)
2019-07-30 20:48:15,688 INFO  server.RaftServerConfigKeys (ConfUtils.java:logGet(43)) - raft.server.log.appender.buffer.element-limit = 1 (custom)
2019-07-30 20:48:15,689 INFO  grpc.GrpcConfigKeys$Server (ConfUtils.java:logGet(43)) - raft.grpc.server.leader.outstanding.appends.max = 128 (default)
2019-07-30 20:48:15,689 INFO  server.RaftServerConfigKeys (ConfUtils.java:logGet(43)) - raft.server.rpc.request.timeout = 3000ms (default)
2019-07-30 20:48:15,689 INFO  server.RaftServerConfigKeys (ConfUtils.java:logGet(43)) - raft.server.log.appender.install.snapshot.enabled = false (custom)
2019-07-30 20:48:15,689 INFO  impl.RoleInfo (RoleInfo.java:updateAndGet(143)) - dcad888a-df6c-4c16-bef6-cf79b44ac70c: start LeaderState
2019-07-30 20:48:15,690 INFO  segmented.SegmentedRaftLogWorker (SegmentedRaftLogWorker.java:startLogSegment(380)) - dcad888a-df6c-4c16-bef6-cf79b44ac70c-SegmentedRaftLogWorker:Storage Directory /workdir/hadoop-ozone/integration-test/target/test-dir/MiniOzoneClusterImpl-ffb9f6fc-8aeb-40ae-a3cf-4369b53e790c/datanode-2/data/ratis/785e887a-b442-4c54-9e8c-b811e3feb0ff: Starting segment from index:0
2019-07-30 20:48:15,691 INFO  impl.RaftServerImpl (ServerState.java:setRaftConf(361)) - dcad888a-df6c-4c16-bef6-cf79b44ac70c:group-B811E3FEB0FF set configuration 0: [dcad888a-df6c-4c16-bef6-cf79b44ac70c:192.168.69.110:42822, 67fd0bb5-c0c1-4bfc-aa43-3afedda70e00:192.168.69.110:40897, 98ff2f46-1f4c-4fab-a607-9a6eaf75105d:192.168.69.110:46186], old=null at 0
2019-07-30 20:48:15,712 INFO  impl.RaftServerImpl (RaftServerImpl.java:requestVote(754)) - dcad888a-df6c-4c16-bef6-cf79b44ac70c-LEADER: Withhold vote from candidate 98ff2f46-1f4c-4fab-a607-9a6eaf75105d with term 1. State: leader=dcad888a-df6c-4c16-bef6-cf79b44ac70c, term=1, lastRpcElapsed=null
2019-07-30 20:48:15,714 INFO  impl.RaftServerImpl (ServerState.java:setLeader(263)) - 67fd0bb5-c0c1-4bfc-aa43-3afedda70e00:group-B811E3FEB0FF change Leader from null to dcad888a-df6c-4c16-bef6-cf79b44ac70c at term 1 for appendEntries, leader elected after 5187ms
2019-07-30 20:48:15,714 INFO  impl.LeaderElection (LeaderElection.java:logAndReturn(56)) - 98ff2f46-1f4c-4fab-a607-9a6eaf75105d:group-B811E3FEB0FF:LeaderElection24: Election REJECTED; received 2 response(s) [98ff2f46-1f4c-4fab-a607-9a6eaf75105d<-dcad888a-df6c-4c16-bef6-cf79b44ac70c#0:FAIL-t1, 98ff2f46-1f4c-4fab-a607-9a6eaf75105d<-67fd0bb5-c0c1-4bfc-aa43-3afedda70e00#0:FAIL-t1] and 0 exception(s); 98ff2f46-1f4c-4fab-a607-9a6eaf75105d:t1, leader=null, voted=98ff2f46-1f4c-4fab-a607-9a6eaf75105d, raftlog=98ff2f46-1f4c-4fab-a607-9a6eaf75105d-SegmentedRaftLog:OPENED:c-1,f-1,i0, conf=-1: [dcad888a-df6c-4c16-bef6-cf79b44ac70c:192.168.69.110:42822, 67fd0bb5-c0c1-4bfc-aa43-3afedda70e00:192.168.69.110:40897, 98ff2f46-1f4c-4fab-a607-9a6eaf75105d:192.168.69.110:46186], old=null
2019-07-30 20:48:15,714 INFO  impl.RaftServerImpl (RaftServerImpl.java:setRole(171)) - 98ff2f46-1f4c-4fab-a607-9a6eaf75105d:group-B811E3FEB0FF changes role from CANDIDATE to FOLLOWER at term 1 for appendEntries
2019-07-30 20:48:15,714 INFO  impl.RoleInfo (RoleInfo.java:shutdownLeaderElection(134)) - 98ff2f46-1f4c-4fab-a607-9a6eaf75105d: shutdown LeaderElection
2019-07-30 20:48:15,715 INFO  impl.RoleInfo (RoleInfo.java:updateAndGet(143)) - 98ff2f46-1f4c-4fab-a607-9a6eaf75105d: start FollowerState
2019-07-30 20:48:15,715 INFO  impl.RaftServerImpl (ServerState.java:setLeader(263)) - 98ff2f46-1f4c-4fab-a607-9a6eaf75105d:group-B811E3FEB0FF change Leader from null to dcad888a-df6c-4c16-bef6-cf79b44ac70c at term 1 for appendEntries, leader elected after 5188ms
2019-07-30 20:48:15,717 INFO  impl.RaftServerImpl (ServerState.java:setRaftConf(361)) - 67fd0bb5-c0c1-4bfc-aa43-3afedda70e00:group-B811E3FEB0FF set configuration 0: [dcad888a-df6c-4c16-bef6-cf79b44ac70c:192.168.69.110:42822, 67fd0bb5-c0c1-4bfc-aa43-3afedda70e00:192.168.69.110:40897, 98ff2f46-1f4c-4fab-a607-9a6eaf75105d:192.168.69.110:46186], old=null at 0
2019-07-30 20:48:15,718 INFO  segmented.SegmentedRaftLogWorker (SegmentedRaftLogWorker.java:startLogSegment(380)) - 67fd0bb5-c0c1-4bfc-aa43-3afedda70e00-SegmentedRaftLogWorker:Storage Directory /workdir/hadoop-ozone/integration-test/target/test-dir/MiniOzoneClusterImpl-ffb9f6fc-8aeb-40ae-a3cf-4369b53e790c/datanode-0/data/ratis/785e887a-b442-4c54-9e8c-b811e3feb0ff: Starting segment from index:0
2019-07-30 20:48:15,718 INFO  impl.RaftServerImpl (ServerState.java:setRaftConf(361)) - 98ff2f46-1f4c-4fab-a607-9a6eaf75105d:group-B811E3FEB0FF set configuration 0: [dcad888a-df6c-4c16-bef6-cf79b44ac70c:192.168.69.110:42822, 67fd0bb5-c0c1-4bfc-aa43-3afedda70e00:192.168.69.110:40897, 98ff2f46-1f4c-4fab-a607-9a6eaf75105d:192.168.69.110:46186], old=null at 0
2019-07-30 20:48:15,718 INFO  segmented.SegmentedRaftLogWorker (SegmentedRaftLogWorker.java:startLogSegment(380)) - 98ff2f46-1f4c-4fab-a607-9a6eaf75105d-SegmentedRaftLogWorker:Storage Directory /workdir/hadoop-ozone/integration-test/target/test-dir/MiniOzoneClusterImpl-ffb9f6fc-8aeb-40ae-a3cf-4369b53e790c/datanode-1/data/ratis/785e887a-b442-4c54-9e8c-b811e3feb0ff: Starting segment from index:0
2019-07-30 20:48:15,724 INFO  segmented.SegmentedRaftLogWorker (SegmentedRaftLogWorker.java:execute(569)) - dcad888a-df6c-4c16-bef6-cf79b44ac70c-SegmentedRaftLogWorker:Storage Directory /workdir/hadoop-ozone/integration-test/target/test-dir/MiniOzoneClusterImpl-ffb9f6fc-8aeb-40ae-a3cf-4369b53e790c/datanode-2/data/ratis/785e887a-b442-4c54-9e8c-b811e3feb0ff: created new log segment /workdir/hadoop-ozone/integration-test/target/test-dir/MiniOzoneClusterImpl-ffb9f6fc-8aeb-40ae-a3cf-4369b53e790c/datanode-2/data/ratis/785e887a-b442-4c54-9e8c-b811e3feb0ff/current/log_inprogress_0
2019-07-30 20:48:15,738 INFO  segmented.SegmentedRaftLogWorker (SegmentedRaftLogWorker.java:execute(569)) - 67fd0bb5-c0c1-4bfc-aa43-3afedda70e00-SegmentedRaftLogWorker:Storage Directory /workdir/hadoop-ozone/integration-test/target/test-dir/MiniOzoneClusterImpl-ffb9f6fc-8aeb-40ae-a3cf-4369b53e790c/datanode-0/data/ratis/785e887a-b442-4c54-9e8c-b811e3feb0ff: created new log segment /workdir/hadoop-ozone/integration-test/target/test-dir/MiniOzoneClusterImpl-ffb9f6fc-8aeb-40ae-a3cf-4369b53e790c/datanode-0/data/ratis/785e887a-b442-4c54-9e8c-b811e3feb0ff/current/log_inprogress_0
2019-07-30 20:48:15,747 INFO  segmented.SegmentedRaftLogWorker (SegmentedRaftLogWorker.java:execute(569)) - 98ff2f46-1f4c-4fab-a607-9a6eaf75105d-SegmentedRaftLogWorker:Storage Directory /workdir/hadoop-ozone/integration-test/target/test-dir/MiniOzoneClusterImpl-ffb9f6fc-8aeb-40ae-a3cf-4369b53e790c/datanode-1/data/ratis/785e887a-b442-4c54-9e8c-b811e3feb0ff: created new log segment /workdir/hadoop-ozone/integration-test/target/test-dir/MiniOzoneClusterImpl-ffb9f6fc-8aeb-40ae-a3cf-4369b53e790c/datanode-1/data/ratis/785e887a-b442-4c54-9e8c-b811e3feb0ff/current/log_inprogress_0
2019-07-30 20:48:15,773 INFO  impl.FollowerState (FollowerState.java:run(106)) - 5f909b24-f0ea-4ba0-868d-f5894a228f85:group-E7D4D6A62F16 changes to CANDIDATE, lastRpcTime:5143, electionTimeout:5143ms
2019-07-30 20:48:15,774 INFO  impl.RoleInfo (RoleInfo.java:shutdownFollowerState(121)) - 5f909b24-f0ea-4ba0-868d-f5894a228f85: shutdown FollowerState
2019-07-30 20:48:15,774 INFO  impl.RaftServerImpl (RaftServerImpl.java:setRole(171)) - 5f909b24-f0ea-4ba0-868d-f5894a228f85:group-E7D4D6A62F16 changes role from FOLLOWER to CANDIDATE at term 0 for changeToCandidate
2019-07-30 20:48:15,774 INFO  impl.RoleInfo (RoleInfo.java:updateAndGet(143)) - 5f909b24-f0ea-4ba0-868d-f5894a228f85: start LeaderElection
2019-07-30 20:48:15,793 INFO  impl.LeaderElection (LeaderElection.java:askForVotes(181)) - 5f909b24-f0ea-4ba0-868d-f5894a228f85:group-E7D4D6A62F16:LeaderElection25: begin an election at term 1 for -1: [5f909b24-f0ea-4ba0-868d-f5894a228f85:192.168.69.110:35214], old=null
2019-07-30 20:48:15,793 INFO  impl.RoleInfo (RoleInfo.java:shutdownLeaderElection(134)) - 5f909b24-f0ea-4ba0-868d-f5894a228f85: shutdown LeaderElection
2019-07-30 20:48:15,793 INFO  impl.RaftServerImpl (RaftServerImpl.java:setRole(171)) - 5f909b24-f0ea-4ba0-868d-f5894a228f85:group-E7D4D6A62F16 changes role from CANDIDATE to LEADER at term 1 for changeToLeader
2019-07-30 20:48:15,793 INFO  impl.RaftServerImpl (ServerState.java:setLeader(263)) - 5f909b24-f0ea-4ba0-868d-f5894a228f85:group-E7D4D6A62F16 change Leader from null to 5f909b24-f0ea-4ba0-868d-f5894a228f85 at term 1 for becomeLeader, leader elected after 5166ms
2019-07-30 20:48:15,795 INFO  server.RaftServerConfigKeys (ConfUtils.java:logGet(43)) - raft.server.staging.catchup.gap = 1000 (default)
2019-07-30 20:48:15,795 INFO  server.RaftServerConfigKeys (ConfUtils.java:logGet(43)) - raft.server.rpc.sleep.time = 25ms (default)
2019-07-30 20:48:15,795 INFO  server.RaftServerConfigKeys (ConfUtils.java:logGet(43)) - raft.server.write.element-limit = 4096 (default)
2019-07-30 20:48:15,796 INFO  server.RaftServerConfigKeys (ConfUtils.java:logGet(43)) - raft.server.watch.timeout = 10s (default)
2019-07-30 20:48:15,796 INFO  server.RaftServerConfigKeys (ConfUtils.java:logGet(43)) - raft.server.watch.timeout.denomination = 1s (default)
2019-07-30 20:48:15,796 INFO  server.RaftServerConfigKeys (ConfUtils.java:logGet(43)) - raft.server.watch.element-limit = 65536 (default)
2019-07-30 20:48:15,796 INFO  impl.RoleInfo (RoleInfo.java:updateAndGet(143)) - 5f909b24-f0ea-4ba0-868d-f5894a228f85: start LeaderState
2019-07-30 20:48:15,796 INFO  segmented.SegmentedRaftLogWorker (SegmentedRaftLogWorker.java:startLogSegment(380)) - 5f909b24-f0ea-4ba0-868d-f5894a228f85-SegmentedRaftLogWorker:Storage Directory /workdir/hadoop-ozone/integration-test/target/test-dir/MiniOzoneClusterImpl-ffb9f6fc-8aeb-40ae-a3cf-4369b53e790c/datanode-3/data/ratis/cc5b76d6-7eb2-40da-916a-e7d4d6a62f16: Starting segment from index:0
2019-07-30 20:48:15,797 INFO  impl.RaftServerImpl (ServerState.java:setRaftConf(361)) - 5f909b24-f0ea-4ba0-868d-f5894a228f85:group-E7D4D6A62F16 set configuration 0: [5f909b24-f0ea-4ba0-868d-f5894a228f85:192.168.69.110:35214], old=null at 0
2019-07-30 20:48:15,843 INFO  segmented.SegmentedRaftLogWorker (SegmentedRaftLogWorker.java:execute(569)) - 5f909b24-f0ea-4ba0-868d-f5894a228f85-SegmentedRaftLogWorker:Storage Directory /workdir/hadoop-ozone/integration-test/target/test-dir/MiniOzoneClusterImpl-ffb9f6fc-8aeb-40ae-a3cf-4369b53e790c/datanode-3/data/ratis/cc5b76d6-7eb2-40da-916a-e7d4d6a62f16: created new log segment /workdir/hadoop-ozone/integration-test/target/test-dir/MiniOzoneClusterImpl-ffb9f6fc-8aeb-40ae-a3cf-4369b53e790c/datanode-3/data/ratis/cc5b76d6-7eb2-40da-916a-e7d4d6a62f16/current/log_inprogress_0
2019-07-30 20:48:16,144 INFO  impl.FollowerState (FollowerState.java:run(106)) - 1525dfdd-5dc8-4a44-94e3-3fda5b46bc14:group-DC50ED4B4C45 changes to CANDIDATE, lastRpcTime:5196, electionTimeout:5196ms
2019-07-30 20:48:16,144 INFO  impl.RoleInfo (RoleInfo.java:shutdownFollowerState(121)) - 1525dfdd-5dc8-4a44-94e3-3fda5b46bc14: shutdown FollowerState
2019-07-30 20:48:16,144 INFO  impl.RaftServerImpl (RaftServerImpl.java:setRole(171)) - 1525dfdd-5dc8-4a44-94e3-3fda5b46bc14:group-DC50ED4B4C45 changes role from FOLLOWER to CANDIDATE at term 0 for changeToCandidate
2019-07-30 20:48:16,145 INFO  impl.RoleInfo (RoleInfo.java:updateAndGet(143)) - 1525dfdd-5dc8-4a44-94e3-3fda5b46bc14: start LeaderElection
2019-07-30 20:48:16,177 INFO  impl.LeaderElection (LeaderElection.java:askForVotes(181)) - 1525dfdd-5dc8-4a44-94e3-3fda5b46bc14:group-DC50ED4B4C45:LeaderElection26: begin an election at term 1 for -1: [1525dfdd-5dc8-4a44-94e3-3fda5b46bc14:192.168.69.110:37178], old=null
2019-07-30 20:48:16,177 INFO  impl.RoleInfo (RoleInfo.java:shutdownLeaderElection(134)) - 1525dfdd-5dc8-4a44-94e3-3fda5b46bc14: shutdown LeaderElection
2019-07-30 20:48:16,177 INFO  impl.RaftServerImpl (RaftServerImpl.java:setRole(171)) - 1525dfdd-5dc8-4a44-94e3-3fda5b46bc14:group-DC50ED4B4C45 changes role from CANDIDATE to LEADER at term 1 for changeToLeader
2019-07-30 20:48:16,177 INFO  impl.RaftServerImpl (ServerState.java:setLeader(263)) - 1525dfdd-5dc8-4a44-94e3-3fda5b46bc14:group-DC50ED4B4C45 change Leader from null to 1525dfdd-5dc8-4a44-94e3-3fda5b46bc14 at term 1 for becomeLeader, leader elected after 5234ms
2019-07-30 20:48:16,179 INFO  server.RaftServerConfigKeys (ConfUtils.java:logGet(43)) - raft.server.staging.catchup.gap = 1000 (default)
2019-07-30 20:48:16,180 INFO  server.RaftServerConfigKeys (ConfUtils.java:logGet(43)) - raft.server.rpc.sleep.time = 25ms (default)
2019-07-30 20:48:16,180 INFO  server.RaftServerConfigKeys (ConfUtils.java:logGet(43)) - raft.server.write.element-limit = 4096 (default)
2019-07-30 20:48:16,180 INFO  server.RaftServerConfigKeys (ConfUtils.java:logGet(43)) - raft.server.watch.timeout = 10s (default)
2019-07-30 20:48:16,181 INFO  server.RaftServerConfigKeys (ConfUtils.java:logGet(43)) - raft.server.watch.timeout.denomination = 1s (default)
2019-07-30 20:48:16,181 INFO  server.RaftServerConfigKeys (ConfUtils.java:logGet(43)) - raft.server.watch.element-limit = 65536 (default)
2019-07-30 20:48:16,181 INFO  impl.RoleInfo (RoleInfo.java:updateAndGet(143)) - 1525dfdd-5dc8-4a44-94e3-3fda5b46bc14: start LeaderState
2019-07-30 20:48:16,182 INFO  segmented.SegmentedRaftLogWorker (SegmentedRaftLogWorker.java:startLogSegment(380)) - 1525dfdd-5dc8-4a44-94e3-3fda5b46bc14-SegmentedRaftLogWorker:Storage Directory /workdir/hadoop-ozone/integration-test/target/test-dir/MiniOzoneClusterImpl-ffb9f6fc-8aeb-40ae-a3cf-4369b53e790c/datanode-4/data/ratis/665d9380-73ff-48fd-b7a0-dc50ed4b4c45: Starting segment from index:0
2019-07-30 20:48:16,183 INFO  impl.RaftServerImpl (ServerState.java:setRaftConf(361)) - 1525dfdd-5dc8-4a44-94e3-3fda5b46bc14:group-DC50ED4B4C45 set configuration 0: [1525dfdd-5dc8-4a44-94e3-3fda5b46bc14:192.168.69.110:37178], old=null at 0
2019-07-30 20:48:16,206 INFO  impl.FollowerState (FollowerState.java:run(106)) - 7b88eab7-40d3-44f9-bba1-d355e9b397b1:group-E59733E078E6 changes to CANDIDATE, lastRpcTime:5086, electionTimeout:5086ms
2019-07-30 20:48:16,206 INFO  impl.RoleInfo (RoleInfo.java:shutdownFollowerState(121)) - 7b88eab7-40d3-44f9-bba1-d355e9b397b1: shutdown FollowerState
2019-07-30 20:48:16,206 INFO  impl.RaftServerImpl (RaftServerImpl.java:setRole(171)) - 7b88eab7-40d3-44f9-bba1-d355e9b397b1:group-E59733E078E6 changes role from FOLLOWER to CANDIDATE at term 0 for changeToCandidate
2019-07-30 20:48:16,206 INFO  impl.RoleInfo (RoleInfo.java:updateAndGet(143)) - 7b88eab7-40d3-44f9-bba1-d355e9b397b1: start LeaderElection
2019-07-30 20:48:16,219 INFO  segmented.SegmentedRaftLogWorker (SegmentedRaftLogWorker.java:execute(569)) - 1525dfdd-5dc8-4a44-94e3-3fda5b46bc14-SegmentedRaftLogWorker:Storage Directory /workdir/hadoop-ozone/integration-test/target/test-dir/MiniOzoneClusterImpl-ffb9f6fc-8aeb-40ae-a3cf-4369b53e790c/datanode-4/data/ratis/665d9380-73ff-48fd-b7a0-dc50ed4b4c45: created new log segment /workdir/hadoop-ozone/integration-test/target/test-dir/MiniOzoneClusterImpl-ffb9f6fc-8aeb-40ae-a3cf-4369b53e790c/datanode-4/data/ratis/665d9380-73ff-48fd-b7a0-dc50ed4b4c45/current/log_inprogress_0
2019-07-30 20:48:16,221 INFO  impl.LeaderElection (LeaderElection.java:askForVotes(181)) - 7b88eab7-40d3-44f9-bba1-d355e9b397b1:group-E59733E078E6:LeaderElection27: begin an election at term 1 for -1: [7b88eab7-40d3-44f9-bba1-d355e9b397b1:192.168.69.110:44759], old=null
2019-07-30 20:48:16,222 INFO  impl.RoleInfo (RoleInfo.java:shutdownLeaderElection(134)) - 7b88eab7-40d3-44f9-bba1-d355e9b397b1: shutdown LeaderElection
2019-07-30 20:48:16,222 INFO  impl.RaftServerImpl (RaftServerImpl.java:setRole(171)) - 7b88eab7-40d3-44f9-bba1-d355e9b397b1:group-E59733E078E6 changes role from CANDIDATE to LEADER at term 1 for changeToLeader
2019-07-30 20:48:16,222 INFO  impl.RaftServerImpl (ServerState.java:setLeader(263)) - 7b88eab7-40d3-44f9-bba1-d355e9b397b1:group-E59733E078E6 change Leader from null to 7b88eab7-40d3-44f9-bba1-d355e9b397b1 at term 1 for becomeLeader, leader elected after 5107ms
2019-07-30 20:48:16,223 INFO  server.RaftServerConfigKeys (ConfUtils.java:logGet(43)) - raft.server.staging.catchup.gap = 1000 (default)
2019-07-30 20:48:16,224 INFO  server.RaftServerConfigKeys (ConfUtils.java:logGet(43)) - raft.server.rpc.sleep.time = 25ms (default)
2019-07-30 20:48:16,224 INFO  server.RaftServerConfigKeys (ConfUtils.java:logGet(43)) - raft.server.write.element-limit = 4096 (default)
2019-07-30 20:48:16,224 INFO  server.RaftServerConfigKeys (ConfUtils.java:logGet(43)) - raft.server.watch.timeout = 10s (default)
2019-07-30 20:48:16,224 INFO  server.RaftServerConfigKeys (ConfUtils.java:logGet(43)) - raft.server.watch.timeout.denomination = 1s (default)
2019-07-30 20:48:16,224 INFO  server.RaftServerConfigKeys (ConfUtils.java:logGet(43)) - raft.server.watch.element-limit = 65536 (default)
2019-07-30 20:48:16,224 INFO  impl.RoleInfo (RoleInfo.java:updateAndGet(143)) - 7b88eab7-40d3-44f9-bba1-d355e9b397b1: start LeaderState
2019-07-30 20:48:16,224 INFO  segmented.SegmentedRaftLogWorker (SegmentedRaftLogWorker.java:startLogSegment(380)) - 7b88eab7-40d3-44f9-bba1-d355e9b397b1-SegmentedRaftLogWorker:Storage Directory /workdir/hadoop-ozone/integration-test/target/test-dir/MiniOzoneClusterImpl-ffb9f6fc-8aeb-40ae-a3cf-4369b53e790c/datanode-5/data/ratis/f56f628c-fe4c-4740-beaa-e59733e078e6: Starting segment from index:0
2019-07-30 20:48:16,225 INFO  impl.RaftServerImpl (ServerState.java:setRaftConf(361)) - 7b88eab7-40d3-44f9-bba1-d355e9b397b1:group-E59733E078E6 set configuration 0: [7b88eab7-40d3-44f9-bba1-d355e9b397b1:192.168.69.110:44759], old=null at 0
2019-07-30 20:48:16,239 INFO  impl.FollowerState (FollowerState.java:run(106)) - 7b88eab7-40d3-44f9-bba1-d355e9b397b1:group-483AF7B15048 changes to CANDIDATE, lastRpcTime:5042, electionTimeout:5029ms
2019-07-30 20:48:16,239 INFO  impl.RoleInfo (RoleInfo.java:shutdownFollowerState(121)) - 7b88eab7-40d3-44f9-bba1-d355e9b397b1: shutdown FollowerState
2019-07-30 20:48:16,239 INFO  impl.RaftServerImpl (RaftServerImpl.java:setRole(171)) - 7b88eab7-40d3-44f9-bba1-d355e9b397b1:group-483AF7B15048 changes role from FOLLOWER to CANDIDATE at term 0 for changeToCandidate
2019-07-30 20:48:16,239 INFO  impl.RoleInfo (RoleInfo.java:updateAndGet(143)) - 7b88eab7-40d3-44f9-bba1-d355e9b397b1: start LeaderElection
2019-07-30 20:48:16,253 INFO  segmented.SegmentedRaftLogWorker (SegmentedRaftLogWorker.java:execute(569)) - 7b88eab7-40d3-44f9-bba1-d355e9b397b1-SegmentedRaftLogWorker:Storage Directory /workdir/hadoop-ozone/integration-test/target/test-dir/MiniOzoneClusterImpl-ffb9f6fc-8aeb-40ae-a3cf-4369b53e790c/datanode-5/data/ratis/f56f628c-fe4c-4740-beaa-e59733e078e6: created new log segment /workdir/hadoop-ozone/integration-test/target/test-dir/MiniOzoneClusterImpl-ffb9f6fc-8aeb-40ae-a3cf-4369b53e790c/datanode-5/data/ratis/f56f628c-fe4c-4740-beaa-e59733e078e6/current/log_inprogress_0
2019-07-30 20:48:16,253 INFO  impl.LeaderElection (LeaderElection.java:askForVotes(181)) - 7b88eab7-40d3-44f9-bba1-d355e9b397b1:group-483AF7B15048:LeaderElection28: begin an election at term 1 for -1: [5f909b24-f0ea-4ba0-868d-f5894a228f85:192.168.69.110:35214, 7b88eab7-40d3-44f9-bba1-d355e9b397b1:192.168.69.110:44759, 1525dfdd-5dc8-4a44-94e3-3fda5b46bc14:192.168.69.110:37178], old=null
2019-07-30 20:48:16,258 INFO  impl.RaftServerImpl (RaftServerImpl.java:setRole(171)) - 5f909b24-f0ea-4ba0-868d-f5894a228f85:group-483AF7B15048 changes role from FOLLOWER to FOLLOWER at term 1 for recognizeCandidate:7b88eab7-40d3-44f9-bba1-d355e9b397b1
2019-07-30 20:48:16,260 INFO  impl.RoleInfo (RoleInfo.java:shutdownFollowerState(121)) - 5f909b24-f0ea-4ba0-868d-f5894a228f85: shutdown FollowerState
2019-07-30 20:48:16,260 INFO  impl.RaftServerImpl (RaftServerImpl.java:setRole(171)) - 1525dfdd-5dc8-4a44-94e3-3fda5b46bc14:group-483AF7B15048 changes role from FOLLOWER to FOLLOWER at term 1 for recognizeCandidate:7b88eab7-40d3-44f9-bba1-d355e9b397b1
2019-07-30 20:48:16,261 INFO  impl.FollowerState (FollowerState.java:run(114)) - 5f909b24-f0ea-4ba0-868d-f5894a228f85: FollowerState was interrupted: java.lang.InterruptedException: sleep interrupted
2019-07-30 20:48:16,260 INFO  impl.RoleInfo (RoleInfo.java:updateAndGet(143)) - 5f909b24-f0ea-4ba0-868d-f5894a228f85: start FollowerState
2019-07-30 20:48:16,261 INFO  impl.RoleInfo (RoleInfo.java:shutdownFollowerState(121)) - 1525dfdd-5dc8-4a44-94e3-3fda5b46bc14: shutdown FollowerState
2019-07-30 20:48:16,263 INFO  impl.RoleInfo (RoleInfo.java:updateAndGet(143)) - 1525dfdd-5dc8-4a44-94e3-3fda5b46bc14: start FollowerState
2019-07-30 20:48:16,263 INFO  impl.FollowerState (FollowerState.java:run(114)) - 1525dfdd-5dc8-4a44-94e3-3fda5b46bc14: FollowerState was interrupted: java.lang.InterruptedException: sleep interrupted
2019-07-30 20:48:16,269 INFO  impl.LeaderElection (LeaderElection.java:logAndReturn(56)) - 7b88eab7-40d3-44f9-bba1-d355e9b397b1:group-483AF7B15048:LeaderElection28: Election PASSED; received 1 response(s) [7b88eab7-40d3-44f9-bba1-d355e9b397b1<-1525dfdd-5dc8-4a44-94e3-3fda5b46bc14#0:OK-t1] and 0 exception(s); 7b88eab7-40d3-44f9-bba1-d355e9b397b1:t1, leader=null, voted=7b88eab7-40d3-44f9-bba1-d355e9b397b1, raftlog=7b88eab7-40d3-44f9-bba1-d355e9b397b1-SegmentedRaftLog:OPENED:c-1,f-1,i0, conf=-1: [5f909b24-f0ea-4ba0-868d-f5894a228f85:192.168.69.110:35214, 7b88eab7-40d3-44f9-bba1-d355e9b397b1:192.168.69.110:44759, 1525dfdd-5dc8-4a44-94e3-3fda5b46bc14:192.168.69.110:37178], old=null
2019-07-30 20:48:16,269 INFO  impl.RoleInfo (RoleInfo.java:shutdownLeaderElection(134)) - 7b88eab7-40d3-44f9-bba1-d355e9b397b1: shutdown LeaderElection
2019-07-30 20:48:16,269 INFO  impl.RaftServerImpl (RaftServerImpl.java:setRole(171)) - 7b88eab7-40d3-44f9-bba1-d355e9b397b1:group-483AF7B15048 changes role from CANDIDATE to LEADER at term 1 for changeToLeader
2019-07-30 20:48:16,270 INFO  impl.RaftServerImpl (ServerState.java:setLeader(263)) - 7b88eab7-40d3-44f9-bba1-d355e9b397b1:group-483AF7B15048 change Leader from null to 7b88eab7-40d3-44f9-bba1-d355e9b397b1 at term 1 for becomeLeader, leader elected after 5085ms
2019-07-30 20:48:16,270 INFO  server.RaftServerConfigKeys (ConfUtils.java:logGet(43)) - raft.server.staging.catchup.gap = 1000 (default)
2019-07-30 20:48:16,270 INFO  server.RaftServerConfigKeys (ConfUtils.java:logGet(43)) - raft.server.rpc.sleep.time = 25ms (default)
2019-07-30 20:48:16,270 INFO  server.RaftServerConfigKeys (ConfUtils.java:logGet(43)) - raft.server.write.element-limit = 4096 (default)
2019-07-30 20:48:16,270 INFO  server.RaftServerConfigKeys (ConfUtils.java:logGet(43)) - raft.server.watch.timeout = 10s (default)
2019-07-30 20:48:16,270 INFO  server.RaftServerConfigKeys (ConfUtils.java:logGet(43)) - raft.server.watch.timeout.denomination = 1s (default)
2019-07-30 20:48:16,271 INFO  server.RaftServerConfigKeys (ConfUtils.java:logGet(43)) - raft.server.watch.element-limit = 65536 (default)
2019-07-30 20:48:16,271 INFO  server.RaftServerConfigKeys (ConfUtils.java:logGet(43)) - raft.server.log.appender.snapshot.chunk.size.max = 16MB (=16777216) (default)
2019-07-30 20:48:16,271 INFO  server.RaftServerConfigKeys (ConfUtils.java:logGet(43)) - raft.server.log.appender.buffer.byte-limit = 33554432 (custom)
2019-07-30 20:48:16,271 INFO  server.RaftServerConfigKeys (ConfUtils.java:logGet(43)) - raft.server.log.appender.buffer.element-limit = 1 (custom)
2019-07-30 20:48:16,271 INFO  grpc.GrpcConfigKeys$Server (ConfUtils.java:logGet(43)) - raft.grpc.server.leader.outstanding.appends.max = 128 (default)
2019-07-30 20:48:16,272 INFO  server.RaftServerConfigKeys (ConfUtils.java:logGet(43)) - raft.server.rpc.request.timeout = 3000ms (default)
2019-07-30 20:48:16,272 INFO  server.RaftServerConfigKeys (ConfUtils.java:logGet(43)) - raft.server.log.appender.install.snapshot.enabled = false (custom)
2019-07-30 20:48:16,272 INFO  server.RaftServerConfigKeys (ConfUtils.java:logGet(43)) - raft.server.log.appender.snapshot.chunk.size.max = 16MB (=16777216) (default)
2019-07-30 20:48:16,272 INFO  server.RaftServerConfigKeys (ConfUtils.java:logGet(43)) - raft.server.log.appender.buffer.byte-limit = 33554432 (custom)
2019-07-30 20:48:16,272 INFO  server.RaftServerConfigKeys (ConfUtils.java:logGet(43)) - raft.server.log.appender.buffer.element-limit = 1 (custom)
2019-07-30 20:48:16,273 INFO  grpc.GrpcConfigKeys$Server (ConfUtils.java:logGet(43)) - raft.grpc.server.leader.outstanding.appends.max = 128 (default)
2019-07-30 20:48:16,273 INFO  server.RaftServerConfigKeys (ConfUtils.java:logGet(43)) - raft.server.rpc.request.timeout = 3000ms (default)
2019-07-30 20:48:16,273 INFO  server.RaftServerConfigKeys (ConfUtils.java:logGet(43)) - raft.server.log.appender.install.snapshot.enabled = false (custom)
2019-07-30 20:48:16,273 INFO  impl.RoleInfo (RoleInfo.java:updateAndGet(143)) - 7b88eab7-40d3-44f9-bba1-d355e9b397b1: start LeaderState
2019-07-30 20:48:16,273 INFO  segmented.SegmentedRaftLogWorker (SegmentedRaftLogWorker.java:startLogSegment(380)) - 7b88eab7-40d3-44f9-bba1-d355e9b397b1-SegmentedRaftLogWorker:Storage Directory /workdir/hadoop-ozone/integration-test/target/test-dir/MiniOzoneClusterImpl-ffb9f6fc-8aeb-40ae-a3cf-4369b53e790c/datanode-5/data/ratis/9df57ef9-ade1-4eb5-813f-483af7b15048: Starting segment from index:0
2019-07-30 20:48:16,276 INFO  impl.RaftServerImpl (ServerState.java:setRaftConf(361)) - 7b88eab7-40d3-44f9-bba1-d355e9b397b1:group-483AF7B15048 set configuration 0: [5f909b24-f0ea-4ba0-868d-f5894a228f85:192.168.69.110:35214, 7b88eab7-40d3-44f9-bba1-d355e9b397b1:192.168.69.110:44759, 1525dfdd-5dc8-4a44-94e3-3fda5b46bc14:192.168.69.110:37178], old=null at 0
2019-07-30 20:48:16,277 INFO  impl.RaftServerImpl (ServerState.java:setLeader(263)) - 1525dfdd-5dc8-4a44-94e3-3fda5b46bc14:group-483AF7B15048 change Leader from null to 7b88eab7-40d3-44f9-bba1-d355e9b397b1 at term 1 for appendEntries, leader elected after 5094ms
2019-07-30 20:48:16,278 INFO  impl.RaftServerImpl (ServerState.java:setLeader(263)) - 5f909b24-f0ea-4ba0-868d-f5894a228f85:group-483AF7B15048 change Leader from null to 7b88eab7-40d3-44f9-bba1-d355e9b397b1 at term 1 for appendEntries, leader elected after 5093ms
2019-07-30 20:48:16,291 INFO  impl.RaftServerImpl (ServerState.java:setRaftConf(361)) - 1525dfdd-5dc8-4a44-94e3-3fda5b46bc14:group-483AF7B15048 set configuration 0: [5f909b24-f0ea-4ba0-868d-f5894a228f85:192.168.69.110:35214, 7b88eab7-40d3-44f9-bba1-d355e9b397b1:192.168.69.110:44759, 1525dfdd-5dc8-4a44-94e3-3fda5b46bc14:192.168.69.110:37178], old=null at 0
2019-07-30 20:48:16,291 INFO  segmented.SegmentedRaftLogWorker (SegmentedRaftLogWorker.java:startLogSegment(380)) - 1525dfdd-5dc8-4a44-94e3-3fda5b46bc14-SegmentedRaftLogWorker:Storage Directory /workdir/hadoop-ozone/integration-test/target/test-dir/MiniOzoneClusterImpl-ffb9f6fc-8aeb-40ae-a3cf-4369b53e790c/datanode-4/data/ratis/9df57ef9-ade1-4eb5-813f-483af7b15048: Starting segment from index:0
2019-07-30 20:48:16,291 INFO  impl.RaftServerImpl (ServerState.java:setRaftConf(361)) - 5f909b24-f0ea-4ba0-868d-f5894a228f85:group-483AF7B15048 set configuration 0: [5f909b24-f0ea-4ba0-868d-f5894a228f85:192.168.69.110:35214, 7b88eab7-40d3-44f9-bba1-d355e9b397b1:192.168.69.110:44759, 1525dfdd-5dc8-4a44-94e3-3fda5b46bc14:192.168.69.110:37178], old=null at 0
2019-07-30 20:48:16,292 INFO  segmented.SegmentedRaftLogWorker (SegmentedRaftLogWorker.java:startLogSegment(380)) - 5f909b24-f0ea-4ba0-868d-f5894a228f85-SegmentedRaftLogWorker:Storage Directory /workdir/hadoop-ozone/integration-test/target/test-dir/MiniOzoneClusterImpl-ffb9f6fc-8aeb-40ae-a3cf-4369b53e790c/datanode-3/data/ratis/9df57ef9-ade1-4eb5-813f-483af7b15048: Starting segment from index:0
2019-07-30 20:48:16,300 INFO  segmented.SegmentedRaftLogWorker (SegmentedRaftLogWorker.java:execute(569)) - 7b88eab7-40d3-44f9-bba1-d355e9b397b1-SegmentedRaftLogWorker:Storage Directory /workdir/hadoop-ozone/integration-test/target/test-dir/MiniOzoneClusterImpl-ffb9f6fc-8aeb-40ae-a3cf-4369b53e790c/datanode-5/data/ratis/9df57ef9-ade1-4eb5-813f-483af7b15048: created new log segment /workdir/hadoop-ozone/integration-test/target/test-dir/MiniOzoneClusterImpl-ffb9f6fc-8aeb-40ae-a3cf-4369b53e790c/datanode-5/data/ratis/9df57ef9-ade1-4eb5-813f-483af7b15048/current/log_inprogress_0
2019-07-30 20:48:16,314 INFO  segmented.SegmentedRaftLogWorker (SegmentedRaftLogWorker.java:execute(569)) - 5f909b24-f0ea-4ba0-868d-f5894a228f85-SegmentedRaftLogWorker:Storage Directory /workdir/hadoop-ozone/integration-test/target/test-dir/MiniOzoneClusterImpl-ffb9f6fc-8aeb-40ae-a3cf-4369b53e790c/datanode-3/data/ratis/9df57ef9-ade1-4eb5-813f-483af7b15048: created new log segment /workdir/hadoop-ozone/integration-test/target/test-dir/MiniOzoneClusterImpl-ffb9f6fc-8aeb-40ae-a3cf-4369b53e790c/datanode-3/data/ratis/9df57ef9-ade1-4eb5-813f-483af7b15048/current/log_inprogress_0
2019-07-30 20:48:16,314 INFO  segmented.SegmentedRaftLogWorker (SegmentedRaftLogWorker.java:execute(569)) - 1525dfdd-5dc8-4a44-94e3-3fda5b46bc14-SegmentedRaftLogWorker:Storage Directory /workdir/hadoop-ozone/integration-test/target/test-dir/MiniOzoneClusterImpl-ffb9f6fc-8aeb-40ae-a3cf-4369b53e790c/datanode-4/data/ratis/9df57ef9-ade1-4eb5-813f-483af7b15048: created new log segment /workdir/hadoop-ozone/integration-test/target/test-dir/MiniOzoneClusterImpl-ffb9f6fc-8aeb-40ae-a3cf-4369b53e790c/datanode-4/data/ratis/9df57ef9-ade1-4eb5-813f-483af7b15048/current/log_inprogress_0
2019-07-30 20:48:16,355 INFO  impl.FollowerState (FollowerState.java:run(106)) - 56ded81d-987f-49f2-aa9f-9899037f588d:group-CBB4F19A3CAE changes to CANDIDATE, lastRpcTime:5056, electionTimeout:5056ms
2019-07-30 20:48:16,355 INFO  impl.RoleInfo (RoleInfo.java:shutdownFollowerState(121)) - 56ded81d-987f-49f2-aa9f-9899037f588d: shutdown FollowerState
2019-07-30 20:48:16,355 INFO  impl.RaftServerImpl (RaftServerImpl.java:setRole(171)) - 56ded81d-987f-49f2-aa9f-9899037f588d:group-CBB4F19A3CAE changes role from FOLLOWER to CANDIDATE at term 0 for changeToCandidate
2019-07-30 20:48:16,355 INFO  impl.RoleInfo (RoleInfo.java:updateAndGet(143)) - 56ded81d-987f-49f2-aa9f-9899037f588d: start LeaderElection
2019-07-30 20:48:16,374 INFO  impl.LeaderElection (LeaderElection.java:askForVotes(181)) - 56ded81d-987f-49f2-aa9f-9899037f588d:group-CBB4F19A3CAE:LeaderElection29: begin an election at term 1 for -1: [56ded81d-987f-49f2-aa9f-9899037f588d:192.168.69.110:33051], old=null
2019-07-30 20:48:16,374 INFO  impl.RoleInfo (RoleInfo.java:shutdownLeaderElection(134)) - 56ded81d-987f-49f2-aa9f-9899037f588d: shutdown LeaderElection
2019-07-30 20:48:16,374 INFO  impl.RaftServerImpl (RaftServerImpl.java:setRole(171)) - 56ded81d-987f-49f2-aa9f-9899037f588d:group-CBB4F19A3CAE changes role from CANDIDATE to LEADER at term 1 for changeToLeader
2019-07-30 20:48:16,374 INFO  impl.RaftServerImpl (ServerState.java:setLeader(263)) - 56ded81d-987f-49f2-aa9f-9899037f588d:group-CBB4F19A3CAE change Leader from null to 56ded81d-987f-49f2-aa9f-9899037f588d at term 1 for becomeLeader, leader elected after 5080ms
2019-07-30 20:48:16,381 INFO  server.RaftServerConfigKeys (ConfUtils.java:logGet(43)) - raft.server.staging.catchup.gap = 1000 (default)
2019-07-30 20:48:16,381 INFO  server.RaftServerConfigKeys (ConfUtils.java:logGet(43)) - raft.server.rpc.sleep.time = 25ms (default)
2019-07-30 20:48:16,381 INFO  server.RaftServerConfigKeys (ConfUtils.java:logGet(43)) - raft.server.write.element-limit = 4096 (default)
2019-07-30 20:48:16,381 INFO  server.RaftServerConfigKeys (ConfUtils.java:logGet(43)) - raft.server.watch.timeout = 10s (default)
2019-07-30 20:48:16,381 INFO  server.RaftServerConfigKeys (ConfUtils.java:logGet(43)) - raft.server.watch.timeout.denomination = 1s (default)
2019-07-30 20:48:16,381 INFO  server.RaftServerConfigKeys (ConfUtils.java:logGet(43)) - raft.server.watch.element-limit = 65536 (default)
2019-07-30 20:48:16,382 INFO  impl.RoleInfo (RoleInfo.java:updateAndGet(143)) - 56ded81d-987f-49f2-aa9f-9899037f588d: start LeaderState
2019-07-30 20:48:16,382 INFO  segmented.SegmentedRaftLogWorker (SegmentedRaftLogWorker.java:startLogSegment(380)) - 56ded81d-987f-49f2-aa9f-9899037f588d-SegmentedRaftLogWorker:Storage Directory /workdir/hadoop-ozone/integration-test/target/test-dir/MiniOzoneClusterImpl-ffb9f6fc-8aeb-40ae-a3cf-4369b53e790c/datanode-6/data/ratis/106d7baa-4bc1-498c-8b6a-cbb4f19a3cae: Starting segment from index:0
2019-07-30 20:48:16,382 INFO  impl.RaftServerImpl (ServerState.java:setRaftConf(361)) - 56ded81d-987f-49f2-aa9f-9899037f588d:group-CBB4F19A3CAE set configuration 0: [56ded81d-987f-49f2-aa9f-9899037f588d:192.168.69.110:33051], old=null at 0
2019-07-30 20:48:16,414 INFO  segmented.SegmentedRaftLogWorker (SegmentedRaftLogWorker.java:execute(569)) - 56ded81d-987f-49f2-aa9f-9899037f588d-SegmentedRaftLogWorker:Storage Directory /workdir/hadoop-ozone/integration-test/target/test-dir/MiniOzoneClusterImpl-ffb9f6fc-8aeb-40ae-a3cf-4369b53e790c/datanode-6/data/ratis/106d7baa-4bc1-498c-8b6a-cbb4f19a3cae: created new log segment /workdir/hadoop-ozone/integration-test/target/test-dir/MiniOzoneClusterImpl-ffb9f6fc-8aeb-40ae-a3cf-4369b53e790c/datanode-6/data/ratis/106d7baa-4bc1-498c-8b6a-cbb4f19a3cae/current/log_inprogress_0
2019-07-30 20:48:16,467 INFO  client.GrpcClientProtocolClient (GrpcClientProtocolClient.java:onNext(255)) - client-041E15FC1ECB->5f909b24-f0ea-4ba0-868d-f5894a228f85: receive RaftClientReply:client-041E15FC1ECB->5f909b24-f0ea-4ba0-868d-f5894a228f85@group-483AF7B15048, cid=42, FAILED org.apache.ratis.protocol.NotLeaderException: Server 5f909b24-f0ea-4ba0-868d-f5894a228f85 is not the leader (7b88eab7-40d3-44f9-bba1-d355e9b397b1:192.168.69.110:44759). Request must be sent to leader., logIndex=0, commits[5f909b24-f0ea-4ba0-868d-f5894a228f85:c-1, 7b88eab7-40d3-44f9-bba1-d355e9b397b1:c-1, 1525dfdd-5dc8-4a44-94e3-3fda5b46bc14:c-1]
2019-07-30 20:48:16,603 INFO  client.GrpcClientProtocolClient (GrpcClientProtocolClient.java:onNext(255)) - client-041E15FC1ECB->7b88eab7-40d3-44f9-bba1-d355e9b397b1: receive RaftClientReply:client-041E15FC1ECB->7b88eab7-40d3-44f9-bba1-d355e9b397b1@group-483AF7B15048, cid=42, SUCCESS, logIndex=1, commits[7b88eab7-40d3-44f9-bba1-d355e9b397b1:c2, 5f909b24-f0ea-4ba0-868d-f5894a228f85:c1, 1525dfdd-5dc8-4a44-94e3-3fda5b46bc14:c1]
2019-07-30 20:48:16,747 INFO  client.GrpcClientProtocolClient (GrpcClientProtocolClient.java:onNext(255)) - client-F277F84A4AED->dcad888a-df6c-4c16-bef6-cf79b44ac70c: receive RaftClientReply:client-F277F84A4AED->dcad888a-df6c-4c16-bef6-cf79b44ac70c@group-B811E3FEB0FF, cid=43, SUCCESS, logIndex=1, commits[dcad888a-df6c-4c16-bef6-cf79b44ac70c:c2, 67fd0bb5-c0c1-4bfc-aa43-3afedda70e00:c1, 98ff2f46-1f4c-4fab-a607-9a6eaf75105d:c1]
2019-07-30 20:48:16,766 INFO  keyvalue.KeyValueHandler (ContainerUtils.java:logAndReturnError(146)) - Operation: CreateContainer : Trace ID: 36f0ff7842e18f78:36f0ff7842e18f78:0:0 : Message: Container creation failed, due to disk out of space : Result: DISK_OUT_OF_SPACE
2019-07-30 20:48:16,777 INFO  keyvalue.KeyValueHandler (ContainerUtils.java:logAndReturnError(146)) - Operation: CreateContainer : Trace ID: 36f0ff7842e18f78:36f0ff7842e18f78:0:0 : Message: Container creation failed, due to disk out of space : Result: DISK_OUT_OF_SPACE
2019-07-30 20:48:16,778 INFO  client.GrpcClientProtocolClient (GrpcClientProtocolClient.java:onNext(255)) - client-F277F84A4AED->dcad888a-df6c-4c16-bef6-cf79b44ac70c: receive RaftClientReply:client-F277F84A4AED->dcad888a-df6c-4c16-bef6-cf79b44ac70c@group-B811E3FEB0FF, cid=44, FAILED org.apache.ratis.protocol.StateMachineException: java.util.concurrent.CompletionException: java.lang.NullPointerException, logIndex=3, commits[dcad888a-df6c-4c16-bef6-cf79b44ac70c:c3, 67fd0bb5-c0c1-4bfc-aa43-3afedda70e00:c2, 98ff2f46-1f4c-4fab-a607-9a6eaf75105d:c2]
2019-07-30 20:48:16,779 INFO  keyvalue.KeyValueHandler (ContainerUtils.java:logAndReturnError(146)) - Operation: CreateContainer : Trace ID: 36f0ff7842e18f78:36f0ff7842e18f78:0:0 : Message: Container creation failed, due to disk out of space : Result: DISK_OUT_OF_SPACE
2019-07-30 20:48:16,782 INFO  ozone.MiniOzoneClusterImpl (MiniOzoneClusterImpl.java:shutdown(321)) - Shutting down the Mini Ozone Cluster
2019-07-30 20:48:16,782 INFO  ozone.MiniOzoneClusterImpl (MiniOzoneClusterImpl.java:stop(336)) - Stopping the Mini Ozone Cluster
2019-07-30 20:48:16,782 INFO  ozone.MiniOzoneClusterImpl (MiniOzoneClusterImpl.java:stop(338)) - Stopping the OzoneManager
2019-07-30 20:48:16,783 INFO  ipc.Server (Server.java:stop(3082)) - Stopping server on 33352
2019-07-30 20:48:16,789 INFO  ipc.Server (Server.java:run(1185)) - Stopping IPC Server listener on 33352
2019-07-30 20:48:16,795 INFO  ipc.Server (Server.java:run(1319)) - Stopping IPC Server Responder
2019-07-30 20:48:16,793 INFO  utils.BackgroundService (BackgroundService.java:shutdown(148)) - Shutting down service KeyDeletingService
2019-07-30 20:48:16,811 INFO  handler.ContextHandler (ContextHandler.java:doStop(910)) - Stopped o.e.j.w.WebAppContext@43deba42{/,null,UNAVAILABLE}{/ozoneManager}
2019-07-30 20:48:16,812 INFO  server.AbstractConnector (AbstractConnector.java:doStop(318)) - Stopped ServerConnector@e795a1d{HTTP/1.1,[http/1.1]}{0.0.0.0:0}
2019-07-30 20:48:16,812 INFO  handler.ContextHandler (ContextHandler.java:doStop(910)) - Stopped o.e.j.s.ServletContextHandler@d1c5cf2{/static,file:///workdir/hadoop-ozone/integration-test/target/test-classes/webapps/static,UNAVAILABLE}
2019-07-30 20:48:16,812 INFO  handler.ContextHandler (ContextHandler.java:doStop(910)) - Stopped o.e.j.s.ServletContextHandler@300bb303{/logs,file:///workdir/hadoop-ozone/integration-test/target/log,UNAVAILABLE}
2019-07-30 20:48:16,826 INFO  ozone.MiniOzoneClusterImpl (MiniOzoneClusterImpl.java:stop(344)) - Shutting the HddsDatanodes
2019-07-30 20:48:16,826 INFO  datanode.ObjectStoreHandler (ObjectStoreHandler.java:close(155)) - Closing ObjectStoreHandler.
2019-07-30 20:48:16,827 INFO  datanode.ObjectStoreHandler (ObjectStoreHandler.java:close(155)) - Closing ObjectStoreHandler.
2019-07-30 20:48:16,828 INFO  ozone.HddsDatanodeService (HddsDatanodeService.java:stop(451)) - Stopped plug-in org.apache.hadoop.ozone.web.OzoneHddsDatanodeService@4213bc3e
2019-07-30 20:48:16,828 INFO  ozone.HddsDatanodeService (HddsDatanodeService.java:stop(451)) - Stopped plug-in org.apache.hadoop.ozone.web.OzoneHddsDatanodeService@1aeff8ca
2019-07-30 20:48:17,631 INFO  statemachine.DatanodeStateMachine (DatanodeStateMachine.java:lambda$startDaemon$0(350)) - Ozone container server started.
2019-07-30 20:48:17,741 INFO  statemachine.DatanodeStateMachine (DatanodeStateMachine.java:lambda$startDaemon$0(350)) - Ozone container server started.
2019-07-30 20:48:21,829 INFO  ozoneimpl.OzoneContainer (OzoneContainer.java:stop(199)) - Attempting to stop container services.
2019-07-30 20:48:21,829 INFO  ozoneimpl.OzoneContainer (OzoneContainer.java:stop(199)) - Attempting to stop container services.
2019-07-30 20:48:21,830 INFO  impl.RaftServerProxy (RaftServerProxy.java:lambda$close$4(314)) - 98ff2f46-1f4c-4fab-a607-9a6eaf75105d: close
2019-07-30 20:48:21,830 INFO  impl.RaftServerProxy (RaftServerProxy.java:lambda$close$4(314)) - 1525dfdd-5dc8-4a44-94e3-3fda5b46bc14: close
2019-07-30 20:48:21,831 INFO  impl.RaftServerImpl (RaftServerImpl.java:lambda$shutdown$3(245)) - 98ff2f46-1f4c-4fab-a607-9a6eaf75105d: shutdown group-3084DE2060AE
2019-07-30 20:48:21,831 INFO  impl.RaftServerImpl (RaftServerImpl.java:lambda$shutdown$3(245)) - 1525dfdd-5dc8-4a44-94e3-3fda5b46bc14: shutdown group-DC50ED4B4C45
2019-07-30 20:48:21,831 INFO  util.JmxRegister (JmxRegister.java:unregister(73)) - Successfully un-registered JMX Bean with object name Ratis:service=RaftServer,group=group-3084DE2060AE,id=98ff2f46-1f4c-4fab-a607-9a6eaf75105d
2019-07-30 20:48:21,832 INFO  util.JmxRegister (JmxRegister.java:unregister(73)) - Successfully un-registered JMX Bean with object name Ratis:service=RaftServer,group=group-DC50ED4B4C45,id=1525dfdd-5dc8-4a44-94e3-3fda5b46bc14
2019-07-30 20:48:21,832 INFO  impl.RoleInfo (RoleInfo.java:shutdownLeaderState(104)) - 98ff2f46-1f4c-4fab-a607-9a6eaf75105d: shutdown LeaderState
2019-07-30 20:48:21,832 INFO  impl.RoleInfo (RoleInfo.java:shutdownLeaderState(104)) - 1525dfdd-5dc8-4a44-94e3-3fda5b46bc14: shutdown LeaderState
2019-07-30 20:48:21,833 INFO  impl.PendingRequests (PendingRequests.java:sendNotLeaderResponses(202)) - 98ff2f46-1f4c-4fab-a607-9a6eaf75105d-PendingRequests: sendNotLeaderResponses
2019-07-30 20:48:21,833 INFO  impl.PendingRequests (PendingRequests.java:sendNotLeaderResponses(202)) - 1525dfdd-5dc8-4a44-94e3-3fda5b46bc14-PendingRequests: sendNotLeaderResponses
2019-07-30 20:48:21,833 INFO  impl.StateMachineUpdater (StateMachineUpdater.java:stopAndJoin(115)) - StateMachineUpdater:98ff2f46-1f4c-4fab-a607-9a6eaf75105d:group-3084DE2060AE: set stopIndex = 0
2019-07-30 20:48:21,834 INFO  impl.StateMachineUpdater (StateMachineUpdater.java:stopAndJoin(115)) - StateMachineUpdater:1525dfdd-5dc8-4a44-94e3-3fda5b46bc14:group-DC50ED4B4C45: set stopIndex = 0
2019-07-30 20:48:21,834 INFO  impl.RaftServerImpl (ServerState.java:close(394)) - 98ff2f46-1f4c-4fab-a607-9a6eaf75105d:group-3084DE2060AE closes. The last applied log index is 0
2019-07-30 20:48:21,834 INFO  impl.RaftServerImpl (ServerState.java:close(394)) - 1525dfdd-5dc8-4a44-94e3-3fda5b46bc14:group-DC50ED4B4C45 closes. The last applied log index is 0
2019-07-30 20:48:21,835 INFO  segmented.SegmentedRaftLogWorker (SegmentedRaftLogWorker.java:run(313)) - 98ff2f46-1f4c-4fab-a607-9a6eaf75105d-SegmentedRaftLogWorker:Storage Directory /workdir/hadoop-ozone/integration-test/target/test-dir/MiniOzoneClusterImpl-ffb9f6fc-8aeb-40ae-a3cf-4369b53e790c/datanode-1/data/ratis/78dea569-b0bb-49ad-99fc-3084de2060ae was interrupted, exiting. There are 0 tasks remaining in the queue.
2019-07-30 20:48:21,835 INFO  segmented.SegmentedRaftLogWorker (SegmentedRaftLogWorker.java:run(313)) - 1525dfdd-5dc8-4a44-94e3-3fda5b46bc14-SegmentedRaftLogWorker:Storage Directory /workdir/hadoop-ozone/integration-test/target/test-dir/MiniOzoneClusterImpl-ffb9f6fc-8aeb-40ae-a3cf-4369b53e790c/datanode-4/data/ratis/665d9380-73ff-48fd-b7a0-dc50ed4b4c45 was interrupted, exiting. There are 0 tasks remaining in the queue.
2019-07-30 20:48:21,842 INFO  segmented.SegmentedRaftLogWorker (SegmentedRaftLogWorker.java:close(228)) - 98ff2f46-1f4c-4fab-a607-9a6eaf75105d-SegmentedRaftLogWorker:Storage Directory /workdir/hadoop-ozone/integration-test/target/test-dir/MiniOzoneClusterImpl-ffb9f6fc-8aeb-40ae-a3cf-4369b53e790c/datanode-1/data/ratis/78dea569-b0bb-49ad-99fc-3084de2060ae close()
2019-07-30 20:48:21,846 INFO  impl.RaftServerImpl (RaftServerImpl.java:lambda$shutdown$3(245)) - 98ff2f46-1f4c-4fab-a607-9a6eaf75105d: shutdown group-B811E3FEB0FF
2019-07-30 20:48:21,846 INFO  util.JmxRegister (JmxRegister.java:unregister(73)) - Successfully un-registered JMX Bean with object name Ratis:service=RaftServer,group=group-B811E3FEB0FF,id=98ff2f46-1f4c-4fab-a607-9a6eaf75105d
2019-07-30 20:48:21,847 INFO  impl.RoleInfo (RoleInfo.java:shutdownFollowerState(121)) - 98ff2f46-1f4c-4fab-a607-9a6eaf75105d: shutdown FollowerState
2019-07-30 20:48:21,847 INFO  impl.StateMachineUpdater (StateMachineUpdater.java:stopAndJoin(115)) - StateMachineUpdater:98ff2f46-1f4c-4fab-a607-9a6eaf75105d:group-B811E3FEB0FF: set stopIndex = 4
2019-07-30 20:48:21,847 INFO  impl.FollowerState (FollowerState.java:run(114)) - 98ff2f46-1f4c-4fab-a607-9a6eaf75105d: FollowerState was interrupted: java.lang.InterruptedException: sleep interrupted
2019-07-30 20:48:21,847 INFO  ratis.ContainerStateMachine (ContainerStateMachine.java:takeSnapshot(262)) - group-B811E3FEB0FF: Taking a snapshot at:(t:1, i:1) file /workdir/hadoop-ozone/integration-test/target/test-dir/MiniOzoneClusterImpl-ffb9f6fc-8aeb-40ae-a3cf-4369b53e790c/datanode-1/data/ratis/785e887a-b442-4c54-9e8c-b811e3feb0ff/sm/snapshot.1_1
2019-07-30 20:48:21,853 INFO  segmented.SegmentedRaftLogWorker (SegmentedRaftLogWorker.java:close(228)) - 1525dfdd-5dc8-4a44-94e3-3fda5b46bc14-SegmentedRaftLogWorker:Storage Directory /workdir/hadoop-ozone/integration-test/target/test-dir/MiniOzoneClusterImpl-ffb9f6fc-8aeb-40ae-a3cf-4369b53e790c/datanode-4/data/ratis/665d9380-73ff-48fd-b7a0-dc50ed4b4c45 close()
2019-07-30 20:48:21,858 INFO  ratis.ContainerStateMachine (ContainerStateMachine.java:takeSnapshot(273)) - group-B811E3FEB0FF: Finished taking a snapshot at:(t:1, i:1) file:/workdir/hadoop-ozone/integration-test/target/test-dir/MiniOzoneClusterImpl-ffb9f6fc-8aeb-40ae-a3cf-4369b53e790c/datanode-1/data/ratis/785e887a-b442-4c54-9e8c-b811e3feb0ff/sm/snapshot.1_1 time:8
2019-07-30 20:48:21,858 INFO  impl.StateMachineUpdater (StateMachineUpdater.java:takeSnapshot(242)) - StateMachineUpdater:98ff2f46-1f4c-4fab-a607-9a6eaf75105d:group-B811E3FEB0FF: Took a snapshot at index 1
2019-07-30 20:48:21,858 INFO  impl.RaftServerImpl (RaftServerImpl.java:lambda$shutdown$3(245)) - 1525dfdd-5dc8-4a44-94e3-3fda5b46bc14: shutdown group-483AF7B15048
2019-07-30 20:48:21,858 INFO  impl.StateMachineUpdater (StateMachineUpdater.java:lambda$new$0(80)) - StateMachineUpdater:98ff2f46-1f4c-4fab-a607-9a6eaf75105d:group-B811E3FEB0FF: snapshotIndex: updateIncreasingly -1 -> 1
2019-07-30 20:48:21,858 INFO  util.JmxRegister (JmxRegister.java:unregister(73)) - Successfully un-registered JMX Bean with object name Ratis:service=RaftServer,group=group-483AF7B15048,id=1525dfdd-5dc8-4a44-94e3-3fda5b46bc14
2019-07-30 20:48:21,859 INFO  impl.RoleInfo (RoleInfo.java:shutdownFollowerState(121)) - 1525dfdd-5dc8-4a44-94e3-3fda5b46bc14: shutdown FollowerState
2019-07-30 20:48:21,859 INFO  impl.RaftServerImpl (ServerState.java:close(394)) - 98ff2f46-1f4c-4fab-a607-9a6eaf75105d:group-B811E3FEB0FF closes. The last applied log index is 4
2019-07-30 20:48:21,859 INFO  impl.FollowerState (FollowerState.java:run(114)) - 1525dfdd-5dc8-4a44-94e3-3fda5b46bc14: FollowerState was interrupted: java.lang.InterruptedException: sleep interrupted
2019-07-30 20:48:21,859 INFO  ratis.ContainerStateMachine (ContainerStateMachine.java:takeSnapshot(262)) - group-483AF7B15048: Taking a snapshot at:(t:1, i:1) file /workdir/hadoop-ozone/integration-test/target/test-dir/MiniOzoneClusterImpl-ffb9f6fc-8aeb-40ae-a3cf-4369b53e790c/datanode-4/data/ratis/9df57ef9-ade1-4eb5-813f-483af7b15048/sm/snapshot.1_1
2019-07-30 20:48:21,859 INFO  impl.StateMachineUpdater (StateMachineUpdater.java:stopAndJoin(115)) - StateMachineUpdater:1525dfdd-5dc8-4a44-94e3-3fda5b46bc14:group-483AF7B15048: set stopIndex = 2
2019-07-30 20:48:21,860 INFO  segmented.SegmentedRaftLogWorker (SegmentedRaftLogWorker.java:run(313)) - 98ff2f46-1f4c-4fab-a607-9a6eaf75105d-SegmentedRaftLogWorker:Storage Directory /workdir/hadoop-ozone/integration-test/target/test-dir/MiniOzoneClusterImpl-ffb9f6fc-8aeb-40ae-a3cf-4369b53e790c/datanode-1/data/ratis/785e887a-b442-4c54-9e8c-b811e3feb0ff was interrupted, exiting. There are 0 tasks remaining in the queue.
2019-07-30 20:48:21,873 INFO  segmented.SegmentedRaftLogWorker (SegmentedRaftLogWorker.java:close(228)) - 98ff2f46-1f4c-4fab-a607-9a6eaf75105d-SegmentedRaftLogWorker:Storage Directory /workdir/hadoop-ozone/integration-test/target/test-dir/MiniOzoneClusterImpl-ffb9f6fc-8aeb-40ae-a3cf-4369b53e790c/datanode-1/data/ratis/785e887a-b442-4c54-9e8c-b811e3feb0ff close()
2019-07-30 20:48:21,877 INFO  ratis.ContainerStateMachine (ContainerStateMachine.java:takeSnapshot(273)) - group-483AF7B15048: Finished taking a snapshot at:(t:1, i:1) file:/workdir/hadoop-ozone/integration-test/target/test-dir/MiniOzoneClusterImpl-ffb9f6fc-8aeb-40ae-a3cf-4369b53e790c/datanode-4/data/ratis/9df57ef9-ade1-4eb5-813f-483af7b15048/sm/snapshot.1_1 time:16
2019-07-30 20:48:21,877 INFO  impl.StateMachineUpdater (StateMachineUpdater.java:takeSnapshot(242)) - StateMachineUpdater:1525dfdd-5dc8-4a44-94e3-3fda5b46bc14:group-483AF7B15048: Took a snapshot at index 1
2019-07-30 20:48:21,877 INFO  impl.StateMachineUpdater (StateMachineUpdater.java:lambda$new$0(80)) - StateMachineUpdater:1525dfdd-5dc8-4a44-94e3-3fda5b46bc14:group-483AF7B15048: snapshotIndex: updateIncreasingly -1 -> 1
2019-07-30 20:48:21,877 INFO  server.GrpcService (GrpcService.java:closeImpl(155)) - 98ff2f46-1f4c-4fab-a607-9a6eaf75105d: shutdown server with port 46186 now
2019-07-30 20:48:21,880 INFO  impl.RaftServerImpl (ServerState.java:close(394)) - 1525dfdd-5dc8-4a44-94e3-3fda5b46bc14:group-483AF7B15048 closes. The last applied log index is 2
2019-07-30 20:48:21,885 INFO  segmented.SegmentedRaftLogWorker (SegmentedRaftLogWorker.java:run(313)) - 1525dfdd-5dc8-4a44-94e3-3fda5b46bc14-SegmentedRaftLogWorker:Storage Directory /workdir/hadoop-ozone/integration-test/target/test-dir/MiniOzoneClusterImpl-ffb9f6fc-8aeb-40ae-a3cf-4369b53e790c/datanode-4/data/ratis/9df57ef9-ade1-4eb5-813f-483af7b15048 was interrupted, exiting. There are 0 tasks remaining in the queue.
2019-07-30 20:48:21,887 INFO  segmented.SegmentedRaftLogWorker (SegmentedRaftLogWorker.java:close(228)) - 1525dfdd-5dc8-4a44-94e3-3fda5b46bc14-SegmentedRaftLogWorker:Storage Directory /workdir/hadoop-ozone/integration-test/target/test-dir/MiniOzoneClusterImpl-ffb9f6fc-8aeb-40ae-a3cf-4369b53e790c/datanode-4/data/ratis/9df57ef9-ade1-4eb5-813f-483af7b15048 close()
2019-07-30 20:48:21,902 INFO  server.GrpcService (GrpcService.java:closeImpl(155)) - 1525dfdd-5dc8-4a44-94e3-3fda5b46bc14: shutdown server with port 37178 now
2019-07-30 20:48:21,903 INFO  server.GrpcService (GrpcService.java:closeImpl(163)) - 98ff2f46-1f4c-4fab-a607-9a6eaf75105d: shutdown server with port 46186 successfully
2019-07-30 20:48:21,904 INFO  server.GrpcService (GrpcService.java:closeImpl(163)) - 1525dfdd-5dc8-4a44-94e3-3fda5b46bc14: shutdown server with port 37178 successfully
2019-07-30 20:48:21,904 WARN  server.GrpcLogAppender (LogUtils.java:warn(134)) - dcad888a-df6c-4c16-bef6-cf79b44ac70c->98ff2f46-1f4c-4fab-a607-9a6eaf75105d: Failed appendEntries: org.apache.ratis.thirdparty.io.grpc.StatusRuntimeException: CANCELLED: HTTP/2 error code: CANCEL
Received Rst Stream
2019-07-30 20:48:21,904 WARN  server.GrpcServerProtocolService (LogUtils.java:warn(134)) - 98ff2f46-1f4c-4fab-a607-9a6eaf75105d: appendEntries onError: org.apache.ratis.thirdparty.io.grpc.StatusRuntimeException: CANCELLED: cancelled before receiving half close
2019-07-30 20:48:21,908 INFO  impl.FollowerInfo (FollowerInfo.java:lambda$new$0(50)) - dcad888a-df6c-4c16-bef6-cf79b44ac70c->98ff2f46-1f4c-4fab-a607-9a6eaf75105d: nextIndex: updateUnconditionally 5 -> 4
2019-07-30 20:48:21,904 WARN  server.GrpcServerProtocolService (LogUtils.java:warn(134)) - 1525dfdd-5dc8-4a44-94e3-3fda5b46bc14: appendEntries onError: org.apache.ratis.thirdparty.io.grpc.StatusRuntimeException: CANCELLED: cancelled before receiving half close
2019-07-30 20:48:21,905 WARN  server.GrpcLogAppender (LogUtils.java:warn(134)) - 7b88eab7-40d3-44f9-bba1-d355e9b397b1->1525dfdd-5dc8-4a44-94e3-3fda5b46bc14: Failed appendEntries: org.apache.ratis.thirdparty.io.grpc.StatusRuntimeException: CANCELLED: HTTP/2 error code: CANCEL
Received Rst Stream
2019-07-30 20:48:21,911 INFO  utils.BackgroundService (BackgroundService.java:shutdown(148)) - Shutting down service BlockDeletingService
2019-07-30 20:48:21,911 INFO  utils.BackgroundService (BackgroundService.java:shutdown(148)) - Shutting down service BlockDeletingService
2019-07-30 20:48:21,911 INFO  impl.FollowerInfo (FollowerInfo.java:lambda$new$0(50)) - 7b88eab7-40d3-44f9-bba1-d355e9b397b1->1525dfdd-5dc8-4a44-94e3-3fda5b46bc14: nextIndex: updateUnconditionally 3 -> 2
2019-07-30 20:48:21,918 WARN  fs.CachingGetSpaceUsed (CachingGetSpaceUsed.java:run(183)) - Thread Interrupted waiting to refresh disk information: sleep interrupted
2019-07-30 20:48:21,919 WARN  fs.CachingGetSpaceUsed (CachingGetSpaceUsed.java:run(183)) - Thread Interrupted waiting to refresh disk information: sleep interrupted
2019-07-30 20:48:21,940 INFO  statemachine.DatanodeStateMachine (DatanodeStateMachine.java:stopDaemon(395)) - Ozone container server stopped.
2019-07-30 20:48:21,945 INFO  statemachine.DatanodeStateMachine (DatanodeStateMachine.java:stopDaemon(395)) - Ozone container server stopped.
2019-07-30 20:48:21,948 INFO  handler.ContextHandler (ContextHandler.java:doStop(910)) - Stopped o.e.j.w.WebAppContext@734f8317{/,null,UNAVAILABLE}{/hddsDatanode}
2019-07-30 20:48:21,948 INFO  handler.ContextHandler (ContextHandler.java:doStop(910)) - Stopped o.e.j.w.WebAppContext@77eb607e{/,null,UNAVAILABLE}{/hddsDatanode}
2019-07-30 20:48:21,949 INFO  server.AbstractConnector (AbstractConnector.java:doStop(318)) - Stopped ServerConnector@7dd3981e{HTTP/1.1,[http/1.1]}{0.0.0.0:0}
2019-07-30 20:48:21,949 INFO  server.AbstractConnector (AbstractConnector.java:doStop(318)) - Stopped ServerConnector@1f1fbc9f{HTTP/1.1,[http/1.1]}{0.0.0.0:0}
2019-07-30 20:48:21,951 INFO  handler.ContextHandler (ContextHandler.java:doStop(910)) - Stopped o.e.j.s.ServletContextHandler@1e471884{/static,jar:file:/home/user/.m2/repository/org/apache/hadoop/hadoop-hdds-container-service/0.4.1-SNAPSHOT/hadoop-hdds-container-service-0.4.1-SNAPSHOT.jar!/webapps/static,UNAVAILABLE}
2019-07-30 20:48:21,951 INFO  handler.ContextHandler (ContextHandler.java:doStop(910)) - Stopped o.e.j.s.ServletContextHandler@be616f0{/static,jar:file:/home/user/.m2/repository/org/apache/hadoop/hadoop-hdds-container-service/0.4.1-SNAPSHOT/hadoop-hdds-container-service-0.4.1-SNAPSHOT.jar!/webapps/static,UNAVAILABLE}
2019-07-30 20:48:21,952 INFO  handler.ContextHandler (ContextHandler.java:doStop(910)) - Stopped o.e.j.s.ServletContextHandler@f4f843f{/logs,file:///workdir/hadoop-ozone/integration-test/target/log,UNAVAILABLE}
2019-07-30 20:48:21,953 INFO  handler.ContextHandler (ContextHandler.java:doStop(910)) - Stopped o.e.j.s.ServletContextHandler@7c8df667{/logs,file:///workdir/hadoop-ozone/integration-test/target/log,UNAVAILABLE}
2019-07-30 20:48:21,954 INFO  datanode.ObjectStoreHandler (ObjectStoreHandler.java:close(155)) - Closing ObjectStoreHandler.
2019-07-30 20:48:21,955 INFO  ozone.HddsDatanodeService (HddsDatanodeService.java:stop(451)) - Stopped plug-in org.apache.hadoop.ozone.web.OzoneHddsDatanodeService@1c011855
2019-07-30 20:48:21,955 INFO  datanode.ObjectStoreHandler (ObjectStoreHandler.java:close(155)) - Closing ObjectStoreHandler.
2019-07-30 20:48:21,956 INFO  ozone.HddsDatanodeService (HddsDatanodeService.java:stop(451)) - Stopped plug-in org.apache.hadoop.ozone.web.OzoneHddsDatanodeService@3e01796a
2019-07-30 20:48:22,630 INFO  statemachine.DatanodeStateMachine (DatanodeStateMachine.java:lambda$startDaemon$0(350)) - Ozone container server started.
2019-07-30 20:48:22,740 INFO  statemachine.DatanodeStateMachine (DatanodeStateMachine.java:lambda$startDaemon$0(350)) - Ozone container server started.
2019-07-30 20:48:24,022 WARN  server.GrpcLogAppender (LogUtils.java:warn(134)) - 7b88eab7-40d3-44f9-bba1-d355e9b397b1->1525dfdd-5dc8-4a44-94e3-3fda5b46bc14: Failed appendEntries: org.apache.ratis.thirdparty.io.grpc.StatusRuntimeException: UNAVAILABLE: io exception
2019-07-30 20:48:24,025 INFO  impl.FollowerInfo (FollowerInfo.java:lambda$new$0(50)) - 7b88eab7-40d3-44f9-bba1-d355e9b397b1->1525dfdd-5dc8-4a44-94e3-3fda5b46bc14: nextIndex: updateUnconditionally 2 -> 1
2019-07-30 20:48:24,295 WARN  server.GrpcLogAppender (LogUtils.java:warn(134)) - dcad888a-df6c-4c16-bef6-cf79b44ac70c->98ff2f46-1f4c-4fab-a607-9a6eaf75105d: Failed appendEntries: org.apache.ratis.thirdparty.io.grpc.StatusRuntimeException: UNAVAILABLE: io exception
2019-07-30 20:48:24,300 INFO  impl.FollowerInfo (FollowerInfo.java:lambda$new$0(50)) - dcad888a-df6c-4c16-bef6-cf79b44ac70c->98ff2f46-1f4c-4fab-a607-9a6eaf75105d: nextIndex: updateUnconditionally 4 -> 3
2019-07-30 20:48:26,523 WARN  server.GrpcLogAppender (LogUtils.java:warn(134)) - 7b88eab7-40d3-44f9-bba1-d355e9b397b1->1525dfdd-5dc8-4a44-94e3-3fda5b46bc14: Failed appendEntries: org.apache.ratis.thirdparty.io.grpc.StatusRuntimeException: UNAVAILABLE: io exception
2019-07-30 20:48:26,526 INFO  impl.FollowerInfo (FollowerInfo.java:lambda$new$0(50)) - 7b88eab7-40d3-44f9-bba1-d355e9b397b1->1525dfdd-5dc8-4a44-94e3-3fda5b46bc14: nextIndex: updateUnconditionally 1 -> 0
2019-07-30 20:48:26,796 WARN  server.GrpcLogAppender (LogUtils.java:warn(134)) - dcad888a-df6c-4c16-bef6-cf79b44ac70c->98ff2f46-1f4c-4fab-a607-9a6eaf75105d: Failed appendEntries: org.apache.ratis.thirdparty.io.grpc.StatusRuntimeException: UNAVAILABLE: io exception
2019-07-30 20:48:26,800 INFO  impl.FollowerInfo (FollowerInfo.java:lambda$new$0(50)) - dcad888a-df6c-4c16-bef6-cf79b44ac70c->98ff2f46-1f4c-4fab-a607-9a6eaf75105d: nextIndex: updateUnconditionally 3 -> 2
2019-07-30 20:48:26,956 INFO  ozoneimpl.OzoneContainer (OzoneContainer.java:stop(199)) - Attempting to stop container services.
2019-07-30 20:48:26,956 INFO  ozoneimpl.OzoneContainer (OzoneContainer.java:stop(199)) - Attempting to stop container services.
2019-07-30 20:48:26,956 INFO  impl.RaftServerProxy (RaftServerProxy.java:lambda$close$4(314)) - dcad888a-df6c-4c16-bef6-cf79b44ac70c: close
2019-07-30 20:48:26,957 INFO  impl.RaftServerProxy (RaftServerProxy.java:lambda$close$4(314)) - 5f909b24-f0ea-4ba0-868d-f5894a228f85: close
2019-07-30 20:48:26,957 INFO  impl.RaftServerImpl (RaftServerImpl.java:lambda$shutdown$3(245)) - dcad888a-df6c-4c16-bef6-cf79b44ac70c: shutdown group-B556BC1680EF
2019-07-30 20:48:26,958 INFO  impl.RaftServerImpl (RaftServerImpl.java:lambda$shutdown$3(245)) - 5f909b24-f0ea-4ba0-868d-f5894a228f85: shutdown group-483AF7B15048
2019-07-30 20:48:26,958 INFO  util.JmxRegister (JmxRegister.java:unregister(73)) - Successfully un-registered JMX Bean with object name Ratis:service=RaftServer,group=group-B556BC1680EF,id=dcad888a-df6c-4c16-bef6-cf79b44ac70c
2019-07-30 20:48:26,958 INFO  util.JmxRegister (JmxRegister.java:unregister(73)) - Successfully un-registered JMX Bean with object name Ratis:service=RaftServer,group=group-483AF7B15048,id=5f909b24-f0ea-4ba0-868d-f5894a228f85
2019-07-30 20:48:26,959 INFO  impl.RoleInfo (RoleInfo.java:shutdownLeaderState(104)) - dcad888a-df6c-4c16-bef6-cf79b44ac70c: shutdown LeaderState
2019-07-30 20:48:26,959 INFO  impl.RoleInfo (RoleInfo.java:shutdownFollowerState(121)) - 5f909b24-f0ea-4ba0-868d-f5894a228f85: shutdown FollowerState
2019-07-30 20:48:26,959 INFO  impl.PendingRequests (PendingRequests.java:sendNotLeaderResponses(202)) - dcad888a-df6c-4c16-bef6-cf79b44ac70c-PendingRequests: sendNotLeaderResponses
2019-07-30 20:48:26,960 INFO  ratis.ContainerStateMachine (ContainerStateMachine.java:takeSnapshot(262)) - group-483AF7B15048: Taking a snapshot at:(t:1, i:1) file /workdir/hadoop-ozone/integration-test/target/test-dir/MiniOzoneClusterImpl-ffb9f6fc-8aeb-40ae-a3cf-4369b53e790c/datanode-3/data/ratis/9df57ef9-ade1-4eb5-813f-483af7b15048/sm/snapshot.1_1
2019-07-30 20:48:26,960 INFO  impl.StateMachineUpdater (StateMachineUpdater.java:stopAndJoin(115)) - StateMachineUpdater:dcad888a-df6c-4c16-bef6-cf79b44ac70c:group-B556BC1680EF: set stopIndex = 0
2019-07-30 20:48:26,960 INFO  impl.FollowerState (FollowerState.java:run(114)) - 5f909b24-f0ea-4ba0-868d-f5894a228f85: FollowerState was interrupted: java.lang.InterruptedException: sleep interrupted
2019-07-30 20:48:26,960 INFO  impl.StateMachineUpdater (StateMachineUpdater.java:stopAndJoin(115)) - StateMachineUpdater:5f909b24-f0ea-4ba0-868d-f5894a228f85:group-483AF7B15048: set stopIndex = 2
2019-07-30 20:48:26,961 INFO  impl.RaftServerImpl (ServerState.java:close(394)) - dcad888a-df6c-4c16-bef6-cf79b44ac70c:group-B556BC1680EF closes. The last applied log index is 0
2019-07-30 20:48:26,964 INFO  segmented.SegmentedRaftLogWorker (SegmentedRaftLogWorker.java:run(313)) - dcad888a-df6c-4c16-bef6-cf79b44ac70c-SegmentedRaftLogWorker:Storage Directory /workdir/hadoop-ozone/integration-test/target/test-dir/MiniOzoneClusterImpl-ffb9f6fc-8aeb-40ae-a3cf-4369b53e790c/datanode-2/data/ratis/68038983-e5a3-4ca1-8d88-b556bc1680ef was interrupted, exiting. There are 0 tasks remaining in the queue.
2019-07-30 20:48:26,973 INFO  segmented.SegmentedRaftLogWorker (SegmentedRaftLogWorker.java:close(228)) - dcad888a-df6c-4c16-bef6-cf79b44ac70c-SegmentedRaftLogWorker:Storage Directory /workdir/hadoop-ozone/integration-test/target/test-dir/MiniOzoneClusterImpl-ffb9f6fc-8aeb-40ae-a3cf-4369b53e790c/datanode-2/data/ratis/68038983-e5a3-4ca1-8d88-b556bc1680ef close()
2019-07-30 20:48:26,975 INFO  ratis.ContainerStateMachine (ContainerStateMachine.java:takeSnapshot(273)) - group-483AF7B15048: Finished taking a snapshot at:(t:1, i:1) file:/workdir/hadoop-ozone/integration-test/target/test-dir/MiniOzoneClusterImpl-ffb9f6fc-8aeb-40ae-a3cf-4369b53e790c/datanode-3/data/ratis/9df57ef9-ade1-4eb5-813f-483af7b15048/sm/snapshot.1_1 time:16
2019-07-30 20:48:26,976 INFO  impl.RaftServerImpl (RaftServerImpl.java:lambda$shutdown$3(245)) - dcad888a-df6c-4c16-bef6-cf79b44ac70c: shutdown group-B811E3FEB0FF
2019-07-30 20:48:26,976 INFO  impl.StateMachineUpdater (StateMachineUpdater.java:takeSnapshot(242)) - StateMachineUpdater:5f909b24-f0ea-4ba0-868d-f5894a228f85:group-483AF7B15048: Took a snapshot at index 1
2019-07-30 20:48:26,976 INFO  util.JmxRegister (JmxRegister.java:unregister(73)) - Successfully un-registered JMX Bean with object name Ratis:service=RaftServer,group=group-B811E3FEB0FF,id=dcad888a-df6c-4c16-bef6-cf79b44ac70c
2019-07-30 20:48:26,976 INFO  impl.StateMachineUpdater (StateMachineUpdater.java:lambda$new$0(80)) - StateMachineUpdater:5f909b24-f0ea-4ba0-868d-f5894a228f85:group-483AF7B15048: snapshotIndex: updateIncreasingly -1 -> 1
2019-07-30 20:48:26,976 INFO  impl.RoleInfo (RoleInfo.java:shutdownLeaderState(104)) - dcad888a-df6c-4c16-bef6-cf79b44ac70c: shutdown LeaderState
2019-07-30 20:48:26,977 INFO  impl.RaftServerImpl (ServerState.java:close(394)) - 5f909b24-f0ea-4ba0-868d-f5894a228f85:group-483AF7B15048 closes. The last applied log index is 2
2019-07-30 20:48:26,981 WARN  server.GrpcLogAppender (GrpcLogAppender.java:mayWait(143)) - GrpcLogAppender(dcad888a-df6c-4c16-bef6-cf79b44ac70c->67fd0bb5-c0c1-4bfc-aa43-3afedda70e00): Wait interrupted by java.lang.InterruptedException
2019-07-30 20:48:26,981 WARN  server.GrpcLogAppender (GrpcLogAppender.java:mayWait(143)) - GrpcLogAppender(dcad888a-df6c-4c16-bef6-cf79b44ac70c->98ff2f46-1f4c-4fab-a607-9a6eaf75105d): Wait interrupted by java.lang.InterruptedException
2019-07-30 20:48:26,981 INFO  impl.PendingRequests (PendingRequests.java:sendNotLeaderResponses(202)) - dcad888a-df6c-4c16-bef6-cf79b44ac70c-PendingRequests: sendNotLeaderResponses
2019-07-30 20:48:26,981 INFO  segmented.SegmentedRaftLogWorker (SegmentedRaftLogWorker.java:run(313)) - 5f909b24-f0ea-4ba0-868d-f5894a228f85-SegmentedRaftLogWorker:Storage Directory /workdir/hadoop-ozone/integration-test/target/test-dir/MiniOzoneClusterImpl-ffb9f6fc-8aeb-40ae-a3cf-4369b53e790c/datanode-3/data/ratis/9df57ef9-ade1-4eb5-813f-483af7b15048 was interrupted, exiting. There are 0 tasks remaining in the queue.
2019-07-30 20:48:26,987 INFO  ratis.ContainerStateMachine (ContainerStateMachine.java:takeSnapshot(262)) - group-B811E3FEB0FF: Taking a snapshot at:(t:1, i:2) file /workdir/hadoop-ozone/integration-test/target/test-dir/MiniOzoneClusterImpl-ffb9f6fc-8aeb-40ae-a3cf-4369b53e790c/datanode-2/data/ratis/785e887a-b442-4c54-9e8c-b811e3feb0ff/sm/snapshot.1_2
2019-07-30 20:48:26,987 INFO  server.GrpcServerProtocolService (GrpcServerProtocolService.java:onCompleted(104)) - 67fd0bb5-c0c1-4bfc-aa43-3afedda70e00: appendEntries completed
2019-07-30 20:48:26,987 INFO  impl.StateMachineUpdater (StateMachineUpdater.java:stopAndJoin(115)) - StateMachineUpdater:dcad888a-df6c-4c16-bef6-cf79b44ac70c:group-B811E3FEB0FF: set stopIndex = 4
2019-07-30 20:48:26,989 INFO  segmented.SegmentedRaftLogWorker (SegmentedRaftLogWorker.java:close(228)) - 5f909b24-f0ea-4ba0-868d-f5894a228f85-SegmentedRaftLogWorker:Storage Directory /workdir/hadoop-ozone/integration-test/target/test-dir/MiniOzoneClusterImpl-ffb9f6fc-8aeb-40ae-a3cf-4369b53e790c/datanode-3/data/ratis/9df57ef9-ade1-4eb5-813f-483af7b15048 close()
2019-07-30 20:48:26,995 INFO  server.GrpcLogAppender (GrpcLogAppender.java:onCompleted(292)) - dcad888a-df6c-4c16-bef6-cf79b44ac70c->67fd0bb5-c0c1-4bfc-aa43-3afedda70e00: follower responses appendEntries COMPLETED
2019-07-30 20:48:26,995 INFO  impl.RaftServerImpl (RaftServerImpl.java:lambda$shutdown$3(245)) - 5f909b24-f0ea-4ba0-868d-f5894a228f85: shutdown group-E7D4D6A62F16
2019-07-30 20:48:26,997 INFO  impl.FollowerInfo (FollowerInfo.java:lambda$new$0(50)) - dcad888a-df6c-4c16-bef6-cf79b44ac70c->67fd0bb5-c0c1-4bfc-aa43-3afedda70e00: nextIndex: updateUnconditionally 5 -> 4
2019-07-30 20:48:26,997 INFO  util.JmxRegister (JmxRegister.java:unregister(73)) - Successfully un-registered JMX Bean with object name Ratis:service=RaftServer,group=group-E7D4D6A62F16,id=5f909b24-f0ea-4ba0-868d-f5894a228f85
2019-07-30 20:48:26,998 INFO  impl.RoleInfo (RoleInfo.java:shutdownLeaderState(104)) - 5f909b24-f0ea-4ba0-868d-f5894a228f85: shutdown LeaderState
2019-07-30 20:48:26,998 INFO  impl.PendingRequests (PendingRequests.java:sendNotLeaderResponses(202)) - 5f909b24-f0ea-4ba0-868d-f5894a228f85-PendingRequests: sendNotLeaderResponses
2019-07-30 20:48:26,999 INFO  impl.StateMachineUpdater (StateMachineUpdater.java:stopAndJoin(115)) - StateMachineUpdater:5f909b24-f0ea-4ba0-868d-f5894a228f85:group-E7D4D6A62F16: set stopIndex = 0
2019-07-30 20:48:26,999 INFO  impl.RaftServerImpl (ServerState.java:close(394)) - 5f909b24-f0ea-4ba0-868d-f5894a228f85:group-E7D4D6A62F16 closes. The last applied log index is 0
2019-07-30 20:48:26,999 INFO  segmented.SegmentedRaftLogWorker (SegmentedRaftLogWorker.java:run(313)) - 5f909b24-f0ea-4ba0-868d-f5894a228f85-SegmentedRaftLogWorker:Storage Directory /workdir/hadoop-ozone/integration-test/target/test-dir/MiniOzoneClusterImpl-ffb9f6fc-8aeb-40ae-a3cf-4369b53e790c/datanode-3/data/ratis/cc5b76d6-7eb2-40da-916a-e7d4d6a62f16 was interrupted, exiting. There are 0 tasks remaining in the queue.
2019-07-30 20:48:27,001 INFO  ratis.ContainerStateMachine (ContainerStateMachine.java:takeSnapshot(273)) - group-B811E3FEB0FF: Finished taking a snapshot at:(t:1, i:2) file:/workdir/hadoop-ozone/integration-test/target/test-dir/MiniOzoneClusterImpl-ffb9f6fc-8aeb-40ae-a3cf-4369b53e790c/datanode-2/data/ratis/785e887a-b442-4c54-9e8c-b811e3feb0ff/sm/snapshot.1_2 time:14
2019-07-30 20:48:27,001 INFO  segmented.SegmentedRaftLogWorker (SegmentedRaftLogWorker.java:close(228)) - 5f909b24-f0ea-4ba0-868d-f5894a228f85-SegmentedRaftLogWorker:Storage Directory /workdir/hadoop-ozone/integration-test/target/test-dir/MiniOzoneClusterImpl-ffb9f6fc-8aeb-40ae-a3cf-4369b53e790c/datanode-3/data/ratis/cc5b76d6-7eb2-40da-916a-e7d4d6a62f16 close()
2019-07-30 20:48:27,001 INFO  impl.StateMachineUpdater (StateMachineUpdater.java:takeSnapshot(242)) - StateMachineUpdater:dcad888a-df6c-4c16-bef6-cf79b44ac70c:group-B811E3FEB0FF: Took a snapshot at index 2
2019-07-30 20:48:27,004 INFO  impl.StateMachineUpdater (StateMachineUpdater.java:lambda$new$0(80)) - StateMachineUpdater:dcad888a-df6c-4c16-bef6-cf79b44ac70c:group-B811E3FEB0FF: snapshotIndex: updateIncreasingly -1 -> 2
2019-07-30 20:48:27,004 INFO  server.GrpcService (GrpcService.java:closeImpl(155)) - 5f909b24-f0ea-4ba0-868d-f5894a228f85: shutdown server with port 35214 now
2019-07-30 20:48:27,004 INFO  impl.RaftServerImpl (ServerState.java:close(394)) - dcad888a-df6c-4c16-bef6-cf79b44ac70c:group-B811E3FEB0FF closes. The last applied log index is 4
2019-07-30 20:48:27,005 INFO  segmented.SegmentedRaftLogWorker (SegmentedRaftLogWorker.java:run(313)) - dcad888a-df6c-4c16-bef6-cf79b44ac70c-SegmentedRaftLogWorker:Storage Directory /workdir/hadoop-ozone/integration-test/target/test-dir/MiniOzoneClusterImpl-ffb9f6fc-8aeb-40ae-a3cf-4369b53e790c/datanode-2/data/ratis/785e887a-b442-4c54-9e8c-b811e3feb0ff was interrupted, exiting. There are 0 tasks remaining in the queue.
2019-07-30 20:48:27,007 INFO  segmented.SegmentedRaftLogWorker (SegmentedRaftLogWorker.java:close(228)) - dcad888a-df6c-4c16-bef6-cf79b44ac70c-SegmentedRaftLogWorker:Storage Directory /workdir/hadoop-ozone/integration-test/target/test-dir/MiniOzoneClusterImpl-ffb9f6fc-8aeb-40ae-a3cf-4369b53e790c/datanode-2/data/ratis/785e887a-b442-4c54-9e8c-b811e3feb0ff close()
2019-07-30 20:48:27,009 INFO  server.GrpcService (GrpcService.java:closeImpl(155)) - dcad888a-df6c-4c16-bef6-cf79b44ac70c: shutdown server with port 42822 now
2019-07-30 20:48:27,009 WARN  server.GrpcServerProtocolService (LogUtils.java:warn(134)) - 5f909b24-f0ea-4ba0-868d-f5894a228f85: appendEntries onError: org.apache.ratis.thirdparty.io.grpc.StatusRuntimeException: CANCELLED: cancelled before receiving half close
2019-07-30 20:48:27,010 INFO  server.GrpcService (GrpcService.java:closeImpl(163)) - 5f909b24-f0ea-4ba0-868d-f5894a228f85: shutdown server with port 35214 successfully
2019-07-30 20:48:27,010 WARN  server.GrpcLogAppender (LogUtils.java:warn(134)) - 7b88eab7-40d3-44f9-bba1-d355e9b397b1->5f909b24-f0ea-4ba0-868d-f5894a228f85: Failed appendEntries: org.apache.ratis.thirdparty.io.grpc.StatusRuntimeException: CANCELLED: HTTP/2 error code: CANCEL
Received Rst Stream
2019-07-30 20:48:27,010 INFO  server.GrpcService (GrpcService.java:closeImpl(163)) - dcad888a-df6c-4c16-bef6-cf79b44ac70c: shutdown server with port 42822 successfully
2019-07-30 20:48:27,012 INFO  impl.FollowerInfo (FollowerInfo.java:lambda$new$0(50)) - 7b88eab7-40d3-44f9-bba1-d355e9b397b1->5f909b24-f0ea-4ba0-868d-f5894a228f85: nextIndex: updateUnconditionally 3 -> 2
2019-07-30 20:48:27,014 INFO  utils.BackgroundService (BackgroundService.java:shutdown(148)) - Shutting down service BlockDeletingService
2019-07-30 20:48:27,014 INFO  utils.BackgroundService (BackgroundService.java:shutdown(148)) - Shutting down service BlockDeletingService
2019-07-30 20:48:27,017 WARN  fs.CachingGetSpaceUsed (CachingGetSpaceUsed.java:run(183)) - Thread Interrupted waiting to refresh disk information: sleep interrupted
2019-07-30 20:48:27,021 WARN  fs.CachingGetSpaceUsed (CachingGetSpaceUsed.java:run(183)) - Thread Interrupted waiting to refresh disk information: sleep interrupted
2019-07-30 20:48:27,042 INFO  statemachine.DatanodeStateMachine (DatanodeStateMachine.java:stopDaemon(395)) - Ozone container server stopped.
2019-07-30 20:48:27,044 INFO  statemachine.DatanodeStateMachine (DatanodeStateMachine.java:stopDaemon(395)) - Ozone container server stopped.
2019-07-30 20:48:27,050 INFO  handler.ContextHandler (ContextHandler.java:doStop(910)) - Stopped o.e.j.w.WebAppContext@52657d5f{/,null,UNAVAILABLE}{/hddsDatanode}
2019-07-30 20:48:27,050 INFO  handler.ContextHandler (ContextHandler.java:doStop(910)) - Stopped o.e.j.w.WebAppContext@7462ba4b{/,null,UNAVAILABLE}{/hddsDatanode}
2019-07-30 20:48:27,051 INFO  server.AbstractConnector (AbstractConnector.java:doStop(318)) - Stopped ServerConnector@43d3995f{HTTP/1.1,[http/1.1]}{0.0.0.0:0}
2019-07-30 20:48:27,051 INFO  server.AbstractConnector (AbstractConnector.java:doStop(318)) - Stopped ServerConnector@4b09d1c3{HTTP/1.1,[http/1.1]}{0.0.0.0:0}
2019-07-30 20:48:27,053 INFO  handler.ContextHandler (ContextHandler.java:doStop(910)) - Stopped o.e.j.s.ServletContextHandler@2807cf3{/static,jar:file:/home/user/.m2/repository/org/apache/hadoop/hadoop-hdds-container-service/0.4.1-SNAPSHOT/hadoop-hdds-container-service-0.4.1-SNAPSHOT.jar!/webapps/static,UNAVAILABLE}
2019-07-30 20:48:27,053 INFO  handler.ContextHandler (ContextHandler.java:doStop(910)) - Stopped o.e.j.s.ServletContextHandler@2e1ba142{/static,jar:file:/home/user/.m2/repository/org/apache/hadoop/hadoop-hdds-container-service/0.4.1-SNAPSHOT/hadoop-hdds-container-service-0.4.1-SNAPSHOT.jar!/webapps/static,UNAVAILABLE}
2019-07-30 20:48:27,055 INFO  handler.ContextHandler (ContextHandler.java:doStop(910)) - Stopped o.e.j.s.ServletContextHandler@2d801d8{/logs,file:///workdir/hadoop-ozone/integration-test/target/log,UNAVAILABLE}
2019-07-30 20:48:27,055 INFO  handler.ContextHandler (ContextHandler.java:doStop(910)) - Stopped o.e.j.s.ServletContextHandler@75f4d8a8{/logs,file:///workdir/hadoop-ozone/integration-test/target/log,UNAVAILABLE}
2019-07-30 20:48:27,056 INFO  datanode.ObjectStoreHandler (ObjectStoreHandler.java:close(155)) - Closing ObjectStoreHandler.
2019-07-30 20:48:27,056 INFO  datanode.ObjectStoreHandler (ObjectStoreHandler.java:close(155)) - Closing ObjectStoreHandler.
2019-07-30 20:48:27,057 INFO  ozone.HddsDatanodeService (HddsDatanodeService.java:stop(451)) - Stopped plug-in org.apache.hadoop.ozone.web.OzoneHddsDatanodeService@15186ce0
2019-07-30 20:48:27,057 INFO  ozone.HddsDatanodeService (HddsDatanodeService.java:stop(451)) - Stopped plug-in org.apache.hadoop.ozone.web.OzoneHddsDatanodeService@297c3a43
2019-07-30 20:48:27,247 INFO  statemachine.DatanodeStateMachine (DatanodeStateMachine.java:lambda$startDaemon$0(350)) - Ozone container server started.
2019-07-30 20:48:27,765 INFO  statemachine.DatanodeStateMachine (DatanodeStateMachine.java:lambda$startDaemon$0(350)) - Ozone container server started.
2019-07-30 20:48:29,024 WARN  server.GrpcLogAppender (LogUtils.java:warn(134)) - 7b88eab7-40d3-44f9-bba1-d355e9b397b1->1525dfdd-5dc8-4a44-94e3-3fda5b46bc14: Failed appendEntries: org.apache.ratis.thirdparty.io.grpc.StatusRuntimeException: UNAVAILABLE: io exception
2019-07-30 20:48:29,026 INFO  impl.FollowerInfo (FollowerInfo.java:lambda$new$0(50)) - 7b88eab7-40d3-44f9-bba1-d355e9b397b1->1525dfdd-5dc8-4a44-94e3-3fda5b46bc14: nextIndex: updateUnconditionally 0 -> 0
2019-07-30 20:48:29,030 WARN  server.GrpcLogAppender (LogUtils.java:warn(134)) - 7b88eab7-40d3-44f9-bba1-d355e9b397b1->5f909b24-f0ea-4ba0-868d-f5894a228f85: Failed appendEntries: org.apache.ratis.thirdparty.io.grpc.StatusRuntimeException: UNAVAILABLE: io exception
2019-07-30 20:48:29,032 INFO  impl.FollowerInfo (FollowerInfo.java:lambda$new$0(50)) - 7b88eab7-40d3-44f9-bba1-d355e9b397b1->5f909b24-f0ea-4ba0-868d-f5894a228f85: nextIndex: updateUnconditionally 2 -> 1
2019-07-30 20:48:31,525 WARN  server.GrpcLogAppender (LogUtils.java:warn(134)) - 7b88eab7-40d3-44f9-bba1-d355e9b397b1->1525dfdd-5dc8-4a44-94e3-3fda5b46bc14: Failed appendEntries: org.apache.ratis.thirdparty.io.grpc.StatusRuntimeException: UNAVAILABLE: io exception
2019-07-30 20:48:31,528 INFO  impl.FollowerInfo (FollowerInfo.java:lambda$new$0(50)) - 7b88eab7-40d3-44f9-bba1-d355e9b397b1->1525dfdd-5dc8-4a44-94e3-3fda5b46bc14: nextIndex: updateUnconditionally 0 -> 0
2019-07-30 20:48:31,531 WARN  server.GrpcLogAppender (LogUtils.java:warn(134)) - 7b88eab7-40d3-44f9-bba1-d355e9b397b1->5f909b24-f0ea-4ba0-868d-f5894a228f85: Failed appendEntries: org.apache.ratis.thirdparty.io.grpc.StatusRuntimeException: UNAVAILABLE: io exception
2019-07-30 20:48:31,533 INFO  impl.FollowerInfo (FollowerInfo.java:lambda$new$0(50)) - 7b88eab7-40d3-44f9-bba1-d355e9b397b1->5f909b24-f0ea-4ba0-868d-f5894a228f85: nextIndex: updateUnconditionally 1 -> 0
2019-07-30 20:48:32,057 INFO  ozoneimpl.OzoneContainer (OzoneContainer.java:stop(199)) - Attempting to stop container services.
2019-07-30 20:48:32,057 INFO  ozoneimpl.OzoneContainer (OzoneContainer.java:stop(199)) - Attempting to stop container services.
2019-07-30 20:48:32,058 INFO  impl.RaftServerProxy (RaftServerProxy.java:lambda$close$4(314)) - 67fd0bb5-c0c1-4bfc-aa43-3afedda70e00: close
2019-07-30 20:48:32,058 INFO  impl.RaftServerProxy (RaftServerProxy.java:lambda$close$4(314)) - 56ded81d-987f-49f2-aa9f-9899037f588d: close
2019-07-30 20:48:32,058 INFO  impl.RaftServerImpl (RaftServerImpl.java:lambda$shutdown$3(245)) - 67fd0bb5-c0c1-4bfc-aa43-3afedda70e00: shutdown group-B811E3FEB0FF
2019-07-30 20:48:32,059 INFO  impl.RaftServerImpl (RaftServerImpl.java:lambda$shutdown$3(245)) - 56ded81d-987f-49f2-aa9f-9899037f588d: shutdown group-CBB4F19A3CAE
2019-07-30 20:48:32,059 INFO  util.JmxRegister (JmxRegister.java:unregister(73)) - Successfully un-registered JMX Bean with object name Ratis:service=RaftServer,group=group-B811E3FEB0FF,id=67fd0bb5-c0c1-4bfc-aa43-3afedda70e00
2019-07-30 20:48:32,060 INFO  impl.RoleInfo (RoleInfo.java:shutdownFollowerState(121)) - 67fd0bb5-c0c1-4bfc-aa43-3afedda70e00: shutdown FollowerState
2019-07-30 20:48:32,060 INFO  impl.StateMachineUpdater (StateMachineUpdater.java:stopAndJoin(115)) - StateMachineUpdater:67fd0bb5-c0c1-4bfc-aa43-3afedda70e00:group-B811E3FEB0FF: set stopIndex = 4
2019-07-30 20:48:32,060 INFO  util.JmxRegister (JmxRegister.java:unregister(73)) - Successfully un-registered JMX Bean with object name Ratis:service=RaftServer,group=group-CBB4F19A3CAE,id=56ded81d-987f-49f2-aa9f-9899037f588d
2019-07-30 20:48:32,061 INFO  impl.FollowerState (FollowerState.java:run(114)) - 67fd0bb5-c0c1-4bfc-aa43-3afedda70e00: FollowerState was interrupted: java.lang.InterruptedException: sleep interrupted
2019-07-30 20:48:32,061 INFO  ratis.ContainerStateMachine (ContainerStateMachine.java:takeSnapshot(262)) - group-B811E3FEB0FF: Taking a snapshot at:(t:1, i:2) file /workdir/hadoop-ozone/integration-test/target/test-dir/MiniOzoneClusterImpl-ffb9f6fc-8aeb-40ae-a3cf-4369b53e790c/datanode-0/data/ratis/785e887a-b442-4c54-9e8c-b811e3feb0ff/sm/snapshot.1_2
2019-07-30 20:48:32,061 INFO  impl.RoleInfo (RoleInfo.java:shutdownLeaderState(104)) - 56ded81d-987f-49f2-aa9f-9899037f588d: shutdown LeaderState
2019-07-30 20:48:32,064 INFO  impl.PendingRequests (PendingRequests.java:sendNotLeaderResponses(202)) - 56ded81d-987f-49f2-aa9f-9899037f588d-PendingRequests: sendNotLeaderResponses
2019-07-30 20:48:32,065 INFO  impl.StateMachineUpdater (StateMachineUpdater.java:stopAndJoin(115)) - StateMachineUpdater:56ded81d-987f-49f2-aa9f-9899037f588d:group-CBB4F19A3CAE: set stopIndex = 0
2019-07-30 20:48:32,065 INFO  impl.RaftServerImpl (ServerState.java:close(394)) - 56ded81d-987f-49f2-aa9f-9899037f588d:group-CBB4F19A3CAE closes. The last applied log index is 0
2019-07-30 20:48:32,066 INFO  segmented.SegmentedRaftLogWorker (SegmentedRaftLogWorker.java:run(313)) - 56ded81d-987f-49f2-aa9f-9899037f588d-SegmentedRaftLogWorker:Storage Directory /workdir/hadoop-ozone/integration-test/target/test-dir/MiniOzoneClusterImpl-ffb9f6fc-8aeb-40ae-a3cf-4369b53e790c/datanode-6/data/ratis/106d7baa-4bc1-498c-8b6a-cbb4f19a3cae was interrupted, exiting. There are 0 tasks remaining in the queue.
2019-07-30 20:48:32,073 INFO  segmented.SegmentedRaftLogWorker (SegmentedRaftLogWorker.java:close(228)) - 56ded81d-987f-49f2-aa9f-9899037f588d-SegmentedRaftLogWorker:Storage Directory /workdir/hadoop-ozone/integration-test/target/test-dir/MiniOzoneClusterImpl-ffb9f6fc-8aeb-40ae-a3cf-4369b53e790c/datanode-6/data/ratis/106d7baa-4bc1-498c-8b6a-cbb4f19a3cae close()
2019-07-30 20:48:32,075 INFO  server.GrpcService (GrpcService.java:closeImpl(155)) - 56ded81d-987f-49f2-aa9f-9899037f588d: shutdown server with port 33051 now
2019-07-30 20:48:32,075 INFO  ratis.ContainerStateMachine (ContainerStateMachine.java:takeSnapshot(273)) - group-B811E3FEB0FF: Finished taking a snapshot at:(t:1, i:2) file:/workdir/hadoop-ozone/integration-test/target/test-dir/MiniOzoneClusterImpl-ffb9f6fc-8aeb-40ae-a3cf-4369b53e790c/datanode-0/data/ratis/785e887a-b442-4c54-9e8c-b811e3feb0ff/sm/snapshot.1_2 time:15
2019-07-30 20:48:32,075 INFO  impl.StateMachineUpdater (StateMachineUpdater.java:takeSnapshot(242)) - StateMachineUpdater:67fd0bb5-c0c1-4bfc-aa43-3afedda70e00:group-B811E3FEB0FF: Took a snapshot at index 2
2019-07-30 20:48:32,077 INFO  impl.StateMachineUpdater (StateMachineUpdater.java:lambda$new$0(80)) - StateMachineUpdater:67fd0bb5-c0c1-4bfc-aa43-3afedda70e00:group-B811E3FEB0FF: snapshotIndex: updateIncreasingly -1 -> 2
2019-07-30 20:48:32,077 INFO  server.GrpcService (GrpcService.java:closeImpl(163)) - 56ded81d-987f-49f2-aa9f-9899037f588d: shutdown server with port 33051 successfully
2019-07-30 20:48:32,077 INFO  impl.RaftServerImpl (ServerState.java:close(394)) - 67fd0bb5-c0c1-4bfc-aa43-3afedda70e00:group-B811E3FEB0FF closes. The last applied log index is 4
2019-07-30 20:48:32,078 INFO  segmented.SegmentedRaftLogWorker (SegmentedRaftLogWorker.java:run(313)) - 67fd0bb5-c0c1-4bfc-aa43-3afedda70e00-SegmentedRaftLogWorker:Storage Directory /workdir/hadoop-ozone/integration-test/target/test-dir/MiniOzoneClusterImpl-ffb9f6fc-8aeb-40ae-a3cf-4369b53e790c/datanode-0/data/ratis/785e887a-b442-4c54-9e8c-b811e3feb0ff was interrupted, exiting. There are 0 tasks remaining in the queue.
2019-07-30 20:48:32,080 INFO  segmented.SegmentedRaftLogWorker (SegmentedRaftLogWorker.java:close(228)) - 67fd0bb5-c0c1-4bfc-aa43-3afedda70e00-SegmentedRaftLogWorker:Storage Directory /workdir/hadoop-ozone/integration-test/target/test-dir/MiniOzoneClusterImpl-ffb9f6fc-8aeb-40ae-a3cf-4369b53e790c/datanode-0/data/ratis/785e887a-b442-4c54-9e8c-b811e3feb0ff close()
2019-07-30 20:48:32,087 INFO  impl.RaftServerImpl (RaftServerImpl.java:lambda$shutdown$3(245)) - 67fd0bb5-c0c1-4bfc-aa43-3afedda70e00: shutdown group-D5AAF51D7BE3
2019-07-30 20:48:32,087 INFO  util.JmxRegister (JmxRegister.java:unregister(73)) - Successfully un-registered JMX Bean with object name Ratis:service=RaftServer,group=group-D5AAF51D7BE3,id=67fd0bb5-c0c1-4bfc-aa43-3afedda70e00
2019-07-30 20:48:32,087 INFO  impl.RoleInfo (RoleInfo.java:shutdownLeaderState(104)) - 67fd0bb5-c0c1-4bfc-aa43-3afedda70e00: shutdown LeaderState
2019-07-30 20:48:32,088 INFO  impl.PendingRequests (PendingRequests.java:sendNotLeaderResponses(202)) - 67fd0bb5-c0c1-4bfc-aa43-3afedda70e00-PendingRequests: sendNotLeaderResponses
2019-07-30 20:48:32,088 INFO  impl.StateMachineUpdater (StateMachineUpdater.java:stopAndJoin(115)) - StateMachineUpdater:67fd0bb5-c0c1-4bfc-aa43-3afedda70e00:group-D5AAF51D7BE3: set stopIndex = 0
2019-07-30 20:48:32,089 INFO  utils.BackgroundService (BackgroundService.java:shutdown(148)) - Shutting down service BlockDeletingService
2019-07-30 20:48:32,089 INFO  impl.RaftServerImpl (ServerState.java:close(394)) - 67fd0bb5-c0c1-4bfc-aa43-3afedda70e00:group-D5AAF51D7BE3 closes. The last applied log index is 0
2019-07-30 20:48:32,089 INFO  segmented.SegmentedRaftLogWorker (SegmentedRaftLogWorker.java:run(313)) - 67fd0bb5-c0c1-4bfc-aa43-3afedda70e00-SegmentedRaftLogWorker:Storage Directory /workdir/hadoop-ozone/integration-test/target/test-dir/MiniOzoneClusterImpl-ffb9f6fc-8aeb-40ae-a3cf-4369b53e790c/datanode-0/data/ratis/8c504359-91a2-4522-8632-d5aaf51d7be3 was interrupted, exiting. There are 0 tasks remaining in the queue.
2019-07-30 20:48:32,090 INFO  segmented.SegmentedRaftLogWorker (SegmentedRaftLogWorker.java:close(228)) - 67fd0bb5-c0c1-4bfc-aa43-3afedda70e00-SegmentedRaftLogWorker:Storage Directory /workdir/hadoop-ozone/integration-test/target/test-dir/MiniOzoneClusterImpl-ffb9f6fc-8aeb-40ae-a3cf-4369b53e790c/datanode-0/data/ratis/8c504359-91a2-4522-8632-d5aaf51d7be3 close()
2019-07-30 20:48:32,090 INFO  server.GrpcService (GrpcService.java:closeImpl(155)) - 67fd0bb5-c0c1-4bfc-aa43-3afedda70e00: shutdown server with port 40897 now
2019-07-30 20:48:32,091 INFO  server.GrpcService (GrpcService.java:closeImpl(163)) - 67fd0bb5-c0c1-4bfc-aa43-3afedda70e00: shutdown server with port 40897 successfully
2019-07-30 20:48:32,091 WARN  fs.CachingGetSpaceUsed (CachingGetSpaceUsed.java:run(183)) - Thread Interrupted waiting to refresh disk information: sleep interrupted
2019-07-30 20:48:32,093 INFO  utils.BackgroundService (BackgroundService.java:shutdown(148)) - Shutting down service BlockDeletingService
2019-07-30 20:48:32,095 WARN  fs.CachingGetSpaceUsed (CachingGetSpaceUsed.java:run(183)) - Thread Interrupted waiting to refresh disk information: sleep interrupted
2019-07-30 20:48:32,108 INFO  statemachine.DatanodeStateMachine (DatanodeStateMachine.java:stopDaemon(395)) - Ozone container server stopped.
2019-07-30 20:48:32,112 INFO  handler.ContextHandler (ContextHandler.java:doStop(910)) - Stopped o.e.j.w.WebAppContext@24e2355c{/,null,UNAVAILABLE}{/hddsDatanode}
2019-07-30 20:48:32,112 INFO  server.AbstractConnector (AbstractConnector.java:doStop(318)) - Stopped ServerConnector@19739906{HTTP/1.1,[http/1.1]}{0.0.0.0:0}
2019-07-30 20:48:32,116 INFO  statemachine.DatanodeStateMachine (DatanodeStateMachine.java:stopDaemon(395)) - Ozone container server stopped.
2019-07-30 20:48:32,116 INFO  handler.ContextHandler (ContextHandler.java:doStop(910)) - Stopped o.e.j.s.ServletContextHandler@41f40dfa{/static,jar:file:/home/user/.m2/repository/org/apache/hadoop/hadoop-hdds-container-service/0.4.1-SNAPSHOT/hadoop-hdds-container-service-0.4.1-SNAPSHOT.jar!/webapps/static,UNAVAILABLE}
2019-07-30 20:48:32,119 INFO  handler.ContextHandler (ContextHandler.java:doStop(910)) - Stopped o.e.j.s.ServletContextHandler@6c9151c1{/logs,file:///workdir/hadoop-ozone/integration-test/target/log,UNAVAILABLE}
2019-07-30 20:48:32,121 INFO  handler.ContextHandler (ContextHandler.java:doStop(910)) - Stopped o.e.j.w.WebAppContext@27d73d22{/,null,UNAVAILABLE}{/hddsDatanode}
2019-07-30 20:48:32,121 INFO  datanode.ObjectStoreHandler (ObjectStoreHandler.java:close(155)) - Closing ObjectStoreHandler.
2019-07-30 20:48:32,122 INFO  ozone.HddsDatanodeService (HddsDatanodeService.java:stop(451)) - Stopped plug-in org.apache.hadoop.ozone.web.OzoneHddsDatanodeService@355493bf
2019-07-30 20:48:32,122 INFO  server.AbstractConnector (AbstractConnector.java:doStop(318)) - Stopped ServerConnector@7fd751de{HTTP/1.1,[http/1.1]}{0.0.0.0:0}
2019-07-30 20:48:32,126 INFO  handler.ContextHandler (ContextHandler.java:doStop(910)) - Stopped o.e.j.s.ServletContextHandler@5df92089{/static,jar:file:/home/user/.m2/repository/org/apache/hadoop/hadoop-hdds-container-service/0.4.1-SNAPSHOT/hadoop-hdds-container-service-0.4.1-SNAPSHOT.jar!/webapps/static,UNAVAILABLE}
2019-07-30 20:48:32,126 INFO  handler.ContextHandler (ContextHandler.java:doStop(910)) - Stopped o.e.j.s.ServletContextHandler@505f45cc{/logs,file:///workdir/hadoop-ozone/integration-test/target/log,UNAVAILABLE}
2019-07-30 20:48:32,594 INFO  statemachine.DatanodeStateMachine (DatanodeStateMachine.java:lambda$startDaemon$0(350)) - Ozone container server started.
2019-07-30 20:48:34,026 WARN  server.GrpcLogAppender (LogUtils.java:warn(134)) - 7b88eab7-40d3-44f9-bba1-d355e9b397b1->1525dfdd-5dc8-4a44-94e3-3fda5b46bc14: Failed appendEntries: org.apache.ratis.thirdparty.io.grpc.StatusRuntimeException: UNAVAILABLE: io exception
2019-07-30 20:48:34,028 INFO  impl.FollowerInfo (FollowerInfo.java:lambda$new$0(50)) - 7b88eab7-40d3-44f9-bba1-d355e9b397b1->1525dfdd-5dc8-4a44-94e3-3fda5b46bc14: nextIndex: updateUnconditionally 0 -> 0
2019-07-30 20:48:34,038 WARN  server.GrpcLogAppender (LogUtils.java:warn(134)) - 7b88eab7-40d3-44f9-bba1-d355e9b397b1->5f909b24-f0ea-4ba0-868d-f5894a228f85: Failed appendEntries: org.apache.ratis.thirdparty.io.grpc.StatusRuntimeException: UNAVAILABLE: io exception
2019-07-30 20:48:34,040 INFO  impl.FollowerInfo (FollowerInfo.java:lambda$new$0(50)) - 7b88eab7-40d3-44f9-bba1-d355e9b397b1->5f909b24-f0ea-4ba0-868d-f5894a228f85: nextIndex: updateUnconditionally 0 -> 0
2019-07-30 20:48:36,527 WARN  server.GrpcLogAppender (LogUtils.java:warn(134)) - 7b88eab7-40d3-44f9-bba1-d355e9b397b1->1525dfdd-5dc8-4a44-94e3-3fda5b46bc14: Failed appendEntries: org.apache.ratis.thirdparty.io.grpc.StatusRuntimeException: UNAVAILABLE: io exception
2019-07-30 20:48:36,532 INFO  impl.FollowerInfo (FollowerInfo.java:lambda$new$0(50)) - 7b88eab7-40d3-44f9-bba1-d355e9b397b1->1525dfdd-5dc8-4a44-94e3-3fda5b46bc14: nextIndex: updateUnconditionally 0 -> 0
2019-07-30 20:48:36,534 WARN  server.GrpcLogAppender (LogUtils.java:warn(134)) - 7b88eab7-40d3-44f9-bba1-d355e9b397b1->5f909b24-f0ea-4ba0-868d-f5894a228f85: Failed appendEntries: org.apache.ratis.thirdparty.io.grpc.StatusRuntimeException: UNAVAILABLE: io exception
2019-07-30 20:48:36,535 INFO  impl.FollowerInfo (FollowerInfo.java:lambda$new$0(50)) - 7b88eab7-40d3-44f9-bba1-d355e9b397b1->5f909b24-f0ea-4ba0-868d-f5894a228f85: nextIndex: updateUnconditionally 0 -> 0
2019-07-30 20:48:37,123 INFO  ozoneimpl.OzoneContainer (OzoneContainer.java:stop(199)) - Attempting to stop container services.
2019-07-30 20:48:37,124 INFO  impl.RaftServerProxy (RaftServerProxy.java:lambda$close$4(314)) - 7b88eab7-40d3-44f9-bba1-d355e9b397b1: close
2019-07-30 20:48:37,125 INFO  impl.RaftServerImpl (RaftServerImpl.java:lambda$shutdown$3(245)) - 7b88eab7-40d3-44f9-bba1-d355e9b397b1: shutdown group-E59733E078E6
2019-07-30 20:48:37,125 INFO  util.JmxRegister (JmxRegister.java:unregister(73)) - Successfully un-registered JMX Bean with object name Ratis:service=RaftServer,group=group-E59733E078E6,id=7b88eab7-40d3-44f9-bba1-d355e9b397b1
2019-07-30 20:48:37,125 INFO  impl.RoleInfo (RoleInfo.java:shutdownLeaderState(104)) - 7b88eab7-40d3-44f9-bba1-d355e9b397b1: shutdown LeaderState
2019-07-30 20:48:37,126 INFO  impl.PendingRequests (PendingRequests.java:sendNotLeaderResponses(202)) - 7b88eab7-40d3-44f9-bba1-d355e9b397b1-PendingRequests: sendNotLeaderResponses
2019-07-30 20:48:37,126 INFO  impl.StateMachineUpdater (StateMachineUpdater.java:stopAndJoin(115)) - StateMachineUpdater:7b88eab7-40d3-44f9-bba1-d355e9b397b1:group-E59733E078E6: set stopIndex = 0
2019-07-30 20:48:37,127 INFO  impl.RaftServerImpl (ServerState.java:close(394)) - 7b88eab7-40d3-44f9-bba1-d355e9b397b1:group-E59733E078E6 closes. The last applied log index is 0
2019-07-30 20:48:37,127 INFO  segmented.SegmentedRaftLogWorker (SegmentedRaftLogWorker.java:run(313)) - 7b88eab7-40d3-44f9-bba1-d355e9b397b1-SegmentedRaftLogWorker:Storage Directory /workdir/hadoop-ozone/integration-test/target/test-dir/MiniOzoneClusterImpl-ffb9f6fc-8aeb-40ae-a3cf-4369b53e790c/datanode-5/data/ratis/f56f628c-fe4c-4740-beaa-e59733e078e6 was interrupted, exiting. There are 0 tasks remaining in the queue.
2019-07-30 20:48:37,128 INFO  segmented.SegmentedRaftLogWorker (SegmentedRaftLogWorker.java:close(228)) - 7b88eab7-40d3-44f9-bba1-d355e9b397b1-SegmentedRaftLogWorker:Storage Directory /workdir/hadoop-ozone/integration-test/target/test-dir/MiniOzoneClusterImpl-ffb9f6fc-8aeb-40ae-a3cf-4369b53e790c/datanode-5/data/ratis/f56f628c-fe4c-4740-beaa-e59733e078e6 close()
2019-07-30 20:48:37,128 INFO  impl.RaftServerImpl (RaftServerImpl.java:lambda$shutdown$3(245)) - 7b88eab7-40d3-44f9-bba1-d355e9b397b1: shutdown group-483AF7B15048
2019-07-30 20:48:37,129 INFO  util.JmxRegister (JmxRegister.java:unregister(73)) - Successfully un-registered JMX Bean with object name Ratis:service=RaftServer,group=group-483AF7B15048,id=7b88eab7-40d3-44f9-bba1-d355e9b397b1
2019-07-30 20:48:37,129 INFO  impl.RoleInfo (RoleInfo.java:shutdownLeaderState(104)) - 7b88eab7-40d3-44f9-bba1-d355e9b397b1: shutdown LeaderState
2019-07-30 20:48:37,132 WARN  server.GrpcLogAppender (GrpcLogAppender.java:mayWait(143)) - GrpcLogAppender(7b88eab7-40d3-44f9-bba1-d355e9b397b1->5f909b24-f0ea-4ba0-868d-f5894a228f85): Wait interrupted by java.lang.InterruptedException
2019-07-30 20:48:37,132 INFO  impl.PendingRequests (PendingRequests.java:sendNotLeaderResponses(202)) - 7b88eab7-40d3-44f9-bba1-d355e9b397b1-PendingRequests: sendNotLeaderResponses
2019-07-30 20:48:37,132 WARN  server.GrpcLogAppender (GrpcLogAppender.java:mayWait(143)) - GrpcLogAppender(7b88eab7-40d3-44f9-bba1-d355e9b397b1->1525dfdd-5dc8-4a44-94e3-3fda5b46bc14): Wait interrupted by java.lang.InterruptedException
2019-07-30 20:48:37,138 INFO  impl.StateMachineUpdater (StateMachineUpdater.java:stopAndJoin(115)) - StateMachineUpdater:7b88eab7-40d3-44f9-bba1-d355e9b397b1:group-483AF7B15048: set stopIndex = 2
2019-07-30 20:48:37,138 INFO  ratis.ContainerStateMachine (ContainerStateMachine.java:takeSnapshot(262)) - group-483AF7B15048: Taking a snapshot at:(t:1, i:2) file /workdir/hadoop-ozone/integration-test/target/test-dir/MiniOzoneClusterImpl-ffb9f6fc-8aeb-40ae-a3cf-4369b53e790c/datanode-5/data/ratis/9df57ef9-ade1-4eb5-813f-483af7b15048/sm/snapshot.1_2
2019-07-30 20:48:37,192 INFO  ratis.ContainerStateMachine (ContainerStateMachine.java:takeSnapshot(273)) - group-483AF7B15048: Finished taking a snapshot at:(t:1, i:2) file:/workdir/hadoop-ozone/integration-test/target/test-dir/MiniOzoneClusterImpl-ffb9f6fc-8aeb-40ae-a3cf-4369b53e790c/datanode-5/data/ratis/9df57ef9-ade1-4eb5-813f-483af7b15048/sm/snapshot.1_2 time:54
2019-07-30 20:48:37,192 INFO  impl.StateMachineUpdater (StateMachineUpdater.java:takeSnapshot(242)) - StateMachineUpdater:7b88eab7-40d3-44f9-bba1-d355e9b397b1:group-483AF7B15048: Took a snapshot at index 2
2019-07-30 20:48:37,192 INFO  impl.StateMachineUpdater (StateMachineUpdater.java:lambda$new$0(80)) - StateMachineUpdater:7b88eab7-40d3-44f9-bba1-d355e9b397b1:group-483AF7B15048: snapshotIndex: updateIncreasingly -1 -> 2
2019-07-30 20:48:37,192 INFO  impl.RaftServerImpl (ServerState.java:close(394)) - 7b88eab7-40d3-44f9-bba1-d355e9b397b1:group-483AF7B15048 closes. The last applied log index is 2
2019-07-30 20:48:37,193 INFO  segmented.SegmentedRaftLogWorker (SegmentedRaftLogWorker.java:run(313)) - 7b88eab7-40d3-44f9-bba1-d355e9b397b1-SegmentedRaftLogWorker:Storage Directory /workdir/hadoop-ozone/integration-test/target/test-dir/MiniOzoneClusterImpl-ffb9f6fc-8aeb-40ae-a3cf-4369b53e790c/datanode-5/data/ratis/9df57ef9-ade1-4eb5-813f-483af7b15048 was interrupted, exiting. There are 0 tasks remaining in the queue.
2019-07-30 20:48:37,193 INFO  segmented.SegmentedRaftLogWorker (SegmentedRaftLogWorker.java:close(228)) - 7b88eab7-40d3-44f9-bba1-d355e9b397b1-SegmentedRaftLogWorker:Storage Directory /workdir/hadoop-ozone/integration-test/target/test-dir/MiniOzoneClusterImpl-ffb9f6fc-8aeb-40ae-a3cf-4369b53e790c/datanode-5/data/ratis/9df57ef9-ade1-4eb5-813f-483af7b15048 close()
2019-07-30 20:48:37,194 INFO  server.GrpcService (GrpcService.java:closeImpl(155)) - 7b88eab7-40d3-44f9-bba1-d355e9b397b1: shutdown server with port 44759 now
2019-07-30 20:48:37,195 INFO  server.GrpcService (GrpcService.java:closeImpl(163)) - 7b88eab7-40d3-44f9-bba1-d355e9b397b1: shutdown server with port 44759 successfully
2019-07-30 20:48:37,196 INFO  utils.BackgroundService (BackgroundService.java:shutdown(148)) - Shutting down service BlockDeletingService
2019-07-30 20:48:37,197 WARN  fs.CachingGetSpaceUsed (CachingGetSpaceUsed.java:run(183)) - Thread Interrupted waiting to refresh disk information: sleep interrupted
2019-07-30 20:48:37,216 INFO  statemachine.DatanodeStateMachine (DatanodeStateMachine.java:stopDaemon(395)) - Ozone container server stopped.
2019-07-30 20:48:37,217 INFO  handler.ContextHandler (ContextHandler.java:doStop(910)) - Stopped o.e.j.w.WebAppContext@3534651a{/,null,UNAVAILABLE}{/hddsDatanode}
2019-07-30 20:48:37,217 INFO  server.AbstractConnector (AbstractConnector.java:doStop(318)) - Stopped ServerConnector@2d593b56{HTTP/1.1,[http/1.1]}{0.0.0.0:0}
2019-07-30 20:48:37,218 INFO  handler.ContextHandler (ContextHandler.java:doStop(910)) - Stopped o.e.j.s.ServletContextHandler@1450ffa3{/static,jar:file:/home/user/.m2/repository/org/apache/hadoop/hadoop-hdds-container-service/0.4.1-SNAPSHOT/hadoop-hdds-container-service-0.4.1-SNAPSHOT.jar!/webapps/static,UNAVAILABLE}
2019-07-30 20:48:37,218 INFO  handler.ContextHandler (ContextHandler.java:doStop(910)) - Stopped o.e.j.s.ServletContextHandler@53e4a19e{/logs,file:///workdir/hadoop-ozone/integration-test/target/log,UNAVAILABLE}
2019-07-30 20:48:37,219 INFO  ozone.MiniOzoneClusterImpl (MiniOzoneClusterImpl.java:stop(353)) - Stopping the StorageContainerManager
2019-07-30 20:48:37,220 INFO  server.StorageContainerManager (StorageContainerManager.java:stop(796)) - Stopping Replication Manager Service.
2019-07-30 20:48:37,220 INFO  container.ReplicationManager (ReplicationManager.java:stop(187)) - Stopping Replication Monitor Thread.
2019-07-30 20:48:37,220 INFO  server.StorageContainerManager (StorageContainerManager.java:stop(803)) - Stopping Lease Manager of the command watchers
2019-07-30 20:48:37,220 INFO  server.StorageContainerManager (StorageContainerManager.java:stop(810)) - Stopping datanode service RPC server
2019-07-30 20:48:37,220 INFO  server.SCMDatanodeProtocolServer (SCMDatanodeProtocolServer.java:stop(367)) - Stopping the RPC server for DataNodes
2019-07-30 20:48:37,220 INFO  ipc.Server (Server.java:stop(3082)) - Stopping server on 45427
2019-07-30 20:48:37,223 INFO  ipc.Server (Server.java:run(1185)) - Stopping IPC Server listener on 45427
2019-07-30 20:48:37,223 INFO  ipc.Server (Server.java:run(1319)) - Stopping IPC Server Responder
2019-07-30 20:48:37,252 WARN  node.NodeStateManager (NodeStateManager.java:scheduleNextHealthCheck(631)) - Current Thread is interrupted, shutting down HB processing thread for Node Manager.
2019-07-30 20:48:37,252 INFO  server.StorageContainerManager (StorageContainerManager.java:stop(818)) - Stopping block service RPC server
2019-07-30 20:48:37,252 INFO  server.SCMBlockProtocolServer (SCMBlockProtocolServer.java:stop(148)) - Stopping the RPC server for Block Protocol
2019-07-30 20:48:37,252 INFO  ipc.Server (Server.java:stop(3082)) - Stopping server on 45587
2019-07-30 20:48:37,257 INFO  server.StorageContainerManager (StorageContainerManager.java:stop(825)) - Stopping the StorageContainerLocationProtocol RPC server
2019-07-30 20:48:37,257 INFO  ipc.Server (Server.java:run(1185)) - Stopping IPC Server listener on 45587
2019-07-30 20:48:37,258 INFO  server.SCMClientProtocolServer (SCMClientProtocolServer.java:stop(159)) - Stopping the RPC server for Client Protocol
2019-07-30 20:48:37,259 INFO  ipc.Server (Server.java:stop(3082)) - Stopping server on 45770
2019-07-30 20:48:37,257 INFO  ipc.Server (Server.java:run(1319)) - Stopping IPC Server Responder
2019-07-30 20:48:37,261 INFO  ipc.Server (Server.java:run(1185)) - Stopping IPC Server listener on 45770
2019-07-30 20:48:37,261 INFO  server.StorageContainerManager (StorageContainerManager.java:stop(832)) - Stopping Storage Container Manager HTTP server.
2019-07-30 20:48:37,263 INFO  ipc.Server (Server.java:run(1319)) - Stopping IPC Server Responder
2019-07-30 20:48:37,263 INFO  handler.ContextHandler (ContextHandler.java:doStop(910)) - Stopped o.e.j.w.WebAppContext@456aa471{/,null,UNAVAILABLE}{/scm}
2019-07-30 20:48:37,264 INFO  server.AbstractConnector (AbstractConnector.java:doStop(318)) - Stopped ServerConnector@69e2fe3b{HTTP/1.1,[http/1.1]}{0.0.0.0:0}
2019-07-30 20:48:37,264 INFO  handler.ContextHandler (ContextHandler.java:doStop(910)) - Stopped o.e.j.s.ServletContextHandler@45e7bb79{/static,file:///workdir/hadoop-ozone/integration-test/target/test-classes/webapps/static,UNAVAILABLE}
2019-07-30 20:48:37,264 INFO  handler.ContextHandler (ContextHandler.java:doStop(910)) - Stopped o.e.j.s.ServletContextHandler@9f9146d{/logs,file:///workdir/hadoop-ozone/integration-test/target/log,UNAVAILABLE}
2019-07-30 20:48:37,265 INFO  server.StorageContainerManager (StorageContainerManager.java:stop(843)) - Stopping Block Manager Service.
2019-07-30 20:48:37,266 INFO  utils.BackgroundService (BackgroundService.java:shutdown(148)) - Shutting down service SCMBlockDeletingService
2019-07-30 20:48:37,266 INFO  utils.BackgroundService (BackgroundService.java:shutdown(148)) - Shutting down service SCMBlockDeletingService
2019-07-30 20:48:37,266 INFO  server.StorageContainerManager (StorageContainerManager.java:stop(865)) - Stopping SCM Event Queue.
2019-07-30 20:48:37,278 INFO  impl.MetricsSystemImpl (MetricsSystemImpl.java:stop(210)) - Stopping HddsDatanode metrics system...
2019-07-30 20:48:37,284 INFO  impl.MetricsSystemImpl (MetricsSystemImpl.java:stop(216)) - HddsDatanode metrics system stopped.
]]></system-out>
    <system-err><![CDATA[Jul 30, 2019 8:48:05 PM com.sun.jersey.server.impl.application.WebApplicationImpl _initiate
INFO: Initiating Jersey application, version 'Jersey: 1.19 02/11/2015 03:25 AM'
Jul 30, 2019 8:48:06 PM com.sun.jersey.server.impl.application.WebApplicationImpl _initiate
INFO: Initiating Jersey application, version 'Jersey: 1.19 02/11/2015 03:25 AM'
Jul 30, 2019 8:48:06 PM com.sun.jersey.server.impl.application.WebApplicationImpl _initiate
INFO: Initiating Jersey application, version 'Jersey: 1.19 02/11/2015 03:25 AM'
Jul 30, 2019 8:48:06 PM com.sun.jersey.server.impl.application.WebApplicationImpl _initiate
INFO: Initiating Jersey application, version 'Jersey: 1.19 02/11/2015 03:25 AM'
Jul 30, 2019 8:48:06 PM com.sun.jersey.server.impl.application.WebApplicationImpl _initiate
INFO: Initiating Jersey application, version 'Jersey: 1.19 02/11/2015 03:25 AM'
Jul 30, 2019 8:48:06 PM com.sun.jersey.server.impl.application.WebApplicationImpl _initiate
INFO: Initiating Jersey application, version 'Jersey: 1.19 02/11/2015 03:25 AM'
Jul 30, 2019 8:48:07 PM com.sun.jersey.server.impl.application.WebApplicationImpl _initiate
INFO: Initiating Jersey application, version 'Jersey: 1.19 02/11/2015 03:25 AM'
]]></system-err>
  </testcase>
</testsuite>