<?xml version="1.0" encoding="UTF-8"?>
<testsuite xmlns:xsi="http://www.w3.org/2001/XMLSchema-instance" xsi:noNamespaceSchemaLocation="https://maven.apache.org/surefire/maven-surefire-plugin/xsd/surefire-test-report.xsd" name="org.apache.hadoop.ozone.client.rpc.TestMultiBlockWritesWithDnFailures" time="21.242" tests="1" errors="1" skipped="0" failures="0">
  <properties>
    <property name="awt.toolkit" value="sun.awt.X11.XToolkit"/>
    <property name="file.encoding.pkg" value="sun.io"/>
    <property name="java.specification.version" value="1.8"/>
    <property name="sun.cpu.isalist" value=""/>
    <property name="sun.jnu.encoding" value="UTF-8"/>
    <property name="java.class.path" value="/workdir/hadoop-ozone/integration-test/target/test-classes:/workdir/hadoop-ozone/integration-test/target/classes:/home/user/.m2/repository/org/apache/hadoop/hadoop-ozone-common/0.4.1-SNAPSHOT/hadoop-ozone-common-0.4.1-SNAPSHOT.jar:/home/user/.m2/repository/org/apache/commons/commons-compress/1.4.1/commons-compress-1.4.1.jar:/home/user/.m2/repository/org/tukaani/xz/1.0/xz-1.0.jar:/home/user/.m2/repository/org/apache/hadoop/hadoop-common/3.2.0/hadoop-common-3.2.0.jar:/home/user/.m2/repository/org/apache/hadoop/hadoop-hdfs/3.2.0/hadoop-hdfs-3.2.0.jar:/home/user/.m2/repository/org/apache/hadoop/hadoop-hdfs-client/3.2.0/hadoop-hdfs-client-3.2.0.jar:/home/user/.m2/repository/com/fasterxml/jackson/core/jackson-annotations/2.9.5/jackson-annotations-2.9.5.jar:/home/user/.m2/repository/org/apache/hadoop/hadoop-hdds-common/0.4.1-SNAPSHOT/hadoop-hdds-common-0.4.1-SNAPSHOT.jar:/home/user/.m2/repository/javax/annotation/javax.annotation-api/1.2/javax.annotation-api-1.2.jar:/home/user/.m2/repository/org/apache/ratis/ratis-server/0.4.0-2337318-SNAPSHOT/ratis-server-0.4.0-2337318-SNAPSHOT.jar:/home/user/.m2/repository/org/apache/ratis/ratis-thirdparty-misc/0.2.0/ratis-thirdparty-misc-0.2.0.jar:/home/user/.m2/repository/org/apache/ratis/ratis-proto/0.4.0-2337318-SNAPSHOT/ratis-proto-0.4.0-2337318-SNAPSHOT.jar:/home/user/.m2/repository/org/apache/ratis/ratis-common/0.4.0-2337318-SNAPSHOT/ratis-common-0.4.0-2337318-SNAPSHOT.jar:/home/user/.m2/repository/org/apache/ratis/ratis-client/0.4.0-2337318-SNAPSHOT/ratis-client-0.4.0-2337318-SNAPSHOT.jar:/home/user/.m2/repository/org/apache/ratis/ratis-metrics/0.4.0-2337318-SNAPSHOT/ratis-metrics-0.4.0-2337318-SNAPSHOT.jar:/home/user/.m2/repository/org/apache/ratis/ratis-netty/0.4.0-2337318-SNAPSHOT/ratis-netty-0.4.0-2337318-SNAPSHOT.jar:/home/user/.m2/repository/org/apache/ratis/ratis-grpc/0.4.0-2337318-SNAPSHOT/ratis-grpc-0.4.0-2337318-SNAPSHOT.jar:/home/user/.m2/repository/org/rocksdb/rocksdbjni/6.0.1/rocksdbjni-6.0.1.jar:/home/user/.m2/repository/org/apache/logging/log4j/log4j-api/2.11.0/log4j-api-2.11.0.jar:/home/user/.m2/repository/org/apache/logging/log4j/log4j-core/2.11.0/log4j-core-2.11.0.jar:/home/user/.m2/repository/com/lmax/disruptor/3.4.2/disruptor-3.4.2.jar:/home/user/.m2/repository/org/apache/commons/commons-pool2/2.6.0/commons-pool2-2.6.0.jar:/home/user/.m2/repository/org/bouncycastle/bcpkix-jdk15on/1.60/bcpkix-jdk15on-1.60.jar:/home/user/.m2/repository/commons-validator/commons-validator/1.6/commons-validator-1.6.jar:/home/user/.m2/repository/commons-digester/commons-digester/1.8.1/commons-digester-1.8.1.jar:/home/user/.m2/repository/io/jaegertracing/jaeger-client/0.33.1/jaeger-client-0.33.1.jar:/home/user/.m2/repository/io/jaegertracing/jaeger-thrift/0.33.1/jaeger-thrift-0.33.1.jar:/home/user/.m2/repository/org/apache/thrift/libthrift/0.11.0/libthrift-0.11.0.jar:/home/user/.m2/repository/com/squareup/okhttp3/okhttp/3.9.0/okhttp-3.9.0.jar:/home/user/.m2/repository/com/squareup/okio/okio/1.13.0/okio-1.13.0.jar:/home/user/.m2/repository/io/jaegertracing/jaeger-core/0.33.1/jaeger-core-0.33.1.jar:/home/user/.m2/repository/io/jaegertracing/jaeger-tracerresolver/0.33.1/jaeger-tracerresolver-0.33.1.jar:/home/user/.m2/repository/io/opentracing/contrib/opentracing-tracerresolver/0.1.5/opentracing-tracerresolver-0.1.5.jar:/home/user/.m2/repository/io/opentracing/opentracing-util/0.31.0/opentracing-util-0.31.0.jar:/home/user/.m2/repository/io/opentracing/opentracing-api/0.31.0/opentracing-api-0.31.0.jar:/home/user/.m2/repository/io/opentracing/opentracing-noop/0.31.0/opentracing-noop-0.31.0.jar:/home/user/.m2/repository/org/apache/hadoop/hadoop-hdds-server-framework/0.4.1-SNAPSHOT/hadoop-hdds-server-framework-0.4.1-SNAPSHOT.jar:/home/user/.m2/repository/org/apache/hadoop/hadoop-hdds-container-service/0.4.1-SNAPSHOT/hadoop-hdds-container-service-0.4.1-SNAPSHOT.jar:/home/user/.m2/repository/org/apache/hadoop/hadoop-hdds-client/0.4.1-SNAPSHOT/hadoop-hdds-client-0.4.1-SNAPSHOT.jar:/home/user/.m2/repository/org/apache/hadoop/hadoop-hdds-tools/0.4.1-SNAPSHOT/hadoop-hdds-tools-0.4.1-SNAPSHOT.jar:/home/user/.m2/repository/org/apache/hadoop/hadoop-hdds-server-scm/0.4.1-SNAPSHOT/hadoop-hdds-server-scm-0.4.1-SNAPSHOT.jar:/home/user/.m2/repository/org/apache/hadoop/hadoop-hdds-docs/0.4.1-SNAPSHOT/hadoop-hdds-docs-0.4.1-SNAPSHOT.jar:/home/user/.m2/repository/io/dropwizard/metrics/metrics-core/3.2.4/metrics-core-3.2.4.jar:/home/user/.m2/repository/org/hamcrest/hamcrest-all/1.3/hamcrest-all-1.3.jar:/home/user/.m2/repository/org/bouncycastle/bcprov-jdk15on/1.60/bcprov-jdk15on-1.60.jar:/home/user/.m2/repository/info/picocli/picocli/3.9.6/picocli-3.9.6.jar:/home/user/.m2/repository/com/google/protobuf/protobuf-java/2.5.0/protobuf-java-2.5.0.jar:/home/user/.m2/repository/com/google/guava/guava/11.0.2/guava-11.0.2.jar:/home/user/.m2/repository/org/apache/hadoop/hadoop-ozone-ozone-manager/0.4.1-SNAPSHOT/hadoop-ozone-ozone-manager-0.4.1-SNAPSHOT.jar:/home/user/.m2/repository/org/apache/hadoop/hadoop-minikdc/3.2.0/hadoop-minikdc-3.2.0.jar:/home/user/.m2/repository/commons-io/commons-io/2.5/commons-io-2.5.jar:/home/user/.m2/repository/org/apache/kerby/kerb-simplekdc/1.0.1/kerb-simplekdc-1.0.1.jar:/home/user/.m2/repository/org/apache/kerby/kerb-client/1.0.1/kerb-client-1.0.1.jar:/home/user/.m2/repository/org/apache/kerby/kerby-config/1.0.1/kerby-config-1.0.1.jar:/home/user/.m2/repository/org/apache/kerby/kerb-core/1.0.1/kerb-core-1.0.1.jar:/home/user/.m2/repository/org/apache/kerby/kerby-pkix/1.0.1/kerby-pkix-1.0.1.jar:/home/user/.m2/repository/org/apache/kerby/kerby-asn1/1.0.1/kerby-asn1-1.0.1.jar:/home/user/.m2/repository/org/apache/kerby/kerby-util/1.0.1/kerby-util-1.0.1.jar:/home/user/.m2/repository/org/apache/kerby/kerb-common/1.0.1/kerb-common-1.0.1.jar:/home/user/.m2/repository/org/apache/kerby/kerb-crypto/1.0.1/kerb-crypto-1.0.1.jar:/home/user/.m2/repository/org/apache/kerby/kerb-util/1.0.1/kerb-util-1.0.1.jar:/home/user/.m2/repository/org/apache/kerby/token-provider/1.0.1/token-provider-1.0.1.jar:/home/user/.m2/repository/org/apache/kerby/kerb-admin/1.0.1/kerb-admin-1.0.1.jar:/home/user/.m2/repository/org/apache/kerby/kerb-server/1.0.1/kerb-server-1.0.1.jar:/home/user/.m2/repository/org/apache/kerby/kerb-identity/1.0.1/kerb-identity-1.0.1.jar:/home/user/.m2/repository/org/apache/kerby/kerby-xdr/1.0.1/kerby-xdr-1.0.1.jar:/home/user/.m2/repository/org/slf4j/slf4j-log4j12/1.7.25/slf4j-log4j12-1.7.25.jar:/home/user/.m2/repository/org/apache/hadoop/hadoop-ozone-objectstore-service/0.4.1-SNAPSHOT/hadoop-ozone-objectstore-service-0.4.1-SNAPSHOT.jar:/home/user/.m2/repository/org/apache/hadoop/hadoop-ozone-s3gateway/0.4.1-SNAPSHOT/hadoop-ozone-s3gateway-0.4.1-SNAPSHOT.jar:/home/user/.m2/repository/org/jboss/weld/servlet/weld-servlet/2.4.7.Final/weld-servlet-2.4.7.Final.jar:/home/user/.m2/repository/org/glassfish/jersey/containers/jersey-container-servlet-core/2.27/jersey-container-servlet-core-2.27.jar:/home/user/.m2/repository/org/glassfish/hk2/external/javax.inject/2.5.0-b42/javax.inject-2.5.0-b42.jar:/home/user/.m2/repository/org/glassfish/jersey/core/jersey-common/2.27/jersey-common-2.27.jar:/home/user/.m2/repository/org/glassfish/hk2/osgi-resource-locator/1.0.1/osgi-resource-locator-1.0.1.jar:/home/user/.m2/repository/javax/ws/rs/javax.ws.rs-api/2.1/javax.ws.rs-api-2.1.jar:/home/user/.m2/repository/org/glassfish/jersey/ext/cdi/jersey-cdi1x/2.27/jersey-cdi1x-2.27.jar:/home/user/.m2/repository/org/glassfish/jersey/inject/jersey-hk2/2.27/jersey-hk2-2.27.jar:/home/user/.m2/repository/org/glassfish/hk2/hk2-locator/2.5.0-b42/hk2-locator-2.5.0-b42.jar:/home/user/.m2/repository/org/javassist/javassist/3.22.0-CR2/javassist-3.22.0-CR2.jar:/home/user/.m2/repository/org/glassfish/hk2/hk2-api/2.5.0/hk2-api-2.5.0.jar:/home/user/.m2/repository/org/glassfish/hk2/external/jakarta.inject/2.5.0/jakarta.inject-2.5.0.jar:/home/user/.m2/repository/org/glassfish/hk2/hk2-utils/2.5.0/hk2-utils-2.5.0.jar:/home/user/.m2/repository/jakarta/annotation/jakarta.annotation-api/1.3.4/jakarta.annotation-api-1.3.4.jar:/home/user/.m2/repository/org/glassfish/hk2/external/aopalliance-repackaged/2.5.0/aopalliance-repackaged-2.5.0.jar:/home/user/.m2/repository/com/fasterxml/jackson/dataformat/jackson-dataformat-xml/2.9.0/jackson-dataformat-xml-2.9.0.jar:/home/user/.m2/repository/com/fasterxml/jackson/core/jackson-core/2.9.5/jackson-core-2.9.5.jar:/home/user/.m2/repository/com/fasterxml/jackson/module/jackson-module-jaxb-annotations/2.9.5/jackson-module-jaxb-annotations-2.9.5.jar:/home/user/.m2/repository/javax/enterprise/cdi-api/1.2/cdi-api-1.2.jar:/home/user/.m2/repository/javax/el/javax.el-api/3.0.0/javax.el-api-3.0.0.jar:/home/user/.m2/repository/javax/interceptor/javax.interceptor-api/1.2/javax.interceptor-api-1.2.jar:/home/user/.m2/repository/javax/inject/javax.inject/1/javax.inject-1.jar:/home/user/.m2/repository/com/sun/xml/bind/jaxb-impl/2.3.0.1/jaxb-impl-2.3.0.1.jar:/home/user/.m2/repository/com/sun/xml/bind/jaxb-core/2.3.0.1/jaxb-core-2.3.0.1.jar:/home/user/.m2/repository/javax/xml/bind/jaxb-api/2.3.0/jaxb-api-2.3.0.jar:/home/user/.m2/repository/javax/activation/activation/1.1.1/activation-1.1.1.jar:/home/user/.m2/repository/org/apache/hadoop/hadoop-ozone-csi/0.4.1-SNAPSHOT/hadoop-ozone-csi-0.4.1-SNAPSHOT.jar:/home/user/.m2/repository/com/google/protobuf/protobuf-java-util/3.5.1/protobuf-java-util-3.5.1.jar:/home/user/.m2/repository/org/apache/hadoop/hadoop-hdds-config/0.4.1-SNAPSHOT/hadoop-hdds-config-0.4.1-SNAPSHOT.jar:/home/user/.m2/repository/io/grpc/grpc-netty/1.17.1/grpc-netty-1.17.1.jar:/home/user/.m2/repository/io/grpc/grpc-core/1.17.1/grpc-core-1.17.1.jar:/home/user/.m2/repository/io/grpc/grpc-context/1.17.1/grpc-context-1.17.1.jar:/home/user/.m2/repository/com/google/errorprone/error_prone_annotations/2.2.0/error_prone_annotations-2.2.0.jar:/home/user/.m2/repository/org/codehaus/mojo/animal-sniffer-annotations/1.17/animal-sniffer-annotations-1.17.jar:/home/user/.m2/repository/io/opencensus/opencensus-api/0.17.0/opencensus-api-0.17.0.jar:/home/user/.m2/repository/io/opencensus/opencensus-contrib-grpc-metrics/0.17.0/opencensus-contrib-grpc-metrics-0.17.0.jar:/home/user/.m2/repository/io/netty/netty-codec-http2/4.1.30.Final/netty-codec-http2-4.1.30.Final.jar:/home/user/.m2/repository/io/netty/netty-codec-http/4.1.30.Final/netty-codec-http-4.1.30.Final.jar:/home/user/.m2/repository/io/netty/netty-codec/4.1.30.Final/netty-codec-4.1.30.Final.jar:/home/user/.m2/repository/io/netty/netty-handler/4.1.30.Final/netty-handler-4.1.30.Final.jar:/home/user/.m2/repository/io/netty/netty-handler-proxy/4.1.30.Final/netty-handler-proxy-4.1.30.Final.jar:/home/user/.m2/repository/io/netty/netty-codec-socks/4.1.30.Final/netty-codec-socks-4.1.30.Final.jar:/home/user/.m2/repository/io/netty/netty-transport-native-epoll/4.1.30.Final/netty-transport-native-epoll-4.1.30.Final.jar:/home/user/.m2/repository/io/netty/netty-common/4.1.30.Final/netty-common-4.1.30.Final.jar:/home/user/.m2/repository/io/netty/netty-buffer/4.1.30.Final/netty-buffer-4.1.30.Final.jar:/home/user/.m2/repository/io/netty/netty-transport/4.1.30.Final/netty-transport-4.1.30.Final.jar:/home/user/.m2/repository/io/netty/netty-resolver/4.1.30.Final/netty-resolver-4.1.30.Final.jar:/home/user/.m2/repository/io/netty/netty-transport-native-unix-common/4.1.30.Final/netty-transport-native-unix-common-4.1.30.Final.jar:/home/user/.m2/repository/io/grpc/grpc-protobuf/1.17.1/grpc-protobuf-1.17.1.jar:/home/user/.m2/repository/com/google/api/grpc/proto-google-common-protos/1.0.0/proto-google-common-protos-1.0.0.jar:/home/user/.m2/repository/io/grpc/grpc-protobuf-lite/1.17.1/grpc-protobuf-lite-1.17.1.jar:/home/user/.m2/repository/io/grpc/grpc-stub/1.17.1/grpc-stub-1.17.1.jar:/home/user/.m2/repository/org/apache/hadoop/hadoop-ozone-recon/0.4.1-SNAPSHOT/hadoop-ozone-recon-0.4.1-SNAPSHOT.jar:/home/user/.m2/repository/org/apache/hadoop/hadoop-ozone-reconcodegen/0.4.1-SNAPSHOT/hadoop-ozone-reconcodegen-0.4.1-SNAPSHOT.jar:/home/user/.m2/repository/com/google/inject/extensions/guice-multibindings/4.0/guice-multibindings-4.0.jar:/home/user/.m2/repository/com/google/inject/guice/4.0/guice-4.0.jar:/home/user/.m2/repository/aopalliance/aopalliance/1.0/aopalliance-1.0.jar:/home/user/.m2/repository/com/google/inject/extensions/guice-servlet/4.0/guice-servlet-4.0.jar:/home/user/.m2/repository/org/glassfish/jersey/containers/jersey-container-servlet/2.27/jersey-container-servlet-2.27.jar:/home/user/.m2/repository/org/glassfish/hk2/guice-bridge/2.5.0/guice-bridge-2.5.0.jar:/home/user/.m2/repository/org/glassfish/jersey/core/jersey-server/2.27/jersey-server-2.27.jar:/home/user/.m2/repository/org/glassfish/jersey/core/jersey-client/2.27/jersey-client-2.27.jar:/home/user/.m2/repository/org/glassfish/jersey/media/jersey-media-jaxb/2.27/jersey-media-jaxb-2.27.jar:/home/user/.m2/repository/javax/validation/validation-api/1.1.0.Final/validation-api-1.1.0.Final.jar:/home/user/.m2/repository/org/glassfish/jersey/media/jersey-media-json-jackson/2.27/jersey-media-json-jackson-2.27.jar:/home/user/.m2/repository/org/glassfish/jersey/ext/jersey-entity-filtering/2.27/jersey-entity-filtering-2.27.jar:/home/user/.m2/repository/com/google/inject/extensions/guice-assistedinject/4.0/guice-assistedinject-4.0.jar:/home/user/.m2/repository/org/jooq/jooq/3.11.10/jooq-3.11.10.jar:/home/user/.m2/repository/org/jooq/jooq-meta/3.11.10/jooq-meta-3.11.10.jar:/home/user/.m2/repository/org/jooq/jooq-codegen/3.11.10/jooq-codegen-3.11.10.jar:/home/user/.m2/repository/com/jolbox/bonecp/0.8.0.RELEASE/bonecp-0.8.0.RELEASE.jar:/home/user/.m2/repository/org/xerial/sqlite-jdbc/3.25.2/sqlite-jdbc-3.25.2.jar:/home/user/.m2/repository/org/springframework/spring-jdbc/5.1.3.RELEASE/spring-jdbc-5.1.3.RELEASE.jar:/home/user/.m2/repository/org/springframework/spring-beans/5.1.3.RELEASE/spring-beans-5.1.3.RELEASE.jar:/home/user/.m2/repository/org/springframework/spring-core/5.1.3.RELEASE/spring-core-5.1.3.RELEASE.jar:/home/user/.m2/repository/org/springframework/spring-jcl/5.1.3.RELEASE/spring-jcl-5.1.3.RELEASE.jar:/home/user/.m2/repository/org/springframework/spring-tx/5.1.3.RELEASE/spring-tx-5.1.3.RELEASE.jar:/home/user/.m2/repository/org/apache/hadoop/hadoop-ozone-client/0.4.1-SNAPSHOT/hadoop-ozone-client-0.4.1-SNAPSHOT.jar:/home/user/.m2/repository/commons-lang/commons-lang/2.6/commons-lang-2.6.jar:/home/user/.m2/repository/org/apache/hadoop/hadoop-ozone-ozone-manager/0.4.1-SNAPSHOT/hadoop-ozone-ozone-manager-0.4.1-SNAPSHOT-tests.jar:/home/user/.m2/repository/junit/junit/4.11/junit-4.11.jar:/home/user/.m2/repository/org/hamcrest/hamcrest-core/1.3/hamcrest-core-1.3.jar:/home/user/.m2/repository/org/openjdk/jmh/jmh-core/1.19/jmh-core-1.19.jar:/home/user/.m2/repository/net/sf/jopt-simple/jopt-simple/4.6/jopt-simple-4.6.jar:/home/user/.m2/repository/org/apache/commons/commons-math3/3.1.1/commons-math3-3.1.1.jar:/home/user/.m2/repository/org/openjdk/jmh/jmh-generator-annprocess/1.19/jmh-generator-annprocess-1.19.jar:/home/user/.m2/repository/org/mockito/mockito-all/1.8.5/mockito-all-1.8.5.jar:/home/user/.m2/repository/org/apache/hadoop/hadoop-kms/3.2.0/hadoop-kms-3.2.0.jar:/home/user/.m2/repository/org/apache/hadoop/hadoop-auth/3.2.0/hadoop-auth-3.2.0.jar:/home/user/.m2/repository/com/nimbusds/nimbus-jose-jwt/4.41.1/nimbus-jose-jwt-4.41.1.jar:/home/user/.m2/repository/com/github/stephenc/jcip/jcip-annotations/1.0-1/jcip-annotations-1.0-1.jar:/home/user/.m2/repository/net/minidev/json-smart/2.3/json-smart-2.3.jar:/home/user/.m2/repository/net/minidev/accessors-smart/1.2/accessors-smart-1.2.jar:/home/user/.m2/repository/org/ow2/asm/asm/5.0.4/asm-5.0.4.jar:/home/user/.m2/repository/org/apache/curator/curator-framework/2.12.0/curator-framework-2.12.0.jar:/home/user/.m2/repository/com/sun/jersey/jersey-core/1.19/jersey-core-1.19.jar:/home/user/.m2/repository/javax/ws/rs/jsr311-api/1.1.1/jsr311-api-1.1.1.jar:/home/user/.m2/repository/com/sun/jersey/jersey-server/1.19/jersey-server-1.19.jar:/home/user/.m2/repository/javax/servlet/javax.servlet-api/3.1.0/javax.servlet-api-3.1.0.jar:/home/user/.m2/repository/org/eclipse/jetty/jetty-server/9.3.24.v20180605/jetty-server-9.3.24.v20180605.jar:/home/user/.m2/repository/org/eclipse/jetty/jetty-http/9.3.24.v20180605/jetty-http-9.3.24.v20180605.jar:/home/user/.m2/repository/org/eclipse/jetty/jetty-io/9.3.24.v20180605/jetty-io-9.3.24.v20180605.jar:/home/user/.m2/repository/org/eclipse/jetty/jetty-webapp/9.3.24.v20180605/jetty-webapp-9.3.24.v20180605.jar:/home/user/.m2/repository/org/eclipse/jetty/jetty-xml/9.3.24.v20180605/jetty-xml-9.3.24.v20180605.jar:/home/user/.m2/repository/log4j/log4j/1.2.17/log4j-1.2.17.jar:/home/user/.m2/repository/org/slf4j/slf4j-api/1.7.25/slf4j-api-1.7.25.jar:/home/user/.m2/repository/org/slf4j/jul-to-slf4j/1.7.25/jul-to-slf4j-1.7.25.jar:/home/user/.m2/repository/org/eclipse/jetty/jetty-util/9.3.24.v20180605/jetty-util-9.3.24.v20180605.jar:/home/user/.m2/repository/com/fasterxml/jackson/core/jackson-databind/2.9.5/jackson-databind-2.9.5.jar:/home/user/.m2/repository/org/apache/hadoop/hadoop-kms/3.2.0/hadoop-kms-3.2.0-tests.jar:/home/user/.m2/repository/org/apache/hadoop/hadoop-hdds-server-scm/0.4.1-SNAPSHOT/hadoop-hdds-server-scm-0.4.1-SNAPSHOT-tests.jar:/home/user/.m2/repository/org/apache/hadoop/hadoop-hdds-container-service/0.4.1-SNAPSHOT/hadoop-hdds-container-service-0.4.1-SNAPSHOT-tests.jar:/home/user/.m2/repository/org/yaml/snakeyaml/1.16/snakeyaml-1.16.jar:/home/user/.m2/repository/org/apache/hadoop/hadoop-common/3.2.0/hadoop-common-3.2.0-tests.jar:/home/user/.m2/repository/org/apache/hadoop/hadoop-annotations/3.2.0/hadoop-annotations-3.2.0.jar:/usr/lib/jvm/java-1.8-openjdk/jre/../lib/tools.jar:/home/user/.m2/repository/commons-cli/commons-cli/1.2/commons-cli-1.2.jar:/home/user/.m2/repository/org/apache/httpcomponents/httpclient/4.5.2/httpclient-4.5.2.jar:/home/user/.m2/repository/org/apache/httpcomponents/httpcore/4.4.4/httpcore-4.4.4.jar:/home/user/.m2/repository/commons-codec/commons-codec/1.11/commons-codec-1.11.jar:/home/user/.m2/repository/commons-net/commons-net/3.6/commons-net-3.6.jar:/home/user/.m2/repository/commons-collections/commons-collections/3.2.2/commons-collections-3.2.2.jar:/home/user/.m2/repository/org/eclipse/jetty/jetty-servlet/9.3.24.v20180605/jetty-servlet-9.3.24.v20180605.jar:/home/user/.m2/repository/org/eclipse/jetty/jetty-security/9.3.24.v20180605/jetty-security-9.3.24.v20180605.jar:/home/user/.m2/repository/javax/servlet/jsp/jsp-api/2.1/jsp-api-2.1.jar:/home/user/.m2/repository/com/sun/jersey/jersey-servlet/1.19/jersey-servlet-1.19.jar:/home/user/.m2/repository/com/sun/jersey/jersey-json/1.19/jersey-json-1.19.jar:/home/user/.m2/repository/org/codehaus/jettison/jettison/1.1/jettison-1.1.jar:/home/user/.m2/repository/org/codehaus/jackson/jackson-core-asl/1.9.13/jackson-core-asl-1.9.13.jar:/home/user/.m2/repository/org/codehaus/jackson/jackson-mapper-asl/1.9.13/jackson-mapper-asl-1.9.13.jar:/home/user/.m2/repository/org/codehaus/jackson/jackson-jaxrs/1.9.13/jackson-jaxrs-1.9.13.jar:/home/user/.m2/repository/org/codehaus/jackson/jackson-xc/1.9.13/jackson-xc-1.9.13.jar:/home/user/.m2/repository/commons-logging/commons-logging/1.1.3/commons-logging-1.1.3.jar:/home/user/.m2/repository/commons-beanutils/commons-beanutils/1.9.3/commons-beanutils-1.9.3.jar:/home/user/.m2/repository/org/apache/commons/commons-configuration2/2.1.1/commons-configuration2-2.1.1.jar:/home/user/.m2/repository/org/apache/commons/commons-lang3/3.7/commons-lang3-3.7.jar:/home/user/.m2/repository/org/apache/commons/commons-text/1.4/commons-text-1.4.jar:/home/user/.m2/repository/org/apache/avro/avro/1.7.7/avro-1.7.7.jar:/home/user/.m2/repository/com/thoughtworks/paranamer/paranamer/2.3/paranamer-2.3.jar:/home/user/.m2/repository/org/xerial/snappy/snappy-java/1.0.5/snappy-java-1.0.5.jar:/home/user/.m2/repository/com/google/re2j/re2j/1.1/re2j-1.1.jar:/home/user/.m2/repository/com/google/code/gson/gson/2.2.4/gson-2.2.4.jar:/home/user/.m2/repository/com/jcraft/jsch/0.1.54/jsch-0.1.54.jar:/home/user/.m2/repository/org/apache/curator/curator-client/2.12.0/curator-client-2.12.0.jar:/home/user/.m2/repository/org/apache/curator/curator-recipes/2.12.0/curator-recipes-2.12.0.jar:/home/user/.m2/repository/com/google/code/findbugs/jsr305/3.0.0/jsr305-3.0.0.jar:/home/user/.m2/repository/org/apache/htrace/htrace-core4/4.1.0-incubating/htrace-core4-4.1.0-incubating.jar:/home/user/.m2/repository/org/apache/zookeeper/zookeeper/3.4.13/zookeeper-3.4.13.jar:/home/user/.m2/repository/org/apache/yetus/audience-annotations/0.5.0/audience-annotations-0.5.0.jar:/home/user/.m2/repository/org/codehaus/woodstox/stax2-api/3.1.4/stax2-api-3.1.4.jar:/home/user/.m2/repository/com/fasterxml/woodstox/woodstox-core/5.0.3/woodstox-core-5.0.3.jar:/home/user/.m2/repository/dnsjava/dnsjava/2.1.7/dnsjava-2.1.7.jar:/home/user/.m2/repository/org/apache/hadoop/hadoop-hdfs/3.2.0/hadoop-hdfs-3.2.0-tests.jar:/home/user/.m2/repository/org/eclipse/jetty/jetty-util-ajax/9.3.24.v20180605/jetty-util-ajax-9.3.24.v20180605.jar:/home/user/.m2/repository/commons-daemon/commons-daemon/1.0.13/commons-daemon-1.0.13.jar:/home/user/.m2/repository/io/netty/netty/3.10.5.Final/netty-3.10.5.Final.jar:/home/user/.m2/repository/io/netty/netty-all/4.0.52.Final/netty-all-4.0.52.Final.jar:/home/user/.m2/repository/org/fusesource/leveldbjni/leveldbjni-all/1.8/leveldbjni-all-1.8.jar:"/>
    <property name="java.vm.vendor" value="IcedTea"/>
    <property name="sun.arch.data.model" value="64"/>
    <property name="test.build.dir" value="/workdir/hadoop-ozone/integration-test/target/test-dir"/>
    <property name="test.cache.data" value=""/>
    <property name="java.vendor.url" value="https://icedtea.classpath.org"/>
    <property name="user.timezone" value=""/>
    <property name="java.vm.specification.version" value="1.8"/>
    <property name="os.name" value="Linux"/>
    <property name="test.build.data" value="/workdir/hadoop-ozone/integration-test/target/test-dir"/>
    <property name="user.country" value="US"/>
    <property name="sun.java.launcher" value="SUN_STANDARD"/>
    <property name="sun.boot.library.path" value="/usr/lib/jvm/java-1.8-openjdk/jre/lib/amd64"/>
    <property name="sun.java.command" value="/workdir/hadoop-ozone/integration-test/target/surefire/surefirebooter8844558549366643787.jar /workdir/hadoop-ozone/integration-test/target/surefire 2019-07-30T19-42-33_317-jvmRun1 surefire8670596679984106093tmp surefire_824614490783439574075tmp"/>
    <property name="surefire.test.class.path" value="/workdir/hadoop-ozone/integration-test/target/test-classes:/workdir/hadoop-ozone/integration-test/target/classes:/home/user/.m2/repository/org/apache/hadoop/hadoop-ozone-common/0.4.1-SNAPSHOT/hadoop-ozone-common-0.4.1-SNAPSHOT.jar:/home/user/.m2/repository/org/apache/commons/commons-compress/1.4.1/commons-compress-1.4.1.jar:/home/user/.m2/repository/org/tukaani/xz/1.0/xz-1.0.jar:/home/user/.m2/repository/org/apache/hadoop/hadoop-common/3.2.0/hadoop-common-3.2.0.jar:/home/user/.m2/repository/org/apache/hadoop/hadoop-hdfs/3.2.0/hadoop-hdfs-3.2.0.jar:/home/user/.m2/repository/org/apache/hadoop/hadoop-hdfs-client/3.2.0/hadoop-hdfs-client-3.2.0.jar:/home/user/.m2/repository/com/fasterxml/jackson/core/jackson-annotations/2.9.5/jackson-annotations-2.9.5.jar:/home/user/.m2/repository/org/apache/hadoop/hadoop-hdds-common/0.4.1-SNAPSHOT/hadoop-hdds-common-0.4.1-SNAPSHOT.jar:/home/user/.m2/repository/javax/annotation/javax.annotation-api/1.2/javax.annotation-api-1.2.jar:/home/user/.m2/repository/org/apache/ratis/ratis-server/0.4.0-2337318-SNAPSHOT/ratis-server-0.4.0-2337318-SNAPSHOT.jar:/home/user/.m2/repository/org/apache/ratis/ratis-thirdparty-misc/0.2.0/ratis-thirdparty-misc-0.2.0.jar:/home/user/.m2/repository/org/apache/ratis/ratis-proto/0.4.0-2337318-SNAPSHOT/ratis-proto-0.4.0-2337318-SNAPSHOT.jar:/home/user/.m2/repository/org/apache/ratis/ratis-common/0.4.0-2337318-SNAPSHOT/ratis-common-0.4.0-2337318-SNAPSHOT.jar:/home/user/.m2/repository/org/apache/ratis/ratis-client/0.4.0-2337318-SNAPSHOT/ratis-client-0.4.0-2337318-SNAPSHOT.jar:/home/user/.m2/repository/org/apache/ratis/ratis-metrics/0.4.0-2337318-SNAPSHOT/ratis-metrics-0.4.0-2337318-SNAPSHOT.jar:/home/user/.m2/repository/org/apache/ratis/ratis-netty/0.4.0-2337318-SNAPSHOT/ratis-netty-0.4.0-2337318-SNAPSHOT.jar:/home/user/.m2/repository/org/apache/ratis/ratis-grpc/0.4.0-2337318-SNAPSHOT/ratis-grpc-0.4.0-2337318-SNAPSHOT.jar:/home/user/.m2/repository/org/rocksdb/rocksdbjni/6.0.1/rocksdbjni-6.0.1.jar:/home/user/.m2/repository/org/apache/logging/log4j/log4j-api/2.11.0/log4j-api-2.11.0.jar:/home/user/.m2/repository/org/apache/logging/log4j/log4j-core/2.11.0/log4j-core-2.11.0.jar:/home/user/.m2/repository/com/lmax/disruptor/3.4.2/disruptor-3.4.2.jar:/home/user/.m2/repository/org/apache/commons/commons-pool2/2.6.0/commons-pool2-2.6.0.jar:/home/user/.m2/repository/org/bouncycastle/bcpkix-jdk15on/1.60/bcpkix-jdk15on-1.60.jar:/home/user/.m2/repository/commons-validator/commons-validator/1.6/commons-validator-1.6.jar:/home/user/.m2/repository/commons-digester/commons-digester/1.8.1/commons-digester-1.8.1.jar:/home/user/.m2/repository/io/jaegertracing/jaeger-client/0.33.1/jaeger-client-0.33.1.jar:/home/user/.m2/repository/io/jaegertracing/jaeger-thrift/0.33.1/jaeger-thrift-0.33.1.jar:/home/user/.m2/repository/org/apache/thrift/libthrift/0.11.0/libthrift-0.11.0.jar:/home/user/.m2/repository/com/squareup/okhttp3/okhttp/3.9.0/okhttp-3.9.0.jar:/home/user/.m2/repository/com/squareup/okio/okio/1.13.0/okio-1.13.0.jar:/home/user/.m2/repository/io/jaegertracing/jaeger-core/0.33.1/jaeger-core-0.33.1.jar:/home/user/.m2/repository/io/jaegertracing/jaeger-tracerresolver/0.33.1/jaeger-tracerresolver-0.33.1.jar:/home/user/.m2/repository/io/opentracing/contrib/opentracing-tracerresolver/0.1.5/opentracing-tracerresolver-0.1.5.jar:/home/user/.m2/repository/io/opentracing/opentracing-util/0.31.0/opentracing-util-0.31.0.jar:/home/user/.m2/repository/io/opentracing/opentracing-api/0.31.0/opentracing-api-0.31.0.jar:/home/user/.m2/repository/io/opentracing/opentracing-noop/0.31.0/opentracing-noop-0.31.0.jar:/home/user/.m2/repository/org/apache/hadoop/hadoop-hdds-server-framework/0.4.1-SNAPSHOT/hadoop-hdds-server-framework-0.4.1-SNAPSHOT.jar:/home/user/.m2/repository/org/apache/hadoop/hadoop-hdds-container-service/0.4.1-SNAPSHOT/hadoop-hdds-container-service-0.4.1-SNAPSHOT.jar:/home/user/.m2/repository/org/apache/hadoop/hadoop-hdds-client/0.4.1-SNAPSHOT/hadoop-hdds-client-0.4.1-SNAPSHOT.jar:/home/user/.m2/repository/org/apache/hadoop/hadoop-hdds-tools/0.4.1-SNAPSHOT/hadoop-hdds-tools-0.4.1-SNAPSHOT.jar:/home/user/.m2/repository/org/apache/hadoop/hadoop-hdds-server-scm/0.4.1-SNAPSHOT/hadoop-hdds-server-scm-0.4.1-SNAPSHOT.jar:/home/user/.m2/repository/org/apache/hadoop/hadoop-hdds-docs/0.4.1-SNAPSHOT/hadoop-hdds-docs-0.4.1-SNAPSHOT.jar:/home/user/.m2/repository/io/dropwizard/metrics/metrics-core/3.2.4/metrics-core-3.2.4.jar:/home/user/.m2/repository/org/hamcrest/hamcrest-all/1.3/hamcrest-all-1.3.jar:/home/user/.m2/repository/org/bouncycastle/bcprov-jdk15on/1.60/bcprov-jdk15on-1.60.jar:/home/user/.m2/repository/info/picocli/picocli/3.9.6/picocli-3.9.6.jar:/home/user/.m2/repository/com/google/protobuf/protobuf-java/2.5.0/protobuf-java-2.5.0.jar:/home/user/.m2/repository/com/google/guava/guava/11.0.2/guava-11.0.2.jar:/home/user/.m2/repository/org/apache/hadoop/hadoop-ozone-ozone-manager/0.4.1-SNAPSHOT/hadoop-ozone-ozone-manager-0.4.1-SNAPSHOT.jar:/home/user/.m2/repository/org/apache/hadoop/hadoop-minikdc/3.2.0/hadoop-minikdc-3.2.0.jar:/home/user/.m2/repository/commons-io/commons-io/2.5/commons-io-2.5.jar:/home/user/.m2/repository/org/apache/kerby/kerb-simplekdc/1.0.1/kerb-simplekdc-1.0.1.jar:/home/user/.m2/repository/org/apache/kerby/kerb-client/1.0.1/kerb-client-1.0.1.jar:/home/user/.m2/repository/org/apache/kerby/kerby-config/1.0.1/kerby-config-1.0.1.jar:/home/user/.m2/repository/org/apache/kerby/kerb-core/1.0.1/kerb-core-1.0.1.jar:/home/user/.m2/repository/org/apache/kerby/kerby-pkix/1.0.1/kerby-pkix-1.0.1.jar:/home/user/.m2/repository/org/apache/kerby/kerby-asn1/1.0.1/kerby-asn1-1.0.1.jar:/home/user/.m2/repository/org/apache/kerby/kerby-util/1.0.1/kerby-util-1.0.1.jar:/home/user/.m2/repository/org/apache/kerby/kerb-common/1.0.1/kerb-common-1.0.1.jar:/home/user/.m2/repository/org/apache/kerby/kerb-crypto/1.0.1/kerb-crypto-1.0.1.jar:/home/user/.m2/repository/org/apache/kerby/kerb-util/1.0.1/kerb-util-1.0.1.jar:/home/user/.m2/repository/org/apache/kerby/token-provider/1.0.1/token-provider-1.0.1.jar:/home/user/.m2/repository/org/apache/kerby/kerb-admin/1.0.1/kerb-admin-1.0.1.jar:/home/user/.m2/repository/org/apache/kerby/kerb-server/1.0.1/kerb-server-1.0.1.jar:/home/user/.m2/repository/org/apache/kerby/kerb-identity/1.0.1/kerb-identity-1.0.1.jar:/home/user/.m2/repository/org/apache/kerby/kerby-xdr/1.0.1/kerby-xdr-1.0.1.jar:/home/user/.m2/repository/org/slf4j/slf4j-log4j12/1.7.25/slf4j-log4j12-1.7.25.jar:/home/user/.m2/repository/org/apache/hadoop/hadoop-ozone-objectstore-service/0.4.1-SNAPSHOT/hadoop-ozone-objectstore-service-0.4.1-SNAPSHOT.jar:/home/user/.m2/repository/org/apache/hadoop/hadoop-ozone-s3gateway/0.4.1-SNAPSHOT/hadoop-ozone-s3gateway-0.4.1-SNAPSHOT.jar:/home/user/.m2/repository/org/jboss/weld/servlet/weld-servlet/2.4.7.Final/weld-servlet-2.4.7.Final.jar:/home/user/.m2/repository/org/glassfish/jersey/containers/jersey-container-servlet-core/2.27/jersey-container-servlet-core-2.27.jar:/home/user/.m2/repository/org/glassfish/hk2/external/javax.inject/2.5.0-b42/javax.inject-2.5.0-b42.jar:/home/user/.m2/repository/org/glassfish/jersey/core/jersey-common/2.27/jersey-common-2.27.jar:/home/user/.m2/repository/org/glassfish/hk2/osgi-resource-locator/1.0.1/osgi-resource-locator-1.0.1.jar:/home/user/.m2/repository/javax/ws/rs/javax.ws.rs-api/2.1/javax.ws.rs-api-2.1.jar:/home/user/.m2/repository/org/glassfish/jersey/ext/cdi/jersey-cdi1x/2.27/jersey-cdi1x-2.27.jar:/home/user/.m2/repository/org/glassfish/jersey/inject/jersey-hk2/2.27/jersey-hk2-2.27.jar:/home/user/.m2/repository/org/glassfish/hk2/hk2-locator/2.5.0-b42/hk2-locator-2.5.0-b42.jar:/home/user/.m2/repository/org/javassist/javassist/3.22.0-CR2/javassist-3.22.0-CR2.jar:/home/user/.m2/repository/org/glassfish/hk2/hk2-api/2.5.0/hk2-api-2.5.0.jar:/home/user/.m2/repository/org/glassfish/hk2/external/jakarta.inject/2.5.0/jakarta.inject-2.5.0.jar:/home/user/.m2/repository/org/glassfish/hk2/hk2-utils/2.5.0/hk2-utils-2.5.0.jar:/home/user/.m2/repository/jakarta/annotation/jakarta.annotation-api/1.3.4/jakarta.annotation-api-1.3.4.jar:/home/user/.m2/repository/org/glassfish/hk2/external/aopalliance-repackaged/2.5.0/aopalliance-repackaged-2.5.0.jar:/home/user/.m2/repository/com/fasterxml/jackson/dataformat/jackson-dataformat-xml/2.9.0/jackson-dataformat-xml-2.9.0.jar:/home/user/.m2/repository/com/fasterxml/jackson/core/jackson-core/2.9.5/jackson-core-2.9.5.jar:/home/user/.m2/repository/com/fasterxml/jackson/module/jackson-module-jaxb-annotations/2.9.5/jackson-module-jaxb-annotations-2.9.5.jar:/home/user/.m2/repository/javax/enterprise/cdi-api/1.2/cdi-api-1.2.jar:/home/user/.m2/repository/javax/el/javax.el-api/3.0.0/javax.el-api-3.0.0.jar:/home/user/.m2/repository/javax/interceptor/javax.interceptor-api/1.2/javax.interceptor-api-1.2.jar:/home/user/.m2/repository/javax/inject/javax.inject/1/javax.inject-1.jar:/home/user/.m2/repository/com/sun/xml/bind/jaxb-impl/2.3.0.1/jaxb-impl-2.3.0.1.jar:/home/user/.m2/repository/com/sun/xml/bind/jaxb-core/2.3.0.1/jaxb-core-2.3.0.1.jar:/home/user/.m2/repository/javax/xml/bind/jaxb-api/2.3.0/jaxb-api-2.3.0.jar:/home/user/.m2/repository/javax/activation/activation/1.1.1/activation-1.1.1.jar:/home/user/.m2/repository/org/apache/hadoop/hadoop-ozone-csi/0.4.1-SNAPSHOT/hadoop-ozone-csi-0.4.1-SNAPSHOT.jar:/home/user/.m2/repository/com/google/protobuf/protobuf-java-util/3.5.1/protobuf-java-util-3.5.1.jar:/home/user/.m2/repository/org/apache/hadoop/hadoop-hdds-config/0.4.1-SNAPSHOT/hadoop-hdds-config-0.4.1-SNAPSHOT.jar:/home/user/.m2/repository/io/grpc/grpc-netty/1.17.1/grpc-netty-1.17.1.jar:/home/user/.m2/repository/io/grpc/grpc-core/1.17.1/grpc-core-1.17.1.jar:/home/user/.m2/repository/io/grpc/grpc-context/1.17.1/grpc-context-1.17.1.jar:/home/user/.m2/repository/com/google/errorprone/error_prone_annotations/2.2.0/error_prone_annotations-2.2.0.jar:/home/user/.m2/repository/org/codehaus/mojo/animal-sniffer-annotations/1.17/animal-sniffer-annotations-1.17.jar:/home/user/.m2/repository/io/opencensus/opencensus-api/0.17.0/opencensus-api-0.17.0.jar:/home/user/.m2/repository/io/opencensus/opencensus-contrib-grpc-metrics/0.17.0/opencensus-contrib-grpc-metrics-0.17.0.jar:/home/user/.m2/repository/io/netty/netty-codec-http2/4.1.30.Final/netty-codec-http2-4.1.30.Final.jar:/home/user/.m2/repository/io/netty/netty-codec-http/4.1.30.Final/netty-codec-http-4.1.30.Final.jar:/home/user/.m2/repository/io/netty/netty-codec/4.1.30.Final/netty-codec-4.1.30.Final.jar:/home/user/.m2/repository/io/netty/netty-handler/4.1.30.Final/netty-handler-4.1.30.Final.jar:/home/user/.m2/repository/io/netty/netty-handler-proxy/4.1.30.Final/netty-handler-proxy-4.1.30.Final.jar:/home/user/.m2/repository/io/netty/netty-codec-socks/4.1.30.Final/netty-codec-socks-4.1.30.Final.jar:/home/user/.m2/repository/io/netty/netty-transport-native-epoll/4.1.30.Final/netty-transport-native-epoll-4.1.30.Final.jar:/home/user/.m2/repository/io/netty/netty-common/4.1.30.Final/netty-common-4.1.30.Final.jar:/home/user/.m2/repository/io/netty/netty-buffer/4.1.30.Final/netty-buffer-4.1.30.Final.jar:/home/user/.m2/repository/io/netty/netty-transport/4.1.30.Final/netty-transport-4.1.30.Final.jar:/home/user/.m2/repository/io/netty/netty-resolver/4.1.30.Final/netty-resolver-4.1.30.Final.jar:/home/user/.m2/repository/io/netty/netty-transport-native-unix-common/4.1.30.Final/netty-transport-native-unix-common-4.1.30.Final.jar:/home/user/.m2/repository/io/grpc/grpc-protobuf/1.17.1/grpc-protobuf-1.17.1.jar:/home/user/.m2/repository/com/google/api/grpc/proto-google-common-protos/1.0.0/proto-google-common-protos-1.0.0.jar:/home/user/.m2/repository/io/grpc/grpc-protobuf-lite/1.17.1/grpc-protobuf-lite-1.17.1.jar:/home/user/.m2/repository/io/grpc/grpc-stub/1.17.1/grpc-stub-1.17.1.jar:/home/user/.m2/repository/org/apache/hadoop/hadoop-ozone-recon/0.4.1-SNAPSHOT/hadoop-ozone-recon-0.4.1-SNAPSHOT.jar:/home/user/.m2/repository/org/apache/hadoop/hadoop-ozone-reconcodegen/0.4.1-SNAPSHOT/hadoop-ozone-reconcodegen-0.4.1-SNAPSHOT.jar:/home/user/.m2/repository/com/google/inject/extensions/guice-multibindings/4.0/guice-multibindings-4.0.jar:/home/user/.m2/repository/com/google/inject/guice/4.0/guice-4.0.jar:/home/user/.m2/repository/aopalliance/aopalliance/1.0/aopalliance-1.0.jar:/home/user/.m2/repository/com/google/inject/extensions/guice-servlet/4.0/guice-servlet-4.0.jar:/home/user/.m2/repository/org/glassfish/jersey/containers/jersey-container-servlet/2.27/jersey-container-servlet-2.27.jar:/home/user/.m2/repository/org/glassfish/hk2/guice-bridge/2.5.0/guice-bridge-2.5.0.jar:/home/user/.m2/repository/org/glassfish/jersey/core/jersey-server/2.27/jersey-server-2.27.jar:/home/user/.m2/repository/org/glassfish/jersey/core/jersey-client/2.27/jersey-client-2.27.jar:/home/user/.m2/repository/org/glassfish/jersey/media/jersey-media-jaxb/2.27/jersey-media-jaxb-2.27.jar:/home/user/.m2/repository/javax/validation/validation-api/1.1.0.Final/validation-api-1.1.0.Final.jar:/home/user/.m2/repository/org/glassfish/jersey/media/jersey-media-json-jackson/2.27/jersey-media-json-jackson-2.27.jar:/home/user/.m2/repository/org/glassfish/jersey/ext/jersey-entity-filtering/2.27/jersey-entity-filtering-2.27.jar:/home/user/.m2/repository/com/google/inject/extensions/guice-assistedinject/4.0/guice-assistedinject-4.0.jar:/home/user/.m2/repository/org/jooq/jooq/3.11.10/jooq-3.11.10.jar:/home/user/.m2/repository/org/jooq/jooq-meta/3.11.10/jooq-meta-3.11.10.jar:/home/user/.m2/repository/org/jooq/jooq-codegen/3.11.10/jooq-codegen-3.11.10.jar:/home/user/.m2/repository/com/jolbox/bonecp/0.8.0.RELEASE/bonecp-0.8.0.RELEASE.jar:/home/user/.m2/repository/org/xerial/sqlite-jdbc/3.25.2/sqlite-jdbc-3.25.2.jar:/home/user/.m2/repository/org/springframework/spring-jdbc/5.1.3.RELEASE/spring-jdbc-5.1.3.RELEASE.jar:/home/user/.m2/repository/org/springframework/spring-beans/5.1.3.RELEASE/spring-beans-5.1.3.RELEASE.jar:/home/user/.m2/repository/org/springframework/spring-core/5.1.3.RELEASE/spring-core-5.1.3.RELEASE.jar:/home/user/.m2/repository/org/springframework/spring-jcl/5.1.3.RELEASE/spring-jcl-5.1.3.RELEASE.jar:/home/user/.m2/repository/org/springframework/spring-tx/5.1.3.RELEASE/spring-tx-5.1.3.RELEASE.jar:/home/user/.m2/repository/org/apache/hadoop/hadoop-ozone-client/0.4.1-SNAPSHOT/hadoop-ozone-client-0.4.1-SNAPSHOT.jar:/home/user/.m2/repository/commons-lang/commons-lang/2.6/commons-lang-2.6.jar:/home/user/.m2/repository/org/apache/hadoop/hadoop-ozone-ozone-manager/0.4.1-SNAPSHOT/hadoop-ozone-ozone-manager-0.4.1-SNAPSHOT-tests.jar:/home/user/.m2/repository/junit/junit/4.11/junit-4.11.jar:/home/user/.m2/repository/org/hamcrest/hamcrest-core/1.3/hamcrest-core-1.3.jar:/home/user/.m2/repository/org/openjdk/jmh/jmh-core/1.19/jmh-core-1.19.jar:/home/user/.m2/repository/net/sf/jopt-simple/jopt-simple/4.6/jopt-simple-4.6.jar:/home/user/.m2/repository/org/apache/commons/commons-math3/3.1.1/commons-math3-3.1.1.jar:/home/user/.m2/repository/org/openjdk/jmh/jmh-generator-annprocess/1.19/jmh-generator-annprocess-1.19.jar:/home/user/.m2/repository/org/mockito/mockito-all/1.8.5/mockito-all-1.8.5.jar:/home/user/.m2/repository/org/apache/hadoop/hadoop-kms/3.2.0/hadoop-kms-3.2.0.jar:/home/user/.m2/repository/org/apache/hadoop/hadoop-auth/3.2.0/hadoop-auth-3.2.0.jar:/home/user/.m2/repository/com/nimbusds/nimbus-jose-jwt/4.41.1/nimbus-jose-jwt-4.41.1.jar:/home/user/.m2/repository/com/github/stephenc/jcip/jcip-annotations/1.0-1/jcip-annotations-1.0-1.jar:/home/user/.m2/repository/net/minidev/json-smart/2.3/json-smart-2.3.jar:/home/user/.m2/repository/net/minidev/accessors-smart/1.2/accessors-smart-1.2.jar:/home/user/.m2/repository/org/ow2/asm/asm/5.0.4/asm-5.0.4.jar:/home/user/.m2/repository/org/apache/curator/curator-framework/2.12.0/curator-framework-2.12.0.jar:/home/user/.m2/repository/com/sun/jersey/jersey-core/1.19/jersey-core-1.19.jar:/home/user/.m2/repository/javax/ws/rs/jsr311-api/1.1.1/jsr311-api-1.1.1.jar:/home/user/.m2/repository/com/sun/jersey/jersey-server/1.19/jersey-server-1.19.jar:/home/user/.m2/repository/javax/servlet/javax.servlet-api/3.1.0/javax.servlet-api-3.1.0.jar:/home/user/.m2/repository/org/eclipse/jetty/jetty-server/9.3.24.v20180605/jetty-server-9.3.24.v20180605.jar:/home/user/.m2/repository/org/eclipse/jetty/jetty-http/9.3.24.v20180605/jetty-http-9.3.24.v20180605.jar:/home/user/.m2/repository/org/eclipse/jetty/jetty-io/9.3.24.v20180605/jetty-io-9.3.24.v20180605.jar:/home/user/.m2/repository/org/eclipse/jetty/jetty-webapp/9.3.24.v20180605/jetty-webapp-9.3.24.v20180605.jar:/home/user/.m2/repository/org/eclipse/jetty/jetty-xml/9.3.24.v20180605/jetty-xml-9.3.24.v20180605.jar:/home/user/.m2/repository/log4j/log4j/1.2.17/log4j-1.2.17.jar:/home/user/.m2/repository/org/slf4j/slf4j-api/1.7.25/slf4j-api-1.7.25.jar:/home/user/.m2/repository/org/slf4j/jul-to-slf4j/1.7.25/jul-to-slf4j-1.7.25.jar:/home/user/.m2/repository/org/eclipse/jetty/jetty-util/9.3.24.v20180605/jetty-util-9.3.24.v20180605.jar:/home/user/.m2/repository/com/fasterxml/jackson/core/jackson-databind/2.9.5/jackson-databind-2.9.5.jar:/home/user/.m2/repository/org/apache/hadoop/hadoop-kms/3.2.0/hadoop-kms-3.2.0-tests.jar:/home/user/.m2/repository/org/apache/hadoop/hadoop-hdds-server-scm/0.4.1-SNAPSHOT/hadoop-hdds-server-scm-0.4.1-SNAPSHOT-tests.jar:/home/user/.m2/repository/org/apache/hadoop/hadoop-hdds-container-service/0.4.1-SNAPSHOT/hadoop-hdds-container-service-0.4.1-SNAPSHOT-tests.jar:/home/user/.m2/repository/org/yaml/snakeyaml/1.16/snakeyaml-1.16.jar:/home/user/.m2/repository/org/apache/hadoop/hadoop-common/3.2.0/hadoop-common-3.2.0-tests.jar:/home/user/.m2/repository/org/apache/hadoop/hadoop-annotations/3.2.0/hadoop-annotations-3.2.0.jar:/usr/lib/jvm/java-1.8-openjdk/jre/../lib/tools.jar:/home/user/.m2/repository/commons-cli/commons-cli/1.2/commons-cli-1.2.jar:/home/user/.m2/repository/org/apache/httpcomponents/httpclient/4.5.2/httpclient-4.5.2.jar:/home/user/.m2/repository/org/apache/httpcomponents/httpcore/4.4.4/httpcore-4.4.4.jar:/home/user/.m2/repository/commons-codec/commons-codec/1.11/commons-codec-1.11.jar:/home/user/.m2/repository/commons-net/commons-net/3.6/commons-net-3.6.jar:/home/user/.m2/repository/commons-collections/commons-collections/3.2.2/commons-collections-3.2.2.jar:/home/user/.m2/repository/org/eclipse/jetty/jetty-servlet/9.3.24.v20180605/jetty-servlet-9.3.24.v20180605.jar:/home/user/.m2/repository/org/eclipse/jetty/jetty-security/9.3.24.v20180605/jetty-security-9.3.24.v20180605.jar:/home/user/.m2/repository/javax/servlet/jsp/jsp-api/2.1/jsp-api-2.1.jar:/home/user/.m2/repository/com/sun/jersey/jersey-servlet/1.19/jersey-servlet-1.19.jar:/home/user/.m2/repository/com/sun/jersey/jersey-json/1.19/jersey-json-1.19.jar:/home/user/.m2/repository/org/codehaus/jettison/jettison/1.1/jettison-1.1.jar:/home/user/.m2/repository/org/codehaus/jackson/jackson-core-asl/1.9.13/jackson-core-asl-1.9.13.jar:/home/user/.m2/repository/org/codehaus/jackson/jackson-mapper-asl/1.9.13/jackson-mapper-asl-1.9.13.jar:/home/user/.m2/repository/org/codehaus/jackson/jackson-jaxrs/1.9.13/jackson-jaxrs-1.9.13.jar:/home/user/.m2/repository/org/codehaus/jackson/jackson-xc/1.9.13/jackson-xc-1.9.13.jar:/home/user/.m2/repository/commons-logging/commons-logging/1.1.3/commons-logging-1.1.3.jar:/home/user/.m2/repository/commons-beanutils/commons-beanutils/1.9.3/commons-beanutils-1.9.3.jar:/home/user/.m2/repository/org/apache/commons/commons-configuration2/2.1.1/commons-configuration2-2.1.1.jar:/home/user/.m2/repository/org/apache/commons/commons-lang3/3.7/commons-lang3-3.7.jar:/home/user/.m2/repository/org/apache/commons/commons-text/1.4/commons-text-1.4.jar:/home/user/.m2/repository/org/apache/avro/avro/1.7.7/avro-1.7.7.jar:/home/user/.m2/repository/com/thoughtworks/paranamer/paranamer/2.3/paranamer-2.3.jar:/home/user/.m2/repository/org/xerial/snappy/snappy-java/1.0.5/snappy-java-1.0.5.jar:/home/user/.m2/repository/com/google/re2j/re2j/1.1/re2j-1.1.jar:/home/user/.m2/repository/com/google/code/gson/gson/2.2.4/gson-2.2.4.jar:/home/user/.m2/repository/com/jcraft/jsch/0.1.54/jsch-0.1.54.jar:/home/user/.m2/repository/org/apache/curator/curator-client/2.12.0/curator-client-2.12.0.jar:/home/user/.m2/repository/org/apache/curator/curator-recipes/2.12.0/curator-recipes-2.12.0.jar:/home/user/.m2/repository/com/google/code/findbugs/jsr305/3.0.0/jsr305-3.0.0.jar:/home/user/.m2/repository/org/apache/htrace/htrace-core4/4.1.0-incubating/htrace-core4-4.1.0-incubating.jar:/home/user/.m2/repository/org/apache/zookeeper/zookeeper/3.4.13/zookeeper-3.4.13.jar:/home/user/.m2/repository/org/apache/yetus/audience-annotations/0.5.0/audience-annotations-0.5.0.jar:/home/user/.m2/repository/org/codehaus/woodstox/stax2-api/3.1.4/stax2-api-3.1.4.jar:/home/user/.m2/repository/com/fasterxml/woodstox/woodstox-core/5.0.3/woodstox-core-5.0.3.jar:/home/user/.m2/repository/dnsjava/dnsjava/2.1.7/dnsjava-2.1.7.jar:/home/user/.m2/repository/org/apache/hadoop/hadoop-hdfs/3.2.0/hadoop-hdfs-3.2.0-tests.jar:/home/user/.m2/repository/org/eclipse/jetty/jetty-util-ajax/9.3.24.v20180605/jetty-util-ajax-9.3.24.v20180605.jar:/home/user/.m2/repository/commons-daemon/commons-daemon/1.0.13/commons-daemon-1.0.13.jar:/home/user/.m2/repository/io/netty/netty/3.10.5.Final/netty-3.10.5.Final.jar:/home/user/.m2/repository/io/netty/netty-all/4.0.52.Final/netty-all-4.0.52.Final.jar:/home/user/.m2/repository/org/fusesource/leveldbjni/leveldbjni-all/1.8/leveldbjni-all-1.8.jar:"/>
    <property name="sun.cpu.endian" value="little"/>
    <property name="user.home" value="/home/user"/>
    <property name="user.language" value="en"/>
    <property name="java.specification.vendor" value="Oracle Corporation"/>
    <property name="java.home" value="/usr/lib/jvm/java-1.8-openjdk/jre"/>
    <property name="java.security.krb5.conf" value="/workdir/hadoop-ozone/integration-test/target/test-classes/krb5.conf"/>
    <property name="basedir" value="/workdir/hadoop-ozone/integration-test"/>
    <property name="file.separator" value="/"/>
    <property name="line.separator" value="&#10;"/>
    <property name="java.vm.specification.vendor" value="Oracle Corporation"/>
    <property name="java.specification.name" value="Java Platform API Specification"/>
    <property name="java.awt.graphicsenv" value="sun.awt.X11GraphicsEnvironment"/>
    <property name="surefire.real.class.path" value="/workdir/hadoop-ozone/integration-test/target/surefire/surefirebooter8844558549366643787.jar"/>
    <property name="hadoop.log.dir" value="/workdir/hadoop-ozone/integration-test/target/log"/>
    <property name="sun.boot.class.path" value="/usr/lib/jvm/java-1.8-openjdk/jre/lib/resources.jar:/usr/lib/jvm/java-1.8-openjdk/jre/lib/rt.jar:/usr/lib/jvm/java-1.8-openjdk/jre/lib/sunrsasign.jar:/usr/lib/jvm/java-1.8-openjdk/jre/lib/jsse.jar:/usr/lib/jvm/java-1.8-openjdk/jre/lib/jce.jar:/usr/lib/jvm/java-1.8-openjdk/jre/lib/charsets.jar:/usr/lib/jvm/java-1.8-openjdk/jre/lib/jfr.jar:/usr/lib/jvm/java-1.8-openjdk/jre/classes"/>
    <property name="sun.management.compiler" value="HotSpot 64-Bit Tiered Compilers"/>
    <property name="java.runtime.version" value="1.8.0_212-b04"/>
    <property name="java.net.preferIPv4Stack" value="true"/>
    <property name="user.name" value="jenkins1000"/>
    <property name="path.separator" value=":"/>
    <property name="java.security.egd" value="file:///dev/urandom"/>
    <property name="os.version" value="3.10.0-957.12.2.el7.x86_64"/>
    <property name="java.endorsed.dirs" value="/usr/lib/jvm/java-1.8-openjdk/jre/lib/endorsed"/>
    <property name="java.runtime.name" value="OpenJDK Runtime Environment"/>
    <property name="file.encoding" value="UTF-8"/>
    <property name="java.vm.name" value="OpenJDK 64-Bit Server VM"/>
    <property name="test.build.webapps" value=""/>
    <property name="localRepository" value="/home/user/.m2/repository"/>
    <property name="java.vendor.url.bug" value="https://icedtea.classpath.org/bugzilla"/>
    <property name="java.io.tmpdir" value="/tmp"/>
    <property name="require.test.libhadoop" value=""/>
    <property name="java.version" value="1.8.0_212"/>
    <property name="user.dir" value="/workdir/hadoop-ozone/integration-test"/>
    <property name="os.arch" value="amd64"/>
    <property name="java.vm.specification.name" value="Java Virtual Machine Specification"/>
    <property name="test.build.classes" value="/workdir/hadoop-ozone/integration-test/target/test-classes"/>
    <property name="java.awt.printerjob" value="sun.print.PSPrinterJob"/>
    <property name="sun.os.patch.level" value="unknown"/>
    <property name="hadoop.tmp.dir" value="/workdir/hadoop-ozone/integration-test/target/tmp"/>
    <property name="java.library.path" value="/usr/lib/jvm/java-1.8-openjdk/jre/lib/amd64/server:/usr/lib/jvm/java-1.8-openjdk/jre/lib/amd64:/usr/lib/jvm/java-1.8-openjdk/jre/../lib/amd64:/workdir/hadoop-ozone/integration-test/target/native/target/usr/local/lib:/workdir/hadoop-ozone/integration-test/../../hadoop-common-project/hadoop-common/target/native/target/usr/local/lib:/usr/java/packages/lib/amd64:/usr/lib64:/lib64:/lib:/usr/lib"/>
    <property name="java.vm.info" value="mixed mode"/>
    <property name="java.vendor" value="IcedTea"/>
    <property name="java.vm.version" value="25.212-b04"/>
    <property name="java.ext.dirs" value="/usr/lib/jvm/java-1.8-openjdk/jre/lib/ext:/usr/java/packages/lib/ext"/>
    <property name="sun.io.unicode.encoding" value="UnicodeLittle"/>
    <property name="java.class.version" value="52.0"/>
  </properties>
  <testcase name="testMultiBlockWritesWithDnFailures" classname="org.apache.hadoop.ozone.client.rpc.TestMultiBlockWritesWithDnFailures" time="21.184">
    <error message="Allocated 0 blocks. Requested 1 blocks" type="INTERNAL_ERROR org.apache.hadoop.ozone.om.exceptions.OMException">INTERNAL_ERROR org.apache.hadoop.ozone.om.exceptions.OMException: Allocated 0 blocks. Requested 1 blocks
	at org.apache.hadoop.ozone.om.protocolPB.OzoneManagerProtocolClientSideTranslatorPB.handleError(OzoneManagerProtocolClientSideTranslatorPB.java:720)
	at org.apache.hadoop.ozone.om.protocolPB.OzoneManagerProtocolClientSideTranslatorPB.allocateBlock(OzoneManagerProtocolClientSideTranslatorPB.java:752)
	at org.apache.hadoop.ozone.client.io.BlockOutputStreamEntryPool.allocateNewBlock(BlockOutputStreamEntryPool.java:248)
	at org.apache.hadoop.ozone.client.io.BlockOutputStreamEntryPool.allocateBlockIfNeeded(BlockOutputStreamEntryPool.java:296)
	at org.apache.hadoop.ozone.client.io.KeyOutputStream.handleWrite(KeyOutputStream.java:201)
	at org.apache.hadoop.ozone.client.io.KeyOutputStream.handleRetry(KeyOutputStream.java:376)
	at org.apache.hadoop.ozone.client.io.KeyOutputStream.handleException(KeyOutputStream.java:325)
	at org.apache.hadoop.ozone.client.io.KeyOutputStream.handleWrite(KeyOutputStream.java:231)
	at org.apache.hadoop.ozone.client.io.KeyOutputStream.handleRetry(KeyOutputStream.java:376)
	at org.apache.hadoop.ozone.client.io.KeyOutputStream.handleException(KeyOutputStream.java:325)
	at org.apache.hadoop.ozone.client.io.KeyOutputStream.handleWrite(KeyOutputStream.java:231)
	at org.apache.hadoop.ozone.client.io.KeyOutputStream.write(KeyOutputStream.java:193)
	at org.apache.hadoop.ozone.client.io.OzoneOutputStream.write(OzoneOutputStream.java:49)
	at java.io.OutputStream.write(OutputStream.java:75)
	at org.apache.hadoop.ozone.client.rpc.TestMultiBlockWritesWithDnFailures.testMultiBlockWritesWithDnFailures(TestMultiBlockWritesWithDnFailures.java:122)
	at sun.reflect.NativeMethodAccessorImpl.invoke0(Native Method)
	at sun.reflect.NativeMethodAccessorImpl.invoke(NativeMethodAccessorImpl.java:62)
	at sun.reflect.DelegatingMethodAccessorImpl.invoke(DelegatingMethodAccessorImpl.java:43)
	at java.lang.reflect.Method.invoke(Method.java:498)
	at org.junit.runners.model.FrameworkMethod$1.runReflectiveCall(FrameworkMethod.java:47)
	at org.junit.internal.runners.model.ReflectiveCallable.run(ReflectiveCallable.java:12)
	at org.junit.runners.model.FrameworkMethod.invokeExplosively(FrameworkMethod.java:44)
	at org.junit.internal.runners.statements.InvokeMethod.evaluate(InvokeMethod.java:17)
	at org.junit.runners.ParentRunner.runLeaf(ParentRunner.java:271)
	at org.junit.runners.BlockJUnit4ClassRunner.runChild(BlockJUnit4ClassRunner.java:70)
	at org.junit.runners.BlockJUnit4ClassRunner.runChild(BlockJUnit4ClassRunner.java:50)
	at org.junit.runners.ParentRunner$3.run(ParentRunner.java:238)
	at org.junit.runners.ParentRunner$1.schedule(ParentRunner.java:63)
	at org.junit.runners.ParentRunner.runChildren(ParentRunner.java:236)
	at org.junit.runners.ParentRunner.access$000(ParentRunner.java:53)
	at org.junit.runners.ParentRunner$2.evaluate(ParentRunner.java:229)
	at org.junit.runners.ParentRunner.run(ParentRunner.java:309)
	at org.apache.maven.surefire.junit4.JUnit4Provider.execute(JUnit4Provider.java:365)
	at org.apache.maven.surefire.junit4.JUnit4Provider.executeWithRerun(JUnit4Provider.java:273)
	at org.apache.maven.surefire.junit4.JUnit4Provider.executeTestSet(JUnit4Provider.java:238)
	at org.apache.maven.surefire.junit4.JUnit4Provider.invoke(JUnit4Provider.java:159)
	at org.apache.maven.surefire.booter.ForkedBooter.invokeProviderInSameClassLoader(ForkedBooter.java:384)
	at org.apache.maven.surefire.booter.ForkedBooter.runSuitesInProcess(ForkedBooter.java:345)
	at org.apache.maven.surefire.booter.ForkedBooter.execute(ForkedBooter.java:126)
	at org.apache.maven.surefire.booter.ForkedBooter.main(ForkedBooter.java:418)
</error>
    <system-out><![CDATA[2019-07-30 20:52:27,323 WARN  server.ServerUtils (ServerUtils.java:getScmDbDir(145)) - ozone.scm.db.dirs is not configured. We recommend adding this setting. Falling back to ozone.metadata.dirs instead.
2019-07-30 20:52:27,477 WARN  server.ServerUtils (ServerUtils.java:getScmDbDir(145)) - ozone.scm.db.dirs is not configured. We recommend adding this setting. Falling back to ozone.metadata.dirs instead.
2019-07-30 20:52:27,480 WARN  server.ServerUtils (ServerUtils.java:getScmDbDir(145)) - ozone.scm.db.dirs is not configured. We recommend adding this setting. Falling back to ozone.metadata.dirs instead.
2019-07-30 20:52:27,500 INFO  util.log (Log.java:initialized(192)) - Logging initialized @862ms
2019-07-30 20:52:27,620 INFO  db.DBStoreBuilder (DBStoreBuilder.java:addTable(110)) - using custom profile for table: deletedBlocks
2019-07-30 20:52:27,621 INFO  db.DBStoreBuilder (DBStoreBuilder.java:processTables(161)) - Using default column profile:DBProfile.DISK for Table:deletedBlocks
2019-07-30 20:52:27,621 INFO  db.DBStoreBuilder (DBStoreBuilder.java:addTable(110)) - using custom profile for table: validCerts
2019-07-30 20:52:27,622 INFO  db.DBStoreBuilder (DBStoreBuilder.java:processTables(161)) - Using default column profile:DBProfile.DISK for Table:validCerts
2019-07-30 20:52:27,622 INFO  db.DBStoreBuilder (DBStoreBuilder.java:addTable(110)) - using custom profile for table: revokedCerts
2019-07-30 20:52:27,623 INFO  db.DBStoreBuilder (DBStoreBuilder.java:processTables(161)) - Using default column profile:DBProfile.DISK for Table:revokedCerts
2019-07-30 20:52:27,638 INFO  db.DBStoreBuilder (DBStoreBuilder.java:addTable(110)) - using custom profile for table: default
2019-07-30 20:52:27,638 INFO  db.DBStoreBuilder (DBStoreBuilder.java:processTables(167)) - Using default column profile:DBProfile.DISK for Table:default
2019-07-30 20:52:27,640 INFO  db.DBStoreBuilder (DBStoreBuilder.java:getDbProfile(198)) - Using default options. DBProfile.DISK
2019-07-30 20:52:27,881 INFO  net.NodeSchemaLoader (NodeSchemaLoader.java:loadSchemaFromFile(125)) - Loading file from sun.misc.CompoundEnumeration@7193666c
2019-07-30 20:52:27,884 INFO  net.NodeSchemaLoader (NodeSchemaLoader.java:loadSchema(171)) - Loading network topology layer schema file
2019-07-30 20:52:27,964 INFO  node.SCMNodeManager (SCMNodeManager.java:<init>(121)) - Entering startup safe mode.
2019-07-30 20:52:28,047 WARN  server.ServerUtils (ServerUtils.java:getScmDbDir(145)) - ozone.scm.db.dirs is not configured. We recommend adding this setting. Falling back to ozone.metadata.dirs instead.
2019-07-30 20:52:28,105 INFO  pipeline.SCMPipelineManager (SCMPipelineManager.java:initializePipelineState(126)) - No pipeline exists in current db
2019-07-30 20:52:28,108 WARN  server.ServerUtils (ServerUtils.java:getScmDbDir(145)) - ozone.scm.db.dirs is not configured. We recommend adding this setting. Falling back to ozone.metadata.dirs instead.
2019-07-30 20:52:28,211 WARN  events.EventQueue (EventQueue.java:fireEvent(175)) - No event handler registered for event TypedEvent{payloadType=SafeModeStatus, name='SafeModeStatus'}
2019-07-30 20:52:28,492 INFO  ipc.CallQueueManager (CallQueueManager.java:<init>(84)) - Using callQueue: class java.util.concurrent.LinkedBlockingQueue, queueCapacity: 2000, scheduler: class org.apache.hadoop.ipc.DefaultRpcScheduler, ipcBackoff: false.
2019-07-30 20:52:28,516 INFO  ipc.Server (Server.java:run(1074)) - Starting Socket Reader #1 for port 44456
2019-07-30 20:52:28,534 INFO  ipc.CallQueueManager (CallQueueManager.java:<init>(84)) - Using callQueue: class java.util.concurrent.LinkedBlockingQueue, queueCapacity: 2000, scheduler: class org.apache.hadoop.ipc.DefaultRpcScheduler, ipcBackoff: false.
2019-07-30 20:52:28,535 INFO  ipc.Server (Server.java:run(1074)) - Starting Socket Reader #1 for port 43209
2019-07-30 20:52:28,540 INFO  ipc.CallQueueManager (CallQueueManager.java:<init>(84)) - Using callQueue: class java.util.concurrent.LinkedBlockingQueue, queueCapacity: 2000, scheduler: class org.apache.hadoop.ipc.DefaultRpcScheduler, ipcBackoff: false.
2019-07-30 20:52:28,541 INFO  ipc.Server (Server.java:run(1074)) - Starting Socket Reader #1 for port 36903
2019-07-30 20:52:28,655 INFO  hdfs.DFSUtil (DFSUtil.java:httpServerTemplateForNNAndJN(1641)) - Starting Web-server for scm at: http://0.0.0.0:0
2019-07-30 20:52:28,817 INFO  server.AuthenticationFilter (AuthenticationFilter.java:constructSecretProvider(240)) - Unable to initialize FileSignerSecretProvider, falling back to use random secrets.
2019-07-30 20:52:28,827 WARN  http.HttpRequestLog (HttpRequestLog.java:getRequestLog(97)) - Jetty request log can only be enabled using Log4j
2019-07-30 20:52:28,837 INFO  http.HttpServer2 (HttpServer2.java:addGlobalFilter(975)) - Added global filter 'safety' (class=org.apache.hadoop.http.HttpServer2$QuotingInputFilter)
2019-07-30 20:52:28,841 INFO  http.HttpServer2 (HttpServer2.java:addFilter(948)) - Added filter static_user_filter (class=org.apache.hadoop.http.lib.StaticUserWebFilter$StaticUserFilter) to context scm
2019-07-30 20:52:28,841 INFO  http.HttpServer2 (HttpServer2.java:addFilter(958)) - Added filter static_user_filter (class=org.apache.hadoop.http.lib.StaticUserWebFilter$StaticUserFilter) to context logs
2019-07-30 20:52:28,841 INFO  http.HttpServer2 (HttpServer2.java:addFilter(958)) - Added filter static_user_filter (class=org.apache.hadoop.http.lib.StaticUserWebFilter$StaticUserFilter) to context static
2019-07-30 20:52:28,873 INFO  server.StorageContainerManager (StorageContainerManager.java:start(758)) - StorageContainerLocationProtocol RPC server is listening at /0.0.0.0:36903
2019-07-30 20:52:28,930 WARN  impl.MetricsConfig (MetricsConfig.java:loadFirst(134)) - Cannot locate configuration: tried hadoop-metrics2-storagecontainermanager.properties,hadoop-metrics2.properties
2019-07-30 20:52:28,942 INFO  impl.MetricsSystemImpl (MetricsSystemImpl.java:startTimer(374)) - Scheduled Metric snapshot period at 10 second(s).
2019-07-30 20:52:28,942 INFO  impl.MetricsSystemImpl (MetricsSystemImpl.java:start(191)) - StorageContainerManager metrics system started
2019-07-30 20:52:29,156 INFO  server.SCMClientProtocolServer (SCMClientProtocolServer.java:start(151)) - RPC server for Client  is listening at /0.0.0.0:36903
2019-07-30 20:52:29,157 INFO  ipc.Server (Server.java:run(1314)) - IPC Server Responder: starting
2019-07-30 20:52:29,157 INFO  ipc.Server (Server.java:run(1153)) - IPC Server listener on 36903: starting
2019-07-30 20:52:29,161 INFO  server.StorageContainerManager (StorageContainerManager.java:start(768)) - ScmBlockLocationProtocol RPC server is listening at /0.0.0.0:43209
2019-07-30 20:52:29,161 INFO  server.SCMBlockProtocolServer (SCMBlockProtocolServer.java:start(140)) - RPC server for Block Protocol is listening at /0.0.0.0:43209
2019-07-30 20:52:29,161 INFO  ipc.Server (Server.java:run(1314)) - IPC Server Responder: starting
2019-07-30 20:52:29,161 INFO  ipc.Server (Server.java:run(1153)) - IPC Server listener on 43209: starting
2019-07-30 20:52:29,168 INFO  server.StorageContainerManager (StorageContainerManager.java:start(772)) - ScmDatanodeProtocl RPC server is listening at /0.0.0.0:44456
2019-07-30 20:52:29,168 INFO  server.SCMDatanodeProtocolServer (SCMDatanodeProtocolServer.java:start(191)) - RPC server for DataNodes is listening at /0.0.0.0:44456
2019-07-30 20:52:29,169 INFO  ipc.Server (Server.java:run(1314)) - IPC Server Responder: starting
2019-07-30 20:52:29,170 INFO  ipc.Server (Server.java:run(1153)) - IPC Server listener on 44456: starting
2019-07-30 20:52:29,179 INFO  http.HttpServer2 (HttpServer2.java:bindListener(1191)) - Jetty bound to port 37069
2019-07-30 20:52:29,181 INFO  server.Server (Server.java:doStart(351)) - jetty-9.3.24.v20180605, build timestamp: 2018-06-05T17:11:56Z, git hash: 84205aa28f11a4f31f2a3b86d1bba2cc8ab69827
2019-07-30 20:52:29,218 INFO  handler.ContextHandler (ContextHandler.java:doStart(781)) - Started o.e.j.s.ServletContextHandler@75f95314{/logs,file:///workdir/hadoop-ozone/integration-test/target/log,AVAILABLE}
2019-07-30 20:52:29,218 INFO  handler.ContextHandler (ContextHandler.java:doStart(781)) - Started o.e.j.s.ServletContextHandler@6bbe2511{/static,file:///workdir/hadoop-ozone/integration-test/target/test-classes/webapps/static,AVAILABLE}
2019-07-30 20:52:29,250 INFO  handler.ContextHandler (ContextHandler.java:doStart(781)) - Started o.e.j.w.WebAppContext@285d851a{/,file:///workdir/hadoop-ozone/integration-test/target/test-classes/webapps/scm/,AVAILABLE}{/scm}
2019-07-30 20:52:29,255 INFO  server.AbstractConnector (AbstractConnector.java:doStart(278)) - Started ServerConnector@32232e55{HTTP/1.1,[http/1.1]}{0.0.0.0:37069}
2019-07-30 20:52:29,255 INFO  server.Server (Server.java:doStart(419)) - Started @2618ms
2019-07-30 20:52:29,257 INFO  server.BaseHttpServer (BaseHttpServer.java:updateConnectorAddress(207)) - HTTP server of SCM is listening at http://0.0.0.0:37069
2019-07-30 20:52:29,265 INFO  util.JvmPauseMonitor (JvmPauseMonitor.java:run(188)) - Starting JVM pause monitor
2019-07-30 20:52:29,270 WARN  server.ServerUtils (ServerUtils.java:getDBPath(222)) - ozone.om.db.dirs is not configured. We recommend adding this setting. Falling back to ozone.metadata.dirs instead.
2019-07-30 20:52:29,417 WARN  server.ServerUtils (ServerUtils.java:getDBPath(222)) - ozone.om.db.dirs is not configured. We recommend adding this setting. Falling back to ozone.metadata.dirs instead.
2019-07-30 20:52:29,418 WARN  server.ServerUtils (ServerUtils.java:getDBPath(222)) - ozone.om.db.dirs is not configured. We recommend adding this setting. Falling back to ozone.metadata.dirs instead.
2019-07-30 20:52:29,420 INFO  om.OzoneManager (OzoneManager.java:setOMNodeDetails(644)) - OM Service ID is not set. Setting it to the default ID: omServiceIdDefault
2019-07-30 20:52:29,420 INFO  om.OzoneManager (OzoneManager.java:setOMNodeDetails(650)) - OM Node ID is not set. Setting it to the OmStorage's OmID: 135f25a4-a612-4bb9-bf73-5acb24a8c176
2019-07-30 20:52:29,422 INFO  om.OzoneManager (OzoneManager.java:loadOMHAConfigs(601)) - Found matching OM address with OMServiceId: null, OMNodeId: null, RPC Address: localhost:0 and Ratis port: 9872
2019-07-30 20:52:30,133 WARN  server.ServerUtils (ServerUtils.java:getDBPath(222)) - ozone.om.db.dirs is not configured. We recommend adding this setting. Falling back to ozone.metadata.dirs instead.
2019-07-30 20:52:30,140 INFO  db.DBStoreBuilder (DBStoreBuilder.java:addTable(110)) - using custom profile for table: userTable
2019-07-30 20:52:30,140 INFO  db.DBStoreBuilder (DBStoreBuilder.java:processTables(161)) - Using default column profile:DBProfile.DISK for Table:userTable
2019-07-30 20:52:30,141 INFO  db.DBStoreBuilder (DBStoreBuilder.java:addTable(110)) - using custom profile for table: volumeTable
2019-07-30 20:52:30,141 INFO  db.DBStoreBuilder (DBStoreBuilder.java:processTables(161)) - Using default column profile:DBProfile.DISK for Table:volumeTable
2019-07-30 20:52:30,141 INFO  db.DBStoreBuilder (DBStoreBuilder.java:addTable(110)) - using custom profile for table: bucketTable
2019-07-30 20:52:30,141 INFO  db.DBStoreBuilder (DBStoreBuilder.java:processTables(161)) - Using default column profile:DBProfile.DISK for Table:bucketTable
2019-07-30 20:52:30,142 INFO  db.DBStoreBuilder (DBStoreBuilder.java:addTable(110)) - using custom profile for table: keyTable
2019-07-30 20:52:30,142 INFO  db.DBStoreBuilder (DBStoreBuilder.java:processTables(161)) - Using default column profile:DBProfile.DISK for Table:keyTable
2019-07-30 20:52:30,142 INFO  db.DBStoreBuilder (DBStoreBuilder.java:addTable(110)) - using custom profile for table: deletedTable
2019-07-30 20:52:30,142 INFO  db.DBStoreBuilder (DBStoreBuilder.java:processTables(161)) - Using default column profile:DBProfile.DISK for Table:deletedTable
2019-07-30 20:52:30,143 INFO  db.DBStoreBuilder (DBStoreBuilder.java:addTable(110)) - using custom profile for table: openKeyTable
2019-07-30 20:52:30,143 INFO  db.DBStoreBuilder (DBStoreBuilder.java:processTables(161)) - Using default column profile:DBProfile.DISK for Table:openKeyTable
2019-07-30 20:52:30,143 INFO  db.DBStoreBuilder (DBStoreBuilder.java:addTable(110)) - using custom profile for table: s3Table
2019-07-30 20:52:30,143 INFO  db.DBStoreBuilder (DBStoreBuilder.java:processTables(161)) - Using default column profile:DBProfile.DISK for Table:s3Table
2019-07-30 20:52:30,144 INFO  db.DBStoreBuilder (DBStoreBuilder.java:addTable(110)) - using custom profile for table: multipartInfoTable
2019-07-30 20:52:30,144 INFO  db.DBStoreBuilder (DBStoreBuilder.java:processTables(161)) - Using default column profile:DBProfile.DISK for Table:multipartInfoTable
2019-07-30 20:52:30,144 INFO  db.DBStoreBuilder (DBStoreBuilder.java:addTable(110)) - using custom profile for table: dTokenTable
2019-07-30 20:52:30,144 INFO  db.DBStoreBuilder (DBStoreBuilder.java:processTables(161)) - Using default column profile:DBProfile.DISK for Table:dTokenTable
2019-07-30 20:52:30,145 INFO  db.DBStoreBuilder (DBStoreBuilder.java:addTable(110)) - using custom profile for table: s3SecretTable
2019-07-30 20:52:30,145 INFO  db.DBStoreBuilder (DBStoreBuilder.java:processTables(161)) - Using default column profile:DBProfile.DISK for Table:s3SecretTable
2019-07-30 20:52:30,145 INFO  db.DBStoreBuilder (DBStoreBuilder.java:addTable(110)) - using custom profile for table: prefixTable
2019-07-30 20:52:30,145 INFO  db.DBStoreBuilder (DBStoreBuilder.java:processTables(161)) - Using default column profile:DBProfile.DISK for Table:prefixTable
2019-07-30 20:52:30,146 INFO  db.DBStoreBuilder (DBStoreBuilder.java:addTable(110)) - using custom profile for table: default
2019-07-30 20:52:30,146 INFO  db.DBStoreBuilder (DBStoreBuilder.java:processTables(167)) - Using default column profile:DBProfile.DISK for Table:default
2019-07-30 20:52:30,146 INFO  db.DBStoreBuilder (DBStoreBuilder.java:getDbProfile(198)) - Using default options. DBProfile.DISK
2019-07-30 20:52:30,670 INFO  ipc.CallQueueManager (CallQueueManager.java:<init>(84)) - Using callQueue: class java.util.concurrent.LinkedBlockingQueue, queueCapacity: 2000, scheduler: class org.apache.hadoop.ipc.DefaultRpcScheduler, ipcBackoff: false.
2019-07-30 20:52:30,673 INFO  ipc.Server (Server.java:run(1074)) - Starting Socket Reader #1 for port 35075
2019-07-30 20:52:30,703 INFO  om.OzoneManager (OzoneManager.java:start(1255)) - OzoneManager RPC server is listening at localhost/127.0.0.1:35075
2019-07-30 20:52:30,704 INFO  impl.MetricsSystemImpl (MetricsSystemImpl.java:init(158)) - OzoneManager metrics system started (again)
2019-07-30 20:52:30,706 INFO  ipc.Server (Server.java:run(1314)) - IPC Server Responder: starting
2019-07-30 20:52:30,706 INFO  ipc.Server (Server.java:run(1153)) - IPC Server listener on 35075: starting
2019-07-30 20:52:30,721 INFO  hdfs.DFSUtil (DFSUtil.java:httpServerTemplateForNNAndJN(1641)) - Starting Web-server for ozoneManager at: http://0.0.0.0:0
2019-07-30 20:52:30,724 INFO  server.AuthenticationFilter (AuthenticationFilter.java:constructSecretProvider(240)) - Unable to initialize FileSignerSecretProvider, falling back to use random secrets.
2019-07-30 20:52:30,725 WARN  http.HttpRequestLog (HttpRequestLog.java:getRequestLog(97)) - Jetty request log can only be enabled using Log4j
2019-07-30 20:52:30,729 INFO  http.HttpServer2 (HttpServer2.java:addGlobalFilter(975)) - Added global filter 'safety' (class=org.apache.hadoop.http.HttpServer2$QuotingInputFilter)
2019-07-30 20:52:30,731 INFO  http.HttpServer2 (HttpServer2.java:addFilter(948)) - Added filter static_user_filter (class=org.apache.hadoop.http.lib.StaticUserWebFilter$StaticUserFilter) to context ozoneManager
2019-07-30 20:52:30,731 INFO  http.HttpServer2 (HttpServer2.java:addFilter(958)) - Added filter static_user_filter (class=org.apache.hadoop.http.lib.StaticUserWebFilter$StaticUserFilter) to context static
2019-07-30 20:52:30,731 INFO  http.HttpServer2 (HttpServer2.java:addFilter(958)) - Added filter static_user_filter (class=org.apache.hadoop.http.lib.StaticUserWebFilter$StaticUserFilter) to context logs
2019-07-30 20:52:30,735 INFO  http.HttpServer2 (HttpServer2.java:bindListener(1191)) - Jetty bound to port 35400
2019-07-30 20:52:30,735 INFO  server.Server (Server.java:doStart(351)) - jetty-9.3.24.v20180605, build timestamp: 2018-06-05T17:11:56Z, git hash: 84205aa28f11a4f31f2a3b86d1bba2cc8ab69827
2019-07-30 20:52:30,738 INFO  handler.ContextHandler (ContextHandler.java:doStart(781)) - Started o.e.j.s.ServletContextHandler@7808fb9{/logs,file:///workdir/hadoop-ozone/integration-test/target/log,AVAILABLE}
2019-07-30 20:52:30,739 INFO  handler.ContextHandler (ContextHandler.java:doStart(781)) - Started o.e.j.s.ServletContextHandler@6b580b88{/static,file:///workdir/hadoop-ozone/integration-test/target/test-classes/webapps/static,AVAILABLE}
2019-07-30 20:52:30,747 INFO  handler.ContextHandler (ContextHandler.java:doStart(781)) - Started o.e.j.w.WebAppContext@4a1c0752{/,file:///workdir/hadoop-ozone/integration-test/target/test-classes/webapps/ozoneManager/,AVAILABLE}{/ozoneManager}
2019-07-30 20:52:30,747 INFO  server.AbstractConnector (AbstractConnector.java:doStart(278)) - Started ServerConnector@332f25c8{HTTP/1.1,[http/1.1]}{0.0.0.0:35400}
2019-07-30 20:52:30,748 INFO  server.Server (Server.java:doStart(419)) - Started @4110ms
2019-07-30 20:52:30,749 INFO  server.BaseHttpServer (BaseHttpServer.java:updateConnectorAddress(207)) - HTTP server of OZONEMANAGER is listening at http://0.0.0.0:35400
2019-07-30 20:52:31,091 INFO  impl.MetricsSystemImpl (MetricsSystemImpl.java:init(158)) - HddsDatanode metrics system started (again)
2019-07-30 20:52:31,200 INFO  ozone.HddsDatanodeService (HddsDatanodeService.java:start(184)) - HddsDatanodeService host:byscane-nightly-zbvcj-1516659162 ip:192.168.69.110
2019-07-30 20:52:31,239 INFO  volume.HddsVolume (HddsVolume.java:<init>(176)) - Creating Volume: /workdir/hadoop-ozone/integration-test/target/test-dir/MiniOzoneClusterImpl-71486f19-fdcc-4ccd-ad00-df52007dc384/datanode-0/data/containers/hdds of  storage type : DISK and capacity : 52710309888
2019-07-30 20:52:31,241 INFO  volume.VolumeSet (VolumeSet.java:initializeVolumeSet(170)) - Added Volume : /workdir/hadoop-ozone/integration-test/target/test-dir/MiniOzoneClusterImpl-71486f19-fdcc-4ccd-ad00-df52007dc384/datanode-0/data/containers/hdds to VolumeSet
2019-07-30 20:52:31,245 INFO  volume.ThrottledAsyncChecker (ThrottledAsyncChecker.java:schedule(140)) - Scheduling a check for org.apache.hadoop.ozone.container.common.volume.HddsVolume@29a69a35
2019-07-30 20:52:31,265 INFO  volume.HddsVolumeChecker (HddsVolumeChecker.java:checkAllVolumes(203)) - Scheduled health check for volume org.apache.hadoop.ozone.container.common.volume.HddsVolume@29a69a35
2019-07-30 20:52:31,369 INFO  impl.RaftServerProxy (ConfUtils.java:logGet(43)) - raft.rpc.type = GRPC (default)
2019-07-30 20:52:31,431 INFO  grpc.GrpcFactory (GrpcFactory.java:checkPooledByteBufAllocatorUseCacheForAllThreads(45)) - PERFORMANCE WARNING: useCacheForAllThreads is true that may cause Netty to create a lot garbage objects and, as a result, trigger GC.
	It is recommended to disable useCacheForAllThreads by setting -Dorg.apache.ratis.thirdparty.io.netty.allocator.useCacheForAllThreads=false in command line.
2019-07-30 20:52:31,436 INFO  grpc.GrpcConfigKeys$Server (ConfUtils.java:logGet(43)) - raft.grpc.server.port = 0 (default)
2019-07-30 20:52:31,437 INFO  server.GrpcService (ConfUtils.java:logGet(43)) - raft.grpc.message.size.max = 33570816 (custom)
2019-07-30 20:52:31,438 INFO  server.RaftServerConfigKeys (ConfUtils.java:logGet(43)) - raft.server.log.appender.buffer.byte-limit = 33554432 (custom)
2019-07-30 20:52:31,439 INFO  server.GrpcService (ConfUtils.java:logGet(43)) - raft.grpc.flow.control.window = 1MB (=1048576) (default)
2019-07-30 20:52:31,440 INFO  server.RaftServerConfigKeys (ConfUtils.java:logGet(43)) - raft.server.rpc.request.timeout = 3000ms (default)
2019-07-30 20:52:31,591 INFO  server.RaftServerConfigKeys (ConfUtils.java:logGet(43)) - raft.server.storage.dir = [/workdir/hadoop-ozone/integration-test/target/test-dir/MiniOzoneClusterImpl-71486f19-fdcc-4ccd-ad00-df52007dc384/datanode-0/data/ratis] (custom)
2019-07-30 20:52:31,639 INFO  replication.SimpleContainerDownloader (SimpleContainerDownloader.java:<init>(72)) - Starting container downloader service to copy containers to replicate.
2019-07-30 20:52:31,657 INFO  hdfs.DFSUtil (DFSUtil.java:httpServerTemplateForNNAndJN(1641)) - Starting Web-server for hddsDatanode at: http://0.0.0.0:0
2019-07-30 20:52:31,661 INFO  server.AuthenticationFilter (AuthenticationFilter.java:constructSecretProvider(240)) - Unable to initialize FileSignerSecretProvider, falling back to use random secrets.
2019-07-30 20:52:31,663 WARN  http.HttpRequestLog (HttpRequestLog.java:getRequestLog(97)) - Jetty request log can only be enabled using Log4j
2019-07-30 20:52:31,667 INFO  http.HttpServer2 (HttpServer2.java:addGlobalFilter(975)) - Added global filter 'safety' (class=org.apache.hadoop.http.HttpServer2$QuotingInputFilter)
2019-07-30 20:52:31,669 INFO  http.HttpServer2 (HttpServer2.java:addFilter(948)) - Added filter static_user_filter (class=org.apache.hadoop.http.lib.StaticUserWebFilter$StaticUserFilter) to context hddsDatanode
2019-07-30 20:52:31,669 INFO  http.HttpServer2 (HttpServer2.java:addFilter(958)) - Added filter static_user_filter (class=org.apache.hadoop.http.lib.StaticUserWebFilter$StaticUserFilter) to context logs
2019-07-30 20:52:31,669 INFO  http.HttpServer2 (HttpServer2.java:addFilter(958)) - Added filter static_user_filter (class=org.apache.hadoop.http.lib.StaticUserWebFilter$StaticUserFilter) to context static
2019-07-30 20:52:31,672 INFO  http.HttpServer2 (HttpServer2.java:bindListener(1191)) - Jetty bound to port 33327
2019-07-30 20:52:31,673 INFO  server.Server (Server.java:doStart(351)) - jetty-9.3.24.v20180605, build timestamp: 2018-06-05T17:11:56Z, git hash: 84205aa28f11a4f31f2a3b86d1bba2cc8ab69827
2019-07-30 20:52:31,676 INFO  handler.ContextHandler (ContextHandler.java:doStart(781)) - Started o.e.j.s.ServletContextHandler@65c33b92{/logs,file:///workdir/hadoop-ozone/integration-test/target/log,AVAILABLE}
2019-07-30 20:52:31,677 INFO  handler.ContextHandler (ContextHandler.java:doStart(781)) - Started o.e.j.s.ServletContextHandler@4e08acf9{/static,jar:file:/home/user/.m2/repository/org/apache/hadoop/hadoop-hdds-container-service/0.4.1-SNAPSHOT/hadoop-hdds-container-service-0.4.1-SNAPSHOT.jar!/webapps/static,AVAILABLE}
2019-07-30 20:52:31,733 INFO  handler.ContextHandler (ContextHandler.java:doStart(781)) - Started o.e.j.w.WebAppContext@36417a54{/,file:///tmp/jetty-0.0.0.0-33327-hddsDatanode-_-any-7523985681951630094.dir/webapp/,AVAILABLE}{/hddsDatanode}
2019-07-30 20:52:31,734 INFO  server.AbstractConnector (AbstractConnector.java:doStart(278)) - Started ServerConnector@2b8bb184{HTTP/1.1,[http/1.1]}{0.0.0.0:33327}
2019-07-30 20:52:31,738 INFO  server.Server (Server.java:doStart(419)) - Started @5100ms
2019-07-30 20:52:31,739 INFO  server.BaseHttpServer (BaseHttpServer.java:updateConnectorAddress(207)) - HTTP server of HDDSDATANODE is listening at http://0.0.0.0:33327
2019-07-30 20:52:32,738 INFO  ozone.HddsDatanodeService (HddsDatanodeService.java:startPlugins(395)) - Started plug-in org.apache.hadoop.ozone.web.OzoneHddsDatanodeService@623e0631
2019-07-30 20:52:32,740 INFO  impl.MetricsSystemImpl (MetricsSystemImpl.java:init(158)) - HddsDatanode metrics system started (again)
2019-07-30 20:52:32,743 INFO  ozone.HddsDatanodeService (HddsDatanodeService.java:start(184)) - HddsDatanodeService host:byscane-nightly-zbvcj-1516659162 ip:192.168.69.110
2019-07-30 20:52:32,745 INFO  util.JvmPauseMonitor (JvmPauseMonitor.java:run(188)) - Starting JVM pause monitor
2019-07-30 20:52:32,756 INFO  volume.HddsVolume (HddsVolume.java:<init>(176)) - Creating Volume: /workdir/hadoop-ozone/integration-test/target/test-dir/MiniOzoneClusterImpl-71486f19-fdcc-4ccd-ad00-df52007dc384/datanode-1/data/containers/hdds of  storage type : DISK and capacity : 52710309888
2019-07-30 20:52:32,756 INFO  volume.VolumeSet (VolumeSet.java:initializeVolumeSet(170)) - Added Volume : /workdir/hadoop-ozone/integration-test/target/test-dir/MiniOzoneClusterImpl-71486f19-fdcc-4ccd-ad00-df52007dc384/datanode-1/data/containers/hdds to VolumeSet
2019-07-30 20:52:32,757 INFO  volume.ThrottledAsyncChecker (ThrottledAsyncChecker.java:schedule(140)) - Scheduling a check for org.apache.hadoop.ozone.container.common.volume.HddsVolume@6e02721d
2019-07-30 20:52:32,759 INFO  volume.HddsVolumeChecker (HddsVolumeChecker.java:checkAllVolumes(203)) - Scheduled health check for volume org.apache.hadoop.ozone.container.common.volume.HddsVolume@6e02721d
2019-07-30 20:52:32,777 INFO  impl.RaftServerProxy (ConfUtils.java:logGet(43)) - raft.rpc.type = GRPC (default)
2019-07-30 20:52:32,778 INFO  grpc.GrpcFactory (GrpcFactory.java:checkPooledByteBufAllocatorUseCacheForAllThreads(45)) - PERFORMANCE WARNING: useCacheForAllThreads is true that may cause Netty to create a lot garbage objects and, as a result, trigger GC.
	It is recommended to disable useCacheForAllThreads by setting -Dorg.apache.ratis.thirdparty.io.netty.allocator.useCacheForAllThreads=false in command line.
2019-07-30 20:52:32,778 INFO  grpc.GrpcConfigKeys$Server (ConfUtils.java:logGet(43)) - raft.grpc.server.port = 0 (default)
2019-07-30 20:52:32,779 INFO  server.GrpcService (ConfUtils.java:logGet(43)) - raft.grpc.message.size.max = 33570816 (custom)
2019-07-30 20:52:32,781 INFO  server.RaftServerConfigKeys (ConfUtils.java:logGet(43)) - raft.server.log.appender.buffer.byte-limit = 33554432 (custom)
2019-07-30 20:52:32,781 INFO  server.GrpcService (ConfUtils.java:logGet(43)) - raft.grpc.flow.control.window = 1MB (=1048576) (default)
2019-07-30 20:52:32,782 INFO  server.RaftServerConfigKeys (ConfUtils.java:logGet(43)) - raft.server.rpc.request.timeout = 3000ms (default)
2019-07-30 20:52:32,783 INFO  server.RaftServerConfigKeys (ConfUtils.java:logGet(43)) - raft.server.storage.dir = [/workdir/hadoop-ozone/integration-test/target/test-dir/MiniOzoneClusterImpl-71486f19-fdcc-4ccd-ad00-df52007dc384/datanode-1/data/ratis] (custom)
2019-07-30 20:52:32,785 INFO  replication.SimpleContainerDownloader (SimpleContainerDownloader.java:<init>(72)) - Starting container downloader service to copy containers to replicate.
2019-07-30 20:52:32,787 INFO  hdfs.DFSUtil (DFSUtil.java:httpServerTemplateForNNAndJN(1641)) - Starting Web-server for hddsDatanode at: http://0.0.0.0:0
2019-07-30 20:52:32,789 INFO  server.AuthenticationFilter (AuthenticationFilter.java:constructSecretProvider(240)) - Unable to initialize FileSignerSecretProvider, falling back to use random secrets.
2019-07-30 20:52:32,791 WARN  http.HttpRequestLog (HttpRequestLog.java:getRequestLog(97)) - Jetty request log can only be enabled using Log4j
2019-07-30 20:52:32,794 INFO  http.HttpServer2 (HttpServer2.java:addGlobalFilter(975)) - Added global filter 'safety' (class=org.apache.hadoop.http.HttpServer2$QuotingInputFilter)
2019-07-30 20:52:32,795 INFO  http.HttpServer2 (HttpServer2.java:addFilter(948)) - Added filter static_user_filter (class=org.apache.hadoop.http.lib.StaticUserWebFilter$StaticUserFilter) to context hddsDatanode
2019-07-30 20:52:32,796 INFO  http.HttpServer2 (HttpServer2.java:addFilter(958)) - Added filter static_user_filter (class=org.apache.hadoop.http.lib.StaticUserWebFilter$StaticUserFilter) to context logs
2019-07-30 20:52:32,796 INFO  http.HttpServer2 (HttpServer2.java:addFilter(958)) - Added filter static_user_filter (class=org.apache.hadoop.http.lib.StaticUserWebFilter$StaticUserFilter) to context static
2019-07-30 20:52:32,798 INFO  http.HttpServer2 (HttpServer2.java:bindListener(1191)) - Jetty bound to port 39077
2019-07-30 20:52:32,798 INFO  server.Server (Server.java:doStart(351)) - jetty-9.3.24.v20180605, build timestamp: 2018-06-05T17:11:56Z, git hash: 84205aa28f11a4f31f2a3b86d1bba2cc8ab69827
2019-07-30 20:52:32,801 INFO  handler.ContextHandler (ContextHandler.java:doStart(781)) - Started o.e.j.s.ServletContextHandler@69a024a0{/logs,file:///workdir/hadoop-ozone/integration-test/target/log,AVAILABLE}
2019-07-30 20:52:32,802 INFO  handler.ContextHandler (ContextHandler.java:doStart(781)) - Started o.e.j.s.ServletContextHandler@2d7637e6{/static,jar:file:/home/user/.m2/repository/org/apache/hadoop/hadoop-hdds-container-service/0.4.1-SNAPSHOT/hadoop-hdds-container-service-0.4.1-SNAPSHOT.jar!/webapps/static,AVAILABLE}
2019-07-30 20:52:32,848 INFO  handler.ContextHandler (ContextHandler.java:doStart(781)) - Started o.e.j.w.WebAppContext@2ce03e86{/,file:///tmp/jetty-0.0.0.0-39077-hddsDatanode-_-any-6395976755099428515.dir/webapp/,AVAILABLE}{/hddsDatanode}
2019-07-30 20:52:32,849 INFO  server.AbstractConnector (AbstractConnector.java:doStart(278)) - Started ServerConnector@1c628f6a{HTTP/1.1,[http/1.1]}{0.0.0.0:39077}
2019-07-30 20:52:32,852 INFO  server.Server (Server.java:doStart(419)) - Started @6215ms
2019-07-30 20:52:32,853 INFO  server.BaseHttpServer (BaseHttpServer.java:updateConnectorAddress(207)) - HTTP server of HDDSDATANODE is listening at http://0.0.0.0:39077
2019-07-30 20:52:32,864 INFO  datanode.InitDatanodeState (InitDatanodeState.java:persistContainerDatanodeDetails(140)) - DatanodeDetails is persisted to /workdir/hadoop-ozone/integration-test/target/test-dir/MiniOzoneClusterImpl-71486f19-fdcc-4ccd-ad00-df52007dc384/datanode-0/meta/datanode.id
2019-07-30 20:52:33,037 INFO  ozone.HddsDatanodeService (HddsDatanodeService.java:startPlugins(395)) - Started plug-in org.apache.hadoop.ozone.web.OzoneHddsDatanodeService@ccd341d
2019-07-30 20:52:33,038 INFO  impl.MetricsSystemImpl (MetricsSystemImpl.java:init(158)) - HddsDatanode metrics system started (again)
2019-07-30 20:52:33,041 INFO  ozone.HddsDatanodeService (HddsDatanodeService.java:start(184)) - HddsDatanodeService host:byscane-nightly-zbvcj-1516659162 ip:192.168.69.110
2019-07-30 20:52:33,041 INFO  util.JvmPauseMonitor (JvmPauseMonitor.java:run(188)) - Starting JVM pause monitor
2019-07-30 20:52:33,048 INFO  datanode.InitDatanodeState (InitDatanodeState.java:persistContainerDatanodeDetails(140)) - DatanodeDetails is persisted to /workdir/hadoop-ozone/integration-test/target/test-dir/MiniOzoneClusterImpl-71486f19-fdcc-4ccd-ad00-df52007dc384/datanode-1/meta/datanode.id
2019-07-30 20:52:33,052 INFO  volume.HddsVolume (HddsVolume.java:<init>(176)) - Creating Volume: /workdir/hadoop-ozone/integration-test/target/test-dir/MiniOzoneClusterImpl-71486f19-fdcc-4ccd-ad00-df52007dc384/datanode-2/data/containers/hdds of  storage type : DISK and capacity : 52710309888
2019-07-30 20:52:33,053 INFO  volume.VolumeSet (VolumeSet.java:initializeVolumeSet(170)) - Added Volume : /workdir/hadoop-ozone/integration-test/target/test-dir/MiniOzoneClusterImpl-71486f19-fdcc-4ccd-ad00-df52007dc384/datanode-2/data/containers/hdds to VolumeSet
2019-07-30 20:52:33,053 INFO  volume.ThrottledAsyncChecker (ThrottledAsyncChecker.java:schedule(140)) - Scheduling a check for org.apache.hadoop.ozone.container.common.volume.HddsVolume@7197b07f
2019-07-30 20:52:33,056 INFO  volume.HddsVolumeChecker (HddsVolumeChecker.java:checkAllVolumes(203)) - Scheduled health check for volume org.apache.hadoop.ozone.container.common.volume.HddsVolume@7197b07f
2019-07-30 20:52:33,070 INFO  impl.RaftServerProxy (ConfUtils.java:logGet(43)) - raft.rpc.type = GRPC (default)
2019-07-30 20:52:33,070 INFO  grpc.GrpcFactory (GrpcFactory.java:checkPooledByteBufAllocatorUseCacheForAllThreads(45)) - PERFORMANCE WARNING: useCacheForAllThreads is true that may cause Netty to create a lot garbage objects and, as a result, trigger GC.
	It is recommended to disable useCacheForAllThreads by setting -Dorg.apache.ratis.thirdparty.io.netty.allocator.useCacheForAllThreads=false in command line.
2019-07-30 20:52:33,071 INFO  grpc.GrpcConfigKeys$Server (ConfUtils.java:logGet(43)) - raft.grpc.server.port = 0 (default)
2019-07-30 20:52:33,071 INFO  server.GrpcService (ConfUtils.java:logGet(43)) - raft.grpc.message.size.max = 33570816 (custom)
2019-07-30 20:52:33,071 INFO  server.RaftServerConfigKeys (ConfUtils.java:logGet(43)) - raft.server.log.appender.buffer.byte-limit = 33554432 (custom)
2019-07-30 20:52:33,071 INFO  server.GrpcService (ConfUtils.java:logGet(43)) - raft.grpc.flow.control.window = 1MB (=1048576) (default)
2019-07-30 20:52:33,072 INFO  server.RaftServerConfigKeys (ConfUtils.java:logGet(43)) - raft.server.rpc.request.timeout = 3000ms (default)
2019-07-30 20:52:33,072 INFO  server.RaftServerConfigKeys (ConfUtils.java:logGet(43)) - raft.server.storage.dir = [/workdir/hadoop-ozone/integration-test/target/test-dir/MiniOzoneClusterImpl-71486f19-fdcc-4ccd-ad00-df52007dc384/datanode-2/data/ratis] (custom)
2019-07-30 20:52:33,073 INFO  replication.SimpleContainerDownloader (SimpleContainerDownloader.java:<init>(72)) - Starting container downloader service to copy containers to replicate.
2019-07-30 20:52:33,074 INFO  hdfs.DFSUtil (DFSUtil.java:httpServerTemplateForNNAndJN(1641)) - Starting Web-server for hddsDatanode at: http://0.0.0.0:0
2019-07-30 20:52:33,077 INFO  server.AuthenticationFilter (AuthenticationFilter.java:constructSecretProvider(240)) - Unable to initialize FileSignerSecretProvider, falling back to use random secrets.
2019-07-30 20:52:33,077 WARN  http.HttpRequestLog (HttpRequestLog.java:getRequestLog(97)) - Jetty request log can only be enabled using Log4j
2019-07-30 20:52:33,080 INFO  http.HttpServer2 (HttpServer2.java:addGlobalFilter(975)) - Added global filter 'safety' (class=org.apache.hadoop.http.HttpServer2$QuotingInputFilter)
2019-07-30 20:52:33,081 INFO  http.HttpServer2 (HttpServer2.java:addFilter(948)) - Added filter static_user_filter (class=org.apache.hadoop.http.lib.StaticUserWebFilter$StaticUserFilter) to context hddsDatanode
2019-07-30 20:52:33,081 INFO  http.HttpServer2 (HttpServer2.java:addFilter(958)) - Added filter static_user_filter (class=org.apache.hadoop.http.lib.StaticUserWebFilter$StaticUserFilter) to context logs
2019-07-30 20:52:33,082 INFO  http.HttpServer2 (HttpServer2.java:addFilter(958)) - Added filter static_user_filter (class=org.apache.hadoop.http.lib.StaticUserWebFilter$StaticUserFilter) to context static
2019-07-30 20:52:33,083 INFO  http.HttpServer2 (HttpServer2.java:bindListener(1191)) - Jetty bound to port 37938
2019-07-30 20:52:33,083 INFO  server.Server (Server.java:doStart(351)) - jetty-9.3.24.v20180605, build timestamp: 2018-06-05T17:11:56Z, git hash: 84205aa28f11a4f31f2a3b86d1bba2cc8ab69827
2019-07-30 20:52:33,088 INFO  handler.ContextHandler (ContextHandler.java:doStart(781)) - Started o.e.j.s.ServletContextHandler@3e26482{/logs,file:///workdir/hadoop-ozone/integration-test/target/log,AVAILABLE}
2019-07-30 20:52:33,089 INFO  handler.ContextHandler (ContextHandler.java:doStart(781)) - Started o.e.j.s.ServletContextHandler@6b37df8e{/static,jar:file:/home/user/.m2/repository/org/apache/hadoop/hadoop-hdds-container-service/0.4.1-SNAPSHOT/hadoop-hdds-container-service-0.4.1-SNAPSHOT.jar!/webapps/static,AVAILABLE}
2019-07-30 20:52:33,134 INFO  handler.ContextHandler (ContextHandler.java:doStart(781)) - Started o.e.j.w.WebAppContext@6e8fdd19{/,file:///tmp/jetty-0.0.0.0-37938-hddsDatanode-_-any-2429753164131411052.dir/webapp/,AVAILABLE}{/hddsDatanode}
2019-07-30 20:52:33,136 INFO  server.AbstractConnector (AbstractConnector.java:doStart(278)) - Started ServerConnector@35787726{HTTP/1.1,[http/1.1]}{0.0.0.0:37938}
2019-07-30 20:52:33,137 INFO  server.Server (Server.java:doStart(419)) - Started @6500ms
2019-07-30 20:52:33,139 INFO  server.BaseHttpServer (BaseHttpServer.java:updateConnectorAddress(207)) - HTTP server of HDDSDATANODE is listening at http://0.0.0.0:37938
2019-07-30 20:52:33,282 INFO  ozone.HddsDatanodeService (HddsDatanodeService.java:startPlugins(395)) - Started plug-in org.apache.hadoop.ozone.web.OzoneHddsDatanodeService@209f3887
2019-07-30 20:52:33,282 INFO  impl.MetricsSystemImpl (MetricsSystemImpl.java:init(158)) - HddsDatanode metrics system started (again)
2019-07-30 20:52:33,286 INFO  ozone.HddsDatanodeService (HddsDatanodeService.java:start(184)) - HddsDatanodeService host:byscane-nightly-zbvcj-1516659162 ip:192.168.69.110
2019-07-30 20:52:33,287 INFO  util.JvmPauseMonitor (JvmPauseMonitor.java:run(188)) - Starting JVM pause monitor
2019-07-30 20:52:33,290 INFO  datanode.InitDatanodeState (InitDatanodeState.java:persistContainerDatanodeDetails(140)) - DatanodeDetails is persisted to /workdir/hadoop-ozone/integration-test/target/test-dir/MiniOzoneClusterImpl-71486f19-fdcc-4ccd-ad00-df52007dc384/datanode-2/meta/datanode.id
2019-07-30 20:52:33,294 INFO  volume.HddsVolume (HddsVolume.java:<init>(176)) - Creating Volume: /workdir/hadoop-ozone/integration-test/target/test-dir/MiniOzoneClusterImpl-71486f19-fdcc-4ccd-ad00-df52007dc384/datanode-3/data/containers/hdds of  storage type : DISK and capacity : 52710309888
2019-07-30 20:52:33,295 INFO  volume.VolumeSet (VolumeSet.java:initializeVolumeSet(170)) - Added Volume : /workdir/hadoop-ozone/integration-test/target/test-dir/MiniOzoneClusterImpl-71486f19-fdcc-4ccd-ad00-df52007dc384/datanode-3/data/containers/hdds to VolumeSet
2019-07-30 20:52:33,295 INFO  volume.ThrottledAsyncChecker (ThrottledAsyncChecker.java:schedule(140)) - Scheduling a check for org.apache.hadoop.ozone.container.common.volume.HddsVolume@3554bdc0
2019-07-30 20:52:33,295 INFO  volume.HddsVolumeChecker (HddsVolumeChecker.java:checkAllVolumes(203)) - Scheduled health check for volume org.apache.hadoop.ozone.container.common.volume.HddsVolume@3554bdc0
2019-07-30 20:52:33,308 INFO  impl.RaftServerProxy (ConfUtils.java:logGet(43)) - raft.rpc.type = GRPC (default)
2019-07-30 20:52:33,309 INFO  grpc.GrpcFactory (GrpcFactory.java:checkPooledByteBufAllocatorUseCacheForAllThreads(45)) - PERFORMANCE WARNING: useCacheForAllThreads is true that may cause Netty to create a lot garbage objects and, as a result, trigger GC.
	It is recommended to disable useCacheForAllThreads by setting -Dorg.apache.ratis.thirdparty.io.netty.allocator.useCacheForAllThreads=false in command line.
2019-07-30 20:52:33,309 INFO  grpc.GrpcConfigKeys$Server (ConfUtils.java:logGet(43)) - raft.grpc.server.port = 0 (default)
2019-07-30 20:52:33,309 INFO  server.GrpcService (ConfUtils.java:logGet(43)) - raft.grpc.message.size.max = 33570816 (custom)
2019-07-30 20:52:33,310 INFO  server.RaftServerConfigKeys (ConfUtils.java:logGet(43)) - raft.server.log.appender.buffer.byte-limit = 33554432 (custom)
2019-07-30 20:52:33,310 INFO  server.GrpcService (ConfUtils.java:logGet(43)) - raft.grpc.flow.control.window = 1MB (=1048576) (default)
2019-07-30 20:52:33,310 INFO  server.RaftServerConfigKeys (ConfUtils.java:logGet(43)) - raft.server.rpc.request.timeout = 3000ms (default)
2019-07-30 20:52:33,311 INFO  server.RaftServerConfigKeys (ConfUtils.java:logGet(43)) - raft.server.storage.dir = [/workdir/hadoop-ozone/integration-test/target/test-dir/MiniOzoneClusterImpl-71486f19-fdcc-4ccd-ad00-df52007dc384/datanode-3/data/ratis] (custom)
2019-07-30 20:52:33,311 INFO  replication.SimpleContainerDownloader (SimpleContainerDownloader.java:<init>(72)) - Starting container downloader service to copy containers to replicate.
2019-07-30 20:52:33,312 INFO  hdfs.DFSUtil (DFSUtil.java:httpServerTemplateForNNAndJN(1641)) - Starting Web-server for hddsDatanode at: http://0.0.0.0:0
2019-07-30 20:52:33,314 INFO  server.AuthenticationFilter (AuthenticationFilter.java:constructSecretProvider(240)) - Unable to initialize FileSignerSecretProvider, falling back to use random secrets.
2019-07-30 20:52:33,315 WARN  http.HttpRequestLog (HttpRequestLog.java:getRequestLog(97)) - Jetty request log can only be enabled using Log4j
2019-07-30 20:52:33,317 INFO  http.HttpServer2 (HttpServer2.java:addGlobalFilter(975)) - Added global filter 'safety' (class=org.apache.hadoop.http.HttpServer2$QuotingInputFilter)
2019-07-30 20:52:33,318 INFO  http.HttpServer2 (HttpServer2.java:addFilter(948)) - Added filter static_user_filter (class=org.apache.hadoop.http.lib.StaticUserWebFilter$StaticUserFilter) to context hddsDatanode
2019-07-30 20:52:33,319 INFO  http.HttpServer2 (HttpServer2.java:addFilter(958)) - Added filter static_user_filter (class=org.apache.hadoop.http.lib.StaticUserWebFilter$StaticUserFilter) to context static
2019-07-30 20:52:33,319 INFO  http.HttpServer2 (HttpServer2.java:addFilter(958)) - Added filter static_user_filter (class=org.apache.hadoop.http.lib.StaticUserWebFilter$StaticUserFilter) to context logs
2019-07-30 20:52:33,320 INFO  http.HttpServer2 (HttpServer2.java:bindListener(1191)) - Jetty bound to port 38632
2019-07-30 20:52:33,320 INFO  server.Server (Server.java:doStart(351)) - jetty-9.3.24.v20180605, build timestamp: 2018-06-05T17:11:56Z, git hash: 84205aa28f11a4f31f2a3b86d1bba2cc8ab69827
2019-07-30 20:52:33,324 INFO  handler.ContextHandler (ContextHandler.java:doStart(781)) - Started o.e.j.s.ServletContextHandler@4ed18798{/logs,file:///workdir/hadoop-ozone/integration-test/target/log,AVAILABLE}
2019-07-30 20:52:33,324 INFO  handler.ContextHandler (ContextHandler.java:doStart(781)) - Started o.e.j.s.ServletContextHandler@5b29ab61{/static,jar:file:/home/user/.m2/repository/org/apache/hadoop/hadoop-hdds-container-service/0.4.1-SNAPSHOT/hadoop-hdds-container-service-0.4.1-SNAPSHOT.jar!/webapps/static,AVAILABLE}
2019-07-30 20:52:33,366 INFO  handler.ContextHandler (ContextHandler.java:doStart(781)) - Started o.e.j.w.WebAppContext@3b4086c1{/,file:///tmp/jetty-0.0.0.0-38632-hddsDatanode-_-any-5444649578781958671.dir/webapp/,AVAILABLE}{/hddsDatanode}
2019-07-30 20:52:33,367 INFO  server.AbstractConnector (AbstractConnector.java:doStart(278)) - Started ServerConnector@58aa1d72{HTTP/1.1,[http/1.1]}{0.0.0.0:38632}
2019-07-30 20:52:33,368 INFO  server.Server (Server.java:doStart(419)) - Started @6730ms
2019-07-30 20:52:33,370 INFO  server.BaseHttpServer (BaseHttpServer.java:updateConnectorAddress(207)) - HTTP server of HDDSDATANODE is listening at http://0.0.0.0:38632
2019-07-30 20:52:33,514 INFO  ozone.HddsDatanodeService (HddsDatanodeService.java:startPlugins(395)) - Started plug-in org.apache.hadoop.ozone.web.OzoneHddsDatanodeService@50ec4bfc
2019-07-30 20:52:33,514 INFO  impl.MetricsSystemImpl (MetricsSystemImpl.java:init(158)) - HddsDatanode metrics system started (again)
2019-07-30 20:52:33,518 INFO  ozone.HddsDatanodeService (HddsDatanodeService.java:start(184)) - HddsDatanodeService host:byscane-nightly-zbvcj-1516659162 ip:192.168.69.110
2019-07-30 20:52:33,519 INFO  util.JvmPauseMonitor (JvmPauseMonitor.java:run(188)) - Starting JVM pause monitor
2019-07-30 20:52:33,521 INFO  datanode.InitDatanodeState (InitDatanodeState.java:persistContainerDatanodeDetails(140)) - DatanodeDetails is persisted to /workdir/hadoop-ozone/integration-test/target/test-dir/MiniOzoneClusterImpl-71486f19-fdcc-4ccd-ad00-df52007dc384/datanode-3/meta/datanode.id
2019-07-30 20:52:33,528 INFO  volume.HddsVolume (HddsVolume.java:<init>(176)) - Creating Volume: /workdir/hadoop-ozone/integration-test/target/test-dir/MiniOzoneClusterImpl-71486f19-fdcc-4ccd-ad00-df52007dc384/datanode-4/data/containers/hdds of  storage type : DISK and capacity : 52710309888
2019-07-30 20:52:33,528 INFO  volume.VolumeSet (VolumeSet.java:initializeVolumeSet(170)) - Added Volume : /workdir/hadoop-ozone/integration-test/target/test-dir/MiniOzoneClusterImpl-71486f19-fdcc-4ccd-ad00-df52007dc384/datanode-4/data/containers/hdds to VolumeSet
2019-07-30 20:52:33,529 INFO  volume.ThrottledAsyncChecker (ThrottledAsyncChecker.java:schedule(140)) - Scheduling a check for org.apache.hadoop.ozone.container.common.volume.HddsVolume@27a9f025
2019-07-30 20:52:33,529 INFO  volume.HddsVolumeChecker (HddsVolumeChecker.java:checkAllVolumes(203)) - Scheduled health check for volume org.apache.hadoop.ozone.container.common.volume.HddsVolume@27a9f025
2019-07-30 20:52:33,550 INFO  impl.RaftServerProxy (ConfUtils.java:logGet(43)) - raft.rpc.type = GRPC (default)
2019-07-30 20:52:33,551 INFO  grpc.GrpcFactory (GrpcFactory.java:checkPooledByteBufAllocatorUseCacheForAllThreads(45)) - PERFORMANCE WARNING: useCacheForAllThreads is true that may cause Netty to create a lot garbage objects and, as a result, trigger GC.
	It is recommended to disable useCacheForAllThreads by setting -Dorg.apache.ratis.thirdparty.io.netty.allocator.useCacheForAllThreads=false in command line.
2019-07-30 20:52:33,551 INFO  grpc.GrpcConfigKeys$Server (ConfUtils.java:logGet(43)) - raft.grpc.server.port = 0 (default)
2019-07-30 20:52:33,551 INFO  server.GrpcService (ConfUtils.java:logGet(43)) - raft.grpc.message.size.max = 33570816 (custom)
2019-07-30 20:52:33,552 INFO  server.RaftServerConfigKeys (ConfUtils.java:logGet(43)) - raft.server.log.appender.buffer.byte-limit = 33554432 (custom)
2019-07-30 20:52:33,552 INFO  server.GrpcService (ConfUtils.java:logGet(43)) - raft.grpc.flow.control.window = 1MB (=1048576) (default)
2019-07-30 20:52:33,552 INFO  server.RaftServerConfigKeys (ConfUtils.java:logGet(43)) - raft.server.rpc.request.timeout = 3000ms (default)
2019-07-30 20:52:33,553 INFO  server.RaftServerConfigKeys (ConfUtils.java:logGet(43)) - raft.server.storage.dir = [/workdir/hadoop-ozone/integration-test/target/test-dir/MiniOzoneClusterImpl-71486f19-fdcc-4ccd-ad00-df52007dc384/datanode-4/data/ratis] (custom)
2019-07-30 20:52:33,554 INFO  replication.SimpleContainerDownloader (SimpleContainerDownloader.java:<init>(72)) - Starting container downloader service to copy containers to replicate.
2019-07-30 20:52:33,555 INFO  hdfs.DFSUtil (DFSUtil.java:httpServerTemplateForNNAndJN(1641)) - Starting Web-server for hddsDatanode at: http://0.0.0.0:0
2019-07-30 20:52:33,558 INFO  server.AuthenticationFilter (AuthenticationFilter.java:constructSecretProvider(240)) - Unable to initialize FileSignerSecretProvider, falling back to use random secrets.
2019-07-30 20:52:33,559 WARN  http.HttpRequestLog (HttpRequestLog.java:getRequestLog(97)) - Jetty request log can only be enabled using Log4j
2019-07-30 20:52:33,562 INFO  http.HttpServer2 (HttpServer2.java:addGlobalFilter(975)) - Added global filter 'safety' (class=org.apache.hadoop.http.HttpServer2$QuotingInputFilter)
2019-07-30 20:52:33,563 INFO  http.HttpServer2 (HttpServer2.java:addFilter(948)) - Added filter static_user_filter (class=org.apache.hadoop.http.lib.StaticUserWebFilter$StaticUserFilter) to context hddsDatanode
2019-07-30 20:52:33,563 INFO  http.HttpServer2 (HttpServer2.java:addFilter(958)) - Added filter static_user_filter (class=org.apache.hadoop.http.lib.StaticUserWebFilter$StaticUserFilter) to context logs
2019-07-30 20:52:33,563 INFO  http.HttpServer2 (HttpServer2.java:addFilter(958)) - Added filter static_user_filter (class=org.apache.hadoop.http.lib.StaticUserWebFilter$StaticUserFilter) to context static
2019-07-30 20:52:33,564 INFO  http.HttpServer2 (HttpServer2.java:bindListener(1191)) - Jetty bound to port 40611
2019-07-30 20:52:33,565 INFO  server.Server (Server.java:doStart(351)) - jetty-9.3.24.v20180605, build timestamp: 2018-06-05T17:11:56Z, git hash: 84205aa28f11a4f31f2a3b86d1bba2cc8ab69827
2019-07-30 20:52:33,570 INFO  handler.ContextHandler (ContextHandler.java:doStart(781)) - Started o.e.j.s.ServletContextHandler@48d739f{/logs,file:///workdir/hadoop-ozone/integration-test/target/log,AVAILABLE}
2019-07-30 20:52:33,571 INFO  handler.ContextHandler (ContextHandler.java:doStart(781)) - Started o.e.j.s.ServletContextHandler@65cc5252{/static,jar:file:/home/user/.m2/repository/org/apache/hadoop/hadoop-hdds-container-service/0.4.1-SNAPSHOT/hadoop-hdds-container-service-0.4.1-SNAPSHOT.jar!/webapps/static,AVAILABLE}
2019-07-30 20:52:33,616 INFO  handler.ContextHandler (ContextHandler.java:doStart(781)) - Started o.e.j.w.WebAppContext@53d6e959{/,file:///tmp/jetty-0.0.0.0-40611-hddsDatanode-_-any-2266673967220944285.dir/webapp/,AVAILABLE}{/hddsDatanode}
2019-07-30 20:52:33,617 INFO  server.AbstractConnector (AbstractConnector.java:doStart(278)) - Started ServerConnector@3caee3a8{HTTP/1.1,[http/1.1]}{0.0.0.0:40611}
2019-07-30 20:52:33,617 INFO  server.Server (Server.java:doStart(419)) - Started @6980ms
2019-07-30 20:52:33,618 INFO  server.BaseHttpServer (BaseHttpServer.java:updateConnectorAddress(207)) - HTTP server of HDDSDATANODE is listening at http://0.0.0.0:40611
2019-07-30 20:52:33,783 INFO  ozone.HddsDatanodeService (HddsDatanodeService.java:startPlugins(395)) - Started plug-in org.apache.hadoop.ozone.web.OzoneHddsDatanodeService@454bcbbf
2019-07-30 20:52:33,784 INFO  impl.MetricsSystemImpl (MetricsSystemImpl.java:init(158)) - HddsDatanode metrics system started (again)
2019-07-30 20:52:33,789 INFO  util.JvmPauseMonitor (JvmPauseMonitor.java:run(188)) - Starting JVM pause monitor
2019-07-30 20:52:33,789 INFO  ozone.HddsDatanodeService (HddsDatanodeService.java:start(184)) - HddsDatanodeService host:byscane-nightly-zbvcj-1516659162 ip:192.168.69.110
2019-07-30 20:52:33,792 INFO  datanode.InitDatanodeState (InitDatanodeState.java:persistContainerDatanodeDetails(140)) - DatanodeDetails is persisted to /workdir/hadoop-ozone/integration-test/target/test-dir/MiniOzoneClusterImpl-71486f19-fdcc-4ccd-ad00-df52007dc384/datanode-4/meta/datanode.id
2019-07-30 20:52:33,800 INFO  volume.HddsVolume (HddsVolume.java:<init>(176)) - Creating Volume: /workdir/hadoop-ozone/integration-test/target/test-dir/MiniOzoneClusterImpl-71486f19-fdcc-4ccd-ad00-df52007dc384/datanode-5/data/containers/hdds of  storage type : DISK and capacity : 52710309888
2019-07-30 20:52:33,800 INFO  volume.VolumeSet (VolumeSet.java:initializeVolumeSet(170)) - Added Volume : /workdir/hadoop-ozone/integration-test/target/test-dir/MiniOzoneClusterImpl-71486f19-fdcc-4ccd-ad00-df52007dc384/datanode-5/data/containers/hdds to VolumeSet
2019-07-30 20:52:33,801 INFO  volume.ThrottledAsyncChecker (ThrottledAsyncChecker.java:schedule(140)) - Scheduling a check for org.apache.hadoop.ozone.container.common.volume.HddsVolume@79ca7bea
2019-07-30 20:52:33,801 INFO  volume.HddsVolumeChecker (HddsVolumeChecker.java:checkAllVolumes(203)) - Scheduled health check for volume org.apache.hadoop.ozone.container.common.volume.HddsVolume@79ca7bea
2019-07-30 20:52:33,819 INFO  impl.RaftServerProxy (ConfUtils.java:logGet(43)) - raft.rpc.type = GRPC (default)
2019-07-30 20:52:33,820 INFO  grpc.GrpcFactory (GrpcFactory.java:checkPooledByteBufAllocatorUseCacheForAllThreads(45)) - PERFORMANCE WARNING: useCacheForAllThreads is true that may cause Netty to create a lot garbage objects and, as a result, trigger GC.
	It is recommended to disable useCacheForAllThreads by setting -Dorg.apache.ratis.thirdparty.io.netty.allocator.useCacheForAllThreads=false in command line.
2019-07-30 20:52:33,820 INFO  grpc.GrpcConfigKeys$Server (ConfUtils.java:logGet(43)) - raft.grpc.server.port = 0 (default)
2019-07-30 20:52:33,820 INFO  server.GrpcService (ConfUtils.java:logGet(43)) - raft.grpc.message.size.max = 33570816 (custom)
2019-07-30 20:52:33,821 INFO  server.RaftServerConfigKeys (ConfUtils.java:logGet(43)) - raft.server.log.appender.buffer.byte-limit = 33554432 (custom)
2019-07-30 20:52:33,821 INFO  server.GrpcService (ConfUtils.java:logGet(43)) - raft.grpc.flow.control.window = 1MB (=1048576) (default)
2019-07-30 20:52:33,821 INFO  server.RaftServerConfigKeys (ConfUtils.java:logGet(43)) - raft.server.rpc.request.timeout = 3000ms (default)
2019-07-30 20:52:33,822 INFO  server.RaftServerConfigKeys (ConfUtils.java:logGet(43)) - raft.server.storage.dir = [/workdir/hadoop-ozone/integration-test/target/test-dir/MiniOzoneClusterImpl-71486f19-fdcc-4ccd-ad00-df52007dc384/datanode-5/data/ratis] (custom)
2019-07-30 20:52:33,823 INFO  replication.SimpleContainerDownloader (SimpleContainerDownloader.java:<init>(72)) - Starting container downloader service to copy containers to replicate.
2019-07-30 20:52:33,824 INFO  hdfs.DFSUtil (DFSUtil.java:httpServerTemplateForNNAndJN(1641)) - Starting Web-server for hddsDatanode at: http://0.0.0.0:0
2019-07-30 20:52:33,826 INFO  server.AuthenticationFilter (AuthenticationFilter.java:constructSecretProvider(240)) - Unable to initialize FileSignerSecretProvider, falling back to use random secrets.
2019-07-30 20:52:33,827 WARN  http.HttpRequestLog (HttpRequestLog.java:getRequestLog(97)) - Jetty request log can only be enabled using Log4j
2019-07-30 20:52:33,829 INFO  http.HttpServer2 (HttpServer2.java:addGlobalFilter(975)) - Added global filter 'safety' (class=org.apache.hadoop.http.HttpServer2$QuotingInputFilter)
2019-07-30 20:52:33,830 INFO  http.HttpServer2 (HttpServer2.java:addFilter(948)) - Added filter static_user_filter (class=org.apache.hadoop.http.lib.StaticUserWebFilter$StaticUserFilter) to context hddsDatanode
2019-07-30 20:52:33,830 INFO  http.HttpServer2 (HttpServer2.java:addFilter(958)) - Added filter static_user_filter (class=org.apache.hadoop.http.lib.StaticUserWebFilter$StaticUserFilter) to context static
2019-07-30 20:52:33,831 INFO  http.HttpServer2 (HttpServer2.java:addFilter(958)) - Added filter static_user_filter (class=org.apache.hadoop.http.lib.StaticUserWebFilter$StaticUserFilter) to context logs
2019-07-30 20:52:33,832 INFO  http.HttpServer2 (HttpServer2.java:bindListener(1191)) - Jetty bound to port 39972
2019-07-30 20:52:33,832 INFO  server.Server (Server.java:doStart(351)) - jetty-9.3.24.v20180605, build timestamp: 2018-06-05T17:11:56Z, git hash: 84205aa28f11a4f31f2a3b86d1bba2cc8ab69827
2019-07-30 20:52:33,836 INFO  handler.ContextHandler (ContextHandler.java:doStart(781)) - Started o.e.j.s.ServletContextHandler@6c2a95d5{/logs,file:///workdir/hadoop-ozone/integration-test/target/log,AVAILABLE}
2019-07-30 20:52:33,836 INFO  handler.ContextHandler (ContextHandler.java:doStart(781)) - Started o.e.j.s.ServletContextHandler@3f048c86{/static,jar:file:/home/user/.m2/repository/org/apache/hadoop/hadoop-hdds-container-service/0.4.1-SNAPSHOT/hadoop-hdds-container-service-0.4.1-SNAPSHOT.jar!/webapps/static,AVAILABLE}
2019-07-30 20:52:33,877 INFO  handler.ContextHandler (ContextHandler.java:doStart(781)) - Started o.e.j.w.WebAppContext@4b4969ea{/,file:///tmp/jetty-0.0.0.0-39972-hddsDatanode-_-any-5399699540266693738.dir/webapp/,AVAILABLE}{/hddsDatanode}
2019-07-30 20:52:33,879 INFO  server.AbstractConnector (AbstractConnector.java:doStart(278)) - Started ServerConnector@11c581a0{HTTP/1.1,[http/1.1]}{0.0.0.0:39972}
2019-07-30 20:52:33,879 INFO  server.Server (Server.java:doStart(419)) - Started @7242ms
2019-07-30 20:52:33,880 INFO  server.BaseHttpServer (BaseHttpServer.java:updateConnectorAddress(207)) - HTTP server of HDDSDATANODE is listening at http://0.0.0.0:39972
2019-07-30 20:52:34,067 INFO  ozone.HddsDatanodeService (HddsDatanodeService.java:startPlugins(395)) - Started plug-in org.apache.hadoop.ozone.web.OzoneHddsDatanodeService@44fd7ba4
2019-07-30 20:52:34,070 INFO  ozone.MiniOzoneClusterImpl (MiniOzoneClusterImpl.java:lambda$waitForClusterToBeReady$0(142)) - Waiting for cluster to be ready. Got 0 of 6 DN Heartbeats.
2019-07-30 20:52:34,071 INFO  util.JvmPauseMonitor (JvmPauseMonitor.java:run(188)) - Starting JVM pause monitor
2019-07-30 20:52:34,076 INFO  datanode.InitDatanodeState (InitDatanodeState.java:persistContainerDatanodeDetails(140)) - DatanodeDetails is persisted to /workdir/hadoop-ozone/integration-test/target/test-dir/MiniOzoneClusterImpl-71486f19-fdcc-4ccd-ad00-df52007dc384/datanode-5/meta/datanode.id
2019-07-30 20:52:34,806 INFO  ozoneimpl.OzoneContainer (OzoneContainer.java:start(186)) - Attempting to start container services.
2019-07-30 20:52:34,807 INFO  ozoneimpl.OzoneContainer (OzoneContainer.java:startContainerScrub(160)) - Background container scrubber has been disabled by hdds.containerscrub.enabled
2019-07-30 20:52:34,808 INFO  ratis.XceiverServerRatis (XceiverServerRatis.java:start(404)) - Starting XceiverServerRatis 9c2f1846-7b39-4e2e-8d6b-c7bc4b1d2c98 at port 0
2019-07-30 20:52:34,882 INFO  impl.RaftServerProxy (RaftServerProxy.java:lambda$start$3(299)) - 9c2f1846-7b39-4e2e-8d6b-c7bc4b1d2c98: start RPC server
2019-07-30 20:52:34,992 INFO  server.GrpcService (GrpcService.java:startImpl(149)) - 9c2f1846-7b39-4e2e-8d6b-c7bc4b1d2c98: GrpcService started, listening on 0.0.0.0/0.0.0.0:45394
2019-07-30 20:52:34,993 INFO  ratis.XceiverServerRatis (XceiverServerRatis.java:start(414)) - XceiverServerRatis 9c2f1846-7b39-4e2e-8d6b-c7bc4b1d2c98 is started using port 45394
2019-07-30 20:52:34,995 INFO  server.XceiverServerGrpc (XceiverServerGrpc.java:start(161)) - XceiverServerGrpc 9c2f1846-7b39-4e2e-8d6b-c7bc4b1d2c98 is started using port 37040
2019-07-30 20:52:35,057 INFO  ozoneimpl.OzoneContainer (OzoneContainer.java:start(186)) - Attempting to start container services.
2019-07-30 20:52:35,060 INFO  ozoneimpl.OzoneContainer (OzoneContainer.java:startContainerScrub(160)) - Background container scrubber has been disabled by hdds.containerscrub.enabled
2019-07-30 20:52:35,060 INFO  ratis.XceiverServerRatis (XceiverServerRatis.java:start(404)) - Starting XceiverServerRatis 6ab7926d-3f9b-4c64-ab37-9be39e927c33 at port 0
2019-07-30 20:52:35,068 INFO  impl.RaftServerProxy (RaftServerProxy.java:lambda$start$3(299)) - 6ab7926d-3f9b-4c64-ab37-9be39e927c33: start RPC server
2019-07-30 20:52:35,071 INFO  ozone.MiniOzoneClusterImpl (MiniOzoneClusterImpl.java:lambda$waitForClusterToBeReady$0(142)) - Waiting for cluster to be ready. Got 0 of 6 DN Heartbeats.
2019-07-30 20:52:35,072 INFO  server.GrpcService (GrpcService.java:startImpl(149)) - 6ab7926d-3f9b-4c64-ab37-9be39e927c33: GrpcService started, listening on 0.0.0.0/0.0.0.0:40921
2019-07-30 20:52:35,072 INFO  ratis.XceiverServerRatis (XceiverServerRatis.java:start(414)) - XceiverServerRatis 6ab7926d-3f9b-4c64-ab37-9be39e927c33 is started using port 40921
2019-07-30 20:52:35,075 INFO  server.XceiverServerGrpc (XceiverServerGrpc.java:start(161)) - XceiverServerGrpc 6ab7926d-3f9b-4c64-ab37-9be39e927c33 is started using port 44060
2019-07-30 20:52:35,314 INFO  ozoneimpl.OzoneContainer (OzoneContainer.java:start(186)) - Attempting to start container services.
2019-07-30 20:52:35,316 INFO  ozoneimpl.OzoneContainer (OzoneContainer.java:startContainerScrub(160)) - Background container scrubber has been disabled by hdds.containerscrub.enabled
2019-07-30 20:52:35,317 INFO  ratis.XceiverServerRatis (XceiverServerRatis.java:start(404)) - Starting XceiverServerRatis 99fe9e29-c4ea-4845-bab8-1c47d07b3122 at port 0
2019-07-30 20:52:35,323 INFO  impl.RaftServerProxy (RaftServerProxy.java:lambda$start$3(299)) - 99fe9e29-c4ea-4845-bab8-1c47d07b3122: start RPC server
2019-07-30 20:52:35,327 INFO  server.GrpcService (GrpcService.java:startImpl(149)) - 99fe9e29-c4ea-4845-bab8-1c47d07b3122: GrpcService started, listening on 0.0.0.0/0.0.0.0:35477
2019-07-30 20:52:35,327 INFO  ratis.XceiverServerRatis (XceiverServerRatis.java:start(414)) - XceiverServerRatis 99fe9e29-c4ea-4845-bab8-1c47d07b3122 is started using port 35477
2019-07-30 20:52:35,330 INFO  server.XceiverServerGrpc (XceiverServerGrpc.java:start(161)) - XceiverServerGrpc 99fe9e29-c4ea-4845-bab8-1c47d07b3122 is started using port 40673
2019-07-30 20:52:35,535 INFO  ozoneimpl.OzoneContainer (OzoneContainer.java:start(186)) - Attempting to start container services.
2019-07-30 20:52:35,537 INFO  ozoneimpl.OzoneContainer (OzoneContainer.java:startContainerScrub(160)) - Background container scrubber has been disabled by hdds.containerscrub.enabled
2019-07-30 20:52:35,537 INFO  ratis.XceiverServerRatis (XceiverServerRatis.java:start(404)) - Starting XceiverServerRatis a3c235ca-8d39-45c7-8076-b2072c1120df at port 0
2019-07-30 20:52:35,545 INFO  impl.RaftServerProxy (RaftServerProxy.java:lambda$start$3(299)) - a3c235ca-8d39-45c7-8076-b2072c1120df: start RPC server
2019-07-30 20:52:35,548 INFO  server.GrpcService (GrpcService.java:startImpl(149)) - a3c235ca-8d39-45c7-8076-b2072c1120df: GrpcService started, listening on 0.0.0.0/0.0.0.0:33767
2019-07-30 20:52:35,548 INFO  ratis.XceiverServerRatis (XceiverServerRatis.java:start(414)) - XceiverServerRatis a3c235ca-8d39-45c7-8076-b2072c1120df is started using port 33767
2019-07-30 20:52:35,551 INFO  server.XceiverServerGrpc (XceiverServerGrpc.java:start(161)) - XceiverServerGrpc a3c235ca-8d39-45c7-8076-b2072c1120df is started using port 38534
2019-07-30 20:52:35,814 INFO  ozoneimpl.OzoneContainer (OzoneContainer.java:start(186)) - Attempting to start container services.
2019-07-30 20:52:35,819 INFO  ozoneimpl.OzoneContainer (OzoneContainer.java:startContainerScrub(160)) - Background container scrubber has been disabled by hdds.containerscrub.enabled
2019-07-30 20:52:35,820 INFO  ratis.XceiverServerRatis (XceiverServerRatis.java:start(404)) - Starting XceiverServerRatis 2df62944-4aab-4ff8-9d56-5ee181333552 at port 0
2019-07-30 20:52:35,828 INFO  impl.RaftServerProxy (RaftServerProxy.java:lambda$start$3(299)) - 2df62944-4aab-4ff8-9d56-5ee181333552: start RPC server
2019-07-30 20:52:35,831 INFO  server.GrpcService (GrpcService.java:startImpl(149)) - 2df62944-4aab-4ff8-9d56-5ee181333552: GrpcService started, listening on 0.0.0.0/0.0.0.0:36786
2019-07-30 20:52:35,832 INFO  ratis.XceiverServerRatis (XceiverServerRatis.java:start(414)) - XceiverServerRatis 2df62944-4aab-4ff8-9d56-5ee181333552 is started using port 36786
2019-07-30 20:52:35,835 INFO  server.XceiverServerGrpc (XceiverServerGrpc.java:start(161)) - XceiverServerGrpc 2df62944-4aab-4ff8-9d56-5ee181333552 is started using port 37009
2019-07-30 20:52:36,073 INFO  ozone.MiniOzoneClusterImpl (MiniOzoneClusterImpl.java:lambda$waitForClusterToBeReady$0(142)) - Waiting for cluster to be ready. Got 0 of 6 DN Heartbeats.
2019-07-30 20:52:36,087 INFO  ozoneimpl.OzoneContainer (OzoneContainer.java:start(186)) - Attempting to start container services.
2019-07-30 20:52:36,087 INFO  ozoneimpl.OzoneContainer (OzoneContainer.java:startContainerScrub(160)) - Background container scrubber has been disabled by hdds.containerscrub.enabled
2019-07-30 20:52:36,088 INFO  ratis.XceiverServerRatis (XceiverServerRatis.java:start(404)) - Starting XceiverServerRatis ac6515ab-7f57-4be9-890d-e6c3f39530d6 at port 0
2019-07-30 20:52:36,099 INFO  impl.RaftServerProxy (RaftServerProxy.java:lambda$start$3(299)) - ac6515ab-7f57-4be9-890d-e6c3f39530d6: start RPC server
2019-07-30 20:52:36,102 INFO  server.GrpcService (GrpcService.java:startImpl(149)) - ac6515ab-7f57-4be9-890d-e6c3f39530d6: GrpcService started, listening on 0.0.0.0/0.0.0.0:33100
2019-07-30 20:52:36,103 INFO  ratis.XceiverServerRatis (XceiverServerRatis.java:start(414)) - XceiverServerRatis ac6515ab-7f57-4be9-890d-e6c3f39530d6 is started using port 33100
2019-07-30 20:52:36,106 INFO  server.XceiverServerGrpc (XceiverServerGrpc.java:start(161)) - XceiverServerGrpc ac6515ab-7f57-4be9-890d-e6c3f39530d6 is started using port 36275
2019-07-30 20:52:36,789 INFO  net.NetworkTopology (NetworkTopologyImpl.java:add(110)) - Added a new node: /default-rack/9c2f1846-7b39-4e2e-8d6b-c7bc4b1d2c98
2019-07-30 20:52:36,790 INFO  node.SCMNodeManager (SCMNodeManager.java:register(273)) - Registered Data node : 9c2f1846-7b39-4e2e-8d6b-c7bc4b1d2c98{ip: 192.168.69.110, host: byscane-nightly-zbvcj-1516659162, networkLocation: /default-rack, certSerialId: null}
2019-07-30 20:52:36,795 INFO  safemode.SCMSafeModeManager (DataNodeSafeModeRule.java:process(71)) - SCM in safe mode. 1 DataNodes registered, 1 required.
2019-07-30 20:52:36,795 INFO  safemode.SCMSafeModeManager (SCMSafeModeManager.java:validateSafeModeExitRules(177)) - ScmSafeModeManager, all rules are successfully validated
2019-07-30 20:52:36,798 INFO  safemode.SCMSafeModeManager (SCMSafeModeManager.java:exitSafeMode(193)) - SCM exiting safe mode.
2019-07-30 20:52:37,044 INFO  net.NetworkTopology (NetworkTopologyImpl.java:add(110)) - Added a new node: /default-rack/6ab7926d-3f9b-4c64-ab37-9be39e927c33
2019-07-30 20:52:37,044 INFO  node.SCMNodeManager (SCMNodeManager.java:register(273)) - Registered Data node : 6ab7926d-3f9b-4c64-ab37-9be39e927c33{ip: 192.168.69.110, host: byscane-nightly-zbvcj-1516659162, networkLocation: /default-rack, certSerialId: null}
2019-07-30 20:52:37,073 INFO  ozone.MiniOzoneClusterImpl (MiniOzoneClusterImpl.java:lambda$waitForClusterToBeReady$0(142)) - Waiting for cluster to be ready. Got 2 of 6 DN Heartbeats.
2019-07-30 20:52:37,291 INFO  net.NetworkTopology (NetworkTopologyImpl.java:add(110)) - Added a new node: /default-rack/99fe9e29-c4ea-4845-bab8-1c47d07b3122
2019-07-30 20:52:37,291 INFO  node.SCMNodeManager (SCMNodeManager.java:register(273)) - Registered Data node : 99fe9e29-c4ea-4845-bab8-1c47d07b3122{ip: 192.168.69.110, host: byscane-nightly-zbvcj-1516659162, networkLocation: /default-rack, certSerialId: null}
2019-07-30 20:52:37,339 INFO  impl.RaftServerProxy (RaftServerProxy.java:addNew(89)) - 9c2f1846-7b39-4e2e-8d6b-c7bc4b1d2c98: addNew group-00F0F8D95B6E:[9c2f1846-7b39-4e2e-8d6b-c7bc4b1d2c98:192.168.69.110:45394] returns group-00F0F8D95B6E:java.util.concurrent.CompletableFuture@15c44604[Not completed]
2019-07-30 20:52:37,669 INFO  net.NetworkTopology (NetworkTopologyImpl.java:add(110)) - Added a new node: /default-rack/a3c235ca-8d39-45c7-8076-b2072c1120df
2019-07-30 20:52:37,669 INFO  node.SCMNodeManager (SCMNodeManager.java:register(273)) - Registered Data node : a3c235ca-8d39-45c7-8076-b2072c1120df{ip: 192.168.69.110, host: byscane-nightly-zbvcj-1516659162, networkLocation: /default-rack, certSerialId: null}
2019-07-30 20:52:37,676 INFO  impl.RaftServerImpl (RaftServerImpl.java:<init>(93)) - 9c2f1846-7b39-4e2e-8d6b-c7bc4b1d2c98: new RaftServerImpl for group-00F0F8D95B6E:[9c2f1846-7b39-4e2e-8d6b-c7bc4b1d2c98:192.168.69.110:45394] with ContainerStateMachine:uninitialized
2019-07-30 20:52:37,679 INFO  server.RaftServerConfigKeys (ConfUtils.java:logGet(43)) - raft.server.rpc.timeout.min = 5s (custom)
2019-07-30 20:52:37,680 INFO  server.RaftServerConfigKeys (ConfUtils.java:logGet(43)) - raft.server.rpc.timeout.max = 5200ms (custom)
2019-07-30 20:52:37,681 INFO  server.RaftServerConfigKeys (ConfUtils.java:logGet(43)) - raft.server.rpcslowness.timeout = 120s (custom)
2019-07-30 20:52:37,682 INFO  server.RaftServerConfigKeys (ConfUtils.java:logGet(43)) - raft.server.sleep.deviation.threshold = 300 (default)
2019-07-30 20:52:37,683 INFO  server.RaftServerConfigKeys (ConfUtils.java:logGet(43)) - raft.server.log.appender.install.snapshot.enabled = false (custom)
2019-07-30 20:52:37,692 INFO  impl.RaftServerImpl (ServerState.java:<init>(105)) - 9c2f1846-7b39-4e2e-8d6b-c7bc4b1d2c98:group-00F0F8D95B6E ConfigurationManager, init=-1: [9c2f1846-7b39-4e2e-8d6b-c7bc4b1d2c98:192.168.69.110:45394], old=null, confs=<EMPTY_MAP>
2019-07-30 20:52:37,693 INFO  server.RaftServerConfigKeys (ConfUtils.java:logGet(43)) - raft.server.storage.dir = [/workdir/hadoop-ozone/integration-test/target/test-dir/MiniOzoneClusterImpl-71486f19-fdcc-4ccd-ad00-df52007dc384/datanode-0/data/ratis] (custom)
2019-07-30 20:52:37,702 INFO  storage.RaftStorageDirectory (RaftStorageDirectory.java:analyzeStorage(246)) - The storage directory /workdir/hadoop-ozone/integration-test/target/test-dir/MiniOzoneClusterImpl-71486f19-fdcc-4ccd-ad00-df52007dc384/datanode-0/data/ratis/2808cbf9-3a7a-4dc0-9f46-00f0f8d95b6e does not exist. Creating ...
2019-07-30 20:52:37,732 INFO  storage.RaftStorageDirectory (RaftStorageDirectory.java:tryLock(328)) - Lock on /workdir/hadoop-ozone/integration-test/target/test-dir/MiniOzoneClusterImpl-71486f19-fdcc-4ccd-ad00-df52007dc384/datanode-0/data/ratis/2808cbf9-3a7a-4dc0-9f46-00f0f8d95b6e/in_use.lock acquired by nodename 29665@byscane-nightly-zbvcj-1516659162
2019-07-30 20:52:37,747 INFO  storage.RaftStorage (RaftStorage.java:format(72)) - Storage directory /workdir/hadoop-ozone/integration-test/target/test-dir/MiniOzoneClusterImpl-71486f19-fdcc-4ccd-ad00-df52007dc384/datanode-0/data/ratis/2808cbf9-3a7a-4dc0-9f46-00f0f8d95b6e has been successfully formatted.
2019-07-30 20:52:37,749 INFO  ratis.ContainerStateMachine (ContainerStateMachine.java:loadSnapshot(213)) - group-00F0F8D95B6E: The snapshot info is null. Setting the last applied indexto:(t:0, i:~)
2019-07-30 20:52:37,749 INFO  server.RaftServerConfigKeys (ConfUtils.java:logGet(43)) - raft.server.leader.election.timeout = 120s (custom)
2019-07-30 20:52:37,752 INFO  server.RaftServerConfigKeys (ConfUtils.java:logGet(43)) - raft.server.log.use.memory = false (default)
2019-07-30 20:52:37,757 INFO  server.RaftServerConfigKeys (ConfUtils.java:logGet(43)) - raft.server.log.purge.gap = 1000000000 (custom)
2019-07-30 20:52:37,758 INFO  server.RaftServerConfigKeys (ConfUtils.java:logGet(43)) - raft.server.log.appender.buffer.byte-limit = 33554432 (custom)
2019-07-30 20:52:37,759 INFO  server.RaftServerConfigKeys (ConfUtils.java:logGet(43)) - raft.server.log.segment.size.max = 1048576 (custom)
2019-07-30 20:52:37,764 INFO  server.RaftServerConfigKeys (ConfUtils.java:logGet(43)) - raft.server.log.segment.cache.num.max = 2 (custom)
2019-07-30 20:52:37,769 INFO  segmented.SegmentedRaftLogWorker (SegmentedRaftLogWorker.java:<init>(172)) - new 9c2f1846-7b39-4e2e-8d6b-c7bc4b1d2c98-SegmentedRaftLogWorker:Storage Directory /workdir/hadoop-ozone/integration-test/target/test-dir/MiniOzoneClusterImpl-71486f19-fdcc-4ccd-ad00-df52007dc384/datanode-0/data/ratis/2808cbf9-3a7a-4dc0-9f46-00f0f8d95b6e for RaftStorage:Storage Directory /workdir/hadoop-ozone/integration-test/target/test-dir/MiniOzoneClusterImpl-71486f19-fdcc-4ccd-ad00-df52007dc384/datanode-0/data/ratis/2808cbf9-3a7a-4dc0-9f46-00f0f8d95b6e
2019-07-30 20:52:37,780 INFO  server.RaftServerConfigKeys (ConfUtils.java:logGet(43)) - raft.server.log.queue.byte-limit = 2147483647 (custom)
2019-07-30 20:52:37,780 INFO  server.RaftServerConfigKeys (ConfUtils.java:logGet(43)) - raft.server.log.queue.element-limit = 1024 (custom)
2019-07-30 20:52:37,785 INFO  server.RaftServerConfigKeys (ConfUtils.java:logGet(43)) - raft.server.log.segment.size.max = 1048576 (custom)
2019-07-30 20:52:37,785 INFO  server.RaftServerConfigKeys (ConfUtils.java:logGet(43)) - raft.server.log.preallocated.size = 16384 (custom)
2019-07-30 20:52:37,785 INFO  server.RaftServerConfigKeys (ConfUtils.java:logGet(43)) - raft.server.log.write.buffer.size = 33554432 (custom)
2019-07-30 20:52:37,786 INFO  server.RaftServerConfigKeys (ConfUtils.java:logGet(43)) - raft.server.log.force.sync.num = 128 (default)
2019-07-30 20:52:37,787 INFO  server.RaftServerConfigKeys (ConfUtils.java:logGet(43)) - raft.server.log.statemachine.data.sync = true (default)
2019-07-30 20:52:37,787 INFO  server.RaftServerConfigKeys (ConfUtils.java:logGet(43)) - raft.server.log.statemachine.data.sync.timeout = 10s (default)
2019-07-30 20:52:37,787 INFO  server.RaftServerConfigKeys (ConfUtils.java:logGet(43)) - raft.server.log.statemachine.data.sync.timeout.retry = -1 (default)
2019-07-30 20:52:37,792 INFO  net.NetworkTopology (NetworkTopologyImpl.java:add(110)) - Added a new node: /default-rack/2df62944-4aab-4ff8-9d56-5ee181333552
2019-07-30 20:52:37,793 INFO  node.SCMNodeManager (SCMNodeManager.java:register(273)) - Registered Data node : 2df62944-4aab-4ff8-9d56-5ee181333552{ip: 192.168.69.110, host: byscane-nightly-zbvcj-1516659162, networkLocation: /default-rack, certSerialId: null}
2019-07-30 20:52:37,799 INFO  server.RaftServerConfigKeys (ConfUtils.java:logGet(43)) - raft.server.log.statemachine.data.caching.enabled = true (custom)
2019-07-30 20:52:37,803 INFO  segmented.SegmentedRaftLogWorker (SegmentedRaftLogWorker.java:lambda$new$0(132)) - 9c2f1846-7b39-4e2e-8d6b-c7bc4b1d2c98-SegmentedRaftLogWorker:Storage Directory /workdir/hadoop-ozone/integration-test/target/test-dir/MiniOzoneClusterImpl-71486f19-fdcc-4ccd-ad00-df52007dc384/datanode-0/data/ratis/2808cbf9-3a7a-4dc0-9f46-00f0f8d95b6e: flushIndex: setUnconditionally 0 -> -1
2019-07-30 20:52:37,806 INFO  server.RaftServerConfigKeys (ConfUtils.java:logGet(43)) - raft.server.snapshot.auto.trigger.enabled = true (custom)
2019-07-30 20:52:37,807 INFO  server.RaftServerConfigKeys (ConfUtils.java:logGet(43)) - raft.server.snapshot.auto.trigger.threshold = 10000 (custom)
2019-07-30 20:52:37,808 INFO  server.RaftServerConfigKeys (ConfUtils.java:logGet(43)) - raft.server.retrycache.expirytime = 600000ms (custom)
2019-07-30 20:52:37,827 INFO  impl.RaftServerImpl (RaftServerImpl.java:start(180)) - 9c2f1846-7b39-4e2e-8d6b-c7bc4b1d2c98: start group-00F0F8D95B6E
2019-07-30 20:52:37,828 INFO  impl.RaftServerImpl (RaftServerImpl.java:setRole(171)) - 9c2f1846-7b39-4e2e-8d6b-c7bc4b1d2c98:group-00F0F8D95B6E changes role from null to FOLLOWER at term 0 for startAsFollower
2019-07-30 20:52:37,829 INFO  impl.RoleInfo (RoleInfo.java:updateAndGet(143)) - 9c2f1846-7b39-4e2e-8d6b-c7bc4b1d2c98: start FollowerState
2019-07-30 20:52:37,831 INFO  util.JmxRegister (JmxRegister.java:tryRegister(44)) - Successfully registered JMX Bean with object name Ratis:service=RaftServer,group=group-00F0F8D95B6E,id=9c2f1846-7b39-4e2e-8d6b-c7bc4b1d2c98
2019-07-30 20:52:37,887 INFO  pipeline.PipelineStateManager (PipelineStateManager.java:addPipeline(56)) - Created pipeline Pipeline[ Id: 2808cbf9-3a7a-4dc0-9f46-00f0f8d95b6e, Nodes: 9c2f1846-7b39-4e2e-8d6b-c7bc4b1d2c98{ip: 192.168.69.110, host: byscane-nightly-zbvcj-1516659162, networkLocation: /default-rack, certSerialId: null}, Type:RATIS, Factor:ONE, State:OPEN]
2019-07-30 20:52:37,909 INFO  impl.RaftServerProxy (RaftServerProxy.java:addNew(89)) - 6ab7926d-3f9b-4c64-ab37-9be39e927c33: addNew group-C7263AA33212:[6ab7926d-3f9b-4c64-ab37-9be39e927c33:192.168.69.110:40921] returns group-C7263AA33212:java.util.concurrent.CompletableFuture@7c7d9285[Not completed]
2019-07-30 20:52:37,949 INFO  impl.RaftServerImpl (RaftServerImpl.java:<init>(93)) - 6ab7926d-3f9b-4c64-ab37-9be39e927c33: new RaftServerImpl for group-C7263AA33212:[6ab7926d-3f9b-4c64-ab37-9be39e927c33:192.168.69.110:40921] with ContainerStateMachine:uninitialized
2019-07-30 20:52:37,950 INFO  server.RaftServerConfigKeys (ConfUtils.java:logGet(43)) - raft.server.rpc.timeout.min = 5s (custom)
2019-07-30 20:52:37,950 INFO  server.RaftServerConfigKeys (ConfUtils.java:logGet(43)) - raft.server.rpc.timeout.max = 5200ms (custom)
2019-07-30 20:52:37,950 INFO  server.RaftServerConfigKeys (ConfUtils.java:logGet(43)) - raft.server.rpcslowness.timeout = 120s (custom)
2019-07-30 20:52:37,950 INFO  server.RaftServerConfigKeys (ConfUtils.java:logGet(43)) - raft.server.sleep.deviation.threshold = 300 (default)
2019-07-30 20:52:37,950 INFO  server.RaftServerConfigKeys (ConfUtils.java:logGet(43)) - raft.server.log.appender.install.snapshot.enabled = false (custom)
2019-07-30 20:52:37,951 INFO  impl.RaftServerImpl (ServerState.java:<init>(105)) - 6ab7926d-3f9b-4c64-ab37-9be39e927c33:group-C7263AA33212 ConfigurationManager, init=-1: [6ab7926d-3f9b-4c64-ab37-9be39e927c33:192.168.69.110:40921], old=null, confs=<EMPTY_MAP>
2019-07-30 20:52:37,951 INFO  server.RaftServerConfigKeys (ConfUtils.java:logGet(43)) - raft.server.storage.dir = [/workdir/hadoop-ozone/integration-test/target/test-dir/MiniOzoneClusterImpl-71486f19-fdcc-4ccd-ad00-df52007dc384/datanode-1/data/ratis] (custom)
2019-07-30 20:52:37,951 INFO  storage.RaftStorageDirectory (RaftStorageDirectory.java:analyzeStorage(246)) - The storage directory /workdir/hadoop-ozone/integration-test/target/test-dir/MiniOzoneClusterImpl-71486f19-fdcc-4ccd-ad00-df52007dc384/datanode-1/data/ratis/dde2fca2-0549-4f3c-900d-c7263aa33212 does not exist. Creating ...
2019-07-30 20:52:37,965 INFO  storage.RaftStorageDirectory (RaftStorageDirectory.java:tryLock(328)) - Lock on /workdir/hadoop-ozone/integration-test/target/test-dir/MiniOzoneClusterImpl-71486f19-fdcc-4ccd-ad00-df52007dc384/datanode-1/data/ratis/dde2fca2-0549-4f3c-900d-c7263aa33212/in_use.lock acquired by nodename 29665@byscane-nightly-zbvcj-1516659162
2019-07-30 20:52:37,978 INFO  storage.RaftStorage (RaftStorage.java:format(72)) - Storage directory /workdir/hadoop-ozone/integration-test/target/test-dir/MiniOzoneClusterImpl-71486f19-fdcc-4ccd-ad00-df52007dc384/datanode-1/data/ratis/dde2fca2-0549-4f3c-900d-c7263aa33212 has been successfully formatted.
2019-07-30 20:52:37,980 INFO  ratis.ContainerStateMachine (ContainerStateMachine.java:loadSnapshot(213)) - group-C7263AA33212: The snapshot info is null. Setting the last applied indexto:(t:0, i:~)
2019-07-30 20:52:37,981 INFO  server.RaftServerConfigKeys (ConfUtils.java:logGet(43)) - raft.server.leader.election.timeout = 120s (custom)
2019-07-30 20:52:37,981 INFO  server.RaftServerConfigKeys (ConfUtils.java:logGet(43)) - raft.server.log.use.memory = false (default)
2019-07-30 20:52:37,981 INFO  server.RaftServerConfigKeys (ConfUtils.java:logGet(43)) - raft.server.log.purge.gap = 1000000000 (custom)
2019-07-30 20:52:37,981 INFO  server.RaftServerConfigKeys (ConfUtils.java:logGet(43)) - raft.server.log.appender.buffer.byte-limit = 33554432 (custom)
2019-07-30 20:52:37,981 INFO  server.RaftServerConfigKeys (ConfUtils.java:logGet(43)) - raft.server.log.segment.size.max = 1048576 (custom)
2019-07-30 20:52:37,981 INFO  server.RaftServerConfigKeys (ConfUtils.java:logGet(43)) - raft.server.log.segment.cache.num.max = 2 (custom)
2019-07-30 20:52:37,981 INFO  segmented.SegmentedRaftLogWorker (SegmentedRaftLogWorker.java:<init>(172)) - new 6ab7926d-3f9b-4c64-ab37-9be39e927c33-SegmentedRaftLogWorker:Storage Directory /workdir/hadoop-ozone/integration-test/target/test-dir/MiniOzoneClusterImpl-71486f19-fdcc-4ccd-ad00-df52007dc384/datanode-1/data/ratis/dde2fca2-0549-4f3c-900d-c7263aa33212 for RaftStorage:Storage Directory /workdir/hadoop-ozone/integration-test/target/test-dir/MiniOzoneClusterImpl-71486f19-fdcc-4ccd-ad00-df52007dc384/datanode-1/data/ratis/dde2fca2-0549-4f3c-900d-c7263aa33212
2019-07-30 20:52:37,982 INFO  server.RaftServerConfigKeys (ConfUtils.java:logGet(43)) - raft.server.log.queue.byte-limit = 2147483647 (custom)
2019-07-30 20:52:37,982 INFO  server.RaftServerConfigKeys (ConfUtils.java:logGet(43)) - raft.server.log.queue.element-limit = 1024 (custom)
2019-07-30 20:52:37,983 INFO  server.RaftServerConfigKeys (ConfUtils.java:logGet(43)) - raft.server.log.segment.size.max = 1048576 (custom)
2019-07-30 20:52:37,983 INFO  server.RaftServerConfigKeys (ConfUtils.java:logGet(43)) - raft.server.log.preallocated.size = 16384 (custom)
2019-07-30 20:52:37,983 INFO  server.RaftServerConfigKeys (ConfUtils.java:logGet(43)) - raft.server.log.write.buffer.size = 33554432 (custom)
2019-07-30 20:52:37,983 INFO  server.RaftServerConfigKeys (ConfUtils.java:logGet(43)) - raft.server.log.force.sync.num = 128 (default)
2019-07-30 20:52:37,983 INFO  server.RaftServerConfigKeys (ConfUtils.java:logGet(43)) - raft.server.log.statemachine.data.sync = true (default)
2019-07-30 20:52:37,983 INFO  server.RaftServerConfigKeys (ConfUtils.java:logGet(43)) - raft.server.log.statemachine.data.sync.timeout = 10s (default)
2019-07-30 20:52:37,983 INFO  server.RaftServerConfigKeys (ConfUtils.java:logGet(43)) - raft.server.log.statemachine.data.sync.timeout.retry = -1 (default)
2019-07-30 20:52:37,984 INFO  server.RaftServerConfigKeys (ConfUtils.java:logGet(43)) - raft.server.log.statemachine.data.caching.enabled = true (custom)
2019-07-30 20:52:37,984 INFO  segmented.SegmentedRaftLogWorker (SegmentedRaftLogWorker.java:lambda$new$0(132)) - 6ab7926d-3f9b-4c64-ab37-9be39e927c33-SegmentedRaftLogWorker:Storage Directory /workdir/hadoop-ozone/integration-test/target/test-dir/MiniOzoneClusterImpl-71486f19-fdcc-4ccd-ad00-df52007dc384/datanode-1/data/ratis/dde2fca2-0549-4f3c-900d-c7263aa33212: flushIndex: setUnconditionally 0 -> -1
2019-07-30 20:52:37,984 INFO  server.RaftServerConfigKeys (ConfUtils.java:logGet(43)) - raft.server.snapshot.auto.trigger.enabled = true (custom)
2019-07-30 20:52:37,984 INFO  server.RaftServerConfigKeys (ConfUtils.java:logGet(43)) - raft.server.snapshot.auto.trigger.threshold = 10000 (custom)
2019-07-30 20:52:37,984 INFO  server.RaftServerConfigKeys (ConfUtils.java:logGet(43)) - raft.server.retrycache.expirytime = 600000ms (custom)
2019-07-30 20:52:37,985 INFO  impl.RaftServerImpl (RaftServerImpl.java:start(180)) - 6ab7926d-3f9b-4c64-ab37-9be39e927c33: start group-C7263AA33212
2019-07-30 20:52:37,985 INFO  impl.RaftServerImpl (RaftServerImpl.java:setRole(171)) - 6ab7926d-3f9b-4c64-ab37-9be39e927c33:group-C7263AA33212 changes role from null to FOLLOWER at term 0 for startAsFollower
2019-07-30 20:52:37,985 INFO  impl.RoleInfo (RoleInfo.java:updateAndGet(143)) - 6ab7926d-3f9b-4c64-ab37-9be39e927c33: start FollowerState
2019-07-30 20:52:37,986 INFO  util.JmxRegister (JmxRegister.java:tryRegister(44)) - Successfully registered JMX Bean with object name Ratis:service=RaftServer,group=group-C7263AA33212,id=6ab7926d-3f9b-4c64-ab37-9be39e927c33
2019-07-30 20:52:37,996 INFO  pipeline.PipelineStateManager (PipelineStateManager.java:addPipeline(56)) - Created pipeline Pipeline[ Id: dde2fca2-0549-4f3c-900d-c7263aa33212, Nodes: 6ab7926d-3f9b-4c64-ab37-9be39e927c33{ip: 192.168.69.110, host: byscane-nightly-zbvcj-1516659162, networkLocation: /default-rack, certSerialId: null}, Type:RATIS, Factor:ONE, State:OPEN]
2019-07-30 20:52:38,012 INFO  impl.RaftServerProxy (RaftServerProxy.java:addNew(89)) - 2df62944-4aab-4ff8-9d56-5ee181333552: addNew group-93C2930027B3:[2df62944-4aab-4ff8-9d56-5ee181333552:192.168.69.110:36786] returns group-93C2930027B3:java.util.concurrent.CompletableFuture@59850f5e[Not completed]
2019-07-30 20:52:38,019 INFO  impl.RaftServerImpl (RaftServerImpl.java:<init>(93)) - 2df62944-4aab-4ff8-9d56-5ee181333552: new RaftServerImpl for group-93C2930027B3:[2df62944-4aab-4ff8-9d56-5ee181333552:192.168.69.110:36786] with ContainerStateMachine:uninitialized
2019-07-30 20:52:38,019 INFO  server.RaftServerConfigKeys (ConfUtils.java:logGet(43)) - raft.server.rpc.timeout.min = 5s (custom)
2019-07-30 20:52:38,020 INFO  server.RaftServerConfigKeys (ConfUtils.java:logGet(43)) - raft.server.rpc.timeout.max = 5200ms (custom)
2019-07-30 20:52:38,020 INFO  server.RaftServerConfigKeys (ConfUtils.java:logGet(43)) - raft.server.rpcslowness.timeout = 120s (custom)
2019-07-30 20:52:38,020 INFO  server.RaftServerConfigKeys (ConfUtils.java:logGet(43)) - raft.server.sleep.deviation.threshold = 300 (default)
2019-07-30 20:52:38,020 INFO  server.RaftServerConfigKeys (ConfUtils.java:logGet(43)) - raft.server.log.appender.install.snapshot.enabled = false (custom)
2019-07-30 20:52:38,020 INFO  impl.RaftServerImpl (ServerState.java:<init>(105)) - 2df62944-4aab-4ff8-9d56-5ee181333552:group-93C2930027B3 ConfigurationManager, init=-1: [2df62944-4aab-4ff8-9d56-5ee181333552:192.168.69.110:36786], old=null, confs=<EMPTY_MAP>
2019-07-30 20:52:38,020 INFO  server.RaftServerConfigKeys (ConfUtils.java:logGet(43)) - raft.server.storage.dir = [/workdir/hadoop-ozone/integration-test/target/test-dir/MiniOzoneClusterImpl-71486f19-fdcc-4ccd-ad00-df52007dc384/datanode-4/data/ratis] (custom)
2019-07-30 20:52:38,020 INFO  storage.RaftStorageDirectory (RaftStorageDirectory.java:analyzeStorage(246)) - The storage directory /workdir/hadoop-ozone/integration-test/target/test-dir/MiniOzoneClusterImpl-71486f19-fdcc-4ccd-ad00-df52007dc384/datanode-4/data/ratis/86980ab2-d661-4dc8-be8f-93c2930027b3 does not exist. Creating ...
2019-07-30 20:52:38,033 INFO  storage.RaftStorageDirectory (RaftStorageDirectory.java:tryLock(328)) - Lock on /workdir/hadoop-ozone/integration-test/target/test-dir/MiniOzoneClusterImpl-71486f19-fdcc-4ccd-ad00-df52007dc384/datanode-4/data/ratis/86980ab2-d661-4dc8-be8f-93c2930027b3/in_use.lock acquired by nodename 29665@byscane-nightly-zbvcj-1516659162
2019-07-30 20:52:38,047 INFO  storage.RaftStorage (RaftStorage.java:format(72)) - Storage directory /workdir/hadoop-ozone/integration-test/target/test-dir/MiniOzoneClusterImpl-71486f19-fdcc-4ccd-ad00-df52007dc384/datanode-4/data/ratis/86980ab2-d661-4dc8-be8f-93c2930027b3 has been successfully formatted.
2019-07-30 20:52:38,047 INFO  ratis.ContainerStateMachine (ContainerStateMachine.java:loadSnapshot(213)) - group-93C2930027B3: The snapshot info is null. Setting the last applied indexto:(t:0, i:~)
2019-07-30 20:52:38,047 INFO  server.RaftServerConfigKeys (ConfUtils.java:logGet(43)) - raft.server.leader.election.timeout = 120s (custom)
2019-07-30 20:52:38,047 INFO  server.RaftServerConfigKeys (ConfUtils.java:logGet(43)) - raft.server.log.use.memory = false (default)
2019-07-30 20:52:38,048 INFO  server.RaftServerConfigKeys (ConfUtils.java:logGet(43)) - raft.server.log.purge.gap = 1000000000 (custom)
2019-07-30 20:52:38,048 INFO  server.RaftServerConfigKeys (ConfUtils.java:logGet(43)) - raft.server.log.appender.buffer.byte-limit = 33554432 (custom)
2019-07-30 20:52:38,048 INFO  server.RaftServerConfigKeys (ConfUtils.java:logGet(43)) - raft.server.log.segment.size.max = 1048576 (custom)
2019-07-30 20:52:38,048 INFO  server.RaftServerConfigKeys (ConfUtils.java:logGet(43)) - raft.server.log.segment.cache.num.max = 2 (custom)
2019-07-30 20:52:38,048 INFO  segmented.SegmentedRaftLogWorker (SegmentedRaftLogWorker.java:<init>(172)) - new 2df62944-4aab-4ff8-9d56-5ee181333552-SegmentedRaftLogWorker:Storage Directory /workdir/hadoop-ozone/integration-test/target/test-dir/MiniOzoneClusterImpl-71486f19-fdcc-4ccd-ad00-df52007dc384/datanode-4/data/ratis/86980ab2-d661-4dc8-be8f-93c2930027b3 for RaftStorage:Storage Directory /workdir/hadoop-ozone/integration-test/target/test-dir/MiniOzoneClusterImpl-71486f19-fdcc-4ccd-ad00-df52007dc384/datanode-4/data/ratis/86980ab2-d661-4dc8-be8f-93c2930027b3
2019-07-30 20:52:38,048 INFO  server.RaftServerConfigKeys (ConfUtils.java:logGet(43)) - raft.server.log.queue.byte-limit = 2147483647 (custom)
2019-07-30 20:52:38,048 INFO  server.RaftServerConfigKeys (ConfUtils.java:logGet(43)) - raft.server.log.queue.element-limit = 1024 (custom)
2019-07-30 20:52:38,049 INFO  server.RaftServerConfigKeys (ConfUtils.java:logGet(43)) - raft.server.log.segment.size.max = 1048576 (custom)
2019-07-30 20:52:38,049 INFO  server.RaftServerConfigKeys (ConfUtils.java:logGet(43)) - raft.server.log.preallocated.size = 16384 (custom)
2019-07-30 20:52:38,049 INFO  server.RaftServerConfigKeys (ConfUtils.java:logGet(43)) - raft.server.log.write.buffer.size = 33554432 (custom)
2019-07-30 20:52:38,049 INFO  server.RaftServerConfigKeys (ConfUtils.java:logGet(43)) - raft.server.log.force.sync.num = 128 (default)
2019-07-30 20:52:38,049 INFO  server.RaftServerConfigKeys (ConfUtils.java:logGet(43)) - raft.server.log.statemachine.data.sync = true (default)
2019-07-30 20:52:38,049 INFO  server.RaftServerConfigKeys (ConfUtils.java:logGet(43)) - raft.server.log.statemachine.data.sync.timeout = 10s (default)
2019-07-30 20:52:38,049 INFO  server.RaftServerConfigKeys (ConfUtils.java:logGet(43)) - raft.server.log.statemachine.data.sync.timeout.retry = -1 (default)
2019-07-30 20:52:38,049 INFO  server.RaftServerConfigKeys (ConfUtils.java:logGet(43)) - raft.server.log.statemachine.data.caching.enabled = true (custom)
2019-07-30 20:52:38,050 INFO  segmented.SegmentedRaftLogWorker (SegmentedRaftLogWorker.java:lambda$new$0(132)) - 2df62944-4aab-4ff8-9d56-5ee181333552-SegmentedRaftLogWorker:Storage Directory /workdir/hadoop-ozone/integration-test/target/test-dir/MiniOzoneClusterImpl-71486f19-fdcc-4ccd-ad00-df52007dc384/datanode-4/data/ratis/86980ab2-d661-4dc8-be8f-93c2930027b3: flushIndex: setUnconditionally 0 -> -1
2019-07-30 20:52:38,050 INFO  server.RaftServerConfigKeys (ConfUtils.java:logGet(43)) - raft.server.snapshot.auto.trigger.enabled = true (custom)
2019-07-30 20:52:38,050 INFO  server.RaftServerConfigKeys (ConfUtils.java:logGet(43)) - raft.server.snapshot.auto.trigger.threshold = 10000 (custom)
2019-07-30 20:52:38,050 INFO  server.RaftServerConfigKeys (ConfUtils.java:logGet(43)) - raft.server.retrycache.expirytime = 600000ms (custom)
2019-07-30 20:52:38,050 INFO  impl.RaftServerImpl (RaftServerImpl.java:start(180)) - 2df62944-4aab-4ff8-9d56-5ee181333552: start group-93C2930027B3
2019-07-30 20:52:38,051 INFO  impl.RaftServerImpl (RaftServerImpl.java:setRole(171)) - 2df62944-4aab-4ff8-9d56-5ee181333552:group-93C2930027B3 changes role from null to FOLLOWER at term 0 for startAsFollower
2019-07-30 20:52:38,051 INFO  impl.RoleInfo (RoleInfo.java:updateAndGet(143)) - 2df62944-4aab-4ff8-9d56-5ee181333552: start FollowerState
2019-07-30 20:52:38,051 INFO  util.JmxRegister (JmxRegister.java:tryRegister(44)) - Successfully registered JMX Bean with object name Ratis:service=RaftServer,group=group-93C2930027B3,id=2df62944-4aab-4ff8-9d56-5ee181333552
2019-07-30 20:52:38,061 INFO  pipeline.PipelineStateManager (PipelineStateManager.java:addPipeline(56)) - Created pipeline Pipeline[ Id: 86980ab2-d661-4dc8-be8f-93c2930027b3, Nodes: 2df62944-4aab-4ff8-9d56-5ee181333552{ip: 192.168.69.110, host: byscane-nightly-zbvcj-1516659162, networkLocation: /default-rack, certSerialId: null}, Type:RATIS, Factor:ONE, State:OPEN]
2019-07-30 20:52:38,074 INFO  ozone.MiniOzoneClusterImpl (MiniOzoneClusterImpl.java:lambda$waitForClusterToBeReady$0(142)) - Waiting for cluster to be ready. Got 5 of 6 DN Heartbeats.
2019-07-30 20:52:38,076 INFO  net.NetworkTopology (NetworkTopologyImpl.java:add(110)) - Added a new node: /default-rack/ac6515ab-7f57-4be9-890d-e6c3f39530d6
2019-07-30 20:52:38,076 INFO  node.SCMNodeManager (SCMNodeManager.java:register(273)) - Registered Data node : ac6515ab-7f57-4be9-890d-e6c3f39530d6{ip: 192.168.69.110, host: byscane-nightly-zbvcj-1516659162, networkLocation: /default-rack, certSerialId: null}
2019-07-30 20:52:38,082 INFO  impl.RaftServerProxy (RaftServerProxy.java:addNew(89)) - a3c235ca-8d39-45c7-8076-b2072c1120df: addNew group-41E6664C30BB:[a3c235ca-8d39-45c7-8076-b2072c1120df:192.168.69.110:33767] returns group-41E6664C30BB:java.util.concurrent.CompletableFuture@541111b3[Not completed]
2019-07-30 20:52:38,083 INFO  impl.RaftServerImpl (RaftServerImpl.java:<init>(93)) - a3c235ca-8d39-45c7-8076-b2072c1120df: new RaftServerImpl for group-41E6664C30BB:[a3c235ca-8d39-45c7-8076-b2072c1120df:192.168.69.110:33767] with ContainerStateMachine:uninitialized
2019-07-30 20:52:38,084 INFO  server.RaftServerConfigKeys (ConfUtils.java:logGet(43)) - raft.server.rpc.timeout.min = 5s (custom)
2019-07-30 20:52:38,084 INFO  server.RaftServerConfigKeys (ConfUtils.java:logGet(43)) - raft.server.rpc.timeout.max = 5200ms (custom)
2019-07-30 20:52:38,084 INFO  server.RaftServerConfigKeys (ConfUtils.java:logGet(43)) - raft.server.rpcslowness.timeout = 120s (custom)
2019-07-30 20:52:38,084 INFO  server.RaftServerConfigKeys (ConfUtils.java:logGet(43)) - raft.server.sleep.deviation.threshold = 300 (default)
2019-07-30 20:52:38,084 INFO  server.RaftServerConfigKeys (ConfUtils.java:logGet(43)) - raft.server.log.appender.install.snapshot.enabled = false (custom)
2019-07-30 20:52:38,084 INFO  impl.RaftServerImpl (ServerState.java:<init>(105)) - a3c235ca-8d39-45c7-8076-b2072c1120df:group-41E6664C30BB ConfigurationManager, init=-1: [a3c235ca-8d39-45c7-8076-b2072c1120df:192.168.69.110:33767], old=null, confs=<EMPTY_MAP>
2019-07-30 20:52:38,084 INFO  server.RaftServerConfigKeys (ConfUtils.java:logGet(43)) - raft.server.storage.dir = [/workdir/hadoop-ozone/integration-test/target/test-dir/MiniOzoneClusterImpl-71486f19-fdcc-4ccd-ad00-df52007dc384/datanode-3/data/ratis] (custom)
2019-07-30 20:52:38,085 INFO  storage.RaftStorageDirectory (RaftStorageDirectory.java:analyzeStorage(246)) - The storage directory /workdir/hadoop-ozone/integration-test/target/test-dir/MiniOzoneClusterImpl-71486f19-fdcc-4ccd-ad00-df52007dc384/datanode-3/data/ratis/11e3978a-6c84-4c99-a705-41e6664c30bb does not exist. Creating ...
2019-07-30 20:52:38,097 INFO  storage.RaftStorageDirectory (RaftStorageDirectory.java:tryLock(328)) - Lock on /workdir/hadoop-ozone/integration-test/target/test-dir/MiniOzoneClusterImpl-71486f19-fdcc-4ccd-ad00-df52007dc384/datanode-3/data/ratis/11e3978a-6c84-4c99-a705-41e6664c30bb/in_use.lock acquired by nodename 29665@byscane-nightly-zbvcj-1516659162
2019-07-30 20:52:38,110 INFO  storage.RaftStorage (RaftStorage.java:format(72)) - Storage directory /workdir/hadoop-ozone/integration-test/target/test-dir/MiniOzoneClusterImpl-71486f19-fdcc-4ccd-ad00-df52007dc384/datanode-3/data/ratis/11e3978a-6c84-4c99-a705-41e6664c30bb has been successfully formatted.
2019-07-30 20:52:38,111 INFO  ratis.ContainerStateMachine (ContainerStateMachine.java:loadSnapshot(213)) - group-41E6664C30BB: The snapshot info is null. Setting the last applied indexto:(t:0, i:~)
2019-07-30 20:52:38,111 INFO  server.RaftServerConfigKeys (ConfUtils.java:logGet(43)) - raft.server.leader.election.timeout = 120s (custom)
2019-07-30 20:52:38,111 INFO  server.RaftServerConfigKeys (ConfUtils.java:logGet(43)) - raft.server.log.use.memory = false (default)
2019-07-30 20:52:38,111 INFO  server.RaftServerConfigKeys (ConfUtils.java:logGet(43)) - raft.server.log.purge.gap = 1000000000 (custom)
2019-07-30 20:52:38,112 INFO  server.RaftServerConfigKeys (ConfUtils.java:logGet(43)) - raft.server.log.appender.buffer.byte-limit = 33554432 (custom)
2019-07-30 20:52:38,112 INFO  server.RaftServerConfigKeys (ConfUtils.java:logGet(43)) - raft.server.log.segment.size.max = 1048576 (custom)
2019-07-30 20:52:38,112 INFO  server.RaftServerConfigKeys (ConfUtils.java:logGet(43)) - raft.server.log.segment.cache.num.max = 2 (custom)
2019-07-30 20:52:38,112 INFO  segmented.SegmentedRaftLogWorker (SegmentedRaftLogWorker.java:<init>(172)) - new a3c235ca-8d39-45c7-8076-b2072c1120df-SegmentedRaftLogWorker:Storage Directory /workdir/hadoop-ozone/integration-test/target/test-dir/MiniOzoneClusterImpl-71486f19-fdcc-4ccd-ad00-df52007dc384/datanode-3/data/ratis/11e3978a-6c84-4c99-a705-41e6664c30bb for RaftStorage:Storage Directory /workdir/hadoop-ozone/integration-test/target/test-dir/MiniOzoneClusterImpl-71486f19-fdcc-4ccd-ad00-df52007dc384/datanode-3/data/ratis/11e3978a-6c84-4c99-a705-41e6664c30bb
2019-07-30 20:52:38,112 INFO  server.RaftServerConfigKeys (ConfUtils.java:logGet(43)) - raft.server.log.queue.byte-limit = 2147483647 (custom)
2019-07-30 20:52:38,112 INFO  server.RaftServerConfigKeys (ConfUtils.java:logGet(43)) - raft.server.log.queue.element-limit = 1024 (custom)
2019-07-30 20:52:38,113 INFO  server.RaftServerConfigKeys (ConfUtils.java:logGet(43)) - raft.server.log.segment.size.max = 1048576 (custom)
2019-07-30 20:52:38,113 INFO  server.RaftServerConfigKeys (ConfUtils.java:logGet(43)) - raft.server.log.preallocated.size = 16384 (custom)
2019-07-30 20:52:38,113 INFO  server.RaftServerConfigKeys (ConfUtils.java:logGet(43)) - raft.server.log.write.buffer.size = 33554432 (custom)
2019-07-30 20:52:38,113 INFO  server.RaftServerConfigKeys (ConfUtils.java:logGet(43)) - raft.server.log.force.sync.num = 128 (default)
2019-07-30 20:52:38,113 INFO  server.RaftServerConfigKeys (ConfUtils.java:logGet(43)) - raft.server.log.statemachine.data.sync = true (default)
2019-07-30 20:52:38,113 INFO  server.RaftServerConfigKeys (ConfUtils.java:logGet(43)) - raft.server.log.statemachine.data.sync.timeout = 10s (default)
2019-07-30 20:52:38,113 INFO  server.RaftServerConfigKeys (ConfUtils.java:logGet(43)) - raft.server.log.statemachine.data.sync.timeout.retry = -1 (default)
2019-07-30 20:52:38,114 INFO  server.RaftServerConfigKeys (ConfUtils.java:logGet(43)) - raft.server.log.statemachine.data.caching.enabled = true (custom)
2019-07-30 20:52:38,114 INFO  segmented.SegmentedRaftLogWorker (SegmentedRaftLogWorker.java:lambda$new$0(132)) - a3c235ca-8d39-45c7-8076-b2072c1120df-SegmentedRaftLogWorker:Storage Directory /workdir/hadoop-ozone/integration-test/target/test-dir/MiniOzoneClusterImpl-71486f19-fdcc-4ccd-ad00-df52007dc384/datanode-3/data/ratis/11e3978a-6c84-4c99-a705-41e6664c30bb: flushIndex: setUnconditionally 0 -> -1
2019-07-30 20:52:38,114 INFO  server.RaftServerConfigKeys (ConfUtils.java:logGet(43)) - raft.server.snapshot.auto.trigger.enabled = true (custom)
2019-07-30 20:52:38,114 INFO  server.RaftServerConfigKeys (ConfUtils.java:logGet(43)) - raft.server.snapshot.auto.trigger.threshold = 10000 (custom)
2019-07-30 20:52:38,114 INFO  server.RaftServerConfigKeys (ConfUtils.java:logGet(43)) - raft.server.retrycache.expirytime = 600000ms (custom)
2019-07-30 20:52:38,115 INFO  impl.RaftServerImpl (RaftServerImpl.java:start(180)) - a3c235ca-8d39-45c7-8076-b2072c1120df: start group-41E6664C30BB
2019-07-30 20:52:38,115 INFO  impl.RaftServerImpl (RaftServerImpl.java:setRole(171)) - a3c235ca-8d39-45c7-8076-b2072c1120df:group-41E6664C30BB changes role from null to FOLLOWER at term 0 for startAsFollower
2019-07-30 20:52:38,115 INFO  impl.RoleInfo (RoleInfo.java:updateAndGet(143)) - a3c235ca-8d39-45c7-8076-b2072c1120df: start FollowerState
2019-07-30 20:52:38,115 INFO  util.JmxRegister (JmxRegister.java:tryRegister(44)) - Successfully registered JMX Bean with object name Ratis:service=RaftServer,group=group-41E6664C30BB,id=a3c235ca-8d39-45c7-8076-b2072c1120df
2019-07-30 20:52:38,131 INFO  pipeline.PipelineStateManager (PipelineStateManager.java:addPipeline(56)) - Created pipeline Pipeline[ Id: 11e3978a-6c84-4c99-a705-41e6664c30bb, Nodes: a3c235ca-8d39-45c7-8076-b2072c1120df{ip: 192.168.69.110, host: byscane-nightly-zbvcj-1516659162, networkLocation: /default-rack, certSerialId: null}, Type:RATIS, Factor:ONE, State:OPEN]
2019-07-30 20:52:38,147 INFO  impl.RaftServerProxy (RaftServerProxy.java:addNew(89)) - ac6515ab-7f57-4be9-890d-e6c3f39530d6: addNew group-31897CFB483B:[ac6515ab-7f57-4be9-890d-e6c3f39530d6:192.168.69.110:33100] returns group-31897CFB483B:java.util.concurrent.CompletableFuture@6e24f5a6[Not completed]
2019-07-30 20:52:38,150 INFO  impl.RaftServerImpl (RaftServerImpl.java:<init>(93)) - ac6515ab-7f57-4be9-890d-e6c3f39530d6: new RaftServerImpl for group-31897CFB483B:[ac6515ab-7f57-4be9-890d-e6c3f39530d6:192.168.69.110:33100] with ContainerStateMachine:uninitialized
2019-07-30 20:52:38,150 INFO  server.RaftServerConfigKeys (ConfUtils.java:logGet(43)) - raft.server.rpc.timeout.min = 5s (custom)
2019-07-30 20:52:38,150 INFO  server.RaftServerConfigKeys (ConfUtils.java:logGet(43)) - raft.server.rpc.timeout.max = 5200ms (custom)
2019-07-30 20:52:38,150 INFO  server.RaftServerConfigKeys (ConfUtils.java:logGet(43)) - raft.server.rpcslowness.timeout = 120s (custom)
2019-07-30 20:52:38,150 INFO  server.RaftServerConfigKeys (ConfUtils.java:logGet(43)) - raft.server.sleep.deviation.threshold = 300 (default)
2019-07-30 20:52:38,150 INFO  server.RaftServerConfigKeys (ConfUtils.java:logGet(43)) - raft.server.log.appender.install.snapshot.enabled = false (custom)
2019-07-30 20:52:38,150 INFO  impl.RaftServerImpl (ServerState.java:<init>(105)) - ac6515ab-7f57-4be9-890d-e6c3f39530d6:group-31897CFB483B ConfigurationManager, init=-1: [ac6515ab-7f57-4be9-890d-e6c3f39530d6:192.168.69.110:33100], old=null, confs=<EMPTY_MAP>
2019-07-30 20:52:38,150 INFO  server.RaftServerConfigKeys (ConfUtils.java:logGet(43)) - raft.server.storage.dir = [/workdir/hadoop-ozone/integration-test/target/test-dir/MiniOzoneClusterImpl-71486f19-fdcc-4ccd-ad00-df52007dc384/datanode-5/data/ratis] (custom)
2019-07-30 20:52:38,151 INFO  storage.RaftStorageDirectory (RaftStorageDirectory.java:analyzeStorage(246)) - The storage directory /workdir/hadoop-ozone/integration-test/target/test-dir/MiniOzoneClusterImpl-71486f19-fdcc-4ccd-ad00-df52007dc384/datanode-5/data/ratis/61ffae7f-7a56-4d01-af16-31897cfb483b does not exist. Creating ...
2019-07-30 20:52:38,164 INFO  storage.RaftStorageDirectory (RaftStorageDirectory.java:tryLock(328)) - Lock on /workdir/hadoop-ozone/integration-test/target/test-dir/MiniOzoneClusterImpl-71486f19-fdcc-4ccd-ad00-df52007dc384/datanode-5/data/ratis/61ffae7f-7a56-4d01-af16-31897cfb483b/in_use.lock acquired by nodename 29665@byscane-nightly-zbvcj-1516659162
2019-07-30 20:52:38,177 INFO  storage.RaftStorage (RaftStorage.java:format(72)) - Storage directory /workdir/hadoop-ozone/integration-test/target/test-dir/MiniOzoneClusterImpl-71486f19-fdcc-4ccd-ad00-df52007dc384/datanode-5/data/ratis/61ffae7f-7a56-4d01-af16-31897cfb483b has been successfully formatted.
2019-07-30 20:52:38,177 INFO  ratis.ContainerStateMachine (ContainerStateMachine.java:loadSnapshot(213)) - group-31897CFB483B: The snapshot info is null. Setting the last applied indexto:(t:0, i:~)
2019-07-30 20:52:38,177 INFO  server.RaftServerConfigKeys (ConfUtils.java:logGet(43)) - raft.server.leader.election.timeout = 120s (custom)
2019-07-30 20:52:38,177 INFO  server.RaftServerConfigKeys (ConfUtils.java:logGet(43)) - raft.server.log.use.memory = false (default)
2019-07-30 20:52:38,177 INFO  server.RaftServerConfigKeys (ConfUtils.java:logGet(43)) - raft.server.log.purge.gap = 1000000000 (custom)
2019-07-30 20:52:38,177 INFO  server.RaftServerConfigKeys (ConfUtils.java:logGet(43)) - raft.server.log.appender.buffer.byte-limit = 33554432 (custom)
2019-07-30 20:52:38,178 INFO  server.RaftServerConfigKeys (ConfUtils.java:logGet(43)) - raft.server.log.segment.size.max = 1048576 (custom)
2019-07-30 20:52:38,178 INFO  server.RaftServerConfigKeys (ConfUtils.java:logGet(43)) - raft.server.log.segment.cache.num.max = 2 (custom)
2019-07-30 20:52:38,178 INFO  segmented.SegmentedRaftLogWorker (SegmentedRaftLogWorker.java:<init>(172)) - new ac6515ab-7f57-4be9-890d-e6c3f39530d6-SegmentedRaftLogWorker:Storage Directory /workdir/hadoop-ozone/integration-test/target/test-dir/MiniOzoneClusterImpl-71486f19-fdcc-4ccd-ad00-df52007dc384/datanode-5/data/ratis/61ffae7f-7a56-4d01-af16-31897cfb483b for RaftStorage:Storage Directory /workdir/hadoop-ozone/integration-test/target/test-dir/MiniOzoneClusterImpl-71486f19-fdcc-4ccd-ad00-df52007dc384/datanode-5/data/ratis/61ffae7f-7a56-4d01-af16-31897cfb483b
2019-07-30 20:52:38,178 INFO  server.RaftServerConfigKeys (ConfUtils.java:logGet(43)) - raft.server.log.queue.byte-limit = 2147483647 (custom)
2019-07-30 20:52:38,178 INFO  server.RaftServerConfigKeys (ConfUtils.java:logGet(43)) - raft.server.log.queue.element-limit = 1024 (custom)
2019-07-30 20:52:38,178 INFO  server.RaftServerConfigKeys (ConfUtils.java:logGet(43)) - raft.server.log.segment.size.max = 1048576 (custom)
2019-07-30 20:52:38,178 INFO  server.RaftServerConfigKeys (ConfUtils.java:logGet(43)) - raft.server.log.preallocated.size = 16384 (custom)
2019-07-30 20:52:38,178 INFO  server.RaftServerConfigKeys (ConfUtils.java:logGet(43)) - raft.server.log.write.buffer.size = 33554432 (custom)
2019-07-30 20:52:38,179 INFO  server.RaftServerConfigKeys (ConfUtils.java:logGet(43)) - raft.server.log.force.sync.num = 128 (default)
2019-07-30 20:52:38,179 INFO  server.RaftServerConfigKeys (ConfUtils.java:logGet(43)) - raft.server.log.statemachine.data.sync = true (default)
2019-07-30 20:52:38,179 INFO  server.RaftServerConfigKeys (ConfUtils.java:logGet(43)) - raft.server.log.statemachine.data.sync.timeout = 10s (default)
2019-07-30 20:52:38,179 INFO  server.RaftServerConfigKeys (ConfUtils.java:logGet(43)) - raft.server.log.statemachine.data.sync.timeout.retry = -1 (default)
2019-07-30 20:52:38,179 INFO  server.RaftServerConfigKeys (ConfUtils.java:logGet(43)) - raft.server.log.statemachine.data.caching.enabled = true (custom)
2019-07-30 20:52:38,179 INFO  segmented.SegmentedRaftLogWorker (SegmentedRaftLogWorker.java:lambda$new$0(132)) - ac6515ab-7f57-4be9-890d-e6c3f39530d6-SegmentedRaftLogWorker:Storage Directory /workdir/hadoop-ozone/integration-test/target/test-dir/MiniOzoneClusterImpl-71486f19-fdcc-4ccd-ad00-df52007dc384/datanode-5/data/ratis/61ffae7f-7a56-4d01-af16-31897cfb483b: flushIndex: setUnconditionally 0 -> -1
2019-07-30 20:52:38,180 INFO  server.RaftServerConfigKeys (ConfUtils.java:logGet(43)) - raft.server.snapshot.auto.trigger.enabled = true (custom)
2019-07-30 20:52:38,180 INFO  server.RaftServerConfigKeys (ConfUtils.java:logGet(43)) - raft.server.snapshot.auto.trigger.threshold = 10000 (custom)
2019-07-30 20:52:38,180 INFO  server.RaftServerConfigKeys (ConfUtils.java:logGet(43)) - raft.server.retrycache.expirytime = 600000ms (custom)
2019-07-30 20:52:38,180 INFO  impl.RaftServerImpl (RaftServerImpl.java:start(180)) - ac6515ab-7f57-4be9-890d-e6c3f39530d6: start group-31897CFB483B
2019-07-30 20:52:38,180 INFO  impl.RaftServerImpl (RaftServerImpl.java:setRole(171)) - ac6515ab-7f57-4be9-890d-e6c3f39530d6:group-31897CFB483B changes role from null to FOLLOWER at term 0 for startAsFollower
2019-07-30 20:52:38,180 INFO  impl.RoleInfo (RoleInfo.java:updateAndGet(143)) - ac6515ab-7f57-4be9-890d-e6c3f39530d6: start FollowerState
2019-07-30 20:52:38,181 INFO  util.JmxRegister (JmxRegister.java:tryRegister(44)) - Successfully registered JMX Bean with object name Ratis:service=RaftServer,group=group-31897CFB483B,id=ac6515ab-7f57-4be9-890d-e6c3f39530d6
2019-07-30 20:52:38,190 INFO  pipeline.PipelineStateManager (PipelineStateManager.java:addPipeline(56)) - Created pipeline Pipeline[ Id: 61ffae7f-7a56-4d01-af16-31897cfb483b, Nodes: ac6515ab-7f57-4be9-890d-e6c3f39530d6{ip: 192.168.69.110, host: byscane-nightly-zbvcj-1516659162, networkLocation: /default-rack, certSerialId: null}, Type:RATIS, Factor:ONE, State:OPEN]
2019-07-30 20:52:38,209 INFO  impl.RaftServerProxy (RaftServerProxy.java:addNew(89)) - 99fe9e29-c4ea-4845-bab8-1c47d07b3122: addNew group-482B2C4B41C2:[99fe9e29-c4ea-4845-bab8-1c47d07b3122:192.168.69.110:35477] returns group-482B2C4B41C2:java.util.concurrent.CompletableFuture@71230733[Not completed]
2019-07-30 20:52:38,210 INFO  impl.RaftServerImpl (RaftServerImpl.java:<init>(93)) - 99fe9e29-c4ea-4845-bab8-1c47d07b3122: new RaftServerImpl for group-482B2C4B41C2:[99fe9e29-c4ea-4845-bab8-1c47d07b3122:192.168.69.110:35477] with ContainerStateMachine:uninitialized
2019-07-30 20:52:38,210 INFO  server.RaftServerConfigKeys (ConfUtils.java:logGet(43)) - raft.server.rpc.timeout.min = 5s (custom)
2019-07-30 20:52:38,210 INFO  server.RaftServerConfigKeys (ConfUtils.java:logGet(43)) - raft.server.rpc.timeout.max = 5200ms (custom)
2019-07-30 20:52:38,211 INFO  server.RaftServerConfigKeys (ConfUtils.java:logGet(43)) - raft.server.rpcslowness.timeout = 120s (custom)
2019-07-30 20:52:38,211 INFO  server.RaftServerConfigKeys (ConfUtils.java:logGet(43)) - raft.server.sleep.deviation.threshold = 300 (default)
2019-07-30 20:52:38,211 INFO  server.RaftServerConfigKeys (ConfUtils.java:logGet(43)) - raft.server.log.appender.install.snapshot.enabled = false (custom)
2019-07-30 20:52:38,211 INFO  impl.RaftServerImpl (ServerState.java:<init>(105)) - 99fe9e29-c4ea-4845-bab8-1c47d07b3122:group-482B2C4B41C2 ConfigurationManager, init=-1: [99fe9e29-c4ea-4845-bab8-1c47d07b3122:192.168.69.110:35477], old=null, confs=<EMPTY_MAP>
2019-07-30 20:52:38,211 INFO  server.RaftServerConfigKeys (ConfUtils.java:logGet(43)) - raft.server.storage.dir = [/workdir/hadoop-ozone/integration-test/target/test-dir/MiniOzoneClusterImpl-71486f19-fdcc-4ccd-ad00-df52007dc384/datanode-2/data/ratis] (custom)
2019-07-30 20:52:38,211 INFO  storage.RaftStorageDirectory (RaftStorageDirectory.java:analyzeStorage(246)) - The storage directory /workdir/hadoop-ozone/integration-test/target/test-dir/MiniOzoneClusterImpl-71486f19-fdcc-4ccd-ad00-df52007dc384/datanode-2/data/ratis/ace742a7-5c77-4102-93d7-482b2c4b41c2 does not exist. Creating ...
2019-07-30 20:52:38,223 INFO  storage.RaftStorageDirectory (RaftStorageDirectory.java:tryLock(328)) - Lock on /workdir/hadoop-ozone/integration-test/target/test-dir/MiniOzoneClusterImpl-71486f19-fdcc-4ccd-ad00-df52007dc384/datanode-2/data/ratis/ace742a7-5c77-4102-93d7-482b2c4b41c2/in_use.lock acquired by nodename 29665@byscane-nightly-zbvcj-1516659162
2019-07-30 20:52:38,237 INFO  storage.RaftStorage (RaftStorage.java:format(72)) - Storage directory /workdir/hadoop-ozone/integration-test/target/test-dir/MiniOzoneClusterImpl-71486f19-fdcc-4ccd-ad00-df52007dc384/datanode-2/data/ratis/ace742a7-5c77-4102-93d7-482b2c4b41c2 has been successfully formatted.
2019-07-30 20:52:38,237 INFO  ratis.ContainerStateMachine (ContainerStateMachine.java:loadSnapshot(213)) - group-482B2C4B41C2: The snapshot info is null. Setting the last applied indexto:(t:0, i:~)
2019-07-30 20:52:38,237 INFO  server.RaftServerConfigKeys (ConfUtils.java:logGet(43)) - raft.server.leader.election.timeout = 120s (custom)
2019-07-30 20:52:38,237 INFO  server.RaftServerConfigKeys (ConfUtils.java:logGet(43)) - raft.server.log.use.memory = false (default)
2019-07-30 20:52:38,237 INFO  server.RaftServerConfigKeys (ConfUtils.java:logGet(43)) - raft.server.log.purge.gap = 1000000000 (custom)
2019-07-30 20:52:38,237 INFO  server.RaftServerConfigKeys (ConfUtils.java:logGet(43)) - raft.server.log.appender.buffer.byte-limit = 33554432 (custom)
2019-07-30 20:52:38,237 INFO  server.RaftServerConfigKeys (ConfUtils.java:logGet(43)) - raft.server.log.segment.size.max = 1048576 (custom)
2019-07-30 20:52:38,238 INFO  server.RaftServerConfigKeys (ConfUtils.java:logGet(43)) - raft.server.log.segment.cache.num.max = 2 (custom)
2019-07-30 20:52:38,238 INFO  segmented.SegmentedRaftLogWorker (SegmentedRaftLogWorker.java:<init>(172)) - new 99fe9e29-c4ea-4845-bab8-1c47d07b3122-SegmentedRaftLogWorker:Storage Directory /workdir/hadoop-ozone/integration-test/target/test-dir/MiniOzoneClusterImpl-71486f19-fdcc-4ccd-ad00-df52007dc384/datanode-2/data/ratis/ace742a7-5c77-4102-93d7-482b2c4b41c2 for RaftStorage:Storage Directory /workdir/hadoop-ozone/integration-test/target/test-dir/MiniOzoneClusterImpl-71486f19-fdcc-4ccd-ad00-df52007dc384/datanode-2/data/ratis/ace742a7-5c77-4102-93d7-482b2c4b41c2
2019-07-30 20:52:38,238 INFO  server.RaftServerConfigKeys (ConfUtils.java:logGet(43)) - raft.server.log.queue.byte-limit = 2147483647 (custom)
2019-07-30 20:52:38,238 INFO  server.RaftServerConfigKeys (ConfUtils.java:logGet(43)) - raft.server.log.queue.element-limit = 1024 (custom)
2019-07-30 20:52:38,238 INFO  server.RaftServerConfigKeys (ConfUtils.java:logGet(43)) - raft.server.log.segment.size.max = 1048576 (custom)
2019-07-30 20:52:38,238 INFO  server.RaftServerConfigKeys (ConfUtils.java:logGet(43)) - raft.server.log.preallocated.size = 16384 (custom)
2019-07-30 20:52:38,238 INFO  server.RaftServerConfigKeys (ConfUtils.java:logGet(43)) - raft.server.log.write.buffer.size = 33554432 (custom)
2019-07-30 20:52:38,238 INFO  server.RaftServerConfigKeys (ConfUtils.java:logGet(43)) - raft.server.log.force.sync.num = 128 (default)
2019-07-30 20:52:38,238 INFO  server.RaftServerConfigKeys (ConfUtils.java:logGet(43)) - raft.server.log.statemachine.data.sync = true (default)
2019-07-30 20:52:38,239 INFO  server.RaftServerConfigKeys (ConfUtils.java:logGet(43)) - raft.server.log.statemachine.data.sync.timeout = 10s (default)
2019-07-30 20:52:38,239 INFO  server.RaftServerConfigKeys (ConfUtils.java:logGet(43)) - raft.server.log.statemachine.data.sync.timeout.retry = -1 (default)
2019-07-30 20:52:38,239 INFO  server.RaftServerConfigKeys (ConfUtils.java:logGet(43)) - raft.server.log.statemachine.data.caching.enabled = true (custom)
2019-07-30 20:52:38,239 INFO  segmented.SegmentedRaftLogWorker (SegmentedRaftLogWorker.java:lambda$new$0(132)) - 99fe9e29-c4ea-4845-bab8-1c47d07b3122-SegmentedRaftLogWorker:Storage Directory /workdir/hadoop-ozone/integration-test/target/test-dir/MiniOzoneClusterImpl-71486f19-fdcc-4ccd-ad00-df52007dc384/datanode-2/data/ratis/ace742a7-5c77-4102-93d7-482b2c4b41c2: flushIndex: setUnconditionally 0 -> -1
2019-07-30 20:52:38,239 INFO  server.RaftServerConfigKeys (ConfUtils.java:logGet(43)) - raft.server.snapshot.auto.trigger.enabled = true (custom)
2019-07-30 20:52:38,240 INFO  server.RaftServerConfigKeys (ConfUtils.java:logGet(43)) - raft.server.snapshot.auto.trigger.threshold = 10000 (custom)
2019-07-30 20:52:38,240 INFO  server.RaftServerConfigKeys (ConfUtils.java:logGet(43)) - raft.server.retrycache.expirytime = 600000ms (custom)
2019-07-30 20:52:38,240 INFO  impl.RaftServerImpl (RaftServerImpl.java:start(180)) - 99fe9e29-c4ea-4845-bab8-1c47d07b3122: start group-482B2C4B41C2
2019-07-30 20:52:38,240 INFO  impl.RaftServerImpl (RaftServerImpl.java:setRole(171)) - 99fe9e29-c4ea-4845-bab8-1c47d07b3122:group-482B2C4B41C2 changes role from null to FOLLOWER at term 0 for startAsFollower
2019-07-30 20:52:38,240 INFO  impl.RoleInfo (RoleInfo.java:updateAndGet(143)) - 99fe9e29-c4ea-4845-bab8-1c47d07b3122: start FollowerState
2019-07-30 20:52:38,240 INFO  util.JmxRegister (JmxRegister.java:tryRegister(44)) - Successfully registered JMX Bean with object name Ratis:service=RaftServer,group=group-482B2C4B41C2,id=99fe9e29-c4ea-4845-bab8-1c47d07b3122
2019-07-30 20:52:38,248 INFO  pipeline.PipelineStateManager (PipelineStateManager.java:addPipeline(56)) - Created pipeline Pipeline[ Id: ace742a7-5c77-4102-93d7-482b2c4b41c2, Nodes: 99fe9e29-c4ea-4845-bab8-1c47d07b3122{ip: 192.168.69.110, host: byscane-nightly-zbvcj-1516659162, networkLocation: /default-rack, certSerialId: null}, Type:RATIS, Factor:ONE, State:OPEN]
2019-07-30 20:52:38,282 INFO  impl.RaftServerProxy (RaftServerProxy.java:addNew(89)) - 6ab7926d-3f9b-4c64-ab37-9be39e927c33: addNew group-6ABAB39D0A7D:[6ab7926d-3f9b-4c64-ab37-9be39e927c33:192.168.69.110:40921, a3c235ca-8d39-45c7-8076-b2072c1120df:192.168.69.110:33767, 2df62944-4aab-4ff8-9d56-5ee181333552:192.168.69.110:36786] returns group-6ABAB39D0A7D:java.util.concurrent.CompletableFuture@40dd0189[Not completed]
2019-07-30 20:52:38,283 INFO  impl.RaftServerProxy (RaftServerProxy.java:addNew(89)) - 2df62944-4aab-4ff8-9d56-5ee181333552: addNew group-6ABAB39D0A7D:[6ab7926d-3f9b-4c64-ab37-9be39e927c33:192.168.69.110:40921, a3c235ca-8d39-45c7-8076-b2072c1120df:192.168.69.110:33767, 2df62944-4aab-4ff8-9d56-5ee181333552:192.168.69.110:36786] returns group-6ABAB39D0A7D:java.util.concurrent.CompletableFuture@bd37d08[Not completed]
2019-07-30 20:52:38,285 INFO  impl.RaftServerProxy (RaftServerProxy.java:addNew(89)) - a3c235ca-8d39-45c7-8076-b2072c1120df: addNew group-6ABAB39D0A7D:[6ab7926d-3f9b-4c64-ab37-9be39e927c33:192.168.69.110:40921, a3c235ca-8d39-45c7-8076-b2072c1120df:192.168.69.110:33767, 2df62944-4aab-4ff8-9d56-5ee181333552:192.168.69.110:36786] returns group-6ABAB39D0A7D:java.util.concurrent.CompletableFuture@5df87f6[Not completed]
2019-07-30 20:52:38,285 INFO  impl.RaftServerImpl (RaftServerImpl.java:<init>(93)) - 6ab7926d-3f9b-4c64-ab37-9be39e927c33: new RaftServerImpl for group-6ABAB39D0A7D:[6ab7926d-3f9b-4c64-ab37-9be39e927c33:192.168.69.110:40921, a3c235ca-8d39-45c7-8076-b2072c1120df:192.168.69.110:33767, 2df62944-4aab-4ff8-9d56-5ee181333552:192.168.69.110:36786] with ContainerStateMachine:uninitialized
2019-07-30 20:52:38,286 INFO  server.RaftServerConfigKeys (ConfUtils.java:logGet(43)) - raft.server.rpc.timeout.min = 5s (custom)
2019-07-30 20:52:38,286 INFO  server.RaftServerConfigKeys (ConfUtils.java:logGet(43)) - raft.server.rpc.timeout.max = 5200ms (custom)
2019-07-30 20:52:38,286 INFO  server.RaftServerConfigKeys (ConfUtils.java:logGet(43)) - raft.server.rpcslowness.timeout = 120s (custom)
2019-07-30 20:52:38,286 INFO  impl.RaftServerImpl (RaftServerImpl.java:<init>(93)) - a3c235ca-8d39-45c7-8076-b2072c1120df: new RaftServerImpl for group-6ABAB39D0A7D:[6ab7926d-3f9b-4c64-ab37-9be39e927c33:192.168.69.110:40921, a3c235ca-8d39-45c7-8076-b2072c1120df:192.168.69.110:33767, 2df62944-4aab-4ff8-9d56-5ee181333552:192.168.69.110:36786] with ContainerStateMachine:uninitialized
2019-07-30 20:52:38,286 INFO  server.RaftServerConfigKeys (ConfUtils.java:logGet(43)) - raft.server.sleep.deviation.threshold = 300 (default)
2019-07-30 20:52:38,286 INFO  server.RaftServerConfigKeys (ConfUtils.java:logGet(43)) - raft.server.rpc.timeout.min = 5s (custom)
2019-07-30 20:52:38,286 INFO  server.RaftServerConfigKeys (ConfUtils.java:logGet(43)) - raft.server.log.appender.install.snapshot.enabled = false (custom)
2019-07-30 20:52:38,286 INFO  server.RaftServerConfigKeys (ConfUtils.java:logGet(43)) - raft.server.rpc.timeout.max = 5200ms (custom)
2019-07-30 20:52:38,286 INFO  impl.RaftServerImpl (ServerState.java:<init>(105)) - 6ab7926d-3f9b-4c64-ab37-9be39e927c33:group-6ABAB39D0A7D ConfigurationManager, init=-1: [6ab7926d-3f9b-4c64-ab37-9be39e927c33:192.168.69.110:40921, a3c235ca-8d39-45c7-8076-b2072c1120df:192.168.69.110:33767, 2df62944-4aab-4ff8-9d56-5ee181333552:192.168.69.110:36786], old=null, confs=<EMPTY_MAP>
2019-07-30 20:52:38,286 INFO  impl.RaftServerImpl (RaftServerImpl.java:<init>(93)) - 2df62944-4aab-4ff8-9d56-5ee181333552: new RaftServerImpl for group-6ABAB39D0A7D:[6ab7926d-3f9b-4c64-ab37-9be39e927c33:192.168.69.110:40921, a3c235ca-8d39-45c7-8076-b2072c1120df:192.168.69.110:33767, 2df62944-4aab-4ff8-9d56-5ee181333552:192.168.69.110:36786] with ContainerStateMachine:uninitialized
2019-07-30 20:52:38,287 INFO  server.RaftServerConfigKeys (ConfUtils.java:logGet(43)) - raft.server.rpcslowness.timeout = 120s (custom)
2019-07-30 20:52:38,287 INFO  server.RaftServerConfigKeys (ConfUtils.java:logGet(43)) - raft.server.storage.dir = [/workdir/hadoop-ozone/integration-test/target/test-dir/MiniOzoneClusterImpl-71486f19-fdcc-4ccd-ad00-df52007dc384/datanode-1/data/ratis] (custom)
2019-07-30 20:52:38,287 INFO  server.RaftServerConfigKeys (ConfUtils.java:logGet(43)) - raft.server.rpc.timeout.min = 5s (custom)
2019-07-30 20:52:38,287 INFO  server.RaftServerConfigKeys (ConfUtils.java:logGet(43)) - raft.server.sleep.deviation.threshold = 300 (default)
2019-07-30 20:52:38,287 INFO  server.RaftServerConfigKeys (ConfUtils.java:logGet(43)) - raft.server.rpc.timeout.max = 5200ms (custom)
2019-07-30 20:52:38,287 INFO  server.RaftServerConfigKeys (ConfUtils.java:logGet(43)) - raft.server.log.appender.install.snapshot.enabled = false (custom)
2019-07-30 20:52:38,287 INFO  storage.RaftStorageDirectory (RaftStorageDirectory.java:analyzeStorage(246)) - The storage directory /workdir/hadoop-ozone/integration-test/target/test-dir/MiniOzoneClusterImpl-71486f19-fdcc-4ccd-ad00-df52007dc384/datanode-1/data/ratis/44532282-5cab-430e-87d3-6abab39d0a7d does not exist. Creating ...
2019-07-30 20:52:38,287 INFO  server.RaftServerConfigKeys (ConfUtils.java:logGet(43)) - raft.server.rpcslowness.timeout = 120s (custom)
2019-07-30 20:52:38,287 INFO  impl.RaftServerImpl (ServerState.java:<init>(105)) - a3c235ca-8d39-45c7-8076-b2072c1120df:group-6ABAB39D0A7D ConfigurationManager, init=-1: [6ab7926d-3f9b-4c64-ab37-9be39e927c33:192.168.69.110:40921, a3c235ca-8d39-45c7-8076-b2072c1120df:192.168.69.110:33767, 2df62944-4aab-4ff8-9d56-5ee181333552:192.168.69.110:36786], old=null, confs=<EMPTY_MAP>
2019-07-30 20:52:38,287 INFO  server.RaftServerConfigKeys (ConfUtils.java:logGet(43)) - raft.server.sleep.deviation.threshold = 300 (default)
2019-07-30 20:52:38,288 INFO  server.RaftServerConfigKeys (ConfUtils.java:logGet(43)) - raft.server.storage.dir = [/workdir/hadoop-ozone/integration-test/target/test-dir/MiniOzoneClusterImpl-71486f19-fdcc-4ccd-ad00-df52007dc384/datanode-3/data/ratis] (custom)
2019-07-30 20:52:38,288 INFO  server.RaftServerConfigKeys (ConfUtils.java:logGet(43)) - raft.server.log.appender.install.snapshot.enabled = false (custom)
2019-07-30 20:52:38,288 INFO  impl.RaftServerImpl (ServerState.java:<init>(105)) - 2df62944-4aab-4ff8-9d56-5ee181333552:group-6ABAB39D0A7D ConfigurationManager, init=-1: [6ab7926d-3f9b-4c64-ab37-9be39e927c33:192.168.69.110:40921, a3c235ca-8d39-45c7-8076-b2072c1120df:192.168.69.110:33767, 2df62944-4aab-4ff8-9d56-5ee181333552:192.168.69.110:36786], old=null, confs=<EMPTY_MAP>
2019-07-30 20:52:38,288 INFO  storage.RaftStorageDirectory (RaftStorageDirectory.java:analyzeStorage(246)) - The storage directory /workdir/hadoop-ozone/integration-test/target/test-dir/MiniOzoneClusterImpl-71486f19-fdcc-4ccd-ad00-df52007dc384/datanode-3/data/ratis/44532282-5cab-430e-87d3-6abab39d0a7d does not exist. Creating ...
2019-07-30 20:52:38,288 INFO  server.RaftServerConfigKeys (ConfUtils.java:logGet(43)) - raft.server.storage.dir = [/workdir/hadoop-ozone/integration-test/target/test-dir/MiniOzoneClusterImpl-71486f19-fdcc-4ccd-ad00-df52007dc384/datanode-4/data/ratis] (custom)
2019-07-30 20:52:38,288 INFO  storage.RaftStorageDirectory (RaftStorageDirectory.java:analyzeStorage(246)) - The storage directory /workdir/hadoop-ozone/integration-test/target/test-dir/MiniOzoneClusterImpl-71486f19-fdcc-4ccd-ad00-df52007dc384/datanode-4/data/ratis/44532282-5cab-430e-87d3-6abab39d0a7d does not exist. Creating ...
2019-07-30 20:52:38,301 INFO  storage.RaftStorageDirectory (RaftStorageDirectory.java:tryLock(328)) - Lock on /workdir/hadoop-ozone/integration-test/target/test-dir/MiniOzoneClusterImpl-71486f19-fdcc-4ccd-ad00-df52007dc384/datanode-1/data/ratis/44532282-5cab-430e-87d3-6abab39d0a7d/in_use.lock acquired by nodename 29665@byscane-nightly-zbvcj-1516659162
2019-07-30 20:52:38,301 INFO  storage.RaftStorageDirectory (RaftStorageDirectory.java:tryLock(328)) - Lock on /workdir/hadoop-ozone/integration-test/target/test-dir/MiniOzoneClusterImpl-71486f19-fdcc-4ccd-ad00-df52007dc384/datanode-4/data/ratis/44532282-5cab-430e-87d3-6abab39d0a7d/in_use.lock acquired by nodename 29665@byscane-nightly-zbvcj-1516659162
2019-07-30 20:52:38,301 INFO  storage.RaftStorageDirectory (RaftStorageDirectory.java:tryLock(328)) - Lock on /workdir/hadoop-ozone/integration-test/target/test-dir/MiniOzoneClusterImpl-71486f19-fdcc-4ccd-ad00-df52007dc384/datanode-3/data/ratis/44532282-5cab-430e-87d3-6abab39d0a7d/in_use.lock acquired by nodename 29665@byscane-nightly-zbvcj-1516659162
2019-07-30 20:52:38,315 INFO  storage.RaftStorage (RaftStorage.java:format(72)) - Storage directory /workdir/hadoop-ozone/integration-test/target/test-dir/MiniOzoneClusterImpl-71486f19-fdcc-4ccd-ad00-df52007dc384/datanode-1/data/ratis/44532282-5cab-430e-87d3-6abab39d0a7d has been successfully formatted.
2019-07-30 20:52:38,315 INFO  storage.RaftStorage (RaftStorage.java:format(72)) - Storage directory /workdir/hadoop-ozone/integration-test/target/test-dir/MiniOzoneClusterImpl-71486f19-fdcc-4ccd-ad00-df52007dc384/datanode-3/data/ratis/44532282-5cab-430e-87d3-6abab39d0a7d has been successfully formatted.
2019-07-30 20:52:38,315 INFO  storage.RaftStorage (RaftStorage.java:format(72)) - Storage directory /workdir/hadoop-ozone/integration-test/target/test-dir/MiniOzoneClusterImpl-71486f19-fdcc-4ccd-ad00-df52007dc384/datanode-4/data/ratis/44532282-5cab-430e-87d3-6abab39d0a7d has been successfully formatted.
2019-07-30 20:52:38,315 INFO  ratis.ContainerStateMachine (ContainerStateMachine.java:loadSnapshot(213)) - group-6ABAB39D0A7D: The snapshot info is null. Setting the last applied indexto:(t:0, i:~)
2019-07-30 20:52:38,315 INFO  ratis.ContainerStateMachine (ContainerStateMachine.java:loadSnapshot(213)) - group-6ABAB39D0A7D: The snapshot info is null. Setting the last applied indexto:(t:0, i:~)
2019-07-30 20:52:38,315 INFO  ratis.ContainerStateMachine (ContainerStateMachine.java:loadSnapshot(213)) - group-6ABAB39D0A7D: The snapshot info is null. Setting the last applied indexto:(t:0, i:~)
2019-07-30 20:52:38,316 INFO  server.RaftServerConfigKeys (ConfUtils.java:logGet(43)) - raft.server.leader.election.timeout = 120s (custom)
2019-07-30 20:52:38,315 INFO  server.RaftServerConfigKeys (ConfUtils.java:logGet(43)) - raft.server.leader.election.timeout = 120s (custom)
2019-07-30 20:52:38,316 INFO  server.RaftServerConfigKeys (ConfUtils.java:logGet(43)) - raft.server.log.use.memory = false (default)
2019-07-30 20:52:38,316 INFO  server.RaftServerConfigKeys (ConfUtils.java:logGet(43)) - raft.server.leader.election.timeout = 120s (custom)
2019-07-30 20:52:38,316 INFO  server.RaftServerConfigKeys (ConfUtils.java:logGet(43)) - raft.server.log.purge.gap = 1000000000 (custom)
2019-07-30 20:52:38,316 INFO  server.RaftServerConfigKeys (ConfUtils.java:logGet(43)) - raft.server.log.use.memory = false (default)
2019-07-30 20:52:38,316 INFO  server.RaftServerConfigKeys (ConfUtils.java:logGet(43)) - raft.server.log.appender.buffer.byte-limit = 33554432 (custom)
2019-07-30 20:52:38,316 INFO  server.RaftServerConfigKeys (ConfUtils.java:logGet(43)) - raft.server.log.use.memory = false (default)
2019-07-30 20:52:38,317 INFO  server.RaftServerConfigKeys (ConfUtils.java:logGet(43)) - raft.server.log.segment.size.max = 1048576 (custom)
2019-07-30 20:52:38,316 INFO  server.RaftServerConfigKeys (ConfUtils.java:logGet(43)) - raft.server.log.purge.gap = 1000000000 (custom)
2019-07-30 20:52:38,317 INFO  server.RaftServerConfigKeys (ConfUtils.java:logGet(43)) - raft.server.log.segment.cache.num.max = 2 (custom)
2019-07-30 20:52:38,317 INFO  server.RaftServerConfigKeys (ConfUtils.java:logGet(43)) - raft.server.log.purge.gap = 1000000000 (custom)
2019-07-30 20:52:38,317 INFO  segmented.SegmentedRaftLogWorker (SegmentedRaftLogWorker.java:<init>(172)) - new a3c235ca-8d39-45c7-8076-b2072c1120df-SegmentedRaftLogWorker:Storage Directory /workdir/hadoop-ozone/integration-test/target/test-dir/MiniOzoneClusterImpl-71486f19-fdcc-4ccd-ad00-df52007dc384/datanode-3/data/ratis/44532282-5cab-430e-87d3-6abab39d0a7d for RaftStorage:Storage Directory /workdir/hadoop-ozone/integration-test/target/test-dir/MiniOzoneClusterImpl-71486f19-fdcc-4ccd-ad00-df52007dc384/datanode-3/data/ratis/44532282-5cab-430e-87d3-6abab39d0a7d
2019-07-30 20:52:38,317 INFO  server.RaftServerConfigKeys (ConfUtils.java:logGet(43)) - raft.server.log.appender.buffer.byte-limit = 33554432 (custom)
2019-07-30 20:52:38,317 INFO  server.RaftServerConfigKeys (ConfUtils.java:logGet(43)) - raft.server.log.appender.buffer.byte-limit = 33554432 (custom)
2019-07-30 20:52:38,318 INFO  server.RaftServerConfigKeys (ConfUtils.java:logGet(43)) - raft.server.log.segment.size.max = 1048576 (custom)
2019-07-30 20:52:38,317 INFO  server.RaftServerConfigKeys (ConfUtils.java:logGet(43)) - raft.server.log.queue.byte-limit = 2147483647 (custom)
2019-07-30 20:52:38,319 INFO  server.RaftServerConfigKeys (ConfUtils.java:logGet(43)) - raft.server.log.segment.cache.num.max = 2 (custom)
2019-07-30 20:52:38,319 INFO  server.RaftServerConfigKeys (ConfUtils.java:logGet(43)) - raft.server.log.segment.size.max = 1048576 (custom)
2019-07-30 20:52:38,319 INFO  segmented.SegmentedRaftLogWorker (SegmentedRaftLogWorker.java:<init>(172)) - new 6ab7926d-3f9b-4c64-ab37-9be39e927c33-SegmentedRaftLogWorker:Storage Directory /workdir/hadoop-ozone/integration-test/target/test-dir/MiniOzoneClusterImpl-71486f19-fdcc-4ccd-ad00-df52007dc384/datanode-1/data/ratis/44532282-5cab-430e-87d3-6abab39d0a7d for RaftStorage:Storage Directory /workdir/hadoop-ozone/integration-test/target/test-dir/MiniOzoneClusterImpl-71486f19-fdcc-4ccd-ad00-df52007dc384/datanode-1/data/ratis/44532282-5cab-430e-87d3-6abab39d0a7d
2019-07-30 20:52:38,319 INFO  server.RaftServerConfigKeys (ConfUtils.java:logGet(43)) - raft.server.log.queue.element-limit = 1024 (custom)
2019-07-30 20:52:38,319 INFO  server.RaftServerConfigKeys (ConfUtils.java:logGet(43)) - raft.server.log.queue.byte-limit = 2147483647 (custom)
2019-07-30 20:52:38,319 INFO  server.RaftServerConfigKeys (ConfUtils.java:logGet(43)) - raft.server.log.segment.cache.num.max = 2 (custom)
2019-07-30 20:52:38,320 INFO  server.RaftServerConfigKeys (ConfUtils.java:logGet(43)) - raft.server.log.queue.element-limit = 1024 (custom)
2019-07-30 20:52:38,320 INFO  server.RaftServerConfigKeys (ConfUtils.java:logGet(43)) - raft.server.log.segment.size.max = 1048576 (custom)
2019-07-30 20:52:38,321 INFO  server.RaftServerConfigKeys (ConfUtils.java:logGet(43)) - raft.server.log.segment.size.max = 1048576 (custom)
2019-07-30 20:52:38,320 INFO  segmented.SegmentedRaftLogWorker (SegmentedRaftLogWorker.java:<init>(172)) - new 2df62944-4aab-4ff8-9d56-5ee181333552-SegmentedRaftLogWorker:Storage Directory /workdir/hadoop-ozone/integration-test/target/test-dir/MiniOzoneClusterImpl-71486f19-fdcc-4ccd-ad00-df52007dc384/datanode-4/data/ratis/44532282-5cab-430e-87d3-6abab39d0a7d for RaftStorage:Storage Directory /workdir/hadoop-ozone/integration-test/target/test-dir/MiniOzoneClusterImpl-71486f19-fdcc-4ccd-ad00-df52007dc384/datanode-4/data/ratis/44532282-5cab-430e-87d3-6abab39d0a7d
2019-07-30 20:52:38,321 INFO  server.RaftServerConfigKeys (ConfUtils.java:logGet(43)) - raft.server.log.preallocated.size = 16384 (custom)
2019-07-30 20:52:38,321 INFO  server.RaftServerConfigKeys (ConfUtils.java:logGet(43)) - raft.server.log.preallocated.size = 16384 (custom)
2019-07-30 20:52:38,322 INFO  server.RaftServerConfigKeys (ConfUtils.java:logGet(43)) - raft.server.log.write.buffer.size = 33554432 (custom)
2019-07-30 20:52:38,321 INFO  server.RaftServerConfigKeys (ConfUtils.java:logGet(43)) - raft.server.log.queue.byte-limit = 2147483647 (custom)
2019-07-30 20:52:38,322 INFO  server.RaftServerConfigKeys (ConfUtils.java:logGet(43)) - raft.server.log.force.sync.num = 128 (default)
2019-07-30 20:52:38,322 INFO  server.RaftServerConfigKeys (ConfUtils.java:logGet(43)) - raft.server.log.write.buffer.size = 33554432 (custom)
2019-07-30 20:52:38,322 INFO  server.RaftServerConfigKeys (ConfUtils.java:logGet(43)) - raft.server.log.statemachine.data.sync = true (default)
2019-07-30 20:52:38,322 INFO  server.RaftServerConfigKeys (ConfUtils.java:logGet(43)) - raft.server.log.queue.element-limit = 1024 (custom)
2019-07-30 20:52:38,323 INFO  server.RaftServerConfigKeys (ConfUtils.java:logGet(43)) - raft.server.log.statemachine.data.sync.timeout = 10s (default)
2019-07-30 20:52:38,322 INFO  server.RaftServerConfigKeys (ConfUtils.java:logGet(43)) - raft.server.log.force.sync.num = 128 (default)
2019-07-30 20:52:38,323 INFO  server.RaftServerConfigKeys (ConfUtils.java:logGet(43)) - raft.server.log.statemachine.data.sync.timeout.retry = -1 (default)
2019-07-30 20:52:38,323 INFO  server.RaftServerConfigKeys (ConfUtils.java:logGet(43)) - raft.server.log.segment.size.max = 1048576 (custom)
2019-07-30 20:52:38,323 INFO  server.RaftServerConfigKeys (ConfUtils.java:logGet(43)) - raft.server.log.statemachine.data.caching.enabled = true (custom)
2019-07-30 20:52:38,323 INFO  server.RaftServerConfigKeys (ConfUtils.java:logGet(43)) - raft.server.log.statemachine.data.sync = true (default)
2019-07-30 20:52:38,323 INFO  server.RaftServerConfigKeys (ConfUtils.java:logGet(43)) - raft.server.log.preallocated.size = 16384 (custom)
2019-07-30 20:52:38,323 INFO  segmented.SegmentedRaftLogWorker (SegmentedRaftLogWorker.java:lambda$new$0(132)) - 6ab7926d-3f9b-4c64-ab37-9be39e927c33-SegmentedRaftLogWorker:Storage Directory /workdir/hadoop-ozone/integration-test/target/test-dir/MiniOzoneClusterImpl-71486f19-fdcc-4ccd-ad00-df52007dc384/datanode-1/data/ratis/44532282-5cab-430e-87d3-6abab39d0a7d: flushIndex: setUnconditionally 0 -> -1
2019-07-30 20:52:38,323 INFO  server.RaftServerConfigKeys (ConfUtils.java:logGet(43)) - raft.server.log.statemachine.data.sync.timeout = 10s (default)
2019-07-30 20:52:38,323 INFO  server.RaftServerConfigKeys (ConfUtils.java:logGet(43)) - raft.server.log.write.buffer.size = 33554432 (custom)
2019-07-30 20:52:38,324 INFO  server.RaftServerConfigKeys (ConfUtils.java:logGet(43)) - raft.server.snapshot.auto.trigger.enabled = true (custom)
2019-07-30 20:52:38,324 INFO  server.RaftServerConfigKeys (ConfUtils.java:logGet(43)) - raft.server.log.statemachine.data.sync.timeout.retry = -1 (default)
2019-07-30 20:52:38,324 INFO  server.RaftServerConfigKeys (ConfUtils.java:logGet(43)) - raft.server.snapshot.auto.trigger.threshold = 10000 (custom)
2019-07-30 20:52:38,324 INFO  server.RaftServerConfigKeys (ConfUtils.java:logGet(43)) - raft.server.log.force.sync.num = 128 (default)
2019-07-30 20:52:38,324 INFO  server.RaftServerConfigKeys (ConfUtils.java:logGet(43)) - raft.server.log.statemachine.data.caching.enabled = true (custom)
2019-07-30 20:52:38,324 INFO  server.RaftServerConfigKeys (ConfUtils.java:logGet(43)) - raft.server.log.statemachine.data.sync = true (default)
2019-07-30 20:52:38,324 INFO  server.RaftServerConfigKeys (ConfUtils.java:logGet(43)) - raft.server.retrycache.expirytime = 600000ms (custom)
2019-07-30 20:52:38,325 INFO  segmented.SegmentedRaftLogWorker (SegmentedRaftLogWorker.java:lambda$new$0(132)) - a3c235ca-8d39-45c7-8076-b2072c1120df-SegmentedRaftLogWorker:Storage Directory /workdir/hadoop-ozone/integration-test/target/test-dir/MiniOzoneClusterImpl-71486f19-fdcc-4ccd-ad00-df52007dc384/datanode-3/data/ratis/44532282-5cab-430e-87d3-6abab39d0a7d: flushIndex: setUnconditionally 0 -> -1
2019-07-30 20:52:38,325 INFO  impl.RaftServerImpl (RaftServerImpl.java:start(180)) - 6ab7926d-3f9b-4c64-ab37-9be39e927c33: start group-6ABAB39D0A7D
2019-07-30 20:52:38,324 INFO  server.RaftServerConfigKeys (ConfUtils.java:logGet(43)) - raft.server.log.statemachine.data.sync.timeout = 10s (default)
2019-07-30 20:52:38,325 INFO  impl.RaftServerImpl (RaftServerImpl.java:setRole(171)) - 6ab7926d-3f9b-4c64-ab37-9be39e927c33:group-6ABAB39D0A7D changes role from null to FOLLOWER at term 0 for startAsFollower
2019-07-30 20:52:38,325 INFO  server.RaftServerConfigKeys (ConfUtils.java:logGet(43)) - raft.server.snapshot.auto.trigger.enabled = true (custom)
2019-07-30 20:52:38,325 INFO  impl.RoleInfo (RoleInfo.java:updateAndGet(143)) - 6ab7926d-3f9b-4c64-ab37-9be39e927c33: start FollowerState
2019-07-30 20:52:38,325 INFO  server.RaftServerConfigKeys (ConfUtils.java:logGet(43)) - raft.server.log.statemachine.data.sync.timeout.retry = -1 (default)
2019-07-30 20:52:38,325 INFO  server.RaftServerConfigKeys (ConfUtils.java:logGet(43)) - raft.server.snapshot.auto.trigger.threshold = 10000 (custom)
2019-07-30 20:52:38,325 INFO  server.RaftServerConfigKeys (ConfUtils.java:logGet(43)) - raft.server.log.statemachine.data.caching.enabled = true (custom)
2019-07-30 20:52:38,325 INFO  server.RaftServerConfigKeys (ConfUtils.java:logGet(43)) - raft.server.retrycache.expirytime = 600000ms (custom)
2019-07-30 20:52:38,325 INFO  util.JmxRegister (JmxRegister.java:tryRegister(44)) - Successfully registered JMX Bean with object name Ratis:service=RaftServer,group=group-6ABAB39D0A7D,id=6ab7926d-3f9b-4c64-ab37-9be39e927c33
2019-07-30 20:52:38,326 INFO  impl.RaftServerImpl (RaftServerImpl.java:start(180)) - a3c235ca-8d39-45c7-8076-b2072c1120df: start group-6ABAB39D0A7D
2019-07-30 20:52:38,326 INFO  segmented.SegmentedRaftLogWorker (SegmentedRaftLogWorker.java:lambda$new$0(132)) - 2df62944-4aab-4ff8-9d56-5ee181333552-SegmentedRaftLogWorker:Storage Directory /workdir/hadoop-ozone/integration-test/target/test-dir/MiniOzoneClusterImpl-71486f19-fdcc-4ccd-ad00-df52007dc384/datanode-4/data/ratis/44532282-5cab-430e-87d3-6abab39d0a7d: flushIndex: setUnconditionally 0 -> -1
2019-07-30 20:52:38,326 INFO  impl.RaftServerImpl (RaftServerImpl.java:setRole(171)) - a3c235ca-8d39-45c7-8076-b2072c1120df:group-6ABAB39D0A7D changes role from null to FOLLOWER at term 0 for startAsFollower
2019-07-30 20:52:38,326 INFO  server.RaftServerConfigKeys (ConfUtils.java:logGet(43)) - raft.server.snapshot.auto.trigger.enabled = true (custom)
2019-07-30 20:52:38,326 INFO  impl.RoleInfo (RoleInfo.java:updateAndGet(143)) - a3c235ca-8d39-45c7-8076-b2072c1120df: start FollowerState
2019-07-30 20:52:38,326 INFO  server.RaftServerConfigKeys (ConfUtils.java:logGet(43)) - raft.server.snapshot.auto.trigger.threshold = 10000 (custom)
2019-07-30 20:52:38,326 INFO  server.RaftServerConfigKeys (ConfUtils.java:logGet(43)) - raft.server.retrycache.expirytime = 600000ms (custom)
2019-07-30 20:52:38,327 INFO  util.JmxRegister (JmxRegister.java:tryRegister(44)) - Successfully registered JMX Bean with object name Ratis:service=RaftServer,group=group-6ABAB39D0A7D,id=a3c235ca-8d39-45c7-8076-b2072c1120df
2019-07-30 20:52:38,327 INFO  impl.RaftServerImpl (RaftServerImpl.java:start(180)) - 2df62944-4aab-4ff8-9d56-5ee181333552: start group-6ABAB39D0A7D
2019-07-30 20:52:38,328 INFO  impl.RaftServerImpl (RaftServerImpl.java:setRole(171)) - 2df62944-4aab-4ff8-9d56-5ee181333552:group-6ABAB39D0A7D changes role from null to FOLLOWER at term 0 for startAsFollower
2019-07-30 20:52:38,328 INFO  impl.RoleInfo (RoleInfo.java:updateAndGet(143)) - 2df62944-4aab-4ff8-9d56-5ee181333552: start FollowerState
2019-07-30 20:52:38,328 INFO  util.JmxRegister (JmxRegister.java:tryRegister(44)) - Successfully registered JMX Bean with object name Ratis:service=RaftServer,group=group-6ABAB39D0A7D,id=2df62944-4aab-4ff8-9d56-5ee181333552
2019-07-30 20:52:38,348 INFO  pipeline.PipelineStateManager (PipelineStateManager.java:addPipeline(56)) - Created pipeline Pipeline[ Id: 44532282-5cab-430e-87d3-6abab39d0a7d, Nodes: 6ab7926d-3f9b-4c64-ab37-9be39e927c33{ip: 192.168.69.110, host: byscane-nightly-zbvcj-1516659162, networkLocation: /default-rack, certSerialId: null}2df62944-4aab-4ff8-9d56-5ee181333552{ip: 192.168.69.110, host: byscane-nightly-zbvcj-1516659162, networkLocation: /default-rack, certSerialId: null}a3c235ca-8d39-45c7-8076-b2072c1120df{ip: 192.168.69.110, host: byscane-nightly-zbvcj-1516659162, networkLocation: /default-rack, certSerialId: null}, Type:RATIS, Factor:THREE, State:OPEN]
2019-07-30 20:52:38,365 INFO  impl.RaftServerProxy (RaftServerProxy.java:addNew(89)) - ac6515ab-7f57-4be9-890d-e6c3f39530d6: addNew group-5704C879B952:[99fe9e29-c4ea-4845-bab8-1c47d07b3122:192.168.69.110:35477, ac6515ab-7f57-4be9-890d-e6c3f39530d6:192.168.69.110:33100, 9c2f1846-7b39-4e2e-8d6b-c7bc4b1d2c98:192.168.69.110:45394] returns group-5704C879B952:java.util.concurrent.CompletableFuture@1790b562[Not completed]
2019-07-30 20:52:38,366 INFO  impl.RaftServerImpl (RaftServerImpl.java:<init>(93)) - ac6515ab-7f57-4be9-890d-e6c3f39530d6: new RaftServerImpl for group-5704C879B952:[99fe9e29-c4ea-4845-bab8-1c47d07b3122:192.168.69.110:35477, ac6515ab-7f57-4be9-890d-e6c3f39530d6:192.168.69.110:33100, 9c2f1846-7b39-4e2e-8d6b-c7bc4b1d2c98:192.168.69.110:45394] with ContainerStateMachine:uninitialized
2019-07-30 20:52:38,367 INFO  server.RaftServerConfigKeys (ConfUtils.java:logGet(43)) - raft.server.rpc.timeout.min = 5s (custom)
2019-07-30 20:52:38,368 INFO  server.RaftServerConfigKeys (ConfUtils.java:logGet(43)) - raft.server.rpc.timeout.max = 5200ms (custom)
2019-07-30 20:52:38,368 INFO  server.RaftServerConfigKeys (ConfUtils.java:logGet(43)) - raft.server.rpcslowness.timeout = 120s (custom)
2019-07-30 20:52:38,368 INFO  server.RaftServerConfigKeys (ConfUtils.java:logGet(43)) - raft.server.sleep.deviation.threshold = 300 (default)
2019-07-30 20:52:38,368 INFO  server.RaftServerConfigKeys (ConfUtils.java:logGet(43)) - raft.server.log.appender.install.snapshot.enabled = false (custom)
2019-07-30 20:52:38,368 INFO  impl.RaftServerImpl (ServerState.java:<init>(105)) - ac6515ab-7f57-4be9-890d-e6c3f39530d6:group-5704C879B952 ConfigurationManager, init=-1: [99fe9e29-c4ea-4845-bab8-1c47d07b3122:192.168.69.110:35477, ac6515ab-7f57-4be9-890d-e6c3f39530d6:192.168.69.110:33100, 9c2f1846-7b39-4e2e-8d6b-c7bc4b1d2c98:192.168.69.110:45394], old=null, confs=<EMPTY_MAP>
2019-07-30 20:52:38,369 INFO  server.RaftServerConfigKeys (ConfUtils.java:logGet(43)) - raft.server.storage.dir = [/workdir/hadoop-ozone/integration-test/target/test-dir/MiniOzoneClusterImpl-71486f19-fdcc-4ccd-ad00-df52007dc384/datanode-5/data/ratis] (custom)
2019-07-30 20:52:38,369 INFO  storage.RaftStorageDirectory (RaftStorageDirectory.java:analyzeStorage(246)) - The storage directory /workdir/hadoop-ozone/integration-test/target/test-dir/MiniOzoneClusterImpl-71486f19-fdcc-4ccd-ad00-df52007dc384/datanode-5/data/ratis/c216730c-8591-42cc-bc7d-5704c879b952 does not exist. Creating ...
2019-07-30 20:52:38,370 INFO  impl.RaftServerProxy (RaftServerProxy.java:addNew(89)) - 99fe9e29-c4ea-4845-bab8-1c47d07b3122: addNew group-5704C879B952:[99fe9e29-c4ea-4845-bab8-1c47d07b3122:192.168.69.110:35477, ac6515ab-7f57-4be9-890d-e6c3f39530d6:192.168.69.110:33100, 9c2f1846-7b39-4e2e-8d6b-c7bc4b1d2c98:192.168.69.110:45394] returns group-5704C879B952:java.util.concurrent.CompletableFuture@7fd51a2d[Not completed]
2019-07-30 20:52:38,371 INFO  impl.RaftServerProxy (RaftServerProxy.java:addNew(89)) - 9c2f1846-7b39-4e2e-8d6b-c7bc4b1d2c98: addNew group-5704C879B952:[99fe9e29-c4ea-4845-bab8-1c47d07b3122:192.168.69.110:35477, ac6515ab-7f57-4be9-890d-e6c3f39530d6:192.168.69.110:33100, 9c2f1846-7b39-4e2e-8d6b-c7bc4b1d2c98:192.168.69.110:45394] returns group-5704C879B952:java.util.concurrent.CompletableFuture@1324dd66[Not completed]
2019-07-30 20:52:38,371 INFO  impl.RaftServerImpl (RaftServerImpl.java:<init>(93)) - 99fe9e29-c4ea-4845-bab8-1c47d07b3122: new RaftServerImpl for group-5704C879B952:[99fe9e29-c4ea-4845-bab8-1c47d07b3122:192.168.69.110:35477, ac6515ab-7f57-4be9-890d-e6c3f39530d6:192.168.69.110:33100, 9c2f1846-7b39-4e2e-8d6b-c7bc4b1d2c98:192.168.69.110:45394] with ContainerStateMachine:uninitialized
2019-07-30 20:52:38,371 INFO  server.RaftServerConfigKeys (ConfUtils.java:logGet(43)) - raft.server.rpc.timeout.min = 5s (custom)
2019-07-30 20:52:38,371 INFO  server.RaftServerConfigKeys (ConfUtils.java:logGet(43)) - raft.server.rpc.timeout.max = 5200ms (custom)
2019-07-30 20:52:38,371 INFO  server.RaftServerConfigKeys (ConfUtils.java:logGet(43)) - raft.server.rpcslowness.timeout = 120s (custom)
2019-07-30 20:52:38,372 INFO  server.RaftServerConfigKeys (ConfUtils.java:logGet(43)) - raft.server.sleep.deviation.threshold = 300 (default)
2019-07-30 20:52:38,372 INFO  server.RaftServerConfigKeys (ConfUtils.java:logGet(43)) - raft.server.log.appender.install.snapshot.enabled = false (custom)
2019-07-30 20:52:38,372 INFO  impl.RaftServerImpl (ServerState.java:<init>(105)) - 99fe9e29-c4ea-4845-bab8-1c47d07b3122:group-5704C879B952 ConfigurationManager, init=-1: [99fe9e29-c4ea-4845-bab8-1c47d07b3122:192.168.69.110:35477, ac6515ab-7f57-4be9-890d-e6c3f39530d6:192.168.69.110:33100, 9c2f1846-7b39-4e2e-8d6b-c7bc4b1d2c98:192.168.69.110:45394], old=null, confs=<EMPTY_MAP>
2019-07-30 20:52:38,372 INFO  server.RaftServerConfigKeys (ConfUtils.java:logGet(43)) - raft.server.storage.dir = [/workdir/hadoop-ozone/integration-test/target/test-dir/MiniOzoneClusterImpl-71486f19-fdcc-4ccd-ad00-df52007dc384/datanode-2/data/ratis] (custom)
2019-07-30 20:52:38,372 INFO  impl.RaftServerImpl (RaftServerImpl.java:<init>(93)) - 9c2f1846-7b39-4e2e-8d6b-c7bc4b1d2c98: new RaftServerImpl for group-5704C879B952:[99fe9e29-c4ea-4845-bab8-1c47d07b3122:192.168.69.110:35477, ac6515ab-7f57-4be9-890d-e6c3f39530d6:192.168.69.110:33100, 9c2f1846-7b39-4e2e-8d6b-c7bc4b1d2c98:192.168.69.110:45394] with ContainerStateMachine:uninitialized
2019-07-30 20:52:38,372 INFO  server.RaftServerConfigKeys (ConfUtils.java:logGet(43)) - raft.server.rpc.timeout.min = 5s (custom)
2019-07-30 20:52:38,372 INFO  storage.RaftStorageDirectory (RaftStorageDirectory.java:analyzeStorage(246)) - The storage directory /workdir/hadoop-ozone/integration-test/target/test-dir/MiniOzoneClusterImpl-71486f19-fdcc-4ccd-ad00-df52007dc384/datanode-2/data/ratis/c216730c-8591-42cc-bc7d-5704c879b952 does not exist. Creating ...
2019-07-30 20:52:38,372 INFO  server.RaftServerConfigKeys (ConfUtils.java:logGet(43)) - raft.server.rpc.timeout.max = 5200ms (custom)
2019-07-30 20:52:38,372 INFO  server.RaftServerConfigKeys (ConfUtils.java:logGet(43)) - raft.server.rpcslowness.timeout = 120s (custom)
2019-07-30 20:52:38,373 INFO  server.RaftServerConfigKeys (ConfUtils.java:logGet(43)) - raft.server.sleep.deviation.threshold = 300 (default)
2019-07-30 20:52:38,373 INFO  server.RaftServerConfigKeys (ConfUtils.java:logGet(43)) - raft.server.log.appender.install.snapshot.enabled = false (custom)
2019-07-30 20:52:38,373 INFO  impl.RaftServerImpl (ServerState.java:<init>(105)) - 9c2f1846-7b39-4e2e-8d6b-c7bc4b1d2c98:group-5704C879B952 ConfigurationManager, init=-1: [99fe9e29-c4ea-4845-bab8-1c47d07b3122:192.168.69.110:35477, ac6515ab-7f57-4be9-890d-e6c3f39530d6:192.168.69.110:33100, 9c2f1846-7b39-4e2e-8d6b-c7bc4b1d2c98:192.168.69.110:45394], old=null, confs=<EMPTY_MAP>
2019-07-30 20:52:38,373 INFO  server.RaftServerConfigKeys (ConfUtils.java:logGet(43)) - raft.server.storage.dir = [/workdir/hadoop-ozone/integration-test/target/test-dir/MiniOzoneClusterImpl-71486f19-fdcc-4ccd-ad00-df52007dc384/datanode-0/data/ratis] (custom)
2019-07-30 20:52:38,373 INFO  storage.RaftStorageDirectory (RaftStorageDirectory.java:analyzeStorage(246)) - The storage directory /workdir/hadoop-ozone/integration-test/target/test-dir/MiniOzoneClusterImpl-71486f19-fdcc-4ccd-ad00-df52007dc384/datanode-0/data/ratis/c216730c-8591-42cc-bc7d-5704c879b952 does not exist. Creating ...
2019-07-30 20:52:38,384 INFO  storage.RaftStorageDirectory (RaftStorageDirectory.java:tryLock(328)) - Lock on /workdir/hadoop-ozone/integration-test/target/test-dir/MiniOzoneClusterImpl-71486f19-fdcc-4ccd-ad00-df52007dc384/datanode-2/data/ratis/c216730c-8591-42cc-bc7d-5704c879b952/in_use.lock acquired by nodename 29665@byscane-nightly-zbvcj-1516659162
2019-07-30 20:52:38,384 INFO  storage.RaftStorageDirectory (RaftStorageDirectory.java:tryLock(328)) - Lock on /workdir/hadoop-ozone/integration-test/target/test-dir/MiniOzoneClusterImpl-71486f19-fdcc-4ccd-ad00-df52007dc384/datanode-0/data/ratis/c216730c-8591-42cc-bc7d-5704c879b952/in_use.lock acquired by nodename 29665@byscane-nightly-zbvcj-1516659162
2019-07-30 20:52:38,384 INFO  storage.RaftStorageDirectory (RaftStorageDirectory.java:tryLock(328)) - Lock on /workdir/hadoop-ozone/integration-test/target/test-dir/MiniOzoneClusterImpl-71486f19-fdcc-4ccd-ad00-df52007dc384/datanode-5/data/ratis/c216730c-8591-42cc-bc7d-5704c879b952/in_use.lock acquired by nodename 29665@byscane-nightly-zbvcj-1516659162
2019-07-30 20:52:38,397 INFO  storage.RaftStorage (RaftStorage.java:format(72)) - Storage directory /workdir/hadoop-ozone/integration-test/target/test-dir/MiniOzoneClusterImpl-71486f19-fdcc-4ccd-ad00-df52007dc384/datanode-2/data/ratis/c216730c-8591-42cc-bc7d-5704c879b952 has been successfully formatted.
2019-07-30 20:52:38,397 INFO  storage.RaftStorage (RaftStorage.java:format(72)) - Storage directory /workdir/hadoop-ozone/integration-test/target/test-dir/MiniOzoneClusterImpl-71486f19-fdcc-4ccd-ad00-df52007dc384/datanode-0/data/ratis/c216730c-8591-42cc-bc7d-5704c879b952 has been successfully formatted.
2019-07-30 20:52:38,397 INFO  storage.RaftStorage (RaftStorage.java:format(72)) - Storage directory /workdir/hadoop-ozone/integration-test/target/test-dir/MiniOzoneClusterImpl-71486f19-fdcc-4ccd-ad00-df52007dc384/datanode-5/data/ratis/c216730c-8591-42cc-bc7d-5704c879b952 has been successfully formatted.
2019-07-30 20:52:38,398 INFO  ratis.ContainerStateMachine (ContainerStateMachine.java:loadSnapshot(213)) - group-5704C879B952: The snapshot info is null. Setting the last applied indexto:(t:0, i:~)
2019-07-30 20:52:38,398 INFO  ratis.ContainerStateMachine (ContainerStateMachine.java:loadSnapshot(213)) - group-5704C879B952: The snapshot info is null. Setting the last applied indexto:(t:0, i:~)
2019-07-30 20:52:38,397 INFO  ratis.ContainerStateMachine (ContainerStateMachine.java:loadSnapshot(213)) - group-5704C879B952: The snapshot info is null. Setting the last applied indexto:(t:0, i:~)
2019-07-30 20:52:38,398 INFO  server.RaftServerConfigKeys (ConfUtils.java:logGet(43)) - raft.server.leader.election.timeout = 120s (custom)
2019-07-30 20:52:38,398 INFO  server.RaftServerConfigKeys (ConfUtils.java:logGet(43)) - raft.server.leader.election.timeout = 120s (custom)
2019-07-30 20:52:38,398 INFO  server.RaftServerConfigKeys (ConfUtils.java:logGet(43)) - raft.server.log.use.memory = false (default)
2019-07-30 20:52:38,398 INFO  server.RaftServerConfigKeys (ConfUtils.java:logGet(43)) - raft.server.leader.election.timeout = 120s (custom)
2019-07-30 20:52:38,399 INFO  server.RaftServerConfigKeys (ConfUtils.java:logGet(43)) - raft.server.log.purge.gap = 1000000000 (custom)
2019-07-30 20:52:38,398 INFO  server.RaftServerConfigKeys (ConfUtils.java:logGet(43)) - raft.server.log.use.memory = false (default)
2019-07-30 20:52:38,399 INFO  server.RaftServerConfigKeys (ConfUtils.java:logGet(43)) - raft.server.log.appender.buffer.byte-limit = 33554432 (custom)
2019-07-30 20:52:38,399 INFO  server.RaftServerConfigKeys (ConfUtils.java:logGet(43)) - raft.server.log.use.memory = false (default)
2019-07-30 20:52:38,399 INFO  server.RaftServerConfigKeys (ConfUtils.java:logGet(43)) - raft.server.log.segment.size.max = 1048576 (custom)
2019-07-30 20:52:38,399 INFO  server.RaftServerConfigKeys (ConfUtils.java:logGet(43)) - raft.server.log.purge.gap = 1000000000 (custom)
2019-07-30 20:52:38,399 INFO  server.RaftServerConfigKeys (ConfUtils.java:logGet(43)) - raft.server.log.segment.cache.num.max = 2 (custom)
2019-07-30 20:52:38,399 INFO  server.RaftServerConfigKeys (ConfUtils.java:logGet(43)) - raft.server.log.purge.gap = 1000000000 (custom)
2019-07-30 20:52:38,400 INFO  segmented.SegmentedRaftLogWorker (SegmentedRaftLogWorker.java:<init>(172)) - new ac6515ab-7f57-4be9-890d-e6c3f39530d6-SegmentedRaftLogWorker:Storage Directory /workdir/hadoop-ozone/integration-test/target/test-dir/MiniOzoneClusterImpl-71486f19-fdcc-4ccd-ad00-df52007dc384/datanode-5/data/ratis/c216730c-8591-42cc-bc7d-5704c879b952 for RaftStorage:Storage Directory /workdir/hadoop-ozone/integration-test/target/test-dir/MiniOzoneClusterImpl-71486f19-fdcc-4ccd-ad00-df52007dc384/datanode-5/data/ratis/c216730c-8591-42cc-bc7d-5704c879b952
2019-07-30 20:52:38,400 INFO  server.RaftServerConfigKeys (ConfUtils.java:logGet(43)) - raft.server.log.appender.buffer.byte-limit = 33554432 (custom)
2019-07-30 20:52:38,400 INFO  server.RaftServerConfigKeys (ConfUtils.java:logGet(43)) - raft.server.log.queue.byte-limit = 2147483647 (custom)
2019-07-30 20:52:38,400 INFO  server.RaftServerConfigKeys (ConfUtils.java:logGet(43)) - raft.server.log.appender.buffer.byte-limit = 33554432 (custom)
2019-07-30 20:52:38,401 INFO  server.RaftServerConfigKeys (ConfUtils.java:logGet(43)) - raft.server.log.queue.element-limit = 1024 (custom)
2019-07-30 20:52:38,401 INFO  server.RaftServerConfigKeys (ConfUtils.java:logGet(43)) - raft.server.log.segment.size.max = 1048576 (custom)
2019-07-30 20:52:38,402 INFO  server.RaftServerConfigKeys (ConfUtils.java:logGet(43)) - raft.server.log.segment.size.max = 1048576 (custom)
2019-07-30 20:52:38,401 INFO  server.RaftServerConfigKeys (ConfUtils.java:logGet(43)) - raft.server.log.segment.size.max = 1048576 (custom)
2019-07-30 20:52:38,402 INFO  server.RaftServerConfigKeys (ConfUtils.java:logGet(43)) - raft.server.log.preallocated.size = 16384 (custom)
2019-07-30 20:52:38,402 INFO  server.RaftServerConfigKeys (ConfUtils.java:logGet(43)) - raft.server.log.segment.cache.num.max = 2 (custom)
2019-07-30 20:52:38,402 INFO  server.RaftServerConfigKeys (ConfUtils.java:logGet(43)) - raft.server.log.write.buffer.size = 33554432 (custom)
2019-07-30 20:52:38,402 INFO  server.RaftServerConfigKeys (ConfUtils.java:logGet(43)) - raft.server.log.segment.cache.num.max = 2 (custom)
2019-07-30 20:52:38,402 INFO  server.RaftServerConfigKeys (ConfUtils.java:logGet(43)) - raft.server.log.force.sync.num = 128 (default)
2019-07-30 20:52:38,403 INFO  server.RaftServerConfigKeys (ConfUtils.java:logGet(43)) - raft.server.log.statemachine.data.sync = true (default)
2019-07-30 20:52:38,402 INFO  segmented.SegmentedRaftLogWorker (SegmentedRaftLogWorker.java:<init>(172)) - new 9c2f1846-7b39-4e2e-8d6b-c7bc4b1d2c98-SegmentedRaftLogWorker:Storage Directory /workdir/hadoop-ozone/integration-test/target/test-dir/MiniOzoneClusterImpl-71486f19-fdcc-4ccd-ad00-df52007dc384/datanode-0/data/ratis/c216730c-8591-42cc-bc7d-5704c879b952 for RaftStorage:Storage Directory /workdir/hadoop-ozone/integration-test/target/test-dir/MiniOzoneClusterImpl-71486f19-fdcc-4ccd-ad00-df52007dc384/datanode-0/data/ratis/c216730c-8591-42cc-bc7d-5704c879b952
2019-07-30 20:52:38,403 INFO  server.RaftServerConfigKeys (ConfUtils.java:logGet(43)) - raft.server.log.statemachine.data.sync.timeout = 10s (default)
2019-07-30 20:52:38,402 INFO  segmented.SegmentedRaftLogWorker (SegmentedRaftLogWorker.java:<init>(172)) - new 99fe9e29-c4ea-4845-bab8-1c47d07b3122-SegmentedRaftLogWorker:Storage Directory /workdir/hadoop-ozone/integration-test/target/test-dir/MiniOzoneClusterImpl-71486f19-fdcc-4ccd-ad00-df52007dc384/datanode-2/data/ratis/c216730c-8591-42cc-bc7d-5704c879b952 for RaftStorage:Storage Directory /workdir/hadoop-ozone/integration-test/target/test-dir/MiniOzoneClusterImpl-71486f19-fdcc-4ccd-ad00-df52007dc384/datanode-2/data/ratis/c216730c-8591-42cc-bc7d-5704c879b952
2019-07-30 20:52:38,403 INFO  server.RaftServerConfigKeys (ConfUtils.java:logGet(43)) - raft.server.log.statemachine.data.sync.timeout.retry = -1 (default)
2019-07-30 20:52:38,403 INFO  server.RaftServerConfigKeys (ConfUtils.java:logGet(43)) - raft.server.log.queue.byte-limit = 2147483647 (custom)
2019-07-30 20:52:38,406 INFO  server.RaftServerConfigKeys (ConfUtils.java:logGet(43)) - raft.server.log.statemachine.data.caching.enabled = true (custom)
2019-07-30 20:52:38,405 INFO  server.RaftServerConfigKeys (ConfUtils.java:logGet(43)) - raft.server.log.queue.byte-limit = 2147483647 (custom)
2019-07-30 20:52:38,407 INFO  server.RaftServerConfigKeys (ConfUtils.java:logGet(43)) - raft.server.log.queue.element-limit = 1024 (custom)
2019-07-30 20:52:38,407 INFO  segmented.SegmentedRaftLogWorker (SegmentedRaftLogWorker.java:lambda$new$0(132)) - ac6515ab-7f57-4be9-890d-e6c3f39530d6-SegmentedRaftLogWorker:Storage Directory /workdir/hadoop-ozone/integration-test/target/test-dir/MiniOzoneClusterImpl-71486f19-fdcc-4ccd-ad00-df52007dc384/datanode-5/data/ratis/c216730c-8591-42cc-bc7d-5704c879b952: flushIndex: setUnconditionally 0 -> -1
2019-07-30 20:52:38,407 INFO  server.RaftServerConfigKeys (ConfUtils.java:logGet(43)) - raft.server.log.queue.element-limit = 1024 (custom)
2019-07-30 20:52:38,407 INFO  server.RaftServerConfigKeys (ConfUtils.java:logGet(43)) - raft.server.log.segment.size.max = 1048576 (custom)
2019-07-30 20:52:38,407 INFO  server.RaftServerConfigKeys (ConfUtils.java:logGet(43)) - raft.server.snapshot.auto.trigger.enabled = true (custom)
2019-07-30 20:52:38,407 INFO  server.RaftServerConfigKeys (ConfUtils.java:logGet(43)) - raft.server.log.segment.size.max = 1048576 (custom)
2019-07-30 20:52:38,408 INFO  server.RaftServerConfigKeys (ConfUtils.java:logGet(43)) - raft.server.snapshot.auto.trigger.threshold = 10000 (custom)
2019-07-30 20:52:38,407 INFO  server.RaftServerConfigKeys (ConfUtils.java:logGet(43)) - raft.server.log.preallocated.size = 16384 (custom)
2019-07-30 20:52:38,408 INFO  server.RaftServerConfigKeys (ConfUtils.java:logGet(43)) - raft.server.log.preallocated.size = 16384 (custom)
2019-07-30 20:52:38,408 INFO  server.RaftServerConfigKeys (ConfUtils.java:logGet(43)) - raft.server.log.write.buffer.size = 33554432 (custom)
2019-07-30 20:52:38,408 INFO  server.RaftServerConfigKeys (ConfUtils.java:logGet(43)) - raft.server.retrycache.expirytime = 600000ms (custom)
2019-07-30 20:52:38,408 INFO  server.RaftServerConfigKeys (ConfUtils.java:logGet(43)) - raft.server.log.force.sync.num = 128 (default)
2019-07-30 20:52:38,408 INFO  server.RaftServerConfigKeys (ConfUtils.java:logGet(43)) - raft.server.log.write.buffer.size = 33554432 (custom)
2019-07-30 20:52:38,409 INFO  server.RaftServerConfigKeys (ConfUtils.java:logGet(43)) - raft.server.log.statemachine.data.sync = true (default)
2019-07-30 20:52:38,408 INFO  impl.RaftServerImpl (RaftServerImpl.java:start(180)) - ac6515ab-7f57-4be9-890d-e6c3f39530d6: start group-5704C879B952
2019-07-30 20:52:38,409 INFO  server.RaftServerConfigKeys (ConfUtils.java:logGet(43)) - raft.server.log.statemachine.data.sync.timeout = 10s (default)
2019-07-30 20:52:38,409 INFO  server.RaftServerConfigKeys (ConfUtils.java:logGet(43)) - raft.server.log.force.sync.num = 128 (default)
2019-07-30 20:52:38,409 INFO  server.RaftServerConfigKeys (ConfUtils.java:logGet(43)) - raft.server.log.statemachine.data.sync.timeout.retry = -1 (default)
2019-07-30 20:52:38,409 INFO  impl.RaftServerImpl (RaftServerImpl.java:setRole(171)) - ac6515ab-7f57-4be9-890d-e6c3f39530d6:group-5704C879B952 changes role from null to FOLLOWER at term 0 for startAsFollower
2019-07-30 20:52:38,409 INFO  server.RaftServerConfigKeys (ConfUtils.java:logGet(43)) - raft.server.log.statemachine.data.caching.enabled = true (custom)
2019-07-30 20:52:38,409 INFO  server.RaftServerConfigKeys (ConfUtils.java:logGet(43)) - raft.server.log.statemachine.data.sync = true (default)
2019-07-30 20:52:38,410 INFO  impl.RoleInfo (RoleInfo.java:updateAndGet(143)) - ac6515ab-7f57-4be9-890d-e6c3f39530d6: start FollowerState
2019-07-30 20:52:38,410 INFO  segmented.SegmentedRaftLogWorker (SegmentedRaftLogWorker.java:lambda$new$0(132)) - 9c2f1846-7b39-4e2e-8d6b-c7bc4b1d2c98-SegmentedRaftLogWorker:Storage Directory /workdir/hadoop-ozone/integration-test/target/test-dir/MiniOzoneClusterImpl-71486f19-fdcc-4ccd-ad00-df52007dc384/datanode-0/data/ratis/c216730c-8591-42cc-bc7d-5704c879b952: flushIndex: setUnconditionally 0 -> -1
2019-07-30 20:52:38,410 INFO  server.RaftServerConfigKeys (ConfUtils.java:logGet(43)) - raft.server.log.statemachine.data.sync.timeout = 10s (default)
2019-07-30 20:52:38,410 INFO  server.RaftServerConfigKeys (ConfUtils.java:logGet(43)) - raft.server.log.statemachine.data.sync.timeout.retry = -1 (default)
2019-07-30 20:52:38,410 INFO  server.RaftServerConfigKeys (ConfUtils.java:logGet(43)) - raft.server.snapshot.auto.trigger.enabled = true (custom)
2019-07-30 20:52:38,410 INFO  util.JmxRegister (JmxRegister.java:tryRegister(44)) - Successfully registered JMX Bean with object name Ratis:service=RaftServer,group=group-5704C879B952,id=ac6515ab-7f57-4be9-890d-e6c3f39530d6
2019-07-30 20:52:38,411 INFO  server.RaftServerConfigKeys (ConfUtils.java:logGet(43)) - raft.server.snapshot.auto.trigger.threshold = 10000 (custom)
2019-07-30 20:52:38,410 INFO  server.RaftServerConfigKeys (ConfUtils.java:logGet(43)) - raft.server.log.statemachine.data.caching.enabled = true (custom)
2019-07-30 20:52:38,411 INFO  server.RaftServerConfigKeys (ConfUtils.java:logGet(43)) - raft.server.retrycache.expirytime = 600000ms (custom)
2019-07-30 20:52:38,411 INFO  segmented.SegmentedRaftLogWorker (SegmentedRaftLogWorker.java:lambda$new$0(132)) - 99fe9e29-c4ea-4845-bab8-1c47d07b3122-SegmentedRaftLogWorker:Storage Directory /workdir/hadoop-ozone/integration-test/target/test-dir/MiniOzoneClusterImpl-71486f19-fdcc-4ccd-ad00-df52007dc384/datanode-2/data/ratis/c216730c-8591-42cc-bc7d-5704c879b952: flushIndex: setUnconditionally 0 -> -1
2019-07-30 20:52:38,411 INFO  impl.RaftServerImpl (RaftServerImpl.java:start(180)) - 9c2f1846-7b39-4e2e-8d6b-c7bc4b1d2c98: start group-5704C879B952
2019-07-30 20:52:38,411 INFO  server.RaftServerConfigKeys (ConfUtils.java:logGet(43)) - raft.server.snapshot.auto.trigger.enabled = true (custom)
2019-07-30 20:52:38,411 INFO  impl.RaftServerImpl (RaftServerImpl.java:setRole(171)) - 9c2f1846-7b39-4e2e-8d6b-c7bc4b1d2c98:group-5704C879B952 changes role from null to FOLLOWER at term 0 for startAsFollower
2019-07-30 20:52:38,411 INFO  server.RaftServerConfigKeys (ConfUtils.java:logGet(43)) - raft.server.snapshot.auto.trigger.threshold = 10000 (custom)
2019-07-30 20:52:38,412 INFO  impl.RoleInfo (RoleInfo.java:updateAndGet(143)) - 9c2f1846-7b39-4e2e-8d6b-c7bc4b1d2c98: start FollowerState
2019-07-30 20:52:38,412 INFO  server.RaftServerConfigKeys (ConfUtils.java:logGet(43)) - raft.server.retrycache.expirytime = 600000ms (custom)
2019-07-30 20:52:38,413 INFO  impl.RaftServerImpl (RaftServerImpl.java:start(180)) - 99fe9e29-c4ea-4845-bab8-1c47d07b3122: start group-5704C879B952
2019-07-30 20:52:38,413 INFO  impl.RaftServerImpl (RaftServerImpl.java:setRole(171)) - 99fe9e29-c4ea-4845-bab8-1c47d07b3122:group-5704C879B952 changes role from null to FOLLOWER at term 0 for startAsFollower
2019-07-30 20:52:38,414 INFO  util.JmxRegister (JmxRegister.java:tryRegister(44)) - Successfully registered JMX Bean with object name Ratis:service=RaftServer,group=group-5704C879B952,id=9c2f1846-7b39-4e2e-8d6b-c7bc4b1d2c98
2019-07-30 20:52:38,414 INFO  impl.RoleInfo (RoleInfo.java:updateAndGet(143)) - 99fe9e29-c4ea-4845-bab8-1c47d07b3122: start FollowerState
2019-07-30 20:52:38,415 INFO  util.JmxRegister (JmxRegister.java:tryRegister(44)) - Successfully registered JMX Bean with object name Ratis:service=RaftServer,group=group-5704C879B952,id=99fe9e29-c4ea-4845-bab8-1c47d07b3122
2019-07-30 20:52:38,431 INFO  pipeline.PipelineStateManager (PipelineStateManager.java:addPipeline(56)) - Created pipeline Pipeline[ Id: c216730c-8591-42cc-bc7d-5704c879b952, Nodes: 9c2f1846-7b39-4e2e-8d6b-c7bc4b1d2c98{ip: 192.168.69.110, host: byscane-nightly-zbvcj-1516659162, networkLocation: /default-rack, certSerialId: null}ac6515ab-7f57-4be9-890d-e6c3f39530d6{ip: 192.168.69.110, host: byscane-nightly-zbvcj-1516659162, networkLocation: /default-rack, certSerialId: null}99fe9e29-c4ea-4845-bab8-1c47d07b3122{ip: 192.168.69.110, host: byscane-nightly-zbvcj-1516659162, networkLocation: /default-rack, certSerialId: null}, Type:RATIS, Factor:THREE, State:OPEN]
2019-07-30 20:52:39,076 INFO  ozone.MiniOzoneClusterImpl (MiniOzoneClusterImpl.java:lambda$waitForClusterToBeReady$0(142)) - Cluster is ready. Got 6 of 6 DN Heartbeats.
2019-07-30 20:52:39,409 INFO  rpc.RpcClient (RpcClient.java:createVolume(288)) - Creating Volume: datanodefailurehandlingtest, with jenkins1000 as owner.
2019-07-30 20:52:39,453 INFO  rpc.RpcClient (RpcClient.java:createBucket(425)) - Creating Bucket: datanodefailurehandlingtest/datanodefailurehandlingtest, with Versioning false and Storage Type set to DISK and Encryption set to false 
2019-07-30 20:52:39,676 INFO  impl.MetricsSystemImpl (MetricsSystemImpl.java:init(158)) - XceiverClientMetrics metrics system started (again)
2019-07-30 20:52:39,797 INFO  client.GrpcClientProtocolClient (GrpcClientProtocolClient.java:onNext(255)) - client-354E97C36747->9c2f1846-7b39-4e2e-8d6b-c7bc4b1d2c98: receive RaftClientReply:client-354E97C36747->9c2f1846-7b39-4e2e-8d6b-c7bc4b1d2c98@group-5704C879B952, cid=12, FAILED org.apache.ratis.protocol.NotLeaderException: Server 9c2f1846-7b39-4e2e-8d6b-c7bc4b1d2c98 is not the leader (null). Request must be sent to leader., logIndex=0, commits[9c2f1846-7b39-4e2e-8d6b-c7bc4b1d2c98:c-1]
2019-07-30 20:52:39,800 INFO  container.ReplicationManager (ReplicationManager.java:start(155)) - Starting Replication Monitor Thread.
2019-07-30 20:52:39,805 INFO  container.ReplicationManager (ReplicationManager.java:run(207)) - Replication Monitor Thread took 4 milliseconds for processing 1 containers.
2019-07-30 20:52:40,854 INFO  client.GrpcClientProtocolClient (GrpcClientProtocolClient.java:onNext(255)) - client-354E97C36747->ac6515ab-7f57-4be9-890d-e6c3f39530d6: receive RaftClientReply:client-354E97C36747->ac6515ab-7f57-4be9-890d-e6c3f39530d6@group-5704C879B952, cid=12, FAILED org.apache.ratis.protocol.NotLeaderException: Server ac6515ab-7f57-4be9-890d-e6c3f39530d6 is not the leader (null). Request must be sent to leader., logIndex=0, commits[ac6515ab-7f57-4be9-890d-e6c3f39530d6:c-1]
2019-07-30 20:52:41,885 INFO  client.GrpcClientProtocolClient (GrpcClientProtocolClient.java:onNext(255)) - client-354E97C36747->9c2f1846-7b39-4e2e-8d6b-c7bc4b1d2c98: receive RaftClientReply:client-354E97C36747->9c2f1846-7b39-4e2e-8d6b-c7bc4b1d2c98@group-5704C879B952, cid=12, FAILED org.apache.ratis.protocol.NotLeaderException: Server 9c2f1846-7b39-4e2e-8d6b-c7bc4b1d2c98 is not the leader (null). Request must be sent to leader., logIndex=0, commits[9c2f1846-7b39-4e2e-8d6b-c7bc4b1d2c98:c-1]
2019-07-30 20:52:42,918 INFO  client.GrpcClientProtocolClient (GrpcClientProtocolClient.java:onNext(255)) - client-354E97C36747->99fe9e29-c4ea-4845-bab8-1c47d07b3122: receive RaftClientReply:client-354E97C36747->99fe9e29-c4ea-4845-bab8-1c47d07b3122@group-5704C879B952, cid=12, FAILED org.apache.ratis.protocol.NotLeaderException: Server 99fe9e29-c4ea-4845-bab8-1c47d07b3122 is not the leader (null). Request must be sent to leader., logIndex=0, commits[99fe9e29-c4ea-4845-bab8-1c47d07b3122:c-1]
2019-07-30 20:52:42,935 INFO  impl.FollowerState (FollowerState.java:run(106)) - 9c2f1846-7b39-4e2e-8d6b-c7bc4b1d2c98:group-00F0F8D95B6E changes to CANDIDATE, lastRpcTime:5105, electionTimeout:5104ms
2019-07-30 20:52:42,935 INFO  impl.RoleInfo (RoleInfo.java:shutdownFollowerState(121)) - 9c2f1846-7b39-4e2e-8d6b-c7bc4b1d2c98: shutdown FollowerState
2019-07-30 20:52:42,935 INFO  impl.RaftServerImpl (RaftServerImpl.java:setRole(171)) - 9c2f1846-7b39-4e2e-8d6b-c7bc4b1d2c98:group-00F0F8D95B6E changes role from FOLLOWER to CANDIDATE at term 0 for changeToCandidate
2019-07-30 20:52:42,938 INFO  impl.RoleInfo (RoleInfo.java:updateAndGet(143)) - 9c2f1846-7b39-4e2e-8d6b-c7bc4b1d2c98: start LeaderElection
2019-07-30 20:52:42,965 INFO  impl.LeaderElection (LeaderElection.java:askForVotes(181)) - 9c2f1846-7b39-4e2e-8d6b-c7bc4b1d2c98:group-00F0F8D95B6E:LeaderElection1: begin an election at term 1 for -1: [9c2f1846-7b39-4e2e-8d6b-c7bc4b1d2c98:192.168.69.110:45394], old=null
2019-07-30 20:52:42,970 INFO  impl.RoleInfo (RoleInfo.java:shutdownLeaderElection(134)) - 9c2f1846-7b39-4e2e-8d6b-c7bc4b1d2c98: shutdown LeaderElection
2019-07-30 20:52:42,971 INFO  impl.RaftServerImpl (RaftServerImpl.java:setRole(171)) - 9c2f1846-7b39-4e2e-8d6b-c7bc4b1d2c98:group-00F0F8D95B6E changes role from CANDIDATE to LEADER at term 1 for changeToLeader
2019-07-30 20:52:42,972 INFO  impl.RaftServerImpl (ServerState.java:setLeader(263)) - 9c2f1846-7b39-4e2e-8d6b-c7bc4b1d2c98:group-00F0F8D95B6E change Leader from null to 9c2f1846-7b39-4e2e-8d6b-c7bc4b1d2c98 at term 1 for becomeLeader, leader elected after 5222ms
2019-07-30 20:52:42,986 INFO  server.RaftServerConfigKeys (ConfUtils.java:logGet(43)) - raft.server.staging.catchup.gap = 1000 (default)
2019-07-30 20:52:42,986 INFO  server.RaftServerConfigKeys (ConfUtils.java:logGet(43)) - raft.server.rpc.sleep.time = 25ms (default)
2019-07-30 20:52:42,990 INFO  server.RaftServerConfigKeys (ConfUtils.java:logGet(43)) - raft.server.write.element-limit = 4096 (default)
2019-07-30 20:52:42,994 INFO  server.RaftServerConfigKeys (ConfUtils.java:logGet(43)) - raft.server.watch.timeout = 10s (default)
2019-07-30 20:52:42,994 INFO  server.RaftServerConfigKeys (ConfUtils.java:logGet(43)) - raft.server.watch.timeout.denomination = 1s (default)
2019-07-30 20:52:42,995 INFO  server.RaftServerConfigKeys (ConfUtils.java:logGet(43)) - raft.server.watch.element-limit = 65536 (default)
2019-07-30 20:52:43,006 INFO  impl.RoleInfo (RoleInfo.java:updateAndGet(143)) - 9c2f1846-7b39-4e2e-8d6b-c7bc4b1d2c98: start LeaderState
2019-07-30 20:52:43,031 INFO  segmented.SegmentedRaftLogWorker (SegmentedRaftLogWorker.java:startLogSegment(380)) - 9c2f1846-7b39-4e2e-8d6b-c7bc4b1d2c98-SegmentedRaftLogWorker:Storage Directory /workdir/hadoop-ozone/integration-test/target/test-dir/MiniOzoneClusterImpl-71486f19-fdcc-4ccd-ad00-df52007dc384/datanode-0/data/ratis/2808cbf9-3a7a-4dc0-9f46-00f0f8d95b6e: Starting segment from index:0
2019-07-30 20:52:43,040 INFO  impl.RaftServerImpl (ServerState.java:setRaftConf(361)) - 9c2f1846-7b39-4e2e-8d6b-c7bc4b1d2c98:group-00F0F8D95B6E set configuration 0: [9c2f1846-7b39-4e2e-8d6b-c7bc4b1d2c98:192.168.69.110:45394], old=null at 0
2019-07-30 20:52:43,054 INFO  impl.FollowerState (FollowerState.java:run(106)) - 2df62944-4aab-4ff8-9d56-5ee181333552:group-93C2930027B3 changes to CANDIDATE, lastRpcTime:5003, electionTimeout:5003ms
2019-07-30 20:52:43,056 INFO  impl.RoleInfo (RoleInfo.java:shutdownFollowerState(121)) - 2df62944-4aab-4ff8-9d56-5ee181333552: shutdown FollowerState
2019-07-30 20:52:43,056 INFO  impl.RaftServerImpl (RaftServerImpl.java:setRole(171)) - 2df62944-4aab-4ff8-9d56-5ee181333552:group-93C2930027B3 changes role from FOLLOWER to CANDIDATE at term 0 for changeToCandidate
2019-07-30 20:52:43,056 INFO  impl.RoleInfo (RoleInfo.java:updateAndGet(143)) - 2df62944-4aab-4ff8-9d56-5ee181333552: start LeaderElection
2019-07-30 20:52:43,075 INFO  impl.LeaderElection (LeaderElection.java:askForVotes(181)) - 2df62944-4aab-4ff8-9d56-5ee181333552:group-93C2930027B3:LeaderElection2: begin an election at term 1 for -1: [2df62944-4aab-4ff8-9d56-5ee181333552:192.168.69.110:36786], old=null
2019-07-30 20:52:43,075 INFO  impl.RoleInfo (RoleInfo.java:shutdownLeaderElection(134)) - 2df62944-4aab-4ff8-9d56-5ee181333552: shutdown LeaderElection
2019-07-30 20:52:43,075 INFO  impl.RaftServerImpl (RaftServerImpl.java:setRole(171)) - 2df62944-4aab-4ff8-9d56-5ee181333552:group-93C2930027B3 changes role from CANDIDATE to LEADER at term 1 for changeToLeader
2019-07-30 20:52:43,075 INFO  impl.RaftServerImpl (ServerState.java:setLeader(263)) - 2df62944-4aab-4ff8-9d56-5ee181333552:group-93C2930027B3 change Leader from null to 2df62944-4aab-4ff8-9d56-5ee181333552 at term 1 for becomeLeader, leader elected after 5027ms
2019-07-30 20:52:43,077 INFO  server.RaftServerConfigKeys (ConfUtils.java:logGet(43)) - raft.server.staging.catchup.gap = 1000 (default)
2019-07-30 20:52:43,077 INFO  server.RaftServerConfigKeys (ConfUtils.java:logGet(43)) - raft.server.rpc.sleep.time = 25ms (default)
2019-07-30 20:52:43,077 INFO  server.RaftServerConfigKeys (ConfUtils.java:logGet(43)) - raft.server.write.element-limit = 4096 (default)
2019-07-30 20:52:43,077 INFO  server.RaftServerConfigKeys (ConfUtils.java:logGet(43)) - raft.server.watch.timeout = 10s (default)
2019-07-30 20:52:43,077 INFO  server.RaftServerConfigKeys (ConfUtils.java:logGet(43)) - raft.server.watch.timeout.denomination = 1s (default)
2019-07-30 20:52:43,078 INFO  server.RaftServerConfigKeys (ConfUtils.java:logGet(43)) - raft.server.watch.element-limit = 65536 (default)
2019-07-30 20:52:43,078 INFO  impl.RoleInfo (RoleInfo.java:updateAndGet(143)) - 2df62944-4aab-4ff8-9d56-5ee181333552: start LeaderState
2019-07-30 20:52:43,078 INFO  segmented.SegmentedRaftLogWorker (SegmentedRaftLogWorker.java:startLogSegment(380)) - 2df62944-4aab-4ff8-9d56-5ee181333552-SegmentedRaftLogWorker:Storage Directory /workdir/hadoop-ozone/integration-test/target/test-dir/MiniOzoneClusterImpl-71486f19-fdcc-4ccd-ad00-df52007dc384/datanode-4/data/ratis/86980ab2-d661-4dc8-be8f-93c2930027b3: Starting segment from index:0
2019-07-30 20:52:43,079 INFO  impl.RaftServerImpl (ServerState.java:setRaftConf(361)) - 2df62944-4aab-4ff8-9d56-5ee181333552:group-93C2930027B3 set configuration 0: [2df62944-4aab-4ff8-9d56-5ee181333552:192.168.69.110:36786], old=null at 0
2019-07-30 20:52:43,119 INFO  impl.FollowerState (FollowerState.java:run(106)) - 6ab7926d-3f9b-4c64-ab37-9be39e927c33:group-C7263AA33212 changes to CANDIDATE, lastRpcTime:5134, electionTimeout:5133ms
2019-07-30 20:52:43,119 INFO  impl.RoleInfo (RoleInfo.java:shutdownFollowerState(121)) - 6ab7926d-3f9b-4c64-ab37-9be39e927c33: shutdown FollowerState
2019-07-30 20:52:43,119 INFO  impl.RaftServerImpl (RaftServerImpl.java:setRole(171)) - 6ab7926d-3f9b-4c64-ab37-9be39e927c33:group-C7263AA33212 changes role from FOLLOWER to CANDIDATE at term 0 for changeToCandidate
2019-07-30 20:52:43,120 INFO  impl.RoleInfo (RoleInfo.java:updateAndGet(143)) - 6ab7926d-3f9b-4c64-ab37-9be39e927c33: start LeaderElection
2019-07-30 20:52:43,135 INFO  impl.LeaderElection (LeaderElection.java:askForVotes(181)) - 6ab7926d-3f9b-4c64-ab37-9be39e927c33:group-C7263AA33212:LeaderElection3: begin an election at term 1 for -1: [6ab7926d-3f9b-4c64-ab37-9be39e927c33:192.168.69.110:40921], old=null
2019-07-30 20:52:43,136 INFO  impl.RoleInfo (RoleInfo.java:shutdownLeaderElection(134)) - 6ab7926d-3f9b-4c64-ab37-9be39e927c33: shutdown LeaderElection
2019-07-30 20:52:43,136 INFO  impl.RaftServerImpl (RaftServerImpl.java:setRole(171)) - 6ab7926d-3f9b-4c64-ab37-9be39e927c33:group-C7263AA33212 changes role from CANDIDATE to LEADER at term 1 for changeToLeader
2019-07-30 20:52:43,136 INFO  impl.RaftServerImpl (ServerState.java:setLeader(263)) - 6ab7926d-3f9b-4c64-ab37-9be39e927c33:group-C7263AA33212 change Leader from null to 6ab7926d-3f9b-4c64-ab37-9be39e927c33 at term 1 for becomeLeader, leader elected after 5155ms
2019-07-30 20:52:43,137 INFO  server.RaftServerConfigKeys (ConfUtils.java:logGet(43)) - raft.server.staging.catchup.gap = 1000 (default)
2019-07-30 20:52:43,138 INFO  server.RaftServerConfigKeys (ConfUtils.java:logGet(43)) - raft.server.rpc.sleep.time = 25ms (default)
2019-07-30 20:52:43,138 INFO  server.RaftServerConfigKeys (ConfUtils.java:logGet(43)) - raft.server.write.element-limit = 4096 (default)
2019-07-30 20:52:43,138 INFO  server.RaftServerConfigKeys (ConfUtils.java:logGet(43)) - raft.server.watch.timeout = 10s (default)
2019-07-30 20:52:43,138 INFO  server.RaftServerConfigKeys (ConfUtils.java:logGet(43)) - raft.server.watch.timeout.denomination = 1s (default)
2019-07-30 20:52:43,138 INFO  server.RaftServerConfigKeys (ConfUtils.java:logGet(43)) - raft.server.watch.element-limit = 65536 (default)
2019-07-30 20:52:43,138 INFO  impl.RoleInfo (RoleInfo.java:updateAndGet(143)) - 6ab7926d-3f9b-4c64-ab37-9be39e927c33: start LeaderState
2019-07-30 20:52:43,138 INFO  segmented.SegmentedRaftLogWorker (SegmentedRaftLogWorker.java:startLogSegment(380)) - 6ab7926d-3f9b-4c64-ab37-9be39e927c33-SegmentedRaftLogWorker:Storage Directory /workdir/hadoop-ozone/integration-test/target/test-dir/MiniOzoneClusterImpl-71486f19-fdcc-4ccd-ad00-df52007dc384/datanode-1/data/ratis/dde2fca2-0549-4f3c-900d-c7263aa33212: Starting segment from index:0
2019-07-30 20:52:43,139 INFO  impl.RaftServerImpl (ServerState.java:setRaftConf(361)) - 6ab7926d-3f9b-4c64-ab37-9be39e927c33:group-C7263AA33212 set configuration 0: [6ab7926d-3f9b-4c64-ab37-9be39e927c33:192.168.69.110:40921], old=null at 0
2019-07-30 20:52:43,230 INFO  impl.FollowerState (FollowerState.java:run(106)) - a3c235ca-8d39-45c7-8076-b2072c1120df:group-41E6664C30BB changes to CANDIDATE, lastRpcTime:5115, electionTimeout:5115ms
2019-07-30 20:52:43,231 INFO  impl.RoleInfo (RoleInfo.java:shutdownFollowerState(121)) - a3c235ca-8d39-45c7-8076-b2072c1120df: shutdown FollowerState
2019-07-30 20:52:43,231 INFO  impl.RaftServerImpl (RaftServerImpl.java:setRole(171)) - a3c235ca-8d39-45c7-8076-b2072c1120df:group-41E6664C30BB changes role from FOLLOWER to CANDIDATE at term 0 for changeToCandidate
2019-07-30 20:52:43,231 INFO  impl.RoleInfo (RoleInfo.java:updateAndGet(143)) - a3c235ca-8d39-45c7-8076-b2072c1120df: start LeaderElection
2019-07-30 20:52:43,261 INFO  impl.LeaderElection (LeaderElection.java:askForVotes(181)) - a3c235ca-8d39-45c7-8076-b2072c1120df:group-41E6664C30BB:LeaderElection4: begin an election at term 1 for -1: [a3c235ca-8d39-45c7-8076-b2072c1120df:192.168.69.110:33767], old=null
2019-07-30 20:52:43,262 INFO  impl.RoleInfo (RoleInfo.java:shutdownLeaderElection(134)) - a3c235ca-8d39-45c7-8076-b2072c1120df: shutdown LeaderElection
2019-07-30 20:52:43,262 INFO  impl.RaftServerImpl (RaftServerImpl.java:setRole(171)) - a3c235ca-8d39-45c7-8076-b2072c1120df:group-41E6664C30BB changes role from CANDIDATE to LEADER at term 1 for changeToLeader
2019-07-30 20:52:43,262 INFO  impl.RaftServerImpl (ServerState.java:setLeader(263)) - a3c235ca-8d39-45c7-8076-b2072c1120df:group-41E6664C30BB change Leader from null to a3c235ca-8d39-45c7-8076-b2072c1120df at term 1 for becomeLeader, leader elected after 5150ms
2019-07-30 20:52:43,264 INFO  server.RaftServerConfigKeys (ConfUtils.java:logGet(43)) - raft.server.staging.catchup.gap = 1000 (default)
2019-07-30 20:52:43,264 INFO  segmented.SegmentedRaftLogWorker (SegmentedRaftLogWorker.java:execute(569)) - 2df62944-4aab-4ff8-9d56-5ee181333552-SegmentedRaftLogWorker:Storage Directory /workdir/hadoop-ozone/integration-test/target/test-dir/MiniOzoneClusterImpl-71486f19-fdcc-4ccd-ad00-df52007dc384/datanode-4/data/ratis/86980ab2-d661-4dc8-be8f-93c2930027b3: created new log segment /workdir/hadoop-ozone/integration-test/target/test-dir/MiniOzoneClusterImpl-71486f19-fdcc-4ccd-ad00-df52007dc384/datanode-4/data/ratis/86980ab2-d661-4dc8-be8f-93c2930027b3/current/log_inprogress_0
2019-07-30 20:52:43,265 INFO  server.RaftServerConfigKeys (ConfUtils.java:logGet(43)) - raft.server.rpc.sleep.time = 25ms (default)
2019-07-30 20:52:43,264 INFO  segmented.SegmentedRaftLogWorker (SegmentedRaftLogWorker.java:execute(569)) - 6ab7926d-3f9b-4c64-ab37-9be39e927c33-SegmentedRaftLogWorker:Storage Directory /workdir/hadoop-ozone/integration-test/target/test-dir/MiniOzoneClusterImpl-71486f19-fdcc-4ccd-ad00-df52007dc384/datanode-1/data/ratis/dde2fca2-0549-4f3c-900d-c7263aa33212: created new log segment /workdir/hadoop-ozone/integration-test/target/test-dir/MiniOzoneClusterImpl-71486f19-fdcc-4ccd-ad00-df52007dc384/datanode-1/data/ratis/dde2fca2-0549-4f3c-900d-c7263aa33212/current/log_inprogress_0
2019-07-30 20:52:43,267 INFO  server.RaftServerConfigKeys (ConfUtils.java:logGet(43)) - raft.server.write.element-limit = 4096 (default)
2019-07-30 20:52:43,264 INFO  segmented.SegmentedRaftLogWorker (SegmentedRaftLogWorker.java:execute(569)) - 9c2f1846-7b39-4e2e-8d6b-c7bc4b1d2c98-SegmentedRaftLogWorker:Storage Directory /workdir/hadoop-ozone/integration-test/target/test-dir/MiniOzoneClusterImpl-71486f19-fdcc-4ccd-ad00-df52007dc384/datanode-0/data/ratis/2808cbf9-3a7a-4dc0-9f46-00f0f8d95b6e: created new log segment /workdir/hadoop-ozone/integration-test/target/test-dir/MiniOzoneClusterImpl-71486f19-fdcc-4ccd-ad00-df52007dc384/datanode-0/data/ratis/2808cbf9-3a7a-4dc0-9f46-00f0f8d95b6e/current/log_inprogress_0
2019-07-30 20:52:43,268 INFO  server.RaftServerConfigKeys (ConfUtils.java:logGet(43)) - raft.server.watch.timeout = 10s (default)
2019-07-30 20:52:43,269 INFO  server.RaftServerConfigKeys (ConfUtils.java:logGet(43)) - raft.server.watch.timeout.denomination = 1s (default)
2019-07-30 20:52:43,269 INFO  server.RaftServerConfigKeys (ConfUtils.java:logGet(43)) - raft.server.watch.element-limit = 65536 (default)
2019-07-30 20:52:43,271 INFO  impl.RoleInfo (RoleInfo.java:updateAndGet(143)) - a3c235ca-8d39-45c7-8076-b2072c1120df: start LeaderState
2019-07-30 20:52:43,271 INFO  segmented.SegmentedRaftLogWorker (SegmentedRaftLogWorker.java:startLogSegment(380)) - a3c235ca-8d39-45c7-8076-b2072c1120df-SegmentedRaftLogWorker:Storage Directory /workdir/hadoop-ozone/integration-test/target/test-dir/MiniOzoneClusterImpl-71486f19-fdcc-4ccd-ad00-df52007dc384/datanode-3/data/ratis/11e3978a-6c84-4c99-a705-41e6664c30bb: Starting segment from index:0
2019-07-30 20:52:43,272 INFO  impl.RaftServerImpl (ServerState.java:setRaftConf(361)) - a3c235ca-8d39-45c7-8076-b2072c1120df:group-41E6664C30BB set configuration 0: [a3c235ca-8d39-45c7-8076-b2072c1120df:192.168.69.110:33767], old=null at 0
2019-07-30 20:52:43,290 INFO  impl.FollowerState (FollowerState.java:run(106)) - ac6515ab-7f57-4be9-890d-e6c3f39530d6:group-31897CFB483B changes to CANDIDATE, lastRpcTime:5109, electionTimeout:5109ms
2019-07-30 20:52:43,291 INFO  impl.RoleInfo (RoleInfo.java:shutdownFollowerState(121)) - ac6515ab-7f57-4be9-890d-e6c3f39530d6: shutdown FollowerState
2019-07-30 20:52:43,292 INFO  impl.RaftServerImpl (RaftServerImpl.java:setRole(171)) - ac6515ab-7f57-4be9-890d-e6c3f39530d6:group-31897CFB483B changes role from FOLLOWER to CANDIDATE at term 0 for changeToCandidate
2019-07-30 20:52:43,292 INFO  impl.RoleInfo (RoleInfo.java:updateAndGet(143)) - ac6515ab-7f57-4be9-890d-e6c3f39530d6: start LeaderElection
2019-07-30 20:52:43,301 INFO  segmented.SegmentedRaftLogWorker (SegmentedRaftLogWorker.java:execute(569)) - a3c235ca-8d39-45c7-8076-b2072c1120df-SegmentedRaftLogWorker:Storage Directory /workdir/hadoop-ozone/integration-test/target/test-dir/MiniOzoneClusterImpl-71486f19-fdcc-4ccd-ad00-df52007dc384/datanode-3/data/ratis/11e3978a-6c84-4c99-a705-41e6664c30bb: created new log segment /workdir/hadoop-ozone/integration-test/target/test-dir/MiniOzoneClusterImpl-71486f19-fdcc-4ccd-ad00-df52007dc384/datanode-3/data/ratis/11e3978a-6c84-4c99-a705-41e6664c30bb/current/log_inprogress_0
2019-07-30 20:52:43,301 INFO  impl.LeaderElection (LeaderElection.java:askForVotes(181)) - ac6515ab-7f57-4be9-890d-e6c3f39530d6:group-31897CFB483B:LeaderElection5: begin an election at term 1 for -1: [ac6515ab-7f57-4be9-890d-e6c3f39530d6:192.168.69.110:33100], old=null
2019-07-30 20:52:43,302 INFO  impl.RoleInfo (RoleInfo.java:shutdownLeaderElection(134)) - ac6515ab-7f57-4be9-890d-e6c3f39530d6: shutdown LeaderElection
2019-07-30 20:52:43,302 INFO  impl.RaftServerImpl (RaftServerImpl.java:setRole(171)) - ac6515ab-7f57-4be9-890d-e6c3f39530d6:group-31897CFB483B changes role from CANDIDATE to LEADER at term 1 for changeToLeader
2019-07-30 20:52:43,303 INFO  impl.RaftServerImpl (ServerState.java:setLeader(263)) - ac6515ab-7f57-4be9-890d-e6c3f39530d6:group-31897CFB483B change Leader from null to ac6515ab-7f57-4be9-890d-e6c3f39530d6 at term 1 for becomeLeader, leader elected after 5125ms
2019-07-30 20:52:43,304 INFO  server.RaftServerConfigKeys (ConfUtils.java:logGet(43)) - raft.server.staging.catchup.gap = 1000 (default)
2019-07-30 20:52:43,304 INFO  server.RaftServerConfigKeys (ConfUtils.java:logGet(43)) - raft.server.rpc.sleep.time = 25ms (default)
2019-07-30 20:52:43,304 INFO  server.RaftServerConfigKeys (ConfUtils.java:logGet(43)) - raft.server.write.element-limit = 4096 (default)
2019-07-30 20:52:43,305 INFO  server.RaftServerConfigKeys (ConfUtils.java:logGet(43)) - raft.server.watch.timeout = 10s (default)
2019-07-30 20:52:43,305 INFO  server.RaftServerConfigKeys (ConfUtils.java:logGet(43)) - raft.server.watch.timeout.denomination = 1s (default)
2019-07-30 20:52:43,305 INFO  server.RaftServerConfigKeys (ConfUtils.java:logGet(43)) - raft.server.watch.element-limit = 65536 (default)
2019-07-30 20:52:43,305 INFO  impl.RoleInfo (RoleInfo.java:updateAndGet(143)) - ac6515ab-7f57-4be9-890d-e6c3f39530d6: start LeaderState
2019-07-30 20:52:43,306 INFO  segmented.SegmentedRaftLogWorker (SegmentedRaftLogWorker.java:startLogSegment(380)) - ac6515ab-7f57-4be9-890d-e6c3f39530d6-SegmentedRaftLogWorker:Storage Directory /workdir/hadoop-ozone/integration-test/target/test-dir/MiniOzoneClusterImpl-71486f19-fdcc-4ccd-ad00-df52007dc384/datanode-5/data/ratis/61ffae7f-7a56-4d01-af16-31897cfb483b: Starting segment from index:0
2019-07-30 20:52:43,306 INFO  impl.RaftServerImpl (ServerState.java:setRaftConf(361)) - ac6515ab-7f57-4be9-890d-e6c3f39530d6:group-31897CFB483B set configuration 0: [ac6515ab-7f57-4be9-890d-e6c3f39530d6:192.168.69.110:33100], old=null at 0
2019-07-30 20:52:43,335 INFO  segmented.SegmentedRaftLogWorker (SegmentedRaftLogWorker.java:execute(569)) - ac6515ab-7f57-4be9-890d-e6c3f39530d6-SegmentedRaftLogWorker:Storage Directory /workdir/hadoop-ozone/integration-test/target/test-dir/MiniOzoneClusterImpl-71486f19-fdcc-4ccd-ad00-df52007dc384/datanode-5/data/ratis/61ffae7f-7a56-4d01-af16-31897cfb483b: created new log segment /workdir/hadoop-ozone/integration-test/target/test-dir/MiniOzoneClusterImpl-71486f19-fdcc-4ccd-ad00-df52007dc384/datanode-5/data/ratis/61ffae7f-7a56-4d01-af16-31897cfb483b/current/log_inprogress_0
2019-07-30 20:52:43,381 INFO  impl.FollowerState (FollowerState.java:run(106)) - 99fe9e29-c4ea-4845-bab8-1c47d07b3122:group-482B2C4B41C2 changes to CANDIDATE, lastRpcTime:5140, electionTimeout:5140ms
2019-07-30 20:52:43,381 INFO  impl.RoleInfo (RoleInfo.java:shutdownFollowerState(121)) - 99fe9e29-c4ea-4845-bab8-1c47d07b3122: shutdown FollowerState
2019-07-30 20:52:43,381 INFO  impl.RaftServerImpl (RaftServerImpl.java:setRole(171)) - 99fe9e29-c4ea-4845-bab8-1c47d07b3122:group-482B2C4B41C2 changes role from FOLLOWER to CANDIDATE at term 0 for changeToCandidate
2019-07-30 20:52:43,381 INFO  impl.RoleInfo (RoleInfo.java:updateAndGet(143)) - 99fe9e29-c4ea-4845-bab8-1c47d07b3122: start LeaderElection
2019-07-30 20:52:43,399 INFO  impl.LeaderElection (LeaderElection.java:askForVotes(181)) - 99fe9e29-c4ea-4845-bab8-1c47d07b3122:group-482B2C4B41C2:LeaderElection6: begin an election at term 1 for -1: [99fe9e29-c4ea-4845-bab8-1c47d07b3122:192.168.69.110:35477], old=null
2019-07-30 20:52:43,401 INFO  impl.RoleInfo (RoleInfo.java:shutdownLeaderElection(134)) - 99fe9e29-c4ea-4845-bab8-1c47d07b3122: shutdown LeaderElection
2019-07-30 20:52:43,401 INFO  impl.RaftServerImpl (RaftServerImpl.java:setRole(171)) - 99fe9e29-c4ea-4845-bab8-1c47d07b3122:group-482B2C4B41C2 changes role from CANDIDATE to LEADER at term 1 for changeToLeader
2019-07-30 20:52:43,401 INFO  impl.RaftServerImpl (ServerState.java:setLeader(263)) - 99fe9e29-c4ea-4845-bab8-1c47d07b3122:group-482B2C4B41C2 change Leader from null to 99fe9e29-c4ea-4845-bab8-1c47d07b3122 at term 1 for becomeLeader, leader elected after 5164ms
2019-07-30 20:52:43,403 INFO  server.RaftServerConfigKeys (ConfUtils.java:logGet(43)) - raft.server.staging.catchup.gap = 1000 (default)
2019-07-30 20:52:43,403 INFO  server.RaftServerConfigKeys (ConfUtils.java:logGet(43)) - raft.server.rpc.sleep.time = 25ms (default)
2019-07-30 20:52:43,403 INFO  server.RaftServerConfigKeys (ConfUtils.java:logGet(43)) - raft.server.write.element-limit = 4096 (default)
2019-07-30 20:52:43,404 INFO  server.RaftServerConfigKeys (ConfUtils.java:logGet(43)) - raft.server.watch.timeout = 10s (default)
2019-07-30 20:52:43,404 INFO  server.RaftServerConfigKeys (ConfUtils.java:logGet(43)) - raft.server.watch.timeout.denomination = 1s (default)
2019-07-30 20:52:43,404 INFO  server.RaftServerConfigKeys (ConfUtils.java:logGet(43)) - raft.server.watch.element-limit = 65536 (default)
2019-07-30 20:52:43,404 INFO  impl.RoleInfo (RoleInfo.java:updateAndGet(143)) - 99fe9e29-c4ea-4845-bab8-1c47d07b3122: start LeaderState
2019-07-30 20:52:43,405 INFO  segmented.SegmentedRaftLogWorker (SegmentedRaftLogWorker.java:startLogSegment(380)) - 99fe9e29-c4ea-4845-bab8-1c47d07b3122-SegmentedRaftLogWorker:Storage Directory /workdir/hadoop-ozone/integration-test/target/test-dir/MiniOzoneClusterImpl-71486f19-fdcc-4ccd-ad00-df52007dc384/datanode-2/data/ratis/ace742a7-5c77-4102-93d7-482b2c4b41c2: Starting segment from index:0
2019-07-30 20:52:43,405 INFO  impl.RaftServerImpl (ServerState.java:setRaftConf(361)) - 99fe9e29-c4ea-4845-bab8-1c47d07b3122:group-482B2C4B41C2 set configuration 0: [99fe9e29-c4ea-4845-bab8-1c47d07b3122:192.168.69.110:35477], old=null at 0
2019-07-30 20:52:43,422 INFO  impl.FollowerState (FollowerState.java:run(106)) - a3c235ca-8d39-45c7-8076-b2072c1120df:group-6ABAB39D0A7D changes to CANDIDATE, lastRpcTime:5095, electionTimeout:5090ms
2019-07-30 20:52:43,422 INFO  impl.RoleInfo (RoleInfo.java:shutdownFollowerState(121)) - a3c235ca-8d39-45c7-8076-b2072c1120df: shutdown FollowerState
2019-07-30 20:52:43,422 INFO  impl.RaftServerImpl (RaftServerImpl.java:setRole(171)) - a3c235ca-8d39-45c7-8076-b2072c1120df:group-6ABAB39D0A7D changes role from FOLLOWER to CANDIDATE at term 0 for changeToCandidate
2019-07-30 20:52:43,422 INFO  impl.RoleInfo (RoleInfo.java:updateAndGet(143)) - a3c235ca-8d39-45c7-8076-b2072c1120df: start LeaderElection
2019-07-30 20:52:43,434 INFO  impl.FollowerState (FollowerState.java:run(106)) - 2df62944-4aab-4ff8-9d56-5ee181333552:group-6ABAB39D0A7D changes to CANDIDATE, lastRpcTime:5106, electionTimeout:5106ms
2019-07-30 20:52:43,435 INFO  impl.RoleInfo (RoleInfo.java:shutdownFollowerState(121)) - 2df62944-4aab-4ff8-9d56-5ee181333552: shutdown FollowerState
2019-07-30 20:52:43,435 INFO  segmented.SegmentedRaftLogWorker (SegmentedRaftLogWorker.java:execute(569)) - 99fe9e29-c4ea-4845-bab8-1c47d07b3122-SegmentedRaftLogWorker:Storage Directory /workdir/hadoop-ozone/integration-test/target/test-dir/MiniOzoneClusterImpl-71486f19-fdcc-4ccd-ad00-df52007dc384/datanode-2/data/ratis/ace742a7-5c77-4102-93d7-482b2c4b41c2: created new log segment /workdir/hadoop-ozone/integration-test/target/test-dir/MiniOzoneClusterImpl-71486f19-fdcc-4ccd-ad00-df52007dc384/datanode-2/data/ratis/ace742a7-5c77-4102-93d7-482b2c4b41c2/current/log_inprogress_0
2019-07-30 20:52:43,435 INFO  impl.LeaderElection (LeaderElection.java:askForVotes(181)) - a3c235ca-8d39-45c7-8076-b2072c1120df:group-6ABAB39D0A7D:LeaderElection7: begin an election at term 1 for -1: [6ab7926d-3f9b-4c64-ab37-9be39e927c33:192.168.69.110:40921, a3c235ca-8d39-45c7-8076-b2072c1120df:192.168.69.110:33767, 2df62944-4aab-4ff8-9d56-5ee181333552:192.168.69.110:36786], old=null
2019-07-30 20:52:43,435 INFO  impl.RaftServerImpl (RaftServerImpl.java:setRole(171)) - 2df62944-4aab-4ff8-9d56-5ee181333552:group-6ABAB39D0A7D changes role from FOLLOWER to CANDIDATE at term 0 for changeToCandidate
2019-07-30 20:52:43,442 INFO  impl.RoleInfo (RoleInfo.java:updateAndGet(143)) - 2df62944-4aab-4ff8-9d56-5ee181333552: start LeaderElection
2019-07-30 20:52:43,455 INFO  impl.LeaderElection (LeaderElection.java:askForVotes(181)) - 2df62944-4aab-4ff8-9d56-5ee181333552:group-6ABAB39D0A7D:LeaderElection8: begin an election at term 1 for -1: [6ab7926d-3f9b-4c64-ab37-9be39e927c33:192.168.69.110:40921, a3c235ca-8d39-45c7-8076-b2072c1120df:192.168.69.110:33767, 2df62944-4aab-4ff8-9d56-5ee181333552:192.168.69.110:36786], old=null
2019-07-30 20:52:43,461 INFO  impl.FollowerState (FollowerState.java:run(106)) - 6ab7926d-3f9b-4c64-ab37-9be39e927c33:group-6ABAB39D0A7D changes to CANDIDATE, lastRpcTime:5135, electionTimeout:5135ms
2019-07-30 20:52:43,463 INFO  impl.RoleInfo (RoleInfo.java:shutdownFollowerState(121)) - 6ab7926d-3f9b-4c64-ab37-9be39e927c33: shutdown FollowerState
2019-07-30 20:52:43,463 INFO  impl.RaftServerImpl (RaftServerImpl.java:setRole(171)) - 6ab7926d-3f9b-4c64-ab37-9be39e927c33:group-6ABAB39D0A7D changes role from FOLLOWER to CANDIDATE at term 0 for changeToCandidate
2019-07-30 20:52:43,470 INFO  impl.RoleInfo (RoleInfo.java:updateAndGet(143)) - 6ab7926d-3f9b-4c64-ab37-9be39e927c33: start LeaderElection
2019-07-30 20:52:43,478 INFO  impl.FollowerState (FollowerState.java:run(106)) - 99fe9e29-c4ea-4845-bab8-1c47d07b3122:group-5704C879B952 changes to CANDIDATE, lastRpcTime:5064, electionTimeout:5061ms
2019-07-30 20:52:43,478 INFO  impl.RoleInfo (RoleInfo.java:shutdownFollowerState(121)) - 99fe9e29-c4ea-4845-bab8-1c47d07b3122: shutdown FollowerState
2019-07-30 20:52:43,478 INFO  impl.RaftServerImpl (RaftServerImpl.java:setRole(171)) - 99fe9e29-c4ea-4845-bab8-1c47d07b3122:group-5704C879B952 changes role from FOLLOWER to CANDIDATE at term 0 for changeToCandidate
2019-07-30 20:52:43,479 INFO  impl.RoleInfo (RoleInfo.java:updateAndGet(143)) - 99fe9e29-c4ea-4845-bab8-1c47d07b3122: start LeaderElection
2019-07-30 20:52:43,488 INFO  impl.LeaderElection (LeaderElection.java:askForVotes(181)) - 99fe9e29-c4ea-4845-bab8-1c47d07b3122:group-5704C879B952:LeaderElection10: begin an election at term 1 for -1: [99fe9e29-c4ea-4845-bab8-1c47d07b3122:192.168.69.110:35477, ac6515ab-7f57-4be9-890d-e6c3f39530d6:192.168.69.110:33100, 9c2f1846-7b39-4e2e-8d6b-c7bc4b1d2c98:192.168.69.110:45394], old=null
2019-07-30 20:52:43,488 INFO  impl.LeaderElection (LeaderElection.java:askForVotes(181)) - 6ab7926d-3f9b-4c64-ab37-9be39e927c33:group-6ABAB39D0A7D:LeaderElection9: begin an election at term 1 for -1: [6ab7926d-3f9b-4c64-ab37-9be39e927c33:192.168.69.110:40921, a3c235ca-8d39-45c7-8076-b2072c1120df:192.168.69.110:33767, 2df62944-4aab-4ff8-9d56-5ee181333552:192.168.69.110:36786], old=null
2019-07-30 20:52:43,523 INFO  impl.LeaderElection (LeaderElection.java:logAndReturn(56)) - a3c235ca-8d39-45c7-8076-b2072c1120df:group-6ABAB39D0A7D:LeaderElection7: Election REJECTED; received 2 response(s) [a3c235ca-8d39-45c7-8076-b2072c1120df<-6ab7926d-3f9b-4c64-ab37-9be39e927c33#0:FAIL-t1, a3c235ca-8d39-45c7-8076-b2072c1120df<-2df62944-4aab-4ff8-9d56-5ee181333552#0:FAIL-t1] and 0 exception(s); a3c235ca-8d39-45c7-8076-b2072c1120df:t1, leader=null, voted=a3c235ca-8d39-45c7-8076-b2072c1120df, raftlog=a3c235ca-8d39-45c7-8076-b2072c1120df-SegmentedRaftLog:OPENED:c-1,f-1,i0, conf=-1: [6ab7926d-3f9b-4c64-ab37-9be39e927c33:192.168.69.110:40921, a3c235ca-8d39-45c7-8076-b2072c1120df:192.168.69.110:33767, 2df62944-4aab-4ff8-9d56-5ee181333552:192.168.69.110:36786], old=null
2019-07-30 20:52:43,523 INFO  impl.LeaderElection (LeaderElection.java:logAndReturn(56)) - 2df62944-4aab-4ff8-9d56-5ee181333552:group-6ABAB39D0A7D:LeaderElection8: Election REJECTED; received 2 response(s) [2df62944-4aab-4ff8-9d56-5ee181333552<-6ab7926d-3f9b-4c64-ab37-9be39e927c33#0:FAIL-t1, 2df62944-4aab-4ff8-9d56-5ee181333552<-a3c235ca-8d39-45c7-8076-b2072c1120df#0:FAIL-t1] and 0 exception(s); 2df62944-4aab-4ff8-9d56-5ee181333552:t1, leader=null, voted=2df62944-4aab-4ff8-9d56-5ee181333552, raftlog=2df62944-4aab-4ff8-9d56-5ee181333552-SegmentedRaftLog:OPENED:c-1,f-1,i0, conf=-1: [6ab7926d-3f9b-4c64-ab37-9be39e927c33:192.168.69.110:40921, a3c235ca-8d39-45c7-8076-b2072c1120df:192.168.69.110:33767, 2df62944-4aab-4ff8-9d56-5ee181333552:192.168.69.110:36786], old=null
2019-07-30 20:52:43,524 INFO  impl.RaftServerImpl (RaftServerImpl.java:setRole(171)) - a3c235ca-8d39-45c7-8076-b2072c1120df:group-6ABAB39D0A7D changes role from CANDIDATE to FOLLOWER at term 1 for DISCOVERED_A_NEW_TERM
2019-07-30 20:52:43,524 INFO  impl.RaftServerImpl (RaftServerImpl.java:setRole(171)) - 9c2f1846-7b39-4e2e-8d6b-c7bc4b1d2c98:group-5704C879B952 changes role from FOLLOWER to FOLLOWER at term 1 for recognizeCandidate:99fe9e29-c4ea-4845-bab8-1c47d07b3122
2019-07-30 20:52:43,524 INFO  impl.RaftServerImpl (RaftServerImpl.java:setRole(171)) - 2df62944-4aab-4ff8-9d56-5ee181333552:group-6ABAB39D0A7D changes role from CANDIDATE to FOLLOWER at term 1 for DISCOVERED_A_NEW_TERM
2019-07-30 20:52:43,531 INFO  impl.RoleInfo (RoleInfo.java:shutdownFollowerState(121)) - 9c2f1846-7b39-4e2e-8d6b-c7bc4b1d2c98: shutdown FollowerState
2019-07-30 20:52:43,528 INFO  impl.RoleInfo (RoleInfo.java:shutdownLeaderElection(134)) - a3c235ca-8d39-45c7-8076-b2072c1120df: shutdown LeaderElection
2019-07-30 20:52:43,531 INFO  impl.RoleInfo (RoleInfo.java:updateAndGet(143)) - 9c2f1846-7b39-4e2e-8d6b-c7bc4b1d2c98: start FollowerState
2019-07-30 20:52:43,531 INFO  impl.RoleInfo (RoleInfo.java:shutdownLeaderElection(134)) - 2df62944-4aab-4ff8-9d56-5ee181333552: shutdown LeaderElection
2019-07-30 20:52:43,532 INFO  impl.FollowerState (FollowerState.java:run(114)) - 9c2f1846-7b39-4e2e-8d6b-c7bc4b1d2c98: FollowerState was interrupted: java.lang.InterruptedException: sleep interrupted
2019-07-30 20:52:43,531 INFO  impl.RoleInfo (RoleInfo.java:updateAndGet(143)) - a3c235ca-8d39-45c7-8076-b2072c1120df: start FollowerState
2019-07-30 20:52:43,532 INFO  impl.RoleInfo (RoleInfo.java:updateAndGet(143)) - 2df62944-4aab-4ff8-9d56-5ee181333552: start FollowerState
2019-07-30 20:52:43,539 INFO  impl.RaftServerImpl (RaftServerImpl.java:setRole(171)) - ac6515ab-7f57-4be9-890d-e6c3f39530d6:group-5704C879B952 changes role from FOLLOWER to FOLLOWER at term 1 for recognizeCandidate:99fe9e29-c4ea-4845-bab8-1c47d07b3122
2019-07-30 20:52:43,539 INFO  impl.RoleInfo (RoleInfo.java:shutdownFollowerState(121)) - ac6515ab-7f57-4be9-890d-e6c3f39530d6: shutdown FollowerState
2019-07-30 20:52:43,539 INFO  impl.RoleInfo (RoleInfo.java:updateAndGet(143)) - ac6515ab-7f57-4be9-890d-e6c3f39530d6: start FollowerState
2019-07-30 20:52:43,539 INFO  impl.FollowerState (FollowerState.java:run(114)) - ac6515ab-7f57-4be9-890d-e6c3f39530d6: FollowerState was interrupted: java.lang.InterruptedException: sleep interrupted
2019-07-30 20:52:43,542 INFO  impl.LeaderElection (LeaderElection.java:logAndReturn(56)) - 6ab7926d-3f9b-4c64-ab37-9be39e927c33:group-6ABAB39D0A7D:LeaderElection9: Election REJECTED; received 2 response(s) [6ab7926d-3f9b-4c64-ab37-9be39e927c33<-a3c235ca-8d39-45c7-8076-b2072c1120df#0:FAIL-t1, 6ab7926d-3f9b-4c64-ab37-9be39e927c33<-2df62944-4aab-4ff8-9d56-5ee181333552#0:FAIL-t1] and 0 exception(s); 6ab7926d-3f9b-4c64-ab37-9be39e927c33:t1, leader=null, voted=6ab7926d-3f9b-4c64-ab37-9be39e927c33, raftlog=6ab7926d-3f9b-4c64-ab37-9be39e927c33-SegmentedRaftLog:OPENED:c-1,f-1,i0, conf=-1: [6ab7926d-3f9b-4c64-ab37-9be39e927c33:192.168.69.110:40921, a3c235ca-8d39-45c7-8076-b2072c1120df:192.168.69.110:33767, 2df62944-4aab-4ff8-9d56-5ee181333552:192.168.69.110:36786], old=null
2019-07-30 20:52:43,542 INFO  impl.RaftServerImpl (RaftServerImpl.java:setRole(171)) - 6ab7926d-3f9b-4c64-ab37-9be39e927c33:group-6ABAB39D0A7D changes role from CANDIDATE to FOLLOWER at term 1 for DISCOVERED_A_NEW_TERM
2019-07-30 20:52:43,545 INFO  impl.RoleInfo (RoleInfo.java:shutdownLeaderElection(134)) - 6ab7926d-3f9b-4c64-ab37-9be39e927c33: shutdown LeaderElection
2019-07-30 20:52:43,545 INFO  impl.RoleInfo (RoleInfo.java:updateAndGet(143)) - 6ab7926d-3f9b-4c64-ab37-9be39e927c33: start FollowerState
2019-07-30 20:52:43,557 INFO  impl.LeaderElection (LeaderElection.java:logAndReturn(56)) - 99fe9e29-c4ea-4845-bab8-1c47d07b3122:group-5704C879B952:LeaderElection10: Election PASSED; received 1 response(s) [99fe9e29-c4ea-4845-bab8-1c47d07b3122<-9c2f1846-7b39-4e2e-8d6b-c7bc4b1d2c98#0:OK-t1] and 0 exception(s); 99fe9e29-c4ea-4845-bab8-1c47d07b3122:t1, leader=null, voted=99fe9e29-c4ea-4845-bab8-1c47d07b3122, raftlog=99fe9e29-c4ea-4845-bab8-1c47d07b3122-SegmentedRaftLog:OPENED:c-1,f-1,i0, conf=-1: [99fe9e29-c4ea-4845-bab8-1c47d07b3122:192.168.69.110:35477, ac6515ab-7f57-4be9-890d-e6c3f39530d6:192.168.69.110:33100, 9c2f1846-7b39-4e2e-8d6b-c7bc4b1d2c98:192.168.69.110:45394], old=null
2019-07-30 20:52:43,559 INFO  impl.RoleInfo (RoleInfo.java:shutdownLeaderElection(134)) - 99fe9e29-c4ea-4845-bab8-1c47d07b3122: shutdown LeaderElection
2019-07-30 20:52:43,560 INFO  impl.RaftServerImpl (RaftServerImpl.java:setRole(171)) - 99fe9e29-c4ea-4845-bab8-1c47d07b3122:group-5704C879B952 changes role from CANDIDATE to LEADER at term 1 for changeToLeader
2019-07-30 20:52:43,560 INFO  impl.RaftServerImpl (ServerState.java:setLeader(263)) - 99fe9e29-c4ea-4845-bab8-1c47d07b3122:group-5704C879B952 change Leader from null to 99fe9e29-c4ea-4845-bab8-1c47d07b3122 at term 1 for becomeLeader, leader elected after 5162ms
2019-07-30 20:52:43,560 INFO  server.RaftServerConfigKeys (ConfUtils.java:logGet(43)) - raft.server.staging.catchup.gap = 1000 (default)
2019-07-30 20:52:43,560 INFO  server.RaftServerConfigKeys (ConfUtils.java:logGet(43)) - raft.server.rpc.sleep.time = 25ms (default)
2019-07-30 20:52:43,561 INFO  server.RaftServerConfigKeys (ConfUtils.java:logGet(43)) - raft.server.write.element-limit = 4096 (default)
2019-07-30 20:52:43,561 INFO  server.RaftServerConfigKeys (ConfUtils.java:logGet(43)) - raft.server.watch.timeout = 10s (default)
2019-07-30 20:52:43,561 INFO  server.RaftServerConfigKeys (ConfUtils.java:logGet(43)) - raft.server.watch.timeout.denomination = 1s (default)
2019-07-30 20:52:43,561 INFO  server.RaftServerConfigKeys (ConfUtils.java:logGet(43)) - raft.server.watch.element-limit = 65536 (default)
2019-07-30 20:52:43,563 INFO  server.RaftServerConfigKeys (ConfUtils.java:logGet(43)) - raft.server.log.appender.snapshot.chunk.size.max = 16MB (=16777216) (default)
2019-07-30 20:52:43,563 INFO  server.RaftServerConfigKeys (ConfUtils.java:logGet(43)) - raft.server.log.appender.buffer.byte-limit = 33554432 (custom)
2019-07-30 20:52:43,564 INFO  server.RaftServerConfigKeys (ConfUtils.java:logGet(43)) - raft.server.log.appender.buffer.element-limit = 1 (custom)
2019-07-30 20:52:43,567 INFO  grpc.GrpcConfigKeys$Server (ConfUtils.java:logGet(43)) - raft.grpc.server.leader.outstanding.appends.max = 128 (default)
2019-07-30 20:52:43,568 INFO  server.RaftServerConfigKeys (ConfUtils.java:logGet(43)) - raft.server.rpc.request.timeout = 3000ms (default)
2019-07-30 20:52:43,568 INFO  server.RaftServerConfigKeys (ConfUtils.java:logGet(43)) - raft.server.log.appender.install.snapshot.enabled = false (custom)
2019-07-30 20:52:43,568 INFO  server.RaftServerConfigKeys (ConfUtils.java:logGet(43)) - raft.server.log.appender.snapshot.chunk.size.max = 16MB (=16777216) (default)
2019-07-30 20:52:43,569 INFO  server.RaftServerConfigKeys (ConfUtils.java:logGet(43)) - raft.server.log.appender.buffer.byte-limit = 33554432 (custom)
2019-07-30 20:52:43,569 INFO  server.RaftServerConfigKeys (ConfUtils.java:logGet(43)) - raft.server.log.appender.buffer.element-limit = 1 (custom)
2019-07-30 20:52:43,569 INFO  grpc.GrpcConfigKeys$Server (ConfUtils.java:logGet(43)) - raft.grpc.server.leader.outstanding.appends.max = 128 (default)
2019-07-30 20:52:43,569 INFO  server.RaftServerConfigKeys (ConfUtils.java:logGet(43)) - raft.server.rpc.request.timeout = 3000ms (default)
2019-07-30 20:52:43,569 INFO  server.RaftServerConfigKeys (ConfUtils.java:logGet(43)) - raft.server.log.appender.install.snapshot.enabled = false (custom)
2019-07-30 20:52:43,570 INFO  impl.RoleInfo (RoleInfo.java:updateAndGet(143)) - 99fe9e29-c4ea-4845-bab8-1c47d07b3122: start LeaderState
2019-07-30 20:52:43,571 INFO  segmented.SegmentedRaftLogWorker (SegmentedRaftLogWorker.java:startLogSegment(380)) - 99fe9e29-c4ea-4845-bab8-1c47d07b3122-SegmentedRaftLogWorker:Storage Directory /workdir/hadoop-ozone/integration-test/target/test-dir/MiniOzoneClusterImpl-71486f19-fdcc-4ccd-ad00-df52007dc384/datanode-2/data/ratis/c216730c-8591-42cc-bc7d-5704c879b952: Starting segment from index:0
2019-07-30 20:52:43,571 INFO  impl.RaftServerImpl (ServerState.java:setRaftConf(361)) - 99fe9e29-c4ea-4845-bab8-1c47d07b3122:group-5704C879B952 set configuration 0: [99fe9e29-c4ea-4845-bab8-1c47d07b3122:192.168.69.110:35477, ac6515ab-7f57-4be9-890d-e6c3f39530d6:192.168.69.110:33100, 9c2f1846-7b39-4e2e-8d6b-c7bc4b1d2c98:192.168.69.110:45394], old=null at 0
2019-07-30 20:52:43,601 INFO  segmented.SegmentedRaftLogWorker (SegmentedRaftLogWorker.java:execute(569)) - 99fe9e29-c4ea-4845-bab8-1c47d07b3122-SegmentedRaftLogWorker:Storage Directory /workdir/hadoop-ozone/integration-test/target/test-dir/MiniOzoneClusterImpl-71486f19-fdcc-4ccd-ad00-df52007dc384/datanode-2/data/ratis/c216730c-8591-42cc-bc7d-5704c879b952: created new log segment /workdir/hadoop-ozone/integration-test/target/test-dir/MiniOzoneClusterImpl-71486f19-fdcc-4ccd-ad00-df52007dc384/datanode-2/data/ratis/c216730c-8591-42cc-bc7d-5704c879b952/current/log_inprogress_0
2019-07-30 20:52:43,609 INFO  impl.RaftServerImpl (ServerState.java:setLeader(263)) - ac6515ab-7f57-4be9-890d-e6c3f39530d6:group-5704C879B952 change Leader from null to 99fe9e29-c4ea-4845-bab8-1c47d07b3122 at term 1 for appendEntries, leader elected after 5211ms
2019-07-30 20:52:43,609 INFO  impl.RaftServerImpl (ServerState.java:setLeader(263)) - 9c2f1846-7b39-4e2e-8d6b-c7bc4b1d2c98:group-5704C879B952 change Leader from null to 99fe9e29-c4ea-4845-bab8-1c47d07b3122 at term 1 for appendEntries, leader elected after 5211ms
2019-07-30 20:52:43,646 INFO  impl.RaftServerImpl (ServerState.java:setRaftConf(361)) - 9c2f1846-7b39-4e2e-8d6b-c7bc4b1d2c98:group-5704C879B952 set configuration 0: [99fe9e29-c4ea-4845-bab8-1c47d07b3122:192.168.69.110:35477, ac6515ab-7f57-4be9-890d-e6c3f39530d6:192.168.69.110:33100, 9c2f1846-7b39-4e2e-8d6b-c7bc4b1d2c98:192.168.69.110:45394], old=null at 0
2019-07-30 20:52:43,646 INFO  impl.RaftServerImpl (ServerState.java:setRaftConf(361)) - ac6515ab-7f57-4be9-890d-e6c3f39530d6:group-5704C879B952 set configuration 0: [99fe9e29-c4ea-4845-bab8-1c47d07b3122:192.168.69.110:35477, ac6515ab-7f57-4be9-890d-e6c3f39530d6:192.168.69.110:33100, 9c2f1846-7b39-4e2e-8d6b-c7bc4b1d2c98:192.168.69.110:45394], old=null at 0
2019-07-30 20:52:43,646 INFO  segmented.SegmentedRaftLogWorker (SegmentedRaftLogWorker.java:startLogSegment(380)) - 9c2f1846-7b39-4e2e-8d6b-c7bc4b1d2c98-SegmentedRaftLogWorker:Storage Directory /workdir/hadoop-ozone/integration-test/target/test-dir/MiniOzoneClusterImpl-71486f19-fdcc-4ccd-ad00-df52007dc384/datanode-0/data/ratis/c216730c-8591-42cc-bc7d-5704c879b952: Starting segment from index:0
2019-07-30 20:52:43,646 INFO  segmented.SegmentedRaftLogWorker (SegmentedRaftLogWorker.java:startLogSegment(380)) - ac6515ab-7f57-4be9-890d-e6c3f39530d6-SegmentedRaftLogWorker:Storage Directory /workdir/hadoop-ozone/integration-test/target/test-dir/MiniOzoneClusterImpl-71486f19-fdcc-4ccd-ad00-df52007dc384/datanode-5/data/ratis/c216730c-8591-42cc-bc7d-5704c879b952: Starting segment from index:0
2019-07-30 20:52:43,671 INFO  segmented.SegmentedRaftLogWorker (SegmentedRaftLogWorker.java:execute(569)) - ac6515ab-7f57-4be9-890d-e6c3f39530d6-SegmentedRaftLogWorker:Storage Directory /workdir/hadoop-ozone/integration-test/target/test-dir/MiniOzoneClusterImpl-71486f19-fdcc-4ccd-ad00-df52007dc384/datanode-5/data/ratis/c216730c-8591-42cc-bc7d-5704c879b952: created new log segment /workdir/hadoop-ozone/integration-test/target/test-dir/MiniOzoneClusterImpl-71486f19-fdcc-4ccd-ad00-df52007dc384/datanode-5/data/ratis/c216730c-8591-42cc-bc7d-5704c879b952/current/log_inprogress_0
2019-07-30 20:52:43,671 INFO  segmented.SegmentedRaftLogWorker (SegmentedRaftLogWorker.java:execute(569)) - 9c2f1846-7b39-4e2e-8d6b-c7bc4b1d2c98-SegmentedRaftLogWorker:Storage Directory /workdir/hadoop-ozone/integration-test/target/test-dir/MiniOzoneClusterImpl-71486f19-fdcc-4ccd-ad00-df52007dc384/datanode-0/data/ratis/c216730c-8591-42cc-bc7d-5704c879b952: created new log segment /workdir/hadoop-ozone/integration-test/target/test-dir/MiniOzoneClusterImpl-71486f19-fdcc-4ccd-ad00-df52007dc384/datanode-0/data/ratis/c216730c-8591-42cc-bc7d-5704c879b952/current/log_inprogress_0
2019-07-30 20:52:43,955 INFO  client.GrpcClientProtocolClient (GrpcClientProtocolClient.java:onNext(255)) - client-354E97C36747->9c2f1846-7b39-4e2e-8d6b-c7bc4b1d2c98: receive RaftClientReply:client-354E97C36747->9c2f1846-7b39-4e2e-8d6b-c7bc4b1d2c98@group-5704C879B952, cid=12, FAILED org.apache.ratis.protocol.NotLeaderException: Server 9c2f1846-7b39-4e2e-8d6b-c7bc4b1d2c98 is not the leader (99fe9e29-c4ea-4845-bab8-1c47d07b3122:192.168.69.110:35477). Request must be sent to leader., logIndex=0, commits[9c2f1846-7b39-4e2e-8d6b-c7bc4b1d2c98:c0, 99fe9e29-c4ea-4845-bab8-1c47d07b3122:c0, ac6515ab-7f57-4be9-890d-e6c3f39530d6:c-1]
2019-07-30 20:52:43,976 WARN  io.KeyOutputStream (KeyOutputStream.java:handleException(276)) - Encountered exception java.io.IOException: Unexpected Storage Container Exception: java.util.concurrent.CompletionException: java.util.concurrent.CompletionException: org.apache.ratis.protocol.RaftRetryFailureException: Failed RaftClientRequest:client-354E97C36747->9c2f1846-7b39-4e2e-8d6b-c7bc4b1d2c98@group-5704C879B952, cid=12, seq=1*, RW, org.apache.hadoop.hdds.scm.XceiverClientRatis$$Lambda$314/1472633143@41caba8 for 5 attempts with RetryLimited(maxAttempts=5, sleepTime=1000ms) on the pipeline Pipeline[ Id: c216730c-8591-42cc-bc7d-5704c879b952, Nodes: 9c2f1846-7b39-4e2e-8d6b-c7bc4b1d2c98{ip: 192.168.69.110, host: byscane-nightly-zbvcj-1516659162, networkLocation: /default-rack, certSerialId: null}ac6515ab-7f57-4be9-890d-e6c3f39530d6{ip: 192.168.69.110, host: byscane-nightly-zbvcj-1516659162, networkLocation: /default-rack, certSerialId: null}99fe9e29-c4ea-4845-bab8-1c47d07b3122{ip: 192.168.69.110, host: byscane-nightly-zbvcj-1516659162, networkLocation: /default-rack, certSerialId: null}, Type:RATIS, Factor:THREE, State:OPEN]. The last committed block length is 0, uncommitted data length is 2097152 retry count 0
2019-07-30 20:52:44,031 INFO  client.GrpcClientProtocolClient (GrpcClientProtocolClient.java:onNext(255)) - client-538A0633377E->6ab7926d-3f9b-4c64-ab37-9be39e927c33: receive RaftClientReply:client-538A0633377E->6ab7926d-3f9b-4c64-ab37-9be39e927c33@group-6ABAB39D0A7D, cid=16, FAILED org.apache.ratis.protocol.NotLeaderException: Server 6ab7926d-3f9b-4c64-ab37-9be39e927c33 is not the leader (null). Request must be sent to leader., logIndex=0, commits[6ab7926d-3f9b-4c64-ab37-9be39e927c33:c-1]
2019-07-30 20:52:45,064 INFO  client.GrpcClientProtocolClient (GrpcClientProtocolClient.java:onNext(255)) - client-538A0633377E->2df62944-4aab-4ff8-9d56-5ee181333552: receive RaftClientReply:client-538A0633377E->2df62944-4aab-4ff8-9d56-5ee181333552@group-6ABAB39D0A7D, cid=16, FAILED org.apache.ratis.protocol.NotLeaderException: Server 2df62944-4aab-4ff8-9d56-5ee181333552 is not the leader (null). Request must be sent to leader., logIndex=0, commits[2df62944-4aab-4ff8-9d56-5ee181333552:c-1]
2019-07-30 20:52:46,095 INFO  client.GrpcClientProtocolClient (GrpcClientProtocolClient.java:onNext(255)) - client-538A0633377E->6ab7926d-3f9b-4c64-ab37-9be39e927c33: receive RaftClientReply:client-538A0633377E->6ab7926d-3f9b-4c64-ab37-9be39e927c33@group-6ABAB39D0A7D, cid=16, FAILED org.apache.ratis.protocol.NotLeaderException: Server 6ab7926d-3f9b-4c64-ab37-9be39e927c33 is not the leader (null). Request must be sent to leader., logIndex=0, commits[6ab7926d-3f9b-4c64-ab37-9be39e927c33:c-1]
2019-07-30 20:52:47,122 INFO  client.GrpcClientProtocolClient (GrpcClientProtocolClient.java:onNext(255)) - client-538A0633377E->a3c235ca-8d39-45c7-8076-b2072c1120df: receive RaftClientReply:client-538A0633377E->a3c235ca-8d39-45c7-8076-b2072c1120df@group-6ABAB39D0A7D, cid=16, FAILED org.apache.ratis.protocol.NotLeaderException: Server a3c235ca-8d39-45c7-8076-b2072c1120df is not the leader (null). Request must be sent to leader., logIndex=0, commits[a3c235ca-8d39-45c7-8076-b2072c1120df:c-1]
2019-07-30 20:52:48,148 INFO  client.GrpcClientProtocolClient (GrpcClientProtocolClient.java:onNext(255)) - client-538A0633377E->6ab7926d-3f9b-4c64-ab37-9be39e927c33: receive RaftClientReply:client-538A0633377E->6ab7926d-3f9b-4c64-ab37-9be39e927c33@group-6ABAB39D0A7D, cid=16, FAILED org.apache.ratis.protocol.NotLeaderException: Server 6ab7926d-3f9b-4c64-ab37-9be39e927c33 is not the leader (null). Request must be sent to leader., logIndex=0, commits[6ab7926d-3f9b-4c64-ab37-9be39e927c33:c-1]
2019-07-30 20:52:48,157 WARN  io.KeyOutputStream (KeyOutputStream.java:handleException(276)) - Encountered exception java.io.IOException: Unexpected Storage Container Exception: java.util.concurrent.CompletionException: java.util.concurrent.CompletionException: org.apache.ratis.protocol.RaftRetryFailureException: Failed RaftClientRequest:client-538A0633377E->6ab7926d-3f9b-4c64-ab37-9be39e927c33@group-6ABAB39D0A7D, cid=16, seq=1*, RW, org.apache.hadoop.hdds.scm.XceiverClientRatis$$Lambda$314/1472633143@2258fbc9 for 5 attempts with RetryLimited(maxAttempts=5, sleepTime=1000ms) on the pipeline Pipeline[ Id: 44532282-5cab-430e-87d3-6abab39d0a7d, Nodes: 6ab7926d-3f9b-4c64-ab37-9be39e927c33{ip: 192.168.69.110, host: byscane-nightly-zbvcj-1516659162, networkLocation: /default-rack, certSerialId: null}2df62944-4aab-4ff8-9d56-5ee181333552{ip: 192.168.69.110, host: byscane-nightly-zbvcj-1516659162, networkLocation: /default-rack, certSerialId: null}a3c235ca-8d39-45c7-8076-b2072c1120df{ip: 192.168.69.110, host: byscane-nightly-zbvcj-1516659162, networkLocation: /default-rack, certSerialId: null}, Type:RATIS, Factor:THREE, State:OPEN]. The last committed block length is 0, uncommitted data length is 2097152 retry count 1
2019-07-30 20:52:48,170 WARN  block.BlockManagerImpl (BlockManagerImpl.java:allocateBlock(192)) - Pipeline creation failed for type:RATIS factor:THREE. Retrying get pipelines call once.
org.apache.hadoop.hdds.scm.pipeline.InsufficientDatanodesException: Cannot create pipeline of factor 3 using 0 nodes.
	at org.apache.hadoop.hdds.scm.pipeline.RatisPipelineProvider.create(RatisPipelineProvider.java:151)
	at org.apache.hadoop.hdds.scm.pipeline.PipelineFactory.create(PipelineFactory.java:57)
	at org.apache.hadoop.hdds.scm.pipeline.SCMPipelineManager.createPipeline(SCMPipelineManager.java:149)
	at org.apache.hadoop.hdds.scm.block.BlockManagerImpl.allocateBlock(BlockManagerImpl.java:190)
	at org.apache.hadoop.hdds.scm.server.SCMBlockProtocolServer.allocateBlock(SCMBlockProtocolServer.java:175)
	at org.apache.hadoop.ozone.protocolPB.ScmBlockLocationProtocolServerSideTranslatorPB.allocateScmBlock(ScmBlockLocationProtocolServerSideTranslatorPB.java:153)
	at org.apache.hadoop.ozone.protocolPB.ScmBlockLocationProtocolServerSideTranslatorPB.send(ScmBlockLocationProtocolServerSideTranslatorPB.java:112)
	at org.apache.hadoop.hdds.protocol.proto.ScmBlockLocationProtocolProtos$ScmBlockLocationProtocolService$2.callBlockingMethod(ScmBlockLocationProtocolProtos.java:13157)
	at org.apache.hadoop.ipc.ProtobufRpcEngine$Server$ProtoBufRpcInvoker.call(ProtobufRpcEngine.java:524)
	at org.apache.hadoop.ipc.RPC$Server.call(RPC.java:1025)
	at org.apache.hadoop.ipc.Server$RpcCall.run(Server.java:876)
	at org.apache.hadoop.ipc.Server$RpcCall.run(Server.java:822)
	at java.security.AccessController.doPrivileged(Native Method)
	at javax.security.auth.Subject.doAs(Subject.java:422)
	at org.apache.hadoop.security.UserGroupInformation.doAs(UserGroupInformation.java:1730)
	at org.apache.hadoop.ipc.Server$Handler.run(Server.java:2682)
2019-07-30 20:52:48,172 INFO  block.BlockManagerImpl (BlockManagerImpl.java:allocateBlock(198)) - Could not find available pipeline of type:RATIS and factor:THREE even after retrying
2019-07-30 20:52:48,172 ERROR block.BlockManagerImpl (BlockManagerImpl.java:allocateBlock(222)) - Unable to allocate a block for the size: 4194304, type: RATIS, factor: THREE
20:52:48.177 [IPC Server handler 1 on 35075] ERROR OMAudit - user=jenkins1000 | ip=127.0.0.1 | op=ALLOCATE_BLOCK {volume=datanodefailurehandlingtest, bucket=datanodefailurehandlingtest, key=ratis3, dataSize=0, replicationType=null, replicationFactor=null, keyLocationInfo=null, clientID=102532380066381824} | ret=FAILURE
org.apache.hadoop.hdds.scm.exceptions.SCMException: Allocated 0 blocks. Requested 1 blocks
	at org.apache.hadoop.hdds.scm.protocolPB.ScmBlockLocationProtocolClientSideTranslatorPB.handleError(ScmBlockLocationProtocolClientSideTranslatorPB.java:118) ~[hadoop-hdds-common-0.4.1-SNAPSHOT.jar:?]
	at org.apache.hadoop.hdds.scm.protocolPB.ScmBlockLocationProtocolClientSideTranslatorPB.allocateBlock(ScmBlockLocationProtocolClientSideTranslatorPB.java:156) ~[hadoop-hdds-common-0.4.1-SNAPSHOT.jar:?]
	at sun.reflect.NativeMethodAccessorImpl.invoke0(Native Method) ~[?:1.8.0_212]
	at sun.reflect.NativeMethodAccessorImpl.invoke(NativeMethodAccessorImpl.java:62) ~[?:1.8.0_212]
	at sun.reflect.DelegatingMethodAccessorImpl.invoke(DelegatingMethodAccessorImpl.java:43) ~[?:1.8.0_212]
	at java.lang.reflect.Method.invoke(Method.java:498) ~[?:1.8.0_212]
	at org.apache.hadoop.hdds.tracing.TraceAllMethod.invoke(TraceAllMethod.java:66) ~[hadoop-hdds-common-0.4.1-SNAPSHOT.jar:?]
	at com.sun.proxy.$Proxy25.allocateBlock(Unknown Source) ~[?:?]
	at org.apache.hadoop.ozone.om.KeyManagerImpl.allocateBlock(KeyManagerImpl.java:333) ~[hadoop-ozone-ozone-manager-0.4.1-SNAPSHOT.jar:?]
	at org.apache.hadoop.ozone.om.KeyManagerImpl.allocateBlock(KeyManagerImpl.java:304) ~[hadoop-ozone-ozone-manager-0.4.1-SNAPSHOT.jar:?]
	at org.apache.hadoop.ozone.om.OzoneManager.allocateBlock(OzoneManager.java:2291) [hadoop-ozone-ozone-manager-0.4.1-SNAPSHOT.jar:?]
	at org.apache.hadoop.ozone.protocolPB.OzoneManagerRequestHandler.allocateBlock(OzoneManagerRequestHandler.java:717) [hadoop-ozone-ozone-manager-0.4.1-SNAPSHOT.jar:?]
	at org.apache.hadoop.ozone.protocolPB.OzoneManagerRequestHandler.handle(OzoneManagerRequestHandler.java:240) [hadoop-ozone-ozone-manager-0.4.1-SNAPSHOT.jar:?]
	at org.apache.hadoop.ozone.protocolPB.OzoneManagerProtocolServerSideTranslatorPB.submitRequestDirectlyToOM(OzoneManagerProtocolServerSideTranslatorPB.java:192) [hadoop-ozone-ozone-manager-0.4.1-SNAPSHOT.jar:?]
	at org.apache.hadoop.ozone.protocolPB.OzoneManagerProtocolServerSideTranslatorPB.submitRequest(OzoneManagerProtocolServerSideTranslatorPB.java:110) [hadoop-ozone-ozone-manager-0.4.1-SNAPSHOT.jar:?]
	at org.apache.hadoop.ozone.protocol.proto.OzoneManagerProtocolProtos$OzoneManagerService$2.callBlockingMethod(OzoneManagerProtocolProtos.java) [hadoop-ozone-common-0.4.1-SNAPSHOT.jar:?]
	at org.apache.hadoop.ipc.ProtobufRpcEngine$Server$ProtoBufRpcInvoker.call(ProtobufRpcEngine.java:524) [hadoop-common-3.2.0.jar:?]
	at org.apache.hadoop.ipc.RPC$Server.call(RPC.java:1025) [hadoop-common-3.2.0.jar:?]
	at org.apache.hadoop.ipc.Server$RpcCall.run(Server.java:876) [hadoop-common-3.2.0.jar:?]
	at org.apache.hadoop.ipc.Server$RpcCall.run(Server.java:822) [hadoop-common-3.2.0.jar:?]
	at java.security.AccessController.doPrivileged(Native Method) [?:1.8.0_212]
	at javax.security.auth.Subject.doAs(Subject.java:422) [?:1.8.0_212]
	at org.apache.hadoop.security.UserGroupInformation.doAs(UserGroupInformation.java:1730) [hadoop-common-3.2.0.jar:?]
	at org.apache.hadoop.ipc.Server$Handler.run(Server.java:2682) [hadoop-common-3.2.0.jar:?]
2019-07-30 20:52:48,193 ERROR io.BlockOutputStreamEntryPool (BlockOutputStreamEntryPool.java:allocateBlockIfNeeded(299)) - Try to allocate more blocks for write failed, already allocated 0 blocks for this write.
INTERNAL_ERROR org.apache.hadoop.ozone.om.exceptions.OMException: Allocated 0 blocks. Requested 1 blocks
	at org.apache.hadoop.ozone.om.protocolPB.OzoneManagerProtocolClientSideTranslatorPB.handleError(OzoneManagerProtocolClientSideTranslatorPB.java:720)
	at org.apache.hadoop.ozone.om.protocolPB.OzoneManagerProtocolClientSideTranslatorPB.allocateBlock(OzoneManagerProtocolClientSideTranslatorPB.java:752)
	at org.apache.hadoop.ozone.client.io.BlockOutputStreamEntryPool.allocateNewBlock(BlockOutputStreamEntryPool.java:248)
	at org.apache.hadoop.ozone.client.io.BlockOutputStreamEntryPool.allocateBlockIfNeeded(BlockOutputStreamEntryPool.java:296)
	at org.apache.hadoop.ozone.client.io.KeyOutputStream.handleWrite(KeyOutputStream.java:201)
	at org.apache.hadoop.ozone.client.io.KeyOutputStream.handleRetry(KeyOutputStream.java:376)
	at org.apache.hadoop.ozone.client.io.KeyOutputStream.handleException(KeyOutputStream.java:325)
	at org.apache.hadoop.ozone.client.io.KeyOutputStream.handleWrite(KeyOutputStream.java:231)
	at org.apache.hadoop.ozone.client.io.KeyOutputStream.handleRetry(KeyOutputStream.java:376)
	at org.apache.hadoop.ozone.client.io.KeyOutputStream.handleException(KeyOutputStream.java:325)
	at org.apache.hadoop.ozone.client.io.KeyOutputStream.handleWrite(KeyOutputStream.java:231)
	at org.apache.hadoop.ozone.client.io.KeyOutputStream.write(KeyOutputStream.java:193)
	at org.apache.hadoop.ozone.client.io.OzoneOutputStream.write(OzoneOutputStream.java:49)
	at java.io.OutputStream.write(OutputStream.java:75)
	at org.apache.hadoop.ozone.client.rpc.TestMultiBlockWritesWithDnFailures.testMultiBlockWritesWithDnFailures(TestMultiBlockWritesWithDnFailures.java:122)
	at sun.reflect.NativeMethodAccessorImpl.invoke0(Native Method)
	at sun.reflect.NativeMethodAccessorImpl.invoke(NativeMethodAccessorImpl.java:62)
	at sun.reflect.DelegatingMethodAccessorImpl.invoke(DelegatingMethodAccessorImpl.java:43)
	at java.lang.reflect.Method.invoke(Method.java:498)
	at org.junit.runners.model.FrameworkMethod$1.runReflectiveCall(FrameworkMethod.java:47)
	at org.junit.internal.runners.model.ReflectiveCallable.run(ReflectiveCallable.java:12)
	at org.junit.runners.model.FrameworkMethod.invokeExplosively(FrameworkMethod.java:44)
	at org.junit.internal.runners.statements.InvokeMethod.evaluate(InvokeMethod.java:17)
	at org.junit.runners.ParentRunner.runLeaf(ParentRunner.java:271)
	at org.junit.runners.BlockJUnit4ClassRunner.runChild(BlockJUnit4ClassRunner.java:70)
	at org.junit.runners.BlockJUnit4ClassRunner.runChild(BlockJUnit4ClassRunner.java:50)
	at org.junit.runners.ParentRunner$3.run(ParentRunner.java:238)
	at org.junit.runners.ParentRunner$1.schedule(ParentRunner.java:63)
	at org.junit.runners.ParentRunner.runChildren(ParentRunner.java:236)
	at org.junit.runners.ParentRunner.access$000(ParentRunner.java:53)
	at org.junit.runners.ParentRunner$2.evaluate(ParentRunner.java:229)
	at org.junit.runners.ParentRunner.run(ParentRunner.java:309)
	at org.apache.maven.surefire.junit4.JUnit4Provider.execute(JUnit4Provider.java:365)
	at org.apache.maven.surefire.junit4.JUnit4Provider.executeWithRerun(JUnit4Provider.java:273)
	at org.apache.maven.surefire.junit4.JUnit4Provider.executeTestSet(JUnit4Provider.java:238)
	at org.apache.maven.surefire.junit4.JUnit4Provider.invoke(JUnit4Provider.java:159)
	at org.apache.maven.surefire.booter.ForkedBooter.invokeProviderInSameClassLoader(ForkedBooter.java:384)
	at org.apache.maven.surefire.booter.ForkedBooter.runSuitesInProcess(ForkedBooter.java:345)
	at org.apache.maven.surefire.booter.ForkedBooter.execute(ForkedBooter.java:126)
	at org.apache.maven.surefire.booter.ForkedBooter.main(ForkedBooter.java:418)
]]></system-out>
    <system-err><![CDATA[ERROR StatusLogger No Log4j 2 configuration file found. Using default configuration (logging only errors to the console), or user programmatically provided configurations. Set system property 'log4j2.debug' to show Log4j 2 internal initialization logging. See https://logging.apache.org/log4j/2.x/manual/configuration.html for instructions on how to configure Log4j 2
Jul 30, 2019 8:52:31 PM com.sun.jersey.server.impl.application.WebApplicationImpl _initiate
INFO: Initiating Jersey application, version 'Jersey: 1.19 02/11/2015 03:25 AM'
Jul 30, 2019 8:52:32 PM com.sun.jersey.server.impl.application.WebApplicationImpl _initiate
INFO: Initiating Jersey application, version 'Jersey: 1.19 02/11/2015 03:25 AM'
Jul 30, 2019 8:52:33 PM com.sun.jersey.server.impl.application.WebApplicationImpl _initiate
INFO: Initiating Jersey application, version 'Jersey: 1.19 02/11/2015 03:25 AM'
Jul 30, 2019 8:52:33 PM com.sun.jersey.server.impl.application.WebApplicationImpl _initiate
INFO: Initiating Jersey application, version 'Jersey: 1.19 02/11/2015 03:25 AM'
Jul 30, 2019 8:52:33 PM com.sun.jersey.server.impl.application.WebApplicationImpl _initiate
INFO: Initiating Jersey application, version 'Jersey: 1.19 02/11/2015 03:25 AM'
Jul 30, 2019 8:52:33 PM com.sun.jersey.server.impl.application.WebApplicationImpl _initiate
INFO: Initiating Jersey application, version 'Jersey: 1.19 02/11/2015 03:25 AM'
]]></system-err>
  </testcase>
</testsuite>