<?xml version="1.0" encoding="UTF-8"?>
<testsuite xmlns:xsi="http://www.w3.org/2001/XMLSchema-instance" xsi:noNamespaceSchemaLocation="https://maven.apache.org/surefire/maven-surefire-plugin/xsd/surefire-test-report.xsd" name="org.apache.hadoop.ozone.client.rpc.TestSecureOzoneRpcClient" time="52.839" tests="68" errors="6" skipped="3" failures="0">
  <properties>
    <property name="awt.toolkit" value="sun.awt.X11.XToolkit"/>
    <property name="file.encoding.pkg" value="sun.io"/>
    <property name="java.specification.version" value="1.8"/>
    <property name="sun.cpu.isalist" value=""/>
    <property name="sun.jnu.encoding" value="UTF-8"/>
    <property name="java.class.path" value="/workdir/hadoop-ozone/integration-test/target/test-classes:/workdir/hadoop-ozone/integration-test/target/classes:/home/user/.m2/repository/org/apache/hadoop/hadoop-ozone-common/0.4.1-SNAPSHOT/hadoop-ozone-common-0.4.1-SNAPSHOT.jar:/home/user/.m2/repository/org/apache/commons/commons-compress/1.4.1/commons-compress-1.4.1.jar:/home/user/.m2/repository/org/tukaani/xz/1.0/xz-1.0.jar:/home/user/.m2/repository/org/apache/hadoop/hadoop-common/3.2.0/hadoop-common-3.2.0.jar:/home/user/.m2/repository/org/apache/hadoop/hadoop-hdfs/3.2.0/hadoop-hdfs-3.2.0.jar:/home/user/.m2/repository/org/apache/hadoop/hadoop-hdfs-client/3.2.0/hadoop-hdfs-client-3.2.0.jar:/home/user/.m2/repository/com/fasterxml/jackson/core/jackson-annotations/2.9.5/jackson-annotations-2.9.5.jar:/home/user/.m2/repository/org/apache/hadoop/hadoop-hdds-common/0.4.1-SNAPSHOT/hadoop-hdds-common-0.4.1-SNAPSHOT.jar:/home/user/.m2/repository/javax/annotation/javax.annotation-api/1.2/javax.annotation-api-1.2.jar:/home/user/.m2/repository/org/apache/ratis/ratis-server/0.4.0-2337318-SNAPSHOT/ratis-server-0.4.0-2337318-SNAPSHOT.jar:/home/user/.m2/repository/org/apache/ratis/ratis-thirdparty-misc/0.2.0/ratis-thirdparty-misc-0.2.0.jar:/home/user/.m2/repository/org/apache/ratis/ratis-proto/0.4.0-2337318-SNAPSHOT/ratis-proto-0.4.0-2337318-SNAPSHOT.jar:/home/user/.m2/repository/org/apache/ratis/ratis-common/0.4.0-2337318-SNAPSHOT/ratis-common-0.4.0-2337318-SNAPSHOT.jar:/home/user/.m2/repository/org/apache/ratis/ratis-client/0.4.0-2337318-SNAPSHOT/ratis-client-0.4.0-2337318-SNAPSHOT.jar:/home/user/.m2/repository/org/apache/ratis/ratis-metrics/0.4.0-2337318-SNAPSHOT/ratis-metrics-0.4.0-2337318-SNAPSHOT.jar:/home/user/.m2/repository/org/apache/ratis/ratis-netty/0.4.0-2337318-SNAPSHOT/ratis-netty-0.4.0-2337318-SNAPSHOT.jar:/home/user/.m2/repository/org/apache/ratis/ratis-grpc/0.4.0-2337318-SNAPSHOT/ratis-grpc-0.4.0-2337318-SNAPSHOT.jar:/home/user/.m2/repository/org/rocksdb/rocksdbjni/6.0.1/rocksdbjni-6.0.1.jar:/home/user/.m2/repository/org/apache/logging/log4j/log4j-api/2.11.0/log4j-api-2.11.0.jar:/home/user/.m2/repository/org/apache/logging/log4j/log4j-core/2.11.0/log4j-core-2.11.0.jar:/home/user/.m2/repository/com/lmax/disruptor/3.4.2/disruptor-3.4.2.jar:/home/user/.m2/repository/org/apache/commons/commons-pool2/2.6.0/commons-pool2-2.6.0.jar:/home/user/.m2/repository/org/bouncycastle/bcpkix-jdk15on/1.60/bcpkix-jdk15on-1.60.jar:/home/user/.m2/repository/commons-validator/commons-validator/1.6/commons-validator-1.6.jar:/home/user/.m2/repository/commons-digester/commons-digester/1.8.1/commons-digester-1.8.1.jar:/home/user/.m2/repository/io/jaegertracing/jaeger-client/0.33.1/jaeger-client-0.33.1.jar:/home/user/.m2/repository/io/jaegertracing/jaeger-thrift/0.33.1/jaeger-thrift-0.33.1.jar:/home/user/.m2/repository/org/apache/thrift/libthrift/0.11.0/libthrift-0.11.0.jar:/home/user/.m2/repository/com/squareup/okhttp3/okhttp/3.9.0/okhttp-3.9.0.jar:/home/user/.m2/repository/com/squareup/okio/okio/1.13.0/okio-1.13.0.jar:/home/user/.m2/repository/io/jaegertracing/jaeger-core/0.33.1/jaeger-core-0.33.1.jar:/home/user/.m2/repository/io/jaegertracing/jaeger-tracerresolver/0.33.1/jaeger-tracerresolver-0.33.1.jar:/home/user/.m2/repository/io/opentracing/contrib/opentracing-tracerresolver/0.1.5/opentracing-tracerresolver-0.1.5.jar:/home/user/.m2/repository/io/opentracing/opentracing-util/0.31.0/opentracing-util-0.31.0.jar:/home/user/.m2/repository/io/opentracing/opentracing-api/0.31.0/opentracing-api-0.31.0.jar:/home/user/.m2/repository/io/opentracing/opentracing-noop/0.31.0/opentracing-noop-0.31.0.jar:/home/user/.m2/repository/org/apache/hadoop/hadoop-hdds-server-framework/0.4.1-SNAPSHOT/hadoop-hdds-server-framework-0.4.1-SNAPSHOT.jar:/home/user/.m2/repository/org/apache/hadoop/hadoop-hdds-container-service/0.4.1-SNAPSHOT/hadoop-hdds-container-service-0.4.1-SNAPSHOT.jar:/home/user/.m2/repository/org/apache/hadoop/hadoop-hdds-client/0.4.1-SNAPSHOT/hadoop-hdds-client-0.4.1-SNAPSHOT.jar:/home/user/.m2/repository/org/apache/hadoop/hadoop-hdds-tools/0.4.1-SNAPSHOT/hadoop-hdds-tools-0.4.1-SNAPSHOT.jar:/home/user/.m2/repository/org/apache/hadoop/hadoop-hdds-server-scm/0.4.1-SNAPSHOT/hadoop-hdds-server-scm-0.4.1-SNAPSHOT.jar:/home/user/.m2/repository/org/apache/hadoop/hadoop-hdds-docs/0.4.1-SNAPSHOT/hadoop-hdds-docs-0.4.1-SNAPSHOT.jar:/home/user/.m2/repository/io/dropwizard/metrics/metrics-core/3.2.4/metrics-core-3.2.4.jar:/home/user/.m2/repository/org/hamcrest/hamcrest-all/1.3/hamcrest-all-1.3.jar:/home/user/.m2/repository/org/bouncycastle/bcprov-jdk15on/1.60/bcprov-jdk15on-1.60.jar:/home/user/.m2/repository/info/picocli/picocli/3.9.6/picocli-3.9.6.jar:/home/user/.m2/repository/com/google/protobuf/protobuf-java/2.5.0/protobuf-java-2.5.0.jar:/home/user/.m2/repository/com/google/guava/guava/11.0.2/guava-11.0.2.jar:/home/user/.m2/repository/org/apache/hadoop/hadoop-ozone-ozone-manager/0.4.1-SNAPSHOT/hadoop-ozone-ozone-manager-0.4.1-SNAPSHOT.jar:/home/user/.m2/repository/org/apache/hadoop/hadoop-minikdc/3.2.0/hadoop-minikdc-3.2.0.jar:/home/user/.m2/repository/commons-io/commons-io/2.5/commons-io-2.5.jar:/home/user/.m2/repository/org/apache/kerby/kerb-simplekdc/1.0.1/kerb-simplekdc-1.0.1.jar:/home/user/.m2/repository/org/apache/kerby/kerb-client/1.0.1/kerb-client-1.0.1.jar:/home/user/.m2/repository/org/apache/kerby/kerby-config/1.0.1/kerby-config-1.0.1.jar:/home/user/.m2/repository/org/apache/kerby/kerb-core/1.0.1/kerb-core-1.0.1.jar:/home/user/.m2/repository/org/apache/kerby/kerby-pkix/1.0.1/kerby-pkix-1.0.1.jar:/home/user/.m2/repository/org/apache/kerby/kerby-asn1/1.0.1/kerby-asn1-1.0.1.jar:/home/user/.m2/repository/org/apache/kerby/kerby-util/1.0.1/kerby-util-1.0.1.jar:/home/user/.m2/repository/org/apache/kerby/kerb-common/1.0.1/kerb-common-1.0.1.jar:/home/user/.m2/repository/org/apache/kerby/kerb-crypto/1.0.1/kerb-crypto-1.0.1.jar:/home/user/.m2/repository/org/apache/kerby/kerb-util/1.0.1/kerb-util-1.0.1.jar:/home/user/.m2/repository/org/apache/kerby/token-provider/1.0.1/token-provider-1.0.1.jar:/home/user/.m2/repository/org/apache/kerby/kerb-admin/1.0.1/kerb-admin-1.0.1.jar:/home/user/.m2/repository/org/apache/kerby/kerb-server/1.0.1/kerb-server-1.0.1.jar:/home/user/.m2/repository/org/apache/kerby/kerb-identity/1.0.1/kerb-identity-1.0.1.jar:/home/user/.m2/repository/org/apache/kerby/kerby-xdr/1.0.1/kerby-xdr-1.0.1.jar:/home/user/.m2/repository/org/slf4j/slf4j-log4j12/1.7.25/slf4j-log4j12-1.7.25.jar:/home/user/.m2/repository/org/apache/hadoop/hadoop-ozone-objectstore-service/0.4.1-SNAPSHOT/hadoop-ozone-objectstore-service-0.4.1-SNAPSHOT.jar:/home/user/.m2/repository/org/apache/hadoop/hadoop-ozone-s3gateway/0.4.1-SNAPSHOT/hadoop-ozone-s3gateway-0.4.1-SNAPSHOT.jar:/home/user/.m2/repository/org/jboss/weld/servlet/weld-servlet/2.4.7.Final/weld-servlet-2.4.7.Final.jar:/home/user/.m2/repository/org/glassfish/jersey/containers/jersey-container-servlet-core/2.27/jersey-container-servlet-core-2.27.jar:/home/user/.m2/repository/org/glassfish/hk2/external/javax.inject/2.5.0-b42/javax.inject-2.5.0-b42.jar:/home/user/.m2/repository/org/glassfish/jersey/core/jersey-common/2.27/jersey-common-2.27.jar:/home/user/.m2/repository/org/glassfish/hk2/osgi-resource-locator/1.0.1/osgi-resource-locator-1.0.1.jar:/home/user/.m2/repository/javax/ws/rs/javax.ws.rs-api/2.1/javax.ws.rs-api-2.1.jar:/home/user/.m2/repository/org/glassfish/jersey/ext/cdi/jersey-cdi1x/2.27/jersey-cdi1x-2.27.jar:/home/user/.m2/repository/org/glassfish/jersey/inject/jersey-hk2/2.27/jersey-hk2-2.27.jar:/home/user/.m2/repository/org/glassfish/hk2/hk2-locator/2.5.0-b42/hk2-locator-2.5.0-b42.jar:/home/user/.m2/repository/org/javassist/javassist/3.22.0-CR2/javassist-3.22.0-CR2.jar:/home/user/.m2/repository/org/glassfish/hk2/hk2-api/2.5.0/hk2-api-2.5.0.jar:/home/user/.m2/repository/org/glassfish/hk2/external/jakarta.inject/2.5.0/jakarta.inject-2.5.0.jar:/home/user/.m2/repository/org/glassfish/hk2/hk2-utils/2.5.0/hk2-utils-2.5.0.jar:/home/user/.m2/repository/jakarta/annotation/jakarta.annotation-api/1.3.4/jakarta.annotation-api-1.3.4.jar:/home/user/.m2/repository/org/glassfish/hk2/external/aopalliance-repackaged/2.5.0/aopalliance-repackaged-2.5.0.jar:/home/user/.m2/repository/com/fasterxml/jackson/dataformat/jackson-dataformat-xml/2.9.0/jackson-dataformat-xml-2.9.0.jar:/home/user/.m2/repository/com/fasterxml/jackson/core/jackson-core/2.9.5/jackson-core-2.9.5.jar:/home/user/.m2/repository/com/fasterxml/jackson/module/jackson-module-jaxb-annotations/2.9.5/jackson-module-jaxb-annotations-2.9.5.jar:/home/user/.m2/repository/javax/enterprise/cdi-api/1.2/cdi-api-1.2.jar:/home/user/.m2/repository/javax/el/javax.el-api/3.0.0/javax.el-api-3.0.0.jar:/home/user/.m2/repository/javax/interceptor/javax.interceptor-api/1.2/javax.interceptor-api-1.2.jar:/home/user/.m2/repository/javax/inject/javax.inject/1/javax.inject-1.jar:/home/user/.m2/repository/com/sun/xml/bind/jaxb-impl/2.3.0.1/jaxb-impl-2.3.0.1.jar:/home/user/.m2/repository/com/sun/xml/bind/jaxb-core/2.3.0.1/jaxb-core-2.3.0.1.jar:/home/user/.m2/repository/javax/xml/bind/jaxb-api/2.3.0/jaxb-api-2.3.0.jar:/home/user/.m2/repository/javax/activation/activation/1.1.1/activation-1.1.1.jar:/home/user/.m2/repository/org/apache/hadoop/hadoop-ozone-csi/0.4.1-SNAPSHOT/hadoop-ozone-csi-0.4.1-SNAPSHOT.jar:/home/user/.m2/repository/com/google/protobuf/protobuf-java-util/3.5.1/protobuf-java-util-3.5.1.jar:/home/user/.m2/repository/org/apache/hadoop/hadoop-hdds-config/0.4.1-SNAPSHOT/hadoop-hdds-config-0.4.1-SNAPSHOT.jar:/home/user/.m2/repository/io/grpc/grpc-netty/1.17.1/grpc-netty-1.17.1.jar:/home/user/.m2/repository/io/grpc/grpc-core/1.17.1/grpc-core-1.17.1.jar:/home/user/.m2/repository/io/grpc/grpc-context/1.17.1/grpc-context-1.17.1.jar:/home/user/.m2/repository/com/google/errorprone/error_prone_annotations/2.2.0/error_prone_annotations-2.2.0.jar:/home/user/.m2/repository/org/codehaus/mojo/animal-sniffer-annotations/1.17/animal-sniffer-annotations-1.17.jar:/home/user/.m2/repository/io/opencensus/opencensus-api/0.17.0/opencensus-api-0.17.0.jar:/home/user/.m2/repository/io/opencensus/opencensus-contrib-grpc-metrics/0.17.0/opencensus-contrib-grpc-metrics-0.17.0.jar:/home/user/.m2/repository/io/netty/netty-codec-http2/4.1.30.Final/netty-codec-http2-4.1.30.Final.jar:/home/user/.m2/repository/io/netty/netty-codec-http/4.1.30.Final/netty-codec-http-4.1.30.Final.jar:/home/user/.m2/repository/io/netty/netty-codec/4.1.30.Final/netty-codec-4.1.30.Final.jar:/home/user/.m2/repository/io/netty/netty-handler/4.1.30.Final/netty-handler-4.1.30.Final.jar:/home/user/.m2/repository/io/netty/netty-handler-proxy/4.1.30.Final/netty-handler-proxy-4.1.30.Final.jar:/home/user/.m2/repository/io/netty/netty-codec-socks/4.1.30.Final/netty-codec-socks-4.1.30.Final.jar:/home/user/.m2/repository/io/netty/netty-transport-native-epoll/4.1.30.Final/netty-transport-native-epoll-4.1.30.Final.jar:/home/user/.m2/repository/io/netty/netty-common/4.1.30.Final/netty-common-4.1.30.Final.jar:/home/user/.m2/repository/io/netty/netty-buffer/4.1.30.Final/netty-buffer-4.1.30.Final.jar:/home/user/.m2/repository/io/netty/netty-transport/4.1.30.Final/netty-transport-4.1.30.Final.jar:/home/user/.m2/repository/io/netty/netty-resolver/4.1.30.Final/netty-resolver-4.1.30.Final.jar:/home/user/.m2/repository/io/netty/netty-transport-native-unix-common/4.1.30.Final/netty-transport-native-unix-common-4.1.30.Final.jar:/home/user/.m2/repository/io/grpc/grpc-protobuf/1.17.1/grpc-protobuf-1.17.1.jar:/home/user/.m2/repository/com/google/api/grpc/proto-google-common-protos/1.0.0/proto-google-common-protos-1.0.0.jar:/home/user/.m2/repository/io/grpc/grpc-protobuf-lite/1.17.1/grpc-protobuf-lite-1.17.1.jar:/home/user/.m2/repository/io/grpc/grpc-stub/1.17.1/grpc-stub-1.17.1.jar:/home/user/.m2/repository/org/apache/hadoop/hadoop-ozone-recon/0.4.1-SNAPSHOT/hadoop-ozone-recon-0.4.1-SNAPSHOT.jar:/home/user/.m2/repository/org/apache/hadoop/hadoop-ozone-reconcodegen/0.4.1-SNAPSHOT/hadoop-ozone-reconcodegen-0.4.1-SNAPSHOT.jar:/home/user/.m2/repository/com/google/inject/extensions/guice-multibindings/4.0/guice-multibindings-4.0.jar:/home/user/.m2/repository/com/google/inject/guice/4.0/guice-4.0.jar:/home/user/.m2/repository/aopalliance/aopalliance/1.0/aopalliance-1.0.jar:/home/user/.m2/repository/com/google/inject/extensions/guice-servlet/4.0/guice-servlet-4.0.jar:/home/user/.m2/repository/org/glassfish/jersey/containers/jersey-container-servlet/2.27/jersey-container-servlet-2.27.jar:/home/user/.m2/repository/org/glassfish/hk2/guice-bridge/2.5.0/guice-bridge-2.5.0.jar:/home/user/.m2/repository/org/glassfish/jersey/core/jersey-server/2.27/jersey-server-2.27.jar:/home/user/.m2/repository/org/glassfish/jersey/core/jersey-client/2.27/jersey-client-2.27.jar:/home/user/.m2/repository/org/glassfish/jersey/media/jersey-media-jaxb/2.27/jersey-media-jaxb-2.27.jar:/home/user/.m2/repository/javax/validation/validation-api/1.1.0.Final/validation-api-1.1.0.Final.jar:/home/user/.m2/repository/org/glassfish/jersey/media/jersey-media-json-jackson/2.27/jersey-media-json-jackson-2.27.jar:/home/user/.m2/repository/org/glassfish/jersey/ext/jersey-entity-filtering/2.27/jersey-entity-filtering-2.27.jar:/home/user/.m2/repository/com/google/inject/extensions/guice-assistedinject/4.0/guice-assistedinject-4.0.jar:/home/user/.m2/repository/org/jooq/jooq/3.11.10/jooq-3.11.10.jar:/home/user/.m2/repository/org/jooq/jooq-meta/3.11.10/jooq-meta-3.11.10.jar:/home/user/.m2/repository/org/jooq/jooq-codegen/3.11.10/jooq-codegen-3.11.10.jar:/home/user/.m2/repository/com/jolbox/bonecp/0.8.0.RELEASE/bonecp-0.8.0.RELEASE.jar:/home/user/.m2/repository/org/xerial/sqlite-jdbc/3.25.2/sqlite-jdbc-3.25.2.jar:/home/user/.m2/repository/org/springframework/spring-jdbc/5.1.3.RELEASE/spring-jdbc-5.1.3.RELEASE.jar:/home/user/.m2/repository/org/springframework/spring-beans/5.1.3.RELEASE/spring-beans-5.1.3.RELEASE.jar:/home/user/.m2/repository/org/springframework/spring-core/5.1.3.RELEASE/spring-core-5.1.3.RELEASE.jar:/home/user/.m2/repository/org/springframework/spring-jcl/5.1.3.RELEASE/spring-jcl-5.1.3.RELEASE.jar:/home/user/.m2/repository/org/springframework/spring-tx/5.1.3.RELEASE/spring-tx-5.1.3.RELEASE.jar:/home/user/.m2/repository/org/apache/hadoop/hadoop-ozone-client/0.4.1-SNAPSHOT/hadoop-ozone-client-0.4.1-SNAPSHOT.jar:/home/user/.m2/repository/commons-lang/commons-lang/2.6/commons-lang-2.6.jar:/home/user/.m2/repository/org/apache/hadoop/hadoop-ozone-ozone-manager/0.4.1-SNAPSHOT/hadoop-ozone-ozone-manager-0.4.1-SNAPSHOT-tests.jar:/home/user/.m2/repository/junit/junit/4.11/junit-4.11.jar:/home/user/.m2/repository/org/hamcrest/hamcrest-core/1.3/hamcrest-core-1.3.jar:/home/user/.m2/repository/org/openjdk/jmh/jmh-core/1.19/jmh-core-1.19.jar:/home/user/.m2/repository/net/sf/jopt-simple/jopt-simple/4.6/jopt-simple-4.6.jar:/home/user/.m2/repository/org/apache/commons/commons-math3/3.1.1/commons-math3-3.1.1.jar:/home/user/.m2/repository/org/openjdk/jmh/jmh-generator-annprocess/1.19/jmh-generator-annprocess-1.19.jar:/home/user/.m2/repository/org/mockito/mockito-all/1.8.5/mockito-all-1.8.5.jar:/home/user/.m2/repository/org/apache/hadoop/hadoop-kms/3.2.0/hadoop-kms-3.2.0.jar:/home/user/.m2/repository/org/apache/hadoop/hadoop-auth/3.2.0/hadoop-auth-3.2.0.jar:/home/user/.m2/repository/com/nimbusds/nimbus-jose-jwt/4.41.1/nimbus-jose-jwt-4.41.1.jar:/home/user/.m2/repository/com/github/stephenc/jcip/jcip-annotations/1.0-1/jcip-annotations-1.0-1.jar:/home/user/.m2/repository/net/minidev/json-smart/2.3/json-smart-2.3.jar:/home/user/.m2/repository/net/minidev/accessors-smart/1.2/accessors-smart-1.2.jar:/home/user/.m2/repository/org/ow2/asm/asm/5.0.4/asm-5.0.4.jar:/home/user/.m2/repository/org/apache/curator/curator-framework/2.12.0/curator-framework-2.12.0.jar:/home/user/.m2/repository/com/sun/jersey/jersey-core/1.19/jersey-core-1.19.jar:/home/user/.m2/repository/javax/ws/rs/jsr311-api/1.1.1/jsr311-api-1.1.1.jar:/home/user/.m2/repository/com/sun/jersey/jersey-server/1.19/jersey-server-1.19.jar:/home/user/.m2/repository/javax/servlet/javax.servlet-api/3.1.0/javax.servlet-api-3.1.0.jar:/home/user/.m2/repository/org/eclipse/jetty/jetty-server/9.3.24.v20180605/jetty-server-9.3.24.v20180605.jar:/home/user/.m2/repository/org/eclipse/jetty/jetty-http/9.3.24.v20180605/jetty-http-9.3.24.v20180605.jar:/home/user/.m2/repository/org/eclipse/jetty/jetty-io/9.3.24.v20180605/jetty-io-9.3.24.v20180605.jar:/home/user/.m2/repository/org/eclipse/jetty/jetty-webapp/9.3.24.v20180605/jetty-webapp-9.3.24.v20180605.jar:/home/user/.m2/repository/org/eclipse/jetty/jetty-xml/9.3.24.v20180605/jetty-xml-9.3.24.v20180605.jar:/home/user/.m2/repository/log4j/log4j/1.2.17/log4j-1.2.17.jar:/home/user/.m2/repository/org/slf4j/slf4j-api/1.7.25/slf4j-api-1.7.25.jar:/home/user/.m2/repository/org/slf4j/jul-to-slf4j/1.7.25/jul-to-slf4j-1.7.25.jar:/home/user/.m2/repository/org/eclipse/jetty/jetty-util/9.3.24.v20180605/jetty-util-9.3.24.v20180605.jar:/home/user/.m2/repository/com/fasterxml/jackson/core/jackson-databind/2.9.5/jackson-databind-2.9.5.jar:/home/user/.m2/repository/org/apache/hadoop/hadoop-kms/3.2.0/hadoop-kms-3.2.0-tests.jar:/home/user/.m2/repository/org/apache/hadoop/hadoop-hdds-server-scm/0.4.1-SNAPSHOT/hadoop-hdds-server-scm-0.4.1-SNAPSHOT-tests.jar:/home/user/.m2/repository/org/apache/hadoop/hadoop-hdds-container-service/0.4.1-SNAPSHOT/hadoop-hdds-container-service-0.4.1-SNAPSHOT-tests.jar:/home/user/.m2/repository/org/yaml/snakeyaml/1.16/snakeyaml-1.16.jar:/home/user/.m2/repository/org/apache/hadoop/hadoop-common/3.2.0/hadoop-common-3.2.0-tests.jar:/home/user/.m2/repository/org/apache/hadoop/hadoop-annotations/3.2.0/hadoop-annotations-3.2.0.jar:/usr/lib/jvm/java-1.8-openjdk/jre/../lib/tools.jar:/home/user/.m2/repository/commons-cli/commons-cli/1.2/commons-cli-1.2.jar:/home/user/.m2/repository/org/apache/httpcomponents/httpclient/4.5.2/httpclient-4.5.2.jar:/home/user/.m2/repository/org/apache/httpcomponents/httpcore/4.4.4/httpcore-4.4.4.jar:/home/user/.m2/repository/commons-codec/commons-codec/1.11/commons-codec-1.11.jar:/home/user/.m2/repository/commons-net/commons-net/3.6/commons-net-3.6.jar:/home/user/.m2/repository/commons-collections/commons-collections/3.2.2/commons-collections-3.2.2.jar:/home/user/.m2/repository/org/eclipse/jetty/jetty-servlet/9.3.24.v20180605/jetty-servlet-9.3.24.v20180605.jar:/home/user/.m2/repository/org/eclipse/jetty/jetty-security/9.3.24.v20180605/jetty-security-9.3.24.v20180605.jar:/home/user/.m2/repository/javax/servlet/jsp/jsp-api/2.1/jsp-api-2.1.jar:/home/user/.m2/repository/com/sun/jersey/jersey-servlet/1.19/jersey-servlet-1.19.jar:/home/user/.m2/repository/com/sun/jersey/jersey-json/1.19/jersey-json-1.19.jar:/home/user/.m2/repository/org/codehaus/jettison/jettison/1.1/jettison-1.1.jar:/home/user/.m2/repository/org/codehaus/jackson/jackson-core-asl/1.9.13/jackson-core-asl-1.9.13.jar:/home/user/.m2/repository/org/codehaus/jackson/jackson-mapper-asl/1.9.13/jackson-mapper-asl-1.9.13.jar:/home/user/.m2/repository/org/codehaus/jackson/jackson-jaxrs/1.9.13/jackson-jaxrs-1.9.13.jar:/home/user/.m2/repository/org/codehaus/jackson/jackson-xc/1.9.13/jackson-xc-1.9.13.jar:/home/user/.m2/repository/commons-logging/commons-logging/1.1.3/commons-logging-1.1.3.jar:/home/user/.m2/repository/commons-beanutils/commons-beanutils/1.9.3/commons-beanutils-1.9.3.jar:/home/user/.m2/repository/org/apache/commons/commons-configuration2/2.1.1/commons-configuration2-2.1.1.jar:/home/user/.m2/repository/org/apache/commons/commons-lang3/3.7/commons-lang3-3.7.jar:/home/user/.m2/repository/org/apache/commons/commons-text/1.4/commons-text-1.4.jar:/home/user/.m2/repository/org/apache/avro/avro/1.7.7/avro-1.7.7.jar:/home/user/.m2/repository/com/thoughtworks/paranamer/paranamer/2.3/paranamer-2.3.jar:/home/user/.m2/repository/org/xerial/snappy/snappy-java/1.0.5/snappy-java-1.0.5.jar:/home/user/.m2/repository/com/google/re2j/re2j/1.1/re2j-1.1.jar:/home/user/.m2/repository/com/google/code/gson/gson/2.2.4/gson-2.2.4.jar:/home/user/.m2/repository/com/jcraft/jsch/0.1.54/jsch-0.1.54.jar:/home/user/.m2/repository/org/apache/curator/curator-client/2.12.0/curator-client-2.12.0.jar:/home/user/.m2/repository/org/apache/curator/curator-recipes/2.12.0/curator-recipes-2.12.0.jar:/home/user/.m2/repository/com/google/code/findbugs/jsr305/3.0.0/jsr305-3.0.0.jar:/home/user/.m2/repository/org/apache/htrace/htrace-core4/4.1.0-incubating/htrace-core4-4.1.0-incubating.jar:/home/user/.m2/repository/org/apache/zookeeper/zookeeper/3.4.13/zookeeper-3.4.13.jar:/home/user/.m2/repository/org/apache/yetus/audience-annotations/0.5.0/audience-annotations-0.5.0.jar:/home/user/.m2/repository/org/codehaus/woodstox/stax2-api/3.1.4/stax2-api-3.1.4.jar:/home/user/.m2/repository/com/fasterxml/woodstox/woodstox-core/5.0.3/woodstox-core-5.0.3.jar:/home/user/.m2/repository/dnsjava/dnsjava/2.1.7/dnsjava-2.1.7.jar:/home/user/.m2/repository/org/apache/hadoop/hadoop-hdfs/3.2.0/hadoop-hdfs-3.2.0-tests.jar:/home/user/.m2/repository/org/eclipse/jetty/jetty-util-ajax/9.3.24.v20180605/jetty-util-ajax-9.3.24.v20180605.jar:/home/user/.m2/repository/commons-daemon/commons-daemon/1.0.13/commons-daemon-1.0.13.jar:/home/user/.m2/repository/io/netty/netty/3.10.5.Final/netty-3.10.5.Final.jar:/home/user/.m2/repository/io/netty/netty-all/4.0.52.Final/netty-all-4.0.52.Final.jar:/home/user/.m2/repository/org/fusesource/leveldbjni/leveldbjni-all/1.8/leveldbjni-all-1.8.jar:"/>
    <property name="java.vm.vendor" value="IcedTea"/>
    <property name="sun.arch.data.model" value="64"/>
    <property name="test.build.dir" value="/workdir/hadoop-ozone/integration-test/target/test-dir"/>
    <property name="test.cache.data" value=""/>
    <property name="java.vendor.url" value="https://icedtea.classpath.org"/>
    <property name="user.timezone" value=""/>
    <property name="java.vm.specification.version" value="1.8"/>
    <property name="os.name" value="Linux"/>
    <property name="test.build.data" value="/workdir/hadoop-ozone/integration-test/target/test-dir"/>
    <property name="user.country" value="US"/>
    <property name="sun.java.launcher" value="SUN_STANDARD"/>
    <property name="sun.boot.library.path" value="/usr/lib/jvm/java-1.8-openjdk/jre/lib/amd64"/>
    <property name="sun.java.command" value="/workdir/hadoop-ozone/integration-test/target/surefire/surefirebooter8367416395085659738.jar /workdir/hadoop-ozone/integration-test/target/surefire 2019-07-30T19-42-33_317-jvmRun1 surefire6272503081668045242tmp surefire_736765847213083058871tmp"/>
    <property name="surefire.test.class.path" value="/workdir/hadoop-ozone/integration-test/target/test-classes:/workdir/hadoop-ozone/integration-test/target/classes:/home/user/.m2/repository/org/apache/hadoop/hadoop-ozone-common/0.4.1-SNAPSHOT/hadoop-ozone-common-0.4.1-SNAPSHOT.jar:/home/user/.m2/repository/org/apache/commons/commons-compress/1.4.1/commons-compress-1.4.1.jar:/home/user/.m2/repository/org/tukaani/xz/1.0/xz-1.0.jar:/home/user/.m2/repository/org/apache/hadoop/hadoop-common/3.2.0/hadoop-common-3.2.0.jar:/home/user/.m2/repository/org/apache/hadoop/hadoop-hdfs/3.2.0/hadoop-hdfs-3.2.0.jar:/home/user/.m2/repository/org/apache/hadoop/hadoop-hdfs-client/3.2.0/hadoop-hdfs-client-3.2.0.jar:/home/user/.m2/repository/com/fasterxml/jackson/core/jackson-annotations/2.9.5/jackson-annotations-2.9.5.jar:/home/user/.m2/repository/org/apache/hadoop/hadoop-hdds-common/0.4.1-SNAPSHOT/hadoop-hdds-common-0.4.1-SNAPSHOT.jar:/home/user/.m2/repository/javax/annotation/javax.annotation-api/1.2/javax.annotation-api-1.2.jar:/home/user/.m2/repository/org/apache/ratis/ratis-server/0.4.0-2337318-SNAPSHOT/ratis-server-0.4.0-2337318-SNAPSHOT.jar:/home/user/.m2/repository/org/apache/ratis/ratis-thirdparty-misc/0.2.0/ratis-thirdparty-misc-0.2.0.jar:/home/user/.m2/repository/org/apache/ratis/ratis-proto/0.4.0-2337318-SNAPSHOT/ratis-proto-0.4.0-2337318-SNAPSHOT.jar:/home/user/.m2/repository/org/apache/ratis/ratis-common/0.4.0-2337318-SNAPSHOT/ratis-common-0.4.0-2337318-SNAPSHOT.jar:/home/user/.m2/repository/org/apache/ratis/ratis-client/0.4.0-2337318-SNAPSHOT/ratis-client-0.4.0-2337318-SNAPSHOT.jar:/home/user/.m2/repository/org/apache/ratis/ratis-metrics/0.4.0-2337318-SNAPSHOT/ratis-metrics-0.4.0-2337318-SNAPSHOT.jar:/home/user/.m2/repository/org/apache/ratis/ratis-netty/0.4.0-2337318-SNAPSHOT/ratis-netty-0.4.0-2337318-SNAPSHOT.jar:/home/user/.m2/repository/org/apache/ratis/ratis-grpc/0.4.0-2337318-SNAPSHOT/ratis-grpc-0.4.0-2337318-SNAPSHOT.jar:/home/user/.m2/repository/org/rocksdb/rocksdbjni/6.0.1/rocksdbjni-6.0.1.jar:/home/user/.m2/repository/org/apache/logging/log4j/log4j-api/2.11.0/log4j-api-2.11.0.jar:/home/user/.m2/repository/org/apache/logging/log4j/log4j-core/2.11.0/log4j-core-2.11.0.jar:/home/user/.m2/repository/com/lmax/disruptor/3.4.2/disruptor-3.4.2.jar:/home/user/.m2/repository/org/apache/commons/commons-pool2/2.6.0/commons-pool2-2.6.0.jar:/home/user/.m2/repository/org/bouncycastle/bcpkix-jdk15on/1.60/bcpkix-jdk15on-1.60.jar:/home/user/.m2/repository/commons-validator/commons-validator/1.6/commons-validator-1.6.jar:/home/user/.m2/repository/commons-digester/commons-digester/1.8.1/commons-digester-1.8.1.jar:/home/user/.m2/repository/io/jaegertracing/jaeger-client/0.33.1/jaeger-client-0.33.1.jar:/home/user/.m2/repository/io/jaegertracing/jaeger-thrift/0.33.1/jaeger-thrift-0.33.1.jar:/home/user/.m2/repository/org/apache/thrift/libthrift/0.11.0/libthrift-0.11.0.jar:/home/user/.m2/repository/com/squareup/okhttp3/okhttp/3.9.0/okhttp-3.9.0.jar:/home/user/.m2/repository/com/squareup/okio/okio/1.13.0/okio-1.13.0.jar:/home/user/.m2/repository/io/jaegertracing/jaeger-core/0.33.1/jaeger-core-0.33.1.jar:/home/user/.m2/repository/io/jaegertracing/jaeger-tracerresolver/0.33.1/jaeger-tracerresolver-0.33.1.jar:/home/user/.m2/repository/io/opentracing/contrib/opentracing-tracerresolver/0.1.5/opentracing-tracerresolver-0.1.5.jar:/home/user/.m2/repository/io/opentracing/opentracing-util/0.31.0/opentracing-util-0.31.0.jar:/home/user/.m2/repository/io/opentracing/opentracing-api/0.31.0/opentracing-api-0.31.0.jar:/home/user/.m2/repository/io/opentracing/opentracing-noop/0.31.0/opentracing-noop-0.31.0.jar:/home/user/.m2/repository/org/apache/hadoop/hadoop-hdds-server-framework/0.4.1-SNAPSHOT/hadoop-hdds-server-framework-0.4.1-SNAPSHOT.jar:/home/user/.m2/repository/org/apache/hadoop/hadoop-hdds-container-service/0.4.1-SNAPSHOT/hadoop-hdds-container-service-0.4.1-SNAPSHOT.jar:/home/user/.m2/repository/org/apache/hadoop/hadoop-hdds-client/0.4.1-SNAPSHOT/hadoop-hdds-client-0.4.1-SNAPSHOT.jar:/home/user/.m2/repository/org/apache/hadoop/hadoop-hdds-tools/0.4.1-SNAPSHOT/hadoop-hdds-tools-0.4.1-SNAPSHOT.jar:/home/user/.m2/repository/org/apache/hadoop/hadoop-hdds-server-scm/0.4.1-SNAPSHOT/hadoop-hdds-server-scm-0.4.1-SNAPSHOT.jar:/home/user/.m2/repository/org/apache/hadoop/hadoop-hdds-docs/0.4.1-SNAPSHOT/hadoop-hdds-docs-0.4.1-SNAPSHOT.jar:/home/user/.m2/repository/io/dropwizard/metrics/metrics-core/3.2.4/metrics-core-3.2.4.jar:/home/user/.m2/repository/org/hamcrest/hamcrest-all/1.3/hamcrest-all-1.3.jar:/home/user/.m2/repository/org/bouncycastle/bcprov-jdk15on/1.60/bcprov-jdk15on-1.60.jar:/home/user/.m2/repository/info/picocli/picocli/3.9.6/picocli-3.9.6.jar:/home/user/.m2/repository/com/google/protobuf/protobuf-java/2.5.0/protobuf-java-2.5.0.jar:/home/user/.m2/repository/com/google/guava/guava/11.0.2/guava-11.0.2.jar:/home/user/.m2/repository/org/apache/hadoop/hadoop-ozone-ozone-manager/0.4.1-SNAPSHOT/hadoop-ozone-ozone-manager-0.4.1-SNAPSHOT.jar:/home/user/.m2/repository/org/apache/hadoop/hadoop-minikdc/3.2.0/hadoop-minikdc-3.2.0.jar:/home/user/.m2/repository/commons-io/commons-io/2.5/commons-io-2.5.jar:/home/user/.m2/repository/org/apache/kerby/kerb-simplekdc/1.0.1/kerb-simplekdc-1.0.1.jar:/home/user/.m2/repository/org/apache/kerby/kerb-client/1.0.1/kerb-client-1.0.1.jar:/home/user/.m2/repository/org/apache/kerby/kerby-config/1.0.1/kerby-config-1.0.1.jar:/home/user/.m2/repository/org/apache/kerby/kerb-core/1.0.1/kerb-core-1.0.1.jar:/home/user/.m2/repository/org/apache/kerby/kerby-pkix/1.0.1/kerby-pkix-1.0.1.jar:/home/user/.m2/repository/org/apache/kerby/kerby-asn1/1.0.1/kerby-asn1-1.0.1.jar:/home/user/.m2/repository/org/apache/kerby/kerby-util/1.0.1/kerby-util-1.0.1.jar:/home/user/.m2/repository/org/apache/kerby/kerb-common/1.0.1/kerb-common-1.0.1.jar:/home/user/.m2/repository/org/apache/kerby/kerb-crypto/1.0.1/kerb-crypto-1.0.1.jar:/home/user/.m2/repository/org/apache/kerby/kerb-util/1.0.1/kerb-util-1.0.1.jar:/home/user/.m2/repository/org/apache/kerby/token-provider/1.0.1/token-provider-1.0.1.jar:/home/user/.m2/repository/org/apache/kerby/kerb-admin/1.0.1/kerb-admin-1.0.1.jar:/home/user/.m2/repository/org/apache/kerby/kerb-server/1.0.1/kerb-server-1.0.1.jar:/home/user/.m2/repository/org/apache/kerby/kerb-identity/1.0.1/kerb-identity-1.0.1.jar:/home/user/.m2/repository/org/apache/kerby/kerby-xdr/1.0.1/kerby-xdr-1.0.1.jar:/home/user/.m2/repository/org/slf4j/slf4j-log4j12/1.7.25/slf4j-log4j12-1.7.25.jar:/home/user/.m2/repository/org/apache/hadoop/hadoop-ozone-objectstore-service/0.4.1-SNAPSHOT/hadoop-ozone-objectstore-service-0.4.1-SNAPSHOT.jar:/home/user/.m2/repository/org/apache/hadoop/hadoop-ozone-s3gateway/0.4.1-SNAPSHOT/hadoop-ozone-s3gateway-0.4.1-SNAPSHOT.jar:/home/user/.m2/repository/org/jboss/weld/servlet/weld-servlet/2.4.7.Final/weld-servlet-2.4.7.Final.jar:/home/user/.m2/repository/org/glassfish/jersey/containers/jersey-container-servlet-core/2.27/jersey-container-servlet-core-2.27.jar:/home/user/.m2/repository/org/glassfish/hk2/external/javax.inject/2.5.0-b42/javax.inject-2.5.0-b42.jar:/home/user/.m2/repository/org/glassfish/jersey/core/jersey-common/2.27/jersey-common-2.27.jar:/home/user/.m2/repository/org/glassfish/hk2/osgi-resource-locator/1.0.1/osgi-resource-locator-1.0.1.jar:/home/user/.m2/repository/javax/ws/rs/javax.ws.rs-api/2.1/javax.ws.rs-api-2.1.jar:/home/user/.m2/repository/org/glassfish/jersey/ext/cdi/jersey-cdi1x/2.27/jersey-cdi1x-2.27.jar:/home/user/.m2/repository/org/glassfish/jersey/inject/jersey-hk2/2.27/jersey-hk2-2.27.jar:/home/user/.m2/repository/org/glassfish/hk2/hk2-locator/2.5.0-b42/hk2-locator-2.5.0-b42.jar:/home/user/.m2/repository/org/javassist/javassist/3.22.0-CR2/javassist-3.22.0-CR2.jar:/home/user/.m2/repository/org/glassfish/hk2/hk2-api/2.5.0/hk2-api-2.5.0.jar:/home/user/.m2/repository/org/glassfish/hk2/external/jakarta.inject/2.5.0/jakarta.inject-2.5.0.jar:/home/user/.m2/repository/org/glassfish/hk2/hk2-utils/2.5.0/hk2-utils-2.5.0.jar:/home/user/.m2/repository/jakarta/annotation/jakarta.annotation-api/1.3.4/jakarta.annotation-api-1.3.4.jar:/home/user/.m2/repository/org/glassfish/hk2/external/aopalliance-repackaged/2.5.0/aopalliance-repackaged-2.5.0.jar:/home/user/.m2/repository/com/fasterxml/jackson/dataformat/jackson-dataformat-xml/2.9.0/jackson-dataformat-xml-2.9.0.jar:/home/user/.m2/repository/com/fasterxml/jackson/core/jackson-core/2.9.5/jackson-core-2.9.5.jar:/home/user/.m2/repository/com/fasterxml/jackson/module/jackson-module-jaxb-annotations/2.9.5/jackson-module-jaxb-annotations-2.9.5.jar:/home/user/.m2/repository/javax/enterprise/cdi-api/1.2/cdi-api-1.2.jar:/home/user/.m2/repository/javax/el/javax.el-api/3.0.0/javax.el-api-3.0.0.jar:/home/user/.m2/repository/javax/interceptor/javax.interceptor-api/1.2/javax.interceptor-api-1.2.jar:/home/user/.m2/repository/javax/inject/javax.inject/1/javax.inject-1.jar:/home/user/.m2/repository/com/sun/xml/bind/jaxb-impl/2.3.0.1/jaxb-impl-2.3.0.1.jar:/home/user/.m2/repository/com/sun/xml/bind/jaxb-core/2.3.0.1/jaxb-core-2.3.0.1.jar:/home/user/.m2/repository/javax/xml/bind/jaxb-api/2.3.0/jaxb-api-2.3.0.jar:/home/user/.m2/repository/javax/activation/activation/1.1.1/activation-1.1.1.jar:/home/user/.m2/repository/org/apache/hadoop/hadoop-ozone-csi/0.4.1-SNAPSHOT/hadoop-ozone-csi-0.4.1-SNAPSHOT.jar:/home/user/.m2/repository/com/google/protobuf/protobuf-java-util/3.5.1/protobuf-java-util-3.5.1.jar:/home/user/.m2/repository/org/apache/hadoop/hadoop-hdds-config/0.4.1-SNAPSHOT/hadoop-hdds-config-0.4.1-SNAPSHOT.jar:/home/user/.m2/repository/io/grpc/grpc-netty/1.17.1/grpc-netty-1.17.1.jar:/home/user/.m2/repository/io/grpc/grpc-core/1.17.1/grpc-core-1.17.1.jar:/home/user/.m2/repository/io/grpc/grpc-context/1.17.1/grpc-context-1.17.1.jar:/home/user/.m2/repository/com/google/errorprone/error_prone_annotations/2.2.0/error_prone_annotations-2.2.0.jar:/home/user/.m2/repository/org/codehaus/mojo/animal-sniffer-annotations/1.17/animal-sniffer-annotations-1.17.jar:/home/user/.m2/repository/io/opencensus/opencensus-api/0.17.0/opencensus-api-0.17.0.jar:/home/user/.m2/repository/io/opencensus/opencensus-contrib-grpc-metrics/0.17.0/opencensus-contrib-grpc-metrics-0.17.0.jar:/home/user/.m2/repository/io/netty/netty-codec-http2/4.1.30.Final/netty-codec-http2-4.1.30.Final.jar:/home/user/.m2/repository/io/netty/netty-codec-http/4.1.30.Final/netty-codec-http-4.1.30.Final.jar:/home/user/.m2/repository/io/netty/netty-codec/4.1.30.Final/netty-codec-4.1.30.Final.jar:/home/user/.m2/repository/io/netty/netty-handler/4.1.30.Final/netty-handler-4.1.30.Final.jar:/home/user/.m2/repository/io/netty/netty-handler-proxy/4.1.30.Final/netty-handler-proxy-4.1.30.Final.jar:/home/user/.m2/repository/io/netty/netty-codec-socks/4.1.30.Final/netty-codec-socks-4.1.30.Final.jar:/home/user/.m2/repository/io/netty/netty-transport-native-epoll/4.1.30.Final/netty-transport-native-epoll-4.1.30.Final.jar:/home/user/.m2/repository/io/netty/netty-common/4.1.30.Final/netty-common-4.1.30.Final.jar:/home/user/.m2/repository/io/netty/netty-buffer/4.1.30.Final/netty-buffer-4.1.30.Final.jar:/home/user/.m2/repository/io/netty/netty-transport/4.1.30.Final/netty-transport-4.1.30.Final.jar:/home/user/.m2/repository/io/netty/netty-resolver/4.1.30.Final/netty-resolver-4.1.30.Final.jar:/home/user/.m2/repository/io/netty/netty-transport-native-unix-common/4.1.30.Final/netty-transport-native-unix-common-4.1.30.Final.jar:/home/user/.m2/repository/io/grpc/grpc-protobuf/1.17.1/grpc-protobuf-1.17.1.jar:/home/user/.m2/repository/com/google/api/grpc/proto-google-common-protos/1.0.0/proto-google-common-protos-1.0.0.jar:/home/user/.m2/repository/io/grpc/grpc-protobuf-lite/1.17.1/grpc-protobuf-lite-1.17.1.jar:/home/user/.m2/repository/io/grpc/grpc-stub/1.17.1/grpc-stub-1.17.1.jar:/home/user/.m2/repository/org/apache/hadoop/hadoop-ozone-recon/0.4.1-SNAPSHOT/hadoop-ozone-recon-0.4.1-SNAPSHOT.jar:/home/user/.m2/repository/org/apache/hadoop/hadoop-ozone-reconcodegen/0.4.1-SNAPSHOT/hadoop-ozone-reconcodegen-0.4.1-SNAPSHOT.jar:/home/user/.m2/repository/com/google/inject/extensions/guice-multibindings/4.0/guice-multibindings-4.0.jar:/home/user/.m2/repository/com/google/inject/guice/4.0/guice-4.0.jar:/home/user/.m2/repository/aopalliance/aopalliance/1.0/aopalliance-1.0.jar:/home/user/.m2/repository/com/google/inject/extensions/guice-servlet/4.0/guice-servlet-4.0.jar:/home/user/.m2/repository/org/glassfish/jersey/containers/jersey-container-servlet/2.27/jersey-container-servlet-2.27.jar:/home/user/.m2/repository/org/glassfish/hk2/guice-bridge/2.5.0/guice-bridge-2.5.0.jar:/home/user/.m2/repository/org/glassfish/jersey/core/jersey-server/2.27/jersey-server-2.27.jar:/home/user/.m2/repository/org/glassfish/jersey/core/jersey-client/2.27/jersey-client-2.27.jar:/home/user/.m2/repository/org/glassfish/jersey/media/jersey-media-jaxb/2.27/jersey-media-jaxb-2.27.jar:/home/user/.m2/repository/javax/validation/validation-api/1.1.0.Final/validation-api-1.1.0.Final.jar:/home/user/.m2/repository/org/glassfish/jersey/media/jersey-media-json-jackson/2.27/jersey-media-json-jackson-2.27.jar:/home/user/.m2/repository/org/glassfish/jersey/ext/jersey-entity-filtering/2.27/jersey-entity-filtering-2.27.jar:/home/user/.m2/repository/com/google/inject/extensions/guice-assistedinject/4.0/guice-assistedinject-4.0.jar:/home/user/.m2/repository/org/jooq/jooq/3.11.10/jooq-3.11.10.jar:/home/user/.m2/repository/org/jooq/jooq-meta/3.11.10/jooq-meta-3.11.10.jar:/home/user/.m2/repository/org/jooq/jooq-codegen/3.11.10/jooq-codegen-3.11.10.jar:/home/user/.m2/repository/com/jolbox/bonecp/0.8.0.RELEASE/bonecp-0.8.0.RELEASE.jar:/home/user/.m2/repository/org/xerial/sqlite-jdbc/3.25.2/sqlite-jdbc-3.25.2.jar:/home/user/.m2/repository/org/springframework/spring-jdbc/5.1.3.RELEASE/spring-jdbc-5.1.3.RELEASE.jar:/home/user/.m2/repository/org/springframework/spring-beans/5.1.3.RELEASE/spring-beans-5.1.3.RELEASE.jar:/home/user/.m2/repository/org/springframework/spring-core/5.1.3.RELEASE/spring-core-5.1.3.RELEASE.jar:/home/user/.m2/repository/org/springframework/spring-jcl/5.1.3.RELEASE/spring-jcl-5.1.3.RELEASE.jar:/home/user/.m2/repository/org/springframework/spring-tx/5.1.3.RELEASE/spring-tx-5.1.3.RELEASE.jar:/home/user/.m2/repository/org/apache/hadoop/hadoop-ozone-client/0.4.1-SNAPSHOT/hadoop-ozone-client-0.4.1-SNAPSHOT.jar:/home/user/.m2/repository/commons-lang/commons-lang/2.6/commons-lang-2.6.jar:/home/user/.m2/repository/org/apache/hadoop/hadoop-ozone-ozone-manager/0.4.1-SNAPSHOT/hadoop-ozone-ozone-manager-0.4.1-SNAPSHOT-tests.jar:/home/user/.m2/repository/junit/junit/4.11/junit-4.11.jar:/home/user/.m2/repository/org/hamcrest/hamcrest-core/1.3/hamcrest-core-1.3.jar:/home/user/.m2/repository/org/openjdk/jmh/jmh-core/1.19/jmh-core-1.19.jar:/home/user/.m2/repository/net/sf/jopt-simple/jopt-simple/4.6/jopt-simple-4.6.jar:/home/user/.m2/repository/org/apache/commons/commons-math3/3.1.1/commons-math3-3.1.1.jar:/home/user/.m2/repository/org/openjdk/jmh/jmh-generator-annprocess/1.19/jmh-generator-annprocess-1.19.jar:/home/user/.m2/repository/org/mockito/mockito-all/1.8.5/mockito-all-1.8.5.jar:/home/user/.m2/repository/org/apache/hadoop/hadoop-kms/3.2.0/hadoop-kms-3.2.0.jar:/home/user/.m2/repository/org/apache/hadoop/hadoop-auth/3.2.0/hadoop-auth-3.2.0.jar:/home/user/.m2/repository/com/nimbusds/nimbus-jose-jwt/4.41.1/nimbus-jose-jwt-4.41.1.jar:/home/user/.m2/repository/com/github/stephenc/jcip/jcip-annotations/1.0-1/jcip-annotations-1.0-1.jar:/home/user/.m2/repository/net/minidev/json-smart/2.3/json-smart-2.3.jar:/home/user/.m2/repository/net/minidev/accessors-smart/1.2/accessors-smart-1.2.jar:/home/user/.m2/repository/org/ow2/asm/asm/5.0.4/asm-5.0.4.jar:/home/user/.m2/repository/org/apache/curator/curator-framework/2.12.0/curator-framework-2.12.0.jar:/home/user/.m2/repository/com/sun/jersey/jersey-core/1.19/jersey-core-1.19.jar:/home/user/.m2/repository/javax/ws/rs/jsr311-api/1.1.1/jsr311-api-1.1.1.jar:/home/user/.m2/repository/com/sun/jersey/jersey-server/1.19/jersey-server-1.19.jar:/home/user/.m2/repository/javax/servlet/javax.servlet-api/3.1.0/javax.servlet-api-3.1.0.jar:/home/user/.m2/repository/org/eclipse/jetty/jetty-server/9.3.24.v20180605/jetty-server-9.3.24.v20180605.jar:/home/user/.m2/repository/org/eclipse/jetty/jetty-http/9.3.24.v20180605/jetty-http-9.3.24.v20180605.jar:/home/user/.m2/repository/org/eclipse/jetty/jetty-io/9.3.24.v20180605/jetty-io-9.3.24.v20180605.jar:/home/user/.m2/repository/org/eclipse/jetty/jetty-webapp/9.3.24.v20180605/jetty-webapp-9.3.24.v20180605.jar:/home/user/.m2/repository/org/eclipse/jetty/jetty-xml/9.3.24.v20180605/jetty-xml-9.3.24.v20180605.jar:/home/user/.m2/repository/log4j/log4j/1.2.17/log4j-1.2.17.jar:/home/user/.m2/repository/org/slf4j/slf4j-api/1.7.25/slf4j-api-1.7.25.jar:/home/user/.m2/repository/org/slf4j/jul-to-slf4j/1.7.25/jul-to-slf4j-1.7.25.jar:/home/user/.m2/repository/org/eclipse/jetty/jetty-util/9.3.24.v20180605/jetty-util-9.3.24.v20180605.jar:/home/user/.m2/repository/com/fasterxml/jackson/core/jackson-databind/2.9.5/jackson-databind-2.9.5.jar:/home/user/.m2/repository/org/apache/hadoop/hadoop-kms/3.2.0/hadoop-kms-3.2.0-tests.jar:/home/user/.m2/repository/org/apache/hadoop/hadoop-hdds-server-scm/0.4.1-SNAPSHOT/hadoop-hdds-server-scm-0.4.1-SNAPSHOT-tests.jar:/home/user/.m2/repository/org/apache/hadoop/hadoop-hdds-container-service/0.4.1-SNAPSHOT/hadoop-hdds-container-service-0.4.1-SNAPSHOT-tests.jar:/home/user/.m2/repository/org/yaml/snakeyaml/1.16/snakeyaml-1.16.jar:/home/user/.m2/repository/org/apache/hadoop/hadoop-common/3.2.0/hadoop-common-3.2.0-tests.jar:/home/user/.m2/repository/org/apache/hadoop/hadoop-annotations/3.2.0/hadoop-annotations-3.2.0.jar:/usr/lib/jvm/java-1.8-openjdk/jre/../lib/tools.jar:/home/user/.m2/repository/commons-cli/commons-cli/1.2/commons-cli-1.2.jar:/home/user/.m2/repository/org/apache/httpcomponents/httpclient/4.5.2/httpclient-4.5.2.jar:/home/user/.m2/repository/org/apache/httpcomponents/httpcore/4.4.4/httpcore-4.4.4.jar:/home/user/.m2/repository/commons-codec/commons-codec/1.11/commons-codec-1.11.jar:/home/user/.m2/repository/commons-net/commons-net/3.6/commons-net-3.6.jar:/home/user/.m2/repository/commons-collections/commons-collections/3.2.2/commons-collections-3.2.2.jar:/home/user/.m2/repository/org/eclipse/jetty/jetty-servlet/9.3.24.v20180605/jetty-servlet-9.3.24.v20180605.jar:/home/user/.m2/repository/org/eclipse/jetty/jetty-security/9.3.24.v20180605/jetty-security-9.3.24.v20180605.jar:/home/user/.m2/repository/javax/servlet/jsp/jsp-api/2.1/jsp-api-2.1.jar:/home/user/.m2/repository/com/sun/jersey/jersey-servlet/1.19/jersey-servlet-1.19.jar:/home/user/.m2/repository/com/sun/jersey/jersey-json/1.19/jersey-json-1.19.jar:/home/user/.m2/repository/org/codehaus/jettison/jettison/1.1/jettison-1.1.jar:/home/user/.m2/repository/org/codehaus/jackson/jackson-core-asl/1.9.13/jackson-core-asl-1.9.13.jar:/home/user/.m2/repository/org/codehaus/jackson/jackson-mapper-asl/1.9.13/jackson-mapper-asl-1.9.13.jar:/home/user/.m2/repository/org/codehaus/jackson/jackson-jaxrs/1.9.13/jackson-jaxrs-1.9.13.jar:/home/user/.m2/repository/org/codehaus/jackson/jackson-xc/1.9.13/jackson-xc-1.9.13.jar:/home/user/.m2/repository/commons-logging/commons-logging/1.1.3/commons-logging-1.1.3.jar:/home/user/.m2/repository/commons-beanutils/commons-beanutils/1.9.3/commons-beanutils-1.9.3.jar:/home/user/.m2/repository/org/apache/commons/commons-configuration2/2.1.1/commons-configuration2-2.1.1.jar:/home/user/.m2/repository/org/apache/commons/commons-lang3/3.7/commons-lang3-3.7.jar:/home/user/.m2/repository/org/apache/commons/commons-text/1.4/commons-text-1.4.jar:/home/user/.m2/repository/org/apache/avro/avro/1.7.7/avro-1.7.7.jar:/home/user/.m2/repository/com/thoughtworks/paranamer/paranamer/2.3/paranamer-2.3.jar:/home/user/.m2/repository/org/xerial/snappy/snappy-java/1.0.5/snappy-java-1.0.5.jar:/home/user/.m2/repository/com/google/re2j/re2j/1.1/re2j-1.1.jar:/home/user/.m2/repository/com/google/code/gson/gson/2.2.4/gson-2.2.4.jar:/home/user/.m2/repository/com/jcraft/jsch/0.1.54/jsch-0.1.54.jar:/home/user/.m2/repository/org/apache/curator/curator-client/2.12.0/curator-client-2.12.0.jar:/home/user/.m2/repository/org/apache/curator/curator-recipes/2.12.0/curator-recipes-2.12.0.jar:/home/user/.m2/repository/com/google/code/findbugs/jsr305/3.0.0/jsr305-3.0.0.jar:/home/user/.m2/repository/org/apache/htrace/htrace-core4/4.1.0-incubating/htrace-core4-4.1.0-incubating.jar:/home/user/.m2/repository/org/apache/zookeeper/zookeeper/3.4.13/zookeeper-3.4.13.jar:/home/user/.m2/repository/org/apache/yetus/audience-annotations/0.5.0/audience-annotations-0.5.0.jar:/home/user/.m2/repository/org/codehaus/woodstox/stax2-api/3.1.4/stax2-api-3.1.4.jar:/home/user/.m2/repository/com/fasterxml/woodstox/woodstox-core/5.0.3/woodstox-core-5.0.3.jar:/home/user/.m2/repository/dnsjava/dnsjava/2.1.7/dnsjava-2.1.7.jar:/home/user/.m2/repository/org/apache/hadoop/hadoop-hdfs/3.2.0/hadoop-hdfs-3.2.0-tests.jar:/home/user/.m2/repository/org/eclipse/jetty/jetty-util-ajax/9.3.24.v20180605/jetty-util-ajax-9.3.24.v20180605.jar:/home/user/.m2/repository/commons-daemon/commons-daemon/1.0.13/commons-daemon-1.0.13.jar:/home/user/.m2/repository/io/netty/netty/3.10.5.Final/netty-3.10.5.Final.jar:/home/user/.m2/repository/io/netty/netty-all/4.0.52.Final/netty-all-4.0.52.Final.jar:/home/user/.m2/repository/org/fusesource/leveldbjni/leveldbjni-all/1.8/leveldbjni-all-1.8.jar:"/>
    <property name="sun.cpu.endian" value="little"/>
    <property name="user.home" value="/home/user"/>
    <property name="user.language" value="en"/>
    <property name="java.specification.vendor" value="Oracle Corporation"/>
    <property name="java.home" value="/usr/lib/jvm/java-1.8-openjdk/jre"/>
    <property name="java.security.krb5.conf" value="/workdir/hadoop-ozone/integration-test/target/test-classes/krb5.conf"/>
    <property name="basedir" value="/workdir/hadoop-ozone/integration-test"/>
    <property name="file.separator" value="/"/>
    <property name="line.separator" value="&#10;"/>
    <property name="java.vm.specification.vendor" value="Oracle Corporation"/>
    <property name="java.specification.name" value="Java Platform API Specification"/>
    <property name="java.awt.graphicsenv" value="sun.awt.X11GraphicsEnvironment"/>
    <property name="surefire.real.class.path" value="/workdir/hadoop-ozone/integration-test/target/surefire/surefirebooter8367416395085659738.jar"/>
    <property name="hadoop.log.dir" value="/workdir/hadoop-ozone/integration-test/target/log"/>
    <property name="sun.boot.class.path" value="/usr/lib/jvm/java-1.8-openjdk/jre/lib/resources.jar:/usr/lib/jvm/java-1.8-openjdk/jre/lib/rt.jar:/usr/lib/jvm/java-1.8-openjdk/jre/lib/sunrsasign.jar:/usr/lib/jvm/java-1.8-openjdk/jre/lib/jsse.jar:/usr/lib/jvm/java-1.8-openjdk/jre/lib/jce.jar:/usr/lib/jvm/java-1.8-openjdk/jre/lib/charsets.jar:/usr/lib/jvm/java-1.8-openjdk/jre/lib/jfr.jar:/usr/lib/jvm/java-1.8-openjdk/jre/classes"/>
    <property name="sun.management.compiler" value="HotSpot 64-Bit Tiered Compilers"/>
    <property name="java.runtime.version" value="1.8.0_212-b04"/>
    <property name="java.net.preferIPv4Stack" value="true"/>
    <property name="user.name" value="jenkins1000"/>
    <property name="path.separator" value=":"/>
    <property name="java.security.egd" value="file:///dev/urandom"/>
    <property name="os.version" value="3.10.0-957.12.2.el7.x86_64"/>
    <property name="java.endorsed.dirs" value="/usr/lib/jvm/java-1.8-openjdk/jre/lib/endorsed"/>
    <property name="java.runtime.name" value="OpenJDK Runtime Environment"/>
    <property name="file.encoding" value="UTF-8"/>
    <property name="java.vm.name" value="OpenJDK 64-Bit Server VM"/>
    <property name="test.build.webapps" value=""/>
    <property name="localRepository" value="/home/user/.m2/repository"/>
    <property name="java.vendor.url.bug" value="https://icedtea.classpath.org/bugzilla"/>
    <property name="java.io.tmpdir" value="/tmp"/>
    <property name="require.test.libhadoop" value=""/>
    <property name="java.version" value="1.8.0_212"/>
    <property name="user.dir" value="/workdir/hadoop-ozone/integration-test"/>
    <property name="os.arch" value="amd64"/>
    <property name="java.vm.specification.name" value="Java Virtual Machine Specification"/>
    <property name="test.build.classes" value="/workdir/hadoop-ozone/integration-test/target/test-classes"/>
    <property name="java.awt.printerjob" value="sun.print.PSPrinterJob"/>
    <property name="sun.os.patch.level" value="unknown"/>
    <property name="hadoop.tmp.dir" value="/workdir/hadoop-ozone/integration-test/target/tmp"/>
    <property name="java.library.path" value="/usr/lib/jvm/java-1.8-openjdk/jre/lib/amd64/server:/usr/lib/jvm/java-1.8-openjdk/jre/lib/amd64:/usr/lib/jvm/java-1.8-openjdk/jre/../lib/amd64:/workdir/hadoop-ozone/integration-test/target/native/target/usr/local/lib:/workdir/hadoop-ozone/integration-test/../../hadoop-common-project/hadoop-common/target/native/target/usr/local/lib:/usr/java/packages/lib/amd64:/usr/lib64:/lib64:/lib:/usr/lib"/>
    <property name="java.vm.info" value="mixed mode"/>
    <property name="java.vendor" value="IcedTea"/>
    <property name="java.vm.version" value="25.212-b04"/>
    <property name="java.ext.dirs" value="/usr/lib/jvm/java-1.8-openjdk/jre/lib/ext:/usr/java/packages/lib/ext"/>
    <property name="sun.io.unicode.encoding" value="UnicodeLittle"/>
    <property name="java.class.version" value="52.0"/>
  </properties>
  <testcase name="testPutKeySuccessWithBlockToken" classname="org.apache.hadoop.ozone.client.rpc.TestSecureOzoneRpcClient" time="1.559"/>
  <testcase name="testKeyOpFailureWithoutBlockToken" classname="org.apache.hadoop.ozone.client.rpc.TestSecureOzoneRpcClient" time="0">
    <skipped message="Needs to be moved out of this class as  client setup is static"/>
  </testcase>
  <testcase name="testMultipartUpload" classname="org.apache.hadoop.ozone.client.rpc.TestSecureOzoneRpcClient" time="3.552">
    <error message="Unexpected Storage Container Exception: org.apache.hadoop.hdds.scm.container.common.helpers.StorageContainerException: ContainerID 2 does not exist" type="java.io.IOException">java.io.IOException: Unexpected Storage Container Exception: org.apache.hadoop.hdds.scm.container.common.helpers.StorageContainerException: ContainerID 2 does not exist
	at org.apache.hadoop.hdds.scm.storage.BlockOutputStream.setIoException(BlockOutputStream.java:541)
	at org.apache.hadoop.hdds.scm.storage.BlockOutputStream.validateResponse(BlockOutputStream.java:532)
	at org.apache.hadoop.hdds.scm.storage.BlockOutputStream.lambda$writeChunkToContainer$2(BlockOutputStream.java:606)
	at java.util.concurrent.CompletableFuture.uniApply(CompletableFuture.java:602)
	at java.util.concurrent.CompletableFuture$UniApply.tryFire(CompletableFuture.java:577)
	at java.util.concurrent.CompletableFuture$Completion.run(CompletableFuture.java:442)
	at java.util.concurrent.ThreadPoolExecutor.runWorker(ThreadPoolExecutor.java:1149)
	at java.util.concurrent.ThreadPoolExecutor$Worker.run(ThreadPoolExecutor.java:624)
	at java.lang.Thread.run(Thread.java:748)
Caused by: org.apache.hadoop.hdds.scm.container.common.helpers.StorageContainerException: ContainerID 2 does not exist
	at org.apache.hadoop.hdds.scm.storage.ContainerProtocolCalls.validateContainerResponse(ContainerProtocolCalls.java:536)
	at org.apache.hadoop.hdds.scm.storage.BlockOutputStream.validateResponse(BlockOutputStream.java:529)
	... 7 more
</error>
    <system-out><![CDATA[2019-07-30 20:44:49,154 INFO  rpc.RpcClient (RpcClient.java:createVolume(288)) - Creating Volume: 2de83657-488e-467d-ba43-7c757e08d89b, with jenkins1000 as owner.
2019-07-30 20:44:49,158 INFO  rpc.RpcClient (RpcClient.java:createBucket(425)) - Creating Bucket: 2de83657-488e-467d-ba43-7c757e08d89b/2d72862d-f9c9-4b84-a3e7-b3e96f13be34, with Versioning false and Storage Type set to DISK and Encryption set to false 
2019-07-30 20:44:49,282 INFO  client.GrpcClientProtocolClient (GrpcClientProtocolClient.java:onNext(255)) - client-E5429301A4FF->4cbf33ee-83be-45e9-9eef-f0cb4ca9bbc3: receive RaftClientReply:client-E5429301A4FF->4cbf33ee-83be-45e9-9eef-f0cb4ca9bbc3@group-F6617882DA6C, cid=19, FAILED org.apache.ratis.protocol.NotLeaderException: Server 4cbf33ee-83be-45e9-9eef-f0cb4ca9bbc3 is not the leader (null). Request must be sent to leader., logIndex=0, commits[4cbf33ee-83be-45e9-9eef-f0cb4ca9bbc3:c-1]
2019-07-30 20:44:50,323 INFO  client.GrpcClientProtocolClient (GrpcClientProtocolClient.java:onNext(255)) - client-E5429301A4FF->6b23b601-e928-40bb-825b-4ef96912fe68: receive RaftClientReply:client-E5429301A4FF->6b23b601-e928-40bb-825b-4ef96912fe68@group-F6617882DA6C, cid=19, FAILED org.apache.ratis.protocol.NotLeaderException: Server 6b23b601-e928-40bb-825b-4ef96912fe68 is not the leader (null). Request must be sent to leader., logIndex=0, commits[6b23b601-e928-40bb-825b-4ef96912fe68:c-1]
2019-07-30 20:44:50,574 INFO  impl.FollowerState (FollowerState.java:run(106)) - 536259b8-1892-4cd4-a53d-7d17184b8ded:group-C93604715CFB changes to CANDIDATE, lastRpcTime:5042, electionTimeout:5041ms
2019-07-30 20:44:50,574 INFO  impl.RoleInfo (RoleInfo.java:shutdownFollowerState(121)) - 536259b8-1892-4cd4-a53d-7d17184b8ded: shutdown FollowerState
2019-07-30 20:44:50,574 INFO  impl.RaftServerImpl (RaftServerImpl.java:setRole(171)) - 536259b8-1892-4cd4-a53d-7d17184b8ded:group-C93604715CFB changes role from FOLLOWER to CANDIDATE at term 0 for changeToCandidate
2019-07-30 20:44:50,585 INFO  impl.RoleInfo (RoleInfo.java:updateAndGet(143)) - 536259b8-1892-4cd4-a53d-7d17184b8ded: start LeaderElection
2019-07-30 20:44:50,617 INFO  impl.LeaderElection (LeaderElection.java:askForVotes(181)) - 536259b8-1892-4cd4-a53d-7d17184b8ded:group-C93604715CFB:LeaderElection1: begin an election at term 1 for -1: [536259b8-1892-4cd4-a53d-7d17184b8ded:192.168.69.110:42038], old=null
2019-07-30 20:44:50,619 INFO  impl.RoleInfo (RoleInfo.java:shutdownLeaderElection(134)) - 536259b8-1892-4cd4-a53d-7d17184b8ded: shutdown LeaderElection
2019-07-30 20:44:50,619 INFO  impl.RaftServerImpl (RaftServerImpl.java:setRole(171)) - 536259b8-1892-4cd4-a53d-7d17184b8ded:group-C93604715CFB changes role from CANDIDATE to LEADER at term 1 for changeToLeader
2019-07-30 20:44:50,620 INFO  impl.RaftServerImpl (ServerState.java:setLeader(263)) - 536259b8-1892-4cd4-a53d-7d17184b8ded:group-C93604715CFB change Leader from null to 536259b8-1892-4cd4-a53d-7d17184b8ded at term 1 for becomeLeader, leader elected after 5171ms
2019-07-30 20:44:50,627 INFO  server.RaftServerConfigKeys (ConfUtils.java:logGet(43)) - raft.server.staging.catchup.gap = 1000 (default)
2019-07-30 20:44:50,627 INFO  server.RaftServerConfigKeys (ConfUtils.java:logGet(43)) - raft.server.rpc.sleep.time = 25ms (default)
2019-07-30 20:44:50,632 INFO  server.RaftServerConfigKeys (ConfUtils.java:logGet(43)) - raft.server.write.element-limit = 4096 (default)
2019-07-30 20:44:50,636 INFO  server.RaftServerConfigKeys (ConfUtils.java:logGet(43)) - raft.server.watch.timeout = 10s (default)
2019-07-30 20:44:50,636 INFO  server.RaftServerConfigKeys (ConfUtils.java:logGet(43)) - raft.server.watch.timeout.denomination = 1s (default)
2019-07-30 20:44:50,638 INFO  server.RaftServerConfigKeys (ConfUtils.java:logGet(43)) - raft.server.watch.element-limit = 65536 (default)
2019-07-30 20:44:50,648 INFO  impl.RoleInfo (RoleInfo.java:updateAndGet(143)) - 536259b8-1892-4cd4-a53d-7d17184b8ded: start LeaderState
2019-07-30 20:44:50,674 INFO  segmented.SegmentedRaftLogWorker (SegmentedRaftLogWorker.java:startLogSegment(380)) - 536259b8-1892-4cd4-a53d-7d17184b8ded-SegmentedRaftLogWorker:Storage Directory /workdir/hadoop-ozone/integration-test/target/test-dir/MiniOzoneClusterImpl-c121e1f1-8a17-459e-a4dc-8a5e5b994019/datanode-0/data/ratis/d83686a9-1614-4caf-89bf-c93604715cfb: Starting segment from index:0
2019-07-30 20:44:50,683 INFO  impl.RaftServerImpl (ServerState.java:setRaftConf(361)) - 536259b8-1892-4cd4-a53d-7d17184b8ded:group-C93604715CFB set configuration 0: [536259b8-1892-4cd4-a53d-7d17184b8ded:192.168.69.110:42038], old=null at 0
2019-07-30 20:44:50,868 INFO  segmented.SegmentedRaftLogWorker (SegmentedRaftLogWorker.java:execute(569)) - 536259b8-1892-4cd4-a53d-7d17184b8ded-SegmentedRaftLogWorker:Storage Directory /workdir/hadoop-ozone/integration-test/target/test-dir/MiniOzoneClusterImpl-c121e1f1-8a17-459e-a4dc-8a5e5b994019/datanode-0/data/ratis/d83686a9-1614-4caf-89bf-c93604715cfb: created new log segment /workdir/hadoop-ozone/integration-test/target/test-dir/MiniOzoneClusterImpl-c121e1f1-8a17-459e-a4dc-8a5e5b994019/datanode-0/data/ratis/d83686a9-1614-4caf-89bf-c93604715cfb/current/log_inprogress_0
2019-07-30 20:44:50,917 INFO  impl.FollowerState (FollowerState.java:run(106)) - 034ae079-5f86-43b2-9191-8116a6d40503:group-61B2EB6F893E changes to CANDIDATE, lastRpcTime:5149, electionTimeout:5147ms
2019-07-30 20:44:50,922 INFO  impl.RoleInfo (RoleInfo.java:shutdownFollowerState(121)) - 034ae079-5f86-43b2-9191-8116a6d40503: shutdown FollowerState
2019-07-30 20:44:50,922 INFO  impl.RaftServerImpl (RaftServerImpl.java:setRole(171)) - 034ae079-5f86-43b2-9191-8116a6d40503:group-61B2EB6F893E changes role from FOLLOWER to CANDIDATE at term 0 for changeToCandidate
2019-07-30 20:44:50,922 INFO  impl.RoleInfo (RoleInfo.java:updateAndGet(143)) - 034ae079-5f86-43b2-9191-8116a6d40503: start LeaderElection
2019-07-30 20:44:50,942 INFO  impl.LeaderElection (LeaderElection.java:askForVotes(181)) - 034ae079-5f86-43b2-9191-8116a6d40503:group-61B2EB6F893E:LeaderElection2: begin an election at term 1 for -1: [034ae079-5f86-43b2-9191-8116a6d40503:192.168.69.110:34307], old=null
2019-07-30 20:44:50,948 INFO  impl.RoleInfo (RoleInfo.java:shutdownLeaderElection(134)) - 034ae079-5f86-43b2-9191-8116a6d40503: shutdown LeaderElection
2019-07-30 20:44:50,948 INFO  impl.RaftServerImpl (RaftServerImpl.java:setRole(171)) - 034ae079-5f86-43b2-9191-8116a6d40503:group-61B2EB6F893E changes role from CANDIDATE to LEADER at term 1 for changeToLeader
2019-07-30 20:44:50,948 INFO  impl.RaftServerImpl (ServerState.java:setLeader(263)) - 034ae079-5f86-43b2-9191-8116a6d40503:group-61B2EB6F893E change Leader from null to 034ae079-5f86-43b2-9191-8116a6d40503 at term 1 for becomeLeader, leader elected after 5188ms
2019-07-30 20:44:50,948 INFO  server.RaftServerConfigKeys (ConfUtils.java:logGet(43)) - raft.server.staging.catchup.gap = 1000 (default)
2019-07-30 20:44:50,948 INFO  server.RaftServerConfigKeys (ConfUtils.java:logGet(43)) - raft.server.rpc.sleep.time = 25ms (default)
2019-07-30 20:44:50,948 INFO  server.RaftServerConfigKeys (ConfUtils.java:logGet(43)) - raft.server.write.element-limit = 4096 (default)
2019-07-30 20:44:50,948 INFO  server.RaftServerConfigKeys (ConfUtils.java:logGet(43)) - raft.server.watch.timeout = 10s (default)
2019-07-30 20:44:50,948 INFO  server.RaftServerConfigKeys (ConfUtils.java:logGet(43)) - raft.server.watch.timeout.denomination = 1s (default)
2019-07-30 20:44:50,948 INFO  server.RaftServerConfigKeys (ConfUtils.java:logGet(43)) - raft.server.watch.element-limit = 65536 (default)
2019-07-30 20:44:50,949 INFO  impl.RoleInfo (RoleInfo.java:updateAndGet(143)) - 034ae079-5f86-43b2-9191-8116a6d40503: start LeaderState
2019-07-30 20:44:50,949 INFO  segmented.SegmentedRaftLogWorker (SegmentedRaftLogWorker.java:startLogSegment(380)) - 034ae079-5f86-43b2-9191-8116a6d40503-SegmentedRaftLogWorker:Storage Directory /workdir/hadoop-ozone/integration-test/target/test-dir/MiniOzoneClusterImpl-c121e1f1-8a17-459e-a4dc-8a5e5b994019/datanode-5/data/ratis/1fb80967-ce6f-4115-a44c-61b2eb6f893e: Starting segment from index:0
2019-07-30 20:44:50,949 INFO  impl.RaftServerImpl (ServerState.java:setRaftConf(361)) - 034ae079-5f86-43b2-9191-8116a6d40503:group-61B2EB6F893E set configuration 0: [034ae079-5f86-43b2-9191-8116a6d40503:192.168.69.110:34307], old=null at 0
2019-07-30 20:44:50,987 INFO  segmented.SegmentedRaftLogWorker (SegmentedRaftLogWorker.java:execute(569)) - 034ae079-5f86-43b2-9191-8116a6d40503-SegmentedRaftLogWorker:Storage Directory /workdir/hadoop-ozone/integration-test/target/test-dir/MiniOzoneClusterImpl-c121e1f1-8a17-459e-a4dc-8a5e5b994019/datanode-5/data/ratis/1fb80967-ce6f-4115-a44c-61b2eb6f893e: created new log segment /workdir/hadoop-ozone/integration-test/target/test-dir/MiniOzoneClusterImpl-c121e1f1-8a17-459e-a4dc-8a5e5b994019/datanode-5/data/ratis/1fb80967-ce6f-4115-a44c-61b2eb6f893e/current/log_inprogress_0
2019-07-30 20:44:51,011 INFO  impl.FollowerState (FollowerState.java:run(106)) - 4cbf33ee-83be-45e9-9eef-f0cb4ca9bbc3:group-A845B2E88B9C changes to CANDIDATE, lastRpcTime:5142, electionTimeout:5142ms
2019-07-30 20:44:51,012 INFO  impl.RoleInfo (RoleInfo.java:shutdownFollowerState(121)) - 4cbf33ee-83be-45e9-9eef-f0cb4ca9bbc3: shutdown FollowerState
2019-07-30 20:44:51,012 INFO  impl.RaftServerImpl (RaftServerImpl.java:setRole(171)) - 4cbf33ee-83be-45e9-9eef-f0cb4ca9bbc3:group-A845B2E88B9C changes role from FOLLOWER to CANDIDATE at term 0 for changeToCandidate
2019-07-30 20:44:51,012 INFO  impl.RoleInfo (RoleInfo.java:updateAndGet(143)) - 4cbf33ee-83be-45e9-9eef-f0cb4ca9bbc3: start LeaderElection
2019-07-30 20:44:51,033 INFO  impl.LeaderElection (LeaderElection.java:askForVotes(181)) - 4cbf33ee-83be-45e9-9eef-f0cb4ca9bbc3:group-A845B2E88B9C:LeaderElection3: begin an election at term 1 for -1: [4cbf33ee-83be-45e9-9eef-f0cb4ca9bbc3:192.168.69.110:42171], old=null
2019-07-30 20:44:51,035 INFO  impl.RoleInfo (RoleInfo.java:shutdownLeaderElection(134)) - 4cbf33ee-83be-45e9-9eef-f0cb4ca9bbc3: shutdown LeaderElection
2019-07-30 20:44:51,035 INFO  impl.RaftServerImpl (RaftServerImpl.java:setRole(171)) - 4cbf33ee-83be-45e9-9eef-f0cb4ca9bbc3:group-A845B2E88B9C changes role from CANDIDATE to LEADER at term 1 for changeToLeader
2019-07-30 20:44:51,035 INFO  impl.RaftServerImpl (ServerState.java:setLeader(263)) - 4cbf33ee-83be-45e9-9eef-f0cb4ca9bbc3:group-A845B2E88B9C change Leader from null to 4cbf33ee-83be-45e9-9eef-f0cb4ca9bbc3 at term 1 for becomeLeader, leader elected after 5170ms
2019-07-30 20:44:51,035 INFO  server.RaftServerConfigKeys (ConfUtils.java:logGet(43)) - raft.server.staging.catchup.gap = 1000 (default)
2019-07-30 20:44:51,035 INFO  server.RaftServerConfigKeys (ConfUtils.java:logGet(43)) - raft.server.rpc.sleep.time = 25ms (default)
2019-07-30 20:44:51,035 INFO  server.RaftServerConfigKeys (ConfUtils.java:logGet(43)) - raft.server.write.element-limit = 4096 (default)
2019-07-30 20:44:51,036 INFO  server.RaftServerConfigKeys (ConfUtils.java:logGet(43)) - raft.server.watch.timeout = 10s (default)
2019-07-30 20:44:51,036 INFO  server.RaftServerConfigKeys (ConfUtils.java:logGet(43)) - raft.server.watch.timeout.denomination = 1s (default)
2019-07-30 20:44:51,036 INFO  server.RaftServerConfigKeys (ConfUtils.java:logGet(43)) - raft.server.watch.element-limit = 65536 (default)
2019-07-30 20:44:51,036 INFO  impl.RoleInfo (RoleInfo.java:updateAndGet(143)) - 4cbf33ee-83be-45e9-9eef-f0cb4ca9bbc3: start LeaderState
2019-07-30 20:44:51,036 INFO  segmented.SegmentedRaftLogWorker (SegmentedRaftLogWorker.java:startLogSegment(380)) - 4cbf33ee-83be-45e9-9eef-f0cb4ca9bbc3-SegmentedRaftLogWorker:Storage Directory /workdir/hadoop-ozone/integration-test/target/test-dir/MiniOzoneClusterImpl-c121e1f1-8a17-459e-a4dc-8a5e5b994019/datanode-6/data/ratis/7ac8a322-5a2f-45e7-b29a-a845b2e88b9c: Starting segment from index:0
2019-07-30 20:44:51,037 INFO  impl.RaftServerImpl (ServerState.java:setRaftConf(361)) - 4cbf33ee-83be-45e9-9eef-f0cb4ca9bbc3:group-A845B2E88B9C set configuration 0: [4cbf33ee-83be-45e9-9eef-f0cb4ca9bbc3:192.168.69.110:42171], old=null at 0
2019-07-30 20:44:51,061 INFO  segmented.SegmentedRaftLogWorker (SegmentedRaftLogWorker.java:execute(569)) - 4cbf33ee-83be-45e9-9eef-f0cb4ca9bbc3-SegmentedRaftLogWorker:Storage Directory /workdir/hadoop-ozone/integration-test/target/test-dir/MiniOzoneClusterImpl-c121e1f1-8a17-459e-a4dc-8a5e5b994019/datanode-6/data/ratis/7ac8a322-5a2f-45e7-b29a-a845b2e88b9c: created new log segment /workdir/hadoop-ozone/integration-test/target/test-dir/MiniOzoneClusterImpl-c121e1f1-8a17-459e-a4dc-8a5e5b994019/datanode-6/data/ratis/7ac8a322-5a2f-45e7-b29a-a845b2e88b9c/current/log_inprogress_0
2019-07-30 20:44:51,113 INFO  impl.FollowerState (FollowerState.java:run(106)) - a9526d2b-be35-43d3-93e8-b9ec14dbf99c:group-4E50737E0E94 changes to CANDIDATE, lastRpcTime:5162, electionTimeout:5162ms
2019-07-30 20:44:51,113 INFO  impl.RoleInfo (RoleInfo.java:shutdownFollowerState(121)) - a9526d2b-be35-43d3-93e8-b9ec14dbf99c: shutdown FollowerState
2019-07-30 20:44:51,113 INFO  impl.RaftServerImpl (RaftServerImpl.java:setRole(171)) - a9526d2b-be35-43d3-93e8-b9ec14dbf99c:group-4E50737E0E94 changes role from FOLLOWER to CANDIDATE at term 0 for changeToCandidate
2019-07-30 20:44:51,113 INFO  impl.RoleInfo (RoleInfo.java:updateAndGet(143)) - a9526d2b-be35-43d3-93e8-b9ec14dbf99c: start LeaderElection
2019-07-30 20:44:51,146 INFO  impl.LeaderElection (LeaderElection.java:askForVotes(181)) - a9526d2b-be35-43d3-93e8-b9ec14dbf99c:group-4E50737E0E94:LeaderElection4: begin an election at term 1 for -1: [a9526d2b-be35-43d3-93e8-b9ec14dbf99c:192.168.69.110:36493], old=null
2019-07-30 20:44:51,149 INFO  impl.RoleInfo (RoleInfo.java:shutdownLeaderElection(134)) - a9526d2b-be35-43d3-93e8-b9ec14dbf99c: shutdown LeaderElection
2019-07-30 20:44:51,149 INFO  impl.RaftServerImpl (RaftServerImpl.java:setRole(171)) - a9526d2b-be35-43d3-93e8-b9ec14dbf99c:group-4E50737E0E94 changes role from CANDIDATE to LEADER at term 1 for changeToLeader
2019-07-30 20:44:51,149 INFO  impl.RaftServerImpl (ServerState.java:setLeader(263)) - a9526d2b-be35-43d3-93e8-b9ec14dbf99c:group-4E50737E0E94 change Leader from null to a9526d2b-be35-43d3-93e8-b9ec14dbf99c at term 1 for becomeLeader, leader elected after 5204ms
2019-07-30 20:44:51,150 INFO  server.RaftServerConfigKeys (ConfUtils.java:logGet(43)) - raft.server.staging.catchup.gap = 1000 (default)
2019-07-30 20:44:51,150 INFO  server.RaftServerConfigKeys (ConfUtils.java:logGet(43)) - raft.server.rpc.sleep.time = 25ms (default)
2019-07-30 20:44:51,150 INFO  server.RaftServerConfigKeys (ConfUtils.java:logGet(43)) - raft.server.write.element-limit = 4096 (default)
2019-07-30 20:44:51,150 INFO  server.RaftServerConfigKeys (ConfUtils.java:logGet(43)) - raft.server.watch.timeout = 10s (default)
2019-07-30 20:44:51,150 INFO  server.RaftServerConfigKeys (ConfUtils.java:logGet(43)) - raft.server.watch.timeout.denomination = 1s (default)
2019-07-30 20:44:51,150 INFO  server.RaftServerConfigKeys (ConfUtils.java:logGet(43)) - raft.server.watch.element-limit = 65536 (default)
2019-07-30 20:44:51,151 INFO  impl.RoleInfo (RoleInfo.java:updateAndGet(143)) - a9526d2b-be35-43d3-93e8-b9ec14dbf99c: start LeaderState
2019-07-30 20:44:51,151 INFO  segmented.SegmentedRaftLogWorker (SegmentedRaftLogWorker.java:startLogSegment(380)) - a9526d2b-be35-43d3-93e8-b9ec14dbf99c-SegmentedRaftLogWorker:Storage Directory /workdir/hadoop-ozone/integration-test/target/test-dir/MiniOzoneClusterImpl-c121e1f1-8a17-459e-a4dc-8a5e5b994019/datanode-2/data/ratis/3b443a27-cc72-4b94-ba17-4e50737e0e94: Starting segment from index:0
2019-07-30 20:44:51,151 INFO  impl.RaftServerImpl (ServerState.java:setRaftConf(361)) - a9526d2b-be35-43d3-93e8-b9ec14dbf99c:group-4E50737E0E94 set configuration 0: [a9526d2b-be35-43d3-93e8-b9ec14dbf99c:192.168.69.110:36493], old=null at 0
2019-07-30 20:44:51,178 INFO  impl.FollowerState (FollowerState.java:run(106)) - e0c8f8ef-c45f-4157-8cea-a9b979ddc82d:group-23660B139FEB changes to CANDIDATE, lastRpcTime:5057, electionTimeout:5057ms
2019-07-30 20:44:51,178 INFO  impl.RoleInfo (RoleInfo.java:shutdownFollowerState(121)) - e0c8f8ef-c45f-4157-8cea-a9b979ddc82d: shutdown FollowerState
2019-07-30 20:44:51,178 INFO  impl.RaftServerImpl (RaftServerImpl.java:setRole(171)) - e0c8f8ef-c45f-4157-8cea-a9b979ddc82d:group-23660B139FEB changes role from FOLLOWER to CANDIDATE at term 0 for changeToCandidate
2019-07-30 20:44:51,178 INFO  impl.RoleInfo (RoleInfo.java:updateAndGet(143)) - e0c8f8ef-c45f-4157-8cea-a9b979ddc82d: start LeaderElection
2019-07-30 20:44:51,191 INFO  segmented.SegmentedRaftLogWorker (SegmentedRaftLogWorker.java:execute(569)) - a9526d2b-be35-43d3-93e8-b9ec14dbf99c-SegmentedRaftLogWorker:Storage Directory /workdir/hadoop-ozone/integration-test/target/test-dir/MiniOzoneClusterImpl-c121e1f1-8a17-459e-a4dc-8a5e5b994019/datanode-2/data/ratis/3b443a27-cc72-4b94-ba17-4e50737e0e94: created new log segment /workdir/hadoop-ozone/integration-test/target/test-dir/MiniOzoneClusterImpl-c121e1f1-8a17-459e-a4dc-8a5e5b994019/datanode-2/data/ratis/3b443a27-cc72-4b94-ba17-4e50737e0e94/current/log_inprogress_0
2019-07-30 20:44:51,195 INFO  impl.LeaderElection (LeaderElection.java:askForVotes(181)) - e0c8f8ef-c45f-4157-8cea-a9b979ddc82d:group-23660B139FEB:LeaderElection5: begin an election at term 1 for -1: [e0c8f8ef-c45f-4157-8cea-a9b979ddc82d:192.168.69.110:45376], old=null
2019-07-30 20:44:51,195 INFO  impl.RoleInfo (RoleInfo.java:shutdownLeaderElection(134)) - e0c8f8ef-c45f-4157-8cea-a9b979ddc82d: shutdown LeaderElection
2019-07-30 20:44:51,195 INFO  impl.RaftServerImpl (RaftServerImpl.java:setRole(171)) - e0c8f8ef-c45f-4157-8cea-a9b979ddc82d:group-23660B139FEB changes role from CANDIDATE to LEADER at term 1 for changeToLeader
2019-07-30 20:44:51,195 INFO  impl.RaftServerImpl (ServerState.java:setLeader(263)) - e0c8f8ef-c45f-4157-8cea-a9b979ddc82d:group-23660B139FEB change Leader from null to e0c8f8ef-c45f-4157-8cea-a9b979ddc82d at term 1 for becomeLeader, leader elected after 5079ms
2019-07-30 20:44:51,196 INFO  server.RaftServerConfigKeys (ConfUtils.java:logGet(43)) - raft.server.staging.catchup.gap = 1000 (default)
2019-07-30 20:44:51,196 INFO  impl.FollowerState (FollowerState.java:run(106)) - 174d6507-3192-4d64-8269-6fd8a81fc647:group-3F61E173402A changes to CANDIDATE, lastRpcTime:5155, electionTimeout:5155ms
2019-07-30 20:44:51,196 INFO  server.RaftServerConfigKeys (ConfUtils.java:logGet(43)) - raft.server.rpc.sleep.time = 25ms (default)
2019-07-30 20:44:51,198 INFO  impl.RoleInfo (RoleInfo.java:shutdownFollowerState(121)) - 174d6507-3192-4d64-8269-6fd8a81fc647: shutdown FollowerState
2019-07-30 20:44:51,198 INFO  server.RaftServerConfigKeys (ConfUtils.java:logGet(43)) - raft.server.write.element-limit = 4096 (default)
2019-07-30 20:44:51,198 INFO  impl.RaftServerImpl (RaftServerImpl.java:setRole(171)) - 174d6507-3192-4d64-8269-6fd8a81fc647:group-3F61E173402A changes role from FOLLOWER to CANDIDATE at term 0 for changeToCandidate
2019-07-30 20:44:51,198 INFO  server.RaftServerConfigKeys (ConfUtils.java:logGet(43)) - raft.server.watch.timeout = 10s (default)
2019-07-30 20:44:51,199 INFO  impl.RoleInfo (RoleInfo.java:updateAndGet(143)) - 174d6507-3192-4d64-8269-6fd8a81fc647: start LeaderElection
2019-07-30 20:44:51,199 INFO  server.RaftServerConfigKeys (ConfUtils.java:logGet(43)) - raft.server.watch.timeout.denomination = 1s (default)
2019-07-30 20:44:51,199 INFO  server.RaftServerConfigKeys (ConfUtils.java:logGet(43)) - raft.server.watch.element-limit = 65536 (default)
2019-07-30 20:44:51,205 INFO  impl.RoleInfo (RoleInfo.java:updateAndGet(143)) - e0c8f8ef-c45f-4157-8cea-a9b979ddc82d: start LeaderState
2019-07-30 20:44:51,205 INFO  segmented.SegmentedRaftLogWorker (SegmentedRaftLogWorker.java:startLogSegment(380)) - e0c8f8ef-c45f-4157-8cea-a9b979ddc82d-SegmentedRaftLogWorker:Storage Directory /workdir/hadoop-ozone/integration-test/target/test-dir/MiniOzoneClusterImpl-c121e1f1-8a17-459e-a4dc-8a5e5b994019/datanode-4/data/ratis/3da905df-a53e-4a9a-84ab-23660b139feb: Starting segment from index:0
2019-07-30 20:44:51,205 INFO  impl.RaftServerImpl (ServerState.java:setRaftConf(361)) - e0c8f8ef-c45f-4157-8cea-a9b979ddc82d:group-23660B139FEB set configuration 0: [e0c8f8ef-c45f-4157-8cea-a9b979ddc82d:192.168.69.110:45376], old=null at 0
2019-07-30 20:44:51,217 INFO  impl.FollowerState (FollowerState.java:run(106)) - 103a5f78-f894-49cf-9b33-9d74dab8470f:group-3874D0E80380 changes to CANDIDATE, lastRpcTime:5010, electionTimeout:5001ms
2019-07-30 20:44:51,217 INFO  impl.RoleInfo (RoleInfo.java:shutdownFollowerState(121)) - 103a5f78-f894-49cf-9b33-9d74dab8470f: shutdown FollowerState
2019-07-30 20:44:51,218 INFO  impl.RaftServerImpl (RaftServerImpl.java:setRole(171)) - 103a5f78-f894-49cf-9b33-9d74dab8470f:group-3874D0E80380 changes role from FOLLOWER to CANDIDATE at term 0 for changeToCandidate
2019-07-30 20:44:51,218 INFO  impl.RoleInfo (RoleInfo.java:updateAndGet(143)) - 103a5f78-f894-49cf-9b33-9d74dab8470f: start LeaderElection
2019-07-30 20:44:51,223 INFO  impl.LeaderElection (LeaderElection.java:askForVotes(181)) - 174d6507-3192-4d64-8269-6fd8a81fc647:group-3F61E173402A:LeaderElection6: begin an election at term 1 for -1: [174d6507-3192-4d64-8269-6fd8a81fc647:192.168.69.110:46003], old=null
2019-07-30 20:44:51,224 INFO  impl.RoleInfo (RoleInfo.java:shutdownLeaderElection(134)) - 174d6507-3192-4d64-8269-6fd8a81fc647: shutdown LeaderElection
2019-07-30 20:44:51,224 INFO  impl.RaftServerImpl (RaftServerImpl.java:setRole(171)) - 174d6507-3192-4d64-8269-6fd8a81fc647:group-3F61E173402A changes role from CANDIDATE to LEADER at term 1 for changeToLeader
2019-07-30 20:44:51,224 INFO  impl.RaftServerImpl (ServerState.java:setLeader(263)) - 174d6507-3192-4d64-8269-6fd8a81fc647:group-3F61E173402A change Leader from null to 174d6507-3192-4d64-8269-6fd8a81fc647 at term 1 for becomeLeader, leader elected after 5187ms
2019-07-30 20:44:51,224 INFO  server.RaftServerConfigKeys (ConfUtils.java:logGet(43)) - raft.server.staging.catchup.gap = 1000 (default)
2019-07-30 20:44:51,224 INFO  server.RaftServerConfigKeys (ConfUtils.java:logGet(43)) - raft.server.rpc.sleep.time = 25ms (default)
2019-07-30 20:44:51,224 INFO  server.RaftServerConfigKeys (ConfUtils.java:logGet(43)) - raft.server.write.element-limit = 4096 (default)
2019-07-30 20:44:51,224 INFO  server.RaftServerConfigKeys (ConfUtils.java:logGet(43)) - raft.server.watch.timeout = 10s (default)
2019-07-30 20:44:51,224 INFO  server.RaftServerConfigKeys (ConfUtils.java:logGet(43)) - raft.server.watch.timeout.denomination = 1s (default)
2019-07-30 20:44:51,224 INFO  server.RaftServerConfigKeys (ConfUtils.java:logGet(43)) - raft.server.watch.element-limit = 65536 (default)
2019-07-30 20:44:51,225 INFO  impl.RoleInfo (RoleInfo.java:updateAndGet(143)) - 174d6507-3192-4d64-8269-6fd8a81fc647: start LeaderState
2019-07-30 20:44:51,225 INFO  segmented.SegmentedRaftLogWorker (SegmentedRaftLogWorker.java:startLogSegment(380)) - 174d6507-3192-4d64-8269-6fd8a81fc647-SegmentedRaftLogWorker:Storage Directory /workdir/hadoop-ozone/integration-test/target/test-dir/MiniOzoneClusterImpl-c121e1f1-8a17-459e-a4dc-8a5e5b994019/datanode-7/data/ratis/cd96ed97-1a6c-4bbd-a9b1-3f61e173402a: Starting segment from index:0
2019-07-30 20:44:51,225 INFO  impl.RaftServerImpl (ServerState.java:setRaftConf(361)) - 174d6507-3192-4d64-8269-6fd8a81fc647:group-3F61E173402A set configuration 0: [174d6507-3192-4d64-8269-6fd8a81fc647:192.168.69.110:46003], old=null at 0
2019-07-30 20:44:51,241 INFO  segmented.SegmentedRaftLogWorker (SegmentedRaftLogWorker.java:execute(569)) - e0c8f8ef-c45f-4157-8cea-a9b979ddc82d-SegmentedRaftLogWorker:Storage Directory /workdir/hadoop-ozone/integration-test/target/test-dir/MiniOzoneClusterImpl-c121e1f1-8a17-459e-a4dc-8a5e5b994019/datanode-4/data/ratis/3da905df-a53e-4a9a-84ab-23660b139feb: created new log segment /workdir/hadoop-ozone/integration-test/target/test-dir/MiniOzoneClusterImpl-c121e1f1-8a17-459e-a4dc-8a5e5b994019/datanode-4/data/ratis/3da905df-a53e-4a9a-84ab-23660b139feb/current/log_inprogress_0
2019-07-30 20:44:51,241 INFO  impl.LeaderElection (LeaderElection.java:askForVotes(181)) - 103a5f78-f894-49cf-9b33-9d74dab8470f:group-3874D0E80380:LeaderElection7: begin an election at term 1 for -1: [103a5f78-f894-49cf-9b33-9d74dab8470f:192.168.69.110:33138], old=null
2019-07-30 20:44:51,242 INFO  impl.RoleInfo (RoleInfo.java:shutdownLeaderElection(134)) - 103a5f78-f894-49cf-9b33-9d74dab8470f: shutdown LeaderElection
2019-07-30 20:44:51,242 INFO  impl.RaftServerImpl (RaftServerImpl.java:setRole(171)) - 103a5f78-f894-49cf-9b33-9d74dab8470f:group-3874D0E80380 changes role from CANDIDATE to LEADER at term 1 for changeToLeader
2019-07-30 20:44:51,242 INFO  impl.RaftServerImpl (ServerState.java:setLeader(263)) - 103a5f78-f894-49cf-9b33-9d74dab8470f:group-3874D0E80380 change Leader from null to 103a5f78-f894-49cf-9b33-9d74dab8470f at term 1 for becomeLeader, leader elected after 5039ms
2019-07-30 20:44:51,242 INFO  server.RaftServerConfigKeys (ConfUtils.java:logGet(43)) - raft.server.staging.catchup.gap = 1000 (default)
2019-07-30 20:44:51,242 INFO  server.RaftServerConfigKeys (ConfUtils.java:logGet(43)) - raft.server.rpc.sleep.time = 25ms (default)
2019-07-30 20:44:51,242 INFO  server.RaftServerConfigKeys (ConfUtils.java:logGet(43)) - raft.server.write.element-limit = 4096 (default)
2019-07-30 20:44:51,242 INFO  server.RaftServerConfigKeys (ConfUtils.java:logGet(43)) - raft.server.watch.timeout = 10s (default)
2019-07-30 20:44:51,242 INFO  server.RaftServerConfigKeys (ConfUtils.java:logGet(43)) - raft.server.watch.timeout.denomination = 1s (default)
2019-07-30 20:44:51,242 INFO  server.RaftServerConfigKeys (ConfUtils.java:logGet(43)) - raft.server.watch.element-limit = 65536 (default)
2019-07-30 20:44:51,243 INFO  impl.RoleInfo (RoleInfo.java:updateAndGet(143)) - 103a5f78-f894-49cf-9b33-9d74dab8470f: start LeaderState
2019-07-30 20:44:51,243 INFO  segmented.SegmentedRaftLogWorker (SegmentedRaftLogWorker.java:startLogSegment(380)) - 103a5f78-f894-49cf-9b33-9d74dab8470f-SegmentedRaftLogWorker:Storage Directory /workdir/hadoop-ozone/integration-test/target/test-dir/MiniOzoneClusterImpl-c121e1f1-8a17-459e-a4dc-8a5e5b994019/datanode-8/data/ratis/a1fd77bc-677f-418e-9010-3874d0e80380: Starting segment from index:0
2019-07-30 20:44:51,243 INFO  impl.RaftServerImpl (ServerState.java:setRaftConf(361)) - 103a5f78-f894-49cf-9b33-9d74dab8470f:group-3874D0E80380 set configuration 0: [103a5f78-f894-49cf-9b33-9d74dab8470f:192.168.69.110:33138], old=null at 0
2019-07-30 20:44:51,265 INFO  segmented.SegmentedRaftLogWorker (SegmentedRaftLogWorker.java:execute(569)) - 174d6507-3192-4d64-8269-6fd8a81fc647-SegmentedRaftLogWorker:Storage Directory /workdir/hadoop-ozone/integration-test/target/test-dir/MiniOzoneClusterImpl-c121e1f1-8a17-459e-a4dc-8a5e5b994019/datanode-7/data/ratis/cd96ed97-1a6c-4bbd-a9b1-3f61e173402a: created new log segment /workdir/hadoop-ozone/integration-test/target/test-dir/MiniOzoneClusterImpl-c121e1f1-8a17-459e-a4dc-8a5e5b994019/datanode-7/data/ratis/cd96ed97-1a6c-4bbd-a9b1-3f61e173402a/current/log_inprogress_0
2019-07-30 20:44:51,267 INFO  segmented.SegmentedRaftLogWorker (SegmentedRaftLogWorker.java:execute(569)) - 103a5f78-f894-49cf-9b33-9d74dab8470f-SegmentedRaftLogWorker:Storage Directory /workdir/hadoop-ozone/integration-test/target/test-dir/MiniOzoneClusterImpl-c121e1f1-8a17-459e-a4dc-8a5e5b994019/datanode-8/data/ratis/a1fd77bc-677f-418e-9010-3874d0e80380: created new log segment /workdir/hadoop-ozone/integration-test/target/test-dir/MiniOzoneClusterImpl-c121e1f1-8a17-459e-a4dc-8a5e5b994019/datanode-8/data/ratis/a1fd77bc-677f-418e-9010-3874d0e80380/current/log_inprogress_0
2019-07-30 20:44:51,350 INFO  client.GrpcClientProtocolClient (GrpcClientProtocolClient.java:onNext(255)) - client-E5429301A4FF->4cbf33ee-83be-45e9-9eef-f0cb4ca9bbc3: receive RaftClientReply:client-E5429301A4FF->4cbf33ee-83be-45e9-9eef-f0cb4ca9bbc3@group-F6617882DA6C, cid=19, FAILED org.apache.ratis.protocol.NotLeaderException: Server 4cbf33ee-83be-45e9-9eef-f0cb4ca9bbc3 is not the leader (null). Request must be sent to leader., logIndex=0, commits[4cbf33ee-83be-45e9-9eef-f0cb4ca9bbc3:c-1]
2019-07-30 20:44:51,392 INFO  impl.FollowerState (FollowerState.java:run(106)) - 6b23b601-e928-40bb-825b-4ef96912fe68:group-90E85D452CC1 changes to CANDIDATE, lastRpcTime:5006, electionTimeout:5006ms
2019-07-30 20:44:51,395 INFO  impl.RoleInfo (RoleInfo.java:shutdownFollowerState(121)) - 6b23b601-e928-40bb-825b-4ef96912fe68: shutdown FollowerState
2019-07-30 20:44:51,395 INFO  impl.RaftServerImpl (RaftServerImpl.java:setRole(171)) - 6b23b601-e928-40bb-825b-4ef96912fe68:group-90E85D452CC1 changes role from FOLLOWER to CANDIDATE at term 0 for changeToCandidate
2019-07-30 20:44:51,395 INFO  impl.RoleInfo (RoleInfo.java:updateAndGet(143)) - 6b23b601-e928-40bb-825b-4ef96912fe68: start LeaderElection
2019-07-30 20:44:51,415 INFO  impl.LeaderElection (LeaderElection.java:askForVotes(181)) - 6b23b601-e928-40bb-825b-4ef96912fe68:group-90E85D452CC1:LeaderElection8: begin an election at term 1 for -1: [6b23b601-e928-40bb-825b-4ef96912fe68:192.168.69.110:39331], old=null
2019-07-30 20:44:51,415 INFO  impl.RoleInfo (RoleInfo.java:shutdownLeaderElection(134)) - 6b23b601-e928-40bb-825b-4ef96912fe68: shutdown LeaderElection
2019-07-30 20:44:51,416 INFO  impl.RaftServerImpl (RaftServerImpl.java:setRole(171)) - 6b23b601-e928-40bb-825b-4ef96912fe68:group-90E85D452CC1 changes role from CANDIDATE to LEADER at term 1 for changeToLeader
2019-07-30 20:44:51,416 INFO  impl.RaftServerImpl (ServerState.java:setLeader(263)) - 6b23b601-e928-40bb-825b-4ef96912fe68:group-90E85D452CC1 change Leader from null to 6b23b601-e928-40bb-825b-4ef96912fe68 at term 1 for becomeLeader, leader elected after 5033ms
2019-07-30 20:44:51,416 INFO  server.RaftServerConfigKeys (ConfUtils.java:logGet(43)) - raft.server.staging.catchup.gap = 1000 (default)
2019-07-30 20:44:51,416 INFO  server.RaftServerConfigKeys (ConfUtils.java:logGet(43)) - raft.server.rpc.sleep.time = 25ms (default)
2019-07-30 20:44:51,416 INFO  server.RaftServerConfigKeys (ConfUtils.java:logGet(43)) - raft.server.write.element-limit = 4096 (default)
2019-07-30 20:44:51,416 INFO  server.RaftServerConfigKeys (ConfUtils.java:logGet(43)) - raft.server.watch.timeout = 10s (default)
2019-07-30 20:44:51,416 INFO  server.RaftServerConfigKeys (ConfUtils.java:logGet(43)) - raft.server.watch.timeout.denomination = 1s (default)
2019-07-30 20:44:51,416 INFO  server.RaftServerConfigKeys (ConfUtils.java:logGet(43)) - raft.server.watch.element-limit = 65536 (default)
2019-07-30 20:44:51,416 INFO  impl.RoleInfo (RoleInfo.java:updateAndGet(143)) - 6b23b601-e928-40bb-825b-4ef96912fe68: start LeaderState
2019-07-30 20:44:51,417 INFO  segmented.SegmentedRaftLogWorker (SegmentedRaftLogWorker.java:startLogSegment(380)) - 6b23b601-e928-40bb-825b-4ef96912fe68-SegmentedRaftLogWorker:Storage Directory /workdir/hadoop-ozone/integration-test/target/test-dir/MiniOzoneClusterImpl-c121e1f1-8a17-459e-a4dc-8a5e5b994019/datanode-9/data/ratis/e1446ea9-0c60-4858-b564-90e85d452cc1: Starting segment from index:0
2019-07-30 20:44:51,417 INFO  impl.RaftServerImpl (ServerState.java:setRaftConf(361)) - 6b23b601-e928-40bb-825b-4ef96912fe68:group-90E85D452CC1 set configuration 0: [6b23b601-e928-40bb-825b-4ef96912fe68:192.168.69.110:39331], old=null at 0
2019-07-30 20:44:51,452 INFO  segmented.SegmentedRaftLogWorker (SegmentedRaftLogWorker.java:execute(569)) - 6b23b601-e928-40bb-825b-4ef96912fe68-SegmentedRaftLogWorker:Storage Directory /workdir/hadoop-ozone/integration-test/target/test-dir/MiniOzoneClusterImpl-c121e1f1-8a17-459e-a4dc-8a5e5b994019/datanode-9/data/ratis/e1446ea9-0c60-4858-b564-90e85d452cc1: created new log segment /workdir/hadoop-ozone/integration-test/target/test-dir/MiniOzoneClusterImpl-c121e1f1-8a17-459e-a4dc-8a5e5b994019/datanode-9/data/ratis/e1446ea9-0c60-4858-b564-90e85d452cc1/current/log_inprogress_0
2019-07-30 20:44:51,474 INFO  impl.FollowerState (FollowerState.java:run(106)) - 55d4b8ad-efa0-4e8e-b9c0-43b0461e5a97:group-C33794E21596 changes to CANDIDATE, lastRpcTime:5162, electionTimeout:5162ms
2019-07-30 20:44:51,474 INFO  impl.RoleInfo (RoleInfo.java:shutdownFollowerState(121)) - 55d4b8ad-efa0-4e8e-b9c0-43b0461e5a97: shutdown FollowerState
2019-07-30 20:44:51,474 INFO  impl.RaftServerImpl (RaftServerImpl.java:setRole(171)) - 55d4b8ad-efa0-4e8e-b9c0-43b0461e5a97:group-C33794E21596 changes role from FOLLOWER to CANDIDATE at term 0 for changeToCandidate
2019-07-30 20:44:51,474 INFO  impl.RoleInfo (RoleInfo.java:updateAndGet(143)) - 55d4b8ad-efa0-4e8e-b9c0-43b0461e5a97: start LeaderElection
2019-07-30 20:44:51,496 INFO  impl.LeaderElection (LeaderElection.java:askForVotes(181)) - 55d4b8ad-efa0-4e8e-b9c0-43b0461e5a97:group-C33794E21596:LeaderElection9: begin an election at term 1 for -1: [55d4b8ad-efa0-4e8e-b9c0-43b0461e5a97:192.168.69.110:40243], old=null
2019-07-30 20:44:51,498 INFO  impl.RoleInfo (RoleInfo.java:shutdownLeaderElection(134)) - 55d4b8ad-efa0-4e8e-b9c0-43b0461e5a97: shutdown LeaderElection
2019-07-30 20:44:51,498 INFO  impl.RaftServerImpl (RaftServerImpl.java:setRole(171)) - 55d4b8ad-efa0-4e8e-b9c0-43b0461e5a97:group-C33794E21596 changes role from CANDIDATE to LEADER at term 1 for changeToLeader
2019-07-30 20:44:51,498 INFO  impl.RaftServerImpl (ServerState.java:setLeader(263)) - 55d4b8ad-efa0-4e8e-b9c0-43b0461e5a97:group-C33794E21596 change Leader from null to 55d4b8ad-efa0-4e8e-b9c0-43b0461e5a97 at term 1 for becomeLeader, leader elected after 5191ms
2019-07-30 20:44:51,498 INFO  server.RaftServerConfigKeys (ConfUtils.java:logGet(43)) - raft.server.staging.catchup.gap = 1000 (default)
2019-07-30 20:44:51,499 INFO  server.RaftServerConfigKeys (ConfUtils.java:logGet(43)) - raft.server.rpc.sleep.time = 25ms (default)
2019-07-30 20:44:51,499 INFO  server.RaftServerConfigKeys (ConfUtils.java:logGet(43)) - raft.server.write.element-limit = 4096 (default)
2019-07-30 20:44:51,499 INFO  server.RaftServerConfigKeys (ConfUtils.java:logGet(43)) - raft.server.watch.timeout = 10s (default)
2019-07-30 20:44:51,499 INFO  server.RaftServerConfigKeys (ConfUtils.java:logGet(43)) - raft.server.watch.timeout.denomination = 1s (default)
2019-07-30 20:44:51,499 INFO  server.RaftServerConfigKeys (ConfUtils.java:logGet(43)) - raft.server.watch.element-limit = 65536 (default)
2019-07-30 20:44:51,499 INFO  impl.RoleInfo (RoleInfo.java:updateAndGet(143)) - 55d4b8ad-efa0-4e8e-b9c0-43b0461e5a97: start LeaderState
2019-07-30 20:44:51,499 INFO  segmented.SegmentedRaftLogWorker (SegmentedRaftLogWorker.java:startLogSegment(380)) - 55d4b8ad-efa0-4e8e-b9c0-43b0461e5a97-SegmentedRaftLogWorker:Storage Directory /workdir/hadoop-ozone/integration-test/target/test-dir/MiniOzoneClusterImpl-c121e1f1-8a17-459e-a4dc-8a5e5b994019/datanode-3/data/ratis/911aef41-901d-4314-b852-c33794e21596: Starting segment from index:0
2019-07-30 20:44:51,500 INFO  impl.RaftServerImpl (ServerState.java:setRaftConf(361)) - 55d4b8ad-efa0-4e8e-b9c0-43b0461e5a97:group-C33794E21596 set configuration 0: [55d4b8ad-efa0-4e8e-b9c0-43b0461e5a97:192.168.69.110:40243], old=null at 0
2019-07-30 20:44:51,530 INFO  segmented.SegmentedRaftLogWorker (SegmentedRaftLogWorker.java:execute(569)) - 55d4b8ad-efa0-4e8e-b9c0-43b0461e5a97-SegmentedRaftLogWorker:Storage Directory /workdir/hadoop-ozone/integration-test/target/test-dir/MiniOzoneClusterImpl-c121e1f1-8a17-459e-a4dc-8a5e5b994019/datanode-3/data/ratis/911aef41-901d-4314-b852-c33794e21596: created new log segment /workdir/hadoop-ozone/integration-test/target/test-dir/MiniOzoneClusterImpl-c121e1f1-8a17-459e-a4dc-8a5e5b994019/datanode-3/data/ratis/911aef41-901d-4314-b852-c33794e21596/current/log_inprogress_0
2019-07-30 20:44:51,609 INFO  impl.FollowerState (FollowerState.java:run(106)) - cd790720-de18-4b72-a60f-88d77b94ec80:group-22BEF308CF4C changes to CANDIDATE, lastRpcTime:5140, electionTimeout:5140ms
2019-07-30 20:44:51,609 INFO  impl.RoleInfo (RoleInfo.java:shutdownFollowerState(121)) - cd790720-de18-4b72-a60f-88d77b94ec80: shutdown FollowerState
2019-07-30 20:44:51,609 INFO  impl.RaftServerImpl (RaftServerImpl.java:setRole(171)) - cd790720-de18-4b72-a60f-88d77b94ec80:group-22BEF308CF4C changes role from FOLLOWER to CANDIDATE at term 0 for changeToCandidate
2019-07-30 20:44:51,609 INFO  impl.RoleInfo (RoleInfo.java:updateAndGet(143)) - cd790720-de18-4b72-a60f-88d77b94ec80: start LeaderElection
2019-07-30 20:44:51,613 INFO  impl.FollowerState (FollowerState.java:run(106)) - 034ae079-5f86-43b2-9191-8116a6d40503:group-2E83FCEA3790 changes to CANDIDATE, lastRpcTime:5021, electionTimeout:5018ms
2019-07-30 20:44:51,617 INFO  impl.RoleInfo (RoleInfo.java:shutdownFollowerState(121)) - 034ae079-5f86-43b2-9191-8116a6d40503: shutdown FollowerState
2019-07-30 20:44:51,617 INFO  impl.RaftServerImpl (RaftServerImpl.java:setRole(171)) - 034ae079-5f86-43b2-9191-8116a6d40503:group-2E83FCEA3790 changes role from FOLLOWER to CANDIDATE at term 0 for changeToCandidate
2019-07-30 20:44:51,617 INFO  impl.RoleInfo (RoleInfo.java:updateAndGet(143)) - 034ae079-5f86-43b2-9191-8116a6d40503: start LeaderElection
2019-07-30 20:44:51,630 INFO  impl.LeaderElection (LeaderElection.java:askForVotes(181)) - cd790720-de18-4b72-a60f-88d77b94ec80:group-22BEF308CF4C:LeaderElection10: begin an election at term 1 for -1: [cd790720-de18-4b72-a60f-88d77b94ec80:192.168.69.110:38094], old=null
2019-07-30 20:44:51,630 INFO  impl.LeaderElection (LeaderElection.java:askForVotes(181)) - 034ae079-5f86-43b2-9191-8116a6d40503:group-2E83FCEA3790:LeaderElection11: begin an election at term 1 for -1: [034ae079-5f86-43b2-9191-8116a6d40503:192.168.69.110:34307, 536259b8-1892-4cd4-a53d-7d17184b8ded:192.168.69.110:42038, 174d6507-3192-4d64-8269-6fd8a81fc647:192.168.69.110:46003], old=null
2019-07-30 20:44:51,630 INFO  impl.RoleInfo (RoleInfo.java:shutdownLeaderElection(134)) - cd790720-de18-4b72-a60f-88d77b94ec80: shutdown LeaderElection
2019-07-30 20:44:51,630 INFO  impl.RaftServerImpl (RaftServerImpl.java:setRole(171)) - cd790720-de18-4b72-a60f-88d77b94ec80:group-22BEF308CF4C changes role from CANDIDATE to LEADER at term 1 for changeToLeader
2019-07-30 20:44:51,630 INFO  impl.RaftServerImpl (ServerState.java:setLeader(263)) - cd790720-de18-4b72-a60f-88d77b94ec80:group-22BEF308CF4C change Leader from null to cd790720-de18-4b72-a60f-88d77b94ec80 at term 1 for becomeLeader, leader elected after 5166ms
2019-07-30 20:44:51,631 INFO  server.RaftServerConfigKeys (ConfUtils.java:logGet(43)) - raft.server.staging.catchup.gap = 1000 (default)
2019-07-30 20:44:51,631 INFO  server.RaftServerConfigKeys (ConfUtils.java:logGet(43)) - raft.server.rpc.sleep.time = 25ms (default)
2019-07-30 20:44:51,631 INFO  server.RaftServerConfigKeys (ConfUtils.java:logGet(43)) - raft.server.write.element-limit = 4096 (default)
2019-07-30 20:44:51,631 INFO  server.RaftServerConfigKeys (ConfUtils.java:logGet(43)) - raft.server.watch.timeout = 10s (default)
2019-07-30 20:44:51,631 INFO  server.RaftServerConfigKeys (ConfUtils.java:logGet(43)) - raft.server.watch.timeout.denomination = 1s (default)
2019-07-30 20:44:51,631 INFO  server.RaftServerConfigKeys (ConfUtils.java:logGet(43)) - raft.server.watch.element-limit = 65536 (default)
2019-07-30 20:44:51,632 INFO  impl.RoleInfo (RoleInfo.java:updateAndGet(143)) - cd790720-de18-4b72-a60f-88d77b94ec80: start LeaderState
2019-07-30 20:44:51,632 INFO  segmented.SegmentedRaftLogWorker (SegmentedRaftLogWorker.java:startLogSegment(380)) - cd790720-de18-4b72-a60f-88d77b94ec80-SegmentedRaftLogWorker:Storage Directory /workdir/hadoop-ozone/integration-test/target/test-dir/MiniOzoneClusterImpl-c121e1f1-8a17-459e-a4dc-8a5e5b994019/datanode-1/data/ratis/099aa383-a48f-49d8-a6e2-22bef308cf4c: Starting segment from index:0
2019-07-30 20:44:51,632 INFO  impl.RaftServerImpl (ServerState.java:setRaftConf(361)) - cd790720-de18-4b72-a60f-88d77b94ec80:group-22BEF308CF4C set configuration 0: [cd790720-de18-4b72-a60f-88d77b94ec80:192.168.69.110:38094], old=null at 0
2019-07-30 20:44:51,660 INFO  segmented.SegmentedRaftLogWorker (SegmentedRaftLogWorker.java:execute(569)) - cd790720-de18-4b72-a60f-88d77b94ec80-SegmentedRaftLogWorker:Storage Directory /workdir/hadoop-ozone/integration-test/target/test-dir/MiniOzoneClusterImpl-c121e1f1-8a17-459e-a4dc-8a5e5b994019/datanode-1/data/ratis/099aa383-a48f-49d8-a6e2-22bef308cf4c: created new log segment /workdir/hadoop-ozone/integration-test/target/test-dir/MiniOzoneClusterImpl-c121e1f1-8a17-459e-a4dc-8a5e5b994019/datanode-1/data/ratis/099aa383-a48f-49d8-a6e2-22bef308cf4c/current/log_inprogress_0
2019-07-30 20:44:51,663 INFO  impl.RaftServerImpl (RaftServerImpl.java:setRole(171)) - 174d6507-3192-4d64-8269-6fd8a81fc647:group-2E83FCEA3790 changes role from FOLLOWER to FOLLOWER at term 1 for recognizeCandidate:034ae079-5f86-43b2-9191-8116a6d40503
2019-07-30 20:44:51,663 INFO  impl.RaftServerImpl (RaftServerImpl.java:setRole(171)) - 536259b8-1892-4cd4-a53d-7d17184b8ded:group-2E83FCEA3790 changes role from FOLLOWER to FOLLOWER at term 1 for recognizeCandidate:034ae079-5f86-43b2-9191-8116a6d40503
2019-07-30 20:44:51,666 INFO  impl.RoleInfo (RoleInfo.java:shutdownFollowerState(121)) - 536259b8-1892-4cd4-a53d-7d17184b8ded: shutdown FollowerState
2019-07-30 20:44:51,663 INFO  impl.RoleInfo (RoleInfo.java:shutdownFollowerState(121)) - 174d6507-3192-4d64-8269-6fd8a81fc647: shutdown FollowerState
2019-07-30 20:44:51,666 INFO  impl.RoleInfo (RoleInfo.java:updateAndGet(143)) - 536259b8-1892-4cd4-a53d-7d17184b8ded: start FollowerState
2019-07-30 20:44:51,666 INFO  impl.FollowerState (FollowerState.java:run(114)) - 174d6507-3192-4d64-8269-6fd8a81fc647: FollowerState was interrupted: java.lang.InterruptedException: sleep interrupted
2019-07-30 20:44:51,666 INFO  impl.RoleInfo (RoleInfo.java:updateAndGet(143)) - 174d6507-3192-4d64-8269-6fd8a81fc647: start FollowerState
2019-07-30 20:44:51,666 INFO  impl.FollowerState (FollowerState.java:run(114)) - 536259b8-1892-4cd4-a53d-7d17184b8ded: FollowerState was interrupted: java.lang.InterruptedException: sleep interrupted
2019-07-30 20:44:51,704 INFO  impl.LeaderElection (LeaderElection.java:logAndReturn(56)) - 034ae079-5f86-43b2-9191-8116a6d40503:group-2E83FCEA3790:LeaderElection11: Election PASSED; received 1 response(s) [034ae079-5f86-43b2-9191-8116a6d40503<-174d6507-3192-4d64-8269-6fd8a81fc647#0:OK-t1] and 0 exception(s); 034ae079-5f86-43b2-9191-8116a6d40503:t1, leader=null, voted=034ae079-5f86-43b2-9191-8116a6d40503, raftlog=034ae079-5f86-43b2-9191-8116a6d40503-SegmentedRaftLog:OPENED:c-1,f-1,i0, conf=-1: [034ae079-5f86-43b2-9191-8116a6d40503:192.168.69.110:34307, 536259b8-1892-4cd4-a53d-7d17184b8ded:192.168.69.110:42038, 174d6507-3192-4d64-8269-6fd8a81fc647:192.168.69.110:46003], old=null
2019-07-30 20:44:51,704 INFO  impl.RoleInfo (RoleInfo.java:shutdownLeaderElection(134)) - 034ae079-5f86-43b2-9191-8116a6d40503: shutdown LeaderElection
2019-07-30 20:44:51,709 INFO  impl.RaftServerImpl (RaftServerImpl.java:setRole(171)) - 034ae079-5f86-43b2-9191-8116a6d40503:group-2E83FCEA3790 changes role from CANDIDATE to LEADER at term 1 for changeToLeader
2019-07-30 20:44:51,709 INFO  impl.RaftServerImpl (ServerState.java:setLeader(263)) - 034ae079-5f86-43b2-9191-8116a6d40503:group-2E83FCEA3790 change Leader from null to 034ae079-5f86-43b2-9191-8116a6d40503 at term 1 for becomeLeader, leader elected after 5132ms
2019-07-30 20:44:51,709 INFO  server.RaftServerConfigKeys (ConfUtils.java:logGet(43)) - raft.server.staging.catchup.gap = 1000 (default)
2019-07-30 20:44:51,710 INFO  server.RaftServerConfigKeys (ConfUtils.java:logGet(43)) - raft.server.rpc.sleep.time = 25ms (default)
2019-07-30 20:44:51,710 INFO  server.RaftServerConfigKeys (ConfUtils.java:logGet(43)) - raft.server.write.element-limit = 4096 (default)
2019-07-30 20:44:51,710 INFO  server.RaftServerConfigKeys (ConfUtils.java:logGet(43)) - raft.server.watch.timeout = 10s (default)
2019-07-30 20:44:51,710 INFO  server.RaftServerConfigKeys (ConfUtils.java:logGet(43)) - raft.server.watch.timeout.denomination = 1s (default)
2019-07-30 20:44:51,710 INFO  server.RaftServerConfigKeys (ConfUtils.java:logGet(43)) - raft.server.watch.element-limit = 65536 (default)
2019-07-30 20:44:51,713 INFO  server.RaftServerConfigKeys (ConfUtils.java:logGet(43)) - raft.server.log.appender.snapshot.chunk.size.max = 16MB (=16777216) (default)
2019-07-30 20:44:51,713 INFO  server.RaftServerConfigKeys (ConfUtils.java:logGet(43)) - raft.server.log.appender.buffer.byte-limit = 33554432 (custom)
2019-07-30 20:44:51,713 INFO  server.RaftServerConfigKeys (ConfUtils.java:logGet(43)) - raft.server.log.appender.buffer.element-limit = 1 (custom)
2019-07-30 20:44:51,716 INFO  grpc.GrpcConfigKeys$Server (ConfUtils.java:logGet(43)) - raft.grpc.server.leader.outstanding.appends.max = 128 (default)
2019-07-30 20:44:51,727 INFO  impl.FollowerState (FollowerState.java:run(106)) - 6b23b601-e928-40bb-825b-4ef96912fe68:group-F6617882DA6C changes to CANDIDATE, lastRpcTime:5015, electionTimeout:5010ms
2019-07-30 20:44:51,730 INFO  impl.RoleInfo (RoleInfo.java:shutdownFollowerState(121)) - 6b23b601-e928-40bb-825b-4ef96912fe68: shutdown FollowerState
2019-07-30 20:44:51,730 INFO  server.RaftServerConfigKeys (ConfUtils.java:logGet(43)) - raft.server.rpc.request.timeout = 3000ms (default)
2019-07-30 20:44:51,730 INFO  impl.RaftServerImpl (RaftServerImpl.java:setRole(171)) - 6b23b601-e928-40bb-825b-4ef96912fe68:group-F6617882DA6C changes role from FOLLOWER to CANDIDATE at term 0 for changeToCandidate
2019-07-30 20:44:51,730 INFO  server.RaftServerConfigKeys (ConfUtils.java:logGet(43)) - raft.server.log.appender.install.snapshot.enabled = false (custom)
2019-07-30 20:44:51,730 INFO  impl.RoleInfo (RoleInfo.java:updateAndGet(143)) - 6b23b601-e928-40bb-825b-4ef96912fe68: start LeaderElection
2019-07-30 20:44:51,730 INFO  server.RaftServerConfigKeys (ConfUtils.java:logGet(43)) - raft.server.log.appender.snapshot.chunk.size.max = 16MB (=16777216) (default)
2019-07-30 20:44:51,732 INFO  server.RaftServerConfigKeys (ConfUtils.java:logGet(43)) - raft.server.log.appender.buffer.byte-limit = 33554432 (custom)
2019-07-30 20:44:51,735 INFO  server.RaftServerConfigKeys (ConfUtils.java:logGet(43)) - raft.server.log.appender.buffer.element-limit = 1 (custom)
2019-07-30 20:44:51,735 INFO  grpc.GrpcConfigKeys$Server (ConfUtils.java:logGet(43)) - raft.grpc.server.leader.outstanding.appends.max = 128 (default)
2019-07-30 20:44:51,735 INFO  server.RaftServerConfigKeys (ConfUtils.java:logGet(43)) - raft.server.rpc.request.timeout = 3000ms (default)
2019-07-30 20:44:51,735 INFO  server.RaftServerConfigKeys (ConfUtils.java:logGet(43)) - raft.server.log.appender.install.snapshot.enabled = false (custom)
2019-07-30 20:44:51,737 INFO  impl.RoleInfo (RoleInfo.java:updateAndGet(143)) - 034ae079-5f86-43b2-9191-8116a6d40503: start LeaderState
2019-07-30 20:44:51,737 INFO  segmented.SegmentedRaftLogWorker (SegmentedRaftLogWorker.java:startLogSegment(380)) - 034ae079-5f86-43b2-9191-8116a6d40503-SegmentedRaftLogWorker:Storage Directory /workdir/hadoop-ozone/integration-test/target/test-dir/MiniOzoneClusterImpl-c121e1f1-8a17-459e-a4dc-8a5e5b994019/datanode-5/data/ratis/43001fff-9b2f-4513-ac5c-2e83fcea3790: Starting segment from index:0
2019-07-30 20:44:51,738 INFO  impl.RaftServerImpl (ServerState.java:setRaftConf(361)) - 034ae079-5f86-43b2-9191-8116a6d40503:group-2E83FCEA3790 set configuration 0: [034ae079-5f86-43b2-9191-8116a6d40503:192.168.69.110:34307, 536259b8-1892-4cd4-a53d-7d17184b8ded:192.168.69.110:42038, 174d6507-3192-4d64-8269-6fd8a81fc647:192.168.69.110:46003], old=null at 0
2019-07-30 20:44:51,762 INFO  segmented.SegmentedRaftLogWorker (SegmentedRaftLogWorker.java:execute(569)) - 034ae079-5f86-43b2-9191-8116a6d40503-SegmentedRaftLogWorker:Storage Directory /workdir/hadoop-ozone/integration-test/target/test-dir/MiniOzoneClusterImpl-c121e1f1-8a17-459e-a4dc-8a5e5b994019/datanode-5/data/ratis/43001fff-9b2f-4513-ac5c-2e83fcea3790: created new log segment /workdir/hadoop-ozone/integration-test/target/test-dir/MiniOzoneClusterImpl-c121e1f1-8a17-459e-a4dc-8a5e5b994019/datanode-5/data/ratis/43001fff-9b2f-4513-ac5c-2e83fcea3790/current/log_inprogress_0
2019-07-30 20:44:51,762 INFO  impl.LeaderElection (LeaderElection.java:askForVotes(181)) - 6b23b601-e928-40bb-825b-4ef96912fe68:group-F6617882DA6C:LeaderElection12: begin an election at term 1 for -1: [6b23b601-e928-40bb-825b-4ef96912fe68:192.168.69.110:39331, 4cbf33ee-83be-45e9-9eef-f0cb4ca9bbc3:192.168.69.110:42171, 103a5f78-f894-49cf-9b33-9d74dab8470f:192.168.69.110:33138], old=null
2019-07-30 20:44:51,767 INFO  impl.RaftServerImpl (ServerState.java:setLeader(263)) - 174d6507-3192-4d64-8269-6fd8a81fc647:group-2E83FCEA3790 change Leader from null to 034ae079-5f86-43b2-9191-8116a6d40503 at term 1 for appendEntries, leader elected after 5190ms
2019-07-30 20:44:51,767 INFO  impl.RaftServerImpl (ServerState.java:setLeader(263)) - 536259b8-1892-4cd4-a53d-7d17184b8ded:group-2E83FCEA3790 change Leader from null to 034ae079-5f86-43b2-9191-8116a6d40503 at term 1 for appendEntries, leader elected after 5190ms
2019-07-30 20:44:51,786 INFO  impl.RaftServerImpl (RaftServerImpl.java:setRole(171)) - 103a5f78-f894-49cf-9b33-9d74dab8470f:group-F6617882DA6C changes role from FOLLOWER to FOLLOWER at term 1 for recognizeCandidate:6b23b601-e928-40bb-825b-4ef96912fe68
2019-07-30 20:44:51,786 INFO  impl.RaftServerImpl (RaftServerImpl.java:setRole(171)) - 4cbf33ee-83be-45e9-9eef-f0cb4ca9bbc3:group-F6617882DA6C changes role from FOLLOWER to FOLLOWER at term 1 for recognizeCandidate:6b23b601-e928-40bb-825b-4ef96912fe68
2019-07-30 20:44:51,787 INFO  impl.RoleInfo (RoleInfo.java:shutdownFollowerState(121)) - 103a5f78-f894-49cf-9b33-9d74dab8470f: shutdown FollowerState
2019-07-30 20:44:51,787 INFO  impl.RoleInfo (RoleInfo.java:shutdownFollowerState(121)) - 4cbf33ee-83be-45e9-9eef-f0cb4ca9bbc3: shutdown FollowerState
2019-07-30 20:44:51,787 INFO  impl.RoleInfo (RoleInfo.java:updateAndGet(143)) - 103a5f78-f894-49cf-9b33-9d74dab8470f: start FollowerState
2019-07-30 20:44:51,787 INFO  impl.FollowerState (FollowerState.java:run(114)) - 4cbf33ee-83be-45e9-9eef-f0cb4ca9bbc3: FollowerState was interrupted: java.lang.InterruptedException: sleep interrupted
2019-07-30 20:44:51,787 INFO  impl.FollowerState (FollowerState.java:run(114)) - 103a5f78-f894-49cf-9b33-9d74dab8470f: FollowerState was interrupted: java.lang.InterruptedException: sleep interrupted
2019-07-30 20:44:51,787 INFO  impl.RoleInfo (RoleInfo.java:updateAndGet(143)) - 4cbf33ee-83be-45e9-9eef-f0cb4ca9bbc3: start FollowerState
2019-07-30 20:44:51,808 INFO  impl.RaftServerImpl (ServerState.java:setRaftConf(361)) - 174d6507-3192-4d64-8269-6fd8a81fc647:group-2E83FCEA3790 set configuration 0: [034ae079-5f86-43b2-9191-8116a6d40503:192.168.69.110:34307, 536259b8-1892-4cd4-a53d-7d17184b8ded:192.168.69.110:42038, 174d6507-3192-4d64-8269-6fd8a81fc647:192.168.69.110:46003], old=null at 0
2019-07-30 20:44:51,808 INFO  impl.RaftServerImpl (ServerState.java:setRaftConf(361)) - 536259b8-1892-4cd4-a53d-7d17184b8ded:group-2E83FCEA3790 set configuration 0: [034ae079-5f86-43b2-9191-8116a6d40503:192.168.69.110:34307, 536259b8-1892-4cd4-a53d-7d17184b8ded:192.168.69.110:42038, 174d6507-3192-4d64-8269-6fd8a81fc647:192.168.69.110:46003], old=null at 0
2019-07-30 20:44:51,808 INFO  segmented.SegmentedRaftLogWorker (SegmentedRaftLogWorker.java:startLogSegment(380)) - 174d6507-3192-4d64-8269-6fd8a81fc647-SegmentedRaftLogWorker:Storage Directory /workdir/hadoop-ozone/integration-test/target/test-dir/MiniOzoneClusterImpl-c121e1f1-8a17-459e-a4dc-8a5e5b994019/datanode-7/data/ratis/43001fff-9b2f-4513-ac5c-2e83fcea3790: Starting segment from index:0
2019-07-30 20:44:51,808 INFO  segmented.SegmentedRaftLogWorker (SegmentedRaftLogWorker.java:startLogSegment(380)) - 536259b8-1892-4cd4-a53d-7d17184b8ded-SegmentedRaftLogWorker:Storage Directory /workdir/hadoop-ozone/integration-test/target/test-dir/MiniOzoneClusterImpl-c121e1f1-8a17-459e-a4dc-8a5e5b994019/datanode-0/data/ratis/43001fff-9b2f-4513-ac5c-2e83fcea3790: Starting segment from index:0
2019-07-30 20:44:51,829 INFO  impl.LeaderElection (LeaderElection.java:logAndReturn(56)) - 6b23b601-e928-40bb-825b-4ef96912fe68:group-F6617882DA6C:LeaderElection12: Election PASSED; received 1 response(s) [6b23b601-e928-40bb-825b-4ef96912fe68<-103a5f78-f894-49cf-9b33-9d74dab8470f#0:OK-t1] and 0 exception(s); 6b23b601-e928-40bb-825b-4ef96912fe68:t1, leader=null, voted=6b23b601-e928-40bb-825b-4ef96912fe68, raftlog=6b23b601-e928-40bb-825b-4ef96912fe68-SegmentedRaftLog:OPENED:c-1,f-1,i0, conf=-1: [6b23b601-e928-40bb-825b-4ef96912fe68:192.168.69.110:39331, 4cbf33ee-83be-45e9-9eef-f0cb4ca9bbc3:192.168.69.110:42171, 103a5f78-f894-49cf-9b33-9d74dab8470f:192.168.69.110:33138], old=null
2019-07-30 20:44:51,829 INFO  impl.RoleInfo (RoleInfo.java:shutdownLeaderElection(134)) - 6b23b601-e928-40bb-825b-4ef96912fe68: shutdown LeaderElection
2019-07-30 20:44:51,831 INFO  impl.RaftServerImpl (RaftServerImpl.java:setRole(171)) - 6b23b601-e928-40bb-825b-4ef96912fe68:group-F6617882DA6C changes role from CANDIDATE to LEADER at term 1 for changeToLeader
2019-07-30 20:44:51,831 INFO  impl.RaftServerImpl (ServerState.java:setLeader(263)) - 6b23b601-e928-40bb-825b-4ef96912fe68:group-F6617882DA6C change Leader from null to 6b23b601-e928-40bb-825b-4ef96912fe68 at term 1 for becomeLeader, leader elected after 5134ms
2019-07-30 20:44:51,831 INFO  server.RaftServerConfigKeys (ConfUtils.java:logGet(43)) - raft.server.staging.catchup.gap = 1000 (default)
2019-07-30 20:44:51,831 INFO  server.RaftServerConfigKeys (ConfUtils.java:logGet(43)) - raft.server.rpc.sleep.time = 25ms (default)
2019-07-30 20:44:51,831 INFO  server.RaftServerConfigKeys (ConfUtils.java:logGet(43)) - raft.server.write.element-limit = 4096 (default)
2019-07-30 20:44:51,831 INFO  server.RaftServerConfigKeys (ConfUtils.java:logGet(43)) - raft.server.watch.timeout = 10s (default)
2019-07-30 20:44:51,831 INFO  server.RaftServerConfigKeys (ConfUtils.java:logGet(43)) - raft.server.watch.timeout.denomination = 1s (default)
2019-07-30 20:44:51,831 INFO  server.RaftServerConfigKeys (ConfUtils.java:logGet(43)) - raft.server.watch.element-limit = 65536 (default)
2019-07-30 20:44:51,832 INFO  server.RaftServerConfigKeys (ConfUtils.java:logGet(43)) - raft.server.log.appender.snapshot.chunk.size.max = 16MB (=16777216) (default)
2019-07-30 20:44:51,832 INFO  server.RaftServerConfigKeys (ConfUtils.java:logGet(43)) - raft.server.log.appender.buffer.byte-limit = 33554432 (custom)
2019-07-30 20:44:51,832 INFO  server.RaftServerConfigKeys (ConfUtils.java:logGet(43)) - raft.server.log.appender.buffer.element-limit = 1 (custom)
2019-07-30 20:44:51,832 INFO  grpc.GrpcConfigKeys$Server (ConfUtils.java:logGet(43)) - raft.grpc.server.leader.outstanding.appends.max = 128 (default)
2019-07-30 20:44:51,833 INFO  server.RaftServerConfigKeys (ConfUtils.java:logGet(43)) - raft.server.rpc.request.timeout = 3000ms (default)
2019-07-30 20:44:51,834 INFO  server.RaftServerConfigKeys (ConfUtils.java:logGet(43)) - raft.server.log.appender.install.snapshot.enabled = false (custom)
2019-07-30 20:44:51,834 INFO  server.RaftServerConfigKeys (ConfUtils.java:logGet(43)) - raft.server.log.appender.snapshot.chunk.size.max = 16MB (=16777216) (default)
2019-07-30 20:44:51,834 INFO  server.RaftServerConfigKeys (ConfUtils.java:logGet(43)) - raft.server.log.appender.buffer.byte-limit = 33554432 (custom)
2019-07-30 20:44:51,834 INFO  server.RaftServerConfigKeys (ConfUtils.java:logGet(43)) - raft.server.log.appender.buffer.element-limit = 1 (custom)
2019-07-30 20:44:51,834 INFO  grpc.GrpcConfigKeys$Server (ConfUtils.java:logGet(43)) - raft.grpc.server.leader.outstanding.appends.max = 128 (default)
2019-07-30 20:44:51,834 INFO  server.RaftServerConfigKeys (ConfUtils.java:logGet(43)) - raft.server.rpc.request.timeout = 3000ms (default)
2019-07-30 20:44:51,834 INFO  server.RaftServerConfigKeys (ConfUtils.java:logGet(43)) - raft.server.log.appender.install.snapshot.enabled = false (custom)
2019-07-30 20:44:51,834 INFO  impl.RoleInfo (RoleInfo.java:updateAndGet(143)) - 6b23b601-e928-40bb-825b-4ef96912fe68: start LeaderState
2019-07-30 20:44:51,835 INFO  segmented.SegmentedRaftLogWorker (SegmentedRaftLogWorker.java:startLogSegment(380)) - 6b23b601-e928-40bb-825b-4ef96912fe68-SegmentedRaftLogWorker:Storage Directory /workdir/hadoop-ozone/integration-test/target/test-dir/MiniOzoneClusterImpl-c121e1f1-8a17-459e-a4dc-8a5e5b994019/datanode-9/data/ratis/cb504243-38d0-4832-9828-f6617882da6c: Starting segment from index:0
2019-07-30 20:44:51,835 INFO  impl.RaftServerImpl (ServerState.java:setRaftConf(361)) - 6b23b601-e928-40bb-825b-4ef96912fe68:group-F6617882DA6C set configuration 0: [6b23b601-e928-40bb-825b-4ef96912fe68:192.168.69.110:39331, 4cbf33ee-83be-45e9-9eef-f0cb4ca9bbc3:192.168.69.110:42171, 103a5f78-f894-49cf-9b33-9d74dab8470f:192.168.69.110:33138], old=null at 0
2019-07-30 20:44:51,849 INFO  segmented.SegmentedRaftLogWorker (SegmentedRaftLogWorker.java:execute(569)) - 174d6507-3192-4d64-8269-6fd8a81fc647-SegmentedRaftLogWorker:Storage Directory /workdir/hadoop-ozone/integration-test/target/test-dir/MiniOzoneClusterImpl-c121e1f1-8a17-459e-a4dc-8a5e5b994019/datanode-7/data/ratis/43001fff-9b2f-4513-ac5c-2e83fcea3790: created new log segment /workdir/hadoop-ozone/integration-test/target/test-dir/MiniOzoneClusterImpl-c121e1f1-8a17-459e-a4dc-8a5e5b994019/datanode-7/data/ratis/43001fff-9b2f-4513-ac5c-2e83fcea3790/current/log_inprogress_0
2019-07-30 20:44:51,849 INFO  segmented.SegmentedRaftLogWorker (SegmentedRaftLogWorker.java:execute(569)) - 536259b8-1892-4cd4-a53d-7d17184b8ded-SegmentedRaftLogWorker:Storage Directory /workdir/hadoop-ozone/integration-test/target/test-dir/MiniOzoneClusterImpl-c121e1f1-8a17-459e-a4dc-8a5e5b994019/datanode-0/data/ratis/43001fff-9b2f-4513-ac5c-2e83fcea3790: created new log segment /workdir/hadoop-ozone/integration-test/target/test-dir/MiniOzoneClusterImpl-c121e1f1-8a17-459e-a4dc-8a5e5b994019/datanode-0/data/ratis/43001fff-9b2f-4513-ac5c-2e83fcea3790/current/log_inprogress_0
2019-07-30 20:44:51,852 INFO  impl.RaftServerImpl (ServerState.java:setLeader(263)) - 103a5f78-f894-49cf-9b33-9d74dab8470f:group-F6617882DA6C change Leader from null to 6b23b601-e928-40bb-825b-4ef96912fe68 at term 1 for appendEntries, leader elected after 5156ms
2019-07-30 20:44:51,852 INFO  impl.RaftServerImpl (ServerState.java:setLeader(263)) - 4cbf33ee-83be-45e9-9eef-f0cb4ca9bbc3:group-F6617882DA6C change Leader from null to 6b23b601-e928-40bb-825b-4ef96912fe68 at term 1 for appendEntries, leader elected after 5156ms
2019-07-30 20:44:51,861 INFO  impl.RaftServerImpl (ServerState.java:setRaftConf(361)) - 4cbf33ee-83be-45e9-9eef-f0cb4ca9bbc3:group-F6617882DA6C set configuration 0: [6b23b601-e928-40bb-825b-4ef96912fe68:192.168.69.110:39331, 4cbf33ee-83be-45e9-9eef-f0cb4ca9bbc3:192.168.69.110:42171, 103a5f78-f894-49cf-9b33-9d74dab8470f:192.168.69.110:33138], old=null at 0
2019-07-30 20:44:51,861 INFO  impl.RaftServerImpl (ServerState.java:setRaftConf(361)) - 103a5f78-f894-49cf-9b33-9d74dab8470f:group-F6617882DA6C set configuration 0: [6b23b601-e928-40bb-825b-4ef96912fe68:192.168.69.110:39331, 4cbf33ee-83be-45e9-9eef-f0cb4ca9bbc3:192.168.69.110:42171, 103a5f78-f894-49cf-9b33-9d74dab8470f:192.168.69.110:33138], old=null at 0
2019-07-30 20:44:51,861 INFO  segmented.SegmentedRaftLogWorker (SegmentedRaftLogWorker.java:startLogSegment(380)) - 4cbf33ee-83be-45e9-9eef-f0cb4ca9bbc3-SegmentedRaftLogWorker:Storage Directory /workdir/hadoop-ozone/integration-test/target/test-dir/MiniOzoneClusterImpl-c121e1f1-8a17-459e-a4dc-8a5e5b994019/datanode-6/data/ratis/cb504243-38d0-4832-9828-f6617882da6c: Starting segment from index:0
2019-07-30 20:44:51,861 INFO  segmented.SegmentedRaftLogWorker (SegmentedRaftLogWorker.java:startLogSegment(380)) - 103a5f78-f894-49cf-9b33-9d74dab8470f-SegmentedRaftLogWorker:Storage Directory /workdir/hadoop-ozone/integration-test/target/test-dir/MiniOzoneClusterImpl-c121e1f1-8a17-459e-a4dc-8a5e5b994019/datanode-8/data/ratis/cb504243-38d0-4832-9828-f6617882da6c: Starting segment from index:0
2019-07-30 20:44:51,871 INFO  segmented.SegmentedRaftLogWorker (SegmentedRaftLogWorker.java:execute(569)) - 6b23b601-e928-40bb-825b-4ef96912fe68-SegmentedRaftLogWorker:Storage Directory /workdir/hadoop-ozone/integration-test/target/test-dir/MiniOzoneClusterImpl-c121e1f1-8a17-459e-a4dc-8a5e5b994019/datanode-9/data/ratis/cb504243-38d0-4832-9828-f6617882da6c: created new log segment /workdir/hadoop-ozone/integration-test/target/test-dir/MiniOzoneClusterImpl-c121e1f1-8a17-459e-a4dc-8a5e5b994019/datanode-9/data/ratis/cb504243-38d0-4832-9828-f6617882da6c/current/log_inprogress_0
2019-07-30 20:44:51,897 INFO  segmented.SegmentedRaftLogWorker (SegmentedRaftLogWorker.java:execute(569)) - 103a5f78-f894-49cf-9b33-9d74dab8470f-SegmentedRaftLogWorker:Storage Directory /workdir/hadoop-ozone/integration-test/target/test-dir/MiniOzoneClusterImpl-c121e1f1-8a17-459e-a4dc-8a5e5b994019/datanode-8/data/ratis/cb504243-38d0-4832-9828-f6617882da6c: created new log segment /workdir/hadoop-ozone/integration-test/target/test-dir/MiniOzoneClusterImpl-c121e1f1-8a17-459e-a4dc-8a5e5b994019/datanode-8/data/ratis/cb504243-38d0-4832-9828-f6617882da6c/current/log_inprogress_0
2019-07-30 20:44:51,897 INFO  segmented.SegmentedRaftLogWorker (SegmentedRaftLogWorker.java:execute(569)) - 4cbf33ee-83be-45e9-9eef-f0cb4ca9bbc3-SegmentedRaftLogWorker:Storage Directory /workdir/hadoop-ozone/integration-test/target/test-dir/MiniOzoneClusterImpl-c121e1f1-8a17-459e-a4dc-8a5e5b994019/datanode-6/data/ratis/cb504243-38d0-4832-9828-f6617882da6c: created new log segment /workdir/hadoop-ozone/integration-test/target/test-dir/MiniOzoneClusterImpl-c121e1f1-8a17-459e-a4dc-8a5e5b994019/datanode-6/data/ratis/cb504243-38d0-4832-9828-f6617882da6c/current/log_inprogress_0
2019-07-30 20:44:51,900 INFO  impl.FollowerState (FollowerState.java:run(106)) - a9526d2b-be35-43d3-93e8-b9ec14dbf99c:group-5BCC4BDF10AB changes to CANDIDATE, lastRpcTime:5087, electionTimeout:5085ms
2019-07-30 20:44:51,907 INFO  impl.RoleInfo (RoleInfo.java:shutdownFollowerState(121)) - a9526d2b-be35-43d3-93e8-b9ec14dbf99c: shutdown FollowerState
2019-07-30 20:44:51,907 INFO  impl.RaftServerImpl (RaftServerImpl.java:setRole(171)) - a9526d2b-be35-43d3-93e8-b9ec14dbf99c:group-5BCC4BDF10AB changes role from FOLLOWER to CANDIDATE at term 0 for changeToCandidate
2019-07-30 20:44:51,907 INFO  impl.RoleInfo (RoleInfo.java:updateAndGet(143)) - a9526d2b-be35-43d3-93e8-b9ec14dbf99c: start LeaderElection
2019-07-30 20:44:51,924 INFO  impl.FollowerState (FollowerState.java:run(106)) - 55d4b8ad-efa0-4e8e-b9c0-43b0461e5a97:group-5BCC4BDF10AB changes to CANDIDATE, lastRpcTime:5116, electionTimeout:5116ms
2019-07-30 20:44:51,924 INFO  impl.RoleInfo (RoleInfo.java:shutdownFollowerState(121)) - 55d4b8ad-efa0-4e8e-b9c0-43b0461e5a97: shutdown FollowerState
2019-07-30 20:44:51,924 INFO  impl.RaftServerImpl (RaftServerImpl.java:setRole(171)) - 55d4b8ad-efa0-4e8e-b9c0-43b0461e5a97:group-5BCC4BDF10AB changes role from FOLLOWER to CANDIDATE at term 0 for changeToCandidate
2019-07-30 20:44:51,925 INFO  impl.RoleInfo (RoleInfo.java:updateAndGet(143)) - 55d4b8ad-efa0-4e8e-b9c0-43b0461e5a97: start LeaderElection
2019-07-30 20:44:51,937 INFO  impl.LeaderElection (LeaderElection.java:askForVotes(181)) - a9526d2b-be35-43d3-93e8-b9ec14dbf99c:group-5BCC4BDF10AB:LeaderElection13: begin an election at term 1 for -1: [55d4b8ad-efa0-4e8e-b9c0-43b0461e5a97:192.168.69.110:40243, a9526d2b-be35-43d3-93e8-b9ec14dbf99c:192.168.69.110:36493, e0c8f8ef-c45f-4157-8cea-a9b979ddc82d:192.168.69.110:45376], old=null
2019-07-30 20:44:51,937 INFO  impl.LeaderElection (LeaderElection.java:askForVotes(181)) - 55d4b8ad-efa0-4e8e-b9c0-43b0461e5a97:group-5BCC4BDF10AB:LeaderElection14: begin an election at term 1 for -1: [55d4b8ad-efa0-4e8e-b9c0-43b0461e5a97:192.168.69.110:40243, a9526d2b-be35-43d3-93e8-b9ec14dbf99c:192.168.69.110:36493, e0c8f8ef-c45f-4157-8cea-a9b979ddc82d:192.168.69.110:45376], old=null
2019-07-30 20:44:51,954 INFO  impl.FollowerState (FollowerState.java:run(106)) - e0c8f8ef-c45f-4157-8cea-a9b979ddc82d:group-5BCC4BDF10AB changes to CANDIDATE, lastRpcTime:5141, electionTimeout:5140ms
2019-07-30 20:44:51,956 INFO  impl.RoleInfo (RoleInfo.java:shutdownFollowerState(121)) - e0c8f8ef-c45f-4157-8cea-a9b979ddc82d: shutdown FollowerState
2019-07-30 20:44:51,958 INFO  impl.RaftServerImpl (RaftServerImpl.java:setRole(171)) - e0c8f8ef-c45f-4157-8cea-a9b979ddc82d:group-5BCC4BDF10AB changes role from FOLLOWER to CANDIDATE at term 0 for changeToCandidate
2019-07-30 20:44:51,958 INFO  impl.RoleInfo (RoleInfo.java:updateAndGet(143)) - e0c8f8ef-c45f-4157-8cea-a9b979ddc82d: start LeaderElection
2019-07-30 20:44:51,960 INFO  impl.RaftServerImpl (RaftServerImpl.java:setRole(171)) - e0c8f8ef-c45f-4157-8cea-a9b979ddc82d:group-5BCC4BDF10AB changes role from CANDIDATE to FOLLOWER at term 1 for recognizeCandidate:a9526d2b-be35-43d3-93e8-b9ec14dbf99c
2019-07-30 20:44:51,962 INFO  impl.RoleInfo (RoleInfo.java:shutdownLeaderElection(134)) - e0c8f8ef-c45f-4157-8cea-a9b979ddc82d: shutdown LeaderElection
2019-07-30 20:44:51,964 INFO  impl.RoleInfo (RoleInfo.java:updateAndGet(143)) - e0c8f8ef-c45f-4157-8cea-a9b979ddc82d: start FollowerState
2019-07-30 20:44:51,989 INFO  impl.RaftServerImpl (RaftServerImpl.java:setRole(171)) - e0c8f8ef-c45f-4157-8cea-a9b979ddc82d:group-5BCC4BDF10AB changes role from FOLLOWER to FOLLOWER at term 1 for recognizeCandidate:55d4b8ad-efa0-4e8e-b9c0-43b0461e5a97
2019-07-30 20:44:51,989 INFO  impl.RoleInfo (RoleInfo.java:shutdownFollowerState(121)) - e0c8f8ef-c45f-4157-8cea-a9b979ddc82d: shutdown FollowerState
2019-07-30 20:44:51,989 INFO  impl.FollowerState (FollowerState.java:run(114)) - e0c8f8ef-c45f-4157-8cea-a9b979ddc82d: FollowerState was interrupted: java.lang.InterruptedException: sleep interrupted
2019-07-30 20:44:51,989 INFO  impl.RoleInfo (RoleInfo.java:updateAndGet(143)) - e0c8f8ef-c45f-4157-8cea-a9b979ddc82d: start FollowerState
2019-07-30 20:44:52,000 INFO  impl.LeaderElection (LeaderElection.java:logAndReturn(56)) - a9526d2b-be35-43d3-93e8-b9ec14dbf99c:group-5BCC4BDF10AB:LeaderElection13: Election REJECTED; received 2 response(s) [a9526d2b-be35-43d3-93e8-b9ec14dbf99c<-55d4b8ad-efa0-4e8e-b9c0-43b0461e5a97#0:FAIL-t1, a9526d2b-be35-43d3-93e8-b9ec14dbf99c<-e0c8f8ef-c45f-4157-8cea-a9b979ddc82d#0:FAIL-t1] and 0 exception(s); a9526d2b-be35-43d3-93e8-b9ec14dbf99c:t1, leader=null, voted=a9526d2b-be35-43d3-93e8-b9ec14dbf99c, raftlog=a9526d2b-be35-43d3-93e8-b9ec14dbf99c-SegmentedRaftLog:OPENED:c-1,f-1,i0, conf=-1: [55d4b8ad-efa0-4e8e-b9c0-43b0461e5a97:192.168.69.110:40243, a9526d2b-be35-43d3-93e8-b9ec14dbf99c:192.168.69.110:36493, e0c8f8ef-c45f-4157-8cea-a9b979ddc82d:192.168.69.110:45376], old=null
2019-07-30 20:44:52,001 INFO  impl.RaftServerImpl (RaftServerImpl.java:setRole(171)) - a9526d2b-be35-43d3-93e8-b9ec14dbf99c:group-5BCC4BDF10AB changes role from CANDIDATE to FOLLOWER at term 1 for DISCOVERED_A_NEW_TERM
2019-07-30 20:44:52,003 INFO  impl.RoleInfo (RoleInfo.java:shutdownLeaderElection(134)) - a9526d2b-be35-43d3-93e8-b9ec14dbf99c: shutdown LeaderElection
2019-07-30 20:44:52,003 INFO  impl.RoleInfo (RoleInfo.java:updateAndGet(143)) - a9526d2b-be35-43d3-93e8-b9ec14dbf99c: start FollowerState
2019-07-30 20:44:52,018 INFO  impl.LeaderElection (LeaderElection.java:logAndReturn(56)) - 55d4b8ad-efa0-4e8e-b9c0-43b0461e5a97:group-5BCC4BDF10AB:LeaderElection14: Election PASSED; received 2 response(s) [55d4b8ad-efa0-4e8e-b9c0-43b0461e5a97<-a9526d2b-be35-43d3-93e8-b9ec14dbf99c#0:FAIL-t1, 55d4b8ad-efa0-4e8e-b9c0-43b0461e5a97<-e0c8f8ef-c45f-4157-8cea-a9b979ddc82d#0:OK-t1] and 0 exception(s); 55d4b8ad-efa0-4e8e-b9c0-43b0461e5a97:t1, leader=null, voted=55d4b8ad-efa0-4e8e-b9c0-43b0461e5a97, raftlog=55d4b8ad-efa0-4e8e-b9c0-43b0461e5a97-SegmentedRaftLog:OPENED:c-1,f-1,i0, conf=-1: [55d4b8ad-efa0-4e8e-b9c0-43b0461e5a97:192.168.69.110:40243, a9526d2b-be35-43d3-93e8-b9ec14dbf99c:192.168.69.110:36493, e0c8f8ef-c45f-4157-8cea-a9b979ddc82d:192.168.69.110:45376], old=null
2019-07-30 20:44:52,018 INFO  impl.RoleInfo (RoleInfo.java:shutdownLeaderElection(134)) - 55d4b8ad-efa0-4e8e-b9c0-43b0461e5a97: shutdown LeaderElection
2019-07-30 20:44:52,028 INFO  impl.RaftServerImpl (RaftServerImpl.java:setRole(171)) - 55d4b8ad-efa0-4e8e-b9c0-43b0461e5a97:group-5BCC4BDF10AB changes role from CANDIDATE to LEADER at term 1 for changeToLeader
2019-07-30 20:44:52,028 INFO  impl.RaftServerImpl (ServerState.java:setLeader(263)) - 55d4b8ad-efa0-4e8e-b9c0-43b0461e5a97:group-5BCC4BDF10AB change Leader from null to 55d4b8ad-efa0-4e8e-b9c0-43b0461e5a97 at term 1 for becomeLeader, leader elected after 5239ms
2019-07-30 20:44:52,028 INFO  server.RaftServerConfigKeys (ConfUtils.java:logGet(43)) - raft.server.staging.catchup.gap = 1000 (default)
2019-07-30 20:44:52,028 INFO  server.RaftServerConfigKeys (ConfUtils.java:logGet(43)) - raft.server.rpc.sleep.time = 25ms (default)
2019-07-30 20:44:52,028 INFO  server.RaftServerConfigKeys (ConfUtils.java:logGet(43)) - raft.server.write.element-limit = 4096 (default)
2019-07-30 20:44:52,029 INFO  server.RaftServerConfigKeys (ConfUtils.java:logGet(43)) - raft.server.watch.timeout = 10s (default)
2019-07-30 20:44:52,029 INFO  server.RaftServerConfigKeys (ConfUtils.java:logGet(43)) - raft.server.watch.timeout.denomination = 1s (default)
2019-07-30 20:44:52,029 INFO  server.RaftServerConfigKeys (ConfUtils.java:logGet(43)) - raft.server.watch.element-limit = 65536 (default)
2019-07-30 20:44:52,029 INFO  server.RaftServerConfigKeys (ConfUtils.java:logGet(43)) - raft.server.log.appender.snapshot.chunk.size.max = 16MB (=16777216) (default)
2019-07-30 20:44:52,030 INFO  server.RaftServerConfigKeys (ConfUtils.java:logGet(43)) - raft.server.log.appender.buffer.byte-limit = 33554432 (custom)
2019-07-30 20:44:52,030 INFO  impl.LeaderElection (LeaderElection.java:askForVotes(181)) - e0c8f8ef-c45f-4157-8cea-a9b979ddc82d:group-5BCC4BDF10AB:LeaderElection15: begin an election at term 2 for -1: [55d4b8ad-efa0-4e8e-b9c0-43b0461e5a97:192.168.69.110:40243, a9526d2b-be35-43d3-93e8-b9ec14dbf99c:192.168.69.110:36493, e0c8f8ef-c45f-4157-8cea-a9b979ddc82d:192.168.69.110:45376], old=null
2019-07-30 20:44:52,030 INFO  server.RaftServerConfigKeys (ConfUtils.java:logGet(43)) - raft.server.log.appender.buffer.element-limit = 1 (custom)
2019-07-30 20:44:52,030 INFO  grpc.GrpcConfigKeys$Server (ConfUtils.java:logGet(43)) - raft.grpc.server.leader.outstanding.appends.max = 128 (default)
2019-07-30 20:44:52,030 INFO  impl.LeaderElection (LeaderElection.java:logAndReturn(56)) - e0c8f8ef-c45f-4157-8cea-a9b979ddc82d:group-5BCC4BDF10AB:LeaderElection15: Election REJECTED; received 0 response(s) [] and 0 exception(s); e0c8f8ef-c45f-4157-8cea-a9b979ddc82d:t2, leader=null, voted=e0c8f8ef-c45f-4157-8cea-a9b979ddc82d, raftlog=e0c8f8ef-c45f-4157-8cea-a9b979ddc82d-SegmentedRaftLog:OPENED:c-1,f-1,i0, conf=-1: [55d4b8ad-efa0-4e8e-b9c0-43b0461e5a97:192.168.69.110:40243, a9526d2b-be35-43d3-93e8-b9ec14dbf99c:192.168.69.110:36493, e0c8f8ef-c45f-4157-8cea-a9b979ddc82d:192.168.69.110:45376], old=null
2019-07-30 20:44:52,030 INFO  server.RaftServerConfigKeys (ConfUtils.java:logGet(43)) - raft.server.rpc.request.timeout = 3000ms (default)
2019-07-30 20:44:52,031 INFO  server.RaftServerConfigKeys (ConfUtils.java:logGet(43)) - raft.server.log.appender.install.snapshot.enabled = false (custom)
2019-07-30 20:44:52,031 INFO  server.RaftServerConfigKeys (ConfUtils.java:logGet(43)) - raft.server.log.appender.snapshot.chunk.size.max = 16MB (=16777216) (default)
2019-07-30 20:44:52,034 INFO  server.RaftServerConfigKeys (ConfUtils.java:logGet(43)) - raft.server.log.appender.buffer.byte-limit = 33554432 (custom)
2019-07-30 20:44:52,034 INFO  server.RaftServerConfigKeys (ConfUtils.java:logGet(43)) - raft.server.log.appender.buffer.element-limit = 1 (custom)
2019-07-30 20:44:52,035 INFO  grpc.GrpcConfigKeys$Server (ConfUtils.java:logGet(43)) - raft.grpc.server.leader.outstanding.appends.max = 128 (default)
2019-07-30 20:44:52,035 INFO  server.RaftServerConfigKeys (ConfUtils.java:logGet(43)) - raft.server.rpc.request.timeout = 3000ms (default)
2019-07-30 20:44:52,035 INFO  server.RaftServerConfigKeys (ConfUtils.java:logGet(43)) - raft.server.log.appender.install.snapshot.enabled = false (custom)
2019-07-30 20:44:52,035 INFO  impl.RoleInfo (RoleInfo.java:updateAndGet(143)) - 55d4b8ad-efa0-4e8e-b9c0-43b0461e5a97: start LeaderState
2019-07-30 20:44:52,036 INFO  segmented.SegmentedRaftLogWorker (SegmentedRaftLogWorker.java:startLogSegment(380)) - 55d4b8ad-efa0-4e8e-b9c0-43b0461e5a97-SegmentedRaftLogWorker:Storage Directory /workdir/hadoop-ozone/integration-test/target/test-dir/MiniOzoneClusterImpl-c121e1f1-8a17-459e-a4dc-8a5e5b994019/datanode-3/data/ratis/b6dad6dd-98d6-46b0-b7f3-5bcc4bdf10ab: Starting segment from index:0
2019-07-30 20:44:52,036 INFO  impl.RaftServerImpl (ServerState.java:setRaftConf(361)) - 55d4b8ad-efa0-4e8e-b9c0-43b0461e5a97:group-5BCC4BDF10AB set configuration 0: [55d4b8ad-efa0-4e8e-b9c0-43b0461e5a97:192.168.69.110:40243, a9526d2b-be35-43d3-93e8-b9ec14dbf99c:192.168.69.110:36493, e0c8f8ef-c45f-4157-8cea-a9b979ddc82d:192.168.69.110:45376], old=null at 0
2019-07-30 20:44:52,054 INFO  impl.RaftServerImpl (ServerState.java:setLeader(263)) - 55d4b8ad-efa0-4e8e-b9c0-43b0461e5a97:group-5BCC4BDF10AB change Leader from 55d4b8ad-efa0-4e8e-b9c0-43b0461e5a97 to null at term 2 for updateCurrentTerm
2019-07-30 20:44:52,054 INFO  impl.RaftServerImpl (RaftServerImpl.java:setRole(171)) - 55d4b8ad-efa0-4e8e-b9c0-43b0461e5a97:group-5BCC4BDF10AB changes role from LEADER to FOLLOWER at term 2 for recognizeCandidate:e0c8f8ef-c45f-4157-8cea-a9b979ddc82d
2019-07-30 20:44:52,054 INFO  impl.RaftServerImpl (RaftServerImpl.java:setRole(171)) - a9526d2b-be35-43d3-93e8-b9ec14dbf99c:group-5BCC4BDF10AB changes role from FOLLOWER to FOLLOWER at term 2 for recognizeCandidate:e0c8f8ef-c45f-4157-8cea-a9b979ddc82d
2019-07-30 20:44:52,054 INFO  impl.RoleInfo (RoleInfo.java:shutdownLeaderState(104)) - 55d4b8ad-efa0-4e8e-b9c0-43b0461e5a97: shutdown LeaderState
2019-07-30 20:44:52,054 INFO  impl.RoleInfo (RoleInfo.java:shutdownFollowerState(121)) - a9526d2b-be35-43d3-93e8-b9ec14dbf99c: shutdown FollowerState
2019-07-30 20:44:52,054 INFO  impl.RoleInfo (RoleInfo.java:updateAndGet(143)) - a9526d2b-be35-43d3-93e8-b9ec14dbf99c: start FollowerState
2019-07-30 20:44:52,055 INFO  impl.FollowerState (FollowerState.java:run(114)) - a9526d2b-be35-43d3-93e8-b9ec14dbf99c: FollowerState was interrupted: java.lang.InterruptedException: sleep interrupted
2019-07-30 20:44:52,063 WARN  server.GrpcLogAppender (GrpcLogAppender.java:mayWait(143)) - GrpcLogAppender(55d4b8ad-efa0-4e8e-b9c0-43b0461e5a97->a9526d2b-be35-43d3-93e8-b9ec14dbf99c): Wait interrupted by java.lang.InterruptedException
2019-07-30 20:44:52,063 WARN  server.GrpcLogAppender (GrpcLogAppender.java:mayWait(143)) - GrpcLogAppender(55d4b8ad-efa0-4e8e-b9c0-43b0461e5a97->e0c8f8ef-c45f-4157-8cea-a9b979ddc82d): Wait interrupted by java.lang.InterruptedException
2019-07-30 20:44:52,065 INFO  impl.PendingRequests (PendingRequests.java:sendNotLeaderResponses(202)) - 55d4b8ad-efa0-4e8e-b9c0-43b0461e5a97-PendingRequests: sendNotLeaderResponses
2019-07-30 20:44:52,069 INFO  server.GrpcServerProtocolService (GrpcServerProtocolService.java:onCompleted(104)) - e0c8f8ef-c45f-4157-8cea-a9b979ddc82d: appendEntries completed
2019-07-30 20:44:52,071 INFO  impl.RoleInfo (RoleInfo.java:updateAndGet(143)) - 55d4b8ad-efa0-4e8e-b9c0-43b0461e5a97: start FollowerState
2019-07-30 20:44:52,075 INFO  segmented.SegmentedRaftLogWorker (SegmentedRaftLogWorker.java:execute(569)) - 55d4b8ad-efa0-4e8e-b9c0-43b0461e5a97-SegmentedRaftLogWorker:Storage Directory /workdir/hadoop-ozone/integration-test/target/test-dir/MiniOzoneClusterImpl-c121e1f1-8a17-459e-a4dc-8a5e5b994019/datanode-3/data/ratis/b6dad6dd-98d6-46b0-b7f3-5bcc4bdf10ab: created new log segment /workdir/hadoop-ozone/integration-test/target/test-dir/MiniOzoneClusterImpl-c121e1f1-8a17-459e-a4dc-8a5e5b994019/datanode-3/data/ratis/b6dad6dd-98d6-46b0-b7f3-5bcc4bdf10ab/current/log_inprogress_0
2019-07-30 20:44:52,077 INFO  server.GrpcLogAppender (GrpcLogAppender.java:onCompleted(292)) - 55d4b8ad-efa0-4e8e-b9c0-43b0461e5a97->e0c8f8ef-c45f-4157-8cea-a9b979ddc82d: follower responses appendEntries COMPLETED
2019-07-30 20:44:52,077 INFO  server.GrpcServerProtocolService (GrpcServerProtocolService.java:onCompleted(104)) - a9526d2b-be35-43d3-93e8-b9ec14dbf99c: appendEntries completed
2019-07-30 20:44:52,101 INFO  server.GrpcLogAppender (GrpcLogAppender.java:onCompleted(292)) - 55d4b8ad-efa0-4e8e-b9c0-43b0461e5a97->a9526d2b-be35-43d3-93e8-b9ec14dbf99c: follower responses appendEntries COMPLETED
2019-07-30 20:44:52,105 INFO  impl.FollowerInfo (FollowerInfo.java:lambda$new$0(50)) - 55d4b8ad-efa0-4e8e-b9c0-43b0461e5a97->e0c8f8ef-c45f-4157-8cea-a9b979ddc82d: nextIndex: updateUnconditionally 0 -> 0
2019-07-30 20:44:52,105 INFO  impl.FollowerInfo (FollowerInfo.java:lambda$new$0(50)) - 55d4b8ad-efa0-4e8e-b9c0-43b0461e5a97->a9526d2b-be35-43d3-93e8-b9ec14dbf99c: nextIndex: updateUnconditionally 0 -> 0
2019-07-30 20:44:52,383 INFO  client.GrpcClientProtocolClient (GrpcClientProtocolClient.java:onNext(255)) - client-E5429301A4FF->103a5f78-f894-49cf-9b33-9d74dab8470f: receive RaftClientReply:client-E5429301A4FF->103a5f78-f894-49cf-9b33-9d74dab8470f@group-F6617882DA6C, cid=19, FAILED org.apache.ratis.protocol.NotLeaderException: Server 103a5f78-f894-49cf-9b33-9d74dab8470f is not the leader (6b23b601-e928-40bb-825b-4ef96912fe68:192.168.69.110:39331). Request must be sent to leader., logIndex=0, commits[103a5f78-f894-49cf-9b33-9d74dab8470f:c-1, 6b23b601-e928-40bb-825b-4ef96912fe68:c-1, 4cbf33ee-83be-45e9-9eef-f0cb4ca9bbc3:c-1]
2019-07-30 20:44:52,440 INFO  keyvalue.KeyValueHandler (ContainerUtils.java:logAndReturnError(146)) - Operation: CreateContainer : Trace ID: b71f919d3e8a79d9:b71f919d3e8a79d9:0:0 : Message: Container creation failed, due to disk out of space : Result: DISK_OUT_OF_SPACE
20:44:52.443 [pool-125-thread-1] ERROR DNAudit - user=null | ip=null | op=WRITE_CHUNK {blockData=conID: 2 locID: 102532349243228182 bcsId: 0} | ret=FAILURE
org.apache.hadoop.hdds.scm.container.common.helpers.StorageContainerException: ContainerID 2 creation failed
	at org.apache.hadoop.ozone.container.common.impl.HddsDispatcher.dispatchRequest(HddsDispatcher.java:227) ~[hadoop-hdds-container-service-0.4.1-SNAPSHOT.jar:?]
	at org.apache.hadoop.ozone.container.common.impl.HddsDispatcher.dispatch(HddsDispatcher.java:148) ~[hadoop-hdds-container-service-0.4.1-SNAPSHOT.jar:?]
	at org.apache.hadoop.ozone.container.common.transport.server.ratis.ContainerStateMachine.dispatchCommand(ContainerStateMachine.java:374) ~[hadoop-hdds-container-service-0.4.1-SNAPSHOT.jar:?]
	at org.apache.hadoop.ozone.container.common.transport.server.ratis.ContainerStateMachine.runCommand(ContainerStateMachine.java:381) ~[hadoop-hdds-container-service-0.4.1-SNAPSHOT.jar:?]
	at org.apache.hadoop.ozone.container.common.transport.server.ratis.ContainerStateMachine.lambda$handleWriteChunk$1(ContainerStateMachine.java:412) ~[hadoop-hdds-container-service-0.4.1-SNAPSHOT.jar:?]
	at java.util.concurrent.CompletableFuture$AsyncSupply.run(CompletableFuture.java:1590) [?:1.8.0_212]
	at java.util.concurrent.ThreadPoolExecutor.runWorker(ThreadPoolExecutor.java:1149) [?:1.8.0_212]
	at java.util.concurrent.ThreadPoolExecutor$Worker.run(ThreadPoolExecutor.java:624) [?:1.8.0_212]
	at java.lang.Thread.run(Thread.java:748) [?:1.8.0_212]
2019-07-30 20:44:52,459 INFO  impl.HddsDispatcher (ContainerUtils.java:logAndReturnError(146)) - Operation: WriteChunk : Trace ID: b71f919d3e8a79d9:b71f919d3e8a79d9:0:0 : Message: ContainerID 2 creation failed : Result: DISK_OUT_OF_SPACE
20:44:52.617 [RatisApplyTransactionExecutor 2] ERROR DNAudit - user=null | ip=null | op=WRITE_CHUNK {blockData=conID: 2 locID: 102532349243228182 bcsId: 0} | ret=FAILURE
org.apache.hadoop.hdds.scm.container.common.helpers.StorageContainerException: ContainerID 2 does not exist
	at org.apache.hadoop.ozone.container.common.impl.HddsDispatcher.dispatchRequest(HddsDispatcher.java:242) ~[hadoop-hdds-container-service-0.4.1-SNAPSHOT.jar:?]
	at org.apache.hadoop.ozone.container.common.impl.HddsDispatcher.dispatch(HddsDispatcher.java:148) ~[hadoop-hdds-container-service-0.4.1-SNAPSHOT.jar:?]
	at org.apache.hadoop.ozone.container.common.transport.server.ratis.ContainerStateMachine.dispatchCommand(ContainerStateMachine.java:374) ~[hadoop-hdds-container-service-0.4.1-SNAPSHOT.jar:?]
	at org.apache.hadoop.ozone.container.common.transport.server.ratis.ContainerStateMachine.runCommand(ContainerStateMachine.java:381) ~[hadoop-hdds-container-service-0.4.1-SNAPSHOT.jar:?]
	at org.apache.hadoop.ozone.container.common.transport.server.ratis.ContainerStateMachine.lambda$applyTransaction$6(ContainerStateMachine.java:647) ~[hadoop-hdds-container-service-0.4.1-SNAPSHOT.jar:?]
	at java.util.concurrent.CompletableFuture$AsyncSupply.run(CompletableFuture.java:1590) [?:1.8.0_212]
	at java.util.concurrent.ThreadPoolExecutor.runWorker(ThreadPoolExecutor.java:1149) [?:1.8.0_212]
	at java.util.concurrent.ThreadPoolExecutor$Worker.run(ThreadPoolExecutor.java:624) [?:1.8.0_212]
	at java.lang.Thread.run(Thread.java:748) [?:1.8.0_212]
2019-07-30 20:44:52,620 INFO  impl.HddsDispatcher (ContainerUtils.java:logAndReturnError(146)) - Operation: WriteChunk : Trace ID: b71f919d3e8a79d9:b71f919d3e8a79d9:0:0 : Message: ContainerID 2 does not exist : Result: CONTAINER_NOT_FOUND
2019-07-30 20:44:52,633 INFO  client.GrpcClientProtocolClient (GrpcClientProtocolClient.java:onNext(255)) - client-E5429301A4FF->6b23b601-e928-40bb-825b-4ef96912fe68: receive RaftClientReply:client-E5429301A4FF->6b23b601-e928-40bb-825b-4ef96912fe68@group-F6617882DA6C, cid=19, SUCCESS, logIndex=1, commits[6b23b601-e928-40bb-825b-4ef96912fe68:c1, 4cbf33ee-83be-45e9-9eef-f0cb4ca9bbc3:c0, 103a5f78-f894-49cf-9b33-9d74dab8470f:c0]
2019-07-30 20:44:52,643 ERROR storage.BlockOutputStream (BlockOutputStream.java:validateResponse(531)) - Unexpected Storage Container Exception: 
org.apache.hadoop.hdds.scm.container.common.helpers.StorageContainerException: ContainerID 2 does not exist
	at org.apache.hadoop.hdds.scm.storage.ContainerProtocolCalls.validateContainerResponse(ContainerProtocolCalls.java:536)
	at org.apache.hadoop.hdds.scm.storage.BlockOutputStream.validateResponse(BlockOutputStream.java:529)
	at org.apache.hadoop.hdds.scm.storage.BlockOutputStream.lambda$writeChunkToContainer$2(BlockOutputStream.java:606)
	at java.util.concurrent.CompletableFuture.uniApply(CompletableFuture.java:602)
	at java.util.concurrent.CompletableFuture$UniApply.tryFire(CompletableFuture.java:577)
	at java.util.concurrent.CompletableFuture$Completion.run(CompletableFuture.java:442)
	at java.util.concurrent.ThreadPoolExecutor.runWorker(ThreadPoolExecutor.java:1149)
	at java.util.concurrent.ThreadPoolExecutor$Worker.run(ThreadPoolExecutor.java:624)
	at java.lang.Thread.run(Thread.java:748)
2019-07-30 20:44:52,652 INFO  keyvalue.KeyValueHandler (ContainerUtils.java:logAndReturnError(146)) - Operation: CreateContainer : Trace ID: 14ec1d5d683497dd:14ec1d5d683497dd:0:0 : Message: Container creation failed, due to disk out of space : Result: DISK_OUT_OF_SPACE
20:44:52.654 [pool-125-thread-4] ERROR DNAudit - user=null | ip=null | op=WRITE_CHUNK {blockData=conID: 2 locID: 102532349243228182 bcsId: 0} | ret=FAILURE
org.apache.hadoop.hdds.scm.container.common.helpers.StorageContainerException: ContainerID 2 creation failed
	at org.apache.hadoop.ozone.container.common.impl.HddsDispatcher.dispatchRequest(HddsDispatcher.java:227) ~[hadoop-hdds-container-service-0.4.1-SNAPSHOT.jar:?]
	at org.apache.hadoop.ozone.container.common.impl.HddsDispatcher.dispatch(HddsDispatcher.java:148) ~[hadoop-hdds-container-service-0.4.1-SNAPSHOT.jar:?]
	at org.apache.hadoop.ozone.container.common.transport.server.ratis.ContainerStateMachine.dispatchCommand(ContainerStateMachine.java:374) ~[hadoop-hdds-container-service-0.4.1-SNAPSHOT.jar:?]
	at org.apache.hadoop.ozone.container.common.transport.server.ratis.ContainerStateMachine.runCommand(ContainerStateMachine.java:381) ~[hadoop-hdds-container-service-0.4.1-SNAPSHOT.jar:?]
	at org.apache.hadoop.ozone.container.common.transport.server.ratis.ContainerStateMachine.lambda$handleWriteChunk$1(ContainerStateMachine.java:412) ~[hadoop-hdds-container-service-0.4.1-SNAPSHOT.jar:?]
	at java.util.concurrent.CompletableFuture$AsyncSupply.run(CompletableFuture.java:1590) [?:1.8.0_212]
	at java.util.concurrent.ThreadPoolExecutor.runWorker(ThreadPoolExecutor.java:1149) [?:1.8.0_212]
	at java.util.concurrent.ThreadPoolExecutor$Worker.run(ThreadPoolExecutor.java:624) [?:1.8.0_212]
	at java.lang.Thread.run(Thread.java:748) [?:1.8.0_212]
2019-07-30 20:44:52,655 INFO  impl.HddsDispatcher (ContainerUtils.java:logAndReturnError(146)) - Operation: WriteChunk : Trace ID: 14ec1d5d683497dd:14ec1d5d683497dd:0:0 : Message: ContainerID 2 creation failed : Result: DISK_OUT_OF_SPACE
20:44:52.660 [RatisApplyTransactionExecutor 2] ERROR DNAudit - user=null | ip=null | op=PUT_BLOCK {blockData=[blockId=conID: 2 locID: 102532349243228182 bcsId: 0,size=1048576]} | ret=FAILURE
org.apache.hadoop.hdds.scm.container.common.helpers.StorageContainerException: ContainerID 2 does not exist
	at org.apache.hadoop.ozone.container.common.impl.HddsDispatcher.dispatchRequest(HddsDispatcher.java:242) ~[hadoop-hdds-container-service-0.4.1-SNAPSHOT.jar:?]
	at org.apache.hadoop.ozone.container.common.impl.HddsDispatcher.dispatch(HddsDispatcher.java:148) ~[hadoop-hdds-container-service-0.4.1-SNAPSHOT.jar:?]
	at org.apache.hadoop.ozone.container.common.transport.server.ratis.ContainerStateMachine.dispatchCommand(ContainerStateMachine.java:374) ~[hadoop-hdds-container-service-0.4.1-SNAPSHOT.jar:?]
	at org.apache.hadoop.ozone.container.common.transport.server.ratis.ContainerStateMachine.runCommand(ContainerStateMachine.java:381) ~[hadoop-hdds-container-service-0.4.1-SNAPSHOT.jar:?]
	at org.apache.hadoop.ozone.container.common.transport.server.ratis.ContainerStateMachine.lambda$applyTransaction$6(ContainerStateMachine.java:647) ~[hadoop-hdds-container-service-0.4.1-SNAPSHOT.jar:?]
	at java.util.concurrent.CompletableFuture$AsyncSupply.run(CompletableFuture.java:1590) [?:1.8.0_212]
	at java.util.concurrent.ThreadPoolExecutor.runWorker(ThreadPoolExecutor.java:1149) [?:1.8.0_212]
	at java.util.concurrent.ThreadPoolExecutor$Worker.run(ThreadPoolExecutor.java:624) [?:1.8.0_212]
	at java.lang.Thread.run(Thread.java:748) [?:1.8.0_212]
2019-07-30 20:44:52,660 INFO  impl.HddsDispatcher (ContainerUtils.java:logAndReturnError(146)) - Operation: PutBlock : Trace ID: 262d1043bb39fc66:262d1043bb39fc66:0:0 : Message: ContainerID 2 does not exist : Result: CONTAINER_NOT_FOUND
2019-07-30 20:44:52,669 INFO  client.GrpcClientProtocolClient (GrpcClientProtocolClient.java:onNext(255)) - client-E5429301A4FF->6b23b601-e928-40bb-825b-4ef96912fe68: receive RaftClientReply:client-E5429301A4FF->6b23b601-e928-40bb-825b-4ef96912fe68@group-F6617882DA6C, cid=20, SUCCESS, logIndex=3, commits[6b23b601-e928-40bb-825b-4ef96912fe68:c3, 4cbf33ee-83be-45e9-9eef-f0cb4ca9bbc3:c2, 103a5f78-f894-49cf-9b33-9d74dab8470f:c2]
20:44:52.683 [RatisApplyTransactionExecutor 2] ERROR DNAudit - user=null | ip=null | op=WRITE_CHUNK {blockData=conID: 2 locID: 102532349243228182 bcsId: 0} | ret=FAILURE
org.apache.hadoop.hdds.scm.container.common.helpers.StorageContainerException: ContainerID 2 does not exist
	at org.apache.hadoop.ozone.container.common.impl.HddsDispatcher.dispatchRequest(HddsDispatcher.java:242) ~[hadoop-hdds-container-service-0.4.1-SNAPSHOT.jar:?]
	at org.apache.hadoop.ozone.container.common.impl.HddsDispatcher.dispatch(HddsDispatcher.java:148) ~[hadoop-hdds-container-service-0.4.1-SNAPSHOT.jar:?]
	at org.apache.hadoop.ozone.container.common.transport.server.ratis.ContainerStateMachine.dispatchCommand(ContainerStateMachine.java:374) ~[hadoop-hdds-container-service-0.4.1-SNAPSHOT.jar:?]
	at org.apache.hadoop.ozone.container.common.transport.server.ratis.ContainerStateMachine.runCommand(ContainerStateMachine.java:381) ~[hadoop-hdds-container-service-0.4.1-SNAPSHOT.jar:?]
	at org.apache.hadoop.ozone.container.common.transport.server.ratis.ContainerStateMachine.lambda$applyTransaction$6(ContainerStateMachine.java:647) ~[hadoop-hdds-container-service-0.4.1-SNAPSHOT.jar:?]
	at java.util.concurrent.CompletableFuture$AsyncSupply.run(CompletableFuture.java:1590) [?:1.8.0_212]
	at java.util.concurrent.ThreadPoolExecutor.runWorker(ThreadPoolExecutor.java:1149) [?:1.8.0_212]
	at java.util.concurrent.ThreadPoolExecutor$Worker.run(ThreadPoolExecutor.java:624) [?:1.8.0_212]
	at java.lang.Thread.run(Thread.java:748) [?:1.8.0_212]
2019-07-30 20:44:52,683 INFO  impl.HddsDispatcher (ContainerUtils.java:logAndReturnError(146)) - Operation: WriteChunk : Trace ID: 14ec1d5d683497dd:14ec1d5d683497dd:0:0 : Message: ContainerID 2 does not exist : Result: CONTAINER_NOT_FOUND
20:44:52.684 [RatisApplyTransactionExecutor 2] ERROR DNAudit - user=null | ip=null | op=PUT_BLOCK {blockData=[blockId=conID: 2 locID: 102532349243228182 bcsId: 0,size=2097152]} | ret=FAILURE
org.apache.hadoop.hdds.scm.container.common.helpers.StorageContainerException: ContainerID 2 does not exist
	at org.apache.hadoop.ozone.container.common.impl.HddsDispatcher.dispatchRequest(HddsDispatcher.java:242) ~[hadoop-hdds-container-service-0.4.1-SNAPSHOT.jar:?]
	at org.apache.hadoop.ozone.container.common.impl.HddsDispatcher.dispatch(HddsDispatcher.java:148) ~[hadoop-hdds-container-service-0.4.1-SNAPSHOT.jar:?]
	at org.apache.hadoop.ozone.container.common.transport.server.ratis.ContainerStateMachine.dispatchCommand(ContainerStateMachine.java:374) ~[hadoop-hdds-container-service-0.4.1-SNAPSHOT.jar:?]
	at org.apache.hadoop.ozone.container.common.transport.server.ratis.ContainerStateMachine.runCommand(ContainerStateMachine.java:381) ~[hadoop-hdds-container-service-0.4.1-SNAPSHOT.jar:?]
	at org.apache.hadoop.ozone.container.common.transport.server.ratis.ContainerStateMachine.lambda$applyTransaction$6(ContainerStateMachine.java:647) ~[hadoop-hdds-container-service-0.4.1-SNAPSHOT.jar:?]
	at java.util.concurrent.CompletableFuture$AsyncSupply.run(CompletableFuture.java:1590) [?:1.8.0_212]
	at java.util.concurrent.ThreadPoolExecutor.runWorker(ThreadPoolExecutor.java:1149) [?:1.8.0_212]
	at java.util.concurrent.ThreadPoolExecutor$Worker.run(ThreadPoolExecutor.java:624) [?:1.8.0_212]
	at java.lang.Thread.run(Thread.java:748) [?:1.8.0_212]
2019-07-30 20:44:52,688 INFO  impl.HddsDispatcher (ContainerUtils.java:logAndReturnError(146)) - Operation: PutBlock : Trace ID: a5bc865f44381c3b:a5bc865f44381c3b:0:0 : Message: ContainerID 2 does not exist : Result: CONTAINER_NOT_FOUND
2019-07-30 20:44:52,688 INFO  client.GrpcClientProtocolClient (GrpcClientProtocolClient.java:onNext(255)) - client-E5429301A4FF->6b23b601-e928-40bb-825b-4ef96912fe68: receive RaftClientReply:client-E5429301A4FF->6b23b601-e928-40bb-825b-4ef96912fe68@group-F6617882DA6C, cid=21, SUCCESS, logIndex=4, commits[6b23b601-e928-40bb-825b-4ef96912fe68:c6, 4cbf33ee-83be-45e9-9eef-f0cb4ca9bbc3:c3, 103a5f78-f894-49cf-9b33-9d74dab8470f:c2]
2019-07-30 20:44:52,689 INFO  client.GrpcClientProtocolClient (GrpcClientProtocolClient.java:onNext(255)) - client-E5429301A4FF->6b23b601-e928-40bb-825b-4ef96912fe68: receive RaftClientReply:client-E5429301A4FF->6b23b601-e928-40bb-825b-4ef96912fe68@group-F6617882DA6C, cid=22, SUCCESS, logIndex=5, commits[6b23b601-e928-40bb-825b-4ef96912fe68:c6, 4cbf33ee-83be-45e9-9eef-f0cb4ca9bbc3:c3, 103a5f78-f894-49cf-9b33-9d74dab8470f:c2]
]]></system-out>
  </testcase>
  <testcase name="testInitiateMultipartUploadWithReplicationInformationSet" classname="org.apache.hadoop.ozone.client.rpc.TestSecureOzoneRpcClient" time="0.036"/>
  <testcase name="testRenameKey" classname="org.apache.hadoop.ozone.client.rpc.TestSecureOzoneRpcClient" time="0.132"/>
  <testcase name="testCreateBucketWithVersioning" classname="org.apache.hadoop.ozone.client.rpc.TestSecureOzoneRpcClient" time="0.007"/>
  <testcase name="testCreateS3Bucket" classname="org.apache.hadoop.ozone.client.rpc.TestSecureOzoneRpcClient" time="0.014"/>
  <testcase name="testUploadPartOverrideWithStandAlone" classname="org.apache.hadoop.ozone.client.rpc.TestSecureOzoneRpcClient" time="0.08"/>
  <testcase name="testNativeAclsForKey" classname="org.apache.hadoop.ozone.client.rpc.TestSecureOzoneRpcClient" time="0.203"/>
  <testcase name="testAddBucketAcl" classname="org.apache.hadoop.ozone.client.rpc.TestSecureOzoneRpcClient" time="0.02"/>
  <testcase name="testReadKeyWithVerifyChecksumFlagDisable" classname="org.apache.hadoop.ozone.client.rpc.TestSecureOzoneRpcClient" time="0.389"/>
  <testcase name="testListMultipartUploadParts" classname="org.apache.hadoop.ozone.client.rpc.TestSecureOzoneRpcClient" time="0.338"/>
  <testcase name="testNativeAclsForBucket" classname="org.apache.hadoop.ozone.client.rpc.TestSecureOzoneRpcClient" time="0.063"/>
  <testcase name="testPutKeyRatisThreeNodesParallel" classname="org.apache.hadoop.ozone.client.rpc.TestSecureOzoneRpcClient" time="0">
    <skipped message="Debug Jenkins Timeout"/>
  </testcase>
  <testcase name="testDeleteS3NonExistingBucket" classname="org.apache.hadoop.ozone.client.rpc.TestSecureOzoneRpcClient" time="0.005"/>
  <testcase name="testListPartsWithInvalidUploadID" classname="org.apache.hadoop.ozone.client.rpc.TestSecureOzoneRpcClient" time="0.012"/>
  <testcase name="testUploadPartOverrideWithRatis" classname="org.apache.hadoop.ozone.client.rpc.TestSecureOzoneRpcClient" time="0.42"/>
  <testcase name="testListBucket" classname="org.apache.hadoop.ozone.client.rpc.TestSecureOzoneRpcClient" time="0.115"/>
  <testcase name="testSetBucketStorageType" classname="org.apache.hadoop.ozone.client.rpc.TestSecureOzoneRpcClient" time="0.011"/>
  <testcase name="testGetKeyDetails" classname="org.apache.hadoop.ozone.client.rpc.TestSecureOzoneRpcClient" time="0.094"/>
  <testcase name="testNativeAclsForPrefix" classname="org.apache.hadoop.ozone.client.rpc.TestSecureOzoneRpcClient" time="0.128"/>
  <testcase name="testOMClientProxyProvider" classname="org.apache.hadoop.ozone.client.rpc.TestSecureOzoneRpcClient" time="0"/>
  <testcase name="testCreateBucketWithAllArgument" classname="org.apache.hadoop.ozone.client.rpc.TestSecureOzoneRpcClient" time="0.007"/>
  <testcase name="testRemoveBucketAcl" classname="org.apache.hadoop.ozone.client.rpc.TestSecureOzoneRpcClient" time="0.01"/>
  <testcase name="testNativeAclsForVolume" classname="org.apache.hadoop.ozone.client.rpc.TestSecureOzoneRpcClient" time="0.043"/>
  <testcase name="testDeleteS3Bucket" classname="org.apache.hadoop.ozone.client.rpc.TestSecureOzoneRpcClient" time="0.013"/>
  <testcase name="testCreateSecureS3Bucket" classname="org.apache.hadoop.ozone.client.rpc.TestSecureOzoneRpcClient" time="0.013"/>
  <testcase name="testMultipartUploadWithMissingParts" classname="org.apache.hadoop.ozone.client.rpc.TestSecureOzoneRpcClient" time="0.039"/>
  <testcase name="testListVolume" classname="org.apache.hadoop.ozone.client.rpc.TestSecureOzoneRpcClient" time="0">
    <skipped/>
  </testcase>
  <testcase name="testSetVolumeQuota" classname="org.apache.hadoop.ozone.client.rpc.TestSecureOzoneRpcClient" time="0.01"/>
  <testcase name="testDeleteBucket" classname="org.apache.hadoop.ozone.client.rpc.TestSecureOzoneRpcClient" time="0.01"/>
  <testcase name="testListKey" classname="org.apache.hadoop.ozone.client.rpc.TestSecureOzoneRpcClient" time="1.371"/>
  <testcase name="testListPartsInvalidPartMarker" classname="org.apache.hadoop.ozone.client.rpc.TestSecureOzoneRpcClient" time="0.009"/>
  <testcase name="testMultipartUploadWithPartsLessThanMinSize" classname="org.apache.hadoop.ozone.client.rpc.TestSecureOzoneRpcClient" time="0.054"/>
  <testcase name="testPutKeyRatisOneNode" classname="org.apache.hadoop.ozone.client.rpc.TestSecureOzoneRpcClient" time="0.181">
    <error message="Unexpected Storage Container Exception: org.apache.hadoop.hdds.scm.container.common.helpers.StorageContainerException: ContainerID 5 does not exist" type="java.io.IOException">java.io.IOException: Unexpected Storage Container Exception: org.apache.hadoop.hdds.scm.container.common.helpers.StorageContainerException: ContainerID 5 does not exist
	at org.apache.hadoop.hdds.scm.storage.BlockOutputStream.setIoException(BlockOutputStream.java:541)
	at org.apache.hadoop.hdds.scm.storage.BlockOutputStream.validateResponse(BlockOutputStream.java:532)
	at org.apache.hadoop.hdds.scm.storage.BlockOutputStream.lambda$writeChunkToContainer$2(BlockOutputStream.java:606)
	at java.util.concurrent.CompletableFuture.uniApply(CompletableFuture.java:602)
	at java.util.concurrent.CompletableFuture$UniApply.tryFire(CompletableFuture.java:577)
	at java.util.concurrent.CompletableFuture$Completion.run(CompletableFuture.java:442)
	at java.util.concurrent.ThreadPoolExecutor.runWorker(ThreadPoolExecutor.java:1149)
	at java.util.concurrent.ThreadPoolExecutor$Worker.run(ThreadPoolExecutor.java:624)
	at java.lang.Thread.run(Thread.java:748)
Caused by: org.apache.hadoop.hdds.scm.container.common.helpers.StorageContainerException: ContainerID 5 does not exist
	at org.apache.hadoop.hdds.scm.storage.ContainerProtocolCalls.validateContainerResponse(ContainerProtocolCalls.java:536)
	at org.apache.hadoop.hdds.scm.storage.BlockOutputStream.validateResponse(BlockOutputStream.java:529)
	... 7 more
</error>
    <system-out><![CDATA[2019-07-30 20:44:56,354 INFO  rpc.RpcClient (RpcClient.java:createVolume(288)) - Creating Volume: cdbc34b1-326a-4b2b-8011-a1391e0842e1, with jenkins1000 as owner.
2019-07-30 20:44:56,357 INFO  rpc.RpcClient (RpcClient.java:createBucket(425)) - Creating Bucket: cdbc34b1-326a-4b2b-8011-a1391e0842e1/eb9a466c-fe4c-42a8-8e32-e044505f2f68, with Versioning false and Storage Type set to DISK and Encryption set to false 
2019-07-30 20:44:56,393 INFO  client.GrpcClientProtocolClient (GrpcClientProtocolClient.java:onNext(255)) - client-93CA9F1FD075->55d4b8ad-efa0-4e8e-b9c0-43b0461e5a97: receive RaftClientReply:client-93CA9F1FD075->55d4b8ad-efa0-4e8e-b9c0-43b0461e5a97@group-C33794E21596, cid=29, SUCCESS, logIndex=5, commits[55d4b8ad-efa0-4e8e-b9c0-43b0461e5a97:c6]
2019-07-30 20:44:56,394 INFO  client.GrpcClientProtocolClient (GrpcClientProtocolClient.java:onNext(255)) - client-93CA9F1FD075->55d4b8ad-efa0-4e8e-b9c0-43b0461e5a97: receive RaftClientReply:client-93CA9F1FD075->55d4b8ad-efa0-4e8e-b9c0-43b0461e5a97@group-C33794E21596, cid=30, SUCCESS, logIndex=6, commits[55d4b8ad-efa0-4e8e-b9c0-43b0461e5a97:c6]
2019-07-30 20:44:56,404 WARN  node.SCMNodeManager (SCMNodeManager.java:getNodeByAddress(599)) - Cannot find node for address 127.0.0.1
2019-07-30 20:44:56,414 WARN  node.SCMNodeManager (SCMNodeManager.java:getNodeByAddress(599)) - Cannot find node for address 127.0.0.1
2019-07-30 20:44:56,479 INFO  keyvalue.KeyValueHandler (ContainerUtils.java:logAndReturnError(146)) - Operation: CreateContainer : Trace ID: ce570ac86ff7ea2a:ce570ac86ff7ea2a:0:0 : Message: Container creation failed, due to disk out of space : Result: DISK_OUT_OF_SPACE
20:44:56.480 [pool-26-thread-3] ERROR DNAudit - user=null | ip=null | op=WRITE_CHUNK {blockData=conID: 5 locID: 102532349720396015 bcsId: 0} | ret=FAILURE
org.apache.hadoop.hdds.scm.container.common.helpers.StorageContainerException: ContainerID 5 creation failed
	at org.apache.hadoop.ozone.container.common.impl.HddsDispatcher.dispatchRequest(HddsDispatcher.java:227) ~[hadoop-hdds-container-service-0.4.1-SNAPSHOT.jar:?]
	at org.apache.hadoop.ozone.container.common.impl.HddsDispatcher.dispatch(HddsDispatcher.java:148) ~[hadoop-hdds-container-service-0.4.1-SNAPSHOT.jar:?]
	at org.apache.hadoop.ozone.container.common.transport.server.ratis.ContainerStateMachine.dispatchCommand(ContainerStateMachine.java:374) ~[hadoop-hdds-container-service-0.4.1-SNAPSHOT.jar:?]
	at org.apache.hadoop.ozone.container.common.transport.server.ratis.ContainerStateMachine.runCommand(ContainerStateMachine.java:381) ~[hadoop-hdds-container-service-0.4.1-SNAPSHOT.jar:?]
	at org.apache.hadoop.ozone.container.common.transport.server.ratis.ContainerStateMachine.lambda$handleWriteChunk$1(ContainerStateMachine.java:412) ~[hadoop-hdds-container-service-0.4.1-SNAPSHOT.jar:?]
	at java.util.concurrent.CompletableFuture$AsyncSupply.run(CompletableFuture.java:1590) [?:1.8.0_212]
	at java.util.concurrent.ThreadPoolExecutor.runWorker(ThreadPoolExecutor.java:1149) [?:1.8.0_212]
	at java.util.concurrent.ThreadPoolExecutor$Worker.run(ThreadPoolExecutor.java:624) [?:1.8.0_212]
	at java.lang.Thread.run(Thread.java:748) [?:1.8.0_212]
2019-07-30 20:44:56,480 INFO  impl.HddsDispatcher (ContainerUtils.java:logAndReturnError(146)) - Operation: WriteChunk : Trace ID: ce570ac86ff7ea2a:ce570ac86ff7ea2a:0:0 : Message: ContainerID 5 creation failed : Result: DISK_OUT_OF_SPACE
20:44:56.493 [RatisApplyTransactionExecutor 5] ERROR DNAudit - user=null | ip=null | op=WRITE_CHUNK {blockData=conID: 5 locID: 102532349720396015 bcsId: 0} | ret=FAILURE
org.apache.hadoop.hdds.scm.container.common.helpers.StorageContainerException: ContainerID 5 does not exist
	at org.apache.hadoop.ozone.container.common.impl.HddsDispatcher.dispatchRequest(HddsDispatcher.java:242) ~[hadoop-hdds-container-service-0.4.1-SNAPSHOT.jar:?]
	at org.apache.hadoop.ozone.container.common.impl.HddsDispatcher.dispatch(HddsDispatcher.java:148) ~[hadoop-hdds-container-service-0.4.1-SNAPSHOT.jar:?]
	at org.apache.hadoop.ozone.container.common.transport.server.ratis.ContainerStateMachine.dispatchCommand(ContainerStateMachine.java:374) ~[hadoop-hdds-container-service-0.4.1-SNAPSHOT.jar:?]
	at org.apache.hadoop.ozone.container.common.transport.server.ratis.ContainerStateMachine.runCommand(ContainerStateMachine.java:381) ~[hadoop-hdds-container-service-0.4.1-SNAPSHOT.jar:?]
	at org.apache.hadoop.ozone.container.common.transport.server.ratis.ContainerStateMachine.lambda$applyTransaction$6(ContainerStateMachine.java:647) ~[hadoop-hdds-container-service-0.4.1-SNAPSHOT.jar:?]
	at java.util.concurrent.CompletableFuture$AsyncSupply.run(CompletableFuture.java:1590) [?:1.8.0_212]
	at java.util.concurrent.ThreadPoolExecutor.runWorker(ThreadPoolExecutor.java:1149) [?:1.8.0_212]
	at java.util.concurrent.ThreadPoolExecutor$Worker.run(ThreadPoolExecutor.java:624) [?:1.8.0_212]
	at java.lang.Thread.run(Thread.java:748) [?:1.8.0_212]
2019-07-30 20:44:56,494 INFO  impl.HddsDispatcher (ContainerUtils.java:logAndReturnError(146)) - Operation: WriteChunk : Trace ID: ce570ac86ff7ea2a:ce570ac86ff7ea2a:0:0 : Message: ContainerID 5 does not exist : Result: CONTAINER_NOT_FOUND
2019-07-30 20:44:56,499 INFO  client.GrpcClientProtocolClient (GrpcClientProtocolClient.java:onNext(255)) - client-6B3BFCD919AB->536259b8-1892-4cd4-a53d-7d17184b8ded: receive RaftClientReply:client-6B3BFCD919AB->536259b8-1892-4cd4-a53d-7d17184b8ded@group-C93604715CFB, cid=31, SUCCESS, logIndex=1, commits[536259b8-1892-4cd4-a53d-7d17184b8ded:c1]
2019-07-30 20:44:56,507 ERROR storage.BlockOutputStream (BlockOutputStream.java:validateResponse(531)) - Unexpected Storage Container Exception: 
org.apache.hadoop.hdds.scm.container.common.helpers.StorageContainerException: ContainerID 5 does not exist
	at org.apache.hadoop.hdds.scm.storage.ContainerProtocolCalls.validateContainerResponse(ContainerProtocolCalls.java:536)
	at org.apache.hadoop.hdds.scm.storage.BlockOutputStream.validateResponse(BlockOutputStream.java:529)
	at org.apache.hadoop.hdds.scm.storage.BlockOutputStream.lambda$writeChunkToContainer$2(BlockOutputStream.java:606)
	at java.util.concurrent.CompletableFuture.uniApply(CompletableFuture.java:602)
	at java.util.concurrent.CompletableFuture$UniApply.tryFire(CompletableFuture.java:577)
	at java.util.concurrent.CompletableFuture$Completion.run(CompletableFuture.java:442)
	at java.util.concurrent.ThreadPoolExecutor.runWorker(ThreadPoolExecutor.java:1149)
	at java.util.concurrent.ThreadPoolExecutor$Worker.run(ThreadPoolExecutor.java:624)
	at java.lang.Thread.run(Thread.java:748)
20:44:56.525 [RatisApplyTransactionExecutor 5] ERROR DNAudit - user=null | ip=null | op=PUT_BLOCK {blockData=[blockId=conID: 5 locID: 102532349720396015 bcsId: 0,size=12]} | ret=FAILURE
org.apache.hadoop.hdds.scm.container.common.helpers.StorageContainerException: ContainerID 5 does not exist
	at org.apache.hadoop.ozone.container.common.impl.HddsDispatcher.dispatchRequest(HddsDispatcher.java:242) ~[hadoop-hdds-container-service-0.4.1-SNAPSHOT.jar:?]
	at org.apache.hadoop.ozone.container.common.impl.HddsDispatcher.dispatch(HddsDispatcher.java:148) ~[hadoop-hdds-container-service-0.4.1-SNAPSHOT.jar:?]
	at org.apache.hadoop.ozone.container.common.transport.server.ratis.ContainerStateMachine.dispatchCommand(ContainerStateMachine.java:374) ~[hadoop-hdds-container-service-0.4.1-SNAPSHOT.jar:?]
	at org.apache.hadoop.ozone.container.common.transport.server.ratis.ContainerStateMachine.runCommand(ContainerStateMachine.java:381) ~[hadoop-hdds-container-service-0.4.1-SNAPSHOT.jar:?]
	at org.apache.hadoop.ozone.container.common.transport.server.ratis.ContainerStateMachine.lambda$applyTransaction$6(ContainerStateMachine.java:647) ~[hadoop-hdds-container-service-0.4.1-SNAPSHOT.jar:?]
	at java.util.concurrent.CompletableFuture$AsyncSupply.run(CompletableFuture.java:1590) [?:1.8.0_212]
	at java.util.concurrent.ThreadPoolExecutor.runWorker(ThreadPoolExecutor.java:1149) [?:1.8.0_212]
	at java.util.concurrent.ThreadPoolExecutor$Worker.run(ThreadPoolExecutor.java:624) [?:1.8.0_212]
	at java.lang.Thread.run(Thread.java:748) [?:1.8.0_212]
2019-07-30 20:44:56,525 INFO  impl.HddsDispatcher (ContainerUtils.java:logAndReturnError(146)) - Operation: PutBlock : Trace ID: 284e9e42b8802cfe:284e9e42b8802cfe:0:0 : Message: ContainerID 5 does not exist : Result: CONTAINER_NOT_FOUND
2019-07-30 20:44:56,529 INFO  client.GrpcClientProtocolClient (GrpcClientProtocolClient.java:onNext(255)) - client-6B3BFCD919AB->536259b8-1892-4cd4-a53d-7d17184b8ded: receive RaftClientReply:client-6B3BFCD919AB->536259b8-1892-4cd4-a53d-7d17184b8ded@group-C93604715CFB, cid=32, SUCCESS, logIndex=3, commits[536259b8-1892-4cd4-a53d-7d17184b8ded:c3]
]]></system-out>
  </testcase>
  <testcase name="testListS3Buckets" classname="org.apache.hadoop.ozone.client.rpc.TestSecureOzoneRpcClient" time="0.022"/>
  <testcase name="testAbortUploadSuccessWithParts" classname="org.apache.hadoop.ozone.client.rpc.TestSecureOzoneRpcClient" time="0.031"/>
  <testcase name="testListS3BucketsFail" classname="org.apache.hadoop.ozone.client.rpc.TestSecureOzoneRpcClient" time="0.005"/>
  <testcase name="testListMultipartUploadPartsWithContinuation" classname="org.apache.hadoop.ozone.client.rpc.TestSecureOzoneRpcClient" time="0.348"/>
  <testcase name="testListBucketsOnEmptyVolume" classname="org.apache.hadoop.ozone.client.rpc.TestSecureOzoneRpcClient" time="0.006"/>
  <testcase name="testCreateBucketWithStorageType" classname="org.apache.hadoop.ozone.client.rpc.TestSecureOzoneRpcClient" time="0.006"/>
  <testcase name="testDeleteKey" classname="org.apache.hadoop.ozone.client.rpc.TestSecureOzoneRpcClient" time="0.034"/>
  <testcase name="testDeleteVolume" classname="org.apache.hadoop.ozone.client.rpc.TestSecureOzoneRpcClient" time="0.01"/>
  <testcase name="testGetKeyAndFileWithNetworkTopology" classname="org.apache.hadoop.ozone.client.rpc.TestSecureOzoneRpcClient" time="1.405"/>
  <testcase name="testInvalidBucketCreation" classname="org.apache.hadoop.ozone.client.rpc.TestSecureOzoneRpcClient" time="0.006"/>
  <testcase name="testReadKeyWithVerifyChecksumFlagEnable" classname="org.apache.hadoop.ozone.client.rpc.TestSecureOzoneRpcClient" time="0.083">
    <error message="Unexpected Storage Container Exception: org.apache.hadoop.hdds.scm.container.common.helpers.StorageContainerException: ContainerID 7 does not exist" type="java.io.IOException">java.io.IOException: Unexpected Storage Container Exception: org.apache.hadoop.hdds.scm.container.common.helpers.StorageContainerException: ContainerID 7 does not exist
	at org.apache.hadoop.hdds.scm.storage.BlockOutputStream.setIoException(BlockOutputStream.java:541)
	at org.apache.hadoop.hdds.scm.storage.BlockOutputStream.validateResponse(BlockOutputStream.java:532)
	at org.apache.hadoop.hdds.scm.storage.BlockOutputStream.lambda$writeChunkToContainer$2(BlockOutputStream.java:606)
	at java.util.concurrent.CompletableFuture.uniApply(CompletableFuture.java:602)
	at java.util.concurrent.CompletableFuture$UniApply.tryFire(CompletableFuture.java:577)
	at java.util.concurrent.CompletableFuture$Completion.run(CompletableFuture.java:442)
	at java.util.concurrent.ThreadPoolExecutor.runWorker(ThreadPoolExecutor.java:1149)
	at java.util.concurrent.ThreadPoolExecutor$Worker.run(ThreadPoolExecutor.java:624)
	at java.lang.Thread.run(Thread.java:748)
Caused by: org.apache.hadoop.hdds.scm.container.common.helpers.StorageContainerException: ContainerID 7 does not exist
	at org.apache.hadoop.hdds.scm.storage.ContainerProtocolCalls.validateContainerResponse(ContainerProtocolCalls.java:536)
	at org.apache.hadoop.hdds.scm.storage.BlockOutputStream.validateResponse(BlockOutputStream.java:529)
	... 7 more
</error>
    <system-out><![CDATA[2019-07-30 20:44:58,407 INFO  rpc.RpcClient (RpcClient.java:createVolume(288)) - Creating Volume: 20bead13-9e33-4b43-89ca-afdbe160eba1, with jenkins1000 as owner.
2019-07-30 20:44:58,410 INFO  rpc.RpcClient (RpcClient.java:createBucket(425)) - Creating Bucket: 20bead13-9e33-4b43-89ca-afdbe160eba1/ce63e2bc-f211-4dbd-b8e2-9bbaab5c3fc6, with Versioning false and Storage Type set to DISK and Encryption set to false 
2019-07-30 20:44:58,425 INFO  keyvalue.KeyValueHandler (ContainerUtils.java:logAndReturnError(146)) - Operation: CreateContainer : Trace ID: 45c10912a5ce69b1:45c10912a5ce69b1:0:0 : Message: Container creation failed, due to disk out of space : Result: DISK_OUT_OF_SPACE
20:44:58.426 [pool-48-thread-2] ERROR DNAudit - user=null | ip=null | op=WRITE_CHUNK {blockData=conID: 7 locID: 102532349848060162 bcsId: 0} | ret=FAILURE
org.apache.hadoop.hdds.scm.container.common.helpers.StorageContainerException: ContainerID 7 creation failed
	at org.apache.hadoop.ozone.container.common.impl.HddsDispatcher.dispatchRequest(HddsDispatcher.java:227) ~[hadoop-hdds-container-service-0.4.1-SNAPSHOT.jar:?]
	at org.apache.hadoop.ozone.container.common.impl.HddsDispatcher.dispatch(HddsDispatcher.java:148) ~[hadoop-hdds-container-service-0.4.1-SNAPSHOT.jar:?]
	at org.apache.hadoop.ozone.container.common.transport.server.ratis.ContainerStateMachine.dispatchCommand(ContainerStateMachine.java:374) ~[hadoop-hdds-container-service-0.4.1-SNAPSHOT.jar:?]
	at org.apache.hadoop.ozone.container.common.transport.server.ratis.ContainerStateMachine.runCommand(ContainerStateMachine.java:381) ~[hadoop-hdds-container-service-0.4.1-SNAPSHOT.jar:?]
	at org.apache.hadoop.ozone.container.common.transport.server.ratis.ContainerStateMachine.lambda$handleWriteChunk$1(ContainerStateMachine.java:412) ~[hadoop-hdds-container-service-0.4.1-SNAPSHOT.jar:?]
	at java.util.concurrent.CompletableFuture$AsyncSupply.run(CompletableFuture.java:1590) [?:1.8.0_212]
	at java.util.concurrent.ThreadPoolExecutor.runWorker(ThreadPoolExecutor.java:1149) [?:1.8.0_212]
	at java.util.concurrent.ThreadPoolExecutor$Worker.run(ThreadPoolExecutor.java:624) [?:1.8.0_212]
	at java.lang.Thread.run(Thread.java:748) [?:1.8.0_212]
2019-07-30 20:44:58,426 INFO  impl.HddsDispatcher (ContainerUtils.java:logAndReturnError(146)) - Operation: WriteChunk : Trace ID: 45c10912a5ce69b1:45c10912a5ce69b1:0:0 : Message: ContainerID 7 creation failed : Result: DISK_OUT_OF_SPACE
20:44:58.439 [RatisApplyTransactionExecutor 7] ERROR DNAudit - user=null | ip=null | op=WRITE_CHUNK {blockData=conID: 7 locID: 102532349848060162 bcsId: 0} | ret=FAILURE
org.apache.hadoop.hdds.scm.container.common.helpers.StorageContainerException: ContainerID 7 does not exist
	at org.apache.hadoop.ozone.container.common.impl.HddsDispatcher.dispatchRequest(HddsDispatcher.java:242) ~[hadoop-hdds-container-service-0.4.1-SNAPSHOT.jar:?]
	at org.apache.hadoop.ozone.container.common.impl.HddsDispatcher.dispatch(HddsDispatcher.java:148) ~[hadoop-hdds-container-service-0.4.1-SNAPSHOT.jar:?]
	at org.apache.hadoop.ozone.container.common.transport.server.ratis.ContainerStateMachine.dispatchCommand(ContainerStateMachine.java:374) ~[hadoop-hdds-container-service-0.4.1-SNAPSHOT.jar:?]
	at org.apache.hadoop.ozone.container.common.transport.server.ratis.ContainerStateMachine.runCommand(ContainerStateMachine.java:381) ~[hadoop-hdds-container-service-0.4.1-SNAPSHOT.jar:?]
	at org.apache.hadoop.ozone.container.common.transport.server.ratis.ContainerStateMachine.lambda$applyTransaction$6(ContainerStateMachine.java:647) ~[hadoop-hdds-container-service-0.4.1-SNAPSHOT.jar:?]
	at java.util.concurrent.CompletableFuture$AsyncSupply.run(CompletableFuture.java:1590) [?:1.8.0_212]
	at java.util.concurrent.ThreadPoolExecutor.runWorker(ThreadPoolExecutor.java:1149) [?:1.8.0_212]
	at java.util.concurrent.ThreadPoolExecutor$Worker.run(ThreadPoolExecutor.java:624) [?:1.8.0_212]
	at java.lang.Thread.run(Thread.java:748) [?:1.8.0_212]
2019-07-30 20:44:58,439 INFO  impl.HddsDispatcher (ContainerUtils.java:logAndReturnError(146)) - Operation: WriteChunk : Trace ID: 45c10912a5ce69b1:45c10912a5ce69b1:0:0 : Message: ContainerID 7 does not exist : Result: CONTAINER_NOT_FOUND
2019-07-30 20:44:58,443 INFO  client.GrpcClientProtocolClient (GrpcClientProtocolClient.java:onNext(255)) - client-AE494335DB80->a9526d2b-be35-43d3-93e8-b9ec14dbf99c: receive RaftClientReply:client-AE494335DB80->a9526d2b-be35-43d3-93e8-b9ec14dbf99c@group-4E50737E0E94, cid=35, SUCCESS, logIndex=1, commits[a9526d2b-be35-43d3-93e8-b9ec14dbf99c:c1]
2019-07-30 20:44:58,451 ERROR storage.BlockOutputStream (BlockOutputStream.java:validateResponse(531)) - Unexpected Storage Container Exception: 
org.apache.hadoop.hdds.scm.container.common.helpers.StorageContainerException: ContainerID 7 does not exist
	at org.apache.hadoop.hdds.scm.storage.ContainerProtocolCalls.validateContainerResponse(ContainerProtocolCalls.java:536)
	at org.apache.hadoop.hdds.scm.storage.BlockOutputStream.validateResponse(BlockOutputStream.java:529)
	at org.apache.hadoop.hdds.scm.storage.BlockOutputStream.lambda$writeChunkToContainer$2(BlockOutputStream.java:606)
	at java.util.concurrent.CompletableFuture.uniApply(CompletableFuture.java:602)
	at java.util.concurrent.CompletableFuture$UniApply.tryFire(CompletableFuture.java:577)
	at java.util.concurrent.CompletableFuture$Completion.run(CompletableFuture.java:442)
	at java.util.concurrent.ThreadPoolExecutor.runWorker(ThreadPoolExecutor.java:1149)
	at java.util.concurrent.ThreadPoolExecutor$Worker.run(ThreadPoolExecutor.java:624)
	at java.lang.Thread.run(Thread.java:748)
20:44:58.479 [RatisApplyTransactionExecutor 7] ERROR DNAudit - user=null | ip=null | op=PUT_BLOCK {blockData=[blockId=conID: 7 locID: 102532349848060162 bcsId: 0,size=12]} | ret=FAILURE
org.apache.hadoop.hdds.scm.container.common.helpers.StorageContainerException: ContainerID 7 does not exist
	at org.apache.hadoop.ozone.container.common.impl.HddsDispatcher.dispatchRequest(HddsDispatcher.java:242) ~[hadoop-hdds-container-service-0.4.1-SNAPSHOT.jar:?]
	at org.apache.hadoop.ozone.container.common.impl.HddsDispatcher.dispatch(HddsDispatcher.java:148) ~[hadoop-hdds-container-service-0.4.1-SNAPSHOT.jar:?]
	at org.apache.hadoop.ozone.container.common.transport.server.ratis.ContainerStateMachine.dispatchCommand(ContainerStateMachine.java:374) ~[hadoop-hdds-container-service-0.4.1-SNAPSHOT.jar:?]
	at org.apache.hadoop.ozone.container.common.transport.server.ratis.ContainerStateMachine.runCommand(ContainerStateMachine.java:381) ~[hadoop-hdds-container-service-0.4.1-SNAPSHOT.jar:?]
	at org.apache.hadoop.ozone.container.common.transport.server.ratis.ContainerStateMachine.lambda$applyTransaction$6(ContainerStateMachine.java:647) ~[hadoop-hdds-container-service-0.4.1-SNAPSHOT.jar:?]
	at java.util.concurrent.CompletableFuture$AsyncSupply.run(CompletableFuture.java:1590) [?:1.8.0_212]
	at java.util.concurrent.ThreadPoolExecutor.runWorker(ThreadPoolExecutor.java:1149) [?:1.8.0_212]
	at java.util.concurrent.ThreadPoolExecutor$Worker.run(ThreadPoolExecutor.java:624) [?:1.8.0_212]
	at java.lang.Thread.run(Thread.java:748) [?:1.8.0_212]
2019-07-30 20:44:58,480 INFO  impl.HddsDispatcher (ContainerUtils.java:logAndReturnError(146)) - Operation: PutBlock : Trace ID: de907f7c4eb2fffd:de907f7c4eb2fffd:0:0 : Message: ContainerID 7 does not exist : Result: CONTAINER_NOT_FOUND
2019-07-30 20:44:58,484 INFO  client.GrpcClientProtocolClient (GrpcClientProtocolClient.java:onNext(255)) - client-AE494335DB80->a9526d2b-be35-43d3-93e8-b9ec14dbf99c: receive RaftClientReply:client-AE494335DB80->a9526d2b-be35-43d3-93e8-b9ec14dbf99c@group-4E50737E0E94, cid=36, SUCCESS, logIndex=3, commits[a9526d2b-be35-43d3-93e8-b9ec14dbf99c:c3]
]]></system-out>
  </testcase>
  <testcase name="testAbortUploadSuccessWithOutAnyParts" classname="org.apache.hadoop.ozone.client.rpc.TestSecureOzoneRpcClient" time="0.01"/>
  <testcase name="testListPartsInvalidMaxParts" classname="org.apache.hadoop.ozone.client.rpc.TestSecureOzoneRpcClient" time="0.005"/>
  <testcase name="testSetBucketVersioning" classname="org.apache.hadoop.ozone.client.rpc.TestSecureOzoneRpcClient" time="0.008"/>
  <testcase name="testAbortUploadFail" classname="org.apache.hadoop.ozone.client.rpc.TestSecureOzoneRpcClient" time="0.008"/>
  <testcase name="testCreateS3BucketMapping" classname="org.apache.hadoop.ozone.client.rpc.TestSecureOzoneRpcClient" time="0.007"/>
  <testcase name="testMultipartUploadOverride" classname="org.apache.hadoop.ozone.client.rpc.TestSecureOzoneRpcClient" time="0.197">
    <error message="Unexpected Storage Container Exception: org.apache.hadoop.hdds.scm.container.common.helpers.StorageContainerException: ContainerID 2 does not exist" type="java.io.IOException">java.io.IOException: Unexpected Storage Container Exception: org.apache.hadoop.hdds.scm.container.common.helpers.StorageContainerException: ContainerID 2 does not exist
	at org.apache.hadoop.hdds.scm.storage.BlockOutputStream.setIoException(BlockOutputStream.java:541)
	at org.apache.hadoop.hdds.scm.storage.BlockOutputStream.validateResponse(BlockOutputStream.java:532)
	at org.apache.hadoop.hdds.scm.storage.BlockOutputStream.lambda$writeChunkToContainer$2(BlockOutputStream.java:606)
	at java.util.concurrent.CompletableFuture.uniApply(CompletableFuture.java:602)
	at java.util.concurrent.CompletableFuture$UniApply.tryFire(CompletableFuture.java:577)
	at java.util.concurrent.CompletableFuture$Completion.run(CompletableFuture.java:442)
	at java.util.concurrent.ThreadPoolExecutor.runWorker(ThreadPoolExecutor.java:1149)
	at java.util.concurrent.ThreadPoolExecutor$Worker.run(ThreadPoolExecutor.java:624)
	at java.lang.Thread.run(Thread.java:748)
Caused by: org.apache.hadoop.hdds.scm.container.common.helpers.StorageContainerException: ContainerID 2 does not exist
	at org.apache.hadoop.hdds.scm.storage.ContainerProtocolCalls.validateContainerResponse(ContainerProtocolCalls.java:536)
	at org.apache.hadoop.hdds.scm.storage.BlockOutputStream.validateResponse(BlockOutputStream.java:529)
	... 7 more
</error>
    <system-out><![CDATA[2019-07-30 20:44:58,530 INFO  rpc.RpcClient (RpcClient.java:createVolume(288)) - Creating Volume: 661b549d-1b80-46d4-8cff-aadff9503b99, with jenkins1000 as owner.
2019-07-30 20:44:58,533 INFO  rpc.RpcClient (RpcClient.java:createBucket(425)) - Creating Bucket: 661b549d-1b80-46d4-8cff-aadff9503b99/365095c7-b78a-4098-970a-d9d2e9b1ed07, with Versioning false and Storage Type set to DISK and Encryption set to false 
2019-07-30 20:44:58,585 INFO  client.GrpcClientProtocolClient (GrpcClientProtocolClient.java:onNext(255)) - client-CC369FCBB14F->034ae079-5f86-43b2-9191-8116a6d40503: receive RaftClientReply:client-CC369FCBB14F->034ae079-5f86-43b2-9191-8116a6d40503@group-2E83FCEA3790, cid=37, SUCCESS, logIndex=8, commits[034ae079-5f86-43b2-9191-8116a6d40503:c11, 536259b8-1892-4cd4-a53d-7d17184b8ded:c7, 174d6507-3192-4d64-8269-6fd8a81fc647:c7]
2019-07-30 20:44:58,586 INFO  client.GrpcClientProtocolClient (GrpcClientProtocolClient.java:onNext(255)) - client-CC369FCBB14F->034ae079-5f86-43b2-9191-8116a6d40503: receive RaftClientReply:client-CC369FCBB14F->034ae079-5f86-43b2-9191-8116a6d40503@group-2E83FCEA3790, cid=38, SUCCESS, logIndex=9, commits[034ae079-5f86-43b2-9191-8116a6d40503:c11, 536259b8-1892-4cd4-a53d-7d17184b8ded:c7, 174d6507-3192-4d64-8269-6fd8a81fc647:c7]
2019-07-30 20:44:58,586 INFO  client.GrpcClientProtocolClient (GrpcClientProtocolClient.java:onNext(255)) - client-CC369FCBB14F->034ae079-5f86-43b2-9191-8116a6d40503: receive RaftClientReply:client-CC369FCBB14F->034ae079-5f86-43b2-9191-8116a6d40503@group-2E83FCEA3790, cid=39, SUCCESS, logIndex=10, commits[034ae079-5f86-43b2-9191-8116a6d40503:c11, 536259b8-1892-4cd4-a53d-7d17184b8ded:c7, 174d6507-3192-4d64-8269-6fd8a81fc647:c7]
2019-07-30 20:44:58,587 INFO  client.GrpcClientProtocolClient (GrpcClientProtocolClient.java:onNext(255)) - client-CC369FCBB14F->034ae079-5f86-43b2-9191-8116a6d40503: receive RaftClientReply:client-CC369FCBB14F->034ae079-5f86-43b2-9191-8116a6d40503@group-2E83FCEA3790, cid=40, SUCCESS, logIndex=11, commits[034ae079-5f86-43b2-9191-8116a6d40503:c11, 536259b8-1892-4cd4-a53d-7d17184b8ded:c7, 174d6507-3192-4d64-8269-6fd8a81fc647:c7]
2019-07-30 20:44:58,607 INFO  client.GrpcClientProtocolClient (GrpcClientProtocolClient.java:onNext(255)) - client-CC369FCBB14F->034ae079-5f86-43b2-9191-8116a6d40503: receive RaftClientReply:client-CC369FCBB14F->034ae079-5f86-43b2-9191-8116a6d40503@group-2E83FCEA3790, cid=41, SUCCESS, logIndex=0, commits[034ae079-5f86-43b2-9191-8116a6d40503:c13, 536259b8-1892-4cd4-a53d-7d17184b8ded:c11, 174d6507-3192-4d64-8269-6fd8a81fc647:c11]
2019-07-30 20:44:58,637 INFO  client.GrpcClientProtocolClient (GrpcClientProtocolClient.java:onNext(255)) - client-CC369FCBB14F->034ae079-5f86-43b2-9191-8116a6d40503: receive RaftClientReply:client-CC369FCBB14F->034ae079-5f86-43b2-9191-8116a6d40503@group-2E83FCEA3790, cid=42, SUCCESS, logIndex=14, commits[034ae079-5f86-43b2-9191-8116a6d40503:c15, 536259b8-1892-4cd4-a53d-7d17184b8ded:c13, 174d6507-3192-4d64-8269-6fd8a81fc647:c13]
2019-07-30 20:44:58,638 INFO  client.GrpcClientProtocolClient (GrpcClientProtocolClient.java:onNext(255)) - client-CC369FCBB14F->034ae079-5f86-43b2-9191-8116a6d40503: receive RaftClientReply:client-CC369FCBB14F->034ae079-5f86-43b2-9191-8116a6d40503@group-2E83FCEA3790, cid=43, SUCCESS, logIndex=15, commits[034ae079-5f86-43b2-9191-8116a6d40503:c15, 536259b8-1892-4cd4-a53d-7d17184b8ded:c13, 174d6507-3192-4d64-8269-6fd8a81fc647:c13]
2019-07-30 20:44:58,678 INFO  client.GrpcClientProtocolClient (GrpcClientProtocolClient.java:onNext(255)) - client-CC369FCBB14F->034ae079-5f86-43b2-9191-8116a6d40503: receive RaftClientReply:client-CC369FCBB14F->034ae079-5f86-43b2-9191-8116a6d40503@group-2E83FCEA3790, cid=44, SUCCESS, logIndex=18, commits[034ae079-5f86-43b2-9191-8116a6d40503:c19, 536259b8-1892-4cd4-a53d-7d17184b8ded:c15, 174d6507-3192-4d64-8269-6fd8a81fc647:c15]
2019-07-30 20:44:58,679 INFO  client.GrpcClientProtocolClient (GrpcClientProtocolClient.java:onNext(255)) - client-CC369FCBB14F->034ae079-5f86-43b2-9191-8116a6d40503: receive RaftClientReply:client-CC369FCBB14F->034ae079-5f86-43b2-9191-8116a6d40503@group-2E83FCEA3790, cid=45, SUCCESS, logIndex=19, commits[034ae079-5f86-43b2-9191-8116a6d40503:c19, 536259b8-1892-4cd4-a53d-7d17184b8ded:c15, 174d6507-3192-4d64-8269-6fd8a81fc647:c15]
2019-07-30 20:44:58,689 INFO  client.GrpcClientProtocolClient (GrpcClientProtocolClient.java:onNext(255)) - client-CC369FCBB14F->034ae079-5f86-43b2-9191-8116a6d40503: receive RaftClientReply:client-CC369FCBB14F->034ae079-5f86-43b2-9191-8116a6d40503@group-2E83FCEA3790, cid=46, SUCCESS, logIndex=0, commits[034ae079-5f86-43b2-9191-8116a6d40503:c19, 536259b8-1892-4cd4-a53d-7d17184b8ded:c19, 174d6507-3192-4d64-8269-6fd8a81fc647:c19]
2019-07-30 20:44:58,700 INFO  keyvalue.KeyValueHandler (ContainerUtils.java:logAndReturnError(146)) - Operation: CreateContainer : Trace ID: fc85bc7e1d79a730:fc85bc7e1d79a730:0:0 : Message: Container creation failed, due to disk out of space : Result: DISK_OUT_OF_SPACE
20:44:58.701 [pool-125-thread-7] ERROR DNAudit - user=null | ip=null | op=WRITE_CHUNK {blockData=conID: 2 locID: 102532349856514311 bcsId: 0} | ret=FAILURE
org.apache.hadoop.hdds.scm.container.common.helpers.StorageContainerException: ContainerID 2 creation failed
	at org.apache.hadoop.ozone.container.common.impl.HddsDispatcher.dispatchRequest(HddsDispatcher.java:227) ~[hadoop-hdds-container-service-0.4.1-SNAPSHOT.jar:?]
	at org.apache.hadoop.ozone.container.common.impl.HddsDispatcher.dispatch(HddsDispatcher.java:148) ~[hadoop-hdds-container-service-0.4.1-SNAPSHOT.jar:?]
	at org.apache.hadoop.ozone.container.common.transport.server.ratis.ContainerStateMachine.dispatchCommand(ContainerStateMachine.java:374) ~[hadoop-hdds-container-service-0.4.1-SNAPSHOT.jar:?]
	at org.apache.hadoop.ozone.container.common.transport.server.ratis.ContainerStateMachine.runCommand(ContainerStateMachine.java:381) ~[hadoop-hdds-container-service-0.4.1-SNAPSHOT.jar:?]
	at org.apache.hadoop.ozone.container.common.transport.server.ratis.ContainerStateMachine.lambda$handleWriteChunk$1(ContainerStateMachine.java:412) ~[hadoop-hdds-container-service-0.4.1-SNAPSHOT.jar:?]
	at java.util.concurrent.CompletableFuture$AsyncSupply.run(CompletableFuture.java:1590) [?:1.8.0_212]
	at java.util.concurrent.ThreadPoolExecutor.runWorker(ThreadPoolExecutor.java:1149) [?:1.8.0_212]
	at java.util.concurrent.ThreadPoolExecutor$Worker.run(ThreadPoolExecutor.java:624) [?:1.8.0_212]
	at java.lang.Thread.run(Thread.java:748) [?:1.8.0_212]
2019-07-30 20:44:58,701 INFO  impl.HddsDispatcher (ContainerUtils.java:logAndReturnError(146)) - Operation: WriteChunk : Trace ID: fc85bc7e1d79a730:fc85bc7e1d79a730:0:0 : Message: ContainerID 2 creation failed : Result: DISK_OUT_OF_SPACE
20:44:58.717 [RatisApplyTransactionExecutor 2] ERROR DNAudit - user=null | ip=null | op=WRITE_CHUNK {blockData=conID: 2 locID: 102532349856514311 bcsId: 0} | ret=FAILURE
org.apache.hadoop.hdds.scm.container.common.helpers.StorageContainerException: ContainerID 2 does not exist
	at org.apache.hadoop.ozone.container.common.impl.HddsDispatcher.dispatchRequest(HddsDispatcher.java:242) ~[hadoop-hdds-container-service-0.4.1-SNAPSHOT.jar:?]
	at org.apache.hadoop.ozone.container.common.impl.HddsDispatcher.dispatch(HddsDispatcher.java:148) ~[hadoop-hdds-container-service-0.4.1-SNAPSHOT.jar:?]
	at org.apache.hadoop.ozone.container.common.transport.server.ratis.ContainerStateMachine.dispatchCommand(ContainerStateMachine.java:374) ~[hadoop-hdds-container-service-0.4.1-SNAPSHOT.jar:?]
	at org.apache.hadoop.ozone.container.common.transport.server.ratis.ContainerStateMachine.runCommand(ContainerStateMachine.java:381) ~[hadoop-hdds-container-service-0.4.1-SNAPSHOT.jar:?]
	at org.apache.hadoop.ozone.container.common.transport.server.ratis.ContainerStateMachine.lambda$applyTransaction$6(ContainerStateMachine.java:647) ~[hadoop-hdds-container-service-0.4.1-SNAPSHOT.jar:?]
	at java.util.concurrent.CompletableFuture$AsyncSupply.run(CompletableFuture.java:1590) [?:1.8.0_212]
	at java.util.concurrent.ThreadPoolExecutor.runWorker(ThreadPoolExecutor.java:1149) [?:1.8.0_212]
	at java.util.concurrent.ThreadPoolExecutor$Worker.run(ThreadPoolExecutor.java:624) [?:1.8.0_212]
	at java.lang.Thread.run(Thread.java:748) [?:1.8.0_212]
2019-07-30 20:44:58,718 INFO  impl.HddsDispatcher (ContainerUtils.java:logAndReturnError(146)) - Operation: WriteChunk : Trace ID: fc85bc7e1d79a730:fc85bc7e1d79a730:0:0 : Message: ContainerID 2 does not exist : Result: CONTAINER_NOT_FOUND
20:44:58.719 [RatisApplyTransactionExecutor 2] ERROR DNAudit - user=null | ip=null | op=PUT_BLOCK {blockData=[blockId=conID: 2 locID: 102532349856514311 bcsId: 0,size=1048576]} | ret=FAILURE
org.apache.hadoop.hdds.scm.container.common.helpers.StorageContainerException: ContainerID 2 does not exist
	at org.apache.hadoop.ozone.container.common.impl.HddsDispatcher.dispatchRequest(HddsDispatcher.java:242) ~[hadoop-hdds-container-service-0.4.1-SNAPSHOT.jar:?]
	at org.apache.hadoop.ozone.container.common.impl.HddsDispatcher.dispatch(HddsDispatcher.java:148) ~[hadoop-hdds-container-service-0.4.1-SNAPSHOT.jar:?]
	at org.apache.hadoop.ozone.container.common.transport.server.ratis.ContainerStateMachine.dispatchCommand(ContainerStateMachine.java:374) ~[hadoop-hdds-container-service-0.4.1-SNAPSHOT.jar:?]
	at org.apache.hadoop.ozone.container.common.transport.server.ratis.ContainerStateMachine.runCommand(ContainerStateMachine.java:381) ~[hadoop-hdds-container-service-0.4.1-SNAPSHOT.jar:?]
	at org.apache.hadoop.ozone.container.common.transport.server.ratis.ContainerStateMachine.lambda$applyTransaction$6(ContainerStateMachine.java:647) ~[hadoop-hdds-container-service-0.4.1-SNAPSHOT.jar:?]
	at java.util.concurrent.CompletableFuture$AsyncSupply.run(CompletableFuture.java:1590) [?:1.8.0_212]
	at java.util.concurrent.ThreadPoolExecutor.runWorker(ThreadPoolExecutor.java:1149) [?:1.8.0_212]
	at java.util.concurrent.ThreadPoolExecutor$Worker.run(ThreadPoolExecutor.java:624) [?:1.8.0_212]
	at java.lang.Thread.run(Thread.java:748) [?:1.8.0_212]
2019-07-30 20:44:58,719 INFO  impl.HddsDispatcher (ContainerUtils.java:logAndReturnError(146)) - Operation: PutBlock : Trace ID: 26d205d301e7f91b:26d205d301e7f91b:0:0 : Message: ContainerID 2 does not exist : Result: CONTAINER_NOT_FOUND
2019-07-30 20:44:58,719 INFO  client.GrpcClientProtocolClient (GrpcClientProtocolClient.java:onNext(255)) - client-E5429301A4FF->6b23b601-e928-40bb-825b-4ef96912fe68: receive RaftClientReply:client-E5429301A4FF->6b23b601-e928-40bb-825b-4ef96912fe68@group-F6617882DA6C, cid=47, SUCCESS, logIndex=9, commits[6b23b601-e928-40bb-825b-4ef96912fe68:c10, 4cbf33ee-83be-45e9-9eef-f0cb4ca9bbc3:c8, 103a5f78-f894-49cf-9b33-9d74dab8470f:c8]
2019-07-30 20:44:58,720 ERROR storage.BlockOutputStream (BlockOutputStream.java:validateResponse(531)) - Unexpected Storage Container Exception: 
org.apache.hadoop.hdds.scm.container.common.helpers.StorageContainerException: ContainerID 2 does not exist
	at org.apache.hadoop.hdds.scm.storage.ContainerProtocolCalls.validateContainerResponse(ContainerProtocolCalls.java:536)
	at org.apache.hadoop.hdds.scm.storage.BlockOutputStream.validateResponse(BlockOutputStream.java:529)
	at org.apache.hadoop.hdds.scm.storage.BlockOutputStream.lambda$writeChunkToContainer$2(BlockOutputStream.java:606)
	at java.util.concurrent.CompletableFuture.uniApply(CompletableFuture.java:602)
	at java.util.concurrent.CompletableFuture$UniApply.tryFire(CompletableFuture.java:577)
	at java.util.concurrent.CompletableFuture$Completion.run(CompletableFuture.java:442)
	at java.util.concurrent.ThreadPoolExecutor.runWorker(ThreadPoolExecutor.java:1149)
	at java.util.concurrent.ThreadPoolExecutor$Worker.run(ThreadPoolExecutor.java:624)
	at java.lang.Thread.run(Thread.java:748)
2019-07-30 20:44:58,722 INFO  client.GrpcClientProtocolClient (GrpcClientProtocolClient.java:onNext(255)) - client-E5429301A4FF->6b23b601-e928-40bb-825b-4ef96912fe68: receive RaftClientReply:client-E5429301A4FF->6b23b601-e928-40bb-825b-4ef96912fe68@group-F6617882DA6C, cid=48, SUCCESS, logIndex=10, commits[6b23b601-e928-40bb-825b-4ef96912fe68:c10, 4cbf33ee-83be-45e9-9eef-f0cb4ca9bbc3:c8, 103a5f78-f894-49cf-9b33-9d74dab8470f:c8]
]]></system-out>
  </testcase>
  <testcase name="testValidateBlockLengthWithCommitKey" classname="org.apache.hadoop.ozone.client.rpc.TestSecureOzoneRpcClient" time="0.032"/>
  <testcase name="testMultipartUploadWithPartsMisMatchWithListSizeDifferent" classname="org.apache.hadoop.ozone.client.rpc.TestSecureOzoneRpcClient" time="0.009"/>
  <testcase name="testNoSuchUploadError" classname="org.apache.hadoop.ozone.client.rpc.TestSecureOzoneRpcClient" time="0.007"/>
  <testcase name="testPutKeyRatisThreeNodes" classname="org.apache.hadoop.ozone.client.rpc.TestSecureOzoneRpcClient" time="0.441">
    <error message="Unexpected Storage Container Exception: org.apache.hadoop.hdds.scm.container.common.helpers.StorageContainerException: ContainerID 2 does not exist" type="java.io.IOException">java.io.IOException: Unexpected Storage Container Exception: org.apache.hadoop.hdds.scm.container.common.helpers.StorageContainerException: ContainerID 2 does not exist
	at org.apache.hadoop.hdds.scm.storage.BlockOutputStream.setIoException(BlockOutputStream.java:541)
	at org.apache.hadoop.hdds.scm.storage.BlockOutputStream.validateResponse(BlockOutputStream.java:532)
	at org.apache.hadoop.hdds.scm.storage.BlockOutputStream.lambda$writeChunkToContainer$2(BlockOutputStream.java:606)
	at java.util.concurrent.CompletableFuture.uniApply(CompletableFuture.java:602)
	at java.util.concurrent.CompletableFuture$UniApply.tryFire(CompletableFuture.java:577)
	at java.util.concurrent.CompletableFuture$Completion.run(CompletableFuture.java:442)
	at java.util.concurrent.ThreadPoolExecutor.runWorker(ThreadPoolExecutor.java:1149)
	at java.util.concurrent.ThreadPoolExecutor$Worker.run(ThreadPoolExecutor.java:624)
	at java.lang.Thread.run(Thread.java:748)
Caused by: org.apache.hadoop.hdds.scm.container.common.helpers.StorageContainerException: ContainerID 2 does not exist
	at org.apache.hadoop.hdds.scm.storage.ContainerProtocolCalls.validateContainerResponse(ContainerProtocolCalls.java:536)
	at org.apache.hadoop.hdds.scm.storage.BlockOutputStream.validateResponse(BlockOutputStream.java:529)
	... 7 more
</error>
    <system-out><![CDATA[2019-07-30 20:44:58,775 INFO  rpc.RpcClient (RpcClient.java:createVolume(288)) - Creating Volume: 38c8f81e-219f-4cfb-a135-6cf1a9d365eb, with jenkins1000 as owner.
2019-07-30 20:44:58,777 INFO  rpc.RpcClient (RpcClient.java:createBucket(425)) - Creating Bucket: 38c8f81e-219f-4cfb-a135-6cf1a9d365eb/b65c2988-80e9-465e-8723-a0fc02a6a6f3, with Versioning false and Storage Type set to DISK and Encryption set to false 
2019-07-30 20:44:58,796 INFO  keyvalue.KeyValueHandler (ContainerUtils.java:logAndReturnError(146)) - Operation: CreateContainer : Trace ID: 8d19c3cb262b515a:8d19c3cb262b515a:0:0 : Message: Container creation failed, due to disk out of space : Result: DISK_OUT_OF_SPACE
20:44:58.796 [pool-59-thread-4] ERROR DNAudit - user=null | ip=null | op=WRITE_CHUNK {blockData=conID: 6 locID: 102532349872308493 bcsId: 0} | ret=FAILURE
org.apache.hadoop.hdds.scm.container.common.helpers.StorageContainerException: ContainerID 6 creation failed
	at org.apache.hadoop.ozone.container.common.impl.HddsDispatcher.dispatchRequest(HddsDispatcher.java:227) ~[hadoop-hdds-container-service-0.4.1-SNAPSHOT.jar:?]
	at org.apache.hadoop.ozone.container.common.impl.HddsDispatcher.dispatch(HddsDispatcher.java:148) ~[hadoop-hdds-container-service-0.4.1-SNAPSHOT.jar:?]
	at org.apache.hadoop.ozone.container.common.transport.server.ratis.ContainerStateMachine.dispatchCommand(ContainerStateMachine.java:374) ~[hadoop-hdds-container-service-0.4.1-SNAPSHOT.jar:?]
	at org.apache.hadoop.ozone.container.common.transport.server.ratis.ContainerStateMachine.runCommand(ContainerStateMachine.java:381) ~[hadoop-hdds-container-service-0.4.1-SNAPSHOT.jar:?]
	at org.apache.hadoop.ozone.container.common.transport.server.ratis.ContainerStateMachine.lambda$handleWriteChunk$1(ContainerStateMachine.java:412) ~[hadoop-hdds-container-service-0.4.1-SNAPSHOT.jar:?]
	at java.util.concurrent.CompletableFuture$AsyncSupply.run(CompletableFuture.java:1590) [?:1.8.0_212]
	at java.util.concurrent.ThreadPoolExecutor.runWorker(ThreadPoolExecutor.java:1149) [?:1.8.0_212]
	at java.util.concurrent.ThreadPoolExecutor$Worker.run(ThreadPoolExecutor.java:624) [?:1.8.0_212]
	at java.lang.Thread.run(Thread.java:748) [?:1.8.0_212]
2019-07-30 20:44:58,797 INFO  impl.HddsDispatcher (ContainerUtils.java:logAndReturnError(146)) - Operation: WriteChunk : Trace ID: 8d19c3cb262b515a:8d19c3cb262b515a:0:0 : Message: ContainerID 6 creation failed : Result: DISK_OUT_OF_SPACE
2019-07-30 20:44:58,813 INFO  client.GrpcClientProtocolClient (GrpcClientProtocolClient.java:onNext(255)) - client-9CB68EAD839C->e0c8f8ef-c45f-4157-8cea-a9b979ddc82d: receive RaftClientReply:client-9CB68EAD839C->e0c8f8ef-c45f-4157-8cea-a9b979ddc82d@group-5BCC4BDF10AB, cid=49, SUCCESS, logIndex=5, commits[e0c8f8ef-c45f-4157-8cea-a9b979ddc82d:c6, 55d4b8ad-efa0-4e8e-b9c0-43b0461e5a97:c4, a9526d2b-be35-43d3-93e8-b9ec14dbf99c:c4]
2019-07-30 20:44:58,814 INFO  client.GrpcClientProtocolClient (GrpcClientProtocolClient.java:onNext(255)) - client-9CB68EAD839C->e0c8f8ef-c45f-4157-8cea-a9b979ddc82d: receive RaftClientReply:client-9CB68EAD839C->e0c8f8ef-c45f-4157-8cea-a9b979ddc82d@group-5BCC4BDF10AB, cid=50, SUCCESS, logIndex=6, commits[e0c8f8ef-c45f-4157-8cea-a9b979ddc82d:c6, 55d4b8ad-efa0-4e8e-b9c0-43b0461e5a97:c4, a9526d2b-be35-43d3-93e8-b9ec14dbf99c:c4]
20:44:58.825 [RatisApplyTransactionExecutor 6] ERROR DNAudit - user=null | ip=null | op=WRITE_CHUNK {blockData=conID: 6 locID: 102532349872308493 bcsId: 0} | ret=FAILURE
org.apache.hadoop.hdds.scm.container.common.helpers.StorageContainerException: ContainerID 6 does not exist
	at org.apache.hadoop.ozone.container.common.impl.HddsDispatcher.dispatchRequest(HddsDispatcher.java:242) ~[hadoop-hdds-container-service-0.4.1-SNAPSHOT.jar:?]
	at org.apache.hadoop.ozone.container.common.impl.HddsDispatcher.dispatch(HddsDispatcher.java:148) ~[hadoop-hdds-container-service-0.4.1-SNAPSHOT.jar:?]
	at org.apache.hadoop.ozone.container.common.transport.server.ratis.ContainerStateMachine.dispatchCommand(ContainerStateMachine.java:374) ~[hadoop-hdds-container-service-0.4.1-SNAPSHOT.jar:?]
	at org.apache.hadoop.ozone.container.common.transport.server.ratis.ContainerStateMachine.runCommand(ContainerStateMachine.java:381) ~[hadoop-hdds-container-service-0.4.1-SNAPSHOT.jar:?]
	at org.apache.hadoop.ozone.container.common.transport.server.ratis.ContainerStateMachine.lambda$applyTransaction$6(ContainerStateMachine.java:647) ~[hadoop-hdds-container-service-0.4.1-SNAPSHOT.jar:?]
	at java.util.concurrent.CompletableFuture$AsyncSupply.run(CompletableFuture.java:1590) [?:1.8.0_212]
	at java.util.concurrent.ThreadPoolExecutor.runWorker(ThreadPoolExecutor.java:1149) [?:1.8.0_212]
	at java.util.concurrent.ThreadPoolExecutor$Worker.run(ThreadPoolExecutor.java:624) [?:1.8.0_212]
	at java.lang.Thread.run(Thread.java:748) [?:1.8.0_212]
2019-07-30 20:44:58,827 INFO  impl.HddsDispatcher (ContainerUtils.java:logAndReturnError(146)) - Operation: WriteChunk : Trace ID: 8d19c3cb262b515a:8d19c3cb262b515a:0:0 : Message: ContainerID 6 does not exist : Result: CONTAINER_NOT_FOUND
2019-07-30 20:44:58,827 INFO  client.GrpcClientProtocolClient (GrpcClientProtocolClient.java:onNext(255)) - client-9CB68EAD839C->e0c8f8ef-c45f-4157-8cea-a9b979ddc82d: receive RaftClientReply:client-9CB68EAD839C->e0c8f8ef-c45f-4157-8cea-a9b979ddc82d@group-5BCC4BDF10AB, cid=51, SUCCESS, logIndex=0, commits[e0c8f8ef-c45f-4157-8cea-a9b979ddc82d:c7, 55d4b8ad-efa0-4e8e-b9c0-43b0461e5a97:c6, a9526d2b-be35-43d3-93e8-b9ec14dbf99c:c6]
20:44:58.828 [RatisApplyTransactionExecutor 6] ERROR DNAudit - user=null | ip=null | op=PUT_BLOCK {blockData=[blockId=conID: 6 locID: 102532349872308493 bcsId: 0,size=12]} | ret=FAILURE
org.apache.hadoop.hdds.scm.container.common.helpers.StorageContainerException: ContainerID 6 does not exist
	at org.apache.hadoop.ozone.container.common.impl.HddsDispatcher.dispatchRequest(HddsDispatcher.java:242) ~[hadoop-hdds-container-service-0.4.1-SNAPSHOT.jar:?]
	at org.apache.hadoop.ozone.container.common.impl.HddsDispatcher.dispatch(HddsDispatcher.java:148) ~[hadoop-hdds-container-service-0.4.1-SNAPSHOT.jar:?]
	at org.apache.hadoop.ozone.container.common.transport.server.ratis.ContainerStateMachine.dispatchCommand(ContainerStateMachine.java:374) ~[hadoop-hdds-container-service-0.4.1-SNAPSHOT.jar:?]
	at org.apache.hadoop.ozone.container.common.transport.server.ratis.ContainerStateMachine.runCommand(ContainerStateMachine.java:381) ~[hadoop-hdds-container-service-0.4.1-SNAPSHOT.jar:?]
	at org.apache.hadoop.ozone.container.common.transport.server.ratis.ContainerStateMachine.lambda$applyTransaction$6(ContainerStateMachine.java:647) ~[hadoop-hdds-container-service-0.4.1-SNAPSHOT.jar:?]
	at java.util.concurrent.CompletableFuture$AsyncSupply.run(CompletableFuture.java:1590) [?:1.8.0_212]
	at java.util.concurrent.ThreadPoolExecutor.runWorker(ThreadPoolExecutor.java:1149) [?:1.8.0_212]
	at java.util.concurrent.ThreadPoolExecutor$Worker.run(ThreadPoolExecutor.java:624) [?:1.8.0_212]
	at java.lang.Thread.run(Thread.java:748) [?:1.8.0_212]
2019-07-30 20:44:58,828 INFO  impl.HddsDispatcher (ContainerUtils.java:logAndReturnError(146)) - Operation: PutBlock : Trace ID: a93bcfb739de07b2:a93bcfb739de07b2:0:0 : Message: ContainerID 6 does not exist : Result: CONTAINER_NOT_FOUND
2019-07-30 20:44:58,835 WARN  node.SCMNodeManager (SCMNodeManager.java:getNodeByAddress(599)) - Cannot find node for address 127.0.0.1
2019-07-30 20:44:58,842 WARN  node.SCMNodeManager (SCMNodeManager.java:getNodeByAddress(599)) - Cannot find node for address 127.0.0.1
20:44:58.847 [grpc-default-executor-2] ERROR DNAudit - user=null | ip=null | op=READ_CHUNK {blockData=conID: 6 locID: 102532349872308493 bcsId: 6} | ret=FAILURE
org.apache.hadoop.hdds.scm.container.common.helpers.StorageContainerException: ContainerID 6 does not exist
	at org.apache.hadoop.ozone.container.common.impl.HddsDispatcher.dispatchRequest(HddsDispatcher.java:242) [hadoop-hdds-container-service-0.4.1-SNAPSHOT.jar:?]
	at org.apache.hadoop.ozone.container.common.impl.HddsDispatcher.dispatch(HddsDispatcher.java:148) [hadoop-hdds-container-service-0.4.1-SNAPSHOT.jar:?]
	at org.apache.hadoop.ozone.container.common.transport.server.GrpcXceiverService$1.onNext(GrpcXceiverService.java:73) [hadoop-hdds-container-service-0.4.1-SNAPSHOT.jar:?]
	at org.apache.hadoop.ozone.container.common.transport.server.GrpcXceiverService$1.onNext(GrpcXceiverService.java:61) [hadoop-hdds-container-service-0.4.1-SNAPSHOT.jar:?]
	at org.apache.ratis.thirdparty.io.grpc.stub.ServerCalls$StreamingServerCallHandler$StreamingServerCallListener.onMessage(ServerCalls.java:248) [ratis-thirdparty-misc-0.2.0.jar:0.2.0]
	at org.apache.ratis.thirdparty.io.grpc.ForwardingServerCallListener.onMessage(ForwardingServerCallListener.java:33) [ratis-thirdparty-misc-0.2.0.jar:0.2.0]
	at org.apache.ratis.thirdparty.io.grpc.Contexts$ContextualizedServerCallListener.onMessage(Contexts.java:76) [ratis-thirdparty-misc-0.2.0.jar:0.2.0]
	at org.apache.ratis.thirdparty.io.grpc.ForwardingServerCallListener.onMessage(ForwardingServerCallListener.java:33) [ratis-thirdparty-misc-0.2.0.jar:0.2.0]
	at org.apache.hadoop.hdds.tracing.GrpcServerInterceptor$1.onMessage(GrpcServerInterceptor.java:46) [hadoop-hdds-common-0.4.1-SNAPSHOT.jar:?]
	at org.apache.ratis.thirdparty.io.grpc.internal.ServerCallImpl$ServerStreamListenerImpl.messagesAvailable(ServerCallImpl.java:263) [ratis-thirdparty-misc-0.2.0.jar:0.2.0]
	at org.apache.ratis.thirdparty.io.grpc.internal.ServerImpl$JumpToApplicationThreadServerStreamListener$1MessagesAvailable.runInContext(ServerImpl.java:686) [ratis-thirdparty-misc-0.2.0.jar:0.2.0]
	at org.apache.ratis.thirdparty.io.grpc.internal.ContextRunnable.run(ContextRunnable.java:37) [ratis-thirdparty-misc-0.2.0.jar:0.2.0]
	at org.apache.ratis.thirdparty.io.grpc.internal.SerializingExecutor.run(SerializingExecutor.java:123) [ratis-thirdparty-misc-0.2.0.jar:0.2.0]
	at java.util.concurrent.ThreadPoolExecutor.runWorker(ThreadPoolExecutor.java:1149) [?:1.8.0_212]
	at java.util.concurrent.ThreadPoolExecutor$Worker.run(ThreadPoolExecutor.java:624) [?:1.8.0_212]
	at java.lang.Thread.run(Thread.java:748) [?:1.8.0_212]
2019-07-30 20:44:58,847 INFO  impl.HddsDispatcher (ContainerUtils.java:logAndReturnError(146)) - Operation: ReadChunk : Trace ID: 4d6dc01d5a0f6de9:4d6dc01d5a0f6de9:0:0 : Message: ContainerID 6 does not exist : Result: CONTAINER_NOT_FOUND
2019-07-30 20:44:58,848 ERROR scm.XceiverClientGrpc (XceiverClientGrpc.java:sendCommandWithRetry(292)) - Failed to execute command cmdType: ReadChunk
traceID: "4d6dc01d5a0f6de9:4d6dc01d5a0f6de9:0:0"
containerID: 6
datanodeUuid: "a9526d2b-be35-43d3-93e8-b9ec14dbf99c"
readChunk {
  blockID {
    containerID: 6
    localID: 102532349872308493
    blockCommitSequenceId: 6
  }
  chunkData {
    chunkName: "102532349872308493_chunk_1"
    offset: 0
    len: 12
    checksumData {
      type: CRC32
      bytesPerChecksum: 1048576
      checksums: "\000\000\000\000\357\322\354/"
    }
  }
}
encodedToken: "RQoLamVua2luczEwMDASImNvbklEOiA2IGxvY0lEOiAxMDI1MzIzNDk4NzIzMDg0OTMY1sCdzsQtIgExKAEoAigDKAQwDI4BABBW9nnlCj5yQs6C12phPcmE1evGqdBohWpm9FRj_np70y3Xq_CA6o2TqNavI-SRdXr8_LRt4Qw7P4PG_qwiIoFH_L66--LkEcHELMKEweGGmBupRXSoBnz8K-IRred4_JEpaV8ipyyWSHlny6ahi7w_YbQ-OAJ3Hj14O4Plns2WH1SF-57szndE5zA7ni_XkWvDrWifMt179It4q_gAbk0wqszRGon-hbbAePFhHvEznbNhnKaKoys5xCCFh8TDw0CqvCxInNaIj_YJivFQCZ_fd-ijOrxpvQE6D7aQDRiQQc0-gv7ochdTgV-5XDrvFI4lu_dyPSeGTI9au1BAiboQSEREU19CTE9DS19UT0tFTiJjb25JRDogNiBsb2NJRDogMTAyNTMyMzQ5ODcyMzA4NDkz"
 on datanode 55d4b8ad-efa0-4e8e-b9c0-43b0461e5a97
org.apache.hadoop.hdds.scm.container.common.helpers.StorageContainerException: ContainerID 6 does not exist
	at org.apache.hadoop.hdds.scm.storage.ContainerProtocolCalls.validateContainerResponse(ContainerProtocolCalls.java:536)
	at org.apache.hadoop.hdds.scm.storage.ContainerProtocolCalls.lambda$getValidatorList$0(ContainerProtocolCalls.java:569)
	at org.apache.hadoop.hdds.scm.XceiverClientGrpc.sendCommandWithRetry(XceiverClientGrpc.java:287)
	at org.apache.hadoop.hdds.scm.XceiverClientGrpc.sendCommandWithTraceIDAndRetry(XceiverClientGrpc.java:250)
	at org.apache.hadoop.hdds.scm.XceiverClientGrpc.sendCommand(XceiverClientGrpc.java:233)
	at org.apache.hadoop.hdds.scm.storage.ContainerProtocolCalls.readChunk(ContainerProtocolCalls.java:245)
	at org.apache.hadoop.hdds.scm.storage.ChunkInputStream.readChunk(ChunkInputStream.java:335)
	at org.apache.hadoop.hdds.scm.storage.ChunkInputStream.readChunkFromContainer(ChunkInputStream.java:307)
	at org.apache.hadoop.hdds.scm.storage.ChunkInputStream.prepareRead(ChunkInputStream.java:259)
	at org.apache.hadoop.hdds.scm.storage.ChunkInputStream.read(ChunkInputStream.java:144)
	at org.apache.hadoop.hdds.scm.storage.BlockInputStream.read(BlockInputStream.java:239)
	at org.apache.hadoop.ozone.client.io.KeyInputStream.read(KeyInputStream.java:171)
	at org.apache.hadoop.ozone.client.io.OzoneInputStream.read(OzoneInputStream.java:47)
	at java.io.InputStream.read(InputStream.java:101)
	at org.apache.hadoop.ozone.client.rpc.TestOzoneRpcClientAbstract.testPutKeyRatisThreeNodes(TestOzoneRpcClientAbstract.java:823)
	at sun.reflect.NativeMethodAccessorImpl.invoke0(Native Method)
	at sun.reflect.NativeMethodAccessorImpl.invoke(NativeMethodAccessorImpl.java:62)
	at sun.reflect.DelegatingMethodAccessorImpl.invoke(DelegatingMethodAccessorImpl.java:43)
	at java.lang.reflect.Method.invoke(Method.java:498)
	at org.junit.runners.model.FrameworkMethod$1.runReflectiveCall(FrameworkMethod.java:47)
	at org.junit.internal.runners.model.ReflectiveCallable.run(ReflectiveCallable.java:12)
	at org.junit.runners.model.FrameworkMethod.invokeExplosively(FrameworkMethod.java:44)
	at org.junit.internal.runners.statements.InvokeMethod.evaluate(InvokeMethod.java:17)
	at org.junit.runners.ParentRunner.runLeaf(ParentRunner.java:271)
	at org.junit.runners.BlockJUnit4ClassRunner.runChild(BlockJUnit4ClassRunner.java:70)
	at org.junit.runners.BlockJUnit4ClassRunner.runChild(BlockJUnit4ClassRunner.java:50)
	at org.junit.runners.ParentRunner$3.run(ParentRunner.java:238)
	at org.junit.runners.ParentRunner$1.schedule(ParentRunner.java:63)
	at org.junit.runners.ParentRunner.runChildren(ParentRunner.java:236)
	at org.junit.runners.ParentRunner.access$000(ParentRunner.java:53)
	at org.junit.runners.ParentRunner$2.evaluate(ParentRunner.java:229)
	at org.junit.internal.runners.statements.RunBefores.evaluate(RunBefores.java:26)
	at org.junit.internal.runners.statements.RunAfters.evaluate(RunAfters.java:27)
	at org.junit.runners.ParentRunner.run(ParentRunner.java:309)
	at org.apache.maven.surefire.junit4.JUnit4Provider.execute(JUnit4Provider.java:365)
	at org.apache.maven.surefire.junit4.JUnit4Provider.executeWithRerun(JUnit4Provider.java:273)
	at org.apache.maven.surefire.junit4.JUnit4Provider.executeTestSet(JUnit4Provider.java:238)
	at org.apache.maven.surefire.junit4.JUnit4Provider.invoke(JUnit4Provider.java:159)
	at org.apache.maven.surefire.booter.ForkedBooter.invokeProviderInSameClassLoader(ForkedBooter.java:384)
	at org.apache.maven.surefire.booter.ForkedBooter.runSuitesInProcess(ForkedBooter.java:345)
	at org.apache.maven.surefire.booter.ForkedBooter.execute(ForkedBooter.java:126)
	at org.apache.maven.surefire.booter.ForkedBooter.main(ForkedBooter.java:418)
2019-07-30 20:44:58,887 INFO  client.GrpcClientProtocolClient (GrpcClientProtocolClient.java:onNext(255)) - client-CC369FCBB14F->034ae079-5f86-43b2-9191-8116a6d40503: receive RaftClientReply:client-CC369FCBB14F->034ae079-5f86-43b2-9191-8116a6d40503@group-2E83FCEA3790, cid=52, SUCCESS, logIndex=22, commits[034ae079-5f86-43b2-9191-8116a6d40503:c23, 536259b8-1892-4cd4-a53d-7d17184b8ded:c21, 174d6507-3192-4d64-8269-6fd8a81fc647:c21]
2019-07-30 20:44:58,888 INFO  client.GrpcClientProtocolClient (GrpcClientProtocolClient.java:onNext(255)) - client-CC369FCBB14F->034ae079-5f86-43b2-9191-8116a6d40503: receive RaftClientReply:client-CC369FCBB14F->034ae079-5f86-43b2-9191-8116a6d40503@group-2E83FCEA3790, cid=53, SUCCESS, logIndex=23, commits[034ae079-5f86-43b2-9191-8116a6d40503:c23, 536259b8-1892-4cd4-a53d-7d17184b8ded:c21, 174d6507-3192-4d64-8269-6fd8a81fc647:c21]
2019-07-30 20:44:58,902 INFO  client.GrpcClientProtocolClient (GrpcClientProtocolClient.java:onNext(255)) - client-CC369FCBB14F->034ae079-5f86-43b2-9191-8116a6d40503: receive RaftClientReply:client-CC369FCBB14F->034ae079-5f86-43b2-9191-8116a6d40503@group-2E83FCEA3790, cid=54, SUCCESS, logIndex=0, commits[034ae079-5f86-43b2-9191-8116a6d40503:c24, 536259b8-1892-4cd4-a53d-7d17184b8ded:c23, 174d6507-3192-4d64-8269-6fd8a81fc647:c23]
2019-07-30 20:44:58,909 WARN  node.SCMNodeManager (SCMNodeManager.java:getNodeByAddress(599)) - Cannot find node for address 127.0.0.1
2019-07-30 20:44:58,917 WARN  node.SCMNodeManager (SCMNodeManager.java:getNodeByAddress(599)) - Cannot find node for address 127.0.0.1
2019-07-30 20:44:58,963 INFO  client.GrpcClientProtocolClient (GrpcClientProtocolClient.java:onNext(255)) - client-CC369FCBB14F->034ae079-5f86-43b2-9191-8116a6d40503: receive RaftClientReply:client-CC369FCBB14F->034ae079-5f86-43b2-9191-8116a6d40503@group-2E83FCEA3790, cid=55, SUCCESS, logIndex=26, commits[034ae079-5f86-43b2-9191-8116a6d40503:c27, 536259b8-1892-4cd4-a53d-7d17184b8ded:c25, 174d6507-3192-4d64-8269-6fd8a81fc647:c25]
2019-07-30 20:44:58,963 INFO  client.GrpcClientProtocolClient (GrpcClientProtocolClient.java:onNext(255)) - client-CC369FCBB14F->034ae079-5f86-43b2-9191-8116a6d40503: receive RaftClientReply:client-CC369FCBB14F->034ae079-5f86-43b2-9191-8116a6d40503@group-2E83FCEA3790, cid=56, SUCCESS, logIndex=27, commits[034ae079-5f86-43b2-9191-8116a6d40503:c27, 536259b8-1892-4cd4-a53d-7d17184b8ded:c25, 174d6507-3192-4d64-8269-6fd8a81fc647:c25]
2019-07-30 20:44:59,038 INFO  client.GrpcClientProtocolClient (GrpcClientProtocolClient.java:onNext(255)) - client-CC369FCBB14F->034ae079-5f86-43b2-9191-8116a6d40503: receive RaftClientReply:client-CC369FCBB14F->034ae079-5f86-43b2-9191-8116a6d40503@group-2E83FCEA3790, cid=57, SUCCESS, logIndex=0, commits[034ae079-5f86-43b2-9191-8116a6d40503:c29, 536259b8-1892-4cd4-a53d-7d17184b8ded:c27, 174d6507-3192-4d64-8269-6fd8a81fc647:c27]
2019-07-30 20:44:59,048 WARN  node.SCMNodeManager (SCMNodeManager.java:getNodeByAddress(599)) - Cannot find node for address 127.0.0.1
2019-07-30 20:44:59,057 WARN  node.SCMNodeManager (SCMNodeManager.java:getNodeByAddress(599)) - Cannot find node for address 127.0.0.1
2019-07-30 20:44:59,115 INFO  keyvalue.KeyValueHandler (ContainerUtils.java:logAndReturnError(146)) - Operation: CreateContainer : Trace ID: 548552e8a4223f17:548552e8a4223f17:0:0 : Message: Container creation failed, due to disk out of space : Result: DISK_OUT_OF_SPACE
20:44:59.116 [pool-59-thread-5] ERROR DNAudit - user=null | ip=null | op=WRITE_CHUNK {blockData=conID: 6 locID: 102532349893280019 bcsId: 0} | ret=FAILURE
org.apache.hadoop.hdds.scm.container.common.helpers.StorageContainerException: ContainerID 6 creation failed
	at org.apache.hadoop.ozone.container.common.impl.HddsDispatcher.dispatchRequest(HddsDispatcher.java:227) ~[hadoop-hdds-container-service-0.4.1-SNAPSHOT.jar:?]
	at org.apache.hadoop.ozone.container.common.impl.HddsDispatcher.dispatch(HddsDispatcher.java:148) ~[hadoop-hdds-container-service-0.4.1-SNAPSHOT.jar:?]
	at org.apache.hadoop.ozone.container.common.transport.server.ratis.ContainerStateMachine.dispatchCommand(ContainerStateMachine.java:374) ~[hadoop-hdds-container-service-0.4.1-SNAPSHOT.jar:?]
	at org.apache.hadoop.ozone.container.common.transport.server.ratis.ContainerStateMachine.runCommand(ContainerStateMachine.java:381) ~[hadoop-hdds-container-service-0.4.1-SNAPSHOT.jar:?]
	at org.apache.hadoop.ozone.container.common.transport.server.ratis.ContainerStateMachine.lambda$handleWriteChunk$1(ContainerStateMachine.java:412) ~[hadoop-hdds-container-service-0.4.1-SNAPSHOT.jar:?]
	at java.util.concurrent.CompletableFuture$AsyncSupply.run(CompletableFuture.java:1590) [?:1.8.0_212]
	at java.util.concurrent.ThreadPoolExecutor.runWorker(ThreadPoolExecutor.java:1149) [?:1.8.0_212]
	at java.util.concurrent.ThreadPoolExecutor$Worker.run(ThreadPoolExecutor.java:624) [?:1.8.0_212]
	at java.lang.Thread.run(Thread.java:748) [?:1.8.0_212]
2019-07-30 20:44:59,116 INFO  impl.HddsDispatcher (ContainerUtils.java:logAndReturnError(146)) - Operation: WriteChunk : Trace ID: 548552e8a4223f17:548552e8a4223f17:0:0 : Message: ContainerID 6 creation failed : Result: DISK_OUT_OF_SPACE
2019-07-30 20:44:59,129 INFO  client.GrpcClientProtocolClient (GrpcClientProtocolClient.java:onNext(255)) - client-9CB68EAD839C->e0c8f8ef-c45f-4157-8cea-a9b979ddc82d: receive RaftClientReply:client-9CB68EAD839C->e0c8f8ef-c45f-4157-8cea-a9b979ddc82d@group-5BCC4BDF10AB, cid=58, SUCCESS, logIndex=9, commits[e0c8f8ef-c45f-4157-8cea-a9b979ddc82d:c10, 55d4b8ad-efa0-4e8e-b9c0-43b0461e5a97:c8, a9526d2b-be35-43d3-93e8-b9ec14dbf99c:c8]
2019-07-30 20:44:59,130 INFO  client.GrpcClientProtocolClient (GrpcClientProtocolClient.java:onNext(255)) - client-9CB68EAD839C->e0c8f8ef-c45f-4157-8cea-a9b979ddc82d: receive RaftClientReply:client-9CB68EAD839C->e0c8f8ef-c45f-4157-8cea-a9b979ddc82d@group-5BCC4BDF10AB, cid=59, SUCCESS, logIndex=10, commits[e0c8f8ef-c45f-4157-8cea-a9b979ddc82d:c10, 55d4b8ad-efa0-4e8e-b9c0-43b0461e5a97:c8, a9526d2b-be35-43d3-93e8-b9ec14dbf99c:c8]
20:44:59.140 [RatisApplyTransactionExecutor 6] ERROR DNAudit - user=null | ip=null | op=WRITE_CHUNK {blockData=conID: 6 locID: 102532349893280019 bcsId: 0} | ret=FAILURE
org.apache.hadoop.hdds.scm.container.common.helpers.StorageContainerException: ContainerID 6 does not exist
	at org.apache.hadoop.ozone.container.common.impl.HddsDispatcher.dispatchRequest(HddsDispatcher.java:242) ~[hadoop-hdds-container-service-0.4.1-SNAPSHOT.jar:?]
	at org.apache.hadoop.ozone.container.common.impl.HddsDispatcher.dispatch(HddsDispatcher.java:148) ~[hadoop-hdds-container-service-0.4.1-SNAPSHOT.jar:?]
	at org.apache.hadoop.ozone.container.common.transport.server.ratis.ContainerStateMachine.dispatchCommand(ContainerStateMachine.java:374) ~[hadoop-hdds-container-service-0.4.1-SNAPSHOT.jar:?]
	at org.apache.hadoop.ozone.container.common.transport.server.ratis.ContainerStateMachine.runCommand(ContainerStateMachine.java:381) ~[hadoop-hdds-container-service-0.4.1-SNAPSHOT.jar:?]
	at org.apache.hadoop.ozone.container.common.transport.server.ratis.ContainerStateMachine.lambda$applyTransaction$6(ContainerStateMachine.java:647) ~[hadoop-hdds-container-service-0.4.1-SNAPSHOT.jar:?]
	at java.util.concurrent.CompletableFuture$AsyncSupply.run(CompletableFuture.java:1590) [?:1.8.0_212]
	at java.util.concurrent.ThreadPoolExecutor.runWorker(ThreadPoolExecutor.java:1149) [?:1.8.0_212]
	at java.util.concurrent.ThreadPoolExecutor$Worker.run(ThreadPoolExecutor.java:624) [?:1.8.0_212]
	at java.lang.Thread.run(Thread.java:748) [?:1.8.0_212]
2019-07-30 20:44:59,141 INFO  impl.HddsDispatcher (ContainerUtils.java:logAndReturnError(146)) - Operation: WriteChunk : Trace ID: 548552e8a4223f17:548552e8a4223f17:0:0 : Message: ContainerID 6 does not exist : Result: CONTAINER_NOT_FOUND
2019-07-30 20:44:59,141 INFO  client.GrpcClientProtocolClient (GrpcClientProtocolClient.java:onNext(255)) - client-9CB68EAD839C->e0c8f8ef-c45f-4157-8cea-a9b979ddc82d: receive RaftClientReply:client-9CB68EAD839C->e0c8f8ef-c45f-4157-8cea-a9b979ddc82d@group-5BCC4BDF10AB, cid=60, SUCCESS, logIndex=0, commits[e0c8f8ef-c45f-4157-8cea-a9b979ddc82d:c11, 55d4b8ad-efa0-4e8e-b9c0-43b0461e5a97:c10, a9526d2b-be35-43d3-93e8-b9ec14dbf99c:c10]
20:44:59.141 [RatisApplyTransactionExecutor 6] ERROR DNAudit - user=null | ip=null | op=PUT_BLOCK {blockData=[blockId=conID: 6 locID: 102532349893280019 bcsId: 0,size=12]} | ret=FAILURE
org.apache.hadoop.hdds.scm.container.common.helpers.StorageContainerException: ContainerID 6 does not exist
	at org.apache.hadoop.ozone.container.common.impl.HddsDispatcher.dispatchRequest(HddsDispatcher.java:242) ~[hadoop-hdds-container-service-0.4.1-SNAPSHOT.jar:?]
	at org.apache.hadoop.ozone.container.common.impl.HddsDispatcher.dispatch(HddsDispatcher.java:148) ~[hadoop-hdds-container-service-0.4.1-SNAPSHOT.jar:?]
	at org.apache.hadoop.ozone.container.common.transport.server.ratis.ContainerStateMachine.dispatchCommand(ContainerStateMachine.java:374) ~[hadoop-hdds-container-service-0.4.1-SNAPSHOT.jar:?]
	at org.apache.hadoop.ozone.container.common.transport.server.ratis.ContainerStateMachine.runCommand(ContainerStateMachine.java:381) ~[hadoop-hdds-container-service-0.4.1-SNAPSHOT.jar:?]
	at org.apache.hadoop.ozone.container.common.transport.server.ratis.ContainerStateMachine.lambda$applyTransaction$6(ContainerStateMachine.java:647) ~[hadoop-hdds-container-service-0.4.1-SNAPSHOT.jar:?]
	at java.util.concurrent.CompletableFuture$AsyncSupply.run(CompletableFuture.java:1590) [?:1.8.0_212]
	at java.util.concurrent.ThreadPoolExecutor.runWorker(ThreadPoolExecutor.java:1149) [?:1.8.0_212]
	at java.util.concurrent.ThreadPoolExecutor$Worker.run(ThreadPoolExecutor.java:624) [?:1.8.0_212]
	at java.lang.Thread.run(Thread.java:748) [?:1.8.0_212]
2019-07-30 20:44:59,142 INFO  impl.HddsDispatcher (ContainerUtils.java:logAndReturnError(146)) - Operation: PutBlock : Trace ID: 3613328ed8ec8503:3613328ed8ec8503:0:0 : Message: ContainerID 6 does not exist : Result: CONTAINER_NOT_FOUND
2019-07-30 20:44:59,151 WARN  node.SCMNodeManager (SCMNodeManager.java:getNodeByAddress(599)) - Cannot find node for address 127.0.0.1
2019-07-30 20:44:59,159 WARN  node.SCMNodeManager (SCMNodeManager.java:getNodeByAddress(599)) - Cannot find node for address 127.0.0.1
20:44:59.165 [grpc-default-executor-2] ERROR DNAudit - user=null | ip=null | op=READ_CHUNK {blockData=conID: 6 locID: 102532349893280019 bcsId: 10} | ret=FAILURE
org.apache.hadoop.hdds.scm.container.common.helpers.StorageContainerException: ContainerID 6 does not exist
	at org.apache.hadoop.ozone.container.common.impl.HddsDispatcher.dispatchRequest(HddsDispatcher.java:242) [hadoop-hdds-container-service-0.4.1-SNAPSHOT.jar:?]
	at org.apache.hadoop.ozone.container.common.impl.HddsDispatcher.dispatch(HddsDispatcher.java:148) [hadoop-hdds-container-service-0.4.1-SNAPSHOT.jar:?]
	at org.apache.hadoop.ozone.container.common.transport.server.GrpcXceiverService$1.onNext(GrpcXceiverService.java:73) [hadoop-hdds-container-service-0.4.1-SNAPSHOT.jar:?]
	at org.apache.hadoop.ozone.container.common.transport.server.GrpcXceiverService$1.onNext(GrpcXceiverService.java:61) [hadoop-hdds-container-service-0.4.1-SNAPSHOT.jar:?]
	at org.apache.ratis.thirdparty.io.grpc.stub.ServerCalls$StreamingServerCallHandler$StreamingServerCallListener.onMessage(ServerCalls.java:248) [ratis-thirdparty-misc-0.2.0.jar:0.2.0]
	at org.apache.ratis.thirdparty.io.grpc.ForwardingServerCallListener.onMessage(ForwardingServerCallListener.java:33) [ratis-thirdparty-misc-0.2.0.jar:0.2.0]
	at org.apache.ratis.thirdparty.io.grpc.Contexts$ContextualizedServerCallListener.onMessage(Contexts.java:76) [ratis-thirdparty-misc-0.2.0.jar:0.2.0]
	at org.apache.ratis.thirdparty.io.grpc.ForwardingServerCallListener.onMessage(ForwardingServerCallListener.java:33) [ratis-thirdparty-misc-0.2.0.jar:0.2.0]
	at org.apache.hadoop.hdds.tracing.GrpcServerInterceptor$1.onMessage(GrpcServerInterceptor.java:46) [hadoop-hdds-common-0.4.1-SNAPSHOT.jar:?]
	at org.apache.ratis.thirdparty.io.grpc.internal.ServerCallImpl$ServerStreamListenerImpl.messagesAvailable(ServerCallImpl.java:263) [ratis-thirdparty-misc-0.2.0.jar:0.2.0]
	at org.apache.ratis.thirdparty.io.grpc.internal.ServerImpl$JumpToApplicationThreadServerStreamListener$1MessagesAvailable.runInContext(ServerImpl.java:686) [ratis-thirdparty-misc-0.2.0.jar:0.2.0]
	at org.apache.ratis.thirdparty.io.grpc.internal.ContextRunnable.run(ContextRunnable.java:37) [ratis-thirdparty-misc-0.2.0.jar:0.2.0]
	at org.apache.ratis.thirdparty.io.grpc.internal.SerializingExecutor.run(SerializingExecutor.java:123) [ratis-thirdparty-misc-0.2.0.jar:0.2.0]
	at java.util.concurrent.ThreadPoolExecutor.runWorker(ThreadPoolExecutor.java:1149) [?:1.8.0_212]
	at java.util.concurrent.ThreadPoolExecutor$Worker.run(ThreadPoolExecutor.java:624) [?:1.8.0_212]
	at java.lang.Thread.run(Thread.java:748) [?:1.8.0_212]
2019-07-30 20:44:59,166 INFO  impl.HddsDispatcher (ContainerUtils.java:logAndReturnError(146)) - Operation: ReadChunk : Trace ID: 75919eb2979cb80f:75919eb2979cb80f:0:0 : Message: ContainerID 6 does not exist : Result: CONTAINER_NOT_FOUND
2019-07-30 20:44:59,167 ERROR scm.XceiverClientGrpc (XceiverClientGrpc.java:sendCommandWithRetry(292)) - Failed to execute command cmdType: ReadChunk
traceID: "75919eb2979cb80f:75919eb2979cb80f:0:0"
containerID: 6
datanodeUuid: "a9526d2b-be35-43d3-93e8-b9ec14dbf99c"
readChunk {
  blockID {
    containerID: 6
    localID: 102532349893280019
    blockCommitSequenceId: 10
  }
  chunkData {
    chunkName: "102532349893280019_chunk_1"
    offset: 0
    len: 12
    checksumData {
      type: CRC32
      bytesPerChecksum: 1048576
      checksums: "\000\000\000\000\357\322\354/"
    }
  }
}
encodedToken: "RQoLamVua2luczEwMDASImNvbklEOiA2IGxvY0lEOiAxMDI1MzIzNDk4OTMyODAwMTkYkcOdzsQtIgExKAEoAigDKAQwDI4BAAeiL2YQjW9M_0_DgZVCC2VDqxDX_32H3T5WgdCx7ezGLjC46CpkjhwHrPWKtZqYDCXxbPsDrg6EODBRviRwfbn0yj20rKxVL710XywutWLwO2vI7TFstBWHyM8Qq3fuxqjxSCek35xA2ffve6mT1pT0Ol0onkNQUgMA5LzNgCUm-4Q5bh2Sam2-do02Kp1qjpPtG-CILGx0Dg8JcYgU94VAMYfNlIROcSpQgcMybE4UEzXbm-xSYDjhqvKiA5V2Pqyv1xo8pI9E1MNZSjn-nEL_RYQWt4ism2HB4HkWA-yJ8IPum4Yt4vZrYNMqvV8k-e0KKhGz6x1JIZeYlMKyPIsQSEREU19CTE9DS19UT0tFTiJjb25JRDogNiBsb2NJRDogMTAyNTMyMzQ5ODkzMjgwMDE5"
 on datanode 55d4b8ad-efa0-4e8e-b9c0-43b0461e5a97
org.apache.hadoop.hdds.scm.container.common.helpers.StorageContainerException: ContainerID 6 does not exist
	at org.apache.hadoop.hdds.scm.storage.ContainerProtocolCalls.validateContainerResponse(ContainerProtocolCalls.java:536)
	at org.apache.hadoop.hdds.scm.storage.ContainerProtocolCalls.lambda$getValidatorList$0(ContainerProtocolCalls.java:569)
	at org.apache.hadoop.hdds.scm.XceiverClientGrpc.sendCommandWithRetry(XceiverClientGrpc.java:287)
	at org.apache.hadoop.hdds.scm.XceiverClientGrpc.sendCommandWithTraceIDAndRetry(XceiverClientGrpc.java:250)
	at org.apache.hadoop.hdds.scm.XceiverClientGrpc.sendCommand(XceiverClientGrpc.java:233)
	at org.apache.hadoop.hdds.scm.storage.ContainerProtocolCalls.readChunk(ContainerProtocolCalls.java:245)
	at org.apache.hadoop.hdds.scm.storage.ChunkInputStream.readChunk(ChunkInputStream.java:335)
	at org.apache.hadoop.hdds.scm.storage.ChunkInputStream.readChunkFromContainer(ChunkInputStream.java:307)
	at org.apache.hadoop.hdds.scm.storage.ChunkInputStream.prepareRead(ChunkInputStream.java:259)
	at org.apache.hadoop.hdds.scm.storage.ChunkInputStream.read(ChunkInputStream.java:144)
	at org.apache.hadoop.hdds.scm.storage.BlockInputStream.read(BlockInputStream.java:239)
	at org.apache.hadoop.ozone.client.io.KeyInputStream.read(KeyInputStream.java:171)
	at org.apache.hadoop.ozone.client.io.OzoneInputStream.read(OzoneInputStream.java:47)
	at java.io.InputStream.read(InputStream.java:101)
	at org.apache.hadoop.ozone.client.rpc.TestOzoneRpcClientAbstract.testPutKeyRatisThreeNodes(TestOzoneRpcClientAbstract.java:823)
	at sun.reflect.NativeMethodAccessorImpl.invoke0(Native Method)
	at sun.reflect.NativeMethodAccessorImpl.invoke(NativeMethodAccessorImpl.java:62)
	at sun.reflect.DelegatingMethodAccessorImpl.invoke(DelegatingMethodAccessorImpl.java:43)
	at java.lang.reflect.Method.invoke(Method.java:498)
	at org.junit.runners.model.FrameworkMethod$1.runReflectiveCall(FrameworkMethod.java:47)
	at org.junit.internal.runners.model.ReflectiveCallable.run(ReflectiveCallable.java:12)
	at org.junit.runners.model.FrameworkMethod.invokeExplosively(FrameworkMethod.java:44)
	at org.junit.internal.runners.statements.InvokeMethod.evaluate(InvokeMethod.java:17)
	at org.junit.runners.ParentRunner.runLeaf(ParentRunner.java:271)
	at org.junit.runners.BlockJUnit4ClassRunner.runChild(BlockJUnit4ClassRunner.java:70)
	at org.junit.runners.BlockJUnit4ClassRunner.runChild(BlockJUnit4ClassRunner.java:50)
	at org.junit.runners.ParentRunner$3.run(ParentRunner.java:238)
	at org.junit.runners.ParentRunner$1.schedule(ParentRunner.java:63)
	at org.junit.runners.ParentRunner.runChildren(ParentRunner.java:236)
	at org.junit.runners.ParentRunner.access$000(ParentRunner.java:53)
	at org.junit.runners.ParentRunner$2.evaluate(ParentRunner.java:229)
	at org.junit.internal.runners.statements.RunBefores.evaluate(RunBefores.java:26)
	at org.junit.internal.runners.statements.RunAfters.evaluate(RunAfters.java:27)
	at org.junit.runners.ParentRunner.run(ParentRunner.java:309)
	at org.apache.maven.surefire.junit4.JUnit4Provider.execute(JUnit4Provider.java:365)
	at org.apache.maven.surefire.junit4.JUnit4Provider.executeWithRerun(JUnit4Provider.java:273)
	at org.apache.maven.surefire.junit4.JUnit4Provider.executeTestSet(JUnit4Provider.java:238)
	at org.apache.maven.surefire.junit4.JUnit4Provider.invoke(JUnit4Provider.java:159)
	at org.apache.maven.surefire.booter.ForkedBooter.invokeProviderInSameClassLoader(ForkedBooter.java:384)
	at org.apache.maven.surefire.booter.ForkedBooter.runSuitesInProcess(ForkedBooter.java:345)
	at org.apache.maven.surefire.booter.ForkedBooter.execute(ForkedBooter.java:126)
	at org.apache.maven.surefire.booter.ForkedBooter.main(ForkedBooter.java:418)
2019-07-30 20:44:59,191 INFO  keyvalue.KeyValueHandler (ContainerUtils.java:logAndReturnError(146)) - Operation: CreateContainer : Trace ID: b1edd6d816f86704:b1edd6d816f86704:0:0 : Message: Container creation failed, due to disk out of space : Result: DISK_OUT_OF_SPACE
20:44:59.191 [pool-125-thread-10] ERROR DNAudit - user=null | ip=null | op=WRITE_CHUNK {blockData=conID: 2 locID: 102532349898391829 bcsId: 0} | ret=FAILURE
org.apache.hadoop.hdds.scm.container.common.helpers.StorageContainerException: ContainerID 2 creation failed
	at org.apache.hadoop.ozone.container.common.impl.HddsDispatcher.dispatchRequest(HddsDispatcher.java:227) ~[hadoop-hdds-container-service-0.4.1-SNAPSHOT.jar:?]
	at org.apache.hadoop.ozone.container.common.impl.HddsDispatcher.dispatch(HddsDispatcher.java:148) ~[hadoop-hdds-container-service-0.4.1-SNAPSHOT.jar:?]
	at org.apache.hadoop.ozone.container.common.transport.server.ratis.ContainerStateMachine.dispatchCommand(ContainerStateMachine.java:374) ~[hadoop-hdds-container-service-0.4.1-SNAPSHOT.jar:?]
	at org.apache.hadoop.ozone.container.common.transport.server.ratis.ContainerStateMachine.runCommand(ContainerStateMachine.java:381) ~[hadoop-hdds-container-service-0.4.1-SNAPSHOT.jar:?]
	at org.apache.hadoop.ozone.container.common.transport.server.ratis.ContainerStateMachine.lambda$handleWriteChunk$1(ContainerStateMachine.java:412) ~[hadoop-hdds-container-service-0.4.1-SNAPSHOT.jar:?]
	at java.util.concurrent.CompletableFuture$AsyncSupply.run(CompletableFuture.java:1590) [?:1.8.0_212]
	at java.util.concurrent.ThreadPoolExecutor.runWorker(ThreadPoolExecutor.java:1149) [?:1.8.0_212]
	at java.util.concurrent.ThreadPoolExecutor$Worker.run(ThreadPoolExecutor.java:624) [?:1.8.0_212]
	at java.lang.Thread.run(Thread.java:748) [?:1.8.0_212]
2019-07-30 20:44:59,192 INFO  impl.HddsDispatcher (ContainerUtils.java:logAndReturnError(146)) - Operation: WriteChunk : Trace ID: b1edd6d816f86704:b1edd6d816f86704:0:0 : Message: ContainerID 2 creation failed : Result: DISK_OUT_OF_SPACE
20:44:59.205 [RatisApplyTransactionExecutor 2] ERROR DNAudit - user=null | ip=null | op=WRITE_CHUNK {blockData=conID: 2 locID: 102532349898391829 bcsId: 0} | ret=FAILURE
org.apache.hadoop.hdds.scm.container.common.helpers.StorageContainerException: ContainerID 2 does not exist
	at org.apache.hadoop.ozone.container.common.impl.HddsDispatcher.dispatchRequest(HddsDispatcher.java:242) ~[hadoop-hdds-container-service-0.4.1-SNAPSHOT.jar:?]
	at org.apache.hadoop.ozone.container.common.impl.HddsDispatcher.dispatch(HddsDispatcher.java:148) ~[hadoop-hdds-container-service-0.4.1-SNAPSHOT.jar:?]
	at org.apache.hadoop.ozone.container.common.transport.server.ratis.ContainerStateMachine.dispatchCommand(ContainerStateMachine.java:374) ~[hadoop-hdds-container-service-0.4.1-SNAPSHOT.jar:?]
	at org.apache.hadoop.ozone.container.common.transport.server.ratis.ContainerStateMachine.runCommand(ContainerStateMachine.java:381) ~[hadoop-hdds-container-service-0.4.1-SNAPSHOT.jar:?]
	at org.apache.hadoop.ozone.container.common.transport.server.ratis.ContainerStateMachine.lambda$applyTransaction$6(ContainerStateMachine.java:647) ~[hadoop-hdds-container-service-0.4.1-SNAPSHOT.jar:?]
	at java.util.concurrent.CompletableFuture$AsyncSupply.run(CompletableFuture.java:1590) [?:1.8.0_212]
	at java.util.concurrent.ThreadPoolExecutor.runWorker(ThreadPoolExecutor.java:1149) [?:1.8.0_212]
	at java.util.concurrent.ThreadPoolExecutor$Worker.run(ThreadPoolExecutor.java:624) [?:1.8.0_212]
	at java.lang.Thread.run(Thread.java:748) [?:1.8.0_212]
2019-07-30 20:44:59,206 INFO  impl.HddsDispatcher (ContainerUtils.java:logAndReturnError(146)) - Operation: WriteChunk : Trace ID: b1edd6d816f86704:b1edd6d816f86704:0:0 : Message: ContainerID 2 does not exist : Result: CONTAINER_NOT_FOUND
20:44:59.207 [RatisApplyTransactionExecutor 2] ERROR DNAudit - user=null | ip=null | op=PUT_BLOCK {blockData=[blockId=conID: 2 locID: 102532349898391829 bcsId: 0,size=12]} | ret=FAILURE
org.apache.hadoop.hdds.scm.container.common.helpers.StorageContainerException: ContainerID 2 does not exist
	at org.apache.hadoop.ozone.container.common.impl.HddsDispatcher.dispatchRequest(HddsDispatcher.java:242) ~[hadoop-hdds-container-service-0.4.1-SNAPSHOT.jar:?]
	at org.apache.hadoop.ozone.container.common.impl.HddsDispatcher.dispatch(HddsDispatcher.java:148) ~[hadoop-hdds-container-service-0.4.1-SNAPSHOT.jar:?]
	at org.apache.hadoop.ozone.container.common.transport.server.ratis.ContainerStateMachine.dispatchCommand(ContainerStateMachine.java:374) ~[hadoop-hdds-container-service-0.4.1-SNAPSHOT.jar:?]
	at org.apache.hadoop.ozone.container.common.transport.server.ratis.ContainerStateMachine.runCommand(ContainerStateMachine.java:381) ~[hadoop-hdds-container-service-0.4.1-SNAPSHOT.jar:?]
	at org.apache.hadoop.ozone.container.common.transport.server.ratis.ContainerStateMachine.lambda$applyTransaction$6(ContainerStateMachine.java:647) ~[hadoop-hdds-container-service-0.4.1-SNAPSHOT.jar:?]
	at java.util.concurrent.CompletableFuture$AsyncSupply.run(CompletableFuture.java:1590) [?:1.8.0_212]
	at java.util.concurrent.ThreadPoolExecutor.runWorker(ThreadPoolExecutor.java:1149) [?:1.8.0_212]
	at java.util.concurrent.ThreadPoolExecutor$Worker.run(ThreadPoolExecutor.java:624) [?:1.8.0_212]
	at java.lang.Thread.run(Thread.java:748) [?:1.8.0_212]
2019-07-30 20:44:59,207 INFO  impl.HddsDispatcher (ContainerUtils.java:logAndReturnError(146)) - Operation: PutBlock : Trace ID: 1759db56de8cda6f:1759db56de8cda6f:0:0 : Message: ContainerID 2 does not exist : Result: CONTAINER_NOT_FOUND
2019-07-30 20:44:59,207 INFO  client.GrpcClientProtocolClient (GrpcClientProtocolClient.java:onNext(255)) - client-E5429301A4FF->6b23b601-e928-40bb-825b-4ef96912fe68: receive RaftClientReply:client-E5429301A4FF->6b23b601-e928-40bb-825b-4ef96912fe68@group-F6617882DA6C, cid=61, SUCCESS, logIndex=13, commits[6b23b601-e928-40bb-825b-4ef96912fe68:c14, 4cbf33ee-83be-45e9-9eef-f0cb4ca9bbc3:c12, 103a5f78-f894-49cf-9b33-9d74dab8470f:c12]
2019-07-30 20:44:59,208 ERROR storage.BlockOutputStream (BlockOutputStream.java:validateResponse(531)) - Unexpected Storage Container Exception: 
org.apache.hadoop.hdds.scm.container.common.helpers.StorageContainerException: ContainerID 2 does not exist
	at org.apache.hadoop.hdds.scm.storage.ContainerProtocolCalls.validateContainerResponse(ContainerProtocolCalls.java:536)
	at org.apache.hadoop.hdds.scm.storage.BlockOutputStream.validateResponse(BlockOutputStream.java:529)
	at org.apache.hadoop.hdds.scm.storage.BlockOutputStream.lambda$writeChunkToContainer$2(BlockOutputStream.java:606)
	at java.util.concurrent.CompletableFuture.uniApply(CompletableFuture.java:602)
	at java.util.concurrent.CompletableFuture$UniApply.tryFire(CompletableFuture.java:577)
	at java.util.concurrent.CompletableFuture$Completion.run(CompletableFuture.java:442)
	at java.util.concurrent.ThreadPoolExecutor.runWorker(ThreadPoolExecutor.java:1149)
	at java.util.concurrent.ThreadPoolExecutor$Worker.run(ThreadPoolExecutor.java:624)
	at java.lang.Thread.run(Thread.java:748)
2019-07-30 20:44:59,208 INFO  client.GrpcClientProtocolClient (GrpcClientProtocolClient.java:onNext(255)) - client-E5429301A4FF->6b23b601-e928-40bb-825b-4ef96912fe68: receive RaftClientReply:client-E5429301A4FF->6b23b601-e928-40bb-825b-4ef96912fe68@group-F6617882DA6C, cid=62, SUCCESS, logIndex=14, commits[6b23b601-e928-40bb-825b-4ef96912fe68:c14, 4cbf33ee-83be-45e9-9eef-f0cb4ca9bbc3:c12, 103a5f78-f894-49cf-9b33-9d74dab8470f:c12]
]]></system-out>
  </testcase>
  <testcase name="testListKeyOnEmptyBucket" classname="org.apache.hadoop.ozone.client.rpc.TestSecureOzoneRpcClient" time="0.007"/>
  <testcase name="testReadKeyWithCorruptedDataWithMutiNodes" classname="org.apache.hadoop.ozone.client.rpc.TestSecureOzoneRpcClient" time="0.11">
    <error message="Unexpected OzoneException: org.apache.hadoop.ozone.common.OzoneChecksumException: Checksum mismatch at index 0" type="java.io.IOException">java.io.IOException: Unexpected OzoneException: org.apache.hadoop.ozone.common.OzoneChecksumException: Checksum mismatch at index 0
	at org.apache.hadoop.hdds.scm.storage.ChunkInputStream.readChunk(ChunkInputStream.java:342)
	at org.apache.hadoop.hdds.scm.storage.ChunkInputStream.readChunkFromContainer(ChunkInputStream.java:307)
	at org.apache.hadoop.hdds.scm.storage.ChunkInputStream.prepareRead(ChunkInputStream.java:259)
	at org.apache.hadoop.hdds.scm.storage.ChunkInputStream.read(ChunkInputStream.java:144)
	at org.apache.hadoop.hdds.scm.storage.BlockInputStream.read(BlockInputStream.java:239)
	at org.apache.hadoop.ozone.client.io.KeyInputStream.read(KeyInputStream.java:171)
	at org.apache.hadoop.ozone.client.io.OzoneInputStream.read(OzoneInputStream.java:47)
	at java.io.InputStream.read(InputStream.java:101)
	at org.apache.hadoop.ozone.client.rpc.TestOzoneRpcClientAbstract.testReadKeyWithCorruptedDataWithMutiNodes(TestOzoneRpcClientAbstract.java:1195)
	at sun.reflect.NativeMethodAccessorImpl.invoke0(Native Method)
	at sun.reflect.NativeMethodAccessorImpl.invoke(NativeMethodAccessorImpl.java:62)
	at sun.reflect.DelegatingMethodAccessorImpl.invoke(DelegatingMethodAccessorImpl.java:43)
	at java.lang.reflect.Method.invoke(Method.java:498)
	at org.junit.runners.model.FrameworkMethod$1.runReflectiveCall(FrameworkMethod.java:47)
	at org.junit.internal.runners.model.ReflectiveCallable.run(ReflectiveCallable.java:12)
	at org.junit.runners.model.FrameworkMethod.invokeExplosively(FrameworkMethod.java:44)
	at org.junit.internal.runners.statements.InvokeMethod.evaluate(InvokeMethod.java:17)
	at org.junit.runners.ParentRunner.runLeaf(ParentRunner.java:271)
	at org.junit.runners.BlockJUnit4ClassRunner.runChild(BlockJUnit4ClassRunner.java:70)
	at org.junit.runners.BlockJUnit4ClassRunner.runChild(BlockJUnit4ClassRunner.java:50)
	at org.junit.runners.ParentRunner$3.run(ParentRunner.java:238)
	at org.junit.runners.ParentRunner$1.schedule(ParentRunner.java:63)
	at org.junit.runners.ParentRunner.runChildren(ParentRunner.java:236)
	at org.junit.runners.ParentRunner.access$000(ParentRunner.java:53)
	at org.junit.runners.ParentRunner$2.evaluate(ParentRunner.java:229)
	at org.junit.internal.runners.statements.RunBefores.evaluate(RunBefores.java:26)
	at org.junit.internal.runners.statements.RunAfters.evaluate(RunAfters.java:27)
	at org.junit.runners.ParentRunner.run(ParentRunner.java:309)
	at org.apache.maven.surefire.junit4.JUnit4Provider.execute(JUnit4Provider.java:365)
	at org.apache.maven.surefire.junit4.JUnit4Provider.executeWithRerun(JUnit4Provider.java:273)
	at org.apache.maven.surefire.junit4.JUnit4Provider.executeTestSet(JUnit4Provider.java:238)
	at org.apache.maven.surefire.junit4.JUnit4Provider.invoke(JUnit4Provider.java:159)
	at org.apache.maven.surefire.booter.ForkedBooter.invokeProviderInSameClassLoader(ForkedBooter.java:384)
	at org.apache.maven.surefire.booter.ForkedBooter.runSuitesInProcess(ForkedBooter.java:345)
	at org.apache.maven.surefire.booter.ForkedBooter.execute(ForkedBooter.java:126)
	at org.apache.maven.surefire.booter.ForkedBooter.main(ForkedBooter.java:418)
Caused by: org.apache.hadoop.ozone.common.OzoneChecksumException: Checksum mismatch at index 0
	at org.apache.hadoop.ozone.common.ChecksumData.verifyChecksumDataMatches(ChecksumData.java:148)
	at org.apache.hadoop.ozone.common.Checksum.verifyChecksum(Checksum.java:275)
	at org.apache.hadoop.ozone.common.Checksum.verifyChecksum(Checksum.java:238)
	at org.apache.hadoop.hdds.scm.storage.ChunkInputStream.lambda$new$0(ChunkInputStream.java:375)
	at org.apache.hadoop.hdds.scm.XceiverClientGrpc.sendCommandWithRetry(XceiverClientGrpc.java:287)
	at org.apache.hadoop.hdds.scm.XceiverClientGrpc.sendCommandWithTraceIDAndRetry(XceiverClientGrpc.java:250)
	at org.apache.hadoop.hdds.scm.XceiverClientGrpc.sendCommand(XceiverClientGrpc.java:233)
	at org.apache.hadoop.hdds.scm.storage.ContainerProtocolCalls.readChunk(ContainerProtocolCalls.java:245)
	at org.apache.hadoop.hdds.scm.storage.ChunkInputStream.readChunk(ChunkInputStream.java:335)
	... 35 more
</error>
    <system-out><![CDATA[2019-07-30 20:44:59,223 INFO  rpc.RpcClient (RpcClient.java:createVolume(288)) - Creating Volume: b0db76c4-f333-48b8-90a3-15d43b605b28, with jenkins1000 as owner.
2019-07-30 20:44:59,226 INFO  rpc.RpcClient (RpcClient.java:createBucket(425)) - Creating Bucket: b0db76c4-f333-48b8-90a3-15d43b605b28/677d8426-1655-4245-b263-058ed3be92f1, with Versioning false and Storage Type set to DISK and Encryption set to false 
2019-07-30 20:44:59,239 INFO  keyvalue.KeyValueHandler (ContainerUtils.java:logAndReturnError(146)) - Operation: CreateContainer : Trace ID: 805ab034573179e1:805ab034573179e1:0:0 : Message: Container creation failed, due to disk out of space : Result: DISK_OUT_OF_SPACE
20:44:59.240 [pool-59-thread-6] ERROR DNAudit - user=null | ip=null | op=WRITE_CHUNK {blockData=conID: 6 locID: 102532349901537559 bcsId: 0} | ret=FAILURE
org.apache.hadoop.hdds.scm.container.common.helpers.StorageContainerException: ContainerID 6 creation failed
	at org.apache.hadoop.ozone.container.common.impl.HddsDispatcher.dispatchRequest(HddsDispatcher.java:227) ~[hadoop-hdds-container-service-0.4.1-SNAPSHOT.jar:?]
	at org.apache.hadoop.ozone.container.common.impl.HddsDispatcher.dispatch(HddsDispatcher.java:148) ~[hadoop-hdds-container-service-0.4.1-SNAPSHOT.jar:?]
	at org.apache.hadoop.ozone.container.common.transport.server.ratis.ContainerStateMachine.dispatchCommand(ContainerStateMachine.java:374) ~[hadoop-hdds-container-service-0.4.1-SNAPSHOT.jar:?]
	at org.apache.hadoop.ozone.container.common.transport.server.ratis.ContainerStateMachine.runCommand(ContainerStateMachine.java:381) ~[hadoop-hdds-container-service-0.4.1-SNAPSHOT.jar:?]
	at org.apache.hadoop.ozone.container.common.transport.server.ratis.ContainerStateMachine.lambda$handleWriteChunk$1(ContainerStateMachine.java:412) ~[hadoop-hdds-container-service-0.4.1-SNAPSHOT.jar:?]
	at java.util.concurrent.CompletableFuture$AsyncSupply.run(CompletableFuture.java:1590) [?:1.8.0_212]
	at java.util.concurrent.ThreadPoolExecutor.runWorker(ThreadPoolExecutor.java:1149) [?:1.8.0_212]
	at java.util.concurrent.ThreadPoolExecutor$Worker.run(ThreadPoolExecutor.java:624) [?:1.8.0_212]
	at java.lang.Thread.run(Thread.java:748) [?:1.8.0_212]
2019-07-30 20:44:59,241 INFO  impl.HddsDispatcher (ContainerUtils.java:logAndReturnError(146)) - Operation: WriteChunk : Trace ID: 805ab034573179e1:805ab034573179e1:0:0 : Message: ContainerID 6 creation failed : Result: DISK_OUT_OF_SPACE
2019-07-30 20:44:59,254 INFO  client.GrpcClientProtocolClient (GrpcClientProtocolClient.java:onNext(255)) - client-9CB68EAD839C->e0c8f8ef-c45f-4157-8cea-a9b979ddc82d: receive RaftClientReply:client-9CB68EAD839C->e0c8f8ef-c45f-4157-8cea-a9b979ddc82d@group-5BCC4BDF10AB, cid=63, SUCCESS, logIndex=13, commits[e0c8f8ef-c45f-4157-8cea-a9b979ddc82d:c14, 55d4b8ad-efa0-4e8e-b9c0-43b0461e5a97:c12, a9526d2b-be35-43d3-93e8-b9ec14dbf99c:c12]
2019-07-30 20:44:59,255 INFO  client.GrpcClientProtocolClient (GrpcClientProtocolClient.java:onNext(255)) - client-9CB68EAD839C->e0c8f8ef-c45f-4157-8cea-a9b979ddc82d: receive RaftClientReply:client-9CB68EAD839C->e0c8f8ef-c45f-4157-8cea-a9b979ddc82d@group-5BCC4BDF10AB, cid=64, SUCCESS, logIndex=14, commits[e0c8f8ef-c45f-4157-8cea-a9b979ddc82d:c14, 55d4b8ad-efa0-4e8e-b9c0-43b0461e5a97:c12, a9526d2b-be35-43d3-93e8-b9ec14dbf99c:c12]
20:44:59.265 [RatisApplyTransactionExecutor 6] ERROR DNAudit - user=null | ip=null | op=WRITE_CHUNK {blockData=conID: 6 locID: 102532349901537559 bcsId: 0} | ret=FAILURE
org.apache.hadoop.hdds.scm.container.common.helpers.StorageContainerException: ContainerID 6 does not exist
	at org.apache.hadoop.ozone.container.common.impl.HddsDispatcher.dispatchRequest(HddsDispatcher.java:242) ~[hadoop-hdds-container-service-0.4.1-SNAPSHOT.jar:?]
	at org.apache.hadoop.ozone.container.common.impl.HddsDispatcher.dispatch(HddsDispatcher.java:148) ~[hadoop-hdds-container-service-0.4.1-SNAPSHOT.jar:?]
	at org.apache.hadoop.ozone.container.common.transport.server.ratis.ContainerStateMachine.dispatchCommand(ContainerStateMachine.java:374) ~[hadoop-hdds-container-service-0.4.1-SNAPSHOT.jar:?]
	at org.apache.hadoop.ozone.container.common.transport.server.ratis.ContainerStateMachine.runCommand(ContainerStateMachine.java:381) ~[hadoop-hdds-container-service-0.4.1-SNAPSHOT.jar:?]
	at org.apache.hadoop.ozone.container.common.transport.server.ratis.ContainerStateMachine.lambda$applyTransaction$6(ContainerStateMachine.java:647) ~[hadoop-hdds-container-service-0.4.1-SNAPSHOT.jar:?]
	at java.util.concurrent.CompletableFuture$AsyncSupply.run(CompletableFuture.java:1590) [?:1.8.0_212]
	at java.util.concurrent.ThreadPoolExecutor.runWorker(ThreadPoolExecutor.java:1149) [?:1.8.0_212]
	at java.util.concurrent.ThreadPoolExecutor$Worker.run(ThreadPoolExecutor.java:624) [?:1.8.0_212]
	at java.lang.Thread.run(Thread.java:748) [?:1.8.0_212]
2019-07-30 20:44:59,266 INFO  impl.HddsDispatcher (ContainerUtils.java:logAndReturnError(146)) - Operation: WriteChunk : Trace ID: 805ab034573179e1:805ab034573179e1:0:0 : Message: ContainerID 6 does not exist : Result: CONTAINER_NOT_FOUND
20:44:59.267 [RatisApplyTransactionExecutor 6] ERROR DNAudit - user=null | ip=null | op=PUT_BLOCK {blockData=[blockId=conID: 6 locID: 102532349901537559 bcsId: 0,size=12]} | ret=FAILURE
org.apache.hadoop.hdds.scm.container.common.helpers.StorageContainerException: ContainerID 6 does not exist
	at org.apache.hadoop.ozone.container.common.impl.HddsDispatcher.dispatchRequest(HddsDispatcher.java:242) ~[hadoop-hdds-container-service-0.4.1-SNAPSHOT.jar:?]
	at org.apache.hadoop.ozone.container.common.impl.HddsDispatcher.dispatch(HddsDispatcher.java:148) ~[hadoop-hdds-container-service-0.4.1-SNAPSHOT.jar:?]
	at org.apache.hadoop.ozone.container.common.transport.server.ratis.ContainerStateMachine.dispatchCommand(ContainerStateMachine.java:374) ~[hadoop-hdds-container-service-0.4.1-SNAPSHOT.jar:?]
	at org.apache.hadoop.ozone.container.common.transport.server.ratis.ContainerStateMachine.runCommand(ContainerStateMachine.java:381) ~[hadoop-hdds-container-service-0.4.1-SNAPSHOT.jar:?]
	at org.apache.hadoop.ozone.container.common.transport.server.ratis.ContainerStateMachine.lambda$applyTransaction$6(ContainerStateMachine.java:647) ~[hadoop-hdds-container-service-0.4.1-SNAPSHOT.jar:?]
	at java.util.concurrent.CompletableFuture$AsyncSupply.run(CompletableFuture.java:1590) [?:1.8.0_212]
	at java.util.concurrent.ThreadPoolExecutor.runWorker(ThreadPoolExecutor.java:1149) [?:1.8.0_212]
	at java.util.concurrent.ThreadPoolExecutor$Worker.run(ThreadPoolExecutor.java:624) [?:1.8.0_212]
	at java.lang.Thread.run(Thread.java:748) [?:1.8.0_212]
2019-07-30 20:44:59,267 INFO  impl.HddsDispatcher (ContainerUtils.java:logAndReturnError(146)) - Operation: PutBlock : Trace ID: b5710c4708221f03:b5710c4708221f03:0:0 : Message: ContainerID 6 does not exist : Result: CONTAINER_NOT_FOUND
2019-07-30 20:44:59,268 INFO  client.GrpcClientProtocolClient (GrpcClientProtocolClient.java:onNext(255)) - client-9CB68EAD839C->e0c8f8ef-c45f-4157-8cea-a9b979ddc82d: receive RaftClientReply:client-9CB68EAD839C->e0c8f8ef-c45f-4157-8cea-a9b979ddc82d@group-5BCC4BDF10AB, cid=65, SUCCESS, logIndex=0, commits[e0c8f8ef-c45f-4157-8cea-a9b979ddc82d:c15, 55d4b8ad-efa0-4e8e-b9c0-43b0461e5a97:c14, a9526d2b-be35-43d3-93e8-b9ec14dbf99c:c14]
2019-07-30 20:44:59,278 WARN  node.SCMNodeManager (SCMNodeManager.java:getNodeByAddress(599)) - Cannot find node for address 127.0.0.1
2019-07-30 20:44:59,288 WARN  node.SCMNodeManager (SCMNodeManager.java:getNodeByAddress(599)) - Cannot find node for address 127.0.0.1
20:44:59.292 [grpc-default-executor-3] ERROR DNAudit - user=null | ip=null | op=GET_BLOCK {blockData=conID: 6 locID: 102532349901537559 bcsId: 14} | ret=FAILURE
org.apache.hadoop.hdds.scm.container.common.helpers.StorageContainerException: ContainerID 6 does not exist
	at org.apache.hadoop.ozone.container.common.impl.HddsDispatcher.dispatchRequest(HddsDispatcher.java:242) [hadoop-hdds-container-service-0.4.1-SNAPSHOT.jar:?]
	at org.apache.hadoop.ozone.container.common.impl.HddsDispatcher.dispatch(HddsDispatcher.java:148) [hadoop-hdds-container-service-0.4.1-SNAPSHOT.jar:?]
	at org.apache.hadoop.ozone.container.common.transport.server.GrpcXceiverService$1.onNext(GrpcXceiverService.java:73) [hadoop-hdds-container-service-0.4.1-SNAPSHOT.jar:?]
	at org.apache.hadoop.ozone.container.common.transport.server.GrpcXceiverService$1.onNext(GrpcXceiverService.java:61) [hadoop-hdds-container-service-0.4.1-SNAPSHOT.jar:?]
	at org.apache.ratis.thirdparty.io.grpc.stub.ServerCalls$StreamingServerCallHandler$StreamingServerCallListener.onMessage(ServerCalls.java:248) [ratis-thirdparty-misc-0.2.0.jar:0.2.0]
	at org.apache.ratis.thirdparty.io.grpc.ForwardingServerCallListener.onMessage(ForwardingServerCallListener.java:33) [ratis-thirdparty-misc-0.2.0.jar:0.2.0]
	at org.apache.ratis.thirdparty.io.grpc.Contexts$ContextualizedServerCallListener.onMessage(Contexts.java:76) [ratis-thirdparty-misc-0.2.0.jar:0.2.0]
	at org.apache.ratis.thirdparty.io.grpc.ForwardingServerCallListener.onMessage(ForwardingServerCallListener.java:33) [ratis-thirdparty-misc-0.2.0.jar:0.2.0]
	at org.apache.hadoop.hdds.tracing.GrpcServerInterceptor$1.onMessage(GrpcServerInterceptor.java:46) [hadoop-hdds-common-0.4.1-SNAPSHOT.jar:?]
	at org.apache.ratis.thirdparty.io.grpc.internal.ServerCallImpl$ServerStreamListenerImpl.messagesAvailable(ServerCallImpl.java:263) [ratis-thirdparty-misc-0.2.0.jar:0.2.0]
	at org.apache.ratis.thirdparty.io.grpc.internal.ServerImpl$JumpToApplicationThreadServerStreamListener$1MessagesAvailable.runInContext(ServerImpl.java:686) [ratis-thirdparty-misc-0.2.0.jar:0.2.0]
	at org.apache.ratis.thirdparty.io.grpc.internal.ContextRunnable.run(ContextRunnable.java:37) [ratis-thirdparty-misc-0.2.0.jar:0.2.0]
	at org.apache.ratis.thirdparty.io.grpc.internal.SerializingExecutor.run(SerializingExecutor.java:123) [ratis-thirdparty-misc-0.2.0.jar:0.2.0]
	at java.util.concurrent.ThreadPoolExecutor.runWorker(ThreadPoolExecutor.java:1149) [?:1.8.0_212]
	at java.util.concurrent.ThreadPoolExecutor$Worker.run(ThreadPoolExecutor.java:624) [?:1.8.0_212]
	at java.lang.Thread.run(Thread.java:748) [?:1.8.0_212]
2019-07-30 20:44:59,292 INFO  impl.HddsDispatcher (ContainerUtils.java:logAndReturnError(146)) - Operation: GetBlock : Trace ID: fca204373b4a74f9:fca204373b4a74f9:0:0 : Message: ContainerID 6 does not exist : Result: CONTAINER_NOT_FOUND
2019-07-30 20:44:59,293 ERROR scm.XceiverClientGrpc (XceiverClientGrpc.java:sendCommandWithRetry(292)) - Failed to execute command cmdType: GetBlock
traceID: "fca204373b4a74f9:fca204373b4a74f9:0:0"
containerID: 6
datanodeUuid: "a9526d2b-be35-43d3-93e8-b9ec14dbf99c"
getBlock {
  blockID {
    containerID: 6
    localID: 102532349901537559
    blockCommitSequenceId: 14
  }
}
encodedToken: "RQoLamVua2luczEwMDASImNvbklEOiA2IGxvY0lEOiAxMDI1MzIzNDk5MDE1Mzc1NTkYlMSdzsQtIgExKAEoAigDKAQwDI4BAJJoQvw45YKTL1rVyHLbXuHJs9nvAtD9c9wOghTHJyb94Dg-RbmbQ5W00Ab_Ugcl4NonTAihVc0MQ3Qb-LR3XJmgsGMN35nAEF48W7nO0_FbWAWR64OwqN57zjyqH6L4R7MFxPPVA7UxehXFlglB7pPto_p0oLkysdIVwzIFfsrA5_LEjEG9ePs5MQnQfx4nQVIWWmI0z3lZ6xslmChOxtTvV_xwbMa9enOGjCmc1zMpZ9CnNT8JLHuIKIFVvlRMIUGMecuDhWsERigl3Hrdl_ZYEsmleI7qs0w4GpIgp_VW1fWv7IVdgINPJM0fqHB3fVosxbP87fYfSfn78r0UIOgQSEREU19CTE9DS19UT0tFTiJjb25JRDogNiBsb2NJRDogMTAyNTMyMzQ5OTAxNTM3NTU5"
 on datanode 55d4b8ad-efa0-4e8e-b9c0-43b0461e5a97
org.apache.hadoop.hdds.scm.container.common.helpers.StorageContainerException: ContainerID 6 does not exist
	at org.apache.hadoop.hdds.scm.storage.ContainerProtocolCalls.validateContainerResponse(ContainerProtocolCalls.java:536)
	at org.apache.hadoop.hdds.scm.storage.ContainerProtocolCalls.lambda$getValidatorList$0(ContainerProtocolCalls.java:569)
	at org.apache.hadoop.hdds.scm.XceiverClientGrpc.sendCommandWithRetry(XceiverClientGrpc.java:287)
	at org.apache.hadoop.hdds.scm.XceiverClientGrpc.sendCommandWithTraceIDAndRetry(XceiverClientGrpc.java:250)
	at org.apache.hadoop.hdds.scm.XceiverClientGrpc.sendCommand(XceiverClientGrpc.java:233)
	at org.apache.hadoop.hdds.scm.storage.ContainerProtocolCalls.getBlock(ContainerProtocolCalls.java:118)
	at org.apache.hadoop.hdds.scm.storage.BlockInputStream.getChunkInfos(BlockInputStream.java:167)
	at org.apache.hadoop.hdds.scm.storage.BlockInputStream.initialize(BlockInputStream.java:118)
	at org.apache.hadoop.hdds.scm.storage.BlockInputStream.read(BlockInputStream.java:222)
	at org.apache.hadoop.ozone.client.io.KeyInputStream.read(KeyInputStream.java:171)
	at org.apache.hadoop.ozone.client.io.OzoneInputStream.read(OzoneInputStream.java:47)
	at java.io.InputStream.read(InputStream.java:101)
	at org.apache.hadoop.ozone.client.rpc.TestOzoneRpcClientAbstract.testReadKeyWithCorruptedDataWithMutiNodes(TestOzoneRpcClientAbstract.java:1184)
	at sun.reflect.NativeMethodAccessorImpl.invoke0(Native Method)
	at sun.reflect.NativeMethodAccessorImpl.invoke(NativeMethodAccessorImpl.java:62)
	at sun.reflect.DelegatingMethodAccessorImpl.invoke(DelegatingMethodAccessorImpl.java:43)
	at java.lang.reflect.Method.invoke(Method.java:498)
	at org.junit.runners.model.FrameworkMethod$1.runReflectiveCall(FrameworkMethod.java:47)
	at org.junit.internal.runners.model.ReflectiveCallable.run(ReflectiveCallable.java:12)
	at org.junit.runners.model.FrameworkMethod.invokeExplosively(FrameworkMethod.java:44)
	at org.junit.internal.runners.statements.InvokeMethod.evaluate(InvokeMethod.java:17)
	at org.junit.runners.ParentRunner.runLeaf(ParentRunner.java:271)
	at org.junit.runners.BlockJUnit4ClassRunner.runChild(BlockJUnit4ClassRunner.java:70)
	at org.junit.runners.BlockJUnit4ClassRunner.runChild(BlockJUnit4ClassRunner.java:50)
	at org.junit.runners.ParentRunner$3.run(ParentRunner.java:238)
	at org.junit.runners.ParentRunner$1.schedule(ParentRunner.java:63)
	at org.junit.runners.ParentRunner.runChildren(ParentRunner.java:236)
	at org.junit.runners.ParentRunner.access$000(ParentRunner.java:53)
	at org.junit.runners.ParentRunner$2.evaluate(ParentRunner.java:229)
	at org.junit.internal.runners.statements.RunBefores.evaluate(RunBefores.java:26)
	at org.junit.internal.runners.statements.RunAfters.evaluate(RunAfters.java:27)
	at org.junit.runners.ParentRunner.run(ParentRunner.java:309)
	at org.apache.maven.surefire.junit4.JUnit4Provider.execute(JUnit4Provider.java:365)
	at org.apache.maven.surefire.junit4.JUnit4Provider.executeWithRerun(JUnit4Provider.java:273)
	at org.apache.maven.surefire.junit4.JUnit4Provider.executeTestSet(JUnit4Provider.java:238)
	at org.apache.maven.surefire.junit4.JUnit4Provider.invoke(JUnit4Provider.java:159)
	at org.apache.maven.surefire.booter.ForkedBooter.invokeProviderInSameClassLoader(ForkedBooter.java:384)
	at org.apache.maven.surefire.booter.ForkedBooter.runSuitesInProcess(ForkedBooter.java:345)
	at org.apache.maven.surefire.booter.ForkedBooter.execute(ForkedBooter.java:126)
	at org.apache.maven.surefire.booter.ForkedBooter.main(ForkedBooter.java:418)
2019-07-30 20:44:59,312 WARN  node.SCMNodeManager (SCMNodeManager.java:getNodeByAddress(599)) - Cannot find node for address 127.0.0.1
20:44:59.315 [grpc-default-executor-2] ERROR DNAudit - user=null | ip=null | op=GET_BLOCK {blockData=conID: 6 locID: 102532349901537559 bcsId: 14} | ret=FAILURE
org.apache.hadoop.hdds.scm.container.common.helpers.StorageContainerException: ContainerID 6 does not exist
	at org.apache.hadoop.ozone.container.common.impl.HddsDispatcher.dispatchRequest(HddsDispatcher.java:242) [hadoop-hdds-container-service-0.4.1-SNAPSHOT.jar:?]
	at org.apache.hadoop.ozone.container.common.impl.HddsDispatcher.dispatch(HddsDispatcher.java:148) [hadoop-hdds-container-service-0.4.1-SNAPSHOT.jar:?]
	at org.apache.hadoop.ozone.container.common.transport.server.GrpcXceiverService$1.onNext(GrpcXceiverService.java:73) [hadoop-hdds-container-service-0.4.1-SNAPSHOT.jar:?]
	at org.apache.hadoop.ozone.container.common.transport.server.GrpcXceiverService$1.onNext(GrpcXceiverService.java:61) [hadoop-hdds-container-service-0.4.1-SNAPSHOT.jar:?]
	at org.apache.ratis.thirdparty.io.grpc.stub.ServerCalls$StreamingServerCallHandler$StreamingServerCallListener.onMessage(ServerCalls.java:248) [ratis-thirdparty-misc-0.2.0.jar:0.2.0]
	at org.apache.ratis.thirdparty.io.grpc.ForwardingServerCallListener.onMessage(ForwardingServerCallListener.java:33) [ratis-thirdparty-misc-0.2.0.jar:0.2.0]
	at org.apache.ratis.thirdparty.io.grpc.Contexts$ContextualizedServerCallListener.onMessage(Contexts.java:76) [ratis-thirdparty-misc-0.2.0.jar:0.2.0]
	at org.apache.ratis.thirdparty.io.grpc.ForwardingServerCallListener.onMessage(ForwardingServerCallListener.java:33) [ratis-thirdparty-misc-0.2.0.jar:0.2.0]
	at org.apache.hadoop.hdds.tracing.GrpcServerInterceptor$1.onMessage(GrpcServerInterceptor.java:46) [hadoop-hdds-common-0.4.1-SNAPSHOT.jar:?]
	at org.apache.ratis.thirdparty.io.grpc.internal.ServerCallImpl$ServerStreamListenerImpl.messagesAvailable(ServerCallImpl.java:263) [ratis-thirdparty-misc-0.2.0.jar:0.2.0]
	at org.apache.ratis.thirdparty.io.grpc.internal.ServerImpl$JumpToApplicationThreadServerStreamListener$1MessagesAvailable.runInContext(ServerImpl.java:686) [ratis-thirdparty-misc-0.2.0.jar:0.2.0]
	at org.apache.ratis.thirdparty.io.grpc.internal.ContextRunnable.run(ContextRunnable.java:37) [ratis-thirdparty-misc-0.2.0.jar:0.2.0]
	at org.apache.ratis.thirdparty.io.grpc.internal.SerializingExecutor.run(SerializingExecutor.java:123) [ratis-thirdparty-misc-0.2.0.jar:0.2.0]
	at java.util.concurrent.ThreadPoolExecutor.runWorker(ThreadPoolExecutor.java:1149) [?:1.8.0_212]
	at java.util.concurrent.ThreadPoolExecutor$Worker.run(ThreadPoolExecutor.java:624) [?:1.8.0_212]
	at java.lang.Thread.run(Thread.java:748) [?:1.8.0_212]
2019-07-30 20:44:59,316 INFO  impl.HddsDispatcher (ContainerUtils.java:logAndReturnError(146)) - Operation: GetBlock : Trace ID: 17f626391b74b88b:17f626391b74b88b:0:0 : Message: ContainerID 6 does not exist : Result: CONTAINER_NOT_FOUND
2019-07-30 20:44:59,317 ERROR scm.XceiverClientGrpc (XceiverClientGrpc.java:sendCommandWithRetry(292)) - Failed to execute command cmdType: GetBlock
traceID: "17f626391b74b88b:17f626391b74b88b:0:0"
containerID: 6
datanodeUuid: "a9526d2b-be35-43d3-93e8-b9ec14dbf99c"
getBlock {
  blockID {
    containerID: 6
    localID: 102532349901537559
    blockCommitSequenceId: 14
  }
}
encodedToken: "RQoLamVua2luczEwMDASImNvbklEOiA2IGxvY0lEOiAxMDI1MzIzNDk5MDE1Mzc1NTkYq8SdzsQtIgExKAEoAigDKAQwDI4BAEAm4WzB2kT38Y9xPwrYZdc9LAFABtfJjL0qBQoAXs-9160vNw-zgwsu87FXFHXKXfjlaZiLzXKCNLGqh1X25eouuoNHnPglsQ5wM4_UFZI7EI1Anh4DVIjXfXKPi1Zh0i-gQSkSblrEVxvInCHIv0uI1rm4PmFBwDrA7S-TJhoBm4r08EeWeRr5WZ8RsT6_d8iXHGyPyyOwJdEe5N1b3fi26DoSkgg959PLZNXThJESgLuCcW3pqyscp551h6Z9p5iDkWRZX6XRmB1mOd1gLQCT4AuwLlCEEf1WPX6AxUTOdiSJ-GooIGU8C7bYFwHbk2pYtJGzVMxAF47ouE5nWoYQSEREU19CTE9DS19UT0tFTiJjb25JRDogNiBsb2NJRDogMTAyNTMyMzQ5OTAxNTM3NTU5"
 on datanode 55d4b8ad-efa0-4e8e-b9c0-43b0461e5a97
org.apache.hadoop.hdds.scm.container.common.helpers.StorageContainerException: ContainerID 6 does not exist
	at org.apache.hadoop.hdds.scm.storage.ContainerProtocolCalls.validateContainerResponse(ContainerProtocolCalls.java:536)
	at org.apache.hadoop.hdds.scm.storage.ContainerProtocolCalls.lambda$getValidatorList$0(ContainerProtocolCalls.java:569)
	at org.apache.hadoop.hdds.scm.XceiverClientGrpc.sendCommandWithRetry(XceiverClientGrpc.java:287)
	at org.apache.hadoop.hdds.scm.XceiverClientGrpc.sendCommandWithTraceIDAndRetry(XceiverClientGrpc.java:250)
	at org.apache.hadoop.hdds.scm.XceiverClientGrpc.sendCommand(XceiverClientGrpc.java:233)
	at org.apache.hadoop.hdds.scm.storage.ContainerProtocolCalls.getBlock(ContainerProtocolCalls.java:118)
	at org.apache.hadoop.hdds.scm.storage.BlockInputStream.getChunkInfos(BlockInputStream.java:167)
	at org.apache.hadoop.hdds.scm.storage.BlockInputStream.initialize(BlockInputStream.java:118)
	at org.apache.hadoop.hdds.scm.storage.BlockInputStream.read(BlockInputStream.java:222)
	at org.apache.hadoop.ozone.client.io.KeyInputStream.read(KeyInputStream.java:171)
	at org.apache.hadoop.ozone.client.io.OzoneInputStream.read(OzoneInputStream.java:47)
	at java.io.InputStream.read(InputStream.java:101)
	at org.apache.hadoop.ozone.client.rpc.TestOzoneRpcClientAbstract.testReadKeyWithCorruptedDataWithMutiNodes(TestOzoneRpcClientAbstract.java:1195)
	at sun.reflect.NativeMethodAccessorImpl.invoke0(Native Method)
	at sun.reflect.NativeMethodAccessorImpl.invoke(NativeMethodAccessorImpl.java:62)
	at sun.reflect.DelegatingMethodAccessorImpl.invoke(DelegatingMethodAccessorImpl.java:43)
	at java.lang.reflect.Method.invoke(Method.java:498)
	at org.junit.runners.model.FrameworkMethod$1.runReflectiveCall(FrameworkMethod.java:47)
	at org.junit.internal.runners.model.ReflectiveCallable.run(ReflectiveCallable.java:12)
	at org.junit.runners.model.FrameworkMethod.invokeExplosively(FrameworkMethod.java:44)
	at org.junit.internal.runners.statements.InvokeMethod.evaluate(InvokeMethod.java:17)
	at org.junit.runners.ParentRunner.runLeaf(ParentRunner.java:271)
	at org.junit.runners.BlockJUnit4ClassRunner.runChild(BlockJUnit4ClassRunner.java:70)
	at org.junit.runners.BlockJUnit4ClassRunner.runChild(BlockJUnit4ClassRunner.java:50)
	at org.junit.runners.ParentRunner$3.run(ParentRunner.java:238)
	at org.junit.runners.ParentRunner$1.schedule(ParentRunner.java:63)
	at org.junit.runners.ParentRunner.runChildren(ParentRunner.java:236)
	at org.junit.runners.ParentRunner.access$000(ParentRunner.java:53)
	at org.junit.runners.ParentRunner$2.evaluate(ParentRunner.java:229)
	at org.junit.internal.runners.statements.RunBefores.evaluate(RunBefores.java:26)
	at org.junit.internal.runners.statements.RunAfters.evaluate(RunAfters.java:27)
	at org.junit.runners.ParentRunner.run(ParentRunner.java:309)
	at org.apache.maven.surefire.junit4.JUnit4Provider.execute(JUnit4Provider.java:365)
	at org.apache.maven.surefire.junit4.JUnit4Provider.executeWithRerun(JUnit4Provider.java:273)
	at org.apache.maven.surefire.junit4.JUnit4Provider.executeTestSet(JUnit4Provider.java:238)
	at org.apache.maven.surefire.junit4.JUnit4Provider.invoke(JUnit4Provider.java:159)
	at org.apache.maven.surefire.booter.ForkedBooter.invokeProviderInSameClassLoader(ForkedBooter.java:384)
	at org.apache.maven.surefire.booter.ForkedBooter.runSuitesInProcess(ForkedBooter.java:345)
	at org.apache.maven.surefire.booter.ForkedBooter.execute(ForkedBooter.java:126)
	at org.apache.maven.surefire.booter.ForkedBooter.main(ForkedBooter.java:418)
2019-07-30 20:44:59,323 ERROR scm.XceiverClientGrpc (XceiverClientGrpc.java:sendCommandWithRetry(292)) - Failed to execute command cmdType: ReadChunk
traceID: "e133b6945b1f1f5e:e133b6945b1f1f5e:0:0"
containerID: 6
datanodeUuid: "a9526d2b-be35-43d3-93e8-b9ec14dbf99c"
readChunk {
  blockID {
    containerID: 6
    localID: 102532349901537559
    blockCommitSequenceId: 14
  }
  chunkData {
    chunkName: "102532349901537559_chunk_1"
    offset: 0
    len: 12
    checksumData {
      type: CRC32
      bytesPerChecksum: 1048576
      checksums: "\000\000\000\000\357\322\354/"
    }
  }
}
encodedToken: "RQoLamVua2luczEwMDASImNvbklEOiA2IGxvY0lEOiAxMDI1MzIzNDk5MDE1Mzc1NTkYq8SdzsQtIgExKAEoAigDKAQwDI4BAEAm4WzB2kT38Y9xPwrYZdc9LAFABtfJjL0qBQoAXs-9160vNw-zgwsu87FXFHXKXfjlaZiLzXKCNLGqh1X25eouuoNHnPglsQ5wM4_UFZI7EI1Anh4DVIjXfXKPi1Zh0i-gQSkSblrEVxvInCHIv0uI1rm4PmFBwDrA7S-TJhoBm4r08EeWeRr5WZ8RsT6_d8iXHGyPyyOwJdEe5N1b3fi26DoSkgg959PLZNXThJESgLuCcW3pqyscp551h6Z9p5iDkWRZX6XRmB1mOd1gLQCT4AuwLlCEEf1WPX6AxUTOdiSJ-GooIGU8C7bYFwHbk2pYtJGzVMxAF47ouE5nWoYQSEREU19CTE9DS19UT0tFTiJjb25JRDogNiBsb2NJRDogMTAyNTMyMzQ5OTAxNTM3NTU5"
 on datanode a9526d2b-be35-43d3-93e8-b9ec14dbf99c
org.apache.hadoop.ozone.common.OzoneChecksumException: Checksum mismatch at index 0
	at org.apache.hadoop.ozone.common.ChecksumData.verifyChecksumDataMatches(ChecksumData.java:148)
	at org.apache.hadoop.ozone.common.Checksum.verifyChecksum(Checksum.java:275)
	at org.apache.hadoop.ozone.common.Checksum.verifyChecksum(Checksum.java:238)
	at org.apache.hadoop.hdds.scm.storage.ChunkInputStream.lambda$new$0(ChunkInputStream.java:375)
	at org.apache.hadoop.hdds.scm.XceiverClientGrpc.sendCommandWithRetry(XceiverClientGrpc.java:287)
	at org.apache.hadoop.hdds.scm.XceiverClientGrpc.sendCommandWithTraceIDAndRetry(XceiverClientGrpc.java:250)
	at org.apache.hadoop.hdds.scm.XceiverClientGrpc.sendCommand(XceiverClientGrpc.java:233)
	at org.apache.hadoop.hdds.scm.storage.ContainerProtocolCalls.readChunk(ContainerProtocolCalls.java:245)
	at org.apache.hadoop.hdds.scm.storage.ChunkInputStream.readChunk(ChunkInputStream.java:335)
	at org.apache.hadoop.hdds.scm.storage.ChunkInputStream.readChunkFromContainer(ChunkInputStream.java:307)
	at org.apache.hadoop.hdds.scm.storage.ChunkInputStream.prepareRead(ChunkInputStream.java:259)
	at org.apache.hadoop.hdds.scm.storage.ChunkInputStream.read(ChunkInputStream.java:144)
	at org.apache.hadoop.hdds.scm.storage.BlockInputStream.read(BlockInputStream.java:239)
	at org.apache.hadoop.ozone.client.io.KeyInputStream.read(KeyInputStream.java:171)
	at org.apache.hadoop.ozone.client.io.OzoneInputStream.read(OzoneInputStream.java:47)
	at java.io.InputStream.read(InputStream.java:101)
	at org.apache.hadoop.ozone.client.rpc.TestOzoneRpcClientAbstract.testReadKeyWithCorruptedDataWithMutiNodes(TestOzoneRpcClientAbstract.java:1195)
	at sun.reflect.NativeMethodAccessorImpl.invoke0(Native Method)
	at sun.reflect.NativeMethodAccessorImpl.invoke(NativeMethodAccessorImpl.java:62)
	at sun.reflect.DelegatingMethodAccessorImpl.invoke(DelegatingMethodAccessorImpl.java:43)
	at java.lang.reflect.Method.invoke(Method.java:498)
	at org.junit.runners.model.FrameworkMethod$1.runReflectiveCall(FrameworkMethod.java:47)
	at org.junit.internal.runners.model.ReflectiveCallable.run(ReflectiveCallable.java:12)
	at org.junit.runners.model.FrameworkMethod.invokeExplosively(FrameworkMethod.java:44)
	at org.junit.internal.runners.statements.InvokeMethod.evaluate(InvokeMethod.java:17)
	at org.junit.runners.ParentRunner.runLeaf(ParentRunner.java:271)
	at org.junit.runners.BlockJUnit4ClassRunner.runChild(BlockJUnit4ClassRunner.java:70)
	at org.junit.runners.BlockJUnit4ClassRunner.runChild(BlockJUnit4ClassRunner.java:50)
	at org.junit.runners.ParentRunner$3.run(ParentRunner.java:238)
	at org.junit.runners.ParentRunner$1.schedule(ParentRunner.java:63)
	at org.junit.runners.ParentRunner.runChildren(ParentRunner.java:236)
	at org.junit.runners.ParentRunner.access$000(ParentRunner.java:53)
	at org.junit.runners.ParentRunner$2.evaluate(ParentRunner.java:229)
	at org.junit.internal.runners.statements.RunBefores.evaluate(RunBefores.java:26)
	at org.junit.internal.runners.statements.RunAfters.evaluate(RunAfters.java:27)
	at org.junit.runners.ParentRunner.run(ParentRunner.java:309)
	at org.apache.maven.surefire.junit4.JUnit4Provider.execute(JUnit4Provider.java:365)
	at org.apache.maven.surefire.junit4.JUnit4Provider.executeWithRerun(JUnit4Provider.java:273)
	at org.apache.maven.surefire.junit4.JUnit4Provider.executeTestSet(JUnit4Provider.java:238)
	at org.apache.maven.surefire.junit4.JUnit4Provider.invoke(JUnit4Provider.java:159)
	at org.apache.maven.surefire.booter.ForkedBooter.invokeProviderInSameClassLoader(ForkedBooter.java:384)
	at org.apache.maven.surefire.booter.ForkedBooter.runSuitesInProcess(ForkedBooter.java:345)
	at org.apache.maven.surefire.booter.ForkedBooter.execute(ForkedBooter.java:126)
	at org.apache.maven.surefire.booter.ForkedBooter.main(ForkedBooter.java:418)
20:44:59.325 [grpc-default-executor-2] ERROR DNAudit - user=null | ip=null | op=READ_CHUNK {blockData=conID: 6 locID: 102532349901537559 bcsId: 14} | ret=FAILURE
org.apache.hadoop.hdds.scm.container.common.helpers.StorageContainerException: ContainerID 6 does not exist
	at org.apache.hadoop.ozone.container.common.impl.HddsDispatcher.dispatchRequest(HddsDispatcher.java:242) [hadoop-hdds-container-service-0.4.1-SNAPSHOT.jar:?]
	at org.apache.hadoop.ozone.container.common.impl.HddsDispatcher.dispatch(HddsDispatcher.java:148) [hadoop-hdds-container-service-0.4.1-SNAPSHOT.jar:?]
	at org.apache.hadoop.ozone.container.common.transport.server.GrpcXceiverService$1.onNext(GrpcXceiverService.java:73) [hadoop-hdds-container-service-0.4.1-SNAPSHOT.jar:?]
	at org.apache.hadoop.ozone.container.common.transport.server.GrpcXceiverService$1.onNext(GrpcXceiverService.java:61) [hadoop-hdds-container-service-0.4.1-SNAPSHOT.jar:?]
	at org.apache.ratis.thirdparty.io.grpc.stub.ServerCalls$StreamingServerCallHandler$StreamingServerCallListener.onMessage(ServerCalls.java:248) [ratis-thirdparty-misc-0.2.0.jar:0.2.0]
	at org.apache.ratis.thirdparty.io.grpc.ForwardingServerCallListener.onMessage(ForwardingServerCallListener.java:33) [ratis-thirdparty-misc-0.2.0.jar:0.2.0]
	at org.apache.ratis.thirdparty.io.grpc.Contexts$ContextualizedServerCallListener.onMessage(Contexts.java:76) [ratis-thirdparty-misc-0.2.0.jar:0.2.0]
	at org.apache.ratis.thirdparty.io.grpc.ForwardingServerCallListener.onMessage(ForwardingServerCallListener.java:33) [ratis-thirdparty-misc-0.2.0.jar:0.2.0]
	at org.apache.hadoop.hdds.tracing.GrpcServerInterceptor$1.onMessage(GrpcServerInterceptor.java:46) [hadoop-hdds-common-0.4.1-SNAPSHOT.jar:?]
	at org.apache.ratis.thirdparty.io.grpc.internal.ServerCallImpl$ServerStreamListenerImpl.messagesAvailable(ServerCallImpl.java:263) [ratis-thirdparty-misc-0.2.0.jar:0.2.0]
	at org.apache.ratis.thirdparty.io.grpc.internal.ServerImpl$JumpToApplicationThreadServerStreamListener$1MessagesAvailable.runInContext(ServerImpl.java:686) [ratis-thirdparty-misc-0.2.0.jar:0.2.0]
	at org.apache.ratis.thirdparty.io.grpc.internal.ContextRunnable.run(ContextRunnable.java:37) [ratis-thirdparty-misc-0.2.0.jar:0.2.0]
	at org.apache.ratis.thirdparty.io.grpc.internal.SerializingExecutor.run(SerializingExecutor.java:123) [ratis-thirdparty-misc-0.2.0.jar:0.2.0]
	at java.util.concurrent.ThreadPoolExecutor.runWorker(ThreadPoolExecutor.java:1149) [?:1.8.0_212]
	at java.util.concurrent.ThreadPoolExecutor$Worker.run(ThreadPoolExecutor.java:624) [?:1.8.0_212]
	at java.lang.Thread.run(Thread.java:748) [?:1.8.0_212]
2019-07-30 20:44:59,325 INFO  impl.HddsDispatcher (ContainerUtils.java:logAndReturnError(146)) - Operation: ReadChunk : Trace ID: e133b6945b1f1f5e:e133b6945b1f1f5e:0:0 : Message: ContainerID 6 does not exist : Result: CONTAINER_NOT_FOUND
2019-07-30 20:44:59,326 ERROR scm.XceiverClientGrpc (XceiverClientGrpc.java:sendCommandWithRetry(292)) - Failed to execute command cmdType: ReadChunk
traceID: "e133b6945b1f1f5e:e133b6945b1f1f5e:0:0"
containerID: 6
datanodeUuid: "a9526d2b-be35-43d3-93e8-b9ec14dbf99c"
readChunk {
  blockID {
    containerID: 6
    localID: 102532349901537559
    blockCommitSequenceId: 14
  }
  chunkData {
    chunkName: "102532349901537559_chunk_1"
    offset: 0
    len: 12
    checksumData {
      type: CRC32
      bytesPerChecksum: 1048576
      checksums: "\000\000\000\000\357\322\354/"
    }
  }
}
encodedToken: "RQoLamVua2luczEwMDASImNvbklEOiA2IGxvY0lEOiAxMDI1MzIzNDk5MDE1Mzc1NTkYq8SdzsQtIgExKAEoAigDKAQwDI4BAEAm4WzB2kT38Y9xPwrYZdc9LAFABtfJjL0qBQoAXs-9160vNw-zgwsu87FXFHXKXfjlaZiLzXKCNLGqh1X25eouuoNHnPglsQ5wM4_UFZI7EI1Anh4DVIjXfXKPi1Zh0i-gQSkSblrEVxvInCHIv0uI1rm4PmFBwDrA7S-TJhoBm4r08EeWeRr5WZ8RsT6_d8iXHGyPyyOwJdEe5N1b3fi26DoSkgg959PLZNXThJESgLuCcW3pqyscp551h6Z9p5iDkWRZX6XRmB1mOd1gLQCT4AuwLlCEEf1WPX6AxUTOdiSJ-GooIGU8C7bYFwHbk2pYtJGzVMxAF47ouE5nWoYQSEREU19CTE9DS19UT0tFTiJjb25JRDogNiBsb2NJRDogMTAyNTMyMzQ5OTAxNTM3NTU5"
 on datanode 55d4b8ad-efa0-4e8e-b9c0-43b0461e5a97
org.apache.hadoop.hdds.scm.container.common.helpers.StorageContainerException: ContainerID 6 does not exist
	at org.apache.hadoop.hdds.scm.storage.ContainerProtocolCalls.validateContainerResponse(ContainerProtocolCalls.java:536)
	at org.apache.hadoop.hdds.scm.storage.ContainerProtocolCalls.lambda$getValidatorList$0(ContainerProtocolCalls.java:569)
	at org.apache.hadoop.hdds.scm.XceiverClientGrpc.sendCommandWithRetry(XceiverClientGrpc.java:287)
	at org.apache.hadoop.hdds.scm.XceiverClientGrpc.sendCommandWithTraceIDAndRetry(XceiverClientGrpc.java:250)
	at org.apache.hadoop.hdds.scm.XceiverClientGrpc.sendCommand(XceiverClientGrpc.java:233)
	at org.apache.hadoop.hdds.scm.storage.ContainerProtocolCalls.readChunk(ContainerProtocolCalls.java:245)
	at org.apache.hadoop.hdds.scm.storage.ChunkInputStream.readChunk(ChunkInputStream.java:335)
	at org.apache.hadoop.hdds.scm.storage.ChunkInputStream.readChunkFromContainer(ChunkInputStream.java:307)
	at org.apache.hadoop.hdds.scm.storage.ChunkInputStream.prepareRead(ChunkInputStream.java:259)
	at org.apache.hadoop.hdds.scm.storage.ChunkInputStream.read(ChunkInputStream.java:144)
	at org.apache.hadoop.hdds.scm.storage.BlockInputStream.read(BlockInputStream.java:239)
	at org.apache.hadoop.ozone.client.io.KeyInputStream.read(KeyInputStream.java:171)
	at org.apache.hadoop.ozone.client.io.OzoneInputStream.read(OzoneInputStream.java:47)
	at java.io.InputStream.read(InputStream.java:101)
	at org.apache.hadoop.ozone.client.rpc.TestOzoneRpcClientAbstract.testReadKeyWithCorruptedDataWithMutiNodes(TestOzoneRpcClientAbstract.java:1195)
	at sun.reflect.NativeMethodAccessorImpl.invoke0(Native Method)
	at sun.reflect.NativeMethodAccessorImpl.invoke(NativeMethodAccessorImpl.java:62)
	at sun.reflect.DelegatingMethodAccessorImpl.invoke(DelegatingMethodAccessorImpl.java:43)
	at java.lang.reflect.Method.invoke(Method.java:498)
	at org.junit.runners.model.FrameworkMethod$1.runReflectiveCall(FrameworkMethod.java:47)
	at org.junit.internal.runners.model.ReflectiveCallable.run(ReflectiveCallable.java:12)
	at org.junit.runners.model.FrameworkMethod.invokeExplosively(FrameworkMethod.java:44)
	at org.junit.internal.runners.statements.InvokeMethod.evaluate(InvokeMethod.java:17)
	at org.junit.runners.ParentRunner.runLeaf(ParentRunner.java:271)
	at org.junit.runners.BlockJUnit4ClassRunner.runChild(BlockJUnit4ClassRunner.java:70)
	at org.junit.runners.BlockJUnit4ClassRunner.runChild(BlockJUnit4ClassRunner.java:50)
	at org.junit.runners.ParentRunner$3.run(ParentRunner.java:238)
	at org.junit.runners.ParentRunner$1.schedule(ParentRunner.java:63)
	at org.junit.runners.ParentRunner.runChildren(ParentRunner.java:236)
	at org.junit.runners.ParentRunner.access$000(ParentRunner.java:53)
	at org.junit.runners.ParentRunner$2.evaluate(ParentRunner.java:229)
	at org.junit.internal.runners.statements.RunBefores.evaluate(RunBefores.java:26)
	at org.junit.internal.runners.statements.RunAfters.evaluate(RunAfters.java:27)
	at org.junit.runners.ParentRunner.run(ParentRunner.java:309)
	at org.apache.maven.surefire.junit4.JUnit4Provider.execute(JUnit4Provider.java:365)
	at org.apache.maven.surefire.junit4.JUnit4Provider.executeWithRerun(JUnit4Provider.java:273)
	at org.apache.maven.surefire.junit4.JUnit4Provider.executeTestSet(JUnit4Provider.java:238)
	at org.apache.maven.surefire.junit4.JUnit4Provider.invoke(JUnit4Provider.java:159)
	at org.apache.maven.surefire.booter.ForkedBooter.invokeProviderInSameClassLoader(ForkedBooter.java:384)
	at org.apache.maven.surefire.booter.ForkedBooter.runSuitesInProcess(ForkedBooter.java:345)
	at org.apache.maven.surefire.booter.ForkedBooter.execute(ForkedBooter.java:126)
	at org.apache.maven.surefire.booter.ForkedBooter.main(ForkedBooter.java:418)
2019-07-30 20:44:59,331 ERROR scm.XceiverClientGrpc (XceiverClientGrpc.java:sendCommandWithRetry(292)) - Failed to execute command cmdType: ReadChunk
traceID: "e133b6945b1f1f5e:e133b6945b1f1f5e:0:0"
containerID: 6
datanodeUuid: "a9526d2b-be35-43d3-93e8-b9ec14dbf99c"
readChunk {
  blockID {
    containerID: 6
    localID: 102532349901537559
    blockCommitSequenceId: 14
  }
  chunkData {
    chunkName: "102532349901537559_chunk_1"
    offset: 0
    len: 12
    checksumData {
      type: CRC32
      bytesPerChecksum: 1048576
      checksums: "\000\000\000\000\357\322\354/"
    }
  }
}
encodedToken: "RQoLamVua2luczEwMDASImNvbklEOiA2IGxvY0lEOiAxMDI1MzIzNDk5MDE1Mzc1NTkYq8SdzsQtIgExKAEoAigDKAQwDI4BAEAm4WzB2kT38Y9xPwrYZdc9LAFABtfJjL0qBQoAXs-9160vNw-zgwsu87FXFHXKXfjlaZiLzXKCNLGqh1X25eouuoNHnPglsQ5wM4_UFZI7EI1Anh4DVIjXfXKPi1Zh0i-gQSkSblrEVxvInCHIv0uI1rm4PmFBwDrA7S-TJhoBm4r08EeWeRr5WZ8RsT6_d8iXHGyPyyOwJdEe5N1b3fi26DoSkgg959PLZNXThJESgLuCcW3pqyscp551h6Z9p5iDkWRZX6XRmB1mOd1gLQCT4AuwLlCEEf1WPX6AxUTOdiSJ-GooIGU8C7bYFwHbk2pYtJGzVMxAF47ouE5nWoYQSEREU19CTE9DS19UT0tFTiJjb25JRDogNiBsb2NJRDogMTAyNTMyMzQ5OTAxNTM3NTU5"
 on datanode e0c8f8ef-c45f-4157-8cea-a9b979ddc82d
org.apache.hadoop.ozone.common.OzoneChecksumException: Checksum mismatch at index 0
	at org.apache.hadoop.ozone.common.ChecksumData.verifyChecksumDataMatches(ChecksumData.java:148)
	at org.apache.hadoop.ozone.common.Checksum.verifyChecksum(Checksum.java:275)
	at org.apache.hadoop.ozone.common.Checksum.verifyChecksum(Checksum.java:238)
	at org.apache.hadoop.hdds.scm.storage.ChunkInputStream.lambda$new$0(ChunkInputStream.java:375)
	at org.apache.hadoop.hdds.scm.XceiverClientGrpc.sendCommandWithRetry(XceiverClientGrpc.java:287)
	at org.apache.hadoop.hdds.scm.XceiverClientGrpc.sendCommandWithTraceIDAndRetry(XceiverClientGrpc.java:250)
	at org.apache.hadoop.hdds.scm.XceiverClientGrpc.sendCommand(XceiverClientGrpc.java:233)
	at org.apache.hadoop.hdds.scm.storage.ContainerProtocolCalls.readChunk(ContainerProtocolCalls.java:245)
	at org.apache.hadoop.hdds.scm.storage.ChunkInputStream.readChunk(ChunkInputStream.java:335)
	at org.apache.hadoop.hdds.scm.storage.ChunkInputStream.readChunkFromContainer(ChunkInputStream.java:307)
	at org.apache.hadoop.hdds.scm.storage.ChunkInputStream.prepareRead(ChunkInputStream.java:259)
	at org.apache.hadoop.hdds.scm.storage.ChunkInputStream.read(ChunkInputStream.java:144)
	at org.apache.hadoop.hdds.scm.storage.BlockInputStream.read(BlockInputStream.java:239)
	at org.apache.hadoop.ozone.client.io.KeyInputStream.read(KeyInputStream.java:171)
	at org.apache.hadoop.ozone.client.io.OzoneInputStream.read(OzoneInputStream.java:47)
	at java.io.InputStream.read(InputStream.java:101)
	at org.apache.hadoop.ozone.client.rpc.TestOzoneRpcClientAbstract.testReadKeyWithCorruptedDataWithMutiNodes(TestOzoneRpcClientAbstract.java:1195)
	at sun.reflect.NativeMethodAccessorImpl.invoke0(Native Method)
	at sun.reflect.NativeMethodAccessorImpl.invoke(NativeMethodAccessorImpl.java:62)
	at sun.reflect.DelegatingMethodAccessorImpl.invoke(DelegatingMethodAccessorImpl.java:43)
	at java.lang.reflect.Method.invoke(Method.java:498)
	at org.junit.runners.model.FrameworkMethod$1.runReflectiveCall(FrameworkMethod.java:47)
	at org.junit.internal.runners.model.ReflectiveCallable.run(ReflectiveCallable.java:12)
	at org.junit.runners.model.FrameworkMethod.invokeExplosively(FrameworkMethod.java:44)
	at org.junit.internal.runners.statements.InvokeMethod.evaluate(InvokeMethod.java:17)
	at org.junit.runners.ParentRunner.runLeaf(ParentRunner.java:271)
	at org.junit.runners.BlockJUnit4ClassRunner.runChild(BlockJUnit4ClassRunner.java:70)
	at org.junit.runners.BlockJUnit4ClassRunner.runChild(BlockJUnit4ClassRunner.java:50)
	at org.junit.runners.ParentRunner$3.run(ParentRunner.java:238)
	at org.junit.runners.ParentRunner$1.schedule(ParentRunner.java:63)
	at org.junit.runners.ParentRunner.runChildren(ParentRunner.java:236)
	at org.junit.runners.ParentRunner.access$000(ParentRunner.java:53)
	at org.junit.runners.ParentRunner$2.evaluate(ParentRunner.java:229)
	at org.junit.internal.runners.statements.RunBefores.evaluate(RunBefores.java:26)
	at org.junit.internal.runners.statements.RunAfters.evaluate(RunAfters.java:27)
	at org.junit.runners.ParentRunner.run(ParentRunner.java:309)
	at org.apache.maven.surefire.junit4.JUnit4Provider.execute(JUnit4Provider.java:365)
	at org.apache.maven.surefire.junit4.JUnit4Provider.executeWithRerun(JUnit4Provider.java:273)
	at org.apache.maven.surefire.junit4.JUnit4Provider.executeTestSet(JUnit4Provider.java:238)
	at org.apache.maven.surefire.junit4.JUnit4Provider.invoke(JUnit4Provider.java:159)
	at org.apache.maven.surefire.booter.ForkedBooter.invokeProviderInSameClassLoader(ForkedBooter.java:384)
	at org.apache.maven.surefire.booter.ForkedBooter.runSuitesInProcess(ForkedBooter.java:345)
	at org.apache.maven.surefire.booter.ForkedBooter.execute(ForkedBooter.java:126)
	at org.apache.maven.surefire.booter.ForkedBooter.main(ForkedBooter.java:418)
2019-07-30 20:44:59,331 ERROR scm.XceiverClientGrpc (XceiverClientGrpc.java:sendCommandWithRetry(313)) - Failed to execute command cmdType: ReadChunk
traceID: "e133b6945b1f1f5e:e133b6945b1f1f5e:0:0"
containerID: 6
datanodeUuid: "a9526d2b-be35-43d3-93e8-b9ec14dbf99c"
readChunk {
  blockID {
    containerID: 6
    localID: 102532349901537559
    blockCommitSequenceId: 14
  }
  chunkData {
    chunkName: "102532349901537559_chunk_1"
    offset: 0
    len: 12
    checksumData {
      type: CRC32
      bytesPerChecksum: 1048576
      checksums: "\000\000\000\000\357\322\354/"
    }
  }
}
encodedToken: "RQoLamVua2luczEwMDASImNvbklEOiA2IGxvY0lEOiAxMDI1MzIzNDk5MDE1Mzc1NTkYq8SdzsQtIgExKAEoAigDKAQwDI4BAEAm4WzB2kT38Y9xPwrYZdc9LAFABtfJjL0qBQoAXs-9160vNw-zgwsu87FXFHXKXfjlaZiLzXKCNLGqh1X25eouuoNHnPglsQ5wM4_UFZI7EI1Anh4DVIjXfXKPi1Zh0i-gQSkSblrEVxvInCHIv0uI1rm4PmFBwDrA7S-TJhoBm4r08EeWeRr5WZ8RsT6_d8iXHGyPyyOwJdEe5N1b3fi26DoSkgg959PLZNXThJESgLuCcW3pqyscp551h6Z9p5iDkWRZX6XRmB1mOd1gLQCT4AuwLlCEEf1WPX6AxUTOdiSJ-GooIGU8C7bYFwHbk2pYtJGzVMxAF47ouE5nWoYQSEREU19CTE9DS19UT0tFTiJjb25JRDogNiBsb2NJRDogMTAyNTMyMzQ5OTAxNTM3NTU5"
 on the pipeline Pipeline[ Id: b6dad6dd-98d6-46b0-b7f3-5bcc4bdf10ab, Nodes: a9526d2b-be35-43d3-93e8-b9ec14dbf99c{ip: 192.168.69.110, host: byscane-nightly-zbvcj-1516659162, networkLocation: /default-rack, certSerialId: null}e0c8f8ef-c45f-4157-8cea-a9b979ddc82d{ip: 192.168.69.110, host: byscane-nightly-zbvcj-1516659162, networkLocation: /default-rack, certSerialId: null}55d4b8ad-efa0-4e8e-b9c0-43b0461e5a97{ip: 192.168.69.110, host: byscane-nightly-zbvcj-1516659162, networkLocation: /default-rack, certSerialId: null}, Type:STAND_ALONE, Factor:THREE, State:OPEN].
]]></system-out>
  </testcase>
  <testcase name="testPutKey" classname="org.apache.hadoop.ozone.client.rpc.TestSecureOzoneRpcClient" time="0.407"/>
  <testcase name="testReadKeyWithCorruptedData" classname="org.apache.hadoop.ozone.client.rpc.TestSecureOzoneRpcClient" time="0.221"/>
  <testcase name="testCreateBucketWithAcls" classname="org.apache.hadoop.ozone.client.rpc.TestSecureOzoneRpcClient" time="0.006"/>
  <testcase name="testMultipartUploadWithPartsMisMatchWithIncorrectPartName" classname="org.apache.hadoop.ozone.client.rpc.TestSecureOzoneRpcClient" time="0.026"/>
  <testcase name="testCreateVolumeWithMetadata" classname="org.apache.hadoop.ozone.client.rpc.TestSecureOzoneRpcClient" time="0.003"/>
  <testcase name="testCreateBucketWithMetadata" classname="org.apache.hadoop.ozone.client.rpc.TestSecureOzoneRpcClient" time="0.006"/>
  <testcase name="testListPartsWithPartMarkerGreaterThanPartCount" classname="org.apache.hadoop.ozone.client.rpc.TestSecureOzoneRpcClient" time="0.081"/>
  <testcase name="testCreateBucket" classname="org.apache.hadoop.ozone.client.rpc.TestSecureOzoneRpcClient" time="0.007"/>
  <testcase name="testUploadPartWithNoOverride" classname="org.apache.hadoop.ozone.client.rpc.TestSecureOzoneRpcClient" time="0.022"/>
  <testcase name="testInitiateMultipartUploadWithDefaultReplication" classname="org.apache.hadoop.ozone.client.rpc.TestSecureOzoneRpcClient" time="0.007"/>
</testsuite>