<?xml version="1.0" encoding="UTF-8"?>
<testsuite xmlns:xsi="http://www.w3.org/2001/XMLSchema-instance" xsi:noNamespaceSchemaLocation="https://maven.apache.org/surefire/maven-surefire-plugin/xsd/surefire-test-report.xsd" name="org.apache.hadoop.ozone.client.rpc.TestFailureHandlingByClient" time="203.772" tests="6" errors="1" skipped="0" failures="0">
  <properties>
    <property name="awt.toolkit" value="sun.awt.X11.XToolkit"/>
    <property name="file.encoding.pkg" value="sun.io"/>
    <property name="java.specification.version" value="1.8"/>
    <property name="sun.cpu.isalist" value=""/>
    <property name="sun.jnu.encoding" value="UTF-8"/>
    <property name="java.class.path" value="/workdir/hadoop-ozone/integration-test/target/test-classes:/workdir/hadoop-ozone/integration-test/target/classes:/home/user/.m2/repository/org/apache/hadoop/hadoop-ozone-common/0.4.1-SNAPSHOT/hadoop-ozone-common-0.4.1-SNAPSHOT.jar:/home/user/.m2/repository/org/apache/commons/commons-compress/1.4.1/commons-compress-1.4.1.jar:/home/user/.m2/repository/org/tukaani/xz/1.0/xz-1.0.jar:/home/user/.m2/repository/org/apache/hadoop/hadoop-common/3.2.0/hadoop-common-3.2.0.jar:/home/user/.m2/repository/org/apache/hadoop/hadoop-hdfs/3.2.0/hadoop-hdfs-3.2.0.jar:/home/user/.m2/repository/org/apache/hadoop/hadoop-hdfs-client/3.2.0/hadoop-hdfs-client-3.2.0.jar:/home/user/.m2/repository/com/fasterxml/jackson/core/jackson-annotations/2.9.5/jackson-annotations-2.9.5.jar:/home/user/.m2/repository/org/apache/hadoop/hadoop-hdds-common/0.4.1-SNAPSHOT/hadoop-hdds-common-0.4.1-SNAPSHOT.jar:/home/user/.m2/repository/javax/annotation/javax.annotation-api/1.2/javax.annotation-api-1.2.jar:/home/user/.m2/repository/org/apache/ratis/ratis-server/0.4.0-2337318-SNAPSHOT/ratis-server-0.4.0-2337318-SNAPSHOT.jar:/home/user/.m2/repository/org/apache/ratis/ratis-thirdparty-misc/0.2.0/ratis-thirdparty-misc-0.2.0.jar:/home/user/.m2/repository/org/apache/ratis/ratis-proto/0.4.0-2337318-SNAPSHOT/ratis-proto-0.4.0-2337318-SNAPSHOT.jar:/home/user/.m2/repository/org/apache/ratis/ratis-common/0.4.0-2337318-SNAPSHOT/ratis-common-0.4.0-2337318-SNAPSHOT.jar:/home/user/.m2/repository/org/apache/ratis/ratis-client/0.4.0-2337318-SNAPSHOT/ratis-client-0.4.0-2337318-SNAPSHOT.jar:/home/user/.m2/repository/org/apache/ratis/ratis-metrics/0.4.0-2337318-SNAPSHOT/ratis-metrics-0.4.0-2337318-SNAPSHOT.jar:/home/user/.m2/repository/org/apache/ratis/ratis-netty/0.4.0-2337318-SNAPSHOT/ratis-netty-0.4.0-2337318-SNAPSHOT.jar:/home/user/.m2/repository/org/apache/ratis/ratis-grpc/0.4.0-2337318-SNAPSHOT/ratis-grpc-0.4.0-2337318-SNAPSHOT.jar:/home/user/.m2/repository/org/rocksdb/rocksdbjni/6.0.1/rocksdbjni-6.0.1.jar:/home/user/.m2/repository/org/apache/logging/log4j/log4j-api/2.11.0/log4j-api-2.11.0.jar:/home/user/.m2/repository/org/apache/logging/log4j/log4j-core/2.11.0/log4j-core-2.11.0.jar:/home/user/.m2/repository/com/lmax/disruptor/3.4.2/disruptor-3.4.2.jar:/home/user/.m2/repository/org/apache/commons/commons-pool2/2.6.0/commons-pool2-2.6.0.jar:/home/user/.m2/repository/org/bouncycastle/bcpkix-jdk15on/1.60/bcpkix-jdk15on-1.60.jar:/home/user/.m2/repository/commons-validator/commons-validator/1.6/commons-validator-1.6.jar:/home/user/.m2/repository/commons-digester/commons-digester/1.8.1/commons-digester-1.8.1.jar:/home/user/.m2/repository/io/jaegertracing/jaeger-client/0.33.1/jaeger-client-0.33.1.jar:/home/user/.m2/repository/io/jaegertracing/jaeger-thrift/0.33.1/jaeger-thrift-0.33.1.jar:/home/user/.m2/repository/org/apache/thrift/libthrift/0.11.0/libthrift-0.11.0.jar:/home/user/.m2/repository/com/squareup/okhttp3/okhttp/3.9.0/okhttp-3.9.0.jar:/home/user/.m2/repository/com/squareup/okio/okio/1.13.0/okio-1.13.0.jar:/home/user/.m2/repository/io/jaegertracing/jaeger-core/0.33.1/jaeger-core-0.33.1.jar:/home/user/.m2/repository/io/jaegertracing/jaeger-tracerresolver/0.33.1/jaeger-tracerresolver-0.33.1.jar:/home/user/.m2/repository/io/opentracing/contrib/opentracing-tracerresolver/0.1.5/opentracing-tracerresolver-0.1.5.jar:/home/user/.m2/repository/io/opentracing/opentracing-util/0.31.0/opentracing-util-0.31.0.jar:/home/user/.m2/repository/io/opentracing/opentracing-api/0.31.0/opentracing-api-0.31.0.jar:/home/user/.m2/repository/io/opentracing/opentracing-noop/0.31.0/opentracing-noop-0.31.0.jar:/home/user/.m2/repository/org/apache/hadoop/hadoop-hdds-server-framework/0.4.1-SNAPSHOT/hadoop-hdds-server-framework-0.4.1-SNAPSHOT.jar:/home/user/.m2/repository/org/apache/hadoop/hadoop-hdds-container-service/0.4.1-SNAPSHOT/hadoop-hdds-container-service-0.4.1-SNAPSHOT.jar:/home/user/.m2/repository/org/apache/hadoop/hadoop-hdds-client/0.4.1-SNAPSHOT/hadoop-hdds-client-0.4.1-SNAPSHOT.jar:/home/user/.m2/repository/org/apache/hadoop/hadoop-hdds-tools/0.4.1-SNAPSHOT/hadoop-hdds-tools-0.4.1-SNAPSHOT.jar:/home/user/.m2/repository/org/apache/hadoop/hadoop-hdds-server-scm/0.4.1-SNAPSHOT/hadoop-hdds-server-scm-0.4.1-SNAPSHOT.jar:/home/user/.m2/repository/org/apache/hadoop/hadoop-hdds-docs/0.4.1-SNAPSHOT/hadoop-hdds-docs-0.4.1-SNAPSHOT.jar:/home/user/.m2/repository/io/dropwizard/metrics/metrics-core/3.2.4/metrics-core-3.2.4.jar:/home/user/.m2/repository/org/hamcrest/hamcrest-all/1.3/hamcrest-all-1.3.jar:/home/user/.m2/repository/org/bouncycastle/bcprov-jdk15on/1.60/bcprov-jdk15on-1.60.jar:/home/user/.m2/repository/info/picocli/picocli/3.9.6/picocli-3.9.6.jar:/home/user/.m2/repository/com/google/protobuf/protobuf-java/2.5.0/protobuf-java-2.5.0.jar:/home/user/.m2/repository/com/google/guava/guava/11.0.2/guava-11.0.2.jar:/home/user/.m2/repository/org/apache/hadoop/hadoop-ozone-ozone-manager/0.4.1-SNAPSHOT/hadoop-ozone-ozone-manager-0.4.1-SNAPSHOT.jar:/home/user/.m2/repository/org/apache/hadoop/hadoop-minikdc/3.2.0/hadoop-minikdc-3.2.0.jar:/home/user/.m2/repository/commons-io/commons-io/2.5/commons-io-2.5.jar:/home/user/.m2/repository/org/apache/kerby/kerb-simplekdc/1.0.1/kerb-simplekdc-1.0.1.jar:/home/user/.m2/repository/org/apache/kerby/kerb-client/1.0.1/kerb-client-1.0.1.jar:/home/user/.m2/repository/org/apache/kerby/kerby-config/1.0.1/kerby-config-1.0.1.jar:/home/user/.m2/repository/org/apache/kerby/kerb-core/1.0.1/kerb-core-1.0.1.jar:/home/user/.m2/repository/org/apache/kerby/kerby-pkix/1.0.1/kerby-pkix-1.0.1.jar:/home/user/.m2/repository/org/apache/kerby/kerby-asn1/1.0.1/kerby-asn1-1.0.1.jar:/home/user/.m2/repository/org/apache/kerby/kerby-util/1.0.1/kerby-util-1.0.1.jar:/home/user/.m2/repository/org/apache/kerby/kerb-common/1.0.1/kerb-common-1.0.1.jar:/home/user/.m2/repository/org/apache/kerby/kerb-crypto/1.0.1/kerb-crypto-1.0.1.jar:/home/user/.m2/repository/org/apache/kerby/kerb-util/1.0.1/kerb-util-1.0.1.jar:/home/user/.m2/repository/org/apache/kerby/token-provider/1.0.1/token-provider-1.0.1.jar:/home/user/.m2/repository/org/apache/kerby/kerb-admin/1.0.1/kerb-admin-1.0.1.jar:/home/user/.m2/repository/org/apache/kerby/kerb-server/1.0.1/kerb-server-1.0.1.jar:/home/user/.m2/repository/org/apache/kerby/kerb-identity/1.0.1/kerb-identity-1.0.1.jar:/home/user/.m2/repository/org/apache/kerby/kerby-xdr/1.0.1/kerby-xdr-1.0.1.jar:/home/user/.m2/repository/org/slf4j/slf4j-log4j12/1.7.25/slf4j-log4j12-1.7.25.jar:/home/user/.m2/repository/org/apache/hadoop/hadoop-ozone-objectstore-service/0.4.1-SNAPSHOT/hadoop-ozone-objectstore-service-0.4.1-SNAPSHOT.jar:/home/user/.m2/repository/org/apache/hadoop/hadoop-ozone-s3gateway/0.4.1-SNAPSHOT/hadoop-ozone-s3gateway-0.4.1-SNAPSHOT.jar:/home/user/.m2/repository/org/jboss/weld/servlet/weld-servlet/2.4.7.Final/weld-servlet-2.4.7.Final.jar:/home/user/.m2/repository/org/glassfish/jersey/containers/jersey-container-servlet-core/2.27/jersey-container-servlet-core-2.27.jar:/home/user/.m2/repository/org/glassfish/hk2/external/javax.inject/2.5.0-b42/javax.inject-2.5.0-b42.jar:/home/user/.m2/repository/org/glassfish/jersey/core/jersey-common/2.27/jersey-common-2.27.jar:/home/user/.m2/repository/org/glassfish/hk2/osgi-resource-locator/1.0.1/osgi-resource-locator-1.0.1.jar:/home/user/.m2/repository/javax/ws/rs/javax.ws.rs-api/2.1/javax.ws.rs-api-2.1.jar:/home/user/.m2/repository/org/glassfish/jersey/ext/cdi/jersey-cdi1x/2.27/jersey-cdi1x-2.27.jar:/home/user/.m2/repository/org/glassfish/jersey/inject/jersey-hk2/2.27/jersey-hk2-2.27.jar:/home/user/.m2/repository/org/glassfish/hk2/hk2-locator/2.5.0-b42/hk2-locator-2.5.0-b42.jar:/home/user/.m2/repository/org/javassist/javassist/3.22.0-CR2/javassist-3.22.0-CR2.jar:/home/user/.m2/repository/org/glassfish/hk2/hk2-api/2.5.0/hk2-api-2.5.0.jar:/home/user/.m2/repository/org/glassfish/hk2/external/jakarta.inject/2.5.0/jakarta.inject-2.5.0.jar:/home/user/.m2/repository/org/glassfish/hk2/hk2-utils/2.5.0/hk2-utils-2.5.0.jar:/home/user/.m2/repository/jakarta/annotation/jakarta.annotation-api/1.3.4/jakarta.annotation-api-1.3.4.jar:/home/user/.m2/repository/org/glassfish/hk2/external/aopalliance-repackaged/2.5.0/aopalliance-repackaged-2.5.0.jar:/home/user/.m2/repository/com/fasterxml/jackson/dataformat/jackson-dataformat-xml/2.9.0/jackson-dataformat-xml-2.9.0.jar:/home/user/.m2/repository/com/fasterxml/jackson/core/jackson-core/2.9.5/jackson-core-2.9.5.jar:/home/user/.m2/repository/com/fasterxml/jackson/module/jackson-module-jaxb-annotations/2.9.5/jackson-module-jaxb-annotations-2.9.5.jar:/home/user/.m2/repository/javax/enterprise/cdi-api/1.2/cdi-api-1.2.jar:/home/user/.m2/repository/javax/el/javax.el-api/3.0.0/javax.el-api-3.0.0.jar:/home/user/.m2/repository/javax/interceptor/javax.interceptor-api/1.2/javax.interceptor-api-1.2.jar:/home/user/.m2/repository/javax/inject/javax.inject/1/javax.inject-1.jar:/home/user/.m2/repository/com/sun/xml/bind/jaxb-impl/2.3.0.1/jaxb-impl-2.3.0.1.jar:/home/user/.m2/repository/com/sun/xml/bind/jaxb-core/2.3.0.1/jaxb-core-2.3.0.1.jar:/home/user/.m2/repository/javax/xml/bind/jaxb-api/2.3.0/jaxb-api-2.3.0.jar:/home/user/.m2/repository/javax/activation/activation/1.1.1/activation-1.1.1.jar:/home/user/.m2/repository/org/apache/hadoop/hadoop-ozone-csi/0.4.1-SNAPSHOT/hadoop-ozone-csi-0.4.1-SNAPSHOT.jar:/home/user/.m2/repository/com/google/protobuf/protobuf-java-util/3.5.1/protobuf-java-util-3.5.1.jar:/home/user/.m2/repository/org/apache/hadoop/hadoop-hdds-config/0.4.1-SNAPSHOT/hadoop-hdds-config-0.4.1-SNAPSHOT.jar:/home/user/.m2/repository/io/grpc/grpc-netty/1.17.1/grpc-netty-1.17.1.jar:/home/user/.m2/repository/io/grpc/grpc-core/1.17.1/grpc-core-1.17.1.jar:/home/user/.m2/repository/io/grpc/grpc-context/1.17.1/grpc-context-1.17.1.jar:/home/user/.m2/repository/com/google/errorprone/error_prone_annotations/2.2.0/error_prone_annotations-2.2.0.jar:/home/user/.m2/repository/org/codehaus/mojo/animal-sniffer-annotations/1.17/animal-sniffer-annotations-1.17.jar:/home/user/.m2/repository/io/opencensus/opencensus-api/0.17.0/opencensus-api-0.17.0.jar:/home/user/.m2/repository/io/opencensus/opencensus-contrib-grpc-metrics/0.17.0/opencensus-contrib-grpc-metrics-0.17.0.jar:/home/user/.m2/repository/io/netty/netty-codec-http2/4.1.30.Final/netty-codec-http2-4.1.30.Final.jar:/home/user/.m2/repository/io/netty/netty-codec-http/4.1.30.Final/netty-codec-http-4.1.30.Final.jar:/home/user/.m2/repository/io/netty/netty-codec/4.1.30.Final/netty-codec-4.1.30.Final.jar:/home/user/.m2/repository/io/netty/netty-handler/4.1.30.Final/netty-handler-4.1.30.Final.jar:/home/user/.m2/repository/io/netty/netty-handler-proxy/4.1.30.Final/netty-handler-proxy-4.1.30.Final.jar:/home/user/.m2/repository/io/netty/netty-codec-socks/4.1.30.Final/netty-codec-socks-4.1.30.Final.jar:/home/user/.m2/repository/io/netty/netty-transport-native-epoll/4.1.30.Final/netty-transport-native-epoll-4.1.30.Final.jar:/home/user/.m2/repository/io/netty/netty-common/4.1.30.Final/netty-common-4.1.30.Final.jar:/home/user/.m2/repository/io/netty/netty-buffer/4.1.30.Final/netty-buffer-4.1.30.Final.jar:/home/user/.m2/repository/io/netty/netty-transport/4.1.30.Final/netty-transport-4.1.30.Final.jar:/home/user/.m2/repository/io/netty/netty-resolver/4.1.30.Final/netty-resolver-4.1.30.Final.jar:/home/user/.m2/repository/io/netty/netty-transport-native-unix-common/4.1.30.Final/netty-transport-native-unix-common-4.1.30.Final.jar:/home/user/.m2/repository/io/grpc/grpc-protobuf/1.17.1/grpc-protobuf-1.17.1.jar:/home/user/.m2/repository/com/google/api/grpc/proto-google-common-protos/1.0.0/proto-google-common-protos-1.0.0.jar:/home/user/.m2/repository/io/grpc/grpc-protobuf-lite/1.17.1/grpc-protobuf-lite-1.17.1.jar:/home/user/.m2/repository/io/grpc/grpc-stub/1.17.1/grpc-stub-1.17.1.jar:/home/user/.m2/repository/org/apache/hadoop/hadoop-ozone-recon/0.4.1-SNAPSHOT/hadoop-ozone-recon-0.4.1-SNAPSHOT.jar:/home/user/.m2/repository/org/apache/hadoop/hadoop-ozone-reconcodegen/0.4.1-SNAPSHOT/hadoop-ozone-reconcodegen-0.4.1-SNAPSHOT.jar:/home/user/.m2/repository/com/google/inject/extensions/guice-multibindings/4.0/guice-multibindings-4.0.jar:/home/user/.m2/repository/com/google/inject/guice/4.0/guice-4.0.jar:/home/user/.m2/repository/aopalliance/aopalliance/1.0/aopalliance-1.0.jar:/home/user/.m2/repository/com/google/inject/extensions/guice-servlet/4.0/guice-servlet-4.0.jar:/home/user/.m2/repository/org/glassfish/jersey/containers/jersey-container-servlet/2.27/jersey-container-servlet-2.27.jar:/home/user/.m2/repository/org/glassfish/hk2/guice-bridge/2.5.0/guice-bridge-2.5.0.jar:/home/user/.m2/repository/org/glassfish/jersey/core/jersey-server/2.27/jersey-server-2.27.jar:/home/user/.m2/repository/org/glassfish/jersey/core/jersey-client/2.27/jersey-client-2.27.jar:/home/user/.m2/repository/org/glassfish/jersey/media/jersey-media-jaxb/2.27/jersey-media-jaxb-2.27.jar:/home/user/.m2/repository/javax/validation/validation-api/1.1.0.Final/validation-api-1.1.0.Final.jar:/home/user/.m2/repository/org/glassfish/jersey/media/jersey-media-json-jackson/2.27/jersey-media-json-jackson-2.27.jar:/home/user/.m2/repository/org/glassfish/jersey/ext/jersey-entity-filtering/2.27/jersey-entity-filtering-2.27.jar:/home/user/.m2/repository/com/google/inject/extensions/guice-assistedinject/4.0/guice-assistedinject-4.0.jar:/home/user/.m2/repository/org/jooq/jooq/3.11.10/jooq-3.11.10.jar:/home/user/.m2/repository/org/jooq/jooq-meta/3.11.10/jooq-meta-3.11.10.jar:/home/user/.m2/repository/org/jooq/jooq-codegen/3.11.10/jooq-codegen-3.11.10.jar:/home/user/.m2/repository/com/jolbox/bonecp/0.8.0.RELEASE/bonecp-0.8.0.RELEASE.jar:/home/user/.m2/repository/org/xerial/sqlite-jdbc/3.25.2/sqlite-jdbc-3.25.2.jar:/home/user/.m2/repository/org/springframework/spring-jdbc/5.1.3.RELEASE/spring-jdbc-5.1.3.RELEASE.jar:/home/user/.m2/repository/org/springframework/spring-beans/5.1.3.RELEASE/spring-beans-5.1.3.RELEASE.jar:/home/user/.m2/repository/org/springframework/spring-core/5.1.3.RELEASE/spring-core-5.1.3.RELEASE.jar:/home/user/.m2/repository/org/springframework/spring-jcl/5.1.3.RELEASE/spring-jcl-5.1.3.RELEASE.jar:/home/user/.m2/repository/org/springframework/spring-tx/5.1.3.RELEASE/spring-tx-5.1.3.RELEASE.jar:/home/user/.m2/repository/org/apache/hadoop/hadoop-ozone-client/0.4.1-SNAPSHOT/hadoop-ozone-client-0.4.1-SNAPSHOT.jar:/home/user/.m2/repository/commons-lang/commons-lang/2.6/commons-lang-2.6.jar:/home/user/.m2/repository/org/apache/hadoop/hadoop-ozone-ozone-manager/0.4.1-SNAPSHOT/hadoop-ozone-ozone-manager-0.4.1-SNAPSHOT-tests.jar:/home/user/.m2/repository/junit/junit/4.11/junit-4.11.jar:/home/user/.m2/repository/org/hamcrest/hamcrest-core/1.3/hamcrest-core-1.3.jar:/home/user/.m2/repository/org/openjdk/jmh/jmh-core/1.19/jmh-core-1.19.jar:/home/user/.m2/repository/net/sf/jopt-simple/jopt-simple/4.6/jopt-simple-4.6.jar:/home/user/.m2/repository/org/apache/commons/commons-math3/3.1.1/commons-math3-3.1.1.jar:/home/user/.m2/repository/org/openjdk/jmh/jmh-generator-annprocess/1.19/jmh-generator-annprocess-1.19.jar:/home/user/.m2/repository/org/mockito/mockito-all/1.8.5/mockito-all-1.8.5.jar:/home/user/.m2/repository/org/apache/hadoop/hadoop-kms/3.2.0/hadoop-kms-3.2.0.jar:/home/user/.m2/repository/org/apache/hadoop/hadoop-auth/3.2.0/hadoop-auth-3.2.0.jar:/home/user/.m2/repository/com/nimbusds/nimbus-jose-jwt/4.41.1/nimbus-jose-jwt-4.41.1.jar:/home/user/.m2/repository/com/github/stephenc/jcip/jcip-annotations/1.0-1/jcip-annotations-1.0-1.jar:/home/user/.m2/repository/net/minidev/json-smart/2.3/json-smart-2.3.jar:/home/user/.m2/repository/net/minidev/accessors-smart/1.2/accessors-smart-1.2.jar:/home/user/.m2/repository/org/ow2/asm/asm/5.0.4/asm-5.0.4.jar:/home/user/.m2/repository/org/apache/curator/curator-framework/2.12.0/curator-framework-2.12.0.jar:/home/user/.m2/repository/com/sun/jersey/jersey-core/1.19/jersey-core-1.19.jar:/home/user/.m2/repository/javax/ws/rs/jsr311-api/1.1.1/jsr311-api-1.1.1.jar:/home/user/.m2/repository/com/sun/jersey/jersey-server/1.19/jersey-server-1.19.jar:/home/user/.m2/repository/javax/servlet/javax.servlet-api/3.1.0/javax.servlet-api-3.1.0.jar:/home/user/.m2/repository/org/eclipse/jetty/jetty-server/9.3.24.v20180605/jetty-server-9.3.24.v20180605.jar:/home/user/.m2/repository/org/eclipse/jetty/jetty-http/9.3.24.v20180605/jetty-http-9.3.24.v20180605.jar:/home/user/.m2/repository/org/eclipse/jetty/jetty-io/9.3.24.v20180605/jetty-io-9.3.24.v20180605.jar:/home/user/.m2/repository/org/eclipse/jetty/jetty-webapp/9.3.24.v20180605/jetty-webapp-9.3.24.v20180605.jar:/home/user/.m2/repository/org/eclipse/jetty/jetty-xml/9.3.24.v20180605/jetty-xml-9.3.24.v20180605.jar:/home/user/.m2/repository/log4j/log4j/1.2.17/log4j-1.2.17.jar:/home/user/.m2/repository/org/slf4j/slf4j-api/1.7.25/slf4j-api-1.7.25.jar:/home/user/.m2/repository/org/slf4j/jul-to-slf4j/1.7.25/jul-to-slf4j-1.7.25.jar:/home/user/.m2/repository/org/eclipse/jetty/jetty-util/9.3.24.v20180605/jetty-util-9.3.24.v20180605.jar:/home/user/.m2/repository/com/fasterxml/jackson/core/jackson-databind/2.9.5/jackson-databind-2.9.5.jar:/home/user/.m2/repository/org/apache/hadoop/hadoop-kms/3.2.0/hadoop-kms-3.2.0-tests.jar:/home/user/.m2/repository/org/apache/hadoop/hadoop-hdds-server-scm/0.4.1-SNAPSHOT/hadoop-hdds-server-scm-0.4.1-SNAPSHOT-tests.jar:/home/user/.m2/repository/org/apache/hadoop/hadoop-hdds-container-service/0.4.1-SNAPSHOT/hadoop-hdds-container-service-0.4.1-SNAPSHOT-tests.jar:/home/user/.m2/repository/org/yaml/snakeyaml/1.16/snakeyaml-1.16.jar:/home/user/.m2/repository/org/apache/hadoop/hadoop-common/3.2.0/hadoop-common-3.2.0-tests.jar:/home/user/.m2/repository/org/apache/hadoop/hadoop-annotations/3.2.0/hadoop-annotations-3.2.0.jar:/usr/lib/jvm/java-1.8-openjdk/jre/../lib/tools.jar:/home/user/.m2/repository/commons-cli/commons-cli/1.2/commons-cli-1.2.jar:/home/user/.m2/repository/org/apache/httpcomponents/httpclient/4.5.2/httpclient-4.5.2.jar:/home/user/.m2/repository/org/apache/httpcomponents/httpcore/4.4.4/httpcore-4.4.4.jar:/home/user/.m2/repository/commons-codec/commons-codec/1.11/commons-codec-1.11.jar:/home/user/.m2/repository/commons-net/commons-net/3.6/commons-net-3.6.jar:/home/user/.m2/repository/commons-collections/commons-collections/3.2.2/commons-collections-3.2.2.jar:/home/user/.m2/repository/org/eclipse/jetty/jetty-servlet/9.3.24.v20180605/jetty-servlet-9.3.24.v20180605.jar:/home/user/.m2/repository/org/eclipse/jetty/jetty-security/9.3.24.v20180605/jetty-security-9.3.24.v20180605.jar:/home/user/.m2/repository/javax/servlet/jsp/jsp-api/2.1/jsp-api-2.1.jar:/home/user/.m2/repository/com/sun/jersey/jersey-servlet/1.19/jersey-servlet-1.19.jar:/home/user/.m2/repository/com/sun/jersey/jersey-json/1.19/jersey-json-1.19.jar:/home/user/.m2/repository/org/codehaus/jettison/jettison/1.1/jettison-1.1.jar:/home/user/.m2/repository/org/codehaus/jackson/jackson-core-asl/1.9.13/jackson-core-asl-1.9.13.jar:/home/user/.m2/repository/org/codehaus/jackson/jackson-mapper-asl/1.9.13/jackson-mapper-asl-1.9.13.jar:/home/user/.m2/repository/org/codehaus/jackson/jackson-jaxrs/1.9.13/jackson-jaxrs-1.9.13.jar:/home/user/.m2/repository/org/codehaus/jackson/jackson-xc/1.9.13/jackson-xc-1.9.13.jar:/home/user/.m2/repository/commons-logging/commons-logging/1.1.3/commons-logging-1.1.3.jar:/home/user/.m2/repository/commons-beanutils/commons-beanutils/1.9.3/commons-beanutils-1.9.3.jar:/home/user/.m2/repository/org/apache/commons/commons-configuration2/2.1.1/commons-configuration2-2.1.1.jar:/home/user/.m2/repository/org/apache/commons/commons-lang3/3.7/commons-lang3-3.7.jar:/home/user/.m2/repository/org/apache/commons/commons-text/1.4/commons-text-1.4.jar:/home/user/.m2/repository/org/apache/avro/avro/1.7.7/avro-1.7.7.jar:/home/user/.m2/repository/com/thoughtworks/paranamer/paranamer/2.3/paranamer-2.3.jar:/home/user/.m2/repository/org/xerial/snappy/snappy-java/1.0.5/snappy-java-1.0.5.jar:/home/user/.m2/repository/com/google/re2j/re2j/1.1/re2j-1.1.jar:/home/user/.m2/repository/com/google/code/gson/gson/2.2.4/gson-2.2.4.jar:/home/user/.m2/repository/com/jcraft/jsch/0.1.54/jsch-0.1.54.jar:/home/user/.m2/repository/org/apache/curator/curator-client/2.12.0/curator-client-2.12.0.jar:/home/user/.m2/repository/org/apache/curator/curator-recipes/2.12.0/curator-recipes-2.12.0.jar:/home/user/.m2/repository/com/google/code/findbugs/jsr305/3.0.0/jsr305-3.0.0.jar:/home/user/.m2/repository/org/apache/htrace/htrace-core4/4.1.0-incubating/htrace-core4-4.1.0-incubating.jar:/home/user/.m2/repository/org/apache/zookeeper/zookeeper/3.4.13/zookeeper-3.4.13.jar:/home/user/.m2/repository/org/apache/yetus/audience-annotations/0.5.0/audience-annotations-0.5.0.jar:/home/user/.m2/repository/org/codehaus/woodstox/stax2-api/3.1.4/stax2-api-3.1.4.jar:/home/user/.m2/repository/com/fasterxml/woodstox/woodstox-core/5.0.3/woodstox-core-5.0.3.jar:/home/user/.m2/repository/dnsjava/dnsjava/2.1.7/dnsjava-2.1.7.jar:/home/user/.m2/repository/org/apache/hadoop/hadoop-hdfs/3.2.0/hadoop-hdfs-3.2.0-tests.jar:/home/user/.m2/repository/org/eclipse/jetty/jetty-util-ajax/9.3.24.v20180605/jetty-util-ajax-9.3.24.v20180605.jar:/home/user/.m2/repository/commons-daemon/commons-daemon/1.0.13/commons-daemon-1.0.13.jar:/home/user/.m2/repository/io/netty/netty/3.10.5.Final/netty-3.10.5.Final.jar:/home/user/.m2/repository/io/netty/netty-all/4.0.52.Final/netty-all-4.0.52.Final.jar:/home/user/.m2/repository/org/fusesource/leveldbjni/leveldbjni-all/1.8/leveldbjni-all-1.8.jar:"/>
    <property name="java.vm.vendor" value="IcedTea"/>
    <property name="sun.arch.data.model" value="64"/>
    <property name="test.build.dir" value="/workdir/hadoop-ozone/integration-test/target/test-dir"/>
    <property name="test.cache.data" value=""/>
    <property name="java.vendor.url" value="https://icedtea.classpath.org"/>
    <property name="user.timezone" value=""/>
    <property name="java.vm.specification.version" value="1.8"/>
    <property name="os.name" value="Linux"/>
    <property name="test.build.data" value="/workdir/hadoop-ozone/integration-test/target/test-dir"/>
    <property name="user.country" value="US"/>
    <property name="sun.java.launcher" value="SUN_STANDARD"/>
    <property name="sun.boot.library.path" value="/usr/lib/jvm/java-1.8-openjdk/jre/lib/amd64"/>
    <property name="sun.java.command" value="/workdir/hadoop-ozone/integration-test/target/surefire/surefirebooter1322560758306368807.jar /workdir/hadoop-ozone/integration-test/target/surefire 2019-07-30T19-42-33_317-jvmRun1 surefire708839514601425823tmp surefire_671086763087364354315tmp"/>
    <property name="surefire.test.class.path" value="/workdir/hadoop-ozone/integration-test/target/test-classes:/workdir/hadoop-ozone/integration-test/target/classes:/home/user/.m2/repository/org/apache/hadoop/hadoop-ozone-common/0.4.1-SNAPSHOT/hadoop-ozone-common-0.4.1-SNAPSHOT.jar:/home/user/.m2/repository/org/apache/commons/commons-compress/1.4.1/commons-compress-1.4.1.jar:/home/user/.m2/repository/org/tukaani/xz/1.0/xz-1.0.jar:/home/user/.m2/repository/org/apache/hadoop/hadoop-common/3.2.0/hadoop-common-3.2.0.jar:/home/user/.m2/repository/org/apache/hadoop/hadoop-hdfs/3.2.0/hadoop-hdfs-3.2.0.jar:/home/user/.m2/repository/org/apache/hadoop/hadoop-hdfs-client/3.2.0/hadoop-hdfs-client-3.2.0.jar:/home/user/.m2/repository/com/fasterxml/jackson/core/jackson-annotations/2.9.5/jackson-annotations-2.9.5.jar:/home/user/.m2/repository/org/apache/hadoop/hadoop-hdds-common/0.4.1-SNAPSHOT/hadoop-hdds-common-0.4.1-SNAPSHOT.jar:/home/user/.m2/repository/javax/annotation/javax.annotation-api/1.2/javax.annotation-api-1.2.jar:/home/user/.m2/repository/org/apache/ratis/ratis-server/0.4.0-2337318-SNAPSHOT/ratis-server-0.4.0-2337318-SNAPSHOT.jar:/home/user/.m2/repository/org/apache/ratis/ratis-thirdparty-misc/0.2.0/ratis-thirdparty-misc-0.2.0.jar:/home/user/.m2/repository/org/apache/ratis/ratis-proto/0.4.0-2337318-SNAPSHOT/ratis-proto-0.4.0-2337318-SNAPSHOT.jar:/home/user/.m2/repository/org/apache/ratis/ratis-common/0.4.0-2337318-SNAPSHOT/ratis-common-0.4.0-2337318-SNAPSHOT.jar:/home/user/.m2/repository/org/apache/ratis/ratis-client/0.4.0-2337318-SNAPSHOT/ratis-client-0.4.0-2337318-SNAPSHOT.jar:/home/user/.m2/repository/org/apache/ratis/ratis-metrics/0.4.0-2337318-SNAPSHOT/ratis-metrics-0.4.0-2337318-SNAPSHOT.jar:/home/user/.m2/repository/org/apache/ratis/ratis-netty/0.4.0-2337318-SNAPSHOT/ratis-netty-0.4.0-2337318-SNAPSHOT.jar:/home/user/.m2/repository/org/apache/ratis/ratis-grpc/0.4.0-2337318-SNAPSHOT/ratis-grpc-0.4.0-2337318-SNAPSHOT.jar:/home/user/.m2/repository/org/rocksdb/rocksdbjni/6.0.1/rocksdbjni-6.0.1.jar:/home/user/.m2/repository/org/apache/logging/log4j/log4j-api/2.11.0/log4j-api-2.11.0.jar:/home/user/.m2/repository/org/apache/logging/log4j/log4j-core/2.11.0/log4j-core-2.11.0.jar:/home/user/.m2/repository/com/lmax/disruptor/3.4.2/disruptor-3.4.2.jar:/home/user/.m2/repository/org/apache/commons/commons-pool2/2.6.0/commons-pool2-2.6.0.jar:/home/user/.m2/repository/org/bouncycastle/bcpkix-jdk15on/1.60/bcpkix-jdk15on-1.60.jar:/home/user/.m2/repository/commons-validator/commons-validator/1.6/commons-validator-1.6.jar:/home/user/.m2/repository/commons-digester/commons-digester/1.8.1/commons-digester-1.8.1.jar:/home/user/.m2/repository/io/jaegertracing/jaeger-client/0.33.1/jaeger-client-0.33.1.jar:/home/user/.m2/repository/io/jaegertracing/jaeger-thrift/0.33.1/jaeger-thrift-0.33.1.jar:/home/user/.m2/repository/org/apache/thrift/libthrift/0.11.0/libthrift-0.11.0.jar:/home/user/.m2/repository/com/squareup/okhttp3/okhttp/3.9.0/okhttp-3.9.0.jar:/home/user/.m2/repository/com/squareup/okio/okio/1.13.0/okio-1.13.0.jar:/home/user/.m2/repository/io/jaegertracing/jaeger-core/0.33.1/jaeger-core-0.33.1.jar:/home/user/.m2/repository/io/jaegertracing/jaeger-tracerresolver/0.33.1/jaeger-tracerresolver-0.33.1.jar:/home/user/.m2/repository/io/opentracing/contrib/opentracing-tracerresolver/0.1.5/opentracing-tracerresolver-0.1.5.jar:/home/user/.m2/repository/io/opentracing/opentracing-util/0.31.0/opentracing-util-0.31.0.jar:/home/user/.m2/repository/io/opentracing/opentracing-api/0.31.0/opentracing-api-0.31.0.jar:/home/user/.m2/repository/io/opentracing/opentracing-noop/0.31.0/opentracing-noop-0.31.0.jar:/home/user/.m2/repository/org/apache/hadoop/hadoop-hdds-server-framework/0.4.1-SNAPSHOT/hadoop-hdds-server-framework-0.4.1-SNAPSHOT.jar:/home/user/.m2/repository/org/apache/hadoop/hadoop-hdds-container-service/0.4.1-SNAPSHOT/hadoop-hdds-container-service-0.4.1-SNAPSHOT.jar:/home/user/.m2/repository/org/apache/hadoop/hadoop-hdds-client/0.4.1-SNAPSHOT/hadoop-hdds-client-0.4.1-SNAPSHOT.jar:/home/user/.m2/repository/org/apache/hadoop/hadoop-hdds-tools/0.4.1-SNAPSHOT/hadoop-hdds-tools-0.4.1-SNAPSHOT.jar:/home/user/.m2/repository/org/apache/hadoop/hadoop-hdds-server-scm/0.4.1-SNAPSHOT/hadoop-hdds-server-scm-0.4.1-SNAPSHOT.jar:/home/user/.m2/repository/org/apache/hadoop/hadoop-hdds-docs/0.4.1-SNAPSHOT/hadoop-hdds-docs-0.4.1-SNAPSHOT.jar:/home/user/.m2/repository/io/dropwizard/metrics/metrics-core/3.2.4/metrics-core-3.2.4.jar:/home/user/.m2/repository/org/hamcrest/hamcrest-all/1.3/hamcrest-all-1.3.jar:/home/user/.m2/repository/org/bouncycastle/bcprov-jdk15on/1.60/bcprov-jdk15on-1.60.jar:/home/user/.m2/repository/info/picocli/picocli/3.9.6/picocli-3.9.6.jar:/home/user/.m2/repository/com/google/protobuf/protobuf-java/2.5.0/protobuf-java-2.5.0.jar:/home/user/.m2/repository/com/google/guava/guava/11.0.2/guava-11.0.2.jar:/home/user/.m2/repository/org/apache/hadoop/hadoop-ozone-ozone-manager/0.4.1-SNAPSHOT/hadoop-ozone-ozone-manager-0.4.1-SNAPSHOT.jar:/home/user/.m2/repository/org/apache/hadoop/hadoop-minikdc/3.2.0/hadoop-minikdc-3.2.0.jar:/home/user/.m2/repository/commons-io/commons-io/2.5/commons-io-2.5.jar:/home/user/.m2/repository/org/apache/kerby/kerb-simplekdc/1.0.1/kerb-simplekdc-1.0.1.jar:/home/user/.m2/repository/org/apache/kerby/kerb-client/1.0.1/kerb-client-1.0.1.jar:/home/user/.m2/repository/org/apache/kerby/kerby-config/1.0.1/kerby-config-1.0.1.jar:/home/user/.m2/repository/org/apache/kerby/kerb-core/1.0.1/kerb-core-1.0.1.jar:/home/user/.m2/repository/org/apache/kerby/kerby-pkix/1.0.1/kerby-pkix-1.0.1.jar:/home/user/.m2/repository/org/apache/kerby/kerby-asn1/1.0.1/kerby-asn1-1.0.1.jar:/home/user/.m2/repository/org/apache/kerby/kerby-util/1.0.1/kerby-util-1.0.1.jar:/home/user/.m2/repository/org/apache/kerby/kerb-common/1.0.1/kerb-common-1.0.1.jar:/home/user/.m2/repository/org/apache/kerby/kerb-crypto/1.0.1/kerb-crypto-1.0.1.jar:/home/user/.m2/repository/org/apache/kerby/kerb-util/1.0.1/kerb-util-1.0.1.jar:/home/user/.m2/repository/org/apache/kerby/token-provider/1.0.1/token-provider-1.0.1.jar:/home/user/.m2/repository/org/apache/kerby/kerb-admin/1.0.1/kerb-admin-1.0.1.jar:/home/user/.m2/repository/org/apache/kerby/kerb-server/1.0.1/kerb-server-1.0.1.jar:/home/user/.m2/repository/org/apache/kerby/kerb-identity/1.0.1/kerb-identity-1.0.1.jar:/home/user/.m2/repository/org/apache/kerby/kerby-xdr/1.0.1/kerby-xdr-1.0.1.jar:/home/user/.m2/repository/org/slf4j/slf4j-log4j12/1.7.25/slf4j-log4j12-1.7.25.jar:/home/user/.m2/repository/org/apache/hadoop/hadoop-ozone-objectstore-service/0.4.1-SNAPSHOT/hadoop-ozone-objectstore-service-0.4.1-SNAPSHOT.jar:/home/user/.m2/repository/org/apache/hadoop/hadoop-ozone-s3gateway/0.4.1-SNAPSHOT/hadoop-ozone-s3gateway-0.4.1-SNAPSHOT.jar:/home/user/.m2/repository/org/jboss/weld/servlet/weld-servlet/2.4.7.Final/weld-servlet-2.4.7.Final.jar:/home/user/.m2/repository/org/glassfish/jersey/containers/jersey-container-servlet-core/2.27/jersey-container-servlet-core-2.27.jar:/home/user/.m2/repository/org/glassfish/hk2/external/javax.inject/2.5.0-b42/javax.inject-2.5.0-b42.jar:/home/user/.m2/repository/org/glassfish/jersey/core/jersey-common/2.27/jersey-common-2.27.jar:/home/user/.m2/repository/org/glassfish/hk2/osgi-resource-locator/1.0.1/osgi-resource-locator-1.0.1.jar:/home/user/.m2/repository/javax/ws/rs/javax.ws.rs-api/2.1/javax.ws.rs-api-2.1.jar:/home/user/.m2/repository/org/glassfish/jersey/ext/cdi/jersey-cdi1x/2.27/jersey-cdi1x-2.27.jar:/home/user/.m2/repository/org/glassfish/jersey/inject/jersey-hk2/2.27/jersey-hk2-2.27.jar:/home/user/.m2/repository/org/glassfish/hk2/hk2-locator/2.5.0-b42/hk2-locator-2.5.0-b42.jar:/home/user/.m2/repository/org/javassist/javassist/3.22.0-CR2/javassist-3.22.0-CR2.jar:/home/user/.m2/repository/org/glassfish/hk2/hk2-api/2.5.0/hk2-api-2.5.0.jar:/home/user/.m2/repository/org/glassfish/hk2/external/jakarta.inject/2.5.0/jakarta.inject-2.5.0.jar:/home/user/.m2/repository/org/glassfish/hk2/hk2-utils/2.5.0/hk2-utils-2.5.0.jar:/home/user/.m2/repository/jakarta/annotation/jakarta.annotation-api/1.3.4/jakarta.annotation-api-1.3.4.jar:/home/user/.m2/repository/org/glassfish/hk2/external/aopalliance-repackaged/2.5.0/aopalliance-repackaged-2.5.0.jar:/home/user/.m2/repository/com/fasterxml/jackson/dataformat/jackson-dataformat-xml/2.9.0/jackson-dataformat-xml-2.9.0.jar:/home/user/.m2/repository/com/fasterxml/jackson/core/jackson-core/2.9.5/jackson-core-2.9.5.jar:/home/user/.m2/repository/com/fasterxml/jackson/module/jackson-module-jaxb-annotations/2.9.5/jackson-module-jaxb-annotations-2.9.5.jar:/home/user/.m2/repository/javax/enterprise/cdi-api/1.2/cdi-api-1.2.jar:/home/user/.m2/repository/javax/el/javax.el-api/3.0.0/javax.el-api-3.0.0.jar:/home/user/.m2/repository/javax/interceptor/javax.interceptor-api/1.2/javax.interceptor-api-1.2.jar:/home/user/.m2/repository/javax/inject/javax.inject/1/javax.inject-1.jar:/home/user/.m2/repository/com/sun/xml/bind/jaxb-impl/2.3.0.1/jaxb-impl-2.3.0.1.jar:/home/user/.m2/repository/com/sun/xml/bind/jaxb-core/2.3.0.1/jaxb-core-2.3.0.1.jar:/home/user/.m2/repository/javax/xml/bind/jaxb-api/2.3.0/jaxb-api-2.3.0.jar:/home/user/.m2/repository/javax/activation/activation/1.1.1/activation-1.1.1.jar:/home/user/.m2/repository/org/apache/hadoop/hadoop-ozone-csi/0.4.1-SNAPSHOT/hadoop-ozone-csi-0.4.1-SNAPSHOT.jar:/home/user/.m2/repository/com/google/protobuf/protobuf-java-util/3.5.1/protobuf-java-util-3.5.1.jar:/home/user/.m2/repository/org/apache/hadoop/hadoop-hdds-config/0.4.1-SNAPSHOT/hadoop-hdds-config-0.4.1-SNAPSHOT.jar:/home/user/.m2/repository/io/grpc/grpc-netty/1.17.1/grpc-netty-1.17.1.jar:/home/user/.m2/repository/io/grpc/grpc-core/1.17.1/grpc-core-1.17.1.jar:/home/user/.m2/repository/io/grpc/grpc-context/1.17.1/grpc-context-1.17.1.jar:/home/user/.m2/repository/com/google/errorprone/error_prone_annotations/2.2.0/error_prone_annotations-2.2.0.jar:/home/user/.m2/repository/org/codehaus/mojo/animal-sniffer-annotations/1.17/animal-sniffer-annotations-1.17.jar:/home/user/.m2/repository/io/opencensus/opencensus-api/0.17.0/opencensus-api-0.17.0.jar:/home/user/.m2/repository/io/opencensus/opencensus-contrib-grpc-metrics/0.17.0/opencensus-contrib-grpc-metrics-0.17.0.jar:/home/user/.m2/repository/io/netty/netty-codec-http2/4.1.30.Final/netty-codec-http2-4.1.30.Final.jar:/home/user/.m2/repository/io/netty/netty-codec-http/4.1.30.Final/netty-codec-http-4.1.30.Final.jar:/home/user/.m2/repository/io/netty/netty-codec/4.1.30.Final/netty-codec-4.1.30.Final.jar:/home/user/.m2/repository/io/netty/netty-handler/4.1.30.Final/netty-handler-4.1.30.Final.jar:/home/user/.m2/repository/io/netty/netty-handler-proxy/4.1.30.Final/netty-handler-proxy-4.1.30.Final.jar:/home/user/.m2/repository/io/netty/netty-codec-socks/4.1.30.Final/netty-codec-socks-4.1.30.Final.jar:/home/user/.m2/repository/io/netty/netty-transport-native-epoll/4.1.30.Final/netty-transport-native-epoll-4.1.30.Final.jar:/home/user/.m2/repository/io/netty/netty-common/4.1.30.Final/netty-common-4.1.30.Final.jar:/home/user/.m2/repository/io/netty/netty-buffer/4.1.30.Final/netty-buffer-4.1.30.Final.jar:/home/user/.m2/repository/io/netty/netty-transport/4.1.30.Final/netty-transport-4.1.30.Final.jar:/home/user/.m2/repository/io/netty/netty-resolver/4.1.30.Final/netty-resolver-4.1.30.Final.jar:/home/user/.m2/repository/io/netty/netty-transport-native-unix-common/4.1.30.Final/netty-transport-native-unix-common-4.1.30.Final.jar:/home/user/.m2/repository/io/grpc/grpc-protobuf/1.17.1/grpc-protobuf-1.17.1.jar:/home/user/.m2/repository/com/google/api/grpc/proto-google-common-protos/1.0.0/proto-google-common-protos-1.0.0.jar:/home/user/.m2/repository/io/grpc/grpc-protobuf-lite/1.17.1/grpc-protobuf-lite-1.17.1.jar:/home/user/.m2/repository/io/grpc/grpc-stub/1.17.1/grpc-stub-1.17.1.jar:/home/user/.m2/repository/org/apache/hadoop/hadoop-ozone-recon/0.4.1-SNAPSHOT/hadoop-ozone-recon-0.4.1-SNAPSHOT.jar:/home/user/.m2/repository/org/apache/hadoop/hadoop-ozone-reconcodegen/0.4.1-SNAPSHOT/hadoop-ozone-reconcodegen-0.4.1-SNAPSHOT.jar:/home/user/.m2/repository/com/google/inject/extensions/guice-multibindings/4.0/guice-multibindings-4.0.jar:/home/user/.m2/repository/com/google/inject/guice/4.0/guice-4.0.jar:/home/user/.m2/repository/aopalliance/aopalliance/1.0/aopalliance-1.0.jar:/home/user/.m2/repository/com/google/inject/extensions/guice-servlet/4.0/guice-servlet-4.0.jar:/home/user/.m2/repository/org/glassfish/jersey/containers/jersey-container-servlet/2.27/jersey-container-servlet-2.27.jar:/home/user/.m2/repository/org/glassfish/hk2/guice-bridge/2.5.0/guice-bridge-2.5.0.jar:/home/user/.m2/repository/org/glassfish/jersey/core/jersey-server/2.27/jersey-server-2.27.jar:/home/user/.m2/repository/org/glassfish/jersey/core/jersey-client/2.27/jersey-client-2.27.jar:/home/user/.m2/repository/org/glassfish/jersey/media/jersey-media-jaxb/2.27/jersey-media-jaxb-2.27.jar:/home/user/.m2/repository/javax/validation/validation-api/1.1.0.Final/validation-api-1.1.0.Final.jar:/home/user/.m2/repository/org/glassfish/jersey/media/jersey-media-json-jackson/2.27/jersey-media-json-jackson-2.27.jar:/home/user/.m2/repository/org/glassfish/jersey/ext/jersey-entity-filtering/2.27/jersey-entity-filtering-2.27.jar:/home/user/.m2/repository/com/google/inject/extensions/guice-assistedinject/4.0/guice-assistedinject-4.0.jar:/home/user/.m2/repository/org/jooq/jooq/3.11.10/jooq-3.11.10.jar:/home/user/.m2/repository/org/jooq/jooq-meta/3.11.10/jooq-meta-3.11.10.jar:/home/user/.m2/repository/org/jooq/jooq-codegen/3.11.10/jooq-codegen-3.11.10.jar:/home/user/.m2/repository/com/jolbox/bonecp/0.8.0.RELEASE/bonecp-0.8.0.RELEASE.jar:/home/user/.m2/repository/org/xerial/sqlite-jdbc/3.25.2/sqlite-jdbc-3.25.2.jar:/home/user/.m2/repository/org/springframework/spring-jdbc/5.1.3.RELEASE/spring-jdbc-5.1.3.RELEASE.jar:/home/user/.m2/repository/org/springframework/spring-beans/5.1.3.RELEASE/spring-beans-5.1.3.RELEASE.jar:/home/user/.m2/repository/org/springframework/spring-core/5.1.3.RELEASE/spring-core-5.1.3.RELEASE.jar:/home/user/.m2/repository/org/springframework/spring-jcl/5.1.3.RELEASE/spring-jcl-5.1.3.RELEASE.jar:/home/user/.m2/repository/org/springframework/spring-tx/5.1.3.RELEASE/spring-tx-5.1.3.RELEASE.jar:/home/user/.m2/repository/org/apache/hadoop/hadoop-ozone-client/0.4.1-SNAPSHOT/hadoop-ozone-client-0.4.1-SNAPSHOT.jar:/home/user/.m2/repository/commons-lang/commons-lang/2.6/commons-lang-2.6.jar:/home/user/.m2/repository/org/apache/hadoop/hadoop-ozone-ozone-manager/0.4.1-SNAPSHOT/hadoop-ozone-ozone-manager-0.4.1-SNAPSHOT-tests.jar:/home/user/.m2/repository/junit/junit/4.11/junit-4.11.jar:/home/user/.m2/repository/org/hamcrest/hamcrest-core/1.3/hamcrest-core-1.3.jar:/home/user/.m2/repository/org/openjdk/jmh/jmh-core/1.19/jmh-core-1.19.jar:/home/user/.m2/repository/net/sf/jopt-simple/jopt-simple/4.6/jopt-simple-4.6.jar:/home/user/.m2/repository/org/apache/commons/commons-math3/3.1.1/commons-math3-3.1.1.jar:/home/user/.m2/repository/org/openjdk/jmh/jmh-generator-annprocess/1.19/jmh-generator-annprocess-1.19.jar:/home/user/.m2/repository/org/mockito/mockito-all/1.8.5/mockito-all-1.8.5.jar:/home/user/.m2/repository/org/apache/hadoop/hadoop-kms/3.2.0/hadoop-kms-3.2.0.jar:/home/user/.m2/repository/org/apache/hadoop/hadoop-auth/3.2.0/hadoop-auth-3.2.0.jar:/home/user/.m2/repository/com/nimbusds/nimbus-jose-jwt/4.41.1/nimbus-jose-jwt-4.41.1.jar:/home/user/.m2/repository/com/github/stephenc/jcip/jcip-annotations/1.0-1/jcip-annotations-1.0-1.jar:/home/user/.m2/repository/net/minidev/json-smart/2.3/json-smart-2.3.jar:/home/user/.m2/repository/net/minidev/accessors-smart/1.2/accessors-smart-1.2.jar:/home/user/.m2/repository/org/ow2/asm/asm/5.0.4/asm-5.0.4.jar:/home/user/.m2/repository/org/apache/curator/curator-framework/2.12.0/curator-framework-2.12.0.jar:/home/user/.m2/repository/com/sun/jersey/jersey-core/1.19/jersey-core-1.19.jar:/home/user/.m2/repository/javax/ws/rs/jsr311-api/1.1.1/jsr311-api-1.1.1.jar:/home/user/.m2/repository/com/sun/jersey/jersey-server/1.19/jersey-server-1.19.jar:/home/user/.m2/repository/javax/servlet/javax.servlet-api/3.1.0/javax.servlet-api-3.1.0.jar:/home/user/.m2/repository/org/eclipse/jetty/jetty-server/9.3.24.v20180605/jetty-server-9.3.24.v20180605.jar:/home/user/.m2/repository/org/eclipse/jetty/jetty-http/9.3.24.v20180605/jetty-http-9.3.24.v20180605.jar:/home/user/.m2/repository/org/eclipse/jetty/jetty-io/9.3.24.v20180605/jetty-io-9.3.24.v20180605.jar:/home/user/.m2/repository/org/eclipse/jetty/jetty-webapp/9.3.24.v20180605/jetty-webapp-9.3.24.v20180605.jar:/home/user/.m2/repository/org/eclipse/jetty/jetty-xml/9.3.24.v20180605/jetty-xml-9.3.24.v20180605.jar:/home/user/.m2/repository/log4j/log4j/1.2.17/log4j-1.2.17.jar:/home/user/.m2/repository/org/slf4j/slf4j-api/1.7.25/slf4j-api-1.7.25.jar:/home/user/.m2/repository/org/slf4j/jul-to-slf4j/1.7.25/jul-to-slf4j-1.7.25.jar:/home/user/.m2/repository/org/eclipse/jetty/jetty-util/9.3.24.v20180605/jetty-util-9.3.24.v20180605.jar:/home/user/.m2/repository/com/fasterxml/jackson/core/jackson-databind/2.9.5/jackson-databind-2.9.5.jar:/home/user/.m2/repository/org/apache/hadoop/hadoop-kms/3.2.0/hadoop-kms-3.2.0-tests.jar:/home/user/.m2/repository/org/apache/hadoop/hadoop-hdds-server-scm/0.4.1-SNAPSHOT/hadoop-hdds-server-scm-0.4.1-SNAPSHOT-tests.jar:/home/user/.m2/repository/org/apache/hadoop/hadoop-hdds-container-service/0.4.1-SNAPSHOT/hadoop-hdds-container-service-0.4.1-SNAPSHOT-tests.jar:/home/user/.m2/repository/org/yaml/snakeyaml/1.16/snakeyaml-1.16.jar:/home/user/.m2/repository/org/apache/hadoop/hadoop-common/3.2.0/hadoop-common-3.2.0-tests.jar:/home/user/.m2/repository/org/apache/hadoop/hadoop-annotations/3.2.0/hadoop-annotations-3.2.0.jar:/usr/lib/jvm/java-1.8-openjdk/jre/../lib/tools.jar:/home/user/.m2/repository/commons-cli/commons-cli/1.2/commons-cli-1.2.jar:/home/user/.m2/repository/org/apache/httpcomponents/httpclient/4.5.2/httpclient-4.5.2.jar:/home/user/.m2/repository/org/apache/httpcomponents/httpcore/4.4.4/httpcore-4.4.4.jar:/home/user/.m2/repository/commons-codec/commons-codec/1.11/commons-codec-1.11.jar:/home/user/.m2/repository/commons-net/commons-net/3.6/commons-net-3.6.jar:/home/user/.m2/repository/commons-collections/commons-collections/3.2.2/commons-collections-3.2.2.jar:/home/user/.m2/repository/org/eclipse/jetty/jetty-servlet/9.3.24.v20180605/jetty-servlet-9.3.24.v20180605.jar:/home/user/.m2/repository/org/eclipse/jetty/jetty-security/9.3.24.v20180605/jetty-security-9.3.24.v20180605.jar:/home/user/.m2/repository/javax/servlet/jsp/jsp-api/2.1/jsp-api-2.1.jar:/home/user/.m2/repository/com/sun/jersey/jersey-servlet/1.19/jersey-servlet-1.19.jar:/home/user/.m2/repository/com/sun/jersey/jersey-json/1.19/jersey-json-1.19.jar:/home/user/.m2/repository/org/codehaus/jettison/jettison/1.1/jettison-1.1.jar:/home/user/.m2/repository/org/codehaus/jackson/jackson-core-asl/1.9.13/jackson-core-asl-1.9.13.jar:/home/user/.m2/repository/org/codehaus/jackson/jackson-mapper-asl/1.9.13/jackson-mapper-asl-1.9.13.jar:/home/user/.m2/repository/org/codehaus/jackson/jackson-jaxrs/1.9.13/jackson-jaxrs-1.9.13.jar:/home/user/.m2/repository/org/codehaus/jackson/jackson-xc/1.9.13/jackson-xc-1.9.13.jar:/home/user/.m2/repository/commons-logging/commons-logging/1.1.3/commons-logging-1.1.3.jar:/home/user/.m2/repository/commons-beanutils/commons-beanutils/1.9.3/commons-beanutils-1.9.3.jar:/home/user/.m2/repository/org/apache/commons/commons-configuration2/2.1.1/commons-configuration2-2.1.1.jar:/home/user/.m2/repository/org/apache/commons/commons-lang3/3.7/commons-lang3-3.7.jar:/home/user/.m2/repository/org/apache/commons/commons-text/1.4/commons-text-1.4.jar:/home/user/.m2/repository/org/apache/avro/avro/1.7.7/avro-1.7.7.jar:/home/user/.m2/repository/com/thoughtworks/paranamer/paranamer/2.3/paranamer-2.3.jar:/home/user/.m2/repository/org/xerial/snappy/snappy-java/1.0.5/snappy-java-1.0.5.jar:/home/user/.m2/repository/com/google/re2j/re2j/1.1/re2j-1.1.jar:/home/user/.m2/repository/com/google/code/gson/gson/2.2.4/gson-2.2.4.jar:/home/user/.m2/repository/com/jcraft/jsch/0.1.54/jsch-0.1.54.jar:/home/user/.m2/repository/org/apache/curator/curator-client/2.12.0/curator-client-2.12.0.jar:/home/user/.m2/repository/org/apache/curator/curator-recipes/2.12.0/curator-recipes-2.12.0.jar:/home/user/.m2/repository/com/google/code/findbugs/jsr305/3.0.0/jsr305-3.0.0.jar:/home/user/.m2/repository/org/apache/htrace/htrace-core4/4.1.0-incubating/htrace-core4-4.1.0-incubating.jar:/home/user/.m2/repository/org/apache/zookeeper/zookeeper/3.4.13/zookeeper-3.4.13.jar:/home/user/.m2/repository/org/apache/yetus/audience-annotations/0.5.0/audience-annotations-0.5.0.jar:/home/user/.m2/repository/org/codehaus/woodstox/stax2-api/3.1.4/stax2-api-3.1.4.jar:/home/user/.m2/repository/com/fasterxml/woodstox/woodstox-core/5.0.3/woodstox-core-5.0.3.jar:/home/user/.m2/repository/dnsjava/dnsjava/2.1.7/dnsjava-2.1.7.jar:/home/user/.m2/repository/org/apache/hadoop/hadoop-hdfs/3.2.0/hadoop-hdfs-3.2.0-tests.jar:/home/user/.m2/repository/org/eclipse/jetty/jetty-util-ajax/9.3.24.v20180605/jetty-util-ajax-9.3.24.v20180605.jar:/home/user/.m2/repository/commons-daemon/commons-daemon/1.0.13/commons-daemon-1.0.13.jar:/home/user/.m2/repository/io/netty/netty/3.10.5.Final/netty-3.10.5.Final.jar:/home/user/.m2/repository/io/netty/netty-all/4.0.52.Final/netty-all-4.0.52.Final.jar:/home/user/.m2/repository/org/fusesource/leveldbjni/leveldbjni-all/1.8/leveldbjni-all-1.8.jar:"/>
    <property name="sun.cpu.endian" value="little"/>
    <property name="user.home" value="/home/user"/>
    <property name="user.language" value="en"/>
    <property name="java.specification.vendor" value="Oracle Corporation"/>
    <property name="java.home" value="/usr/lib/jvm/java-1.8-openjdk/jre"/>
    <property name="java.security.krb5.conf" value="/workdir/hadoop-ozone/integration-test/target/test-classes/krb5.conf"/>
    <property name="basedir" value="/workdir/hadoop-ozone/integration-test"/>
    <property name="file.separator" value="/"/>
    <property name="line.separator" value="&#10;"/>
    <property name="java.vm.specification.vendor" value="Oracle Corporation"/>
    <property name="java.specification.name" value="Java Platform API Specification"/>
    <property name="java.awt.graphicsenv" value="sun.awt.X11GraphicsEnvironment"/>
    <property name="surefire.real.class.path" value="/workdir/hadoop-ozone/integration-test/target/surefire/surefirebooter1322560758306368807.jar"/>
    <property name="hadoop.log.dir" value="/workdir/hadoop-ozone/integration-test/target/log"/>
    <property name="sun.boot.class.path" value="/usr/lib/jvm/java-1.8-openjdk/jre/lib/resources.jar:/usr/lib/jvm/java-1.8-openjdk/jre/lib/rt.jar:/usr/lib/jvm/java-1.8-openjdk/jre/lib/sunrsasign.jar:/usr/lib/jvm/java-1.8-openjdk/jre/lib/jsse.jar:/usr/lib/jvm/java-1.8-openjdk/jre/lib/jce.jar:/usr/lib/jvm/java-1.8-openjdk/jre/lib/charsets.jar:/usr/lib/jvm/java-1.8-openjdk/jre/lib/jfr.jar:/usr/lib/jvm/java-1.8-openjdk/jre/classes"/>
    <property name="sun.management.compiler" value="HotSpot 64-Bit Tiered Compilers"/>
    <property name="java.runtime.version" value="1.8.0_212-b04"/>
    <property name="java.net.preferIPv4Stack" value="true"/>
    <property name="user.name" value="jenkins1000"/>
    <property name="path.separator" value=":"/>
    <property name="java.security.egd" value="file:///dev/urandom"/>
    <property name="os.version" value="3.10.0-957.12.2.el7.x86_64"/>
    <property name="java.endorsed.dirs" value="/usr/lib/jvm/java-1.8-openjdk/jre/lib/endorsed"/>
    <property name="java.runtime.name" value="OpenJDK Runtime Environment"/>
    <property name="file.encoding" value="UTF-8"/>
    <property name="java.vm.name" value="OpenJDK 64-Bit Server VM"/>
    <property name="test.build.webapps" value=""/>
    <property name="localRepository" value="/home/user/.m2/repository"/>
    <property name="java.vendor.url.bug" value="https://icedtea.classpath.org/bugzilla"/>
    <property name="java.io.tmpdir" value="/tmp"/>
    <property name="require.test.libhadoop" value=""/>
    <property name="java.version" value="1.8.0_212"/>
    <property name="user.dir" value="/workdir/hadoop-ozone/integration-test"/>
    <property name="os.arch" value="amd64"/>
    <property name="java.vm.specification.name" value="Java Virtual Machine Specification"/>
    <property name="test.build.classes" value="/workdir/hadoop-ozone/integration-test/target/test-classes"/>
    <property name="java.awt.printerjob" value="sun.print.PSPrinterJob"/>
    <property name="sun.os.patch.level" value="unknown"/>
    <property name="hadoop.tmp.dir" value="/workdir/hadoop-ozone/integration-test/target/tmp"/>
    <property name="java.library.path" value="/usr/lib/jvm/java-1.8-openjdk/jre/lib/amd64/server:/usr/lib/jvm/java-1.8-openjdk/jre/lib/amd64:/usr/lib/jvm/java-1.8-openjdk/jre/../lib/amd64:/workdir/hadoop-ozone/integration-test/target/native/target/usr/local/lib:/workdir/hadoop-ozone/integration-test/../../hadoop-common-project/hadoop-common/target/native/target/usr/local/lib:/usr/java/packages/lib/amd64:/usr/lib64:/lib64:/lib:/usr/lib"/>
    <property name="java.vm.info" value="mixed mode"/>
    <property name="java.vendor" value="IcedTea"/>
    <property name="java.vm.version" value="25.212-b04"/>
    <property name="java.ext.dirs" value="/usr/lib/jvm/java-1.8-openjdk/jre/lib/ext:/usr/java/packages/lib/ext"/>
    <property name="sun.io.unicode.encoding" value="UnicodeLittle"/>
    <property name="java.class.version" value="52.0"/>
  </properties>
  <testcase name="testPipelineExclusionWithPipelineFailure" classname="org.apache.hadoop.ozone.client.rpc.TestFailureHandlingByClient" time="53.88"/>
  <testcase name="testContainerExclusionWithClosedContainerException" classname="org.apache.hadoop.ozone.client.rpc.TestFailureHandlingByClient" time="25.781"/>
  <testcase name="testWriteSmallFile" classname="org.apache.hadoop.ozone.client.rpc.TestFailureHandlingByClient" time="37.507"/>
  <testcase name="testMultiBlockWritesWithIntermittentDnFailures" classname="org.apache.hadoop.ozone.client.rpc.TestFailureHandlingByClient" time="9.078">
    <error message="Unexpected Storage Container Exception: org.apache.hadoop.hdds.scm.container.common.helpers.StorageContainerException: ContainerID 2 does not exist" type="java.io.IOException">java.io.IOException: Unexpected Storage Container Exception: org.apache.hadoop.hdds.scm.container.common.helpers.StorageContainerException: ContainerID 2 does not exist
	at org.apache.hadoop.hdds.scm.storage.BlockOutputStream.setIoException(BlockOutputStream.java:541)
	at org.apache.hadoop.hdds.scm.storage.BlockOutputStream.validateResponse(BlockOutputStream.java:532)
	at org.apache.hadoop.hdds.scm.storage.BlockOutputStream.lambda$writeChunkToContainer$2(BlockOutputStream.java:606)
	at java.util.concurrent.CompletableFuture.uniApply(CompletableFuture.java:602)
	at java.util.concurrent.CompletableFuture$UniApply.tryFire(CompletableFuture.java:577)
	at java.util.concurrent.CompletableFuture$Completion.run(CompletableFuture.java:442)
	at java.util.concurrent.ThreadPoolExecutor.runWorker(ThreadPoolExecutor.java:1149)
	at java.util.concurrent.ThreadPoolExecutor$Worker.run(ThreadPoolExecutor.java:624)
	at java.lang.Thread.run(Thread.java:748)
Caused by: org.apache.hadoop.hdds.scm.container.common.helpers.StorageContainerException: ContainerID 2 does not exist
	at org.apache.hadoop.hdds.scm.storage.ContainerProtocolCalls.validateContainerResponse(ContainerProtocolCalls.java:536)
	at org.apache.hadoop.hdds.scm.storage.BlockOutputStream.validateResponse(BlockOutputStream.java:529)
	... 7 more
</error>
    <system-out><![CDATA[2019-07-30 20:27:12,071 WARN  server.ServerUtils (ServerUtils.java:getScmDbDir(145)) - ozone.scm.db.dirs is not configured. We recommend adding this setting. Falling back to ozone.metadata.dirs instead.
2019-07-30 20:27:12,085 WARN  server.ServerUtils (ServerUtils.java:getScmDbDir(145)) - ozone.scm.db.dirs is not configured. We recommend adding this setting. Falling back to ozone.metadata.dirs instead.
2019-07-30 20:27:12,086 WARN  server.ServerUtils (ServerUtils.java:getScmDbDir(145)) - ozone.scm.db.dirs is not configured. We recommend adding this setting. Falling back to ozone.metadata.dirs instead.
2019-07-30 20:27:12,086 INFO  db.DBStoreBuilder (DBStoreBuilder.java:addTable(110)) - using custom profile for table: deletedBlocks
2019-07-30 20:27:12,086 INFO  db.DBStoreBuilder (DBStoreBuilder.java:processTables(161)) - Using default column profile:DBProfile.DISK for Table:deletedBlocks
2019-07-30 20:27:12,087 INFO  db.DBStoreBuilder (DBStoreBuilder.java:addTable(110)) - using custom profile for table: validCerts
2019-07-30 20:27:12,087 INFO  db.DBStoreBuilder (DBStoreBuilder.java:processTables(161)) - Using default column profile:DBProfile.DISK for Table:validCerts
2019-07-30 20:27:12,087 INFO  db.DBStoreBuilder (DBStoreBuilder.java:addTable(110)) - using custom profile for table: revokedCerts
2019-07-30 20:27:12,087 INFO  db.DBStoreBuilder (DBStoreBuilder.java:processTables(161)) - Using default column profile:DBProfile.DISK for Table:revokedCerts
2019-07-30 20:27:12,087 INFO  db.DBStoreBuilder (DBStoreBuilder.java:addTable(110)) - using custom profile for table: default
2019-07-30 20:27:12,088 INFO  db.DBStoreBuilder (DBStoreBuilder.java:processTables(167)) - Using default column profile:DBProfile.DISK for Table:default
2019-07-30 20:27:12,088 INFO  db.DBStoreBuilder (DBStoreBuilder.java:getDbProfile(198)) - Using default options. DBProfile.DISK
2019-07-30 20:27:12,300 INFO  net.NodeSchemaLoader (NodeSchemaLoader.java:loadSchemaFromFile(125)) - Loading file from sun.misc.CompoundEnumeration@4452e13c
2019-07-30 20:27:12,300 INFO  net.NodeSchemaLoader (NodeSchemaLoader.java:loadSchema(171)) - Loading network topology layer schema file
2019-07-30 20:27:12,306 INFO  node.SCMNodeManager (SCMNodeManager.java:<init>(121)) - Entering startup safe mode.
2019-07-30 20:27:12,307 WARN  server.ServerUtils (ServerUtils.java:getScmDbDir(145)) - ozone.scm.db.dirs is not configured. We recommend adding this setting. Falling back to ozone.metadata.dirs instead.
2019-07-30 20:27:12,356 INFO  pipeline.SCMPipelineManager (SCMPipelineManager.java:initializePipelineState(126)) - No pipeline exists in current db
2019-07-30 20:27:12,356 WARN  server.ServerUtils (ServerUtils.java:getScmDbDir(145)) - ozone.scm.db.dirs is not configured. We recommend adding this setting. Falling back to ozone.metadata.dirs instead.
2019-07-30 20:27:12,414 WARN  events.EventQueue (EventQueue.java:fireEvent(175)) - No event handler registered for event TypedEvent{payloadType=SafeModeStatus, name='SafeModeStatus'}
2019-07-30 20:27:12,415 INFO  ipc.CallQueueManager (CallQueueManager.java:<init>(84)) - Using callQueue: class java.util.concurrent.LinkedBlockingQueue, queueCapacity: 2000, scheduler: class org.apache.hadoop.ipc.DefaultRpcScheduler, ipcBackoff: false.
2019-07-30 20:27:12,416 INFO  ipc.Server (Server.java:run(1074)) - Starting Socket Reader #1 for port 35440
2019-07-30 20:27:12,418 INFO  ipc.CallQueueManager (CallQueueManager.java:<init>(84)) - Using callQueue: class java.util.concurrent.LinkedBlockingQueue, queueCapacity: 2000, scheduler: class org.apache.hadoop.ipc.DefaultRpcScheduler, ipcBackoff: false.
2019-07-30 20:27:12,419 INFO  ipc.Server (Server.java:run(1074)) - Starting Socket Reader #1 for port 32988
2019-07-30 20:27:12,420 INFO  ipc.CallQueueManager (CallQueueManager.java:<init>(84)) - Using callQueue: class java.util.concurrent.LinkedBlockingQueue, queueCapacity: 2000, scheduler: class org.apache.hadoop.ipc.DefaultRpcScheduler, ipcBackoff: false.
2019-07-30 20:27:12,421 INFO  ipc.Server (Server.java:run(1074)) - Starting Socket Reader #1 for port 33901
2019-07-30 20:27:12,425 INFO  hdfs.DFSUtil (DFSUtil.java:httpServerTemplateForNNAndJN(1641)) - Starting Web-server for scm at: http://0.0.0.0:0
2019-07-30 20:27:12,428 INFO  server.AuthenticationFilter (AuthenticationFilter.java:constructSecretProvider(240)) - Unable to initialize FileSignerSecretProvider, falling back to use random secrets.
2019-07-30 20:27:12,429 WARN  http.HttpRequestLog (HttpRequestLog.java:getRequestLog(97)) - Jetty request log can only be enabled using Log4j
2019-07-30 20:27:12,431 INFO  http.HttpServer2 (HttpServer2.java:addGlobalFilter(975)) - Added global filter 'safety' (class=org.apache.hadoop.http.HttpServer2$QuotingInputFilter)
2019-07-30 20:27:12,432 INFO  http.HttpServer2 (HttpServer2.java:addFilter(948)) - Added filter static_user_filter (class=org.apache.hadoop.http.lib.StaticUserWebFilter$StaticUserFilter) to context scm
2019-07-30 20:27:12,432 INFO  http.HttpServer2 (HttpServer2.java:addFilter(958)) - Added filter static_user_filter (class=org.apache.hadoop.http.lib.StaticUserWebFilter$StaticUserFilter) to context logs
2019-07-30 20:27:12,433 INFO  http.HttpServer2 (HttpServer2.java:addFilter(958)) - Added filter static_user_filter (class=org.apache.hadoop.http.lib.StaticUserWebFilter$StaticUserFilter) to context static
2019-07-30 20:27:12,435 INFO  server.StorageContainerManager (StorageContainerManager.java:start(758)) - StorageContainerLocationProtocol RPC server is listening at /0.0.0.0:33901
2019-07-30 20:27:12,438 WARN  impl.MetricsConfig (MetricsConfig.java:loadFirst(134)) - Cannot locate configuration: tried hadoop-metrics2-storagecontainermanager.properties,hadoop-metrics2.properties
2019-07-30 20:27:12,439 INFO  impl.MetricsSystemImpl (MetricsSystemImpl.java:startTimer(374)) - Scheduled Metric snapshot period at 10 second(s).
2019-07-30 20:27:12,440 INFO  impl.MetricsSystemImpl (MetricsSystemImpl.java:start(191)) - StorageContainerManager metrics system started
2019-07-30 20:27:12,514 INFO  server.SCMClientProtocolServer (SCMClientProtocolServer.java:start(151)) - RPC server for Client  is listening at /0.0.0.0:33901
2019-07-30 20:27:12,516 INFO  ipc.Server (Server.java:run(1314)) - IPC Server Responder: starting
2019-07-30 20:27:12,516 INFO  ipc.Server (Server.java:run(1153)) - IPC Server listener on 33901: starting
2019-07-30 20:27:12,520 INFO  server.StorageContainerManager (StorageContainerManager.java:start(768)) - ScmBlockLocationProtocol RPC server is listening at /0.0.0.0:32988
2019-07-30 20:27:12,521 INFO  server.SCMBlockProtocolServer (SCMBlockProtocolServer.java:start(140)) - RPC server for Block Protocol is listening at /0.0.0.0:32988
2019-07-30 20:27:12,521 INFO  ipc.Server (Server.java:run(1314)) - IPC Server Responder: starting
2019-07-30 20:27:12,521 INFO  ipc.Server (Server.java:run(1153)) - IPC Server listener on 32988: starting
2019-07-30 20:27:12,526 INFO  server.StorageContainerManager (StorageContainerManager.java:start(772)) - ScmDatanodeProtocl RPC server is listening at /0.0.0.0:35440
2019-07-30 20:27:12,526 INFO  server.SCMDatanodeProtocolServer (SCMDatanodeProtocolServer.java:start(191)) - RPC server for DataNodes is listening at /0.0.0.0:35440
2019-07-30 20:27:12,526 INFO  ipc.Server (Server.java:run(1314)) - IPC Server Responder: starting
2019-07-30 20:27:12,526 INFO  ipc.Server (Server.java:run(1153)) - IPC Server listener on 35440: starting
2019-07-30 20:27:12,531 INFO  http.HttpServer2 (HttpServer2.java:bindListener(1191)) - Jetty bound to port 38832
2019-07-30 20:27:12,531 INFO  server.Server (Server.java:doStart(351)) - jetty-9.3.24.v20180605, build timestamp: 2018-06-05T17:11:56Z, git hash: 84205aa28f11a4f31f2a3b86d1bba2cc8ab69827
2019-07-30 20:27:12,533 INFO  handler.ContextHandler (ContextHandler.java:doStart(781)) - Started o.e.j.s.ServletContextHandler@7d4bdbd8{/logs,file:///workdir/hadoop-ozone/integration-test/target/log,AVAILABLE}
2019-07-30 20:27:12,534 INFO  handler.ContextHandler (ContextHandler.java:doStart(781)) - Started o.e.j.s.ServletContextHandler@79636080{/static,file:///workdir/hadoop-ozone/integration-test/target/test-classes/webapps/static,AVAILABLE}
2019-07-30 20:27:12,538 INFO  handler.ContextHandler (ContextHandler.java:doStart(781)) - Started o.e.j.w.WebAppContext@6c8672b9{/,file:///workdir/hadoop-ozone/integration-test/target/test-classes/webapps/scm/,AVAILABLE}{/scm}
2019-07-30 20:27:12,538 INFO  server.AbstractConnector (AbstractConnector.java:doStart(278)) - Started ServerConnector@dd77e0d{HTTP/1.1,[http/1.1]}{0.0.0.0:38832}
2019-07-30 20:27:12,539 INFO  server.Server (Server.java:doStart(419)) - Started @118075ms
2019-07-30 20:27:12,540 INFO  server.BaseHttpServer (BaseHttpServer.java:updateConnectorAddress(207)) - HTTP server of SCM is listening at http://0.0.0.0:38832
2019-07-30 20:27:12,540 WARN  server.ServerUtils (ServerUtils.java:getDBPath(222)) - ozone.om.db.dirs is not configured. We recommend adding this setting. Falling back to ozone.metadata.dirs instead.
2019-07-30 20:27:12,541 INFO  util.JvmPauseMonitor (JvmPauseMonitor.java:run(188)) - Starting JVM pause monitor
2019-07-30 20:27:12,555 WARN  server.ServerUtils (ServerUtils.java:getDBPath(222)) - ozone.om.db.dirs is not configured. We recommend adding this setting. Falling back to ozone.metadata.dirs instead.
2019-07-30 20:27:12,555 WARN  server.ServerUtils (ServerUtils.java:getDBPath(222)) - ozone.om.db.dirs is not configured. We recommend adding this setting. Falling back to ozone.metadata.dirs instead.
2019-07-30 20:27:12,555 INFO  om.OzoneManager (OzoneManager.java:setOMNodeDetails(644)) - OM Service ID is not set. Setting it to the default ID: omServiceIdDefault
2019-07-30 20:27:12,556 INFO  om.OzoneManager (OzoneManager.java:setOMNodeDetails(650)) - OM Node ID is not set. Setting it to the OmStorage's OmID: c07a14bf-12e5-4cce-87f2-650906ca3a66
2019-07-30 20:27:12,556 INFO  om.OzoneManager (OzoneManager.java:loadOMHAConfigs(601)) - Found matching OM address with OMServiceId: null, OMNodeId: null, RPC Address: localhost:0 and Ratis port: 9872
2019-07-30 20:27:12,561 WARN  server.ServerUtils (ServerUtils.java:getDBPath(222)) - ozone.om.db.dirs is not configured. We recommend adding this setting. Falling back to ozone.metadata.dirs instead.
2019-07-30 20:27:12,562 INFO  db.DBStoreBuilder (DBStoreBuilder.java:addTable(110)) - using custom profile for table: userTable
2019-07-30 20:27:12,562 INFO  db.DBStoreBuilder (DBStoreBuilder.java:processTables(161)) - Using default column profile:DBProfile.DISK for Table:userTable
2019-07-30 20:27:12,562 INFO  db.DBStoreBuilder (DBStoreBuilder.java:addTable(110)) - using custom profile for table: volumeTable
2019-07-30 20:27:12,562 INFO  db.DBStoreBuilder (DBStoreBuilder.java:processTables(161)) - Using default column profile:DBProfile.DISK for Table:volumeTable
2019-07-30 20:27:12,563 INFO  db.DBStoreBuilder (DBStoreBuilder.java:addTable(110)) - using custom profile for table: bucketTable
2019-07-30 20:27:12,563 INFO  db.DBStoreBuilder (DBStoreBuilder.java:processTables(161)) - Using default column profile:DBProfile.DISK for Table:bucketTable
2019-07-30 20:27:12,563 INFO  db.DBStoreBuilder (DBStoreBuilder.java:addTable(110)) - using custom profile for table: keyTable
2019-07-30 20:27:12,563 INFO  db.DBStoreBuilder (DBStoreBuilder.java:processTables(161)) - Using default column profile:DBProfile.DISK for Table:keyTable
2019-07-30 20:27:12,563 INFO  db.DBStoreBuilder (DBStoreBuilder.java:addTable(110)) - using custom profile for table: deletedTable
2019-07-30 20:27:12,564 INFO  db.DBStoreBuilder (DBStoreBuilder.java:processTables(161)) - Using default column profile:DBProfile.DISK for Table:deletedTable
2019-07-30 20:27:12,564 INFO  db.DBStoreBuilder (DBStoreBuilder.java:addTable(110)) - using custom profile for table: openKeyTable
2019-07-30 20:27:12,564 INFO  db.DBStoreBuilder (DBStoreBuilder.java:processTables(161)) - Using default column profile:DBProfile.DISK for Table:openKeyTable
2019-07-30 20:27:12,564 INFO  db.DBStoreBuilder (DBStoreBuilder.java:addTable(110)) - using custom profile for table: s3Table
2019-07-30 20:27:12,564 INFO  db.DBStoreBuilder (DBStoreBuilder.java:processTables(161)) - Using default column profile:DBProfile.DISK for Table:s3Table
2019-07-30 20:27:12,565 INFO  db.DBStoreBuilder (DBStoreBuilder.java:addTable(110)) - using custom profile for table: multipartInfoTable
2019-07-30 20:27:12,565 INFO  db.DBStoreBuilder (DBStoreBuilder.java:processTables(161)) - Using default column profile:DBProfile.DISK for Table:multipartInfoTable
2019-07-30 20:27:12,565 INFO  db.DBStoreBuilder (DBStoreBuilder.java:addTable(110)) - using custom profile for table: dTokenTable
2019-07-30 20:27:12,565 INFO  db.DBStoreBuilder (DBStoreBuilder.java:processTables(161)) - Using default column profile:DBProfile.DISK for Table:dTokenTable
2019-07-30 20:27:12,565 INFO  db.DBStoreBuilder (DBStoreBuilder.java:addTable(110)) - using custom profile for table: s3SecretTable
2019-07-30 20:27:12,565 INFO  db.DBStoreBuilder (DBStoreBuilder.java:processTables(161)) - Using default column profile:DBProfile.DISK for Table:s3SecretTable
2019-07-30 20:27:12,566 INFO  db.DBStoreBuilder (DBStoreBuilder.java:addTable(110)) - using custom profile for table: prefixTable
2019-07-30 20:27:12,566 INFO  db.DBStoreBuilder (DBStoreBuilder.java:processTables(161)) - Using default column profile:DBProfile.DISK for Table:prefixTable
2019-07-30 20:27:12,566 INFO  db.DBStoreBuilder (DBStoreBuilder.java:addTable(110)) - using custom profile for table: default
2019-07-30 20:27:12,566 INFO  db.DBStoreBuilder (DBStoreBuilder.java:processTables(167)) - Using default column profile:DBProfile.DISK for Table:default
2019-07-30 20:27:12,566 INFO  db.DBStoreBuilder (DBStoreBuilder.java:getDbProfile(198)) - Using default options. DBProfile.DISK
2019-07-30 20:27:13,078 INFO  ipc.CallQueueManager (CallQueueManager.java:<init>(84)) - Using callQueue: class java.util.concurrent.LinkedBlockingQueue, queueCapacity: 2000, scheduler: class org.apache.hadoop.ipc.DefaultRpcScheduler, ipcBackoff: false.
2019-07-30 20:27:13,079 INFO  ipc.Server (Server.java:run(1074)) - Starting Socket Reader #1 for port 41656
2019-07-30 20:27:13,093 INFO  om.OzoneManager (OzoneManager.java:start(1255)) - OzoneManager RPC server is listening at localhost/127.0.0.1:41656
2019-07-30 20:27:13,093 INFO  impl.MetricsSystemImpl (MetricsSystemImpl.java:init(158)) - OzoneManager metrics system started (again)
2019-07-30 20:27:13,097 INFO  ipc.Server (Server.java:run(1314)) - IPC Server Responder: starting
2019-07-30 20:27:13,097 INFO  ipc.Server (Server.java:run(1153)) - IPC Server listener on 41656: starting
2019-07-30 20:27:13,105 INFO  hdfs.DFSUtil (DFSUtil.java:httpServerTemplateForNNAndJN(1641)) - Starting Web-server for ozoneManager at: http://0.0.0.0:0
2019-07-30 20:27:13,108 INFO  server.AuthenticationFilter (AuthenticationFilter.java:constructSecretProvider(240)) - Unable to initialize FileSignerSecretProvider, falling back to use random secrets.
2019-07-30 20:27:13,108 WARN  http.HttpRequestLog (HttpRequestLog.java:getRequestLog(97)) - Jetty request log can only be enabled using Log4j
2019-07-30 20:27:13,111 INFO  http.HttpServer2 (HttpServer2.java:addGlobalFilter(975)) - Added global filter 'safety' (class=org.apache.hadoop.http.HttpServer2$QuotingInputFilter)
2019-07-30 20:27:13,112 INFO  http.HttpServer2 (HttpServer2.java:addFilter(948)) - Added filter static_user_filter (class=org.apache.hadoop.http.lib.StaticUserWebFilter$StaticUserFilter) to context ozoneManager
2019-07-30 20:27:13,112 INFO  http.HttpServer2 (HttpServer2.java:addFilter(958)) - Added filter static_user_filter (class=org.apache.hadoop.http.lib.StaticUserWebFilter$StaticUserFilter) to context logs
2019-07-30 20:27:13,112 INFO  http.HttpServer2 (HttpServer2.java:addFilter(958)) - Added filter static_user_filter (class=org.apache.hadoop.http.lib.StaticUserWebFilter$StaticUserFilter) to context static
2019-07-30 20:27:13,113 INFO  http.HttpServer2 (HttpServer2.java:bindListener(1191)) - Jetty bound to port 42877
2019-07-30 20:27:13,114 INFO  server.Server (Server.java:doStart(351)) - jetty-9.3.24.v20180605, build timestamp: 2018-06-05T17:11:56Z, git hash: 84205aa28f11a4f31f2a3b86d1bba2cc8ab69827
2019-07-30 20:27:13,116 INFO  handler.ContextHandler (ContextHandler.java:doStart(781)) - Started o.e.j.s.ServletContextHandler@2c7c898a{/logs,file:///workdir/hadoop-ozone/integration-test/target/log,AVAILABLE}
2019-07-30 20:27:13,117 INFO  handler.ContextHandler (ContextHandler.java:doStart(781)) - Started o.e.j.s.ServletContextHandler@3cae4518{/static,file:///workdir/hadoop-ozone/integration-test/target/test-classes/webapps/static,AVAILABLE}
2019-07-30 20:27:13,123 INFO  handler.ContextHandler (ContextHandler.java:doStart(781)) - Started o.e.j.w.WebAppContext@480994d3{/,file:///workdir/hadoop-ozone/integration-test/target/test-classes/webapps/ozoneManager/,AVAILABLE}{/ozoneManager}
2019-07-30 20:27:13,124 INFO  server.AbstractConnector (AbstractConnector.java:doStart(278)) - Started ServerConnector@7146c6ea{HTTP/1.1,[http/1.1]}{0.0.0.0:42877}
2019-07-30 20:27:13,125 INFO  server.Server (Server.java:doStart(419)) - Started @118662ms
2019-07-30 20:27:13,126 INFO  server.BaseHttpServer (BaseHttpServer.java:updateConnectorAddress(207)) - HTTP server of OZONEMANAGER is listening at http://0.0.0.0:42877
2019-07-30 20:27:13,144 INFO  impl.MetricsSystemImpl (MetricsSystemImpl.java:init(158)) - HddsDatanode metrics system started (again)
2019-07-30 20:27:13,148 INFO  ozone.HddsDatanodeService (HddsDatanodeService.java:start(184)) - HddsDatanodeService host:byscane-nightly-zbvcj-1516659162 ip:192.168.69.110
2019-07-30 20:27:13,159 INFO  volume.HddsVolume (HddsVolume.java:<init>(176)) - Creating Volume: /workdir/hadoop-ozone/integration-test/target/test-dir/MiniOzoneClusterImpl-9cdb6828-2280-461c-a17f-287379f09a1f/datanode-0/data/containers/hdds of  storage type : DISK and capacity : 52710309888
2019-07-30 20:27:13,159 INFO  volume.VolumeSet (VolumeSet.java:initializeVolumeSet(170)) - Added Volume : /workdir/hadoop-ozone/integration-test/target/test-dir/MiniOzoneClusterImpl-9cdb6828-2280-461c-a17f-287379f09a1f/datanode-0/data/containers/hdds to VolumeSet
2019-07-30 20:27:13,160 INFO  volume.ThrottledAsyncChecker (ThrottledAsyncChecker.java:schedule(140)) - Scheduling a check for org.apache.hadoop.ozone.container.common.volume.HddsVolume@3ec211cc
2019-07-30 20:27:13,160 INFO  volume.HddsVolumeChecker (HddsVolumeChecker.java:checkAllVolumes(203)) - Scheduled health check for volume org.apache.hadoop.ozone.container.common.volume.HddsVolume@3ec211cc
2019-07-30 20:27:13,177 INFO  impl.RaftServerProxy (ConfUtils.java:logGet(43)) - raft.rpc.type = GRPC (default)
2019-07-30 20:27:13,177 INFO  grpc.GrpcFactory (GrpcFactory.java:checkPooledByteBufAllocatorUseCacheForAllThreads(45)) - PERFORMANCE WARNING: useCacheForAllThreads is true that may cause Netty to create a lot garbage objects and, as a result, trigger GC.
	It is recommended to disable useCacheForAllThreads by setting -Dorg.apache.ratis.thirdparty.io.netty.allocator.useCacheForAllThreads=false in command line.
2019-07-30 20:27:13,178 INFO  grpc.GrpcConfigKeys$Server (ConfUtils.java:logGet(43)) - raft.grpc.server.port = 0 (default)
2019-07-30 20:27:13,178 INFO  server.GrpcService (ConfUtils.java:logGet(43)) - raft.grpc.message.size.max = 33570816 (custom)
2019-07-30 20:27:13,178 INFO  server.RaftServerConfigKeys (ConfUtils.java:logGet(43)) - raft.server.log.appender.buffer.byte-limit = 33554432 (custom)
2019-07-30 20:27:13,179 INFO  server.GrpcService (ConfUtils.java:logGet(43)) - raft.grpc.flow.control.window = 1MB (=1048576) (default)
2019-07-30 20:27:13,179 INFO  server.RaftServerConfigKeys (ConfUtils.java:logGet(43)) - raft.server.rpc.request.timeout = 3000ms (default)
2019-07-30 20:27:13,180 INFO  server.RaftServerConfigKeys (ConfUtils.java:logGet(43)) - raft.server.storage.dir = [/workdir/hadoop-ozone/integration-test/target/test-dir/MiniOzoneClusterImpl-9cdb6828-2280-461c-a17f-287379f09a1f/datanode-0/data/ratis] (custom)
2019-07-30 20:27:13,180 INFO  replication.SimpleContainerDownloader (SimpleContainerDownloader.java:<init>(72)) - Starting container downloader service to copy containers to replicate.
2019-07-30 20:27:13,181 INFO  hdfs.DFSUtil (DFSUtil.java:httpServerTemplateForNNAndJN(1641)) - Starting Web-server for hddsDatanode at: http://0.0.0.0:0
2019-07-30 20:27:13,183 INFO  server.AuthenticationFilter (AuthenticationFilter.java:constructSecretProvider(240)) - Unable to initialize FileSignerSecretProvider, falling back to use random secrets.
2019-07-30 20:27:13,183 WARN  http.HttpRequestLog (HttpRequestLog.java:getRequestLog(97)) - Jetty request log can only be enabled using Log4j
2019-07-30 20:27:13,185 INFO  http.HttpServer2 (HttpServer2.java:addGlobalFilter(975)) - Added global filter 'safety' (class=org.apache.hadoop.http.HttpServer2$QuotingInputFilter)
2019-07-30 20:27:13,186 INFO  http.HttpServer2 (HttpServer2.java:addFilter(948)) - Added filter static_user_filter (class=org.apache.hadoop.http.lib.StaticUserWebFilter$StaticUserFilter) to context hddsDatanode
2019-07-30 20:27:13,186 INFO  http.HttpServer2 (HttpServer2.java:addFilter(958)) - Added filter static_user_filter (class=org.apache.hadoop.http.lib.StaticUserWebFilter$StaticUserFilter) to context static
2019-07-30 20:27:13,186 INFO  http.HttpServer2 (HttpServer2.java:addFilter(958)) - Added filter static_user_filter (class=org.apache.hadoop.http.lib.StaticUserWebFilter$StaticUserFilter) to context logs
2019-07-30 20:27:13,187 INFO  http.HttpServer2 (HttpServer2.java:bindListener(1191)) - Jetty bound to port 37730
2019-07-30 20:27:13,187 INFO  server.Server (Server.java:doStart(351)) - jetty-9.3.24.v20180605, build timestamp: 2018-06-05T17:11:56Z, git hash: 84205aa28f11a4f31f2a3b86d1bba2cc8ab69827
2019-07-30 20:27:13,189 INFO  handler.ContextHandler (ContextHandler.java:doStart(781)) - Started o.e.j.s.ServletContextHandler@38197e82{/logs,file:///workdir/hadoop-ozone/integration-test/target/log,AVAILABLE}
2019-07-30 20:27:13,190 INFO  handler.ContextHandler (ContextHandler.java:doStart(781)) - Started o.e.j.s.ServletContextHandler@6765b6a2{/static,jar:file:/home/user/.m2/repository/org/apache/hadoop/hadoop-hdds-container-service/0.4.1-SNAPSHOT/hadoop-hdds-container-service-0.4.1-SNAPSHOT.jar!/webapps/static,AVAILABLE}
2019-07-30 20:27:13,224 INFO  handler.ContextHandler (ContextHandler.java:doStart(781)) - Started o.e.j.w.WebAppContext@1734b1a{/,file:///tmp/jetty-0.0.0.0-37730-hddsDatanode-_-any-3974320608187342311.dir/webapp/,AVAILABLE}{/hddsDatanode}
2019-07-30 20:27:13,224 INFO  server.AbstractConnector (AbstractConnector.java:doStart(278)) - Started ServerConnector@17e6d07b{HTTP/1.1,[http/1.1]}{0.0.0.0:37730}
2019-07-30 20:27:13,225 INFO  server.Server (Server.java:doStart(419)) - Started @118762ms
2019-07-30 20:27:13,226 INFO  server.BaseHttpServer (BaseHttpServer.java:updateConnectorAddress(207)) - HTTP server of HDDSDATANODE is listening at http://0.0.0.0:37730
2019-07-30 20:27:13,335 INFO  ozone.HddsDatanodeService (HddsDatanodeService.java:startPlugins(395)) - Started plug-in org.apache.hadoop.ozone.web.OzoneHddsDatanodeService@1b26fac2
2019-07-30 20:27:13,335 INFO  impl.MetricsSystemImpl (MetricsSystemImpl.java:init(158)) - HddsDatanode metrics system started (again)
2019-07-30 20:27:13,338 INFO  ozone.HddsDatanodeService (HddsDatanodeService.java:start(184)) - HddsDatanodeService host:byscane-nightly-zbvcj-1516659162 ip:192.168.69.110
2019-07-30 20:27:13,338 INFO  util.JvmPauseMonitor (JvmPauseMonitor.java:run(188)) - Starting JVM pause monitor
2019-07-30 20:27:13,340 INFO  datanode.InitDatanodeState (InitDatanodeState.java:persistContainerDatanodeDetails(140)) - DatanodeDetails is persisted to /workdir/hadoop-ozone/integration-test/target/test-dir/MiniOzoneClusterImpl-9cdb6828-2280-461c-a17f-287379f09a1f/datanode-0/meta/datanode.id
2019-07-30 20:27:13,349 INFO  volume.HddsVolume (HddsVolume.java:<init>(176)) - Creating Volume: /workdir/hadoop-ozone/integration-test/target/test-dir/MiniOzoneClusterImpl-9cdb6828-2280-461c-a17f-287379f09a1f/datanode-1/data/containers/hdds of  storage type : DISK and capacity : 52710309888
2019-07-30 20:27:13,349 INFO  volume.VolumeSet (VolumeSet.java:initializeVolumeSet(170)) - Added Volume : /workdir/hadoop-ozone/integration-test/target/test-dir/MiniOzoneClusterImpl-9cdb6828-2280-461c-a17f-287379f09a1f/datanode-1/data/containers/hdds to VolumeSet
2019-07-30 20:27:13,349 INFO  volume.ThrottledAsyncChecker (ThrottledAsyncChecker.java:schedule(140)) - Scheduling a check for org.apache.hadoop.ozone.container.common.volume.HddsVolume@5b3ee43e
2019-07-30 20:27:13,350 INFO  volume.HddsVolumeChecker (HddsVolumeChecker.java:checkAllVolumes(203)) - Scheduled health check for volume org.apache.hadoop.ozone.container.common.volume.HddsVolume@5b3ee43e
2019-07-30 20:27:13,361 INFO  impl.RaftServerProxy (ConfUtils.java:logGet(43)) - raft.rpc.type = GRPC (default)
2019-07-30 20:27:13,362 INFO  grpc.GrpcFactory (GrpcFactory.java:checkPooledByteBufAllocatorUseCacheForAllThreads(45)) - PERFORMANCE WARNING: useCacheForAllThreads is true that may cause Netty to create a lot garbage objects and, as a result, trigger GC.
	It is recommended to disable useCacheForAllThreads by setting -Dorg.apache.ratis.thirdparty.io.netty.allocator.useCacheForAllThreads=false in command line.
2019-07-30 20:27:13,362 INFO  grpc.GrpcConfigKeys$Server (ConfUtils.java:logGet(43)) - raft.grpc.server.port = 0 (default)
2019-07-30 20:27:13,363 INFO  server.GrpcService (ConfUtils.java:logGet(43)) - raft.grpc.message.size.max = 33570816 (custom)
2019-07-30 20:27:13,363 INFO  server.RaftServerConfigKeys (ConfUtils.java:logGet(43)) - raft.server.log.appender.buffer.byte-limit = 33554432 (custom)
2019-07-30 20:27:13,363 INFO  server.GrpcService (ConfUtils.java:logGet(43)) - raft.grpc.flow.control.window = 1MB (=1048576) (default)
2019-07-30 20:27:13,364 INFO  server.RaftServerConfigKeys (ConfUtils.java:logGet(43)) - raft.server.rpc.request.timeout = 3000ms (default)
2019-07-30 20:27:13,364 INFO  server.RaftServerConfigKeys (ConfUtils.java:logGet(43)) - raft.server.storage.dir = [/workdir/hadoop-ozone/integration-test/target/test-dir/MiniOzoneClusterImpl-9cdb6828-2280-461c-a17f-287379f09a1f/datanode-1/data/ratis] (custom)
2019-07-30 20:27:13,364 INFO  replication.SimpleContainerDownloader (SimpleContainerDownloader.java:<init>(72)) - Starting container downloader service to copy containers to replicate.
2019-07-30 20:27:13,365 INFO  hdfs.DFSUtil (DFSUtil.java:httpServerTemplateForNNAndJN(1641)) - Starting Web-server for hddsDatanode at: http://0.0.0.0:0
2019-07-30 20:27:13,366 INFO  server.AuthenticationFilter (AuthenticationFilter.java:constructSecretProvider(240)) - Unable to initialize FileSignerSecretProvider, falling back to use random secrets.
2019-07-30 20:27:13,367 WARN  http.HttpRequestLog (HttpRequestLog.java:getRequestLog(97)) - Jetty request log can only be enabled using Log4j
2019-07-30 20:27:13,368 INFO  http.HttpServer2 (HttpServer2.java:addGlobalFilter(975)) - Added global filter 'safety' (class=org.apache.hadoop.http.HttpServer2$QuotingInputFilter)
2019-07-30 20:27:13,368 INFO  http.HttpServer2 (HttpServer2.java:addFilter(948)) - Added filter static_user_filter (class=org.apache.hadoop.http.lib.StaticUserWebFilter$StaticUserFilter) to context hddsDatanode
2019-07-30 20:27:13,368 INFO  http.HttpServer2 (HttpServer2.java:addFilter(958)) - Added filter static_user_filter (class=org.apache.hadoop.http.lib.StaticUserWebFilter$StaticUserFilter) to context logs
2019-07-30 20:27:13,369 INFO  http.HttpServer2 (HttpServer2.java:addFilter(958)) - Added filter static_user_filter (class=org.apache.hadoop.http.lib.StaticUserWebFilter$StaticUserFilter) to context static
2019-07-30 20:27:13,369 INFO  http.HttpServer2 (HttpServer2.java:bindListener(1191)) - Jetty bound to port 35525
2019-07-30 20:27:13,369 INFO  server.Server (Server.java:doStart(351)) - jetty-9.3.24.v20180605, build timestamp: 2018-06-05T17:11:56Z, git hash: 84205aa28f11a4f31f2a3b86d1bba2cc8ab69827
2019-07-30 20:27:13,371 INFO  handler.ContextHandler (ContextHandler.java:doStart(781)) - Started o.e.j.s.ServletContextHandler@7fd4b9ec{/logs,file:///workdir/hadoop-ozone/integration-test/target/log,AVAILABLE}
2019-07-30 20:27:13,372 INFO  handler.ContextHandler (ContextHandler.java:doStart(781)) - Started o.e.j.s.ServletContextHandler@3c8e4a82{/static,jar:file:/home/user/.m2/repository/org/apache/hadoop/hadoop-hdds-container-service/0.4.1-SNAPSHOT/hadoop-hdds-container-service-0.4.1-SNAPSHOT.jar!/webapps/static,AVAILABLE}
2019-07-30 20:27:13,398 INFO  handler.ContextHandler (ContextHandler.java:doStart(781)) - Started o.e.j.w.WebAppContext@67d8613{/,file:///tmp/jetty-0.0.0.0-35525-hddsDatanode-_-any-5104987160691774625.dir/webapp/,AVAILABLE}{/hddsDatanode}
2019-07-30 20:27:13,398 INFO  server.AbstractConnector (AbstractConnector.java:doStart(278)) - Started ServerConnector@5667dd90{HTTP/1.1,[http/1.1]}{0.0.0.0:35525}
2019-07-30 20:27:13,400 INFO  server.Server (Server.java:doStart(419)) - Started @118936ms
2019-07-30 20:27:13,400 INFO  server.BaseHttpServer (BaseHttpServer.java:updateConnectorAddress(207)) - HTTP server of HDDSDATANODE is listening at http://0.0.0.0:35525
2019-07-30 20:27:13,512 INFO  ozone.HddsDatanodeService (HddsDatanodeService.java:startPlugins(395)) - Started plug-in org.apache.hadoop.ozone.web.OzoneHddsDatanodeService@34e53c02
2019-07-30 20:27:13,512 INFO  impl.MetricsSystemImpl (MetricsSystemImpl.java:init(158)) - HddsDatanode metrics system started (again)
2019-07-30 20:27:13,515 INFO  ozone.HddsDatanodeService (HddsDatanodeService.java:start(184)) - HddsDatanodeService host:byscane-nightly-zbvcj-1516659162 ip:192.168.69.110
2019-07-30 20:27:13,515 INFO  util.JvmPauseMonitor (JvmPauseMonitor.java:run(188)) - Starting JVM pause monitor
2019-07-30 20:27:13,517 INFO  datanode.InitDatanodeState (InitDatanodeState.java:persistContainerDatanodeDetails(140)) - DatanodeDetails is persisted to /workdir/hadoop-ozone/integration-test/target/test-dir/MiniOzoneClusterImpl-9cdb6828-2280-461c-a17f-287379f09a1f/datanode-1/meta/datanode.id
2019-07-30 20:27:13,524 INFO  volume.HddsVolume (HddsVolume.java:<init>(176)) - Creating Volume: /workdir/hadoop-ozone/integration-test/target/test-dir/MiniOzoneClusterImpl-9cdb6828-2280-461c-a17f-287379f09a1f/datanode-2/data/containers/hdds of  storage type : DISK and capacity : 52710309888
2019-07-30 20:27:13,524 INFO  volume.VolumeSet (VolumeSet.java:initializeVolumeSet(170)) - Added Volume : /workdir/hadoop-ozone/integration-test/target/test-dir/MiniOzoneClusterImpl-9cdb6828-2280-461c-a17f-287379f09a1f/datanode-2/data/containers/hdds to VolumeSet
2019-07-30 20:27:13,524 INFO  volume.ThrottledAsyncChecker (ThrottledAsyncChecker.java:schedule(140)) - Scheduling a check for org.apache.hadoop.ozone.container.common.volume.HddsVolume@3f2afa8b
2019-07-30 20:27:13,525 INFO  volume.HddsVolumeChecker (HddsVolumeChecker.java:checkAllVolumes(203)) - Scheduled health check for volume org.apache.hadoop.ozone.container.common.volume.HddsVolume@3f2afa8b
2019-07-30 20:27:13,539 INFO  impl.RaftServerProxy (ConfUtils.java:logGet(43)) - raft.rpc.type = GRPC (default)
2019-07-30 20:27:13,539 INFO  grpc.GrpcFactory (GrpcFactory.java:checkPooledByteBufAllocatorUseCacheForAllThreads(45)) - PERFORMANCE WARNING: useCacheForAllThreads is true that may cause Netty to create a lot garbage objects and, as a result, trigger GC.
	It is recommended to disable useCacheForAllThreads by setting -Dorg.apache.ratis.thirdparty.io.netty.allocator.useCacheForAllThreads=false in command line.
2019-07-30 20:27:13,539 INFO  grpc.GrpcConfigKeys$Server (ConfUtils.java:logGet(43)) - raft.grpc.server.port = 0 (default)
2019-07-30 20:27:13,539 INFO  server.GrpcService (ConfUtils.java:logGet(43)) - raft.grpc.message.size.max = 33570816 (custom)
2019-07-30 20:27:13,539 INFO  server.RaftServerConfigKeys (ConfUtils.java:logGet(43)) - raft.server.log.appender.buffer.byte-limit = 33554432 (custom)
2019-07-30 20:27:13,539 INFO  server.GrpcService (ConfUtils.java:logGet(43)) - raft.grpc.flow.control.window = 1MB (=1048576) (default)
2019-07-30 20:27:13,540 INFO  server.RaftServerConfigKeys (ConfUtils.java:logGet(43)) - raft.server.rpc.request.timeout = 3000ms (default)
2019-07-30 20:27:13,540 INFO  server.RaftServerConfigKeys (ConfUtils.java:logGet(43)) - raft.server.storage.dir = [/workdir/hadoop-ozone/integration-test/target/test-dir/MiniOzoneClusterImpl-9cdb6828-2280-461c-a17f-287379f09a1f/datanode-2/data/ratis] (custom)
2019-07-30 20:27:13,540 INFO  replication.SimpleContainerDownloader (SimpleContainerDownloader.java:<init>(72)) - Starting container downloader service to copy containers to replicate.
2019-07-30 20:27:13,542 INFO  hdfs.DFSUtil (DFSUtil.java:httpServerTemplateForNNAndJN(1641)) - Starting Web-server for hddsDatanode at: http://0.0.0.0:0
2019-07-30 20:27:13,543 INFO  server.AuthenticationFilter (AuthenticationFilter.java:constructSecretProvider(240)) - Unable to initialize FileSignerSecretProvider, falling back to use random secrets.
2019-07-30 20:27:13,543 WARN  http.HttpRequestLog (HttpRequestLog.java:getRequestLog(97)) - Jetty request log can only be enabled using Log4j
2019-07-30 20:27:13,544 INFO  http.HttpServer2 (HttpServer2.java:addGlobalFilter(975)) - Added global filter 'safety' (class=org.apache.hadoop.http.HttpServer2$QuotingInputFilter)
2019-07-30 20:27:13,545 INFO  http.HttpServer2 (HttpServer2.java:addFilter(948)) - Added filter static_user_filter (class=org.apache.hadoop.http.lib.StaticUserWebFilter$StaticUserFilter) to context hddsDatanode
2019-07-30 20:27:13,545 INFO  http.HttpServer2 (HttpServer2.java:addFilter(958)) - Added filter static_user_filter (class=org.apache.hadoop.http.lib.StaticUserWebFilter$StaticUserFilter) to context static
2019-07-30 20:27:13,545 INFO  http.HttpServer2 (HttpServer2.java:addFilter(958)) - Added filter static_user_filter (class=org.apache.hadoop.http.lib.StaticUserWebFilter$StaticUserFilter) to context logs
2019-07-30 20:27:13,546 INFO  http.HttpServer2 (HttpServer2.java:bindListener(1191)) - Jetty bound to port 36950
2019-07-30 20:27:13,546 INFO  server.Server (Server.java:doStart(351)) - jetty-9.3.24.v20180605, build timestamp: 2018-06-05T17:11:56Z, git hash: 84205aa28f11a4f31f2a3b86d1bba2cc8ab69827
2019-07-30 20:27:13,547 INFO  handler.ContextHandler (ContextHandler.java:doStart(781)) - Started o.e.j.s.ServletContextHandler@4ac77269{/logs,file:///workdir/hadoop-ozone/integration-test/target/log,AVAILABLE}
2019-07-30 20:27:13,548 INFO  handler.ContextHandler (ContextHandler.java:doStart(781)) - Started o.e.j.s.ServletContextHandler@7eb774c3{/static,jar:file:/home/user/.m2/repository/org/apache/hadoop/hadoop-hdds-container-service/0.4.1-SNAPSHOT/hadoop-hdds-container-service-0.4.1-SNAPSHOT.jar!/webapps/static,AVAILABLE}
2019-07-30 20:27:13,574 INFO  handler.ContextHandler (ContextHandler.java:doStart(781)) - Started o.e.j.w.WebAppContext@6c767288{/,file:///tmp/jetty-0.0.0.0-36950-hddsDatanode-_-any-6465101183551892873.dir/webapp/,AVAILABLE}{/hddsDatanode}
2019-07-30 20:27:13,574 INFO  server.AbstractConnector (AbstractConnector.java:doStart(278)) - Started ServerConnector@510e6b93{HTTP/1.1,[http/1.1]}{0.0.0.0:36950}
2019-07-30 20:27:13,576 INFO  server.Server (Server.java:doStart(419)) - Started @119112ms
2019-07-30 20:27:13,576 INFO  server.BaseHttpServer (BaseHttpServer.java:updateConnectorAddress(207)) - HTTP server of HDDSDATANODE is listening at http://0.0.0.0:36950
2019-07-30 20:27:13,679 INFO  ozone.HddsDatanodeService (HddsDatanodeService.java:startPlugins(395)) - Started plug-in org.apache.hadoop.ozone.web.OzoneHddsDatanodeService@3085befb
2019-07-30 20:27:13,679 INFO  impl.MetricsSystemImpl (MetricsSystemImpl.java:init(158)) - HddsDatanode metrics system started (again)
2019-07-30 20:27:13,682 INFO  ozone.HddsDatanodeService (HddsDatanodeService.java:start(184)) - HddsDatanodeService host:byscane-nightly-zbvcj-1516659162 ip:192.168.69.110
2019-07-30 20:27:13,682 INFO  util.JvmPauseMonitor (JvmPauseMonitor.java:run(188)) - Starting JVM pause monitor
2019-07-30 20:27:13,684 INFO  datanode.InitDatanodeState (InitDatanodeState.java:persistContainerDatanodeDetails(140)) - DatanodeDetails is persisted to /workdir/hadoop-ozone/integration-test/target/test-dir/MiniOzoneClusterImpl-9cdb6828-2280-461c-a17f-287379f09a1f/datanode-2/meta/datanode.id
2019-07-30 20:27:13,691 INFO  volume.HddsVolume (HddsVolume.java:<init>(176)) - Creating Volume: /workdir/hadoop-ozone/integration-test/target/test-dir/MiniOzoneClusterImpl-9cdb6828-2280-461c-a17f-287379f09a1f/datanode-3/data/containers/hdds of  storage type : DISK and capacity : 52710309888
2019-07-30 20:27:13,692 INFO  volume.VolumeSet (VolumeSet.java:initializeVolumeSet(170)) - Added Volume : /workdir/hadoop-ozone/integration-test/target/test-dir/MiniOzoneClusterImpl-9cdb6828-2280-461c-a17f-287379f09a1f/datanode-3/data/containers/hdds to VolumeSet
2019-07-30 20:27:13,692 INFO  volume.ThrottledAsyncChecker (ThrottledAsyncChecker.java:schedule(140)) - Scheduling a check for org.apache.hadoop.ozone.container.common.volume.HddsVolume@2202c92f
2019-07-30 20:27:13,692 INFO  volume.HddsVolumeChecker (HddsVolumeChecker.java:checkAllVolumes(203)) - Scheduled health check for volume org.apache.hadoop.ozone.container.common.volume.HddsVolume@2202c92f
2019-07-30 20:27:13,706 INFO  impl.RaftServerProxy (ConfUtils.java:logGet(43)) - raft.rpc.type = GRPC (default)
2019-07-30 20:27:13,706 INFO  grpc.GrpcFactory (GrpcFactory.java:checkPooledByteBufAllocatorUseCacheForAllThreads(45)) - PERFORMANCE WARNING: useCacheForAllThreads is true that may cause Netty to create a lot garbage objects and, as a result, trigger GC.
	It is recommended to disable useCacheForAllThreads by setting -Dorg.apache.ratis.thirdparty.io.netty.allocator.useCacheForAllThreads=false in command line.
2019-07-30 20:27:13,706 INFO  grpc.GrpcConfigKeys$Server (ConfUtils.java:logGet(43)) - raft.grpc.server.port = 0 (default)
2019-07-30 20:27:13,707 INFO  server.GrpcService (ConfUtils.java:logGet(43)) - raft.grpc.message.size.max = 33570816 (custom)
2019-07-30 20:27:13,707 INFO  server.RaftServerConfigKeys (ConfUtils.java:logGet(43)) - raft.server.log.appender.buffer.byte-limit = 33554432 (custom)
2019-07-30 20:27:13,707 INFO  server.GrpcService (ConfUtils.java:logGet(43)) - raft.grpc.flow.control.window = 1MB (=1048576) (default)
2019-07-30 20:27:13,707 INFO  server.RaftServerConfigKeys (ConfUtils.java:logGet(43)) - raft.server.rpc.request.timeout = 3000ms (default)
2019-07-30 20:27:13,708 INFO  server.RaftServerConfigKeys (ConfUtils.java:logGet(43)) - raft.server.storage.dir = [/workdir/hadoop-ozone/integration-test/target/test-dir/MiniOzoneClusterImpl-9cdb6828-2280-461c-a17f-287379f09a1f/datanode-3/data/ratis] (custom)
2019-07-30 20:27:13,708 INFO  replication.SimpleContainerDownloader (SimpleContainerDownloader.java:<init>(72)) - Starting container downloader service to copy containers to replicate.
2019-07-30 20:27:13,709 INFO  hdfs.DFSUtil (DFSUtil.java:httpServerTemplateForNNAndJN(1641)) - Starting Web-server for hddsDatanode at: http://0.0.0.0:0
2019-07-30 20:27:13,710 INFO  server.AuthenticationFilter (AuthenticationFilter.java:constructSecretProvider(240)) - Unable to initialize FileSignerSecretProvider, falling back to use random secrets.
2019-07-30 20:27:13,711 WARN  http.HttpRequestLog (HttpRequestLog.java:getRequestLog(97)) - Jetty request log can only be enabled using Log4j
2019-07-30 20:27:13,712 INFO  http.HttpServer2 (HttpServer2.java:addGlobalFilter(975)) - Added global filter 'safety' (class=org.apache.hadoop.http.HttpServer2$QuotingInputFilter)
2019-07-30 20:27:13,712 INFO  http.HttpServer2 (HttpServer2.java:addFilter(948)) - Added filter static_user_filter (class=org.apache.hadoop.http.lib.StaticUserWebFilter$StaticUserFilter) to context hddsDatanode
2019-07-30 20:27:13,712 INFO  http.HttpServer2 (HttpServer2.java:addFilter(958)) - Added filter static_user_filter (class=org.apache.hadoop.http.lib.StaticUserWebFilter$StaticUserFilter) to context static
2019-07-30 20:27:13,712 INFO  http.HttpServer2 (HttpServer2.java:addFilter(958)) - Added filter static_user_filter (class=org.apache.hadoop.http.lib.StaticUserWebFilter$StaticUserFilter) to context logs
2019-07-30 20:27:13,713 INFO  http.HttpServer2 (HttpServer2.java:bindListener(1191)) - Jetty bound to port 39924
2019-07-30 20:27:13,713 INFO  server.Server (Server.java:doStart(351)) - jetty-9.3.24.v20180605, build timestamp: 2018-06-05T17:11:56Z, git hash: 84205aa28f11a4f31f2a3b86d1bba2cc8ab69827
2019-07-30 20:27:13,715 INFO  handler.ContextHandler (ContextHandler.java:doStart(781)) - Started o.e.j.s.ServletContextHandler@1e4a4ed5{/logs,file:///workdir/hadoop-ozone/integration-test/target/log,AVAILABLE}
2019-07-30 20:27:13,715 INFO  handler.ContextHandler (ContextHandler.java:doStart(781)) - Started o.e.j.s.ServletContextHandler@445f6f73{/static,jar:file:/home/user/.m2/repository/org/apache/hadoop/hadoop-hdds-container-service/0.4.1-SNAPSHOT/hadoop-hdds-container-service-0.4.1-SNAPSHOT.jar!/webapps/static,AVAILABLE}
2019-07-30 20:27:13,742 INFO  handler.ContextHandler (ContextHandler.java:doStart(781)) - Started o.e.j.w.WebAppContext@35d8ba22{/,file:///tmp/jetty-0.0.0.0-39924-hddsDatanode-_-any-5072122232369724661.dir/webapp/,AVAILABLE}{/hddsDatanode}
2019-07-30 20:27:13,742 INFO  server.AbstractConnector (AbstractConnector.java:doStart(278)) - Started ServerConnector@3fc051ce{HTTP/1.1,[http/1.1]}{0.0.0.0:39924}
2019-07-30 20:27:13,743 INFO  server.Server (Server.java:doStart(419)) - Started @119280ms
2019-07-30 20:27:13,744 INFO  server.BaseHttpServer (BaseHttpServer.java:updateConnectorAddress(207)) - HTTP server of HDDSDATANODE is listening at http://0.0.0.0:39924
2019-07-30 20:27:13,848 INFO  ozone.HddsDatanodeService (HddsDatanodeService.java:startPlugins(395)) - Started plug-in org.apache.hadoop.ozone.web.OzoneHddsDatanodeService@eb1e868
2019-07-30 20:27:13,848 INFO  impl.MetricsSystemImpl (MetricsSystemImpl.java:init(158)) - HddsDatanode metrics system started (again)
2019-07-30 20:27:13,851 INFO  ozone.HddsDatanodeService (HddsDatanodeService.java:start(184)) - HddsDatanodeService host:byscane-nightly-zbvcj-1516659162 ip:192.168.69.110
2019-07-30 20:27:13,851 INFO  util.JvmPauseMonitor (JvmPauseMonitor.java:run(188)) - Starting JVM pause monitor
2019-07-30 20:27:13,853 INFO  datanode.InitDatanodeState (InitDatanodeState.java:persistContainerDatanodeDetails(140)) - DatanodeDetails is persisted to /workdir/hadoop-ozone/integration-test/target/test-dir/MiniOzoneClusterImpl-9cdb6828-2280-461c-a17f-287379f09a1f/datanode-3/meta/datanode.id
2019-07-30 20:27:13,860 INFO  volume.HddsVolume (HddsVolume.java:<init>(176)) - Creating Volume: /workdir/hadoop-ozone/integration-test/target/test-dir/MiniOzoneClusterImpl-9cdb6828-2280-461c-a17f-287379f09a1f/datanode-4/data/containers/hdds of  storage type : DISK and capacity : 52710309888
2019-07-30 20:27:13,860 INFO  volume.VolumeSet (VolumeSet.java:initializeVolumeSet(170)) - Added Volume : /workdir/hadoop-ozone/integration-test/target/test-dir/MiniOzoneClusterImpl-9cdb6828-2280-461c-a17f-287379f09a1f/datanode-4/data/containers/hdds to VolumeSet
2019-07-30 20:27:13,861 INFO  volume.ThrottledAsyncChecker (ThrottledAsyncChecker.java:schedule(140)) - Scheduling a check for org.apache.hadoop.ozone.container.common.volume.HddsVolume@285ac40b
2019-07-30 20:27:13,861 INFO  volume.HddsVolumeChecker (HddsVolumeChecker.java:checkAllVolumes(203)) - Scheduled health check for volume org.apache.hadoop.ozone.container.common.volume.HddsVolume@285ac40b
2019-07-30 20:27:13,880 INFO  impl.RaftServerProxy (ConfUtils.java:logGet(43)) - raft.rpc.type = GRPC (default)
2019-07-30 20:27:13,881 INFO  grpc.GrpcFactory (GrpcFactory.java:checkPooledByteBufAllocatorUseCacheForAllThreads(45)) - PERFORMANCE WARNING: useCacheForAllThreads is true that may cause Netty to create a lot garbage objects and, as a result, trigger GC.
	It is recommended to disable useCacheForAllThreads by setting -Dorg.apache.ratis.thirdparty.io.netty.allocator.useCacheForAllThreads=false in command line.
2019-07-30 20:27:13,881 INFO  grpc.GrpcConfigKeys$Server (ConfUtils.java:logGet(43)) - raft.grpc.server.port = 0 (default)
2019-07-30 20:27:13,881 INFO  server.GrpcService (ConfUtils.java:logGet(43)) - raft.grpc.message.size.max = 33570816 (custom)
2019-07-30 20:27:13,881 INFO  server.RaftServerConfigKeys (ConfUtils.java:logGet(43)) - raft.server.log.appender.buffer.byte-limit = 33554432 (custom)
2019-07-30 20:27:13,881 INFO  server.GrpcService (ConfUtils.java:logGet(43)) - raft.grpc.flow.control.window = 1MB (=1048576) (default)
2019-07-30 20:27:13,881 INFO  server.RaftServerConfigKeys (ConfUtils.java:logGet(43)) - raft.server.rpc.request.timeout = 3000ms (default)
2019-07-30 20:27:13,882 INFO  server.RaftServerConfigKeys (ConfUtils.java:logGet(43)) - raft.server.storage.dir = [/workdir/hadoop-ozone/integration-test/target/test-dir/MiniOzoneClusterImpl-9cdb6828-2280-461c-a17f-287379f09a1f/datanode-4/data/ratis] (custom)
2019-07-30 20:27:13,882 INFO  replication.SimpleContainerDownloader (SimpleContainerDownloader.java:<init>(72)) - Starting container downloader service to copy containers to replicate.
2019-07-30 20:27:13,883 INFO  hdfs.DFSUtil (DFSUtil.java:httpServerTemplateForNNAndJN(1641)) - Starting Web-server for hddsDatanode at: http://0.0.0.0:0
2019-07-30 20:27:13,884 INFO  server.AuthenticationFilter (AuthenticationFilter.java:constructSecretProvider(240)) - Unable to initialize FileSignerSecretProvider, falling back to use random secrets.
2019-07-30 20:27:13,885 WARN  http.HttpRequestLog (HttpRequestLog.java:getRequestLog(97)) - Jetty request log can only be enabled using Log4j
2019-07-30 20:27:13,886 INFO  http.HttpServer2 (HttpServer2.java:addGlobalFilter(975)) - Added global filter 'safety' (class=org.apache.hadoop.http.HttpServer2$QuotingInputFilter)
2019-07-30 20:27:13,886 INFO  http.HttpServer2 (HttpServer2.java:addFilter(948)) - Added filter static_user_filter (class=org.apache.hadoop.http.lib.StaticUserWebFilter$StaticUserFilter) to context hddsDatanode
2019-07-30 20:27:13,886 INFO  http.HttpServer2 (HttpServer2.java:addFilter(958)) - Added filter static_user_filter (class=org.apache.hadoop.http.lib.StaticUserWebFilter$StaticUserFilter) to context logs
2019-07-30 20:27:13,887 INFO  http.HttpServer2 (HttpServer2.java:addFilter(958)) - Added filter static_user_filter (class=org.apache.hadoop.http.lib.StaticUserWebFilter$StaticUserFilter) to context static
2019-07-30 20:27:13,887 INFO  http.HttpServer2 (HttpServer2.java:bindListener(1191)) - Jetty bound to port 38303
2019-07-30 20:27:13,887 INFO  server.Server (Server.java:doStart(351)) - jetty-9.3.24.v20180605, build timestamp: 2018-06-05T17:11:56Z, git hash: 84205aa28f11a4f31f2a3b86d1bba2cc8ab69827
2019-07-30 20:27:13,889 INFO  handler.ContextHandler (ContextHandler.java:doStart(781)) - Started o.e.j.s.ServletContextHandler@2823b7c5{/logs,file:///workdir/hadoop-ozone/integration-test/target/log,AVAILABLE}
2019-07-30 20:27:13,889 INFO  handler.ContextHandler (ContextHandler.java:doStart(781)) - Started o.e.j.s.ServletContextHandler@6f6c6c70{/static,jar:file:/home/user/.m2/repository/org/apache/hadoop/hadoop-hdds-container-service/0.4.1-SNAPSHOT/hadoop-hdds-container-service-0.4.1-SNAPSHOT.jar!/webapps/static,AVAILABLE}
2019-07-30 20:27:13,916 INFO  handler.ContextHandler (ContextHandler.java:doStart(781)) - Started o.e.j.w.WebAppContext@27ac3b6d{/,file:///tmp/jetty-0.0.0.0-38303-hddsDatanode-_-any-1315707803017427948.dir/webapp/,AVAILABLE}{/hddsDatanode}
2019-07-30 20:27:13,916 INFO  server.AbstractConnector (AbstractConnector.java:doStart(278)) - Started ServerConnector@598f1faf{HTTP/1.1,[http/1.1]}{0.0.0.0:38303}
2019-07-30 20:27:13,918 INFO  server.Server (Server.java:doStart(419)) - Started @119454ms
2019-07-30 20:27:13,918 INFO  server.BaseHttpServer (BaseHttpServer.java:updateConnectorAddress(207)) - HTTP server of HDDSDATANODE is listening at http://0.0.0.0:38303
2019-07-30 20:27:14,024 INFO  ozone.HddsDatanodeService (HddsDatanodeService.java:startPlugins(395)) - Started plug-in org.apache.hadoop.ozone.web.OzoneHddsDatanodeService@d60cbad
2019-07-30 20:27:14,025 INFO  impl.MetricsSystemImpl (MetricsSystemImpl.java:init(158)) - HddsDatanode metrics system started (again)
2019-07-30 20:27:14,029 INFO  ozone.HddsDatanodeService (HddsDatanodeService.java:start(184)) - HddsDatanodeService host:byscane-nightly-zbvcj-1516659162 ip:192.168.69.110
2019-07-30 20:27:14,029 INFO  util.JvmPauseMonitor (JvmPauseMonitor.java:run(188)) - Starting JVM pause monitor
2019-07-30 20:27:14,030 INFO  datanode.InitDatanodeState (InitDatanodeState.java:persistContainerDatanodeDetails(140)) - DatanodeDetails is persisted to /workdir/hadoop-ozone/integration-test/target/test-dir/MiniOzoneClusterImpl-9cdb6828-2280-461c-a17f-287379f09a1f/datanode-4/meta/datanode.id
2019-07-30 20:27:14,038 INFO  volume.HddsVolume (HddsVolume.java:<init>(176)) - Creating Volume: /workdir/hadoop-ozone/integration-test/target/test-dir/MiniOzoneClusterImpl-9cdb6828-2280-461c-a17f-287379f09a1f/datanode-5/data/containers/hdds of  storage type : DISK and capacity : 52710309888
2019-07-30 20:27:14,038 INFO  volume.VolumeSet (VolumeSet.java:initializeVolumeSet(170)) - Added Volume : /workdir/hadoop-ozone/integration-test/target/test-dir/MiniOzoneClusterImpl-9cdb6828-2280-461c-a17f-287379f09a1f/datanode-5/data/containers/hdds to VolumeSet
2019-07-30 20:27:14,039 INFO  volume.ThrottledAsyncChecker (ThrottledAsyncChecker.java:schedule(140)) - Scheduling a check for org.apache.hadoop.ozone.container.common.volume.HddsVolume@3986b9e9
2019-07-30 20:27:14,039 INFO  volume.HddsVolumeChecker (HddsVolumeChecker.java:checkAllVolumes(203)) - Scheduled health check for volume org.apache.hadoop.ozone.container.common.volume.HddsVolume@3986b9e9
2019-07-30 20:27:14,053 INFO  impl.RaftServerProxy (ConfUtils.java:logGet(43)) - raft.rpc.type = GRPC (default)
2019-07-30 20:27:14,054 INFO  grpc.GrpcFactory (GrpcFactory.java:checkPooledByteBufAllocatorUseCacheForAllThreads(45)) - PERFORMANCE WARNING: useCacheForAllThreads is true that may cause Netty to create a lot garbage objects and, as a result, trigger GC.
	It is recommended to disable useCacheForAllThreads by setting -Dorg.apache.ratis.thirdparty.io.netty.allocator.useCacheForAllThreads=false in command line.
2019-07-30 20:27:14,054 INFO  grpc.GrpcConfigKeys$Server (ConfUtils.java:logGet(43)) - raft.grpc.server.port = 0 (default)
2019-07-30 20:27:14,054 INFO  server.GrpcService (ConfUtils.java:logGet(43)) - raft.grpc.message.size.max = 33570816 (custom)
2019-07-30 20:27:14,054 INFO  server.RaftServerConfigKeys (ConfUtils.java:logGet(43)) - raft.server.log.appender.buffer.byte-limit = 33554432 (custom)
2019-07-30 20:27:14,054 INFO  server.GrpcService (ConfUtils.java:logGet(43)) - raft.grpc.flow.control.window = 1MB (=1048576) (default)
2019-07-30 20:27:14,055 INFO  server.RaftServerConfigKeys (ConfUtils.java:logGet(43)) - raft.server.rpc.request.timeout = 3000ms (default)
2019-07-30 20:27:14,055 INFO  server.RaftServerConfigKeys (ConfUtils.java:logGet(43)) - raft.server.storage.dir = [/workdir/hadoop-ozone/integration-test/target/test-dir/MiniOzoneClusterImpl-9cdb6828-2280-461c-a17f-287379f09a1f/datanode-5/data/ratis] (custom)
2019-07-30 20:27:14,055 INFO  replication.SimpleContainerDownloader (SimpleContainerDownloader.java:<init>(72)) - Starting container downloader service to copy containers to replicate.
2019-07-30 20:27:14,056 INFO  hdfs.DFSUtil (DFSUtil.java:httpServerTemplateForNNAndJN(1641)) - Starting Web-server for hddsDatanode at: http://0.0.0.0:0
2019-07-30 20:27:14,058 INFO  server.AuthenticationFilter (AuthenticationFilter.java:constructSecretProvider(240)) - Unable to initialize FileSignerSecretProvider, falling back to use random secrets.
2019-07-30 20:27:14,058 WARN  http.HttpRequestLog (HttpRequestLog.java:getRequestLog(97)) - Jetty request log can only be enabled using Log4j
2019-07-30 20:27:14,059 INFO  http.HttpServer2 (HttpServer2.java:addGlobalFilter(975)) - Added global filter 'safety' (class=org.apache.hadoop.http.HttpServer2$QuotingInputFilter)
2019-07-30 20:27:14,059 INFO  http.HttpServer2 (HttpServer2.java:addFilter(948)) - Added filter static_user_filter (class=org.apache.hadoop.http.lib.StaticUserWebFilter$StaticUserFilter) to context hddsDatanode
2019-07-30 20:27:14,060 INFO  http.HttpServer2 (HttpServer2.java:addFilter(958)) - Added filter static_user_filter (class=org.apache.hadoop.http.lib.StaticUserWebFilter$StaticUserFilter) to context logs
2019-07-30 20:27:14,060 INFO  http.HttpServer2 (HttpServer2.java:addFilter(958)) - Added filter static_user_filter (class=org.apache.hadoop.http.lib.StaticUserWebFilter$StaticUserFilter) to context static
2019-07-30 20:27:14,060 INFO  http.HttpServer2 (HttpServer2.java:bindListener(1191)) - Jetty bound to port 33464
2019-07-30 20:27:14,060 INFO  server.Server (Server.java:doStart(351)) - jetty-9.3.24.v20180605, build timestamp: 2018-06-05T17:11:56Z, git hash: 84205aa28f11a4f31f2a3b86d1bba2cc8ab69827
2019-07-30 20:27:14,062 INFO  handler.ContextHandler (ContextHandler.java:doStart(781)) - Started o.e.j.s.ServletContextHandler@750b200b{/logs,file:///workdir/hadoop-ozone/integration-test/target/log,AVAILABLE}
2019-07-30 20:27:14,062 INFO  handler.ContextHandler (ContextHandler.java:doStart(781)) - Started o.e.j.s.ServletContextHandler@eaa07bb{/static,jar:file:/home/user/.m2/repository/org/apache/hadoop/hadoop-hdds-container-service/0.4.1-SNAPSHOT/hadoop-hdds-container-service-0.4.1-SNAPSHOT.jar!/webapps/static,AVAILABLE}
2019-07-30 20:27:14,091 INFO  handler.ContextHandler (ContextHandler.java:doStart(781)) - Started o.e.j.w.WebAppContext@37dc7661{/,file:///tmp/jetty-0.0.0.0-33464-hddsDatanode-_-any-7301924935322128941.dir/webapp/,AVAILABLE}{/hddsDatanode}
2019-07-30 20:27:14,091 INFO  server.AbstractConnector (AbstractConnector.java:doStart(278)) - Started ServerConnector@2e015ac1{HTTP/1.1,[http/1.1]}{0.0.0.0:33464}
2019-07-30 20:27:14,093 INFO  server.Server (Server.java:doStart(419)) - Started @119629ms
2019-07-30 20:27:14,094 INFO  server.BaseHttpServer (BaseHttpServer.java:updateConnectorAddress(207)) - HTTP server of HDDSDATANODE is listening at http://0.0.0.0:33464
2019-07-30 20:27:14,229 INFO  ozone.HddsDatanodeService (HddsDatanodeService.java:startPlugins(395)) - Started plug-in org.apache.hadoop.ozone.web.OzoneHddsDatanodeService@5b4b6f3b
2019-07-30 20:27:14,230 INFO  ozone.MiniOzoneClusterImpl (MiniOzoneClusterImpl.java:lambda$waitForClusterToBeReady$0(142)) - Waiting for cluster to be ready. Got 0 of 6 DN Heartbeats.
2019-07-30 20:27:14,231 INFO  util.JvmPauseMonitor (JvmPauseMonitor.java:run(188)) - Starting JVM pause monitor
2019-07-30 20:27:14,233 INFO  datanode.InitDatanodeState (InitDatanodeState.java:persistContainerDatanodeDetails(140)) - DatanodeDetails is persisted to /workdir/hadoop-ozone/integration-test/target/test-dir/MiniOzoneClusterImpl-9cdb6828-2280-461c-a17f-287379f09a1f/datanode-5/meta/datanode.id
2019-07-30 20:27:15,230 INFO  ozone.MiniOzoneClusterImpl (MiniOzoneClusterImpl.java:lambda$waitForClusterToBeReady$0(142)) - Waiting for cluster to be ready. Got 0 of 6 DN Heartbeats.
2019-07-30 20:27:15,383 INFO  ozoneimpl.OzoneContainer (OzoneContainer.java:start(186)) - Attempting to start container services.
2019-07-30 20:27:15,383 INFO  ozoneimpl.OzoneContainer (OzoneContainer.java:startContainerScrub(160)) - Background container scrubber has been disabled by hdds.containerscrub.enabled
2019-07-30 20:27:15,384 INFO  ratis.XceiverServerRatis (XceiverServerRatis.java:start(404)) - Starting XceiverServerRatis 6d241a64-b43e-4fbf-916d-c8c3e6999ca7 at port 0
2019-07-30 20:27:15,391 INFO  impl.RaftServerProxy (RaftServerProxy.java:lambda$start$3(299)) - 6d241a64-b43e-4fbf-916d-c8c3e6999ca7: start RPC server
2019-07-30 20:27:15,393 INFO  server.GrpcService (GrpcService.java:startImpl(149)) - 6d241a64-b43e-4fbf-916d-c8c3e6999ca7: GrpcService started, listening on 0.0.0.0/0.0.0.0:43479
2019-07-30 20:27:15,393 INFO  ratis.XceiverServerRatis (XceiverServerRatis.java:start(414)) - XceiverServerRatis 6d241a64-b43e-4fbf-916d-c8c3e6999ca7 is started using port 43479
2019-07-30 20:27:15,393 INFO  server.XceiverServerGrpc (XceiverServerGrpc.java:start(161)) - XceiverServerGrpc 6d241a64-b43e-4fbf-916d-c8c3e6999ca7 is started using port 32869
2019-07-30 20:27:15,533 INFO  ozoneimpl.OzoneContainer (OzoneContainer.java:start(186)) - Attempting to start container services.
2019-07-30 20:27:15,533 INFO  ozoneimpl.OzoneContainer (OzoneContainer.java:startContainerScrub(160)) - Background container scrubber has been disabled by hdds.containerscrub.enabled
2019-07-30 20:27:15,533 INFO  ratis.XceiverServerRatis (XceiverServerRatis.java:start(404)) - Starting XceiverServerRatis 99aa13c5-3437-4911-a3ab-76a4f1cc7195 at port 0
2019-07-30 20:27:15,540 INFO  impl.RaftServerProxy (RaftServerProxy.java:lambda$start$3(299)) - 99aa13c5-3437-4911-a3ab-76a4f1cc7195: start RPC server
2019-07-30 20:27:15,547 INFO  server.GrpcService (GrpcService.java:startImpl(149)) - 99aa13c5-3437-4911-a3ab-76a4f1cc7195: GrpcService started, listening on 0.0.0.0/0.0.0.0:43962
2019-07-30 20:27:15,548 INFO  ratis.XceiverServerRatis (XceiverServerRatis.java:start(414)) - XceiverServerRatis 99aa13c5-3437-4911-a3ab-76a4f1cc7195 is started using port 43962
2019-07-30 20:27:15,550 INFO  server.XceiverServerGrpc (XceiverServerGrpc.java:start(161)) - XceiverServerGrpc 99aa13c5-3437-4911-a3ab-76a4f1cc7195 is started using port 39937
2019-07-30 20:27:15,697 INFO  ozoneimpl.OzoneContainer (OzoneContainer.java:start(186)) - Attempting to start container services.
2019-07-30 20:27:15,698 INFO  ozoneimpl.OzoneContainer (OzoneContainer.java:startContainerScrub(160)) - Background container scrubber has been disabled by hdds.containerscrub.enabled
2019-07-30 20:27:15,698 INFO  ratis.XceiverServerRatis (XceiverServerRatis.java:start(404)) - Starting XceiverServerRatis 46a37b55-e33e-446d-a63d-6c5e13d164b3 at port 0
2019-07-30 20:27:15,705 INFO  impl.RaftServerProxy (RaftServerProxy.java:lambda$start$3(299)) - 46a37b55-e33e-446d-a63d-6c5e13d164b3: start RPC server
2019-07-30 20:27:15,706 INFO  server.GrpcService (GrpcService.java:startImpl(149)) - 46a37b55-e33e-446d-a63d-6c5e13d164b3: GrpcService started, listening on 0.0.0.0/0.0.0.0:44219
2019-07-30 20:27:15,706 INFO  ratis.XceiverServerRatis (XceiverServerRatis.java:start(414)) - XceiverServerRatis 46a37b55-e33e-446d-a63d-6c5e13d164b3 is started using port 44219
2019-07-30 20:27:15,707 INFO  server.XceiverServerGrpc (XceiverServerGrpc.java:start(161)) - XceiverServerGrpc 46a37b55-e33e-446d-a63d-6c5e13d164b3 is started using port 41872
2019-07-30 20:27:15,868 INFO  ozoneimpl.OzoneContainer (OzoneContainer.java:start(186)) - Attempting to start container services.
2019-07-30 20:27:15,869 INFO  ozoneimpl.OzoneContainer (OzoneContainer.java:startContainerScrub(160)) - Background container scrubber has been disabled by hdds.containerscrub.enabled
2019-07-30 20:27:15,869 INFO  ratis.XceiverServerRatis (XceiverServerRatis.java:start(404)) - Starting XceiverServerRatis f4bc6727-8bd3-4bb1-aa77-075ee37c02d1 at port 0
2019-07-30 20:27:15,876 INFO  impl.RaftServerProxy (RaftServerProxy.java:lambda$start$3(299)) - f4bc6727-8bd3-4bb1-aa77-075ee37c02d1: start RPC server
2019-07-30 20:27:15,879 INFO  server.GrpcService (GrpcService.java:startImpl(149)) - f4bc6727-8bd3-4bb1-aa77-075ee37c02d1: GrpcService started, listening on 0.0.0.0/0.0.0.0:34581
2019-07-30 20:27:15,879 INFO  ratis.XceiverServerRatis (XceiverServerRatis.java:start(414)) - XceiverServerRatis f4bc6727-8bd3-4bb1-aa77-075ee37c02d1 is started using port 34581
2019-07-30 20:27:15,891 INFO  server.XceiverServerGrpc (XceiverServerGrpc.java:start(161)) - XceiverServerGrpc f4bc6727-8bd3-4bb1-aa77-075ee37c02d1 is started using port 43122
2019-07-30 20:27:16,055 INFO  ozoneimpl.OzoneContainer (OzoneContainer.java:start(186)) - Attempting to start container services.
2019-07-30 20:27:16,055 INFO  ozoneimpl.OzoneContainer (OzoneContainer.java:startContainerScrub(160)) - Background container scrubber has been disabled by hdds.containerscrub.enabled
2019-07-30 20:27:16,056 INFO  ratis.XceiverServerRatis (XceiverServerRatis.java:start(404)) - Starting XceiverServerRatis b7080fa9-4be6-4a48-a718-6ce8688955c9 at port 0
2019-07-30 20:27:16,064 INFO  impl.RaftServerProxy (RaftServerProxy.java:lambda$start$3(299)) - b7080fa9-4be6-4a48-a718-6ce8688955c9: start RPC server
2019-07-30 20:27:16,065 INFO  server.GrpcService (GrpcService.java:startImpl(149)) - b7080fa9-4be6-4a48-a718-6ce8688955c9: GrpcService started, listening on 0.0.0.0/0.0.0.0:46213
2019-07-30 20:27:16,065 INFO  ratis.XceiverServerRatis (XceiverServerRatis.java:start(414)) - XceiverServerRatis b7080fa9-4be6-4a48-a718-6ce8688955c9 is started using port 46213
2019-07-30 20:27:16,067 INFO  server.XceiverServerGrpc (XceiverServerGrpc.java:start(161)) - XceiverServerGrpc b7080fa9-4be6-4a48-a718-6ce8688955c9 is started using port 41559
2019-07-30 20:27:16,231 INFO  ozone.MiniOzoneClusterImpl (MiniOzoneClusterImpl.java:lambda$waitForClusterToBeReady$0(142)) - Waiting for cluster to be ready. Got 0 of 6 DN Heartbeats.
2019-07-30 20:27:16,246 INFO  ozoneimpl.OzoneContainer (OzoneContainer.java:start(186)) - Attempting to start container services.
2019-07-30 20:27:16,247 INFO  ozoneimpl.OzoneContainer (OzoneContainer.java:startContainerScrub(160)) - Background container scrubber has been disabled by hdds.containerscrub.enabled
2019-07-30 20:27:16,247 INFO  ratis.XceiverServerRatis (XceiverServerRatis.java:start(404)) - Starting XceiverServerRatis 9407a994-3f0e-4290-b5c7-beb6902c6723 at port 0
2019-07-30 20:27:16,255 INFO  impl.RaftServerProxy (RaftServerProxy.java:lambda$start$3(299)) - 9407a994-3f0e-4290-b5c7-beb6902c6723: start RPC server
2019-07-30 20:27:16,258 INFO  server.GrpcService (GrpcService.java:startImpl(149)) - 9407a994-3f0e-4290-b5c7-beb6902c6723: GrpcService started, listening on 0.0.0.0/0.0.0.0:33034
2019-07-30 20:27:16,258 INFO  ratis.XceiverServerRatis (XceiverServerRatis.java:start(414)) - XceiverServerRatis 9407a994-3f0e-4290-b5c7-beb6902c6723 is started using port 33034
2019-07-30 20:27:16,261 INFO  server.XceiverServerGrpc (XceiverServerGrpc.java:start(161)) - XceiverServerGrpc 9407a994-3f0e-4290-b5c7-beb6902c6723 is started using port 40947
2019-07-30 20:27:17,231 INFO  ozone.MiniOzoneClusterImpl (MiniOzoneClusterImpl.java:lambda$waitForClusterToBeReady$0(142)) - Waiting for cluster to be ready. Got 0 of 6 DN Heartbeats.
2019-07-30 20:27:17,345 INFO  net.NetworkTopology (NetworkTopologyImpl.java:add(110)) - Added a new node: /default-rack/6d241a64-b43e-4fbf-916d-c8c3e6999ca7
2019-07-30 20:27:17,347 INFO  node.SCMNodeManager (SCMNodeManager.java:register(273)) - Registered Data node : 6d241a64-b43e-4fbf-916d-c8c3e6999ca7{ip: 192.168.69.110, host: byscane-nightly-zbvcj-1516659162, networkLocation: /default-rack, certSerialId: null}
2019-07-30 20:27:17,349 INFO  safemode.SCMSafeModeManager (DataNodeSafeModeRule.java:process(71)) - SCM in safe mode. 1 DataNodes registered, 1 required.
2019-07-30 20:27:17,351 INFO  safemode.SCMSafeModeManager (SCMSafeModeManager.java:validateSafeModeExitRules(177)) - ScmSafeModeManager, all rules are successfully validated
2019-07-30 20:27:17,352 INFO  safemode.SCMSafeModeManager (SCMSafeModeManager.java:exitSafeMode(193)) - SCM exiting safe mode.
2019-07-30 20:27:17,361 INFO  impl.RaftServerProxy (RaftServerProxy.java:addNew(89)) - 6d241a64-b43e-4fbf-916d-c8c3e6999ca7: addNew group-43B4C58E10B2:[6d241a64-b43e-4fbf-916d-c8c3e6999ca7:192.168.69.110:43479] returns group-43B4C58E10B2:java.util.concurrent.CompletableFuture@5a9402be[Not completed]
2019-07-30 20:27:17,363 INFO  impl.RaftServerImpl (RaftServerImpl.java:<init>(93)) - 6d241a64-b43e-4fbf-916d-c8c3e6999ca7: new RaftServerImpl for group-43B4C58E10B2:[6d241a64-b43e-4fbf-916d-c8c3e6999ca7:192.168.69.110:43479] with ContainerStateMachine:uninitialized
2019-07-30 20:27:17,363 INFO  server.RaftServerConfigKeys (ConfUtils.java:logGet(43)) - raft.server.rpc.timeout.min = 1s (custom)
2019-07-30 20:27:17,363 INFO  server.RaftServerConfigKeys (ConfUtils.java:logGet(43)) - raft.server.rpc.timeout.max = 1200ms (custom)
2019-07-30 20:27:17,364 INFO  server.RaftServerConfigKeys (ConfUtils.java:logGet(43)) - raft.server.rpcslowness.timeout = 120s (custom)
2019-07-30 20:27:17,364 INFO  server.RaftServerConfigKeys (ConfUtils.java:logGet(43)) - raft.server.sleep.deviation.threshold = 300 (default)
2019-07-30 20:27:17,364 INFO  server.RaftServerConfigKeys (ConfUtils.java:logGet(43)) - raft.server.log.appender.install.snapshot.enabled = false (custom)
2019-07-30 20:27:17,364 INFO  impl.RaftServerImpl (ServerState.java:<init>(105)) - 6d241a64-b43e-4fbf-916d-c8c3e6999ca7:group-43B4C58E10B2 ConfigurationManager, init=-1: [6d241a64-b43e-4fbf-916d-c8c3e6999ca7:192.168.69.110:43479], old=null, confs=<EMPTY_MAP>
2019-07-30 20:27:17,364 INFO  server.RaftServerConfigKeys (ConfUtils.java:logGet(43)) - raft.server.storage.dir = [/workdir/hadoop-ozone/integration-test/target/test-dir/MiniOzoneClusterImpl-9cdb6828-2280-461c-a17f-287379f09a1f/datanode-0/data/ratis] (custom)
2019-07-30 20:27:17,365 INFO  storage.RaftStorageDirectory (RaftStorageDirectory.java:analyzeStorage(246)) - The storage directory /workdir/hadoop-ozone/integration-test/target/test-dir/MiniOzoneClusterImpl-9cdb6828-2280-461c-a17f-287379f09a1f/datanode-0/data/ratis/fce8961c-4d9f-459a-b15a-43b4c58e10b2 does not exist. Creating ...
2019-07-30 20:27:17,379 INFO  storage.RaftStorageDirectory (RaftStorageDirectory.java:tryLock(328)) - Lock on /workdir/hadoop-ozone/integration-test/target/test-dir/MiniOzoneClusterImpl-9cdb6828-2280-461c-a17f-287379f09a1f/datanode-0/data/ratis/fce8961c-4d9f-459a-b15a-43b4c58e10b2/in_use.lock acquired by nodename 20859@byscane-nightly-zbvcj-1516659162
2019-07-30 20:27:17,392 INFO  storage.RaftStorage (RaftStorage.java:format(72)) - Storage directory /workdir/hadoop-ozone/integration-test/target/test-dir/MiniOzoneClusterImpl-9cdb6828-2280-461c-a17f-287379f09a1f/datanode-0/data/ratis/fce8961c-4d9f-459a-b15a-43b4c58e10b2 has been successfully formatted.
2019-07-30 20:27:17,392 INFO  ratis.ContainerStateMachine (ContainerStateMachine.java:loadSnapshot(213)) - group-43B4C58E10B2: The snapshot info is null. Setting the last applied indexto:(t:0, i:~)
2019-07-30 20:27:17,392 INFO  server.RaftServerConfigKeys (ConfUtils.java:logGet(43)) - raft.server.leader.election.timeout = 120s (custom)
2019-07-30 20:27:17,392 INFO  server.RaftServerConfigKeys (ConfUtils.java:logGet(43)) - raft.server.log.use.memory = false (default)
2019-07-30 20:27:17,393 INFO  server.RaftServerConfigKeys (ConfUtils.java:logGet(43)) - raft.server.log.purge.gap = 1000000000 (custom)
2019-07-30 20:27:17,393 INFO  server.RaftServerConfigKeys (ConfUtils.java:logGet(43)) - raft.server.log.appender.buffer.byte-limit = 33554432 (custom)
2019-07-30 20:27:17,393 INFO  server.RaftServerConfigKeys (ConfUtils.java:logGet(43)) - raft.server.log.segment.size.max = 1048576 (custom)
2019-07-30 20:27:17,393 INFO  server.RaftServerConfigKeys (ConfUtils.java:logGet(43)) - raft.server.log.segment.cache.num.max = 2 (custom)
2019-07-30 20:27:17,393 INFO  segmented.SegmentedRaftLogWorker (SegmentedRaftLogWorker.java:<init>(172)) - new 6d241a64-b43e-4fbf-916d-c8c3e6999ca7-SegmentedRaftLogWorker:Storage Directory /workdir/hadoop-ozone/integration-test/target/test-dir/MiniOzoneClusterImpl-9cdb6828-2280-461c-a17f-287379f09a1f/datanode-0/data/ratis/fce8961c-4d9f-459a-b15a-43b4c58e10b2 for RaftStorage:Storage Directory /workdir/hadoop-ozone/integration-test/target/test-dir/MiniOzoneClusterImpl-9cdb6828-2280-461c-a17f-287379f09a1f/datanode-0/data/ratis/fce8961c-4d9f-459a-b15a-43b4c58e10b2
2019-07-30 20:27:17,394 INFO  server.RaftServerConfigKeys (ConfUtils.java:logGet(43)) - raft.server.log.queue.byte-limit = 2147483647 (custom)
2019-07-30 20:27:17,394 INFO  server.RaftServerConfigKeys (ConfUtils.java:logGet(43)) - raft.server.log.queue.element-limit = 1024 (custom)
2019-07-30 20:27:17,394 INFO  server.RaftServerConfigKeys (ConfUtils.java:logGet(43)) - raft.server.log.segment.size.max = 1048576 (custom)
2019-07-30 20:27:17,395 INFO  server.RaftServerConfigKeys (ConfUtils.java:logGet(43)) - raft.server.log.preallocated.size = 16384 (custom)
2019-07-30 20:27:17,395 INFO  server.RaftServerConfigKeys (ConfUtils.java:logGet(43)) - raft.server.log.write.buffer.size = 33554432 (custom)
2019-07-30 20:27:17,395 INFO  server.RaftServerConfigKeys (ConfUtils.java:logGet(43)) - raft.server.log.force.sync.num = 128 (default)
2019-07-30 20:27:17,395 INFO  server.RaftServerConfigKeys (ConfUtils.java:logGet(43)) - raft.server.log.statemachine.data.sync = true (default)
2019-07-30 20:27:17,395 INFO  server.RaftServerConfigKeys (ConfUtils.java:logGet(43)) - raft.server.log.statemachine.data.sync.timeout = 10s (default)
2019-07-30 20:27:17,396 INFO  server.RaftServerConfigKeys (ConfUtils.java:logGet(43)) - raft.server.log.statemachine.data.sync.timeout.retry = -1 (default)
2019-07-30 20:27:17,396 INFO  server.RaftServerConfigKeys (ConfUtils.java:logGet(43)) - raft.server.log.statemachine.data.caching.enabled = true (custom)
2019-07-30 20:27:17,396 INFO  segmented.SegmentedRaftLogWorker (SegmentedRaftLogWorker.java:lambda$new$0(132)) - 6d241a64-b43e-4fbf-916d-c8c3e6999ca7-SegmentedRaftLogWorker:Storage Directory /workdir/hadoop-ozone/integration-test/target/test-dir/MiniOzoneClusterImpl-9cdb6828-2280-461c-a17f-287379f09a1f/datanode-0/data/ratis/fce8961c-4d9f-459a-b15a-43b4c58e10b2: flushIndex: setUnconditionally 0 -> -1
2019-07-30 20:27:17,397 INFO  server.RaftServerConfigKeys (ConfUtils.java:logGet(43)) - raft.server.snapshot.auto.trigger.enabled = true (custom)
2019-07-30 20:27:17,397 INFO  server.RaftServerConfigKeys (ConfUtils.java:logGet(43)) - raft.server.snapshot.auto.trigger.threshold = 10000 (custom)
2019-07-30 20:27:17,397 INFO  server.RaftServerConfigKeys (ConfUtils.java:logGet(43)) - raft.server.retrycache.expirytime = 600000ms (custom)
2019-07-30 20:27:17,398 INFO  impl.RaftServerImpl (RaftServerImpl.java:start(180)) - 6d241a64-b43e-4fbf-916d-c8c3e6999ca7: start group-43B4C58E10B2
2019-07-30 20:27:17,398 INFO  impl.RaftServerImpl (RaftServerImpl.java:setRole(171)) - 6d241a64-b43e-4fbf-916d-c8c3e6999ca7:group-43B4C58E10B2 changes role from null to FOLLOWER at term 0 for startAsFollower
2019-07-30 20:27:17,398 INFO  impl.RoleInfo (RoleInfo.java:updateAndGet(143)) - 6d241a64-b43e-4fbf-916d-c8c3e6999ca7: start FollowerState
2019-07-30 20:27:17,398 INFO  util.JmxRegister (JmxRegister.java:tryRegister(44)) - Successfully registered JMX Bean with object name Ratis:service=RaftServer,group=group-43B4C58E10B2,id=6d241a64-b43e-4fbf-916d-c8c3e6999ca7
2019-07-30 20:27:17,404 INFO  pipeline.PipelineStateManager (PipelineStateManager.java:addPipeline(56)) - Created pipeline Pipeline[ Id: fce8961c-4d9f-459a-b15a-43b4c58e10b2, Nodes: 6d241a64-b43e-4fbf-916d-c8c3e6999ca7{ip: 192.168.69.110, host: byscane-nightly-zbvcj-1516659162, networkLocation: /default-rack, certSerialId: null}, Type:RATIS, Factor:ONE, State:OPEN]
2019-07-30 20:27:17,517 INFO  net.NetworkTopology (NetworkTopologyImpl.java:add(110)) - Added a new node: /default-rack/99aa13c5-3437-4911-a3ab-76a4f1cc7195
2019-07-30 20:27:17,518 INFO  node.SCMNodeManager (SCMNodeManager.java:register(273)) - Registered Data node : 99aa13c5-3437-4911-a3ab-76a4f1cc7195{ip: 192.168.69.110, host: byscane-nightly-zbvcj-1516659162, networkLocation: /default-rack, certSerialId: null}
2019-07-30 20:27:17,534 INFO  impl.RaftServerProxy (RaftServerProxy.java:addNew(89)) - 99aa13c5-3437-4911-a3ab-76a4f1cc7195: addNew group-C35449593A8A:[99aa13c5-3437-4911-a3ab-76a4f1cc7195:192.168.69.110:43962] returns group-C35449593A8A:java.util.concurrent.CompletableFuture@603882e9[Not completed]
2019-07-30 20:27:17,535 INFO  impl.RaftServerImpl (RaftServerImpl.java:<init>(93)) - 99aa13c5-3437-4911-a3ab-76a4f1cc7195: new RaftServerImpl for group-C35449593A8A:[99aa13c5-3437-4911-a3ab-76a4f1cc7195:192.168.69.110:43962] with ContainerStateMachine:uninitialized
2019-07-30 20:27:17,536 INFO  server.RaftServerConfigKeys (ConfUtils.java:logGet(43)) - raft.server.rpc.timeout.min = 1s (custom)
2019-07-30 20:27:17,536 INFO  server.RaftServerConfigKeys (ConfUtils.java:logGet(43)) - raft.server.rpc.timeout.max = 1200ms (custom)
2019-07-30 20:27:17,536 INFO  server.RaftServerConfigKeys (ConfUtils.java:logGet(43)) - raft.server.rpcslowness.timeout = 120s (custom)
2019-07-30 20:27:17,536 INFO  server.RaftServerConfigKeys (ConfUtils.java:logGet(43)) - raft.server.sleep.deviation.threshold = 300 (default)
2019-07-30 20:27:17,536 INFO  server.RaftServerConfigKeys (ConfUtils.java:logGet(43)) - raft.server.log.appender.install.snapshot.enabled = false (custom)
2019-07-30 20:27:17,536 INFO  impl.RaftServerImpl (ServerState.java:<init>(105)) - 99aa13c5-3437-4911-a3ab-76a4f1cc7195:group-C35449593A8A ConfigurationManager, init=-1: [99aa13c5-3437-4911-a3ab-76a4f1cc7195:192.168.69.110:43962], old=null, confs=<EMPTY_MAP>
2019-07-30 20:27:17,537 INFO  server.RaftServerConfigKeys (ConfUtils.java:logGet(43)) - raft.server.storage.dir = [/workdir/hadoop-ozone/integration-test/target/test-dir/MiniOzoneClusterImpl-9cdb6828-2280-461c-a17f-287379f09a1f/datanode-1/data/ratis] (custom)
2019-07-30 20:27:17,537 INFO  storage.RaftStorageDirectory (RaftStorageDirectory.java:analyzeStorage(246)) - The storage directory /workdir/hadoop-ozone/integration-test/target/test-dir/MiniOzoneClusterImpl-9cdb6828-2280-461c-a17f-287379f09a1f/datanode-1/data/ratis/49b15e8d-dbe2-461c-b4ae-c35449593a8a does not exist. Creating ...
2019-07-30 20:27:17,551 INFO  storage.RaftStorageDirectory (RaftStorageDirectory.java:tryLock(328)) - Lock on /workdir/hadoop-ozone/integration-test/target/test-dir/MiniOzoneClusterImpl-9cdb6828-2280-461c-a17f-287379f09a1f/datanode-1/data/ratis/49b15e8d-dbe2-461c-b4ae-c35449593a8a/in_use.lock acquired by nodename 20859@byscane-nightly-zbvcj-1516659162
2019-07-30 20:27:17,564 INFO  storage.RaftStorage (RaftStorage.java:format(72)) - Storage directory /workdir/hadoop-ozone/integration-test/target/test-dir/MiniOzoneClusterImpl-9cdb6828-2280-461c-a17f-287379f09a1f/datanode-1/data/ratis/49b15e8d-dbe2-461c-b4ae-c35449593a8a has been successfully formatted.
2019-07-30 20:27:17,565 INFO  ratis.ContainerStateMachine (ContainerStateMachine.java:loadSnapshot(213)) - group-C35449593A8A: The snapshot info is null. Setting the last applied indexto:(t:0, i:~)
2019-07-30 20:27:17,565 INFO  server.RaftServerConfigKeys (ConfUtils.java:logGet(43)) - raft.server.leader.election.timeout = 120s (custom)
2019-07-30 20:27:17,565 INFO  server.RaftServerConfigKeys (ConfUtils.java:logGet(43)) - raft.server.log.use.memory = false (default)
2019-07-30 20:27:17,565 INFO  server.RaftServerConfigKeys (ConfUtils.java:logGet(43)) - raft.server.log.purge.gap = 1000000000 (custom)
2019-07-30 20:27:17,565 INFO  server.RaftServerConfigKeys (ConfUtils.java:logGet(43)) - raft.server.log.appender.buffer.byte-limit = 33554432 (custom)
2019-07-30 20:27:17,565 INFO  server.RaftServerConfigKeys (ConfUtils.java:logGet(43)) - raft.server.log.segment.size.max = 1048576 (custom)
2019-07-30 20:27:17,566 INFO  server.RaftServerConfigKeys (ConfUtils.java:logGet(43)) - raft.server.log.segment.cache.num.max = 2 (custom)
2019-07-30 20:27:17,566 INFO  segmented.SegmentedRaftLogWorker (SegmentedRaftLogWorker.java:<init>(172)) - new 99aa13c5-3437-4911-a3ab-76a4f1cc7195-SegmentedRaftLogWorker:Storage Directory /workdir/hadoop-ozone/integration-test/target/test-dir/MiniOzoneClusterImpl-9cdb6828-2280-461c-a17f-287379f09a1f/datanode-1/data/ratis/49b15e8d-dbe2-461c-b4ae-c35449593a8a for RaftStorage:Storage Directory /workdir/hadoop-ozone/integration-test/target/test-dir/MiniOzoneClusterImpl-9cdb6828-2280-461c-a17f-287379f09a1f/datanode-1/data/ratis/49b15e8d-dbe2-461c-b4ae-c35449593a8a
2019-07-30 20:27:17,566 INFO  server.RaftServerConfigKeys (ConfUtils.java:logGet(43)) - raft.server.log.queue.byte-limit = 2147483647 (custom)
2019-07-30 20:27:17,566 INFO  server.RaftServerConfigKeys (ConfUtils.java:logGet(43)) - raft.server.log.queue.element-limit = 1024 (custom)
2019-07-30 20:27:17,566 INFO  server.RaftServerConfigKeys (ConfUtils.java:logGet(43)) - raft.server.log.segment.size.max = 1048576 (custom)
2019-07-30 20:27:17,567 INFO  server.RaftServerConfigKeys (ConfUtils.java:logGet(43)) - raft.server.log.preallocated.size = 16384 (custom)
2019-07-30 20:27:17,567 INFO  server.RaftServerConfigKeys (ConfUtils.java:logGet(43)) - raft.server.log.write.buffer.size = 33554432 (custom)
2019-07-30 20:27:17,567 INFO  server.RaftServerConfigKeys (ConfUtils.java:logGet(43)) - raft.server.log.force.sync.num = 128 (default)
2019-07-30 20:27:17,567 INFO  server.RaftServerConfigKeys (ConfUtils.java:logGet(43)) - raft.server.log.statemachine.data.sync = true (default)
2019-07-30 20:27:17,567 INFO  server.RaftServerConfigKeys (ConfUtils.java:logGet(43)) - raft.server.log.statemachine.data.sync.timeout = 10s (default)
2019-07-30 20:27:17,567 INFO  server.RaftServerConfigKeys (ConfUtils.java:logGet(43)) - raft.server.log.statemachine.data.sync.timeout.retry = -1 (default)
2019-07-30 20:27:17,568 INFO  server.RaftServerConfigKeys (ConfUtils.java:logGet(43)) - raft.server.log.statemachine.data.caching.enabled = true (custom)
2019-07-30 20:27:17,568 INFO  segmented.SegmentedRaftLogWorker (SegmentedRaftLogWorker.java:lambda$new$0(132)) - 99aa13c5-3437-4911-a3ab-76a4f1cc7195-SegmentedRaftLogWorker:Storage Directory /workdir/hadoop-ozone/integration-test/target/test-dir/MiniOzoneClusterImpl-9cdb6828-2280-461c-a17f-287379f09a1f/datanode-1/data/ratis/49b15e8d-dbe2-461c-b4ae-c35449593a8a: flushIndex: setUnconditionally 0 -> -1
2019-07-30 20:27:17,568 INFO  server.RaftServerConfigKeys (ConfUtils.java:logGet(43)) - raft.server.snapshot.auto.trigger.enabled = true (custom)
2019-07-30 20:27:17,568 INFO  server.RaftServerConfigKeys (ConfUtils.java:logGet(43)) - raft.server.snapshot.auto.trigger.threshold = 10000 (custom)
2019-07-30 20:27:17,569 INFO  server.RaftServerConfigKeys (ConfUtils.java:logGet(43)) - raft.server.retrycache.expirytime = 600000ms (custom)
2019-07-30 20:27:17,569 INFO  impl.RaftServerImpl (RaftServerImpl.java:start(180)) - 99aa13c5-3437-4911-a3ab-76a4f1cc7195: start group-C35449593A8A
2019-07-30 20:27:17,569 INFO  impl.RaftServerImpl (RaftServerImpl.java:setRole(171)) - 99aa13c5-3437-4911-a3ab-76a4f1cc7195:group-C35449593A8A changes role from null to FOLLOWER at term 0 for startAsFollower
2019-07-30 20:27:17,569 INFO  impl.RoleInfo (RoleInfo.java:updateAndGet(143)) - 99aa13c5-3437-4911-a3ab-76a4f1cc7195: start FollowerState
2019-07-30 20:27:17,570 INFO  util.JmxRegister (JmxRegister.java:tryRegister(44)) - Successfully registered JMX Bean with object name Ratis:service=RaftServer,group=group-C35449593A8A,id=99aa13c5-3437-4911-a3ab-76a4f1cc7195
2019-07-30 20:27:17,574 INFO  pipeline.PipelineStateManager (PipelineStateManager.java:addPipeline(56)) - Created pipeline Pipeline[ Id: 49b15e8d-dbe2-461c-b4ae-c35449593a8a, Nodes: 99aa13c5-3437-4911-a3ab-76a4f1cc7195{ip: 192.168.69.110, host: byscane-nightly-zbvcj-1516659162, networkLocation: /default-rack, certSerialId: null}, Type:RATIS, Factor:ONE, State:OPEN]
2019-07-30 20:27:17,684 INFO  net.NetworkTopology (NetworkTopologyImpl.java:add(110)) - Added a new node: /default-rack/46a37b55-e33e-446d-a63d-6c5e13d164b3
2019-07-30 20:27:17,684 INFO  node.SCMNodeManager (SCMNodeManager.java:register(273)) - Registered Data node : 46a37b55-e33e-446d-a63d-6c5e13d164b3{ip: 192.168.69.110, host: byscane-nightly-zbvcj-1516659162, networkLocation: /default-rack, certSerialId: null}
2019-07-30 20:27:17,691 INFO  impl.RaftServerProxy (RaftServerProxy.java:addNew(89)) - 46a37b55-e33e-446d-a63d-6c5e13d164b3: addNew group-4963142DE3D2:[46a37b55-e33e-446d-a63d-6c5e13d164b3:192.168.69.110:44219] returns group-4963142DE3D2:java.util.concurrent.CompletableFuture@6663d2ea[Not completed]
2019-07-30 20:27:17,692 INFO  impl.RaftServerImpl (RaftServerImpl.java:<init>(93)) - 46a37b55-e33e-446d-a63d-6c5e13d164b3: new RaftServerImpl for group-4963142DE3D2:[46a37b55-e33e-446d-a63d-6c5e13d164b3:192.168.69.110:44219] with ContainerStateMachine:uninitialized
2019-07-30 20:27:17,692 INFO  server.RaftServerConfigKeys (ConfUtils.java:logGet(43)) - raft.server.rpc.timeout.min = 1s (custom)
2019-07-30 20:27:17,693 INFO  server.RaftServerConfigKeys (ConfUtils.java:logGet(43)) - raft.server.rpc.timeout.max = 1200ms (custom)
2019-07-30 20:27:17,693 INFO  server.RaftServerConfigKeys (ConfUtils.java:logGet(43)) - raft.server.rpcslowness.timeout = 120s (custom)
2019-07-30 20:27:17,693 INFO  server.RaftServerConfigKeys (ConfUtils.java:logGet(43)) - raft.server.sleep.deviation.threshold = 300 (default)
2019-07-30 20:27:17,693 INFO  server.RaftServerConfigKeys (ConfUtils.java:logGet(43)) - raft.server.log.appender.install.snapshot.enabled = false (custom)
2019-07-30 20:27:17,693 INFO  impl.RaftServerImpl (ServerState.java:<init>(105)) - 46a37b55-e33e-446d-a63d-6c5e13d164b3:group-4963142DE3D2 ConfigurationManager, init=-1: [46a37b55-e33e-446d-a63d-6c5e13d164b3:192.168.69.110:44219], old=null, confs=<EMPTY_MAP>
2019-07-30 20:27:17,693 INFO  server.RaftServerConfigKeys (ConfUtils.java:logGet(43)) - raft.server.storage.dir = [/workdir/hadoop-ozone/integration-test/target/test-dir/MiniOzoneClusterImpl-9cdb6828-2280-461c-a17f-287379f09a1f/datanode-2/data/ratis] (custom)
2019-07-30 20:27:17,694 INFO  storage.RaftStorageDirectory (RaftStorageDirectory.java:analyzeStorage(246)) - The storage directory /workdir/hadoop-ozone/integration-test/target/test-dir/MiniOzoneClusterImpl-9cdb6828-2280-461c-a17f-287379f09a1f/datanode-2/data/ratis/3d981bc8-fa5e-4cfe-8c75-4963142de3d2 does not exist. Creating ...
2019-07-30 20:27:17,707 INFO  storage.RaftStorageDirectory (RaftStorageDirectory.java:tryLock(328)) - Lock on /workdir/hadoop-ozone/integration-test/target/test-dir/MiniOzoneClusterImpl-9cdb6828-2280-461c-a17f-287379f09a1f/datanode-2/data/ratis/3d981bc8-fa5e-4cfe-8c75-4963142de3d2/in_use.lock acquired by nodename 20859@byscane-nightly-zbvcj-1516659162
2019-07-30 20:27:17,721 INFO  storage.RaftStorage (RaftStorage.java:format(72)) - Storage directory /workdir/hadoop-ozone/integration-test/target/test-dir/MiniOzoneClusterImpl-9cdb6828-2280-461c-a17f-287379f09a1f/datanode-2/data/ratis/3d981bc8-fa5e-4cfe-8c75-4963142de3d2 has been successfully formatted.
2019-07-30 20:27:17,721 INFO  ratis.ContainerStateMachine (ContainerStateMachine.java:loadSnapshot(213)) - group-4963142DE3D2: The snapshot info is null. Setting the last applied indexto:(t:0, i:~)
2019-07-30 20:27:17,721 INFO  server.RaftServerConfigKeys (ConfUtils.java:logGet(43)) - raft.server.leader.election.timeout = 120s (custom)
2019-07-30 20:27:17,721 INFO  server.RaftServerConfigKeys (ConfUtils.java:logGet(43)) - raft.server.log.use.memory = false (default)
2019-07-30 20:27:17,722 INFO  server.RaftServerConfigKeys (ConfUtils.java:logGet(43)) - raft.server.log.purge.gap = 1000000000 (custom)
2019-07-30 20:27:17,722 INFO  server.RaftServerConfigKeys (ConfUtils.java:logGet(43)) - raft.server.log.appender.buffer.byte-limit = 33554432 (custom)
2019-07-30 20:27:17,722 INFO  server.RaftServerConfigKeys (ConfUtils.java:logGet(43)) - raft.server.log.segment.size.max = 1048576 (custom)
2019-07-30 20:27:17,722 INFO  server.RaftServerConfigKeys (ConfUtils.java:logGet(43)) - raft.server.log.segment.cache.num.max = 2 (custom)
2019-07-30 20:27:17,722 INFO  segmented.SegmentedRaftLogWorker (SegmentedRaftLogWorker.java:<init>(172)) - new 46a37b55-e33e-446d-a63d-6c5e13d164b3-SegmentedRaftLogWorker:Storage Directory /workdir/hadoop-ozone/integration-test/target/test-dir/MiniOzoneClusterImpl-9cdb6828-2280-461c-a17f-287379f09a1f/datanode-2/data/ratis/3d981bc8-fa5e-4cfe-8c75-4963142de3d2 for RaftStorage:Storage Directory /workdir/hadoop-ozone/integration-test/target/test-dir/MiniOzoneClusterImpl-9cdb6828-2280-461c-a17f-287379f09a1f/datanode-2/data/ratis/3d981bc8-fa5e-4cfe-8c75-4963142de3d2
2019-07-30 20:27:17,722 INFO  server.RaftServerConfigKeys (ConfUtils.java:logGet(43)) - raft.server.log.queue.byte-limit = 2147483647 (custom)
2019-07-30 20:27:17,723 INFO  server.RaftServerConfigKeys (ConfUtils.java:logGet(43)) - raft.server.log.queue.element-limit = 1024 (custom)
2019-07-30 20:27:17,723 INFO  server.RaftServerConfigKeys (ConfUtils.java:logGet(43)) - raft.server.log.segment.size.max = 1048576 (custom)
2019-07-30 20:27:17,723 INFO  server.RaftServerConfigKeys (ConfUtils.java:logGet(43)) - raft.server.log.preallocated.size = 16384 (custom)
2019-07-30 20:27:17,723 INFO  server.RaftServerConfigKeys (ConfUtils.java:logGet(43)) - raft.server.log.write.buffer.size = 33554432 (custom)
2019-07-30 20:27:17,723 INFO  server.RaftServerConfigKeys (ConfUtils.java:logGet(43)) - raft.server.log.force.sync.num = 128 (default)
2019-07-30 20:27:17,724 INFO  server.RaftServerConfigKeys (ConfUtils.java:logGet(43)) - raft.server.log.statemachine.data.sync = true (default)
2019-07-30 20:27:17,724 INFO  server.RaftServerConfigKeys (ConfUtils.java:logGet(43)) - raft.server.log.statemachine.data.sync.timeout = 10s (default)
2019-07-30 20:27:17,724 INFO  server.RaftServerConfigKeys (ConfUtils.java:logGet(43)) - raft.server.log.statemachine.data.sync.timeout.retry = -1 (default)
2019-07-30 20:27:17,724 INFO  server.RaftServerConfigKeys (ConfUtils.java:logGet(43)) - raft.server.log.statemachine.data.caching.enabled = true (custom)
2019-07-30 20:27:17,725 INFO  segmented.SegmentedRaftLogWorker (SegmentedRaftLogWorker.java:lambda$new$0(132)) - 46a37b55-e33e-446d-a63d-6c5e13d164b3-SegmentedRaftLogWorker:Storage Directory /workdir/hadoop-ozone/integration-test/target/test-dir/MiniOzoneClusterImpl-9cdb6828-2280-461c-a17f-287379f09a1f/datanode-2/data/ratis/3d981bc8-fa5e-4cfe-8c75-4963142de3d2: flushIndex: setUnconditionally 0 -> -1
2019-07-30 20:27:17,725 INFO  server.RaftServerConfigKeys (ConfUtils.java:logGet(43)) - raft.server.snapshot.auto.trigger.enabled = true (custom)
2019-07-30 20:27:17,725 INFO  server.RaftServerConfigKeys (ConfUtils.java:logGet(43)) - raft.server.snapshot.auto.trigger.threshold = 10000 (custom)
2019-07-30 20:27:17,725 INFO  server.RaftServerConfigKeys (ConfUtils.java:logGet(43)) - raft.server.retrycache.expirytime = 600000ms (custom)
2019-07-30 20:27:17,726 INFO  impl.RaftServerImpl (RaftServerImpl.java:start(180)) - 46a37b55-e33e-446d-a63d-6c5e13d164b3: start group-4963142DE3D2
2019-07-30 20:27:17,726 INFO  impl.RaftServerImpl (RaftServerImpl.java:setRole(171)) - 46a37b55-e33e-446d-a63d-6c5e13d164b3:group-4963142DE3D2 changes role from null to FOLLOWER at term 0 for startAsFollower
2019-07-30 20:27:17,726 INFO  impl.RoleInfo (RoleInfo.java:updateAndGet(143)) - 46a37b55-e33e-446d-a63d-6c5e13d164b3: start FollowerState
2019-07-30 20:27:17,727 INFO  util.JmxRegister (JmxRegister.java:tryRegister(44)) - Successfully registered JMX Bean with object name Ratis:service=RaftServer,group=group-4963142DE3D2,id=46a37b55-e33e-446d-a63d-6c5e13d164b3
2019-07-30 20:27:17,738 INFO  pipeline.PipelineStateManager (PipelineStateManager.java:addPipeline(56)) - Created pipeline Pipeline[ Id: 3d981bc8-fa5e-4cfe-8c75-4963142de3d2, Nodes: 46a37b55-e33e-446d-a63d-6c5e13d164b3{ip: 192.168.69.110, host: byscane-nightly-zbvcj-1516659162, networkLocation: /default-rack, certSerialId: null}, Type:RATIS, Factor:ONE, State:OPEN]
2019-07-30 20:27:17,748 INFO  impl.RaftServerProxy (RaftServerProxy.java:addNew(89)) - 46a37b55-e33e-446d-a63d-6c5e13d164b3: addNew group-16660294B641:[6d241a64-b43e-4fbf-916d-c8c3e6999ca7:192.168.69.110:43479, 99aa13c5-3437-4911-a3ab-76a4f1cc7195:192.168.69.110:43962, 46a37b55-e33e-446d-a63d-6c5e13d164b3:192.168.69.110:44219] returns group-16660294B641:java.util.concurrent.CompletableFuture@793913c1[Not completed]
2019-07-30 20:27:17,751 INFO  impl.RaftServerProxy (RaftServerProxy.java:addNew(89)) - 99aa13c5-3437-4911-a3ab-76a4f1cc7195: addNew group-16660294B641:[6d241a64-b43e-4fbf-916d-c8c3e6999ca7:192.168.69.110:43479, 99aa13c5-3437-4911-a3ab-76a4f1cc7195:192.168.69.110:43962, 46a37b55-e33e-446d-a63d-6c5e13d164b3:192.168.69.110:44219] returns group-16660294B641:java.util.concurrent.CompletableFuture@1c43c21f[Not completed]
2019-07-30 20:27:17,752 INFO  impl.RaftServerProxy (RaftServerProxy.java:addNew(89)) - 6d241a64-b43e-4fbf-916d-c8c3e6999ca7: addNew group-16660294B641:[6d241a64-b43e-4fbf-916d-c8c3e6999ca7:192.168.69.110:43479, 99aa13c5-3437-4911-a3ab-76a4f1cc7195:192.168.69.110:43962, 46a37b55-e33e-446d-a63d-6c5e13d164b3:192.168.69.110:44219] returns group-16660294B641:java.util.concurrent.CompletableFuture@6d5d0381[Not completed]
2019-07-30 20:27:17,752 INFO  impl.RaftServerImpl (RaftServerImpl.java:<init>(93)) - 46a37b55-e33e-446d-a63d-6c5e13d164b3: new RaftServerImpl for group-16660294B641:[6d241a64-b43e-4fbf-916d-c8c3e6999ca7:192.168.69.110:43479, 99aa13c5-3437-4911-a3ab-76a4f1cc7195:192.168.69.110:43962, 46a37b55-e33e-446d-a63d-6c5e13d164b3:192.168.69.110:44219] with ContainerStateMachine:uninitialized
2019-07-30 20:27:17,752 INFO  server.RaftServerConfigKeys (ConfUtils.java:logGet(43)) - raft.server.rpc.timeout.min = 1s (custom)
2019-07-30 20:27:17,753 INFO  server.RaftServerConfigKeys (ConfUtils.java:logGet(43)) - raft.server.rpc.timeout.max = 1200ms (custom)
2019-07-30 20:27:17,753 INFO  server.RaftServerConfigKeys (ConfUtils.java:logGet(43)) - raft.server.rpcslowness.timeout = 120s (custom)
2019-07-30 20:27:17,753 INFO  server.RaftServerConfigKeys (ConfUtils.java:logGet(43)) - raft.server.sleep.deviation.threshold = 300 (default)
2019-07-30 20:27:17,753 INFO  impl.RaftServerImpl (RaftServerImpl.java:<init>(93)) - 99aa13c5-3437-4911-a3ab-76a4f1cc7195: new RaftServerImpl for group-16660294B641:[6d241a64-b43e-4fbf-916d-c8c3e6999ca7:192.168.69.110:43479, 99aa13c5-3437-4911-a3ab-76a4f1cc7195:192.168.69.110:43962, 46a37b55-e33e-446d-a63d-6c5e13d164b3:192.168.69.110:44219] with ContainerStateMachine:uninitialized
2019-07-30 20:27:17,753 INFO  server.RaftServerConfigKeys (ConfUtils.java:logGet(43)) - raft.server.log.appender.install.snapshot.enabled = false (custom)
2019-07-30 20:27:17,753 INFO  server.RaftServerConfigKeys (ConfUtils.java:logGet(43)) - raft.server.rpc.timeout.min = 1s (custom)
2019-07-30 20:27:17,753 INFO  impl.RaftServerImpl (ServerState.java:<init>(105)) - 46a37b55-e33e-446d-a63d-6c5e13d164b3:group-16660294B641 ConfigurationManager, init=-1: [6d241a64-b43e-4fbf-916d-c8c3e6999ca7:192.168.69.110:43479, 99aa13c5-3437-4911-a3ab-76a4f1cc7195:192.168.69.110:43962, 46a37b55-e33e-446d-a63d-6c5e13d164b3:192.168.69.110:44219], old=null, confs=<EMPTY_MAP>
2019-07-30 20:27:17,754 INFO  server.RaftServerConfigKeys (ConfUtils.java:logGet(43)) - raft.server.rpc.timeout.max = 1200ms (custom)
2019-07-30 20:27:17,754 INFO  impl.RaftServerImpl (RaftServerImpl.java:<init>(93)) - 6d241a64-b43e-4fbf-916d-c8c3e6999ca7: new RaftServerImpl for group-16660294B641:[6d241a64-b43e-4fbf-916d-c8c3e6999ca7:192.168.69.110:43479, 99aa13c5-3437-4911-a3ab-76a4f1cc7195:192.168.69.110:43962, 46a37b55-e33e-446d-a63d-6c5e13d164b3:192.168.69.110:44219] with ContainerStateMachine:uninitialized
2019-07-30 20:27:17,754 INFO  server.RaftServerConfigKeys (ConfUtils.java:logGet(43)) - raft.server.rpcslowness.timeout = 120s (custom)
2019-07-30 20:27:17,754 INFO  server.RaftServerConfigKeys (ConfUtils.java:logGet(43)) - raft.server.storage.dir = [/workdir/hadoop-ozone/integration-test/target/test-dir/MiniOzoneClusterImpl-9cdb6828-2280-461c-a17f-287379f09a1f/datanode-2/data/ratis] (custom)
2019-07-30 20:27:17,754 INFO  server.RaftServerConfigKeys (ConfUtils.java:logGet(43)) - raft.server.sleep.deviation.threshold = 300 (default)
2019-07-30 20:27:17,754 INFO  server.RaftServerConfigKeys (ConfUtils.java:logGet(43)) - raft.server.rpc.timeout.min = 1s (custom)
2019-07-30 20:27:17,755 INFO  storage.RaftStorageDirectory (RaftStorageDirectory.java:analyzeStorage(246)) - The storage directory /workdir/hadoop-ozone/integration-test/target/test-dir/MiniOzoneClusterImpl-9cdb6828-2280-461c-a17f-287379f09a1f/datanode-2/data/ratis/30603c13-da0b-43d8-9b85-16660294b641 does not exist. Creating ...
2019-07-30 20:27:17,755 INFO  server.RaftServerConfigKeys (ConfUtils.java:logGet(43)) - raft.server.log.appender.install.snapshot.enabled = false (custom)
2019-07-30 20:27:17,755 INFO  server.RaftServerConfigKeys (ConfUtils.java:logGet(43)) - raft.server.rpc.timeout.max = 1200ms (custom)
2019-07-30 20:27:17,755 INFO  impl.RaftServerImpl (ServerState.java:<init>(105)) - 99aa13c5-3437-4911-a3ab-76a4f1cc7195:group-16660294B641 ConfigurationManager, init=-1: [6d241a64-b43e-4fbf-916d-c8c3e6999ca7:192.168.69.110:43479, 99aa13c5-3437-4911-a3ab-76a4f1cc7195:192.168.69.110:43962, 46a37b55-e33e-446d-a63d-6c5e13d164b3:192.168.69.110:44219], old=null, confs=<EMPTY_MAP>
2019-07-30 20:27:17,756 INFO  server.RaftServerConfigKeys (ConfUtils.java:logGet(43)) - raft.server.rpcslowness.timeout = 120s (custom)
2019-07-30 20:27:17,756 INFO  server.RaftServerConfigKeys (ConfUtils.java:logGet(43)) - raft.server.storage.dir = [/workdir/hadoop-ozone/integration-test/target/test-dir/MiniOzoneClusterImpl-9cdb6828-2280-461c-a17f-287379f09a1f/datanode-1/data/ratis] (custom)
2019-07-30 20:27:17,756 INFO  server.RaftServerConfigKeys (ConfUtils.java:logGet(43)) - raft.server.sleep.deviation.threshold = 300 (default)
2019-07-30 20:27:17,756 INFO  server.RaftServerConfigKeys (ConfUtils.java:logGet(43)) - raft.server.log.appender.install.snapshot.enabled = false (custom)
2019-07-30 20:27:17,756 INFO  storage.RaftStorageDirectory (RaftStorageDirectory.java:analyzeStorage(246)) - The storage directory /workdir/hadoop-ozone/integration-test/target/test-dir/MiniOzoneClusterImpl-9cdb6828-2280-461c-a17f-287379f09a1f/datanode-1/data/ratis/30603c13-da0b-43d8-9b85-16660294b641 does not exist. Creating ...
2019-07-30 20:27:17,756 INFO  impl.RaftServerImpl (ServerState.java:<init>(105)) - 6d241a64-b43e-4fbf-916d-c8c3e6999ca7:group-16660294B641 ConfigurationManager, init=-1: [6d241a64-b43e-4fbf-916d-c8c3e6999ca7:192.168.69.110:43479, 99aa13c5-3437-4911-a3ab-76a4f1cc7195:192.168.69.110:43962, 46a37b55-e33e-446d-a63d-6c5e13d164b3:192.168.69.110:44219], old=null, confs=<EMPTY_MAP>
2019-07-30 20:27:17,757 INFO  server.RaftServerConfigKeys (ConfUtils.java:logGet(43)) - raft.server.storage.dir = [/workdir/hadoop-ozone/integration-test/target/test-dir/MiniOzoneClusterImpl-9cdb6828-2280-461c-a17f-287379f09a1f/datanode-0/data/ratis] (custom)
2019-07-30 20:27:17,757 INFO  storage.RaftStorageDirectory (RaftStorageDirectory.java:analyzeStorage(246)) - The storage directory /workdir/hadoop-ozone/integration-test/target/test-dir/MiniOzoneClusterImpl-9cdb6828-2280-461c-a17f-287379f09a1f/datanode-0/data/ratis/30603c13-da0b-43d8-9b85-16660294b641 does not exist. Creating ...
2019-07-30 20:27:17,769 INFO  storage.RaftStorageDirectory (RaftStorageDirectory.java:tryLock(328)) - Lock on /workdir/hadoop-ozone/integration-test/target/test-dir/MiniOzoneClusterImpl-9cdb6828-2280-461c-a17f-287379f09a1f/datanode-0/data/ratis/30603c13-da0b-43d8-9b85-16660294b641/in_use.lock acquired by nodename 20859@byscane-nightly-zbvcj-1516659162
2019-07-30 20:27:17,769 INFO  storage.RaftStorageDirectory (RaftStorageDirectory.java:tryLock(328)) - Lock on /workdir/hadoop-ozone/integration-test/target/test-dir/MiniOzoneClusterImpl-9cdb6828-2280-461c-a17f-287379f09a1f/datanode-1/data/ratis/30603c13-da0b-43d8-9b85-16660294b641/in_use.lock acquired by nodename 20859@byscane-nightly-zbvcj-1516659162
2019-07-30 20:27:17,769 INFO  storage.RaftStorageDirectory (RaftStorageDirectory.java:tryLock(328)) - Lock on /workdir/hadoop-ozone/integration-test/target/test-dir/MiniOzoneClusterImpl-9cdb6828-2280-461c-a17f-287379f09a1f/datanode-2/data/ratis/30603c13-da0b-43d8-9b85-16660294b641/in_use.lock acquired by nodename 20859@byscane-nightly-zbvcj-1516659162
2019-07-30 20:27:17,783 INFO  storage.RaftStorage (RaftStorage.java:format(72)) - Storage directory /workdir/hadoop-ozone/integration-test/target/test-dir/MiniOzoneClusterImpl-9cdb6828-2280-461c-a17f-287379f09a1f/datanode-1/data/ratis/30603c13-da0b-43d8-9b85-16660294b641 has been successfully formatted.
2019-07-30 20:27:17,783 INFO  storage.RaftStorage (RaftStorage.java:format(72)) - Storage directory /workdir/hadoop-ozone/integration-test/target/test-dir/MiniOzoneClusterImpl-9cdb6828-2280-461c-a17f-287379f09a1f/datanode-0/data/ratis/30603c13-da0b-43d8-9b85-16660294b641 has been successfully formatted.
2019-07-30 20:27:17,783 INFO  storage.RaftStorage (RaftStorage.java:format(72)) - Storage directory /workdir/hadoop-ozone/integration-test/target/test-dir/MiniOzoneClusterImpl-9cdb6828-2280-461c-a17f-287379f09a1f/datanode-2/data/ratis/30603c13-da0b-43d8-9b85-16660294b641 has been successfully formatted.
2019-07-30 20:27:17,784 INFO  ratis.ContainerStateMachine (ContainerStateMachine.java:loadSnapshot(213)) - group-16660294B641: The snapshot info is null. Setting the last applied indexto:(t:0, i:~)
2019-07-30 20:27:17,783 INFO  ratis.ContainerStateMachine (ContainerStateMachine.java:loadSnapshot(213)) - group-16660294B641: The snapshot info is null. Setting the last applied indexto:(t:0, i:~)
2019-07-30 20:27:17,784 INFO  server.RaftServerConfigKeys (ConfUtils.java:logGet(43)) - raft.server.leader.election.timeout = 120s (custom)
2019-07-30 20:27:17,784 INFO  ratis.ContainerStateMachine (ContainerStateMachine.java:loadSnapshot(213)) - group-16660294B641: The snapshot info is null. Setting the last applied indexto:(t:0, i:~)
2019-07-30 20:27:17,784 INFO  server.RaftServerConfigKeys (ConfUtils.java:logGet(43)) - raft.server.log.use.memory = false (default)
2019-07-30 20:27:17,784 INFO  server.RaftServerConfigKeys (ConfUtils.java:logGet(43)) - raft.server.leader.election.timeout = 120s (custom)
2019-07-30 20:27:17,784 INFO  server.RaftServerConfigKeys (ConfUtils.java:logGet(43)) - raft.server.log.purge.gap = 1000000000 (custom)
2019-07-30 20:27:17,785 INFO  server.RaftServerConfigKeys (ConfUtils.java:logGet(43)) - raft.server.log.appender.buffer.byte-limit = 33554432 (custom)
2019-07-30 20:27:17,784 INFO  server.RaftServerConfigKeys (ConfUtils.java:logGet(43)) - raft.server.leader.election.timeout = 120s (custom)
2019-07-30 20:27:17,785 INFO  server.RaftServerConfigKeys (ConfUtils.java:logGet(43)) - raft.server.log.segment.size.max = 1048576 (custom)
2019-07-30 20:27:17,785 INFO  server.RaftServerConfigKeys (ConfUtils.java:logGet(43)) - raft.server.log.segment.cache.num.max = 2 (custom)
2019-07-30 20:27:17,785 INFO  server.RaftServerConfigKeys (ConfUtils.java:logGet(43)) - raft.server.log.use.memory = false (default)
2019-07-30 20:27:17,785 INFO  segmented.SegmentedRaftLogWorker (SegmentedRaftLogWorker.java:<init>(172)) - new 6d241a64-b43e-4fbf-916d-c8c3e6999ca7-SegmentedRaftLogWorker:Storage Directory /workdir/hadoop-ozone/integration-test/target/test-dir/MiniOzoneClusterImpl-9cdb6828-2280-461c-a17f-287379f09a1f/datanode-0/data/ratis/30603c13-da0b-43d8-9b85-16660294b641 for RaftStorage:Storage Directory /workdir/hadoop-ozone/integration-test/target/test-dir/MiniOzoneClusterImpl-9cdb6828-2280-461c-a17f-287379f09a1f/datanode-0/data/ratis/30603c13-da0b-43d8-9b85-16660294b641
2019-07-30 20:27:17,785 INFO  server.RaftServerConfigKeys (ConfUtils.java:logGet(43)) - raft.server.log.use.memory = false (default)
2019-07-30 20:27:17,786 INFO  server.RaftServerConfigKeys (ConfUtils.java:logGet(43)) - raft.server.log.queue.byte-limit = 2147483647 (custom)
2019-07-30 20:27:17,786 INFO  server.RaftServerConfigKeys (ConfUtils.java:logGet(43)) - raft.server.log.purge.gap = 1000000000 (custom)
2019-07-30 20:27:17,786 INFO  server.RaftServerConfigKeys (ConfUtils.java:logGet(43)) - raft.server.log.queue.element-limit = 1024 (custom)
2019-07-30 20:27:17,786 INFO  server.RaftServerConfigKeys (ConfUtils.java:logGet(43)) - raft.server.log.purge.gap = 1000000000 (custom)
2019-07-30 20:27:17,787 INFO  server.RaftServerConfigKeys (ConfUtils.java:logGet(43)) - raft.server.log.segment.size.max = 1048576 (custom)
2019-07-30 20:27:17,787 INFO  server.RaftServerConfigKeys (ConfUtils.java:logGet(43)) - raft.server.log.preallocated.size = 16384 (custom)
2019-07-30 20:27:17,786 INFO  server.RaftServerConfigKeys (ConfUtils.java:logGet(43)) - raft.server.log.appender.buffer.byte-limit = 33554432 (custom)
2019-07-30 20:27:17,787 INFO  server.RaftServerConfigKeys (ConfUtils.java:logGet(43)) - raft.server.log.write.buffer.size = 33554432 (custom)
2019-07-30 20:27:17,787 INFO  server.RaftServerConfigKeys (ConfUtils.java:logGet(43)) - raft.server.log.appender.buffer.byte-limit = 33554432 (custom)
2019-07-30 20:27:17,788 INFO  server.RaftServerConfigKeys (ConfUtils.java:logGet(43)) - raft.server.log.force.sync.num = 128 (default)
2019-07-30 20:27:17,788 INFO  server.RaftServerConfigKeys (ConfUtils.java:logGet(43)) - raft.server.log.segment.size.max = 1048576 (custom)
2019-07-30 20:27:17,788 INFO  server.RaftServerConfigKeys (ConfUtils.java:logGet(43)) - raft.server.log.statemachine.data.sync = true (default)
2019-07-30 20:27:17,788 INFO  server.RaftServerConfigKeys (ConfUtils.java:logGet(43)) - raft.server.log.segment.size.max = 1048576 (custom)
2019-07-30 20:27:17,788 INFO  server.RaftServerConfigKeys (ConfUtils.java:logGet(43)) - raft.server.log.statemachine.data.sync.timeout = 10s (default)
2019-07-30 20:27:17,789 INFO  server.RaftServerConfigKeys (ConfUtils.java:logGet(43)) - raft.server.log.statemachine.data.sync.timeout.retry = -1 (default)
2019-07-30 20:27:17,788 INFO  server.RaftServerConfigKeys (ConfUtils.java:logGet(43)) - raft.server.log.segment.cache.num.max = 2 (custom)
2019-07-30 20:27:17,789 INFO  server.RaftServerConfigKeys (ConfUtils.java:logGet(43)) - raft.server.log.statemachine.data.caching.enabled = true (custom)
2019-07-30 20:27:17,789 INFO  server.RaftServerConfigKeys (ConfUtils.java:logGet(43)) - raft.server.log.segment.cache.num.max = 2 (custom)
2019-07-30 20:27:17,789 INFO  segmented.SegmentedRaftLogWorker (SegmentedRaftLogWorker.java:<init>(172)) - new 99aa13c5-3437-4911-a3ab-76a4f1cc7195-SegmentedRaftLogWorker:Storage Directory /workdir/hadoop-ozone/integration-test/target/test-dir/MiniOzoneClusterImpl-9cdb6828-2280-461c-a17f-287379f09a1f/datanode-1/data/ratis/30603c13-da0b-43d8-9b85-16660294b641 for RaftStorage:Storage Directory /workdir/hadoop-ozone/integration-test/target/test-dir/MiniOzoneClusterImpl-9cdb6828-2280-461c-a17f-287379f09a1f/datanode-1/data/ratis/30603c13-da0b-43d8-9b85-16660294b641
2019-07-30 20:27:17,789 INFO  segmented.SegmentedRaftLogWorker (SegmentedRaftLogWorker.java:lambda$new$0(132)) - 6d241a64-b43e-4fbf-916d-c8c3e6999ca7-SegmentedRaftLogWorker:Storage Directory /workdir/hadoop-ozone/integration-test/target/test-dir/MiniOzoneClusterImpl-9cdb6828-2280-461c-a17f-287379f09a1f/datanode-0/data/ratis/30603c13-da0b-43d8-9b85-16660294b641: flushIndex: setUnconditionally 0 -> -1
2019-07-30 20:27:17,789 INFO  segmented.SegmentedRaftLogWorker (SegmentedRaftLogWorker.java:<init>(172)) - new 46a37b55-e33e-446d-a63d-6c5e13d164b3-SegmentedRaftLogWorker:Storage Directory /workdir/hadoop-ozone/integration-test/target/test-dir/MiniOzoneClusterImpl-9cdb6828-2280-461c-a17f-287379f09a1f/datanode-2/data/ratis/30603c13-da0b-43d8-9b85-16660294b641 for RaftStorage:Storage Directory /workdir/hadoop-ozone/integration-test/target/test-dir/MiniOzoneClusterImpl-9cdb6828-2280-461c-a17f-287379f09a1f/datanode-2/data/ratis/30603c13-da0b-43d8-9b85-16660294b641
2019-07-30 20:27:17,790 INFO  server.RaftServerConfigKeys (ConfUtils.java:logGet(43)) - raft.server.log.queue.byte-limit = 2147483647 (custom)
2019-07-30 20:27:17,790 INFO  server.RaftServerConfigKeys (ConfUtils.java:logGet(43)) - raft.server.log.queue.byte-limit = 2147483647 (custom)
2019-07-30 20:27:17,790 INFO  server.RaftServerConfigKeys (ConfUtils.java:logGet(43)) - raft.server.snapshot.auto.trigger.enabled = true (custom)
2019-07-30 20:27:17,790 INFO  server.RaftServerConfigKeys (ConfUtils.java:logGet(43)) - raft.server.log.queue.element-limit = 1024 (custom)
2019-07-30 20:27:17,790 INFO  server.RaftServerConfigKeys (ConfUtils.java:logGet(43)) - raft.server.log.queue.element-limit = 1024 (custom)
2019-07-30 20:27:17,791 INFO  server.RaftServerConfigKeys (ConfUtils.java:logGet(43)) - raft.server.log.segment.size.max = 1048576 (custom)
2019-07-30 20:27:17,790 INFO  server.RaftServerConfigKeys (ConfUtils.java:logGet(43)) - raft.server.snapshot.auto.trigger.threshold = 10000 (custom)
2019-07-30 20:27:17,791 INFO  server.RaftServerConfigKeys (ConfUtils.java:logGet(43)) - raft.server.log.preallocated.size = 16384 (custom)
2019-07-30 20:27:17,791 INFO  server.RaftServerConfigKeys (ConfUtils.java:logGet(43)) - raft.server.log.write.buffer.size = 33554432 (custom)
2019-07-30 20:27:17,791 INFO  server.RaftServerConfigKeys (ConfUtils.java:logGet(43)) - raft.server.log.segment.size.max = 1048576 (custom)
2019-07-30 20:27:17,791 INFO  server.RaftServerConfigKeys (ConfUtils.java:logGet(43)) - raft.server.log.force.sync.num = 128 (default)
2019-07-30 20:27:17,791 INFO  server.RaftServerConfigKeys (ConfUtils.java:logGet(43)) - raft.server.retrycache.expirytime = 600000ms (custom)
2019-07-30 20:27:17,792 INFO  server.RaftServerConfigKeys (ConfUtils.java:logGet(43)) - raft.server.log.statemachine.data.sync = true (default)
2019-07-30 20:27:17,792 INFO  server.RaftServerConfigKeys (ConfUtils.java:logGet(43)) - raft.server.log.preallocated.size = 16384 (custom)
2019-07-30 20:27:17,792 INFO  server.RaftServerConfigKeys (ConfUtils.java:logGet(43)) - raft.server.log.statemachine.data.sync.timeout = 10s (default)
2019-07-30 20:27:17,792 INFO  impl.RaftServerImpl (RaftServerImpl.java:start(180)) - 6d241a64-b43e-4fbf-916d-c8c3e6999ca7: start group-16660294B641
2019-07-30 20:27:17,792 INFO  server.RaftServerConfigKeys (ConfUtils.java:logGet(43)) - raft.server.log.statemachine.data.sync.timeout.retry = -1 (default)
2019-07-30 20:27:17,792 INFO  server.RaftServerConfigKeys (ConfUtils.java:logGet(43)) - raft.server.log.write.buffer.size = 33554432 (custom)
2019-07-30 20:27:17,793 INFO  server.RaftServerConfigKeys (ConfUtils.java:logGet(43)) - raft.server.log.statemachine.data.caching.enabled = true (custom)
2019-07-30 20:27:17,792 INFO  impl.RaftServerImpl (RaftServerImpl.java:setRole(171)) - 6d241a64-b43e-4fbf-916d-c8c3e6999ca7:group-16660294B641 changes role from null to FOLLOWER at term 0 for startAsFollower
2019-07-30 20:27:17,793 INFO  server.RaftServerConfigKeys (ConfUtils.java:logGet(43)) - raft.server.log.force.sync.num = 128 (default)
2019-07-30 20:27:17,793 INFO  segmented.SegmentedRaftLogWorker (SegmentedRaftLogWorker.java:lambda$new$0(132)) - 46a37b55-e33e-446d-a63d-6c5e13d164b3-SegmentedRaftLogWorker:Storage Directory /workdir/hadoop-ozone/integration-test/target/test-dir/MiniOzoneClusterImpl-9cdb6828-2280-461c-a17f-287379f09a1f/datanode-2/data/ratis/30603c13-da0b-43d8-9b85-16660294b641: flushIndex: setUnconditionally 0 -> -1
2019-07-30 20:27:17,793 INFO  impl.RoleInfo (RoleInfo.java:updateAndGet(143)) - 6d241a64-b43e-4fbf-916d-c8c3e6999ca7: start FollowerState
2019-07-30 20:27:17,793 INFO  server.RaftServerConfigKeys (ConfUtils.java:logGet(43)) - raft.server.log.statemachine.data.sync = true (default)
2019-07-30 20:27:17,794 INFO  server.RaftServerConfigKeys (ConfUtils.java:logGet(43)) - raft.server.snapshot.auto.trigger.enabled = true (custom)
2019-07-30 20:27:17,794 INFO  server.RaftServerConfigKeys (ConfUtils.java:logGet(43)) - raft.server.log.statemachine.data.sync.timeout = 10s (default)
2019-07-30 20:27:17,794 INFO  util.JmxRegister (JmxRegister.java:tryRegister(44)) - Successfully registered JMX Bean with object name Ratis:service=RaftServer,group=group-16660294B641,id=6d241a64-b43e-4fbf-916d-c8c3e6999ca7
2019-07-30 20:27:17,794 INFO  server.RaftServerConfigKeys (ConfUtils.java:logGet(43)) - raft.server.snapshot.auto.trigger.threshold = 10000 (custom)
2019-07-30 20:27:17,794 INFO  server.RaftServerConfigKeys (ConfUtils.java:logGet(43)) - raft.server.log.statemachine.data.sync.timeout.retry = -1 (default)
2019-07-30 20:27:17,794 INFO  server.RaftServerConfigKeys (ConfUtils.java:logGet(43)) - raft.server.retrycache.expirytime = 600000ms (custom)
2019-07-30 20:27:17,795 INFO  server.RaftServerConfigKeys (ConfUtils.java:logGet(43)) - raft.server.log.statemachine.data.caching.enabled = true (custom)
2019-07-30 20:27:17,795 INFO  impl.RaftServerImpl (RaftServerImpl.java:start(180)) - 46a37b55-e33e-446d-a63d-6c5e13d164b3: start group-16660294B641
2019-07-30 20:27:17,795 INFO  segmented.SegmentedRaftLogWorker (SegmentedRaftLogWorker.java:lambda$new$0(132)) - 99aa13c5-3437-4911-a3ab-76a4f1cc7195-SegmentedRaftLogWorker:Storage Directory /workdir/hadoop-ozone/integration-test/target/test-dir/MiniOzoneClusterImpl-9cdb6828-2280-461c-a17f-287379f09a1f/datanode-1/data/ratis/30603c13-da0b-43d8-9b85-16660294b641: flushIndex: setUnconditionally 0 -> -1
2019-07-30 20:27:17,795 INFO  impl.RaftServerImpl (RaftServerImpl.java:setRole(171)) - 46a37b55-e33e-446d-a63d-6c5e13d164b3:group-16660294B641 changes role from null to FOLLOWER at term 0 for startAsFollower
2019-07-30 20:27:17,796 INFO  impl.RoleInfo (RoleInfo.java:updateAndGet(143)) - 46a37b55-e33e-446d-a63d-6c5e13d164b3: start FollowerState
2019-07-30 20:27:17,796 INFO  server.RaftServerConfigKeys (ConfUtils.java:logGet(43)) - raft.server.snapshot.auto.trigger.enabled = true (custom)
2019-07-30 20:27:17,799 INFO  server.RaftServerConfigKeys (ConfUtils.java:logGet(43)) - raft.server.snapshot.auto.trigger.threshold = 10000 (custom)
2019-07-30 20:27:17,800 INFO  server.RaftServerConfigKeys (ConfUtils.java:logGet(43)) - raft.server.retrycache.expirytime = 600000ms (custom)
2019-07-30 20:27:17,801 INFO  impl.RaftServerImpl (RaftServerImpl.java:start(180)) - 99aa13c5-3437-4911-a3ab-76a4f1cc7195: start group-16660294B641
2019-07-30 20:27:17,801 INFO  impl.RaftServerImpl (RaftServerImpl.java:setRole(171)) - 99aa13c5-3437-4911-a3ab-76a4f1cc7195:group-16660294B641 changes role from null to FOLLOWER at term 0 for startAsFollower
2019-07-30 20:27:17,801 INFO  util.JmxRegister (JmxRegister.java:tryRegister(44)) - Successfully registered JMX Bean with object name Ratis:service=RaftServer,group=group-16660294B641,id=46a37b55-e33e-446d-a63d-6c5e13d164b3
2019-07-30 20:27:17,801 INFO  impl.RoleInfo (RoleInfo.java:updateAndGet(143)) - 99aa13c5-3437-4911-a3ab-76a4f1cc7195: start FollowerState
2019-07-30 20:27:17,802 INFO  util.JmxRegister (JmxRegister.java:tryRegister(44)) - Successfully registered JMX Bean with object name Ratis:service=RaftServer,group=group-16660294B641,id=99aa13c5-3437-4911-a3ab-76a4f1cc7195
2019-07-30 20:27:17,808 INFO  pipeline.PipelineStateManager (PipelineStateManager.java:addPipeline(56)) - Created pipeline Pipeline[ Id: 30603c13-da0b-43d8-9b85-16660294b641, Nodes: 6d241a64-b43e-4fbf-916d-c8c3e6999ca7{ip: 192.168.69.110, host: byscane-nightly-zbvcj-1516659162, networkLocation: /default-rack, certSerialId: null}46a37b55-e33e-446d-a63d-6c5e13d164b3{ip: 192.168.69.110, host: byscane-nightly-zbvcj-1516659162, networkLocation: /default-rack, certSerialId: null}99aa13c5-3437-4911-a3ab-76a4f1cc7195{ip: 192.168.69.110, host: byscane-nightly-zbvcj-1516659162, networkLocation: /default-rack, certSerialId: null}, Type:RATIS, Factor:THREE, State:OPEN]
2019-07-30 20:27:17,854 INFO  net.NetworkTopology (NetworkTopologyImpl.java:add(110)) - Added a new node: /default-rack/f4bc6727-8bd3-4bb1-aa77-075ee37c02d1
2019-07-30 20:27:17,855 INFO  node.SCMNodeManager (SCMNodeManager.java:register(273)) - Registered Data node : f4bc6727-8bd3-4bb1-aa77-075ee37c02d1{ip: 192.168.69.110, host: byscane-nightly-zbvcj-1516659162, networkLocation: /default-rack, certSerialId: null}
2019-07-30 20:27:17,863 INFO  impl.RaftServerProxy (RaftServerProxy.java:addNew(89)) - f4bc6727-8bd3-4bb1-aa77-075ee37c02d1: addNew group-EF5653C0D337:[f4bc6727-8bd3-4bb1-aa77-075ee37c02d1:192.168.69.110:34581] returns group-EF5653C0D337:java.util.concurrent.CompletableFuture@3b87732d[Not completed]
2019-07-30 20:27:17,864 INFO  impl.RaftServerImpl (RaftServerImpl.java:<init>(93)) - f4bc6727-8bd3-4bb1-aa77-075ee37c02d1: new RaftServerImpl for group-EF5653C0D337:[f4bc6727-8bd3-4bb1-aa77-075ee37c02d1:192.168.69.110:34581] with ContainerStateMachine:uninitialized
2019-07-30 20:27:17,864 INFO  server.RaftServerConfigKeys (ConfUtils.java:logGet(43)) - raft.server.rpc.timeout.min = 1s (custom)
2019-07-30 20:27:17,864 INFO  server.RaftServerConfigKeys (ConfUtils.java:logGet(43)) - raft.server.rpc.timeout.max = 1200ms (custom)
2019-07-30 20:27:17,864 INFO  server.RaftServerConfigKeys (ConfUtils.java:logGet(43)) - raft.server.rpcslowness.timeout = 120s (custom)
2019-07-30 20:27:17,865 INFO  server.RaftServerConfigKeys (ConfUtils.java:logGet(43)) - raft.server.sleep.deviation.threshold = 300 (default)
2019-07-30 20:27:17,865 INFO  server.RaftServerConfigKeys (ConfUtils.java:logGet(43)) - raft.server.log.appender.install.snapshot.enabled = false (custom)
2019-07-30 20:27:17,865 INFO  impl.RaftServerImpl (ServerState.java:<init>(105)) - f4bc6727-8bd3-4bb1-aa77-075ee37c02d1:group-EF5653C0D337 ConfigurationManager, init=-1: [f4bc6727-8bd3-4bb1-aa77-075ee37c02d1:192.168.69.110:34581], old=null, confs=<EMPTY_MAP>
2019-07-30 20:27:17,865 INFO  server.RaftServerConfigKeys (ConfUtils.java:logGet(43)) - raft.server.storage.dir = [/workdir/hadoop-ozone/integration-test/target/test-dir/MiniOzoneClusterImpl-9cdb6828-2280-461c-a17f-287379f09a1f/datanode-3/data/ratis] (custom)
2019-07-30 20:27:17,865 INFO  storage.RaftStorageDirectory (RaftStorageDirectory.java:analyzeStorage(246)) - The storage directory /workdir/hadoop-ozone/integration-test/target/test-dir/MiniOzoneClusterImpl-9cdb6828-2280-461c-a17f-287379f09a1f/datanode-3/data/ratis/ae2bc806-3e1e-423a-a7bc-ef5653c0d337 does not exist. Creating ...
2019-07-30 20:27:17,879 INFO  storage.RaftStorageDirectory (RaftStorageDirectory.java:tryLock(328)) - Lock on /workdir/hadoop-ozone/integration-test/target/test-dir/MiniOzoneClusterImpl-9cdb6828-2280-461c-a17f-287379f09a1f/datanode-3/data/ratis/ae2bc806-3e1e-423a-a7bc-ef5653c0d337/in_use.lock acquired by nodename 20859@byscane-nightly-zbvcj-1516659162
2019-07-30 20:27:17,893 INFO  storage.RaftStorage (RaftStorage.java:format(72)) - Storage directory /workdir/hadoop-ozone/integration-test/target/test-dir/MiniOzoneClusterImpl-9cdb6828-2280-461c-a17f-287379f09a1f/datanode-3/data/ratis/ae2bc806-3e1e-423a-a7bc-ef5653c0d337 has been successfully formatted.
2019-07-30 20:27:17,893 INFO  ratis.ContainerStateMachine (ContainerStateMachine.java:loadSnapshot(213)) - group-EF5653C0D337: The snapshot info is null. Setting the last applied indexto:(t:0, i:~)
2019-07-30 20:27:17,893 INFO  server.RaftServerConfigKeys (ConfUtils.java:logGet(43)) - raft.server.leader.election.timeout = 120s (custom)
2019-07-30 20:27:17,894 INFO  server.RaftServerConfigKeys (ConfUtils.java:logGet(43)) - raft.server.log.use.memory = false (default)
2019-07-30 20:27:17,894 INFO  server.RaftServerConfigKeys (ConfUtils.java:logGet(43)) - raft.server.log.purge.gap = 1000000000 (custom)
2019-07-30 20:27:17,894 INFO  server.RaftServerConfigKeys (ConfUtils.java:logGet(43)) - raft.server.log.appender.buffer.byte-limit = 33554432 (custom)
2019-07-30 20:27:17,894 INFO  server.RaftServerConfigKeys (ConfUtils.java:logGet(43)) - raft.server.log.segment.size.max = 1048576 (custom)
2019-07-30 20:27:17,894 INFO  server.RaftServerConfigKeys (ConfUtils.java:logGet(43)) - raft.server.log.segment.cache.num.max = 2 (custom)
2019-07-30 20:27:17,894 INFO  segmented.SegmentedRaftLogWorker (SegmentedRaftLogWorker.java:<init>(172)) - new f4bc6727-8bd3-4bb1-aa77-075ee37c02d1-SegmentedRaftLogWorker:Storage Directory /workdir/hadoop-ozone/integration-test/target/test-dir/MiniOzoneClusterImpl-9cdb6828-2280-461c-a17f-287379f09a1f/datanode-3/data/ratis/ae2bc806-3e1e-423a-a7bc-ef5653c0d337 for RaftStorage:Storage Directory /workdir/hadoop-ozone/integration-test/target/test-dir/MiniOzoneClusterImpl-9cdb6828-2280-461c-a17f-287379f09a1f/datanode-3/data/ratis/ae2bc806-3e1e-423a-a7bc-ef5653c0d337
2019-07-30 20:27:17,894 INFO  server.RaftServerConfigKeys (ConfUtils.java:logGet(43)) - raft.server.log.queue.byte-limit = 2147483647 (custom)
2019-07-30 20:27:17,895 INFO  server.RaftServerConfigKeys (ConfUtils.java:logGet(43)) - raft.server.log.queue.element-limit = 1024 (custom)
2019-07-30 20:27:17,895 INFO  server.RaftServerConfigKeys (ConfUtils.java:logGet(43)) - raft.server.log.segment.size.max = 1048576 (custom)
2019-07-30 20:27:17,895 INFO  server.RaftServerConfigKeys (ConfUtils.java:logGet(43)) - raft.server.log.preallocated.size = 16384 (custom)
2019-07-30 20:27:17,895 INFO  server.RaftServerConfigKeys (ConfUtils.java:logGet(43)) - raft.server.log.write.buffer.size = 33554432 (custom)
2019-07-30 20:27:17,895 INFO  server.RaftServerConfigKeys (ConfUtils.java:logGet(43)) - raft.server.log.force.sync.num = 128 (default)
2019-07-30 20:27:17,895 INFO  server.RaftServerConfigKeys (ConfUtils.java:logGet(43)) - raft.server.log.statemachine.data.sync = true (default)
2019-07-30 20:27:17,896 INFO  server.RaftServerConfigKeys (ConfUtils.java:logGet(43)) - raft.server.log.statemachine.data.sync.timeout = 10s (default)
2019-07-30 20:27:17,896 INFO  server.RaftServerConfigKeys (ConfUtils.java:logGet(43)) - raft.server.log.statemachine.data.sync.timeout.retry = -1 (default)
2019-07-30 20:27:17,896 INFO  server.RaftServerConfigKeys (ConfUtils.java:logGet(43)) - raft.server.log.statemachine.data.caching.enabled = true (custom)
2019-07-30 20:27:17,896 INFO  segmented.SegmentedRaftLogWorker (SegmentedRaftLogWorker.java:lambda$new$0(132)) - f4bc6727-8bd3-4bb1-aa77-075ee37c02d1-SegmentedRaftLogWorker:Storage Directory /workdir/hadoop-ozone/integration-test/target/test-dir/MiniOzoneClusterImpl-9cdb6828-2280-461c-a17f-287379f09a1f/datanode-3/data/ratis/ae2bc806-3e1e-423a-a7bc-ef5653c0d337: flushIndex: setUnconditionally 0 -> -1
2019-07-30 20:27:17,897 INFO  server.RaftServerConfigKeys (ConfUtils.java:logGet(43)) - raft.server.snapshot.auto.trigger.enabled = true (custom)
2019-07-30 20:27:17,897 INFO  server.RaftServerConfigKeys (ConfUtils.java:logGet(43)) - raft.server.snapshot.auto.trigger.threshold = 10000 (custom)
2019-07-30 20:27:17,897 INFO  server.RaftServerConfigKeys (ConfUtils.java:logGet(43)) - raft.server.retrycache.expirytime = 600000ms (custom)
2019-07-30 20:27:17,897 INFO  impl.RaftServerImpl (RaftServerImpl.java:start(180)) - f4bc6727-8bd3-4bb1-aa77-075ee37c02d1: start group-EF5653C0D337
2019-07-30 20:27:17,897 INFO  impl.RaftServerImpl (RaftServerImpl.java:setRole(171)) - f4bc6727-8bd3-4bb1-aa77-075ee37c02d1:group-EF5653C0D337 changes role from null to FOLLOWER at term 0 for startAsFollower
2019-07-30 20:27:17,898 INFO  impl.RoleInfo (RoleInfo.java:updateAndGet(143)) - f4bc6727-8bd3-4bb1-aa77-075ee37c02d1: start FollowerState
2019-07-30 20:27:17,898 INFO  util.JmxRegister (JmxRegister.java:tryRegister(44)) - Successfully registered JMX Bean with object name Ratis:service=RaftServer,group=group-EF5653C0D337,id=f4bc6727-8bd3-4bb1-aa77-075ee37c02d1
2019-07-30 20:27:17,902 INFO  pipeline.PipelineStateManager (PipelineStateManager.java:addPipeline(56)) - Created pipeline Pipeline[ Id: ae2bc806-3e1e-423a-a7bc-ef5653c0d337, Nodes: f4bc6727-8bd3-4bb1-aa77-075ee37c02d1{ip: 192.168.69.110, host: byscane-nightly-zbvcj-1516659162, networkLocation: /default-rack, certSerialId: null}, Type:RATIS, Factor:ONE, State:OPEN]
2019-07-30 20:27:18,030 INFO  net.NetworkTopology (NetworkTopologyImpl.java:add(110)) - Added a new node: /default-rack/b7080fa9-4be6-4a48-a718-6ce8688955c9
2019-07-30 20:27:18,030 INFO  node.SCMNodeManager (SCMNodeManager.java:register(273)) - Registered Data node : b7080fa9-4be6-4a48-a718-6ce8688955c9{ip: 192.168.69.110, host: byscane-nightly-zbvcj-1516659162, networkLocation: /default-rack, certSerialId: null}
2019-07-30 20:27:18,039 INFO  impl.RaftServerProxy (RaftServerProxy.java:addNew(89)) - b7080fa9-4be6-4a48-a718-6ce8688955c9: addNew group-9DB325C2E783:[b7080fa9-4be6-4a48-a718-6ce8688955c9:192.168.69.110:46213] returns group-9DB325C2E783:java.util.concurrent.CompletableFuture@546d8f86[Not completed]
2019-07-30 20:27:18,040 INFO  impl.RaftServerImpl (RaftServerImpl.java:<init>(93)) - b7080fa9-4be6-4a48-a718-6ce8688955c9: new RaftServerImpl for group-9DB325C2E783:[b7080fa9-4be6-4a48-a718-6ce8688955c9:192.168.69.110:46213] with ContainerStateMachine:uninitialized
2019-07-30 20:27:18,040 INFO  server.RaftServerConfigKeys (ConfUtils.java:logGet(43)) - raft.server.rpc.timeout.min = 1s (custom)
2019-07-30 20:27:18,040 INFO  server.RaftServerConfigKeys (ConfUtils.java:logGet(43)) - raft.server.rpc.timeout.max = 1200ms (custom)
2019-07-30 20:27:18,040 INFO  server.RaftServerConfigKeys (ConfUtils.java:logGet(43)) - raft.server.rpcslowness.timeout = 120s (custom)
2019-07-30 20:27:18,041 INFO  server.RaftServerConfigKeys (ConfUtils.java:logGet(43)) - raft.server.sleep.deviation.threshold = 300 (default)
2019-07-30 20:27:18,041 INFO  server.RaftServerConfigKeys (ConfUtils.java:logGet(43)) - raft.server.log.appender.install.snapshot.enabled = false (custom)
2019-07-30 20:27:18,041 INFO  impl.RaftServerImpl (ServerState.java:<init>(105)) - b7080fa9-4be6-4a48-a718-6ce8688955c9:group-9DB325C2E783 ConfigurationManager, init=-1: [b7080fa9-4be6-4a48-a718-6ce8688955c9:192.168.69.110:46213], old=null, confs=<EMPTY_MAP>
2019-07-30 20:27:18,041 INFO  server.RaftServerConfigKeys (ConfUtils.java:logGet(43)) - raft.server.storage.dir = [/workdir/hadoop-ozone/integration-test/target/test-dir/MiniOzoneClusterImpl-9cdb6828-2280-461c-a17f-287379f09a1f/datanode-4/data/ratis] (custom)
2019-07-30 20:27:18,041 INFO  storage.RaftStorageDirectory (RaftStorageDirectory.java:analyzeStorage(246)) - The storage directory /workdir/hadoop-ozone/integration-test/target/test-dir/MiniOzoneClusterImpl-9cdb6828-2280-461c-a17f-287379f09a1f/datanode-4/data/ratis/dbe6ff11-daae-43c5-b2c4-9db325c2e783 does not exist. Creating ...
2019-07-30 20:27:18,055 INFO  storage.RaftStorageDirectory (RaftStorageDirectory.java:tryLock(328)) - Lock on /workdir/hadoop-ozone/integration-test/target/test-dir/MiniOzoneClusterImpl-9cdb6828-2280-461c-a17f-287379f09a1f/datanode-4/data/ratis/dbe6ff11-daae-43c5-b2c4-9db325c2e783/in_use.lock acquired by nodename 20859@byscane-nightly-zbvcj-1516659162
2019-07-30 20:27:18,068 INFO  storage.RaftStorage (RaftStorage.java:format(72)) - Storage directory /workdir/hadoop-ozone/integration-test/target/test-dir/MiniOzoneClusterImpl-9cdb6828-2280-461c-a17f-287379f09a1f/datanode-4/data/ratis/dbe6ff11-daae-43c5-b2c4-9db325c2e783 has been successfully formatted.
2019-07-30 20:27:18,068 INFO  ratis.ContainerStateMachine (ContainerStateMachine.java:loadSnapshot(213)) - group-9DB325C2E783: The snapshot info is null. Setting the last applied indexto:(t:0, i:~)
2019-07-30 20:27:18,068 INFO  server.RaftServerConfigKeys (ConfUtils.java:logGet(43)) - raft.server.leader.election.timeout = 120s (custom)
2019-07-30 20:27:18,069 INFO  server.RaftServerConfigKeys (ConfUtils.java:logGet(43)) - raft.server.log.use.memory = false (default)
2019-07-30 20:27:18,069 INFO  server.RaftServerConfigKeys (ConfUtils.java:logGet(43)) - raft.server.log.purge.gap = 1000000000 (custom)
2019-07-30 20:27:18,069 INFO  server.RaftServerConfigKeys (ConfUtils.java:logGet(43)) - raft.server.log.appender.buffer.byte-limit = 33554432 (custom)
2019-07-30 20:27:18,069 INFO  server.RaftServerConfigKeys (ConfUtils.java:logGet(43)) - raft.server.log.segment.size.max = 1048576 (custom)
2019-07-30 20:27:18,069 INFO  server.RaftServerConfigKeys (ConfUtils.java:logGet(43)) - raft.server.log.segment.cache.num.max = 2 (custom)
2019-07-30 20:27:18,069 INFO  segmented.SegmentedRaftLogWorker (SegmentedRaftLogWorker.java:<init>(172)) - new b7080fa9-4be6-4a48-a718-6ce8688955c9-SegmentedRaftLogWorker:Storage Directory /workdir/hadoop-ozone/integration-test/target/test-dir/MiniOzoneClusterImpl-9cdb6828-2280-461c-a17f-287379f09a1f/datanode-4/data/ratis/dbe6ff11-daae-43c5-b2c4-9db325c2e783 for RaftStorage:Storage Directory /workdir/hadoop-ozone/integration-test/target/test-dir/MiniOzoneClusterImpl-9cdb6828-2280-461c-a17f-287379f09a1f/datanode-4/data/ratis/dbe6ff11-daae-43c5-b2c4-9db325c2e783
2019-07-30 20:27:18,069 INFO  server.RaftServerConfigKeys (ConfUtils.java:logGet(43)) - raft.server.log.queue.byte-limit = 2147483647 (custom)
2019-07-30 20:27:18,069 INFO  server.RaftServerConfigKeys (ConfUtils.java:logGet(43)) - raft.server.log.queue.element-limit = 1024 (custom)
2019-07-30 20:27:18,070 INFO  server.RaftServerConfigKeys (ConfUtils.java:logGet(43)) - raft.server.log.segment.size.max = 1048576 (custom)
2019-07-30 20:27:18,070 INFO  server.RaftServerConfigKeys (ConfUtils.java:logGet(43)) - raft.server.log.preallocated.size = 16384 (custom)
2019-07-30 20:27:18,070 INFO  server.RaftServerConfigKeys (ConfUtils.java:logGet(43)) - raft.server.log.write.buffer.size = 33554432 (custom)
2019-07-30 20:27:18,070 INFO  server.RaftServerConfigKeys (ConfUtils.java:logGet(43)) - raft.server.log.force.sync.num = 128 (default)
2019-07-30 20:27:18,070 INFO  server.RaftServerConfigKeys (ConfUtils.java:logGet(43)) - raft.server.log.statemachine.data.sync = true (default)
2019-07-30 20:27:18,070 INFO  server.RaftServerConfigKeys (ConfUtils.java:logGet(43)) - raft.server.log.statemachine.data.sync.timeout = 10s (default)
2019-07-30 20:27:18,070 INFO  server.RaftServerConfigKeys (ConfUtils.java:logGet(43)) - raft.server.log.statemachine.data.sync.timeout.retry = -1 (default)
2019-07-30 20:27:18,070 INFO  server.RaftServerConfigKeys (ConfUtils.java:logGet(43)) - raft.server.log.statemachine.data.caching.enabled = true (custom)
2019-07-30 20:27:18,071 INFO  segmented.SegmentedRaftLogWorker (SegmentedRaftLogWorker.java:lambda$new$0(132)) - b7080fa9-4be6-4a48-a718-6ce8688955c9-SegmentedRaftLogWorker:Storage Directory /workdir/hadoop-ozone/integration-test/target/test-dir/MiniOzoneClusterImpl-9cdb6828-2280-461c-a17f-287379f09a1f/datanode-4/data/ratis/dbe6ff11-daae-43c5-b2c4-9db325c2e783: flushIndex: setUnconditionally 0 -> -1
2019-07-30 20:27:18,071 INFO  server.RaftServerConfigKeys (ConfUtils.java:logGet(43)) - raft.server.snapshot.auto.trigger.enabled = true (custom)
2019-07-30 20:27:18,071 INFO  server.RaftServerConfigKeys (ConfUtils.java:logGet(43)) - raft.server.snapshot.auto.trigger.threshold = 10000 (custom)
2019-07-30 20:27:18,071 INFO  server.RaftServerConfigKeys (ConfUtils.java:logGet(43)) - raft.server.retrycache.expirytime = 600000ms (custom)
2019-07-30 20:27:18,071 INFO  impl.RaftServerImpl (RaftServerImpl.java:start(180)) - b7080fa9-4be6-4a48-a718-6ce8688955c9: start group-9DB325C2E783
2019-07-30 20:27:18,071 INFO  impl.RaftServerImpl (RaftServerImpl.java:setRole(171)) - b7080fa9-4be6-4a48-a718-6ce8688955c9:group-9DB325C2E783 changes role from null to FOLLOWER at term 0 for startAsFollower
2019-07-30 20:27:18,072 INFO  impl.RoleInfo (RoleInfo.java:updateAndGet(143)) - b7080fa9-4be6-4a48-a718-6ce8688955c9: start FollowerState
2019-07-30 20:27:18,093 INFO  util.JmxRegister (JmxRegister.java:tryRegister(44)) - Successfully registered JMX Bean with object name Ratis:service=RaftServer,group=group-9DB325C2E783,id=b7080fa9-4be6-4a48-a718-6ce8688955c9
2019-07-30 20:27:18,105 INFO  pipeline.PipelineStateManager (PipelineStateManager.java:addPipeline(56)) - Created pipeline Pipeline[ Id: dbe6ff11-daae-43c5-b2c4-9db325c2e783, Nodes: b7080fa9-4be6-4a48-a718-6ce8688955c9{ip: 192.168.69.110, host: byscane-nightly-zbvcj-1516659162, networkLocation: /default-rack, certSerialId: null}, Type:RATIS, Factor:ONE, State:OPEN]
2019-07-30 20:27:18,233 INFO  ozone.MiniOzoneClusterImpl (MiniOzoneClusterImpl.java:lambda$waitForClusterToBeReady$0(142)) - Waiting for cluster to be ready. Got 5 of 6 DN Heartbeats.
2019-07-30 20:27:18,235 INFO  net.NetworkTopology (NetworkTopologyImpl.java:add(110)) - Added a new node: /default-rack/9407a994-3f0e-4290-b5c7-beb6902c6723
2019-07-30 20:27:18,235 INFO  node.SCMNodeManager (SCMNodeManager.java:register(273)) - Registered Data node : 9407a994-3f0e-4290-b5c7-beb6902c6723{ip: 192.168.69.110, host: byscane-nightly-zbvcj-1516659162, networkLocation: /default-rack, certSerialId: null}
2019-07-30 20:27:18,247 INFO  impl.RaftServerProxy (RaftServerProxy.java:addNew(89)) - 9407a994-3f0e-4290-b5c7-beb6902c6723: addNew group-368FEF0A1C73:[9407a994-3f0e-4290-b5c7-beb6902c6723:192.168.69.110:33034] returns group-368FEF0A1C73:java.util.concurrent.CompletableFuture@8b72073[Not completed]
2019-07-30 20:27:18,248 INFO  impl.RaftServerImpl (RaftServerImpl.java:<init>(93)) - 9407a994-3f0e-4290-b5c7-beb6902c6723: new RaftServerImpl for group-368FEF0A1C73:[9407a994-3f0e-4290-b5c7-beb6902c6723:192.168.69.110:33034] with ContainerStateMachine:uninitialized
2019-07-30 20:27:18,248 INFO  server.RaftServerConfigKeys (ConfUtils.java:logGet(43)) - raft.server.rpc.timeout.min = 1s (custom)
2019-07-30 20:27:18,249 INFO  server.RaftServerConfigKeys (ConfUtils.java:logGet(43)) - raft.server.rpc.timeout.max = 1200ms (custom)
2019-07-30 20:27:18,249 INFO  server.RaftServerConfigKeys (ConfUtils.java:logGet(43)) - raft.server.rpcslowness.timeout = 120s (custom)
2019-07-30 20:27:18,249 INFO  server.RaftServerConfigKeys (ConfUtils.java:logGet(43)) - raft.server.sleep.deviation.threshold = 300 (default)
2019-07-30 20:27:18,249 INFO  server.RaftServerConfigKeys (ConfUtils.java:logGet(43)) - raft.server.log.appender.install.snapshot.enabled = false (custom)
2019-07-30 20:27:18,249 INFO  impl.RaftServerImpl (ServerState.java:<init>(105)) - 9407a994-3f0e-4290-b5c7-beb6902c6723:group-368FEF0A1C73 ConfigurationManager, init=-1: [9407a994-3f0e-4290-b5c7-beb6902c6723:192.168.69.110:33034], old=null, confs=<EMPTY_MAP>
2019-07-30 20:27:18,249 INFO  server.RaftServerConfigKeys (ConfUtils.java:logGet(43)) - raft.server.storage.dir = [/workdir/hadoop-ozone/integration-test/target/test-dir/MiniOzoneClusterImpl-9cdb6828-2280-461c-a17f-287379f09a1f/datanode-5/data/ratis] (custom)
2019-07-30 20:27:18,250 INFO  storage.RaftStorageDirectory (RaftStorageDirectory.java:analyzeStorage(246)) - The storage directory /workdir/hadoop-ozone/integration-test/target/test-dir/MiniOzoneClusterImpl-9cdb6828-2280-461c-a17f-287379f09a1f/datanode-5/data/ratis/49c876fc-c849-4ba0-be58-368fef0a1c73 does not exist. Creating ...
2019-07-30 20:27:18,263 INFO  storage.RaftStorageDirectory (RaftStorageDirectory.java:tryLock(328)) - Lock on /workdir/hadoop-ozone/integration-test/target/test-dir/MiniOzoneClusterImpl-9cdb6828-2280-461c-a17f-287379f09a1f/datanode-5/data/ratis/49c876fc-c849-4ba0-be58-368fef0a1c73/in_use.lock acquired by nodename 20859@byscane-nightly-zbvcj-1516659162
2019-07-30 20:27:18,276 INFO  storage.RaftStorage (RaftStorage.java:format(72)) - Storage directory /workdir/hadoop-ozone/integration-test/target/test-dir/MiniOzoneClusterImpl-9cdb6828-2280-461c-a17f-287379f09a1f/datanode-5/data/ratis/49c876fc-c849-4ba0-be58-368fef0a1c73 has been successfully formatted.
2019-07-30 20:27:18,277 INFO  ratis.ContainerStateMachine (ContainerStateMachine.java:loadSnapshot(213)) - group-368FEF0A1C73: The snapshot info is null. Setting the last applied indexto:(t:0, i:~)
2019-07-30 20:27:18,277 INFO  server.RaftServerConfigKeys (ConfUtils.java:logGet(43)) - raft.server.leader.election.timeout = 120s (custom)
2019-07-30 20:27:18,277 INFO  server.RaftServerConfigKeys (ConfUtils.java:logGet(43)) - raft.server.log.use.memory = false (default)
2019-07-30 20:27:18,277 INFO  server.RaftServerConfigKeys (ConfUtils.java:logGet(43)) - raft.server.log.purge.gap = 1000000000 (custom)
2019-07-30 20:27:18,277 INFO  server.RaftServerConfigKeys (ConfUtils.java:logGet(43)) - raft.server.log.appender.buffer.byte-limit = 33554432 (custom)
2019-07-30 20:27:18,277 INFO  server.RaftServerConfigKeys (ConfUtils.java:logGet(43)) - raft.server.log.segment.size.max = 1048576 (custom)
2019-07-30 20:27:18,277 INFO  server.RaftServerConfigKeys (ConfUtils.java:logGet(43)) - raft.server.log.segment.cache.num.max = 2 (custom)
2019-07-30 20:27:18,278 INFO  segmented.SegmentedRaftLogWorker (SegmentedRaftLogWorker.java:<init>(172)) - new 9407a994-3f0e-4290-b5c7-beb6902c6723-SegmentedRaftLogWorker:Storage Directory /workdir/hadoop-ozone/integration-test/target/test-dir/MiniOzoneClusterImpl-9cdb6828-2280-461c-a17f-287379f09a1f/datanode-5/data/ratis/49c876fc-c849-4ba0-be58-368fef0a1c73 for RaftStorage:Storage Directory /workdir/hadoop-ozone/integration-test/target/test-dir/MiniOzoneClusterImpl-9cdb6828-2280-461c-a17f-287379f09a1f/datanode-5/data/ratis/49c876fc-c849-4ba0-be58-368fef0a1c73
2019-07-30 20:27:18,278 INFO  server.RaftServerConfigKeys (ConfUtils.java:logGet(43)) - raft.server.log.queue.byte-limit = 2147483647 (custom)
2019-07-30 20:27:18,278 INFO  server.RaftServerConfigKeys (ConfUtils.java:logGet(43)) - raft.server.log.queue.element-limit = 1024 (custom)
2019-07-30 20:27:18,278 INFO  server.RaftServerConfigKeys (ConfUtils.java:logGet(43)) - raft.server.log.segment.size.max = 1048576 (custom)
2019-07-30 20:27:18,278 INFO  server.RaftServerConfigKeys (ConfUtils.java:logGet(43)) - raft.server.log.preallocated.size = 16384 (custom)
2019-07-30 20:27:18,278 INFO  server.RaftServerConfigKeys (ConfUtils.java:logGet(43)) - raft.server.log.write.buffer.size = 33554432 (custom)
2019-07-30 20:27:18,279 INFO  server.RaftServerConfigKeys (ConfUtils.java:logGet(43)) - raft.server.log.force.sync.num = 128 (default)
2019-07-30 20:27:18,279 INFO  server.RaftServerConfigKeys (ConfUtils.java:logGet(43)) - raft.server.log.statemachine.data.sync = true (default)
2019-07-30 20:27:18,279 INFO  server.RaftServerConfigKeys (ConfUtils.java:logGet(43)) - raft.server.log.statemachine.data.sync.timeout = 10s (default)
2019-07-30 20:27:18,279 INFO  server.RaftServerConfigKeys (ConfUtils.java:logGet(43)) - raft.server.log.statemachine.data.sync.timeout.retry = -1 (default)
2019-07-30 20:27:18,279 INFO  server.RaftServerConfigKeys (ConfUtils.java:logGet(43)) - raft.server.log.statemachine.data.caching.enabled = true (custom)
2019-07-30 20:27:18,279 INFO  segmented.SegmentedRaftLogWorker (SegmentedRaftLogWorker.java:lambda$new$0(132)) - 9407a994-3f0e-4290-b5c7-beb6902c6723-SegmentedRaftLogWorker:Storage Directory /workdir/hadoop-ozone/integration-test/target/test-dir/MiniOzoneClusterImpl-9cdb6828-2280-461c-a17f-287379f09a1f/datanode-5/data/ratis/49c876fc-c849-4ba0-be58-368fef0a1c73: flushIndex: setUnconditionally 0 -> -1
2019-07-30 20:27:18,280 INFO  server.RaftServerConfigKeys (ConfUtils.java:logGet(43)) - raft.server.snapshot.auto.trigger.enabled = true (custom)
2019-07-30 20:27:18,280 INFO  server.RaftServerConfigKeys (ConfUtils.java:logGet(43)) - raft.server.snapshot.auto.trigger.threshold = 10000 (custom)
2019-07-30 20:27:18,280 INFO  server.RaftServerConfigKeys (ConfUtils.java:logGet(43)) - raft.server.retrycache.expirytime = 600000ms (custom)
2019-07-30 20:27:18,280 INFO  impl.RaftServerImpl (RaftServerImpl.java:start(180)) - 9407a994-3f0e-4290-b5c7-beb6902c6723: start group-368FEF0A1C73
2019-07-30 20:27:18,280 INFO  impl.RaftServerImpl (RaftServerImpl.java:setRole(171)) - 9407a994-3f0e-4290-b5c7-beb6902c6723:group-368FEF0A1C73 changes role from null to FOLLOWER at term 0 for startAsFollower
2019-07-30 20:27:18,281 INFO  impl.RoleInfo (RoleInfo.java:updateAndGet(143)) - 9407a994-3f0e-4290-b5c7-beb6902c6723: start FollowerState
2019-07-30 20:27:18,281 INFO  util.JmxRegister (JmxRegister.java:tryRegister(44)) - Successfully registered JMX Bean with object name Ratis:service=RaftServer,group=group-368FEF0A1C73,id=9407a994-3f0e-4290-b5c7-beb6902c6723
2019-07-30 20:27:18,286 INFO  pipeline.PipelineStateManager (PipelineStateManager.java:addPipeline(56)) - Created pipeline Pipeline[ Id: 49c876fc-c849-4ba0-be58-368fef0a1c73, Nodes: 9407a994-3f0e-4290-b5c7-beb6902c6723{ip: 192.168.69.110, host: byscane-nightly-zbvcj-1516659162, networkLocation: /default-rack, certSerialId: null}, Type:RATIS, Factor:ONE, State:OPEN]
2019-07-30 20:27:18,299 INFO  impl.RaftServerProxy (RaftServerProxy.java:addNew(89)) - b7080fa9-4be6-4a48-a718-6ce8688955c9: addNew group-BBC4FB3FBC27:[b7080fa9-4be6-4a48-a718-6ce8688955c9:192.168.69.110:46213, f4bc6727-8bd3-4bb1-aa77-075ee37c02d1:192.168.69.110:34581, 9407a994-3f0e-4290-b5c7-beb6902c6723:192.168.69.110:33034] returns group-BBC4FB3FBC27:java.util.concurrent.CompletableFuture@78a4131a[Not completed]
2019-07-30 20:27:18,299 INFO  impl.RaftServerProxy (RaftServerProxy.java:addNew(89)) - 9407a994-3f0e-4290-b5c7-beb6902c6723: addNew group-BBC4FB3FBC27:[b7080fa9-4be6-4a48-a718-6ce8688955c9:192.168.69.110:46213, f4bc6727-8bd3-4bb1-aa77-075ee37c02d1:192.168.69.110:34581, 9407a994-3f0e-4290-b5c7-beb6902c6723:192.168.69.110:33034] returns group-BBC4FB3FBC27:java.util.concurrent.CompletableFuture@1804b5ad[Not completed]
2019-07-30 20:27:18,299 INFO  impl.RaftServerProxy (RaftServerProxy.java:addNew(89)) - f4bc6727-8bd3-4bb1-aa77-075ee37c02d1: addNew group-BBC4FB3FBC27:[b7080fa9-4be6-4a48-a718-6ce8688955c9:192.168.69.110:46213, f4bc6727-8bd3-4bb1-aa77-075ee37c02d1:192.168.69.110:34581, 9407a994-3f0e-4290-b5c7-beb6902c6723:192.168.69.110:33034] returns group-BBC4FB3FBC27:java.util.concurrent.CompletableFuture@3e2e32ff[Not completed]
2019-07-30 20:27:18,300 INFO  impl.RaftServerImpl (RaftServerImpl.java:<init>(93)) - 9407a994-3f0e-4290-b5c7-beb6902c6723: new RaftServerImpl for group-BBC4FB3FBC27:[b7080fa9-4be6-4a48-a718-6ce8688955c9:192.168.69.110:46213, f4bc6727-8bd3-4bb1-aa77-075ee37c02d1:192.168.69.110:34581, 9407a994-3f0e-4290-b5c7-beb6902c6723:192.168.69.110:33034] with ContainerStateMachine:uninitialized
2019-07-30 20:27:18,300 INFO  server.RaftServerConfigKeys (ConfUtils.java:logGet(43)) - raft.server.rpc.timeout.min = 1s (custom)
2019-07-30 20:27:18,300 INFO  server.RaftServerConfigKeys (ConfUtils.java:logGet(43)) - raft.server.rpc.timeout.max = 1200ms (custom)
2019-07-30 20:27:18,300 INFO  server.RaftServerConfigKeys (ConfUtils.java:logGet(43)) - raft.server.rpcslowness.timeout = 120s (custom)
2019-07-30 20:27:18,300 INFO  server.RaftServerConfigKeys (ConfUtils.java:logGet(43)) - raft.server.sleep.deviation.threshold = 300 (default)
2019-07-30 20:27:18,300 INFO  server.RaftServerConfigKeys (ConfUtils.java:logGet(43)) - raft.server.log.appender.install.snapshot.enabled = false (custom)
2019-07-30 20:27:18,301 INFO  impl.RaftServerImpl (ServerState.java:<init>(105)) - 9407a994-3f0e-4290-b5c7-beb6902c6723:group-BBC4FB3FBC27 ConfigurationManager, init=-1: [b7080fa9-4be6-4a48-a718-6ce8688955c9:192.168.69.110:46213, f4bc6727-8bd3-4bb1-aa77-075ee37c02d1:192.168.69.110:34581, 9407a994-3f0e-4290-b5c7-beb6902c6723:192.168.69.110:33034], old=null, confs=<EMPTY_MAP>
2019-07-30 20:27:18,301 INFO  impl.RaftServerImpl (RaftServerImpl.java:<init>(93)) - f4bc6727-8bd3-4bb1-aa77-075ee37c02d1: new RaftServerImpl for group-BBC4FB3FBC27:[b7080fa9-4be6-4a48-a718-6ce8688955c9:192.168.69.110:46213, f4bc6727-8bd3-4bb1-aa77-075ee37c02d1:192.168.69.110:34581, 9407a994-3f0e-4290-b5c7-beb6902c6723:192.168.69.110:33034] with ContainerStateMachine:uninitialized
2019-07-30 20:27:18,301 INFO  server.RaftServerConfigKeys (ConfUtils.java:logGet(43)) - raft.server.storage.dir = [/workdir/hadoop-ozone/integration-test/target/test-dir/MiniOzoneClusterImpl-9cdb6828-2280-461c-a17f-287379f09a1f/datanode-5/data/ratis] (custom)
2019-07-30 20:27:18,301 INFO  server.RaftServerConfigKeys (ConfUtils.java:logGet(43)) - raft.server.rpc.timeout.min = 1s (custom)
2019-07-30 20:27:18,301 INFO  server.RaftServerConfigKeys (ConfUtils.java:logGet(43)) - raft.server.rpc.timeout.max = 1200ms (custom)
2019-07-30 20:27:18,301 INFO  impl.RaftServerImpl (RaftServerImpl.java:<init>(93)) - b7080fa9-4be6-4a48-a718-6ce8688955c9: new RaftServerImpl for group-BBC4FB3FBC27:[b7080fa9-4be6-4a48-a718-6ce8688955c9:192.168.69.110:46213, f4bc6727-8bd3-4bb1-aa77-075ee37c02d1:192.168.69.110:34581, 9407a994-3f0e-4290-b5c7-beb6902c6723:192.168.69.110:33034] with ContainerStateMachine:uninitialized
2019-07-30 20:27:18,301 INFO  server.RaftServerConfigKeys (ConfUtils.java:logGet(43)) - raft.server.rpcslowness.timeout = 120s (custom)
2019-07-30 20:27:18,301 INFO  server.RaftServerConfigKeys (ConfUtils.java:logGet(43)) - raft.server.rpc.timeout.min = 1s (custom)
2019-07-30 20:27:18,302 INFO  server.RaftServerConfigKeys (ConfUtils.java:logGet(43)) - raft.server.sleep.deviation.threshold = 300 (default)
2019-07-30 20:27:18,302 INFO  server.RaftServerConfigKeys (ConfUtils.java:logGet(43)) - raft.server.rpc.timeout.max = 1200ms (custom)
2019-07-30 20:27:18,302 INFO  server.RaftServerConfigKeys (ConfUtils.java:logGet(43)) - raft.server.log.appender.install.snapshot.enabled = false (custom)
2019-07-30 20:27:18,302 INFO  server.RaftServerConfigKeys (ConfUtils.java:logGet(43)) - raft.server.rpcslowness.timeout = 120s (custom)
2019-07-30 20:27:18,302 INFO  impl.RaftServerImpl (ServerState.java:<init>(105)) - f4bc6727-8bd3-4bb1-aa77-075ee37c02d1:group-BBC4FB3FBC27 ConfigurationManager, init=-1: [b7080fa9-4be6-4a48-a718-6ce8688955c9:192.168.69.110:46213, f4bc6727-8bd3-4bb1-aa77-075ee37c02d1:192.168.69.110:34581, 9407a994-3f0e-4290-b5c7-beb6902c6723:192.168.69.110:33034], old=null, confs=<EMPTY_MAP>
2019-07-30 20:27:18,302 INFO  server.RaftServerConfigKeys (ConfUtils.java:logGet(43)) - raft.server.sleep.deviation.threshold = 300 (default)
2019-07-30 20:27:18,302 INFO  server.RaftServerConfigKeys (ConfUtils.java:logGet(43)) - raft.server.storage.dir = [/workdir/hadoop-ozone/integration-test/target/test-dir/MiniOzoneClusterImpl-9cdb6828-2280-461c-a17f-287379f09a1f/datanode-3/data/ratis] (custom)
2019-07-30 20:27:18,302 INFO  server.RaftServerConfigKeys (ConfUtils.java:logGet(43)) - raft.server.log.appender.install.snapshot.enabled = false (custom)
2019-07-30 20:27:18,303 INFO  impl.RaftServerImpl (ServerState.java:<init>(105)) - b7080fa9-4be6-4a48-a718-6ce8688955c9:group-BBC4FB3FBC27 ConfigurationManager, init=-1: [b7080fa9-4be6-4a48-a718-6ce8688955c9:192.168.69.110:46213, f4bc6727-8bd3-4bb1-aa77-075ee37c02d1:192.168.69.110:34581, 9407a994-3f0e-4290-b5c7-beb6902c6723:192.168.69.110:33034], old=null, confs=<EMPTY_MAP>
2019-07-30 20:27:18,303 INFO  server.RaftServerConfigKeys (ConfUtils.java:logGet(43)) - raft.server.storage.dir = [/workdir/hadoop-ozone/integration-test/target/test-dir/MiniOzoneClusterImpl-9cdb6828-2280-461c-a17f-287379f09a1f/datanode-4/data/ratis] (custom)
2019-07-30 20:27:18,307 INFO  storage.RaftStorageDirectory (RaftStorageDirectory.java:analyzeStorage(246)) - The storage directory /workdir/hadoop-ozone/integration-test/target/test-dir/MiniOzoneClusterImpl-9cdb6828-2280-461c-a17f-287379f09a1f/datanode-5/data/ratis/8459a1ee-cf32-4d4c-9f49-bbc4fb3fbc27 does not exist. Creating ...
2019-07-30 20:27:18,307 INFO  storage.RaftStorageDirectory (RaftStorageDirectory.java:analyzeStorage(246)) - The storage directory /workdir/hadoop-ozone/integration-test/target/test-dir/MiniOzoneClusterImpl-9cdb6828-2280-461c-a17f-287379f09a1f/datanode-3/data/ratis/8459a1ee-cf32-4d4c-9f49-bbc4fb3fbc27 does not exist. Creating ...
2019-07-30 20:27:18,307 INFO  storage.RaftStorageDirectory (RaftStorageDirectory.java:analyzeStorage(246)) - The storage directory /workdir/hadoop-ozone/integration-test/target/test-dir/MiniOzoneClusterImpl-9cdb6828-2280-461c-a17f-287379f09a1f/datanode-4/data/ratis/8459a1ee-cf32-4d4c-9f49-bbc4fb3fbc27 does not exist. Creating ...
2019-07-30 20:27:18,321 INFO  storage.RaftStorageDirectory (RaftStorageDirectory.java:tryLock(328)) - Lock on /workdir/hadoop-ozone/integration-test/target/test-dir/MiniOzoneClusterImpl-9cdb6828-2280-461c-a17f-287379f09a1f/datanode-4/data/ratis/8459a1ee-cf32-4d4c-9f49-bbc4fb3fbc27/in_use.lock acquired by nodename 20859@byscane-nightly-zbvcj-1516659162
2019-07-30 20:27:18,321 INFO  storage.RaftStorageDirectory (RaftStorageDirectory.java:tryLock(328)) - Lock on /workdir/hadoop-ozone/integration-test/target/test-dir/MiniOzoneClusterImpl-9cdb6828-2280-461c-a17f-287379f09a1f/datanode-3/data/ratis/8459a1ee-cf32-4d4c-9f49-bbc4fb3fbc27/in_use.lock acquired by nodename 20859@byscane-nightly-zbvcj-1516659162
2019-07-30 20:27:18,321 INFO  storage.RaftStorageDirectory (RaftStorageDirectory.java:tryLock(328)) - Lock on /workdir/hadoop-ozone/integration-test/target/test-dir/MiniOzoneClusterImpl-9cdb6828-2280-461c-a17f-287379f09a1f/datanode-5/data/ratis/8459a1ee-cf32-4d4c-9f49-bbc4fb3fbc27/in_use.lock acquired by nodename 20859@byscane-nightly-zbvcj-1516659162
2019-07-30 20:27:18,325 INFO  storage.RaftStorage (RaftStorage.java:format(72)) - Storage directory /workdir/hadoop-ozone/integration-test/target/test-dir/MiniOzoneClusterImpl-9cdb6828-2280-461c-a17f-287379f09a1f/datanode-5/data/ratis/8459a1ee-cf32-4d4c-9f49-bbc4fb3fbc27 has been successfully formatted.
2019-07-30 20:27:18,325 INFO  storage.RaftStorage (RaftStorage.java:format(72)) - Storage directory /workdir/hadoop-ozone/integration-test/target/test-dir/MiniOzoneClusterImpl-9cdb6828-2280-461c-a17f-287379f09a1f/datanode-3/data/ratis/8459a1ee-cf32-4d4c-9f49-bbc4fb3fbc27 has been successfully formatted.
2019-07-30 20:27:18,325 INFO  storage.RaftStorage (RaftStorage.java:format(72)) - Storage directory /workdir/hadoop-ozone/integration-test/target/test-dir/MiniOzoneClusterImpl-9cdb6828-2280-461c-a17f-287379f09a1f/datanode-4/data/ratis/8459a1ee-cf32-4d4c-9f49-bbc4fb3fbc27 has been successfully formatted.
2019-07-30 20:27:18,325 INFO  ratis.ContainerStateMachine (ContainerStateMachine.java:loadSnapshot(213)) - group-BBC4FB3FBC27: The snapshot info is null. Setting the last applied indexto:(t:0, i:~)
2019-07-30 20:27:18,325 INFO  ratis.ContainerStateMachine (ContainerStateMachine.java:loadSnapshot(213)) - group-BBC4FB3FBC27: The snapshot info is null. Setting the last applied indexto:(t:0, i:~)
2019-07-30 20:27:18,325 INFO  ratis.ContainerStateMachine (ContainerStateMachine.java:loadSnapshot(213)) - group-BBC4FB3FBC27: The snapshot info is null. Setting the last applied indexto:(t:0, i:~)
2019-07-30 20:27:18,326 INFO  server.RaftServerConfigKeys (ConfUtils.java:logGet(43)) - raft.server.leader.election.timeout = 120s (custom)
2019-07-30 20:27:18,325 INFO  server.RaftServerConfigKeys (ConfUtils.java:logGet(43)) - raft.server.leader.election.timeout = 120s (custom)
2019-07-30 20:27:18,326 INFO  server.RaftServerConfigKeys (ConfUtils.java:logGet(43)) - raft.server.log.use.memory = false (default)
2019-07-30 20:27:18,326 INFO  server.RaftServerConfigKeys (ConfUtils.java:logGet(43)) - raft.server.leader.election.timeout = 120s (custom)
2019-07-30 20:27:18,326 INFO  server.RaftServerConfigKeys (ConfUtils.java:logGet(43)) - raft.server.log.purge.gap = 1000000000 (custom)
2019-07-30 20:27:18,326 INFO  server.RaftServerConfigKeys (ConfUtils.java:logGet(43)) - raft.server.log.use.memory = false (default)
2019-07-30 20:27:18,326 INFO  server.RaftServerConfigKeys (ConfUtils.java:logGet(43)) - raft.server.log.appender.buffer.byte-limit = 33554432 (custom)
2019-07-30 20:27:18,326 INFO  server.RaftServerConfigKeys (ConfUtils.java:logGet(43)) - raft.server.log.use.memory = false (default)
2019-07-30 20:27:18,327 INFO  server.RaftServerConfigKeys (ConfUtils.java:logGet(43)) - raft.server.log.segment.size.max = 1048576 (custom)
2019-07-30 20:27:18,327 INFO  server.RaftServerConfigKeys (ConfUtils.java:logGet(43)) - raft.server.log.purge.gap = 1000000000 (custom)
2019-07-30 20:27:18,327 INFO  server.RaftServerConfigKeys (ConfUtils.java:logGet(43)) - raft.server.log.segment.cache.num.max = 2 (custom)
2019-07-30 20:27:18,327 INFO  server.RaftServerConfigKeys (ConfUtils.java:logGet(43)) - raft.server.log.purge.gap = 1000000000 (custom)
2019-07-30 20:27:18,327 INFO  segmented.SegmentedRaftLogWorker (SegmentedRaftLogWorker.java:<init>(172)) - new f4bc6727-8bd3-4bb1-aa77-075ee37c02d1-SegmentedRaftLogWorker:Storage Directory /workdir/hadoop-ozone/integration-test/target/test-dir/MiniOzoneClusterImpl-9cdb6828-2280-461c-a17f-287379f09a1f/datanode-3/data/ratis/8459a1ee-cf32-4d4c-9f49-bbc4fb3fbc27 for RaftStorage:Storage Directory /workdir/hadoop-ozone/integration-test/target/test-dir/MiniOzoneClusterImpl-9cdb6828-2280-461c-a17f-287379f09a1f/datanode-3/data/ratis/8459a1ee-cf32-4d4c-9f49-bbc4fb3fbc27
2019-07-30 20:27:18,327 INFO  server.RaftServerConfigKeys (ConfUtils.java:logGet(43)) - raft.server.log.appender.buffer.byte-limit = 33554432 (custom)
2019-07-30 20:27:18,328 INFO  server.RaftServerConfigKeys (ConfUtils.java:logGet(43)) - raft.server.log.queue.byte-limit = 2147483647 (custom)
2019-07-30 20:27:18,327 INFO  server.RaftServerConfigKeys (ConfUtils.java:logGet(43)) - raft.server.log.appender.buffer.byte-limit = 33554432 (custom)
2019-07-30 20:27:18,328 INFO  server.RaftServerConfigKeys (ConfUtils.java:logGet(43)) - raft.server.log.queue.element-limit = 1024 (custom)
2019-07-30 20:27:18,328 INFO  server.RaftServerConfigKeys (ConfUtils.java:logGet(43)) - raft.server.log.segment.size.max = 1048576 (custom)
2019-07-30 20:27:18,328 INFO  server.RaftServerConfigKeys (ConfUtils.java:logGet(43)) - raft.server.log.segment.size.max = 1048576 (custom)
2019-07-30 20:27:18,328 INFO  server.RaftServerConfigKeys (ConfUtils.java:logGet(43)) - raft.server.log.segment.size.max = 1048576 (custom)
2019-07-30 20:27:18,329 INFO  server.RaftServerConfigKeys (ConfUtils.java:logGet(43)) - raft.server.log.preallocated.size = 16384 (custom)
2019-07-30 20:27:18,328 INFO  server.RaftServerConfigKeys (ConfUtils.java:logGet(43)) - raft.server.log.segment.cache.num.max = 2 (custom)
2019-07-30 20:27:18,329 INFO  server.RaftServerConfigKeys (ConfUtils.java:logGet(43)) - raft.server.log.write.buffer.size = 33554432 (custom)
2019-07-30 20:27:18,329 INFO  server.RaftServerConfigKeys (ConfUtils.java:logGet(43)) - raft.server.log.force.sync.num = 128 (default)
2019-07-30 20:27:18,329 INFO  server.RaftServerConfigKeys (ConfUtils.java:logGet(43)) - raft.server.log.segment.cache.num.max = 2 (custom)
2019-07-30 20:27:18,329 INFO  server.RaftServerConfigKeys (ConfUtils.java:logGet(43)) - raft.server.log.statemachine.data.sync = true (default)
2019-07-30 20:27:18,329 INFO  segmented.SegmentedRaftLogWorker (SegmentedRaftLogWorker.java:<init>(172)) - new 9407a994-3f0e-4290-b5c7-beb6902c6723-SegmentedRaftLogWorker:Storage Directory /workdir/hadoop-ozone/integration-test/target/test-dir/MiniOzoneClusterImpl-9cdb6828-2280-461c-a17f-287379f09a1f/datanode-5/data/ratis/8459a1ee-cf32-4d4c-9f49-bbc4fb3fbc27 for RaftStorage:Storage Directory /workdir/hadoop-ozone/integration-test/target/test-dir/MiniOzoneClusterImpl-9cdb6828-2280-461c-a17f-287379f09a1f/datanode-5/data/ratis/8459a1ee-cf32-4d4c-9f49-bbc4fb3fbc27
2019-07-30 20:27:18,330 INFO  server.RaftServerConfigKeys (ConfUtils.java:logGet(43)) - raft.server.log.statemachine.data.sync.timeout = 10s (default)
2019-07-30 20:27:18,330 INFO  segmented.SegmentedRaftLogWorker (SegmentedRaftLogWorker.java:<init>(172)) - new b7080fa9-4be6-4a48-a718-6ce8688955c9-SegmentedRaftLogWorker:Storage Directory /workdir/hadoop-ozone/integration-test/target/test-dir/MiniOzoneClusterImpl-9cdb6828-2280-461c-a17f-287379f09a1f/datanode-4/data/ratis/8459a1ee-cf32-4d4c-9f49-bbc4fb3fbc27 for RaftStorage:Storage Directory /workdir/hadoop-ozone/integration-test/target/test-dir/MiniOzoneClusterImpl-9cdb6828-2280-461c-a17f-287379f09a1f/datanode-4/data/ratis/8459a1ee-cf32-4d4c-9f49-bbc4fb3fbc27
2019-07-30 20:27:18,330 INFO  server.RaftServerConfigKeys (ConfUtils.java:logGet(43)) - raft.server.log.statemachine.data.sync.timeout.retry = -1 (default)
2019-07-30 20:27:18,330 INFO  server.RaftServerConfigKeys (ConfUtils.java:logGet(43)) - raft.server.log.queue.byte-limit = 2147483647 (custom)
2019-07-30 20:27:18,330 INFO  server.RaftServerConfigKeys (ConfUtils.java:logGet(43)) - raft.server.log.statemachine.data.caching.enabled = true (custom)
2019-07-30 20:27:18,330 INFO  server.RaftServerConfigKeys (ConfUtils.java:logGet(43)) - raft.server.log.queue.byte-limit = 2147483647 (custom)
2019-07-30 20:27:18,330 INFO  server.RaftServerConfigKeys (ConfUtils.java:logGet(43)) - raft.server.log.queue.element-limit = 1024 (custom)
2019-07-30 20:27:18,331 INFO  segmented.SegmentedRaftLogWorker (SegmentedRaftLogWorker.java:lambda$new$0(132)) - f4bc6727-8bd3-4bb1-aa77-075ee37c02d1-SegmentedRaftLogWorker:Storage Directory /workdir/hadoop-ozone/integration-test/target/test-dir/MiniOzoneClusterImpl-9cdb6828-2280-461c-a17f-287379f09a1f/datanode-3/data/ratis/8459a1ee-cf32-4d4c-9f49-bbc4fb3fbc27: flushIndex: setUnconditionally 0 -> -1
2019-07-30 20:27:18,331 INFO  server.RaftServerConfigKeys (ConfUtils.java:logGet(43)) - raft.server.log.queue.element-limit = 1024 (custom)
2019-07-30 20:27:18,331 INFO  server.RaftServerConfigKeys (ConfUtils.java:logGet(43)) - raft.server.log.segment.size.max = 1048576 (custom)
2019-07-30 20:27:18,331 INFO  server.RaftServerConfigKeys (ConfUtils.java:logGet(43)) - raft.server.snapshot.auto.trigger.enabled = true (custom)
2019-07-30 20:27:18,331 INFO  server.RaftServerConfigKeys (ConfUtils.java:logGet(43)) - raft.server.log.segment.size.max = 1048576 (custom)
2019-07-30 20:27:18,332 INFO  server.RaftServerConfigKeys (ConfUtils.java:logGet(43)) - raft.server.snapshot.auto.trigger.threshold = 10000 (custom)
2019-07-30 20:27:18,331 INFO  server.RaftServerConfigKeys (ConfUtils.java:logGet(43)) - raft.server.log.preallocated.size = 16384 (custom)
2019-07-30 20:27:18,332 INFO  server.RaftServerConfigKeys (ConfUtils.java:logGet(43)) - raft.server.retrycache.expirytime = 600000ms (custom)
2019-07-30 20:27:18,332 INFO  server.RaftServerConfigKeys (ConfUtils.java:logGet(43)) - raft.server.log.preallocated.size = 16384 (custom)
2019-07-30 20:27:18,332 INFO  impl.RaftServerImpl (RaftServerImpl.java:start(180)) - f4bc6727-8bd3-4bb1-aa77-075ee37c02d1: start group-BBC4FB3FBC27
2019-07-30 20:27:18,333 INFO  impl.RaftServerImpl (RaftServerImpl.java:setRole(171)) - f4bc6727-8bd3-4bb1-aa77-075ee37c02d1:group-BBC4FB3FBC27 changes role from null to FOLLOWER at term 0 for startAsFollower
2019-07-30 20:27:18,332 INFO  server.RaftServerConfigKeys (ConfUtils.java:logGet(43)) - raft.server.log.write.buffer.size = 33554432 (custom)
2019-07-30 20:27:18,333 INFO  impl.RoleInfo (RoleInfo.java:updateAndGet(143)) - f4bc6727-8bd3-4bb1-aa77-075ee37c02d1: start FollowerState
2019-07-30 20:27:18,332 INFO  server.RaftServerConfigKeys (ConfUtils.java:logGet(43)) - raft.server.log.write.buffer.size = 33554432 (custom)
2019-07-30 20:27:18,333 INFO  server.RaftServerConfigKeys (ConfUtils.java:logGet(43)) - raft.server.log.force.sync.num = 128 (default)
2019-07-30 20:27:18,333 INFO  server.RaftServerConfigKeys (ConfUtils.java:logGet(43)) - raft.server.log.force.sync.num = 128 (default)
2019-07-30 20:27:18,333 INFO  util.JmxRegister (JmxRegister.java:tryRegister(44)) - Successfully registered JMX Bean with object name Ratis:service=RaftServer,group=group-BBC4FB3FBC27,id=f4bc6727-8bd3-4bb1-aa77-075ee37c02d1
2019-07-30 20:27:18,333 INFO  server.RaftServerConfigKeys (ConfUtils.java:logGet(43)) - raft.server.log.statemachine.data.sync = true (default)
2019-07-30 20:27:18,333 INFO  server.RaftServerConfigKeys (ConfUtils.java:logGet(43)) - raft.server.log.statemachine.data.sync = true (default)
2019-07-30 20:27:18,334 INFO  server.RaftServerConfigKeys (ConfUtils.java:logGet(43)) - raft.server.log.statemachine.data.sync.timeout = 10s (default)
2019-07-30 20:27:18,334 INFO  server.RaftServerConfigKeys (ConfUtils.java:logGet(43)) - raft.server.log.statemachine.data.sync.timeout = 10s (default)
2019-07-30 20:27:18,334 INFO  server.RaftServerConfigKeys (ConfUtils.java:logGet(43)) - raft.server.log.statemachine.data.sync.timeout.retry = -1 (default)
2019-07-30 20:27:18,334 INFO  server.RaftServerConfigKeys (ConfUtils.java:logGet(43)) - raft.server.log.statemachine.data.sync.timeout.retry = -1 (default)
2019-07-30 20:27:18,335 INFO  server.RaftServerConfigKeys (ConfUtils.java:logGet(43)) - raft.server.log.statemachine.data.caching.enabled = true (custom)
2019-07-30 20:27:18,335 INFO  server.RaftServerConfigKeys (ConfUtils.java:logGet(43)) - raft.server.log.statemachine.data.caching.enabled = true (custom)
2019-07-30 20:27:18,337 INFO  segmented.SegmentedRaftLogWorker (SegmentedRaftLogWorker.java:lambda$new$0(132)) - 9407a994-3f0e-4290-b5c7-beb6902c6723-SegmentedRaftLogWorker:Storage Directory /workdir/hadoop-ozone/integration-test/target/test-dir/MiniOzoneClusterImpl-9cdb6828-2280-461c-a17f-287379f09a1f/datanode-5/data/ratis/8459a1ee-cf32-4d4c-9f49-bbc4fb3fbc27: flushIndex: setUnconditionally 0 -> -1
2019-07-30 20:27:18,337 INFO  segmented.SegmentedRaftLogWorker (SegmentedRaftLogWorker.java:lambda$new$0(132)) - b7080fa9-4be6-4a48-a718-6ce8688955c9-SegmentedRaftLogWorker:Storage Directory /workdir/hadoop-ozone/integration-test/target/test-dir/MiniOzoneClusterImpl-9cdb6828-2280-461c-a17f-287379f09a1f/datanode-4/data/ratis/8459a1ee-cf32-4d4c-9f49-bbc4fb3fbc27: flushIndex: setUnconditionally 0 -> -1
2019-07-30 20:27:18,338 INFO  server.RaftServerConfigKeys (ConfUtils.java:logGet(43)) - raft.server.snapshot.auto.trigger.enabled = true (custom)
2019-07-30 20:27:18,338 INFO  server.RaftServerConfigKeys (ConfUtils.java:logGet(43)) - raft.server.snapshot.auto.trigger.threshold = 10000 (custom)
2019-07-30 20:27:18,338 INFO  server.RaftServerConfigKeys (ConfUtils.java:logGet(43)) - raft.server.snapshot.auto.trigger.enabled = true (custom)
2019-07-30 20:27:18,338 INFO  server.RaftServerConfigKeys (ConfUtils.java:logGet(43)) - raft.server.retrycache.expirytime = 600000ms (custom)
2019-07-30 20:27:18,338 INFO  server.RaftServerConfigKeys (ConfUtils.java:logGet(43)) - raft.server.snapshot.auto.trigger.threshold = 10000 (custom)
2019-07-30 20:27:18,338 INFO  impl.RaftServerImpl (RaftServerImpl.java:start(180)) - 9407a994-3f0e-4290-b5c7-beb6902c6723: start group-BBC4FB3FBC27
2019-07-30 20:27:18,339 INFO  server.RaftServerConfigKeys (ConfUtils.java:logGet(43)) - raft.server.retrycache.expirytime = 600000ms (custom)
2019-07-30 20:27:18,339 INFO  impl.RaftServerImpl (RaftServerImpl.java:setRole(171)) - 9407a994-3f0e-4290-b5c7-beb6902c6723:group-BBC4FB3FBC27 changes role from null to FOLLOWER at term 0 for startAsFollower
2019-07-30 20:27:18,339 INFO  impl.RaftServerImpl (RaftServerImpl.java:start(180)) - b7080fa9-4be6-4a48-a718-6ce8688955c9: start group-BBC4FB3FBC27
2019-07-30 20:27:18,339 INFO  impl.RoleInfo (RoleInfo.java:updateAndGet(143)) - 9407a994-3f0e-4290-b5c7-beb6902c6723: start FollowerState
2019-07-30 20:27:18,339 INFO  impl.RaftServerImpl (RaftServerImpl.java:setRole(171)) - b7080fa9-4be6-4a48-a718-6ce8688955c9:group-BBC4FB3FBC27 changes role from null to FOLLOWER at term 0 for startAsFollower
2019-07-30 20:27:18,339 INFO  impl.RoleInfo (RoleInfo.java:updateAndGet(143)) - b7080fa9-4be6-4a48-a718-6ce8688955c9: start FollowerState
2019-07-30 20:27:18,340 INFO  util.JmxRegister (JmxRegister.java:tryRegister(44)) - Successfully registered JMX Bean with object name Ratis:service=RaftServer,group=group-BBC4FB3FBC27,id=9407a994-3f0e-4290-b5c7-beb6902c6723
2019-07-30 20:27:18,340 INFO  util.JmxRegister (JmxRegister.java:tryRegister(44)) - Successfully registered JMX Bean with object name Ratis:service=RaftServer,group=group-BBC4FB3FBC27,id=b7080fa9-4be6-4a48-a718-6ce8688955c9
2019-07-30 20:27:18,346 INFO  pipeline.PipelineStateManager (PipelineStateManager.java:addPipeline(56)) - Created pipeline Pipeline[ Id: 8459a1ee-cf32-4d4c-9f49-bbc4fb3fbc27, Nodes: 9407a994-3f0e-4290-b5c7-beb6902c6723{ip: 192.168.69.110, host: byscane-nightly-zbvcj-1516659162, networkLocation: /default-rack, certSerialId: null}f4bc6727-8bd3-4bb1-aa77-075ee37c02d1{ip: 192.168.69.110, host: byscane-nightly-zbvcj-1516659162, networkLocation: /default-rack, certSerialId: null}b7080fa9-4be6-4a48-a718-6ce8688955c9{ip: 192.168.69.110, host: byscane-nightly-zbvcj-1516659162, networkLocation: /default-rack, certSerialId: null}, Type:RATIS, Factor:THREE, State:OPEN]
2019-07-30 20:27:18,505 INFO  impl.FollowerState (FollowerState.java:run(106)) - 6d241a64-b43e-4fbf-916d-c8c3e6999ca7:group-43B4C58E10B2 changes to CANDIDATE, lastRpcTime:1107, electionTimeout:1107ms
2019-07-30 20:27:18,506 INFO  impl.RoleInfo (RoleInfo.java:shutdownFollowerState(121)) - 6d241a64-b43e-4fbf-916d-c8c3e6999ca7: shutdown FollowerState
2019-07-30 20:27:18,506 INFO  impl.RaftServerImpl (RaftServerImpl.java:setRole(171)) - 6d241a64-b43e-4fbf-916d-c8c3e6999ca7:group-43B4C58E10B2 changes role from FOLLOWER to CANDIDATE at term 0 for changeToCandidate
2019-07-30 20:27:18,506 INFO  impl.RoleInfo (RoleInfo.java:updateAndGet(143)) - 6d241a64-b43e-4fbf-916d-c8c3e6999ca7: start LeaderElection
2019-07-30 20:27:18,527 INFO  impl.LeaderElection (LeaderElection.java:askForVotes(181)) - 6d241a64-b43e-4fbf-916d-c8c3e6999ca7:group-43B4C58E10B2:LeaderElection51: begin an election at term 1 for -1: [6d241a64-b43e-4fbf-916d-c8c3e6999ca7:192.168.69.110:43479], old=null
2019-07-30 20:27:18,527 INFO  impl.RoleInfo (RoleInfo.java:shutdownLeaderElection(134)) - 6d241a64-b43e-4fbf-916d-c8c3e6999ca7: shutdown LeaderElection
2019-07-30 20:27:18,527 INFO  impl.RaftServerImpl (RaftServerImpl.java:setRole(171)) - 6d241a64-b43e-4fbf-916d-c8c3e6999ca7:group-43B4C58E10B2 changes role from CANDIDATE to LEADER at term 1 for changeToLeader
2019-07-30 20:27:18,527 INFO  impl.RaftServerImpl (ServerState.java:setLeader(263)) - 6d241a64-b43e-4fbf-916d-c8c3e6999ca7:group-43B4C58E10B2 change Leader from null to 6d241a64-b43e-4fbf-916d-c8c3e6999ca7 at term 1 for becomeLeader, leader elected after 1135ms
2019-07-30 20:27:18,527 INFO  server.RaftServerConfigKeys (ConfUtils.java:logGet(43)) - raft.server.staging.catchup.gap = 1000 (default)
2019-07-30 20:27:18,528 INFO  server.RaftServerConfigKeys (ConfUtils.java:logGet(43)) - raft.server.rpc.sleep.time = 25ms (default)
2019-07-30 20:27:18,528 INFO  server.RaftServerConfigKeys (ConfUtils.java:logGet(43)) - raft.server.write.element-limit = 4096 (default)
2019-07-30 20:27:18,528 INFO  server.RaftServerConfigKeys (ConfUtils.java:logGet(43)) - raft.server.watch.timeout = 10s (default)
2019-07-30 20:27:18,528 INFO  server.RaftServerConfigKeys (ConfUtils.java:logGet(43)) - raft.server.watch.timeout.denomination = 1s (default)
2019-07-30 20:27:18,528 INFO  server.RaftServerConfigKeys (ConfUtils.java:logGet(43)) - raft.server.watch.element-limit = 65536 (default)
2019-07-30 20:27:18,529 INFO  impl.RoleInfo (RoleInfo.java:updateAndGet(143)) - 6d241a64-b43e-4fbf-916d-c8c3e6999ca7: start LeaderState
2019-07-30 20:27:18,529 INFO  segmented.SegmentedRaftLogWorker (SegmentedRaftLogWorker.java:startLogSegment(380)) - 6d241a64-b43e-4fbf-916d-c8c3e6999ca7-SegmentedRaftLogWorker:Storage Directory /workdir/hadoop-ozone/integration-test/target/test-dir/MiniOzoneClusterImpl-9cdb6828-2280-461c-a17f-287379f09a1f/datanode-0/data/ratis/fce8961c-4d9f-459a-b15a-43b4c58e10b2: Starting segment from index:0
2019-07-30 20:27:18,530 INFO  impl.RaftServerImpl (ServerState.java:setRaftConf(361)) - 6d241a64-b43e-4fbf-916d-c8c3e6999ca7:group-43B4C58E10B2 set configuration 0: [6d241a64-b43e-4fbf-916d-c8c3e6999ca7:192.168.69.110:43479], old=null at 0
2019-07-30 20:27:18,561 INFO  segmented.SegmentedRaftLogWorker (SegmentedRaftLogWorker.java:execute(569)) - 6d241a64-b43e-4fbf-916d-c8c3e6999ca7-SegmentedRaftLogWorker:Storage Directory /workdir/hadoop-ozone/integration-test/target/test-dir/MiniOzoneClusterImpl-9cdb6828-2280-461c-a17f-287379f09a1f/datanode-0/data/ratis/fce8961c-4d9f-459a-b15a-43b4c58e10b2: created new log segment /workdir/hadoop-ozone/integration-test/target/test-dir/MiniOzoneClusterImpl-9cdb6828-2280-461c-a17f-287379f09a1f/datanode-0/data/ratis/fce8961c-4d9f-459a-b15a-43b4c58e10b2/current/log_inprogress_0
2019-07-30 20:27:18,621 INFO  impl.FollowerState (FollowerState.java:run(106)) - 99aa13c5-3437-4911-a3ab-76a4f1cc7195:group-C35449593A8A changes to CANDIDATE, lastRpcTime:1051, electionTimeout:1051ms
2019-07-30 20:27:18,621 INFO  impl.RoleInfo (RoleInfo.java:shutdownFollowerState(121)) - 99aa13c5-3437-4911-a3ab-76a4f1cc7195: shutdown FollowerState
2019-07-30 20:27:18,621 INFO  impl.RaftServerImpl (RaftServerImpl.java:setRole(171)) - 99aa13c5-3437-4911-a3ab-76a4f1cc7195:group-C35449593A8A changes role from FOLLOWER to CANDIDATE at term 0 for changeToCandidate
2019-07-30 20:27:18,621 INFO  impl.RoleInfo (RoleInfo.java:updateAndGet(143)) - 99aa13c5-3437-4911-a3ab-76a4f1cc7195: start LeaderElection
2019-07-30 20:27:18,644 INFO  impl.LeaderElection (LeaderElection.java:askForVotes(181)) - 99aa13c5-3437-4911-a3ab-76a4f1cc7195:group-C35449593A8A:LeaderElection52: begin an election at term 1 for -1: [99aa13c5-3437-4911-a3ab-76a4f1cc7195:192.168.69.110:43962], old=null
2019-07-30 20:27:18,644 INFO  impl.RoleInfo (RoleInfo.java:shutdownLeaderElection(134)) - 99aa13c5-3437-4911-a3ab-76a4f1cc7195: shutdown LeaderElection
2019-07-30 20:27:18,644 INFO  impl.RaftServerImpl (RaftServerImpl.java:setRole(171)) - 99aa13c5-3437-4911-a3ab-76a4f1cc7195:group-C35449593A8A changes role from CANDIDATE to LEADER at term 1 for changeToLeader
2019-07-30 20:27:18,644 INFO  impl.RaftServerImpl (ServerState.java:setLeader(263)) - 99aa13c5-3437-4911-a3ab-76a4f1cc7195:group-C35449593A8A change Leader from null to 99aa13c5-3437-4911-a3ab-76a4f1cc7195 at term 1 for becomeLeader, leader elected after 1079ms
2019-07-30 20:27:18,645 INFO  server.RaftServerConfigKeys (ConfUtils.java:logGet(43)) - raft.server.staging.catchup.gap = 1000 (default)
2019-07-30 20:27:18,645 INFO  server.RaftServerConfigKeys (ConfUtils.java:logGet(43)) - raft.server.rpc.sleep.time = 25ms (default)
2019-07-30 20:27:18,645 INFO  server.RaftServerConfigKeys (ConfUtils.java:logGet(43)) - raft.server.write.element-limit = 4096 (default)
2019-07-30 20:27:18,645 INFO  server.RaftServerConfigKeys (ConfUtils.java:logGet(43)) - raft.server.watch.timeout = 10s (default)
2019-07-30 20:27:18,645 INFO  server.RaftServerConfigKeys (ConfUtils.java:logGet(43)) - raft.server.watch.timeout.denomination = 1s (default)
2019-07-30 20:27:18,646 INFO  server.RaftServerConfigKeys (ConfUtils.java:logGet(43)) - raft.server.watch.element-limit = 65536 (default)
2019-07-30 20:27:18,646 INFO  impl.RoleInfo (RoleInfo.java:updateAndGet(143)) - 99aa13c5-3437-4911-a3ab-76a4f1cc7195: start LeaderState
2019-07-30 20:27:18,646 INFO  segmented.SegmentedRaftLogWorker (SegmentedRaftLogWorker.java:startLogSegment(380)) - 99aa13c5-3437-4911-a3ab-76a4f1cc7195-SegmentedRaftLogWorker:Storage Directory /workdir/hadoop-ozone/integration-test/target/test-dir/MiniOzoneClusterImpl-9cdb6828-2280-461c-a17f-287379f09a1f/datanode-1/data/ratis/49b15e8d-dbe2-461c-b4ae-c35449593a8a: Starting segment from index:0
2019-07-30 20:27:18,647 INFO  impl.RaftServerImpl (ServerState.java:setRaftConf(361)) - 99aa13c5-3437-4911-a3ab-76a4f1cc7195:group-C35449593A8A set configuration 0: [99aa13c5-3437-4911-a3ab-76a4f1cc7195:192.168.69.110:43962], old=null at 0
2019-07-30 20:27:18,677 INFO  segmented.SegmentedRaftLogWorker (SegmentedRaftLogWorker.java:execute(569)) - 99aa13c5-3437-4911-a3ab-76a4f1cc7195-SegmentedRaftLogWorker:Storage Directory /workdir/hadoop-ozone/integration-test/target/test-dir/MiniOzoneClusterImpl-9cdb6828-2280-461c-a17f-287379f09a1f/datanode-1/data/ratis/49b15e8d-dbe2-461c-b4ae-c35449593a8a: created new log segment /workdir/hadoop-ozone/integration-test/target/test-dir/MiniOzoneClusterImpl-9cdb6828-2280-461c-a17f-287379f09a1f/datanode-1/data/ratis/49b15e8d-dbe2-461c-b4ae-c35449593a8a/current/log_inprogress_0
2019-07-30 20:27:18,844 INFO  impl.FollowerState (FollowerState.java:run(106)) - 46a37b55-e33e-446d-a63d-6c5e13d164b3:group-4963142DE3D2 changes to CANDIDATE, lastRpcTime:1117, electionTimeout:1117ms
2019-07-30 20:27:18,844 INFO  impl.RoleInfo (RoleInfo.java:shutdownFollowerState(121)) - 46a37b55-e33e-446d-a63d-6c5e13d164b3: shutdown FollowerState
2019-07-30 20:27:18,844 INFO  impl.RaftServerImpl (RaftServerImpl.java:setRole(171)) - 46a37b55-e33e-446d-a63d-6c5e13d164b3:group-4963142DE3D2 changes role from FOLLOWER to CANDIDATE at term 0 for changeToCandidate
2019-07-30 20:27:18,844 INFO  impl.RoleInfo (RoleInfo.java:updateAndGet(143)) - 46a37b55-e33e-446d-a63d-6c5e13d164b3: start LeaderElection
2019-07-30 20:27:18,867 INFO  impl.LeaderElection (LeaderElection.java:askForVotes(181)) - 46a37b55-e33e-446d-a63d-6c5e13d164b3:group-4963142DE3D2:LeaderElection53: begin an election at term 1 for -1: [46a37b55-e33e-446d-a63d-6c5e13d164b3:192.168.69.110:44219], old=null
2019-07-30 20:27:18,867 INFO  impl.RoleInfo (RoleInfo.java:shutdownLeaderElection(134)) - 46a37b55-e33e-446d-a63d-6c5e13d164b3: shutdown LeaderElection
2019-07-30 20:27:18,867 INFO  impl.RaftServerImpl (RaftServerImpl.java:setRole(171)) - 46a37b55-e33e-446d-a63d-6c5e13d164b3:group-4963142DE3D2 changes role from CANDIDATE to LEADER at term 1 for changeToLeader
2019-07-30 20:27:18,867 INFO  impl.RaftServerImpl (ServerState.java:setLeader(263)) - 46a37b55-e33e-446d-a63d-6c5e13d164b3:group-4963142DE3D2 change Leader from null to 46a37b55-e33e-446d-a63d-6c5e13d164b3 at term 1 for becomeLeader, leader elected after 1145ms
2019-07-30 20:27:18,867 INFO  server.RaftServerConfigKeys (ConfUtils.java:logGet(43)) - raft.server.staging.catchup.gap = 1000 (default)
2019-07-30 20:27:18,867 INFO  server.RaftServerConfigKeys (ConfUtils.java:logGet(43)) - raft.server.rpc.sleep.time = 25ms (default)
2019-07-30 20:27:18,868 INFO  server.RaftServerConfigKeys (ConfUtils.java:logGet(43)) - raft.server.write.element-limit = 4096 (default)
2019-07-30 20:27:18,868 INFO  server.RaftServerConfigKeys (ConfUtils.java:logGet(43)) - raft.server.watch.timeout = 10s (default)
2019-07-30 20:27:18,868 INFO  server.RaftServerConfigKeys (ConfUtils.java:logGet(43)) - raft.server.watch.timeout.denomination = 1s (default)
2019-07-30 20:27:18,868 INFO  server.RaftServerConfigKeys (ConfUtils.java:logGet(43)) - raft.server.watch.element-limit = 65536 (default)
2019-07-30 20:27:18,868 INFO  impl.RoleInfo (RoleInfo.java:updateAndGet(143)) - 46a37b55-e33e-446d-a63d-6c5e13d164b3: start LeaderState
2019-07-30 20:27:18,869 INFO  segmented.SegmentedRaftLogWorker (SegmentedRaftLogWorker.java:startLogSegment(380)) - 46a37b55-e33e-446d-a63d-6c5e13d164b3-SegmentedRaftLogWorker:Storage Directory /workdir/hadoop-ozone/integration-test/target/test-dir/MiniOzoneClusterImpl-9cdb6828-2280-461c-a17f-287379f09a1f/datanode-2/data/ratis/3d981bc8-fa5e-4cfe-8c75-4963142de3d2: Starting segment from index:0
2019-07-30 20:27:18,869 INFO  impl.RaftServerImpl (ServerState.java:setRaftConf(361)) - 46a37b55-e33e-446d-a63d-6c5e13d164b3:group-4963142DE3D2 set configuration 0: [46a37b55-e33e-446d-a63d-6c5e13d164b3:192.168.69.110:44219], old=null at 0
2019-07-30 20:27:18,901 INFO  segmented.SegmentedRaftLogWorker (SegmentedRaftLogWorker.java:execute(569)) - 46a37b55-e33e-446d-a63d-6c5e13d164b3-SegmentedRaftLogWorker:Storage Directory /workdir/hadoop-ozone/integration-test/target/test-dir/MiniOzoneClusterImpl-9cdb6828-2280-461c-a17f-287379f09a1f/datanode-2/data/ratis/3d981bc8-fa5e-4cfe-8c75-4963142de3d2: created new log segment /workdir/hadoop-ozone/integration-test/target/test-dir/MiniOzoneClusterImpl-9cdb6828-2280-461c-a17f-287379f09a1f/datanode-2/data/ratis/3d981bc8-fa5e-4cfe-8c75-4963142de3d2/current/log_inprogress_0
2019-07-30 20:27:18,919 INFO  impl.FollowerState (FollowerState.java:run(106)) - f4bc6727-8bd3-4bb1-aa77-075ee37c02d1:group-EF5653C0D337 changes to CANDIDATE, lastRpcTime:1021, electionTimeout:1021ms
2019-07-30 20:27:18,919 INFO  impl.RoleInfo (RoleInfo.java:shutdownFollowerState(121)) - f4bc6727-8bd3-4bb1-aa77-075ee37c02d1: shutdown FollowerState
2019-07-30 20:27:18,919 INFO  impl.RaftServerImpl (RaftServerImpl.java:setRole(171)) - f4bc6727-8bd3-4bb1-aa77-075ee37c02d1:group-EF5653C0D337 changes role from FOLLOWER to CANDIDATE at term 0 for changeToCandidate
2019-07-30 20:27:18,920 INFO  impl.RoleInfo (RoleInfo.java:updateAndGet(143)) - f4bc6727-8bd3-4bb1-aa77-075ee37c02d1: start LeaderElection
2019-07-30 20:27:18,940 INFO  impl.LeaderElection (LeaderElection.java:askForVotes(181)) - f4bc6727-8bd3-4bb1-aa77-075ee37c02d1:group-EF5653C0D337:LeaderElection54: begin an election at term 1 for -1: [f4bc6727-8bd3-4bb1-aa77-075ee37c02d1:192.168.69.110:34581], old=null
2019-07-30 20:27:18,940 INFO  impl.RoleInfo (RoleInfo.java:shutdownLeaderElection(134)) - f4bc6727-8bd3-4bb1-aa77-075ee37c02d1: shutdown LeaderElection
2019-07-30 20:27:18,940 INFO  impl.RaftServerImpl (RaftServerImpl.java:setRole(171)) - f4bc6727-8bd3-4bb1-aa77-075ee37c02d1:group-EF5653C0D337 changes role from CANDIDATE to LEADER at term 1 for changeToLeader
2019-07-30 20:27:18,941 INFO  impl.RaftServerImpl (ServerState.java:setLeader(263)) - f4bc6727-8bd3-4bb1-aa77-075ee37c02d1:group-EF5653C0D337 change Leader from null to f4bc6727-8bd3-4bb1-aa77-075ee37c02d1 at term 1 for becomeLeader, leader elected after 1047ms
2019-07-30 20:27:18,941 INFO  server.RaftServerConfigKeys (ConfUtils.java:logGet(43)) - raft.server.staging.catchup.gap = 1000 (default)
2019-07-30 20:27:18,941 INFO  server.RaftServerConfigKeys (ConfUtils.java:logGet(43)) - raft.server.rpc.sleep.time = 25ms (default)
2019-07-30 20:27:18,941 INFO  server.RaftServerConfigKeys (ConfUtils.java:logGet(43)) - raft.server.write.element-limit = 4096 (default)
2019-07-30 20:27:18,941 INFO  server.RaftServerConfigKeys (ConfUtils.java:logGet(43)) - raft.server.watch.timeout = 10s (default)
2019-07-30 20:27:18,941 INFO  server.RaftServerConfigKeys (ConfUtils.java:logGet(43)) - raft.server.watch.timeout.denomination = 1s (default)
2019-07-30 20:27:18,941 INFO  server.RaftServerConfigKeys (ConfUtils.java:logGet(43)) - raft.server.watch.element-limit = 65536 (default)
2019-07-30 20:27:18,942 INFO  impl.RoleInfo (RoleInfo.java:updateAndGet(143)) - f4bc6727-8bd3-4bb1-aa77-075ee37c02d1: start LeaderState
2019-07-30 20:27:18,942 INFO  segmented.SegmentedRaftLogWorker (SegmentedRaftLogWorker.java:startLogSegment(380)) - f4bc6727-8bd3-4bb1-aa77-075ee37c02d1-SegmentedRaftLogWorker:Storage Directory /workdir/hadoop-ozone/integration-test/target/test-dir/MiniOzoneClusterImpl-9cdb6828-2280-461c-a17f-287379f09a1f/datanode-3/data/ratis/ae2bc806-3e1e-423a-a7bc-ef5653c0d337: Starting segment from index:0
2019-07-30 20:27:18,943 INFO  impl.RaftServerImpl (ServerState.java:setRaftConf(361)) - f4bc6727-8bd3-4bb1-aa77-075ee37c02d1:group-EF5653C0D337 set configuration 0: [f4bc6727-8bd3-4bb1-aa77-075ee37c02d1:192.168.69.110:34581], old=null at 0
2019-07-30 20:27:18,959 INFO  impl.FollowerState (FollowerState.java:run(106)) - 99aa13c5-3437-4911-a3ab-76a4f1cc7195:group-16660294B641 changes to CANDIDATE, lastRpcTime:1157, electionTimeout:1157ms
2019-07-30 20:27:18,960 INFO  impl.RoleInfo (RoleInfo.java:shutdownFollowerState(121)) - 99aa13c5-3437-4911-a3ab-76a4f1cc7195: shutdown FollowerState
2019-07-30 20:27:18,960 INFO  impl.RaftServerImpl (RaftServerImpl.java:setRole(171)) - 99aa13c5-3437-4911-a3ab-76a4f1cc7195:group-16660294B641 changes role from FOLLOWER to CANDIDATE at term 0 for changeToCandidate
2019-07-30 20:27:18,960 INFO  impl.RoleInfo (RoleInfo.java:updateAndGet(143)) - 99aa13c5-3437-4911-a3ab-76a4f1cc7195: start LeaderElection
2019-07-30 20:27:18,965 INFO  impl.FollowerState (FollowerState.java:run(106)) - 46a37b55-e33e-446d-a63d-6c5e13d164b3:group-16660294B641 changes to CANDIDATE, lastRpcTime:1168, electionTimeout:1164ms
2019-07-30 20:27:18,968 INFO  impl.RoleInfo (RoleInfo.java:shutdownFollowerState(121)) - 46a37b55-e33e-446d-a63d-6c5e13d164b3: shutdown FollowerState
2019-07-30 20:27:18,971 INFO  impl.RaftServerImpl (RaftServerImpl.java:setRole(171)) - 46a37b55-e33e-446d-a63d-6c5e13d164b3:group-16660294B641 changes role from FOLLOWER to CANDIDATE at term 0 for changeToCandidate
2019-07-30 20:27:18,971 INFO  impl.RoleInfo (RoleInfo.java:updateAndGet(143)) - 46a37b55-e33e-446d-a63d-6c5e13d164b3: start LeaderElection
2019-07-30 20:27:18,978 INFO  segmented.SegmentedRaftLogWorker (SegmentedRaftLogWorker.java:execute(569)) - f4bc6727-8bd3-4bb1-aa77-075ee37c02d1-SegmentedRaftLogWorker:Storage Directory /workdir/hadoop-ozone/integration-test/target/test-dir/MiniOzoneClusterImpl-9cdb6828-2280-461c-a17f-287379f09a1f/datanode-3/data/ratis/ae2bc806-3e1e-423a-a7bc-ef5653c0d337: created new log segment /workdir/hadoop-ozone/integration-test/target/test-dir/MiniOzoneClusterImpl-9cdb6828-2280-461c-a17f-287379f09a1f/datanode-3/data/ratis/ae2bc806-3e1e-423a-a7bc-ef5653c0d337/current/log_inprogress_0
2019-07-30 20:27:18,978 INFO  impl.FollowerState (FollowerState.java:run(106)) - 6d241a64-b43e-4fbf-916d-c8c3e6999ca7:group-16660294B641 changes to CANDIDATE, lastRpcTime:1184, electionTimeout:1183ms
2019-07-30 20:27:18,979 INFO  impl.RoleInfo (RoleInfo.java:shutdownFollowerState(121)) - 6d241a64-b43e-4fbf-916d-c8c3e6999ca7: shutdown FollowerState
2019-07-30 20:27:18,979 INFO  impl.RaftServerImpl (RaftServerImpl.java:setRole(171)) - 6d241a64-b43e-4fbf-916d-c8c3e6999ca7:group-16660294B641 changes role from FOLLOWER to CANDIDATE at term 0 for changeToCandidate
2019-07-30 20:27:18,979 INFO  impl.RoleInfo (RoleInfo.java:updateAndGet(143)) - 6d241a64-b43e-4fbf-916d-c8c3e6999ca7: start LeaderElection
2019-07-30 20:27:18,991 INFO  impl.LeaderElection (LeaderElection.java:askForVotes(181)) - 46a37b55-e33e-446d-a63d-6c5e13d164b3:group-16660294B641:LeaderElection56: begin an election at term 1 for -1: [6d241a64-b43e-4fbf-916d-c8c3e6999ca7:192.168.69.110:43479, 99aa13c5-3437-4911-a3ab-76a4f1cc7195:192.168.69.110:43962, 46a37b55-e33e-446d-a63d-6c5e13d164b3:192.168.69.110:44219], old=null
2019-07-30 20:27:18,991 INFO  impl.LeaderElection (LeaderElection.java:askForVotes(181)) - 6d241a64-b43e-4fbf-916d-c8c3e6999ca7:group-16660294B641:LeaderElection57: begin an election at term 1 for -1: [6d241a64-b43e-4fbf-916d-c8c3e6999ca7:192.168.69.110:43479, 99aa13c5-3437-4911-a3ab-76a4f1cc7195:192.168.69.110:43962, 46a37b55-e33e-446d-a63d-6c5e13d164b3:192.168.69.110:44219], old=null
2019-07-30 20:27:18,991 INFO  impl.LeaderElection (LeaderElection.java:askForVotes(181)) - 99aa13c5-3437-4911-a3ab-76a4f1cc7195:group-16660294B641:LeaderElection55: begin an election at term 1 for -1: [6d241a64-b43e-4fbf-916d-c8c3e6999ca7:192.168.69.110:43479, 99aa13c5-3437-4911-a3ab-76a4f1cc7195:192.168.69.110:43962, 46a37b55-e33e-446d-a63d-6c5e13d164b3:192.168.69.110:44219], old=null
2019-07-30 20:27:19,007 INFO  impl.LeaderElection (LeaderElection.java:logAndReturn(56)) - 46a37b55-e33e-446d-a63d-6c5e13d164b3:group-16660294B641:LeaderElection56: Election REJECTED; received 2 response(s) [46a37b55-e33e-446d-a63d-6c5e13d164b3<-6d241a64-b43e-4fbf-916d-c8c3e6999ca7#0:FAIL-t1, 46a37b55-e33e-446d-a63d-6c5e13d164b3<-99aa13c5-3437-4911-a3ab-76a4f1cc7195#0:FAIL-t1] and 0 exception(s); 46a37b55-e33e-446d-a63d-6c5e13d164b3:t1, leader=null, voted=46a37b55-e33e-446d-a63d-6c5e13d164b3, raftlog=46a37b55-e33e-446d-a63d-6c5e13d164b3-SegmentedRaftLog:OPENED:c-1,f-1,i0, conf=-1: [6d241a64-b43e-4fbf-916d-c8c3e6999ca7:192.168.69.110:43479, 99aa13c5-3437-4911-a3ab-76a4f1cc7195:192.168.69.110:43962, 46a37b55-e33e-446d-a63d-6c5e13d164b3:192.168.69.110:44219], old=null
2019-07-30 20:27:19,009 INFO  impl.RaftServerImpl (RaftServerImpl.java:setRole(171)) - 46a37b55-e33e-446d-a63d-6c5e13d164b3:group-16660294B641 changes role from CANDIDATE to FOLLOWER at term 1 for DISCOVERED_A_NEW_TERM
2019-07-30 20:27:19,009 INFO  impl.RoleInfo (RoleInfo.java:shutdownLeaderElection(134)) - 46a37b55-e33e-446d-a63d-6c5e13d164b3: shutdown LeaderElection
2019-07-30 20:27:19,010 INFO  impl.LeaderElection (LeaderElection.java:logAndReturn(56)) - 6d241a64-b43e-4fbf-916d-c8c3e6999ca7:group-16660294B641:LeaderElection57: Election REJECTED; received 2 response(s) [6d241a64-b43e-4fbf-916d-c8c3e6999ca7<-99aa13c5-3437-4911-a3ab-76a4f1cc7195#0:FAIL-t1, 6d241a64-b43e-4fbf-916d-c8c3e6999ca7<-46a37b55-e33e-446d-a63d-6c5e13d164b3#0:FAIL-t1] and 0 exception(s); 6d241a64-b43e-4fbf-916d-c8c3e6999ca7:t1, leader=null, voted=6d241a64-b43e-4fbf-916d-c8c3e6999ca7, raftlog=6d241a64-b43e-4fbf-916d-c8c3e6999ca7-SegmentedRaftLog:OPENED:c-1,f-1,i0, conf=-1: [6d241a64-b43e-4fbf-916d-c8c3e6999ca7:192.168.69.110:43479, 99aa13c5-3437-4911-a3ab-76a4f1cc7195:192.168.69.110:43962, 46a37b55-e33e-446d-a63d-6c5e13d164b3:192.168.69.110:44219], old=null
2019-07-30 20:27:19,010 INFO  impl.RoleInfo (RoleInfo.java:updateAndGet(143)) - 46a37b55-e33e-446d-a63d-6c5e13d164b3: start FollowerState
2019-07-30 20:27:19,012 INFO  impl.RaftServerImpl (RaftServerImpl.java:setRole(171)) - 6d241a64-b43e-4fbf-916d-c8c3e6999ca7:group-16660294B641 changes role from CANDIDATE to FOLLOWER at term 1 for DISCOVERED_A_NEW_TERM
2019-07-30 20:27:19,012 INFO  impl.RoleInfo (RoleInfo.java:shutdownLeaderElection(134)) - 6d241a64-b43e-4fbf-916d-c8c3e6999ca7: shutdown LeaderElection
2019-07-30 20:27:19,015 INFO  impl.RoleInfo (RoleInfo.java:updateAndGet(143)) - 6d241a64-b43e-4fbf-916d-c8c3e6999ca7: start FollowerState
2019-07-30 20:27:19,015 INFO  impl.LeaderElection (LeaderElection.java:logAndReturn(56)) - 99aa13c5-3437-4911-a3ab-76a4f1cc7195:group-16660294B641:LeaderElection55: Election REJECTED; received 2 response(s) [99aa13c5-3437-4911-a3ab-76a4f1cc7195<-6d241a64-b43e-4fbf-916d-c8c3e6999ca7#0:FAIL-t1, 99aa13c5-3437-4911-a3ab-76a4f1cc7195<-46a37b55-e33e-446d-a63d-6c5e13d164b3#0:FAIL-t1] and 0 exception(s); 99aa13c5-3437-4911-a3ab-76a4f1cc7195:t1, leader=null, voted=99aa13c5-3437-4911-a3ab-76a4f1cc7195, raftlog=99aa13c5-3437-4911-a3ab-76a4f1cc7195-SegmentedRaftLog:OPENED:c-1,f-1,i0, conf=-1: [6d241a64-b43e-4fbf-916d-c8c3e6999ca7:192.168.69.110:43479, 99aa13c5-3437-4911-a3ab-76a4f1cc7195:192.168.69.110:43962, 46a37b55-e33e-446d-a63d-6c5e13d164b3:192.168.69.110:44219], old=null
2019-07-30 20:27:19,015 INFO  impl.RaftServerImpl (RaftServerImpl.java:setRole(171)) - 99aa13c5-3437-4911-a3ab-76a4f1cc7195:group-16660294B641 changes role from CANDIDATE to FOLLOWER at term 1 for DISCOVERED_A_NEW_TERM
2019-07-30 20:27:19,015 INFO  impl.RoleInfo (RoleInfo.java:shutdownLeaderElection(134)) - 99aa13c5-3437-4911-a3ab-76a4f1cc7195: shutdown LeaderElection
2019-07-30 20:27:19,016 INFO  impl.RoleInfo (RoleInfo.java:updateAndGet(143)) - 99aa13c5-3437-4911-a3ab-76a4f1cc7195: start FollowerState
2019-07-30 20:27:19,233 INFO  ozone.MiniOzoneClusterImpl (MiniOzoneClusterImpl.java:lambda$waitForClusterToBeReady$0(142)) - Cluster is ready. Got 6 of 6 DN Heartbeats.
2019-07-30 20:27:19,242 INFO  impl.FollowerState (FollowerState.java:run(106)) - b7080fa9-4be6-4a48-a718-6ce8688955c9:group-9DB325C2E783 changes to CANDIDATE, lastRpcTime:1170, electionTimeout:1170ms
2019-07-30 20:27:19,243 INFO  impl.RoleInfo (RoleInfo.java:shutdownFollowerState(121)) - b7080fa9-4be6-4a48-a718-6ce8688955c9: shutdown FollowerState
2019-07-30 20:27:19,243 INFO  impl.RaftServerImpl (RaftServerImpl.java:setRole(171)) - b7080fa9-4be6-4a48-a718-6ce8688955c9:group-9DB325C2E783 changes role from FOLLOWER to CANDIDATE at term 0 for changeToCandidate
2019-07-30 20:27:19,243 INFO  impl.RoleInfo (RoleInfo.java:updateAndGet(143)) - b7080fa9-4be6-4a48-a718-6ce8688955c9: start LeaderElection
2019-07-30 20:27:19,270 INFO  impl.LeaderElection (LeaderElection.java:askForVotes(181)) - b7080fa9-4be6-4a48-a718-6ce8688955c9:group-9DB325C2E783:LeaderElection58: begin an election at term 1 for -1: [b7080fa9-4be6-4a48-a718-6ce8688955c9:192.168.69.110:46213], old=null
2019-07-30 20:27:19,272 INFO  impl.RoleInfo (RoleInfo.java:shutdownLeaderElection(134)) - b7080fa9-4be6-4a48-a718-6ce8688955c9: shutdown LeaderElection
2019-07-30 20:27:19,272 INFO  impl.RaftServerImpl (RaftServerImpl.java:setRole(171)) - b7080fa9-4be6-4a48-a718-6ce8688955c9:group-9DB325C2E783 changes role from CANDIDATE to LEADER at term 1 for changeToLeader
2019-07-30 20:27:19,272 INFO  impl.RaftServerImpl (ServerState.java:setLeader(263)) - b7080fa9-4be6-4a48-a718-6ce8688955c9:group-9DB325C2E783 change Leader from null to b7080fa9-4be6-4a48-a718-6ce8688955c9 at term 1 for becomeLeader, leader elected after 1203ms
2019-07-30 20:27:19,272 INFO  server.RaftServerConfigKeys (ConfUtils.java:logGet(43)) - raft.server.staging.catchup.gap = 1000 (default)
2019-07-30 20:27:19,273 INFO  server.RaftServerConfigKeys (ConfUtils.java:logGet(43)) - raft.server.rpc.sleep.time = 25ms (default)
2019-07-30 20:27:19,273 INFO  server.RaftServerConfigKeys (ConfUtils.java:logGet(43)) - raft.server.write.element-limit = 4096 (default)
2019-07-30 20:27:19,273 INFO  server.RaftServerConfigKeys (ConfUtils.java:logGet(43)) - raft.server.watch.timeout = 10s (default)
2019-07-30 20:27:19,273 INFO  server.RaftServerConfigKeys (ConfUtils.java:logGet(43)) - raft.server.watch.timeout.denomination = 1s (default)
2019-07-30 20:27:19,273 INFO  server.RaftServerConfigKeys (ConfUtils.java:logGet(43)) - raft.server.watch.element-limit = 65536 (default)
2019-07-30 20:27:19,273 INFO  impl.RoleInfo (RoleInfo.java:updateAndGet(143)) - b7080fa9-4be6-4a48-a718-6ce8688955c9: start LeaderState
2019-07-30 20:27:19,274 INFO  segmented.SegmentedRaftLogWorker (SegmentedRaftLogWorker.java:startLogSegment(380)) - b7080fa9-4be6-4a48-a718-6ce8688955c9-SegmentedRaftLogWorker:Storage Directory /workdir/hadoop-ozone/integration-test/target/test-dir/MiniOzoneClusterImpl-9cdb6828-2280-461c-a17f-287379f09a1f/datanode-4/data/ratis/dbe6ff11-daae-43c5-b2c4-9db325c2e783: Starting segment from index:0
2019-07-30 20:27:19,274 INFO  impl.RaftServerImpl (ServerState.java:setRaftConf(361)) - b7080fa9-4be6-4a48-a718-6ce8688955c9:group-9DB325C2E783 set configuration 0: [b7080fa9-4be6-4a48-a718-6ce8688955c9:192.168.69.110:46213], old=null at 0
2019-07-30 20:27:19,276 INFO  rpc.RpcClient (RpcClient.java:createVolume(288)) - Creating Volume: datanodefailurehandlingtest, with jenkins1000 as owner.
2019-07-30 20:27:19,302 INFO  rpc.RpcClient (RpcClient.java:createBucket(425)) - Creating Bucket: datanodefailurehandlingtest/datanodefailurehandlingtest, with Versioning false and Storage Type set to DISK and Encryption set to false 
2019-07-30 20:27:19,306 INFO  segmented.SegmentedRaftLogWorker (SegmentedRaftLogWorker.java:execute(569)) - b7080fa9-4be6-4a48-a718-6ce8688955c9-SegmentedRaftLogWorker:Storage Directory /workdir/hadoop-ozone/integration-test/target/test-dir/MiniOzoneClusterImpl-9cdb6828-2280-461c-a17f-287379f09a1f/datanode-4/data/ratis/dbe6ff11-daae-43c5-b2c4-9db325c2e783: created new log segment /workdir/hadoop-ozone/integration-test/target/test-dir/MiniOzoneClusterImpl-9cdb6828-2280-461c-a17f-287379f09a1f/datanode-4/data/ratis/dbe6ff11-daae-43c5-b2c4-9db325c2e783/current/log_inprogress_0
2019-07-30 20:27:19,459 INFO  impl.FollowerState (FollowerState.java:run(106)) - 9407a994-3f0e-4290-b5c7-beb6902c6723:group-BBC4FB3FBC27 changes to CANDIDATE, lastRpcTime:1119, electionTimeout:1107ms
2019-07-30 20:27:19,459 INFO  impl.FollowerState (FollowerState.java:run(106)) - f4bc6727-8bd3-4bb1-aa77-075ee37c02d1:group-BBC4FB3FBC27 changes to CANDIDATE, lastRpcTime:1125, electionTimeout:1112ms
2019-07-30 20:27:19,459 INFO  impl.FollowerState (FollowerState.java:run(106)) - 9407a994-3f0e-4290-b5c7-beb6902c6723:group-368FEF0A1C73 changes to CANDIDATE, lastRpcTime:1178, electionTimeout:1143ms
2019-07-30 20:27:19,459 INFO  impl.RoleInfo (RoleInfo.java:shutdownFollowerState(121)) - 9407a994-3f0e-4290-b5c7-beb6902c6723: shutdown FollowerState
2019-07-30 20:27:19,459 INFO  impl.RoleInfo (RoleInfo.java:shutdownFollowerState(121)) - 9407a994-3f0e-4290-b5c7-beb6902c6723: shutdown FollowerState
2019-07-30 20:27:19,459 INFO  impl.RoleInfo (RoleInfo.java:shutdownFollowerState(121)) - f4bc6727-8bd3-4bb1-aa77-075ee37c02d1: shutdown FollowerState
2019-07-30 20:27:19,459 INFO  impl.FollowerState (FollowerState.java:run(106)) - b7080fa9-4be6-4a48-a718-6ce8688955c9:group-BBC4FB3FBC27 changes to CANDIDATE, lastRpcTime:1119, electionTimeout:1076ms
2019-07-30 20:27:19,460 INFO  impl.RoleInfo (RoleInfo.java:shutdownFollowerState(121)) - b7080fa9-4be6-4a48-a718-6ce8688955c9: shutdown FollowerState
2019-07-30 20:27:19,460 INFO  impl.RaftServerImpl (RaftServerImpl.java:setRole(171)) - b7080fa9-4be6-4a48-a718-6ce8688955c9:group-BBC4FB3FBC27 changes role from FOLLOWER to CANDIDATE at term 0 for changeToCandidate
2019-07-30 20:27:19,459 INFO  impl.RaftServerImpl (RaftServerImpl.java:setRole(171)) - 9407a994-3f0e-4290-b5c7-beb6902c6723:group-368FEF0A1C73 changes role from FOLLOWER to CANDIDATE at term 0 for changeToCandidate
2019-07-30 20:27:19,459 INFO  impl.RaftServerImpl (RaftServerImpl.java:setRole(171)) - 9407a994-3f0e-4290-b5c7-beb6902c6723:group-BBC4FB3FBC27 changes role from FOLLOWER to CANDIDATE at term 0 for changeToCandidate
2019-07-30 20:27:19,460 INFO  impl.RoleInfo (RoleInfo.java:updateAndGet(143)) - b7080fa9-4be6-4a48-a718-6ce8688955c9: start LeaderElection
2019-07-30 20:27:19,459 INFO  impl.RaftServerImpl (RaftServerImpl.java:setRole(171)) - f4bc6727-8bd3-4bb1-aa77-075ee37c02d1:group-BBC4FB3FBC27 changes role from FOLLOWER to CANDIDATE at term 0 for changeToCandidate
2019-07-30 20:27:19,460 INFO  impl.RoleInfo (RoleInfo.java:updateAndGet(143)) - 9407a994-3f0e-4290-b5c7-beb6902c6723: start LeaderElection
2019-07-30 20:27:19,460 INFO  impl.RoleInfo (RoleInfo.java:updateAndGet(143)) - 9407a994-3f0e-4290-b5c7-beb6902c6723: start LeaderElection
2019-07-30 20:27:19,520 INFO  impl.RoleInfo (RoleInfo.java:updateAndGet(143)) - f4bc6727-8bd3-4bb1-aa77-075ee37c02d1: start LeaderElection
2019-07-30 20:27:19,546 INFO  impl.LeaderElection (LeaderElection.java:askForVotes(181)) - 9407a994-3f0e-4290-b5c7-beb6902c6723:group-BBC4FB3FBC27:LeaderElection61: begin an election at term 1 for -1: [b7080fa9-4be6-4a48-a718-6ce8688955c9:192.168.69.110:46213, f4bc6727-8bd3-4bb1-aa77-075ee37c02d1:192.168.69.110:34581, 9407a994-3f0e-4290-b5c7-beb6902c6723:192.168.69.110:33034], old=null
2019-07-30 20:27:19,546 INFO  impl.LeaderElection (LeaderElection.java:askForVotes(181)) - 9407a994-3f0e-4290-b5c7-beb6902c6723:group-368FEF0A1C73:LeaderElection60: begin an election at term 1 for -1: [9407a994-3f0e-4290-b5c7-beb6902c6723:192.168.69.110:33034], old=null
2019-07-30 20:27:19,546 INFO  impl.LeaderElection (LeaderElection.java:askForVotes(181)) - b7080fa9-4be6-4a48-a718-6ce8688955c9:group-BBC4FB3FBC27:LeaderElection59: begin an election at term 1 for -1: [b7080fa9-4be6-4a48-a718-6ce8688955c9:192.168.69.110:46213, f4bc6727-8bd3-4bb1-aa77-075ee37c02d1:192.168.69.110:34581, 9407a994-3f0e-4290-b5c7-beb6902c6723:192.168.69.110:33034], old=null
2019-07-30 20:27:19,551 INFO  impl.RoleInfo (RoleInfo.java:shutdownLeaderElection(134)) - 9407a994-3f0e-4290-b5c7-beb6902c6723: shutdown LeaderElection
2019-07-30 20:27:19,556 INFO  impl.RaftServerImpl (RaftServerImpl.java:setRole(171)) - 9407a994-3f0e-4290-b5c7-beb6902c6723:group-368FEF0A1C73 changes role from CANDIDATE to LEADER at term 1 for changeToLeader
2019-07-30 20:27:19,556 INFO  impl.RaftServerImpl (ServerState.java:setLeader(263)) - 9407a994-3f0e-4290-b5c7-beb6902c6723:group-368FEF0A1C73 change Leader from null to 9407a994-3f0e-4290-b5c7-beb6902c6723 at term 1 for becomeLeader, leader elected after 1279ms
2019-07-30 20:27:19,557 INFO  server.RaftServerConfigKeys (ConfUtils.java:logGet(43)) - raft.server.staging.catchup.gap = 1000 (default)
2019-07-30 20:27:19,563 INFO  server.RaftServerConfigKeys (ConfUtils.java:logGet(43)) - raft.server.rpc.sleep.time = 25ms (default)
2019-07-30 20:27:19,595 INFO  impl.LeaderElection (LeaderElection.java:askForVotes(181)) - f4bc6727-8bd3-4bb1-aa77-075ee37c02d1:group-BBC4FB3FBC27:LeaderElection62: begin an election at term 1 for -1: [b7080fa9-4be6-4a48-a718-6ce8688955c9:192.168.69.110:46213, f4bc6727-8bd3-4bb1-aa77-075ee37c02d1:192.168.69.110:34581, 9407a994-3f0e-4290-b5c7-beb6902c6723:192.168.69.110:33034], old=null
2019-07-30 20:27:19,600 INFO  server.RaftServerConfigKeys (ConfUtils.java:logGet(43)) - raft.server.write.element-limit = 4096 (default)
2019-07-30 20:27:19,600 INFO  server.RaftServerConfigKeys (ConfUtils.java:logGet(43)) - raft.server.watch.timeout = 10s (default)
2019-07-30 20:27:19,600 INFO  server.RaftServerConfigKeys (ConfUtils.java:logGet(43)) - raft.server.watch.timeout.denomination = 1s (default)
2019-07-30 20:27:19,600 INFO  server.RaftServerConfigKeys (ConfUtils.java:logGet(43)) - raft.server.watch.element-limit = 65536 (default)
2019-07-30 20:27:19,603 INFO  impl.RoleInfo (RoleInfo.java:updateAndGet(143)) - 9407a994-3f0e-4290-b5c7-beb6902c6723: start LeaderState
2019-07-30 20:27:19,603 INFO  segmented.SegmentedRaftLogWorker (SegmentedRaftLogWorker.java:startLogSegment(380)) - 9407a994-3f0e-4290-b5c7-beb6902c6723-SegmentedRaftLogWorker:Storage Directory /workdir/hadoop-ozone/integration-test/target/test-dir/MiniOzoneClusterImpl-9cdb6828-2280-461c-a17f-287379f09a1f/datanode-5/data/ratis/49c876fc-c849-4ba0-be58-368fef0a1c73: Starting segment from index:0
2019-07-30 20:27:19,606 INFO  impl.RaftServerImpl (ServerState.java:setRaftConf(361)) - 9407a994-3f0e-4290-b5c7-beb6902c6723:group-368FEF0A1C73 set configuration 0: [9407a994-3f0e-4290-b5c7-beb6902c6723:192.168.69.110:33034], old=null at 0
2019-07-30 20:27:19,638 INFO  impl.LeaderElection (LeaderElection.java:logAndReturn(56)) - 9407a994-3f0e-4290-b5c7-beb6902c6723:group-BBC4FB3FBC27:LeaderElection61: Election REJECTED; received 2 response(s) [9407a994-3f0e-4290-b5c7-beb6902c6723<-b7080fa9-4be6-4a48-a718-6ce8688955c9#0:FAIL-t1, 9407a994-3f0e-4290-b5c7-beb6902c6723<-f4bc6727-8bd3-4bb1-aa77-075ee37c02d1#0:FAIL-t1] and 0 exception(s); 9407a994-3f0e-4290-b5c7-beb6902c6723:t1, leader=null, voted=9407a994-3f0e-4290-b5c7-beb6902c6723, raftlog=9407a994-3f0e-4290-b5c7-beb6902c6723-SegmentedRaftLog:OPENED:c-1,f-1,i0, conf=-1: [b7080fa9-4be6-4a48-a718-6ce8688955c9:192.168.69.110:46213, f4bc6727-8bd3-4bb1-aa77-075ee37c02d1:192.168.69.110:34581, 9407a994-3f0e-4290-b5c7-beb6902c6723:192.168.69.110:33034], old=null
2019-07-30 20:27:19,638 INFO  impl.RaftServerImpl (RaftServerImpl.java:setRole(171)) - 9407a994-3f0e-4290-b5c7-beb6902c6723:group-BBC4FB3FBC27 changes role from CANDIDATE to FOLLOWER at term 1 for DISCOVERED_A_NEW_TERM
2019-07-30 20:27:19,640 INFO  segmented.SegmentedRaftLogWorker (SegmentedRaftLogWorker.java:execute(569)) - 9407a994-3f0e-4290-b5c7-beb6902c6723-SegmentedRaftLogWorker:Storage Directory /workdir/hadoop-ozone/integration-test/target/test-dir/MiniOzoneClusterImpl-9cdb6828-2280-461c-a17f-287379f09a1f/datanode-5/data/ratis/49c876fc-c849-4ba0-be58-368fef0a1c73: created new log segment /workdir/hadoop-ozone/integration-test/target/test-dir/MiniOzoneClusterImpl-9cdb6828-2280-461c-a17f-287379f09a1f/datanode-5/data/ratis/49c876fc-c849-4ba0-be58-368fef0a1c73/current/log_inprogress_0
2019-07-30 20:27:19,640 INFO  impl.RoleInfo (RoleInfo.java:shutdownLeaderElection(134)) - 9407a994-3f0e-4290-b5c7-beb6902c6723: shutdown LeaderElection
2019-07-30 20:27:19,642 INFO  impl.RoleInfo (RoleInfo.java:updateAndGet(143)) - 9407a994-3f0e-4290-b5c7-beb6902c6723: start FollowerState
2019-07-30 20:27:19,653 INFO  impl.LeaderElection (LeaderElection.java:logAndReturn(56)) - b7080fa9-4be6-4a48-a718-6ce8688955c9:group-BBC4FB3FBC27:LeaderElection59: Election REJECTED; received 2 response(s) [b7080fa9-4be6-4a48-a718-6ce8688955c9<-f4bc6727-8bd3-4bb1-aa77-075ee37c02d1#0:FAIL-t1, b7080fa9-4be6-4a48-a718-6ce8688955c9<-9407a994-3f0e-4290-b5c7-beb6902c6723#0:FAIL-t1] and 0 exception(s); b7080fa9-4be6-4a48-a718-6ce8688955c9:t1, leader=null, voted=b7080fa9-4be6-4a48-a718-6ce8688955c9, raftlog=b7080fa9-4be6-4a48-a718-6ce8688955c9-SegmentedRaftLog:OPENED:c-1,f-1,i0, conf=-1: [b7080fa9-4be6-4a48-a718-6ce8688955c9:192.168.69.110:46213, f4bc6727-8bd3-4bb1-aa77-075ee37c02d1:192.168.69.110:34581, 9407a994-3f0e-4290-b5c7-beb6902c6723:192.168.69.110:33034], old=null
2019-07-30 20:27:19,653 INFO  impl.LeaderElection (LeaderElection.java:logAndReturn(56)) - f4bc6727-8bd3-4bb1-aa77-075ee37c02d1:group-BBC4FB3FBC27:LeaderElection62: Election REJECTED; received 2 response(s) [f4bc6727-8bd3-4bb1-aa77-075ee37c02d1<-b7080fa9-4be6-4a48-a718-6ce8688955c9#0:FAIL-t1, f4bc6727-8bd3-4bb1-aa77-075ee37c02d1<-9407a994-3f0e-4290-b5c7-beb6902c6723#0:FAIL-t1] and 0 exception(s); f4bc6727-8bd3-4bb1-aa77-075ee37c02d1:t1, leader=null, voted=f4bc6727-8bd3-4bb1-aa77-075ee37c02d1, raftlog=f4bc6727-8bd3-4bb1-aa77-075ee37c02d1-SegmentedRaftLog:OPENED:c-1,f-1,i0, conf=-1: [b7080fa9-4be6-4a48-a718-6ce8688955c9:192.168.69.110:46213, f4bc6727-8bd3-4bb1-aa77-075ee37c02d1:192.168.69.110:34581, 9407a994-3f0e-4290-b5c7-beb6902c6723:192.168.69.110:33034], old=null
2019-07-30 20:27:19,653 INFO  impl.RaftServerImpl (RaftServerImpl.java:setRole(171)) - b7080fa9-4be6-4a48-a718-6ce8688955c9:group-BBC4FB3FBC27 changes role from CANDIDATE to FOLLOWER at term 1 for DISCOVERED_A_NEW_TERM
2019-07-30 20:27:19,653 INFO  impl.RaftServerImpl (RaftServerImpl.java:setRole(171)) - f4bc6727-8bd3-4bb1-aa77-075ee37c02d1:group-BBC4FB3FBC27 changes role from CANDIDATE to FOLLOWER at term 1 for DISCOVERED_A_NEW_TERM
2019-07-30 20:27:19,654 INFO  impl.RoleInfo (RoleInfo.java:shutdownLeaderElection(134)) - b7080fa9-4be6-4a48-a718-6ce8688955c9: shutdown LeaderElection
2019-07-30 20:27:19,654 INFO  impl.RoleInfo (RoleInfo.java:shutdownLeaderElection(134)) - f4bc6727-8bd3-4bb1-aa77-075ee37c02d1: shutdown LeaderElection
2019-07-30 20:27:19,654 INFO  impl.RoleInfo (RoleInfo.java:updateAndGet(143)) - b7080fa9-4be6-4a48-a718-6ce8688955c9: start FollowerState
2019-07-30 20:27:19,655 INFO  impl.RoleInfo (RoleInfo.java:updateAndGet(143)) - f4bc6727-8bd3-4bb1-aa77-075ee37c02d1: start FollowerState
2019-07-30 20:27:19,656 INFO  client.GrpcClientProtocolClient (GrpcClientProtocolClient.java:onNext(255)) - client-01A0AF16A0BE->6d241a64-b43e-4fbf-916d-c8c3e6999ca7: receive RaftClientReply:client-01A0AF16A0BE->6d241a64-b43e-4fbf-916d-c8c3e6999ca7@group-16660294B641, cid=68, FAILED org.apache.ratis.protocol.NotLeaderException: Server 6d241a64-b43e-4fbf-916d-c8c3e6999ca7 is not the leader (null). Request must be sent to leader., logIndex=0, commits[6d241a64-b43e-4fbf-916d-c8c3e6999ca7:c-1]
2019-07-30 20:27:20,093 INFO  impl.FollowerState (FollowerState.java:run(106)) - 6d241a64-b43e-4fbf-916d-c8c3e6999ca7:group-16660294B641 changes to CANDIDATE, lastRpcTime:1077, electionTimeout:1077ms
2019-07-30 20:27:20,093 INFO  impl.RoleInfo (RoleInfo.java:shutdownFollowerState(121)) - 6d241a64-b43e-4fbf-916d-c8c3e6999ca7: shutdown FollowerState
2019-07-30 20:27:20,093 INFO  impl.RaftServerImpl (RaftServerImpl.java:setRole(171)) - 6d241a64-b43e-4fbf-916d-c8c3e6999ca7:group-16660294B641 changes role from FOLLOWER to CANDIDATE at term 1 for changeToCandidate
2019-07-30 20:27:20,093 INFO  impl.RoleInfo (RoleInfo.java:updateAndGet(143)) - 6d241a64-b43e-4fbf-916d-c8c3e6999ca7: start LeaderElection
2019-07-30 20:27:20,109 INFO  impl.LeaderElection (LeaderElection.java:askForVotes(181)) - 6d241a64-b43e-4fbf-916d-c8c3e6999ca7:group-16660294B641:LeaderElection63: begin an election at term 2 for -1: [6d241a64-b43e-4fbf-916d-c8c3e6999ca7:192.168.69.110:43479, 99aa13c5-3437-4911-a3ab-76a4f1cc7195:192.168.69.110:43962, 46a37b55-e33e-446d-a63d-6c5e13d164b3:192.168.69.110:44219], old=null
2019-07-30 20:27:20,111 INFO  impl.RaftServerImpl (RaftServerImpl.java:setRole(171)) - 99aa13c5-3437-4911-a3ab-76a4f1cc7195:group-16660294B641 changes role from FOLLOWER to FOLLOWER at term 2 for recognizeCandidate:6d241a64-b43e-4fbf-916d-c8c3e6999ca7
2019-07-30 20:27:20,111 INFO  impl.RaftServerImpl (RaftServerImpl.java:setRole(171)) - 46a37b55-e33e-446d-a63d-6c5e13d164b3:group-16660294B641 changes role from FOLLOWER to FOLLOWER at term 2 for recognizeCandidate:6d241a64-b43e-4fbf-916d-c8c3e6999ca7
2019-07-30 20:27:20,111 INFO  impl.RoleInfo (RoleInfo.java:shutdownFollowerState(121)) - 99aa13c5-3437-4911-a3ab-76a4f1cc7195: shutdown FollowerState
2019-07-30 20:27:20,111 INFO  impl.RoleInfo (RoleInfo.java:shutdownFollowerState(121)) - 46a37b55-e33e-446d-a63d-6c5e13d164b3: shutdown FollowerState
2019-07-30 20:27:20,112 INFO  impl.FollowerState (FollowerState.java:run(114)) - 99aa13c5-3437-4911-a3ab-76a4f1cc7195: FollowerState was interrupted: java.lang.InterruptedException: sleep interrupted
2019-07-30 20:27:20,112 INFO  impl.RoleInfo (RoleInfo.java:updateAndGet(143)) - 46a37b55-e33e-446d-a63d-6c5e13d164b3: start FollowerState
2019-07-30 20:27:20,111 INFO  impl.RoleInfo (RoleInfo.java:updateAndGet(143)) - 99aa13c5-3437-4911-a3ab-76a4f1cc7195: start FollowerState
2019-07-30 20:27:20,112 INFO  impl.FollowerState (FollowerState.java:run(114)) - 46a37b55-e33e-446d-a63d-6c5e13d164b3: FollowerState was interrupted: java.lang.InterruptedException: sleep interrupted
2019-07-30 20:27:20,127 INFO  impl.LeaderElection (LeaderElection.java:logAndReturn(56)) - 6d241a64-b43e-4fbf-916d-c8c3e6999ca7:group-16660294B641:LeaderElection63: Election PASSED; received 1 response(s) [6d241a64-b43e-4fbf-916d-c8c3e6999ca7<-99aa13c5-3437-4911-a3ab-76a4f1cc7195#0:OK-t2] and 0 exception(s); 6d241a64-b43e-4fbf-916d-c8c3e6999ca7:t2, leader=null, voted=6d241a64-b43e-4fbf-916d-c8c3e6999ca7, raftlog=6d241a64-b43e-4fbf-916d-c8c3e6999ca7-SegmentedRaftLog:OPENED:c-1,f-1,i0, conf=-1: [6d241a64-b43e-4fbf-916d-c8c3e6999ca7:192.168.69.110:43479, 99aa13c5-3437-4911-a3ab-76a4f1cc7195:192.168.69.110:43962, 46a37b55-e33e-446d-a63d-6c5e13d164b3:192.168.69.110:44219], old=null
2019-07-30 20:27:20,127 INFO  impl.RoleInfo (RoleInfo.java:shutdownLeaderElection(134)) - 6d241a64-b43e-4fbf-916d-c8c3e6999ca7: shutdown LeaderElection
2019-07-30 20:27:20,127 INFO  impl.RaftServerImpl (RaftServerImpl.java:setRole(171)) - 6d241a64-b43e-4fbf-916d-c8c3e6999ca7:group-16660294B641 changes role from CANDIDATE to LEADER at term 2 for changeToLeader
2019-07-30 20:27:20,127 INFO  impl.RaftServerImpl (ServerState.java:setLeader(263)) - 6d241a64-b43e-4fbf-916d-c8c3e6999ca7:group-16660294B641 change Leader from null to 6d241a64-b43e-4fbf-916d-c8c3e6999ca7 at term 2 for becomeLeader, leader elected after 2343ms
2019-07-30 20:27:20,128 INFO  server.RaftServerConfigKeys (ConfUtils.java:logGet(43)) - raft.server.staging.catchup.gap = 1000 (default)
2019-07-30 20:27:20,128 INFO  server.RaftServerConfigKeys (ConfUtils.java:logGet(43)) - raft.server.rpc.sleep.time = 25ms (default)
2019-07-30 20:27:20,128 INFO  server.RaftServerConfigKeys (ConfUtils.java:logGet(43)) - raft.server.write.element-limit = 4096 (default)
2019-07-30 20:27:20,128 INFO  server.RaftServerConfigKeys (ConfUtils.java:logGet(43)) - raft.server.watch.timeout = 10s (default)
2019-07-30 20:27:20,128 INFO  server.RaftServerConfigKeys (ConfUtils.java:logGet(43)) - raft.server.watch.timeout.denomination = 1s (default)
2019-07-30 20:27:20,128 INFO  server.RaftServerConfigKeys (ConfUtils.java:logGet(43)) - raft.server.watch.element-limit = 65536 (default)
2019-07-30 20:27:20,129 INFO  server.RaftServerConfigKeys (ConfUtils.java:logGet(43)) - raft.server.log.appender.snapshot.chunk.size.max = 16MB (=16777216) (default)
2019-07-30 20:27:20,129 INFO  server.RaftServerConfigKeys (ConfUtils.java:logGet(43)) - raft.server.log.appender.buffer.byte-limit = 33554432 (custom)
2019-07-30 20:27:20,129 INFO  server.RaftServerConfigKeys (ConfUtils.java:logGet(43)) - raft.server.log.appender.buffer.element-limit = 1 (custom)
2019-07-30 20:27:20,129 INFO  grpc.GrpcConfigKeys$Server (ConfUtils.java:logGet(43)) - raft.grpc.server.leader.outstanding.appends.max = 128 (default)
2019-07-30 20:27:20,129 INFO  server.RaftServerConfigKeys (ConfUtils.java:logGet(43)) - raft.server.rpc.request.timeout = 3000ms (default)
2019-07-30 20:27:20,130 INFO  server.RaftServerConfigKeys (ConfUtils.java:logGet(43)) - raft.server.log.appender.install.snapshot.enabled = false (custom)
2019-07-30 20:27:20,130 INFO  server.RaftServerConfigKeys (ConfUtils.java:logGet(43)) - raft.server.log.appender.snapshot.chunk.size.max = 16MB (=16777216) (default)
2019-07-30 20:27:20,130 INFO  server.RaftServerConfigKeys (ConfUtils.java:logGet(43)) - raft.server.log.appender.buffer.byte-limit = 33554432 (custom)
2019-07-30 20:27:20,130 INFO  server.RaftServerConfigKeys (ConfUtils.java:logGet(43)) - raft.server.log.appender.buffer.element-limit = 1 (custom)
2019-07-30 20:27:20,130 INFO  grpc.GrpcConfigKeys$Server (ConfUtils.java:logGet(43)) - raft.grpc.server.leader.outstanding.appends.max = 128 (default)
2019-07-30 20:27:20,131 INFO  server.RaftServerConfigKeys (ConfUtils.java:logGet(43)) - raft.server.rpc.request.timeout = 3000ms (default)
2019-07-30 20:27:20,131 INFO  server.RaftServerConfigKeys (ConfUtils.java:logGet(43)) - raft.server.log.appender.install.snapshot.enabled = false (custom)
2019-07-30 20:27:20,131 INFO  impl.RoleInfo (RoleInfo.java:updateAndGet(143)) - 6d241a64-b43e-4fbf-916d-c8c3e6999ca7: start LeaderState
2019-07-30 20:27:20,131 INFO  segmented.SegmentedRaftLogWorker (SegmentedRaftLogWorker.java:startLogSegment(380)) - 6d241a64-b43e-4fbf-916d-c8c3e6999ca7-SegmentedRaftLogWorker:Storage Directory /workdir/hadoop-ozone/integration-test/target/test-dir/MiniOzoneClusterImpl-9cdb6828-2280-461c-a17f-287379f09a1f/datanode-0/data/ratis/30603c13-da0b-43d8-9b85-16660294b641: Starting segment from index:0
2019-07-30 20:27:20,132 INFO  impl.RaftServerImpl (ServerState.java:setRaftConf(361)) - 6d241a64-b43e-4fbf-916d-c8c3e6999ca7:group-16660294B641 set configuration 0: [6d241a64-b43e-4fbf-916d-c8c3e6999ca7:192.168.69.110:43479, 99aa13c5-3437-4911-a3ab-76a4f1cc7195:192.168.69.110:43962, 46a37b55-e33e-446d-a63d-6c5e13d164b3:192.168.69.110:44219], old=null at 0
2019-07-30 20:27:20,133 INFO  impl.RaftServerImpl (ServerState.java:setLeader(263)) - 99aa13c5-3437-4911-a3ab-76a4f1cc7195:group-16660294B641 change Leader from null to 6d241a64-b43e-4fbf-916d-c8c3e6999ca7 at term 2 for appendEntries, leader elected after 2349ms
2019-07-30 20:27:20,134 INFO  impl.RaftServerImpl (ServerState.java:setLeader(263)) - 46a37b55-e33e-446d-a63d-6c5e13d164b3:group-16660294B641 change Leader from null to 6d241a64-b43e-4fbf-916d-c8c3e6999ca7 at term 2 for appendEntries, leader elected after 2349ms
2019-07-30 20:27:20,137 INFO  impl.RaftServerImpl (ServerState.java:setRaftConf(361)) - 99aa13c5-3437-4911-a3ab-76a4f1cc7195:group-16660294B641 set configuration 0: [6d241a64-b43e-4fbf-916d-c8c3e6999ca7:192.168.69.110:43479, 99aa13c5-3437-4911-a3ab-76a4f1cc7195:192.168.69.110:43962, 46a37b55-e33e-446d-a63d-6c5e13d164b3:192.168.69.110:44219], old=null at 0
2019-07-30 20:27:20,137 INFO  segmented.SegmentedRaftLogWorker (SegmentedRaftLogWorker.java:startLogSegment(380)) - 99aa13c5-3437-4911-a3ab-76a4f1cc7195-SegmentedRaftLogWorker:Storage Directory /workdir/hadoop-ozone/integration-test/target/test-dir/MiniOzoneClusterImpl-9cdb6828-2280-461c-a17f-287379f09a1f/datanode-1/data/ratis/30603c13-da0b-43d8-9b85-16660294b641: Starting segment from index:0
2019-07-30 20:27:20,137 INFO  impl.RaftServerImpl (ServerState.java:setRaftConf(361)) - 46a37b55-e33e-446d-a63d-6c5e13d164b3:group-16660294B641 set configuration 0: [6d241a64-b43e-4fbf-916d-c8c3e6999ca7:192.168.69.110:43479, 99aa13c5-3437-4911-a3ab-76a4f1cc7195:192.168.69.110:43962, 46a37b55-e33e-446d-a63d-6c5e13d164b3:192.168.69.110:44219], old=null at 0
2019-07-30 20:27:20,138 INFO  segmented.SegmentedRaftLogWorker (SegmentedRaftLogWorker.java:startLogSegment(380)) - 46a37b55-e33e-446d-a63d-6c5e13d164b3-SegmentedRaftLogWorker:Storage Directory /workdir/hadoop-ozone/integration-test/target/test-dir/MiniOzoneClusterImpl-9cdb6828-2280-461c-a17f-287379f09a1f/datanode-2/data/ratis/30603c13-da0b-43d8-9b85-16660294b641: Starting segment from index:0
2019-07-30 20:27:20,165 INFO  segmented.SegmentedRaftLogWorker (SegmentedRaftLogWorker.java:execute(569)) - 46a37b55-e33e-446d-a63d-6c5e13d164b3-SegmentedRaftLogWorker:Storage Directory /workdir/hadoop-ozone/integration-test/target/test-dir/MiniOzoneClusterImpl-9cdb6828-2280-461c-a17f-287379f09a1f/datanode-2/data/ratis/30603c13-da0b-43d8-9b85-16660294b641: created new log segment /workdir/hadoop-ozone/integration-test/target/test-dir/MiniOzoneClusterImpl-9cdb6828-2280-461c-a17f-287379f09a1f/datanode-2/data/ratis/30603c13-da0b-43d8-9b85-16660294b641/current/log_inprogress_0
2019-07-30 20:27:20,165 INFO  segmented.SegmentedRaftLogWorker (SegmentedRaftLogWorker.java:execute(569)) - 6d241a64-b43e-4fbf-916d-c8c3e6999ca7-SegmentedRaftLogWorker:Storage Directory /workdir/hadoop-ozone/integration-test/target/test-dir/MiniOzoneClusterImpl-9cdb6828-2280-461c-a17f-287379f09a1f/datanode-0/data/ratis/30603c13-da0b-43d8-9b85-16660294b641: created new log segment /workdir/hadoop-ozone/integration-test/target/test-dir/MiniOzoneClusterImpl-9cdb6828-2280-461c-a17f-287379f09a1f/datanode-0/data/ratis/30603c13-da0b-43d8-9b85-16660294b641/current/log_inprogress_0
2019-07-30 20:27:20,165 INFO  segmented.SegmentedRaftLogWorker (SegmentedRaftLogWorker.java:execute(569)) - 99aa13c5-3437-4911-a3ab-76a4f1cc7195-SegmentedRaftLogWorker:Storage Directory /workdir/hadoop-ozone/integration-test/target/test-dir/MiniOzoneClusterImpl-9cdb6828-2280-461c-a17f-287379f09a1f/datanode-1/data/ratis/30603c13-da0b-43d8-9b85-16660294b641: created new log segment /workdir/hadoop-ozone/integration-test/target/test-dir/MiniOzoneClusterImpl-9cdb6828-2280-461c-a17f-287379f09a1f/datanode-1/data/ratis/30603c13-da0b-43d8-9b85-16660294b641/current/log_inprogress_0
2019-07-30 20:27:20,353 INFO  container.ReplicationManager (ReplicationManager.java:start(155)) - Starting Replication Monitor Thread.
2019-07-30 20:27:20,356 INFO  container.ReplicationManager (ReplicationManager.java:run(207)) - Replication Monitor Thread took 0 milliseconds for processing 4 containers.
2019-07-30 20:27:20,679 INFO  client.GrpcClientProtocolClient (GrpcClientProtocolClient.java:onNext(255)) - client-01A0AF16A0BE->46a37b55-e33e-446d-a63d-6c5e13d164b3: receive RaftClientReply:client-01A0AF16A0BE->46a37b55-e33e-446d-a63d-6c5e13d164b3@group-16660294B641, cid=68, FAILED org.apache.ratis.protocol.NotLeaderException: Server 46a37b55-e33e-446d-a63d-6c5e13d164b3 is not the leader (6d241a64-b43e-4fbf-916d-c8c3e6999ca7:192.168.69.110:43479). Request must be sent to leader., logIndex=0, commits[46a37b55-e33e-446d-a63d-6c5e13d164b3:c-1, 6d241a64-b43e-4fbf-916d-c8c3e6999ca7:c-1, 99aa13c5-3437-4911-a3ab-76a4f1cc7195:c-1]
2019-07-30 20:27:20,691 INFO  impl.FollowerState (FollowerState.java:run(106)) - f4bc6727-8bd3-4bb1-aa77-075ee37c02d1:group-BBC4FB3FBC27 changes to CANDIDATE, lastRpcTime:1035, electionTimeout:1035ms
2019-07-30 20:27:20,691 INFO  impl.RoleInfo (RoleInfo.java:shutdownFollowerState(121)) - f4bc6727-8bd3-4bb1-aa77-075ee37c02d1: shutdown FollowerState
2019-07-30 20:27:20,692 INFO  impl.RaftServerImpl (RaftServerImpl.java:setRole(171)) - f4bc6727-8bd3-4bb1-aa77-075ee37c02d1:group-BBC4FB3FBC27 changes role from FOLLOWER to CANDIDATE at term 1 for changeToCandidate
2019-07-30 20:27:20,692 INFO  impl.RoleInfo (RoleInfo.java:updateAndGet(143)) - f4bc6727-8bd3-4bb1-aa77-075ee37c02d1: start LeaderElection
2019-07-30 20:27:20,708 INFO  impl.LeaderElection (LeaderElection.java:askForVotes(181)) - f4bc6727-8bd3-4bb1-aa77-075ee37c02d1:group-BBC4FB3FBC27:LeaderElection64: begin an election at term 2 for -1: [b7080fa9-4be6-4a48-a718-6ce8688955c9:192.168.69.110:46213, f4bc6727-8bd3-4bb1-aa77-075ee37c02d1:192.168.69.110:34581, 9407a994-3f0e-4290-b5c7-beb6902c6723:192.168.69.110:33034], old=null
2019-07-30 20:27:20,710 INFO  impl.RaftServerImpl (RaftServerImpl.java:setRole(171)) - b7080fa9-4be6-4a48-a718-6ce8688955c9:group-BBC4FB3FBC27 changes role from FOLLOWER to FOLLOWER at term 2 for recognizeCandidate:f4bc6727-8bd3-4bb1-aa77-075ee37c02d1
2019-07-30 20:27:20,710 INFO  impl.RaftServerImpl (RaftServerImpl.java:setRole(171)) - 9407a994-3f0e-4290-b5c7-beb6902c6723:group-BBC4FB3FBC27 changes role from FOLLOWER to FOLLOWER at term 2 for recognizeCandidate:f4bc6727-8bd3-4bb1-aa77-075ee37c02d1
2019-07-30 20:27:20,710 INFO  impl.RoleInfo (RoleInfo.java:shutdownFollowerState(121)) - b7080fa9-4be6-4a48-a718-6ce8688955c9: shutdown FollowerState
2019-07-30 20:27:20,711 INFO  impl.RoleInfo (RoleInfo.java:shutdownFollowerState(121)) - 9407a994-3f0e-4290-b5c7-beb6902c6723: shutdown FollowerState
2019-07-30 20:27:20,711 INFO  impl.FollowerState (FollowerState.java:run(114)) - b7080fa9-4be6-4a48-a718-6ce8688955c9: FollowerState was interrupted: java.lang.InterruptedException: sleep interrupted
2019-07-30 20:27:20,711 INFO  impl.RoleInfo (RoleInfo.java:updateAndGet(143)) - b7080fa9-4be6-4a48-a718-6ce8688955c9: start FollowerState
2019-07-30 20:27:20,711 INFO  impl.FollowerState (FollowerState.java:run(114)) - 9407a994-3f0e-4290-b5c7-beb6902c6723: FollowerState was interrupted: java.lang.InterruptedException: sleep interrupted
2019-07-30 20:27:20,711 INFO  impl.RoleInfo (RoleInfo.java:updateAndGet(143)) - 9407a994-3f0e-4290-b5c7-beb6902c6723: start FollowerState
2019-07-30 20:27:20,721 INFO  impl.LeaderElection (LeaderElection.java:logAndReturn(56)) - f4bc6727-8bd3-4bb1-aa77-075ee37c02d1:group-BBC4FB3FBC27:LeaderElection64: Election PASSED; received 1 response(s) [f4bc6727-8bd3-4bb1-aa77-075ee37c02d1<-b7080fa9-4be6-4a48-a718-6ce8688955c9#0:OK-t2] and 0 exception(s); f4bc6727-8bd3-4bb1-aa77-075ee37c02d1:t2, leader=null, voted=f4bc6727-8bd3-4bb1-aa77-075ee37c02d1, raftlog=f4bc6727-8bd3-4bb1-aa77-075ee37c02d1-SegmentedRaftLog:OPENED:c-1,f-1,i0, conf=-1: [b7080fa9-4be6-4a48-a718-6ce8688955c9:192.168.69.110:46213, f4bc6727-8bd3-4bb1-aa77-075ee37c02d1:192.168.69.110:34581, 9407a994-3f0e-4290-b5c7-beb6902c6723:192.168.69.110:33034], old=null
2019-07-30 20:27:20,721 INFO  impl.RoleInfo (RoleInfo.java:shutdownLeaderElection(134)) - f4bc6727-8bd3-4bb1-aa77-075ee37c02d1: shutdown LeaderElection
2019-07-30 20:27:20,721 INFO  impl.RaftServerImpl (RaftServerImpl.java:setRole(171)) - f4bc6727-8bd3-4bb1-aa77-075ee37c02d1:group-BBC4FB3FBC27 changes role from CANDIDATE to LEADER at term 2 for changeToLeader
2019-07-30 20:27:20,721 INFO  impl.RaftServerImpl (ServerState.java:setLeader(263)) - f4bc6727-8bd3-4bb1-aa77-075ee37c02d1:group-BBC4FB3FBC27 change Leader from null to f4bc6727-8bd3-4bb1-aa77-075ee37c02d1 at term 2 for becomeLeader, leader elected after 2395ms
2019-07-30 20:27:20,721 INFO  server.RaftServerConfigKeys (ConfUtils.java:logGet(43)) - raft.server.staging.catchup.gap = 1000 (default)
2019-07-30 20:27:20,721 INFO  server.RaftServerConfigKeys (ConfUtils.java:logGet(43)) - raft.server.rpc.sleep.time = 25ms (default)
2019-07-30 20:27:20,721 INFO  server.RaftServerConfigKeys (ConfUtils.java:logGet(43)) - raft.server.write.element-limit = 4096 (default)
2019-07-30 20:27:20,721 INFO  server.RaftServerConfigKeys (ConfUtils.java:logGet(43)) - raft.server.watch.timeout = 10s (default)
2019-07-30 20:27:20,722 INFO  server.RaftServerConfigKeys (ConfUtils.java:logGet(43)) - raft.server.watch.timeout.denomination = 1s (default)
2019-07-30 20:27:20,722 INFO  server.RaftServerConfigKeys (ConfUtils.java:logGet(43)) - raft.server.watch.element-limit = 65536 (default)
2019-07-30 20:27:20,722 INFO  server.RaftServerConfigKeys (ConfUtils.java:logGet(43)) - raft.server.log.appender.snapshot.chunk.size.max = 16MB (=16777216) (default)
2019-07-30 20:27:20,722 INFO  server.RaftServerConfigKeys (ConfUtils.java:logGet(43)) - raft.server.log.appender.buffer.byte-limit = 33554432 (custom)
2019-07-30 20:27:20,722 INFO  server.RaftServerConfigKeys (ConfUtils.java:logGet(43)) - raft.server.log.appender.buffer.element-limit = 1 (custom)
2019-07-30 20:27:20,722 INFO  grpc.GrpcConfigKeys$Server (ConfUtils.java:logGet(43)) - raft.grpc.server.leader.outstanding.appends.max = 128 (default)
2019-07-30 20:27:20,723 INFO  server.RaftServerConfigKeys (ConfUtils.java:logGet(43)) - raft.server.rpc.request.timeout = 3000ms (default)
2019-07-30 20:27:20,723 INFO  server.RaftServerConfigKeys (ConfUtils.java:logGet(43)) - raft.server.log.appender.install.snapshot.enabled = false (custom)
2019-07-30 20:27:20,723 INFO  server.RaftServerConfigKeys (ConfUtils.java:logGet(43)) - raft.server.log.appender.snapshot.chunk.size.max = 16MB (=16777216) (default)
2019-07-30 20:27:20,723 INFO  server.RaftServerConfigKeys (ConfUtils.java:logGet(43)) - raft.server.log.appender.buffer.byte-limit = 33554432 (custom)
2019-07-30 20:27:20,723 INFO  server.RaftServerConfigKeys (ConfUtils.java:logGet(43)) - raft.server.log.appender.buffer.element-limit = 1 (custom)
2019-07-30 20:27:20,723 INFO  grpc.GrpcConfigKeys$Server (ConfUtils.java:logGet(43)) - raft.grpc.server.leader.outstanding.appends.max = 128 (default)
2019-07-30 20:27:20,724 INFO  server.RaftServerConfigKeys (ConfUtils.java:logGet(43)) - raft.server.rpc.request.timeout = 3000ms (default)
2019-07-30 20:27:20,724 INFO  server.RaftServerConfigKeys (ConfUtils.java:logGet(43)) - raft.server.log.appender.install.snapshot.enabled = false (custom)
2019-07-30 20:27:20,724 INFO  impl.RoleInfo (RoleInfo.java:updateAndGet(143)) - f4bc6727-8bd3-4bb1-aa77-075ee37c02d1: start LeaderState
2019-07-30 20:27:20,724 INFO  segmented.SegmentedRaftLogWorker (SegmentedRaftLogWorker.java:startLogSegment(380)) - f4bc6727-8bd3-4bb1-aa77-075ee37c02d1-SegmentedRaftLogWorker:Storage Directory /workdir/hadoop-ozone/integration-test/target/test-dir/MiniOzoneClusterImpl-9cdb6828-2280-461c-a17f-287379f09a1f/datanode-3/data/ratis/8459a1ee-cf32-4d4c-9f49-bbc4fb3fbc27: Starting segment from index:0
2019-07-30 20:27:20,725 INFO  impl.RaftServerImpl (ServerState.java:setRaftConf(361)) - f4bc6727-8bd3-4bb1-aa77-075ee37c02d1:group-BBC4FB3FBC27 set configuration 0: [b7080fa9-4be6-4a48-a718-6ce8688955c9:192.168.69.110:46213, f4bc6727-8bd3-4bb1-aa77-075ee37c02d1:192.168.69.110:34581, 9407a994-3f0e-4290-b5c7-beb6902c6723:192.168.69.110:33034], old=null at 0
2019-07-30 20:27:20,726 INFO  impl.RaftServerImpl (ServerState.java:setLeader(263)) - 9407a994-3f0e-4290-b5c7-beb6902c6723:group-BBC4FB3FBC27 change Leader from null to f4bc6727-8bd3-4bb1-aa77-075ee37c02d1 at term 2 for appendEntries, leader elected after 2400ms
2019-07-30 20:27:20,726 INFO  impl.RaftServerImpl (ServerState.java:setLeader(263)) - b7080fa9-4be6-4a48-a718-6ce8688955c9:group-BBC4FB3FBC27 change Leader from null to f4bc6727-8bd3-4bb1-aa77-075ee37c02d1 at term 2 for appendEntries, leader elected after 2400ms
2019-07-30 20:27:20,728 INFO  impl.RaftServerImpl (ServerState.java:setRaftConf(361)) - 9407a994-3f0e-4290-b5c7-beb6902c6723:group-BBC4FB3FBC27 set configuration 0: [b7080fa9-4be6-4a48-a718-6ce8688955c9:192.168.69.110:46213, f4bc6727-8bd3-4bb1-aa77-075ee37c02d1:192.168.69.110:34581, 9407a994-3f0e-4290-b5c7-beb6902c6723:192.168.69.110:33034], old=null at 0
2019-07-30 20:27:20,728 INFO  impl.RaftServerImpl (ServerState.java:setRaftConf(361)) - b7080fa9-4be6-4a48-a718-6ce8688955c9:group-BBC4FB3FBC27 set configuration 0: [b7080fa9-4be6-4a48-a718-6ce8688955c9:192.168.69.110:46213, f4bc6727-8bd3-4bb1-aa77-075ee37c02d1:192.168.69.110:34581, 9407a994-3f0e-4290-b5c7-beb6902c6723:192.168.69.110:33034], old=null at 0
2019-07-30 20:27:20,728 INFO  segmented.SegmentedRaftLogWorker (SegmentedRaftLogWorker.java:startLogSegment(380)) - 9407a994-3f0e-4290-b5c7-beb6902c6723-SegmentedRaftLogWorker:Storage Directory /workdir/hadoop-ozone/integration-test/target/test-dir/MiniOzoneClusterImpl-9cdb6828-2280-461c-a17f-287379f09a1f/datanode-5/data/ratis/8459a1ee-cf32-4d4c-9f49-bbc4fb3fbc27: Starting segment from index:0
2019-07-30 20:27:20,728 INFO  segmented.SegmentedRaftLogWorker (SegmentedRaftLogWorker.java:startLogSegment(380)) - b7080fa9-4be6-4a48-a718-6ce8688955c9-SegmentedRaftLogWorker:Storage Directory /workdir/hadoop-ozone/integration-test/target/test-dir/MiniOzoneClusterImpl-9cdb6828-2280-461c-a17f-287379f09a1f/datanode-4/data/ratis/8459a1ee-cf32-4d4c-9f49-bbc4fb3fbc27: Starting segment from index:0
2019-07-30 20:27:20,746 INFO  segmented.SegmentedRaftLogWorker (SegmentedRaftLogWorker.java:execute(569)) - f4bc6727-8bd3-4bb1-aa77-075ee37c02d1-SegmentedRaftLogWorker:Storage Directory /workdir/hadoop-ozone/integration-test/target/test-dir/MiniOzoneClusterImpl-9cdb6828-2280-461c-a17f-287379f09a1f/datanode-3/data/ratis/8459a1ee-cf32-4d4c-9f49-bbc4fb3fbc27: created new log segment /workdir/hadoop-ozone/integration-test/target/test-dir/MiniOzoneClusterImpl-9cdb6828-2280-461c-a17f-287379f09a1f/datanode-3/data/ratis/8459a1ee-cf32-4d4c-9f49-bbc4fb3fbc27/current/log_inprogress_0
2019-07-30 20:27:20,748 INFO  segmented.SegmentedRaftLogWorker (SegmentedRaftLogWorker.java:execute(569)) - b7080fa9-4be6-4a48-a718-6ce8688955c9-SegmentedRaftLogWorker:Storage Directory /workdir/hadoop-ozone/integration-test/target/test-dir/MiniOzoneClusterImpl-9cdb6828-2280-461c-a17f-287379f09a1f/datanode-4/data/ratis/8459a1ee-cf32-4d4c-9f49-bbc4fb3fbc27: created new log segment /workdir/hadoop-ozone/integration-test/target/test-dir/MiniOzoneClusterImpl-9cdb6828-2280-461c-a17f-287379f09a1f/datanode-4/data/ratis/8459a1ee-cf32-4d4c-9f49-bbc4fb3fbc27/current/log_inprogress_0
2019-07-30 20:27:20,751 INFO  segmented.SegmentedRaftLogWorker (SegmentedRaftLogWorker.java:execute(569)) - 9407a994-3f0e-4290-b5c7-beb6902c6723-SegmentedRaftLogWorker:Storage Directory /workdir/hadoop-ozone/integration-test/target/test-dir/MiniOzoneClusterImpl-9cdb6828-2280-461c-a17f-287379f09a1f/datanode-5/data/ratis/8459a1ee-cf32-4d4c-9f49-bbc4fb3fbc27: created new log segment /workdir/hadoop-ozone/integration-test/target/test-dir/MiniOzoneClusterImpl-9cdb6828-2280-461c-a17f-287379f09a1f/datanode-5/data/ratis/8459a1ee-cf32-4d4c-9f49-bbc4fb3fbc27/current/log_inprogress_0
2019-07-30 20:27:20,828 INFO  client.GrpcClientProtocolClient (GrpcClientProtocolClient.java:onNext(255)) - client-01A0AF16A0BE->6d241a64-b43e-4fbf-916d-c8c3e6999ca7: receive RaftClientReply:client-01A0AF16A0BE->6d241a64-b43e-4fbf-916d-c8c3e6999ca7@group-16660294B641, cid=68, SUCCESS, logIndex=1, commits[6d241a64-b43e-4fbf-916d-c8c3e6999ca7:c1, 99aa13c5-3437-4911-a3ab-76a4f1cc7195:c0, 46a37b55-e33e-446d-a63d-6c5e13d164b3:c0]
2019-07-30 20:27:20,905 INFO  client.GrpcClientProtocolClient (GrpcClientProtocolClient.java:onNext(255)) - client-01A0AF16A0BE->6d241a64-b43e-4fbf-916d-c8c3e6999ca7: receive RaftClientReply:client-01A0AF16A0BE->6d241a64-b43e-4fbf-916d-c8c3e6999ca7@group-16660294B641, cid=69, SUCCESS, logIndex=3, commits[6d241a64-b43e-4fbf-916d-c8c3e6999ca7:c8, 99aa13c5-3437-4911-a3ab-76a4f1cc7195:c5, 46a37b55-e33e-446d-a63d-6c5e13d164b3:c5]
2019-07-30 20:27:20,906 INFO  client.GrpcClientProtocolClient (GrpcClientProtocolClient.java:onNext(255)) - client-01A0AF16A0BE->6d241a64-b43e-4fbf-916d-c8c3e6999ca7: receive RaftClientReply:client-01A0AF16A0BE->6d241a64-b43e-4fbf-916d-c8c3e6999ca7@group-16660294B641, cid=70, SUCCESS, logIndex=4, commits[6d241a64-b43e-4fbf-916d-c8c3e6999ca7:c8, 99aa13c5-3437-4911-a3ab-76a4f1cc7195:c5, 46a37b55-e33e-446d-a63d-6c5e13d164b3:c5]
2019-07-30 20:27:20,985 INFO  client.GrpcClientProtocolClient (GrpcClientProtocolClient.java:onNext(255)) - client-01A0AF16A0BE->6d241a64-b43e-4fbf-916d-c8c3e6999ca7: receive RaftClientReply:client-01A0AF16A0BE->6d241a64-b43e-4fbf-916d-c8c3e6999ca7@group-16660294B641, cid=71, SUCCESS, logIndex=5, commits[6d241a64-b43e-4fbf-916d-c8c3e6999ca7:c8, 99aa13c5-3437-4911-a3ab-76a4f1cc7195:c5, 46a37b55-e33e-446d-a63d-6c5e13d164b3:c5]
2019-07-30 20:27:21,022 INFO  client.GrpcClientProtocolClient (GrpcClientProtocolClient.java:onNext(255)) - client-01A0AF16A0BE->6d241a64-b43e-4fbf-916d-c8c3e6999ca7: receive RaftClientReply:client-01A0AF16A0BE->6d241a64-b43e-4fbf-916d-c8c3e6999ca7@group-16660294B641, cid=72, SUCCESS, logIndex=9, commits[6d241a64-b43e-4fbf-916d-c8c3e6999ca7:c11, 99aa13c5-3437-4911-a3ab-76a4f1cc7195:c8, 46a37b55-e33e-446d-a63d-6c5e13d164b3:c8]
2019-07-30 20:27:21,023 INFO  client.GrpcClientProtocolClient (GrpcClientProtocolClient.java:onNext(255)) - client-01A0AF16A0BE->6d241a64-b43e-4fbf-916d-c8c3e6999ca7: receive RaftClientReply:client-01A0AF16A0BE->6d241a64-b43e-4fbf-916d-c8c3e6999ca7@group-16660294B641, cid=73, SUCCESS, logIndex=10, commits[6d241a64-b43e-4fbf-916d-c8c3e6999ca7:c12, 99aa13c5-3437-4911-a3ab-76a4f1cc7195:c8, 46a37b55-e33e-446d-a63d-6c5e13d164b3:c8]
2019-07-30 20:27:21,028 INFO  client.GrpcClientProtocolClient (GrpcClientProtocolClient.java:onNext(255)) - client-01A0AF16A0BE->6d241a64-b43e-4fbf-916d-c8c3e6999ca7: receive RaftClientReply:client-01A0AF16A0BE->6d241a64-b43e-4fbf-916d-c8c3e6999ca7@group-16660294B641, cid=74, SUCCESS, logIndex=11, commits[6d241a64-b43e-4fbf-916d-c8c3e6999ca7:c12, 99aa13c5-3437-4911-a3ab-76a4f1cc7195:c8, 46a37b55-e33e-446d-a63d-6c5e13d164b3:c8]
2019-07-30 20:27:21,031 INFO  client.GrpcClientProtocolClient (GrpcClientProtocolClient.java:onNext(255)) - client-01A0AF16A0BE->6d241a64-b43e-4fbf-916d-c8c3e6999ca7: receive RaftClientReply:client-01A0AF16A0BE->6d241a64-b43e-4fbf-916d-c8c3e6999ca7@group-16660294B641, cid=75, SUCCESS, logIndex=12, commits[6d241a64-b43e-4fbf-916d-c8c3e6999ca7:c12, 99aa13c5-3437-4911-a3ab-76a4f1cc7195:c8, 46a37b55-e33e-446d-a63d-6c5e13d164b3:c8]
2019-07-30 20:27:21,057 INFO  client.GrpcClientProtocolClient (GrpcClientProtocolClient.java:onNext(255)) - client-01A0AF16A0BE->6d241a64-b43e-4fbf-916d-c8c3e6999ca7: receive RaftClientReply:client-01A0AF16A0BE->6d241a64-b43e-4fbf-916d-c8c3e6999ca7@group-16660294B641, cid=76, SUCCESS, logIndex=0, commits[6d241a64-b43e-4fbf-916d-c8c3e6999ca7:c16, 99aa13c5-3437-4911-a3ab-76a4f1cc7195:c12, 46a37b55-e33e-446d-a63d-6c5e13d164b3:c12]
2019-07-30 20:27:21,060 INFO  client.GrpcClientProtocolClient (GrpcClientProtocolClient.java:onNext(255)) - client-01A0AF16A0BE->6d241a64-b43e-4fbf-916d-c8c3e6999ca7: receive RaftClientReply:client-01A0AF16A0BE->6d241a64-b43e-4fbf-916d-c8c3e6999ca7@group-16660294B641, cid=77, SUCCESS, logIndex=0, commits[6d241a64-b43e-4fbf-916d-c8c3e6999ca7:c16, 99aa13c5-3437-4911-a3ab-76a4f1cc7195:c12, 46a37b55-e33e-446d-a63d-6c5e13d164b3:c12]
2019-07-30 20:27:21,069 INFO  keyvalue.KeyValueHandler (ContainerUtils.java:logAndReturnError(146)) - Operation: CreateContainer : Trace ID: 312c5c78f510524e:312c5c78f510524e:0:0 : Message: Container creation failed, due to disk out of space : Result: DISK_OUT_OF_SPACE
20:27:21.069 [pool-286-thread-13] ERROR DNAudit - user=null | ip=null | op=WRITE_CHUNK {blockData=conID: 2 locID: 102532280438816779 bcsId: 0} | ret=FAILURE
org.apache.hadoop.hdds.scm.container.common.helpers.StorageContainerException: ContainerID 2 creation failed
	at org.apache.hadoop.ozone.container.common.impl.HddsDispatcher.dispatchRequest(HddsDispatcher.java:227) ~[hadoop-hdds-container-service-0.4.1-SNAPSHOT.jar:?]
	at org.apache.hadoop.ozone.container.common.impl.HddsDispatcher.dispatch(HddsDispatcher.java:148) ~[hadoop-hdds-container-service-0.4.1-SNAPSHOT.jar:?]
	at org.apache.hadoop.ozone.container.common.transport.server.ratis.ContainerStateMachine.dispatchCommand(ContainerStateMachine.java:374) ~[hadoop-hdds-container-service-0.4.1-SNAPSHOT.jar:?]
	at org.apache.hadoop.ozone.container.common.transport.server.ratis.ContainerStateMachine.runCommand(ContainerStateMachine.java:381) ~[hadoop-hdds-container-service-0.4.1-SNAPSHOT.jar:?]
	at org.apache.hadoop.ozone.container.common.transport.server.ratis.ContainerStateMachine.lambda$handleWriteChunk$1(ContainerStateMachine.java:412) ~[hadoop-hdds-container-service-0.4.1-SNAPSHOT.jar:?]
	at java.util.concurrent.CompletableFuture$AsyncSupply.run(CompletableFuture.java:1590) [?:1.8.0_212]
	at java.util.concurrent.ThreadPoolExecutor.runWorker(ThreadPoolExecutor.java:1149) [?:1.8.0_212]
	at java.util.concurrent.ThreadPoolExecutor$Worker.run(ThreadPoolExecutor.java:624) [?:1.8.0_212]
	at java.lang.Thread.run(Thread.java:748) [?:1.8.0_212]
2019-07-30 20:27:21,070 INFO  impl.HddsDispatcher (ContainerUtils.java:logAndReturnError(146)) - Operation: WriteChunk : Trace ID: 312c5c78f510524e:312c5c78f510524e:0:0 : Message: ContainerID 2 creation failed : Result: DISK_OUT_OF_SPACE
2019-07-30 20:27:21,076 INFO  keyvalue.KeyValueHandler (ContainerUtils.java:logAndReturnError(146)) - Operation: CreateContainer : Trace ID: 312c5c78f510524e:312c5c78f510524e:0:0 : Message: Container creation failed, due to disk out of space : Result: DISK_OUT_OF_SPACE
2019-07-30 20:27:21,078 INFO  keyvalue.KeyValueHandler (ContainerUtils.java:logAndReturnError(146)) - Operation: CreateContainer : Trace ID: 312c5c78f510524e:312c5c78f510524e:0:0 : Message: Container creation failed, due to disk out of space : Result: DISK_OUT_OF_SPACE
20:27:21.078 [pool-297-thread-5] ERROR DNAudit - user=null | ip=null | op=WRITE_CHUNK {blockData=conID: 2 locID: 102532280438816779 bcsId: 0} | ret=FAILURE
org.apache.hadoop.hdds.scm.container.common.helpers.StorageContainerException: ContainerID 2 creation failed
	at org.apache.hadoop.ozone.container.common.impl.HddsDispatcher.dispatchRequest(HddsDispatcher.java:227) ~[hadoop-hdds-container-service-0.4.1-SNAPSHOT.jar:?]
	at org.apache.hadoop.ozone.container.common.impl.HddsDispatcher.dispatch(HddsDispatcher.java:148) ~[hadoop-hdds-container-service-0.4.1-SNAPSHOT.jar:?]
	at org.apache.hadoop.ozone.container.common.transport.server.ratis.ContainerStateMachine.dispatchCommand(ContainerStateMachine.java:374) ~[hadoop-hdds-container-service-0.4.1-SNAPSHOT.jar:?]
	at org.apache.hadoop.ozone.container.common.transport.server.ratis.ContainerStateMachine.runCommand(ContainerStateMachine.java:381) ~[hadoop-hdds-container-service-0.4.1-SNAPSHOT.jar:?]
	at org.apache.hadoop.ozone.container.common.transport.server.ratis.ContainerStateMachine.lambda$handleWriteChunk$1(ContainerStateMachine.java:412) ~[hadoop-hdds-container-service-0.4.1-SNAPSHOT.jar:?]
	at java.util.concurrent.CompletableFuture$AsyncSupply.run(CompletableFuture.java:1590) [?:1.8.0_212]
	at java.util.concurrent.ThreadPoolExecutor.runWorker(ThreadPoolExecutor.java:1149) [?:1.8.0_212]
	at java.util.concurrent.ThreadPoolExecutor$Worker.run(ThreadPoolExecutor.java:624) [?:1.8.0_212]
	at java.lang.Thread.run(Thread.java:748) [?:1.8.0_212]
2019-07-30 20:27:21,079 INFO  impl.HddsDispatcher (ContainerUtils.java:logAndReturnError(146)) - Operation: WriteChunk : Trace ID: 312c5c78f510524e:312c5c78f510524e:0:0 : Message: ContainerID 2 creation failed : Result: DISK_OUT_OF_SPACE
20:27:21.079 [pool-308-thread-5] ERROR DNAudit - user=null | ip=null | op=WRITE_CHUNK {blockData=conID: 2 locID: 102532280438816779 bcsId: 0} | ret=FAILURE
org.apache.hadoop.hdds.scm.container.common.helpers.StorageContainerException: ContainerID 2 creation failed
	at org.apache.hadoop.ozone.container.common.impl.HddsDispatcher.dispatchRequest(HddsDispatcher.java:227) ~[hadoop-hdds-container-service-0.4.1-SNAPSHOT.jar:?]
	at org.apache.hadoop.ozone.container.common.impl.HddsDispatcher.dispatch(HddsDispatcher.java:148) ~[hadoop-hdds-container-service-0.4.1-SNAPSHOT.jar:?]
	at org.apache.hadoop.ozone.container.common.transport.server.ratis.ContainerStateMachine.dispatchCommand(ContainerStateMachine.java:374) ~[hadoop-hdds-container-service-0.4.1-SNAPSHOT.jar:?]
	at org.apache.hadoop.ozone.container.common.transport.server.ratis.ContainerStateMachine.runCommand(ContainerStateMachine.java:381) ~[hadoop-hdds-container-service-0.4.1-SNAPSHOT.jar:?]
	at org.apache.hadoop.ozone.container.common.transport.server.ratis.ContainerStateMachine.lambda$handleWriteChunk$1(ContainerStateMachine.java:412) ~[hadoop-hdds-container-service-0.4.1-SNAPSHOT.jar:?]
	at java.util.concurrent.CompletableFuture$AsyncSupply.run(CompletableFuture.java:1590) [?:1.8.0_212]
	at java.util.concurrent.ThreadPoolExecutor.runWorker(ThreadPoolExecutor.java:1149) [?:1.8.0_212]
	at java.util.concurrent.ThreadPoolExecutor$Worker.run(ThreadPoolExecutor.java:624) [?:1.8.0_212]
	at java.lang.Thread.run(Thread.java:748) [?:1.8.0_212]
2019-07-30 20:27:21,082 INFO  impl.HddsDispatcher (ContainerUtils.java:logAndReturnError(146)) - Operation: WriteChunk : Trace ID: 312c5c78f510524e:312c5c78f510524e:0:0 : Message: ContainerID 2 creation failed : Result: DISK_OUT_OF_SPACE
2019-07-30 20:27:21,086 INFO  keyvalue.KeyValueHandler (ContainerUtils.java:logAndReturnError(146)) - Operation: CreateContainer : Trace ID: 50abfa7d4a4c969f:50abfa7d4a4c969f:0:0 : Message: Container creation failed, due to disk out of space : Result: DISK_OUT_OF_SPACE
20:27:21.087 [pool-286-thread-16] ERROR DNAudit - user=null | ip=null | op=WRITE_CHUNK {blockData=conID: 2 locID: 102532280438816779 bcsId: 0} | ret=FAILURE
org.apache.hadoop.hdds.scm.container.common.helpers.StorageContainerException: ContainerID 2 creation failed
	at org.apache.hadoop.ozone.container.common.impl.HddsDispatcher.dispatchRequest(HddsDispatcher.java:227) ~[hadoop-hdds-container-service-0.4.1-SNAPSHOT.jar:?]
	at org.apache.hadoop.ozone.container.common.impl.HddsDispatcher.dispatch(HddsDispatcher.java:148) ~[hadoop-hdds-container-service-0.4.1-SNAPSHOT.jar:?]
	at org.apache.hadoop.ozone.container.common.transport.server.ratis.ContainerStateMachine.dispatchCommand(ContainerStateMachine.java:374) ~[hadoop-hdds-container-service-0.4.1-SNAPSHOT.jar:?]
	at org.apache.hadoop.ozone.container.common.transport.server.ratis.ContainerStateMachine.runCommand(ContainerStateMachine.java:381) ~[hadoop-hdds-container-service-0.4.1-SNAPSHOT.jar:?]
	at org.apache.hadoop.ozone.container.common.transport.server.ratis.ContainerStateMachine.lambda$handleWriteChunk$1(ContainerStateMachine.java:412) ~[hadoop-hdds-container-service-0.4.1-SNAPSHOT.jar:?]
	at java.util.concurrent.CompletableFuture$AsyncSupply.run(CompletableFuture.java:1590) [?:1.8.0_212]
	at java.util.concurrent.ThreadPoolExecutor.runWorker(ThreadPoolExecutor.java:1149) [?:1.8.0_212]
	at java.util.concurrent.ThreadPoolExecutor$Worker.run(ThreadPoolExecutor.java:624) [?:1.8.0_212]
	at java.lang.Thread.run(Thread.java:748) [?:1.8.0_212]
2019-07-30 20:27:21,087 INFO  impl.HddsDispatcher (ContainerUtils.java:logAndReturnError(146)) - Operation: WriteChunk : Trace ID: 50abfa7d4a4c969f:50abfa7d4a4c969f:0:0 : Message: ContainerID 2 creation failed : Result: DISK_OUT_OF_SPACE
2019-07-30 20:27:21,090 INFO  keyvalue.KeyValueHandler (ContainerUtils.java:logAndReturnError(146)) - Operation: CreateContainer : Trace ID: 50abfa7d4a4c969f:50abfa7d4a4c969f:0:0 : Message: Container creation failed, due to disk out of space : Result: DISK_OUT_OF_SPACE
20:27:21.090 [pool-297-thread-6] ERROR DNAudit - user=null | ip=null | op=WRITE_CHUNK {blockData=conID: 2 locID: 102532280438816779 bcsId: 0} | ret=FAILURE
org.apache.hadoop.hdds.scm.container.common.helpers.StorageContainerException: ContainerID 2 creation failed
	at org.apache.hadoop.ozone.container.common.impl.HddsDispatcher.dispatchRequest(HddsDispatcher.java:227) ~[hadoop-hdds-container-service-0.4.1-SNAPSHOT.jar:?]
	at org.apache.hadoop.ozone.container.common.impl.HddsDispatcher.dispatch(HddsDispatcher.java:148) ~[hadoop-hdds-container-service-0.4.1-SNAPSHOT.jar:?]
	at org.apache.hadoop.ozone.container.common.transport.server.ratis.ContainerStateMachine.dispatchCommand(ContainerStateMachine.java:374) ~[hadoop-hdds-container-service-0.4.1-SNAPSHOT.jar:?]
	at org.apache.hadoop.ozone.container.common.transport.server.ratis.ContainerStateMachine.runCommand(ContainerStateMachine.java:381) ~[hadoop-hdds-container-service-0.4.1-SNAPSHOT.jar:?]
	at org.apache.hadoop.ozone.container.common.transport.server.ratis.ContainerStateMachine.lambda$handleWriteChunk$1(ContainerStateMachine.java:412) ~[hadoop-hdds-container-service-0.4.1-SNAPSHOT.jar:?]
	at java.util.concurrent.CompletableFuture$AsyncSupply.run(CompletableFuture.java:1590) [?:1.8.0_212]
	at java.util.concurrent.ThreadPoolExecutor.runWorker(ThreadPoolExecutor.java:1149) [?:1.8.0_212]
	at java.util.concurrent.ThreadPoolExecutor$Worker.run(ThreadPoolExecutor.java:624) [?:1.8.0_212]
	at java.lang.Thread.run(Thread.java:748) [?:1.8.0_212]
2019-07-30 20:27:21,091 INFO  keyvalue.KeyValueHandler (ContainerUtils.java:logAndReturnError(146)) - Operation: CreateContainer : Trace ID: 50abfa7d4a4c969f:50abfa7d4a4c969f:0:0 : Message: Container creation failed, due to disk out of space : Result: DISK_OUT_OF_SPACE
2019-07-30 20:27:21,091 INFO  impl.HddsDispatcher (ContainerUtils.java:logAndReturnError(146)) - Operation: WriteChunk : Trace ID: 50abfa7d4a4c969f:50abfa7d4a4c969f:0:0 : Message: ContainerID 2 creation failed : Result: DISK_OUT_OF_SPACE
20:27:21.091 [pool-308-thread-6] ERROR DNAudit - user=null | ip=null | op=WRITE_CHUNK {blockData=conID: 2 locID: 102532280438816779 bcsId: 0} | ret=FAILURE
org.apache.hadoop.hdds.scm.container.common.helpers.StorageContainerException: ContainerID 2 creation failed
	at org.apache.hadoop.ozone.container.common.impl.HddsDispatcher.dispatchRequest(HddsDispatcher.java:227) ~[hadoop-hdds-container-service-0.4.1-SNAPSHOT.jar:?]
	at org.apache.hadoop.ozone.container.common.impl.HddsDispatcher.dispatch(HddsDispatcher.java:148) ~[hadoop-hdds-container-service-0.4.1-SNAPSHOT.jar:?]
	at org.apache.hadoop.ozone.container.common.transport.server.ratis.ContainerStateMachine.dispatchCommand(ContainerStateMachine.java:374) ~[hadoop-hdds-container-service-0.4.1-SNAPSHOT.jar:?]
	at org.apache.hadoop.ozone.container.common.transport.server.ratis.ContainerStateMachine.runCommand(ContainerStateMachine.java:381) ~[hadoop-hdds-container-service-0.4.1-SNAPSHOT.jar:?]
	at org.apache.hadoop.ozone.container.common.transport.server.ratis.ContainerStateMachine.lambda$handleWriteChunk$1(ContainerStateMachine.java:412) ~[hadoop-hdds-container-service-0.4.1-SNAPSHOT.jar:?]
	at java.util.concurrent.CompletableFuture$AsyncSupply.run(CompletableFuture.java:1590) [?:1.8.0_212]
	at java.util.concurrent.ThreadPoolExecutor.runWorker(ThreadPoolExecutor.java:1149) [?:1.8.0_212]
	at java.util.concurrent.ThreadPoolExecutor$Worker.run(ThreadPoolExecutor.java:624) [?:1.8.0_212]
	at java.lang.Thread.run(Thread.java:748) [?:1.8.0_212]
2019-07-30 20:27:21,092 INFO  impl.HddsDispatcher (ContainerUtils.java:logAndReturnError(146)) - Operation: WriteChunk : Trace ID: 50abfa7d4a4c969f:50abfa7d4a4c969f:0:0 : Message: ContainerID 2 creation failed : Result: DISK_OUT_OF_SPACE
20:27:21.107 [RatisApplyTransactionExecutor 2] ERROR DNAudit - user=null | ip=null | op=WRITE_CHUNK {blockData=conID: 2 locID: 102532280438816779 bcsId: 0} | ret=FAILURE
org.apache.hadoop.hdds.scm.container.common.helpers.StorageContainerException: ContainerID 2 does not exist
	at org.apache.hadoop.ozone.container.common.impl.HddsDispatcher.dispatchRequest(HddsDispatcher.java:242) ~[hadoop-hdds-container-service-0.4.1-SNAPSHOT.jar:?]
	at org.apache.hadoop.ozone.container.common.impl.HddsDispatcher.dispatch(HddsDispatcher.java:148) ~[hadoop-hdds-container-service-0.4.1-SNAPSHOT.jar:?]
	at org.apache.hadoop.ozone.container.common.transport.server.ratis.ContainerStateMachine.dispatchCommand(ContainerStateMachine.java:374) ~[hadoop-hdds-container-service-0.4.1-SNAPSHOT.jar:?]
	at org.apache.hadoop.ozone.container.common.transport.server.ratis.ContainerStateMachine.runCommand(ContainerStateMachine.java:381) ~[hadoop-hdds-container-service-0.4.1-SNAPSHOT.jar:?]
	at org.apache.hadoop.ozone.container.common.transport.server.ratis.ContainerStateMachine.lambda$applyTransaction$6(ContainerStateMachine.java:647) ~[hadoop-hdds-container-service-0.4.1-SNAPSHOT.jar:?]
	at java.util.concurrent.CompletableFuture$AsyncSupply.run(CompletableFuture.java:1590) [?:1.8.0_212]
	at java.util.concurrent.ThreadPoolExecutor.runWorker(ThreadPoolExecutor.java:1149) [?:1.8.0_212]
	at java.util.concurrent.ThreadPoolExecutor$Worker.run(ThreadPoolExecutor.java:624) [?:1.8.0_212]
	at java.lang.Thread.run(Thread.java:748) [?:1.8.0_212]
2019-07-30 20:27:21,108 INFO  impl.HddsDispatcher (ContainerUtils.java:logAndReturnError(146)) - Operation: WriteChunk : Trace ID: 312c5c78f510524e:312c5c78f510524e:0:0 : Message: ContainerID 2 does not exist : Result: CONTAINER_NOT_FOUND
20:27:21.110 [RatisApplyTransactionExecutor 2] ERROR DNAudit - user=null | ip=null | op=PUT_BLOCK {blockData=[blockId=conID: 2 locID: 102532280438816779 bcsId: 0,size=1048576]} | ret=FAILURE
org.apache.hadoop.hdds.scm.container.common.helpers.StorageContainerException: ContainerID 2 does not exist
	at org.apache.hadoop.ozone.container.common.impl.HddsDispatcher.dispatchRequest(HddsDispatcher.java:242) ~[hadoop-hdds-container-service-0.4.1-SNAPSHOT.jar:?]
	at org.apache.hadoop.ozone.container.common.impl.HddsDispatcher.dispatch(HddsDispatcher.java:148) ~[hadoop-hdds-container-service-0.4.1-SNAPSHOT.jar:?]
	at org.apache.hadoop.ozone.container.common.transport.server.ratis.ContainerStateMachine.dispatchCommand(ContainerStateMachine.java:374) ~[hadoop-hdds-container-service-0.4.1-SNAPSHOT.jar:?]
	at org.apache.hadoop.ozone.container.common.transport.server.ratis.ContainerStateMachine.runCommand(ContainerStateMachine.java:381) ~[hadoop-hdds-container-service-0.4.1-SNAPSHOT.jar:?]
	at org.apache.hadoop.ozone.container.common.transport.server.ratis.ContainerStateMachine.lambda$applyTransaction$6(ContainerStateMachine.java:647) ~[hadoop-hdds-container-service-0.4.1-SNAPSHOT.jar:?]
	at java.util.concurrent.CompletableFuture$AsyncSupply.run(CompletableFuture.java:1590) [?:1.8.0_212]
	at java.util.concurrent.ThreadPoolExecutor.runWorker(ThreadPoolExecutor.java:1149) [?:1.8.0_212]
	at java.util.concurrent.ThreadPoolExecutor$Worker.run(ThreadPoolExecutor.java:624) [?:1.8.0_212]
	at java.lang.Thread.run(Thread.java:748) [?:1.8.0_212]
2019-07-30 20:27:21,110 INFO  client.GrpcClientProtocolClient (GrpcClientProtocolClient.java:onNext(255)) - client-01A0AF16A0BE->6d241a64-b43e-4fbf-916d-c8c3e6999ca7: receive RaftClientReply:client-01A0AF16A0BE->6d241a64-b43e-4fbf-916d-c8c3e6999ca7@group-16660294B641, cid=78, SUCCESS, logIndex=17, commits[6d241a64-b43e-4fbf-916d-c8c3e6999ca7:c20, 99aa13c5-3437-4911-a3ab-76a4f1cc7195:c16, 46a37b55-e33e-446d-a63d-6c5e13d164b3:c16]
2019-07-30 20:27:21,110 INFO  impl.HddsDispatcher (ContainerUtils.java:logAndReturnError(146)) - Operation: PutBlock : Trace ID: fdb8edc211990b22:fdb8edc211990b22:0:0 : Message: ContainerID 2 does not exist : Result: CONTAINER_NOT_FOUND
2019-07-30 20:27:21,111 ERROR storage.BlockOutputStream (BlockOutputStream.java:validateResponse(531)) - Unexpected Storage Container Exception: 
org.apache.hadoop.hdds.scm.container.common.helpers.StorageContainerException: ContainerID 2 does not exist
	at org.apache.hadoop.hdds.scm.storage.ContainerProtocolCalls.validateContainerResponse(ContainerProtocolCalls.java:536)
	at org.apache.hadoop.hdds.scm.storage.BlockOutputStream.validateResponse(BlockOutputStream.java:529)
	at org.apache.hadoop.hdds.scm.storage.BlockOutputStream.lambda$writeChunkToContainer$2(BlockOutputStream.java:606)
	at java.util.concurrent.CompletableFuture.uniApply(CompletableFuture.java:602)
	at java.util.concurrent.CompletableFuture$UniApply.tryFire(CompletableFuture.java:577)
	at java.util.concurrent.CompletableFuture$Completion.run(CompletableFuture.java:442)
	at java.util.concurrent.ThreadPoolExecutor.runWorker(ThreadPoolExecutor.java:1149)
	at java.util.concurrent.ThreadPoolExecutor$Worker.run(ThreadPoolExecutor.java:624)
	at java.lang.Thread.run(Thread.java:748)
20:27:21.111 [RatisApplyTransactionExecutor 2] ERROR DNAudit - user=null | ip=null | op=WRITE_CHUNK {blockData=conID: 2 locID: 102532280438816779 bcsId: 0} | ret=FAILURE
org.apache.hadoop.hdds.scm.container.common.helpers.StorageContainerException: ContainerID 2 does not exist
	at org.apache.hadoop.ozone.container.common.impl.HddsDispatcher.dispatchRequest(HddsDispatcher.java:242) ~[hadoop-hdds-container-service-0.4.1-SNAPSHOT.jar:?]
	at org.apache.hadoop.ozone.container.common.impl.HddsDispatcher.dispatch(HddsDispatcher.java:148) ~[hadoop-hdds-container-service-0.4.1-SNAPSHOT.jar:?]
	at org.apache.hadoop.ozone.container.common.transport.server.ratis.ContainerStateMachine.dispatchCommand(ContainerStateMachine.java:374) ~[hadoop-hdds-container-service-0.4.1-SNAPSHOT.jar:?]
	at org.apache.hadoop.ozone.container.common.transport.server.ratis.ContainerStateMachine.runCommand(ContainerStateMachine.java:381) ~[hadoop-hdds-container-service-0.4.1-SNAPSHOT.jar:?]
	at org.apache.hadoop.ozone.container.common.transport.server.ratis.ContainerStateMachine.lambda$applyTransaction$6(ContainerStateMachine.java:647) ~[hadoop-hdds-container-service-0.4.1-SNAPSHOT.jar:?]
	at java.util.concurrent.CompletableFuture$AsyncSupply.run(CompletableFuture.java:1590) [?:1.8.0_212]
	at java.util.concurrent.ThreadPoolExecutor.runWorker(ThreadPoolExecutor.java:1149) [?:1.8.0_212]
	at java.util.concurrent.ThreadPoolExecutor$Worker.run(ThreadPoolExecutor.java:624) [?:1.8.0_212]
	at java.lang.Thread.run(Thread.java:748) [?:1.8.0_212]
2019-07-30 20:27:21,112 INFO  impl.HddsDispatcher (ContainerUtils.java:logAndReturnError(146)) - Operation: WriteChunk : Trace ID: 50abfa7d4a4c969f:50abfa7d4a4c969f:0:0 : Message: ContainerID 2 does not exist : Result: CONTAINER_NOT_FOUND
20:27:21.112 [RatisApplyTransactionExecutor 2] ERROR DNAudit - user=null | ip=null | op=WRITE_CHUNK {blockData=conID: 2 locID: 102532280438816779 bcsId: 0} | ret=FAILURE
org.apache.hadoop.hdds.scm.container.common.helpers.StorageContainerException: ContainerID 2 does not exist
	at org.apache.hadoop.ozone.container.common.impl.HddsDispatcher.dispatchRequest(HddsDispatcher.java:242) ~[hadoop-hdds-container-service-0.4.1-SNAPSHOT.jar:?]
	at org.apache.hadoop.ozone.container.common.impl.HddsDispatcher.dispatch(HddsDispatcher.java:148) ~[hadoop-hdds-container-service-0.4.1-SNAPSHOT.jar:?]
	at org.apache.hadoop.ozone.container.common.transport.server.ratis.ContainerStateMachine.dispatchCommand(ContainerStateMachine.java:374) ~[hadoop-hdds-container-service-0.4.1-SNAPSHOT.jar:?]
	at org.apache.hadoop.ozone.container.common.transport.server.ratis.ContainerStateMachine.runCommand(ContainerStateMachine.java:381) ~[hadoop-hdds-container-service-0.4.1-SNAPSHOT.jar:?]
	at org.apache.hadoop.ozone.container.common.transport.server.ratis.ContainerStateMachine.lambda$applyTransaction$6(ContainerStateMachine.java:647) ~[hadoop-hdds-container-service-0.4.1-SNAPSHOT.jar:?]
	at java.util.concurrent.CompletableFuture$AsyncSupply.run(CompletableFuture.java:1590) [?:1.8.0_212]
	at java.util.concurrent.ThreadPoolExecutor.runWorker(ThreadPoolExecutor.java:1149) [?:1.8.0_212]
	at java.util.concurrent.ThreadPoolExecutor$Worker.run(ThreadPoolExecutor.java:624) [?:1.8.0_212]
	at java.lang.Thread.run(Thread.java:748) [?:1.8.0_212]
2019-07-30 20:27:21,112 INFO  client.GrpcClientProtocolClient (GrpcClientProtocolClient.java:onNext(255)) - client-01A0AF16A0BE->6d241a64-b43e-4fbf-916d-c8c3e6999ca7: receive RaftClientReply:client-01A0AF16A0BE->6d241a64-b43e-4fbf-916d-c8c3e6999ca7@group-16660294B641, cid=79, SUCCESS, logIndex=18, commits[6d241a64-b43e-4fbf-916d-c8c3e6999ca7:c20, 99aa13c5-3437-4911-a3ab-76a4f1cc7195:c16, 46a37b55-e33e-446d-a63d-6c5e13d164b3:c16]
2019-07-30 20:27:21,112 INFO  impl.HddsDispatcher (ContainerUtils.java:logAndReturnError(146)) - Operation: WriteChunk : Trace ID: 312c5c78f510524e:312c5c78f510524e:0:0 : Message: ContainerID 2 does not exist : Result: CONTAINER_NOT_FOUND
20:27:21.112 [RatisApplyTransactionExecutor 2] ERROR DNAudit - user=null | ip=null | op=WRITE_CHUNK {blockData=conID: 2 locID: 102532280438816779 bcsId: 0} | ret=FAILURE
org.apache.hadoop.hdds.scm.container.common.helpers.StorageContainerException: ContainerID 2 does not exist
	at org.apache.hadoop.ozone.container.common.impl.HddsDispatcher.dispatchRequest(HddsDispatcher.java:242) ~[hadoop-hdds-container-service-0.4.1-SNAPSHOT.jar:?]
	at org.apache.hadoop.ozone.container.common.impl.HddsDispatcher.dispatch(HddsDispatcher.java:148) ~[hadoop-hdds-container-service-0.4.1-SNAPSHOT.jar:?]
	at org.apache.hadoop.ozone.container.common.transport.server.ratis.ContainerStateMachine.dispatchCommand(ContainerStateMachine.java:374) ~[hadoop-hdds-container-service-0.4.1-SNAPSHOT.jar:?]
	at org.apache.hadoop.ozone.container.common.transport.server.ratis.ContainerStateMachine.runCommand(ContainerStateMachine.java:381) ~[hadoop-hdds-container-service-0.4.1-SNAPSHOT.jar:?]
	at org.apache.hadoop.ozone.container.common.transport.server.ratis.ContainerStateMachine.lambda$applyTransaction$6(ContainerStateMachine.java:647) ~[hadoop-hdds-container-service-0.4.1-SNAPSHOT.jar:?]
	at java.util.concurrent.CompletableFuture$AsyncSupply.run(CompletableFuture.java:1590) [?:1.8.0_212]
	at java.util.concurrent.ThreadPoolExecutor.runWorker(ThreadPoolExecutor.java:1149) [?:1.8.0_212]
	at java.util.concurrent.ThreadPoolExecutor$Worker.run(ThreadPoolExecutor.java:624) [?:1.8.0_212]
	at java.lang.Thread.run(Thread.java:748) [?:1.8.0_212]
2019-07-30 20:27:21,112 INFO  impl.HddsDispatcher (ContainerUtils.java:logAndReturnError(146)) - Operation: WriteChunk : Trace ID: 312c5c78f510524e:312c5c78f510524e:0:0 : Message: ContainerID 2 does not exist : Result: CONTAINER_NOT_FOUND
20:27:21.114 [RatisApplyTransactionExecutor 2] ERROR DNAudit - user=null | ip=null | op=PUT_BLOCK {blockData=[blockId=conID: 2 locID: 102532280438816779 bcsId: 0,size=2097152]} | ret=FAILURE
org.apache.hadoop.hdds.scm.container.common.helpers.StorageContainerException: ContainerID 2 does not exist
	at org.apache.hadoop.ozone.container.common.impl.HddsDispatcher.dispatchRequest(HddsDispatcher.java:242) ~[hadoop-hdds-container-service-0.4.1-SNAPSHOT.jar:?]
	at org.apache.hadoop.ozone.container.common.impl.HddsDispatcher.dispatch(HddsDispatcher.java:148) ~[hadoop-hdds-container-service-0.4.1-SNAPSHOT.jar:?]
	at org.apache.hadoop.ozone.container.common.transport.server.ratis.ContainerStateMachine.dispatchCommand(ContainerStateMachine.java:374) ~[hadoop-hdds-container-service-0.4.1-SNAPSHOT.jar:?]
	at org.apache.hadoop.ozone.container.common.transport.server.ratis.ContainerStateMachine.runCommand(ContainerStateMachine.java:381) ~[hadoop-hdds-container-service-0.4.1-SNAPSHOT.jar:?]
	at org.apache.hadoop.ozone.container.common.transport.server.ratis.ContainerStateMachine.lambda$applyTransaction$6(ContainerStateMachine.java:647) ~[hadoop-hdds-container-service-0.4.1-SNAPSHOT.jar:?]
	at java.util.concurrent.CompletableFuture$AsyncSupply.run(CompletableFuture.java:1590) [?:1.8.0_212]
	at java.util.concurrent.ThreadPoolExecutor.runWorker(ThreadPoolExecutor.java:1149) [?:1.8.0_212]
	at java.util.concurrent.ThreadPoolExecutor$Worker.run(ThreadPoolExecutor.java:624) [?:1.8.0_212]
	at java.lang.Thread.run(Thread.java:748) [?:1.8.0_212]
2019-07-30 20:27:21,115 INFO  client.GrpcClientProtocolClient (GrpcClientProtocolClient.java:onNext(255)) - client-01A0AF16A0BE->6d241a64-b43e-4fbf-916d-c8c3e6999ca7: receive RaftClientReply:client-01A0AF16A0BE->6d241a64-b43e-4fbf-916d-c8c3e6999ca7@group-16660294B641, cid=80, SUCCESS, logIndex=19, commits[6d241a64-b43e-4fbf-916d-c8c3e6999ca7:c21, 99aa13c5-3437-4911-a3ab-76a4f1cc7195:c18, 46a37b55-e33e-446d-a63d-6c5e13d164b3:c18]
20:27:21.115 [RatisApplyTransactionExecutor 2] ERROR DNAudit - user=null | ip=null | op=PUT_BLOCK {blockData=[blockId=conID: 2 locID: 102532280438816779 bcsId: 0,size=1048576]} | ret=FAILURE
org.apache.hadoop.hdds.scm.container.common.helpers.StorageContainerException: ContainerID 2 does not exist
	at org.apache.hadoop.ozone.container.common.impl.HddsDispatcher.dispatchRequest(HddsDispatcher.java:242) ~[hadoop-hdds-container-service-0.4.1-SNAPSHOT.jar:?]
	at org.apache.hadoop.ozone.container.common.impl.HddsDispatcher.dispatch(HddsDispatcher.java:148) ~[hadoop-hdds-container-service-0.4.1-SNAPSHOT.jar:?]
	at org.apache.hadoop.ozone.container.common.transport.server.ratis.ContainerStateMachine.dispatchCommand(ContainerStateMachine.java:374) ~[hadoop-hdds-container-service-0.4.1-SNAPSHOT.jar:?]
	at org.apache.hadoop.ozone.container.common.transport.server.ratis.ContainerStateMachine.runCommand(ContainerStateMachine.java:381) ~[hadoop-hdds-container-service-0.4.1-SNAPSHOT.jar:?]
	at org.apache.hadoop.ozone.container.common.transport.server.ratis.ContainerStateMachine.lambda$applyTransaction$6(ContainerStateMachine.java:647) ~[hadoop-hdds-container-service-0.4.1-SNAPSHOT.jar:?]
	at java.util.concurrent.CompletableFuture$AsyncSupply.run(CompletableFuture.java:1590) [?:1.8.0_212]
	at java.util.concurrent.ThreadPoolExecutor.runWorker(ThreadPoolExecutor.java:1149) [?:1.8.0_212]
	at java.util.concurrent.ThreadPoolExecutor$Worker.run(ThreadPoolExecutor.java:624) [?:1.8.0_212]
	at java.lang.Thread.run(Thread.java:748) [?:1.8.0_212]
2019-07-30 20:27:21,115 INFO  impl.HddsDispatcher (ContainerUtils.java:logAndReturnError(146)) - Operation: PutBlock : Trace ID: f28b96bec1b0dad1:f28b96bec1b0dad1:0:0 : Message: ContainerID 2 does not exist : Result: CONTAINER_NOT_FOUND
20:27:21.115 [RatisApplyTransactionExecutor 2] ERROR DNAudit - user=null | ip=null | op=PUT_BLOCK {blockData=[blockId=conID: 2 locID: 102532280438816779 bcsId: 0,size=1048576]} | ret=FAILURE
org.apache.hadoop.hdds.scm.container.common.helpers.StorageContainerException: ContainerID 2 does not exist
	at org.apache.hadoop.ozone.container.common.impl.HddsDispatcher.dispatchRequest(HddsDispatcher.java:242) ~[hadoop-hdds-container-service-0.4.1-SNAPSHOT.jar:?]
	at org.apache.hadoop.ozone.container.common.impl.HddsDispatcher.dispatch(HddsDispatcher.java:148) ~[hadoop-hdds-container-service-0.4.1-SNAPSHOT.jar:?]
	at org.apache.hadoop.ozone.container.common.transport.server.ratis.ContainerStateMachine.dispatchCommand(ContainerStateMachine.java:374) ~[hadoop-hdds-container-service-0.4.1-SNAPSHOT.jar:?]
	at org.apache.hadoop.ozone.container.common.transport.server.ratis.ContainerStateMachine.runCommand(ContainerStateMachine.java:381) ~[hadoop-hdds-container-service-0.4.1-SNAPSHOT.jar:?]
	at org.apache.hadoop.ozone.container.common.transport.server.ratis.ContainerStateMachine.lambda$applyTransaction$6(ContainerStateMachine.java:647) ~[hadoop-hdds-container-service-0.4.1-SNAPSHOT.jar:?]
	at java.util.concurrent.CompletableFuture$AsyncSupply.run(CompletableFuture.java:1590) [?:1.8.0_212]
	at java.util.concurrent.ThreadPoolExecutor.runWorker(ThreadPoolExecutor.java:1149) [?:1.8.0_212]
	at java.util.concurrent.ThreadPoolExecutor$Worker.run(ThreadPoolExecutor.java:624) [?:1.8.0_212]
	at java.lang.Thread.run(Thread.java:748) [?:1.8.0_212]
2019-07-30 20:27:21,115 INFO  impl.HddsDispatcher (ContainerUtils.java:logAndReturnError(146)) - Operation: PutBlock : Trace ID: fdb8edc211990b22:fdb8edc211990b22:0:0 : Message: ContainerID 2 does not exist : Result: CONTAINER_NOT_FOUND
2019-07-30 20:27:21,115 INFO  impl.HddsDispatcher (ContainerUtils.java:logAndReturnError(146)) - Operation: PutBlock : Trace ID: fdb8edc211990b22:fdb8edc211990b22:0:0 : Message: ContainerID 2 does not exist : Result: CONTAINER_NOT_FOUND
20:27:21.116 [RatisApplyTransactionExecutor 2] ERROR DNAudit - user=null | ip=null | op=WRITE_CHUNK {blockData=conID: 2 locID: 102532280438816779 bcsId: 0} | ret=FAILURE
org.apache.hadoop.hdds.scm.container.common.helpers.StorageContainerException: ContainerID 2 does not exist
	at org.apache.hadoop.ozone.container.common.impl.HddsDispatcher.dispatchRequest(HddsDispatcher.java:242) ~[hadoop-hdds-container-service-0.4.1-SNAPSHOT.jar:?]
	at org.apache.hadoop.ozone.container.common.impl.HddsDispatcher.dispatch(HddsDispatcher.java:148) ~[hadoop-hdds-container-service-0.4.1-SNAPSHOT.jar:?]
	at org.apache.hadoop.ozone.container.common.transport.server.ratis.ContainerStateMachine.dispatchCommand(ContainerStateMachine.java:374) ~[hadoop-hdds-container-service-0.4.1-SNAPSHOT.jar:?]
	at org.apache.hadoop.ozone.container.common.transport.server.ratis.ContainerStateMachine.runCommand(ContainerStateMachine.java:381) ~[hadoop-hdds-container-service-0.4.1-SNAPSHOT.jar:?]
	at org.apache.hadoop.ozone.container.common.transport.server.ratis.ContainerStateMachine.lambda$applyTransaction$6(ContainerStateMachine.java:647) ~[hadoop-hdds-container-service-0.4.1-SNAPSHOT.jar:?]
	at java.util.concurrent.CompletableFuture$AsyncSupply.run(CompletableFuture.java:1590) [?:1.8.0_212]
	at java.util.concurrent.ThreadPoolExecutor.runWorker(ThreadPoolExecutor.java:1149) [?:1.8.0_212]
	at java.util.concurrent.ThreadPoolExecutor$Worker.run(ThreadPoolExecutor.java:624) [?:1.8.0_212]
	at java.lang.Thread.run(Thread.java:748) [?:1.8.0_212]
20:27:21.116 [RatisApplyTransactionExecutor 2] ERROR DNAudit - user=null | ip=null | op=WRITE_CHUNK {blockData=conID: 2 locID: 102532280438816779 bcsId: 0} | ret=FAILURE
org.apache.hadoop.hdds.scm.container.common.helpers.StorageContainerException: ContainerID 2 does not exist
	at org.apache.hadoop.ozone.container.common.impl.HddsDispatcher.dispatchRequest(HddsDispatcher.java:242) ~[hadoop-hdds-container-service-0.4.1-SNAPSHOT.jar:?]
	at org.apache.hadoop.ozone.container.common.impl.HddsDispatcher.dispatch(HddsDispatcher.java:148) ~[hadoop-hdds-container-service-0.4.1-SNAPSHOT.jar:?]
	at org.apache.hadoop.ozone.container.common.transport.server.ratis.ContainerStateMachine.dispatchCommand(ContainerStateMachine.java:374) ~[hadoop-hdds-container-service-0.4.1-SNAPSHOT.jar:?]
	at org.apache.hadoop.ozone.container.common.transport.server.ratis.ContainerStateMachine.runCommand(ContainerStateMachine.java:381) ~[hadoop-hdds-container-service-0.4.1-SNAPSHOT.jar:?]
	at org.apache.hadoop.ozone.container.common.transport.server.ratis.ContainerStateMachine.lambda$applyTransaction$6(ContainerStateMachine.java:647) ~[hadoop-hdds-container-service-0.4.1-SNAPSHOT.jar:?]
	at java.util.concurrent.CompletableFuture$AsyncSupply.run(CompletableFuture.java:1590) [?:1.8.0_212]
	at java.util.concurrent.ThreadPoolExecutor.runWorker(ThreadPoolExecutor.java:1149) [?:1.8.0_212]
	at java.util.concurrent.ThreadPoolExecutor$Worker.run(ThreadPoolExecutor.java:624) [?:1.8.0_212]
	at java.lang.Thread.run(Thread.java:748) [?:1.8.0_212]
2019-07-30 20:27:21,116 INFO  client.GrpcClientProtocolClient (GrpcClientProtocolClient.java:onNext(255)) - client-01A0AF16A0BE->6d241a64-b43e-4fbf-916d-c8c3e6999ca7: receive RaftClientReply:client-01A0AF16A0BE->6d241a64-b43e-4fbf-916d-c8c3e6999ca7@group-16660294B641, cid=81, SUCCESS, logIndex=20, commits[6d241a64-b43e-4fbf-916d-c8c3e6999ca7:c24, 99aa13c5-3437-4911-a3ab-76a4f1cc7195:c20, 46a37b55-e33e-446d-a63d-6c5e13d164b3:c19]
2019-07-30 20:27:21,116 INFO  impl.HddsDispatcher (ContainerUtils.java:logAndReturnError(146)) - Operation: WriteChunk : Trace ID: 50abfa7d4a4c969f:50abfa7d4a4c969f:0:0 : Message: ContainerID 2 does not exist : Result: CONTAINER_NOT_FOUND
2019-07-30 20:27:21,116 INFO  impl.HddsDispatcher (ContainerUtils.java:logAndReturnError(146)) - Operation: WriteChunk : Trace ID: 50abfa7d4a4c969f:50abfa7d4a4c969f:0:0 : Message: ContainerID 2 does not exist : Result: CONTAINER_NOT_FOUND
20:27:21.122 [RatisApplyTransactionExecutor 2] ERROR DNAudit - user=null | ip=null | op=PUT_BLOCK {blockData=[blockId=conID: 2 locID: 102532280438816779 bcsId: 0,size=2097152]} | ret=FAILURE
org.apache.hadoop.hdds.scm.container.common.helpers.StorageContainerException: ContainerID 2 does not exist
	at org.apache.hadoop.ozone.container.common.impl.HddsDispatcher.dispatchRequest(HddsDispatcher.java:242) ~[hadoop-hdds-container-service-0.4.1-SNAPSHOT.jar:?]
	at org.apache.hadoop.ozone.container.common.impl.HddsDispatcher.dispatch(HddsDispatcher.java:148) ~[hadoop-hdds-container-service-0.4.1-SNAPSHOT.jar:?]
	at org.apache.hadoop.ozone.container.common.transport.server.ratis.ContainerStateMachine.dispatchCommand(ContainerStateMachine.java:374) ~[hadoop-hdds-container-service-0.4.1-SNAPSHOT.jar:?]
	at org.apache.hadoop.ozone.container.common.transport.server.ratis.ContainerStateMachine.runCommand(ContainerStateMachine.java:381) ~[hadoop-hdds-container-service-0.4.1-SNAPSHOT.jar:?]
	at org.apache.hadoop.ozone.container.common.transport.server.ratis.ContainerStateMachine.lambda$applyTransaction$6(ContainerStateMachine.java:647) ~[hadoop-hdds-container-service-0.4.1-SNAPSHOT.jar:?]
	at java.util.concurrent.CompletableFuture$AsyncSupply.run(CompletableFuture.java:1590) [?:1.8.0_212]
	at java.util.concurrent.ThreadPoolExecutor.runWorker(ThreadPoolExecutor.java:1149) [?:1.8.0_212]
	at java.util.concurrent.ThreadPoolExecutor$Worker.run(ThreadPoolExecutor.java:624) [?:1.8.0_212]
	at java.lang.Thread.run(Thread.java:748) [?:1.8.0_212]
20:27:21.122 [RatisApplyTransactionExecutor 2] ERROR DNAudit - user=null | ip=null | op=PUT_BLOCK {blockData=[blockId=conID: 2 locID: 102532280438816779 bcsId: 0,size=2097152]} | ret=FAILURE
org.apache.hadoop.hdds.scm.container.common.helpers.StorageContainerException: ContainerID 2 does not exist
	at org.apache.hadoop.ozone.container.common.impl.HddsDispatcher.dispatchRequest(HddsDispatcher.java:242) ~[hadoop-hdds-container-service-0.4.1-SNAPSHOT.jar:?]
	at org.apache.hadoop.ozone.container.common.impl.HddsDispatcher.dispatch(HddsDispatcher.java:148) ~[hadoop-hdds-container-service-0.4.1-SNAPSHOT.jar:?]
	at org.apache.hadoop.ozone.container.common.transport.server.ratis.ContainerStateMachine.dispatchCommand(ContainerStateMachine.java:374) ~[hadoop-hdds-container-service-0.4.1-SNAPSHOT.jar:?]
	at org.apache.hadoop.ozone.container.common.transport.server.ratis.ContainerStateMachine.runCommand(ContainerStateMachine.java:381) ~[hadoop-hdds-container-service-0.4.1-SNAPSHOT.jar:?]
	at org.apache.hadoop.ozone.container.common.transport.server.ratis.ContainerStateMachine.lambda$applyTransaction$6(ContainerStateMachine.java:647) ~[hadoop-hdds-container-service-0.4.1-SNAPSHOT.jar:?]
	at java.util.concurrent.CompletableFuture$AsyncSupply.run(CompletableFuture.java:1590) [?:1.8.0_212]
	at java.util.concurrent.ThreadPoolExecutor.runWorker(ThreadPoolExecutor.java:1149) [?:1.8.0_212]
	at java.util.concurrent.ThreadPoolExecutor$Worker.run(ThreadPoolExecutor.java:624) [?:1.8.0_212]
	at java.lang.Thread.run(Thread.java:748) [?:1.8.0_212]
2019-07-30 20:27:21,123 INFO  impl.HddsDispatcher (ContainerUtils.java:logAndReturnError(146)) - Operation: PutBlock : Trace ID: f28b96bec1b0dad1:f28b96bec1b0dad1:0:0 : Message: ContainerID 2 does not exist : Result: CONTAINER_NOT_FOUND
2019-07-30 20:27:21,123 INFO  impl.HddsDispatcher (ContainerUtils.java:logAndReturnError(146)) - Operation: PutBlock : Trace ID: f28b96bec1b0dad1:f28b96bec1b0dad1:0:0 : Message: ContainerID 2 does not exist : Result: CONTAINER_NOT_FOUND
]]></system-out>
    <system-err><![CDATA[Jul 30, 2019 8:27:13 PM com.sun.jersey.server.impl.application.WebApplicationImpl _initiate
INFO: Initiating Jersey application, version 'Jersey: 1.19 02/11/2015 03:25 AM'
Jul 30, 2019 8:27:13 PM com.sun.jersey.server.impl.application.WebApplicationImpl _initiate
INFO: Initiating Jersey application, version 'Jersey: 1.19 02/11/2015 03:25 AM'
Jul 30, 2019 8:27:13 PM com.sun.jersey.server.impl.application.WebApplicationImpl _initiate
INFO: Initiating Jersey application, version 'Jersey: 1.19 02/11/2015 03:25 AM'
Jul 30, 2019 8:27:13 PM com.sun.jersey.server.impl.application.WebApplicationImpl _initiate
INFO: Initiating Jersey application, version 'Jersey: 1.19 02/11/2015 03:25 AM'
Jul 30, 2019 8:27:13 PM com.sun.jersey.server.impl.application.WebApplicationImpl _initiate
INFO: Initiating Jersey application, version 'Jersey: 1.19 02/11/2015 03:25 AM'
Jul 30, 2019 8:27:14 PM com.sun.jersey.server.impl.application.WebApplicationImpl _initiate
INFO: Initiating Jersey application, version 'Jersey: 1.19 02/11/2015 03:25 AM'
Jul 30, 2019 8:27:19 PM org.apache.ratis.thirdparty.io.grpc.internal.ManagedChannelOrphanWrapper$ManagedChannelReference cleanQueue
SEVERE: *~*~*~ Channel ManagedChannelImpl{logId=1318, target=192.168.69.110:38279} was not shutdown properly!!! ~*~*~*
    Make sure to call shutdown()/shutdownNow() and wait until awaitTermination() returns true.
java.lang.RuntimeException: ManagedChannel allocation site
	at org.apache.ratis.thirdparty.io.grpc.internal.ManagedChannelOrphanWrapper$ManagedChannelReference.<init>(ManagedChannelOrphanWrapper.java:103)
	at org.apache.ratis.thirdparty.io.grpc.internal.ManagedChannelOrphanWrapper.<init>(ManagedChannelOrphanWrapper.java:53)
	at org.apache.ratis.thirdparty.io.grpc.internal.ManagedChannelOrphanWrapper.<init>(ManagedChannelOrphanWrapper.java:44)
	at org.apache.ratis.thirdparty.io.grpc.internal.AbstractManagedChannelImplBuilder.build(AbstractManagedChannelImplBuilder.java:411)
	at org.apache.hadoop.hdds.scm.XceiverClientGrpc.connectToDatanode(XceiverClientGrpc.java:174)
	at org.apache.hadoop.hdds.scm.XceiverClientGrpc.reconnect(XceiverClientGrpc.java:422)
	at org.apache.hadoop.hdds.scm.XceiverClientGrpc.sendCommandAsync(XceiverClientGrpc.java:371)
	at org.apache.hadoop.hdds.scm.XceiverClientGrpc.sendCommandWithRetry(XceiverClientGrpc.java:284)
	at org.apache.hadoop.hdds.scm.XceiverClientGrpc.sendCommandWithTraceIDAndRetry(XceiverClientGrpc.java:250)
	at org.apache.hadoop.hdds.scm.XceiverClientGrpc.sendCommand(XceiverClientGrpc.java:233)
	at org.apache.hadoop.hdds.scm.storage.ContainerProtocolCalls.readChunk(ContainerProtocolCalls.java:245)
	at org.apache.hadoop.hdds.scm.storage.ChunkInputStream.readChunk(ChunkInputStream.java:335)
	at org.apache.hadoop.hdds.scm.storage.ChunkInputStream.readChunkFromContainer(ChunkInputStream.java:307)
	at org.apache.hadoop.hdds.scm.storage.ChunkInputStream.prepareRead(ChunkInputStream.java:259)
	at org.apache.hadoop.hdds.scm.storage.ChunkInputStream.read(ChunkInputStream.java:144)
	at org.apache.hadoop.hdds.scm.storage.BlockInputStream.read(BlockInputStream.java:239)
	at org.apache.hadoop.ozone.client.io.KeyInputStream.read(KeyInputStream.java:171)
	at org.apache.hadoop.ozone.client.io.OzoneInputStream.read(OzoneInputStream.java:47)
	at java.io.InputStream.read(InputStream.java:101)
	at org.apache.hadoop.ozone.container.ContainerTestHelper.validateData(ContainerTestHelper.java:709)
	at org.apache.hadoop.ozone.client.rpc.TestFailureHandlingByClient.validateData(TestFailureHandlingByClient.java:461)
	at org.apache.hadoop.ozone.client.rpc.TestFailureHandlingByClient.testWriteSmallFile(TestFailureHandlingByClient.java:261)
	at sun.reflect.NativeMethodAccessorImpl.invoke0(Native Method)
	at sun.reflect.NativeMethodAccessorImpl.invoke(NativeMethodAccessorImpl.java:62)
	at sun.reflect.DelegatingMethodAccessorImpl.invoke(DelegatingMethodAccessorImpl.java:43)
	at java.lang.reflect.Method.invoke(Method.java:498)
	at org.junit.runners.model.FrameworkMethod$1.runReflectiveCall(FrameworkMethod.java:47)
	at org.junit.internal.runners.model.ReflectiveCallable.run(ReflectiveCallable.java:12)
	at org.junit.runners.model.FrameworkMethod.invokeExplosively(FrameworkMethod.java:44)
	at org.junit.internal.runners.statements.InvokeMethod.evaluate(InvokeMethod.java:17)
	at org.junit.runners.ParentRunner.runLeaf(ParentRunner.java:271)
	at org.junit.runners.BlockJUnit4ClassRunner.runChild(BlockJUnit4ClassRunner.java:70)
	at org.junit.runners.BlockJUnit4ClassRunner.runChild(BlockJUnit4ClassRunner.java:50)
	at org.junit.runners.ParentRunner$3.run(ParentRunner.java:238)
	at org.junit.runners.ParentRunner$1.schedule(ParentRunner.java:63)
	at org.junit.runners.ParentRunner.runChildren(ParentRunner.java:236)
	at org.junit.runners.ParentRunner.access$000(ParentRunner.java:53)
	at org.junit.runners.ParentRunner$2.evaluate(ParentRunner.java:229)
	at org.junit.runners.ParentRunner.run(ParentRunner.java:309)
	at org.apache.maven.surefire.junit4.JUnit4Provider.execute(JUnit4Provider.java:365)
	at org.apache.maven.surefire.junit4.JUnit4Provider.executeWithRerun(JUnit4Provider.java:273)
	at org.apache.maven.surefire.junit4.JUnit4Provider.executeTestSet(JUnit4Provider.java:238)
	at org.apache.maven.surefire.junit4.JUnit4Provider.invoke(JUnit4Provider.java:159)
	at org.apache.maven.surefire.booter.ForkedBooter.invokeProviderInSameClassLoader(ForkedBooter.java:384)
	at org.apache.maven.surefire.booter.ForkedBooter.runSuitesInProcess(ForkedBooter.java:345)
	at org.apache.maven.surefire.booter.ForkedBooter.execute(ForkedBooter.java:126)
	at org.apache.maven.surefire.booter.ForkedBooter.main(ForkedBooter.java:418)

Jul 30, 2019 8:27:19 PM org.apache.ratis.thirdparty.io.grpc.internal.ManagedChannelOrphanWrapper$ManagedChannelReference cleanQueue
SEVERE: *~*~*~ Channel ManagedChannelImpl{logId=1313, target=192.168.69.110:39283} was not shutdown properly!!! ~*~*~*
    Make sure to call shutdown()/shutdownNow() and wait until awaitTermination() returns true.
java.lang.RuntimeException: ManagedChannel allocation site
	at org.apache.ratis.thirdparty.io.grpc.internal.ManagedChannelOrphanWrapper$ManagedChannelReference.<init>(ManagedChannelOrphanWrapper.java:103)
	at org.apache.ratis.thirdparty.io.grpc.internal.ManagedChannelOrphanWrapper.<init>(ManagedChannelOrphanWrapper.java:53)
	at org.apache.ratis.thirdparty.io.grpc.internal.ManagedChannelOrphanWrapper.<init>(ManagedChannelOrphanWrapper.java:44)
	at org.apache.ratis.thirdparty.io.grpc.internal.AbstractManagedChannelImplBuilder.build(AbstractManagedChannelImplBuilder.java:411)
	at org.apache.hadoop.hdds.scm.XceiverClientGrpc.connectToDatanode(XceiverClientGrpc.java:174)
	at org.apache.hadoop.hdds.scm.XceiverClientGrpc.reconnect(XceiverClientGrpc.java:422)
	at org.apache.hadoop.hdds.scm.XceiverClientGrpc.sendCommandAsync(XceiverClientGrpc.java:371)
	at org.apache.hadoop.hdds.scm.XceiverClientGrpc.sendCommandWithRetry(XceiverClientGrpc.java:284)
	at org.apache.hadoop.hdds.scm.XceiverClientGrpc.sendCommandWithTraceIDAndRetry(XceiverClientGrpc.java:250)
	at org.apache.hadoop.hdds.scm.XceiverClientGrpc.sendCommand(XceiverClientGrpc.java:233)
	at org.apache.hadoop.hdds.scm.storage.ContainerProtocolCalls.getBlock(ContainerProtocolCalls.java:118)
	at org.apache.hadoop.hdds.scm.storage.BlockInputStream.getChunkInfos(BlockInputStream.java:167)
	at org.apache.hadoop.hdds.scm.storage.BlockInputStream.initialize(BlockInputStream.java:118)
	at org.apache.hadoop.hdds.scm.storage.BlockInputStream.read(BlockInputStream.java:222)
	at org.apache.hadoop.ozone.client.io.KeyInputStream.read(KeyInputStream.java:171)
	at org.apache.hadoop.ozone.client.io.OzoneInputStream.read(OzoneInputStream.java:47)
	at java.io.InputStream.read(InputStream.java:101)
	at org.apache.hadoop.ozone.container.ContainerTestHelper.validateData(ContainerTestHelper.java:709)
	at org.apache.hadoop.ozone.client.rpc.TestFailureHandlingByClient.validateData(TestFailureHandlingByClient.java:461)
	at org.apache.hadoop.ozone.client.rpc.TestFailureHandlingByClient.testWriteSmallFile(TestFailureHandlingByClient.java:261)
	at sun.reflect.NativeMethodAccessorImpl.invoke0(Native Method)
	at sun.reflect.NativeMethodAccessorImpl.invoke(NativeMethodAccessorImpl.java:62)
	at sun.reflect.DelegatingMethodAccessorImpl.invoke(DelegatingMethodAccessorImpl.java:43)
	at java.lang.reflect.Method.invoke(Method.java:498)
	at org.junit.runners.model.FrameworkMethod$1.runReflectiveCall(FrameworkMethod.java:47)
	at org.junit.internal.runners.model.ReflectiveCallable.run(ReflectiveCallable.java:12)
	at org.junit.runners.model.FrameworkMethod.invokeExplosively(FrameworkMethod.java:44)
	at org.junit.internal.runners.statements.InvokeMethod.evaluate(InvokeMethod.java:17)
	at org.junit.runners.ParentRunner.runLeaf(ParentRunner.java:271)
	at org.junit.runners.BlockJUnit4ClassRunner.runChild(BlockJUnit4ClassRunner.java:70)
	at org.junit.runners.BlockJUnit4ClassRunner.runChild(BlockJUnit4ClassRunner.java:50)
	at org.junit.runners.ParentRunner$3.run(ParentRunner.java:238)
	at org.junit.runners.ParentRunner$1.schedule(ParentRunner.java:63)
	at org.junit.runners.ParentRunner.runChildren(ParentRunner.java:236)
	at org.junit.runners.ParentRunner.access$000(ParentRunner.java:53)
	at org.junit.runners.ParentRunner$2.evaluate(ParentRunner.java:229)
	at org.junit.runners.ParentRunner.run(ParentRunner.java:309)
	at org.apache.maven.surefire.junit4.JUnit4Provider.execute(JUnit4Provider.java:365)
	at org.apache.maven.surefire.junit4.JUnit4Provider.executeWithRerun(JUnit4Provider.java:273)
	at org.apache.maven.surefire.junit4.JUnit4Provider.executeTestSet(JUnit4Provider.java:238)
	at org.apache.maven.surefire.junit4.JUnit4Provider.invoke(JUnit4Provider.java:159)
	at org.apache.maven.surefire.booter.ForkedBooter.invokeProviderInSameClassLoader(ForkedBooter.java:384)
	at org.apache.maven.surefire.booter.ForkedBooter.runSuitesInProcess(ForkedBooter.java:345)
	at org.apache.maven.surefire.booter.ForkedBooter.execute(ForkedBooter.java:126)
	at org.apache.maven.surefire.booter.ForkedBooter.main(ForkedBooter.java:418)

Jul 30, 2019 8:27:19 PM org.apache.ratis.thirdparty.io.grpc.internal.ManagedChannelOrphanWrapper$ManagedChannelReference cleanQueue
SEVERE: *~*~*~ Channel ManagedChannelImpl{logId=1308, target=192.168.69.110:36075} was not shutdown properly!!! ~*~*~*
    Make sure to call shutdown()/shutdownNow() and wait until awaitTermination() returns true.
java.lang.RuntimeException: ManagedChannel allocation site
	at org.apache.ratis.thirdparty.io.grpc.internal.ManagedChannelOrphanWrapper$ManagedChannelReference.<init>(ManagedChannelOrphanWrapper.java:103)
	at org.apache.ratis.thirdparty.io.grpc.internal.ManagedChannelOrphanWrapper.<init>(ManagedChannelOrphanWrapper.java:53)
	at org.apache.ratis.thirdparty.io.grpc.internal.ManagedChannelOrphanWrapper.<init>(ManagedChannelOrphanWrapper.java:44)
	at org.apache.ratis.thirdparty.io.grpc.internal.AbstractManagedChannelImplBuilder.build(AbstractManagedChannelImplBuilder.java:411)
	at org.apache.ratis.grpc.client.GrpcClientProtocolClient.<init>(GrpcClientProtocolClient.java:119)
	at org.apache.ratis.grpc.client.GrpcClientRpc.lambda$new$0(GrpcClientRpc.java:55)
	at org.apache.ratis.util.PeerProxyMap$PeerAndProxy.lambda$getProxy$0(PeerProxyMap.java:61)
	at org.apache.ratis.util.LifeCycle.startAndTransition(LifeCycle.java:202)
	at org.apache.ratis.util.PeerProxyMap$PeerAndProxy.getProxy(PeerProxyMap.java:60)
	at org.apache.ratis.util.PeerProxyMap.getProxy(PeerProxyMap.java:107)
	at org.apache.ratis.grpc.client.GrpcClientRpc.sendRequestAsync(GrpcClientRpc.java:66)
	at org.apache.ratis.client.impl.OrderedAsync.sendRequest(OrderedAsync.java:208)
	at org.apache.ratis.client.impl.OrderedAsync.sendRequestWithRetry(OrderedAsync.java:169)
	at org.apache.ratis.util.SlidingWindow$Client.sendOrDelayRequest(SlidingWindow.java:278)
	at org.apache.ratis.util.SlidingWindow$Client.retry(SlidingWindow.java:294)
	at org.apache.ratis.client.impl.OrderedAsync.lambda$scheduleWithTimeout$7(OrderedAsync.java:195)
	at org.apache.ratis.util.TimeoutScheduler.lambda$onTimeout$0(TimeoutScheduler.java:85)
	at org.apache.ratis.util.TimeoutScheduler.lambda$onTimeout$1(TimeoutScheduler.java:104)
	at org.apache.ratis.util.LogUtils.runAndLog(LogUtils.java:50)
	at org.apache.ratis.util.LogUtils$1.run(LogUtils.java:91)
	at java.util.concurrent.Executors$RunnableAdapter.call(Executors.java:511)
	at java.util.concurrent.FutureTask.run(FutureTask.java:266)
	at java.util.concurrent.ScheduledThreadPoolExecutor$ScheduledFutureTask.access$201(ScheduledThreadPoolExecutor.java:180)
	at java.util.concurrent.ScheduledThreadPoolExecutor$ScheduledFutureTask.run(ScheduledThreadPoolExecutor.java:293)
	at java.util.concurrent.ThreadPoolExecutor.runWorker(ThreadPoolExecutor.java:1149)
	at java.util.concurrent.ThreadPoolExecutor$Worker.run(ThreadPoolExecutor.java:624)
	at java.lang.Thread.run(Thread.java:748)

]]></system-err>
  </testcase>
  <testcase name="testBlockWritesWithDnFailures" classname="org.apache.hadoop.ozone.client.rpc.TestFailureHandlingByClient" time="37.827"/>
  <testcase name="testDatanodeExclusionWithMajorityCommit" classname="org.apache.hadoop.ozone.client.rpc.TestFailureHandlingByClient" time="39.636"/>
</testsuite>