<?xml version="1.0" encoding="UTF-8"?>
<testsuite xmlns:xsi="http://www.w3.org/2001/XMLSchema-instance" xsi:noNamespaceSchemaLocation="https://maven.apache.org/surefire/maven-surefire-plugin/xsd/surefire-test-report.xsd" name="org.apache.hadoop.ozone.client.rpc.TestBlockOutputStreamWithFailures" time="677.389" tests="8" errors="0" skipped="0" failures="1">
  <properties>
    <property name="awt.toolkit" value="sun.awt.X11.XToolkit"/>
    <property name="file.encoding.pkg" value="sun.io"/>
    <property name="java.specification.version" value="1.8"/>
    <property name="sun.cpu.isalist" value=""/>
    <property name="sun.jnu.encoding" value="UTF-8"/>
    <property name="java.class.path" value="/workdir/hadoop-ozone/integration-test/target/test-classes:/workdir/hadoop-ozone/integration-test/target/classes:/home/user/.m2/repository/org/apache/hadoop/hadoop-ozone-common/0.4.1-SNAPSHOT/hadoop-ozone-common-0.4.1-SNAPSHOT.jar:/home/user/.m2/repository/org/apache/commons/commons-compress/1.4.1/commons-compress-1.4.1.jar:/home/user/.m2/repository/org/tukaani/xz/1.0/xz-1.0.jar:/home/user/.m2/repository/org/apache/hadoop/hadoop-common/3.2.0/hadoop-common-3.2.0.jar:/home/user/.m2/repository/org/apache/hadoop/hadoop-hdfs/3.2.0/hadoop-hdfs-3.2.0.jar:/home/user/.m2/repository/org/apache/hadoop/hadoop-hdfs-client/3.2.0/hadoop-hdfs-client-3.2.0.jar:/home/user/.m2/repository/com/fasterxml/jackson/core/jackson-annotations/2.9.5/jackson-annotations-2.9.5.jar:/home/user/.m2/repository/org/apache/hadoop/hadoop-hdds-common/0.4.1-SNAPSHOT/hadoop-hdds-common-0.4.1-SNAPSHOT.jar:/home/user/.m2/repository/javax/annotation/javax.annotation-api/1.2/javax.annotation-api-1.2.jar:/home/user/.m2/repository/org/apache/ratis/ratis-server/0.4.0-2337318-SNAPSHOT/ratis-server-0.4.0-2337318-SNAPSHOT.jar:/home/user/.m2/repository/org/apache/ratis/ratis-thirdparty-misc/0.2.0/ratis-thirdparty-misc-0.2.0.jar:/home/user/.m2/repository/org/apache/ratis/ratis-proto/0.4.0-2337318-SNAPSHOT/ratis-proto-0.4.0-2337318-SNAPSHOT.jar:/home/user/.m2/repository/org/apache/ratis/ratis-common/0.4.0-2337318-SNAPSHOT/ratis-common-0.4.0-2337318-SNAPSHOT.jar:/home/user/.m2/repository/org/apache/ratis/ratis-client/0.4.0-2337318-SNAPSHOT/ratis-client-0.4.0-2337318-SNAPSHOT.jar:/home/user/.m2/repository/org/apache/ratis/ratis-metrics/0.4.0-2337318-SNAPSHOT/ratis-metrics-0.4.0-2337318-SNAPSHOT.jar:/home/user/.m2/repository/org/apache/ratis/ratis-netty/0.4.0-2337318-SNAPSHOT/ratis-netty-0.4.0-2337318-SNAPSHOT.jar:/home/user/.m2/repository/org/apache/ratis/ratis-grpc/0.4.0-2337318-SNAPSHOT/ratis-grpc-0.4.0-2337318-SNAPSHOT.jar:/home/user/.m2/repository/org/rocksdb/rocksdbjni/6.0.1/rocksdbjni-6.0.1.jar:/home/user/.m2/repository/org/apache/logging/log4j/log4j-api/2.11.0/log4j-api-2.11.0.jar:/home/user/.m2/repository/org/apache/logging/log4j/log4j-core/2.11.0/log4j-core-2.11.0.jar:/home/user/.m2/repository/com/lmax/disruptor/3.4.2/disruptor-3.4.2.jar:/home/user/.m2/repository/org/apache/commons/commons-pool2/2.6.0/commons-pool2-2.6.0.jar:/home/user/.m2/repository/org/bouncycastle/bcpkix-jdk15on/1.60/bcpkix-jdk15on-1.60.jar:/home/user/.m2/repository/commons-validator/commons-validator/1.6/commons-validator-1.6.jar:/home/user/.m2/repository/commons-digester/commons-digester/1.8.1/commons-digester-1.8.1.jar:/home/user/.m2/repository/io/jaegertracing/jaeger-client/0.33.1/jaeger-client-0.33.1.jar:/home/user/.m2/repository/io/jaegertracing/jaeger-thrift/0.33.1/jaeger-thrift-0.33.1.jar:/home/user/.m2/repository/org/apache/thrift/libthrift/0.11.0/libthrift-0.11.0.jar:/home/user/.m2/repository/com/squareup/okhttp3/okhttp/3.9.0/okhttp-3.9.0.jar:/home/user/.m2/repository/com/squareup/okio/okio/1.13.0/okio-1.13.0.jar:/home/user/.m2/repository/io/jaegertracing/jaeger-core/0.33.1/jaeger-core-0.33.1.jar:/home/user/.m2/repository/io/jaegertracing/jaeger-tracerresolver/0.33.1/jaeger-tracerresolver-0.33.1.jar:/home/user/.m2/repository/io/opentracing/contrib/opentracing-tracerresolver/0.1.5/opentracing-tracerresolver-0.1.5.jar:/home/user/.m2/repository/io/opentracing/opentracing-util/0.31.0/opentracing-util-0.31.0.jar:/home/user/.m2/repository/io/opentracing/opentracing-api/0.31.0/opentracing-api-0.31.0.jar:/home/user/.m2/repository/io/opentracing/opentracing-noop/0.31.0/opentracing-noop-0.31.0.jar:/home/user/.m2/repository/org/apache/hadoop/hadoop-hdds-server-framework/0.4.1-SNAPSHOT/hadoop-hdds-server-framework-0.4.1-SNAPSHOT.jar:/home/user/.m2/repository/org/apache/hadoop/hadoop-hdds-container-service/0.4.1-SNAPSHOT/hadoop-hdds-container-service-0.4.1-SNAPSHOT.jar:/home/user/.m2/repository/org/apache/hadoop/hadoop-hdds-client/0.4.1-SNAPSHOT/hadoop-hdds-client-0.4.1-SNAPSHOT.jar:/home/user/.m2/repository/org/apache/hadoop/hadoop-hdds-tools/0.4.1-SNAPSHOT/hadoop-hdds-tools-0.4.1-SNAPSHOT.jar:/home/user/.m2/repository/org/apache/hadoop/hadoop-hdds-server-scm/0.4.1-SNAPSHOT/hadoop-hdds-server-scm-0.4.1-SNAPSHOT.jar:/home/user/.m2/repository/org/apache/hadoop/hadoop-hdds-docs/0.4.1-SNAPSHOT/hadoop-hdds-docs-0.4.1-SNAPSHOT.jar:/home/user/.m2/repository/io/dropwizard/metrics/metrics-core/3.2.4/metrics-core-3.2.4.jar:/home/user/.m2/repository/org/hamcrest/hamcrest-all/1.3/hamcrest-all-1.3.jar:/home/user/.m2/repository/org/bouncycastle/bcprov-jdk15on/1.60/bcprov-jdk15on-1.60.jar:/home/user/.m2/repository/info/picocli/picocli/3.9.6/picocli-3.9.6.jar:/home/user/.m2/repository/com/google/protobuf/protobuf-java/2.5.0/protobuf-java-2.5.0.jar:/home/user/.m2/repository/com/google/guava/guava/11.0.2/guava-11.0.2.jar:/home/user/.m2/repository/org/apache/hadoop/hadoop-ozone-ozone-manager/0.4.1-SNAPSHOT/hadoop-ozone-ozone-manager-0.4.1-SNAPSHOT.jar:/home/user/.m2/repository/org/apache/hadoop/hadoop-minikdc/3.2.0/hadoop-minikdc-3.2.0.jar:/home/user/.m2/repository/commons-io/commons-io/2.5/commons-io-2.5.jar:/home/user/.m2/repository/org/apache/kerby/kerb-simplekdc/1.0.1/kerb-simplekdc-1.0.1.jar:/home/user/.m2/repository/org/apache/kerby/kerb-client/1.0.1/kerb-client-1.0.1.jar:/home/user/.m2/repository/org/apache/kerby/kerby-config/1.0.1/kerby-config-1.0.1.jar:/home/user/.m2/repository/org/apache/kerby/kerb-core/1.0.1/kerb-core-1.0.1.jar:/home/user/.m2/repository/org/apache/kerby/kerby-pkix/1.0.1/kerby-pkix-1.0.1.jar:/home/user/.m2/repository/org/apache/kerby/kerby-asn1/1.0.1/kerby-asn1-1.0.1.jar:/home/user/.m2/repository/org/apache/kerby/kerby-util/1.0.1/kerby-util-1.0.1.jar:/home/user/.m2/repository/org/apache/kerby/kerb-common/1.0.1/kerb-common-1.0.1.jar:/home/user/.m2/repository/org/apache/kerby/kerb-crypto/1.0.1/kerb-crypto-1.0.1.jar:/home/user/.m2/repository/org/apache/kerby/kerb-util/1.0.1/kerb-util-1.0.1.jar:/home/user/.m2/repository/org/apache/kerby/token-provider/1.0.1/token-provider-1.0.1.jar:/home/user/.m2/repository/org/apache/kerby/kerb-admin/1.0.1/kerb-admin-1.0.1.jar:/home/user/.m2/repository/org/apache/kerby/kerb-server/1.0.1/kerb-server-1.0.1.jar:/home/user/.m2/repository/org/apache/kerby/kerb-identity/1.0.1/kerb-identity-1.0.1.jar:/home/user/.m2/repository/org/apache/kerby/kerby-xdr/1.0.1/kerby-xdr-1.0.1.jar:/home/user/.m2/repository/org/slf4j/slf4j-log4j12/1.7.25/slf4j-log4j12-1.7.25.jar:/home/user/.m2/repository/org/apache/hadoop/hadoop-ozone-objectstore-service/0.4.1-SNAPSHOT/hadoop-ozone-objectstore-service-0.4.1-SNAPSHOT.jar:/home/user/.m2/repository/org/apache/hadoop/hadoop-ozone-s3gateway/0.4.1-SNAPSHOT/hadoop-ozone-s3gateway-0.4.1-SNAPSHOT.jar:/home/user/.m2/repository/org/jboss/weld/servlet/weld-servlet/2.4.7.Final/weld-servlet-2.4.7.Final.jar:/home/user/.m2/repository/org/glassfish/jersey/containers/jersey-container-servlet-core/2.27/jersey-container-servlet-core-2.27.jar:/home/user/.m2/repository/org/glassfish/hk2/external/javax.inject/2.5.0-b42/javax.inject-2.5.0-b42.jar:/home/user/.m2/repository/org/glassfish/jersey/core/jersey-common/2.27/jersey-common-2.27.jar:/home/user/.m2/repository/org/glassfish/hk2/osgi-resource-locator/1.0.1/osgi-resource-locator-1.0.1.jar:/home/user/.m2/repository/javax/ws/rs/javax.ws.rs-api/2.1/javax.ws.rs-api-2.1.jar:/home/user/.m2/repository/org/glassfish/jersey/ext/cdi/jersey-cdi1x/2.27/jersey-cdi1x-2.27.jar:/home/user/.m2/repository/org/glassfish/jersey/inject/jersey-hk2/2.27/jersey-hk2-2.27.jar:/home/user/.m2/repository/org/glassfish/hk2/hk2-locator/2.5.0-b42/hk2-locator-2.5.0-b42.jar:/home/user/.m2/repository/org/javassist/javassist/3.22.0-CR2/javassist-3.22.0-CR2.jar:/home/user/.m2/repository/org/glassfish/hk2/hk2-api/2.5.0/hk2-api-2.5.0.jar:/home/user/.m2/repository/org/glassfish/hk2/external/jakarta.inject/2.5.0/jakarta.inject-2.5.0.jar:/home/user/.m2/repository/org/glassfish/hk2/hk2-utils/2.5.0/hk2-utils-2.5.0.jar:/home/user/.m2/repository/jakarta/annotation/jakarta.annotation-api/1.3.4/jakarta.annotation-api-1.3.4.jar:/home/user/.m2/repository/org/glassfish/hk2/external/aopalliance-repackaged/2.5.0/aopalliance-repackaged-2.5.0.jar:/home/user/.m2/repository/com/fasterxml/jackson/dataformat/jackson-dataformat-xml/2.9.0/jackson-dataformat-xml-2.9.0.jar:/home/user/.m2/repository/com/fasterxml/jackson/core/jackson-core/2.9.5/jackson-core-2.9.5.jar:/home/user/.m2/repository/com/fasterxml/jackson/module/jackson-module-jaxb-annotations/2.9.5/jackson-module-jaxb-annotations-2.9.5.jar:/home/user/.m2/repository/javax/enterprise/cdi-api/1.2/cdi-api-1.2.jar:/home/user/.m2/repository/javax/el/javax.el-api/3.0.0/javax.el-api-3.0.0.jar:/home/user/.m2/repository/javax/interceptor/javax.interceptor-api/1.2/javax.interceptor-api-1.2.jar:/home/user/.m2/repository/javax/inject/javax.inject/1/javax.inject-1.jar:/home/user/.m2/repository/com/sun/xml/bind/jaxb-impl/2.3.0.1/jaxb-impl-2.3.0.1.jar:/home/user/.m2/repository/com/sun/xml/bind/jaxb-core/2.3.0.1/jaxb-core-2.3.0.1.jar:/home/user/.m2/repository/javax/xml/bind/jaxb-api/2.3.0/jaxb-api-2.3.0.jar:/home/user/.m2/repository/javax/activation/activation/1.1.1/activation-1.1.1.jar:/home/user/.m2/repository/org/apache/hadoop/hadoop-ozone-csi/0.4.1-SNAPSHOT/hadoop-ozone-csi-0.4.1-SNAPSHOT.jar:/home/user/.m2/repository/com/google/protobuf/protobuf-java-util/3.5.1/protobuf-java-util-3.5.1.jar:/home/user/.m2/repository/org/apache/hadoop/hadoop-hdds-config/0.4.1-SNAPSHOT/hadoop-hdds-config-0.4.1-SNAPSHOT.jar:/home/user/.m2/repository/io/grpc/grpc-netty/1.17.1/grpc-netty-1.17.1.jar:/home/user/.m2/repository/io/grpc/grpc-core/1.17.1/grpc-core-1.17.1.jar:/home/user/.m2/repository/io/grpc/grpc-context/1.17.1/grpc-context-1.17.1.jar:/home/user/.m2/repository/com/google/errorprone/error_prone_annotations/2.2.0/error_prone_annotations-2.2.0.jar:/home/user/.m2/repository/org/codehaus/mojo/animal-sniffer-annotations/1.17/animal-sniffer-annotations-1.17.jar:/home/user/.m2/repository/io/opencensus/opencensus-api/0.17.0/opencensus-api-0.17.0.jar:/home/user/.m2/repository/io/opencensus/opencensus-contrib-grpc-metrics/0.17.0/opencensus-contrib-grpc-metrics-0.17.0.jar:/home/user/.m2/repository/io/netty/netty-codec-http2/4.1.30.Final/netty-codec-http2-4.1.30.Final.jar:/home/user/.m2/repository/io/netty/netty-codec-http/4.1.30.Final/netty-codec-http-4.1.30.Final.jar:/home/user/.m2/repository/io/netty/netty-codec/4.1.30.Final/netty-codec-4.1.30.Final.jar:/home/user/.m2/repository/io/netty/netty-handler/4.1.30.Final/netty-handler-4.1.30.Final.jar:/home/user/.m2/repository/io/netty/netty-handler-proxy/4.1.30.Final/netty-handler-proxy-4.1.30.Final.jar:/home/user/.m2/repository/io/netty/netty-codec-socks/4.1.30.Final/netty-codec-socks-4.1.30.Final.jar:/home/user/.m2/repository/io/netty/netty-transport-native-epoll/4.1.30.Final/netty-transport-native-epoll-4.1.30.Final.jar:/home/user/.m2/repository/io/netty/netty-common/4.1.30.Final/netty-common-4.1.30.Final.jar:/home/user/.m2/repository/io/netty/netty-buffer/4.1.30.Final/netty-buffer-4.1.30.Final.jar:/home/user/.m2/repository/io/netty/netty-transport/4.1.30.Final/netty-transport-4.1.30.Final.jar:/home/user/.m2/repository/io/netty/netty-resolver/4.1.30.Final/netty-resolver-4.1.30.Final.jar:/home/user/.m2/repository/io/netty/netty-transport-native-unix-common/4.1.30.Final/netty-transport-native-unix-common-4.1.30.Final.jar:/home/user/.m2/repository/io/grpc/grpc-protobuf/1.17.1/grpc-protobuf-1.17.1.jar:/home/user/.m2/repository/com/google/api/grpc/proto-google-common-protos/1.0.0/proto-google-common-protos-1.0.0.jar:/home/user/.m2/repository/io/grpc/grpc-protobuf-lite/1.17.1/grpc-protobuf-lite-1.17.1.jar:/home/user/.m2/repository/io/grpc/grpc-stub/1.17.1/grpc-stub-1.17.1.jar:/home/user/.m2/repository/org/apache/hadoop/hadoop-ozone-recon/0.4.1-SNAPSHOT/hadoop-ozone-recon-0.4.1-SNAPSHOT.jar:/home/user/.m2/repository/org/apache/hadoop/hadoop-ozone-reconcodegen/0.4.1-SNAPSHOT/hadoop-ozone-reconcodegen-0.4.1-SNAPSHOT.jar:/home/user/.m2/repository/com/google/inject/extensions/guice-multibindings/4.0/guice-multibindings-4.0.jar:/home/user/.m2/repository/com/google/inject/guice/4.0/guice-4.0.jar:/home/user/.m2/repository/aopalliance/aopalliance/1.0/aopalliance-1.0.jar:/home/user/.m2/repository/com/google/inject/extensions/guice-servlet/4.0/guice-servlet-4.0.jar:/home/user/.m2/repository/org/glassfish/jersey/containers/jersey-container-servlet/2.27/jersey-container-servlet-2.27.jar:/home/user/.m2/repository/org/glassfish/hk2/guice-bridge/2.5.0/guice-bridge-2.5.0.jar:/home/user/.m2/repository/org/glassfish/jersey/core/jersey-server/2.27/jersey-server-2.27.jar:/home/user/.m2/repository/org/glassfish/jersey/core/jersey-client/2.27/jersey-client-2.27.jar:/home/user/.m2/repository/org/glassfish/jersey/media/jersey-media-jaxb/2.27/jersey-media-jaxb-2.27.jar:/home/user/.m2/repository/javax/validation/validation-api/1.1.0.Final/validation-api-1.1.0.Final.jar:/home/user/.m2/repository/org/glassfish/jersey/media/jersey-media-json-jackson/2.27/jersey-media-json-jackson-2.27.jar:/home/user/.m2/repository/org/glassfish/jersey/ext/jersey-entity-filtering/2.27/jersey-entity-filtering-2.27.jar:/home/user/.m2/repository/com/google/inject/extensions/guice-assistedinject/4.0/guice-assistedinject-4.0.jar:/home/user/.m2/repository/org/jooq/jooq/3.11.10/jooq-3.11.10.jar:/home/user/.m2/repository/org/jooq/jooq-meta/3.11.10/jooq-meta-3.11.10.jar:/home/user/.m2/repository/org/jooq/jooq-codegen/3.11.10/jooq-codegen-3.11.10.jar:/home/user/.m2/repository/com/jolbox/bonecp/0.8.0.RELEASE/bonecp-0.8.0.RELEASE.jar:/home/user/.m2/repository/org/xerial/sqlite-jdbc/3.25.2/sqlite-jdbc-3.25.2.jar:/home/user/.m2/repository/org/springframework/spring-jdbc/5.1.3.RELEASE/spring-jdbc-5.1.3.RELEASE.jar:/home/user/.m2/repository/org/springframework/spring-beans/5.1.3.RELEASE/spring-beans-5.1.3.RELEASE.jar:/home/user/.m2/repository/org/springframework/spring-core/5.1.3.RELEASE/spring-core-5.1.3.RELEASE.jar:/home/user/.m2/repository/org/springframework/spring-jcl/5.1.3.RELEASE/spring-jcl-5.1.3.RELEASE.jar:/home/user/.m2/repository/org/springframework/spring-tx/5.1.3.RELEASE/spring-tx-5.1.3.RELEASE.jar:/home/user/.m2/repository/org/apache/hadoop/hadoop-ozone-client/0.4.1-SNAPSHOT/hadoop-ozone-client-0.4.1-SNAPSHOT.jar:/home/user/.m2/repository/commons-lang/commons-lang/2.6/commons-lang-2.6.jar:/home/user/.m2/repository/org/apache/hadoop/hadoop-ozone-ozone-manager/0.4.1-SNAPSHOT/hadoop-ozone-ozone-manager-0.4.1-SNAPSHOT-tests.jar:/home/user/.m2/repository/junit/junit/4.11/junit-4.11.jar:/home/user/.m2/repository/org/hamcrest/hamcrest-core/1.3/hamcrest-core-1.3.jar:/home/user/.m2/repository/org/openjdk/jmh/jmh-core/1.19/jmh-core-1.19.jar:/home/user/.m2/repository/net/sf/jopt-simple/jopt-simple/4.6/jopt-simple-4.6.jar:/home/user/.m2/repository/org/apache/commons/commons-math3/3.1.1/commons-math3-3.1.1.jar:/home/user/.m2/repository/org/openjdk/jmh/jmh-generator-annprocess/1.19/jmh-generator-annprocess-1.19.jar:/home/user/.m2/repository/org/mockito/mockito-all/1.8.5/mockito-all-1.8.5.jar:/home/user/.m2/repository/org/apache/hadoop/hadoop-kms/3.2.0/hadoop-kms-3.2.0.jar:/home/user/.m2/repository/org/apache/hadoop/hadoop-auth/3.2.0/hadoop-auth-3.2.0.jar:/home/user/.m2/repository/com/nimbusds/nimbus-jose-jwt/4.41.1/nimbus-jose-jwt-4.41.1.jar:/home/user/.m2/repository/com/github/stephenc/jcip/jcip-annotations/1.0-1/jcip-annotations-1.0-1.jar:/home/user/.m2/repository/net/minidev/json-smart/2.3/json-smart-2.3.jar:/home/user/.m2/repository/net/minidev/accessors-smart/1.2/accessors-smart-1.2.jar:/home/user/.m2/repository/org/ow2/asm/asm/5.0.4/asm-5.0.4.jar:/home/user/.m2/repository/org/apache/curator/curator-framework/2.12.0/curator-framework-2.12.0.jar:/home/user/.m2/repository/com/sun/jersey/jersey-core/1.19/jersey-core-1.19.jar:/home/user/.m2/repository/javax/ws/rs/jsr311-api/1.1.1/jsr311-api-1.1.1.jar:/home/user/.m2/repository/com/sun/jersey/jersey-server/1.19/jersey-server-1.19.jar:/home/user/.m2/repository/javax/servlet/javax.servlet-api/3.1.0/javax.servlet-api-3.1.0.jar:/home/user/.m2/repository/org/eclipse/jetty/jetty-server/9.3.24.v20180605/jetty-server-9.3.24.v20180605.jar:/home/user/.m2/repository/org/eclipse/jetty/jetty-http/9.3.24.v20180605/jetty-http-9.3.24.v20180605.jar:/home/user/.m2/repository/org/eclipse/jetty/jetty-io/9.3.24.v20180605/jetty-io-9.3.24.v20180605.jar:/home/user/.m2/repository/org/eclipse/jetty/jetty-webapp/9.3.24.v20180605/jetty-webapp-9.3.24.v20180605.jar:/home/user/.m2/repository/org/eclipse/jetty/jetty-xml/9.3.24.v20180605/jetty-xml-9.3.24.v20180605.jar:/home/user/.m2/repository/log4j/log4j/1.2.17/log4j-1.2.17.jar:/home/user/.m2/repository/org/slf4j/slf4j-api/1.7.25/slf4j-api-1.7.25.jar:/home/user/.m2/repository/org/slf4j/jul-to-slf4j/1.7.25/jul-to-slf4j-1.7.25.jar:/home/user/.m2/repository/org/eclipse/jetty/jetty-util/9.3.24.v20180605/jetty-util-9.3.24.v20180605.jar:/home/user/.m2/repository/com/fasterxml/jackson/core/jackson-databind/2.9.5/jackson-databind-2.9.5.jar:/home/user/.m2/repository/org/apache/hadoop/hadoop-kms/3.2.0/hadoop-kms-3.2.0-tests.jar:/home/user/.m2/repository/org/apache/hadoop/hadoop-hdds-server-scm/0.4.1-SNAPSHOT/hadoop-hdds-server-scm-0.4.1-SNAPSHOT-tests.jar:/home/user/.m2/repository/org/apache/hadoop/hadoop-hdds-container-service/0.4.1-SNAPSHOT/hadoop-hdds-container-service-0.4.1-SNAPSHOT-tests.jar:/home/user/.m2/repository/org/yaml/snakeyaml/1.16/snakeyaml-1.16.jar:/home/user/.m2/repository/org/apache/hadoop/hadoop-common/3.2.0/hadoop-common-3.2.0-tests.jar:/home/user/.m2/repository/org/apache/hadoop/hadoop-annotations/3.2.0/hadoop-annotations-3.2.0.jar:/usr/lib/jvm/java-1.8-openjdk/jre/../lib/tools.jar:/home/user/.m2/repository/commons-cli/commons-cli/1.2/commons-cli-1.2.jar:/home/user/.m2/repository/org/apache/httpcomponents/httpclient/4.5.2/httpclient-4.5.2.jar:/home/user/.m2/repository/org/apache/httpcomponents/httpcore/4.4.4/httpcore-4.4.4.jar:/home/user/.m2/repository/commons-codec/commons-codec/1.11/commons-codec-1.11.jar:/home/user/.m2/repository/commons-net/commons-net/3.6/commons-net-3.6.jar:/home/user/.m2/repository/commons-collections/commons-collections/3.2.2/commons-collections-3.2.2.jar:/home/user/.m2/repository/org/eclipse/jetty/jetty-servlet/9.3.24.v20180605/jetty-servlet-9.3.24.v20180605.jar:/home/user/.m2/repository/org/eclipse/jetty/jetty-security/9.3.24.v20180605/jetty-security-9.3.24.v20180605.jar:/home/user/.m2/repository/javax/servlet/jsp/jsp-api/2.1/jsp-api-2.1.jar:/home/user/.m2/repository/com/sun/jersey/jersey-servlet/1.19/jersey-servlet-1.19.jar:/home/user/.m2/repository/com/sun/jersey/jersey-json/1.19/jersey-json-1.19.jar:/home/user/.m2/repository/org/codehaus/jettison/jettison/1.1/jettison-1.1.jar:/home/user/.m2/repository/org/codehaus/jackson/jackson-core-asl/1.9.13/jackson-core-asl-1.9.13.jar:/home/user/.m2/repository/org/codehaus/jackson/jackson-mapper-asl/1.9.13/jackson-mapper-asl-1.9.13.jar:/home/user/.m2/repository/org/codehaus/jackson/jackson-jaxrs/1.9.13/jackson-jaxrs-1.9.13.jar:/home/user/.m2/repository/org/codehaus/jackson/jackson-xc/1.9.13/jackson-xc-1.9.13.jar:/home/user/.m2/repository/commons-logging/commons-logging/1.1.3/commons-logging-1.1.3.jar:/home/user/.m2/repository/commons-beanutils/commons-beanutils/1.9.3/commons-beanutils-1.9.3.jar:/home/user/.m2/repository/org/apache/commons/commons-configuration2/2.1.1/commons-configuration2-2.1.1.jar:/home/user/.m2/repository/org/apache/commons/commons-lang3/3.7/commons-lang3-3.7.jar:/home/user/.m2/repository/org/apache/commons/commons-text/1.4/commons-text-1.4.jar:/home/user/.m2/repository/org/apache/avro/avro/1.7.7/avro-1.7.7.jar:/home/user/.m2/repository/com/thoughtworks/paranamer/paranamer/2.3/paranamer-2.3.jar:/home/user/.m2/repository/org/xerial/snappy/snappy-java/1.0.5/snappy-java-1.0.5.jar:/home/user/.m2/repository/com/google/re2j/re2j/1.1/re2j-1.1.jar:/home/user/.m2/repository/com/google/code/gson/gson/2.2.4/gson-2.2.4.jar:/home/user/.m2/repository/com/jcraft/jsch/0.1.54/jsch-0.1.54.jar:/home/user/.m2/repository/org/apache/curator/curator-client/2.12.0/curator-client-2.12.0.jar:/home/user/.m2/repository/org/apache/curator/curator-recipes/2.12.0/curator-recipes-2.12.0.jar:/home/user/.m2/repository/com/google/code/findbugs/jsr305/3.0.0/jsr305-3.0.0.jar:/home/user/.m2/repository/org/apache/htrace/htrace-core4/4.1.0-incubating/htrace-core4-4.1.0-incubating.jar:/home/user/.m2/repository/org/apache/zookeeper/zookeeper/3.4.13/zookeeper-3.4.13.jar:/home/user/.m2/repository/org/apache/yetus/audience-annotations/0.5.0/audience-annotations-0.5.0.jar:/home/user/.m2/repository/org/codehaus/woodstox/stax2-api/3.1.4/stax2-api-3.1.4.jar:/home/user/.m2/repository/com/fasterxml/woodstox/woodstox-core/5.0.3/woodstox-core-5.0.3.jar:/home/user/.m2/repository/dnsjava/dnsjava/2.1.7/dnsjava-2.1.7.jar:/home/user/.m2/repository/org/apache/hadoop/hadoop-hdfs/3.2.0/hadoop-hdfs-3.2.0-tests.jar:/home/user/.m2/repository/org/eclipse/jetty/jetty-util-ajax/9.3.24.v20180605/jetty-util-ajax-9.3.24.v20180605.jar:/home/user/.m2/repository/commons-daemon/commons-daemon/1.0.13/commons-daemon-1.0.13.jar:/home/user/.m2/repository/io/netty/netty/3.10.5.Final/netty-3.10.5.Final.jar:/home/user/.m2/repository/io/netty/netty-all/4.0.52.Final/netty-all-4.0.52.Final.jar:/home/user/.m2/repository/org/fusesource/leveldbjni/leveldbjni-all/1.8/leveldbjni-all-1.8.jar:"/>
    <property name="java.vm.vendor" value="IcedTea"/>
    <property name="sun.arch.data.model" value="64"/>
    <property name="test.build.dir" value="/workdir/hadoop-ozone/integration-test/target/test-dir"/>
    <property name="test.cache.data" value=""/>
    <property name="java.vendor.url" value="https://icedtea.classpath.org"/>
    <property name="user.timezone" value=""/>
    <property name="java.vm.specification.version" value="1.8"/>
    <property name="os.name" value="Linux"/>
    <property name="test.build.data" value="/workdir/hadoop-ozone/integration-test/target/test-dir"/>
    <property name="user.country" value="US"/>
    <property name="sun.java.launcher" value="SUN_STANDARD"/>
    <property name="sun.boot.library.path" value="/usr/lib/jvm/java-1.8-openjdk/jre/lib/amd64"/>
    <property name="sun.java.command" value="/workdir/hadoop-ozone/integration-test/target/surefire/surefirebooter6033662142596246549.jar /workdir/hadoop-ozone/integration-test/target/surefire 2019-07-30T19-42-33_317-jvmRun1 surefire7091213965080820500tmp surefire_718961911100048802918tmp"/>
    <property name="surefire.test.class.path" value="/workdir/hadoop-ozone/integration-test/target/test-classes:/workdir/hadoop-ozone/integration-test/target/classes:/home/user/.m2/repository/org/apache/hadoop/hadoop-ozone-common/0.4.1-SNAPSHOT/hadoop-ozone-common-0.4.1-SNAPSHOT.jar:/home/user/.m2/repository/org/apache/commons/commons-compress/1.4.1/commons-compress-1.4.1.jar:/home/user/.m2/repository/org/tukaani/xz/1.0/xz-1.0.jar:/home/user/.m2/repository/org/apache/hadoop/hadoop-common/3.2.0/hadoop-common-3.2.0.jar:/home/user/.m2/repository/org/apache/hadoop/hadoop-hdfs/3.2.0/hadoop-hdfs-3.2.0.jar:/home/user/.m2/repository/org/apache/hadoop/hadoop-hdfs-client/3.2.0/hadoop-hdfs-client-3.2.0.jar:/home/user/.m2/repository/com/fasterxml/jackson/core/jackson-annotations/2.9.5/jackson-annotations-2.9.5.jar:/home/user/.m2/repository/org/apache/hadoop/hadoop-hdds-common/0.4.1-SNAPSHOT/hadoop-hdds-common-0.4.1-SNAPSHOT.jar:/home/user/.m2/repository/javax/annotation/javax.annotation-api/1.2/javax.annotation-api-1.2.jar:/home/user/.m2/repository/org/apache/ratis/ratis-server/0.4.0-2337318-SNAPSHOT/ratis-server-0.4.0-2337318-SNAPSHOT.jar:/home/user/.m2/repository/org/apache/ratis/ratis-thirdparty-misc/0.2.0/ratis-thirdparty-misc-0.2.0.jar:/home/user/.m2/repository/org/apache/ratis/ratis-proto/0.4.0-2337318-SNAPSHOT/ratis-proto-0.4.0-2337318-SNAPSHOT.jar:/home/user/.m2/repository/org/apache/ratis/ratis-common/0.4.0-2337318-SNAPSHOT/ratis-common-0.4.0-2337318-SNAPSHOT.jar:/home/user/.m2/repository/org/apache/ratis/ratis-client/0.4.0-2337318-SNAPSHOT/ratis-client-0.4.0-2337318-SNAPSHOT.jar:/home/user/.m2/repository/org/apache/ratis/ratis-metrics/0.4.0-2337318-SNAPSHOT/ratis-metrics-0.4.0-2337318-SNAPSHOT.jar:/home/user/.m2/repository/org/apache/ratis/ratis-netty/0.4.0-2337318-SNAPSHOT/ratis-netty-0.4.0-2337318-SNAPSHOT.jar:/home/user/.m2/repository/org/apache/ratis/ratis-grpc/0.4.0-2337318-SNAPSHOT/ratis-grpc-0.4.0-2337318-SNAPSHOT.jar:/home/user/.m2/repository/org/rocksdb/rocksdbjni/6.0.1/rocksdbjni-6.0.1.jar:/home/user/.m2/repository/org/apache/logging/log4j/log4j-api/2.11.0/log4j-api-2.11.0.jar:/home/user/.m2/repository/org/apache/logging/log4j/log4j-core/2.11.0/log4j-core-2.11.0.jar:/home/user/.m2/repository/com/lmax/disruptor/3.4.2/disruptor-3.4.2.jar:/home/user/.m2/repository/org/apache/commons/commons-pool2/2.6.0/commons-pool2-2.6.0.jar:/home/user/.m2/repository/org/bouncycastle/bcpkix-jdk15on/1.60/bcpkix-jdk15on-1.60.jar:/home/user/.m2/repository/commons-validator/commons-validator/1.6/commons-validator-1.6.jar:/home/user/.m2/repository/commons-digester/commons-digester/1.8.1/commons-digester-1.8.1.jar:/home/user/.m2/repository/io/jaegertracing/jaeger-client/0.33.1/jaeger-client-0.33.1.jar:/home/user/.m2/repository/io/jaegertracing/jaeger-thrift/0.33.1/jaeger-thrift-0.33.1.jar:/home/user/.m2/repository/org/apache/thrift/libthrift/0.11.0/libthrift-0.11.0.jar:/home/user/.m2/repository/com/squareup/okhttp3/okhttp/3.9.0/okhttp-3.9.0.jar:/home/user/.m2/repository/com/squareup/okio/okio/1.13.0/okio-1.13.0.jar:/home/user/.m2/repository/io/jaegertracing/jaeger-core/0.33.1/jaeger-core-0.33.1.jar:/home/user/.m2/repository/io/jaegertracing/jaeger-tracerresolver/0.33.1/jaeger-tracerresolver-0.33.1.jar:/home/user/.m2/repository/io/opentracing/contrib/opentracing-tracerresolver/0.1.5/opentracing-tracerresolver-0.1.5.jar:/home/user/.m2/repository/io/opentracing/opentracing-util/0.31.0/opentracing-util-0.31.0.jar:/home/user/.m2/repository/io/opentracing/opentracing-api/0.31.0/opentracing-api-0.31.0.jar:/home/user/.m2/repository/io/opentracing/opentracing-noop/0.31.0/opentracing-noop-0.31.0.jar:/home/user/.m2/repository/org/apache/hadoop/hadoop-hdds-server-framework/0.4.1-SNAPSHOT/hadoop-hdds-server-framework-0.4.1-SNAPSHOT.jar:/home/user/.m2/repository/org/apache/hadoop/hadoop-hdds-container-service/0.4.1-SNAPSHOT/hadoop-hdds-container-service-0.4.1-SNAPSHOT.jar:/home/user/.m2/repository/org/apache/hadoop/hadoop-hdds-client/0.4.1-SNAPSHOT/hadoop-hdds-client-0.4.1-SNAPSHOT.jar:/home/user/.m2/repository/org/apache/hadoop/hadoop-hdds-tools/0.4.1-SNAPSHOT/hadoop-hdds-tools-0.4.1-SNAPSHOT.jar:/home/user/.m2/repository/org/apache/hadoop/hadoop-hdds-server-scm/0.4.1-SNAPSHOT/hadoop-hdds-server-scm-0.4.1-SNAPSHOT.jar:/home/user/.m2/repository/org/apache/hadoop/hadoop-hdds-docs/0.4.1-SNAPSHOT/hadoop-hdds-docs-0.4.1-SNAPSHOT.jar:/home/user/.m2/repository/io/dropwizard/metrics/metrics-core/3.2.4/metrics-core-3.2.4.jar:/home/user/.m2/repository/org/hamcrest/hamcrest-all/1.3/hamcrest-all-1.3.jar:/home/user/.m2/repository/org/bouncycastle/bcprov-jdk15on/1.60/bcprov-jdk15on-1.60.jar:/home/user/.m2/repository/info/picocli/picocli/3.9.6/picocli-3.9.6.jar:/home/user/.m2/repository/com/google/protobuf/protobuf-java/2.5.0/protobuf-java-2.5.0.jar:/home/user/.m2/repository/com/google/guava/guava/11.0.2/guava-11.0.2.jar:/home/user/.m2/repository/org/apache/hadoop/hadoop-ozone-ozone-manager/0.4.1-SNAPSHOT/hadoop-ozone-ozone-manager-0.4.1-SNAPSHOT.jar:/home/user/.m2/repository/org/apache/hadoop/hadoop-minikdc/3.2.0/hadoop-minikdc-3.2.0.jar:/home/user/.m2/repository/commons-io/commons-io/2.5/commons-io-2.5.jar:/home/user/.m2/repository/org/apache/kerby/kerb-simplekdc/1.0.1/kerb-simplekdc-1.0.1.jar:/home/user/.m2/repository/org/apache/kerby/kerb-client/1.0.1/kerb-client-1.0.1.jar:/home/user/.m2/repository/org/apache/kerby/kerby-config/1.0.1/kerby-config-1.0.1.jar:/home/user/.m2/repository/org/apache/kerby/kerb-core/1.0.1/kerb-core-1.0.1.jar:/home/user/.m2/repository/org/apache/kerby/kerby-pkix/1.0.1/kerby-pkix-1.0.1.jar:/home/user/.m2/repository/org/apache/kerby/kerby-asn1/1.0.1/kerby-asn1-1.0.1.jar:/home/user/.m2/repository/org/apache/kerby/kerby-util/1.0.1/kerby-util-1.0.1.jar:/home/user/.m2/repository/org/apache/kerby/kerb-common/1.0.1/kerb-common-1.0.1.jar:/home/user/.m2/repository/org/apache/kerby/kerb-crypto/1.0.1/kerb-crypto-1.0.1.jar:/home/user/.m2/repository/org/apache/kerby/kerb-util/1.0.1/kerb-util-1.0.1.jar:/home/user/.m2/repository/org/apache/kerby/token-provider/1.0.1/token-provider-1.0.1.jar:/home/user/.m2/repository/org/apache/kerby/kerb-admin/1.0.1/kerb-admin-1.0.1.jar:/home/user/.m2/repository/org/apache/kerby/kerb-server/1.0.1/kerb-server-1.0.1.jar:/home/user/.m2/repository/org/apache/kerby/kerb-identity/1.0.1/kerb-identity-1.0.1.jar:/home/user/.m2/repository/org/apache/kerby/kerby-xdr/1.0.1/kerby-xdr-1.0.1.jar:/home/user/.m2/repository/org/slf4j/slf4j-log4j12/1.7.25/slf4j-log4j12-1.7.25.jar:/home/user/.m2/repository/org/apache/hadoop/hadoop-ozone-objectstore-service/0.4.1-SNAPSHOT/hadoop-ozone-objectstore-service-0.4.1-SNAPSHOT.jar:/home/user/.m2/repository/org/apache/hadoop/hadoop-ozone-s3gateway/0.4.1-SNAPSHOT/hadoop-ozone-s3gateway-0.4.1-SNAPSHOT.jar:/home/user/.m2/repository/org/jboss/weld/servlet/weld-servlet/2.4.7.Final/weld-servlet-2.4.7.Final.jar:/home/user/.m2/repository/org/glassfish/jersey/containers/jersey-container-servlet-core/2.27/jersey-container-servlet-core-2.27.jar:/home/user/.m2/repository/org/glassfish/hk2/external/javax.inject/2.5.0-b42/javax.inject-2.5.0-b42.jar:/home/user/.m2/repository/org/glassfish/jersey/core/jersey-common/2.27/jersey-common-2.27.jar:/home/user/.m2/repository/org/glassfish/hk2/osgi-resource-locator/1.0.1/osgi-resource-locator-1.0.1.jar:/home/user/.m2/repository/javax/ws/rs/javax.ws.rs-api/2.1/javax.ws.rs-api-2.1.jar:/home/user/.m2/repository/org/glassfish/jersey/ext/cdi/jersey-cdi1x/2.27/jersey-cdi1x-2.27.jar:/home/user/.m2/repository/org/glassfish/jersey/inject/jersey-hk2/2.27/jersey-hk2-2.27.jar:/home/user/.m2/repository/org/glassfish/hk2/hk2-locator/2.5.0-b42/hk2-locator-2.5.0-b42.jar:/home/user/.m2/repository/org/javassist/javassist/3.22.0-CR2/javassist-3.22.0-CR2.jar:/home/user/.m2/repository/org/glassfish/hk2/hk2-api/2.5.0/hk2-api-2.5.0.jar:/home/user/.m2/repository/org/glassfish/hk2/external/jakarta.inject/2.5.0/jakarta.inject-2.5.0.jar:/home/user/.m2/repository/org/glassfish/hk2/hk2-utils/2.5.0/hk2-utils-2.5.0.jar:/home/user/.m2/repository/jakarta/annotation/jakarta.annotation-api/1.3.4/jakarta.annotation-api-1.3.4.jar:/home/user/.m2/repository/org/glassfish/hk2/external/aopalliance-repackaged/2.5.0/aopalliance-repackaged-2.5.0.jar:/home/user/.m2/repository/com/fasterxml/jackson/dataformat/jackson-dataformat-xml/2.9.0/jackson-dataformat-xml-2.9.0.jar:/home/user/.m2/repository/com/fasterxml/jackson/core/jackson-core/2.9.5/jackson-core-2.9.5.jar:/home/user/.m2/repository/com/fasterxml/jackson/module/jackson-module-jaxb-annotations/2.9.5/jackson-module-jaxb-annotations-2.9.5.jar:/home/user/.m2/repository/javax/enterprise/cdi-api/1.2/cdi-api-1.2.jar:/home/user/.m2/repository/javax/el/javax.el-api/3.0.0/javax.el-api-3.0.0.jar:/home/user/.m2/repository/javax/interceptor/javax.interceptor-api/1.2/javax.interceptor-api-1.2.jar:/home/user/.m2/repository/javax/inject/javax.inject/1/javax.inject-1.jar:/home/user/.m2/repository/com/sun/xml/bind/jaxb-impl/2.3.0.1/jaxb-impl-2.3.0.1.jar:/home/user/.m2/repository/com/sun/xml/bind/jaxb-core/2.3.0.1/jaxb-core-2.3.0.1.jar:/home/user/.m2/repository/javax/xml/bind/jaxb-api/2.3.0/jaxb-api-2.3.0.jar:/home/user/.m2/repository/javax/activation/activation/1.1.1/activation-1.1.1.jar:/home/user/.m2/repository/org/apache/hadoop/hadoop-ozone-csi/0.4.1-SNAPSHOT/hadoop-ozone-csi-0.4.1-SNAPSHOT.jar:/home/user/.m2/repository/com/google/protobuf/protobuf-java-util/3.5.1/protobuf-java-util-3.5.1.jar:/home/user/.m2/repository/org/apache/hadoop/hadoop-hdds-config/0.4.1-SNAPSHOT/hadoop-hdds-config-0.4.1-SNAPSHOT.jar:/home/user/.m2/repository/io/grpc/grpc-netty/1.17.1/grpc-netty-1.17.1.jar:/home/user/.m2/repository/io/grpc/grpc-core/1.17.1/grpc-core-1.17.1.jar:/home/user/.m2/repository/io/grpc/grpc-context/1.17.1/grpc-context-1.17.1.jar:/home/user/.m2/repository/com/google/errorprone/error_prone_annotations/2.2.0/error_prone_annotations-2.2.0.jar:/home/user/.m2/repository/org/codehaus/mojo/animal-sniffer-annotations/1.17/animal-sniffer-annotations-1.17.jar:/home/user/.m2/repository/io/opencensus/opencensus-api/0.17.0/opencensus-api-0.17.0.jar:/home/user/.m2/repository/io/opencensus/opencensus-contrib-grpc-metrics/0.17.0/opencensus-contrib-grpc-metrics-0.17.0.jar:/home/user/.m2/repository/io/netty/netty-codec-http2/4.1.30.Final/netty-codec-http2-4.1.30.Final.jar:/home/user/.m2/repository/io/netty/netty-codec-http/4.1.30.Final/netty-codec-http-4.1.30.Final.jar:/home/user/.m2/repository/io/netty/netty-codec/4.1.30.Final/netty-codec-4.1.30.Final.jar:/home/user/.m2/repository/io/netty/netty-handler/4.1.30.Final/netty-handler-4.1.30.Final.jar:/home/user/.m2/repository/io/netty/netty-handler-proxy/4.1.30.Final/netty-handler-proxy-4.1.30.Final.jar:/home/user/.m2/repository/io/netty/netty-codec-socks/4.1.30.Final/netty-codec-socks-4.1.30.Final.jar:/home/user/.m2/repository/io/netty/netty-transport-native-epoll/4.1.30.Final/netty-transport-native-epoll-4.1.30.Final.jar:/home/user/.m2/repository/io/netty/netty-common/4.1.30.Final/netty-common-4.1.30.Final.jar:/home/user/.m2/repository/io/netty/netty-buffer/4.1.30.Final/netty-buffer-4.1.30.Final.jar:/home/user/.m2/repository/io/netty/netty-transport/4.1.30.Final/netty-transport-4.1.30.Final.jar:/home/user/.m2/repository/io/netty/netty-resolver/4.1.30.Final/netty-resolver-4.1.30.Final.jar:/home/user/.m2/repository/io/netty/netty-transport-native-unix-common/4.1.30.Final/netty-transport-native-unix-common-4.1.30.Final.jar:/home/user/.m2/repository/io/grpc/grpc-protobuf/1.17.1/grpc-protobuf-1.17.1.jar:/home/user/.m2/repository/com/google/api/grpc/proto-google-common-protos/1.0.0/proto-google-common-protos-1.0.0.jar:/home/user/.m2/repository/io/grpc/grpc-protobuf-lite/1.17.1/grpc-protobuf-lite-1.17.1.jar:/home/user/.m2/repository/io/grpc/grpc-stub/1.17.1/grpc-stub-1.17.1.jar:/home/user/.m2/repository/org/apache/hadoop/hadoop-ozone-recon/0.4.1-SNAPSHOT/hadoop-ozone-recon-0.4.1-SNAPSHOT.jar:/home/user/.m2/repository/org/apache/hadoop/hadoop-ozone-reconcodegen/0.4.1-SNAPSHOT/hadoop-ozone-reconcodegen-0.4.1-SNAPSHOT.jar:/home/user/.m2/repository/com/google/inject/extensions/guice-multibindings/4.0/guice-multibindings-4.0.jar:/home/user/.m2/repository/com/google/inject/guice/4.0/guice-4.0.jar:/home/user/.m2/repository/aopalliance/aopalliance/1.0/aopalliance-1.0.jar:/home/user/.m2/repository/com/google/inject/extensions/guice-servlet/4.0/guice-servlet-4.0.jar:/home/user/.m2/repository/org/glassfish/jersey/containers/jersey-container-servlet/2.27/jersey-container-servlet-2.27.jar:/home/user/.m2/repository/org/glassfish/hk2/guice-bridge/2.5.0/guice-bridge-2.5.0.jar:/home/user/.m2/repository/org/glassfish/jersey/core/jersey-server/2.27/jersey-server-2.27.jar:/home/user/.m2/repository/org/glassfish/jersey/core/jersey-client/2.27/jersey-client-2.27.jar:/home/user/.m2/repository/org/glassfish/jersey/media/jersey-media-jaxb/2.27/jersey-media-jaxb-2.27.jar:/home/user/.m2/repository/javax/validation/validation-api/1.1.0.Final/validation-api-1.1.0.Final.jar:/home/user/.m2/repository/org/glassfish/jersey/media/jersey-media-json-jackson/2.27/jersey-media-json-jackson-2.27.jar:/home/user/.m2/repository/org/glassfish/jersey/ext/jersey-entity-filtering/2.27/jersey-entity-filtering-2.27.jar:/home/user/.m2/repository/com/google/inject/extensions/guice-assistedinject/4.0/guice-assistedinject-4.0.jar:/home/user/.m2/repository/org/jooq/jooq/3.11.10/jooq-3.11.10.jar:/home/user/.m2/repository/org/jooq/jooq-meta/3.11.10/jooq-meta-3.11.10.jar:/home/user/.m2/repository/org/jooq/jooq-codegen/3.11.10/jooq-codegen-3.11.10.jar:/home/user/.m2/repository/com/jolbox/bonecp/0.8.0.RELEASE/bonecp-0.8.0.RELEASE.jar:/home/user/.m2/repository/org/xerial/sqlite-jdbc/3.25.2/sqlite-jdbc-3.25.2.jar:/home/user/.m2/repository/org/springframework/spring-jdbc/5.1.3.RELEASE/spring-jdbc-5.1.3.RELEASE.jar:/home/user/.m2/repository/org/springframework/spring-beans/5.1.3.RELEASE/spring-beans-5.1.3.RELEASE.jar:/home/user/.m2/repository/org/springframework/spring-core/5.1.3.RELEASE/spring-core-5.1.3.RELEASE.jar:/home/user/.m2/repository/org/springframework/spring-jcl/5.1.3.RELEASE/spring-jcl-5.1.3.RELEASE.jar:/home/user/.m2/repository/org/springframework/spring-tx/5.1.3.RELEASE/spring-tx-5.1.3.RELEASE.jar:/home/user/.m2/repository/org/apache/hadoop/hadoop-ozone-client/0.4.1-SNAPSHOT/hadoop-ozone-client-0.4.1-SNAPSHOT.jar:/home/user/.m2/repository/commons-lang/commons-lang/2.6/commons-lang-2.6.jar:/home/user/.m2/repository/org/apache/hadoop/hadoop-ozone-ozone-manager/0.4.1-SNAPSHOT/hadoop-ozone-ozone-manager-0.4.1-SNAPSHOT-tests.jar:/home/user/.m2/repository/junit/junit/4.11/junit-4.11.jar:/home/user/.m2/repository/org/hamcrest/hamcrest-core/1.3/hamcrest-core-1.3.jar:/home/user/.m2/repository/org/openjdk/jmh/jmh-core/1.19/jmh-core-1.19.jar:/home/user/.m2/repository/net/sf/jopt-simple/jopt-simple/4.6/jopt-simple-4.6.jar:/home/user/.m2/repository/org/apache/commons/commons-math3/3.1.1/commons-math3-3.1.1.jar:/home/user/.m2/repository/org/openjdk/jmh/jmh-generator-annprocess/1.19/jmh-generator-annprocess-1.19.jar:/home/user/.m2/repository/org/mockito/mockito-all/1.8.5/mockito-all-1.8.5.jar:/home/user/.m2/repository/org/apache/hadoop/hadoop-kms/3.2.0/hadoop-kms-3.2.0.jar:/home/user/.m2/repository/org/apache/hadoop/hadoop-auth/3.2.0/hadoop-auth-3.2.0.jar:/home/user/.m2/repository/com/nimbusds/nimbus-jose-jwt/4.41.1/nimbus-jose-jwt-4.41.1.jar:/home/user/.m2/repository/com/github/stephenc/jcip/jcip-annotations/1.0-1/jcip-annotations-1.0-1.jar:/home/user/.m2/repository/net/minidev/json-smart/2.3/json-smart-2.3.jar:/home/user/.m2/repository/net/minidev/accessors-smart/1.2/accessors-smart-1.2.jar:/home/user/.m2/repository/org/ow2/asm/asm/5.0.4/asm-5.0.4.jar:/home/user/.m2/repository/org/apache/curator/curator-framework/2.12.0/curator-framework-2.12.0.jar:/home/user/.m2/repository/com/sun/jersey/jersey-core/1.19/jersey-core-1.19.jar:/home/user/.m2/repository/javax/ws/rs/jsr311-api/1.1.1/jsr311-api-1.1.1.jar:/home/user/.m2/repository/com/sun/jersey/jersey-server/1.19/jersey-server-1.19.jar:/home/user/.m2/repository/javax/servlet/javax.servlet-api/3.1.0/javax.servlet-api-3.1.0.jar:/home/user/.m2/repository/org/eclipse/jetty/jetty-server/9.3.24.v20180605/jetty-server-9.3.24.v20180605.jar:/home/user/.m2/repository/org/eclipse/jetty/jetty-http/9.3.24.v20180605/jetty-http-9.3.24.v20180605.jar:/home/user/.m2/repository/org/eclipse/jetty/jetty-io/9.3.24.v20180605/jetty-io-9.3.24.v20180605.jar:/home/user/.m2/repository/org/eclipse/jetty/jetty-webapp/9.3.24.v20180605/jetty-webapp-9.3.24.v20180605.jar:/home/user/.m2/repository/org/eclipse/jetty/jetty-xml/9.3.24.v20180605/jetty-xml-9.3.24.v20180605.jar:/home/user/.m2/repository/log4j/log4j/1.2.17/log4j-1.2.17.jar:/home/user/.m2/repository/org/slf4j/slf4j-api/1.7.25/slf4j-api-1.7.25.jar:/home/user/.m2/repository/org/slf4j/jul-to-slf4j/1.7.25/jul-to-slf4j-1.7.25.jar:/home/user/.m2/repository/org/eclipse/jetty/jetty-util/9.3.24.v20180605/jetty-util-9.3.24.v20180605.jar:/home/user/.m2/repository/com/fasterxml/jackson/core/jackson-databind/2.9.5/jackson-databind-2.9.5.jar:/home/user/.m2/repository/org/apache/hadoop/hadoop-kms/3.2.0/hadoop-kms-3.2.0-tests.jar:/home/user/.m2/repository/org/apache/hadoop/hadoop-hdds-server-scm/0.4.1-SNAPSHOT/hadoop-hdds-server-scm-0.4.1-SNAPSHOT-tests.jar:/home/user/.m2/repository/org/apache/hadoop/hadoop-hdds-container-service/0.4.1-SNAPSHOT/hadoop-hdds-container-service-0.4.1-SNAPSHOT-tests.jar:/home/user/.m2/repository/org/yaml/snakeyaml/1.16/snakeyaml-1.16.jar:/home/user/.m2/repository/org/apache/hadoop/hadoop-common/3.2.0/hadoop-common-3.2.0-tests.jar:/home/user/.m2/repository/org/apache/hadoop/hadoop-annotations/3.2.0/hadoop-annotations-3.2.0.jar:/usr/lib/jvm/java-1.8-openjdk/jre/../lib/tools.jar:/home/user/.m2/repository/commons-cli/commons-cli/1.2/commons-cli-1.2.jar:/home/user/.m2/repository/org/apache/httpcomponents/httpclient/4.5.2/httpclient-4.5.2.jar:/home/user/.m2/repository/org/apache/httpcomponents/httpcore/4.4.4/httpcore-4.4.4.jar:/home/user/.m2/repository/commons-codec/commons-codec/1.11/commons-codec-1.11.jar:/home/user/.m2/repository/commons-net/commons-net/3.6/commons-net-3.6.jar:/home/user/.m2/repository/commons-collections/commons-collections/3.2.2/commons-collections-3.2.2.jar:/home/user/.m2/repository/org/eclipse/jetty/jetty-servlet/9.3.24.v20180605/jetty-servlet-9.3.24.v20180605.jar:/home/user/.m2/repository/org/eclipse/jetty/jetty-security/9.3.24.v20180605/jetty-security-9.3.24.v20180605.jar:/home/user/.m2/repository/javax/servlet/jsp/jsp-api/2.1/jsp-api-2.1.jar:/home/user/.m2/repository/com/sun/jersey/jersey-servlet/1.19/jersey-servlet-1.19.jar:/home/user/.m2/repository/com/sun/jersey/jersey-json/1.19/jersey-json-1.19.jar:/home/user/.m2/repository/org/codehaus/jettison/jettison/1.1/jettison-1.1.jar:/home/user/.m2/repository/org/codehaus/jackson/jackson-core-asl/1.9.13/jackson-core-asl-1.9.13.jar:/home/user/.m2/repository/org/codehaus/jackson/jackson-mapper-asl/1.9.13/jackson-mapper-asl-1.9.13.jar:/home/user/.m2/repository/org/codehaus/jackson/jackson-jaxrs/1.9.13/jackson-jaxrs-1.9.13.jar:/home/user/.m2/repository/org/codehaus/jackson/jackson-xc/1.9.13/jackson-xc-1.9.13.jar:/home/user/.m2/repository/commons-logging/commons-logging/1.1.3/commons-logging-1.1.3.jar:/home/user/.m2/repository/commons-beanutils/commons-beanutils/1.9.3/commons-beanutils-1.9.3.jar:/home/user/.m2/repository/org/apache/commons/commons-configuration2/2.1.1/commons-configuration2-2.1.1.jar:/home/user/.m2/repository/org/apache/commons/commons-lang3/3.7/commons-lang3-3.7.jar:/home/user/.m2/repository/org/apache/commons/commons-text/1.4/commons-text-1.4.jar:/home/user/.m2/repository/org/apache/avro/avro/1.7.7/avro-1.7.7.jar:/home/user/.m2/repository/com/thoughtworks/paranamer/paranamer/2.3/paranamer-2.3.jar:/home/user/.m2/repository/org/xerial/snappy/snappy-java/1.0.5/snappy-java-1.0.5.jar:/home/user/.m2/repository/com/google/re2j/re2j/1.1/re2j-1.1.jar:/home/user/.m2/repository/com/google/code/gson/gson/2.2.4/gson-2.2.4.jar:/home/user/.m2/repository/com/jcraft/jsch/0.1.54/jsch-0.1.54.jar:/home/user/.m2/repository/org/apache/curator/curator-client/2.12.0/curator-client-2.12.0.jar:/home/user/.m2/repository/org/apache/curator/curator-recipes/2.12.0/curator-recipes-2.12.0.jar:/home/user/.m2/repository/com/google/code/findbugs/jsr305/3.0.0/jsr305-3.0.0.jar:/home/user/.m2/repository/org/apache/htrace/htrace-core4/4.1.0-incubating/htrace-core4-4.1.0-incubating.jar:/home/user/.m2/repository/org/apache/zookeeper/zookeeper/3.4.13/zookeeper-3.4.13.jar:/home/user/.m2/repository/org/apache/yetus/audience-annotations/0.5.0/audience-annotations-0.5.0.jar:/home/user/.m2/repository/org/codehaus/woodstox/stax2-api/3.1.4/stax2-api-3.1.4.jar:/home/user/.m2/repository/com/fasterxml/woodstox/woodstox-core/5.0.3/woodstox-core-5.0.3.jar:/home/user/.m2/repository/dnsjava/dnsjava/2.1.7/dnsjava-2.1.7.jar:/home/user/.m2/repository/org/apache/hadoop/hadoop-hdfs/3.2.0/hadoop-hdfs-3.2.0-tests.jar:/home/user/.m2/repository/org/eclipse/jetty/jetty-util-ajax/9.3.24.v20180605/jetty-util-ajax-9.3.24.v20180605.jar:/home/user/.m2/repository/commons-daemon/commons-daemon/1.0.13/commons-daemon-1.0.13.jar:/home/user/.m2/repository/io/netty/netty/3.10.5.Final/netty-3.10.5.Final.jar:/home/user/.m2/repository/io/netty/netty-all/4.0.52.Final/netty-all-4.0.52.Final.jar:/home/user/.m2/repository/org/fusesource/leveldbjni/leveldbjni-all/1.8/leveldbjni-all-1.8.jar:"/>
    <property name="sun.cpu.endian" value="little"/>
    <property name="user.home" value="/home/user"/>
    <property name="user.language" value="en"/>
    <property name="java.specification.vendor" value="Oracle Corporation"/>
    <property name="java.home" value="/usr/lib/jvm/java-1.8-openjdk/jre"/>
    <property name="java.security.krb5.conf" value="/workdir/hadoop-ozone/integration-test/target/test-classes/krb5.conf"/>
    <property name="basedir" value="/workdir/hadoop-ozone/integration-test"/>
    <property name="file.separator" value="/"/>
    <property name="line.separator" value="&#10;"/>
    <property name="java.vm.specification.vendor" value="Oracle Corporation"/>
    <property name="java.specification.name" value="Java Platform API Specification"/>
    <property name="java.awt.graphicsenv" value="sun.awt.X11GraphicsEnvironment"/>
    <property name="surefire.real.class.path" value="/workdir/hadoop-ozone/integration-test/target/surefire/surefirebooter6033662142596246549.jar"/>
    <property name="hadoop.log.dir" value="/workdir/hadoop-ozone/integration-test/target/log"/>
    <property name="sun.boot.class.path" value="/usr/lib/jvm/java-1.8-openjdk/jre/lib/resources.jar:/usr/lib/jvm/java-1.8-openjdk/jre/lib/rt.jar:/usr/lib/jvm/java-1.8-openjdk/jre/lib/sunrsasign.jar:/usr/lib/jvm/java-1.8-openjdk/jre/lib/jsse.jar:/usr/lib/jvm/java-1.8-openjdk/jre/lib/jce.jar:/usr/lib/jvm/java-1.8-openjdk/jre/lib/charsets.jar:/usr/lib/jvm/java-1.8-openjdk/jre/lib/jfr.jar:/usr/lib/jvm/java-1.8-openjdk/jre/classes"/>
    <property name="sun.management.compiler" value="HotSpot 64-Bit Tiered Compilers"/>
    <property name="java.runtime.version" value="1.8.0_212-b04"/>
    <property name="java.net.preferIPv4Stack" value="true"/>
    <property name="user.name" value="jenkins1000"/>
    <property name="path.separator" value=":"/>
    <property name="java.security.egd" value="file:///dev/urandom"/>
    <property name="os.version" value="3.10.0-957.12.2.el7.x86_64"/>
    <property name="java.endorsed.dirs" value="/usr/lib/jvm/java-1.8-openjdk/jre/lib/endorsed"/>
    <property name="java.runtime.name" value="OpenJDK Runtime Environment"/>
    <property name="file.encoding" value="UTF-8"/>
    <property name="java.vm.name" value="OpenJDK 64-Bit Server VM"/>
    <property name="test.build.webapps" value=""/>
    <property name="localRepository" value="/home/user/.m2/repository"/>
    <property name="java.vendor.url.bug" value="https://icedtea.classpath.org/bugzilla"/>
    <property name="java.io.tmpdir" value="/tmp"/>
    <property name="require.test.libhadoop" value=""/>
    <property name="java.version" value="1.8.0_212"/>
    <property name="user.dir" value="/workdir/hadoop-ozone/integration-test"/>
    <property name="os.arch" value="amd64"/>
    <property name="java.vm.specification.name" value="Java Virtual Machine Specification"/>
    <property name="test.build.classes" value="/workdir/hadoop-ozone/integration-test/target/test-classes"/>
    <property name="java.awt.printerjob" value="sun.print.PSPrinterJob"/>
    <property name="sun.os.patch.level" value="unknown"/>
    <property name="hadoop.tmp.dir" value="/workdir/hadoop-ozone/integration-test/target/tmp"/>
    <property name="java.library.path" value="/usr/lib/jvm/java-1.8-openjdk/jre/lib/amd64/server:/usr/lib/jvm/java-1.8-openjdk/jre/lib/amd64:/usr/lib/jvm/java-1.8-openjdk/jre/../lib/amd64:/workdir/hadoop-ozone/integration-test/target/native/target/usr/local/lib:/workdir/hadoop-ozone/integration-test/../../hadoop-common-project/hadoop-common/target/native/target/usr/local/lib:/usr/java/packages/lib/amd64:/usr/lib64:/lib64:/lib:/usr/lib"/>
    <property name="java.vm.info" value="mixed mode"/>
    <property name="java.vendor" value="IcedTea"/>
    <property name="java.vm.version" value="25.212-b04"/>
    <property name="java.ext.dirs" value="/usr/lib/jvm/java-1.8-openjdk/jre/lib/ext:/usr/java/packages/lib/ext"/>
    <property name="sun.io.unicode.encoding" value="UnicodeLittle"/>
    <property name="java.class.version" value="52.0"/>
  </properties>
  <testcase name="test2DatanodesFailure" classname="org.apache.hadoop.ozone.client.rpc.TestBlockOutputStreamWithFailures" time="43.714">
    <failure type="java.lang.AssertionError">java.lang.AssertionError
	at org.junit.Assert.fail(Assert.java:86)
	at org.junit.Assert.assertTrue(Assert.java:41)
	at org.junit.Assert.assertTrue(Assert.java:52)
	at org.apache.hadoop.ozone.client.rpc.TestBlockOutputStreamWithFailures.test2DatanodesFailure(TestBlockOutputStreamWithFailures.java:507)
	at sun.reflect.NativeMethodAccessorImpl.invoke0(Native Method)
	at sun.reflect.NativeMethodAccessorImpl.invoke(NativeMethodAccessorImpl.java:62)
	at sun.reflect.DelegatingMethodAccessorImpl.invoke(DelegatingMethodAccessorImpl.java:43)
	at java.lang.reflect.Method.invoke(Method.java:498)
	at org.junit.runners.model.FrameworkMethod$1.runReflectiveCall(FrameworkMethod.java:47)
	at org.junit.internal.runners.model.ReflectiveCallable.run(ReflectiveCallable.java:12)
	at org.junit.runners.model.FrameworkMethod.invokeExplosively(FrameworkMethod.java:44)
	at org.junit.internal.runners.statements.InvokeMethod.evaluate(InvokeMethod.java:17)
	at org.junit.internal.runners.statements.RunBefores.evaluate(RunBefores.java:26)
	at org.junit.internal.runners.statements.RunAfters.evaluate(RunAfters.java:27)
	at org.junit.runners.ParentRunner.runLeaf(ParentRunner.java:271)
	at org.junit.runners.BlockJUnit4ClassRunner.runChild(BlockJUnit4ClassRunner.java:70)
	at org.junit.runners.BlockJUnit4ClassRunner.runChild(BlockJUnit4ClassRunner.java:50)
	at org.junit.runners.ParentRunner$3.run(ParentRunner.java:238)
	at org.junit.runners.ParentRunner$1.schedule(ParentRunner.java:63)
	at org.junit.runners.ParentRunner.runChildren(ParentRunner.java:236)
	at org.junit.runners.ParentRunner.access$000(ParentRunner.java:53)
	at org.junit.runners.ParentRunner$2.evaluate(ParentRunner.java:229)
	at org.junit.runners.ParentRunner.run(ParentRunner.java:309)
	at org.apache.maven.surefire.junit4.JUnit4Provider.execute(JUnit4Provider.java:365)
	at org.apache.maven.surefire.junit4.JUnit4Provider.executeWithRerun(JUnit4Provider.java:273)
	at org.apache.maven.surefire.junit4.JUnit4Provider.executeTestSet(JUnit4Provider.java:238)
	at org.apache.maven.surefire.junit4.JUnit4Provider.invoke(JUnit4Provider.java:159)
	at org.apache.maven.surefire.booter.ForkedBooter.invokeProviderInSameClassLoader(ForkedBooter.java:384)
	at org.apache.maven.surefire.booter.ForkedBooter.runSuitesInProcess(ForkedBooter.java:345)
	at org.apache.maven.surefire.booter.ForkedBooter.execute(ForkedBooter.java:126)
	at org.apache.maven.surefire.booter.ForkedBooter.main(ForkedBooter.java:418)
</failure>
    <system-out><![CDATA[2019-07-30 20:32:46,277 WARN  server.ServerUtils (ServerUtils.java:getScmDbDir(145)) - ozone.scm.db.dirs is not configured. We recommend adding this setting. Falling back to ozone.metadata.dirs instead.
2019-07-30 20:32:46,402 WARN  server.ServerUtils (ServerUtils.java:getScmDbDir(145)) - ozone.scm.db.dirs is not configured. We recommend adding this setting. Falling back to ozone.metadata.dirs instead.
2019-07-30 20:32:46,406 WARN  server.ServerUtils (ServerUtils.java:getScmDbDir(145)) - ozone.scm.db.dirs is not configured. We recommend adding this setting. Falling back to ozone.metadata.dirs instead.
2019-07-30 20:32:46,425 INFO  util.log (Log.java:initialized(192)) - Logging initialized @848ms
2019-07-30 20:32:46,527 INFO  db.DBStoreBuilder (DBStoreBuilder.java:addTable(110)) - using custom profile for table: deletedBlocks
2019-07-30 20:32:46,527 INFO  db.DBStoreBuilder (DBStoreBuilder.java:processTables(161)) - Using default column profile:DBProfile.DISK for Table:deletedBlocks
2019-07-30 20:32:46,527 INFO  db.DBStoreBuilder (DBStoreBuilder.java:addTable(110)) - using custom profile for table: validCerts
2019-07-30 20:32:46,528 INFO  db.DBStoreBuilder (DBStoreBuilder.java:processTables(161)) - Using default column profile:DBProfile.DISK for Table:validCerts
2019-07-30 20:32:46,528 INFO  db.DBStoreBuilder (DBStoreBuilder.java:addTable(110)) - using custom profile for table: revokedCerts
2019-07-30 20:32:46,528 INFO  db.DBStoreBuilder (DBStoreBuilder.java:processTables(161)) - Using default column profile:DBProfile.DISK for Table:revokedCerts
2019-07-30 20:32:46,540 INFO  db.DBStoreBuilder (DBStoreBuilder.java:addTable(110)) - using custom profile for table: default
2019-07-30 20:32:46,540 INFO  db.DBStoreBuilder (DBStoreBuilder.java:processTables(167)) - Using default column profile:DBProfile.DISK for Table:default
2019-07-30 20:32:46,541 INFO  db.DBStoreBuilder (DBStoreBuilder.java:getDbProfile(198)) - Using default options. DBProfile.DISK
2019-07-30 20:32:46,735 INFO  net.NodeSchemaLoader (NodeSchemaLoader.java:loadSchemaFromFile(125)) - Loading file from sun.misc.CompoundEnumeration@20ce78ec
2019-07-30 20:32:46,737 INFO  net.NodeSchemaLoader (NodeSchemaLoader.java:loadSchema(171)) - Loading network topology layer schema file
2019-07-30 20:32:46,809 INFO  node.SCMNodeManager (SCMNodeManager.java:<init>(121)) - Entering startup safe mode.
2019-07-30 20:32:46,890 WARN  server.ServerUtils (ServerUtils.java:getScmDbDir(145)) - ozone.scm.db.dirs is not configured. We recommend adding this setting. Falling back to ozone.metadata.dirs instead.
2019-07-30 20:32:46,950 INFO  pipeline.SCMPipelineManager (SCMPipelineManager.java:initializePipelineState(126)) - No pipeline exists in current db
2019-07-30 20:32:46,952 WARN  server.ServerUtils (ServerUtils.java:getScmDbDir(145)) - ozone.scm.db.dirs is not configured. We recommend adding this setting. Falling back to ozone.metadata.dirs instead.
2019-07-30 20:32:47,056 WARN  events.EventQueue (EventQueue.java:fireEvent(175)) - No event handler registered for event TypedEvent{payloadType=SafeModeStatus, name='SafeModeStatus'}
2019-07-30 20:32:47,378 INFO  ipc.CallQueueManager (CallQueueManager.java:<init>(84)) - Using callQueue: class java.util.concurrent.LinkedBlockingQueue, queueCapacity: 2000, scheduler: class org.apache.hadoop.ipc.DefaultRpcScheduler, ipcBackoff: false.
2019-07-30 20:32:47,404 INFO  ipc.Server (Server.java:run(1074)) - Starting Socket Reader #1 for port 41922
2019-07-30 20:32:47,425 INFO  ipc.CallQueueManager (CallQueueManager.java:<init>(84)) - Using callQueue: class java.util.concurrent.LinkedBlockingQueue, queueCapacity: 2000, scheduler: class org.apache.hadoop.ipc.DefaultRpcScheduler, ipcBackoff: false.
2019-07-30 20:32:47,426 INFO  ipc.Server (Server.java:run(1074)) - Starting Socket Reader #1 for port 40611
2019-07-30 20:32:47,432 INFO  ipc.CallQueueManager (CallQueueManager.java:<init>(84)) - Using callQueue: class java.util.concurrent.LinkedBlockingQueue, queueCapacity: 2000, scheduler: class org.apache.hadoop.ipc.DefaultRpcScheduler, ipcBackoff: false.
2019-07-30 20:32:47,433 INFO  ipc.Server (Server.java:run(1074)) - Starting Socket Reader #1 for port 39151
2019-07-30 20:32:47,552 INFO  hdfs.DFSUtil (DFSUtil.java:httpServerTemplateForNNAndJN(1641)) - Starting Web-server for scm at: http://0.0.0.0:0
2019-07-30 20:32:47,732 INFO  server.AuthenticationFilter (AuthenticationFilter.java:constructSecretProvider(240)) - Unable to initialize FileSignerSecretProvider, falling back to use random secrets.
2019-07-30 20:32:47,739 WARN  http.HttpRequestLog (HttpRequestLog.java:getRequestLog(97)) - Jetty request log can only be enabled using Log4j
2019-07-30 20:32:47,747 INFO  http.HttpServer2 (HttpServer2.java:addGlobalFilter(975)) - Added global filter 'safety' (class=org.apache.hadoop.http.HttpServer2$QuotingInputFilter)
2019-07-30 20:32:47,750 INFO  http.HttpServer2 (HttpServer2.java:addFilter(948)) - Added filter static_user_filter (class=org.apache.hadoop.http.lib.StaticUserWebFilter$StaticUserFilter) to context scm
2019-07-30 20:32:47,750 INFO  http.HttpServer2 (HttpServer2.java:addFilter(958)) - Added filter static_user_filter (class=org.apache.hadoop.http.lib.StaticUserWebFilter$StaticUserFilter) to context static
2019-07-30 20:32:47,750 INFO  http.HttpServer2 (HttpServer2.java:addFilter(958)) - Added filter static_user_filter (class=org.apache.hadoop.http.lib.StaticUserWebFilter$StaticUserFilter) to context logs
2019-07-30 20:32:47,777 INFO  server.StorageContainerManager (StorageContainerManager.java:start(758)) - StorageContainerLocationProtocol RPC server is listening at /0.0.0.0:39151
2019-07-30 20:32:47,836 WARN  impl.MetricsConfig (MetricsConfig.java:loadFirst(134)) - Cannot locate configuration: tried hadoop-metrics2-storagecontainermanager.properties,hadoop-metrics2.properties
2019-07-30 20:32:47,850 INFO  impl.MetricsSystemImpl (MetricsSystemImpl.java:startTimer(374)) - Scheduled Metric snapshot period at 10 second(s).
2019-07-30 20:32:47,850 INFO  impl.MetricsSystemImpl (MetricsSystemImpl.java:start(191)) - StorageContainerManager metrics system started
2019-07-30 20:32:48,079 INFO  server.SCMClientProtocolServer (SCMClientProtocolServer.java:start(151)) - RPC server for Client  is listening at /0.0.0.0:39151
2019-07-30 20:32:48,080 INFO  ipc.Server (Server.java:run(1314)) - IPC Server Responder: starting
2019-07-30 20:32:48,081 INFO  ipc.Server (Server.java:run(1153)) - IPC Server listener on 39151: starting
2019-07-30 20:32:48,084 INFO  server.StorageContainerManager (StorageContainerManager.java:start(768)) - ScmBlockLocationProtocol RPC server is listening at /0.0.0.0:40611
2019-07-30 20:32:48,084 INFO  server.SCMBlockProtocolServer (SCMBlockProtocolServer.java:start(140)) - RPC server for Block Protocol is listening at /0.0.0.0:40611
2019-07-30 20:32:48,084 INFO  ipc.Server (Server.java:run(1314)) - IPC Server Responder: starting
2019-07-30 20:32:48,085 INFO  ipc.Server (Server.java:run(1153)) - IPC Server listener on 40611: starting
2019-07-30 20:32:48,089 INFO  server.StorageContainerManager (StorageContainerManager.java:start(772)) - ScmDatanodeProtocl RPC server is listening at /0.0.0.0:41922
2019-07-30 20:32:48,089 INFO  server.SCMDatanodeProtocolServer (SCMDatanodeProtocolServer.java:start(191)) - RPC server for DataNodes is listening at /0.0.0.0:41922
2019-07-30 20:32:48,090 INFO  ipc.Server (Server.java:run(1314)) - IPC Server Responder: starting
2019-07-30 20:32:48,091 INFO  ipc.Server (Server.java:run(1153)) - IPC Server listener on 41922: starting
2019-07-30 20:32:48,100 INFO  http.HttpServer2 (HttpServer2.java:bindListener(1191)) - Jetty bound to port 38857
2019-07-30 20:32:48,102 INFO  server.Server (Server.java:doStart(351)) - jetty-9.3.24.v20180605, build timestamp: 2018-06-05T17:11:56Z, git hash: 84205aa28f11a4f31f2a3b86d1bba2cc8ab69827
2019-07-30 20:32:48,145 INFO  handler.ContextHandler (ContextHandler.java:doStart(781)) - Started o.e.j.s.ServletContextHandler@635572a7{/logs,file:///workdir/hadoop-ozone/integration-test/target/log,AVAILABLE}
2019-07-30 20:32:48,146 INFO  handler.ContextHandler (ContextHandler.java:doStart(781)) - Started o.e.j.s.ServletContextHandler@4dd02341{/static,file:///workdir/hadoop-ozone/integration-test/target/test-classes/webapps/static,AVAILABLE}
2019-07-30 20:32:48,183 INFO  handler.ContextHandler (ContextHandler.java:doStart(781)) - Started o.e.j.w.WebAppContext@7876d598{/,file:///workdir/hadoop-ozone/integration-test/target/test-classes/webapps/scm/,AVAILABLE}{/scm}
2019-07-30 20:32:48,188 INFO  server.AbstractConnector (AbstractConnector.java:doStart(278)) - Started ServerConnector@6fa590ba{HTTP/1.1,[http/1.1]}{0.0.0.0:38857}
2019-07-30 20:32:48,189 INFO  server.Server (Server.java:doStart(419)) - Started @2613ms
2019-07-30 20:32:48,190 INFO  server.BaseHttpServer (BaseHttpServer.java:updateConnectorAddress(207)) - HTTP server of SCM is listening at http://0.0.0.0:38857
2019-07-30 20:32:48,197 INFO  util.JvmPauseMonitor (JvmPauseMonitor.java:run(188)) - Starting JVM pause monitor
2019-07-30 20:32:48,201 WARN  server.ServerUtils (ServerUtils.java:getDBPath(222)) - ozone.om.db.dirs is not configured. We recommend adding this setting. Falling back to ozone.metadata.dirs instead.
2019-07-30 20:32:48,338 WARN  server.ServerUtils (ServerUtils.java:getDBPath(222)) - ozone.om.db.dirs is not configured. We recommend adding this setting. Falling back to ozone.metadata.dirs instead.
2019-07-30 20:32:48,339 WARN  server.ServerUtils (ServerUtils.java:getDBPath(222)) - ozone.om.db.dirs is not configured. We recommend adding this setting. Falling back to ozone.metadata.dirs instead.
2019-07-30 20:32:48,340 INFO  om.OzoneManager (OzoneManager.java:setOMNodeDetails(644)) - OM Service ID is not set. Setting it to the default ID: omServiceIdDefault
2019-07-30 20:32:48,340 INFO  om.OzoneManager (OzoneManager.java:setOMNodeDetails(650)) - OM Node ID is not set. Setting it to the OmStorage's OmID: e8ac7413-1dac-447b-81cc-d310a64773d4
2019-07-30 20:32:48,341 INFO  om.OzoneManager (OzoneManager.java:loadOMHAConfigs(601)) - Found matching OM address with OMServiceId: null, OMNodeId: null, RPC Address: localhost:0 and Ratis port: 9872
2019-07-30 20:32:49,024 WARN  server.ServerUtils (ServerUtils.java:getDBPath(222)) - ozone.om.db.dirs is not configured. We recommend adding this setting. Falling back to ozone.metadata.dirs instead.
2019-07-30 20:32:49,031 INFO  db.DBStoreBuilder (DBStoreBuilder.java:addTable(110)) - using custom profile for table: userTable
2019-07-30 20:32:49,031 INFO  db.DBStoreBuilder (DBStoreBuilder.java:processTables(161)) - Using default column profile:DBProfile.DISK for Table:userTable
2019-07-30 20:32:49,032 INFO  db.DBStoreBuilder (DBStoreBuilder.java:addTable(110)) - using custom profile for table: volumeTable
2019-07-30 20:32:49,032 INFO  db.DBStoreBuilder (DBStoreBuilder.java:processTables(161)) - Using default column profile:DBProfile.DISK for Table:volumeTable
2019-07-30 20:32:49,032 INFO  db.DBStoreBuilder (DBStoreBuilder.java:addTable(110)) - using custom profile for table: bucketTable
2019-07-30 20:32:49,032 INFO  db.DBStoreBuilder (DBStoreBuilder.java:processTables(161)) - Using default column profile:DBProfile.DISK for Table:bucketTable
2019-07-30 20:32:49,032 INFO  db.DBStoreBuilder (DBStoreBuilder.java:addTable(110)) - using custom profile for table: keyTable
2019-07-30 20:32:49,033 INFO  db.DBStoreBuilder (DBStoreBuilder.java:processTables(161)) - Using default column profile:DBProfile.DISK for Table:keyTable
2019-07-30 20:32:49,033 INFO  db.DBStoreBuilder (DBStoreBuilder.java:addTable(110)) - using custom profile for table: deletedTable
2019-07-30 20:32:49,033 INFO  db.DBStoreBuilder (DBStoreBuilder.java:processTables(161)) - Using default column profile:DBProfile.DISK for Table:deletedTable
2019-07-30 20:32:49,033 INFO  db.DBStoreBuilder (DBStoreBuilder.java:addTable(110)) - using custom profile for table: openKeyTable
2019-07-30 20:32:49,034 INFO  db.DBStoreBuilder (DBStoreBuilder.java:processTables(161)) - Using default column profile:DBProfile.DISK for Table:openKeyTable
2019-07-30 20:32:49,034 INFO  db.DBStoreBuilder (DBStoreBuilder.java:addTable(110)) - using custom profile for table: s3Table
2019-07-30 20:32:49,034 INFO  db.DBStoreBuilder (DBStoreBuilder.java:processTables(161)) - Using default column profile:DBProfile.DISK for Table:s3Table
2019-07-30 20:32:49,034 INFO  db.DBStoreBuilder (DBStoreBuilder.java:addTable(110)) - using custom profile for table: multipartInfoTable
2019-07-30 20:32:49,035 INFO  db.DBStoreBuilder (DBStoreBuilder.java:processTables(161)) - Using default column profile:DBProfile.DISK for Table:multipartInfoTable
2019-07-30 20:32:49,035 INFO  db.DBStoreBuilder (DBStoreBuilder.java:addTable(110)) - using custom profile for table: dTokenTable
2019-07-30 20:32:49,035 INFO  db.DBStoreBuilder (DBStoreBuilder.java:processTables(161)) - Using default column profile:DBProfile.DISK for Table:dTokenTable
2019-07-30 20:32:49,035 INFO  db.DBStoreBuilder (DBStoreBuilder.java:addTable(110)) - using custom profile for table: s3SecretTable
2019-07-30 20:32:49,036 INFO  db.DBStoreBuilder (DBStoreBuilder.java:processTables(161)) - Using default column profile:DBProfile.DISK for Table:s3SecretTable
2019-07-30 20:32:49,036 INFO  db.DBStoreBuilder (DBStoreBuilder.java:addTable(110)) - using custom profile for table: prefixTable
2019-07-30 20:32:49,036 INFO  db.DBStoreBuilder (DBStoreBuilder.java:processTables(161)) - Using default column profile:DBProfile.DISK for Table:prefixTable
2019-07-30 20:32:49,036 INFO  db.DBStoreBuilder (DBStoreBuilder.java:addTable(110)) - using custom profile for table: default
2019-07-30 20:32:49,037 INFO  db.DBStoreBuilder (DBStoreBuilder.java:processTables(167)) - Using default column profile:DBProfile.DISK for Table:default
2019-07-30 20:32:49,037 INFO  db.DBStoreBuilder (DBStoreBuilder.java:getDbProfile(198)) - Using default options. DBProfile.DISK
2019-07-30 20:32:49,554 INFO  ipc.CallQueueManager (CallQueueManager.java:<init>(84)) - Using callQueue: class java.util.concurrent.LinkedBlockingQueue, queueCapacity: 2000, scheduler: class org.apache.hadoop.ipc.DefaultRpcScheduler, ipcBackoff: false.
2019-07-30 20:32:49,555 INFO  ipc.Server (Server.java:run(1074)) - Starting Socket Reader #1 for port 35236
2019-07-30 20:32:49,573 INFO  om.OzoneManager (OzoneManager.java:start(1255)) - OzoneManager RPC server is listening at localhost/127.0.0.1:35236
2019-07-30 20:32:49,573 INFO  impl.MetricsSystemImpl (MetricsSystemImpl.java:init(158)) - OzoneManager metrics system started (again)
2019-07-30 20:32:49,575 INFO  ipc.Server (Server.java:run(1314)) - IPC Server Responder: starting
2019-07-30 20:32:49,576 INFO  ipc.Server (Server.java:run(1153)) - IPC Server listener on 35236: starting
2019-07-30 20:32:49,588 INFO  hdfs.DFSUtil (DFSUtil.java:httpServerTemplateForNNAndJN(1641)) - Starting Web-server for ozoneManager at: http://0.0.0.0:0
2019-07-30 20:32:49,591 INFO  server.AuthenticationFilter (AuthenticationFilter.java:constructSecretProvider(240)) - Unable to initialize FileSignerSecretProvider, falling back to use random secrets.
2019-07-30 20:32:49,592 WARN  http.HttpRequestLog (HttpRequestLog.java:getRequestLog(97)) - Jetty request log can only be enabled using Log4j
2019-07-30 20:32:49,595 INFO  http.HttpServer2 (HttpServer2.java:addGlobalFilter(975)) - Added global filter 'safety' (class=org.apache.hadoop.http.HttpServer2$QuotingInputFilter)
2019-07-30 20:32:49,597 INFO  http.HttpServer2 (HttpServer2.java:addFilter(948)) - Added filter static_user_filter (class=org.apache.hadoop.http.lib.StaticUserWebFilter$StaticUserFilter) to context ozoneManager
2019-07-30 20:32:49,597 INFO  http.HttpServer2 (HttpServer2.java:addFilter(958)) - Added filter static_user_filter (class=org.apache.hadoop.http.lib.StaticUserWebFilter$StaticUserFilter) to context static
2019-07-30 20:32:49,598 INFO  http.HttpServer2 (HttpServer2.java:addFilter(958)) - Added filter static_user_filter (class=org.apache.hadoop.http.lib.StaticUserWebFilter$StaticUserFilter) to context logs
2019-07-30 20:32:49,601 INFO  http.HttpServer2 (HttpServer2.java:bindListener(1191)) - Jetty bound to port 40351
2019-07-30 20:32:49,601 INFO  server.Server (Server.java:doStart(351)) - jetty-9.3.24.v20180605, build timestamp: 2018-06-05T17:11:56Z, git hash: 84205aa28f11a4f31f2a3b86d1bba2cc8ab69827
2019-07-30 20:32:49,604 INFO  handler.ContextHandler (ContextHandler.java:doStart(781)) - Started o.e.j.s.ServletContextHandler@47c64cfe{/logs,file:///workdir/hadoop-ozone/integration-test/target/log,AVAILABLE}
2019-07-30 20:32:49,604 INFO  handler.ContextHandler (ContextHandler.java:doStart(781)) - Started o.e.j.s.ServletContextHandler@a567e72{/static,file:///workdir/hadoop-ozone/integration-test/target/test-classes/webapps/static,AVAILABLE}
2019-07-30 20:32:49,612 INFO  handler.ContextHandler (ContextHandler.java:doStart(781)) - Started o.e.j.w.WebAppContext@2b9b7f1f{/,file:///workdir/hadoop-ozone/integration-test/target/test-classes/webapps/ozoneManager/,AVAILABLE}{/ozoneManager}
2019-07-30 20:32:49,613 INFO  server.AbstractConnector (AbstractConnector.java:doStart(278)) - Started ServerConnector@264c5d07{HTTP/1.1,[http/1.1]}{0.0.0.0:40351}
2019-07-30 20:32:49,613 INFO  server.Server (Server.java:doStart(419)) - Started @4037ms
2019-07-30 20:32:49,614 INFO  server.BaseHttpServer (BaseHttpServer.java:updateConnectorAddress(207)) - HTTP server of OZONEMANAGER is listening at http://0.0.0.0:40351
2019-07-30 20:32:49,931 INFO  impl.MetricsSystemImpl (MetricsSystemImpl.java:init(158)) - HddsDatanode metrics system started (again)
2019-07-30 20:32:50,022 INFO  ozone.HddsDatanodeService (HddsDatanodeService.java:start(184)) - HddsDatanodeService host:byscane-nightly-zbvcj-1516659162 ip:192.168.69.110
2019-07-30 20:32:50,054 INFO  volume.HddsVolume (HddsVolume.java:<init>(176)) - Creating Volume: /workdir/hadoop-ozone/integration-test/target/test-dir/MiniOzoneClusterImpl-7cb939c6-7192-4bf7-ab14-e1f6020d1bf6/datanode-0/data/containers/hdds of  storage type : DISK and capacity : 52710309888
2019-07-30 20:32:50,056 INFO  volume.VolumeSet (VolumeSet.java:initializeVolumeSet(170)) - Added Volume : /workdir/hadoop-ozone/integration-test/target/test-dir/MiniOzoneClusterImpl-7cb939c6-7192-4bf7-ab14-e1f6020d1bf6/datanode-0/data/containers/hdds to VolumeSet
2019-07-30 20:32:50,059 INFO  volume.ThrottledAsyncChecker (ThrottledAsyncChecker.java:schedule(140)) - Scheduling a check for org.apache.hadoop.ozone.container.common.volume.HddsVolume@4f8b4bd0
2019-07-30 20:32:50,076 INFO  volume.HddsVolumeChecker (HddsVolumeChecker.java:checkAllVolumes(203)) - Scheduled health check for volume org.apache.hadoop.ozone.container.common.volume.HddsVolume@4f8b4bd0
2019-07-30 20:32:50,183 INFO  impl.RaftServerProxy (ConfUtils.java:logGet(43)) - raft.rpc.type = GRPC (default)
2019-07-30 20:32:50,273 INFO  grpc.GrpcFactory (GrpcFactory.java:checkPooledByteBufAllocatorUseCacheForAllThreads(45)) - PERFORMANCE WARNING: useCacheForAllThreads is true that may cause Netty to create a lot garbage objects and, as a result, trigger GC.
	It is recommended to disable useCacheForAllThreads by setting -Dorg.apache.ratis.thirdparty.io.netty.allocator.useCacheForAllThreads=false in command line.
2019-07-30 20:32:50,278 INFO  grpc.GrpcConfigKeys$Server (ConfUtils.java:logGet(43)) - raft.grpc.server.port = 0 (default)
2019-07-30 20:32:50,279 INFO  server.GrpcService (ConfUtils.java:logGet(43)) - raft.grpc.message.size.max = 33570816 (custom)
2019-07-30 20:32:50,281 INFO  server.RaftServerConfigKeys (ConfUtils.java:logGet(43)) - raft.server.log.appender.buffer.byte-limit = 33554432 (custom)
2019-07-30 20:32:50,282 INFO  server.GrpcService (ConfUtils.java:logGet(43)) - raft.grpc.flow.control.window = 1MB (=1048576) (default)
2019-07-30 20:32:50,283 INFO  server.RaftServerConfigKeys (ConfUtils.java:logGet(43)) - raft.server.rpc.request.timeout = 3000ms (default)
2019-07-30 20:32:50,438 INFO  server.RaftServerConfigKeys (ConfUtils.java:logGet(43)) - raft.server.storage.dir = [/workdir/hadoop-ozone/integration-test/target/test-dir/MiniOzoneClusterImpl-7cb939c6-7192-4bf7-ab14-e1f6020d1bf6/datanode-0/data/ratis] (custom)
2019-07-30 20:32:50,471 INFO  replication.SimpleContainerDownloader (SimpleContainerDownloader.java:<init>(72)) - Starting container downloader service to copy containers to replicate.
2019-07-30 20:32:50,483 INFO  hdfs.DFSUtil (DFSUtil.java:httpServerTemplateForNNAndJN(1641)) - Starting Web-server for hddsDatanode at: http://0.0.0.0:0
2019-07-30 20:32:50,486 INFO  server.AuthenticationFilter (AuthenticationFilter.java:constructSecretProvider(240)) - Unable to initialize FileSignerSecretProvider, falling back to use random secrets.
2019-07-30 20:32:50,486 WARN  http.HttpRequestLog (HttpRequestLog.java:getRequestLog(97)) - Jetty request log can only be enabled using Log4j
2019-07-30 20:32:50,489 INFO  http.HttpServer2 (HttpServer2.java:addGlobalFilter(975)) - Added global filter 'safety' (class=org.apache.hadoop.http.HttpServer2$QuotingInputFilter)
2019-07-30 20:32:50,491 INFO  http.HttpServer2 (HttpServer2.java:addFilter(948)) - Added filter static_user_filter (class=org.apache.hadoop.http.lib.StaticUserWebFilter$StaticUserFilter) to context hddsDatanode
2019-07-30 20:32:50,491 INFO  http.HttpServer2 (HttpServer2.java:addFilter(958)) - Added filter static_user_filter (class=org.apache.hadoop.http.lib.StaticUserWebFilter$StaticUserFilter) to context logs
2019-07-30 20:32:50,491 INFO  http.HttpServer2 (HttpServer2.java:addFilter(958)) - Added filter static_user_filter (class=org.apache.hadoop.http.lib.StaticUserWebFilter$StaticUserFilter) to context static
2019-07-30 20:32:50,493 INFO  http.HttpServer2 (HttpServer2.java:bindListener(1191)) - Jetty bound to port 37359
2019-07-30 20:32:50,493 INFO  server.Server (Server.java:doStart(351)) - jetty-9.3.24.v20180605, build timestamp: 2018-06-05T17:11:56Z, git hash: 84205aa28f11a4f31f2a3b86d1bba2cc8ab69827
2019-07-30 20:32:50,495 INFO  handler.ContextHandler (ContextHandler.java:doStart(781)) - Started o.e.j.s.ServletContextHandler@78cd163b{/logs,file:///workdir/hadoop-ozone/integration-test/target/log,AVAILABLE}
2019-07-30 20:32:50,496 INFO  handler.ContextHandler (ContextHandler.java:doStart(781)) - Started o.e.j.s.ServletContextHandler@14ef2482{/static,jar:file:/home/user/.m2/repository/org/apache/hadoop/hadoop-hdds-container-service/0.4.1-SNAPSHOT/hadoop-hdds-container-service-0.4.1-SNAPSHOT.jar!/webapps/static,AVAILABLE}
2019-07-30 20:32:50,536 INFO  handler.ContextHandler (ContextHandler.java:doStart(781)) - Started o.e.j.w.WebAppContext@30e9ca13{/,file:///tmp/jetty-0.0.0.0-37359-hddsDatanode-_-any-7804126571943343518.dir/webapp/,AVAILABLE}{/hddsDatanode}
2019-07-30 20:32:50,537 INFO  server.AbstractConnector (AbstractConnector.java:doStart(278)) - Started ServerConnector@46185a1b{HTTP/1.1,[http/1.1]}{0.0.0.0:37359}
2019-07-30 20:32:50,538 INFO  server.Server (Server.java:doStart(419)) - Started @4962ms
2019-07-30 20:32:50,540 INFO  server.BaseHttpServer (BaseHttpServer.java:updateConnectorAddress(207)) - HTTP server of HDDSDATANODE is listening at http://0.0.0.0:37359
2019-07-30 20:32:51,653 INFO  ozone.HddsDatanodeService (HddsDatanodeService.java:startPlugins(395)) - Started plug-in org.apache.hadoop.ozone.web.OzoneHddsDatanodeService@245253d8
2019-07-30 20:32:51,655 INFO  impl.MetricsSystemImpl (MetricsSystemImpl.java:init(158)) - HddsDatanode metrics system started (again)
2019-07-30 20:32:51,658 INFO  ozone.HddsDatanodeService (HddsDatanodeService.java:start(184)) - HddsDatanodeService host:byscane-nightly-zbvcj-1516659162 ip:192.168.69.110
2019-07-30 20:32:51,661 INFO  util.JvmPauseMonitor (JvmPauseMonitor.java:run(188)) - Starting JVM pause monitor
2019-07-30 20:32:51,668 INFO  volume.HddsVolume (HddsVolume.java:<init>(176)) - Creating Volume: /workdir/hadoop-ozone/integration-test/target/test-dir/MiniOzoneClusterImpl-7cb939c6-7192-4bf7-ab14-e1f6020d1bf6/datanode-1/data/containers/hdds of  storage type : DISK and capacity : 52710309888
2019-07-30 20:32:51,669 INFO  volume.VolumeSet (VolumeSet.java:initializeVolumeSet(170)) - Added Volume : /workdir/hadoop-ozone/integration-test/target/test-dir/MiniOzoneClusterImpl-7cb939c6-7192-4bf7-ab14-e1f6020d1bf6/datanode-1/data/containers/hdds to VolumeSet
2019-07-30 20:32:51,670 INFO  volume.ThrottledAsyncChecker (ThrottledAsyncChecker.java:schedule(140)) - Scheduling a check for org.apache.hadoop.ozone.container.common.volume.HddsVolume@21ea996f
2019-07-30 20:32:51,674 INFO  volume.HddsVolumeChecker (HddsVolumeChecker.java:checkAllVolumes(203)) - Scheduled health check for volume org.apache.hadoop.ozone.container.common.volume.HddsVolume@21ea996f
2019-07-30 20:32:51,694 INFO  impl.RaftServerProxy (ConfUtils.java:logGet(43)) - raft.rpc.type = GRPC (default)
2019-07-30 20:32:51,694 INFO  grpc.GrpcFactory (GrpcFactory.java:checkPooledByteBufAllocatorUseCacheForAllThreads(45)) - PERFORMANCE WARNING: useCacheForAllThreads is true that may cause Netty to create a lot garbage objects and, as a result, trigger GC.
	It is recommended to disable useCacheForAllThreads by setting -Dorg.apache.ratis.thirdparty.io.netty.allocator.useCacheForAllThreads=false in command line.
2019-07-30 20:32:51,695 INFO  grpc.GrpcConfigKeys$Server (ConfUtils.java:logGet(43)) - raft.grpc.server.port = 0 (default)
2019-07-30 20:32:51,695 INFO  server.GrpcService (ConfUtils.java:logGet(43)) - raft.grpc.message.size.max = 33570816 (custom)
2019-07-30 20:32:51,695 INFO  server.RaftServerConfigKeys (ConfUtils.java:logGet(43)) - raft.server.log.appender.buffer.byte-limit = 33554432 (custom)
2019-07-30 20:32:51,696 INFO  server.GrpcService (ConfUtils.java:logGet(43)) - raft.grpc.flow.control.window = 1MB (=1048576) (default)
2019-07-30 20:32:51,697 INFO  server.RaftServerConfigKeys (ConfUtils.java:logGet(43)) - raft.server.rpc.request.timeout = 3000ms (default)
2019-07-30 20:32:51,697 INFO  server.RaftServerConfigKeys (ConfUtils.java:logGet(43)) - raft.server.storage.dir = [/workdir/hadoop-ozone/integration-test/target/test-dir/MiniOzoneClusterImpl-7cb939c6-7192-4bf7-ab14-e1f6020d1bf6/datanode-1/data/ratis] (custom)
2019-07-30 20:32:51,698 INFO  replication.SimpleContainerDownloader (SimpleContainerDownloader.java:<init>(72)) - Starting container downloader service to copy containers to replicate.
2019-07-30 20:32:51,700 INFO  hdfs.DFSUtil (DFSUtil.java:httpServerTemplateForNNAndJN(1641)) - Starting Web-server for hddsDatanode at: http://0.0.0.0:0
2019-07-30 20:32:51,704 INFO  server.AuthenticationFilter (AuthenticationFilter.java:constructSecretProvider(240)) - Unable to initialize FileSignerSecretProvider, falling back to use random secrets.
2019-07-30 20:32:51,706 WARN  http.HttpRequestLog (HttpRequestLog.java:getRequestLog(97)) - Jetty request log can only be enabled using Log4j
2019-07-30 20:32:51,711 INFO  http.HttpServer2 (HttpServer2.java:addGlobalFilter(975)) - Added global filter 'safety' (class=org.apache.hadoop.http.HttpServer2$QuotingInputFilter)
2019-07-30 20:32:51,712 INFO  http.HttpServer2 (HttpServer2.java:addFilter(948)) - Added filter static_user_filter (class=org.apache.hadoop.http.lib.StaticUserWebFilter$StaticUserFilter) to context hddsDatanode
2019-07-30 20:32:51,713 INFO  http.HttpServer2 (HttpServer2.java:addFilter(958)) - Added filter static_user_filter (class=org.apache.hadoop.http.lib.StaticUserWebFilter$StaticUserFilter) to context logs
2019-07-30 20:32:51,713 INFO  http.HttpServer2 (HttpServer2.java:addFilter(958)) - Added filter static_user_filter (class=org.apache.hadoop.http.lib.StaticUserWebFilter$StaticUserFilter) to context static
2019-07-30 20:32:51,715 INFO  http.HttpServer2 (HttpServer2.java:bindListener(1191)) - Jetty bound to port 33898
2019-07-30 20:32:51,715 INFO  server.Server (Server.java:doStart(351)) - jetty-9.3.24.v20180605, build timestamp: 2018-06-05T17:11:56Z, git hash: 84205aa28f11a4f31f2a3b86d1bba2cc8ab69827
2019-07-30 20:32:51,719 INFO  handler.ContextHandler (ContextHandler.java:doStart(781)) - Started o.e.j.s.ServletContextHandler@39b626e5{/logs,file:///workdir/hadoop-ozone/integration-test/target/log,AVAILABLE}
2019-07-30 20:32:51,720 INFO  handler.ContextHandler (ContextHandler.java:doStart(781)) - Started o.e.j.s.ServletContextHandler@2e71240b{/static,jar:file:/home/user/.m2/repository/org/apache/hadoop/hadoop-hdds-container-service/0.4.1-SNAPSHOT/hadoop-hdds-container-service-0.4.1-SNAPSHOT.jar!/webapps/static,AVAILABLE}
2019-07-30 20:32:51,766 INFO  handler.ContextHandler (ContextHandler.java:doStart(781)) - Started o.e.j.w.WebAppContext@594131f2{/,file:///tmp/jetty-0.0.0.0-33898-hddsDatanode-_-any-9100474549448193104.dir/webapp/,AVAILABLE}{/hddsDatanode}
2019-07-30 20:32:51,767 INFO  server.AbstractConnector (AbstractConnector.java:doStart(278)) - Started ServerConnector@51d0ec6f{HTTP/1.1,[http/1.1]}{0.0.0.0:33898}
2019-07-30 20:32:51,768 INFO  server.Server (Server.java:doStart(419)) - Started @6192ms
2019-07-30 20:32:51,771 INFO  server.BaseHttpServer (BaseHttpServer.java:updateConnectorAddress(207)) - HTTP server of HDDSDATANODE is listening at http://0.0.0.0:33898
2019-07-30 20:32:51,776 INFO  datanode.InitDatanodeState (InitDatanodeState.java:persistContainerDatanodeDetails(140)) - DatanodeDetails is persisted to /workdir/hadoop-ozone/integration-test/target/test-dir/MiniOzoneClusterImpl-7cb939c6-7192-4bf7-ab14-e1f6020d1bf6/datanode-0/meta/datanode.id
2019-07-30 20:32:51,920 INFO  ozone.HddsDatanodeService (HddsDatanodeService.java:startPlugins(395)) - Started plug-in org.apache.hadoop.ozone.web.OzoneHddsDatanodeService@45592af7
2019-07-30 20:32:51,920 INFO  impl.MetricsSystemImpl (MetricsSystemImpl.java:init(158)) - HddsDatanode metrics system started (again)
2019-07-30 20:32:51,923 INFO  ozone.HddsDatanodeService (HddsDatanodeService.java:start(184)) - HddsDatanodeService host:byscane-nightly-zbvcj-1516659162 ip:192.168.69.110
2019-07-30 20:32:51,923 INFO  util.JvmPauseMonitor (JvmPauseMonitor.java:run(188)) - Starting JVM pause monitor
2019-07-30 20:32:51,933 INFO  datanode.InitDatanodeState (InitDatanodeState.java:persistContainerDatanodeDetails(140)) - DatanodeDetails is persisted to /workdir/hadoop-ozone/integration-test/target/test-dir/MiniOzoneClusterImpl-7cb939c6-7192-4bf7-ab14-e1f6020d1bf6/datanode-1/meta/datanode.id
2019-07-30 20:32:51,933 INFO  volume.HddsVolume (HddsVolume.java:<init>(176)) - Creating Volume: /workdir/hadoop-ozone/integration-test/target/test-dir/MiniOzoneClusterImpl-7cb939c6-7192-4bf7-ab14-e1f6020d1bf6/datanode-2/data/containers/hdds of  storage type : DISK and capacity : 52710309888
2019-07-30 20:32:51,933 INFO  volume.VolumeSet (VolumeSet.java:initializeVolumeSet(170)) - Added Volume : /workdir/hadoop-ozone/integration-test/target/test-dir/MiniOzoneClusterImpl-7cb939c6-7192-4bf7-ab14-e1f6020d1bf6/datanode-2/data/containers/hdds to VolumeSet
2019-07-30 20:32:51,934 INFO  volume.ThrottledAsyncChecker (ThrottledAsyncChecker.java:schedule(140)) - Scheduling a check for org.apache.hadoop.ozone.container.common.volume.HddsVolume@7cff3f1d
2019-07-30 20:32:51,934 INFO  volume.HddsVolumeChecker (HddsVolumeChecker.java:checkAllVolumes(203)) - Scheduled health check for volume org.apache.hadoop.ozone.container.common.volume.HddsVolume@7cff3f1d
2019-07-30 20:32:51,947 INFO  impl.RaftServerProxy (ConfUtils.java:logGet(43)) - raft.rpc.type = GRPC (default)
2019-07-30 20:32:51,947 INFO  grpc.GrpcFactory (GrpcFactory.java:checkPooledByteBufAllocatorUseCacheForAllThreads(45)) - PERFORMANCE WARNING: useCacheForAllThreads is true that may cause Netty to create a lot garbage objects and, as a result, trigger GC.
	It is recommended to disable useCacheForAllThreads by setting -Dorg.apache.ratis.thirdparty.io.netty.allocator.useCacheForAllThreads=false in command line.
2019-07-30 20:32:51,948 INFO  grpc.GrpcConfigKeys$Server (ConfUtils.java:logGet(43)) - raft.grpc.server.port = 0 (default)
2019-07-30 20:32:51,948 INFO  server.GrpcService (ConfUtils.java:logGet(43)) - raft.grpc.message.size.max = 33570816 (custom)
2019-07-30 20:32:51,948 INFO  server.RaftServerConfigKeys (ConfUtils.java:logGet(43)) - raft.server.log.appender.buffer.byte-limit = 33554432 (custom)
2019-07-30 20:32:51,948 INFO  server.GrpcService (ConfUtils.java:logGet(43)) - raft.grpc.flow.control.window = 1MB (=1048576) (default)
2019-07-30 20:32:51,949 INFO  server.RaftServerConfigKeys (ConfUtils.java:logGet(43)) - raft.server.rpc.request.timeout = 3000ms (default)
2019-07-30 20:32:51,949 INFO  server.RaftServerConfigKeys (ConfUtils.java:logGet(43)) - raft.server.storage.dir = [/workdir/hadoop-ozone/integration-test/target/test-dir/MiniOzoneClusterImpl-7cb939c6-7192-4bf7-ab14-e1f6020d1bf6/datanode-2/data/ratis] (custom)
2019-07-30 20:32:51,950 INFO  replication.SimpleContainerDownloader (SimpleContainerDownloader.java:<init>(72)) - Starting container downloader service to copy containers to replicate.
2019-07-30 20:32:51,951 INFO  hdfs.DFSUtil (DFSUtil.java:httpServerTemplateForNNAndJN(1641)) - Starting Web-server for hddsDatanode at: http://0.0.0.0:0
2019-07-30 20:32:51,953 INFO  server.AuthenticationFilter (AuthenticationFilter.java:constructSecretProvider(240)) - Unable to initialize FileSignerSecretProvider, falling back to use random secrets.
2019-07-30 20:32:51,954 WARN  http.HttpRequestLog (HttpRequestLog.java:getRequestLog(97)) - Jetty request log can only be enabled using Log4j
2019-07-30 20:32:51,956 INFO  http.HttpServer2 (HttpServer2.java:addGlobalFilter(975)) - Added global filter 'safety' (class=org.apache.hadoop.http.HttpServer2$QuotingInputFilter)
2019-07-30 20:32:51,956 INFO  http.HttpServer2 (HttpServer2.java:addFilter(948)) - Added filter static_user_filter (class=org.apache.hadoop.http.lib.StaticUserWebFilter$StaticUserFilter) to context hddsDatanode
2019-07-30 20:32:51,957 INFO  http.HttpServer2 (HttpServer2.java:addFilter(958)) - Added filter static_user_filter (class=org.apache.hadoop.http.lib.StaticUserWebFilter$StaticUserFilter) to context logs
2019-07-30 20:32:51,957 INFO  http.HttpServer2 (HttpServer2.java:addFilter(958)) - Added filter static_user_filter (class=org.apache.hadoop.http.lib.StaticUserWebFilter$StaticUserFilter) to context static
2019-07-30 20:32:51,958 INFO  http.HttpServer2 (HttpServer2.java:bindListener(1191)) - Jetty bound to port 41671
2019-07-30 20:32:51,958 INFO  server.Server (Server.java:doStart(351)) - jetty-9.3.24.v20180605, build timestamp: 2018-06-05T17:11:56Z, git hash: 84205aa28f11a4f31f2a3b86d1bba2cc8ab69827
2019-07-30 20:32:51,962 INFO  handler.ContextHandler (ContextHandler.java:doStart(781)) - Started o.e.j.s.ServletContextHandler@7b351446{/logs,file:///workdir/hadoop-ozone/integration-test/target/log,AVAILABLE}
2019-07-30 20:32:51,963 INFO  handler.ContextHandler (ContextHandler.java:doStart(781)) - Started o.e.j.s.ServletContextHandler@a1691c0{/static,jar:file:/home/user/.m2/repository/org/apache/hadoop/hadoop-hdds-container-service/0.4.1-SNAPSHOT/hadoop-hdds-container-service-0.4.1-SNAPSHOT.jar!/webapps/static,AVAILABLE}
2019-07-30 20:32:51,998 INFO  handler.ContextHandler (ContextHandler.java:doStart(781)) - Started o.e.j.w.WebAppContext@37e0056e{/,file:///tmp/jetty-0.0.0.0-41671-hddsDatanode-_-any-6080923052853499974.dir/webapp/,AVAILABLE}{/hddsDatanode}
2019-07-30 20:32:51,999 INFO  server.AbstractConnector (AbstractConnector.java:doStart(278)) - Started ServerConnector@415795f3{HTTP/1.1,[http/1.1]}{0.0.0.0:41671}
2019-07-30 20:32:52,000 INFO  server.Server (Server.java:doStart(419)) - Started @6424ms
2019-07-30 20:32:52,001 INFO  server.BaseHttpServer (BaseHttpServer.java:updateConnectorAddress(207)) - HTTP server of HDDSDATANODE is listening at http://0.0.0.0:41671
2019-07-30 20:32:52,167 INFO  ozone.HddsDatanodeService (HddsDatanodeService.java:startPlugins(395)) - Started plug-in org.apache.hadoop.ozone.web.OzoneHddsDatanodeService@4702e7a5
2019-07-30 20:32:52,168 INFO  impl.MetricsSystemImpl (MetricsSystemImpl.java:init(158)) - HddsDatanode metrics system started (again)
2019-07-30 20:32:52,171 INFO  ozone.HddsDatanodeService (HddsDatanodeService.java:start(184)) - HddsDatanodeService host:byscane-nightly-zbvcj-1516659162 ip:192.168.69.110
2019-07-30 20:32:52,172 INFO  util.JvmPauseMonitor (JvmPauseMonitor.java:run(188)) - Starting JVM pause monitor
2019-07-30 20:32:52,175 INFO  datanode.InitDatanodeState (InitDatanodeState.java:persistContainerDatanodeDetails(140)) - DatanodeDetails is persisted to /workdir/hadoop-ozone/integration-test/target/test-dir/MiniOzoneClusterImpl-7cb939c6-7192-4bf7-ab14-e1f6020d1bf6/datanode-2/meta/datanode.id
2019-07-30 20:32:52,179 INFO  volume.HddsVolume (HddsVolume.java:<init>(176)) - Creating Volume: /workdir/hadoop-ozone/integration-test/target/test-dir/MiniOzoneClusterImpl-7cb939c6-7192-4bf7-ab14-e1f6020d1bf6/datanode-3/data/containers/hdds of  storage type : DISK and capacity : 52710309888
2019-07-30 20:32:52,180 INFO  volume.VolumeSet (VolumeSet.java:initializeVolumeSet(170)) - Added Volume : /workdir/hadoop-ozone/integration-test/target/test-dir/MiniOzoneClusterImpl-7cb939c6-7192-4bf7-ab14-e1f6020d1bf6/datanode-3/data/containers/hdds to VolumeSet
2019-07-30 20:32:52,181 INFO  volume.ThrottledAsyncChecker (ThrottledAsyncChecker.java:schedule(140)) - Scheduling a check for org.apache.hadoop.ozone.container.common.volume.HddsVolume@525647f3
2019-07-30 20:32:52,181 INFO  volume.HddsVolumeChecker (HddsVolumeChecker.java:checkAllVolumes(203)) - Scheduled health check for volume org.apache.hadoop.ozone.container.common.volume.HddsVolume@525647f3
2019-07-30 20:32:52,194 INFO  impl.RaftServerProxy (ConfUtils.java:logGet(43)) - raft.rpc.type = GRPC (default)
2019-07-30 20:32:52,195 INFO  grpc.GrpcFactory (GrpcFactory.java:checkPooledByteBufAllocatorUseCacheForAllThreads(45)) - PERFORMANCE WARNING: useCacheForAllThreads is true that may cause Netty to create a lot garbage objects and, as a result, trigger GC.
	It is recommended to disable useCacheForAllThreads by setting -Dorg.apache.ratis.thirdparty.io.netty.allocator.useCacheForAllThreads=false in command line.
2019-07-30 20:32:52,195 INFO  grpc.GrpcConfigKeys$Server (ConfUtils.java:logGet(43)) - raft.grpc.server.port = 0 (default)
2019-07-30 20:32:52,195 INFO  server.GrpcService (ConfUtils.java:logGet(43)) - raft.grpc.message.size.max = 33570816 (custom)
2019-07-30 20:32:52,196 INFO  server.RaftServerConfigKeys (ConfUtils.java:logGet(43)) - raft.server.log.appender.buffer.byte-limit = 33554432 (custom)
2019-07-30 20:32:52,196 INFO  server.GrpcService (ConfUtils.java:logGet(43)) - raft.grpc.flow.control.window = 1MB (=1048576) (default)
2019-07-30 20:32:52,196 INFO  server.RaftServerConfigKeys (ConfUtils.java:logGet(43)) - raft.server.rpc.request.timeout = 3000ms (default)
2019-07-30 20:32:52,197 INFO  server.RaftServerConfigKeys (ConfUtils.java:logGet(43)) - raft.server.storage.dir = [/workdir/hadoop-ozone/integration-test/target/test-dir/MiniOzoneClusterImpl-7cb939c6-7192-4bf7-ab14-e1f6020d1bf6/datanode-3/data/ratis] (custom)
2019-07-30 20:32:52,197 INFO  replication.SimpleContainerDownloader (SimpleContainerDownloader.java:<init>(72)) - Starting container downloader service to copy containers to replicate.
2019-07-30 20:32:52,199 INFO  hdfs.DFSUtil (DFSUtil.java:httpServerTemplateForNNAndJN(1641)) - Starting Web-server for hddsDatanode at: http://0.0.0.0:0
2019-07-30 20:32:52,200 INFO  server.AuthenticationFilter (AuthenticationFilter.java:constructSecretProvider(240)) - Unable to initialize FileSignerSecretProvider, falling back to use random secrets.
2019-07-30 20:32:52,201 WARN  http.HttpRequestLog (HttpRequestLog.java:getRequestLog(97)) - Jetty request log can only be enabled using Log4j
2019-07-30 20:32:52,202 INFO  http.HttpServer2 (HttpServer2.java:addGlobalFilter(975)) - Added global filter 'safety' (class=org.apache.hadoop.http.HttpServer2$QuotingInputFilter)
2019-07-30 20:32:52,203 INFO  http.HttpServer2 (HttpServer2.java:addFilter(948)) - Added filter static_user_filter (class=org.apache.hadoop.http.lib.StaticUserWebFilter$StaticUserFilter) to context hddsDatanode
2019-07-30 20:32:52,203 INFO  http.HttpServer2 (HttpServer2.java:addFilter(958)) - Added filter static_user_filter (class=org.apache.hadoop.http.lib.StaticUserWebFilter$StaticUserFilter) to context logs
2019-07-30 20:32:52,203 INFO  http.HttpServer2 (HttpServer2.java:addFilter(958)) - Added filter static_user_filter (class=org.apache.hadoop.http.lib.StaticUserWebFilter$StaticUserFilter) to context static
2019-07-30 20:32:52,204 INFO  http.HttpServer2 (HttpServer2.java:bindListener(1191)) - Jetty bound to port 45779
2019-07-30 20:32:52,204 INFO  server.Server (Server.java:doStart(351)) - jetty-9.3.24.v20180605, build timestamp: 2018-06-05T17:11:56Z, git hash: 84205aa28f11a4f31f2a3b86d1bba2cc8ab69827
2019-07-30 20:32:52,207 INFO  handler.ContextHandler (ContextHandler.java:doStart(781)) - Started o.e.j.s.ServletContextHandler@5c313224{/logs,file:///workdir/hadoop-ozone/integration-test/target/log,AVAILABLE}
2019-07-30 20:32:52,207 INFO  handler.ContextHandler (ContextHandler.java:doStart(781)) - Started o.e.j.s.ServletContextHandler@4b957db0{/static,jar:file:/home/user/.m2/repository/org/apache/hadoop/hadoop-hdds-container-service/0.4.1-SNAPSHOT/hadoop-hdds-container-service-0.4.1-SNAPSHOT.jar!/webapps/static,AVAILABLE}
2019-07-30 20:32:52,244 INFO  handler.ContextHandler (ContextHandler.java:doStart(781)) - Started o.e.j.w.WebAppContext@69ed5ea2{/,file:///tmp/jetty-0.0.0.0-45779-hddsDatanode-_-any-7116024976040777124.dir/webapp/,AVAILABLE}{/hddsDatanode}
2019-07-30 20:32:52,245 INFO  server.AbstractConnector (AbstractConnector.java:doStart(278)) - Started ServerConnector@56a4abd0{HTTP/1.1,[http/1.1]}{0.0.0.0:45779}
2019-07-30 20:32:52,247 INFO  server.Server (Server.java:doStart(419)) - Started @6670ms
2019-07-30 20:32:52,248 INFO  server.BaseHttpServer (BaseHttpServer.java:updateConnectorAddress(207)) - HTTP server of HDDSDATANODE is listening at http://0.0.0.0:45779
2019-07-30 20:32:52,377 INFO  ozone.HddsDatanodeService (HddsDatanodeService.java:startPlugins(395)) - Started plug-in org.apache.hadoop.ozone.web.OzoneHddsDatanodeService@2589d787
2019-07-30 20:32:52,378 INFO  impl.MetricsSystemImpl (MetricsSystemImpl.java:init(158)) - HddsDatanode metrics system started (again)
2019-07-30 20:32:52,381 INFO  ozone.HddsDatanodeService (HddsDatanodeService.java:start(184)) - HddsDatanodeService host:byscane-nightly-zbvcj-1516659162 ip:192.168.69.110
2019-07-30 20:32:52,382 INFO  util.JvmPauseMonitor (JvmPauseMonitor.java:run(188)) - Starting JVM pause monitor
2019-07-30 20:32:52,385 INFO  datanode.InitDatanodeState (InitDatanodeState.java:persistContainerDatanodeDetails(140)) - DatanodeDetails is persisted to /workdir/hadoop-ozone/integration-test/target/test-dir/MiniOzoneClusterImpl-7cb939c6-7192-4bf7-ab14-e1f6020d1bf6/datanode-3/meta/datanode.id
2019-07-30 20:32:52,389 INFO  volume.HddsVolume (HddsVolume.java:<init>(176)) - Creating Volume: /workdir/hadoop-ozone/integration-test/target/test-dir/MiniOzoneClusterImpl-7cb939c6-7192-4bf7-ab14-e1f6020d1bf6/datanode-4/data/containers/hdds of  storage type : DISK and capacity : 52710309888
2019-07-30 20:32:52,390 INFO  volume.VolumeSet (VolumeSet.java:initializeVolumeSet(170)) - Added Volume : /workdir/hadoop-ozone/integration-test/target/test-dir/MiniOzoneClusterImpl-7cb939c6-7192-4bf7-ab14-e1f6020d1bf6/datanode-4/data/containers/hdds to VolumeSet
2019-07-30 20:32:52,390 INFO  volume.ThrottledAsyncChecker (ThrottledAsyncChecker.java:schedule(140)) - Scheduling a check for org.apache.hadoop.ozone.container.common.volume.HddsVolume@45037e16
2019-07-30 20:32:52,391 INFO  volume.HddsVolumeChecker (HddsVolumeChecker.java:checkAllVolumes(203)) - Scheduled health check for volume org.apache.hadoop.ozone.container.common.volume.HddsVolume@45037e16
2019-07-30 20:32:52,404 INFO  impl.RaftServerProxy (ConfUtils.java:logGet(43)) - raft.rpc.type = GRPC (default)
2019-07-30 20:32:52,404 INFO  grpc.GrpcFactory (GrpcFactory.java:checkPooledByteBufAllocatorUseCacheForAllThreads(45)) - PERFORMANCE WARNING: useCacheForAllThreads is true that may cause Netty to create a lot garbage objects and, as a result, trigger GC.
	It is recommended to disable useCacheForAllThreads by setting -Dorg.apache.ratis.thirdparty.io.netty.allocator.useCacheForAllThreads=false in command line.
2019-07-30 20:32:52,405 INFO  grpc.GrpcConfigKeys$Server (ConfUtils.java:logGet(43)) - raft.grpc.server.port = 0 (default)
2019-07-30 20:32:52,405 INFO  server.GrpcService (ConfUtils.java:logGet(43)) - raft.grpc.message.size.max = 33570816 (custom)
2019-07-30 20:32:52,405 INFO  server.RaftServerConfigKeys (ConfUtils.java:logGet(43)) - raft.server.log.appender.buffer.byte-limit = 33554432 (custom)
2019-07-30 20:32:52,405 INFO  server.GrpcService (ConfUtils.java:logGet(43)) - raft.grpc.flow.control.window = 1MB (=1048576) (default)
2019-07-30 20:32:52,406 INFO  server.RaftServerConfigKeys (ConfUtils.java:logGet(43)) - raft.server.rpc.request.timeout = 3000ms (default)
2019-07-30 20:32:52,406 INFO  server.RaftServerConfigKeys (ConfUtils.java:logGet(43)) - raft.server.storage.dir = [/workdir/hadoop-ozone/integration-test/target/test-dir/MiniOzoneClusterImpl-7cb939c6-7192-4bf7-ab14-e1f6020d1bf6/datanode-4/data/ratis] (custom)
2019-07-30 20:32:52,407 INFO  replication.SimpleContainerDownloader (SimpleContainerDownloader.java:<init>(72)) - Starting container downloader service to copy containers to replicate.
2019-07-30 20:32:52,408 INFO  hdfs.DFSUtil (DFSUtil.java:httpServerTemplateForNNAndJN(1641)) - Starting Web-server for hddsDatanode at: http://0.0.0.0:0
2019-07-30 20:32:52,409 INFO  server.AuthenticationFilter (AuthenticationFilter.java:constructSecretProvider(240)) - Unable to initialize FileSignerSecretProvider, falling back to use random secrets.
2019-07-30 20:32:52,410 WARN  http.HttpRequestLog (HttpRequestLog.java:getRequestLog(97)) - Jetty request log can only be enabled using Log4j
2019-07-30 20:32:52,411 INFO  http.HttpServer2 (HttpServer2.java:addGlobalFilter(975)) - Added global filter 'safety' (class=org.apache.hadoop.http.HttpServer2$QuotingInputFilter)
2019-07-30 20:32:52,411 INFO  http.HttpServer2 (HttpServer2.java:addFilter(948)) - Added filter static_user_filter (class=org.apache.hadoop.http.lib.StaticUserWebFilter$StaticUserFilter) to context hddsDatanode
2019-07-30 20:32:52,412 INFO  http.HttpServer2 (HttpServer2.java:addFilter(958)) - Added filter static_user_filter (class=org.apache.hadoop.http.lib.StaticUserWebFilter$StaticUserFilter) to context static
2019-07-30 20:32:52,412 INFO  http.HttpServer2 (HttpServer2.java:addFilter(958)) - Added filter static_user_filter (class=org.apache.hadoop.http.lib.StaticUserWebFilter$StaticUserFilter) to context logs
2019-07-30 20:32:52,412 INFO  http.HttpServer2 (HttpServer2.java:bindListener(1191)) - Jetty bound to port 37308
2019-07-30 20:32:52,413 INFO  server.Server (Server.java:doStart(351)) - jetty-9.3.24.v20180605, build timestamp: 2018-06-05T17:11:56Z, git hash: 84205aa28f11a4f31f2a3b86d1bba2cc8ab69827
2019-07-30 20:32:52,418 INFO  handler.ContextHandler (ContextHandler.java:doStart(781)) - Started o.e.j.s.ServletContextHandler@2dbfa972{/logs,file:///workdir/hadoop-ozone/integration-test/target/log,AVAILABLE}
2019-07-30 20:32:52,418 INFO  handler.ContextHandler (ContextHandler.java:doStart(781)) - Started o.e.j.s.ServletContextHandler@41aebbb4{/static,jar:file:/home/user/.m2/repository/org/apache/hadoop/hadoop-hdds-container-service/0.4.1-SNAPSHOT/hadoop-hdds-container-service-0.4.1-SNAPSHOT.jar!/webapps/static,AVAILABLE}
2019-07-30 20:32:52,446 INFO  handler.ContextHandler (ContextHandler.java:doStart(781)) - Started o.e.j.w.WebAppContext@6629643d{/,file:///tmp/jetty-0.0.0.0-37308-hddsDatanode-_-any-4407272796888741600.dir/webapp/,AVAILABLE}{/hddsDatanode}
2019-07-30 20:32:52,447 INFO  server.AbstractConnector (AbstractConnector.java:doStart(278)) - Started ServerConnector@2dd178f3{HTTP/1.1,[http/1.1]}{0.0.0.0:37308}
2019-07-30 20:32:52,448 INFO  server.Server (Server.java:doStart(419)) - Started @6872ms
2019-07-30 20:32:52,449 INFO  server.BaseHttpServer (BaseHttpServer.java:updateConnectorAddress(207)) - HTTP server of HDDSDATANODE is listening at http://0.0.0.0:37308
2019-07-30 20:32:52,587 INFO  ozone.HddsDatanodeService (HddsDatanodeService.java:startPlugins(395)) - Started plug-in org.apache.hadoop.ozone.web.OzoneHddsDatanodeService@7364f68
2019-07-30 20:32:52,587 INFO  impl.MetricsSystemImpl (MetricsSystemImpl.java:init(158)) - HddsDatanode metrics system started (again)
2019-07-30 20:32:52,592 INFO  ozone.HddsDatanodeService (HddsDatanodeService.java:start(184)) - HddsDatanodeService host:byscane-nightly-zbvcj-1516659162 ip:192.168.69.110
2019-07-30 20:32:52,592 INFO  util.JvmPauseMonitor (JvmPauseMonitor.java:run(188)) - Starting JVM pause monitor
2019-07-30 20:32:52,595 INFO  datanode.InitDatanodeState (InitDatanodeState.java:persistContainerDatanodeDetails(140)) - DatanodeDetails is persisted to /workdir/hadoop-ozone/integration-test/target/test-dir/MiniOzoneClusterImpl-7cb939c6-7192-4bf7-ab14-e1f6020d1bf6/datanode-4/meta/datanode.id
2019-07-30 20:32:52,602 INFO  volume.HddsVolume (HddsVolume.java:<init>(176)) - Creating Volume: /workdir/hadoop-ozone/integration-test/target/test-dir/MiniOzoneClusterImpl-7cb939c6-7192-4bf7-ab14-e1f6020d1bf6/datanode-5/data/containers/hdds of  storage type : DISK and capacity : 52710309888
2019-07-30 20:32:52,602 INFO  volume.VolumeSet (VolumeSet.java:initializeVolumeSet(170)) - Added Volume : /workdir/hadoop-ozone/integration-test/target/test-dir/MiniOzoneClusterImpl-7cb939c6-7192-4bf7-ab14-e1f6020d1bf6/datanode-5/data/containers/hdds to VolumeSet
2019-07-30 20:32:52,603 INFO  volume.ThrottledAsyncChecker (ThrottledAsyncChecker.java:schedule(140)) - Scheduling a check for org.apache.hadoop.ozone.container.common.volume.HddsVolume@147cc940
2019-07-30 20:32:52,603 INFO  volume.HddsVolumeChecker (HddsVolumeChecker.java:checkAllVolumes(203)) - Scheduled health check for volume org.apache.hadoop.ozone.container.common.volume.HddsVolume@147cc940
2019-07-30 20:32:52,620 INFO  impl.RaftServerProxy (ConfUtils.java:logGet(43)) - raft.rpc.type = GRPC (default)
2019-07-30 20:32:52,621 INFO  grpc.GrpcFactory (GrpcFactory.java:checkPooledByteBufAllocatorUseCacheForAllThreads(45)) - PERFORMANCE WARNING: useCacheForAllThreads is true that may cause Netty to create a lot garbage objects and, as a result, trigger GC.
	It is recommended to disable useCacheForAllThreads by setting -Dorg.apache.ratis.thirdparty.io.netty.allocator.useCacheForAllThreads=false in command line.
2019-07-30 20:32:52,621 INFO  grpc.GrpcConfigKeys$Server (ConfUtils.java:logGet(43)) - raft.grpc.server.port = 0 (default)
2019-07-30 20:32:52,621 INFO  server.GrpcService (ConfUtils.java:logGet(43)) - raft.grpc.message.size.max = 33570816 (custom)
2019-07-30 20:32:52,622 INFO  server.RaftServerConfigKeys (ConfUtils.java:logGet(43)) - raft.server.log.appender.buffer.byte-limit = 33554432 (custom)
2019-07-30 20:32:52,622 INFO  server.GrpcService (ConfUtils.java:logGet(43)) - raft.grpc.flow.control.window = 1MB (=1048576) (default)
2019-07-30 20:32:52,622 INFO  server.RaftServerConfigKeys (ConfUtils.java:logGet(43)) - raft.server.rpc.request.timeout = 3000ms (default)
2019-07-30 20:32:52,623 INFO  server.RaftServerConfigKeys (ConfUtils.java:logGet(43)) - raft.server.storage.dir = [/workdir/hadoop-ozone/integration-test/target/test-dir/MiniOzoneClusterImpl-7cb939c6-7192-4bf7-ab14-e1f6020d1bf6/datanode-5/data/ratis] (custom)
2019-07-30 20:32:52,624 INFO  replication.SimpleContainerDownloader (SimpleContainerDownloader.java:<init>(72)) - Starting container downloader service to copy containers to replicate.
2019-07-30 20:32:52,625 INFO  hdfs.DFSUtil (DFSUtil.java:httpServerTemplateForNNAndJN(1641)) - Starting Web-server for hddsDatanode at: http://0.0.0.0:0
2019-07-30 20:32:52,628 INFO  server.AuthenticationFilter (AuthenticationFilter.java:constructSecretProvider(240)) - Unable to initialize FileSignerSecretProvider, falling back to use random secrets.
2019-07-30 20:32:52,629 WARN  http.HttpRequestLog (HttpRequestLog.java:getRequestLog(97)) - Jetty request log can only be enabled using Log4j
2019-07-30 20:32:52,632 INFO  http.HttpServer2 (HttpServer2.java:addGlobalFilter(975)) - Added global filter 'safety' (class=org.apache.hadoop.http.HttpServer2$QuotingInputFilter)
2019-07-30 20:32:52,633 INFO  http.HttpServer2 (HttpServer2.java:addFilter(948)) - Added filter static_user_filter (class=org.apache.hadoop.http.lib.StaticUserWebFilter$StaticUserFilter) to context hddsDatanode
2019-07-30 20:32:52,633 INFO  http.HttpServer2 (HttpServer2.java:addFilter(958)) - Added filter static_user_filter (class=org.apache.hadoop.http.lib.StaticUserWebFilter$StaticUserFilter) to context static
2019-07-30 20:32:52,633 INFO  http.HttpServer2 (HttpServer2.java:addFilter(958)) - Added filter static_user_filter (class=org.apache.hadoop.http.lib.StaticUserWebFilter$StaticUserFilter) to context logs
2019-07-30 20:32:52,635 INFO  http.HttpServer2 (HttpServer2.java:bindListener(1191)) - Jetty bound to port 33846
2019-07-30 20:32:52,636 INFO  server.Server (Server.java:doStart(351)) - jetty-9.3.24.v20180605, build timestamp: 2018-06-05T17:11:56Z, git hash: 84205aa28f11a4f31f2a3b86d1bba2cc8ab69827
2019-07-30 20:32:52,639 INFO  handler.ContextHandler (ContextHandler.java:doStart(781)) - Started o.e.j.s.ServletContextHandler@1de13f34{/logs,file:///workdir/hadoop-ozone/integration-test/target/log,AVAILABLE}
2019-07-30 20:32:52,640 INFO  handler.ContextHandler (ContextHandler.java:doStart(781)) - Started o.e.j.s.ServletContextHandler@6562cc23{/static,jar:file:/home/user/.m2/repository/org/apache/hadoop/hadoop-hdds-container-service/0.4.1-SNAPSHOT/hadoop-hdds-container-service-0.4.1-SNAPSHOT.jar!/webapps/static,AVAILABLE}
2019-07-30 20:32:52,677 INFO  handler.ContextHandler (ContextHandler.java:doStart(781)) - Started o.e.j.w.WebAppContext@9b367c8{/,file:///tmp/jetty-0.0.0.0-33846-hddsDatanode-_-any-3613682107882562334.dir/webapp/,AVAILABLE}{/hddsDatanode}
2019-07-30 20:32:52,678 INFO  server.AbstractConnector (AbstractConnector.java:doStart(278)) - Started ServerConnector@34c62fdf{HTTP/1.1,[http/1.1]}{0.0.0.0:33846}
2019-07-30 20:32:52,679 INFO  server.Server (Server.java:doStart(419)) - Started @7103ms
2019-07-30 20:32:52,680 INFO  server.BaseHttpServer (BaseHttpServer.java:updateConnectorAddress(207)) - HTTP server of HDDSDATANODE is listening at http://0.0.0.0:33846
2019-07-30 20:32:52,821 INFO  ozone.HddsDatanodeService (HddsDatanodeService.java:startPlugins(395)) - Started plug-in org.apache.hadoop.ozone.web.OzoneHddsDatanodeService@74fb5b59
2019-07-30 20:32:52,821 INFO  impl.MetricsSystemImpl (MetricsSystemImpl.java:init(158)) - HddsDatanode metrics system started (again)
2019-07-30 20:32:52,825 INFO  ozone.HddsDatanodeService (HddsDatanodeService.java:start(184)) - HddsDatanodeService host:byscane-nightly-zbvcj-1516659162 ip:192.168.69.110
2019-07-30 20:32:52,826 INFO  util.JvmPauseMonitor (JvmPauseMonitor.java:run(188)) - Starting JVM pause monitor
2019-07-30 20:32:52,829 INFO  datanode.InitDatanodeState (InitDatanodeState.java:persistContainerDatanodeDetails(140)) - DatanodeDetails is persisted to /workdir/hadoop-ozone/integration-test/target/test-dir/MiniOzoneClusterImpl-7cb939c6-7192-4bf7-ab14-e1f6020d1bf6/datanode-5/meta/datanode.id
2019-07-30 20:32:52,834 INFO  volume.HddsVolume (HddsVolume.java:<init>(176)) - Creating Volume: /workdir/hadoop-ozone/integration-test/target/test-dir/MiniOzoneClusterImpl-7cb939c6-7192-4bf7-ab14-e1f6020d1bf6/datanode-6/data/containers/hdds of  storage type : DISK and capacity : 52710309888
2019-07-30 20:32:52,834 INFO  volume.VolumeSet (VolumeSet.java:initializeVolumeSet(170)) - Added Volume : /workdir/hadoop-ozone/integration-test/target/test-dir/MiniOzoneClusterImpl-7cb939c6-7192-4bf7-ab14-e1f6020d1bf6/datanode-6/data/containers/hdds to VolumeSet
2019-07-30 20:32:52,834 INFO  volume.ThrottledAsyncChecker (ThrottledAsyncChecker.java:schedule(140)) - Scheduling a check for org.apache.hadoop.ozone.container.common.volume.HddsVolume@65f3e805
2019-07-30 20:32:52,835 INFO  volume.HddsVolumeChecker (HddsVolumeChecker.java:checkAllVolumes(203)) - Scheduled health check for volume org.apache.hadoop.ozone.container.common.volume.HddsVolume@65f3e805
2019-07-30 20:32:52,853 INFO  impl.RaftServerProxy (ConfUtils.java:logGet(43)) - raft.rpc.type = GRPC (default)
2019-07-30 20:32:52,853 INFO  grpc.GrpcFactory (GrpcFactory.java:checkPooledByteBufAllocatorUseCacheForAllThreads(45)) - PERFORMANCE WARNING: useCacheForAllThreads is true that may cause Netty to create a lot garbage objects and, as a result, trigger GC.
	It is recommended to disable useCacheForAllThreads by setting -Dorg.apache.ratis.thirdparty.io.netty.allocator.useCacheForAllThreads=false in command line.
2019-07-30 20:32:52,853 INFO  grpc.GrpcConfigKeys$Server (ConfUtils.java:logGet(43)) - raft.grpc.server.port = 0 (default)
2019-07-30 20:32:52,853 INFO  server.GrpcService (ConfUtils.java:logGet(43)) - raft.grpc.message.size.max = 33570816 (custom)
2019-07-30 20:32:52,854 INFO  server.RaftServerConfigKeys (ConfUtils.java:logGet(43)) - raft.server.log.appender.buffer.byte-limit = 33554432 (custom)
2019-07-30 20:32:52,854 INFO  server.GrpcService (ConfUtils.java:logGet(43)) - raft.grpc.flow.control.window = 1MB (=1048576) (default)
2019-07-30 20:32:52,854 INFO  server.RaftServerConfigKeys (ConfUtils.java:logGet(43)) - raft.server.rpc.request.timeout = 3000ms (default)
2019-07-30 20:32:52,855 INFO  server.RaftServerConfigKeys (ConfUtils.java:logGet(43)) - raft.server.storage.dir = [/workdir/hadoop-ozone/integration-test/target/test-dir/MiniOzoneClusterImpl-7cb939c6-7192-4bf7-ab14-e1f6020d1bf6/datanode-6/data/ratis] (custom)
2019-07-30 20:32:52,855 INFO  replication.SimpleContainerDownloader (SimpleContainerDownloader.java:<init>(72)) - Starting container downloader service to copy containers to replicate.
2019-07-30 20:32:52,857 INFO  hdfs.DFSUtil (DFSUtil.java:httpServerTemplateForNNAndJN(1641)) - Starting Web-server for hddsDatanode at: http://0.0.0.0:0
2019-07-30 20:32:52,859 INFO  server.AuthenticationFilter (AuthenticationFilter.java:constructSecretProvider(240)) - Unable to initialize FileSignerSecretProvider, falling back to use random secrets.
2019-07-30 20:32:52,859 WARN  http.HttpRequestLog (HttpRequestLog.java:getRequestLog(97)) - Jetty request log can only be enabled using Log4j
2019-07-30 20:32:52,862 INFO  http.HttpServer2 (HttpServer2.java:addGlobalFilter(975)) - Added global filter 'safety' (class=org.apache.hadoop.http.HttpServer2$QuotingInputFilter)
2019-07-30 20:32:52,863 INFO  http.HttpServer2 (HttpServer2.java:addFilter(948)) - Added filter static_user_filter (class=org.apache.hadoop.http.lib.StaticUserWebFilter$StaticUserFilter) to context hddsDatanode
2019-07-30 20:32:52,863 INFO  http.HttpServer2 (HttpServer2.java:addFilter(958)) - Added filter static_user_filter (class=org.apache.hadoop.http.lib.StaticUserWebFilter$StaticUserFilter) to context logs
2019-07-30 20:32:52,863 INFO  http.HttpServer2 (HttpServer2.java:addFilter(958)) - Added filter static_user_filter (class=org.apache.hadoop.http.lib.StaticUserWebFilter$StaticUserFilter) to context static
2019-07-30 20:32:52,864 INFO  http.HttpServer2 (HttpServer2.java:bindListener(1191)) - Jetty bound to port 36267
2019-07-30 20:32:52,864 INFO  server.Server (Server.java:doStart(351)) - jetty-9.3.24.v20180605, build timestamp: 2018-06-05T17:11:56Z, git hash: 84205aa28f11a4f31f2a3b86d1bba2cc8ab69827
2019-07-30 20:32:52,867 INFO  handler.ContextHandler (ContextHandler.java:doStart(781)) - Started o.e.j.s.ServletContextHandler@59918c8f{/logs,file:///workdir/hadoop-ozone/integration-test/target/log,AVAILABLE}
2019-07-30 20:32:52,868 INFO  handler.ContextHandler (ContextHandler.java:doStart(781)) - Started o.e.j.s.ServletContextHandler@1c74d19{/static,jar:file:/home/user/.m2/repository/org/apache/hadoop/hadoop-hdds-container-service/0.4.1-SNAPSHOT/hadoop-hdds-container-service-0.4.1-SNAPSHOT.jar!/webapps/static,AVAILABLE}
2019-07-30 20:32:52,911 INFO  handler.ContextHandler (ContextHandler.java:doStart(781)) - Started o.e.j.w.WebAppContext@716f94c1{/,file:///tmp/jetty-0.0.0.0-36267-hddsDatanode-_-any-5844143419349884143.dir/webapp/,AVAILABLE}{/hddsDatanode}
2019-07-30 20:32:52,912 INFO  server.AbstractConnector (AbstractConnector.java:doStart(278)) - Started ServerConnector@53feeac9{HTTP/1.1,[http/1.1]}{0.0.0.0:36267}
2019-07-30 20:32:52,913 INFO  server.Server (Server.java:doStart(419)) - Started @7337ms
2019-07-30 20:32:52,914 INFO  server.BaseHttpServer (BaseHttpServer.java:updateConnectorAddress(207)) - HTTP server of HDDSDATANODE is listening at http://0.0.0.0:36267
2019-07-30 20:32:53,173 INFO  ozone.HddsDatanodeService (HddsDatanodeService.java:startPlugins(395)) - Started plug-in org.apache.hadoop.ozone.web.OzoneHddsDatanodeService@7a55fb81
2019-07-30 20:32:53,176 INFO  ozone.MiniOzoneClusterImpl (MiniOzoneClusterImpl.java:lambda$waitForClusterToBeReady$0(142)) - Waiting for cluster to be ready. Got 0 of 7 DN Heartbeats.
2019-07-30 20:32:53,177 INFO  util.JvmPauseMonitor (JvmPauseMonitor.java:run(188)) - Starting JVM pause monitor
2019-07-30 20:32:53,179 INFO  datanode.InitDatanodeState (InitDatanodeState.java:persistContainerDatanodeDetails(140)) - DatanodeDetails is persisted to /workdir/hadoop-ozone/integration-test/target/test-dir/MiniOzoneClusterImpl-7cb939c6-7192-4bf7-ab14-e1f6020d1bf6/datanode-6/meta/datanode.id
2019-07-30 20:32:53,718 INFO  ozoneimpl.OzoneContainer (OzoneContainer.java:start(186)) - Attempting to start container services.
2019-07-30 20:32:53,720 INFO  ozoneimpl.OzoneContainer (OzoneContainer.java:startContainerScrub(160)) - Background container scrubber has been disabled by hdds.containerscrub.enabled
2019-07-30 20:32:53,721 INFO  ratis.XceiverServerRatis (XceiverServerRatis.java:start(404)) - Starting XceiverServerRatis 15d63d55-5425-4f9e-924f-bb6d86c8b3d1 at port 0
2019-07-30 20:32:53,741 INFO  impl.RaftServerProxy (RaftServerProxy.java:lambda$start$3(299)) - 15d63d55-5425-4f9e-924f-bb6d86c8b3d1: start RPC server
2019-07-30 20:32:53,860 INFO  server.GrpcService (GrpcService.java:startImpl(149)) - 15d63d55-5425-4f9e-924f-bb6d86c8b3d1: GrpcService started, listening on 0.0.0.0/0.0.0.0:41112
2019-07-30 20:32:53,861 INFO  ratis.XceiverServerRatis (XceiverServerRatis.java:start(414)) - XceiverServerRatis 15d63d55-5425-4f9e-924f-bb6d86c8b3d1 is started using port 41112
2019-07-30 20:32:53,863 INFO  server.XceiverServerGrpc (XceiverServerGrpc.java:start(161)) - XceiverServerGrpc 15d63d55-5425-4f9e-924f-bb6d86c8b3d1 is started using port 39331
2019-07-30 20:32:53,940 INFO  ozoneimpl.OzoneContainer (OzoneContainer.java:start(186)) - Attempting to start container services.
2019-07-30 20:32:53,943 INFO  ozoneimpl.OzoneContainer (OzoneContainer.java:startContainerScrub(160)) - Background container scrubber has been disabled by hdds.containerscrub.enabled
2019-07-30 20:32:53,943 INFO  ratis.XceiverServerRatis (XceiverServerRatis.java:start(404)) - Starting XceiverServerRatis 149a6df2-8f84-4eb8-9c42-b18db607508c at port 0
2019-07-30 20:32:53,952 INFO  impl.RaftServerProxy (RaftServerProxy.java:lambda$start$3(299)) - 149a6df2-8f84-4eb8-9c42-b18db607508c: start RPC server
2019-07-30 20:32:53,956 INFO  server.GrpcService (GrpcService.java:startImpl(149)) - 149a6df2-8f84-4eb8-9c42-b18db607508c: GrpcService started, listening on 0.0.0.0/0.0.0.0:32867
2019-07-30 20:32:53,956 INFO  ratis.XceiverServerRatis (XceiverServerRatis.java:start(414)) - XceiverServerRatis 149a6df2-8f84-4eb8-9c42-b18db607508c is started using port 32867
2019-07-30 20:32:53,958 INFO  server.XceiverServerGrpc (XceiverServerGrpc.java:start(161)) - XceiverServerGrpc 149a6df2-8f84-4eb8-9c42-b18db607508c is started using port 35979
2019-07-30 20:32:54,177 INFO  ozone.MiniOzoneClusterImpl (MiniOzoneClusterImpl.java:lambda$waitForClusterToBeReady$0(142)) - Waiting for cluster to be ready. Got 0 of 7 DN Heartbeats.
2019-07-30 20:32:54,189 INFO  ozoneimpl.OzoneContainer (OzoneContainer.java:start(186)) - Attempting to start container services.
2019-07-30 20:32:54,192 INFO  ozoneimpl.OzoneContainer (OzoneContainer.java:startContainerScrub(160)) - Background container scrubber has been disabled by hdds.containerscrub.enabled
2019-07-30 20:32:54,192 INFO  ratis.XceiverServerRatis (XceiverServerRatis.java:start(404)) - Starting XceiverServerRatis 76464ee5-672b-45f0-89da-4be886f178dd at port 0
2019-07-30 20:32:54,200 INFO  impl.RaftServerProxy (RaftServerProxy.java:lambda$start$3(299)) - 76464ee5-672b-45f0-89da-4be886f178dd: start RPC server
2019-07-30 20:32:54,203 INFO  server.GrpcService (GrpcService.java:startImpl(149)) - 76464ee5-672b-45f0-89da-4be886f178dd: GrpcService started, listening on 0.0.0.0/0.0.0.0:42534
2019-07-30 20:32:54,204 INFO  ratis.XceiverServerRatis (XceiverServerRatis.java:start(414)) - XceiverServerRatis 76464ee5-672b-45f0-89da-4be886f178dd is started using port 42534
2019-07-30 20:32:54,208 INFO  server.XceiverServerGrpc (XceiverServerGrpc.java:start(161)) - XceiverServerGrpc 76464ee5-672b-45f0-89da-4be886f178dd is started using port 35052
2019-07-30 20:32:54,400 INFO  ozoneimpl.OzoneContainer (OzoneContainer.java:start(186)) - Attempting to start container services.
2019-07-30 20:32:54,406 INFO  ozoneimpl.OzoneContainer (OzoneContainer.java:startContainerScrub(160)) - Background container scrubber has been disabled by hdds.containerscrub.enabled
2019-07-30 20:32:54,406 INFO  ratis.XceiverServerRatis (XceiverServerRatis.java:start(404)) - Starting XceiverServerRatis cbfce143-889c-4770-a501-1d8ca18dcfe4 at port 0
2019-07-30 20:32:54,413 INFO  impl.RaftServerProxy (RaftServerProxy.java:lambda$start$3(299)) - cbfce143-889c-4770-a501-1d8ca18dcfe4: start RPC server
2019-07-30 20:32:54,417 INFO  server.GrpcService (GrpcService.java:startImpl(149)) - cbfce143-889c-4770-a501-1d8ca18dcfe4: GrpcService started, listening on 0.0.0.0/0.0.0.0:44808
2019-07-30 20:32:54,417 INFO  ratis.XceiverServerRatis (XceiverServerRatis.java:start(414)) - XceiverServerRatis cbfce143-889c-4770-a501-1d8ca18dcfe4 is started using port 44808
2019-07-30 20:32:54,420 INFO  server.XceiverServerGrpc (XceiverServerGrpc.java:start(161)) - XceiverServerGrpc cbfce143-889c-4770-a501-1d8ca18dcfe4 is started using port 33381
2019-07-30 20:32:54,616 INFO  ozoneimpl.OzoneContainer (OzoneContainer.java:start(186)) - Attempting to start container services.
2019-07-30 20:32:54,617 INFO  ozoneimpl.OzoneContainer (OzoneContainer.java:startContainerScrub(160)) - Background container scrubber has been disabled by hdds.containerscrub.enabled
2019-07-30 20:32:54,617 INFO  ratis.XceiverServerRatis (XceiverServerRatis.java:start(404)) - Starting XceiverServerRatis 608044c8-53fb-4b7c-951c-cbbda4d80253 at port 0
2019-07-30 20:32:54,624 INFO  impl.RaftServerProxy (RaftServerProxy.java:lambda$start$3(299)) - 608044c8-53fb-4b7c-951c-cbbda4d80253: start RPC server
2019-07-30 20:32:54,627 INFO  server.GrpcService (GrpcService.java:startImpl(149)) - 608044c8-53fb-4b7c-951c-cbbda4d80253: GrpcService started, listening on 0.0.0.0/0.0.0.0:34476
2019-07-30 20:32:54,627 INFO  ratis.XceiverServerRatis (XceiverServerRatis.java:start(414)) - XceiverServerRatis 608044c8-53fb-4b7c-951c-cbbda4d80253 is started using port 34476
2019-07-30 20:32:54,631 INFO  server.XceiverServerGrpc (XceiverServerGrpc.java:start(161)) - XceiverServerGrpc 608044c8-53fb-4b7c-951c-cbbda4d80253 is started using port 40896
2019-07-30 20:32:54,844 INFO  ozoneimpl.OzoneContainer (OzoneContainer.java:start(186)) - Attempting to start container services.
2019-07-30 20:32:54,844 INFO  ozoneimpl.OzoneContainer (OzoneContainer.java:startContainerScrub(160)) - Background container scrubber has been disabled by hdds.containerscrub.enabled
2019-07-30 20:32:54,844 INFO  ratis.XceiverServerRatis (XceiverServerRatis.java:start(404)) - Starting XceiverServerRatis 0bec79a0-044c-4152-be2c-6518dfa6fb11 at port 0
2019-07-30 20:32:54,852 INFO  impl.RaftServerProxy (RaftServerProxy.java:lambda$start$3(299)) - 0bec79a0-044c-4152-be2c-6518dfa6fb11: start RPC server
2019-07-30 20:32:54,857 INFO  server.GrpcService (GrpcService.java:startImpl(149)) - 0bec79a0-044c-4152-be2c-6518dfa6fb11: GrpcService started, listening on 0.0.0.0/0.0.0.0:37609
2019-07-30 20:32:54,857 INFO  ratis.XceiverServerRatis (XceiverServerRatis.java:start(414)) - XceiverServerRatis 0bec79a0-044c-4152-be2c-6518dfa6fb11 is started using port 37609
2019-07-30 20:32:54,860 INFO  server.XceiverServerGrpc (XceiverServerGrpc.java:start(161)) - XceiverServerGrpc 0bec79a0-044c-4152-be2c-6518dfa6fb11 is started using port 41740
2019-07-30 20:32:55,179 INFO  ozone.MiniOzoneClusterImpl (MiniOzoneClusterImpl.java:lambda$waitForClusterToBeReady$0(142)) - Waiting for cluster to be ready. Got 0 of 7 DN Heartbeats.
2019-07-30 20:32:55,194 INFO  ozoneimpl.OzoneContainer (OzoneContainer.java:start(186)) - Attempting to start container services.
2019-07-30 20:32:55,194 INFO  ozoneimpl.OzoneContainer (OzoneContainer.java:startContainerScrub(160)) - Background container scrubber has been disabled by hdds.containerscrub.enabled
2019-07-30 20:32:55,195 INFO  ratis.XceiverServerRatis (XceiverServerRatis.java:start(404)) - Starting XceiverServerRatis ffc6d8b2-0a60-49a9-898c-52c221eb4361 at port 0
2019-07-30 20:32:55,201 INFO  impl.RaftServerProxy (RaftServerProxy.java:lambda$start$3(299)) - ffc6d8b2-0a60-49a9-898c-52c221eb4361: start RPC server
2019-07-30 20:32:55,206 INFO  server.GrpcService (GrpcService.java:startImpl(149)) - ffc6d8b2-0a60-49a9-898c-52c221eb4361: GrpcService started, listening on 0.0.0.0/0.0.0.0:33792
2019-07-30 20:32:55,206 INFO  ratis.XceiverServerRatis (XceiverServerRatis.java:start(414)) - XceiverServerRatis ffc6d8b2-0a60-49a9-898c-52c221eb4361 is started using port 33792
2019-07-30 20:32:55,209 INFO  server.XceiverServerGrpc (XceiverServerGrpc.java:start(161)) - XceiverServerGrpc ffc6d8b2-0a60-49a9-898c-52c221eb4361 is started using port 43426
2019-07-30 20:32:55,706 INFO  net.NetworkTopology (NetworkTopologyImpl.java:add(110)) - Added a new node: /default-rack/15d63d55-5425-4f9e-924f-bb6d86c8b3d1
2019-07-30 20:32:55,706 INFO  node.SCMNodeManager (SCMNodeManager.java:register(273)) - Registered Data node : 15d63d55-5425-4f9e-924f-bb6d86c8b3d1{ip: 192.168.69.110, host: byscane-nightly-zbvcj-1516659162, networkLocation: /default-rack, certSerialId: null}
2019-07-30 20:32:55,712 INFO  safemode.SCMSafeModeManager (DataNodeSafeModeRule.java:process(71)) - SCM in safe mode. 1 DataNodes registered, 1 required.
2019-07-30 20:32:55,712 INFO  safemode.SCMSafeModeManager (SCMSafeModeManager.java:validateSafeModeExitRules(177)) - ScmSafeModeManager, all rules are successfully validated
2019-07-30 20:32:55,712 INFO  safemode.SCMSafeModeManager (SCMSafeModeManager.java:exitSafeMode(193)) - SCM exiting safe mode.
2019-07-30 20:32:55,927 INFO  net.NetworkTopology (NetworkTopologyImpl.java:add(110)) - Added a new node: /default-rack/149a6df2-8f84-4eb8-9c42-b18db607508c
2019-07-30 20:32:55,927 INFO  node.SCMNodeManager (SCMNodeManager.java:register(273)) - Registered Data node : 149a6df2-8f84-4eb8-9c42-b18db607508c{ip: 192.168.69.110, host: byscane-nightly-zbvcj-1516659162, networkLocation: /default-rack, certSerialId: null}
2019-07-30 20:32:56,175 INFO  net.NetworkTopology (NetworkTopologyImpl.java:add(110)) - Added a new node: /default-rack/76464ee5-672b-45f0-89da-4be886f178dd
2019-07-30 20:32:56,176 INFO  node.SCMNodeManager (SCMNodeManager.java:register(273)) - Registered Data node : 76464ee5-672b-45f0-89da-4be886f178dd{ip: 192.168.69.110, host: byscane-nightly-zbvcj-1516659162, networkLocation: /default-rack, certSerialId: null}
2019-07-30 20:32:56,180 INFO  ozone.MiniOzoneClusterImpl (MiniOzoneClusterImpl.java:lambda$waitForClusterToBeReady$0(142)) - Waiting for cluster to be ready. Got 3 of 7 DN Heartbeats.
2019-07-30 20:32:56,607 INFO  net.NetworkTopology (NetworkTopologyImpl.java:add(110)) - Added a new node: /default-rack/608044c8-53fb-4b7c-951c-cbbda4d80253
2019-07-30 20:32:56,611 INFO  net.NetworkTopology (NetworkTopologyImpl.java:add(110)) - Added a new node: /default-rack/cbfce143-889c-4770-a501-1d8ca18dcfe4
2019-07-30 20:32:56,611 INFO  node.SCMNodeManager (SCMNodeManager.java:register(273)) - Registered Data node : 608044c8-53fb-4b7c-951c-cbbda4d80253{ip: 192.168.69.110, host: byscane-nightly-zbvcj-1516659162, networkLocation: /default-rack, certSerialId: null}
2019-07-30 20:32:56,611 INFO  node.SCMNodeManager (SCMNodeManager.java:register(273)) - Registered Data node : cbfce143-889c-4770-a501-1d8ca18dcfe4{ip: 192.168.69.110, host: byscane-nightly-zbvcj-1516659162, networkLocation: /default-rack, certSerialId: null}
2019-07-30 20:32:56,630 INFO  impl.RaftServerProxy (RaftServerProxy.java:addNew(89)) - 15d63d55-5425-4f9e-924f-bb6d86c8b3d1: addNew group-53BBEE6DB249:[15d63d55-5425-4f9e-924f-bb6d86c8b3d1:192.168.69.110:41112] returns group-53BBEE6DB249:java.util.concurrent.CompletableFuture@4c23bed[Not completed]
2019-07-30 20:32:56,659 INFO  impl.RaftServerImpl (RaftServerImpl.java:<init>(93)) - 15d63d55-5425-4f9e-924f-bb6d86c8b3d1: new RaftServerImpl for group-53BBEE6DB249:[15d63d55-5425-4f9e-924f-bb6d86c8b3d1:192.168.69.110:41112] with ContainerStateMachine:uninitialized
2019-07-30 20:32:56,662 INFO  server.RaftServerConfigKeys (ConfUtils.java:logGet(43)) - raft.server.rpc.timeout.min = 5s (custom)
2019-07-30 20:32:56,664 INFO  server.RaftServerConfigKeys (ConfUtils.java:logGet(43)) - raft.server.rpc.timeout.max = 5200ms (custom)
2019-07-30 20:32:56,664 INFO  server.RaftServerConfigKeys (ConfUtils.java:logGet(43)) - raft.server.rpcslowness.timeout = 120s (custom)
2019-07-30 20:32:56,665 INFO  server.RaftServerConfigKeys (ConfUtils.java:logGet(43)) - raft.server.sleep.deviation.threshold = 300 (default)
2019-07-30 20:32:56,666 INFO  server.RaftServerConfigKeys (ConfUtils.java:logGet(43)) - raft.server.log.appender.install.snapshot.enabled = false (custom)
2019-07-30 20:32:56,675 INFO  impl.RaftServerImpl (ServerState.java:<init>(105)) - 15d63d55-5425-4f9e-924f-bb6d86c8b3d1:group-53BBEE6DB249 ConfigurationManager, init=-1: [15d63d55-5425-4f9e-924f-bb6d86c8b3d1:192.168.69.110:41112], old=null, confs=<EMPTY_MAP>
2019-07-30 20:32:56,675 INFO  server.RaftServerConfigKeys (ConfUtils.java:logGet(43)) - raft.server.storage.dir = [/workdir/hadoop-ozone/integration-test/target/test-dir/MiniOzoneClusterImpl-7cb939c6-7192-4bf7-ab14-e1f6020d1bf6/datanode-0/data/ratis] (custom)
2019-07-30 20:32:56,683 INFO  storage.RaftStorageDirectory (RaftStorageDirectory.java:analyzeStorage(246)) - The storage directory /workdir/hadoop-ozone/integration-test/target/test-dir/MiniOzoneClusterImpl-7cb939c6-7192-4bf7-ab14-e1f6020d1bf6/datanode-0/data/ratis/c0887325-6be8-4b0e-bd49-53bbee6db249 does not exist. Creating ...
2019-07-30 20:32:56,701 INFO  storage.RaftStorageDirectory (RaftStorageDirectory.java:tryLock(328)) - Lock on /workdir/hadoop-ozone/integration-test/target/test-dir/MiniOzoneClusterImpl-7cb939c6-7192-4bf7-ab14-e1f6020d1bf6/datanode-0/data/ratis/c0887325-6be8-4b0e-bd49-53bbee6db249/in_use.lock acquired by nodename 1296@byscane-nightly-zbvcj-1516659162
2019-07-30 20:32:56,716 INFO  storage.RaftStorage (RaftStorage.java:format(72)) - Storage directory /workdir/hadoop-ozone/integration-test/target/test-dir/MiniOzoneClusterImpl-7cb939c6-7192-4bf7-ab14-e1f6020d1bf6/datanode-0/data/ratis/c0887325-6be8-4b0e-bd49-53bbee6db249 has been successfully formatted.
2019-07-30 20:32:56,718 INFO  ratis.ContainerStateMachine (ContainerStateMachine.java:loadSnapshot(213)) - group-53BBEE6DB249: The snapshot info is null. Setting the last applied indexto:(t:0, i:~)
2019-07-30 20:32:56,719 INFO  server.RaftServerConfigKeys (ConfUtils.java:logGet(43)) - raft.server.leader.election.timeout = 120s (custom)
2019-07-30 20:32:56,721 INFO  server.RaftServerConfigKeys (ConfUtils.java:logGet(43)) - raft.server.log.use.memory = false (default)
2019-07-30 20:32:56,727 INFO  server.RaftServerConfigKeys (ConfUtils.java:logGet(43)) - raft.server.log.purge.gap = 1000000000 (custom)
2019-07-30 20:32:56,728 INFO  server.RaftServerConfigKeys (ConfUtils.java:logGet(43)) - raft.server.log.appender.buffer.byte-limit = 33554432 (custom)
2019-07-30 20:32:56,729 INFO  server.RaftServerConfigKeys (ConfUtils.java:logGet(43)) - raft.server.log.segment.size.max = 1048576 (custom)
2019-07-30 20:32:56,733 INFO  server.RaftServerConfigKeys (ConfUtils.java:logGet(43)) - raft.server.log.segment.cache.num.max = 2 (custom)
2019-07-30 20:32:56,738 INFO  segmented.SegmentedRaftLogWorker (SegmentedRaftLogWorker.java:<init>(172)) - new 15d63d55-5425-4f9e-924f-bb6d86c8b3d1-SegmentedRaftLogWorker:Storage Directory /workdir/hadoop-ozone/integration-test/target/test-dir/MiniOzoneClusterImpl-7cb939c6-7192-4bf7-ab14-e1f6020d1bf6/datanode-0/data/ratis/c0887325-6be8-4b0e-bd49-53bbee6db249 for RaftStorage:Storage Directory /workdir/hadoop-ozone/integration-test/target/test-dir/MiniOzoneClusterImpl-7cb939c6-7192-4bf7-ab14-e1f6020d1bf6/datanode-0/data/ratis/c0887325-6be8-4b0e-bd49-53bbee6db249
2019-07-30 20:32:56,748 INFO  server.RaftServerConfigKeys (ConfUtils.java:logGet(43)) - raft.server.log.queue.byte-limit = 2147483647 (custom)
2019-07-30 20:32:56,749 INFO  server.RaftServerConfigKeys (ConfUtils.java:logGet(43)) - raft.server.log.queue.element-limit = 1024 (custom)
2019-07-30 20:32:56,753 INFO  server.RaftServerConfigKeys (ConfUtils.java:logGet(43)) - raft.server.log.segment.size.max = 1048576 (custom)
2019-07-30 20:32:56,753 INFO  server.RaftServerConfigKeys (ConfUtils.java:logGet(43)) - raft.server.log.preallocated.size = 16384 (custom)
2019-07-30 20:32:56,754 INFO  server.RaftServerConfigKeys (ConfUtils.java:logGet(43)) - raft.server.log.write.buffer.size = 33554432 (custom)
2019-07-30 20:32:56,754 INFO  server.RaftServerConfigKeys (ConfUtils.java:logGet(43)) - raft.server.log.force.sync.num = 128 (default)
2019-07-30 20:32:56,755 INFO  server.RaftServerConfigKeys (ConfUtils.java:logGet(43)) - raft.server.log.statemachine.data.sync = true (default)
2019-07-30 20:32:56,755 INFO  server.RaftServerConfigKeys (ConfUtils.java:logGet(43)) - raft.server.log.statemachine.data.sync.timeout = 10s (default)
2019-07-30 20:32:56,755 INFO  server.RaftServerConfigKeys (ConfUtils.java:logGet(43)) - raft.server.log.statemachine.data.sync.timeout.retry = -1 (default)
2019-07-30 20:32:56,763 INFO  server.RaftServerConfigKeys (ConfUtils.java:logGet(43)) - raft.server.log.statemachine.data.caching.enabled = true (custom)
2019-07-30 20:32:56,767 INFO  segmented.SegmentedRaftLogWorker (SegmentedRaftLogWorker.java:lambda$new$0(132)) - 15d63d55-5425-4f9e-924f-bb6d86c8b3d1-SegmentedRaftLogWorker:Storage Directory /workdir/hadoop-ozone/integration-test/target/test-dir/MiniOzoneClusterImpl-7cb939c6-7192-4bf7-ab14-e1f6020d1bf6/datanode-0/data/ratis/c0887325-6be8-4b0e-bd49-53bbee6db249: flushIndex: setUnconditionally 0 -> -1
2019-07-30 20:32:56,771 INFO  server.RaftServerConfigKeys (ConfUtils.java:logGet(43)) - raft.server.snapshot.auto.trigger.enabled = true (custom)
2019-07-30 20:32:56,771 INFO  server.RaftServerConfigKeys (ConfUtils.java:logGet(43)) - raft.server.snapshot.auto.trigger.threshold = 10000 (custom)
2019-07-30 20:32:56,772 INFO  server.RaftServerConfigKeys (ConfUtils.java:logGet(43)) - raft.server.retrycache.expirytime = 600000ms (custom)
2019-07-30 20:32:56,790 INFO  impl.RaftServerImpl (RaftServerImpl.java:start(180)) - 15d63d55-5425-4f9e-924f-bb6d86c8b3d1: start group-53BBEE6DB249
2019-07-30 20:32:56,791 INFO  impl.RaftServerImpl (RaftServerImpl.java:setRole(171)) - 15d63d55-5425-4f9e-924f-bb6d86c8b3d1:group-53BBEE6DB249 changes role from null to FOLLOWER at term 0 for startAsFollower
2019-07-30 20:32:56,792 INFO  impl.RoleInfo (RoleInfo.java:updateAndGet(143)) - 15d63d55-5425-4f9e-924f-bb6d86c8b3d1: start FollowerState
2019-07-30 20:32:56,793 INFO  util.JmxRegister (JmxRegister.java:tryRegister(44)) - Successfully registered JMX Bean with object name Ratis:service=RaftServer,group=group-53BBEE6DB249,id=15d63d55-5425-4f9e-924f-bb6d86c8b3d1
2019-07-30 20:32:56,830 INFO  net.NetworkTopology (NetworkTopologyImpl.java:add(110)) - Added a new node: /default-rack/0bec79a0-044c-4152-be2c-6518dfa6fb11
2019-07-30 20:32:56,832 INFO  node.SCMNodeManager (SCMNodeManager.java:register(273)) - Registered Data node : 0bec79a0-044c-4152-be2c-6518dfa6fb11{ip: 192.168.69.110, host: byscane-nightly-zbvcj-1516659162, networkLocation: /default-rack, certSerialId: null}
2019-07-30 20:32:56,860 INFO  pipeline.PipelineStateManager (PipelineStateManager.java:addPipeline(56)) - Created pipeline Pipeline[ Id: c0887325-6be8-4b0e-bd49-53bbee6db249, Nodes: 15d63d55-5425-4f9e-924f-bb6d86c8b3d1{ip: 192.168.69.110, host: byscane-nightly-zbvcj-1516659162, networkLocation: /default-rack, certSerialId: null}, Type:RATIS, Factor:ONE, State:OPEN]
2019-07-30 20:32:56,884 INFO  impl.RaftServerProxy (RaftServerProxy.java:addNew(89)) - 149a6df2-8f84-4eb8-9c42-b18db607508c: addNew group-7546F4203963:[149a6df2-8f84-4eb8-9c42-b18db607508c:192.168.69.110:32867] returns group-7546F4203963:java.util.concurrent.CompletableFuture@48bc8e98[Not completed]
2019-07-30 20:32:56,930 INFO  impl.RaftServerImpl (RaftServerImpl.java:<init>(93)) - 149a6df2-8f84-4eb8-9c42-b18db607508c: new RaftServerImpl for group-7546F4203963:[149a6df2-8f84-4eb8-9c42-b18db607508c:192.168.69.110:32867] with ContainerStateMachine:uninitialized
2019-07-30 20:32:56,931 INFO  server.RaftServerConfigKeys (ConfUtils.java:logGet(43)) - raft.server.rpc.timeout.min = 5s (custom)
2019-07-30 20:32:56,931 INFO  server.RaftServerConfigKeys (ConfUtils.java:logGet(43)) - raft.server.rpc.timeout.max = 5200ms (custom)
2019-07-30 20:32:56,931 INFO  server.RaftServerConfigKeys (ConfUtils.java:logGet(43)) - raft.server.rpcslowness.timeout = 120s (custom)
2019-07-30 20:32:56,932 INFO  server.RaftServerConfigKeys (ConfUtils.java:logGet(43)) - raft.server.sleep.deviation.threshold = 300 (default)
2019-07-30 20:32:56,932 INFO  server.RaftServerConfigKeys (ConfUtils.java:logGet(43)) - raft.server.log.appender.install.snapshot.enabled = false (custom)
2019-07-30 20:32:56,932 INFO  impl.RaftServerImpl (ServerState.java:<init>(105)) - 149a6df2-8f84-4eb8-9c42-b18db607508c:group-7546F4203963 ConfigurationManager, init=-1: [149a6df2-8f84-4eb8-9c42-b18db607508c:192.168.69.110:32867], old=null, confs=<EMPTY_MAP>
2019-07-30 20:32:56,932 INFO  server.RaftServerConfigKeys (ConfUtils.java:logGet(43)) - raft.server.storage.dir = [/workdir/hadoop-ozone/integration-test/target/test-dir/MiniOzoneClusterImpl-7cb939c6-7192-4bf7-ab14-e1f6020d1bf6/datanode-1/data/ratis] (custom)
2019-07-30 20:32:56,932 INFO  storage.RaftStorageDirectory (RaftStorageDirectory.java:analyzeStorage(246)) - The storage directory /workdir/hadoop-ozone/integration-test/target/test-dir/MiniOzoneClusterImpl-7cb939c6-7192-4bf7-ab14-e1f6020d1bf6/datanode-1/data/ratis/c41bb5ee-f2f3-4059-aa83-7546f4203963 does not exist. Creating ...
2019-07-30 20:32:56,948 INFO  storage.RaftStorageDirectory (RaftStorageDirectory.java:tryLock(328)) - Lock on /workdir/hadoop-ozone/integration-test/target/test-dir/MiniOzoneClusterImpl-7cb939c6-7192-4bf7-ab14-e1f6020d1bf6/datanode-1/data/ratis/c41bb5ee-f2f3-4059-aa83-7546f4203963/in_use.lock acquired by nodename 1296@byscane-nightly-zbvcj-1516659162
2019-07-30 20:32:56,961 INFO  storage.RaftStorage (RaftStorage.java:format(72)) - Storage directory /workdir/hadoop-ozone/integration-test/target/test-dir/MiniOzoneClusterImpl-7cb939c6-7192-4bf7-ab14-e1f6020d1bf6/datanode-1/data/ratis/c41bb5ee-f2f3-4059-aa83-7546f4203963 has been successfully formatted.
2019-07-30 20:32:56,962 INFO  ratis.ContainerStateMachine (ContainerStateMachine.java:loadSnapshot(213)) - group-7546F4203963: The snapshot info is null. Setting the last applied indexto:(t:0, i:~)
2019-07-30 20:32:56,964 INFO  server.RaftServerConfigKeys (ConfUtils.java:logGet(43)) - raft.server.leader.election.timeout = 120s (custom)
2019-07-30 20:32:56,964 INFO  server.RaftServerConfigKeys (ConfUtils.java:logGet(43)) - raft.server.log.use.memory = false (default)
2019-07-30 20:32:56,964 INFO  server.RaftServerConfigKeys (ConfUtils.java:logGet(43)) - raft.server.log.purge.gap = 1000000000 (custom)
2019-07-30 20:32:56,964 INFO  server.RaftServerConfigKeys (ConfUtils.java:logGet(43)) - raft.server.log.appender.buffer.byte-limit = 33554432 (custom)
2019-07-30 20:32:56,965 INFO  server.RaftServerConfigKeys (ConfUtils.java:logGet(43)) - raft.server.log.segment.size.max = 1048576 (custom)
2019-07-30 20:32:56,965 INFO  server.RaftServerConfigKeys (ConfUtils.java:logGet(43)) - raft.server.log.segment.cache.num.max = 2 (custom)
2019-07-30 20:32:56,965 INFO  segmented.SegmentedRaftLogWorker (SegmentedRaftLogWorker.java:<init>(172)) - new 149a6df2-8f84-4eb8-9c42-b18db607508c-SegmentedRaftLogWorker:Storage Directory /workdir/hadoop-ozone/integration-test/target/test-dir/MiniOzoneClusterImpl-7cb939c6-7192-4bf7-ab14-e1f6020d1bf6/datanode-1/data/ratis/c41bb5ee-f2f3-4059-aa83-7546f4203963 for RaftStorage:Storage Directory /workdir/hadoop-ozone/integration-test/target/test-dir/MiniOzoneClusterImpl-7cb939c6-7192-4bf7-ab14-e1f6020d1bf6/datanode-1/data/ratis/c41bb5ee-f2f3-4059-aa83-7546f4203963
2019-07-30 20:32:56,967 INFO  server.RaftServerConfigKeys (ConfUtils.java:logGet(43)) - raft.server.log.queue.byte-limit = 2147483647 (custom)
2019-07-30 20:32:56,967 INFO  server.RaftServerConfigKeys (ConfUtils.java:logGet(43)) - raft.server.log.queue.element-limit = 1024 (custom)
2019-07-30 20:32:56,967 INFO  server.RaftServerConfigKeys (ConfUtils.java:logGet(43)) - raft.server.log.segment.size.max = 1048576 (custom)
2019-07-30 20:32:56,967 INFO  server.RaftServerConfigKeys (ConfUtils.java:logGet(43)) - raft.server.log.preallocated.size = 16384 (custom)
2019-07-30 20:32:56,967 INFO  server.RaftServerConfigKeys (ConfUtils.java:logGet(43)) - raft.server.log.write.buffer.size = 33554432 (custom)
2019-07-30 20:32:56,967 INFO  server.RaftServerConfigKeys (ConfUtils.java:logGet(43)) - raft.server.log.force.sync.num = 128 (default)
2019-07-30 20:32:56,967 INFO  server.RaftServerConfigKeys (ConfUtils.java:logGet(43)) - raft.server.log.statemachine.data.sync = true (default)
2019-07-30 20:32:56,967 INFO  server.RaftServerConfigKeys (ConfUtils.java:logGet(43)) - raft.server.log.statemachine.data.sync.timeout = 10s (default)
2019-07-30 20:32:56,968 INFO  server.RaftServerConfigKeys (ConfUtils.java:logGet(43)) - raft.server.log.statemachine.data.sync.timeout.retry = -1 (default)
2019-07-30 20:32:56,968 INFO  server.RaftServerConfigKeys (ConfUtils.java:logGet(43)) - raft.server.log.statemachine.data.caching.enabled = true (custom)
2019-07-30 20:32:56,968 INFO  segmented.SegmentedRaftLogWorker (SegmentedRaftLogWorker.java:lambda$new$0(132)) - 149a6df2-8f84-4eb8-9c42-b18db607508c-SegmentedRaftLogWorker:Storage Directory /workdir/hadoop-ozone/integration-test/target/test-dir/MiniOzoneClusterImpl-7cb939c6-7192-4bf7-ab14-e1f6020d1bf6/datanode-1/data/ratis/c41bb5ee-f2f3-4059-aa83-7546f4203963: flushIndex: setUnconditionally 0 -> -1
2019-07-30 20:32:56,968 INFO  server.RaftServerConfigKeys (ConfUtils.java:logGet(43)) - raft.server.snapshot.auto.trigger.enabled = true (custom)
2019-07-30 20:32:56,969 INFO  server.RaftServerConfigKeys (ConfUtils.java:logGet(43)) - raft.server.snapshot.auto.trigger.threshold = 10000 (custom)
2019-07-30 20:32:56,969 INFO  server.RaftServerConfigKeys (ConfUtils.java:logGet(43)) - raft.server.retrycache.expirytime = 600000ms (custom)
2019-07-30 20:32:56,969 INFO  impl.RaftServerImpl (RaftServerImpl.java:start(180)) - 149a6df2-8f84-4eb8-9c42-b18db607508c: start group-7546F4203963
2019-07-30 20:32:56,969 INFO  impl.RaftServerImpl (RaftServerImpl.java:setRole(171)) - 149a6df2-8f84-4eb8-9c42-b18db607508c:group-7546F4203963 changes role from null to FOLLOWER at term 0 for startAsFollower
2019-07-30 20:32:56,969 INFO  impl.RoleInfo (RoleInfo.java:updateAndGet(143)) - 149a6df2-8f84-4eb8-9c42-b18db607508c: start FollowerState
2019-07-30 20:32:56,971 INFO  util.JmxRegister (JmxRegister.java:tryRegister(44)) - Successfully registered JMX Bean with object name Ratis:service=RaftServer,group=group-7546F4203963,id=149a6df2-8f84-4eb8-9c42-b18db607508c
2019-07-30 20:32:56,988 INFO  pipeline.PipelineStateManager (PipelineStateManager.java:addPipeline(56)) - Created pipeline Pipeline[ Id: c41bb5ee-f2f3-4059-aa83-7546f4203963, Nodes: 149a6df2-8f84-4eb8-9c42-b18db607508c{ip: 192.168.69.110, host: byscane-nightly-zbvcj-1516659162, networkLocation: /default-rack, certSerialId: null}, Type:RATIS, Factor:ONE, State:OPEN]
2019-07-30 20:32:57,017 INFO  impl.RaftServerProxy (RaftServerProxy.java:addNew(89)) - 0bec79a0-044c-4152-be2c-6518dfa6fb11: addNew group-FD231BA46B57:[0bec79a0-044c-4152-be2c-6518dfa6fb11:192.168.69.110:37609] returns group-FD231BA46B57:java.util.concurrent.CompletableFuture@37c85de5[Not completed]
2019-07-30 20:32:57,030 INFO  impl.RaftServerImpl (RaftServerImpl.java:<init>(93)) - 0bec79a0-044c-4152-be2c-6518dfa6fb11: new RaftServerImpl for group-FD231BA46B57:[0bec79a0-044c-4152-be2c-6518dfa6fb11:192.168.69.110:37609] with ContainerStateMachine:uninitialized
2019-07-30 20:32:57,031 INFO  server.RaftServerConfigKeys (ConfUtils.java:logGet(43)) - raft.server.rpc.timeout.min = 5s (custom)
2019-07-30 20:32:57,031 INFO  server.RaftServerConfigKeys (ConfUtils.java:logGet(43)) - raft.server.rpc.timeout.max = 5200ms (custom)
2019-07-30 20:32:57,031 INFO  server.RaftServerConfigKeys (ConfUtils.java:logGet(43)) - raft.server.rpcslowness.timeout = 120s (custom)
2019-07-30 20:32:57,031 INFO  server.RaftServerConfigKeys (ConfUtils.java:logGet(43)) - raft.server.sleep.deviation.threshold = 300 (default)
2019-07-30 20:32:57,032 INFO  server.RaftServerConfigKeys (ConfUtils.java:logGet(43)) - raft.server.log.appender.install.snapshot.enabled = false (custom)
2019-07-30 20:32:57,032 INFO  impl.RaftServerImpl (ServerState.java:<init>(105)) - 0bec79a0-044c-4152-be2c-6518dfa6fb11:group-FD231BA46B57 ConfigurationManager, init=-1: [0bec79a0-044c-4152-be2c-6518dfa6fb11:192.168.69.110:37609], old=null, confs=<EMPTY_MAP>
2019-07-30 20:32:57,032 INFO  server.RaftServerConfigKeys (ConfUtils.java:logGet(43)) - raft.server.storage.dir = [/workdir/hadoop-ozone/integration-test/target/test-dir/MiniOzoneClusterImpl-7cb939c6-7192-4bf7-ab14-e1f6020d1bf6/datanode-5/data/ratis] (custom)
2019-07-30 20:32:57,033 INFO  storage.RaftStorageDirectory (RaftStorageDirectory.java:analyzeStorage(246)) - The storage directory /workdir/hadoop-ozone/integration-test/target/test-dir/MiniOzoneClusterImpl-7cb939c6-7192-4bf7-ab14-e1f6020d1bf6/datanode-5/data/ratis/73e1fe5d-c75c-49ce-9049-fd231ba46b57 does not exist. Creating ...
2019-07-30 20:32:57,046 INFO  storage.RaftStorageDirectory (RaftStorageDirectory.java:tryLock(328)) - Lock on /workdir/hadoop-ozone/integration-test/target/test-dir/MiniOzoneClusterImpl-7cb939c6-7192-4bf7-ab14-e1f6020d1bf6/datanode-5/data/ratis/73e1fe5d-c75c-49ce-9049-fd231ba46b57/in_use.lock acquired by nodename 1296@byscane-nightly-zbvcj-1516659162
2019-07-30 20:32:57,060 INFO  storage.RaftStorage (RaftStorage.java:format(72)) - Storage directory /workdir/hadoop-ozone/integration-test/target/test-dir/MiniOzoneClusterImpl-7cb939c6-7192-4bf7-ab14-e1f6020d1bf6/datanode-5/data/ratis/73e1fe5d-c75c-49ce-9049-fd231ba46b57 has been successfully formatted.
2019-07-30 20:32:57,060 INFO  ratis.ContainerStateMachine (ContainerStateMachine.java:loadSnapshot(213)) - group-FD231BA46B57: The snapshot info is null. Setting the last applied indexto:(t:0, i:~)
2019-07-30 20:32:57,060 INFO  server.RaftServerConfigKeys (ConfUtils.java:logGet(43)) - raft.server.leader.election.timeout = 120s (custom)
2019-07-30 20:32:57,061 INFO  server.RaftServerConfigKeys (ConfUtils.java:logGet(43)) - raft.server.log.use.memory = false (default)
2019-07-30 20:32:57,061 INFO  server.RaftServerConfigKeys (ConfUtils.java:logGet(43)) - raft.server.log.purge.gap = 1000000000 (custom)
2019-07-30 20:32:57,061 INFO  server.RaftServerConfigKeys (ConfUtils.java:logGet(43)) - raft.server.log.appender.buffer.byte-limit = 33554432 (custom)
2019-07-30 20:32:57,062 INFO  server.RaftServerConfigKeys (ConfUtils.java:logGet(43)) - raft.server.log.segment.size.max = 1048576 (custom)
2019-07-30 20:32:57,062 INFO  server.RaftServerConfigKeys (ConfUtils.java:logGet(43)) - raft.server.log.segment.cache.num.max = 2 (custom)
2019-07-30 20:32:57,062 INFO  segmented.SegmentedRaftLogWorker (SegmentedRaftLogWorker.java:<init>(172)) - new 0bec79a0-044c-4152-be2c-6518dfa6fb11-SegmentedRaftLogWorker:Storage Directory /workdir/hadoop-ozone/integration-test/target/test-dir/MiniOzoneClusterImpl-7cb939c6-7192-4bf7-ab14-e1f6020d1bf6/datanode-5/data/ratis/73e1fe5d-c75c-49ce-9049-fd231ba46b57 for RaftStorage:Storage Directory /workdir/hadoop-ozone/integration-test/target/test-dir/MiniOzoneClusterImpl-7cb939c6-7192-4bf7-ab14-e1f6020d1bf6/datanode-5/data/ratis/73e1fe5d-c75c-49ce-9049-fd231ba46b57
2019-07-30 20:32:57,062 INFO  server.RaftServerConfigKeys (ConfUtils.java:logGet(43)) - raft.server.log.queue.byte-limit = 2147483647 (custom)
2019-07-30 20:32:57,063 INFO  server.RaftServerConfigKeys (ConfUtils.java:logGet(43)) - raft.server.log.queue.element-limit = 1024 (custom)
2019-07-30 20:32:57,063 INFO  server.RaftServerConfigKeys (ConfUtils.java:logGet(43)) - raft.server.log.segment.size.max = 1048576 (custom)
2019-07-30 20:32:57,063 INFO  server.RaftServerConfigKeys (ConfUtils.java:logGet(43)) - raft.server.log.preallocated.size = 16384 (custom)
2019-07-30 20:32:57,064 INFO  server.RaftServerConfigKeys (ConfUtils.java:logGet(43)) - raft.server.log.write.buffer.size = 33554432 (custom)
2019-07-30 20:32:57,064 INFO  server.RaftServerConfigKeys (ConfUtils.java:logGet(43)) - raft.server.log.force.sync.num = 128 (default)
2019-07-30 20:32:57,064 INFO  server.RaftServerConfigKeys (ConfUtils.java:logGet(43)) - raft.server.log.statemachine.data.sync = true (default)
2019-07-30 20:32:57,065 INFO  server.RaftServerConfigKeys (ConfUtils.java:logGet(43)) - raft.server.log.statemachine.data.sync.timeout = 10s (default)
2019-07-30 20:32:57,065 INFO  server.RaftServerConfigKeys (ConfUtils.java:logGet(43)) - raft.server.log.statemachine.data.sync.timeout.retry = -1 (default)
2019-07-30 20:32:57,065 INFO  server.RaftServerConfigKeys (ConfUtils.java:logGet(43)) - raft.server.log.statemachine.data.caching.enabled = true (custom)
2019-07-30 20:32:57,066 INFO  segmented.SegmentedRaftLogWorker (SegmentedRaftLogWorker.java:lambda$new$0(132)) - 0bec79a0-044c-4152-be2c-6518dfa6fb11-SegmentedRaftLogWorker:Storage Directory /workdir/hadoop-ozone/integration-test/target/test-dir/MiniOzoneClusterImpl-7cb939c6-7192-4bf7-ab14-e1f6020d1bf6/datanode-5/data/ratis/73e1fe5d-c75c-49ce-9049-fd231ba46b57: flushIndex: setUnconditionally 0 -> -1
2019-07-30 20:32:57,066 INFO  server.RaftServerConfigKeys (ConfUtils.java:logGet(43)) - raft.server.snapshot.auto.trigger.enabled = true (custom)
2019-07-30 20:32:57,067 INFO  server.RaftServerConfigKeys (ConfUtils.java:logGet(43)) - raft.server.snapshot.auto.trigger.threshold = 10000 (custom)
2019-07-30 20:32:57,067 INFO  server.RaftServerConfigKeys (ConfUtils.java:logGet(43)) - raft.server.retrycache.expirytime = 600000ms (custom)
2019-07-30 20:32:57,067 INFO  impl.RaftServerImpl (RaftServerImpl.java:start(180)) - 0bec79a0-044c-4152-be2c-6518dfa6fb11: start group-FD231BA46B57
2019-07-30 20:32:57,067 INFO  impl.RaftServerImpl (RaftServerImpl.java:setRole(171)) - 0bec79a0-044c-4152-be2c-6518dfa6fb11:group-FD231BA46B57 changes role from null to FOLLOWER at term 0 for startAsFollower
2019-07-30 20:32:57,068 INFO  impl.RoleInfo (RoleInfo.java:updateAndGet(143)) - 0bec79a0-044c-4152-be2c-6518dfa6fb11: start FollowerState
2019-07-30 20:32:57,068 INFO  util.JmxRegister (JmxRegister.java:tryRegister(44)) - Successfully registered JMX Bean with object name Ratis:service=RaftServer,group=group-FD231BA46B57,id=0bec79a0-044c-4152-be2c-6518dfa6fb11
2019-07-30 20:32:57,081 INFO  pipeline.PipelineStateManager (PipelineStateManager.java:addPipeline(56)) - Created pipeline Pipeline[ Id: 73e1fe5d-c75c-49ce-9049-fd231ba46b57, Nodes: 0bec79a0-044c-4152-be2c-6518dfa6fb11{ip: 192.168.69.110, host: byscane-nightly-zbvcj-1516659162, networkLocation: /default-rack, certSerialId: null}, Type:RATIS, Factor:ONE, State:OPEN]
2019-07-30 20:32:57,105 INFO  impl.RaftServerProxy (RaftServerProxy.java:addNew(89)) - 608044c8-53fb-4b7c-951c-cbbda4d80253: addNew group-E5B063213580:[608044c8-53fb-4b7c-951c-cbbda4d80253:192.168.69.110:34476] returns group-E5B063213580:java.util.concurrent.CompletableFuture@29943be3[Not completed]
2019-07-30 20:32:57,110 INFO  impl.RaftServerImpl (RaftServerImpl.java:<init>(93)) - 608044c8-53fb-4b7c-951c-cbbda4d80253: new RaftServerImpl for group-E5B063213580:[608044c8-53fb-4b7c-951c-cbbda4d80253:192.168.69.110:34476] with ContainerStateMachine:uninitialized
2019-07-30 20:32:57,110 INFO  server.RaftServerConfigKeys (ConfUtils.java:logGet(43)) - raft.server.rpc.timeout.min = 5s (custom)
2019-07-30 20:32:57,110 INFO  server.RaftServerConfigKeys (ConfUtils.java:logGet(43)) - raft.server.rpc.timeout.max = 5200ms (custom)
2019-07-30 20:32:57,111 INFO  server.RaftServerConfigKeys (ConfUtils.java:logGet(43)) - raft.server.rpcslowness.timeout = 120s (custom)
2019-07-30 20:32:57,111 INFO  server.RaftServerConfigKeys (ConfUtils.java:logGet(43)) - raft.server.sleep.deviation.threshold = 300 (default)
2019-07-30 20:32:57,111 INFO  server.RaftServerConfigKeys (ConfUtils.java:logGet(43)) - raft.server.log.appender.install.snapshot.enabled = false (custom)
2019-07-30 20:32:57,111 INFO  impl.RaftServerImpl (ServerState.java:<init>(105)) - 608044c8-53fb-4b7c-951c-cbbda4d80253:group-E5B063213580 ConfigurationManager, init=-1: [608044c8-53fb-4b7c-951c-cbbda4d80253:192.168.69.110:34476], old=null, confs=<EMPTY_MAP>
2019-07-30 20:32:57,111 INFO  server.RaftServerConfigKeys (ConfUtils.java:logGet(43)) - raft.server.storage.dir = [/workdir/hadoop-ozone/integration-test/target/test-dir/MiniOzoneClusterImpl-7cb939c6-7192-4bf7-ab14-e1f6020d1bf6/datanode-4/data/ratis] (custom)
2019-07-30 20:32:57,112 INFO  storage.RaftStorageDirectory (RaftStorageDirectory.java:analyzeStorage(246)) - The storage directory /workdir/hadoop-ozone/integration-test/target/test-dir/MiniOzoneClusterImpl-7cb939c6-7192-4bf7-ab14-e1f6020d1bf6/datanode-4/data/ratis/ed460e14-ac9e-4e5b-96ec-e5b063213580 does not exist. Creating ...
2019-07-30 20:32:57,125 INFO  storage.RaftStorageDirectory (RaftStorageDirectory.java:tryLock(328)) - Lock on /workdir/hadoop-ozone/integration-test/target/test-dir/MiniOzoneClusterImpl-7cb939c6-7192-4bf7-ab14-e1f6020d1bf6/datanode-4/data/ratis/ed460e14-ac9e-4e5b-96ec-e5b063213580/in_use.lock acquired by nodename 1296@byscane-nightly-zbvcj-1516659162
2019-07-30 20:32:57,138 INFO  storage.RaftStorage (RaftStorage.java:format(72)) - Storage directory /workdir/hadoop-ozone/integration-test/target/test-dir/MiniOzoneClusterImpl-7cb939c6-7192-4bf7-ab14-e1f6020d1bf6/datanode-4/data/ratis/ed460e14-ac9e-4e5b-96ec-e5b063213580 has been successfully formatted.
2019-07-30 20:32:57,139 INFO  ratis.ContainerStateMachine (ContainerStateMachine.java:loadSnapshot(213)) - group-E5B063213580: The snapshot info is null. Setting the last applied indexto:(t:0, i:~)
2019-07-30 20:32:57,139 INFO  server.RaftServerConfigKeys (ConfUtils.java:logGet(43)) - raft.server.leader.election.timeout = 120s (custom)
2019-07-30 20:32:57,139 INFO  server.RaftServerConfigKeys (ConfUtils.java:logGet(43)) - raft.server.log.use.memory = false (default)
2019-07-30 20:32:57,139 INFO  server.RaftServerConfigKeys (ConfUtils.java:logGet(43)) - raft.server.log.purge.gap = 1000000000 (custom)
2019-07-30 20:32:57,140 INFO  server.RaftServerConfigKeys (ConfUtils.java:logGet(43)) - raft.server.log.appender.buffer.byte-limit = 33554432 (custom)
2019-07-30 20:32:57,140 INFO  server.RaftServerConfigKeys (ConfUtils.java:logGet(43)) - raft.server.log.segment.size.max = 1048576 (custom)
2019-07-30 20:32:57,140 INFO  server.RaftServerConfigKeys (ConfUtils.java:logGet(43)) - raft.server.log.segment.cache.num.max = 2 (custom)
2019-07-30 20:32:57,140 INFO  segmented.SegmentedRaftLogWorker (SegmentedRaftLogWorker.java:<init>(172)) - new 608044c8-53fb-4b7c-951c-cbbda4d80253-SegmentedRaftLogWorker:Storage Directory /workdir/hadoop-ozone/integration-test/target/test-dir/MiniOzoneClusterImpl-7cb939c6-7192-4bf7-ab14-e1f6020d1bf6/datanode-4/data/ratis/ed460e14-ac9e-4e5b-96ec-e5b063213580 for RaftStorage:Storage Directory /workdir/hadoop-ozone/integration-test/target/test-dir/MiniOzoneClusterImpl-7cb939c6-7192-4bf7-ab14-e1f6020d1bf6/datanode-4/data/ratis/ed460e14-ac9e-4e5b-96ec-e5b063213580
2019-07-30 20:32:57,140 INFO  server.RaftServerConfigKeys (ConfUtils.java:logGet(43)) - raft.server.log.queue.byte-limit = 2147483647 (custom)
2019-07-30 20:32:57,141 INFO  server.RaftServerConfigKeys (ConfUtils.java:logGet(43)) - raft.server.log.queue.element-limit = 1024 (custom)
2019-07-30 20:32:57,141 INFO  server.RaftServerConfigKeys (ConfUtils.java:logGet(43)) - raft.server.log.segment.size.max = 1048576 (custom)
2019-07-30 20:32:57,141 INFO  server.RaftServerConfigKeys (ConfUtils.java:logGet(43)) - raft.server.log.preallocated.size = 16384 (custom)
2019-07-30 20:32:57,141 INFO  server.RaftServerConfigKeys (ConfUtils.java:logGet(43)) - raft.server.log.write.buffer.size = 33554432 (custom)
2019-07-30 20:32:57,141 INFO  server.RaftServerConfigKeys (ConfUtils.java:logGet(43)) - raft.server.log.force.sync.num = 128 (default)
2019-07-30 20:32:57,142 INFO  server.RaftServerConfigKeys (ConfUtils.java:logGet(43)) - raft.server.log.statemachine.data.sync = true (default)
2019-07-30 20:32:57,142 INFO  server.RaftServerConfigKeys (ConfUtils.java:logGet(43)) - raft.server.log.statemachine.data.sync.timeout = 10s (default)
2019-07-30 20:32:57,142 INFO  server.RaftServerConfigKeys (ConfUtils.java:logGet(43)) - raft.server.log.statemachine.data.sync.timeout.retry = -1 (default)
2019-07-30 20:32:57,142 INFO  server.RaftServerConfigKeys (ConfUtils.java:logGet(43)) - raft.server.log.statemachine.data.caching.enabled = true (custom)
2019-07-30 20:32:57,143 INFO  segmented.SegmentedRaftLogWorker (SegmentedRaftLogWorker.java:lambda$new$0(132)) - 608044c8-53fb-4b7c-951c-cbbda4d80253-SegmentedRaftLogWorker:Storage Directory /workdir/hadoop-ozone/integration-test/target/test-dir/MiniOzoneClusterImpl-7cb939c6-7192-4bf7-ab14-e1f6020d1bf6/datanode-4/data/ratis/ed460e14-ac9e-4e5b-96ec-e5b063213580: flushIndex: setUnconditionally 0 -> -1
2019-07-30 20:32:57,143 INFO  server.RaftServerConfigKeys (ConfUtils.java:logGet(43)) - raft.server.snapshot.auto.trigger.enabled = true (custom)
2019-07-30 20:32:57,143 INFO  server.RaftServerConfigKeys (ConfUtils.java:logGet(43)) - raft.server.snapshot.auto.trigger.threshold = 10000 (custom)
2019-07-30 20:32:57,144 INFO  server.RaftServerConfigKeys (ConfUtils.java:logGet(43)) - raft.server.retrycache.expirytime = 600000ms (custom)
2019-07-30 20:32:57,144 INFO  impl.RaftServerImpl (RaftServerImpl.java:start(180)) - 608044c8-53fb-4b7c-951c-cbbda4d80253: start group-E5B063213580
2019-07-30 20:32:57,144 INFO  impl.RaftServerImpl (RaftServerImpl.java:setRole(171)) - 608044c8-53fb-4b7c-951c-cbbda4d80253:group-E5B063213580 changes role from null to FOLLOWER at term 0 for startAsFollower
2019-07-30 20:32:57,144 INFO  impl.RoleInfo (RoleInfo.java:updateAndGet(143)) - 608044c8-53fb-4b7c-951c-cbbda4d80253: start FollowerState
2019-07-30 20:32:57,145 INFO  util.JmxRegister (JmxRegister.java:tryRegister(44)) - Successfully registered JMX Bean with object name Ratis:service=RaftServer,group=group-E5B063213580,id=608044c8-53fb-4b7c-951c-cbbda4d80253
2019-07-30 20:32:57,158 INFO  pipeline.PipelineStateManager (PipelineStateManager.java:addPipeline(56)) - Created pipeline Pipeline[ Id: ed460e14-ac9e-4e5b-96ec-e5b063213580, Nodes: 608044c8-53fb-4b7c-951c-cbbda4d80253{ip: 192.168.69.110, host: byscane-nightly-zbvcj-1516659162, networkLocation: /default-rack, certSerialId: null}, Type:RATIS, Factor:ONE, State:OPEN]
2019-07-30 20:32:57,181 INFO  ozone.MiniOzoneClusterImpl (MiniOzoneClusterImpl.java:lambda$waitForClusterToBeReady$0(142)) - Waiting for cluster to be ready. Got 6 of 7 DN Heartbeats.
2019-07-30 20:32:57,183 INFO  impl.RaftServerProxy (RaftServerProxy.java:addNew(89)) - 76464ee5-672b-45f0-89da-4be886f178dd: addNew group-9552A5637298:[76464ee5-672b-45f0-89da-4be886f178dd:192.168.69.110:42534] returns group-9552A5637298:java.util.concurrent.CompletableFuture@111282f0[Not completed]
2019-07-30 20:32:57,183 INFO  net.NetworkTopology (NetworkTopologyImpl.java:add(110)) - Added a new node: /default-rack/ffc6d8b2-0a60-49a9-898c-52c221eb4361
2019-07-30 20:32:57,183 INFO  node.SCMNodeManager (SCMNodeManager.java:register(273)) - Registered Data node : ffc6d8b2-0a60-49a9-898c-52c221eb4361{ip: 192.168.69.110, host: byscane-nightly-zbvcj-1516659162, networkLocation: /default-rack, certSerialId: null}
2019-07-30 20:32:57,185 INFO  impl.RaftServerImpl (RaftServerImpl.java:<init>(93)) - 76464ee5-672b-45f0-89da-4be886f178dd: new RaftServerImpl for group-9552A5637298:[76464ee5-672b-45f0-89da-4be886f178dd:192.168.69.110:42534] with ContainerStateMachine:uninitialized
2019-07-30 20:32:57,185 INFO  server.RaftServerConfigKeys (ConfUtils.java:logGet(43)) - raft.server.rpc.timeout.min = 5s (custom)
2019-07-30 20:32:57,185 INFO  server.RaftServerConfigKeys (ConfUtils.java:logGet(43)) - raft.server.rpc.timeout.max = 5200ms (custom)
2019-07-30 20:32:57,185 INFO  server.RaftServerConfigKeys (ConfUtils.java:logGet(43)) - raft.server.rpcslowness.timeout = 120s (custom)
2019-07-30 20:32:57,185 INFO  server.RaftServerConfigKeys (ConfUtils.java:logGet(43)) - raft.server.sleep.deviation.threshold = 300 (default)
2019-07-30 20:32:57,185 INFO  server.RaftServerConfigKeys (ConfUtils.java:logGet(43)) - raft.server.log.appender.install.snapshot.enabled = false (custom)
2019-07-30 20:32:57,186 INFO  impl.RaftServerImpl (ServerState.java:<init>(105)) - 76464ee5-672b-45f0-89da-4be886f178dd:group-9552A5637298 ConfigurationManager, init=-1: [76464ee5-672b-45f0-89da-4be886f178dd:192.168.69.110:42534], old=null, confs=<EMPTY_MAP>
2019-07-30 20:32:57,186 INFO  server.RaftServerConfigKeys (ConfUtils.java:logGet(43)) - raft.server.storage.dir = [/workdir/hadoop-ozone/integration-test/target/test-dir/MiniOzoneClusterImpl-7cb939c6-7192-4bf7-ab14-e1f6020d1bf6/datanode-2/data/ratis] (custom)
2019-07-30 20:32:57,186 INFO  storage.RaftStorageDirectory (RaftStorageDirectory.java:analyzeStorage(246)) - The storage directory /workdir/hadoop-ozone/integration-test/target/test-dir/MiniOzoneClusterImpl-7cb939c6-7192-4bf7-ab14-e1f6020d1bf6/datanode-2/data/ratis/eae6c070-09b1-40e3-b50b-9552a5637298 does not exist. Creating ...
2019-07-30 20:32:57,199 INFO  storage.RaftStorageDirectory (RaftStorageDirectory.java:tryLock(328)) - Lock on /workdir/hadoop-ozone/integration-test/target/test-dir/MiniOzoneClusterImpl-7cb939c6-7192-4bf7-ab14-e1f6020d1bf6/datanode-2/data/ratis/eae6c070-09b1-40e3-b50b-9552a5637298/in_use.lock acquired by nodename 1296@byscane-nightly-zbvcj-1516659162
2019-07-30 20:32:57,213 INFO  storage.RaftStorage (RaftStorage.java:format(72)) - Storage directory /workdir/hadoop-ozone/integration-test/target/test-dir/MiniOzoneClusterImpl-7cb939c6-7192-4bf7-ab14-e1f6020d1bf6/datanode-2/data/ratis/eae6c070-09b1-40e3-b50b-9552a5637298 has been successfully formatted.
2019-07-30 20:32:57,213 INFO  ratis.ContainerStateMachine (ContainerStateMachine.java:loadSnapshot(213)) - group-9552A5637298: The snapshot info is null. Setting the last applied indexto:(t:0, i:~)
2019-07-30 20:32:57,213 INFO  server.RaftServerConfigKeys (ConfUtils.java:logGet(43)) - raft.server.leader.election.timeout = 120s (custom)
2019-07-30 20:32:57,213 INFO  server.RaftServerConfigKeys (ConfUtils.java:logGet(43)) - raft.server.log.use.memory = false (default)
2019-07-30 20:32:57,213 INFO  server.RaftServerConfigKeys (ConfUtils.java:logGet(43)) - raft.server.log.purge.gap = 1000000000 (custom)
2019-07-30 20:32:57,214 INFO  server.RaftServerConfigKeys (ConfUtils.java:logGet(43)) - raft.server.log.appender.buffer.byte-limit = 33554432 (custom)
2019-07-30 20:32:57,214 INFO  server.RaftServerConfigKeys (ConfUtils.java:logGet(43)) - raft.server.log.segment.size.max = 1048576 (custom)
2019-07-30 20:32:57,214 INFO  server.RaftServerConfigKeys (ConfUtils.java:logGet(43)) - raft.server.log.segment.cache.num.max = 2 (custom)
2019-07-30 20:32:57,214 INFO  segmented.SegmentedRaftLogWorker (SegmentedRaftLogWorker.java:<init>(172)) - new 76464ee5-672b-45f0-89da-4be886f178dd-SegmentedRaftLogWorker:Storage Directory /workdir/hadoop-ozone/integration-test/target/test-dir/MiniOzoneClusterImpl-7cb939c6-7192-4bf7-ab14-e1f6020d1bf6/datanode-2/data/ratis/eae6c070-09b1-40e3-b50b-9552a5637298 for RaftStorage:Storage Directory /workdir/hadoop-ozone/integration-test/target/test-dir/MiniOzoneClusterImpl-7cb939c6-7192-4bf7-ab14-e1f6020d1bf6/datanode-2/data/ratis/eae6c070-09b1-40e3-b50b-9552a5637298
2019-07-30 20:32:57,214 INFO  server.RaftServerConfigKeys (ConfUtils.java:logGet(43)) - raft.server.log.queue.byte-limit = 2147483647 (custom)
2019-07-30 20:32:57,215 INFO  server.RaftServerConfigKeys (ConfUtils.java:logGet(43)) - raft.server.log.queue.element-limit = 1024 (custom)
2019-07-30 20:32:57,215 INFO  server.RaftServerConfigKeys (ConfUtils.java:logGet(43)) - raft.server.log.segment.size.max = 1048576 (custom)
2019-07-30 20:32:57,215 INFO  server.RaftServerConfigKeys (ConfUtils.java:logGet(43)) - raft.server.log.preallocated.size = 16384 (custom)
2019-07-30 20:32:57,215 INFO  server.RaftServerConfigKeys (ConfUtils.java:logGet(43)) - raft.server.log.write.buffer.size = 33554432 (custom)
2019-07-30 20:32:57,215 INFO  server.RaftServerConfigKeys (ConfUtils.java:logGet(43)) - raft.server.log.force.sync.num = 128 (default)
2019-07-30 20:32:57,216 INFO  server.RaftServerConfigKeys (ConfUtils.java:logGet(43)) - raft.server.log.statemachine.data.sync = true (default)
2019-07-30 20:32:57,216 INFO  server.RaftServerConfigKeys (ConfUtils.java:logGet(43)) - raft.server.log.statemachine.data.sync.timeout = 10s (default)
2019-07-30 20:32:57,216 INFO  server.RaftServerConfigKeys (ConfUtils.java:logGet(43)) - raft.server.log.statemachine.data.sync.timeout.retry = -1 (default)
2019-07-30 20:32:57,216 INFO  server.RaftServerConfigKeys (ConfUtils.java:logGet(43)) - raft.server.log.statemachine.data.caching.enabled = true (custom)
2019-07-30 20:32:57,217 INFO  segmented.SegmentedRaftLogWorker (SegmentedRaftLogWorker.java:lambda$new$0(132)) - 76464ee5-672b-45f0-89da-4be886f178dd-SegmentedRaftLogWorker:Storage Directory /workdir/hadoop-ozone/integration-test/target/test-dir/MiniOzoneClusterImpl-7cb939c6-7192-4bf7-ab14-e1f6020d1bf6/datanode-2/data/ratis/eae6c070-09b1-40e3-b50b-9552a5637298: flushIndex: setUnconditionally 0 -> -1
2019-07-30 20:32:57,217 INFO  server.RaftServerConfigKeys (ConfUtils.java:logGet(43)) - raft.server.snapshot.auto.trigger.enabled = true (custom)
2019-07-30 20:32:57,217 INFO  server.RaftServerConfigKeys (ConfUtils.java:logGet(43)) - raft.server.snapshot.auto.trigger.threshold = 10000 (custom)
2019-07-30 20:32:57,218 INFO  server.RaftServerConfigKeys (ConfUtils.java:logGet(43)) - raft.server.retrycache.expirytime = 600000ms (custom)
2019-07-30 20:32:57,218 INFO  impl.RaftServerImpl (RaftServerImpl.java:start(180)) - 76464ee5-672b-45f0-89da-4be886f178dd: start group-9552A5637298
2019-07-30 20:32:57,218 INFO  impl.RaftServerImpl (RaftServerImpl.java:setRole(171)) - 76464ee5-672b-45f0-89da-4be886f178dd:group-9552A5637298 changes role from null to FOLLOWER at term 0 for startAsFollower
2019-07-30 20:32:57,218 INFO  impl.RoleInfo (RoleInfo.java:updateAndGet(143)) - 76464ee5-672b-45f0-89da-4be886f178dd: start FollowerState
2019-07-30 20:32:57,219 INFO  util.JmxRegister (JmxRegister.java:tryRegister(44)) - Successfully registered JMX Bean with object name Ratis:service=RaftServer,group=group-9552A5637298,id=76464ee5-672b-45f0-89da-4be886f178dd
2019-07-30 20:32:57,229 INFO  pipeline.PipelineStateManager (PipelineStateManager.java:addPipeline(56)) - Created pipeline Pipeline[ Id: eae6c070-09b1-40e3-b50b-9552a5637298, Nodes: 76464ee5-672b-45f0-89da-4be886f178dd{ip: 192.168.69.110, host: byscane-nightly-zbvcj-1516659162, networkLocation: /default-rack, certSerialId: null}, Type:RATIS, Factor:ONE, State:OPEN]
2019-07-30 20:32:57,251 INFO  impl.RaftServerProxy (RaftServerProxy.java:addNew(89)) - cbfce143-889c-4770-a501-1d8ca18dcfe4: addNew group-A213584C6854:[cbfce143-889c-4770-a501-1d8ca18dcfe4:192.168.69.110:44808] returns group-A213584C6854:java.util.concurrent.CompletableFuture@1ecf5098[Not completed]
2019-07-30 20:32:57,254 INFO  impl.RaftServerImpl (RaftServerImpl.java:<init>(93)) - cbfce143-889c-4770-a501-1d8ca18dcfe4: new RaftServerImpl for group-A213584C6854:[cbfce143-889c-4770-a501-1d8ca18dcfe4:192.168.69.110:44808] with ContainerStateMachine:uninitialized
2019-07-30 20:32:57,255 INFO  server.RaftServerConfigKeys (ConfUtils.java:logGet(43)) - raft.server.rpc.timeout.min = 5s (custom)
2019-07-30 20:32:57,255 INFO  server.RaftServerConfigKeys (ConfUtils.java:logGet(43)) - raft.server.rpc.timeout.max = 5200ms (custom)
2019-07-30 20:32:57,255 INFO  server.RaftServerConfigKeys (ConfUtils.java:logGet(43)) - raft.server.rpcslowness.timeout = 120s (custom)
2019-07-30 20:32:57,255 INFO  server.RaftServerConfigKeys (ConfUtils.java:logGet(43)) - raft.server.sleep.deviation.threshold = 300 (default)
2019-07-30 20:32:57,256 INFO  server.RaftServerConfigKeys (ConfUtils.java:logGet(43)) - raft.server.log.appender.install.snapshot.enabled = false (custom)
2019-07-30 20:32:57,256 INFO  impl.RaftServerImpl (ServerState.java:<init>(105)) - cbfce143-889c-4770-a501-1d8ca18dcfe4:group-A213584C6854 ConfigurationManager, init=-1: [cbfce143-889c-4770-a501-1d8ca18dcfe4:192.168.69.110:44808], old=null, confs=<EMPTY_MAP>
2019-07-30 20:32:57,256 INFO  server.RaftServerConfigKeys (ConfUtils.java:logGet(43)) - raft.server.storage.dir = [/workdir/hadoop-ozone/integration-test/target/test-dir/MiniOzoneClusterImpl-7cb939c6-7192-4bf7-ab14-e1f6020d1bf6/datanode-3/data/ratis] (custom)
2019-07-30 20:32:57,257 INFO  storage.RaftStorageDirectory (RaftStorageDirectory.java:analyzeStorage(246)) - The storage directory /workdir/hadoop-ozone/integration-test/target/test-dir/MiniOzoneClusterImpl-7cb939c6-7192-4bf7-ab14-e1f6020d1bf6/datanode-3/data/ratis/90968206-0625-4175-a7d6-a213584c6854 does not exist. Creating ...
2019-07-30 20:32:57,270 INFO  storage.RaftStorageDirectory (RaftStorageDirectory.java:tryLock(328)) - Lock on /workdir/hadoop-ozone/integration-test/target/test-dir/MiniOzoneClusterImpl-7cb939c6-7192-4bf7-ab14-e1f6020d1bf6/datanode-3/data/ratis/90968206-0625-4175-a7d6-a213584c6854/in_use.lock acquired by nodename 1296@byscane-nightly-zbvcj-1516659162
2019-07-30 20:32:57,283 INFO  storage.RaftStorage (RaftStorage.java:format(72)) - Storage directory /workdir/hadoop-ozone/integration-test/target/test-dir/MiniOzoneClusterImpl-7cb939c6-7192-4bf7-ab14-e1f6020d1bf6/datanode-3/data/ratis/90968206-0625-4175-a7d6-a213584c6854 has been successfully formatted.
2019-07-30 20:32:57,284 INFO  ratis.ContainerStateMachine (ContainerStateMachine.java:loadSnapshot(213)) - group-A213584C6854: The snapshot info is null. Setting the last applied indexto:(t:0, i:~)
2019-07-30 20:32:57,284 INFO  server.RaftServerConfigKeys (ConfUtils.java:logGet(43)) - raft.server.leader.election.timeout = 120s (custom)
2019-07-30 20:32:57,284 INFO  server.RaftServerConfigKeys (ConfUtils.java:logGet(43)) - raft.server.log.use.memory = false (default)
2019-07-30 20:32:57,284 INFO  server.RaftServerConfigKeys (ConfUtils.java:logGet(43)) - raft.server.log.purge.gap = 1000000000 (custom)
2019-07-30 20:32:57,284 INFO  server.RaftServerConfigKeys (ConfUtils.java:logGet(43)) - raft.server.log.appender.buffer.byte-limit = 33554432 (custom)
2019-07-30 20:32:57,284 INFO  server.RaftServerConfigKeys (ConfUtils.java:logGet(43)) - raft.server.log.segment.size.max = 1048576 (custom)
2019-07-30 20:32:57,285 INFO  server.RaftServerConfigKeys (ConfUtils.java:logGet(43)) - raft.server.log.segment.cache.num.max = 2 (custom)
2019-07-30 20:32:57,285 INFO  segmented.SegmentedRaftLogWorker (SegmentedRaftLogWorker.java:<init>(172)) - new cbfce143-889c-4770-a501-1d8ca18dcfe4-SegmentedRaftLogWorker:Storage Directory /workdir/hadoop-ozone/integration-test/target/test-dir/MiniOzoneClusterImpl-7cb939c6-7192-4bf7-ab14-e1f6020d1bf6/datanode-3/data/ratis/90968206-0625-4175-a7d6-a213584c6854 for RaftStorage:Storage Directory /workdir/hadoop-ozone/integration-test/target/test-dir/MiniOzoneClusterImpl-7cb939c6-7192-4bf7-ab14-e1f6020d1bf6/datanode-3/data/ratis/90968206-0625-4175-a7d6-a213584c6854
2019-07-30 20:32:57,285 INFO  server.RaftServerConfigKeys (ConfUtils.java:logGet(43)) - raft.server.log.queue.byte-limit = 2147483647 (custom)
2019-07-30 20:32:57,285 INFO  server.RaftServerConfigKeys (ConfUtils.java:logGet(43)) - raft.server.log.queue.element-limit = 1024 (custom)
2019-07-30 20:32:57,285 INFO  server.RaftServerConfigKeys (ConfUtils.java:logGet(43)) - raft.server.log.segment.size.max = 1048576 (custom)
2019-07-30 20:32:57,285 INFO  server.RaftServerConfigKeys (ConfUtils.java:logGet(43)) - raft.server.log.preallocated.size = 16384 (custom)
2019-07-30 20:32:57,286 INFO  server.RaftServerConfigKeys (ConfUtils.java:logGet(43)) - raft.server.log.write.buffer.size = 33554432 (custom)
2019-07-30 20:32:57,286 INFO  server.RaftServerConfigKeys (ConfUtils.java:logGet(43)) - raft.server.log.force.sync.num = 128 (default)
2019-07-30 20:32:57,286 INFO  server.RaftServerConfigKeys (ConfUtils.java:logGet(43)) - raft.server.log.statemachine.data.sync = true (default)
2019-07-30 20:32:57,286 INFO  server.RaftServerConfigKeys (ConfUtils.java:logGet(43)) - raft.server.log.statemachine.data.sync.timeout = 10s (default)
2019-07-30 20:32:57,286 INFO  server.RaftServerConfigKeys (ConfUtils.java:logGet(43)) - raft.server.log.statemachine.data.sync.timeout.retry = -1 (default)
2019-07-30 20:32:57,287 INFO  server.RaftServerConfigKeys (ConfUtils.java:logGet(43)) - raft.server.log.statemachine.data.caching.enabled = true (custom)
2019-07-30 20:32:57,287 INFO  segmented.SegmentedRaftLogWorker (SegmentedRaftLogWorker.java:lambda$new$0(132)) - cbfce143-889c-4770-a501-1d8ca18dcfe4-SegmentedRaftLogWorker:Storage Directory /workdir/hadoop-ozone/integration-test/target/test-dir/MiniOzoneClusterImpl-7cb939c6-7192-4bf7-ab14-e1f6020d1bf6/datanode-3/data/ratis/90968206-0625-4175-a7d6-a213584c6854: flushIndex: setUnconditionally 0 -> -1
2019-07-30 20:32:57,287 INFO  server.RaftServerConfigKeys (ConfUtils.java:logGet(43)) - raft.server.snapshot.auto.trigger.enabled = true (custom)
2019-07-30 20:32:57,287 INFO  server.RaftServerConfigKeys (ConfUtils.java:logGet(43)) - raft.server.snapshot.auto.trigger.threshold = 10000 (custom)
2019-07-30 20:32:57,288 INFO  server.RaftServerConfigKeys (ConfUtils.java:logGet(43)) - raft.server.retrycache.expirytime = 600000ms (custom)
2019-07-30 20:32:57,288 INFO  impl.RaftServerImpl (RaftServerImpl.java:start(180)) - cbfce143-889c-4770-a501-1d8ca18dcfe4: start group-A213584C6854
2019-07-30 20:32:57,288 INFO  impl.RaftServerImpl (RaftServerImpl.java:setRole(171)) - cbfce143-889c-4770-a501-1d8ca18dcfe4:group-A213584C6854 changes role from null to FOLLOWER at term 0 for startAsFollower
2019-07-30 20:32:57,288 INFO  impl.RoleInfo (RoleInfo.java:updateAndGet(143)) - cbfce143-889c-4770-a501-1d8ca18dcfe4: start FollowerState
2019-07-30 20:32:57,289 INFO  util.JmxRegister (JmxRegister.java:tryRegister(44)) - Successfully registered JMX Bean with object name Ratis:service=RaftServer,group=group-A213584C6854,id=cbfce143-889c-4770-a501-1d8ca18dcfe4
2019-07-30 20:32:57,301 INFO  pipeline.PipelineStateManager (PipelineStateManager.java:addPipeline(56)) - Created pipeline Pipeline[ Id: 90968206-0625-4175-a7d6-a213584c6854, Nodes: cbfce143-889c-4770-a501-1d8ca18dcfe4{ip: 192.168.69.110, host: byscane-nightly-zbvcj-1516659162, networkLocation: /default-rack, certSerialId: null}, Type:RATIS, Factor:ONE, State:OPEN]
2019-07-30 20:32:57,320 INFO  impl.RaftServerProxy (RaftServerProxy.java:addNew(89)) - ffc6d8b2-0a60-49a9-898c-52c221eb4361: addNew group-B4310260B4C3:[ffc6d8b2-0a60-49a9-898c-52c221eb4361:192.168.69.110:33792] returns group-B4310260B4C3:java.util.concurrent.CompletableFuture@2ea93ec7[Not completed]
2019-07-30 20:32:57,325 INFO  impl.RaftServerImpl (RaftServerImpl.java:<init>(93)) - ffc6d8b2-0a60-49a9-898c-52c221eb4361: new RaftServerImpl for group-B4310260B4C3:[ffc6d8b2-0a60-49a9-898c-52c221eb4361:192.168.69.110:33792] with ContainerStateMachine:uninitialized
2019-07-30 20:32:57,326 INFO  server.RaftServerConfigKeys (ConfUtils.java:logGet(43)) - raft.server.rpc.timeout.min = 5s (custom)
2019-07-30 20:32:57,326 INFO  server.RaftServerConfigKeys (ConfUtils.java:logGet(43)) - raft.server.rpc.timeout.max = 5200ms (custom)
2019-07-30 20:32:57,326 INFO  server.RaftServerConfigKeys (ConfUtils.java:logGet(43)) - raft.server.rpcslowness.timeout = 120s (custom)
2019-07-30 20:32:57,326 INFO  server.RaftServerConfigKeys (ConfUtils.java:logGet(43)) - raft.server.sleep.deviation.threshold = 300 (default)
2019-07-30 20:32:57,326 INFO  server.RaftServerConfigKeys (ConfUtils.java:logGet(43)) - raft.server.log.appender.install.snapshot.enabled = false (custom)
2019-07-30 20:32:57,326 INFO  impl.RaftServerImpl (ServerState.java:<init>(105)) - ffc6d8b2-0a60-49a9-898c-52c221eb4361:group-B4310260B4C3 ConfigurationManager, init=-1: [ffc6d8b2-0a60-49a9-898c-52c221eb4361:192.168.69.110:33792], old=null, confs=<EMPTY_MAP>
2019-07-30 20:32:57,327 INFO  server.RaftServerConfigKeys (ConfUtils.java:logGet(43)) - raft.server.storage.dir = [/workdir/hadoop-ozone/integration-test/target/test-dir/MiniOzoneClusterImpl-7cb939c6-7192-4bf7-ab14-e1f6020d1bf6/datanode-6/data/ratis] (custom)
2019-07-30 20:32:57,327 INFO  storage.RaftStorageDirectory (RaftStorageDirectory.java:analyzeStorage(246)) - The storage directory /workdir/hadoop-ozone/integration-test/target/test-dir/MiniOzoneClusterImpl-7cb939c6-7192-4bf7-ab14-e1f6020d1bf6/datanode-6/data/ratis/114c87c7-3c7b-4991-94d0-b4310260b4c3 does not exist. Creating ...
2019-07-30 20:32:57,340 INFO  storage.RaftStorageDirectory (RaftStorageDirectory.java:tryLock(328)) - Lock on /workdir/hadoop-ozone/integration-test/target/test-dir/MiniOzoneClusterImpl-7cb939c6-7192-4bf7-ab14-e1f6020d1bf6/datanode-6/data/ratis/114c87c7-3c7b-4991-94d0-b4310260b4c3/in_use.lock acquired by nodename 1296@byscane-nightly-zbvcj-1516659162
2019-07-30 20:32:57,354 INFO  storage.RaftStorage (RaftStorage.java:format(72)) - Storage directory /workdir/hadoop-ozone/integration-test/target/test-dir/MiniOzoneClusterImpl-7cb939c6-7192-4bf7-ab14-e1f6020d1bf6/datanode-6/data/ratis/114c87c7-3c7b-4991-94d0-b4310260b4c3 has been successfully formatted.
2019-07-30 20:32:57,354 INFO  ratis.ContainerStateMachine (ContainerStateMachine.java:loadSnapshot(213)) - group-B4310260B4C3: The snapshot info is null. Setting the last applied indexto:(t:0, i:~)
2019-07-30 20:32:57,354 INFO  server.RaftServerConfigKeys (ConfUtils.java:logGet(43)) - raft.server.leader.election.timeout = 120s (custom)
2019-07-30 20:32:57,355 INFO  server.RaftServerConfigKeys (ConfUtils.java:logGet(43)) - raft.server.log.use.memory = false (default)
2019-07-30 20:32:57,355 INFO  server.RaftServerConfigKeys (ConfUtils.java:logGet(43)) - raft.server.log.purge.gap = 1000000000 (custom)
2019-07-30 20:32:57,355 INFO  server.RaftServerConfigKeys (ConfUtils.java:logGet(43)) - raft.server.log.appender.buffer.byte-limit = 33554432 (custom)
2019-07-30 20:32:57,355 INFO  server.RaftServerConfigKeys (ConfUtils.java:logGet(43)) - raft.server.log.segment.size.max = 1048576 (custom)
2019-07-30 20:32:57,355 INFO  server.RaftServerConfigKeys (ConfUtils.java:logGet(43)) - raft.server.log.segment.cache.num.max = 2 (custom)
2019-07-30 20:32:57,355 INFO  segmented.SegmentedRaftLogWorker (SegmentedRaftLogWorker.java:<init>(172)) - new ffc6d8b2-0a60-49a9-898c-52c221eb4361-SegmentedRaftLogWorker:Storage Directory /workdir/hadoop-ozone/integration-test/target/test-dir/MiniOzoneClusterImpl-7cb939c6-7192-4bf7-ab14-e1f6020d1bf6/datanode-6/data/ratis/114c87c7-3c7b-4991-94d0-b4310260b4c3 for RaftStorage:Storage Directory /workdir/hadoop-ozone/integration-test/target/test-dir/MiniOzoneClusterImpl-7cb939c6-7192-4bf7-ab14-e1f6020d1bf6/datanode-6/data/ratis/114c87c7-3c7b-4991-94d0-b4310260b4c3
2019-07-30 20:32:57,356 INFO  server.RaftServerConfigKeys (ConfUtils.java:logGet(43)) - raft.server.log.queue.byte-limit = 2147483647 (custom)
2019-07-30 20:32:57,356 INFO  server.RaftServerConfigKeys (ConfUtils.java:logGet(43)) - raft.server.log.queue.element-limit = 1024 (custom)
2019-07-30 20:32:57,356 INFO  server.RaftServerConfigKeys (ConfUtils.java:logGet(43)) - raft.server.log.segment.size.max = 1048576 (custom)
2019-07-30 20:32:57,356 INFO  server.RaftServerConfigKeys (ConfUtils.java:logGet(43)) - raft.server.log.preallocated.size = 16384 (custom)
2019-07-30 20:32:57,356 INFO  server.RaftServerConfigKeys (ConfUtils.java:logGet(43)) - raft.server.log.write.buffer.size = 33554432 (custom)
2019-07-30 20:32:57,357 INFO  server.RaftServerConfigKeys (ConfUtils.java:logGet(43)) - raft.server.log.force.sync.num = 128 (default)
2019-07-30 20:32:57,357 INFO  server.RaftServerConfigKeys (ConfUtils.java:logGet(43)) - raft.server.log.statemachine.data.sync = true (default)
2019-07-30 20:32:57,357 INFO  server.RaftServerConfigKeys (ConfUtils.java:logGet(43)) - raft.server.log.statemachine.data.sync.timeout = 10s (default)
2019-07-30 20:32:57,357 INFO  server.RaftServerConfigKeys (ConfUtils.java:logGet(43)) - raft.server.log.statemachine.data.sync.timeout.retry = -1 (default)
2019-07-30 20:32:57,357 INFO  server.RaftServerConfigKeys (ConfUtils.java:logGet(43)) - raft.server.log.statemachine.data.caching.enabled = true (custom)
2019-07-30 20:32:57,358 INFO  segmented.SegmentedRaftLogWorker (SegmentedRaftLogWorker.java:lambda$new$0(132)) - ffc6d8b2-0a60-49a9-898c-52c221eb4361-SegmentedRaftLogWorker:Storage Directory /workdir/hadoop-ozone/integration-test/target/test-dir/MiniOzoneClusterImpl-7cb939c6-7192-4bf7-ab14-e1f6020d1bf6/datanode-6/data/ratis/114c87c7-3c7b-4991-94d0-b4310260b4c3: flushIndex: setUnconditionally 0 -> -1
2019-07-30 20:32:57,358 INFO  server.RaftServerConfigKeys (ConfUtils.java:logGet(43)) - raft.server.snapshot.auto.trigger.enabled = true (custom)
2019-07-30 20:32:57,358 INFO  server.RaftServerConfigKeys (ConfUtils.java:logGet(43)) - raft.server.snapshot.auto.trigger.threshold = 10000 (custom)
2019-07-30 20:32:57,359 INFO  server.RaftServerConfigKeys (ConfUtils.java:logGet(43)) - raft.server.retrycache.expirytime = 600000ms (custom)
2019-07-30 20:32:57,359 INFO  impl.RaftServerImpl (RaftServerImpl.java:start(180)) - ffc6d8b2-0a60-49a9-898c-52c221eb4361: start group-B4310260B4C3
2019-07-30 20:32:57,359 INFO  impl.RaftServerImpl (RaftServerImpl.java:setRole(171)) - ffc6d8b2-0a60-49a9-898c-52c221eb4361:group-B4310260B4C3 changes role from null to FOLLOWER at term 0 for startAsFollower
2019-07-30 20:32:57,359 INFO  impl.RoleInfo (RoleInfo.java:updateAndGet(143)) - ffc6d8b2-0a60-49a9-898c-52c221eb4361: start FollowerState
2019-07-30 20:32:57,360 INFO  util.JmxRegister (JmxRegister.java:tryRegister(44)) - Successfully registered JMX Bean with object name Ratis:service=RaftServer,group=group-B4310260B4C3,id=ffc6d8b2-0a60-49a9-898c-52c221eb4361
2019-07-30 20:32:57,376 INFO  pipeline.PipelineStateManager (PipelineStateManager.java:addPipeline(56)) - Created pipeline Pipeline[ Id: 114c87c7-3c7b-4991-94d0-b4310260b4c3, Nodes: ffc6d8b2-0a60-49a9-898c-52c221eb4361{ip: 192.168.69.110, host: byscane-nightly-zbvcj-1516659162, networkLocation: /default-rack, certSerialId: null}, Type:RATIS, Factor:ONE, State:OPEN]
2019-07-30 20:32:57,412 INFO  impl.RaftServerProxy (RaftServerProxy.java:addNew(89)) - 0bec79a0-044c-4152-be2c-6518dfa6fb11: addNew group-F1F77D76513E:[149a6df2-8f84-4eb8-9c42-b18db607508c:192.168.69.110:32867, 0bec79a0-044c-4152-be2c-6518dfa6fb11:192.168.69.110:37609, 15d63d55-5425-4f9e-924f-bb6d86c8b3d1:192.168.69.110:41112] returns group-F1F77D76513E:java.util.concurrent.CompletableFuture@4400c64[Not completed]
2019-07-30 20:32:57,417 INFO  impl.RaftServerProxy (RaftServerProxy.java:addNew(89)) - 15d63d55-5425-4f9e-924f-bb6d86c8b3d1: addNew group-F1F77D76513E:[149a6df2-8f84-4eb8-9c42-b18db607508c:192.168.69.110:32867, 0bec79a0-044c-4152-be2c-6518dfa6fb11:192.168.69.110:37609, 15d63d55-5425-4f9e-924f-bb6d86c8b3d1:192.168.69.110:41112] returns group-F1F77D76513E:java.util.concurrent.CompletableFuture@388e2633[Not completed]
2019-07-30 20:32:57,417 INFO  impl.RaftServerImpl (RaftServerImpl.java:<init>(93)) - 0bec79a0-044c-4152-be2c-6518dfa6fb11: new RaftServerImpl for group-F1F77D76513E:[149a6df2-8f84-4eb8-9c42-b18db607508c:192.168.69.110:32867, 0bec79a0-044c-4152-be2c-6518dfa6fb11:192.168.69.110:37609, 15d63d55-5425-4f9e-924f-bb6d86c8b3d1:192.168.69.110:41112] with ContainerStateMachine:uninitialized
2019-07-30 20:32:57,418 INFO  impl.RaftServerProxy (RaftServerProxy.java:addNew(89)) - 149a6df2-8f84-4eb8-9c42-b18db607508c: addNew group-F1F77D76513E:[149a6df2-8f84-4eb8-9c42-b18db607508c:192.168.69.110:32867, 0bec79a0-044c-4152-be2c-6518dfa6fb11:192.168.69.110:37609, 15d63d55-5425-4f9e-924f-bb6d86c8b3d1:192.168.69.110:41112] returns group-F1F77D76513E:java.util.concurrent.CompletableFuture@5ce42761[Not completed]
2019-07-30 20:32:57,418 INFO  server.RaftServerConfigKeys (ConfUtils.java:logGet(43)) - raft.server.rpc.timeout.min = 5s (custom)
2019-07-30 20:32:57,418 INFO  server.RaftServerConfigKeys (ConfUtils.java:logGet(43)) - raft.server.rpc.timeout.max = 5200ms (custom)
2019-07-30 20:32:57,418 INFO  server.RaftServerConfigKeys (ConfUtils.java:logGet(43)) - raft.server.rpcslowness.timeout = 120s (custom)
2019-07-30 20:32:57,418 INFO  server.RaftServerConfigKeys (ConfUtils.java:logGet(43)) - raft.server.sleep.deviation.threshold = 300 (default)
2019-07-30 20:32:57,419 INFO  server.RaftServerConfigKeys (ConfUtils.java:logGet(43)) - raft.server.log.appender.install.snapshot.enabled = false (custom)
2019-07-30 20:32:57,419 INFO  impl.RaftServerImpl (RaftServerImpl.java:<init>(93)) - 15d63d55-5425-4f9e-924f-bb6d86c8b3d1: new RaftServerImpl for group-F1F77D76513E:[149a6df2-8f84-4eb8-9c42-b18db607508c:192.168.69.110:32867, 0bec79a0-044c-4152-be2c-6518dfa6fb11:192.168.69.110:37609, 15d63d55-5425-4f9e-924f-bb6d86c8b3d1:192.168.69.110:41112] with ContainerStateMachine:uninitialized
2019-07-30 20:32:57,419 INFO  impl.RaftServerImpl (ServerState.java:<init>(105)) - 0bec79a0-044c-4152-be2c-6518dfa6fb11:group-F1F77D76513E ConfigurationManager, init=-1: [149a6df2-8f84-4eb8-9c42-b18db607508c:192.168.69.110:32867, 0bec79a0-044c-4152-be2c-6518dfa6fb11:192.168.69.110:37609, 15d63d55-5425-4f9e-924f-bb6d86c8b3d1:192.168.69.110:41112], old=null, confs=<EMPTY_MAP>
2019-07-30 20:32:57,419 INFO  server.RaftServerConfigKeys (ConfUtils.java:logGet(43)) - raft.server.rpc.timeout.min = 5s (custom)
2019-07-30 20:32:57,419 INFO  server.RaftServerConfigKeys (ConfUtils.java:logGet(43)) - raft.server.storage.dir = [/workdir/hadoop-ozone/integration-test/target/test-dir/MiniOzoneClusterImpl-7cb939c6-7192-4bf7-ab14-e1f6020d1bf6/datanode-5/data/ratis] (custom)
2019-07-30 20:32:57,419 INFO  server.RaftServerConfigKeys (ConfUtils.java:logGet(43)) - raft.server.rpc.timeout.max = 5200ms (custom)
2019-07-30 20:32:57,420 INFO  server.RaftServerConfigKeys (ConfUtils.java:logGet(43)) - raft.server.rpcslowness.timeout = 120s (custom)
2019-07-30 20:32:57,420 INFO  impl.RaftServerImpl (RaftServerImpl.java:<init>(93)) - 149a6df2-8f84-4eb8-9c42-b18db607508c: new RaftServerImpl for group-F1F77D76513E:[149a6df2-8f84-4eb8-9c42-b18db607508c:192.168.69.110:32867, 0bec79a0-044c-4152-be2c-6518dfa6fb11:192.168.69.110:37609, 15d63d55-5425-4f9e-924f-bb6d86c8b3d1:192.168.69.110:41112] with ContainerStateMachine:uninitialized
2019-07-30 20:32:57,420 INFO  server.RaftServerConfigKeys (ConfUtils.java:logGet(43)) - raft.server.sleep.deviation.threshold = 300 (default)
2019-07-30 20:32:57,420 INFO  storage.RaftStorageDirectory (RaftStorageDirectory.java:analyzeStorage(246)) - The storage directory /workdir/hadoop-ozone/integration-test/target/test-dir/MiniOzoneClusterImpl-7cb939c6-7192-4bf7-ab14-e1f6020d1bf6/datanode-5/data/ratis/a815833f-0834-4c1e-80ff-f1f77d76513e does not exist. Creating ...
2019-07-30 20:32:57,420 INFO  server.RaftServerConfigKeys (ConfUtils.java:logGet(43)) - raft.server.log.appender.install.snapshot.enabled = false (custom)
2019-07-30 20:32:57,420 INFO  server.RaftServerConfigKeys (ConfUtils.java:logGet(43)) - raft.server.rpc.timeout.min = 5s (custom)
2019-07-30 20:32:57,421 INFO  impl.RaftServerImpl (ServerState.java:<init>(105)) - 15d63d55-5425-4f9e-924f-bb6d86c8b3d1:group-F1F77D76513E ConfigurationManager, init=-1: [149a6df2-8f84-4eb8-9c42-b18db607508c:192.168.69.110:32867, 0bec79a0-044c-4152-be2c-6518dfa6fb11:192.168.69.110:37609, 15d63d55-5425-4f9e-924f-bb6d86c8b3d1:192.168.69.110:41112], old=null, confs=<EMPTY_MAP>
2019-07-30 20:32:57,421 INFO  server.RaftServerConfigKeys (ConfUtils.java:logGet(43)) - raft.server.rpc.timeout.max = 5200ms (custom)
2019-07-30 20:32:57,421 INFO  server.RaftServerConfigKeys (ConfUtils.java:logGet(43)) - raft.server.storage.dir = [/workdir/hadoop-ozone/integration-test/target/test-dir/MiniOzoneClusterImpl-7cb939c6-7192-4bf7-ab14-e1f6020d1bf6/datanode-0/data/ratis] (custom)
2019-07-30 20:32:57,421 INFO  server.RaftServerConfigKeys (ConfUtils.java:logGet(43)) - raft.server.rpcslowness.timeout = 120s (custom)
2019-07-30 20:32:57,422 INFO  server.RaftServerConfigKeys (ConfUtils.java:logGet(43)) - raft.server.sleep.deviation.threshold = 300 (default)
2019-07-30 20:32:57,422 INFO  storage.RaftStorageDirectory (RaftStorageDirectory.java:analyzeStorage(246)) - The storage directory /workdir/hadoop-ozone/integration-test/target/test-dir/MiniOzoneClusterImpl-7cb939c6-7192-4bf7-ab14-e1f6020d1bf6/datanode-0/data/ratis/a815833f-0834-4c1e-80ff-f1f77d76513e does not exist. Creating ...
2019-07-30 20:32:57,422 INFO  server.RaftServerConfigKeys (ConfUtils.java:logGet(43)) - raft.server.log.appender.install.snapshot.enabled = false (custom)
2019-07-30 20:32:57,422 INFO  impl.RaftServerImpl (ServerState.java:<init>(105)) - 149a6df2-8f84-4eb8-9c42-b18db607508c:group-F1F77D76513E ConfigurationManager, init=-1: [149a6df2-8f84-4eb8-9c42-b18db607508c:192.168.69.110:32867, 0bec79a0-044c-4152-be2c-6518dfa6fb11:192.168.69.110:37609, 15d63d55-5425-4f9e-924f-bb6d86c8b3d1:192.168.69.110:41112], old=null, confs=<EMPTY_MAP>
2019-07-30 20:32:57,423 INFO  server.RaftServerConfigKeys (ConfUtils.java:logGet(43)) - raft.server.storage.dir = [/workdir/hadoop-ozone/integration-test/target/test-dir/MiniOzoneClusterImpl-7cb939c6-7192-4bf7-ab14-e1f6020d1bf6/datanode-1/data/ratis] (custom)
2019-07-30 20:32:57,423 INFO  storage.RaftStorageDirectory (RaftStorageDirectory.java:analyzeStorage(246)) - The storage directory /workdir/hadoop-ozone/integration-test/target/test-dir/MiniOzoneClusterImpl-7cb939c6-7192-4bf7-ab14-e1f6020d1bf6/datanode-1/data/ratis/a815833f-0834-4c1e-80ff-f1f77d76513e does not exist. Creating ...
2019-07-30 20:32:57,434 INFO  storage.RaftStorageDirectory (RaftStorageDirectory.java:tryLock(328)) - Lock on /workdir/hadoop-ozone/integration-test/target/test-dir/MiniOzoneClusterImpl-7cb939c6-7192-4bf7-ab14-e1f6020d1bf6/datanode-5/data/ratis/a815833f-0834-4c1e-80ff-f1f77d76513e/in_use.lock acquired by nodename 1296@byscane-nightly-zbvcj-1516659162
2019-07-30 20:32:57,434 INFO  storage.RaftStorageDirectory (RaftStorageDirectory.java:tryLock(328)) - Lock on /workdir/hadoop-ozone/integration-test/target/test-dir/MiniOzoneClusterImpl-7cb939c6-7192-4bf7-ab14-e1f6020d1bf6/datanode-1/data/ratis/a815833f-0834-4c1e-80ff-f1f77d76513e/in_use.lock acquired by nodename 1296@byscane-nightly-zbvcj-1516659162
2019-07-30 20:32:57,434 INFO  storage.RaftStorageDirectory (RaftStorageDirectory.java:tryLock(328)) - Lock on /workdir/hadoop-ozone/integration-test/target/test-dir/MiniOzoneClusterImpl-7cb939c6-7192-4bf7-ab14-e1f6020d1bf6/datanode-0/data/ratis/a815833f-0834-4c1e-80ff-f1f77d76513e/in_use.lock acquired by nodename 1296@byscane-nightly-zbvcj-1516659162
2019-07-30 20:32:57,448 INFO  storage.RaftStorage (RaftStorage.java:format(72)) - Storage directory /workdir/hadoop-ozone/integration-test/target/test-dir/MiniOzoneClusterImpl-7cb939c6-7192-4bf7-ab14-e1f6020d1bf6/datanode-5/data/ratis/a815833f-0834-4c1e-80ff-f1f77d76513e has been successfully formatted.
2019-07-30 20:32:57,448 INFO  storage.RaftStorage (RaftStorage.java:format(72)) - Storage directory /workdir/hadoop-ozone/integration-test/target/test-dir/MiniOzoneClusterImpl-7cb939c6-7192-4bf7-ab14-e1f6020d1bf6/datanode-0/data/ratis/a815833f-0834-4c1e-80ff-f1f77d76513e has been successfully formatted.
2019-07-30 20:32:57,448 INFO  ratis.ContainerStateMachine (ContainerStateMachine.java:loadSnapshot(213)) - group-F1F77D76513E: The snapshot info is null. Setting the last applied indexto:(t:0, i:~)
2019-07-30 20:32:57,448 INFO  storage.RaftStorage (RaftStorage.java:format(72)) - Storage directory /workdir/hadoop-ozone/integration-test/target/test-dir/MiniOzoneClusterImpl-7cb939c6-7192-4bf7-ab14-e1f6020d1bf6/datanode-1/data/ratis/a815833f-0834-4c1e-80ff-f1f77d76513e has been successfully formatted.
2019-07-30 20:32:57,448 INFO  ratis.ContainerStateMachine (ContainerStateMachine.java:loadSnapshot(213)) - group-F1F77D76513E: The snapshot info is null. Setting the last applied indexto:(t:0, i:~)
2019-07-30 20:32:57,448 INFO  server.RaftServerConfigKeys (ConfUtils.java:logGet(43)) - raft.server.leader.election.timeout = 120s (custom)
2019-07-30 20:32:57,449 INFO  server.RaftServerConfigKeys (ConfUtils.java:logGet(43)) - raft.server.leader.election.timeout = 120s (custom)
2019-07-30 20:32:57,449 INFO  ratis.ContainerStateMachine (ContainerStateMachine.java:loadSnapshot(213)) - group-F1F77D76513E: The snapshot info is null. Setting the last applied indexto:(t:0, i:~)
2019-07-30 20:32:57,449 INFO  server.RaftServerConfigKeys (ConfUtils.java:logGet(43)) - raft.server.log.use.memory = false (default)
2019-07-30 20:32:57,449 INFO  server.RaftServerConfigKeys (ConfUtils.java:logGet(43)) - raft.server.log.use.memory = false (default)
2019-07-30 20:32:57,449 INFO  server.RaftServerConfigKeys (ConfUtils.java:logGet(43)) - raft.server.log.purge.gap = 1000000000 (custom)
2019-07-30 20:32:57,449 INFO  server.RaftServerConfigKeys (ConfUtils.java:logGet(43)) - raft.server.leader.election.timeout = 120s (custom)
2019-07-30 20:32:57,450 INFO  server.RaftServerConfigKeys (ConfUtils.java:logGet(43)) - raft.server.log.appender.buffer.byte-limit = 33554432 (custom)
2019-07-30 20:32:57,449 INFO  server.RaftServerConfigKeys (ConfUtils.java:logGet(43)) - raft.server.log.purge.gap = 1000000000 (custom)
2019-07-30 20:32:57,450 INFO  server.RaftServerConfigKeys (ConfUtils.java:logGet(43)) - raft.server.log.segment.size.max = 1048576 (custom)
2019-07-30 20:32:57,450 INFO  server.RaftServerConfigKeys (ConfUtils.java:logGet(43)) - raft.server.log.use.memory = false (default)
2019-07-30 20:32:57,450 INFO  server.RaftServerConfigKeys (ConfUtils.java:logGet(43)) - raft.server.log.segment.cache.num.max = 2 (custom)
2019-07-30 20:32:57,450 INFO  server.RaftServerConfigKeys (ConfUtils.java:logGet(43)) - raft.server.log.appender.buffer.byte-limit = 33554432 (custom)
2019-07-30 20:32:57,451 INFO  segmented.SegmentedRaftLogWorker (SegmentedRaftLogWorker.java:<init>(172)) - new 15d63d55-5425-4f9e-924f-bb6d86c8b3d1-SegmentedRaftLogWorker:Storage Directory /workdir/hadoop-ozone/integration-test/target/test-dir/MiniOzoneClusterImpl-7cb939c6-7192-4bf7-ab14-e1f6020d1bf6/datanode-0/data/ratis/a815833f-0834-4c1e-80ff-f1f77d76513e for RaftStorage:Storage Directory /workdir/hadoop-ozone/integration-test/target/test-dir/MiniOzoneClusterImpl-7cb939c6-7192-4bf7-ab14-e1f6020d1bf6/datanode-0/data/ratis/a815833f-0834-4c1e-80ff-f1f77d76513e
2019-07-30 20:32:57,451 INFO  server.RaftServerConfigKeys (ConfUtils.java:logGet(43)) - raft.server.log.purge.gap = 1000000000 (custom)
2019-07-30 20:32:57,451 INFO  server.RaftServerConfigKeys (ConfUtils.java:logGet(43)) - raft.server.log.queue.byte-limit = 2147483647 (custom)
2019-07-30 20:32:57,451 INFO  server.RaftServerConfigKeys (ConfUtils.java:logGet(43)) - raft.server.log.segment.size.max = 1048576 (custom)
2019-07-30 20:32:57,453 INFO  server.RaftServerConfigKeys (ConfUtils.java:logGet(43)) - raft.server.log.queue.element-limit = 1024 (custom)
2019-07-30 20:32:57,451 INFO  server.RaftServerConfigKeys (ConfUtils.java:logGet(43)) - raft.server.log.appender.buffer.byte-limit = 33554432 (custom)
2019-07-30 20:32:57,454 INFO  server.RaftServerConfigKeys (ConfUtils.java:logGet(43)) - raft.server.log.segment.size.max = 1048576 (custom)
2019-07-30 20:32:57,454 INFO  server.RaftServerConfigKeys (ConfUtils.java:logGet(43)) - raft.server.log.segment.cache.num.max = 2 (custom)
2019-07-30 20:32:57,454 INFO  server.RaftServerConfigKeys (ConfUtils.java:logGet(43)) - raft.server.log.preallocated.size = 16384 (custom)
2019-07-30 20:32:57,454 INFO  server.RaftServerConfigKeys (ConfUtils.java:logGet(43)) - raft.server.log.segment.size.max = 1048576 (custom)
2019-07-30 20:32:57,455 INFO  server.RaftServerConfigKeys (ConfUtils.java:logGet(43)) - raft.server.log.write.buffer.size = 33554432 (custom)
2019-07-30 20:32:57,454 INFO  segmented.SegmentedRaftLogWorker (SegmentedRaftLogWorker.java:<init>(172)) - new 0bec79a0-044c-4152-be2c-6518dfa6fb11-SegmentedRaftLogWorker:Storage Directory /workdir/hadoop-ozone/integration-test/target/test-dir/MiniOzoneClusterImpl-7cb939c6-7192-4bf7-ab14-e1f6020d1bf6/datanode-5/data/ratis/a815833f-0834-4c1e-80ff-f1f77d76513e for RaftStorage:Storage Directory /workdir/hadoop-ozone/integration-test/target/test-dir/MiniOzoneClusterImpl-7cb939c6-7192-4bf7-ab14-e1f6020d1bf6/datanode-5/data/ratis/a815833f-0834-4c1e-80ff-f1f77d76513e
2019-07-30 20:32:57,455 INFO  server.RaftServerConfigKeys (ConfUtils.java:logGet(43)) - raft.server.log.force.sync.num = 128 (default)
2019-07-30 20:32:57,455 INFO  server.RaftServerConfigKeys (ConfUtils.java:logGet(43)) - raft.server.log.segment.cache.num.max = 2 (custom)
2019-07-30 20:32:57,455 INFO  server.RaftServerConfigKeys (ConfUtils.java:logGet(43)) - raft.server.log.statemachine.data.sync = true (default)
2019-07-30 20:32:57,455 INFO  server.RaftServerConfigKeys (ConfUtils.java:logGet(43)) - raft.server.log.queue.byte-limit = 2147483647 (custom)
2019-07-30 20:32:57,457 INFO  server.RaftServerConfigKeys (ConfUtils.java:logGet(43)) - raft.server.log.statemachine.data.sync.timeout = 10s (default)
2019-07-30 20:32:57,457 INFO  segmented.SegmentedRaftLogWorker (SegmentedRaftLogWorker.java:<init>(172)) - new 149a6df2-8f84-4eb8-9c42-b18db607508c-SegmentedRaftLogWorker:Storage Directory /workdir/hadoop-ozone/integration-test/target/test-dir/MiniOzoneClusterImpl-7cb939c6-7192-4bf7-ab14-e1f6020d1bf6/datanode-1/data/ratis/a815833f-0834-4c1e-80ff-f1f77d76513e for RaftStorage:Storage Directory /workdir/hadoop-ozone/integration-test/target/test-dir/MiniOzoneClusterImpl-7cb939c6-7192-4bf7-ab14-e1f6020d1bf6/datanode-1/data/ratis/a815833f-0834-4c1e-80ff-f1f77d76513e
2019-07-30 20:32:57,458 INFO  server.RaftServerConfigKeys (ConfUtils.java:logGet(43)) - raft.server.log.statemachine.data.sync.timeout.retry = -1 (default)
2019-07-30 20:32:57,458 INFO  server.RaftServerConfigKeys (ConfUtils.java:logGet(43)) - raft.server.log.queue.element-limit = 1024 (custom)
2019-07-30 20:32:57,460 INFO  server.RaftServerConfigKeys (ConfUtils.java:logGet(43)) - raft.server.log.statemachine.data.caching.enabled = true (custom)
2019-07-30 20:32:57,458 INFO  server.RaftServerConfigKeys (ConfUtils.java:logGet(43)) - raft.server.log.queue.byte-limit = 2147483647 (custom)
2019-07-30 20:32:57,460 INFO  server.RaftServerConfigKeys (ConfUtils.java:logGet(43)) - raft.server.log.segment.size.max = 1048576 (custom)
2019-07-30 20:32:57,460 INFO  server.RaftServerConfigKeys (ConfUtils.java:logGet(43)) - raft.server.log.queue.element-limit = 1024 (custom)
2019-07-30 20:32:57,460 INFO  segmented.SegmentedRaftLogWorker (SegmentedRaftLogWorker.java:lambda$new$0(132)) - 15d63d55-5425-4f9e-924f-bb6d86c8b3d1-SegmentedRaftLogWorker:Storage Directory /workdir/hadoop-ozone/integration-test/target/test-dir/MiniOzoneClusterImpl-7cb939c6-7192-4bf7-ab14-e1f6020d1bf6/datanode-0/data/ratis/a815833f-0834-4c1e-80ff-f1f77d76513e: flushIndex: setUnconditionally 0 -> -1
2019-07-30 20:32:57,461 INFO  server.RaftServerConfigKeys (ConfUtils.java:logGet(43)) - raft.server.log.segment.size.max = 1048576 (custom)
2019-07-30 20:32:57,460 INFO  server.RaftServerConfigKeys (ConfUtils.java:logGet(43)) - raft.server.log.preallocated.size = 16384 (custom)
2019-07-30 20:32:57,461 INFO  server.RaftServerConfigKeys (ConfUtils.java:logGet(43)) - raft.server.snapshot.auto.trigger.enabled = true (custom)
2019-07-30 20:32:57,461 INFO  server.RaftServerConfigKeys (ConfUtils.java:logGet(43)) - raft.server.log.preallocated.size = 16384 (custom)
2019-07-30 20:32:57,461 INFO  server.RaftServerConfigKeys (ConfUtils.java:logGet(43)) - raft.server.snapshot.auto.trigger.threshold = 10000 (custom)
2019-07-30 20:32:57,461 INFO  server.RaftServerConfigKeys (ConfUtils.java:logGet(43)) - raft.server.log.write.buffer.size = 33554432 (custom)
2019-07-30 20:32:57,462 INFO  server.RaftServerConfigKeys (ConfUtils.java:logGet(43)) - raft.server.log.write.buffer.size = 33554432 (custom)
2019-07-30 20:32:57,462 INFO  server.RaftServerConfigKeys (ConfUtils.java:logGet(43)) - raft.server.log.force.sync.num = 128 (default)
2019-07-30 20:32:57,462 INFO  server.RaftServerConfigKeys (ConfUtils.java:logGet(43)) - raft.server.retrycache.expirytime = 600000ms (custom)
2019-07-30 20:32:57,462 INFO  server.RaftServerConfigKeys (ConfUtils.java:logGet(43)) - raft.server.log.statemachine.data.sync = true (default)
2019-07-30 20:32:57,462 INFO  server.RaftServerConfigKeys (ConfUtils.java:logGet(43)) - raft.server.log.force.sync.num = 128 (default)
2019-07-30 20:32:57,463 INFO  server.RaftServerConfigKeys (ConfUtils.java:logGet(43)) - raft.server.log.statemachine.data.sync.timeout = 10s (default)
2019-07-30 20:32:57,463 INFO  impl.RaftServerImpl (RaftServerImpl.java:start(180)) - 15d63d55-5425-4f9e-924f-bb6d86c8b3d1: start group-F1F77D76513E
2019-07-30 20:32:57,463 INFO  server.RaftServerConfigKeys (ConfUtils.java:logGet(43)) - raft.server.log.statemachine.data.sync.timeout.retry = -1 (default)
2019-07-30 20:32:57,463 INFO  server.RaftServerConfigKeys (ConfUtils.java:logGet(43)) - raft.server.log.statemachine.data.sync = true (default)
2019-07-30 20:32:57,463 INFO  server.RaftServerConfigKeys (ConfUtils.java:logGet(43)) - raft.server.log.statemachine.data.caching.enabled = true (custom)
2019-07-30 20:32:57,463 INFO  impl.RaftServerImpl (RaftServerImpl.java:setRole(171)) - 15d63d55-5425-4f9e-924f-bb6d86c8b3d1:group-F1F77D76513E changes role from null to FOLLOWER at term 0 for startAsFollower
2019-07-30 20:32:57,463 INFO  server.RaftServerConfigKeys (ConfUtils.java:logGet(43)) - raft.server.log.statemachine.data.sync.timeout = 10s (default)
2019-07-30 20:32:57,464 INFO  impl.RoleInfo (RoleInfo.java:updateAndGet(143)) - 15d63d55-5425-4f9e-924f-bb6d86c8b3d1: start FollowerState
2019-07-30 20:32:57,464 INFO  segmented.SegmentedRaftLogWorker (SegmentedRaftLogWorker.java:lambda$new$0(132)) - 0bec79a0-044c-4152-be2c-6518dfa6fb11-SegmentedRaftLogWorker:Storage Directory /workdir/hadoop-ozone/integration-test/target/test-dir/MiniOzoneClusterImpl-7cb939c6-7192-4bf7-ab14-e1f6020d1bf6/datanode-5/data/ratis/a815833f-0834-4c1e-80ff-f1f77d76513e: flushIndex: setUnconditionally 0 -> -1
2019-07-30 20:32:57,464 INFO  server.RaftServerConfigKeys (ConfUtils.java:logGet(43)) - raft.server.log.statemachine.data.sync.timeout.retry = -1 (default)
2019-07-30 20:32:57,464 INFO  server.RaftServerConfigKeys (ConfUtils.java:logGet(43)) - raft.server.snapshot.auto.trigger.enabled = true (custom)
2019-07-30 20:32:57,464 INFO  util.JmxRegister (JmxRegister.java:tryRegister(44)) - Successfully registered JMX Bean with object name Ratis:service=RaftServer,group=group-F1F77D76513E,id=15d63d55-5425-4f9e-924f-bb6d86c8b3d1
2019-07-30 20:32:57,465 INFO  server.RaftServerConfigKeys (ConfUtils.java:logGet(43)) - raft.server.log.statemachine.data.caching.enabled = true (custom)
2019-07-30 20:32:57,465 INFO  server.RaftServerConfigKeys (ConfUtils.java:logGet(43)) - raft.server.snapshot.auto.trigger.threshold = 10000 (custom)
2019-07-30 20:32:57,465 INFO  segmented.SegmentedRaftLogWorker (SegmentedRaftLogWorker.java:lambda$new$0(132)) - 149a6df2-8f84-4eb8-9c42-b18db607508c-SegmentedRaftLogWorker:Storage Directory /workdir/hadoop-ozone/integration-test/target/test-dir/MiniOzoneClusterImpl-7cb939c6-7192-4bf7-ab14-e1f6020d1bf6/datanode-1/data/ratis/a815833f-0834-4c1e-80ff-f1f77d76513e: flushIndex: setUnconditionally 0 -> -1
2019-07-30 20:32:57,465 INFO  server.RaftServerConfigKeys (ConfUtils.java:logGet(43)) - raft.server.retrycache.expirytime = 600000ms (custom)
2019-07-30 20:32:57,466 INFO  impl.RaftServerImpl (RaftServerImpl.java:start(180)) - 0bec79a0-044c-4152-be2c-6518dfa6fb11: start group-F1F77D76513E
2019-07-30 20:32:57,466 INFO  server.RaftServerConfigKeys (ConfUtils.java:logGet(43)) - raft.server.snapshot.auto.trigger.enabled = true (custom)
2019-07-30 20:32:57,466 INFO  impl.RaftServerImpl (RaftServerImpl.java:setRole(171)) - 0bec79a0-044c-4152-be2c-6518dfa6fb11:group-F1F77D76513E changes role from null to FOLLOWER at term 0 for startAsFollower
2019-07-30 20:32:57,466 INFO  server.RaftServerConfigKeys (ConfUtils.java:logGet(43)) - raft.server.snapshot.auto.trigger.threshold = 10000 (custom)
2019-07-30 20:32:57,466 INFO  impl.RoleInfo (RoleInfo.java:updateAndGet(143)) - 0bec79a0-044c-4152-be2c-6518dfa6fb11: start FollowerState
2019-07-30 20:32:57,466 INFO  server.RaftServerConfigKeys (ConfUtils.java:logGet(43)) - raft.server.retrycache.expirytime = 600000ms (custom)
2019-07-30 20:32:57,466 INFO  impl.RaftServerImpl (RaftServerImpl.java:start(180)) - 149a6df2-8f84-4eb8-9c42-b18db607508c: start group-F1F77D76513E
2019-07-30 20:32:57,467 INFO  impl.RaftServerImpl (RaftServerImpl.java:setRole(171)) - 149a6df2-8f84-4eb8-9c42-b18db607508c:group-F1F77D76513E changes role from null to FOLLOWER at term 0 for startAsFollower
2019-07-30 20:32:57,467 INFO  util.JmxRegister (JmxRegister.java:tryRegister(44)) - Successfully registered JMX Bean with object name Ratis:service=RaftServer,group=group-F1F77D76513E,id=0bec79a0-044c-4152-be2c-6518dfa6fb11
2019-07-30 20:32:57,467 INFO  impl.RoleInfo (RoleInfo.java:updateAndGet(143)) - 149a6df2-8f84-4eb8-9c42-b18db607508c: start FollowerState
2019-07-30 20:32:57,469 INFO  util.JmxRegister (JmxRegister.java:tryRegister(44)) - Successfully registered JMX Bean with object name Ratis:service=RaftServer,group=group-F1F77D76513E,id=149a6df2-8f84-4eb8-9c42-b18db607508c
2019-07-30 20:32:57,494 INFO  pipeline.PipelineStateManager (PipelineStateManager.java:addPipeline(56)) - Created pipeline Pipeline[ Id: a815833f-0834-4c1e-80ff-f1f77d76513e, Nodes: 149a6df2-8f84-4eb8-9c42-b18db607508c{ip: 192.168.69.110, host: byscane-nightly-zbvcj-1516659162, networkLocation: /default-rack, certSerialId: null}0bec79a0-044c-4152-be2c-6518dfa6fb11{ip: 192.168.69.110, host: byscane-nightly-zbvcj-1516659162, networkLocation: /default-rack, certSerialId: null}15d63d55-5425-4f9e-924f-bb6d86c8b3d1{ip: 192.168.69.110, host: byscane-nightly-zbvcj-1516659162, networkLocation: /default-rack, certSerialId: null}, Type:RATIS, Factor:THREE, State:OPEN]
2019-07-30 20:32:57,534 INFO  impl.RaftServerProxy (RaftServerProxy.java:addNew(89)) - cbfce143-889c-4770-a501-1d8ca18dcfe4: addNew group-8548D6BABC97:[cbfce143-889c-4770-a501-1d8ca18dcfe4:192.168.69.110:44808, 76464ee5-672b-45f0-89da-4be886f178dd:192.168.69.110:42534, 608044c8-53fb-4b7c-951c-cbbda4d80253:192.168.69.110:34476] returns group-8548D6BABC97:java.util.concurrent.CompletableFuture@1dd92d5a[Not completed]
2019-07-30 20:32:57,534 INFO  impl.RaftServerProxy (RaftServerProxy.java:addNew(89)) - 608044c8-53fb-4b7c-951c-cbbda4d80253: addNew group-8548D6BABC97:[cbfce143-889c-4770-a501-1d8ca18dcfe4:192.168.69.110:44808, 76464ee5-672b-45f0-89da-4be886f178dd:192.168.69.110:42534, 608044c8-53fb-4b7c-951c-cbbda4d80253:192.168.69.110:34476] returns group-8548D6BABC97:java.util.concurrent.CompletableFuture@fbbd260[Not completed]
2019-07-30 20:32:57,534 INFO  impl.RaftServerProxy (RaftServerProxy.java:addNew(89)) - 76464ee5-672b-45f0-89da-4be886f178dd: addNew group-8548D6BABC97:[cbfce143-889c-4770-a501-1d8ca18dcfe4:192.168.69.110:44808, 76464ee5-672b-45f0-89da-4be886f178dd:192.168.69.110:42534, 608044c8-53fb-4b7c-951c-cbbda4d80253:192.168.69.110:34476] returns group-8548D6BABC97:java.util.concurrent.CompletableFuture@3df376e1[Not completed]
2019-07-30 20:32:57,537 INFO  impl.RaftServerImpl (RaftServerImpl.java:<init>(93)) - 76464ee5-672b-45f0-89da-4be886f178dd: new RaftServerImpl for group-8548D6BABC97:[cbfce143-889c-4770-a501-1d8ca18dcfe4:192.168.69.110:44808, 76464ee5-672b-45f0-89da-4be886f178dd:192.168.69.110:42534, 608044c8-53fb-4b7c-951c-cbbda4d80253:192.168.69.110:34476] with ContainerStateMachine:uninitialized
2019-07-30 20:32:57,537 INFO  impl.RaftServerImpl (RaftServerImpl.java:<init>(93)) - cbfce143-889c-4770-a501-1d8ca18dcfe4: new RaftServerImpl for group-8548D6BABC97:[cbfce143-889c-4770-a501-1d8ca18dcfe4:192.168.69.110:44808, 76464ee5-672b-45f0-89da-4be886f178dd:192.168.69.110:42534, 608044c8-53fb-4b7c-951c-cbbda4d80253:192.168.69.110:34476] with ContainerStateMachine:uninitialized
2019-07-30 20:32:57,538 INFO  server.RaftServerConfigKeys (ConfUtils.java:logGet(43)) - raft.server.rpc.timeout.min = 5s (custom)
2019-07-30 20:32:57,538 INFO  server.RaftServerConfigKeys (ConfUtils.java:logGet(43)) - raft.server.rpc.timeout.min = 5s (custom)
2019-07-30 20:32:57,538 INFO  server.RaftServerConfigKeys (ConfUtils.java:logGet(43)) - raft.server.rpc.timeout.max = 5200ms (custom)
2019-07-30 20:32:57,538 INFO  server.RaftServerConfigKeys (ConfUtils.java:logGet(43)) - raft.server.rpc.timeout.max = 5200ms (custom)
2019-07-30 20:32:57,538 INFO  server.RaftServerConfigKeys (ConfUtils.java:logGet(43)) - raft.server.rpcslowness.timeout = 120s (custom)
2019-07-30 20:32:57,538 INFO  server.RaftServerConfigKeys (ConfUtils.java:logGet(43)) - raft.server.rpcslowness.timeout = 120s (custom)
2019-07-30 20:32:57,538 INFO  server.RaftServerConfigKeys (ConfUtils.java:logGet(43)) - raft.server.sleep.deviation.threshold = 300 (default)
2019-07-30 20:32:57,538 INFO  server.RaftServerConfigKeys (ConfUtils.java:logGet(43)) - raft.server.sleep.deviation.threshold = 300 (default)
2019-07-30 20:32:57,538 INFO  server.RaftServerConfigKeys (ConfUtils.java:logGet(43)) - raft.server.log.appender.install.snapshot.enabled = false (custom)
2019-07-30 20:32:57,538 INFO  impl.RaftServerImpl (RaftServerImpl.java:<init>(93)) - 608044c8-53fb-4b7c-951c-cbbda4d80253: new RaftServerImpl for group-8548D6BABC97:[cbfce143-889c-4770-a501-1d8ca18dcfe4:192.168.69.110:44808, 76464ee5-672b-45f0-89da-4be886f178dd:192.168.69.110:42534, 608044c8-53fb-4b7c-951c-cbbda4d80253:192.168.69.110:34476] with ContainerStateMachine:uninitialized
2019-07-30 20:32:57,538 INFO  server.RaftServerConfigKeys (ConfUtils.java:logGet(43)) - raft.server.log.appender.install.snapshot.enabled = false (custom)
2019-07-30 20:32:57,538 INFO  impl.RaftServerImpl (ServerState.java:<init>(105)) - 76464ee5-672b-45f0-89da-4be886f178dd:group-8548D6BABC97 ConfigurationManager, init=-1: [cbfce143-889c-4770-a501-1d8ca18dcfe4:192.168.69.110:44808, 76464ee5-672b-45f0-89da-4be886f178dd:192.168.69.110:42534, 608044c8-53fb-4b7c-951c-cbbda4d80253:192.168.69.110:34476], old=null, confs=<EMPTY_MAP>
2019-07-30 20:32:57,539 INFO  impl.RaftServerImpl (ServerState.java:<init>(105)) - cbfce143-889c-4770-a501-1d8ca18dcfe4:group-8548D6BABC97 ConfigurationManager, init=-1: [cbfce143-889c-4770-a501-1d8ca18dcfe4:192.168.69.110:44808, 76464ee5-672b-45f0-89da-4be886f178dd:192.168.69.110:42534, 608044c8-53fb-4b7c-951c-cbbda4d80253:192.168.69.110:34476], old=null, confs=<EMPTY_MAP>
2019-07-30 20:32:57,539 INFO  server.RaftServerConfigKeys (ConfUtils.java:logGet(43)) - raft.server.rpc.timeout.min = 5s (custom)
2019-07-30 20:32:57,539 INFO  server.RaftServerConfigKeys (ConfUtils.java:logGet(43)) - raft.server.storage.dir = [/workdir/hadoop-ozone/integration-test/target/test-dir/MiniOzoneClusterImpl-7cb939c6-7192-4bf7-ab14-e1f6020d1bf6/datanode-3/data/ratis] (custom)
2019-07-30 20:32:57,539 INFO  server.RaftServerConfigKeys (ConfUtils.java:logGet(43)) - raft.server.storage.dir = [/workdir/hadoop-ozone/integration-test/target/test-dir/MiniOzoneClusterImpl-7cb939c6-7192-4bf7-ab14-e1f6020d1bf6/datanode-2/data/ratis] (custom)
2019-07-30 20:32:57,539 INFO  server.RaftServerConfigKeys (ConfUtils.java:logGet(43)) - raft.server.rpc.timeout.max = 5200ms (custom)
2019-07-30 20:32:57,539 INFO  storage.RaftStorageDirectory (RaftStorageDirectory.java:analyzeStorage(246)) - The storage directory /workdir/hadoop-ozone/integration-test/target/test-dir/MiniOzoneClusterImpl-7cb939c6-7192-4bf7-ab14-e1f6020d1bf6/datanode-3/data/ratis/1ad9ddee-0f77-4fe4-b06c-8548d6babc97 does not exist. Creating ...
2019-07-30 20:32:57,539 INFO  server.RaftServerConfigKeys (ConfUtils.java:logGet(43)) - raft.server.rpcslowness.timeout = 120s (custom)
2019-07-30 20:32:57,539 INFO  storage.RaftStorageDirectory (RaftStorageDirectory.java:analyzeStorage(246)) - The storage directory /workdir/hadoop-ozone/integration-test/target/test-dir/MiniOzoneClusterImpl-7cb939c6-7192-4bf7-ab14-e1f6020d1bf6/datanode-2/data/ratis/1ad9ddee-0f77-4fe4-b06c-8548d6babc97 does not exist. Creating ...
2019-07-30 20:32:57,540 INFO  server.RaftServerConfigKeys (ConfUtils.java:logGet(43)) - raft.server.sleep.deviation.threshold = 300 (default)
2019-07-30 20:32:57,540 INFO  server.RaftServerConfigKeys (ConfUtils.java:logGet(43)) - raft.server.log.appender.install.snapshot.enabled = false (custom)
2019-07-30 20:32:57,540 INFO  impl.RaftServerImpl (ServerState.java:<init>(105)) - 608044c8-53fb-4b7c-951c-cbbda4d80253:group-8548D6BABC97 ConfigurationManager, init=-1: [cbfce143-889c-4770-a501-1d8ca18dcfe4:192.168.69.110:44808, 76464ee5-672b-45f0-89da-4be886f178dd:192.168.69.110:42534, 608044c8-53fb-4b7c-951c-cbbda4d80253:192.168.69.110:34476], old=null, confs=<EMPTY_MAP>
2019-07-30 20:32:57,540 INFO  server.RaftServerConfigKeys (ConfUtils.java:logGet(43)) - raft.server.storage.dir = [/workdir/hadoop-ozone/integration-test/target/test-dir/MiniOzoneClusterImpl-7cb939c6-7192-4bf7-ab14-e1f6020d1bf6/datanode-4/data/ratis] (custom)
2019-07-30 20:32:57,541 INFO  storage.RaftStorageDirectory (RaftStorageDirectory.java:analyzeStorage(246)) - The storage directory /workdir/hadoop-ozone/integration-test/target/test-dir/MiniOzoneClusterImpl-7cb939c6-7192-4bf7-ab14-e1f6020d1bf6/datanode-4/data/ratis/1ad9ddee-0f77-4fe4-b06c-8548d6babc97 does not exist. Creating ...
2019-07-30 20:32:57,553 INFO  storage.RaftStorageDirectory (RaftStorageDirectory.java:tryLock(328)) - Lock on /workdir/hadoop-ozone/integration-test/target/test-dir/MiniOzoneClusterImpl-7cb939c6-7192-4bf7-ab14-e1f6020d1bf6/datanode-3/data/ratis/1ad9ddee-0f77-4fe4-b06c-8548d6babc97/in_use.lock acquired by nodename 1296@byscane-nightly-zbvcj-1516659162
2019-07-30 20:32:57,553 INFO  storage.RaftStorageDirectory (RaftStorageDirectory.java:tryLock(328)) - Lock on /workdir/hadoop-ozone/integration-test/target/test-dir/MiniOzoneClusterImpl-7cb939c6-7192-4bf7-ab14-e1f6020d1bf6/datanode-4/data/ratis/1ad9ddee-0f77-4fe4-b06c-8548d6babc97/in_use.lock acquired by nodename 1296@byscane-nightly-zbvcj-1516659162
2019-07-30 20:32:57,553 INFO  storage.RaftStorageDirectory (RaftStorageDirectory.java:tryLock(328)) - Lock on /workdir/hadoop-ozone/integration-test/target/test-dir/MiniOzoneClusterImpl-7cb939c6-7192-4bf7-ab14-e1f6020d1bf6/datanode-2/data/ratis/1ad9ddee-0f77-4fe4-b06c-8548d6babc97/in_use.lock acquired by nodename 1296@byscane-nightly-zbvcj-1516659162
2019-07-30 20:32:57,567 INFO  storage.RaftStorage (RaftStorage.java:format(72)) - Storage directory /workdir/hadoop-ozone/integration-test/target/test-dir/MiniOzoneClusterImpl-7cb939c6-7192-4bf7-ab14-e1f6020d1bf6/datanode-2/data/ratis/1ad9ddee-0f77-4fe4-b06c-8548d6babc97 has been successfully formatted.
2019-07-30 20:32:57,567 INFO  storage.RaftStorage (RaftStorage.java:format(72)) - Storage directory /workdir/hadoop-ozone/integration-test/target/test-dir/MiniOzoneClusterImpl-7cb939c6-7192-4bf7-ab14-e1f6020d1bf6/datanode-4/data/ratis/1ad9ddee-0f77-4fe4-b06c-8548d6babc97 has been successfully formatted.
2019-07-30 20:32:57,567 INFO  storage.RaftStorage (RaftStorage.java:format(72)) - Storage directory /workdir/hadoop-ozone/integration-test/target/test-dir/MiniOzoneClusterImpl-7cb939c6-7192-4bf7-ab14-e1f6020d1bf6/datanode-3/data/ratis/1ad9ddee-0f77-4fe4-b06c-8548d6babc97 has been successfully formatted.
2019-07-30 20:32:57,568 INFO  ratis.ContainerStateMachine (ContainerStateMachine.java:loadSnapshot(213)) - group-8548D6BABC97: The snapshot info is null. Setting the last applied indexto:(t:0, i:~)
2019-07-30 20:32:57,567 INFO  ratis.ContainerStateMachine (ContainerStateMachine.java:loadSnapshot(213)) - group-8548D6BABC97: The snapshot info is null. Setting the last applied indexto:(t:0, i:~)
2019-07-30 20:32:57,568 INFO  ratis.ContainerStateMachine (ContainerStateMachine.java:loadSnapshot(213)) - group-8548D6BABC97: The snapshot info is null. Setting the last applied indexto:(t:0, i:~)
2019-07-30 20:32:57,568 INFO  server.RaftServerConfigKeys (ConfUtils.java:logGet(43)) - raft.server.leader.election.timeout = 120s (custom)
2019-07-30 20:32:57,568 INFO  server.RaftServerConfigKeys (ConfUtils.java:logGet(43)) - raft.server.leader.election.timeout = 120s (custom)
2019-07-30 20:32:57,568 INFO  server.RaftServerConfigKeys (ConfUtils.java:logGet(43)) - raft.server.leader.election.timeout = 120s (custom)
2019-07-30 20:32:57,568 INFO  server.RaftServerConfigKeys (ConfUtils.java:logGet(43)) - raft.server.log.use.memory = false (default)
2019-07-30 20:32:57,568 INFO  server.RaftServerConfigKeys (ConfUtils.java:logGet(43)) - raft.server.log.use.memory = false (default)
2019-07-30 20:32:57,569 INFO  server.RaftServerConfigKeys (ConfUtils.java:logGet(43)) - raft.server.log.purge.gap = 1000000000 (custom)
2019-07-30 20:32:57,568 INFO  server.RaftServerConfigKeys (ConfUtils.java:logGet(43)) - raft.server.log.use.memory = false (default)
2019-07-30 20:32:57,569 INFO  server.RaftServerConfigKeys (ConfUtils.java:logGet(43)) - raft.server.log.purge.gap = 1000000000 (custom)
2019-07-30 20:32:57,569 INFO  server.RaftServerConfigKeys (ConfUtils.java:logGet(43)) - raft.server.log.purge.gap = 1000000000 (custom)
2019-07-30 20:32:57,569 INFO  server.RaftServerConfigKeys (ConfUtils.java:logGet(43)) - raft.server.log.appender.buffer.byte-limit = 33554432 (custom)
2019-07-30 20:32:57,569 INFO  server.RaftServerConfigKeys (ConfUtils.java:logGet(43)) - raft.server.log.appender.buffer.byte-limit = 33554432 (custom)
2019-07-30 20:32:57,569 INFO  server.RaftServerConfigKeys (ConfUtils.java:logGet(43)) - raft.server.log.appender.buffer.byte-limit = 33554432 (custom)
2019-07-30 20:32:57,569 INFO  server.RaftServerConfigKeys (ConfUtils.java:logGet(43)) - raft.server.log.segment.size.max = 1048576 (custom)
2019-07-30 20:32:57,569 INFO  server.RaftServerConfigKeys (ConfUtils.java:logGet(43)) - raft.server.log.segment.size.max = 1048576 (custom)
2019-07-30 20:32:57,570 INFO  server.RaftServerConfigKeys (ConfUtils.java:logGet(43)) - raft.server.log.segment.cache.num.max = 2 (custom)
2019-07-30 20:32:57,569 INFO  server.RaftServerConfigKeys (ConfUtils.java:logGet(43)) - raft.server.log.segment.size.max = 1048576 (custom)
2019-07-30 20:32:57,570 INFO  segmented.SegmentedRaftLogWorker (SegmentedRaftLogWorker.java:<init>(172)) - new 76464ee5-672b-45f0-89da-4be886f178dd-SegmentedRaftLogWorker:Storage Directory /workdir/hadoop-ozone/integration-test/target/test-dir/MiniOzoneClusterImpl-7cb939c6-7192-4bf7-ab14-e1f6020d1bf6/datanode-2/data/ratis/1ad9ddee-0f77-4fe4-b06c-8548d6babc97 for RaftStorage:Storage Directory /workdir/hadoop-ozone/integration-test/target/test-dir/MiniOzoneClusterImpl-7cb939c6-7192-4bf7-ab14-e1f6020d1bf6/datanode-2/data/ratis/1ad9ddee-0f77-4fe4-b06c-8548d6babc97
2019-07-30 20:32:57,570 INFO  server.RaftServerConfigKeys (ConfUtils.java:logGet(43)) - raft.server.log.segment.cache.num.max = 2 (custom)
2019-07-30 20:32:57,570 INFO  server.RaftServerConfigKeys (ConfUtils.java:logGet(43)) - raft.server.log.queue.byte-limit = 2147483647 (custom)
2019-07-30 20:32:57,570 INFO  server.RaftServerConfigKeys (ConfUtils.java:logGet(43)) - raft.server.log.segment.cache.num.max = 2 (custom)
2019-07-30 20:32:57,571 INFO  server.RaftServerConfigKeys (ConfUtils.java:logGet(43)) - raft.server.log.queue.element-limit = 1024 (custom)
2019-07-30 20:32:57,571 INFO  segmented.SegmentedRaftLogWorker (SegmentedRaftLogWorker.java:<init>(172)) - new cbfce143-889c-4770-a501-1d8ca18dcfe4-SegmentedRaftLogWorker:Storage Directory /workdir/hadoop-ozone/integration-test/target/test-dir/MiniOzoneClusterImpl-7cb939c6-7192-4bf7-ab14-e1f6020d1bf6/datanode-3/data/ratis/1ad9ddee-0f77-4fe4-b06c-8548d6babc97 for RaftStorage:Storage Directory /workdir/hadoop-ozone/integration-test/target/test-dir/MiniOzoneClusterImpl-7cb939c6-7192-4bf7-ab14-e1f6020d1bf6/datanode-3/data/ratis/1ad9ddee-0f77-4fe4-b06c-8548d6babc97
2019-07-30 20:32:57,572 INFO  server.RaftServerConfigKeys (ConfUtils.java:logGet(43)) - raft.server.log.segment.size.max = 1048576 (custom)
2019-07-30 20:32:57,572 INFO  segmented.SegmentedRaftLogWorker (SegmentedRaftLogWorker.java:<init>(172)) - new 608044c8-53fb-4b7c-951c-cbbda4d80253-SegmentedRaftLogWorker:Storage Directory /workdir/hadoop-ozone/integration-test/target/test-dir/MiniOzoneClusterImpl-7cb939c6-7192-4bf7-ab14-e1f6020d1bf6/datanode-4/data/ratis/1ad9ddee-0f77-4fe4-b06c-8548d6babc97 for RaftStorage:Storage Directory /workdir/hadoop-ozone/integration-test/target/test-dir/MiniOzoneClusterImpl-7cb939c6-7192-4bf7-ab14-e1f6020d1bf6/datanode-4/data/ratis/1ad9ddee-0f77-4fe4-b06c-8548d6babc97
2019-07-30 20:32:57,572 INFO  server.RaftServerConfigKeys (ConfUtils.java:logGet(43)) - raft.server.log.preallocated.size = 16384 (custom)
2019-07-30 20:32:57,574 INFO  server.RaftServerConfigKeys (ConfUtils.java:logGet(43)) - raft.server.log.write.buffer.size = 33554432 (custom)
2019-07-30 20:32:57,572 INFO  server.RaftServerConfigKeys (ConfUtils.java:logGet(43)) - raft.server.log.queue.byte-limit = 2147483647 (custom)
2019-07-30 20:32:57,574 INFO  server.RaftServerConfigKeys (ConfUtils.java:logGet(43)) - raft.server.log.force.sync.num = 128 (default)
2019-07-30 20:32:57,574 INFO  server.RaftServerConfigKeys (ConfUtils.java:logGet(43)) - raft.server.log.queue.byte-limit = 2147483647 (custom)
2019-07-30 20:32:57,577 INFO  server.RaftServerConfigKeys (ConfUtils.java:logGet(43)) - raft.server.log.statemachine.data.sync = true (default)
2019-07-30 20:32:57,577 INFO  server.RaftServerConfigKeys (ConfUtils.java:logGet(43)) - raft.server.log.statemachine.data.sync.timeout = 10s (default)
2019-07-30 20:32:57,576 INFO  server.RaftServerConfigKeys (ConfUtils.java:logGet(43)) - raft.server.log.queue.element-limit = 1024 (custom)
2019-07-30 20:32:57,577 INFO  server.RaftServerConfigKeys (ConfUtils.java:logGet(43)) - raft.server.log.statemachine.data.sync.timeout.retry = -1 (default)
2019-07-30 20:32:57,577 INFO  server.RaftServerConfigKeys (ConfUtils.java:logGet(43)) - raft.server.log.queue.element-limit = 1024 (custom)
2019-07-30 20:32:57,577 INFO  server.RaftServerConfigKeys (ConfUtils.java:logGet(43)) - raft.server.log.statemachine.data.caching.enabled = true (custom)
2019-07-30 20:32:57,577 INFO  server.RaftServerConfigKeys (ConfUtils.java:logGet(43)) - raft.server.log.segment.size.max = 1048576 (custom)
2019-07-30 20:32:57,577 INFO  server.RaftServerConfigKeys (ConfUtils.java:logGet(43)) - raft.server.log.segment.size.max = 1048576 (custom)
2019-07-30 20:32:57,578 INFO  segmented.SegmentedRaftLogWorker (SegmentedRaftLogWorker.java:lambda$new$0(132)) - 76464ee5-672b-45f0-89da-4be886f178dd-SegmentedRaftLogWorker:Storage Directory /workdir/hadoop-ozone/integration-test/target/test-dir/MiniOzoneClusterImpl-7cb939c6-7192-4bf7-ab14-e1f6020d1bf6/datanode-2/data/ratis/1ad9ddee-0f77-4fe4-b06c-8548d6babc97: flushIndex: setUnconditionally 0 -> -1
2019-07-30 20:32:57,578 INFO  server.RaftServerConfigKeys (ConfUtils.java:logGet(43)) - raft.server.log.preallocated.size = 16384 (custom)
2019-07-30 20:32:57,578 INFO  server.RaftServerConfigKeys (ConfUtils.java:logGet(43)) - raft.server.log.preallocated.size = 16384 (custom)
2019-07-30 20:32:57,578 INFO  server.RaftServerConfigKeys (ConfUtils.java:logGet(43)) - raft.server.snapshot.auto.trigger.enabled = true (custom)
2019-07-30 20:32:57,578 INFO  server.RaftServerConfigKeys (ConfUtils.java:logGet(43)) - raft.server.log.write.buffer.size = 33554432 (custom)
2019-07-30 20:32:57,578 INFO  server.RaftServerConfigKeys (ConfUtils.java:logGet(43)) - raft.server.snapshot.auto.trigger.threshold = 10000 (custom)
2019-07-30 20:32:57,578 INFO  server.RaftServerConfigKeys (ConfUtils.java:logGet(43)) - raft.server.log.write.buffer.size = 33554432 (custom)
2019-07-30 20:32:57,578 INFO  server.RaftServerConfigKeys (ConfUtils.java:logGet(43)) - raft.server.retrycache.expirytime = 600000ms (custom)
2019-07-30 20:32:57,578 INFO  server.RaftServerConfigKeys (ConfUtils.java:logGet(43)) - raft.server.log.force.sync.num = 128 (default)
2019-07-30 20:32:57,578 INFO  server.RaftServerConfigKeys (ConfUtils.java:logGet(43)) - raft.server.log.force.sync.num = 128 (default)
2019-07-30 20:32:57,579 INFO  server.RaftServerConfigKeys (ConfUtils.java:logGet(43)) - raft.server.log.statemachine.data.sync = true (default)
2019-07-30 20:32:57,579 INFO  impl.RaftServerImpl (RaftServerImpl.java:start(180)) - 76464ee5-672b-45f0-89da-4be886f178dd: start group-8548D6BABC97
2019-07-30 20:32:57,579 INFO  server.RaftServerConfigKeys (ConfUtils.java:logGet(43)) - raft.server.log.statemachine.data.sync.timeout = 10s (default)
2019-07-30 20:32:57,579 INFO  server.RaftServerConfigKeys (ConfUtils.java:logGet(43)) - raft.server.log.statemachine.data.sync = true (default)
2019-07-30 20:32:57,579 INFO  server.RaftServerConfigKeys (ConfUtils.java:logGet(43)) - raft.server.log.statemachine.data.sync.timeout.retry = -1 (default)
2019-07-30 20:32:57,579 INFO  impl.RaftServerImpl (RaftServerImpl.java:setRole(171)) - 76464ee5-672b-45f0-89da-4be886f178dd:group-8548D6BABC97 changes role from null to FOLLOWER at term 0 for startAsFollower
2019-07-30 20:32:57,579 INFO  server.RaftServerConfigKeys (ConfUtils.java:logGet(43)) - raft.server.log.statemachine.data.caching.enabled = true (custom)
2019-07-30 20:32:57,579 INFO  server.RaftServerConfigKeys (ConfUtils.java:logGet(43)) - raft.server.log.statemachine.data.sync.timeout = 10s (default)
2019-07-30 20:32:57,580 INFO  segmented.SegmentedRaftLogWorker (SegmentedRaftLogWorker.java:lambda$new$0(132)) - 608044c8-53fb-4b7c-951c-cbbda4d80253-SegmentedRaftLogWorker:Storage Directory /workdir/hadoop-ozone/integration-test/target/test-dir/MiniOzoneClusterImpl-7cb939c6-7192-4bf7-ab14-e1f6020d1bf6/datanode-4/data/ratis/1ad9ddee-0f77-4fe4-b06c-8548d6babc97: flushIndex: setUnconditionally 0 -> -1
2019-07-30 20:32:57,579 INFO  impl.RoleInfo (RoleInfo.java:updateAndGet(143)) - 76464ee5-672b-45f0-89da-4be886f178dd: start FollowerState
2019-07-30 20:32:57,580 INFO  server.RaftServerConfigKeys (ConfUtils.java:logGet(43)) - raft.server.log.statemachine.data.sync.timeout.retry = -1 (default)
2019-07-30 20:32:57,580 INFO  server.RaftServerConfigKeys (ConfUtils.java:logGet(43)) - raft.server.snapshot.auto.trigger.enabled = true (custom)
2019-07-30 20:32:57,580 INFO  server.RaftServerConfigKeys (ConfUtils.java:logGet(43)) - raft.server.log.statemachine.data.caching.enabled = true (custom)
2019-07-30 20:32:57,580 INFO  util.JmxRegister (JmxRegister.java:tryRegister(44)) - Successfully registered JMX Bean with object name Ratis:service=RaftServer,group=group-8548D6BABC97,id=76464ee5-672b-45f0-89da-4be886f178dd
2019-07-30 20:32:57,580 INFO  server.RaftServerConfigKeys (ConfUtils.java:logGet(43)) - raft.server.snapshot.auto.trigger.threshold = 10000 (custom)
2019-07-30 20:32:57,580 INFO  segmented.SegmentedRaftLogWorker (SegmentedRaftLogWorker.java:lambda$new$0(132)) - cbfce143-889c-4770-a501-1d8ca18dcfe4-SegmentedRaftLogWorker:Storage Directory /workdir/hadoop-ozone/integration-test/target/test-dir/MiniOzoneClusterImpl-7cb939c6-7192-4bf7-ab14-e1f6020d1bf6/datanode-3/data/ratis/1ad9ddee-0f77-4fe4-b06c-8548d6babc97: flushIndex: setUnconditionally 0 -> -1
2019-07-30 20:32:57,580 INFO  server.RaftServerConfigKeys (ConfUtils.java:logGet(43)) - raft.server.retrycache.expirytime = 600000ms (custom)
2019-07-30 20:32:57,581 INFO  impl.RaftServerImpl (RaftServerImpl.java:start(180)) - 608044c8-53fb-4b7c-951c-cbbda4d80253: start group-8548D6BABC97
2019-07-30 20:32:57,581 INFO  server.RaftServerConfigKeys (ConfUtils.java:logGet(43)) - raft.server.snapshot.auto.trigger.enabled = true (custom)
2019-07-30 20:32:57,581 INFO  impl.RaftServerImpl (RaftServerImpl.java:setRole(171)) - 608044c8-53fb-4b7c-951c-cbbda4d80253:group-8548D6BABC97 changes role from null to FOLLOWER at term 0 for startAsFollower
2019-07-30 20:32:57,581 INFO  server.RaftServerConfigKeys (ConfUtils.java:logGet(43)) - raft.server.snapshot.auto.trigger.threshold = 10000 (custom)
2019-07-30 20:32:57,581 INFO  impl.RoleInfo (RoleInfo.java:updateAndGet(143)) - 608044c8-53fb-4b7c-951c-cbbda4d80253: start FollowerState
2019-07-30 20:32:57,581 INFO  server.RaftServerConfigKeys (ConfUtils.java:logGet(43)) - raft.server.retrycache.expirytime = 600000ms (custom)
2019-07-30 20:32:57,581 INFO  util.JmxRegister (JmxRegister.java:tryRegister(44)) - Successfully registered JMX Bean with object name Ratis:service=RaftServer,group=group-8548D6BABC97,id=608044c8-53fb-4b7c-951c-cbbda4d80253
2019-07-30 20:32:57,582 INFO  impl.RaftServerImpl (RaftServerImpl.java:start(180)) - cbfce143-889c-4770-a501-1d8ca18dcfe4: start group-8548D6BABC97
2019-07-30 20:32:57,582 INFO  impl.RaftServerImpl (RaftServerImpl.java:setRole(171)) - cbfce143-889c-4770-a501-1d8ca18dcfe4:group-8548D6BABC97 changes role from null to FOLLOWER at term 0 for startAsFollower
2019-07-30 20:32:57,582 INFO  impl.RoleInfo (RoleInfo.java:updateAndGet(143)) - cbfce143-889c-4770-a501-1d8ca18dcfe4: start FollowerState
2019-07-30 20:32:57,582 INFO  util.JmxRegister (JmxRegister.java:tryRegister(44)) - Successfully registered JMX Bean with object name Ratis:service=RaftServer,group=group-8548D6BABC97,id=cbfce143-889c-4770-a501-1d8ca18dcfe4
2019-07-30 20:32:57,611 INFO  pipeline.PipelineStateManager (PipelineStateManager.java:addPipeline(56)) - Created pipeline Pipeline[ Id: 1ad9ddee-0f77-4fe4-b06c-8548d6babc97, Nodes: 608044c8-53fb-4b7c-951c-cbbda4d80253{ip: 192.168.69.110, host: byscane-nightly-zbvcj-1516659162, networkLocation: /default-rack, certSerialId: null}76464ee5-672b-45f0-89da-4be886f178dd{ip: 192.168.69.110, host: byscane-nightly-zbvcj-1516659162, networkLocation: /default-rack, certSerialId: null}cbfce143-889c-4770-a501-1d8ca18dcfe4{ip: 192.168.69.110, host: byscane-nightly-zbvcj-1516659162, networkLocation: /default-rack, certSerialId: null}, Type:RATIS, Factor:THREE, State:OPEN]
2019-07-30 20:32:58,181 INFO  ozone.MiniOzoneClusterImpl (MiniOzoneClusterImpl.java:lambda$waitForClusterToBeReady$0(142)) - Cluster is ready. Got 7 of 7 DN Heartbeats.
2019-07-30 20:32:58,515 INFO  rpc.RpcClient (RpcClient.java:createVolume(288)) - Creating Volume: testblockoutputstream, with jenkins1000 as owner.
2019-07-30 20:32:58,561 INFO  rpc.RpcClient (RpcClient.java:createBucket(425)) - Creating Bucket: testblockoutputstream/testblockoutputstream, with Versioning false and Storage Type set to DISK and Encryption set to false 
2019-07-30 20:32:58,584 INFO  impl.MetricsSystemImpl (MetricsSystemImpl.java:init(158)) - XceiverClientMetrics metrics system started (again)
2019-07-30 20:32:58,714 INFO  container.ReplicationManager (ReplicationManager.java:start(155)) - Starting Replication Monitor Thread.
2019-07-30 20:32:58,722 INFO  container.ReplicationManager (ReplicationManager.java:run(207)) - Replication Monitor Thread took 4 milliseconds for processing 1 containers.
2019-07-30 20:32:58,809 INFO  client.GrpcClientProtocolClient (GrpcClientProtocolClient.java:onNext(255)) - client-828A747E618D->149a6df2-8f84-4eb8-9c42-b18db607508c: receive RaftClientReply:client-828A747E618D->149a6df2-8f84-4eb8-9c42-b18db607508c@group-F1F77D76513E, cid=13, FAILED org.apache.ratis.protocol.NotLeaderException: Server 149a6df2-8f84-4eb8-9c42-b18db607508c is not the leader (null). Request must be sent to leader., logIndex=0, commits[149a6df2-8f84-4eb8-9c42-b18db607508c:c-1]
2019-07-30 20:32:59,854 INFO  client.GrpcClientProtocolClient (GrpcClientProtocolClient.java:onNext(255)) - client-828A747E618D->0bec79a0-044c-4152-be2c-6518dfa6fb11: receive RaftClientReply:client-828A747E618D->0bec79a0-044c-4152-be2c-6518dfa6fb11@group-F1F77D76513E, cid=13, FAILED org.apache.ratis.protocol.NotLeaderException: Server 0bec79a0-044c-4152-be2c-6518dfa6fb11 is not the leader (null). Request must be sent to leader., logIndex=0, commits[0bec79a0-044c-4152-be2c-6518dfa6fb11:c-1]
2019-07-30 20:33:00,879 INFO  client.GrpcClientProtocolClient (GrpcClientProtocolClient.java:onNext(255)) - client-828A747E618D->149a6df2-8f84-4eb8-9c42-b18db607508c: receive RaftClientReply:client-828A747E618D->149a6df2-8f84-4eb8-9c42-b18db607508c@group-F1F77D76513E, cid=13, FAILED org.apache.ratis.protocol.NotLeaderException: Server 149a6df2-8f84-4eb8-9c42-b18db607508c is not the leader (null). Request must be sent to leader., logIndex=0, commits[149a6df2-8f84-4eb8-9c42-b18db607508c:c-1]
2019-07-30 20:33:01,904 INFO  client.GrpcClientProtocolClient (GrpcClientProtocolClient.java:onNext(255)) - client-828A747E618D->15d63d55-5425-4f9e-924f-bb6d86c8b3d1: receive RaftClientReply:client-828A747E618D->15d63d55-5425-4f9e-924f-bb6d86c8b3d1@group-F1F77D76513E, cid=13, FAILED org.apache.ratis.protocol.NotLeaderException: Server 15d63d55-5425-4f9e-924f-bb6d86c8b3d1 is not the leader (null). Request must be sent to leader., logIndex=0, commits[15d63d55-5425-4f9e-924f-bb6d86c8b3d1:c-1]
2019-07-30 20:33:01,939 INFO  impl.FollowerState (FollowerState.java:run(106)) - 15d63d55-5425-4f9e-924f-bb6d86c8b3d1:group-53BBEE6DB249 changes to CANDIDATE, lastRpcTime:5147, electionTimeout:5147ms
2019-07-30 20:33:01,940 INFO  impl.RoleInfo (RoleInfo.java:shutdownFollowerState(121)) - 15d63d55-5425-4f9e-924f-bb6d86c8b3d1: shutdown FollowerState
2019-07-30 20:33:01,940 INFO  impl.RaftServerImpl (RaftServerImpl.java:setRole(171)) - 15d63d55-5425-4f9e-924f-bb6d86c8b3d1:group-53BBEE6DB249 changes role from FOLLOWER to CANDIDATE at term 0 for changeToCandidate
2019-07-30 20:33:01,943 INFO  impl.RoleInfo (RoleInfo.java:updateAndGet(143)) - 15d63d55-5425-4f9e-924f-bb6d86c8b3d1: start LeaderElection
2019-07-30 20:33:01,979 INFO  impl.LeaderElection (LeaderElection.java:askForVotes(181)) - 15d63d55-5425-4f9e-924f-bb6d86c8b3d1:group-53BBEE6DB249:LeaderElection1: begin an election at term 1 for -1: [15d63d55-5425-4f9e-924f-bb6d86c8b3d1:192.168.69.110:41112], old=null
2019-07-30 20:33:01,981 INFO  impl.RoleInfo (RoleInfo.java:shutdownLeaderElection(134)) - 15d63d55-5425-4f9e-924f-bb6d86c8b3d1: shutdown LeaderElection
2019-07-30 20:33:01,981 INFO  impl.RaftServerImpl (RaftServerImpl.java:setRole(171)) - 15d63d55-5425-4f9e-924f-bb6d86c8b3d1:group-53BBEE6DB249 changes role from CANDIDATE to LEADER at term 1 for changeToLeader
2019-07-30 20:33:01,982 INFO  impl.RaftServerImpl (ServerState.java:setLeader(263)) - 15d63d55-5425-4f9e-924f-bb6d86c8b3d1:group-53BBEE6DB249 change Leader from null to 15d63d55-5425-4f9e-924f-bb6d86c8b3d1 at term 1 for becomeLeader, leader elected after 5262ms
2019-07-30 20:33:01,991 INFO  server.RaftServerConfigKeys (ConfUtils.java:logGet(43)) - raft.server.staging.catchup.gap = 1000 (default)
2019-07-30 20:33:01,991 INFO  server.RaftServerConfigKeys (ConfUtils.java:logGet(43)) - raft.server.rpc.sleep.time = 25ms (default)
2019-07-30 20:33:01,995 INFO  server.RaftServerConfigKeys (ConfUtils.java:logGet(43)) - raft.server.write.element-limit = 4096 (default)
2019-07-30 20:33:01,998 INFO  server.RaftServerConfigKeys (ConfUtils.java:logGet(43)) - raft.server.watch.timeout = 10s (default)
2019-07-30 20:33:01,998 INFO  server.RaftServerConfigKeys (ConfUtils.java:logGet(43)) - raft.server.watch.timeout.denomination = 1s (default)
2019-07-30 20:33:01,999 INFO  server.RaftServerConfigKeys (ConfUtils.java:logGet(43)) - raft.server.watch.element-limit = 65536 (default)
2019-07-30 20:33:02,008 INFO  impl.RoleInfo (RoleInfo.java:updateAndGet(143)) - 15d63d55-5425-4f9e-924f-bb6d86c8b3d1: start LeaderState
2019-07-30 20:33:02,033 INFO  segmented.SegmentedRaftLogWorker (SegmentedRaftLogWorker.java:startLogSegment(380)) - 15d63d55-5425-4f9e-924f-bb6d86c8b3d1-SegmentedRaftLogWorker:Storage Directory /workdir/hadoop-ozone/integration-test/target/test-dir/MiniOzoneClusterImpl-7cb939c6-7192-4bf7-ab14-e1f6020d1bf6/datanode-0/data/ratis/c0887325-6be8-4b0e-bd49-53bbee6db249: Starting segment from index:0
2019-07-30 20:33:02,041 INFO  impl.RaftServerImpl (ServerState.java:setRaftConf(361)) - 15d63d55-5425-4f9e-924f-bb6d86c8b3d1:group-53BBEE6DB249 set configuration 0: [15d63d55-5425-4f9e-924f-bb6d86c8b3d1:192.168.69.110:41112], old=null at 0
2019-07-30 20:33:02,083 INFO  impl.FollowerState (FollowerState.java:run(106)) - 149a6df2-8f84-4eb8-9c42-b18db607508c:group-7546F4203963 changes to CANDIDATE, lastRpcTime:5114, electionTimeout:5112ms
2019-07-30 20:33:02,085 INFO  impl.RoleInfo (RoleInfo.java:shutdownFollowerState(121)) - 149a6df2-8f84-4eb8-9c42-b18db607508c: shutdown FollowerState
2019-07-30 20:33:02,085 INFO  impl.RaftServerImpl (RaftServerImpl.java:setRole(171)) - 149a6df2-8f84-4eb8-9c42-b18db607508c:group-7546F4203963 changes role from FOLLOWER to CANDIDATE at term 0 for changeToCandidate
2019-07-30 20:33:02,086 INFO  impl.RoleInfo (RoleInfo.java:updateAndGet(143)) - 149a6df2-8f84-4eb8-9c42-b18db607508c: start LeaderElection
2019-07-30 20:33:02,105 INFO  impl.LeaderElection (LeaderElection.java:askForVotes(181)) - 149a6df2-8f84-4eb8-9c42-b18db607508c:group-7546F4203963:LeaderElection2: begin an election at term 1 for -1: [149a6df2-8f84-4eb8-9c42-b18db607508c:192.168.69.110:32867], old=null
2019-07-30 20:33:02,106 INFO  impl.RoleInfo (RoleInfo.java:shutdownLeaderElection(134)) - 149a6df2-8f84-4eb8-9c42-b18db607508c: shutdown LeaderElection
2019-07-30 20:33:02,106 INFO  impl.RaftServerImpl (RaftServerImpl.java:setRole(171)) - 149a6df2-8f84-4eb8-9c42-b18db607508c:group-7546F4203963 changes role from CANDIDATE to LEADER at term 1 for changeToLeader
2019-07-30 20:33:02,106 INFO  impl.RaftServerImpl (ServerState.java:setLeader(263)) - 149a6df2-8f84-4eb8-9c42-b18db607508c:group-7546F4203963 change Leader from null to 149a6df2-8f84-4eb8-9c42-b18db607508c at term 1 for becomeLeader, leader elected after 5141ms
2019-07-30 20:33:02,108 INFO  server.RaftServerConfigKeys (ConfUtils.java:logGet(43)) - raft.server.staging.catchup.gap = 1000 (default)
2019-07-30 20:33:02,108 INFO  server.RaftServerConfigKeys (ConfUtils.java:logGet(43)) - raft.server.rpc.sleep.time = 25ms (default)
2019-07-30 20:33:02,108 INFO  server.RaftServerConfigKeys (ConfUtils.java:logGet(43)) - raft.server.write.element-limit = 4096 (default)
2019-07-30 20:33:02,108 INFO  server.RaftServerConfigKeys (ConfUtils.java:logGet(43)) - raft.server.watch.timeout = 10s (default)
2019-07-30 20:33:02,108 INFO  server.RaftServerConfigKeys (ConfUtils.java:logGet(43)) - raft.server.watch.timeout.denomination = 1s (default)
2019-07-30 20:33:02,109 INFO  server.RaftServerConfigKeys (ConfUtils.java:logGet(43)) - raft.server.watch.element-limit = 65536 (default)
2019-07-30 20:33:02,109 INFO  impl.RoleInfo (RoleInfo.java:updateAndGet(143)) - 149a6df2-8f84-4eb8-9c42-b18db607508c: start LeaderState
2019-07-30 20:33:02,109 INFO  segmented.SegmentedRaftLogWorker (SegmentedRaftLogWorker.java:startLogSegment(380)) - 149a6df2-8f84-4eb8-9c42-b18db607508c-SegmentedRaftLogWorker:Storage Directory /workdir/hadoop-ozone/integration-test/target/test-dir/MiniOzoneClusterImpl-7cb939c6-7192-4bf7-ab14-e1f6020d1bf6/datanode-1/data/ratis/c41bb5ee-f2f3-4059-aa83-7546f4203963: Starting segment from index:0
2019-07-30 20:33:02,110 INFO  impl.RaftServerImpl (ServerState.java:setRaftConf(361)) - 149a6df2-8f84-4eb8-9c42-b18db607508c:group-7546F4203963 set configuration 0: [149a6df2-8f84-4eb8-9c42-b18db607508c:192.168.69.110:32867], old=null at 0
2019-07-30 20:33:02,141 INFO  impl.FollowerState (FollowerState.java:run(106)) - 0bec79a0-044c-4152-be2c-6518dfa6fb11:group-FD231BA46B57 changes to CANDIDATE, lastRpcTime:5073, electionTimeout:5072ms
2019-07-30 20:33:02,141 INFO  impl.RoleInfo (RoleInfo.java:shutdownFollowerState(121)) - 0bec79a0-044c-4152-be2c-6518dfa6fb11: shutdown FollowerState
2019-07-30 20:33:02,141 INFO  impl.RaftServerImpl (RaftServerImpl.java:setRole(171)) - 0bec79a0-044c-4152-be2c-6518dfa6fb11:group-FD231BA46B57 changes role from FOLLOWER to CANDIDATE at term 0 for changeToCandidate
2019-07-30 20:33:02,142 INFO  impl.RoleInfo (RoleInfo.java:updateAndGet(143)) - 0bec79a0-044c-4152-be2c-6518dfa6fb11: start LeaderElection
2019-07-30 20:33:02,159 INFO  impl.LeaderElection (LeaderElection.java:askForVotes(181)) - 0bec79a0-044c-4152-be2c-6518dfa6fb11:group-FD231BA46B57:LeaderElection3: begin an election at term 1 for -1: [0bec79a0-044c-4152-be2c-6518dfa6fb11:192.168.69.110:37609], old=null
2019-07-30 20:33:02,160 INFO  impl.RoleInfo (RoleInfo.java:shutdownLeaderElection(134)) - 0bec79a0-044c-4152-be2c-6518dfa6fb11: shutdown LeaderElection
2019-07-30 20:33:02,160 INFO  impl.RaftServerImpl (RaftServerImpl.java:setRole(171)) - 0bec79a0-044c-4152-be2c-6518dfa6fb11:group-FD231BA46B57 changes role from CANDIDATE to LEADER at term 1 for changeToLeader
2019-07-30 20:33:02,160 INFO  impl.RaftServerImpl (ServerState.java:setLeader(263)) - 0bec79a0-044c-4152-be2c-6518dfa6fb11:group-FD231BA46B57 change Leader from null to 0bec79a0-044c-4152-be2c-6518dfa6fb11 at term 1 for becomeLeader, leader elected after 5099ms
2019-07-30 20:33:02,162 INFO  server.RaftServerConfigKeys (ConfUtils.java:logGet(43)) - raft.server.staging.catchup.gap = 1000 (default)
2019-07-30 20:33:02,162 INFO  server.RaftServerConfigKeys (ConfUtils.java:logGet(43)) - raft.server.rpc.sleep.time = 25ms (default)
2019-07-30 20:33:02,162 INFO  server.RaftServerConfigKeys (ConfUtils.java:logGet(43)) - raft.server.write.element-limit = 4096 (default)
2019-07-30 20:33:02,162 INFO  server.RaftServerConfigKeys (ConfUtils.java:logGet(43)) - raft.server.watch.timeout = 10s (default)
2019-07-30 20:33:02,162 INFO  server.RaftServerConfigKeys (ConfUtils.java:logGet(43)) - raft.server.watch.timeout.denomination = 1s (default)
2019-07-30 20:33:02,162 INFO  server.RaftServerConfigKeys (ConfUtils.java:logGet(43)) - raft.server.watch.element-limit = 65536 (default)
2019-07-30 20:33:02,163 INFO  impl.RoleInfo (RoleInfo.java:updateAndGet(143)) - 0bec79a0-044c-4152-be2c-6518dfa6fb11: start LeaderState
2019-07-30 20:33:02,163 INFO  segmented.SegmentedRaftLogWorker (SegmentedRaftLogWorker.java:startLogSegment(380)) - 0bec79a0-044c-4152-be2c-6518dfa6fb11-SegmentedRaftLogWorker:Storage Directory /workdir/hadoop-ozone/integration-test/target/test-dir/MiniOzoneClusterImpl-7cb939c6-7192-4bf7-ab14-e1f6020d1bf6/datanode-5/data/ratis/73e1fe5d-c75c-49ce-9049-fd231ba46b57: Starting segment from index:0
2019-07-30 20:33:02,163 INFO  impl.RaftServerImpl (ServerState.java:setRaftConf(361)) - 0bec79a0-044c-4152-be2c-6518dfa6fb11:group-FD231BA46B57 set configuration 0: [0bec79a0-044c-4152-be2c-6518dfa6fb11:192.168.69.110:37609], old=null at 0
2019-07-30 20:33:02,275 INFO  segmented.SegmentedRaftLogWorker (SegmentedRaftLogWorker.java:execute(569)) - 149a6df2-8f84-4eb8-9c42-b18db607508c-SegmentedRaftLogWorker:Storage Directory /workdir/hadoop-ozone/integration-test/target/test-dir/MiniOzoneClusterImpl-7cb939c6-7192-4bf7-ab14-e1f6020d1bf6/datanode-1/data/ratis/c41bb5ee-f2f3-4059-aa83-7546f4203963: created new log segment /workdir/hadoop-ozone/integration-test/target/test-dir/MiniOzoneClusterImpl-7cb939c6-7192-4bf7-ab14-e1f6020d1bf6/datanode-1/data/ratis/c41bb5ee-f2f3-4059-aa83-7546f4203963/current/log_inprogress_0
2019-07-30 20:33:02,275 INFO  segmented.SegmentedRaftLogWorker (SegmentedRaftLogWorker.java:execute(569)) - 0bec79a0-044c-4152-be2c-6518dfa6fb11-SegmentedRaftLogWorker:Storage Directory /workdir/hadoop-ozone/integration-test/target/test-dir/MiniOzoneClusterImpl-7cb939c6-7192-4bf7-ab14-e1f6020d1bf6/datanode-5/data/ratis/73e1fe5d-c75c-49ce-9049-fd231ba46b57: created new log segment /workdir/hadoop-ozone/integration-test/target/test-dir/MiniOzoneClusterImpl-7cb939c6-7192-4bf7-ab14-e1f6020d1bf6/datanode-5/data/ratis/73e1fe5d-c75c-49ce-9049-fd231ba46b57/current/log_inprogress_0
2019-07-30 20:33:02,275 INFO  segmented.SegmentedRaftLogWorker (SegmentedRaftLogWorker.java:execute(569)) - 15d63d55-5425-4f9e-924f-bb6d86c8b3d1-SegmentedRaftLogWorker:Storage Directory /workdir/hadoop-ozone/integration-test/target/test-dir/MiniOzoneClusterImpl-7cb939c6-7192-4bf7-ab14-e1f6020d1bf6/datanode-0/data/ratis/c0887325-6be8-4b0e-bd49-53bbee6db249: created new log segment /workdir/hadoop-ozone/integration-test/target/test-dir/MiniOzoneClusterImpl-7cb939c6-7192-4bf7-ab14-e1f6020d1bf6/datanode-0/data/ratis/c0887325-6be8-4b0e-bd49-53bbee6db249/current/log_inprogress_0
2019-07-30 20:33:02,311 INFO  impl.FollowerState (FollowerState.java:run(106)) - 608044c8-53fb-4b7c-951c-cbbda4d80253:group-E5B063213580 changes to CANDIDATE, lastRpcTime:5166, electionTimeout:5166ms
2019-07-30 20:33:02,313 INFO  impl.RoleInfo (RoleInfo.java:shutdownFollowerState(121)) - 608044c8-53fb-4b7c-951c-cbbda4d80253: shutdown FollowerState
2019-07-30 20:33:02,313 INFO  impl.RaftServerImpl (RaftServerImpl.java:setRole(171)) - 608044c8-53fb-4b7c-951c-cbbda4d80253:group-E5B063213580 changes role from FOLLOWER to CANDIDATE at term 0 for changeToCandidate
2019-07-30 20:33:02,313 INFO  impl.RoleInfo (RoleInfo.java:updateAndGet(143)) - 608044c8-53fb-4b7c-951c-cbbda4d80253: start LeaderElection
2019-07-30 20:33:02,331 INFO  impl.LeaderElection (LeaderElection.java:askForVotes(181)) - 608044c8-53fb-4b7c-951c-cbbda4d80253:group-E5B063213580:LeaderElection4: begin an election at term 1 for -1: [608044c8-53fb-4b7c-951c-cbbda4d80253:192.168.69.110:34476], old=null
2019-07-30 20:33:02,334 INFO  impl.RoleInfo (RoleInfo.java:shutdownLeaderElection(134)) - 608044c8-53fb-4b7c-951c-cbbda4d80253: shutdown LeaderElection
2019-07-30 20:33:02,334 INFO  impl.RaftServerImpl (RaftServerImpl.java:setRole(171)) - 608044c8-53fb-4b7c-951c-cbbda4d80253:group-E5B063213580 changes role from CANDIDATE to LEADER at term 1 for changeToLeader
2019-07-30 20:33:02,334 INFO  impl.RaftServerImpl (ServerState.java:setLeader(263)) - 608044c8-53fb-4b7c-951c-cbbda4d80253:group-E5B063213580 change Leader from null to 608044c8-53fb-4b7c-951c-cbbda4d80253 at term 1 for becomeLeader, leader elected after 5195ms
2019-07-30 20:33:02,336 INFO  server.RaftServerConfigKeys (ConfUtils.java:logGet(43)) - raft.server.staging.catchup.gap = 1000 (default)
2019-07-30 20:33:02,336 INFO  server.RaftServerConfigKeys (ConfUtils.java:logGet(43)) - raft.server.rpc.sleep.time = 25ms (default)
2019-07-30 20:33:02,336 INFO  server.RaftServerConfigKeys (ConfUtils.java:logGet(43)) - raft.server.write.element-limit = 4096 (default)
2019-07-30 20:33:02,336 INFO  server.RaftServerConfigKeys (ConfUtils.java:logGet(43)) - raft.server.watch.timeout = 10s (default)
2019-07-30 20:33:02,337 INFO  server.RaftServerConfigKeys (ConfUtils.java:logGet(43)) - raft.server.watch.timeout.denomination = 1s (default)
2019-07-30 20:33:02,337 INFO  server.RaftServerConfigKeys (ConfUtils.java:logGet(43)) - raft.server.watch.element-limit = 65536 (default)
2019-07-30 20:33:02,337 INFO  impl.RoleInfo (RoleInfo.java:updateAndGet(143)) - 608044c8-53fb-4b7c-951c-cbbda4d80253: start LeaderState
2019-07-30 20:33:02,337 INFO  segmented.SegmentedRaftLogWorker (SegmentedRaftLogWorker.java:startLogSegment(380)) - 608044c8-53fb-4b7c-951c-cbbda4d80253-SegmentedRaftLogWorker:Storage Directory /workdir/hadoop-ozone/integration-test/target/test-dir/MiniOzoneClusterImpl-7cb939c6-7192-4bf7-ab14-e1f6020d1bf6/datanode-4/data/ratis/ed460e14-ac9e-4e5b-96ec-e5b063213580: Starting segment from index:0
2019-07-30 20:33:02,338 INFO  impl.RaftServerImpl (ServerState.java:setRaftConf(361)) - 608044c8-53fb-4b7c-951c-cbbda4d80253:group-E5B063213580 set configuration 0: [608044c8-53fb-4b7c-951c-cbbda4d80253:192.168.69.110:34476], old=null at 0
2019-07-30 20:33:02,367 INFO  segmented.SegmentedRaftLogWorker (SegmentedRaftLogWorker.java:execute(569)) - 608044c8-53fb-4b7c-951c-cbbda4d80253-SegmentedRaftLogWorker:Storage Directory /workdir/hadoop-ozone/integration-test/target/test-dir/MiniOzoneClusterImpl-7cb939c6-7192-4bf7-ab14-e1f6020d1bf6/datanode-4/data/ratis/ed460e14-ac9e-4e5b-96ec-e5b063213580: created new log segment /workdir/hadoop-ozone/integration-test/target/test-dir/MiniOzoneClusterImpl-7cb939c6-7192-4bf7-ab14-e1f6020d1bf6/datanode-4/data/ratis/ed460e14-ac9e-4e5b-96ec-e5b063213580/current/log_inprogress_0
2019-07-30 20:33:02,372 INFO  impl.FollowerState (FollowerState.java:run(106)) - 76464ee5-672b-45f0-89da-4be886f178dd:group-9552A5637298 changes to CANDIDATE, lastRpcTime:5153, electionTimeout:5153ms
2019-07-30 20:33:02,372 INFO  impl.RoleInfo (RoleInfo.java:shutdownFollowerState(121)) - 76464ee5-672b-45f0-89da-4be886f178dd: shutdown FollowerState
2019-07-30 20:33:02,372 INFO  impl.RaftServerImpl (RaftServerImpl.java:setRole(171)) - 76464ee5-672b-45f0-89da-4be886f178dd:group-9552A5637298 changes role from FOLLOWER to CANDIDATE at term 0 for changeToCandidate
2019-07-30 20:33:02,372 INFO  impl.RoleInfo (RoleInfo.java:updateAndGet(143)) - 76464ee5-672b-45f0-89da-4be886f178dd: start LeaderElection
2019-07-30 20:33:02,380 INFO  impl.LeaderElection (LeaderElection.java:askForVotes(181)) - 76464ee5-672b-45f0-89da-4be886f178dd:group-9552A5637298:LeaderElection5: begin an election at term 1 for -1: [76464ee5-672b-45f0-89da-4be886f178dd:192.168.69.110:42534], old=null
2019-07-30 20:33:02,381 INFO  impl.RoleInfo (RoleInfo.java:shutdownLeaderElection(134)) - 76464ee5-672b-45f0-89da-4be886f178dd: shutdown LeaderElection
2019-07-30 20:33:02,382 INFO  impl.RaftServerImpl (RaftServerImpl.java:setRole(171)) - 76464ee5-672b-45f0-89da-4be886f178dd:group-9552A5637298 changes role from CANDIDATE to LEADER at term 1 for changeToLeader
2019-07-30 20:33:02,382 INFO  impl.RaftServerImpl (ServerState.java:setLeader(263)) - 76464ee5-672b-45f0-89da-4be886f178dd:group-9552A5637298 change Leader from null to 76464ee5-672b-45f0-89da-4be886f178dd at term 1 for becomeLeader, leader elected after 5168ms
2019-07-30 20:33:02,383 INFO  server.RaftServerConfigKeys (ConfUtils.java:logGet(43)) - raft.server.staging.catchup.gap = 1000 (default)
2019-07-30 20:33:02,383 INFO  server.RaftServerConfigKeys (ConfUtils.java:logGet(43)) - raft.server.rpc.sleep.time = 25ms (default)
2019-07-30 20:33:02,383 INFO  server.RaftServerConfigKeys (ConfUtils.java:logGet(43)) - raft.server.write.element-limit = 4096 (default)
2019-07-30 20:33:02,384 INFO  server.RaftServerConfigKeys (ConfUtils.java:logGet(43)) - raft.server.watch.timeout = 10s (default)
2019-07-30 20:33:02,384 INFO  server.RaftServerConfigKeys (ConfUtils.java:logGet(43)) - raft.server.watch.timeout.denomination = 1s (default)
2019-07-30 20:33:02,384 INFO  server.RaftServerConfigKeys (ConfUtils.java:logGet(43)) - raft.server.watch.element-limit = 65536 (default)
2019-07-30 20:33:02,384 INFO  impl.RoleInfo (RoleInfo.java:updateAndGet(143)) - 76464ee5-672b-45f0-89da-4be886f178dd: start LeaderState
2019-07-30 20:33:02,385 INFO  segmented.SegmentedRaftLogWorker (SegmentedRaftLogWorker.java:startLogSegment(380)) - 76464ee5-672b-45f0-89da-4be886f178dd-SegmentedRaftLogWorker:Storage Directory /workdir/hadoop-ozone/integration-test/target/test-dir/MiniOzoneClusterImpl-7cb939c6-7192-4bf7-ab14-e1f6020d1bf6/datanode-2/data/ratis/eae6c070-09b1-40e3-b50b-9552a5637298: Starting segment from index:0
2019-07-30 20:33:02,385 INFO  impl.RaftServerImpl (ServerState.java:setRaftConf(361)) - 76464ee5-672b-45f0-89da-4be886f178dd:group-9552A5637298 set configuration 0: [76464ee5-672b-45f0-89da-4be886f178dd:192.168.69.110:42534], old=null at 0
2019-07-30 20:33:02,414 INFO  segmented.SegmentedRaftLogWorker (SegmentedRaftLogWorker.java:execute(569)) - 76464ee5-672b-45f0-89da-4be886f178dd-SegmentedRaftLogWorker:Storage Directory /workdir/hadoop-ozone/integration-test/target/test-dir/MiniOzoneClusterImpl-7cb939c6-7192-4bf7-ab14-e1f6020d1bf6/datanode-2/data/ratis/eae6c070-09b1-40e3-b50b-9552a5637298: created new log segment /workdir/hadoop-ozone/integration-test/target/test-dir/MiniOzoneClusterImpl-7cb939c6-7192-4bf7-ab14-e1f6020d1bf6/datanode-2/data/ratis/eae6c070-09b1-40e3-b50b-9552a5637298/current/log_inprogress_0
2019-07-30 20:33:02,428 INFO  impl.FollowerState (FollowerState.java:run(106)) - cbfce143-889c-4770-a501-1d8ca18dcfe4:group-A213584C6854 changes to CANDIDATE, lastRpcTime:5139, electionTimeout:5139ms
2019-07-30 20:33:02,428 INFO  impl.RoleInfo (RoleInfo.java:shutdownFollowerState(121)) - cbfce143-889c-4770-a501-1d8ca18dcfe4: shutdown FollowerState
2019-07-30 20:33:02,428 INFO  impl.RaftServerImpl (RaftServerImpl.java:setRole(171)) - cbfce143-889c-4770-a501-1d8ca18dcfe4:group-A213584C6854 changes role from FOLLOWER to CANDIDATE at term 0 for changeToCandidate
2019-07-30 20:33:02,428 INFO  impl.RoleInfo (RoleInfo.java:updateAndGet(143)) - cbfce143-889c-4770-a501-1d8ca18dcfe4: start LeaderElection
2019-07-30 20:33:02,445 INFO  impl.LeaderElection (LeaderElection.java:askForVotes(181)) - cbfce143-889c-4770-a501-1d8ca18dcfe4:group-A213584C6854:LeaderElection6: begin an election at term 1 for -1: [cbfce143-889c-4770-a501-1d8ca18dcfe4:192.168.69.110:44808], old=null
2019-07-30 20:33:02,453 INFO  impl.RoleInfo (RoleInfo.java:shutdownLeaderElection(134)) - cbfce143-889c-4770-a501-1d8ca18dcfe4: shutdown LeaderElection
2019-07-30 20:33:02,453 INFO  impl.RaftServerImpl (RaftServerImpl.java:setRole(171)) - cbfce143-889c-4770-a501-1d8ca18dcfe4:group-A213584C6854 changes role from CANDIDATE to LEADER at term 1 for changeToLeader
2019-07-30 20:33:02,453 INFO  impl.RaftServerImpl (ServerState.java:setLeader(263)) - cbfce143-889c-4770-a501-1d8ca18dcfe4:group-A213584C6854 change Leader from null to cbfce143-889c-4770-a501-1d8ca18dcfe4 at term 1 for becomeLeader, leader elected after 5169ms
2019-07-30 20:33:02,455 INFO  server.RaftServerConfigKeys (ConfUtils.java:logGet(43)) - raft.server.staging.catchup.gap = 1000 (default)
2019-07-30 20:33:02,455 INFO  server.RaftServerConfigKeys (ConfUtils.java:logGet(43)) - raft.server.rpc.sleep.time = 25ms (default)
2019-07-30 20:33:02,455 INFO  server.RaftServerConfigKeys (ConfUtils.java:logGet(43)) - raft.server.write.element-limit = 4096 (default)
2019-07-30 20:33:02,455 INFO  impl.FollowerState (FollowerState.java:run(106)) - ffc6d8b2-0a60-49a9-898c-52c221eb4361:group-B4310260B4C3 changes to CANDIDATE, lastRpcTime:5095, electionTimeout:5095ms
2019-07-30 20:33:02,457 INFO  server.RaftServerConfigKeys (ConfUtils.java:logGet(43)) - raft.server.watch.timeout = 10s (default)
2019-07-30 20:33:02,457 INFO  impl.RoleInfo (RoleInfo.java:shutdownFollowerState(121)) - ffc6d8b2-0a60-49a9-898c-52c221eb4361: shutdown FollowerState
2019-07-30 20:33:02,457 INFO  server.RaftServerConfigKeys (ConfUtils.java:logGet(43)) - raft.server.watch.timeout.denomination = 1s (default)
2019-07-30 20:33:02,457 INFO  impl.RaftServerImpl (RaftServerImpl.java:setRole(171)) - ffc6d8b2-0a60-49a9-898c-52c221eb4361:group-B4310260B4C3 changes role from FOLLOWER to CANDIDATE at term 0 for changeToCandidate
2019-07-30 20:33:02,457 INFO  server.RaftServerConfigKeys (ConfUtils.java:logGet(43)) - raft.server.watch.element-limit = 65536 (default)
2019-07-30 20:33:02,458 INFO  impl.RoleInfo (RoleInfo.java:updateAndGet(143)) - ffc6d8b2-0a60-49a9-898c-52c221eb4361: start LeaderElection
2019-07-30 20:33:02,458 INFO  impl.RoleInfo (RoleInfo.java:updateAndGet(143)) - cbfce143-889c-4770-a501-1d8ca18dcfe4: start LeaderState
2019-07-30 20:33:02,458 INFO  segmented.SegmentedRaftLogWorker (SegmentedRaftLogWorker.java:startLogSegment(380)) - cbfce143-889c-4770-a501-1d8ca18dcfe4-SegmentedRaftLogWorker:Storage Directory /workdir/hadoop-ozone/integration-test/target/test-dir/MiniOzoneClusterImpl-7cb939c6-7192-4bf7-ab14-e1f6020d1bf6/datanode-3/data/ratis/90968206-0625-4175-a7d6-a213584c6854: Starting segment from index:0
2019-07-30 20:33:02,464 INFO  impl.RaftServerImpl (ServerState.java:setRaftConf(361)) - cbfce143-889c-4770-a501-1d8ca18dcfe4:group-A213584C6854 set configuration 0: [cbfce143-889c-4770-a501-1d8ca18dcfe4:192.168.69.110:44808], old=null at 0
2019-07-30 20:33:02,479 INFO  impl.FollowerState (FollowerState.java:run(106)) - 15d63d55-5425-4f9e-924f-bb6d86c8b3d1:group-F1F77D76513E changes to CANDIDATE, lastRpcTime:5014, electionTimeout:5003ms
2019-07-30 20:33:02,479 INFO  impl.RoleInfo (RoleInfo.java:shutdownFollowerState(121)) - 15d63d55-5425-4f9e-924f-bb6d86c8b3d1: shutdown FollowerState
2019-07-30 20:33:02,479 INFO  impl.RaftServerImpl (RaftServerImpl.java:setRole(171)) - 15d63d55-5425-4f9e-924f-bb6d86c8b3d1:group-F1F77D76513E changes role from FOLLOWER to CANDIDATE at term 0 for changeToCandidate
2019-07-30 20:33:02,479 INFO  impl.RoleInfo (RoleInfo.java:updateAndGet(143)) - 15d63d55-5425-4f9e-924f-bb6d86c8b3d1: start LeaderElection
2019-07-30 20:33:02,491 INFO  segmented.SegmentedRaftLogWorker (SegmentedRaftLogWorker.java:execute(569)) - cbfce143-889c-4770-a501-1d8ca18dcfe4-SegmentedRaftLogWorker:Storage Directory /workdir/hadoop-ozone/integration-test/target/test-dir/MiniOzoneClusterImpl-7cb939c6-7192-4bf7-ab14-e1f6020d1bf6/datanode-3/data/ratis/90968206-0625-4175-a7d6-a213584c6854: created new log segment /workdir/hadoop-ozone/integration-test/target/test-dir/MiniOzoneClusterImpl-7cb939c6-7192-4bf7-ab14-e1f6020d1bf6/datanode-3/data/ratis/90968206-0625-4175-a7d6-a213584c6854/current/log_inprogress_0
2019-07-30 20:33:02,492 INFO  impl.LeaderElection (LeaderElection.java:askForVotes(181)) - ffc6d8b2-0a60-49a9-898c-52c221eb4361:group-B4310260B4C3:LeaderElection7: begin an election at term 1 for -1: [ffc6d8b2-0a60-49a9-898c-52c221eb4361:192.168.69.110:33792], old=null
2019-07-30 20:33:02,492 INFO  impl.LeaderElection (LeaderElection.java:askForVotes(181)) - 15d63d55-5425-4f9e-924f-bb6d86c8b3d1:group-F1F77D76513E:LeaderElection8: begin an election at term 1 for -1: [149a6df2-8f84-4eb8-9c42-b18db607508c:192.168.69.110:32867, 0bec79a0-044c-4152-be2c-6518dfa6fb11:192.168.69.110:37609, 15d63d55-5425-4f9e-924f-bb6d86c8b3d1:192.168.69.110:41112], old=null
2019-07-30 20:33:02,493 INFO  impl.RoleInfo (RoleInfo.java:shutdownLeaderElection(134)) - ffc6d8b2-0a60-49a9-898c-52c221eb4361: shutdown LeaderElection
2019-07-30 20:33:02,493 INFO  impl.RaftServerImpl (RaftServerImpl.java:setRole(171)) - ffc6d8b2-0a60-49a9-898c-52c221eb4361:group-B4310260B4C3 changes role from CANDIDATE to LEADER at term 1 for changeToLeader
2019-07-30 20:33:02,494 INFO  impl.RaftServerImpl (ServerState.java:setLeader(263)) - ffc6d8b2-0a60-49a9-898c-52c221eb4361:group-B4310260B4C3 change Leader from null to ffc6d8b2-0a60-49a9-898c-52c221eb4361 at term 1 for becomeLeader, leader elected after 5139ms
2019-07-30 20:33:02,495 INFO  server.RaftServerConfigKeys (ConfUtils.java:logGet(43)) - raft.server.staging.catchup.gap = 1000 (default)
2019-07-30 20:33:02,495 INFO  server.RaftServerConfigKeys (ConfUtils.java:logGet(43)) - raft.server.rpc.sleep.time = 25ms (default)
2019-07-30 20:33:02,495 INFO  server.RaftServerConfigKeys (ConfUtils.java:logGet(43)) - raft.server.write.element-limit = 4096 (default)
2019-07-30 20:33:02,496 INFO  server.RaftServerConfigKeys (ConfUtils.java:logGet(43)) - raft.server.watch.timeout = 10s (default)
2019-07-30 20:33:02,496 INFO  server.RaftServerConfigKeys (ConfUtils.java:logGet(43)) - raft.server.watch.timeout.denomination = 1s (default)
2019-07-30 20:33:02,496 INFO  server.RaftServerConfigKeys (ConfUtils.java:logGet(43)) - raft.server.watch.element-limit = 65536 (default)
2019-07-30 20:33:02,496 INFO  impl.RoleInfo (RoleInfo.java:updateAndGet(143)) - ffc6d8b2-0a60-49a9-898c-52c221eb4361: start LeaderState
2019-07-30 20:33:02,496 INFO  segmented.SegmentedRaftLogWorker (SegmentedRaftLogWorker.java:startLogSegment(380)) - ffc6d8b2-0a60-49a9-898c-52c221eb4361-SegmentedRaftLogWorker:Storage Directory /workdir/hadoop-ozone/integration-test/target/test-dir/MiniOzoneClusterImpl-7cb939c6-7192-4bf7-ab14-e1f6020d1bf6/datanode-6/data/ratis/114c87c7-3c7b-4991-94d0-b4310260b4c3: Starting segment from index:0
2019-07-30 20:33:02,497 INFO  impl.RaftServerImpl (ServerState.java:setRaftConf(361)) - ffc6d8b2-0a60-49a9-898c-52c221eb4361:group-B4310260B4C3 set configuration 0: [ffc6d8b2-0a60-49a9-898c-52c221eb4361:192.168.69.110:33792], old=null at 0
2019-07-30 20:33:02,527 INFO  impl.RaftServerImpl (RaftServerImpl.java:setRole(171)) - 149a6df2-8f84-4eb8-9c42-b18db607508c:group-F1F77D76513E changes role from FOLLOWER to FOLLOWER at term 1 for recognizeCandidate:15d63d55-5425-4f9e-924f-bb6d86c8b3d1
2019-07-30 20:33:02,527 INFO  impl.RaftServerImpl (RaftServerImpl.java:setRole(171)) - 0bec79a0-044c-4152-be2c-6518dfa6fb11:group-F1F77D76513E changes role from FOLLOWER to FOLLOWER at term 1 for recognizeCandidate:15d63d55-5425-4f9e-924f-bb6d86c8b3d1
2019-07-30 20:33:02,527 INFO  impl.RoleInfo (RoleInfo.java:shutdownFollowerState(121)) - 149a6df2-8f84-4eb8-9c42-b18db607508c: shutdown FollowerState
2019-07-30 20:33:02,527 INFO  impl.RoleInfo (RoleInfo.java:shutdownFollowerState(121)) - 0bec79a0-044c-4152-be2c-6518dfa6fb11: shutdown FollowerState
2019-07-30 20:33:02,527 INFO  impl.RoleInfo (RoleInfo.java:updateAndGet(143)) - 149a6df2-8f84-4eb8-9c42-b18db607508c: start FollowerState
2019-07-30 20:33:02,528 INFO  impl.FollowerState (FollowerState.java:run(114)) - 0bec79a0-044c-4152-be2c-6518dfa6fb11: FollowerState was interrupted: java.lang.InterruptedException: sleep interrupted
2019-07-30 20:33:02,528 INFO  impl.FollowerState (FollowerState.java:run(114)) - 149a6df2-8f84-4eb8-9c42-b18db607508c: FollowerState was interrupted: java.lang.InterruptedException: sleep interrupted
2019-07-30 20:33:02,528 INFO  impl.RoleInfo (RoleInfo.java:updateAndGet(143)) - 0bec79a0-044c-4152-be2c-6518dfa6fb11: start FollowerState
2019-07-30 20:33:02,532 INFO  segmented.SegmentedRaftLogWorker (SegmentedRaftLogWorker.java:execute(569)) - ffc6d8b2-0a60-49a9-898c-52c221eb4361-SegmentedRaftLogWorker:Storage Directory /workdir/hadoop-ozone/integration-test/target/test-dir/MiniOzoneClusterImpl-7cb939c6-7192-4bf7-ab14-e1f6020d1bf6/datanode-6/data/ratis/114c87c7-3c7b-4991-94d0-b4310260b4c3: created new log segment /workdir/hadoop-ozone/integration-test/target/test-dir/MiniOzoneClusterImpl-7cb939c6-7192-4bf7-ab14-e1f6020d1bf6/datanode-6/data/ratis/114c87c7-3c7b-4991-94d0-b4310260b4c3/current/log_inprogress_0
2019-07-30 20:33:02,554 INFO  impl.LeaderElection (LeaderElection.java:logAndReturn(56)) - 15d63d55-5425-4f9e-924f-bb6d86c8b3d1:group-F1F77D76513E:LeaderElection8: Election PASSED; received 1 response(s) [15d63d55-5425-4f9e-924f-bb6d86c8b3d1<-0bec79a0-044c-4152-be2c-6518dfa6fb11#0:OK-t1] and 0 exception(s); 15d63d55-5425-4f9e-924f-bb6d86c8b3d1:t1, leader=null, voted=15d63d55-5425-4f9e-924f-bb6d86c8b3d1, raftlog=15d63d55-5425-4f9e-924f-bb6d86c8b3d1-SegmentedRaftLog:OPENED:c-1,f-1,i0, conf=-1: [149a6df2-8f84-4eb8-9c42-b18db607508c:192.168.69.110:32867, 0bec79a0-044c-4152-be2c-6518dfa6fb11:192.168.69.110:37609, 15d63d55-5425-4f9e-924f-bb6d86c8b3d1:192.168.69.110:41112], old=null
2019-07-30 20:33:02,554 INFO  impl.RoleInfo (RoleInfo.java:shutdownLeaderElection(134)) - 15d63d55-5425-4f9e-924f-bb6d86c8b3d1: shutdown LeaderElection
2019-07-30 20:33:02,554 INFO  impl.RaftServerImpl (RaftServerImpl.java:setRole(171)) - 15d63d55-5425-4f9e-924f-bb6d86c8b3d1:group-F1F77D76513E changes role from CANDIDATE to LEADER at term 1 for changeToLeader
2019-07-30 20:33:02,557 INFO  impl.RaftServerImpl (ServerState.java:setLeader(263)) - 15d63d55-5425-4f9e-924f-bb6d86c8b3d1:group-F1F77D76513E change Leader from null to 15d63d55-5425-4f9e-924f-bb6d86c8b3d1 at term 1 for becomeLeader, leader elected after 5108ms
2019-07-30 20:33:02,557 INFO  server.RaftServerConfigKeys (ConfUtils.java:logGet(43)) - raft.server.staging.catchup.gap = 1000 (default)
2019-07-30 20:33:02,558 INFO  server.RaftServerConfigKeys (ConfUtils.java:logGet(43)) - raft.server.rpc.sleep.time = 25ms (default)
2019-07-30 20:33:02,558 INFO  server.RaftServerConfigKeys (ConfUtils.java:logGet(43)) - raft.server.write.element-limit = 4096 (default)
2019-07-30 20:33:02,558 INFO  server.RaftServerConfigKeys (ConfUtils.java:logGet(43)) - raft.server.watch.timeout = 10s (default)
2019-07-30 20:33:02,558 INFO  server.RaftServerConfigKeys (ConfUtils.java:logGet(43)) - raft.server.watch.timeout.denomination = 1s (default)
2019-07-30 20:33:02,558 INFO  server.RaftServerConfigKeys (ConfUtils.java:logGet(43)) - raft.server.watch.element-limit = 65536 (default)
2019-07-30 20:33:02,561 INFO  server.RaftServerConfigKeys (ConfUtils.java:logGet(43)) - raft.server.log.appender.snapshot.chunk.size.max = 16MB (=16777216) (default)
2019-07-30 20:33:02,561 INFO  server.RaftServerConfigKeys (ConfUtils.java:logGet(43)) - raft.server.log.appender.buffer.byte-limit = 33554432 (custom)
2019-07-30 20:33:02,562 INFO  server.RaftServerConfigKeys (ConfUtils.java:logGet(43)) - raft.server.log.appender.buffer.element-limit = 1 (custom)
2019-07-30 20:33:02,565 INFO  grpc.GrpcConfigKeys$Server (ConfUtils.java:logGet(43)) - raft.grpc.server.leader.outstanding.appends.max = 128 (default)
2019-07-30 20:33:02,566 INFO  server.RaftServerConfigKeys (ConfUtils.java:logGet(43)) - raft.server.rpc.request.timeout = 3000ms (default)
2019-07-30 20:33:02,567 INFO  server.RaftServerConfigKeys (ConfUtils.java:logGet(43)) - raft.server.log.appender.install.snapshot.enabled = false (custom)
2019-07-30 20:33:02,567 INFO  server.RaftServerConfigKeys (ConfUtils.java:logGet(43)) - raft.server.log.appender.snapshot.chunk.size.max = 16MB (=16777216) (default)
2019-07-30 20:33:02,567 INFO  server.RaftServerConfigKeys (ConfUtils.java:logGet(43)) - raft.server.log.appender.buffer.byte-limit = 33554432 (custom)
2019-07-30 20:33:02,567 INFO  server.RaftServerConfigKeys (ConfUtils.java:logGet(43)) - raft.server.log.appender.buffer.element-limit = 1 (custom)
2019-07-30 20:33:02,567 INFO  grpc.GrpcConfigKeys$Server (ConfUtils.java:logGet(43)) - raft.grpc.server.leader.outstanding.appends.max = 128 (default)
2019-07-30 20:33:02,568 INFO  server.RaftServerConfigKeys (ConfUtils.java:logGet(43)) - raft.server.rpc.request.timeout = 3000ms (default)
2019-07-30 20:33:02,568 INFO  server.RaftServerConfigKeys (ConfUtils.java:logGet(43)) - raft.server.log.appender.install.snapshot.enabled = false (custom)
2019-07-30 20:33:02,569 INFO  impl.RoleInfo (RoleInfo.java:updateAndGet(143)) - 15d63d55-5425-4f9e-924f-bb6d86c8b3d1: start LeaderState
2019-07-30 20:33:02,569 INFO  segmented.SegmentedRaftLogWorker (SegmentedRaftLogWorker.java:startLogSegment(380)) - 15d63d55-5425-4f9e-924f-bb6d86c8b3d1-SegmentedRaftLogWorker:Storage Directory /workdir/hadoop-ozone/integration-test/target/test-dir/MiniOzoneClusterImpl-7cb939c6-7192-4bf7-ab14-e1f6020d1bf6/datanode-0/data/ratis/a815833f-0834-4c1e-80ff-f1f77d76513e: Starting segment from index:0
2019-07-30 20:33:02,570 INFO  impl.RaftServerImpl (ServerState.java:setRaftConf(361)) - 15d63d55-5425-4f9e-924f-bb6d86c8b3d1:group-F1F77D76513E set configuration 0: [149a6df2-8f84-4eb8-9c42-b18db607508c:192.168.69.110:32867, 0bec79a0-044c-4152-be2c-6518dfa6fb11:192.168.69.110:37609, 15d63d55-5425-4f9e-924f-bb6d86c8b3d1:192.168.69.110:41112], old=null at 0
2019-07-30 20:33:02,599 INFO  segmented.SegmentedRaftLogWorker (SegmentedRaftLogWorker.java:execute(569)) - 15d63d55-5425-4f9e-924f-bb6d86c8b3d1-SegmentedRaftLogWorker:Storage Directory /workdir/hadoop-ozone/integration-test/target/test-dir/MiniOzoneClusterImpl-7cb939c6-7192-4bf7-ab14-e1f6020d1bf6/datanode-0/data/ratis/a815833f-0834-4c1e-80ff-f1f77d76513e: created new log segment /workdir/hadoop-ozone/integration-test/target/test-dir/MiniOzoneClusterImpl-7cb939c6-7192-4bf7-ab14-e1f6020d1bf6/datanode-0/data/ratis/a815833f-0834-4c1e-80ff-f1f77d76513e/current/log_inprogress_0
2019-07-30 20:33:02,604 INFO  impl.RaftServerImpl (ServerState.java:setLeader(263)) - 149a6df2-8f84-4eb8-9c42-b18db607508c:group-F1F77D76513E change Leader from null to 15d63d55-5425-4f9e-924f-bb6d86c8b3d1 at term 1 for appendEntries, leader elected after 5154ms
2019-07-30 20:33:02,604 INFO  impl.RaftServerImpl (ServerState.java:setLeader(263)) - 0bec79a0-044c-4152-be2c-6518dfa6fb11:group-F1F77D76513E change Leader from null to 15d63d55-5425-4f9e-924f-bb6d86c8b3d1 at term 1 for appendEntries, leader elected after 5155ms
2019-07-30 20:33:02,633 INFO  impl.RaftServerImpl (ServerState.java:setRaftConf(361)) - 149a6df2-8f84-4eb8-9c42-b18db607508c:group-F1F77D76513E set configuration 0: [149a6df2-8f84-4eb8-9c42-b18db607508c:192.168.69.110:32867, 0bec79a0-044c-4152-be2c-6518dfa6fb11:192.168.69.110:37609, 15d63d55-5425-4f9e-924f-bb6d86c8b3d1:192.168.69.110:41112], old=null at 0
2019-07-30 20:33:02,633 INFO  impl.RaftServerImpl (ServerState.java:setRaftConf(361)) - 0bec79a0-044c-4152-be2c-6518dfa6fb11:group-F1F77D76513E set configuration 0: [149a6df2-8f84-4eb8-9c42-b18db607508c:192.168.69.110:32867, 0bec79a0-044c-4152-be2c-6518dfa6fb11:192.168.69.110:37609, 15d63d55-5425-4f9e-924f-bb6d86c8b3d1:192.168.69.110:41112], old=null at 0
2019-07-30 20:33:02,633 INFO  segmented.SegmentedRaftLogWorker (SegmentedRaftLogWorker.java:startLogSegment(380)) - 149a6df2-8f84-4eb8-9c42-b18db607508c-SegmentedRaftLogWorker:Storage Directory /workdir/hadoop-ozone/integration-test/target/test-dir/MiniOzoneClusterImpl-7cb939c6-7192-4bf7-ab14-e1f6020d1bf6/datanode-1/data/ratis/a815833f-0834-4c1e-80ff-f1f77d76513e: Starting segment from index:0
2019-07-30 20:33:02,633 INFO  segmented.SegmentedRaftLogWorker (SegmentedRaftLogWorker.java:startLogSegment(380)) - 0bec79a0-044c-4152-be2c-6518dfa6fb11-SegmentedRaftLogWorker:Storage Directory /workdir/hadoop-ozone/integration-test/target/test-dir/MiniOzoneClusterImpl-7cb939c6-7192-4bf7-ab14-e1f6020d1bf6/datanode-5/data/ratis/a815833f-0834-4c1e-80ff-f1f77d76513e: Starting segment from index:0
2019-07-30 20:33:02,664 INFO  segmented.SegmentedRaftLogWorker (SegmentedRaftLogWorker.java:execute(569)) - 0bec79a0-044c-4152-be2c-6518dfa6fb11-SegmentedRaftLogWorker:Storage Directory /workdir/hadoop-ozone/integration-test/target/test-dir/MiniOzoneClusterImpl-7cb939c6-7192-4bf7-ab14-e1f6020d1bf6/datanode-5/data/ratis/a815833f-0834-4c1e-80ff-f1f77d76513e: created new log segment /workdir/hadoop-ozone/integration-test/target/test-dir/MiniOzoneClusterImpl-7cb939c6-7192-4bf7-ab14-e1f6020d1bf6/datanode-5/data/ratis/a815833f-0834-4c1e-80ff-f1f77d76513e/current/log_inprogress_0
2019-07-30 20:33:02,664 INFO  segmented.SegmentedRaftLogWorker (SegmentedRaftLogWorker.java:execute(569)) - 149a6df2-8f84-4eb8-9c42-b18db607508c-SegmentedRaftLogWorker:Storage Directory /workdir/hadoop-ozone/integration-test/target/test-dir/MiniOzoneClusterImpl-7cb939c6-7192-4bf7-ab14-e1f6020d1bf6/datanode-1/data/ratis/a815833f-0834-4c1e-80ff-f1f77d76513e: created new log segment /workdir/hadoop-ozone/integration-test/target/test-dir/MiniOzoneClusterImpl-7cb939c6-7192-4bf7-ab14-e1f6020d1bf6/datanode-1/data/ratis/a815833f-0834-4c1e-80ff-f1f77d76513e/current/log_inprogress_0
2019-07-30 20:33:02,668 INFO  impl.FollowerState (FollowerState.java:run(106)) - cbfce143-889c-4770-a501-1d8ca18dcfe4:group-8548D6BABC97 changes to CANDIDATE, lastRpcTime:5086, electionTimeout:5086ms
2019-07-30 20:33:02,672 INFO  impl.RoleInfo (RoleInfo.java:shutdownFollowerState(121)) - cbfce143-889c-4770-a501-1d8ca18dcfe4: shutdown FollowerState
2019-07-30 20:33:02,672 INFO  impl.RaftServerImpl (RaftServerImpl.java:setRole(171)) - cbfce143-889c-4770-a501-1d8ca18dcfe4:group-8548D6BABC97 changes role from FOLLOWER to CANDIDATE at term 0 for changeToCandidate
2019-07-30 20:33:02,672 INFO  impl.RoleInfo (RoleInfo.java:updateAndGet(143)) - cbfce143-889c-4770-a501-1d8ca18dcfe4: start LeaderElection
2019-07-30 20:33:02,695 INFO  impl.LeaderElection (LeaderElection.java:askForVotes(181)) - cbfce143-889c-4770-a501-1d8ca18dcfe4:group-8548D6BABC97:LeaderElection9: begin an election at term 1 for -1: [cbfce143-889c-4770-a501-1d8ca18dcfe4:192.168.69.110:44808, 76464ee5-672b-45f0-89da-4be886f178dd:192.168.69.110:42534, 608044c8-53fb-4b7c-951c-cbbda4d80253:192.168.69.110:34476], old=null
2019-07-30 20:33:02,720 INFO  impl.RaftServerImpl (RaftServerImpl.java:setRole(171)) - 608044c8-53fb-4b7c-951c-cbbda4d80253:group-8548D6BABC97 changes role from FOLLOWER to FOLLOWER at term 1 for recognizeCandidate:cbfce143-889c-4770-a501-1d8ca18dcfe4
2019-07-30 20:33:02,722 INFO  impl.RaftServerImpl (RaftServerImpl.java:setRole(171)) - 76464ee5-672b-45f0-89da-4be886f178dd:group-8548D6BABC97 changes role from FOLLOWER to FOLLOWER at term 1 for recognizeCandidate:cbfce143-889c-4770-a501-1d8ca18dcfe4
2019-07-30 20:33:02,722 INFO  impl.RoleInfo (RoleInfo.java:shutdownFollowerState(121)) - 76464ee5-672b-45f0-89da-4be886f178dd: shutdown FollowerState
2019-07-30 20:33:02,722 INFO  impl.RoleInfo (RoleInfo.java:shutdownFollowerState(121)) - 608044c8-53fb-4b7c-951c-cbbda4d80253: shutdown FollowerState
2019-07-30 20:33:02,722 INFO  impl.RoleInfo (RoleInfo.java:updateAndGet(143)) - 76464ee5-672b-45f0-89da-4be886f178dd: start FollowerState
2019-07-30 20:33:02,722 INFO  impl.FollowerState (FollowerState.java:run(114)) - 76464ee5-672b-45f0-89da-4be886f178dd: FollowerState was interrupted: java.lang.InterruptedException: sleep interrupted
2019-07-30 20:33:02,722 INFO  impl.FollowerState (FollowerState.java:run(114)) - 608044c8-53fb-4b7c-951c-cbbda4d80253: FollowerState was interrupted: java.lang.InterruptedException: sleep interrupted
2019-07-30 20:33:02,722 INFO  impl.RoleInfo (RoleInfo.java:updateAndGet(143)) - 608044c8-53fb-4b7c-951c-cbbda4d80253: start FollowerState
2019-07-30 20:33:02,750 INFO  impl.LeaderElection (LeaderElection.java:logAndReturn(56)) - cbfce143-889c-4770-a501-1d8ca18dcfe4:group-8548D6BABC97:LeaderElection9: Election PASSED; received 1 response(s) [cbfce143-889c-4770-a501-1d8ca18dcfe4<-76464ee5-672b-45f0-89da-4be886f178dd#0:OK-t1] and 0 exception(s); cbfce143-889c-4770-a501-1d8ca18dcfe4:t1, leader=null, voted=cbfce143-889c-4770-a501-1d8ca18dcfe4, raftlog=cbfce143-889c-4770-a501-1d8ca18dcfe4-SegmentedRaftLog:OPENED:c-1,f-1,i0, conf=-1: [cbfce143-889c-4770-a501-1d8ca18dcfe4:192.168.69.110:44808, 76464ee5-672b-45f0-89da-4be886f178dd:192.168.69.110:42534, 608044c8-53fb-4b7c-951c-cbbda4d80253:192.168.69.110:34476], old=null
2019-07-30 20:33:02,750 INFO  impl.RoleInfo (RoleInfo.java:shutdownLeaderElection(134)) - cbfce143-889c-4770-a501-1d8ca18dcfe4: shutdown LeaderElection
2019-07-30 20:33:02,752 INFO  impl.RaftServerImpl (RaftServerImpl.java:setRole(171)) - cbfce143-889c-4770-a501-1d8ca18dcfe4:group-8548D6BABC97 changes role from CANDIDATE to LEADER at term 1 for changeToLeader
2019-07-30 20:33:02,753 INFO  impl.RaftServerImpl (ServerState.java:setLeader(263)) - cbfce143-889c-4770-a501-1d8ca18dcfe4:group-8548D6BABC97 change Leader from null to cbfce143-889c-4770-a501-1d8ca18dcfe4 at term 1 for becomeLeader, leader elected after 5185ms
2019-07-30 20:33:02,754 INFO  server.RaftServerConfigKeys (ConfUtils.java:logGet(43)) - raft.server.staging.catchup.gap = 1000 (default)
2019-07-30 20:33:02,754 INFO  server.RaftServerConfigKeys (ConfUtils.java:logGet(43)) - raft.server.rpc.sleep.time = 25ms (default)
2019-07-30 20:33:02,754 INFO  server.RaftServerConfigKeys (ConfUtils.java:logGet(43)) - raft.server.write.element-limit = 4096 (default)
2019-07-30 20:33:02,754 INFO  server.RaftServerConfigKeys (ConfUtils.java:logGet(43)) - raft.server.watch.timeout = 10s (default)
2019-07-30 20:33:02,754 INFO  server.RaftServerConfigKeys (ConfUtils.java:logGet(43)) - raft.server.watch.timeout.denomination = 1s (default)
2019-07-30 20:33:02,755 INFO  server.RaftServerConfigKeys (ConfUtils.java:logGet(43)) - raft.server.watch.element-limit = 65536 (default)
2019-07-30 20:33:02,755 INFO  server.RaftServerConfigKeys (ConfUtils.java:logGet(43)) - raft.server.log.appender.snapshot.chunk.size.max = 16MB (=16777216) (default)
2019-07-30 20:33:02,755 INFO  server.RaftServerConfigKeys (ConfUtils.java:logGet(43)) - raft.server.log.appender.buffer.byte-limit = 33554432 (custom)
2019-07-30 20:33:02,755 INFO  server.RaftServerConfigKeys (ConfUtils.java:logGet(43)) - raft.server.log.appender.buffer.element-limit = 1 (custom)
2019-07-30 20:33:02,756 INFO  grpc.GrpcConfigKeys$Server (ConfUtils.java:logGet(43)) - raft.grpc.server.leader.outstanding.appends.max = 128 (default)
2019-07-30 20:33:02,756 INFO  server.RaftServerConfigKeys (ConfUtils.java:logGet(43)) - raft.server.rpc.request.timeout = 3000ms (default)
2019-07-30 20:33:02,756 INFO  server.RaftServerConfigKeys (ConfUtils.java:logGet(43)) - raft.server.log.appender.install.snapshot.enabled = false (custom)
2019-07-30 20:33:02,756 INFO  server.RaftServerConfigKeys (ConfUtils.java:logGet(43)) - raft.server.log.appender.snapshot.chunk.size.max = 16MB (=16777216) (default)
2019-07-30 20:33:02,757 INFO  server.RaftServerConfigKeys (ConfUtils.java:logGet(43)) - raft.server.log.appender.buffer.byte-limit = 33554432 (custom)
2019-07-30 20:33:02,757 INFO  server.RaftServerConfigKeys (ConfUtils.java:logGet(43)) - raft.server.log.appender.buffer.element-limit = 1 (custom)
2019-07-30 20:33:02,757 INFO  grpc.GrpcConfigKeys$Server (ConfUtils.java:logGet(43)) - raft.grpc.server.leader.outstanding.appends.max = 128 (default)
2019-07-30 20:33:02,757 INFO  server.RaftServerConfigKeys (ConfUtils.java:logGet(43)) - raft.server.rpc.request.timeout = 3000ms (default)
2019-07-30 20:33:02,758 INFO  server.RaftServerConfigKeys (ConfUtils.java:logGet(43)) - raft.server.log.appender.install.snapshot.enabled = false (custom)
2019-07-30 20:33:02,758 INFO  impl.RoleInfo (RoleInfo.java:updateAndGet(143)) - cbfce143-889c-4770-a501-1d8ca18dcfe4: start LeaderState
2019-07-30 20:33:02,758 INFO  segmented.SegmentedRaftLogWorker (SegmentedRaftLogWorker.java:startLogSegment(380)) - cbfce143-889c-4770-a501-1d8ca18dcfe4-SegmentedRaftLogWorker:Storage Directory /workdir/hadoop-ozone/integration-test/target/test-dir/MiniOzoneClusterImpl-7cb939c6-7192-4bf7-ab14-e1f6020d1bf6/datanode-3/data/ratis/1ad9ddee-0f77-4fe4-b06c-8548d6babc97: Starting segment from index:0
2019-07-30 20:33:02,759 INFO  impl.RaftServerImpl (ServerState.java:setRaftConf(361)) - cbfce143-889c-4770-a501-1d8ca18dcfe4:group-8548D6BABC97 set configuration 0: [cbfce143-889c-4770-a501-1d8ca18dcfe4:192.168.69.110:44808, 76464ee5-672b-45f0-89da-4be886f178dd:192.168.69.110:42534, 608044c8-53fb-4b7c-951c-cbbda4d80253:192.168.69.110:34476], old=null at 0
2019-07-30 20:33:02,779 INFO  impl.RaftServerImpl (ServerState.java:setLeader(263)) - 76464ee5-672b-45f0-89da-4be886f178dd:group-8548D6BABC97 change Leader from null to cbfce143-889c-4770-a501-1d8ca18dcfe4 at term 1 for appendEntries, leader elected after 5210ms
2019-07-30 20:33:02,780 INFO  impl.RaftServerImpl (ServerState.java:setLeader(263)) - 608044c8-53fb-4b7c-951c-cbbda4d80253:group-8548D6BABC97 change Leader from null to cbfce143-889c-4770-a501-1d8ca18dcfe4 at term 1 for appendEntries, leader elected after 5212ms
2019-07-30 20:33:02,784 INFO  impl.RaftServerImpl (ServerState.java:setRaftConf(361)) - 76464ee5-672b-45f0-89da-4be886f178dd:group-8548D6BABC97 set configuration 0: [cbfce143-889c-4770-a501-1d8ca18dcfe4:192.168.69.110:44808, 76464ee5-672b-45f0-89da-4be886f178dd:192.168.69.110:42534, 608044c8-53fb-4b7c-951c-cbbda4d80253:192.168.69.110:34476], old=null at 0
2019-07-30 20:33:02,784 INFO  segmented.SegmentedRaftLogWorker (SegmentedRaftLogWorker.java:startLogSegment(380)) - 76464ee5-672b-45f0-89da-4be886f178dd-SegmentedRaftLogWorker:Storage Directory /workdir/hadoop-ozone/integration-test/target/test-dir/MiniOzoneClusterImpl-7cb939c6-7192-4bf7-ab14-e1f6020d1bf6/datanode-2/data/ratis/1ad9ddee-0f77-4fe4-b06c-8548d6babc97: Starting segment from index:0
2019-07-30 20:33:02,784 INFO  impl.RaftServerImpl (ServerState.java:setRaftConf(361)) - 608044c8-53fb-4b7c-951c-cbbda4d80253:group-8548D6BABC97 set configuration 0: [cbfce143-889c-4770-a501-1d8ca18dcfe4:192.168.69.110:44808, 76464ee5-672b-45f0-89da-4be886f178dd:192.168.69.110:42534, 608044c8-53fb-4b7c-951c-cbbda4d80253:192.168.69.110:34476], old=null at 0
2019-07-30 20:33:02,785 INFO  segmented.SegmentedRaftLogWorker (SegmentedRaftLogWorker.java:startLogSegment(380)) - 608044c8-53fb-4b7c-951c-cbbda4d80253-SegmentedRaftLogWorker:Storage Directory /workdir/hadoop-ozone/integration-test/target/test-dir/MiniOzoneClusterImpl-7cb939c6-7192-4bf7-ab14-e1f6020d1bf6/datanode-4/data/ratis/1ad9ddee-0f77-4fe4-b06c-8548d6babc97: Starting segment from index:0
2019-07-30 20:33:02,788 INFO  segmented.SegmentedRaftLogWorker (SegmentedRaftLogWorker.java:execute(569)) - cbfce143-889c-4770-a501-1d8ca18dcfe4-SegmentedRaftLogWorker:Storage Directory /workdir/hadoop-ozone/integration-test/target/test-dir/MiniOzoneClusterImpl-7cb939c6-7192-4bf7-ab14-e1f6020d1bf6/datanode-3/data/ratis/1ad9ddee-0f77-4fe4-b06c-8548d6babc97: created new log segment /workdir/hadoop-ozone/integration-test/target/test-dir/MiniOzoneClusterImpl-7cb939c6-7192-4bf7-ab14-e1f6020d1bf6/datanode-3/data/ratis/1ad9ddee-0f77-4fe4-b06c-8548d6babc97/current/log_inprogress_0
2019-07-30 20:33:02,800 INFO  segmented.SegmentedRaftLogWorker (SegmentedRaftLogWorker.java:execute(569)) - 76464ee5-672b-45f0-89da-4be886f178dd-SegmentedRaftLogWorker:Storage Directory /workdir/hadoop-ozone/integration-test/target/test-dir/MiniOzoneClusterImpl-7cb939c6-7192-4bf7-ab14-e1f6020d1bf6/datanode-2/data/ratis/1ad9ddee-0f77-4fe4-b06c-8548d6babc97: created new log segment /workdir/hadoop-ozone/integration-test/target/test-dir/MiniOzoneClusterImpl-7cb939c6-7192-4bf7-ab14-e1f6020d1bf6/datanode-2/data/ratis/1ad9ddee-0f77-4fe4-b06c-8548d6babc97/current/log_inprogress_0
2019-07-30 20:33:02,813 INFO  segmented.SegmentedRaftLogWorker (SegmentedRaftLogWorker.java:execute(569)) - 608044c8-53fb-4b7c-951c-cbbda4d80253-SegmentedRaftLogWorker:Storage Directory /workdir/hadoop-ozone/integration-test/target/test-dir/MiniOzoneClusterImpl-7cb939c6-7192-4bf7-ab14-e1f6020d1bf6/datanode-4/data/ratis/1ad9ddee-0f77-4fe4-b06c-8548d6babc97: created new log segment /workdir/hadoop-ozone/integration-test/target/test-dir/MiniOzoneClusterImpl-7cb939c6-7192-4bf7-ab14-e1f6020d1bf6/datanode-4/data/ratis/1ad9ddee-0f77-4fe4-b06c-8548d6babc97/current/log_inprogress_0
2019-07-30 20:33:02,926 INFO  client.GrpcClientProtocolClient (GrpcClientProtocolClient.java:onNext(255)) - client-828A747E618D->0bec79a0-044c-4152-be2c-6518dfa6fb11: receive RaftClientReply:client-828A747E618D->0bec79a0-044c-4152-be2c-6518dfa6fb11@group-F1F77D76513E, cid=13, FAILED org.apache.ratis.protocol.NotLeaderException: Server 0bec79a0-044c-4152-be2c-6518dfa6fb11 is not the leader (15d63d55-5425-4f9e-924f-bb6d86c8b3d1:192.168.69.110:41112). Request must be sent to leader., logIndex=0, commits[0bec79a0-044c-4152-be2c-6518dfa6fb11:c0, 149a6df2-8f84-4eb8-9c42-b18db607508c:c-1, 15d63d55-5425-4f9e-924f-bb6d86c8b3d1:c0]
2019-07-30 20:33:03,173 INFO  client.GrpcClientProtocolClient (GrpcClientProtocolClient.java:onNext(255)) - client-828A747E618D->15d63d55-5425-4f9e-924f-bb6d86c8b3d1: receive RaftClientReply:client-828A747E618D->15d63d55-5425-4f9e-924f-bb6d86c8b3d1@group-F1F77D76513E, cid=13, SUCCESS, logIndex=1, commits[15d63d55-5425-4f9e-924f-bb6d86c8b3d1:c1, 149a6df2-8f84-4eb8-9c42-b18db607508c:c0, 0bec79a0-044c-4152-be2c-6518dfa6fb11:c0]
2019-07-30 20:33:03,413 INFO  client.GrpcClientProtocolClient (GrpcClientProtocolClient.java:onNext(255)) - client-828A747E618D->15d63d55-5425-4f9e-924f-bb6d86c8b3d1: receive RaftClientReply:client-828A747E618D->15d63d55-5425-4f9e-924f-bb6d86c8b3d1@group-F1F77D76513E, cid=14, SUCCESS, logIndex=3, commits[15d63d55-5425-4f9e-924f-bb6d86c8b3d1:c4, 149a6df2-8f84-4eb8-9c42-b18db607508c:c1, 0bec79a0-044c-4152-be2c-6518dfa6fb11:c1]
2019-07-30 20:33:03,530 INFO  client.GrpcClientProtocolClient (GrpcClientProtocolClient.java:onNext(255)) - client-828A747E618D->15d63d55-5425-4f9e-924f-bb6d86c8b3d1: receive RaftClientReply:client-828A747E618D->15d63d55-5425-4f9e-924f-bb6d86c8b3d1@group-F1F77D76513E, cid=15, SUCCESS, logIndex=4, commits[15d63d55-5425-4f9e-924f-bb6d86c8b3d1:c12, 149a6df2-8f84-4eb8-9c42-b18db607508c:c7, 0bec79a0-044c-4152-be2c-6518dfa6fb11:c7]
2019-07-30 20:33:03,536 INFO  client.GrpcClientProtocolClient (GrpcClientProtocolClient.java:onNext(255)) - client-828A747E618D->15d63d55-5425-4f9e-924f-bb6d86c8b3d1: receive RaftClientReply:client-828A747E618D->15d63d55-5425-4f9e-924f-bb6d86c8b3d1@group-F1F77D76513E, cid=16, SUCCESS, logIndex=5, commits[15d63d55-5425-4f9e-924f-bb6d86c8b3d1:c12, 149a6df2-8f84-4eb8-9c42-b18db607508c:c7, 0bec79a0-044c-4152-be2c-6518dfa6fb11:c7]
2019-07-30 20:33:03,536 INFO  client.GrpcClientProtocolClient (GrpcClientProtocolClient.java:onNext(255)) - client-828A747E618D->15d63d55-5425-4f9e-924f-bb6d86c8b3d1: receive RaftClientReply:client-828A747E618D->15d63d55-5425-4f9e-924f-bb6d86c8b3d1@group-F1F77D76513E, cid=17, SUCCESS, logIndex=6, commits[15d63d55-5425-4f9e-924f-bb6d86c8b3d1:c12, 149a6df2-8f84-4eb8-9c42-b18db607508c:c7, 0bec79a0-044c-4152-be2c-6518dfa6fb11:c7]
2019-07-30 20:33:03,629 INFO  client.GrpcClientProtocolClient (GrpcClientProtocolClient.java:onNext(255)) - client-828A747E618D->15d63d55-5425-4f9e-924f-bb6d86c8b3d1: receive RaftClientReply:client-828A747E618D->15d63d55-5425-4f9e-924f-bb6d86c8b3d1@group-F1F77D76513E, cid=18, SUCCESS, logIndex=7, commits[15d63d55-5425-4f9e-924f-bb6d86c8b3d1:c12, 149a6df2-8f84-4eb8-9c42-b18db607508c:c7, 0bec79a0-044c-4152-be2c-6518dfa6fb11:c7]
2019-07-30 20:33:03,670 INFO  client.GrpcClientProtocolClient (GrpcClientProtocolClient.java:onNext(255)) - client-828A747E618D->15d63d55-5425-4f9e-924f-bb6d86c8b3d1: receive RaftClientReply:client-828A747E618D->15d63d55-5425-4f9e-924f-bb6d86c8b3d1@group-F1F77D76513E, cid=19, SUCCESS, logIndex=13, commits[15d63d55-5425-4f9e-924f-bb6d86c8b3d1:c14, 149a6df2-8f84-4eb8-9c42-b18db607508c:c12, 0bec79a0-044c-4152-be2c-6518dfa6fb11:c12]
2019-07-30 20:33:03,671 INFO  client.GrpcClientProtocolClient (GrpcClientProtocolClient.java:onNext(255)) - client-828A747E618D->15d63d55-5425-4f9e-924f-bb6d86c8b3d1: receive RaftClientReply:client-828A747E618D->15d63d55-5425-4f9e-924f-bb6d86c8b3d1@group-F1F77D76513E, cid=20, SUCCESS, logIndex=14, commits[15d63d55-5425-4f9e-924f-bb6d86c8b3d1:c14, 149a6df2-8f84-4eb8-9c42-b18db607508c:c12, 0bec79a0-044c-4152-be2c-6518dfa6fb11:c12]
2019-07-30 20:33:03,695 INFO  client.GrpcClientProtocolClient (GrpcClientProtocolClient.java:onNext(255)) - client-828A747E618D->15d63d55-5425-4f9e-924f-bb6d86c8b3d1: receive RaftClientReply:client-828A747E618D->15d63d55-5425-4f9e-924f-bb6d86c8b3d1@group-F1F77D76513E, cid=21, SUCCESS, logIndex=0, commits[15d63d55-5425-4f9e-924f-bb6d86c8b3d1:c16, 149a6df2-8f84-4eb8-9c42-b18db607508c:c14, 0bec79a0-044c-4152-be2c-6518dfa6fb11:c14]
2019-07-30 20:33:03,696 INFO  datanode.ObjectStoreHandler (ObjectStoreHandler.java:close(155)) - Closing ObjectStoreHandler.
2019-07-30 20:33:03,697 INFO  ozone.HddsDatanodeService (HddsDatanodeService.java:stop(451)) - Stopped plug-in org.apache.hadoop.ozone.web.OzoneHddsDatanodeService@45592af7
2019-07-30 20:33:04,131 INFO  statemachine.DatanodeStateMachine (DatanodeStateMachine.java:lambda$startDaemon$0(350)) - Ozone container server started.
2019-07-30 20:33:08,152 INFO  node.StaleNodeHandler (StaleNodeHandler.java:onMessage(58)) - Datanode 149a6df2-8f84-4eb8-9c42-b18db607508c{ip: 192.168.69.110, host: byscane-nightly-zbvcj-1516659162, networkLocation: /default-rack, certSerialId: null} moved to stale state. Finalizing its pipelines [PipelineID=a815833f-0834-4c1e-80ff-f1f77d76513e, PipelineID=c41bb5ee-f2f3-4059-aa83-7546f4203963]
2019-07-30 20:33:08,152 INFO  pipeline.SCMPipelineManager (SCMPipelineManager.java:finalizeAndDestroyPipeline(309)) - destroying pipeline:Pipeline[ Id: a815833f-0834-4c1e-80ff-f1f77d76513e, Nodes: 149a6df2-8f84-4eb8-9c42-b18db607508c{ip: 192.168.69.110, host: byscane-nightly-zbvcj-1516659162, networkLocation: /default-rack, certSerialId: null}0bec79a0-044c-4152-be2c-6518dfa6fb11{ip: 192.168.69.110, host: byscane-nightly-zbvcj-1516659162, networkLocation: /default-rack, certSerialId: null}15d63d55-5425-4f9e-924f-bb6d86c8b3d1{ip: 192.168.69.110, host: byscane-nightly-zbvcj-1516659162, networkLocation: /default-rack, certSerialId: null}, Type:RATIS, Factor:THREE, State:OPEN]
2019-07-30 20:33:08,153 INFO  pipeline.PipelineStateManager (PipelineStateManager.java:finalizePipeline(123)) - Pipeline Pipeline[ Id: a815833f-0834-4c1e-80ff-f1f77d76513e, Nodes: 149a6df2-8f84-4eb8-9c42-b18db607508c{ip: 192.168.69.110, host: byscane-nightly-zbvcj-1516659162, networkLocation: /default-rack, certSerialId: null}0bec79a0-044c-4152-be2c-6518dfa6fb11{ip: 192.168.69.110, host: byscane-nightly-zbvcj-1516659162, networkLocation: /default-rack, certSerialId: null}15d63d55-5425-4f9e-924f-bb6d86c8b3d1{ip: 192.168.69.110, host: byscane-nightly-zbvcj-1516659162, networkLocation: /default-rack, certSerialId: null}, Type:RATIS, Factor:THREE, State:CLOSED] moved to CLOSED state
2019-07-30 20:33:08,153 INFO  container.CloseContainerEventHandler (CloseContainerEventHandler.java:onMessage(61)) - Close container Event triggered for container : #1
2019-07-30 20:33:08,158 INFO  pipeline.SCMPipelineManager (SCMPipelineManager.java:finalizeAndDestroyPipeline(309)) - destroying pipeline:Pipeline[ Id: c41bb5ee-f2f3-4059-aa83-7546f4203963, Nodes: 149a6df2-8f84-4eb8-9c42-b18db607508c{ip: 192.168.69.110, host: byscane-nightly-zbvcj-1516659162, networkLocation: /default-rack, certSerialId: null}, Type:RATIS, Factor:ONE, State:OPEN]
2019-07-30 20:33:08,161 INFO  pipeline.PipelineStateManager (PipelineStateManager.java:finalizePipeline(123)) - Pipeline Pipeline[ Id: c41bb5ee-f2f3-4059-aa83-7546f4203963, Nodes: 149a6df2-8f84-4eb8-9c42-b18db607508c{ip: 192.168.69.110, host: byscane-nightly-zbvcj-1516659162, networkLocation: /default-rack, certSerialId: null}, Type:RATIS, Factor:ONE, State:CLOSED] moved to CLOSED state
2019-07-30 20:33:08,699 INFO  ozoneimpl.OzoneContainer (OzoneContainer.java:stop(199)) - Attempting to stop container services.
2019-07-30 20:33:08,699 INFO  impl.RaftServerProxy (RaftServerProxy.java:lambda$close$4(314)) - 149a6df2-8f84-4eb8-9c42-b18db607508c: close
2019-07-30 20:33:08,701 INFO  impl.RaftServerImpl (RaftServerImpl.java:lambda$shutdown$3(245)) - 149a6df2-8f84-4eb8-9c42-b18db607508c: shutdown group-F1F77D76513E
2019-07-30 20:33:08,701 INFO  impl.RaftServerImpl (RaftServerImpl.java:lambda$shutdown$3(245)) - 149a6df2-8f84-4eb8-9c42-b18db607508c: shutdown group-7546F4203963
2019-07-30 20:33:08,702 INFO  util.JmxRegister (JmxRegister.java:unregister(73)) - Successfully un-registered JMX Bean with object name Ratis:service=RaftServer,group=group-F1F77D76513E,id=149a6df2-8f84-4eb8-9c42-b18db607508c
2019-07-30 20:33:08,702 INFO  util.JmxRegister (JmxRegister.java:unregister(73)) - Successfully un-registered JMX Bean with object name Ratis:service=RaftServer,group=group-7546F4203963,id=149a6df2-8f84-4eb8-9c42-b18db607508c
2019-07-30 20:33:08,702 INFO  impl.RoleInfo (RoleInfo.java:shutdownFollowerState(121)) - 149a6df2-8f84-4eb8-9c42-b18db607508c: shutdown FollowerState
2019-07-30 20:33:08,702 INFO  impl.RoleInfo (RoleInfo.java:shutdownLeaderState(104)) - 149a6df2-8f84-4eb8-9c42-b18db607508c: shutdown LeaderState
2019-07-30 20:33:08,703 INFO  impl.FollowerState (FollowerState.java:run(114)) - 149a6df2-8f84-4eb8-9c42-b18db607508c: FollowerState was interrupted: java.lang.InterruptedException: sleep interrupted
2019-07-30 20:33:08,703 INFO  impl.StateMachineUpdater (StateMachineUpdater.java:stopAndJoin(115)) - StateMachineUpdater:149a6df2-8f84-4eb8-9c42-b18db607508c:group-F1F77D76513E: set stopIndex = 16
2019-07-30 20:33:08,707 INFO  impl.PendingRequests (PendingRequests.java:sendNotLeaderResponses(202)) - 149a6df2-8f84-4eb8-9c42-b18db607508c-PendingRequests: sendNotLeaderResponses
2019-07-30 20:33:08,703 INFO  ratis.ContainerStateMachine (ContainerStateMachine.java:takeSnapshot(262)) - group-F1F77D76513E: Taking a snapshot at:(t:1, i:14) file /workdir/hadoop-ozone/integration-test/target/test-dir/MiniOzoneClusterImpl-7cb939c6-7192-4bf7-ab14-e1f6020d1bf6/datanode-1/data/ratis/a815833f-0834-4c1e-80ff-f1f77d76513e/sm/snapshot.1_14
2019-07-30 20:33:08,712 INFO  impl.StateMachineUpdater (StateMachineUpdater.java:stopAndJoin(115)) - StateMachineUpdater:149a6df2-8f84-4eb8-9c42-b18db607508c:group-7546F4203963: set stopIndex = 0
2019-07-30 20:33:08,718 INFO  impl.RaftServerImpl (ServerState.java:close(394)) - 149a6df2-8f84-4eb8-9c42-b18db607508c:group-7546F4203963 closes. The last applied log index is 0
2019-07-30 20:33:08,721 INFO  segmented.SegmentedRaftLogWorker (SegmentedRaftLogWorker.java:run(313)) - 149a6df2-8f84-4eb8-9c42-b18db607508c-SegmentedRaftLogWorker:Storage Directory /workdir/hadoop-ozone/integration-test/target/test-dir/MiniOzoneClusterImpl-7cb939c6-7192-4bf7-ab14-e1f6020d1bf6/datanode-1/data/ratis/c41bb5ee-f2f3-4059-aa83-7546f4203963 was interrupted, exiting. There are 0 tasks remaining in the queue.
2019-07-30 20:33:08,724 INFO  segmented.SegmentedRaftLogWorker (SegmentedRaftLogWorker.java:close(228)) - 149a6df2-8f84-4eb8-9c42-b18db607508c-SegmentedRaftLogWorker:Storage Directory /workdir/hadoop-ozone/integration-test/target/test-dir/MiniOzoneClusterImpl-7cb939c6-7192-4bf7-ab14-e1f6020d1bf6/datanode-1/data/ratis/c41bb5ee-f2f3-4059-aa83-7546f4203963 close()
2019-07-30 20:33:08,745 INFO  ratis.ContainerStateMachine (ContainerStateMachine.java:takeSnapshot(273)) - group-F1F77D76513E: Finished taking a snapshot at:(t:1, i:14) file:/workdir/hadoop-ozone/integration-test/target/test-dir/MiniOzoneClusterImpl-7cb939c6-7192-4bf7-ab14-e1f6020d1bf6/datanode-1/data/ratis/a815833f-0834-4c1e-80ff-f1f77d76513e/sm/snapshot.1_14 time:42
2019-07-30 20:33:08,745 INFO  impl.StateMachineUpdater (StateMachineUpdater.java:takeSnapshot(242)) - StateMachineUpdater:149a6df2-8f84-4eb8-9c42-b18db607508c:group-F1F77D76513E: Took a snapshot at index 14
2019-07-30 20:33:08,746 INFO  impl.StateMachineUpdater (StateMachineUpdater.java:lambda$new$0(80)) - StateMachineUpdater:149a6df2-8f84-4eb8-9c42-b18db607508c:group-F1F77D76513E: snapshotIndex: updateIncreasingly -1 -> 14
2019-07-30 20:33:08,750 INFO  impl.RaftServerImpl (ServerState.java:close(394)) - 149a6df2-8f84-4eb8-9c42-b18db607508c:group-F1F77D76513E closes. The last applied log index is 16
2019-07-30 20:33:08,750 INFO  segmented.SegmentedRaftLogWorker (SegmentedRaftLogWorker.java:run(313)) - 149a6df2-8f84-4eb8-9c42-b18db607508c-SegmentedRaftLogWorker:Storage Directory /workdir/hadoop-ozone/integration-test/target/test-dir/MiniOzoneClusterImpl-7cb939c6-7192-4bf7-ab14-e1f6020d1bf6/datanode-1/data/ratis/a815833f-0834-4c1e-80ff-f1f77d76513e was interrupted, exiting. There are 0 tasks remaining in the queue.
2019-07-30 20:33:08,754 INFO  segmented.SegmentedRaftLogWorker (SegmentedRaftLogWorker.java:close(228)) - 149a6df2-8f84-4eb8-9c42-b18db607508c-SegmentedRaftLogWorker:Storage Directory /workdir/hadoop-ozone/integration-test/target/test-dir/MiniOzoneClusterImpl-7cb939c6-7192-4bf7-ab14-e1f6020d1bf6/datanode-1/data/ratis/a815833f-0834-4c1e-80ff-f1f77d76513e close()
2019-07-30 20:33:08,758 INFO  server.GrpcService (GrpcService.java:closeImpl(155)) - 149a6df2-8f84-4eb8-9c42-b18db607508c: shutdown server with port 32867 now
2019-07-30 20:33:08,763 INFO  server.GrpcService (GrpcService.java:closeImpl(163)) - 149a6df2-8f84-4eb8-9c42-b18db607508c: shutdown server with port 32867 successfully
2019-07-30 20:33:08,763 WARN  server.GrpcServerProtocolService (LogUtils.java:warn(134)) - 149a6df2-8f84-4eb8-9c42-b18db607508c: appendEntries onError: org.apache.ratis.thirdparty.io.grpc.StatusRuntimeException: CANCELLED: cancelled before receiving half close
2019-07-30 20:33:08,766 WARN  server.GrpcLogAppender (LogUtils.java:warn(134)) - 15d63d55-5425-4f9e-924f-bb6d86c8b3d1->149a6df2-8f84-4eb8-9c42-b18db607508c: Failed appendEntries: org.apache.ratis.thirdparty.io.grpc.StatusRuntimeException: CANCELLED: HTTP/2 error code: CANCEL
Received Rst Stream
2019-07-30 20:33:08,768 INFO  utils.BackgroundService (BackgroundService.java:shutdown(148)) - Shutting down service BlockDeletingService
2019-07-30 20:33:08,769 INFO  impl.FollowerInfo (FollowerInfo.java:lambda$new$0(50)) - 15d63d55-5425-4f9e-924f-bb6d86c8b3d1->149a6df2-8f84-4eb8-9c42-b18db607508c: nextIndex: updateUnconditionally 17 -> 16
2019-07-30 20:33:08,770 WARN  fs.CachingGetSpaceUsed (CachingGetSpaceUsed.java:run(183)) - Thread Interrupted waiting to refresh disk information: sleep interrupted
2019-07-30 20:33:08,795 INFO  statemachine.DatanodeStateMachine (DatanodeStateMachine.java:stopDaemon(395)) - Ozone container server stopped.
2019-07-30 20:33:08,817 INFO  handler.ContextHandler (ContextHandler.java:doStop(910)) - Stopped o.e.j.w.WebAppContext@594131f2{/,null,UNAVAILABLE}{/hddsDatanode}
2019-07-30 20:33:08,823 INFO  server.AbstractConnector (AbstractConnector.java:doStop(318)) - Stopped ServerConnector@51d0ec6f{HTTP/1.1,[http/1.1]}{0.0.0.0:0}
2019-07-30 20:33:08,824 INFO  handler.ContextHandler (ContextHandler.java:doStop(910)) - Stopped o.e.j.s.ServletContextHandler@2e71240b{/static,jar:file:/home/user/.m2/repository/org/apache/hadoop/hadoop-hdds-container-service/0.4.1-SNAPSHOT/hadoop-hdds-container-service-0.4.1-SNAPSHOT.jar!/webapps/static,UNAVAILABLE}
2019-07-30 20:33:08,824 INFO  handler.ContextHandler (ContextHandler.java:doStop(910)) - Stopped o.e.j.s.ServletContextHandler@39b626e5{/logs,file:///workdir/hadoop-ozone/integration-test/target/log,UNAVAILABLE}
2019-07-30 20:33:08,826 INFO  datanode.ObjectStoreHandler (ObjectStoreHandler.java:close(155)) - Closing ObjectStoreHandler.
2019-07-30 20:33:08,826 INFO  ozone.HddsDatanodeService (HddsDatanodeService.java:stop(451)) - Stopped plug-in org.apache.hadoop.ozone.web.OzoneHddsDatanodeService@74fb5b59
2019-07-30 20:33:09,131 INFO  statemachine.DatanodeStateMachine (DatanodeStateMachine.java:lambda$startDaemon$0(350)) - Ozone container server started.
2019-07-30 20:33:10,110 WARN  server.GrpcLogAppender (LogUtils.java:warn(134)) - 15d63d55-5425-4f9e-924f-bb6d86c8b3d1->149a6df2-8f84-4eb8-9c42-b18db607508c: Failed appendEntries: org.apache.ratis.thirdparty.io.grpc.StatusRuntimeException: UNAVAILABLE: io exception
2019-07-30 20:33:10,113 INFO  impl.FollowerInfo (FollowerInfo.java:lambda$new$0(50)) - 15d63d55-5425-4f9e-924f-bb6d86c8b3d1->149a6df2-8f84-4eb8-9c42-b18db607508c: nextIndex: updateUnconditionally 17 -> 16
2019-07-30 20:33:10,125 WARN  server.GrpcLogAppender (LogUtils.java:warn(134)) - 15d63d55-5425-4f9e-924f-bb6d86c8b3d1->149a6df2-8f84-4eb8-9c42-b18db607508c: Failed appendEntries: org.apache.ratis.thirdparty.io.grpc.StatusRuntimeException: UNAVAILABLE: io exception
2019-07-30 20:33:10,129 INFO  impl.FollowerInfo (FollowerInfo.java:lambda$new$0(50)) - 15d63d55-5425-4f9e-924f-bb6d86c8b3d1->149a6df2-8f84-4eb8-9c42-b18db607508c: nextIndex: updateUnconditionally 17 -> 16
2019-07-30 20:33:10,163 INFO  interfaces.Container (KeyValueContainer.java:compactDB(356)) - Container 1 is closed with bcsId 14.
2019-07-30 20:33:10,168 INFO  container.IncrementalContainerReportHandler (AbstractContainerReportHandler.java:updateContainerState(176)) - Moving container #1 to CLOSED state, datanode 15d63d55-5425-4f9e-924f-bb6d86c8b3d1{ip: 192.168.69.110, host: byscane-nightly-zbvcj-1516659162, networkLocation: /default-rack, certSerialId: null} reported CLOSED replica.
2019-07-30 20:33:10,189 INFO  interfaces.Container (KeyValueContainer.java:compactDB(356)) - Container 1 is closed with bcsId 14.
2019-07-30 20:33:12,629 WARN  server.GrpcLogAppender (LogUtils.java:warn(134)) - 15d63d55-5425-4f9e-924f-bb6d86c8b3d1->149a6df2-8f84-4eb8-9c42-b18db607508c: Failed appendEntries: org.apache.ratis.thirdparty.io.grpc.StatusRuntimeException: UNAVAILABLE: io exception
2019-07-30 20:33:12,632 INFO  impl.FollowerInfo (FollowerInfo.java:lambda$new$0(50)) - 15d63d55-5425-4f9e-924f-bb6d86c8b3d1->149a6df2-8f84-4eb8-9c42-b18db607508c: nextIndex: updateUnconditionally 16 -> 15
2019-07-30 20:33:13,167 INFO  node.StaleNodeHandler (StaleNodeHandler.java:onMessage(58)) - Datanode 0bec79a0-044c-4152-be2c-6518dfa6fb11{ip: 192.168.69.110, host: byscane-nightly-zbvcj-1516659162, networkLocation: /default-rack, certSerialId: null} moved to stale state. Finalizing its pipelines [PipelineID=a815833f-0834-4c1e-80ff-f1f77d76513e, PipelineID=73e1fe5d-c75c-49ce-9049-fd231ba46b57]
2019-07-30 20:33:13,167 INFO  pipeline.SCMPipelineManager (SCMPipelineManager.java:finalizeAndDestroyPipeline(309)) - destroying pipeline:Pipeline[ Id: a815833f-0834-4c1e-80ff-f1f77d76513e, Nodes: 149a6df2-8f84-4eb8-9c42-b18db607508c{ip: 192.168.69.110, host: byscane-nightly-zbvcj-1516659162, networkLocation: /default-rack, certSerialId: null}0bec79a0-044c-4152-be2c-6518dfa6fb11{ip: 192.168.69.110, host: byscane-nightly-zbvcj-1516659162, networkLocation: /default-rack, certSerialId: null}15d63d55-5425-4f9e-924f-bb6d86c8b3d1{ip: 192.168.69.110, host: byscane-nightly-zbvcj-1516659162, networkLocation: /default-rack, certSerialId: null}, Type:RATIS, Factor:THREE, State:CLOSED]
2019-07-30 20:33:13,167 INFO  pipeline.SCMPipelineManager (SCMPipelineManager.java:finalizeAndDestroyPipeline(309)) - destroying pipeline:Pipeline[ Id: 73e1fe5d-c75c-49ce-9049-fd231ba46b57, Nodes: 0bec79a0-044c-4152-be2c-6518dfa6fb11{ip: 192.168.69.110, host: byscane-nightly-zbvcj-1516659162, networkLocation: /default-rack, certSerialId: null}, Type:RATIS, Factor:ONE, State:OPEN]
2019-07-30 20:33:13,167 INFO  pipeline.PipelineStateManager (PipelineStateManager.java:finalizePipeline(123)) - Pipeline Pipeline[ Id: 73e1fe5d-c75c-49ce-9049-fd231ba46b57, Nodes: 0bec79a0-044c-4152-be2c-6518dfa6fb11{ip: 192.168.69.110, host: byscane-nightly-zbvcj-1516659162, networkLocation: /default-rack, certSerialId: null}, Type:RATIS, Factor:ONE, State:CLOSED] moved to CLOSED state
2019-07-30 20:33:13,827 INFO  ozoneimpl.OzoneContainer (OzoneContainer.java:stop(199)) - Attempting to stop container services.
2019-07-30 20:33:13,830 INFO  impl.RaftServerProxy (RaftServerProxy.java:lambda$close$4(314)) - 0bec79a0-044c-4152-be2c-6518dfa6fb11: close
2019-07-30 20:33:13,831 INFO  impl.RaftServerImpl (RaftServerImpl.java:lambda$shutdown$3(245)) - 0bec79a0-044c-4152-be2c-6518dfa6fb11: shutdown group-F1F77D76513E
2019-07-30 20:33:13,831 INFO  util.JmxRegister (JmxRegister.java:unregister(73)) - Successfully un-registered JMX Bean with object name Ratis:service=RaftServer,group=group-F1F77D76513E,id=0bec79a0-044c-4152-be2c-6518dfa6fb11
2019-07-30 20:33:13,832 INFO  impl.RoleInfo (RoleInfo.java:shutdownFollowerState(121)) - 0bec79a0-044c-4152-be2c-6518dfa6fb11: shutdown FollowerState
2019-07-30 20:33:13,832 INFO  impl.StateMachineUpdater (StateMachineUpdater.java:stopAndJoin(115)) - StateMachineUpdater:0bec79a0-044c-4152-be2c-6518dfa6fb11:group-F1F77D76513E: set stopIndex = 18
2019-07-30 20:33:13,832 INFO  impl.FollowerState (FollowerState.java:run(114)) - 0bec79a0-044c-4152-be2c-6518dfa6fb11: FollowerState was interrupted: java.lang.InterruptedException: sleep interrupted
2019-07-30 20:33:13,832 INFO  ratis.ContainerStateMachine (ContainerStateMachine.java:takeSnapshot(262)) - group-F1F77D76513E: Taking a snapshot at:(t:1, i:17) file /workdir/hadoop-ozone/integration-test/target/test-dir/MiniOzoneClusterImpl-7cb939c6-7192-4bf7-ab14-e1f6020d1bf6/datanode-5/data/ratis/a815833f-0834-4c1e-80ff-f1f77d76513e/sm/snapshot.1_17
2019-07-30 20:33:13,849 INFO  ratis.ContainerStateMachine (ContainerStateMachine.java:takeSnapshot(273)) - group-F1F77D76513E: Finished taking a snapshot at:(t:1, i:17) file:/workdir/hadoop-ozone/integration-test/target/test-dir/MiniOzoneClusterImpl-7cb939c6-7192-4bf7-ab14-e1f6020d1bf6/datanode-5/data/ratis/a815833f-0834-4c1e-80ff-f1f77d76513e/sm/snapshot.1_17 time:17
2019-07-30 20:33:13,849 INFO  impl.StateMachineUpdater (StateMachineUpdater.java:takeSnapshot(242)) - StateMachineUpdater:0bec79a0-044c-4152-be2c-6518dfa6fb11:group-F1F77D76513E: Took a snapshot at index 17
2019-07-30 20:33:13,850 INFO  impl.StateMachineUpdater (StateMachineUpdater.java:lambda$new$0(80)) - StateMachineUpdater:0bec79a0-044c-4152-be2c-6518dfa6fb11:group-F1F77D76513E: snapshotIndex: updateIncreasingly -1 -> 17
2019-07-30 20:33:13,850 INFO  impl.RaftServerImpl (ServerState.java:close(394)) - 0bec79a0-044c-4152-be2c-6518dfa6fb11:group-F1F77D76513E closes. The last applied log index is 18
2019-07-30 20:33:13,851 INFO  segmented.SegmentedRaftLogWorker (SegmentedRaftLogWorker.java:run(313)) - 0bec79a0-044c-4152-be2c-6518dfa6fb11-SegmentedRaftLogWorker:Storage Directory /workdir/hadoop-ozone/integration-test/target/test-dir/MiniOzoneClusterImpl-7cb939c6-7192-4bf7-ab14-e1f6020d1bf6/datanode-5/data/ratis/a815833f-0834-4c1e-80ff-f1f77d76513e was interrupted, exiting. There are 0 tasks remaining in the queue.
2019-07-30 20:33:13,853 INFO  segmented.SegmentedRaftLogWorker (SegmentedRaftLogWorker.java:close(228)) - 0bec79a0-044c-4152-be2c-6518dfa6fb11-SegmentedRaftLogWorker:Storage Directory /workdir/hadoop-ozone/integration-test/target/test-dir/MiniOzoneClusterImpl-7cb939c6-7192-4bf7-ab14-e1f6020d1bf6/datanode-5/data/ratis/a815833f-0834-4c1e-80ff-f1f77d76513e close()
2019-07-30 20:33:13,856 INFO  impl.RaftServerImpl (RaftServerImpl.java:lambda$shutdown$3(245)) - 0bec79a0-044c-4152-be2c-6518dfa6fb11: shutdown group-FD231BA46B57
2019-07-30 20:33:13,857 INFO  util.JmxRegister (JmxRegister.java:unregister(73)) - Successfully un-registered JMX Bean with object name Ratis:service=RaftServer,group=group-FD231BA46B57,id=0bec79a0-044c-4152-be2c-6518dfa6fb11
2019-07-30 20:33:13,857 INFO  impl.RoleInfo (RoleInfo.java:shutdownLeaderState(104)) - 0bec79a0-044c-4152-be2c-6518dfa6fb11: shutdown LeaderState
2019-07-30 20:33:13,857 INFO  impl.PendingRequests (PendingRequests.java:sendNotLeaderResponses(202)) - 0bec79a0-044c-4152-be2c-6518dfa6fb11-PendingRequests: sendNotLeaderResponses
2019-07-30 20:33:13,858 INFO  impl.StateMachineUpdater (StateMachineUpdater.java:stopAndJoin(115)) - StateMachineUpdater:0bec79a0-044c-4152-be2c-6518dfa6fb11:group-FD231BA46B57: set stopIndex = 0
2019-07-30 20:33:13,860 INFO  impl.RaftServerImpl (ServerState.java:close(394)) - 0bec79a0-044c-4152-be2c-6518dfa6fb11:group-FD231BA46B57 closes. The last applied log index is 0
2019-07-30 20:33:13,860 INFO  segmented.SegmentedRaftLogWorker (SegmentedRaftLogWorker.java:run(313)) - 0bec79a0-044c-4152-be2c-6518dfa6fb11-SegmentedRaftLogWorker:Storage Directory /workdir/hadoop-ozone/integration-test/target/test-dir/MiniOzoneClusterImpl-7cb939c6-7192-4bf7-ab14-e1f6020d1bf6/datanode-5/data/ratis/73e1fe5d-c75c-49ce-9049-fd231ba46b57 was interrupted, exiting. There are 0 tasks remaining in the queue.
2019-07-30 20:33:13,863 INFO  segmented.SegmentedRaftLogWorker (SegmentedRaftLogWorker.java:close(228)) - 0bec79a0-044c-4152-be2c-6518dfa6fb11-SegmentedRaftLogWorker:Storage Directory /workdir/hadoop-ozone/integration-test/target/test-dir/MiniOzoneClusterImpl-7cb939c6-7192-4bf7-ab14-e1f6020d1bf6/datanode-5/data/ratis/73e1fe5d-c75c-49ce-9049-fd231ba46b57 close()
2019-07-30 20:33:13,866 INFO  server.GrpcService (GrpcService.java:closeImpl(155)) - 0bec79a0-044c-4152-be2c-6518dfa6fb11: shutdown server with port 37609 now
2019-07-30 20:33:13,867 WARN  server.GrpcServerProtocolService (LogUtils.java:warn(134)) - 0bec79a0-044c-4152-be2c-6518dfa6fb11: appendEntries onError: org.apache.ratis.thirdparty.io.grpc.StatusRuntimeException: CANCELLED: cancelled before receiving half close
2019-07-30 20:33:13,869 INFO  server.GrpcService (GrpcService.java:closeImpl(163)) - 0bec79a0-044c-4152-be2c-6518dfa6fb11: shutdown server with port 37609 successfully
2019-07-30 20:33:13,870 WARN  server.GrpcLogAppender (LogUtils.java:warn(134)) - 15d63d55-5425-4f9e-924f-bb6d86c8b3d1->0bec79a0-044c-4152-be2c-6518dfa6fb11: Failed appendEntries: org.apache.ratis.thirdparty.io.grpc.StatusRuntimeException: CANCELLED: HTTP/2 error code: CANCEL
Received Rst Stream
2019-07-30 20:33:13,872 INFO  impl.FollowerInfo (FollowerInfo.java:lambda$new$0(50)) - 15d63d55-5425-4f9e-924f-bb6d86c8b3d1->0bec79a0-044c-4152-be2c-6518dfa6fb11: nextIndex: updateUnconditionally 19 -> 18
2019-07-30 20:33:13,876 INFO  utils.BackgroundService (BackgroundService.java:shutdown(148)) - Shutting down service BlockDeletingService
2019-07-30 20:33:13,878 WARN  fs.CachingGetSpaceUsed (CachingGetSpaceUsed.java:run(183)) - Thread Interrupted waiting to refresh disk information: sleep interrupted
2019-07-30 20:33:13,896 INFO  statemachine.DatanodeStateMachine (DatanodeStateMachine.java:stopDaemon(395)) - Ozone container server stopped.
2019-07-30 20:33:13,910 INFO  handler.ContextHandler (ContextHandler.java:doStop(910)) - Stopped o.e.j.w.WebAppContext@9b367c8{/,null,UNAVAILABLE}{/hddsDatanode}
2019-07-30 20:33:13,910 INFO  server.AbstractConnector (AbstractConnector.java:doStop(318)) - Stopped ServerConnector@34c62fdf{HTTP/1.1,[http/1.1]}{0.0.0.0:0}
2019-07-30 20:33:13,911 INFO  handler.ContextHandler (ContextHandler.java:doStop(910)) - Stopped o.e.j.s.ServletContextHandler@6562cc23{/static,jar:file:/home/user/.m2/repository/org/apache/hadoop/hadoop-hdds-container-service/0.4.1-SNAPSHOT/hadoop-hdds-container-service-0.4.1-SNAPSHOT.jar!/webapps/static,UNAVAILABLE}
2019-07-30 20:33:13,911 INFO  handler.ContextHandler (ContextHandler.java:doStop(910)) - Stopped o.e.j.s.ServletContextHandler@1de13f34{/logs,file:///workdir/hadoop-ozone/integration-test/target/log,UNAVAILABLE}
20:33:13.917 [grpc-default-executor-2] ERROR DNAudit - user=null | ip=null | op=WRITE_CHUNK {blockData=conID: 1 locID: 102532302678327297 bcsId: 14} | ret=FAILURE
org.apache.hadoop.hdds.scm.container.common.helpers.ContainerNotOpenException: Container 1 in CLOSED state
	at org.apache.hadoop.ozone.container.common.impl.HddsDispatcher.validateContainerCommand(HddsDispatcher.java:408) ~[hadoop-hdds-container-service-0.4.1-SNAPSHOT.jar:?]
	at org.apache.hadoop.ozone.container.common.transport.server.ratis.ContainerStateMachine.startTransaction(ContainerStateMachine.java:288) ~[hadoop-hdds-container-service-0.4.1-SNAPSHOT.jar:?]
	at org.apache.ratis.server.impl.RaftServerImpl.submitClientRequestAsync(RaftServerImpl.java:566) ~[ratis-server-0.4.0-2337318-SNAPSHOT.jar:0.4.0-2337318-SNAPSHOT]
	at org.apache.ratis.server.impl.RaftServerProxy.lambda$submitClientRequestAsync$7(RaftServerProxy.java:333) ~[ratis-server-0.4.0-2337318-SNAPSHOT.jar:0.4.0-2337318-SNAPSHOT]
	at org.apache.ratis.server.impl.RaftServerProxy.lambda$null$5(RaftServerProxy.java:328) ~[ratis-server-0.4.0-2337318-SNAPSHOT.jar:0.4.0-2337318-SNAPSHOT]
	at org.apache.ratis.util.JavaUtils.callAsUnchecked(JavaUtils.java:109) ~[ratis-common-0.4.0-2337318-SNAPSHOT.jar:0.4.0-2337318-SNAPSHOT]
	at org.apache.ratis.server.impl.RaftServerProxy.lambda$submitRequest$6(RaftServerProxy.java:328) ~[ratis-server-0.4.0-2337318-SNAPSHOT.jar:0.4.0-2337318-SNAPSHOT]
	at java.util.concurrent.CompletableFuture.uniComposeStage(CompletableFuture.java:981) ~[?:1.8.0_212]
	at java.util.concurrent.CompletableFuture.thenCompose(CompletableFuture.java:2124) ~[?:1.8.0_212]
	at org.apache.ratis.server.impl.RaftServerProxy.submitRequest(RaftServerProxy.java:327) ~[ratis-server-0.4.0-2337318-SNAPSHOT.jar:0.4.0-2337318-SNAPSHOT]
	at org.apache.ratis.server.impl.RaftServerProxy.submitClientRequestAsync(RaftServerProxy.java:333) ~[ratis-server-0.4.0-2337318-SNAPSHOT.jar:0.4.0-2337318-SNAPSHOT]
	at org.apache.ratis.grpc.client.GrpcClientProtocolService$RequestStreamObserver.processClientRequest(GrpcClientProtocolService.java:220) ~[ratis-grpc-0.4.0-2337318-SNAPSHOT.jar:0.4.0-2337318-SNAPSHOT]
	at org.apache.ratis.grpc.client.GrpcClientProtocolService$OrderedRequestStreamObserver.processClientRequest(GrpcClientProtocolService.java:326) ~[ratis-grpc-0.4.0-2337318-SNAPSHOT.jar:0.4.0-2337318-SNAPSHOT]
	at org.apache.ratis.util.SlidingWindow$Server.processRequestsFromHead(SlidingWindow.java:429) [ratis-common-0.4.0-2337318-SNAPSHOT.jar:0.4.0-2337318-SNAPSHOT]
	at org.apache.ratis.util.SlidingWindow$Server.receivedRequest(SlidingWindow.java:421) [ratis-common-0.4.0-2337318-SNAPSHOT.jar:0.4.0-2337318-SNAPSHOT]
	at org.apache.ratis.grpc.client.GrpcClientProtocolService$OrderedRequestStreamObserver.processClientRequest(GrpcClientProtocolService.java:345) [ratis-grpc-0.4.0-2337318-SNAPSHOT.jar:0.4.0-2337318-SNAPSHOT]
	at org.apache.ratis.grpc.client.GrpcClientProtocolService$RequestStreamObserver.onNext(GrpcClientProtocolService.java:240) [ratis-grpc-0.4.0-2337318-SNAPSHOT.jar:0.4.0-2337318-SNAPSHOT]
	at org.apache.ratis.grpc.client.GrpcClientProtocolService$RequestStreamObserver.onNext(GrpcClientProtocolService.java:168) [ratis-grpc-0.4.0-2337318-SNAPSHOT.jar:0.4.0-2337318-SNAPSHOT]
	at org.apache.ratis.thirdparty.io.grpc.stub.ServerCalls$StreamingServerCallHandler$StreamingServerCallListener.onMessage(ServerCalls.java:248) [ratis-thirdparty-misc-0.2.0.jar:0.2.0]
	at org.apache.ratis.thirdparty.io.grpc.internal.ServerCallImpl$ServerStreamListenerImpl.messagesAvailable(ServerCallImpl.java:263) [ratis-thirdparty-misc-0.2.0.jar:0.2.0]
	at org.apache.ratis.thirdparty.io.grpc.internal.ServerImpl$JumpToApplicationThreadServerStreamListener$1MessagesAvailable.runInContext(ServerImpl.java:686) [ratis-thirdparty-misc-0.2.0.jar:0.2.0]
	at org.apache.ratis.thirdparty.io.grpc.internal.ContextRunnable.run(ContextRunnable.java:37) [ratis-thirdparty-misc-0.2.0.jar:0.2.0]
	at org.apache.ratis.thirdparty.io.grpc.internal.SerializingExecutor.run(SerializingExecutor.java:123) [ratis-thirdparty-misc-0.2.0.jar:0.2.0]
	at java.util.concurrent.ThreadPoolExecutor.runWorker(ThreadPoolExecutor.java:1149) [?:1.8.0_212]
	at java.util.concurrent.ThreadPoolExecutor$Worker.run(ThreadPoolExecutor.java:624) [?:1.8.0_212]
	at java.lang.Thread.run(Thread.java:748) [?:1.8.0_212]
20:33:13.955 [grpc-default-executor-2] ERROR DNAudit - user=null | ip=null | op=WRITE_CHUNK {blockData=conID: 1 locID: 102532302678327297 bcsId: 14} | ret=FAILURE
org.apache.hadoop.hdds.scm.container.common.helpers.ContainerNotOpenException: Container 1 in CLOSED state
	at org.apache.hadoop.ozone.container.common.impl.HddsDispatcher.validateContainerCommand(HddsDispatcher.java:408) ~[hadoop-hdds-container-service-0.4.1-SNAPSHOT.jar:?]
	at org.apache.hadoop.ozone.container.common.transport.server.ratis.ContainerStateMachine.startTransaction(ContainerStateMachine.java:288) ~[hadoop-hdds-container-service-0.4.1-SNAPSHOT.jar:?]
	at org.apache.ratis.server.impl.RaftServerImpl.submitClientRequestAsync(RaftServerImpl.java:566) ~[ratis-server-0.4.0-2337318-SNAPSHOT.jar:0.4.0-2337318-SNAPSHOT]
	at org.apache.ratis.server.impl.RaftServerProxy.lambda$submitClientRequestAsync$7(RaftServerProxy.java:333) ~[ratis-server-0.4.0-2337318-SNAPSHOT.jar:0.4.0-2337318-SNAPSHOT]
	at org.apache.ratis.server.impl.RaftServerProxy.lambda$null$5(RaftServerProxy.java:328) ~[ratis-server-0.4.0-2337318-SNAPSHOT.jar:0.4.0-2337318-SNAPSHOT]
	at org.apache.ratis.util.JavaUtils.callAsUnchecked(JavaUtils.java:109) ~[ratis-common-0.4.0-2337318-SNAPSHOT.jar:0.4.0-2337318-SNAPSHOT]
	at org.apache.ratis.server.impl.RaftServerProxy.lambda$submitRequest$6(RaftServerProxy.java:328) ~[ratis-server-0.4.0-2337318-SNAPSHOT.jar:0.4.0-2337318-SNAPSHOT]
	at java.util.concurrent.CompletableFuture.uniComposeStage(CompletableFuture.java:981) ~[?:1.8.0_212]
	at java.util.concurrent.CompletableFuture.thenCompose(CompletableFuture.java:2124) ~[?:1.8.0_212]
	at org.apache.ratis.server.impl.RaftServerProxy.submitRequest(RaftServerProxy.java:327) ~[ratis-server-0.4.0-2337318-SNAPSHOT.jar:0.4.0-2337318-SNAPSHOT]
	at org.apache.ratis.server.impl.RaftServerProxy.submitClientRequestAsync(RaftServerProxy.java:333) ~[ratis-server-0.4.0-2337318-SNAPSHOT.jar:0.4.0-2337318-SNAPSHOT]
	at org.apache.ratis.grpc.client.GrpcClientProtocolService$RequestStreamObserver.processClientRequest(GrpcClientProtocolService.java:220) ~[ratis-grpc-0.4.0-2337318-SNAPSHOT.jar:0.4.0-2337318-SNAPSHOT]
	at org.apache.ratis.grpc.client.GrpcClientProtocolService$OrderedRequestStreamObserver.processClientRequest(GrpcClientProtocolService.java:326) ~[ratis-grpc-0.4.0-2337318-SNAPSHOT.jar:0.4.0-2337318-SNAPSHOT]
	at org.apache.ratis.util.SlidingWindow$Server.processRequestsFromHead(SlidingWindow.java:429) [ratis-common-0.4.0-2337318-SNAPSHOT.jar:0.4.0-2337318-SNAPSHOT]
	at org.apache.ratis.util.SlidingWindow$Server.receivedRequest(SlidingWindow.java:421) [ratis-common-0.4.0-2337318-SNAPSHOT.jar:0.4.0-2337318-SNAPSHOT]
	at org.apache.ratis.grpc.client.GrpcClientProtocolService$OrderedRequestStreamObserver.processClientRequest(GrpcClientProtocolService.java:345) [ratis-grpc-0.4.0-2337318-SNAPSHOT.jar:0.4.0-2337318-SNAPSHOT]
	at org.apache.ratis.grpc.client.GrpcClientProtocolService$RequestStreamObserver.onNext(GrpcClientProtocolService.java:240) [ratis-grpc-0.4.0-2337318-SNAPSHOT.jar:0.4.0-2337318-SNAPSHOT]
	at org.apache.ratis.grpc.client.GrpcClientProtocolService$RequestStreamObserver.onNext(GrpcClientProtocolService.java:168) [ratis-grpc-0.4.0-2337318-SNAPSHOT.jar:0.4.0-2337318-SNAPSHOT]
	at org.apache.ratis.thirdparty.io.grpc.stub.ServerCalls$StreamingServerCallHandler$StreamingServerCallListener.onMessage(ServerCalls.java:248) [ratis-thirdparty-misc-0.2.0.jar:0.2.0]
	at org.apache.ratis.thirdparty.io.grpc.internal.ServerCallImpl$ServerStreamListenerImpl.messagesAvailable(ServerCallImpl.java:263) [ratis-thirdparty-misc-0.2.0.jar:0.2.0]
	at org.apache.ratis.thirdparty.io.grpc.internal.ServerImpl$JumpToApplicationThreadServerStreamListener$1MessagesAvailable.runInContext(ServerImpl.java:686) [ratis-thirdparty-misc-0.2.0.jar:0.2.0]
	at org.apache.ratis.thirdparty.io.grpc.internal.ContextRunnable.run(ContextRunnable.java:37) [ratis-thirdparty-misc-0.2.0.jar:0.2.0]
	at org.apache.ratis.thirdparty.io.grpc.internal.SerializingExecutor.run(SerializingExecutor.java:123) [ratis-thirdparty-misc-0.2.0.jar:0.2.0]
	at java.util.concurrent.ThreadPoolExecutor.runWorker(ThreadPoolExecutor.java:1149) [?:1.8.0_212]
	at java.util.concurrent.ThreadPoolExecutor$Worker.run(ThreadPoolExecutor.java:624) [?:1.8.0_212]
	at java.lang.Thread.run(Thread.java:748) [?:1.8.0_212]
20:33:13.965 [grpc-default-executor-2] ERROR DNAudit - user=null | ip=null | op=PUT_BLOCK {blockData=[blockId=conID: 1 locID: 102532302678327297 bcsId: 0,size=650]} | ret=FAILURE
org.apache.hadoop.hdds.scm.container.common.helpers.ContainerNotOpenException: Container 1 in CLOSED state
	at org.apache.hadoop.ozone.container.common.impl.HddsDispatcher.validateContainerCommand(HddsDispatcher.java:408) ~[hadoop-hdds-container-service-0.4.1-SNAPSHOT.jar:?]
	at org.apache.hadoop.ozone.container.common.transport.server.ratis.ContainerStateMachine.startTransaction(ContainerStateMachine.java:288) ~[hadoop-hdds-container-service-0.4.1-SNAPSHOT.jar:?]
	at org.apache.ratis.server.impl.RaftServerImpl.submitClientRequestAsync(RaftServerImpl.java:566) ~[ratis-server-0.4.0-2337318-SNAPSHOT.jar:0.4.0-2337318-SNAPSHOT]
	at org.apache.ratis.server.impl.RaftServerProxy.lambda$submitClientRequestAsync$7(RaftServerProxy.java:333) ~[ratis-server-0.4.0-2337318-SNAPSHOT.jar:0.4.0-2337318-SNAPSHOT]
	at org.apache.ratis.server.impl.RaftServerProxy.lambda$null$5(RaftServerProxy.java:328) ~[ratis-server-0.4.0-2337318-SNAPSHOT.jar:0.4.0-2337318-SNAPSHOT]
	at org.apache.ratis.util.JavaUtils.callAsUnchecked(JavaUtils.java:109) ~[ratis-common-0.4.0-2337318-SNAPSHOT.jar:0.4.0-2337318-SNAPSHOT]
	at org.apache.ratis.server.impl.RaftServerProxy.lambda$submitRequest$6(RaftServerProxy.java:328) ~[ratis-server-0.4.0-2337318-SNAPSHOT.jar:0.4.0-2337318-SNAPSHOT]
	at java.util.concurrent.CompletableFuture.uniComposeStage(CompletableFuture.java:981) ~[?:1.8.0_212]
	at java.util.concurrent.CompletableFuture.thenCompose(CompletableFuture.java:2124) ~[?:1.8.0_212]
	at org.apache.ratis.server.impl.RaftServerProxy.submitRequest(RaftServerProxy.java:327) ~[ratis-server-0.4.0-2337318-SNAPSHOT.jar:0.4.0-2337318-SNAPSHOT]
	at org.apache.ratis.server.impl.RaftServerProxy.submitClientRequestAsync(RaftServerProxy.java:333) ~[ratis-server-0.4.0-2337318-SNAPSHOT.jar:0.4.0-2337318-SNAPSHOT]
	at org.apache.ratis.grpc.client.GrpcClientProtocolService$RequestStreamObserver.processClientRequest(GrpcClientProtocolService.java:220) ~[ratis-grpc-0.4.0-2337318-SNAPSHOT.jar:0.4.0-2337318-SNAPSHOT]
	at org.apache.ratis.grpc.client.GrpcClientProtocolService$OrderedRequestStreamObserver.processClientRequest(GrpcClientProtocolService.java:326) ~[ratis-grpc-0.4.0-2337318-SNAPSHOT.jar:0.4.0-2337318-SNAPSHOT]
	at org.apache.ratis.util.SlidingWindow$Server.processRequestsFromHead(SlidingWindow.java:429) [ratis-common-0.4.0-2337318-SNAPSHOT.jar:0.4.0-2337318-SNAPSHOT]
	at org.apache.ratis.util.SlidingWindow$Server.receivedRequest(SlidingWindow.java:421) [ratis-common-0.4.0-2337318-SNAPSHOT.jar:0.4.0-2337318-SNAPSHOT]
	at org.apache.ratis.grpc.client.GrpcClientProtocolService$OrderedRequestStreamObserver.processClientRequest(GrpcClientProtocolService.java:345) [ratis-grpc-0.4.0-2337318-SNAPSHOT.jar:0.4.0-2337318-SNAPSHOT]
	at org.apache.ratis.grpc.client.GrpcClientProtocolService$RequestStreamObserver.onNext(GrpcClientProtocolService.java:240) [ratis-grpc-0.4.0-2337318-SNAPSHOT.jar:0.4.0-2337318-SNAPSHOT]
	at org.apache.ratis.grpc.client.GrpcClientProtocolService$RequestStreamObserver.onNext(GrpcClientProtocolService.java:168) [ratis-grpc-0.4.0-2337318-SNAPSHOT.jar:0.4.0-2337318-SNAPSHOT]
	at org.apache.ratis.thirdparty.io.grpc.stub.ServerCalls$StreamingServerCallHandler$StreamingServerCallListener.onMessage(ServerCalls.java:248) [ratis-thirdparty-misc-0.2.0.jar:0.2.0]
	at org.apache.ratis.thirdparty.io.grpc.internal.ServerCallImpl$ServerStreamListenerImpl.messagesAvailable(ServerCallImpl.java:263) [ratis-thirdparty-misc-0.2.0.jar:0.2.0]
	at org.apache.ratis.thirdparty.io.grpc.internal.ServerImpl$JumpToApplicationThreadServerStreamListener$1MessagesAvailable.runInContext(ServerImpl.java:686) [ratis-thirdparty-misc-0.2.0.jar:0.2.0]
	at org.apache.ratis.thirdparty.io.grpc.internal.ContextRunnable.run(ContextRunnable.java:37) [ratis-thirdparty-misc-0.2.0.jar:0.2.0]
	at org.apache.ratis.thirdparty.io.grpc.internal.SerializingExecutor.run(SerializingExecutor.java:123) [ratis-thirdparty-misc-0.2.0.jar:0.2.0]
	at java.util.concurrent.ThreadPoolExecutor.runWorker(ThreadPoolExecutor.java:1149) [?:1.8.0_212]
	at java.util.concurrent.ThreadPoolExecutor$Worker.run(ThreadPoolExecutor.java:624) [?:1.8.0_212]
	at java.lang.Thread.run(Thread.java:748) [?:1.8.0_212]
2019-07-30 20:33:13,972 INFO  client.GrpcClientProtocolClient (GrpcClientProtocolClient.java:onNext(255)) - client-828A747E618D->15d63d55-5425-4f9e-924f-bb6d86c8b3d1: receive RaftClientReply:client-828A747E618D->15d63d55-5425-4f9e-924f-bb6d86c8b3d1@group-F1F77D76513E, cid=22, FAILED org.apache.ratis.protocol.StateMachineException: org.apache.hadoop.hdds.scm.container.common.helpers.ContainerNotOpenException from Server 15d63d55-5425-4f9e-924f-bb6d86c8b3d1: Container 1 in CLOSED state, logIndex=0, commits[15d63d55-5425-4f9e-924f-bb6d86c8b3d1:c18, 149a6df2-8f84-4eb8-9c42-b18db607508c:c16, 0bec79a0-044c-4152-be2c-6518dfa6fb11:c18]
20:33:13.972 [grpc-default-executor-2] ERROR DNAudit - user=null | ip=null | op=WRITE_CHUNK {blockData=conID: 1 locID: 102532302678327297 bcsId: 14} | ret=FAILURE
org.apache.hadoop.hdds.scm.container.common.helpers.ContainerNotOpenException: Container 1 in CLOSED state
	at org.apache.hadoop.ozone.container.common.impl.HddsDispatcher.validateContainerCommand(HddsDispatcher.java:408) ~[hadoop-hdds-container-service-0.4.1-SNAPSHOT.jar:?]
	at org.apache.hadoop.ozone.container.common.transport.server.ratis.ContainerStateMachine.startTransaction(ContainerStateMachine.java:288) ~[hadoop-hdds-container-service-0.4.1-SNAPSHOT.jar:?]
	at org.apache.ratis.server.impl.RaftServerImpl.submitClientRequestAsync(RaftServerImpl.java:566) ~[ratis-server-0.4.0-2337318-SNAPSHOT.jar:0.4.0-2337318-SNAPSHOT]
	at org.apache.ratis.server.impl.RaftServerProxy.lambda$submitClientRequestAsync$7(RaftServerProxy.java:333) ~[ratis-server-0.4.0-2337318-SNAPSHOT.jar:0.4.0-2337318-SNAPSHOT]
	at org.apache.ratis.server.impl.RaftServerProxy.lambda$null$5(RaftServerProxy.java:328) ~[ratis-server-0.4.0-2337318-SNAPSHOT.jar:0.4.0-2337318-SNAPSHOT]
	at org.apache.ratis.util.JavaUtils.callAsUnchecked(JavaUtils.java:109) ~[ratis-common-0.4.0-2337318-SNAPSHOT.jar:0.4.0-2337318-SNAPSHOT]
	at org.apache.ratis.server.impl.RaftServerProxy.lambda$submitRequest$6(RaftServerProxy.java:328) ~[ratis-server-0.4.0-2337318-SNAPSHOT.jar:0.4.0-2337318-SNAPSHOT]
	at java.util.concurrent.CompletableFuture.uniComposeStage(CompletableFuture.java:981) ~[?:1.8.0_212]
	at java.util.concurrent.CompletableFuture.thenCompose(CompletableFuture.java:2124) ~[?:1.8.0_212]
	at org.apache.ratis.server.impl.RaftServerProxy.submitRequest(RaftServerProxy.java:327) ~[ratis-server-0.4.0-2337318-SNAPSHOT.jar:0.4.0-2337318-SNAPSHOT]
	at org.apache.ratis.server.impl.RaftServerProxy.submitClientRequestAsync(RaftServerProxy.java:333) ~[ratis-server-0.4.0-2337318-SNAPSHOT.jar:0.4.0-2337318-SNAPSHOT]
	at org.apache.ratis.grpc.client.GrpcClientProtocolService$RequestStreamObserver.processClientRequest(GrpcClientProtocolService.java:220) ~[ratis-grpc-0.4.0-2337318-SNAPSHOT.jar:0.4.0-2337318-SNAPSHOT]
	at org.apache.ratis.grpc.client.GrpcClientProtocolService$OrderedRequestStreamObserver.processClientRequest(GrpcClientProtocolService.java:326) ~[ratis-grpc-0.4.0-2337318-SNAPSHOT.jar:0.4.0-2337318-SNAPSHOT]
	at org.apache.ratis.util.SlidingWindow$Server.processRequestsFromHead(SlidingWindow.java:429) [ratis-common-0.4.0-2337318-SNAPSHOT.jar:0.4.0-2337318-SNAPSHOT]
	at org.apache.ratis.util.SlidingWindow$Server.receivedRequest(SlidingWindow.java:421) [ratis-common-0.4.0-2337318-SNAPSHOT.jar:0.4.0-2337318-SNAPSHOT]
	at org.apache.ratis.grpc.client.GrpcClientProtocolService$OrderedRequestStreamObserver.processClientRequest(GrpcClientProtocolService.java:345) [ratis-grpc-0.4.0-2337318-SNAPSHOT.jar:0.4.0-2337318-SNAPSHOT]
	at org.apache.ratis.grpc.client.GrpcClientProtocolService$RequestStreamObserver.onNext(GrpcClientProtocolService.java:240) [ratis-grpc-0.4.0-2337318-SNAPSHOT.jar:0.4.0-2337318-SNAPSHOT]
	at org.apache.ratis.grpc.client.GrpcClientProtocolService$RequestStreamObserver.onNext(GrpcClientProtocolService.java:168) [ratis-grpc-0.4.0-2337318-SNAPSHOT.jar:0.4.0-2337318-SNAPSHOT]
	at org.apache.ratis.thirdparty.io.grpc.stub.ServerCalls$StreamingServerCallHandler$StreamingServerCallListener.onMessage(ServerCalls.java:248) [ratis-thirdparty-misc-0.2.0.jar:0.2.0]
	at org.apache.ratis.thirdparty.io.grpc.internal.ServerCallImpl$ServerStreamListenerImpl.messagesAvailable(ServerCallImpl.java:263) [ratis-thirdparty-misc-0.2.0.jar:0.2.0]
	at org.apache.ratis.thirdparty.io.grpc.internal.ServerImpl$JumpToApplicationThreadServerStreamListener$1MessagesAvailable.runInContext(ServerImpl.java:686) [ratis-thirdparty-misc-0.2.0.jar:0.2.0]
	at org.apache.ratis.thirdparty.io.grpc.internal.ContextRunnable.run(ContextRunnable.java:37) [ratis-thirdparty-misc-0.2.0.jar:0.2.0]
	at org.apache.ratis.thirdparty.io.grpc.internal.SerializingExecutor.run(SerializingExecutor.java:123) [ratis-thirdparty-misc-0.2.0.jar:0.2.0]
	at java.util.concurrent.ThreadPoolExecutor.runWorker(ThreadPoolExecutor.java:1149) [?:1.8.0_212]
	at java.util.concurrent.ThreadPoolExecutor$Worker.run(ThreadPoolExecutor.java:624) [?:1.8.0_212]
	at java.lang.Thread.run(Thread.java:748) [?:1.8.0_212]
2019-07-30 20:33:13,977 INFO  client.GrpcClientProtocolClient (GrpcClientProtocolClient.java:onNext(255)) - client-828A747E618D->15d63d55-5425-4f9e-924f-bb6d86c8b3d1: receive RaftClientReply:client-828A747E618D->15d63d55-5425-4f9e-924f-bb6d86c8b3d1@group-F1F77D76513E, cid=23, FAILED org.apache.ratis.protocol.StateMachineException: org.apache.hadoop.hdds.scm.container.common.helpers.ContainerNotOpenException from Server 15d63d55-5425-4f9e-924f-bb6d86c8b3d1: Container 1 in CLOSED state, logIndex=0, commits[15d63d55-5425-4f9e-924f-bb6d86c8b3d1:c18, 149a6df2-8f84-4eb8-9c42-b18db607508c:c16, 0bec79a0-044c-4152-be2c-6518dfa6fb11:c18]
20:33:13.977 [grpc-default-executor-2] ERROR DNAudit - user=null | ip=null | op=WRITE_CHUNK {blockData=conID: 1 locID: 102532302678327297 bcsId: 14} | ret=FAILURE
org.apache.hadoop.hdds.scm.container.common.helpers.ContainerNotOpenException: Container 1 in CLOSED state
	at org.apache.hadoop.ozone.container.common.impl.HddsDispatcher.validateContainerCommand(HddsDispatcher.java:408) ~[hadoop-hdds-container-service-0.4.1-SNAPSHOT.jar:?]
	at org.apache.hadoop.ozone.container.common.transport.server.ratis.ContainerStateMachine.startTransaction(ContainerStateMachine.java:288) ~[hadoop-hdds-container-service-0.4.1-SNAPSHOT.jar:?]
	at org.apache.ratis.server.impl.RaftServerImpl.submitClientRequestAsync(RaftServerImpl.java:566) ~[ratis-server-0.4.0-2337318-SNAPSHOT.jar:0.4.0-2337318-SNAPSHOT]
	at org.apache.ratis.server.impl.RaftServerProxy.lambda$submitClientRequestAsync$7(RaftServerProxy.java:333) ~[ratis-server-0.4.0-2337318-SNAPSHOT.jar:0.4.0-2337318-SNAPSHOT]
	at org.apache.ratis.server.impl.RaftServerProxy.lambda$null$5(RaftServerProxy.java:328) ~[ratis-server-0.4.0-2337318-SNAPSHOT.jar:0.4.0-2337318-SNAPSHOT]
	at org.apache.ratis.util.JavaUtils.callAsUnchecked(JavaUtils.java:109) ~[ratis-common-0.4.0-2337318-SNAPSHOT.jar:0.4.0-2337318-SNAPSHOT]
	at org.apache.ratis.server.impl.RaftServerProxy.lambda$submitRequest$6(RaftServerProxy.java:328) ~[ratis-server-0.4.0-2337318-SNAPSHOT.jar:0.4.0-2337318-SNAPSHOT]
	at java.util.concurrent.CompletableFuture.uniComposeStage(CompletableFuture.java:981) ~[?:1.8.0_212]
	at java.util.concurrent.CompletableFuture.thenCompose(CompletableFuture.java:2124) ~[?:1.8.0_212]
	at org.apache.ratis.server.impl.RaftServerProxy.submitRequest(RaftServerProxy.java:327) ~[ratis-server-0.4.0-2337318-SNAPSHOT.jar:0.4.0-2337318-SNAPSHOT]
	at org.apache.ratis.server.impl.RaftServerProxy.submitClientRequestAsync(RaftServerProxy.java:333) ~[ratis-server-0.4.0-2337318-SNAPSHOT.jar:0.4.0-2337318-SNAPSHOT]
	at org.apache.ratis.grpc.client.GrpcClientProtocolService$RequestStreamObserver.processClientRequest(GrpcClientProtocolService.java:220) ~[ratis-grpc-0.4.0-2337318-SNAPSHOT.jar:0.4.0-2337318-SNAPSHOT]
	at org.apache.ratis.grpc.client.GrpcClientProtocolService$OrderedRequestStreamObserver.processClientRequest(GrpcClientProtocolService.java:326) ~[ratis-grpc-0.4.0-2337318-SNAPSHOT.jar:0.4.0-2337318-SNAPSHOT]
	at org.apache.ratis.util.SlidingWindow$Server.processRequestsFromHead(SlidingWindow.java:429) [ratis-common-0.4.0-2337318-SNAPSHOT.jar:0.4.0-2337318-SNAPSHOT]
	at org.apache.ratis.util.SlidingWindow$Server.receivedRequest(SlidingWindow.java:421) [ratis-common-0.4.0-2337318-SNAPSHOT.jar:0.4.0-2337318-SNAPSHOT]
	at org.apache.ratis.grpc.client.GrpcClientProtocolService$OrderedRequestStreamObserver.processClientRequest(GrpcClientProtocolService.java:345) [ratis-grpc-0.4.0-2337318-SNAPSHOT.jar:0.4.0-2337318-SNAPSHOT]
	at org.apache.ratis.grpc.client.GrpcClientProtocolService$RequestStreamObserver.onNext(GrpcClientProtocolService.java:240) [ratis-grpc-0.4.0-2337318-SNAPSHOT.jar:0.4.0-2337318-SNAPSHOT]
	at org.apache.ratis.grpc.client.GrpcClientProtocolService$RequestStreamObserver.onNext(GrpcClientProtocolService.java:168) [ratis-grpc-0.4.0-2337318-SNAPSHOT.jar:0.4.0-2337318-SNAPSHOT]
	at org.apache.ratis.thirdparty.io.grpc.stub.ServerCalls$StreamingServerCallHandler$StreamingServerCallListener.onMessage(ServerCalls.java:248) [ratis-thirdparty-misc-0.2.0.jar:0.2.0]
	at org.apache.ratis.thirdparty.io.grpc.internal.ServerCallImpl$ServerStreamListenerImpl.messagesAvailable(ServerCallImpl.java:263) [ratis-thirdparty-misc-0.2.0.jar:0.2.0]
	at org.apache.ratis.thirdparty.io.grpc.internal.ServerImpl$JumpToApplicationThreadServerStreamListener$1MessagesAvailable.runInContext(ServerImpl.java:686) [ratis-thirdparty-misc-0.2.0.jar:0.2.0]
	at org.apache.ratis.thirdparty.io.grpc.internal.ContextRunnable.run(ContextRunnable.java:37) [ratis-thirdparty-misc-0.2.0.jar:0.2.0]
	at org.apache.ratis.thirdparty.io.grpc.internal.SerializingExecutor.run(SerializingExecutor.java:123) [ratis-thirdparty-misc-0.2.0.jar:0.2.0]
	at java.util.concurrent.ThreadPoolExecutor.runWorker(ThreadPoolExecutor.java:1149) [?:1.8.0_212]
	at java.util.concurrent.ThreadPoolExecutor$Worker.run(ThreadPoolExecutor.java:624) [?:1.8.0_212]
	at java.lang.Thread.run(Thread.java:748) [?:1.8.0_212]
2019-07-30 20:33:13,982 INFO  client.GrpcClientProtocolClient (GrpcClientProtocolClient.java:onNext(255)) - client-828A747E618D->15d63d55-5425-4f9e-924f-bb6d86c8b3d1: receive RaftClientReply:client-828A747E618D->15d63d55-5425-4f9e-924f-bb6d86c8b3d1@group-F1F77D76513E, cid=24, FAILED org.apache.ratis.protocol.StateMachineException: org.apache.hadoop.hdds.scm.container.common.helpers.ContainerNotOpenException from Server 15d63d55-5425-4f9e-924f-bb6d86c8b3d1: Container 1 in CLOSED state, logIndex=0, commits[15d63d55-5425-4f9e-924f-bb6d86c8b3d1:c18, 149a6df2-8f84-4eb8-9c42-b18db607508c:c16, 0bec79a0-044c-4152-be2c-6518dfa6fb11:c18]
20:33:13.984 [grpc-default-executor-2] ERROR DNAudit - user=null | ip=null | op=PUT_BLOCK {blockData=[blockId=conID: 1 locID: 102532302678327297 bcsId: 0,size=800]} | ret=FAILURE
org.apache.hadoop.hdds.scm.container.common.helpers.ContainerNotOpenException: Container 1 in CLOSED state
	at org.apache.hadoop.ozone.container.common.impl.HddsDispatcher.validateContainerCommand(HddsDispatcher.java:408) ~[hadoop-hdds-container-service-0.4.1-SNAPSHOT.jar:?]
	at org.apache.hadoop.ozone.container.common.transport.server.ratis.ContainerStateMachine.startTransaction(ContainerStateMachine.java:288) ~[hadoop-hdds-container-service-0.4.1-SNAPSHOT.jar:?]
	at org.apache.ratis.server.impl.RaftServerImpl.submitClientRequestAsync(RaftServerImpl.java:566) ~[ratis-server-0.4.0-2337318-SNAPSHOT.jar:0.4.0-2337318-SNAPSHOT]
	at org.apache.ratis.server.impl.RaftServerProxy.lambda$submitClientRequestAsync$7(RaftServerProxy.java:333) ~[ratis-server-0.4.0-2337318-SNAPSHOT.jar:0.4.0-2337318-SNAPSHOT]
	at org.apache.ratis.server.impl.RaftServerProxy.lambda$null$5(RaftServerProxy.java:328) ~[ratis-server-0.4.0-2337318-SNAPSHOT.jar:0.4.0-2337318-SNAPSHOT]
	at org.apache.ratis.util.JavaUtils.callAsUnchecked(JavaUtils.java:109) ~[ratis-common-0.4.0-2337318-SNAPSHOT.jar:0.4.0-2337318-SNAPSHOT]
	at org.apache.ratis.server.impl.RaftServerProxy.lambda$submitRequest$6(RaftServerProxy.java:328) ~[ratis-server-0.4.0-2337318-SNAPSHOT.jar:0.4.0-2337318-SNAPSHOT]
	at java.util.concurrent.CompletableFuture.uniComposeStage(CompletableFuture.java:981) ~[?:1.8.0_212]
	at java.util.concurrent.CompletableFuture.thenCompose(CompletableFuture.java:2124) ~[?:1.8.0_212]
	at org.apache.ratis.server.impl.RaftServerProxy.submitRequest(RaftServerProxy.java:327) ~[ratis-server-0.4.0-2337318-SNAPSHOT.jar:0.4.0-2337318-SNAPSHOT]
	at org.apache.ratis.server.impl.RaftServerProxy.submitClientRequestAsync(RaftServerProxy.java:333) ~[ratis-server-0.4.0-2337318-SNAPSHOT.jar:0.4.0-2337318-SNAPSHOT]
	at org.apache.ratis.grpc.client.GrpcClientProtocolService$RequestStreamObserver.processClientRequest(GrpcClientProtocolService.java:220) ~[ratis-grpc-0.4.0-2337318-SNAPSHOT.jar:0.4.0-2337318-SNAPSHOT]
	at org.apache.ratis.grpc.client.GrpcClientProtocolService$OrderedRequestStreamObserver.processClientRequest(GrpcClientProtocolService.java:326) ~[ratis-grpc-0.4.0-2337318-SNAPSHOT.jar:0.4.0-2337318-SNAPSHOT]
	at org.apache.ratis.util.SlidingWindow$Server.processRequestsFromHead(SlidingWindow.java:429) [ratis-common-0.4.0-2337318-SNAPSHOT.jar:0.4.0-2337318-SNAPSHOT]
	at org.apache.ratis.util.SlidingWindow$Server.receivedRequest(SlidingWindow.java:421) [ratis-common-0.4.0-2337318-SNAPSHOT.jar:0.4.0-2337318-SNAPSHOT]
	at org.apache.ratis.grpc.client.GrpcClientProtocolService$OrderedRequestStreamObserver.processClientRequest(GrpcClientProtocolService.java:345) [ratis-grpc-0.4.0-2337318-SNAPSHOT.jar:0.4.0-2337318-SNAPSHOT]
	at org.apache.ratis.grpc.client.GrpcClientProtocolService$RequestStreamObserver.onNext(GrpcClientProtocolService.java:240) [ratis-grpc-0.4.0-2337318-SNAPSHOT.jar:0.4.0-2337318-SNAPSHOT]
	at org.apache.ratis.grpc.client.GrpcClientProtocolService$RequestStreamObserver.onNext(GrpcClientProtocolService.java:168) [ratis-grpc-0.4.0-2337318-SNAPSHOT.jar:0.4.0-2337318-SNAPSHOT]
	at org.apache.ratis.thirdparty.io.grpc.stub.ServerCalls$StreamingServerCallHandler$StreamingServerCallListener.onMessage(ServerCalls.java:248) [ratis-thirdparty-misc-0.2.0.jar:0.2.0]
	at org.apache.ratis.thirdparty.io.grpc.internal.ServerCallImpl$ServerStreamListenerImpl.messagesAvailable(ServerCallImpl.java:263) [ratis-thirdparty-misc-0.2.0.jar:0.2.0]
	at org.apache.ratis.thirdparty.io.grpc.internal.ServerImpl$JumpToApplicationThreadServerStreamListener$1MessagesAvailable.runInContext(ServerImpl.java:686) [ratis-thirdparty-misc-0.2.0.jar:0.2.0]
	at org.apache.ratis.thirdparty.io.grpc.internal.ContextRunnable.run(ContextRunnable.java:37) [ratis-thirdparty-misc-0.2.0.jar:0.2.0]
	at org.apache.ratis.thirdparty.io.grpc.internal.SerializingExecutor.run(SerializingExecutor.java:123) [ratis-thirdparty-misc-0.2.0.jar:0.2.0]
	at java.util.concurrent.ThreadPoolExecutor.runWorker(ThreadPoolExecutor.java:1149) [?:1.8.0_212]
	at java.util.concurrent.ThreadPoolExecutor$Worker.run(ThreadPoolExecutor.java:624) [?:1.8.0_212]
	at java.lang.Thread.run(Thread.java:748) [?:1.8.0_212]
2019-07-30 20:33:13,988 INFO  client.GrpcClientProtocolClient (GrpcClientProtocolClient.java:onNext(255)) - client-828A747E618D->15d63d55-5425-4f9e-924f-bb6d86c8b3d1: receive RaftClientReply:client-828A747E618D->15d63d55-5425-4f9e-924f-bb6d86c8b3d1@group-F1F77D76513E, cid=25, FAILED org.apache.ratis.protocol.StateMachineException: org.apache.hadoop.hdds.scm.container.common.helpers.ContainerNotOpenException from Server 15d63d55-5425-4f9e-924f-bb6d86c8b3d1: Container 1 in CLOSED state, logIndex=0, commits[15d63d55-5425-4f9e-924f-bb6d86c8b3d1:c18, 149a6df2-8f84-4eb8-9c42-b18db607508c:c16, 0bec79a0-044c-4152-be2c-6518dfa6fb11:c18]
2019-07-30 20:33:13,991 INFO  client.GrpcClientProtocolClient (GrpcClientProtocolClient.java:onNext(255)) - client-828A747E618D->15d63d55-5425-4f9e-924f-bb6d86c8b3d1: receive RaftClientReply:client-828A747E618D->15d63d55-5425-4f9e-924f-bb6d86c8b3d1@group-F1F77D76513E, cid=26, FAILED org.apache.ratis.protocol.StateMachineException: org.apache.hadoop.hdds.scm.container.common.helpers.ContainerNotOpenException from Server 15d63d55-5425-4f9e-924f-bb6d86c8b3d1: Container 1 in CLOSED state, logIndex=0, commits[15d63d55-5425-4f9e-924f-bb6d86c8b3d1:c18, 149a6df2-8f84-4eb8-9c42-b18db607508c:c16, 0bec79a0-044c-4152-be2c-6518dfa6fb11:c18]
2019-07-30 20:33:13,993 INFO  client.GrpcClientProtocolClient (GrpcClientProtocolClient.java:onNext(255)) - client-828A747E618D->15d63d55-5425-4f9e-924f-bb6d86c8b3d1: receive RaftClientReply:client-828A747E618D->15d63d55-5425-4f9e-924f-bb6d86c8b3d1@group-F1F77D76513E, cid=27, FAILED org.apache.ratis.protocol.StateMachineException: org.apache.hadoop.hdds.scm.container.common.helpers.ContainerNotOpenException from Server 15d63d55-5425-4f9e-924f-bb6d86c8b3d1: Container 1 in CLOSED state, logIndex=0, commits[15d63d55-5425-4f9e-924f-bb6d86c8b3d1:c18, 149a6df2-8f84-4eb8-9c42-b18db607508c:c16, 0bec79a0-044c-4152-be2c-6518dfa6fb11:c18]
2019-07-30 20:33:14,036 INFO  client.GrpcClientProtocolClient (GrpcClientProtocolClient.java:onNext(255)) - client-017BEB047517->608044c8-53fb-4b7c-951c-cbbda4d80253: receive RaftClientReply:client-017BEB047517->608044c8-53fb-4b7c-951c-cbbda4d80253@group-8548D6BABC97, cid=28, FAILED org.apache.ratis.protocol.NotLeaderException: Server 608044c8-53fb-4b7c-951c-cbbda4d80253 is not the leader (cbfce143-889c-4770-a501-1d8ca18dcfe4:192.168.69.110:44808). Request must be sent to leader., logIndex=0, commits[608044c8-53fb-4b7c-951c-cbbda4d80253:c0, cbfce143-889c-4770-a501-1d8ca18dcfe4:c0, 76464ee5-672b-45f0-89da-4be886f178dd:c0]
2019-07-30 20:33:14,186 INFO  client.GrpcClientProtocolClient (GrpcClientProtocolClient.java:onNext(255)) - client-017BEB047517->cbfce143-889c-4770-a501-1d8ca18dcfe4: receive RaftClientReply:client-017BEB047517->cbfce143-889c-4770-a501-1d8ca18dcfe4@group-8548D6BABC97, cid=28, SUCCESS, logIndex=1, commits[cbfce143-889c-4770-a501-1d8ca18dcfe4:c1, 76464ee5-672b-45f0-89da-4be886f178dd:c0, 608044c8-53fb-4b7c-951c-cbbda4d80253:c0]
2019-07-30 20:33:14,213 INFO  client.GrpcClientProtocolClient (GrpcClientProtocolClient.java:onNext(255)) - client-017BEB047517->cbfce143-889c-4770-a501-1d8ca18dcfe4: receive RaftClientReply:client-017BEB047517->cbfce143-889c-4770-a501-1d8ca18dcfe4@group-8548D6BABC97, cid=29, SUCCESS, logIndex=3, commits[cbfce143-889c-4770-a501-1d8ca18dcfe4:c4, 76464ee5-672b-45f0-89da-4be886f178dd:c2, 608044c8-53fb-4b7c-951c-cbbda4d80253:c2]
2019-07-30 20:33:14,264 INFO  client.GrpcClientProtocolClient (GrpcClientProtocolClient.java:onNext(255)) - client-017BEB047517->cbfce143-889c-4770-a501-1d8ca18dcfe4: receive RaftClientReply:client-017BEB047517->cbfce143-889c-4770-a501-1d8ca18dcfe4@group-8548D6BABC97, cid=30, SUCCESS, logIndex=4, commits[cbfce143-889c-4770-a501-1d8ca18dcfe4:c12, 76464ee5-672b-45f0-89da-4be886f178dd:c7, 608044c8-53fb-4b7c-951c-cbbda4d80253:c7]
2019-07-30 20:33:14,264 INFO  client.GrpcClientProtocolClient (GrpcClientProtocolClient.java:onNext(255)) - client-017BEB047517->cbfce143-889c-4770-a501-1d8ca18dcfe4: receive RaftClientReply:client-017BEB047517->cbfce143-889c-4770-a501-1d8ca18dcfe4@group-8548D6BABC97, cid=31, SUCCESS, logIndex=5, commits[cbfce143-889c-4770-a501-1d8ca18dcfe4:c12, 76464ee5-672b-45f0-89da-4be886f178dd:c7, 608044c8-53fb-4b7c-951c-cbbda4d80253:c7]
2019-07-30 20:33:14,267 INFO  client.GrpcClientProtocolClient (GrpcClientProtocolClient.java:onNext(255)) - client-017BEB047517->cbfce143-889c-4770-a501-1d8ca18dcfe4: receive RaftClientReply:client-017BEB047517->cbfce143-889c-4770-a501-1d8ca18dcfe4@group-8548D6BABC97, cid=32, SUCCESS, logIndex=6, commits[cbfce143-889c-4770-a501-1d8ca18dcfe4:c12, 76464ee5-672b-45f0-89da-4be886f178dd:c7, 608044c8-53fb-4b7c-951c-cbbda4d80253:c7]
2019-07-30 20:33:14,342 INFO  client.GrpcClientProtocolClient (GrpcClientProtocolClient.java:onNext(255)) - client-017BEB047517->cbfce143-889c-4770-a501-1d8ca18dcfe4: receive RaftClientReply:client-017BEB047517->cbfce143-889c-4770-a501-1d8ca18dcfe4@group-8548D6BABC97, cid=33, SUCCESS, logIndex=7, commits[cbfce143-889c-4770-a501-1d8ca18dcfe4:c12, 76464ee5-672b-45f0-89da-4be886f178dd:c7, 608044c8-53fb-4b7c-951c-cbbda4d80253:c7]
2019-07-30 20:33:14,355 INFO  client.GrpcClientProtocolClient (GrpcClientProtocolClient.java:onNext(255)) - client-017BEB047517->cbfce143-889c-4770-a501-1d8ca18dcfe4: receive RaftClientReply:client-017BEB047517->cbfce143-889c-4770-a501-1d8ca18dcfe4@group-8548D6BABC97, cid=34, SUCCESS, logIndex=13, commits[cbfce143-889c-4770-a501-1d8ca18dcfe4:c13, 76464ee5-672b-45f0-89da-4be886f178dd:c12, 608044c8-53fb-4b7c-951c-cbbda4d80253:c12]
2019-07-30 20:33:14,356 INFO  client.GrpcClientProtocolClient (GrpcClientProtocolClient.java:onNext(255)) - client-017BEB047517->cbfce143-889c-4770-a501-1d8ca18dcfe4: receive RaftClientReply:client-017BEB047517->cbfce143-889c-4770-a501-1d8ca18dcfe4@group-8548D6BABC97, cid=35, SUCCESS, logIndex=14, commits[cbfce143-889c-4770-a501-1d8ca18dcfe4:c14, 76464ee5-672b-45f0-89da-4be886f178dd:c12, 608044c8-53fb-4b7c-951c-cbbda4d80253:c12]
2019-07-30 20:33:14,362 INFO  client.GrpcClientProtocolClient (GrpcClientProtocolClient.java:onNext(255)) - client-017BEB047517->cbfce143-889c-4770-a501-1d8ca18dcfe4: receive RaftClientReply:client-017BEB047517->cbfce143-889c-4770-a501-1d8ca18dcfe4@group-8548D6BABC97, cid=36, SUCCESS, logIndex=0, commits[cbfce143-889c-4770-a501-1d8ca18dcfe4:c16, 76464ee5-672b-45f0-89da-4be886f178dd:c14, 608044c8-53fb-4b7c-951c-cbbda4d80253:c14]
2019-07-30 20:33:14,364 INFO  ozone.MiniOzoneClusterImpl (MiniOzoneClusterImpl.java:shutdown(321)) - Shutting down the Mini Ozone Cluster
2019-07-30 20:33:14,364 INFO  ozone.MiniOzoneClusterImpl (MiniOzoneClusterImpl.java:stop(336)) - Stopping the Mini Ozone Cluster
2019-07-30 20:33:14,364 INFO  ozone.MiniOzoneClusterImpl (MiniOzoneClusterImpl.java:stop(338)) - Stopping the OzoneManager
2019-07-30 20:33:14,365 INFO  ipc.Server (Server.java:stop(3082)) - Stopping server on 35236
2019-07-30 20:33:14,366 INFO  ipc.Server (Server.java:run(1185)) - Stopping IPC Server listener on 35236
2019-07-30 20:33:14,366 INFO  utils.BackgroundService (BackgroundService.java:shutdown(148)) - Shutting down service KeyDeletingService
2019-07-30 20:33:14,367 INFO  ipc.Server (Server.java:run(1319)) - Stopping IPC Server Responder
2019-07-30 20:33:14,369 INFO  handler.ContextHandler (ContextHandler.java:doStop(910)) - Stopped o.e.j.w.WebAppContext@2b9b7f1f{/,null,UNAVAILABLE}{/ozoneManager}
2019-07-30 20:33:14,370 INFO  server.AbstractConnector (AbstractConnector.java:doStop(318)) - Stopped ServerConnector@264c5d07{HTTP/1.1,[http/1.1]}{0.0.0.0:0}
2019-07-30 20:33:14,371 INFO  handler.ContextHandler (ContextHandler.java:doStop(910)) - Stopped o.e.j.s.ServletContextHandler@a567e72{/static,file:///workdir/hadoop-ozone/integration-test/target/test-classes/webapps/static,UNAVAILABLE}
2019-07-30 20:33:14,372 INFO  handler.ContextHandler (ContextHandler.java:doStop(910)) - Stopped o.e.j.s.ServletContextHandler@47c64cfe{/logs,file:///workdir/hadoop-ozone/integration-test/target/log,UNAVAILABLE}
2019-07-30 20:33:14,377 INFO  ozone.MiniOzoneClusterImpl (MiniOzoneClusterImpl.java:stop(344)) - Shutting the HddsDatanodes
2019-07-30 20:33:14,378 INFO  datanode.ObjectStoreHandler (ObjectStoreHandler.java:close(155)) - Closing ObjectStoreHandler.
2019-07-30 20:33:14,378 INFO  datanode.ObjectStoreHandler (ObjectStoreHandler.java:close(155)) - Closing ObjectStoreHandler.
2019-07-30 20:33:14,380 INFO  ozone.HddsDatanodeService (HddsDatanodeService.java:stop(451)) - Stopped plug-in org.apache.hadoop.ozone.web.OzoneHddsDatanodeService@7364f68
2019-07-30 20:33:14,381 INFO  ozone.HddsDatanodeService (HddsDatanodeService.java:stop(451)) - Stopped plug-in org.apache.hadoop.ozone.web.OzoneHddsDatanodeService@4702e7a5
2019-07-30 20:33:15,134 WARN  server.GrpcLogAppender (LogUtils.java:warn(134)) - 15d63d55-5425-4f9e-924f-bb6d86c8b3d1->0bec79a0-044c-4152-be2c-6518dfa6fb11: Failed appendEntries: org.apache.ratis.thirdparty.io.grpc.StatusRuntimeException: UNAVAILABLE: io exception
2019-07-30 20:33:15,134 WARN  server.GrpcLogAppender (LogUtils.java:warn(134)) - 15d63d55-5425-4f9e-924f-bb6d86c8b3d1->149a6df2-8f84-4eb8-9c42-b18db607508c: Failed appendEntries: org.apache.ratis.thirdparty.io.grpc.StatusRuntimeException: UNAVAILABLE: io exception
2019-07-30 20:33:15,136 INFO  impl.FollowerInfo (FollowerInfo.java:lambda$new$0(50)) - 15d63d55-5425-4f9e-924f-bb6d86c8b3d1->0bec79a0-044c-4152-be2c-6518dfa6fb11: nextIndex: updateUnconditionally 18 -> 17
2019-07-30 20:33:15,138 INFO  impl.FollowerInfo (FollowerInfo.java:lambda$new$0(50)) - 15d63d55-5425-4f9e-924f-bb6d86c8b3d1->149a6df2-8f84-4eb8-9c42-b18db607508c: nextIndex: updateUnconditionally 15 -> 14
2019-07-30 20:33:15,157 INFO  statemachine.DatanodeStateMachine (DatanodeStateMachine.java:lambda$startDaemon$0(350)) - Ozone container server started.
2019-07-30 20:33:15,157 INFO  statemachine.DatanodeStateMachine (DatanodeStateMachine.java:lambda$startDaemon$0(350)) - Ozone container server started.
2019-07-30 20:33:17,636 WARN  server.GrpcLogAppender (LogUtils.java:warn(134)) - 15d63d55-5425-4f9e-924f-bb6d86c8b3d1->149a6df2-8f84-4eb8-9c42-b18db607508c: Failed appendEntries: org.apache.ratis.thirdparty.io.grpc.StatusRuntimeException: UNAVAILABLE: io exception
2019-07-30 20:33:17,638 WARN  server.GrpcLogAppender (LogUtils.java:warn(134)) - 15d63d55-5425-4f9e-924f-bb6d86c8b3d1->0bec79a0-044c-4152-be2c-6518dfa6fb11: Failed appendEntries: org.apache.ratis.thirdparty.io.grpc.StatusRuntimeException: UNAVAILABLE: io exception
2019-07-30 20:33:17,638 INFO  impl.FollowerInfo (FollowerInfo.java:lambda$new$0(50)) - 15d63d55-5425-4f9e-924f-bb6d86c8b3d1->149a6df2-8f84-4eb8-9c42-b18db607508c: nextIndex: updateUnconditionally 14 -> 13
2019-07-30 20:33:17,640 INFO  impl.FollowerInfo (FollowerInfo.java:lambda$new$0(50)) - 15d63d55-5425-4f9e-924f-bb6d86c8b3d1->0bec79a0-044c-4152-be2c-6518dfa6fb11: nextIndex: updateUnconditionally 17 -> 16
2019-07-30 20:33:19,179 INFO  node.StaleNodeHandler (StaleNodeHandler.java:onMessage(58)) - Datanode 608044c8-53fb-4b7c-951c-cbbda4d80253{ip: 192.168.69.110, host: byscane-nightly-zbvcj-1516659162, networkLocation: /default-rack, certSerialId: null} moved to stale state. Finalizing its pipelines [PipelineID=ed460e14-ac9e-4e5b-96ec-e5b063213580, PipelineID=1ad9ddee-0f77-4fe4-b06c-8548d6babc97]
2019-07-30 20:33:19,179 INFO  pipeline.SCMPipelineManager (SCMPipelineManager.java:finalizeAndDestroyPipeline(309)) - destroying pipeline:Pipeline[ Id: ed460e14-ac9e-4e5b-96ec-e5b063213580, Nodes: 608044c8-53fb-4b7c-951c-cbbda4d80253{ip: 192.168.69.110, host: byscane-nightly-zbvcj-1516659162, networkLocation: /default-rack, certSerialId: null}, Type:RATIS, Factor:ONE, State:OPEN]
2019-07-30 20:33:19,180 INFO  pipeline.PipelineStateManager (PipelineStateManager.java:finalizePipeline(123)) - Pipeline Pipeline[ Id: ed460e14-ac9e-4e5b-96ec-e5b063213580, Nodes: 608044c8-53fb-4b7c-951c-cbbda4d80253{ip: 192.168.69.110, host: byscane-nightly-zbvcj-1516659162, networkLocation: /default-rack, certSerialId: null}, Type:RATIS, Factor:ONE, State:CLOSED] moved to CLOSED state
2019-07-30 20:33:19,180 INFO  pipeline.SCMPipelineManager (SCMPipelineManager.java:finalizeAndDestroyPipeline(309)) - destroying pipeline:Pipeline[ Id: 1ad9ddee-0f77-4fe4-b06c-8548d6babc97, Nodes: 608044c8-53fb-4b7c-951c-cbbda4d80253{ip: 192.168.69.110, host: byscane-nightly-zbvcj-1516659162, networkLocation: /default-rack, certSerialId: null}76464ee5-672b-45f0-89da-4be886f178dd{ip: 192.168.69.110, host: byscane-nightly-zbvcj-1516659162, networkLocation: /default-rack, certSerialId: null}cbfce143-889c-4770-a501-1d8ca18dcfe4{ip: 192.168.69.110, host: byscane-nightly-zbvcj-1516659162, networkLocation: /default-rack, certSerialId: null}, Type:RATIS, Factor:THREE, State:OPEN]
2019-07-30 20:33:19,180 INFO  pipeline.PipelineStateManager (PipelineStateManager.java:finalizePipeline(123)) - Pipeline Pipeline[ Id: 1ad9ddee-0f77-4fe4-b06c-8548d6babc97, Nodes: 608044c8-53fb-4b7c-951c-cbbda4d80253{ip: 192.168.69.110, host: byscane-nightly-zbvcj-1516659162, networkLocation: /default-rack, certSerialId: null}76464ee5-672b-45f0-89da-4be886f178dd{ip: 192.168.69.110, host: byscane-nightly-zbvcj-1516659162, networkLocation: /default-rack, certSerialId: null}cbfce143-889c-4770-a501-1d8ca18dcfe4{ip: 192.168.69.110, host: byscane-nightly-zbvcj-1516659162, networkLocation: /default-rack, certSerialId: null}, Type:RATIS, Factor:THREE, State:CLOSED] moved to CLOSED state
2019-07-30 20:33:19,180 INFO  container.CloseContainerEventHandler (CloseContainerEventHandler.java:onMessage(61)) - Close container Event triggered for container : #2
2019-07-30 20:33:19,180 INFO  node.StaleNodeHandler (StaleNodeHandler.java:onMessage(58)) - Datanode 76464ee5-672b-45f0-89da-4be886f178dd{ip: 192.168.69.110, host: byscane-nightly-zbvcj-1516659162, networkLocation: /default-rack, certSerialId: null} moved to stale state. Finalizing its pipelines [PipelineID=eae6c070-09b1-40e3-b50b-9552a5637298, PipelineID=1ad9ddee-0f77-4fe4-b06c-8548d6babc97]
2019-07-30 20:33:19,185 INFO  pipeline.SCMPipelineManager (SCMPipelineManager.java:finalizeAndDestroyPipeline(309)) - destroying pipeline:Pipeline[ Id: eae6c070-09b1-40e3-b50b-9552a5637298, Nodes: 76464ee5-672b-45f0-89da-4be886f178dd{ip: 192.168.69.110, host: byscane-nightly-zbvcj-1516659162, networkLocation: /default-rack, certSerialId: null}, Type:RATIS, Factor:ONE, State:OPEN]
2019-07-30 20:33:19,185 INFO  pipeline.PipelineStateManager (PipelineStateManager.java:finalizePipeline(123)) - Pipeline Pipeline[ Id: eae6c070-09b1-40e3-b50b-9552a5637298, Nodes: 76464ee5-672b-45f0-89da-4be886f178dd{ip: 192.168.69.110, host: byscane-nightly-zbvcj-1516659162, networkLocation: /default-rack, certSerialId: null}, Type:RATIS, Factor:ONE, State:CLOSED] moved to CLOSED state
2019-07-30 20:33:19,185 INFO  pipeline.SCMPipelineManager (SCMPipelineManager.java:finalizeAndDestroyPipeline(309)) - destroying pipeline:Pipeline[ Id: 1ad9ddee-0f77-4fe4-b06c-8548d6babc97, Nodes: 608044c8-53fb-4b7c-951c-cbbda4d80253{ip: 192.168.69.110, host: byscane-nightly-zbvcj-1516659162, networkLocation: /default-rack, certSerialId: null}76464ee5-672b-45f0-89da-4be886f178dd{ip: 192.168.69.110, host: byscane-nightly-zbvcj-1516659162, networkLocation: /default-rack, certSerialId: null}cbfce143-889c-4770-a501-1d8ca18dcfe4{ip: 192.168.69.110, host: byscane-nightly-zbvcj-1516659162, networkLocation: /default-rack, certSerialId: null}, Type:RATIS, Factor:THREE, State:CLOSED]
2019-07-30 20:33:19,382 INFO  ozoneimpl.OzoneContainer (OzoneContainer.java:stop(199)) - Attempting to stop container services.
2019-07-30 20:33:19,382 INFO  ozoneimpl.OzoneContainer (OzoneContainer.java:stop(199)) - Attempting to stop container services.
2019-07-30 20:33:19,385 INFO  impl.RaftServerProxy (RaftServerProxy.java:lambda$close$4(314)) - 608044c8-53fb-4b7c-951c-cbbda4d80253: close
2019-07-30 20:33:19,387 INFO  impl.RaftServerProxy (RaftServerProxy.java:lambda$close$4(314)) - 76464ee5-672b-45f0-89da-4be886f178dd: close
2019-07-30 20:33:19,387 INFO  impl.RaftServerImpl (RaftServerImpl.java:lambda$shutdown$3(245)) - 608044c8-53fb-4b7c-951c-cbbda4d80253: shutdown group-E5B063213580
2019-07-30 20:33:19,388 INFO  impl.RaftServerImpl (RaftServerImpl.java:lambda$shutdown$3(245)) - 76464ee5-672b-45f0-89da-4be886f178dd: shutdown group-9552A5637298
2019-07-30 20:33:19,388 INFO  util.JmxRegister (JmxRegister.java:unregister(73)) - Successfully un-registered JMX Bean with object name Ratis:service=RaftServer,group=group-E5B063213580,id=608044c8-53fb-4b7c-951c-cbbda4d80253
2019-07-30 20:33:19,388 INFO  util.JmxRegister (JmxRegister.java:unregister(73)) - Successfully un-registered JMX Bean with object name Ratis:service=RaftServer,group=group-9552A5637298,id=76464ee5-672b-45f0-89da-4be886f178dd
2019-07-30 20:33:19,388 INFO  impl.RoleInfo (RoleInfo.java:shutdownLeaderState(104)) - 608044c8-53fb-4b7c-951c-cbbda4d80253: shutdown LeaderState
2019-07-30 20:33:19,389 INFO  impl.RoleInfo (RoleInfo.java:shutdownLeaderState(104)) - 76464ee5-672b-45f0-89da-4be886f178dd: shutdown LeaderState
2019-07-30 20:33:19,389 INFO  impl.PendingRequests (PendingRequests.java:sendNotLeaderResponses(202)) - 608044c8-53fb-4b7c-951c-cbbda4d80253-PendingRequests: sendNotLeaderResponses
2019-07-30 20:33:19,389 INFO  impl.PendingRequests (PendingRequests.java:sendNotLeaderResponses(202)) - 76464ee5-672b-45f0-89da-4be886f178dd-PendingRequests: sendNotLeaderResponses
2019-07-30 20:33:19,391 INFO  impl.StateMachineUpdater (StateMachineUpdater.java:stopAndJoin(115)) - StateMachineUpdater:608044c8-53fb-4b7c-951c-cbbda4d80253:group-E5B063213580: set stopIndex = 0
2019-07-30 20:33:19,395 INFO  impl.RaftServerImpl (ServerState.java:close(394)) - 608044c8-53fb-4b7c-951c-cbbda4d80253:group-E5B063213580 closes. The last applied log index is 0
2019-07-30 20:33:19,393 INFO  impl.StateMachineUpdater (StateMachineUpdater.java:stopAndJoin(115)) - StateMachineUpdater:76464ee5-672b-45f0-89da-4be886f178dd:group-9552A5637298: set stopIndex = 0
2019-07-30 20:33:19,395 INFO  segmented.SegmentedRaftLogWorker (SegmentedRaftLogWorker.java:run(313)) - 608044c8-53fb-4b7c-951c-cbbda4d80253-SegmentedRaftLogWorker:Storage Directory /workdir/hadoop-ozone/integration-test/target/test-dir/MiniOzoneClusterImpl-7cb939c6-7192-4bf7-ab14-e1f6020d1bf6/datanode-4/data/ratis/ed460e14-ac9e-4e5b-96ec-e5b063213580 was interrupted, exiting. There are 0 tasks remaining in the queue.
2019-07-30 20:33:19,396 INFO  impl.RaftServerImpl (ServerState.java:close(394)) - 76464ee5-672b-45f0-89da-4be886f178dd:group-9552A5637298 closes. The last applied log index is 0
2019-07-30 20:33:19,398 INFO  segmented.SegmentedRaftLogWorker (SegmentedRaftLogWorker.java:run(313)) - 76464ee5-672b-45f0-89da-4be886f178dd-SegmentedRaftLogWorker:Storage Directory /workdir/hadoop-ozone/integration-test/target/test-dir/MiniOzoneClusterImpl-7cb939c6-7192-4bf7-ab14-e1f6020d1bf6/datanode-2/data/ratis/eae6c070-09b1-40e3-b50b-9552a5637298 was interrupted, exiting. There are 0 tasks remaining in the queue.
2019-07-30 20:33:19,425 INFO  segmented.SegmentedRaftLogWorker (SegmentedRaftLogWorker.java:close(228)) - 76464ee5-672b-45f0-89da-4be886f178dd-SegmentedRaftLogWorker:Storage Directory /workdir/hadoop-ozone/integration-test/target/test-dir/MiniOzoneClusterImpl-7cb939c6-7192-4bf7-ab14-e1f6020d1bf6/datanode-2/data/ratis/eae6c070-09b1-40e3-b50b-9552a5637298 close()
2019-07-30 20:33:19,425 INFO  segmented.SegmentedRaftLogWorker (SegmentedRaftLogWorker.java:close(228)) - 608044c8-53fb-4b7c-951c-cbbda4d80253-SegmentedRaftLogWorker:Storage Directory /workdir/hadoop-ozone/integration-test/target/test-dir/MiniOzoneClusterImpl-7cb939c6-7192-4bf7-ab14-e1f6020d1bf6/datanode-4/data/ratis/ed460e14-ac9e-4e5b-96ec-e5b063213580 close()
2019-07-30 20:33:19,428 INFO  impl.RaftServerImpl (RaftServerImpl.java:lambda$shutdown$3(245)) - 76464ee5-672b-45f0-89da-4be886f178dd: shutdown group-8548D6BABC97
2019-07-30 20:33:19,431 INFO  impl.RaftServerImpl (RaftServerImpl.java:lambda$shutdown$3(245)) - 608044c8-53fb-4b7c-951c-cbbda4d80253: shutdown group-8548D6BABC97
2019-07-30 20:33:19,432 INFO  util.JmxRegister (JmxRegister.java:unregister(73)) - Successfully un-registered JMX Bean with object name Ratis:service=RaftServer,group=group-8548D6BABC97,id=76464ee5-672b-45f0-89da-4be886f178dd
2019-07-30 20:33:19,432 INFO  util.JmxRegister (JmxRegister.java:unregister(73)) - Successfully un-registered JMX Bean with object name Ratis:service=RaftServer,group=group-8548D6BABC97,id=608044c8-53fb-4b7c-951c-cbbda4d80253
2019-07-30 20:33:19,432 INFO  impl.RoleInfo (RoleInfo.java:shutdownFollowerState(121)) - 76464ee5-672b-45f0-89da-4be886f178dd: shutdown FollowerState
2019-07-30 20:33:19,433 INFO  impl.RoleInfo (RoleInfo.java:shutdownFollowerState(121)) - 608044c8-53fb-4b7c-951c-cbbda4d80253: shutdown FollowerState
2019-07-30 20:33:19,433 INFO  impl.FollowerState (FollowerState.java:run(114)) - 76464ee5-672b-45f0-89da-4be886f178dd: FollowerState was interrupted: java.lang.InterruptedException: sleep interrupted
2019-07-30 20:33:19,433 INFO  ratis.ContainerStateMachine (ContainerStateMachine.java:takeSnapshot(262)) - group-8548D6BABC97: Taking a snapshot at:(t:1, i:14) file /workdir/hadoop-ozone/integration-test/target/test-dir/MiniOzoneClusterImpl-7cb939c6-7192-4bf7-ab14-e1f6020d1bf6/datanode-2/data/ratis/1ad9ddee-0f77-4fe4-b06c-8548d6babc97/sm/snapshot.1_14
2019-07-30 20:33:19,433 INFO  impl.StateMachineUpdater (StateMachineUpdater.java:stopAndJoin(115)) - StateMachineUpdater:76464ee5-672b-45f0-89da-4be886f178dd:group-8548D6BABC97: set stopIndex = 16
2019-07-30 20:33:19,433 INFO  ratis.ContainerStateMachine (ContainerStateMachine.java:takeSnapshot(262)) - group-8548D6BABC97: Taking a snapshot at:(t:1, i:14) file /workdir/hadoop-ozone/integration-test/target/test-dir/MiniOzoneClusterImpl-7cb939c6-7192-4bf7-ab14-e1f6020d1bf6/datanode-4/data/ratis/1ad9ddee-0f77-4fe4-b06c-8548d6babc97/sm/snapshot.1_14
2019-07-30 20:33:19,433 INFO  impl.FollowerState (FollowerState.java:run(114)) - 608044c8-53fb-4b7c-951c-cbbda4d80253: FollowerState was interrupted: java.lang.InterruptedException: sleep interrupted
2019-07-30 20:33:19,433 INFO  impl.StateMachineUpdater (StateMachineUpdater.java:stopAndJoin(115)) - StateMachineUpdater:608044c8-53fb-4b7c-951c-cbbda4d80253:group-8548D6BABC97: set stopIndex = 16
2019-07-30 20:33:19,450 INFO  ratis.ContainerStateMachine (ContainerStateMachine.java:takeSnapshot(273)) - group-8548D6BABC97: Finished taking a snapshot at:(t:1, i:14) file:/workdir/hadoop-ozone/integration-test/target/test-dir/MiniOzoneClusterImpl-7cb939c6-7192-4bf7-ab14-e1f6020d1bf6/datanode-4/data/ratis/1ad9ddee-0f77-4fe4-b06c-8548d6babc97/sm/snapshot.1_14 time:17
2019-07-30 20:33:19,450 INFO  impl.StateMachineUpdater (StateMachineUpdater.java:takeSnapshot(242)) - StateMachineUpdater:608044c8-53fb-4b7c-951c-cbbda4d80253:group-8548D6BABC97: Took a snapshot at index 14
2019-07-30 20:33:19,450 INFO  ratis.ContainerStateMachine (ContainerStateMachine.java:takeSnapshot(273)) - group-8548D6BABC97: Finished taking a snapshot at:(t:1, i:14) file:/workdir/hadoop-ozone/integration-test/target/test-dir/MiniOzoneClusterImpl-7cb939c6-7192-4bf7-ab14-e1f6020d1bf6/datanode-2/data/ratis/1ad9ddee-0f77-4fe4-b06c-8548d6babc97/sm/snapshot.1_14 time:17
2019-07-30 20:33:19,450 INFO  impl.StateMachineUpdater (StateMachineUpdater.java:lambda$new$0(80)) - StateMachineUpdater:608044c8-53fb-4b7c-951c-cbbda4d80253:group-8548D6BABC97: snapshotIndex: updateIncreasingly -1 -> 14
2019-07-30 20:33:19,450 INFO  impl.StateMachineUpdater (StateMachineUpdater.java:takeSnapshot(242)) - StateMachineUpdater:76464ee5-672b-45f0-89da-4be886f178dd:group-8548D6BABC97: Took a snapshot at index 14
2019-07-30 20:33:19,451 INFO  impl.StateMachineUpdater (StateMachineUpdater.java:lambda$new$0(80)) - StateMachineUpdater:76464ee5-672b-45f0-89da-4be886f178dd:group-8548D6BABC97: snapshotIndex: updateIncreasingly -1 -> 14
2019-07-30 20:33:19,451 INFO  impl.RaftServerImpl (ServerState.java:close(394)) - 608044c8-53fb-4b7c-951c-cbbda4d80253:group-8548D6BABC97 closes. The last applied log index is 16
2019-07-30 20:33:19,451 INFO  impl.RaftServerImpl (ServerState.java:close(394)) - 76464ee5-672b-45f0-89da-4be886f178dd:group-8548D6BABC97 closes. The last applied log index is 16
2019-07-30 20:33:19,451 INFO  segmented.SegmentedRaftLogWorker (SegmentedRaftLogWorker.java:run(313)) - 608044c8-53fb-4b7c-951c-cbbda4d80253-SegmentedRaftLogWorker:Storage Directory /workdir/hadoop-ozone/integration-test/target/test-dir/MiniOzoneClusterImpl-7cb939c6-7192-4bf7-ab14-e1f6020d1bf6/datanode-4/data/ratis/1ad9ddee-0f77-4fe4-b06c-8548d6babc97 was interrupted, exiting. There are 0 tasks remaining in the queue.
2019-07-30 20:33:19,452 INFO  segmented.SegmentedRaftLogWorker (SegmentedRaftLogWorker.java:run(313)) - 76464ee5-672b-45f0-89da-4be886f178dd-SegmentedRaftLogWorker:Storage Directory /workdir/hadoop-ozone/integration-test/target/test-dir/MiniOzoneClusterImpl-7cb939c6-7192-4bf7-ab14-e1f6020d1bf6/datanode-2/data/ratis/1ad9ddee-0f77-4fe4-b06c-8548d6babc97 was interrupted, exiting. There are 0 tasks remaining in the queue.
2019-07-30 20:33:19,453 INFO  segmented.SegmentedRaftLogWorker (SegmentedRaftLogWorker.java:close(228)) - 608044c8-53fb-4b7c-951c-cbbda4d80253-SegmentedRaftLogWorker:Storage Directory /workdir/hadoop-ozone/integration-test/target/test-dir/MiniOzoneClusterImpl-7cb939c6-7192-4bf7-ab14-e1f6020d1bf6/datanode-4/data/ratis/1ad9ddee-0f77-4fe4-b06c-8548d6babc97 close()
2019-07-30 20:33:19,455 INFO  segmented.SegmentedRaftLogWorker (SegmentedRaftLogWorker.java:close(228)) - 76464ee5-672b-45f0-89da-4be886f178dd-SegmentedRaftLogWorker:Storage Directory /workdir/hadoop-ozone/integration-test/target/test-dir/MiniOzoneClusterImpl-7cb939c6-7192-4bf7-ab14-e1f6020d1bf6/datanode-2/data/ratis/1ad9ddee-0f77-4fe4-b06c-8548d6babc97 close()
2019-07-30 20:33:19,458 INFO  server.GrpcService (GrpcService.java:closeImpl(155)) - 608044c8-53fb-4b7c-951c-cbbda4d80253: shutdown server with port 34476 now
2019-07-30 20:33:19,462 INFO  server.GrpcService (GrpcService.java:closeImpl(155)) - 76464ee5-672b-45f0-89da-4be886f178dd: shutdown server with port 42534 now
2019-07-30 20:33:19,464 WARN  server.GrpcServerProtocolService (LogUtils.java:warn(134)) - 76464ee5-672b-45f0-89da-4be886f178dd: appendEntries onError: org.apache.ratis.thirdparty.io.grpc.StatusRuntimeException: CANCELLED: cancelled before receiving half close
2019-07-30 20:33:19,466 INFO  server.GrpcService (GrpcService.java:closeImpl(163)) - 76464ee5-672b-45f0-89da-4be886f178dd: shutdown server with port 42534 successfully
2019-07-30 20:33:19,468 WARN  server.GrpcLogAppender (LogUtils.java:warn(134)) - cbfce143-889c-4770-a501-1d8ca18dcfe4->76464ee5-672b-45f0-89da-4be886f178dd: Failed appendEntries: org.apache.ratis.thirdparty.io.grpc.StatusRuntimeException: CANCELLED: HTTP/2 error code: CANCEL
Received Rst Stream
2019-07-30 20:33:19,468 WARN  server.GrpcLogAppender (LogUtils.java:warn(134)) - cbfce143-889c-4770-a501-1d8ca18dcfe4->608044c8-53fb-4b7c-951c-cbbda4d80253: Failed appendEntries: org.apache.ratis.thirdparty.io.grpc.StatusRuntimeException: CANCELLED: HTTP/2 error code: CANCEL
Received Rst Stream
2019-07-30 20:33:19,468 INFO  server.GrpcService (GrpcService.java:closeImpl(163)) - 608044c8-53fb-4b7c-951c-cbbda4d80253: shutdown server with port 34476 successfully
2019-07-30 20:33:19,468 WARN  server.GrpcServerProtocolService (LogUtils.java:warn(134)) - 608044c8-53fb-4b7c-951c-cbbda4d80253: appendEntries onError: org.apache.ratis.thirdparty.io.grpc.StatusRuntimeException: CANCELLED: cancelled before receiving half close
2019-07-30 20:33:19,473 INFO  impl.FollowerInfo (FollowerInfo.java:lambda$new$0(50)) - cbfce143-889c-4770-a501-1d8ca18dcfe4->608044c8-53fb-4b7c-951c-cbbda4d80253: nextIndex: updateUnconditionally 17 -> 16
2019-07-30 20:33:19,470 INFO  impl.FollowerInfo (FollowerInfo.java:lambda$new$0(50)) - cbfce143-889c-4770-a501-1d8ca18dcfe4->76464ee5-672b-45f0-89da-4be886f178dd: nextIndex: updateUnconditionally 17 -> 16
2019-07-30 20:33:19,477 INFO  utils.BackgroundService (BackgroundService.java:shutdown(148)) - Shutting down service BlockDeletingService
2019-07-30 20:33:19,481 WARN  fs.CachingGetSpaceUsed (CachingGetSpaceUsed.java:run(183)) - Thread Interrupted waiting to refresh disk information: sleep interrupted
2019-07-30 20:33:19,482 INFO  utils.BackgroundService (BackgroundService.java:shutdown(148)) - Shutting down service BlockDeletingService
2019-07-30 20:33:19,484 WARN  fs.CachingGetSpaceUsed (CachingGetSpaceUsed.java:run(183)) - Thread Interrupted waiting to refresh disk information: sleep interrupted
2019-07-30 20:33:19,500 INFO  statemachine.DatanodeStateMachine (DatanodeStateMachine.java:stopDaemon(395)) - Ozone container server stopped.
2019-07-30 20:33:19,510 INFO  statemachine.DatanodeStateMachine (DatanodeStateMachine.java:stopDaemon(395)) - Ozone container server stopped.
2019-07-30 20:33:19,512 INFO  handler.ContextHandler (ContextHandler.java:doStop(910)) - Stopped o.e.j.w.WebAppContext@6629643d{/,null,UNAVAILABLE}{/hddsDatanode}
2019-07-30 20:33:19,513 INFO  handler.ContextHandler (ContextHandler.java:doStop(910)) - Stopped o.e.j.w.WebAppContext@37e0056e{/,null,UNAVAILABLE}{/hddsDatanode}
2019-07-30 20:33:19,514 INFO  server.AbstractConnector (AbstractConnector.java:doStop(318)) - Stopped ServerConnector@2dd178f3{HTTP/1.1,[http/1.1]}{0.0.0.0:0}
2019-07-30 20:33:19,514 INFO  server.AbstractConnector (AbstractConnector.java:doStop(318)) - Stopped ServerConnector@415795f3{HTTP/1.1,[http/1.1]}{0.0.0.0:0}
2019-07-30 20:33:19,514 INFO  handler.ContextHandler (ContextHandler.java:doStop(910)) - Stopped o.e.j.s.ServletContextHandler@41aebbb4{/static,jar:file:/home/user/.m2/repository/org/apache/hadoop/hadoop-hdds-container-service/0.4.1-SNAPSHOT/hadoop-hdds-container-service-0.4.1-SNAPSHOT.jar!/webapps/static,UNAVAILABLE}
2019-07-30 20:33:19,515 INFO  handler.ContextHandler (ContextHandler.java:doStop(910)) - Stopped o.e.j.s.ServletContextHandler@a1691c0{/static,jar:file:/home/user/.m2/repository/org/apache/hadoop/hadoop-hdds-container-service/0.4.1-SNAPSHOT/hadoop-hdds-container-service-0.4.1-SNAPSHOT.jar!/webapps/static,UNAVAILABLE}
2019-07-30 20:33:19,515 INFO  handler.ContextHandler (ContextHandler.java:doStop(910)) - Stopped o.e.j.s.ServletContextHandler@2dbfa972{/logs,file:///workdir/hadoop-ozone/integration-test/target/log,UNAVAILABLE}
2019-07-30 20:33:19,517 INFO  handler.ContextHandler (ContextHandler.java:doStop(910)) - Stopped o.e.j.s.ServletContextHandler@7b351446{/logs,file:///workdir/hadoop-ozone/integration-test/target/log,UNAVAILABLE}
2019-07-30 20:33:19,517 INFO  datanode.ObjectStoreHandler (ObjectStoreHandler.java:close(155)) - Closing ObjectStoreHandler.
2019-07-30 20:33:19,518 INFO  datanode.ObjectStoreHandler (ObjectStoreHandler.java:close(155)) - Closing ObjectStoreHandler.
2019-07-30 20:33:19,518 INFO  ozone.HddsDatanodeService (HddsDatanodeService.java:stop(451)) - Stopped plug-in org.apache.hadoop.ozone.web.OzoneHddsDatanodeService@2589d787
2019-07-30 20:33:19,518 INFO  ozone.HddsDatanodeService (HddsDatanodeService.java:stop(451)) - Stopped plug-in org.apache.hadoop.ozone.web.OzoneHddsDatanodeService@245253d8
2019-07-30 20:33:20,139 WARN  server.GrpcLogAppender (LogUtils.java:warn(134)) - 15d63d55-5425-4f9e-924f-bb6d86c8b3d1->0bec79a0-044c-4152-be2c-6518dfa6fb11: Failed appendEntries: org.apache.ratis.thirdparty.io.grpc.StatusRuntimeException: UNAVAILABLE: io exception
2019-07-30 20:33:20,139 WARN  server.GrpcLogAppender (LogUtils.java:warn(134)) - 15d63d55-5425-4f9e-924f-bb6d86c8b3d1->149a6df2-8f84-4eb8-9c42-b18db607508c: Failed appendEntries: org.apache.ratis.thirdparty.io.grpc.StatusRuntimeException: UNAVAILABLE: io exception
2019-07-30 20:33:20,142 INFO  impl.FollowerInfo (FollowerInfo.java:lambda$new$0(50)) - 15d63d55-5425-4f9e-924f-bb6d86c8b3d1->0bec79a0-044c-4152-be2c-6518dfa6fb11: nextIndex: updateUnconditionally 16 -> 15
2019-07-30 20:33:20,142 INFO  impl.FollowerInfo (FollowerInfo.java:lambda$new$0(50)) - 15d63d55-5425-4f9e-924f-bb6d86c8b3d1->149a6df2-8f84-4eb8-9c42-b18db607508c: nextIndex: updateUnconditionally 13 -> 12
2019-07-30 20:33:20,158 INFO  statemachine.DatanodeStateMachine (DatanodeStateMachine.java:lambda$startDaemon$0(350)) - Ozone container server started.
2019-07-30 20:33:20,167 INFO  statemachine.DatanodeStateMachine (DatanodeStateMachine.java:lambda$startDaemon$0(350)) - Ozone container server started.
2019-07-30 20:33:21,871 WARN  server.GrpcLogAppender (LogUtils.java:warn(134)) - cbfce143-889c-4770-a501-1d8ca18dcfe4->608044c8-53fb-4b7c-951c-cbbda4d80253: Failed appendEntries: org.apache.ratis.thirdparty.io.grpc.StatusRuntimeException: UNAVAILABLE: io exception
2019-07-30 20:33:21,871 WARN  server.GrpcLogAppender (LogUtils.java:warn(134)) - cbfce143-889c-4770-a501-1d8ca18dcfe4->76464ee5-672b-45f0-89da-4be886f178dd: Failed appendEntries: org.apache.ratis.thirdparty.io.grpc.StatusRuntimeException: UNAVAILABLE: io exception
2019-07-30 20:33:21,876 INFO  impl.FollowerInfo (FollowerInfo.java:lambda$new$0(50)) - cbfce143-889c-4770-a501-1d8ca18dcfe4->608044c8-53fb-4b7c-951c-cbbda4d80253: nextIndex: updateUnconditionally 16 -> 15
2019-07-30 20:33:21,876 INFO  impl.FollowerInfo (FollowerInfo.java:lambda$new$0(50)) - cbfce143-889c-4770-a501-1d8ca18dcfe4->76464ee5-672b-45f0-89da-4be886f178dd: nextIndex: updateUnconditionally 16 -> 15
2019-07-30 20:33:22,642 WARN  server.GrpcLogAppender (LogUtils.java:warn(134)) - 15d63d55-5425-4f9e-924f-bb6d86c8b3d1->149a6df2-8f84-4eb8-9c42-b18db607508c: Failed appendEntries: org.apache.ratis.thirdparty.io.grpc.StatusRuntimeException: UNAVAILABLE: io exception
2019-07-30 20:33:22,642 WARN  server.GrpcLogAppender (LogUtils.java:warn(134)) - 15d63d55-5425-4f9e-924f-bb6d86c8b3d1->0bec79a0-044c-4152-be2c-6518dfa6fb11: Failed appendEntries: org.apache.ratis.thirdparty.io.grpc.StatusRuntimeException: UNAVAILABLE: io exception
2019-07-30 20:33:22,644 INFO  impl.FollowerInfo (FollowerInfo.java:lambda$new$0(50)) - 15d63d55-5425-4f9e-924f-bb6d86c8b3d1->149a6df2-8f84-4eb8-9c42-b18db607508c: nextIndex: updateUnconditionally 12 -> 11
2019-07-30 20:33:22,645 INFO  impl.FollowerInfo (FollowerInfo.java:lambda$new$0(50)) - 15d63d55-5425-4f9e-924f-bb6d86c8b3d1->0bec79a0-044c-4152-be2c-6518dfa6fb11: nextIndex: updateUnconditionally 15 -> 14
2019-07-30 20:33:24,188 INFO  node.StaleNodeHandler (StaleNodeHandler.java:onMessage(58)) - Datanode 15d63d55-5425-4f9e-924f-bb6d86c8b3d1{ip: 192.168.69.110, host: byscane-nightly-zbvcj-1516659162, networkLocation: /default-rack, certSerialId: null} moved to stale state. Finalizing its pipelines [PipelineID=a815833f-0834-4c1e-80ff-f1f77d76513e, PipelineID=c0887325-6be8-4b0e-bd49-53bbee6db249]
2019-07-30 20:33:24,189 INFO  pipeline.SCMPipelineManager (SCMPipelineManager.java:finalizeAndDestroyPipeline(309)) - destroying pipeline:Pipeline[ Id: a815833f-0834-4c1e-80ff-f1f77d76513e, Nodes: 149a6df2-8f84-4eb8-9c42-b18db607508c{ip: 192.168.69.110, host: byscane-nightly-zbvcj-1516659162, networkLocation: /default-rack, certSerialId: null}0bec79a0-044c-4152-be2c-6518dfa6fb11{ip: 192.168.69.110, host: byscane-nightly-zbvcj-1516659162, networkLocation: /default-rack, certSerialId: null}15d63d55-5425-4f9e-924f-bb6d86c8b3d1{ip: 192.168.69.110, host: byscane-nightly-zbvcj-1516659162, networkLocation: /default-rack, certSerialId: null}, Type:RATIS, Factor:THREE, State:CLOSED]
2019-07-30 20:33:24,189 INFO  pipeline.SCMPipelineManager (SCMPipelineManager.java:finalizeAndDestroyPipeline(309)) - destroying pipeline:Pipeline[ Id: c0887325-6be8-4b0e-bd49-53bbee6db249, Nodes: 15d63d55-5425-4f9e-924f-bb6d86c8b3d1{ip: 192.168.69.110, host: byscane-nightly-zbvcj-1516659162, networkLocation: /default-rack, certSerialId: null}, Type:RATIS, Factor:ONE, State:OPEN]
2019-07-30 20:33:24,189 INFO  pipeline.PipelineStateManager (PipelineStateManager.java:finalizePipeline(123)) - Pipeline Pipeline[ Id: c0887325-6be8-4b0e-bd49-53bbee6db249, Nodes: 15d63d55-5425-4f9e-924f-bb6d86c8b3d1{ip: 192.168.69.110, host: byscane-nightly-zbvcj-1516659162, networkLocation: /default-rack, certSerialId: null}, Type:RATIS, Factor:ONE, State:CLOSED] moved to CLOSED state
2019-07-30 20:33:24,189 INFO  node.StaleNodeHandler (StaleNodeHandler.java:onMessage(58)) - Datanode cbfce143-889c-4770-a501-1d8ca18dcfe4{ip: 192.168.69.110, host: byscane-nightly-zbvcj-1516659162, networkLocation: /default-rack, certSerialId: null} moved to stale state. Finalizing its pipelines [PipelineID=90968206-0625-4175-a7d6-a213584c6854, PipelineID=1ad9ddee-0f77-4fe4-b06c-8548d6babc97]
2019-07-30 20:33:24,189 INFO  pipeline.SCMPipelineManager (SCMPipelineManager.java:finalizeAndDestroyPipeline(309)) - destroying pipeline:Pipeline[ Id: 90968206-0625-4175-a7d6-a213584c6854, Nodes: cbfce143-889c-4770-a501-1d8ca18dcfe4{ip: 192.168.69.110, host: byscane-nightly-zbvcj-1516659162, networkLocation: /default-rack, certSerialId: null}, Type:RATIS, Factor:ONE, State:OPEN]
2019-07-30 20:33:24,190 INFO  pipeline.PipelineStateManager (PipelineStateManager.java:finalizePipeline(123)) - Pipeline Pipeline[ Id: 90968206-0625-4175-a7d6-a213584c6854, Nodes: cbfce143-889c-4770-a501-1d8ca18dcfe4{ip: 192.168.69.110, host: byscane-nightly-zbvcj-1516659162, networkLocation: /default-rack, certSerialId: null}, Type:RATIS, Factor:ONE, State:CLOSED] moved to CLOSED state
2019-07-30 20:33:24,190 INFO  pipeline.SCMPipelineManager (SCMPipelineManager.java:finalizeAndDestroyPipeline(309)) - destroying pipeline:Pipeline[ Id: 1ad9ddee-0f77-4fe4-b06c-8548d6babc97, Nodes: 608044c8-53fb-4b7c-951c-cbbda4d80253{ip: 192.168.69.110, host: byscane-nightly-zbvcj-1516659162, networkLocation: /default-rack, certSerialId: null}76464ee5-672b-45f0-89da-4be886f178dd{ip: 192.168.69.110, host: byscane-nightly-zbvcj-1516659162, networkLocation: /default-rack, certSerialId: null}cbfce143-889c-4770-a501-1d8ca18dcfe4{ip: 192.168.69.110, host: byscane-nightly-zbvcj-1516659162, networkLocation: /default-rack, certSerialId: null}, Type:RATIS, Factor:THREE, State:CLOSED]
2019-07-30 20:33:24,377 WARN  server.GrpcLogAppender (LogUtils.java:warn(134)) - cbfce143-889c-4770-a501-1d8ca18dcfe4->76464ee5-672b-45f0-89da-4be886f178dd: Failed appendEntries: org.apache.ratis.thirdparty.io.grpc.StatusRuntimeException: UNAVAILABLE: io exception
2019-07-30 20:33:24,378 WARN  server.GrpcLogAppender (LogUtils.java:warn(134)) - cbfce143-889c-4770-a501-1d8ca18dcfe4->608044c8-53fb-4b7c-951c-cbbda4d80253: Failed appendEntries: org.apache.ratis.thirdparty.io.grpc.StatusRuntimeException: UNAVAILABLE: io exception
2019-07-30 20:33:24,380 INFO  impl.FollowerInfo (FollowerInfo.java:lambda$new$0(50)) - cbfce143-889c-4770-a501-1d8ca18dcfe4->76464ee5-672b-45f0-89da-4be886f178dd: nextIndex: updateUnconditionally 15 -> 14
2019-07-30 20:33:24,381 INFO  impl.FollowerInfo (FollowerInfo.java:lambda$new$0(50)) - cbfce143-889c-4770-a501-1d8ca18dcfe4->608044c8-53fb-4b7c-951c-cbbda4d80253: nextIndex: updateUnconditionally 15 -> 14
2019-07-30 20:33:24,519 INFO  ozoneimpl.OzoneContainer (OzoneContainer.java:stop(199)) - Attempting to stop container services.
2019-07-30 20:33:24,519 INFO  ozoneimpl.OzoneContainer (OzoneContainer.java:stop(199)) - Attempting to stop container services.
2019-07-30 20:33:24,519 INFO  impl.RaftServerProxy (RaftServerProxy.java:lambda$close$4(314)) - cbfce143-889c-4770-a501-1d8ca18dcfe4: close
2019-07-30 20:33:24,520 INFO  impl.RaftServerProxy (RaftServerProxy.java:lambda$close$4(314)) - 15d63d55-5425-4f9e-924f-bb6d86c8b3d1: close
2019-07-30 20:33:24,520 INFO  impl.RaftServerImpl (RaftServerImpl.java:lambda$shutdown$3(245)) - cbfce143-889c-4770-a501-1d8ca18dcfe4: shutdown group-A213584C6854
2019-07-30 20:33:24,520 INFO  impl.RaftServerImpl (RaftServerImpl.java:lambda$shutdown$3(245)) - 15d63d55-5425-4f9e-924f-bb6d86c8b3d1: shutdown group-F1F77D76513E
2019-07-30 20:33:24,520 INFO  util.JmxRegister (JmxRegister.java:unregister(73)) - Successfully un-registered JMX Bean with object name Ratis:service=RaftServer,group=group-A213584C6854,id=cbfce143-889c-4770-a501-1d8ca18dcfe4
2019-07-30 20:33:24,521 INFO  util.JmxRegister (JmxRegister.java:unregister(73)) - Successfully un-registered JMX Bean with object name Ratis:service=RaftServer,group=group-F1F77D76513E,id=15d63d55-5425-4f9e-924f-bb6d86c8b3d1
2019-07-30 20:33:24,521 INFO  impl.RoleInfo (RoleInfo.java:shutdownLeaderState(104)) - cbfce143-889c-4770-a501-1d8ca18dcfe4: shutdown LeaderState
2019-07-30 20:33:24,521 INFO  impl.RoleInfo (RoleInfo.java:shutdownLeaderState(104)) - 15d63d55-5425-4f9e-924f-bb6d86c8b3d1: shutdown LeaderState
2019-07-30 20:33:24,522 INFO  impl.PendingRequests (PendingRequests.java:sendNotLeaderResponses(202)) - cbfce143-889c-4770-a501-1d8ca18dcfe4-PendingRequests: sendNotLeaderResponses
2019-07-30 20:33:24,525 WARN  server.GrpcLogAppender (GrpcLogAppender.java:mayWait(143)) - GrpcLogAppender(15d63d55-5425-4f9e-924f-bb6d86c8b3d1->149a6df2-8f84-4eb8-9c42-b18db607508c): Wait interrupted by java.lang.InterruptedException
2019-07-30 20:33:24,525 WARN  server.GrpcLogAppender (GrpcLogAppender.java:mayWait(143)) - GrpcLogAppender(15d63d55-5425-4f9e-924f-bb6d86c8b3d1->0bec79a0-044c-4152-be2c-6518dfa6fb11): Wait interrupted by java.lang.InterruptedException
2019-07-30 20:33:24,525 INFO  impl.PendingRequests (PendingRequests.java:sendNotLeaderResponses(202)) - 15d63d55-5425-4f9e-924f-bb6d86c8b3d1-PendingRequests: sendNotLeaderResponses
2019-07-30 20:33:24,525 INFO  impl.StateMachineUpdater (StateMachineUpdater.java:stopAndJoin(115)) - StateMachineUpdater:cbfce143-889c-4770-a501-1d8ca18dcfe4:group-A213584C6854: set stopIndex = 0
2019-07-30 20:33:24,526 INFO  impl.RaftServerImpl (ServerState.java:close(394)) - cbfce143-889c-4770-a501-1d8ca18dcfe4:group-A213584C6854 closes. The last applied log index is 0
2019-07-30 20:33:24,527 INFO  segmented.SegmentedRaftLogWorker (SegmentedRaftLogWorker.java:run(313)) - cbfce143-889c-4770-a501-1d8ca18dcfe4-SegmentedRaftLogWorker:Storage Directory /workdir/hadoop-ozone/integration-test/target/test-dir/MiniOzoneClusterImpl-7cb939c6-7192-4bf7-ab14-e1f6020d1bf6/datanode-3/data/ratis/90968206-0625-4175-a7d6-a213584c6854 was interrupted, exiting. There are 0 tasks remaining in the queue.
2019-07-30 20:33:24,528 INFO  segmented.SegmentedRaftLogWorker (SegmentedRaftLogWorker.java:close(228)) - cbfce143-889c-4770-a501-1d8ca18dcfe4-SegmentedRaftLogWorker:Storage Directory /workdir/hadoop-ozone/integration-test/target/test-dir/MiniOzoneClusterImpl-7cb939c6-7192-4bf7-ab14-e1f6020d1bf6/datanode-3/data/ratis/90968206-0625-4175-a7d6-a213584c6854 close()
2019-07-30 20:33:24,531 INFO  impl.RaftServerImpl (RaftServerImpl.java:lambda$shutdown$3(245)) - cbfce143-889c-4770-a501-1d8ca18dcfe4: shutdown group-8548D6BABC97
2019-07-30 20:33:24,531 INFO  util.JmxRegister (JmxRegister.java:unregister(73)) - Successfully un-registered JMX Bean with object name Ratis:service=RaftServer,group=group-8548D6BABC97,id=cbfce143-889c-4770-a501-1d8ca18dcfe4
2019-07-30 20:33:24,532 INFO  impl.RoleInfo (RoleInfo.java:shutdownLeaderState(104)) - cbfce143-889c-4770-a501-1d8ca18dcfe4: shutdown LeaderState
2019-07-30 20:33:24,534 WARN  server.GrpcLogAppender (GrpcLogAppender.java:mayWait(143)) - GrpcLogAppender(cbfce143-889c-4770-a501-1d8ca18dcfe4->76464ee5-672b-45f0-89da-4be886f178dd): Wait interrupted by java.lang.InterruptedException
2019-07-30 20:33:24,535 WARN  server.GrpcLogAppender (GrpcLogAppender.java:mayWait(143)) - GrpcLogAppender(cbfce143-889c-4770-a501-1d8ca18dcfe4->608044c8-53fb-4b7c-951c-cbbda4d80253): Wait interrupted by java.lang.InterruptedException
2019-07-30 20:33:24,535 INFO  impl.StateMachineUpdater (StateMachineUpdater.java:stopAndJoin(115)) - StateMachineUpdater:15d63d55-5425-4f9e-924f-bb6d86c8b3d1:group-F1F77D76513E: set stopIndex = 18
2019-07-30 20:33:24,535 INFO  impl.PendingRequests (PendingRequests.java:sendNotLeaderResponses(202)) - cbfce143-889c-4770-a501-1d8ca18dcfe4-PendingRequests: sendNotLeaderResponses
2019-07-30 20:33:24,535 INFO  ratis.ContainerStateMachine (ContainerStateMachine.java:takeSnapshot(262)) - group-F1F77D76513E: Taking a snapshot at:(t:1, i:18) file /workdir/hadoop-ozone/integration-test/target/test-dir/MiniOzoneClusterImpl-7cb939c6-7192-4bf7-ab14-e1f6020d1bf6/datanode-0/data/ratis/a815833f-0834-4c1e-80ff-f1f77d76513e/sm/snapshot.1_18
2019-07-30 20:33:24,539 INFO  impl.StateMachineUpdater (StateMachineUpdater.java:stopAndJoin(115)) - StateMachineUpdater:cbfce143-889c-4770-a501-1d8ca18dcfe4:group-8548D6BABC97: set stopIndex = 16
2019-07-30 20:33:24,539 INFO  ratis.ContainerStateMachine (ContainerStateMachine.java:takeSnapshot(262)) - group-8548D6BABC97: Taking a snapshot at:(t:1, i:14) file /workdir/hadoop-ozone/integration-test/target/test-dir/MiniOzoneClusterImpl-7cb939c6-7192-4bf7-ab14-e1f6020d1bf6/datanode-3/data/ratis/1ad9ddee-0f77-4fe4-b06c-8548d6babc97/sm/snapshot.1_14
2019-07-30 20:33:24,568 INFO  ratis.ContainerStateMachine (ContainerStateMachine.java:takeSnapshot(273)) - group-8548D6BABC97: Finished taking a snapshot at:(t:1, i:14) file:/workdir/hadoop-ozone/integration-test/target/test-dir/MiniOzoneClusterImpl-7cb939c6-7192-4bf7-ab14-e1f6020d1bf6/datanode-3/data/ratis/1ad9ddee-0f77-4fe4-b06c-8548d6babc97/sm/snapshot.1_14 time:28
2019-07-30 20:33:24,568 INFO  ratis.ContainerStateMachine (ContainerStateMachine.java:takeSnapshot(273)) - group-F1F77D76513E: Finished taking a snapshot at:(t:1, i:18) file:/workdir/hadoop-ozone/integration-test/target/test-dir/MiniOzoneClusterImpl-7cb939c6-7192-4bf7-ab14-e1f6020d1bf6/datanode-0/data/ratis/a815833f-0834-4c1e-80ff-f1f77d76513e/sm/snapshot.1_18 time:33
2019-07-30 20:33:24,568 INFO  impl.StateMachineUpdater (StateMachineUpdater.java:takeSnapshot(242)) - StateMachineUpdater:cbfce143-889c-4770-a501-1d8ca18dcfe4:group-8548D6BABC97: Took a snapshot at index 14
2019-07-30 20:33:24,568 INFO  impl.StateMachineUpdater (StateMachineUpdater.java:takeSnapshot(242)) - StateMachineUpdater:15d63d55-5425-4f9e-924f-bb6d86c8b3d1:group-F1F77D76513E: Took a snapshot at index 18
2019-07-30 20:33:24,568 INFO  impl.StateMachineUpdater (StateMachineUpdater.java:lambda$new$0(80)) - StateMachineUpdater:cbfce143-889c-4770-a501-1d8ca18dcfe4:group-8548D6BABC97: snapshotIndex: updateIncreasingly -1 -> 14
2019-07-30 20:33:24,568 INFO  impl.StateMachineUpdater (StateMachineUpdater.java:lambda$new$0(80)) - StateMachineUpdater:15d63d55-5425-4f9e-924f-bb6d86c8b3d1:group-F1F77D76513E: snapshotIndex: updateIncreasingly -1 -> 18
2019-07-30 20:33:24,569 INFO  impl.RaftServerImpl (ServerState.java:close(394)) - cbfce143-889c-4770-a501-1d8ca18dcfe4:group-8548D6BABC97 closes. The last applied log index is 16
2019-07-30 20:33:24,569 INFO  impl.RaftServerImpl (ServerState.java:close(394)) - 15d63d55-5425-4f9e-924f-bb6d86c8b3d1:group-F1F77D76513E closes. The last applied log index is 18
2019-07-30 20:33:24,569 INFO  segmented.SegmentedRaftLogWorker (SegmentedRaftLogWorker.java:run(313)) - cbfce143-889c-4770-a501-1d8ca18dcfe4-SegmentedRaftLogWorker:Storage Directory /workdir/hadoop-ozone/integration-test/target/test-dir/MiniOzoneClusterImpl-7cb939c6-7192-4bf7-ab14-e1f6020d1bf6/datanode-3/data/ratis/1ad9ddee-0f77-4fe4-b06c-8548d6babc97 was interrupted, exiting. There are 0 tasks remaining in the queue.
2019-07-30 20:33:24,570 INFO  segmented.SegmentedRaftLogWorker (SegmentedRaftLogWorker.java:run(313)) - 15d63d55-5425-4f9e-924f-bb6d86c8b3d1-SegmentedRaftLogWorker:Storage Directory /workdir/hadoop-ozone/integration-test/target/test-dir/MiniOzoneClusterImpl-7cb939c6-7192-4bf7-ab14-e1f6020d1bf6/datanode-0/data/ratis/a815833f-0834-4c1e-80ff-f1f77d76513e was interrupted, exiting. There are 0 tasks remaining in the queue.
2019-07-30 20:33:24,575 INFO  segmented.SegmentedRaftLogWorker (SegmentedRaftLogWorker.java:close(228)) - cbfce143-889c-4770-a501-1d8ca18dcfe4-SegmentedRaftLogWorker:Storage Directory /workdir/hadoop-ozone/integration-test/target/test-dir/MiniOzoneClusterImpl-7cb939c6-7192-4bf7-ab14-e1f6020d1bf6/datanode-3/data/ratis/1ad9ddee-0f77-4fe4-b06c-8548d6babc97 close()
2019-07-30 20:33:24,575 INFO  segmented.SegmentedRaftLogWorker (SegmentedRaftLogWorker.java:close(228)) - 15d63d55-5425-4f9e-924f-bb6d86c8b3d1-SegmentedRaftLogWorker:Storage Directory /workdir/hadoop-ozone/integration-test/target/test-dir/MiniOzoneClusterImpl-7cb939c6-7192-4bf7-ab14-e1f6020d1bf6/datanode-0/data/ratis/a815833f-0834-4c1e-80ff-f1f77d76513e close()
2019-07-30 20:33:24,577 INFO  server.GrpcService (GrpcService.java:closeImpl(155)) - cbfce143-889c-4770-a501-1d8ca18dcfe4: shutdown server with port 44808 now
2019-07-30 20:33:24,579 INFO  impl.RaftServerImpl (RaftServerImpl.java:lambda$shutdown$3(245)) - 15d63d55-5425-4f9e-924f-bb6d86c8b3d1: shutdown group-53BBEE6DB249
2019-07-30 20:33:24,579 INFO  util.JmxRegister (JmxRegister.java:unregister(73)) - Successfully un-registered JMX Bean with object name Ratis:service=RaftServer,group=group-53BBEE6DB249,id=15d63d55-5425-4f9e-924f-bb6d86c8b3d1
2019-07-30 20:33:24,581 INFO  impl.RoleInfo (RoleInfo.java:shutdownLeaderState(104)) - 15d63d55-5425-4f9e-924f-bb6d86c8b3d1: shutdown LeaderState
2019-07-30 20:33:24,581 INFO  server.GrpcService (GrpcService.java:closeImpl(163)) - cbfce143-889c-4770-a501-1d8ca18dcfe4: shutdown server with port 44808 successfully
2019-07-30 20:33:24,581 INFO  impl.PendingRequests (PendingRequests.java:sendNotLeaderResponses(202)) - 15d63d55-5425-4f9e-924f-bb6d86c8b3d1-PendingRequests: sendNotLeaderResponses
2019-07-30 20:33:24,581 WARN  client.GrpcClientProtocolService (LogUtils.java:warn(134)) - 1-UnorderedRequestStreamObserver1: onError: org.apache.ratis.thirdparty.io.grpc.StatusRuntimeException: CANCELLED: cancelled before receiving half close
2019-07-30 20:33:24,583 INFO  impl.StateMachineUpdater (StateMachineUpdater.java:stopAndJoin(115)) - StateMachineUpdater:15d63d55-5425-4f9e-924f-bb6d86c8b3d1:group-53BBEE6DB249: set stopIndex = 0
2019-07-30 20:33:24,583 INFO  utils.BackgroundService (BackgroundService.java:shutdown(148)) - Shutting down service BlockDeletingService
2019-07-30 20:33:24,584 INFO  impl.RaftServerImpl (ServerState.java:close(394)) - 15d63d55-5425-4f9e-924f-bb6d86c8b3d1:group-53BBEE6DB249 closes. The last applied log index is 0
2019-07-30 20:33:24,585 INFO  segmented.SegmentedRaftLogWorker (SegmentedRaftLogWorker.java:run(313)) - 15d63d55-5425-4f9e-924f-bb6d86c8b3d1-SegmentedRaftLogWorker:Storage Directory /workdir/hadoop-ozone/integration-test/target/test-dir/MiniOzoneClusterImpl-7cb939c6-7192-4bf7-ab14-e1f6020d1bf6/datanode-0/data/ratis/c0887325-6be8-4b0e-bd49-53bbee6db249 was interrupted, exiting. There are 0 tasks remaining in the queue.
2019-07-30 20:33:24,585 WARN  fs.CachingGetSpaceUsed (CachingGetSpaceUsed.java:run(183)) - Thread Interrupted waiting to refresh disk information: sleep interrupted
2019-07-30 20:33:24,585 INFO  segmented.SegmentedRaftLogWorker (SegmentedRaftLogWorker.java:close(228)) - 15d63d55-5425-4f9e-924f-bb6d86c8b3d1-SegmentedRaftLogWorker:Storage Directory /workdir/hadoop-ozone/integration-test/target/test-dir/MiniOzoneClusterImpl-7cb939c6-7192-4bf7-ab14-e1f6020d1bf6/datanode-0/data/ratis/c0887325-6be8-4b0e-bd49-53bbee6db249 close()
2019-07-30 20:33:24,586 INFO  server.GrpcService (GrpcService.java:closeImpl(155)) - 15d63d55-5425-4f9e-924f-bb6d86c8b3d1: shutdown server with port 41112 now
2019-07-30 20:33:24,587 WARN  client.GrpcClientProtocolService (LogUtils.java:warn(134)) - 2-UnorderedRequestStreamObserver2: onError: org.apache.ratis.thirdparty.io.grpc.StatusRuntimeException: CANCELLED: cancelled before receiving half close
2019-07-30 20:33:24,589 INFO  server.GrpcService (GrpcService.java:closeImpl(163)) - 15d63d55-5425-4f9e-924f-bb6d86c8b3d1: shutdown server with port 41112 successfully
2019-07-30 20:33:24,593 INFO  utils.BackgroundService (BackgroundService.java:shutdown(148)) - Shutting down service BlockDeletingService
2019-07-30 20:33:24,594 WARN  fs.CachingGetSpaceUsed (CachingGetSpaceUsed.java:run(183)) - Thread Interrupted waiting to refresh disk information: sleep interrupted
2019-07-30 20:33:24,609 INFO  statemachine.DatanodeStateMachine (DatanodeStateMachine.java:stopDaemon(395)) - Ozone container server stopped.
2019-07-30 20:33:24,611 INFO  statemachine.DatanodeStateMachine (DatanodeStateMachine.java:stopDaemon(395)) - Ozone container server stopped.
2019-07-30 20:33:24,614 INFO  handler.ContextHandler (ContextHandler.java:doStop(910)) - Stopped o.e.j.w.WebAppContext@30e9ca13{/,null,UNAVAILABLE}{/hddsDatanode}
2019-07-30 20:33:24,615 INFO  handler.ContextHandler (ContextHandler.java:doStop(910)) - Stopped o.e.j.w.WebAppContext@69ed5ea2{/,null,UNAVAILABLE}{/hddsDatanode}
2019-07-30 20:33:24,615 INFO  server.AbstractConnector (AbstractConnector.java:doStop(318)) - Stopped ServerConnector@46185a1b{HTTP/1.1,[http/1.1]}{0.0.0.0:0}
2019-07-30 20:33:24,616 INFO  server.AbstractConnector (AbstractConnector.java:doStop(318)) - Stopped ServerConnector@56a4abd0{HTTP/1.1,[http/1.1]}{0.0.0.0:0}
2019-07-30 20:33:24,616 INFO  handler.ContextHandler (ContextHandler.java:doStop(910)) - Stopped o.e.j.s.ServletContextHandler@14ef2482{/static,jar:file:/home/user/.m2/repository/org/apache/hadoop/hadoop-hdds-container-service/0.4.1-SNAPSHOT/hadoop-hdds-container-service-0.4.1-SNAPSHOT.jar!/webapps/static,UNAVAILABLE}
2019-07-30 20:33:24,617 INFO  handler.ContextHandler (ContextHandler.java:doStop(910)) - Stopped o.e.j.s.ServletContextHandler@4b957db0{/static,jar:file:/home/user/.m2/repository/org/apache/hadoop/hadoop-hdds-container-service/0.4.1-SNAPSHOT/hadoop-hdds-container-service-0.4.1-SNAPSHOT.jar!/webapps/static,UNAVAILABLE}
2019-07-30 20:33:24,617 INFO  handler.ContextHandler (ContextHandler.java:doStop(910)) - Stopped o.e.j.s.ServletContextHandler@78cd163b{/logs,file:///workdir/hadoop-ozone/integration-test/target/log,UNAVAILABLE}
2019-07-30 20:33:24,618 INFO  handler.ContextHandler (ContextHandler.java:doStop(910)) - Stopped o.e.j.s.ServletContextHandler@5c313224{/logs,file:///workdir/hadoop-ozone/integration-test/target/log,UNAVAILABLE}
2019-07-30 20:33:24,619 INFO  datanode.ObjectStoreHandler (ObjectStoreHandler.java:close(155)) - Closing ObjectStoreHandler.
2019-07-30 20:33:24,619 INFO  ozone.HddsDatanodeService (HddsDatanodeService.java:stop(451)) - Stopped plug-in org.apache.hadoop.ozone.web.OzoneHddsDatanodeService@7a55fb81
2019-07-30 20:33:25,180 INFO  statemachine.DatanodeStateMachine (DatanodeStateMachine.java:lambda$startDaemon$0(350)) - Ozone container server started.
2019-07-30 20:33:29,197 INFO  node.StaleNodeHandler (StaleNodeHandler.java:onMessage(58)) - Datanode ffc6d8b2-0a60-49a9-898c-52c221eb4361{ip: 192.168.69.110, host: byscane-nightly-zbvcj-1516659162, networkLocation: /default-rack, certSerialId: null} moved to stale state. Finalizing its pipelines [PipelineID=114c87c7-3c7b-4991-94d0-b4310260b4c3]
2019-07-30 20:33:29,197 INFO  pipeline.SCMPipelineManager (SCMPipelineManager.java:finalizeAndDestroyPipeline(309)) - destroying pipeline:Pipeline[ Id: 114c87c7-3c7b-4991-94d0-b4310260b4c3, Nodes: ffc6d8b2-0a60-49a9-898c-52c221eb4361{ip: 192.168.69.110, host: byscane-nightly-zbvcj-1516659162, networkLocation: /default-rack, certSerialId: null}, Type:RATIS, Factor:ONE, State:OPEN]
2019-07-30 20:33:29,197 INFO  pipeline.PipelineStateManager (PipelineStateManager.java:finalizePipeline(123)) - Pipeline Pipeline[ Id: 114c87c7-3c7b-4991-94d0-b4310260b4c3, Nodes: ffc6d8b2-0a60-49a9-898c-52c221eb4361{ip: 192.168.69.110, host: byscane-nightly-zbvcj-1516659162, networkLocation: /default-rack, certSerialId: null}, Type:RATIS, Factor:ONE, State:CLOSED] moved to CLOSED state
2019-07-30 20:33:29,620 INFO  ozoneimpl.OzoneContainer (OzoneContainer.java:stop(199)) - Attempting to stop container services.
2019-07-30 20:33:29,621 INFO  impl.RaftServerProxy (RaftServerProxy.java:lambda$close$4(314)) - ffc6d8b2-0a60-49a9-898c-52c221eb4361: close
2019-07-30 20:33:29,621 INFO  impl.RaftServerImpl (RaftServerImpl.java:lambda$shutdown$3(245)) - ffc6d8b2-0a60-49a9-898c-52c221eb4361: shutdown group-B4310260B4C3
2019-07-30 20:33:29,621 INFO  util.JmxRegister (JmxRegister.java:unregister(73)) - Successfully un-registered JMX Bean with object name Ratis:service=RaftServer,group=group-B4310260B4C3,id=ffc6d8b2-0a60-49a9-898c-52c221eb4361
2019-07-30 20:33:29,622 INFO  impl.RoleInfo (RoleInfo.java:shutdownLeaderState(104)) - ffc6d8b2-0a60-49a9-898c-52c221eb4361: shutdown LeaderState
2019-07-30 20:33:29,622 INFO  impl.PendingRequests (PendingRequests.java:sendNotLeaderResponses(202)) - ffc6d8b2-0a60-49a9-898c-52c221eb4361-PendingRequests: sendNotLeaderResponses
2019-07-30 20:33:29,622 INFO  impl.StateMachineUpdater (StateMachineUpdater.java:stopAndJoin(115)) - StateMachineUpdater:ffc6d8b2-0a60-49a9-898c-52c221eb4361:group-B4310260B4C3: set stopIndex = 0
2019-07-30 20:33:29,623 INFO  impl.RaftServerImpl (ServerState.java:close(394)) - ffc6d8b2-0a60-49a9-898c-52c221eb4361:group-B4310260B4C3 closes. The last applied log index is 0
2019-07-30 20:33:29,623 INFO  segmented.SegmentedRaftLogWorker (SegmentedRaftLogWorker.java:run(313)) - ffc6d8b2-0a60-49a9-898c-52c221eb4361-SegmentedRaftLogWorker:Storage Directory /workdir/hadoop-ozone/integration-test/target/test-dir/MiniOzoneClusterImpl-7cb939c6-7192-4bf7-ab14-e1f6020d1bf6/datanode-6/data/ratis/114c87c7-3c7b-4991-94d0-b4310260b4c3 was interrupted, exiting. There are 0 tasks remaining in the queue.
2019-07-30 20:33:29,624 INFO  segmented.SegmentedRaftLogWorker (SegmentedRaftLogWorker.java:close(228)) - ffc6d8b2-0a60-49a9-898c-52c221eb4361-SegmentedRaftLogWorker:Storage Directory /workdir/hadoop-ozone/integration-test/target/test-dir/MiniOzoneClusterImpl-7cb939c6-7192-4bf7-ab14-e1f6020d1bf6/datanode-6/data/ratis/114c87c7-3c7b-4991-94d0-b4310260b4c3 close()
2019-07-30 20:33:29,626 INFO  server.GrpcService (GrpcService.java:closeImpl(155)) - ffc6d8b2-0a60-49a9-898c-52c221eb4361: shutdown server with port 33792 now
2019-07-30 20:33:29,627 INFO  server.GrpcService (GrpcService.java:closeImpl(163)) - ffc6d8b2-0a60-49a9-898c-52c221eb4361: shutdown server with port 33792 successfully
2019-07-30 20:33:29,629 INFO  utils.BackgroundService (BackgroundService.java:shutdown(148)) - Shutting down service BlockDeletingService
2019-07-30 20:33:29,632 WARN  fs.CachingGetSpaceUsed (CachingGetSpaceUsed.java:run(183)) - Thread Interrupted waiting to refresh disk information: sleep interrupted
2019-07-30 20:33:29,651 INFO  statemachine.DatanodeStateMachine (DatanodeStateMachine.java:stopDaemon(395)) - Ozone container server stopped.
2019-07-30 20:33:29,665 INFO  handler.ContextHandler (ContextHandler.java:doStop(910)) - Stopped o.e.j.w.WebAppContext@716f94c1{/,null,UNAVAILABLE}{/hddsDatanode}
2019-07-30 20:33:29,666 INFO  server.AbstractConnector (AbstractConnector.java:doStop(318)) - Stopped ServerConnector@53feeac9{HTTP/1.1,[http/1.1]}{0.0.0.0:0}
2019-07-30 20:33:29,667 INFO  handler.ContextHandler (ContextHandler.java:doStop(910)) - Stopped o.e.j.s.ServletContextHandler@1c74d19{/static,jar:file:/home/user/.m2/repository/org/apache/hadoop/hadoop-hdds-container-service/0.4.1-SNAPSHOT/hadoop-hdds-container-service-0.4.1-SNAPSHOT.jar!/webapps/static,UNAVAILABLE}
2019-07-30 20:33:29,668 INFO  handler.ContextHandler (ContextHandler.java:doStop(910)) - Stopped o.e.j.s.ServletContextHandler@59918c8f{/logs,file:///workdir/hadoop-ozone/integration-test/target/log,UNAVAILABLE}
2019-07-30 20:33:29,669 INFO  ozone.MiniOzoneClusterImpl (MiniOzoneClusterImpl.java:stop(353)) - Stopping the StorageContainerManager
2019-07-30 20:33:29,669 INFO  server.StorageContainerManager (StorageContainerManager.java:stop(796)) - Stopping Replication Manager Service.
2019-07-30 20:33:29,669 INFO  container.ReplicationManager (ReplicationManager.java:stop(187)) - Stopping Replication Monitor Thread.
2019-07-30 20:33:29,670 INFO  server.StorageContainerManager (StorageContainerManager.java:stop(803)) - Stopping Lease Manager of the command watchers
2019-07-30 20:33:29,670 INFO  server.StorageContainerManager (StorageContainerManager.java:stop(810)) - Stopping datanode service RPC server
2019-07-30 20:33:29,670 INFO  server.SCMDatanodeProtocolServer (SCMDatanodeProtocolServer.java:stop(367)) - Stopping the RPC server for DataNodes
2019-07-30 20:33:29,670 INFO  ipc.Server (Server.java:stop(3082)) - Stopping server on 41922
2019-07-30 20:33:29,672 INFO  ipc.Server (Server.java:run(1185)) - Stopping IPC Server listener on 41922
2019-07-30 20:33:29,672 INFO  ipc.Server (Server.java:run(1319)) - Stopping IPC Server Responder
2019-07-30 20:33:29,697 WARN  node.NodeStateManager (NodeStateManager.java:scheduleNextHealthCheck(631)) - Current Thread is interrupted, shutting down HB processing thread for Node Manager.
2019-07-30 20:33:29,698 INFO  server.StorageContainerManager (StorageContainerManager.java:stop(818)) - Stopping block service RPC server
2019-07-30 20:33:29,698 INFO  server.SCMBlockProtocolServer (SCMBlockProtocolServer.java:stop(148)) - Stopping the RPC server for Block Protocol
2019-07-30 20:33:29,698 INFO  ipc.Server (Server.java:stop(3082)) - Stopping server on 40611
2019-07-30 20:33:29,699 INFO  ipc.Server (Server.java:run(1185)) - Stopping IPC Server listener on 40611
2019-07-30 20:33:29,699 INFO  server.StorageContainerManager (StorageContainerManager.java:stop(825)) - Stopping the StorageContainerLocationProtocol RPC server
2019-07-30 20:33:29,700 INFO  server.SCMClientProtocolServer (SCMClientProtocolServer.java:stop(159)) - Stopping the RPC server for Client Protocol
2019-07-30 20:33:29,700 INFO  ipc.Server (Server.java:run(1319)) - Stopping IPC Server Responder
2019-07-30 20:33:29,700 INFO  ipc.Server (Server.java:stop(3082)) - Stopping server on 39151
2019-07-30 20:33:29,701 INFO  ipc.Server (Server.java:run(1185)) - Stopping IPC Server listener on 39151
2019-07-30 20:33:29,701 INFO  server.StorageContainerManager (StorageContainerManager.java:stop(832)) - Stopping Storage Container Manager HTTP server.
2019-07-30 20:33:29,702 INFO  handler.ContextHandler (ContextHandler.java:doStop(910)) - Stopped o.e.j.w.WebAppContext@7876d598{/,null,UNAVAILABLE}{/scm}
2019-07-30 20:33:29,703 INFO  ipc.Server (Server.java:run(1319)) - Stopping IPC Server Responder
2019-07-30 20:33:29,703 INFO  server.AbstractConnector (AbstractConnector.java:doStop(318)) - Stopped ServerConnector@6fa590ba{HTTP/1.1,[http/1.1]}{0.0.0.0:0}
2019-07-30 20:33:29,704 INFO  handler.ContextHandler (ContextHandler.java:doStop(910)) - Stopped o.e.j.s.ServletContextHandler@4dd02341{/static,file:///workdir/hadoop-ozone/integration-test/target/test-classes/webapps/static,UNAVAILABLE}
2019-07-30 20:33:29,704 INFO  handler.ContextHandler (ContextHandler.java:doStop(910)) - Stopped o.e.j.s.ServletContextHandler@635572a7{/logs,file:///workdir/hadoop-ozone/integration-test/target/log,UNAVAILABLE}
2019-07-30 20:33:29,705 INFO  server.StorageContainerManager (StorageContainerManager.java:stop(843)) - Stopping Block Manager Service.
2019-07-30 20:33:29,706 INFO  utils.BackgroundService (BackgroundService.java:shutdown(148)) - Shutting down service SCMBlockDeletingService
2019-07-30 20:33:29,706 INFO  utils.BackgroundService (BackgroundService.java:shutdown(148)) - Shutting down service SCMBlockDeletingService
2019-07-30 20:33:29,707 INFO  server.StorageContainerManager (StorageContainerManager.java:stop(865)) - Stopping SCM Event Queue.
2019-07-30 20:33:29,734 INFO  impl.MetricsSystemImpl (MetricsSystemImpl.java:stop(210)) - Stopping XceiverClientMetrics metrics system...
2019-07-30 20:33:29,741 INFO  impl.MetricsSystemImpl (MetricsSystemImpl.java:stop(216)) - XceiverClientMetrics metrics system stopped.
]]></system-out>
    <system-err><![CDATA[ERROR StatusLogger No Log4j 2 configuration file found. Using default configuration (logging only errors to the console), or user programmatically provided configurations. Set system property 'log4j2.debug' to show Log4j 2 internal initialization logging. See https://logging.apache.org/log4j/2.x/manual/configuration.html for instructions on how to configure Log4j 2
Jul 30, 2019 8:32:50 PM com.sun.jersey.server.impl.application.WebApplicationImpl _initiate
INFO: Initiating Jersey application, version 'Jersey: 1.19 02/11/2015 03:25 AM'
Jul 30, 2019 8:32:51 PM com.sun.jersey.server.impl.application.WebApplicationImpl _initiate
INFO: Initiating Jersey application, version 'Jersey: 1.19 02/11/2015 03:25 AM'
Jul 30, 2019 8:32:52 PM com.sun.jersey.server.impl.application.WebApplicationImpl _initiate
INFO: Initiating Jersey application, version 'Jersey: 1.19 02/11/2015 03:25 AM'
Jul 30, 2019 8:32:52 PM com.sun.jersey.server.impl.application.WebApplicationImpl _initiate
INFO: Initiating Jersey application, version 'Jersey: 1.19 02/11/2015 03:25 AM'
Jul 30, 2019 8:32:52 PM com.sun.jersey.server.impl.application.WebApplicationImpl _initiate
INFO: Initiating Jersey application, version 'Jersey: 1.19 02/11/2015 03:25 AM'
Jul 30, 2019 8:32:52 PM com.sun.jersey.server.impl.application.WebApplicationImpl _initiate
INFO: Initiating Jersey application, version 'Jersey: 1.19 02/11/2015 03:25 AM'
Jul 30, 2019 8:32:52 PM com.sun.jersey.server.impl.application.WebApplicationImpl _initiate
INFO: Initiating Jersey application, version 'Jersey: 1.19 02/11/2015 03:25 AM'
]]></system-err>
  </testcase>
  <testcase name="testDatanodeFailureWithPreAllocation" classname="org.apache.hadoop.ozone.client.rpc.TestBlockOutputStreamWithFailures" time="225.378"/>
  <testcase name="testDatanodeFailureWithSingleNodeRatis" classname="org.apache.hadoop.ozone.client.rpc.TestBlockOutputStreamWithFailures" time="230.681"/>
  <testcase name="testWatchForCommitWithSingleNodeRatis" classname="org.apache.hadoop.ozone.client.rpc.TestBlockOutputStreamWithFailures" time="34.362"/>
  <testcase name="testWatchForCommitDatanodeFailure" classname="org.apache.hadoop.ozone.client.rpc.TestBlockOutputStreamWithFailures" time="33.994"/>
  <testcase name="testFailureWithPrimeSizedData" classname="org.apache.hadoop.ozone.client.rpc.TestBlockOutputStreamWithFailures" time="40.338"/>
  <testcase name="testWatchForCommitWithCloseContainerException" classname="org.apache.hadoop.ozone.client.rpc.TestBlockOutputStreamWithFailures" time="34.401"/>
  <testcase name="testExceptionDuringClose" classname="org.apache.hadoop.ozone.client.rpc.TestBlockOutputStreamWithFailures" time="34.298"/>
</testsuite>