<?xml version="1.0" encoding="UTF-8"?>
<testsuite xmlns:xsi="http://www.w3.org/2001/XMLSchema-instance" xsi:noNamespaceSchemaLocation="https://maven.apache.org/surefire/maven-surefire-plugin/xsd/surefire-test-report.xsd" name="org.apache.hadoop.ozone.freon.TestFreonWithPipelineDestroy" time="50.215" tests="1" errors="1" skipped="0" failures="0">
  <properties>
    <property name="awt.toolkit" value="sun.awt.X11.XToolkit"/>
    <property name="file.encoding.pkg" value="sun.io"/>
    <property name="java.specification.version" value="1.8"/>
    <property name="sun.cpu.isalist" value=""/>
    <property name="sun.jnu.encoding" value="UTF-8"/>
    <property name="java.class.path" value="/workdir/hadoop-ozone/tools/target/test-classes:/workdir/hadoop-ozone/tools/target/classes:/home/user/.m2/repository/org/apache/hadoop/hadoop-ozone-ozone-manager/0.5.0-SNAPSHOT/hadoop-ozone-ozone-manager-0.5.0-SNAPSHOT.jar:/home/user/.m2/repository/org/apache/hadoop/hadoop-hdds-docs/0.5.0-SNAPSHOT/hadoop-hdds-docs-0.5.0-SNAPSHOT.jar:/home/user/.m2/repository/org/bouncycastle/bcprov-jdk15on/1.60/bcprov-jdk15on-1.60.jar:/home/user/.m2/repository/org/apache/hadoop/hadoop-ozone-common/0.5.0-SNAPSHOT/hadoop-ozone-common-0.5.0-SNAPSHOT.jar:/home/user/.m2/repository/org/apache/commons/commons-compress/1.4.1/commons-compress-1.4.1.jar:/home/user/.m2/repository/org/tukaani/xz/1.0/xz-1.0.jar:/home/user/.m2/repository/org/apache/hadoop/hadoop-hdfs-client/3.2.0/hadoop-hdfs-client-3.2.0.jar:/home/user/.m2/repository/com/fasterxml/jackson/core/jackson-annotations/2.9.5/jackson-annotations-2.9.5.jar:/home/user/.m2/repository/org/apache/hadoop/hadoop-hdds-common/0.5.0-SNAPSHOT/hadoop-hdds-common-0.5.0-SNAPSHOT.jar:/home/user/.m2/repository/org/apache/hadoop/hadoop-hdds-config/0.5.0-SNAPSHOT/hadoop-hdds-config-0.5.0-SNAPSHOT.jar:/home/user/.m2/repository/javax/annotation/javax.annotation-api/1.2/javax.annotation-api-1.2.jar:/home/user/.m2/repository/org/apache/ratis/ratis-server/0.4.0-2337318-SNAPSHOT/ratis-server-0.4.0-2337318-SNAPSHOT.jar:/home/user/.m2/repository/org/apache/ratis/ratis-thirdparty-misc/0.2.0/ratis-thirdparty-misc-0.2.0.jar:/home/user/.m2/repository/org/apache/ratis/ratis-proto/0.4.0-2337318-SNAPSHOT/ratis-proto-0.4.0-2337318-SNAPSHOT.jar:/home/user/.m2/repository/org/apache/ratis/ratis-common/0.4.0-2337318-SNAPSHOT/ratis-common-0.4.0-2337318-SNAPSHOT.jar:/home/user/.m2/repository/org/apache/ratis/ratis-client/0.4.0-2337318-SNAPSHOT/ratis-client-0.4.0-2337318-SNAPSHOT.jar:/home/user/.m2/repository/org/apache/ratis/ratis-metrics/0.4.0-2337318-SNAPSHOT/ratis-metrics-0.4.0-2337318-SNAPSHOT.jar:/home/user/.m2/repository/org/apache/ratis/ratis-netty/0.4.0-2337318-SNAPSHOT/ratis-netty-0.4.0-2337318-SNAPSHOT.jar:/home/user/.m2/repository/org/apache/ratis/ratis-grpc/0.4.0-2337318-SNAPSHOT/ratis-grpc-0.4.0-2337318-SNAPSHOT.jar:/home/user/.m2/repository/org/rocksdb/rocksdbjni/6.0.1/rocksdbjni-6.0.1.jar:/home/user/.m2/repository/org/apache/logging/log4j/log4j-api/2.11.0/log4j-api-2.11.0.jar:/home/user/.m2/repository/org/apache/logging/log4j/log4j-core/2.11.0/log4j-core-2.11.0.jar:/home/user/.m2/repository/com/lmax/disruptor/3.4.2/disruptor-3.4.2.jar:/home/user/.m2/repository/org/apache/commons/commons-pool2/2.6.0/commons-pool2-2.6.0.jar:/home/user/.m2/repository/org/bouncycastle/bcpkix-jdk15on/1.60/bcpkix-jdk15on-1.60.jar:/home/user/.m2/repository/commons-validator/commons-validator/1.6/commons-validator-1.6.jar:/home/user/.m2/repository/commons-digester/commons-digester/1.8.1/commons-digester-1.8.1.jar:/home/user/.m2/repository/io/jaegertracing/jaeger-client/0.33.1/jaeger-client-0.33.1.jar:/home/user/.m2/repository/io/jaegertracing/jaeger-thrift/0.33.1/jaeger-thrift-0.33.1.jar:/home/user/.m2/repository/org/apache/thrift/libthrift/0.11.0/libthrift-0.11.0.jar:/home/user/.m2/repository/com/squareup/okhttp3/okhttp/3.9.0/okhttp-3.9.0.jar:/home/user/.m2/repository/com/squareup/okio/okio/1.13.0/okio-1.13.0.jar:/home/user/.m2/repository/io/jaegertracing/jaeger-core/0.33.1/jaeger-core-0.33.1.jar:/home/user/.m2/repository/io/jaegertracing/jaeger-tracerresolver/0.33.1/jaeger-tracerresolver-0.33.1.jar:/home/user/.m2/repository/io/opentracing/contrib/opentracing-tracerresolver/0.1.5/opentracing-tracerresolver-0.1.5.jar:/home/user/.m2/repository/io/opentracing/opentracing-util/0.31.0/opentracing-util-0.31.0.jar:/home/user/.m2/repository/io/opentracing/opentracing-api/0.31.0/opentracing-api-0.31.0.jar:/home/user/.m2/repository/io/opentracing/opentracing-noop/0.31.0/opentracing-noop-0.31.0.jar:/home/user/.m2/repository/org/yaml/snakeyaml/1.16/snakeyaml-1.16.jar:/home/user/.m2/repository/org/apache/hadoop/hadoop-hdds-container-service/0.5.0-SNAPSHOT/hadoop-hdds-container-service-0.5.0-SNAPSHOT.jar:/home/user/.m2/repository/org/apache/hadoop/hadoop-hdds-client/0.5.0-SNAPSHOT/hadoop-hdds-client-0.5.0-SNAPSHOT.jar:/home/user/.m2/repository/org/apache/hadoop/hadoop-hdds-tools/0.5.0-SNAPSHOT/hadoop-hdds-tools-0.5.0-SNAPSHOT.jar:/home/user/.m2/repository/org/xerial/sqlite-jdbc/3.25.2/sqlite-jdbc-3.25.2.jar:/home/user/.m2/repository/org/apache/hadoop/hadoop-hdds-server-scm/0.5.0-SNAPSHOT/hadoop-hdds-server-scm-0.5.0-SNAPSHOT.jar:/home/user/.m2/repository/org/hamcrest/hamcrest-all/1.3/hamcrest-all-1.3.jar:/home/user/.m2/repository/info/picocli/picocli/3.9.6/picocli-3.9.6.jar:/home/user/.m2/repository/com/google/protobuf/protobuf-java/2.5.0/protobuf-java-2.5.0.jar:/home/user/.m2/repository/com/google/guava/guava/11.0.2/guava-11.0.2.jar:/home/user/.m2/repository/org/apache/hadoop/hadoop-ozone-client/0.5.0-SNAPSHOT/hadoop-ozone-client-0.5.0-SNAPSHOT.jar:/workdir/hadoop-ozone/ozonefs/target/classes:/home/user/.m2/repository/org/apache/hadoop/hadoop-hdds-server-framework/0.5.0-SNAPSHOT/hadoop-hdds-server-framework-0.5.0-SNAPSHOT.jar:/home/user/.m2/repository/org/apache/hadoop/hadoop-common/3.2.0/hadoop-common-3.2.0.jar:/home/user/.m2/repository/org/apache/hadoop/hadoop-annotations/3.2.0/hadoop-annotations-3.2.0.jar:/usr/lib/jvm/java-1.8-openjdk/jre/../lib/tools.jar:/home/user/.m2/repository/commons-cli/commons-cli/1.2/commons-cli-1.2.jar:/home/user/.m2/repository/org/apache/commons/commons-math3/3.1.1/commons-math3-3.1.1.jar:/home/user/.m2/repository/org/apache/httpcomponents/httpclient/4.5.2/httpclient-4.5.2.jar:/home/user/.m2/repository/org/apache/httpcomponents/httpcore/4.4.4/httpcore-4.4.4.jar:/home/user/.m2/repository/commons-codec/commons-codec/1.11/commons-codec-1.11.jar:/home/user/.m2/repository/commons-io/commons-io/2.5/commons-io-2.5.jar:/home/user/.m2/repository/commons-net/commons-net/3.6/commons-net-3.6.jar:/home/user/.m2/repository/commons-collections/commons-collections/3.2.2/commons-collections-3.2.2.jar:/home/user/.m2/repository/javax/servlet/javax.servlet-api/3.1.0/javax.servlet-api-3.1.0.jar:/home/user/.m2/repository/org/eclipse/jetty/jetty-server/9.3.24.v20180605/jetty-server-9.3.24.v20180605.jar:/home/user/.m2/repository/org/eclipse/jetty/jetty-http/9.3.24.v20180605/jetty-http-9.3.24.v20180605.jar:/home/user/.m2/repository/org/eclipse/jetty/jetty-io/9.3.24.v20180605/jetty-io-9.3.24.v20180605.jar:/home/user/.m2/repository/org/eclipse/jetty/jetty-util/9.3.24.v20180605/jetty-util-9.3.24.v20180605.jar:/home/user/.m2/repository/org/eclipse/jetty/jetty-servlet/9.3.24.v20180605/jetty-servlet-9.3.24.v20180605.jar:/home/user/.m2/repository/org/eclipse/jetty/jetty-security/9.3.24.v20180605/jetty-security-9.3.24.v20180605.jar:/home/user/.m2/repository/org/eclipse/jetty/jetty-webapp/9.3.24.v20180605/jetty-webapp-9.3.24.v20180605.jar:/home/user/.m2/repository/org/eclipse/jetty/jetty-xml/9.3.24.v20180605/jetty-xml-9.3.24.v20180605.jar:/home/user/.m2/repository/javax/servlet/jsp/jsp-api/2.1/jsp-api-2.1.jar:/home/user/.m2/repository/com/sun/jersey/jersey-core/1.19/jersey-core-1.19.jar:/home/user/.m2/repository/javax/ws/rs/jsr311-api/1.1.1/jsr311-api-1.1.1.jar:/home/user/.m2/repository/com/sun/jersey/jersey-servlet/1.19/jersey-servlet-1.19.jar:/home/user/.m2/repository/com/sun/jersey/jersey-json/1.19/jersey-json-1.19.jar:/home/user/.m2/repository/org/codehaus/jettison/jettison/1.1/jettison-1.1.jar:/home/user/.m2/repository/com/sun/xml/bind/jaxb-impl/2.3.0.1/jaxb-impl-2.3.0.1.jar:/home/user/.m2/repository/org/codehaus/jackson/jackson-core-asl/1.9.13/jackson-core-asl-1.9.13.jar:/home/user/.m2/repository/org/codehaus/jackson/jackson-mapper-asl/1.9.13/jackson-mapper-asl-1.9.13.jar:/home/user/.m2/repository/org/codehaus/jackson/jackson-jaxrs/1.9.13/jackson-jaxrs-1.9.13.jar:/home/user/.m2/repository/org/codehaus/jackson/jackson-xc/1.9.13/jackson-xc-1.9.13.jar:/home/user/.m2/repository/com/sun/jersey/jersey-server/1.19/jersey-server-1.19.jar:/home/user/.m2/repository/commons-logging/commons-logging/1.1.3/commons-logging-1.1.3.jar:/home/user/.m2/repository/log4j/log4j/1.2.17/log4j-1.2.17.jar:/home/user/.m2/repository/commons-beanutils/commons-beanutils/1.9.3/commons-beanutils-1.9.3.jar:/home/user/.m2/repository/org/apache/commons/commons-configuration2/2.1.1/commons-configuration2-2.1.1.jar:/home/user/.m2/repository/org/apache/commons/commons-lang3/3.7/commons-lang3-3.7.jar:/home/user/.m2/repository/org/apache/commons/commons-text/1.4/commons-text-1.4.jar:/home/user/.m2/repository/org/slf4j/slf4j-api/1.7.25/slf4j-api-1.7.25.jar:/home/user/.m2/repository/org/slf4j/slf4j-log4j12/1.7.25/slf4j-log4j12-1.7.25.jar:/home/user/.m2/repository/org/apache/avro/avro/1.7.7/avro-1.7.7.jar:/home/user/.m2/repository/com/thoughtworks/paranamer/paranamer/2.3/paranamer-2.3.jar:/home/user/.m2/repository/org/xerial/snappy/snappy-java/1.0.5/snappy-java-1.0.5.jar:/home/user/.m2/repository/com/google/re2j/re2j/1.1/re2j-1.1.jar:/home/user/.m2/repository/com/google/code/gson/gson/2.2.4/gson-2.2.4.jar:/home/user/.m2/repository/org/apache/hadoop/hadoop-auth/3.2.0/hadoop-auth-3.2.0.jar:/home/user/.m2/repository/com/nimbusds/nimbus-jose-jwt/4.41.1/nimbus-jose-jwt-4.41.1.jar:/home/user/.m2/repository/com/github/stephenc/jcip/jcip-annotations/1.0-1/jcip-annotations-1.0-1.jar:/home/user/.m2/repository/net/minidev/json-smart/2.3/json-smart-2.3.jar:/home/user/.m2/repository/net/minidev/accessors-smart/1.2/accessors-smart-1.2.jar:/home/user/.m2/repository/org/apache/curator/curator-framework/2.12.0/curator-framework-2.12.0.jar:/home/user/.m2/repository/com/jcraft/jsch/0.1.54/jsch-0.1.54.jar:/home/user/.m2/repository/org/apache/curator/curator-client/2.12.0/curator-client-2.12.0.jar:/home/user/.m2/repository/org/apache/curator/curator-recipes/2.12.0/curator-recipes-2.12.0.jar:/home/user/.m2/repository/com/google/code/findbugs/jsr305/3.0.0/jsr305-3.0.0.jar:/home/user/.m2/repository/org/apache/htrace/htrace-core4/4.1.0-incubating/htrace-core4-4.1.0-incubating.jar:/home/user/.m2/repository/org/apache/zookeeper/zookeeper/3.4.13/zookeeper-3.4.13.jar:/home/user/.m2/repository/org/apache/yetus/audience-annotations/0.5.0/audience-annotations-0.5.0.jar:/home/user/.m2/repository/org/apache/kerby/kerb-simplekdc/1.0.1/kerb-simplekdc-1.0.1.jar:/home/user/.m2/repository/org/apache/kerby/kerb-client/1.0.1/kerb-client-1.0.1.jar:/home/user/.m2/repository/org/apache/kerby/kerby-config/1.0.1/kerby-config-1.0.1.jar:/home/user/.m2/repository/org/apache/kerby/kerb-core/1.0.1/kerb-core-1.0.1.jar:/home/user/.m2/repository/org/apache/kerby/kerby-pkix/1.0.1/kerby-pkix-1.0.1.jar:/home/user/.m2/repository/org/apache/kerby/kerby-asn1/1.0.1/kerby-asn1-1.0.1.jar:/home/user/.m2/repository/org/apache/kerby/kerby-util/1.0.1/kerby-util-1.0.1.jar:/home/user/.m2/repository/org/apache/kerby/kerb-common/1.0.1/kerb-common-1.0.1.jar:/home/user/.m2/repository/org/apache/kerby/kerb-crypto/1.0.1/kerb-crypto-1.0.1.jar:/home/user/.m2/repository/org/apache/kerby/kerb-util/1.0.1/kerb-util-1.0.1.jar:/home/user/.m2/repository/org/apache/kerby/token-provider/1.0.1/token-provider-1.0.1.jar:/home/user/.m2/repository/org/apache/kerby/kerb-admin/1.0.1/kerb-admin-1.0.1.jar:/home/user/.m2/repository/org/apache/kerby/kerb-server/1.0.1/kerb-server-1.0.1.jar:/home/user/.m2/repository/org/apache/kerby/kerb-identity/1.0.1/kerb-identity-1.0.1.jar:/home/user/.m2/repository/org/apache/kerby/kerby-xdr/1.0.1/kerby-xdr-1.0.1.jar:/home/user/.m2/repository/com/fasterxml/jackson/core/jackson-databind/2.9.5/jackson-databind-2.9.5.jar:/home/user/.m2/repository/com/fasterxml/jackson/core/jackson-core/2.9.5/jackson-core-2.9.5.jar:/home/user/.m2/repository/org/codehaus/woodstox/stax2-api/3.1.4/stax2-api-3.1.4.jar:/home/user/.m2/repository/com/fasterxml/woodstox/woodstox-core/5.0.3/woodstox-core-5.0.3.jar:/home/user/.m2/repository/dnsjava/dnsjava/2.1.7/dnsjava-2.1.7.jar:/home/user/.m2/repository/org/apache/hadoop/hadoop-hdfs/3.2.0/hadoop-hdfs-3.2.0.jar:/home/user/.m2/repository/org/eclipse/jetty/jetty-util-ajax/9.3.24.v20180605/jetty-util-ajax-9.3.24.v20180605.jar:/home/user/.m2/repository/commons-daemon/commons-daemon/1.0.13/commons-daemon-1.0.13.jar:/home/user/.m2/repository/io/netty/netty/3.10.5.Final/netty-3.10.5.Final.jar:/home/user/.m2/repository/io/netty/netty-all/4.0.52.Final/netty-all-4.0.52.Final.jar:/home/user/.m2/repository/org/fusesource/leveldbjni/leveldbjni-all/1.8/leveldbjni-all-1.8.jar:/home/user/.m2/repository/com/sun/xml/bind/jaxb-core/2.3.0.1/jaxb-core-2.3.0.1.jar:/home/user/.m2/repository/javax/xml/bind/jaxb-api/2.3.0/jaxb-api-2.3.0.jar:/home/user/.m2/repository/javax/activation/activation/1.1.1/activation-1.1.1.jar:/home/user/.m2/repository/io/dropwizard/metrics/metrics-core/3.2.4/metrics-core-3.2.4.jar:/home/user/.m2/repository/org/openjdk/jmh/jmh-core/1.19/jmh-core-1.19.jar:/home/user/.m2/repository/net/sf/jopt-simple/jopt-simple/4.6/jopt-simple-4.6.jar:/home/user/.m2/repository/org/openjdk/jmh/jmh-generator-annprocess/1.19/jmh-generator-annprocess-1.19.jar:/home/user/.m2/repository/com/google/code/findbugs/findbugs/3.0.1/findbugs-3.0.1.jar:/home/user/.m2/repository/net/jcip/jcip-annotations/1.0/jcip-annotations-1.0.jar:/home/user/.m2/repository/com/google/code/findbugs/bcel-findbugs/6.0/bcel-findbugs-6.0.jar:/home/user/.m2/repository/com/google/code/findbugs/jFormatString/2.0.1/jFormatString-2.0.1.jar:/home/user/.m2/repository/dom4j/dom4j/1.6.1/dom4j-1.6.1.jar:/home/user/.m2/repository/xml-apis/xml-apis/1.0.b2/xml-apis-1.0.b2.jar:/home/user/.m2/repository/org/ow2/asm/asm-debug-all/5.0.2/asm-debug-all-5.0.2.jar:/home/user/.m2/repository/org/ow2/asm/asm-commons/5.0.2/asm-commons-5.0.2.jar:/home/user/.m2/repository/org/ow2/asm/asm-tree/5.0.2/asm-tree-5.0.2.jar:/home/user/.m2/repository/org/ow2/asm/asm/5.0.4/asm-5.0.4.jar:/home/user/.m2/repository/commons-lang/commons-lang/2.6/commons-lang-2.6.jar:/home/user/.m2/repository/com/apple/AppleJavaExtensions/1.4/AppleJavaExtensions-1.4.jar:/home/user/.m2/repository/jaxen/jaxen/1.1.6/jaxen-1.1.6.jar:/home/user/.m2/repository/junit/junit/4.11/junit-4.11.jar:/home/user/.m2/repository/org/hamcrest/hamcrest-core/1.3/hamcrest-core-1.3.jar:/home/user/.m2/repository/org/apache/hadoop/hadoop-common/3.2.0/hadoop-common-3.2.0-tests.jar:/workdir/hadoop-ozone/integration-test/target/test-classes:/home/user/.m2/repository/org/apache/hadoop/hadoop-ozone-objectstore-service/0.5.0-SNAPSHOT/hadoop-ozone-objectstore-service-0.5.0-SNAPSHOT.jar:/home/user/.m2/repository/org/apache/hadoop/hadoop-ozone-s3gateway/0.5.0-SNAPSHOT/hadoop-ozone-s3gateway-0.5.0-SNAPSHOT.jar:/home/user/.m2/repository/org/jboss/weld/servlet/weld-servlet/2.4.7.Final/weld-servlet-2.4.7.Final.jar:/home/user/.m2/repository/org/glassfish/jersey/containers/jersey-container-servlet-core/2.27/jersey-container-servlet-core-2.27.jar:/home/user/.m2/repository/org/glassfish/hk2/external/javax.inject/2.5.0-b42/javax.inject-2.5.0-b42.jar:/home/user/.m2/repository/org/glassfish/jersey/core/jersey-common/2.27/jersey-common-2.27.jar:/home/user/.m2/repository/org/glassfish/hk2/osgi-resource-locator/1.0.1/osgi-resource-locator-1.0.1.jar:/home/user/.m2/repository/javax/ws/rs/javax.ws.rs-api/2.1/javax.ws.rs-api-2.1.jar:/home/user/.m2/repository/org/glassfish/jersey/ext/cdi/jersey-cdi1x/2.27/jersey-cdi1x-2.27.jar:/home/user/.m2/repository/org/glassfish/jersey/inject/jersey-hk2/2.27/jersey-hk2-2.27.jar:/home/user/.m2/repository/org/glassfish/hk2/hk2-locator/2.5.0-b42/hk2-locator-2.5.0-b42.jar:/home/user/.m2/repository/org/javassist/javassist/3.22.0-CR2/javassist-3.22.0-CR2.jar:/home/user/.m2/repository/org/glassfish/hk2/hk2-api/2.5.0/hk2-api-2.5.0.jar:/home/user/.m2/repository/org/glassfish/hk2/external/jakarta.inject/2.5.0/jakarta.inject-2.5.0.jar:/home/user/.m2/repository/org/glassfish/hk2/hk2-utils/2.5.0/hk2-utils-2.5.0.jar:/home/user/.m2/repository/jakarta/annotation/jakarta.annotation-api/1.3.4/jakarta.annotation-api-1.3.4.jar:/home/user/.m2/repository/org/glassfish/hk2/external/aopalliance-repackaged/2.5.0/aopalliance-repackaged-2.5.0.jar:/home/user/.m2/repository/com/fasterxml/jackson/dataformat/jackson-dataformat-xml/2.9.0/jackson-dataformat-xml-2.9.0.jar:/home/user/.m2/repository/com/fasterxml/jackson/module/jackson-module-jaxb-annotations/2.9.5/jackson-module-jaxb-annotations-2.9.5.jar:/home/user/.m2/repository/javax/enterprise/cdi-api/1.2/cdi-api-1.2.jar:/home/user/.m2/repository/javax/el/javax.el-api/3.0.0/javax.el-api-3.0.0.jar:/home/user/.m2/repository/javax/interceptor/javax.interceptor-api/1.2/javax.interceptor-api-1.2.jar:/home/user/.m2/repository/javax/inject/javax.inject/1/javax.inject-1.jar:/home/user/.m2/repository/org/apache/hadoop/hadoop-ozone-csi/0.5.0-SNAPSHOT/hadoop-ozone-csi-0.5.0-SNAPSHOT.jar:/home/user/.m2/repository/com/google/protobuf/protobuf-java-util/3.5.1/protobuf-java-util-3.5.1.jar:/home/user/.m2/repository/io/grpc/grpc-netty/1.17.1/grpc-netty-1.17.1.jar:/home/user/.m2/repository/io/grpc/grpc-core/1.17.1/grpc-core-1.17.1.jar:/home/user/.m2/repository/io/grpc/grpc-context/1.17.1/grpc-context-1.17.1.jar:/home/user/.m2/repository/com/google/errorprone/error_prone_annotations/2.2.0/error_prone_annotations-2.2.0.jar:/home/user/.m2/repository/org/codehaus/mojo/animal-sniffer-annotations/1.17/animal-sniffer-annotations-1.17.jar:/home/user/.m2/repository/io/opencensus/opencensus-api/0.17.0/opencensus-api-0.17.0.jar:/home/user/.m2/repository/io/opencensus/opencensus-contrib-grpc-metrics/0.17.0/opencensus-contrib-grpc-metrics-0.17.0.jar:/home/user/.m2/repository/io/netty/netty-codec-http2/4.1.30.Final/netty-codec-http2-4.1.30.Final.jar:/home/user/.m2/repository/io/netty/netty-codec-http/4.1.30.Final/netty-codec-http-4.1.30.Final.jar:/home/user/.m2/repository/io/netty/netty-codec/4.1.30.Final/netty-codec-4.1.30.Final.jar:/home/user/.m2/repository/io/netty/netty-handler/4.1.30.Final/netty-handler-4.1.30.Final.jar:/home/user/.m2/repository/io/netty/netty-handler-proxy/4.1.30.Final/netty-handler-proxy-4.1.30.Final.jar:/home/user/.m2/repository/io/netty/netty-codec-socks/4.1.30.Final/netty-codec-socks-4.1.30.Final.jar:/home/user/.m2/repository/io/netty/netty-transport-native-epoll/4.1.30.Final/netty-transport-native-epoll-4.1.30.Final.jar:/home/user/.m2/repository/io/netty/netty-common/4.1.30.Final/netty-common-4.1.30.Final.jar:/home/user/.m2/repository/io/netty/netty-buffer/4.1.30.Final/netty-buffer-4.1.30.Final.jar:/home/user/.m2/repository/io/netty/netty-transport/4.1.30.Final/netty-transport-4.1.30.Final.jar:/home/user/.m2/repository/io/netty/netty-resolver/4.1.30.Final/netty-resolver-4.1.30.Final.jar:/home/user/.m2/repository/io/netty/netty-transport-native-unix-common/4.1.30.Final/netty-transport-native-unix-common-4.1.30.Final.jar:/home/user/.m2/repository/io/grpc/grpc-protobuf/1.17.1/grpc-protobuf-1.17.1.jar:/home/user/.m2/repository/com/google/api/grpc/proto-google-common-protos/1.0.0/proto-google-common-protos-1.0.0.jar:/home/user/.m2/repository/io/grpc/grpc-protobuf-lite/1.17.1/grpc-protobuf-lite-1.17.1.jar:/home/user/.m2/repository/io/grpc/grpc-stub/1.17.1/grpc-stub-1.17.1.jar:/home/user/.m2/repository/org/apache/hadoop/hadoop-ozone-recon/0.5.0-SNAPSHOT/hadoop-ozone-recon-0.5.0-SNAPSHOT.jar:/home/user/.m2/repository/org/apache/hadoop/hadoop-ozone-reconcodegen/0.5.0-SNAPSHOT/hadoop-ozone-reconcodegen-0.5.0-SNAPSHOT.jar:/home/user/.m2/repository/com/google/inject/extensions/guice-multibindings/4.0/guice-multibindings-4.0.jar:/home/user/.m2/repository/com/google/inject/guice/4.0/guice-4.0.jar:/home/user/.m2/repository/aopalliance/aopalliance/1.0/aopalliance-1.0.jar:/home/user/.m2/repository/com/google/inject/extensions/guice-servlet/4.0/guice-servlet-4.0.jar:/home/user/.m2/repository/org/glassfish/jersey/containers/jersey-container-servlet/2.27/jersey-container-servlet-2.27.jar:/home/user/.m2/repository/org/glassfish/hk2/guice-bridge/2.5.0/guice-bridge-2.5.0.jar:/home/user/.m2/repository/org/glassfish/jersey/core/jersey-server/2.27/jersey-server-2.27.jar:/home/user/.m2/repository/org/glassfish/jersey/core/jersey-client/2.27/jersey-client-2.27.jar:/home/user/.m2/repository/org/glassfish/jersey/media/jersey-media-jaxb/2.27/jersey-media-jaxb-2.27.jar:/home/user/.m2/repository/javax/validation/validation-api/1.1.0.Final/validation-api-1.1.0.Final.jar:/home/user/.m2/repository/org/glassfish/jersey/media/jersey-media-json-jackson/2.27/jersey-media-json-jackson-2.27.jar:/home/user/.m2/repository/org/glassfish/jersey/ext/jersey-entity-filtering/2.27/jersey-entity-filtering-2.27.jar:/home/user/.m2/repository/com/google/inject/extensions/guice-assistedinject/4.0/guice-assistedinject-4.0.jar:/home/user/.m2/repository/org/jooq/jooq/3.11.10/jooq-3.11.10.jar:/home/user/.m2/repository/org/jooq/jooq-meta/3.11.10/jooq-meta-3.11.10.jar:/home/user/.m2/repository/org/jooq/jooq-codegen/3.11.10/jooq-codegen-3.11.10.jar:/home/user/.m2/repository/com/jolbox/bonecp/0.8.0.RELEASE/bonecp-0.8.0.RELEASE.jar:/home/user/.m2/repository/org/springframework/spring-jdbc/5.1.3.RELEASE/spring-jdbc-5.1.3.RELEASE.jar:/home/user/.m2/repository/org/springframework/spring-beans/5.1.3.RELEASE/spring-beans-5.1.3.RELEASE.jar:/home/user/.m2/repository/org/springframework/spring-core/5.1.3.RELEASE/spring-core-5.1.3.RELEASE.jar:/home/user/.m2/repository/org/springframework/spring-jcl/5.1.3.RELEASE/spring-jcl-5.1.3.RELEASE.jar:/home/user/.m2/repository/org/springframework/spring-tx/5.1.3.RELEASE/spring-tx-5.1.3.RELEASE.jar:/home/user/.m2/repository/org/mockito/mockito-core/2.15.0/mockito-core-2.15.0.jar:/home/user/.m2/repository/net/bytebuddy/byte-buddy/1.7.9/byte-buddy-1.7.9.jar:/home/user/.m2/repository/net/bytebuddy/byte-buddy-agent/1.7.9/byte-buddy-agent-1.7.9.jar:/home/user/.m2/repository/org/objenesis/objenesis/1.0/objenesis-1.0.jar:"/>
    <property name="java.vm.vendor" value="IcedTea"/>
    <property name="sun.arch.data.model" value="64"/>
    <property name="test.build.dir" value="/workdir/hadoop-ozone/tools/target/test-dir"/>
    <property name="test.cache.data" value=""/>
    <property name="java.vendor.url" value="https://icedtea.classpath.org"/>
    <property name="user.timezone" value=""/>
    <property name="java.vm.specification.version" value="1.8"/>
    <property name="os.name" value="Linux"/>
    <property name="test.build.data" value="/workdir/hadoop-ozone/tools/target/test-dir"/>
    <property name="user.country" value="US"/>
    <property name="sun.java.launcher" value="SUN_STANDARD"/>
    <property name="sun.boot.library.path" value="/usr/lib/jvm/java-1.8-openjdk/jre/lib/amd64"/>
    <property name="sun.java.command" value="/workdir/hadoop-ozone/tools/target/surefire/surefirebooter2331989587918675084.jar /workdir/hadoop-ozone/tools/target/surefire 2019-09-18T15-45-32_991-jvmRun1 surefire1956631463684812950tmp surefire_1192181155828305479745tmp"/>
    <property name="test" value="!TestMiniChaosOzoneCluster"/>
    <property name="surefire.test.class.path" value="/workdir/hadoop-ozone/tools/target/test-classes:/workdir/hadoop-ozone/tools/target/classes:/home/user/.m2/repository/org/apache/hadoop/hadoop-ozone-ozone-manager/0.5.0-SNAPSHOT/hadoop-ozone-ozone-manager-0.5.0-SNAPSHOT.jar:/home/user/.m2/repository/org/apache/hadoop/hadoop-hdds-docs/0.5.0-SNAPSHOT/hadoop-hdds-docs-0.5.0-SNAPSHOT.jar:/home/user/.m2/repository/org/bouncycastle/bcprov-jdk15on/1.60/bcprov-jdk15on-1.60.jar:/home/user/.m2/repository/org/apache/hadoop/hadoop-ozone-common/0.5.0-SNAPSHOT/hadoop-ozone-common-0.5.0-SNAPSHOT.jar:/home/user/.m2/repository/org/apache/commons/commons-compress/1.4.1/commons-compress-1.4.1.jar:/home/user/.m2/repository/org/tukaani/xz/1.0/xz-1.0.jar:/home/user/.m2/repository/org/apache/hadoop/hadoop-hdfs-client/3.2.0/hadoop-hdfs-client-3.2.0.jar:/home/user/.m2/repository/com/fasterxml/jackson/core/jackson-annotations/2.9.5/jackson-annotations-2.9.5.jar:/home/user/.m2/repository/org/apache/hadoop/hadoop-hdds-common/0.5.0-SNAPSHOT/hadoop-hdds-common-0.5.0-SNAPSHOT.jar:/home/user/.m2/repository/org/apache/hadoop/hadoop-hdds-config/0.5.0-SNAPSHOT/hadoop-hdds-config-0.5.0-SNAPSHOT.jar:/home/user/.m2/repository/javax/annotation/javax.annotation-api/1.2/javax.annotation-api-1.2.jar:/home/user/.m2/repository/org/apache/ratis/ratis-server/0.4.0-2337318-SNAPSHOT/ratis-server-0.4.0-2337318-SNAPSHOT.jar:/home/user/.m2/repository/org/apache/ratis/ratis-thirdparty-misc/0.2.0/ratis-thirdparty-misc-0.2.0.jar:/home/user/.m2/repository/org/apache/ratis/ratis-proto/0.4.0-2337318-SNAPSHOT/ratis-proto-0.4.0-2337318-SNAPSHOT.jar:/home/user/.m2/repository/org/apache/ratis/ratis-common/0.4.0-2337318-SNAPSHOT/ratis-common-0.4.0-2337318-SNAPSHOT.jar:/home/user/.m2/repository/org/apache/ratis/ratis-client/0.4.0-2337318-SNAPSHOT/ratis-client-0.4.0-2337318-SNAPSHOT.jar:/home/user/.m2/repository/org/apache/ratis/ratis-metrics/0.4.0-2337318-SNAPSHOT/ratis-metrics-0.4.0-2337318-SNAPSHOT.jar:/home/user/.m2/repository/org/apache/ratis/ratis-netty/0.4.0-2337318-SNAPSHOT/ratis-netty-0.4.0-2337318-SNAPSHOT.jar:/home/user/.m2/repository/org/apache/ratis/ratis-grpc/0.4.0-2337318-SNAPSHOT/ratis-grpc-0.4.0-2337318-SNAPSHOT.jar:/home/user/.m2/repository/org/rocksdb/rocksdbjni/6.0.1/rocksdbjni-6.0.1.jar:/home/user/.m2/repository/org/apache/logging/log4j/log4j-api/2.11.0/log4j-api-2.11.0.jar:/home/user/.m2/repository/org/apache/logging/log4j/log4j-core/2.11.0/log4j-core-2.11.0.jar:/home/user/.m2/repository/com/lmax/disruptor/3.4.2/disruptor-3.4.2.jar:/home/user/.m2/repository/org/apache/commons/commons-pool2/2.6.0/commons-pool2-2.6.0.jar:/home/user/.m2/repository/org/bouncycastle/bcpkix-jdk15on/1.60/bcpkix-jdk15on-1.60.jar:/home/user/.m2/repository/commons-validator/commons-validator/1.6/commons-validator-1.6.jar:/home/user/.m2/repository/commons-digester/commons-digester/1.8.1/commons-digester-1.8.1.jar:/home/user/.m2/repository/io/jaegertracing/jaeger-client/0.33.1/jaeger-client-0.33.1.jar:/home/user/.m2/repository/io/jaegertracing/jaeger-thrift/0.33.1/jaeger-thrift-0.33.1.jar:/home/user/.m2/repository/org/apache/thrift/libthrift/0.11.0/libthrift-0.11.0.jar:/home/user/.m2/repository/com/squareup/okhttp3/okhttp/3.9.0/okhttp-3.9.0.jar:/home/user/.m2/repository/com/squareup/okio/okio/1.13.0/okio-1.13.0.jar:/home/user/.m2/repository/io/jaegertracing/jaeger-core/0.33.1/jaeger-core-0.33.1.jar:/home/user/.m2/repository/io/jaegertracing/jaeger-tracerresolver/0.33.1/jaeger-tracerresolver-0.33.1.jar:/home/user/.m2/repository/io/opentracing/contrib/opentracing-tracerresolver/0.1.5/opentracing-tracerresolver-0.1.5.jar:/home/user/.m2/repository/io/opentracing/opentracing-util/0.31.0/opentracing-util-0.31.0.jar:/home/user/.m2/repository/io/opentracing/opentracing-api/0.31.0/opentracing-api-0.31.0.jar:/home/user/.m2/repository/io/opentracing/opentracing-noop/0.31.0/opentracing-noop-0.31.0.jar:/home/user/.m2/repository/org/yaml/snakeyaml/1.16/snakeyaml-1.16.jar:/home/user/.m2/repository/org/apache/hadoop/hadoop-hdds-container-service/0.5.0-SNAPSHOT/hadoop-hdds-container-service-0.5.0-SNAPSHOT.jar:/home/user/.m2/repository/org/apache/hadoop/hadoop-hdds-client/0.5.0-SNAPSHOT/hadoop-hdds-client-0.5.0-SNAPSHOT.jar:/home/user/.m2/repository/org/apache/hadoop/hadoop-hdds-tools/0.5.0-SNAPSHOT/hadoop-hdds-tools-0.5.0-SNAPSHOT.jar:/home/user/.m2/repository/org/xerial/sqlite-jdbc/3.25.2/sqlite-jdbc-3.25.2.jar:/home/user/.m2/repository/org/apache/hadoop/hadoop-hdds-server-scm/0.5.0-SNAPSHOT/hadoop-hdds-server-scm-0.5.0-SNAPSHOT.jar:/home/user/.m2/repository/org/hamcrest/hamcrest-all/1.3/hamcrest-all-1.3.jar:/home/user/.m2/repository/info/picocli/picocli/3.9.6/picocli-3.9.6.jar:/home/user/.m2/repository/com/google/protobuf/protobuf-java/2.5.0/protobuf-java-2.5.0.jar:/home/user/.m2/repository/com/google/guava/guava/11.0.2/guava-11.0.2.jar:/home/user/.m2/repository/org/apache/hadoop/hadoop-ozone-client/0.5.0-SNAPSHOT/hadoop-ozone-client-0.5.0-SNAPSHOT.jar:/workdir/hadoop-ozone/ozonefs/target/classes:/home/user/.m2/repository/org/apache/hadoop/hadoop-hdds-server-framework/0.5.0-SNAPSHOT/hadoop-hdds-server-framework-0.5.0-SNAPSHOT.jar:/home/user/.m2/repository/org/apache/hadoop/hadoop-common/3.2.0/hadoop-common-3.2.0.jar:/home/user/.m2/repository/org/apache/hadoop/hadoop-annotations/3.2.0/hadoop-annotations-3.2.0.jar:/usr/lib/jvm/java-1.8-openjdk/jre/../lib/tools.jar:/home/user/.m2/repository/commons-cli/commons-cli/1.2/commons-cli-1.2.jar:/home/user/.m2/repository/org/apache/commons/commons-math3/3.1.1/commons-math3-3.1.1.jar:/home/user/.m2/repository/org/apache/httpcomponents/httpclient/4.5.2/httpclient-4.5.2.jar:/home/user/.m2/repository/org/apache/httpcomponents/httpcore/4.4.4/httpcore-4.4.4.jar:/home/user/.m2/repository/commons-codec/commons-codec/1.11/commons-codec-1.11.jar:/home/user/.m2/repository/commons-io/commons-io/2.5/commons-io-2.5.jar:/home/user/.m2/repository/commons-net/commons-net/3.6/commons-net-3.6.jar:/home/user/.m2/repository/commons-collections/commons-collections/3.2.2/commons-collections-3.2.2.jar:/home/user/.m2/repository/javax/servlet/javax.servlet-api/3.1.0/javax.servlet-api-3.1.0.jar:/home/user/.m2/repository/org/eclipse/jetty/jetty-server/9.3.24.v20180605/jetty-server-9.3.24.v20180605.jar:/home/user/.m2/repository/org/eclipse/jetty/jetty-http/9.3.24.v20180605/jetty-http-9.3.24.v20180605.jar:/home/user/.m2/repository/org/eclipse/jetty/jetty-io/9.3.24.v20180605/jetty-io-9.3.24.v20180605.jar:/home/user/.m2/repository/org/eclipse/jetty/jetty-util/9.3.24.v20180605/jetty-util-9.3.24.v20180605.jar:/home/user/.m2/repository/org/eclipse/jetty/jetty-servlet/9.3.24.v20180605/jetty-servlet-9.3.24.v20180605.jar:/home/user/.m2/repository/org/eclipse/jetty/jetty-security/9.3.24.v20180605/jetty-security-9.3.24.v20180605.jar:/home/user/.m2/repository/org/eclipse/jetty/jetty-webapp/9.3.24.v20180605/jetty-webapp-9.3.24.v20180605.jar:/home/user/.m2/repository/org/eclipse/jetty/jetty-xml/9.3.24.v20180605/jetty-xml-9.3.24.v20180605.jar:/home/user/.m2/repository/javax/servlet/jsp/jsp-api/2.1/jsp-api-2.1.jar:/home/user/.m2/repository/com/sun/jersey/jersey-core/1.19/jersey-core-1.19.jar:/home/user/.m2/repository/javax/ws/rs/jsr311-api/1.1.1/jsr311-api-1.1.1.jar:/home/user/.m2/repository/com/sun/jersey/jersey-servlet/1.19/jersey-servlet-1.19.jar:/home/user/.m2/repository/com/sun/jersey/jersey-json/1.19/jersey-json-1.19.jar:/home/user/.m2/repository/org/codehaus/jettison/jettison/1.1/jettison-1.1.jar:/home/user/.m2/repository/com/sun/xml/bind/jaxb-impl/2.3.0.1/jaxb-impl-2.3.0.1.jar:/home/user/.m2/repository/org/codehaus/jackson/jackson-core-asl/1.9.13/jackson-core-asl-1.9.13.jar:/home/user/.m2/repository/org/codehaus/jackson/jackson-mapper-asl/1.9.13/jackson-mapper-asl-1.9.13.jar:/home/user/.m2/repository/org/codehaus/jackson/jackson-jaxrs/1.9.13/jackson-jaxrs-1.9.13.jar:/home/user/.m2/repository/org/codehaus/jackson/jackson-xc/1.9.13/jackson-xc-1.9.13.jar:/home/user/.m2/repository/com/sun/jersey/jersey-server/1.19/jersey-server-1.19.jar:/home/user/.m2/repository/commons-logging/commons-logging/1.1.3/commons-logging-1.1.3.jar:/home/user/.m2/repository/log4j/log4j/1.2.17/log4j-1.2.17.jar:/home/user/.m2/repository/commons-beanutils/commons-beanutils/1.9.3/commons-beanutils-1.9.3.jar:/home/user/.m2/repository/org/apache/commons/commons-configuration2/2.1.1/commons-configuration2-2.1.1.jar:/home/user/.m2/repository/org/apache/commons/commons-lang3/3.7/commons-lang3-3.7.jar:/home/user/.m2/repository/org/apache/commons/commons-text/1.4/commons-text-1.4.jar:/home/user/.m2/repository/org/slf4j/slf4j-api/1.7.25/slf4j-api-1.7.25.jar:/home/user/.m2/repository/org/slf4j/slf4j-log4j12/1.7.25/slf4j-log4j12-1.7.25.jar:/home/user/.m2/repository/org/apache/avro/avro/1.7.7/avro-1.7.7.jar:/home/user/.m2/repository/com/thoughtworks/paranamer/paranamer/2.3/paranamer-2.3.jar:/home/user/.m2/repository/org/xerial/snappy/snappy-java/1.0.5/snappy-java-1.0.5.jar:/home/user/.m2/repository/com/google/re2j/re2j/1.1/re2j-1.1.jar:/home/user/.m2/repository/com/google/code/gson/gson/2.2.4/gson-2.2.4.jar:/home/user/.m2/repository/org/apache/hadoop/hadoop-auth/3.2.0/hadoop-auth-3.2.0.jar:/home/user/.m2/repository/com/nimbusds/nimbus-jose-jwt/4.41.1/nimbus-jose-jwt-4.41.1.jar:/home/user/.m2/repository/com/github/stephenc/jcip/jcip-annotations/1.0-1/jcip-annotations-1.0-1.jar:/home/user/.m2/repository/net/minidev/json-smart/2.3/json-smart-2.3.jar:/home/user/.m2/repository/net/minidev/accessors-smart/1.2/accessors-smart-1.2.jar:/home/user/.m2/repository/org/apache/curator/curator-framework/2.12.0/curator-framework-2.12.0.jar:/home/user/.m2/repository/com/jcraft/jsch/0.1.54/jsch-0.1.54.jar:/home/user/.m2/repository/org/apache/curator/curator-client/2.12.0/curator-client-2.12.0.jar:/home/user/.m2/repository/org/apache/curator/curator-recipes/2.12.0/curator-recipes-2.12.0.jar:/home/user/.m2/repository/com/google/code/findbugs/jsr305/3.0.0/jsr305-3.0.0.jar:/home/user/.m2/repository/org/apache/htrace/htrace-core4/4.1.0-incubating/htrace-core4-4.1.0-incubating.jar:/home/user/.m2/repository/org/apache/zookeeper/zookeeper/3.4.13/zookeeper-3.4.13.jar:/home/user/.m2/repository/org/apache/yetus/audience-annotations/0.5.0/audience-annotations-0.5.0.jar:/home/user/.m2/repository/org/apache/kerby/kerb-simplekdc/1.0.1/kerb-simplekdc-1.0.1.jar:/home/user/.m2/repository/org/apache/kerby/kerb-client/1.0.1/kerb-client-1.0.1.jar:/home/user/.m2/repository/org/apache/kerby/kerby-config/1.0.1/kerby-config-1.0.1.jar:/home/user/.m2/repository/org/apache/kerby/kerb-core/1.0.1/kerb-core-1.0.1.jar:/home/user/.m2/repository/org/apache/kerby/kerby-pkix/1.0.1/kerby-pkix-1.0.1.jar:/home/user/.m2/repository/org/apache/kerby/kerby-asn1/1.0.1/kerby-asn1-1.0.1.jar:/home/user/.m2/repository/org/apache/kerby/kerby-util/1.0.1/kerby-util-1.0.1.jar:/home/user/.m2/repository/org/apache/kerby/kerb-common/1.0.1/kerb-common-1.0.1.jar:/home/user/.m2/repository/org/apache/kerby/kerb-crypto/1.0.1/kerb-crypto-1.0.1.jar:/home/user/.m2/repository/org/apache/kerby/kerb-util/1.0.1/kerb-util-1.0.1.jar:/home/user/.m2/repository/org/apache/kerby/token-provider/1.0.1/token-provider-1.0.1.jar:/home/user/.m2/repository/org/apache/kerby/kerb-admin/1.0.1/kerb-admin-1.0.1.jar:/home/user/.m2/repository/org/apache/kerby/kerb-server/1.0.1/kerb-server-1.0.1.jar:/home/user/.m2/repository/org/apache/kerby/kerb-identity/1.0.1/kerb-identity-1.0.1.jar:/home/user/.m2/repository/org/apache/kerby/kerby-xdr/1.0.1/kerby-xdr-1.0.1.jar:/home/user/.m2/repository/com/fasterxml/jackson/core/jackson-databind/2.9.5/jackson-databind-2.9.5.jar:/home/user/.m2/repository/com/fasterxml/jackson/core/jackson-core/2.9.5/jackson-core-2.9.5.jar:/home/user/.m2/repository/org/codehaus/woodstox/stax2-api/3.1.4/stax2-api-3.1.4.jar:/home/user/.m2/repository/com/fasterxml/woodstox/woodstox-core/5.0.3/woodstox-core-5.0.3.jar:/home/user/.m2/repository/dnsjava/dnsjava/2.1.7/dnsjava-2.1.7.jar:/home/user/.m2/repository/org/apache/hadoop/hadoop-hdfs/3.2.0/hadoop-hdfs-3.2.0.jar:/home/user/.m2/repository/org/eclipse/jetty/jetty-util-ajax/9.3.24.v20180605/jetty-util-ajax-9.3.24.v20180605.jar:/home/user/.m2/repository/commons-daemon/commons-daemon/1.0.13/commons-daemon-1.0.13.jar:/home/user/.m2/repository/io/netty/netty/3.10.5.Final/netty-3.10.5.Final.jar:/home/user/.m2/repository/io/netty/netty-all/4.0.52.Final/netty-all-4.0.52.Final.jar:/home/user/.m2/repository/org/fusesource/leveldbjni/leveldbjni-all/1.8/leveldbjni-all-1.8.jar:/home/user/.m2/repository/com/sun/xml/bind/jaxb-core/2.3.0.1/jaxb-core-2.3.0.1.jar:/home/user/.m2/repository/javax/xml/bind/jaxb-api/2.3.0/jaxb-api-2.3.0.jar:/home/user/.m2/repository/javax/activation/activation/1.1.1/activation-1.1.1.jar:/home/user/.m2/repository/io/dropwizard/metrics/metrics-core/3.2.4/metrics-core-3.2.4.jar:/home/user/.m2/repository/org/openjdk/jmh/jmh-core/1.19/jmh-core-1.19.jar:/home/user/.m2/repository/net/sf/jopt-simple/jopt-simple/4.6/jopt-simple-4.6.jar:/home/user/.m2/repository/org/openjdk/jmh/jmh-generator-annprocess/1.19/jmh-generator-annprocess-1.19.jar:/home/user/.m2/repository/com/google/code/findbugs/findbugs/3.0.1/findbugs-3.0.1.jar:/home/user/.m2/repository/net/jcip/jcip-annotations/1.0/jcip-annotations-1.0.jar:/home/user/.m2/repository/com/google/code/findbugs/bcel-findbugs/6.0/bcel-findbugs-6.0.jar:/home/user/.m2/repository/com/google/code/findbugs/jFormatString/2.0.1/jFormatString-2.0.1.jar:/home/user/.m2/repository/dom4j/dom4j/1.6.1/dom4j-1.6.1.jar:/home/user/.m2/repository/xml-apis/xml-apis/1.0.b2/xml-apis-1.0.b2.jar:/home/user/.m2/repository/org/ow2/asm/asm-debug-all/5.0.2/asm-debug-all-5.0.2.jar:/home/user/.m2/repository/org/ow2/asm/asm-commons/5.0.2/asm-commons-5.0.2.jar:/home/user/.m2/repository/org/ow2/asm/asm-tree/5.0.2/asm-tree-5.0.2.jar:/home/user/.m2/repository/org/ow2/asm/asm/5.0.4/asm-5.0.4.jar:/home/user/.m2/repository/commons-lang/commons-lang/2.6/commons-lang-2.6.jar:/home/user/.m2/repository/com/apple/AppleJavaExtensions/1.4/AppleJavaExtensions-1.4.jar:/home/user/.m2/repository/jaxen/jaxen/1.1.6/jaxen-1.1.6.jar:/home/user/.m2/repository/junit/junit/4.11/junit-4.11.jar:/home/user/.m2/repository/org/hamcrest/hamcrest-core/1.3/hamcrest-core-1.3.jar:/home/user/.m2/repository/org/apache/hadoop/hadoop-common/3.2.0/hadoop-common-3.2.0-tests.jar:/workdir/hadoop-ozone/integration-test/target/test-classes:/home/user/.m2/repository/org/apache/hadoop/hadoop-ozone-objectstore-service/0.5.0-SNAPSHOT/hadoop-ozone-objectstore-service-0.5.0-SNAPSHOT.jar:/home/user/.m2/repository/org/apache/hadoop/hadoop-ozone-s3gateway/0.5.0-SNAPSHOT/hadoop-ozone-s3gateway-0.5.0-SNAPSHOT.jar:/home/user/.m2/repository/org/jboss/weld/servlet/weld-servlet/2.4.7.Final/weld-servlet-2.4.7.Final.jar:/home/user/.m2/repository/org/glassfish/jersey/containers/jersey-container-servlet-core/2.27/jersey-container-servlet-core-2.27.jar:/home/user/.m2/repository/org/glassfish/hk2/external/javax.inject/2.5.0-b42/javax.inject-2.5.0-b42.jar:/home/user/.m2/repository/org/glassfish/jersey/core/jersey-common/2.27/jersey-common-2.27.jar:/home/user/.m2/repository/org/glassfish/hk2/osgi-resource-locator/1.0.1/osgi-resource-locator-1.0.1.jar:/home/user/.m2/repository/javax/ws/rs/javax.ws.rs-api/2.1/javax.ws.rs-api-2.1.jar:/home/user/.m2/repository/org/glassfish/jersey/ext/cdi/jersey-cdi1x/2.27/jersey-cdi1x-2.27.jar:/home/user/.m2/repository/org/glassfish/jersey/inject/jersey-hk2/2.27/jersey-hk2-2.27.jar:/home/user/.m2/repository/org/glassfish/hk2/hk2-locator/2.5.0-b42/hk2-locator-2.5.0-b42.jar:/home/user/.m2/repository/org/javassist/javassist/3.22.0-CR2/javassist-3.22.0-CR2.jar:/home/user/.m2/repository/org/glassfish/hk2/hk2-api/2.5.0/hk2-api-2.5.0.jar:/home/user/.m2/repository/org/glassfish/hk2/external/jakarta.inject/2.5.0/jakarta.inject-2.5.0.jar:/home/user/.m2/repository/org/glassfish/hk2/hk2-utils/2.5.0/hk2-utils-2.5.0.jar:/home/user/.m2/repository/jakarta/annotation/jakarta.annotation-api/1.3.4/jakarta.annotation-api-1.3.4.jar:/home/user/.m2/repository/org/glassfish/hk2/external/aopalliance-repackaged/2.5.0/aopalliance-repackaged-2.5.0.jar:/home/user/.m2/repository/com/fasterxml/jackson/dataformat/jackson-dataformat-xml/2.9.0/jackson-dataformat-xml-2.9.0.jar:/home/user/.m2/repository/com/fasterxml/jackson/module/jackson-module-jaxb-annotations/2.9.5/jackson-module-jaxb-annotations-2.9.5.jar:/home/user/.m2/repository/javax/enterprise/cdi-api/1.2/cdi-api-1.2.jar:/home/user/.m2/repository/javax/el/javax.el-api/3.0.0/javax.el-api-3.0.0.jar:/home/user/.m2/repository/javax/interceptor/javax.interceptor-api/1.2/javax.interceptor-api-1.2.jar:/home/user/.m2/repository/javax/inject/javax.inject/1/javax.inject-1.jar:/home/user/.m2/repository/org/apache/hadoop/hadoop-ozone-csi/0.5.0-SNAPSHOT/hadoop-ozone-csi-0.5.0-SNAPSHOT.jar:/home/user/.m2/repository/com/google/protobuf/protobuf-java-util/3.5.1/protobuf-java-util-3.5.1.jar:/home/user/.m2/repository/io/grpc/grpc-netty/1.17.1/grpc-netty-1.17.1.jar:/home/user/.m2/repository/io/grpc/grpc-core/1.17.1/grpc-core-1.17.1.jar:/home/user/.m2/repository/io/grpc/grpc-context/1.17.1/grpc-context-1.17.1.jar:/home/user/.m2/repository/com/google/errorprone/error_prone_annotations/2.2.0/error_prone_annotations-2.2.0.jar:/home/user/.m2/repository/org/codehaus/mojo/animal-sniffer-annotations/1.17/animal-sniffer-annotations-1.17.jar:/home/user/.m2/repository/io/opencensus/opencensus-api/0.17.0/opencensus-api-0.17.0.jar:/home/user/.m2/repository/io/opencensus/opencensus-contrib-grpc-metrics/0.17.0/opencensus-contrib-grpc-metrics-0.17.0.jar:/home/user/.m2/repository/io/netty/netty-codec-http2/4.1.30.Final/netty-codec-http2-4.1.30.Final.jar:/home/user/.m2/repository/io/netty/netty-codec-http/4.1.30.Final/netty-codec-http-4.1.30.Final.jar:/home/user/.m2/repository/io/netty/netty-codec/4.1.30.Final/netty-codec-4.1.30.Final.jar:/home/user/.m2/repository/io/netty/netty-handler/4.1.30.Final/netty-handler-4.1.30.Final.jar:/home/user/.m2/repository/io/netty/netty-handler-proxy/4.1.30.Final/netty-handler-proxy-4.1.30.Final.jar:/home/user/.m2/repository/io/netty/netty-codec-socks/4.1.30.Final/netty-codec-socks-4.1.30.Final.jar:/home/user/.m2/repository/io/netty/netty-transport-native-epoll/4.1.30.Final/netty-transport-native-epoll-4.1.30.Final.jar:/home/user/.m2/repository/io/netty/netty-common/4.1.30.Final/netty-common-4.1.30.Final.jar:/home/user/.m2/repository/io/netty/netty-buffer/4.1.30.Final/netty-buffer-4.1.30.Final.jar:/home/user/.m2/repository/io/netty/netty-transport/4.1.30.Final/netty-transport-4.1.30.Final.jar:/home/user/.m2/repository/io/netty/netty-resolver/4.1.30.Final/netty-resolver-4.1.30.Final.jar:/home/user/.m2/repository/io/netty/netty-transport-native-unix-common/4.1.30.Final/netty-transport-native-unix-common-4.1.30.Final.jar:/home/user/.m2/repository/io/grpc/grpc-protobuf/1.17.1/grpc-protobuf-1.17.1.jar:/home/user/.m2/repository/com/google/api/grpc/proto-google-common-protos/1.0.0/proto-google-common-protos-1.0.0.jar:/home/user/.m2/repository/io/grpc/grpc-protobuf-lite/1.17.1/grpc-protobuf-lite-1.17.1.jar:/home/user/.m2/repository/io/grpc/grpc-stub/1.17.1/grpc-stub-1.17.1.jar:/home/user/.m2/repository/org/apache/hadoop/hadoop-ozone-recon/0.5.0-SNAPSHOT/hadoop-ozone-recon-0.5.0-SNAPSHOT.jar:/home/user/.m2/repository/org/apache/hadoop/hadoop-ozone-reconcodegen/0.5.0-SNAPSHOT/hadoop-ozone-reconcodegen-0.5.0-SNAPSHOT.jar:/home/user/.m2/repository/com/google/inject/extensions/guice-multibindings/4.0/guice-multibindings-4.0.jar:/home/user/.m2/repository/com/google/inject/guice/4.0/guice-4.0.jar:/home/user/.m2/repository/aopalliance/aopalliance/1.0/aopalliance-1.0.jar:/home/user/.m2/repository/com/google/inject/extensions/guice-servlet/4.0/guice-servlet-4.0.jar:/home/user/.m2/repository/org/glassfish/jersey/containers/jersey-container-servlet/2.27/jersey-container-servlet-2.27.jar:/home/user/.m2/repository/org/glassfish/hk2/guice-bridge/2.5.0/guice-bridge-2.5.0.jar:/home/user/.m2/repository/org/glassfish/jersey/core/jersey-server/2.27/jersey-server-2.27.jar:/home/user/.m2/repository/org/glassfish/jersey/core/jersey-client/2.27/jersey-client-2.27.jar:/home/user/.m2/repository/org/glassfish/jersey/media/jersey-media-jaxb/2.27/jersey-media-jaxb-2.27.jar:/home/user/.m2/repository/javax/validation/validation-api/1.1.0.Final/validation-api-1.1.0.Final.jar:/home/user/.m2/repository/org/glassfish/jersey/media/jersey-media-json-jackson/2.27/jersey-media-json-jackson-2.27.jar:/home/user/.m2/repository/org/glassfish/jersey/ext/jersey-entity-filtering/2.27/jersey-entity-filtering-2.27.jar:/home/user/.m2/repository/com/google/inject/extensions/guice-assistedinject/4.0/guice-assistedinject-4.0.jar:/home/user/.m2/repository/org/jooq/jooq/3.11.10/jooq-3.11.10.jar:/home/user/.m2/repository/org/jooq/jooq-meta/3.11.10/jooq-meta-3.11.10.jar:/home/user/.m2/repository/org/jooq/jooq-codegen/3.11.10/jooq-codegen-3.11.10.jar:/home/user/.m2/repository/com/jolbox/bonecp/0.8.0.RELEASE/bonecp-0.8.0.RELEASE.jar:/home/user/.m2/repository/org/springframework/spring-jdbc/5.1.3.RELEASE/spring-jdbc-5.1.3.RELEASE.jar:/home/user/.m2/repository/org/springframework/spring-beans/5.1.3.RELEASE/spring-beans-5.1.3.RELEASE.jar:/home/user/.m2/repository/org/springframework/spring-core/5.1.3.RELEASE/spring-core-5.1.3.RELEASE.jar:/home/user/.m2/repository/org/springframework/spring-jcl/5.1.3.RELEASE/spring-jcl-5.1.3.RELEASE.jar:/home/user/.m2/repository/org/springframework/spring-tx/5.1.3.RELEASE/spring-tx-5.1.3.RELEASE.jar:/home/user/.m2/repository/org/mockito/mockito-core/2.15.0/mockito-core-2.15.0.jar:/home/user/.m2/repository/net/bytebuddy/byte-buddy/1.7.9/byte-buddy-1.7.9.jar:/home/user/.m2/repository/net/bytebuddy/byte-buddy-agent/1.7.9/byte-buddy-agent-1.7.9.jar:/home/user/.m2/repository/org/objenesis/objenesis/1.0/objenesis-1.0.jar:"/>
    <property name="sun.cpu.endian" value="little"/>
    <property name="user.home" value="/home/user"/>
    <property name="user.language" value="en"/>
    <property name="java.specification.vendor" value="Oracle Corporation"/>
    <property name="java.home" value="/usr/lib/jvm/java-1.8-openjdk/jre"/>
    <property name="java.security.krb5.conf" value="/workdir/hadoop-ozone/tools/target/test-classes/krb5.conf"/>
    <property name="basedir" value="/workdir/hadoop-ozone/tools"/>
    <property name="file.separator" value="/"/>
    <property name="line.separator" value="&#10;"/>
    <property name="java.vm.specification.vendor" value="Oracle Corporation"/>
    <property name="java.specification.name" value="Java Platform API Specification"/>
    <property name="java.awt.graphicsenv" value="sun.awt.X11GraphicsEnvironment"/>
    <property name="surefire.real.class.path" value="/workdir/hadoop-ozone/tools/target/surefire/surefirebooter2331989587918675084.jar"/>
    <property name="hadoop.log.dir" value="/workdir/hadoop-ozone/tools/target/log"/>
    <property name="sun.boot.class.path" value="/usr/lib/jvm/java-1.8-openjdk/jre/lib/resources.jar:/usr/lib/jvm/java-1.8-openjdk/jre/lib/rt.jar:/usr/lib/jvm/java-1.8-openjdk/jre/lib/sunrsasign.jar:/usr/lib/jvm/java-1.8-openjdk/jre/lib/jsse.jar:/usr/lib/jvm/java-1.8-openjdk/jre/lib/jce.jar:/usr/lib/jvm/java-1.8-openjdk/jre/lib/charsets.jar:/usr/lib/jvm/java-1.8-openjdk/jre/lib/jfr.jar:/usr/lib/jvm/java-1.8-openjdk/jre/classes"/>
    <property name="sun.management.compiler" value="HotSpot 64-Bit Tiered Compilers"/>
    <property name="java.runtime.version" value="1.8.0_212-b04"/>
    <property name="java.net.preferIPv4Stack" value="true"/>
    <property name="user.name" value="jenkins1000"/>
    <property name="path.separator" value=":"/>
    <property name="java.security.egd" value="file:///dev/urandom"/>
    <property name="os.version" value="3.10.0-957.12.2.el7.x86_64"/>
    <property name="java.endorsed.dirs" value="/usr/lib/jvm/java-1.8-openjdk/jre/lib/endorsed"/>
    <property name="java.runtime.name" value="OpenJDK Runtime Environment"/>
    <property name="file.encoding" value="UTF-8"/>
    <property name="java.vm.name" value="OpenJDK 64-Bit Server VM"/>
    <property name="test.build.webapps" value=""/>
    <property name="localRepository" value="/home/user/.m2/repository"/>
    <property name="java.vendor.url.bug" value="https://icedtea.classpath.org/bugzilla"/>
    <property name="java.io.tmpdir" value="/tmp"/>
    <property name="require.test.libhadoop" value=""/>
    <property name="java.version" value="1.8.0_212"/>
    <property name="user.dir" value="/workdir/hadoop-ozone/tools"/>
    <property name="os.arch" value="amd64"/>
    <property name="java.vm.specification.name" value="Java Virtual Machine Specification"/>
    <property name="test.build.classes" value="/workdir/hadoop-ozone/tools/target/test-classes"/>
    <property name="java.awt.printerjob" value="sun.print.PSPrinterJob"/>
    <property name="sun.os.patch.level" value="unknown"/>
    <property name="hadoop.tmp.dir" value="/workdir/hadoop-ozone/tools/target/tmp"/>
    <property name="java.library.path" value="/usr/lib/jvm/java-1.8-openjdk/jre/lib/amd64/server:/usr/lib/jvm/java-1.8-openjdk/jre/lib/amd64:/usr/lib/jvm/java-1.8-openjdk/jre/../lib/amd64:/workdir/hadoop-ozone/tools/target/native/target/usr/local/lib:/workdir/hadoop-ozone/tools/../../hadoop-common-project/hadoop-common/target/native/target/usr/local/lib:/usr/java/packages/lib/amd64:/usr/lib64:/lib64:/lib:/usr/lib"/>
    <property name="java.vm.info" value="mixed mode"/>
    <property name="java.vendor" value="IcedTea"/>
    <property name="java.vm.version" value="25.212-b04"/>
    <property name="java.ext.dirs" value="/usr/lib/jvm/java-1.8-openjdk/jre/lib/ext:/usr/java/packages/lib/ext"/>
    <property name="sun.io.unicode.encoding" value="UnicodeLittle"/>
    <property name="java.class.version" value="52.0"/>
  </properties>
  <testcase name="testRestart" classname="org.apache.hadoop.ozone.freon.TestFreonWithPipelineDestroy" time="23.412">
    <error message="Allocated 0 blocks. Requested 5 blocks" type="INTERNAL_ERROR org.apache.hadoop.ozone.om.exceptions.OMException">INTERNAL_ERROR org.apache.hadoop.ozone.om.exceptions.OMException: Allocated 0 blocks. Requested 5 blocks
	at org.apache.hadoop.ozone.om.protocolPB.OzoneManagerProtocolClientSideTranslatorPB.handleError(OzoneManagerProtocolClientSideTranslatorPB.java:725)
	at org.apache.hadoop.ozone.om.protocolPB.OzoneManagerProtocolClientSideTranslatorPB.openKey(OzoneManagerProtocolClientSideTranslatorPB.java:716)
	at org.apache.hadoop.ozone.client.rpc.RpcClient.createKey(RpcClient.java:615)
	at org.apache.hadoop.ozone.client.OzoneBucket.createKey(OzoneBucket.java:323)
	at org.apache.hadoop.ozone.freon.RandomKeyGenerator.createKey(RandomKeyGenerator.java:686)
	at org.apache.hadoop.ozone.freon.RandomKeyGenerator.access$1100(RandomKeyGenerator.java:87)
	at org.apache.hadoop.ozone.freon.RandomKeyGenerator$ObjectCreator.run(RandomKeyGenerator.java:606)
	at java.util.concurrent.Executors$RunnableAdapter.call(Executors.java:511)
	at java.util.concurrent.FutureTask.run(FutureTask.java:266)
	at java.util.concurrent.ThreadPoolExecutor.runWorker(ThreadPoolExecutor.java:1149)
	at java.util.concurrent.ThreadPoolExecutor$Worker.run(ThreadPoolExecutor.java:624)
	at java.lang.Thread.run(Thread.java:748)
</error>
    <system-out><![CDATA[2019-09-18 18:02:37,882 [main] WARN  server.ServerUtils (ServerUtils.java:getScmDbDir(145)) - ozone.scm.db.dirs is not configured. We recommend adding this setting. Falling back to ozone.metadata.dirs instead.
2019-09-18 18:02:38,006 [main] WARN  server.ServerUtils (ServerUtils.java:getScmDbDir(145)) - ozone.scm.db.dirs is not configured. We recommend adding this setting. Falling back to ozone.metadata.dirs instead.
2019-09-18 18:02:38,009 [main] WARN  server.ServerUtils (ServerUtils.java:getScmDbDir(145)) - ozone.scm.db.dirs is not configured. We recommend adding this setting. Falling back to ozone.metadata.dirs instead.
2019-09-18 18:02:38,026 [main] INFO  util.log (Log.java:initialized(192)) - Logging initialized @840ms
2019-09-18 18:02:38,119 [main] INFO  db.DBStoreBuilder (DBStoreBuilder.java:addTable(110)) - using custom profile for table: deletedBlocks
2019-09-18 18:02:38,119 [main] INFO  db.DBStoreBuilder (DBStoreBuilder.java:processTables(161)) - Using default column profile:DBProfile.DISK for Table:deletedBlocks
2019-09-18 18:02:38,119 [main] INFO  db.DBStoreBuilder (DBStoreBuilder.java:addTable(110)) - using custom profile for table: validCerts
2019-09-18 18:02:38,120 [main] INFO  db.DBStoreBuilder (DBStoreBuilder.java:processTables(161)) - Using default column profile:DBProfile.DISK for Table:validCerts
2019-09-18 18:02:38,120 [main] INFO  db.DBStoreBuilder (DBStoreBuilder.java:addTable(110)) - using custom profile for table: revokedCerts
2019-09-18 18:02:38,120 [main] INFO  db.DBStoreBuilder (DBStoreBuilder.java:processTables(161)) - Using default column profile:DBProfile.DISK for Table:revokedCerts
2019-09-18 18:02:38,132 [main] INFO  db.DBStoreBuilder (DBStoreBuilder.java:addTable(110)) - using custom profile for table: default
2019-09-18 18:02:38,132 [main] INFO  db.DBStoreBuilder (DBStoreBuilder.java:processTables(167)) - Using default column profile:DBProfile.DISK for Table:default
2019-09-18 18:02:38,133 [main] INFO  db.DBStoreBuilder (DBStoreBuilder.java:getDbProfile(198)) - Using default options. DBProfile.DISK
2019-09-18 18:02:38,368 [main] INFO  net.NodeSchemaLoader (NodeSchemaLoader.java:loadSchemaFromFile(125)) - Loading file from sun.misc.CompoundEnumeration@20deea7f
2019-09-18 18:02:38,370 [main] INFO  net.NodeSchemaLoader (NodeSchemaLoader.java:loadSchema(171)) - Loading network topology layer schema file
2019-09-18 18:02:38,465 [main] INFO  node.SCMNodeManager (SCMNodeManager.java:<init>(121)) - Entering startup safe mode.
2019-09-18 18:02:38,541 [main] INFO  algorithms.ContainerPlacementPolicyFactory (ContainerPlacementPolicyFactory.java:getPolicy(56)) - Create container placement policy of type org.apache.hadoop.hdds.scm.container.placement.algorithms.SCMContainerPlacementRandom
2019-09-18 18:02:38,557 [main] WARN  server.ServerUtils (ServerUtils.java:getScmDbDir(145)) - ozone.scm.db.dirs is not configured. We recommend adding this setting. Falling back to ozone.metadata.dirs instead.
2019-09-18 18:02:38,659 [main] INFO  pipeline.SCMPipelineManager (SCMPipelineManager.java:initializePipelineState(145)) - No pipeline exists in current db
2019-09-18 18:02:38,664 [main] WARN  server.ServerUtils (ServerUtils.java:getScmDbDir(145)) - ozone.scm.db.dirs is not configured. We recommend adding this setting. Falling back to ozone.metadata.dirs instead.
2019-09-18 18:02:38,814 [main] INFO  safemode.HealthyPipelineSafeModeRule (HealthyPipelineSafeModeRule.java:<init>(87)) -  Total pipeline count is 0, healthy pipeline threshold count is 1
2019-09-18 18:02:38,816 [main] INFO  safemode.OneReplicaPipelineSafeModeRule (OneReplicaPipelineSafeModeRule.java:<init>(75)) - Total pipeline count is 0, pipeline's with at least one datanode reported threshold count is 0
2019-09-18 18:02:38,816 [main] WARN  events.EventQueue (EventQueue.java:fireEvent(175)) - No event handler registered for event TypedEvent{payloadType=SafeModeStatus, name='SafeModeStatus'}
2019-09-18 18:02:39,571 [main] INFO  ipc.CallQueueManager (CallQueueManager.java:<init>(84)) - Using callQueue: class java.util.concurrent.LinkedBlockingQueue, queueCapacity: 2000, scheduler: class org.apache.hadoop.ipc.DefaultRpcScheduler, ipcBackoff: false.
2019-09-18 18:02:39,611 [Socket Reader #1 for port 35797] INFO  ipc.Server (Server.java:run(1074)) - Starting Socket Reader #1 for port 35797
2019-09-18 18:02:39,640 [main] INFO  ipc.CallQueueManager (CallQueueManager.java:<init>(84)) - Using callQueue: class java.util.concurrent.LinkedBlockingQueue, queueCapacity: 2000, scheduler: class org.apache.hadoop.ipc.DefaultRpcScheduler, ipcBackoff: false.
2019-09-18 18:02:39,641 [Socket Reader #1 for port 40261] INFO  ipc.Server (Server.java:run(1074)) - Starting Socket Reader #1 for port 40261
2019-09-18 18:02:39,650 [main] INFO  ipc.CallQueueManager (CallQueueManager.java:<init>(84)) - Using callQueue: class java.util.concurrent.LinkedBlockingQueue, queueCapacity: 2000, scheduler: class org.apache.hadoop.ipc.DefaultRpcScheduler, ipcBackoff: false.
2019-09-18 18:02:39,651 [Socket Reader #1 for port 40931] INFO  ipc.Server (Server.java:run(1074)) - Starting Socket Reader #1 for port 40931
2019-09-18 18:02:39,674 [main] INFO  hdfs.DFSUtil (DFSUtil.java:httpServerTemplateForNNAndJN(1641)) - Starting Web-server for scm at: http://0.0.0.0:0
2019-09-18 18:02:39,811 [main] INFO  server.AuthenticationFilter (AuthenticationFilter.java:constructSecretProvider(240)) - Unable to initialize FileSignerSecretProvider, falling back to use random secrets.
2019-09-18 18:02:39,827 [main] WARN  http.HttpRequestLog (HttpRequestLog.java:getRequestLog(97)) - Jetty request log can only be enabled using Log4j
2019-09-18 18:02:39,837 [main] INFO  http.HttpServer2 (HttpServer2.java:addGlobalFilter(975)) - Added global filter 'safety' (class=org.apache.hadoop.http.HttpServer2$QuotingInputFilter)
2019-09-18 18:02:39,840 [main] INFO  http.HttpServer2 (HttpServer2.java:addFilter(948)) - Added filter static_user_filter (class=org.apache.hadoop.http.lib.StaticUserWebFilter$StaticUserFilter) to context scm
2019-09-18 18:02:39,840 [main] INFO  http.HttpServer2 (HttpServer2.java:addFilter(958)) - Added filter static_user_filter (class=org.apache.hadoop.http.lib.StaticUserWebFilter$StaticUserFilter) to context static
2019-09-18 18:02:39,840 [main] INFO  http.HttpServer2 (HttpServer2.java:addFilter(958)) - Added filter static_user_filter (class=org.apache.hadoop.http.lib.StaticUserWebFilter$StaticUserFilter) to context logs
2019-09-18 18:02:39,878 [main] INFO  server.StorageContainerManager (StorageContainerManager.java:start(761)) - StorageContainerLocationProtocol RPC server is listening at /0.0.0.0:40931
2019-09-18 18:02:39,942 [main] WARN  impl.MetricsConfig (MetricsConfig.java:loadFirst(134)) - Cannot locate configuration: tried hadoop-metrics2-storagecontainermanager.properties,hadoop-metrics2.properties
2019-09-18 18:02:39,957 [main] INFO  impl.MetricsSystemImpl (MetricsSystemImpl.java:startTimer(374)) - Scheduled Metric snapshot period at 10 second(s).
2019-09-18 18:02:39,957 [main] INFO  impl.MetricsSystemImpl (MetricsSystemImpl.java:start(191)) - StorageContainerManager metrics system started
2019-09-18 18:02:40,194 [main] INFO  server.SCMClientProtocolServer (SCMClientProtocolServer.java:start(151)) - RPC server for Client  is listening at /0.0.0.0:40931
2019-09-18 18:02:40,194 [IPC Server Responder] INFO  ipc.Server (Server.java:run(1314)) - IPC Server Responder: starting
2019-09-18 18:02:40,194 [IPC Server listener on 40931] INFO  ipc.Server (Server.java:run(1153)) - IPC Server listener on 40931: starting
2019-09-18 18:02:40,197 [main] INFO  server.StorageContainerManager (StorageContainerManager.java:start(771)) - ScmBlockLocationProtocol RPC server is listening at /0.0.0.0:40261
2019-09-18 18:02:40,197 [main] INFO  server.SCMBlockProtocolServer (SCMBlockProtocolServer.java:start(140)) - RPC server for Block Protocol is listening at /0.0.0.0:40261
2019-09-18 18:02:40,198 [IPC Server Responder] INFO  ipc.Server (Server.java:run(1314)) - IPC Server Responder: starting
2019-09-18 18:02:40,198 [IPC Server listener on 40261] INFO  ipc.Server (Server.java:run(1153)) - IPC Server listener on 40261: starting
2019-09-18 18:02:40,201 [main] INFO  server.StorageContainerManager (StorageContainerManager.java:start(775)) - ScmDatanodeProtocl RPC server is listening at /0.0.0.0:35797
2019-09-18 18:02:40,201 [main] INFO  server.SCMDatanodeProtocolServer (SCMDatanodeProtocolServer.java:start(199)) - RPC server for DataNodes is listening at /0.0.0.0:35797
2019-09-18 18:02:40,202 [IPC Server Responder] INFO  ipc.Server (Server.java:run(1314)) - IPC Server Responder: starting
2019-09-18 18:02:40,202 [IPC Server listener on 35797] INFO  ipc.Server (Server.java:run(1153)) - IPC Server listener on 35797: starting
2019-09-18 18:02:40,206 [main] INFO  http.HttpServer2 (HttpServer2.java:bindListener(1191)) - Jetty bound to port 42946
2019-09-18 18:02:40,209 [main] INFO  server.Server (Server.java:doStart(351)) - jetty-9.3.24.v20180605, build timestamp: 2018-06-05T17:11:56Z, git hash: 84205aa28f11a4f31f2a3b86d1bba2cc8ab69827
2019-09-18 18:02:40,252 [main] INFO  handler.ContextHandler (ContextHandler.java:doStart(781)) - Started o.e.j.s.ServletContextHandler@4a11eb84{/logs,file:///workdir/hadoop-ozone/tools/target/log,AVAILABLE}
2019-09-18 18:02:40,253 [main] INFO  handler.ContextHandler (ContextHandler.java:doStart(781)) - Started o.e.j.s.ServletContextHandler@b7838a9{/static,jar:file:/home/user/.m2/repository/org/apache/hadoop/hadoop-hdds-server-scm/0.5.0-SNAPSHOT/hadoop-hdds-server-scm-0.5.0-SNAPSHOT.jar!/webapps/static,AVAILABLE}
2019-09-18 18:02:40,326 [main] INFO  handler.ContextHandler (ContextHandler.java:doStart(781)) - Started o.e.j.w.WebAppContext@50305a{/,file:///tmp/jetty-0.0.0.0-42946-scm-_-any-8794443680093790433.dir/webapp/,AVAILABLE}{/scm}
2019-09-18 18:02:40,331 [main] INFO  server.AbstractConnector (AbstractConnector.java:doStart(278)) - Started ServerConnector@120f38e6{HTTP/1.1,[http/1.1]}{0.0.0.0:42946}
2019-09-18 18:02:40,332 [main] INFO  server.Server (Server.java:doStart(419)) - Started @3146ms
2019-09-18 18:02:40,333 [main] INFO  server.BaseHttpServer (BaseHttpServer.java:updateConnectorAddress(213)) - HTTP server of SCM is listening at http://0.0.0.0:42946
2019-09-18 18:02:40,339 [org.apache.hadoop.util.JvmPauseMonitor$Monitor@29ad44e3] INFO  util.JvmPauseMonitor (JvmPauseMonitor.java:run(188)) - Starting JVM pause monitor
2019-09-18 18:02:40,342 [main] WARN  server.ServerUtils (ServerUtils.java:getDBPath(222)) - ozone.om.db.dirs is not configured. We recommend adding this setting. Falling back to ozone.metadata.dirs instead.
2019-09-18 18:02:40,449 [main] WARN  server.ServerUtils (ServerUtils.java:getDBPath(222)) - ozone.om.db.dirs is not configured. We recommend adding this setting. Falling back to ozone.metadata.dirs instead.
2019-09-18 18:02:40,450 [main] WARN  server.ServerUtils (ServerUtils.java:getDBPath(222)) - ozone.om.db.dirs is not configured. We recommend adding this setting. Falling back to ozone.metadata.dirs instead.
2019-09-18 18:02:40,451 [main] INFO  om.OzoneManager (OzoneManager.java:setOMNodeDetails(645)) - OM Service ID is not set. Setting it to the default ID: omServiceIdDefault
2019-09-18 18:02:40,451 [main] INFO  om.OzoneManager (OzoneManager.java:setOMNodeDetails(651)) - OM Node ID is not set. Setting it to the OmStorage's OmID: f48bb099-9c80-4f29-a314-906c86bfa4c5
2019-09-18 18:02:40,452 [main] INFO  om.OzoneManager (OzoneManager.java:loadOMHAConfigs(602)) - Found matching OM address with OMServiceId: null, OMNodeId: null, RPC Address: localhost:0 and Ratis port: 9872
2019-09-18 18:02:40,722 | INFO  | SCMAudit | user=jenkins1000 | ip=192.168.5.185 | op=GET_SCM_INFO null | ret=SUCCESS |  
2019-09-18 18:02:41,190 [main] WARN  server.ServerUtils (ServerUtils.java:getDBPath(222)) - ozone.om.db.dirs is not configured. We recommend adding this setting. Falling back to ozone.metadata.dirs instead.
2019-09-18 18:02:41,197 [main] INFO  db.DBStoreBuilder (DBStoreBuilder.java:addTable(110)) - using custom profile for table: userTable
2019-09-18 18:02:41,198 [main] INFO  db.DBStoreBuilder (DBStoreBuilder.java:processTables(161)) - Using default column profile:DBProfile.DISK for Table:userTable
2019-09-18 18:02:41,198 [main] INFO  db.DBStoreBuilder (DBStoreBuilder.java:addTable(110)) - using custom profile for table: volumeTable
2019-09-18 18:02:41,198 [main] INFO  db.DBStoreBuilder (DBStoreBuilder.java:processTables(161)) - Using default column profile:DBProfile.DISK for Table:volumeTable
2019-09-18 18:02:41,198 [main] INFO  db.DBStoreBuilder (DBStoreBuilder.java:addTable(110)) - using custom profile for table: bucketTable
2019-09-18 18:02:41,198 [main] INFO  db.DBStoreBuilder (DBStoreBuilder.java:processTables(161)) - Using default column profile:DBProfile.DISK for Table:bucketTable
2019-09-18 18:02:41,199 [main] INFO  db.DBStoreBuilder (DBStoreBuilder.java:addTable(110)) - using custom profile for table: keyTable
2019-09-18 18:02:41,199 [main] INFO  db.DBStoreBuilder (DBStoreBuilder.java:processTables(161)) - Using default column profile:DBProfile.DISK for Table:keyTable
2019-09-18 18:02:41,199 [main] INFO  db.DBStoreBuilder (DBStoreBuilder.java:addTable(110)) - using custom profile for table: deletedTable
2019-09-18 18:02:41,199 [main] INFO  db.DBStoreBuilder (DBStoreBuilder.java:processTables(161)) - Using default column profile:DBProfile.DISK for Table:deletedTable
2019-09-18 18:02:41,200 [main] INFO  db.DBStoreBuilder (DBStoreBuilder.java:addTable(110)) - using custom profile for table: openKeyTable
2019-09-18 18:02:41,200 [main] INFO  db.DBStoreBuilder (DBStoreBuilder.java:processTables(161)) - Using default column profile:DBProfile.DISK for Table:openKeyTable
2019-09-18 18:02:41,200 [main] INFO  db.DBStoreBuilder (DBStoreBuilder.java:addTable(110)) - using custom profile for table: s3Table
2019-09-18 18:02:41,200 [main] INFO  db.DBStoreBuilder (DBStoreBuilder.java:processTables(161)) - Using default column profile:DBProfile.DISK for Table:s3Table
2019-09-18 18:02:41,201 [main] INFO  db.DBStoreBuilder (DBStoreBuilder.java:addTable(110)) - using custom profile for table: multipartInfoTable
2019-09-18 18:02:41,201 [main] INFO  db.DBStoreBuilder (DBStoreBuilder.java:processTables(161)) - Using default column profile:DBProfile.DISK for Table:multipartInfoTable
2019-09-18 18:02:41,201 [main] INFO  db.DBStoreBuilder (DBStoreBuilder.java:addTable(110)) - using custom profile for table: dTokenTable
2019-09-18 18:02:41,201 [main] INFO  db.DBStoreBuilder (DBStoreBuilder.java:processTables(161)) - Using default column profile:DBProfile.DISK for Table:dTokenTable
2019-09-18 18:02:41,202 [main] INFO  db.DBStoreBuilder (DBStoreBuilder.java:addTable(110)) - using custom profile for table: s3SecretTable
2019-09-18 18:02:41,202 [main] INFO  db.DBStoreBuilder (DBStoreBuilder.java:processTables(161)) - Using default column profile:DBProfile.DISK for Table:s3SecretTable
2019-09-18 18:02:41,202 [main] INFO  db.DBStoreBuilder (DBStoreBuilder.java:addTable(110)) - using custom profile for table: prefixTable
2019-09-18 18:02:41,202 [main] INFO  db.DBStoreBuilder (DBStoreBuilder.java:processTables(161)) - Using default column profile:DBProfile.DISK for Table:prefixTable
2019-09-18 18:02:41,203 [main] INFO  db.DBStoreBuilder (DBStoreBuilder.java:addTable(110)) - using custom profile for table: default
2019-09-18 18:02:41,203 [main] INFO  db.DBStoreBuilder (DBStoreBuilder.java:processTables(167)) - Using default column profile:DBProfile.DISK for Table:default
2019-09-18 18:02:41,203 [main] INFO  db.DBStoreBuilder (DBStoreBuilder.java:getDbProfile(198)) - Using default options. DBProfile.DISK
2019-09-18 18:02:42,114 [main] INFO  ipc.CallQueueManager (CallQueueManager.java:<init>(84)) - Using callQueue: class java.util.concurrent.LinkedBlockingQueue, queueCapacity: 2000, scheduler: class org.apache.hadoop.ipc.DefaultRpcScheduler, ipcBackoff: false.
2019-09-18 18:02:42,115 [Socket Reader #1 for port 34009] INFO  ipc.Server (Server.java:run(1074)) - Starting Socket Reader #1 for port 34009
2019-09-18 18:02:42,140 [main] INFO  om.OzoneManager (OzoneManager.java:start(1256)) - OzoneManager RPC server is listening at localhost/127.0.0.1:34009
2019-09-18 18:02:42,140 [main] INFO  impl.MetricsSystemImpl (MetricsSystemImpl.java:init(158)) - OzoneManager metrics system started (again)
2019-09-18 18:02:42,142 [IPC Server Responder] INFO  ipc.Server (Server.java:run(1314)) - IPC Server Responder: starting
2019-09-18 18:02:42,142 [IPC Server listener on 34009] INFO  ipc.Server (Server.java:run(1153)) - IPC Server listener on 34009: starting
2019-09-18 18:02:42,147 [main] INFO  hdfs.DFSUtil (DFSUtil.java:httpServerTemplateForNNAndJN(1641)) - Starting Web-server for ozoneManager at: http://0.0.0.0:0
2019-09-18 18:02:42,149 [main] INFO  server.AuthenticationFilter (AuthenticationFilter.java:constructSecretProvider(240)) - Unable to initialize FileSignerSecretProvider, falling back to use random secrets.
2019-09-18 18:02:42,150 [main] WARN  http.HttpRequestLog (HttpRequestLog.java:getRequestLog(97)) - Jetty request log can only be enabled using Log4j
2019-09-18 18:02:42,154 [main] INFO  http.HttpServer2 (HttpServer2.java:addGlobalFilter(975)) - Added global filter 'safety' (class=org.apache.hadoop.http.HttpServer2$QuotingInputFilter)
2019-09-18 18:02:42,156 [main] INFO  http.HttpServer2 (HttpServer2.java:addFilter(948)) - Added filter static_user_filter (class=org.apache.hadoop.http.lib.StaticUserWebFilter$StaticUserFilter) to context ozoneManager
2019-09-18 18:02:42,156 [main] INFO  http.HttpServer2 (HttpServer2.java:addFilter(958)) - Added filter static_user_filter (class=org.apache.hadoop.http.lib.StaticUserWebFilter$StaticUserFilter) to context static
2019-09-18 18:02:42,157 [main] INFO  http.HttpServer2 (HttpServer2.java:addFilter(958)) - Added filter static_user_filter (class=org.apache.hadoop.http.lib.StaticUserWebFilter$StaticUserFilter) to context logs
2019-09-18 18:02:42,160 [main] INFO  http.HttpServer2 (HttpServer2.java:bindListener(1191)) - Jetty bound to port 33037
2019-09-18 18:02:42,160 [main] INFO  server.Server (Server.java:doStart(351)) - jetty-9.3.24.v20180605, build timestamp: 2018-06-05T17:11:56Z, git hash: 84205aa28f11a4f31f2a3b86d1bba2cc8ab69827
2019-09-18 18:02:42,163 [main] INFO  handler.ContextHandler (ContextHandler.java:doStart(781)) - Started o.e.j.s.ServletContextHandler@1698d7c0{/logs,file:///workdir/hadoop-ozone/tools/target/log,AVAILABLE}
2019-09-18 18:02:42,164 [main] INFO  handler.ContextHandler (ContextHandler.java:doStart(781)) - Started o.e.j.s.ServletContextHandler@87abc48{/static,jar:file:/home/user/.m2/repository/org/apache/hadoop/hadoop-ozone-ozone-manager/0.5.0-SNAPSHOT/hadoop-ozone-ozone-manager-0.5.0-SNAPSHOT.jar!/webapps/static,AVAILABLE}
2019-09-18 18:02:42,235 [main] INFO  handler.ContextHandler (ContextHandler.java:doStart(781)) - Started o.e.j.w.WebAppContext@5bcde458{/,file:///tmp/jetty-0.0.0.0-33037-ozoneManager-_-any-9175817659899822467.dir/webapp/,AVAILABLE}{/ozoneManager}
2019-09-18 18:02:42,236 [main] INFO  server.AbstractConnector (AbstractConnector.java:doStart(278)) - Started ServerConnector@215a34b4{HTTP/1.1,[http/1.1]}{0.0.0.0:33037}
2019-09-18 18:02:42,237 [main] INFO  server.Server (Server.java:doStart(419)) - Started @5051ms
2019-09-18 18:02:42,238 [main] INFO  server.BaseHttpServer (BaseHttpServer.java:updateConnectorAddress(213)) - HTTP server of OZONEMANAGER is listening at http://0.0.0.0:33037
2019-09-18 18:02:42,419 [main] INFO  impl.MetricsSystemImpl (MetricsSystemImpl.java:init(158)) - HddsDatanode metrics system started (again)
2019-09-18 18:02:42,501 [main] INFO  ozone.HddsDatanodeService (HddsDatanodeService.java:start(184)) - HddsDatanodeService host:pr-hdds-2034-lb7qt-2171347232 ip:192.168.5.185
2019-09-18 18:02:42,534 [main] INFO  volume.HddsVolume (HddsVolume.java:<init>(176)) - Creating Volume: /workdir/hadoop-ozone/tools/target/test-dir/MiniOzoneClusterImpl-b338881a-fe91-4e40-bf12-d8a0ad576167/datanode-0/data/containers/hdds of  storage type : DISK and capacity : 1482555576320
2019-09-18 18:02:42,536 [main] INFO  volume.VolumeSet (VolumeSet.java:initializeVolumeSet(170)) - Added Volume : /workdir/hadoop-ozone/tools/target/test-dir/MiniOzoneClusterImpl-b338881a-fe91-4e40-bf12-d8a0ad576167/datanode-0/data/containers/hdds to VolumeSet
2019-09-18 18:02:42,539 [main] INFO  volume.ThrottledAsyncChecker (ThrottledAsyncChecker.java:schedule(140)) - Scheduling a check for org.apache.hadoop.ozone.container.common.volume.HddsVolume@3ac8cf9b
2019-09-18 18:02:42,556 [main] INFO  volume.HddsVolumeChecker (HddsVolumeChecker.java:checkAllVolumes(203)) - Scheduled health check for volume org.apache.hadoop.ozone.container.common.volume.HddsVolume@3ac8cf9b
2019-09-18 18:02:42,667 [main] INFO  impl.RaftServerProxy (ConfUtils.java:logGet(43)) - raft.rpc.type = GRPC (default)
2019-09-18 18:02:42,730 [main] INFO  grpc.GrpcFactory (GrpcFactory.java:checkPooledByteBufAllocatorUseCacheForAllThreads(45)) - PERFORMANCE WARNING: useCacheForAllThreads is true that may cause Netty to create a lot garbage objects and, as a result, trigger GC.
	It is recommended to disable useCacheForAllThreads by setting -Dorg.apache.ratis.thirdparty.io.netty.allocator.useCacheForAllThreads=false in command line.
2019-09-18 18:02:42,735 [main] INFO  grpc.GrpcConfigKeys$Server (ConfUtils.java:logGet(43)) - raft.grpc.server.port = 0 (default)
2019-09-18 18:02:42,736 [main] INFO  server.GrpcService (ConfUtils.java:logGet(43)) - raft.grpc.message.size.max = 33570816 (custom)
2019-09-18 18:02:42,738 [main] INFO  server.RaftServerConfigKeys (ConfUtils.java:logGet(43)) - raft.server.log.appender.buffer.byte-limit = 33554432 (custom)
2019-09-18 18:02:42,738 [main] INFO  server.GrpcService (ConfUtils.java:logGet(43)) - raft.grpc.flow.control.window = 1MB (=1048576) (default)
2019-09-18 18:02:42,739 [main] INFO  server.RaftServerConfigKeys (ConfUtils.java:logGet(43)) - raft.server.rpc.request.timeout = 3000ms (default)
2019-09-18 18:02:42,893 [main] INFO  server.RaftServerConfigKeys (ConfUtils.java:logGet(43)) - raft.server.storage.dir = [/workdir/hadoop-ozone/tools/target/test-dir/MiniOzoneClusterImpl-b338881a-fe91-4e40-bf12-d8a0ad576167/datanode-0/data/ratis] (custom)
2019-09-18 18:02:42,930 [main] INFO  replication.SimpleContainerDownloader (SimpleContainerDownloader.java:<init>(72)) - Starting container downloader service to copy containers to replicate.
2019-09-18 18:02:42,946 [main] INFO  hdfs.DFSUtil (DFSUtil.java:httpServerTemplateForNNAndJN(1641)) - Starting Web-server for hddsDatanode at: http://0.0.0.0:0
2019-09-18 18:02:42,948 [main] INFO  server.AuthenticationFilter (AuthenticationFilter.java:constructSecretProvider(240)) - Unable to initialize FileSignerSecretProvider, falling back to use random secrets.
2019-09-18 18:02:42,949 [main] WARN  http.HttpRequestLog (HttpRequestLog.java:getRequestLog(97)) - Jetty request log can only be enabled using Log4j
2019-09-18 18:02:42,951 [main] INFO  http.HttpServer2 (HttpServer2.java:addGlobalFilter(975)) - Added global filter 'safety' (class=org.apache.hadoop.http.HttpServer2$QuotingInputFilter)
2019-09-18 18:02:42,952 [main] INFO  http.HttpServer2 (HttpServer2.java:addFilter(948)) - Added filter static_user_filter (class=org.apache.hadoop.http.lib.StaticUserWebFilter$StaticUserFilter) to context hddsDatanode
2019-09-18 18:02:42,952 [main] INFO  http.HttpServer2 (HttpServer2.java:addFilter(958)) - Added filter static_user_filter (class=org.apache.hadoop.http.lib.StaticUserWebFilter$StaticUserFilter) to context static
2019-09-18 18:02:42,953 [main] INFO  http.HttpServer2 (HttpServer2.java:addFilter(958)) - Added filter static_user_filter (class=org.apache.hadoop.http.lib.StaticUserWebFilter$StaticUserFilter) to context logs
2019-09-18 18:02:42,954 [main] INFO  http.HttpServer2 (HttpServer2.java:bindListener(1191)) - Jetty bound to port 45844
2019-09-18 18:02:42,955 [main] INFO  server.Server (Server.java:doStart(351)) - jetty-9.3.24.v20180605, build timestamp: 2018-06-05T17:11:56Z, git hash: 84205aa28f11a4f31f2a3b86d1bba2cc8ab69827
2019-09-18 18:02:42,957 [main] INFO  handler.ContextHandler (ContextHandler.java:doStart(781)) - Started o.e.j.s.ServletContextHandler@22eaa86e{/logs,file:///workdir/hadoop-ozone/tools/target/log,AVAILABLE}
2019-09-18 18:02:42,958 [main] INFO  handler.ContextHandler (ContextHandler.java:doStart(781)) - Started o.e.j.s.ServletContextHandler@1cc680e{/static,jar:file:/home/user/.m2/repository/org/apache/hadoop/hadoop-hdds-container-service/0.5.0-SNAPSHOT/hadoop-hdds-container-service-0.5.0-SNAPSHOT.jar!/webapps/static,AVAILABLE}
2019-09-18 18:02:42,994 [main] INFO  handler.ContextHandler (ContextHandler.java:doStart(781)) - Started o.e.j.w.WebAppContext@a5272be{/,file:///tmp/jetty-0.0.0.0-45844-hddsDatanode-_-any-4922490553681079454.dir/webapp/,AVAILABLE}{/hddsDatanode}
2019-09-18 18:02:42,996 [main] INFO  server.AbstractConnector (AbstractConnector.java:doStart(278)) - Started ServerConnector@58ba5b30{HTTP/1.1,[http/1.1]}{0.0.0.0:45844}
2019-09-18 18:02:42,997 [main] INFO  server.Server (Server.java:doStart(419)) - Started @5812ms
2019-09-18 18:02:42,998 [main] INFO  server.BaseHttpServer (BaseHttpServer.java:updateConnectorAddress(213)) - HTTP server of HDDSDATANODE is listening at http://0.0.0.0:45844
2019-09-18 18:02:44,156 | INFO  | ObjectStoreRestHttpServer | Listening HDDS REST traffic on /0.0.0.0:39351 |  
2019-09-18 18:02:44,157 [main] INFO  ozone.HddsDatanodeService (HddsDatanodeService.java:startPlugins(395)) - Started plug-in org.apache.hadoop.ozone.web.OzoneHddsDatanodeService@6b415f5f
2019-09-18 18:02:44,158 [main] INFO  impl.MetricsSystemImpl (MetricsSystemImpl.java:init(158)) - HddsDatanode metrics system started (again)
2019-09-18 18:02:44,161 [main] INFO  ozone.HddsDatanodeService (HddsDatanodeService.java:start(184)) - HddsDatanodeService host:pr-hdds-2034-lb7qt-2171347232 ip:192.168.5.185
2019-09-18 18:02:44,165 [org.apache.hadoop.util.JvmPauseMonitor$Monitor@6db000d4] INFO  util.JvmPauseMonitor (JvmPauseMonitor.java:run(188)) - Starting JVM pause monitor
2019-09-18 18:02:44,169 [main] INFO  volume.HddsVolume (HddsVolume.java:<init>(176)) - Creating Volume: /workdir/hadoop-ozone/tools/target/test-dir/MiniOzoneClusterImpl-b338881a-fe91-4e40-bf12-d8a0ad576167/datanode-1/data/containers/hdds of  storage type : DISK and capacity : 1482555576320
2019-09-18 18:02:44,170 [main] INFO  volume.VolumeSet (VolumeSet.java:initializeVolumeSet(170)) - Added Volume : /workdir/hadoop-ozone/tools/target/test-dir/MiniOzoneClusterImpl-b338881a-fe91-4e40-bf12-d8a0ad576167/datanode-1/data/containers/hdds to VolumeSet
2019-09-18 18:02:44,170 [main] INFO  volume.ThrottledAsyncChecker (ThrottledAsyncChecker.java:schedule(140)) - Scheduling a check for org.apache.hadoop.ozone.container.common.volume.HddsVolume@2443135
2019-09-18 18:02:44,172 [main] INFO  volume.HddsVolumeChecker (HddsVolumeChecker.java:checkAllVolumes(203)) - Scheduled health check for volume org.apache.hadoop.ozone.container.common.volume.HddsVolume@2443135
2019-09-18 18:02:44,194 [main] INFO  impl.RaftServerProxy (ConfUtils.java:logGet(43)) - raft.rpc.type = GRPC (default)
2019-09-18 18:02:44,194 [main] INFO  grpc.GrpcFactory (GrpcFactory.java:checkPooledByteBufAllocatorUseCacheForAllThreads(45)) - PERFORMANCE WARNING: useCacheForAllThreads is true that may cause Netty to create a lot garbage objects and, as a result, trigger GC.
	It is recommended to disable useCacheForAllThreads by setting -Dorg.apache.ratis.thirdparty.io.netty.allocator.useCacheForAllThreads=false in command line.
2019-09-18 18:02:44,195 [main] INFO  grpc.GrpcConfigKeys$Server (ConfUtils.java:logGet(43)) - raft.grpc.server.port = 0 (default)
2019-09-18 18:02:44,195 [main] INFO  server.GrpcService (ConfUtils.java:logGet(43)) - raft.grpc.message.size.max = 33570816 (custom)
2019-09-18 18:02:44,195 [main] INFO  server.RaftServerConfigKeys (ConfUtils.java:logGet(43)) - raft.server.log.appender.buffer.byte-limit = 33554432 (custom)
2019-09-18 18:02:44,196 [main] INFO  server.GrpcService (ConfUtils.java:logGet(43)) - raft.grpc.flow.control.window = 1MB (=1048576) (default)
2019-09-18 18:02:44,196 [main] INFO  server.RaftServerConfigKeys (ConfUtils.java:logGet(43)) - raft.server.rpc.request.timeout = 3000ms (default)
2019-09-18 18:02:44,197 [main] INFO  server.RaftServerConfigKeys (ConfUtils.java:logGet(43)) - raft.server.storage.dir = [/workdir/hadoop-ozone/tools/target/test-dir/MiniOzoneClusterImpl-b338881a-fe91-4e40-bf12-d8a0ad576167/datanode-1/data/ratis] (custom)
2019-09-18 18:02:44,198 [main] INFO  replication.SimpleContainerDownloader (SimpleContainerDownloader.java:<init>(72)) - Starting container downloader service to copy containers to replicate.
2019-09-18 18:02:44,199 [main] INFO  hdfs.DFSUtil (DFSUtil.java:httpServerTemplateForNNAndJN(1641)) - Starting Web-server for hddsDatanode at: http://0.0.0.0:0
2019-09-18 18:02:44,201 [main] INFO  server.AuthenticationFilter (AuthenticationFilter.java:constructSecretProvider(240)) - Unable to initialize FileSignerSecretProvider, falling back to use random secrets.
2019-09-18 18:02:44,202 [main] WARN  http.HttpRequestLog (HttpRequestLog.java:getRequestLog(97)) - Jetty request log can only be enabled using Log4j
2019-09-18 18:02:44,204 [main] INFO  http.HttpServer2 (HttpServer2.java:addGlobalFilter(975)) - Added global filter 'safety' (class=org.apache.hadoop.http.HttpServer2$QuotingInputFilter)
2019-09-18 18:02:44,204 [main] INFO  http.HttpServer2 (HttpServer2.java:addFilter(948)) - Added filter static_user_filter (class=org.apache.hadoop.http.lib.StaticUserWebFilter$StaticUserFilter) to context hddsDatanode
2019-09-18 18:02:44,204 [main] INFO  http.HttpServer2 (HttpServer2.java:addFilter(958)) - Added filter static_user_filter (class=org.apache.hadoop.http.lib.StaticUserWebFilter$StaticUserFilter) to context static
2019-09-18 18:02:44,205 [main] INFO  http.HttpServer2 (HttpServer2.java:addFilter(958)) - Added filter static_user_filter (class=org.apache.hadoop.http.lib.StaticUserWebFilter$StaticUserFilter) to context logs
2019-09-18 18:02:44,205 [main] INFO  http.HttpServer2 (HttpServer2.java:bindListener(1191)) - Jetty bound to port 45321
2019-09-18 18:02:44,205 [main] INFO  server.Server (Server.java:doStart(351)) - jetty-9.3.24.v20180605, build timestamp: 2018-06-05T17:11:56Z, git hash: 84205aa28f11a4f31f2a3b86d1bba2cc8ab69827
2019-09-18 18:02:44,208 [main] INFO  handler.ContextHandler (ContextHandler.java:doStart(781)) - Started o.e.j.s.ServletContextHandler@52b959df{/logs,file:///workdir/hadoop-ozone/tools/target/log,AVAILABLE}
2019-09-18 18:02:44,209 [main] INFO  handler.ContextHandler (ContextHandler.java:doStart(781)) - Started o.e.j.s.ServletContextHandler@553d2579{/static,jar:file:/home/user/.m2/repository/org/apache/hadoop/hadoop-hdds-container-service/0.5.0-SNAPSHOT/hadoop-hdds-container-service-0.5.0-SNAPSHOT.jar!/webapps/static,AVAILABLE}
2019-09-18 18:02:44,239 [main] INFO  handler.ContextHandler (ContextHandler.java:doStart(781)) - Started o.e.j.w.WebAppContext@487cd177{/,file:///tmp/jetty-0.0.0.0-45321-hddsDatanode-_-any-365380816179992574.dir/webapp/,AVAILABLE}{/hddsDatanode}
2019-09-18 18:02:44,240 [main] INFO  server.AbstractConnector (AbstractConnector.java:doStart(278)) - Started ServerConnector@324b6a56{HTTP/1.1,[http/1.1]}{0.0.0.0:45321}
2019-09-18 18:02:44,240 [main] INFO  server.Server (Server.java:doStart(419)) - Started @7055ms
2019-09-18 18:02:44,242 [main] INFO  server.BaseHttpServer (BaseHttpServer.java:updateConnectorAddress(213)) - HTTP server of HDDSDATANODE is listening at http://0.0.0.0:45321
2019-09-18 18:02:44,257 [Datanode State Machine Thread - 0] INFO  datanode.InitDatanodeState (InitDatanodeState.java:persistContainerDatanodeDetails(140)) - DatanodeDetails is persisted to /workdir/hadoop-ozone/tools/target/test-dir/MiniOzoneClusterImpl-b338881a-fe91-4e40-bf12-d8a0ad576167/datanode-0/meta/datanode.id
2019-09-18 18:02:44,411 | INFO  | ObjectStoreRestHttpServer | Listening HDDS REST traffic on /0.0.0.0:46872 |  
2019-09-18 18:02:44,412 [main] INFO  ozone.HddsDatanodeService (HddsDatanodeService.java:startPlugins(395)) - Started plug-in org.apache.hadoop.ozone.web.OzoneHddsDatanodeService@55846997
2019-09-18 18:02:44,412 [main] INFO  impl.MetricsSystemImpl (MetricsSystemImpl.java:init(158)) - HddsDatanode metrics system started (again)
2019-09-18 18:02:44,415 [main] INFO  ozone.HddsDatanodeService (HddsDatanodeService.java:start(184)) - HddsDatanodeService host:pr-hdds-2034-lb7qt-2171347232 ip:192.168.5.185
2019-09-18 18:02:44,415 [org.apache.hadoop.util.JvmPauseMonitor$Monitor@3dbeaded] INFO  util.JvmPauseMonitor (JvmPauseMonitor.java:run(188)) - Starting JVM pause monitor
2019-09-18 18:02:44,420 [Datanode State Machine Thread - 0] INFO  datanode.InitDatanodeState (InitDatanodeState.java:persistContainerDatanodeDetails(140)) - DatanodeDetails is persisted to /workdir/hadoop-ozone/tools/target/test-dir/MiniOzoneClusterImpl-b338881a-fe91-4e40-bf12-d8a0ad576167/datanode-1/meta/datanode.id
2019-09-18 18:02:44,424 [main] INFO  volume.HddsVolume (HddsVolume.java:<init>(176)) - Creating Volume: /workdir/hadoop-ozone/tools/target/test-dir/MiniOzoneClusterImpl-b338881a-fe91-4e40-bf12-d8a0ad576167/datanode-2/data/containers/hdds of  storage type : DISK and capacity : 1482555576320
2019-09-18 18:02:44,425 [main] INFO  volume.VolumeSet (VolumeSet.java:initializeVolumeSet(170)) - Added Volume : /workdir/hadoop-ozone/tools/target/test-dir/MiniOzoneClusterImpl-b338881a-fe91-4e40-bf12-d8a0ad576167/datanode-2/data/containers/hdds to VolumeSet
2019-09-18 18:02:44,425 [main] INFO  volume.ThrottledAsyncChecker (ThrottledAsyncChecker.java:schedule(140)) - Scheduling a check for org.apache.hadoop.ozone.container.common.volume.HddsVolume@191c6e13
2019-09-18 18:02:44,426 [main] INFO  volume.HddsVolumeChecker (HddsVolumeChecker.java:checkAllVolumes(203)) - Scheduled health check for volume org.apache.hadoop.ozone.container.common.volume.HddsVolume@191c6e13
2019-09-18 18:02:44,442 [main] INFO  impl.RaftServerProxy (ConfUtils.java:logGet(43)) - raft.rpc.type = GRPC (default)
2019-09-18 18:02:44,442 [main] INFO  grpc.GrpcFactory (GrpcFactory.java:checkPooledByteBufAllocatorUseCacheForAllThreads(45)) - PERFORMANCE WARNING: useCacheForAllThreads is true that may cause Netty to create a lot garbage objects and, as a result, trigger GC.
	It is recommended to disable useCacheForAllThreads by setting -Dorg.apache.ratis.thirdparty.io.netty.allocator.useCacheForAllThreads=false in command line.
2019-09-18 18:02:44,443 [main] INFO  grpc.GrpcConfigKeys$Server (ConfUtils.java:logGet(43)) - raft.grpc.server.port = 0 (default)
2019-09-18 18:02:44,443 [main] INFO  server.GrpcService (ConfUtils.java:logGet(43)) - raft.grpc.message.size.max = 33570816 (custom)
2019-09-18 18:02:44,443 [main] INFO  server.RaftServerConfigKeys (ConfUtils.java:logGet(43)) - raft.server.log.appender.buffer.byte-limit = 33554432 (custom)
2019-09-18 18:02:44,443 [main] INFO  server.GrpcService (ConfUtils.java:logGet(43)) - raft.grpc.flow.control.window = 1MB (=1048576) (default)
2019-09-18 18:02:44,443 [main] INFO  server.RaftServerConfigKeys (ConfUtils.java:logGet(43)) - raft.server.rpc.request.timeout = 3000ms (default)
2019-09-18 18:02:44,444 [main] INFO  server.RaftServerConfigKeys (ConfUtils.java:logGet(43)) - raft.server.storage.dir = [/workdir/hadoop-ozone/tools/target/test-dir/MiniOzoneClusterImpl-b338881a-fe91-4e40-bf12-d8a0ad576167/datanode-2/data/ratis] (custom)
2019-09-18 18:02:44,445 [main] INFO  replication.SimpleContainerDownloader (SimpleContainerDownloader.java:<init>(72)) - Starting container downloader service to copy containers to replicate.
2019-09-18 18:02:44,446 [main] INFO  hdfs.DFSUtil (DFSUtil.java:httpServerTemplateForNNAndJN(1641)) - Starting Web-server for hddsDatanode at: http://0.0.0.0:0
2019-09-18 18:02:44,447 [main] INFO  server.AuthenticationFilter (AuthenticationFilter.java:constructSecretProvider(240)) - Unable to initialize FileSignerSecretProvider, falling back to use random secrets.
2019-09-18 18:02:44,448 [main] WARN  http.HttpRequestLog (HttpRequestLog.java:getRequestLog(97)) - Jetty request log can only be enabled using Log4j
2019-09-18 18:02:44,449 [main] INFO  http.HttpServer2 (HttpServer2.java:addGlobalFilter(975)) - Added global filter 'safety' (class=org.apache.hadoop.http.HttpServer2$QuotingInputFilter)
2019-09-18 18:02:44,450 [main] INFO  http.HttpServer2 (HttpServer2.java:addFilter(948)) - Added filter static_user_filter (class=org.apache.hadoop.http.lib.StaticUserWebFilter$StaticUserFilter) to context hddsDatanode
2019-09-18 18:02:44,450 [main] INFO  http.HttpServer2 (HttpServer2.java:addFilter(958)) - Added filter static_user_filter (class=org.apache.hadoop.http.lib.StaticUserWebFilter$StaticUserFilter) to context logs
2019-09-18 18:02:44,450 [main] INFO  http.HttpServer2 (HttpServer2.java:addFilter(958)) - Added filter static_user_filter (class=org.apache.hadoop.http.lib.StaticUserWebFilter$StaticUserFilter) to context static
2019-09-18 18:02:44,451 [main] INFO  http.HttpServer2 (HttpServer2.java:bindListener(1191)) - Jetty bound to port 38242
2019-09-18 18:02:44,451 [main] INFO  server.Server (Server.java:doStart(351)) - jetty-9.3.24.v20180605, build timestamp: 2018-06-05T17:11:56Z, git hash: 84205aa28f11a4f31f2a3b86d1bba2cc8ab69827
2019-09-18 18:02:44,453 [main] INFO  handler.ContextHandler (ContextHandler.java:doStart(781)) - Started o.e.j.s.ServletContextHandler@29013ef2{/logs,file:///workdir/hadoop-ozone/tools/target/log,AVAILABLE}
2019-09-18 18:02:44,454 [main] INFO  handler.ContextHandler (ContextHandler.java:doStart(781)) - Started o.e.j.s.ServletContextHandler@5b2b8d86{/static,jar:file:/home/user/.m2/repository/org/apache/hadoop/hadoop-hdds-container-service/0.5.0-SNAPSHOT/hadoop-hdds-container-service-0.5.0-SNAPSHOT.jar!/webapps/static,AVAILABLE}
2019-09-18 18:02:44,483 [main] INFO  handler.ContextHandler (ContextHandler.java:doStart(781)) - Started o.e.j.w.WebAppContext@7d1c164a{/,file:///tmp/jetty-0.0.0.0-38242-hddsDatanode-_-any-4341622707602781882.dir/webapp/,AVAILABLE}{/hddsDatanode}
2019-09-18 18:02:44,484 [main] INFO  server.AbstractConnector (AbstractConnector.java:doStart(278)) - Started ServerConnector@209f3887{HTTP/1.1,[http/1.1]}{0.0.0.0:38242}
2019-09-18 18:02:44,487 [main] INFO  server.Server (Server.java:doStart(419)) - Started @7301ms
2019-09-18 18:02:44,487 [main] INFO  server.BaseHttpServer (BaseHttpServer.java:updateConnectorAddress(213)) - HTTP server of HDDSDATANODE is listening at http://0.0.0.0:38242
2019-09-18 18:02:44,633 | INFO  | ObjectStoreRestHttpServer | Listening HDDS REST traffic on /0.0.0.0:42902 |  
2019-09-18 18:02:44,633 [main] INFO  ozone.HddsDatanodeService (HddsDatanodeService.java:startPlugins(395)) - Started plug-in org.apache.hadoop.ozone.web.OzoneHddsDatanodeService@752b69e3
2019-09-18 18:02:44,635 [main] INFO  ozone.MiniOzoneClusterImpl (MiniOzoneClusterImpl.java:lambda$waitForClusterToBeReady$0(145)) - Waiting for nodes to be ready. Got 0 of 3 DN Heartbeats.
2019-09-18 18:02:44,635 [main] INFO  ozone.MiniOzoneClusterImpl (MiniOzoneClusterImpl.java:lambda$waitForClusterToBeReady$0(148)) - Waiting for cluster to exit safe mode
2019-09-18 18:02:44,636 [org.apache.hadoop.util.JvmPauseMonitor$Monitor@26863b7e] INFO  util.JvmPauseMonitor (JvmPauseMonitor.java:run(188)) - Starting JVM pause monitor
2019-09-18 18:02:44,639 [Datanode State Machine Thread - 0] INFO  datanode.InitDatanodeState (InitDatanodeState.java:persistContainerDatanodeDetails(140)) - DatanodeDetails is persisted to /workdir/hadoop-ozone/tools/target/test-dir/MiniOzoneClusterImpl-b338881a-fe91-4e40-bf12-d8a0ad576167/datanode-2/meta/datanode.id
2019-09-18 18:02:45,635 [main] INFO  ozone.MiniOzoneClusterImpl (MiniOzoneClusterImpl.java:lambda$waitForClusterToBeReady$0(145)) - Waiting for nodes to be ready. Got 0 of 3 DN Heartbeats.
2019-09-18 18:02:45,636 [main] INFO  ozone.MiniOzoneClusterImpl (MiniOzoneClusterImpl.java:lambda$waitForClusterToBeReady$0(148)) - Waiting for cluster to exit safe mode
2019-09-18 18:02:46,195 | INFO  | SCMAudit | user=jenkins1000 | ip=192.168.5.185 | op=GET_VERSION null | ret=SUCCESS |  
2019-09-18 18:02:46,417 | INFO  | SCMAudit | user=jenkins1000 | ip=192.168.5.185 | op=GET_VERSION null | ret=SUCCESS |  
2019-09-18 18:02:46,581 [Datanode State Machine Thread - 0] INFO  ozoneimpl.OzoneContainer (OzoneContainer.java:start(186)) - Attempting to start container services.
2019-09-18 18:02:46,581 [Datanode State Machine Thread - 0] INFO  ozoneimpl.OzoneContainer (OzoneContainer.java:start(186)) - Attempting to start container services.
2019-09-18 18:02:46,583 [Datanode State Machine Thread - 0] INFO  ozoneimpl.OzoneContainer (OzoneContainer.java:startContainerScrub(160)) - Background container scrubber has been disabled by hdds.containerscrub.enabled
2019-09-18 18:02:46,584 [Datanode State Machine Thread - 0] INFO  ozoneimpl.OzoneContainer (OzoneContainer.java:startContainerScrub(160)) - Background container scrubber has been disabled by hdds.containerscrub.enabled
2019-09-18 18:02:46,584 [Datanode State Machine Thread - 0] INFO  ratis.XceiverServerRatis (XceiverServerRatis.java:start(404)) - Starting XceiverServerRatis 7cb5bd27-452a-4b56-9ea4-268b54436f3d at port 0
2019-09-18 18:02:46,584 [Datanode State Machine Thread - 0] INFO  ratis.XceiverServerRatis (XceiverServerRatis.java:start(404)) - Starting XceiverServerRatis 43decd5c-1b5a-43ef-8295-9634006390e4 at port 0
2019-09-18 18:02:46,609 [Datanode State Machine Thread - 0] INFO  impl.RaftServerProxy (RaftServerProxy.java:lambda$start$3(299)) - 43decd5c-1b5a-43ef-8295-9634006390e4: start RPC server
2019-09-18 18:02:46,609 [Datanode State Machine Thread - 0] INFO  impl.RaftServerProxy (RaftServerProxy.java:lambda$start$3(299)) - 7cb5bd27-452a-4b56-9ea4-268b54436f3d: start RPC server
2019-09-18 18:02:46,636 [main] INFO  ozone.MiniOzoneClusterImpl (MiniOzoneClusterImpl.java:lambda$waitForClusterToBeReady$0(145)) - Waiting for nodes to be ready. Got 0 of 3 DN Heartbeats.
2019-09-18 18:02:46,636 [main] INFO  ozone.MiniOzoneClusterImpl (MiniOzoneClusterImpl.java:lambda$waitForClusterToBeReady$0(148)) - Waiting for cluster to exit safe mode
2019-09-18 18:02:46,638 | INFO  | SCMAudit | user=jenkins1000 | ip=192.168.5.185 | op=GET_VERSION null | ret=SUCCESS |  
2019-09-18 18:02:46,725 [Datanode State Machine Thread - 0] INFO  server.GrpcService (GrpcService.java:startImpl(149)) - 7cb5bd27-452a-4b56-9ea4-268b54436f3d: GrpcService started, listening on 0.0.0.0/0.0.0.0:40381
2019-09-18 18:02:46,725 [Datanode State Machine Thread - 0] INFO  server.GrpcService (GrpcService.java:startImpl(149)) - 43decd5c-1b5a-43ef-8295-9634006390e4: GrpcService started, listening on 0.0.0.0/0.0.0.0:42210
2019-09-18 18:02:46,726 [Datanode State Machine Thread - 0] INFO  ozoneimpl.OzoneContainer (OzoneContainer.java:start(186)) - Attempting to start container services.
2019-09-18 18:02:46,726 [Datanode State Machine Thread - 0] INFO  ratis.XceiverServerRatis (XceiverServerRatis.java:start(414)) - XceiverServerRatis 43decd5c-1b5a-43ef-8295-9634006390e4 is started using port 42210
2019-09-18 18:02:46,726 [Datanode State Machine Thread - 0] INFO  ratis.XceiverServerRatis (XceiverServerRatis.java:start(414)) - XceiverServerRatis 7cb5bd27-452a-4b56-9ea4-268b54436f3d is started using port 40381
2019-09-18 18:02:46,727 [Datanode State Machine Thread - 0] INFO  ozoneimpl.OzoneContainer (OzoneContainer.java:startContainerScrub(160)) - Background container scrubber has been disabled by hdds.containerscrub.enabled
2019-09-18 18:02:46,730 [Datanode State Machine Thread - 0] INFO  ratis.XceiverServerRatis (XceiverServerRatis.java:start(404)) - Starting XceiverServerRatis f9c0c0c0-b23a-4753-91c5-508b70f9f49b at port 0
2019-09-18 18:02:46,730 [Datanode State Machine Thread - 0] INFO  server.XceiverServerGrpc (XceiverServerGrpc.java:start(163)) - XceiverServerGrpc 43decd5c-1b5a-43ef-8295-9634006390e4 is started using port 39801
2019-09-18 18:02:46,730 [Datanode State Machine Thread - 0] INFO  server.XceiverServerGrpc (XceiverServerGrpc.java:start(163)) - XceiverServerGrpc 7cb5bd27-452a-4b56-9ea4-268b54436f3d is started using port 37487
2019-09-18 18:02:46,738 [Datanode State Machine Thread - 0] INFO  impl.RaftServerProxy (RaftServerProxy.java:lambda$start$3(299)) - f9c0c0c0-b23a-4753-91c5-508b70f9f49b: start RPC server
2019-09-18 18:02:46,740 [Datanode State Machine Thread - 0] INFO  server.GrpcService (GrpcService.java:startImpl(149)) - f9c0c0c0-b23a-4753-91c5-508b70f9f49b: GrpcService started, listening on 0.0.0.0/0.0.0.0:39172
2019-09-18 18:02:46,740 [Datanode State Machine Thread - 0] INFO  ratis.XceiverServerRatis (XceiverServerRatis.java:start(414)) - XceiverServerRatis f9c0c0c0-b23a-4753-91c5-508b70f9f49b is started using port 39172
2019-09-18 18:02:46,742 [Datanode State Machine Thread - 0] INFO  server.XceiverServerGrpc (XceiverServerGrpc.java:start(163)) - XceiverServerGrpc f9c0c0c0-b23a-4753-91c5-508b70f9f49b is started using port 37334
2019-09-18 18:02:47,637 [main] INFO  ozone.MiniOzoneClusterImpl (MiniOzoneClusterImpl.java:lambda$waitForClusterToBeReady$0(145)) - Waiting for nodes to be ready. Got 0 of 3 DN Heartbeats.
2019-09-18 18:02:47,637 [main] INFO  ozone.MiniOzoneClusterImpl (MiniOzoneClusterImpl.java:lambda$waitForClusterToBeReady$0(148)) - Waiting for cluster to exit safe mode
2019-09-18 18:02:48,205 [IPC Server handler 2 on 35797] INFO  net.NetworkTopology (NetworkTopologyImpl.java:add(110)) - Added a new node: /default-rack/7cb5bd27-452a-4b56-9ea4-268b54436f3d
2019-09-18 18:02:48,207 [IPC Server handler 2 on 35797] INFO  node.SCMNodeManager (SCMNodeManager.java:register(273)) - Registered Data node : 7cb5bd27-452a-4b56-9ea4-268b54436f3d{ip: 192.168.5.185, host: pr-hdds-2034-lb7qt-2171347232, networkLocation: /default-rack, certSerialId: null}
2019-09-18 18:02:48,212 [EventQueue-NodeRegistrationContainerReportForDataNodeSafeModeRule] INFO  safemode.SCMSafeModeManager (DataNodeSafeModeRule.java:process(71)) - SCM in safe mode. 1 DataNodes registered, 1 required.
2019-09-18 18:02:48,216 [RatisPipelineUtilsThread] INFO  pipeline.RatisPipelineProvider (RatisPipelineProvider.java:lambda$create$4(164)) - Send pipeline:PipelineID=fbc74551-43c9-4664-ba51-c94eb4ee7a43 create command to datanode 7cb5bd27-452a-4b56-9ea4-268b54436f3d
2019-09-18 18:02:48,222 | INFO  | SCMAudit | user=jenkins1000 | ip=192.168.5.185 | op=REGISTER {datanodeDetails=7cb5bd27-452a-4b56-9ea4-268b54436f3d{ip: 192.168.5.185, host: pr-hdds-2034-lb7qt-2171347232, networkLocation: /default-rack, certSerialId: null}} | ret=SUCCESS |  
2019-09-18 18:02:48,419 [IPC Server handler 0 on 35797] INFO  net.NetworkTopology (NetworkTopologyImpl.java:add(110)) - Added a new node: /default-rack/43decd5c-1b5a-43ef-8295-9634006390e4
2019-09-18 18:02:48,420 [IPC Server handler 0 on 35797] INFO  node.SCMNodeManager (SCMNodeManager.java:register(273)) - Registered Data node : 43decd5c-1b5a-43ef-8295-9634006390e4{ip: 192.168.5.185, host: pr-hdds-2034-lb7qt-2171347232, networkLocation: /default-rack, certSerialId: null}
2019-09-18 18:02:48,420 | INFO  | SCMAudit | user=jenkins1000 | ip=192.168.5.185 | op=REGISTER {datanodeDetails=43decd5c-1b5a-43ef-8295-9634006390e4{ip: 192.168.5.185, host: pr-hdds-2034-lb7qt-2171347232, networkLocation: /default-rack, certSerialId: null}} | ret=SUCCESS |  
2019-09-18 18:02:48,423 [RatisPipelineUtilsThread] INFO  pipeline.RatisPipelineProvider (RatisPipelineProvider.java:lambda$create$4(164)) - Send pipeline:PipelineID=c2991c21-26e3-484c-b745-52cf13c8dba1 create command to datanode 43decd5c-1b5a-43ef-8295-9634006390e4
2019-09-18 18:02:48,637 [main] INFO  ozone.MiniOzoneClusterImpl (MiniOzoneClusterImpl.java:lambda$waitForClusterToBeReady$0(145)) - Waiting for nodes to be ready. Got 2 of 3 DN Heartbeats.
2019-09-18 18:02:48,639 [main] INFO  ozone.MiniOzoneClusterImpl (MiniOzoneClusterImpl.java:lambda$waitForClusterToBeReady$0(148)) - Waiting for cluster to exit safe mode
2019-09-18 18:02:48,639 [IPC Server handler 3 on 35797] INFO  net.NetworkTopology (NetworkTopologyImpl.java:add(110)) - Added a new node: /default-rack/f9c0c0c0-b23a-4753-91c5-508b70f9f49b
2019-09-18 18:02:48,640 [IPC Server handler 3 on 35797] INFO  node.SCMNodeManager (SCMNodeManager.java:register(273)) - Registered Data node : f9c0c0c0-b23a-4753-91c5-508b70f9f49b{ip: 192.168.5.185, host: pr-hdds-2034-lb7qt-2171347232, networkLocation: /default-rack, certSerialId: null}
2019-09-18 18:02:48,641 | INFO  | SCMAudit | user=jenkins1000 | ip=192.168.5.185 | op=REGISTER {datanodeDetails=f9c0c0c0-b23a-4753-91c5-508b70f9f49b{ip: 192.168.5.185, host: pr-hdds-2034-lb7qt-2171347232, networkLocation: /default-rack, certSerialId: null}} | ret=SUCCESS |  
2019-09-18 18:02:48,641 [RatisPipelineUtilsThread] INFO  pipeline.RatisPipelineProvider (RatisPipelineProvider.java:lambda$create$4(164)) - Send pipeline:PipelineID=9d9dec39-73dc-4a32-8250-9e2150c738be create command to datanode f9c0c0c0-b23a-4753-91c5-508b70f9f49b
2019-09-18 18:02:48,644 [RatisPipelineUtilsThread] INFO  pipeline.RatisPipelineProvider (RatisPipelineProvider.java:lambda$create$4(164)) - Send pipeline:PipelineID=cbcd9ebb-7770-4d57-a7a7-9bee98a316d3 create command to datanode 43decd5c-1b5a-43ef-8295-9634006390e4
2019-09-18 18:02:48,645 [RatisPipelineUtilsThread] INFO  pipeline.RatisPipelineProvider (RatisPipelineProvider.java:lambda$create$4(164)) - Send pipeline:PipelineID=cbcd9ebb-7770-4d57-a7a7-9bee98a316d3 create command to datanode f9c0c0c0-b23a-4753-91c5-508b70f9f49b
2019-09-18 18:02:48,645 [RatisPipelineUtilsThread] INFO  pipeline.RatisPipelineProvider (RatisPipelineProvider.java:lambda$create$4(164)) - Send pipeline:PipelineID=cbcd9ebb-7770-4d57-a7a7-9bee98a316d3 create command to datanode 7cb5bd27-452a-4b56-9ea4-268b54436f3d
2019-09-18 18:02:49,639 [main] INFO  ozone.MiniOzoneClusterImpl (MiniOzoneClusterImpl.java:lambda$waitForClusterToBeReady$0(145)) - Nodes are ready. Got 3 of 3 DN Heartbeats.
2019-09-18 18:02:49,643 [main] INFO  ozone.MiniOzoneClusterImpl (MiniOzoneClusterImpl.java:lambda$waitForClusterToBeReady$0(148)) - Waiting for cluster to exit safe mode
2019-09-18 18:02:50,224 | INFO  | SCMAudit | user=jenkins1000 | ip=192.168.5.185 | op=SEND_HEARTBEAT {datanodeUUID=7cb5bd27-452a-4b56-9ea4-268b54436f3d, command=[commandType: createPipelineCommand createPipelineCommandProto { pipelineID { id: "fbc74551-43c9-4664-ba51-c94eb4ee7a43" } type: RATIS factor: ONE datanode { uuid: "7cb5bd27-452a-4b56-9ea4-268b54436f3d" ipAddress: "192.168.5.185" hostName: "pr-hdds-2034-lb7qt-2171347232" ports { name: "REST" value: 39351 } ports { name: "RATIS" value: 40381 } ports { name: "STANDALONE" value: 37487 } networkName: "7cb5bd27-452a-4b56-9ea4-268b54436f3d" networkLocation: "/default-rack" } cmdId: 1568829768215 } , commandType: createPipelineCommand createPipelineCommandProto { pipelineID { id: "cbcd9ebb-7770-4d57-a7a7-9bee98a316d3" } type: RATIS factor: THREE datanode { uuid: "43decd5c-1b5a-43ef-8295-9634006390e4" ipAddress: "192.168.5.185" hostName: "pr-hdds-2034-lb7qt-2171347232" ports { name: "REST" value: 46872 } ports { name: "RATIS" value: 42210 } ports { name: "STANDALONE" value: 39801 } networkName: "43decd5c-1b5a-43ef-8295-9634006390e4" networkLocation: "/default-rack" } datanode { uuid: "f9c0c0c0-b23a-4753-91c5-508b70f9f49b" ipAddress: "192.168.5.185" hostName: "pr-hdds-2034-lb7qt-2171347232" ports { name: "REST" value: 42902 } ports { name: "RATIS" value: 39172 } ports { name: "STANDALONE" value: 37334 } networkName: "f9c0c0c0-b23a-4753-91c5-508b70f9f49b" networkLocation: "/default-rack" } datanode { uuid: "7cb5bd27-452a-4b56-9ea4-268b54436f3d" ipAddress: "192.168.5.185" hostName: "pr-hdds-2034-lb7qt-2171347232" ports { name: "REST" value: 39351 } ports { name: "RATIS" value: 40381 } ports { name: "STANDALONE" value: 37487 } networkName: "7cb5bd27-452a-4b56-9ea4-268b54436f3d" networkLocation: "/default-rack" } cmdId: 1568829768218 } ]} | ret=SUCCESS |  
2019-09-18 18:02:50,424 | INFO  | SCMAudit | user=jenkins1000 | ip=192.168.5.185 | op=SEND_HEARTBEAT {datanodeUUID=43decd5c-1b5a-43ef-8295-9634006390e4, command=[commandType: createPipelineCommand createPipelineCommandProto { pipelineID { id: "c2991c21-26e3-484c-b745-52cf13c8dba1" } type: RATIS factor: ONE datanode { uuid: "43decd5c-1b5a-43ef-8295-9634006390e4" ipAddress: "192.168.5.185" hostName: "pr-hdds-2034-lb7qt-2171347232" ports { name: "REST" value: 46872 } ports { name: "RATIS" value: 42210 } ports { name: "STANDALONE" value: 39801 } networkName: "43decd5c-1b5a-43ef-8295-9634006390e4" networkLocation: "/default-rack" } cmdId: 1568829768216 } , commandType: createPipelineCommand createPipelineCommandProto { pipelineID { id: "cbcd9ebb-7770-4d57-a7a7-9bee98a316d3" } type: RATIS factor: THREE datanode { uuid: "43decd5c-1b5a-43ef-8295-9634006390e4" ipAddress: "192.168.5.185" hostName: "pr-hdds-2034-lb7qt-2171347232" ports { name: "REST" value: 46872 } ports { name: "RATIS" value: 42210 } ports { name: "STANDALONE" value: 39801 } networkName: "43decd5c-1b5a-43ef-8295-9634006390e4" networkLocation: "/default-rack" } datanode { uuid: "f9c0c0c0-b23a-4753-91c5-508b70f9f49b" ipAddress: "192.168.5.185" hostName: "pr-hdds-2034-lb7qt-2171347232" ports { name: "REST" value: 42902 } ports { name: "RATIS" value: 39172 } ports { name: "STANDALONE" value: 37334 } networkName: "f9c0c0c0-b23a-4753-91c5-508b70f9f49b" networkLocation: "/default-rack" } datanode { uuid: "7cb5bd27-452a-4b56-9ea4-268b54436f3d" ipAddress: "192.168.5.185" hostName: "pr-hdds-2034-lb7qt-2171347232" ports { name: "REST" value: 39351 } ports { name: "RATIS" value: 40381 } ports { name: "STANDALONE" value: 37487 } networkName: "7cb5bd27-452a-4b56-9ea4-268b54436f3d" networkLocation: "/default-rack" } cmdId: 1568829768218 } ]} | ret=SUCCESS |  
2019-09-18 18:02:50,643 | INFO  | SCMAudit | user=jenkins1000 | ip=192.168.5.185 | op=SEND_HEARTBEAT {datanodeUUID=f9c0c0c0-b23a-4753-91c5-508b70f9f49b, command=[commandType: createPipelineCommand createPipelineCommandProto { pipelineID { id: "9d9dec39-73dc-4a32-8250-9e2150c738be" } type: RATIS factor: ONE datanode { uuid: "f9c0c0c0-b23a-4753-91c5-508b70f9f49b" ipAddress: "192.168.5.185" hostName: "pr-hdds-2034-lb7qt-2171347232" ports { name: "REST" value: 42902 } ports { name: "RATIS" value: 39172 } ports { name: "STANDALONE" value: 37334 } networkName: "f9c0c0c0-b23a-4753-91c5-508b70f9f49b" networkLocation: "/default-rack" } cmdId: 1568829768217 } , commandType: createPipelineCommand createPipelineCommandProto { pipelineID { id: "cbcd9ebb-7770-4d57-a7a7-9bee98a316d3" } type: RATIS factor: THREE datanode { uuid: "43decd5c-1b5a-43ef-8295-9634006390e4" ipAddress: "192.168.5.185" hostName: "pr-hdds-2034-lb7qt-2171347232" ports { name: "REST" value: 46872 } ports { name: "RATIS" value: 42210 } ports { name: "STANDALONE" value: 39801 } networkName: "43decd5c-1b5a-43ef-8295-9634006390e4" networkLocation: "/default-rack" } datanode { uuid: "f9c0c0c0-b23a-4753-91c5-508b70f9f49b" ipAddress: "192.168.5.185" hostName: "pr-hdds-2034-lb7qt-2171347232" ports { name: "REST" value: 42902 } ports { name: "RATIS" value: 39172 } ports { name: "STANDALONE" value: 37334 } networkName: "f9c0c0c0-b23a-4753-91c5-508b70f9f49b" networkLocation: "/default-rack" } datanode { uuid: "7cb5bd27-452a-4b56-9ea4-268b54436f3d" ipAddress: "192.168.5.185" hostName: "pr-hdds-2034-lb7qt-2171347232" ports { name: "REST" value: 39351 } ports { name: "RATIS" value: 40381 } ports { name: "STANDALONE" value: 37487 } networkName: "7cb5bd27-452a-4b56-9ea4-268b54436f3d" networkLocation: "/default-rack" } cmdId: 1568829768218 } ]} | ret=SUCCESS |  
2019-09-18 18:02:50,643 [main] INFO  ozone.MiniOzoneClusterImpl (MiniOzoneClusterImpl.java:lambda$waitForClusterToBeReady$0(145)) - Nodes are ready. Got 3 of 3 DN Heartbeats.
2019-09-18 18:02:50,643 [main] INFO  ozone.MiniOzoneClusterImpl (MiniOzoneClusterImpl.java:lambda$waitForClusterToBeReady$0(148)) - Waiting for cluster to exit safe mode
2019-09-18 18:02:51,168 | INFO  | SCMAudit | user=jenkins1000 | ip=192.168.5.185 | op=SEND_HEARTBEAT {datanodeUUID=7cb5bd27-452a-4b56-9ea4-268b54436f3d, command=[]} | ret=SUCCESS |  
2019-09-18 18:02:51,426 | INFO  | SCMAudit | user=jenkins1000 | ip=192.168.5.185 | op=SEND_HEARTBEAT {datanodeUUID=43decd5c-1b5a-43ef-8295-9634006390e4, command=[]} | ret=SUCCESS |  
2019-09-18 18:02:51,854 [main] INFO  ozone.MiniOzoneClusterImpl (MiniOzoneClusterImpl.java:lambda$waitForClusterToBeReady$0(145)) - Nodes are ready. Got 3 of 3 DN Heartbeats.
2019-09-18 18:02:51,856 [main] INFO  ozone.MiniOzoneClusterImpl (MiniOzoneClusterImpl.java:lambda$waitForClusterToBeReady$0(148)) - Waiting for cluster to exit safe mode
2019-09-18 18:02:51,859 | INFO  | SCMAudit | user=jenkins1000 | ip=192.168.5.185 | op=SEND_HEARTBEAT {datanodeUUID=f9c0c0c0-b23a-4753-91c5-508b70f9f49b, command=[]} | ret=SUCCESS |  
2019-09-18 18:02:51,987 [grpc-default-executor-0] INFO  impl.RaftServerProxy (RaftServerProxy.java:addNew(89)) - 43decd5c-1b5a-43ef-8295-9634006390e4: addNew group-52CF13C8DBA1:[43decd5c-1b5a-43ef-8295-9634006390e4:192.168.5.185:42210] returns group-52CF13C8DBA1:java.util.concurrent.CompletableFuture@31486d67[Not completed]
2019-09-18 18:02:51,987 [grpc-default-executor-1] INFO  impl.RaftServerProxy (RaftServerProxy.java:addNew(89)) - 7cb5bd27-452a-4b56-9ea4-268b54436f3d: addNew group-C94EB4EE7A43:[7cb5bd27-452a-4b56-9ea4-268b54436f3d:192.168.5.185:40381] returns group-C94EB4EE7A43:java.util.concurrent.CompletableFuture@4f6e7766[Not completed]
2019-09-18 18:02:51,987 [grpc-default-executor-2] INFO  impl.RaftServerProxy (RaftServerProxy.java:addNew(89)) - f9c0c0c0-b23a-4753-91c5-508b70f9f49b: addNew group-9E2150C738BE:[f9c0c0c0-b23a-4753-91c5-508b70f9f49b:192.168.5.185:39172] returns group-9E2150C738BE:java.util.concurrent.CompletableFuture@27c4c53d[Not completed]
2019-09-18 18:02:52,020 [pool-38-thread-1] INFO  impl.RaftServerImpl (RaftServerImpl.java:<init>(93)) - 43decd5c-1b5a-43ef-8295-9634006390e4: new RaftServerImpl for group-52CF13C8DBA1:[43decd5c-1b5a-43ef-8295-9634006390e4:192.168.5.185:42210] with ContainerStateMachine:uninitialized
2019-09-18 18:02:52,021 [pool-49-thread-1] INFO  impl.RaftServerImpl (RaftServerImpl.java:<init>(93)) - f9c0c0c0-b23a-4753-91c5-508b70f9f49b: new RaftServerImpl for group-9E2150C738BE:[f9c0c0c0-b23a-4753-91c5-508b70f9f49b:192.168.5.185:39172] with ContainerStateMachine:uninitialized
2019-09-18 18:02:52,028 [pool-38-thread-1] INFO  server.RaftServerConfigKeys (ConfUtils.java:logGet(43)) - raft.server.rpc.timeout.min = 5s (custom)
2019-09-18 18:02:52,028 [pool-49-thread-1] INFO  server.RaftServerConfigKeys (ConfUtils.java:logGet(43)) - raft.server.rpc.timeout.min = 5s (custom)
2019-09-18 18:02:52,028 [pool-38-thread-1] INFO  server.RaftServerConfigKeys (ConfUtils.java:logGet(43)) - raft.server.rpc.timeout.max = 5200ms (custom)
2019-09-18 18:02:52,028 [pool-49-thread-1] INFO  server.RaftServerConfigKeys (ConfUtils.java:logGet(43)) - raft.server.rpc.timeout.max = 5200ms (custom)
2019-09-18 18:02:52,029 [pool-38-thread-1] INFO  server.RaftServerConfigKeys (ConfUtils.java:logGet(43)) - raft.server.rpcslowness.timeout = 120s (custom)
2019-09-18 18:02:52,029 [pool-49-thread-1] INFO  server.RaftServerConfigKeys (ConfUtils.java:logGet(43)) - raft.server.rpcslowness.timeout = 120s (custom)
2019-09-18 18:02:52,029 [pool-38-thread-1] INFO  server.RaftServerConfigKeys (ConfUtils.java:logGet(43)) - raft.server.sleep.deviation.threshold = 300 (default)
2019-09-18 18:02:52,029 [pool-27-thread-1] INFO  impl.RaftServerImpl (RaftServerImpl.java:<init>(93)) - 7cb5bd27-452a-4b56-9ea4-268b54436f3d: new RaftServerImpl for group-C94EB4EE7A43:[7cb5bd27-452a-4b56-9ea4-268b54436f3d:192.168.5.185:40381] with ContainerStateMachine:uninitialized
2019-09-18 18:02:52,029 [pool-49-thread-1] INFO  server.RaftServerConfigKeys (ConfUtils.java:logGet(43)) - raft.server.sleep.deviation.threshold = 300 (default)
2019-09-18 18:02:52,030 [pool-27-thread-1] INFO  server.RaftServerConfigKeys (ConfUtils.java:logGet(43)) - raft.server.rpc.timeout.min = 5s (custom)
2019-09-18 18:02:52,030 [pool-38-thread-1] INFO  server.RaftServerConfigKeys (ConfUtils.java:logGet(43)) - raft.server.log.appender.install.snapshot.enabled = false (custom)
2019-09-18 18:02:52,031 [pool-27-thread-1] INFO  server.RaftServerConfigKeys (ConfUtils.java:logGet(43)) - raft.server.rpc.timeout.max = 5200ms (custom)
2019-09-18 18:02:52,031 [pool-49-thread-1] INFO  server.RaftServerConfigKeys (ConfUtils.java:logGet(43)) - raft.server.log.appender.install.snapshot.enabled = false (custom)
2019-09-18 18:02:52,031 [pool-27-thread-1] INFO  server.RaftServerConfigKeys (ConfUtils.java:logGet(43)) - raft.server.rpcslowness.timeout = 120s (custom)
2019-09-18 18:02:52,031 [pool-27-thread-1] INFO  server.RaftServerConfigKeys (ConfUtils.java:logGet(43)) - raft.server.sleep.deviation.threshold = 300 (default)
2019-09-18 18:02:52,031 [pool-27-thread-1] INFO  server.RaftServerConfigKeys (ConfUtils.java:logGet(43)) - raft.server.log.appender.install.snapshot.enabled = false (custom)
2019-09-18 18:02:52,037 [pool-49-thread-1] INFO  impl.RaftServerImpl (ServerState.java:<init>(105)) - f9c0c0c0-b23a-4753-91c5-508b70f9f49b:group-9E2150C738BE ConfigurationManager, init=-1: [f9c0c0c0-b23a-4753-91c5-508b70f9f49b:192.168.5.185:39172], old=null, confs=<EMPTY_MAP>
2019-09-18 18:02:52,037 [pool-27-thread-1] INFO  impl.RaftServerImpl (ServerState.java:<init>(105)) - 7cb5bd27-452a-4b56-9ea4-268b54436f3d:group-C94EB4EE7A43 ConfigurationManager, init=-1: [7cb5bd27-452a-4b56-9ea4-268b54436f3d:192.168.5.185:40381], old=null, confs=<EMPTY_MAP>
2019-09-18 18:02:52,037 [pool-38-thread-1] INFO  impl.RaftServerImpl (ServerState.java:<init>(105)) - 43decd5c-1b5a-43ef-8295-9634006390e4:group-52CF13C8DBA1 ConfigurationManager, init=-1: [43decd5c-1b5a-43ef-8295-9634006390e4:192.168.5.185:42210], old=null, confs=<EMPTY_MAP>
2019-09-18 18:02:52,037 [pool-49-thread-1] INFO  server.RaftServerConfigKeys (ConfUtils.java:logGet(43)) - raft.server.storage.dir = [/workdir/hadoop-ozone/tools/target/test-dir/MiniOzoneClusterImpl-b338881a-fe91-4e40-bf12-d8a0ad576167/datanode-2/data/ratis] (custom)
2019-09-18 18:02:52,037 [pool-38-thread-1] INFO  server.RaftServerConfigKeys (ConfUtils.java:logGet(43)) - raft.server.storage.dir = [/workdir/hadoop-ozone/tools/target/test-dir/MiniOzoneClusterImpl-b338881a-fe91-4e40-bf12-d8a0ad576167/datanode-1/data/ratis] (custom)
2019-09-18 18:02:52,037 [pool-27-thread-1] INFO  server.RaftServerConfigKeys (ConfUtils.java:logGet(43)) - raft.server.storage.dir = [/workdir/hadoop-ozone/tools/target/test-dir/MiniOzoneClusterImpl-b338881a-fe91-4e40-bf12-d8a0ad576167/datanode-0/data/ratis] (custom)
2019-09-18 18:02:52,044 [pool-38-thread-1] INFO  storage.RaftStorageDirectory (RaftStorageDirectory.java:analyzeStorage(246)) - The storage directory /workdir/hadoop-ozone/tools/target/test-dir/MiniOzoneClusterImpl-b338881a-fe91-4e40-bf12-d8a0ad576167/datanode-1/data/ratis/c2991c21-26e3-484c-b745-52cf13c8dba1 does not exist. Creating ...
2019-09-18 18:02:52,044 [pool-49-thread-1] INFO  storage.RaftStorageDirectory (RaftStorageDirectory.java:analyzeStorage(246)) - The storage directory /workdir/hadoop-ozone/tools/target/test-dir/MiniOzoneClusterImpl-b338881a-fe91-4e40-bf12-d8a0ad576167/datanode-2/data/ratis/9d9dec39-73dc-4a32-8250-9e2150c738be does not exist. Creating ...
2019-09-18 18:02:52,044 [pool-27-thread-1] INFO  storage.RaftStorageDirectory (RaftStorageDirectory.java:analyzeStorage(246)) - The storage directory /workdir/hadoop-ozone/tools/target/test-dir/MiniOzoneClusterImpl-b338881a-fe91-4e40-bf12-d8a0ad576167/datanode-0/data/ratis/fbc74551-43c9-4664-ba51-c94eb4ee7a43 does not exist. Creating ...
2019-09-18 18:02:52,073 [pool-38-thread-1] INFO  storage.RaftStorageDirectory (RaftStorageDirectory.java:tryLock(328)) - Lock on /workdir/hadoop-ozone/tools/target/test-dir/MiniOzoneClusterImpl-b338881a-fe91-4e40-bf12-d8a0ad576167/datanode-1/data/ratis/c2991c21-26e3-484c-b745-52cf13c8dba1/in_use.lock acquired by nodename 31290@pr-hdds-2034-lb7qt-2171347232
2019-09-18 18:02:52,073 [pool-27-thread-1] INFO  storage.RaftStorageDirectory (RaftStorageDirectory.java:tryLock(328)) - Lock on /workdir/hadoop-ozone/tools/target/test-dir/MiniOzoneClusterImpl-b338881a-fe91-4e40-bf12-d8a0ad576167/datanode-0/data/ratis/fbc74551-43c9-4664-ba51-c94eb4ee7a43/in_use.lock acquired by nodename 31290@pr-hdds-2034-lb7qt-2171347232
2019-09-18 18:02:52,073 [pool-49-thread-1] INFO  storage.RaftStorageDirectory (RaftStorageDirectory.java:tryLock(328)) - Lock on /workdir/hadoop-ozone/tools/target/test-dir/MiniOzoneClusterImpl-b338881a-fe91-4e40-bf12-d8a0ad576167/datanode-2/data/ratis/9d9dec39-73dc-4a32-8250-9e2150c738be/in_use.lock acquired by nodename 31290@pr-hdds-2034-lb7qt-2171347232
2019-09-18 18:02:52,099 [pool-27-thread-1] INFO  storage.RaftStorage (RaftStorage.java:format(72)) - Storage directory /workdir/hadoop-ozone/tools/target/test-dir/MiniOzoneClusterImpl-b338881a-fe91-4e40-bf12-d8a0ad576167/datanode-0/data/ratis/fbc74551-43c9-4664-ba51-c94eb4ee7a43 has been successfully formatted.
2019-09-18 18:02:52,099 [pool-38-thread-1] INFO  storage.RaftStorage (RaftStorage.java:format(72)) - Storage directory /workdir/hadoop-ozone/tools/target/test-dir/MiniOzoneClusterImpl-b338881a-fe91-4e40-bf12-d8a0ad576167/datanode-1/data/ratis/c2991c21-26e3-484c-b745-52cf13c8dba1 has been successfully formatted.
2019-09-18 18:02:52,099 [pool-49-thread-1] INFO  storage.RaftStorage (RaftStorage.java:format(72)) - Storage directory /workdir/hadoop-ozone/tools/target/test-dir/MiniOzoneClusterImpl-b338881a-fe91-4e40-bf12-d8a0ad576167/datanode-2/data/ratis/9d9dec39-73dc-4a32-8250-9e2150c738be has been successfully formatted.
2019-09-18 18:02:52,105 [pool-38-thread-1] INFO  ratis.ContainerStateMachine (ContainerStateMachine.java:loadSnapshot(226)) - group-52CF13C8DBA1: The snapshot info is null. Setting the last applied indexto:(t:0, i:~)
2019-09-18 18:02:52,105 [pool-49-thread-1] INFO  ratis.ContainerStateMachine (ContainerStateMachine.java:loadSnapshot(226)) - group-9E2150C738BE: The snapshot info is null. Setting the last applied indexto:(t:0, i:~)
2019-09-18 18:02:52,105 [pool-27-thread-1] INFO  ratis.ContainerStateMachine (ContainerStateMachine.java:loadSnapshot(226)) - group-C94EB4EE7A43: The snapshot info is null. Setting the last applied indexto:(t:0, i:~)
2019-09-18 18:02:52,106 [pool-49-thread-1] INFO  server.RaftServerConfigKeys (ConfUtils.java:logGet(43)) - raft.server.leader.election.timeout = 120s (custom)
2019-09-18 18:02:52,106 [pool-38-thread-1] INFO  server.RaftServerConfigKeys (ConfUtils.java:logGet(43)) - raft.server.leader.election.timeout = 120s (custom)
2019-09-18 18:02:52,106 [pool-27-thread-1] INFO  server.RaftServerConfigKeys (ConfUtils.java:logGet(43)) - raft.server.leader.election.timeout = 120s (custom)
2019-09-18 18:02:52,108 [pool-38-thread-1] INFO  server.RaftServerConfigKeys (ConfUtils.java:logGet(43)) - raft.server.log.use.memory = false (default)
2019-09-18 18:02:52,108 [pool-27-thread-1] INFO  server.RaftServerConfigKeys (ConfUtils.java:logGet(43)) - raft.server.log.use.memory = false (default)
2019-09-18 18:02:52,108 [pool-49-thread-1] INFO  server.RaftServerConfigKeys (ConfUtils.java:logGet(43)) - raft.server.log.use.memory = false (default)
2019-09-18 18:02:52,114 [pool-49-thread-1] INFO  server.RaftServerConfigKeys (ConfUtils.java:logGet(43)) - raft.server.log.purge.gap = 1000000 (custom)
2019-09-18 18:02:52,114 [pool-38-thread-1] INFO  server.RaftServerConfigKeys (ConfUtils.java:logGet(43)) - raft.server.log.purge.gap = 1000000 (custom)
2019-09-18 18:02:52,114 [pool-27-thread-1] INFO  server.RaftServerConfigKeys (ConfUtils.java:logGet(43)) - raft.server.log.purge.gap = 1000000 (custom)
2019-09-18 18:02:52,114 [pool-38-thread-1] INFO  server.RaftServerConfigKeys (ConfUtils.java:logGet(43)) - raft.server.log.appender.buffer.byte-limit = 33554432 (custom)
2019-09-18 18:02:52,114 [pool-49-thread-1] INFO  server.RaftServerConfigKeys (ConfUtils.java:logGet(43)) - raft.server.log.appender.buffer.byte-limit = 33554432 (custom)
2019-09-18 18:02:52,114 [pool-27-thread-1] INFO  server.RaftServerConfigKeys (ConfUtils.java:logGet(43)) - raft.server.log.appender.buffer.byte-limit = 33554432 (custom)
2019-09-18 18:02:52,116 [pool-49-thread-1] INFO  server.RaftServerConfigKeys (ConfUtils.java:logGet(43)) - raft.server.log.segment.size.max = 1048576 (custom)
2019-09-18 18:02:52,116 [pool-38-thread-1] INFO  server.RaftServerConfigKeys (ConfUtils.java:logGet(43)) - raft.server.log.segment.size.max = 1048576 (custom)
2019-09-18 18:02:52,116 [pool-27-thread-1] INFO  server.RaftServerConfigKeys (ConfUtils.java:logGet(43)) - raft.server.log.segment.size.max = 1048576 (custom)
2019-09-18 18:02:52,121 [pool-38-thread-1] INFO  server.RaftServerConfigKeys (ConfUtils.java:logGet(43)) - raft.server.log.segment.cache.num.max = 2 (custom)
2019-09-18 18:02:52,121 [pool-27-thread-1] INFO  server.RaftServerConfigKeys (ConfUtils.java:logGet(43)) - raft.server.log.segment.cache.num.max = 2 (custom)
2019-09-18 18:02:52,121 [pool-49-thread-1] INFO  server.RaftServerConfigKeys (ConfUtils.java:logGet(43)) - raft.server.log.segment.cache.num.max = 2 (custom)
2019-09-18 18:02:52,128 [pool-49-thread-1] INFO  segmented.SegmentedRaftLogWorker (SegmentedRaftLogWorker.java:<init>(172)) - new f9c0c0c0-b23a-4753-91c5-508b70f9f49b-SegmentedRaftLogWorker:Storage Directory /workdir/hadoop-ozone/tools/target/test-dir/MiniOzoneClusterImpl-b338881a-fe91-4e40-bf12-d8a0ad576167/datanode-2/data/ratis/9d9dec39-73dc-4a32-8250-9e2150c738be for RaftStorage:Storage Directory /workdir/hadoop-ozone/tools/target/test-dir/MiniOzoneClusterImpl-b338881a-fe91-4e40-bf12-d8a0ad576167/datanode-2/data/ratis/9d9dec39-73dc-4a32-8250-9e2150c738be
2019-09-18 18:02:52,128 [pool-27-thread-1] INFO  segmented.SegmentedRaftLogWorker (SegmentedRaftLogWorker.java:<init>(172)) - new 7cb5bd27-452a-4b56-9ea4-268b54436f3d-SegmentedRaftLogWorker:Storage Directory /workdir/hadoop-ozone/tools/target/test-dir/MiniOzoneClusterImpl-b338881a-fe91-4e40-bf12-d8a0ad576167/datanode-0/data/ratis/fbc74551-43c9-4664-ba51-c94eb4ee7a43 for RaftStorage:Storage Directory /workdir/hadoop-ozone/tools/target/test-dir/MiniOzoneClusterImpl-b338881a-fe91-4e40-bf12-d8a0ad576167/datanode-0/data/ratis/fbc74551-43c9-4664-ba51-c94eb4ee7a43
2019-09-18 18:02:52,128 [pool-38-thread-1] INFO  segmented.SegmentedRaftLogWorker (SegmentedRaftLogWorker.java:<init>(172)) - new 43decd5c-1b5a-43ef-8295-9634006390e4-SegmentedRaftLogWorker:Storage Directory /workdir/hadoop-ozone/tools/target/test-dir/MiniOzoneClusterImpl-b338881a-fe91-4e40-bf12-d8a0ad576167/datanode-1/data/ratis/c2991c21-26e3-484c-b745-52cf13c8dba1 for RaftStorage:Storage Directory /workdir/hadoop-ozone/tools/target/test-dir/MiniOzoneClusterImpl-b338881a-fe91-4e40-bf12-d8a0ad576167/datanode-1/data/ratis/c2991c21-26e3-484c-b745-52cf13c8dba1
2019-09-18 18:02:52,143 [pool-27-thread-1] INFO  server.RaftServerConfigKeys (ConfUtils.java:logGet(43)) - raft.server.log.queue.byte-limit = 2147483647 (custom)
2019-09-18 18:02:52,144 [pool-49-thread-1] INFO  server.RaftServerConfigKeys (ConfUtils.java:logGet(43)) - raft.server.log.queue.byte-limit = 2147483647 (custom)
2019-09-18 18:02:52,143 [pool-38-thread-1] INFO  server.RaftServerConfigKeys (ConfUtils.java:logGet(43)) - raft.server.log.queue.byte-limit = 2147483647 (custom)
2019-09-18 18:02:52,145 [pool-27-thread-1] INFO  server.RaftServerConfigKeys (ConfUtils.java:logGet(43)) - raft.server.log.queue.element-limit = 1024 (custom)
2019-09-18 18:02:52,145 [pool-38-thread-1] INFO  server.RaftServerConfigKeys (ConfUtils.java:logGet(43)) - raft.server.log.queue.element-limit = 1024 (custom)
2019-09-18 18:02:52,145 [pool-49-thread-1] INFO  server.RaftServerConfigKeys (ConfUtils.java:logGet(43)) - raft.server.log.queue.element-limit = 1024 (custom)
2019-09-18 18:02:52,150 [pool-27-thread-1] INFO  server.RaftServerConfigKeys (ConfUtils.java:logGet(43)) - raft.server.log.segment.size.max = 1048576 (custom)
2019-09-18 18:02:52,150 [pool-49-thread-1] INFO  server.RaftServerConfigKeys (ConfUtils.java:logGet(43)) - raft.server.log.segment.size.max = 1048576 (custom)
2019-09-18 18:02:52,150 [pool-38-thread-1] INFO  server.RaftServerConfigKeys (ConfUtils.java:logGet(43)) - raft.server.log.segment.size.max = 1048576 (custom)
2019-09-18 18:02:52,150 [pool-27-thread-1] INFO  server.RaftServerConfigKeys (ConfUtils.java:logGet(43)) - raft.server.log.preallocated.size = 16384 (custom)
2019-09-18 18:02:52,150 [pool-38-thread-1] INFO  server.RaftServerConfigKeys (ConfUtils.java:logGet(43)) - raft.server.log.preallocated.size = 16384 (custom)
2019-09-18 18:02:52,150 [pool-49-thread-1] INFO  server.RaftServerConfigKeys (ConfUtils.java:logGet(43)) - raft.server.log.preallocated.size = 16384 (custom)
2019-09-18 18:02:52,151 [pool-27-thread-1] INFO  server.RaftServerConfigKeys (ConfUtils.java:logGet(43)) - raft.server.log.write.buffer.size = 33554432 (custom)
2019-09-18 18:02:52,151 [pool-38-thread-1] INFO  server.RaftServerConfigKeys (ConfUtils.java:logGet(43)) - raft.server.log.write.buffer.size = 33554432 (custom)
2019-09-18 18:02:52,151 [pool-49-thread-1] INFO  server.RaftServerConfigKeys (ConfUtils.java:logGet(43)) - raft.server.log.write.buffer.size = 33554432 (custom)
2019-09-18 18:02:52,151 [pool-27-thread-1] INFO  server.RaftServerConfigKeys (ConfUtils.java:logGet(43)) - raft.server.log.force.sync.num = 128 (default)
2019-09-18 18:02:52,151 [pool-38-thread-1] INFO  server.RaftServerConfigKeys (ConfUtils.java:logGet(43)) - raft.server.log.force.sync.num = 128 (default)
2019-09-18 18:02:52,151 [pool-49-thread-1] INFO  server.RaftServerConfigKeys (ConfUtils.java:logGet(43)) - raft.server.log.force.sync.num = 128 (default)
2019-09-18 18:02:52,152 [pool-27-thread-1] INFO  server.RaftServerConfigKeys (ConfUtils.java:logGet(43)) - raft.server.log.statemachine.data.sync = true (default)
2019-09-18 18:02:52,152 [pool-49-thread-1] INFO  server.RaftServerConfigKeys (ConfUtils.java:logGet(43)) - raft.server.log.statemachine.data.sync = true (default)
2019-09-18 18:02:52,152 [pool-38-thread-1] INFO  server.RaftServerConfigKeys (ConfUtils.java:logGet(43)) - raft.server.log.statemachine.data.sync = true (default)
2019-09-18 18:02:52,152 [pool-49-thread-1] INFO  server.RaftServerConfigKeys (ConfUtils.java:logGet(43)) - raft.server.log.statemachine.data.sync.timeout = 10s (default)
2019-09-18 18:02:52,152 [pool-27-thread-1] INFO  server.RaftServerConfigKeys (ConfUtils.java:logGet(43)) - raft.server.log.statemachine.data.sync.timeout = 10s (default)
2019-09-18 18:02:52,152 [pool-38-thread-1] INFO  server.RaftServerConfigKeys (ConfUtils.java:logGet(43)) - raft.server.log.statemachine.data.sync.timeout = 10s (default)
2019-09-18 18:02:52,153 [pool-27-thread-1] INFO  server.RaftServerConfigKeys (ConfUtils.java:logGet(43)) - raft.server.log.statemachine.data.sync.timeout.retry = -1 (default)
2019-09-18 18:02:52,153 [pool-38-thread-1] INFO  server.RaftServerConfigKeys (ConfUtils.java:logGet(43)) - raft.server.log.statemachine.data.sync.timeout.retry = -1 (default)
2019-09-18 18:02:52,153 [pool-49-thread-1] INFO  server.RaftServerConfigKeys (ConfUtils.java:logGet(43)) - raft.server.log.statemachine.data.sync.timeout.retry = -1 (default)
2019-09-18 18:02:52,165 [pool-27-thread-1] INFO  server.RaftServerConfigKeys (ConfUtils.java:logGet(43)) - raft.server.log.statemachine.data.caching.enabled = true (custom)
2019-09-18 18:02:52,166 [pool-49-thread-1] INFO  server.RaftServerConfigKeys (ConfUtils.java:logGet(43)) - raft.server.log.statemachine.data.caching.enabled = true (custom)
2019-09-18 18:02:52,165 [pool-38-thread-1] INFO  server.RaftServerConfigKeys (ConfUtils.java:logGet(43)) - raft.server.log.statemachine.data.caching.enabled = true (custom)
2019-09-18 18:02:52,167 | INFO  | SCMAudit | user=jenkins1000 | ip=192.168.5.185 | op=SEND_HEARTBEAT {datanodeUUID=7cb5bd27-452a-4b56-9ea4-268b54436f3d, command=[]} | ret=SUCCESS |  
2019-09-18 18:02:52,171 [pool-38-thread-1] INFO  segmented.SegmentedRaftLogWorker (SegmentedRaftLogWorker.java:lambda$new$0(132)) - 43decd5c-1b5a-43ef-8295-9634006390e4-SegmentedRaftLogWorker:Storage Directory /workdir/hadoop-ozone/tools/target/test-dir/MiniOzoneClusterImpl-b338881a-fe91-4e40-bf12-d8a0ad576167/datanode-1/data/ratis/c2991c21-26e3-484c-b745-52cf13c8dba1: flushIndex: setUnconditionally 0 -> -1
2019-09-18 18:02:52,171 [pool-27-thread-1] INFO  segmented.SegmentedRaftLogWorker (SegmentedRaftLogWorker.java:lambda$new$0(132)) - 7cb5bd27-452a-4b56-9ea4-268b54436f3d-SegmentedRaftLogWorker:Storage Directory /workdir/hadoop-ozone/tools/target/test-dir/MiniOzoneClusterImpl-b338881a-fe91-4e40-bf12-d8a0ad576167/datanode-0/data/ratis/fbc74551-43c9-4664-ba51-c94eb4ee7a43: flushIndex: setUnconditionally 0 -> -1
2019-09-18 18:02:52,172 [pool-49-thread-1] INFO  segmented.SegmentedRaftLogWorker (SegmentedRaftLogWorker.java:lambda$new$0(132)) - f9c0c0c0-b23a-4753-91c5-508b70f9f49b-SegmentedRaftLogWorker:Storage Directory /workdir/hadoop-ozone/tools/target/test-dir/MiniOzoneClusterImpl-b338881a-fe91-4e40-bf12-d8a0ad576167/datanode-2/data/ratis/9d9dec39-73dc-4a32-8250-9e2150c738be: flushIndex: setUnconditionally 0 -> -1
2019-09-18 18:02:52,176 [pool-27-thread-1] INFO  server.RaftServerConfigKeys (ConfUtils.java:logGet(43)) - raft.server.snapshot.auto.trigger.enabled = true (custom)
2019-09-18 18:02:52,176 [pool-38-thread-1] INFO  server.RaftServerConfigKeys (ConfUtils.java:logGet(43)) - raft.server.snapshot.auto.trigger.enabled = true (custom)
2019-09-18 18:02:52,177 [pool-49-thread-1] INFO  server.RaftServerConfigKeys (ConfUtils.java:logGet(43)) - raft.server.snapshot.auto.trigger.enabled = true (custom)
2019-09-18 18:02:52,178 [pool-27-thread-1] INFO  server.RaftServerConfigKeys (ConfUtils.java:logGet(43)) - raft.server.snapshot.auto.trigger.threshold = 10000 (custom)
2019-09-18 18:02:52,178 [pool-38-thread-1] INFO  server.RaftServerConfigKeys (ConfUtils.java:logGet(43)) - raft.server.snapshot.auto.trigger.threshold = 10000 (custom)
2019-09-18 18:02:52,178 [pool-27-thread-1] INFO  server.RaftServerConfigKeys (ConfUtils.java:logGet(43)) - raft.server.retrycache.expirytime = 600000ms (custom)
2019-09-18 18:02:52,178 [pool-38-thread-1] INFO  server.RaftServerConfigKeys (ConfUtils.java:logGet(43)) - raft.server.retrycache.expirytime = 600000ms (custom)
2019-09-18 18:02:52,178 [pool-49-thread-1] INFO  server.RaftServerConfigKeys (ConfUtils.java:logGet(43)) - raft.server.snapshot.auto.trigger.threshold = 10000 (custom)
2019-09-18 18:02:52,179 [pool-49-thread-1] INFO  server.RaftServerConfigKeys (ConfUtils.java:logGet(43)) - raft.server.retrycache.expirytime = 600000ms (custom)
2019-09-18 18:02:52,199 [pool-49-thread-1] INFO  impl.RaftServerImpl (RaftServerImpl.java:start(180)) - f9c0c0c0-b23a-4753-91c5-508b70f9f49b: start group-9E2150C738BE
2019-09-18 18:02:52,199 [pool-27-thread-1] INFO  impl.RaftServerImpl (RaftServerImpl.java:start(180)) - 7cb5bd27-452a-4b56-9ea4-268b54436f3d: start group-C94EB4EE7A43
2019-09-18 18:02:52,199 [pool-38-thread-1] INFO  impl.RaftServerImpl (RaftServerImpl.java:start(180)) - 43decd5c-1b5a-43ef-8295-9634006390e4: start group-52CF13C8DBA1
2019-09-18 18:02:52,200 [pool-38-thread-1] INFO  impl.RaftServerImpl (RaftServerImpl.java:setRole(171)) - 43decd5c-1b5a-43ef-8295-9634006390e4:group-52CF13C8DBA1 changes role from null to FOLLOWER at term 0 for startAsFollower
2019-09-18 18:02:52,200 [pool-27-thread-1] INFO  impl.RaftServerImpl (RaftServerImpl.java:setRole(171)) - 7cb5bd27-452a-4b56-9ea4-268b54436f3d:group-C94EB4EE7A43 changes role from null to FOLLOWER at term 0 for startAsFollower
2019-09-18 18:02:52,200 [pool-49-thread-1] INFO  impl.RaftServerImpl (RaftServerImpl.java:setRole(171)) - f9c0c0c0-b23a-4753-91c5-508b70f9f49b:group-9E2150C738BE changes role from null to FOLLOWER at term 0 for startAsFollower
2019-09-18 18:02:52,201 [pool-49-thread-1] INFO  impl.RoleInfo (RoleInfo.java:updateAndGet(143)) - f9c0c0c0-b23a-4753-91c5-508b70f9f49b: start FollowerState
2019-09-18 18:02:52,201 [pool-38-thread-1] INFO  impl.RoleInfo (RoleInfo.java:updateAndGet(143)) - 43decd5c-1b5a-43ef-8295-9634006390e4: start FollowerState
2019-09-18 18:02:52,201 [pool-27-thread-1] INFO  impl.RoleInfo (RoleInfo.java:updateAndGet(143)) - 7cb5bd27-452a-4b56-9ea4-268b54436f3d: start FollowerState
2019-09-18 18:02:52,207 [pool-38-thread-1] INFO  util.JmxRegister (JmxRegister.java:tryRegister(44)) - Successfully registered JMX Bean with object name Ratis:service=RaftServer,group=group-52CF13C8DBA1,id=43decd5c-1b5a-43ef-8295-9634006390e4
2019-09-18 18:02:52,207 [pool-49-thread-1] INFO  util.JmxRegister (JmxRegister.java:tryRegister(44)) - Successfully registered JMX Bean with object name Ratis:service=RaftServer,group=group-9E2150C738BE,id=f9c0c0c0-b23a-4753-91c5-508b70f9f49b
2019-09-18 18:02:52,207 [pool-27-thread-1] INFO  util.JmxRegister (JmxRegister.java:tryRegister(44)) - Successfully registered JMX Bean with object name Ratis:service=RaftServer,group=group-C94EB4EE7A43,id=7cb5bd27-452a-4b56-9ea4-268b54436f3d
2019-09-18 18:02:52,265 [Command processor thread] INFO  commandhandler.CreatePipelineCommandHandler (CreatePipelineCommandHandler.java:handle(112)) - Create Pipeline RATIS ONE #PipelineID=c2991c21-26e3-484c-b745-52cf13c8dba1 command succeed on datanode 43decd5c-1b5a-43ef-8295-9634006390e4.
2019-09-18 18:02:52,265 [Command processor thread] INFO  commandhandler.CreatePipelineCommandHandler (CreatePipelineCommandHandler.java:handle(112)) - Create Pipeline RATIS ONE #PipelineID=9d9dec39-73dc-4a32-8250-9e2150c738be command succeed on datanode f9c0c0c0-b23a-4753-91c5-508b70f9f49b.
2019-09-18 18:02:52,265 [Command processor thread] INFO  commandhandler.CreatePipelineCommandHandler (CreatePipelineCommandHandler.java:handle(112)) - Create Pipeline RATIS ONE #PipelineID=fbc74551-43c9-4664-ba51-c94eb4ee7a43 command succeed on datanode 7cb5bd27-452a-4b56-9ea4-268b54436f3d.
2019-09-18 18:02:52,306 [grpc-default-executor-2] INFO  impl.RaftServerProxy (RaftServerProxy.java:addNew(89)) - f9c0c0c0-b23a-4753-91c5-508b70f9f49b: addNew group-9BEE98A316D3:[43decd5c-1b5a-43ef-8295-9634006390e4:192.168.5.185:42210, 7cb5bd27-452a-4b56-9ea4-268b54436f3d:192.168.5.185:40381, f9c0c0c0-b23a-4753-91c5-508b70f9f49b:192.168.5.185:39172] returns group-9BEE98A316D3:java.util.concurrent.CompletableFuture@7121f1fd[Not completed]
2019-09-18 18:02:52,306 [grpc-default-executor-1] INFO  impl.RaftServerProxy (RaftServerProxy.java:addNew(89)) - 43decd5c-1b5a-43ef-8295-9634006390e4: addNew group-9BEE98A316D3:[43decd5c-1b5a-43ef-8295-9634006390e4:192.168.5.185:42210, 7cb5bd27-452a-4b56-9ea4-268b54436f3d:192.168.5.185:40381, f9c0c0c0-b23a-4753-91c5-508b70f9f49b:192.168.5.185:39172] returns group-9BEE98A316D3:java.util.concurrent.CompletableFuture@421e5c0d[Not completed]
2019-09-18 18:02:52,309 [grpc-default-executor-1] INFO  impl.RaftServerProxy (RaftServerProxy.java:addNew(89)) - 7cb5bd27-452a-4b56-9ea4-268b54436f3d: addNew group-9BEE98A316D3:[43decd5c-1b5a-43ef-8295-9634006390e4:192.168.5.185:42210, 7cb5bd27-452a-4b56-9ea4-268b54436f3d:192.168.5.185:40381, f9c0c0c0-b23a-4753-91c5-508b70f9f49b:192.168.5.185:39172] returns group-9BEE98A316D3:java.util.concurrent.CompletableFuture@3d381981[Not completed]
2019-09-18 18:02:52,310 [pool-38-thread-1] INFO  impl.RaftServerImpl (RaftServerImpl.java:<init>(93)) - 43decd5c-1b5a-43ef-8295-9634006390e4: new RaftServerImpl for group-9BEE98A316D3:[43decd5c-1b5a-43ef-8295-9634006390e4:192.168.5.185:42210, 7cb5bd27-452a-4b56-9ea4-268b54436f3d:192.168.5.185:40381, f9c0c0c0-b23a-4753-91c5-508b70f9f49b:192.168.5.185:39172] with ContainerStateMachine:uninitialized
2019-09-18 18:02:52,310 [pool-38-thread-1] INFO  server.RaftServerConfigKeys (ConfUtils.java:logGet(43)) - raft.server.rpc.timeout.min = 5s (custom)
2019-09-18 18:02:52,311 [pool-27-thread-1] INFO  impl.RaftServerImpl (RaftServerImpl.java:<init>(93)) - 7cb5bd27-452a-4b56-9ea4-268b54436f3d: new RaftServerImpl for group-9BEE98A316D3:[43decd5c-1b5a-43ef-8295-9634006390e4:192.168.5.185:42210, 7cb5bd27-452a-4b56-9ea4-268b54436f3d:192.168.5.185:40381, f9c0c0c0-b23a-4753-91c5-508b70f9f49b:192.168.5.185:39172] with ContainerStateMachine:uninitialized
2019-09-18 18:02:52,311 [pool-38-thread-1] INFO  server.RaftServerConfigKeys (ConfUtils.java:logGet(43)) - raft.server.rpc.timeout.max = 5200ms (custom)
2019-09-18 18:02:52,311 [pool-27-thread-1] INFO  server.RaftServerConfigKeys (ConfUtils.java:logGet(43)) - raft.server.rpc.timeout.min = 5s (custom)
2019-09-18 18:02:52,311 [pool-38-thread-1] INFO  server.RaftServerConfigKeys (ConfUtils.java:logGet(43)) - raft.server.rpcslowness.timeout = 120s (custom)
2019-09-18 18:02:52,311 [pool-27-thread-1] INFO  server.RaftServerConfigKeys (ConfUtils.java:logGet(43)) - raft.server.rpc.timeout.max = 5200ms (custom)
2019-09-18 18:02:52,311 [pool-38-thread-1] INFO  server.RaftServerConfigKeys (ConfUtils.java:logGet(43)) - raft.server.sleep.deviation.threshold = 300 (default)
2019-09-18 18:02:52,311 [pool-27-thread-1] INFO  server.RaftServerConfigKeys (ConfUtils.java:logGet(43)) - raft.server.rpcslowness.timeout = 120s (custom)
2019-09-18 18:02:52,311 [pool-38-thread-1] INFO  server.RaftServerConfigKeys (ConfUtils.java:logGet(43)) - raft.server.log.appender.install.snapshot.enabled = false (custom)
2019-09-18 18:02:52,311 [pool-27-thread-1] INFO  server.RaftServerConfigKeys (ConfUtils.java:logGet(43)) - raft.server.sleep.deviation.threshold = 300 (default)
2019-09-18 18:02:52,312 [pool-38-thread-1] INFO  impl.RaftServerImpl (ServerState.java:<init>(105)) - 43decd5c-1b5a-43ef-8295-9634006390e4:group-9BEE98A316D3 ConfigurationManager, init=-1: [43decd5c-1b5a-43ef-8295-9634006390e4:192.168.5.185:42210, 7cb5bd27-452a-4b56-9ea4-268b54436f3d:192.168.5.185:40381, f9c0c0c0-b23a-4753-91c5-508b70f9f49b:192.168.5.185:39172], old=null, confs=<EMPTY_MAP>
2019-09-18 18:02:52,312 [pool-49-thread-1] INFO  impl.RaftServerImpl (RaftServerImpl.java:<init>(93)) - f9c0c0c0-b23a-4753-91c5-508b70f9f49b: new RaftServerImpl for group-9BEE98A316D3:[43decd5c-1b5a-43ef-8295-9634006390e4:192.168.5.185:42210, 7cb5bd27-452a-4b56-9ea4-268b54436f3d:192.168.5.185:40381, f9c0c0c0-b23a-4753-91c5-508b70f9f49b:192.168.5.185:39172] with ContainerStateMachine:uninitialized
2019-09-18 18:02:52,312 [pool-38-thread-1] INFO  server.RaftServerConfigKeys (ConfUtils.java:logGet(43)) - raft.server.storage.dir = [/workdir/hadoop-ozone/tools/target/test-dir/MiniOzoneClusterImpl-b338881a-fe91-4e40-bf12-d8a0ad576167/datanode-1/data/ratis] (custom)
2019-09-18 18:02:52,312 [pool-27-thread-1] INFO  server.RaftServerConfigKeys (ConfUtils.java:logGet(43)) - raft.server.log.appender.install.snapshot.enabled = false (custom)
2019-09-18 18:02:52,312 [pool-49-thread-1] INFO  server.RaftServerConfigKeys (ConfUtils.java:logGet(43)) - raft.server.rpc.timeout.min = 5s (custom)
2019-09-18 18:02:52,312 [pool-27-thread-1] INFO  impl.RaftServerImpl (ServerState.java:<init>(105)) - 7cb5bd27-452a-4b56-9ea4-268b54436f3d:group-9BEE98A316D3 ConfigurationManager, init=-1: [43decd5c-1b5a-43ef-8295-9634006390e4:192.168.5.185:42210, 7cb5bd27-452a-4b56-9ea4-268b54436f3d:192.168.5.185:40381, f9c0c0c0-b23a-4753-91c5-508b70f9f49b:192.168.5.185:39172], old=null, confs=<EMPTY_MAP>
2019-09-18 18:02:52,312 [pool-38-thread-1] INFO  storage.RaftStorageDirectory (RaftStorageDirectory.java:analyzeStorage(246)) - The storage directory /workdir/hadoop-ozone/tools/target/test-dir/MiniOzoneClusterImpl-b338881a-fe91-4e40-bf12-d8a0ad576167/datanode-1/data/ratis/cbcd9ebb-7770-4d57-a7a7-9bee98a316d3 does not exist. Creating ...
2019-09-18 18:02:52,312 [pool-49-thread-1] INFO  server.RaftServerConfigKeys (ConfUtils.java:logGet(43)) - raft.server.rpc.timeout.max = 5200ms (custom)
2019-09-18 18:02:52,313 [pool-27-thread-1] INFO  server.RaftServerConfigKeys (ConfUtils.java:logGet(43)) - raft.server.storage.dir = [/workdir/hadoop-ozone/tools/target/test-dir/MiniOzoneClusterImpl-b338881a-fe91-4e40-bf12-d8a0ad576167/datanode-0/data/ratis] (custom)
2019-09-18 18:02:52,313 [pool-49-thread-1] INFO  server.RaftServerConfigKeys (ConfUtils.java:logGet(43)) - raft.server.rpcslowness.timeout = 120s (custom)
2019-09-18 18:02:52,313 [pool-49-thread-1] INFO  server.RaftServerConfigKeys (ConfUtils.java:logGet(43)) - raft.server.sleep.deviation.threshold = 300 (default)
2019-09-18 18:02:52,313 [pool-27-thread-1] INFO  storage.RaftStorageDirectory (RaftStorageDirectory.java:analyzeStorage(246)) - The storage directory /workdir/hadoop-ozone/tools/target/test-dir/MiniOzoneClusterImpl-b338881a-fe91-4e40-bf12-d8a0ad576167/datanode-0/data/ratis/cbcd9ebb-7770-4d57-a7a7-9bee98a316d3 does not exist. Creating ...
2019-09-18 18:02:52,313 [pool-49-thread-1] INFO  server.RaftServerConfigKeys (ConfUtils.java:logGet(43)) - raft.server.log.appender.install.snapshot.enabled = false (custom)
2019-09-18 18:02:52,314 [pool-49-thread-1] INFO  impl.RaftServerImpl (ServerState.java:<init>(105)) - f9c0c0c0-b23a-4753-91c5-508b70f9f49b:group-9BEE98A316D3 ConfigurationManager, init=-1: [43decd5c-1b5a-43ef-8295-9634006390e4:192.168.5.185:42210, 7cb5bd27-452a-4b56-9ea4-268b54436f3d:192.168.5.185:40381, f9c0c0c0-b23a-4753-91c5-508b70f9f49b:192.168.5.185:39172], old=null, confs=<EMPTY_MAP>
2019-09-18 18:02:52,314 [pool-49-thread-1] INFO  server.RaftServerConfigKeys (ConfUtils.java:logGet(43)) - raft.server.storage.dir = [/workdir/hadoop-ozone/tools/target/test-dir/MiniOzoneClusterImpl-b338881a-fe91-4e40-bf12-d8a0ad576167/datanode-2/data/ratis] (custom)
2019-09-18 18:02:52,314 [pool-49-thread-1] INFO  storage.RaftStorageDirectory (RaftStorageDirectory.java:analyzeStorage(246)) - The storage directory /workdir/hadoop-ozone/tools/target/test-dir/MiniOzoneClusterImpl-b338881a-fe91-4e40-bf12-d8a0ad576167/datanode-2/data/ratis/cbcd9ebb-7770-4d57-a7a7-9bee98a316d3 does not exist. Creating ...
2019-09-18 18:02:52,337 [pool-38-thread-1] INFO  storage.RaftStorageDirectory (RaftStorageDirectory.java:tryLock(328)) - Lock on /workdir/hadoop-ozone/tools/target/test-dir/MiniOzoneClusterImpl-b338881a-fe91-4e40-bf12-d8a0ad576167/datanode-1/data/ratis/cbcd9ebb-7770-4d57-a7a7-9bee98a316d3/in_use.lock acquired by nodename 31290@pr-hdds-2034-lb7qt-2171347232
2019-09-18 18:02:52,337 [pool-27-thread-1] INFO  storage.RaftStorageDirectory (RaftStorageDirectory.java:tryLock(328)) - Lock on /workdir/hadoop-ozone/tools/target/test-dir/MiniOzoneClusterImpl-b338881a-fe91-4e40-bf12-d8a0ad576167/datanode-0/data/ratis/cbcd9ebb-7770-4d57-a7a7-9bee98a316d3/in_use.lock acquired by nodename 31290@pr-hdds-2034-lb7qt-2171347232
2019-09-18 18:02:52,337 [pool-49-thread-1] INFO  storage.RaftStorageDirectory (RaftStorageDirectory.java:tryLock(328)) - Lock on /workdir/hadoop-ozone/tools/target/test-dir/MiniOzoneClusterImpl-b338881a-fe91-4e40-bf12-d8a0ad576167/datanode-2/data/ratis/cbcd9ebb-7770-4d57-a7a7-9bee98a316d3/in_use.lock acquired by nodename 31290@pr-hdds-2034-lb7qt-2171347232
2019-09-18 18:02:52,375 [pool-27-thread-1] INFO  storage.RaftStorage (RaftStorage.java:format(72)) - Storage directory /workdir/hadoop-ozone/tools/target/test-dir/MiniOzoneClusterImpl-b338881a-fe91-4e40-bf12-d8a0ad576167/datanode-0/data/ratis/cbcd9ebb-7770-4d57-a7a7-9bee98a316d3 has been successfully formatted.
2019-09-18 18:02:52,375 [pool-38-thread-1] INFO  storage.RaftStorage (RaftStorage.java:format(72)) - Storage directory /workdir/hadoop-ozone/tools/target/test-dir/MiniOzoneClusterImpl-b338881a-fe91-4e40-bf12-d8a0ad576167/datanode-1/data/ratis/cbcd9ebb-7770-4d57-a7a7-9bee98a316d3 has been successfully formatted.
2019-09-18 18:02:52,375 [pool-49-thread-1] INFO  storage.RaftStorage (RaftStorage.java:format(72)) - Storage directory /workdir/hadoop-ozone/tools/target/test-dir/MiniOzoneClusterImpl-b338881a-fe91-4e40-bf12-d8a0ad576167/datanode-2/data/ratis/cbcd9ebb-7770-4d57-a7a7-9bee98a316d3 has been successfully formatted.
2019-09-18 18:02:52,376 [pool-38-thread-1] INFO  ratis.ContainerStateMachine (ContainerStateMachine.java:loadSnapshot(226)) - group-9BEE98A316D3: The snapshot info is null. Setting the last applied indexto:(t:0, i:~)
2019-09-18 18:02:52,376 [pool-27-thread-1] INFO  ratis.ContainerStateMachine (ContainerStateMachine.java:loadSnapshot(226)) - group-9BEE98A316D3: The snapshot info is null. Setting the last applied indexto:(t:0, i:~)
2019-09-18 18:02:52,376 [pool-38-thread-1] INFO  server.RaftServerConfigKeys (ConfUtils.java:logGet(43)) - raft.server.leader.election.timeout = 120s (custom)
2019-09-18 18:02:52,376 [pool-49-thread-1] INFO  ratis.ContainerStateMachine (ContainerStateMachine.java:loadSnapshot(226)) - group-9BEE98A316D3: The snapshot info is null. Setting the last applied indexto:(t:0, i:~)
2019-09-18 18:02:52,376 [pool-38-thread-1] INFO  server.RaftServerConfigKeys (ConfUtils.java:logGet(43)) - raft.server.log.use.memory = false (default)
2019-09-18 18:02:52,376 [pool-27-thread-1] INFO  server.RaftServerConfigKeys (ConfUtils.java:logGet(43)) - raft.server.leader.election.timeout = 120s (custom)
2019-09-18 18:02:52,377 [pool-38-thread-1] INFO  server.RaftServerConfigKeys (ConfUtils.java:logGet(43)) - raft.server.log.purge.gap = 1000000 (custom)
2019-09-18 18:02:52,376 [pool-49-thread-1] INFO  server.RaftServerConfigKeys (ConfUtils.java:logGet(43)) - raft.server.leader.election.timeout = 120s (custom)
2019-09-18 18:02:52,377 [pool-38-thread-1] INFO  server.RaftServerConfigKeys (ConfUtils.java:logGet(43)) - raft.server.log.appender.buffer.byte-limit = 33554432 (custom)
2019-09-18 18:02:52,377 [pool-27-thread-1] INFO  server.RaftServerConfigKeys (ConfUtils.java:logGet(43)) - raft.server.log.use.memory = false (default)
2019-09-18 18:02:52,377 [pool-38-thread-1] INFO  server.RaftServerConfigKeys (ConfUtils.java:logGet(43)) - raft.server.log.segment.size.max = 1048576 (custom)
2019-09-18 18:02:52,377 [pool-49-thread-1] INFO  server.RaftServerConfigKeys (ConfUtils.java:logGet(43)) - raft.server.log.use.memory = false (default)
2019-09-18 18:02:52,378 [pool-38-thread-1] INFO  server.RaftServerConfigKeys (ConfUtils.java:logGet(43)) - raft.server.log.segment.cache.num.max = 2 (custom)
2019-09-18 18:02:52,377 [pool-27-thread-1] INFO  server.RaftServerConfigKeys (ConfUtils.java:logGet(43)) - raft.server.log.purge.gap = 1000000 (custom)
2019-09-18 18:02:52,378 [pool-38-thread-1] INFO  segmented.SegmentedRaftLogWorker (SegmentedRaftLogWorker.java:<init>(172)) - new 43decd5c-1b5a-43ef-8295-9634006390e4-SegmentedRaftLogWorker:Storage Directory /workdir/hadoop-ozone/tools/target/test-dir/MiniOzoneClusterImpl-b338881a-fe91-4e40-bf12-d8a0ad576167/datanode-1/data/ratis/cbcd9ebb-7770-4d57-a7a7-9bee98a316d3 for RaftStorage:Storage Directory /workdir/hadoop-ozone/tools/target/test-dir/MiniOzoneClusterImpl-b338881a-fe91-4e40-bf12-d8a0ad576167/datanode-1/data/ratis/cbcd9ebb-7770-4d57-a7a7-9bee98a316d3
2019-09-18 18:02:52,378 [pool-49-thread-1] INFO  server.RaftServerConfigKeys (ConfUtils.java:logGet(43)) - raft.server.log.purge.gap = 1000000 (custom)
2019-09-18 18:02:52,378 [pool-38-thread-1] INFO  server.RaftServerConfigKeys (ConfUtils.java:logGet(43)) - raft.server.log.queue.byte-limit = 2147483647 (custom)
2019-09-18 18:02:52,378 [pool-27-thread-1] INFO  server.RaftServerConfigKeys (ConfUtils.java:logGet(43)) - raft.server.log.appender.buffer.byte-limit = 33554432 (custom)
2019-09-18 18:02:52,380 [pool-38-thread-1] INFO  server.RaftServerConfigKeys (ConfUtils.java:logGet(43)) - raft.server.log.queue.element-limit = 1024 (custom)
2019-09-18 18:02:52,378 [pool-49-thread-1] INFO  server.RaftServerConfigKeys (ConfUtils.java:logGet(43)) - raft.server.log.appender.buffer.byte-limit = 33554432 (custom)
2019-09-18 18:02:52,380 [pool-38-thread-1] INFO  server.RaftServerConfigKeys (ConfUtils.java:logGet(43)) - raft.server.log.segment.size.max = 1048576 (custom)
2019-09-18 18:02:52,380 [pool-27-thread-1] INFO  server.RaftServerConfigKeys (ConfUtils.java:logGet(43)) - raft.server.log.segment.size.max = 1048576 (custom)
2019-09-18 18:02:52,381 [pool-38-thread-1] INFO  server.RaftServerConfigKeys (ConfUtils.java:logGet(43)) - raft.server.log.preallocated.size = 16384 (custom)
2019-09-18 18:02:52,380 [pool-49-thread-1] INFO  server.RaftServerConfigKeys (ConfUtils.java:logGet(43)) - raft.server.log.segment.size.max = 1048576 (custom)
2019-09-18 18:02:52,381 [pool-38-thread-1] INFO  server.RaftServerConfigKeys (ConfUtils.java:logGet(43)) - raft.server.log.write.buffer.size = 33554432 (custom)
2019-09-18 18:02:52,381 [pool-27-thread-1] INFO  server.RaftServerConfigKeys (ConfUtils.java:logGet(43)) - raft.server.log.segment.cache.num.max = 2 (custom)
2019-09-18 18:02:52,381 [pool-38-thread-1] INFO  server.RaftServerConfigKeys (ConfUtils.java:logGet(43)) - raft.server.log.force.sync.num = 128 (default)
2019-09-18 18:02:52,381 [pool-49-thread-1] INFO  server.RaftServerConfigKeys (ConfUtils.java:logGet(43)) - raft.server.log.segment.cache.num.max = 2 (custom)
2019-09-18 18:02:52,382 [pool-38-thread-1] INFO  server.RaftServerConfigKeys (ConfUtils.java:logGet(43)) - raft.server.log.statemachine.data.sync = true (default)
2019-09-18 18:02:52,381 [pool-27-thread-1] INFO  segmented.SegmentedRaftLogWorker (SegmentedRaftLogWorker.java:<init>(172)) - new 7cb5bd27-452a-4b56-9ea4-268b54436f3d-SegmentedRaftLogWorker:Storage Directory /workdir/hadoop-ozone/tools/target/test-dir/MiniOzoneClusterImpl-b338881a-fe91-4e40-bf12-d8a0ad576167/datanode-0/data/ratis/cbcd9ebb-7770-4d57-a7a7-9bee98a316d3 for RaftStorage:Storage Directory /workdir/hadoop-ozone/tools/target/test-dir/MiniOzoneClusterImpl-b338881a-fe91-4e40-bf12-d8a0ad576167/datanode-0/data/ratis/cbcd9ebb-7770-4d57-a7a7-9bee98a316d3
2019-09-18 18:02:52,382 [pool-38-thread-1] INFO  server.RaftServerConfigKeys (ConfUtils.java:logGet(43)) - raft.server.log.statemachine.data.sync.timeout = 10s (default)
2019-09-18 18:02:52,382 [pool-49-thread-1] INFO  segmented.SegmentedRaftLogWorker (SegmentedRaftLogWorker.java:<init>(172)) - new f9c0c0c0-b23a-4753-91c5-508b70f9f49b-SegmentedRaftLogWorker:Storage Directory /workdir/hadoop-ozone/tools/target/test-dir/MiniOzoneClusterImpl-b338881a-fe91-4e40-bf12-d8a0ad576167/datanode-2/data/ratis/cbcd9ebb-7770-4d57-a7a7-9bee98a316d3 for RaftStorage:Storage Directory /workdir/hadoop-ozone/tools/target/test-dir/MiniOzoneClusterImpl-b338881a-fe91-4e40-bf12-d8a0ad576167/datanode-2/data/ratis/cbcd9ebb-7770-4d57-a7a7-9bee98a316d3
2019-09-18 18:02:52,383 [pool-38-thread-1] INFO  server.RaftServerConfigKeys (ConfUtils.java:logGet(43)) - raft.server.log.statemachine.data.sync.timeout.retry = -1 (default)
2019-09-18 18:02:52,382 [pool-27-thread-1] INFO  server.RaftServerConfigKeys (ConfUtils.java:logGet(43)) - raft.server.log.queue.byte-limit = 2147483647 (custom)
2019-09-18 18:02:52,384 [pool-38-thread-1] INFO  server.RaftServerConfigKeys (ConfUtils.java:logGet(43)) - raft.server.log.statemachine.data.caching.enabled = true (custom)
2019-09-18 18:02:52,383 [pool-49-thread-1] INFO  server.RaftServerConfigKeys (ConfUtils.java:logGet(43)) - raft.server.log.queue.byte-limit = 2147483647 (custom)
2019-09-18 18:02:52,384 [pool-27-thread-1] INFO  server.RaftServerConfigKeys (ConfUtils.java:logGet(43)) - raft.server.log.queue.element-limit = 1024 (custom)
2019-09-18 18:02:52,384 [pool-38-thread-1] INFO  segmented.SegmentedRaftLogWorker (SegmentedRaftLogWorker.java:lambda$new$0(132)) - 43decd5c-1b5a-43ef-8295-9634006390e4-SegmentedRaftLogWorker:Storage Directory /workdir/hadoop-ozone/tools/target/test-dir/MiniOzoneClusterImpl-b338881a-fe91-4e40-bf12-d8a0ad576167/datanode-1/data/ratis/cbcd9ebb-7770-4d57-a7a7-9bee98a316d3: flushIndex: setUnconditionally 0 -> -1
2019-09-18 18:02:52,384 [pool-49-thread-1] INFO  server.RaftServerConfigKeys (ConfUtils.java:logGet(43)) - raft.server.log.queue.element-limit = 1024 (custom)
2019-09-18 18:02:52,384 [pool-27-thread-1] INFO  server.RaftServerConfigKeys (ConfUtils.java:logGet(43)) - raft.server.log.segment.size.max = 1048576 (custom)
2019-09-18 18:02:52,385 [pool-49-thread-1] INFO  server.RaftServerConfigKeys (ConfUtils.java:logGet(43)) - raft.server.log.segment.size.max = 1048576 (custom)
2019-09-18 18:02:52,385 [pool-38-thread-1] INFO  server.RaftServerConfigKeys (ConfUtils.java:logGet(43)) - raft.server.snapshot.auto.trigger.enabled = true (custom)
2019-09-18 18:02:52,385 [pool-49-thread-1] INFO  server.RaftServerConfigKeys (ConfUtils.java:logGet(43)) - raft.server.log.preallocated.size = 16384 (custom)
2019-09-18 18:02:52,385 [pool-27-thread-1] INFO  server.RaftServerConfigKeys (ConfUtils.java:logGet(43)) - raft.server.log.preallocated.size = 16384 (custom)
2019-09-18 18:02:52,385 [pool-49-thread-1] INFO  server.RaftServerConfigKeys (ConfUtils.java:logGet(43)) - raft.server.log.write.buffer.size = 33554432 (custom)
2019-09-18 18:02:52,385 [pool-38-thread-1] INFO  server.RaftServerConfigKeys (ConfUtils.java:logGet(43)) - raft.server.snapshot.auto.trigger.threshold = 10000 (custom)
2019-09-18 18:02:52,386 [pool-49-thread-1] INFO  server.RaftServerConfigKeys (ConfUtils.java:logGet(43)) - raft.server.log.force.sync.num = 128 (default)
2019-09-18 18:02:52,386 [pool-27-thread-1] INFO  server.RaftServerConfigKeys (ConfUtils.java:logGet(43)) - raft.server.log.write.buffer.size = 33554432 (custom)
2019-09-18 18:02:52,386 [pool-49-thread-1] INFO  server.RaftServerConfigKeys (ConfUtils.java:logGet(43)) - raft.server.log.statemachine.data.sync = true (default)
2019-09-18 18:02:52,386 [pool-38-thread-1] INFO  server.RaftServerConfigKeys (ConfUtils.java:logGet(43)) - raft.server.retrycache.expirytime = 600000ms (custom)
2019-09-18 18:02:52,386 [pool-49-thread-1] INFO  server.RaftServerConfigKeys (ConfUtils.java:logGet(43)) - raft.server.log.statemachine.data.sync.timeout = 10s (default)
2019-09-18 18:02:52,386 [pool-27-thread-1] INFO  server.RaftServerConfigKeys (ConfUtils.java:logGet(43)) - raft.server.log.force.sync.num = 128 (default)
2019-09-18 18:02:52,387 [pool-49-thread-1] INFO  server.RaftServerConfigKeys (ConfUtils.java:logGet(43)) - raft.server.log.statemachine.data.sync.timeout.retry = -1 (default)
2019-09-18 18:02:52,387 [pool-38-thread-1] INFO  impl.RaftServerImpl (RaftServerImpl.java:start(180)) - 43decd5c-1b5a-43ef-8295-9634006390e4: start group-9BEE98A316D3
2019-09-18 18:02:52,387 [pool-49-thread-1] INFO  server.RaftServerConfigKeys (ConfUtils.java:logGet(43)) - raft.server.log.statemachine.data.caching.enabled = true (custom)
2019-09-18 18:02:52,387 [pool-27-thread-1] INFO  server.RaftServerConfigKeys (ConfUtils.java:logGet(43)) - raft.server.log.statemachine.data.sync = true (default)
2019-09-18 18:02:52,387 [pool-38-thread-1] INFO  impl.RaftServerImpl (RaftServerImpl.java:setRole(171)) - 43decd5c-1b5a-43ef-8295-9634006390e4:group-9BEE98A316D3 changes role from null to FOLLOWER at term 0 for startAsFollower
2019-09-18 18:02:52,388 [pool-49-thread-1] INFO  segmented.SegmentedRaftLogWorker (SegmentedRaftLogWorker.java:lambda$new$0(132)) - f9c0c0c0-b23a-4753-91c5-508b70f9f49b-SegmentedRaftLogWorker:Storage Directory /workdir/hadoop-ozone/tools/target/test-dir/MiniOzoneClusterImpl-b338881a-fe91-4e40-bf12-d8a0ad576167/datanode-2/data/ratis/cbcd9ebb-7770-4d57-a7a7-9bee98a316d3: flushIndex: setUnconditionally 0 -> -1
2019-09-18 18:02:52,388 [pool-27-thread-1] INFO  server.RaftServerConfigKeys (ConfUtils.java:logGet(43)) - raft.server.log.statemachine.data.sync.timeout = 10s (default)
2019-09-18 18:02:52,388 [pool-38-thread-1] INFO  impl.RoleInfo (RoleInfo.java:updateAndGet(143)) - 43decd5c-1b5a-43ef-8295-9634006390e4: start FollowerState
2019-09-18 18:02:52,388 [pool-27-thread-1] INFO  server.RaftServerConfigKeys (ConfUtils.java:logGet(43)) - raft.server.log.statemachine.data.sync.timeout.retry = -1 (default)
2019-09-18 18:02:52,388 [pool-49-thread-1] INFO  server.RaftServerConfigKeys (ConfUtils.java:logGet(43)) - raft.server.snapshot.auto.trigger.enabled = true (custom)
2019-09-18 18:02:52,388 [pool-27-thread-1] INFO  server.RaftServerConfigKeys (ConfUtils.java:logGet(43)) - raft.server.log.statemachine.data.caching.enabled = true (custom)
2019-09-18 18:02:52,388 [pool-38-thread-1] INFO  util.JmxRegister (JmxRegister.java:tryRegister(44)) - Successfully registered JMX Bean with object name Ratis:service=RaftServer,group=group-9BEE98A316D3,id=43decd5c-1b5a-43ef-8295-9634006390e4
2019-09-18 18:02:52,388 [pool-49-thread-1] INFO  server.RaftServerConfigKeys (ConfUtils.java:logGet(43)) - raft.server.snapshot.auto.trigger.threshold = 10000 (custom)
2019-09-18 18:02:52,389 [pool-27-thread-1] INFO  segmented.SegmentedRaftLogWorker (SegmentedRaftLogWorker.java:lambda$new$0(132)) - 7cb5bd27-452a-4b56-9ea4-268b54436f3d-SegmentedRaftLogWorker:Storage Directory /workdir/hadoop-ozone/tools/target/test-dir/MiniOzoneClusterImpl-b338881a-fe91-4e40-bf12-d8a0ad576167/datanode-0/data/ratis/cbcd9ebb-7770-4d57-a7a7-9bee98a316d3: flushIndex: setUnconditionally 0 -> -1
2019-09-18 18:02:52,389 [pool-49-thread-1] INFO  server.RaftServerConfigKeys (ConfUtils.java:logGet(43)) - raft.server.retrycache.expirytime = 600000ms (custom)
2019-09-18 18:02:52,389 [pool-27-thread-1] INFO  server.RaftServerConfigKeys (ConfUtils.java:logGet(43)) - raft.server.snapshot.auto.trigger.enabled = true (custom)
2019-09-18 18:02:52,389 [pool-49-thread-1] INFO  impl.RaftServerImpl (RaftServerImpl.java:start(180)) - f9c0c0c0-b23a-4753-91c5-508b70f9f49b: start group-9BEE98A316D3
2019-09-18 18:02:52,389 [pool-27-thread-1] INFO  server.RaftServerConfigKeys (ConfUtils.java:logGet(43)) - raft.server.snapshot.auto.trigger.threshold = 10000 (custom)
2019-09-18 18:02:52,389 [pool-49-thread-1] INFO  impl.RaftServerImpl (RaftServerImpl.java:setRole(171)) - f9c0c0c0-b23a-4753-91c5-508b70f9f49b:group-9BEE98A316D3 changes role from null to FOLLOWER at term 0 for startAsFollower
2019-09-18 18:02:52,390 [pool-27-thread-1] INFO  server.RaftServerConfigKeys (ConfUtils.java:logGet(43)) - raft.server.retrycache.expirytime = 600000ms (custom)
2019-09-18 18:02:52,390 [pool-49-thread-1] INFO  impl.RoleInfo (RoleInfo.java:updateAndGet(143)) - f9c0c0c0-b23a-4753-91c5-508b70f9f49b: start FollowerState
2019-09-18 18:02:52,391 [pool-27-thread-1] INFO  impl.RaftServerImpl (RaftServerImpl.java:start(180)) - 7cb5bd27-452a-4b56-9ea4-268b54436f3d: start group-9BEE98A316D3
2019-09-18 18:02:52,391 [pool-27-thread-1] INFO  impl.RaftServerImpl (RaftServerImpl.java:setRole(171)) - 7cb5bd27-452a-4b56-9ea4-268b54436f3d:group-9BEE98A316D3 changes role from null to FOLLOWER at term 0 for startAsFollower
2019-09-18 18:02:52,392 [pool-49-thread-1] INFO  util.JmxRegister (JmxRegister.java:tryRegister(44)) - Successfully registered JMX Bean with object name Ratis:service=RaftServer,group=group-9BEE98A316D3,id=f9c0c0c0-b23a-4753-91c5-508b70f9f49b
2019-09-18 18:02:52,392 [pool-27-thread-1] INFO  impl.RoleInfo (RoleInfo.java:updateAndGet(143)) - 7cb5bd27-452a-4b56-9ea4-268b54436f3d: start FollowerState
2019-09-18 18:02:52,393 [pool-27-thread-1] INFO  util.JmxRegister (JmxRegister.java:tryRegister(44)) - Successfully registered JMX Bean with object name Ratis:service=RaftServer,group=group-9BEE98A316D3,id=7cb5bd27-452a-4b56-9ea4-268b54436f3d
2019-09-18 18:02:52,399 [Command processor thread] INFO  commandhandler.CreatePipelineCommandHandler (CreatePipelineCommandHandler.java:handle(112)) - Create Pipeline RATIS THREE #PipelineID=cbcd9ebb-7770-4d57-a7a7-9bee98a316d3 command succeed on datanode 43decd5c-1b5a-43ef-8295-9634006390e4.
2019-09-18 18:02:52,405 [Command processor thread] INFO  commandhandler.CreatePipelineCommandHandler (CreatePipelineCommandHandler.java:handle(112)) - Create Pipeline RATIS THREE #PipelineID=cbcd9ebb-7770-4d57-a7a7-9bee98a316d3 command succeed on datanode f9c0c0c0-b23a-4753-91c5-508b70f9f49b.
2019-09-18 18:02:52,409 [Command processor thread] INFO  commandhandler.CreatePipelineCommandHandler (CreatePipelineCommandHandler.java:handle(112)) - Create Pipeline RATIS THREE #PipelineID=cbcd9ebb-7770-4d57-a7a7-9bee98a316d3 command succeed on datanode 7cb5bd27-452a-4b56-9ea4-268b54436f3d.
2019-09-18 18:02:52,418 | INFO  | SCMAudit | user=jenkins1000 | ip=192.168.5.185 | op=SEND_HEARTBEAT {datanodeUUID=43decd5c-1b5a-43ef-8295-9634006390e4, command=[]} | ret=SUCCESS |  
2019-09-18 18:02:52,858 [main] INFO  ozone.MiniOzoneClusterImpl (MiniOzoneClusterImpl.java:lambda$waitForClusterToBeReady$0(145)) - Nodes are ready. Got 3 of 3 DN Heartbeats.
2019-09-18 18:02:52,858 [main] INFO  ozone.MiniOzoneClusterImpl (MiniOzoneClusterImpl.java:lambda$waitForClusterToBeReady$0(148)) - Waiting for cluster to exit safe mode
2019-09-18 18:02:52,859 | INFO  | SCMAudit | user=jenkins1000 | ip=192.168.5.185 | op=SEND_HEARTBEAT {datanodeUUID=f9c0c0c0-b23a-4753-91c5-508b70f9f49b, command=[]} | ret=SUCCESS |  
2019-09-18 18:02:53,167 | INFO  | SCMAudit | user=jenkins1000 | ip=192.168.5.185 | op=SEND_HEARTBEAT {datanodeUUID=7cb5bd27-452a-4b56-9ea4-268b54436f3d, command=[]} | ret=SUCCESS |  
2019-09-18 18:02:53,429 | INFO  | SCMAudit | user=jenkins1000 | ip=192.168.5.185 | op=SEND_HEARTBEAT {datanodeUUID=43decd5c-1b5a-43ef-8295-9634006390e4, command=[]} | ret=SUCCESS |  
2019-09-18 18:02:53,432 [EventQueue-CreatePipelineStatusForSCMPipelineManager] INFO  pipeline.SCMPipelineManager (SCMPipelineManager.java:onMessage(469)) - receive pipeline PipelineID=cbcd9ebb-7770-4d57-a7a7-9bee98a316d3 create status EXECUTED
2019-09-18 18:02:53,434 [EventQueue-CreatePipelineStatusForSCMPipelineManager] INFO  pipeline.PipelineStateManager (PipelineStateManager.java:openPipeline(134)) - Pipeline Pipeline[ Id: cbcd9ebb-7770-4d57-a7a7-9bee98a316d3, Nodes: 43decd5c-1b5a-43ef-8295-9634006390e4{ip: 192.168.5.185, host: pr-hdds-2034-lb7qt-2171347232, networkLocation: /default-rack, certSerialId: null}f9c0c0c0-b23a-4753-91c5-508b70f9f49b{ip: 192.168.5.185, host: pr-hdds-2034-lb7qt-2171347232, networkLocation: /default-rack, certSerialId: null}7cb5bd27-452a-4b56-9ea4-268b54436f3d{ip: 192.168.5.185, host: pr-hdds-2034-lb7qt-2171347232, networkLocation: /default-rack, certSerialId: null}, Type:RATIS, Factor:THREE, State:ALLOCATED] moved to OPEN state
add pipeline PipelineID=cbcd9ebb-7770-4d57-a7a7-9bee98a316d3 to metrics map
2019-09-18 18:02:53,436 [EventQueue-NewOpenPipelineForHealthyPipelineSafeModeRule] INFO  safemode.SCMSafeModeManager (HealthyPipelineSafeModeRule.java:process(120)) - SCM in safe mode. Healthy pipelines reported count is 1, required healthy pipeline reported count is 1
2019-09-18 18:02:53,436 [EventQueue-CreatePipelineStatusForSCMPipelineManager] INFO  pipeline.SCMPipelineManager (SCMPipelineManager.java:onMessage(469)) - receive pipeline PipelineID=c2991c21-26e3-484c-b745-52cf13c8dba1 create status EXECUTED
2019-09-18 18:02:53,436 [EventQueue-NewOpenPipelineForHealthyPipelineSafeModeRule] INFO  safemode.SCMSafeModeManager (SCMSafeModeManager.java:validateSafeModeExitRules(177)) - ScmSafeModeManager, all rules are successfully validated
2019-09-18 18:02:53,437 [EventQueue-CreatePipelineStatusForSCMPipelineManager] INFO  pipeline.PipelineStateManager (PipelineStateManager.java:openPipeline(134)) - Pipeline Pipeline[ Id: c2991c21-26e3-484c-b745-52cf13c8dba1, Nodes: 43decd5c-1b5a-43ef-8295-9634006390e4{ip: 192.168.5.185, host: pr-hdds-2034-lb7qt-2171347232, networkLocation: /default-rack, certSerialId: null}, Type:RATIS, Factor:ONE, State:ALLOCATED] moved to OPEN state
add pipeline PipelineID=c2991c21-26e3-484c-b745-52cf13c8dba1 to metrics map
2019-09-18 18:02:53,437 [EventQueue-NewOpenPipelineForHealthyPipelineSafeModeRule] INFO  safemode.SCMSafeModeManager (SCMSafeModeManager.java:exitSafeMode(193)) - SCM exiting safe mode.
2019-09-18 18:02:53,438 [EventQueue-NewOpenPipelineForOneReplicaPipelineSafeModeRule] INFO  safemode.SCMSafeModeManager (SCMSafeModeManager.java:validateSafeModeExitRules(177)) - ScmSafeModeManager, all rules are successfully validated
2019-09-18 18:02:53,438 [EventQueue-NewOpenPipelineForOneReplicaPipelineSafeModeRule] INFO  safemode.SCMSafeModeManager (SCMSafeModeManager.java:exitSafeMode(193)) - SCM exiting safe mode.
2019-09-18 18:02:53,859 | INFO  | SCMAudit | user=jenkins1000 | ip=192.168.5.185 | op=SEND_HEARTBEAT {datanodeUUID=f9c0c0c0-b23a-4753-91c5-508b70f9f49b, command=[]} | ret=SUCCESS |  
2019-09-18 18:02:53,858 [main] INFO  ozone.MiniOzoneClusterImpl (MiniOzoneClusterImpl.java:lambda$waitForClusterToBeReady$0(145)) - Nodes are ready. Got 3 of 3 DN Heartbeats.
2019-09-18 18:02:53,859 [EventQueue-CreatePipelineStatusForSCMPipelineManager] INFO  pipeline.SCMPipelineManager (SCMPipelineManager.java:onMessage(469)) - receive pipeline PipelineID=cbcd9ebb-7770-4d57-a7a7-9bee98a316d3 create status EXECUTED
2019-09-18 18:02:53,859 [main] INFO  ozone.MiniOzoneClusterImpl (MiniOzoneClusterImpl.java:lambda$waitForClusterToBeReady$0(148)) - Cluster exits safe mode
2019-09-18 18:02:53,859 [EventQueue-CreatePipelineStatusForSCMPipelineManager] INFO  pipeline.SCMPipelineManager (SCMPipelineManager.java:onMessage(469)) - receive pipeline PipelineID=9d9dec39-73dc-4a32-8250-9e2150c738be create status EXECUTED
2019-09-18 18:02:53,859 [EventQueue-CreatePipelineStatusForSCMPipelineManager] INFO  pipeline.PipelineStateManager (PipelineStateManager.java:openPipeline(134)) - Pipeline Pipeline[ Id: 9d9dec39-73dc-4a32-8250-9e2150c738be, Nodes: f9c0c0c0-b23a-4753-91c5-508b70f9f49b{ip: 192.168.5.185, host: pr-hdds-2034-lb7qt-2171347232, networkLocation: /default-rack, certSerialId: null}, Type:RATIS, Factor:ONE, State:ALLOCATED] moved to OPEN state
add pipeline PipelineID=9d9dec39-73dc-4a32-8250-9e2150c738be to metrics map
2019-09-18 18:02:54,167 | INFO  | SCMAudit | user=jenkins1000 | ip=192.168.5.185 | op=SEND_HEARTBEAT {datanodeUUID=7cb5bd27-452a-4b56-9ea4-268b54436f3d, command=[]} | ret=SUCCESS |  
2019-09-18 18:02:54,167 [EventQueue-CreatePipelineStatusForSCMPipelineManager] INFO  pipeline.SCMPipelineManager (SCMPipelineManager.java:onMessage(469)) - receive pipeline PipelineID=fbc74551-43c9-4664-ba51-c94eb4ee7a43 create status EXECUTED
2019-09-18 18:02:54,167 [EventQueue-CreatePipelineStatusForSCMPipelineManager] INFO  pipeline.PipelineStateManager (PipelineStateManager.java:openPipeline(134)) - Pipeline Pipeline[ Id: fbc74551-43c9-4664-ba51-c94eb4ee7a43, Nodes: 7cb5bd27-452a-4b56-9ea4-268b54436f3d{ip: 192.168.5.185, host: pr-hdds-2034-lb7qt-2171347232, networkLocation: /default-rack, certSerialId: null}, Type:RATIS, Factor:ONE, State:ALLOCATED] moved to OPEN state
add pipeline PipelineID=fbc74551-43c9-4664-ba51-c94eb4ee7a43 to metrics map
2019-09-18 18:02:54,168 [EventQueue-CreatePipelineStatusForSCMPipelineManager] INFO  pipeline.SCMPipelineManager (SCMPipelineManager.java:onMessage(469)) - receive pipeline PipelineID=cbcd9ebb-7770-4d57-a7a7-9bee98a316d3 create status EXECUTED
add pipeline PipelineID=cbcd9ebb-7770-4d57-a7a7-9bee98a316d3 to metrics map
2019-09-18 18:02:54,223 [main] INFO  freon.RandomKeyGenerator (RandomKeyGenerator.java:call(275)) - Number of Threads: 10
2019-09-18 18:02:54,223 [main] INFO  freon.RandomKeyGenerator (RandomKeyGenerator.java:call(280)) - Number of Volumes: 1.
2019-09-18 18:02:54,224 [main] INFO  freon.RandomKeyGenerator (RandomKeyGenerator.java:call(281)) - Number of Buckets per Volume: 1.
2019-09-18 18:02:54,224 [main] INFO  freon.RandomKeyGenerator (RandomKeyGenerator.java:call(282)) - Number of Keys per Bucket: 1.
2019-09-18 18:02:54,224 [main] INFO  freon.RandomKeyGenerator (RandomKeyGenerator.java:call(283)) - Key size: 20971520 bytes
2019-09-18 18:02:54,224 [main] INFO  freon.RandomKeyGenerator (RandomKeyGenerator.java:call(284)) - Buffer size: 4096 bytes
2019-09-18 18:02:54,227 [main] INFO  freon.RandomKeyGenerator (RandomKeyGenerator.java:call(298)) - Data validation is enabled.
2019-09-18 18:02:54,228 [main] INFO  freon.RandomKeyGenerator (RandomKeyGenerator.java:call(304)) - Starting progress bar Thread.

 0.00% |█                                                                                                    |  0/1 Time: 0:00:002019-09-18 18:02:54,250 [pool-56-thread-1] INFO  rpc.RpcClient (RpcClient.java:createVolume(293)) - Creating Volume: vol-0-50110, with jenkins1000 as owner.
2019-09-18 18:02:54,269 | INFO  | OMAudit | user=jenkins1000 | ip=127.0.0.1 | op=CREATE_VOLUME {admin=jenkins1000, owner=jenkins1000, volume=vol-0-50110, creationTime=1568829774266, quotaInBytes=1152921504606846976} | ret=SUCCESS |  
2019-09-18 18:02:54,278 | INFO  | OMAudit | user=jenkins1000 | ip=127.0.0.1 | op=READ_VOLUME {volume=vol-0-50110} | ret=SUCCESS |  
2019-09-18 18:02:54,289 [pool-56-thread-2] INFO  rpc.RpcClient (RpcClient.java:createBucket(432)) - Creating Bucket: vol-0-50110/bucket-0-05864, with Versioning false and Storage Type set to DISK and Encryption set to false 
2019-09-18 18:02:54,304 | INFO  | OMAudit | user=jenkins1000 | ip=127.0.0.1 | op=CREATE_BUCKET {volume=vol-0-50110, bucket=bucket-0-05864, acls=[user:jenkins1000:a[ACCESS], group:default:a[ACCESS]], isVersionEnabled=false, storageType=DISK, creationTime=0} | ret=SUCCESS |  
2019-09-18 18:02:54,310 | INFO  | OMAudit | user=jenkins1000 | ip=127.0.0.1 | op=READ_BUCKET {volume=vol-0-50110, bucket=bucket-0-05864} | ret=SUCCESS |  
2019-09-18 18:02:54,360 | INFO  | SCMAudit | user=jenkins1000 | ip=192.168.5.185 | op=ALLOCATE_BLOCK {owner=f48bb099-9c80-4f29-a314-906c86bfa4c5, size=4194304, type=RATIS, factor=THREE} | ret=SUCCESS |  
2019-09-18 18:02:54,386 | INFO  | OMAudit | user=jenkins1000 | ip=127.0.0.1 | op=ALLOCATE_KEY {volume=vol-0-50110, bucket=bucket-0-05864, key=key-0-12230, dataSize=20971520, replicationType=RATIS, replicationFactor=THREE, keyLocationInfo=null} | ret=SUCCESS |  
2019-09-18 18:02:54,415 [pool-56-thread-3] INFO  impl.MetricsSystemImpl (MetricsSystemImpl.java:init(158)) - XceiverClientMetrics metrics system started (again)
2019-09-18 18:02:54,419 | INFO  | SCMAudit | user=jenkins1000 | ip=192.168.5.185 | op=SEND_HEARTBEAT {datanodeUUID=43decd5c-1b5a-43ef-8295-9634006390e4, command=[]} | ret=SUCCESS |  
2019-09-18 18:02:54,538 [grpc-default-executor-2] INFO  client.GrpcClientProtocolClient (GrpcClientProtocolClient.java:onNext(255)) - client-EBA13DAE5039->43decd5c-1b5a-43ef-8295-9634006390e4: receive RaftClientReply:client-EBA13DAE5039->43decd5c-1b5a-43ef-8295-9634006390e4@group-9BEE98A316D3, cid=6, FAILED org.apache.ratis.protocol.NotLeaderException: Server 43decd5c-1b5a-43ef-8295-9634006390e4 is not the leader (null). Request must be sent to leader., logIndex=0, commits[43decd5c-1b5a-43ef-8295-9634006390e4:c-1]
2019-09-18 18:02:54,858 | INFO  | SCMAudit | user=jenkins1000 | ip=192.168.5.185 | op=SEND_HEARTBEAT {datanodeUUID=f9c0c0c0-b23a-4753-91c5-508b70f9f49b, command=[]} | ret=SUCCESS |  
2019-09-18 18:02:55,167 | INFO  | SCMAudit | user=jenkins1000 | ip=192.168.5.185 | op=SEND_HEARTBEAT {datanodeUUID=7cb5bd27-452a-4b56-9ea4-268b54436f3d, command=[]} | ret=SUCCESS |  
 0.00% |█                                                                                                    |  0/1 Time: 0:00:012019-09-18 18:02:55,420 | INFO  | SCMAudit | user=jenkins1000 | ip=192.168.5.185 | op=SEND_HEARTBEAT {datanodeUUID=43decd5c-1b5a-43ef-8295-9634006390e4, command=[]} | ret=SUCCESS |  
2019-09-18 18:02:55,580 [grpc-default-executor-0] INFO  client.GrpcClientProtocolClient (GrpcClientProtocolClient.java:onNext(255)) - client-EBA13DAE5039->7cb5bd27-452a-4b56-9ea4-268b54436f3d: receive RaftClientReply:client-EBA13DAE5039->7cb5bd27-452a-4b56-9ea4-268b54436f3d@group-9BEE98A316D3, cid=6, FAILED org.apache.ratis.protocol.NotLeaderException: Server 7cb5bd27-452a-4b56-9ea4-268b54436f3d is not the leader (null). Request must be sent to leader., logIndex=0, commits[7cb5bd27-452a-4b56-9ea4-268b54436f3d:c-1]
2019-09-18 18:02:55,858 | INFO  | SCMAudit | user=jenkins1000 | ip=192.168.5.185 | op=SEND_HEARTBEAT {datanodeUUID=f9c0c0c0-b23a-4753-91c5-508b70f9f49b, command=[]} | ret=SUCCESS |  
2019-09-18 18:02:56,167 | INFO  | SCMAudit | user=jenkins1000 | ip=192.168.5.185 | op=SEND_HEARTBEAT {datanodeUUID=7cb5bd27-452a-4b56-9ea4-268b54436f3d, command=[]} | ret=SUCCESS |  
 0.00% |█                                                                                                    |  0/1 Time: 0:00:022019-09-18 18:02:56,420 | INFO  | SCMAudit | user=jenkins1000 | ip=192.168.5.185 | op=SEND_HEARTBEAT {datanodeUUID=43decd5c-1b5a-43ef-8295-9634006390e4, command=[]} | ret=SUCCESS |  
2019-09-18 18:02:56,439 [Thread-200] INFO  container.ReplicationManager (ReplicationManager.java:start(151)) - Starting Replication Monitor Thread.
2019-09-18 18:02:56,441 [Thread-201] INFO  container.ReplicationManager (ReplicationManager.java:start(158)) - Replication Monitor Thread is already running.
2019-09-18 18:02:56,444 [ReplicationMonitor] INFO  container.ReplicationManager (ReplicationManager.java:run(214)) - Replication Monitor Thread took 1 milliseconds for processing 3 containers.
2019-09-18 18:02:56,619 [grpc-default-executor-0] INFO  client.GrpcClientProtocolClient (GrpcClientProtocolClient.java:onNext(255)) - client-EBA13DAE5039->43decd5c-1b5a-43ef-8295-9634006390e4: receive RaftClientReply:client-EBA13DAE5039->43decd5c-1b5a-43ef-8295-9634006390e4@group-9BEE98A316D3, cid=6, FAILED org.apache.ratis.protocol.NotLeaderException: Server 43decd5c-1b5a-43ef-8295-9634006390e4 is not the leader (null). Request must be sent to leader., logIndex=0, commits[43decd5c-1b5a-43ef-8295-9634006390e4:c-1]
2019-09-18 18:02:56,858 | INFO  | SCMAudit | user=jenkins1000 | ip=192.168.5.185 | op=SEND_HEARTBEAT {datanodeUUID=f9c0c0c0-b23a-4753-91c5-508b70f9f49b, command=[]} | ret=SUCCESS |  
2019-09-18 18:02:57,167 | INFO  | SCMAudit | user=jenkins1000 | ip=192.168.5.185 | op=SEND_HEARTBEAT {datanodeUUID=7cb5bd27-452a-4b56-9ea4-268b54436f3d, command=[]} | ret=SUCCESS |  
 0.00% |█                                                                                                    |  0/1 Time: 0:00:032019-09-18 18:02:57,249 [Thread-182] INFO  impl.FollowerState (FollowerState.java:run(106)) - 7cb5bd27-452a-4b56-9ea4-268b54436f3d:group-C94EB4EE7A43 changes to CANDIDATE, lastRpcTime:5048, electionTimeout:5043ms
2019-09-18 18:02:57,250 [Thread-182] INFO  impl.RoleInfo (RoleInfo.java:shutdownFollowerState(121)) - 7cb5bd27-452a-4b56-9ea4-268b54436f3d: shutdown FollowerState
2019-09-18 18:02:57,250 [Thread-182] INFO  impl.RaftServerImpl (RaftServerImpl.java:setRole(171)) - 7cb5bd27-452a-4b56-9ea4-268b54436f3d:group-C94EB4EE7A43 changes role from FOLLOWER to CANDIDATE at term 0 for changeToCandidate
2019-09-18 18:02:57,253 [Thread-182] INFO  impl.RoleInfo (RoleInfo.java:updateAndGet(143)) - 7cb5bd27-452a-4b56-9ea4-268b54436f3d: start LeaderElection
2019-09-18 18:02:57,258 [Thread-180] INFO  impl.FollowerState (FollowerState.java:run(106)) - 43decd5c-1b5a-43ef-8295-9634006390e4:group-52CF13C8DBA1 changes to CANDIDATE, lastRpcTime:5056, electionTimeout:5051ms
2019-09-18 18:02:57,260 [Thread-180] INFO  impl.RoleInfo (RoleInfo.java:shutdownFollowerState(121)) - 43decd5c-1b5a-43ef-8295-9634006390e4: shutdown FollowerState
2019-09-18 18:02:57,260 [Thread-180] INFO  impl.RaftServerImpl (RaftServerImpl.java:setRole(171)) - 43decd5c-1b5a-43ef-8295-9634006390e4:group-52CF13C8DBA1 changes role from FOLLOWER to CANDIDATE at term 0 for changeToCandidate
2019-09-18 18:02:57,261 [Thread-180] INFO  impl.RoleInfo (RoleInfo.java:updateAndGet(143)) - 43decd5c-1b5a-43ef-8295-9634006390e4: start LeaderElection
2019-09-18 18:02:57,293 [7cb5bd27-452a-4b56-9ea4-268b54436f3d:group-C94EB4EE7A43:LeaderElection1] INFO  impl.LeaderElection (LeaderElection.java:askForVotes(181)) - 7cb5bd27-452a-4b56-9ea4-268b54436f3d:group-C94EB4EE7A43:LeaderElection1: begin an election at term 1 for -1: [7cb5bd27-452a-4b56-9ea4-268b54436f3d:192.168.5.185:40381], old=null
2019-09-18 18:02:57,293 [43decd5c-1b5a-43ef-8295-9634006390e4:group-52CF13C8DBA1:LeaderElection2] INFO  impl.LeaderElection (LeaderElection.java:askForVotes(181)) - 43decd5c-1b5a-43ef-8295-9634006390e4:group-52CF13C8DBA1:LeaderElection2: begin an election at term 1 for -1: [43decd5c-1b5a-43ef-8295-9634006390e4:192.168.5.185:42210], old=null
2019-09-18 18:02:57,296 [7cb5bd27-452a-4b56-9ea4-268b54436f3d:group-C94EB4EE7A43:LeaderElection1] INFO  impl.RoleInfo (RoleInfo.java:shutdownLeaderElection(134)) - 7cb5bd27-452a-4b56-9ea4-268b54436f3d: shutdown LeaderElection
2019-09-18 18:02:57,296 [43decd5c-1b5a-43ef-8295-9634006390e4:group-52CF13C8DBA1:LeaderElection2] INFO  impl.RoleInfo (RoleInfo.java:shutdownLeaderElection(134)) - 43decd5c-1b5a-43ef-8295-9634006390e4: shutdown LeaderElection
2019-09-18 18:02:57,296 [7cb5bd27-452a-4b56-9ea4-268b54436f3d:group-C94EB4EE7A43:LeaderElection1] INFO  impl.RaftServerImpl (RaftServerImpl.java:setRole(171)) - 7cb5bd27-452a-4b56-9ea4-268b54436f3d:group-C94EB4EE7A43 changes role from CANDIDATE to LEADER at term 1 for changeToLeader
2019-09-18 18:02:57,296 [43decd5c-1b5a-43ef-8295-9634006390e4:group-52CF13C8DBA1:LeaderElection2] INFO  impl.RaftServerImpl (RaftServerImpl.java:setRole(171)) - 43decd5c-1b5a-43ef-8295-9634006390e4:group-52CF13C8DBA1 changes role from CANDIDATE to LEADER at term 1 for changeToLeader
2019-09-18 18:02:57,297 [7cb5bd27-452a-4b56-9ea4-268b54436f3d:group-C94EB4EE7A43:LeaderElection1] INFO  impl.RaftServerImpl (ServerState.java:setLeader(263)) - 7cb5bd27-452a-4b56-9ea4-268b54436f3d:group-C94EB4EE7A43 change Leader from null to 7cb5bd27-452a-4b56-9ea4-268b54436f3d at term 1 for becomeLeader, leader elected after 5190ms
2019-09-18 18:02:57,297 [43decd5c-1b5a-43ef-8295-9634006390e4:group-52CF13C8DBA1:LeaderElection2] INFO  impl.RaftServerImpl (ServerState.java:setLeader(263)) - 43decd5c-1b5a-43ef-8295-9634006390e4:group-52CF13C8DBA1 change Leader from null to 43decd5c-1b5a-43ef-8295-9634006390e4 at term 1 for becomeLeader, leader elected after 5190ms
2019-09-18 18:02:57,303 [7cb5bd27-452a-4b56-9ea4-268b54436f3d:group-C94EB4EE7A43:LeaderElection1] INFO  server.RaftServerConfigKeys (ConfUtils.java:logGet(43)) - raft.server.staging.catchup.gap = 1000 (default)
2019-09-18 18:02:57,303 [43decd5c-1b5a-43ef-8295-9634006390e4:group-52CF13C8DBA1:LeaderElection2] INFO  server.RaftServerConfigKeys (ConfUtils.java:logGet(43)) - raft.server.staging.catchup.gap = 1000 (default)
2019-09-18 18:02:57,304 [7cb5bd27-452a-4b56-9ea4-268b54436f3d:group-C94EB4EE7A43:LeaderElection1] INFO  server.RaftServerConfigKeys (ConfUtils.java:logGet(43)) - raft.server.rpc.sleep.time = 25ms (default)
2019-09-18 18:02:57,304 [43decd5c-1b5a-43ef-8295-9634006390e4:group-52CF13C8DBA1:LeaderElection2] INFO  server.RaftServerConfigKeys (ConfUtils.java:logGet(43)) - raft.server.rpc.sleep.time = 25ms (default)
2019-09-18 18:02:57,307 [7cb5bd27-452a-4b56-9ea4-268b54436f3d:group-C94EB4EE7A43:LeaderElection1] INFO  server.RaftServerConfigKeys (ConfUtils.java:logGet(43)) - raft.server.write.element-limit = 4096 (default)
2019-09-18 18:02:57,307 [43decd5c-1b5a-43ef-8295-9634006390e4:group-52CF13C8DBA1:LeaderElection2] INFO  server.RaftServerConfigKeys (ConfUtils.java:logGet(43)) - raft.server.write.element-limit = 4096 (default)
2019-09-18 18:02:57,309 [7cb5bd27-452a-4b56-9ea4-268b54436f3d:group-C94EB4EE7A43:LeaderElection1] INFO  server.RaftServerConfigKeys (ConfUtils.java:logGet(43)) - raft.server.watch.timeout = 10s (default)
2019-09-18 18:02:57,309 [43decd5c-1b5a-43ef-8295-9634006390e4:group-52CF13C8DBA1:LeaderElection2] INFO  server.RaftServerConfigKeys (ConfUtils.java:logGet(43)) - raft.server.watch.timeout = 10s (default)
2019-09-18 18:02:57,310 [7cb5bd27-452a-4b56-9ea4-268b54436f3d:group-C94EB4EE7A43:LeaderElection1] INFO  server.RaftServerConfigKeys (ConfUtils.java:logGet(43)) - raft.server.watch.timeout.denomination = 1s (default)
2019-09-18 18:02:57,310 [43decd5c-1b5a-43ef-8295-9634006390e4:group-52CF13C8DBA1:LeaderElection2] INFO  server.RaftServerConfigKeys (ConfUtils.java:logGet(43)) - raft.server.watch.timeout.denomination = 1s (default)
2019-09-18 18:02:57,311 [7cb5bd27-452a-4b56-9ea4-268b54436f3d:group-C94EB4EE7A43:LeaderElection1] INFO  server.RaftServerConfigKeys (ConfUtils.java:logGet(43)) - raft.server.watch.element-limit = 65536 (default)
2019-09-18 18:02:57,311 [43decd5c-1b5a-43ef-8295-9634006390e4:group-52CF13C8DBA1:LeaderElection2] INFO  server.RaftServerConfigKeys (ConfUtils.java:logGet(43)) - raft.server.watch.element-limit = 65536 (default)
2019-09-18 18:02:57,311 [Thread-181] INFO  impl.FollowerState (FollowerState.java:run(106)) - f9c0c0c0-b23a-4753-91c5-508b70f9f49b:group-9E2150C738BE changes to CANDIDATE, lastRpcTime:5109, electionTimeout:5105ms
2019-09-18 18:02:57,311 [Thread-181] INFO  impl.RoleInfo (RoleInfo.java:shutdownFollowerState(121)) - f9c0c0c0-b23a-4753-91c5-508b70f9f49b: shutdown FollowerState
2019-09-18 18:02:57,311 [Thread-181] INFO  impl.RaftServerImpl (RaftServerImpl.java:setRole(171)) - f9c0c0c0-b23a-4753-91c5-508b70f9f49b:group-9E2150C738BE changes role from FOLLOWER to CANDIDATE at term 0 for changeToCandidate
2019-09-18 18:02:57,311 [Thread-181] INFO  impl.RoleInfo (RoleInfo.java:updateAndGet(143)) - f9c0c0c0-b23a-4753-91c5-508b70f9f49b: start LeaderElection
2019-09-18 18:02:57,330 [43decd5c-1b5a-43ef-8295-9634006390e4:group-52CF13C8DBA1:LeaderElection2] INFO  impl.RoleInfo (RoleInfo.java:updateAndGet(143)) - 43decd5c-1b5a-43ef-8295-9634006390e4: start LeaderState
2019-09-18 18:02:57,330 [7cb5bd27-452a-4b56-9ea4-268b54436f3d:group-C94EB4EE7A43:LeaderElection1] INFO  impl.RoleInfo (RoleInfo.java:updateAndGet(143)) - 7cb5bd27-452a-4b56-9ea4-268b54436f3d: start LeaderState
2019-09-18 18:02:57,338 [f9c0c0c0-b23a-4753-91c5-508b70f9f49b:group-9E2150C738BE:LeaderElection3] INFO  impl.LeaderElection (LeaderElection.java:askForVotes(181)) - f9c0c0c0-b23a-4753-91c5-508b70f9f49b:group-9E2150C738BE:LeaderElection3: begin an election at term 1 for -1: [f9c0c0c0-b23a-4753-91c5-508b70f9f49b:192.168.5.185:39172], old=null
2019-09-18 18:02:57,338 [f9c0c0c0-b23a-4753-91c5-508b70f9f49b:group-9E2150C738BE:LeaderElection3] INFO  impl.RoleInfo (RoleInfo.java:shutdownLeaderElection(134)) - f9c0c0c0-b23a-4753-91c5-508b70f9f49b: shutdown LeaderElection
2019-09-18 18:02:57,339 [f9c0c0c0-b23a-4753-91c5-508b70f9f49b:group-9E2150C738BE:LeaderElection3] INFO  impl.RaftServerImpl (RaftServerImpl.java:setRole(171)) - f9c0c0c0-b23a-4753-91c5-508b70f9f49b:group-9E2150C738BE changes role from CANDIDATE to LEADER at term 1 for changeToLeader
2019-09-18 18:02:57,339 [f9c0c0c0-b23a-4753-91c5-508b70f9f49b:group-9E2150C738BE:LeaderElection3] INFO  impl.RaftServerImpl (ServerState.java:setLeader(263)) - f9c0c0c0-b23a-4753-91c5-508b70f9f49b:group-9E2150C738BE change Leader from null to f9c0c0c0-b23a-4753-91c5-508b70f9f49b at term 1 for becomeLeader, leader elected after 5233ms
2019-09-18 18:02:57,339 [f9c0c0c0-b23a-4753-91c5-508b70f9f49b:group-9E2150C738BE:LeaderElection3] INFO  server.RaftServerConfigKeys (ConfUtils.java:logGet(43)) - raft.server.staging.catchup.gap = 1000 (default)
2019-09-18 18:02:57,339 [f9c0c0c0-b23a-4753-91c5-508b70f9f49b:group-9E2150C738BE:LeaderElection3] INFO  server.RaftServerConfigKeys (ConfUtils.java:logGet(43)) - raft.server.rpc.sleep.time = 25ms (default)
2019-09-18 18:02:57,340 [f9c0c0c0-b23a-4753-91c5-508b70f9f49b:group-9E2150C738BE:LeaderElection3] INFO  server.RaftServerConfigKeys (ConfUtils.java:logGet(43)) - raft.server.write.element-limit = 4096 (default)
2019-09-18 18:02:57,340 [f9c0c0c0-b23a-4753-91c5-508b70f9f49b:group-9E2150C738BE:LeaderElection3] INFO  server.RaftServerConfigKeys (ConfUtils.java:logGet(43)) - raft.server.watch.timeout = 10s (default)
2019-09-18 18:02:57,340 [f9c0c0c0-b23a-4753-91c5-508b70f9f49b:group-9E2150C738BE:LeaderElection3] INFO  server.RaftServerConfigKeys (ConfUtils.java:logGet(43)) - raft.server.watch.timeout.denomination = 1s (default)
2019-09-18 18:02:57,340 [f9c0c0c0-b23a-4753-91c5-508b70f9f49b:group-9E2150C738BE:LeaderElection3] INFO  server.RaftServerConfigKeys (ConfUtils.java:logGet(43)) - raft.server.watch.element-limit = 65536 (default)
2019-09-18 18:02:57,341 [f9c0c0c0-b23a-4753-91c5-508b70f9f49b:group-9E2150C738BE:LeaderElection3] INFO  impl.RoleInfo (RoleInfo.java:updateAndGet(143)) - f9c0c0c0-b23a-4753-91c5-508b70f9f49b: start LeaderState
2019-09-18 18:02:57,355 [43decd5c-1b5a-43ef-8295-9634006390e4:group-52CF13C8DBA1:LeaderElection2] INFO  segmented.SegmentedRaftLogWorker (SegmentedRaftLogWorker.java:startLogSegment(380)) - 43decd5c-1b5a-43ef-8295-9634006390e4-SegmentedRaftLogWorker:Storage Directory /workdir/hadoop-ozone/tools/target/test-dir/MiniOzoneClusterImpl-b338881a-fe91-4e40-bf12-d8a0ad576167/datanode-1/data/ratis/c2991c21-26e3-484c-b745-52cf13c8dba1: Starting segment from index:0
2019-09-18 18:02:57,355 [f9c0c0c0-b23a-4753-91c5-508b70f9f49b:group-9E2150C738BE:LeaderElection3] INFO  segmented.SegmentedRaftLogWorker (SegmentedRaftLogWorker.java:startLogSegment(380)) - f9c0c0c0-b23a-4753-91c5-508b70f9f49b-SegmentedRaftLogWorker:Storage Directory /workdir/hadoop-ozone/tools/target/test-dir/MiniOzoneClusterImpl-b338881a-fe91-4e40-bf12-d8a0ad576167/datanode-2/data/ratis/9d9dec39-73dc-4a32-8250-9e2150c738be: Starting segment from index:0
2019-09-18 18:02:57,355 [7cb5bd27-452a-4b56-9ea4-268b54436f3d:group-C94EB4EE7A43:LeaderElection1] INFO  segmented.SegmentedRaftLogWorker (SegmentedRaftLogWorker.java:startLogSegment(380)) - 7cb5bd27-452a-4b56-9ea4-268b54436f3d-SegmentedRaftLogWorker:Storage Directory /workdir/hadoop-ozone/tools/target/test-dir/MiniOzoneClusterImpl-b338881a-fe91-4e40-bf12-d8a0ad576167/datanode-0/data/ratis/fbc74551-43c9-4664-ba51-c94eb4ee7a43: Starting segment from index:0
2019-09-18 18:02:57,364 [f9c0c0c0-b23a-4753-91c5-508b70f9f49b:group-9E2150C738BE:LeaderElection3] INFO  impl.RaftServerImpl (ServerState.java:setRaftConf(361)) - f9c0c0c0-b23a-4753-91c5-508b70f9f49b:group-9E2150C738BE set configuration 0: [f9c0c0c0-b23a-4753-91c5-508b70f9f49b:192.168.5.185:39172], old=null at 0
2019-09-18 18:02:57,364 [7cb5bd27-452a-4b56-9ea4-268b54436f3d:group-C94EB4EE7A43:LeaderElection1] INFO  impl.RaftServerImpl (ServerState.java:setRaftConf(361)) - 7cb5bd27-452a-4b56-9ea4-268b54436f3d:group-C94EB4EE7A43 set configuration 0: [7cb5bd27-452a-4b56-9ea4-268b54436f3d:192.168.5.185:40381], old=null at 0
2019-09-18 18:02:57,365 [43decd5c-1b5a-43ef-8295-9634006390e4:group-52CF13C8DBA1:LeaderElection2] INFO  impl.RaftServerImpl (ServerState.java:setRaftConf(361)) - 43decd5c-1b5a-43ef-8295-9634006390e4:group-52CF13C8DBA1 set configuration 0: [43decd5c-1b5a-43ef-8295-9634006390e4:192.168.5.185:42210], old=null at 0
2019-09-18 18:02:57,420 | INFO  | SCMAudit | user=jenkins1000 | ip=192.168.5.185 | op=SEND_HEARTBEAT {datanodeUUID=43decd5c-1b5a-43ef-8295-9634006390e4, command=[]} | ret=SUCCESS |  
2019-09-18 18:02:57,421 [Thread-191] INFO  impl.FollowerState (FollowerState.java:run(106)) - f9c0c0c0-b23a-4753-91c5-508b70f9f49b:group-9BEE98A316D3 changes to CANDIDATE, lastRpcTime:5030, electionTimeout:5029ms
2019-09-18 18:02:57,421 [Thread-191] INFO  impl.RoleInfo (RoleInfo.java:shutdownFollowerState(121)) - f9c0c0c0-b23a-4753-91c5-508b70f9f49b: shutdown FollowerState
2019-09-18 18:02:57,421 [Thread-191] INFO  impl.RaftServerImpl (RaftServerImpl.java:setRole(171)) - f9c0c0c0-b23a-4753-91c5-508b70f9f49b:group-9BEE98A316D3 changes role from FOLLOWER to CANDIDATE at term 0 for changeToCandidate
2019-09-18 18:02:57,421 [Thread-191] INFO  impl.RoleInfo (RoleInfo.java:updateAndGet(143)) - f9c0c0c0-b23a-4753-91c5-508b70f9f49b: start LeaderElection
2019-09-18 18:02:57,448 [f9c0c0c0-b23a-4753-91c5-508b70f9f49b:group-9BEE98A316D3:LeaderElection4] INFO  impl.LeaderElection (LeaderElection.java:askForVotes(181)) - f9c0c0c0-b23a-4753-91c5-508b70f9f49b:group-9BEE98A316D3:LeaderElection4: begin an election at term 1 for -1: [43decd5c-1b5a-43ef-8295-9634006390e4:192.168.5.185:42210, 7cb5bd27-452a-4b56-9ea4-268b54436f3d:192.168.5.185:40381, f9c0c0c0-b23a-4753-91c5-508b70f9f49b:192.168.5.185:39172], old=null
2019-09-18 18:02:57,474 [grpc-default-executor-0] INFO  impl.RaftServerImpl (RaftServerImpl.java:setRole(171)) - 7cb5bd27-452a-4b56-9ea4-268b54436f3d:group-9BEE98A316D3 changes role from FOLLOWER to FOLLOWER at term 1 for recognizeCandidate:f9c0c0c0-b23a-4753-91c5-508b70f9f49b
2019-09-18 18:02:57,474 [grpc-default-executor-2] INFO  impl.RaftServerImpl (RaftServerImpl.java:setRole(171)) - 43decd5c-1b5a-43ef-8295-9634006390e4:group-9BEE98A316D3 changes role from FOLLOWER to FOLLOWER at term 1 for recognizeCandidate:f9c0c0c0-b23a-4753-91c5-508b70f9f49b
2019-09-18 18:02:57,474 [grpc-default-executor-0] INFO  impl.RoleInfo (RoleInfo.java:shutdownFollowerState(121)) - 7cb5bd27-452a-4b56-9ea4-268b54436f3d: shutdown FollowerState
2019-09-18 18:02:57,474 [grpc-default-executor-2] INFO  impl.RoleInfo (RoleInfo.java:shutdownFollowerState(121)) - 43decd5c-1b5a-43ef-8295-9634006390e4: shutdown FollowerState
2019-09-18 18:02:57,475 [grpc-default-executor-0] INFO  impl.RoleInfo (RoleInfo.java:updateAndGet(143)) - 7cb5bd27-452a-4b56-9ea4-268b54436f3d: start FollowerState
2019-09-18 18:02:57,475 [Thread-187] INFO  impl.FollowerState (FollowerState.java:run(114)) - 43decd5c-1b5a-43ef-8295-9634006390e4: FollowerState was interrupted: java.lang.InterruptedException: sleep interrupted
2019-09-18 18:02:57,475 [grpc-default-executor-2] INFO  impl.RoleInfo (RoleInfo.java:updateAndGet(143)) - 43decd5c-1b5a-43ef-8295-9634006390e4: start FollowerState
2019-09-18 18:02:57,475 [Thread-192] INFO  impl.FollowerState (FollowerState.java:run(114)) - 7cb5bd27-452a-4b56-9ea4-268b54436f3d: FollowerState was interrupted: java.lang.InterruptedException: sleep interrupted
2019-09-18 18:02:57,516 [f9c0c0c0-b23a-4753-91c5-508b70f9f49b:group-9BEE98A316D3:LeaderElection4] INFO  impl.LeaderElection (LeaderElection.java:logAndReturn(56)) - f9c0c0c0-b23a-4753-91c5-508b70f9f49b:group-9BEE98A316D3:LeaderElection4: Election PASSED; received 1 response(s) [f9c0c0c0-b23a-4753-91c5-508b70f9f49b<-7cb5bd27-452a-4b56-9ea4-268b54436f3d#0:OK-t1] and 0 exception(s); f9c0c0c0-b23a-4753-91c5-508b70f9f49b:t1, leader=null, voted=f9c0c0c0-b23a-4753-91c5-508b70f9f49b, raftlog=f9c0c0c0-b23a-4753-91c5-508b70f9f49b-SegmentedRaftLog:OPENED:c-1,f-1,i0, conf=-1: [43decd5c-1b5a-43ef-8295-9634006390e4:192.168.5.185:42210, 7cb5bd27-452a-4b56-9ea4-268b54436f3d:192.168.5.185:40381, f9c0c0c0-b23a-4753-91c5-508b70f9f49b:192.168.5.185:39172], old=null
2019-09-18 18:02:57,517 [f9c0c0c0-b23a-4753-91c5-508b70f9f49b:group-9BEE98A316D3:LeaderElection4] INFO  impl.RoleInfo (RoleInfo.java:shutdownLeaderElection(134)) - f9c0c0c0-b23a-4753-91c5-508b70f9f49b: shutdown LeaderElection
2019-09-18 18:02:57,518 [f9c0c0c0-b23a-4753-91c5-508b70f9f49b:group-9BEE98A316D3:LeaderElection4] INFO  impl.RaftServerImpl (RaftServerImpl.java:setRole(171)) - f9c0c0c0-b23a-4753-91c5-508b70f9f49b:group-9BEE98A316D3 changes role from CANDIDATE to LEADER at term 1 for changeToLeader
2019-09-18 18:02:57,519 [f9c0c0c0-b23a-4753-91c5-508b70f9f49b:group-9BEE98A316D3:LeaderElection4] INFO  impl.RaftServerImpl (ServerState.java:setLeader(263)) - f9c0c0c0-b23a-4753-91c5-508b70f9f49b:group-9BEE98A316D3 change Leader from null to f9c0c0c0-b23a-4753-91c5-508b70f9f49b at term 1 for becomeLeader, leader elected after 5142ms
2019-09-18 18:02:57,519 [f9c0c0c0-b23a-4753-91c5-508b70f9f49b:group-9BEE98A316D3:LeaderElection4] INFO  server.RaftServerConfigKeys (ConfUtils.java:logGet(43)) - raft.server.staging.catchup.gap = 1000 (default)
2019-09-18 18:02:57,519 [f9c0c0c0-b23a-4753-91c5-508b70f9f49b:group-9BEE98A316D3:LeaderElection4] INFO  server.RaftServerConfigKeys (ConfUtils.java:logGet(43)) - raft.server.rpc.sleep.time = 25ms (default)
2019-09-18 18:02:57,519 [f9c0c0c0-b23a-4753-91c5-508b70f9f49b:group-9BEE98A316D3:LeaderElection4] INFO  server.RaftServerConfigKeys (ConfUtils.java:logGet(43)) - raft.server.write.element-limit = 4096 (default)
2019-09-18 18:02:57,519 [f9c0c0c0-b23a-4753-91c5-508b70f9f49b:group-9BEE98A316D3:LeaderElection4] INFO  server.RaftServerConfigKeys (ConfUtils.java:logGet(43)) - raft.server.watch.timeout = 10s (default)
2019-09-18 18:02:57,519 [f9c0c0c0-b23a-4753-91c5-508b70f9f49b:group-9BEE98A316D3:LeaderElection4] INFO  server.RaftServerConfigKeys (ConfUtils.java:logGet(43)) - raft.server.watch.timeout.denomination = 1s (default)
2019-09-18 18:02:57,520 [f9c0c0c0-b23a-4753-91c5-508b70f9f49b:group-9BEE98A316D3:LeaderElection4] INFO  server.RaftServerConfigKeys (ConfUtils.java:logGet(43)) - raft.server.watch.element-limit = 65536 (default)
2019-09-18 18:02:57,522 [f9c0c0c0-b23a-4753-91c5-508b70f9f49b:group-9BEE98A316D3:LeaderElection4] INFO  server.RaftServerConfigKeys (ConfUtils.java:logGet(43)) - raft.server.log.appender.snapshot.chunk.size.max = 16MB (=16777216) (default)
2019-09-18 18:02:57,522 [f9c0c0c0-b23a-4753-91c5-508b70f9f49b:group-9BEE98A316D3:LeaderElection4] INFO  server.RaftServerConfigKeys (ConfUtils.java:logGet(43)) - raft.server.log.appender.buffer.byte-limit = 33554432 (custom)
2019-09-18 18:02:57,523 [f9c0c0c0-b23a-4753-91c5-508b70f9f49b:group-9BEE98A316D3:LeaderElection4] INFO  server.RaftServerConfigKeys (ConfUtils.java:logGet(43)) - raft.server.log.appender.buffer.element-limit = 1 (custom)
2019-09-18 18:02:57,526 [f9c0c0c0-b23a-4753-91c5-508b70f9f49b:group-9BEE98A316D3:LeaderElection4] INFO  grpc.GrpcConfigKeys$Server (ConfUtils.java:logGet(43)) - raft.grpc.server.leader.outstanding.appends.max = 128 (default)
2019-09-18 18:02:57,526 [f9c0c0c0-b23a-4753-91c5-508b70f9f49b:group-9BEE98A316D3:LeaderElection4] INFO  server.RaftServerConfigKeys (ConfUtils.java:logGet(43)) - raft.server.rpc.request.timeout = 3000ms (default)
2019-09-18 18:02:57,527 [f9c0c0c0-b23a-4753-91c5-508b70f9f49b:group-9BEE98A316D3:LeaderElection4] INFO  server.RaftServerConfigKeys (ConfUtils.java:logGet(43)) - raft.server.log.appender.install.snapshot.enabled = false (custom)
2019-09-18 18:02:57,527 [f9c0c0c0-b23a-4753-91c5-508b70f9f49b:group-9BEE98A316D3:LeaderElection4] INFO  server.RaftServerConfigKeys (ConfUtils.java:logGet(43)) - raft.server.log.appender.snapshot.chunk.size.max = 16MB (=16777216) (default)
2019-09-18 18:02:57,527 [f9c0c0c0-b23a-4753-91c5-508b70f9f49b:group-9BEE98A316D3:LeaderElection4] INFO  server.RaftServerConfigKeys (ConfUtils.java:logGet(43)) - raft.server.log.appender.buffer.byte-limit = 33554432 (custom)
2019-09-18 18:02:57,527 [f9c0c0c0-b23a-4753-91c5-508b70f9f49b:group-9BEE98A316D3:LeaderElection4] INFO  server.RaftServerConfigKeys (ConfUtils.java:logGet(43)) - raft.server.log.appender.buffer.element-limit = 1 (custom)
2019-09-18 18:02:57,527 [f9c0c0c0-b23a-4753-91c5-508b70f9f49b:group-9BEE98A316D3:LeaderElection4] INFO  grpc.GrpcConfigKeys$Server (ConfUtils.java:logGet(43)) - raft.grpc.server.leader.outstanding.appends.max = 128 (default)
2019-09-18 18:02:57,528 [f9c0c0c0-b23a-4753-91c5-508b70f9f49b:group-9BEE98A316D3:LeaderElection4] INFO  server.RaftServerConfigKeys (ConfUtils.java:logGet(43)) - raft.server.rpc.request.timeout = 3000ms (default)
2019-09-18 18:02:57,528 [f9c0c0c0-b23a-4753-91c5-508b70f9f49b:group-9BEE98A316D3:LeaderElection4] INFO  server.RaftServerConfigKeys (ConfUtils.java:logGet(43)) - raft.server.log.appender.install.snapshot.enabled = false (custom)
2019-09-18 18:02:57,529 [f9c0c0c0-b23a-4753-91c5-508b70f9f49b:group-9BEE98A316D3:LeaderElection4] INFO  impl.RoleInfo (RoleInfo.java:updateAndGet(143)) - f9c0c0c0-b23a-4753-91c5-508b70f9f49b: start LeaderState
2019-09-18 18:02:57,530 [f9c0c0c0-b23a-4753-91c5-508b70f9f49b:group-9BEE98A316D3:LeaderElection4] INFO  segmented.SegmentedRaftLogWorker (SegmentedRaftLogWorker.java:startLogSegment(380)) - f9c0c0c0-b23a-4753-91c5-508b70f9f49b-SegmentedRaftLogWorker:Storage Directory /workdir/hadoop-ozone/tools/target/test-dir/MiniOzoneClusterImpl-b338881a-fe91-4e40-bf12-d8a0ad576167/datanode-2/data/ratis/cbcd9ebb-7770-4d57-a7a7-9bee98a316d3: Starting segment from index:0
2019-09-18 18:02:57,530 [f9c0c0c0-b23a-4753-91c5-508b70f9f49b:group-9BEE98A316D3:LeaderElection4] INFO  impl.RaftServerImpl (ServerState.java:setRaftConf(361)) - f9c0c0c0-b23a-4753-91c5-508b70f9f49b:group-9BEE98A316D3 set configuration 0: [43decd5c-1b5a-43ef-8295-9634006390e4:192.168.5.185:42210, 7cb5bd27-452a-4b56-9ea4-268b54436f3d:192.168.5.185:40381, f9c0c0c0-b23a-4753-91c5-508b70f9f49b:192.168.5.185:39172], old=null at 0
2019-09-18 18:02:57,550 [grpc-default-executor-0] INFO  impl.RaftServerImpl (ServerState.java:setLeader(263)) - 7cb5bd27-452a-4b56-9ea4-268b54436f3d:group-9BEE98A316D3 change Leader from null to f9c0c0c0-b23a-4753-91c5-508b70f9f49b at term 1 for appendEntries, leader elected after 5173ms
2019-09-18 18:02:57,550 [grpc-default-executor-2] INFO  impl.RaftServerImpl (ServerState.java:setLeader(263)) - 43decd5c-1b5a-43ef-8295-9634006390e4:group-9BEE98A316D3 change Leader from null to f9c0c0c0-b23a-4753-91c5-508b70f9f49b at term 1 for appendEntries, leader elected after 5173ms
2019-09-18 18:02:57,608 [grpc-default-executor-0] INFO  impl.RaftServerImpl (ServerState.java:setRaftConf(361)) - 43decd5c-1b5a-43ef-8295-9634006390e4:group-9BEE98A316D3 set configuration 0: [43decd5c-1b5a-43ef-8295-9634006390e4:192.168.5.185:42210, 7cb5bd27-452a-4b56-9ea4-268b54436f3d:192.168.5.185:40381, f9c0c0c0-b23a-4753-91c5-508b70f9f49b:192.168.5.185:39172], old=null at 0
2019-09-18 18:02:57,608 [grpc-default-executor-2] INFO  impl.RaftServerImpl (ServerState.java:setRaftConf(361)) - 7cb5bd27-452a-4b56-9ea4-268b54436f3d:group-9BEE98A316D3 set configuration 0: [43decd5c-1b5a-43ef-8295-9634006390e4:192.168.5.185:42210, 7cb5bd27-452a-4b56-9ea4-268b54436f3d:192.168.5.185:40381, f9c0c0c0-b23a-4753-91c5-508b70f9f49b:192.168.5.185:39172], old=null at 0
2019-09-18 18:02:57,608 [grpc-default-executor-0] INFO  segmented.SegmentedRaftLogWorker (SegmentedRaftLogWorker.java:startLogSegment(380)) - 43decd5c-1b5a-43ef-8295-9634006390e4-SegmentedRaftLogWorker:Storage Directory /workdir/hadoop-ozone/tools/target/test-dir/MiniOzoneClusterImpl-b338881a-fe91-4e40-bf12-d8a0ad576167/datanode-1/data/ratis/cbcd9ebb-7770-4d57-a7a7-9bee98a316d3: Starting segment from index:0
2019-09-18 18:02:57,609 [grpc-default-executor-2] INFO  segmented.SegmentedRaftLogWorker (SegmentedRaftLogWorker.java:startLogSegment(380)) - 7cb5bd27-452a-4b56-9ea4-268b54436f3d-SegmentedRaftLogWorker:Storage Directory /workdir/hadoop-ozone/tools/target/test-dir/MiniOzoneClusterImpl-b338881a-fe91-4e40-bf12-d8a0ad576167/datanode-0/data/ratis/cbcd9ebb-7770-4d57-a7a7-9bee98a316d3: Starting segment from index:0
2019-09-18 18:02:57,638 [f9c0c0c0-b23a-4753-91c5-508b70f9f49b-SegmentedRaftLogWorker:Storage Directory /workdir/hadoop-ozone/tools/target/test-dir/MiniOzoneClusterImpl-b338881a-fe91-4e40-bf12-d8a0ad576167/datanode-2/data/ratis/cbcd9ebb-7770-4d57-a7a7-9bee98a316d3] INFO  segmented.SegmentedRaftLogWorker (SegmentedRaftLogWorker.java:execute(569)) - f9c0c0c0-b23a-4753-91c5-508b70f9f49b-SegmentedRaftLogWorker:Storage Directory /workdir/hadoop-ozone/tools/target/test-dir/MiniOzoneClusterImpl-b338881a-fe91-4e40-bf12-d8a0ad576167/datanode-2/data/ratis/cbcd9ebb-7770-4d57-a7a7-9bee98a316d3: created new log segment /workdir/hadoop-ozone/tools/target/test-dir/MiniOzoneClusterImpl-b338881a-fe91-4e40-bf12-d8a0ad576167/datanode-2/data/ratis/cbcd9ebb-7770-4d57-a7a7-9bee98a316d3/current/log_inprogress_0
2019-09-18 18:02:57,638 [f9c0c0c0-b23a-4753-91c5-508b70f9f49b-SegmentedRaftLogWorker:Storage Directory /workdir/hadoop-ozone/tools/target/test-dir/MiniOzoneClusterImpl-b338881a-fe91-4e40-bf12-d8a0ad576167/datanode-2/data/ratis/9d9dec39-73dc-4a32-8250-9e2150c738be] INFO  segmented.SegmentedRaftLogWorker (SegmentedRaftLogWorker.java:execute(569)) - f9c0c0c0-b23a-4753-91c5-508b70f9f49b-SegmentedRaftLogWorker:Storage Directory /workdir/hadoop-ozone/tools/target/test-dir/MiniOzoneClusterImpl-b338881a-fe91-4e40-bf12-d8a0ad576167/datanode-2/data/ratis/9d9dec39-73dc-4a32-8250-9e2150c738be: created new log segment /workdir/hadoop-ozone/tools/target/test-dir/MiniOzoneClusterImpl-b338881a-fe91-4e40-bf12-d8a0ad576167/datanode-2/data/ratis/9d9dec39-73dc-4a32-8250-9e2150c738be/current/log_inprogress_0
2019-09-18 18:02:57,638 [43decd5c-1b5a-43ef-8295-9634006390e4-SegmentedRaftLogWorker:Storage Directory /workdir/hadoop-ozone/tools/target/test-dir/MiniOzoneClusterImpl-b338881a-fe91-4e40-bf12-d8a0ad576167/datanode-1/data/ratis/c2991c21-26e3-484c-b745-52cf13c8dba1] INFO  segmented.SegmentedRaftLogWorker (SegmentedRaftLogWorker.java:execute(569)) - 43decd5c-1b5a-43ef-8295-9634006390e4-SegmentedRaftLogWorker:Storage Directory /workdir/hadoop-ozone/tools/target/test-dir/MiniOzoneClusterImpl-b338881a-fe91-4e40-bf12-d8a0ad576167/datanode-1/data/ratis/c2991c21-26e3-484c-b745-52cf13c8dba1: created new log segment /workdir/hadoop-ozone/tools/target/test-dir/MiniOzoneClusterImpl-b338881a-fe91-4e40-bf12-d8a0ad576167/datanode-1/data/ratis/c2991c21-26e3-484c-b745-52cf13c8dba1/current/log_inprogress_0
2019-09-18 18:02:57,638 [7cb5bd27-452a-4b56-9ea4-268b54436f3d-SegmentedRaftLogWorker:Storage Directory /workdir/hadoop-ozone/tools/target/test-dir/MiniOzoneClusterImpl-b338881a-fe91-4e40-bf12-d8a0ad576167/datanode-0/data/ratis/fbc74551-43c9-4664-ba51-c94eb4ee7a43] INFO  segmented.SegmentedRaftLogWorker (SegmentedRaftLogWorker.java:execute(569)) - 7cb5bd27-452a-4b56-9ea4-268b54436f3d-SegmentedRaftLogWorker:Storage Directory /workdir/hadoop-ozone/tools/target/test-dir/MiniOzoneClusterImpl-b338881a-fe91-4e40-bf12-d8a0ad576167/datanode-0/data/ratis/fbc74551-43c9-4664-ba51-c94eb4ee7a43: created new log segment /workdir/hadoop-ozone/tools/target/test-dir/MiniOzoneClusterImpl-b338881a-fe91-4e40-bf12-d8a0ad576167/datanode-0/data/ratis/fbc74551-43c9-4664-ba51-c94eb4ee7a43/current/log_inprogress_0
2019-09-18 18:02:57,660 [43decd5c-1b5a-43ef-8295-9634006390e4-SegmentedRaftLogWorker:Storage Directory /workdir/hadoop-ozone/tools/target/test-dir/MiniOzoneClusterImpl-b338881a-fe91-4e40-bf12-d8a0ad576167/datanode-1/data/ratis/cbcd9ebb-7770-4d57-a7a7-9bee98a316d3] INFO  segmented.SegmentedRaftLogWorker (SegmentedRaftLogWorker.java:execute(569)) - 43decd5c-1b5a-43ef-8295-9634006390e4-SegmentedRaftLogWorker:Storage Directory /workdir/hadoop-ozone/tools/target/test-dir/MiniOzoneClusterImpl-b338881a-fe91-4e40-bf12-d8a0ad576167/datanode-1/data/ratis/cbcd9ebb-7770-4d57-a7a7-9bee98a316d3: created new log segment /workdir/hadoop-ozone/tools/target/test-dir/MiniOzoneClusterImpl-b338881a-fe91-4e40-bf12-d8a0ad576167/datanode-1/data/ratis/cbcd9ebb-7770-4d57-a7a7-9bee98a316d3/current/log_inprogress_0
2019-09-18 18:02:57,661 [grpc-default-executor-2] INFO  client.GrpcClientProtocolClient (GrpcClientProtocolClient.java:onNext(255)) - client-EBA13DAE5039->f9c0c0c0-b23a-4753-91c5-508b70f9f49b: receive RaftClientReply:client-EBA13DAE5039->f9c0c0c0-b23a-4753-91c5-508b70f9f49b@group-9BEE98A316D3, cid=6, FAILED org.apache.ratis.protocol.LeaderNotReadyException: f9c0c0c0-b23a-4753-91c5-508b70f9f49b is in LEADER state but not ready yet., logIndex=0, commits[f9c0c0c0-b23a-4753-91c5-508b70f9f49b:c0, 43decd5c-1b5a-43ef-8295-9634006390e4:c-1, 7cb5bd27-452a-4b56-9ea4-268b54436f3d:c-1]
2019-09-18 18:02:57,660 [7cb5bd27-452a-4b56-9ea4-268b54436f3d-SegmentedRaftLogWorker:Storage Directory /workdir/hadoop-ozone/tools/target/test-dir/MiniOzoneClusterImpl-b338881a-fe91-4e40-bf12-d8a0ad576167/datanode-0/data/ratis/cbcd9ebb-7770-4d57-a7a7-9bee98a316d3] INFO  segmented.SegmentedRaftLogWorker (SegmentedRaftLogWorker.java:execute(569)) - 7cb5bd27-452a-4b56-9ea4-268b54436f3d-SegmentedRaftLogWorker:Storage Directory /workdir/hadoop-ozone/tools/target/test-dir/MiniOzoneClusterImpl-b338881a-fe91-4e40-bf12-d8a0ad576167/datanode-0/data/ratis/cbcd9ebb-7770-4d57-a7a7-9bee98a316d3: created new log segment /workdir/hadoop-ozone/tools/target/test-dir/MiniOzoneClusterImpl-b338881a-fe91-4e40-bf12-d8a0ad576167/datanode-0/data/ratis/cbcd9ebb-7770-4d57-a7a7-9bee98a316d3/current/log_inprogress_0
2019-09-18 18:02:57,858 | INFO  | SCMAudit | user=jenkins1000 | ip=192.168.5.185 | op=SEND_HEARTBEAT {datanodeUUID=f9c0c0c0-b23a-4753-91c5-508b70f9f49b, command=[]} | ret=SUCCESS |  
2019-09-18 18:02:58,167 | INFO  | SCMAudit | user=jenkins1000 | ip=192.168.5.185 | op=SEND_HEARTBEAT {datanodeUUID=7cb5bd27-452a-4b56-9ea4-268b54436f3d, command=[]} | ret=SUCCESS |  
 0.00% |█                                                                                                    |  0/1 Time: 0:00:042019-09-18 18:02:58,429 | INFO  | SCMAudit | user=jenkins1000 | ip=192.168.5.185 | op=SEND_HEARTBEAT {datanodeUUID=43decd5c-1b5a-43ef-8295-9634006390e4, command=[]} | ret=SUCCESS |  
2019-09-18 18:02:58,857 | INFO  | SCMAudit | user=jenkins1000 | ip=192.168.5.185 | op=SEND_HEARTBEAT {datanodeUUID=f9c0c0c0-b23a-4753-91c5-508b70f9f49b, command=[]} | ret=SUCCESS |  
2019-09-18 18:02:59,165 | INFO  | SCMAudit | user=jenkins1000 | ip=192.168.5.185 | op=SEND_HEARTBEAT {datanodeUUID=7cb5bd27-452a-4b56-9ea4-268b54436f3d, command=[]} | ret=SUCCESS |  
 0.00% |█                                                                                                    |  0/1 Time: 0:00:052019-09-18 18:02:59,419 | INFO  | SCMAudit | user=jenkins1000 | ip=192.168.5.185 | op=SEND_HEARTBEAT {datanodeUUID=43decd5c-1b5a-43ef-8295-9634006390e4, command=[]} | ret=SUCCESS |  
2019-09-18 18:02:59,857 | INFO  | SCMAudit | user=jenkins1000 | ip=192.168.5.185 | op=SEND_HEARTBEAT {datanodeUUID=f9c0c0c0-b23a-4753-91c5-508b70f9f49b, command=[]} | ret=SUCCESS |  
2019-09-18 18:02:59,896 | INFO  | SCMAudit | user=jenkins1000 | ip=192.168.5.185 | op=SEND_HEARTBEAT {datanodeUUID=f9c0c0c0-b23a-4753-91c5-508b70f9f49b, command=[]} | ret=SUCCESS |  
2019-09-18 18:02:59,935 | INFO  | DNAudit | user=null | ip=null | op=WRITE_CHUNK {blockData=conID: 1 locID: 102814828092063745 bcsId: 0} | ret=SUCCESS |  
2019-09-18 18:02:59,956 | INFO  | SCMAudit | user=jenkins1000 | ip=192.168.5.185 | op=SEND_HEARTBEAT {datanodeUUID=7cb5bd27-452a-4b56-9ea4-268b54436f3d, command=[]} | ret=SUCCESS |  
2019-09-18 18:02:59,956 | INFO  | SCMAudit | user=jenkins1000 | ip=192.168.5.185 | op=SEND_HEARTBEAT {datanodeUUID=43decd5c-1b5a-43ef-8295-9634006390e4, command=[]} | ret=SUCCESS |  
2019-09-18 18:02:59,959 | INFO  | DNAudit | user=null | ip=null | op=WRITE_CHUNK {blockData=conID: 1 locID: 102814828092063745 bcsId: 0} | ret=SUCCESS |  
2019-09-18 18:02:59,961 | INFO  | DNAudit | user=null | ip=null | op=WRITE_CHUNK {blockData=conID: 1 locID: 102814828092063745 bcsId: 0} | ret=SUCCESS |  
2019-09-18 18:02:59,981 | INFO  | DNAudit | user=null | ip=null | op=WRITE_CHUNK {blockData=conID: 1 locID: 102814828092063745 bcsId: 0} | ret=SUCCESS |  
2019-09-18 18:02:59,989 [grpc-default-executor-2] INFO  client.GrpcClientProtocolClient (GrpcClientProtocolClient.java:onNext(255)) - client-EBA13DAE5039->f9c0c0c0-b23a-4753-91c5-508b70f9f49b: receive RaftClientReply:client-EBA13DAE5039->f9c0c0c0-b23a-4753-91c5-508b70f9f49b@group-9BEE98A316D3, cid=6, SUCCESS, logIndex=1, commits[f9c0c0c0-b23a-4753-91c5-508b70f9f49b:c1, 43decd5c-1b5a-43ef-8295-9634006390e4:c0, 7cb5bd27-452a-4b56-9ea4-268b54436f3d:c0]
2019-09-18 18:02:59,995 | INFO  | DNAudit | user=null | ip=null | op=WRITE_CHUNK {blockData=conID: 1 locID: 102814828092063745 bcsId: 0} | ret=SUCCESS |  
2019-09-18 18:02:59,996 | INFO  | DNAudit | user=null | ip=null | op=WRITE_CHUNK {blockData=conID: 1 locID: 102814828092063745 bcsId: 0} | ret=SUCCESS |  
2019-09-18 18:03:00,033 | INFO  | DNAudit | user=null | ip=null | op=WRITE_CHUNK {blockData=conID: 1 locID: 102814828092063745 bcsId: 0} | ret=SUCCESS |  
2019-09-18 18:03:00,035 | INFO  | DNAudit | user=null | ip=null | op=WRITE_CHUNK {blockData=conID: 1 locID: 102814828092063745 bcsId: 0} | ret=SUCCESS |  
2019-09-18 18:03:00,036 | INFO  | DNAudit | user=null | ip=null | op=WRITE_CHUNK {blockData=conID: 1 locID: 102814828092063745 bcsId: 0} | ret=SUCCESS |  
2019-09-18 18:03:00,138 | INFO  | DNAudit | user=null | ip=null | op=PUT_BLOCK {blockData=[blockId=conID: 1 locID: 102814828092063745 bcsId: 0,size=1048576]} | ret=SUCCESS |  
2019-09-18 18:03:00,143 | INFO  | DNAudit | user=null | ip=null | op=WRITE_CHUNK {blockData=conID: 1 locID: 102814828092063745 bcsId: 0} | ret=SUCCESS |  
2019-09-18 18:03:00,146 [grpc-default-executor-1] INFO  client.GrpcClientProtocolClient (GrpcClientProtocolClient.java:onNext(255)) - client-EBA13DAE5039->f9c0c0c0-b23a-4753-91c5-508b70f9f49b: receive RaftClientReply:client-EBA13DAE5039->f9c0c0c0-b23a-4753-91c5-508b70f9f49b@group-9BEE98A316D3, cid=7, SUCCESS, logIndex=3, commits[f9c0c0c0-b23a-4753-91c5-508b70f9f49b:c8, 43decd5c-1b5a-43ef-8295-9634006390e4:c6, 7cb5bd27-452a-4b56-9ea4-268b54436f3d:c6]
2019-09-18 18:03:00,151 [grpc-default-executor-1] INFO  client.GrpcClientProtocolClient (GrpcClientProtocolClient.java:onNext(255)) - client-EBA13DAE5039->f9c0c0c0-b23a-4753-91c5-508b70f9f49b: receive RaftClientReply:client-EBA13DAE5039->f9c0c0c0-b23a-4753-91c5-508b70f9f49b@group-9BEE98A316D3, cid=8, SUCCESS, logIndex=5, commits[f9c0c0c0-b23a-4753-91c5-508b70f9f49b:c8, 43decd5c-1b5a-43ef-8295-9634006390e4:c6, 7cb5bd27-452a-4b56-9ea4-268b54436f3d:c6]
2019-09-18 18:03:00,211 | INFO  | DNAudit | user=null | ip=null | op=PUT_BLOCK {blockData=[blockId=conID: 1 locID: 102814828092063745 bcsId: 0,size=1048576]} | ret=SUCCESS |  
2019-09-18 18:03:00,212 | INFO  | DNAudit | user=null | ip=null | op=WRITE_CHUNK {blockData=conID: 1 locID: 102814828092063745 bcsId: 0} | ret=SUCCESS |  
 0.00% |█                                                                                                    |  0/1 Time: 0:00:062019-09-18 18:03:00,255 | INFO  | DNAudit | user=null | ip=null | op=PUT_BLOCK {blockData=[blockId=conID: 1 locID: 102814828092063745 bcsId: 0,size=1048576]} | ret=SUCCESS |  
2019-09-18 18:03:00,255 | INFO  | DNAudit | user=null | ip=null | op=PUT_BLOCK {blockData=[blockId=conID: 1 locID: 102814828092063745 bcsId: 0,size=2097152]} | ret=SUCCESS |  
2019-09-18 18:03:00,255 | INFO  | DNAudit | user=null | ip=null | op=PUT_BLOCK {blockData=[blockId=conID: 1 locID: 102814828092063745 bcsId: 0,size=2097152]} | ret=SUCCESS |  
2019-09-18 18:03:00,256 | INFO  | DNAudit | user=null | ip=null | op=WRITE_CHUNK {blockData=conID: 1 locID: 102814828092063745 bcsId: 0} | ret=SUCCESS |  
2019-09-18 18:03:00,258 | INFO  | DNAudit | user=null | ip=null | op=PUT_BLOCK {blockData=[blockId=conID: 1 locID: 102814828092063745 bcsId: 0,size=2097152]} | ret=SUCCESS |  
2019-09-18 18:03:00,259 [grpc-default-executor-1] INFO  client.GrpcClientProtocolClient (GrpcClientProtocolClient.java:onNext(255)) - client-EBA13DAE5039->f9c0c0c0-b23a-4753-91c5-508b70f9f49b: receive RaftClientReply:client-EBA13DAE5039->f9c0c0c0-b23a-4753-91c5-508b70f9f49b@group-9BEE98A316D3, cid=9, SUCCESS, logIndex=6, commits[f9c0c0c0-b23a-4753-91c5-508b70f9f49b:c8, 43decd5c-1b5a-43ef-8295-9634006390e4:c6, 7cb5bd27-452a-4b56-9ea4-268b54436f3d:c6]
2019-09-18 18:03:00,288 | INFO  | DNAudit | user=null | ip=null | op=WRITE_CHUNK {blockData=conID: 1 locID: 102814828092063745 bcsId: 6} | ret=SUCCESS |  
2019-09-18 18:03:00,297 | INFO  | DNAudit | user=null | ip=null | op=WRITE_CHUNK {blockData=conID: 1 locID: 102814828092063745 bcsId: 6} | ret=SUCCESS |  
2019-09-18 18:03:00,301 | INFO  | DNAudit | user=null | ip=null | op=WRITE_CHUNK {blockData=conID: 1 locID: 102814828092063745 bcsId: 6} | ret=SUCCESS |  
2019-09-18 18:03:00,307 | INFO  | DNAudit | user=null | ip=null | op=WRITE_CHUNK {blockData=conID: 1 locID: 102814828092063745 bcsId: 6} | ret=SUCCESS |  
2019-09-18 18:03:00,318 | INFO  | DNAudit | user=null | ip=null | op=WRITE_CHUNK {blockData=conID: 1 locID: 102814828092063745 bcsId: 6} | ret=SUCCESS |  
2019-09-18 18:03:00,319 | INFO  | DNAudit | user=null | ip=null | op=PUT_BLOCK {blockData=[blockId=conID: 1 locID: 102814828092063745 bcsId: 0,size=3145728]} | ret=SUCCESS |  
2019-09-18 18:03:00,321 | INFO  | DNAudit | user=null | ip=null | op=WRITE_CHUNK {blockData=conID: 1 locID: 102814828092063745 bcsId: 6} | ret=SUCCESS |  
2019-09-18 18:03:00,321 | INFO  | DNAudit | user=null | ip=null | op=WRITE_CHUNK {blockData=conID: 1 locID: 102814828092063745 bcsId: 6} | ret=SUCCESS |  
2019-09-18 18:03:00,321 [grpc-default-executor-2] INFO  client.GrpcClientProtocolClient (GrpcClientProtocolClient.java:onNext(255)) - client-EBA13DAE5039->f9c0c0c0-b23a-4753-91c5-508b70f9f49b: receive RaftClientReply:client-EBA13DAE5039->f9c0c0c0-b23a-4753-91c5-508b70f9f49b@group-9BEE98A316D3, cid=10, SUCCESS, logIndex=9, commits[f9c0c0c0-b23a-4753-91c5-508b70f9f49b:c10, 43decd5c-1b5a-43ef-8295-9634006390e4:c8, 7cb5bd27-452a-4b56-9ea4-268b54436f3d:c8]
2019-09-18 18:03:00,322 [grpc-default-executor-2] INFO  client.GrpcClientProtocolClient (GrpcClientProtocolClient.java:onNext(255)) - client-EBA13DAE5039->f9c0c0c0-b23a-4753-91c5-508b70f9f49b: receive RaftClientReply:client-EBA13DAE5039->f9c0c0c0-b23a-4753-91c5-508b70f9f49b@group-9BEE98A316D3, cid=11, SUCCESS, logIndex=10, commits[f9c0c0c0-b23a-4753-91c5-508b70f9f49b:c10, 43decd5c-1b5a-43ef-8295-9634006390e4:c8, 7cb5bd27-452a-4b56-9ea4-268b54436f3d:c8]
2019-09-18 18:03:00,332 | INFO  | DNAudit | user=null | ip=null | op=WRITE_CHUNK {blockData=conID: 1 locID: 102814828092063745 bcsId: 6} | ret=SUCCESS |  
2019-09-18 18:03:00,332 | INFO  | DNAudit | user=null | ip=null | op=WRITE_CHUNK {blockData=conID: 1 locID: 102814828092063745 bcsId: 6} | ret=SUCCESS |  
2019-09-18 18:03:00,332 | INFO  | DNAudit | user=null | ip=null | op=WRITE_CHUNK {blockData=conID: 1 locID: 102814828092063745 bcsId: 6} | ret=SUCCESS |  
2019-09-18 18:03:00,336 | INFO  | DNAudit | user=null | ip=null | op=PUT_BLOCK {blockData=[blockId=conID: 1 locID: 102814828092063745 bcsId: 0,size=4194304]} | ret=SUCCESS |  
2019-09-18 18:03:00,336 | INFO  | DNAudit | user=null | ip=null | op=PUT_BLOCK {blockData=[blockId=conID: 1 locID: 102814828092063745 bcsId: 0,size=3145728]} | ret=SUCCESS |  
2019-09-18 18:03:00,336 | INFO  | DNAudit | user=null | ip=null | op=PUT_BLOCK {blockData=[blockId=conID: 1 locID: 102814828092063745 bcsId: 0,size=3145728]} | ret=SUCCESS |  
2019-09-18 18:03:00,337 [grpc-default-executor-2] INFO  client.GrpcClientProtocolClient (GrpcClientProtocolClient.java:onNext(255)) - client-EBA13DAE5039->f9c0c0c0-b23a-4753-91c5-508b70f9f49b: receive RaftClientReply:client-EBA13DAE5039->f9c0c0c0-b23a-4753-91c5-508b70f9f49b@group-9BEE98A316D3, cid=12, SUCCESS, logIndex=11, commits[f9c0c0c0-b23a-4753-91c5-508b70f9f49b:c13, 43decd5c-1b5a-43ef-8295-9634006390e4:c9, 7cb5bd27-452a-4b56-9ea4-268b54436f3d:c8]
2019-09-18 18:03:00,338 [grpc-default-executor-2] INFO  client.GrpcClientProtocolClient (GrpcClientProtocolClient.java:onNext(255)) - client-EBA13DAE5039->f9c0c0c0-b23a-4753-91c5-508b70f9f49b: receive RaftClientReply:client-EBA13DAE5039->f9c0c0c0-b23a-4753-91c5-508b70f9f49b@group-9BEE98A316D3, cid=13, SUCCESS, logIndex=12, commits[f9c0c0c0-b23a-4753-91c5-508b70f9f49b:c14, 43decd5c-1b5a-43ef-8295-9634006390e4:c10, 7cb5bd27-452a-4b56-9ea4-268b54436f3d:c10]
2019-09-18 18:03:00,352 [grpc-default-executor-2] INFO  client.GrpcClientProtocolClient (GrpcClientProtocolClient.java:onNext(255)) - client-EBA13DAE5039->f9c0c0c0-b23a-4753-91c5-508b70f9f49b: receive RaftClientReply:client-EBA13DAE5039->f9c0c0c0-b23a-4753-91c5-508b70f9f49b@group-9BEE98A316D3, cid=14, SUCCESS, logIndex=0, commits[f9c0c0c0-b23a-4753-91c5-508b70f9f49b:c16, 43decd5c-1b5a-43ef-8295-9634006390e4:c12, 7cb5bd27-452a-4b56-9ea4-268b54436f3d:c12]
2019-09-18 18:03:00,358 | INFO  | DNAudit | user=null | ip=null | op=WRITE_CHUNK {blockData=conID: 1 locID: 102814828092063745 bcsId: 6} | ret=SUCCESS |  
2019-09-18 18:03:00,358 | INFO  | DNAudit | user=null | ip=null | op=WRITE_CHUNK {blockData=conID: 1 locID: 102814828092063745 bcsId: 6} | ret=SUCCESS |  
2019-09-18 18:03:00,363 | INFO  | DNAudit | user=null | ip=null | op=PUT_BLOCK {blockData=[blockId=conID: 1 locID: 102814828092063745 bcsId: 0,size=4194304]} | ret=SUCCESS |  
2019-09-18 18:03:00,363 | INFO  | DNAudit | user=null | ip=null | op=PUT_BLOCK {blockData=[blockId=conID: 1 locID: 102814828092063745 bcsId: 0,size=4194304]} | ret=SUCCESS |  
2019-09-18 18:03:00,522 | INFO  | SCMAudit | user=jenkins1000 | ip=192.168.5.185 | op=SEND_HEARTBEAT {datanodeUUID=43decd5c-1b5a-43ef-8295-9634006390e4, command=[]} | ret=SUCCESS |  
2019-09-18 18:03:00,522 | INFO  | SCMAudit | user=jenkins1000 | ip=192.168.5.185 | op=SEND_HEARTBEAT {datanodeUUID=7cb5bd27-452a-4b56-9ea4-268b54436f3d, command=[]} | ret=SUCCESS |  
2019-09-18 18:03:00,522 | INFO  | SCMAudit | user=jenkins1000 | ip=192.168.5.185 | op=SEND_HEARTBEAT {datanodeUUID=f9c0c0c0-b23a-4753-91c5-508b70f9f49b, command=[]} | ret=SUCCESS |  
2019-09-18 18:03:00,523 | INFO  | DNAudit | user=null | ip=null | op=WRITE_CHUNK {blockData=conID: 2 locID: 102814828092260354 bcsId: 0} | ret=SUCCESS |  
2019-09-18 18:03:00,523 | INFO  | DNAudit | user=null | ip=null | op=WRITE_CHUNK {blockData=conID: 2 locID: 102814828092260354 bcsId: 0} | ret=SUCCESS |  
2019-09-18 18:03:00,524 | INFO  | DNAudit | user=null | ip=null | op=WRITE_CHUNK {blockData=conID: 2 locID: 102814828092260354 bcsId: 0} | ret=SUCCESS |  
2019-09-18 18:03:00,525 | INFO  | DNAudit | user=null | ip=null | op=WRITE_CHUNK {blockData=conID: 2 locID: 102814828092260354 bcsId: 0} | ret=SUCCESS |  
2019-09-18 18:03:00,525 | INFO  | DNAudit | user=null | ip=null | op=WRITE_CHUNK {blockData=conID: 2 locID: 102814828092260354 bcsId: 0} | ret=SUCCESS |  
2019-09-18 18:03:00,526 | INFO  | DNAudit | user=null | ip=null | op=WRITE_CHUNK {blockData=conID: 2 locID: 102814828092260354 bcsId: 0} | ret=SUCCESS |  
2019-09-18 18:03:00,539 | INFO  | DNAudit | user=null | ip=null | op=WRITE_CHUNK {blockData=conID: 2 locID: 102814828092260354 bcsId: 0} | ret=SUCCESS |  
2019-09-18 18:03:00,541 [grpc-default-executor-0] INFO  client.GrpcClientProtocolClient (GrpcClientProtocolClient.java:onNext(255)) - client-EBA13DAE5039->f9c0c0c0-b23a-4753-91c5-508b70f9f49b: receive RaftClientReply:client-EBA13DAE5039->f9c0c0c0-b23a-4753-91c5-508b70f9f49b@group-9BEE98A316D3, cid=15, SUCCESS, logIndex=17, commits[f9c0c0c0-b23a-4753-91c5-508b70f9f49b:c20, 43decd5c-1b5a-43ef-8295-9634006390e4:c16, 7cb5bd27-452a-4b56-9ea4-268b54436f3d:c16]
2019-09-18 18:03:00,552 | INFO  | DNAudit | user=null | ip=null | op=WRITE_CHUNK {blockData=conID: 2 locID: 102814828092260354 bcsId: 0} | ret=SUCCESS |  
2019-09-18 18:03:00,552 | INFO  | DNAudit | user=null | ip=null | op=WRITE_CHUNK {blockData=conID: 2 locID: 102814828092260354 bcsId: 0} | ret=SUCCESS |  
2019-09-18 18:03:00,630 | INFO  | DNAudit | user=null | ip=null | op=PUT_BLOCK {blockData=[blockId=conID: 2 locID: 102814828092260354 bcsId: 0,size=1048576]} | ret=SUCCESS |  
2019-09-18 18:03:00,631 | INFO  | DNAudit | user=null | ip=null | op=WRITE_CHUNK {blockData=conID: 2 locID: 102814828092260354 bcsId: 0} | ret=SUCCESS |  
2019-09-18 18:03:00,633 [grpc-default-executor-2] INFO  client.GrpcClientProtocolClient (GrpcClientProtocolClient.java:onNext(255)) - client-EBA13DAE5039->f9c0c0c0-b23a-4753-91c5-508b70f9f49b: receive RaftClientReply:client-EBA13DAE5039->f9c0c0c0-b23a-4753-91c5-508b70f9f49b@group-9BEE98A316D3, cid=16, SUCCESS, logIndex=18, commits[f9c0c0c0-b23a-4753-91c5-508b70f9f49b:c24, 43decd5c-1b5a-43ef-8295-9634006390e4:c20, 7cb5bd27-452a-4b56-9ea4-268b54436f3d:c20]
2019-09-18 18:03:00,635 [grpc-default-executor-2] INFO  client.GrpcClientProtocolClient (GrpcClientProtocolClient.java:onNext(255)) - client-EBA13DAE5039->f9c0c0c0-b23a-4753-91c5-508b70f9f49b: receive RaftClientReply:client-EBA13DAE5039->f9c0c0c0-b23a-4753-91c5-508b70f9f49b@group-9BEE98A316D3, cid=17, SUCCESS, logIndex=19, commits[f9c0c0c0-b23a-4753-91c5-508b70f9f49b:c24, 43decd5c-1b5a-43ef-8295-9634006390e4:c20, 7cb5bd27-452a-4b56-9ea4-268b54436f3d:c20]
2019-09-18 18:03:00,714 | INFO  | DNAudit | user=null | ip=null | op=PUT_BLOCK {blockData=[blockId=conID: 2 locID: 102814828092260354 bcsId: 0,size=1048576]} | ret=SUCCESS |  
2019-09-18 18:03:00,724 | INFO  | DNAudit | user=null | ip=null | op=WRITE_CHUNK {blockData=conID: 2 locID: 102814828092260354 bcsId: 0} | ret=SUCCESS |  
2019-09-18 18:03:00,763 | INFO  | DNAudit | user=null | ip=null | op=PUT_BLOCK {blockData=[blockId=conID: 2 locID: 102814828092260354 bcsId: 0,size=2097152]} | ret=SUCCESS |  
2019-09-18 18:03:00,763 | INFO  | DNAudit | user=null | ip=null | op=PUT_BLOCK {blockData=[blockId=conID: 2 locID: 102814828092260354 bcsId: 0,size=2097152]} | ret=SUCCESS |  
2019-09-18 18:03:00,763 | INFO  | DNAudit | user=null | ip=null | op=PUT_BLOCK {blockData=[blockId=conID: 2 locID: 102814828092260354 bcsId: 0,size=1048576]} | ret=SUCCESS |  
2019-09-18 18:03:00,764 | INFO  | DNAudit | user=null | ip=null | op=WRITE_CHUNK {blockData=conID: 2 locID: 102814828092260354 bcsId: 0} | ret=SUCCESS |  
2019-09-18 18:03:00,765 | INFO  | DNAudit | user=null | ip=null | op=PUT_BLOCK {blockData=[blockId=conID: 2 locID: 102814828092260354 bcsId: 0,size=2097152]} | ret=SUCCESS |  
2019-09-18 18:03:00,766 [grpc-default-executor-2] INFO  client.GrpcClientProtocolClient (GrpcClientProtocolClient.java:onNext(255)) - client-EBA13DAE5039->f9c0c0c0-b23a-4753-91c5-508b70f9f49b: receive RaftClientReply:client-EBA13DAE5039->f9c0c0c0-b23a-4753-91c5-508b70f9f49b@group-9BEE98A316D3, cid=18, SUCCESS, logIndex=20, commits[f9c0c0c0-b23a-4753-91c5-508b70f9f49b:c24, 43decd5c-1b5a-43ef-8295-9634006390e4:c20, 7cb5bd27-452a-4b56-9ea4-268b54436f3d:c20]
2019-09-18 18:03:00,793 | INFO  | DNAudit | user=null | ip=null | op=WRITE_CHUNK {blockData=conID: 2 locID: 102814828092260354 bcsId: 20} | ret=SUCCESS |  
2019-09-18 18:03:00,810 | INFO  | DNAudit | user=null | ip=null | op=WRITE_CHUNK {blockData=conID: 2 locID: 102814828092260354 bcsId: 20} | ret=SUCCESS |  
2019-09-18 18:03:00,810 | INFO  | DNAudit | user=null | ip=null | op=WRITE_CHUNK {blockData=conID: 2 locID: 102814828092260354 bcsId: 20} | ret=SUCCESS |  
2019-09-18 18:03:00,810 | INFO  | DNAudit | user=null | ip=null | op=WRITE_CHUNK {blockData=conID: 2 locID: 102814828092260354 bcsId: 20} | ret=SUCCESS |  
2019-09-18 18:03:00,813 | INFO  | DNAudit | user=null | ip=null | op=WRITE_CHUNK {blockData=conID: 2 locID: 102814828092260354 bcsId: 20} | ret=SUCCESS |  
2019-09-18 18:03:00,814 | INFO  | DNAudit | user=null | ip=null | op=WRITE_CHUNK {blockData=conID: 2 locID: 102814828092260354 bcsId: 20} | ret=SUCCESS |  
2019-09-18 18:03:00,832 | INFO  | DNAudit | user=null | ip=null | op=WRITE_CHUNK {blockData=conID: 2 locID: 102814828092260354 bcsId: 20} | ret=SUCCESS |  
2019-09-18 18:03:00,835 | INFO  | DNAudit | user=null | ip=null | op=PUT_BLOCK {blockData=[blockId=conID: 2 locID: 102814828092260354 bcsId: 0,size=3145728]} | ret=SUCCESS |  
2019-09-18 18:03:00,835 [grpc-default-executor-2] INFO  client.GrpcClientProtocolClient (GrpcClientProtocolClient.java:onNext(255)) - client-EBA13DAE5039->f9c0c0c0-b23a-4753-91c5-508b70f9f49b: receive RaftClientReply:client-EBA13DAE5039->f9c0c0c0-b23a-4753-91c5-508b70f9f49b@group-9BEE98A316D3, cid=19, SUCCESS, logIndex=25, commits[f9c0c0c0-b23a-4753-91c5-508b70f9f49b:c28, 43decd5c-1b5a-43ef-8295-9634006390e4:c24, 7cb5bd27-452a-4b56-9ea4-268b54436f3d:c24]
2019-09-18 18:03:00,835 | INFO  | DNAudit | user=null | ip=null | op=WRITE_CHUNK {blockData=conID: 2 locID: 102814828092260354 bcsId: 20} | ret=SUCCESS |  
2019-09-18 18:03:00,837 [grpc-default-executor-2] INFO  client.GrpcClientProtocolClient (GrpcClientProtocolClient.java:onNext(255)) - client-EBA13DAE5039->f9c0c0c0-b23a-4753-91c5-508b70f9f49b: receive RaftClientReply:client-EBA13DAE5039->f9c0c0c0-b23a-4753-91c5-508b70f9f49b@group-9BEE98A316D3, cid=20, SUCCESS, logIndex=26, commits[f9c0c0c0-b23a-4753-91c5-508b70f9f49b:c28, 43decd5c-1b5a-43ef-8295-9634006390e4:c24, 7cb5bd27-452a-4b56-9ea4-268b54436f3d:c24]
2019-09-18 18:03:00,838 | INFO  | DNAudit | user=null | ip=null | op=PUT_BLOCK {blockData=[blockId=conID: 2 locID: 102814828092260354 bcsId: 0,size=4194304]} | ret=SUCCESS |  
2019-09-18 18:03:00,838 [grpc-default-executor-2] INFO  client.GrpcClientProtocolClient (GrpcClientProtocolClient.java:onNext(255)) - client-EBA13DAE5039->f9c0c0c0-b23a-4753-91c5-508b70f9f49b: receive RaftClientReply:client-EBA13DAE5039->f9c0c0c0-b23a-4753-91c5-508b70f9f49b@group-9BEE98A316D3, cid=21, SUCCESS, logIndex=27, commits[f9c0c0c0-b23a-4753-91c5-508b70f9f49b:c28, 43decd5c-1b5a-43ef-8295-9634006390e4:c24, 7cb5bd27-452a-4b56-9ea4-268b54436f3d:c24]
2019-09-18 18:03:00,839 [grpc-default-executor-2] INFO  client.GrpcClientProtocolClient (GrpcClientProtocolClient.java:onNext(255)) - client-EBA13DAE5039->f9c0c0c0-b23a-4753-91c5-508b70f9f49b: receive RaftClientReply:client-EBA13DAE5039->f9c0c0c0-b23a-4753-91c5-508b70f9f49b@group-9BEE98A316D3, cid=22, SUCCESS, logIndex=28, commits[f9c0c0c0-b23a-4753-91c5-508b70f9f49b:c28, 43decd5c-1b5a-43ef-8295-9634006390e4:c24, 7cb5bd27-452a-4b56-9ea4-268b54436f3d:c24]
2019-09-18 18:03:00,844 | INFO  | DNAudit | user=null | ip=null | op=WRITE_CHUNK {blockData=conID: 2 locID: 102814828092260354 bcsId: 20} | ret=SUCCESS |  
2019-09-18 18:03:00,847 | INFO  | DNAudit | user=null | ip=null | op=PUT_BLOCK {blockData=[blockId=conID: 2 locID: 102814828092260354 bcsId: 0,size=3145728]} | ret=SUCCESS |  
2019-09-18 18:03:00,848 | INFO  | DNAudit | user=null | ip=null | op=WRITE_CHUNK {blockData=conID: 2 locID: 102814828092260354 bcsId: 20} | ret=SUCCESS |  
2019-09-18 18:03:00,849 | INFO  | DNAudit | user=null | ip=null | op=WRITE_CHUNK {blockData=conID: 2 locID: 102814828092260354 bcsId: 20} | ret=SUCCESS |  
2019-09-18 18:03:00,851 | INFO  | DNAudit | user=null | ip=null | op=PUT_BLOCK {blockData=[blockId=conID: 2 locID: 102814828092260354 bcsId: 0,size=3145728]} | ret=SUCCESS |  
2019-09-18 18:03:00,853 | INFO  | DNAudit | user=null | ip=null | op=PUT_BLOCK {blockData=[blockId=conID: 2 locID: 102814828092260354 bcsId: 0,size=4194304]} | ret=SUCCESS |  
2019-09-18 18:03:00,853 | INFO  | DNAudit | user=null | ip=null | op=WRITE_CHUNK {blockData=conID: 2 locID: 102814828092260354 bcsId: 20} | ret=SUCCESS |  
2019-09-18 18:03:00,858 [grpc-default-executor-2] INFO  client.GrpcClientProtocolClient (GrpcClientProtocolClient.java:onNext(255)) - client-EBA13DAE5039->f9c0c0c0-b23a-4753-91c5-508b70f9f49b: receive RaftClientReply:client-EBA13DAE5039->f9c0c0c0-b23a-4753-91c5-508b70f9f49b@group-9BEE98A316D3, cid=23, SUCCESS, logIndex=0, commits[f9c0c0c0-b23a-4753-91c5-508b70f9f49b:c32, 43decd5c-1b5a-43ef-8295-9634006390e4:c26, 7cb5bd27-452a-4b56-9ea4-268b54436f3d:c28]
2019-09-18 18:03:00,859 | INFO  | DNAudit | user=null | ip=null | op=PUT_BLOCK {blockData=[blockId=conID: 2 locID: 102814828092260354 bcsId: 0,size=4194304]} | ret=SUCCESS |  
2019-09-18 18:03:00,862 [grpc-default-executor-2] INFO  client.GrpcClientProtocolClient (GrpcClientProtocolClient.java:onNext(255)) - client-EBA13DAE5039->f9c0c0c0-b23a-4753-91c5-508b70f9f49b: receive RaftClientReply:client-EBA13DAE5039->f9c0c0c0-b23a-4753-91c5-508b70f9f49b@group-9BEE98A316D3, cid=24, SUCCESS, logIndex=0, commits[f9c0c0c0-b23a-4753-91c5-508b70f9f49b:c32, 43decd5c-1b5a-43ef-8295-9634006390e4:c28, 7cb5bd27-452a-4b56-9ea4-268b54436f3d:c28]
2019-09-18 18:03:01,077 | INFO  | SCMAudit | user=jenkins1000 | ip=192.168.5.185 | op=SEND_HEARTBEAT {datanodeUUID=43decd5c-1b5a-43ef-8295-9634006390e4, command=[]} | ret=SUCCESS |  
2019-09-18 18:03:01,077 | INFO  | SCMAudit | user=jenkins1000 | ip=192.168.5.185 | op=SEND_HEARTBEAT {datanodeUUID=7cb5bd27-452a-4b56-9ea4-268b54436f3d, command=[]} | ret=SUCCESS |  
2019-09-18 18:03:01,077 | INFO  | SCMAudit | user=jenkins1000 | ip=192.168.5.185 | op=SEND_HEARTBEAT {datanodeUUID=f9c0c0c0-b23a-4753-91c5-508b70f9f49b, command=[]} | ret=SUCCESS |  
2019-09-18 18:03:01,079 | INFO  | DNAudit | user=null | ip=null | op=WRITE_CHUNK {blockData=conID: 3 locID: 102814828092325891 bcsId: 0} | ret=SUCCESS |  
2019-09-18 18:03:01,080 | INFO  | DNAudit | user=null | ip=null | op=WRITE_CHUNK {blockData=conID: 3 locID: 102814828092325891 bcsId: 0} | ret=SUCCESS |  
2019-09-18 18:03:01,080 | INFO  | DNAudit | user=null | ip=null | op=WRITE_CHUNK {blockData=conID: 3 locID: 102814828092325891 bcsId: 0} | ret=SUCCESS |  
2019-09-18 18:03:01,080 | INFO  | DNAudit | user=null | ip=null | op=WRITE_CHUNK {blockData=conID: 3 locID: 102814828092325891 bcsId: 0} | ret=SUCCESS |  
2019-09-18 18:03:01,081 | INFO  | DNAudit | user=null | ip=null | op=WRITE_CHUNK {blockData=conID: 3 locID: 102814828092325891 bcsId: 0} | ret=SUCCESS |  
2019-09-18 18:03:01,081 | INFO  | DNAudit | user=null | ip=null | op=WRITE_CHUNK {blockData=conID: 3 locID: 102814828092325891 bcsId: 0} | ret=SUCCESS |  
2019-09-18 18:03:01,099 | INFO  | DNAudit | user=null | ip=null | op=WRITE_CHUNK {blockData=conID: 3 locID: 102814828092325891 bcsId: 0} | ret=SUCCESS |  
2019-09-18 18:03:01,101 [grpc-default-executor-2] INFO  client.GrpcClientProtocolClient (GrpcClientProtocolClient.java:onNext(255)) - client-EBA13DAE5039->f9c0c0c0-b23a-4753-91c5-508b70f9f49b: receive RaftClientReply:client-EBA13DAE5039->f9c0c0c0-b23a-4753-91c5-508b70f9f49b@group-9BEE98A316D3, cid=25, SUCCESS, logIndex=33, commits[f9c0c0c0-b23a-4753-91c5-508b70f9f49b:c36, 43decd5c-1b5a-43ef-8295-9634006390e4:c32, 7cb5bd27-452a-4b56-9ea4-268b54436f3d:c32]
2019-09-18 18:03:01,111 | INFO  | DNAudit | user=null | ip=null | op=WRITE_CHUNK {blockData=conID: 3 locID: 102814828092325891 bcsId: 0} | ret=SUCCESS |  
2019-09-18 18:03:01,111 | INFO  | DNAudit | user=null | ip=null | op=WRITE_CHUNK {blockData=conID: 3 locID: 102814828092325891 bcsId: 0} | ret=SUCCESS |  
2019-09-18 18:03:01,177 | INFO  | DNAudit | user=null | ip=null | op=PUT_BLOCK {blockData=[blockId=conID: 3 locID: 102814828092325891 bcsId: 0,size=1048576]} | ret=SUCCESS |  
2019-09-18 18:03:01,178 | INFO  | DNAudit | user=null | ip=null | op=WRITE_CHUNK {blockData=conID: 3 locID: 102814828092325891 bcsId: 0} | ret=SUCCESS |  
2019-09-18 18:03:01,181 [grpc-default-executor-2] INFO  client.GrpcClientProtocolClient (GrpcClientProtocolClient.java:onNext(255)) - client-EBA13DAE5039->f9c0c0c0-b23a-4753-91c5-508b70f9f49b: receive RaftClientReply:client-EBA13DAE5039->f9c0c0c0-b23a-4753-91c5-508b70f9f49b@group-9BEE98A316D3, cid=26, SUCCESS, logIndex=34, commits[f9c0c0c0-b23a-4753-91c5-508b70f9f49b:c38, 43decd5c-1b5a-43ef-8295-9634006390e4:c36, 7cb5bd27-452a-4b56-9ea4-268b54436f3d:c36]
2019-09-18 18:03:01,182 [grpc-default-executor-2] INFO  client.GrpcClientProtocolClient (GrpcClientProtocolClient.java:onNext(255)) - client-EBA13DAE5039->f9c0c0c0-b23a-4753-91c5-508b70f9f49b: receive RaftClientReply:client-EBA13DAE5039->f9c0c0c0-b23a-4753-91c5-508b70f9f49b@group-9BEE98A316D3, cid=27, SUCCESS, logIndex=35, commits[f9c0c0c0-b23a-4753-91c5-508b70f9f49b:c38, 43decd5c-1b5a-43ef-8295-9634006390e4:c36, 7cb5bd27-452a-4b56-9ea4-268b54436f3d:c36]
 0.00% |█                                                                                                    |  0/1 Time: 0:00:072019-09-18 18:03:01,258 | INFO  | DNAudit | user=null | ip=null | op=PUT_BLOCK {blockData=[blockId=conID: 3 locID: 102814828092325891 bcsId: 0,size=1048576]} | ret=SUCCESS |  
2019-09-18 18:03:01,258 | INFO  | DNAudit | user=null | ip=null | op=WRITE_CHUNK {blockData=conID: 3 locID: 102814828092325891 bcsId: 0} | ret=SUCCESS |  
2019-09-18 18:03:01,300 | INFO  | DNAudit | user=null | ip=null | op=PUT_BLOCK {blockData=[blockId=conID: 3 locID: 102814828092325891 bcsId: 0,size=1048576]} | ret=SUCCESS |  
2019-09-18 18:03:01,300 | INFO  | DNAudit | user=null | ip=null | op=PUT_BLOCK {blockData=[blockId=conID: 3 locID: 102814828092325891 bcsId: 0,size=2097152]} | ret=SUCCESS |  
2019-09-18 18:03:01,300 | INFO  | DNAudit | user=null | ip=null | op=PUT_BLOCK {blockData=[blockId=conID: 3 locID: 102814828092325891 bcsId: 0,size=2097152]} | ret=SUCCESS |  
2019-09-18 18:03:01,301 | INFO  | DNAudit | user=null | ip=null | op=WRITE_CHUNK {blockData=conID: 3 locID: 102814828092325891 bcsId: 0} | ret=SUCCESS |  
2019-09-18 18:03:01,301 | INFO  | DNAudit | user=null | ip=null | op=PUT_BLOCK {blockData=[blockId=conID: 3 locID: 102814828092325891 bcsId: 0,size=2097152]} | ret=SUCCESS |  
2019-09-18 18:03:01,303 [grpc-default-executor-2] INFO  client.GrpcClientProtocolClient (GrpcClientProtocolClient.java:onNext(255)) - client-EBA13DAE5039->f9c0c0c0-b23a-4753-91c5-508b70f9f49b: receive RaftClientReply:client-EBA13DAE5039->f9c0c0c0-b23a-4753-91c5-508b70f9f49b@group-9BEE98A316D3, cid=28, SUCCESS, logIndex=36, commits[f9c0c0c0-b23a-4753-91c5-508b70f9f49b:c38, 43decd5c-1b5a-43ef-8295-9634006390e4:c36, 7cb5bd27-452a-4b56-9ea4-268b54436f3d:c36]
2019-09-18 18:03:01,335 | INFO  | DNAudit | user=null | ip=null | op=WRITE_CHUNK {blockData=conID: 3 locID: 102814828092325891 bcsId: 36} | ret=SUCCESS |  
2019-09-18 18:03:01,342 | INFO  | DNAudit | user=null | ip=null | op=WRITE_CHUNK {blockData=conID: 3 locID: 102814828092325891 bcsId: 36} | ret=SUCCESS |  
2019-09-18 18:03:01,344 | INFO  | DNAudit | user=null | ip=null | op=WRITE_CHUNK {blockData=conID: 3 locID: 102814828092325891 bcsId: 36} | ret=SUCCESS |  
2019-09-18 18:03:01,345 | INFO  | DNAudit | user=null | ip=null | op=WRITE_CHUNK {blockData=conID: 3 locID: 102814828092325891 bcsId: 36} | ret=SUCCESS |  
2019-09-18 18:03:01,351 | INFO  | DNAudit | user=null | ip=null | op=WRITE_CHUNK {blockData=conID: 3 locID: 102814828092325891 bcsId: 36} | ret=SUCCESS |  
2019-09-18 18:03:01,352 | INFO  | DNAudit | user=null | ip=null | op=PUT_BLOCK {blockData=[blockId=conID: 3 locID: 102814828092325891 bcsId: 0,size=3145728]} | ret=SUCCESS |  
2019-09-18 18:03:01,353 [grpc-default-executor-1] INFO  client.GrpcClientProtocolClient (GrpcClientProtocolClient.java:onNext(255)) - client-EBA13DAE5039->f9c0c0c0-b23a-4753-91c5-508b70f9f49b: receive RaftClientReply:client-EBA13DAE5039->f9c0c0c0-b23a-4753-91c5-508b70f9f49b@group-9BEE98A316D3, cid=29, SUCCESS, logIndex=39, commits[f9c0c0c0-b23a-4753-91c5-508b70f9f49b:c40, 43decd5c-1b5a-43ef-8295-9634006390e4:c38, 7cb5bd27-452a-4b56-9ea4-268b54436f3d:c38]
2019-09-18 18:03:01,355 [grpc-default-executor-2] INFO  client.GrpcClientProtocolClient (GrpcClientProtocolClient.java:onNext(255)) - client-EBA13DAE5039->f9c0c0c0-b23a-4753-91c5-508b70f9f49b: receive RaftClientReply:client-EBA13DAE5039->f9c0c0c0-b23a-4753-91c5-508b70f9f49b@group-9BEE98A316D3, cid=30, SUCCESS, logIndex=40, commits[f9c0c0c0-b23a-4753-91c5-508b70f9f49b:c40, 43decd5c-1b5a-43ef-8295-9634006390e4:c38, 7cb5bd27-452a-4b56-9ea4-268b54436f3d:c38]
2019-09-18 18:03:01,355 | INFO  | DNAudit | user=null | ip=null | op=WRITE_CHUNK {blockData=conID: 3 locID: 102814828092325891 bcsId: 36} | ret=SUCCESS |  
2019-09-18 18:03:01,355 | INFO  | DNAudit | user=null | ip=null | op=WRITE_CHUNK {blockData=conID: 3 locID: 102814828092325891 bcsId: 36} | ret=SUCCESS |  
2019-09-18 18:03:01,363 | INFO  | DNAudit | user=null | ip=null | op=WRITE_CHUNK {blockData=conID: 3 locID: 102814828092325891 bcsId: 36} | ret=SUCCESS |  
2019-09-18 18:03:01,364 | INFO  | DNAudit | user=null | ip=null | op=WRITE_CHUNK {blockData=conID: 3 locID: 102814828092325891 bcsId: 36} | ret=SUCCESS |  
2019-09-18 18:03:01,364 | INFO  | DNAudit | user=null | ip=null | op=PUT_BLOCK {blockData=[blockId=conID: 3 locID: 102814828092325891 bcsId: 0,size=3145728]} | ret=SUCCESS |  
2019-09-18 18:03:01,365 | INFO  | DNAudit | user=null | ip=null | op=WRITE_CHUNK {blockData=conID: 3 locID: 102814828092325891 bcsId: 36} | ret=SUCCESS |  
2019-09-18 18:03:01,365 | INFO  | DNAudit | user=null | ip=null | op=PUT_BLOCK {blockData=[blockId=conID: 3 locID: 102814828092325891 bcsId: 0,size=3145728]} | ret=SUCCESS |  
2019-09-18 18:03:01,366 | INFO  | DNAudit | user=null | ip=null | op=PUT_BLOCK {blockData=[blockId=conID: 3 locID: 102814828092325891 bcsId: 0,size=4194304]} | ret=SUCCESS |  
2019-09-18 18:03:01,366 [grpc-default-executor-2] INFO  client.GrpcClientProtocolClient (GrpcClientProtocolClient.java:onNext(255)) - client-EBA13DAE5039->f9c0c0c0-b23a-4753-91c5-508b70f9f49b: receive RaftClientReply:client-EBA13DAE5039->f9c0c0c0-b23a-4753-91c5-508b70f9f49b@group-9BEE98A316D3, cid=31, SUCCESS, logIndex=41, commits[f9c0c0c0-b23a-4753-91c5-508b70f9f49b:c42, 43decd5c-1b5a-43ef-8295-9634006390e4:c39, 7cb5bd27-452a-4b56-9ea4-268b54436f3d:c38]
2019-09-18 18:03:01,367 [grpc-default-executor-2] INFO  client.GrpcClientProtocolClient (GrpcClientProtocolClient.java:onNext(255)) - client-EBA13DAE5039->f9c0c0c0-b23a-4753-91c5-508b70f9f49b: receive RaftClientReply:client-EBA13DAE5039->f9c0c0c0-b23a-4753-91c5-508b70f9f49b@group-9BEE98A316D3, cid=32, SUCCESS, logIndex=42, commits[f9c0c0c0-b23a-4753-91c5-508b70f9f49b:c44, 43decd5c-1b5a-43ef-8295-9634006390e4:c40, 7cb5bd27-452a-4b56-9ea4-268b54436f3d:c40]
2019-09-18 18:03:01,374 | INFO  | DNAudit | user=null | ip=null | op=WRITE_CHUNK {blockData=conID: 3 locID: 102814828092325891 bcsId: 36} | ret=SUCCESS |  
2019-09-18 18:03:01,375 | INFO  | DNAudit | user=null | ip=null | op=WRITE_CHUNK {blockData=conID: 3 locID: 102814828092325891 bcsId: 36} | ret=SUCCESS |  
2019-09-18 18:03:01,375 | INFO  | DNAudit | user=null | ip=null | op=PUT_BLOCK {blockData=[blockId=conID: 3 locID: 102814828092325891 bcsId: 0,size=4194304]} | ret=SUCCESS |  
2019-09-18 18:03:01,376 | INFO  | DNAudit | user=null | ip=null | op=PUT_BLOCK {blockData=[blockId=conID: 3 locID: 102814828092325891 bcsId: 0,size=4194304]} | ret=SUCCESS |  
2019-09-18 18:03:01,377 [grpc-default-executor-2] INFO  client.GrpcClientProtocolClient (GrpcClientProtocolClient.java:onNext(255)) - client-EBA13DAE5039->f9c0c0c0-b23a-4753-91c5-508b70f9f49b: receive RaftClientReply:client-EBA13DAE5039->f9c0c0c0-b23a-4753-91c5-508b70f9f49b@group-9BEE98A316D3, cid=33, SUCCESS, logIndex=0, commits[f9c0c0c0-b23a-4753-91c5-508b70f9f49b:c46, 43decd5c-1b5a-43ef-8295-9634006390e4:c42, 7cb5bd27-452a-4b56-9ea4-268b54436f3d:c42]
2019-09-18 18:03:01,389 | INFO  | DNAudit | user=null | ip=null | op=WRITE_CHUNK {blockData=conID: 1 locID: 102814828092456964 bcsId: 0} | ret=SUCCESS |  
2019-09-18 18:03:01,395 | INFO  | DNAudit | user=null | ip=null | op=WRITE_CHUNK {blockData=conID: 1 locID: 102814828092456964 bcsId: 0} | ret=SUCCESS |  
2019-09-18 18:03:01,396 | INFO  | DNAudit | user=null | ip=null | op=WRITE_CHUNK {blockData=conID: 1 locID: 102814828092456964 bcsId: 0} | ret=SUCCESS |  
2019-09-18 18:03:01,397 | INFO  | DNAudit | user=null | ip=null | op=WRITE_CHUNK {blockData=conID: 1 locID: 102814828092456964 bcsId: 0} | ret=SUCCESS |  
2019-09-18 18:03:01,405 | INFO  | DNAudit | user=null | ip=null | op=WRITE_CHUNK {blockData=conID: 1 locID: 102814828092456964 bcsId: 0} | ret=SUCCESS |  
2019-09-18 18:03:01,406 | INFO  | DNAudit | user=null | ip=null | op=PUT_BLOCK {blockData=[blockId=conID: 1 locID: 102814828092456964 bcsId: 0,size=1048576]} | ret=SUCCESS |  
2019-09-18 18:03:01,406 [grpc-default-executor-2] INFO  client.GrpcClientProtocolClient (GrpcClientProtocolClient.java:onNext(255)) - client-EBA13DAE5039->f9c0c0c0-b23a-4753-91c5-508b70f9f49b: receive RaftClientReply:client-EBA13DAE5039->f9c0c0c0-b23a-4753-91c5-508b70f9f49b@group-9BEE98A316D3, cid=34, SUCCESS, logIndex=47, commits[f9c0c0c0-b23a-4753-91c5-508b70f9f49b:c48, 43decd5c-1b5a-43ef-8295-9634006390e4:c46, 7cb5bd27-452a-4b56-9ea4-268b54436f3d:c46]
2019-09-18 18:03:01,406 | INFO  | DNAudit | user=null | ip=null | op=WRITE_CHUNK {blockData=conID: 1 locID: 102814828092456964 bcsId: 0} | ret=SUCCESS |  
2019-09-18 18:03:01,407 [grpc-default-executor-2] INFO  client.GrpcClientProtocolClient (GrpcClientProtocolClient.java:onNext(255)) - client-EBA13DAE5039->f9c0c0c0-b23a-4753-91c5-508b70f9f49b: receive RaftClientReply:client-EBA13DAE5039->f9c0c0c0-b23a-4753-91c5-508b70f9f49b@group-9BEE98A316D3, cid=35, SUCCESS, logIndex=48, commits[f9c0c0c0-b23a-4753-91c5-508b70f9f49b:c48, 43decd5c-1b5a-43ef-8295-9634006390e4:c46, 7cb5bd27-452a-4b56-9ea4-268b54436f3d:c46]
2019-09-18 18:03:01,407 | INFO  | DNAudit | user=null | ip=null | op=WRITE_CHUNK {blockData=conID: 1 locID: 102814828092456964 bcsId: 0} | ret=SUCCESS |  
2019-09-18 18:03:01,415 | INFO  | DNAudit | user=null | ip=null | op=WRITE_CHUNK {blockData=conID: 1 locID: 102814828092456964 bcsId: 0} | ret=SUCCESS |  
2019-09-18 18:03:01,415 | INFO  | DNAudit | user=null | ip=null | op=WRITE_CHUNK {blockData=conID: 1 locID: 102814828092456964 bcsId: 0} | ret=SUCCESS |  
2019-09-18 18:03:01,416 | INFO  | DNAudit | user=null | ip=null | op=WRITE_CHUNK {blockData=conID: 1 locID: 102814828092456964 bcsId: 0} | ret=SUCCESS |  
2019-09-18 18:03:01,416 | INFO  | DNAudit | user=null | ip=null | op=PUT_BLOCK {blockData=[blockId=conID: 1 locID: 102814828092456964 bcsId: 0,size=1048576]} | ret=SUCCESS |  
2019-09-18 18:03:01,416 | INFO  | DNAudit | user=null | ip=null | op=PUT_BLOCK {blockData=[blockId=conID: 1 locID: 102814828092456964 bcsId: 0,size=1048576]} | ret=SUCCESS |  
2019-09-18 18:03:01,417 | INFO  | DNAudit | user=null | ip=null | op=PUT_BLOCK {blockData=[blockId=conID: 1 locID: 102814828092456964 bcsId: 0,size=2097152]} | ret=SUCCESS |  
2019-09-18 18:03:01,417 [grpc-default-executor-0] INFO  client.GrpcClientProtocolClient (GrpcClientProtocolClient.java:onNext(255)) - client-EBA13DAE5039->f9c0c0c0-b23a-4753-91c5-508b70f9f49b: receive RaftClientReply:client-EBA13DAE5039->f9c0c0c0-b23a-4753-91c5-508b70f9f49b@group-9BEE98A316D3, cid=36, SUCCESS, logIndex=49, commits[f9c0c0c0-b23a-4753-91c5-508b70f9f49b:c51, 43decd5c-1b5a-43ef-8295-9634006390e4:c48, 7cb5bd27-452a-4b56-9ea4-268b54436f3d:c46]
2019-09-18 18:03:01,418 [grpc-default-executor-0] INFO  client.GrpcClientProtocolClient (GrpcClientProtocolClient.java:onNext(255)) - client-EBA13DAE5039->f9c0c0c0-b23a-4753-91c5-508b70f9f49b: receive RaftClientReply:client-EBA13DAE5039->f9c0c0c0-b23a-4753-91c5-508b70f9f49b@group-9BEE98A316D3, cid=37, SUCCESS, logIndex=50, commits[f9c0c0c0-b23a-4753-91c5-508b70f9f49b:c52, 43decd5c-1b5a-43ef-8295-9634006390e4:c48, 7cb5bd27-452a-4b56-9ea4-268b54436f3d:c48]
2019-09-18 18:03:01,426 | INFO  | DNAudit | user=null | ip=null | op=WRITE_CHUNK {blockData=conID: 1 locID: 102814828092456964 bcsId: 0} | ret=SUCCESS |  
2019-09-18 18:03:01,426 | INFO  | DNAudit | user=null | ip=null | op=WRITE_CHUNK {blockData=conID: 1 locID: 102814828092456964 bcsId: 0} | ret=SUCCESS |  
2019-09-18 18:03:01,428 | INFO  | DNAudit | user=null | ip=null | op=PUT_BLOCK {blockData=[blockId=conID: 1 locID: 102814828092456964 bcsId: 0,size=2097152]} | ret=SUCCESS |  
2019-09-18 18:03:01,428 | INFO  | DNAudit | user=null | ip=null | op=PUT_BLOCK {blockData=[blockId=conID: 1 locID: 102814828092456964 bcsId: 0,size=2097152]} | ret=SUCCESS |  
2019-09-18 18:03:01,432 | INFO  | DNAudit | user=null | ip=null | op=WRITE_CHUNK {blockData=conID: 1 locID: 102814828092456964 bcsId: 50} | ret=SUCCESS |  
2019-09-18 18:03:01,436 | INFO  | DNAudit | user=null | ip=null | op=WRITE_CHUNK {blockData=conID: 1 locID: 102814828092456964 bcsId: 50} | ret=SUCCESS |  
2019-09-18 18:03:01,437 | INFO  | DNAudit | user=null | ip=null | op=WRITE_CHUNK {blockData=conID: 1 locID: 102814828092456964 bcsId: 50} | ret=SUCCESS |  
2019-09-18 18:03:01,448 | INFO  | DNAudit | user=null | ip=null | op=WRITE_CHUNK {blockData=conID: 1 locID: 102814828092456964 bcsId: 50} | ret=SUCCESS |  
2019-09-18 18:03:01,449 | INFO  | DNAudit | user=null | ip=null | op=PUT_BLOCK {blockData=[blockId=conID: 1 locID: 102814828092456964 bcsId: 0,size=3145728]} | ret=SUCCESS |  
2019-09-18 18:03:01,449 [grpc-default-executor-3] INFO  client.GrpcClientProtocolClient (GrpcClientProtocolClient.java:onNext(255)) - client-EBA13DAE5039->f9c0c0c0-b23a-4753-91c5-508b70f9f49b: receive RaftClientReply:client-EBA13DAE5039->f9c0c0c0-b23a-4753-91c5-508b70f9f49b@group-9BEE98A316D3, cid=38, SUCCESS, logIndex=55, commits[f9c0c0c0-b23a-4753-91c5-508b70f9f49b:c56, 43decd5c-1b5a-43ef-8295-9634006390e4:c54, 7cb5bd27-452a-4b56-9ea4-268b54436f3d:c54]
2019-09-18 18:03:01,450 [grpc-default-executor-3] INFO  client.GrpcClientProtocolClient (GrpcClientProtocolClient.java:onNext(255)) - client-EBA13DAE5039->f9c0c0c0-b23a-4753-91c5-508b70f9f49b: receive RaftClientReply:client-EBA13DAE5039->f9c0c0c0-b23a-4753-91c5-508b70f9f49b@group-9BEE98A316D3, cid=39, SUCCESS, logIndex=56, commits[f9c0c0c0-b23a-4753-91c5-508b70f9f49b:c56, 43decd5c-1b5a-43ef-8295-9634006390e4:c54, 7cb5bd27-452a-4b56-9ea4-268b54436f3d:c54]
2019-09-18 18:03:01,462 | INFO  | DNAudit | user=null | ip=null | op=WRITE_CHUNK {blockData=conID: 1 locID: 102814828092456964 bcsId: 56} | ret=SUCCESS |  
2019-09-18 18:03:01,463 | INFO  | DNAudit | user=null | ip=null | op=WRITE_CHUNK {blockData=conID: 1 locID: 102814828092456964 bcsId: 50} | ret=SUCCESS |  
2019-09-18 18:03:01,463 | INFO  | DNAudit | user=null | ip=null | op=WRITE_CHUNK {blockData=conID: 1 locID: 102814828092456964 bcsId: 50} | ret=SUCCESS |  
2019-09-18 18:03:01,464 | INFO  | DNAudit | user=null | ip=null | op=PUT_BLOCK {blockData=[blockId=conID: 1 locID: 102814828092456964 bcsId: 0,size=3145728]} | ret=SUCCESS |  
2019-09-18 18:03:01,465 | INFO  | DNAudit | user=null | ip=null | op=PUT_BLOCK {blockData=[blockId=conID: 1 locID: 102814828092456964 bcsId: 0,size=3145728]} | ret=SUCCESS |  
2019-09-18 18:03:01,466 | INFO  | DNAudit | user=null | ip=null | op=WRITE_CHUNK {blockData=conID: 1 locID: 102814828092456964 bcsId: 56} | ret=SUCCESS |  
2019-09-18 18:03:01,468 | INFO  | DNAudit | user=null | ip=null | op=WRITE_CHUNK {blockData=conID: 1 locID: 102814828092456964 bcsId: 56} | ret=SUCCESS |  
2019-09-18 18:03:01,493 | INFO  | DNAudit | user=null | ip=null | op=WRITE_CHUNK {blockData=conID: 1 locID: 102814828092456964 bcsId: 56} | ret=SUCCESS |  
2019-09-18 18:03:01,494 | INFO  | DNAudit | user=null | ip=null | op=PUT_BLOCK {blockData=[blockId=conID: 1 locID: 102814828092456964 bcsId: 0,size=4194304]} | ret=SUCCESS |  
2019-09-18 18:03:01,495 [grpc-default-executor-1] INFO  client.GrpcClientProtocolClient (GrpcClientProtocolClient.java:onNext(255)) - client-EBA13DAE5039->f9c0c0c0-b23a-4753-91c5-508b70f9f49b: receive RaftClientReply:client-EBA13DAE5039->f9c0c0c0-b23a-4753-91c5-508b70f9f49b@group-9BEE98A316D3, cid=40, SUCCESS, logIndex=59, commits[f9c0c0c0-b23a-4753-91c5-508b70f9f49b:c60, 43decd5c-1b5a-43ef-8295-9634006390e4:c56, 7cb5bd27-452a-4b56-9ea4-268b54436f3d:c56]
2019-09-18 18:03:01,495 [grpc-default-executor-1] INFO  client.GrpcClientProtocolClient (GrpcClientProtocolClient.java:onNext(255)) - client-EBA13DAE5039->f9c0c0c0-b23a-4753-91c5-508b70f9f49b: receive RaftClientReply:client-EBA13DAE5039->f9c0c0c0-b23a-4753-91c5-508b70f9f49b@group-9BEE98A316D3, cid=41, SUCCESS, logIndex=60, commits[f9c0c0c0-b23a-4753-91c5-508b70f9f49b:c60, 43decd5c-1b5a-43ef-8295-9634006390e4:c56, 7cb5bd27-452a-4b56-9ea4-268b54436f3d:c56]
2019-09-18 18:03:01,505 | INFO  | DNAudit | user=null | ip=null | op=WRITE_CHUNK {blockData=conID: 1 locID: 102814828092456964 bcsId: 56} | ret=SUCCESS |  
2019-09-18 18:03:01,505 | INFO  | DNAudit | user=null | ip=null | op=WRITE_CHUNK {blockData=conID: 1 locID: 102814828092456964 bcsId: 56} | ret=SUCCESS |  
2019-09-18 18:03:01,506 | INFO  | DNAudit | user=null | ip=null | op=PUT_BLOCK {blockData=[blockId=conID: 1 locID: 102814828092456964 bcsId: 0,size=4194304]} | ret=SUCCESS |  
2019-09-18 18:03:01,506 | INFO  | DNAudit | user=null | ip=null | op=PUT_BLOCK {blockData=[blockId=conID: 1 locID: 102814828092456964 bcsId: 0,size=4194304]} | ret=SUCCESS |  
2019-09-18 18:03:01,507 [grpc-default-executor-0] INFO  client.GrpcClientProtocolClient (GrpcClientProtocolClient.java:onNext(255)) - client-EBA13DAE5039->f9c0c0c0-b23a-4753-91c5-508b70f9f49b: receive RaftClientReply:client-EBA13DAE5039->f9c0c0c0-b23a-4753-91c5-508b70f9f49b@group-9BEE98A316D3, cid=42, SUCCESS, logIndex=0, commits[f9c0c0c0-b23a-4753-91c5-508b70f9f49b:c60, 43decd5c-1b5a-43ef-8295-9634006390e4:c60, 7cb5bd27-452a-4b56-9ea4-268b54436f3d:c60]
2019-09-18 18:03:01,521 | INFO  | DNAudit | user=null | ip=null | op=WRITE_CHUNK {blockData=conID: 2 locID: 102814828092456965 bcsId: 0} | ret=SUCCESS |  
2019-09-18 18:03:01,528 | INFO  | DNAudit | user=null | ip=null | op=WRITE_CHUNK {blockData=conID: 2 locID: 102814828092456965 bcsId: 0} | ret=SUCCESS |  
2019-09-18 18:03:01,530 | INFO  | DNAudit | user=null | ip=null | op=WRITE_CHUNK {blockData=conID: 2 locID: 102814828092456965 bcsId: 0} | ret=SUCCESS |  
2019-09-18 18:03:01,531 | INFO  | DNAudit | user=null | ip=null | op=WRITE_CHUNK {blockData=conID: 2 locID: 102814828092456965 bcsId: 0} | ret=SUCCESS |  
2019-09-18 18:03:01,537 | INFO  | DNAudit | user=null | ip=null | op=WRITE_CHUNK {blockData=conID: 2 locID: 102814828092456965 bcsId: 0} | ret=SUCCESS |  
2019-09-18 18:03:01,539 | INFO  | DNAudit | user=null | ip=null | op=PUT_BLOCK {blockData=[blockId=conID: 2 locID: 102814828092456965 bcsId: 0,size=1048576]} | ret=SUCCESS |  
2019-09-18 18:03:01,539 [grpc-default-executor-2] INFO  client.GrpcClientProtocolClient (GrpcClientProtocolClient.java:onNext(255)) - client-EBA13DAE5039->f9c0c0c0-b23a-4753-91c5-508b70f9f49b: receive RaftClientReply:client-EBA13DAE5039->f9c0c0c0-b23a-4753-91c5-508b70f9f49b@group-9BEE98A316D3, cid=43, SUCCESS, logIndex=63, commits[f9c0c0c0-b23a-4753-91c5-508b70f9f49b:c64, 43decd5c-1b5a-43ef-8295-9634006390e4:c62, 7cb5bd27-452a-4b56-9ea4-268b54436f3d:c62]
2019-09-18 18:03:01,540 | INFO  | DNAudit | user=null | ip=null | op=WRITE_CHUNK {blockData=conID: 2 locID: 102814828092456965 bcsId: 0} | ret=SUCCESS |  
2019-09-18 18:03:01,540 | INFO  | DNAudit | user=null | ip=null | op=WRITE_CHUNK {blockData=conID: 2 locID: 102814828092456965 bcsId: 0} | ret=SUCCESS |  
2019-09-18 18:03:01,541 [grpc-default-executor-2] INFO  client.GrpcClientProtocolClient (GrpcClientProtocolClient.java:onNext(255)) - client-EBA13DAE5039->f9c0c0c0-b23a-4753-91c5-508b70f9f49b: receive RaftClientReply:client-EBA13DAE5039->f9c0c0c0-b23a-4753-91c5-508b70f9f49b@group-9BEE98A316D3, cid=44, SUCCESS, logIndex=64, commits[f9c0c0c0-b23a-4753-91c5-508b70f9f49b:c64, 43decd5c-1b5a-43ef-8295-9634006390e4:c62, 7cb5bd27-452a-4b56-9ea4-268b54436f3d:c62]
2019-09-18 18:03:01,549 | INFO  | DNAudit | user=null | ip=null | op=WRITE_CHUNK {blockData=conID: 2 locID: 102814828092456965 bcsId: 0} | ret=SUCCESS |  
2019-09-18 18:03:01,549 | INFO  | DNAudit | user=null | ip=null | op=WRITE_CHUNK {blockData=conID: 2 locID: 102814828092456965 bcsId: 0} | ret=SUCCESS |  
2019-09-18 18:03:01,550 | INFO  | DNAudit | user=null | ip=null | op=PUT_BLOCK {blockData=[blockId=conID: 2 locID: 102814828092456965 bcsId: 0,size=1048576]} | ret=SUCCESS |  
2019-09-18 18:03:01,550 | INFO  | DNAudit | user=null | ip=null | op=PUT_BLOCK {blockData=[blockId=conID: 2 locID: 102814828092456965 bcsId: 0,size=1048576]} | ret=SUCCESS |  
2019-09-18 18:03:01,550 | INFO  | DNAudit | user=null | ip=null | op=WRITE_CHUNK {blockData=conID: 2 locID: 102814828092456965 bcsId: 0} | ret=SUCCESS |  
2019-09-18 18:03:01,551 | INFO  | DNAudit | user=null | ip=null | op=PUT_BLOCK {blockData=[blockId=conID: 2 locID: 102814828092456965 bcsId: 0,size=2097152]} | ret=SUCCESS |  
2019-09-18 18:03:01,552 [grpc-default-executor-2] INFO  client.GrpcClientProtocolClient (GrpcClientProtocolClient.java:onNext(255)) - client-EBA13DAE5039->f9c0c0c0-b23a-4753-91c5-508b70f9f49b: receive RaftClientReply:client-EBA13DAE5039->f9c0c0c0-b23a-4753-91c5-508b70f9f49b@group-9BEE98A316D3, cid=45, SUCCESS, logIndex=65, commits[f9c0c0c0-b23a-4753-91c5-508b70f9f49b:c67, 43decd5c-1b5a-43ef-8295-9634006390e4:c64, 7cb5bd27-452a-4b56-9ea4-268b54436f3d:c64]
2019-09-18 18:03:01,552 [grpc-default-executor-2] INFO  client.GrpcClientProtocolClient (GrpcClientProtocolClient.java:onNext(255)) - client-EBA13DAE5039->f9c0c0c0-b23a-4753-91c5-508b70f9f49b: receive RaftClientReply:client-EBA13DAE5039->f9c0c0c0-b23a-4753-91c5-508b70f9f49b@group-9BEE98A316D3, cid=46, SUCCESS, logIndex=66, commits[f9c0c0c0-b23a-4753-91c5-508b70f9f49b:c68, 43decd5c-1b5a-43ef-8295-9634006390e4:c64, 7cb5bd27-452a-4b56-9ea4-268b54436f3d:c64]
2019-09-18 18:03:01,562 | INFO  | DNAudit | user=null | ip=null | op=WRITE_CHUNK {blockData=conID: 2 locID: 102814828092456965 bcsId: 0} | ret=SUCCESS |  
2019-09-18 18:03:01,562 | INFO  | DNAudit | user=null | ip=null | op=WRITE_CHUNK {blockData=conID: 2 locID: 102814828092456965 bcsId: 0} | ret=SUCCESS |  
2019-09-18 18:03:01,563 | INFO  | DNAudit | user=null | ip=null | op=PUT_BLOCK {blockData=[blockId=conID: 2 locID: 102814828092456965 bcsId: 0,size=2097152]} | ret=SUCCESS |  
2019-09-18 18:03:01,563 | INFO  | DNAudit | user=null | ip=null | op=PUT_BLOCK {blockData=[blockId=conID: 2 locID: 102814828092456965 bcsId: 0,size=2097152]} | ret=SUCCESS |  
2019-09-18 18:03:01,567 | INFO  | DNAudit | user=null | ip=null | op=WRITE_CHUNK {blockData=conID: 2 locID: 102814828092456965 bcsId: 66} | ret=SUCCESS |  
2019-09-18 18:03:01,573 | INFO  | DNAudit | user=null | ip=null | op=WRITE_CHUNK {blockData=conID: 2 locID: 102814828092456965 bcsId: 66} | ret=SUCCESS |  
2019-09-18 18:03:01,574 | INFO  | DNAudit | user=null | ip=null | op=WRITE_CHUNK {blockData=conID: 2 locID: 102814828092456965 bcsId: 66} | ret=SUCCESS |  
2019-09-18 18:03:01,582 | INFO  | DNAudit | user=null | ip=null | op=WRITE_CHUNK {blockData=conID: 2 locID: 102814828092456965 bcsId: 66} | ret=SUCCESS |  
2019-09-18 18:03:01,583 | INFO  | DNAudit | user=null | ip=null | op=PUT_BLOCK {blockData=[blockId=conID: 2 locID: 102814828092456965 bcsId: 0,size=3145728]} | ret=SUCCESS |  
2019-09-18 18:03:01,584 [grpc-default-executor-2] INFO  client.GrpcClientProtocolClient (GrpcClientProtocolClient.java:onNext(255)) - client-EBA13DAE5039->f9c0c0c0-b23a-4753-91c5-508b70f9f49b: receive RaftClientReply:client-EBA13DAE5039->f9c0c0c0-b23a-4753-91c5-508b70f9f49b@group-9BEE98A316D3, cid=47, SUCCESS, logIndex=71, commits[f9c0c0c0-b23a-4753-91c5-508b70f9f49b:c72, 43decd5c-1b5a-43ef-8295-9634006390e4:c70, 7cb5bd27-452a-4b56-9ea4-268b54436f3d:c70]
2019-09-18 18:03:01,585 [grpc-default-executor-2] INFO  client.GrpcClientProtocolClient (GrpcClientProtocolClient.java:onNext(255)) - client-EBA13DAE5039->f9c0c0c0-b23a-4753-91c5-508b70f9f49b: receive RaftClientReply:client-EBA13DAE5039->f9c0c0c0-b23a-4753-91c5-508b70f9f49b@group-9BEE98A316D3, cid=48, SUCCESS, logIndex=72, commits[f9c0c0c0-b23a-4753-91c5-508b70f9f49b:c72, 43decd5c-1b5a-43ef-8295-9634006390e4:c70, 7cb5bd27-452a-4b56-9ea4-268b54436f3d:c70]
2019-09-18 18:03:01,592 | INFO  | DNAudit | user=null | ip=null | op=WRITE_CHUNK {blockData=conID: 2 locID: 102814828092456965 bcsId: 66} | ret=SUCCESS |  
2019-09-18 18:03:01,592 | INFO  | DNAudit | user=null | ip=null | op=WRITE_CHUNK {blockData=conID: 2 locID: 102814828092456965 bcsId: 66} | ret=SUCCESS |  
2019-09-18 18:03:01,593 | INFO  | DNAudit | user=null | ip=null | op=PUT_BLOCK {blockData=[blockId=conID: 2 locID: 102814828092456965 bcsId: 0,size=3145728]} | ret=SUCCESS |  
2019-09-18 18:03:01,594 | INFO  | DNAudit | user=null | ip=null | op=PUT_BLOCK {blockData=[blockId=conID: 2 locID: 102814828092456965 bcsId: 0,size=3145728]} | ret=SUCCESS |  
2019-09-18 18:03:01,598 | INFO  | DNAudit | user=null | ip=null | op=WRITE_CHUNK {blockData=conID: 2 locID: 102814828092456965 bcsId: 72} | ret=SUCCESS |  
2019-09-18 18:03:01,602 | INFO  | DNAudit | user=null | ip=null | op=WRITE_CHUNK {blockData=conID: 2 locID: 102814828092456965 bcsId: 72} | ret=SUCCESS |  
2019-09-18 18:03:01,603 | INFO  | DNAudit | user=null | ip=null | op=WRITE_CHUNK {blockData=conID: 2 locID: 102814828092456965 bcsId: 72} | ret=SUCCESS |  
2019-09-18 18:03:01,611 | INFO  | DNAudit | user=null | ip=null | op=WRITE_CHUNK {blockData=conID: 2 locID: 102814828092456965 bcsId: 72} | ret=SUCCESS |  
2019-09-18 18:03:01,612 | INFO  | DNAudit | user=null | ip=null | op=PUT_BLOCK {blockData=[blockId=conID: 2 locID: 102814828092456965 bcsId: 0,size=4194304]} | ret=SUCCESS |  
2019-09-18 18:03:01,612 [grpc-default-executor-2] INFO  client.GrpcClientProtocolClient (GrpcClientProtocolClient.java:onNext(255)) - client-EBA13DAE5039->f9c0c0c0-b23a-4753-91c5-508b70f9f49b: receive RaftClientReply:client-EBA13DAE5039->f9c0c0c0-b23a-4753-91c5-508b70f9f49b@group-9BEE98A316D3, cid=49, SUCCESS, logIndex=75, commits[f9c0c0c0-b23a-4753-91c5-508b70f9f49b:c76, 43decd5c-1b5a-43ef-8295-9634006390e4:c74, 7cb5bd27-452a-4b56-9ea4-268b54436f3d:c74]
2019-09-18 18:03:01,613 [grpc-default-executor-2] INFO  client.GrpcClientProtocolClient (GrpcClientProtocolClient.java:onNext(255)) - client-EBA13DAE5039->f9c0c0c0-b23a-4753-91c5-508b70f9f49b: receive RaftClientReply:client-EBA13DAE5039->f9c0c0c0-b23a-4753-91c5-508b70f9f49b@group-9BEE98A316D3, cid=50, SUCCESS, logIndex=76, commits[f9c0c0c0-b23a-4753-91c5-508b70f9f49b:c76, 43decd5c-1b5a-43ef-8295-9634006390e4:c74, 7cb5bd27-452a-4b56-9ea4-268b54436f3d:c74]
2019-09-18 18:03:01,621 | INFO  | DNAudit | user=null | ip=null | op=WRITE_CHUNK {blockData=conID: 2 locID: 102814828092456965 bcsId: 72} | ret=SUCCESS |  
2019-09-18 18:03:01,621 | INFO  | DNAudit | user=null | ip=null | op=WRITE_CHUNK {blockData=conID: 2 locID: 102814828092456965 bcsId: 72} | ret=SUCCESS |  
2019-09-18 18:03:01,622 | INFO  | DNAudit | user=null | ip=null | op=PUT_BLOCK {blockData=[blockId=conID: 2 locID: 102814828092456965 bcsId: 0,size=4194304]} | ret=SUCCESS |  
2019-09-18 18:03:01,622 | INFO  | DNAudit | user=null | ip=null | op=PUT_BLOCK {blockData=[blockId=conID: 2 locID: 102814828092456965 bcsId: 0,size=4194304]} | ret=SUCCESS |  
2019-09-18 18:03:01,623 [grpc-default-executor-2] INFO  client.GrpcClientProtocolClient (GrpcClientProtocolClient.java:onNext(255)) - client-EBA13DAE5039->f9c0c0c0-b23a-4753-91c5-508b70f9f49b: receive RaftClientReply:client-EBA13DAE5039->f9c0c0c0-b23a-4753-91c5-508b70f9f49b@group-9BEE98A316D3, cid=51, SUCCESS, logIndex=0, commits[f9c0c0c0-b23a-4753-91c5-508b70f9f49b:c78, 43decd5c-1b5a-43ef-8295-9634006390e4:c76, 7cb5bd27-452a-4b56-9ea4-268b54436f3d:c76]
2019-09-18 18:03:01,640 | INFO  | OMAudit | user=jenkins1000 | ip=127.0.0.1 | op=COMMIT_KEY {volume=vol-0-50110, bucket=bucket-0-05864, key=key-0-12230, dataSize=20971520, replicationType=null, replicationFactor=null, keyLocationInfo=[{blockID={containerID=1, localID=102814828092063745}, length=4194304, offset=0, token=null, pipeline=Pipeline[ Id: cbcd9ebb-7770-4d57-a7a7-9bee98a316d3, Nodes: 43decd5c-1b5a-43ef-8295-9634006390e4{ip: 192.168.5.185, host: pr-hdds-2034-lb7qt-2171347232, networkLocation: /default-rack, certSerialId: null}f9c0c0c0-b23a-4753-91c5-508b70f9f49b{ip: 192.168.5.185, host: pr-hdds-2034-lb7qt-2171347232, networkLocation: /default-rack, certSerialId: null}7cb5bd27-452a-4b56-9ea4-268b54436f3d{ip: 192.168.5.185, host: pr-hdds-2034-lb7qt-2171347232, networkLocation: /default-rack, certSerialId: null}, Type:RATIS, Factor:THREE, State:OPEN], createVersion=0}, {blockID={containerID=2, localID=102814828092260354}, length=4194304, offset=0, token=null, pipeline=Pipeline[ Id: cbcd9ebb-7770-4d57-a7a7-9bee98a316d3, Nodes: 43decd5c-1b5a-43ef-8295-9634006390e4{ip: 192.168.5.185, host: pr-hdds-2034-lb7qt-2171347232, networkLocation: /default-rack, certSerialId: null}f9c0c0c0-b23a-4753-91c5-508b70f9f49b{ip: 192.168.5.185, host: pr-hdds-2034-lb7qt-2171347232, networkLocation: /default-rack, certSerialId: null}7cb5bd27-452a-4b56-9ea4-268b54436f3d{ip: 192.168.5.185, host: pr-hdds-2034-lb7qt-2171347232, networkLocation: /default-rack, certSerialId: null}, Type:RATIS, Factor:THREE, State:OPEN], createVersion=0}, {blockID={containerID=3, localID=102814828092325891}, length=4194304, offset=0, token=null, pipeline=Pipeline[ Id: cbcd9ebb-7770-4d57-a7a7-9bee98a316d3, Nodes: 43decd5c-1b5a-43ef-8295-9634006390e4{ip: 192.168.5.185, host: pr-hdds-2034-lb7qt-2171347232, networkLocation: /default-rack, certSerialId: null}f9c0c0c0-b23a-4753-91c5-508b70f9f49b{ip: 192.168.5.185, host: pr-hdds-2034-lb7qt-2171347232, networkLocation: /default-rack, certSerialId: null}7cb5bd27-452a-4b56-9ea4-268b54436f3d{ip: 192.168.5.185, host: pr-hdds-2034-lb7qt-2171347232, networkLocation: /default-rack, certSerialId: null}, Type:RATIS, Factor:THREE, State:OPEN], createVersion=0}, {blockID={containerID=1, localID=102814828092456964}, length=4194304, offset=0, token=null, pipeline=Pipeline[ Id: cbcd9ebb-7770-4d57-a7a7-9bee98a316d3, Nodes: 43decd5c-1b5a-43ef-8295-9634006390e4{ip: 192.168.5.185, host: pr-hdds-2034-lb7qt-2171347232, networkLocation: /default-rack, certSerialId: null}f9c0c0c0-b23a-4753-91c5-508b70f9f49b{ip: 192.168.5.185, host: pr-hdds-2034-lb7qt-2171347232, networkLocation: /default-rack, certSerialId: null}7cb5bd27-452a-4b56-9ea4-268b54436f3d{ip: 192.168.5.185, host: pr-hdds-2034-lb7qt-2171347232, networkLocation: /default-rack, certSerialId: null}, Type:RATIS, Factor:THREE, State:OPEN], createVersion=0}, {blockID={containerID=2, localID=102814828092456965}, length=4194304, offset=0, token=null, pipeline=Pipeline[ Id: cbcd9ebb-7770-4d57-a7a7-9bee98a316d3, Nodes: 43decd5c-1b5a-43ef-8295-9634006390e4{ip: 192.168.5.185, host: pr-hdds-2034-lb7qt-2171347232, networkLocation: /default-rack, certSerialId: null}f9c0c0c0-b23a-4753-91c5-508b70f9f49b{ip: 192.168.5.185, host: pr-hdds-2034-lb7qt-2171347232, networkLocation: /default-rack, certSerialId: null}7cb5bd27-452a-4b56-9ea4-268b54436f3d{ip: 192.168.5.185, host: pr-hdds-2034-lb7qt-2171347232, networkLocation: /default-rack, certSerialId: null}, Type:RATIS, Factor:THREE, State:OPEN], createVersion=0}], clientID=102814828090228736} | ret=SUCCESS |  
2019-09-18 18:03:01,652 | INFO  | SCMAudit | user=jenkins1000 | ip=192.168.5.185 | op=GET_CONTAINER_WITH_PIPELINE {containerID=#1} | ret=SUCCESS |  
2019-09-18 18:03:01,662 | INFO  | SCMAudit | user=jenkins1000 | ip=192.168.5.185 | op=GET_CONTAINER_WITH_PIPELINE {containerID=#2} | ret=SUCCESS |  
2019-09-18 18:03:01,665 | INFO  | SCMAudit | user=jenkins1000 | ip=192.168.5.185 | op=GET_CONTAINER_WITH_PIPELINE {containerID=#3} | ret=SUCCESS |  
2019-09-18 18:03:01,666 | INFO  | SCMAudit | user=jenkins1000 | ip=192.168.5.185 | op=GET_CONTAINER_WITH_PIPELINE {containerID=#1} | ret=SUCCESS |  
2019-09-18 18:03:01,668 | INFO  | SCMAudit | user=jenkins1000 | ip=192.168.5.185 | op=GET_CONTAINER_WITH_PIPELINE {containerID=#2} | ret=SUCCESS |  
2019-09-18 18:03:01,669 | INFO  | OMAudit | user=jenkins1000 | ip=127.0.0.1 | op=READ_KEY {volume=vol-0-50110, bucket=bucket-0-05864, key=key-0-12230, dataSize=0, replicationType=null, replicationFactor=null, keyLocationInfo=null} | ret=SUCCESS |  
2019-09-18 18:03:01,729 | INFO  | DNAudit | user=null | ip=null | op=GET_BLOCK {blockData=conID: 1 locID: 102814828092063745 bcsId: 12} | ret=SUCCESS |  
2019-09-18 18:03:01,765 | INFO  | DNAudit | user=null | ip=null | op=READ_CHUNK {blockData=conID: 1 locID: 102814828092063745 bcsId: 12} | ret=SUCCESS |  
2019-09-18 18:03:01,792 | INFO  | DNAudit | user=null | ip=null | op=READ_CHUNK {blockData=conID: 1 locID: 102814828092063745 bcsId: 12} | ret=SUCCESS |  
2019-09-18 18:03:01,811 | INFO  | DNAudit | user=null | ip=null | op=READ_CHUNK {blockData=conID: 1 locID: 102814828092063745 bcsId: 12} | ret=SUCCESS |  
2019-09-18 18:03:01,826 | INFO  | DNAudit | user=null | ip=null | op=READ_CHUNK {blockData=conID: 1 locID: 102814828092063745 bcsId: 12} | ret=SUCCESS |  
2019-09-18 18:03:01,839 | INFO  | DNAudit | user=null | ip=null | op=GET_BLOCK {blockData=conID: 2 locID: 102814828092260354 bcsId: 28} | ret=SUCCESS |  
2019-09-18 18:03:01,851 | INFO  | DNAudit | user=null | ip=null | op=READ_CHUNK {blockData=conID: 2 locID: 102814828092260354 bcsId: 28} | ret=SUCCESS |  
2019-09-18 18:03:01,866 | INFO  | DNAudit | user=null | ip=null | op=READ_CHUNK {blockData=conID: 2 locID: 102814828092260354 bcsId: 28} | ret=SUCCESS |  
2019-09-18 18:03:01,880 | INFO  | DNAudit | user=null | ip=null | op=READ_CHUNK {blockData=conID: 2 locID: 102814828092260354 bcsId: 28} | ret=SUCCESS |  
2019-09-18 18:03:01,895 | INFO  | DNAudit | user=null | ip=null | op=READ_CHUNK {blockData=conID: 2 locID: 102814828092260354 bcsId: 28} | ret=SUCCESS |  
2019-09-18 18:03:01,909 | INFO  | DNAudit | user=null | ip=null | op=GET_BLOCK {blockData=conID: 3 locID: 102814828092325891 bcsId: 42} | ret=SUCCESS |  
2019-09-18 18:03:01,914 | INFO  | DNAudit | user=null | ip=null | op=READ_CHUNK {blockData=conID: 3 locID: 102814828092325891 bcsId: 42} | ret=SUCCESS |  
2019-09-18 18:03:01,927 | INFO  | DNAudit | user=null | ip=null | op=READ_CHUNK {blockData=conID: 3 locID: 102814828092325891 bcsId: 42} | ret=SUCCESS |  
2019-09-18 18:03:01,942 | INFO  | DNAudit | user=null | ip=null | op=READ_CHUNK {blockData=conID: 3 locID: 102814828092325891 bcsId: 42} | ret=SUCCESS |  
2019-09-18 18:03:01,960 | INFO  | DNAudit | user=null | ip=null | op=READ_CHUNK {blockData=conID: 3 locID: 102814828092325891 bcsId: 42} | ret=SUCCESS |  
2019-09-18 18:03:01,982 | INFO  | DNAudit | user=null | ip=null | op=GET_BLOCK {blockData=conID: 1 locID: 102814828092456964 bcsId: 60} | ret=SUCCESS |  
2019-09-18 18:03:01,989 | INFO  | DNAudit | user=null | ip=null | op=READ_CHUNK {blockData=conID: 1 locID: 102814828092456964 bcsId: 60} | ret=SUCCESS |  
2019-09-18 18:03:02,011 | INFO  | DNAudit | user=null | ip=null | op=READ_CHUNK {blockData=conID: 1 locID: 102814828092456964 bcsId: 60} | ret=SUCCESS |  
2019-09-18 18:03:02,025 | INFO  | DNAudit | user=null | ip=null | op=READ_CHUNK {blockData=conID: 1 locID: 102814828092456964 bcsId: 60} | ret=SUCCESS |  
2019-09-18 18:03:02,044 | INFO  | DNAudit | user=null | ip=null | op=READ_CHUNK {blockData=conID: 1 locID: 102814828092456964 bcsId: 60} | ret=SUCCESS |  
2019-09-18 18:03:02,058 | INFO  | DNAudit | user=null | ip=null | op=GET_BLOCK {blockData=conID: 2 locID: 102814828092456965 bcsId: 76} | ret=SUCCESS |  
2019-09-18 18:03:02,067 | INFO  | DNAudit | user=null | ip=null | op=READ_CHUNK {blockData=conID: 2 locID: 102814828092456965 bcsId: 76} | ret=SUCCESS |  
2019-09-18 18:03:02,076 | INFO  | SCMAudit | user=jenkins1000 | ip=192.168.5.185 | op=SEND_HEARTBEAT {datanodeUUID=43decd5c-1b5a-43ef-8295-9634006390e4, command=[]} | ret=SUCCESS |  
2019-09-18 18:03:02,076 | INFO  | SCMAudit | user=jenkins1000 | ip=192.168.5.185 | op=SEND_HEARTBEAT {datanodeUUID=7cb5bd27-452a-4b56-9ea4-268b54436f3d, command=[]} | ret=SUCCESS |  
2019-09-18 18:03:02,076 | INFO  | SCMAudit | user=jenkins1000 | ip=192.168.5.185 | op=SEND_HEARTBEAT {datanodeUUID=f9c0c0c0-b23a-4753-91c5-508b70f9f49b, command=[]} | ret=SUCCESS |  
2019-09-18 18:03:02,086 | INFO  | DNAudit | user=null | ip=null | op=READ_CHUNK {blockData=conID: 2 locID: 102814828092456965 bcsId: 76} | ret=SUCCESS |  
2019-09-18 18:03:02,101 | INFO  | DNAudit | user=null | ip=null | op=READ_CHUNK {blockData=conID: 2 locID: 102814828092456965 bcsId: 76} | ret=SUCCESS |  
2019-09-18 18:03:02,116 | INFO  | DNAudit | user=null | ip=null | op=READ_CHUNK {blockData=conID: 2 locID: 102814828092456965 bcsId: 76} | ret=SUCCESS |  
 100.00% |█████████████████████████████████████████████████████████████████████████████████████████████████████|  1/1 Time: 0:00:08
2019-09-18 18:03:03,077 | INFO  | SCMAudit | user=jenkins1000 | ip=192.168.5.185 | op=SEND_HEARTBEAT {datanodeUUID=7cb5bd27-452a-4b56-9ea4-268b54436f3d, command=[]} | ret=SUCCESS |  
2019-09-18 18:03:03,077 | INFO  | SCMAudit | user=jenkins1000 | ip=192.168.5.185 | op=SEND_HEARTBEAT {datanodeUUID=f9c0c0c0-b23a-4753-91c5-508b70f9f49b, command=[]} | ret=SUCCESS |  
2019-09-18 18:03:03,077 | INFO  | SCMAudit | user=jenkins1000 | ip=192.168.5.185 | op=SEND_HEARTBEAT {datanodeUUID=43decd5c-1b5a-43ef-8295-9634006390e4, command=[]} | ret=SUCCESS |  
2019-09-18 18:03:04,077 | INFO  | SCMAudit | user=jenkins1000 | ip=192.168.5.185 | op=SEND_HEARTBEAT {datanodeUUID=f9c0c0c0-b23a-4753-91c5-508b70f9f49b, command=[]} | ret=SUCCESS |  
2019-09-18 18:03:04,077 | INFO  | SCMAudit | user=jenkins1000 | ip=192.168.5.185 | op=SEND_HEARTBEAT {datanodeUUID=43decd5c-1b5a-43ef-8295-9634006390e4, command=[]} | ret=SUCCESS |  
2019-09-18 18:03:04,077 | INFO  | SCMAudit | user=jenkins1000 | ip=192.168.5.185 | op=SEND_HEARTBEAT {datanodeUUID=7cb5bd27-452a-4b56-9ea4-268b54436f3d, command=[]} | ret=SUCCESS |  
2019-09-18 18:03:05,077 | INFO  | SCMAudit | user=jenkins1000 | ip=192.168.5.185 | op=SEND_HEARTBEAT {datanodeUUID=f9c0c0c0-b23a-4753-91c5-508b70f9f49b, command=[]} | ret=SUCCESS |  
2019-09-18 18:03:05,077 | INFO  | SCMAudit | user=jenkins1000 | ip=192.168.5.185 | op=SEND_HEARTBEAT {datanodeUUID=43decd5c-1b5a-43ef-8295-9634006390e4, command=[]} | ret=SUCCESS |  
2019-09-18 18:03:05,078 | INFO  | SCMAudit | user=jenkins1000 | ip=192.168.5.185 | op=SEND_HEARTBEAT {datanodeUUID=7cb5bd27-452a-4b56-9ea4-268b54436f3d, command=[]} | ret=SUCCESS |  
2019-09-18 18:03:06,077 | INFO  | SCMAudit | user=jenkins1000 | ip=192.168.5.185 | op=SEND_HEARTBEAT {datanodeUUID=f9c0c0c0-b23a-4753-91c5-508b70f9f49b, command=[]} | ret=SUCCESS |  
2019-09-18 18:03:06,077 | INFO  | SCMAudit | user=jenkins1000 | ip=192.168.5.185 | op=SEND_HEARTBEAT {datanodeUUID=43decd5c-1b5a-43ef-8295-9634006390e4, command=[]} | ret=SUCCESS |  
2019-09-18 18:03:06,078 | INFO  | SCMAudit | user=jenkins1000 | ip=192.168.5.185 | op=SEND_HEARTBEAT {datanodeUUID=7cb5bd27-452a-4b56-9ea4-268b54436f3d, command=[]} | ret=SUCCESS |  
2019-09-18 18:03:07,078 | INFO  | SCMAudit | user=jenkins1000 | ip=192.168.5.185 | op=SEND_HEARTBEAT {datanodeUUID=43decd5c-1b5a-43ef-8295-9634006390e4, command=[]} | ret=SUCCESS |  
2019-09-18 18:03:07,078 | INFO  | SCMAudit | user=jenkins1000 | ip=192.168.5.185 | op=SEND_HEARTBEAT {datanodeUUID=f9c0c0c0-b23a-4753-91c5-508b70f9f49b, command=[]} | ret=SUCCESS |  
2019-09-18 18:03:07,078 | INFO  | SCMAudit | user=jenkins1000 | ip=192.168.5.185 | op=SEND_HEARTBEAT {datanodeUUID=7cb5bd27-452a-4b56-9ea4-268b54436f3d, command=[]} | ret=SUCCESS |  
2019-09-18 18:03:07,149 [main] INFO  pipeline.SCMPipelineManager (SCMPipelineManager.java:finalizeAndDestroyPipeline(336)) - destroying pipeline:Pipeline[ Id: cbcd9ebb-7770-4d57-a7a7-9bee98a316d3, Nodes: 43decd5c-1b5a-43ef-8295-9634006390e4{ip: 192.168.5.185, host: pr-hdds-2034-lb7qt-2171347232, networkLocation: /default-rack, certSerialId: null}f9c0c0c0-b23a-4753-91c5-508b70f9f49b{ip: 192.168.5.185, host: pr-hdds-2034-lb7qt-2171347232, networkLocation: /default-rack, certSerialId: null}7cb5bd27-452a-4b56-9ea4-268b54436f3d{ip: 192.168.5.185, host: pr-hdds-2034-lb7qt-2171347232, networkLocation: /default-rack, certSerialId: null}, Type:RATIS, Factor:THREE, State:OPEN]
2019-09-18 18:03:07,149 [main] INFO  pipeline.PipelineStateManager (PipelineStateManager.java:finalizePipeline(123)) - Pipeline Pipeline[ Id: cbcd9ebb-7770-4d57-a7a7-9bee98a316d3, Nodes: 43decd5c-1b5a-43ef-8295-9634006390e4{ip: 192.168.5.185, host: pr-hdds-2034-lb7qt-2171347232, networkLocation: /default-rack, certSerialId: null}f9c0c0c0-b23a-4753-91c5-508b70f9f49b{ip: 192.168.5.185, host: pr-hdds-2034-lb7qt-2171347232, networkLocation: /default-rack, certSerialId: null}7cb5bd27-452a-4b56-9ea4-268b54436f3d{ip: 192.168.5.185, host: pr-hdds-2034-lb7qt-2171347232, networkLocation: /default-rack, certSerialId: null}, Type:RATIS, Factor:THREE, State:CLOSED] moved to CLOSED state
2019-09-18 18:03:07,150 [EventQueue-CloseContainerForCloseContainerEventHandler] INFO  container.CloseContainerEventHandler (CloseContainerEventHandler.java:onMessage(61)) - Close container Event triggered for container : #1
2019-09-18 18:03:07,152 [main] INFO  pipeline.RatisPipelineProvider (RatisPipelineProvider.java:lambda$close$5(211)) - Send pipeline:PipelineID=cbcd9ebb-7770-4d57-a7a7-9bee98a316d3 close command to datanode 43decd5c-1b5a-43ef-8295-9634006390e4
2019-09-18 18:03:07,157 [main] INFO  pipeline.RatisPipelineProvider (RatisPipelineProvider.java:lambda$close$5(211)) - Send pipeline:PipelineID=cbcd9ebb-7770-4d57-a7a7-9bee98a316d3 close command to datanode f9c0c0c0-b23a-4753-91c5-508b70f9f49b
2019-09-18 18:03:07,157 [main] INFO  pipeline.RatisPipelineProvider (RatisPipelineProvider.java:lambda$close$5(211)) - Send pipeline:PipelineID=cbcd9ebb-7770-4d57-a7a7-9bee98a316d3 close command to datanode 7cb5bd27-452a-4b56-9ea4-268b54436f3d
2019-09-18 18:03:07,158 [EventQueue-CloseContainerForCloseContainerEventHandler] INFO  container.CloseContainerEventHandler (CloseContainerEventHandler.java:onMessage(61)) - Close container Event triggered for container : #2
2019-09-18 18:03:07,159 [main] INFO  pipeline.PipelineStateManager (PipelineStateManager.java:removePipeline(108)) - Pipeline Pipeline[ Id: cbcd9ebb-7770-4d57-a7a7-9bee98a316d3, Nodes: 43decd5c-1b5a-43ef-8295-9634006390e4{ip: 192.168.5.185, host: pr-hdds-2034-lb7qt-2171347232, networkLocation: /default-rack, certSerialId: null}f9c0c0c0-b23a-4753-91c5-508b70f9f49b{ip: 192.168.5.185, host: pr-hdds-2034-lb7qt-2171347232, networkLocation: /default-rack, certSerialId: null}7cb5bd27-452a-4b56-9ea4-268b54436f3d{ip: 192.168.5.185, host: pr-hdds-2034-lb7qt-2171347232, networkLocation: /default-rack, certSerialId: null}, Type:RATIS, Factor:THREE, State:CLOSED] removed from db
2019-09-18 18:03:07,161 [EventQueue-CloseContainerForCloseContainerEventHandler] ERROR container.CloseContainerEventHandler (CloseContainerEventHandler.java:onMessage(89)) - Failed to close the container #2.
org.apache.hadoop.hdds.scm.pipeline.PipelineNotFoundException: PipelineID=cbcd9ebb-7770-4d57-a7a7-9bee98a316d3 not found
	at org.apache.hadoop.hdds.scm.pipeline.PipelineStateMap.removeContainerFromPipeline(PipelineStateMap.java:351)
	at org.apache.hadoop.hdds.scm.pipeline.PipelineStateManager.removeContainerFromPipeline(PipelineStateManager.java:114)
	at org.apache.hadoop.hdds.scm.pipeline.SCMPipelineManager.removeContainerFromPipeline(SCMPipelineManager.java:288)
	at org.apache.hadoop.hdds.scm.container.SCMContainerManager.updateContainerState(SCMContainerManager.java:317)
	at org.apache.hadoop.hdds.scm.container.CloseContainerEventHandler.onMessage(CloseContainerEventHandler.java:66)
	at org.apache.hadoop.hdds.scm.container.CloseContainerEventHandler.onMessage(CloseContainerEventHandler.java:45)
	at org.apache.hadoop.hdds.server.events.SingleThreadExecutor.lambda$onMessage$1(SingleThreadExecutor.java:85)
	at java.util.concurrent.ThreadPoolExecutor.runWorker(ThreadPoolExecutor.java:1149)
	at java.util.concurrent.ThreadPoolExecutor$Worker.run(ThreadPoolExecutor.java:624)
	at java.lang.Thread.run(Thread.java:748)
2019-09-18 18:03:07,161 [RatisPipelineUtilsThread] INFO  pipeline.RatisPipelineProvider (RatisPipelineProvider.java:lambda$create$4(164)) - Send pipeline:PipelineID=810908e0-5620-4e2c-bd39-385cb8aa9c61 create command to datanode 43decd5c-1b5a-43ef-8295-9634006390e4
2019-09-18 18:03:07,163 [EventQueue-CloseContainerForCloseContainerEventHandler] INFO  container.CloseContainerEventHandler (CloseContainerEventHandler.java:onMessage(61)) - Close container Event triggered for container : #3
2019-09-18 18:03:07,164 [RatisPipelineUtilsThread] INFO  pipeline.RatisPipelineProvider (RatisPipelineProvider.java:lambda$create$4(164)) - Send pipeline:PipelineID=810908e0-5620-4e2c-bd39-385cb8aa9c61 create command to datanode f9c0c0c0-b23a-4753-91c5-508b70f9f49b
2019-09-18 18:03:07,164 [RatisPipelineUtilsThread] INFO  pipeline.RatisPipelineProvider (RatisPipelineProvider.java:lambda$create$4(164)) - Send pipeline:PipelineID=810908e0-5620-4e2c-bd39-385cb8aa9c61 create command to datanode 7cb5bd27-452a-4b56-9ea4-268b54436f3d
2019-09-18 18:03:07,165 [EventQueue-CloseContainerForCloseContainerEventHandler] ERROR container.CloseContainerEventHandler (CloseContainerEventHandler.java:onMessage(89)) - Failed to close the container #3.
org.apache.hadoop.hdds.scm.pipeline.PipelineNotFoundException: PipelineID=cbcd9ebb-7770-4d57-a7a7-9bee98a316d3 not found
	at org.apache.hadoop.hdds.scm.pipeline.PipelineStateMap.removeContainerFromPipeline(PipelineStateMap.java:351)
	at org.apache.hadoop.hdds.scm.pipeline.PipelineStateManager.removeContainerFromPipeline(PipelineStateManager.java:114)
	at org.apache.hadoop.hdds.scm.pipeline.SCMPipelineManager.removeContainerFromPipeline(SCMPipelineManager.java:288)
	at org.apache.hadoop.hdds.scm.container.SCMContainerManager.updateContainerState(SCMContainerManager.java:317)
	at org.apache.hadoop.hdds.scm.container.CloseContainerEventHandler.onMessage(CloseContainerEventHandler.java:66)
	at org.apache.hadoop.hdds.scm.container.CloseContainerEventHandler.onMessage(CloseContainerEventHandler.java:45)
	at org.apache.hadoop.hdds.server.events.SingleThreadExecutor.lambda$onMessage$1(SingleThreadExecutor.java:85)
	at java.util.concurrent.ThreadPoolExecutor.runWorker(ThreadPoolExecutor.java:1149)
	at java.util.concurrent.ThreadPoolExecutor$Worker.run(ThreadPoolExecutor.java:624)
	at java.lang.Thread.run(Thread.java:748)
2019-09-18 18:03:07,255 [main] INFO  freon.RandomKeyGenerator (RandomKeyGenerator.java:call(275)) - Number of Threads: 10
2019-09-18 18:03:07,255 [main] INFO  freon.RandomKeyGenerator (RandomKeyGenerator.java:call(280)) - Number of Volumes: 1.
2019-09-18 18:03:07,256 [main] INFO  freon.RandomKeyGenerator (RandomKeyGenerator.java:call(281)) - Number of Buckets per Volume: 1.
2019-09-18 18:03:07,256 [main] INFO  freon.RandomKeyGenerator (RandomKeyGenerator.java:call(282)) - Number of Keys per Bucket: 1.
2019-09-18 18:03:07,256 [main] INFO  freon.RandomKeyGenerator (RandomKeyGenerator.java:call(283)) - Key size: 20971520 bytes
2019-09-18 18:03:07,256 [main] INFO  freon.RandomKeyGenerator (RandomKeyGenerator.java:call(284)) - Buffer size: 4096 bytes
2019-09-18 18:03:07,257 [pool-62-thread-1] INFO  rpc.RpcClient (RpcClient.java:createVolume(293)) - Creating Volume: vol-0-11561, with jenkins1000 as owner.
2019-09-18 18:03:07,258 [main] INFO  freon.RandomKeyGenerator (RandomKeyGenerator.java:call(298)) - Data validation is enabled.
2019-09-18 18:03:07,260 [main] INFO  freon.RandomKeyGenerator (RandomKeyGenerator.java:call(304)) - Starting progress bar Thread.

 0.00% |█                                                                                                    |  0/1 Time: 0:00:002019-09-18 18:03:07,262 | INFO  | OMAudit | user=jenkins1000 | ip=127.0.0.1 | op=CREATE_VOLUME {admin=jenkins1000, owner=jenkins1000, volume=vol-0-11561, creationTime=1568829787261, quotaInBytes=1152921504606846976} | ret=SUCCESS |  
2019-09-18 18:03:07,264 | INFO  | OMAudit | user=jenkins1000 | ip=127.0.0.1 | op=READ_VOLUME {volume=vol-0-11561} | ret=SUCCESS |  
2019-09-18 18:03:07,270 [pool-62-thread-2] INFO  rpc.RpcClient (RpcClient.java:createBucket(432)) - Creating Bucket: vol-0-11561/bucket-0-89248, with Versioning false and Storage Type set to DISK and Encryption set to false 
2019-09-18 18:03:07,272 | INFO  | OMAudit | user=jenkins1000 | ip=127.0.0.1 | op=CREATE_BUCKET {volume=vol-0-11561, bucket=bucket-0-89248, acls=[user:jenkins1000:a[ACCESS], group:default:a[ACCESS]], isVersionEnabled=false, storageType=DISK, creationTime=0} | ret=SUCCESS |  
2019-09-18 18:03:07,274 | INFO  | OMAudit | user=jenkins1000 | ip=127.0.0.1 | op=READ_BUCKET {volume=vol-0-11561, bucket=bucket-0-89248} | ret=SUCCESS |  
2019-09-18 18:03:07,288 [IPC Server handler 0 on 40261] WARN  block.BlockManagerImpl (BlockManagerImpl.java:allocateBlock(221)) - Pipeline creation failed for type:RATIS factor:THREE. Retrying get pipelines call once.
org.apache.hadoop.hdds.scm.pipeline.InsufficientDatanodesException: Cannot create pipeline of factor 3 using 0 nodes.
	at org.apache.hadoop.hdds.scm.pipeline.RatisPipelineProvider.create(RatisPipelineProvider.java:145)
	at org.apache.hadoop.hdds.scm.pipeline.PipelineFactory.create(PipelineFactory.java:59)
	at org.apache.hadoop.hdds.scm.pipeline.SCMPipelineManager.createPipeline(SCMPipelineManager.java:171)
	at org.apache.hadoop.hdds.scm.block.BlockManagerImpl.allocateBlock(BlockManagerImpl.java:210)
	at org.apache.hadoop.hdds.scm.server.SCMBlockProtocolServer.allocateBlock(SCMBlockProtocolServer.java:175)
	at org.apache.hadoop.ozone.protocolPB.ScmBlockLocationProtocolServerSideTranslatorPB.allocateScmBlock(ScmBlockLocationProtocolServerSideTranslatorPB.java:153)
	at org.apache.hadoop.ozone.protocolPB.ScmBlockLocationProtocolServerSideTranslatorPB.send(ScmBlockLocationProtocolServerSideTranslatorPB.java:112)
	at org.apache.hadoop.hdds.protocol.proto.ScmBlockLocationProtocolProtos$ScmBlockLocationProtocolService$2.callBlockingMethod(ScmBlockLocationProtocolProtos.java:13157)
	at org.apache.hadoop.ipc.ProtobufRpcEngine$Server$ProtoBufRpcInvoker.call(ProtobufRpcEngine.java:524)
	at org.apache.hadoop.ipc.RPC$Server.call(RPC.java:1025)
	at org.apache.hadoop.ipc.Server$RpcCall.run(Server.java:876)
	at org.apache.hadoop.ipc.Server$RpcCall.run(Server.java:822)
	at java.security.AccessController.doPrivileged(Native Method)
	at javax.security.auth.Subject.doAs(Subject.java:422)
	at org.apache.hadoop.security.UserGroupInformation.doAs(UserGroupInformation.java:1730)
	at org.apache.hadoop.ipc.Server$Handler.run(Server.java:2682)
2019-09-18 18:03:07,289 [IPC Server handler 0 on 40261] INFO  block.BlockManagerImpl (BlockManagerImpl.java:allocateBlock(227)) - Could not find available pipeline of type:RATIS and factor:THREE even after retrying
2019-09-18 18:03:07,289 [IPC Server handler 0 on 40261] ERROR block.BlockManagerImpl (BlockManagerImpl.java:allocateBlock(251)) - Unable to allocate a block for the size: 4194304, type: RATIS, factor: THREE
2019-09-18 18:03:07,289 [IPC Server handler 0 on 40261] WARN  block.BlockManagerImpl (BlockManagerImpl.java:allocateBlock(221)) - Pipeline creation failed for type:RATIS factor:THREE. Retrying get pipelines call once.
org.apache.hadoop.hdds.scm.pipeline.InsufficientDatanodesException: Cannot create pipeline of factor 3 using 0 nodes.
	at org.apache.hadoop.hdds.scm.pipeline.RatisPipelineProvider.create(RatisPipelineProvider.java:145)
	at org.apache.hadoop.hdds.scm.pipeline.PipelineFactory.create(PipelineFactory.java:59)
	at org.apache.hadoop.hdds.scm.pipeline.SCMPipelineManager.createPipeline(SCMPipelineManager.java:171)
	at org.apache.hadoop.hdds.scm.block.BlockManagerImpl.allocateBlock(BlockManagerImpl.java:210)
	at org.apache.hadoop.hdds.scm.server.SCMBlockProtocolServer.allocateBlock(SCMBlockProtocolServer.java:175)
	at org.apache.hadoop.ozone.protocolPB.ScmBlockLocationProtocolServerSideTranslatorPB.allocateScmBlock(ScmBlockLocationProtocolServerSideTranslatorPB.java:153)
	at org.apache.hadoop.ozone.protocolPB.ScmBlockLocationProtocolServerSideTranslatorPB.send(ScmBlockLocationProtocolServerSideTranslatorPB.java:112)
	at org.apache.hadoop.hdds.protocol.proto.ScmBlockLocationProtocolProtos$ScmBlockLocationProtocolService$2.callBlockingMethod(ScmBlockLocationProtocolProtos.java:13157)
	at org.apache.hadoop.ipc.ProtobufRpcEngine$Server$ProtoBufRpcInvoker.call(ProtobufRpcEngine.java:524)
	at org.apache.hadoop.ipc.RPC$Server.call(RPC.java:1025)
	at org.apache.hadoop.ipc.Server$RpcCall.run(Server.java:876)
	at org.apache.hadoop.ipc.Server$RpcCall.run(Server.java:822)
	at java.security.AccessController.doPrivileged(Native Method)
	at javax.security.auth.Subject.doAs(Subject.java:422)
	at org.apache.hadoop.security.UserGroupInformation.doAs(UserGroupInformation.java:1730)
	at org.apache.hadoop.ipc.Server$Handler.run(Server.java:2682)
2019-09-18 18:03:07,289 [IPC Server handler 0 on 40261] INFO  block.BlockManagerImpl (BlockManagerImpl.java:allocateBlock(227)) - Could not find available pipeline of type:RATIS and factor:THREE even after retrying
2019-09-18 18:03:07,290 [IPC Server handler 0 on 40261] ERROR block.BlockManagerImpl (BlockManagerImpl.java:allocateBlock(251)) - Unable to allocate a block for the size: 4194304, type: RATIS, factor: THREE
2019-09-18 18:03:07,290 [IPC Server handler 0 on 40261] WARN  block.BlockManagerImpl (BlockManagerImpl.java:allocateBlock(221)) - Pipeline creation failed for type:RATIS factor:THREE. Retrying get pipelines call once.
org.apache.hadoop.hdds.scm.pipeline.InsufficientDatanodesException: Cannot create pipeline of factor 3 using 0 nodes.
	at org.apache.hadoop.hdds.scm.pipeline.RatisPipelineProvider.create(RatisPipelineProvider.java:145)
	at org.apache.hadoop.hdds.scm.pipeline.PipelineFactory.create(PipelineFactory.java:59)
	at org.apache.hadoop.hdds.scm.pipeline.SCMPipelineManager.createPipeline(SCMPipelineManager.java:171)
	at org.apache.hadoop.hdds.scm.block.BlockManagerImpl.allocateBlock(BlockManagerImpl.java:210)
	at org.apache.hadoop.hdds.scm.server.SCMBlockProtocolServer.allocateBlock(SCMBlockProtocolServer.java:175)
	at org.apache.hadoop.ozone.protocolPB.ScmBlockLocationProtocolServerSideTranslatorPB.allocateScmBlock(ScmBlockLocationProtocolServerSideTranslatorPB.java:153)
	at org.apache.hadoop.ozone.protocolPB.ScmBlockLocationProtocolServerSideTranslatorPB.send(ScmBlockLocationProtocolServerSideTranslatorPB.java:112)
	at org.apache.hadoop.hdds.protocol.proto.ScmBlockLocationProtocolProtos$ScmBlockLocationProtocolService$2.callBlockingMethod(ScmBlockLocationProtocolProtos.java:13157)
	at org.apache.hadoop.ipc.ProtobufRpcEngine$Server$ProtoBufRpcInvoker.call(ProtobufRpcEngine.java:524)
	at org.apache.hadoop.ipc.RPC$Server.call(RPC.java:1025)
	at org.apache.hadoop.ipc.Server$RpcCall.run(Server.java:876)
	at org.apache.hadoop.ipc.Server$RpcCall.run(Server.java:822)
	at java.security.AccessController.doPrivileged(Native Method)
	at javax.security.auth.Subject.doAs(Subject.java:422)
	at org.apache.hadoop.security.UserGroupInformation.doAs(UserGroupInformation.java:1730)
	at org.apache.hadoop.ipc.Server$Handler.run(Server.java:2682)
2019-09-18 18:03:07,290 [IPC Server handler 0 on 40261] INFO  block.BlockManagerImpl (BlockManagerImpl.java:allocateBlock(227)) - Could not find available pipeline of type:RATIS and factor:THREE even after retrying
2019-09-18 18:03:07,290 [IPC Server handler 0 on 40261] ERROR block.BlockManagerImpl (BlockManagerImpl.java:allocateBlock(251)) - Unable to allocate a block for the size: 4194304, type: RATIS, factor: THREE
2019-09-18 18:03:07,291 [IPC Server handler 0 on 40261] WARN  block.BlockManagerImpl (BlockManagerImpl.java:allocateBlock(221)) - Pipeline creation failed for type:RATIS factor:THREE. Retrying get pipelines call once.
org.apache.hadoop.hdds.scm.pipeline.InsufficientDatanodesException: Cannot create pipeline of factor 3 using 0 nodes.
	at org.apache.hadoop.hdds.scm.pipeline.RatisPipelineProvider.create(RatisPipelineProvider.java:145)
	at org.apache.hadoop.hdds.scm.pipeline.PipelineFactory.create(PipelineFactory.java:59)
	at org.apache.hadoop.hdds.scm.pipeline.SCMPipelineManager.createPipeline(SCMPipelineManager.java:171)
	at org.apache.hadoop.hdds.scm.block.BlockManagerImpl.allocateBlock(BlockManagerImpl.java:210)
	at org.apache.hadoop.hdds.scm.server.SCMBlockProtocolServer.allocateBlock(SCMBlockProtocolServer.java:175)
	at org.apache.hadoop.ozone.protocolPB.ScmBlockLocationProtocolServerSideTranslatorPB.allocateScmBlock(ScmBlockLocationProtocolServerSideTranslatorPB.java:153)
	at org.apache.hadoop.ozone.protocolPB.ScmBlockLocationProtocolServerSideTranslatorPB.send(ScmBlockLocationProtocolServerSideTranslatorPB.java:112)
	at org.apache.hadoop.hdds.protocol.proto.ScmBlockLocationProtocolProtos$ScmBlockLocationProtocolService$2.callBlockingMethod(ScmBlockLocationProtocolProtos.java:13157)
	at org.apache.hadoop.ipc.ProtobufRpcEngine$Server$ProtoBufRpcInvoker.call(ProtobufRpcEngine.java:524)
	at org.apache.hadoop.ipc.RPC$Server.call(RPC.java:1025)
	at org.apache.hadoop.ipc.Server$RpcCall.run(Server.java:876)
	at org.apache.hadoop.ipc.Server$RpcCall.run(Server.java:822)
	at java.security.AccessController.doPrivileged(Native Method)
	at javax.security.auth.Subject.doAs(Subject.java:422)
	at org.apache.hadoop.security.UserGroupInformation.doAs(UserGroupInformation.java:1730)
	at org.apache.hadoop.ipc.Server$Handler.run(Server.java:2682)
2019-09-18 18:03:07,291 [IPC Server handler 0 on 40261] INFO  block.BlockManagerImpl (BlockManagerImpl.java:allocateBlock(227)) - Could not find available pipeline of type:RATIS and factor:THREE even after retrying
2019-09-18 18:03:07,291 [IPC Server handler 0 on 40261] ERROR block.BlockManagerImpl (BlockManagerImpl.java:allocateBlock(251)) - Unable to allocate a block for the size: 4194304, type: RATIS, factor: THREE
2019-09-18 18:03:07,291 [IPC Server handler 0 on 40261] WARN  block.BlockManagerImpl (BlockManagerImpl.java:allocateBlock(221)) - Pipeline creation failed for type:RATIS factor:THREE. Retrying get pipelines call once.
org.apache.hadoop.hdds.scm.pipeline.InsufficientDatanodesException: Cannot create pipeline of factor 3 using 0 nodes.
	at org.apache.hadoop.hdds.scm.pipeline.RatisPipelineProvider.create(RatisPipelineProvider.java:145)
	at org.apache.hadoop.hdds.scm.pipeline.PipelineFactory.create(PipelineFactory.java:59)
	at org.apache.hadoop.hdds.scm.pipeline.SCMPipelineManager.createPipeline(SCMPipelineManager.java:171)
	at org.apache.hadoop.hdds.scm.block.BlockManagerImpl.allocateBlock(BlockManagerImpl.java:210)
	at org.apache.hadoop.hdds.scm.server.SCMBlockProtocolServer.allocateBlock(SCMBlockProtocolServer.java:175)
	at org.apache.hadoop.ozone.protocolPB.ScmBlockLocationProtocolServerSideTranslatorPB.allocateScmBlock(ScmBlockLocationProtocolServerSideTranslatorPB.java:153)
	at org.apache.hadoop.ozone.protocolPB.ScmBlockLocationProtocolServerSideTranslatorPB.send(ScmBlockLocationProtocolServerSideTranslatorPB.java:112)
	at org.apache.hadoop.hdds.protocol.proto.ScmBlockLocationProtocolProtos$ScmBlockLocationProtocolService$2.callBlockingMethod(ScmBlockLocationProtocolProtos.java:13157)
	at org.apache.hadoop.ipc.ProtobufRpcEngine$Server$ProtoBufRpcInvoker.call(ProtobufRpcEngine.java:524)
	at org.apache.hadoop.ipc.RPC$Server.call(RPC.java:1025)
	at org.apache.hadoop.ipc.Server$RpcCall.run(Server.java:876)
	at org.apache.hadoop.ipc.Server$RpcCall.run(Server.java:822)
	at java.security.AccessController.doPrivileged(Native Method)
	at javax.security.auth.Subject.doAs(Subject.java:422)
	at org.apache.hadoop.security.UserGroupInformation.doAs(UserGroupInformation.java:1730)
	at org.apache.hadoop.ipc.Server$Handler.run(Server.java:2682)
2019-09-18 18:03:07,292 [IPC Server handler 0 on 40261] INFO  block.BlockManagerImpl (BlockManagerImpl.java:allocateBlock(227)) - Could not find available pipeline of type:RATIS and factor:THREE even after retrying
2019-09-18 18:03:07,292 [IPC Server handler 0 on 40261] ERROR block.BlockManagerImpl (BlockManagerImpl.java:allocateBlock(251)) - Unable to allocate a block for the size: 4194304, type: RATIS, factor: THREE
2019-09-18 18:03:07,292 | INFO  | SCMAudit | user=jenkins1000 | ip=192.168.5.185 | op=ALLOCATE_BLOCK {owner=f48bb099-9c80-4f29-a314-906c86bfa4c5, size=4194304, type=RATIS, factor=THREE} | ret=SUCCESS |  
2019-09-18 18:03:07,294 | ERROR | OMAudit | user=jenkins1000 | ip=127.0.0.1 | op=ALLOCATE_KEY {volume=vol-0-11561, bucket=bucket-0-89248, key=key-0-19400, dataSize=20971520, replicationType=RATIS, replicationFactor=THREE, keyLocationInfo=null} | ret=FAILURE | org.apache.hadoop.hdds.scm.exceptions.SCMException: Allocated 0 blocks. Requested 5 blocks
	at org.apache.hadoop.hdds.scm.protocolPB.ScmBlockLocationProtocolClientSideTranslatorPB.handleError(ScmBlockLocationProtocolClientSideTranslatorPB.java:118)
	at org.apache.hadoop.hdds.scm.protocolPB.ScmBlockLocationProtocolClientSideTranslatorPB.allocateBlock(ScmBlockLocationProtocolClientSideTranslatorPB.java:156) 
2019-09-18 18:03:07,297 [pool-62-thread-3] ERROR freon.RandomKeyGenerator (RandomKeyGenerator.java:createKey(724)) - Exception while adding key: key-0-19400 in bucket: bucket-0-89248 of volume: vol-0-11561.
INTERNAL_ERROR org.apache.hadoop.ozone.om.exceptions.OMException: Allocated 0 blocks. Requested 5 blocks
	at org.apache.hadoop.ozone.om.protocolPB.OzoneManagerProtocolClientSideTranslatorPB.handleError(OzoneManagerProtocolClientSideTranslatorPB.java:725)
	at org.apache.hadoop.ozone.om.protocolPB.OzoneManagerProtocolClientSideTranslatorPB.openKey(OzoneManagerProtocolClientSideTranslatorPB.java:716)
	at org.apache.hadoop.ozone.client.rpc.RpcClient.createKey(RpcClient.java:615)
	at org.apache.hadoop.ozone.client.OzoneBucket.createKey(OzoneBucket.java:323)
	at org.apache.hadoop.ozone.freon.RandomKeyGenerator.createKey(RandomKeyGenerator.java:686)
	at org.apache.hadoop.ozone.freon.RandomKeyGenerator.access$1100(RandomKeyGenerator.java:87)
	at org.apache.hadoop.ozone.freon.RandomKeyGenerator$ObjectCreator.run(RandomKeyGenerator.java:606)
	at java.util.concurrent.Executors$RunnableAdapter.call(Executors.java:511)
	at java.util.concurrent.FutureTask.run(FutureTask.java:266)
	at java.util.concurrent.ThreadPoolExecutor.runWorker(ThreadPoolExecutor.java:1149)
	at java.util.concurrent.ThreadPoolExecutor$Worker.run(ThreadPoolExecutor.java:624)
	at java.lang.Thread.run(Thread.java:748)
2019-09-18 18:03:08,089 | INFO  | SCMAudit | user=jenkins1000 | ip=192.168.5.185 | op=SEND_HEARTBEAT {datanodeUUID=43decd5c-1b5a-43ef-8295-9634006390e4, command=[commandType: closePipelineCommand closePipelineCommandProto { pipelineID { id: "cbcd9ebb-7770-4d57-a7a7-9bee98a316d3" } cmdId: 1568829768219 } , commandType: closeContainerCommand closeContainerCommandProto { containerID: 1 pipelineID { id: "cbcd9ebb-7770-4d57-a7a7-9bee98a316d3" } cmdId: 1 force: false } , commandType: createPipelineCommand createPipelineCommandProto { pipelineID { id: "810908e0-5620-4e2c-bd39-385cb8aa9c61" } type: RATIS factor: THREE datanode { uuid: "43decd5c-1b5a-43ef-8295-9634006390e4" ipAddress: "192.168.5.185" hostName: "pr-hdds-2034-lb7qt-2171347232" ports { name: "REST" value: 46872 } ports { name: "RATIS" value: 42210 } ports { name: "STANDALONE" value: 39801 } networkName: "43decd5c-1b5a-43ef-8295-9634006390e4" networkLocation: "/default-rack" } datanode { uuid: "f9c0c0c0-b23a-4753-91c5-508b70f9f49b" ipAddress: "192.168.5.185" hostName: "pr-hdds-2034-lb7qt-2171347232" ports { name: "REST" value: 42902 } ports { name: "RATIS" value: 39172 } ports { name: "STANDALONE" value: 37334 } networkName: "f9c0c0c0-b23a-4753-91c5-508b70f9f49b" networkLocation: "/default-rack" } datanode { uuid: "7cb5bd27-452a-4b56-9ea4-268b54436f3d" ipAddress: "192.168.5.185" hostName: "pr-hdds-2034-lb7qt-2171347232" ports { name: "REST" value: 39351 } ports { name: "RATIS" value: 40381 } ports { name: "STANDALONE" value: 37487 } networkName: "7cb5bd27-452a-4b56-9ea4-268b54436f3d" networkLocation: "/default-rack" } cmdId: 1568829768220 } ]} | ret=SUCCESS |  
2019-09-18 18:03:08,090 | INFO  | SCMAudit | user=jenkins1000 | ip=192.168.5.185 | op=SEND_HEARTBEAT {datanodeUUID=f9c0c0c0-b23a-4753-91c5-508b70f9f49b, command=[commandType: closePipelineCommand closePipelineCommandProto { pipelineID { id: "cbcd9ebb-7770-4d57-a7a7-9bee98a316d3" } cmdId: 1568829768219 } , commandType: closeContainerCommand closeContainerCommandProto { containerID: 1 pipelineID { id: "cbcd9ebb-7770-4d57-a7a7-9bee98a316d3" } cmdId: 1 force: false } , commandType: createPipelineCommand createPipelineCommandProto { pipelineID { id: "810908e0-5620-4e2c-bd39-385cb8aa9c61" } type: RATIS factor: THREE datanode { uuid: "43decd5c-1b5a-43ef-8295-9634006390e4" ipAddress: "192.168.5.185" hostName: "pr-hdds-2034-lb7qt-2171347232" ports { name: "REST" value: 46872 } ports { name: "RATIS" value: 42210 } ports { name: "STANDALONE" value: 39801 } networkName: "43decd5c-1b5a-43ef-8295-9634006390e4" networkLocation: "/default-rack" } datanode { uuid: "f9c0c0c0-b23a-4753-91c5-508b70f9f49b" ipAddress: "192.168.5.185" hostName: "pr-hdds-2034-lb7qt-2171347232" ports { name: "REST" value: 42902 } ports { name: "RATIS" value: 39172 } ports { name: "STANDALONE" value: 37334 } networkName: "f9c0c0c0-b23a-4753-91c5-508b70f9f49b" networkLocation: "/default-rack" } datanode { uuid: "7cb5bd27-452a-4b56-9ea4-268b54436f3d" ipAddress: "192.168.5.185" hostName: "pr-hdds-2034-lb7qt-2171347232" ports { name: "REST" value: 39351 } ports { name: "RATIS" value: 40381 } ports { name: "STANDALONE" value: 37487 } networkName: "7cb5bd27-452a-4b56-9ea4-268b54436f3d" networkLocation: "/default-rack" } cmdId: 1568829768220 } ]} | ret=SUCCESS |  
2019-09-18 18:03:08,090 | INFO  | SCMAudit | user=jenkins1000 | ip=192.168.5.185 | op=SEND_HEARTBEAT {datanodeUUID=7cb5bd27-452a-4b56-9ea4-268b54436f3d, command=[commandType: closeContainerCommand closeContainerCommandProto { containerID: 1 pipelineID { id: "cbcd9ebb-7770-4d57-a7a7-9bee98a316d3" } cmdId: 1 force: false } , commandType: closePipelineCommand closePipelineCommandProto { pipelineID { id: "cbcd9ebb-7770-4d57-a7a7-9bee98a316d3" } cmdId: 1568829768219 } , commandType: createPipelineCommand createPipelineCommandProto { pipelineID { id: "810908e0-5620-4e2c-bd39-385cb8aa9c61" } type: RATIS factor: THREE datanode { uuid: "43decd5c-1b5a-43ef-8295-9634006390e4" ipAddress: "192.168.5.185" hostName: "pr-hdds-2034-lb7qt-2171347232" ports { name: "REST" value: 46872 } ports { name: "RATIS" value: 42210 } ports { name: "STANDALONE" value: 39801 } networkName: "43decd5c-1b5a-43ef-8295-9634006390e4" networkLocation: "/default-rack" } datanode { uuid: "f9c0c0c0-b23a-4753-91c5-508b70f9f49b" ipAddress: "192.168.5.185" hostName: "pr-hdds-2034-lb7qt-2171347232" ports { name: "REST" value: 42902 } ports { name: "RATIS" value: 39172 } ports { name: "STANDALONE" value: 37334 } networkName: "f9c0c0c0-b23a-4753-91c5-508b70f9f49b" networkLocation: "/default-rack" } datanode { uuid: "7cb5bd27-452a-4b56-9ea4-268b54436f3d" ipAddress: "192.168.5.185" hostName: "pr-hdds-2034-lb7qt-2171347232" ports { name: "REST" value: 39351 } ports { name: "RATIS" value: 40381 } ports { name: "STANDALONE" value: 37487 } networkName: "7cb5bd27-452a-4b56-9ea4-268b54436f3d" networkLocation: "/default-rack" } cmdId: 1568829768220 } ]} | ret=SUCCESS |  
 0.00% |█                                                                                                    |  0/1 Time: 0:00:012019-09-18 18:03:09,077 | INFO  | SCMAudit | user=jenkins1000 | ip=192.168.5.185 | op=SEND_HEARTBEAT {datanodeUUID=f9c0c0c0-b23a-4753-91c5-508b70f9f49b, command=[]} | ret=SUCCESS |  
2019-09-18 18:03:09,077 | INFO  | SCMAudit | user=jenkins1000 | ip=192.168.5.185 | op=SEND_HEARTBEAT {datanodeUUID=43decd5c-1b5a-43ef-8295-9634006390e4, command=[]} | ret=SUCCESS |  
2019-09-18 18:03:09,079 | INFO  | SCMAudit | user=jenkins1000 | ip=192.168.5.185 | op=SEND_HEARTBEAT {datanodeUUID=7cb5bd27-452a-4b56-9ea4-268b54436f3d, command=[]} | ret=SUCCESS |  
2019-09-18 18:03:09,096 [grpc-default-executor-0] INFO  impl.RaftServerProxy (RaftServerProxy.java:remove(95)) - 43decd5c-1b5a-43ef-8295-9634006390e4: remove FOLLOWER group-9BEE98A316D3 43decd5c-1b5a-43ef-8295-9634006390e4:t1, leader=f9c0c0c0-b23a-4753-91c5-508b70f9f49b, voted=f9c0c0c0-b23a-4753-91c5-508b70f9f49b, raftlog=43decd5c-1b5a-43ef-8295-9634006390e4-SegmentedRaftLog:OPENED:c78,f78,i78, conf=0: [43decd5c-1b5a-43ef-8295-9634006390e4:192.168.5.185:42210, 7cb5bd27-452a-4b56-9ea4-268b54436f3d:192.168.5.185:40381, f9c0c0c0-b23a-4753-91c5-508b70f9f49b:192.168.5.185:39172], old=null RUNNING
2019-09-18 18:03:09,098 [grpc-default-executor-0] INFO  impl.RaftServerImpl (RaftServerImpl.java:lambda$shutdown$3(245)) - 43decd5c-1b5a-43ef-8295-9634006390e4: shutdown group-9BEE98A316D3
2019-09-18 18:03:09,098 [grpc-default-executor-0] INFO  util.JmxRegister (JmxRegister.java:unregister(73)) - Successfully un-registered JMX Bean with object name Ratis:service=RaftServer,group=group-9BEE98A316D3,id=43decd5c-1b5a-43ef-8295-9634006390e4
2019-09-18 18:03:09,098 [grpc-default-executor-0] INFO  impl.RoleInfo (RoleInfo.java:shutdownFollowerState(121)) - 43decd5c-1b5a-43ef-8295-9634006390e4: shutdown FollowerState
2019-09-18 18:03:09,099 [Thread-229] INFO  impl.FollowerState (FollowerState.java:run(114)) - 43decd5c-1b5a-43ef-8295-9634006390e4: FollowerState was interrupted: java.lang.InterruptedException: sleep interrupted
2019-09-18 18:03:09,101 [grpc-default-executor-0] INFO  impl.StateMachineUpdater (StateMachineUpdater.java:stopAndJoin(115)) - StateMachineUpdater:43decd5c-1b5a-43ef-8295-9634006390e4:group-9BEE98A316D3: set stopIndex = 78
2019-09-18 18:03:09,102 [StateMachineUpdater:43decd5c-1b5a-43ef-8295-9634006390e4:group-9BEE98A316D3] INFO  ratis.ContainerStateMachine (ContainerStateMachine.java:takeSnapshot(283)) - group-9BEE98A316D3: Taking a snapshot at:(t:1, i:76) file /workdir/hadoop-ozone/tools/target/test-dir/MiniOzoneClusterImpl-b338881a-fe91-4e40-bf12-d8a0ad576167/datanode-1/data/ratis/cbcd9ebb-7770-4d57-a7a7-9bee98a316d3/sm/snapshot.1_76
2019-09-18 18:03:09,113 | INFO  | SCMAudit | user=jenkins1000 | ip=192.168.5.185 | op=SEND_HEARTBEAT {datanodeUUID=7cb5bd27-452a-4b56-9ea4-268b54436f3d, command=[]} | ret=SUCCESS |  
2019-09-18 18:03:09,125 [grpc-default-executor-1] INFO  impl.RaftServerProxy (RaftServerProxy.java:remove(95)) - 7cb5bd27-452a-4b56-9ea4-268b54436f3d: remove FOLLOWER group-9BEE98A316D3 7cb5bd27-452a-4b56-9ea4-268b54436f3d:t1, leader=f9c0c0c0-b23a-4753-91c5-508b70f9f49b, voted=f9c0c0c0-b23a-4753-91c5-508b70f9f49b, raftlog=7cb5bd27-452a-4b56-9ea4-268b54436f3d-SegmentedRaftLog:OPENED:c78,f78,i78, conf=0: [43decd5c-1b5a-43ef-8295-9634006390e4:192.168.5.185:42210, 7cb5bd27-452a-4b56-9ea4-268b54436f3d:192.168.5.185:40381, f9c0c0c0-b23a-4753-91c5-508b70f9f49b:192.168.5.185:39172], old=null RUNNING
2019-09-18 18:03:09,125 [grpc-default-executor-1] INFO  impl.RaftServerImpl (RaftServerImpl.java:lambda$shutdown$3(245)) - 7cb5bd27-452a-4b56-9ea4-268b54436f3d: shutdown group-9BEE98A316D3
2019-09-18 18:03:09,125 [grpc-default-executor-1] INFO  util.JmxRegister (JmxRegister.java:unregister(73)) - Successfully un-registered JMX Bean with object name Ratis:service=RaftServer,group=group-9BEE98A316D3,id=7cb5bd27-452a-4b56-9ea4-268b54436f3d
2019-09-18 18:03:09,125 [grpc-default-executor-1] INFO  impl.RoleInfo (RoleInfo.java:shutdownFollowerState(121)) - 7cb5bd27-452a-4b56-9ea4-268b54436f3d: shutdown FollowerState
2019-09-18 18:03:09,126 [grpc-default-executor-1] INFO  impl.StateMachineUpdater (StateMachineUpdater.java:stopAndJoin(115)) - StateMachineUpdater:7cb5bd27-452a-4b56-9ea4-268b54436f3d:group-9BEE98A316D3: set stopIndex = 78
2019-09-18 18:03:09,127 [StateMachineUpdater:7cb5bd27-452a-4b56-9ea4-268b54436f3d:group-9BEE98A316D3] INFO  ratis.ContainerStateMachine (ContainerStateMachine.java:takeSnapshot(283)) - group-9BEE98A316D3: Taking a snapshot at:(t:1, i:76) file /workdir/hadoop-ozone/tools/target/test-dir/MiniOzoneClusterImpl-b338881a-fe91-4e40-bf12-d8a0ad576167/datanode-0/data/ratis/cbcd9ebb-7770-4d57-a7a7-9bee98a316d3/sm/snapshot.1_76
2019-09-18 18:03:09,127 [Thread-228] INFO  impl.FollowerState (FollowerState.java:run(114)) - 7cb5bd27-452a-4b56-9ea4-268b54436f3d: FollowerState was interrupted: java.lang.InterruptedException: sleep interrupted
2019-09-18 18:03:09,143 [StateMachineUpdater:7cb5bd27-452a-4b56-9ea4-268b54436f3d:group-9BEE98A316D3] INFO  ratis.ContainerStateMachine (ContainerStateMachine.java:takeSnapshot(294)) - group-9BEE98A316D3: Finished taking a snapshot at:(t:1, i:76) file:/workdir/hadoop-ozone/tools/target/test-dir/MiniOzoneClusterImpl-b338881a-fe91-4e40-bf12-d8a0ad576167/datanode-0/data/ratis/cbcd9ebb-7770-4d57-a7a7-9bee98a316d3/sm/snapshot.1_76 time:15
2019-09-18 18:03:09,143 [StateMachineUpdater:43decd5c-1b5a-43ef-8295-9634006390e4:group-9BEE98A316D3] INFO  ratis.ContainerStateMachine (ContainerStateMachine.java:takeSnapshot(294)) - group-9BEE98A316D3: Finished taking a snapshot at:(t:1, i:76) file:/workdir/hadoop-ozone/tools/target/test-dir/MiniOzoneClusterImpl-b338881a-fe91-4e40-bf12-d8a0ad576167/datanode-1/data/ratis/cbcd9ebb-7770-4d57-a7a7-9bee98a316d3/sm/snapshot.1_76 time:43
2019-09-18 18:03:09,143 [StateMachineUpdater:7cb5bd27-452a-4b56-9ea4-268b54436f3d:group-9BEE98A316D3] INFO  impl.StateMachineUpdater (StateMachineUpdater.java:takeSnapshot(242)) - StateMachineUpdater:7cb5bd27-452a-4b56-9ea4-268b54436f3d:group-9BEE98A316D3: Took a snapshot at index 76
2019-09-18 18:03:09,143 [StateMachineUpdater:43decd5c-1b5a-43ef-8295-9634006390e4:group-9BEE98A316D3] INFO  impl.StateMachineUpdater (StateMachineUpdater.java:takeSnapshot(242)) - StateMachineUpdater:43decd5c-1b5a-43ef-8295-9634006390e4:group-9BEE98A316D3: Took a snapshot at index 76
2019-09-18 18:03:09,143 [StateMachineUpdater:7cb5bd27-452a-4b56-9ea4-268b54436f3d:group-9BEE98A316D3] INFO  impl.StateMachineUpdater (StateMachineUpdater.java:lambda$new$0(80)) - StateMachineUpdater:7cb5bd27-452a-4b56-9ea4-268b54436f3d:group-9BEE98A316D3: snapshotIndex: updateIncreasingly -1 -> 76
2019-09-18 18:03:09,143 [StateMachineUpdater:43decd5c-1b5a-43ef-8295-9634006390e4:group-9BEE98A316D3] INFO  impl.StateMachineUpdater (StateMachineUpdater.java:lambda$new$0(80)) - StateMachineUpdater:43decd5c-1b5a-43ef-8295-9634006390e4:group-9BEE98A316D3: snapshotIndex: updateIncreasingly -1 -> 76
2019-09-18 18:03:09,149 [grpc-default-executor-0] INFO  impl.RaftServerImpl (ServerState.java:close(394)) - 43decd5c-1b5a-43ef-8295-9634006390e4:group-9BEE98A316D3 closes. The last applied log index is 78
2019-09-18 18:03:09,149 [grpc-default-executor-1] INFO  impl.RaftServerImpl (ServerState.java:close(394)) - 7cb5bd27-452a-4b56-9ea4-268b54436f3d:group-9BEE98A316D3 closes. The last applied log index is 78
2019-09-18 18:03:09,151 [7cb5bd27-452a-4b56-9ea4-268b54436f3d-SegmentedRaftLogWorker:Storage Directory /workdir/hadoop-ozone/tools/target/test-dir/MiniOzoneClusterImpl-b338881a-fe91-4e40-bf12-d8a0ad576167/datanode-0/data/ratis/cbcd9ebb-7770-4d57-a7a7-9bee98a316d3] INFO  segmented.SegmentedRaftLogWorker (SegmentedRaftLogWorker.java:run(313)) - 7cb5bd27-452a-4b56-9ea4-268b54436f3d-SegmentedRaftLogWorker:Storage Directory /workdir/hadoop-ozone/tools/target/test-dir/MiniOzoneClusterImpl-b338881a-fe91-4e40-bf12-d8a0ad576167/datanode-0/data/ratis/cbcd9ebb-7770-4d57-a7a7-9bee98a316d3 was interrupted, exiting. There are 0 tasks remaining in the queue.
2019-09-18 18:03:09,151 [43decd5c-1b5a-43ef-8295-9634006390e4-SegmentedRaftLogWorker:Storage Directory /workdir/hadoop-ozone/tools/target/test-dir/MiniOzoneClusterImpl-b338881a-fe91-4e40-bf12-d8a0ad576167/datanode-1/data/ratis/cbcd9ebb-7770-4d57-a7a7-9bee98a316d3] INFO  segmented.SegmentedRaftLogWorker (SegmentedRaftLogWorker.java:run(313)) - 43decd5c-1b5a-43ef-8295-9634006390e4-SegmentedRaftLogWorker:Storage Directory /workdir/hadoop-ozone/tools/target/test-dir/MiniOzoneClusterImpl-b338881a-fe91-4e40-bf12-d8a0ad576167/datanode-1/data/ratis/cbcd9ebb-7770-4d57-a7a7-9bee98a316d3 was interrupted, exiting. There are 0 tasks remaining in the queue.
2019-09-18 18:03:09,153 [grpc-default-executor-0] INFO  segmented.SegmentedRaftLogWorker (SegmentedRaftLogWorker.java:close(228)) - 43decd5c-1b5a-43ef-8295-9634006390e4-SegmentedRaftLogWorker:Storage Directory /workdir/hadoop-ozone/tools/target/test-dir/MiniOzoneClusterImpl-b338881a-fe91-4e40-bf12-d8a0ad576167/datanode-1/data/ratis/cbcd9ebb-7770-4d57-a7a7-9bee98a316d3 close()
2019-09-18 18:03:09,153 [grpc-default-executor-1] INFO  segmented.SegmentedRaftLogWorker (SegmentedRaftLogWorker.java:close(228)) - 7cb5bd27-452a-4b56-9ea4-268b54436f3d-SegmentedRaftLogWorker:Storage Directory /workdir/hadoop-ozone/tools/target/test-dir/MiniOzoneClusterImpl-b338881a-fe91-4e40-bf12-d8a0ad576167/datanode-0/data/ratis/cbcd9ebb-7770-4d57-a7a7-9bee98a316d3 close()
2019-09-18 18:03:09,170 [Command processor thread] INFO  commandhandler.ClosePipelineCommandHandler (ClosePipelineCommandHandler.java:handle(87)) - Close Pipeline #PipelineID=cbcd9ebb-7770-4d57-a7a7-9bee98a316d3 command on datanode #7cb5bd27-452a-4b56-9ea4-268b54436f3d.
2019-09-18 18:03:09,171 [Command processor thread] INFO  commandhandler.ClosePipelineCommandHandler (ClosePipelineCommandHandler.java:handle(87)) - Close Pipeline #PipelineID=cbcd9ebb-7770-4d57-a7a7-9bee98a316d3 command on datanode #43decd5c-1b5a-43ef-8295-9634006390e4.
2019-09-18 18:03:09,179 [grpc-default-executor-1] INFO  impl.RaftServerProxy (RaftServerProxy.java:addNew(89)) - 7cb5bd27-452a-4b56-9ea4-268b54436f3d: addNew group-385CB8AA9C61:[43decd5c-1b5a-43ef-8295-9634006390e4:192.168.5.185:42210, 7cb5bd27-452a-4b56-9ea4-268b54436f3d:192.168.5.185:40381, f9c0c0c0-b23a-4753-91c5-508b70f9f49b:192.168.5.185:39172] returns group-385CB8AA9C61:java.util.concurrent.CompletableFuture@31b65569[Not completed]
2019-09-18 18:03:09,181 [pool-27-thread-1] INFO  impl.RaftServerImpl (RaftServerImpl.java:<init>(93)) - 7cb5bd27-452a-4b56-9ea4-268b54436f3d: new RaftServerImpl for group-385CB8AA9C61:[43decd5c-1b5a-43ef-8295-9634006390e4:192.168.5.185:42210, 7cb5bd27-452a-4b56-9ea4-268b54436f3d:192.168.5.185:40381, f9c0c0c0-b23a-4753-91c5-508b70f9f49b:192.168.5.185:39172] with ContainerStateMachine:uninitialized
2019-09-18 18:03:09,182 [pool-27-thread-1] INFO  server.RaftServerConfigKeys (ConfUtils.java:logGet(43)) - raft.server.rpc.timeout.min = 5s (custom)
2019-09-18 18:03:09,182 [pool-27-thread-1] INFO  server.RaftServerConfigKeys (ConfUtils.java:logGet(43)) - raft.server.rpc.timeout.max = 5200ms (custom)
2019-09-18 18:03:09,182 [pool-27-thread-1] INFO  server.RaftServerConfigKeys (ConfUtils.java:logGet(43)) - raft.server.rpcslowness.timeout = 120s (custom)
2019-09-18 18:03:09,182 [pool-27-thread-1] INFO  server.RaftServerConfigKeys (ConfUtils.java:logGet(43)) - raft.server.sleep.deviation.threshold = 300 (default)
2019-09-18 18:03:09,182 [pool-27-thread-1] INFO  server.RaftServerConfigKeys (ConfUtils.java:logGet(43)) - raft.server.log.appender.install.snapshot.enabled = false (custom)
2019-09-18 18:03:09,182 [pool-27-thread-1] INFO  impl.RaftServerImpl (ServerState.java:<init>(105)) - 7cb5bd27-452a-4b56-9ea4-268b54436f3d:group-385CB8AA9C61 ConfigurationManager, init=-1: [43decd5c-1b5a-43ef-8295-9634006390e4:192.168.5.185:42210, 7cb5bd27-452a-4b56-9ea4-268b54436f3d:192.168.5.185:40381, f9c0c0c0-b23a-4753-91c5-508b70f9f49b:192.168.5.185:39172], old=null, confs=<EMPTY_MAP>
2019-09-18 18:03:09,182 [pool-27-thread-1] INFO  server.RaftServerConfigKeys (ConfUtils.java:logGet(43)) - raft.server.storage.dir = [/workdir/hadoop-ozone/tools/target/test-dir/MiniOzoneClusterImpl-b338881a-fe91-4e40-bf12-d8a0ad576167/datanode-0/data/ratis] (custom)
2019-09-18 18:03:09,183 [pool-27-thread-1] INFO  storage.RaftStorageDirectory (RaftStorageDirectory.java:analyzeStorage(246)) - The storage directory /workdir/hadoop-ozone/tools/target/test-dir/MiniOzoneClusterImpl-b338881a-fe91-4e40-bf12-d8a0ad576167/datanode-0/data/ratis/810908e0-5620-4e2c-bd39-385cb8aa9c61 does not exist. Creating ...
2019-09-18 18:03:09,212 [pool-27-thread-1] INFO  storage.RaftStorageDirectory (RaftStorageDirectory.java:tryLock(328)) - Lock on /workdir/hadoop-ozone/tools/target/test-dir/MiniOzoneClusterImpl-b338881a-fe91-4e40-bf12-d8a0ad576167/datanode-0/data/ratis/810908e0-5620-4e2c-bd39-385cb8aa9c61/in_use.lock acquired by nodename 31290@pr-hdds-2034-lb7qt-2171347232
2019-09-18 18:03:09,215 | INFO  | SCMAudit | user=jenkins1000 | ip=192.168.5.185 | op=SEND_HEARTBEAT {datanodeUUID=43decd5c-1b5a-43ef-8295-9634006390e4, command=[]} | ret=SUCCESS |  
2019-09-18 18:03:09,230 [Command processor thread] INFO  interfaces.Container (KeyValueContainer.java:flushAndSyncDB(382)) - Container 1 is synced with bcsId 60.
2019-09-18 18:03:09,230 [Command processor thread] INFO  interfaces.Container (KeyValueContainer.java:flushAndSyncDB(382)) - Container 1 is synced with bcsId 60.
2019-09-18 18:03:09,247 [pool-27-thread-1] INFO  storage.RaftStorage (RaftStorage.java:format(72)) - Storage directory /workdir/hadoop-ozone/tools/target/test-dir/MiniOzoneClusterImpl-b338881a-fe91-4e40-bf12-d8a0ad576167/datanode-0/data/ratis/810908e0-5620-4e2c-bd39-385cb8aa9c61 has been successfully formatted.
2019-09-18 18:03:09,247 [pool-27-thread-1] INFO  ratis.ContainerStateMachine (ContainerStateMachine.java:loadSnapshot(226)) - group-385CB8AA9C61: The snapshot info is null. Setting the last applied indexto:(t:0, i:~)
2019-09-18 18:03:09,247 [pool-27-thread-1] INFO  server.RaftServerConfigKeys (ConfUtils.java:logGet(43)) - raft.server.leader.election.timeout = 120s (custom)
2019-09-18 18:03:09,248 [pool-27-thread-1] INFO  server.RaftServerConfigKeys (ConfUtils.java:logGet(43)) - raft.server.log.use.memory = false (default)
2019-09-18 18:03:09,248 [pool-27-thread-1] INFO  server.RaftServerConfigKeys (ConfUtils.java:logGet(43)) - raft.server.log.purge.gap = 1000000 (custom)
2019-09-18 18:03:09,248 [pool-27-thread-1] INFO  server.RaftServerConfigKeys (ConfUtils.java:logGet(43)) - raft.server.log.appender.buffer.byte-limit = 33554432 (custom)
2019-09-18 18:03:09,248 [pool-27-thread-1] INFO  server.RaftServerConfigKeys (ConfUtils.java:logGet(43)) - raft.server.log.segment.size.max = 1048576 (custom)
2019-09-18 18:03:09,248 [pool-27-thread-1] INFO  server.RaftServerConfigKeys (ConfUtils.java:logGet(43)) - raft.server.log.segment.cache.num.max = 2 (custom)
2019-09-18 18:03:09,249 [pool-27-thread-1] INFO  segmented.SegmentedRaftLogWorker (SegmentedRaftLogWorker.java:<init>(172)) - new 7cb5bd27-452a-4b56-9ea4-268b54436f3d-SegmentedRaftLogWorker:Storage Directory /workdir/hadoop-ozone/tools/target/test-dir/MiniOzoneClusterImpl-b338881a-fe91-4e40-bf12-d8a0ad576167/datanode-0/data/ratis/810908e0-5620-4e2c-bd39-385cb8aa9c61 for RaftStorage:Storage Directory /workdir/hadoop-ozone/tools/target/test-dir/MiniOzoneClusterImpl-b338881a-fe91-4e40-bf12-d8a0ad576167/datanode-0/data/ratis/810908e0-5620-4e2c-bd39-385cb8aa9c61
2019-09-18 18:03:09,249 [pool-27-thread-1] INFO  server.RaftServerConfigKeys (ConfUtils.java:logGet(43)) - raft.server.log.queue.byte-limit = 2147483647 (custom)
2019-09-18 18:03:09,249 [pool-27-thread-1] INFO  server.RaftServerConfigKeys (ConfUtils.java:logGet(43)) - raft.server.log.queue.element-limit = 1024 (custom)
2019-09-18 18:03:09,249 | INFO  | SCMAudit | user=jenkins1000 | ip=192.168.5.185 | op=SEND_HEARTBEAT {datanodeUUID=43decd5c-1b5a-43ef-8295-9634006390e4, command=[]} | ret=SUCCESS |  
2019-09-18 18:03:09,249 [EventQueue-IncrementalContainerReportForIncrementalContainerReportHandler] INFO  container.IncrementalContainerReportHandler (AbstractContainerReportHandler.java:updateContainerState(169)) - Moving container #1 to QUASI_CLOSED state, datanode 43decd5c-1b5a-43ef-8295-9634006390e4{ip: 192.168.5.185, host: pr-hdds-2034-lb7qt-2171347232, networkLocation: /default-rack, certSerialId: null} reported QUASI_CLOSED replica.
2019-09-18 18:03:09,251 [pool-27-thread-1] INFO  server.RaftServerConfigKeys (ConfUtils.java:logGet(43)) - raft.server.log.segment.size.max = 1048576 (custom)
2019-09-18 18:03:09,251 [pool-27-thread-1] INFO  server.RaftServerConfigKeys (ConfUtils.java:logGet(43)) - raft.server.log.preallocated.size = 16384 (custom)
2019-09-18 18:03:09,251 [pool-27-thread-1] INFO  server.RaftServerConfigKeys (ConfUtils.java:logGet(43)) - raft.server.log.write.buffer.size = 33554432 (custom)
2019-09-18 18:03:09,252 [pool-27-thread-1] INFO  server.RaftServerConfigKeys (ConfUtils.java:logGet(43)) - raft.server.log.force.sync.num = 128 (default)
2019-09-18 18:03:09,255 [pool-27-thread-1] INFO  server.RaftServerConfigKeys (ConfUtils.java:logGet(43)) - raft.server.log.statemachine.data.sync = true (default)
2019-09-18 18:03:09,255 [pool-27-thread-1] INFO  server.RaftServerConfigKeys (ConfUtils.java:logGet(43)) - raft.server.log.statemachine.data.sync.timeout = 10s (default)
2019-09-18 18:03:09,255 [pool-27-thread-1] INFO  server.RaftServerConfigKeys (ConfUtils.java:logGet(43)) - raft.server.log.statemachine.data.sync.timeout.retry = -1 (default)
2019-09-18 18:03:09,256 [pool-27-thread-1] INFO  server.RaftServerConfigKeys (ConfUtils.java:logGet(43)) - raft.server.log.statemachine.data.caching.enabled = true (custom)
2019-09-18 18:03:09,256 [pool-27-thread-1] INFO  segmented.SegmentedRaftLogWorker (SegmentedRaftLogWorker.java:lambda$new$0(132)) - 7cb5bd27-452a-4b56-9ea4-268b54436f3d-SegmentedRaftLogWorker:Storage Directory /workdir/hadoop-ozone/tools/target/test-dir/MiniOzoneClusterImpl-b338881a-fe91-4e40-bf12-d8a0ad576167/datanode-0/data/ratis/810908e0-5620-4e2c-bd39-385cb8aa9c61: flushIndex: setUnconditionally 0 -> -1
2019-09-18 18:03:09,256 [pool-27-thread-1] INFO  server.RaftServerConfigKeys (ConfUtils.java:logGet(43)) - raft.server.snapshot.auto.trigger.enabled = true (custom)
2019-09-18 18:03:09,257 [pool-27-thread-1] INFO  server.RaftServerConfigKeys (ConfUtils.java:logGet(43)) - raft.server.snapshot.auto.trigger.threshold = 10000 (custom)
2019-09-18 18:03:09,257 [pool-27-thread-1] INFO  server.RaftServerConfigKeys (ConfUtils.java:logGet(43)) - raft.server.retrycache.expirytime = 600000ms (custom)
2019-09-18 18:03:09,257 [pool-27-thread-1] INFO  impl.RaftServerImpl (RaftServerImpl.java:start(180)) - 7cb5bd27-452a-4b56-9ea4-268b54436f3d: start group-385CB8AA9C61
2019-09-18 18:03:09,257 [pool-27-thread-1] INFO  impl.RaftServerImpl (RaftServerImpl.java:setRole(171)) - 7cb5bd27-452a-4b56-9ea4-268b54436f3d:group-385CB8AA9C61 changes role from null to FOLLOWER at term 0 for startAsFollower
2019-09-18 18:03:09,257 [pool-27-thread-1] INFO  impl.RoleInfo (RoleInfo.java:updateAndGet(143)) - 7cb5bd27-452a-4b56-9ea4-268b54436f3d: start FollowerState
2019-09-18 18:03:09,258 [pool-27-thread-1] INFO  util.JmxRegister (JmxRegister.java:tryRegister(44)) - Successfully registered JMX Bean with object name Ratis:service=RaftServer,group=group-385CB8AA9C61,id=7cb5bd27-452a-4b56-9ea4-268b54436f3d
 0.00% |█                                                                                                    |  0/1 Time: 0:00:022019-09-18 18:03:09,261 [grpc-default-executor-1] INFO  impl.RaftServerProxy (RaftServerProxy.java:addNew(89)) - 43decd5c-1b5a-43ef-8295-9634006390e4: addNew group-385CB8AA9C61:[43decd5c-1b5a-43ef-8295-9634006390e4:192.168.5.185:42210, 7cb5bd27-452a-4b56-9ea4-268b54436f3d:192.168.5.185:40381, f9c0c0c0-b23a-4753-91c5-508b70f9f49b:192.168.5.185:39172] returns group-385CB8AA9C61:java.util.concurrent.CompletableFuture@3da56867[Not completed]
2019-09-18 18:03:09,265 [Command processor thread] INFO  commandhandler.CreatePipelineCommandHandler (CreatePipelineCommandHandler.java:handle(112)) - Create Pipeline RATIS THREE #PipelineID=810908e0-5620-4e2c-bd39-385cb8aa9c61 command succeed on datanode 7cb5bd27-452a-4b56-9ea4-268b54436f3d.
2019-09-18 18:03:09,265 [pool-38-thread-1] INFO  impl.RaftServerImpl (RaftServerImpl.java:<init>(93)) - 43decd5c-1b5a-43ef-8295-9634006390e4: new RaftServerImpl for group-385CB8AA9C61:[43decd5c-1b5a-43ef-8295-9634006390e4:192.168.5.185:42210, 7cb5bd27-452a-4b56-9ea4-268b54436f3d:192.168.5.185:40381, f9c0c0c0-b23a-4753-91c5-508b70f9f49b:192.168.5.185:39172] with ContainerStateMachine:uninitialized
2019-09-18 18:03:09,265 [pool-38-thread-1] INFO  server.RaftServerConfigKeys (ConfUtils.java:logGet(43)) - raft.server.rpc.timeout.min = 5s (custom)
2019-09-18 18:03:09,266 [pool-38-thread-1] INFO  server.RaftServerConfigKeys (ConfUtils.java:logGet(43)) - raft.server.rpc.timeout.max = 5200ms (custom)
2019-09-18 18:03:09,266 [pool-38-thread-1] INFO  server.RaftServerConfigKeys (ConfUtils.java:logGet(43)) - raft.server.rpcslowness.timeout = 120s (custom)
2019-09-18 18:03:09,266 [pool-38-thread-1] INFO  server.RaftServerConfigKeys (ConfUtils.java:logGet(43)) - raft.server.sleep.deviation.threshold = 300 (default)
2019-09-18 18:03:09,266 [pool-38-thread-1] INFO  server.RaftServerConfigKeys (ConfUtils.java:logGet(43)) - raft.server.log.appender.install.snapshot.enabled = false (custom)
2019-09-18 18:03:09,266 [pool-38-thread-1] INFO  impl.RaftServerImpl (ServerState.java:<init>(105)) - 43decd5c-1b5a-43ef-8295-9634006390e4:group-385CB8AA9C61 ConfigurationManager, init=-1: [43decd5c-1b5a-43ef-8295-9634006390e4:192.168.5.185:42210, 7cb5bd27-452a-4b56-9ea4-268b54436f3d:192.168.5.185:40381, f9c0c0c0-b23a-4753-91c5-508b70f9f49b:192.168.5.185:39172], old=null, confs=<EMPTY_MAP>
2019-09-18 18:03:09,266 [pool-38-thread-1] INFO  server.RaftServerConfigKeys (ConfUtils.java:logGet(43)) - raft.server.storage.dir = [/workdir/hadoop-ozone/tools/target/test-dir/MiniOzoneClusterImpl-b338881a-fe91-4e40-bf12-d8a0ad576167/datanode-1/data/ratis] (custom)
2019-09-18 18:03:09,266 [pool-38-thread-1] INFO  storage.RaftStorageDirectory (RaftStorageDirectory.java:analyzeStorage(246)) - The storage directory /workdir/hadoop-ozone/tools/target/test-dir/MiniOzoneClusterImpl-b338881a-fe91-4e40-bf12-d8a0ad576167/datanode-1/data/ratis/810908e0-5620-4e2c-bd39-385cb8aa9c61 does not exist. Creating ...
2019-09-18 18:03:09,289 [pool-38-thread-1] INFO  storage.RaftStorageDirectory (RaftStorageDirectory.java:tryLock(328)) - Lock on /workdir/hadoop-ozone/tools/target/test-dir/MiniOzoneClusterImpl-b338881a-fe91-4e40-bf12-d8a0ad576167/datanode-1/data/ratis/810908e0-5620-4e2c-bd39-385cb8aa9c61/in_use.lock acquired by nodename 31290@pr-hdds-2034-lb7qt-2171347232
2019-09-18 18:03:09,316 [pool-38-thread-1] INFO  storage.RaftStorage (RaftStorage.java:format(72)) - Storage directory /workdir/hadoop-ozone/tools/target/test-dir/MiniOzoneClusterImpl-b338881a-fe91-4e40-bf12-d8a0ad576167/datanode-1/data/ratis/810908e0-5620-4e2c-bd39-385cb8aa9c61 has been successfully formatted.
2019-09-18 18:03:09,316 [pool-38-thread-1] INFO  ratis.ContainerStateMachine (ContainerStateMachine.java:loadSnapshot(226)) - group-385CB8AA9C61: The snapshot info is null. Setting the last applied indexto:(t:0, i:~)
2019-09-18 18:03:09,316 [pool-38-thread-1] INFO  server.RaftServerConfigKeys (ConfUtils.java:logGet(43)) - raft.server.leader.election.timeout = 120s (custom)
2019-09-18 18:03:09,316 [pool-38-thread-1] INFO  server.RaftServerConfigKeys (ConfUtils.java:logGet(43)) - raft.server.log.use.memory = false (default)
2019-09-18 18:03:09,316 [pool-38-thread-1] INFO  server.RaftServerConfigKeys (ConfUtils.java:logGet(43)) - raft.server.log.purge.gap = 1000000 (custom)
2019-09-18 18:03:09,316 [pool-38-thread-1] INFO  server.RaftServerConfigKeys (ConfUtils.java:logGet(43)) - raft.server.log.appender.buffer.byte-limit = 33554432 (custom)
2019-09-18 18:03:09,316 [pool-38-thread-1] INFO  server.RaftServerConfigKeys (ConfUtils.java:logGet(43)) - raft.server.log.segment.size.max = 1048576 (custom)
2019-09-18 18:03:09,317 [pool-38-thread-1] INFO  server.RaftServerConfigKeys (ConfUtils.java:logGet(43)) - raft.server.log.segment.cache.num.max = 2 (custom)
2019-09-18 18:03:09,317 [pool-38-thread-1] INFO  segmented.SegmentedRaftLogWorker (SegmentedRaftLogWorker.java:<init>(172)) - new 43decd5c-1b5a-43ef-8295-9634006390e4-SegmentedRaftLogWorker:Storage Directory /workdir/hadoop-ozone/tools/target/test-dir/MiniOzoneClusterImpl-b338881a-fe91-4e40-bf12-d8a0ad576167/datanode-1/data/ratis/810908e0-5620-4e2c-bd39-385cb8aa9c61 for RaftStorage:Storage Directory /workdir/hadoop-ozone/tools/target/test-dir/MiniOzoneClusterImpl-b338881a-fe91-4e40-bf12-d8a0ad576167/datanode-1/data/ratis/810908e0-5620-4e2c-bd39-385cb8aa9c61
2019-09-18 18:03:09,317 [pool-38-thread-1] INFO  server.RaftServerConfigKeys (ConfUtils.java:logGet(43)) - raft.server.log.queue.byte-limit = 2147483647 (custom)
2019-09-18 18:03:09,317 [pool-38-thread-1] INFO  server.RaftServerConfigKeys (ConfUtils.java:logGet(43)) - raft.server.log.queue.element-limit = 1024 (custom)
2019-09-18 18:03:09,317 [pool-38-thread-1] INFO  server.RaftServerConfigKeys (ConfUtils.java:logGet(43)) - raft.server.log.segment.size.max = 1048576 (custom)
2019-09-18 18:03:09,317 [pool-38-thread-1] INFO  server.RaftServerConfigKeys (ConfUtils.java:logGet(43)) - raft.server.log.preallocated.size = 16384 (custom)
2019-09-18 18:03:09,317 [pool-38-thread-1] INFO  server.RaftServerConfigKeys (ConfUtils.java:logGet(43)) - raft.server.log.write.buffer.size = 33554432 (custom)
2019-09-18 18:03:09,317 [pool-38-thread-1] INFO  server.RaftServerConfigKeys (ConfUtils.java:logGet(43)) - raft.server.log.force.sync.num = 128 (default)
2019-09-18 18:03:09,318 [pool-38-thread-1] INFO  server.RaftServerConfigKeys (ConfUtils.java:logGet(43)) - raft.server.log.statemachine.data.sync = true (default)
2019-09-18 18:03:09,318 [pool-38-thread-1] INFO  server.RaftServerConfigKeys (ConfUtils.java:logGet(43)) - raft.server.log.statemachine.data.sync.timeout = 10s (default)
2019-09-18 18:03:09,318 [pool-38-thread-1] INFO  server.RaftServerConfigKeys (ConfUtils.java:logGet(43)) - raft.server.log.statemachine.data.sync.timeout.retry = -1 (default)
2019-09-18 18:03:09,318 [pool-38-thread-1] INFO  server.RaftServerConfigKeys (ConfUtils.java:logGet(43)) - raft.server.log.statemachine.data.caching.enabled = true (custom)
2019-09-18 18:03:09,318 [pool-38-thread-1] INFO  segmented.SegmentedRaftLogWorker (SegmentedRaftLogWorker.java:lambda$new$0(132)) - 43decd5c-1b5a-43ef-8295-9634006390e4-SegmentedRaftLogWorker:Storage Directory /workdir/hadoop-ozone/tools/target/test-dir/MiniOzoneClusterImpl-b338881a-fe91-4e40-bf12-d8a0ad576167/datanode-1/data/ratis/810908e0-5620-4e2c-bd39-385cb8aa9c61: flushIndex: setUnconditionally 0 -> -1
2019-09-18 18:03:09,318 [pool-38-thread-1] INFO  server.RaftServerConfigKeys (ConfUtils.java:logGet(43)) - raft.server.snapshot.auto.trigger.enabled = true (custom)
2019-09-18 18:03:09,319 [pool-38-thread-1] INFO  server.RaftServerConfigKeys (ConfUtils.java:logGet(43)) - raft.server.snapshot.auto.trigger.threshold = 10000 (custom)
2019-09-18 18:03:09,319 [pool-38-thread-1] INFO  server.RaftServerConfigKeys (ConfUtils.java:logGet(43)) - raft.server.retrycache.expirytime = 600000ms (custom)
2019-09-18 18:03:09,319 [pool-38-thread-1] INFO  impl.RaftServerImpl (RaftServerImpl.java:start(180)) - 43decd5c-1b5a-43ef-8295-9634006390e4: start group-385CB8AA9C61
2019-09-18 18:03:09,319 [pool-38-thread-1] INFO  impl.RaftServerImpl (RaftServerImpl.java:setRole(171)) - 43decd5c-1b5a-43ef-8295-9634006390e4:group-385CB8AA9C61 changes role from null to FOLLOWER at term 0 for startAsFollower
2019-09-18 18:03:09,319 [pool-38-thread-1] INFO  impl.RoleInfo (RoleInfo.java:updateAndGet(143)) - 43decd5c-1b5a-43ef-8295-9634006390e4: start FollowerState
2019-09-18 18:03:09,319 [pool-38-thread-1] INFO  util.JmxRegister (JmxRegister.java:tryRegister(44)) - Successfully registered JMX Bean with object name Ratis:service=RaftServer,group=group-385CB8AA9C61,id=43decd5c-1b5a-43ef-8295-9634006390e4
2019-09-18 18:03:09,328 [Command processor thread] INFO  commandhandler.CreatePipelineCommandHandler (CreatePipelineCommandHandler.java:handle(112)) - Create Pipeline RATIS THREE #PipelineID=810908e0-5620-4e2c-bd39-385cb8aa9c61 command succeed on datanode 43decd5c-1b5a-43ef-8295-9634006390e4.
2019-09-18 18:03:10,077 | INFO  | SCMAudit | user=jenkins1000 | ip=192.168.5.185 | op=SEND_HEARTBEAT {datanodeUUID=f9c0c0c0-b23a-4753-91c5-508b70f9f49b, command=[]} | ret=SUCCESS |  
2019-09-18 18:03:10,085 [grpc-default-executor-1] INFO  impl.RaftServerProxy (RaftServerProxy.java:remove(95)) - f9c0c0c0-b23a-4753-91c5-508b70f9f49b: remove   LEADER group-9BEE98A316D3 f9c0c0c0-b23a-4753-91c5-508b70f9f49b:t1, leader=f9c0c0c0-b23a-4753-91c5-508b70f9f49b, voted=f9c0c0c0-b23a-4753-91c5-508b70f9f49b, raftlog=f9c0c0c0-b23a-4753-91c5-508b70f9f49b-SegmentedRaftLog:OPENED:c78,f78,i78, conf=0: [43decd5c-1b5a-43ef-8295-9634006390e4:192.168.5.185:42210, 7cb5bd27-452a-4b56-9ea4-268b54436f3d:192.168.5.185:40381, f9c0c0c0-b23a-4753-91c5-508b70f9f49b:192.168.5.185:39172], old=null RUNNING
2019-09-18 18:03:10,085 [grpc-default-executor-1] INFO  impl.RaftServerImpl (RaftServerImpl.java:lambda$shutdown$3(245)) - f9c0c0c0-b23a-4753-91c5-508b70f9f49b: shutdown group-9BEE98A316D3
2019-09-18 18:03:10,086 [grpc-default-executor-1] INFO  util.JmxRegister (JmxRegister.java:unregister(73)) - Successfully un-registered JMX Bean with object name Ratis:service=RaftServer,group=group-9BEE98A316D3,id=f9c0c0c0-b23a-4753-91c5-508b70f9f49b
2019-09-18 18:03:10,086 [grpc-default-executor-1] INFO  impl.RoleInfo (RoleInfo.java:shutdownLeaderState(104)) - f9c0c0c0-b23a-4753-91c5-508b70f9f49b: shutdown LeaderState
2019-09-18 18:03:10,089 [grpc-default-executor-1] INFO  impl.PendingRequests (PendingRequests.java:sendNotLeaderResponses(202)) - f9c0c0c0-b23a-4753-91c5-508b70f9f49b-PendingRequests: sendNotLeaderResponses
2019-09-18 18:03:10,089 [org.apache.ratis.server.impl.LogAppender$AppenderDaemon$$Lambda$648/233331060@3a4bff00] WARN  server.GrpcLogAppender (GrpcLogAppender.java:mayWait(143)) - GrpcLogAppender(f9c0c0c0-b23a-4753-91c5-508b70f9f49b->43decd5c-1b5a-43ef-8295-9634006390e4): Wait interrupted by java.lang.InterruptedException
2019-09-18 18:03:10,089 [org.apache.ratis.server.impl.LogAppender$AppenderDaemon$$Lambda$648/233331060@5c55ee70] WARN  server.GrpcLogAppender (GrpcLogAppender.java:mayWait(143)) - GrpcLogAppender(f9c0c0c0-b23a-4753-91c5-508b70f9f49b->7cb5bd27-452a-4b56-9ea4-268b54436f3d): Wait interrupted by java.lang.InterruptedException
2019-09-18 18:03:10,096 [grpc-default-executor-0] INFO  server.GrpcServerProtocolService (GrpcServerProtocolService.java:onCompleted(104)) - 7cb5bd27-452a-4b56-9ea4-268b54436f3d: appendEntries completed
2019-09-18 18:03:10,096 [grpc-default-executor-2] INFO  server.GrpcServerProtocolService (GrpcServerProtocolService.java:onCompleted(104)) - 43decd5c-1b5a-43ef-8295-9634006390e4: appendEntries completed
2019-09-18 18:03:10,098 [grpc-default-executor-0] INFO  server.GrpcLogAppender (GrpcLogAppender.java:onCompleted(292)) - f9c0c0c0-b23a-4753-91c5-508b70f9f49b->7cb5bd27-452a-4b56-9ea4-268b54436f3d: follower responses appendEntries COMPLETED
2019-09-18 18:03:10,100 [grpc-default-executor-1] INFO  impl.StateMachineUpdater (StateMachineUpdater.java:stopAndJoin(115)) - StateMachineUpdater:f9c0c0c0-b23a-4753-91c5-508b70f9f49b:group-9BEE98A316D3: set stopIndex = 78
2019-09-18 18:03:10,101 [StateMachineUpdater:f9c0c0c0-b23a-4753-91c5-508b70f9f49b:group-9BEE98A316D3] INFO  ratis.ContainerStateMachine (ContainerStateMachine.java:takeSnapshot(283)) - group-9BEE98A316D3: Taking a snapshot at:(t:1, i:76) file /workdir/hadoop-ozone/tools/target/test-dir/MiniOzoneClusterImpl-b338881a-fe91-4e40-bf12-d8a0ad576167/datanode-2/data/ratis/cbcd9ebb-7770-4d57-a7a7-9bee98a316d3/sm/snapshot.1_76
2019-09-18 18:03:10,098 [grpc-default-executor-2] INFO  server.GrpcLogAppender (GrpcLogAppender.java:onCompleted(292)) - f9c0c0c0-b23a-4753-91c5-508b70f9f49b->43decd5c-1b5a-43ef-8295-9634006390e4: follower responses appendEntries COMPLETED
2019-09-18 18:03:10,105 [grpc-default-executor-2] INFO  impl.FollowerInfo (FollowerInfo.java:lambda$new$0(50)) - f9c0c0c0-b23a-4753-91c5-508b70f9f49b->43decd5c-1b5a-43ef-8295-9634006390e4: nextIndex: updateUnconditionally 79 -> 78
2019-09-18 18:03:10,105 [grpc-default-executor-0] INFO  impl.FollowerInfo (FollowerInfo.java:lambda$new$0(50)) - f9c0c0c0-b23a-4753-91c5-508b70f9f49b->7cb5bd27-452a-4b56-9ea4-268b54436f3d: nextIndex: updateUnconditionally 79 -> 78
2019-09-18 18:03:10,113 | INFO  | SCMAudit | user=jenkins1000 | ip=192.168.5.185 | op=SEND_HEARTBEAT {datanodeUUID=7cb5bd27-452a-4b56-9ea4-268b54436f3d, command=[]} | ret=SUCCESS |  
2019-09-18 18:03:10,134 [StateMachineUpdater:f9c0c0c0-b23a-4753-91c5-508b70f9f49b:group-9BEE98A316D3] INFO  ratis.ContainerStateMachine (ContainerStateMachine.java:takeSnapshot(294)) - group-9BEE98A316D3: Finished taking a snapshot at:(t:1, i:76) file:/workdir/hadoop-ozone/tools/target/test-dir/MiniOzoneClusterImpl-b338881a-fe91-4e40-bf12-d8a0ad576167/datanode-2/data/ratis/cbcd9ebb-7770-4d57-a7a7-9bee98a316d3/sm/snapshot.1_76 time:34
2019-09-18 18:03:10,134 [StateMachineUpdater:f9c0c0c0-b23a-4753-91c5-508b70f9f49b:group-9BEE98A316D3] INFO  impl.StateMachineUpdater (StateMachineUpdater.java:takeSnapshot(242)) - StateMachineUpdater:f9c0c0c0-b23a-4753-91c5-508b70f9f49b:group-9BEE98A316D3: Took a snapshot at index 76
2019-09-18 18:03:10,134 [StateMachineUpdater:f9c0c0c0-b23a-4753-91c5-508b70f9f49b:group-9BEE98A316D3] INFO  impl.StateMachineUpdater (StateMachineUpdater.java:lambda$new$0(80)) - StateMachineUpdater:f9c0c0c0-b23a-4753-91c5-508b70f9f49b:group-9BEE98A316D3: snapshotIndex: updateIncreasingly -1 -> 76
2019-09-18 18:03:10,134 [grpc-default-executor-1] INFO  impl.RaftServerImpl (ServerState.java:close(394)) - f9c0c0c0-b23a-4753-91c5-508b70f9f49b:group-9BEE98A316D3 closes. The last applied log index is 78
2019-09-18 18:03:10,135 [f9c0c0c0-b23a-4753-91c5-508b70f9f49b-SegmentedRaftLogWorker:Storage Directory /workdir/hadoop-ozone/tools/target/test-dir/MiniOzoneClusterImpl-b338881a-fe91-4e40-bf12-d8a0ad576167/datanode-2/data/ratis/cbcd9ebb-7770-4d57-a7a7-9bee98a316d3] INFO  segmented.SegmentedRaftLogWorker (SegmentedRaftLogWorker.java:run(313)) - f9c0c0c0-b23a-4753-91c5-508b70f9f49b-SegmentedRaftLogWorker:Storage Directory /workdir/hadoop-ozone/tools/target/test-dir/MiniOzoneClusterImpl-b338881a-fe91-4e40-bf12-d8a0ad576167/datanode-2/data/ratis/cbcd9ebb-7770-4d57-a7a7-9bee98a316d3 was interrupted, exiting. There are 0 tasks remaining in the queue.
2019-09-18 18:03:10,137 [grpc-default-executor-1] INFO  segmented.SegmentedRaftLogWorker (SegmentedRaftLogWorker.java:close(228)) - f9c0c0c0-b23a-4753-91c5-508b70f9f49b-SegmentedRaftLogWorker:Storage Directory /workdir/hadoop-ozone/tools/target/test-dir/MiniOzoneClusterImpl-b338881a-fe91-4e40-bf12-d8a0ad576167/datanode-2/data/ratis/cbcd9ebb-7770-4d57-a7a7-9bee98a316d3 close()
2019-09-18 18:03:10,144 [Command processor thread] INFO  commandhandler.ClosePipelineCommandHandler (ClosePipelineCommandHandler.java:handle(87)) - Close Pipeline #PipelineID=cbcd9ebb-7770-4d57-a7a7-9bee98a316d3 command on datanode #f9c0c0c0-b23a-4753-91c5-508b70f9f49b.
2019-09-18 18:03:10,178 | INFO  | SCMAudit | user=jenkins1000 | ip=192.168.5.185 | op=SEND_HEARTBEAT {datanodeUUID=f9c0c0c0-b23a-4753-91c5-508b70f9f49b, command=[]} | ret=SUCCESS |  
2019-09-18 18:03:10,193 [Command processor thread] INFO  interfaces.Container (KeyValueContainer.java:flushAndSyncDB(382)) - Container 1 is synced with bcsId 60.
2019-09-18 18:03:10,194 [Command processor thread] INFO  interfaces.Container (KeyValueContainer.java:flushAndSyncDB(382)) - Container 1 is synced with bcsId 60.
2019-09-18 18:03:10,220 | INFO  | SCMAudit | user=jenkins1000 | ip=192.168.5.185 | op=SEND_HEARTBEAT {datanodeUUID=f9c0c0c0-b23a-4753-91c5-508b70f9f49b, command=[]} | ret=SUCCESS |  
2019-09-18 18:03:10,228 [grpc-default-executor-1] INFO  impl.RaftServerProxy (RaftServerProxy.java:addNew(89)) - f9c0c0c0-b23a-4753-91c5-508b70f9f49b: addNew group-385CB8AA9C61:[43decd5c-1b5a-43ef-8295-9634006390e4:192.168.5.185:42210, 7cb5bd27-452a-4b56-9ea4-268b54436f3d:192.168.5.185:40381, f9c0c0c0-b23a-4753-91c5-508b70f9f49b:192.168.5.185:39172] returns group-385CB8AA9C61:java.util.concurrent.CompletableFuture@5793a79[Not completed]
2019-09-18 18:03:10,230 [pool-49-thread-1] INFO  impl.RaftServerImpl (RaftServerImpl.java:<init>(93)) - f9c0c0c0-b23a-4753-91c5-508b70f9f49b: new RaftServerImpl for group-385CB8AA9C61:[43decd5c-1b5a-43ef-8295-9634006390e4:192.168.5.185:42210, 7cb5bd27-452a-4b56-9ea4-268b54436f3d:192.168.5.185:40381, f9c0c0c0-b23a-4753-91c5-508b70f9f49b:192.168.5.185:39172] with ContainerStateMachine:uninitialized
2019-09-18 18:03:10,230 [pool-49-thread-1] INFO  server.RaftServerConfigKeys (ConfUtils.java:logGet(43)) - raft.server.rpc.timeout.min = 5s (custom)
2019-09-18 18:03:10,230 [pool-49-thread-1] INFO  server.RaftServerConfigKeys (ConfUtils.java:logGet(43)) - raft.server.rpc.timeout.max = 5200ms (custom)
2019-09-18 18:03:10,230 [pool-49-thread-1] INFO  server.RaftServerConfigKeys (ConfUtils.java:logGet(43)) - raft.server.rpcslowness.timeout = 120s (custom)
2019-09-18 18:03:10,231 [pool-49-thread-1] INFO  server.RaftServerConfigKeys (ConfUtils.java:logGet(43)) - raft.server.sleep.deviation.threshold = 300 (default)
2019-09-18 18:03:10,231 [pool-49-thread-1] INFO  server.RaftServerConfigKeys (ConfUtils.java:logGet(43)) - raft.server.log.appender.install.snapshot.enabled = false (custom)
2019-09-18 18:03:10,231 [pool-49-thread-1] INFO  impl.RaftServerImpl (ServerState.java:<init>(105)) - f9c0c0c0-b23a-4753-91c5-508b70f9f49b:group-385CB8AA9C61 ConfigurationManager, init=-1: [43decd5c-1b5a-43ef-8295-9634006390e4:192.168.5.185:42210, 7cb5bd27-452a-4b56-9ea4-268b54436f3d:192.168.5.185:40381, f9c0c0c0-b23a-4753-91c5-508b70f9f49b:192.168.5.185:39172], old=null, confs=<EMPTY_MAP>
2019-09-18 18:03:10,231 [pool-49-thread-1] INFO  server.RaftServerConfigKeys (ConfUtils.java:logGet(43)) - raft.server.storage.dir = [/workdir/hadoop-ozone/tools/target/test-dir/MiniOzoneClusterImpl-b338881a-fe91-4e40-bf12-d8a0ad576167/datanode-2/data/ratis] (custom)
2019-09-18 18:03:10,232 [pool-49-thread-1] INFO  storage.RaftStorageDirectory (RaftStorageDirectory.java:analyzeStorage(246)) - The storage directory /workdir/hadoop-ozone/tools/target/test-dir/MiniOzoneClusterImpl-b338881a-fe91-4e40-bf12-d8a0ad576167/datanode-2/data/ratis/810908e0-5620-4e2c-bd39-385cb8aa9c61 does not exist. Creating ...
2019-09-18 18:03:10,249 | INFO  | SCMAudit | user=jenkins1000 | ip=192.168.5.185 | op=SEND_HEARTBEAT {datanodeUUID=43decd5c-1b5a-43ef-8295-9634006390e4, command=[]} | ret=SUCCESS |  
2019-09-18 18:03:10,249 [EventQueue-CreatePipelineStatusForSCMPipelineManager] INFO  pipeline.SCMPipelineManager (SCMPipelineManager.java:onMessage(469)) - receive pipeline PipelineID=810908e0-5620-4e2c-bd39-385cb8aa9c61 create status EXECUTED
2019-09-18 18:03:10,250 [EventQueue-CreatePipelineStatusForSCMPipelineManager] INFO  pipeline.PipelineStateManager (PipelineStateManager.java:openPipeline(134)) - Pipeline Pipeline[ Id: 810908e0-5620-4e2c-bd39-385cb8aa9c61, Nodes: 43decd5c-1b5a-43ef-8295-9634006390e4{ip: 192.168.5.185, host: pr-hdds-2034-lb7qt-2171347232, networkLocation: /default-rack, certSerialId: null}f9c0c0c0-b23a-4753-91c5-508b70f9f49b{ip: 192.168.5.185, host: pr-hdds-2034-lb7qt-2171347232, networkLocation: /default-rack, certSerialId: null}7cb5bd27-452a-4b56-9ea4-268b54436f3d{ip: 192.168.5.185, host: pr-hdds-2034-lb7qt-2171347232, networkLocation: /default-rack, certSerialId: null}, Type:RATIS, Factor:THREE, State:ALLOCATED] moved to OPEN state
add pipeline PipelineID=810908e0-5620-4e2c-bd39-385cb8aa9c61 to metrics map
2019-09-18 18:03:10,260 [pool-49-thread-1] INFO  storage.RaftStorageDirectory (RaftStorageDirectory.java:tryLock(328)) - Lock on /workdir/hadoop-ozone/tools/target/test-dir/MiniOzoneClusterImpl-b338881a-fe91-4e40-bf12-d8a0ad576167/datanode-2/data/ratis/810908e0-5620-4e2c-bd39-385cb8aa9c61/in_use.lock acquired by nodename 31290@pr-hdds-2034-lb7qt-2171347232
 0.00% |█                                                                                                    |  0/1 Time: 0:00:032019-09-18 18:03:10,286 [pool-49-thread-1] INFO  storage.RaftStorage (RaftStorage.java:format(72)) - Storage directory /workdir/hadoop-ozone/tools/target/test-dir/MiniOzoneClusterImpl-b338881a-fe91-4e40-bf12-d8a0ad576167/datanode-2/data/ratis/810908e0-5620-4e2c-bd39-385cb8aa9c61 has been successfully formatted.
2019-09-18 18:03:10,286 [pool-49-thread-1] INFO  ratis.ContainerStateMachine (ContainerStateMachine.java:loadSnapshot(226)) - group-385CB8AA9C61: The snapshot info is null. Setting the last applied indexto:(t:0, i:~)
2019-09-18 18:03:10,286 [pool-49-thread-1] INFO  server.RaftServerConfigKeys (ConfUtils.java:logGet(43)) - raft.server.leader.election.timeout = 120s (custom)
2019-09-18 18:03:10,287 [pool-49-thread-1] INFO  server.RaftServerConfigKeys (ConfUtils.java:logGet(43)) - raft.server.log.use.memory = false (default)
2019-09-18 18:03:10,287 [pool-49-thread-1] INFO  server.RaftServerConfigKeys (ConfUtils.java:logGet(43)) - raft.server.log.purge.gap = 1000000 (custom)
2019-09-18 18:03:10,287 [pool-49-thread-1] INFO  server.RaftServerConfigKeys (ConfUtils.java:logGet(43)) - raft.server.log.appender.buffer.byte-limit = 33554432 (custom)
2019-09-18 18:03:10,287 [pool-49-thread-1] INFO  server.RaftServerConfigKeys (ConfUtils.java:logGet(43)) - raft.server.log.segment.size.max = 1048576 (custom)
2019-09-18 18:03:10,288 [pool-49-thread-1] INFO  server.RaftServerConfigKeys (ConfUtils.java:logGet(43)) - raft.server.log.segment.cache.num.max = 2 (custom)
2019-09-18 18:03:10,288 [pool-49-thread-1] INFO  segmented.SegmentedRaftLogWorker (SegmentedRaftLogWorker.java:<init>(172)) - new f9c0c0c0-b23a-4753-91c5-508b70f9f49b-SegmentedRaftLogWorker:Storage Directory /workdir/hadoop-ozone/tools/target/test-dir/MiniOzoneClusterImpl-b338881a-fe91-4e40-bf12-d8a0ad576167/datanode-2/data/ratis/810908e0-5620-4e2c-bd39-385cb8aa9c61 for RaftStorage:Storage Directory /workdir/hadoop-ozone/tools/target/test-dir/MiniOzoneClusterImpl-b338881a-fe91-4e40-bf12-d8a0ad576167/datanode-2/data/ratis/810908e0-5620-4e2c-bd39-385cb8aa9c61
2019-09-18 18:03:10,288 [pool-49-thread-1] INFO  server.RaftServerConfigKeys (ConfUtils.java:logGet(43)) - raft.server.log.queue.byte-limit = 2147483647 (custom)
2019-09-18 18:03:10,288 [pool-49-thread-1] INFO  server.RaftServerConfigKeys (ConfUtils.java:logGet(43)) - raft.server.log.queue.element-limit = 1024 (custom)
2019-09-18 18:03:10,289 [pool-49-thread-1] INFO  server.RaftServerConfigKeys (ConfUtils.java:logGet(43)) - raft.server.log.segment.size.max = 1048576 (custom)
2019-09-18 18:03:10,289 [pool-49-thread-1] INFO  server.RaftServerConfigKeys (ConfUtils.java:logGet(43)) - raft.server.log.preallocated.size = 16384 (custom)
2019-09-18 18:03:10,289 [pool-49-thread-1] INFO  server.RaftServerConfigKeys (ConfUtils.java:logGet(43)) - raft.server.log.write.buffer.size = 33554432 (custom)
2019-09-18 18:03:10,289 [pool-49-thread-1] INFO  server.RaftServerConfigKeys (ConfUtils.java:logGet(43)) - raft.server.log.force.sync.num = 128 (default)
2019-09-18 18:03:10,290 [pool-49-thread-1] INFO  server.RaftServerConfigKeys (ConfUtils.java:logGet(43)) - raft.server.log.statemachine.data.sync = true (default)
2019-09-18 18:03:10,290 [pool-49-thread-1] INFO  server.RaftServerConfigKeys (ConfUtils.java:logGet(43)) - raft.server.log.statemachine.data.sync.timeout = 10s (default)
2019-09-18 18:03:10,290 [pool-49-thread-1] INFO  server.RaftServerConfigKeys (ConfUtils.java:logGet(43)) - raft.server.log.statemachine.data.sync.timeout.retry = -1 (default)
2019-09-18 18:03:10,290 [pool-49-thread-1] INFO  server.RaftServerConfigKeys (ConfUtils.java:logGet(43)) - raft.server.log.statemachine.data.caching.enabled = true (custom)
2019-09-18 18:03:10,291 [pool-49-thread-1] INFO  segmented.SegmentedRaftLogWorker (SegmentedRaftLogWorker.java:lambda$new$0(132)) - f9c0c0c0-b23a-4753-91c5-508b70f9f49b-SegmentedRaftLogWorker:Storage Directory /workdir/hadoop-ozone/tools/target/test-dir/MiniOzoneClusterImpl-b338881a-fe91-4e40-bf12-d8a0ad576167/datanode-2/data/ratis/810908e0-5620-4e2c-bd39-385cb8aa9c61: flushIndex: setUnconditionally 0 -> -1
2019-09-18 18:03:10,291 [pool-49-thread-1] INFO  server.RaftServerConfigKeys (ConfUtils.java:logGet(43)) - raft.server.snapshot.auto.trigger.enabled = true (custom)
2019-09-18 18:03:10,291 [pool-49-thread-1] INFO  server.RaftServerConfigKeys (ConfUtils.java:logGet(43)) - raft.server.snapshot.auto.trigger.threshold = 10000 (custom)
2019-09-18 18:03:10,292 [pool-49-thread-1] INFO  server.RaftServerConfigKeys (ConfUtils.java:logGet(43)) - raft.server.retrycache.expirytime = 600000ms (custom)
2019-09-18 18:03:10,292 [pool-49-thread-1] INFO  impl.RaftServerImpl (RaftServerImpl.java:start(180)) - f9c0c0c0-b23a-4753-91c5-508b70f9f49b: start group-385CB8AA9C61
2019-09-18 18:03:10,292 [pool-49-thread-1] INFO  impl.RaftServerImpl (RaftServerImpl.java:setRole(171)) - f9c0c0c0-b23a-4753-91c5-508b70f9f49b:group-385CB8AA9C61 changes role from null to FOLLOWER at term 0 for startAsFollower
2019-09-18 18:03:10,292 [pool-49-thread-1] INFO  impl.RoleInfo (RoleInfo.java:updateAndGet(143)) - f9c0c0c0-b23a-4753-91c5-508b70f9f49b: start FollowerState
2019-09-18 18:03:10,293 [pool-49-thread-1] INFO  util.JmxRegister (JmxRegister.java:tryRegister(44)) - Successfully registered JMX Bean with object name Ratis:service=RaftServer,group=group-385CB8AA9C61,id=f9c0c0c0-b23a-4753-91c5-508b70f9f49b
2019-09-18 18:03:10,297 [Command processor thread] INFO  commandhandler.CreatePipelineCommandHandler (CreatePipelineCommandHandler.java:handle(112)) - Create Pipeline RATIS THREE #PipelineID=810908e0-5620-4e2c-bd39-385cb8aa9c61 command succeed on datanode f9c0c0c0-b23a-4753-91c5-508b70f9f49b.
2019-09-18 18:03:11,113 | INFO  | SCMAudit | user=jenkins1000 | ip=192.168.5.185 | op=SEND_HEARTBEAT {datanodeUUID=7cb5bd27-452a-4b56-9ea4-268b54436f3d, command=[]} | ret=SUCCESS |  
2019-09-18 18:03:11,113 [EventQueue-CreatePipelineStatusForSCMPipelineManager] INFO  pipeline.SCMPipelineManager (SCMPipelineManager.java:onMessage(469)) - receive pipeline PipelineID=810908e0-5620-4e2c-bd39-385cb8aa9c61 create status EXECUTED
2019-09-18 18:03:11,220 | INFO  | SCMAudit | user=jenkins1000 | ip=192.168.5.185 | op=SEND_HEARTBEAT {datanodeUUID=f9c0c0c0-b23a-4753-91c5-508b70f9f49b, command=[]} | ret=SUCCESS |  
2019-09-18 18:03:11,220 [EventQueue-CreatePipelineStatusForSCMPipelineManager] INFO  pipeline.SCMPipelineManager (SCMPipelineManager.java:onMessage(469)) - receive pipeline PipelineID=810908e0-5620-4e2c-bd39-385cb8aa9c61 create status EXECUTED
add pipeline PipelineID=810908e0-5620-4e2c-bd39-385cb8aa9c61 to metrics map
2019-09-18 18:03:11,249 | INFO  | SCMAudit | user=jenkins1000 | ip=192.168.5.185 | op=SEND_HEARTBEAT {datanodeUUID=43decd5c-1b5a-43ef-8295-9634006390e4, command=[]} | ret=SUCCESS |  
 0.00% |█                                                                                                    |  0/1 Time: 0:00:042019-09-18 18:03:12,113 | INFO  | SCMAudit | user=jenkins1000 | ip=192.168.5.185 | op=SEND_HEARTBEAT {datanodeUUID=7cb5bd27-452a-4b56-9ea4-268b54436f3d, command=[]} | ret=SUCCESS |  
2019-09-18 18:03:12,220 | INFO  | SCMAudit | user=jenkins1000 | ip=192.168.5.185 | op=SEND_HEARTBEAT {datanodeUUID=f9c0c0c0-b23a-4753-91c5-508b70f9f49b, command=[]} | ret=SUCCESS |  
2019-09-18 18:03:12,248 | INFO  | SCMAudit | user=jenkins1000 | ip=192.168.5.185 | op=SEND_HEARTBEAT {datanodeUUID=43decd5c-1b5a-43ef-8295-9634006390e4, command=[]} | ret=SUCCESS |  
 0.00% |█                                                                                                    |  0/1 Time: 0:00:052019-09-18 18:03:13,113 | INFO  | SCMAudit | user=jenkins1000 | ip=192.168.5.185 | op=SEND_HEARTBEAT {datanodeUUID=7cb5bd27-452a-4b56-9ea4-268b54436f3d, command=[]} | ret=SUCCESS |  
2019-09-18 18:03:13,220 | INFO  | SCMAudit | user=jenkins1000 | ip=192.168.5.185 | op=SEND_HEARTBEAT {datanodeUUID=f9c0c0c0-b23a-4753-91c5-508b70f9f49b, command=[]} | ret=SUCCESS |  
2019-09-18 18:03:13,248 | INFO  | SCMAudit | user=jenkins1000 | ip=192.168.5.185 | op=SEND_HEARTBEAT {datanodeUUID=43decd5c-1b5a-43ef-8295-9634006390e4, command=[]} | ret=SUCCESS |  
 100.00% |█████████████████████████████████████████████████████████████████████████████████████████████████████|  1/1 Time: 0:00:06
2019-09-18 18:03:14,113 | INFO  | SCMAudit | user=jenkins1000 | ip=192.168.5.185 | op=SEND_HEARTBEAT {datanodeUUID=7cb5bd27-452a-4b56-9ea4-268b54436f3d, command=[]} | ret=SUCCESS |  
2019-09-18 18:03:14,220 | INFO  | SCMAudit | user=jenkins1000 | ip=192.168.5.185 | op=SEND_HEARTBEAT {datanodeUUID=f9c0c0c0-b23a-4753-91c5-508b70f9f49b, command=[]} | ret=SUCCESS |  
2019-09-18 18:03:14,248 | INFO  | SCMAudit | user=jenkins1000 | ip=192.168.5.185 | op=SEND_HEARTBEAT {datanodeUUID=43decd5c-1b5a-43ef-8295-9634006390e4, command=[]} | ret=SUCCESS |  
2019-09-18 18:03:14,367 [Thread-480] INFO  impl.FollowerState (FollowerState.java:run(106)) - 7cb5bd27-452a-4b56-9ea4-268b54436f3d:group-385CB8AA9C61 changes to CANDIDATE, lastRpcTime:5109, electionTimeout:5109ms
2019-09-18 18:03:14,367 [Thread-480] INFO  impl.RoleInfo (RoleInfo.java:shutdownFollowerState(121)) - 7cb5bd27-452a-4b56-9ea4-268b54436f3d: shutdown FollowerState
2019-09-18 18:03:14,367 [Thread-480] INFO  impl.RaftServerImpl (RaftServerImpl.java:setRole(171)) - 7cb5bd27-452a-4b56-9ea4-268b54436f3d:group-385CB8AA9C61 changes role from FOLLOWER to CANDIDATE at term 0 for changeToCandidate
2019-09-18 18:03:14,368 [Thread-480] INFO  impl.RoleInfo (RoleInfo.java:updateAndGet(143)) - 7cb5bd27-452a-4b56-9ea4-268b54436f3d: start LeaderElection
2019-09-18 18:03:14,394 [7cb5bd27-452a-4b56-9ea4-268b54436f3d:group-385CB8AA9C61:LeaderElection5] INFO  impl.LeaderElection (LeaderElection.java:askForVotes(181)) - 7cb5bd27-452a-4b56-9ea4-268b54436f3d:group-385CB8AA9C61:LeaderElection5: begin an election at term 1 for -1: [43decd5c-1b5a-43ef-8295-9634006390e4:192.168.5.185:42210, 7cb5bd27-452a-4b56-9ea4-268b54436f3d:192.168.5.185:40381, f9c0c0c0-b23a-4753-91c5-508b70f9f49b:192.168.5.185:39172], old=null
2019-09-18 18:03:14,404 [grpc-default-executor-1] INFO  impl.RaftServerImpl (RaftServerImpl.java:setRole(171)) - f9c0c0c0-b23a-4753-91c5-508b70f9f49b:group-385CB8AA9C61 changes role from FOLLOWER to FOLLOWER at term 1 for recognizeCandidate:7cb5bd27-452a-4b56-9ea4-268b54436f3d
2019-09-18 18:03:14,406 [grpc-default-executor-1] INFO  impl.RoleInfo (RoleInfo.java:shutdownFollowerState(121)) - f9c0c0c0-b23a-4753-91c5-508b70f9f49b: shutdown FollowerState
2019-09-18 18:03:14,405 [grpc-default-executor-0] INFO  impl.RaftServerImpl (RaftServerImpl.java:setRole(171)) - 43decd5c-1b5a-43ef-8295-9634006390e4:group-385CB8AA9C61 changes role from FOLLOWER to FOLLOWER at term 1 for recognizeCandidate:7cb5bd27-452a-4b56-9ea4-268b54436f3d
2019-09-18 18:03:14,406 [Thread-487] INFO  impl.FollowerState (FollowerState.java:run(114)) - f9c0c0c0-b23a-4753-91c5-508b70f9f49b: FollowerState was interrupted: java.lang.InterruptedException: sleep interrupted
2019-09-18 18:03:14,406 [grpc-default-executor-1] INFO  impl.RoleInfo (RoleInfo.java:updateAndGet(143)) - f9c0c0c0-b23a-4753-91c5-508b70f9f49b: start FollowerState
2019-09-18 18:03:14,406 [grpc-default-executor-0] INFO  impl.RoleInfo (RoleInfo.java:shutdownFollowerState(121)) - 43decd5c-1b5a-43ef-8295-9634006390e4: shutdown FollowerState
2019-09-18 18:03:14,407 [grpc-default-executor-0] INFO  impl.RoleInfo (RoleInfo.java:updateAndGet(143)) - 43decd5c-1b5a-43ef-8295-9634006390e4: start FollowerState
2019-09-18 18:03:14,407 [Thread-483] INFO  impl.FollowerState (FollowerState.java:run(114)) - 43decd5c-1b5a-43ef-8295-9634006390e4: FollowerState was interrupted: java.lang.InterruptedException: sleep interrupted
2019-09-18 18:03:14,435 [7cb5bd27-452a-4b56-9ea4-268b54436f3d:group-385CB8AA9C61:LeaderElection5] INFO  impl.LeaderElection (LeaderElection.java:logAndReturn(56)) - 7cb5bd27-452a-4b56-9ea4-268b54436f3d:group-385CB8AA9C61:LeaderElection5: Election PASSED; received 1 response(s) [7cb5bd27-452a-4b56-9ea4-268b54436f3d<-f9c0c0c0-b23a-4753-91c5-508b70f9f49b#0:OK-t1] and 0 exception(s); 7cb5bd27-452a-4b56-9ea4-268b54436f3d:t1, leader=null, voted=7cb5bd27-452a-4b56-9ea4-268b54436f3d, raftlog=7cb5bd27-452a-4b56-9ea4-268b54436f3d-SegmentedRaftLog:OPENED:c-1,f-1,i0, conf=-1: [43decd5c-1b5a-43ef-8295-9634006390e4:192.168.5.185:42210, 7cb5bd27-452a-4b56-9ea4-268b54436f3d:192.168.5.185:40381, f9c0c0c0-b23a-4753-91c5-508b70f9f49b:192.168.5.185:39172], old=null
2019-09-18 18:03:14,435 [7cb5bd27-452a-4b56-9ea4-268b54436f3d:group-385CB8AA9C61:LeaderElection5] INFO  impl.RoleInfo (RoleInfo.java:shutdownLeaderElection(134)) - 7cb5bd27-452a-4b56-9ea4-268b54436f3d: shutdown LeaderElection
2019-09-18 18:03:14,436 [7cb5bd27-452a-4b56-9ea4-268b54436f3d:group-385CB8AA9C61:LeaderElection5] INFO  impl.RaftServerImpl (RaftServerImpl.java:setRole(171)) - 7cb5bd27-452a-4b56-9ea4-268b54436f3d:group-385CB8AA9C61 changes role from CANDIDATE to LEADER at term 1 for changeToLeader
2019-09-18 18:03:14,436 [7cb5bd27-452a-4b56-9ea4-268b54436f3d:group-385CB8AA9C61:LeaderElection5] INFO  impl.RaftServerImpl (ServerState.java:setLeader(263)) - 7cb5bd27-452a-4b56-9ea4-268b54436f3d:group-385CB8AA9C61 change Leader from null to 7cb5bd27-452a-4b56-9ea4-268b54436f3d at term 1 for becomeLeader, leader elected after 5188ms
2019-09-18 18:03:14,436 [7cb5bd27-452a-4b56-9ea4-268b54436f3d:group-385CB8AA9C61:LeaderElection5] INFO  server.RaftServerConfigKeys (ConfUtils.java:logGet(43)) - raft.server.staging.catchup.gap = 1000 (default)
2019-09-18 18:03:14,436 [7cb5bd27-452a-4b56-9ea4-268b54436f3d:group-385CB8AA9C61:LeaderElection5] INFO  server.RaftServerConfigKeys (ConfUtils.java:logGet(43)) - raft.server.rpc.sleep.time = 25ms (default)
2019-09-18 18:03:14,437 [7cb5bd27-452a-4b56-9ea4-268b54436f3d:group-385CB8AA9C61:LeaderElection5] INFO  server.RaftServerConfigKeys (ConfUtils.java:logGet(43)) - raft.server.write.element-limit = 4096 (default)
2019-09-18 18:03:14,437 [7cb5bd27-452a-4b56-9ea4-268b54436f3d:group-385CB8AA9C61:LeaderElection5] INFO  server.RaftServerConfigKeys (ConfUtils.java:logGet(43)) - raft.server.watch.timeout = 10s (default)
2019-09-18 18:03:14,437 [7cb5bd27-452a-4b56-9ea4-268b54436f3d:group-385CB8AA9C61:LeaderElection5] INFO  server.RaftServerConfigKeys (ConfUtils.java:logGet(43)) - raft.server.watch.timeout.denomination = 1s (default)
2019-09-18 18:03:14,437 [7cb5bd27-452a-4b56-9ea4-268b54436f3d:group-385CB8AA9C61:LeaderElection5] INFO  server.RaftServerConfigKeys (ConfUtils.java:logGet(43)) - raft.server.watch.element-limit = 65536 (default)
2019-09-18 18:03:14,437 [7cb5bd27-452a-4b56-9ea4-268b54436f3d:group-385CB8AA9C61:LeaderElection5] INFO  server.RaftServerConfigKeys (ConfUtils.java:logGet(43)) - raft.server.log.appender.snapshot.chunk.size.max = 16MB (=16777216) (default)
2019-09-18 18:03:14,437 [7cb5bd27-452a-4b56-9ea4-268b54436f3d:group-385CB8AA9C61:LeaderElection5] INFO  server.RaftServerConfigKeys (ConfUtils.java:logGet(43)) - raft.server.log.appender.buffer.byte-limit = 33554432 (custom)
2019-09-18 18:03:14,438 [7cb5bd27-452a-4b56-9ea4-268b54436f3d:group-385CB8AA9C61:LeaderElection5] INFO  server.RaftServerConfigKeys (ConfUtils.java:logGet(43)) - raft.server.log.appender.buffer.element-limit = 1 (custom)
2019-09-18 18:03:14,438 [7cb5bd27-452a-4b56-9ea4-268b54436f3d:group-385CB8AA9C61:LeaderElection5] INFO  grpc.GrpcConfigKeys$Server (ConfUtils.java:logGet(43)) - raft.grpc.server.leader.outstanding.appends.max = 128 (default)
2019-09-18 18:03:14,439 [7cb5bd27-452a-4b56-9ea4-268b54436f3d:group-385CB8AA9C61:LeaderElection5] INFO  server.RaftServerConfigKeys (ConfUtils.java:logGet(43)) - raft.server.rpc.request.timeout = 3000ms (default)
2019-09-18 18:03:14,439 [7cb5bd27-452a-4b56-9ea4-268b54436f3d:group-385CB8AA9C61:LeaderElection5] INFO  server.RaftServerConfigKeys (ConfUtils.java:logGet(43)) - raft.server.log.appender.install.snapshot.enabled = false (custom)
2019-09-18 18:03:14,439 [7cb5bd27-452a-4b56-9ea4-268b54436f3d:group-385CB8AA9C61:LeaderElection5] INFO  server.RaftServerConfigKeys (ConfUtils.java:logGet(43)) - raft.server.log.appender.snapshot.chunk.size.max = 16MB (=16777216) (default)
2019-09-18 18:03:14,439 [7cb5bd27-452a-4b56-9ea4-268b54436f3d:group-385CB8AA9C61:LeaderElection5] INFO  server.RaftServerConfigKeys (ConfUtils.java:logGet(43)) - raft.server.log.appender.buffer.byte-limit = 33554432 (custom)
2019-09-18 18:03:14,440 [7cb5bd27-452a-4b56-9ea4-268b54436f3d:group-385CB8AA9C61:LeaderElection5] INFO  server.RaftServerConfigKeys (ConfUtils.java:logGet(43)) - raft.server.log.appender.buffer.element-limit = 1 (custom)
2019-09-18 18:03:14,440 [7cb5bd27-452a-4b56-9ea4-268b54436f3d:group-385CB8AA9C61:LeaderElection5] INFO  grpc.GrpcConfigKeys$Server (ConfUtils.java:logGet(43)) - raft.grpc.server.leader.outstanding.appends.max = 128 (default)
2019-09-18 18:03:14,440 [7cb5bd27-452a-4b56-9ea4-268b54436f3d:group-385CB8AA9C61:LeaderElection5] INFO  server.RaftServerConfigKeys (ConfUtils.java:logGet(43)) - raft.server.rpc.request.timeout = 3000ms (default)
2019-09-18 18:03:14,440 [7cb5bd27-452a-4b56-9ea4-268b54436f3d:group-385CB8AA9C61:LeaderElection5] INFO  server.RaftServerConfigKeys (ConfUtils.java:logGet(43)) - raft.server.log.appender.install.snapshot.enabled = false (custom)
2019-09-18 18:03:14,441 [7cb5bd27-452a-4b56-9ea4-268b54436f3d:group-385CB8AA9C61:LeaderElection5] INFO  impl.RoleInfo (RoleInfo.java:updateAndGet(143)) - 7cb5bd27-452a-4b56-9ea4-268b54436f3d: start LeaderState
2019-09-18 18:03:14,441 [7cb5bd27-452a-4b56-9ea4-268b54436f3d:group-385CB8AA9C61:LeaderElection5] INFO  segmented.SegmentedRaftLogWorker (SegmentedRaftLogWorker.java:startLogSegment(380)) - 7cb5bd27-452a-4b56-9ea4-268b54436f3d-SegmentedRaftLogWorker:Storage Directory /workdir/hadoop-ozone/tools/target/test-dir/MiniOzoneClusterImpl-b338881a-fe91-4e40-bf12-d8a0ad576167/datanode-0/data/ratis/810908e0-5620-4e2c-bd39-385cb8aa9c61: Starting segment from index:0
2019-09-18 18:03:14,442 [7cb5bd27-452a-4b56-9ea4-268b54436f3d:group-385CB8AA9C61:LeaderElection5] INFO  impl.RaftServerImpl (ServerState.java:setRaftConf(361)) - 7cb5bd27-452a-4b56-9ea4-268b54436f3d:group-385CB8AA9C61 set configuration 0: [43decd5c-1b5a-43ef-8295-9634006390e4:192.168.5.185:42210, 7cb5bd27-452a-4b56-9ea4-268b54436f3d:192.168.5.185:40381, f9c0c0c0-b23a-4753-91c5-508b70f9f49b:192.168.5.185:39172], old=null at 0
2019-09-18 18:03:14,475 [grpc-default-executor-0] INFO  impl.RaftServerImpl (ServerState.java:setLeader(263)) - f9c0c0c0-b23a-4753-91c5-508b70f9f49b:group-385CB8AA9C61 change Leader from null to 7cb5bd27-452a-4b56-9ea4-268b54436f3d at term 1 for appendEntries, leader elected after 4188ms
2019-09-18 18:03:14,476 [grpc-default-executor-1] INFO  impl.RaftServerImpl (ServerState.java:setLeader(263)) - 43decd5c-1b5a-43ef-8295-9634006390e4:group-385CB8AA9C61 change Leader from null to 7cb5bd27-452a-4b56-9ea4-268b54436f3d at term 1 for appendEntries, leader elected after 5159ms
2019-09-18 18:03:14,479 [grpc-default-executor-1] INFO  impl.RaftServerImpl (ServerState.java:setRaftConf(361)) - f9c0c0c0-b23a-4753-91c5-508b70f9f49b:group-385CB8AA9C61 set configuration 0: [43decd5c-1b5a-43ef-8295-9634006390e4:192.168.5.185:42210, 7cb5bd27-452a-4b56-9ea4-268b54436f3d:192.168.5.185:40381, f9c0c0c0-b23a-4753-91c5-508b70f9f49b:192.168.5.185:39172], old=null at 0
2019-09-18 18:03:14,479 [grpc-default-executor-0] INFO  impl.RaftServerImpl (ServerState.java:setRaftConf(361)) - 43decd5c-1b5a-43ef-8295-9634006390e4:group-385CB8AA9C61 set configuration 0: [43decd5c-1b5a-43ef-8295-9634006390e4:192.168.5.185:42210, 7cb5bd27-452a-4b56-9ea4-268b54436f3d:192.168.5.185:40381, f9c0c0c0-b23a-4753-91c5-508b70f9f49b:192.168.5.185:39172], old=null at 0
2019-09-18 18:03:14,479 [grpc-default-executor-1] INFO  segmented.SegmentedRaftLogWorker (SegmentedRaftLogWorker.java:startLogSegment(380)) - f9c0c0c0-b23a-4753-91c5-508b70f9f49b-SegmentedRaftLogWorker:Storage Directory /workdir/hadoop-ozone/tools/target/test-dir/MiniOzoneClusterImpl-b338881a-fe91-4e40-bf12-d8a0ad576167/datanode-2/data/ratis/810908e0-5620-4e2c-bd39-385cb8aa9c61: Starting segment from index:0
2019-09-18 18:03:14,480 [grpc-default-executor-0] INFO  segmented.SegmentedRaftLogWorker (SegmentedRaftLogWorker.java:startLogSegment(380)) - 43decd5c-1b5a-43ef-8295-9634006390e4-SegmentedRaftLogWorker:Storage Directory /workdir/hadoop-ozone/tools/target/test-dir/MiniOzoneClusterImpl-b338881a-fe91-4e40-bf12-d8a0ad576167/datanode-1/data/ratis/810908e0-5620-4e2c-bd39-385cb8aa9c61: Starting segment from index:0
2019-09-18 18:03:14,496 [7cb5bd27-452a-4b56-9ea4-268b54436f3d-SegmentedRaftLogWorker:Storage Directory /workdir/hadoop-ozone/tools/target/test-dir/MiniOzoneClusterImpl-b338881a-fe91-4e40-bf12-d8a0ad576167/datanode-0/data/ratis/810908e0-5620-4e2c-bd39-385cb8aa9c61] INFO  segmented.SegmentedRaftLogWorker (SegmentedRaftLogWorker.java:execute(569)) - 7cb5bd27-452a-4b56-9ea4-268b54436f3d-SegmentedRaftLogWorker:Storage Directory /workdir/hadoop-ozone/tools/target/test-dir/MiniOzoneClusterImpl-b338881a-fe91-4e40-bf12-d8a0ad576167/datanode-0/data/ratis/810908e0-5620-4e2c-bd39-385cb8aa9c61: created new log segment /workdir/hadoop-ozone/tools/target/test-dir/MiniOzoneClusterImpl-b338881a-fe91-4e40-bf12-d8a0ad576167/datanode-0/data/ratis/810908e0-5620-4e2c-bd39-385cb8aa9c61/current/log_inprogress_0
2019-09-18 18:03:14,546 [f9c0c0c0-b23a-4753-91c5-508b70f9f49b-SegmentedRaftLogWorker:Storage Directory /workdir/hadoop-ozone/tools/target/test-dir/MiniOzoneClusterImpl-b338881a-fe91-4e40-bf12-d8a0ad576167/datanode-2/data/ratis/810908e0-5620-4e2c-bd39-385cb8aa9c61] INFO  segmented.SegmentedRaftLogWorker (SegmentedRaftLogWorker.java:execute(569)) - f9c0c0c0-b23a-4753-91c5-508b70f9f49b-SegmentedRaftLogWorker:Storage Directory /workdir/hadoop-ozone/tools/target/test-dir/MiniOzoneClusterImpl-b338881a-fe91-4e40-bf12-d8a0ad576167/datanode-2/data/ratis/810908e0-5620-4e2c-bd39-385cb8aa9c61: created new log segment /workdir/hadoop-ozone/tools/target/test-dir/MiniOzoneClusterImpl-b338881a-fe91-4e40-bf12-d8a0ad576167/datanode-2/data/ratis/810908e0-5620-4e2c-bd39-385cb8aa9c61/current/log_inprogress_0
2019-09-18 18:03:14,546 [43decd5c-1b5a-43ef-8295-9634006390e4-SegmentedRaftLogWorker:Storage Directory /workdir/hadoop-ozone/tools/target/test-dir/MiniOzoneClusterImpl-b338881a-fe91-4e40-bf12-d8a0ad576167/datanode-1/data/ratis/810908e0-5620-4e2c-bd39-385cb8aa9c61] INFO  segmented.SegmentedRaftLogWorker (SegmentedRaftLogWorker.java:execute(569)) - 43decd5c-1b5a-43ef-8295-9634006390e4-SegmentedRaftLogWorker:Storage Directory /workdir/hadoop-ozone/tools/target/test-dir/MiniOzoneClusterImpl-b338881a-fe91-4e40-bf12-d8a0ad576167/datanode-1/data/ratis/810908e0-5620-4e2c-bd39-385cb8aa9c61: created new log segment /workdir/hadoop-ozone/tools/target/test-dir/MiniOzoneClusterImpl-b338881a-fe91-4e40-bf12-d8a0ad576167/datanode-1/data/ratis/810908e0-5620-4e2c-bd39-385cb8aa9c61/current/log_inprogress_0
2019-09-18 18:03:15,112 | INFO  | SCMAudit | user=jenkins1000 | ip=192.168.5.185 | op=SEND_HEARTBEAT {datanodeUUID=7cb5bd27-452a-4b56-9ea4-268b54436f3d, command=[]} | ret=SUCCESS |  
2019-09-18 18:03:15,220 | INFO  | SCMAudit | user=jenkins1000 | ip=192.168.5.185 | op=SEND_HEARTBEAT {datanodeUUID=f9c0c0c0-b23a-4753-91c5-508b70f9f49b, command=[]} | ret=SUCCESS |  
2019-09-18 18:03:15,248 | INFO  | SCMAudit | user=jenkins1000 | ip=192.168.5.185 | op=SEND_HEARTBEAT {datanodeUUID=43decd5c-1b5a-43ef-8295-9634006390e4, command=[]} | ret=SUCCESS |  
2019-09-18 18:03:16,113 | INFO  | SCMAudit | user=jenkins1000 | ip=192.168.5.185 | op=SEND_HEARTBEAT {datanodeUUID=7cb5bd27-452a-4b56-9ea4-268b54436f3d, command=[]} | ret=SUCCESS |  
2019-09-18 18:03:16,220 | INFO  | SCMAudit | user=jenkins1000 | ip=192.168.5.185 | op=SEND_HEARTBEAT {datanodeUUID=f9c0c0c0-b23a-4753-91c5-508b70f9f49b, command=[]} | ret=SUCCESS |  
2019-09-18 18:03:16,248 | INFO  | SCMAudit | user=jenkins1000 | ip=192.168.5.185 | op=SEND_HEARTBEAT {datanodeUUID=43decd5c-1b5a-43ef-8295-9634006390e4, command=[]} | ret=SUCCESS |  
2019-09-18 18:03:17,113 | INFO  | SCMAudit | user=jenkins1000 | ip=192.168.5.185 | op=SEND_HEARTBEAT {datanodeUUID=7cb5bd27-452a-4b56-9ea4-268b54436f3d, command=[]} | ret=SUCCESS |  
2019-09-18 18:03:17,221 | INFO  | SCMAudit | user=jenkins1000 | ip=192.168.5.185 | op=SEND_HEARTBEAT {datanodeUUID=f9c0c0c0-b23a-4753-91c5-508b70f9f49b, command=[]} | ret=SUCCESS |  
2019-09-18 18:03:17,248 | INFO  | SCMAudit | user=jenkins1000 | ip=192.168.5.185 | op=SEND_HEARTBEAT {datanodeUUID=43decd5c-1b5a-43ef-8295-9634006390e4, command=[]} | ret=SUCCESS |  
]]></system-out>
    <system-err><![CDATA[Sep 18, 2019 6:02:43 PM com.sun.jersey.server.impl.application.WebApplicationImpl _initiate
INFO: Initiating Jersey application, version 'Jersey: 1.19 02/11/2015 03:25 AM'
Sep 18, 2019 6:02:44 PM com.sun.jersey.server.impl.application.WebApplicationImpl _initiate
INFO: Initiating Jersey application, version 'Jersey: 1.19 02/11/2015 03:25 AM'
Sep 18, 2019 6:02:44 PM com.sun.jersey.server.impl.application.WebApplicationImpl _initiate
INFO: Initiating Jersey application, version 'Jersey: 1.19 02/11/2015 03:25 AM'
]]></system-err>
  </testcase>
</testsuite>