<?xml version="1.0" encoding="UTF-8"?>
<testsuite xmlns:xsi="http://www.w3.org/2001/XMLSchema-instance" xsi:noNamespaceSchemaLocation="https://maven.apache.org/surefire/maven-surefire-plugin/xsd/surefire-test-report.xsd" name="org.apache.hadoop.ozone.client.rpc.TestBlockOutputStreamWithFailures" time="741.685" tests="8" errors="0" skipped="0" failures="3">
  <properties>
    <property name="awt.toolkit" value="sun.awt.X11.XToolkit"/>
    <property name="file.encoding.pkg" value="sun.io"/>
    <property name="java.specification.version" value="1.8"/>
    <property name="sun.cpu.isalist" value=""/>
    <property name="sun.jnu.encoding" value="UTF-8"/>
    <property name="java.class.path" value="/workdir/hadoop-ozone/integration-test/target/test-classes:/workdir/hadoop-ozone/integration-test/target/classes:/home/user/.m2/repository/org/apache/hadoop/hadoop-ozone-common/0.5.0-SNAPSHOT/hadoop-ozone-common-0.5.0-SNAPSHOT.jar:/home/user/.m2/repository/org/apache/commons/commons-compress/1.4.1/commons-compress-1.4.1.jar:/home/user/.m2/repository/org/tukaani/xz/1.0/xz-1.0.jar:/home/user/.m2/repository/org/apache/hadoop/hadoop-common/3.2.0/hadoop-common-3.2.0.jar:/home/user/.m2/repository/org/apache/hadoop/hadoop-hdfs/3.2.0/hadoop-hdfs-3.2.0.jar:/home/user/.m2/repository/org/apache/hadoop/hadoop-hdfs-client/3.2.0/hadoop-hdfs-client-3.2.0.jar:/home/user/.m2/repository/com/fasterxml/jackson/core/jackson-annotations/2.9.5/jackson-annotations-2.9.5.jar:/home/user/.m2/repository/org/apache/hadoop/hadoop-hdds-common/0.5.0-SNAPSHOT/hadoop-hdds-common-0.5.0-SNAPSHOT.jar:/home/user/.m2/repository/javax/annotation/javax.annotation-api/1.2/javax.annotation-api-1.2.jar:/home/user/.m2/repository/org/apache/ratis/ratis-server/0.4.0-2337318-SNAPSHOT/ratis-server-0.4.0-2337318-SNAPSHOT.jar:/home/user/.m2/repository/org/apache/ratis/ratis-thirdparty-misc/0.2.0/ratis-thirdparty-misc-0.2.0.jar:/home/user/.m2/repository/org/apache/ratis/ratis-proto/0.4.0-2337318-SNAPSHOT/ratis-proto-0.4.0-2337318-SNAPSHOT.jar:/home/user/.m2/repository/org/apache/ratis/ratis-common/0.4.0-2337318-SNAPSHOT/ratis-common-0.4.0-2337318-SNAPSHOT.jar:/home/user/.m2/repository/org/apache/ratis/ratis-client/0.4.0-2337318-SNAPSHOT/ratis-client-0.4.0-2337318-SNAPSHOT.jar:/home/user/.m2/repository/org/apache/ratis/ratis-metrics/0.4.0-2337318-SNAPSHOT/ratis-metrics-0.4.0-2337318-SNAPSHOT.jar:/home/user/.m2/repository/org/apache/ratis/ratis-netty/0.4.0-2337318-SNAPSHOT/ratis-netty-0.4.0-2337318-SNAPSHOT.jar:/home/user/.m2/repository/org/apache/ratis/ratis-grpc/0.4.0-2337318-SNAPSHOT/ratis-grpc-0.4.0-2337318-SNAPSHOT.jar:/home/user/.m2/repository/org/rocksdb/rocksdbjni/6.0.1/rocksdbjni-6.0.1.jar:/home/user/.m2/repository/org/apache/logging/log4j/log4j-api/2.11.0/log4j-api-2.11.0.jar:/home/user/.m2/repository/org/apache/logging/log4j/log4j-core/2.11.0/log4j-core-2.11.0.jar:/home/user/.m2/repository/com/lmax/disruptor/3.4.2/disruptor-3.4.2.jar:/home/user/.m2/repository/org/apache/commons/commons-pool2/2.6.0/commons-pool2-2.6.0.jar:/home/user/.m2/repository/org/bouncycastle/bcpkix-jdk15on/1.60/bcpkix-jdk15on-1.60.jar:/home/user/.m2/repository/commons-validator/commons-validator/1.6/commons-validator-1.6.jar:/home/user/.m2/repository/commons-digester/commons-digester/1.8.1/commons-digester-1.8.1.jar:/home/user/.m2/repository/io/jaegertracing/jaeger-client/0.33.1/jaeger-client-0.33.1.jar:/home/user/.m2/repository/io/jaegertracing/jaeger-thrift/0.33.1/jaeger-thrift-0.33.1.jar:/home/user/.m2/repository/org/apache/thrift/libthrift/0.11.0/libthrift-0.11.0.jar:/home/user/.m2/repository/com/squareup/okhttp3/okhttp/3.9.0/okhttp-3.9.0.jar:/home/user/.m2/repository/com/squareup/okio/okio/1.13.0/okio-1.13.0.jar:/home/user/.m2/repository/io/jaegertracing/jaeger-core/0.33.1/jaeger-core-0.33.1.jar:/home/user/.m2/repository/io/jaegertracing/jaeger-tracerresolver/0.33.1/jaeger-tracerresolver-0.33.1.jar:/home/user/.m2/repository/io/opentracing/contrib/opentracing-tracerresolver/0.1.5/opentracing-tracerresolver-0.1.5.jar:/home/user/.m2/repository/io/opentracing/opentracing-util/0.31.0/opentracing-util-0.31.0.jar:/home/user/.m2/repository/io/opentracing/opentracing-api/0.31.0/opentracing-api-0.31.0.jar:/home/user/.m2/repository/io/opentracing/opentracing-noop/0.31.0/opentracing-noop-0.31.0.jar:/home/user/.m2/repository/org/apache/hadoop/hadoop-hdds-server-framework/0.5.0-SNAPSHOT/hadoop-hdds-server-framework-0.5.0-SNAPSHOT.jar:/home/user/.m2/repository/org/apache/hadoop/hadoop-hdds-container-service/0.5.0-SNAPSHOT/hadoop-hdds-container-service-0.5.0-SNAPSHOT.jar:/home/user/.m2/repository/org/apache/hadoop/hadoop-hdds-client/0.5.0-SNAPSHOT/hadoop-hdds-client-0.5.0-SNAPSHOT.jar:/home/user/.m2/repository/org/apache/hadoop/hadoop-hdds-tools/0.5.0-SNAPSHOT/hadoop-hdds-tools-0.5.0-SNAPSHOT.jar:/home/user/.m2/repository/org/apache/hadoop/hadoop-hdds-server-scm/0.5.0-SNAPSHOT/hadoop-hdds-server-scm-0.5.0-SNAPSHOT.jar:/home/user/.m2/repository/org/apache/hadoop/hadoop-hdds-docs/0.5.0-SNAPSHOT/hadoop-hdds-docs-0.5.0-SNAPSHOT.jar:/home/user/.m2/repository/io/dropwizard/metrics/metrics-core/3.2.4/metrics-core-3.2.4.jar:/home/user/.m2/repository/org/hamcrest/hamcrest-all/1.3/hamcrest-all-1.3.jar:/home/user/.m2/repository/org/bouncycastle/bcprov-jdk15on/1.60/bcprov-jdk15on-1.60.jar:/home/user/.m2/repository/info/picocli/picocli/3.9.6/picocli-3.9.6.jar:/home/user/.m2/repository/com/google/protobuf/protobuf-java/2.5.0/protobuf-java-2.5.0.jar:/home/user/.m2/repository/com/google/guava/guava/11.0.2/guava-11.0.2.jar:/home/user/.m2/repository/org/apache/hadoop/hadoop-ozone-ozone-manager/0.5.0-SNAPSHOT/hadoop-ozone-ozone-manager-0.5.0-SNAPSHOT.jar:/home/user/.m2/repository/org/apache/hadoop/hadoop-minikdc/3.2.0/hadoop-minikdc-3.2.0.jar:/home/user/.m2/repository/commons-io/commons-io/2.5/commons-io-2.5.jar:/home/user/.m2/repository/org/apache/kerby/kerb-simplekdc/1.0.1/kerb-simplekdc-1.0.1.jar:/home/user/.m2/repository/org/apache/kerby/kerb-client/1.0.1/kerb-client-1.0.1.jar:/home/user/.m2/repository/org/apache/kerby/kerby-config/1.0.1/kerby-config-1.0.1.jar:/home/user/.m2/repository/org/apache/kerby/kerb-core/1.0.1/kerb-core-1.0.1.jar:/home/user/.m2/repository/org/apache/kerby/kerby-pkix/1.0.1/kerby-pkix-1.0.1.jar:/home/user/.m2/repository/org/apache/kerby/kerby-asn1/1.0.1/kerby-asn1-1.0.1.jar:/home/user/.m2/repository/org/apache/kerby/kerby-util/1.0.1/kerby-util-1.0.1.jar:/home/user/.m2/repository/org/apache/kerby/kerb-common/1.0.1/kerb-common-1.0.1.jar:/home/user/.m2/repository/org/apache/kerby/kerb-crypto/1.0.1/kerb-crypto-1.0.1.jar:/home/user/.m2/repository/org/apache/kerby/kerb-util/1.0.1/kerb-util-1.0.1.jar:/home/user/.m2/repository/org/apache/kerby/token-provider/1.0.1/token-provider-1.0.1.jar:/home/user/.m2/repository/org/apache/kerby/kerb-admin/1.0.1/kerb-admin-1.0.1.jar:/home/user/.m2/repository/org/apache/kerby/kerb-server/1.0.1/kerb-server-1.0.1.jar:/home/user/.m2/repository/org/apache/kerby/kerb-identity/1.0.1/kerb-identity-1.0.1.jar:/home/user/.m2/repository/org/apache/kerby/kerby-xdr/1.0.1/kerby-xdr-1.0.1.jar:/home/user/.m2/repository/org/slf4j/slf4j-log4j12/1.7.25/slf4j-log4j12-1.7.25.jar:/home/user/.m2/repository/org/apache/hadoop/hadoop-ozone-objectstore-service/0.5.0-SNAPSHOT/hadoop-ozone-objectstore-service-0.5.0-SNAPSHOT.jar:/home/user/.m2/repository/org/apache/hadoop/hadoop-ozone-s3gateway/0.5.0-SNAPSHOT/hadoop-ozone-s3gateway-0.5.0-SNAPSHOT.jar:/home/user/.m2/repository/org/jboss/weld/servlet/weld-servlet/2.4.7.Final/weld-servlet-2.4.7.Final.jar:/home/user/.m2/repository/org/glassfish/jersey/containers/jersey-container-servlet-core/2.27/jersey-container-servlet-core-2.27.jar:/home/user/.m2/repository/org/glassfish/hk2/external/javax.inject/2.5.0-b42/javax.inject-2.5.0-b42.jar:/home/user/.m2/repository/org/glassfish/jersey/core/jersey-common/2.27/jersey-common-2.27.jar:/home/user/.m2/repository/org/glassfish/hk2/osgi-resource-locator/1.0.1/osgi-resource-locator-1.0.1.jar:/home/user/.m2/repository/javax/ws/rs/javax.ws.rs-api/2.1/javax.ws.rs-api-2.1.jar:/home/user/.m2/repository/org/glassfish/jersey/ext/cdi/jersey-cdi1x/2.27/jersey-cdi1x-2.27.jar:/home/user/.m2/repository/org/glassfish/jersey/inject/jersey-hk2/2.27/jersey-hk2-2.27.jar:/home/user/.m2/repository/org/glassfish/hk2/hk2-locator/2.5.0-b42/hk2-locator-2.5.0-b42.jar:/home/user/.m2/repository/org/javassist/javassist/3.22.0-CR2/javassist-3.22.0-CR2.jar:/home/user/.m2/repository/org/glassfish/hk2/hk2-api/2.5.0/hk2-api-2.5.0.jar:/home/user/.m2/repository/org/glassfish/hk2/external/jakarta.inject/2.5.0/jakarta.inject-2.5.0.jar:/home/user/.m2/repository/org/glassfish/hk2/hk2-utils/2.5.0/hk2-utils-2.5.0.jar:/home/user/.m2/repository/jakarta/annotation/jakarta.annotation-api/1.3.4/jakarta.annotation-api-1.3.4.jar:/home/user/.m2/repository/org/glassfish/hk2/external/aopalliance-repackaged/2.5.0/aopalliance-repackaged-2.5.0.jar:/home/user/.m2/repository/com/fasterxml/jackson/dataformat/jackson-dataformat-xml/2.9.0/jackson-dataformat-xml-2.9.0.jar:/home/user/.m2/repository/com/fasterxml/jackson/core/jackson-core/2.9.5/jackson-core-2.9.5.jar:/home/user/.m2/repository/com/fasterxml/jackson/module/jackson-module-jaxb-annotations/2.9.5/jackson-module-jaxb-annotations-2.9.5.jar:/home/user/.m2/repository/javax/enterprise/cdi-api/1.2/cdi-api-1.2.jar:/home/user/.m2/repository/javax/el/javax.el-api/3.0.0/javax.el-api-3.0.0.jar:/home/user/.m2/repository/javax/interceptor/javax.interceptor-api/1.2/javax.interceptor-api-1.2.jar:/home/user/.m2/repository/javax/inject/javax.inject/1/javax.inject-1.jar:/home/user/.m2/repository/com/sun/xml/bind/jaxb-impl/2.3.0.1/jaxb-impl-2.3.0.1.jar:/home/user/.m2/repository/com/sun/xml/bind/jaxb-core/2.3.0.1/jaxb-core-2.3.0.1.jar:/home/user/.m2/repository/javax/xml/bind/jaxb-api/2.3.0/jaxb-api-2.3.0.jar:/home/user/.m2/repository/javax/activation/activation/1.1.1/activation-1.1.1.jar:/home/user/.m2/repository/org/apache/hadoop/hadoop-ozone-csi/0.5.0-SNAPSHOT/hadoop-ozone-csi-0.5.0-SNAPSHOT.jar:/home/user/.m2/repository/com/google/protobuf/protobuf-java-util/3.5.1/protobuf-java-util-3.5.1.jar:/home/user/.m2/repository/org/apache/hadoop/hadoop-hdds-config/0.5.0-SNAPSHOT/hadoop-hdds-config-0.5.0-SNAPSHOT.jar:/home/user/.m2/repository/io/grpc/grpc-netty/1.17.1/grpc-netty-1.17.1.jar:/home/user/.m2/repository/io/grpc/grpc-core/1.17.1/grpc-core-1.17.1.jar:/home/user/.m2/repository/io/grpc/grpc-context/1.17.1/grpc-context-1.17.1.jar:/home/user/.m2/repository/com/google/errorprone/error_prone_annotations/2.2.0/error_prone_annotations-2.2.0.jar:/home/user/.m2/repository/org/codehaus/mojo/animal-sniffer-annotations/1.17/animal-sniffer-annotations-1.17.jar:/home/user/.m2/repository/io/opencensus/opencensus-api/0.17.0/opencensus-api-0.17.0.jar:/home/user/.m2/repository/io/opencensus/opencensus-contrib-grpc-metrics/0.17.0/opencensus-contrib-grpc-metrics-0.17.0.jar:/home/user/.m2/repository/io/netty/netty-codec-http2/4.1.30.Final/netty-codec-http2-4.1.30.Final.jar:/home/user/.m2/repository/io/netty/netty-codec-http/4.1.30.Final/netty-codec-http-4.1.30.Final.jar:/home/user/.m2/repository/io/netty/netty-codec/4.1.30.Final/netty-codec-4.1.30.Final.jar:/home/user/.m2/repository/io/netty/netty-handler/4.1.30.Final/netty-handler-4.1.30.Final.jar:/home/user/.m2/repository/io/netty/netty-handler-proxy/4.1.30.Final/netty-handler-proxy-4.1.30.Final.jar:/home/user/.m2/repository/io/netty/netty-codec-socks/4.1.30.Final/netty-codec-socks-4.1.30.Final.jar:/home/user/.m2/repository/io/netty/netty-transport-native-epoll/4.1.30.Final/netty-transport-native-epoll-4.1.30.Final.jar:/home/user/.m2/repository/io/netty/netty-common/4.1.30.Final/netty-common-4.1.30.Final.jar:/home/user/.m2/repository/io/netty/netty-buffer/4.1.30.Final/netty-buffer-4.1.30.Final.jar:/home/user/.m2/repository/io/netty/netty-transport/4.1.30.Final/netty-transport-4.1.30.Final.jar:/home/user/.m2/repository/io/netty/netty-resolver/4.1.30.Final/netty-resolver-4.1.30.Final.jar:/home/user/.m2/repository/io/netty/netty-transport-native-unix-common/4.1.30.Final/netty-transport-native-unix-common-4.1.30.Final.jar:/home/user/.m2/repository/io/grpc/grpc-protobuf/1.17.1/grpc-protobuf-1.17.1.jar:/home/user/.m2/repository/com/google/api/grpc/proto-google-common-protos/1.0.0/proto-google-common-protos-1.0.0.jar:/home/user/.m2/repository/io/grpc/grpc-protobuf-lite/1.17.1/grpc-protobuf-lite-1.17.1.jar:/home/user/.m2/repository/io/grpc/grpc-stub/1.17.1/grpc-stub-1.17.1.jar:/home/user/.m2/repository/org/apache/hadoop/hadoop-ozone-recon/0.5.0-SNAPSHOT/hadoop-ozone-recon-0.5.0-SNAPSHOT.jar:/home/user/.m2/repository/org/apache/hadoop/hadoop-ozone-reconcodegen/0.5.0-SNAPSHOT/hadoop-ozone-reconcodegen-0.5.0-SNAPSHOT.jar:/home/user/.m2/repository/com/google/inject/extensions/guice-multibindings/4.0/guice-multibindings-4.0.jar:/home/user/.m2/repository/com/google/inject/guice/4.0/guice-4.0.jar:/home/user/.m2/repository/aopalliance/aopalliance/1.0/aopalliance-1.0.jar:/home/user/.m2/repository/com/google/inject/extensions/guice-servlet/4.0/guice-servlet-4.0.jar:/home/user/.m2/repository/org/glassfish/jersey/containers/jersey-container-servlet/2.27/jersey-container-servlet-2.27.jar:/home/user/.m2/repository/org/glassfish/hk2/guice-bridge/2.5.0/guice-bridge-2.5.0.jar:/home/user/.m2/repository/org/glassfish/jersey/core/jersey-server/2.27/jersey-server-2.27.jar:/home/user/.m2/repository/org/glassfish/jersey/core/jersey-client/2.27/jersey-client-2.27.jar:/home/user/.m2/repository/org/glassfish/jersey/media/jersey-media-jaxb/2.27/jersey-media-jaxb-2.27.jar:/home/user/.m2/repository/javax/validation/validation-api/1.1.0.Final/validation-api-1.1.0.Final.jar:/home/user/.m2/repository/org/glassfish/jersey/media/jersey-media-json-jackson/2.27/jersey-media-json-jackson-2.27.jar:/home/user/.m2/repository/org/glassfish/jersey/ext/jersey-entity-filtering/2.27/jersey-entity-filtering-2.27.jar:/home/user/.m2/repository/com/google/inject/extensions/guice-assistedinject/4.0/guice-assistedinject-4.0.jar:/home/user/.m2/repository/org/jooq/jooq/3.11.10/jooq-3.11.10.jar:/home/user/.m2/repository/org/jooq/jooq-meta/3.11.10/jooq-meta-3.11.10.jar:/home/user/.m2/repository/org/jooq/jooq-codegen/3.11.10/jooq-codegen-3.11.10.jar:/home/user/.m2/repository/com/jolbox/bonecp/0.8.0.RELEASE/bonecp-0.8.0.RELEASE.jar:/home/user/.m2/repository/org/xerial/sqlite-jdbc/3.25.2/sqlite-jdbc-3.25.2.jar:/home/user/.m2/repository/org/springframework/spring-jdbc/5.1.3.RELEASE/spring-jdbc-5.1.3.RELEASE.jar:/home/user/.m2/repository/org/springframework/spring-beans/5.1.3.RELEASE/spring-beans-5.1.3.RELEASE.jar:/home/user/.m2/repository/org/springframework/spring-core/5.1.3.RELEASE/spring-core-5.1.3.RELEASE.jar:/home/user/.m2/repository/org/springframework/spring-jcl/5.1.3.RELEASE/spring-jcl-5.1.3.RELEASE.jar:/home/user/.m2/repository/org/springframework/spring-tx/5.1.3.RELEASE/spring-tx-5.1.3.RELEASE.jar:/home/user/.m2/repository/org/apache/hadoop/hadoop-ozone-client/0.5.0-SNAPSHOT/hadoop-ozone-client-0.5.0-SNAPSHOT.jar:/home/user/.m2/repository/commons-lang/commons-lang/2.6/commons-lang-2.6.jar:/home/user/.m2/repository/org/apache/hadoop/hadoop-ozone-ozone-manager/0.5.0-SNAPSHOT/hadoop-ozone-ozone-manager-0.5.0-SNAPSHOT-tests.jar:/home/user/.m2/repository/junit/junit/4.11/junit-4.11.jar:/home/user/.m2/repository/org/hamcrest/hamcrest-core/1.3/hamcrest-core-1.3.jar:/home/user/.m2/repository/org/openjdk/jmh/jmh-core/1.19/jmh-core-1.19.jar:/home/user/.m2/repository/net/sf/jopt-simple/jopt-simple/4.6/jopt-simple-4.6.jar:/home/user/.m2/repository/org/apache/commons/commons-math3/3.1.1/commons-math3-3.1.1.jar:/home/user/.m2/repository/org/openjdk/jmh/jmh-generator-annprocess/1.19/jmh-generator-annprocess-1.19.jar:/home/user/.m2/repository/org/mockito/mockito-all/1.8.5/mockito-all-1.8.5.jar:/home/user/.m2/repository/org/apache/hadoop/hadoop-kms/3.2.0/hadoop-kms-3.2.0.jar:/home/user/.m2/repository/org/apache/hadoop/hadoop-auth/3.2.0/hadoop-auth-3.2.0.jar:/home/user/.m2/repository/com/nimbusds/nimbus-jose-jwt/4.41.1/nimbus-jose-jwt-4.41.1.jar:/home/user/.m2/repository/com/github/stephenc/jcip/jcip-annotations/1.0-1/jcip-annotations-1.0-1.jar:/home/user/.m2/repository/net/minidev/json-smart/2.3/json-smart-2.3.jar:/home/user/.m2/repository/net/minidev/accessors-smart/1.2/accessors-smart-1.2.jar:/home/user/.m2/repository/org/ow2/asm/asm/5.0.4/asm-5.0.4.jar:/home/user/.m2/repository/org/apache/curator/curator-framework/2.12.0/curator-framework-2.12.0.jar:/home/user/.m2/repository/com/sun/jersey/jersey-core/1.19/jersey-core-1.19.jar:/home/user/.m2/repository/javax/ws/rs/jsr311-api/1.1.1/jsr311-api-1.1.1.jar:/home/user/.m2/repository/com/sun/jersey/jersey-server/1.19/jersey-server-1.19.jar:/home/user/.m2/repository/javax/servlet/javax.servlet-api/3.1.0/javax.servlet-api-3.1.0.jar:/home/user/.m2/repository/org/eclipse/jetty/jetty-server/9.3.24.v20180605/jetty-server-9.3.24.v20180605.jar:/home/user/.m2/repository/org/eclipse/jetty/jetty-http/9.3.24.v20180605/jetty-http-9.3.24.v20180605.jar:/home/user/.m2/repository/org/eclipse/jetty/jetty-io/9.3.24.v20180605/jetty-io-9.3.24.v20180605.jar:/home/user/.m2/repository/org/eclipse/jetty/jetty-webapp/9.3.24.v20180605/jetty-webapp-9.3.24.v20180605.jar:/home/user/.m2/repository/org/eclipse/jetty/jetty-xml/9.3.24.v20180605/jetty-xml-9.3.24.v20180605.jar:/home/user/.m2/repository/log4j/log4j/1.2.17/log4j-1.2.17.jar:/home/user/.m2/repository/org/slf4j/slf4j-api/1.7.25/slf4j-api-1.7.25.jar:/home/user/.m2/repository/org/slf4j/jul-to-slf4j/1.7.25/jul-to-slf4j-1.7.25.jar:/home/user/.m2/repository/org/eclipse/jetty/jetty-util/9.3.24.v20180605/jetty-util-9.3.24.v20180605.jar:/home/user/.m2/repository/com/fasterxml/jackson/core/jackson-databind/2.9.5/jackson-databind-2.9.5.jar:/home/user/.m2/repository/org/apache/hadoop/hadoop-kms/3.2.0/hadoop-kms-3.2.0-tests.jar:/home/user/.m2/repository/org/apache/hadoop/hadoop-hdds-server-scm/0.5.0-SNAPSHOT/hadoop-hdds-server-scm-0.5.0-SNAPSHOT-tests.jar:/home/user/.m2/repository/org/apache/hadoop/hadoop-hdds-container-service/0.5.0-SNAPSHOT/hadoop-hdds-container-service-0.5.0-SNAPSHOT-tests.jar:/home/user/.m2/repository/org/yaml/snakeyaml/1.16/snakeyaml-1.16.jar:/home/user/.m2/repository/org/apache/hadoop/hadoop-common/3.2.0/hadoop-common-3.2.0-tests.jar:/home/user/.m2/repository/org/apache/hadoop/hadoop-annotations/3.2.0/hadoop-annotations-3.2.0.jar:/usr/lib/jvm/java-1.8-openjdk/jre/../lib/tools.jar:/home/user/.m2/repository/commons-cli/commons-cli/1.2/commons-cli-1.2.jar:/home/user/.m2/repository/org/apache/httpcomponents/httpclient/4.5.2/httpclient-4.5.2.jar:/home/user/.m2/repository/org/apache/httpcomponents/httpcore/4.4.4/httpcore-4.4.4.jar:/home/user/.m2/repository/commons-codec/commons-codec/1.11/commons-codec-1.11.jar:/home/user/.m2/repository/commons-net/commons-net/3.6/commons-net-3.6.jar:/home/user/.m2/repository/commons-collections/commons-collections/3.2.2/commons-collections-3.2.2.jar:/home/user/.m2/repository/org/eclipse/jetty/jetty-servlet/9.3.24.v20180605/jetty-servlet-9.3.24.v20180605.jar:/home/user/.m2/repository/org/eclipse/jetty/jetty-security/9.3.24.v20180605/jetty-security-9.3.24.v20180605.jar:/home/user/.m2/repository/javax/servlet/jsp/jsp-api/2.1/jsp-api-2.1.jar:/home/user/.m2/repository/com/sun/jersey/jersey-servlet/1.19/jersey-servlet-1.19.jar:/home/user/.m2/repository/com/sun/jersey/jersey-json/1.19/jersey-json-1.19.jar:/home/user/.m2/repository/org/codehaus/jettison/jettison/1.1/jettison-1.1.jar:/home/user/.m2/repository/org/codehaus/jackson/jackson-core-asl/1.9.13/jackson-core-asl-1.9.13.jar:/home/user/.m2/repository/org/codehaus/jackson/jackson-mapper-asl/1.9.13/jackson-mapper-asl-1.9.13.jar:/home/user/.m2/repository/org/codehaus/jackson/jackson-jaxrs/1.9.13/jackson-jaxrs-1.9.13.jar:/home/user/.m2/repository/org/codehaus/jackson/jackson-xc/1.9.13/jackson-xc-1.9.13.jar:/home/user/.m2/repository/commons-logging/commons-logging/1.1.3/commons-logging-1.1.3.jar:/home/user/.m2/repository/commons-beanutils/commons-beanutils/1.9.3/commons-beanutils-1.9.3.jar:/home/user/.m2/repository/org/apache/commons/commons-configuration2/2.1.1/commons-configuration2-2.1.1.jar:/home/user/.m2/repository/org/apache/commons/commons-lang3/3.7/commons-lang3-3.7.jar:/home/user/.m2/repository/org/apache/commons/commons-text/1.4/commons-text-1.4.jar:/home/user/.m2/repository/org/apache/avro/avro/1.7.7/avro-1.7.7.jar:/home/user/.m2/repository/com/thoughtworks/paranamer/paranamer/2.3/paranamer-2.3.jar:/home/user/.m2/repository/org/xerial/snappy/snappy-java/1.0.5/snappy-java-1.0.5.jar:/home/user/.m2/repository/com/google/re2j/re2j/1.1/re2j-1.1.jar:/home/user/.m2/repository/com/google/code/gson/gson/2.2.4/gson-2.2.4.jar:/home/user/.m2/repository/com/jcraft/jsch/0.1.54/jsch-0.1.54.jar:/home/user/.m2/repository/org/apache/curator/curator-client/2.12.0/curator-client-2.12.0.jar:/home/user/.m2/repository/org/apache/curator/curator-recipes/2.12.0/curator-recipes-2.12.0.jar:/home/user/.m2/repository/com/google/code/findbugs/jsr305/3.0.0/jsr305-3.0.0.jar:/home/user/.m2/repository/org/apache/htrace/htrace-core4/4.1.0-incubating/htrace-core4-4.1.0-incubating.jar:/home/user/.m2/repository/org/apache/zookeeper/zookeeper/3.4.13/zookeeper-3.4.13.jar:/home/user/.m2/repository/org/apache/yetus/audience-annotations/0.5.0/audience-annotations-0.5.0.jar:/home/user/.m2/repository/org/codehaus/woodstox/stax2-api/3.1.4/stax2-api-3.1.4.jar:/home/user/.m2/repository/com/fasterxml/woodstox/woodstox-core/5.0.3/woodstox-core-5.0.3.jar:/home/user/.m2/repository/dnsjava/dnsjava/2.1.7/dnsjava-2.1.7.jar:/home/user/.m2/repository/org/apache/hadoop/hadoop-hdfs/3.2.0/hadoop-hdfs-3.2.0-tests.jar:/home/user/.m2/repository/org/eclipse/jetty/jetty-util-ajax/9.3.24.v20180605/jetty-util-ajax-9.3.24.v20180605.jar:/home/user/.m2/repository/commons-daemon/commons-daemon/1.0.13/commons-daemon-1.0.13.jar:/home/user/.m2/repository/io/netty/netty/3.10.5.Final/netty-3.10.5.Final.jar:/home/user/.m2/repository/io/netty/netty-all/4.0.52.Final/netty-all-4.0.52.Final.jar:/home/user/.m2/repository/org/fusesource/leveldbjni/leveldbjni-all/1.8/leveldbjni-all-1.8.jar:"/>
    <property name="java.vm.vendor" value="IcedTea"/>
    <property name="sun.arch.data.model" value="64"/>
    <property name="test.build.dir" value="/workdir/hadoop-ozone/integration-test/target/test-dir"/>
    <property name="test.cache.data" value=""/>
    <property name="java.vendor.url" value="https://icedtea.classpath.org"/>
    <property name="user.timezone" value=""/>
    <property name="java.vm.specification.version" value="1.8"/>
    <property name="os.name" value="Linux"/>
    <property name="test.build.data" value="/workdir/hadoop-ozone/integration-test/target/test-dir"/>
    <property name="user.country" value="US"/>
    <property name="sun.java.launcher" value="SUN_STANDARD"/>
    <property name="sun.boot.library.path" value="/usr/lib/jvm/java-1.8-openjdk/jre/lib/amd64"/>
    <property name="sun.java.command" value="/workdir/hadoop-ozone/integration-test/target/surefire/surefirebooter28352155755221528.jar /workdir/hadoop-ozone/integration-test/target/surefire 2019-09-04T09-53-11_836-jvmRun1 surefire952520702773275301tmp surefire_165690108037062594419tmp"/>
    <property name="test" value="!TestMiniChaosOzoneCluster"/>
    <property name="surefire.test.class.path" value="/workdir/hadoop-ozone/integration-test/target/test-classes:/workdir/hadoop-ozone/integration-test/target/classes:/home/user/.m2/repository/org/apache/hadoop/hadoop-ozone-common/0.5.0-SNAPSHOT/hadoop-ozone-common-0.5.0-SNAPSHOT.jar:/home/user/.m2/repository/org/apache/commons/commons-compress/1.4.1/commons-compress-1.4.1.jar:/home/user/.m2/repository/org/tukaani/xz/1.0/xz-1.0.jar:/home/user/.m2/repository/org/apache/hadoop/hadoop-common/3.2.0/hadoop-common-3.2.0.jar:/home/user/.m2/repository/org/apache/hadoop/hadoop-hdfs/3.2.0/hadoop-hdfs-3.2.0.jar:/home/user/.m2/repository/org/apache/hadoop/hadoop-hdfs-client/3.2.0/hadoop-hdfs-client-3.2.0.jar:/home/user/.m2/repository/com/fasterxml/jackson/core/jackson-annotations/2.9.5/jackson-annotations-2.9.5.jar:/home/user/.m2/repository/org/apache/hadoop/hadoop-hdds-common/0.5.0-SNAPSHOT/hadoop-hdds-common-0.5.0-SNAPSHOT.jar:/home/user/.m2/repository/javax/annotation/javax.annotation-api/1.2/javax.annotation-api-1.2.jar:/home/user/.m2/repository/org/apache/ratis/ratis-server/0.4.0-2337318-SNAPSHOT/ratis-server-0.4.0-2337318-SNAPSHOT.jar:/home/user/.m2/repository/org/apache/ratis/ratis-thirdparty-misc/0.2.0/ratis-thirdparty-misc-0.2.0.jar:/home/user/.m2/repository/org/apache/ratis/ratis-proto/0.4.0-2337318-SNAPSHOT/ratis-proto-0.4.0-2337318-SNAPSHOT.jar:/home/user/.m2/repository/org/apache/ratis/ratis-common/0.4.0-2337318-SNAPSHOT/ratis-common-0.4.0-2337318-SNAPSHOT.jar:/home/user/.m2/repository/org/apache/ratis/ratis-client/0.4.0-2337318-SNAPSHOT/ratis-client-0.4.0-2337318-SNAPSHOT.jar:/home/user/.m2/repository/org/apache/ratis/ratis-metrics/0.4.0-2337318-SNAPSHOT/ratis-metrics-0.4.0-2337318-SNAPSHOT.jar:/home/user/.m2/repository/org/apache/ratis/ratis-netty/0.4.0-2337318-SNAPSHOT/ratis-netty-0.4.0-2337318-SNAPSHOT.jar:/home/user/.m2/repository/org/apache/ratis/ratis-grpc/0.4.0-2337318-SNAPSHOT/ratis-grpc-0.4.0-2337318-SNAPSHOT.jar:/home/user/.m2/repository/org/rocksdb/rocksdbjni/6.0.1/rocksdbjni-6.0.1.jar:/home/user/.m2/repository/org/apache/logging/log4j/log4j-api/2.11.0/log4j-api-2.11.0.jar:/home/user/.m2/repository/org/apache/logging/log4j/log4j-core/2.11.0/log4j-core-2.11.0.jar:/home/user/.m2/repository/com/lmax/disruptor/3.4.2/disruptor-3.4.2.jar:/home/user/.m2/repository/org/apache/commons/commons-pool2/2.6.0/commons-pool2-2.6.0.jar:/home/user/.m2/repository/org/bouncycastle/bcpkix-jdk15on/1.60/bcpkix-jdk15on-1.60.jar:/home/user/.m2/repository/commons-validator/commons-validator/1.6/commons-validator-1.6.jar:/home/user/.m2/repository/commons-digester/commons-digester/1.8.1/commons-digester-1.8.1.jar:/home/user/.m2/repository/io/jaegertracing/jaeger-client/0.33.1/jaeger-client-0.33.1.jar:/home/user/.m2/repository/io/jaegertracing/jaeger-thrift/0.33.1/jaeger-thrift-0.33.1.jar:/home/user/.m2/repository/org/apache/thrift/libthrift/0.11.0/libthrift-0.11.0.jar:/home/user/.m2/repository/com/squareup/okhttp3/okhttp/3.9.0/okhttp-3.9.0.jar:/home/user/.m2/repository/com/squareup/okio/okio/1.13.0/okio-1.13.0.jar:/home/user/.m2/repository/io/jaegertracing/jaeger-core/0.33.1/jaeger-core-0.33.1.jar:/home/user/.m2/repository/io/jaegertracing/jaeger-tracerresolver/0.33.1/jaeger-tracerresolver-0.33.1.jar:/home/user/.m2/repository/io/opentracing/contrib/opentracing-tracerresolver/0.1.5/opentracing-tracerresolver-0.1.5.jar:/home/user/.m2/repository/io/opentracing/opentracing-util/0.31.0/opentracing-util-0.31.0.jar:/home/user/.m2/repository/io/opentracing/opentracing-api/0.31.0/opentracing-api-0.31.0.jar:/home/user/.m2/repository/io/opentracing/opentracing-noop/0.31.0/opentracing-noop-0.31.0.jar:/home/user/.m2/repository/org/apache/hadoop/hadoop-hdds-server-framework/0.5.0-SNAPSHOT/hadoop-hdds-server-framework-0.5.0-SNAPSHOT.jar:/home/user/.m2/repository/org/apache/hadoop/hadoop-hdds-container-service/0.5.0-SNAPSHOT/hadoop-hdds-container-service-0.5.0-SNAPSHOT.jar:/home/user/.m2/repository/org/apache/hadoop/hadoop-hdds-client/0.5.0-SNAPSHOT/hadoop-hdds-client-0.5.0-SNAPSHOT.jar:/home/user/.m2/repository/org/apache/hadoop/hadoop-hdds-tools/0.5.0-SNAPSHOT/hadoop-hdds-tools-0.5.0-SNAPSHOT.jar:/home/user/.m2/repository/org/apache/hadoop/hadoop-hdds-server-scm/0.5.0-SNAPSHOT/hadoop-hdds-server-scm-0.5.0-SNAPSHOT.jar:/home/user/.m2/repository/org/apache/hadoop/hadoop-hdds-docs/0.5.0-SNAPSHOT/hadoop-hdds-docs-0.5.0-SNAPSHOT.jar:/home/user/.m2/repository/io/dropwizard/metrics/metrics-core/3.2.4/metrics-core-3.2.4.jar:/home/user/.m2/repository/org/hamcrest/hamcrest-all/1.3/hamcrest-all-1.3.jar:/home/user/.m2/repository/org/bouncycastle/bcprov-jdk15on/1.60/bcprov-jdk15on-1.60.jar:/home/user/.m2/repository/info/picocli/picocli/3.9.6/picocli-3.9.6.jar:/home/user/.m2/repository/com/google/protobuf/protobuf-java/2.5.0/protobuf-java-2.5.0.jar:/home/user/.m2/repository/com/google/guava/guava/11.0.2/guava-11.0.2.jar:/home/user/.m2/repository/org/apache/hadoop/hadoop-ozone-ozone-manager/0.5.0-SNAPSHOT/hadoop-ozone-ozone-manager-0.5.0-SNAPSHOT.jar:/home/user/.m2/repository/org/apache/hadoop/hadoop-minikdc/3.2.0/hadoop-minikdc-3.2.0.jar:/home/user/.m2/repository/commons-io/commons-io/2.5/commons-io-2.5.jar:/home/user/.m2/repository/org/apache/kerby/kerb-simplekdc/1.0.1/kerb-simplekdc-1.0.1.jar:/home/user/.m2/repository/org/apache/kerby/kerb-client/1.0.1/kerb-client-1.0.1.jar:/home/user/.m2/repository/org/apache/kerby/kerby-config/1.0.1/kerby-config-1.0.1.jar:/home/user/.m2/repository/org/apache/kerby/kerb-core/1.0.1/kerb-core-1.0.1.jar:/home/user/.m2/repository/org/apache/kerby/kerby-pkix/1.0.1/kerby-pkix-1.0.1.jar:/home/user/.m2/repository/org/apache/kerby/kerby-asn1/1.0.1/kerby-asn1-1.0.1.jar:/home/user/.m2/repository/org/apache/kerby/kerby-util/1.0.1/kerby-util-1.0.1.jar:/home/user/.m2/repository/org/apache/kerby/kerb-common/1.0.1/kerb-common-1.0.1.jar:/home/user/.m2/repository/org/apache/kerby/kerb-crypto/1.0.1/kerb-crypto-1.0.1.jar:/home/user/.m2/repository/org/apache/kerby/kerb-util/1.0.1/kerb-util-1.0.1.jar:/home/user/.m2/repository/org/apache/kerby/token-provider/1.0.1/token-provider-1.0.1.jar:/home/user/.m2/repository/org/apache/kerby/kerb-admin/1.0.1/kerb-admin-1.0.1.jar:/home/user/.m2/repository/org/apache/kerby/kerb-server/1.0.1/kerb-server-1.0.1.jar:/home/user/.m2/repository/org/apache/kerby/kerb-identity/1.0.1/kerb-identity-1.0.1.jar:/home/user/.m2/repository/org/apache/kerby/kerby-xdr/1.0.1/kerby-xdr-1.0.1.jar:/home/user/.m2/repository/org/slf4j/slf4j-log4j12/1.7.25/slf4j-log4j12-1.7.25.jar:/home/user/.m2/repository/org/apache/hadoop/hadoop-ozone-objectstore-service/0.5.0-SNAPSHOT/hadoop-ozone-objectstore-service-0.5.0-SNAPSHOT.jar:/home/user/.m2/repository/org/apache/hadoop/hadoop-ozone-s3gateway/0.5.0-SNAPSHOT/hadoop-ozone-s3gateway-0.5.0-SNAPSHOT.jar:/home/user/.m2/repository/org/jboss/weld/servlet/weld-servlet/2.4.7.Final/weld-servlet-2.4.7.Final.jar:/home/user/.m2/repository/org/glassfish/jersey/containers/jersey-container-servlet-core/2.27/jersey-container-servlet-core-2.27.jar:/home/user/.m2/repository/org/glassfish/hk2/external/javax.inject/2.5.0-b42/javax.inject-2.5.0-b42.jar:/home/user/.m2/repository/org/glassfish/jersey/core/jersey-common/2.27/jersey-common-2.27.jar:/home/user/.m2/repository/org/glassfish/hk2/osgi-resource-locator/1.0.1/osgi-resource-locator-1.0.1.jar:/home/user/.m2/repository/javax/ws/rs/javax.ws.rs-api/2.1/javax.ws.rs-api-2.1.jar:/home/user/.m2/repository/org/glassfish/jersey/ext/cdi/jersey-cdi1x/2.27/jersey-cdi1x-2.27.jar:/home/user/.m2/repository/org/glassfish/jersey/inject/jersey-hk2/2.27/jersey-hk2-2.27.jar:/home/user/.m2/repository/org/glassfish/hk2/hk2-locator/2.5.0-b42/hk2-locator-2.5.0-b42.jar:/home/user/.m2/repository/org/javassist/javassist/3.22.0-CR2/javassist-3.22.0-CR2.jar:/home/user/.m2/repository/org/glassfish/hk2/hk2-api/2.5.0/hk2-api-2.5.0.jar:/home/user/.m2/repository/org/glassfish/hk2/external/jakarta.inject/2.5.0/jakarta.inject-2.5.0.jar:/home/user/.m2/repository/org/glassfish/hk2/hk2-utils/2.5.0/hk2-utils-2.5.0.jar:/home/user/.m2/repository/jakarta/annotation/jakarta.annotation-api/1.3.4/jakarta.annotation-api-1.3.4.jar:/home/user/.m2/repository/org/glassfish/hk2/external/aopalliance-repackaged/2.5.0/aopalliance-repackaged-2.5.0.jar:/home/user/.m2/repository/com/fasterxml/jackson/dataformat/jackson-dataformat-xml/2.9.0/jackson-dataformat-xml-2.9.0.jar:/home/user/.m2/repository/com/fasterxml/jackson/core/jackson-core/2.9.5/jackson-core-2.9.5.jar:/home/user/.m2/repository/com/fasterxml/jackson/module/jackson-module-jaxb-annotations/2.9.5/jackson-module-jaxb-annotations-2.9.5.jar:/home/user/.m2/repository/javax/enterprise/cdi-api/1.2/cdi-api-1.2.jar:/home/user/.m2/repository/javax/el/javax.el-api/3.0.0/javax.el-api-3.0.0.jar:/home/user/.m2/repository/javax/interceptor/javax.interceptor-api/1.2/javax.interceptor-api-1.2.jar:/home/user/.m2/repository/javax/inject/javax.inject/1/javax.inject-1.jar:/home/user/.m2/repository/com/sun/xml/bind/jaxb-impl/2.3.0.1/jaxb-impl-2.3.0.1.jar:/home/user/.m2/repository/com/sun/xml/bind/jaxb-core/2.3.0.1/jaxb-core-2.3.0.1.jar:/home/user/.m2/repository/javax/xml/bind/jaxb-api/2.3.0/jaxb-api-2.3.0.jar:/home/user/.m2/repository/javax/activation/activation/1.1.1/activation-1.1.1.jar:/home/user/.m2/repository/org/apache/hadoop/hadoop-ozone-csi/0.5.0-SNAPSHOT/hadoop-ozone-csi-0.5.0-SNAPSHOT.jar:/home/user/.m2/repository/com/google/protobuf/protobuf-java-util/3.5.1/protobuf-java-util-3.5.1.jar:/home/user/.m2/repository/org/apache/hadoop/hadoop-hdds-config/0.5.0-SNAPSHOT/hadoop-hdds-config-0.5.0-SNAPSHOT.jar:/home/user/.m2/repository/io/grpc/grpc-netty/1.17.1/grpc-netty-1.17.1.jar:/home/user/.m2/repository/io/grpc/grpc-core/1.17.1/grpc-core-1.17.1.jar:/home/user/.m2/repository/io/grpc/grpc-context/1.17.1/grpc-context-1.17.1.jar:/home/user/.m2/repository/com/google/errorprone/error_prone_annotations/2.2.0/error_prone_annotations-2.2.0.jar:/home/user/.m2/repository/org/codehaus/mojo/animal-sniffer-annotations/1.17/animal-sniffer-annotations-1.17.jar:/home/user/.m2/repository/io/opencensus/opencensus-api/0.17.0/opencensus-api-0.17.0.jar:/home/user/.m2/repository/io/opencensus/opencensus-contrib-grpc-metrics/0.17.0/opencensus-contrib-grpc-metrics-0.17.0.jar:/home/user/.m2/repository/io/netty/netty-codec-http2/4.1.30.Final/netty-codec-http2-4.1.30.Final.jar:/home/user/.m2/repository/io/netty/netty-codec-http/4.1.30.Final/netty-codec-http-4.1.30.Final.jar:/home/user/.m2/repository/io/netty/netty-codec/4.1.30.Final/netty-codec-4.1.30.Final.jar:/home/user/.m2/repository/io/netty/netty-handler/4.1.30.Final/netty-handler-4.1.30.Final.jar:/home/user/.m2/repository/io/netty/netty-handler-proxy/4.1.30.Final/netty-handler-proxy-4.1.30.Final.jar:/home/user/.m2/repository/io/netty/netty-codec-socks/4.1.30.Final/netty-codec-socks-4.1.30.Final.jar:/home/user/.m2/repository/io/netty/netty-transport-native-epoll/4.1.30.Final/netty-transport-native-epoll-4.1.30.Final.jar:/home/user/.m2/repository/io/netty/netty-common/4.1.30.Final/netty-common-4.1.30.Final.jar:/home/user/.m2/repository/io/netty/netty-buffer/4.1.30.Final/netty-buffer-4.1.30.Final.jar:/home/user/.m2/repository/io/netty/netty-transport/4.1.30.Final/netty-transport-4.1.30.Final.jar:/home/user/.m2/repository/io/netty/netty-resolver/4.1.30.Final/netty-resolver-4.1.30.Final.jar:/home/user/.m2/repository/io/netty/netty-transport-native-unix-common/4.1.30.Final/netty-transport-native-unix-common-4.1.30.Final.jar:/home/user/.m2/repository/io/grpc/grpc-protobuf/1.17.1/grpc-protobuf-1.17.1.jar:/home/user/.m2/repository/com/google/api/grpc/proto-google-common-protos/1.0.0/proto-google-common-protos-1.0.0.jar:/home/user/.m2/repository/io/grpc/grpc-protobuf-lite/1.17.1/grpc-protobuf-lite-1.17.1.jar:/home/user/.m2/repository/io/grpc/grpc-stub/1.17.1/grpc-stub-1.17.1.jar:/home/user/.m2/repository/org/apache/hadoop/hadoop-ozone-recon/0.5.0-SNAPSHOT/hadoop-ozone-recon-0.5.0-SNAPSHOT.jar:/home/user/.m2/repository/org/apache/hadoop/hadoop-ozone-reconcodegen/0.5.0-SNAPSHOT/hadoop-ozone-reconcodegen-0.5.0-SNAPSHOT.jar:/home/user/.m2/repository/com/google/inject/extensions/guice-multibindings/4.0/guice-multibindings-4.0.jar:/home/user/.m2/repository/com/google/inject/guice/4.0/guice-4.0.jar:/home/user/.m2/repository/aopalliance/aopalliance/1.0/aopalliance-1.0.jar:/home/user/.m2/repository/com/google/inject/extensions/guice-servlet/4.0/guice-servlet-4.0.jar:/home/user/.m2/repository/org/glassfish/jersey/containers/jersey-container-servlet/2.27/jersey-container-servlet-2.27.jar:/home/user/.m2/repository/org/glassfish/hk2/guice-bridge/2.5.0/guice-bridge-2.5.0.jar:/home/user/.m2/repository/org/glassfish/jersey/core/jersey-server/2.27/jersey-server-2.27.jar:/home/user/.m2/repository/org/glassfish/jersey/core/jersey-client/2.27/jersey-client-2.27.jar:/home/user/.m2/repository/org/glassfish/jersey/media/jersey-media-jaxb/2.27/jersey-media-jaxb-2.27.jar:/home/user/.m2/repository/javax/validation/validation-api/1.1.0.Final/validation-api-1.1.0.Final.jar:/home/user/.m2/repository/org/glassfish/jersey/media/jersey-media-json-jackson/2.27/jersey-media-json-jackson-2.27.jar:/home/user/.m2/repository/org/glassfish/jersey/ext/jersey-entity-filtering/2.27/jersey-entity-filtering-2.27.jar:/home/user/.m2/repository/com/google/inject/extensions/guice-assistedinject/4.0/guice-assistedinject-4.0.jar:/home/user/.m2/repository/org/jooq/jooq/3.11.10/jooq-3.11.10.jar:/home/user/.m2/repository/org/jooq/jooq-meta/3.11.10/jooq-meta-3.11.10.jar:/home/user/.m2/repository/org/jooq/jooq-codegen/3.11.10/jooq-codegen-3.11.10.jar:/home/user/.m2/repository/com/jolbox/bonecp/0.8.0.RELEASE/bonecp-0.8.0.RELEASE.jar:/home/user/.m2/repository/org/xerial/sqlite-jdbc/3.25.2/sqlite-jdbc-3.25.2.jar:/home/user/.m2/repository/org/springframework/spring-jdbc/5.1.3.RELEASE/spring-jdbc-5.1.3.RELEASE.jar:/home/user/.m2/repository/org/springframework/spring-beans/5.1.3.RELEASE/spring-beans-5.1.3.RELEASE.jar:/home/user/.m2/repository/org/springframework/spring-core/5.1.3.RELEASE/spring-core-5.1.3.RELEASE.jar:/home/user/.m2/repository/org/springframework/spring-jcl/5.1.3.RELEASE/spring-jcl-5.1.3.RELEASE.jar:/home/user/.m2/repository/org/springframework/spring-tx/5.1.3.RELEASE/spring-tx-5.1.3.RELEASE.jar:/home/user/.m2/repository/org/apache/hadoop/hadoop-ozone-client/0.5.0-SNAPSHOT/hadoop-ozone-client-0.5.0-SNAPSHOT.jar:/home/user/.m2/repository/commons-lang/commons-lang/2.6/commons-lang-2.6.jar:/home/user/.m2/repository/org/apache/hadoop/hadoop-ozone-ozone-manager/0.5.0-SNAPSHOT/hadoop-ozone-ozone-manager-0.5.0-SNAPSHOT-tests.jar:/home/user/.m2/repository/junit/junit/4.11/junit-4.11.jar:/home/user/.m2/repository/org/hamcrest/hamcrest-core/1.3/hamcrest-core-1.3.jar:/home/user/.m2/repository/org/openjdk/jmh/jmh-core/1.19/jmh-core-1.19.jar:/home/user/.m2/repository/net/sf/jopt-simple/jopt-simple/4.6/jopt-simple-4.6.jar:/home/user/.m2/repository/org/apache/commons/commons-math3/3.1.1/commons-math3-3.1.1.jar:/home/user/.m2/repository/org/openjdk/jmh/jmh-generator-annprocess/1.19/jmh-generator-annprocess-1.19.jar:/home/user/.m2/repository/org/mockito/mockito-all/1.8.5/mockito-all-1.8.5.jar:/home/user/.m2/repository/org/apache/hadoop/hadoop-kms/3.2.0/hadoop-kms-3.2.0.jar:/home/user/.m2/repository/org/apache/hadoop/hadoop-auth/3.2.0/hadoop-auth-3.2.0.jar:/home/user/.m2/repository/com/nimbusds/nimbus-jose-jwt/4.41.1/nimbus-jose-jwt-4.41.1.jar:/home/user/.m2/repository/com/github/stephenc/jcip/jcip-annotations/1.0-1/jcip-annotations-1.0-1.jar:/home/user/.m2/repository/net/minidev/json-smart/2.3/json-smart-2.3.jar:/home/user/.m2/repository/net/minidev/accessors-smart/1.2/accessors-smart-1.2.jar:/home/user/.m2/repository/org/ow2/asm/asm/5.0.4/asm-5.0.4.jar:/home/user/.m2/repository/org/apache/curator/curator-framework/2.12.0/curator-framework-2.12.0.jar:/home/user/.m2/repository/com/sun/jersey/jersey-core/1.19/jersey-core-1.19.jar:/home/user/.m2/repository/javax/ws/rs/jsr311-api/1.1.1/jsr311-api-1.1.1.jar:/home/user/.m2/repository/com/sun/jersey/jersey-server/1.19/jersey-server-1.19.jar:/home/user/.m2/repository/javax/servlet/javax.servlet-api/3.1.0/javax.servlet-api-3.1.0.jar:/home/user/.m2/repository/org/eclipse/jetty/jetty-server/9.3.24.v20180605/jetty-server-9.3.24.v20180605.jar:/home/user/.m2/repository/org/eclipse/jetty/jetty-http/9.3.24.v20180605/jetty-http-9.3.24.v20180605.jar:/home/user/.m2/repository/org/eclipse/jetty/jetty-io/9.3.24.v20180605/jetty-io-9.3.24.v20180605.jar:/home/user/.m2/repository/org/eclipse/jetty/jetty-webapp/9.3.24.v20180605/jetty-webapp-9.3.24.v20180605.jar:/home/user/.m2/repository/org/eclipse/jetty/jetty-xml/9.3.24.v20180605/jetty-xml-9.3.24.v20180605.jar:/home/user/.m2/repository/log4j/log4j/1.2.17/log4j-1.2.17.jar:/home/user/.m2/repository/org/slf4j/slf4j-api/1.7.25/slf4j-api-1.7.25.jar:/home/user/.m2/repository/org/slf4j/jul-to-slf4j/1.7.25/jul-to-slf4j-1.7.25.jar:/home/user/.m2/repository/org/eclipse/jetty/jetty-util/9.3.24.v20180605/jetty-util-9.3.24.v20180605.jar:/home/user/.m2/repository/com/fasterxml/jackson/core/jackson-databind/2.9.5/jackson-databind-2.9.5.jar:/home/user/.m2/repository/org/apache/hadoop/hadoop-kms/3.2.0/hadoop-kms-3.2.0-tests.jar:/home/user/.m2/repository/org/apache/hadoop/hadoop-hdds-server-scm/0.5.0-SNAPSHOT/hadoop-hdds-server-scm-0.5.0-SNAPSHOT-tests.jar:/home/user/.m2/repository/org/apache/hadoop/hadoop-hdds-container-service/0.5.0-SNAPSHOT/hadoop-hdds-container-service-0.5.0-SNAPSHOT-tests.jar:/home/user/.m2/repository/org/yaml/snakeyaml/1.16/snakeyaml-1.16.jar:/home/user/.m2/repository/org/apache/hadoop/hadoop-common/3.2.0/hadoop-common-3.2.0-tests.jar:/home/user/.m2/repository/org/apache/hadoop/hadoop-annotations/3.2.0/hadoop-annotations-3.2.0.jar:/usr/lib/jvm/java-1.8-openjdk/jre/../lib/tools.jar:/home/user/.m2/repository/commons-cli/commons-cli/1.2/commons-cli-1.2.jar:/home/user/.m2/repository/org/apache/httpcomponents/httpclient/4.5.2/httpclient-4.5.2.jar:/home/user/.m2/repository/org/apache/httpcomponents/httpcore/4.4.4/httpcore-4.4.4.jar:/home/user/.m2/repository/commons-codec/commons-codec/1.11/commons-codec-1.11.jar:/home/user/.m2/repository/commons-net/commons-net/3.6/commons-net-3.6.jar:/home/user/.m2/repository/commons-collections/commons-collections/3.2.2/commons-collections-3.2.2.jar:/home/user/.m2/repository/org/eclipse/jetty/jetty-servlet/9.3.24.v20180605/jetty-servlet-9.3.24.v20180605.jar:/home/user/.m2/repository/org/eclipse/jetty/jetty-security/9.3.24.v20180605/jetty-security-9.3.24.v20180605.jar:/home/user/.m2/repository/javax/servlet/jsp/jsp-api/2.1/jsp-api-2.1.jar:/home/user/.m2/repository/com/sun/jersey/jersey-servlet/1.19/jersey-servlet-1.19.jar:/home/user/.m2/repository/com/sun/jersey/jersey-json/1.19/jersey-json-1.19.jar:/home/user/.m2/repository/org/codehaus/jettison/jettison/1.1/jettison-1.1.jar:/home/user/.m2/repository/org/codehaus/jackson/jackson-core-asl/1.9.13/jackson-core-asl-1.9.13.jar:/home/user/.m2/repository/org/codehaus/jackson/jackson-mapper-asl/1.9.13/jackson-mapper-asl-1.9.13.jar:/home/user/.m2/repository/org/codehaus/jackson/jackson-jaxrs/1.9.13/jackson-jaxrs-1.9.13.jar:/home/user/.m2/repository/org/codehaus/jackson/jackson-xc/1.9.13/jackson-xc-1.9.13.jar:/home/user/.m2/repository/commons-logging/commons-logging/1.1.3/commons-logging-1.1.3.jar:/home/user/.m2/repository/commons-beanutils/commons-beanutils/1.9.3/commons-beanutils-1.9.3.jar:/home/user/.m2/repository/org/apache/commons/commons-configuration2/2.1.1/commons-configuration2-2.1.1.jar:/home/user/.m2/repository/org/apache/commons/commons-lang3/3.7/commons-lang3-3.7.jar:/home/user/.m2/repository/org/apache/commons/commons-text/1.4/commons-text-1.4.jar:/home/user/.m2/repository/org/apache/avro/avro/1.7.7/avro-1.7.7.jar:/home/user/.m2/repository/com/thoughtworks/paranamer/paranamer/2.3/paranamer-2.3.jar:/home/user/.m2/repository/org/xerial/snappy/snappy-java/1.0.5/snappy-java-1.0.5.jar:/home/user/.m2/repository/com/google/re2j/re2j/1.1/re2j-1.1.jar:/home/user/.m2/repository/com/google/code/gson/gson/2.2.4/gson-2.2.4.jar:/home/user/.m2/repository/com/jcraft/jsch/0.1.54/jsch-0.1.54.jar:/home/user/.m2/repository/org/apache/curator/curator-client/2.12.0/curator-client-2.12.0.jar:/home/user/.m2/repository/org/apache/curator/curator-recipes/2.12.0/curator-recipes-2.12.0.jar:/home/user/.m2/repository/com/google/code/findbugs/jsr305/3.0.0/jsr305-3.0.0.jar:/home/user/.m2/repository/org/apache/htrace/htrace-core4/4.1.0-incubating/htrace-core4-4.1.0-incubating.jar:/home/user/.m2/repository/org/apache/zookeeper/zookeeper/3.4.13/zookeeper-3.4.13.jar:/home/user/.m2/repository/org/apache/yetus/audience-annotations/0.5.0/audience-annotations-0.5.0.jar:/home/user/.m2/repository/org/codehaus/woodstox/stax2-api/3.1.4/stax2-api-3.1.4.jar:/home/user/.m2/repository/com/fasterxml/woodstox/woodstox-core/5.0.3/woodstox-core-5.0.3.jar:/home/user/.m2/repository/dnsjava/dnsjava/2.1.7/dnsjava-2.1.7.jar:/home/user/.m2/repository/org/apache/hadoop/hadoop-hdfs/3.2.0/hadoop-hdfs-3.2.0-tests.jar:/home/user/.m2/repository/org/eclipse/jetty/jetty-util-ajax/9.3.24.v20180605/jetty-util-ajax-9.3.24.v20180605.jar:/home/user/.m2/repository/commons-daemon/commons-daemon/1.0.13/commons-daemon-1.0.13.jar:/home/user/.m2/repository/io/netty/netty/3.10.5.Final/netty-3.10.5.Final.jar:/home/user/.m2/repository/io/netty/netty-all/4.0.52.Final/netty-all-4.0.52.Final.jar:/home/user/.m2/repository/org/fusesource/leveldbjni/leveldbjni-all/1.8/leveldbjni-all-1.8.jar:"/>
    <property name="sun.cpu.endian" value="little"/>
    <property name="user.home" value="/home/user"/>
    <property name="user.language" value="en"/>
    <property name="java.specification.vendor" value="Oracle Corporation"/>
    <property name="java.home" value="/usr/lib/jvm/java-1.8-openjdk/jre"/>
    <property name="java.security.krb5.conf" value="/workdir/hadoop-ozone/integration-test/target/test-classes/krb5.conf"/>
    <property name="basedir" value="/workdir/hadoop-ozone/integration-test"/>
    <property name="file.separator" value="/"/>
    <property name="line.separator" value="&#10;"/>
    <property name="java.vm.specification.vendor" value="Oracle Corporation"/>
    <property name="java.specification.name" value="Java Platform API Specification"/>
    <property name="java.awt.graphicsenv" value="sun.awt.X11GraphicsEnvironment"/>
    <property name="surefire.real.class.path" value="/workdir/hadoop-ozone/integration-test/target/surefire/surefirebooter28352155755221528.jar"/>
    <property name="hadoop.log.dir" value="/workdir/hadoop-ozone/integration-test/target/log"/>
    <property name="sun.boot.class.path" value="/usr/lib/jvm/java-1.8-openjdk/jre/lib/resources.jar:/usr/lib/jvm/java-1.8-openjdk/jre/lib/rt.jar:/usr/lib/jvm/java-1.8-openjdk/jre/lib/sunrsasign.jar:/usr/lib/jvm/java-1.8-openjdk/jre/lib/jsse.jar:/usr/lib/jvm/java-1.8-openjdk/jre/lib/jce.jar:/usr/lib/jvm/java-1.8-openjdk/jre/lib/charsets.jar:/usr/lib/jvm/java-1.8-openjdk/jre/lib/jfr.jar:/usr/lib/jvm/java-1.8-openjdk/jre/classes"/>
    <property name="sun.management.compiler" value="HotSpot 64-Bit Tiered Compilers"/>
    <property name="java.runtime.version" value="1.8.0_212-b04"/>
    <property name="java.net.preferIPv4Stack" value="true"/>
    <property name="user.name" value="jenkins1000"/>
    <property name="path.separator" value=":"/>
    <property name="java.security.egd" value="file:///dev/urandom"/>
    <property name="os.version" value="3.10.0-957.12.2.el7.x86_64"/>
    <property name="java.endorsed.dirs" value="/usr/lib/jvm/java-1.8-openjdk/jre/lib/endorsed"/>
    <property name="java.runtime.name" value="OpenJDK Runtime Environment"/>
    <property name="file.encoding" value="UTF-8"/>
    <property name="java.vm.name" value="OpenJDK 64-Bit Server VM"/>
    <property name="test.build.webapps" value=""/>
    <property name="localRepository" value="/home/user/.m2/repository"/>
    <property name="java.vendor.url.bug" value="https://icedtea.classpath.org/bugzilla"/>
    <property name="java.io.tmpdir" value="/tmp"/>
    <property name="require.test.libhadoop" value=""/>
    <property name="java.version" value="1.8.0_212"/>
    <property name="user.dir" value="/workdir/hadoop-ozone/integration-test"/>
    <property name="os.arch" value="amd64"/>
    <property name="java.vm.specification.name" value="Java Virtual Machine Specification"/>
    <property name="test.build.classes" value="/workdir/hadoop-ozone/integration-test/target/test-classes"/>
    <property name="java.awt.printerjob" value="sun.print.PSPrinterJob"/>
    <property name="sun.os.patch.level" value="unknown"/>
    <property name="hadoop.tmp.dir" value="/workdir/hadoop-ozone/integration-test/target/tmp"/>
    <property name="java.library.path" value="/usr/lib/jvm/java-1.8-openjdk/jre/lib/amd64/server:/usr/lib/jvm/java-1.8-openjdk/jre/lib/amd64:/usr/lib/jvm/java-1.8-openjdk/jre/../lib/amd64:/workdir/hadoop-ozone/integration-test/target/native/target/usr/local/lib:/workdir/hadoop-ozone/integration-test/../../hadoop-common-project/hadoop-common/target/native/target/usr/local/lib:/usr/java/packages/lib/amd64:/usr/lib64:/lib64:/lib:/usr/lib"/>
    <property name="java.vm.info" value="mixed mode"/>
    <property name="java.vendor" value="IcedTea"/>
    <property name="java.vm.version" value="25.212-b04"/>
    <property name="java.ext.dirs" value="/usr/lib/jvm/java-1.8-openjdk/jre/lib/ext:/usr/java/packages/lib/ext"/>
    <property name="sun.io.unicode.encoding" value="UnicodeLittle"/>
    <property name="java.class.version" value="52.0"/>
  </properties>
  <testcase name="test2DatanodesFailure" classname="org.apache.hadoop.ozone.client.rpc.TestBlockOutputStreamWithFailures" time="112.254"/>
  <testcase name="testDatanodeFailureWithPreAllocation" classname="org.apache.hadoop.ozone.client.rpc.TestBlockOutputStreamWithFailures" time="224.799"/>
  <testcase name="testDatanodeFailureWithSingleNodeRatis" classname="org.apache.hadoop.ozone.client.rpc.TestBlockOutputStreamWithFailures" time="225.591"/>
  <testcase name="testWatchForCommitWithSingleNodeRatis" classname="org.apache.hadoop.ozone.client.rpc.TestBlockOutputStreamWithFailures" time="35.6"/>
  <testcase name="testWatchForCommitDatanodeFailure" classname="org.apache.hadoop.ozone.client.rpc.TestBlockOutputStreamWithFailures" time="35.806">
    <failure message="expected:&lt;2&gt; but was:&lt;3&gt;" type="java.lang.AssertionError"><![CDATA[java.lang.AssertionError: expected:<2> but was:<3>
	at org.junit.Assert.fail(Assert.java:88)
	at org.junit.Assert.failNotEquals(Assert.java:743)
	at org.junit.Assert.assertEquals(Assert.java:118)
	at org.junit.Assert.assertEquals(Assert.java:555)
	at org.junit.Assert.assertEquals(Assert.java:542)
	at org.apache.hadoop.ozone.client.rpc.TestBlockOutputStreamWithFailures.testWatchForCommitDatanodeFailure(TestBlockOutputStreamWithFailures.java:366)
	at sun.reflect.NativeMethodAccessorImpl.invoke0(Native Method)
	at sun.reflect.NativeMethodAccessorImpl.invoke(NativeMethodAccessorImpl.java:62)
	at sun.reflect.DelegatingMethodAccessorImpl.invoke(DelegatingMethodAccessorImpl.java:43)
	at java.lang.reflect.Method.invoke(Method.java:498)
	at org.junit.runners.model.FrameworkMethod$1.runReflectiveCall(FrameworkMethod.java:47)
	at org.junit.internal.runners.model.ReflectiveCallable.run(ReflectiveCallable.java:12)
	at org.junit.runners.model.FrameworkMethod.invokeExplosively(FrameworkMethod.java:44)
	at org.junit.internal.runners.statements.InvokeMethod.evaluate(InvokeMethod.java:17)
	at org.junit.internal.runners.statements.RunBefores.evaluate(RunBefores.java:26)
	at org.junit.internal.runners.statements.RunAfters.evaluate(RunAfters.java:27)
	at org.junit.runners.ParentRunner.runLeaf(ParentRunner.java:271)
	at org.junit.runners.BlockJUnit4ClassRunner.runChild(BlockJUnit4ClassRunner.java:70)
	at org.junit.runners.BlockJUnit4ClassRunner.runChild(BlockJUnit4ClassRunner.java:50)
	at org.junit.runners.ParentRunner$3.run(ParentRunner.java:238)
	at org.junit.runners.ParentRunner$1.schedule(ParentRunner.java:63)
	at org.junit.runners.ParentRunner.runChildren(ParentRunner.java:236)
	at org.junit.runners.ParentRunner.access$000(ParentRunner.java:53)
	at org.junit.runners.ParentRunner$2.evaluate(ParentRunner.java:229)
	at org.junit.runners.ParentRunner.run(ParentRunner.java:309)
	at org.apache.maven.surefire.junit4.JUnit4Provider.execute(JUnit4Provider.java:365)
	at org.apache.maven.surefire.junit4.JUnit4Provider.executeWithRerun(JUnit4Provider.java:273)
	at org.apache.maven.surefire.junit4.JUnit4Provider.executeTestSet(JUnit4Provider.java:238)
	at org.apache.maven.surefire.junit4.JUnit4Provider.invoke(JUnit4Provider.java:159)
	at org.apache.maven.surefire.booter.ForkedBooter.invokeProviderInSameClassLoader(ForkedBooter.java:384)
	at org.apache.maven.surefire.booter.ForkedBooter.runSuitesInProcess(ForkedBooter.java:345)
	at org.apache.maven.surefire.booter.ForkedBooter.execute(ForkedBooter.java:126)
	at org.apache.maven.surefire.booter.ForkedBooter.main(ForkedBooter.java:418)
]]></failure>
    <system-out><![CDATA[2019-09-04 10:15:49,454 [main] WARN  server.ServerUtils (ServerUtils.java:getScmDbDir(145)) - ozone.scm.db.dirs is not configured. We recommend adding this setting. Falling back to ozone.metadata.dirs instead.
2019-09-04 10:15:49,469 [main] WARN  server.ServerUtils (ServerUtils.java:getScmDbDir(145)) - ozone.scm.db.dirs is not configured. We recommend adding this setting. Falling back to ozone.metadata.dirs instead.
2019-09-04 10:15:49,470 [main] WARN  server.ServerUtils (ServerUtils.java:getScmDbDir(145)) - ozone.scm.db.dirs is not configured. We recommend adding this setting. Falling back to ozone.metadata.dirs instead.
2019-09-04 10:15:49,470 [main] INFO  db.DBStoreBuilder (DBStoreBuilder.java:addTable(110)) - using custom profile for table: deletedBlocks
2019-09-04 10:15:49,470 [main] INFO  db.DBStoreBuilder (DBStoreBuilder.java:processTables(161)) - Using default column profile:DBProfile.DISK for Table:deletedBlocks
2019-09-04 10:15:49,470 [main] INFO  db.DBStoreBuilder (DBStoreBuilder.java:addTable(110)) - using custom profile for table: validCerts
2019-09-04 10:15:49,470 [main] INFO  db.DBStoreBuilder (DBStoreBuilder.java:processTables(161)) - Using default column profile:DBProfile.DISK for Table:validCerts
2019-09-04 10:15:49,471 [main] INFO  db.DBStoreBuilder (DBStoreBuilder.java:addTable(110)) - using custom profile for table: revokedCerts
2019-09-04 10:15:49,471 [main] INFO  db.DBStoreBuilder (DBStoreBuilder.java:processTables(161)) - Using default column profile:DBProfile.DISK for Table:revokedCerts
2019-09-04 10:15:49,471 [main] INFO  db.DBStoreBuilder (DBStoreBuilder.java:addTable(110)) - using custom profile for table: default
2019-09-04 10:15:49,471 [main] INFO  db.DBStoreBuilder (DBStoreBuilder.java:processTables(167)) - Using default column profile:DBProfile.DISK for Table:default
2019-09-04 10:15:49,471 [main] INFO  db.DBStoreBuilder (DBStoreBuilder.java:getDbProfile(198)) - Using default options. DBProfile.DISK
2019-09-04 10:15:49,693 [main] INFO  net.NodeSchemaLoader (NodeSchemaLoader.java:loadSchemaFromFile(125)) - Loading file from sun.misc.CompoundEnumeration@6b6d8671
2019-09-04 10:15:49,694 [main] INFO  net.NodeSchemaLoader (NodeSchemaLoader.java:loadSchema(171)) - Loading network topology layer schema file
2019-09-04 10:15:49,700 [main] INFO  node.SCMNodeManager (SCMNodeManager.java:<init>(121)) - Entering startup safe mode.
2019-09-04 10:15:49,700 [main] INFO  algorithms.ContainerPlacementPolicyFactory (ContainerPlacementPolicyFactory.java:getPolicy(55)) - Create container placement policy of type org.apache.hadoop.hdds.scm.container.placement.algorithms.SCMContainerPlacementRandom
2019-09-04 10:15:49,701 [main] WARN  server.ServerUtils (ServerUtils.java:getScmDbDir(145)) - ozone.scm.db.dirs is not configured. We recommend adding this setting. Falling back to ozone.metadata.dirs instead.
2019-09-04 10:15:49,789 [main] INFO  pipeline.SCMPipelineManager (SCMPipelineManager.java:initializePipelineState(126)) - No pipeline exists in current db
2019-09-04 10:15:49,790 [main] WARN  server.ServerUtils (ServerUtils.java:getScmDbDir(145)) - ozone.scm.db.dirs is not configured. We recommend adding this setting. Falling back to ozone.metadata.dirs instead.
2019-09-04 10:15:49,892 [main] WARN  events.EventQueue (EventQueue.java:fireEvent(175)) - No event handler registered for event TypedEvent{payloadType=SafeModeStatus, name='SafeModeStatus'}
2019-09-04 10:15:49,893 [main] INFO  ipc.CallQueueManager (CallQueueManager.java:<init>(84)) - Using callQueue: class java.util.concurrent.LinkedBlockingQueue, queueCapacity: 2000, scheduler: class org.apache.hadoop.ipc.DefaultRpcScheduler, ipcBackoff: false.
2019-09-04 10:15:49,895 [Socket Reader #1 for port 33895] INFO  ipc.Server (Server.java:run(1074)) - Starting Socket Reader #1 for port 33895
2019-09-04 10:15:49,897 [main] INFO  ipc.CallQueueManager (CallQueueManager.java:<init>(84)) - Using callQueue: class java.util.concurrent.LinkedBlockingQueue, queueCapacity: 2000, scheduler: class org.apache.hadoop.ipc.DefaultRpcScheduler, ipcBackoff: false.
2019-09-04 10:15:49,898 [Socket Reader #1 for port 40046] INFO  ipc.Server (Server.java:run(1074)) - Starting Socket Reader #1 for port 40046
2019-09-04 10:15:49,899 [main] INFO  ipc.CallQueueManager (CallQueueManager.java:<init>(84)) - Using callQueue: class java.util.concurrent.LinkedBlockingQueue, queueCapacity: 2000, scheduler: class org.apache.hadoop.ipc.DefaultRpcScheduler, ipcBackoff: false.
2019-09-04 10:15:49,900 [Socket Reader #1 for port 38371] INFO  ipc.Server (Server.java:run(1074)) - Starting Socket Reader #1 for port 38371
2019-09-04 10:15:49,902 [main] INFO  hdfs.DFSUtil (DFSUtil.java:httpServerTemplateForNNAndJN(1641)) - Starting Web-server for scm at: http://0.0.0.0:0
2019-09-04 10:15:49,905 [main] INFO  server.AuthenticationFilter (AuthenticationFilter.java:constructSecretProvider(240)) - Unable to initialize FileSignerSecretProvider, falling back to use random secrets.
2019-09-04 10:15:49,905 [main] WARN  http.HttpRequestLog (HttpRequestLog.java:getRequestLog(97)) - Jetty request log can only be enabled using Log4j
2019-09-04 10:15:49,908 [main] INFO  http.HttpServer2 (HttpServer2.java:addGlobalFilter(975)) - Added global filter 'safety' (class=org.apache.hadoop.http.HttpServer2$QuotingInputFilter)
2019-09-04 10:15:49,908 [main] INFO  http.HttpServer2 (HttpServer2.java:addFilter(948)) - Added filter static_user_filter (class=org.apache.hadoop.http.lib.StaticUserWebFilter$StaticUserFilter) to context scm
2019-09-04 10:15:49,909 [main] INFO  http.HttpServer2 (HttpServer2.java:addFilter(958)) - Added filter static_user_filter (class=org.apache.hadoop.http.lib.StaticUserWebFilter$StaticUserFilter) to context static
2019-09-04 10:15:49,909 [main] INFO  http.HttpServer2 (HttpServer2.java:addFilter(958)) - Added filter static_user_filter (class=org.apache.hadoop.http.lib.StaticUserWebFilter$StaticUserFilter) to context logs
2019-09-04 10:15:49,911 [main] INFO  server.StorageContainerManager (StorageContainerManager.java:start(759)) - StorageContainerLocationProtocol RPC server is listening at /0.0.0.0:38371
2019-09-04 10:15:49,914 [main] WARN  impl.MetricsConfig (MetricsConfig.java:loadFirst(134)) - Cannot locate configuration: tried hadoop-metrics2-storagecontainermanager.properties,hadoop-metrics2.properties
2019-09-04 10:15:49,915 [main] INFO  impl.MetricsSystemImpl (MetricsSystemImpl.java:startTimer(374)) - Scheduled Metric snapshot period at 10 second(s).
2019-09-04 10:15:49,915 [main] INFO  impl.MetricsSystemImpl (MetricsSystemImpl.java:start(191)) - StorageContainerManager metrics system started
2019-09-04 10:15:49,995 [main] INFO  server.SCMClientProtocolServer (SCMClientProtocolServer.java:start(151)) - RPC server for Client  is listening at /0.0.0.0:38371
2019-09-04 10:15:49,995 [IPC Server Responder] INFO  ipc.Server (Server.java:run(1314)) - IPC Server Responder: starting
2019-09-04 10:15:49,995 [IPC Server listener on 38371] INFO  ipc.Server (Server.java:run(1153)) - IPC Server listener on 38371: starting
2019-09-04 10:15:49,998 [main] INFO  server.StorageContainerManager (StorageContainerManager.java:start(769)) - ScmBlockLocationProtocol RPC server is listening at /0.0.0.0:40046
2019-09-04 10:15:49,999 [main] INFO  server.SCMBlockProtocolServer (SCMBlockProtocolServer.java:start(140)) - RPC server for Block Protocol is listening at /0.0.0.0:40046
2019-09-04 10:15:49,999 [IPC Server Responder] INFO  ipc.Server (Server.java:run(1314)) - IPC Server Responder: starting
2019-09-04 10:15:49,999 [IPC Server listener on 40046] INFO  ipc.Server (Server.java:run(1153)) - IPC Server listener on 40046: starting
2019-09-04 10:15:50,002 [main] INFO  server.StorageContainerManager (StorageContainerManager.java:start(773)) - ScmDatanodeProtocl RPC server is listening at /0.0.0.0:33895
2019-09-04 10:15:50,002 [main] INFO  server.SCMDatanodeProtocolServer (SCMDatanodeProtocolServer.java:start(191)) - RPC server for DataNodes is listening at /0.0.0.0:33895
2019-09-04 10:15:50,003 [IPC Server Responder] INFO  ipc.Server (Server.java:run(1314)) - IPC Server Responder: starting
2019-09-04 10:15:50,003 [IPC Server listener on 33895] INFO  ipc.Server (Server.java:run(1153)) - IPC Server listener on 33895: starting
2019-09-04 10:15:50,006 [main] INFO  http.HttpServer2 (HttpServer2.java:bindListener(1191)) - Jetty bound to port 44872
2019-09-04 10:15:50,006 [main] INFO  server.Server (Server.java:doStart(351)) - jetty-9.3.24.v20180605, build timestamp: 2018-06-05T17:11:56Z, git hash: 84205aa28f11a4f31f2a3b86d1bba2cc8ab69827
2019-09-04 10:15:50,008 [main] INFO  handler.ContextHandler (ContextHandler.java:doStart(781)) - Started o.e.j.s.ServletContextHandler@65c634f2{/logs,file:///workdir/hadoop-ozone/integration-test/target/log,AVAILABLE}
2019-09-04 10:15:50,008 [main] INFO  handler.ContextHandler (ContextHandler.java:doStart(781)) - Started o.e.j.s.ServletContextHandler@6b4376e1{/static,file:///workdir/hadoop-ozone/integration-test/target/test-classes/webapps/static,AVAILABLE}
2019-09-04 10:15:50,012 [main] INFO  handler.ContextHandler (ContextHandler.java:doStart(781)) - Started o.e.j.w.WebAppContext@51d50b5f{/,file:///workdir/hadoop-ozone/integration-test/target/test-classes/webapps/scm/,AVAILABLE}{/scm}
2019-09-04 10:15:50,013 [main] INFO  server.AbstractConnector (AbstractConnector.java:doStart(278)) - Started ServerConnector@38816a6c{HTTP/1.1,[http/1.1]}{0.0.0.0:44872}
2019-09-04 10:15:50,013 [main] INFO  server.Server (Server.java:doStart(419)) - Started @599336ms
2019-09-04 10:15:50,015 [main] INFO  server.BaseHttpServer (BaseHttpServer.java:updateConnectorAddress(213)) - HTTP server of SCM is listening at http://0.0.0.0:44872
2019-09-04 10:15:50,016 [main] WARN  server.ServerUtils (ServerUtils.java:getDBPath(222)) - ozone.om.db.dirs is not configured. We recommend adding this setting. Falling back to ozone.metadata.dirs instead.
2019-09-04 10:15:50,016 [org.apache.hadoop.util.JvmPauseMonitor$Monitor@16117d9] INFO  util.JvmPauseMonitor (JvmPauseMonitor.java:run(188)) - Starting JVM pause monitor
2019-09-04 10:15:50,026 [main] WARN  server.ServerUtils (ServerUtils.java:getDBPath(222)) - ozone.om.db.dirs is not configured. We recommend adding this setting. Falling back to ozone.metadata.dirs instead.
2019-09-04 10:15:50,026 [main] WARN  server.ServerUtils (ServerUtils.java:getDBPath(222)) - ozone.om.db.dirs is not configured. We recommend adding this setting. Falling back to ozone.metadata.dirs instead.
2019-09-04 10:15:50,027 [main] INFO  om.OzoneManager (OzoneManager.java:setOMNodeDetails(645)) - OM Service ID is not set. Setting it to the default ID: omServiceIdDefault
2019-09-04 10:15:50,027 [main] INFO  om.OzoneManager (OzoneManager.java:setOMNodeDetails(651)) - OM Node ID is not set. Setting it to the OmStorage's OmID: 77414b4b-44de-4f71-8ae4-de382cc27a3e
2019-09-04 10:15:50,027 [main] INFO  om.OzoneManager (OzoneManager.java:loadOMHAConfigs(602)) - Found matching OM address with OMServiceId: null, OMNodeId: null, RPC Address: localhost:0 and Ratis port: 9872
2019-09-04 10:15:50,031 | INFO  | SCMAudit | user=jenkins1000 | ip=192.168.36.67 | op=GET_SCM_INFO null | ret=SUCCESS |  
2019-09-04 10:15:50,032 [main] WARN  server.ServerUtils (ServerUtils.java:getDBPath(222)) - ozone.om.db.dirs is not configured. We recommend adding this setting. Falling back to ozone.metadata.dirs instead.
2019-09-04 10:15:50,033 [main] INFO  db.DBStoreBuilder (DBStoreBuilder.java:addTable(110)) - using custom profile for table: userTable
2019-09-04 10:15:50,033 [main] INFO  db.DBStoreBuilder (DBStoreBuilder.java:processTables(161)) - Using default column profile:DBProfile.DISK for Table:userTable
2019-09-04 10:15:50,033 [main] INFO  db.DBStoreBuilder (DBStoreBuilder.java:addTable(110)) - using custom profile for table: volumeTable
2019-09-04 10:15:50,033 [main] INFO  db.DBStoreBuilder (DBStoreBuilder.java:processTables(161)) - Using default column profile:DBProfile.DISK for Table:volumeTable
2019-09-04 10:15:50,034 [main] INFO  db.DBStoreBuilder (DBStoreBuilder.java:addTable(110)) - using custom profile for table: bucketTable
2019-09-04 10:15:50,034 [main] INFO  db.DBStoreBuilder (DBStoreBuilder.java:processTables(161)) - Using default column profile:DBProfile.DISK for Table:bucketTable
2019-09-04 10:15:50,034 [main] INFO  db.DBStoreBuilder (DBStoreBuilder.java:addTable(110)) - using custom profile for table: keyTable
2019-09-04 10:15:50,034 [main] INFO  db.DBStoreBuilder (DBStoreBuilder.java:processTables(161)) - Using default column profile:DBProfile.DISK for Table:keyTable
2019-09-04 10:15:50,035 [main] INFO  db.DBStoreBuilder (DBStoreBuilder.java:addTable(110)) - using custom profile for table: deletedTable
2019-09-04 10:15:50,035 [main] INFO  db.DBStoreBuilder (DBStoreBuilder.java:processTables(161)) - Using default column profile:DBProfile.DISK for Table:deletedTable
2019-09-04 10:15:50,035 [main] INFO  db.DBStoreBuilder (DBStoreBuilder.java:addTable(110)) - using custom profile for table: openKeyTable
2019-09-04 10:15:50,035 [main] INFO  db.DBStoreBuilder (DBStoreBuilder.java:processTables(161)) - Using default column profile:DBProfile.DISK for Table:openKeyTable
2019-09-04 10:15:50,035 [main] INFO  db.DBStoreBuilder (DBStoreBuilder.java:addTable(110)) - using custom profile for table: s3Table
2019-09-04 10:15:50,035 [main] INFO  db.DBStoreBuilder (DBStoreBuilder.java:processTables(161)) - Using default column profile:DBProfile.DISK for Table:s3Table
2019-09-04 10:15:50,036 [main] INFO  db.DBStoreBuilder (DBStoreBuilder.java:addTable(110)) - using custom profile for table: multipartInfoTable
2019-09-04 10:15:50,036 [main] INFO  db.DBStoreBuilder (DBStoreBuilder.java:processTables(161)) - Using default column profile:DBProfile.DISK for Table:multipartInfoTable
2019-09-04 10:15:50,036 [main] INFO  db.DBStoreBuilder (DBStoreBuilder.java:addTable(110)) - using custom profile for table: dTokenTable
2019-09-04 10:15:50,036 [main] INFO  db.DBStoreBuilder (DBStoreBuilder.java:processTables(161)) - Using default column profile:DBProfile.DISK for Table:dTokenTable
2019-09-04 10:15:50,036 [main] INFO  db.DBStoreBuilder (DBStoreBuilder.java:addTable(110)) - using custom profile for table: s3SecretTable
2019-09-04 10:15:50,037 [main] INFO  db.DBStoreBuilder (DBStoreBuilder.java:processTables(161)) - Using default column profile:DBProfile.DISK for Table:s3SecretTable
2019-09-04 10:15:50,037 [main] INFO  db.DBStoreBuilder (DBStoreBuilder.java:addTable(110)) - using custom profile for table: prefixTable
2019-09-04 10:15:50,037 [main] INFO  db.DBStoreBuilder (DBStoreBuilder.java:processTables(161)) - Using default column profile:DBProfile.DISK for Table:prefixTable
2019-09-04 10:15:50,037 [main] INFO  db.DBStoreBuilder (DBStoreBuilder.java:addTable(110)) - using custom profile for table: default
2019-09-04 10:15:50,037 [main] INFO  db.DBStoreBuilder (DBStoreBuilder.java:processTables(167)) - Using default column profile:DBProfile.DISK for Table:default
2019-09-04 10:15:50,038 [main] INFO  db.DBStoreBuilder (DBStoreBuilder.java:getDbProfile(198)) - Using default options. DBProfile.DISK
2019-09-04 10:15:50,724 [main] INFO  ipc.CallQueueManager (CallQueueManager.java:<init>(84)) - Using callQueue: class java.util.concurrent.LinkedBlockingQueue, queueCapacity: 2000, scheduler: class org.apache.hadoop.ipc.DefaultRpcScheduler, ipcBackoff: false.
2019-09-04 10:15:50,725 [Socket Reader #1 for port 36417] INFO  ipc.Server (Server.java:run(1074)) - Starting Socket Reader #1 for port 36417
2019-09-04 10:15:50,739 [main] INFO  om.OzoneManager (OzoneManager.java:start(1256)) - OzoneManager RPC server is listening at localhost/127.0.0.1:36417
2019-09-04 10:15:50,739 [main] INFO  impl.MetricsSystemImpl (MetricsSystemImpl.java:init(158)) - OzoneManager metrics system started (again)
2019-09-04 10:15:50,740 [IPC Server listener on 36417] INFO  ipc.Server (Server.java:run(1153)) - IPC Server listener on 36417: starting
2019-09-04 10:15:50,740 [IPC Server Responder] INFO  ipc.Server (Server.java:run(1314)) - IPC Server Responder: starting
2019-09-04 10:15:50,744 [main] INFO  hdfs.DFSUtil (DFSUtil.java:httpServerTemplateForNNAndJN(1641)) - Starting Web-server for ozoneManager at: http://0.0.0.0:0
2019-09-04 10:15:50,746 [main] INFO  server.AuthenticationFilter (AuthenticationFilter.java:constructSecretProvider(240)) - Unable to initialize FileSignerSecretProvider, falling back to use random secrets.
2019-09-04 10:15:50,746 [main] WARN  http.HttpRequestLog (HttpRequestLog.java:getRequestLog(97)) - Jetty request log can only be enabled using Log4j
2019-09-04 10:15:50,748 [main] INFO  http.HttpServer2 (HttpServer2.java:addGlobalFilter(975)) - Added global filter 'safety' (class=org.apache.hadoop.http.HttpServer2$QuotingInputFilter)
2019-09-04 10:15:50,748 [main] INFO  http.HttpServer2 (HttpServer2.java:addFilter(948)) - Added filter static_user_filter (class=org.apache.hadoop.http.lib.StaticUserWebFilter$StaticUserFilter) to context ozoneManager
2019-09-04 10:15:50,748 [main] INFO  http.HttpServer2 (HttpServer2.java:addFilter(958)) - Added filter static_user_filter (class=org.apache.hadoop.http.lib.StaticUserWebFilter$StaticUserFilter) to context logs
2019-09-04 10:15:50,748 [main] INFO  http.HttpServer2 (HttpServer2.java:addFilter(958)) - Added filter static_user_filter (class=org.apache.hadoop.http.lib.StaticUserWebFilter$StaticUserFilter) to context static
2019-09-04 10:15:50,749 [main] INFO  http.HttpServer2 (HttpServer2.java:bindListener(1191)) - Jetty bound to port 45557
2019-09-04 10:15:50,749 [main] INFO  server.Server (Server.java:doStart(351)) - jetty-9.3.24.v20180605, build timestamp: 2018-06-05T17:11:56Z, git hash: 84205aa28f11a4f31f2a3b86d1bba2cc8ab69827
2019-09-04 10:15:50,751 [main] INFO  handler.ContextHandler (ContextHandler.java:doStart(781)) - Started o.e.j.s.ServletContextHandler@7959fbe3{/logs,file:///workdir/hadoop-ozone/integration-test/target/log,AVAILABLE}
2019-09-04 10:15:50,751 [main] INFO  handler.ContextHandler (ContextHandler.java:doStart(781)) - Started o.e.j.s.ServletContextHandler@3dfe520{/static,file:///workdir/hadoop-ozone/integration-test/target/test-classes/webapps/static,AVAILABLE}
2019-09-04 10:15:50,755 [main] INFO  handler.ContextHandler (ContextHandler.java:doStart(781)) - Started o.e.j.w.WebAppContext@5397d41e{/,file:///workdir/hadoop-ozone/integration-test/target/test-classes/webapps/ozoneManager/,AVAILABLE}{/ozoneManager}
2019-09-04 10:15:50,755 [main] INFO  server.AbstractConnector (AbstractConnector.java:doStart(278)) - Started ServerConnector@f6b128b{HTTP/1.1,[http/1.1]}{0.0.0.0:45557}
2019-09-04 10:15:50,755 [main] INFO  server.Server (Server.java:doStart(419)) - Started @600078ms
2019-09-04 10:15:50,756 [main] INFO  server.BaseHttpServer (BaseHttpServer.java:updateConnectorAddress(213)) - HTTP server of OZONEMANAGER is listening at http://0.0.0.0:45557
2019-09-04 10:15:50,769 [main] INFO  impl.MetricsSystemImpl (MetricsSystemImpl.java:init(158)) - HddsDatanode metrics system started (again)
2019-09-04 10:15:50,771 [main] INFO  ozone.HddsDatanodeService (HddsDatanodeService.java:start(184)) - HddsDatanodeService host:pr-hdds-1569-fjd24-125839774 ip:192.168.36.67
2019-09-04 10:15:50,781 [main] INFO  volume.HddsVolume (HddsVolume.java:<init>(176)) - Creating Volume: /workdir/hadoop-ozone/integration-test/target/test-dir/MiniOzoneClusterImpl-1126da7d-fe5a-4ddc-9a88-3eece028067c/datanode-0/data/containers/hdds of  storage type : DISK and capacity : 1482555576320
2019-09-04 10:15:50,781 [main] INFO  volume.VolumeSet (VolumeSet.java:initializeVolumeSet(170)) - Added Volume : /workdir/hadoop-ozone/integration-test/target/test-dir/MiniOzoneClusterImpl-1126da7d-fe5a-4ddc-9a88-3eece028067c/datanode-0/data/containers/hdds to VolumeSet
2019-09-04 10:15:50,781 [main] INFO  volume.ThrottledAsyncChecker (ThrottledAsyncChecker.java:schedule(140)) - Scheduling a check for org.apache.hadoop.ozone.container.common.volume.HddsVolume@c50503e
2019-09-04 10:15:50,782 [main] INFO  volume.HddsVolumeChecker (HddsVolumeChecker.java:checkAllVolumes(203)) - Scheduled health check for volume org.apache.hadoop.ozone.container.common.volume.HddsVolume@c50503e
2019-09-04 10:15:50,796 [main] INFO  impl.RaftServerProxy (ConfUtils.java:logGet(43)) - raft.rpc.type = GRPC (default)
2019-09-04 10:15:50,797 [main] INFO  grpc.GrpcFactory (GrpcFactory.java:checkPooledByteBufAllocatorUseCacheForAllThreads(45)) - PERFORMANCE WARNING: useCacheForAllThreads is true that may cause Netty to create a lot garbage objects and, as a result, trigger GC.
	It is recommended to disable useCacheForAllThreads by setting -Dorg.apache.ratis.thirdparty.io.netty.allocator.useCacheForAllThreads=false in command line.
2019-09-04 10:15:50,797 [main] INFO  grpc.GrpcConfigKeys$Server (ConfUtils.java:logGet(43)) - raft.grpc.server.port = 0 (default)
2019-09-04 10:15:50,797 [main] INFO  server.GrpcService (ConfUtils.java:logGet(43)) - raft.grpc.message.size.max = 33570816 (custom)
2019-09-04 10:15:50,797 [main] INFO  server.RaftServerConfigKeys (ConfUtils.java:logGet(43)) - raft.server.log.appender.buffer.byte-limit = 33554432 (custom)
2019-09-04 10:15:50,797 [main] INFO  server.GrpcService (ConfUtils.java:logGet(43)) - raft.grpc.flow.control.window = 1MB (=1048576) (default)
2019-09-04 10:15:50,798 [main] INFO  server.RaftServerConfigKeys (ConfUtils.java:logGet(43)) - raft.server.rpc.request.timeout = 3000ms (default)
2019-09-04 10:15:50,798 [main] INFO  server.RaftServerConfigKeys (ConfUtils.java:logGet(43)) - raft.server.storage.dir = [/workdir/hadoop-ozone/integration-test/target/test-dir/MiniOzoneClusterImpl-1126da7d-fe5a-4ddc-9a88-3eece028067c/datanode-0/data/ratis] (custom)
2019-09-04 10:15:50,798 [main] INFO  replication.SimpleContainerDownloader (SimpleContainerDownloader.java:<init>(72)) - Starting container downloader service to copy containers to replicate.
2019-09-04 10:15:50,799 [main] INFO  hdfs.DFSUtil (DFSUtil.java:httpServerTemplateForNNAndJN(1641)) - Starting Web-server for hddsDatanode at: http://0.0.0.0:0
2019-09-04 10:15:50,800 [main] INFO  server.AuthenticationFilter (AuthenticationFilter.java:constructSecretProvider(240)) - Unable to initialize FileSignerSecretProvider, falling back to use random secrets.
2019-09-04 10:15:50,801 [main] WARN  http.HttpRequestLog (HttpRequestLog.java:getRequestLog(97)) - Jetty request log can only be enabled using Log4j
2019-09-04 10:15:50,802 [main] INFO  http.HttpServer2 (HttpServer2.java:addGlobalFilter(975)) - Added global filter 'safety' (class=org.apache.hadoop.http.HttpServer2$QuotingInputFilter)
2019-09-04 10:15:50,802 [main] INFO  http.HttpServer2 (HttpServer2.java:addFilter(948)) - Added filter static_user_filter (class=org.apache.hadoop.http.lib.StaticUserWebFilter$StaticUserFilter) to context hddsDatanode
2019-09-04 10:15:50,802 [main] INFO  http.HttpServer2 (HttpServer2.java:addFilter(958)) - Added filter static_user_filter (class=org.apache.hadoop.http.lib.StaticUserWebFilter$StaticUserFilter) to context static
2019-09-04 10:15:50,803 [main] INFO  http.HttpServer2 (HttpServer2.java:addFilter(958)) - Added filter static_user_filter (class=org.apache.hadoop.http.lib.StaticUserWebFilter$StaticUserFilter) to context logs
2019-09-04 10:15:50,803 [main] INFO  http.HttpServer2 (HttpServer2.java:bindListener(1191)) - Jetty bound to port 36582
2019-09-04 10:15:50,803 [main] INFO  server.Server (Server.java:doStart(351)) - jetty-9.3.24.v20180605, build timestamp: 2018-06-05T17:11:56Z, git hash: 84205aa28f11a4f31f2a3b86d1bba2cc8ab69827
2019-09-04 10:15:50,805 [main] INFO  handler.ContextHandler (ContextHandler.java:doStart(781)) - Started o.e.j.s.ServletContextHandler@369f85c6{/logs,file:///workdir/hadoop-ozone/integration-test/target/log,AVAILABLE}
2019-09-04 10:15:50,805 [main] INFO  handler.ContextHandler (ContextHandler.java:doStart(781)) - Started o.e.j.s.ServletContextHandler@5dc218e2{/static,jar:file:/home/user/.m2/repository/org/apache/hadoop/hadoop-hdds-container-service/0.5.0-SNAPSHOT/hadoop-hdds-container-service-0.5.0-SNAPSHOT.jar!/webapps/static,AVAILABLE}
2019-09-04 10:15:50,867 [main] INFO  handler.ContextHandler (ContextHandler.java:doStart(781)) - Started o.e.j.w.WebAppContext@264340f0{/,file:///tmp/jetty-0.0.0.0-36582-hddsDatanode-_-any-3370478200451024269.dir/webapp/,AVAILABLE}{/hddsDatanode}
2019-09-04 10:15:50,868 [main] INFO  server.AbstractConnector (AbstractConnector.java:doStart(278)) - Started ServerConnector@7640a191{HTTP/1.1,[http/1.1]}{0.0.0.0:36582}
2019-09-04 10:15:50,869 [main] INFO  server.Server (Server.java:doStart(419)) - Started @600192ms
2019-09-04 10:15:50,870 [main] INFO  server.BaseHttpServer (BaseHttpServer.java:updateConnectorAddress(213)) - HTTP server of HDDSDATANODE is listening at http://0.0.0.0:36582
2019-09-04 10:15:51,043 | INFO  | ObjectStoreRestHttpServer | Listening HDDS REST traffic on /0.0.0.0:43193 |  
2019-09-04 10:15:51,043 [main] INFO  ozone.HddsDatanodeService (HddsDatanodeService.java:startPlugins(395)) - Started plug-in org.apache.hadoop.ozone.web.OzoneHddsDatanodeService@4d65fbad
2019-09-04 10:15:51,044 [main] INFO  impl.MetricsSystemImpl (MetricsSystemImpl.java:init(158)) - HddsDatanode metrics system started (again)
2019-09-04 10:15:51,046 [org.apache.hadoop.util.JvmPauseMonitor$Monitor@685e698] INFO  util.JvmPauseMonitor (JvmPauseMonitor.java:run(188)) - Starting JVM pause monitor
2019-09-04 10:15:51,047 [main] INFO  ozone.HddsDatanodeService (HddsDatanodeService.java:start(184)) - HddsDatanodeService host:pr-hdds-1569-fjd24-125839774 ip:192.168.36.67
2019-09-04 10:15:51,048 [Datanode State Machine Thread - 0] INFO  datanode.InitDatanodeState (InitDatanodeState.java:persistContainerDatanodeDetails(140)) - DatanodeDetails is persisted to /workdir/hadoop-ozone/integration-test/target/test-dir/MiniOzoneClusterImpl-1126da7d-fe5a-4ddc-9a88-3eece028067c/datanode-0/meta/datanode.id
2019-09-04 10:15:51,056 [main] INFO  volume.HddsVolume (HddsVolume.java:<init>(176)) - Creating Volume: /workdir/hadoop-ozone/integration-test/target/test-dir/MiniOzoneClusterImpl-1126da7d-fe5a-4ddc-9a88-3eece028067c/datanode-1/data/containers/hdds of  storage type : DISK and capacity : 1482555576320
2019-09-04 10:15:51,057 [main] INFO  volume.VolumeSet (VolumeSet.java:initializeVolumeSet(170)) - Added Volume : /workdir/hadoop-ozone/integration-test/target/test-dir/MiniOzoneClusterImpl-1126da7d-fe5a-4ddc-9a88-3eece028067c/datanode-1/data/containers/hdds to VolumeSet
2019-09-04 10:15:51,057 [main] INFO  volume.ThrottledAsyncChecker (ThrottledAsyncChecker.java:schedule(140)) - Scheduling a check for org.apache.hadoop.ozone.container.common.volume.HddsVolume@39cf7f3c
2019-09-04 10:15:51,057 [main] INFO  volume.HddsVolumeChecker (HddsVolumeChecker.java:checkAllVolumes(203)) - Scheduled health check for volume org.apache.hadoop.ozone.container.common.volume.HddsVolume@39cf7f3c
2019-09-04 10:15:51,075 [main] INFO  impl.RaftServerProxy (ConfUtils.java:logGet(43)) - raft.rpc.type = GRPC (default)
2019-09-04 10:15:51,075 [main] INFO  grpc.GrpcFactory (GrpcFactory.java:checkPooledByteBufAllocatorUseCacheForAllThreads(45)) - PERFORMANCE WARNING: useCacheForAllThreads is true that may cause Netty to create a lot garbage objects and, as a result, trigger GC.
	It is recommended to disable useCacheForAllThreads by setting -Dorg.apache.ratis.thirdparty.io.netty.allocator.useCacheForAllThreads=false in command line.
2019-09-04 10:15:51,075 [main] INFO  grpc.GrpcConfigKeys$Server (ConfUtils.java:logGet(43)) - raft.grpc.server.port = 0 (default)
2019-09-04 10:15:51,075 [main] INFO  server.GrpcService (ConfUtils.java:logGet(43)) - raft.grpc.message.size.max = 33570816 (custom)
2019-09-04 10:15:51,076 [main] INFO  server.RaftServerConfigKeys (ConfUtils.java:logGet(43)) - raft.server.log.appender.buffer.byte-limit = 33554432 (custom)
2019-09-04 10:15:51,076 [main] INFO  server.GrpcService (ConfUtils.java:logGet(43)) - raft.grpc.flow.control.window = 1MB (=1048576) (default)
2019-09-04 10:15:51,076 [main] INFO  server.RaftServerConfigKeys (ConfUtils.java:logGet(43)) - raft.server.rpc.request.timeout = 3000ms (default)
2019-09-04 10:15:51,076 [main] INFO  server.RaftServerConfigKeys (ConfUtils.java:logGet(43)) - raft.server.storage.dir = [/workdir/hadoop-ozone/integration-test/target/test-dir/MiniOzoneClusterImpl-1126da7d-fe5a-4ddc-9a88-3eece028067c/datanode-1/data/ratis] (custom)
2019-09-04 10:15:51,077 [main] INFO  replication.SimpleContainerDownloader (SimpleContainerDownloader.java:<init>(72)) - Starting container downloader service to copy containers to replicate.
2019-09-04 10:15:51,079 [main] INFO  hdfs.DFSUtil (DFSUtil.java:httpServerTemplateForNNAndJN(1641)) - Starting Web-server for hddsDatanode at: http://0.0.0.0:0
2019-09-04 10:15:51,081 [main] INFO  server.AuthenticationFilter (AuthenticationFilter.java:constructSecretProvider(240)) - Unable to initialize FileSignerSecretProvider, falling back to use random secrets.
2019-09-04 10:15:51,082 [main] WARN  http.HttpRequestLog (HttpRequestLog.java:getRequestLog(97)) - Jetty request log can only be enabled using Log4j
2019-09-04 10:15:51,084 [main] INFO  http.HttpServer2 (HttpServer2.java:addGlobalFilter(975)) - Added global filter 'safety' (class=org.apache.hadoop.http.HttpServer2$QuotingInputFilter)
2019-09-04 10:15:51,086 [main] INFO  http.HttpServer2 (HttpServer2.java:addFilter(948)) - Added filter static_user_filter (class=org.apache.hadoop.http.lib.StaticUserWebFilter$StaticUserFilter) to context hddsDatanode
2019-09-04 10:15:51,086 [main] INFO  http.HttpServer2 (HttpServer2.java:addFilter(958)) - Added filter static_user_filter (class=org.apache.hadoop.http.lib.StaticUserWebFilter$StaticUserFilter) to context static
2019-09-04 10:15:51,086 [main] INFO  http.HttpServer2 (HttpServer2.java:addFilter(958)) - Added filter static_user_filter (class=org.apache.hadoop.http.lib.StaticUserWebFilter$StaticUserFilter) to context logs
2019-09-04 10:15:51,087 [main] INFO  http.HttpServer2 (HttpServer2.java:bindListener(1191)) - Jetty bound to port 44129
2019-09-04 10:15:51,088 [main] INFO  server.Server (Server.java:doStart(351)) - jetty-9.3.24.v20180605, build timestamp: 2018-06-05T17:11:56Z, git hash: 84205aa28f11a4f31f2a3b86d1bba2cc8ab69827
2019-09-04 10:15:51,090 [main] INFO  handler.ContextHandler (ContextHandler.java:doStart(781)) - Started o.e.j.s.ServletContextHandler@52bcd7c9{/logs,file:///workdir/hadoop-ozone/integration-test/target/log,AVAILABLE}
2019-09-04 10:15:51,091 [main] INFO  handler.ContextHandler (ContextHandler.java:doStart(781)) - Started o.e.j.s.ServletContextHandler@25fb43a9{/static,jar:file:/home/user/.m2/repository/org/apache/hadoop/hadoop-hdds-container-service/0.5.0-SNAPSHOT/hadoop-hdds-container-service-0.5.0-SNAPSHOT.jar!/webapps/static,AVAILABLE}
2019-09-04 10:15:51,151 [main] INFO  handler.ContextHandler (ContextHandler.java:doStart(781)) - Started o.e.j.w.WebAppContext@413a2520{/,file:///tmp/jetty-0.0.0.0-44129-hddsDatanode-_-any-7737127302612704956.dir/webapp/,AVAILABLE}{/hddsDatanode}
2019-09-04 10:15:51,151 [main] INFO  server.AbstractConnector (AbstractConnector.java:doStart(278)) - Started ServerConnector@39d62e47{HTTP/1.1,[http/1.1]}{0.0.0.0:44129}
2019-09-04 10:15:51,152 [main] INFO  server.Server (Server.java:doStart(419)) - Started @600475ms
2019-09-04 10:15:51,154 [main] INFO  server.BaseHttpServer (BaseHttpServer.java:updateConnectorAddress(213)) - HTTP server of HDDSDATANODE is listening at http://0.0.0.0:44129
2019-09-04 10:15:51,276 | INFO  | ObjectStoreRestHttpServer | Listening HDDS REST traffic on /0.0.0.0:38743 |  
2019-09-04 10:15:51,276 [main] INFO  ozone.HddsDatanodeService (HddsDatanodeService.java:startPlugins(395)) - Started plug-in org.apache.hadoop.ozone.web.OzoneHddsDatanodeService@46e32574
2019-09-04 10:15:51,277 [main] INFO  impl.MetricsSystemImpl (MetricsSystemImpl.java:init(158)) - HddsDatanode metrics system started (again)
2019-09-04 10:15:51,280 [main] INFO  ozone.HddsDatanodeService (HddsDatanodeService.java:start(184)) - HddsDatanodeService host:pr-hdds-1569-fjd24-125839774 ip:192.168.36.67
2019-09-04 10:15:51,280 [org.apache.hadoop.util.JvmPauseMonitor$Monitor@5f7f00ba] INFO  util.JvmPauseMonitor (JvmPauseMonitor.java:run(188)) - Starting JVM pause monitor
2019-09-04 10:15:51,281 [Datanode State Machine Thread - 0] INFO  datanode.InitDatanodeState (InitDatanodeState.java:persistContainerDatanodeDetails(140)) - DatanodeDetails is persisted to /workdir/hadoop-ozone/integration-test/target/test-dir/MiniOzoneClusterImpl-1126da7d-fe5a-4ddc-9a88-3eece028067c/datanode-1/meta/datanode.id
2019-09-04 10:15:51,290 [main] INFO  volume.HddsVolume (HddsVolume.java:<init>(176)) - Creating Volume: /workdir/hadoop-ozone/integration-test/target/test-dir/MiniOzoneClusterImpl-1126da7d-fe5a-4ddc-9a88-3eece028067c/datanode-2/data/containers/hdds of  storage type : DISK and capacity : 1482555576320
2019-09-04 10:15:51,290 [main] INFO  volume.VolumeSet (VolumeSet.java:initializeVolumeSet(170)) - Added Volume : /workdir/hadoop-ozone/integration-test/target/test-dir/MiniOzoneClusterImpl-1126da7d-fe5a-4ddc-9a88-3eece028067c/datanode-2/data/containers/hdds to VolumeSet
2019-09-04 10:15:51,290 [main] INFO  volume.ThrottledAsyncChecker (ThrottledAsyncChecker.java:schedule(140)) - Scheduling a check for org.apache.hadoop.ozone.container.common.volume.HddsVolume@489a722d
2019-09-04 10:15:51,291 [main] INFO  volume.HddsVolumeChecker (HddsVolumeChecker.java:checkAllVolumes(203)) - Scheduled health check for volume org.apache.hadoop.ozone.container.common.volume.HddsVolume@489a722d
2019-09-04 10:15:51,305 [main] INFO  impl.RaftServerProxy (ConfUtils.java:logGet(43)) - raft.rpc.type = GRPC (default)
2019-09-04 10:15:51,306 [main] INFO  grpc.GrpcFactory (GrpcFactory.java:checkPooledByteBufAllocatorUseCacheForAllThreads(45)) - PERFORMANCE WARNING: useCacheForAllThreads is true that may cause Netty to create a lot garbage objects and, as a result, trigger GC.
	It is recommended to disable useCacheForAllThreads by setting -Dorg.apache.ratis.thirdparty.io.netty.allocator.useCacheForAllThreads=false in command line.
2019-09-04 10:15:51,306 [main] INFO  grpc.GrpcConfigKeys$Server (ConfUtils.java:logGet(43)) - raft.grpc.server.port = 0 (default)
2019-09-04 10:15:51,306 [main] INFO  server.GrpcService (ConfUtils.java:logGet(43)) - raft.grpc.message.size.max = 33570816 (custom)
2019-09-04 10:15:51,306 [main] INFO  server.RaftServerConfigKeys (ConfUtils.java:logGet(43)) - raft.server.log.appender.buffer.byte-limit = 33554432 (custom)
2019-09-04 10:15:51,306 [main] INFO  server.GrpcService (ConfUtils.java:logGet(43)) - raft.grpc.flow.control.window = 1MB (=1048576) (default)
2019-09-04 10:15:51,307 [main] INFO  server.RaftServerConfigKeys (ConfUtils.java:logGet(43)) - raft.server.rpc.request.timeout = 3000ms (default)
2019-09-04 10:15:51,307 [main] INFO  server.RaftServerConfigKeys (ConfUtils.java:logGet(43)) - raft.server.storage.dir = [/workdir/hadoop-ozone/integration-test/target/test-dir/MiniOzoneClusterImpl-1126da7d-fe5a-4ddc-9a88-3eece028067c/datanode-2/data/ratis] (custom)
2019-09-04 10:15:51,307 [main] INFO  replication.SimpleContainerDownloader (SimpleContainerDownloader.java:<init>(72)) - Starting container downloader service to copy containers to replicate.
2019-09-04 10:15:51,309 [main] INFO  hdfs.DFSUtil (DFSUtil.java:httpServerTemplateForNNAndJN(1641)) - Starting Web-server for hddsDatanode at: http://0.0.0.0:0
2019-09-04 10:15:51,311 [main] INFO  server.AuthenticationFilter (AuthenticationFilter.java:constructSecretProvider(240)) - Unable to initialize FileSignerSecretProvider, falling back to use random secrets.
2019-09-04 10:15:51,311 [main] WARN  http.HttpRequestLog (HttpRequestLog.java:getRequestLog(97)) - Jetty request log can only be enabled using Log4j
2019-09-04 10:15:51,314 [main] INFO  http.HttpServer2 (HttpServer2.java:addGlobalFilter(975)) - Added global filter 'safety' (class=org.apache.hadoop.http.HttpServer2$QuotingInputFilter)
2019-09-04 10:15:51,314 [main] INFO  http.HttpServer2 (HttpServer2.java:addFilter(948)) - Added filter static_user_filter (class=org.apache.hadoop.http.lib.StaticUserWebFilter$StaticUserFilter) to context hddsDatanode
2019-09-04 10:15:51,315 [main] INFO  http.HttpServer2 (HttpServer2.java:addFilter(958)) - Added filter static_user_filter (class=org.apache.hadoop.http.lib.StaticUserWebFilter$StaticUserFilter) to context static
2019-09-04 10:15:51,315 [main] INFO  http.HttpServer2 (HttpServer2.java:addFilter(958)) - Added filter static_user_filter (class=org.apache.hadoop.http.lib.StaticUserWebFilter$StaticUserFilter) to context logs
2019-09-04 10:15:51,316 [main] INFO  http.HttpServer2 (HttpServer2.java:bindListener(1191)) - Jetty bound to port 34671
2019-09-04 10:15:51,316 [main] INFO  server.Server (Server.java:doStart(351)) - jetty-9.3.24.v20180605, build timestamp: 2018-06-05T17:11:56Z, git hash: 84205aa28f11a4f31f2a3b86d1bba2cc8ab69827
2019-09-04 10:15:51,318 [main] INFO  handler.ContextHandler (ContextHandler.java:doStart(781)) - Started o.e.j.s.ServletContextHandler@62cbe18c{/logs,file:///workdir/hadoop-ozone/integration-test/target/log,AVAILABLE}
2019-09-04 10:15:51,319 [main] INFO  handler.ContextHandler (ContextHandler.java:doStart(781)) - Started o.e.j.s.ServletContextHandler@50177966{/static,jar:file:/home/user/.m2/repository/org/apache/hadoop/hadoop-hdds-container-service/0.5.0-SNAPSHOT/hadoop-hdds-container-service-0.5.0-SNAPSHOT.jar!/webapps/static,AVAILABLE}
2019-09-04 10:15:51,568 [main] INFO  handler.ContextHandler (ContextHandler.java:doStart(781)) - Started o.e.j.w.WebAppContext@7a9e44ff{/,file:///tmp/jetty-0.0.0.0-34671-hddsDatanode-_-any-7352580182690694943.dir/webapp/,AVAILABLE}{/hddsDatanode}
2019-09-04 10:15:51,603 [main] INFO  server.AbstractConnector (AbstractConnector.java:doStart(278)) - Started ServerConnector@1f8e1096{HTTP/1.1,[http/1.1]}{0.0.0.0:34671}
2019-09-04 10:15:51,605 [main] INFO  server.Server (Server.java:doStart(419)) - Started @600928ms
2019-09-04 10:15:51,607 [main] INFO  server.BaseHttpServer (BaseHttpServer.java:updateConnectorAddress(213)) - HTTP server of HDDSDATANODE is listening at http://0.0.0.0:34671
2019-09-04 10:15:51,760 | INFO  | ObjectStoreRestHttpServer | Listening HDDS REST traffic on /0.0.0.0:36981 |  
2019-09-04 10:15:51,760 [main] INFO  ozone.HddsDatanodeService (HddsDatanodeService.java:startPlugins(395)) - Started plug-in org.apache.hadoop.ozone.web.OzoneHddsDatanodeService@3d95100f
2019-09-04 10:15:51,761 [main] INFO  impl.MetricsSystemImpl (MetricsSystemImpl.java:init(158)) - HddsDatanode metrics system started (again)
2019-09-04 10:15:51,765 [main] INFO  ozone.HddsDatanodeService (HddsDatanodeService.java:start(184)) - HddsDatanodeService host:pr-hdds-1569-fjd24-125839774 ip:192.168.36.67
2019-09-04 10:15:51,765 [org.apache.hadoop.util.JvmPauseMonitor$Monitor@2a936eca] INFO  util.JvmPauseMonitor (JvmPauseMonitor.java:run(188)) - Starting JVM pause monitor
2019-09-04 10:15:51,767 [Datanode State Machine Thread - 0] INFO  datanode.InitDatanodeState (InitDatanodeState.java:persistContainerDatanodeDetails(140)) - DatanodeDetails is persisted to /workdir/hadoop-ozone/integration-test/target/test-dir/MiniOzoneClusterImpl-1126da7d-fe5a-4ddc-9a88-3eece028067c/datanode-2/meta/datanode.id
2019-09-04 10:15:51,776 [main] INFO  volume.HddsVolume (HddsVolume.java:<init>(176)) - Creating Volume: /workdir/hadoop-ozone/integration-test/target/test-dir/MiniOzoneClusterImpl-1126da7d-fe5a-4ddc-9a88-3eece028067c/datanode-3/data/containers/hdds of  storage type : DISK and capacity : 1482555576320
2019-09-04 10:15:51,776 [main] INFO  volume.VolumeSet (VolumeSet.java:initializeVolumeSet(170)) - Added Volume : /workdir/hadoop-ozone/integration-test/target/test-dir/MiniOzoneClusterImpl-1126da7d-fe5a-4ddc-9a88-3eece028067c/datanode-3/data/containers/hdds to VolumeSet
2019-09-04 10:15:51,776 [main] INFO  volume.ThrottledAsyncChecker (ThrottledAsyncChecker.java:schedule(140)) - Scheduling a check for org.apache.hadoop.ozone.container.common.volume.HddsVolume@3c5797c6
2019-09-04 10:15:51,777 [main] INFO  volume.HddsVolumeChecker (HddsVolumeChecker.java:checkAllVolumes(203)) - Scheduled health check for volume org.apache.hadoop.ozone.container.common.volume.HddsVolume@3c5797c6
2019-09-04 10:15:51,791 [main] INFO  impl.RaftServerProxy (ConfUtils.java:logGet(43)) - raft.rpc.type = GRPC (default)
2019-09-04 10:15:51,791 [main] INFO  grpc.GrpcFactory (GrpcFactory.java:checkPooledByteBufAllocatorUseCacheForAllThreads(45)) - PERFORMANCE WARNING: useCacheForAllThreads is true that may cause Netty to create a lot garbage objects and, as a result, trigger GC.
	It is recommended to disable useCacheForAllThreads by setting -Dorg.apache.ratis.thirdparty.io.netty.allocator.useCacheForAllThreads=false in command line.
2019-09-04 10:15:51,791 [main] INFO  grpc.GrpcConfigKeys$Server (ConfUtils.java:logGet(43)) - raft.grpc.server.port = 0 (default)
2019-09-04 10:15:51,791 [main] INFO  server.GrpcService (ConfUtils.java:logGet(43)) - raft.grpc.message.size.max = 33570816 (custom)
2019-09-04 10:15:51,791 [main] INFO  server.RaftServerConfigKeys (ConfUtils.java:logGet(43)) - raft.server.log.appender.buffer.byte-limit = 33554432 (custom)
2019-09-04 10:15:51,792 [main] INFO  server.GrpcService (ConfUtils.java:logGet(43)) - raft.grpc.flow.control.window = 1MB (=1048576) (default)
2019-09-04 10:15:51,792 [main] INFO  server.RaftServerConfigKeys (ConfUtils.java:logGet(43)) - raft.server.rpc.request.timeout = 3000ms (default)
2019-09-04 10:15:51,792 [main] INFO  server.RaftServerConfigKeys (ConfUtils.java:logGet(43)) - raft.server.storage.dir = [/workdir/hadoop-ozone/integration-test/target/test-dir/MiniOzoneClusterImpl-1126da7d-fe5a-4ddc-9a88-3eece028067c/datanode-3/data/ratis] (custom)
2019-09-04 10:15:51,793 [main] INFO  replication.SimpleContainerDownloader (SimpleContainerDownloader.java:<init>(72)) - Starting container downloader service to copy containers to replicate.
2019-09-04 10:15:51,794 [main] INFO  hdfs.DFSUtil (DFSUtil.java:httpServerTemplateForNNAndJN(1641)) - Starting Web-server for hddsDatanode at: http://0.0.0.0:0
2019-09-04 10:15:51,795 [main] INFO  server.AuthenticationFilter (AuthenticationFilter.java:constructSecretProvider(240)) - Unable to initialize FileSignerSecretProvider, falling back to use random secrets.
2019-09-04 10:15:51,795 [main] WARN  http.HttpRequestLog (HttpRequestLog.java:getRequestLog(97)) - Jetty request log can only be enabled using Log4j
2019-09-04 10:15:51,797 [main] INFO  http.HttpServer2 (HttpServer2.java:addGlobalFilter(975)) - Added global filter 'safety' (class=org.apache.hadoop.http.HttpServer2$QuotingInputFilter)
2019-09-04 10:15:51,797 [main] INFO  http.HttpServer2 (HttpServer2.java:addFilter(948)) - Added filter static_user_filter (class=org.apache.hadoop.http.lib.StaticUserWebFilter$StaticUserFilter) to context hddsDatanode
2019-09-04 10:15:51,797 [main] INFO  http.HttpServer2 (HttpServer2.java:addFilter(958)) - Added filter static_user_filter (class=org.apache.hadoop.http.lib.StaticUserWebFilter$StaticUserFilter) to context logs
2019-09-04 10:15:51,797 [main] INFO  http.HttpServer2 (HttpServer2.java:addFilter(958)) - Added filter static_user_filter (class=org.apache.hadoop.http.lib.StaticUserWebFilter$StaticUserFilter) to context static
2019-09-04 10:15:51,798 [main] INFO  http.HttpServer2 (HttpServer2.java:bindListener(1191)) - Jetty bound to port 40264
2019-09-04 10:15:51,798 [main] INFO  server.Server (Server.java:doStart(351)) - jetty-9.3.24.v20180605, build timestamp: 2018-06-05T17:11:56Z, git hash: 84205aa28f11a4f31f2a3b86d1bba2cc8ab69827
2019-09-04 10:15:51,800 [main] INFO  handler.ContextHandler (ContextHandler.java:doStart(781)) - Started o.e.j.s.ServletContextHandler@399ac1a3{/logs,file:///workdir/hadoop-ozone/integration-test/target/log,AVAILABLE}
2019-09-04 10:15:51,800 [main] INFO  handler.ContextHandler (ContextHandler.java:doStart(781)) - Started o.e.j.s.ServletContextHandler@3c48bbf3{/static,jar:file:/home/user/.m2/repository/org/apache/hadoop/hadoop-hdds-container-service/0.5.0-SNAPSHOT/hadoop-hdds-container-service-0.5.0-SNAPSHOT.jar!/webapps/static,AVAILABLE}
2019-09-04 10:15:51,832 [main] INFO  handler.ContextHandler (ContextHandler.java:doStart(781)) - Started o.e.j.w.WebAppContext@5ae5a507{/,file:///tmp/jetty-0.0.0.0-40264-hddsDatanode-_-any-4090706435806879922.dir/webapp/,AVAILABLE}{/hddsDatanode}
2019-09-04 10:15:51,833 [main] INFO  server.AbstractConnector (AbstractConnector.java:doStart(278)) - Started ServerConnector@e8ef60b{HTTP/1.1,[http/1.1]}{0.0.0.0:40264}
2019-09-04 10:15:51,834 [main] INFO  server.Server (Server.java:doStart(419)) - Started @601157ms
2019-09-04 10:15:51,835 [main] INFO  server.BaseHttpServer (BaseHttpServer.java:updateConnectorAddress(213)) - HTTP server of HDDSDATANODE is listening at http://0.0.0.0:40264
2019-09-04 10:15:51,973 | INFO  | ObjectStoreRestHttpServer | Listening HDDS REST traffic on /0.0.0.0:40724 |  
2019-09-04 10:15:51,973 [main] INFO  ozone.HddsDatanodeService (HddsDatanodeService.java:startPlugins(395)) - Started plug-in org.apache.hadoop.ozone.web.OzoneHddsDatanodeService@4c617143
2019-09-04 10:15:51,973 [main] INFO  impl.MetricsSystemImpl (MetricsSystemImpl.java:init(158)) - HddsDatanode metrics system started (again)
2019-09-04 10:15:51,977 [main] INFO  ozone.HddsDatanodeService (HddsDatanodeService.java:start(184)) - HddsDatanodeService host:pr-hdds-1569-fjd24-125839774 ip:192.168.36.67
2019-09-04 10:15:51,977 [org.apache.hadoop.util.JvmPauseMonitor$Monitor@5fdc5d4a] INFO  util.JvmPauseMonitor (JvmPauseMonitor.java:run(188)) - Starting JVM pause monitor
2019-09-04 10:15:51,979 [Datanode State Machine Thread - 0] INFO  datanode.InitDatanodeState (InitDatanodeState.java:persistContainerDatanodeDetails(140)) - DatanodeDetails is persisted to /workdir/hadoop-ozone/integration-test/target/test-dir/MiniOzoneClusterImpl-1126da7d-fe5a-4ddc-9a88-3eece028067c/datanode-3/meta/datanode.id
2019-09-04 10:15:51,988 [main] INFO  volume.HddsVolume (HddsVolume.java:<init>(176)) - Creating Volume: /workdir/hadoop-ozone/integration-test/target/test-dir/MiniOzoneClusterImpl-1126da7d-fe5a-4ddc-9a88-3eece028067c/datanode-4/data/containers/hdds of  storage type : DISK and capacity : 1482555576320
2019-09-04 10:15:51,988 [main] INFO  volume.VolumeSet (VolumeSet.java:initializeVolumeSet(170)) - Added Volume : /workdir/hadoop-ozone/integration-test/target/test-dir/MiniOzoneClusterImpl-1126da7d-fe5a-4ddc-9a88-3eece028067c/datanode-4/data/containers/hdds to VolumeSet
2019-09-04 10:15:51,988 [main] INFO  volume.ThrottledAsyncChecker (ThrottledAsyncChecker.java:schedule(140)) - Scheduling a check for org.apache.hadoop.ozone.container.common.volume.HddsVolume@718198db
2019-09-04 10:15:51,990 [main] INFO  volume.HddsVolumeChecker (HddsVolumeChecker.java:checkAllVolumes(203)) - Scheduled health check for volume org.apache.hadoop.ozone.container.common.volume.HddsVolume@718198db
2019-09-04 10:15:52,004 [main] INFO  impl.RaftServerProxy (ConfUtils.java:logGet(43)) - raft.rpc.type = GRPC (default)
2019-09-04 10:15:52,004 [main] INFO  grpc.GrpcFactory (GrpcFactory.java:checkPooledByteBufAllocatorUseCacheForAllThreads(45)) - PERFORMANCE WARNING: useCacheForAllThreads is true that may cause Netty to create a lot garbage objects and, as a result, trigger GC.
	It is recommended to disable useCacheForAllThreads by setting -Dorg.apache.ratis.thirdparty.io.netty.allocator.useCacheForAllThreads=false in command line.
2019-09-04 10:15:52,005 [main] INFO  grpc.GrpcConfigKeys$Server (ConfUtils.java:logGet(43)) - raft.grpc.server.port = 0 (default)
2019-09-04 10:15:52,005 [main] INFO  server.GrpcService (ConfUtils.java:logGet(43)) - raft.grpc.message.size.max = 33570816 (custom)
2019-09-04 10:15:52,005 [main] INFO  server.RaftServerConfigKeys (ConfUtils.java:logGet(43)) - raft.server.log.appender.buffer.byte-limit = 33554432 (custom)
2019-09-04 10:15:52,005 [main] INFO  server.GrpcService (ConfUtils.java:logGet(43)) - raft.grpc.flow.control.window = 1MB (=1048576) (default)
2019-09-04 10:15:52,005 [main] INFO  server.RaftServerConfigKeys (ConfUtils.java:logGet(43)) - raft.server.rpc.request.timeout = 3000ms (default)
2019-09-04 10:15:52,006 [main] INFO  server.RaftServerConfigKeys (ConfUtils.java:logGet(43)) - raft.server.storage.dir = [/workdir/hadoop-ozone/integration-test/target/test-dir/MiniOzoneClusterImpl-1126da7d-fe5a-4ddc-9a88-3eece028067c/datanode-4/data/ratis] (custom)
2019-09-04 10:15:52,006 [main] INFO  replication.SimpleContainerDownloader (SimpleContainerDownloader.java:<init>(72)) - Starting container downloader service to copy containers to replicate.
2019-09-04 10:15:52,007 [main] INFO  hdfs.DFSUtil (DFSUtil.java:httpServerTemplateForNNAndJN(1641)) - Starting Web-server for hddsDatanode at: http://0.0.0.0:0
2019-09-04 10:15:52,009 [main] INFO  server.AuthenticationFilter (AuthenticationFilter.java:constructSecretProvider(240)) - Unable to initialize FileSignerSecretProvider, falling back to use random secrets.
2019-09-04 10:15:52,009 [main] WARN  http.HttpRequestLog (HttpRequestLog.java:getRequestLog(97)) - Jetty request log can only be enabled using Log4j
2019-09-04 10:15:52,010 [main] INFO  http.HttpServer2 (HttpServer2.java:addGlobalFilter(975)) - Added global filter 'safety' (class=org.apache.hadoop.http.HttpServer2$QuotingInputFilter)
2019-09-04 10:15:52,011 [main] INFO  http.HttpServer2 (HttpServer2.java:addFilter(948)) - Added filter static_user_filter (class=org.apache.hadoop.http.lib.StaticUserWebFilter$StaticUserFilter) to context hddsDatanode
2019-09-04 10:15:52,011 [main] INFO  http.HttpServer2 (HttpServer2.java:addFilter(958)) - Added filter static_user_filter (class=org.apache.hadoop.http.lib.StaticUserWebFilter$StaticUserFilter) to context static
2019-09-04 10:15:52,011 [main] INFO  http.HttpServer2 (HttpServer2.java:addFilter(958)) - Added filter static_user_filter (class=org.apache.hadoop.http.lib.StaticUserWebFilter$StaticUserFilter) to context logs
2019-09-04 10:15:52,011 [main] INFO  http.HttpServer2 (HttpServer2.java:bindListener(1191)) - Jetty bound to port 44543
2019-09-04 10:15:52,012 [main] INFO  server.Server (Server.java:doStart(351)) - jetty-9.3.24.v20180605, build timestamp: 2018-06-05T17:11:56Z, git hash: 84205aa28f11a4f31f2a3b86d1bba2cc8ab69827
2019-09-04 10:15:52,013 [main] INFO  handler.ContextHandler (ContextHandler.java:doStart(781)) - Started o.e.j.s.ServletContextHandler@63c07eaf{/logs,file:///workdir/hadoop-ozone/integration-test/target/log,AVAILABLE}
2019-09-04 10:15:52,014 [main] INFO  handler.ContextHandler (ContextHandler.java:doStart(781)) - Started o.e.j.s.ServletContextHandler@67e7fe73{/static,jar:file:/home/user/.m2/repository/org/apache/hadoop/hadoop-hdds-container-service/0.5.0-SNAPSHOT/hadoop-hdds-container-service-0.5.0-SNAPSHOT.jar!/webapps/static,AVAILABLE}
2019-09-04 10:15:52,040 [main] INFO  handler.ContextHandler (ContextHandler.java:doStart(781)) - Started o.e.j.w.WebAppContext@262ea940{/,file:///tmp/jetty-0.0.0.0-44543-hddsDatanode-_-any-6270031361852067889.dir/webapp/,AVAILABLE}{/hddsDatanode}
2019-09-04 10:15:52,041 [main] INFO  server.AbstractConnector (AbstractConnector.java:doStart(278)) - Started ServerConnector@6aa152b7{HTTP/1.1,[http/1.1]}{0.0.0.0:44543}
2019-09-04 10:15:52,042 [main] INFO  server.Server (Server.java:doStart(419)) - Started @601364ms
2019-09-04 10:15:52,043 [main] INFO  server.BaseHttpServer (BaseHttpServer.java:updateConnectorAddress(213)) - HTTP server of HDDSDATANODE is listening at http://0.0.0.0:44543
2019-09-04 10:15:52,187 | INFO  | ObjectStoreRestHttpServer | Listening HDDS REST traffic on /0.0.0.0:43451 |  
2019-09-04 10:15:52,187 [main] INFO  ozone.HddsDatanodeService (HddsDatanodeService.java:startPlugins(395)) - Started plug-in org.apache.hadoop.ozone.web.OzoneHddsDatanodeService@71d3dfd5
2019-09-04 10:15:52,188 [main] INFO  impl.MetricsSystemImpl (MetricsSystemImpl.java:init(158)) - HddsDatanode metrics system started (again)
2019-09-04 10:15:52,190 [org.apache.hadoop.util.JvmPauseMonitor$Monitor@66933315] INFO  util.JvmPauseMonitor (JvmPauseMonitor.java:run(188)) - Starting JVM pause monitor
2019-09-04 10:15:52,193 [Datanode State Machine Thread - 0] INFO  datanode.InitDatanodeState (InitDatanodeState.java:persistContainerDatanodeDetails(140)) - DatanodeDetails is persisted to /workdir/hadoop-ozone/integration-test/target/test-dir/MiniOzoneClusterImpl-1126da7d-fe5a-4ddc-9a88-3eece028067c/datanode-4/meta/datanode.id
2019-09-04 10:15:52,196 [main] INFO  ozone.HddsDatanodeService (HddsDatanodeService.java:start(184)) - HddsDatanodeService host:pr-hdds-1569-fjd24-125839774 ip:192.168.36.67
2019-09-04 10:15:52,206 [main] INFO  volume.HddsVolume (HddsVolume.java:<init>(176)) - Creating Volume: /workdir/hadoop-ozone/integration-test/target/test-dir/MiniOzoneClusterImpl-1126da7d-fe5a-4ddc-9a88-3eece028067c/datanode-5/data/containers/hdds of  storage type : DISK and capacity : 1482555576320
2019-09-04 10:15:52,206 [main] INFO  volume.VolumeSet (VolumeSet.java:initializeVolumeSet(170)) - Added Volume : /workdir/hadoop-ozone/integration-test/target/test-dir/MiniOzoneClusterImpl-1126da7d-fe5a-4ddc-9a88-3eece028067c/datanode-5/data/containers/hdds to VolumeSet
2019-09-04 10:15:52,206 [main] INFO  volume.ThrottledAsyncChecker (ThrottledAsyncChecker.java:schedule(140)) - Scheduling a check for org.apache.hadoop.ozone.container.common.volume.HddsVolume@482040a
2019-09-04 10:15:52,207 [main] INFO  volume.HddsVolumeChecker (HddsVolumeChecker.java:checkAllVolumes(203)) - Scheduled health check for volume org.apache.hadoop.ozone.container.common.volume.HddsVolume@482040a
2019-09-04 10:15:52,231 [main] INFO  impl.RaftServerProxy (ConfUtils.java:logGet(43)) - raft.rpc.type = GRPC (default)
2019-09-04 10:15:52,231 [main] INFO  grpc.GrpcFactory (GrpcFactory.java:checkPooledByteBufAllocatorUseCacheForAllThreads(45)) - PERFORMANCE WARNING: useCacheForAllThreads is true that may cause Netty to create a lot garbage objects and, as a result, trigger GC.
	It is recommended to disable useCacheForAllThreads by setting -Dorg.apache.ratis.thirdparty.io.netty.allocator.useCacheForAllThreads=false in command line.
2019-09-04 10:15:52,231 [main] INFO  grpc.GrpcConfigKeys$Server (ConfUtils.java:logGet(43)) - raft.grpc.server.port = 0 (default)
2019-09-04 10:15:52,231 [main] INFO  server.GrpcService (ConfUtils.java:logGet(43)) - raft.grpc.message.size.max = 33570816 (custom)
2019-09-04 10:15:52,232 [main] INFO  server.RaftServerConfigKeys (ConfUtils.java:logGet(43)) - raft.server.log.appender.buffer.byte-limit = 33554432 (custom)
2019-09-04 10:15:52,233 [main] INFO  server.GrpcService (ConfUtils.java:logGet(43)) - raft.grpc.flow.control.window = 1MB (=1048576) (default)
2019-09-04 10:15:52,233 [main] INFO  server.RaftServerConfigKeys (ConfUtils.java:logGet(43)) - raft.server.rpc.request.timeout = 3000ms (default)
2019-09-04 10:15:52,234 [main] INFO  server.RaftServerConfigKeys (ConfUtils.java:logGet(43)) - raft.server.storage.dir = [/workdir/hadoop-ozone/integration-test/target/test-dir/MiniOzoneClusterImpl-1126da7d-fe5a-4ddc-9a88-3eece028067c/datanode-5/data/ratis] (custom)
2019-09-04 10:15:52,234 [main] INFO  replication.SimpleContainerDownloader (SimpleContainerDownloader.java:<init>(72)) - Starting container downloader service to copy containers to replicate.
2019-09-04 10:15:52,235 [main] INFO  hdfs.DFSUtil (DFSUtil.java:httpServerTemplateForNNAndJN(1641)) - Starting Web-server for hddsDatanode at: http://0.0.0.0:0
2019-09-04 10:15:52,237 [main] INFO  server.AuthenticationFilter (AuthenticationFilter.java:constructSecretProvider(240)) - Unable to initialize FileSignerSecretProvider, falling back to use random secrets.
2019-09-04 10:15:52,238 [main] WARN  http.HttpRequestLog (HttpRequestLog.java:getRequestLog(97)) - Jetty request log can only be enabled using Log4j
2019-09-04 10:15:52,239 [main] INFO  http.HttpServer2 (HttpServer2.java:addGlobalFilter(975)) - Added global filter 'safety' (class=org.apache.hadoop.http.HttpServer2$QuotingInputFilter)
2019-09-04 10:15:52,240 [main] INFO  http.HttpServer2 (HttpServer2.java:addFilter(948)) - Added filter static_user_filter (class=org.apache.hadoop.http.lib.StaticUserWebFilter$StaticUserFilter) to context hddsDatanode
2019-09-04 10:15:52,240 [main] INFO  http.HttpServer2 (HttpServer2.java:addFilter(958)) - Added filter static_user_filter (class=org.apache.hadoop.http.lib.StaticUserWebFilter$StaticUserFilter) to context logs
2019-09-04 10:15:52,240 [main] INFO  http.HttpServer2 (HttpServer2.java:addFilter(958)) - Added filter static_user_filter (class=org.apache.hadoop.http.lib.StaticUserWebFilter$StaticUserFilter) to context static
2019-09-04 10:15:52,241 [main] INFO  http.HttpServer2 (HttpServer2.java:bindListener(1191)) - Jetty bound to port 45820
2019-09-04 10:15:52,241 [main] INFO  server.Server (Server.java:doStart(351)) - jetty-9.3.24.v20180605, build timestamp: 2018-06-05T17:11:56Z, git hash: 84205aa28f11a4f31f2a3b86d1bba2cc8ab69827
2019-09-04 10:15:52,242 [main] INFO  handler.ContextHandler (ContextHandler.java:doStart(781)) - Started o.e.j.s.ServletContextHandler@3e283f1a{/logs,file:///workdir/hadoop-ozone/integration-test/target/log,AVAILABLE}
2019-09-04 10:15:52,243 [main] INFO  handler.ContextHandler (ContextHandler.java:doStart(781)) - Started o.e.j.s.ServletContextHandler@5ba4735c{/static,jar:file:/home/user/.m2/repository/org/apache/hadoop/hadoop-hdds-container-service/0.5.0-SNAPSHOT/hadoop-hdds-container-service-0.5.0-SNAPSHOT.jar!/webapps/static,AVAILABLE}
2019-09-04 10:15:52,270 [main] INFO  handler.ContextHandler (ContextHandler.java:doStart(781)) - Started o.e.j.w.WebAppContext@5fd0235c{/,file:///tmp/jetty-0.0.0.0-45820-hddsDatanode-_-any-2214913451857437352.dir/webapp/,AVAILABLE}{/hddsDatanode}
2019-09-04 10:15:52,270 [main] INFO  server.AbstractConnector (AbstractConnector.java:doStart(278)) - Started ServerConnector@6e1d939e{HTTP/1.1,[http/1.1]}{0.0.0.0:45820}
2019-09-04 10:15:52,272 [main] INFO  server.Server (Server.java:doStart(419)) - Started @601595ms
2019-09-04 10:15:52,272 [main] INFO  server.BaseHttpServer (BaseHttpServer.java:updateConnectorAddress(213)) - HTTP server of HDDSDATANODE is listening at http://0.0.0.0:45820
2019-09-04 10:15:52,403 | INFO  | ObjectStoreRestHttpServer | Listening HDDS REST traffic on /0.0.0.0:38247 |  
2019-09-04 10:15:52,403 [main] INFO  ozone.HddsDatanodeService (HddsDatanodeService.java:startPlugins(395)) - Started plug-in org.apache.hadoop.ozone.web.OzoneHddsDatanodeService@627222d8
2019-09-04 10:15:52,403 [main] INFO  impl.MetricsSystemImpl (MetricsSystemImpl.java:init(158)) - HddsDatanode metrics system started (again)
2019-09-04 10:15:52,408 [org.apache.hadoop.util.JvmPauseMonitor$Monitor@aa99de7] INFO  util.JvmPauseMonitor (JvmPauseMonitor.java:run(188)) - Starting JVM pause monitor
2019-09-04 10:15:52,408 [main] INFO  ozone.HddsDatanodeService (HddsDatanodeService.java:start(184)) - HddsDatanodeService host:pr-hdds-1569-fjd24-125839774 ip:192.168.36.67
2019-09-04 10:15:52,409 [Datanode State Machine Thread - 0] INFO  datanode.InitDatanodeState (InitDatanodeState.java:persistContainerDatanodeDetails(140)) - DatanodeDetails is persisted to /workdir/hadoop-ozone/integration-test/target/test-dir/MiniOzoneClusterImpl-1126da7d-fe5a-4ddc-9a88-3eece028067c/datanode-5/meta/datanode.id
2019-09-04 10:15:52,419 [main] INFO  volume.HddsVolume (HddsVolume.java:<init>(176)) - Creating Volume: /workdir/hadoop-ozone/integration-test/target/test-dir/MiniOzoneClusterImpl-1126da7d-fe5a-4ddc-9a88-3eece028067c/datanode-6/data/containers/hdds of  storage type : DISK and capacity : 1482555576320
2019-09-04 10:15:52,419 [main] INFO  volume.VolumeSet (VolumeSet.java:initializeVolumeSet(170)) - Added Volume : /workdir/hadoop-ozone/integration-test/target/test-dir/MiniOzoneClusterImpl-1126da7d-fe5a-4ddc-9a88-3eece028067c/datanode-6/data/containers/hdds to VolumeSet
2019-09-04 10:15:52,419 [main] INFO  volume.ThrottledAsyncChecker (ThrottledAsyncChecker.java:schedule(140)) - Scheduling a check for org.apache.hadoop.ozone.container.common.volume.HddsVolume@765ccc7a
2019-09-04 10:15:52,420 [main] INFO  volume.HddsVolumeChecker (HddsVolumeChecker.java:checkAllVolumes(203)) - Scheduled health check for volume org.apache.hadoop.ozone.container.common.volume.HddsVolume@765ccc7a
2019-09-04 10:15:52,436 [main] INFO  impl.RaftServerProxy (ConfUtils.java:logGet(43)) - raft.rpc.type = GRPC (default)
2019-09-04 10:15:52,436 [main] INFO  grpc.GrpcFactory (GrpcFactory.java:checkPooledByteBufAllocatorUseCacheForAllThreads(45)) - PERFORMANCE WARNING: useCacheForAllThreads is true that may cause Netty to create a lot garbage objects and, as a result, trigger GC.
	It is recommended to disable useCacheForAllThreads by setting -Dorg.apache.ratis.thirdparty.io.netty.allocator.useCacheForAllThreads=false in command line.
2019-09-04 10:15:52,436 [main] INFO  grpc.GrpcConfigKeys$Server (ConfUtils.java:logGet(43)) - raft.grpc.server.port = 0 (default)
2019-09-04 10:15:52,436 [main] INFO  server.GrpcService (ConfUtils.java:logGet(43)) - raft.grpc.message.size.max = 33570816 (custom)
2019-09-04 10:15:52,437 [main] INFO  server.RaftServerConfigKeys (ConfUtils.java:logGet(43)) - raft.server.log.appender.buffer.byte-limit = 33554432 (custom)
2019-09-04 10:15:52,437 [main] INFO  server.GrpcService (ConfUtils.java:logGet(43)) - raft.grpc.flow.control.window = 1MB (=1048576) (default)
2019-09-04 10:15:52,437 [main] INFO  server.RaftServerConfigKeys (ConfUtils.java:logGet(43)) - raft.server.rpc.request.timeout = 3000ms (default)
2019-09-04 10:15:52,437 [main] INFO  server.RaftServerConfigKeys (ConfUtils.java:logGet(43)) - raft.server.storage.dir = [/workdir/hadoop-ozone/integration-test/target/test-dir/MiniOzoneClusterImpl-1126da7d-fe5a-4ddc-9a88-3eece028067c/datanode-6/data/ratis] (custom)
2019-09-04 10:15:52,438 [main] INFO  replication.SimpleContainerDownloader (SimpleContainerDownloader.java:<init>(72)) - Starting container downloader service to copy containers to replicate.
2019-09-04 10:15:52,439 [main] INFO  hdfs.DFSUtil (DFSUtil.java:httpServerTemplateForNNAndJN(1641)) - Starting Web-server for hddsDatanode at: http://0.0.0.0:0
2019-09-04 10:15:52,440 [main] INFO  server.AuthenticationFilter (AuthenticationFilter.java:constructSecretProvider(240)) - Unable to initialize FileSignerSecretProvider, falling back to use random secrets.
2019-09-04 10:15:52,440 [main] WARN  http.HttpRequestLog (HttpRequestLog.java:getRequestLog(97)) - Jetty request log can only be enabled using Log4j
2019-09-04 10:15:52,442 [main] INFO  http.HttpServer2 (HttpServer2.java:addGlobalFilter(975)) - Added global filter 'safety' (class=org.apache.hadoop.http.HttpServer2$QuotingInputFilter)
2019-09-04 10:15:52,442 [main] INFO  http.HttpServer2 (HttpServer2.java:addFilter(948)) - Added filter static_user_filter (class=org.apache.hadoop.http.lib.StaticUserWebFilter$StaticUserFilter) to context hddsDatanode
2019-09-04 10:15:52,443 [main] INFO  http.HttpServer2 (HttpServer2.java:addFilter(958)) - Added filter static_user_filter (class=org.apache.hadoop.http.lib.StaticUserWebFilter$StaticUserFilter) to context static
2019-09-04 10:15:52,443 [main] INFO  http.HttpServer2 (HttpServer2.java:addFilter(958)) - Added filter static_user_filter (class=org.apache.hadoop.http.lib.StaticUserWebFilter$StaticUserFilter) to context logs
2019-09-04 10:15:52,443 [main] INFO  http.HttpServer2 (HttpServer2.java:bindListener(1191)) - Jetty bound to port 45558
2019-09-04 10:15:52,443 [main] INFO  server.Server (Server.java:doStart(351)) - jetty-9.3.24.v20180605, build timestamp: 2018-06-05T17:11:56Z, git hash: 84205aa28f11a4f31f2a3b86d1bba2cc8ab69827
2019-09-04 10:15:52,445 [main] INFO  handler.ContextHandler (ContextHandler.java:doStart(781)) - Started o.e.j.s.ServletContextHandler@7c0b83af{/logs,file:///workdir/hadoop-ozone/integration-test/target/log,AVAILABLE}
2019-09-04 10:15:52,446 [main] INFO  handler.ContextHandler (ContextHandler.java:doStart(781)) - Started o.e.j.s.ServletContextHandler@3f1eb1bc{/static,jar:file:/home/user/.m2/repository/org/apache/hadoop/hadoop-hdds-container-service/0.5.0-SNAPSHOT/hadoop-hdds-container-service-0.5.0-SNAPSHOT.jar!/webapps/static,AVAILABLE}
2019-09-04 10:15:52,474 [main] INFO  handler.ContextHandler (ContextHandler.java:doStart(781)) - Started o.e.j.w.WebAppContext@e77c9c3{/,file:///tmp/jetty-0.0.0.0-45558-hddsDatanode-_-any-3446092322231635456.dir/webapp/,AVAILABLE}{/hddsDatanode}
2019-09-04 10:15:52,474 [main] INFO  server.AbstractConnector (AbstractConnector.java:doStart(278)) - Started ServerConnector@4cc9d672{HTTP/1.1,[http/1.1]}{0.0.0.0:45558}
2019-09-04 10:15:52,479 [main] INFO  server.Server (Server.java:doStart(419)) - Started @601802ms
2019-09-04 10:15:52,480 [main] INFO  server.BaseHttpServer (BaseHttpServer.java:updateConnectorAddress(213)) - HTTP server of HDDSDATANODE is listening at http://0.0.0.0:45558
2019-09-04 10:15:52,638 | INFO  | ObjectStoreRestHttpServer | Listening HDDS REST traffic on /0.0.0.0:45061 |  
2019-09-04 10:15:52,638 [main] INFO  ozone.HddsDatanodeService (HddsDatanodeService.java:startPlugins(395)) - Started plug-in org.apache.hadoop.ozone.web.OzoneHddsDatanodeService@47fe4c3e
2019-09-04 10:15:52,639 [main] INFO  ozone.MiniOzoneClusterImpl (MiniOzoneClusterImpl.java:lambda$waitForClusterToBeReady$0(142)) - Waiting for cluster to be ready. Got 0 of 7 DN Heartbeats.
2019-09-04 10:15:52,640 [org.apache.hadoop.util.JvmPauseMonitor$Monitor@6974eb57] INFO  util.JvmPauseMonitor (JvmPauseMonitor.java:run(188)) - Starting JVM pause monitor
2019-09-04 10:15:52,641 [Datanode State Machine Thread - 0] INFO  datanode.InitDatanodeState (InitDatanodeState.java:persistContainerDatanodeDetails(140)) - DatanodeDetails is persisted to /workdir/hadoop-ozone/integration-test/target/test-dir/MiniOzoneClusterImpl-1126da7d-fe5a-4ddc-9a88-3eece028067c/datanode-6/meta/datanode.id
2019-09-04 10:15:53,056 | INFO  | SCMAudit | user=jenkins1000 | ip=192.168.36.67 | op=GET_VERSION null | ret=SUCCESS |  
2019-09-04 10:15:53,085 [Datanode State Machine Thread - 0] INFO  ozoneimpl.OzoneContainer (OzoneContainer.java:start(186)) - Attempting to start container services.
2019-09-04 10:15:53,085 [Datanode State Machine Thread - 0] INFO  ozoneimpl.OzoneContainer (OzoneContainer.java:startContainerScrub(160)) - Background container scrubber has been disabled by hdds.containerscrub.enabled
2019-09-04 10:15:53,086 [Datanode State Machine Thread - 0] INFO  ratis.XceiverServerRatis (XceiverServerRatis.java:start(404)) - Starting XceiverServerRatis e94d4415-dd42-482b-a9ab-d3c93cd7a0cf at port 0
2019-09-04 10:15:53,096 [Datanode State Machine Thread - 0] INFO  impl.RaftServerProxy (RaftServerProxy.java:lambda$start$3(299)) - e94d4415-dd42-482b-a9ab-d3c93cd7a0cf: start RPC server
2019-09-04 10:15:53,098 [Datanode State Machine Thread - 0] INFO  server.GrpcService (GrpcService.java:startImpl(149)) - e94d4415-dd42-482b-a9ab-d3c93cd7a0cf: GrpcService started, listening on 0.0.0.0/0.0.0.0:46723
2019-09-04 10:15:53,098 [Datanode State Machine Thread - 0] INFO  ratis.XceiverServerRatis (XceiverServerRatis.java:start(414)) - XceiverServerRatis e94d4415-dd42-482b-a9ab-d3c93cd7a0cf is started using port 46723
2019-09-04 10:15:53,098 [Datanode State Machine Thread - 0] INFO  server.XceiverServerGrpc (XceiverServerGrpc.java:start(163)) - XceiverServerGrpc e94d4415-dd42-482b-a9ab-d3c93cd7a0cf is started using port 36994
2019-09-04 10:15:53,280 | INFO  | SCMAudit | user=jenkins1000 | ip=192.168.36.67 | op=GET_VERSION null | ret=SUCCESS |  
2019-09-04 10:15:53,295 [Datanode State Machine Thread - 0] INFO  ozoneimpl.OzoneContainer (OzoneContainer.java:start(186)) - Attempting to start container services.
2019-09-04 10:15:53,295 [Datanode State Machine Thread - 0] INFO  ozoneimpl.OzoneContainer (OzoneContainer.java:startContainerScrub(160)) - Background container scrubber has been disabled by hdds.containerscrub.enabled
2019-09-04 10:15:53,295 [Datanode State Machine Thread - 0] INFO  ratis.XceiverServerRatis (XceiverServerRatis.java:start(404)) - Starting XceiverServerRatis 6f4be47b-46c8-42b4-aff3-8b1cb619a5c7 at port 0
2019-09-04 10:15:53,304 [Datanode State Machine Thread - 0] INFO  impl.RaftServerProxy (RaftServerProxy.java:lambda$start$3(299)) - 6f4be47b-46c8-42b4-aff3-8b1cb619a5c7: start RPC server
2019-09-04 10:15:53,304 [Datanode State Machine Thread - 0] INFO  server.GrpcService (GrpcService.java:startImpl(149)) - 6f4be47b-46c8-42b4-aff3-8b1cb619a5c7: GrpcService started, listening on 0.0.0.0/0.0.0.0:44582
2019-09-04 10:15:53,305 [Datanode State Machine Thread - 0] INFO  ratis.XceiverServerRatis (XceiverServerRatis.java:start(414)) - XceiverServerRatis 6f4be47b-46c8-42b4-aff3-8b1cb619a5c7 is started using port 44582
2019-09-04 10:15:53,305 [Datanode State Machine Thread - 0] INFO  server.XceiverServerGrpc (XceiverServerGrpc.java:start(163)) - XceiverServerGrpc 6f4be47b-46c8-42b4-aff3-8b1cb619a5c7 is started using port 39995
2019-09-04 10:15:53,639 [main] INFO  ozone.MiniOzoneClusterImpl (MiniOzoneClusterImpl.java:lambda$waitForClusterToBeReady$0(142)) - Waiting for cluster to be ready. Got 0 of 7 DN Heartbeats.
2019-09-04 10:15:53,766 | INFO  | SCMAudit | user=jenkins1000 | ip=192.168.36.67 | op=GET_VERSION null | ret=SUCCESS |  
2019-09-04 10:15:53,776 [Datanode State Machine Thread - 0] INFO  ozoneimpl.OzoneContainer (OzoneContainer.java:start(186)) - Attempting to start container services.
2019-09-04 10:15:53,776 [Datanode State Machine Thread - 0] INFO  ozoneimpl.OzoneContainer (OzoneContainer.java:startContainerScrub(160)) - Background container scrubber has been disabled by hdds.containerscrub.enabled
2019-09-04 10:15:53,777 [Datanode State Machine Thread - 0] INFO  ratis.XceiverServerRatis (XceiverServerRatis.java:start(404)) - Starting XceiverServerRatis d4d82638-7d1a-4b3a-9d0e-2237e706c4db at port 0
2019-09-04 10:15:53,786 [Datanode State Machine Thread - 0] INFO  impl.RaftServerProxy (RaftServerProxy.java:lambda$start$3(299)) - d4d82638-7d1a-4b3a-9d0e-2237e706c4db: start RPC server
2019-09-04 10:15:53,790 [Datanode State Machine Thread - 0] INFO  server.GrpcService (GrpcService.java:startImpl(149)) - d4d82638-7d1a-4b3a-9d0e-2237e706c4db: GrpcService started, listening on 0.0.0.0/0.0.0.0:39803
2019-09-04 10:15:53,790 [Datanode State Machine Thread - 0] INFO  ratis.XceiverServerRatis (XceiverServerRatis.java:start(414)) - XceiverServerRatis d4d82638-7d1a-4b3a-9d0e-2237e706c4db is started using port 39803
2019-09-04 10:15:53,790 [Datanode State Machine Thread - 0] INFO  server.XceiverServerGrpc (XceiverServerGrpc.java:start(163)) - XceiverServerGrpc d4d82638-7d1a-4b3a-9d0e-2237e706c4db is started using port 42479
2019-09-04 10:15:53,978 | INFO  | SCMAudit | user=jenkins1000 | ip=192.168.36.67 | op=GET_VERSION null | ret=SUCCESS |  
2019-09-04 10:15:53,991 [Datanode State Machine Thread - 0] INFO  ozoneimpl.OzoneContainer (OzoneContainer.java:start(186)) - Attempting to start container services.
2019-09-04 10:15:53,991 [Datanode State Machine Thread - 0] INFO  ozoneimpl.OzoneContainer (OzoneContainer.java:startContainerScrub(160)) - Background container scrubber has been disabled by hdds.containerscrub.enabled
2019-09-04 10:15:53,992 [Datanode State Machine Thread - 0] INFO  ratis.XceiverServerRatis (XceiverServerRatis.java:start(404)) - Starting XceiverServerRatis 6c9cea2f-f547-4d36-9e9d-21f9e8213c72 at port 0
2019-09-04 10:15:53,999 [Datanode State Machine Thread - 0] INFO  impl.RaftServerProxy (RaftServerProxy.java:lambda$start$3(299)) - 6c9cea2f-f547-4d36-9e9d-21f9e8213c72: start RPC server
2019-09-04 10:15:54,000 [Datanode State Machine Thread - 0] INFO  server.GrpcService (GrpcService.java:startImpl(149)) - 6c9cea2f-f547-4d36-9e9d-21f9e8213c72: GrpcService started, listening on 0.0.0.0/0.0.0.0:41294
2019-09-04 10:15:54,000 [Datanode State Machine Thread - 0] INFO  ratis.XceiverServerRatis (XceiverServerRatis.java:start(414)) - XceiverServerRatis 6c9cea2f-f547-4d36-9e9d-21f9e8213c72 is started using port 41294
2019-09-04 10:15:54,000 [Datanode State Machine Thread - 0] INFO  server.XceiverServerGrpc (XceiverServerGrpc.java:start(163)) - XceiverServerGrpc 6c9cea2f-f547-4d36-9e9d-21f9e8213c72 is started using port 40900
2019-09-04 10:15:54,191 | INFO  | SCMAudit | user=jenkins1000 | ip=192.168.36.67 | op=GET_VERSION null | ret=SUCCESS |  
2019-09-04 10:15:54,204 [Datanode State Machine Thread - 0] INFO  ozoneimpl.OzoneContainer (OzoneContainer.java:start(186)) - Attempting to start container services.
2019-09-04 10:15:54,204 [Datanode State Machine Thread - 0] INFO  ozoneimpl.OzoneContainer (OzoneContainer.java:startContainerScrub(160)) - Background container scrubber has been disabled by hdds.containerscrub.enabled
2019-09-04 10:15:54,204 [Datanode State Machine Thread - 0] INFO  ratis.XceiverServerRatis (XceiverServerRatis.java:start(404)) - Starting XceiverServerRatis fe2c9e73-6c2d-4a43-92e0-1dab16afefd5 at port 0
2019-09-04 10:15:54,212 [Datanode State Machine Thread - 0] INFO  impl.RaftServerProxy (RaftServerProxy.java:lambda$start$3(299)) - fe2c9e73-6c2d-4a43-92e0-1dab16afefd5: start RPC server
2019-09-04 10:15:54,216 [Datanode State Machine Thread - 0] INFO  server.GrpcService (GrpcService.java:startImpl(149)) - fe2c9e73-6c2d-4a43-92e0-1dab16afefd5: GrpcService started, listening on 0.0.0.0/0.0.0.0:37308
2019-09-04 10:15:54,216 [Datanode State Machine Thread - 0] INFO  ratis.XceiverServerRatis (XceiverServerRatis.java:start(414)) - XceiverServerRatis fe2c9e73-6c2d-4a43-92e0-1dab16afefd5 is started using port 37308
2019-09-04 10:15:54,217 [Datanode State Machine Thread - 0] INFO  server.XceiverServerGrpc (XceiverServerGrpc.java:start(163)) - XceiverServerGrpc fe2c9e73-6c2d-4a43-92e0-1dab16afefd5 is started using port 33685
2019-09-04 10:15:54,407 | INFO  | SCMAudit | user=jenkins1000 | ip=192.168.36.67 | op=GET_VERSION null | ret=SUCCESS |  
2019-09-04 10:15:54,421 [Datanode State Machine Thread - 0] INFO  ozoneimpl.OzoneContainer (OzoneContainer.java:start(186)) - Attempting to start container services.
2019-09-04 10:15:54,421 [Datanode State Machine Thread - 0] INFO  ozoneimpl.OzoneContainer (OzoneContainer.java:startContainerScrub(160)) - Background container scrubber has been disabled by hdds.containerscrub.enabled
2019-09-04 10:15:54,421 [Datanode State Machine Thread - 0] INFO  ratis.XceiverServerRatis (XceiverServerRatis.java:start(404)) - Starting XceiverServerRatis 6d94adbb-9f8c-46a2-8e14-6bea29af47e5 at port 0
2019-09-04 10:15:54,431 [Datanode State Machine Thread - 0] INFO  impl.RaftServerProxy (RaftServerProxy.java:lambda$start$3(299)) - 6d94adbb-9f8c-46a2-8e14-6bea29af47e5: start RPC server
2019-09-04 10:15:54,435 [Datanode State Machine Thread - 0] INFO  server.GrpcService (GrpcService.java:startImpl(149)) - 6d94adbb-9f8c-46a2-8e14-6bea29af47e5: GrpcService started, listening on 0.0.0.0/0.0.0.0:34229
2019-09-04 10:15:54,435 [Datanode State Machine Thread - 0] INFO  ratis.XceiverServerRatis (XceiverServerRatis.java:start(414)) - XceiverServerRatis 6d94adbb-9f8c-46a2-8e14-6bea29af47e5 is started using port 34229
2019-09-04 10:15:54,436 [Datanode State Machine Thread - 0] INFO  server.XceiverServerGrpc (XceiverServerGrpc.java:start(163)) - XceiverServerGrpc 6d94adbb-9f8c-46a2-8e14-6bea29af47e5 is started using port 43448
2019-09-04 10:15:54,639 [main] INFO  ozone.MiniOzoneClusterImpl (MiniOzoneClusterImpl.java:lambda$waitForClusterToBeReady$0(142)) - Waiting for cluster to be ready. Got 0 of 7 DN Heartbeats.
2019-09-04 10:15:54,641 | INFO  | SCMAudit | user=jenkins1000 | ip=192.168.36.67 | op=GET_VERSION null | ret=SUCCESS |  
2019-09-04 10:15:54,655 [Datanode State Machine Thread - 0] INFO  ozoneimpl.OzoneContainer (OzoneContainer.java:start(186)) - Attempting to start container services.
2019-09-04 10:15:54,655 [Datanode State Machine Thread - 0] INFO  ozoneimpl.OzoneContainer (OzoneContainer.java:startContainerScrub(160)) - Background container scrubber has been disabled by hdds.containerscrub.enabled
2019-09-04 10:15:54,655 [Datanode State Machine Thread - 0] INFO  ratis.XceiverServerRatis (XceiverServerRatis.java:start(404)) - Starting XceiverServerRatis 583e914f-c7c5-4b66-98fc-37d50dda33f5 at port 0
2019-09-04 10:15:54,664 [Datanode State Machine Thread - 0] INFO  impl.RaftServerProxy (RaftServerProxy.java:lambda$start$3(299)) - 583e914f-c7c5-4b66-98fc-37d50dda33f5: start RPC server
2019-09-04 10:15:54,664 [Datanode State Machine Thread - 0] INFO  server.GrpcService (GrpcService.java:startImpl(149)) - 583e914f-c7c5-4b66-98fc-37d50dda33f5: GrpcService started, listening on 0.0.0.0/0.0.0.0:40850
2019-09-04 10:15:54,665 [Datanode State Machine Thread - 0] INFO  ratis.XceiverServerRatis (XceiverServerRatis.java:start(414)) - XceiverServerRatis 583e914f-c7c5-4b66-98fc-37d50dda33f5 is started using port 40850
2019-09-04 10:15:54,667 [Datanode State Machine Thread - 0] INFO  server.XceiverServerGrpc (XceiverServerGrpc.java:start(163)) - XceiverServerGrpc 583e914f-c7c5-4b66-98fc-37d50dda33f5 is started using port 45549
2019-09-04 10:15:55,052 [IPC Server handler 0 on 33895] INFO  net.NetworkTopology (NetworkTopologyImpl.java:add(110)) - Added a new node: /default-rack/e94d4415-dd42-482b-a9ab-d3c93cd7a0cf
2019-09-04 10:15:55,055 [IPC Server handler 0 on 33895] INFO  node.SCMNodeManager (SCMNodeManager.java:register(273)) - Registered Data node : e94d4415-dd42-482b-a9ab-d3c93cd7a0cf{ip: 192.168.36.67, host: pr-hdds-1569-fjd24-125839774, networkLocation: /default-rack, certSerialId: null}
2019-09-04 10:15:55,056 [EventQueue-NodeRegistrationContainerReportForDataNodeSafeModeRule] INFO  safemode.SCMSafeModeManager (DataNodeSafeModeRule.java:process(71)) - SCM in safe mode. 1 DataNodes registered, 1 required.
2019-09-04 10:15:55,056 | INFO  | SCMAudit | user=jenkins1000 | ip=192.168.36.67 | op=REGISTER {datanodeDetails=e94d4415-dd42-482b-a9ab-d3c93cd7a0cf{ip: 192.168.36.67, host: pr-hdds-1569-fjd24-125839774, networkLocation: /default-rack, certSerialId: null}} | ret=SUCCESS |  
2019-09-04 10:15:55,058 [EventQueue-NodeRegistrationContainerReportForDataNodeSafeModeRule] INFO  safemode.SCMSafeModeManager (SCMSafeModeManager.java:validateSafeModeExitRules(177)) - ScmSafeModeManager, all rules are successfully validated
2019-09-04 10:15:55,058 [EventQueue-NodeRegistrationContainerReportForDataNodeSafeModeRule] INFO  safemode.SCMSafeModeManager (SCMSafeModeManager.java:exitSafeMode(193)) - SCM exiting safe mode.
2019-09-04 10:15:55,084 [grpc-default-executor-0] INFO  impl.RaftServerProxy (RaftServerProxy.java:addNew(89)) - e94d4415-dd42-482b-a9ab-d3c93cd7a0cf: addNew group-544A7F681637:[e94d4415-dd42-482b-a9ab-d3c93cd7a0cf:192.168.36.67:46723] returns group-544A7F681637:java.util.concurrent.CompletableFuture@67a8a0d8[Not completed]
2019-09-04 10:15:55,086 [pool-439-thread-1] INFO  impl.RaftServerImpl (RaftServerImpl.java:<init>(93)) - e94d4415-dd42-482b-a9ab-d3c93cd7a0cf: new RaftServerImpl for group-544A7F681637:[e94d4415-dd42-482b-a9ab-d3c93cd7a0cf:192.168.36.67:46723] with ContainerStateMachine:uninitialized
2019-09-04 10:15:55,086 [pool-439-thread-1] INFO  server.RaftServerConfigKeys (ConfUtils.java:logGet(43)) - raft.server.rpc.timeout.min = 5s (custom)
2019-09-04 10:15:55,087 [pool-439-thread-1] INFO  server.RaftServerConfigKeys (ConfUtils.java:logGet(43)) - raft.server.rpc.timeout.max = 5200ms (custom)
2019-09-04 10:15:55,087 [pool-439-thread-1] INFO  server.RaftServerConfigKeys (ConfUtils.java:logGet(43)) - raft.server.rpcslowness.timeout = 120s (custom)
2019-09-04 10:15:55,087 [pool-439-thread-1] INFO  server.RaftServerConfigKeys (ConfUtils.java:logGet(43)) - raft.server.sleep.deviation.threshold = 300 (default)
2019-09-04 10:15:55,087 [pool-439-thread-1] INFO  server.RaftServerConfigKeys (ConfUtils.java:logGet(43)) - raft.server.log.appender.install.snapshot.enabled = false (custom)
2019-09-04 10:15:55,087 [pool-439-thread-1] INFO  impl.RaftServerImpl (ServerState.java:<init>(105)) - e94d4415-dd42-482b-a9ab-d3c93cd7a0cf:group-544A7F681637 ConfigurationManager, init=-1: [e94d4415-dd42-482b-a9ab-d3c93cd7a0cf:192.168.36.67:46723], old=null, confs=<EMPTY_MAP>
2019-09-04 10:15:55,087 [pool-439-thread-1] INFO  server.RaftServerConfigKeys (ConfUtils.java:logGet(43)) - raft.server.storage.dir = [/workdir/hadoop-ozone/integration-test/target/test-dir/MiniOzoneClusterImpl-1126da7d-fe5a-4ddc-9a88-3eece028067c/datanode-0/data/ratis] (custom)
2019-09-04 10:15:55,088 [pool-439-thread-1] INFO  storage.RaftStorageDirectory (RaftStorageDirectory.java:analyzeStorage(246)) - The storage directory /workdir/hadoop-ozone/integration-test/target/test-dir/MiniOzoneClusterImpl-1126da7d-fe5a-4ddc-9a88-3eece028067c/datanode-0/data/ratis/9926f3f3-7b46-4471-a64f-544a7f681637 does not exist. Creating ...
2019-09-04 10:15:55,101 [pool-439-thread-1] INFO  storage.RaftStorageDirectory (RaftStorageDirectory.java:tryLock(328)) - Lock on /workdir/hadoop-ozone/integration-test/target/test-dir/MiniOzoneClusterImpl-1126da7d-fe5a-4ddc-9a88-3eece028067c/datanode-0/data/ratis/9926f3f3-7b46-4471-a64f-544a7f681637/in_use.lock acquired by nodename 21473@pr-hdds-1569-fjd24-125839774
2019-09-04 10:15:55,112 [pool-439-thread-1] INFO  storage.RaftStorage (RaftStorage.java:format(72)) - Storage directory /workdir/hadoop-ozone/integration-test/target/test-dir/MiniOzoneClusterImpl-1126da7d-fe5a-4ddc-9a88-3eece028067c/datanode-0/data/ratis/9926f3f3-7b46-4471-a64f-544a7f681637 has been successfully formatted.
2019-09-04 10:15:55,112 [pool-439-thread-1] INFO  ratis.ContainerStateMachine (ContainerStateMachine.java:loadSnapshot(226)) - group-544A7F681637: The snapshot info is null. Setting the last applied indexto:(t:0, i:~)
2019-09-04 10:15:55,112 [pool-439-thread-1] INFO  server.RaftServerConfigKeys (ConfUtils.java:logGet(43)) - raft.server.leader.election.timeout = 120s (custom)
2019-09-04 10:15:55,112 [pool-439-thread-1] INFO  server.RaftServerConfigKeys (ConfUtils.java:logGet(43)) - raft.server.log.use.memory = false (default)
2019-09-04 10:15:55,112 [pool-439-thread-1] INFO  server.RaftServerConfigKeys (ConfUtils.java:logGet(43)) - raft.server.log.purge.gap = 1000000 (custom)
2019-09-04 10:15:55,113 [pool-439-thread-1] INFO  server.RaftServerConfigKeys (ConfUtils.java:logGet(43)) - raft.server.log.appender.buffer.byte-limit = 33554432 (custom)
2019-09-04 10:15:55,113 [pool-439-thread-1] INFO  server.RaftServerConfigKeys (ConfUtils.java:logGet(43)) - raft.server.log.segment.size.max = 1048576 (custom)
2019-09-04 10:15:55,113 [pool-439-thread-1] INFO  server.RaftServerConfigKeys (ConfUtils.java:logGet(43)) - raft.server.log.segment.cache.num.max = 2 (custom)
2019-09-04 10:15:55,113 [pool-439-thread-1] INFO  segmented.SegmentedRaftLogWorker (SegmentedRaftLogWorker.java:<init>(172)) - new e94d4415-dd42-482b-a9ab-d3c93cd7a0cf-SegmentedRaftLogWorker:Storage Directory /workdir/hadoop-ozone/integration-test/target/test-dir/MiniOzoneClusterImpl-1126da7d-fe5a-4ddc-9a88-3eece028067c/datanode-0/data/ratis/9926f3f3-7b46-4471-a64f-544a7f681637 for RaftStorage:Storage Directory /workdir/hadoop-ozone/integration-test/target/test-dir/MiniOzoneClusterImpl-1126da7d-fe5a-4ddc-9a88-3eece028067c/datanode-0/data/ratis/9926f3f3-7b46-4471-a64f-544a7f681637
2019-09-04 10:15:55,113 [pool-439-thread-1] INFO  server.RaftServerConfigKeys (ConfUtils.java:logGet(43)) - raft.server.log.queue.byte-limit = 2147483647 (custom)
2019-09-04 10:15:55,113 [pool-439-thread-1] INFO  server.RaftServerConfigKeys (ConfUtils.java:logGet(43)) - raft.server.log.queue.element-limit = 1024 (custom)
2019-09-04 10:15:55,114 [pool-439-thread-1] INFO  server.RaftServerConfigKeys (ConfUtils.java:logGet(43)) - raft.server.log.segment.size.max = 1048576 (custom)
2019-09-04 10:15:55,114 [pool-439-thread-1] INFO  server.RaftServerConfigKeys (ConfUtils.java:logGet(43)) - raft.server.log.preallocated.size = 16384 (custom)
2019-09-04 10:15:55,114 [pool-439-thread-1] INFO  server.RaftServerConfigKeys (ConfUtils.java:logGet(43)) - raft.server.log.write.buffer.size = 33554432 (custom)
2019-09-04 10:15:55,114 [pool-439-thread-1] INFO  server.RaftServerConfigKeys (ConfUtils.java:logGet(43)) - raft.server.log.force.sync.num = 128 (default)
2019-09-04 10:15:55,114 [pool-439-thread-1] INFO  server.RaftServerConfigKeys (ConfUtils.java:logGet(43)) - raft.server.log.statemachine.data.sync = true (default)
2019-09-04 10:15:55,114 [pool-439-thread-1] INFO  server.RaftServerConfigKeys (ConfUtils.java:logGet(43)) - raft.server.log.statemachine.data.sync.timeout = 10s (default)
2019-09-04 10:15:55,115 [pool-439-thread-1] INFO  server.RaftServerConfigKeys (ConfUtils.java:logGet(43)) - raft.server.log.statemachine.data.sync.timeout.retry = -1 (default)
2019-09-04 10:15:55,115 [pool-439-thread-1] INFO  server.RaftServerConfigKeys (ConfUtils.java:logGet(43)) - raft.server.log.statemachine.data.caching.enabled = true (custom)
2019-09-04 10:15:55,115 [pool-439-thread-1] INFO  segmented.SegmentedRaftLogWorker (SegmentedRaftLogWorker.java:lambda$new$0(132)) - e94d4415-dd42-482b-a9ab-d3c93cd7a0cf-SegmentedRaftLogWorker:Storage Directory /workdir/hadoop-ozone/integration-test/target/test-dir/MiniOzoneClusterImpl-1126da7d-fe5a-4ddc-9a88-3eece028067c/datanode-0/data/ratis/9926f3f3-7b46-4471-a64f-544a7f681637: flushIndex: setUnconditionally 0 -> -1
2019-09-04 10:15:55,116 [pool-439-thread-1] INFO  server.RaftServerConfigKeys (ConfUtils.java:logGet(43)) - raft.server.snapshot.auto.trigger.enabled = true (custom)
2019-09-04 10:15:55,116 [pool-439-thread-1] INFO  server.RaftServerConfigKeys (ConfUtils.java:logGet(43)) - raft.server.snapshot.auto.trigger.threshold = 10000 (custom)
2019-09-04 10:15:55,116 [pool-439-thread-1] INFO  server.RaftServerConfigKeys (ConfUtils.java:logGet(43)) - raft.server.retrycache.expirytime = 600000ms (custom)
2019-09-04 10:15:55,116 [pool-439-thread-1] INFO  impl.RaftServerImpl (RaftServerImpl.java:start(180)) - e94d4415-dd42-482b-a9ab-d3c93cd7a0cf: start group-544A7F681637
2019-09-04 10:15:55,116 [pool-439-thread-1] INFO  impl.RaftServerImpl (RaftServerImpl.java:setRole(171)) - e94d4415-dd42-482b-a9ab-d3c93cd7a0cf:group-544A7F681637 changes role from null to FOLLOWER at term 0 for startAsFollower
2019-09-04 10:15:55,117 [pool-439-thread-1] INFO  impl.RoleInfo (RoleInfo.java:updateAndGet(143)) - e94d4415-dd42-482b-a9ab-d3c93cd7a0cf: start FollowerState
2019-09-04 10:15:55,118 [pool-439-thread-1] INFO  util.JmxRegister (JmxRegister.java:tryRegister(44)) - Successfully registered JMX Bean with object name Ratis:service=RaftServer,group=group-544A7F681637,id=e94d4415-dd42-482b-a9ab-d3c93cd7a0cf
2019-09-04 10:15:55,125 [RatisPipelineUtilsThread] INFO  pipeline.PipelineStateManager (PipelineStateManager.java:addPipeline(56)) - Created pipeline Pipeline[ Id: 9926f3f3-7b46-4471-a64f-544a7f681637, Nodes: e94d4415-dd42-482b-a9ab-d3c93cd7a0cf{ip: 192.168.36.67, host: pr-hdds-1569-fjd24-125839774, networkLocation: /default-rack, certSerialId: null}, Type:RATIS, Factor:ONE, State:OPEN]
2019-09-04 10:15:55,282 [IPC Server handler 2 on 33895] INFO  net.NetworkTopology (NetworkTopologyImpl.java:add(110)) - Added a new node: /default-rack/6f4be47b-46c8-42b4-aff3-8b1cb619a5c7
2019-09-04 10:15:55,282 [IPC Server handler 2 on 33895] INFO  node.SCMNodeManager (SCMNodeManager.java:register(273)) - Registered Data node : 6f4be47b-46c8-42b4-aff3-8b1cb619a5c7{ip: 192.168.36.67, host: pr-hdds-1569-fjd24-125839774, networkLocation: /default-rack, certSerialId: null}
2019-09-04 10:15:55,282 | INFO  | SCMAudit | user=jenkins1000 | ip=192.168.36.67 | op=REGISTER {datanodeDetails=6f4be47b-46c8-42b4-aff3-8b1cb619a5c7{ip: 192.168.36.67, host: pr-hdds-1569-fjd24-125839774, networkLocation: /default-rack, certSerialId: null}} | ret=SUCCESS |  
2019-09-04 10:15:55,292 [grpc-default-executor-0] INFO  impl.RaftServerProxy (RaftServerProxy.java:addNew(89)) - 6f4be47b-46c8-42b4-aff3-8b1cb619a5c7: addNew group-58493F6E6D9B:[6f4be47b-46c8-42b4-aff3-8b1cb619a5c7:192.168.36.67:44582] returns group-58493F6E6D9B:java.util.concurrent.CompletableFuture@1aadc87a[Not completed]
2019-09-04 10:15:55,294 [pool-450-thread-1] INFO  impl.RaftServerImpl (RaftServerImpl.java:<init>(93)) - 6f4be47b-46c8-42b4-aff3-8b1cb619a5c7: new RaftServerImpl for group-58493F6E6D9B:[6f4be47b-46c8-42b4-aff3-8b1cb619a5c7:192.168.36.67:44582] with ContainerStateMachine:uninitialized
2019-09-04 10:15:55,294 [pool-450-thread-1] INFO  server.RaftServerConfigKeys (ConfUtils.java:logGet(43)) - raft.server.rpc.timeout.min = 5s (custom)
2019-09-04 10:15:55,294 [pool-450-thread-1] INFO  server.RaftServerConfigKeys (ConfUtils.java:logGet(43)) - raft.server.rpc.timeout.max = 5200ms (custom)
2019-09-04 10:15:55,294 [pool-450-thread-1] INFO  server.RaftServerConfigKeys (ConfUtils.java:logGet(43)) - raft.server.rpcslowness.timeout = 120s (custom)
2019-09-04 10:15:55,294 [pool-450-thread-1] INFO  server.RaftServerConfigKeys (ConfUtils.java:logGet(43)) - raft.server.sleep.deviation.threshold = 300 (default)
2019-09-04 10:15:55,295 [pool-450-thread-1] INFO  server.RaftServerConfigKeys (ConfUtils.java:logGet(43)) - raft.server.log.appender.install.snapshot.enabled = false (custom)
2019-09-04 10:15:55,295 [pool-450-thread-1] INFO  impl.RaftServerImpl (ServerState.java:<init>(105)) - 6f4be47b-46c8-42b4-aff3-8b1cb619a5c7:group-58493F6E6D9B ConfigurationManager, init=-1: [6f4be47b-46c8-42b4-aff3-8b1cb619a5c7:192.168.36.67:44582], old=null, confs=<EMPTY_MAP>
2019-09-04 10:15:55,295 [pool-450-thread-1] INFO  server.RaftServerConfigKeys (ConfUtils.java:logGet(43)) - raft.server.storage.dir = [/workdir/hadoop-ozone/integration-test/target/test-dir/MiniOzoneClusterImpl-1126da7d-fe5a-4ddc-9a88-3eece028067c/datanode-1/data/ratis] (custom)
2019-09-04 10:15:55,295 [pool-450-thread-1] INFO  storage.RaftStorageDirectory (RaftStorageDirectory.java:analyzeStorage(246)) - The storage directory /workdir/hadoop-ozone/integration-test/target/test-dir/MiniOzoneClusterImpl-1126da7d-fe5a-4ddc-9a88-3eece028067c/datanode-1/data/ratis/fcf61d1a-e04f-419a-9f7f-58493f6e6d9b does not exist. Creating ...
2019-09-04 10:15:55,309 [pool-450-thread-1] INFO  storage.RaftStorageDirectory (RaftStorageDirectory.java:tryLock(328)) - Lock on /workdir/hadoop-ozone/integration-test/target/test-dir/MiniOzoneClusterImpl-1126da7d-fe5a-4ddc-9a88-3eece028067c/datanode-1/data/ratis/fcf61d1a-e04f-419a-9f7f-58493f6e6d9b/in_use.lock acquired by nodename 21473@pr-hdds-1569-fjd24-125839774
2019-09-04 10:15:55,312 [pool-450-thread-1] INFO  storage.RaftStorage (RaftStorage.java:format(72)) - Storage directory /workdir/hadoop-ozone/integration-test/target/test-dir/MiniOzoneClusterImpl-1126da7d-fe5a-4ddc-9a88-3eece028067c/datanode-1/data/ratis/fcf61d1a-e04f-419a-9f7f-58493f6e6d9b has been successfully formatted.
2019-09-04 10:15:55,312 [pool-450-thread-1] INFO  ratis.ContainerStateMachine (ContainerStateMachine.java:loadSnapshot(226)) - group-58493F6E6D9B: The snapshot info is null. Setting the last applied indexto:(t:0, i:~)
2019-09-04 10:15:55,312 [pool-450-thread-1] INFO  server.RaftServerConfigKeys (ConfUtils.java:logGet(43)) - raft.server.leader.election.timeout = 120s (custom)
2019-09-04 10:15:55,312 [pool-450-thread-1] INFO  server.RaftServerConfigKeys (ConfUtils.java:logGet(43)) - raft.server.log.use.memory = false (default)
2019-09-04 10:15:55,313 [pool-450-thread-1] INFO  server.RaftServerConfigKeys (ConfUtils.java:logGet(43)) - raft.server.log.purge.gap = 1000000 (custom)
2019-09-04 10:15:55,313 [pool-450-thread-1] INFO  server.RaftServerConfigKeys (ConfUtils.java:logGet(43)) - raft.server.log.appender.buffer.byte-limit = 33554432 (custom)
2019-09-04 10:15:55,313 [pool-450-thread-1] INFO  server.RaftServerConfigKeys (ConfUtils.java:logGet(43)) - raft.server.log.segment.size.max = 1048576 (custom)
2019-09-04 10:15:55,313 [pool-450-thread-1] INFO  server.RaftServerConfigKeys (ConfUtils.java:logGet(43)) - raft.server.log.segment.cache.num.max = 2 (custom)
2019-09-04 10:15:55,313 [pool-450-thread-1] INFO  segmented.SegmentedRaftLogWorker (SegmentedRaftLogWorker.java:<init>(172)) - new 6f4be47b-46c8-42b4-aff3-8b1cb619a5c7-SegmentedRaftLogWorker:Storage Directory /workdir/hadoop-ozone/integration-test/target/test-dir/MiniOzoneClusterImpl-1126da7d-fe5a-4ddc-9a88-3eece028067c/datanode-1/data/ratis/fcf61d1a-e04f-419a-9f7f-58493f6e6d9b for RaftStorage:Storage Directory /workdir/hadoop-ozone/integration-test/target/test-dir/MiniOzoneClusterImpl-1126da7d-fe5a-4ddc-9a88-3eece028067c/datanode-1/data/ratis/fcf61d1a-e04f-419a-9f7f-58493f6e6d9b
2019-09-04 10:15:55,314 [pool-450-thread-1] INFO  server.RaftServerConfigKeys (ConfUtils.java:logGet(43)) - raft.server.log.queue.byte-limit = 2147483647 (custom)
2019-09-04 10:15:55,314 [pool-450-thread-1] INFO  server.RaftServerConfigKeys (ConfUtils.java:logGet(43)) - raft.server.log.queue.element-limit = 1024 (custom)
2019-09-04 10:15:55,314 [pool-450-thread-1] INFO  server.RaftServerConfigKeys (ConfUtils.java:logGet(43)) - raft.server.log.segment.size.max = 1048576 (custom)
2019-09-04 10:15:55,314 [pool-450-thread-1] INFO  server.RaftServerConfigKeys (ConfUtils.java:logGet(43)) - raft.server.log.preallocated.size = 16384 (custom)
2019-09-04 10:15:55,314 [pool-450-thread-1] INFO  server.RaftServerConfigKeys (ConfUtils.java:logGet(43)) - raft.server.log.write.buffer.size = 33554432 (custom)
2019-09-04 10:15:55,315 [pool-450-thread-1] INFO  server.RaftServerConfigKeys (ConfUtils.java:logGet(43)) - raft.server.log.force.sync.num = 128 (default)
2019-09-04 10:15:55,315 [pool-450-thread-1] INFO  server.RaftServerConfigKeys (ConfUtils.java:logGet(43)) - raft.server.log.statemachine.data.sync = true (default)
2019-09-04 10:15:55,315 [pool-450-thread-1] INFO  server.RaftServerConfigKeys (ConfUtils.java:logGet(43)) - raft.server.log.statemachine.data.sync.timeout = 10s (default)
2019-09-04 10:15:55,315 [pool-450-thread-1] INFO  server.RaftServerConfigKeys (ConfUtils.java:logGet(43)) - raft.server.log.statemachine.data.sync.timeout.retry = -1 (default)
2019-09-04 10:15:55,315 [pool-450-thread-1] INFO  server.RaftServerConfigKeys (ConfUtils.java:logGet(43)) - raft.server.log.statemachine.data.caching.enabled = true (custom)
2019-09-04 10:15:55,316 [pool-450-thread-1] INFO  segmented.SegmentedRaftLogWorker (SegmentedRaftLogWorker.java:lambda$new$0(132)) - 6f4be47b-46c8-42b4-aff3-8b1cb619a5c7-SegmentedRaftLogWorker:Storage Directory /workdir/hadoop-ozone/integration-test/target/test-dir/MiniOzoneClusterImpl-1126da7d-fe5a-4ddc-9a88-3eece028067c/datanode-1/data/ratis/fcf61d1a-e04f-419a-9f7f-58493f6e6d9b: flushIndex: setUnconditionally 0 -> -1
2019-09-04 10:15:55,317 [pool-450-thread-1] INFO  server.RaftServerConfigKeys (ConfUtils.java:logGet(43)) - raft.server.snapshot.auto.trigger.enabled = true (custom)
2019-09-04 10:15:55,317 [pool-450-thread-1] INFO  server.RaftServerConfigKeys (ConfUtils.java:logGet(43)) - raft.server.snapshot.auto.trigger.threshold = 10000 (custom)
2019-09-04 10:15:55,317 [pool-450-thread-1] INFO  server.RaftServerConfigKeys (ConfUtils.java:logGet(43)) - raft.server.retrycache.expirytime = 600000ms (custom)
2019-09-04 10:15:55,317 [pool-450-thread-1] INFO  impl.RaftServerImpl (RaftServerImpl.java:start(180)) - 6f4be47b-46c8-42b4-aff3-8b1cb619a5c7: start group-58493F6E6D9B
2019-09-04 10:15:55,318 [pool-450-thread-1] INFO  impl.RaftServerImpl (RaftServerImpl.java:setRole(171)) - 6f4be47b-46c8-42b4-aff3-8b1cb619a5c7:group-58493F6E6D9B changes role from null to FOLLOWER at term 0 for startAsFollower
2019-09-04 10:15:55,318 [pool-450-thread-1] INFO  impl.RoleInfo (RoleInfo.java:updateAndGet(143)) - 6f4be47b-46c8-42b4-aff3-8b1cb619a5c7: start FollowerState
2019-09-04 10:15:55,318 [pool-450-thread-1] INFO  util.JmxRegister (JmxRegister.java:tryRegister(44)) - Successfully registered JMX Bean with object name Ratis:service=RaftServer,group=group-58493F6E6D9B,id=6f4be47b-46c8-42b4-aff3-8b1cb619a5c7
2019-09-04 10:15:55,324 [RatisPipelineUtilsThread] INFO  pipeline.PipelineStateManager (PipelineStateManager.java:addPipeline(56)) - Created pipeline Pipeline[ Id: fcf61d1a-e04f-419a-9f7f-58493f6e6d9b, Nodes: 6f4be47b-46c8-42b4-aff3-8b1cb619a5c7{ip: 192.168.36.67, host: pr-hdds-1569-fjd24-125839774, networkLocation: /default-rack, certSerialId: null}, Type:RATIS, Factor:ONE, State:OPEN]
2019-09-04 10:15:55,640 [main] INFO  ozone.MiniOzoneClusterImpl (MiniOzoneClusterImpl.java:lambda$waitForClusterToBeReady$0(142)) - Waiting for cluster to be ready. Got 2 of 7 DN Heartbeats.
2019-09-04 10:15:55,771 [IPC Server handler 4 on 33895] INFO  net.NetworkTopology (NetworkTopologyImpl.java:add(110)) - Added a new node: /default-rack/d4d82638-7d1a-4b3a-9d0e-2237e706c4db
2019-09-04 10:15:55,772 [IPC Server handler 4 on 33895] INFO  node.SCMNodeManager (SCMNodeManager.java:register(273)) - Registered Data node : d4d82638-7d1a-4b3a-9d0e-2237e706c4db{ip: 192.168.36.67, host: pr-hdds-1569-fjd24-125839774, networkLocation: /default-rack, certSerialId: null}
2019-09-04 10:15:55,772 | INFO  | SCMAudit | user=jenkins1000 | ip=192.168.36.67 | op=REGISTER {datanodeDetails=d4d82638-7d1a-4b3a-9d0e-2237e706c4db{ip: 192.168.36.67, host: pr-hdds-1569-fjd24-125839774, networkLocation: /default-rack, certSerialId: null}} | ret=SUCCESS |  
2019-09-04 10:15:55,781 [grpc-default-executor-0] INFO  impl.RaftServerProxy (RaftServerProxy.java:addNew(89)) - d4d82638-7d1a-4b3a-9d0e-2237e706c4db: addNew group-56E50DF59354:[d4d82638-7d1a-4b3a-9d0e-2237e706c4db:192.168.36.67:39803] returns group-56E50DF59354:java.util.concurrent.CompletableFuture@58cd9948[Not completed]
2019-09-04 10:15:55,783 [pool-461-thread-1] INFO  impl.RaftServerImpl (RaftServerImpl.java:<init>(93)) - d4d82638-7d1a-4b3a-9d0e-2237e706c4db: new RaftServerImpl for group-56E50DF59354:[d4d82638-7d1a-4b3a-9d0e-2237e706c4db:192.168.36.67:39803] with ContainerStateMachine:uninitialized
2019-09-04 10:15:55,783 [pool-461-thread-1] INFO  server.RaftServerConfigKeys (ConfUtils.java:logGet(43)) - raft.server.rpc.timeout.min = 5s (custom)
2019-09-04 10:15:55,783 [pool-461-thread-1] INFO  server.RaftServerConfigKeys (ConfUtils.java:logGet(43)) - raft.server.rpc.timeout.max = 5200ms (custom)
2019-09-04 10:15:55,783 [pool-461-thread-1] INFO  server.RaftServerConfigKeys (ConfUtils.java:logGet(43)) - raft.server.rpcslowness.timeout = 120s (custom)
2019-09-04 10:15:55,783 [pool-461-thread-1] INFO  server.RaftServerConfigKeys (ConfUtils.java:logGet(43)) - raft.server.sleep.deviation.threshold = 300 (default)
2019-09-04 10:15:55,783 [pool-461-thread-1] INFO  server.RaftServerConfigKeys (ConfUtils.java:logGet(43)) - raft.server.log.appender.install.snapshot.enabled = false (custom)
2019-09-04 10:15:55,783 [pool-461-thread-1] INFO  impl.RaftServerImpl (ServerState.java:<init>(105)) - d4d82638-7d1a-4b3a-9d0e-2237e706c4db:group-56E50DF59354 ConfigurationManager, init=-1: [d4d82638-7d1a-4b3a-9d0e-2237e706c4db:192.168.36.67:39803], old=null, confs=<EMPTY_MAP>
2019-09-04 10:15:55,784 [pool-461-thread-1] INFO  server.RaftServerConfigKeys (ConfUtils.java:logGet(43)) - raft.server.storage.dir = [/workdir/hadoop-ozone/integration-test/target/test-dir/MiniOzoneClusterImpl-1126da7d-fe5a-4ddc-9a88-3eece028067c/datanode-2/data/ratis] (custom)
2019-09-04 10:15:55,784 [pool-461-thread-1] INFO  storage.RaftStorageDirectory (RaftStorageDirectory.java:analyzeStorage(246)) - The storage directory /workdir/hadoop-ozone/integration-test/target/test-dir/MiniOzoneClusterImpl-1126da7d-fe5a-4ddc-9a88-3eece028067c/datanode-2/data/ratis/39dbea6b-fb44-43a2-ad4e-56e50df59354 does not exist. Creating ...
2019-09-04 10:15:55,796 [pool-461-thread-1] INFO  storage.RaftStorageDirectory (RaftStorageDirectory.java:tryLock(328)) - Lock on /workdir/hadoop-ozone/integration-test/target/test-dir/MiniOzoneClusterImpl-1126da7d-fe5a-4ddc-9a88-3eece028067c/datanode-2/data/ratis/39dbea6b-fb44-43a2-ad4e-56e50df59354/in_use.lock acquired by nodename 21473@pr-hdds-1569-fjd24-125839774
2019-09-04 10:15:55,807 [pool-461-thread-1] INFO  storage.RaftStorage (RaftStorage.java:format(72)) - Storage directory /workdir/hadoop-ozone/integration-test/target/test-dir/MiniOzoneClusterImpl-1126da7d-fe5a-4ddc-9a88-3eece028067c/datanode-2/data/ratis/39dbea6b-fb44-43a2-ad4e-56e50df59354 has been successfully formatted.
2019-09-04 10:15:55,807 [pool-461-thread-1] INFO  ratis.ContainerStateMachine (ContainerStateMachine.java:loadSnapshot(226)) - group-56E50DF59354: The snapshot info is null. Setting the last applied indexto:(t:0, i:~)
2019-09-04 10:15:55,807 [pool-461-thread-1] INFO  server.RaftServerConfigKeys (ConfUtils.java:logGet(43)) - raft.server.leader.election.timeout = 120s (custom)
2019-09-04 10:15:55,807 [pool-461-thread-1] INFO  server.RaftServerConfigKeys (ConfUtils.java:logGet(43)) - raft.server.log.use.memory = false (default)
2019-09-04 10:15:55,807 [pool-461-thread-1] INFO  server.RaftServerConfigKeys (ConfUtils.java:logGet(43)) - raft.server.log.purge.gap = 1000000 (custom)
2019-09-04 10:15:55,807 [pool-461-thread-1] INFO  server.RaftServerConfigKeys (ConfUtils.java:logGet(43)) - raft.server.log.appender.buffer.byte-limit = 33554432 (custom)
2019-09-04 10:15:55,807 [pool-461-thread-1] INFO  server.RaftServerConfigKeys (ConfUtils.java:logGet(43)) - raft.server.log.segment.size.max = 1048576 (custom)
2019-09-04 10:15:55,808 [pool-461-thread-1] INFO  server.RaftServerConfigKeys (ConfUtils.java:logGet(43)) - raft.server.log.segment.cache.num.max = 2 (custom)
2019-09-04 10:15:55,808 [pool-461-thread-1] INFO  segmented.SegmentedRaftLogWorker (SegmentedRaftLogWorker.java:<init>(172)) - new d4d82638-7d1a-4b3a-9d0e-2237e706c4db-SegmentedRaftLogWorker:Storage Directory /workdir/hadoop-ozone/integration-test/target/test-dir/MiniOzoneClusterImpl-1126da7d-fe5a-4ddc-9a88-3eece028067c/datanode-2/data/ratis/39dbea6b-fb44-43a2-ad4e-56e50df59354 for RaftStorage:Storage Directory /workdir/hadoop-ozone/integration-test/target/test-dir/MiniOzoneClusterImpl-1126da7d-fe5a-4ddc-9a88-3eece028067c/datanode-2/data/ratis/39dbea6b-fb44-43a2-ad4e-56e50df59354
2019-09-04 10:15:55,808 [pool-461-thread-1] INFO  server.RaftServerConfigKeys (ConfUtils.java:logGet(43)) - raft.server.log.queue.byte-limit = 2147483647 (custom)
2019-09-04 10:15:55,808 [pool-461-thread-1] INFO  server.RaftServerConfigKeys (ConfUtils.java:logGet(43)) - raft.server.log.queue.element-limit = 1024 (custom)
2019-09-04 10:15:55,808 [pool-461-thread-1] INFO  server.RaftServerConfigKeys (ConfUtils.java:logGet(43)) - raft.server.log.segment.size.max = 1048576 (custom)
2019-09-04 10:15:55,808 [pool-461-thread-1] INFO  server.RaftServerConfigKeys (ConfUtils.java:logGet(43)) - raft.server.log.preallocated.size = 16384 (custom)
2019-09-04 10:15:55,808 [pool-461-thread-1] INFO  server.RaftServerConfigKeys (ConfUtils.java:logGet(43)) - raft.server.log.write.buffer.size = 33554432 (custom)
2019-09-04 10:15:55,808 [pool-461-thread-1] INFO  server.RaftServerConfigKeys (ConfUtils.java:logGet(43)) - raft.server.log.force.sync.num = 128 (default)
2019-09-04 10:15:55,809 [pool-461-thread-1] INFO  server.RaftServerConfigKeys (ConfUtils.java:logGet(43)) - raft.server.log.statemachine.data.sync = true (default)
2019-09-04 10:15:55,809 [pool-461-thread-1] INFO  server.RaftServerConfigKeys (ConfUtils.java:logGet(43)) - raft.server.log.statemachine.data.sync.timeout = 10s (default)
2019-09-04 10:15:55,809 [pool-461-thread-1] INFO  server.RaftServerConfigKeys (ConfUtils.java:logGet(43)) - raft.server.log.statemachine.data.sync.timeout.retry = -1 (default)
2019-09-04 10:15:55,809 [pool-461-thread-1] INFO  server.RaftServerConfigKeys (ConfUtils.java:logGet(43)) - raft.server.log.statemachine.data.caching.enabled = true (custom)
2019-09-04 10:15:55,809 [pool-461-thread-1] INFO  segmented.SegmentedRaftLogWorker (SegmentedRaftLogWorker.java:lambda$new$0(132)) - d4d82638-7d1a-4b3a-9d0e-2237e706c4db-SegmentedRaftLogWorker:Storage Directory /workdir/hadoop-ozone/integration-test/target/test-dir/MiniOzoneClusterImpl-1126da7d-fe5a-4ddc-9a88-3eece028067c/datanode-2/data/ratis/39dbea6b-fb44-43a2-ad4e-56e50df59354: flushIndex: setUnconditionally 0 -> -1
2019-09-04 10:15:55,809 [pool-461-thread-1] INFO  server.RaftServerConfigKeys (ConfUtils.java:logGet(43)) - raft.server.snapshot.auto.trigger.enabled = true (custom)
2019-09-04 10:15:55,810 [pool-461-thread-1] INFO  server.RaftServerConfigKeys (ConfUtils.java:logGet(43)) - raft.server.snapshot.auto.trigger.threshold = 10000 (custom)
2019-09-04 10:15:55,810 [pool-461-thread-1] INFO  server.RaftServerConfigKeys (ConfUtils.java:logGet(43)) - raft.server.retrycache.expirytime = 600000ms (custom)
2019-09-04 10:15:55,810 [pool-461-thread-1] INFO  impl.RaftServerImpl (RaftServerImpl.java:start(180)) - d4d82638-7d1a-4b3a-9d0e-2237e706c4db: start group-56E50DF59354
2019-09-04 10:15:55,810 [pool-461-thread-1] INFO  impl.RaftServerImpl (RaftServerImpl.java:setRole(171)) - d4d82638-7d1a-4b3a-9d0e-2237e706c4db:group-56E50DF59354 changes role from null to FOLLOWER at term 0 for startAsFollower
2019-09-04 10:15:55,810 [pool-461-thread-1] INFO  impl.RoleInfo (RoleInfo.java:updateAndGet(143)) - d4d82638-7d1a-4b3a-9d0e-2237e706c4db: start FollowerState
2019-09-04 10:15:55,810 [pool-461-thread-1] INFO  util.JmxRegister (JmxRegister.java:tryRegister(44)) - Successfully registered JMX Bean with object name Ratis:service=RaftServer,group=group-56E50DF59354,id=d4d82638-7d1a-4b3a-9d0e-2237e706c4db
2019-09-04 10:15:55,815 [RatisPipelineUtilsThread] INFO  pipeline.PipelineStateManager (PipelineStateManager.java:addPipeline(56)) - Created pipeline Pipeline[ Id: 39dbea6b-fb44-43a2-ad4e-56e50df59354, Nodes: d4d82638-7d1a-4b3a-9d0e-2237e706c4db{ip: 192.168.36.67, host: pr-hdds-1569-fjd24-125839774, networkLocation: /default-rack, certSerialId: null}, Type:RATIS, Factor:ONE, State:OPEN]
2019-09-04 10:15:55,827 [grpc-default-executor-1] INFO  impl.RaftServerProxy (RaftServerProxy.java:addNew(89)) - e94d4415-dd42-482b-a9ab-d3c93cd7a0cf: addNew group-DA02C29FC776:[d4d82638-7d1a-4b3a-9d0e-2237e706c4db:192.168.36.67:39803, e94d4415-dd42-482b-a9ab-d3c93cd7a0cf:192.168.36.67:46723, 6f4be47b-46c8-42b4-aff3-8b1cb619a5c7:192.168.36.67:44582] returns group-DA02C29FC776:java.util.concurrent.CompletableFuture@205286e4[Not completed]
2019-09-04 10:15:55,828 [grpc-default-executor-7] INFO  impl.RaftServerProxy (RaftServerProxy.java:addNew(89)) - d4d82638-7d1a-4b3a-9d0e-2237e706c4db: addNew group-DA02C29FC776:[d4d82638-7d1a-4b3a-9d0e-2237e706c4db:192.168.36.67:39803, e94d4415-dd42-482b-a9ab-d3c93cd7a0cf:192.168.36.67:46723, 6f4be47b-46c8-42b4-aff3-8b1cb619a5c7:192.168.36.67:44582] returns group-DA02C29FC776:java.util.concurrent.CompletableFuture@72d43e99[Not completed]
2019-09-04 10:15:55,828 [grpc-default-executor-1] INFO  impl.RaftServerProxy (RaftServerProxy.java:addNew(89)) - 6f4be47b-46c8-42b4-aff3-8b1cb619a5c7: addNew group-DA02C29FC776:[d4d82638-7d1a-4b3a-9d0e-2237e706c4db:192.168.36.67:39803, e94d4415-dd42-482b-a9ab-d3c93cd7a0cf:192.168.36.67:46723, 6f4be47b-46c8-42b4-aff3-8b1cb619a5c7:192.168.36.67:44582] returns group-DA02C29FC776:java.util.concurrent.CompletableFuture@309d039a[Not completed]
2019-09-04 10:15:55,829 [pool-439-thread-1] INFO  impl.RaftServerImpl (RaftServerImpl.java:<init>(93)) - e94d4415-dd42-482b-a9ab-d3c93cd7a0cf: new RaftServerImpl for group-DA02C29FC776:[d4d82638-7d1a-4b3a-9d0e-2237e706c4db:192.168.36.67:39803, e94d4415-dd42-482b-a9ab-d3c93cd7a0cf:192.168.36.67:46723, 6f4be47b-46c8-42b4-aff3-8b1cb619a5c7:192.168.36.67:44582] with ContainerStateMachine:uninitialized
2019-09-04 10:15:55,829 [pool-439-thread-1] INFO  server.RaftServerConfigKeys (ConfUtils.java:logGet(43)) - raft.server.rpc.timeout.min = 5s (custom)
2019-09-04 10:15:55,830 [pool-439-thread-1] INFO  server.RaftServerConfigKeys (ConfUtils.java:logGet(43)) - raft.server.rpc.timeout.max = 5200ms (custom)
2019-09-04 10:15:55,830 [pool-439-thread-1] INFO  server.RaftServerConfigKeys (ConfUtils.java:logGet(43)) - raft.server.rpcslowness.timeout = 120s (custom)
2019-09-04 10:15:55,830 [pool-439-thread-1] INFO  server.RaftServerConfigKeys (ConfUtils.java:logGet(43)) - raft.server.sleep.deviation.threshold = 300 (default)
2019-09-04 10:15:55,830 [pool-450-thread-1] INFO  impl.RaftServerImpl (RaftServerImpl.java:<init>(93)) - 6f4be47b-46c8-42b4-aff3-8b1cb619a5c7: new RaftServerImpl for group-DA02C29FC776:[d4d82638-7d1a-4b3a-9d0e-2237e706c4db:192.168.36.67:39803, e94d4415-dd42-482b-a9ab-d3c93cd7a0cf:192.168.36.67:46723, 6f4be47b-46c8-42b4-aff3-8b1cb619a5c7:192.168.36.67:44582] with ContainerStateMachine:uninitialized
2019-09-04 10:15:55,830 [pool-439-thread-1] INFO  server.RaftServerConfigKeys (ConfUtils.java:logGet(43)) - raft.server.log.appender.install.snapshot.enabled = false (custom)
2019-09-04 10:15:55,830 [pool-450-thread-1] INFO  server.RaftServerConfigKeys (ConfUtils.java:logGet(43)) - raft.server.rpc.timeout.min = 5s (custom)
2019-09-04 10:15:55,830 [pool-439-thread-1] INFO  impl.RaftServerImpl (ServerState.java:<init>(105)) - e94d4415-dd42-482b-a9ab-d3c93cd7a0cf:group-DA02C29FC776 ConfigurationManager, init=-1: [d4d82638-7d1a-4b3a-9d0e-2237e706c4db:192.168.36.67:39803, e94d4415-dd42-482b-a9ab-d3c93cd7a0cf:192.168.36.67:46723, 6f4be47b-46c8-42b4-aff3-8b1cb619a5c7:192.168.36.67:44582], old=null, confs=<EMPTY_MAP>
2019-09-04 10:15:55,831 [pool-450-thread-1] INFO  server.RaftServerConfigKeys (ConfUtils.java:logGet(43)) - raft.server.rpc.timeout.max = 5200ms (custom)
2019-09-04 10:15:55,831 [pool-439-thread-1] INFO  server.RaftServerConfigKeys (ConfUtils.java:logGet(43)) - raft.server.storage.dir = [/workdir/hadoop-ozone/integration-test/target/test-dir/MiniOzoneClusterImpl-1126da7d-fe5a-4ddc-9a88-3eece028067c/datanode-0/data/ratis] (custom)
2019-09-04 10:15:55,831 [pool-461-thread-1] INFO  impl.RaftServerImpl (RaftServerImpl.java:<init>(93)) - d4d82638-7d1a-4b3a-9d0e-2237e706c4db: new RaftServerImpl for group-DA02C29FC776:[d4d82638-7d1a-4b3a-9d0e-2237e706c4db:192.168.36.67:39803, e94d4415-dd42-482b-a9ab-d3c93cd7a0cf:192.168.36.67:46723, 6f4be47b-46c8-42b4-aff3-8b1cb619a5c7:192.168.36.67:44582] with ContainerStateMachine:uninitialized
2019-09-04 10:15:55,831 [pool-450-thread-1] INFO  server.RaftServerConfigKeys (ConfUtils.java:logGet(43)) - raft.server.rpcslowness.timeout = 120s (custom)
2019-09-04 10:15:55,831 [pool-461-thread-1] INFO  server.RaftServerConfigKeys (ConfUtils.java:logGet(43)) - raft.server.rpc.timeout.min = 5s (custom)
2019-09-04 10:15:55,831 [pool-439-thread-1] INFO  storage.RaftStorageDirectory (RaftStorageDirectory.java:analyzeStorage(246)) - The storage directory /workdir/hadoop-ozone/integration-test/target/test-dir/MiniOzoneClusterImpl-1126da7d-fe5a-4ddc-9a88-3eece028067c/datanode-0/data/ratis/44c2ad98-1495-47c4-b686-da02c29fc776 does not exist. Creating ...
2019-09-04 10:15:55,831 [pool-450-thread-1] INFO  server.RaftServerConfigKeys (ConfUtils.java:logGet(43)) - raft.server.sleep.deviation.threshold = 300 (default)
2019-09-04 10:15:55,831 [pool-461-thread-1] INFO  server.RaftServerConfigKeys (ConfUtils.java:logGet(43)) - raft.server.rpc.timeout.max = 5200ms (custom)
2019-09-04 10:15:55,832 [pool-450-thread-1] INFO  server.RaftServerConfigKeys (ConfUtils.java:logGet(43)) - raft.server.log.appender.install.snapshot.enabled = false (custom)
2019-09-04 10:15:55,832 [pool-461-thread-1] INFO  server.RaftServerConfigKeys (ConfUtils.java:logGet(43)) - raft.server.rpcslowness.timeout = 120s (custom)
2019-09-04 10:15:55,832 [pool-450-thread-1] INFO  impl.RaftServerImpl (ServerState.java:<init>(105)) - 6f4be47b-46c8-42b4-aff3-8b1cb619a5c7:group-DA02C29FC776 ConfigurationManager, init=-1: [d4d82638-7d1a-4b3a-9d0e-2237e706c4db:192.168.36.67:39803, e94d4415-dd42-482b-a9ab-d3c93cd7a0cf:192.168.36.67:46723, 6f4be47b-46c8-42b4-aff3-8b1cb619a5c7:192.168.36.67:44582], old=null, confs=<EMPTY_MAP>
2019-09-04 10:15:55,832 [pool-461-thread-1] INFO  server.RaftServerConfigKeys (ConfUtils.java:logGet(43)) - raft.server.sleep.deviation.threshold = 300 (default)
2019-09-04 10:15:55,832 [pool-450-thread-1] INFO  server.RaftServerConfigKeys (ConfUtils.java:logGet(43)) - raft.server.storage.dir = [/workdir/hadoop-ozone/integration-test/target/test-dir/MiniOzoneClusterImpl-1126da7d-fe5a-4ddc-9a88-3eece028067c/datanode-1/data/ratis] (custom)
2019-09-04 10:15:55,832 [pool-461-thread-1] INFO  server.RaftServerConfigKeys (ConfUtils.java:logGet(43)) - raft.server.log.appender.install.snapshot.enabled = false (custom)
2019-09-04 10:15:55,833 [pool-461-thread-1] INFO  impl.RaftServerImpl (ServerState.java:<init>(105)) - d4d82638-7d1a-4b3a-9d0e-2237e706c4db:group-DA02C29FC776 ConfigurationManager, init=-1: [d4d82638-7d1a-4b3a-9d0e-2237e706c4db:192.168.36.67:39803, e94d4415-dd42-482b-a9ab-d3c93cd7a0cf:192.168.36.67:46723, 6f4be47b-46c8-42b4-aff3-8b1cb619a5c7:192.168.36.67:44582], old=null, confs=<EMPTY_MAP>
2019-09-04 10:15:55,833 [pool-450-thread-1] INFO  storage.RaftStorageDirectory (RaftStorageDirectory.java:analyzeStorage(246)) - The storage directory /workdir/hadoop-ozone/integration-test/target/test-dir/MiniOzoneClusterImpl-1126da7d-fe5a-4ddc-9a88-3eece028067c/datanode-1/data/ratis/44c2ad98-1495-47c4-b686-da02c29fc776 does not exist. Creating ...
2019-09-04 10:15:55,833 [pool-461-thread-1] INFO  server.RaftServerConfigKeys (ConfUtils.java:logGet(43)) - raft.server.storage.dir = [/workdir/hadoop-ozone/integration-test/target/test-dir/MiniOzoneClusterImpl-1126da7d-fe5a-4ddc-9a88-3eece028067c/datanode-2/data/ratis] (custom)
2019-09-04 10:15:55,833 [pool-461-thread-1] INFO  storage.RaftStorageDirectory (RaftStorageDirectory.java:analyzeStorage(246)) - The storage directory /workdir/hadoop-ozone/integration-test/target/test-dir/MiniOzoneClusterImpl-1126da7d-fe5a-4ddc-9a88-3eece028067c/datanode-2/data/ratis/44c2ad98-1495-47c4-b686-da02c29fc776 does not exist. Creating ...
2019-09-04 10:15:55,835 [pool-450-thread-1] INFO  storage.RaftStorageDirectory (RaftStorageDirectory.java:tryLock(328)) - Lock on /workdir/hadoop-ozone/integration-test/target/test-dir/MiniOzoneClusterImpl-1126da7d-fe5a-4ddc-9a88-3eece028067c/datanode-1/data/ratis/44c2ad98-1495-47c4-b686-da02c29fc776/in_use.lock acquired by nodename 21473@pr-hdds-1569-fjd24-125839774
2019-09-04 10:15:55,835 [pool-439-thread-1] INFO  storage.RaftStorageDirectory (RaftStorageDirectory.java:tryLock(328)) - Lock on /workdir/hadoop-ozone/integration-test/target/test-dir/MiniOzoneClusterImpl-1126da7d-fe5a-4ddc-9a88-3eece028067c/datanode-0/data/ratis/44c2ad98-1495-47c4-b686-da02c29fc776/in_use.lock acquired by nodename 21473@pr-hdds-1569-fjd24-125839774
2019-09-04 10:15:55,838 [pool-461-thread-1] INFO  storage.RaftStorageDirectory (RaftStorageDirectory.java:tryLock(328)) - Lock on /workdir/hadoop-ozone/integration-test/target/test-dir/MiniOzoneClusterImpl-1126da7d-fe5a-4ddc-9a88-3eece028067c/datanode-2/data/ratis/44c2ad98-1495-47c4-b686-da02c29fc776/in_use.lock acquired by nodename 21473@pr-hdds-1569-fjd24-125839774
2019-09-04 10:15:55,840 [pool-450-thread-1] INFO  storage.RaftStorage (RaftStorage.java:format(72)) - Storage directory /workdir/hadoop-ozone/integration-test/target/test-dir/MiniOzoneClusterImpl-1126da7d-fe5a-4ddc-9a88-3eece028067c/datanode-1/data/ratis/44c2ad98-1495-47c4-b686-da02c29fc776 has been successfully formatted.
2019-09-04 10:15:55,840 [pool-439-thread-1] INFO  storage.RaftStorage (RaftStorage.java:format(72)) - Storage directory /workdir/hadoop-ozone/integration-test/target/test-dir/MiniOzoneClusterImpl-1126da7d-fe5a-4ddc-9a88-3eece028067c/datanode-0/data/ratis/44c2ad98-1495-47c4-b686-da02c29fc776 has been successfully formatted.
2019-09-04 10:15:55,841 [pool-450-thread-1] INFO  ratis.ContainerStateMachine (ContainerStateMachine.java:loadSnapshot(226)) - group-DA02C29FC776: The snapshot info is null. Setting the last applied indexto:(t:0, i:~)
2019-09-04 10:15:55,841 [pool-439-thread-1] INFO  ratis.ContainerStateMachine (ContainerStateMachine.java:loadSnapshot(226)) - group-DA02C29FC776: The snapshot info is null. Setting the last applied indexto:(t:0, i:~)
2019-09-04 10:15:55,841 [pool-450-thread-1] INFO  server.RaftServerConfigKeys (ConfUtils.java:logGet(43)) - raft.server.leader.election.timeout = 120s (custom)
2019-09-04 10:15:55,841 [pool-439-thread-1] INFO  server.RaftServerConfigKeys (ConfUtils.java:logGet(43)) - raft.server.leader.election.timeout = 120s (custom)
2019-09-04 10:15:55,841 [pool-450-thread-1] INFO  server.RaftServerConfigKeys (ConfUtils.java:logGet(43)) - raft.server.log.use.memory = false (default)
2019-09-04 10:15:55,841 [pool-439-thread-1] INFO  server.RaftServerConfigKeys (ConfUtils.java:logGet(43)) - raft.server.log.use.memory = false (default)
2019-09-04 10:15:55,841 [pool-450-thread-1] INFO  server.RaftServerConfigKeys (ConfUtils.java:logGet(43)) - raft.server.log.purge.gap = 1000000 (custom)
2019-09-04 10:15:55,842 [pool-439-thread-1] INFO  server.RaftServerConfigKeys (ConfUtils.java:logGet(43)) - raft.server.log.purge.gap = 1000000 (custom)
2019-09-04 10:15:55,842 [pool-450-thread-1] INFO  server.RaftServerConfigKeys (ConfUtils.java:logGet(43)) - raft.server.log.appender.buffer.byte-limit = 33554432 (custom)
2019-09-04 10:15:55,842 [pool-439-thread-1] INFO  server.RaftServerConfigKeys (ConfUtils.java:logGet(43)) - raft.server.log.appender.buffer.byte-limit = 33554432 (custom)
2019-09-04 10:15:55,842 [pool-450-thread-1] INFO  server.RaftServerConfigKeys (ConfUtils.java:logGet(43)) - raft.server.log.segment.size.max = 1048576 (custom)
2019-09-04 10:15:55,842 [pool-439-thread-1] INFO  server.RaftServerConfigKeys (ConfUtils.java:logGet(43)) - raft.server.log.segment.size.max = 1048576 (custom)
2019-09-04 10:15:55,842 [pool-461-thread-1] INFO  storage.RaftStorage (RaftStorage.java:format(72)) - Storage directory /workdir/hadoop-ozone/integration-test/target/test-dir/MiniOzoneClusterImpl-1126da7d-fe5a-4ddc-9a88-3eece028067c/datanode-2/data/ratis/44c2ad98-1495-47c4-b686-da02c29fc776 has been successfully formatted.
2019-09-04 10:15:55,842 [pool-450-thread-1] INFO  server.RaftServerConfigKeys (ConfUtils.java:logGet(43)) - raft.server.log.segment.cache.num.max = 2 (custom)
2019-09-04 10:15:55,843 [pool-461-thread-1] INFO  ratis.ContainerStateMachine (ContainerStateMachine.java:loadSnapshot(226)) - group-DA02C29FC776: The snapshot info is null. Setting the last applied indexto:(t:0, i:~)
2019-09-04 10:15:55,842 [pool-439-thread-1] INFO  server.RaftServerConfigKeys (ConfUtils.java:logGet(43)) - raft.server.log.segment.cache.num.max = 2 (custom)
2019-09-04 10:15:55,843 [pool-461-thread-1] INFO  server.RaftServerConfigKeys (ConfUtils.java:logGet(43)) - raft.server.leader.election.timeout = 120s (custom)
2019-09-04 10:15:55,843 [pool-450-thread-1] INFO  segmented.SegmentedRaftLogWorker (SegmentedRaftLogWorker.java:<init>(172)) - new 6f4be47b-46c8-42b4-aff3-8b1cb619a5c7-SegmentedRaftLogWorker:Storage Directory /workdir/hadoop-ozone/integration-test/target/test-dir/MiniOzoneClusterImpl-1126da7d-fe5a-4ddc-9a88-3eece028067c/datanode-1/data/ratis/44c2ad98-1495-47c4-b686-da02c29fc776 for RaftStorage:Storage Directory /workdir/hadoop-ozone/integration-test/target/test-dir/MiniOzoneClusterImpl-1126da7d-fe5a-4ddc-9a88-3eece028067c/datanode-1/data/ratis/44c2ad98-1495-47c4-b686-da02c29fc776
2019-09-04 10:15:55,843 [pool-461-thread-1] INFO  server.RaftServerConfigKeys (ConfUtils.java:logGet(43)) - raft.server.log.use.memory = false (default)
2019-09-04 10:15:55,843 [pool-439-thread-1] INFO  segmented.SegmentedRaftLogWorker (SegmentedRaftLogWorker.java:<init>(172)) - new e94d4415-dd42-482b-a9ab-d3c93cd7a0cf-SegmentedRaftLogWorker:Storage Directory /workdir/hadoop-ozone/integration-test/target/test-dir/MiniOzoneClusterImpl-1126da7d-fe5a-4ddc-9a88-3eece028067c/datanode-0/data/ratis/44c2ad98-1495-47c4-b686-da02c29fc776 for RaftStorage:Storage Directory /workdir/hadoop-ozone/integration-test/target/test-dir/MiniOzoneClusterImpl-1126da7d-fe5a-4ddc-9a88-3eece028067c/datanode-0/data/ratis/44c2ad98-1495-47c4-b686-da02c29fc776
2019-09-04 10:15:55,843 [pool-461-thread-1] INFO  server.RaftServerConfigKeys (ConfUtils.java:logGet(43)) - raft.server.log.purge.gap = 1000000 (custom)
2019-09-04 10:15:55,843 [pool-450-thread-1] INFO  server.RaftServerConfigKeys (ConfUtils.java:logGet(43)) - raft.server.log.queue.byte-limit = 2147483647 (custom)
2019-09-04 10:15:55,844 [pool-461-thread-1] INFO  server.RaftServerConfigKeys (ConfUtils.java:logGet(43)) - raft.server.log.appender.buffer.byte-limit = 33554432 (custom)
2019-09-04 10:15:55,844 [pool-439-thread-1] INFO  server.RaftServerConfigKeys (ConfUtils.java:logGet(43)) - raft.server.log.queue.byte-limit = 2147483647 (custom)
2019-09-04 10:15:55,844 [pool-461-thread-1] INFO  server.RaftServerConfigKeys (ConfUtils.java:logGet(43)) - raft.server.log.segment.size.max = 1048576 (custom)
2019-09-04 10:15:55,844 [pool-450-thread-1] INFO  server.RaftServerConfigKeys (ConfUtils.java:logGet(43)) - raft.server.log.queue.element-limit = 1024 (custom)
2019-09-04 10:15:55,844 [pool-461-thread-1] INFO  server.RaftServerConfigKeys (ConfUtils.java:logGet(43)) - raft.server.log.segment.cache.num.max = 2 (custom)
2019-09-04 10:15:55,844 [pool-439-thread-1] INFO  server.RaftServerConfigKeys (ConfUtils.java:logGet(43)) - raft.server.log.queue.element-limit = 1024 (custom)
2019-09-04 10:15:55,845 [pool-461-thread-1] INFO  segmented.SegmentedRaftLogWorker (SegmentedRaftLogWorker.java:<init>(172)) - new d4d82638-7d1a-4b3a-9d0e-2237e706c4db-SegmentedRaftLogWorker:Storage Directory /workdir/hadoop-ozone/integration-test/target/test-dir/MiniOzoneClusterImpl-1126da7d-fe5a-4ddc-9a88-3eece028067c/datanode-2/data/ratis/44c2ad98-1495-47c4-b686-da02c29fc776 for RaftStorage:Storage Directory /workdir/hadoop-ozone/integration-test/target/test-dir/MiniOzoneClusterImpl-1126da7d-fe5a-4ddc-9a88-3eece028067c/datanode-2/data/ratis/44c2ad98-1495-47c4-b686-da02c29fc776
2019-09-04 10:15:55,844 [pool-450-thread-1] INFO  server.RaftServerConfigKeys (ConfUtils.java:logGet(43)) - raft.server.log.segment.size.max = 1048576 (custom)
2019-09-04 10:15:55,845 [pool-461-thread-1] INFO  server.RaftServerConfigKeys (ConfUtils.java:logGet(43)) - raft.server.log.queue.byte-limit = 2147483647 (custom)
2019-09-04 10:15:55,845 [pool-439-thread-1] INFO  server.RaftServerConfigKeys (ConfUtils.java:logGet(43)) - raft.server.log.segment.size.max = 1048576 (custom)
2019-09-04 10:15:55,845 [pool-461-thread-1] INFO  server.RaftServerConfigKeys (ConfUtils.java:logGet(43)) - raft.server.log.queue.element-limit = 1024 (custom)
2019-09-04 10:15:55,845 [pool-450-thread-1] INFO  server.RaftServerConfigKeys (ConfUtils.java:logGet(43)) - raft.server.log.preallocated.size = 16384 (custom)
2019-09-04 10:15:55,845 [pool-461-thread-1] INFO  server.RaftServerConfigKeys (ConfUtils.java:logGet(43)) - raft.server.log.segment.size.max = 1048576 (custom)
2019-09-04 10:15:55,845 [pool-439-thread-1] INFO  server.RaftServerConfigKeys (ConfUtils.java:logGet(43)) - raft.server.log.preallocated.size = 16384 (custom)
2019-09-04 10:15:55,846 [pool-461-thread-1] INFO  server.RaftServerConfigKeys (ConfUtils.java:logGet(43)) - raft.server.log.preallocated.size = 16384 (custom)
2019-09-04 10:15:55,846 [pool-461-thread-1] INFO  server.RaftServerConfigKeys (ConfUtils.java:logGet(43)) - raft.server.log.write.buffer.size = 33554432 (custom)
2019-09-04 10:15:55,846 [pool-450-thread-1] INFO  server.RaftServerConfigKeys (ConfUtils.java:logGet(43)) - raft.server.log.write.buffer.size = 33554432 (custom)
2019-09-04 10:15:55,846 [pool-461-thread-1] INFO  server.RaftServerConfigKeys (ConfUtils.java:logGet(43)) - raft.server.log.force.sync.num = 128 (default)
2019-09-04 10:15:55,846 [pool-439-thread-1] INFO  server.RaftServerConfigKeys (ConfUtils.java:logGet(43)) - raft.server.log.write.buffer.size = 33554432 (custom)
2019-09-04 10:15:55,846 [pool-461-thread-1] INFO  server.RaftServerConfigKeys (ConfUtils.java:logGet(43)) - raft.server.log.statemachine.data.sync = true (default)
2019-09-04 10:15:55,846 [pool-450-thread-1] INFO  server.RaftServerConfigKeys (ConfUtils.java:logGet(43)) - raft.server.log.force.sync.num = 128 (default)
2019-09-04 10:15:55,847 [pool-461-thread-1] INFO  server.RaftServerConfigKeys (ConfUtils.java:logGet(43)) - raft.server.log.statemachine.data.sync.timeout = 10s (default)
2019-09-04 10:15:55,846 [pool-439-thread-1] INFO  server.RaftServerConfigKeys (ConfUtils.java:logGet(43)) - raft.server.log.force.sync.num = 128 (default)
2019-09-04 10:15:55,847 [pool-461-thread-1] INFO  server.RaftServerConfigKeys (ConfUtils.java:logGet(43)) - raft.server.log.statemachine.data.sync.timeout.retry = -1 (default)
2019-09-04 10:15:55,847 [pool-450-thread-1] INFO  server.RaftServerConfigKeys (ConfUtils.java:logGet(43)) - raft.server.log.statemachine.data.sync = true (default)
2019-09-04 10:15:55,847 [pool-461-thread-1] INFO  server.RaftServerConfigKeys (ConfUtils.java:logGet(43)) - raft.server.log.statemachine.data.caching.enabled = true (custom)
2019-09-04 10:15:55,847 [pool-439-thread-1] INFO  server.RaftServerConfigKeys (ConfUtils.java:logGet(43)) - raft.server.log.statemachine.data.sync = true (default)
2019-09-04 10:15:55,847 [pool-450-thread-1] INFO  server.RaftServerConfigKeys (ConfUtils.java:logGet(43)) - raft.server.log.statemachine.data.sync.timeout = 10s (default)
2019-09-04 10:15:55,848 [pool-461-thread-1] INFO  segmented.SegmentedRaftLogWorker (SegmentedRaftLogWorker.java:lambda$new$0(132)) - d4d82638-7d1a-4b3a-9d0e-2237e706c4db-SegmentedRaftLogWorker:Storage Directory /workdir/hadoop-ozone/integration-test/target/test-dir/MiniOzoneClusterImpl-1126da7d-fe5a-4ddc-9a88-3eece028067c/datanode-2/data/ratis/44c2ad98-1495-47c4-b686-da02c29fc776: flushIndex: setUnconditionally 0 -> -1
2019-09-04 10:15:55,848 [pool-439-thread-1] INFO  server.RaftServerConfigKeys (ConfUtils.java:logGet(43)) - raft.server.log.statemachine.data.sync.timeout = 10s (default)
2019-09-04 10:15:55,848 [pool-439-thread-1] INFO  server.RaftServerConfigKeys (ConfUtils.java:logGet(43)) - raft.server.log.statemachine.data.sync.timeout.retry = -1 (default)
2019-09-04 10:15:55,848 [pool-450-thread-1] INFO  server.RaftServerConfigKeys (ConfUtils.java:logGet(43)) - raft.server.log.statemachine.data.sync.timeout.retry = -1 (default)
2019-09-04 10:15:55,848 [pool-439-thread-1] INFO  server.RaftServerConfigKeys (ConfUtils.java:logGet(43)) - raft.server.log.statemachine.data.caching.enabled = true (custom)
2019-09-04 10:15:55,848 [pool-461-thread-1] INFO  server.RaftServerConfigKeys (ConfUtils.java:logGet(43)) - raft.server.snapshot.auto.trigger.enabled = true (custom)
2019-09-04 10:15:55,849 [pool-439-thread-1] INFO  segmented.SegmentedRaftLogWorker (SegmentedRaftLogWorker.java:lambda$new$0(132)) - e94d4415-dd42-482b-a9ab-d3c93cd7a0cf-SegmentedRaftLogWorker:Storage Directory /workdir/hadoop-ozone/integration-test/target/test-dir/MiniOzoneClusterImpl-1126da7d-fe5a-4ddc-9a88-3eece028067c/datanode-0/data/ratis/44c2ad98-1495-47c4-b686-da02c29fc776: flushIndex: setUnconditionally 0 -> -1
2019-09-04 10:15:55,849 [pool-450-thread-1] INFO  server.RaftServerConfigKeys (ConfUtils.java:logGet(43)) - raft.server.log.statemachine.data.caching.enabled = true (custom)
2019-09-04 10:15:55,849 [pool-461-thread-1] INFO  server.RaftServerConfigKeys (ConfUtils.java:logGet(43)) - raft.server.snapshot.auto.trigger.threshold = 10000 (custom)
2019-09-04 10:15:55,849 [pool-450-thread-1] INFO  segmented.SegmentedRaftLogWorker (SegmentedRaftLogWorker.java:lambda$new$0(132)) - 6f4be47b-46c8-42b4-aff3-8b1cb619a5c7-SegmentedRaftLogWorker:Storage Directory /workdir/hadoop-ozone/integration-test/target/test-dir/MiniOzoneClusterImpl-1126da7d-fe5a-4ddc-9a88-3eece028067c/datanode-1/data/ratis/44c2ad98-1495-47c4-b686-da02c29fc776: flushIndex: setUnconditionally 0 -> -1
2019-09-04 10:15:55,849 [pool-439-thread-1] INFO  server.RaftServerConfigKeys (ConfUtils.java:logGet(43)) - raft.server.snapshot.auto.trigger.enabled = true (custom)
2019-09-04 10:15:55,849 [pool-461-thread-1] INFO  server.RaftServerConfigKeys (ConfUtils.java:logGet(43)) - raft.server.retrycache.expirytime = 600000ms (custom)
2019-09-04 10:15:55,850 [pool-450-thread-1] INFO  server.RaftServerConfigKeys (ConfUtils.java:logGet(43)) - raft.server.snapshot.auto.trigger.enabled = true (custom)
2019-09-04 10:15:55,850 [pool-439-thread-1] INFO  server.RaftServerConfigKeys (ConfUtils.java:logGet(43)) - raft.server.snapshot.auto.trigger.threshold = 10000 (custom)
2019-09-04 10:15:55,850 [pool-450-thread-1] INFO  server.RaftServerConfigKeys (ConfUtils.java:logGet(43)) - raft.server.snapshot.auto.trigger.threshold = 10000 (custom)
2019-09-04 10:15:55,850 [pool-461-thread-1] INFO  impl.RaftServerImpl (RaftServerImpl.java:start(180)) - d4d82638-7d1a-4b3a-9d0e-2237e706c4db: start group-DA02C29FC776
2019-09-04 10:15:55,850 [pool-450-thread-1] INFO  server.RaftServerConfigKeys (ConfUtils.java:logGet(43)) - raft.server.retrycache.expirytime = 600000ms (custom)
2019-09-04 10:15:55,850 [pool-439-thread-1] INFO  server.RaftServerConfigKeys (ConfUtils.java:logGet(43)) - raft.server.retrycache.expirytime = 600000ms (custom)
2019-09-04 10:15:55,851 [pool-450-thread-1] INFO  impl.RaftServerImpl (RaftServerImpl.java:start(180)) - 6f4be47b-46c8-42b4-aff3-8b1cb619a5c7: start group-DA02C29FC776
2019-09-04 10:15:55,850 [pool-461-thread-1] INFO  impl.RaftServerImpl (RaftServerImpl.java:setRole(171)) - d4d82638-7d1a-4b3a-9d0e-2237e706c4db:group-DA02C29FC776 changes role from null to FOLLOWER at term 0 for startAsFollower
2019-09-04 10:15:55,851 [pool-450-thread-1] INFO  impl.RaftServerImpl (RaftServerImpl.java:setRole(171)) - 6f4be47b-46c8-42b4-aff3-8b1cb619a5c7:group-DA02C29FC776 changes role from null to FOLLOWER at term 0 for startAsFollower
2019-09-04 10:15:55,851 [pool-439-thread-1] INFO  impl.RaftServerImpl (RaftServerImpl.java:start(180)) - e94d4415-dd42-482b-a9ab-d3c93cd7a0cf: start group-DA02C29FC776
2019-09-04 10:15:55,851 [pool-450-thread-1] INFO  impl.RoleInfo (RoleInfo.java:updateAndGet(143)) - 6f4be47b-46c8-42b4-aff3-8b1cb619a5c7: start FollowerState
2019-09-04 10:15:55,851 [pool-461-thread-1] INFO  impl.RoleInfo (RoleInfo.java:updateAndGet(143)) - d4d82638-7d1a-4b3a-9d0e-2237e706c4db: start FollowerState
2019-09-04 10:15:55,851 [pool-439-thread-1] INFO  impl.RaftServerImpl (RaftServerImpl.java:setRole(171)) - e94d4415-dd42-482b-a9ab-d3c93cd7a0cf:group-DA02C29FC776 changes role from null to FOLLOWER at term 0 for startAsFollower
2019-09-04 10:15:55,852 [pool-439-thread-1] INFO  impl.RoleInfo (RoleInfo.java:updateAndGet(143)) - e94d4415-dd42-482b-a9ab-d3c93cd7a0cf: start FollowerState
2019-09-04 10:15:55,859 [pool-450-thread-1] INFO  util.JmxRegister (JmxRegister.java:tryRegister(44)) - Successfully registered JMX Bean with object name Ratis:service=RaftServer,group=group-DA02C29FC776,id=6f4be47b-46c8-42b4-aff3-8b1cb619a5c7
2019-09-04 10:15:55,860 [pool-461-thread-1] INFO  util.JmxRegister (JmxRegister.java:tryRegister(44)) - Successfully registered JMX Bean with object name Ratis:service=RaftServer,group=group-DA02C29FC776,id=d4d82638-7d1a-4b3a-9d0e-2237e706c4db
2019-09-04 10:15:55,860 [pool-439-thread-1] INFO  util.JmxRegister (JmxRegister.java:tryRegister(44)) - Successfully registered JMX Bean with object name Ratis:service=RaftServer,group=group-DA02C29FC776,id=e94d4415-dd42-482b-a9ab-d3c93cd7a0cf
2019-09-04 10:15:55,875 [RatisPipelineUtilsThread] INFO  pipeline.PipelineStateManager (PipelineStateManager.java:addPipeline(56)) - Created pipeline Pipeline[ Id: 44c2ad98-1495-47c4-b686-da02c29fc776, Nodes: d4d82638-7d1a-4b3a-9d0e-2237e706c4db{ip: 192.168.36.67, host: pr-hdds-1569-fjd24-125839774, networkLocation: /default-rack, certSerialId: null}e94d4415-dd42-482b-a9ab-d3c93cd7a0cf{ip: 192.168.36.67, host: pr-hdds-1569-fjd24-125839774, networkLocation: /default-rack, certSerialId: null}6f4be47b-46c8-42b4-aff3-8b1cb619a5c7{ip: 192.168.36.67, host: pr-hdds-1569-fjd24-125839774, networkLocation: /default-rack, certSerialId: null}, Type:RATIS, Factor:THREE, State:OPEN]
2019-09-04 10:15:55,979 [IPC Server handler 5 on 33895] INFO  net.NetworkTopology (NetworkTopologyImpl.java:add(110)) - Added a new node: /default-rack/6c9cea2f-f547-4d36-9e9d-21f9e8213c72
2019-09-04 10:15:55,979 [IPC Server handler 5 on 33895] INFO  node.SCMNodeManager (SCMNodeManager.java:register(273)) - Registered Data node : 6c9cea2f-f547-4d36-9e9d-21f9e8213c72{ip: 192.168.36.67, host: pr-hdds-1569-fjd24-125839774, networkLocation: /default-rack, certSerialId: null}
2019-09-04 10:15:55,979 | INFO  | SCMAudit | user=jenkins1000 | ip=192.168.36.67 | op=REGISTER {datanodeDetails=6c9cea2f-f547-4d36-9e9d-21f9e8213c72{ip: 192.168.36.67, host: pr-hdds-1569-fjd24-125839774, networkLocation: /default-rack, certSerialId: null}} | ret=SUCCESS |  
2019-09-04 10:15:55,992 [grpc-default-executor-1] INFO  impl.RaftServerProxy (RaftServerProxy.java:addNew(89)) - 6c9cea2f-f547-4d36-9e9d-21f9e8213c72: addNew group-8B40CB699C41:[6c9cea2f-f547-4d36-9e9d-21f9e8213c72:192.168.36.67:41294] returns group-8B40CB699C41:java.util.concurrent.CompletableFuture@574bc766[Not completed]
2019-09-04 10:15:55,993 [pool-472-thread-1] INFO  impl.RaftServerImpl (RaftServerImpl.java:<init>(93)) - 6c9cea2f-f547-4d36-9e9d-21f9e8213c72: new RaftServerImpl for group-8B40CB699C41:[6c9cea2f-f547-4d36-9e9d-21f9e8213c72:192.168.36.67:41294] with ContainerStateMachine:uninitialized
2019-09-04 10:15:55,993 [pool-472-thread-1] INFO  server.RaftServerConfigKeys (ConfUtils.java:logGet(43)) - raft.server.rpc.timeout.min = 5s (custom)
2019-09-04 10:15:55,993 [pool-472-thread-1] INFO  server.RaftServerConfigKeys (ConfUtils.java:logGet(43)) - raft.server.rpc.timeout.max = 5200ms (custom)
2019-09-04 10:15:55,993 [pool-472-thread-1] INFO  server.RaftServerConfigKeys (ConfUtils.java:logGet(43)) - raft.server.rpcslowness.timeout = 120s (custom)
2019-09-04 10:15:55,993 [pool-472-thread-1] INFO  server.RaftServerConfigKeys (ConfUtils.java:logGet(43)) - raft.server.sleep.deviation.threshold = 300 (default)
2019-09-04 10:15:55,993 [pool-472-thread-1] INFO  server.RaftServerConfigKeys (ConfUtils.java:logGet(43)) - raft.server.log.appender.install.snapshot.enabled = false (custom)
2019-09-04 10:15:55,993 [pool-472-thread-1] INFO  impl.RaftServerImpl (ServerState.java:<init>(105)) - 6c9cea2f-f547-4d36-9e9d-21f9e8213c72:group-8B40CB699C41 ConfigurationManager, init=-1: [6c9cea2f-f547-4d36-9e9d-21f9e8213c72:192.168.36.67:41294], old=null, confs=<EMPTY_MAP>
2019-09-04 10:15:55,993 [pool-472-thread-1] INFO  server.RaftServerConfigKeys (ConfUtils.java:logGet(43)) - raft.server.storage.dir = [/workdir/hadoop-ozone/integration-test/target/test-dir/MiniOzoneClusterImpl-1126da7d-fe5a-4ddc-9a88-3eece028067c/datanode-3/data/ratis] (custom)
2019-09-04 10:15:55,994 [pool-472-thread-1] INFO  storage.RaftStorageDirectory (RaftStorageDirectory.java:analyzeStorage(246)) - The storage directory /workdir/hadoop-ozone/integration-test/target/test-dir/MiniOzoneClusterImpl-1126da7d-fe5a-4ddc-9a88-3eece028067c/datanode-3/data/ratis/bd2a0968-eb82-42e4-acc1-8b40cb699c41 does not exist. Creating ...
2019-09-04 10:15:56,008 [pool-472-thread-1] INFO  storage.RaftStorageDirectory (RaftStorageDirectory.java:tryLock(328)) - Lock on /workdir/hadoop-ozone/integration-test/target/test-dir/MiniOzoneClusterImpl-1126da7d-fe5a-4ddc-9a88-3eece028067c/datanode-3/data/ratis/bd2a0968-eb82-42e4-acc1-8b40cb699c41/in_use.lock acquired by nodename 21473@pr-hdds-1569-fjd24-125839774
2019-09-04 10:15:56,021 [pool-472-thread-1] INFO  storage.RaftStorage (RaftStorage.java:format(72)) - Storage directory /workdir/hadoop-ozone/integration-test/target/test-dir/MiniOzoneClusterImpl-1126da7d-fe5a-4ddc-9a88-3eece028067c/datanode-3/data/ratis/bd2a0968-eb82-42e4-acc1-8b40cb699c41 has been successfully formatted.
2019-09-04 10:15:56,021 [pool-472-thread-1] INFO  ratis.ContainerStateMachine (ContainerStateMachine.java:loadSnapshot(226)) - group-8B40CB699C41: The snapshot info is null. Setting the last applied indexto:(t:0, i:~)
2019-09-04 10:15:56,021 [pool-472-thread-1] INFO  server.RaftServerConfigKeys (ConfUtils.java:logGet(43)) - raft.server.leader.election.timeout = 120s (custom)
2019-09-04 10:15:56,021 [pool-472-thread-1] INFO  server.RaftServerConfigKeys (ConfUtils.java:logGet(43)) - raft.server.log.use.memory = false (default)
2019-09-04 10:15:56,021 [pool-472-thread-1] INFO  server.RaftServerConfigKeys (ConfUtils.java:logGet(43)) - raft.server.log.purge.gap = 1000000 (custom)
2019-09-04 10:15:56,022 [pool-472-thread-1] INFO  server.RaftServerConfigKeys (ConfUtils.java:logGet(43)) - raft.server.log.appender.buffer.byte-limit = 33554432 (custom)
2019-09-04 10:15:56,022 [pool-472-thread-1] INFO  server.RaftServerConfigKeys (ConfUtils.java:logGet(43)) - raft.server.log.segment.size.max = 1048576 (custom)
2019-09-04 10:15:56,022 [pool-472-thread-1] INFO  server.RaftServerConfigKeys (ConfUtils.java:logGet(43)) - raft.server.log.segment.cache.num.max = 2 (custom)
2019-09-04 10:15:56,022 [pool-472-thread-1] INFO  segmented.SegmentedRaftLogWorker (SegmentedRaftLogWorker.java:<init>(172)) - new 6c9cea2f-f547-4d36-9e9d-21f9e8213c72-SegmentedRaftLogWorker:Storage Directory /workdir/hadoop-ozone/integration-test/target/test-dir/MiniOzoneClusterImpl-1126da7d-fe5a-4ddc-9a88-3eece028067c/datanode-3/data/ratis/bd2a0968-eb82-42e4-acc1-8b40cb699c41 for RaftStorage:Storage Directory /workdir/hadoop-ozone/integration-test/target/test-dir/MiniOzoneClusterImpl-1126da7d-fe5a-4ddc-9a88-3eece028067c/datanode-3/data/ratis/bd2a0968-eb82-42e4-acc1-8b40cb699c41
2019-09-04 10:15:56,022 [pool-472-thread-1] INFO  server.RaftServerConfigKeys (ConfUtils.java:logGet(43)) - raft.server.log.queue.byte-limit = 2147483647 (custom)
2019-09-04 10:15:56,022 [pool-472-thread-1] INFO  server.RaftServerConfigKeys (ConfUtils.java:logGet(43)) - raft.server.log.queue.element-limit = 1024 (custom)
2019-09-04 10:15:56,023 [pool-472-thread-1] INFO  server.RaftServerConfigKeys (ConfUtils.java:logGet(43)) - raft.server.log.segment.size.max = 1048576 (custom)
2019-09-04 10:15:56,023 [pool-472-thread-1] INFO  server.RaftServerConfigKeys (ConfUtils.java:logGet(43)) - raft.server.log.preallocated.size = 16384 (custom)
2019-09-04 10:15:56,023 [pool-472-thread-1] INFO  server.RaftServerConfigKeys (ConfUtils.java:logGet(43)) - raft.server.log.write.buffer.size = 33554432 (custom)
2019-09-04 10:15:56,023 [pool-472-thread-1] INFO  server.RaftServerConfigKeys (ConfUtils.java:logGet(43)) - raft.server.log.force.sync.num = 128 (default)
2019-09-04 10:15:56,023 [pool-472-thread-1] INFO  server.RaftServerConfigKeys (ConfUtils.java:logGet(43)) - raft.server.log.statemachine.data.sync = true (default)
2019-09-04 10:15:56,023 [pool-472-thread-1] INFO  server.RaftServerConfigKeys (ConfUtils.java:logGet(43)) - raft.server.log.statemachine.data.sync.timeout = 10s (default)
2019-09-04 10:15:56,024 [pool-472-thread-1] INFO  server.RaftServerConfigKeys (ConfUtils.java:logGet(43)) - raft.server.log.statemachine.data.sync.timeout.retry = -1 (default)
2019-09-04 10:15:56,024 [pool-472-thread-1] INFO  server.RaftServerConfigKeys (ConfUtils.java:logGet(43)) - raft.server.log.statemachine.data.caching.enabled = true (custom)
2019-09-04 10:15:56,024 [pool-472-thread-1] INFO  segmented.SegmentedRaftLogWorker (SegmentedRaftLogWorker.java:lambda$new$0(132)) - 6c9cea2f-f547-4d36-9e9d-21f9e8213c72-SegmentedRaftLogWorker:Storage Directory /workdir/hadoop-ozone/integration-test/target/test-dir/MiniOzoneClusterImpl-1126da7d-fe5a-4ddc-9a88-3eece028067c/datanode-3/data/ratis/bd2a0968-eb82-42e4-acc1-8b40cb699c41: flushIndex: setUnconditionally 0 -> -1
2019-09-04 10:15:56,025 [pool-472-thread-1] INFO  server.RaftServerConfigKeys (ConfUtils.java:logGet(43)) - raft.server.snapshot.auto.trigger.enabled = true (custom)
2019-09-04 10:15:56,025 [pool-472-thread-1] INFO  server.RaftServerConfigKeys (ConfUtils.java:logGet(43)) - raft.server.snapshot.auto.trigger.threshold = 10000 (custom)
2019-09-04 10:15:56,025 [pool-472-thread-1] INFO  server.RaftServerConfigKeys (ConfUtils.java:logGet(43)) - raft.server.retrycache.expirytime = 600000ms (custom)
2019-09-04 10:15:56,025 [pool-472-thread-1] INFO  impl.RaftServerImpl (RaftServerImpl.java:start(180)) - 6c9cea2f-f547-4d36-9e9d-21f9e8213c72: start group-8B40CB699C41
2019-09-04 10:15:56,025 [pool-472-thread-1] INFO  impl.RaftServerImpl (RaftServerImpl.java:setRole(171)) - 6c9cea2f-f547-4d36-9e9d-21f9e8213c72:group-8B40CB699C41 changes role from null to FOLLOWER at term 0 for startAsFollower
2019-09-04 10:15:56,026 [pool-472-thread-1] INFO  impl.RoleInfo (RoleInfo.java:updateAndGet(143)) - 6c9cea2f-f547-4d36-9e9d-21f9e8213c72: start FollowerState
2019-09-04 10:15:56,026 [pool-472-thread-1] INFO  util.JmxRegister (JmxRegister.java:tryRegister(44)) - Successfully registered JMX Bean with object name Ratis:service=RaftServer,group=group-8B40CB699C41,id=6c9cea2f-f547-4d36-9e9d-21f9e8213c72
2019-09-04 10:15:56,031 [RatisPipelineUtilsThread] INFO  pipeline.PipelineStateManager (PipelineStateManager.java:addPipeline(56)) - Created pipeline Pipeline[ Id: bd2a0968-eb82-42e4-acc1-8b40cb699c41, Nodes: 6c9cea2f-f547-4d36-9e9d-21f9e8213c72{ip: 192.168.36.67, host: pr-hdds-1569-fjd24-125839774, networkLocation: /default-rack, certSerialId: null}, Type:RATIS, Factor:ONE, State:OPEN]
2019-09-04 10:15:56,190 [IPC Server handler 1 on 33895] INFO  net.NetworkTopology (NetworkTopologyImpl.java:add(110)) - Added a new node: /default-rack/fe2c9e73-6c2d-4a43-92e0-1dab16afefd5
2019-09-04 10:15:56,191 [IPC Server handler 1 on 33895] INFO  node.SCMNodeManager (SCMNodeManager.java:register(273)) - Registered Data node : fe2c9e73-6c2d-4a43-92e0-1dab16afefd5{ip: 192.168.36.67, host: pr-hdds-1569-fjd24-125839774, networkLocation: /default-rack, certSerialId: null}
2019-09-04 10:15:56,191 | INFO  | SCMAudit | user=jenkins1000 | ip=192.168.36.67 | op=REGISTER {datanodeDetails=fe2c9e73-6c2d-4a43-92e0-1dab16afefd5{ip: 192.168.36.67, host: pr-hdds-1569-fjd24-125839774, networkLocation: /default-rack, certSerialId: null}} | ret=SUCCESS |  
2019-09-04 10:15:56,199 [grpc-default-executor-1] INFO  impl.RaftServerProxy (RaftServerProxy.java:addNew(89)) - fe2c9e73-6c2d-4a43-92e0-1dab16afefd5: addNew group-745BD74927A5:[fe2c9e73-6c2d-4a43-92e0-1dab16afefd5:192.168.36.67:37308] returns group-745BD74927A5:java.util.concurrent.CompletableFuture@17874861[Not completed]
2019-09-04 10:15:56,201 [pool-483-thread-1] INFO  impl.RaftServerImpl (RaftServerImpl.java:<init>(93)) - fe2c9e73-6c2d-4a43-92e0-1dab16afefd5: new RaftServerImpl for group-745BD74927A5:[fe2c9e73-6c2d-4a43-92e0-1dab16afefd5:192.168.36.67:37308] with ContainerStateMachine:uninitialized
2019-09-04 10:15:56,201 [pool-483-thread-1] INFO  server.RaftServerConfigKeys (ConfUtils.java:logGet(43)) - raft.server.rpc.timeout.min = 5s (custom)
2019-09-04 10:15:56,201 [pool-483-thread-1] INFO  server.RaftServerConfigKeys (ConfUtils.java:logGet(43)) - raft.server.rpc.timeout.max = 5200ms (custom)
2019-09-04 10:15:56,202 [pool-483-thread-1] INFO  server.RaftServerConfigKeys (ConfUtils.java:logGet(43)) - raft.server.rpcslowness.timeout = 120s (custom)
2019-09-04 10:15:56,202 [pool-483-thread-1] INFO  server.RaftServerConfigKeys (ConfUtils.java:logGet(43)) - raft.server.sleep.deviation.threshold = 300 (default)
2019-09-04 10:15:56,202 [pool-483-thread-1] INFO  server.RaftServerConfigKeys (ConfUtils.java:logGet(43)) - raft.server.log.appender.install.snapshot.enabled = false (custom)
2019-09-04 10:15:56,202 [pool-483-thread-1] INFO  impl.RaftServerImpl (ServerState.java:<init>(105)) - fe2c9e73-6c2d-4a43-92e0-1dab16afefd5:group-745BD74927A5 ConfigurationManager, init=-1: [fe2c9e73-6c2d-4a43-92e0-1dab16afefd5:192.168.36.67:37308], old=null, confs=<EMPTY_MAP>
2019-09-04 10:15:56,202 [pool-483-thread-1] INFO  server.RaftServerConfigKeys (ConfUtils.java:logGet(43)) - raft.server.storage.dir = [/workdir/hadoop-ozone/integration-test/target/test-dir/MiniOzoneClusterImpl-1126da7d-fe5a-4ddc-9a88-3eece028067c/datanode-4/data/ratis] (custom)
2019-09-04 10:15:56,203 [pool-483-thread-1] INFO  storage.RaftStorageDirectory (RaftStorageDirectory.java:analyzeStorage(246)) - The storage directory /workdir/hadoop-ozone/integration-test/target/test-dir/MiniOzoneClusterImpl-1126da7d-fe5a-4ddc-9a88-3eece028067c/datanode-4/data/ratis/345b75d0-7c09-4274-aa85-745bd74927a5 does not exist. Creating ...
2019-09-04 10:15:56,216 [pool-483-thread-1] INFO  storage.RaftStorageDirectory (RaftStorageDirectory.java:tryLock(328)) - Lock on /workdir/hadoop-ozone/integration-test/target/test-dir/MiniOzoneClusterImpl-1126da7d-fe5a-4ddc-9a88-3eece028067c/datanode-4/data/ratis/345b75d0-7c09-4274-aa85-745bd74927a5/in_use.lock acquired by nodename 21473@pr-hdds-1569-fjd24-125839774
2019-09-04 10:15:56,229 [pool-483-thread-1] INFO  storage.RaftStorage (RaftStorage.java:format(72)) - Storage directory /workdir/hadoop-ozone/integration-test/target/test-dir/MiniOzoneClusterImpl-1126da7d-fe5a-4ddc-9a88-3eece028067c/datanode-4/data/ratis/345b75d0-7c09-4274-aa85-745bd74927a5 has been successfully formatted.
2019-09-04 10:15:56,229 [pool-483-thread-1] INFO  ratis.ContainerStateMachine (ContainerStateMachine.java:loadSnapshot(226)) - group-745BD74927A5: The snapshot info is null. Setting the last applied indexto:(t:0, i:~)
2019-09-04 10:15:56,229 [pool-483-thread-1] INFO  server.RaftServerConfigKeys (ConfUtils.java:logGet(43)) - raft.server.leader.election.timeout = 120s (custom)
2019-09-04 10:15:56,230 [pool-483-thread-1] INFO  server.RaftServerConfigKeys (ConfUtils.java:logGet(43)) - raft.server.log.use.memory = false (default)
2019-09-04 10:15:56,230 [pool-483-thread-1] INFO  server.RaftServerConfigKeys (ConfUtils.java:logGet(43)) - raft.server.log.purge.gap = 1000000 (custom)
2019-09-04 10:15:56,230 [pool-483-thread-1] INFO  server.RaftServerConfigKeys (ConfUtils.java:logGet(43)) - raft.server.log.appender.buffer.byte-limit = 33554432 (custom)
2019-09-04 10:15:56,230 [pool-483-thread-1] INFO  server.RaftServerConfigKeys (ConfUtils.java:logGet(43)) - raft.server.log.segment.size.max = 1048576 (custom)
2019-09-04 10:15:56,230 [pool-483-thread-1] INFO  server.RaftServerConfigKeys (ConfUtils.java:logGet(43)) - raft.server.log.segment.cache.num.max = 2 (custom)
2019-09-04 10:15:56,230 [pool-483-thread-1] INFO  segmented.SegmentedRaftLogWorker (SegmentedRaftLogWorker.java:<init>(172)) - new fe2c9e73-6c2d-4a43-92e0-1dab16afefd5-SegmentedRaftLogWorker:Storage Directory /workdir/hadoop-ozone/integration-test/target/test-dir/MiniOzoneClusterImpl-1126da7d-fe5a-4ddc-9a88-3eece028067c/datanode-4/data/ratis/345b75d0-7c09-4274-aa85-745bd74927a5 for RaftStorage:Storage Directory /workdir/hadoop-ozone/integration-test/target/test-dir/MiniOzoneClusterImpl-1126da7d-fe5a-4ddc-9a88-3eece028067c/datanode-4/data/ratis/345b75d0-7c09-4274-aa85-745bd74927a5
2019-09-04 10:15:56,231 [pool-483-thread-1] INFO  server.RaftServerConfigKeys (ConfUtils.java:logGet(43)) - raft.server.log.queue.byte-limit = 2147483647 (custom)
2019-09-04 10:15:56,231 [pool-483-thread-1] INFO  server.RaftServerConfigKeys (ConfUtils.java:logGet(43)) - raft.server.log.queue.element-limit = 1024 (custom)
2019-09-04 10:15:56,231 [pool-483-thread-1] INFO  server.RaftServerConfigKeys (ConfUtils.java:logGet(43)) - raft.server.log.segment.size.max = 1048576 (custom)
2019-09-04 10:15:56,231 [pool-483-thread-1] INFO  server.RaftServerConfigKeys (ConfUtils.java:logGet(43)) - raft.server.log.preallocated.size = 16384 (custom)
2019-09-04 10:15:56,231 [pool-483-thread-1] INFO  server.RaftServerConfigKeys (ConfUtils.java:logGet(43)) - raft.server.log.write.buffer.size = 33554432 (custom)
2019-09-04 10:15:56,231 [pool-483-thread-1] INFO  server.RaftServerConfigKeys (ConfUtils.java:logGet(43)) - raft.server.log.force.sync.num = 128 (default)
2019-09-04 10:15:56,231 [pool-483-thread-1] INFO  server.RaftServerConfigKeys (ConfUtils.java:logGet(43)) - raft.server.log.statemachine.data.sync = true (default)
2019-09-04 10:15:56,232 [pool-483-thread-1] INFO  server.RaftServerConfigKeys (ConfUtils.java:logGet(43)) - raft.server.log.statemachine.data.sync.timeout = 10s (default)
2019-09-04 10:15:56,232 [pool-483-thread-1] INFO  server.RaftServerConfigKeys (ConfUtils.java:logGet(43)) - raft.server.log.statemachine.data.sync.timeout.retry = -1 (default)
2019-09-04 10:15:56,232 [pool-483-thread-1] INFO  server.RaftServerConfigKeys (ConfUtils.java:logGet(43)) - raft.server.log.statemachine.data.caching.enabled = true (custom)
2019-09-04 10:15:56,233 [pool-483-thread-1] INFO  segmented.SegmentedRaftLogWorker (SegmentedRaftLogWorker.java:lambda$new$0(132)) - fe2c9e73-6c2d-4a43-92e0-1dab16afefd5-SegmentedRaftLogWorker:Storage Directory /workdir/hadoop-ozone/integration-test/target/test-dir/MiniOzoneClusterImpl-1126da7d-fe5a-4ddc-9a88-3eece028067c/datanode-4/data/ratis/345b75d0-7c09-4274-aa85-745bd74927a5: flushIndex: setUnconditionally 0 -> -1
2019-09-04 10:15:56,233 [pool-483-thread-1] INFO  server.RaftServerConfigKeys (ConfUtils.java:logGet(43)) - raft.server.snapshot.auto.trigger.enabled = true (custom)
2019-09-04 10:15:56,233 [pool-483-thread-1] INFO  server.RaftServerConfigKeys (ConfUtils.java:logGet(43)) - raft.server.snapshot.auto.trigger.threshold = 10000 (custom)
2019-09-04 10:15:56,233 [pool-483-thread-1] INFO  server.RaftServerConfigKeys (ConfUtils.java:logGet(43)) - raft.server.retrycache.expirytime = 600000ms (custom)
2019-09-04 10:15:56,233 [pool-483-thread-1] INFO  impl.RaftServerImpl (RaftServerImpl.java:start(180)) - fe2c9e73-6c2d-4a43-92e0-1dab16afefd5: start group-745BD74927A5
2019-09-04 10:15:56,234 [pool-483-thread-1] INFO  impl.RaftServerImpl (RaftServerImpl.java:setRole(171)) - fe2c9e73-6c2d-4a43-92e0-1dab16afefd5:group-745BD74927A5 changes role from null to FOLLOWER at term 0 for startAsFollower
2019-09-04 10:15:56,234 [pool-483-thread-1] INFO  impl.RoleInfo (RoleInfo.java:updateAndGet(143)) - fe2c9e73-6c2d-4a43-92e0-1dab16afefd5: start FollowerState
2019-09-04 10:15:56,234 [pool-483-thread-1] INFO  util.JmxRegister (JmxRegister.java:tryRegister(44)) - Successfully registered JMX Bean with object name Ratis:service=RaftServer,group=group-745BD74927A5,id=fe2c9e73-6c2d-4a43-92e0-1dab16afefd5
2019-09-04 10:15:56,239 [RatisPipelineUtilsThread] INFO  pipeline.PipelineStateManager (PipelineStateManager.java:addPipeline(56)) - Created pipeline Pipeline[ Id: 345b75d0-7c09-4274-aa85-745bd74927a5, Nodes: fe2c9e73-6c2d-4a43-92e0-1dab16afefd5{ip: 192.168.36.67, host: pr-hdds-1569-fjd24-125839774, networkLocation: /default-rack, certSerialId: null}, Type:RATIS, Factor:ONE, State:OPEN]
2019-09-04 10:15:56,408 [IPC Server handler 3 on 33895] INFO  net.NetworkTopology (NetworkTopologyImpl.java:add(110)) - Added a new node: /default-rack/6d94adbb-9f8c-46a2-8e14-6bea29af47e5
2019-09-04 10:15:56,409 [IPC Server handler 3 on 33895] INFO  node.SCMNodeManager (SCMNodeManager.java:register(273)) - Registered Data node : 6d94adbb-9f8c-46a2-8e14-6bea29af47e5{ip: 192.168.36.67, host: pr-hdds-1569-fjd24-125839774, networkLocation: /default-rack, certSerialId: null}
2019-09-04 10:15:56,409 | INFO  | SCMAudit | user=jenkins1000 | ip=192.168.36.67 | op=REGISTER {datanodeDetails=6d94adbb-9f8c-46a2-8e14-6bea29af47e5{ip: 192.168.36.67, host: pr-hdds-1569-fjd24-125839774, networkLocation: /default-rack, certSerialId: null}} | ret=SUCCESS |  
2019-09-04 10:15:56,417 [grpc-default-executor-1] INFO  impl.RaftServerProxy (RaftServerProxy.java:addNew(89)) - 6d94adbb-9f8c-46a2-8e14-6bea29af47e5: addNew group-A4C4EBD76FBE:[6d94adbb-9f8c-46a2-8e14-6bea29af47e5:192.168.36.67:34229] returns group-A4C4EBD76FBE:java.util.concurrent.CompletableFuture@4000adf0[Not completed]
2019-09-04 10:15:56,419 [pool-494-thread-1] INFO  impl.RaftServerImpl (RaftServerImpl.java:<init>(93)) - 6d94adbb-9f8c-46a2-8e14-6bea29af47e5: new RaftServerImpl for group-A4C4EBD76FBE:[6d94adbb-9f8c-46a2-8e14-6bea29af47e5:192.168.36.67:34229] with ContainerStateMachine:uninitialized
2019-09-04 10:15:56,419 [pool-494-thread-1] INFO  server.RaftServerConfigKeys (ConfUtils.java:logGet(43)) - raft.server.rpc.timeout.min = 5s (custom)
2019-09-04 10:15:56,419 [pool-494-thread-1] INFO  server.RaftServerConfigKeys (ConfUtils.java:logGet(43)) - raft.server.rpc.timeout.max = 5200ms (custom)
2019-09-04 10:15:56,419 [pool-494-thread-1] INFO  server.RaftServerConfigKeys (ConfUtils.java:logGet(43)) - raft.server.rpcslowness.timeout = 120s (custom)
2019-09-04 10:15:56,419 [pool-494-thread-1] INFO  server.RaftServerConfigKeys (ConfUtils.java:logGet(43)) - raft.server.sleep.deviation.threshold = 300 (default)
2019-09-04 10:15:56,420 [pool-494-thread-1] INFO  server.RaftServerConfigKeys (ConfUtils.java:logGet(43)) - raft.server.log.appender.install.snapshot.enabled = false (custom)
2019-09-04 10:15:56,420 [pool-494-thread-1] INFO  impl.RaftServerImpl (ServerState.java:<init>(105)) - 6d94adbb-9f8c-46a2-8e14-6bea29af47e5:group-A4C4EBD76FBE ConfigurationManager, init=-1: [6d94adbb-9f8c-46a2-8e14-6bea29af47e5:192.168.36.67:34229], old=null, confs=<EMPTY_MAP>
2019-09-04 10:15:56,420 [pool-494-thread-1] INFO  server.RaftServerConfigKeys (ConfUtils.java:logGet(43)) - raft.server.storage.dir = [/workdir/hadoop-ozone/integration-test/target/test-dir/MiniOzoneClusterImpl-1126da7d-fe5a-4ddc-9a88-3eece028067c/datanode-5/data/ratis] (custom)
2019-09-04 10:15:56,420 [pool-494-thread-1] INFO  storage.RaftStorageDirectory (RaftStorageDirectory.java:analyzeStorage(246)) - The storage directory /workdir/hadoop-ozone/integration-test/target/test-dir/MiniOzoneClusterImpl-1126da7d-fe5a-4ddc-9a88-3eece028067c/datanode-5/data/ratis/384d1e7d-20a4-4be6-8e32-a4c4ebd76fbe does not exist. Creating ...
2019-09-04 10:15:56,433 [pool-494-thread-1] INFO  storage.RaftStorageDirectory (RaftStorageDirectory.java:tryLock(328)) - Lock on /workdir/hadoop-ozone/integration-test/target/test-dir/MiniOzoneClusterImpl-1126da7d-fe5a-4ddc-9a88-3eece028067c/datanode-5/data/ratis/384d1e7d-20a4-4be6-8e32-a4c4ebd76fbe/in_use.lock acquired by nodename 21473@pr-hdds-1569-fjd24-125839774
2019-09-04 10:15:56,446 [pool-494-thread-1] INFO  storage.RaftStorage (RaftStorage.java:format(72)) - Storage directory /workdir/hadoop-ozone/integration-test/target/test-dir/MiniOzoneClusterImpl-1126da7d-fe5a-4ddc-9a88-3eece028067c/datanode-5/data/ratis/384d1e7d-20a4-4be6-8e32-a4c4ebd76fbe has been successfully formatted.
2019-09-04 10:15:56,447 [pool-494-thread-1] INFO  ratis.ContainerStateMachine (ContainerStateMachine.java:loadSnapshot(226)) - group-A4C4EBD76FBE: The snapshot info is null. Setting the last applied indexto:(t:0, i:~)
2019-09-04 10:15:56,447 [pool-494-thread-1] INFO  server.RaftServerConfigKeys (ConfUtils.java:logGet(43)) - raft.server.leader.election.timeout = 120s (custom)
2019-09-04 10:15:56,447 [pool-494-thread-1] INFO  server.RaftServerConfigKeys (ConfUtils.java:logGet(43)) - raft.server.log.use.memory = false (default)
2019-09-04 10:15:56,447 [pool-494-thread-1] INFO  server.RaftServerConfigKeys (ConfUtils.java:logGet(43)) - raft.server.log.purge.gap = 1000000 (custom)
2019-09-04 10:15:56,447 [pool-494-thread-1] INFO  server.RaftServerConfigKeys (ConfUtils.java:logGet(43)) - raft.server.log.appender.buffer.byte-limit = 33554432 (custom)
2019-09-04 10:15:56,448 [pool-494-thread-1] INFO  server.RaftServerConfigKeys (ConfUtils.java:logGet(43)) - raft.server.log.segment.size.max = 1048576 (custom)
2019-09-04 10:15:56,448 [pool-494-thread-1] INFO  server.RaftServerConfigKeys (ConfUtils.java:logGet(43)) - raft.server.log.segment.cache.num.max = 2 (custom)
2019-09-04 10:15:56,448 [pool-494-thread-1] INFO  segmented.SegmentedRaftLogWorker (SegmentedRaftLogWorker.java:<init>(172)) - new 6d94adbb-9f8c-46a2-8e14-6bea29af47e5-SegmentedRaftLogWorker:Storage Directory /workdir/hadoop-ozone/integration-test/target/test-dir/MiniOzoneClusterImpl-1126da7d-fe5a-4ddc-9a88-3eece028067c/datanode-5/data/ratis/384d1e7d-20a4-4be6-8e32-a4c4ebd76fbe for RaftStorage:Storage Directory /workdir/hadoop-ozone/integration-test/target/test-dir/MiniOzoneClusterImpl-1126da7d-fe5a-4ddc-9a88-3eece028067c/datanode-5/data/ratis/384d1e7d-20a4-4be6-8e32-a4c4ebd76fbe
2019-09-04 10:15:56,448 [pool-494-thread-1] INFO  server.RaftServerConfigKeys (ConfUtils.java:logGet(43)) - raft.server.log.queue.byte-limit = 2147483647 (custom)
2019-09-04 10:15:56,448 [pool-494-thread-1] INFO  server.RaftServerConfigKeys (ConfUtils.java:logGet(43)) - raft.server.log.queue.element-limit = 1024 (custom)
2019-09-04 10:15:56,448 [pool-494-thread-1] INFO  server.RaftServerConfigKeys (ConfUtils.java:logGet(43)) - raft.server.log.segment.size.max = 1048576 (custom)
2019-09-04 10:15:56,449 [pool-494-thread-1] INFO  server.RaftServerConfigKeys (ConfUtils.java:logGet(43)) - raft.server.log.preallocated.size = 16384 (custom)
2019-09-04 10:15:56,449 [pool-494-thread-1] INFO  server.RaftServerConfigKeys (ConfUtils.java:logGet(43)) - raft.server.log.write.buffer.size = 33554432 (custom)
2019-09-04 10:15:56,449 [pool-494-thread-1] INFO  server.RaftServerConfigKeys (ConfUtils.java:logGet(43)) - raft.server.log.force.sync.num = 128 (default)
2019-09-04 10:15:56,449 [pool-494-thread-1] INFO  server.RaftServerConfigKeys (ConfUtils.java:logGet(43)) - raft.server.log.statemachine.data.sync = true (default)
2019-09-04 10:15:56,449 [pool-494-thread-1] INFO  server.RaftServerConfigKeys (ConfUtils.java:logGet(43)) - raft.server.log.statemachine.data.sync.timeout = 10s (default)
2019-09-04 10:15:56,449 [pool-494-thread-1] INFO  server.RaftServerConfigKeys (ConfUtils.java:logGet(43)) - raft.server.log.statemachine.data.sync.timeout.retry = -1 (default)
2019-09-04 10:15:56,450 [pool-494-thread-1] INFO  server.RaftServerConfigKeys (ConfUtils.java:logGet(43)) - raft.server.log.statemachine.data.caching.enabled = true (custom)
2019-09-04 10:15:56,450 [pool-494-thread-1] INFO  segmented.SegmentedRaftLogWorker (SegmentedRaftLogWorker.java:lambda$new$0(132)) - 6d94adbb-9f8c-46a2-8e14-6bea29af47e5-SegmentedRaftLogWorker:Storage Directory /workdir/hadoop-ozone/integration-test/target/test-dir/MiniOzoneClusterImpl-1126da7d-fe5a-4ddc-9a88-3eece028067c/datanode-5/data/ratis/384d1e7d-20a4-4be6-8e32-a4c4ebd76fbe: flushIndex: setUnconditionally 0 -> -1
2019-09-04 10:15:56,450 [pool-494-thread-1] INFO  server.RaftServerConfigKeys (ConfUtils.java:logGet(43)) - raft.server.snapshot.auto.trigger.enabled = true (custom)
2019-09-04 10:15:56,451 [pool-494-thread-1] INFO  server.RaftServerConfigKeys (ConfUtils.java:logGet(43)) - raft.server.snapshot.auto.trigger.threshold = 10000 (custom)
2019-09-04 10:15:56,451 [pool-494-thread-1] INFO  server.RaftServerConfigKeys (ConfUtils.java:logGet(43)) - raft.server.retrycache.expirytime = 600000ms (custom)
2019-09-04 10:15:56,451 [pool-494-thread-1] INFO  impl.RaftServerImpl (RaftServerImpl.java:start(180)) - 6d94adbb-9f8c-46a2-8e14-6bea29af47e5: start group-A4C4EBD76FBE
2019-09-04 10:15:56,451 [pool-494-thread-1] INFO  impl.RaftServerImpl (RaftServerImpl.java:setRole(171)) - 6d94adbb-9f8c-46a2-8e14-6bea29af47e5:group-A4C4EBD76FBE changes role from null to FOLLOWER at term 0 for startAsFollower
2019-09-04 10:15:56,451 [pool-494-thread-1] INFO  impl.RoleInfo (RoleInfo.java:updateAndGet(143)) - 6d94adbb-9f8c-46a2-8e14-6bea29af47e5: start FollowerState
2019-09-04 10:15:56,452 [pool-494-thread-1] INFO  util.JmxRegister (JmxRegister.java:tryRegister(44)) - Successfully registered JMX Bean with object name Ratis:service=RaftServer,group=group-A4C4EBD76FBE,id=6d94adbb-9f8c-46a2-8e14-6bea29af47e5
2019-09-04 10:15:56,457 [RatisPipelineUtilsThread] INFO  pipeline.PipelineStateManager (PipelineStateManager.java:addPipeline(56)) - Created pipeline Pipeline[ Id: 384d1e7d-20a4-4be6-8e32-a4c4ebd76fbe, Nodes: 6d94adbb-9f8c-46a2-8e14-6bea29af47e5{ip: 192.168.36.67, host: pr-hdds-1569-fjd24-125839774, networkLocation: /default-rack, certSerialId: null}, Type:RATIS, Factor:ONE, State:OPEN]
2019-09-04 10:15:56,471 [grpc-default-executor-0] INFO  impl.RaftServerProxy (RaftServerProxy.java:addNew(89)) - 6c9cea2f-f547-4d36-9e9d-21f9e8213c72: addNew group-F6678B52AFFA:[fe2c9e73-6c2d-4a43-92e0-1dab16afefd5:192.168.36.67:37308, 6d94adbb-9f8c-46a2-8e14-6bea29af47e5:192.168.36.67:34229, 6c9cea2f-f547-4d36-9e9d-21f9e8213c72:192.168.36.67:41294] returns group-F6678B52AFFA:java.util.concurrent.CompletableFuture@b078e43[Not completed]
2019-09-04 10:15:56,471 [grpc-default-executor-7] INFO  impl.RaftServerProxy (RaftServerProxy.java:addNew(89)) - fe2c9e73-6c2d-4a43-92e0-1dab16afefd5: addNew group-F6678B52AFFA:[fe2c9e73-6c2d-4a43-92e0-1dab16afefd5:192.168.36.67:37308, 6d94adbb-9f8c-46a2-8e14-6bea29af47e5:192.168.36.67:34229, 6c9cea2f-f547-4d36-9e9d-21f9e8213c72:192.168.36.67:41294] returns group-F6678B52AFFA:java.util.concurrent.CompletableFuture@25658231[Not completed]
2019-09-04 10:15:56,471 [grpc-default-executor-1] INFO  impl.RaftServerProxy (RaftServerProxy.java:addNew(89)) - 6d94adbb-9f8c-46a2-8e14-6bea29af47e5: addNew group-F6678B52AFFA:[fe2c9e73-6c2d-4a43-92e0-1dab16afefd5:192.168.36.67:37308, 6d94adbb-9f8c-46a2-8e14-6bea29af47e5:192.168.36.67:34229, 6c9cea2f-f547-4d36-9e9d-21f9e8213c72:192.168.36.67:41294] returns group-F6678B52AFFA:java.util.concurrent.CompletableFuture@597f7a1[Not completed]
2019-09-04 10:15:56,472 [pool-472-thread-1] INFO  impl.RaftServerImpl (RaftServerImpl.java:<init>(93)) - 6c9cea2f-f547-4d36-9e9d-21f9e8213c72: new RaftServerImpl for group-F6678B52AFFA:[fe2c9e73-6c2d-4a43-92e0-1dab16afefd5:192.168.36.67:37308, 6d94adbb-9f8c-46a2-8e14-6bea29af47e5:192.168.36.67:34229, 6c9cea2f-f547-4d36-9e9d-21f9e8213c72:192.168.36.67:41294] with ContainerStateMachine:uninitialized
2019-09-04 10:15:56,472 [pool-472-thread-1] INFO  server.RaftServerConfigKeys (ConfUtils.java:logGet(43)) - raft.server.rpc.timeout.min = 5s (custom)
2019-09-04 10:15:56,473 [pool-472-thread-1] INFO  server.RaftServerConfigKeys (ConfUtils.java:logGet(43)) - raft.server.rpc.timeout.max = 5200ms (custom)
2019-09-04 10:15:56,473 [pool-494-thread-1] INFO  impl.RaftServerImpl (RaftServerImpl.java:<init>(93)) - 6d94adbb-9f8c-46a2-8e14-6bea29af47e5: new RaftServerImpl for group-F6678B52AFFA:[fe2c9e73-6c2d-4a43-92e0-1dab16afefd5:192.168.36.67:37308, 6d94adbb-9f8c-46a2-8e14-6bea29af47e5:192.168.36.67:34229, 6c9cea2f-f547-4d36-9e9d-21f9e8213c72:192.168.36.67:41294] with ContainerStateMachine:uninitialized
2019-09-04 10:15:56,473 [pool-472-thread-1] INFO  server.RaftServerConfigKeys (ConfUtils.java:logGet(43)) - raft.server.rpcslowness.timeout = 120s (custom)
2019-09-04 10:15:56,473 [pool-494-thread-1] INFO  server.RaftServerConfigKeys (ConfUtils.java:logGet(43)) - raft.server.rpc.timeout.min = 5s (custom)
2019-09-04 10:15:56,473 [pool-472-thread-1] INFO  server.RaftServerConfigKeys (ConfUtils.java:logGet(43)) - raft.server.sleep.deviation.threshold = 300 (default)
2019-09-04 10:15:56,473 [pool-483-thread-1] INFO  impl.RaftServerImpl (RaftServerImpl.java:<init>(93)) - fe2c9e73-6c2d-4a43-92e0-1dab16afefd5: new RaftServerImpl for group-F6678B52AFFA:[fe2c9e73-6c2d-4a43-92e0-1dab16afefd5:192.168.36.67:37308, 6d94adbb-9f8c-46a2-8e14-6bea29af47e5:192.168.36.67:34229, 6c9cea2f-f547-4d36-9e9d-21f9e8213c72:192.168.36.67:41294] with ContainerStateMachine:uninitialized
2019-09-04 10:15:56,473 [pool-472-thread-1] INFO  server.RaftServerConfigKeys (ConfUtils.java:logGet(43)) - raft.server.log.appender.install.snapshot.enabled = false (custom)
2019-09-04 10:15:56,473 [pool-494-thread-1] INFO  server.RaftServerConfigKeys (ConfUtils.java:logGet(43)) - raft.server.rpc.timeout.max = 5200ms (custom)
2019-09-04 10:15:56,474 [pool-472-thread-1] INFO  impl.RaftServerImpl (ServerState.java:<init>(105)) - 6c9cea2f-f547-4d36-9e9d-21f9e8213c72:group-F6678B52AFFA ConfigurationManager, init=-1: [fe2c9e73-6c2d-4a43-92e0-1dab16afefd5:192.168.36.67:37308, 6d94adbb-9f8c-46a2-8e14-6bea29af47e5:192.168.36.67:34229, 6c9cea2f-f547-4d36-9e9d-21f9e8213c72:192.168.36.67:41294], old=null, confs=<EMPTY_MAP>
2019-09-04 10:15:56,473 [pool-483-thread-1] INFO  server.RaftServerConfigKeys (ConfUtils.java:logGet(43)) - raft.server.rpc.timeout.min = 5s (custom)
2019-09-04 10:15:56,474 [pool-472-thread-1] INFO  server.RaftServerConfigKeys (ConfUtils.java:logGet(43)) - raft.server.storage.dir = [/workdir/hadoop-ozone/integration-test/target/test-dir/MiniOzoneClusterImpl-1126da7d-fe5a-4ddc-9a88-3eece028067c/datanode-3/data/ratis] (custom)
2019-09-04 10:15:56,474 [pool-494-thread-1] INFO  server.RaftServerConfigKeys (ConfUtils.java:logGet(43)) - raft.server.rpcslowness.timeout = 120s (custom)
2019-09-04 10:15:56,474 [pool-483-thread-1] INFO  server.RaftServerConfigKeys (ConfUtils.java:logGet(43)) - raft.server.rpc.timeout.max = 5200ms (custom)
2019-09-04 10:15:56,474 [pool-494-thread-1] INFO  server.RaftServerConfigKeys (ConfUtils.java:logGet(43)) - raft.server.sleep.deviation.threshold = 300 (default)
2019-09-04 10:15:56,475 [pool-472-thread-1] INFO  storage.RaftStorageDirectory (RaftStorageDirectory.java:analyzeStorage(246)) - The storage directory /workdir/hadoop-ozone/integration-test/target/test-dir/MiniOzoneClusterImpl-1126da7d-fe5a-4ddc-9a88-3eece028067c/datanode-3/data/ratis/a0ad6de2-1a01-40e6-a6a3-f6678b52affa does not exist. Creating ...
2019-09-04 10:15:56,475 [pool-483-thread-1] INFO  server.RaftServerConfigKeys (ConfUtils.java:logGet(43)) - raft.server.rpcslowness.timeout = 120s (custom)
2019-09-04 10:15:56,475 [pool-494-thread-1] INFO  server.RaftServerConfigKeys (ConfUtils.java:logGet(43)) - raft.server.log.appender.install.snapshot.enabled = false (custom)
2019-09-04 10:15:56,475 [pool-483-thread-1] INFO  server.RaftServerConfigKeys (ConfUtils.java:logGet(43)) - raft.server.sleep.deviation.threshold = 300 (default)
2019-09-04 10:15:56,475 [pool-494-thread-1] INFO  impl.RaftServerImpl (ServerState.java:<init>(105)) - 6d94adbb-9f8c-46a2-8e14-6bea29af47e5:group-F6678B52AFFA ConfigurationManager, init=-1: [fe2c9e73-6c2d-4a43-92e0-1dab16afefd5:192.168.36.67:37308, 6d94adbb-9f8c-46a2-8e14-6bea29af47e5:192.168.36.67:34229, 6c9cea2f-f547-4d36-9e9d-21f9e8213c72:192.168.36.67:41294], old=null, confs=<EMPTY_MAP>
2019-09-04 10:15:56,475 [pool-483-thread-1] INFO  server.RaftServerConfigKeys (ConfUtils.java:logGet(43)) - raft.server.log.appender.install.snapshot.enabled = false (custom)
2019-09-04 10:15:56,475 [pool-494-thread-1] INFO  server.RaftServerConfigKeys (ConfUtils.java:logGet(43)) - raft.server.storage.dir = [/workdir/hadoop-ozone/integration-test/target/test-dir/MiniOzoneClusterImpl-1126da7d-fe5a-4ddc-9a88-3eece028067c/datanode-5/data/ratis] (custom)
2019-09-04 10:15:56,476 [pool-483-thread-1] INFO  impl.RaftServerImpl (ServerState.java:<init>(105)) - fe2c9e73-6c2d-4a43-92e0-1dab16afefd5:group-F6678B52AFFA ConfigurationManager, init=-1: [fe2c9e73-6c2d-4a43-92e0-1dab16afefd5:192.168.36.67:37308, 6d94adbb-9f8c-46a2-8e14-6bea29af47e5:192.168.36.67:34229, 6c9cea2f-f547-4d36-9e9d-21f9e8213c72:192.168.36.67:41294], old=null, confs=<EMPTY_MAP>
2019-09-04 10:15:56,476 [pool-483-thread-1] INFO  server.RaftServerConfigKeys (ConfUtils.java:logGet(43)) - raft.server.storage.dir = [/workdir/hadoop-ozone/integration-test/target/test-dir/MiniOzoneClusterImpl-1126da7d-fe5a-4ddc-9a88-3eece028067c/datanode-4/data/ratis] (custom)
2019-09-04 10:15:56,476 [pool-494-thread-1] INFO  storage.RaftStorageDirectory (RaftStorageDirectory.java:analyzeStorage(246)) - The storage directory /workdir/hadoop-ozone/integration-test/target/test-dir/MiniOzoneClusterImpl-1126da7d-fe5a-4ddc-9a88-3eece028067c/datanode-5/data/ratis/a0ad6de2-1a01-40e6-a6a3-f6678b52affa does not exist. Creating ...
2019-09-04 10:15:56,476 [pool-483-thread-1] INFO  storage.RaftStorageDirectory (RaftStorageDirectory.java:analyzeStorage(246)) - The storage directory /workdir/hadoop-ozone/integration-test/target/test-dir/MiniOzoneClusterImpl-1126da7d-fe5a-4ddc-9a88-3eece028067c/datanode-4/data/ratis/a0ad6de2-1a01-40e6-a6a3-f6678b52affa does not exist. Creating ...
2019-09-04 10:15:56,488 [pool-494-thread-1] INFO  storage.RaftStorageDirectory (RaftStorageDirectory.java:tryLock(328)) - Lock on /workdir/hadoop-ozone/integration-test/target/test-dir/MiniOzoneClusterImpl-1126da7d-fe5a-4ddc-9a88-3eece028067c/datanode-5/data/ratis/a0ad6de2-1a01-40e6-a6a3-f6678b52affa/in_use.lock acquired by nodename 21473@pr-hdds-1569-fjd24-125839774
2019-09-04 10:15:56,488 [pool-483-thread-1] INFO  storage.RaftStorageDirectory (RaftStorageDirectory.java:tryLock(328)) - Lock on /workdir/hadoop-ozone/integration-test/target/test-dir/MiniOzoneClusterImpl-1126da7d-fe5a-4ddc-9a88-3eece028067c/datanode-4/data/ratis/a0ad6de2-1a01-40e6-a6a3-f6678b52affa/in_use.lock acquired by nodename 21473@pr-hdds-1569-fjd24-125839774
2019-09-04 10:15:56,488 [pool-472-thread-1] INFO  storage.RaftStorageDirectory (RaftStorageDirectory.java:tryLock(328)) - Lock on /workdir/hadoop-ozone/integration-test/target/test-dir/MiniOzoneClusterImpl-1126da7d-fe5a-4ddc-9a88-3eece028067c/datanode-3/data/ratis/a0ad6de2-1a01-40e6-a6a3-f6678b52affa/in_use.lock acquired by nodename 21473@pr-hdds-1569-fjd24-125839774
2019-09-04 10:15:56,502 [pool-472-thread-1] INFO  storage.RaftStorage (RaftStorage.java:format(72)) - Storage directory /workdir/hadoop-ozone/integration-test/target/test-dir/MiniOzoneClusterImpl-1126da7d-fe5a-4ddc-9a88-3eece028067c/datanode-3/data/ratis/a0ad6de2-1a01-40e6-a6a3-f6678b52affa has been successfully formatted.
2019-09-04 10:15:56,502 [pool-483-thread-1] INFO  storage.RaftStorage (RaftStorage.java:format(72)) - Storage directory /workdir/hadoop-ozone/integration-test/target/test-dir/MiniOzoneClusterImpl-1126da7d-fe5a-4ddc-9a88-3eece028067c/datanode-4/data/ratis/a0ad6de2-1a01-40e6-a6a3-f6678b52affa has been successfully formatted.
2019-09-04 10:15:56,502 [pool-494-thread-1] INFO  storage.RaftStorage (RaftStorage.java:format(72)) - Storage directory /workdir/hadoop-ozone/integration-test/target/test-dir/MiniOzoneClusterImpl-1126da7d-fe5a-4ddc-9a88-3eece028067c/datanode-5/data/ratis/a0ad6de2-1a01-40e6-a6a3-f6678b52affa has been successfully formatted.
2019-09-04 10:15:56,502 [pool-472-thread-1] INFO  ratis.ContainerStateMachine (ContainerStateMachine.java:loadSnapshot(226)) - group-F6678B52AFFA: The snapshot info is null. Setting the last applied indexto:(t:0, i:~)
2019-09-04 10:15:56,503 [pool-494-thread-1] INFO  ratis.ContainerStateMachine (ContainerStateMachine.java:loadSnapshot(226)) - group-F6678B52AFFA: The snapshot info is null. Setting the last applied indexto:(t:0, i:~)
2019-09-04 10:15:56,503 [pool-483-thread-1] INFO  ratis.ContainerStateMachine (ContainerStateMachine.java:loadSnapshot(226)) - group-F6678B52AFFA: The snapshot info is null. Setting the last applied indexto:(t:0, i:~)
2019-09-04 10:15:56,503 [pool-494-thread-1] INFO  server.RaftServerConfigKeys (ConfUtils.java:logGet(43)) - raft.server.leader.election.timeout = 120s (custom)
2019-09-04 10:15:56,503 [pool-472-thread-1] INFO  server.RaftServerConfigKeys (ConfUtils.java:logGet(43)) - raft.server.leader.election.timeout = 120s (custom)
2019-09-04 10:15:56,503 [pool-494-thread-1] INFO  server.RaftServerConfigKeys (ConfUtils.java:logGet(43)) - raft.server.log.use.memory = false (default)
2019-09-04 10:15:56,503 [pool-483-thread-1] INFO  server.RaftServerConfigKeys (ConfUtils.java:logGet(43)) - raft.server.leader.election.timeout = 120s (custom)
2019-09-04 10:15:56,504 [pool-494-thread-1] INFO  server.RaftServerConfigKeys (ConfUtils.java:logGet(43)) - raft.server.log.purge.gap = 1000000 (custom)
2019-09-04 10:15:56,503 [pool-472-thread-1] INFO  server.RaftServerConfigKeys (ConfUtils.java:logGet(43)) - raft.server.log.use.memory = false (default)
2019-09-04 10:15:56,504 [pool-494-thread-1] INFO  server.RaftServerConfigKeys (ConfUtils.java:logGet(43)) - raft.server.log.appender.buffer.byte-limit = 33554432 (custom)
2019-09-04 10:15:56,504 [pool-483-thread-1] INFO  server.RaftServerConfigKeys (ConfUtils.java:logGet(43)) - raft.server.log.use.memory = false (default)
2019-09-04 10:15:56,504 [pool-494-thread-1] INFO  server.RaftServerConfigKeys (ConfUtils.java:logGet(43)) - raft.server.log.segment.size.max = 1048576 (custom)
2019-09-04 10:15:56,504 [pool-472-thread-1] INFO  server.RaftServerConfigKeys (ConfUtils.java:logGet(43)) - raft.server.log.purge.gap = 1000000 (custom)
2019-09-04 10:15:56,504 [pool-494-thread-1] INFO  server.RaftServerConfigKeys (ConfUtils.java:logGet(43)) - raft.server.log.segment.cache.num.max = 2 (custom)
2019-09-04 10:15:56,504 [pool-483-thread-1] INFO  server.RaftServerConfigKeys (ConfUtils.java:logGet(43)) - raft.server.log.purge.gap = 1000000 (custom)
2019-09-04 10:15:56,505 [pool-494-thread-1] INFO  segmented.SegmentedRaftLogWorker (SegmentedRaftLogWorker.java:<init>(172)) - new 6d94adbb-9f8c-46a2-8e14-6bea29af47e5-SegmentedRaftLogWorker:Storage Directory /workdir/hadoop-ozone/integration-test/target/test-dir/MiniOzoneClusterImpl-1126da7d-fe5a-4ddc-9a88-3eece028067c/datanode-5/data/ratis/a0ad6de2-1a01-40e6-a6a3-f6678b52affa for RaftStorage:Storage Directory /workdir/hadoop-ozone/integration-test/target/test-dir/MiniOzoneClusterImpl-1126da7d-fe5a-4ddc-9a88-3eece028067c/datanode-5/data/ratis/a0ad6de2-1a01-40e6-a6a3-f6678b52affa
2019-09-04 10:15:56,505 [pool-472-thread-1] INFO  server.RaftServerConfigKeys (ConfUtils.java:logGet(43)) - raft.server.log.appender.buffer.byte-limit = 33554432 (custom)
2019-09-04 10:15:56,505 [pool-494-thread-1] INFO  server.RaftServerConfigKeys (ConfUtils.java:logGet(43)) - raft.server.log.queue.byte-limit = 2147483647 (custom)
2019-09-04 10:15:56,505 [pool-483-thread-1] INFO  server.RaftServerConfigKeys (ConfUtils.java:logGet(43)) - raft.server.log.appender.buffer.byte-limit = 33554432 (custom)
2019-09-04 10:15:56,505 [pool-494-thread-1] INFO  server.RaftServerConfigKeys (ConfUtils.java:logGet(43)) - raft.server.log.queue.element-limit = 1024 (custom)
2019-09-04 10:15:56,505 [pool-472-thread-1] INFO  server.RaftServerConfigKeys (ConfUtils.java:logGet(43)) - raft.server.log.segment.size.max = 1048576 (custom)
2019-09-04 10:15:56,506 [pool-494-thread-1] INFO  server.RaftServerConfigKeys (ConfUtils.java:logGet(43)) - raft.server.log.segment.size.max = 1048576 (custom)
2019-09-04 10:15:56,506 [pool-483-thread-1] INFO  server.RaftServerConfigKeys (ConfUtils.java:logGet(43)) - raft.server.log.segment.size.max = 1048576 (custom)
2019-09-04 10:15:56,506 [pool-494-thread-1] INFO  server.RaftServerConfigKeys (ConfUtils.java:logGet(43)) - raft.server.log.preallocated.size = 16384 (custom)
2019-09-04 10:15:56,506 [pool-472-thread-1] INFO  server.RaftServerConfigKeys (ConfUtils.java:logGet(43)) - raft.server.log.segment.cache.num.max = 2 (custom)
2019-09-04 10:15:56,506 [pool-494-thread-1] INFO  server.RaftServerConfigKeys (ConfUtils.java:logGet(43)) - raft.server.log.write.buffer.size = 33554432 (custom)
2019-09-04 10:15:56,506 [pool-483-thread-1] INFO  server.RaftServerConfigKeys (ConfUtils.java:logGet(43)) - raft.server.log.segment.cache.num.max = 2 (custom)
2019-09-04 10:15:56,507 [pool-494-thread-1] INFO  server.RaftServerConfigKeys (ConfUtils.java:logGet(43)) - raft.server.log.force.sync.num = 128 (default)
2019-09-04 10:15:56,507 [pool-494-thread-1] INFO  server.RaftServerConfigKeys (ConfUtils.java:logGet(43)) - raft.server.log.statemachine.data.sync = true (default)
2019-09-04 10:15:56,507 [pool-472-thread-1] INFO  segmented.SegmentedRaftLogWorker (SegmentedRaftLogWorker.java:<init>(172)) - new 6c9cea2f-f547-4d36-9e9d-21f9e8213c72-SegmentedRaftLogWorker:Storage Directory /workdir/hadoop-ozone/integration-test/target/test-dir/MiniOzoneClusterImpl-1126da7d-fe5a-4ddc-9a88-3eece028067c/datanode-3/data/ratis/a0ad6de2-1a01-40e6-a6a3-f6678b52affa for RaftStorage:Storage Directory /workdir/hadoop-ozone/integration-test/target/test-dir/MiniOzoneClusterImpl-1126da7d-fe5a-4ddc-9a88-3eece028067c/datanode-3/data/ratis/a0ad6de2-1a01-40e6-a6a3-f6678b52affa
2019-09-04 10:15:56,507 [pool-494-thread-1] INFO  server.RaftServerConfigKeys (ConfUtils.java:logGet(43)) - raft.server.log.statemachine.data.sync.timeout = 10s (default)
2019-09-04 10:15:56,507 [pool-483-thread-1] INFO  segmented.SegmentedRaftLogWorker (SegmentedRaftLogWorker.java:<init>(172)) - new fe2c9e73-6c2d-4a43-92e0-1dab16afefd5-SegmentedRaftLogWorker:Storage Directory /workdir/hadoop-ozone/integration-test/target/test-dir/MiniOzoneClusterImpl-1126da7d-fe5a-4ddc-9a88-3eece028067c/datanode-4/data/ratis/a0ad6de2-1a01-40e6-a6a3-f6678b52affa for RaftStorage:Storage Directory /workdir/hadoop-ozone/integration-test/target/test-dir/MiniOzoneClusterImpl-1126da7d-fe5a-4ddc-9a88-3eece028067c/datanode-4/data/ratis/a0ad6de2-1a01-40e6-a6a3-f6678b52affa
2019-09-04 10:15:56,507 [pool-494-thread-1] INFO  server.RaftServerConfigKeys (ConfUtils.java:logGet(43)) - raft.server.log.statemachine.data.sync.timeout.retry = -1 (default)
2019-09-04 10:15:56,507 [pool-472-thread-1] INFO  server.RaftServerConfigKeys (ConfUtils.java:logGet(43)) - raft.server.log.queue.byte-limit = 2147483647 (custom)
2019-09-04 10:15:56,508 [pool-494-thread-1] INFO  server.RaftServerConfigKeys (ConfUtils.java:logGet(43)) - raft.server.log.statemachine.data.caching.enabled = true (custom)
2019-09-04 10:15:56,508 [pool-483-thread-1] INFO  server.RaftServerConfigKeys (ConfUtils.java:logGet(43)) - raft.server.log.queue.byte-limit = 2147483647 (custom)
2019-09-04 10:15:56,508 [pool-494-thread-1] INFO  segmented.SegmentedRaftLogWorker (SegmentedRaftLogWorker.java:lambda$new$0(132)) - 6d94adbb-9f8c-46a2-8e14-6bea29af47e5-SegmentedRaftLogWorker:Storage Directory /workdir/hadoop-ozone/integration-test/target/test-dir/MiniOzoneClusterImpl-1126da7d-fe5a-4ddc-9a88-3eece028067c/datanode-5/data/ratis/a0ad6de2-1a01-40e6-a6a3-f6678b52affa: flushIndex: setUnconditionally 0 -> -1
2019-09-04 10:15:56,508 [pool-472-thread-1] INFO  server.RaftServerConfigKeys (ConfUtils.java:logGet(43)) - raft.server.log.queue.element-limit = 1024 (custom)
2019-09-04 10:15:56,508 [pool-483-thread-1] INFO  server.RaftServerConfigKeys (ConfUtils.java:logGet(43)) - raft.server.log.queue.element-limit = 1024 (custom)
2019-09-04 10:15:56,509 [pool-472-thread-1] INFO  server.RaftServerConfigKeys (ConfUtils.java:logGet(43)) - raft.server.log.segment.size.max = 1048576 (custom)
2019-09-04 10:15:56,509 [pool-494-thread-1] INFO  server.RaftServerConfigKeys (ConfUtils.java:logGet(43)) - raft.server.snapshot.auto.trigger.enabled = true (custom)
2019-09-04 10:15:56,509 [pool-472-thread-1] INFO  server.RaftServerConfigKeys (ConfUtils.java:logGet(43)) - raft.server.log.preallocated.size = 16384 (custom)
2019-09-04 10:15:56,509 [pool-483-thread-1] INFO  server.RaftServerConfigKeys (ConfUtils.java:logGet(43)) - raft.server.log.segment.size.max = 1048576 (custom)
2019-09-04 10:15:56,509 [pool-472-thread-1] INFO  server.RaftServerConfigKeys (ConfUtils.java:logGet(43)) - raft.server.log.write.buffer.size = 33554432 (custom)
2019-09-04 10:15:56,510 [pool-472-thread-1] INFO  server.RaftServerConfigKeys (ConfUtils.java:logGet(43)) - raft.server.log.force.sync.num = 128 (default)
2019-09-04 10:15:56,509 [pool-494-thread-1] INFO  server.RaftServerConfigKeys (ConfUtils.java:logGet(43)) - raft.server.snapshot.auto.trigger.threshold = 10000 (custom)
2019-09-04 10:15:56,510 [pool-472-thread-1] INFO  server.RaftServerConfigKeys (ConfUtils.java:logGet(43)) - raft.server.log.statemachine.data.sync = true (default)
2019-09-04 10:15:56,509 [pool-483-thread-1] INFO  server.RaftServerConfigKeys (ConfUtils.java:logGet(43)) - raft.server.log.preallocated.size = 16384 (custom)
2019-09-04 10:15:56,510 [pool-472-thread-1] INFO  server.RaftServerConfigKeys (ConfUtils.java:logGet(43)) - raft.server.log.statemachine.data.sync.timeout = 10s (default)
2019-09-04 10:15:56,510 [pool-494-thread-1] INFO  server.RaftServerConfigKeys (ConfUtils.java:logGet(43)) - raft.server.retrycache.expirytime = 600000ms (custom)
2019-09-04 10:15:56,510 [pool-472-thread-1] INFO  server.RaftServerConfigKeys (ConfUtils.java:logGet(43)) - raft.server.log.statemachine.data.sync.timeout.retry = -1 (default)
2019-09-04 10:15:56,510 [pool-483-thread-1] INFO  server.RaftServerConfigKeys (ConfUtils.java:logGet(43)) - raft.server.log.write.buffer.size = 33554432 (custom)
2019-09-04 10:15:56,511 [pool-472-thread-1] INFO  server.RaftServerConfigKeys (ConfUtils.java:logGet(43)) - raft.server.log.statemachine.data.caching.enabled = true (custom)
2019-09-04 10:15:56,511 [pool-494-thread-1] INFO  impl.RaftServerImpl (RaftServerImpl.java:start(180)) - 6d94adbb-9f8c-46a2-8e14-6bea29af47e5: start group-F6678B52AFFA
2019-09-04 10:15:56,511 [pool-483-thread-1] INFO  server.RaftServerConfigKeys (ConfUtils.java:logGet(43)) - raft.server.log.force.sync.num = 128 (default)
2019-09-04 10:15:56,511 [pool-494-thread-1] INFO  impl.RaftServerImpl (RaftServerImpl.java:setRole(171)) - 6d94adbb-9f8c-46a2-8e14-6bea29af47e5:group-F6678B52AFFA changes role from null to FOLLOWER at term 0 for startAsFollower
2019-09-04 10:15:56,511 [pool-472-thread-1] INFO  segmented.SegmentedRaftLogWorker (SegmentedRaftLogWorker.java:lambda$new$0(132)) - 6c9cea2f-f547-4d36-9e9d-21f9e8213c72-SegmentedRaftLogWorker:Storage Directory /workdir/hadoop-ozone/integration-test/target/test-dir/MiniOzoneClusterImpl-1126da7d-fe5a-4ddc-9a88-3eece028067c/datanode-3/data/ratis/a0ad6de2-1a01-40e6-a6a3-f6678b52affa: flushIndex: setUnconditionally 0 -> -1
2019-09-04 10:15:56,512 [pool-494-thread-1] INFO  impl.RoleInfo (RoleInfo.java:updateAndGet(143)) - 6d94adbb-9f8c-46a2-8e14-6bea29af47e5: start FollowerState
2019-09-04 10:15:56,511 [pool-483-thread-1] INFO  server.RaftServerConfigKeys (ConfUtils.java:logGet(43)) - raft.server.log.statemachine.data.sync = true (default)
2019-09-04 10:15:56,512 [pool-472-thread-1] INFO  server.RaftServerConfigKeys (ConfUtils.java:logGet(43)) - raft.server.snapshot.auto.trigger.enabled = true (custom)
2019-09-04 10:15:56,512 [pool-483-thread-1] INFO  server.RaftServerConfigKeys (ConfUtils.java:logGet(43)) - raft.server.log.statemachine.data.sync.timeout = 10s (default)
2019-09-04 10:15:56,512 [pool-472-thread-1] INFO  server.RaftServerConfigKeys (ConfUtils.java:logGet(43)) - raft.server.snapshot.auto.trigger.threshold = 10000 (custom)
2019-09-04 10:15:56,512 [pool-494-thread-1] INFO  util.JmxRegister (JmxRegister.java:tryRegister(44)) - Successfully registered JMX Bean with object name Ratis:service=RaftServer,group=group-F6678B52AFFA,id=6d94adbb-9f8c-46a2-8e14-6bea29af47e5
2019-09-04 10:15:56,513 [pool-472-thread-1] INFO  server.RaftServerConfigKeys (ConfUtils.java:logGet(43)) - raft.server.retrycache.expirytime = 600000ms (custom)
2019-09-04 10:15:56,512 [pool-483-thread-1] INFO  server.RaftServerConfigKeys (ConfUtils.java:logGet(43)) - raft.server.log.statemachine.data.sync.timeout.retry = -1 (default)
2019-09-04 10:15:56,513 [pool-472-thread-1] INFO  impl.RaftServerImpl (RaftServerImpl.java:start(180)) - 6c9cea2f-f547-4d36-9e9d-21f9e8213c72: start group-F6678B52AFFA
2019-09-04 10:15:56,513 [pool-483-thread-1] INFO  server.RaftServerConfigKeys (ConfUtils.java:logGet(43)) - raft.server.log.statemachine.data.caching.enabled = true (custom)
2019-09-04 10:15:56,513 [pool-472-thread-1] INFO  impl.RaftServerImpl (RaftServerImpl.java:setRole(171)) - 6c9cea2f-f547-4d36-9e9d-21f9e8213c72:group-F6678B52AFFA changes role from null to FOLLOWER at term 0 for startAsFollower
2019-09-04 10:15:56,514 [pool-472-thread-1] INFO  impl.RoleInfo (RoleInfo.java:updateAndGet(143)) - 6c9cea2f-f547-4d36-9e9d-21f9e8213c72: start FollowerState
2019-09-04 10:15:56,514 [pool-483-thread-1] INFO  segmented.SegmentedRaftLogWorker (SegmentedRaftLogWorker.java:lambda$new$0(132)) - fe2c9e73-6c2d-4a43-92e0-1dab16afefd5-SegmentedRaftLogWorker:Storage Directory /workdir/hadoop-ozone/integration-test/target/test-dir/MiniOzoneClusterImpl-1126da7d-fe5a-4ddc-9a88-3eece028067c/datanode-4/data/ratis/a0ad6de2-1a01-40e6-a6a3-f6678b52affa: flushIndex: setUnconditionally 0 -> -1
2019-09-04 10:15:56,517 [pool-472-thread-1] INFO  util.JmxRegister (JmxRegister.java:tryRegister(44)) - Successfully registered JMX Bean with object name Ratis:service=RaftServer,group=group-F6678B52AFFA,id=6c9cea2f-f547-4d36-9e9d-21f9e8213c72
2019-09-04 10:15:56,517 [pool-483-thread-1] INFO  server.RaftServerConfigKeys (ConfUtils.java:logGet(43)) - raft.server.snapshot.auto.trigger.enabled = true (custom)
2019-09-04 10:15:56,517 [pool-483-thread-1] INFO  server.RaftServerConfigKeys (ConfUtils.java:logGet(43)) - raft.server.snapshot.auto.trigger.threshold = 10000 (custom)
2019-09-04 10:15:56,517 [pool-483-thread-1] INFO  server.RaftServerConfigKeys (ConfUtils.java:logGet(43)) - raft.server.retrycache.expirytime = 600000ms (custom)
2019-09-04 10:15:56,517 [pool-483-thread-1] INFO  impl.RaftServerImpl (RaftServerImpl.java:start(180)) - fe2c9e73-6c2d-4a43-92e0-1dab16afefd5: start group-F6678B52AFFA
2019-09-04 10:15:56,518 [pool-483-thread-1] INFO  impl.RaftServerImpl (RaftServerImpl.java:setRole(171)) - fe2c9e73-6c2d-4a43-92e0-1dab16afefd5:group-F6678B52AFFA changes role from null to FOLLOWER at term 0 for startAsFollower
2019-09-04 10:15:56,518 [pool-483-thread-1] INFO  impl.RoleInfo (RoleInfo.java:updateAndGet(143)) - fe2c9e73-6c2d-4a43-92e0-1dab16afefd5: start FollowerState
2019-09-04 10:15:56,520 [pool-483-thread-1] INFO  util.JmxRegister (JmxRegister.java:tryRegister(44)) - Successfully registered JMX Bean with object name Ratis:service=RaftServer,group=group-F6678B52AFFA,id=fe2c9e73-6c2d-4a43-92e0-1dab16afefd5
2019-09-04 10:15:56,525 [RatisPipelineUtilsThread] INFO  pipeline.PipelineStateManager (PipelineStateManager.java:addPipeline(56)) - Created pipeline Pipeline[ Id: a0ad6de2-1a01-40e6-a6a3-f6678b52affa, Nodes: fe2c9e73-6c2d-4a43-92e0-1dab16afefd5{ip: 192.168.36.67, host: pr-hdds-1569-fjd24-125839774, networkLocation: /default-rack, certSerialId: null}6c9cea2f-f547-4d36-9e9d-21f9e8213c72{ip: 192.168.36.67, host: pr-hdds-1569-fjd24-125839774, networkLocation: /default-rack, certSerialId: null}6d94adbb-9f8c-46a2-8e14-6bea29af47e5{ip: 192.168.36.67, host: pr-hdds-1569-fjd24-125839774, networkLocation: /default-rack, certSerialId: null}, Type:RATIS, Factor:THREE, State:OPEN]
2019-09-04 10:15:56,641 [main] INFO  ozone.MiniOzoneClusterImpl (MiniOzoneClusterImpl.java:lambda$waitForClusterToBeReady$0(142)) - Waiting for cluster to be ready. Got 6 of 7 DN Heartbeats.
2019-09-04 10:15:56,641 [IPC Server handler 4 on 33895] INFO  net.NetworkTopology (NetworkTopologyImpl.java:add(110)) - Added a new node: /default-rack/583e914f-c7c5-4b66-98fc-37d50dda33f5
2019-09-04 10:15:56,641 [IPC Server handler 4 on 33895] INFO  node.SCMNodeManager (SCMNodeManager.java:register(273)) - Registered Data node : 583e914f-c7c5-4b66-98fc-37d50dda33f5{ip: 192.168.36.67, host: pr-hdds-1569-fjd24-125839774, networkLocation: /default-rack, certSerialId: null}
2019-09-04 10:15:56,642 | INFO  | SCMAudit | user=jenkins1000 | ip=192.168.36.67 | op=REGISTER {datanodeDetails=583e914f-c7c5-4b66-98fc-37d50dda33f5{ip: 192.168.36.67, host: pr-hdds-1569-fjd24-125839774, networkLocation: /default-rack, certSerialId: null}} | ret=SUCCESS |  
2019-09-04 10:15:56,650 [grpc-default-executor-1] INFO  impl.RaftServerProxy (RaftServerProxy.java:addNew(89)) - 583e914f-c7c5-4b66-98fc-37d50dda33f5: addNew group-CDF1B8DA86BC:[583e914f-c7c5-4b66-98fc-37d50dda33f5:192.168.36.67:40850] returns group-CDF1B8DA86BC:java.util.concurrent.CompletableFuture@29573a18[Not completed]
2019-09-04 10:15:56,651 [pool-505-thread-1] INFO  impl.RaftServerImpl (RaftServerImpl.java:<init>(93)) - 583e914f-c7c5-4b66-98fc-37d50dda33f5: new RaftServerImpl for group-CDF1B8DA86BC:[583e914f-c7c5-4b66-98fc-37d50dda33f5:192.168.36.67:40850] with ContainerStateMachine:uninitialized
2019-09-04 10:15:56,651 [pool-505-thread-1] INFO  server.RaftServerConfigKeys (ConfUtils.java:logGet(43)) - raft.server.rpc.timeout.min = 5s (custom)
2019-09-04 10:15:56,652 [pool-505-thread-1] INFO  server.RaftServerConfigKeys (ConfUtils.java:logGet(43)) - raft.server.rpc.timeout.max = 5200ms (custom)
2019-09-04 10:15:56,652 [pool-505-thread-1] INFO  server.RaftServerConfigKeys (ConfUtils.java:logGet(43)) - raft.server.rpcslowness.timeout = 120s (custom)
2019-09-04 10:15:56,652 [pool-505-thread-1] INFO  server.RaftServerConfigKeys (ConfUtils.java:logGet(43)) - raft.server.sleep.deviation.threshold = 300 (default)
2019-09-04 10:15:56,652 [pool-505-thread-1] INFO  server.RaftServerConfigKeys (ConfUtils.java:logGet(43)) - raft.server.log.appender.install.snapshot.enabled = false (custom)
2019-09-04 10:15:56,652 [pool-505-thread-1] INFO  impl.RaftServerImpl (ServerState.java:<init>(105)) - 583e914f-c7c5-4b66-98fc-37d50dda33f5:group-CDF1B8DA86BC ConfigurationManager, init=-1: [583e914f-c7c5-4b66-98fc-37d50dda33f5:192.168.36.67:40850], old=null, confs=<EMPTY_MAP>
2019-09-04 10:15:56,653 [pool-505-thread-1] INFO  server.RaftServerConfigKeys (ConfUtils.java:logGet(43)) - raft.server.storage.dir = [/workdir/hadoop-ozone/integration-test/target/test-dir/MiniOzoneClusterImpl-1126da7d-fe5a-4ddc-9a88-3eece028067c/datanode-6/data/ratis] (custom)
2019-09-04 10:15:56,653 [pool-505-thread-1] INFO  storage.RaftStorageDirectory (RaftStorageDirectory.java:analyzeStorage(246)) - The storage directory /workdir/hadoop-ozone/integration-test/target/test-dir/MiniOzoneClusterImpl-1126da7d-fe5a-4ddc-9a88-3eece028067c/datanode-6/data/ratis/7cd97f62-3cd9-48f8-b4f9-cdf1b8da86bc does not exist. Creating ...
2019-09-04 10:15:56,679 [pool-505-thread-1] INFO  storage.RaftStorageDirectory (RaftStorageDirectory.java:tryLock(328)) - Lock on /workdir/hadoop-ozone/integration-test/target/test-dir/MiniOzoneClusterImpl-1126da7d-fe5a-4ddc-9a88-3eece028067c/datanode-6/data/ratis/7cd97f62-3cd9-48f8-b4f9-cdf1b8da86bc/in_use.lock acquired by nodename 21473@pr-hdds-1569-fjd24-125839774
2019-09-04 10:15:56,691 [pool-505-thread-1] INFO  storage.RaftStorage (RaftStorage.java:format(72)) - Storage directory /workdir/hadoop-ozone/integration-test/target/test-dir/MiniOzoneClusterImpl-1126da7d-fe5a-4ddc-9a88-3eece028067c/datanode-6/data/ratis/7cd97f62-3cd9-48f8-b4f9-cdf1b8da86bc has been successfully formatted.
2019-09-04 10:15:56,691 [pool-505-thread-1] INFO  ratis.ContainerStateMachine (ContainerStateMachine.java:loadSnapshot(226)) - group-CDF1B8DA86BC: The snapshot info is null. Setting the last applied indexto:(t:0, i:~)
2019-09-04 10:15:56,691 [pool-505-thread-1] INFO  server.RaftServerConfigKeys (ConfUtils.java:logGet(43)) - raft.server.leader.election.timeout = 120s (custom)
2019-09-04 10:15:56,692 [pool-505-thread-1] INFO  server.RaftServerConfigKeys (ConfUtils.java:logGet(43)) - raft.server.log.use.memory = false (default)
2019-09-04 10:15:56,692 [pool-505-thread-1] INFO  server.RaftServerConfigKeys (ConfUtils.java:logGet(43)) - raft.server.log.purge.gap = 1000000 (custom)
2019-09-04 10:15:56,692 [pool-505-thread-1] INFO  server.RaftServerConfigKeys (ConfUtils.java:logGet(43)) - raft.server.log.appender.buffer.byte-limit = 33554432 (custom)
2019-09-04 10:15:56,692 [pool-505-thread-1] INFO  server.RaftServerConfigKeys (ConfUtils.java:logGet(43)) - raft.server.log.segment.size.max = 1048576 (custom)
2019-09-04 10:15:56,692 [pool-505-thread-1] INFO  server.RaftServerConfigKeys (ConfUtils.java:logGet(43)) - raft.server.log.segment.cache.num.max = 2 (custom)
2019-09-04 10:15:56,692 [pool-505-thread-1] INFO  segmented.SegmentedRaftLogWorker (SegmentedRaftLogWorker.java:<init>(172)) - new 583e914f-c7c5-4b66-98fc-37d50dda33f5-SegmentedRaftLogWorker:Storage Directory /workdir/hadoop-ozone/integration-test/target/test-dir/MiniOzoneClusterImpl-1126da7d-fe5a-4ddc-9a88-3eece028067c/datanode-6/data/ratis/7cd97f62-3cd9-48f8-b4f9-cdf1b8da86bc for RaftStorage:Storage Directory /workdir/hadoop-ozone/integration-test/target/test-dir/MiniOzoneClusterImpl-1126da7d-fe5a-4ddc-9a88-3eece028067c/datanode-6/data/ratis/7cd97f62-3cd9-48f8-b4f9-cdf1b8da86bc
2019-09-04 10:15:56,693 [pool-505-thread-1] INFO  server.RaftServerConfigKeys (ConfUtils.java:logGet(43)) - raft.server.log.queue.byte-limit = 2147483647 (custom)
2019-09-04 10:15:56,693 [pool-505-thread-1] INFO  server.RaftServerConfigKeys (ConfUtils.java:logGet(43)) - raft.server.log.queue.element-limit = 1024 (custom)
2019-09-04 10:15:56,693 [pool-505-thread-1] INFO  server.RaftServerConfigKeys (ConfUtils.java:logGet(43)) - raft.server.log.segment.size.max = 1048576 (custom)
2019-09-04 10:15:56,693 [pool-505-thread-1] INFO  server.RaftServerConfigKeys (ConfUtils.java:logGet(43)) - raft.server.log.preallocated.size = 16384 (custom)
2019-09-04 10:15:56,693 [pool-505-thread-1] INFO  server.RaftServerConfigKeys (ConfUtils.java:logGet(43)) - raft.server.log.write.buffer.size = 33554432 (custom)
2019-09-04 10:15:56,694 [pool-505-thread-1] INFO  server.RaftServerConfigKeys (ConfUtils.java:logGet(43)) - raft.server.log.force.sync.num = 128 (default)
2019-09-04 10:15:56,694 [pool-505-thread-1] INFO  server.RaftServerConfigKeys (ConfUtils.java:logGet(43)) - raft.server.log.statemachine.data.sync = true (default)
2019-09-04 10:15:56,694 [pool-505-thread-1] INFO  server.RaftServerConfigKeys (ConfUtils.java:logGet(43)) - raft.server.log.statemachine.data.sync.timeout = 10s (default)
2019-09-04 10:15:56,694 [pool-505-thread-1] INFO  server.RaftServerConfigKeys (ConfUtils.java:logGet(43)) - raft.server.log.statemachine.data.sync.timeout.retry = -1 (default)
2019-09-04 10:15:56,694 [pool-505-thread-1] INFO  server.RaftServerConfigKeys (ConfUtils.java:logGet(43)) - raft.server.log.statemachine.data.caching.enabled = true (custom)
2019-09-04 10:15:56,695 [pool-505-thread-1] INFO  segmented.SegmentedRaftLogWorker (SegmentedRaftLogWorker.java:lambda$new$0(132)) - 583e914f-c7c5-4b66-98fc-37d50dda33f5-SegmentedRaftLogWorker:Storage Directory /workdir/hadoop-ozone/integration-test/target/test-dir/MiniOzoneClusterImpl-1126da7d-fe5a-4ddc-9a88-3eece028067c/datanode-6/data/ratis/7cd97f62-3cd9-48f8-b4f9-cdf1b8da86bc: flushIndex: setUnconditionally 0 -> -1
2019-09-04 10:15:56,695 [pool-505-thread-1] INFO  server.RaftServerConfigKeys (ConfUtils.java:logGet(43)) - raft.server.snapshot.auto.trigger.enabled = true (custom)
2019-09-04 10:15:56,695 [pool-505-thread-1] INFO  server.RaftServerConfigKeys (ConfUtils.java:logGet(43)) - raft.server.snapshot.auto.trigger.threshold = 10000 (custom)
2019-09-04 10:15:56,695 [pool-505-thread-1] INFO  server.RaftServerConfigKeys (ConfUtils.java:logGet(43)) - raft.server.retrycache.expirytime = 600000ms (custom)
2019-09-04 10:15:56,696 [pool-505-thread-1] INFO  impl.RaftServerImpl (RaftServerImpl.java:start(180)) - 583e914f-c7c5-4b66-98fc-37d50dda33f5: start group-CDF1B8DA86BC
2019-09-04 10:15:56,696 [pool-505-thread-1] INFO  impl.RaftServerImpl (RaftServerImpl.java:setRole(171)) - 583e914f-c7c5-4b66-98fc-37d50dda33f5:group-CDF1B8DA86BC changes role from null to FOLLOWER at term 0 for startAsFollower
2019-09-04 10:15:56,696 [pool-505-thread-1] INFO  impl.RoleInfo (RoleInfo.java:updateAndGet(143)) - 583e914f-c7c5-4b66-98fc-37d50dda33f5: start FollowerState
2019-09-04 10:15:56,696 [pool-505-thread-1] INFO  util.JmxRegister (JmxRegister.java:tryRegister(44)) - Successfully registered JMX Bean with object name Ratis:service=RaftServer,group=group-CDF1B8DA86BC,id=583e914f-c7c5-4b66-98fc-37d50dda33f5
2019-09-04 10:15:56,702 [RatisPipelineUtilsThread] INFO  pipeline.PipelineStateManager (PipelineStateManager.java:addPipeline(56)) - Created pipeline Pipeline[ Id: 7cd97f62-3cd9-48f8-b4f9-cdf1b8da86bc, Nodes: 583e914f-c7c5-4b66-98fc-37d50dda33f5{ip: 192.168.36.67, host: pr-hdds-1569-fjd24-125839774, networkLocation: /default-rack, certSerialId: null}, Type:RATIS, Factor:ONE, State:OPEN]
2019-09-04 10:15:57,048 | INFO  | SCMAudit | user=jenkins1000 | ip=192.168.36.67 | op=SEND_HEARTBEAT {datanodeUUID=e94d4415-dd42-482b-a9ab-d3c93cd7a0cf, command=[]} | ret=SUCCESS |  
2019-09-04 10:15:57,281 | INFO  | SCMAudit | user=jenkins1000 | ip=192.168.36.67 | op=SEND_HEARTBEAT {datanodeUUID=6f4be47b-46c8-42b4-aff3-8b1cb619a5c7, command=[]} | ret=SUCCESS |  
2019-09-04 10:15:57,641 [main] INFO  ozone.MiniOzoneClusterImpl (MiniOzoneClusterImpl.java:lambda$waitForClusterToBeReady$0(142)) - Cluster is ready. Got 7 of 7 DN Heartbeats.
2019-09-04 10:15:57,673 [main] INFO  rpc.RpcClient (RpcClient.java:createVolume(293)) - Creating Volume: testblockoutputstream, with jenkins1000 as owner.
2019-09-04 10:15:57,676 | INFO  | OMAudit | user=jenkins1000 | ip=127.0.0.1 | op=CREATE_VOLUME {admin=jenkins1000, owner=jenkins1000, volume=testblockoutputstream, creationTime=1567592157675, quotaInBytes=1152921504606846976} | ret=SUCCESS |  
2019-09-04 10:15:57,688 | INFO  | OMAudit | user=jenkins1000 | ip=127.0.0.1 | op=READ_VOLUME {volume=testblockoutputstream} | ret=SUCCESS |  
2019-09-04 10:15:57,689 [main] INFO  rpc.RpcClient (RpcClient.java:createBucket(432)) - Creating Bucket: testblockoutputstream/testblockoutputstream, with Versioning false and Storage Type set to DISK and Encryption set to false 
2019-09-04 10:15:57,693 | INFO  | OMAudit | user=jenkins1000 | ip=127.0.0.1 | op=CREATE_BUCKET {volume=testblockoutputstream, bucket=testblockoutputstream, acls=[user:jenkins1000:a[ACCESS], group:default:a[ACCESS]], isVersionEnabled=false, storageType=DISK, creationTime=0} | ret=SUCCESS |  
2019-09-04 10:15:57,694 | INFO  | OMAudit | user=jenkins1000 | ip=127.0.0.1 | op=READ_VOLUME {volume=testblockoutputstream} | ret=SUCCESS |  
2019-09-04 10:15:57,696 | INFO  | OMAudit | user=jenkins1000 | ip=127.0.0.1 | op=READ_BUCKET {volume=testblockoutputstream, bucket=testblockoutputstream} | ret=SUCCESS |  
2019-09-04 10:15:57,701 | INFO  | SCMAudit | user=jenkins1000 | ip=192.168.36.67 | op=ALLOCATE_BLOCK {owner=77414b4b-44de-4f71-8ae4-de382cc27a3e, size=800, type=RATIS, factor=THREE} | ret=SUCCESS |  
2019-09-04 10:15:57,704 | INFO  | OMAudit | user=jenkins1000 | ip=127.0.0.1 | op=ALLOCATE_KEY {volume=testblockoutputstream, bucket=testblockoutputstream, key=d1b76319-384d-4385-8b44-8995f94ffe16, dataSize=0, replicationType=RATIS, replicationFactor=THREE, keyLocationInfo=null} | ret=SUCCESS |  
2019-09-04 10:15:57,716 [grpc-default-executor-1] INFO  client.GrpcClientProtocolClient (GrpcClientProtocolClient.java:onNext(255)) - client-2CFCBC14A0C4->d4d82638-7d1a-4b3a-9d0e-2237e706c4db: receive RaftClientReply:client-2CFCBC14A0C4->d4d82638-7d1a-4b3a-9d0e-2237e706c4db@group-DA02C29FC776, cid=183, FAILED org.apache.ratis.protocol.NotLeaderException: Server d4d82638-7d1a-4b3a-9d0e-2237e706c4db is not the leader (null). Request must be sent to leader., logIndex=0, commits[d4d82638-7d1a-4b3a-9d0e-2237e706c4db:c-1]
2019-09-04 10:15:57,765 | INFO  | SCMAudit | user=jenkins1000 | ip=192.168.36.67 | op=SEND_HEARTBEAT {datanodeUUID=d4d82638-7d1a-4b3a-9d0e-2237e706c4db, command=[]} | ret=SUCCESS |  
2019-09-04 10:15:57,978 | INFO  | SCMAudit | user=jenkins1000 | ip=192.168.36.67 | op=SEND_HEARTBEAT {datanodeUUID=6c9cea2f-f547-4d36-9e9d-21f9e8213c72, command=[]} | ret=SUCCESS |  
2019-09-04 10:15:58,048 | INFO  | SCMAudit | user=jenkins1000 | ip=192.168.36.67 | op=SEND_HEARTBEAT {datanodeUUID=e94d4415-dd42-482b-a9ab-d3c93cd7a0cf, command=[]} | ret=SUCCESS |  
2019-09-04 10:15:58,060 [Thread-3546] INFO  container.ReplicationManager (ReplicationManager.java:start(152)) - Starting Replication Monitor Thread.
2019-09-04 10:15:58,064 [ReplicationMonitor] INFO  container.ReplicationManager (ReplicationManager.java:run(215)) - Replication Monitor Thread took 0 milliseconds for processing 1 containers.
2019-09-04 10:15:58,190 | INFO  | SCMAudit | user=jenkins1000 | ip=192.168.36.67 | op=SEND_HEARTBEAT {datanodeUUID=fe2c9e73-6c2d-4a43-92e0-1dab16afefd5, command=[]} | ret=SUCCESS |  
2019-09-04 10:15:58,280 | INFO  | SCMAudit | user=jenkins1000 | ip=192.168.36.67 | op=SEND_HEARTBEAT {datanodeUUID=6f4be47b-46c8-42b4-aff3-8b1cb619a5c7, command=[]} | ret=SUCCESS |  
2019-09-04 10:15:58,408 | INFO  | SCMAudit | user=jenkins1000 | ip=192.168.36.67 | op=SEND_HEARTBEAT {datanodeUUID=6d94adbb-9f8c-46a2-8e14-6bea29af47e5, command=[]} | ret=SUCCESS |  
2019-09-04 10:15:58,641 | INFO  | SCMAudit | user=jenkins1000 | ip=192.168.36.67 | op=SEND_HEARTBEAT {datanodeUUID=583e914f-c7c5-4b66-98fc-37d50dda33f5, command=[]} | ret=SUCCESS |  
2019-09-04 10:15:58,742 [grpc-default-executor-1] INFO  client.GrpcClientProtocolClient (GrpcClientProtocolClient.java:onNext(255)) - client-2CFCBC14A0C4->e94d4415-dd42-482b-a9ab-d3c93cd7a0cf: receive RaftClientReply:client-2CFCBC14A0C4->e94d4415-dd42-482b-a9ab-d3c93cd7a0cf@group-DA02C29FC776, cid=183, FAILED org.apache.ratis.protocol.NotLeaderException: Server e94d4415-dd42-482b-a9ab-d3c93cd7a0cf is not the leader (null). Request must be sent to leader., logIndex=0, commits[e94d4415-dd42-482b-a9ab-d3c93cd7a0cf:c-1]
2019-09-04 10:15:58,766 | INFO  | SCMAudit | user=jenkins1000 | ip=192.168.36.67 | op=SEND_HEARTBEAT {datanodeUUID=d4d82638-7d1a-4b3a-9d0e-2237e706c4db, command=[]} | ret=SUCCESS |  
2019-09-04 10:15:58,978 | INFO  | SCMAudit | user=jenkins1000 | ip=192.168.36.67 | op=SEND_HEARTBEAT {datanodeUUID=6c9cea2f-f547-4d36-9e9d-21f9e8213c72, command=[]} | ret=SUCCESS |  
2019-09-04 10:15:59,048 | INFO  | SCMAudit | user=jenkins1000 | ip=192.168.36.67 | op=SEND_HEARTBEAT {datanodeUUID=e94d4415-dd42-482b-a9ab-d3c93cd7a0cf, command=[]} | ret=SUCCESS |  
2019-09-04 10:15:59,190 | INFO  | SCMAudit | user=jenkins1000 | ip=192.168.36.67 | op=SEND_HEARTBEAT {datanodeUUID=fe2c9e73-6c2d-4a43-92e0-1dab16afefd5, command=[]} | ret=SUCCESS |  
2019-09-04 10:15:59,280 | INFO  | SCMAudit | user=jenkins1000 | ip=192.168.36.67 | op=SEND_HEARTBEAT {datanodeUUID=6f4be47b-46c8-42b4-aff3-8b1cb619a5c7, command=[]} | ret=SUCCESS |  
2019-09-04 10:15:59,408 | INFO  | SCMAudit | user=jenkins1000 | ip=192.168.36.67 | op=SEND_HEARTBEAT {datanodeUUID=6d94adbb-9f8c-46a2-8e14-6bea29af47e5, command=[]} | ret=SUCCESS |  
2019-09-04 10:15:59,641 | INFO  | SCMAudit | user=jenkins1000 | ip=192.168.36.67 | op=SEND_HEARTBEAT {datanodeUUID=583e914f-c7c5-4b66-98fc-37d50dda33f5, command=[]} | ret=SUCCESS |  
2019-09-04 10:15:59,755 [grpc-default-executor-1] INFO  client.GrpcClientProtocolClient (GrpcClientProtocolClient.java:onNext(255)) - client-2CFCBC14A0C4->6f4be47b-46c8-42b4-aff3-8b1cb619a5c7: receive RaftClientReply:client-2CFCBC14A0C4->6f4be47b-46c8-42b4-aff3-8b1cb619a5c7@group-DA02C29FC776, cid=183, FAILED org.apache.ratis.protocol.NotLeaderException: Server 6f4be47b-46c8-42b4-aff3-8b1cb619a5c7 is not the leader (null). Request must be sent to leader., logIndex=0, commits[6f4be47b-46c8-42b4-aff3-8b1cb619a5c7:c-1]
2019-09-04 10:15:59,766 | INFO  | SCMAudit | user=jenkins1000 | ip=192.168.36.67 | op=SEND_HEARTBEAT {datanodeUUID=d4d82638-7d1a-4b3a-9d0e-2237e706c4db, command=[]} | ret=SUCCESS |  
2019-09-04 10:15:59,979 | INFO  | SCMAudit | user=jenkins1000 | ip=192.168.36.67 | op=SEND_HEARTBEAT {datanodeUUID=6c9cea2f-f547-4d36-9e9d-21f9e8213c72, command=[]} | ret=SUCCESS |  
2019-09-04 10:16:00,049 | INFO  | SCMAudit | user=jenkins1000 | ip=192.168.36.67 | op=SEND_HEARTBEAT {datanodeUUID=e94d4415-dd42-482b-a9ab-d3c93cd7a0cf, command=[]} | ret=SUCCESS |  
2019-09-04 10:16:00,191 | INFO  | SCMAudit | user=jenkins1000 | ip=192.168.36.67 | op=SEND_HEARTBEAT {datanodeUUID=fe2c9e73-6c2d-4a43-92e0-1dab16afefd5, command=[]} | ret=SUCCESS |  
2019-09-04 10:16:00,200 [Thread-3548] INFO  impl.FollowerState (FollowerState.java:run(106)) - e94d4415-dd42-482b-a9ab-d3c93cd7a0cf:group-544A7F681637 changes to CANDIDATE, lastRpcTime:5083, electionTimeout:5083ms
2019-09-04 10:16:00,200 [Thread-3548] INFO  impl.RoleInfo (RoleInfo.java:shutdownFollowerState(121)) - e94d4415-dd42-482b-a9ab-d3c93cd7a0cf: shutdown FollowerState
2019-09-04 10:16:00,201 [Thread-3548] INFO  impl.RaftServerImpl (RaftServerImpl.java:setRole(171)) - e94d4415-dd42-482b-a9ab-d3c93cd7a0cf:group-544A7F681637 changes role from FOLLOWER to CANDIDATE at term 0 for changeToCandidate
2019-09-04 10:16:00,201 [Thread-3548] INFO  impl.RoleInfo (RoleInfo.java:updateAndGet(143)) - e94d4415-dd42-482b-a9ab-d3c93cd7a0cf: start LeaderElection
2019-09-04 10:16:00,336 | INFO  | SCMAudit | user=jenkins1000 | ip=192.168.36.67 | op=SEND_HEARTBEAT {datanodeUUID=6f4be47b-46c8-42b4-aff3-8b1cb619a5c7, command=[]} | ret=SUCCESS |  
2019-09-04 10:16:00,336 [Thread-3551] INFO  impl.FollowerState (FollowerState.java:run(106)) - 6f4be47b-46c8-42b4-aff3-8b1cb619a5c7:group-58493F6E6D9B changes to CANDIDATE, lastRpcTime:5018, electionTimeout:5018ms
2019-09-04 10:16:00,336 [Thread-3551] INFO  impl.RoleInfo (RoleInfo.java:shutdownFollowerState(121)) - 6f4be47b-46c8-42b4-aff3-8b1cb619a5c7: shutdown FollowerState
2019-09-04 10:16:00,337 [Thread-3551] INFO  impl.RaftServerImpl (RaftServerImpl.java:setRole(171)) - 6f4be47b-46c8-42b4-aff3-8b1cb619a5c7:group-58493F6E6D9B changes role from FOLLOWER to CANDIDATE at term 0 for changeToCandidate
2019-09-04 10:16:00,337 [Thread-3551] INFO  impl.RoleInfo (RoleInfo.java:updateAndGet(143)) - 6f4be47b-46c8-42b4-aff3-8b1cb619a5c7: start LeaderElection
2019-09-04 10:16:00,349 [6f4be47b-46c8-42b4-aff3-8b1cb619a5c7:group-58493F6E6D9B:LeaderElection67] INFO  impl.LeaderElection (LeaderElection.java:askForVotes(181)) - 6f4be47b-46c8-42b4-aff3-8b1cb619a5c7:group-58493F6E6D9B:LeaderElection67: begin an election at term 1 for -1: [6f4be47b-46c8-42b4-aff3-8b1cb619a5c7:192.168.36.67:44582], old=null
2019-09-04 10:16:00,349 [e94d4415-dd42-482b-a9ab-d3c93cd7a0cf:group-544A7F681637:LeaderElection66] INFO  impl.LeaderElection (LeaderElection.java:askForVotes(181)) - e94d4415-dd42-482b-a9ab-d3c93cd7a0cf:group-544A7F681637:LeaderElection66: begin an election at term 1 for -1: [e94d4415-dd42-482b-a9ab-d3c93cd7a0cf:192.168.36.67:46723], old=null
2019-09-04 10:16:00,349 [6f4be47b-46c8-42b4-aff3-8b1cb619a5c7:group-58493F6E6D9B:LeaderElection67] INFO  impl.RoleInfo (RoleInfo.java:shutdownLeaderElection(134)) - 6f4be47b-46c8-42b4-aff3-8b1cb619a5c7: shutdown LeaderElection
2019-09-04 10:16:00,349 [e94d4415-dd42-482b-a9ab-d3c93cd7a0cf:group-544A7F681637:LeaderElection66] INFO  impl.RoleInfo (RoleInfo.java:shutdownLeaderElection(134)) - e94d4415-dd42-482b-a9ab-d3c93cd7a0cf: shutdown LeaderElection
2019-09-04 10:16:00,349 [6f4be47b-46c8-42b4-aff3-8b1cb619a5c7:group-58493F6E6D9B:LeaderElection67] INFO  impl.RaftServerImpl (RaftServerImpl.java:setRole(171)) - 6f4be47b-46c8-42b4-aff3-8b1cb619a5c7:group-58493F6E6D9B changes role from CANDIDATE to LEADER at term 1 for changeToLeader
2019-09-04 10:16:00,349 [e94d4415-dd42-482b-a9ab-d3c93cd7a0cf:group-544A7F681637:LeaderElection66] INFO  impl.RaftServerImpl (RaftServerImpl.java:setRole(171)) - e94d4415-dd42-482b-a9ab-d3c93cd7a0cf:group-544A7F681637 changes role from CANDIDATE to LEADER at term 1 for changeToLeader
2019-09-04 10:16:00,349 [6f4be47b-46c8-42b4-aff3-8b1cb619a5c7:group-58493F6E6D9B:LeaderElection67] INFO  impl.RaftServerImpl (ServerState.java:setLeader(263)) - 6f4be47b-46c8-42b4-aff3-8b1cb619a5c7:group-58493F6E6D9B change Leader from null to 6f4be47b-46c8-42b4-aff3-8b1cb619a5c7 at term 1 for becomeLeader, leader elected after 5037ms
2019-09-04 10:16:00,350 [e94d4415-dd42-482b-a9ab-d3c93cd7a0cf:group-544A7F681637:LeaderElection66] INFO  impl.RaftServerImpl (ServerState.java:setLeader(263)) - e94d4415-dd42-482b-a9ab-d3c93cd7a0cf:group-544A7F681637 change Leader from null to e94d4415-dd42-482b-a9ab-d3c93cd7a0cf at term 1 for becomeLeader, leader elected after 5237ms
2019-09-04 10:16:00,350 [6f4be47b-46c8-42b4-aff3-8b1cb619a5c7:group-58493F6E6D9B:LeaderElection67] INFO  server.RaftServerConfigKeys (ConfUtils.java:logGet(43)) - raft.server.staging.catchup.gap = 1000 (default)
2019-09-04 10:16:00,350 [e94d4415-dd42-482b-a9ab-d3c93cd7a0cf:group-544A7F681637:LeaderElection66] INFO  server.RaftServerConfigKeys (ConfUtils.java:logGet(43)) - raft.server.staging.catchup.gap = 1000 (default)
2019-09-04 10:16:00,350 [6f4be47b-46c8-42b4-aff3-8b1cb619a5c7:group-58493F6E6D9B:LeaderElection67] INFO  server.RaftServerConfigKeys (ConfUtils.java:logGet(43)) - raft.server.rpc.sleep.time = 25ms (default)
2019-09-04 10:16:00,350 [e94d4415-dd42-482b-a9ab-d3c93cd7a0cf:group-544A7F681637:LeaderElection66] INFO  server.RaftServerConfigKeys (ConfUtils.java:logGet(43)) - raft.server.rpc.sleep.time = 25ms (default)
2019-09-04 10:16:00,350 [6f4be47b-46c8-42b4-aff3-8b1cb619a5c7:group-58493F6E6D9B:LeaderElection67] INFO  server.RaftServerConfigKeys (ConfUtils.java:logGet(43)) - raft.server.write.element-limit = 4096 (default)
2019-09-04 10:16:00,350 [e94d4415-dd42-482b-a9ab-d3c93cd7a0cf:group-544A7F681637:LeaderElection66] INFO  server.RaftServerConfigKeys (ConfUtils.java:logGet(43)) - raft.server.write.element-limit = 4096 (default)
2019-09-04 10:16:00,351 [6f4be47b-46c8-42b4-aff3-8b1cb619a5c7:group-58493F6E6D9B:LeaderElection67] INFO  server.RaftServerConfigKeys (ConfUtils.java:logGet(43)) - raft.server.watch.timeout = 10s (default)
2019-09-04 10:16:00,351 [e94d4415-dd42-482b-a9ab-d3c93cd7a0cf:group-544A7F681637:LeaderElection66] INFO  server.RaftServerConfigKeys (ConfUtils.java:logGet(43)) - raft.server.watch.timeout = 10s (default)
2019-09-04 10:16:00,351 [6f4be47b-46c8-42b4-aff3-8b1cb619a5c7:group-58493F6E6D9B:LeaderElection67] INFO  server.RaftServerConfigKeys (ConfUtils.java:logGet(43)) - raft.server.watch.timeout.denomination = 1s (default)
2019-09-04 10:16:00,351 [e94d4415-dd42-482b-a9ab-d3c93cd7a0cf:group-544A7F681637:LeaderElection66] INFO  server.RaftServerConfigKeys (ConfUtils.java:logGet(43)) - raft.server.watch.timeout.denomination = 1s (default)
2019-09-04 10:16:00,351 [6f4be47b-46c8-42b4-aff3-8b1cb619a5c7:group-58493F6E6D9B:LeaderElection67] INFO  server.RaftServerConfigKeys (ConfUtils.java:logGet(43)) - raft.server.watch.element-limit = 65536 (default)
2019-09-04 10:16:00,351 [e94d4415-dd42-482b-a9ab-d3c93cd7a0cf:group-544A7F681637:LeaderElection66] INFO  server.RaftServerConfigKeys (ConfUtils.java:logGet(43)) - raft.server.watch.element-limit = 65536 (default)
2019-09-04 10:16:00,351 [e94d4415-dd42-482b-a9ab-d3c93cd7a0cf:group-544A7F681637:LeaderElection66] INFO  impl.RoleInfo (RoleInfo.java:updateAndGet(143)) - e94d4415-dd42-482b-a9ab-d3c93cd7a0cf: start LeaderState
2019-09-04 10:16:00,351 [6f4be47b-46c8-42b4-aff3-8b1cb619a5c7:group-58493F6E6D9B:LeaderElection67] INFO  impl.RoleInfo (RoleInfo.java:updateAndGet(143)) - 6f4be47b-46c8-42b4-aff3-8b1cb619a5c7: start LeaderState
2019-09-04 10:16:00,352 [6f4be47b-46c8-42b4-aff3-8b1cb619a5c7:group-58493F6E6D9B:LeaderElection67] INFO  segmented.SegmentedRaftLogWorker (SegmentedRaftLogWorker.java:startLogSegment(380)) - 6f4be47b-46c8-42b4-aff3-8b1cb619a5c7-SegmentedRaftLogWorker:Storage Directory /workdir/hadoop-ozone/integration-test/target/test-dir/MiniOzoneClusterImpl-1126da7d-fe5a-4ddc-9a88-3eece028067c/datanode-1/data/ratis/fcf61d1a-e04f-419a-9f7f-58493f6e6d9b: Starting segment from index:0
2019-09-04 10:16:00,352 [e94d4415-dd42-482b-a9ab-d3c93cd7a0cf:group-544A7F681637:LeaderElection66] INFO  segmented.SegmentedRaftLogWorker (SegmentedRaftLogWorker.java:startLogSegment(380)) - e94d4415-dd42-482b-a9ab-d3c93cd7a0cf-SegmentedRaftLogWorker:Storage Directory /workdir/hadoop-ozone/integration-test/target/test-dir/MiniOzoneClusterImpl-1126da7d-fe5a-4ddc-9a88-3eece028067c/datanode-0/data/ratis/9926f3f3-7b46-4471-a64f-544a7f681637: Starting segment from index:0
2019-09-04 10:16:00,353 [e94d4415-dd42-482b-a9ab-d3c93cd7a0cf:group-544A7F681637:LeaderElection66] INFO  impl.RaftServerImpl (ServerState.java:setRaftConf(361)) - e94d4415-dd42-482b-a9ab-d3c93cd7a0cf:group-544A7F681637 set configuration 0: [e94d4415-dd42-482b-a9ab-d3c93cd7a0cf:192.168.36.67:46723], old=null at 0
2019-09-04 10:16:00,353 [6f4be47b-46c8-42b4-aff3-8b1cb619a5c7:group-58493F6E6D9B:LeaderElection67] INFO  impl.RaftServerImpl (ServerState.java:setRaftConf(361)) - 6f4be47b-46c8-42b4-aff3-8b1cb619a5c7:group-58493F6E6D9B set configuration 0: [6f4be47b-46c8-42b4-aff3-8b1cb619a5c7:192.168.36.67:44582], old=null at 0
2019-09-04 10:16:00,405 [e94d4415-dd42-482b-a9ab-d3c93cd7a0cf-SegmentedRaftLogWorker:Storage Directory /workdir/hadoop-ozone/integration-test/target/test-dir/MiniOzoneClusterImpl-1126da7d-fe5a-4ddc-9a88-3eece028067c/datanode-0/data/ratis/9926f3f3-7b46-4471-a64f-544a7f681637] INFO  segmented.SegmentedRaftLogWorker (SegmentedRaftLogWorker.java:execute(569)) - e94d4415-dd42-482b-a9ab-d3c93cd7a0cf-SegmentedRaftLogWorker:Storage Directory /workdir/hadoop-ozone/integration-test/target/test-dir/MiniOzoneClusterImpl-1126da7d-fe5a-4ddc-9a88-3eece028067c/datanode-0/data/ratis/9926f3f3-7b46-4471-a64f-544a7f681637: created new log segment /workdir/hadoop-ozone/integration-test/target/test-dir/MiniOzoneClusterImpl-1126da7d-fe5a-4ddc-9a88-3eece028067c/datanode-0/data/ratis/9926f3f3-7b46-4471-a64f-544a7f681637/current/log_inprogress_0
2019-09-04 10:16:00,405 [6f4be47b-46c8-42b4-aff3-8b1cb619a5c7-SegmentedRaftLogWorker:Storage Directory /workdir/hadoop-ozone/integration-test/target/test-dir/MiniOzoneClusterImpl-1126da7d-fe5a-4ddc-9a88-3eece028067c/datanode-1/data/ratis/fcf61d1a-e04f-419a-9f7f-58493f6e6d9b] INFO  segmented.SegmentedRaftLogWorker (SegmentedRaftLogWorker.java:execute(569)) - 6f4be47b-46c8-42b4-aff3-8b1cb619a5c7-SegmentedRaftLogWorker:Storage Directory /workdir/hadoop-ozone/integration-test/target/test-dir/MiniOzoneClusterImpl-1126da7d-fe5a-4ddc-9a88-3eece028067c/datanode-1/data/ratis/fcf61d1a-e04f-419a-9f7f-58493f6e6d9b: created new log segment /workdir/hadoop-ozone/integration-test/target/test-dir/MiniOzoneClusterImpl-1126da7d-fe5a-4ddc-9a88-3eece028067c/datanode-1/data/ratis/fcf61d1a-e04f-419a-9f7f-58493f6e6d9b/current/log_inprogress_0
2019-09-04 10:16:00,409 | INFO  | SCMAudit | user=jenkins1000 | ip=192.168.36.67 | op=SEND_HEARTBEAT {datanodeUUID=6d94adbb-9f8c-46a2-8e14-6bea29af47e5, command=[]} | ret=SUCCESS |  
2019-09-04 10:16:00,641 | INFO  | SCMAudit | user=jenkins1000 | ip=192.168.36.67 | op=SEND_HEARTBEAT {datanodeUUID=583e914f-c7c5-4b66-98fc-37d50dda33f5, command=[]} | ret=SUCCESS |  
2019-09-04 10:16:00,767 [grpc-default-executor-1] INFO  client.GrpcClientProtocolClient (GrpcClientProtocolClient.java:onNext(255)) - client-2CFCBC14A0C4->d4d82638-7d1a-4b3a-9d0e-2237e706c4db: receive RaftClientReply:client-2CFCBC14A0C4->d4d82638-7d1a-4b3a-9d0e-2237e706c4db@group-DA02C29FC776, cid=183, FAILED org.apache.ratis.protocol.NotLeaderException: Server d4d82638-7d1a-4b3a-9d0e-2237e706c4db is not the leader (null). Request must be sent to leader., logIndex=0, commits[d4d82638-7d1a-4b3a-9d0e-2237e706c4db:c-1]
2019-09-04 10:16:00,767 | INFO  | SCMAudit | user=jenkins1000 | ip=192.168.36.67 | op=SEND_HEARTBEAT {datanodeUUID=d4d82638-7d1a-4b3a-9d0e-2237e706c4db, command=[]} | ret=SUCCESS |  
2019-09-04 10:16:00,818 [Thread-3554] INFO  impl.FollowerState (FollowerState.java:run(106)) - d4d82638-7d1a-4b3a-9d0e-2237e706c4db:group-56E50DF59354 changes to CANDIDATE, lastRpcTime:5007, electionTimeout:5007ms
2019-09-04 10:16:00,818 [Thread-3554] INFO  impl.RoleInfo (RoleInfo.java:shutdownFollowerState(121)) - d4d82638-7d1a-4b3a-9d0e-2237e706c4db: shutdown FollowerState
2019-09-04 10:16:00,818 [Thread-3554] INFO  impl.RaftServerImpl (RaftServerImpl.java:setRole(171)) - d4d82638-7d1a-4b3a-9d0e-2237e706c4db:group-56E50DF59354 changes role from FOLLOWER to CANDIDATE at term 0 for changeToCandidate
2019-09-04 10:16:00,818 [Thread-3554] INFO  impl.RoleInfo (RoleInfo.java:updateAndGet(143)) - d4d82638-7d1a-4b3a-9d0e-2237e706c4db: start LeaderElection
2019-09-04 10:16:00,836 [d4d82638-7d1a-4b3a-9d0e-2237e706c4db:group-56E50DF59354:LeaderElection68] INFO  impl.LeaderElection (LeaderElection.java:askForVotes(181)) - d4d82638-7d1a-4b3a-9d0e-2237e706c4db:group-56E50DF59354:LeaderElection68: begin an election at term 1 for -1: [d4d82638-7d1a-4b3a-9d0e-2237e706c4db:192.168.36.67:39803], old=null
2019-09-04 10:16:00,836 [d4d82638-7d1a-4b3a-9d0e-2237e706c4db:group-56E50DF59354:LeaderElection68] INFO  impl.RoleInfo (RoleInfo.java:shutdownLeaderElection(134)) - d4d82638-7d1a-4b3a-9d0e-2237e706c4db: shutdown LeaderElection
2019-09-04 10:16:00,836 [d4d82638-7d1a-4b3a-9d0e-2237e706c4db:group-56E50DF59354:LeaderElection68] INFO  impl.RaftServerImpl (RaftServerImpl.java:setRole(171)) - d4d82638-7d1a-4b3a-9d0e-2237e706c4db:group-56E50DF59354 changes role from CANDIDATE to LEADER at term 1 for changeToLeader
2019-09-04 10:16:00,836 [d4d82638-7d1a-4b3a-9d0e-2237e706c4db:group-56E50DF59354:LeaderElection68] INFO  impl.RaftServerImpl (ServerState.java:setLeader(263)) - d4d82638-7d1a-4b3a-9d0e-2237e706c4db:group-56E50DF59354 change Leader from null to d4d82638-7d1a-4b3a-9d0e-2237e706c4db at term 1 for becomeLeader, leader elected after 5029ms
2019-09-04 10:16:00,837 [d4d82638-7d1a-4b3a-9d0e-2237e706c4db:group-56E50DF59354:LeaderElection68] INFO  server.RaftServerConfigKeys (ConfUtils.java:logGet(43)) - raft.server.staging.catchup.gap = 1000 (default)
2019-09-04 10:16:00,837 [d4d82638-7d1a-4b3a-9d0e-2237e706c4db:group-56E50DF59354:LeaderElection68] INFO  server.RaftServerConfigKeys (ConfUtils.java:logGet(43)) - raft.server.rpc.sleep.time = 25ms (default)
2019-09-04 10:16:00,837 [d4d82638-7d1a-4b3a-9d0e-2237e706c4db:group-56E50DF59354:LeaderElection68] INFO  server.RaftServerConfigKeys (ConfUtils.java:logGet(43)) - raft.server.write.element-limit = 4096 (default)
2019-09-04 10:16:00,837 [d4d82638-7d1a-4b3a-9d0e-2237e706c4db:group-56E50DF59354:LeaderElection68] INFO  server.RaftServerConfigKeys (ConfUtils.java:logGet(43)) - raft.server.watch.timeout = 10s (default)
2019-09-04 10:16:00,837 [d4d82638-7d1a-4b3a-9d0e-2237e706c4db:group-56E50DF59354:LeaderElection68] INFO  server.RaftServerConfigKeys (ConfUtils.java:logGet(43)) - raft.server.watch.timeout.denomination = 1s (default)
2019-09-04 10:16:00,837 [d4d82638-7d1a-4b3a-9d0e-2237e706c4db:group-56E50DF59354:LeaderElection68] INFO  server.RaftServerConfigKeys (ConfUtils.java:logGet(43)) - raft.server.watch.element-limit = 65536 (default)
2019-09-04 10:16:00,837 [d4d82638-7d1a-4b3a-9d0e-2237e706c4db:group-56E50DF59354:LeaderElection68] INFO  impl.RoleInfo (RoleInfo.java:updateAndGet(143)) - d4d82638-7d1a-4b3a-9d0e-2237e706c4db: start LeaderState
2019-09-04 10:16:00,838 [d4d82638-7d1a-4b3a-9d0e-2237e706c4db:group-56E50DF59354:LeaderElection68] INFO  segmented.SegmentedRaftLogWorker (SegmentedRaftLogWorker.java:startLogSegment(380)) - d4d82638-7d1a-4b3a-9d0e-2237e706c4db-SegmentedRaftLogWorker:Storage Directory /workdir/hadoop-ozone/integration-test/target/test-dir/MiniOzoneClusterImpl-1126da7d-fe5a-4ddc-9a88-3eece028067c/datanode-2/data/ratis/39dbea6b-fb44-43a2-ad4e-56e50df59354: Starting segment from index:0
2019-09-04 10:16:00,838 [d4d82638-7d1a-4b3a-9d0e-2237e706c4db:group-56E50DF59354:LeaderElection68] INFO  impl.RaftServerImpl (ServerState.java:setRaftConf(361)) - d4d82638-7d1a-4b3a-9d0e-2237e706c4db:group-56E50DF59354 set configuration 0: [d4d82638-7d1a-4b3a-9d0e-2237e706c4db:192.168.36.67:39803], old=null at 0
2019-09-04 10:16:00,894 [Thread-3560] INFO  impl.FollowerState (FollowerState.java:run(106)) - 6f4be47b-46c8-42b4-aff3-8b1cb619a5c7:group-DA02C29FC776 changes to CANDIDATE, lastRpcTime:5042, electionTimeout:5042ms
2019-09-04 10:16:00,894 [Thread-3560] INFO  impl.RoleInfo (RoleInfo.java:shutdownFollowerState(121)) - 6f4be47b-46c8-42b4-aff3-8b1cb619a5c7: shutdown FollowerState
2019-09-04 10:16:00,894 [Thread-3560] INFO  impl.RaftServerImpl (RaftServerImpl.java:setRole(171)) - 6f4be47b-46c8-42b4-aff3-8b1cb619a5c7:group-DA02C29FC776 changes role from FOLLOWER to CANDIDATE at term 0 for changeToCandidate
2019-09-04 10:16:00,894 [Thread-3560] INFO  impl.RoleInfo (RoleInfo.java:updateAndGet(143)) - 6f4be47b-46c8-42b4-aff3-8b1cb619a5c7: start LeaderElection
2019-09-04 10:16:00,899 [d4d82638-7d1a-4b3a-9d0e-2237e706c4db-SegmentedRaftLogWorker:Storage Directory /workdir/hadoop-ozone/integration-test/target/test-dir/MiniOzoneClusterImpl-1126da7d-fe5a-4ddc-9a88-3eece028067c/datanode-2/data/ratis/39dbea6b-fb44-43a2-ad4e-56e50df59354] INFO  segmented.SegmentedRaftLogWorker (SegmentedRaftLogWorker.java:execute(569)) - d4d82638-7d1a-4b3a-9d0e-2237e706c4db-SegmentedRaftLogWorker:Storage Directory /workdir/hadoop-ozone/integration-test/target/test-dir/MiniOzoneClusterImpl-1126da7d-fe5a-4ddc-9a88-3eece028067c/datanode-2/data/ratis/39dbea6b-fb44-43a2-ad4e-56e50df59354: created new log segment /workdir/hadoop-ozone/integration-test/target/test-dir/MiniOzoneClusterImpl-1126da7d-fe5a-4ddc-9a88-3eece028067c/datanode-2/data/ratis/39dbea6b-fb44-43a2-ad4e-56e50df59354/current/log_inprogress_0
2019-09-04 10:16:00,911 [6f4be47b-46c8-42b4-aff3-8b1cb619a5c7:group-DA02C29FC776:LeaderElection69] INFO  impl.LeaderElection (LeaderElection.java:askForVotes(181)) - 6f4be47b-46c8-42b4-aff3-8b1cb619a5c7:group-DA02C29FC776:LeaderElection69: begin an election at term 1 for -1: [d4d82638-7d1a-4b3a-9d0e-2237e706c4db:192.168.36.67:39803, e94d4415-dd42-482b-a9ab-d3c93cd7a0cf:192.168.36.67:46723, 6f4be47b-46c8-42b4-aff3-8b1cb619a5c7:192.168.36.67:44582], old=null
2019-09-04 10:16:00,917 [grpc-default-executor-1] INFO  impl.RaftServerImpl (RaftServerImpl.java:setRole(171)) - d4d82638-7d1a-4b3a-9d0e-2237e706c4db:group-DA02C29FC776 changes role from FOLLOWER to FOLLOWER at term 1 for recognizeCandidate:6f4be47b-46c8-42b4-aff3-8b1cb619a5c7
2019-09-04 10:16:00,917 [grpc-default-executor-7] INFO  impl.RaftServerImpl (RaftServerImpl.java:setRole(171)) - e94d4415-dd42-482b-a9ab-d3c93cd7a0cf:group-DA02C29FC776 changes role from FOLLOWER to FOLLOWER at term 1 for recognizeCandidate:6f4be47b-46c8-42b4-aff3-8b1cb619a5c7
2019-09-04 10:16:00,917 [grpc-default-executor-1] INFO  impl.RoleInfo (RoleInfo.java:shutdownFollowerState(121)) - d4d82638-7d1a-4b3a-9d0e-2237e706c4db: shutdown FollowerState
2019-09-04 10:16:00,917 [grpc-default-executor-7] INFO  impl.RoleInfo (RoleInfo.java:shutdownFollowerState(121)) - e94d4415-dd42-482b-a9ab-d3c93cd7a0cf: shutdown FollowerState
2019-09-04 10:16:00,917 [grpc-default-executor-1] INFO  impl.RoleInfo (RoleInfo.java:updateAndGet(143)) - d4d82638-7d1a-4b3a-9d0e-2237e706c4db: start FollowerState
2019-09-04 10:16:00,918 [grpc-default-executor-7] INFO  impl.RoleInfo (RoleInfo.java:updateAndGet(143)) - e94d4415-dd42-482b-a9ab-d3c93cd7a0cf: start FollowerState
2019-09-04 10:16:00,918 [Thread-3559] INFO  impl.FollowerState (FollowerState.java:run(114)) - d4d82638-7d1a-4b3a-9d0e-2237e706c4db: FollowerState was interrupted: java.lang.InterruptedException: sleep interrupted
2019-09-04 10:16:00,918 [Thread-3561] INFO  impl.FollowerState (FollowerState.java:run(114)) - e94d4415-dd42-482b-a9ab-d3c93cd7a0cf: FollowerState was interrupted: java.lang.InterruptedException: sleep interrupted
2019-09-04 10:16:00,946 [6f4be47b-46c8-42b4-aff3-8b1cb619a5c7:group-DA02C29FC776:LeaderElection69] INFO  impl.LeaderElection (LeaderElection.java:logAndReturn(56)) - 6f4be47b-46c8-42b4-aff3-8b1cb619a5c7:group-DA02C29FC776:LeaderElection69: Election PASSED; received 1 response(s) [6f4be47b-46c8-42b4-aff3-8b1cb619a5c7<-e94d4415-dd42-482b-a9ab-d3c93cd7a0cf#0:OK-t1] and 0 exception(s); 6f4be47b-46c8-42b4-aff3-8b1cb619a5c7:t1, leader=null, voted=6f4be47b-46c8-42b4-aff3-8b1cb619a5c7, raftlog=6f4be47b-46c8-42b4-aff3-8b1cb619a5c7-SegmentedRaftLog:OPENED:c-1,f-1,i0, conf=-1: [d4d82638-7d1a-4b3a-9d0e-2237e706c4db:192.168.36.67:39803, e94d4415-dd42-482b-a9ab-d3c93cd7a0cf:192.168.36.67:46723, 6f4be47b-46c8-42b4-aff3-8b1cb619a5c7:192.168.36.67:44582], old=null
2019-09-04 10:16:00,946 [6f4be47b-46c8-42b4-aff3-8b1cb619a5c7:group-DA02C29FC776:LeaderElection69] INFO  impl.RoleInfo (RoleInfo.java:shutdownLeaderElection(134)) - 6f4be47b-46c8-42b4-aff3-8b1cb619a5c7: shutdown LeaderElection
2019-09-04 10:16:00,948 [6f4be47b-46c8-42b4-aff3-8b1cb619a5c7:group-DA02C29FC776:LeaderElection69] INFO  impl.RaftServerImpl (RaftServerImpl.java:setRole(171)) - 6f4be47b-46c8-42b4-aff3-8b1cb619a5c7:group-DA02C29FC776 changes role from CANDIDATE to LEADER at term 1 for changeToLeader
2019-09-04 10:16:00,948 [6f4be47b-46c8-42b4-aff3-8b1cb619a5c7:group-DA02C29FC776:LeaderElection69] INFO  impl.RaftServerImpl (ServerState.java:setLeader(263)) - 6f4be47b-46c8-42b4-aff3-8b1cb619a5c7:group-DA02C29FC776 change Leader from null to 6f4be47b-46c8-42b4-aff3-8b1cb619a5c7 at term 1 for becomeLeader, leader elected after 5107ms
2019-09-04 10:16:00,948 [6f4be47b-46c8-42b4-aff3-8b1cb619a5c7:group-DA02C29FC776:LeaderElection69] INFO  server.RaftServerConfigKeys (ConfUtils.java:logGet(43)) - raft.server.staging.catchup.gap = 1000 (default)
2019-09-04 10:16:00,948 [6f4be47b-46c8-42b4-aff3-8b1cb619a5c7:group-DA02C29FC776:LeaderElection69] INFO  server.RaftServerConfigKeys (ConfUtils.java:logGet(43)) - raft.server.rpc.sleep.time = 25ms (default)
2019-09-04 10:16:00,949 [6f4be47b-46c8-42b4-aff3-8b1cb619a5c7:group-DA02C29FC776:LeaderElection69] INFO  server.RaftServerConfigKeys (ConfUtils.java:logGet(43)) - raft.server.write.element-limit = 4096 (default)
2019-09-04 10:16:00,949 [6f4be47b-46c8-42b4-aff3-8b1cb619a5c7:group-DA02C29FC776:LeaderElection69] INFO  server.RaftServerConfigKeys (ConfUtils.java:logGet(43)) - raft.server.watch.timeout = 10s (default)
2019-09-04 10:16:00,949 [6f4be47b-46c8-42b4-aff3-8b1cb619a5c7:group-DA02C29FC776:LeaderElection69] INFO  server.RaftServerConfigKeys (ConfUtils.java:logGet(43)) - raft.server.watch.timeout.denomination = 1s (default)
2019-09-04 10:16:00,949 [6f4be47b-46c8-42b4-aff3-8b1cb619a5c7:group-DA02C29FC776:LeaderElection69] INFO  server.RaftServerConfigKeys (ConfUtils.java:logGet(43)) - raft.server.watch.element-limit = 65536 (default)
2019-09-04 10:16:00,949 [6f4be47b-46c8-42b4-aff3-8b1cb619a5c7:group-DA02C29FC776:LeaderElection69] INFO  server.RaftServerConfigKeys (ConfUtils.java:logGet(43)) - raft.server.log.appender.snapshot.chunk.size.max = 16MB (=16777216) (default)
2019-09-04 10:16:00,949 [6f4be47b-46c8-42b4-aff3-8b1cb619a5c7:group-DA02C29FC776:LeaderElection69] INFO  server.RaftServerConfigKeys (ConfUtils.java:logGet(43)) - raft.server.log.appender.buffer.byte-limit = 33554432 (custom)
2019-09-04 10:16:00,949 [6f4be47b-46c8-42b4-aff3-8b1cb619a5c7:group-DA02C29FC776:LeaderElection69] INFO  server.RaftServerConfigKeys (ConfUtils.java:logGet(43)) - raft.server.log.appender.buffer.element-limit = 1 (custom)
2019-09-04 10:16:00,950 [6f4be47b-46c8-42b4-aff3-8b1cb619a5c7:group-DA02C29FC776:LeaderElection69] INFO  grpc.GrpcConfigKeys$Server (ConfUtils.java:logGet(43)) - raft.grpc.server.leader.outstanding.appends.max = 128 (default)
2019-09-04 10:16:00,950 [6f4be47b-46c8-42b4-aff3-8b1cb619a5c7:group-DA02C29FC776:LeaderElection69] INFO  server.RaftServerConfigKeys (ConfUtils.java:logGet(43)) - raft.server.rpc.request.timeout = 3000ms (default)
2019-09-04 10:16:00,950 [6f4be47b-46c8-42b4-aff3-8b1cb619a5c7:group-DA02C29FC776:LeaderElection69] INFO  server.RaftServerConfigKeys (ConfUtils.java:logGet(43)) - raft.server.log.appender.install.snapshot.enabled = false (custom)
2019-09-04 10:16:00,950 [6f4be47b-46c8-42b4-aff3-8b1cb619a5c7:group-DA02C29FC776:LeaderElection69] INFO  server.RaftServerConfigKeys (ConfUtils.java:logGet(43)) - raft.server.log.appender.snapshot.chunk.size.max = 16MB (=16777216) (default)
2019-09-04 10:16:00,950 [6f4be47b-46c8-42b4-aff3-8b1cb619a5c7:group-DA02C29FC776:LeaderElection69] INFO  server.RaftServerConfigKeys (ConfUtils.java:logGet(43)) - raft.server.log.appender.buffer.byte-limit = 33554432 (custom)
2019-09-04 10:16:00,950 [6f4be47b-46c8-42b4-aff3-8b1cb619a5c7:group-DA02C29FC776:LeaderElection69] INFO  server.RaftServerConfigKeys (ConfUtils.java:logGet(43)) - raft.server.log.appender.buffer.element-limit = 1 (custom)
2019-09-04 10:16:00,951 [6f4be47b-46c8-42b4-aff3-8b1cb619a5c7:group-DA02C29FC776:LeaderElection69] INFO  grpc.GrpcConfigKeys$Server (ConfUtils.java:logGet(43)) - raft.grpc.server.leader.outstanding.appends.max = 128 (default)
2019-09-04 10:16:00,951 [6f4be47b-46c8-42b4-aff3-8b1cb619a5c7:group-DA02C29FC776:LeaderElection69] INFO  server.RaftServerConfigKeys (ConfUtils.java:logGet(43)) - raft.server.rpc.request.timeout = 3000ms (default)
2019-09-04 10:16:00,951 [6f4be47b-46c8-42b4-aff3-8b1cb619a5c7:group-DA02C29FC776:LeaderElection69] INFO  server.RaftServerConfigKeys (ConfUtils.java:logGet(43)) - raft.server.log.appender.install.snapshot.enabled = false (custom)
2019-09-04 10:16:00,951 [6f4be47b-46c8-42b4-aff3-8b1cb619a5c7:group-DA02C29FC776:LeaderElection69] INFO  impl.RoleInfo (RoleInfo.java:updateAndGet(143)) - 6f4be47b-46c8-42b4-aff3-8b1cb619a5c7: start LeaderState
2019-09-04 10:16:00,951 [6f4be47b-46c8-42b4-aff3-8b1cb619a5c7:group-DA02C29FC776:LeaderElection69] INFO  segmented.SegmentedRaftLogWorker (SegmentedRaftLogWorker.java:startLogSegment(380)) - 6f4be47b-46c8-42b4-aff3-8b1cb619a5c7-SegmentedRaftLogWorker:Storage Directory /workdir/hadoop-ozone/integration-test/target/test-dir/MiniOzoneClusterImpl-1126da7d-fe5a-4ddc-9a88-3eece028067c/datanode-1/data/ratis/44c2ad98-1495-47c4-b686-da02c29fc776: Starting segment from index:0
2019-09-04 10:16:00,952 [6f4be47b-46c8-42b4-aff3-8b1cb619a5c7:group-DA02C29FC776:LeaderElection69] INFO  impl.RaftServerImpl (ServerState.java:setRaftConf(361)) - 6f4be47b-46c8-42b4-aff3-8b1cb619a5c7:group-DA02C29FC776 set configuration 0: [d4d82638-7d1a-4b3a-9d0e-2237e706c4db:192.168.36.67:39803, e94d4415-dd42-482b-a9ab-d3c93cd7a0cf:192.168.36.67:46723, 6f4be47b-46c8-42b4-aff3-8b1cb619a5c7:192.168.36.67:44582], old=null at 0
2019-09-04 10:16:00,983 | INFO  | SCMAudit | user=jenkins1000 | ip=192.168.36.67 | op=SEND_HEARTBEAT {datanodeUUID=6c9cea2f-f547-4d36-9e9d-21f9e8213c72, command=[]} | ret=SUCCESS |  
2019-09-04 10:16:00,984 [grpc-default-executor-1] INFO  impl.RaftServerImpl (ServerState.java:setLeader(263)) - d4d82638-7d1a-4b3a-9d0e-2237e706c4db:group-DA02C29FC776 change Leader from null to 6f4be47b-46c8-42b4-aff3-8b1cb619a5c7 at term 1 for appendEntries, leader elected after 5141ms
2019-09-04 10:16:00,984 [grpc-default-executor-7] INFO  impl.RaftServerImpl (ServerState.java:setLeader(263)) - e94d4415-dd42-482b-a9ab-d3c93cd7a0cf:group-DA02C29FC776 change Leader from null to 6f4be47b-46c8-42b4-aff3-8b1cb619a5c7 at term 1 for appendEntries, leader elected after 5143ms
2019-09-04 10:16:01,000 [grpc-default-executor-7] INFO  impl.RaftServerImpl (ServerState.java:setRaftConf(361)) - e94d4415-dd42-482b-a9ab-d3c93cd7a0cf:group-DA02C29FC776 set configuration 0: [d4d82638-7d1a-4b3a-9d0e-2237e706c4db:192.168.36.67:39803, e94d4415-dd42-482b-a9ab-d3c93cd7a0cf:192.168.36.67:46723, 6f4be47b-46c8-42b4-aff3-8b1cb619a5c7:192.168.36.67:44582], old=null at 0
2019-09-04 10:16:01,000 [grpc-default-executor-7] INFO  segmented.SegmentedRaftLogWorker (SegmentedRaftLogWorker.java:startLogSegment(380)) - e94d4415-dd42-482b-a9ab-d3c93cd7a0cf-SegmentedRaftLogWorker:Storage Directory /workdir/hadoop-ozone/integration-test/target/test-dir/MiniOzoneClusterImpl-1126da7d-fe5a-4ddc-9a88-3eece028067c/datanode-0/data/ratis/44c2ad98-1495-47c4-b686-da02c29fc776: Starting segment from index:0
2019-09-04 10:16:01,000 [grpc-default-executor-1] INFO  impl.RaftServerImpl (ServerState.java:setRaftConf(361)) - d4d82638-7d1a-4b3a-9d0e-2237e706c4db:group-DA02C29FC776 set configuration 0: [d4d82638-7d1a-4b3a-9d0e-2237e706c4db:192.168.36.67:39803, e94d4415-dd42-482b-a9ab-d3c93cd7a0cf:192.168.36.67:46723, 6f4be47b-46c8-42b4-aff3-8b1cb619a5c7:192.168.36.67:44582], old=null at 0
2019-09-04 10:16:01,001 [grpc-default-executor-1] INFO  segmented.SegmentedRaftLogWorker (SegmentedRaftLogWorker.java:startLogSegment(380)) - d4d82638-7d1a-4b3a-9d0e-2237e706c4db-SegmentedRaftLogWorker:Storage Directory /workdir/hadoop-ozone/integration-test/target/test-dir/MiniOzoneClusterImpl-1126da7d-fe5a-4ddc-9a88-3eece028067c/datanode-2/data/ratis/44c2ad98-1495-47c4-b686-da02c29fc776: Starting segment from index:0
2019-09-04 10:16:01,003 [6f4be47b-46c8-42b4-aff3-8b1cb619a5c7-SegmentedRaftLogWorker:Storage Directory /workdir/hadoop-ozone/integration-test/target/test-dir/MiniOzoneClusterImpl-1126da7d-fe5a-4ddc-9a88-3eece028067c/datanode-1/data/ratis/44c2ad98-1495-47c4-b686-da02c29fc776] INFO  segmented.SegmentedRaftLogWorker (SegmentedRaftLogWorker.java:execute(569)) - 6f4be47b-46c8-42b4-aff3-8b1cb619a5c7-SegmentedRaftLogWorker:Storage Directory /workdir/hadoop-ozone/integration-test/target/test-dir/MiniOzoneClusterImpl-1126da7d-fe5a-4ddc-9a88-3eece028067c/datanode-1/data/ratis/44c2ad98-1495-47c4-b686-da02c29fc776: created new log segment /workdir/hadoop-ozone/integration-test/target/test-dir/MiniOzoneClusterImpl-1126da7d-fe5a-4ddc-9a88-3eece028067c/datanode-1/data/ratis/44c2ad98-1495-47c4-b686-da02c29fc776/current/log_inprogress_0
2019-09-04 10:16:01,040 [e94d4415-dd42-482b-a9ab-d3c93cd7a0cf-SegmentedRaftLogWorker:Storage Directory /workdir/hadoop-ozone/integration-test/target/test-dir/MiniOzoneClusterImpl-1126da7d-fe5a-4ddc-9a88-3eece028067c/datanode-0/data/ratis/44c2ad98-1495-47c4-b686-da02c29fc776] INFO  segmented.SegmentedRaftLogWorker (SegmentedRaftLogWorker.java:execute(569)) - e94d4415-dd42-482b-a9ab-d3c93cd7a0cf-SegmentedRaftLogWorker:Storage Directory /workdir/hadoop-ozone/integration-test/target/test-dir/MiniOzoneClusterImpl-1126da7d-fe5a-4ddc-9a88-3eece028067c/datanode-0/data/ratis/44c2ad98-1495-47c4-b686-da02c29fc776: created new log segment /workdir/hadoop-ozone/integration-test/target/test-dir/MiniOzoneClusterImpl-1126da7d-fe5a-4ddc-9a88-3eece028067c/datanode-0/data/ratis/44c2ad98-1495-47c4-b686-da02c29fc776/current/log_inprogress_0
2019-09-04 10:16:01,040 [d4d82638-7d1a-4b3a-9d0e-2237e706c4db-SegmentedRaftLogWorker:Storage Directory /workdir/hadoop-ozone/integration-test/target/test-dir/MiniOzoneClusterImpl-1126da7d-fe5a-4ddc-9a88-3eece028067c/datanode-2/data/ratis/44c2ad98-1495-47c4-b686-da02c29fc776] INFO  segmented.SegmentedRaftLogWorker (SegmentedRaftLogWorker.java:execute(569)) - d4d82638-7d1a-4b3a-9d0e-2237e706c4db-SegmentedRaftLogWorker:Storage Directory /workdir/hadoop-ozone/integration-test/target/test-dir/MiniOzoneClusterImpl-1126da7d-fe5a-4ddc-9a88-3eece028067c/datanode-2/data/ratis/44c2ad98-1495-47c4-b686-da02c29fc776: created new log segment /workdir/hadoop-ozone/integration-test/target/test-dir/MiniOzoneClusterImpl-1126da7d-fe5a-4ddc-9a88-3eece028067c/datanode-2/data/ratis/44c2ad98-1495-47c4-b686-da02c29fc776/current/log_inprogress_0
2019-09-04 10:16:01,049 | INFO  | SCMAudit | user=jenkins1000 | ip=192.168.36.67 | op=SEND_HEARTBEAT {datanodeUUID=e94d4415-dd42-482b-a9ab-d3c93cd7a0cf, command=[]} | ret=SUCCESS |  
2019-09-04 10:16:01,135 [Thread-3566] INFO  impl.FollowerState (FollowerState.java:run(106)) - 6c9cea2f-f547-4d36-9e9d-21f9e8213c72:group-8B40CB699C41 changes to CANDIDATE, lastRpcTime:5109, electionTimeout:5109ms
2019-09-04 10:16:01,135 [Thread-3566] INFO  impl.RoleInfo (RoleInfo.java:shutdownFollowerState(121)) - 6c9cea2f-f547-4d36-9e9d-21f9e8213c72: shutdown FollowerState
2019-09-04 10:16:01,136 [Thread-3566] INFO  impl.RaftServerImpl (RaftServerImpl.java:setRole(171)) - 6c9cea2f-f547-4d36-9e9d-21f9e8213c72:group-8B40CB699C41 changes role from FOLLOWER to CANDIDATE at term 0 for changeToCandidate
2019-09-04 10:16:01,136 [Thread-3566] INFO  impl.RoleInfo (RoleInfo.java:updateAndGet(143)) - 6c9cea2f-f547-4d36-9e9d-21f9e8213c72: start LeaderElection
2019-09-04 10:16:01,148 [6c9cea2f-f547-4d36-9e9d-21f9e8213c72:group-8B40CB699C41:LeaderElection70] INFO  impl.LeaderElection (LeaderElection.java:askForVotes(181)) - 6c9cea2f-f547-4d36-9e9d-21f9e8213c72:group-8B40CB699C41:LeaderElection70: begin an election at term 1 for -1: [6c9cea2f-f547-4d36-9e9d-21f9e8213c72:192.168.36.67:41294], old=null
2019-09-04 10:16:01,149 [6c9cea2f-f547-4d36-9e9d-21f9e8213c72:group-8B40CB699C41:LeaderElection70] INFO  impl.RoleInfo (RoleInfo.java:shutdownLeaderElection(134)) - 6c9cea2f-f547-4d36-9e9d-21f9e8213c72: shutdown LeaderElection
2019-09-04 10:16:01,149 [6c9cea2f-f547-4d36-9e9d-21f9e8213c72:group-8B40CB699C41:LeaderElection70] INFO  impl.RaftServerImpl (RaftServerImpl.java:setRole(171)) - 6c9cea2f-f547-4d36-9e9d-21f9e8213c72:group-8B40CB699C41 changes role from CANDIDATE to LEADER at term 1 for changeToLeader
2019-09-04 10:16:01,149 [6c9cea2f-f547-4d36-9e9d-21f9e8213c72:group-8B40CB699C41:LeaderElection70] INFO  impl.RaftServerImpl (ServerState.java:setLeader(263)) - 6c9cea2f-f547-4d36-9e9d-21f9e8213c72:group-8B40CB699C41 change Leader from null to 6c9cea2f-f547-4d36-9e9d-21f9e8213c72 at term 1 for becomeLeader, leader elected after 5127ms
2019-09-04 10:16:01,149 [6c9cea2f-f547-4d36-9e9d-21f9e8213c72:group-8B40CB699C41:LeaderElection70] INFO  server.RaftServerConfigKeys (ConfUtils.java:logGet(43)) - raft.server.staging.catchup.gap = 1000 (default)
2019-09-04 10:16:01,150 [6c9cea2f-f547-4d36-9e9d-21f9e8213c72:group-8B40CB699C41:LeaderElection70] INFO  server.RaftServerConfigKeys (ConfUtils.java:logGet(43)) - raft.server.rpc.sleep.time = 25ms (default)
2019-09-04 10:16:01,150 [6c9cea2f-f547-4d36-9e9d-21f9e8213c72:group-8B40CB699C41:LeaderElection70] INFO  server.RaftServerConfigKeys (ConfUtils.java:logGet(43)) - raft.server.write.element-limit = 4096 (default)
2019-09-04 10:16:01,150 [6c9cea2f-f547-4d36-9e9d-21f9e8213c72:group-8B40CB699C41:LeaderElection70] INFO  server.RaftServerConfigKeys (ConfUtils.java:logGet(43)) - raft.server.watch.timeout = 10s (default)
2019-09-04 10:16:01,150 [6c9cea2f-f547-4d36-9e9d-21f9e8213c72:group-8B40CB699C41:LeaderElection70] INFO  server.RaftServerConfigKeys (ConfUtils.java:logGet(43)) - raft.server.watch.timeout.denomination = 1s (default)
2019-09-04 10:16:01,150 [6c9cea2f-f547-4d36-9e9d-21f9e8213c72:group-8B40CB699C41:LeaderElection70] INFO  server.RaftServerConfigKeys (ConfUtils.java:logGet(43)) - raft.server.watch.element-limit = 65536 (default)
2019-09-04 10:16:01,151 [6c9cea2f-f547-4d36-9e9d-21f9e8213c72:group-8B40CB699C41:LeaderElection70] INFO  impl.RoleInfo (RoleInfo.java:updateAndGet(143)) - 6c9cea2f-f547-4d36-9e9d-21f9e8213c72: start LeaderState
2019-09-04 10:16:01,151 [6c9cea2f-f547-4d36-9e9d-21f9e8213c72:group-8B40CB699C41:LeaderElection70] INFO  segmented.SegmentedRaftLogWorker (SegmentedRaftLogWorker.java:startLogSegment(380)) - 6c9cea2f-f547-4d36-9e9d-21f9e8213c72-SegmentedRaftLogWorker:Storage Directory /workdir/hadoop-ozone/integration-test/target/test-dir/MiniOzoneClusterImpl-1126da7d-fe5a-4ddc-9a88-3eece028067c/datanode-3/data/ratis/bd2a0968-eb82-42e4-acc1-8b40cb699c41: Starting segment from index:0
2019-09-04 10:16:01,152 [6c9cea2f-f547-4d36-9e9d-21f9e8213c72:group-8B40CB699C41:LeaderElection70] INFO  impl.RaftServerImpl (ServerState.java:setRaftConf(361)) - 6c9cea2f-f547-4d36-9e9d-21f9e8213c72:group-8B40CB699C41 set configuration 0: [6c9cea2f-f547-4d36-9e9d-21f9e8213c72:192.168.36.67:41294], old=null at 0
2019-09-04 10:16:01,197 | INFO  | SCMAudit | user=jenkins1000 | ip=192.168.36.67 | op=SEND_HEARTBEAT {datanodeUUID=fe2c9e73-6c2d-4a43-92e0-1dab16afefd5, command=[]} | ret=SUCCESS |  
2019-09-04 10:16:01,209 [6c9cea2f-f547-4d36-9e9d-21f9e8213c72-SegmentedRaftLogWorker:Storage Directory /workdir/hadoop-ozone/integration-test/target/test-dir/MiniOzoneClusterImpl-1126da7d-fe5a-4ddc-9a88-3eece028067c/datanode-3/data/ratis/bd2a0968-eb82-42e4-acc1-8b40cb699c41] INFO  segmented.SegmentedRaftLogWorker (SegmentedRaftLogWorker.java:execute(569)) - 6c9cea2f-f547-4d36-9e9d-21f9e8213c72-SegmentedRaftLogWorker:Storage Directory /workdir/hadoop-ozone/integration-test/target/test-dir/MiniOzoneClusterImpl-1126da7d-fe5a-4ddc-9a88-3eece028067c/datanode-3/data/ratis/bd2a0968-eb82-42e4-acc1-8b40cb699c41: created new log segment /workdir/hadoop-ozone/integration-test/target/test-dir/MiniOzoneClusterImpl-1126da7d-fe5a-4ddc-9a88-3eece028067c/datanode-3/data/ratis/bd2a0968-eb82-42e4-acc1-8b40cb699c41/current/log_inprogress_0
2019-09-04 10:16:01,324 [Thread-3569] INFO  impl.FollowerState (FollowerState.java:run(106)) - fe2c9e73-6c2d-4a43-92e0-1dab16afefd5:group-745BD74927A5 changes to CANDIDATE, lastRpcTime:5090, electionTimeout:5090ms
2019-09-04 10:16:01,324 | INFO  | SCMAudit | user=jenkins1000 | ip=192.168.36.67 | op=SEND_HEARTBEAT {datanodeUUID=6f4be47b-46c8-42b4-aff3-8b1cb619a5c7, command=[]} | ret=SUCCESS |  
2019-09-04 10:16:01,324 [Thread-3569] INFO  impl.RoleInfo (RoleInfo.java:shutdownFollowerState(121)) - fe2c9e73-6c2d-4a43-92e0-1dab16afefd5: shutdown FollowerState
2019-09-04 10:16:01,325 [Thread-3569] INFO  impl.RaftServerImpl (RaftServerImpl.java:setRole(171)) - fe2c9e73-6c2d-4a43-92e0-1dab16afefd5:group-745BD74927A5 changes role from FOLLOWER to CANDIDATE at term 0 for changeToCandidate
2019-09-04 10:16:01,325 [Thread-3569] INFO  impl.RoleInfo (RoleInfo.java:updateAndGet(143)) - fe2c9e73-6c2d-4a43-92e0-1dab16afefd5: start LeaderElection
2019-09-04 10:16:01,342 [fe2c9e73-6c2d-4a43-92e0-1dab16afefd5:group-745BD74927A5:LeaderElection71] INFO  impl.LeaderElection (LeaderElection.java:askForVotes(181)) - fe2c9e73-6c2d-4a43-92e0-1dab16afefd5:group-745BD74927A5:LeaderElection71: begin an election at term 1 for -1: [fe2c9e73-6c2d-4a43-92e0-1dab16afefd5:192.168.36.67:37308], old=null
2019-09-04 10:16:01,342 [fe2c9e73-6c2d-4a43-92e0-1dab16afefd5:group-745BD74927A5:LeaderElection71] INFO  impl.RoleInfo (RoleInfo.java:shutdownLeaderElection(134)) - fe2c9e73-6c2d-4a43-92e0-1dab16afefd5: shutdown LeaderElection
2019-09-04 10:16:01,342 [fe2c9e73-6c2d-4a43-92e0-1dab16afefd5:group-745BD74927A5:LeaderElection71] INFO  impl.RaftServerImpl (RaftServerImpl.java:setRole(171)) - fe2c9e73-6c2d-4a43-92e0-1dab16afefd5:group-745BD74927A5 changes role from CANDIDATE to LEADER at term 1 for changeToLeader
2019-09-04 10:16:01,342 [fe2c9e73-6c2d-4a43-92e0-1dab16afefd5:group-745BD74927A5:LeaderElection71] INFO  impl.RaftServerImpl (ServerState.java:setLeader(263)) - fe2c9e73-6c2d-4a43-92e0-1dab16afefd5:group-745BD74927A5 change Leader from null to fe2c9e73-6c2d-4a43-92e0-1dab16afefd5 at term 1 for becomeLeader, leader elected after 5113ms
2019-09-04 10:16:01,343 [fe2c9e73-6c2d-4a43-92e0-1dab16afefd5:group-745BD74927A5:LeaderElection71] INFO  server.RaftServerConfigKeys (ConfUtils.java:logGet(43)) - raft.server.staging.catchup.gap = 1000 (default)
2019-09-04 10:16:01,343 [fe2c9e73-6c2d-4a43-92e0-1dab16afefd5:group-745BD74927A5:LeaderElection71] INFO  server.RaftServerConfigKeys (ConfUtils.java:logGet(43)) - raft.server.rpc.sleep.time = 25ms (default)
2019-09-04 10:16:01,343 [fe2c9e73-6c2d-4a43-92e0-1dab16afefd5:group-745BD74927A5:LeaderElection71] INFO  server.RaftServerConfigKeys (ConfUtils.java:logGet(43)) - raft.server.write.element-limit = 4096 (default)
2019-09-04 10:16:01,343 [fe2c9e73-6c2d-4a43-92e0-1dab16afefd5:group-745BD74927A5:LeaderElection71] INFO  server.RaftServerConfigKeys (ConfUtils.java:logGet(43)) - raft.server.watch.timeout = 10s (default)
2019-09-04 10:16:01,343 [fe2c9e73-6c2d-4a43-92e0-1dab16afefd5:group-745BD74927A5:LeaderElection71] INFO  server.RaftServerConfigKeys (ConfUtils.java:logGet(43)) - raft.server.watch.timeout.denomination = 1s (default)
2019-09-04 10:16:01,343 [fe2c9e73-6c2d-4a43-92e0-1dab16afefd5:group-745BD74927A5:LeaderElection71] INFO  server.RaftServerConfigKeys (ConfUtils.java:logGet(43)) - raft.server.watch.element-limit = 65536 (default)
2019-09-04 10:16:01,344 [fe2c9e73-6c2d-4a43-92e0-1dab16afefd5:group-745BD74927A5:LeaderElection71] INFO  impl.RoleInfo (RoleInfo.java:updateAndGet(143)) - fe2c9e73-6c2d-4a43-92e0-1dab16afefd5: start LeaderState
2019-09-04 10:16:01,344 [fe2c9e73-6c2d-4a43-92e0-1dab16afefd5:group-745BD74927A5:LeaderElection71] INFO  segmented.SegmentedRaftLogWorker (SegmentedRaftLogWorker.java:startLogSegment(380)) - fe2c9e73-6c2d-4a43-92e0-1dab16afefd5-SegmentedRaftLogWorker:Storage Directory /workdir/hadoop-ozone/integration-test/target/test-dir/MiniOzoneClusterImpl-1126da7d-fe5a-4ddc-9a88-3eece028067c/datanode-4/data/ratis/345b75d0-7c09-4274-aa85-745bd74927a5: Starting segment from index:0
2019-09-04 10:16:01,344 [fe2c9e73-6c2d-4a43-92e0-1dab16afefd5:group-745BD74927A5:LeaderElection71] INFO  impl.RaftServerImpl (ServerState.java:setRaftConf(361)) - fe2c9e73-6c2d-4a43-92e0-1dab16afefd5:group-745BD74927A5 set configuration 0: [fe2c9e73-6c2d-4a43-92e0-1dab16afefd5:192.168.36.67:37308], old=null at 0
2019-09-04 10:16:01,402 [fe2c9e73-6c2d-4a43-92e0-1dab16afefd5-SegmentedRaftLogWorker:Storage Directory /workdir/hadoop-ozone/integration-test/target/test-dir/MiniOzoneClusterImpl-1126da7d-fe5a-4ddc-9a88-3eece028067c/datanode-4/data/ratis/345b75d0-7c09-4274-aa85-745bd74927a5] INFO  segmented.SegmentedRaftLogWorker (SegmentedRaftLogWorker.java:execute(569)) - fe2c9e73-6c2d-4a43-92e0-1dab16afefd5-SegmentedRaftLogWorker:Storage Directory /workdir/hadoop-ozone/integration-test/target/test-dir/MiniOzoneClusterImpl-1126da7d-fe5a-4ddc-9a88-3eece028067c/datanode-4/data/ratis/345b75d0-7c09-4274-aa85-745bd74927a5: created new log segment /workdir/hadoop-ozone/integration-test/target/test-dir/MiniOzoneClusterImpl-1126da7d-fe5a-4ddc-9a88-3eece028067c/datanode-4/data/ratis/345b75d0-7c09-4274-aa85-745bd74927a5/current/log_inprogress_0
2019-09-04 10:16:01,409 | INFO  | SCMAudit | user=jenkins1000 | ip=192.168.36.67 | op=SEND_HEARTBEAT {datanodeUUID=6d94adbb-9f8c-46a2-8e14-6bea29af47e5, command=[]} | ret=SUCCESS |  
2019-09-04 10:16:01,525 [Thread-3572] INFO  impl.FollowerState (FollowerState.java:run(106)) - 6d94adbb-9f8c-46a2-8e14-6bea29af47e5:group-A4C4EBD76FBE changes to CANDIDATE, lastRpcTime:5073, electionTimeout:5073ms
2019-09-04 10:16:01,525 [Thread-3572] INFO  impl.RoleInfo (RoleInfo.java:shutdownFollowerState(121)) - 6d94adbb-9f8c-46a2-8e14-6bea29af47e5: shutdown FollowerState
2019-09-04 10:16:01,525 [Thread-3572] INFO  impl.RaftServerImpl (RaftServerImpl.java:setRole(171)) - 6d94adbb-9f8c-46a2-8e14-6bea29af47e5:group-A4C4EBD76FBE changes role from FOLLOWER to CANDIDATE at term 0 for changeToCandidate
2019-09-04 10:16:01,525 [Thread-3572] INFO  impl.RoleInfo (RoleInfo.java:updateAndGet(143)) - 6d94adbb-9f8c-46a2-8e14-6bea29af47e5: start LeaderElection
2019-09-04 10:16:01,537 [Thread-3575] INFO  impl.FollowerState (FollowerState.java:run(106)) - 6d94adbb-9f8c-46a2-8e14-6bea29af47e5:group-F6678B52AFFA changes to CANDIDATE, lastRpcTime:5025, electionTimeout:5025ms
2019-09-04 10:16:01,538 [Thread-3575] INFO  impl.RoleInfo (RoleInfo.java:shutdownFollowerState(121)) - 6d94adbb-9f8c-46a2-8e14-6bea29af47e5: shutdown FollowerState
2019-09-04 10:16:01,538 [Thread-3575] INFO  impl.RaftServerImpl (RaftServerImpl.java:setRole(171)) - 6d94adbb-9f8c-46a2-8e14-6bea29af47e5:group-F6678B52AFFA changes role from FOLLOWER to CANDIDATE at term 0 for changeToCandidate
2019-09-04 10:16:01,538 [Thread-3575] INFO  impl.RoleInfo (RoleInfo.java:updateAndGet(143)) - 6d94adbb-9f8c-46a2-8e14-6bea29af47e5: start LeaderElection
2019-09-04 10:16:01,543 [6d94adbb-9f8c-46a2-8e14-6bea29af47e5:group-A4C4EBD76FBE:LeaderElection72] INFO  impl.LeaderElection (LeaderElection.java:askForVotes(181)) - 6d94adbb-9f8c-46a2-8e14-6bea29af47e5:group-A4C4EBD76FBE:LeaderElection72: begin an election at term 1 for -1: [6d94adbb-9f8c-46a2-8e14-6bea29af47e5:192.168.36.67:34229], old=null
2019-09-04 10:16:01,543 [6d94adbb-9f8c-46a2-8e14-6bea29af47e5:group-A4C4EBD76FBE:LeaderElection72] INFO  impl.RoleInfo (RoleInfo.java:shutdownLeaderElection(134)) - 6d94adbb-9f8c-46a2-8e14-6bea29af47e5: shutdown LeaderElection
2019-09-04 10:16:01,543 [6d94adbb-9f8c-46a2-8e14-6bea29af47e5:group-A4C4EBD76FBE:LeaderElection72] INFO  impl.RaftServerImpl (RaftServerImpl.java:setRole(171)) - 6d94adbb-9f8c-46a2-8e14-6bea29af47e5:group-A4C4EBD76FBE changes role from CANDIDATE to LEADER at term 1 for changeToLeader
2019-09-04 10:16:01,544 [6d94adbb-9f8c-46a2-8e14-6bea29af47e5:group-A4C4EBD76FBE:LeaderElection72] INFO  impl.RaftServerImpl (ServerState.java:setLeader(263)) - 6d94adbb-9f8c-46a2-8e14-6bea29af47e5:group-A4C4EBD76FBE change Leader from null to 6d94adbb-9f8c-46a2-8e14-6bea29af47e5 at term 1 for becomeLeader, leader elected after 5096ms
2019-09-04 10:16:01,544 [6d94adbb-9f8c-46a2-8e14-6bea29af47e5:group-A4C4EBD76FBE:LeaderElection72] INFO  server.RaftServerConfigKeys (ConfUtils.java:logGet(43)) - raft.server.staging.catchup.gap = 1000 (default)
2019-09-04 10:16:01,544 [6d94adbb-9f8c-46a2-8e14-6bea29af47e5:group-A4C4EBD76FBE:LeaderElection72] INFO  server.RaftServerConfigKeys (ConfUtils.java:logGet(43)) - raft.server.rpc.sleep.time = 25ms (default)
2019-09-04 10:16:01,544 [6d94adbb-9f8c-46a2-8e14-6bea29af47e5:group-A4C4EBD76FBE:LeaderElection72] INFO  server.RaftServerConfigKeys (ConfUtils.java:logGet(43)) - raft.server.write.element-limit = 4096 (default)
2019-09-04 10:16:01,544 [6d94adbb-9f8c-46a2-8e14-6bea29af47e5:group-A4C4EBD76FBE:LeaderElection72] INFO  server.RaftServerConfigKeys (ConfUtils.java:logGet(43)) - raft.server.watch.timeout = 10s (default)
2019-09-04 10:16:01,544 [6d94adbb-9f8c-46a2-8e14-6bea29af47e5:group-A4C4EBD76FBE:LeaderElection72] INFO  server.RaftServerConfigKeys (ConfUtils.java:logGet(43)) - raft.server.watch.timeout.denomination = 1s (default)
2019-09-04 10:16:01,545 [6d94adbb-9f8c-46a2-8e14-6bea29af47e5:group-A4C4EBD76FBE:LeaderElection72] INFO  server.RaftServerConfigKeys (ConfUtils.java:logGet(43)) - raft.server.watch.element-limit = 65536 (default)
2019-09-04 10:16:01,545 [6d94adbb-9f8c-46a2-8e14-6bea29af47e5:group-A4C4EBD76FBE:LeaderElection72] INFO  impl.RoleInfo (RoleInfo.java:updateAndGet(143)) - 6d94adbb-9f8c-46a2-8e14-6bea29af47e5: start LeaderState
2019-09-04 10:16:01,545 [6d94adbb-9f8c-46a2-8e14-6bea29af47e5:group-A4C4EBD76FBE:LeaderElection72] INFO  segmented.SegmentedRaftLogWorker (SegmentedRaftLogWorker.java:startLogSegment(380)) - 6d94adbb-9f8c-46a2-8e14-6bea29af47e5-SegmentedRaftLogWorker:Storage Directory /workdir/hadoop-ozone/integration-test/target/test-dir/MiniOzoneClusterImpl-1126da7d-fe5a-4ddc-9a88-3eece028067c/datanode-5/data/ratis/384d1e7d-20a4-4be6-8e32-a4c4ebd76fbe: Starting segment from index:0
2019-09-04 10:16:01,545 [6d94adbb-9f8c-46a2-8e14-6bea29af47e5:group-F6678B52AFFA:LeaderElection73] INFO  impl.LeaderElection (LeaderElection.java:askForVotes(181)) - 6d94adbb-9f8c-46a2-8e14-6bea29af47e5:group-F6678B52AFFA:LeaderElection73: begin an election at term 1 for -1: [fe2c9e73-6c2d-4a43-92e0-1dab16afefd5:192.168.36.67:37308, 6d94adbb-9f8c-46a2-8e14-6bea29af47e5:192.168.36.67:34229, 6c9cea2f-f547-4d36-9e9d-21f9e8213c72:192.168.36.67:41294], old=null
2019-09-04 10:16:01,546 [6d94adbb-9f8c-46a2-8e14-6bea29af47e5:group-A4C4EBD76FBE:LeaderElection72] INFO  impl.RaftServerImpl (ServerState.java:setRaftConf(361)) - 6d94adbb-9f8c-46a2-8e14-6bea29af47e5:group-A4C4EBD76FBE set configuration 0: [6d94adbb-9f8c-46a2-8e14-6bea29af47e5:192.168.36.67:34229], old=null at 0
2019-09-04 10:16:01,586 [grpc-default-executor-1] INFO  impl.RaftServerImpl (RaftServerImpl.java:setRole(171)) - 6c9cea2f-f547-4d36-9e9d-21f9e8213c72:group-F6678B52AFFA changes role from FOLLOWER to FOLLOWER at term 1 for recognizeCandidate:6d94adbb-9f8c-46a2-8e14-6bea29af47e5
2019-09-04 10:16:01,586 [grpc-default-executor-7] INFO  impl.RaftServerImpl (RaftServerImpl.java:setRole(171)) - fe2c9e73-6c2d-4a43-92e0-1dab16afefd5:group-F6678B52AFFA changes role from FOLLOWER to FOLLOWER at term 1 for recognizeCandidate:6d94adbb-9f8c-46a2-8e14-6bea29af47e5
2019-09-04 10:16:01,586 [grpc-default-executor-1] INFO  impl.RoleInfo (RoleInfo.java:shutdownFollowerState(121)) - 6c9cea2f-f547-4d36-9e9d-21f9e8213c72: shutdown FollowerState
2019-09-04 10:16:01,587 [grpc-default-executor-7] INFO  impl.RoleInfo (RoleInfo.java:shutdownFollowerState(121)) - fe2c9e73-6c2d-4a43-92e0-1dab16afefd5: shutdown FollowerState
2019-09-04 10:16:01,587 [Thread-3578] INFO  impl.FollowerState (FollowerState.java:run(114)) - 6c9cea2f-f547-4d36-9e9d-21f9e8213c72: FollowerState was interrupted: java.lang.InterruptedException: sleep interrupted
2019-09-04 10:16:01,587 [grpc-default-executor-1] INFO  impl.RoleInfo (RoleInfo.java:updateAndGet(143)) - 6c9cea2f-f547-4d36-9e9d-21f9e8213c72: start FollowerState
2019-09-04 10:16:01,587 [Thread-3581] INFO  impl.FollowerState (FollowerState.java:run(114)) - fe2c9e73-6c2d-4a43-92e0-1dab16afefd5: FollowerState was interrupted: java.lang.InterruptedException: sleep interrupted
2019-09-04 10:16:01,587 [grpc-default-executor-7] INFO  impl.RoleInfo (RoleInfo.java:updateAndGet(143)) - fe2c9e73-6c2d-4a43-92e0-1dab16afefd5: start FollowerState
2019-09-04 10:16:01,594 [6d94adbb-9f8c-46a2-8e14-6bea29af47e5-SegmentedRaftLogWorker:Storage Directory /workdir/hadoop-ozone/integration-test/target/test-dir/MiniOzoneClusterImpl-1126da7d-fe5a-4ddc-9a88-3eece028067c/datanode-5/data/ratis/384d1e7d-20a4-4be6-8e32-a4c4ebd76fbe] INFO  segmented.SegmentedRaftLogWorker (SegmentedRaftLogWorker.java:execute(569)) - 6d94adbb-9f8c-46a2-8e14-6bea29af47e5-SegmentedRaftLogWorker:Storage Directory /workdir/hadoop-ozone/integration-test/target/test-dir/MiniOzoneClusterImpl-1126da7d-fe5a-4ddc-9a88-3eece028067c/datanode-5/data/ratis/384d1e7d-20a4-4be6-8e32-a4c4ebd76fbe: created new log segment /workdir/hadoop-ozone/integration-test/target/test-dir/MiniOzoneClusterImpl-1126da7d-fe5a-4ddc-9a88-3eece028067c/datanode-5/data/ratis/384d1e7d-20a4-4be6-8e32-a4c4ebd76fbe/current/log_inprogress_0
2019-09-04 10:16:01,606 [6d94adbb-9f8c-46a2-8e14-6bea29af47e5:group-F6678B52AFFA:LeaderElection73] INFO  impl.LeaderElection (LeaderElection.java:logAndReturn(56)) - 6d94adbb-9f8c-46a2-8e14-6bea29af47e5:group-F6678B52AFFA:LeaderElection73: Election PASSED; received 1 response(s) [6d94adbb-9f8c-46a2-8e14-6bea29af47e5<-6c9cea2f-f547-4d36-9e9d-21f9e8213c72#0:OK-t1] and 0 exception(s); 6d94adbb-9f8c-46a2-8e14-6bea29af47e5:t1, leader=null, voted=6d94adbb-9f8c-46a2-8e14-6bea29af47e5, raftlog=6d94adbb-9f8c-46a2-8e14-6bea29af47e5-SegmentedRaftLog:OPENED:c-1,f-1,i0, conf=-1: [fe2c9e73-6c2d-4a43-92e0-1dab16afefd5:192.168.36.67:37308, 6d94adbb-9f8c-46a2-8e14-6bea29af47e5:192.168.36.67:34229, 6c9cea2f-f547-4d36-9e9d-21f9e8213c72:192.168.36.67:41294], old=null
2019-09-04 10:16:01,606 [6d94adbb-9f8c-46a2-8e14-6bea29af47e5:group-F6678B52AFFA:LeaderElection73] INFO  impl.RoleInfo (RoleInfo.java:shutdownLeaderElection(134)) - 6d94adbb-9f8c-46a2-8e14-6bea29af47e5: shutdown LeaderElection
2019-09-04 10:16:01,608 [6d94adbb-9f8c-46a2-8e14-6bea29af47e5:group-F6678B52AFFA:LeaderElection73] INFO  impl.RaftServerImpl (RaftServerImpl.java:setRole(171)) - 6d94adbb-9f8c-46a2-8e14-6bea29af47e5:group-F6678B52AFFA changes role from CANDIDATE to LEADER at term 1 for changeToLeader
2019-09-04 10:16:01,608 [6d94adbb-9f8c-46a2-8e14-6bea29af47e5:group-F6678B52AFFA:LeaderElection73] INFO  impl.RaftServerImpl (ServerState.java:setLeader(263)) - 6d94adbb-9f8c-46a2-8e14-6bea29af47e5:group-F6678B52AFFA change Leader from null to 6d94adbb-9f8c-46a2-8e14-6bea29af47e5 at term 1 for becomeLeader, leader elected after 5105ms
2019-09-04 10:16:01,608 [6d94adbb-9f8c-46a2-8e14-6bea29af47e5:group-F6678B52AFFA:LeaderElection73] INFO  server.RaftServerConfigKeys (ConfUtils.java:logGet(43)) - raft.server.staging.catchup.gap = 1000 (default)
2019-09-04 10:16:01,608 [6d94adbb-9f8c-46a2-8e14-6bea29af47e5:group-F6678B52AFFA:LeaderElection73] INFO  server.RaftServerConfigKeys (ConfUtils.java:logGet(43)) - raft.server.rpc.sleep.time = 25ms (default)
2019-09-04 10:16:01,609 [6d94adbb-9f8c-46a2-8e14-6bea29af47e5:group-F6678B52AFFA:LeaderElection73] INFO  server.RaftServerConfigKeys (ConfUtils.java:logGet(43)) - raft.server.write.element-limit = 4096 (default)
2019-09-04 10:16:01,609 [6d94adbb-9f8c-46a2-8e14-6bea29af47e5:group-F6678B52AFFA:LeaderElection73] INFO  server.RaftServerConfigKeys (ConfUtils.java:logGet(43)) - raft.server.watch.timeout = 10s (default)
2019-09-04 10:16:01,609 [6d94adbb-9f8c-46a2-8e14-6bea29af47e5:group-F6678B52AFFA:LeaderElection73] INFO  server.RaftServerConfigKeys (ConfUtils.java:logGet(43)) - raft.server.watch.timeout.denomination = 1s (default)
2019-09-04 10:16:01,609 [6d94adbb-9f8c-46a2-8e14-6bea29af47e5:group-F6678B52AFFA:LeaderElection73] INFO  server.RaftServerConfigKeys (ConfUtils.java:logGet(43)) - raft.server.watch.element-limit = 65536 (default)
2019-09-04 10:16:01,609 [6d94adbb-9f8c-46a2-8e14-6bea29af47e5:group-F6678B52AFFA:LeaderElection73] INFO  server.RaftServerConfigKeys (ConfUtils.java:logGet(43)) - raft.server.log.appender.snapshot.chunk.size.max = 16MB (=16777216) (default)
2019-09-04 10:16:01,609 [6d94adbb-9f8c-46a2-8e14-6bea29af47e5:group-F6678B52AFFA:LeaderElection73] INFO  server.RaftServerConfigKeys (ConfUtils.java:logGet(43)) - raft.server.log.appender.buffer.byte-limit = 33554432 (custom)
2019-09-04 10:16:01,610 [6d94adbb-9f8c-46a2-8e14-6bea29af47e5:group-F6678B52AFFA:LeaderElection73] INFO  server.RaftServerConfigKeys (ConfUtils.java:logGet(43)) - raft.server.log.appender.buffer.element-limit = 1 (custom)
2019-09-04 10:16:01,610 [6d94adbb-9f8c-46a2-8e14-6bea29af47e5:group-F6678B52AFFA:LeaderElection73] INFO  grpc.GrpcConfigKeys$Server (ConfUtils.java:logGet(43)) - raft.grpc.server.leader.outstanding.appends.max = 128 (default)
2019-09-04 10:16:01,610 [6d94adbb-9f8c-46a2-8e14-6bea29af47e5:group-F6678B52AFFA:LeaderElection73] INFO  server.RaftServerConfigKeys (ConfUtils.java:logGet(43)) - raft.server.rpc.request.timeout = 3000ms (default)
2019-09-04 10:16:01,610 [6d94adbb-9f8c-46a2-8e14-6bea29af47e5:group-F6678B52AFFA:LeaderElection73] INFO  server.RaftServerConfigKeys (ConfUtils.java:logGet(43)) - raft.server.log.appender.install.snapshot.enabled = false (custom)
2019-09-04 10:16:01,610 [6d94adbb-9f8c-46a2-8e14-6bea29af47e5:group-F6678B52AFFA:LeaderElection73] INFO  server.RaftServerConfigKeys (ConfUtils.java:logGet(43)) - raft.server.log.appender.snapshot.chunk.size.max = 16MB (=16777216) (default)
2019-09-04 10:16:01,610 [6d94adbb-9f8c-46a2-8e14-6bea29af47e5:group-F6678B52AFFA:LeaderElection73] INFO  server.RaftServerConfigKeys (ConfUtils.java:logGet(43)) - raft.server.log.appender.buffer.byte-limit = 33554432 (custom)
2019-09-04 10:16:01,611 [6d94adbb-9f8c-46a2-8e14-6bea29af47e5:group-F6678B52AFFA:LeaderElection73] INFO  server.RaftServerConfigKeys (ConfUtils.java:logGet(43)) - raft.server.log.appender.buffer.element-limit = 1 (custom)
2019-09-04 10:16:01,611 [6d94adbb-9f8c-46a2-8e14-6bea29af47e5:group-F6678B52AFFA:LeaderElection73] INFO  grpc.GrpcConfigKeys$Server (ConfUtils.java:logGet(43)) - raft.grpc.server.leader.outstanding.appends.max = 128 (default)
2019-09-04 10:16:01,611 [6d94adbb-9f8c-46a2-8e14-6bea29af47e5:group-F6678B52AFFA:LeaderElection73] INFO  server.RaftServerConfigKeys (ConfUtils.java:logGet(43)) - raft.server.rpc.request.timeout = 3000ms (default)
2019-09-04 10:16:01,611 [6d94adbb-9f8c-46a2-8e14-6bea29af47e5:group-F6678B52AFFA:LeaderElection73] INFO  server.RaftServerConfigKeys (ConfUtils.java:logGet(43)) - raft.server.log.appender.install.snapshot.enabled = false (custom)
2019-09-04 10:16:01,611 [6d94adbb-9f8c-46a2-8e14-6bea29af47e5:group-F6678B52AFFA:LeaderElection73] INFO  impl.RoleInfo (RoleInfo.java:updateAndGet(143)) - 6d94adbb-9f8c-46a2-8e14-6bea29af47e5: start LeaderState
2019-09-04 10:16:01,612 [6d94adbb-9f8c-46a2-8e14-6bea29af47e5:group-F6678B52AFFA:LeaderElection73] INFO  segmented.SegmentedRaftLogWorker (SegmentedRaftLogWorker.java:startLogSegment(380)) - 6d94adbb-9f8c-46a2-8e14-6bea29af47e5-SegmentedRaftLogWorker:Storage Directory /workdir/hadoop-ozone/integration-test/target/test-dir/MiniOzoneClusterImpl-1126da7d-fe5a-4ddc-9a88-3eece028067c/datanode-5/data/ratis/a0ad6de2-1a01-40e6-a6a3-f6678b52affa: Starting segment from index:0
2019-09-04 10:16:01,612 [6d94adbb-9f8c-46a2-8e14-6bea29af47e5:group-F6678B52AFFA:LeaderElection73] INFO  impl.RaftServerImpl (ServerState.java:setRaftConf(361)) - 6d94adbb-9f8c-46a2-8e14-6bea29af47e5:group-F6678B52AFFA set configuration 0: [fe2c9e73-6c2d-4a43-92e0-1dab16afefd5:192.168.36.67:37308, 6d94adbb-9f8c-46a2-8e14-6bea29af47e5:192.168.36.67:34229, 6c9cea2f-f547-4d36-9e9d-21f9e8213c72:192.168.36.67:41294], old=null at 0
2019-09-04 10:16:01,646 | INFO  | SCMAudit | user=jenkins1000 | ip=192.168.36.67 | op=SEND_HEARTBEAT {datanodeUUID=583e914f-c7c5-4b66-98fc-37d50dda33f5, command=[]} | ret=SUCCESS |  
2019-09-04 10:16:01,647 [grpc-default-executor-1] INFO  impl.RaftServerImpl (ServerState.java:setLeader(263)) - 6c9cea2f-f547-4d36-9e9d-21f9e8213c72:group-F6678B52AFFA change Leader from null to 6d94adbb-9f8c-46a2-8e14-6bea29af47e5 at term 1 for appendEntries, leader elected after 5144ms
2019-09-04 10:16:01,647 [grpc-default-executor-7] INFO  impl.RaftServerImpl (ServerState.java:setLeader(263)) - fe2c9e73-6c2d-4a43-92e0-1dab16afefd5:group-F6678B52AFFA change Leader from null to 6d94adbb-9f8c-46a2-8e14-6bea29af47e5 at term 1 for appendEntries, leader elected after 5143ms
2019-09-04 10:16:01,654 [grpc-default-executor-7] INFO  impl.RaftServerImpl (ServerState.java:setRaftConf(361)) - 6c9cea2f-f547-4d36-9e9d-21f9e8213c72:group-F6678B52AFFA set configuration 0: [fe2c9e73-6c2d-4a43-92e0-1dab16afefd5:192.168.36.67:37308, 6d94adbb-9f8c-46a2-8e14-6bea29af47e5:192.168.36.67:34229, 6c9cea2f-f547-4d36-9e9d-21f9e8213c72:192.168.36.67:41294], old=null at 0
2019-09-04 10:16:01,655 [grpc-default-executor-1] INFO  impl.RaftServerImpl (ServerState.java:setRaftConf(361)) - fe2c9e73-6c2d-4a43-92e0-1dab16afefd5:group-F6678B52AFFA set configuration 0: [fe2c9e73-6c2d-4a43-92e0-1dab16afefd5:192.168.36.67:37308, 6d94adbb-9f8c-46a2-8e14-6bea29af47e5:192.168.36.67:34229, 6c9cea2f-f547-4d36-9e9d-21f9e8213c72:192.168.36.67:41294], old=null at 0
2019-09-04 10:16:01,655 [grpc-default-executor-7] INFO  segmented.SegmentedRaftLogWorker (SegmentedRaftLogWorker.java:startLogSegment(380)) - 6c9cea2f-f547-4d36-9e9d-21f9e8213c72-SegmentedRaftLogWorker:Storage Directory /workdir/hadoop-ozone/integration-test/target/test-dir/MiniOzoneClusterImpl-1126da7d-fe5a-4ddc-9a88-3eece028067c/datanode-3/data/ratis/a0ad6de2-1a01-40e6-a6a3-f6678b52affa: Starting segment from index:0
2019-09-04 10:16:01,656 [grpc-default-executor-1] INFO  segmented.SegmentedRaftLogWorker (SegmentedRaftLogWorker.java:startLogSegment(380)) - fe2c9e73-6c2d-4a43-92e0-1dab16afefd5-SegmentedRaftLogWorker:Storage Directory /workdir/hadoop-ozone/integration-test/target/test-dir/MiniOzoneClusterImpl-1126da7d-fe5a-4ddc-9a88-3eece028067c/datanode-4/data/ratis/a0ad6de2-1a01-40e6-a6a3-f6678b52affa: Starting segment from index:0
2019-09-04 10:16:01,658 [6d94adbb-9f8c-46a2-8e14-6bea29af47e5-SegmentedRaftLogWorker:Storage Directory /workdir/hadoop-ozone/integration-test/target/test-dir/MiniOzoneClusterImpl-1126da7d-fe5a-4ddc-9a88-3eece028067c/datanode-5/data/ratis/a0ad6de2-1a01-40e6-a6a3-f6678b52affa] INFO  segmented.SegmentedRaftLogWorker (SegmentedRaftLogWorker.java:execute(569)) - 6d94adbb-9f8c-46a2-8e14-6bea29af47e5-SegmentedRaftLogWorker:Storage Directory /workdir/hadoop-ozone/integration-test/target/test-dir/MiniOzoneClusterImpl-1126da7d-fe5a-4ddc-9a88-3eece028067c/datanode-5/data/ratis/a0ad6de2-1a01-40e6-a6a3-f6678b52affa: created new log segment /workdir/hadoop-ozone/integration-test/target/test-dir/MiniOzoneClusterImpl-1126da7d-fe5a-4ddc-9a88-3eece028067c/datanode-5/data/ratis/a0ad6de2-1a01-40e6-a6a3-f6678b52affa/current/log_inprogress_0
2019-09-04 10:16:01,694 [6c9cea2f-f547-4d36-9e9d-21f9e8213c72-SegmentedRaftLogWorker:Storage Directory /workdir/hadoop-ozone/integration-test/target/test-dir/MiniOzoneClusterImpl-1126da7d-fe5a-4ddc-9a88-3eece028067c/datanode-3/data/ratis/a0ad6de2-1a01-40e6-a6a3-f6678b52affa] INFO  segmented.SegmentedRaftLogWorker (SegmentedRaftLogWorker.java:execute(569)) - 6c9cea2f-f547-4d36-9e9d-21f9e8213c72-SegmentedRaftLogWorker:Storage Directory /workdir/hadoop-ozone/integration-test/target/test-dir/MiniOzoneClusterImpl-1126da7d-fe5a-4ddc-9a88-3eece028067c/datanode-3/data/ratis/a0ad6de2-1a01-40e6-a6a3-f6678b52affa: created new log segment /workdir/hadoop-ozone/integration-test/target/test-dir/MiniOzoneClusterImpl-1126da7d-fe5a-4ddc-9a88-3eece028067c/datanode-3/data/ratis/a0ad6de2-1a01-40e6-a6a3-f6678b52affa/current/log_inprogress_0
2019-09-04 10:16:01,694 [fe2c9e73-6c2d-4a43-92e0-1dab16afefd5-SegmentedRaftLogWorker:Storage Directory /workdir/hadoop-ozone/integration-test/target/test-dir/MiniOzoneClusterImpl-1126da7d-fe5a-4ddc-9a88-3eece028067c/datanode-4/data/ratis/a0ad6de2-1a01-40e6-a6a3-f6678b52affa] INFO  segmented.SegmentedRaftLogWorker (SegmentedRaftLogWorker.java:execute(569)) - fe2c9e73-6c2d-4a43-92e0-1dab16afefd5-SegmentedRaftLogWorker:Storage Directory /workdir/hadoop-ozone/integration-test/target/test-dir/MiniOzoneClusterImpl-1126da7d-fe5a-4ddc-9a88-3eece028067c/datanode-4/data/ratis/a0ad6de2-1a01-40e6-a6a3-f6678b52affa: created new log segment /workdir/hadoop-ozone/integration-test/target/test-dir/MiniOzoneClusterImpl-1126da7d-fe5a-4ddc-9a88-3eece028067c/datanode-4/data/ratis/a0ad6de2-1a01-40e6-a6a3-f6678b52affa/current/log_inprogress_0
2019-09-04 10:16:01,767 | INFO  | SCMAudit | user=jenkins1000 | ip=192.168.36.67 | op=SEND_HEARTBEAT {datanodeUUID=d4d82638-7d1a-4b3a-9d0e-2237e706c4db, command=[]} | ret=SUCCESS |  
2019-09-04 10:16:01,769 [Thread-3584] INFO  impl.FollowerState (FollowerState.java:run(106)) - 583e914f-c7c5-4b66-98fc-37d50dda33f5:group-CDF1B8DA86BC changes to CANDIDATE, lastRpcTime:5073, electionTimeout:5073ms
2019-09-04 10:16:01,770 [Thread-3584] INFO  impl.RoleInfo (RoleInfo.java:shutdownFollowerState(121)) - 583e914f-c7c5-4b66-98fc-37d50dda33f5: shutdown FollowerState
2019-09-04 10:16:01,770 [Thread-3584] INFO  impl.RaftServerImpl (RaftServerImpl.java:setRole(171)) - 583e914f-c7c5-4b66-98fc-37d50dda33f5:group-CDF1B8DA86BC changes role from FOLLOWER to CANDIDATE at term 0 for changeToCandidate
2019-09-04 10:16:01,770 [Thread-3584] INFO  impl.RoleInfo (RoleInfo.java:updateAndGet(143)) - 583e914f-c7c5-4b66-98fc-37d50dda33f5: start LeaderElection
2019-09-04 10:16:01,790 [583e914f-c7c5-4b66-98fc-37d50dda33f5:group-CDF1B8DA86BC:LeaderElection74] INFO  impl.LeaderElection (LeaderElection.java:askForVotes(181)) - 583e914f-c7c5-4b66-98fc-37d50dda33f5:group-CDF1B8DA86BC:LeaderElection74: begin an election at term 1 for -1: [583e914f-c7c5-4b66-98fc-37d50dda33f5:192.168.36.67:40850], old=null
2019-09-04 10:16:01,790 [583e914f-c7c5-4b66-98fc-37d50dda33f5:group-CDF1B8DA86BC:LeaderElection74] INFO  impl.RoleInfo (RoleInfo.java:shutdownLeaderElection(134)) - 583e914f-c7c5-4b66-98fc-37d50dda33f5: shutdown LeaderElection
2019-09-04 10:16:01,791 [583e914f-c7c5-4b66-98fc-37d50dda33f5:group-CDF1B8DA86BC:LeaderElection74] INFO  impl.RaftServerImpl (RaftServerImpl.java:setRole(171)) - 583e914f-c7c5-4b66-98fc-37d50dda33f5:group-CDF1B8DA86BC changes role from CANDIDATE to LEADER at term 1 for changeToLeader
2019-09-04 10:16:01,791 [583e914f-c7c5-4b66-98fc-37d50dda33f5:group-CDF1B8DA86BC:LeaderElection74] INFO  impl.RaftServerImpl (ServerState.java:setLeader(263)) - 583e914f-c7c5-4b66-98fc-37d50dda33f5:group-CDF1B8DA86BC change Leader from null to 583e914f-c7c5-4b66-98fc-37d50dda33f5 at term 1 for becomeLeader, leader elected after 5099ms
2019-09-04 10:16:01,791 [583e914f-c7c5-4b66-98fc-37d50dda33f5:group-CDF1B8DA86BC:LeaderElection74] INFO  server.RaftServerConfigKeys (ConfUtils.java:logGet(43)) - raft.server.staging.catchup.gap = 1000 (default)
2019-09-04 10:16:01,791 [583e914f-c7c5-4b66-98fc-37d50dda33f5:group-CDF1B8DA86BC:LeaderElection74] INFO  server.RaftServerConfigKeys (ConfUtils.java:logGet(43)) - raft.server.rpc.sleep.time = 25ms (default)
2019-09-04 10:16:01,791 [583e914f-c7c5-4b66-98fc-37d50dda33f5:group-CDF1B8DA86BC:LeaderElection74] INFO  server.RaftServerConfigKeys (ConfUtils.java:logGet(43)) - raft.server.write.element-limit = 4096 (default)
2019-09-04 10:16:01,791 [583e914f-c7c5-4b66-98fc-37d50dda33f5:group-CDF1B8DA86BC:LeaderElection74] INFO  server.RaftServerConfigKeys (ConfUtils.java:logGet(43)) - raft.server.watch.timeout = 10s (default)
2019-09-04 10:16:01,791 [583e914f-c7c5-4b66-98fc-37d50dda33f5:group-CDF1B8DA86BC:LeaderElection74] INFO  server.RaftServerConfigKeys (ConfUtils.java:logGet(43)) - raft.server.watch.timeout.denomination = 1s (default)
2019-09-04 10:16:01,792 [583e914f-c7c5-4b66-98fc-37d50dda33f5:group-CDF1B8DA86BC:LeaderElection74] INFO  server.RaftServerConfigKeys (ConfUtils.java:logGet(43)) - raft.server.watch.element-limit = 65536 (default)
2019-09-04 10:16:01,792 [583e914f-c7c5-4b66-98fc-37d50dda33f5:group-CDF1B8DA86BC:LeaderElection74] INFO  impl.RoleInfo (RoleInfo.java:updateAndGet(143)) - 583e914f-c7c5-4b66-98fc-37d50dda33f5: start LeaderState
2019-09-04 10:16:01,792 [583e914f-c7c5-4b66-98fc-37d50dda33f5:group-CDF1B8DA86BC:LeaderElection74] INFO  segmented.SegmentedRaftLogWorker (SegmentedRaftLogWorker.java:startLogSegment(380)) - 583e914f-c7c5-4b66-98fc-37d50dda33f5-SegmentedRaftLogWorker:Storage Directory /workdir/hadoop-ozone/integration-test/target/test-dir/MiniOzoneClusterImpl-1126da7d-fe5a-4ddc-9a88-3eece028067c/datanode-6/data/ratis/7cd97f62-3cd9-48f8-b4f9-cdf1b8da86bc: Starting segment from index:0
2019-09-04 10:16:01,792 [583e914f-c7c5-4b66-98fc-37d50dda33f5:group-CDF1B8DA86BC:LeaderElection74] INFO  impl.RaftServerImpl (ServerState.java:setRaftConf(361)) - 583e914f-c7c5-4b66-98fc-37d50dda33f5:group-CDF1B8DA86BC set configuration 0: [583e914f-c7c5-4b66-98fc-37d50dda33f5:192.168.36.67:40850], old=null at 0
2019-09-04 10:16:01,837 [583e914f-c7c5-4b66-98fc-37d50dda33f5-SegmentedRaftLogWorker:Storage Directory /workdir/hadoop-ozone/integration-test/target/test-dir/MiniOzoneClusterImpl-1126da7d-fe5a-4ddc-9a88-3eece028067c/datanode-6/data/ratis/7cd97f62-3cd9-48f8-b4f9-cdf1b8da86bc] INFO  segmented.SegmentedRaftLogWorker (SegmentedRaftLogWorker.java:execute(569)) - 583e914f-c7c5-4b66-98fc-37d50dda33f5-SegmentedRaftLogWorker:Storage Directory /workdir/hadoop-ozone/integration-test/target/test-dir/MiniOzoneClusterImpl-1126da7d-fe5a-4ddc-9a88-3eece028067c/datanode-6/data/ratis/7cd97f62-3cd9-48f8-b4f9-cdf1b8da86bc: created new log segment /workdir/hadoop-ozone/integration-test/target/test-dir/MiniOzoneClusterImpl-1126da7d-fe5a-4ddc-9a88-3eece028067c/datanode-6/data/ratis/7cd97f62-3cd9-48f8-b4f9-cdf1b8da86bc/current/log_inprogress_0
2019-09-04 10:16:01,915 | INFO  | DNAudit | user=null | ip=null | op=WRITE_CHUNK {blockData=conID: 1 locID: 102733719647027214 bcsId: 0} | ret=SUCCESS |  
2019-09-04 10:16:01,915 | INFO  | DNAudit | user=null | ip=null | op=WRITE_CHUNK {blockData=conID: 1 locID: 102733719647027214 bcsId: 0} | ret=SUCCESS |  
2019-09-04 10:16:01,915 | INFO  | DNAudit | user=null | ip=null | op=WRITE_CHUNK {blockData=conID: 1 locID: 102733719647027214 bcsId: 0} | ret=SUCCESS |  
2019-09-04 10:16:01,915 | INFO  | SCMAudit | user=jenkins1000 | ip=192.168.36.67 | op=SEND_HEARTBEAT {datanodeUUID=e94d4415-dd42-482b-a9ab-d3c93cd7a0cf, command=[]} | ret=SUCCESS |  
2019-09-04 10:16:01,915 | INFO  | SCMAudit | user=jenkins1000 | ip=192.168.36.67 | op=SEND_HEARTBEAT {datanodeUUID=6f4be47b-46c8-42b4-aff3-8b1cb619a5c7, command=[]} | ret=SUCCESS |  
2019-09-04 10:16:01,915 | INFO  | SCMAudit | user=jenkins1000 | ip=192.168.36.67 | op=SEND_HEARTBEAT {datanodeUUID=d4d82638-7d1a-4b3a-9d0e-2237e706c4db, command=[]} | ret=SUCCESS |  
2019-09-04 10:16:01,922 | INFO  | DNAudit | user=null | ip=null | op=WRITE_CHUNK {blockData=conID: 1 locID: 102733719647027214 bcsId: 0} | ret=SUCCESS |  
2019-09-04 10:16:01,936 [grpc-default-executor-7] INFO  client.GrpcClientProtocolClient (GrpcClientProtocolClient.java:onNext(255)) - client-2CFCBC14A0C4->6f4be47b-46c8-42b4-aff3-8b1cb619a5c7: receive RaftClientReply:client-2CFCBC14A0C4->6f4be47b-46c8-42b4-aff3-8b1cb619a5c7@group-DA02C29FC776, cid=183, SUCCESS, logIndex=1, commits[6f4be47b-46c8-42b4-aff3-8b1cb619a5c7:c1, d4d82638-7d1a-4b3a-9d0e-2237e706c4db:c0, e94d4415-dd42-482b-a9ab-d3c93cd7a0cf:c0]
2019-09-04 10:16:01,937 | INFO  | DNAudit | user=null | ip=null | op=WRITE_CHUNK {blockData=conID: 1 locID: 102733719647027214 bcsId: 0} | ret=SUCCESS |  
2019-09-04 10:16:01,937 | INFO  | DNAudit | user=null | ip=null | op=WRITE_CHUNK {blockData=conID: 1 locID: 102733719647027214 bcsId: 0} | ret=SUCCESS |  
2019-09-04 10:16:01,942 | INFO  | DNAudit | user=null | ip=null | op=WRITE_CHUNK {blockData=conID: 1 locID: 102733719647027214 bcsId: 0} | ret=SUCCESS |  
2019-09-04 10:16:01,943 | INFO  | DNAudit | user=null | ip=null | op=WRITE_CHUNK {blockData=conID: 1 locID: 102733719647027214 bcsId: 0} | ret=SUCCESS |  
2019-09-04 10:16:01,943 | INFO  | DNAudit | user=null | ip=null | op=WRITE_CHUNK {blockData=conID: 1 locID: 102733719647027214 bcsId: 0} | ret=SUCCESS |  
2019-09-04 10:16:01,943 | INFO  | DNAudit | user=null | ip=null | op=WRITE_CHUNK {blockData=conID: 1 locID: 102733719647027214 bcsId: 0} | ret=SUCCESS |  
2019-09-04 10:16:01,947 | INFO  | DNAudit | user=null | ip=null | op=WRITE_CHUNK {blockData=conID: 1 locID: 102733719647027214 bcsId: 0} | ret=SUCCESS |  
2019-09-04 10:16:01,947 | INFO  | DNAudit | user=null | ip=null | op=WRITE_CHUNK {blockData=conID: 1 locID: 102733719647027214 bcsId: 0} | ret=SUCCESS |  
2019-09-04 10:16:01,947 | INFO  | DNAudit | user=null | ip=null | op=WRITE_CHUNK {blockData=conID: 1 locID: 102733719647027214 bcsId: 0} | ret=SUCCESS |  
2019-09-04 10:16:01,948 | INFO  | DNAudit | user=null | ip=null | op=WRITE_CHUNK {blockData=conID: 1 locID: 102733719647027214 bcsId: 0} | ret=SUCCESS |  
2019-09-04 10:16:01,948 | INFO  | DNAudit | user=null | ip=null | op=WRITE_CHUNK {blockData=conID: 1 locID: 102733719647027214 bcsId: 0} | ret=SUCCESS |  
2019-09-04 10:16:01,958 | INFO  | DNAudit | user=null | ip=null | op=WRITE_CHUNK {blockData=conID: 1 locID: 102733719647027214 bcsId: 0} | ret=SUCCESS |  
2019-09-04 10:16:01,970 [grpc-default-executor-7] INFO  client.GrpcClientProtocolClient (GrpcClientProtocolClient.java:onNext(255)) - client-2CFCBC14A0C4->6f4be47b-46c8-42b4-aff3-8b1cb619a5c7: receive RaftClientReply:client-2CFCBC14A0C4->6f4be47b-46c8-42b4-aff3-8b1cb619a5c7@group-DA02C29FC776, cid=184, SUCCESS, logIndex=3, commits[6f4be47b-46c8-42b4-aff3-8b1cb619a5c7:c5, d4d82638-7d1a-4b3a-9d0e-2237e706c4db:c2, e94d4415-dd42-482b-a9ab-d3c93cd7a0cf:c2]
2019-09-04 10:16:01,970 | INFO  | DNAudit | user=null | ip=null | op=WRITE_CHUNK {blockData=conID: 1 locID: 102733719647027214 bcsId: 0} | ret=SUCCESS |  
2019-09-04 10:16:01,970 | INFO  | DNAudit | user=null | ip=null | op=WRITE_CHUNK {blockData=conID: 1 locID: 102733719647027214 bcsId: 0} | ret=SUCCESS |  
2019-09-04 10:16:01,984 | INFO  | SCMAudit | user=jenkins1000 | ip=192.168.36.67 | op=SEND_HEARTBEAT {datanodeUUID=6c9cea2f-f547-4d36-9e9d-21f9e8213c72, command=[]} | ret=SUCCESS |  
2019-09-04 10:16:02,000 | INFO  | DNAudit | user=null | ip=null | op=PUT_BLOCK {blockData=[blockId=conID: 1 locID: 102733719647027214 bcsId: 0,size=200]} | ret=SUCCESS |  
2019-09-04 10:16:02,003 | INFO  | DNAudit | user=null | ip=null | op=WRITE_CHUNK {blockData=conID: 1 locID: 102733719647027214 bcsId: 0} | ret=SUCCESS |  
2019-09-04 10:16:02,004 | INFO  | DNAudit | user=null | ip=null | op=WRITE_CHUNK {blockData=conID: 1 locID: 102733719647027214 bcsId: 0} | ret=SUCCESS |  
2019-09-04 10:16:02,004 [grpc-default-executor-0] INFO  client.GrpcClientProtocolClient (GrpcClientProtocolClient.java:onNext(255)) - client-2CFCBC14A0C4->6f4be47b-46c8-42b4-aff3-8b1cb619a5c7: receive RaftClientReply:client-2CFCBC14A0C4->6f4be47b-46c8-42b4-aff3-8b1cb619a5c7@group-DA02C29FC776, cid=185, SUCCESS, logIndex=4, commits[6f4be47b-46c8-42b4-aff3-8b1cb619a5c7:c12, d4d82638-7d1a-4b3a-9d0e-2237e706c4db:c7, e94d4415-dd42-482b-a9ab-d3c93cd7a0cf:c7]
2019-09-04 10:16:02,004 [grpc-default-executor-0] INFO  client.GrpcClientProtocolClient (GrpcClientProtocolClient.java:onNext(255)) - client-2CFCBC14A0C4->6f4be47b-46c8-42b4-aff3-8b1cb619a5c7: receive RaftClientReply:client-2CFCBC14A0C4->6f4be47b-46c8-42b4-aff3-8b1cb619a5c7@group-DA02C29FC776, cid=186, SUCCESS, logIndex=5, commits[6f4be47b-46c8-42b4-aff3-8b1cb619a5c7:c12, d4d82638-7d1a-4b3a-9d0e-2237e706c4db:c7, e94d4415-dd42-482b-a9ab-d3c93cd7a0cf:c7]
2019-09-04 10:16:02,005 [grpc-default-executor-0] INFO  client.GrpcClientProtocolClient (GrpcClientProtocolClient.java:onNext(255)) - client-2CFCBC14A0C4->6f4be47b-46c8-42b4-aff3-8b1cb619a5c7: receive RaftClientReply:client-2CFCBC14A0C4->6f4be47b-46c8-42b4-aff3-8b1cb619a5c7@group-DA02C29FC776, cid=187, SUCCESS, logIndex=6, commits[6f4be47b-46c8-42b4-aff3-8b1cb619a5c7:c12, d4d82638-7d1a-4b3a-9d0e-2237e706c4db:c7, e94d4415-dd42-482b-a9ab-d3c93cd7a0cf:c7]
2019-09-04 10:16:02,030 | INFO  | DNAudit | user=null | ip=null | op=PUT_BLOCK {blockData=[blockId=conID: 1 locID: 102733719647027214 bcsId: 0,size=200]} | ret=SUCCESS |  
2019-09-04 10:16:02,030 | INFO  | DNAudit | user=null | ip=null | op=WRITE_CHUNK {blockData=conID: 1 locID: 102733719647027214 bcsId: 0} | ret=SUCCESS |  
2019-09-04 10:16:02,031 | INFO  | DNAudit | user=null | ip=null | op=WRITE_CHUNK {blockData=conID: 1 locID: 102733719647027214 bcsId: 0} | ret=SUCCESS |  
2019-09-04 10:16:02,060 | INFO  | DNAudit | user=null | ip=null | op=PUT_BLOCK {blockData=[blockId=conID: 1 locID: 102733719647027214 bcsId: 0,size=400]} | ret=SUCCESS |  
2019-09-04 10:16:02,060 | INFO  | DNAudit | user=null | ip=null | op=PUT_BLOCK {blockData=[blockId=conID: 1 locID: 102733719647027214 bcsId: 0,size=400]} | ret=SUCCESS |  
2019-09-04 10:16:02,061 [grpc-default-executor-0] INFO  client.GrpcClientProtocolClient (GrpcClientProtocolClient.java:onNext(255)) - client-2CFCBC14A0C4->6f4be47b-46c8-42b4-aff3-8b1cb619a5c7: receive RaftClientReply:client-2CFCBC14A0C4->6f4be47b-46c8-42b4-aff3-8b1cb619a5c7@group-DA02C29FC776, cid=188, SUCCESS, logIndex=7, commits[6f4be47b-46c8-42b4-aff3-8b1cb619a5c7:c12, d4d82638-7d1a-4b3a-9d0e-2237e706c4db:c7, e94d4415-dd42-482b-a9ab-d3c93cd7a0cf:c7]
2019-09-04 10:16:02,068 | INFO  | DNAudit | user=null | ip=null | op=WRITE_CHUNK {blockData=conID: 1 locID: 102733719647027214 bcsId: 7} | ret=SUCCESS |  
2019-09-04 10:16:02,069 | INFO  | DNAudit | user=null | ip=null | op=WRITE_CHUNK {blockData=conID: 1 locID: 102733719647027214 bcsId: 7} | ret=SUCCESS |  
2019-09-04 10:16:02,069 | INFO  | DNAudit | user=null | ip=null | op=WRITE_CHUNK {blockData=conID: 1 locID: 102733719647027214 bcsId: 7} | ret=SUCCESS |  
2019-09-04 10:16:02,080 | INFO  | DNAudit | user=null | ip=null | op=WRITE_CHUNK {blockData=conID: 1 locID: 102733719647027214 bcsId: 7} | ret=SUCCESS |  
2019-09-04 10:16:02,084 | INFO  | DNAudit | user=null | ip=null | op=PUT_BLOCK {blockData=[blockId=conID: 1 locID: 102733719647027214 bcsId: 0,size=450]} | ret=SUCCESS |  
2019-09-04 10:16:02,084 [grpc-default-executor-7] INFO  client.GrpcClientProtocolClient (GrpcClientProtocolClient.java:onNext(255)) - client-2CFCBC14A0C4->6f4be47b-46c8-42b4-aff3-8b1cb619a5c7: receive RaftClientReply:client-2CFCBC14A0C4->6f4be47b-46c8-42b4-aff3-8b1cb619a5c7@group-DA02C29FC776, cid=189, SUCCESS, logIndex=13, commits[6f4be47b-46c8-42b4-aff3-8b1cb619a5c7:c14, d4d82638-7d1a-4b3a-9d0e-2237e706c4db:c12, e94d4415-dd42-482b-a9ab-d3c93cd7a0cf:c12]
2019-09-04 10:16:02,085 [grpc-default-executor-7] INFO  client.GrpcClientProtocolClient (GrpcClientProtocolClient.java:onNext(255)) - client-2CFCBC14A0C4->6f4be47b-46c8-42b4-aff3-8b1cb619a5c7: receive RaftClientReply:client-2CFCBC14A0C4->6f4be47b-46c8-42b4-aff3-8b1cb619a5c7@group-DA02C29FC776, cid=190, SUCCESS, logIndex=14, commits[6f4be47b-46c8-42b4-aff3-8b1cb619a5c7:c14, d4d82638-7d1a-4b3a-9d0e-2237e706c4db:c12, e94d4415-dd42-482b-a9ab-d3c93cd7a0cf:c12]
2019-09-04 10:16:02,090 | INFO  | DNAudit | user=null | ip=null | op=WRITE_CHUNK {blockData=conID: 1 locID: 102733719647027214 bcsId: 7} | ret=SUCCESS |  
2019-09-04 10:16:02,091 | INFO  | DNAudit | user=null | ip=null | op=PUT_BLOCK {blockData=[blockId=conID: 1 locID: 102733719647027214 bcsId: 0,size=450]} | ret=SUCCESS |  
2019-09-04 10:16:02,095 [grpc-default-executor-7] INFO  client.GrpcClientProtocolClient (GrpcClientProtocolClient.java:onNext(255)) - client-2CFCBC14A0C4->6f4be47b-46c8-42b4-aff3-8b1cb619a5c7: receive RaftClientReply:client-2CFCBC14A0C4->6f4be47b-46c8-42b4-aff3-8b1cb619a5c7@group-DA02C29FC776, cid=191, SUCCESS, logIndex=0, commits[6f4be47b-46c8-42b4-aff3-8b1cb619a5c7:c15, d4d82638-7d1a-4b3a-9d0e-2237e706c4db:c14, e94d4415-dd42-482b-a9ab-d3c93cd7a0cf:c14]
2019-09-04 10:16:02,095 [main] INFO  datanode.ObjectStoreHandler (ObjectStoreHandler.java:close(155)) - Closing ObjectStoreHandler.
2019-09-04 10:16:02,096 [main] INFO  ozone.HddsDatanodeService (HddsDatanodeService.java:stop(451)) - Stopped plug-in org.apache.hadoop.ozone.web.OzoneHddsDatanodeService@3d95100f
2019-09-04 10:16:02,100 | INFO  | DNAudit | user=null | ip=null | op=PUT_BLOCK {blockData=[blockId=conID: 1 locID: 102733719647027214 bcsId: 0,size=200]} | ret=SUCCESS |  
2019-09-04 10:16:02,101 | INFO  | DNAudit | user=null | ip=null | op=WRITE_CHUNK {blockData=conID: 1 locID: 102733719647027214 bcsId: 0} | ret=SUCCESS |  
2019-09-04 10:16:02,101 | INFO  | DNAudit | user=null | ip=null | op=WRITE_CHUNK {blockData=conID: 1 locID: 102733719647027214 bcsId: 0} | ret=SUCCESS |  
2019-09-04 10:16:02,102 | INFO  | DNAudit | user=null | ip=null | op=PUT_BLOCK {blockData=[blockId=conID: 1 locID: 102733719647027214 bcsId: 0,size=400]} | ret=SUCCESS |  
2019-09-04 10:16:02,102 | INFO  | DNAudit | user=null | ip=null | op=WRITE_CHUNK {blockData=conID: 1 locID: 102733719647027214 bcsId: 7} | ret=SUCCESS |  
2019-09-04 10:16:02,105 | INFO  | DNAudit | user=null | ip=null | op=PUT_BLOCK {blockData=[blockId=conID: 1 locID: 102733719647027214 bcsId: 0,size=450]} | ret=SUCCESS |  
2019-09-04 10:16:02,196 | INFO  | SCMAudit | user=jenkins1000 | ip=192.168.36.67 | op=SEND_HEARTBEAT {datanodeUUID=fe2c9e73-6c2d-4a43-92e0-1dab16afefd5, command=[]} | ret=SUCCESS |  
2019-09-04 10:16:02,408 | INFO  | SCMAudit | user=jenkins1000 | ip=192.168.36.67 | op=SEND_HEARTBEAT {datanodeUUID=6d94adbb-9f8c-46a2-8e14-6bea29af47e5, command=[]} | ret=SUCCESS |  
2019-09-04 10:16:02,647 | INFO  | SCMAudit | user=jenkins1000 | ip=192.168.36.67 | op=SEND_HEARTBEAT {datanodeUUID=583e914f-c7c5-4b66-98fc-37d50dda33f5, command=[]} | ret=SUCCESS |  
2019-09-04 10:16:02,914 [Datanode State Machine Thread - 0] INFO  statemachine.DatanodeStateMachine (DatanodeStateMachine.java:lambda$startDaemon$0(350)) - Ozone container server started.
2019-09-04 10:16:02,915 | INFO  | SCMAudit | user=jenkins1000 | ip=192.168.36.67 | op=SEND_HEARTBEAT {datanodeUUID=6f4be47b-46c8-42b4-aff3-8b1cb619a5c7, command=[]} | ret=SUCCESS |  
2019-09-04 10:16:02,915 | INFO  | SCMAudit | user=jenkins1000 | ip=192.168.36.67 | op=SEND_HEARTBEAT {datanodeUUID=e94d4415-dd42-482b-a9ab-d3c93cd7a0cf, command=[]} | ret=SUCCESS |  
2019-09-04 10:16:02,984 | INFO  | SCMAudit | user=jenkins1000 | ip=192.168.36.67 | op=SEND_HEARTBEAT {datanodeUUID=6c9cea2f-f547-4d36-9e9d-21f9e8213c72, command=[]} | ret=SUCCESS |  
2019-09-04 10:16:03,197 | INFO  | SCMAudit | user=jenkins1000 | ip=192.168.36.67 | op=SEND_HEARTBEAT {datanodeUUID=fe2c9e73-6c2d-4a43-92e0-1dab16afefd5, command=[]} | ret=SUCCESS |  
2019-09-04 10:16:03,409 | INFO  | SCMAudit | user=jenkins1000 | ip=192.168.36.67 | op=SEND_HEARTBEAT {datanodeUUID=6d94adbb-9f8c-46a2-8e14-6bea29af47e5, command=[]} | ret=SUCCESS |  
2019-09-04 10:16:03,647 | INFO  | SCMAudit | user=jenkins1000 | ip=192.168.36.67 | op=SEND_HEARTBEAT {datanodeUUID=583e914f-c7c5-4b66-98fc-37d50dda33f5, command=[]} | ret=SUCCESS |  
2019-09-04 10:16:03,915 | INFO  | SCMAudit | user=jenkins1000 | ip=192.168.36.67 | op=SEND_HEARTBEAT {datanodeUUID=6f4be47b-46c8-42b4-aff3-8b1cb619a5c7, command=[]} | ret=SUCCESS |  
2019-09-04 10:16:03,915 | INFO  | SCMAudit | user=jenkins1000 | ip=192.168.36.67 | op=SEND_HEARTBEAT {datanodeUUID=e94d4415-dd42-482b-a9ab-d3c93cd7a0cf, command=[]} | ret=SUCCESS |  
2019-09-04 10:16:03,984 | INFO  | SCMAudit | user=jenkins1000 | ip=192.168.36.67 | op=SEND_HEARTBEAT {datanodeUUID=6c9cea2f-f547-4d36-9e9d-21f9e8213c72, command=[]} | ret=SUCCESS |  
2019-09-04 10:16:04,197 | INFO  | SCMAudit | user=jenkins1000 | ip=192.168.36.67 | op=SEND_HEARTBEAT {datanodeUUID=fe2c9e73-6c2d-4a43-92e0-1dab16afefd5, command=[]} | ret=SUCCESS |  
2019-09-04 10:16:04,409 | INFO  | SCMAudit | user=jenkins1000 | ip=192.168.36.67 | op=SEND_HEARTBEAT {datanodeUUID=6d94adbb-9f8c-46a2-8e14-6bea29af47e5, command=[]} | ret=SUCCESS |  
2019-09-04 10:16:04,647 | INFO  | SCMAudit | user=jenkins1000 | ip=192.168.36.67 | op=SEND_HEARTBEAT {datanodeUUID=583e914f-c7c5-4b66-98fc-37d50dda33f5, command=[]} | ret=SUCCESS |  
2019-09-04 10:16:04,914 | INFO  | SCMAudit | user=jenkins1000 | ip=192.168.36.67 | op=SEND_HEARTBEAT {datanodeUUID=6f4be47b-46c8-42b4-aff3-8b1cb619a5c7, command=[]} | ret=SUCCESS |  
2019-09-04 10:16:04,915 | INFO  | SCMAudit | user=jenkins1000 | ip=192.168.36.67 | op=SEND_HEARTBEAT {datanodeUUID=e94d4415-dd42-482b-a9ab-d3c93cd7a0cf, command=[]} | ret=SUCCESS |  
2019-09-04 10:16:04,984 | INFO  | SCMAudit | user=jenkins1000 | ip=192.168.36.67 | op=SEND_HEARTBEAT {datanodeUUID=6c9cea2f-f547-4d36-9e9d-21f9e8213c72, command=[]} | ret=SUCCESS |  
2019-09-04 10:16:05,197 | INFO  | SCMAudit | user=jenkins1000 | ip=192.168.36.67 | op=SEND_HEARTBEAT {datanodeUUID=fe2c9e73-6c2d-4a43-92e0-1dab16afefd5, command=[]} | ret=SUCCESS |  
2019-09-04 10:16:05,409 | INFO  | SCMAudit | user=jenkins1000 | ip=192.168.36.67 | op=SEND_HEARTBEAT {datanodeUUID=6d94adbb-9f8c-46a2-8e14-6bea29af47e5, command=[]} | ret=SUCCESS |  
2019-09-04 10:16:05,647 | INFO  | SCMAudit | user=jenkins1000 | ip=192.168.36.67 | op=SEND_HEARTBEAT {datanodeUUID=583e914f-c7c5-4b66-98fc-37d50dda33f5, command=[]} | ret=SUCCESS |  
2019-09-04 10:16:05,914 | INFO  | SCMAudit | user=jenkins1000 | ip=192.168.36.67 | op=SEND_HEARTBEAT {datanodeUUID=6f4be47b-46c8-42b4-aff3-8b1cb619a5c7, command=[]} | ret=SUCCESS |  
2019-09-04 10:16:05,915 | INFO  | SCMAudit | user=jenkins1000 | ip=192.168.36.67 | op=SEND_HEARTBEAT {datanodeUUID=e94d4415-dd42-482b-a9ab-d3c93cd7a0cf, command=[]} | ret=SUCCESS |  
2019-09-04 10:16:05,984 | INFO  | SCMAudit | user=jenkins1000 | ip=192.168.36.67 | op=SEND_HEARTBEAT {datanodeUUID=6c9cea2f-f547-4d36-9e9d-21f9e8213c72, command=[]} | ret=SUCCESS |  
2019-09-04 10:16:06,197 | INFO  | SCMAudit | user=jenkins1000 | ip=192.168.36.67 | op=SEND_HEARTBEAT {datanodeUUID=fe2c9e73-6c2d-4a43-92e0-1dab16afefd5, command=[]} | ret=SUCCESS |  
2019-09-04 10:16:06,409 | INFO  | SCMAudit | user=jenkins1000 | ip=192.168.36.67 | op=SEND_HEARTBEAT {datanodeUUID=6d94adbb-9f8c-46a2-8e14-6bea29af47e5, command=[]} | ret=SUCCESS |  
2019-09-04 10:16:06,647 | INFO  | SCMAudit | user=jenkins1000 | ip=192.168.36.67 | op=SEND_HEARTBEAT {datanodeUUID=583e914f-c7c5-4b66-98fc-37d50dda33f5, command=[]} | ret=SUCCESS |  
2019-09-04 10:16:06,914 | INFO  | SCMAudit | user=jenkins1000 | ip=192.168.36.67 | op=SEND_HEARTBEAT {datanodeUUID=6f4be47b-46c8-42b4-aff3-8b1cb619a5c7, command=[]} | ret=SUCCESS |  
2019-09-04 10:16:06,915 | INFO  | SCMAudit | user=jenkins1000 | ip=192.168.36.67 | op=SEND_HEARTBEAT {datanodeUUID=e94d4415-dd42-482b-a9ab-d3c93cd7a0cf, command=[]} | ret=SUCCESS |  
2019-09-04 10:16:06,953 [EventQueue-StaleNodeForStaleNodeHandler] INFO  node.StaleNodeHandler (StaleNodeHandler.java:onMessage(58)) - Datanode d4d82638-7d1a-4b3a-9d0e-2237e706c4db{ip: 192.168.36.67, host: pr-hdds-1569-fjd24-125839774, networkLocation: /default-rack, certSerialId: null} moved to stale state. Finalizing its pipelines [PipelineID=44c2ad98-1495-47c4-b686-da02c29fc776, PipelineID=39dbea6b-fb44-43a2-ad4e-56e50df59354]
2019-09-04 10:16:06,954 [EventQueue-StaleNodeForStaleNodeHandler] INFO  pipeline.SCMPipelineManager (SCMPipelineManager.java:finalizeAndDestroyPipeline(309)) - destroying pipeline:Pipeline[ Id: 44c2ad98-1495-47c4-b686-da02c29fc776, Nodes: d4d82638-7d1a-4b3a-9d0e-2237e706c4db{ip: 192.168.36.67, host: pr-hdds-1569-fjd24-125839774, networkLocation: /default-rack, certSerialId: null}e94d4415-dd42-482b-a9ab-d3c93cd7a0cf{ip: 192.168.36.67, host: pr-hdds-1569-fjd24-125839774, networkLocation: /default-rack, certSerialId: null}6f4be47b-46c8-42b4-aff3-8b1cb619a5c7{ip: 192.168.36.67, host: pr-hdds-1569-fjd24-125839774, networkLocation: /default-rack, certSerialId: null}, Type:RATIS, Factor:THREE, State:OPEN]
2019-09-04 10:16:06,954 [EventQueue-StaleNodeForStaleNodeHandler] INFO  pipeline.PipelineStateManager (PipelineStateManager.java:finalizePipeline(123)) - Pipeline Pipeline[ Id: 44c2ad98-1495-47c4-b686-da02c29fc776, Nodes: d4d82638-7d1a-4b3a-9d0e-2237e706c4db{ip: 192.168.36.67, host: pr-hdds-1569-fjd24-125839774, networkLocation: /default-rack, certSerialId: null}e94d4415-dd42-482b-a9ab-d3c93cd7a0cf{ip: 192.168.36.67, host: pr-hdds-1569-fjd24-125839774, networkLocation: /default-rack, certSerialId: null}6f4be47b-46c8-42b4-aff3-8b1cb619a5c7{ip: 192.168.36.67, host: pr-hdds-1569-fjd24-125839774, networkLocation: /default-rack, certSerialId: null}, Type:RATIS, Factor:THREE, State:CLOSED] moved to CLOSED state
2019-09-04 10:16:06,954 [EventQueue-StaleNodeForStaleNodeHandler] INFO  pipeline.SCMPipelineManager (SCMPipelineManager.java:finalizeAndDestroyPipeline(309)) - destroying pipeline:Pipeline[ Id: 39dbea6b-fb44-43a2-ad4e-56e50df59354, Nodes: d4d82638-7d1a-4b3a-9d0e-2237e706c4db{ip: 192.168.36.67, host: pr-hdds-1569-fjd24-125839774, networkLocation: /default-rack, certSerialId: null}, Type:RATIS, Factor:ONE, State:OPEN]
2019-09-04 10:16:06,954 [EventQueue-CloseContainerForCloseContainerEventHandler] INFO  container.CloseContainerEventHandler (CloseContainerEventHandler.java:onMessage(61)) - Close container Event triggered for container : #1
2019-09-04 10:16:06,954 [EventQueue-StaleNodeForStaleNodeHandler] INFO  pipeline.PipelineStateManager (PipelineStateManager.java:finalizePipeline(123)) - Pipeline Pipeline[ Id: 39dbea6b-fb44-43a2-ad4e-56e50df59354, Nodes: d4d82638-7d1a-4b3a-9d0e-2237e706c4db{ip: 192.168.36.67, host: pr-hdds-1569-fjd24-125839774, networkLocation: /default-rack, certSerialId: null}, Type:RATIS, Factor:ONE, State:CLOSED] moved to CLOSED state
2019-09-04 10:16:06,985 | INFO  | SCMAudit | user=jenkins1000 | ip=192.168.36.67 | op=SEND_HEARTBEAT {datanodeUUID=6c9cea2f-f547-4d36-9e9d-21f9e8213c72, command=[]} | ret=SUCCESS |  
2019-09-04 10:16:07,097 [main] INFO  ozoneimpl.OzoneContainer (OzoneContainer.java:stop(199)) - Attempting to stop container services.
2019-09-04 10:16:07,097 [main] INFO  impl.RaftServerProxy (RaftServerProxy.java:lambda$close$4(314)) - d4d82638-7d1a-4b3a-9d0e-2237e706c4db: close
2019-09-04 10:16:07,098 [main] INFO  impl.RaftServerImpl (RaftServerImpl.java:lambda$shutdown$3(245)) - d4d82638-7d1a-4b3a-9d0e-2237e706c4db: shutdown group-DA02C29FC776
2019-09-04 10:16:07,098 [ForkJoinPool.commonPool-worker-0] INFO  impl.RaftServerImpl (RaftServerImpl.java:lambda$shutdown$3(245)) - d4d82638-7d1a-4b3a-9d0e-2237e706c4db: shutdown group-56E50DF59354
2019-09-04 10:16:07,098 [main] INFO  util.JmxRegister (JmxRegister.java:unregister(73)) - Successfully un-registered JMX Bean with object name Ratis:service=RaftServer,group=group-DA02C29FC776,id=d4d82638-7d1a-4b3a-9d0e-2237e706c4db
2019-09-04 10:16:07,099 [ForkJoinPool.commonPool-worker-0] INFO  util.JmxRegister (JmxRegister.java:unregister(73)) - Successfully un-registered JMX Bean with object name Ratis:service=RaftServer,group=group-56E50DF59354,id=d4d82638-7d1a-4b3a-9d0e-2237e706c4db
2019-09-04 10:16:07,099 [main] INFO  impl.RoleInfo (RoleInfo.java:shutdownFollowerState(121)) - d4d82638-7d1a-4b3a-9d0e-2237e706c4db: shutdown FollowerState
2019-09-04 10:16:07,099 [ForkJoinPool.commonPool-worker-0] INFO  impl.RoleInfo (RoleInfo.java:shutdownLeaderState(104)) - d4d82638-7d1a-4b3a-9d0e-2237e706c4db: shutdown LeaderState
2019-09-04 10:16:07,099 [StateMachineUpdater:d4d82638-7d1a-4b3a-9d0e-2237e706c4db:group-DA02C29FC776] INFO  ratis.ContainerStateMachine (ContainerStateMachine.java:takeSnapshot(283)) - group-DA02C29FC776: Taking a snapshot at:(t:1, i:14) file /workdir/hadoop-ozone/integration-test/target/test-dir/MiniOzoneClusterImpl-1126da7d-fe5a-4ddc-9a88-3eece028067c/datanode-2/data/ratis/44c2ad98-1495-47c4-b686-da02c29fc776/sm/snapshot.1_14
2019-09-04 10:16:07,099 [main] INFO  impl.StateMachineUpdater (StateMachineUpdater.java:stopAndJoin(115)) - StateMachineUpdater:d4d82638-7d1a-4b3a-9d0e-2237e706c4db:group-DA02C29FC776: set stopIndex = 16
2019-09-04 10:16:07,099 [Thread-3610] INFO  impl.FollowerState (FollowerState.java:run(114)) - d4d82638-7d1a-4b3a-9d0e-2237e706c4db: FollowerState was interrupted: java.lang.InterruptedException: sleep interrupted
2019-09-04 10:16:07,100 [ForkJoinPool.commonPool-worker-0] INFO  impl.PendingRequests (PendingRequests.java:sendNotLeaderResponses(202)) - d4d82638-7d1a-4b3a-9d0e-2237e706c4db-PendingRequests: sendNotLeaderResponses
2019-09-04 10:16:07,107 [ForkJoinPool.commonPool-worker-0] INFO  impl.StateMachineUpdater (StateMachineUpdater.java:stopAndJoin(115)) - StateMachineUpdater:d4d82638-7d1a-4b3a-9d0e-2237e706c4db:group-56E50DF59354: set stopIndex = 0
2019-09-04 10:16:07,111 [ForkJoinPool.commonPool-worker-0] INFO  impl.RaftServerImpl (ServerState.java:close(394)) - d4d82638-7d1a-4b3a-9d0e-2237e706c4db:group-56E50DF59354 closes. The last applied log index is 0
2019-09-04 10:16:07,111 [d4d82638-7d1a-4b3a-9d0e-2237e706c4db-SegmentedRaftLogWorker:Storage Directory /workdir/hadoop-ozone/integration-test/target/test-dir/MiniOzoneClusterImpl-1126da7d-fe5a-4ddc-9a88-3eece028067c/datanode-2/data/ratis/39dbea6b-fb44-43a2-ad4e-56e50df59354] INFO  segmented.SegmentedRaftLogWorker (SegmentedRaftLogWorker.java:run(313)) - d4d82638-7d1a-4b3a-9d0e-2237e706c4db-SegmentedRaftLogWorker:Storage Directory /workdir/hadoop-ozone/integration-test/target/test-dir/MiniOzoneClusterImpl-1126da7d-fe5a-4ddc-9a88-3eece028067c/datanode-2/data/ratis/39dbea6b-fb44-43a2-ad4e-56e50df59354 was interrupted, exiting. There are 0 tasks remaining in the queue.
2019-09-04 10:16:07,115 [ForkJoinPool.commonPool-worker-0] INFO  segmented.SegmentedRaftLogWorker (SegmentedRaftLogWorker.java:close(228)) - d4d82638-7d1a-4b3a-9d0e-2237e706c4db-SegmentedRaftLogWorker:Storage Directory /workdir/hadoop-ozone/integration-test/target/test-dir/MiniOzoneClusterImpl-1126da7d-fe5a-4ddc-9a88-3eece028067c/datanode-2/data/ratis/39dbea6b-fb44-43a2-ad4e-56e50df59354 close()
2019-09-04 10:16:07,125 [StateMachineUpdater:d4d82638-7d1a-4b3a-9d0e-2237e706c4db:group-DA02C29FC776] INFO  ratis.ContainerStateMachine (ContainerStateMachine.java:takeSnapshot(294)) - group-DA02C29FC776: Finished taking a snapshot at:(t:1, i:14) file:/workdir/hadoop-ozone/integration-test/target/test-dir/MiniOzoneClusterImpl-1126da7d-fe5a-4ddc-9a88-3eece028067c/datanode-2/data/ratis/44c2ad98-1495-47c4-b686-da02c29fc776/sm/snapshot.1_14 time:25
2019-09-04 10:16:07,125 [StateMachineUpdater:d4d82638-7d1a-4b3a-9d0e-2237e706c4db:group-DA02C29FC776] INFO  impl.StateMachineUpdater (StateMachineUpdater.java:takeSnapshot(242)) - StateMachineUpdater:d4d82638-7d1a-4b3a-9d0e-2237e706c4db:group-DA02C29FC776: Took a snapshot at index 14
2019-09-04 10:16:07,125 [StateMachineUpdater:d4d82638-7d1a-4b3a-9d0e-2237e706c4db:group-DA02C29FC776] INFO  impl.StateMachineUpdater (StateMachineUpdater.java:lambda$new$0(80)) - StateMachineUpdater:d4d82638-7d1a-4b3a-9d0e-2237e706c4db:group-DA02C29FC776: snapshotIndex: updateIncreasingly -1 -> 14
2019-09-04 10:16:07,126 [main] INFO  impl.RaftServerImpl (ServerState.java:close(394)) - d4d82638-7d1a-4b3a-9d0e-2237e706c4db:group-DA02C29FC776 closes. The last applied log index is 16
2019-09-04 10:16:07,126 [d4d82638-7d1a-4b3a-9d0e-2237e706c4db-SegmentedRaftLogWorker:Storage Directory /workdir/hadoop-ozone/integration-test/target/test-dir/MiniOzoneClusterImpl-1126da7d-fe5a-4ddc-9a88-3eece028067c/datanode-2/data/ratis/44c2ad98-1495-47c4-b686-da02c29fc776] INFO  segmented.SegmentedRaftLogWorker (SegmentedRaftLogWorker.java:run(313)) - d4d82638-7d1a-4b3a-9d0e-2237e706c4db-SegmentedRaftLogWorker:Storage Directory /workdir/hadoop-ozone/integration-test/target/test-dir/MiniOzoneClusterImpl-1126da7d-fe5a-4ddc-9a88-3eece028067c/datanode-2/data/ratis/44c2ad98-1495-47c4-b686-da02c29fc776 was interrupted, exiting. There are 0 tasks remaining in the queue.
2019-09-04 10:16:07,129 [main] INFO  segmented.SegmentedRaftLogWorker (SegmentedRaftLogWorker.java:close(228)) - d4d82638-7d1a-4b3a-9d0e-2237e706c4db-SegmentedRaftLogWorker:Storage Directory /workdir/hadoop-ozone/integration-test/target/test-dir/MiniOzoneClusterImpl-1126da7d-fe5a-4ddc-9a88-3eece028067c/datanode-2/data/ratis/44c2ad98-1495-47c4-b686-da02c29fc776 close()
2019-09-04 10:16:07,134 [main] INFO  server.GrpcService (GrpcService.java:closeImpl(155)) - d4d82638-7d1a-4b3a-9d0e-2237e706c4db: shutdown server with port 39803 now
2019-09-04 10:16:07,135 [grpc-default-executor-0] WARN  server.GrpcServerProtocolService (LogUtils.java:warn(134)) - d4d82638-7d1a-4b3a-9d0e-2237e706c4db: appendEntries onError: org.apache.ratis.thirdparty.io.grpc.StatusRuntimeException: CANCELLED: cancelled before receiving half close
2019-09-04 10:16:07,135 [main] INFO  server.GrpcService (GrpcService.java:closeImpl(163)) - d4d82638-7d1a-4b3a-9d0e-2237e706c4db: shutdown server with port 39803 successfully
2019-09-04 10:16:07,135 [grpc-default-executor-1] WARN  server.GrpcLogAppender (LogUtils.java:warn(134)) - 6f4be47b-46c8-42b4-aff3-8b1cb619a5c7->d4d82638-7d1a-4b3a-9d0e-2237e706c4db: Failed appendEntries: org.apache.ratis.thirdparty.io.grpc.StatusRuntimeException: CANCELLED: HTTP/2 error code: CANCEL
Received Rst Stream
2019-09-04 10:16:07,136 [grpc-default-executor-1] INFO  impl.FollowerInfo (FollowerInfo.java:lambda$new$0(50)) - 6f4be47b-46c8-42b4-aff3-8b1cb619a5c7->d4d82638-7d1a-4b3a-9d0e-2237e706c4db: nextIndex: updateUnconditionally 17 -> 16
2019-09-04 10:16:07,136 [main] INFO  utils.BackgroundService (BackgroundService.java:shutdown(148)) - Shutting down service BlockDeletingService
2019-09-04 10:16:07,138 [refreshUsed-/workdir/hadoop-ozone/integration-test/target/test-dir/MiniOzoneClusterImpl-1126da7d-fe5a-4ddc-9a88-3eece028067c/datanode-2/data/containers] WARN  fs.CachingGetSpaceUsed (CachingGetSpaceUsed.java:run(183)) - Thread Interrupted waiting to refresh disk information: sleep interrupted
2019-09-04 10:16:07,156 [main] INFO  statemachine.DatanodeStateMachine (DatanodeStateMachine.java:stopDaemon(395)) - Ozone container server stopped.
2019-09-04 10:16:07,158 [main] INFO  handler.ContextHandler (ContextHandler.java:doStop(910)) - Stopped o.e.j.w.WebAppContext@7a9e44ff{/,null,UNAVAILABLE}{/hddsDatanode}
2019-09-04 10:16:07,158 [main] INFO  server.AbstractConnector (AbstractConnector.java:doStop(318)) - Stopped ServerConnector@1f8e1096{HTTP/1.1,[http/1.1]}{0.0.0.0:0}
2019-09-04 10:16:07,159 [main] INFO  handler.ContextHandler (ContextHandler.java:doStop(910)) - Stopped o.e.j.s.ServletContextHandler@50177966{/static,jar:file:/home/user/.m2/repository/org/apache/hadoop/hadoop-hdds-container-service/0.5.0-SNAPSHOT/hadoop-hdds-container-service-0.5.0-SNAPSHOT.jar!/webapps/static,UNAVAILABLE}
2019-09-04 10:16:07,159 [main] INFO  handler.ContextHandler (ContextHandler.java:doStop(910)) - Stopped o.e.j.s.ServletContextHandler@62cbe18c{/logs,file:///workdir/hadoop-ozone/integration-test/target/log,UNAVAILABLE}
2019-09-04 10:16:07,162 | INFO  | DNAudit | user=null | ip=null | op=WRITE_CHUNK {blockData=conID: 1 locID: 102733719647027214 bcsId: 14} | ret=SUCCESS |  
2019-09-04 10:16:07,173 | INFO  | DNAudit | user=null | ip=null | op=WRITE_CHUNK {blockData=conID: 1 locID: 102733719647027214 bcsId: 14} | ret=SUCCESS |  
2019-09-04 10:16:07,174 [grpc-default-executor-0] WARN  server.GrpcLogAppender (LogUtils.java:warn(134)) - 6f4be47b-46c8-42b4-aff3-8b1cb619a5c7->d4d82638-7d1a-4b3a-9d0e-2237e706c4db: Failed appendEntries: org.apache.ratis.thirdparty.io.grpc.StatusRuntimeException: UNAVAILABLE: io exception
2019-09-04 10:16:07,174 | INFO  | DNAudit | user=null | ip=null | op=WRITE_CHUNK {blockData=conID: 1 locID: 102733719647027214 bcsId: 14} | ret=SUCCESS |  
2019-09-04 10:16:07,174 [grpc-default-executor-0] INFO  impl.FollowerInfo (FollowerInfo.java:lambda$new$0(50)) - 6f4be47b-46c8-42b4-aff3-8b1cb619a5c7->d4d82638-7d1a-4b3a-9d0e-2237e706c4db: nextIndex: updateUnconditionally 17 -> 16
2019-09-04 10:16:07,174 | INFO  | DNAudit | user=null | ip=null | op=WRITE_CHUNK {blockData=conID: 1 locID: 102733719647027214 bcsId: 14} | ret=SUCCESS |  
2019-09-04 10:16:07,178 | INFO  | DNAudit | user=null | ip=null | op=WRITE_CHUNK {blockData=conID: 1 locID: 102733719647027214 bcsId: 14} | ret=SUCCESS |  
2019-09-04 10:16:07,178 | INFO  | DNAudit | user=null | ip=null | op=WRITE_CHUNK {blockData=conID: 1 locID: 102733719647027214 bcsId: 14} | ret=SUCCESS |  
2019-09-04 10:16:07,179 | INFO  | DNAudit | user=null | ip=null | op=WRITE_CHUNK {blockData=conID: 1 locID: 102733719647027214 bcsId: 14} | ret=SUCCESS |  
2019-09-04 10:16:07,179 [grpc-default-executor-0] WARN  server.GrpcLogAppender (LogUtils.java:warn(134)) - 6f4be47b-46c8-42b4-aff3-8b1cb619a5c7->d4d82638-7d1a-4b3a-9d0e-2237e706c4db: Failed appendEntries: org.apache.ratis.thirdparty.io.grpc.StatusRuntimeException: UNAVAILABLE: io exception
2019-09-04 10:16:07,179 [grpc-default-executor-0] INFO  impl.FollowerInfo (FollowerInfo.java:lambda$new$0(50)) - 6f4be47b-46c8-42b4-aff3-8b1cb619a5c7->d4d82638-7d1a-4b3a-9d0e-2237e706c4db: nextIndex: updateUnconditionally 17 -> 16
2019-09-04 10:16:07,187 | INFO  | DNAudit | user=null | ip=null | op=WRITE_CHUNK {blockData=conID: 1 locID: 102733719647027214 bcsId: 14} | ret=SUCCESS |  
2019-09-04 10:16:07,187 | INFO  | DNAudit | user=null | ip=null | op=WRITE_CHUNK {blockData=conID: 1 locID: 102733719647027214 bcsId: 14} | ret=SUCCESS |  
2019-09-04 10:16:07,188 | INFO  | DNAudit | user=null | ip=null | op=WRITE_CHUNK {blockData=conID: 1 locID: 102733719647027214 bcsId: 14} | ret=SUCCESS |  
2019-09-04 10:16:07,192 | INFO  | DNAudit | user=null | ip=null | op=PUT_BLOCK {blockData=[blockId=conID: 1 locID: 102733719647027214 bcsId: 0,size=650]} | ret=SUCCESS |  
2019-09-04 10:16:07,192 [grpc-default-executor-7] WARN  server.GrpcLogAppender (LogUtils.java:warn(134)) - 6f4be47b-46c8-42b4-aff3-8b1cb619a5c7->d4d82638-7d1a-4b3a-9d0e-2237e706c4db: Failed appendEntries: org.apache.ratis.thirdparty.io.grpc.StatusRuntimeException: UNAVAILABLE: io exception
2019-09-04 10:16:07,192 [grpc-default-executor-0] INFO  client.GrpcClientProtocolClient (GrpcClientProtocolClient.java:onNext(255)) - client-2CFCBC14A0C4->6f4be47b-46c8-42b4-aff3-8b1cb619a5c7: receive RaftClientReply:client-2CFCBC14A0C4->6f4be47b-46c8-42b4-aff3-8b1cb619a5c7@group-DA02C29FC776, cid=192, SUCCESS, logIndex=17, commits[6f4be47b-46c8-42b4-aff3-8b1cb619a5c7:c19, d4d82638-7d1a-4b3a-9d0e-2237e706c4db:c16, e94d4415-dd42-482b-a9ab-d3c93cd7a0cf:c16]
2019-09-04 10:16:07,192 [grpc-default-executor-7] INFO  impl.FollowerInfo (FollowerInfo.java:lambda$new$0(50)) - 6f4be47b-46c8-42b4-aff3-8b1cb619a5c7->d4d82638-7d1a-4b3a-9d0e-2237e706c4db: nextIndex: updateUnconditionally 17 -> 16
2019-09-04 10:16:07,193 [grpc-default-executor-0] INFO  client.GrpcClientProtocolClient (GrpcClientProtocolClient.java:onNext(255)) - client-2CFCBC14A0C4->6f4be47b-46c8-42b4-aff3-8b1cb619a5c7: receive RaftClientReply:client-2CFCBC14A0C4->6f4be47b-46c8-42b4-aff3-8b1cb619a5c7@group-DA02C29FC776, cid=193, SUCCESS, logIndex=18, commits[6f4be47b-46c8-42b4-aff3-8b1cb619a5c7:c19, d4d82638-7d1a-4b3a-9d0e-2237e706c4db:c16, e94d4415-dd42-482b-a9ab-d3c93cd7a0cf:c16]
2019-09-04 10:16:07,193 [grpc-default-executor-0] INFO  client.GrpcClientProtocolClient (GrpcClientProtocolClient.java:onNext(255)) - client-2CFCBC14A0C4->6f4be47b-46c8-42b4-aff3-8b1cb619a5c7: receive RaftClientReply:client-2CFCBC14A0C4->6f4be47b-46c8-42b4-aff3-8b1cb619a5c7@group-DA02C29FC776, cid=194, SUCCESS, logIndex=19, commits[6f4be47b-46c8-42b4-aff3-8b1cb619a5c7:c19, d4d82638-7d1a-4b3a-9d0e-2237e706c4db:c16, e94d4415-dd42-482b-a9ab-d3c93cd7a0cf:c16]
2019-09-04 10:16:07,197 | INFO  | SCMAudit | user=jenkins1000 | ip=192.168.36.67 | op=SEND_HEARTBEAT {datanodeUUID=fe2c9e73-6c2d-4a43-92e0-1dab16afefd5, command=[]} | ret=SUCCESS |  
2019-09-04 10:16:07,206 | INFO  | DNAudit | user=null | ip=null | op=WRITE_CHUNK {blockData=conID: 1 locID: 102733719647027214 bcsId: 14} | ret=SUCCESS |  
2019-09-04 10:16:07,206 | INFO  | DNAudit | user=null | ip=null | op=WRITE_CHUNK {blockData=conID: 1 locID: 102733719647027214 bcsId: 14} | ret=SUCCESS |  
2019-09-04 10:16:07,207 | INFO  | DNAudit | user=null | ip=null | op=WRITE_CHUNK {blockData=conID: 1 locID: 102733719647027214 bcsId: 14} | ret=SUCCESS |  
2019-09-04 10:16:07,207 | INFO  | DNAudit | user=null | ip=null | op=WRITE_CHUNK {blockData=conID: 1 locID: 102733719647027214 bcsId: 14} | ret=SUCCESS |  
2019-09-04 10:16:07,208 | INFO  | DNAudit | user=null | ip=null | op=PUT_BLOCK {blockData=[blockId=conID: 1 locID: 102733719647027214 bcsId: 0,size=650]} | ret=SUCCESS |  
2019-09-04 10:16:07,208 [grpc-default-executor-1] WARN  server.GrpcLogAppender (LogUtils.java:warn(134)) - 6f4be47b-46c8-42b4-aff3-8b1cb619a5c7->d4d82638-7d1a-4b3a-9d0e-2237e706c4db: Failed appendEntries: org.apache.ratis.thirdparty.io.grpc.StatusRuntimeException: UNAVAILABLE: io exception
2019-09-04 10:16:07,208 [grpc-default-executor-7] INFO  client.GrpcClientProtocolClient (GrpcClientProtocolClient.java:onNext(255)) - client-2CFCBC14A0C4->6f4be47b-46c8-42b4-aff3-8b1cb619a5c7: receive RaftClientReply:client-2CFCBC14A0C4->6f4be47b-46c8-42b4-aff3-8b1cb619a5c7@group-DA02C29FC776, cid=195, SUCCESS, logIndex=20, commits[6f4be47b-46c8-42b4-aff3-8b1cb619a5c7:c24, d4d82638-7d1a-4b3a-9d0e-2237e706c4db:c16, e94d4415-dd42-482b-a9ab-d3c93cd7a0cf:c19]
2019-09-04 10:16:07,210 | INFO  | DNAudit | user=null | ip=null | op=PUT_BLOCK {blockData=[blockId=conID: 1 locID: 102733719647027214 bcsId: 0,size=800]} | ret=SUCCESS |  
2019-09-04 10:16:07,210 [grpc-default-executor-1] INFO  impl.FollowerInfo (FollowerInfo.java:lambda$new$0(50)) - 6f4be47b-46c8-42b4-aff3-8b1cb619a5c7->d4d82638-7d1a-4b3a-9d0e-2237e706c4db: nextIndex: updateUnconditionally 17 -> 16
2019-09-04 10:16:07,210 [grpc-default-executor-7] INFO  client.GrpcClientProtocolClient (GrpcClientProtocolClient.java:onNext(255)) - client-2CFCBC14A0C4->6f4be47b-46c8-42b4-aff3-8b1cb619a5c7: receive RaftClientReply:client-2CFCBC14A0C4->6f4be47b-46c8-42b4-aff3-8b1cb619a5c7@group-DA02C29FC776, cid=196, SUCCESS, logIndex=21, commits[6f4be47b-46c8-42b4-aff3-8b1cb619a5c7:c24, d4d82638-7d1a-4b3a-9d0e-2237e706c4db:c16, e94d4415-dd42-482b-a9ab-d3c93cd7a0cf:c19]
2019-09-04 10:16:07,210 [grpc-default-executor-7] INFO  client.GrpcClientProtocolClient (GrpcClientProtocolClient.java:onNext(255)) - client-2CFCBC14A0C4->6f4be47b-46c8-42b4-aff3-8b1cb619a5c7: receive RaftClientReply:client-2CFCBC14A0C4->6f4be47b-46c8-42b4-aff3-8b1cb619a5c7@group-DA02C29FC776, cid=197, SUCCESS, logIndex=22, commits[6f4be47b-46c8-42b4-aff3-8b1cb619a5c7:c24, d4d82638-7d1a-4b3a-9d0e-2237e706c4db:c16, e94d4415-dd42-482b-a9ab-d3c93cd7a0cf:c19]
2019-09-04 10:16:07,219 | INFO  | DNAudit | user=null | ip=null | op=WRITE_CHUNK {blockData=conID: 1 locID: 102733719647027214 bcsId: 14} | ret=SUCCESS |  
2019-09-04 10:16:07,220 [grpc-default-executor-7] WARN  server.GrpcLogAppender (LogUtils.java:warn(134)) - 6f4be47b-46c8-42b4-aff3-8b1cb619a5c7->d4d82638-7d1a-4b3a-9d0e-2237e706c4db: Failed appendEntries: org.apache.ratis.thirdparty.io.grpc.StatusRuntimeException: UNAVAILABLE: io exception
2019-09-04 10:16:07,220 [grpc-default-executor-7] INFO  impl.FollowerInfo (FollowerInfo.java:lambda$new$0(50)) - 6f4be47b-46c8-42b4-aff3-8b1cb619a5c7->d4d82638-7d1a-4b3a-9d0e-2237e706c4db: nextIndex: updateUnconditionally 17 -> 16
2019-09-04 10:16:07,410 | INFO  | SCMAudit | user=jenkins1000 | ip=192.168.36.67 | op=SEND_HEARTBEAT {datanodeUUID=6d94adbb-9f8c-46a2-8e14-6bea29af47e5, command=[]} | ret=SUCCESS |  
2019-09-04 10:16:07,647 | INFO  | SCMAudit | user=jenkins1000 | ip=192.168.36.67 | op=SEND_HEARTBEAT {datanodeUUID=583e914f-c7c5-4b66-98fc-37d50dda33f5, command=[]} | ret=SUCCESS |  
2019-09-04 10:16:07,916 | INFO  | SCMAudit | user=jenkins1000 | ip=192.168.36.67 | op=SEND_HEARTBEAT {datanodeUUID=6f4be47b-46c8-42b4-aff3-8b1cb619a5c7, command=[commandType: closeContainerCommand closeContainerCommandProto { containerID: 1 pipelineID { id: "44c2ad98-1495-47c4-b686-da02c29fc776" } cmdId: 1 force: false } ]} | ret=SUCCESS |  
2019-09-04 10:16:07,916 | INFO  | SCMAudit | user=jenkins1000 | ip=192.168.36.67 | op=SEND_HEARTBEAT {datanodeUUID=e94d4415-dd42-482b-a9ab-d3c93cd7a0cf, command=[commandType: closeContainerCommand closeContainerCommandProto { containerID: 1 pipelineID { id: "44c2ad98-1495-47c4-b686-da02c29fc776" } cmdId: 1 force: false } ]} | ret=SUCCESS |  
2019-09-04 10:16:07,985 | INFO  | SCMAudit | user=jenkins1000 | ip=192.168.36.67 | op=SEND_HEARTBEAT {datanodeUUID=6c9cea2f-f547-4d36-9e9d-21f9e8213c72, command=[]} | ret=SUCCESS |  
2019-09-04 10:16:08,198 | INFO  | SCMAudit | user=jenkins1000 | ip=192.168.36.67 | op=SEND_HEARTBEAT {datanodeUUID=fe2c9e73-6c2d-4a43-92e0-1dab16afefd5, command=[]} | ret=SUCCESS |  
2019-09-04 10:16:08,213 [main] WARN  scm.XceiverClientRatis (XceiverClientRatis.java:watchForCommit(262)) - 3 way commit failed on pipeline Pipeline[ Id: 44c2ad98-1495-47c4-b686-da02c29fc776, Nodes: d4d82638-7d1a-4b3a-9d0e-2237e706c4db{ip: 192.168.36.67, host: pr-hdds-1569-fjd24-125839774, networkLocation: /default-rack, certSerialId: null}e94d4415-dd42-482b-a9ab-d3c93cd7a0cf{ip: 192.168.36.67, host: pr-hdds-1569-fjd24-125839774, networkLocation: /default-rack, certSerialId: null}6f4be47b-46c8-42b4-aff3-8b1cb619a5c7{ip: 192.168.36.67, host: pr-hdds-1569-fjd24-125839774, networkLocation: /default-rack, certSerialId: null}, Type:RATIS, Factor:THREE, State:OPEN]
java.util.concurrent.TimeoutException
	at java.util.concurrent.CompletableFuture.timedGet(CompletableFuture.java:1771)
	at java.util.concurrent.CompletableFuture.get(CompletableFuture.java:1915)
	at org.apache.hadoop.hdds.scm.XceiverClientRatis.watchForCommit(XceiverClientRatis.java:259)
	at org.apache.hadoop.hdds.scm.storage.CommitWatcher.watchForCommit(CommitWatcher.java:194)
	at org.apache.hadoop.hdds.scm.storage.CommitWatcher.watchOnLastIndex(CommitWatcher.java:157)
	at org.apache.hadoop.hdds.scm.storage.BlockOutputStream.watchForCommit(BlockOutputStream.java:347)
	at org.apache.hadoop.hdds.scm.storage.BlockOutputStream.handleFlush(BlockOutputStream.java:479)
	at org.apache.hadoop.hdds.scm.storage.BlockOutputStream.close(BlockOutputStream.java:493)
	at org.apache.hadoop.ozone.client.io.BlockOutputStreamEntry.close(BlockOutputStreamEntry.java:143)
	at org.apache.hadoop.ozone.client.io.KeyOutputStream.handleFlushOrClose(KeyOutputStream.java:438)
	at org.apache.hadoop.ozone.client.io.KeyOutputStream.handleWrite(KeyOutputStream.java:235)
	at org.apache.hadoop.ozone.client.io.KeyOutputStream.write(KeyOutputStream.java:193)
	at org.apache.hadoop.ozone.client.io.OzoneOutputStream.write(OzoneOutputStream.java:49)
	at java.io.OutputStream.write(OutputStream.java:75)
	at org.apache.hadoop.ozone.client.rpc.TestBlockOutputStreamWithFailures.testWatchForCommitDatanodeFailure(TestBlockOutputStreamWithFailures.java:363)
	at sun.reflect.NativeMethodAccessorImpl.invoke0(Native Method)
	at sun.reflect.NativeMethodAccessorImpl.invoke(NativeMethodAccessorImpl.java:62)
	at sun.reflect.DelegatingMethodAccessorImpl.invoke(DelegatingMethodAccessorImpl.java:43)
	at java.lang.reflect.Method.invoke(Method.java:498)
	at org.junit.runners.model.FrameworkMethod$1.runReflectiveCall(FrameworkMethod.java:47)
	at org.junit.internal.runners.model.ReflectiveCallable.run(ReflectiveCallable.java:12)
	at org.junit.runners.model.FrameworkMethod.invokeExplosively(FrameworkMethod.java:44)
	at org.junit.internal.runners.statements.InvokeMethod.evaluate(InvokeMethod.java:17)
	at org.junit.internal.runners.statements.RunBefores.evaluate(RunBefores.java:26)
	at org.junit.internal.runners.statements.RunAfters.evaluate(RunAfters.java:27)
	at org.junit.runners.ParentRunner.runLeaf(ParentRunner.java:271)
	at org.junit.runners.BlockJUnit4ClassRunner.runChild(BlockJUnit4ClassRunner.java:70)
	at org.junit.runners.BlockJUnit4ClassRunner.runChild(BlockJUnit4ClassRunner.java:50)
	at org.junit.runners.ParentRunner$3.run(ParentRunner.java:238)
	at org.junit.runners.ParentRunner$1.schedule(ParentRunner.java:63)
	at org.junit.runners.ParentRunner.runChildren(ParentRunner.java:236)
	at org.junit.runners.ParentRunner.access$000(ParentRunner.java:53)
	at org.junit.runners.ParentRunner$2.evaluate(ParentRunner.java:229)
	at org.junit.runners.ParentRunner.run(ParentRunner.java:309)
	at org.apache.maven.surefire.junit4.JUnit4Provider.execute(JUnit4Provider.java:365)
	at org.apache.maven.surefire.junit4.JUnit4Provider.executeWithRerun(JUnit4Provider.java:273)
	at org.apache.maven.surefire.junit4.JUnit4Provider.executeTestSet(JUnit4Provider.java:238)
	at org.apache.maven.surefire.junit4.JUnit4Provider.invoke(JUnit4Provider.java:159)
	at org.apache.maven.surefire.booter.ForkedBooter.invokeProviderInSameClassLoader(ForkedBooter.java:384)
	at org.apache.maven.surefire.booter.ForkedBooter.runSuitesInProcess(ForkedBooter.java:345)
	at org.apache.maven.surefire.booter.ForkedBooter.execute(ForkedBooter.java:126)
	at org.apache.maven.surefire.booter.ForkedBooter.main(ForkedBooter.java:418)
2019-09-04 10:16:08,410 | INFO  | SCMAudit | user=jenkins1000 | ip=192.168.36.67 | op=SEND_HEARTBEAT {datanodeUUID=6d94adbb-9f8c-46a2-8e14-6bea29af47e5, command=[]} | ret=SUCCESS |  
2019-09-04 10:16:08,647 | INFO  | SCMAudit | user=jenkins1000 | ip=192.168.36.67 | op=SEND_HEARTBEAT {datanodeUUID=583e914f-c7c5-4b66-98fc-37d50dda33f5, command=[]} | ret=SUCCESS |  
2019-09-04 10:16:08,914 | INFO  | SCMAudit | user=jenkins1000 | ip=192.168.36.67 | op=SEND_HEARTBEAT {datanodeUUID=6f4be47b-46c8-42b4-aff3-8b1cb619a5c7, command=[]} | ret=SUCCESS |  
2019-09-04 10:16:08,915 | INFO  | SCMAudit | user=jenkins1000 | ip=192.168.36.67 | op=SEND_HEARTBEAT {datanodeUUID=e94d4415-dd42-482b-a9ab-d3c93cd7a0cf, command=[]} | ret=SUCCESS |  
2019-09-04 10:16:08,986 | INFO  | SCMAudit | user=jenkins1000 | ip=192.168.36.67 | op=SEND_HEARTBEAT {datanodeUUID=6c9cea2f-f547-4d36-9e9d-21f9e8213c72, command=[]} | ret=SUCCESS |  
2019-09-04 10:16:09,198 | INFO  | SCMAudit | user=jenkins1000 | ip=192.168.36.67 | op=SEND_HEARTBEAT {datanodeUUID=fe2c9e73-6c2d-4a43-92e0-1dab16afefd5, command=[]} | ret=SUCCESS |  
2019-09-04 10:16:09,215 [main] WARN  storage.CommitWatcher (CommitWatcher.java:watchForCommit(203)) - watchForCommit failed for index 22
java.util.concurrent.TimeoutException
	at java.util.concurrent.CompletableFuture.timedGet(CompletableFuture.java:1771)
	at java.util.concurrent.CompletableFuture.get(CompletableFuture.java:1915)
	at org.apache.hadoop.hdds.scm.XceiverClientRatis.watchForCommit(XceiverClientRatis.java:268)
	at org.apache.hadoop.hdds.scm.storage.CommitWatcher.watchForCommit(CommitWatcher.java:194)
	at org.apache.hadoop.hdds.scm.storage.CommitWatcher.watchOnLastIndex(CommitWatcher.java:157)
	at org.apache.hadoop.hdds.scm.storage.BlockOutputStream.watchForCommit(BlockOutputStream.java:347)
	at org.apache.hadoop.hdds.scm.storage.BlockOutputStream.handleFlush(BlockOutputStream.java:479)
	at org.apache.hadoop.hdds.scm.storage.BlockOutputStream.close(BlockOutputStream.java:493)
	at org.apache.hadoop.ozone.client.io.BlockOutputStreamEntry.close(BlockOutputStreamEntry.java:143)
	at org.apache.hadoop.ozone.client.io.KeyOutputStream.handleFlushOrClose(KeyOutputStream.java:438)
	at org.apache.hadoop.ozone.client.io.KeyOutputStream.handleWrite(KeyOutputStream.java:235)
	at org.apache.hadoop.ozone.client.io.KeyOutputStream.write(KeyOutputStream.java:193)
	at org.apache.hadoop.ozone.client.io.OzoneOutputStream.write(OzoneOutputStream.java:49)
	at java.io.OutputStream.write(OutputStream.java:75)
	at org.apache.hadoop.ozone.client.rpc.TestBlockOutputStreamWithFailures.testWatchForCommitDatanodeFailure(TestBlockOutputStreamWithFailures.java:363)
	at sun.reflect.NativeMethodAccessorImpl.invoke0(Native Method)
	at sun.reflect.NativeMethodAccessorImpl.invoke(NativeMethodAccessorImpl.java:62)
	at sun.reflect.DelegatingMethodAccessorImpl.invoke(DelegatingMethodAccessorImpl.java:43)
	at java.lang.reflect.Method.invoke(Method.java:498)
	at org.junit.runners.model.FrameworkMethod$1.runReflectiveCall(FrameworkMethod.java:47)
	at org.junit.internal.runners.model.ReflectiveCallable.run(ReflectiveCallable.java:12)
	at org.junit.runners.model.FrameworkMethod.invokeExplosively(FrameworkMethod.java:44)
	at org.junit.internal.runners.statements.InvokeMethod.evaluate(InvokeMethod.java:17)
	at org.junit.internal.runners.statements.RunBefores.evaluate(RunBefores.java:26)
	at org.junit.internal.runners.statements.RunAfters.evaluate(RunAfters.java:27)
	at org.junit.runners.ParentRunner.runLeaf(ParentRunner.java:271)
	at org.junit.runners.BlockJUnit4ClassRunner.runChild(BlockJUnit4ClassRunner.java:70)
	at org.junit.runners.BlockJUnit4ClassRunner.runChild(BlockJUnit4ClassRunner.java:50)
	at org.junit.runners.ParentRunner$3.run(ParentRunner.java:238)
	at org.junit.runners.ParentRunner$1.schedule(ParentRunner.java:63)
	at org.junit.runners.ParentRunner.runChildren(ParentRunner.java:236)
	at org.junit.runners.ParentRunner.access$000(ParentRunner.java:53)
	at org.junit.runners.ParentRunner$2.evaluate(ParentRunner.java:229)
	at org.junit.runners.ParentRunner.run(ParentRunner.java:309)
	at org.apache.maven.surefire.junit4.JUnit4Provider.execute(JUnit4Provider.java:365)
	at org.apache.maven.surefire.junit4.JUnit4Provider.executeWithRerun(JUnit4Provider.java:273)
	at org.apache.maven.surefire.junit4.JUnit4Provider.executeTestSet(JUnit4Provider.java:238)
	at org.apache.maven.surefire.junit4.JUnit4Provider.invoke(JUnit4Provider.java:159)
	at org.apache.maven.surefire.booter.ForkedBooter.invokeProviderInSameClassLoader(ForkedBooter.java:384)
	at org.apache.maven.surefire.booter.ForkedBooter.runSuitesInProcess(ForkedBooter.java:345)
	at org.apache.maven.surefire.booter.ForkedBooter.execute(ForkedBooter.java:126)
	at org.apache.maven.surefire.booter.ForkedBooter.main(ForkedBooter.java:418)
2019-09-04 10:16:09,217 [main] WARN  io.KeyOutputStream (KeyOutputStream.java:handleException(276)) - Encountered exception java.io.IOException: Unexpected Storage Container Exception: java.io.IOException: Unexpected Storage Container Exception: java.util.concurrent.TimeoutException on the pipeline Pipeline[ Id: 44c2ad98-1495-47c4-b686-da02c29fc776, Nodes: d4d82638-7d1a-4b3a-9d0e-2237e706c4db{ip: 192.168.36.67, host: pr-hdds-1569-fjd24-125839774, networkLocation: /default-rack, certSerialId: null}e94d4415-dd42-482b-a9ab-d3c93cd7a0cf{ip: 192.168.36.67, host: pr-hdds-1569-fjd24-125839774, networkLocation: /default-rack, certSerialId: null}6f4be47b-46c8-42b4-aff3-8b1cb619a5c7{ip: 192.168.36.67, host: pr-hdds-1569-fjd24-125839774, networkLocation: /default-rack, certSerialId: null}, Type:RATIS, Factor:THREE, State:OPEN]. The last committed block length is 450, uncommitted data length is 350 retry count 0
2019-09-04 10:16:09,243 | INFO  | SCMAudit | user=jenkins1000 | ip=192.168.36.67 | op=ALLOCATE_BLOCK {owner=77414b4b-44de-4f71-8ae4-de382cc27a3e, size=800, type=RATIS, factor=THREE} | ret=SUCCESS |  
2019-09-04 10:16:09,244 | INFO  | OMAudit | user=jenkins1000 | ip=127.0.0.1 | op=ALLOCATE_BLOCK {volume=testblockoutputstream, bucket=testblockoutputstream, key=d1b76319-384d-4385-8b44-8995f94ffe16, dataSize=0, replicationType=null, replicationFactor=null, keyLocationInfo=null, clientID=102733719646896141} | ret=SUCCESS |  
2019-09-04 10:16:09,259 [grpc-default-executor-1] INFO  client.GrpcClientProtocolClient (GrpcClientProtocolClient.java:onNext(255)) - client-48EC3296B1F3->fe2c9e73-6c2d-4a43-92e0-1dab16afefd5: receive RaftClientReply:client-48EC3296B1F3->fe2c9e73-6c2d-4a43-92e0-1dab16afefd5@group-F6678B52AFFA, cid=200, FAILED org.apache.ratis.protocol.NotLeaderException: Server fe2c9e73-6c2d-4a43-92e0-1dab16afefd5 is not the leader (6d94adbb-9f8c-46a2-8e14-6bea29af47e5:192.168.36.67:34229). Request must be sent to leader., logIndex=0, commits[fe2c9e73-6c2d-4a43-92e0-1dab16afefd5:c0, 6d94adbb-9f8c-46a2-8e14-6bea29af47e5:c0, 6c9cea2f-f547-4d36-9e9d-21f9e8213c72:c0]
2019-09-04 10:16:09,410 | INFO  | SCMAudit | user=jenkins1000 | ip=192.168.36.67 | op=SEND_HEARTBEAT {datanodeUUID=6d94adbb-9f8c-46a2-8e14-6bea29af47e5, command=[]} | ret=SUCCESS |  
2019-09-04 10:16:09,455 | INFO  | DNAudit | user=null | ip=null | op=WRITE_CHUNK {blockData=conID: 2 locID: 102733720403509263 bcsId: 0} | ret=SUCCESS |  
2019-09-04 10:16:09,455 | INFO  | DNAudit | user=null | ip=null | op=WRITE_CHUNK {blockData=conID: 2 locID: 102733720403509263 bcsId: 0} | ret=SUCCESS |  
2019-09-04 10:16:09,455 | INFO  | DNAudit | user=null | ip=null | op=WRITE_CHUNK {blockData=conID: 2 locID: 102733720403509263 bcsId: 0} | ret=SUCCESS |  
2019-09-04 10:16:09,455 | INFO  | SCMAudit | user=jenkins1000 | ip=192.168.36.67 | op=SEND_HEARTBEAT {datanodeUUID=6c9cea2f-f547-4d36-9e9d-21f9e8213c72, command=[]} | ret=SUCCESS |  
2019-09-04 10:16:09,455 | INFO  | SCMAudit | user=jenkins1000 | ip=192.168.36.67 | op=SEND_HEARTBEAT {datanodeUUID=6d94adbb-9f8c-46a2-8e14-6bea29af47e5, command=[]} | ret=SUCCESS |  
2019-09-04 10:16:09,456 | INFO  | SCMAudit | user=jenkins1000 | ip=192.168.36.67 | op=SEND_HEARTBEAT {datanodeUUID=fe2c9e73-6c2d-4a43-92e0-1dab16afefd5, command=[]} | ret=SUCCESS |  
2019-09-04 10:16:09,470 | INFO  | DNAudit | user=null | ip=null | op=WRITE_CHUNK {blockData=conID: 2 locID: 102733720403509263 bcsId: 0} | ret=SUCCESS |  
2019-09-04 10:16:09,477 [grpc-default-executor-7] INFO  client.GrpcClientProtocolClient (GrpcClientProtocolClient.java:onNext(255)) - client-48EC3296B1F3->6d94adbb-9f8c-46a2-8e14-6bea29af47e5: receive RaftClientReply:client-48EC3296B1F3->6d94adbb-9f8c-46a2-8e14-6bea29af47e5@group-F6678B52AFFA, cid=200, SUCCESS, logIndex=1, commits[6d94adbb-9f8c-46a2-8e14-6bea29af47e5:c1, fe2c9e73-6c2d-4a43-92e0-1dab16afefd5:c0, 6c9cea2f-f547-4d36-9e9d-21f9e8213c72:c0]
2019-09-04 10:16:09,480 | INFO  | DNAudit | user=null | ip=null | op=WRITE_CHUNK {blockData=conID: 2 locID: 102733720403509263 bcsId: 0} | ret=SUCCESS |  
2019-09-04 10:16:09,484 | INFO  | DNAudit | user=null | ip=null | op=WRITE_CHUNK {blockData=conID: 2 locID: 102733720403509263 bcsId: 0} | ret=SUCCESS |  
2019-09-04 10:16:09,484 | INFO  | DNAudit | user=null | ip=null | op=WRITE_CHUNK {blockData=conID: 2 locID: 102733720403509263 bcsId: 0} | ret=SUCCESS |  
2019-09-04 10:16:09,485 | INFO  | DNAudit | user=null | ip=null | op=WRITE_CHUNK {blockData=conID: 2 locID: 102733720403509263 bcsId: 0} | ret=SUCCESS |  
2019-09-04 10:16:09,485 | INFO  | DNAudit | user=null | ip=null | op=WRITE_CHUNK {blockData=conID: 2 locID: 102733720403509263 bcsId: 0} | ret=SUCCESS |  
2019-09-04 10:16:09,485 | INFO  | DNAudit | user=null | ip=null | op=WRITE_CHUNK {blockData=conID: 2 locID: 102733720403509263 bcsId: 0} | ret=SUCCESS |  
2019-09-04 10:16:09,485 | INFO  | DNAudit | user=null | ip=null | op=WRITE_CHUNK {blockData=conID: 2 locID: 102733720403509263 bcsId: 0} | ret=SUCCESS |  
2019-09-04 10:16:09,486 | INFO  | DNAudit | user=null | ip=null | op=WRITE_CHUNK {blockData=conID: 2 locID: 102733720403509263 bcsId: 0} | ret=SUCCESS |  
2019-09-04 10:16:09,486 | INFO  | DNAudit | user=null | ip=null | op=WRITE_CHUNK {blockData=conID: 2 locID: 102733720403509263 bcsId: 0} | ret=SUCCESS |  
2019-09-04 10:16:09,486 | INFO  | DNAudit | user=null | ip=null | op=WRITE_CHUNK {blockData=conID: 2 locID: 102733720403509263 bcsId: 0} | ret=SUCCESS |  
2019-09-04 10:16:09,487 | INFO  | DNAudit | user=null | ip=null | op=WRITE_CHUNK {blockData=conID: 2 locID: 102733720403509263 bcsId: 0} | ret=SUCCESS |  
2019-09-04 10:16:09,493 | INFO  | DNAudit | user=null | ip=null | op=WRITE_CHUNK {blockData=conID: 2 locID: 102733720403509263 bcsId: 0} | ret=SUCCESS |  
2019-09-04 10:16:09,501 [grpc-default-executor-1] INFO  client.GrpcClientProtocolClient (GrpcClientProtocolClient.java:onNext(255)) - client-48EC3296B1F3->6d94adbb-9f8c-46a2-8e14-6bea29af47e5: receive RaftClientReply:client-48EC3296B1F3->6d94adbb-9f8c-46a2-8e14-6bea29af47e5@group-F6678B52AFFA, cid=201, SUCCESS, logIndex=3, commits[6d94adbb-9f8c-46a2-8e14-6bea29af47e5:c4, fe2c9e73-6c2d-4a43-92e0-1dab16afefd5:c1, 6c9cea2f-f547-4d36-9e9d-21f9e8213c72:c1]
2019-09-04 10:16:09,506 | INFO  | DNAudit | user=null | ip=null | op=WRITE_CHUNK {blockData=conID: 2 locID: 102733720403509263 bcsId: 0} | ret=SUCCESS |  
2019-09-04 10:16:09,507 | INFO  | DNAudit | user=null | ip=null | op=WRITE_CHUNK {blockData=conID: 2 locID: 102733720403509263 bcsId: 0} | ret=SUCCESS |  
2019-09-04 10:16:09,627 | INFO  | DNAudit | user=null | ip=null | op=PUT_BLOCK {blockData=[blockId=conID: 2 locID: 102733720403509263 bcsId: 0,size=200]} | ret=SUCCESS |  
2019-09-04 10:16:09,629 | INFO  | DNAudit | user=null | ip=null | op=WRITE_CHUNK {blockData=conID: 2 locID: 102733720403509263 bcsId: 0} | ret=SUCCESS |  
2019-09-04 10:16:09,631 | INFO  | DNAudit | user=null | ip=null | op=WRITE_CHUNK {blockData=conID: 2 locID: 102733720403509263 bcsId: 0} | ret=SUCCESS |  
2019-09-04 10:16:09,631 [grpc-default-executor-1] INFO  client.GrpcClientProtocolClient (GrpcClientProtocolClient.java:onNext(255)) - client-48EC3296B1F3->6d94adbb-9f8c-46a2-8e14-6bea29af47e5: receive RaftClientReply:client-48EC3296B1F3->6d94adbb-9f8c-46a2-8e14-6bea29af47e5@group-F6678B52AFFA, cid=202, SUCCESS, logIndex=4, commits[6d94adbb-9f8c-46a2-8e14-6bea29af47e5:c12, fe2c9e73-6c2d-4a43-92e0-1dab16afefd5:c7, 6c9cea2f-f547-4d36-9e9d-21f9e8213c72:c7]
2019-09-04 10:16:09,632 [grpc-default-executor-1] INFO  client.GrpcClientProtocolClient (GrpcClientProtocolClient.java:onNext(255)) - client-48EC3296B1F3->6d94adbb-9f8c-46a2-8e14-6bea29af47e5: receive RaftClientReply:client-48EC3296B1F3->6d94adbb-9f8c-46a2-8e14-6bea29af47e5@group-F6678B52AFFA, cid=203, SUCCESS, logIndex=5, commits[6d94adbb-9f8c-46a2-8e14-6bea29af47e5:c12, fe2c9e73-6c2d-4a43-92e0-1dab16afefd5:c7, 6c9cea2f-f547-4d36-9e9d-21f9e8213c72:c7]
2019-09-04 10:16:09,633 [grpc-default-executor-1] INFO  client.GrpcClientProtocolClient (GrpcClientProtocolClient.java:onNext(255)) - client-48EC3296B1F3->6d94adbb-9f8c-46a2-8e14-6bea29af47e5: receive RaftClientReply:client-48EC3296B1F3->6d94adbb-9f8c-46a2-8e14-6bea29af47e5@group-F6678B52AFFA, cid=204, SUCCESS, logIndex=6, commits[6d94adbb-9f8c-46a2-8e14-6bea29af47e5:c12, fe2c9e73-6c2d-4a43-92e0-1dab16afefd5:c7, 6c9cea2f-f547-4d36-9e9d-21f9e8213c72:c7]
2019-09-04 10:16:09,648 | INFO  | SCMAudit | user=jenkins1000 | ip=192.168.36.67 | op=SEND_HEARTBEAT {datanodeUUID=583e914f-c7c5-4b66-98fc-37d50dda33f5, command=[]} | ret=SUCCESS |  
2019-09-04 10:16:09,678 | INFO  | DNAudit | user=null | ip=null | op=PUT_BLOCK {blockData=[blockId=conID: 2 locID: 102733720403509263 bcsId: 0,size=200]} | ret=SUCCESS |  
2019-09-04 10:16:09,678 | INFO  | DNAudit | user=null | ip=null | op=WRITE_CHUNK {blockData=conID: 2 locID: 102733720403509263 bcsId: 0} | ret=SUCCESS |  
2019-09-04 10:16:09,679 | INFO  | DNAudit | user=null | ip=null | op=WRITE_CHUNK {blockData=conID: 2 locID: 102733720403509263 bcsId: 0} | ret=SUCCESS |  
2019-09-04 10:16:09,721 | INFO  | DNAudit | user=null | ip=null | op=WRITE_CHUNK {blockData=conID: 1 locID: 102733719647027214 bcsId: 14} | ret=SUCCESS |  
2019-09-04 10:16:09,721 [grpc-default-executor-7] WARN  server.GrpcLogAppender (LogUtils.java:warn(134)) - 6f4be47b-46c8-42b4-aff3-8b1cb619a5c7->d4d82638-7d1a-4b3a-9d0e-2237e706c4db: Failed appendEntries: org.apache.ratis.thirdparty.io.grpc.StatusRuntimeException: UNAVAILABLE: io exception
2019-09-04 10:16:09,721 [grpc-default-executor-7] INFO  impl.FollowerInfo (FollowerInfo.java:lambda$new$0(50)) - 6f4be47b-46c8-42b4-aff3-8b1cb619a5c7->d4d82638-7d1a-4b3a-9d0e-2237e706c4db: nextIndex: updateUnconditionally 16 -> 15
2019-09-04 10:16:09,743 | INFO  | DNAudit | user=null | ip=null | op=PUT_BLOCK {blockData=[blockId=conID: 2 locID: 102733720403509263 bcsId: 0,size=400]} | ret=SUCCESS |  
2019-09-04 10:16:09,743 | INFO  | DNAudit | user=null | ip=null | op=PUT_BLOCK {blockData=[blockId=conID: 2 locID: 102733720403509263 bcsId: 0,size=400]} | ret=SUCCESS |  
2019-09-04 10:16:09,743 | INFO  | DNAudit | user=null | ip=null | op=PUT_BLOCK {blockData=[blockId=conID: 1 locID: 102733719647027214 bcsId: 0,size=800]} | ret=SUCCESS |  
2019-09-04 10:16:09,743 | INFO  | DNAudit | user=null | ip=null | op=PUT_BLOCK {blockData=[blockId=conID: 2 locID: 102733720403509263 bcsId: 0,size=200]} | ret=SUCCESS |  
2019-09-04 10:16:09,744 | INFO  | DNAudit | user=null | ip=null | op=WRITE_CHUNK {blockData=conID: 2 locID: 102733720403509263 bcsId: 0} | ret=SUCCESS |  
2019-09-04 10:16:09,744 | INFO  | DNAudit | user=null | ip=null | op=WRITE_CHUNK {blockData=conID: 2 locID: 102733720403509263 bcsId: 0} | ret=SUCCESS |  
2019-09-04 10:16:09,744 [grpc-default-executor-7] INFO  client.GrpcClientProtocolClient (GrpcClientProtocolClient.java:onNext(255)) - client-48EC3296B1F3->6d94adbb-9f8c-46a2-8e14-6bea29af47e5: receive RaftClientReply:client-48EC3296B1F3->6d94adbb-9f8c-46a2-8e14-6bea29af47e5@group-F6678B52AFFA, cid=205, SUCCESS, logIndex=7, commits[6d94adbb-9f8c-46a2-8e14-6bea29af47e5:c12, fe2c9e73-6c2d-4a43-92e0-1dab16afefd5:c7, 6c9cea2f-f547-4d36-9e9d-21f9e8213c72:c7]
2019-09-04 10:16:09,747 | INFO  | DNAudit | user=null | ip=null | op=PUT_BLOCK {blockData=[blockId=conID: 2 locID: 102733720403509263 bcsId: 0,size=400]} | ret=SUCCESS |  
2019-09-04 10:16:09,749 | INFO  | DNAudit | user=null | ip=null | op=WRITE_CHUNK {blockData=conID: 2 locID: 102733720403509263 bcsId: 7} | ret=SUCCESS |  
2019-09-04 10:16:09,750 | INFO  | DNAudit | user=null | ip=null | op=WRITE_CHUNK {blockData=conID: 2 locID: 102733720403509263 bcsId: 7} | ret=SUCCESS |  
2019-09-04 10:16:09,751 | INFO  | DNAudit | user=null | ip=null | op=WRITE_CHUNK {blockData=conID: 2 locID: 102733720403509263 bcsId: 7} | ret=SUCCESS |  
2019-09-04 10:16:09,759 | INFO  | DNAudit | user=null | ip=null | op=WRITE_CHUNK {blockData=conID: 2 locID: 102733720403509263 bcsId: 7} | ret=SUCCESS |  
2019-09-04 10:16:09,760 | INFO  | DNAudit | user=null | ip=null | op=PUT_BLOCK {blockData=[blockId=conID: 2 locID: 102733720403509263 bcsId: 0,size=450]} | ret=SUCCESS |  
2019-09-04 10:16:09,760 [grpc-default-executor-7] INFO  client.GrpcClientProtocolClient (GrpcClientProtocolClient.java:onNext(255)) - client-48EC3296B1F3->6d94adbb-9f8c-46a2-8e14-6bea29af47e5: receive RaftClientReply:client-48EC3296B1F3->6d94adbb-9f8c-46a2-8e14-6bea29af47e5@group-F6678B52AFFA, cid=206, SUCCESS, logIndex=13, commits[6d94adbb-9f8c-46a2-8e14-6bea29af47e5:c14, fe2c9e73-6c2d-4a43-92e0-1dab16afefd5:c12, 6c9cea2f-f547-4d36-9e9d-21f9e8213c72:c12]
2019-09-04 10:16:09,761 [grpc-default-executor-7] INFO  client.GrpcClientProtocolClient (GrpcClientProtocolClient.java:onNext(255)) - client-48EC3296B1F3->6d94adbb-9f8c-46a2-8e14-6bea29af47e5: receive RaftClientReply:client-48EC3296B1F3->6d94adbb-9f8c-46a2-8e14-6bea29af47e5@group-F6678B52AFFA, cid=207, SUCCESS, logIndex=14, commits[6d94adbb-9f8c-46a2-8e14-6bea29af47e5:c14, fe2c9e73-6c2d-4a43-92e0-1dab16afefd5:c12, 6c9cea2f-f547-4d36-9e9d-21f9e8213c72:c12]
2019-09-04 10:16:09,770 | INFO  | DNAudit | user=null | ip=null | op=WRITE_CHUNK {blockData=conID: 2 locID: 102733720403509263 bcsId: 7} | ret=SUCCESS |  
2019-09-04 10:16:09,771 | INFO  | DNAudit | user=null | ip=null | op=WRITE_CHUNK {blockData=conID: 2 locID: 102733720403509263 bcsId: 7} | ret=SUCCESS |  
2019-09-04 10:16:09,774 | INFO  | DNAudit | user=null | ip=null | op=PUT_BLOCK {blockData=[blockId=conID: 2 locID: 102733720403509263 bcsId: 0,size=450]} | ret=SUCCESS |  
2019-09-04 10:16:09,775 | INFO  | DNAudit | user=null | ip=null | op=PUT_BLOCK {blockData=[blockId=conID: 2 locID: 102733720403509263 bcsId: 0,size=450]} | ret=SUCCESS |  
2019-09-04 10:16:09,775 [grpc-default-executor-1] INFO  client.GrpcClientProtocolClient (GrpcClientProtocolClient.java:onNext(255)) - client-48EC3296B1F3->6d94adbb-9f8c-46a2-8e14-6bea29af47e5: receive RaftClientReply:client-48EC3296B1F3->6d94adbb-9f8c-46a2-8e14-6bea29af47e5@group-F6678B52AFFA, cid=208, SUCCESS, logIndex=0, commits[6d94adbb-9f8c-46a2-8e14-6bea29af47e5:c15, fe2c9e73-6c2d-4a43-92e0-1dab16afefd5:c14, 6c9cea2f-f547-4d36-9e9d-21f9e8213c72:c14]
2019-09-04 10:16:09,776 [main] INFO  ozone.MiniOzoneClusterImpl (MiniOzoneClusterImpl.java:shutdown(321)) - Shutting down the Mini Ozone Cluster
2019-09-04 10:16:09,776 | INFO  | SCMAudit | user=null | ip=null | op=GET_SCM_INFO null | ret=SUCCESS |  
2019-09-04 10:16:09,777 [main] INFO  ozone.MiniOzoneClusterImpl (MiniOzoneClusterImpl.java:stop(336)) - Stopping the Mini Ozone Cluster
2019-09-04 10:16:09,777 [main] INFO  ozone.MiniOzoneClusterImpl (MiniOzoneClusterImpl.java:stop(338)) - Stopping the OzoneManager
2019-09-04 10:16:09,777 [main] INFO  ipc.Server (Server.java:stop(3082)) - Stopping server on 36417
2019-09-04 10:16:09,785 [IPC Server listener on 36417] INFO  ipc.Server (Server.java:run(1185)) - Stopping IPC Server listener on 36417
2019-09-04 10:16:09,785 [main] INFO  ratis.OzoneManagerDoubleBuffer (OzoneManagerDoubleBuffer.java:stop(248)) - Stopping OMDoubleBuffer flush thread
2019-09-04 10:16:09,790 [IPC Server Responder] INFO  ipc.Server (Server.java:run(1319)) - Stopping IPC Server Responder
2019-09-04 10:16:09,804 [OMDoubleBufferFlushThread] INFO  ratis.OzoneManagerDoubleBuffer (OzoneManagerDoubleBuffer.java:flushTransactions(191)) - OMDoubleBuffer flush thread OMDoubleBufferFlushThread is interrupted and will exit. OMDoubleBufferFlushThread
2019-09-04 10:16:09,805 [main] INFO  utils.BackgroundService (BackgroundService.java:shutdown(148)) - Shutting down service KeyDeletingService
2019-09-04 10:16:09,806 [main] INFO  handler.ContextHandler (ContextHandler.java:doStop(910)) - Stopped o.e.j.w.WebAppContext@5397d41e{/,null,UNAVAILABLE}{/ozoneManager}
2019-09-04 10:16:09,807 [main] INFO  server.AbstractConnector (AbstractConnector.java:doStop(318)) - Stopped ServerConnector@f6b128b{HTTP/1.1,[http/1.1]}{0.0.0.0:0}
2019-09-04 10:16:09,807 [main] INFO  handler.ContextHandler (ContextHandler.java:doStop(910)) - Stopped o.e.j.s.ServletContextHandler@3dfe520{/static,file:///workdir/hadoop-ozone/integration-test/target/test-classes/webapps/static,UNAVAILABLE}
2019-09-04 10:16:09,807 [main] INFO  handler.ContextHandler (ContextHandler.java:doStop(910)) - Stopped o.e.j.s.ServletContextHandler@7959fbe3{/logs,file:///workdir/hadoop-ozone/integration-test/target/log,UNAVAILABLE}
2019-09-04 10:16:09,810 [main] INFO  ozone.MiniOzoneClusterImpl (MiniOzoneClusterImpl.java:stop(344)) - Shutting the HddsDatanodes
2019-09-04 10:16:09,811 [main] INFO  datanode.ObjectStoreHandler (ObjectStoreHandler.java:close(155)) - Closing ObjectStoreHandler.
2019-09-04 10:16:09,811 [ForkJoinPool.commonPool-worker-1] INFO  datanode.ObjectStoreHandler (ObjectStoreHandler.java:close(155)) - Closing ObjectStoreHandler.
2019-09-04 10:16:09,812 [main] INFO  ozone.HddsDatanodeService (HddsDatanodeService.java:stop(451)) - Stopped plug-in org.apache.hadoop.ozone.web.OzoneHddsDatanodeService@71d3dfd5
2019-09-04 10:16:09,812 [ForkJoinPool.commonPool-worker-1] INFO  ozone.HddsDatanodeService (HddsDatanodeService.java:stop(451)) - Stopped plug-in org.apache.hadoop.ozone.web.OzoneHddsDatanodeService@46e32574
2019-09-04 10:16:09,914 [Datanode State Machine Thread - 0] INFO  statemachine.DatanodeStateMachine (DatanodeStateMachine.java:lambda$startDaemon$0(350)) - Ozone container server started.
2019-09-04 10:16:09,915 | INFO  | SCMAudit | user=jenkins1000 | ip=192.168.36.67 | op=SEND_HEARTBEAT {datanodeUUID=e94d4415-dd42-482b-a9ab-d3c93cd7a0cf, command=[]} | ret=SUCCESS |  
2019-09-04 10:16:09,958 | INFO  | SCMAudit | user=jenkins1000 | ip=192.168.36.67 | op=SEND_HEARTBEAT {datanodeUUID=e94d4415-dd42-482b-a9ab-d3c93cd7a0cf, command=[]} | ret=SUCCESS |  
2019-09-04 10:16:10,261 [grpc-default-executor-7] INFO  client.GrpcClientProtocolClient (GrpcClientProtocolClient.java:onNext(255)) - client-2CFCBC14A0C4->6f4be47b-46c8-42b4-aff3-8b1cb619a5c7: receive RaftClientReply:client-2CFCBC14A0C4->6f4be47b-46c8-42b4-aff3-8b1cb619a5c7@group-DA02C29FC776, cid=199, SUCCESS, logIndex=0, commits[6f4be47b-46c8-42b4-aff3-8b1cb619a5c7:c25, d4d82638-7d1a-4b3a-9d0e-2237e706c4db:c16, e94d4415-dd42-482b-a9ab-d3c93cd7a0cf:c25]
2019-09-04 10:16:10,455 [Datanode State Machine Thread - 0] INFO  statemachine.DatanodeStateMachine (DatanodeStateMachine.java:lambda$startDaemon$0(350)) - Ozone container server started.
2019-09-04 10:16:10,456 | INFO  | SCMAudit | user=jenkins1000 | ip=192.168.36.67 | op=SEND_HEARTBEAT {datanodeUUID=6d94adbb-9f8c-46a2-8e14-6bea29af47e5, command=[]} | ret=SUCCESS |  
2019-09-04 10:16:10,456 | INFO  | SCMAudit | user=jenkins1000 | ip=192.168.36.67 | op=SEND_HEARTBEAT {datanodeUUID=6c9cea2f-f547-4d36-9e9d-21f9e8213c72, command=[]} | ret=SUCCESS |  
2019-09-04 10:16:10,647 | INFO  | SCMAudit | user=jenkins1000 | ip=192.168.36.67 | op=SEND_HEARTBEAT {datanodeUUID=583e914f-c7c5-4b66-98fc-37d50dda33f5, command=[]} | ret=SUCCESS |  
2019-09-04 10:16:10,957 | INFO  | SCMAudit | user=jenkins1000 | ip=192.168.36.67 | op=SEND_HEARTBEAT {datanodeUUID=e94d4415-dd42-482b-a9ab-d3c93cd7a0cf, command=[]} | ret=SUCCESS |  
2019-09-04 10:16:11,455 | INFO  | SCMAudit | user=jenkins1000 | ip=192.168.36.67 | op=SEND_HEARTBEAT {datanodeUUID=6c9cea2f-f547-4d36-9e9d-21f9e8213c72, command=[]} | ret=SUCCESS |  
2019-09-04 10:16:11,456 | INFO  | SCMAudit | user=jenkins1000 | ip=192.168.36.67 | op=SEND_HEARTBEAT {datanodeUUID=6d94adbb-9f8c-46a2-8e14-6bea29af47e5, command=[]} | ret=SUCCESS |  
2019-09-04 10:16:11,648 | INFO  | SCMAudit | user=jenkins1000 | ip=192.168.36.67 | op=SEND_HEARTBEAT {datanodeUUID=583e914f-c7c5-4b66-98fc-37d50dda33f5, command=[]} | ret=SUCCESS |  
2019-09-04 10:16:11,958 | INFO  | SCMAudit | user=jenkins1000 | ip=192.168.36.67 | op=SEND_HEARTBEAT {datanodeUUID=e94d4415-dd42-482b-a9ab-d3c93cd7a0cf, command=[]} | ret=SUCCESS |  
2019-09-04 10:16:12,222 [grpc-default-executor-7] WARN  server.GrpcLogAppender (LogUtils.java:warn(134)) - 6f4be47b-46c8-42b4-aff3-8b1cb619a5c7->d4d82638-7d1a-4b3a-9d0e-2237e706c4db: Failed appendEntries: org.apache.ratis.thirdparty.io.grpc.StatusRuntimeException: UNAVAILABLE: io exception
2019-09-04 10:16:12,222 [grpc-default-executor-7] INFO  impl.FollowerInfo (FollowerInfo.java:lambda$new$0(50)) - 6f4be47b-46c8-42b4-aff3-8b1cb619a5c7->d4d82638-7d1a-4b3a-9d0e-2237e706c4db: nextIndex: updateUnconditionally 15 -> 14
2019-09-04 10:16:12,456 | INFO  | SCMAudit | user=jenkins1000 | ip=192.168.36.67 | op=SEND_HEARTBEAT {datanodeUUID=6c9cea2f-f547-4d36-9e9d-21f9e8213c72, command=[]} | ret=SUCCESS |  
2019-09-04 10:16:12,456 | INFO  | SCMAudit | user=jenkins1000 | ip=192.168.36.67 | op=SEND_HEARTBEAT {datanodeUUID=6d94adbb-9f8c-46a2-8e14-6bea29af47e5, command=[]} | ret=SUCCESS |  
2019-09-04 10:16:12,648 | INFO  | SCMAudit | user=jenkins1000 | ip=192.168.36.67 | op=SEND_HEARTBEAT {datanodeUUID=583e914f-c7c5-4b66-98fc-37d50dda33f5, command=[]} | ret=SUCCESS |  
2019-09-04 10:16:12,957 | INFO  | SCMAudit | user=jenkins1000 | ip=192.168.36.67 | op=SEND_HEARTBEAT {datanodeUUID=e94d4415-dd42-482b-a9ab-d3c93cd7a0cf, command=[]} | ret=SUCCESS |  
2019-09-04 10:16:13,456 | INFO  | SCMAudit | user=jenkins1000 | ip=192.168.36.67 | op=SEND_HEARTBEAT {datanodeUUID=6c9cea2f-f547-4d36-9e9d-21f9e8213c72, command=[]} | ret=SUCCESS |  
2019-09-04 10:16:13,456 | INFO  | SCMAudit | user=jenkins1000 | ip=192.168.36.67 | op=SEND_HEARTBEAT {datanodeUUID=6d94adbb-9f8c-46a2-8e14-6bea29af47e5, command=[]} | ret=SUCCESS |  
2019-09-04 10:16:13,647 | INFO  | SCMAudit | user=jenkins1000 | ip=192.168.36.67 | op=SEND_HEARTBEAT {datanodeUUID=583e914f-c7c5-4b66-98fc-37d50dda33f5, command=[]} | ret=SUCCESS |  
2019-09-04 10:16:13,958 | INFO  | SCMAudit | user=jenkins1000 | ip=192.168.36.67 | op=SEND_HEARTBEAT {datanodeUUID=e94d4415-dd42-482b-a9ab-d3c93cd7a0cf, command=[]} | ret=SUCCESS |  
2019-09-04 10:16:13,965 [EventQueue-StaleNodeForStaleNodeHandler] INFO  node.StaleNodeHandler (StaleNodeHandler.java:onMessage(58)) - Datanode 6f4be47b-46c8-42b4-aff3-8b1cb619a5c7{ip: 192.168.36.67, host: pr-hdds-1569-fjd24-125839774, networkLocation: /default-rack, certSerialId: null} moved to stale state. Finalizing its pipelines [PipelineID=44c2ad98-1495-47c4-b686-da02c29fc776, PipelineID=fcf61d1a-e04f-419a-9f7f-58493f6e6d9b]
2019-09-04 10:16:13,966 [EventQueue-StaleNodeForStaleNodeHandler] INFO  pipeline.SCMPipelineManager (SCMPipelineManager.java:finalizeAndDestroyPipeline(309)) - destroying pipeline:Pipeline[ Id: 44c2ad98-1495-47c4-b686-da02c29fc776, Nodes: d4d82638-7d1a-4b3a-9d0e-2237e706c4db{ip: 192.168.36.67, host: pr-hdds-1569-fjd24-125839774, networkLocation: /default-rack, certSerialId: null}e94d4415-dd42-482b-a9ab-d3c93cd7a0cf{ip: 192.168.36.67, host: pr-hdds-1569-fjd24-125839774, networkLocation: /default-rack, certSerialId: null}6f4be47b-46c8-42b4-aff3-8b1cb619a5c7{ip: 192.168.36.67, host: pr-hdds-1569-fjd24-125839774, networkLocation: /default-rack, certSerialId: null}, Type:RATIS, Factor:THREE, State:CLOSED]
2019-09-04 10:16:13,966 [EventQueue-StaleNodeForStaleNodeHandler] INFO  pipeline.SCMPipelineManager (SCMPipelineManager.java:finalizeAndDestroyPipeline(309)) - destroying pipeline:Pipeline[ Id: fcf61d1a-e04f-419a-9f7f-58493f6e6d9b, Nodes: 6f4be47b-46c8-42b4-aff3-8b1cb619a5c7{ip: 192.168.36.67, host: pr-hdds-1569-fjd24-125839774, networkLocation: /default-rack, certSerialId: null}, Type:RATIS, Factor:ONE, State:OPEN]
2019-09-04 10:16:13,966 [EventQueue-StaleNodeForStaleNodeHandler] INFO  pipeline.PipelineStateManager (PipelineStateManager.java:finalizePipeline(123)) - Pipeline Pipeline[ Id: fcf61d1a-e04f-419a-9f7f-58493f6e6d9b, Nodes: 6f4be47b-46c8-42b4-aff3-8b1cb619a5c7{ip: 192.168.36.67, host: pr-hdds-1569-fjd24-125839774, networkLocation: /default-rack, certSerialId: null}, Type:RATIS, Factor:ONE, State:CLOSED] moved to CLOSED state
2019-09-04 10:16:14,457 | INFO  | SCMAudit | user=jenkins1000 | ip=192.168.36.67 | op=SEND_HEARTBEAT {datanodeUUID=6c9cea2f-f547-4d36-9e9d-21f9e8213c72, command=[]} | ret=SUCCESS |  
2019-09-04 10:16:14,457 | INFO  | SCMAudit | user=jenkins1000 | ip=192.168.36.67 | op=SEND_HEARTBEAT {datanodeUUID=6d94adbb-9f8c-46a2-8e14-6bea29af47e5, command=[]} | ret=SUCCESS |  
2019-09-04 10:16:14,468 [EventQueue-StaleNodeForStaleNodeHandler] INFO  node.StaleNodeHandler (StaleNodeHandler.java:onMessage(58)) - Datanode fe2c9e73-6c2d-4a43-92e0-1dab16afefd5{ip: 192.168.36.67, host: pr-hdds-1569-fjd24-125839774, networkLocation: /default-rack, certSerialId: null} moved to stale state. Finalizing its pipelines [PipelineID=345b75d0-7c09-4274-aa85-745bd74927a5, PipelineID=a0ad6de2-1a01-40e6-a6a3-f6678b52affa]
2019-09-04 10:16:14,468 [EventQueue-StaleNodeForStaleNodeHandler] INFO  pipeline.SCMPipelineManager (SCMPipelineManager.java:finalizeAndDestroyPipeline(309)) - destroying pipeline:Pipeline[ Id: 345b75d0-7c09-4274-aa85-745bd74927a5, Nodes: fe2c9e73-6c2d-4a43-92e0-1dab16afefd5{ip: 192.168.36.67, host: pr-hdds-1569-fjd24-125839774, networkLocation: /default-rack, certSerialId: null}, Type:RATIS, Factor:ONE, State:OPEN]
2019-09-04 10:16:14,468 [EventQueue-StaleNodeForStaleNodeHandler] INFO  pipeline.PipelineStateManager (PipelineStateManager.java:finalizePipeline(123)) - Pipeline Pipeline[ Id: 345b75d0-7c09-4274-aa85-745bd74927a5, Nodes: fe2c9e73-6c2d-4a43-92e0-1dab16afefd5{ip: 192.168.36.67, host: pr-hdds-1569-fjd24-125839774, networkLocation: /default-rack, certSerialId: null}, Type:RATIS, Factor:ONE, State:CLOSED] moved to CLOSED state
2019-09-04 10:16:14,468 [EventQueue-StaleNodeForStaleNodeHandler] INFO  pipeline.SCMPipelineManager (SCMPipelineManager.java:finalizeAndDestroyPipeline(309)) - destroying pipeline:Pipeline[ Id: a0ad6de2-1a01-40e6-a6a3-f6678b52affa, Nodes: fe2c9e73-6c2d-4a43-92e0-1dab16afefd5{ip: 192.168.36.67, host: pr-hdds-1569-fjd24-125839774, networkLocation: /default-rack, certSerialId: null}6c9cea2f-f547-4d36-9e9d-21f9e8213c72{ip: 192.168.36.67, host: pr-hdds-1569-fjd24-125839774, networkLocation: /default-rack, certSerialId: null}6d94adbb-9f8c-46a2-8e14-6bea29af47e5{ip: 192.168.36.67, host: pr-hdds-1569-fjd24-125839774, networkLocation: /default-rack, certSerialId: null}, Type:RATIS, Factor:THREE, State:OPEN]
2019-09-04 10:16:14,469 [EventQueue-StaleNodeForStaleNodeHandler] INFO  pipeline.PipelineStateManager (PipelineStateManager.java:finalizePipeline(123)) - Pipeline Pipeline[ Id: a0ad6de2-1a01-40e6-a6a3-f6678b52affa, Nodes: fe2c9e73-6c2d-4a43-92e0-1dab16afefd5{ip: 192.168.36.67, host: pr-hdds-1569-fjd24-125839774, networkLocation: /default-rack, certSerialId: null}6c9cea2f-f547-4d36-9e9d-21f9e8213c72{ip: 192.168.36.67, host: pr-hdds-1569-fjd24-125839774, networkLocation: /default-rack, certSerialId: null}6d94adbb-9f8c-46a2-8e14-6bea29af47e5{ip: 192.168.36.67, host: pr-hdds-1569-fjd24-125839774, networkLocation: /default-rack, certSerialId: null}, Type:RATIS, Factor:THREE, State:CLOSED] moved to CLOSED state
2019-09-04 10:16:14,469 [EventQueue-CloseContainerForCloseContainerEventHandler] INFO  container.CloseContainerEventHandler (CloseContainerEventHandler.java:onMessage(61)) - Close container Event triggered for container : #2
2019-09-04 10:16:14,647 | INFO  | SCMAudit | user=jenkins1000 | ip=192.168.36.67 | op=SEND_HEARTBEAT {datanodeUUID=583e914f-c7c5-4b66-98fc-37d50dda33f5, command=[]} | ret=SUCCESS |  
2019-09-04 10:16:14,722 [grpc-default-executor-7] WARN  server.GrpcLogAppender (LogUtils.java:warn(134)) - 6f4be47b-46c8-42b4-aff3-8b1cb619a5c7->d4d82638-7d1a-4b3a-9d0e-2237e706c4db: Failed appendEntries: org.apache.ratis.thirdparty.io.grpc.StatusRuntimeException: UNAVAILABLE: io exception
2019-09-04 10:16:14,723 [grpc-default-executor-7] INFO  impl.FollowerInfo (FollowerInfo.java:lambda$new$0(50)) - 6f4be47b-46c8-42b4-aff3-8b1cb619a5c7->d4d82638-7d1a-4b3a-9d0e-2237e706c4db: nextIndex: updateUnconditionally 14 -> 13
2019-09-04 10:16:14,812 [main] INFO  ozoneimpl.OzoneContainer (OzoneContainer.java:stop(199)) - Attempting to stop container services.
2019-09-04 10:16:14,813 [ForkJoinPool.commonPool-worker-1] INFO  ozoneimpl.OzoneContainer (OzoneContainer.java:stop(199)) - Attempting to stop container services.
2019-09-04 10:16:14,813 [main] INFO  impl.RaftServerProxy (RaftServerProxy.java:lambda$close$4(314)) - fe2c9e73-6c2d-4a43-92e0-1dab16afefd5: close
2019-09-04 10:16:14,813 [ForkJoinPool.commonPool-worker-1] INFO  impl.RaftServerProxy (RaftServerProxy.java:lambda$close$4(314)) - 6f4be47b-46c8-42b4-aff3-8b1cb619a5c7: close
2019-09-04 10:16:14,817 [main] INFO  impl.RaftServerImpl (RaftServerImpl.java:lambda$shutdown$3(245)) - fe2c9e73-6c2d-4a43-92e0-1dab16afefd5: shutdown group-745BD74927A5
2019-09-04 10:16:14,818 [ForkJoinPool.commonPool-worker-1] INFO  impl.RaftServerImpl (RaftServerImpl.java:lambda$shutdown$3(245)) - 6f4be47b-46c8-42b4-aff3-8b1cb619a5c7: shutdown group-DA02C29FC776
2019-09-04 10:16:14,818 [main] INFO  util.JmxRegister (JmxRegister.java:unregister(73)) - Successfully un-registered JMX Bean with object name Ratis:service=RaftServer,group=group-745BD74927A5,id=fe2c9e73-6c2d-4a43-92e0-1dab16afefd5
2019-09-04 10:16:14,818 [ForkJoinPool.commonPool-worker-1] INFO  util.JmxRegister (JmxRegister.java:unregister(73)) - Successfully un-registered JMX Bean with object name Ratis:service=RaftServer,group=group-DA02C29FC776,id=6f4be47b-46c8-42b4-aff3-8b1cb619a5c7
2019-09-04 10:16:14,819 [main] INFO  impl.RoleInfo (RoleInfo.java:shutdownLeaderState(104)) - fe2c9e73-6c2d-4a43-92e0-1dab16afefd5: shutdown LeaderState
2019-09-04 10:16:14,819 [ForkJoinPool.commonPool-worker-1] INFO  impl.RoleInfo (RoleInfo.java:shutdownLeaderState(104)) - 6f4be47b-46c8-42b4-aff3-8b1cb619a5c7: shutdown LeaderState
2019-09-04 10:16:14,820 [main] INFO  impl.PendingRequests (PendingRequests.java:sendNotLeaderResponses(202)) - fe2c9e73-6c2d-4a43-92e0-1dab16afefd5-PendingRequests: sendNotLeaderResponses
2019-09-04 10:16:14,826 [org.apache.ratis.server.impl.LogAppender$AppenderDaemon$$Lambda$482/1067825500@4d82be88] WARN  server.GrpcLogAppender (GrpcLogAppender.java:mayWait(143)) - GrpcLogAppender(6f4be47b-46c8-42b4-aff3-8b1cb619a5c7->e94d4415-dd42-482b-a9ab-d3c93cd7a0cf): Wait interrupted by java.lang.InterruptedException
2019-09-04 10:16:14,827 [main] INFO  impl.StateMachineUpdater (StateMachineUpdater.java:stopAndJoin(115)) - StateMachineUpdater:fe2c9e73-6c2d-4a43-92e0-1dab16afefd5:group-745BD74927A5: set stopIndex = 0
2019-09-04 10:16:14,826 [ForkJoinPool.commonPool-worker-1] INFO  impl.PendingRequests (PendingRequests.java:sendNotLeaderResponses(202)) - 6f4be47b-46c8-42b4-aff3-8b1cb619a5c7-PendingRequests: sendNotLeaderResponses
2019-09-04 10:16:14,826 [org.apache.ratis.server.impl.LogAppender$AppenderDaemon$$Lambda$482/1067825500@88021fc] WARN  server.GrpcLogAppender (GrpcLogAppender.java:mayWait(143)) - GrpcLogAppender(6f4be47b-46c8-42b4-aff3-8b1cb619a5c7->d4d82638-7d1a-4b3a-9d0e-2237e706c4db): Wait interrupted by java.lang.InterruptedException
2019-09-04 10:16:14,840 [main] INFO  impl.RaftServerImpl (ServerState.java:close(394)) - fe2c9e73-6c2d-4a43-92e0-1dab16afefd5:group-745BD74927A5 closes. The last applied log index is 0
2019-09-04 10:16:14,839 [grpc-default-executor-1] INFO  server.GrpcServerProtocolService (GrpcServerProtocolService.java:onCompleted(104)) - e94d4415-dd42-482b-a9ab-d3c93cd7a0cf: appendEntries completed
2019-09-04 10:16:14,845 [fe2c9e73-6c2d-4a43-92e0-1dab16afefd5-SegmentedRaftLogWorker:Storage Directory /workdir/hadoop-ozone/integration-test/target/test-dir/MiniOzoneClusterImpl-1126da7d-fe5a-4ddc-9a88-3eece028067c/datanode-4/data/ratis/345b75d0-7c09-4274-aa85-745bd74927a5] INFO  segmented.SegmentedRaftLogWorker (SegmentedRaftLogWorker.java:run(313)) - fe2c9e73-6c2d-4a43-92e0-1dab16afefd5-SegmentedRaftLogWorker:Storage Directory /workdir/hadoop-ozone/integration-test/target/test-dir/MiniOzoneClusterImpl-1126da7d-fe5a-4ddc-9a88-3eece028067c/datanode-4/data/ratis/345b75d0-7c09-4274-aa85-745bd74927a5 was interrupted, exiting. There are 0 tasks remaining in the queue.
2019-09-04 10:16:14,845 [ForkJoinPool.commonPool-worker-1] INFO  impl.StateMachineUpdater (StateMachineUpdater.java:stopAndJoin(115)) - StateMachineUpdater:6f4be47b-46c8-42b4-aff3-8b1cb619a5c7:group-DA02C29FC776: set stopIndex = 25
2019-09-04 10:16:14,847 [Thread-3798] INFO  client.GrpcClientProtocolService (GrpcClientProtocolService.java:lambda$processClientRequest$0(278)) - Failed RaftClientRequest:client-2CFCBC14A0C4->6f4be47b-46c8-42b4-aff3-8b1cb619a5c7@group-DA02C29FC776, cid=198, seq=0, Watch-ALL_COMMITTED(22), Message:<EMPTY>, reply=RaftClientReply:client-2CFCBC14A0C4->6f4be47b-46c8-42b4-aff3-8b1cb619a5c7@group-DA02C29FC776, cid=198, FAILED org.apache.ratis.protocol.NotLeaderException: Server 6f4be47b-46c8-42b4-aff3-8b1cb619a5c7 is not the leader (null). Request must be sent to leader., logIndex=0, commits[6f4be47b-46c8-42b4-aff3-8b1cb619a5c7:c25]
2019-09-04 10:16:14,847 [Thread-3797] INFO  client.GrpcClientProtocolService (GrpcClientProtocolService.java:lambda$processClientRequest$0(278)) - Failed RaftClientRequest:client-2CFCBC14A0C4->6f4be47b-46c8-42b4-aff3-8b1cb619a5c7@group-DA02C29FC776, cid=198, seq=0, Watch-ALL_COMMITTED(22), Message:<EMPTY>, reply=RaftClientReply:client-2CFCBC14A0C4->6f4be47b-46c8-42b4-aff3-8b1cb619a5c7@group-DA02C29FC776, cid=198, FAILED org.apache.ratis.protocol.NotLeaderException: Server 6f4be47b-46c8-42b4-aff3-8b1cb619a5c7 is not the leader (null). Request must be sent to leader., logIndex=0, commits[6f4be47b-46c8-42b4-aff3-8b1cb619a5c7:c25]
2019-09-04 10:16:14,847 [grpc-default-executor-7] INFO  server.GrpcLogAppender (GrpcLogAppender.java:onCompleted(292)) - 6f4be47b-46c8-42b4-aff3-8b1cb619a5c7->e94d4415-dd42-482b-a9ab-d3c93cd7a0cf: follower responses appendEntries COMPLETED
2019-09-04 10:16:14,847 [main] INFO  segmented.SegmentedRaftLogWorker (SegmentedRaftLogWorker.java:close(228)) - fe2c9e73-6c2d-4a43-92e0-1dab16afefd5-SegmentedRaftLogWorker:Storage Directory /workdir/hadoop-ozone/integration-test/target/test-dir/MiniOzoneClusterImpl-1126da7d-fe5a-4ddc-9a88-3eece028067c/datanode-4/data/ratis/345b75d0-7c09-4274-aa85-745bd74927a5 close()
2019-09-04 10:16:14,848 [grpc-default-executor-7] INFO  impl.FollowerInfo (FollowerInfo.java:lambda$new$0(50)) - 6f4be47b-46c8-42b4-aff3-8b1cb619a5c7->e94d4415-dd42-482b-a9ab-d3c93cd7a0cf: nextIndex: updateUnconditionally 26 -> 25
2019-09-04 10:16:14,847 [Thread-3799] INFO  client.GrpcClientProtocolService (GrpcClientProtocolService.java:lambda$processClientRequest$0(278)) - Failed RaftClientRequest:client-2CFCBC14A0C4->6f4be47b-46c8-42b4-aff3-8b1cb619a5c7@group-DA02C29FC776, cid=198, seq=0, Watch-ALL_COMMITTED(22), Message:<EMPTY>, reply=RaftClientReply:client-2CFCBC14A0C4->6f4be47b-46c8-42b4-aff3-8b1cb619a5c7@group-DA02C29FC776, cid=198, FAILED org.apache.ratis.protocol.NotLeaderException: Server 6f4be47b-46c8-42b4-aff3-8b1cb619a5c7 is not the leader (null). Request must be sent to leader., logIndex=0, commits[6f4be47b-46c8-42b4-aff3-8b1cb619a5c7:c25]
2019-09-04 10:16:14,847 [StateMachineUpdater:6f4be47b-46c8-42b4-aff3-8b1cb619a5c7:group-DA02C29FC776] INFO  ratis.ContainerStateMachine (ContainerStateMachine.java:takeSnapshot(283)) - group-DA02C29FC776: Taking a snapshot at:(t:1, i:24) file /workdir/hadoop-ozone/integration-test/target/test-dir/MiniOzoneClusterImpl-1126da7d-fe5a-4ddc-9a88-3eece028067c/datanode-1/data/ratis/44c2ad98-1495-47c4-b686-da02c29fc776/sm/snapshot.1_24
2019-09-04 10:16:14,852 [main] INFO  impl.RaftServerImpl (RaftServerImpl.java:lambda$shutdown$3(245)) - fe2c9e73-6c2d-4a43-92e0-1dab16afefd5: shutdown group-F6678B52AFFA
2019-09-04 10:16:14,852 [grpc-default-executor-1] INFO  client.GrpcClientProtocolClient (GrpcClientProtocolClient.java:onNext(255)) - client-2CFCBC14A0C4->6f4be47b-46c8-42b4-aff3-8b1cb619a5c7: receive RaftClientReply:client-2CFCBC14A0C4->6f4be47b-46c8-42b4-aff3-8b1cb619a5c7@group-DA02C29FC776, cid=198, FAILED org.apache.ratis.protocol.NotLeaderException: Server 6f4be47b-46c8-42b4-aff3-8b1cb619a5c7 is not the leader (null). Request must be sent to leader., logIndex=0, commits[6f4be47b-46c8-42b4-aff3-8b1cb619a5c7:c25]
2019-09-04 10:16:14,853 [main] INFO  util.JmxRegister (JmxRegister.java:unregister(73)) - Successfully un-registered JMX Bean with object name Ratis:service=RaftServer,group=group-F6678B52AFFA,id=fe2c9e73-6c2d-4a43-92e0-1dab16afefd5
2019-09-04 10:16:14,854 [main] INFO  impl.RoleInfo (RoleInfo.java:shutdownFollowerState(121)) - fe2c9e73-6c2d-4a43-92e0-1dab16afefd5: shutdown FollowerState
2019-09-04 10:16:14,854 [grpc-default-executor-1] INFO  client.GrpcClientProtocolClient (GrpcClientProtocolClient.java:onNext(255)) - client-2CFCBC14A0C4->6f4be47b-46c8-42b4-aff3-8b1cb619a5c7: receive RaftClientReply:client-2CFCBC14A0C4->6f4be47b-46c8-42b4-aff3-8b1cb619a5c7@group-DA02C29FC776, cid=198, FAILED org.apache.ratis.protocol.NotLeaderException: Server 6f4be47b-46c8-42b4-aff3-8b1cb619a5c7 is not the leader (null). Request must be sent to leader., logIndex=0, commits[6f4be47b-46c8-42b4-aff3-8b1cb619a5c7:c25]
2019-09-04 10:16:14,854 [StateMachineUpdater:fe2c9e73-6c2d-4a43-92e0-1dab16afefd5:group-F6678B52AFFA] INFO  ratis.ContainerStateMachine (ContainerStateMachine.java:takeSnapshot(283)) - group-F6678B52AFFA: Taking a snapshot at:(t:1, i:14) file /workdir/hadoop-ozone/integration-test/target/test-dir/MiniOzoneClusterImpl-1126da7d-fe5a-4ddc-9a88-3eece028067c/datanode-4/data/ratis/a0ad6de2-1a01-40e6-a6a3-f6678b52affa/sm/snapshot.1_14
2019-09-04 10:16:14,856 [Thread-3631] INFO  impl.FollowerState (FollowerState.java:run(114)) - fe2c9e73-6c2d-4a43-92e0-1dab16afefd5: FollowerState was interrupted: java.lang.InterruptedException: sleep interrupted
2019-09-04 10:16:14,854 [main] INFO  impl.StateMachineUpdater (StateMachineUpdater.java:stopAndJoin(115)) - StateMachineUpdater:fe2c9e73-6c2d-4a43-92e0-1dab16afefd5:group-F6678B52AFFA: set stopIndex = 16
2019-09-04 10:16:14,858 [grpc-default-executor-1] WARN  client.GrpcClientProtocolService (LogUtils.java:warn(134)) - 4-UnorderedRequestStreamObserver4: onError: org.apache.ratis.thirdparty.io.grpc.StatusRuntimeException: CANCELLED: cancelled before receiving half close
2019-09-04 10:16:14,876 [StateMachineUpdater:fe2c9e73-6c2d-4a43-92e0-1dab16afefd5:group-F6678B52AFFA] INFO  ratis.ContainerStateMachine (ContainerStateMachine.java:takeSnapshot(294)) - group-F6678B52AFFA: Finished taking a snapshot at:(t:1, i:14) file:/workdir/hadoop-ozone/integration-test/target/test-dir/MiniOzoneClusterImpl-1126da7d-fe5a-4ddc-9a88-3eece028067c/datanode-4/data/ratis/a0ad6de2-1a01-40e6-a6a3-f6678b52affa/sm/snapshot.1_14 time:22
2019-09-04 10:16:14,876 [StateMachineUpdater:6f4be47b-46c8-42b4-aff3-8b1cb619a5c7:group-DA02C29FC776] INFO  ratis.ContainerStateMachine (ContainerStateMachine.java:takeSnapshot(294)) - group-DA02C29FC776: Finished taking a snapshot at:(t:1, i:24) file:/workdir/hadoop-ozone/integration-test/target/test-dir/MiniOzoneClusterImpl-1126da7d-fe5a-4ddc-9a88-3eece028067c/datanode-1/data/ratis/44c2ad98-1495-47c4-b686-da02c29fc776/sm/snapshot.1_24 time:28
2019-09-04 10:16:14,876 [StateMachineUpdater:fe2c9e73-6c2d-4a43-92e0-1dab16afefd5:group-F6678B52AFFA] INFO  impl.StateMachineUpdater (StateMachineUpdater.java:takeSnapshot(242)) - StateMachineUpdater:fe2c9e73-6c2d-4a43-92e0-1dab16afefd5:group-F6678B52AFFA: Took a snapshot at index 14
2019-09-04 10:16:14,876 [StateMachineUpdater:6f4be47b-46c8-42b4-aff3-8b1cb619a5c7:group-DA02C29FC776] INFO  impl.StateMachineUpdater (StateMachineUpdater.java:takeSnapshot(242)) - StateMachineUpdater:6f4be47b-46c8-42b4-aff3-8b1cb619a5c7:group-DA02C29FC776: Took a snapshot at index 24
2019-09-04 10:16:14,876 [StateMachineUpdater:fe2c9e73-6c2d-4a43-92e0-1dab16afefd5:group-F6678B52AFFA] INFO  impl.StateMachineUpdater (StateMachineUpdater.java:lambda$new$0(80)) - StateMachineUpdater:fe2c9e73-6c2d-4a43-92e0-1dab16afefd5:group-F6678B52AFFA: snapshotIndex: updateIncreasingly -1 -> 14
2019-09-04 10:16:14,877 [StateMachineUpdater:6f4be47b-46c8-42b4-aff3-8b1cb619a5c7:group-DA02C29FC776] INFO  impl.StateMachineUpdater (StateMachineUpdater.java:lambda$new$0(80)) - StateMachineUpdater:6f4be47b-46c8-42b4-aff3-8b1cb619a5c7:group-DA02C29FC776: snapshotIndex: updateIncreasingly -1 -> 24
2019-09-04 10:16:14,877 [main] INFO  impl.RaftServerImpl (ServerState.java:close(394)) - fe2c9e73-6c2d-4a43-92e0-1dab16afefd5:group-F6678B52AFFA closes. The last applied log index is 16
2019-09-04 10:16:14,877 [ForkJoinPool.commonPool-worker-1] INFO  impl.RaftServerImpl (ServerState.java:close(394)) - 6f4be47b-46c8-42b4-aff3-8b1cb619a5c7:group-DA02C29FC776 closes. The last applied log index is 25
2019-09-04 10:16:14,878 [fe2c9e73-6c2d-4a43-92e0-1dab16afefd5-SegmentedRaftLogWorker:Storage Directory /workdir/hadoop-ozone/integration-test/target/test-dir/MiniOzoneClusterImpl-1126da7d-fe5a-4ddc-9a88-3eece028067c/datanode-4/data/ratis/a0ad6de2-1a01-40e6-a6a3-f6678b52affa] INFO  segmented.SegmentedRaftLogWorker (SegmentedRaftLogWorker.java:run(313)) - fe2c9e73-6c2d-4a43-92e0-1dab16afefd5-SegmentedRaftLogWorker:Storage Directory /workdir/hadoop-ozone/integration-test/target/test-dir/MiniOzoneClusterImpl-1126da7d-fe5a-4ddc-9a88-3eece028067c/datanode-4/data/ratis/a0ad6de2-1a01-40e6-a6a3-f6678b52affa was interrupted, exiting. There are 0 tasks remaining in the queue.
2019-09-04 10:16:14,878 [6f4be47b-46c8-42b4-aff3-8b1cb619a5c7-SegmentedRaftLogWorker:Storage Directory /workdir/hadoop-ozone/integration-test/target/test-dir/MiniOzoneClusterImpl-1126da7d-fe5a-4ddc-9a88-3eece028067c/datanode-1/data/ratis/44c2ad98-1495-47c4-b686-da02c29fc776] INFO  segmented.SegmentedRaftLogWorker (SegmentedRaftLogWorker.java:run(313)) - 6f4be47b-46c8-42b4-aff3-8b1cb619a5c7-SegmentedRaftLogWorker:Storage Directory /workdir/hadoop-ozone/integration-test/target/test-dir/MiniOzoneClusterImpl-1126da7d-fe5a-4ddc-9a88-3eece028067c/datanode-1/data/ratis/44c2ad98-1495-47c4-b686-da02c29fc776 was interrupted, exiting. There are 0 tasks remaining in the queue.
2019-09-04 10:16:14,880 [main] INFO  segmented.SegmentedRaftLogWorker (SegmentedRaftLogWorker.java:close(228)) - fe2c9e73-6c2d-4a43-92e0-1dab16afefd5-SegmentedRaftLogWorker:Storage Directory /workdir/hadoop-ozone/integration-test/target/test-dir/MiniOzoneClusterImpl-1126da7d-fe5a-4ddc-9a88-3eece028067c/datanode-4/data/ratis/a0ad6de2-1a01-40e6-a6a3-f6678b52affa close()
2019-09-04 10:16:14,881 [ForkJoinPool.commonPool-worker-1] INFO  segmented.SegmentedRaftLogWorker (SegmentedRaftLogWorker.java:close(228)) - 6f4be47b-46c8-42b4-aff3-8b1cb619a5c7-SegmentedRaftLogWorker:Storage Directory /workdir/hadoop-ozone/integration-test/target/test-dir/MiniOzoneClusterImpl-1126da7d-fe5a-4ddc-9a88-3eece028067c/datanode-1/data/ratis/44c2ad98-1495-47c4-b686-da02c29fc776 close()
2019-09-04 10:16:14,885 [main] INFO  server.GrpcService (GrpcService.java:closeImpl(155)) - fe2c9e73-6c2d-4a43-92e0-1dab16afefd5: shutdown server with port 37308 now
2019-09-04 10:16:14,888 [ForkJoinPool.commonPool-worker-1] INFO  impl.RaftServerImpl (RaftServerImpl.java:lambda$shutdown$3(245)) - 6f4be47b-46c8-42b4-aff3-8b1cb619a5c7: shutdown group-58493F6E6D9B
2019-09-04 10:16:14,889 [ForkJoinPool.commonPool-worker-1] INFO  util.JmxRegister (JmxRegister.java:unregister(73)) - Successfully un-registered JMX Bean with object name Ratis:service=RaftServer,group=group-58493F6E6D9B,id=6f4be47b-46c8-42b4-aff3-8b1cb619a5c7
2019-09-04 10:16:14,889 [grpc-default-executor-7] WARN  server.GrpcServerProtocolService (LogUtils.java:warn(134)) - fe2c9e73-6c2d-4a43-92e0-1dab16afefd5: appendEntries onError: org.apache.ratis.thirdparty.io.grpc.StatusRuntimeException: CANCELLED: cancelled before receiving half close
2019-09-04 10:16:14,889 [main] INFO  server.GrpcService (GrpcService.java:closeImpl(163)) - fe2c9e73-6c2d-4a43-92e0-1dab16afefd5: shutdown server with port 37308 successfully
2019-09-04 10:16:14,889 [ForkJoinPool.commonPool-worker-1] INFO  impl.RoleInfo (RoleInfo.java:shutdownLeaderState(104)) - 6f4be47b-46c8-42b4-aff3-8b1cb619a5c7: shutdown LeaderState
2019-09-04 10:16:14,889 [grpc-default-executor-1] WARN  server.GrpcLogAppender (LogUtils.java:warn(134)) - 6d94adbb-9f8c-46a2-8e14-6bea29af47e5->fe2c9e73-6c2d-4a43-92e0-1dab16afefd5: Failed appendEntries: org.apache.ratis.thirdparty.io.grpc.StatusRuntimeException: CANCELLED: HTTP/2 error code: CANCEL
Received Rst Stream
2019-09-04 10:16:14,890 [ForkJoinPool.commonPool-worker-1] INFO  impl.PendingRequests (PendingRequests.java:sendNotLeaderResponses(202)) - 6f4be47b-46c8-42b4-aff3-8b1cb619a5c7-PendingRequests: sendNotLeaderResponses
2019-09-04 10:16:14,890 [grpc-default-executor-1] INFO  impl.FollowerInfo (FollowerInfo.java:lambda$new$0(50)) - 6d94adbb-9f8c-46a2-8e14-6bea29af47e5->fe2c9e73-6c2d-4a43-92e0-1dab16afefd5: nextIndex: updateUnconditionally 17 -> 16
2019-09-04 10:16:14,890 [main] INFO  utils.BackgroundService (BackgroundService.java:shutdown(148)) - Shutting down service BlockDeletingService
2019-09-04 10:16:14,890 [ForkJoinPool.commonPool-worker-1] INFO  impl.StateMachineUpdater (StateMachineUpdater.java:stopAndJoin(115)) - StateMachineUpdater:6f4be47b-46c8-42b4-aff3-8b1cb619a5c7:group-58493F6E6D9B: set stopIndex = 0
2019-09-04 10:16:14,892 [ForkJoinPool.commonPool-worker-1] INFO  impl.RaftServerImpl (ServerState.java:close(394)) - 6f4be47b-46c8-42b4-aff3-8b1cb619a5c7:group-58493F6E6D9B closes. The last applied log index is 0
2019-09-04 10:16:14,892 [6f4be47b-46c8-42b4-aff3-8b1cb619a5c7-SegmentedRaftLogWorker:Storage Directory /workdir/hadoop-ozone/integration-test/target/test-dir/MiniOzoneClusterImpl-1126da7d-fe5a-4ddc-9a88-3eece028067c/datanode-1/data/ratis/fcf61d1a-e04f-419a-9f7f-58493f6e6d9b] INFO  segmented.SegmentedRaftLogWorker (SegmentedRaftLogWorker.java:run(313)) - 6f4be47b-46c8-42b4-aff3-8b1cb619a5c7-SegmentedRaftLogWorker:Storage Directory /workdir/hadoop-ozone/integration-test/target/test-dir/MiniOzoneClusterImpl-1126da7d-fe5a-4ddc-9a88-3eece028067c/datanode-1/data/ratis/fcf61d1a-e04f-419a-9f7f-58493f6e6d9b was interrupted, exiting. There are 0 tasks remaining in the queue.
2019-09-04 10:16:14,892 [refreshUsed-/workdir/hadoop-ozone/integration-test/target/test-dir/MiniOzoneClusterImpl-1126da7d-fe5a-4ddc-9a88-3eece028067c/datanode-4/data/containers] WARN  fs.CachingGetSpaceUsed (CachingGetSpaceUsed.java:run(183)) - Thread Interrupted waiting to refresh disk information: sleep interrupted
2019-09-04 10:16:14,895 [ForkJoinPool.commonPool-worker-1] INFO  segmented.SegmentedRaftLogWorker (SegmentedRaftLogWorker.java:close(228)) - 6f4be47b-46c8-42b4-aff3-8b1cb619a5c7-SegmentedRaftLogWorker:Storage Directory /workdir/hadoop-ozone/integration-test/target/test-dir/MiniOzoneClusterImpl-1126da7d-fe5a-4ddc-9a88-3eece028067c/datanode-1/data/ratis/fcf61d1a-e04f-419a-9f7f-58493f6e6d9b close()
2019-09-04 10:16:14,898 [ForkJoinPool.commonPool-worker-1] INFO  server.GrpcService (GrpcService.java:closeImpl(155)) - 6f4be47b-46c8-42b4-aff3-8b1cb619a5c7: shutdown server with port 44582 now
2019-09-04 10:16:14,898 [ForkJoinPool.commonPool-worker-1] INFO  server.GrpcService (GrpcService.java:closeImpl(163)) - 6f4be47b-46c8-42b4-aff3-8b1cb619a5c7: shutdown server with port 44582 successfully
2019-09-04 10:16:14,902 [ForkJoinPool.commonPool-worker-1] INFO  utils.BackgroundService (BackgroundService.java:shutdown(148)) - Shutting down service BlockDeletingService
2019-09-04 10:16:14,904 [refreshUsed-/workdir/hadoop-ozone/integration-test/target/test-dir/MiniOzoneClusterImpl-1126da7d-fe5a-4ddc-9a88-3eece028067c/datanode-1/data/containers] WARN  fs.CachingGetSpaceUsed (CachingGetSpaceUsed.java:run(183)) - Thread Interrupted waiting to refresh disk information: sleep interrupted
2019-09-04 10:16:14,919 [ForkJoinPool.commonPool-worker-1] INFO  statemachine.DatanodeStateMachine (DatanodeStateMachine.java:stopDaemon(395)) - Ozone container server stopped.
2019-09-04 10:16:14,923 [ForkJoinPool.commonPool-worker-1] INFO  handler.ContextHandler (ContextHandler.java:doStop(910)) - Stopped o.e.j.w.WebAppContext@413a2520{/,null,UNAVAILABLE}{/hddsDatanode}
2019-09-04 10:16:14,924 [ForkJoinPool.commonPool-worker-1] INFO  server.AbstractConnector (AbstractConnector.java:doStop(318)) - Stopped ServerConnector@39d62e47{HTTP/1.1,[http/1.1]}{0.0.0.0:0}
2019-09-04 10:16:14,926 [ForkJoinPool.commonPool-worker-1] INFO  handler.ContextHandler (ContextHandler.java:doStop(910)) - Stopped o.e.j.s.ServletContextHandler@25fb43a9{/static,jar:file:/home/user/.m2/repository/org/apache/hadoop/hadoop-hdds-container-service/0.5.0-SNAPSHOT/hadoop-hdds-container-service-0.5.0-SNAPSHOT.jar!/webapps/static,UNAVAILABLE}
2019-09-04 10:16:14,928 [ForkJoinPool.commonPool-worker-1] INFO  handler.ContextHandler (ContextHandler.java:doStop(910)) - Stopped o.e.j.s.ServletContextHandler@52bcd7c9{/logs,file:///workdir/hadoop-ozone/integration-test/target/log,UNAVAILABLE}
2019-09-04 10:16:14,930 [ForkJoinPool.commonPool-worker-1] INFO  datanode.ObjectStoreHandler (ObjectStoreHandler.java:close(155)) - Closing ObjectStoreHandler.
2019-09-04 10:16:14,933 [main] INFO  statemachine.DatanodeStateMachine (DatanodeStateMachine.java:stopDaemon(395)) - Ozone container server stopped.
2019-09-04 10:16:14,933 [ForkJoinPool.commonPool-worker-1] INFO  ozone.HddsDatanodeService (HddsDatanodeService.java:stop(451)) - Stopped plug-in org.apache.hadoop.ozone.web.OzoneHddsDatanodeService@4d65fbad
2019-09-04 10:16:14,934 [main] INFO  handler.ContextHandler (ContextHandler.java:doStop(910)) - Stopped o.e.j.w.WebAppContext@262ea940{/,null,UNAVAILABLE}{/hddsDatanode}
2019-09-04 10:16:14,935 [main] INFO  server.AbstractConnector (AbstractConnector.java:doStop(318)) - Stopped ServerConnector@6aa152b7{HTTP/1.1,[http/1.1]}{0.0.0.0:0}
2019-09-04 10:16:14,935 [main] INFO  handler.ContextHandler (ContextHandler.java:doStop(910)) - Stopped o.e.j.s.ServletContextHandler@67e7fe73{/static,jar:file:/home/user/.m2/repository/org/apache/hadoop/hadoop-hdds-container-service/0.5.0-SNAPSHOT/hadoop-hdds-container-service-0.5.0-SNAPSHOT.jar!/webapps/static,UNAVAILABLE}
2019-09-04 10:16:14,935 [main] INFO  handler.ContextHandler (ContextHandler.java:doStop(910)) - Stopped o.e.j.s.ServletContextHandler@63c07eaf{/logs,file:///workdir/hadoop-ozone/integration-test/target/log,UNAVAILABLE}
2019-09-04 10:16:14,936 [main] INFO  datanode.ObjectStoreHandler (ObjectStoreHandler.java:close(155)) - Closing ObjectStoreHandler.
2019-09-04 10:16:14,936 [main] INFO  ozone.HddsDatanodeService (HddsDatanodeService.java:stop(451)) - Stopped plug-in org.apache.hadoop.ozone.web.OzoneHddsDatanodeService@4c617143
2019-09-04 10:16:14,957 [Datanode State Machine Thread - 0] INFO  statemachine.DatanodeStateMachine (DatanodeStateMachine.java:lambda$startDaemon$0(350)) - Ozone container server started.
2019-09-04 10:16:15,456 [Datanode State Machine Thread - 0] INFO  statemachine.DatanodeStateMachine (DatanodeStateMachine.java:lambda$startDaemon$0(350)) - Ozone container server started.
2019-09-04 10:16:15,458 | INFO  | SCMAudit | user=jenkins1000 | ip=192.168.36.67 | op=SEND_HEARTBEAT {datanodeUUID=6d94adbb-9f8c-46a2-8e14-6bea29af47e5, command=[commandType: closeContainerCommand closeContainerCommandProto { containerID: 2 pipelineID { id: "a0ad6de2-1a01-40e6-a6a3-f6678b52affa" } cmdId: 2 force: false } ]} | ret=SUCCESS |  
2019-09-04 10:16:15,648 | INFO  | SCMAudit | user=jenkins1000 | ip=192.168.36.67 | op=SEND_HEARTBEAT {datanodeUUID=583e914f-c7c5-4b66-98fc-37d50dda33f5, command=[]} | ret=SUCCESS |  
2019-09-04 10:16:15,854 [java.util.concurrent.ThreadPoolExecutor$Worker@34705bae[State = -1, empty queue]] ERROR client.GrpcClientRpc (GrpcClientRpc.java:sendRequestAsyncUnordered(82)) - client-2CFCBC14A0C4: XXX Failed RaftClientRequest:client-2CFCBC14A0C4->e94d4415-dd42-482b-a9ab-d3c93cd7a0cf@group-DA02C29FC776, cid=198, seq=0, Watch-ALL_COMMITTED(22), null
org.apache.ratis.protocol.AlreadyClosedException: client-2CFCBC14A0C4 is already CLOSED
	at org.apache.ratis.util.PeerProxyMap$PeerAndProxy.getProxy(PeerProxyMap.java:58)
	at org.apache.ratis.util.PeerProxyMap.getProxy(PeerProxyMap.java:107)
	at org.apache.ratis.grpc.client.GrpcClientRpc.sendRequestAsyncUnordered(GrpcClientRpc.java:78)
	at org.apache.ratis.client.impl.UnorderedAsync.sendRequestWithRetry(UnorderedAsync.java:75)
	at org.apache.ratis.client.impl.UnorderedAsync.lambda$null$2(UnorderedAsync.java:120)
	at org.apache.ratis.util.TimeoutScheduler.lambda$onTimeout$0(TimeoutScheduler.java:85)
	at org.apache.ratis.util.TimeoutScheduler.lambda$onTimeout$1(TimeoutScheduler.java:104)
	at org.apache.ratis.util.LogUtils.runAndLog(LogUtils.java:50)
	at org.apache.ratis.util.LogUtils$1.run(LogUtils.java:91)
	at java.util.concurrent.Executors$RunnableAdapter.call(Executors.java:511)
	at java.util.concurrent.FutureTask.run(FutureTask.java:266)
	at java.util.concurrent.ScheduledThreadPoolExecutor$ScheduledFutureTask.access$201(ScheduledThreadPoolExecutor.java:180)
	at java.util.concurrent.ScheduledThreadPoolExecutor$ScheduledFutureTask.run(ScheduledThreadPoolExecutor.java:293)
	at java.util.concurrent.ThreadPoolExecutor.runWorker(ThreadPoolExecutor.java:1149)
	at java.util.concurrent.ThreadPoolExecutor$Worker.run(ThreadPoolExecutor.java:624)
	at java.lang.Thread.run(Thread.java:748)
2019-09-04 10:16:16,457 | INFO  | SCMAudit | user=jenkins1000 | ip=192.168.36.67 | op=SEND_HEARTBEAT {datanodeUUID=6d94adbb-9f8c-46a2-8e14-6bea29af47e5, command=[]} | ret=SUCCESS |  
2019-09-04 10:16:16,647 | INFO  | SCMAudit | user=jenkins1000 | ip=192.168.36.67 | op=SEND_HEARTBEAT {datanodeUUID=583e914f-c7c5-4b66-98fc-37d50dda33f5, command=[]} | ret=SUCCESS |  
2019-09-04 10:16:16,860 [Thread-3803] INFO  client.GrpcClientProtocolService (GrpcClientProtocolService.java:lambda$processClientRequest$0(278)) - Failed RaftClientRequest:client-2CFCBC14A0C4->e94d4415-dd42-482b-a9ab-d3c93cd7a0cf@group-DA02C29FC776, cid=198, seq=0, Watch-ALL_COMMITTED(22), Message:<EMPTY>, reply=RaftClientReply:client-2CFCBC14A0C4->e94d4415-dd42-482b-a9ab-d3c93cd7a0cf@group-DA02C29FC776, cid=198, FAILED org.apache.ratis.protocol.NotLeaderException: Server e94d4415-dd42-482b-a9ab-d3c93cd7a0cf is not the leader (6f4be47b-46c8-42b4-aff3-8b1cb619a5c7:192.168.36.67:44582). Request must be sent to leader., logIndex=0, commits[e94d4415-dd42-482b-a9ab-d3c93cd7a0cf:c25, d4d82638-7d1a-4b3a-9d0e-2237e706c4db:c16, 6f4be47b-46c8-42b4-aff3-8b1cb619a5c7:c25]
2019-09-04 10:16:16,866 [grpc-default-executor-1] INFO  client.GrpcClientProtocolClient (GrpcClientProtocolClient.java:onNext(255)) - client-2CFCBC14A0C4->e94d4415-dd42-482b-a9ab-d3c93cd7a0cf: receive RaftClientReply:client-2CFCBC14A0C4->e94d4415-dd42-482b-a9ab-d3c93cd7a0cf@group-DA02C29FC776, cid=198, FAILED org.apache.ratis.protocol.NotLeaderException: Server e94d4415-dd42-482b-a9ab-d3c93cd7a0cf is not the leader (6f4be47b-46c8-42b4-aff3-8b1cb619a5c7:192.168.36.67:44582). Request must be sent to leader., logIndex=0, commits[e94d4415-dd42-482b-a9ab-d3c93cd7a0cf:c25, d4d82638-7d1a-4b3a-9d0e-2237e706c4db:c16, 6f4be47b-46c8-42b4-aff3-8b1cb619a5c7:c25]
2019-09-04 10:16:17,281 [grpc-default-executor-1] WARN  server.GrpcLogAppender (LogUtils.java:warn(134)) - 6d94adbb-9f8c-46a2-8e14-6bea29af47e5->fe2c9e73-6c2d-4a43-92e0-1dab16afefd5: Failed appendEntries: org.apache.ratis.thirdparty.io.grpc.StatusRuntimeException: UNAVAILABLE: io exception
2019-09-04 10:16:17,281 [grpc-default-executor-1] INFO  impl.FollowerInfo (FollowerInfo.java:lambda$new$0(50)) - 6d94adbb-9f8c-46a2-8e14-6bea29af47e5->fe2c9e73-6c2d-4a43-92e0-1dab16afefd5: nextIndex: updateUnconditionally 16 -> 15
2019-09-04 10:16:17,456 | INFO  | SCMAudit | user=jenkins1000 | ip=192.168.36.67 | op=SEND_HEARTBEAT {datanodeUUID=6d94adbb-9f8c-46a2-8e14-6bea29af47e5, command=[]} | ret=SUCCESS |  
2019-09-04 10:16:17,472 | INFO  | SCMAudit | user=jenkins1000 | ip=192.168.36.67 | op=SEND_HEARTBEAT {datanodeUUID=6d94adbb-9f8c-46a2-8e14-6bea29af47e5, command=[]} | ret=SUCCESS |  
2019-09-04 10:16:17,473 [grpc-default-executor-0] WARN  server.GrpcLogAppender (LogUtils.java:warn(134)) - 6d94adbb-9f8c-46a2-8e14-6bea29af47e5->fe2c9e73-6c2d-4a43-92e0-1dab16afefd5: Failed appendEntries: org.apache.ratis.thirdparty.io.grpc.StatusRuntimeException: UNAVAILABLE: io exception
2019-09-04 10:16:17,474 [grpc-default-executor-0] INFO  impl.FollowerInfo (FollowerInfo.java:lambda$new$0(50)) - 6d94adbb-9f8c-46a2-8e14-6bea29af47e5->fe2c9e73-6c2d-4a43-92e0-1dab16afefd5: nextIndex: updateUnconditionally 16 -> 15
2019-09-04 10:16:17,486 [grpc-default-executor-7] WARN  server.GrpcLogAppender (LogUtils.java:warn(134)) - 6d94adbb-9f8c-46a2-8e14-6bea29af47e5->fe2c9e73-6c2d-4a43-92e0-1dab16afefd5: Failed appendEntries: org.apache.ratis.thirdparty.io.grpc.StatusRuntimeException: UNAVAILABLE: io exception
2019-09-04 10:16:17,486 [grpc-default-executor-7] INFO  impl.FollowerInfo (FollowerInfo.java:lambda$new$0(50)) - 6d94adbb-9f8c-46a2-8e14-6bea29af47e5->fe2c9e73-6c2d-4a43-92e0-1dab16afefd5: nextIndex: updateUnconditionally 16 -> 15
2019-09-04 10:16:17,495 [grpc-default-executor-1] WARN  server.GrpcLogAppender (LogUtils.java:warn(134)) - 6d94adbb-9f8c-46a2-8e14-6bea29af47e5->fe2c9e73-6c2d-4a43-92e0-1dab16afefd5: Failed appendEntries: org.apache.ratis.thirdparty.io.grpc.StatusRuntimeException: UNAVAILABLE: io exception
2019-09-04 10:16:17,495 [grpc-default-executor-1] INFO  impl.FollowerInfo (FollowerInfo.java:lambda$new$0(50)) - 6d94adbb-9f8c-46a2-8e14-6bea29af47e5->fe2c9e73-6c2d-4a43-92e0-1dab16afefd5: nextIndex: updateUnconditionally 16 -> 15
2019-09-04 10:16:17,507 [RatisApplyTransactionExecutor 2] INFO  interfaces.Container (KeyValueContainer.java:flushAndSyncDB(382)) - Container 2 is synced with bcsId 14.
2019-09-04 10:16:17,507 [RatisApplyTransactionExecutor 2] INFO  interfaces.Container (KeyValueContainer.java:flushAndSyncDB(382)) - Container 2 is synced with bcsId 14.
2019-09-04 10:16:17,540 [RatisApplyTransactionExecutor 2] INFO  interfaces.Container (KeyValueContainer.java:flushAndSyncDB(382)) - Container 2 is synced with bcsId 14.
2019-09-04 10:16:17,540 [RatisApplyTransactionExecutor 2] INFO  interfaces.Container (KeyValueContainer.java:flushAndSyncDB(382)) - Container 2 is synced with bcsId 14.
2019-09-04 10:16:17,540 | INFO  | DNAudit | user=null | ip=null | op=CLOSE_CONTAINER {containerID=2} | ret=SUCCESS |  
2019-09-04 10:16:17,541 | INFO  | SCMAudit | user=jenkins1000 | ip=192.168.36.67 | op=SEND_HEARTBEAT {datanodeUUID=6d94adbb-9f8c-46a2-8e14-6bea29af47e5, command=[]} | ret=SUCCESS |  
2019-09-04 10:16:17,541 [EventQueue-IncrementalContainerReportForIncrementalContainerReportHandler] INFO  container.IncrementalContainerReportHandler (AbstractContainerReportHandler.java:updateContainerState(176)) - Moving container #2 to CLOSED state, datanode 6d94adbb-9f8c-46a2-8e14-6bea29af47e5{ip: 192.168.36.67, host: pr-hdds-1569-fjd24-125839774, networkLocation: /default-rack, certSerialId: null} reported CLOSED replica.
2019-09-04 10:16:17,554 | INFO  | DNAudit | user=null | ip=null | op=CLOSE_CONTAINER {containerID=2} | ret=SUCCESS |  
2019-09-04 10:16:17,648 | INFO  | SCMAudit | user=jenkins1000 | ip=192.168.36.67 | op=SEND_HEARTBEAT {datanodeUUID=583e914f-c7c5-4b66-98fc-37d50dda33f5, command=[]} | ret=SUCCESS |  
2019-09-04 10:16:17,876 [Thread-3811] INFO  client.GrpcClientProtocolService (GrpcClientProtocolService.java:lambda$processClientRequest$0(278)) - Failed RaftClientRequest:client-2CFCBC14A0C4->e94d4415-dd42-482b-a9ab-d3c93cd7a0cf@group-DA02C29FC776, cid=198, seq=0, Watch-ALL_COMMITTED(22), Message:<EMPTY>, reply=RaftClientReply:client-2CFCBC14A0C4->e94d4415-dd42-482b-a9ab-d3c93cd7a0cf@group-DA02C29FC776, cid=198, FAILED org.apache.ratis.protocol.NotLeaderException: Server e94d4415-dd42-482b-a9ab-d3c93cd7a0cf is not the leader (6f4be47b-46c8-42b4-aff3-8b1cb619a5c7:192.168.36.67:44582). Request must be sent to leader., logIndex=0, commits[e94d4415-dd42-482b-a9ab-d3c93cd7a0cf:c25, d4d82638-7d1a-4b3a-9d0e-2237e706c4db:c16, 6f4be47b-46c8-42b4-aff3-8b1cb619a5c7:c25]
2019-09-04 10:16:17,880 [grpc-default-executor-1] INFO  client.GrpcClientProtocolClient (GrpcClientProtocolClient.java:onNext(255)) - client-2CFCBC14A0C4->e94d4415-dd42-482b-a9ab-d3c93cd7a0cf: receive RaftClientReply:client-2CFCBC14A0C4->e94d4415-dd42-482b-a9ab-d3c93cd7a0cf@group-DA02C29FC776, cid=198, FAILED org.apache.ratis.protocol.NotLeaderException: Server e94d4415-dd42-482b-a9ab-d3c93cd7a0cf is not the leader (6f4be47b-46c8-42b4-aff3-8b1cb619a5c7:192.168.36.67:44582). Request must be sent to leader., logIndex=0, commits[e94d4415-dd42-482b-a9ab-d3c93cd7a0cf:c25, d4d82638-7d1a-4b3a-9d0e-2237e706c4db:c16, 6f4be47b-46c8-42b4-aff3-8b1cb619a5c7:c25]
2019-09-04 10:16:18,542 | INFO  | SCMAudit | user=jenkins1000 | ip=192.168.36.67 | op=SEND_HEARTBEAT {datanodeUUID=6d94adbb-9f8c-46a2-8e14-6bea29af47e5, command=[]} | ret=SUCCESS |  
2019-09-04 10:16:18,648 | INFO  | SCMAudit | user=jenkins1000 | ip=192.168.36.67 | op=SEND_HEARTBEAT {datanodeUUID=583e914f-c7c5-4b66-98fc-37d50dda33f5, command=[]} | ret=SUCCESS |  
2019-09-04 10:16:18,886 [Thread-3816] INFO  client.GrpcClientProtocolService (GrpcClientProtocolService.java:lambda$processClientRequest$0(278)) - Failed RaftClientRequest:client-2CFCBC14A0C4->e94d4415-dd42-482b-a9ab-d3c93cd7a0cf@group-DA02C29FC776, cid=198, seq=0, Watch-ALL_COMMITTED(22), Message:<EMPTY>, reply=RaftClientReply:client-2CFCBC14A0C4->e94d4415-dd42-482b-a9ab-d3c93cd7a0cf@group-DA02C29FC776, cid=198, FAILED org.apache.ratis.protocol.NotLeaderException: Server e94d4415-dd42-482b-a9ab-d3c93cd7a0cf is not the leader (6f4be47b-46c8-42b4-aff3-8b1cb619a5c7:192.168.36.67:44582). Request must be sent to leader., logIndex=0, commits[e94d4415-dd42-482b-a9ab-d3c93cd7a0cf:c25, d4d82638-7d1a-4b3a-9d0e-2237e706c4db:c16, 6f4be47b-46c8-42b4-aff3-8b1cb619a5c7:c25]
2019-09-04 10:16:18,891 [grpc-default-executor-0] INFO  client.GrpcClientProtocolClient (GrpcClientProtocolClient.java:onNext(255)) - client-2CFCBC14A0C4->e94d4415-dd42-482b-a9ab-d3c93cd7a0cf: receive RaftClientReply:client-2CFCBC14A0C4->e94d4415-dd42-482b-a9ab-d3c93cd7a0cf@group-DA02C29FC776, cid=198, FAILED org.apache.ratis.protocol.NotLeaderException: Server e94d4415-dd42-482b-a9ab-d3c93cd7a0cf is not the leader (6f4be47b-46c8-42b4-aff3-8b1cb619a5c7:192.168.36.67:44582). Request must be sent to leader., logIndex=0, commits[e94d4415-dd42-482b-a9ab-d3c93cd7a0cf:c25, d4d82638-7d1a-4b3a-9d0e-2237e706c4db:c16, 6f4be47b-46c8-42b4-aff3-8b1cb619a5c7:c25]
2019-09-04 10:16:18,974 [EventQueue-StaleNodeForStaleNodeHandler] INFO  node.StaleNodeHandler (StaleNodeHandler.java:onMessage(58)) - Datanode e94d4415-dd42-482b-a9ab-d3c93cd7a0cf{ip: 192.168.36.67, host: pr-hdds-1569-fjd24-125839774, networkLocation: /default-rack, certSerialId: null} moved to stale state. Finalizing its pipelines [PipelineID=44c2ad98-1495-47c4-b686-da02c29fc776, PipelineID=9926f3f3-7b46-4471-a64f-544a7f681637]
2019-09-04 10:16:18,974 [EventQueue-StaleNodeForStaleNodeHandler] INFO  pipeline.SCMPipelineManager (SCMPipelineManager.java:finalizeAndDestroyPipeline(309)) - destroying pipeline:Pipeline[ Id: 44c2ad98-1495-47c4-b686-da02c29fc776, Nodes: d4d82638-7d1a-4b3a-9d0e-2237e706c4db{ip: 192.168.36.67, host: pr-hdds-1569-fjd24-125839774, networkLocation: /default-rack, certSerialId: null}e94d4415-dd42-482b-a9ab-d3c93cd7a0cf{ip: 192.168.36.67, host: pr-hdds-1569-fjd24-125839774, networkLocation: /default-rack, certSerialId: null}6f4be47b-46c8-42b4-aff3-8b1cb619a5c7{ip: 192.168.36.67, host: pr-hdds-1569-fjd24-125839774, networkLocation: /default-rack, certSerialId: null}, Type:RATIS, Factor:THREE, State:CLOSED]
2019-09-04 10:16:18,974 [EventQueue-StaleNodeForStaleNodeHandler] INFO  pipeline.SCMPipelineManager (SCMPipelineManager.java:finalizeAndDestroyPipeline(309)) - destroying pipeline:Pipeline[ Id: 9926f3f3-7b46-4471-a64f-544a7f681637, Nodes: e94d4415-dd42-482b-a9ab-d3c93cd7a0cf{ip: 192.168.36.67, host: pr-hdds-1569-fjd24-125839774, networkLocation: /default-rack, certSerialId: null}, Type:RATIS, Factor:ONE, State:OPEN]
2019-09-04 10:16:18,975 [EventQueue-StaleNodeForStaleNodeHandler] INFO  pipeline.PipelineStateManager (PipelineStateManager.java:finalizePipeline(123)) - Pipeline Pipeline[ Id: 9926f3f3-7b46-4471-a64f-544a7f681637, Nodes: e94d4415-dd42-482b-a9ab-d3c93cd7a0cf{ip: 192.168.36.67, host: pr-hdds-1569-fjd24-125839774, networkLocation: /default-rack, certSerialId: null}, Type:RATIS, Factor:ONE, State:CLOSED] moved to CLOSED state
2019-09-04 10:16:19,474 [EventQueue-StaleNodeForStaleNodeHandler] INFO  node.StaleNodeHandler (StaleNodeHandler.java:onMessage(58)) - Datanode 6c9cea2f-f547-4d36-9e9d-21f9e8213c72{ip: 192.168.36.67, host: pr-hdds-1569-fjd24-125839774, networkLocation: /default-rack, certSerialId: null} moved to stale state. Finalizing its pipelines [PipelineID=a0ad6de2-1a01-40e6-a6a3-f6678b52affa, PipelineID=bd2a0968-eb82-42e4-acc1-8b40cb699c41]
2019-09-04 10:16:19,475 [EventQueue-StaleNodeForStaleNodeHandler] INFO  pipeline.SCMPipelineManager (SCMPipelineManager.java:finalizeAndDestroyPipeline(309)) - destroying pipeline:Pipeline[ Id: a0ad6de2-1a01-40e6-a6a3-f6678b52affa, Nodes: fe2c9e73-6c2d-4a43-92e0-1dab16afefd5{ip: 192.168.36.67, host: pr-hdds-1569-fjd24-125839774, networkLocation: /default-rack, certSerialId: null}6c9cea2f-f547-4d36-9e9d-21f9e8213c72{ip: 192.168.36.67, host: pr-hdds-1569-fjd24-125839774, networkLocation: /default-rack, certSerialId: null}6d94adbb-9f8c-46a2-8e14-6bea29af47e5{ip: 192.168.36.67, host: pr-hdds-1569-fjd24-125839774, networkLocation: /default-rack, certSerialId: null}, Type:RATIS, Factor:THREE, State:CLOSED]
2019-09-04 10:16:19,475 [EventQueue-StaleNodeForStaleNodeHandler] INFO  pipeline.SCMPipelineManager (SCMPipelineManager.java:finalizeAndDestroyPipeline(309)) - destroying pipeline:Pipeline[ Id: bd2a0968-eb82-42e4-acc1-8b40cb699c41, Nodes: 6c9cea2f-f547-4d36-9e9d-21f9e8213c72{ip: 192.168.36.67, host: pr-hdds-1569-fjd24-125839774, networkLocation: /default-rack, certSerialId: null}, Type:RATIS, Factor:ONE, State:OPEN]
2019-09-04 10:16:19,475 [EventQueue-StaleNodeForStaleNodeHandler] INFO  pipeline.PipelineStateManager (PipelineStateManager.java:finalizePipeline(123)) - Pipeline Pipeline[ Id: bd2a0968-eb82-42e4-acc1-8b40cb699c41, Nodes: 6c9cea2f-f547-4d36-9e9d-21f9e8213c72{ip: 192.168.36.67, host: pr-hdds-1569-fjd24-125839774, networkLocation: /default-rack, certSerialId: null}, Type:RATIS, Factor:ONE, State:CLOSED] moved to CLOSED state
2019-09-04 10:16:19,542 | INFO  | SCMAudit | user=jenkins1000 | ip=192.168.36.67 | op=SEND_HEARTBEAT {datanodeUUID=6d94adbb-9f8c-46a2-8e14-6bea29af47e5, command=[]} | ret=SUCCESS |  
2019-09-04 10:16:19,648 | INFO  | SCMAudit | user=jenkins1000 | ip=192.168.36.67 | op=SEND_HEARTBEAT {datanodeUUID=583e914f-c7c5-4b66-98fc-37d50dda33f5, command=[]} | ret=SUCCESS |  
2019-09-04 10:16:19,893 [java.util.concurrent.ThreadPoolExecutor$Worker@14337ff5[State = -1, empty queue]] ERROR client.GrpcClientRpc (GrpcClientRpc.java:sendRequestAsyncUnordered(82)) - client-2CFCBC14A0C4: XXX Failed RaftClientRequest:client-2CFCBC14A0C4->d4d82638-7d1a-4b3a-9d0e-2237e706c4db@group-DA02C29FC776, cid=198, seq=0, Watch-ALL_COMMITTED(22), null
org.apache.ratis.protocol.AlreadyClosedException: client-2CFCBC14A0C4 is already CLOSED
	at org.apache.ratis.util.PeerProxyMap$PeerAndProxy.getProxy(PeerProxyMap.java:58)
	at org.apache.ratis.util.PeerProxyMap.getProxy(PeerProxyMap.java:107)
	at org.apache.ratis.grpc.client.GrpcClientRpc.sendRequestAsyncUnordered(GrpcClientRpc.java:78)
	at org.apache.ratis.client.impl.UnorderedAsync.sendRequestWithRetry(UnorderedAsync.java:75)
	at org.apache.ratis.client.impl.UnorderedAsync.lambda$null$2(UnorderedAsync.java:120)
	at org.apache.ratis.util.TimeoutScheduler.lambda$onTimeout$0(TimeoutScheduler.java:85)
	at org.apache.ratis.util.TimeoutScheduler.lambda$onTimeout$1(TimeoutScheduler.java:104)
	at org.apache.ratis.util.LogUtils.runAndLog(LogUtils.java:50)
	at org.apache.ratis.util.LogUtils$1.run(LogUtils.java:91)
	at java.util.concurrent.Executors$RunnableAdapter.call(Executors.java:511)
	at java.util.concurrent.FutureTask.run(FutureTask.java:266)
	at java.util.concurrent.ScheduledThreadPoolExecutor$ScheduledFutureTask.access$201(ScheduledThreadPoolExecutor.java:180)
	at java.util.concurrent.ScheduledThreadPoolExecutor$ScheduledFutureTask.run(ScheduledThreadPoolExecutor.java:293)
	at java.util.concurrent.ThreadPoolExecutor.runWorker(ThreadPoolExecutor.java:1149)
	at java.util.concurrent.ThreadPoolExecutor$Worker.run(ThreadPoolExecutor.java:624)
	at java.lang.Thread.run(Thread.java:748)
2019-09-04 10:16:19,934 [ForkJoinPool.commonPool-worker-1] INFO  ozoneimpl.OzoneContainer (OzoneContainer.java:stop(199)) - Attempting to stop container services.
2019-09-04 10:16:19,935 [ForkJoinPool.commonPool-worker-1] INFO  impl.RaftServerProxy (RaftServerProxy.java:lambda$close$4(314)) - e94d4415-dd42-482b-a9ab-d3c93cd7a0cf: close
2019-09-04 10:16:19,935 [ForkJoinPool.commonPool-worker-1] INFO  impl.RaftServerImpl (RaftServerImpl.java:lambda$shutdown$3(245)) - e94d4415-dd42-482b-a9ab-d3c93cd7a0cf: shutdown group-DA02C29FC776
2019-09-04 10:16:19,935 [ForkJoinPool.commonPool-worker-1] INFO  util.JmxRegister (JmxRegister.java:unregister(73)) - Successfully un-registered JMX Bean with object name Ratis:service=RaftServer,group=group-DA02C29FC776,id=e94d4415-dd42-482b-a9ab-d3c93cd7a0cf
2019-09-04 10:16:19,935 [ForkJoinPool.commonPool-worker-1] INFO  impl.RoleInfo (RoleInfo.java:shutdownFollowerState(121)) - e94d4415-dd42-482b-a9ab-d3c93cd7a0cf: shutdown FollowerState
2019-09-04 10:16:19,936 [ForkJoinPool.commonPool-worker-1] INFO  impl.StateMachineUpdater (StateMachineUpdater.java:stopAndJoin(115)) - StateMachineUpdater:e94d4415-dd42-482b-a9ab-d3c93cd7a0cf:group-DA02C29FC776: set stopIndex = 25
2019-09-04 10:16:19,936 [Thread-3611] INFO  impl.FollowerState (FollowerState.java:run(114)) - e94d4415-dd42-482b-a9ab-d3c93cd7a0cf: FollowerState was interrupted: java.lang.InterruptedException: sleep interrupted
2019-09-04 10:16:19,936 [StateMachineUpdater:e94d4415-dd42-482b-a9ab-d3c93cd7a0cf:group-DA02C29FC776] INFO  ratis.ContainerStateMachine (ContainerStateMachine.java:takeSnapshot(283)) - group-DA02C29FC776: Taking a snapshot at:(t:1, i:25) file /workdir/hadoop-ozone/integration-test/target/test-dir/MiniOzoneClusterImpl-1126da7d-fe5a-4ddc-9a88-3eece028067c/datanode-0/data/ratis/44c2ad98-1495-47c4-b686-da02c29fc776/sm/snapshot.1_25
2019-09-04 10:16:19,938 [main] INFO  ozoneimpl.OzoneContainer (OzoneContainer.java:stop(199)) - Attempting to stop container services.
2019-09-04 10:16:19,939 [main] INFO  impl.RaftServerProxy (RaftServerProxy.java:lambda$close$4(314)) - 6c9cea2f-f547-4d36-9e9d-21f9e8213c72: close
2019-09-04 10:16:19,939 [main] INFO  impl.RaftServerImpl (RaftServerImpl.java:lambda$shutdown$3(245)) - 6c9cea2f-f547-4d36-9e9d-21f9e8213c72: shutdown group-F6678B52AFFA
2019-09-04 10:16:19,940 [main] INFO  util.JmxRegister (JmxRegister.java:unregister(73)) - Successfully un-registered JMX Bean with object name Ratis:service=RaftServer,group=group-F6678B52AFFA,id=6c9cea2f-f547-4d36-9e9d-21f9e8213c72
2019-09-04 10:16:19,940 [main] INFO  impl.RoleInfo (RoleInfo.java:shutdownFollowerState(121)) - 6c9cea2f-f547-4d36-9e9d-21f9e8213c72: shutdown FollowerState
2019-09-04 10:16:19,941 [main] INFO  impl.StateMachineUpdater (StateMachineUpdater.java:stopAndJoin(115)) - StateMachineUpdater:6c9cea2f-f547-4d36-9e9d-21f9e8213c72:group-F6678B52AFFA: set stopIndex = 17
2019-09-04 10:16:19,941 [StateMachineUpdater:e94d4415-dd42-482b-a9ab-d3c93cd7a0cf:group-DA02C29FC776] INFO  ratis.ContainerStateMachine (ContainerStateMachine.java:takeSnapshot(294)) - group-DA02C29FC776: Finished taking a snapshot at:(t:1, i:25) file:/workdir/hadoop-ozone/integration-test/target/test-dir/MiniOzoneClusterImpl-1126da7d-fe5a-4ddc-9a88-3eece028067c/datanode-0/data/ratis/44c2ad98-1495-47c4-b686-da02c29fc776/sm/snapshot.1_25 time:5
2019-09-04 10:16:19,941 [Thread-3630] INFO  impl.FollowerState (FollowerState.java:run(114)) - 6c9cea2f-f547-4d36-9e9d-21f9e8213c72: FollowerState was interrupted: java.lang.InterruptedException: sleep interrupted
2019-09-04 10:16:19,941 [StateMachineUpdater:6c9cea2f-f547-4d36-9e9d-21f9e8213c72:group-F6678B52AFFA] INFO  ratis.ContainerStateMachine (ContainerStateMachine.java:takeSnapshot(283)) - group-F6678B52AFFA: Taking a snapshot at:(t:1, i:17) file /workdir/hadoop-ozone/integration-test/target/test-dir/MiniOzoneClusterImpl-1126da7d-fe5a-4ddc-9a88-3eece028067c/datanode-3/data/ratis/a0ad6de2-1a01-40e6-a6a3-f6678b52affa/sm/snapshot.1_17
2019-09-04 10:16:19,941 [StateMachineUpdater:e94d4415-dd42-482b-a9ab-d3c93cd7a0cf:group-DA02C29FC776] INFO  impl.StateMachineUpdater (StateMachineUpdater.java:takeSnapshot(242)) - StateMachineUpdater:e94d4415-dd42-482b-a9ab-d3c93cd7a0cf:group-DA02C29FC776: Took a snapshot at index 25
2019-09-04 10:16:19,943 [StateMachineUpdater:e94d4415-dd42-482b-a9ab-d3c93cd7a0cf:group-DA02C29FC776] INFO  impl.StateMachineUpdater (StateMachineUpdater.java:lambda$new$0(80)) - StateMachineUpdater:e94d4415-dd42-482b-a9ab-d3c93cd7a0cf:group-DA02C29FC776: snapshotIndex: updateIncreasingly -1 -> 25
2019-09-04 10:16:19,943 [ForkJoinPool.commonPool-worker-1] INFO  impl.RaftServerImpl (ServerState.java:close(394)) - e94d4415-dd42-482b-a9ab-d3c93cd7a0cf:group-DA02C29FC776 closes. The last applied log index is 25
2019-09-04 10:16:19,944 [e94d4415-dd42-482b-a9ab-d3c93cd7a0cf-SegmentedRaftLogWorker:Storage Directory /workdir/hadoop-ozone/integration-test/target/test-dir/MiniOzoneClusterImpl-1126da7d-fe5a-4ddc-9a88-3eece028067c/datanode-0/data/ratis/44c2ad98-1495-47c4-b686-da02c29fc776] INFO  segmented.SegmentedRaftLogWorker (SegmentedRaftLogWorker.java:run(313)) - e94d4415-dd42-482b-a9ab-d3c93cd7a0cf-SegmentedRaftLogWorker:Storage Directory /workdir/hadoop-ozone/integration-test/target/test-dir/MiniOzoneClusterImpl-1126da7d-fe5a-4ddc-9a88-3eece028067c/datanode-0/data/ratis/44c2ad98-1495-47c4-b686-da02c29fc776 was interrupted, exiting. There are 0 tasks remaining in the queue.
2019-09-04 10:16:19,945 [ForkJoinPool.commonPool-worker-1] INFO  segmented.SegmentedRaftLogWorker (SegmentedRaftLogWorker.java:close(228)) - e94d4415-dd42-482b-a9ab-d3c93cd7a0cf-SegmentedRaftLogWorker:Storage Directory /workdir/hadoop-ozone/integration-test/target/test-dir/MiniOzoneClusterImpl-1126da7d-fe5a-4ddc-9a88-3eece028067c/datanode-0/data/ratis/44c2ad98-1495-47c4-b686-da02c29fc776 close()
2019-09-04 10:16:19,948 [ForkJoinPool.commonPool-worker-1] INFO  impl.RaftServerImpl (RaftServerImpl.java:lambda$shutdown$3(245)) - e94d4415-dd42-482b-a9ab-d3c93cd7a0cf: shutdown group-544A7F681637
2019-09-04 10:16:19,948 [ForkJoinPool.commonPool-worker-1] INFO  util.JmxRegister (JmxRegister.java:unregister(73)) - Successfully un-registered JMX Bean with object name Ratis:service=RaftServer,group=group-544A7F681637,id=e94d4415-dd42-482b-a9ab-d3c93cd7a0cf
2019-09-04 10:16:19,949 [ForkJoinPool.commonPool-worker-1] INFO  impl.RoleInfo (RoleInfo.java:shutdownLeaderState(104)) - e94d4415-dd42-482b-a9ab-d3c93cd7a0cf: shutdown LeaderState
2019-09-04 10:16:19,949 [ForkJoinPool.commonPool-worker-1] INFO  impl.PendingRequests (PendingRequests.java:sendNotLeaderResponses(202)) - e94d4415-dd42-482b-a9ab-d3c93cd7a0cf-PendingRequests: sendNotLeaderResponses
2019-09-04 10:16:19,949 [ForkJoinPool.commonPool-worker-1] INFO  impl.StateMachineUpdater (StateMachineUpdater.java:stopAndJoin(115)) - StateMachineUpdater:e94d4415-dd42-482b-a9ab-d3c93cd7a0cf:group-544A7F681637: set stopIndex = 0
2019-09-04 10:16:19,950 [ForkJoinPool.commonPool-worker-1] INFO  impl.RaftServerImpl (ServerState.java:close(394)) - e94d4415-dd42-482b-a9ab-d3c93cd7a0cf:group-544A7F681637 closes. The last applied log index is 0
2019-09-04 10:16:19,950 [e94d4415-dd42-482b-a9ab-d3c93cd7a0cf-SegmentedRaftLogWorker:Storage Directory /workdir/hadoop-ozone/integration-test/target/test-dir/MiniOzoneClusterImpl-1126da7d-fe5a-4ddc-9a88-3eece028067c/datanode-0/data/ratis/9926f3f3-7b46-4471-a64f-544a7f681637] INFO  segmented.SegmentedRaftLogWorker (SegmentedRaftLogWorker.java:run(313)) - e94d4415-dd42-482b-a9ab-d3c93cd7a0cf-SegmentedRaftLogWorker:Storage Directory /workdir/hadoop-ozone/integration-test/target/test-dir/MiniOzoneClusterImpl-1126da7d-fe5a-4ddc-9a88-3eece028067c/datanode-0/data/ratis/9926f3f3-7b46-4471-a64f-544a7f681637 was interrupted, exiting. There are 0 tasks remaining in the queue.
2019-09-04 10:16:19,951 [ForkJoinPool.commonPool-worker-1] INFO  segmented.SegmentedRaftLogWorker (SegmentedRaftLogWorker.java:close(228)) - e94d4415-dd42-482b-a9ab-d3c93cd7a0cf-SegmentedRaftLogWorker:Storage Directory /workdir/hadoop-ozone/integration-test/target/test-dir/MiniOzoneClusterImpl-1126da7d-fe5a-4ddc-9a88-3eece028067c/datanode-0/data/ratis/9926f3f3-7b46-4471-a64f-544a7f681637 close()
2019-09-04 10:16:19,954 [ForkJoinPool.commonPool-worker-1] INFO  server.GrpcService (GrpcService.java:closeImpl(155)) - e94d4415-dd42-482b-a9ab-d3c93cd7a0cf: shutdown server with port 46723 now
2019-09-04 10:16:19,954 [ForkJoinPool.commonPool-worker-1] INFO  server.GrpcService (GrpcService.java:closeImpl(163)) - e94d4415-dd42-482b-a9ab-d3c93cd7a0cf: shutdown server with port 46723 successfully
2019-09-04 10:16:19,956 [StateMachineUpdater:6c9cea2f-f547-4d36-9e9d-21f9e8213c72:group-F6678B52AFFA] INFO  ratis.ContainerStateMachine (ContainerStateMachine.java:takeSnapshot(294)) - group-F6678B52AFFA: Finished taking a snapshot at:(t:1, i:17) file:/workdir/hadoop-ozone/integration-test/target/test-dir/MiniOzoneClusterImpl-1126da7d-fe5a-4ddc-9a88-3eece028067c/datanode-3/data/ratis/a0ad6de2-1a01-40e6-a6a3-f6678b52affa/sm/snapshot.1_17 time:15
2019-09-04 10:16:19,956 [StateMachineUpdater:6c9cea2f-f547-4d36-9e9d-21f9e8213c72:group-F6678B52AFFA] INFO  impl.StateMachineUpdater (StateMachineUpdater.java:takeSnapshot(242)) - StateMachineUpdater:6c9cea2f-f547-4d36-9e9d-21f9e8213c72:group-F6678B52AFFA: Took a snapshot at index 17
2019-09-04 10:16:19,956 [StateMachineUpdater:6c9cea2f-f547-4d36-9e9d-21f9e8213c72:group-F6678B52AFFA] INFO  impl.StateMachineUpdater (StateMachineUpdater.java:lambda$new$0(80)) - StateMachineUpdater:6c9cea2f-f547-4d36-9e9d-21f9e8213c72:group-F6678B52AFFA: snapshotIndex: updateIncreasingly -1 -> 17
2019-09-04 10:16:19,956 [main] INFO  impl.RaftServerImpl (ServerState.java:close(394)) - 6c9cea2f-f547-4d36-9e9d-21f9e8213c72:group-F6678B52AFFA closes. The last applied log index is 17
2019-09-04 10:16:19,957 [6c9cea2f-f547-4d36-9e9d-21f9e8213c72-SegmentedRaftLogWorker:Storage Directory /workdir/hadoop-ozone/integration-test/target/test-dir/MiniOzoneClusterImpl-1126da7d-fe5a-4ddc-9a88-3eece028067c/datanode-3/data/ratis/a0ad6de2-1a01-40e6-a6a3-f6678b52affa] INFO  segmented.SegmentedRaftLogWorker (SegmentedRaftLogWorker.java:run(313)) - 6c9cea2f-f547-4d36-9e9d-21f9e8213c72-SegmentedRaftLogWorker:Storage Directory /workdir/hadoop-ozone/integration-test/target/test-dir/MiniOzoneClusterImpl-1126da7d-fe5a-4ddc-9a88-3eece028067c/datanode-3/data/ratis/a0ad6de2-1a01-40e6-a6a3-f6678b52affa was interrupted, exiting. There are 0 tasks remaining in the queue.
2019-09-04 10:16:19,959 [main] INFO  segmented.SegmentedRaftLogWorker (SegmentedRaftLogWorker.java:close(228)) - 6c9cea2f-f547-4d36-9e9d-21f9e8213c72-SegmentedRaftLogWorker:Storage Directory /workdir/hadoop-ozone/integration-test/target/test-dir/MiniOzoneClusterImpl-1126da7d-fe5a-4ddc-9a88-3eece028067c/datanode-3/data/ratis/a0ad6de2-1a01-40e6-a6a3-f6678b52affa close()
2019-09-04 10:16:19,960 [ForkJoinPool.commonPool-worker-1] INFO  utils.BackgroundService (BackgroundService.java:shutdown(148)) - Shutting down service BlockDeletingService
2019-09-04 10:16:19,963 [main] INFO  impl.RaftServerImpl (RaftServerImpl.java:lambda$shutdown$3(245)) - 6c9cea2f-f547-4d36-9e9d-21f9e8213c72: shutdown group-8B40CB699C41
2019-09-04 10:16:19,964 [main] INFO  util.JmxRegister (JmxRegister.java:unregister(73)) - Successfully un-registered JMX Bean with object name Ratis:service=RaftServer,group=group-8B40CB699C41,id=6c9cea2f-f547-4d36-9e9d-21f9e8213c72
2019-09-04 10:16:19,965 [main] INFO  impl.RoleInfo (RoleInfo.java:shutdownLeaderState(104)) - 6c9cea2f-f547-4d36-9e9d-21f9e8213c72: shutdown LeaderState
2019-09-04 10:16:19,965 [refreshUsed-/workdir/hadoop-ozone/integration-test/target/test-dir/MiniOzoneClusterImpl-1126da7d-fe5a-4ddc-9a88-3eece028067c/datanode-0/data/containers] WARN  fs.CachingGetSpaceUsed (CachingGetSpaceUsed.java:run(183)) - Thread Interrupted waiting to refresh disk information: sleep interrupted
2019-09-04 10:16:19,965 [main] INFO  impl.PendingRequests (PendingRequests.java:sendNotLeaderResponses(202)) - 6c9cea2f-f547-4d36-9e9d-21f9e8213c72-PendingRequests: sendNotLeaderResponses
2019-09-04 10:16:19,966 [main] INFO  impl.StateMachineUpdater (StateMachineUpdater.java:stopAndJoin(115)) - StateMachineUpdater:6c9cea2f-f547-4d36-9e9d-21f9e8213c72:group-8B40CB699C41: set stopIndex = 0
2019-09-04 10:16:19,966 [main] INFO  impl.RaftServerImpl (ServerState.java:close(394)) - 6c9cea2f-f547-4d36-9e9d-21f9e8213c72:group-8B40CB699C41 closes. The last applied log index is 0
2019-09-04 10:16:19,966 [6c9cea2f-f547-4d36-9e9d-21f9e8213c72-SegmentedRaftLogWorker:Storage Directory /workdir/hadoop-ozone/integration-test/target/test-dir/MiniOzoneClusterImpl-1126da7d-fe5a-4ddc-9a88-3eece028067c/datanode-3/data/ratis/bd2a0968-eb82-42e4-acc1-8b40cb699c41] INFO  segmented.SegmentedRaftLogWorker (SegmentedRaftLogWorker.java:run(313)) - 6c9cea2f-f547-4d36-9e9d-21f9e8213c72-SegmentedRaftLogWorker:Storage Directory /workdir/hadoop-ozone/integration-test/target/test-dir/MiniOzoneClusterImpl-1126da7d-fe5a-4ddc-9a88-3eece028067c/datanode-3/data/ratis/bd2a0968-eb82-42e4-acc1-8b40cb699c41 was interrupted, exiting. There are 0 tasks remaining in the queue.
2019-09-04 10:16:19,968 [main] INFO  segmented.SegmentedRaftLogWorker (SegmentedRaftLogWorker.java:close(228)) - 6c9cea2f-f547-4d36-9e9d-21f9e8213c72-SegmentedRaftLogWorker:Storage Directory /workdir/hadoop-ozone/integration-test/target/test-dir/MiniOzoneClusterImpl-1126da7d-fe5a-4ddc-9a88-3eece028067c/datanode-3/data/ratis/bd2a0968-eb82-42e4-acc1-8b40cb699c41 close()
2019-09-04 10:16:19,971 [main] INFO  server.GrpcService (GrpcService.java:closeImpl(155)) - 6c9cea2f-f547-4d36-9e9d-21f9e8213c72: shutdown server with port 41294 now
2019-09-04 10:16:19,972 [grpc-default-executor-1] WARN  server.GrpcServerProtocolService (LogUtils.java:warn(134)) - 6c9cea2f-f547-4d36-9e9d-21f9e8213c72: appendEntries onError: org.apache.ratis.thirdparty.io.grpc.StatusRuntimeException: CANCELLED: cancelled before receiving half close
2019-09-04 10:16:19,972 [main] INFO  server.GrpcService (GrpcService.java:closeImpl(163)) - 6c9cea2f-f547-4d36-9e9d-21f9e8213c72: shutdown server with port 41294 successfully
2019-09-04 10:16:19,972 [grpc-default-executor-0] WARN  server.GrpcLogAppender (LogUtils.java:warn(134)) - 6d94adbb-9f8c-46a2-8e14-6bea29af47e5->6c9cea2f-f547-4d36-9e9d-21f9e8213c72: Failed appendEntries: org.apache.ratis.thirdparty.io.grpc.StatusRuntimeException: CANCELLED: HTTP/2 error code: CANCEL
Received Rst Stream
2019-09-04 10:16:19,973 [grpc-default-executor-0] INFO  impl.FollowerInfo (FollowerInfo.java:lambda$new$0(50)) - 6d94adbb-9f8c-46a2-8e14-6bea29af47e5->6c9cea2f-f547-4d36-9e9d-21f9e8213c72: nextIndex: updateUnconditionally 19 -> 18
2019-09-04 10:16:19,973 [main] INFO  utils.BackgroundService (BackgroundService.java:shutdown(148)) - Shutting down service BlockDeletingService
2019-09-04 10:16:19,976 [refreshUsed-/workdir/hadoop-ozone/integration-test/target/test-dir/MiniOzoneClusterImpl-1126da7d-fe5a-4ddc-9a88-3eece028067c/datanode-3/data/containers] WARN  fs.CachingGetSpaceUsed (CachingGetSpaceUsed.java:run(183)) - Thread Interrupted waiting to refresh disk information: sleep interrupted
2019-09-04 10:16:19,989 [ForkJoinPool.commonPool-worker-1] INFO  statemachine.DatanodeStateMachine (DatanodeStateMachine.java:stopDaemon(395)) - Ozone container server stopped.
2019-09-04 10:16:19,994 [ForkJoinPool.commonPool-worker-1] INFO  handler.ContextHandler (ContextHandler.java:doStop(910)) - Stopped o.e.j.w.WebAppContext@264340f0{/,null,UNAVAILABLE}{/hddsDatanode}
2019-09-04 10:16:19,995 [ForkJoinPool.commonPool-worker-1] INFO  server.AbstractConnector (AbstractConnector.java:doStop(318)) - Stopped ServerConnector@7640a191{HTTP/1.1,[http/1.1]}{0.0.0.0:0}
2019-09-04 10:16:19,996 [ForkJoinPool.commonPool-worker-1] INFO  handler.ContextHandler (ContextHandler.java:doStop(910)) - Stopped o.e.j.s.ServletContextHandler@5dc218e2{/static,jar:file:/home/user/.m2/repository/org/apache/hadoop/hadoop-hdds-container-service/0.5.0-SNAPSHOT/hadoop-hdds-container-service-0.5.0-SNAPSHOT.jar!/webapps/static,UNAVAILABLE}
2019-09-04 10:16:19,998 [ForkJoinPool.commonPool-worker-1] INFO  handler.ContextHandler (ContextHandler.java:doStop(910)) - Stopped o.e.j.s.ServletContextHandler@369f85c6{/logs,file:///workdir/hadoop-ozone/integration-test/target/log,UNAVAILABLE}
2019-09-04 10:16:19,998 [grpc-default-executor-7] WARN  server.GrpcLogAppender (LogUtils.java:warn(134)) - 6d94adbb-9f8c-46a2-8e14-6bea29af47e5->6c9cea2f-f547-4d36-9e9d-21f9e8213c72: Failed appendEntries: org.apache.ratis.thirdparty.io.grpc.StatusRuntimeException: UNAVAILABLE: io exception
2019-09-04 10:16:19,999 [grpc-default-executor-7] INFO  impl.FollowerInfo (FollowerInfo.java:lambda$new$0(50)) - 6d94adbb-9f8c-46a2-8e14-6bea29af47e5->6c9cea2f-f547-4d36-9e9d-21f9e8213c72: nextIndex: updateUnconditionally 18 -> 17
2019-09-04 10:16:19,999 [ForkJoinPool.commonPool-worker-1] INFO  datanode.ObjectStoreHandler (ObjectStoreHandler.java:close(155)) - Closing ObjectStoreHandler.
2019-09-04 10:16:19,999 [grpc-default-executor-7] WARN  server.GrpcLogAppender (LogUtils.java:warn(134)) - 6d94adbb-9f8c-46a2-8e14-6bea29af47e5->fe2c9e73-6c2d-4a43-92e0-1dab16afefd5: Failed appendEntries: org.apache.ratis.thirdparty.io.grpc.StatusRuntimeException: UNAVAILABLE: io exception
2019-09-04 10:16:19,999 [ForkJoinPool.commonPool-worker-1] INFO  ozone.HddsDatanodeService (HddsDatanodeService.java:stop(451)) - Stopped plug-in org.apache.hadoop.ozone.web.OzoneHddsDatanodeService@47fe4c3e
2019-09-04 10:16:20,002 [grpc-default-executor-7] INFO  impl.FollowerInfo (FollowerInfo.java:lambda$new$0(50)) - 6d94adbb-9f8c-46a2-8e14-6bea29af47e5->fe2c9e73-6c2d-4a43-92e0-1dab16afefd5: nextIndex: updateUnconditionally 15 -> 14
2019-09-04 10:16:20,003 [main] INFO  statemachine.DatanodeStateMachine (DatanodeStateMachine.java:stopDaemon(395)) - Ozone container server stopped.
2019-09-04 10:16:20,004 [main] INFO  handler.ContextHandler (ContextHandler.java:doStop(910)) - Stopped o.e.j.w.WebAppContext@5ae5a507{/,null,UNAVAILABLE}{/hddsDatanode}
2019-09-04 10:16:20,005 [main] INFO  server.AbstractConnector (AbstractConnector.java:doStop(318)) - Stopped ServerConnector@e8ef60b{HTTP/1.1,[http/1.1]}{0.0.0.0:0}
2019-09-04 10:16:20,005 [main] INFO  handler.ContextHandler (ContextHandler.java:doStop(910)) - Stopped o.e.j.s.ServletContextHandler@3c48bbf3{/static,jar:file:/home/user/.m2/repository/org/apache/hadoop/hadoop-hdds-container-service/0.5.0-SNAPSHOT/hadoop-hdds-container-service-0.5.0-SNAPSHOT.jar!/webapps/static,UNAVAILABLE}
2019-09-04 10:16:20,006 [main] INFO  handler.ContextHandler (ContextHandler.java:doStop(910)) - Stopped o.e.j.s.ServletContextHandler@399ac1a3{/logs,file:///workdir/hadoop-ozone/integration-test/target/log,UNAVAILABLE}
2019-09-04 10:16:20,007 [main] INFO  datanode.ObjectStoreHandler (ObjectStoreHandler.java:close(155)) - Closing ObjectStoreHandler.
2019-09-04 10:16:20,007 [main] INFO  ozone.HddsDatanodeService (HddsDatanodeService.java:stop(451)) - Stopped plug-in org.apache.hadoop.ozone.web.OzoneHddsDatanodeService@627222d8
2019-09-04 10:16:20,542 [Datanode State Machine Thread - 0] INFO  statemachine.DatanodeStateMachine (DatanodeStateMachine.java:lambda$startDaemon$0(350)) - Ozone container server started.
2019-09-04 10:16:20,648 [Datanode State Machine Thread - 0] INFO  statemachine.DatanodeStateMachine (DatanodeStateMachine.java:lambda$startDaemon$0(350)) - Ozone container server started.
2019-09-04 10:16:22,498 [grpc-default-executor-10] WARN  server.GrpcLogAppender (LogUtils.java:warn(134)) - 6d94adbb-9f8c-46a2-8e14-6bea29af47e5->fe2c9e73-6c2d-4a43-92e0-1dab16afefd5: Failed appendEntries: org.apache.ratis.thirdparty.io.grpc.StatusRuntimeException: UNAVAILABLE: io exception
2019-09-04 10:16:22,498 [grpc-default-executor-11] WARN  server.GrpcLogAppender (LogUtils.java:warn(134)) - 6d94adbb-9f8c-46a2-8e14-6bea29af47e5->6c9cea2f-f547-4d36-9e9d-21f9e8213c72: Failed appendEntries: org.apache.ratis.thirdparty.io.grpc.StatusRuntimeException: UNAVAILABLE: io exception
2019-09-04 10:16:22,498 [grpc-default-executor-10] INFO  impl.FollowerInfo (FollowerInfo.java:lambda$new$0(50)) - 6d94adbb-9f8c-46a2-8e14-6bea29af47e5->fe2c9e73-6c2d-4a43-92e0-1dab16afefd5: nextIndex: updateUnconditionally 14 -> 13
2019-09-04 10:16:22,499 [grpc-default-executor-11] INFO  impl.FollowerInfo (FollowerInfo.java:lambda$new$0(50)) - 6d94adbb-9f8c-46a2-8e14-6bea29af47e5->6c9cea2f-f547-4d36-9e9d-21f9e8213c72: nextIndex: updateUnconditionally 17 -> 16
2019-09-04 10:16:24,581 [EventQueue-StaleNodeForStaleNodeHandler] INFO  node.StaleNodeHandler (StaleNodeHandler.java:onMessage(58)) - Datanode 6d94adbb-9f8c-46a2-8e14-6bea29af47e5{ip: 192.168.36.67, host: pr-hdds-1569-fjd24-125839774, networkLocation: /default-rack, certSerialId: null} moved to stale state. Finalizing its pipelines [PipelineID=a0ad6de2-1a01-40e6-a6a3-f6678b52affa, PipelineID=384d1e7d-20a4-4be6-8e32-a4c4ebd76fbe]
2019-09-04 10:16:24,581 [EventQueue-StaleNodeForStaleNodeHandler] INFO  pipeline.SCMPipelineManager (SCMPipelineManager.java:finalizeAndDestroyPipeline(309)) - destroying pipeline:Pipeline[ Id: a0ad6de2-1a01-40e6-a6a3-f6678b52affa, Nodes: fe2c9e73-6c2d-4a43-92e0-1dab16afefd5{ip: 192.168.36.67, host: pr-hdds-1569-fjd24-125839774, networkLocation: /default-rack, certSerialId: null}6c9cea2f-f547-4d36-9e9d-21f9e8213c72{ip: 192.168.36.67, host: pr-hdds-1569-fjd24-125839774, networkLocation: /default-rack, certSerialId: null}6d94adbb-9f8c-46a2-8e14-6bea29af47e5{ip: 192.168.36.67, host: pr-hdds-1569-fjd24-125839774, networkLocation: /default-rack, certSerialId: null}, Type:RATIS, Factor:THREE, State:CLOSED]
2019-09-04 10:16:24,582 [EventQueue-StaleNodeForStaleNodeHandler] INFO  pipeline.SCMPipelineManager (SCMPipelineManager.java:finalizeAndDestroyPipeline(309)) - destroying pipeline:Pipeline[ Id: 384d1e7d-20a4-4be6-8e32-a4c4ebd76fbe, Nodes: 6d94adbb-9f8c-46a2-8e14-6bea29af47e5{ip: 192.168.36.67, host: pr-hdds-1569-fjd24-125839774, networkLocation: /default-rack, certSerialId: null}, Type:RATIS, Factor:ONE, State:OPEN]
2019-09-04 10:16:24,582 [EventQueue-StaleNodeForStaleNodeHandler] INFO  pipeline.PipelineStateManager (PipelineStateManager.java:finalizePipeline(123)) - Pipeline Pipeline[ Id: 384d1e7d-20a4-4be6-8e32-a4c4ebd76fbe, Nodes: 6d94adbb-9f8c-46a2-8e14-6bea29af47e5{ip: 192.168.36.67, host: pr-hdds-1569-fjd24-125839774, networkLocation: /default-rack, certSerialId: null}, Type:RATIS, Factor:ONE, State:CLOSED] moved to CLOSED state
2019-09-04 10:16:24,681 [EventQueue-StaleNodeForStaleNodeHandler] INFO  node.StaleNodeHandler (StaleNodeHandler.java:onMessage(58)) - Datanode 583e914f-c7c5-4b66-98fc-37d50dda33f5{ip: 192.168.36.67, host: pr-hdds-1569-fjd24-125839774, networkLocation: /default-rack, certSerialId: null} moved to stale state. Finalizing its pipelines [PipelineID=7cd97f62-3cd9-48f8-b4f9-cdf1b8da86bc]
2019-09-04 10:16:24,682 [EventQueue-StaleNodeForStaleNodeHandler] INFO  pipeline.SCMPipelineManager (SCMPipelineManager.java:finalizeAndDestroyPipeline(309)) - destroying pipeline:Pipeline[ Id: 7cd97f62-3cd9-48f8-b4f9-cdf1b8da86bc, Nodes: 583e914f-c7c5-4b66-98fc-37d50dda33f5{ip: 192.168.36.67, host: pr-hdds-1569-fjd24-125839774, networkLocation: /default-rack, certSerialId: null}, Type:RATIS, Factor:ONE, State:OPEN]
2019-09-04 10:16:24,682 [EventQueue-StaleNodeForStaleNodeHandler] INFO  pipeline.PipelineStateManager (PipelineStateManager.java:finalizePipeline(123)) - Pipeline Pipeline[ Id: 7cd97f62-3cd9-48f8-b4f9-cdf1b8da86bc, Nodes: 583e914f-c7c5-4b66-98fc-37d50dda33f5{ip: 192.168.36.67, host: pr-hdds-1569-fjd24-125839774, networkLocation: /default-rack, certSerialId: null}, Type:RATIS, Factor:ONE, State:CLOSED] moved to CLOSED state
2019-09-04 10:16:24,997 [grpc-default-executor-11] WARN  server.GrpcLogAppender (LogUtils.java:warn(134)) - 6d94adbb-9f8c-46a2-8e14-6bea29af47e5->fe2c9e73-6c2d-4a43-92e0-1dab16afefd5: Failed appendEntries: org.apache.ratis.thirdparty.io.grpc.StatusRuntimeException: UNAVAILABLE: io exception
2019-09-04 10:16:24,997 [grpc-default-executor-1] WARN  server.GrpcLogAppender (LogUtils.java:warn(134)) - 6d94adbb-9f8c-46a2-8e14-6bea29af47e5->6c9cea2f-f547-4d36-9e9d-21f9e8213c72: Failed appendEntries: org.apache.ratis.thirdparty.io.grpc.StatusRuntimeException: UNAVAILABLE: io exception
2019-09-04 10:16:24,998 [grpc-default-executor-11] INFO  impl.FollowerInfo (FollowerInfo.java:lambda$new$0(50)) - 6d94adbb-9f8c-46a2-8e14-6bea29af47e5->fe2c9e73-6c2d-4a43-92e0-1dab16afefd5: nextIndex: updateUnconditionally 13 -> 12
2019-09-04 10:16:24,998 [grpc-default-executor-1] INFO  impl.FollowerInfo (FollowerInfo.java:lambda$new$0(50)) - 6d94adbb-9f8c-46a2-8e14-6bea29af47e5->6c9cea2f-f547-4d36-9e9d-21f9e8213c72: nextIndex: updateUnconditionally 16 -> 15
2019-09-04 10:16:25,004 [ForkJoinPool.commonPool-worker-1] INFO  ozoneimpl.OzoneContainer (OzoneContainer.java:stop(199)) - Attempting to stop container services.
2019-09-04 10:16:25,004 [ForkJoinPool.commonPool-worker-1] INFO  impl.RaftServerProxy (RaftServerProxy.java:lambda$close$4(314)) - 583e914f-c7c5-4b66-98fc-37d50dda33f5: close
2019-09-04 10:16:25,004 [ForkJoinPool.commonPool-worker-1] INFO  impl.RaftServerImpl (RaftServerImpl.java:lambda$shutdown$3(245)) - 583e914f-c7c5-4b66-98fc-37d50dda33f5: shutdown group-CDF1B8DA86BC
2019-09-04 10:16:25,004 [ForkJoinPool.commonPool-worker-1] INFO  util.JmxRegister (JmxRegister.java:unregister(73)) - Successfully un-registered JMX Bean with object name Ratis:service=RaftServer,group=group-CDF1B8DA86BC,id=583e914f-c7c5-4b66-98fc-37d50dda33f5
2019-09-04 10:16:25,005 [ForkJoinPool.commonPool-worker-1] INFO  impl.RoleInfo (RoleInfo.java:shutdownLeaderState(104)) - 583e914f-c7c5-4b66-98fc-37d50dda33f5: shutdown LeaderState
2019-09-04 10:16:25,005 [ForkJoinPool.commonPool-worker-1] INFO  impl.PendingRequests (PendingRequests.java:sendNotLeaderResponses(202)) - 583e914f-c7c5-4b66-98fc-37d50dda33f5-PendingRequests: sendNotLeaderResponses
2019-09-04 10:16:25,005 [ForkJoinPool.commonPool-worker-1] INFO  impl.StateMachineUpdater (StateMachineUpdater.java:stopAndJoin(115)) - StateMachineUpdater:583e914f-c7c5-4b66-98fc-37d50dda33f5:group-CDF1B8DA86BC: set stopIndex = 0
2019-09-04 10:16:25,006 [ForkJoinPool.commonPool-worker-1] INFO  impl.RaftServerImpl (ServerState.java:close(394)) - 583e914f-c7c5-4b66-98fc-37d50dda33f5:group-CDF1B8DA86BC closes. The last applied log index is 0
2019-09-04 10:16:25,006 [583e914f-c7c5-4b66-98fc-37d50dda33f5-SegmentedRaftLogWorker:Storage Directory /workdir/hadoop-ozone/integration-test/target/test-dir/MiniOzoneClusterImpl-1126da7d-fe5a-4ddc-9a88-3eece028067c/datanode-6/data/ratis/7cd97f62-3cd9-48f8-b4f9-cdf1b8da86bc] INFO  segmented.SegmentedRaftLogWorker (SegmentedRaftLogWorker.java:run(313)) - 583e914f-c7c5-4b66-98fc-37d50dda33f5-SegmentedRaftLogWorker:Storage Directory /workdir/hadoop-ozone/integration-test/target/test-dir/MiniOzoneClusterImpl-1126da7d-fe5a-4ddc-9a88-3eece028067c/datanode-6/data/ratis/7cd97f62-3cd9-48f8-b4f9-cdf1b8da86bc was interrupted, exiting. There are 0 tasks remaining in the queue.
2019-09-04 10:16:25,008 [main] INFO  ozoneimpl.OzoneContainer (OzoneContainer.java:stop(199)) - Attempting to stop container services.
2019-09-04 10:16:25,009 [main] INFO  impl.RaftServerProxy (RaftServerProxy.java:lambda$close$4(314)) - 6d94adbb-9f8c-46a2-8e14-6bea29af47e5: close
2019-09-04 10:16:25,009 [main] INFO  impl.RaftServerImpl (RaftServerImpl.java:lambda$shutdown$3(245)) - 6d94adbb-9f8c-46a2-8e14-6bea29af47e5: shutdown group-F6678B52AFFA
2019-09-04 10:16:25,009 [main] INFO  util.JmxRegister (JmxRegister.java:unregister(73)) - Successfully un-registered JMX Bean with object name Ratis:service=RaftServer,group=group-F6678B52AFFA,id=6d94adbb-9f8c-46a2-8e14-6bea29af47e5
2019-09-04 10:16:25,010 [main] INFO  impl.RoleInfo (RoleInfo.java:shutdownLeaderState(104)) - 6d94adbb-9f8c-46a2-8e14-6bea29af47e5: shutdown LeaderState
2019-09-04 10:16:25,012 [main] INFO  impl.PendingRequests (PendingRequests.java:sendNotLeaderResponses(202)) - 6d94adbb-9f8c-46a2-8e14-6bea29af47e5-PendingRequests: sendNotLeaderResponses
2019-09-04 10:16:25,012 [org.apache.ratis.server.impl.LogAppender$AppenderDaemon$$Lambda$482/1067825500@2bc73d27] WARN  server.GrpcLogAppender (GrpcLogAppender.java:mayWait(143)) - GrpcLogAppender(6d94adbb-9f8c-46a2-8e14-6bea29af47e5->6c9cea2f-f547-4d36-9e9d-21f9e8213c72): Wait interrupted by java.lang.InterruptedException
2019-09-04 10:16:25,012 [org.apache.ratis.server.impl.LogAppender$AppenderDaemon$$Lambda$482/1067825500@6ec5ae9b] WARN  server.GrpcLogAppender (GrpcLogAppender.java:mayWait(143)) - GrpcLogAppender(6d94adbb-9f8c-46a2-8e14-6bea29af47e5->fe2c9e73-6c2d-4a43-92e0-1dab16afefd5): Wait interrupted by java.lang.InterruptedException
2019-09-04 10:16:25,019 [ForkJoinPool.commonPool-worker-1] INFO  segmented.SegmentedRaftLogWorker (SegmentedRaftLogWorker.java:close(228)) - 583e914f-c7c5-4b66-98fc-37d50dda33f5-SegmentedRaftLogWorker:Storage Directory /workdir/hadoop-ozone/integration-test/target/test-dir/MiniOzoneClusterImpl-1126da7d-fe5a-4ddc-9a88-3eece028067c/datanode-6/data/ratis/7cd97f62-3cd9-48f8-b4f9-cdf1b8da86bc close()
2019-09-04 10:16:25,019 [StateMachineUpdater:6d94adbb-9f8c-46a2-8e14-6bea29af47e5:group-F6678B52AFFA] INFO  ratis.ContainerStateMachine (ContainerStateMachine.java:takeSnapshot(283)) - group-F6678B52AFFA: Taking a snapshot at:(t:1, i:18) file /workdir/hadoop-ozone/integration-test/target/test-dir/MiniOzoneClusterImpl-1126da7d-fe5a-4ddc-9a88-3eece028067c/datanode-5/data/ratis/a0ad6de2-1a01-40e6-a6a3-f6678b52affa/sm/snapshot.1_18
2019-09-04 10:16:25,019 [main] INFO  impl.StateMachineUpdater (StateMachineUpdater.java:stopAndJoin(115)) - StateMachineUpdater:6d94adbb-9f8c-46a2-8e14-6bea29af47e5:group-F6678B52AFFA: set stopIndex = 18
2019-09-04 10:16:25,022 [ForkJoinPool.commonPool-worker-1] INFO  server.GrpcService (GrpcService.java:closeImpl(155)) - 583e914f-c7c5-4b66-98fc-37d50dda33f5: shutdown server with port 40850 now
2019-09-04 10:16:25,023 [ForkJoinPool.commonPool-worker-1] INFO  server.GrpcService (GrpcService.java:closeImpl(163)) - 583e914f-c7c5-4b66-98fc-37d50dda33f5: shutdown server with port 40850 successfully
2019-09-04 10:16:25,024 [ForkJoinPool.commonPool-worker-1] INFO  utils.BackgroundService (BackgroundService.java:shutdown(148)) - Shutting down service BlockDeletingService
2019-09-04 10:16:25,025 [refreshUsed-/workdir/hadoop-ozone/integration-test/target/test-dir/MiniOzoneClusterImpl-1126da7d-fe5a-4ddc-9a88-3eece028067c/datanode-6/data/containers] WARN  fs.CachingGetSpaceUsed (CachingGetSpaceUsed.java:run(183)) - Thread Interrupted waiting to refresh disk information: sleep interrupted
2019-09-04 10:16:25,035 [StateMachineUpdater:6d94adbb-9f8c-46a2-8e14-6bea29af47e5:group-F6678B52AFFA] INFO  ratis.ContainerStateMachine (ContainerStateMachine.java:takeSnapshot(294)) - group-F6678B52AFFA: Finished taking a snapshot at:(t:1, i:18) file:/workdir/hadoop-ozone/integration-test/target/test-dir/MiniOzoneClusterImpl-1126da7d-fe5a-4ddc-9a88-3eece028067c/datanode-5/data/ratis/a0ad6de2-1a01-40e6-a6a3-f6678b52affa/sm/snapshot.1_18 time:15
2019-09-04 10:16:25,035 [StateMachineUpdater:6d94adbb-9f8c-46a2-8e14-6bea29af47e5:group-F6678B52AFFA] INFO  impl.StateMachineUpdater (StateMachineUpdater.java:takeSnapshot(242)) - StateMachineUpdater:6d94adbb-9f8c-46a2-8e14-6bea29af47e5:group-F6678B52AFFA: Took a snapshot at index 18
2019-09-04 10:16:25,035 [StateMachineUpdater:6d94adbb-9f8c-46a2-8e14-6bea29af47e5:group-F6678B52AFFA] INFO  impl.StateMachineUpdater (StateMachineUpdater.java:lambda$new$0(80)) - StateMachineUpdater:6d94adbb-9f8c-46a2-8e14-6bea29af47e5:group-F6678B52AFFA: snapshotIndex: updateIncreasingly -1 -> 18
2019-09-04 10:16:25,036 [main] INFO  impl.RaftServerImpl (ServerState.java:close(394)) - 6d94adbb-9f8c-46a2-8e14-6bea29af47e5:group-F6678B52AFFA closes. The last applied log index is 18
2019-09-04 10:16:25,036 [6d94adbb-9f8c-46a2-8e14-6bea29af47e5-SegmentedRaftLogWorker:Storage Directory /workdir/hadoop-ozone/integration-test/target/test-dir/MiniOzoneClusterImpl-1126da7d-fe5a-4ddc-9a88-3eece028067c/datanode-5/data/ratis/a0ad6de2-1a01-40e6-a6a3-f6678b52affa] INFO  segmented.SegmentedRaftLogWorker (SegmentedRaftLogWorker.java:run(313)) - 6d94adbb-9f8c-46a2-8e14-6bea29af47e5-SegmentedRaftLogWorker:Storage Directory /workdir/hadoop-ozone/integration-test/target/test-dir/MiniOzoneClusterImpl-1126da7d-fe5a-4ddc-9a88-3eece028067c/datanode-5/data/ratis/a0ad6de2-1a01-40e6-a6a3-f6678b52affa was interrupted, exiting. There are 0 tasks remaining in the queue.
2019-09-04 10:16:25,038 [main] INFO  segmented.SegmentedRaftLogWorker (SegmentedRaftLogWorker.java:close(228)) - 6d94adbb-9f8c-46a2-8e14-6bea29af47e5-SegmentedRaftLogWorker:Storage Directory /workdir/hadoop-ozone/integration-test/target/test-dir/MiniOzoneClusterImpl-1126da7d-fe5a-4ddc-9a88-3eece028067c/datanode-5/data/ratis/a0ad6de2-1a01-40e6-a6a3-f6678b52affa close()
2019-09-04 10:16:25,043 [main] INFO  impl.RaftServerImpl (RaftServerImpl.java:lambda$shutdown$3(245)) - 6d94adbb-9f8c-46a2-8e14-6bea29af47e5: shutdown group-A4C4EBD76FBE
2019-09-04 10:16:25,044 [main] INFO  util.JmxRegister (JmxRegister.java:unregister(73)) - Successfully un-registered JMX Bean with object name Ratis:service=RaftServer,group=group-A4C4EBD76FBE,id=6d94adbb-9f8c-46a2-8e14-6bea29af47e5
2019-09-04 10:16:25,044 [main] INFO  impl.RoleInfo (RoleInfo.java:shutdownLeaderState(104)) - 6d94adbb-9f8c-46a2-8e14-6bea29af47e5: shutdown LeaderState
2019-09-04 10:16:25,044 [main] INFO  impl.PendingRequests (PendingRequests.java:sendNotLeaderResponses(202)) - 6d94adbb-9f8c-46a2-8e14-6bea29af47e5-PendingRequests: sendNotLeaderResponses
2019-09-04 10:16:25,045 [main] INFO  impl.StateMachineUpdater (StateMachineUpdater.java:stopAndJoin(115)) - StateMachineUpdater:6d94adbb-9f8c-46a2-8e14-6bea29af47e5:group-A4C4EBD76FBE: set stopIndex = 0
2019-09-04 10:16:25,045 [main] INFO  impl.RaftServerImpl (ServerState.java:close(394)) - 6d94adbb-9f8c-46a2-8e14-6bea29af47e5:group-A4C4EBD76FBE closes. The last applied log index is 0
2019-09-04 10:16:25,045 [6d94adbb-9f8c-46a2-8e14-6bea29af47e5-SegmentedRaftLogWorker:Storage Directory /workdir/hadoop-ozone/integration-test/target/test-dir/MiniOzoneClusterImpl-1126da7d-fe5a-4ddc-9a88-3eece028067c/datanode-5/data/ratis/384d1e7d-20a4-4be6-8e32-a4c4ebd76fbe] INFO  segmented.SegmentedRaftLogWorker (SegmentedRaftLogWorker.java:run(313)) - 6d94adbb-9f8c-46a2-8e14-6bea29af47e5-SegmentedRaftLogWorker:Storage Directory /workdir/hadoop-ozone/integration-test/target/test-dir/MiniOzoneClusterImpl-1126da7d-fe5a-4ddc-9a88-3eece028067c/datanode-5/data/ratis/384d1e7d-20a4-4be6-8e32-a4c4ebd76fbe was interrupted, exiting. There are 0 tasks remaining in the queue.
2019-09-04 10:16:25,046 [main] INFO  segmented.SegmentedRaftLogWorker (SegmentedRaftLogWorker.java:close(228)) - 6d94adbb-9f8c-46a2-8e14-6bea29af47e5-SegmentedRaftLogWorker:Storage Directory /workdir/hadoop-ozone/integration-test/target/test-dir/MiniOzoneClusterImpl-1126da7d-fe5a-4ddc-9a88-3eece028067c/datanode-5/data/ratis/384d1e7d-20a4-4be6-8e32-a4c4ebd76fbe close()
2019-09-04 10:16:25,047 [main] INFO  server.GrpcService (GrpcService.java:closeImpl(155)) - 6d94adbb-9f8c-46a2-8e14-6bea29af47e5: shutdown server with port 34229 now
2019-09-04 10:16:25,049 [grpc-default-executor-11] WARN  client.GrpcClientProtocolService (LogUtils.java:warn(134)) - 1-UnorderedRequestStreamObserver1: onError: org.apache.ratis.thirdparty.io.grpc.StatusRuntimeException: CANCELLED: cancelled before receiving half close
2019-09-04 10:16:25,049 [main] INFO  server.GrpcService (GrpcService.java:closeImpl(163)) - 6d94adbb-9f8c-46a2-8e14-6bea29af47e5: shutdown server with port 34229 successfully
2019-09-04 10:16:25,050 [main] INFO  utils.BackgroundService (BackgroundService.java:shutdown(148)) - Shutting down service BlockDeletingService
2019-09-04 10:16:25,052 [refreshUsed-/workdir/hadoop-ozone/integration-test/target/test-dir/MiniOzoneClusterImpl-1126da7d-fe5a-4ddc-9a88-3eece028067c/datanode-5/data/containers] WARN  fs.CachingGetSpaceUsed (CachingGetSpaceUsed.java:run(183)) - Thread Interrupted waiting to refresh disk information: sleep interrupted
2019-09-04 10:16:25,058 [ForkJoinPool.commonPool-worker-1] INFO  statemachine.DatanodeStateMachine (DatanodeStateMachine.java:stopDaemon(395)) - Ozone container server stopped.
2019-09-04 10:16:25,061 [ForkJoinPool.commonPool-worker-1] INFO  handler.ContextHandler (ContextHandler.java:doStop(910)) - Stopped o.e.j.w.WebAppContext@e77c9c3{/,null,UNAVAILABLE}{/hddsDatanode}
2019-09-04 10:16:25,062 [ForkJoinPool.commonPool-worker-1] INFO  server.AbstractConnector (AbstractConnector.java:doStop(318)) - Stopped ServerConnector@4cc9d672{HTTP/1.1,[http/1.1]}{0.0.0.0:0}
2019-09-04 10:16:25,063 [ForkJoinPool.commonPool-worker-1] INFO  handler.ContextHandler (ContextHandler.java:doStop(910)) - Stopped o.e.j.s.ServletContextHandler@3f1eb1bc{/static,jar:file:/home/user/.m2/repository/org/apache/hadoop/hadoop-hdds-container-service/0.5.0-SNAPSHOT/hadoop-hdds-container-service-0.5.0-SNAPSHOT.jar!/webapps/static,UNAVAILABLE}
2019-09-04 10:16:25,064 [ForkJoinPool.commonPool-worker-1] INFO  handler.ContextHandler (ContextHandler.java:doStop(910)) - Stopped o.e.j.s.ServletContextHandler@7c0b83af{/logs,file:///workdir/hadoop-ozone/integration-test/target/log,UNAVAILABLE}
2019-09-04 10:16:25,077 [main] INFO  statemachine.DatanodeStateMachine (DatanodeStateMachine.java:stopDaemon(395)) - Ozone container server stopped.
2019-09-04 10:16:25,078 [main] INFO  handler.ContextHandler (ContextHandler.java:doStop(910)) - Stopped o.e.j.w.WebAppContext@5fd0235c{/,null,UNAVAILABLE}{/hddsDatanode}
2019-09-04 10:16:25,079 [main] INFO  server.AbstractConnector (AbstractConnector.java:doStop(318)) - Stopped ServerConnector@6e1d939e{HTTP/1.1,[http/1.1]}{0.0.0.0:0}
2019-09-04 10:16:25,079 [main] INFO  handler.ContextHandler (ContextHandler.java:doStop(910)) - Stopped o.e.j.s.ServletContextHandler@5ba4735c{/static,jar:file:/home/user/.m2/repository/org/apache/hadoop/hadoop-hdds-container-service/0.5.0-SNAPSHOT/hadoop-hdds-container-service-0.5.0-SNAPSHOT.jar!/webapps/static,UNAVAILABLE}
2019-09-04 10:16:25,080 [main] INFO  handler.ContextHandler (ContextHandler.java:doStop(910)) - Stopped o.e.j.s.ServletContextHandler@3e283f1a{/logs,file:///workdir/hadoop-ozone/integration-test/target/log,UNAVAILABLE}
2019-09-04 10:16:25,081 [main] INFO  ozone.MiniOzoneClusterImpl (MiniOzoneClusterImpl.java:stop(353)) - Stopping the StorageContainerManager
2019-09-04 10:16:25,081 [main] INFO  server.StorageContainerManager (StorageContainerManager.java:stop(797)) - Stopping Replication Manager Service.
2019-09-04 10:16:25,081 [main] INFO  container.ReplicationManager (ReplicationManager.java:stop(193)) - Stopping Replication Monitor Thread.
2019-09-04 10:16:25,081 [main] INFO  server.StorageContainerManager (StorageContainerManager.java:stop(804)) - Stopping Lease Manager of the command watchers
2019-09-04 10:16:25,081 [main] INFO  server.StorageContainerManager (StorageContainerManager.java:stop(811)) - Stopping datanode service RPC server
2019-09-04 10:16:25,082 [main] INFO  server.SCMDatanodeProtocolServer (SCMDatanodeProtocolServer.java:stop(367)) - Stopping the RPC server for DataNodes
2019-09-04 10:16:25,082 [main] INFO  ipc.Server (Server.java:stop(3082)) - Stopping server on 33895
2019-09-04 10:16:25,083 [IPC Server listener on 33895] INFO  ipc.Server (Server.java:run(1185)) - Stopping IPC Server listener on 33895
2019-09-04 10:16:25,085 [IPC Server Responder] INFO  ipc.Server (Server.java:run(1319)) - Stopping IPC Server Responder
2019-09-04 10:16:25,182 [SCM Heartbeat Processing Thread - 0] WARN  node.NodeStateManager (NodeStateManager.java:scheduleNextHealthCheck(655)) - Current Thread is interrupted, shutting down HB processing thread for Node Manager.
2019-09-04 10:16:25,182 [main] INFO  server.StorageContainerManager (StorageContainerManager.java:stop(819)) - Stopping block service RPC server
2019-09-04 10:16:25,183 [main] INFO  server.SCMBlockProtocolServer (SCMBlockProtocolServer.java:stop(148)) - Stopping the RPC server for Block Protocol
2019-09-04 10:16:25,183 [main] INFO  ipc.Server (Server.java:stop(3082)) - Stopping server on 40046
2019-09-04 10:16:25,185 [IPC Server listener on 40046] INFO  ipc.Server (Server.java:run(1185)) - Stopping IPC Server listener on 40046
2019-09-04 10:16:25,185 [main] INFO  server.StorageContainerManager (StorageContainerManager.java:stop(826)) - Stopping the StorageContainerLocationProtocol RPC server
2019-09-04 10:16:25,187 [main] INFO  server.SCMClientProtocolServer (SCMClientProtocolServer.java:stop(159)) - Stopping the RPC server for Client Protocol
2019-09-04 10:16:25,187 [main] INFO  ipc.Server (Server.java:stop(3082)) - Stopping server on 38371
2019-09-04 10:16:25,186 [IPC Server Responder] INFO  ipc.Server (Server.java:run(1319)) - Stopping IPC Server Responder
2019-09-04 10:16:25,189 [IPC Server listener on 38371] INFO  ipc.Server (Server.java:run(1185)) - Stopping IPC Server listener on 38371
2019-09-04 10:16:25,189 [main] INFO  server.StorageContainerManager (StorageContainerManager.java:stop(833)) - Stopping Storage Container Manager HTTP server.
2019-09-04 10:16:25,190 [IPC Server Responder] INFO  ipc.Server (Server.java:run(1319)) - Stopping IPC Server Responder
2019-09-04 10:16:25,191 [main] INFO  handler.ContextHandler (ContextHandler.java:doStop(910)) - Stopped o.e.j.w.WebAppContext@51d50b5f{/,null,UNAVAILABLE}{/scm}
2019-09-04 10:16:25,192 [main] INFO  server.AbstractConnector (AbstractConnector.java:doStop(318)) - Stopped ServerConnector@38816a6c{HTTP/1.1,[http/1.1]}{0.0.0.0:0}
2019-09-04 10:16:25,192 [main] INFO  handler.ContextHandler (ContextHandler.java:doStop(910)) - Stopped o.e.j.s.ServletContextHandler@6b4376e1{/static,file:///workdir/hadoop-ozone/integration-test/target/test-classes/webapps/static,UNAVAILABLE}
2019-09-04 10:16:25,192 [main] INFO  handler.ContextHandler (ContextHandler.java:doStop(910)) - Stopped o.e.j.s.ServletContextHandler@65c634f2{/logs,file:///workdir/hadoop-ozone/integration-test/target/log,UNAVAILABLE}
2019-09-04 10:16:25,193 [main] INFO  server.StorageContainerManager (StorageContainerManager.java:stop(844)) - Stopping Block Manager Service.
2019-09-04 10:16:25,194 [main] INFO  utils.BackgroundService (BackgroundService.java:shutdown(148)) - Shutting down service SCMBlockDeletingService
2019-09-04 10:16:25,194 [main] INFO  utils.BackgroundService (BackgroundService.java:shutdown(148)) - Shutting down service SCMBlockDeletingService
2019-09-04 10:16:25,194 [main] INFO  server.StorageContainerManager (StorageContainerManager.java:stop(866)) - Stopping SCM Event Queue.
2019-09-04 10:16:25,198 [main] INFO  impl.MetricsSystemImpl (MetricsSystemImpl.java:stop(210)) - Stopping HddsDatanode metrics system...
2019-09-04 10:16:25,210 [main] INFO  impl.MetricsSystemImpl (MetricsSystemImpl.java:stop(216)) - HddsDatanode metrics system stopped.
]]></system-out>
    <system-err><![CDATA[Sep 04, 2019 10:15:50 AM com.sun.jersey.server.impl.application.WebApplicationImpl _initiate
INFO: Initiating Jersey application, version 'Jersey: 1.19 02/11/2015 03:25 AM'
Sep 04, 2019 10:15:51 AM com.sun.jersey.server.impl.application.WebApplicationImpl _initiate
INFO: Initiating Jersey application, version 'Jersey: 1.19 02/11/2015 03:25 AM'
Sep 04, 2019 10:15:51 AM com.sun.jersey.server.impl.application.WebApplicationImpl _initiate
INFO: Initiating Jersey application, version 'Jersey: 1.19 02/11/2015 03:25 AM'
Sep 04, 2019 10:15:51 AM com.sun.jersey.server.impl.application.WebApplicationImpl _initiate
INFO: Initiating Jersey application, version 'Jersey: 1.19 02/11/2015 03:25 AM'
Sep 04, 2019 10:15:52 AM com.sun.jersey.server.impl.application.WebApplicationImpl _initiate
INFO: Initiating Jersey application, version 'Jersey: 1.19 02/11/2015 03:25 AM'
Sep 04, 2019 10:15:52 AM com.sun.jersey.server.impl.application.WebApplicationImpl _initiate
INFO: Initiating Jersey application, version 'Jersey: 1.19 02/11/2015 03:25 AM'
Sep 04, 2019 10:15:52 AM com.sun.jersey.server.impl.application.WebApplicationImpl _initiate
INFO: Initiating Jersey application, version 'Jersey: 1.19 02/11/2015 03:25 AM'
Sep 04, 2019 10:15:55 AM org.apache.ratis.thirdparty.io.grpc.internal.ManagedChannelOrphanWrapper$ManagedChannelReference cleanQueue
SEVERE: *~*~*~ Channel ManagedChannelImpl{logId=2898, target=192.168.36.67:45338} was not shutdown properly!!! ~*~*~*
    Make sure to call shutdown()/shutdownNow() and wait until awaitTermination() returns true.
java.lang.RuntimeException: ManagedChannel allocation site
	at org.apache.ratis.thirdparty.io.grpc.internal.ManagedChannelOrphanWrapper$ManagedChannelReference.<init>(ManagedChannelOrphanWrapper.java:103)
	at org.apache.ratis.thirdparty.io.grpc.internal.ManagedChannelOrphanWrapper.<init>(ManagedChannelOrphanWrapper.java:53)
	at org.apache.ratis.thirdparty.io.grpc.internal.ManagedChannelOrphanWrapper.<init>(ManagedChannelOrphanWrapper.java:44)
	at org.apache.ratis.thirdparty.io.grpc.internal.AbstractManagedChannelImplBuilder.build(AbstractManagedChannelImplBuilder.java:411)
	at org.apache.hadoop.hdds.scm.XceiverClientGrpc.connectToDatanode(XceiverClientGrpc.java:175)
	at org.apache.hadoop.hdds.scm.XceiverClientGrpc.reconnect(XceiverClientGrpc.java:423)
	at org.apache.hadoop.hdds.scm.XceiverClientGrpc.sendCommandAsync(XceiverClientGrpc.java:372)
	at org.apache.hadoop.hdds.scm.XceiverClientGrpc.sendCommandWithRetry(XceiverClientGrpc.java:285)
	at org.apache.hadoop.hdds.scm.XceiverClientGrpc.sendCommandWithTraceIDAndRetry(XceiverClientGrpc.java:251)
	at org.apache.hadoop.hdds.scm.XceiverClientGrpc.sendCommand(XceiverClientGrpc.java:234)
	at org.apache.hadoop.hdds.scm.storage.ContainerProtocolCalls.getBlock(ContainerProtocolCalls.java:118)
	at org.apache.hadoop.hdds.scm.storage.BlockInputStream.getChunkInfos(BlockInputStream.java:167)
	at org.apache.hadoop.hdds.scm.storage.BlockInputStream.initialize(BlockInputStream.java:118)
	at org.apache.hadoop.hdds.scm.storage.BlockInputStream.read(BlockInputStream.java:222)
	at org.apache.hadoop.ozone.client.io.KeyInputStream.read(KeyInputStream.java:171)
	at org.apache.hadoop.ozone.client.io.OzoneInputStream.read(OzoneInputStream.java:47)
	at java.io.InputStream.read(InputStream.java:101)
	at org.apache.hadoop.ozone.container.ContainerTestHelper.validateData(ContainerTestHelper.java:713)
	at org.apache.hadoop.ozone.client.rpc.TestBlockOutputStreamWithFailures.validateData(TestBlockOutputStreamWithFailures.java:1216)
	at org.apache.hadoop.ozone.client.rpc.TestBlockOutputStreamWithFailures.testWatchForCommitWithSingleNodeRatis(TestBlockOutputStreamWithFailures.java:918)
	at sun.reflect.NativeMethodAccessorImpl.invoke0(Native Method)
	at sun.reflect.NativeMethodAccessorImpl.invoke(NativeMethodAccessorImpl.java:62)
	at sun.reflect.DelegatingMethodAccessorImpl.invoke(DelegatingMethodAccessorImpl.java:43)
	at java.lang.reflect.Method.invoke(Method.java:498)
	at org.junit.runners.model.FrameworkMethod$1.runReflectiveCall(FrameworkMethod.java:47)
	at org.junit.internal.runners.model.ReflectiveCallable.run(ReflectiveCallable.java:12)
	at org.junit.runners.model.FrameworkMethod.invokeExplosively(FrameworkMethod.java:44)
	at org.junit.internal.runners.statements.InvokeMethod.evaluate(InvokeMethod.java:17)
	at org.junit.internal.runners.statements.RunBefores.evaluate(RunBefores.java:26)
	at org.junit.internal.runners.statements.RunAfters.evaluate(RunAfters.java:27)
	at org.junit.runners.ParentRunner.runLeaf(ParentRunner.java:271)
	at org.junit.runners.BlockJUnit4ClassRunner.runChild(BlockJUnit4ClassRunner.java:70)
	at org.junit.runners.BlockJUnit4ClassRunner.runChild(BlockJUnit4ClassRunner.java:50)
	at org.junit.runners.ParentRunner$3.run(ParentRunner.java:238)
	at org.junit.runners.ParentRunner$1.schedule(ParentRunner.java:63)
	at org.junit.runners.ParentRunner.runChildren(ParentRunner.java:236)
	at org.junit.runners.ParentRunner.access$000(ParentRunner.java:53)
	at org.junit.runners.ParentRunner$2.evaluate(ParentRunner.java:229)
	at org.junit.runners.ParentRunner.run(ParentRunner.java:309)
	at org.apache.maven.surefire.junit4.JUnit4Provider.execute(JUnit4Provider.java:365)
	at org.apache.maven.surefire.junit4.JUnit4Provider.executeWithRerun(JUnit4Provider.java:273)
	at org.apache.maven.surefire.junit4.JUnit4Provider.executeTestSet(JUnit4Provider.java:238)
	at org.apache.maven.surefire.junit4.JUnit4Provider.invoke(JUnit4Provider.java:159)
	at org.apache.maven.surefire.booter.ForkedBooter.invokeProviderInSameClassLoader(ForkedBooter.java:384)
	at org.apache.maven.surefire.booter.ForkedBooter.runSuitesInProcess(ForkedBooter.java:345)
	at org.apache.maven.surefire.booter.ForkedBooter.execute(ForkedBooter.java:126)
	at org.apache.maven.surefire.booter.ForkedBooter.main(ForkedBooter.java:418)

Sep 04, 2019 10:15:55 AM org.apache.ratis.thirdparty.io.grpc.internal.ManagedChannelOrphanWrapper$ManagedChannelReference cleanQueue
SEVERE: *~*~*~ Channel ManagedChannelImpl{logId=2893, target=192.168.36.67:46876} was not shutdown properly!!! ~*~*~*
    Make sure to call shutdown()/shutdownNow() and wait until awaitTermination() returns true.
java.lang.RuntimeException: ManagedChannel allocation site
	at org.apache.ratis.thirdparty.io.grpc.internal.ManagedChannelOrphanWrapper$ManagedChannelReference.<init>(ManagedChannelOrphanWrapper.java:103)
	at org.apache.ratis.thirdparty.io.grpc.internal.ManagedChannelOrphanWrapper.<init>(ManagedChannelOrphanWrapper.java:53)
	at org.apache.ratis.thirdparty.io.grpc.internal.ManagedChannelOrphanWrapper.<init>(ManagedChannelOrphanWrapper.java:44)
	at org.apache.ratis.thirdparty.io.grpc.internal.AbstractManagedChannelImplBuilder.build(AbstractManagedChannelImplBuilder.java:411)
	at org.apache.ratis.grpc.client.GrpcClientProtocolClient.<init>(GrpcClientProtocolClient.java:119)
	at org.apache.ratis.grpc.client.GrpcClientRpc.lambda$new$0(GrpcClientRpc.java:55)
	at org.apache.ratis.util.PeerProxyMap$PeerAndProxy.lambda$getProxy$0(PeerProxyMap.java:61)
	at org.apache.ratis.util.LifeCycle.startAndTransition(LifeCycle.java:202)
	at org.apache.ratis.util.PeerProxyMap$PeerAndProxy.getProxy(PeerProxyMap.java:60)
	at org.apache.ratis.util.PeerProxyMap.getProxy(PeerProxyMap.java:107)
	at org.apache.ratis.grpc.client.GrpcClientRpc.sendRequestAsync(GrpcClientRpc.java:66)
	at org.apache.ratis.client.impl.OrderedAsync.sendRequest(OrderedAsync.java:208)
	at org.apache.ratis.client.impl.OrderedAsync.sendRequestWithRetry(OrderedAsync.java:169)
	at org.apache.ratis.util.SlidingWindow$Client.sendOrDelayRequest(SlidingWindow.java:278)
	at org.apache.ratis.util.SlidingWindow$Client.submitNewRequest(SlidingWindow.java:257)
	at org.apache.ratis.client.impl.OrderedAsync.send(OrderedAsync.java:155)
	at org.apache.ratis.client.impl.RaftClientImpl.sendAsync(RaftClientImpl.java:145)
	at org.apache.ratis.client.impl.RaftClientImpl.sendAsync(RaftClientImpl.java:125)
	at org.apache.hadoop.hdds.scm.XceiverClientRatis.sendRequestAsync(XceiverClientRatis.java:224)
	at org.apache.hadoop.hdds.scm.XceiverClientRatis.sendCommandAsync(XceiverClientRatis.java:302)
	at org.apache.hadoop.hdds.scm.storage.ContainerProtocolCalls.writeChunkAsync(ContainerProtocolCalls.java:310)
	at org.apache.hadoop.hdds.scm.storage.BlockOutputStream.writeChunkToContainer(BlockOutputStream.java:601)
	at org.apache.hadoop.hdds.scm.storage.BlockOutputStream.writeChunk(BlockOutputStream.java:459)
	at org.apache.hadoop.hdds.scm.storage.BlockOutputStream.writeOnRetry(BlockOutputStream.java:285)
	at org.apache.hadoop.ozone.client.io.BlockOutputStreamEntry.writeOnRetry(BlockOutputStreamEntry.java:200)
	at org.apache.hadoop.ozone.client.io.KeyOutputStream.handleWrite(KeyOutputStream.java:209)
	at org.apache.hadoop.ozone.client.io.KeyOutputStream.handleRetry(KeyOutputStream.java:376)
	at org.apache.hadoop.ozone.client.io.KeyOutputStream.handleException(KeyOutputStream.java:325)
	at org.apache.hadoop.ozone.client.io.KeyOutputStream.handleFlushOrClose(KeyOutputStream.java:448)
	at org.apache.hadoop.ozone.client.io.KeyOutputStream.handleWrite(KeyOutputStream.java:235)
	at org.apache.hadoop.ozone.client.io.KeyOutputStream.write(KeyOutputStream.java:193)
	at org.apache.hadoop.ozone.client.io.OzoneOutputStream.write(OzoneOutputStream.java:49)
	at java.io.OutputStream.write(OutputStream.java:75)
	at org.apache.hadoop.ozone.client.rpc.TestBlockOutputStreamWithFailures.testWatchForCommitWithSingleNodeRatis(TestBlockOutputStreamWithFailures.java:885)
	at sun.reflect.NativeMethodAccessorImpl.invoke0(Native Method)
	at sun.reflect.NativeMethodAccessorImpl.invoke(NativeMethodAccessorImpl.java:62)
	at sun.reflect.DelegatingMethodAccessorImpl.invoke(DelegatingMethodAccessorImpl.java:43)
	at java.lang.reflect.Method.invoke(Method.java:498)
	at org.junit.runners.model.FrameworkMethod$1.runReflectiveCall(FrameworkMethod.java:47)
	at org.junit.internal.runners.model.ReflectiveCallable.run(ReflectiveCallable.java:12)
	at org.junit.runners.model.FrameworkMethod.invokeExplosively(FrameworkMethod.java:44)
	at org.junit.internal.runners.statements.InvokeMethod.evaluate(InvokeMethod.java:17)
	at org.junit.internal.runners.statements.RunBefores.evaluate(RunBefores.java:26)
	at org.junit.internal.runners.statements.RunAfters.evaluate(RunAfters.java:27)
	at org.junit.runners.ParentRunner.runLeaf(ParentRunner.java:271)
	at org.junit.runners.BlockJUnit4ClassRunner.runChild(BlockJUnit4ClassRunner.java:70)
	at org.junit.runners.BlockJUnit4ClassRunner.runChild(BlockJUnit4ClassRunner.java:50)
	at org.junit.runners.ParentRunner$3.run(ParentRunner.java:238)
	at org.junit.runners.ParentRunner$1.schedule(ParentRunner.java:63)
	at org.junit.runners.ParentRunner.runChildren(ParentRunner.java:236)
	at org.junit.runners.ParentRunner.access$000(ParentRunner.java:53)
	at org.junit.runners.ParentRunner$2.evaluate(ParentRunner.java:229)
	at org.junit.runners.ParentRunner.run(ParentRunner.java:309)
	at org.apache.maven.surefire.junit4.JUnit4Provider.execute(JUnit4Provider.java:365)
	at org.apache.maven.surefire.junit4.JUnit4Provider.executeWithRerun(JUnit4Provider.java:273)
	at org.apache.maven.surefire.junit4.JUnit4Provider.executeTestSet(JUnit4Provider.java:238)
	at org.apache.maven.surefire.junit4.JUnit4Provider.invoke(JUnit4Provider.java:159)
	at org.apache.maven.surefire.booter.ForkedBooter.invokeProviderInSameClassLoader(ForkedBooter.java:384)
	at org.apache.maven.surefire.booter.ForkedBooter.runSuitesInProcess(ForkedBooter.java:345)
	at org.apache.maven.surefire.booter.ForkedBooter.execute(ForkedBooter.java:126)
	at org.apache.maven.surefire.booter.ForkedBooter.main(ForkedBooter.java:418)

Sep 04, 2019 10:15:55 AM org.apache.ratis.thirdparty.io.grpc.internal.ManagedChannelOrphanWrapper$ManagedChannelReference cleanQueue
SEVERE: *~*~*~ Channel ManagedChannelImpl{logId=2888, target=192.168.36.67:38802} was not shutdown properly!!! ~*~*~*
    Make sure to call shutdown()/shutdownNow() and wait until awaitTermination() returns true.
java.lang.RuntimeException: ManagedChannel allocation site
	at org.apache.ratis.thirdparty.io.grpc.internal.ManagedChannelOrphanWrapper$ManagedChannelReference.<init>(ManagedChannelOrphanWrapper.java:103)
	at org.apache.ratis.thirdparty.io.grpc.internal.ManagedChannelOrphanWrapper.<init>(ManagedChannelOrphanWrapper.java:53)
	at org.apache.ratis.thirdparty.io.grpc.internal.ManagedChannelOrphanWrapper.<init>(ManagedChannelOrphanWrapper.java:44)
	at org.apache.ratis.thirdparty.io.grpc.internal.AbstractManagedChannelImplBuilder.build(AbstractManagedChannelImplBuilder.java:411)
	at org.apache.ratis.grpc.client.GrpcClientProtocolClient.<init>(GrpcClientProtocolClient.java:119)
	at org.apache.ratis.grpc.client.GrpcClientRpc.lambda$new$0(GrpcClientRpc.java:55)
	at org.apache.ratis.util.PeerProxyMap$PeerAndProxy.lambda$getProxy$0(PeerProxyMap.java:61)
	at org.apache.ratis.util.LifeCycle.startAndTransition(LifeCycle.java:202)
	at org.apache.ratis.util.PeerProxyMap$PeerAndProxy.getProxy(PeerProxyMap.java:60)
	at org.apache.ratis.util.PeerProxyMap.getProxy(PeerProxyMap.java:107)
	at org.apache.ratis.grpc.client.GrpcClientRpc.sendRequestAsync(GrpcClientRpc.java:66)
	at org.apache.ratis.client.impl.OrderedAsync.sendRequest(OrderedAsync.java:208)
	at org.apache.ratis.client.impl.OrderedAsync.sendRequestWithRetry(OrderedAsync.java:169)
	at org.apache.ratis.util.SlidingWindow$Client.sendOrDelayRequest(SlidingWindow.java:278)
	at org.apache.ratis.util.SlidingWindow$Client.retry(SlidingWindow.java:294)
	at org.apache.ratis.client.impl.OrderedAsync.lambda$scheduleWithTimeout$7(OrderedAsync.java:195)
	at org.apache.ratis.util.TimeoutScheduler.lambda$onTimeout$0(TimeoutScheduler.java:85)
	at org.apache.ratis.util.TimeoutScheduler.lambda$onTimeout$1(TimeoutScheduler.java:104)
	at org.apache.ratis.util.LogUtils.runAndLog(LogUtils.java:50)
	at org.apache.ratis.util.LogUtils$1.run(LogUtils.java:91)
	at java.util.concurrent.Executors$RunnableAdapter.call(Executors.java:511)
	at java.util.concurrent.FutureTask.run(FutureTask.java:266)
	at java.util.concurrent.ScheduledThreadPoolExecutor$ScheduledFutureTask.access$201(ScheduledThreadPoolExecutor.java:180)
	at java.util.concurrent.ScheduledThreadPoolExecutor$ScheduledFutureTask.run(ScheduledThreadPoolExecutor.java:293)
	at java.util.concurrent.ThreadPoolExecutor.runWorker(ThreadPoolExecutor.java:1149)
	at java.util.concurrent.ThreadPoolExecutor$Worker.run(ThreadPoolExecutor.java:624)
	at java.lang.Thread.run(Thread.java:748)

Sep 04, 2019 10:15:55 AM org.apache.ratis.thirdparty.io.grpc.internal.ManagedChannelOrphanWrapper$ManagedChannelReference cleanQueue
SEVERE: *~*~*~ Channel ManagedChannelImpl{logId=2903, target=192.168.36.67:37108} was not shutdown properly!!! ~*~*~*
    Make sure to call shutdown()/shutdownNow() and wait until awaitTermination() returns true.
java.lang.RuntimeException: ManagedChannel allocation site
	at org.apache.ratis.thirdparty.io.grpc.internal.ManagedChannelOrphanWrapper$ManagedChannelReference.<init>(ManagedChannelOrphanWrapper.java:103)
	at org.apache.ratis.thirdparty.io.grpc.internal.ManagedChannelOrphanWrapper.<init>(ManagedChannelOrphanWrapper.java:53)
	at org.apache.ratis.thirdparty.io.grpc.internal.ManagedChannelOrphanWrapper.<init>(ManagedChannelOrphanWrapper.java:44)
	at org.apache.ratis.thirdparty.io.grpc.internal.AbstractManagedChannelImplBuilder.build(AbstractManagedChannelImplBuilder.java:411)
	at org.apache.hadoop.hdds.scm.XceiverClientGrpc.connectToDatanode(XceiverClientGrpc.java:175)
	at org.apache.hadoop.hdds.scm.XceiverClientGrpc.reconnect(XceiverClientGrpc.java:423)
	at org.apache.hadoop.hdds.scm.XceiverClientGrpc.sendCommandAsync(XceiverClientGrpc.java:372)
	at org.apache.hadoop.hdds.scm.XceiverClientGrpc.sendCommandWithRetry(XceiverClientGrpc.java:285)
	at org.apache.hadoop.hdds.scm.XceiverClientGrpc.sendCommandWithTraceIDAndRetry(XceiverClientGrpc.java:251)
	at org.apache.hadoop.hdds.scm.XceiverClientGrpc.sendCommand(XceiverClientGrpc.java:234)
	at org.apache.hadoop.hdds.scm.storage.ContainerProtocolCalls.getBlock(ContainerProtocolCalls.java:118)
	at org.apache.hadoop.hdds.scm.storage.BlockInputStream.getChunkInfos(BlockInputStream.java:167)
	at org.apache.hadoop.hdds.scm.storage.BlockInputStream.initialize(BlockInputStream.java:118)
	at org.apache.hadoop.hdds.scm.storage.BlockInputStream.read(BlockInputStream.java:222)
	at org.apache.hadoop.ozone.client.io.KeyInputStream.read(KeyInputStream.java:171)
	at org.apache.hadoop.ozone.client.io.OzoneInputStream.read(OzoneInputStream.java:47)
	at java.io.InputStream.read(InputStream.java:101)
	at org.apache.hadoop.ozone.container.ContainerTestHelper.validateData(ContainerTestHelper.java:713)
	at org.apache.hadoop.ozone.client.rpc.TestBlockOutputStreamWithFailures.validateData(TestBlockOutputStreamWithFailures.java:1216)
	at org.apache.hadoop.ozone.client.rpc.TestBlockOutputStreamWithFailures.testWatchForCommitWithSingleNodeRatis(TestBlockOutputStreamWithFailures.java:918)
	at sun.reflect.NativeMethodAccessorImpl.invoke0(Native Method)
	at sun.reflect.NativeMethodAccessorImpl.invoke(NativeMethodAccessorImpl.java:62)
	at sun.reflect.DelegatingMethodAccessorImpl.invoke(DelegatingMethodAccessorImpl.java:43)
	at java.lang.reflect.Method.invoke(Method.java:498)
	at org.junit.runners.model.FrameworkMethod$1.runReflectiveCall(FrameworkMethod.java:47)
	at org.junit.internal.runners.model.ReflectiveCallable.run(ReflectiveCallable.java:12)
	at org.junit.runners.model.FrameworkMethod.invokeExplosively(FrameworkMethod.java:44)
	at org.junit.internal.runners.statements.InvokeMethod.evaluate(InvokeMethod.java:17)
	at org.junit.internal.runners.statements.RunBefores.evaluate(RunBefores.java:26)
	at org.junit.internal.runners.statements.RunAfters.evaluate(RunAfters.java:27)
	at org.junit.runners.ParentRunner.runLeaf(ParentRunner.java:271)
	at org.junit.runners.BlockJUnit4ClassRunner.runChild(BlockJUnit4ClassRunner.java:70)
	at org.junit.runners.BlockJUnit4ClassRunner.runChild(BlockJUnit4ClassRunner.java:50)
	at org.junit.runners.ParentRunner$3.run(ParentRunner.java:238)
	at org.junit.runners.ParentRunner$1.schedule(ParentRunner.java:63)
	at org.junit.runners.ParentRunner.runChildren(ParentRunner.java:236)
	at org.junit.runners.ParentRunner.access$000(ParentRunner.java:53)
	at org.junit.runners.ParentRunner$2.evaluate(ParentRunner.java:229)
	at org.junit.runners.ParentRunner.run(ParentRunner.java:309)
	at org.apache.maven.surefire.junit4.JUnit4Provider.execute(JUnit4Provider.java:365)
	at org.apache.maven.surefire.junit4.JUnit4Provider.executeWithRerun(JUnit4Provider.java:273)
	at org.apache.maven.surefire.junit4.JUnit4Provider.executeTestSet(JUnit4Provider.java:238)
	at org.apache.maven.surefire.junit4.JUnit4Provider.invoke(JUnit4Provider.java:159)
	at org.apache.maven.surefire.booter.ForkedBooter.invokeProviderInSameClassLoader(ForkedBooter.java:384)
	at org.apache.maven.surefire.booter.ForkedBooter.runSuitesInProcess(ForkedBooter.java:345)
	at org.apache.maven.surefire.booter.ForkedBooter.execute(ForkedBooter.java:126)
	at org.apache.maven.surefire.booter.ForkedBooter.main(ForkedBooter.java:418)

]]></system-err>
  </testcase>
  <testcase name="testFailureWithPrimeSizedData" classname="org.apache.hadoop.ozone.client.rpc.TestBlockOutputStreamWithFailures" time="35.792">
    <failure message="expected:&lt;72&gt; but was:&lt;74&gt;" type="java.lang.AssertionError"><![CDATA[java.lang.AssertionError: expected:<72> but was:<74>
	at org.junit.Assert.fail(Assert.java:88)
	at org.junit.Assert.failNotEquals(Assert.java:743)
	at org.junit.Assert.assertEquals(Assert.java:118)
	at org.junit.Assert.assertEquals(Assert.java:555)
	at org.junit.Assert.assertEquals(Assert.java:542)
	at org.apache.hadoop.ozone.client.rpc.TestBlockOutputStreamWithFailures.testFailureWithPrimeSizedData(TestBlockOutputStreamWithFailures.java:605)
	at sun.reflect.NativeMethodAccessorImpl.invoke0(Native Method)
	at sun.reflect.NativeMethodAccessorImpl.invoke(NativeMethodAccessorImpl.java:62)
	at sun.reflect.DelegatingMethodAccessorImpl.invoke(DelegatingMethodAccessorImpl.java:43)
	at java.lang.reflect.Method.invoke(Method.java:498)
	at org.junit.runners.model.FrameworkMethod$1.runReflectiveCall(FrameworkMethod.java:47)
	at org.junit.internal.runners.model.ReflectiveCallable.run(ReflectiveCallable.java:12)
	at org.junit.runners.model.FrameworkMethod.invokeExplosively(FrameworkMethod.java:44)
	at org.junit.internal.runners.statements.InvokeMethod.evaluate(InvokeMethod.java:17)
	at org.junit.internal.runners.statements.RunBefores.evaluate(RunBefores.java:26)
	at org.junit.internal.runners.statements.RunAfters.evaluate(RunAfters.java:27)
	at org.junit.runners.ParentRunner.runLeaf(ParentRunner.java:271)
	at org.junit.runners.BlockJUnit4ClassRunner.runChild(BlockJUnit4ClassRunner.java:70)
	at org.junit.runners.BlockJUnit4ClassRunner.runChild(BlockJUnit4ClassRunner.java:50)
	at org.junit.runners.ParentRunner$3.run(ParentRunner.java:238)
	at org.junit.runners.ParentRunner$1.schedule(ParentRunner.java:63)
	at org.junit.runners.ParentRunner.runChildren(ParentRunner.java:236)
	at org.junit.runners.ParentRunner.access$000(ParentRunner.java:53)
	at org.junit.runners.ParentRunner$2.evaluate(ParentRunner.java:229)
	at org.junit.runners.ParentRunner.run(ParentRunner.java:309)
	at org.apache.maven.surefire.junit4.JUnit4Provider.execute(JUnit4Provider.java:365)
	at org.apache.maven.surefire.junit4.JUnit4Provider.executeWithRerun(JUnit4Provider.java:273)
	at org.apache.maven.surefire.junit4.JUnit4Provider.executeTestSet(JUnit4Provider.java:238)
	at org.apache.maven.surefire.junit4.JUnit4Provider.invoke(JUnit4Provider.java:159)
	at org.apache.maven.surefire.booter.ForkedBooter.invokeProviderInSameClassLoader(ForkedBooter.java:384)
	at org.apache.maven.surefire.booter.ForkedBooter.runSuitesInProcess(ForkedBooter.java:345)
	at org.apache.maven.surefire.booter.ForkedBooter.execute(ForkedBooter.java:126)
	at org.apache.maven.surefire.booter.ForkedBooter.main(ForkedBooter.java:418)
]]></failure>
    <system-out><![CDATA[2019-09-04 10:16:25,260 [main] WARN  server.ServerUtils (ServerUtils.java:getScmDbDir(145)) - ozone.scm.db.dirs is not configured. We recommend adding this setting. Falling back to ozone.metadata.dirs instead.
2019-09-04 10:16:25,294 [main] WARN  server.ServerUtils (ServerUtils.java:getScmDbDir(145)) - ozone.scm.db.dirs is not configured. We recommend adding this setting. Falling back to ozone.metadata.dirs instead.
2019-09-04 10:16:25,294 [main] WARN  server.ServerUtils (ServerUtils.java:getScmDbDir(145)) - ozone.scm.db.dirs is not configured. We recommend adding this setting. Falling back to ozone.metadata.dirs instead.
2019-09-04 10:16:25,294 [main] INFO  db.DBStoreBuilder (DBStoreBuilder.java:addTable(110)) - using custom profile for table: deletedBlocks
2019-09-04 10:16:25,295 [main] INFO  db.DBStoreBuilder (DBStoreBuilder.java:processTables(161)) - Using default column profile:DBProfile.DISK for Table:deletedBlocks
2019-09-04 10:16:25,295 [main] INFO  db.DBStoreBuilder (DBStoreBuilder.java:addTable(110)) - using custom profile for table: validCerts
2019-09-04 10:16:25,295 [main] INFO  db.DBStoreBuilder (DBStoreBuilder.java:processTables(161)) - Using default column profile:DBProfile.DISK for Table:validCerts
2019-09-04 10:16:25,295 [main] INFO  db.DBStoreBuilder (DBStoreBuilder.java:addTable(110)) - using custom profile for table: revokedCerts
2019-09-04 10:16:25,295 [main] INFO  db.DBStoreBuilder (DBStoreBuilder.java:processTables(161)) - Using default column profile:DBProfile.DISK for Table:revokedCerts
2019-09-04 10:16:25,295 [main] INFO  db.DBStoreBuilder (DBStoreBuilder.java:addTable(110)) - using custom profile for table: default
2019-09-04 10:16:25,296 [main] INFO  db.DBStoreBuilder (DBStoreBuilder.java:processTables(167)) - Using default column profile:DBProfile.DISK for Table:default
2019-09-04 10:16:25,296 [main] INFO  db.DBStoreBuilder (DBStoreBuilder.java:getDbProfile(198)) - Using default options. DBProfile.DISK
2019-09-04 10:16:25,518 [main] INFO  net.NodeSchemaLoader (NodeSchemaLoader.java:loadSchemaFromFile(125)) - Loading file from sun.misc.CompoundEnumeration@7138e064
2019-09-04 10:16:25,519 [main] INFO  net.NodeSchemaLoader (NodeSchemaLoader.java:loadSchema(171)) - Loading network topology layer schema file
2019-09-04 10:16:25,526 [main] INFO  node.SCMNodeManager (SCMNodeManager.java:<init>(121)) - Entering startup safe mode.
2019-09-04 10:16:25,527 [main] INFO  algorithms.ContainerPlacementPolicyFactory (ContainerPlacementPolicyFactory.java:getPolicy(55)) - Create container placement policy of type org.apache.hadoop.hdds.scm.container.placement.algorithms.SCMContainerPlacementRandom
2019-09-04 10:16:25,527 [main] WARN  server.ServerUtils (ServerUtils.java:getScmDbDir(145)) - ozone.scm.db.dirs is not configured. We recommend adding this setting. Falling back to ozone.metadata.dirs instead.
2019-09-04 10:16:25,601 [main] INFO  pipeline.SCMPipelineManager (SCMPipelineManager.java:initializePipelineState(126)) - No pipeline exists in current db
2019-09-04 10:16:25,601 [main] WARN  server.ServerUtils (ServerUtils.java:getScmDbDir(145)) - ozone.scm.db.dirs is not configured. We recommend adding this setting. Falling back to ozone.metadata.dirs instead.
2019-09-04 10:16:25,699 [main] WARN  events.EventQueue (EventQueue.java:fireEvent(175)) - No event handler registered for event TypedEvent{payloadType=SafeModeStatus, name='SafeModeStatus'}
2019-09-04 10:16:25,700 [main] INFO  ipc.CallQueueManager (CallQueueManager.java:<init>(84)) - Using callQueue: class java.util.concurrent.LinkedBlockingQueue, queueCapacity: 2000, scheduler: class org.apache.hadoop.ipc.DefaultRpcScheduler, ipcBackoff: false.
2019-09-04 10:16:25,700 [Socket Reader #1 for port 36262] INFO  ipc.Server (Server.java:run(1074)) - Starting Socket Reader #1 for port 36262
2019-09-04 10:16:25,702 [main] INFO  ipc.CallQueueManager (CallQueueManager.java:<init>(84)) - Using callQueue: class java.util.concurrent.LinkedBlockingQueue, queueCapacity: 2000, scheduler: class org.apache.hadoop.ipc.DefaultRpcScheduler, ipcBackoff: false.
2019-09-04 10:16:25,703 [Socket Reader #1 for port 34008] INFO  ipc.Server (Server.java:run(1074)) - Starting Socket Reader #1 for port 34008
2019-09-04 10:16:25,703 [main] INFO  ipc.CallQueueManager (CallQueueManager.java:<init>(84)) - Using callQueue: class java.util.concurrent.LinkedBlockingQueue, queueCapacity: 2000, scheduler: class org.apache.hadoop.ipc.DefaultRpcScheduler, ipcBackoff: false.
2019-09-04 10:16:25,704 [Socket Reader #1 for port 43113] INFO  ipc.Server (Server.java:run(1074)) - Starting Socket Reader #1 for port 43113
2019-09-04 10:16:25,707 [main] INFO  hdfs.DFSUtil (DFSUtil.java:httpServerTemplateForNNAndJN(1641)) - Starting Web-server for scm at: http://0.0.0.0:0
2019-09-04 10:16:25,710 [main] INFO  server.AuthenticationFilter (AuthenticationFilter.java:constructSecretProvider(240)) - Unable to initialize FileSignerSecretProvider, falling back to use random secrets.
2019-09-04 10:16:25,711 [main] WARN  http.HttpRequestLog (HttpRequestLog.java:getRequestLog(97)) - Jetty request log can only be enabled using Log4j
2019-09-04 10:16:25,712 [main] INFO  http.HttpServer2 (HttpServer2.java:addGlobalFilter(975)) - Added global filter 'safety' (class=org.apache.hadoop.http.HttpServer2$QuotingInputFilter)
2019-09-04 10:16:25,713 [main] INFO  http.HttpServer2 (HttpServer2.java:addFilter(948)) - Added filter static_user_filter (class=org.apache.hadoop.http.lib.StaticUserWebFilter$StaticUserFilter) to context scm
2019-09-04 10:16:25,713 [main] INFO  http.HttpServer2 (HttpServer2.java:addFilter(958)) - Added filter static_user_filter (class=org.apache.hadoop.http.lib.StaticUserWebFilter$StaticUserFilter) to context logs
2019-09-04 10:16:25,713 [main] INFO  http.HttpServer2 (HttpServer2.java:addFilter(958)) - Added filter static_user_filter (class=org.apache.hadoop.http.lib.StaticUserWebFilter$StaticUserFilter) to context static
2019-09-04 10:16:25,715 [main] INFO  server.StorageContainerManager (StorageContainerManager.java:start(759)) - StorageContainerLocationProtocol RPC server is listening at /0.0.0.0:43113
2019-09-04 10:16:25,717 [main] WARN  impl.MetricsConfig (MetricsConfig.java:loadFirst(134)) - Cannot locate configuration: tried hadoop-metrics2-storagecontainermanager.properties,hadoop-metrics2.properties
2019-09-04 10:16:25,717 [main] INFO  impl.MetricsSystemImpl (MetricsSystemImpl.java:startTimer(374)) - Scheduled Metric snapshot period at 10 second(s).
2019-09-04 10:16:25,717 [main] INFO  impl.MetricsSystemImpl (MetricsSystemImpl.java:start(191)) - StorageContainerManager metrics system started
2019-09-04 10:16:25,820 [main] INFO  server.SCMClientProtocolServer (SCMClientProtocolServer.java:start(151)) - RPC server for Client  is listening at /0.0.0.0:43113
2019-09-04 10:16:25,821 [IPC Server Responder] INFO  ipc.Server (Server.java:run(1314)) - IPC Server Responder: starting
2019-09-04 10:16:25,821 [IPC Server listener on 43113] INFO  ipc.Server (Server.java:run(1153)) - IPC Server listener on 43113: starting
2019-09-04 10:16:25,825 [main] INFO  server.StorageContainerManager (StorageContainerManager.java:start(769)) - ScmBlockLocationProtocol RPC server is listening at /0.0.0.0:34008
2019-09-04 10:16:25,825 [main] INFO  server.SCMBlockProtocolServer (SCMBlockProtocolServer.java:start(140)) - RPC server for Block Protocol is listening at /0.0.0.0:34008
2019-09-04 10:16:25,825 [IPC Server Responder] INFO  ipc.Server (Server.java:run(1314)) - IPC Server Responder: starting
2019-09-04 10:16:25,825 [IPC Server listener on 34008] INFO  ipc.Server (Server.java:run(1153)) - IPC Server listener on 34008: starting
2019-09-04 10:16:25,829 [main] INFO  server.StorageContainerManager (StorageContainerManager.java:start(773)) - ScmDatanodeProtocl RPC server is listening at /0.0.0.0:36262
2019-09-04 10:16:25,829 [main] INFO  server.SCMDatanodeProtocolServer (SCMDatanodeProtocolServer.java:start(191)) - RPC server for DataNodes is listening at /0.0.0.0:36262
2019-09-04 10:16:25,829 [IPC Server Responder] INFO  ipc.Server (Server.java:run(1314)) - IPC Server Responder: starting
2019-09-04 10:16:25,832 [IPC Server listener on 36262] INFO  ipc.Server (Server.java:run(1153)) - IPC Server listener on 36262: starting
2019-09-04 10:16:25,837 [main] INFO  http.HttpServer2 (HttpServer2.java:bindListener(1191)) - Jetty bound to port 33311
2019-09-04 10:16:25,837 [main] INFO  server.Server (Server.java:doStart(351)) - jetty-9.3.24.v20180605, build timestamp: 2018-06-05T17:11:56Z, git hash: 84205aa28f11a4f31f2a3b86d1bba2cc8ab69827
2019-09-04 10:16:25,838 [main] INFO  handler.ContextHandler (ContextHandler.java:doStart(781)) - Started o.e.j.s.ServletContextHandler@61563a91{/logs,file:///workdir/hadoop-ozone/integration-test/target/log,AVAILABLE}
2019-09-04 10:16:25,839 [main] INFO  handler.ContextHandler (ContextHandler.java:doStart(781)) - Started o.e.j.s.ServletContextHandler@4e1ffe54{/static,file:///workdir/hadoop-ozone/integration-test/target/test-classes/webapps/static,AVAILABLE}
2019-09-04 10:16:25,863 [main] INFO  handler.ContextHandler (ContextHandler.java:doStart(781)) - Started o.e.j.w.WebAppContext@79dd79eb{/,file:///workdir/hadoop-ozone/integration-test/target/test-classes/webapps/scm/,AVAILABLE}{/scm}
2019-09-04 10:16:25,864 [main] INFO  server.AbstractConnector (AbstractConnector.java:doStart(278)) - Started ServerConnector@368617cd{HTTP/1.1,[http/1.1]}{0.0.0.0:33311}
2019-09-04 10:16:25,865 [main] INFO  server.Server (Server.java:doStart(419)) - Started @635188ms
2019-09-04 10:16:25,866 [main] INFO  server.BaseHttpServer (BaseHttpServer.java:updateConnectorAddress(213)) - HTTP server of SCM is listening at http://0.0.0.0:33311
2019-09-04 10:16:25,867 [main] WARN  server.ServerUtils (ServerUtils.java:getDBPath(222)) - ozone.om.db.dirs is not configured. We recommend adding this setting. Falling back to ozone.metadata.dirs instead.
2019-09-04 10:16:25,867 [org.apache.hadoop.util.JvmPauseMonitor$Monitor@502a9b30] INFO  util.JvmPauseMonitor (JvmPauseMonitor.java:run(188)) - Starting JVM pause monitor
2019-09-04 10:16:25,880 [main] WARN  server.ServerUtils (ServerUtils.java:getDBPath(222)) - ozone.om.db.dirs is not configured. We recommend adding this setting. Falling back to ozone.metadata.dirs instead.
2019-09-04 10:16:25,880 [main] WARN  server.ServerUtils (ServerUtils.java:getDBPath(222)) - ozone.om.db.dirs is not configured. We recommend adding this setting. Falling back to ozone.metadata.dirs instead.
2019-09-04 10:16:25,881 [main] INFO  om.OzoneManager (OzoneManager.java:setOMNodeDetails(645)) - OM Service ID is not set. Setting it to the default ID: omServiceIdDefault
2019-09-04 10:16:25,881 [main] INFO  om.OzoneManager (OzoneManager.java:setOMNodeDetails(651)) - OM Node ID is not set. Setting it to the OmStorage's OmID: 89d996e9-3cfb-47d2-8ec5-74b5a9bad686
2019-09-04 10:16:25,881 [main] INFO  om.OzoneManager (OzoneManager.java:loadOMHAConfigs(602)) - Found matching OM address with OMServiceId: null, OMNodeId: null, RPC Address: localhost:0 and Ratis port: 9872
2019-09-04 10:16:25,885 | INFO  | SCMAudit | user=jenkins1000 | ip=192.168.36.67 | op=GET_SCM_INFO null | ret=SUCCESS |  
2019-09-04 10:16:25,887 [main] WARN  server.ServerUtils (ServerUtils.java:getDBPath(222)) - ozone.om.db.dirs is not configured. We recommend adding this setting. Falling back to ozone.metadata.dirs instead.
2019-09-04 10:16:25,887 [main] INFO  db.DBStoreBuilder (DBStoreBuilder.java:addTable(110)) - using custom profile for table: userTable
2019-09-04 10:16:25,888 [main] INFO  db.DBStoreBuilder (DBStoreBuilder.java:processTables(161)) - Using default column profile:DBProfile.DISK for Table:userTable
2019-09-04 10:16:25,888 [main] INFO  db.DBStoreBuilder (DBStoreBuilder.java:addTable(110)) - using custom profile for table: volumeTable
2019-09-04 10:16:25,888 [main] INFO  db.DBStoreBuilder (DBStoreBuilder.java:processTables(161)) - Using default column profile:DBProfile.DISK for Table:volumeTable
2019-09-04 10:16:25,888 [main] INFO  db.DBStoreBuilder (DBStoreBuilder.java:addTable(110)) - using custom profile for table: bucketTable
2019-09-04 10:16:25,888 [main] INFO  db.DBStoreBuilder (DBStoreBuilder.java:processTables(161)) - Using default column profile:DBProfile.DISK for Table:bucketTable
2019-09-04 10:16:25,889 [main] INFO  db.DBStoreBuilder (DBStoreBuilder.java:addTable(110)) - using custom profile for table: keyTable
2019-09-04 10:16:25,889 [main] INFO  db.DBStoreBuilder (DBStoreBuilder.java:processTables(161)) - Using default column profile:DBProfile.DISK for Table:keyTable
2019-09-04 10:16:25,889 [main] INFO  db.DBStoreBuilder (DBStoreBuilder.java:addTable(110)) - using custom profile for table: deletedTable
2019-09-04 10:16:25,889 [main] INFO  db.DBStoreBuilder (DBStoreBuilder.java:processTables(161)) - Using default column profile:DBProfile.DISK for Table:deletedTable
2019-09-04 10:16:25,889 [main] INFO  db.DBStoreBuilder (DBStoreBuilder.java:addTable(110)) - using custom profile for table: openKeyTable
2019-09-04 10:16:25,890 [main] INFO  db.DBStoreBuilder (DBStoreBuilder.java:processTables(161)) - Using default column profile:DBProfile.DISK for Table:openKeyTable
2019-09-04 10:16:25,890 [main] INFO  db.DBStoreBuilder (DBStoreBuilder.java:addTable(110)) - using custom profile for table: s3Table
2019-09-04 10:16:25,890 [main] INFO  db.DBStoreBuilder (DBStoreBuilder.java:processTables(161)) - Using default column profile:DBProfile.DISK for Table:s3Table
2019-09-04 10:16:25,890 [main] INFO  db.DBStoreBuilder (DBStoreBuilder.java:addTable(110)) - using custom profile for table: multipartInfoTable
2019-09-04 10:16:25,890 [main] INFO  db.DBStoreBuilder (DBStoreBuilder.java:processTables(161)) - Using default column profile:DBProfile.DISK for Table:multipartInfoTable
2019-09-04 10:16:25,891 [main] INFO  db.DBStoreBuilder (DBStoreBuilder.java:addTable(110)) - using custom profile for table: dTokenTable
2019-09-04 10:16:25,891 [main] INFO  db.DBStoreBuilder (DBStoreBuilder.java:processTables(161)) - Using default column profile:DBProfile.DISK for Table:dTokenTable
2019-09-04 10:16:25,891 [main] INFO  db.DBStoreBuilder (DBStoreBuilder.java:addTable(110)) - using custom profile for table: s3SecretTable
2019-09-04 10:16:25,891 [main] INFO  db.DBStoreBuilder (DBStoreBuilder.java:processTables(161)) - Using default column profile:DBProfile.DISK for Table:s3SecretTable
2019-09-04 10:16:25,891 [main] INFO  db.DBStoreBuilder (DBStoreBuilder.java:addTable(110)) - using custom profile for table: prefixTable
2019-09-04 10:16:25,891 [main] INFO  db.DBStoreBuilder (DBStoreBuilder.java:processTables(161)) - Using default column profile:DBProfile.DISK for Table:prefixTable
2019-09-04 10:16:25,892 [main] INFO  db.DBStoreBuilder (DBStoreBuilder.java:addTable(110)) - using custom profile for table: default
2019-09-04 10:16:25,892 [main] INFO  db.DBStoreBuilder (DBStoreBuilder.java:processTables(167)) - Using default column profile:DBProfile.DISK for Table:default
2019-09-04 10:16:25,892 [main] INFO  db.DBStoreBuilder (DBStoreBuilder.java:getDbProfile(198)) - Using default options. DBProfile.DISK
2019-09-04 10:16:26,652 [main] INFO  ipc.CallQueueManager (CallQueueManager.java:<init>(84)) - Using callQueue: class java.util.concurrent.LinkedBlockingQueue, queueCapacity: 2000, scheduler: class org.apache.hadoop.ipc.DefaultRpcScheduler, ipcBackoff: false.
2019-09-04 10:16:26,653 [Socket Reader #1 for port 39794] INFO  ipc.Server (Server.java:run(1074)) - Starting Socket Reader #1 for port 39794
2019-09-04 10:16:26,668 [main] INFO  om.OzoneManager (OzoneManager.java:start(1256)) - OzoneManager RPC server is listening at localhost/127.0.0.1:39794
2019-09-04 10:16:26,668 [main] INFO  impl.MetricsSystemImpl (MetricsSystemImpl.java:init(158)) - OzoneManager metrics system started (again)
2019-09-04 10:16:26,668 [IPC Server Responder] INFO  ipc.Server (Server.java:run(1314)) - IPC Server Responder: starting
2019-09-04 10:16:26,670 [IPC Server listener on 39794] INFO  ipc.Server (Server.java:run(1153)) - IPC Server listener on 39794: starting
2019-09-04 10:16:26,678 [main] INFO  hdfs.DFSUtil (DFSUtil.java:httpServerTemplateForNNAndJN(1641)) - Starting Web-server for ozoneManager at: http://0.0.0.0:0
2019-09-04 10:16:26,679 [main] INFO  server.AuthenticationFilter (AuthenticationFilter.java:constructSecretProvider(240)) - Unable to initialize FileSignerSecretProvider, falling back to use random secrets.
2019-09-04 10:16:26,680 [main] WARN  http.HttpRequestLog (HttpRequestLog.java:getRequestLog(97)) - Jetty request log can only be enabled using Log4j
2019-09-04 10:16:26,681 [main] INFO  http.HttpServer2 (HttpServer2.java:addGlobalFilter(975)) - Added global filter 'safety' (class=org.apache.hadoop.http.HttpServer2$QuotingInputFilter)
2019-09-04 10:16:26,682 [main] INFO  http.HttpServer2 (HttpServer2.java:addFilter(948)) - Added filter static_user_filter (class=org.apache.hadoop.http.lib.StaticUserWebFilter$StaticUserFilter) to context ozoneManager
2019-09-04 10:16:26,682 [main] INFO  http.HttpServer2 (HttpServer2.java:addFilter(958)) - Added filter static_user_filter (class=org.apache.hadoop.http.lib.StaticUserWebFilter$StaticUserFilter) to context static
2019-09-04 10:16:26,682 [main] INFO  http.HttpServer2 (HttpServer2.java:addFilter(958)) - Added filter static_user_filter (class=org.apache.hadoop.http.lib.StaticUserWebFilter$StaticUserFilter) to context logs
2019-09-04 10:16:26,684 [main] INFO  http.HttpServer2 (HttpServer2.java:bindListener(1191)) - Jetty bound to port 42967
2019-09-04 10:16:26,684 [main] INFO  server.Server (Server.java:doStart(351)) - jetty-9.3.24.v20180605, build timestamp: 2018-06-05T17:11:56Z, git hash: 84205aa28f11a4f31f2a3b86d1bba2cc8ab69827
2019-09-04 10:16:26,686 [main] INFO  handler.ContextHandler (ContextHandler.java:doStart(781)) - Started o.e.j.s.ServletContextHandler@4664cd32{/logs,file:///workdir/hadoop-ozone/integration-test/target/log,AVAILABLE}
2019-09-04 10:16:26,686 [main] INFO  handler.ContextHandler (ContextHandler.java:doStart(781)) - Started o.e.j.s.ServletContextHandler@73c25e8{/static,file:///workdir/hadoop-ozone/integration-test/target/test-classes/webapps/static,AVAILABLE}
2019-09-04 10:16:26,691 [main] INFO  handler.ContextHandler (ContextHandler.java:doStart(781)) - Started o.e.j.w.WebAppContext@ab5af13{/,file:///workdir/hadoop-ozone/integration-test/target/test-classes/webapps/ozoneManager/,AVAILABLE}{/ozoneManager}
2019-09-04 10:16:26,691 [main] INFO  server.AbstractConnector (AbstractConnector.java:doStart(278)) - Started ServerConnector@2f2e75ae{HTTP/1.1,[http/1.1]}{0.0.0.0:42967}
2019-09-04 10:16:26,692 [main] INFO  server.Server (Server.java:doStart(419)) - Started @636015ms
2019-09-04 10:16:26,693 [main] INFO  server.BaseHttpServer (BaseHttpServer.java:updateConnectorAddress(213)) - HTTP server of OZONEMANAGER is listening at http://0.0.0.0:42967
2019-09-04 10:16:26,724 [main] INFO  impl.MetricsSystemImpl (MetricsSystemImpl.java:init(158)) - HddsDatanode metrics system started (again)
2019-09-04 10:16:26,727 [main] INFO  ozone.HddsDatanodeService (HddsDatanodeService.java:start(184)) - HddsDatanodeService host:pr-hdds-1569-fjd24-125839774 ip:192.168.36.67
2019-09-04 10:16:26,739 [main] INFO  volume.HddsVolume (HddsVolume.java:<init>(176)) - Creating Volume: /workdir/hadoop-ozone/integration-test/target/test-dir/MiniOzoneClusterImpl-92bdd970-4d32-4065-b0f9-0a546f741942/datanode-0/data/containers/hdds of  storage type : DISK and capacity : 1482555576320
2019-09-04 10:16:26,739 [main] INFO  volume.VolumeSet (VolumeSet.java:initializeVolumeSet(170)) - Added Volume : /workdir/hadoop-ozone/integration-test/target/test-dir/MiniOzoneClusterImpl-92bdd970-4d32-4065-b0f9-0a546f741942/datanode-0/data/containers/hdds to VolumeSet
2019-09-04 10:16:26,739 [main] INFO  volume.ThrottledAsyncChecker (ThrottledAsyncChecker.java:schedule(140)) - Scheduling a check for org.apache.hadoop.ozone.container.common.volume.HddsVolume@70721c2d
2019-09-04 10:16:26,740 [main] INFO  volume.HddsVolumeChecker (HddsVolumeChecker.java:checkAllVolumes(203)) - Scheduled health check for volume org.apache.hadoop.ozone.container.common.volume.HddsVolume@70721c2d
2019-09-04 10:16:26,757 [main] INFO  impl.RaftServerProxy (ConfUtils.java:logGet(43)) - raft.rpc.type = GRPC (default)
2019-09-04 10:16:26,757 [main] INFO  grpc.GrpcFactory (GrpcFactory.java:checkPooledByteBufAllocatorUseCacheForAllThreads(45)) - PERFORMANCE WARNING: useCacheForAllThreads is true that may cause Netty to create a lot garbage objects and, as a result, trigger GC.
	It is recommended to disable useCacheForAllThreads by setting -Dorg.apache.ratis.thirdparty.io.netty.allocator.useCacheForAllThreads=false in command line.
2019-09-04 10:16:26,757 [main] INFO  grpc.GrpcConfigKeys$Server (ConfUtils.java:logGet(43)) - raft.grpc.server.port = 0 (default)
2019-09-04 10:16:26,758 [main] INFO  server.GrpcService (ConfUtils.java:logGet(43)) - raft.grpc.message.size.max = 33570816 (custom)
2019-09-04 10:16:26,758 [main] INFO  server.RaftServerConfigKeys (ConfUtils.java:logGet(43)) - raft.server.log.appender.buffer.byte-limit = 33554432 (custom)
2019-09-04 10:16:26,758 [main] INFO  server.GrpcService (ConfUtils.java:logGet(43)) - raft.grpc.flow.control.window = 1MB (=1048576) (default)
2019-09-04 10:16:26,758 [main] INFO  server.RaftServerConfigKeys (ConfUtils.java:logGet(43)) - raft.server.rpc.request.timeout = 3000ms (default)
2019-09-04 10:16:26,758 [main] INFO  server.RaftServerConfigKeys (ConfUtils.java:logGet(43)) - raft.server.storage.dir = [/workdir/hadoop-ozone/integration-test/target/test-dir/MiniOzoneClusterImpl-92bdd970-4d32-4065-b0f9-0a546f741942/datanode-0/data/ratis] (custom)
2019-09-04 10:16:26,759 [main] INFO  replication.SimpleContainerDownloader (SimpleContainerDownloader.java:<init>(72)) - Starting container downloader service to copy containers to replicate.
2019-09-04 10:16:26,760 [main] INFO  hdfs.DFSUtil (DFSUtil.java:httpServerTemplateForNNAndJN(1641)) - Starting Web-server for hddsDatanode at: http://0.0.0.0:0
2019-09-04 10:16:26,761 [main] INFO  server.AuthenticationFilter (AuthenticationFilter.java:constructSecretProvider(240)) - Unable to initialize FileSignerSecretProvider, falling back to use random secrets.
2019-09-04 10:16:26,761 [main] WARN  http.HttpRequestLog (HttpRequestLog.java:getRequestLog(97)) - Jetty request log can only be enabled using Log4j
2019-09-04 10:16:26,762 [main] INFO  http.HttpServer2 (HttpServer2.java:addGlobalFilter(975)) - Added global filter 'safety' (class=org.apache.hadoop.http.HttpServer2$QuotingInputFilter)
2019-09-04 10:16:26,763 [main] INFO  http.HttpServer2 (HttpServer2.java:addFilter(948)) - Added filter static_user_filter (class=org.apache.hadoop.http.lib.StaticUserWebFilter$StaticUserFilter) to context hddsDatanode
2019-09-04 10:16:26,763 [main] INFO  http.HttpServer2 (HttpServer2.java:addFilter(958)) - Added filter static_user_filter (class=org.apache.hadoop.http.lib.StaticUserWebFilter$StaticUserFilter) to context static
2019-09-04 10:16:26,763 [main] INFO  http.HttpServer2 (HttpServer2.java:addFilter(958)) - Added filter static_user_filter (class=org.apache.hadoop.http.lib.StaticUserWebFilter$StaticUserFilter) to context logs
2019-09-04 10:16:26,764 [main] INFO  http.HttpServer2 (HttpServer2.java:bindListener(1191)) - Jetty bound to port 35406
2019-09-04 10:16:26,764 [main] INFO  server.Server (Server.java:doStart(351)) - jetty-9.3.24.v20180605, build timestamp: 2018-06-05T17:11:56Z, git hash: 84205aa28f11a4f31f2a3b86d1bba2cc8ab69827
2019-09-04 10:16:26,765 [main] INFO  handler.ContextHandler (ContextHandler.java:doStart(781)) - Started o.e.j.s.ServletContextHandler@3979ff82{/logs,file:///workdir/hadoop-ozone/integration-test/target/log,AVAILABLE}
2019-09-04 10:16:26,765 [main] INFO  handler.ContextHandler (ContextHandler.java:doStart(781)) - Started o.e.j.s.ServletContextHandler@74161ed7{/static,jar:file:/home/user/.m2/repository/org/apache/hadoop/hadoop-hdds-container-service/0.5.0-SNAPSHOT/hadoop-hdds-container-service-0.5.0-SNAPSHOT.jar!/webapps/static,AVAILABLE}
2019-09-04 10:16:26,791 [main] INFO  handler.ContextHandler (ContextHandler.java:doStart(781)) - Started o.e.j.w.WebAppContext@28cfbcc{/,file:///tmp/jetty-0.0.0.0-35406-hddsDatanode-_-any-4968719568024191590.dir/webapp/,AVAILABLE}{/hddsDatanode}
2019-09-04 10:16:26,791 [main] INFO  server.AbstractConnector (AbstractConnector.java:doStart(278)) - Started ServerConnector@67bf393c{HTTP/1.1,[http/1.1]}{0.0.0.0:35406}
2019-09-04 10:16:26,793 [main] INFO  server.Server (Server.java:doStart(419)) - Started @636116ms
2019-09-04 10:16:26,794 [main] INFO  server.BaseHttpServer (BaseHttpServer.java:updateConnectorAddress(213)) - HTTP server of HDDSDATANODE is listening at http://0.0.0.0:35406
2019-09-04 10:16:26,942 | INFO  | ObjectStoreRestHttpServer | Listening HDDS REST traffic on /0.0.0.0:37039 |  
2019-09-04 10:16:26,942 [main] INFO  ozone.HddsDatanodeService (HddsDatanodeService.java:startPlugins(395)) - Started plug-in org.apache.hadoop.ozone.web.OzoneHddsDatanodeService@4f9e32f2
2019-09-04 10:16:26,942 [main] INFO  impl.MetricsSystemImpl (MetricsSystemImpl.java:init(158)) - HddsDatanode metrics system started (again)
2019-09-04 10:16:26,945 [org.apache.hadoop.util.JvmPauseMonitor$Monitor@2863b32e] INFO  util.JvmPauseMonitor (JvmPauseMonitor.java:run(188)) - Starting JVM pause monitor
2019-09-04 10:16:26,946 [main] INFO  ozone.HddsDatanodeService (HddsDatanodeService.java:start(184)) - HddsDatanodeService host:pr-hdds-1569-fjd24-125839774 ip:192.168.36.67
2019-09-04 10:16:26,946 [Datanode State Machine Thread - 0] INFO  datanode.InitDatanodeState (InitDatanodeState.java:persistContainerDatanodeDetails(140)) - DatanodeDetails is persisted to /workdir/hadoop-ozone/integration-test/target/test-dir/MiniOzoneClusterImpl-92bdd970-4d32-4065-b0f9-0a546f741942/datanode-0/meta/datanode.id
2019-09-04 10:16:26,954 [main] INFO  volume.HddsVolume (HddsVolume.java:<init>(176)) - Creating Volume: /workdir/hadoop-ozone/integration-test/target/test-dir/MiniOzoneClusterImpl-92bdd970-4d32-4065-b0f9-0a546f741942/datanode-1/data/containers/hdds of  storage type : DISK and capacity : 1482555576320
2019-09-04 10:16:26,955 [main] INFO  volume.VolumeSet (VolumeSet.java:initializeVolumeSet(170)) - Added Volume : /workdir/hadoop-ozone/integration-test/target/test-dir/MiniOzoneClusterImpl-92bdd970-4d32-4065-b0f9-0a546f741942/datanode-1/data/containers/hdds to VolumeSet
2019-09-04 10:16:26,955 [main] INFO  volume.ThrottledAsyncChecker (ThrottledAsyncChecker.java:schedule(140)) - Scheduling a check for org.apache.hadoop.ozone.container.common.volume.HddsVolume@d56d9f6
2019-09-04 10:16:26,955 [main] INFO  volume.HddsVolumeChecker (HddsVolumeChecker.java:checkAllVolumes(203)) - Scheduled health check for volume org.apache.hadoop.ozone.container.common.volume.HddsVolume@d56d9f6
2019-09-04 10:16:26,970 [main] INFO  impl.RaftServerProxy (ConfUtils.java:logGet(43)) - raft.rpc.type = GRPC (default)
2019-09-04 10:16:26,970 [main] INFO  grpc.GrpcFactory (GrpcFactory.java:checkPooledByteBufAllocatorUseCacheForAllThreads(45)) - PERFORMANCE WARNING: useCacheForAllThreads is true that may cause Netty to create a lot garbage objects and, as a result, trigger GC.
	It is recommended to disable useCacheForAllThreads by setting -Dorg.apache.ratis.thirdparty.io.netty.allocator.useCacheForAllThreads=false in command line.
2019-09-04 10:16:26,971 [main] INFO  grpc.GrpcConfigKeys$Server (ConfUtils.java:logGet(43)) - raft.grpc.server.port = 0 (default)
2019-09-04 10:16:26,971 [main] INFO  server.GrpcService (ConfUtils.java:logGet(43)) - raft.grpc.message.size.max = 33570816 (custom)
2019-09-04 10:16:26,971 [main] INFO  server.RaftServerConfigKeys (ConfUtils.java:logGet(43)) - raft.server.log.appender.buffer.byte-limit = 33554432 (custom)
2019-09-04 10:16:26,971 [main] INFO  server.GrpcService (ConfUtils.java:logGet(43)) - raft.grpc.flow.control.window = 1MB (=1048576) (default)
2019-09-04 10:16:26,972 [main] INFO  server.RaftServerConfigKeys (ConfUtils.java:logGet(43)) - raft.server.rpc.request.timeout = 3000ms (default)
2019-09-04 10:16:26,972 [main] INFO  server.RaftServerConfigKeys (ConfUtils.java:logGet(43)) - raft.server.storage.dir = [/workdir/hadoop-ozone/integration-test/target/test-dir/MiniOzoneClusterImpl-92bdd970-4d32-4065-b0f9-0a546f741942/datanode-1/data/ratis] (custom)
2019-09-04 10:16:26,973 [main] INFO  replication.SimpleContainerDownloader (SimpleContainerDownloader.java:<init>(72)) - Starting container downloader service to copy containers to replicate.
2019-09-04 10:16:26,974 [main] INFO  hdfs.DFSUtil (DFSUtil.java:httpServerTemplateForNNAndJN(1641)) - Starting Web-server for hddsDatanode at: http://0.0.0.0:0
2019-09-04 10:16:26,975 [main] INFO  server.AuthenticationFilter (AuthenticationFilter.java:constructSecretProvider(240)) - Unable to initialize FileSignerSecretProvider, falling back to use random secrets.
2019-09-04 10:16:26,975 [main] WARN  http.HttpRequestLog (HttpRequestLog.java:getRequestLog(97)) - Jetty request log can only be enabled using Log4j
2019-09-04 10:16:26,977 [main] INFO  http.HttpServer2 (HttpServer2.java:addGlobalFilter(975)) - Added global filter 'safety' (class=org.apache.hadoop.http.HttpServer2$QuotingInputFilter)
2019-09-04 10:16:26,977 [main] INFO  http.HttpServer2 (HttpServer2.java:addFilter(948)) - Added filter static_user_filter (class=org.apache.hadoop.http.lib.StaticUserWebFilter$StaticUserFilter) to context hddsDatanode
2019-09-04 10:16:26,977 [main] INFO  http.HttpServer2 (HttpServer2.java:addFilter(958)) - Added filter static_user_filter (class=org.apache.hadoop.http.lib.StaticUserWebFilter$StaticUserFilter) to context static
2019-09-04 10:16:26,977 [main] INFO  http.HttpServer2 (HttpServer2.java:addFilter(958)) - Added filter static_user_filter (class=org.apache.hadoop.http.lib.StaticUserWebFilter$StaticUserFilter) to context logs
2019-09-04 10:16:26,978 [main] INFO  http.HttpServer2 (HttpServer2.java:bindListener(1191)) - Jetty bound to port 33839
2019-09-04 10:16:26,978 [main] INFO  server.Server (Server.java:doStart(351)) - jetty-9.3.24.v20180605, build timestamp: 2018-06-05T17:11:56Z, git hash: 84205aa28f11a4f31f2a3b86d1bba2cc8ab69827
2019-09-04 10:16:26,980 [main] INFO  handler.ContextHandler (ContextHandler.java:doStart(781)) - Started o.e.j.s.ServletContextHandler@373e09c7{/logs,file:///workdir/hadoop-ozone/integration-test/target/log,AVAILABLE}
2019-09-04 10:16:26,981 [main] INFO  handler.ContextHandler (ContextHandler.java:doStart(781)) - Started o.e.j.s.ServletContextHandler@2a7b4b19{/static,jar:file:/home/user/.m2/repository/org/apache/hadoop/hadoop-hdds-container-service/0.5.0-SNAPSHOT/hadoop-hdds-container-service-0.5.0-SNAPSHOT.jar!/webapps/static,AVAILABLE}
2019-09-04 10:16:27,017 [main] INFO  handler.ContextHandler (ContextHandler.java:doStart(781)) - Started o.e.j.w.WebAppContext@29617475{/,file:///tmp/jetty-0.0.0.0-33839-hddsDatanode-_-any-2092501195677803328.dir/webapp/,AVAILABLE}{/hddsDatanode}
2019-09-04 10:16:27,018 [main] INFO  server.AbstractConnector (AbstractConnector.java:doStart(278)) - Started ServerConnector@4f9871a2{HTTP/1.1,[http/1.1]}{0.0.0.0:33839}
2019-09-04 10:16:27,020 [main] INFO  server.Server (Server.java:doStart(419)) - Started @636343ms
2019-09-04 10:16:27,021 [main] INFO  server.BaseHttpServer (BaseHttpServer.java:updateConnectorAddress(213)) - HTTP server of HDDSDATANODE is listening at http://0.0.0.0:33839
2019-09-04 10:16:27,154 | INFO  | ObjectStoreRestHttpServer | Listening HDDS REST traffic on /0.0.0.0:46735 |  
2019-09-04 10:16:27,154 [main] INFO  ozone.HddsDatanodeService (HddsDatanodeService.java:startPlugins(395)) - Started plug-in org.apache.hadoop.ozone.web.OzoneHddsDatanodeService@1743c249
2019-09-04 10:16:27,155 [main] INFO  impl.MetricsSystemImpl (MetricsSystemImpl.java:init(158)) - HddsDatanode metrics system started (again)
2019-09-04 10:16:27,156 [org.apache.hadoop.util.JvmPauseMonitor$Monitor@31e9a44c] INFO  util.JvmPauseMonitor (JvmPauseMonitor.java:run(188)) - Starting JVM pause monitor
2019-09-04 10:16:27,158 [Datanode State Machine Thread - 0] INFO  datanode.InitDatanodeState (InitDatanodeState.java:persistContainerDatanodeDetails(140)) - DatanodeDetails is persisted to /workdir/hadoop-ozone/integration-test/target/test-dir/MiniOzoneClusterImpl-92bdd970-4d32-4065-b0f9-0a546f741942/datanode-1/meta/datanode.id
2019-09-04 10:16:27,160 [main] INFO  ozone.HddsDatanodeService (HddsDatanodeService.java:start(184)) - HddsDatanodeService host:pr-hdds-1569-fjd24-125839774 ip:192.168.36.67
2019-09-04 10:16:27,174 [main] INFO  volume.HddsVolume (HddsVolume.java:<init>(176)) - Creating Volume: /workdir/hadoop-ozone/integration-test/target/test-dir/MiniOzoneClusterImpl-92bdd970-4d32-4065-b0f9-0a546f741942/datanode-2/data/containers/hdds of  storage type : DISK and capacity : 1482555576320
2019-09-04 10:16:27,175 [main] INFO  volume.VolumeSet (VolumeSet.java:initializeVolumeSet(170)) - Added Volume : /workdir/hadoop-ozone/integration-test/target/test-dir/MiniOzoneClusterImpl-92bdd970-4d32-4065-b0f9-0a546f741942/datanode-2/data/containers/hdds to VolumeSet
2019-09-04 10:16:27,175 [main] INFO  volume.ThrottledAsyncChecker (ThrottledAsyncChecker.java:schedule(140)) - Scheduling a check for org.apache.hadoop.ozone.container.common.volume.HddsVolume@3ae648d2
2019-09-04 10:16:27,176 [main] INFO  volume.HddsVolumeChecker (HddsVolumeChecker.java:checkAllVolumes(203)) - Scheduled health check for volume org.apache.hadoop.ozone.container.common.volume.HddsVolume@3ae648d2
2019-09-04 10:16:27,195 [main] INFO  impl.RaftServerProxy (ConfUtils.java:logGet(43)) - raft.rpc.type = GRPC (default)
2019-09-04 10:16:27,203 [main] INFO  grpc.GrpcFactory (GrpcFactory.java:checkPooledByteBufAllocatorUseCacheForAllThreads(45)) - PERFORMANCE WARNING: useCacheForAllThreads is true that may cause Netty to create a lot garbage objects and, as a result, trigger GC.
	It is recommended to disable useCacheForAllThreads by setting -Dorg.apache.ratis.thirdparty.io.netty.allocator.useCacheForAllThreads=false in command line.
2019-09-04 10:16:27,203 [main] INFO  grpc.GrpcConfigKeys$Server (ConfUtils.java:logGet(43)) - raft.grpc.server.port = 0 (default)
2019-09-04 10:16:27,204 [main] INFO  server.GrpcService (ConfUtils.java:logGet(43)) - raft.grpc.message.size.max = 33570816 (custom)
2019-09-04 10:16:27,204 [main] INFO  server.RaftServerConfigKeys (ConfUtils.java:logGet(43)) - raft.server.log.appender.buffer.byte-limit = 33554432 (custom)
2019-09-04 10:16:27,204 [main] INFO  server.GrpcService (ConfUtils.java:logGet(43)) - raft.grpc.flow.control.window = 1MB (=1048576) (default)
2019-09-04 10:16:27,205 [main] INFO  server.RaftServerConfigKeys (ConfUtils.java:logGet(43)) - raft.server.rpc.request.timeout = 3000ms (default)
2019-09-04 10:16:27,206 [main] INFO  server.RaftServerConfigKeys (ConfUtils.java:logGet(43)) - raft.server.storage.dir = [/workdir/hadoop-ozone/integration-test/target/test-dir/MiniOzoneClusterImpl-92bdd970-4d32-4065-b0f9-0a546f741942/datanode-2/data/ratis] (custom)
2019-09-04 10:16:27,207 [main] INFO  replication.SimpleContainerDownloader (SimpleContainerDownloader.java:<init>(72)) - Starting container downloader service to copy containers to replicate.
2019-09-04 10:16:27,208 [main] INFO  hdfs.DFSUtil (DFSUtil.java:httpServerTemplateForNNAndJN(1641)) - Starting Web-server for hddsDatanode at: http://0.0.0.0:0
2019-09-04 10:16:27,211 [main] INFO  server.AuthenticationFilter (AuthenticationFilter.java:constructSecretProvider(240)) - Unable to initialize FileSignerSecretProvider, falling back to use random secrets.
2019-09-04 10:16:27,212 [main] WARN  http.HttpRequestLog (HttpRequestLog.java:getRequestLog(97)) - Jetty request log can only be enabled using Log4j
2019-09-04 10:16:27,214 [main] INFO  http.HttpServer2 (HttpServer2.java:addGlobalFilter(975)) - Added global filter 'safety' (class=org.apache.hadoop.http.HttpServer2$QuotingInputFilter)
2019-09-04 10:16:27,215 [main] INFO  http.HttpServer2 (HttpServer2.java:addFilter(948)) - Added filter static_user_filter (class=org.apache.hadoop.http.lib.StaticUserWebFilter$StaticUserFilter) to context hddsDatanode
2019-09-04 10:16:27,215 [main] INFO  http.HttpServer2 (HttpServer2.java:addFilter(958)) - Added filter static_user_filter (class=org.apache.hadoop.http.lib.StaticUserWebFilter$StaticUserFilter) to context logs
2019-09-04 10:16:27,216 [main] INFO  http.HttpServer2 (HttpServer2.java:addFilter(958)) - Added filter static_user_filter (class=org.apache.hadoop.http.lib.StaticUserWebFilter$StaticUserFilter) to context static
2019-09-04 10:16:27,217 [main] INFO  http.HttpServer2 (HttpServer2.java:bindListener(1191)) - Jetty bound to port 33827
2019-09-04 10:16:27,217 [main] INFO  server.Server (Server.java:doStart(351)) - jetty-9.3.24.v20180605, build timestamp: 2018-06-05T17:11:56Z, git hash: 84205aa28f11a4f31f2a3b86d1bba2cc8ab69827
2019-09-04 10:16:27,220 [main] INFO  handler.ContextHandler (ContextHandler.java:doStart(781)) - Started o.e.j.s.ServletContextHandler@11b5b1f2{/logs,file:///workdir/hadoop-ozone/integration-test/target/log,AVAILABLE}
2019-09-04 10:16:27,220 [main] INFO  handler.ContextHandler (ContextHandler.java:doStart(781)) - Started o.e.j.s.ServletContextHandler@4d87553b{/static,jar:file:/home/user/.m2/repository/org/apache/hadoop/hadoop-hdds-container-service/0.5.0-SNAPSHOT/hadoop-hdds-container-service-0.5.0-SNAPSHOT.jar!/webapps/static,AVAILABLE}
2019-09-04 10:16:27,257 [main] INFO  handler.ContextHandler (ContextHandler.java:doStart(781)) - Started o.e.j.w.WebAppContext@7fe1a856{/,file:///tmp/jetty-0.0.0.0-33827-hddsDatanode-_-any-9013201649094169280.dir/webapp/,AVAILABLE}{/hddsDatanode}
2019-09-04 10:16:27,258 [main] INFO  server.AbstractConnector (AbstractConnector.java:doStart(278)) - Started ServerConnector@5a7e0d68{HTTP/1.1,[http/1.1]}{0.0.0.0:33827}
2019-09-04 10:16:27,259 [main] INFO  server.Server (Server.java:doStart(419)) - Started @636582ms
2019-09-04 10:16:27,260 [main] INFO  server.BaseHttpServer (BaseHttpServer.java:updateConnectorAddress(213)) - HTTP server of HDDSDATANODE is listening at http://0.0.0.0:33827
2019-09-04 10:16:27,400 | INFO  | ObjectStoreRestHttpServer | Listening HDDS REST traffic on /0.0.0.0:36223 |  
2019-09-04 10:16:27,401 [main] INFO  ozone.HddsDatanodeService (HddsDatanodeService.java:startPlugins(395)) - Started plug-in org.apache.hadoop.ozone.web.OzoneHddsDatanodeService@655e024
2019-09-04 10:16:27,402 [main] INFO  impl.MetricsSystemImpl (MetricsSystemImpl.java:init(158)) - HddsDatanode metrics system started (again)
2019-09-04 10:16:27,403 [org.apache.hadoop.util.JvmPauseMonitor$Monitor@675838e] INFO  util.JvmPauseMonitor (JvmPauseMonitor.java:run(188)) - Starting JVM pause monitor
2019-09-04 10:16:27,404 [Datanode State Machine Thread - 0] INFO  datanode.InitDatanodeState (InitDatanodeState.java:persistContainerDatanodeDetails(140)) - DatanodeDetails is persisted to /workdir/hadoop-ozone/integration-test/target/test-dir/MiniOzoneClusterImpl-92bdd970-4d32-4065-b0f9-0a546f741942/datanode-2/meta/datanode.id
2019-09-04 10:16:27,407 [main] INFO  ozone.HddsDatanodeService (HddsDatanodeService.java:start(184)) - HddsDatanodeService host:pr-hdds-1569-fjd24-125839774 ip:192.168.36.67
2019-09-04 10:16:27,417 [main] INFO  volume.HddsVolume (HddsVolume.java:<init>(176)) - Creating Volume: /workdir/hadoop-ozone/integration-test/target/test-dir/MiniOzoneClusterImpl-92bdd970-4d32-4065-b0f9-0a546f741942/datanode-3/data/containers/hdds of  storage type : DISK and capacity : 1482555576320
2019-09-04 10:16:27,417 [main] INFO  volume.VolumeSet (VolumeSet.java:initializeVolumeSet(170)) - Added Volume : /workdir/hadoop-ozone/integration-test/target/test-dir/MiniOzoneClusterImpl-92bdd970-4d32-4065-b0f9-0a546f741942/datanode-3/data/containers/hdds to VolumeSet
2019-09-04 10:16:27,417 [main] INFO  volume.ThrottledAsyncChecker (ThrottledAsyncChecker.java:schedule(140)) - Scheduling a check for org.apache.hadoop.ozone.container.common.volume.HddsVolume@a700311
2019-09-04 10:16:27,418 [main] INFO  volume.HddsVolumeChecker (HddsVolumeChecker.java:checkAllVolumes(203)) - Scheduled health check for volume org.apache.hadoop.ozone.container.common.volume.HddsVolume@a700311
2019-09-04 10:16:27,431 [main] INFO  impl.RaftServerProxy (ConfUtils.java:logGet(43)) - raft.rpc.type = GRPC (default)
2019-09-04 10:16:27,443 [main] INFO  grpc.GrpcFactory (GrpcFactory.java:checkPooledByteBufAllocatorUseCacheForAllThreads(45)) - PERFORMANCE WARNING: useCacheForAllThreads is true that may cause Netty to create a lot garbage objects and, as a result, trigger GC.
	It is recommended to disable useCacheForAllThreads by setting -Dorg.apache.ratis.thirdparty.io.netty.allocator.useCacheForAllThreads=false in command line.
2019-09-04 10:16:27,443 [main] INFO  grpc.GrpcConfigKeys$Server (ConfUtils.java:logGet(43)) - raft.grpc.server.port = 0 (default)
2019-09-04 10:16:27,443 [main] INFO  server.GrpcService (ConfUtils.java:logGet(43)) - raft.grpc.message.size.max = 33570816 (custom)
2019-09-04 10:16:27,444 [main] INFO  server.RaftServerConfigKeys (ConfUtils.java:logGet(43)) - raft.server.log.appender.buffer.byte-limit = 33554432 (custom)
2019-09-04 10:16:27,444 [main] INFO  server.GrpcService (ConfUtils.java:logGet(43)) - raft.grpc.flow.control.window = 1MB (=1048576) (default)
2019-09-04 10:16:27,444 [main] INFO  server.RaftServerConfigKeys (ConfUtils.java:logGet(43)) - raft.server.rpc.request.timeout = 3000ms (default)
2019-09-04 10:16:27,444 [main] INFO  server.RaftServerConfigKeys (ConfUtils.java:logGet(43)) - raft.server.storage.dir = [/workdir/hadoop-ozone/integration-test/target/test-dir/MiniOzoneClusterImpl-92bdd970-4d32-4065-b0f9-0a546f741942/datanode-3/data/ratis] (custom)
2019-09-04 10:16:27,445 [main] INFO  replication.SimpleContainerDownloader (SimpleContainerDownloader.java:<init>(72)) - Starting container downloader service to copy containers to replicate.
2019-09-04 10:16:27,446 [main] INFO  hdfs.DFSUtil (DFSUtil.java:httpServerTemplateForNNAndJN(1641)) - Starting Web-server for hddsDatanode at: http://0.0.0.0:0
2019-09-04 10:16:27,448 [main] INFO  server.AuthenticationFilter (AuthenticationFilter.java:constructSecretProvider(240)) - Unable to initialize FileSignerSecretProvider, falling back to use random secrets.
2019-09-04 10:16:27,449 [main] WARN  http.HttpRequestLog (HttpRequestLog.java:getRequestLog(97)) - Jetty request log can only be enabled using Log4j
2019-09-04 10:16:27,451 [main] INFO  http.HttpServer2 (HttpServer2.java:addGlobalFilter(975)) - Added global filter 'safety' (class=org.apache.hadoop.http.HttpServer2$QuotingInputFilter)
2019-09-04 10:16:27,452 [main] INFO  http.HttpServer2 (HttpServer2.java:addFilter(948)) - Added filter static_user_filter (class=org.apache.hadoop.http.lib.StaticUserWebFilter$StaticUserFilter) to context hddsDatanode
2019-09-04 10:16:27,452 [main] INFO  http.HttpServer2 (HttpServer2.java:addFilter(958)) - Added filter static_user_filter (class=org.apache.hadoop.http.lib.StaticUserWebFilter$StaticUserFilter) to context static
2019-09-04 10:16:27,452 [main] INFO  http.HttpServer2 (HttpServer2.java:addFilter(958)) - Added filter static_user_filter (class=org.apache.hadoop.http.lib.StaticUserWebFilter$StaticUserFilter) to context logs
2019-09-04 10:16:27,452 [main] INFO  http.HttpServer2 (HttpServer2.java:bindListener(1191)) - Jetty bound to port 38865
2019-09-04 10:16:27,453 [main] INFO  server.Server (Server.java:doStart(351)) - jetty-9.3.24.v20180605, build timestamp: 2018-06-05T17:11:56Z, git hash: 84205aa28f11a4f31f2a3b86d1bba2cc8ab69827
2019-09-04 10:16:27,454 [main] INFO  handler.ContextHandler (ContextHandler.java:doStart(781)) - Started o.e.j.s.ServletContextHandler@134ccb03{/logs,file:///workdir/hadoop-ozone/integration-test/target/log,AVAILABLE}
2019-09-04 10:16:27,455 [main] INFO  handler.ContextHandler (ContextHandler.java:doStart(781)) - Started o.e.j.s.ServletContextHandler@12e25b4b{/static,jar:file:/home/user/.m2/repository/org/apache/hadoop/hadoop-hdds-container-service/0.5.0-SNAPSHOT/hadoop-hdds-container-service-0.5.0-SNAPSHOT.jar!/webapps/static,AVAILABLE}
2019-09-04 10:16:27,483 [main] INFO  handler.ContextHandler (ContextHandler.java:doStart(781)) - Started o.e.j.w.WebAppContext@1acf7db2{/,file:///tmp/jetty-0.0.0.0-38865-hddsDatanode-_-any-6335463168691818904.dir/webapp/,AVAILABLE}{/hddsDatanode}
2019-09-04 10:16:27,484 [main] INFO  server.AbstractConnector (AbstractConnector.java:doStart(278)) - Started ServerConnector@252da8f{HTTP/1.1,[http/1.1]}{0.0.0.0:38865}
2019-09-04 10:16:27,485 [main] INFO  server.Server (Server.java:doStart(419)) - Started @636809ms
2019-09-04 10:16:27,486 [main] INFO  server.BaseHttpServer (BaseHttpServer.java:updateConnectorAddress(213)) - HTTP server of HDDSDATANODE is listening at http://0.0.0.0:38865
2019-09-04 10:16:27,945 | INFO  | ObjectStoreRestHttpServer | Listening HDDS REST traffic on /0.0.0.0:45340 |  
2019-09-04 10:16:27,945 [main] INFO  ozone.HddsDatanodeService (HddsDatanodeService.java:startPlugins(395)) - Started plug-in org.apache.hadoop.ozone.web.OzoneHddsDatanodeService@1659a0ff
2019-09-04 10:16:27,945 [main] INFO  impl.MetricsSystemImpl (MetricsSystemImpl.java:init(158)) - HddsDatanode metrics system started (again)
2019-09-04 10:16:27,951 [main] INFO  ozone.HddsDatanodeService (HddsDatanodeService.java:start(184)) - HddsDatanodeService host:pr-hdds-1569-fjd24-125839774 ip:192.168.36.67
2019-09-04 10:16:27,957 [org.apache.hadoop.util.JvmPauseMonitor$Monitor@1d01f2] INFO  util.JvmPauseMonitor (JvmPauseMonitor.java:run(188)) - Starting JVM pause monitor
2019-09-04 10:16:27,960 [Datanode State Machine Thread - 0] INFO  datanode.InitDatanodeState (InitDatanodeState.java:persistContainerDatanodeDetails(140)) - DatanodeDetails is persisted to /workdir/hadoop-ozone/integration-test/target/test-dir/MiniOzoneClusterImpl-92bdd970-4d32-4065-b0f9-0a546f741942/datanode-3/meta/datanode.id
2019-09-04 10:16:27,968 [main] INFO  volume.HddsVolume (HddsVolume.java:<init>(176)) - Creating Volume: /workdir/hadoop-ozone/integration-test/target/test-dir/MiniOzoneClusterImpl-92bdd970-4d32-4065-b0f9-0a546f741942/datanode-4/data/containers/hdds of  storage type : DISK and capacity : 1482555576320
2019-09-04 10:16:27,969 [main] INFO  volume.VolumeSet (VolumeSet.java:initializeVolumeSet(170)) - Added Volume : /workdir/hadoop-ozone/integration-test/target/test-dir/MiniOzoneClusterImpl-92bdd970-4d32-4065-b0f9-0a546f741942/datanode-4/data/containers/hdds to VolumeSet
2019-09-04 10:16:27,969 [main] INFO  volume.ThrottledAsyncChecker (ThrottledAsyncChecker.java:schedule(140)) - Scheduling a check for org.apache.hadoop.ozone.container.common.volume.HddsVolume@6f96d39f
2019-09-04 10:16:27,972 [main] INFO  volume.HddsVolumeChecker (HddsVolumeChecker.java:checkAllVolumes(203)) - Scheduled health check for volume org.apache.hadoop.ozone.container.common.volume.HddsVolume@6f96d39f
2019-09-04 10:16:27,996 [main] INFO  impl.RaftServerProxy (ConfUtils.java:logGet(43)) - raft.rpc.type = GRPC (default)
2019-09-04 10:16:27,996 [main] INFO  grpc.GrpcFactory (GrpcFactory.java:checkPooledByteBufAllocatorUseCacheForAllThreads(45)) - PERFORMANCE WARNING: useCacheForAllThreads is true that may cause Netty to create a lot garbage objects and, as a result, trigger GC.
	It is recommended to disable useCacheForAllThreads by setting -Dorg.apache.ratis.thirdparty.io.netty.allocator.useCacheForAllThreads=false in command line.
2019-09-04 10:16:27,997 [main] INFO  grpc.GrpcConfigKeys$Server (ConfUtils.java:logGet(43)) - raft.grpc.server.port = 0 (default)
2019-09-04 10:16:27,997 [main] INFO  server.GrpcService (ConfUtils.java:logGet(43)) - raft.grpc.message.size.max = 33570816 (custom)
2019-09-04 10:16:27,997 [main] INFO  server.RaftServerConfigKeys (ConfUtils.java:logGet(43)) - raft.server.log.appender.buffer.byte-limit = 33554432 (custom)
2019-09-04 10:16:27,997 [main] INFO  server.GrpcService (ConfUtils.java:logGet(43)) - raft.grpc.flow.control.window = 1MB (=1048576) (default)
2019-09-04 10:16:27,997 [main] INFO  server.RaftServerConfigKeys (ConfUtils.java:logGet(43)) - raft.server.rpc.request.timeout = 3000ms (default)
2019-09-04 10:16:27,998 [main] INFO  server.RaftServerConfigKeys (ConfUtils.java:logGet(43)) - raft.server.storage.dir = [/workdir/hadoop-ozone/integration-test/target/test-dir/MiniOzoneClusterImpl-92bdd970-4d32-4065-b0f9-0a546f741942/datanode-4/data/ratis] (custom)
2019-09-04 10:16:27,998 [main] INFO  replication.SimpleContainerDownloader (SimpleContainerDownloader.java:<init>(72)) - Starting container downloader service to copy containers to replicate.
2019-09-04 10:16:27,999 [main] INFO  hdfs.DFSUtil (DFSUtil.java:httpServerTemplateForNNAndJN(1641)) - Starting Web-server for hddsDatanode at: http://0.0.0.0:0
2019-09-04 10:16:28,001 [main] INFO  server.AuthenticationFilter (AuthenticationFilter.java:constructSecretProvider(240)) - Unable to initialize FileSignerSecretProvider, falling back to use random secrets.
2019-09-04 10:16:28,002 [main] WARN  http.HttpRequestLog (HttpRequestLog.java:getRequestLog(97)) - Jetty request log can only be enabled using Log4j
2019-09-04 10:16:28,004 [main] INFO  http.HttpServer2 (HttpServer2.java:addGlobalFilter(975)) - Added global filter 'safety' (class=org.apache.hadoop.http.HttpServer2$QuotingInputFilter)
2019-09-04 10:16:28,004 [main] INFO  http.HttpServer2 (HttpServer2.java:addFilter(948)) - Added filter static_user_filter (class=org.apache.hadoop.http.lib.StaticUserWebFilter$StaticUserFilter) to context hddsDatanode
2019-09-04 10:16:28,005 [main] INFO  http.HttpServer2 (HttpServer2.java:addFilter(958)) - Added filter static_user_filter (class=org.apache.hadoop.http.lib.StaticUserWebFilter$StaticUserFilter) to context static
2019-09-04 10:16:28,005 [main] INFO  http.HttpServer2 (HttpServer2.java:addFilter(958)) - Added filter static_user_filter (class=org.apache.hadoop.http.lib.StaticUserWebFilter$StaticUserFilter) to context logs
2019-09-04 10:16:28,006 [main] INFO  http.HttpServer2 (HttpServer2.java:bindListener(1191)) - Jetty bound to port 35191
2019-09-04 10:16:28,006 [main] INFO  server.Server (Server.java:doStart(351)) - jetty-9.3.24.v20180605, build timestamp: 2018-06-05T17:11:56Z, git hash: 84205aa28f11a4f31f2a3b86d1bba2cc8ab69827
2019-09-04 10:16:28,010 [main] INFO  handler.ContextHandler (ContextHandler.java:doStart(781)) - Started o.e.j.s.ServletContextHandler@4a58d05d{/logs,file:///workdir/hadoop-ozone/integration-test/target/log,AVAILABLE}
2019-09-04 10:16:28,011 [main] INFO  handler.ContextHandler (ContextHandler.java:doStart(781)) - Started o.e.j.s.ServletContextHandler@79c514e4{/static,jar:file:/home/user/.m2/repository/org/apache/hadoop/hadoop-hdds-container-service/0.5.0-SNAPSHOT/hadoop-hdds-container-service-0.5.0-SNAPSHOT.jar!/webapps/static,AVAILABLE}
2019-09-04 10:16:28,049 [main] INFO  handler.ContextHandler (ContextHandler.java:doStart(781)) - Started o.e.j.w.WebAppContext@4a48fe63{/,file:///tmp/jetty-0.0.0.0-35191-hddsDatanode-_-any-7583661116337622359.dir/webapp/,AVAILABLE}{/hddsDatanode}
2019-09-04 10:16:28,050 [main] INFO  server.AbstractConnector (AbstractConnector.java:doStart(278)) - Started ServerConnector@7000df03{HTTP/1.1,[http/1.1]}{0.0.0.0:35191}
2019-09-04 10:16:28,052 [main] INFO  server.Server (Server.java:doStart(419)) - Started @637375ms
2019-09-04 10:16:28,053 [main] INFO  server.BaseHttpServer (BaseHttpServer.java:updateConnectorAddress(213)) - HTTP server of HDDSDATANODE is listening at http://0.0.0.0:35191
2019-09-04 10:16:28,191 | INFO  | ObjectStoreRestHttpServer | Listening HDDS REST traffic on /0.0.0.0:34170 |  
2019-09-04 10:16:28,191 [main] INFO  ozone.HddsDatanodeService (HddsDatanodeService.java:startPlugins(395)) - Started plug-in org.apache.hadoop.ozone.web.OzoneHddsDatanodeService@6c758c74
2019-09-04 10:16:28,191 [main] INFO  impl.MetricsSystemImpl (MetricsSystemImpl.java:init(158)) - HddsDatanode metrics system started (again)
2019-09-04 10:16:28,193 [org.apache.hadoop.util.JvmPauseMonitor$Monitor@655d7994] INFO  util.JvmPauseMonitor (JvmPauseMonitor.java:run(188)) - Starting JVM pause monitor
2019-09-04 10:16:28,197 [main] INFO  ozone.HddsDatanodeService (HddsDatanodeService.java:start(184)) - HddsDatanodeService host:pr-hdds-1569-fjd24-125839774 ip:192.168.36.67
2019-09-04 10:16:28,197 [Datanode State Machine Thread - 0] INFO  datanode.InitDatanodeState (InitDatanodeState.java:persistContainerDatanodeDetails(140)) - DatanodeDetails is persisted to /workdir/hadoop-ozone/integration-test/target/test-dir/MiniOzoneClusterImpl-92bdd970-4d32-4065-b0f9-0a546f741942/datanode-4/meta/datanode.id
2019-09-04 10:16:28,211 [main] INFO  volume.HddsVolume (HddsVolume.java:<init>(176)) - Creating Volume: /workdir/hadoop-ozone/integration-test/target/test-dir/MiniOzoneClusterImpl-92bdd970-4d32-4065-b0f9-0a546f741942/datanode-5/data/containers/hdds of  storage type : DISK and capacity : 1482555576320
2019-09-04 10:16:28,211 [main] INFO  volume.VolumeSet (VolumeSet.java:initializeVolumeSet(170)) - Added Volume : /workdir/hadoop-ozone/integration-test/target/test-dir/MiniOzoneClusterImpl-92bdd970-4d32-4065-b0f9-0a546f741942/datanode-5/data/containers/hdds to VolumeSet
2019-09-04 10:16:28,212 [main] INFO  volume.ThrottledAsyncChecker (ThrottledAsyncChecker.java:schedule(140)) - Scheduling a check for org.apache.hadoop.ozone.container.common.volume.HddsVolume@402d443d
2019-09-04 10:16:28,212 [main] INFO  volume.HddsVolumeChecker (HddsVolumeChecker.java:checkAllVolumes(203)) - Scheduled health check for volume org.apache.hadoop.ozone.container.common.volume.HddsVolume@402d443d
2019-09-04 10:16:28,234 [main] INFO  impl.RaftServerProxy (ConfUtils.java:logGet(43)) - raft.rpc.type = GRPC (default)
2019-09-04 10:16:28,234 [main] INFO  grpc.GrpcFactory (GrpcFactory.java:checkPooledByteBufAllocatorUseCacheForAllThreads(45)) - PERFORMANCE WARNING: useCacheForAllThreads is true that may cause Netty to create a lot garbage objects and, as a result, trigger GC.
	It is recommended to disable useCacheForAllThreads by setting -Dorg.apache.ratis.thirdparty.io.netty.allocator.useCacheForAllThreads=false in command line.
2019-09-04 10:16:28,235 [main] INFO  grpc.GrpcConfigKeys$Server (ConfUtils.java:logGet(43)) - raft.grpc.server.port = 0 (default)
2019-09-04 10:16:28,235 [main] INFO  server.GrpcService (ConfUtils.java:logGet(43)) - raft.grpc.message.size.max = 33570816 (custom)
2019-09-04 10:16:28,235 [main] INFO  server.RaftServerConfigKeys (ConfUtils.java:logGet(43)) - raft.server.log.appender.buffer.byte-limit = 33554432 (custom)
2019-09-04 10:16:28,235 [main] INFO  server.GrpcService (ConfUtils.java:logGet(43)) - raft.grpc.flow.control.window = 1MB (=1048576) (default)
2019-09-04 10:16:28,236 [main] INFO  server.RaftServerConfigKeys (ConfUtils.java:logGet(43)) - raft.server.rpc.request.timeout = 3000ms (default)
2019-09-04 10:16:28,236 [main] INFO  server.RaftServerConfigKeys (ConfUtils.java:logGet(43)) - raft.server.storage.dir = [/workdir/hadoop-ozone/integration-test/target/test-dir/MiniOzoneClusterImpl-92bdd970-4d32-4065-b0f9-0a546f741942/datanode-5/data/ratis] (custom)
2019-09-04 10:16:28,237 [main] INFO  replication.SimpleContainerDownloader (SimpleContainerDownloader.java:<init>(72)) - Starting container downloader service to copy containers to replicate.
2019-09-04 10:16:28,238 [main] INFO  hdfs.DFSUtil (DFSUtil.java:httpServerTemplateForNNAndJN(1641)) - Starting Web-server for hddsDatanode at: http://0.0.0.0:0
2019-09-04 10:16:28,240 [main] INFO  server.AuthenticationFilter (AuthenticationFilter.java:constructSecretProvider(240)) - Unable to initialize FileSignerSecretProvider, falling back to use random secrets.
2019-09-04 10:16:28,240 [main] WARN  http.HttpRequestLog (HttpRequestLog.java:getRequestLog(97)) - Jetty request log can only be enabled using Log4j
2019-09-04 10:16:28,242 [main] INFO  http.HttpServer2 (HttpServer2.java:addGlobalFilter(975)) - Added global filter 'safety' (class=org.apache.hadoop.http.HttpServer2$QuotingInputFilter)
2019-09-04 10:16:28,242 [main] INFO  http.HttpServer2 (HttpServer2.java:addFilter(948)) - Added filter static_user_filter (class=org.apache.hadoop.http.lib.StaticUserWebFilter$StaticUserFilter) to context hddsDatanode
2019-09-04 10:16:28,242 [main] INFO  http.HttpServer2 (HttpServer2.java:addFilter(958)) - Added filter static_user_filter (class=org.apache.hadoop.http.lib.StaticUserWebFilter$StaticUserFilter) to context static
2019-09-04 10:16:28,242 [main] INFO  http.HttpServer2 (HttpServer2.java:addFilter(958)) - Added filter static_user_filter (class=org.apache.hadoop.http.lib.StaticUserWebFilter$StaticUserFilter) to context logs
2019-09-04 10:16:28,243 [main] INFO  http.HttpServer2 (HttpServer2.java:bindListener(1191)) - Jetty bound to port 40270
2019-09-04 10:16:28,243 [main] INFO  server.Server (Server.java:doStart(351)) - jetty-9.3.24.v20180605, build timestamp: 2018-06-05T17:11:56Z, git hash: 84205aa28f11a4f31f2a3b86d1bba2cc8ab69827
2019-09-04 10:16:28,245 [main] INFO  handler.ContextHandler (ContextHandler.java:doStart(781)) - Started o.e.j.s.ServletContextHandler@21e72fb2{/logs,file:///workdir/hadoop-ozone/integration-test/target/log,AVAILABLE}
2019-09-04 10:16:28,245 [main] INFO  handler.ContextHandler (ContextHandler.java:doStart(781)) - Started o.e.j.s.ServletContextHandler@3744c760{/static,jar:file:/home/user/.m2/repository/org/apache/hadoop/hadoop-hdds-container-service/0.5.0-SNAPSHOT/hadoop-hdds-container-service-0.5.0-SNAPSHOT.jar!/webapps/static,AVAILABLE}
2019-09-04 10:16:28,275 [main] INFO  handler.ContextHandler (ContextHandler.java:doStart(781)) - Started o.e.j.w.WebAppContext@5479abd8{/,file:///tmp/jetty-0.0.0.0-40270-hddsDatanode-_-any-7502032570968368094.dir/webapp/,AVAILABLE}{/hddsDatanode}
2019-09-04 10:16:28,275 [main] INFO  server.AbstractConnector (AbstractConnector.java:doStart(278)) - Started ServerConnector@2004f99{HTTP/1.1,[http/1.1]}{0.0.0.0:40270}
2019-09-04 10:16:28,277 [main] INFO  server.Server (Server.java:doStart(419)) - Started @637600ms
2019-09-04 10:16:28,278 [main] INFO  server.BaseHttpServer (BaseHttpServer.java:updateConnectorAddress(213)) - HTTP server of HDDSDATANODE is listening at http://0.0.0.0:40270
2019-09-04 10:16:28,436 | INFO  | ObjectStoreRestHttpServer | Listening HDDS REST traffic on /0.0.0.0:43372 |  
2019-09-04 10:16:28,437 [main] INFO  ozone.HddsDatanodeService (HddsDatanodeService.java:startPlugins(395)) - Started plug-in org.apache.hadoop.ozone.web.OzoneHddsDatanodeService@4947b8a7
2019-09-04 10:16:28,437 [main] INFO  impl.MetricsSystemImpl (MetricsSystemImpl.java:init(158)) - HddsDatanode metrics system started (again)
2019-09-04 10:16:28,442 [main] INFO  ozone.HddsDatanodeService (HddsDatanodeService.java:start(184)) - HddsDatanodeService host:pr-hdds-1569-fjd24-125839774 ip:192.168.36.67
2019-09-04 10:16:28,447 [org.apache.hadoop.util.JvmPauseMonitor$Monitor@154fcfe7] INFO  util.JvmPauseMonitor (JvmPauseMonitor.java:run(188)) - Starting JVM pause monitor
2019-09-04 10:16:28,448 [Datanode State Machine Thread - 0] INFO  datanode.InitDatanodeState (InitDatanodeState.java:persistContainerDatanodeDetails(140)) - DatanodeDetails is persisted to /workdir/hadoop-ozone/integration-test/target/test-dir/MiniOzoneClusterImpl-92bdd970-4d32-4065-b0f9-0a546f741942/datanode-5/meta/datanode.id
2019-09-04 10:16:28,455 [main] INFO  volume.HddsVolume (HddsVolume.java:<init>(176)) - Creating Volume: /workdir/hadoop-ozone/integration-test/target/test-dir/MiniOzoneClusterImpl-92bdd970-4d32-4065-b0f9-0a546f741942/datanode-6/data/containers/hdds of  storage type : DISK and capacity : 1482555576320
2019-09-04 10:16:28,456 [main] INFO  volume.VolumeSet (VolumeSet.java:initializeVolumeSet(170)) - Added Volume : /workdir/hadoop-ozone/integration-test/target/test-dir/MiniOzoneClusterImpl-92bdd970-4d32-4065-b0f9-0a546f741942/datanode-6/data/containers/hdds to VolumeSet
2019-09-04 10:16:28,456 [main] INFO  volume.ThrottledAsyncChecker (ThrottledAsyncChecker.java:schedule(140)) - Scheduling a check for org.apache.hadoop.ozone.container.common.volume.HddsVolume@52c4bf29
2019-09-04 10:16:28,457 [main] INFO  volume.HddsVolumeChecker (HddsVolumeChecker.java:checkAllVolumes(203)) - Scheduled health check for volume org.apache.hadoop.ozone.container.common.volume.HddsVolume@52c4bf29
2019-09-04 10:16:28,478 [main] INFO  impl.RaftServerProxy (ConfUtils.java:logGet(43)) - raft.rpc.type = GRPC (default)
2019-09-04 10:16:28,483 [main] INFO  grpc.GrpcFactory (GrpcFactory.java:checkPooledByteBufAllocatorUseCacheForAllThreads(45)) - PERFORMANCE WARNING: useCacheForAllThreads is true that may cause Netty to create a lot garbage objects and, as a result, trigger GC.
	It is recommended to disable useCacheForAllThreads by setting -Dorg.apache.ratis.thirdparty.io.netty.allocator.useCacheForAllThreads=false in command line.
2019-09-04 10:16:28,483 [main] INFO  grpc.GrpcConfigKeys$Server (ConfUtils.java:logGet(43)) - raft.grpc.server.port = 0 (default)
2019-09-04 10:16:28,483 [main] INFO  server.GrpcService (ConfUtils.java:logGet(43)) - raft.grpc.message.size.max = 33570816 (custom)
2019-09-04 10:16:28,484 [main] INFO  server.RaftServerConfigKeys (ConfUtils.java:logGet(43)) - raft.server.log.appender.buffer.byte-limit = 33554432 (custom)
2019-09-04 10:16:28,484 [main] INFO  server.GrpcService (ConfUtils.java:logGet(43)) - raft.grpc.flow.control.window = 1MB (=1048576) (default)
2019-09-04 10:16:28,484 [main] INFO  server.RaftServerConfigKeys (ConfUtils.java:logGet(43)) - raft.server.rpc.request.timeout = 3000ms (default)
2019-09-04 10:16:28,485 [main] INFO  server.RaftServerConfigKeys (ConfUtils.java:logGet(43)) - raft.server.storage.dir = [/workdir/hadoop-ozone/integration-test/target/test-dir/MiniOzoneClusterImpl-92bdd970-4d32-4065-b0f9-0a546f741942/datanode-6/data/ratis] (custom)
2019-09-04 10:16:28,486 [main] INFO  replication.SimpleContainerDownloader (SimpleContainerDownloader.java:<init>(72)) - Starting container downloader service to copy containers to replicate.
2019-09-04 10:16:28,496 [main] INFO  hdfs.DFSUtil (DFSUtil.java:httpServerTemplateForNNAndJN(1641)) - Starting Web-server for hddsDatanode at: http://0.0.0.0:0
2019-09-04 10:16:28,498 [main] INFO  server.AuthenticationFilter (AuthenticationFilter.java:constructSecretProvider(240)) - Unable to initialize FileSignerSecretProvider, falling back to use random secrets.
2019-09-04 10:16:28,498 [main] WARN  http.HttpRequestLog (HttpRequestLog.java:getRequestLog(97)) - Jetty request log can only be enabled using Log4j
2019-09-04 10:16:28,500 [main] INFO  http.HttpServer2 (HttpServer2.java:addGlobalFilter(975)) - Added global filter 'safety' (class=org.apache.hadoop.http.HttpServer2$QuotingInputFilter)
2019-09-04 10:16:28,500 [main] INFO  http.HttpServer2 (HttpServer2.java:addFilter(948)) - Added filter static_user_filter (class=org.apache.hadoop.http.lib.StaticUserWebFilter$StaticUserFilter) to context hddsDatanode
2019-09-04 10:16:28,501 [main] INFO  http.HttpServer2 (HttpServer2.java:addFilter(958)) - Added filter static_user_filter (class=org.apache.hadoop.http.lib.StaticUserWebFilter$StaticUserFilter) to context logs
2019-09-04 10:16:28,501 [main] INFO  http.HttpServer2 (HttpServer2.java:addFilter(958)) - Added filter static_user_filter (class=org.apache.hadoop.http.lib.StaticUserWebFilter$StaticUserFilter) to context static
2019-09-04 10:16:28,505 [main] INFO  http.HttpServer2 (HttpServer2.java:bindListener(1191)) - Jetty bound to port 37977
2019-09-04 10:16:28,505 [main] INFO  server.Server (Server.java:doStart(351)) - jetty-9.3.24.v20180605, build timestamp: 2018-06-05T17:11:56Z, git hash: 84205aa28f11a4f31f2a3b86d1bba2cc8ab69827
2019-09-04 10:16:28,507 [main] INFO  handler.ContextHandler (ContextHandler.java:doStart(781)) - Started o.e.j.s.ServletContextHandler@7942987{/logs,file:///workdir/hadoop-ozone/integration-test/target/log,AVAILABLE}
2019-09-04 10:16:28,508 [main] INFO  handler.ContextHandler (ContextHandler.java:doStart(781)) - Started o.e.j.s.ServletContextHandler@5bf1e07{/static,jar:file:/home/user/.m2/repository/org/apache/hadoop/hadoop-hdds-container-service/0.5.0-SNAPSHOT/hadoop-hdds-container-service-0.5.0-SNAPSHOT.jar!/webapps/static,AVAILABLE}
2019-09-04 10:16:28,534 [main] INFO  handler.ContextHandler (ContextHandler.java:doStart(781)) - Started o.e.j.w.WebAppContext@26c9225a{/,file:///tmp/jetty-0.0.0.0-37977-hddsDatanode-_-any-7102947699703260861.dir/webapp/,AVAILABLE}{/hddsDatanode}
2019-09-04 10:16:28,535 [main] INFO  server.AbstractConnector (AbstractConnector.java:doStart(278)) - Started ServerConnector@10ba757f{HTTP/1.1,[http/1.1]}{0.0.0.0:37977}
2019-09-04 10:16:28,537 [main] INFO  server.Server (Server.java:doStart(419)) - Started @637860ms
2019-09-04 10:16:28,537 [main] INFO  server.BaseHttpServer (BaseHttpServer.java:updateConnectorAddress(213)) - HTTP server of HDDSDATANODE is listening at http://0.0.0.0:37977
2019-09-04 10:16:28,683 | INFO  | ObjectStoreRestHttpServer | Listening HDDS REST traffic on /0.0.0.0:40146 |  
2019-09-04 10:16:28,683 [main] INFO  ozone.HddsDatanodeService (HddsDatanodeService.java:startPlugins(395)) - Started plug-in org.apache.hadoop.ozone.web.OzoneHddsDatanodeService@18a129b8
2019-09-04 10:16:28,684 [main] INFO  ozone.MiniOzoneClusterImpl (MiniOzoneClusterImpl.java:lambda$waitForClusterToBeReady$0(142)) - Waiting for cluster to be ready. Got 0 of 7 DN Heartbeats.
2019-09-04 10:16:28,685 [org.apache.hadoop.util.JvmPauseMonitor$Monitor@19fc5fe] INFO  util.JvmPauseMonitor (JvmPauseMonitor.java:run(188)) - Starting JVM pause monitor
2019-09-04 10:16:28,686 [Datanode State Machine Thread - 0] INFO  datanode.InitDatanodeState (InitDatanodeState.java:persistContainerDatanodeDetails(140)) - DatanodeDetails is persisted to /workdir/hadoop-ozone/integration-test/target/test-dir/MiniOzoneClusterImpl-92bdd970-4d32-4065-b0f9-0a546f741942/datanode-6/meta/datanode.id
2019-09-04 10:16:28,954 | INFO  | SCMAudit | user=jenkins1000 | ip=192.168.36.67 | op=GET_VERSION null | ret=SUCCESS |  
2019-09-04 10:16:28,994 [Datanode State Machine Thread - 0] INFO  ozoneimpl.OzoneContainer (OzoneContainer.java:start(186)) - Attempting to start container services.
2019-09-04 10:16:28,995 [Datanode State Machine Thread - 0] INFO  ozoneimpl.OzoneContainer (OzoneContainer.java:startContainerScrub(160)) - Background container scrubber has been disabled by hdds.containerscrub.enabled
2019-09-04 10:16:28,995 [Datanode State Machine Thread - 0] INFO  ratis.XceiverServerRatis (XceiverServerRatis.java:start(404)) - Starting XceiverServerRatis b80378ed-5f1b-4740-b601-1e0bc7c6be7e at port 0
2019-09-04 10:16:29,003 [Datanode State Machine Thread - 0] INFO  impl.RaftServerProxy (RaftServerProxy.java:lambda$start$3(299)) - b80378ed-5f1b-4740-b601-1e0bc7c6be7e: start RPC server
2019-09-04 10:16:29,005 [Datanode State Machine Thread - 0] INFO  server.GrpcService (GrpcService.java:startImpl(149)) - b80378ed-5f1b-4740-b601-1e0bc7c6be7e: GrpcService started, listening on 0.0.0.0/0.0.0.0:37934
2019-09-04 10:16:29,005 [Datanode State Machine Thread - 0] INFO  ratis.XceiverServerRatis (XceiverServerRatis.java:start(414)) - XceiverServerRatis b80378ed-5f1b-4740-b601-1e0bc7c6be7e is started using port 37934
2019-09-04 10:16:29,012 [Datanode State Machine Thread - 0] INFO  server.XceiverServerGrpc (XceiverServerGrpc.java:start(163)) - XceiverServerGrpc b80378ed-5f1b-4740-b601-1e0bc7c6be7e is started using port 46482
2019-09-04 10:16:29,156 | INFO  | SCMAudit | user=jenkins1000 | ip=192.168.36.67 | op=GET_VERSION null | ret=SUCCESS |  
2019-09-04 10:16:29,173 [Datanode State Machine Thread - 0] INFO  ozoneimpl.OzoneContainer (OzoneContainer.java:start(186)) - Attempting to start container services.
2019-09-04 10:16:29,174 [Datanode State Machine Thread - 0] INFO  ozoneimpl.OzoneContainer (OzoneContainer.java:startContainerScrub(160)) - Background container scrubber has been disabled by hdds.containerscrub.enabled
2019-09-04 10:16:29,174 [Datanode State Machine Thread - 0] INFO  ratis.XceiverServerRatis (XceiverServerRatis.java:start(404)) - Starting XceiverServerRatis 9e2f2840-376d-44a7-a0d8-66a1275e3925 at port 0
2019-09-04 10:16:29,181 [Datanode State Machine Thread - 0] INFO  impl.RaftServerProxy (RaftServerProxy.java:lambda$start$3(299)) - 9e2f2840-376d-44a7-a0d8-66a1275e3925: start RPC server
2019-09-04 10:16:29,183 [Datanode State Machine Thread - 0] INFO  server.GrpcService (GrpcService.java:startImpl(149)) - 9e2f2840-376d-44a7-a0d8-66a1275e3925: GrpcService started, listening on 0.0.0.0/0.0.0.0:46730
2019-09-04 10:16:29,183 [Datanode State Machine Thread - 0] INFO  ratis.XceiverServerRatis (XceiverServerRatis.java:start(414)) - XceiverServerRatis 9e2f2840-376d-44a7-a0d8-66a1275e3925 is started using port 46730
2019-09-04 10:16:29,183 [Datanode State Machine Thread - 0] INFO  server.XceiverServerGrpc (XceiverServerGrpc.java:start(163)) - XceiverServerGrpc 9e2f2840-376d-44a7-a0d8-66a1275e3925 is started using port 40594
2019-09-04 10:16:29,404 | INFO  | SCMAudit | user=jenkins1000 | ip=192.168.36.67 | op=GET_VERSION null | ret=SUCCESS |  
2019-09-04 10:16:29,418 [Datanode State Machine Thread - 0] INFO  ozoneimpl.OzoneContainer (OzoneContainer.java:start(186)) - Attempting to start container services.
2019-09-04 10:16:29,419 [Datanode State Machine Thread - 0] INFO  ozoneimpl.OzoneContainer (OzoneContainer.java:startContainerScrub(160)) - Background container scrubber has been disabled by hdds.containerscrub.enabled
2019-09-04 10:16:29,419 [Datanode State Machine Thread - 0] INFO  ratis.XceiverServerRatis (XceiverServerRatis.java:start(404)) - Starting XceiverServerRatis 83bf1d66-3343-4f2f-b64f-e9bea6992cf9 at port 0
2019-09-04 10:16:29,425 [Datanode State Machine Thread - 0] INFO  impl.RaftServerProxy (RaftServerProxy.java:lambda$start$3(299)) - 83bf1d66-3343-4f2f-b64f-e9bea6992cf9: start RPC server
2019-09-04 10:16:29,425 [Datanode State Machine Thread - 0] INFO  server.GrpcService (GrpcService.java:startImpl(149)) - 83bf1d66-3343-4f2f-b64f-e9bea6992cf9: GrpcService started, listening on 0.0.0.0/0.0.0.0:35386
2019-09-04 10:16:29,426 [Datanode State Machine Thread - 0] INFO  ratis.XceiverServerRatis (XceiverServerRatis.java:start(414)) - XceiverServerRatis 83bf1d66-3343-4f2f-b64f-e9bea6992cf9 is started using port 35386
2019-09-04 10:16:29,426 [Datanode State Machine Thread - 0] INFO  server.XceiverServerGrpc (XceiverServerGrpc.java:start(163)) - XceiverServerGrpc 83bf1d66-3343-4f2f-b64f-e9bea6992cf9 is started using port 44975
2019-09-04 10:16:29,684 [main] INFO  ozone.MiniOzoneClusterImpl (MiniOzoneClusterImpl.java:lambda$waitForClusterToBeReady$0(142)) - Waiting for cluster to be ready. Got 0 of 7 DN Heartbeats.
2019-09-04 10:16:29,957 | INFO  | SCMAudit | user=jenkins1000 | ip=192.168.36.67 | op=GET_VERSION null | ret=SUCCESS |  
2019-09-04 10:16:29,972 [Datanode State Machine Thread - 0] INFO  ozoneimpl.OzoneContainer (OzoneContainer.java:start(186)) - Attempting to start container services.
2019-09-04 10:16:29,972 [Datanode State Machine Thread - 0] INFO  ozoneimpl.OzoneContainer (OzoneContainer.java:startContainerScrub(160)) - Background container scrubber has been disabled by hdds.containerscrub.enabled
2019-09-04 10:16:29,972 [Datanode State Machine Thread - 0] INFO  ratis.XceiverServerRatis (XceiverServerRatis.java:start(404)) - Starting XceiverServerRatis 31b4e676-369f-4979-b1c2-672ed0f2e414 at port 0
2019-09-04 10:16:29,976 [Datanode State Machine Thread - 0] INFO  impl.RaftServerProxy (RaftServerProxy.java:lambda$start$3(299)) - 31b4e676-369f-4979-b1c2-672ed0f2e414: start RPC server
2019-09-04 10:16:29,977 [Datanode State Machine Thread - 0] INFO  server.GrpcService (GrpcService.java:startImpl(149)) - 31b4e676-369f-4979-b1c2-672ed0f2e414: GrpcService started, listening on 0.0.0.0/0.0.0.0:46802
2019-09-04 10:16:29,978 [Datanode State Machine Thread - 0] INFO  ratis.XceiverServerRatis (XceiverServerRatis.java:start(414)) - XceiverServerRatis 31b4e676-369f-4979-b1c2-672ed0f2e414 is started using port 46802
2019-09-04 10:16:29,978 [Datanode State Machine Thread - 0] INFO  server.XceiverServerGrpc (XceiverServerGrpc.java:start(163)) - XceiverServerGrpc 31b4e676-369f-4979-b1c2-672ed0f2e414 is started using port 42110
2019-09-04 10:16:30,193 | INFO  | SCMAudit | user=jenkins1000 | ip=192.168.36.67 | op=GET_VERSION null | ret=SUCCESS |  
2019-09-04 10:16:30,207 [Datanode State Machine Thread - 0] INFO  ozoneimpl.OzoneContainer (OzoneContainer.java:start(186)) - Attempting to start container services.
2019-09-04 10:16:30,208 [Datanode State Machine Thread - 0] INFO  ozoneimpl.OzoneContainer (OzoneContainer.java:startContainerScrub(160)) - Background container scrubber has been disabled by hdds.containerscrub.enabled
2019-09-04 10:16:30,208 [Datanode State Machine Thread - 0] INFO  ratis.XceiverServerRatis (XceiverServerRatis.java:start(404)) - Starting XceiverServerRatis b98e2d19-33f1-4f79-80c8-78219e23739a at port 0
2019-09-04 10:16:30,213 [Datanode State Machine Thread - 0] INFO  impl.RaftServerProxy (RaftServerProxy.java:lambda$start$3(299)) - b98e2d19-33f1-4f79-80c8-78219e23739a: start RPC server
2019-09-04 10:16:30,222 [Datanode State Machine Thread - 0] INFO  server.GrpcService (GrpcService.java:startImpl(149)) - b98e2d19-33f1-4f79-80c8-78219e23739a: GrpcService started, listening on 0.0.0.0/0.0.0.0:36361
2019-09-04 10:16:30,222 [Datanode State Machine Thread - 0] INFO  ratis.XceiverServerRatis (XceiverServerRatis.java:start(414)) - XceiverServerRatis b98e2d19-33f1-4f79-80c8-78219e23739a is started using port 36361
2019-09-04 10:16:30,224 [Datanode State Machine Thread - 0] INFO  server.XceiverServerGrpc (XceiverServerGrpc.java:start(163)) - XceiverServerGrpc b98e2d19-33f1-4f79-80c8-78219e23739a is started using port 39060
2019-09-04 10:16:30,448 | INFO  | SCMAudit | user=jenkins1000 | ip=192.168.36.67 | op=GET_VERSION null | ret=SUCCESS |  
2019-09-04 10:16:30,461 [Datanode State Machine Thread - 0] INFO  ozoneimpl.OzoneContainer (OzoneContainer.java:start(186)) - Attempting to start container services.
2019-09-04 10:16:30,461 [Datanode State Machine Thread - 0] INFO  ozoneimpl.OzoneContainer (OzoneContainer.java:startContainerScrub(160)) - Background container scrubber has been disabled by hdds.containerscrub.enabled
2019-09-04 10:16:30,462 [Datanode State Machine Thread - 0] INFO  ratis.XceiverServerRatis (XceiverServerRatis.java:start(404)) - Starting XceiverServerRatis cc26b0b0-42a6-4c40-b1c0-3a6e3a9aaf66 at port 0
2019-09-04 10:16:30,467 [Datanode State Machine Thread - 0] INFO  impl.RaftServerProxy (RaftServerProxy.java:lambda$start$3(299)) - cc26b0b0-42a6-4c40-b1c0-3a6e3a9aaf66: start RPC server
2019-09-04 10:16:30,468 [Datanode State Machine Thread - 0] INFO  server.GrpcService (GrpcService.java:startImpl(149)) - cc26b0b0-42a6-4c40-b1c0-3a6e3a9aaf66: GrpcService started, listening on 0.0.0.0/0.0.0.0:34378
2019-09-04 10:16:30,468 [Datanode State Machine Thread - 0] INFO  ratis.XceiverServerRatis (XceiverServerRatis.java:start(414)) - XceiverServerRatis cc26b0b0-42a6-4c40-b1c0-3a6e3a9aaf66 is started using port 34378
2019-09-04 10:16:30,471 [Datanode State Machine Thread - 0] INFO  server.XceiverServerGrpc (XceiverServerGrpc.java:start(163)) - XceiverServerGrpc cc26b0b0-42a6-4c40-b1c0-3a6e3a9aaf66 is started using port 43762
2019-09-04 10:16:30,684 [main] INFO  ozone.MiniOzoneClusterImpl (MiniOzoneClusterImpl.java:lambda$waitForClusterToBeReady$0(142)) - Waiting for cluster to be ready. Got 0 of 7 DN Heartbeats.
2019-09-04 10:16:30,686 | INFO  | SCMAudit | user=jenkins1000 | ip=192.168.36.67 | op=GET_VERSION null | ret=SUCCESS |  
2019-09-04 10:16:30,699 [Datanode State Machine Thread - 0] INFO  ozoneimpl.OzoneContainer (OzoneContainer.java:start(186)) - Attempting to start container services.
2019-09-04 10:16:30,699 [Datanode State Machine Thread - 0] INFO  ozoneimpl.OzoneContainer (OzoneContainer.java:startContainerScrub(160)) - Background container scrubber has been disabled by hdds.containerscrub.enabled
2019-09-04 10:16:30,699 [Datanode State Machine Thread - 0] INFO  ratis.XceiverServerRatis (XceiverServerRatis.java:start(404)) - Starting XceiverServerRatis d31f0293-0228-4a75-90b9-c3e018e44e78 at port 0
2019-09-04 10:16:30,704 [Datanode State Machine Thread - 0] INFO  impl.RaftServerProxy (RaftServerProxy.java:lambda$start$3(299)) - d31f0293-0228-4a75-90b9-c3e018e44e78: start RPC server
2019-09-04 10:16:30,704 [Datanode State Machine Thread - 0] INFO  server.GrpcService (GrpcService.java:startImpl(149)) - d31f0293-0228-4a75-90b9-c3e018e44e78: GrpcService started, listening on 0.0.0.0/0.0.0.0:41523
2019-09-04 10:16:30,704 [Datanode State Machine Thread - 0] INFO  ratis.XceiverServerRatis (XceiverServerRatis.java:start(414)) - XceiverServerRatis d31f0293-0228-4a75-90b9-c3e018e44e78 is started using port 41523
2019-09-04 10:16:30,704 [Datanode State Machine Thread - 0] INFO  server.XceiverServerGrpc (XceiverServerGrpc.java:start(163)) - XceiverServerGrpc d31f0293-0228-4a75-90b9-c3e018e44e78 is started using port 37518
2019-09-04 10:16:30,949 [IPC Server handler 0 on 36262] INFO  net.NetworkTopology (NetworkTopologyImpl.java:add(110)) - Added a new node: /default-rack/b80378ed-5f1b-4740-b601-1e0bc7c6be7e
2019-09-04 10:16:30,951 [IPC Server handler 0 on 36262] INFO  node.SCMNodeManager (SCMNodeManager.java:register(273)) - Registered Data node : b80378ed-5f1b-4740-b601-1e0bc7c6be7e{ip: 192.168.36.67, host: pr-hdds-1569-fjd24-125839774, networkLocation: /default-rack, certSerialId: null}
2019-09-04 10:16:30,951 [EventQueue-NodeRegistrationContainerReportForDataNodeSafeModeRule] INFO  safemode.SCMSafeModeManager (DataNodeSafeModeRule.java:process(71)) - SCM in safe mode. 1 DataNodes registered, 1 required.
2019-09-04 10:16:30,951 | INFO  | SCMAudit | user=jenkins1000 | ip=192.168.36.67 | op=REGISTER {datanodeDetails=b80378ed-5f1b-4740-b601-1e0bc7c6be7e{ip: 192.168.36.67, host: pr-hdds-1569-fjd24-125839774, networkLocation: /default-rack, certSerialId: null}} | ret=SUCCESS |  
2019-09-04 10:16:30,953 [EventQueue-NodeRegistrationContainerReportForDataNodeSafeModeRule] INFO  safemode.SCMSafeModeManager (SCMSafeModeManager.java:validateSafeModeExitRules(177)) - ScmSafeModeManager, all rules are successfully validated
2019-09-04 10:16:30,953 [EventQueue-NodeRegistrationContainerReportForDataNodeSafeModeRule] INFO  safemode.SCMSafeModeManager (SCMSafeModeManager.java:exitSafeMode(193)) - SCM exiting safe mode.
2019-09-04 10:16:30,961 [grpc-default-executor-1] INFO  impl.RaftServerProxy (RaftServerProxy.java:addNew(89)) - b80378ed-5f1b-4740-b601-1e0bc7c6be7e: addNew group-96A53878F3C5:[b80378ed-5f1b-4740-b601-1e0bc7c6be7e:192.168.36.67:37934] returns group-96A53878F3C5:java.util.concurrent.CompletableFuture@118bb23c[Not completed]
2019-09-04 10:16:30,963 [pool-536-thread-1] INFO  impl.RaftServerImpl (RaftServerImpl.java:<init>(93)) - b80378ed-5f1b-4740-b601-1e0bc7c6be7e: new RaftServerImpl for group-96A53878F3C5:[b80378ed-5f1b-4740-b601-1e0bc7c6be7e:192.168.36.67:37934] with ContainerStateMachine:uninitialized
2019-09-04 10:16:30,963 [pool-536-thread-1] INFO  server.RaftServerConfigKeys (ConfUtils.java:logGet(43)) - raft.server.rpc.timeout.min = 5s (custom)
2019-09-04 10:16:30,964 [pool-536-thread-1] INFO  server.RaftServerConfigKeys (ConfUtils.java:logGet(43)) - raft.server.rpc.timeout.max = 5200ms (custom)
2019-09-04 10:16:30,964 [pool-536-thread-1] INFO  server.RaftServerConfigKeys (ConfUtils.java:logGet(43)) - raft.server.rpcslowness.timeout = 120s (custom)
2019-09-04 10:16:30,964 [pool-536-thread-1] INFO  server.RaftServerConfigKeys (ConfUtils.java:logGet(43)) - raft.server.sleep.deviation.threshold = 300 (default)
2019-09-04 10:16:30,964 [pool-536-thread-1] INFO  server.RaftServerConfigKeys (ConfUtils.java:logGet(43)) - raft.server.log.appender.install.snapshot.enabled = false (custom)
2019-09-04 10:16:30,964 [pool-536-thread-1] INFO  impl.RaftServerImpl (ServerState.java:<init>(105)) - b80378ed-5f1b-4740-b601-1e0bc7c6be7e:group-96A53878F3C5 ConfigurationManager, init=-1: [b80378ed-5f1b-4740-b601-1e0bc7c6be7e:192.168.36.67:37934], old=null, confs=<EMPTY_MAP>
2019-09-04 10:16:30,964 [pool-536-thread-1] INFO  server.RaftServerConfigKeys (ConfUtils.java:logGet(43)) - raft.server.storage.dir = [/workdir/hadoop-ozone/integration-test/target/test-dir/MiniOzoneClusterImpl-92bdd970-4d32-4065-b0f9-0a546f741942/datanode-0/data/ratis] (custom)
2019-09-04 10:16:30,965 [pool-536-thread-1] INFO  storage.RaftStorageDirectory (RaftStorageDirectory.java:analyzeStorage(246)) - The storage directory /workdir/hadoop-ozone/integration-test/target/test-dir/MiniOzoneClusterImpl-92bdd970-4d32-4065-b0f9-0a546f741942/datanode-0/data/ratis/c1a289d0-1fea-4328-9015-96a53878f3c5 does not exist. Creating ...
2019-09-04 10:16:30,976 [pool-536-thread-1] INFO  storage.RaftStorageDirectory (RaftStorageDirectory.java:tryLock(328)) - Lock on /workdir/hadoop-ozone/integration-test/target/test-dir/MiniOzoneClusterImpl-92bdd970-4d32-4065-b0f9-0a546f741942/datanode-0/data/ratis/c1a289d0-1fea-4328-9015-96a53878f3c5/in_use.lock acquired by nodename 21473@pr-hdds-1569-fjd24-125839774
2019-09-04 10:16:30,987 [pool-536-thread-1] INFO  storage.RaftStorage (RaftStorage.java:format(72)) - Storage directory /workdir/hadoop-ozone/integration-test/target/test-dir/MiniOzoneClusterImpl-92bdd970-4d32-4065-b0f9-0a546f741942/datanode-0/data/ratis/c1a289d0-1fea-4328-9015-96a53878f3c5 has been successfully formatted.
2019-09-04 10:16:30,987 [pool-536-thread-1] INFO  ratis.ContainerStateMachine (ContainerStateMachine.java:loadSnapshot(226)) - group-96A53878F3C5: The snapshot info is null. Setting the last applied indexto:(t:0, i:~)
2019-09-04 10:16:30,988 [pool-536-thread-1] INFO  server.RaftServerConfigKeys (ConfUtils.java:logGet(43)) - raft.server.leader.election.timeout = 120s (custom)
2019-09-04 10:16:30,988 [pool-536-thread-1] INFO  server.RaftServerConfigKeys (ConfUtils.java:logGet(43)) - raft.server.log.use.memory = false (default)
2019-09-04 10:16:30,988 [pool-536-thread-1] INFO  server.RaftServerConfigKeys (ConfUtils.java:logGet(43)) - raft.server.log.purge.gap = 1000000 (custom)
2019-09-04 10:16:30,988 [pool-536-thread-1] INFO  server.RaftServerConfigKeys (ConfUtils.java:logGet(43)) - raft.server.log.appender.buffer.byte-limit = 33554432 (custom)
2019-09-04 10:16:30,988 [pool-536-thread-1] INFO  server.RaftServerConfigKeys (ConfUtils.java:logGet(43)) - raft.server.log.segment.size.max = 1048576 (custom)
2019-09-04 10:16:30,988 [pool-536-thread-1] INFO  server.RaftServerConfigKeys (ConfUtils.java:logGet(43)) - raft.server.log.segment.cache.num.max = 2 (custom)
2019-09-04 10:16:30,989 [pool-536-thread-1] INFO  segmented.SegmentedRaftLogWorker (SegmentedRaftLogWorker.java:<init>(172)) - new b80378ed-5f1b-4740-b601-1e0bc7c6be7e-SegmentedRaftLogWorker:Storage Directory /workdir/hadoop-ozone/integration-test/target/test-dir/MiniOzoneClusterImpl-92bdd970-4d32-4065-b0f9-0a546f741942/datanode-0/data/ratis/c1a289d0-1fea-4328-9015-96a53878f3c5 for RaftStorage:Storage Directory /workdir/hadoop-ozone/integration-test/target/test-dir/MiniOzoneClusterImpl-92bdd970-4d32-4065-b0f9-0a546f741942/datanode-0/data/ratis/c1a289d0-1fea-4328-9015-96a53878f3c5
2019-09-04 10:16:30,989 [pool-536-thread-1] INFO  server.RaftServerConfigKeys (ConfUtils.java:logGet(43)) - raft.server.log.queue.byte-limit = 2147483647 (custom)
2019-09-04 10:16:30,989 [pool-536-thread-1] INFO  server.RaftServerConfigKeys (ConfUtils.java:logGet(43)) - raft.server.log.queue.element-limit = 1024 (custom)
2019-09-04 10:16:30,989 [pool-536-thread-1] INFO  server.RaftServerConfigKeys (ConfUtils.java:logGet(43)) - raft.server.log.segment.size.max = 1048576 (custom)
2019-09-04 10:16:30,990 [pool-536-thread-1] INFO  server.RaftServerConfigKeys (ConfUtils.java:logGet(43)) - raft.server.log.preallocated.size = 16384 (custom)
2019-09-04 10:16:30,990 [pool-536-thread-1] INFO  server.RaftServerConfigKeys (ConfUtils.java:logGet(43)) - raft.server.log.write.buffer.size = 33554432 (custom)
2019-09-04 10:16:30,990 [pool-536-thread-1] INFO  server.RaftServerConfigKeys (ConfUtils.java:logGet(43)) - raft.server.log.force.sync.num = 128 (default)
2019-09-04 10:16:30,990 [pool-536-thread-1] INFO  server.RaftServerConfigKeys (ConfUtils.java:logGet(43)) - raft.server.log.statemachine.data.sync = true (default)
2019-09-04 10:16:30,990 [pool-536-thread-1] INFO  server.RaftServerConfigKeys (ConfUtils.java:logGet(43)) - raft.server.log.statemachine.data.sync.timeout = 10s (default)
2019-09-04 10:16:30,990 [pool-536-thread-1] INFO  server.RaftServerConfigKeys (ConfUtils.java:logGet(43)) - raft.server.log.statemachine.data.sync.timeout.retry = -1 (default)
2019-09-04 10:16:30,991 [pool-536-thread-1] INFO  server.RaftServerConfigKeys (ConfUtils.java:logGet(43)) - raft.server.log.statemachine.data.caching.enabled = true (custom)
2019-09-04 10:16:30,991 [pool-536-thread-1] INFO  segmented.SegmentedRaftLogWorker (SegmentedRaftLogWorker.java:lambda$new$0(132)) - b80378ed-5f1b-4740-b601-1e0bc7c6be7e-SegmentedRaftLogWorker:Storage Directory /workdir/hadoop-ozone/integration-test/target/test-dir/MiniOzoneClusterImpl-92bdd970-4d32-4065-b0f9-0a546f741942/datanode-0/data/ratis/c1a289d0-1fea-4328-9015-96a53878f3c5: flushIndex: setUnconditionally 0 -> -1
2019-09-04 10:16:30,992 [pool-536-thread-1] INFO  server.RaftServerConfigKeys (ConfUtils.java:logGet(43)) - raft.server.snapshot.auto.trigger.enabled = true (custom)
2019-09-04 10:16:30,992 [pool-536-thread-1] INFO  server.RaftServerConfigKeys (ConfUtils.java:logGet(43)) - raft.server.snapshot.auto.trigger.threshold = 10000 (custom)
2019-09-04 10:16:30,992 [pool-536-thread-1] INFO  server.RaftServerConfigKeys (ConfUtils.java:logGet(43)) - raft.server.retrycache.expirytime = 600000ms (custom)
2019-09-04 10:16:30,992 [pool-536-thread-1] INFO  impl.RaftServerImpl (RaftServerImpl.java:start(180)) - b80378ed-5f1b-4740-b601-1e0bc7c6be7e: start group-96A53878F3C5
2019-09-04 10:16:30,992 [pool-536-thread-1] INFO  impl.RaftServerImpl (RaftServerImpl.java:setRole(171)) - b80378ed-5f1b-4740-b601-1e0bc7c6be7e:group-96A53878F3C5 changes role from null to FOLLOWER at term 0 for startAsFollower
2019-09-04 10:16:30,992 [pool-536-thread-1] INFO  impl.RoleInfo (RoleInfo.java:updateAndGet(143)) - b80378ed-5f1b-4740-b601-1e0bc7c6be7e: start FollowerState
2019-09-04 10:16:30,994 [pool-536-thread-1] INFO  util.JmxRegister (JmxRegister.java:tryRegister(44)) - Successfully registered JMX Bean with object name Ratis:service=RaftServer,group=group-96A53878F3C5,id=b80378ed-5f1b-4740-b601-1e0bc7c6be7e
2019-09-04 10:16:31,044 [RatisPipelineUtilsThread] INFO  pipeline.PipelineStateManager (PipelineStateManager.java:addPipeline(56)) - Created pipeline Pipeline[ Id: c1a289d0-1fea-4328-9015-96a53878f3c5, Nodes: b80378ed-5f1b-4740-b601-1e0bc7c6be7e{ip: 192.168.36.67, host: pr-hdds-1569-fjd24-125839774, networkLocation: /default-rack, certSerialId: null}, Type:RATIS, Factor:ONE, State:OPEN]
2019-09-04 10:16:31,157 [IPC Server handler 2 on 36262] INFO  net.NetworkTopology (NetworkTopologyImpl.java:add(110)) - Added a new node: /default-rack/9e2f2840-376d-44a7-a0d8-66a1275e3925
2019-09-04 10:16:31,157 [IPC Server handler 2 on 36262] INFO  node.SCMNodeManager (SCMNodeManager.java:register(273)) - Registered Data node : 9e2f2840-376d-44a7-a0d8-66a1275e3925{ip: 192.168.36.67, host: pr-hdds-1569-fjd24-125839774, networkLocation: /default-rack, certSerialId: null}
2019-09-04 10:16:31,157 | INFO  | SCMAudit | user=jenkins1000 | ip=192.168.36.67 | op=REGISTER {datanodeDetails=9e2f2840-376d-44a7-a0d8-66a1275e3925{ip: 192.168.36.67, host: pr-hdds-1569-fjd24-125839774, networkLocation: /default-rack, certSerialId: null}} | ret=SUCCESS |  
2019-09-04 10:16:31,163 [grpc-default-executor-1] INFO  impl.RaftServerProxy (RaftServerProxy.java:addNew(89)) - 9e2f2840-376d-44a7-a0d8-66a1275e3925: addNew group-C69159E81A7F:[9e2f2840-376d-44a7-a0d8-66a1275e3925:192.168.36.67:46730] returns group-C69159E81A7F:java.util.concurrent.CompletableFuture@535f6b6a[Not completed]
2019-09-04 10:16:31,164 [pool-547-thread-1] INFO  impl.RaftServerImpl (RaftServerImpl.java:<init>(93)) - 9e2f2840-376d-44a7-a0d8-66a1275e3925: new RaftServerImpl for group-C69159E81A7F:[9e2f2840-376d-44a7-a0d8-66a1275e3925:192.168.36.67:46730] with ContainerStateMachine:uninitialized
2019-09-04 10:16:31,164 [pool-547-thread-1] INFO  server.RaftServerConfigKeys (ConfUtils.java:logGet(43)) - raft.server.rpc.timeout.min = 5s (custom)
2019-09-04 10:16:31,164 [pool-547-thread-1] INFO  server.RaftServerConfigKeys (ConfUtils.java:logGet(43)) - raft.server.rpc.timeout.max = 5200ms (custom)
2019-09-04 10:16:31,164 [pool-547-thread-1] INFO  server.RaftServerConfigKeys (ConfUtils.java:logGet(43)) - raft.server.rpcslowness.timeout = 120s (custom)
2019-09-04 10:16:31,164 [pool-547-thread-1] INFO  server.RaftServerConfigKeys (ConfUtils.java:logGet(43)) - raft.server.sleep.deviation.threshold = 300 (default)
2019-09-04 10:16:31,164 [pool-547-thread-1] INFO  server.RaftServerConfigKeys (ConfUtils.java:logGet(43)) - raft.server.log.appender.install.snapshot.enabled = false (custom)
2019-09-04 10:16:31,164 [pool-547-thread-1] INFO  impl.RaftServerImpl (ServerState.java:<init>(105)) - 9e2f2840-376d-44a7-a0d8-66a1275e3925:group-C69159E81A7F ConfigurationManager, init=-1: [9e2f2840-376d-44a7-a0d8-66a1275e3925:192.168.36.67:46730], old=null, confs=<EMPTY_MAP>
2019-09-04 10:16:31,164 [pool-547-thread-1] INFO  server.RaftServerConfigKeys (ConfUtils.java:logGet(43)) - raft.server.storage.dir = [/workdir/hadoop-ozone/integration-test/target/test-dir/MiniOzoneClusterImpl-92bdd970-4d32-4065-b0f9-0a546f741942/datanode-1/data/ratis] (custom)
2019-09-04 10:16:31,165 [pool-547-thread-1] INFO  storage.RaftStorageDirectory (RaftStorageDirectory.java:analyzeStorage(246)) - The storage directory /workdir/hadoop-ozone/integration-test/target/test-dir/MiniOzoneClusterImpl-92bdd970-4d32-4065-b0f9-0a546f741942/datanode-1/data/ratis/c3fddb4a-b5dc-478a-af17-c69159e81a7f does not exist. Creating ...
2019-09-04 10:16:31,177 [pool-547-thread-1] INFO  storage.RaftStorageDirectory (RaftStorageDirectory.java:tryLock(328)) - Lock on /workdir/hadoop-ozone/integration-test/target/test-dir/MiniOzoneClusterImpl-92bdd970-4d32-4065-b0f9-0a546f741942/datanode-1/data/ratis/c3fddb4a-b5dc-478a-af17-c69159e81a7f/in_use.lock acquired by nodename 21473@pr-hdds-1569-fjd24-125839774
2019-09-04 10:16:31,190 [pool-547-thread-1] INFO  storage.RaftStorage (RaftStorage.java:format(72)) - Storage directory /workdir/hadoop-ozone/integration-test/target/test-dir/MiniOzoneClusterImpl-92bdd970-4d32-4065-b0f9-0a546f741942/datanode-1/data/ratis/c3fddb4a-b5dc-478a-af17-c69159e81a7f has been successfully formatted.
2019-09-04 10:16:31,190 [pool-547-thread-1] INFO  ratis.ContainerStateMachine (ContainerStateMachine.java:loadSnapshot(226)) - group-C69159E81A7F: The snapshot info is null. Setting the last applied indexto:(t:0, i:~)
2019-09-04 10:16:31,190 [pool-547-thread-1] INFO  server.RaftServerConfigKeys (ConfUtils.java:logGet(43)) - raft.server.leader.election.timeout = 120s (custom)
2019-09-04 10:16:31,190 [pool-547-thread-1] INFO  server.RaftServerConfigKeys (ConfUtils.java:logGet(43)) - raft.server.log.use.memory = false (default)
2019-09-04 10:16:31,190 [pool-547-thread-1] INFO  server.RaftServerConfigKeys (ConfUtils.java:logGet(43)) - raft.server.log.purge.gap = 1000000 (custom)
2019-09-04 10:16:31,191 [pool-547-thread-1] INFO  server.RaftServerConfigKeys (ConfUtils.java:logGet(43)) - raft.server.log.appender.buffer.byte-limit = 33554432 (custom)
2019-09-04 10:16:31,191 [pool-547-thread-1] INFO  server.RaftServerConfigKeys (ConfUtils.java:logGet(43)) - raft.server.log.segment.size.max = 1048576 (custom)
2019-09-04 10:16:31,191 [pool-547-thread-1] INFO  server.RaftServerConfigKeys (ConfUtils.java:logGet(43)) - raft.server.log.segment.cache.num.max = 2 (custom)
2019-09-04 10:16:31,191 [pool-547-thread-1] INFO  segmented.SegmentedRaftLogWorker (SegmentedRaftLogWorker.java:<init>(172)) - new 9e2f2840-376d-44a7-a0d8-66a1275e3925-SegmentedRaftLogWorker:Storage Directory /workdir/hadoop-ozone/integration-test/target/test-dir/MiniOzoneClusterImpl-92bdd970-4d32-4065-b0f9-0a546f741942/datanode-1/data/ratis/c3fddb4a-b5dc-478a-af17-c69159e81a7f for RaftStorage:Storage Directory /workdir/hadoop-ozone/integration-test/target/test-dir/MiniOzoneClusterImpl-92bdd970-4d32-4065-b0f9-0a546f741942/datanode-1/data/ratis/c3fddb4a-b5dc-478a-af17-c69159e81a7f
2019-09-04 10:16:31,191 [pool-547-thread-1] INFO  server.RaftServerConfigKeys (ConfUtils.java:logGet(43)) - raft.server.log.queue.byte-limit = 2147483647 (custom)
2019-09-04 10:16:31,191 [pool-547-thread-1] INFO  server.RaftServerConfigKeys (ConfUtils.java:logGet(43)) - raft.server.log.queue.element-limit = 1024 (custom)
2019-09-04 10:16:31,191 [pool-547-thread-1] INFO  server.RaftServerConfigKeys (ConfUtils.java:logGet(43)) - raft.server.log.segment.size.max = 1048576 (custom)
2019-09-04 10:16:31,191 [pool-547-thread-1] INFO  server.RaftServerConfigKeys (ConfUtils.java:logGet(43)) - raft.server.log.preallocated.size = 16384 (custom)
2019-09-04 10:16:31,191 [pool-547-thread-1] INFO  server.RaftServerConfigKeys (ConfUtils.java:logGet(43)) - raft.server.log.write.buffer.size = 33554432 (custom)
2019-09-04 10:16:31,191 [pool-547-thread-1] INFO  server.RaftServerConfigKeys (ConfUtils.java:logGet(43)) - raft.server.log.force.sync.num = 128 (default)
2019-09-04 10:16:31,192 [pool-547-thread-1] INFO  server.RaftServerConfigKeys (ConfUtils.java:logGet(43)) - raft.server.log.statemachine.data.sync = true (default)
2019-09-04 10:16:31,192 [pool-547-thread-1] INFO  server.RaftServerConfigKeys (ConfUtils.java:logGet(43)) - raft.server.log.statemachine.data.sync.timeout = 10s (default)
2019-09-04 10:16:31,192 [pool-547-thread-1] INFO  server.RaftServerConfigKeys (ConfUtils.java:logGet(43)) - raft.server.log.statemachine.data.sync.timeout.retry = -1 (default)
2019-09-04 10:16:31,192 [pool-547-thread-1] INFO  server.RaftServerConfigKeys (ConfUtils.java:logGet(43)) - raft.server.log.statemachine.data.caching.enabled = true (custom)
2019-09-04 10:16:31,192 [pool-547-thread-1] INFO  segmented.SegmentedRaftLogWorker (SegmentedRaftLogWorker.java:lambda$new$0(132)) - 9e2f2840-376d-44a7-a0d8-66a1275e3925-SegmentedRaftLogWorker:Storage Directory /workdir/hadoop-ozone/integration-test/target/test-dir/MiniOzoneClusterImpl-92bdd970-4d32-4065-b0f9-0a546f741942/datanode-1/data/ratis/c3fddb4a-b5dc-478a-af17-c69159e81a7f: flushIndex: setUnconditionally 0 -> -1
2019-09-04 10:16:31,192 [pool-547-thread-1] INFO  server.RaftServerConfigKeys (ConfUtils.java:logGet(43)) - raft.server.snapshot.auto.trigger.enabled = true (custom)
2019-09-04 10:16:31,193 [pool-547-thread-1] INFO  server.RaftServerConfigKeys (ConfUtils.java:logGet(43)) - raft.server.snapshot.auto.trigger.threshold = 10000 (custom)
2019-09-04 10:16:31,193 [pool-547-thread-1] INFO  server.RaftServerConfigKeys (ConfUtils.java:logGet(43)) - raft.server.retrycache.expirytime = 600000ms (custom)
2019-09-04 10:16:31,193 [pool-547-thread-1] INFO  impl.RaftServerImpl (RaftServerImpl.java:start(180)) - 9e2f2840-376d-44a7-a0d8-66a1275e3925: start group-C69159E81A7F
2019-09-04 10:16:31,193 [pool-547-thread-1] INFO  impl.RaftServerImpl (RaftServerImpl.java:setRole(171)) - 9e2f2840-376d-44a7-a0d8-66a1275e3925:group-C69159E81A7F changes role from null to FOLLOWER at term 0 for startAsFollower
2019-09-04 10:16:31,193 [pool-547-thread-1] INFO  impl.RoleInfo (RoleInfo.java:updateAndGet(143)) - 9e2f2840-376d-44a7-a0d8-66a1275e3925: start FollowerState
2019-09-04 10:16:31,193 [pool-547-thread-1] INFO  util.JmxRegister (JmxRegister.java:tryRegister(44)) - Successfully registered JMX Bean with object name Ratis:service=RaftServer,group=group-C69159E81A7F,id=9e2f2840-376d-44a7-a0d8-66a1275e3925
2019-09-04 10:16:31,198 [RatisPipelineUtilsThread] INFO  pipeline.PipelineStateManager (PipelineStateManager.java:addPipeline(56)) - Created pipeline Pipeline[ Id: c3fddb4a-b5dc-478a-af17-c69159e81a7f, Nodes: 9e2f2840-376d-44a7-a0d8-66a1275e3925{ip: 192.168.36.67, host: pr-hdds-1569-fjd24-125839774, networkLocation: /default-rack, certSerialId: null}, Type:RATIS, Factor:ONE, State:OPEN]
2019-09-04 10:16:31,403 [IPC Server handler 3 on 36262] INFO  net.NetworkTopology (NetworkTopologyImpl.java:add(110)) - Added a new node: /default-rack/83bf1d66-3343-4f2f-b64f-e9bea6992cf9
2019-09-04 10:16:31,404 [IPC Server handler 3 on 36262] INFO  node.SCMNodeManager (SCMNodeManager.java:register(273)) - Registered Data node : 83bf1d66-3343-4f2f-b64f-e9bea6992cf9{ip: 192.168.36.67, host: pr-hdds-1569-fjd24-125839774, networkLocation: /default-rack, certSerialId: null}
2019-09-04 10:16:31,407 | INFO  | SCMAudit | user=jenkins1000 | ip=192.168.36.67 | op=REGISTER {datanodeDetails=83bf1d66-3343-4f2f-b64f-e9bea6992cf9{ip: 192.168.36.67, host: pr-hdds-1569-fjd24-125839774, networkLocation: /default-rack, certSerialId: null}} | ret=SUCCESS |  
2019-09-04 10:16:31,413 [grpc-default-executor-1] INFO  impl.RaftServerProxy (RaftServerProxy.java:addNew(89)) - 83bf1d66-3343-4f2f-b64f-e9bea6992cf9: addNew group-BCFFE34783A0:[83bf1d66-3343-4f2f-b64f-e9bea6992cf9:192.168.36.67:35386] returns group-BCFFE34783A0:java.util.concurrent.CompletableFuture@681fc14a[Not completed]
2019-09-04 10:16:31,415 [pool-558-thread-1] INFO  impl.RaftServerImpl (RaftServerImpl.java:<init>(93)) - 83bf1d66-3343-4f2f-b64f-e9bea6992cf9: new RaftServerImpl for group-BCFFE34783A0:[83bf1d66-3343-4f2f-b64f-e9bea6992cf9:192.168.36.67:35386] with ContainerStateMachine:uninitialized
2019-09-04 10:16:31,415 [pool-558-thread-1] INFO  server.RaftServerConfigKeys (ConfUtils.java:logGet(43)) - raft.server.rpc.timeout.min = 5s (custom)
2019-09-04 10:16:31,415 [pool-558-thread-1] INFO  server.RaftServerConfigKeys (ConfUtils.java:logGet(43)) - raft.server.rpc.timeout.max = 5200ms (custom)
2019-09-04 10:16:31,415 [pool-558-thread-1] INFO  server.RaftServerConfigKeys (ConfUtils.java:logGet(43)) - raft.server.rpcslowness.timeout = 120s (custom)
2019-09-04 10:16:31,415 [pool-558-thread-1] INFO  server.RaftServerConfigKeys (ConfUtils.java:logGet(43)) - raft.server.sleep.deviation.threshold = 300 (default)
2019-09-04 10:16:31,415 [pool-558-thread-1] INFO  server.RaftServerConfigKeys (ConfUtils.java:logGet(43)) - raft.server.log.appender.install.snapshot.enabled = false (custom)
2019-09-04 10:16:31,415 [pool-558-thread-1] INFO  impl.RaftServerImpl (ServerState.java:<init>(105)) - 83bf1d66-3343-4f2f-b64f-e9bea6992cf9:group-BCFFE34783A0 ConfigurationManager, init=-1: [83bf1d66-3343-4f2f-b64f-e9bea6992cf9:192.168.36.67:35386], old=null, confs=<EMPTY_MAP>
2019-09-04 10:16:31,416 [pool-558-thread-1] INFO  server.RaftServerConfigKeys (ConfUtils.java:logGet(43)) - raft.server.storage.dir = [/workdir/hadoop-ozone/integration-test/target/test-dir/MiniOzoneClusterImpl-92bdd970-4d32-4065-b0f9-0a546f741942/datanode-2/data/ratis] (custom)
2019-09-04 10:16:31,416 [pool-558-thread-1] INFO  storage.RaftStorageDirectory (RaftStorageDirectory.java:analyzeStorage(246)) - The storage directory /workdir/hadoop-ozone/integration-test/target/test-dir/MiniOzoneClusterImpl-92bdd970-4d32-4065-b0f9-0a546f741942/datanode-2/data/ratis/0ddafff9-6ccf-4259-8df8-bcffe34783a0 does not exist. Creating ...
2019-09-04 10:16:31,429 [pool-558-thread-1] INFO  storage.RaftStorageDirectory (RaftStorageDirectory.java:tryLock(328)) - Lock on /workdir/hadoop-ozone/integration-test/target/test-dir/MiniOzoneClusterImpl-92bdd970-4d32-4065-b0f9-0a546f741942/datanode-2/data/ratis/0ddafff9-6ccf-4259-8df8-bcffe34783a0/in_use.lock acquired by nodename 21473@pr-hdds-1569-fjd24-125839774
2019-09-04 10:16:31,442 [pool-558-thread-1] INFO  storage.RaftStorage (RaftStorage.java:format(72)) - Storage directory /workdir/hadoop-ozone/integration-test/target/test-dir/MiniOzoneClusterImpl-92bdd970-4d32-4065-b0f9-0a546f741942/datanode-2/data/ratis/0ddafff9-6ccf-4259-8df8-bcffe34783a0 has been successfully formatted.
2019-09-04 10:16:31,442 [pool-558-thread-1] INFO  ratis.ContainerStateMachine (ContainerStateMachine.java:loadSnapshot(226)) - group-BCFFE34783A0: The snapshot info is null. Setting the last applied indexto:(t:0, i:~)
2019-09-04 10:16:31,442 [pool-558-thread-1] INFO  server.RaftServerConfigKeys (ConfUtils.java:logGet(43)) - raft.server.leader.election.timeout = 120s (custom)
2019-09-04 10:16:31,442 [pool-558-thread-1] INFO  server.RaftServerConfigKeys (ConfUtils.java:logGet(43)) - raft.server.log.use.memory = false (default)
2019-09-04 10:16:31,442 [pool-558-thread-1] INFO  server.RaftServerConfigKeys (ConfUtils.java:logGet(43)) - raft.server.log.purge.gap = 1000000 (custom)
2019-09-04 10:16:31,442 [pool-558-thread-1] INFO  server.RaftServerConfigKeys (ConfUtils.java:logGet(43)) - raft.server.log.appender.buffer.byte-limit = 33554432 (custom)
2019-09-04 10:16:31,443 [pool-558-thread-1] INFO  server.RaftServerConfigKeys (ConfUtils.java:logGet(43)) - raft.server.log.segment.size.max = 1048576 (custom)
2019-09-04 10:16:31,443 [pool-558-thread-1] INFO  server.RaftServerConfigKeys (ConfUtils.java:logGet(43)) - raft.server.log.segment.cache.num.max = 2 (custom)
2019-09-04 10:16:31,443 [pool-558-thread-1] INFO  segmented.SegmentedRaftLogWorker (SegmentedRaftLogWorker.java:<init>(172)) - new 83bf1d66-3343-4f2f-b64f-e9bea6992cf9-SegmentedRaftLogWorker:Storage Directory /workdir/hadoop-ozone/integration-test/target/test-dir/MiniOzoneClusterImpl-92bdd970-4d32-4065-b0f9-0a546f741942/datanode-2/data/ratis/0ddafff9-6ccf-4259-8df8-bcffe34783a0 for RaftStorage:Storage Directory /workdir/hadoop-ozone/integration-test/target/test-dir/MiniOzoneClusterImpl-92bdd970-4d32-4065-b0f9-0a546f741942/datanode-2/data/ratis/0ddafff9-6ccf-4259-8df8-bcffe34783a0
2019-09-04 10:16:31,443 [pool-558-thread-1] INFO  server.RaftServerConfigKeys (ConfUtils.java:logGet(43)) - raft.server.log.queue.byte-limit = 2147483647 (custom)
2019-09-04 10:16:31,443 [pool-558-thread-1] INFO  server.RaftServerConfigKeys (ConfUtils.java:logGet(43)) - raft.server.log.queue.element-limit = 1024 (custom)
2019-09-04 10:16:31,443 [pool-558-thread-1] INFO  server.RaftServerConfigKeys (ConfUtils.java:logGet(43)) - raft.server.log.segment.size.max = 1048576 (custom)
2019-09-04 10:16:31,443 [pool-558-thread-1] INFO  server.RaftServerConfigKeys (ConfUtils.java:logGet(43)) - raft.server.log.preallocated.size = 16384 (custom)
2019-09-04 10:16:31,444 [pool-558-thread-1] INFO  server.RaftServerConfigKeys (ConfUtils.java:logGet(43)) - raft.server.log.write.buffer.size = 33554432 (custom)
2019-09-04 10:16:31,444 [pool-558-thread-1] INFO  server.RaftServerConfigKeys (ConfUtils.java:logGet(43)) - raft.server.log.force.sync.num = 128 (default)
2019-09-04 10:16:31,444 [pool-558-thread-1] INFO  server.RaftServerConfigKeys (ConfUtils.java:logGet(43)) - raft.server.log.statemachine.data.sync = true (default)
2019-09-04 10:16:31,444 [pool-558-thread-1] INFO  server.RaftServerConfigKeys (ConfUtils.java:logGet(43)) - raft.server.log.statemachine.data.sync.timeout = 10s (default)
2019-09-04 10:16:31,444 [pool-558-thread-1] INFO  server.RaftServerConfigKeys (ConfUtils.java:logGet(43)) - raft.server.log.statemachine.data.sync.timeout.retry = -1 (default)
2019-09-04 10:16:31,444 [pool-558-thread-1] INFO  server.RaftServerConfigKeys (ConfUtils.java:logGet(43)) - raft.server.log.statemachine.data.caching.enabled = true (custom)
2019-09-04 10:16:31,445 [pool-558-thread-1] INFO  segmented.SegmentedRaftLogWorker (SegmentedRaftLogWorker.java:lambda$new$0(132)) - 83bf1d66-3343-4f2f-b64f-e9bea6992cf9-SegmentedRaftLogWorker:Storage Directory /workdir/hadoop-ozone/integration-test/target/test-dir/MiniOzoneClusterImpl-92bdd970-4d32-4065-b0f9-0a546f741942/datanode-2/data/ratis/0ddafff9-6ccf-4259-8df8-bcffe34783a0: flushIndex: setUnconditionally 0 -> -1
2019-09-04 10:16:31,445 [pool-558-thread-1] INFO  server.RaftServerConfigKeys (ConfUtils.java:logGet(43)) - raft.server.snapshot.auto.trigger.enabled = true (custom)
2019-09-04 10:16:31,445 [pool-558-thread-1] INFO  server.RaftServerConfigKeys (ConfUtils.java:logGet(43)) - raft.server.snapshot.auto.trigger.threshold = 10000 (custom)
2019-09-04 10:16:31,445 [pool-558-thread-1] INFO  server.RaftServerConfigKeys (ConfUtils.java:logGet(43)) - raft.server.retrycache.expirytime = 600000ms (custom)
2019-09-04 10:16:31,445 [pool-558-thread-1] INFO  impl.RaftServerImpl (RaftServerImpl.java:start(180)) - 83bf1d66-3343-4f2f-b64f-e9bea6992cf9: start group-BCFFE34783A0
2019-09-04 10:16:31,445 [pool-558-thread-1] INFO  impl.RaftServerImpl (RaftServerImpl.java:setRole(171)) - 83bf1d66-3343-4f2f-b64f-e9bea6992cf9:group-BCFFE34783A0 changes role from null to FOLLOWER at term 0 for startAsFollower
2019-09-04 10:16:31,446 [pool-558-thread-1] INFO  impl.RoleInfo (RoleInfo.java:updateAndGet(143)) - 83bf1d66-3343-4f2f-b64f-e9bea6992cf9: start FollowerState
2019-09-04 10:16:31,446 [pool-558-thread-1] INFO  util.JmxRegister (JmxRegister.java:tryRegister(44)) - Successfully registered JMX Bean with object name Ratis:service=RaftServer,group=group-BCFFE34783A0,id=83bf1d66-3343-4f2f-b64f-e9bea6992cf9
2019-09-04 10:16:31,451 [RatisPipelineUtilsThread] INFO  pipeline.PipelineStateManager (PipelineStateManager.java:addPipeline(56)) - Created pipeline Pipeline[ Id: 0ddafff9-6ccf-4259-8df8-bcffe34783a0, Nodes: 83bf1d66-3343-4f2f-b64f-e9bea6992cf9{ip: 192.168.36.67, host: pr-hdds-1569-fjd24-125839774, networkLocation: /default-rack, certSerialId: null}, Type:RATIS, Factor:ONE, State:OPEN]
2019-09-04 10:16:31,478 [grpc-default-executor-0] INFO  impl.RaftServerProxy (RaftServerProxy.java:addNew(89)) - 83bf1d66-3343-4f2f-b64f-e9bea6992cf9: addNew group-110FF0B2046C:[9e2f2840-376d-44a7-a0d8-66a1275e3925:192.168.36.67:46730, b80378ed-5f1b-4740-b601-1e0bc7c6be7e:192.168.36.67:37934, 83bf1d66-3343-4f2f-b64f-e9bea6992cf9:192.168.36.67:35386] returns group-110FF0B2046C:java.util.concurrent.CompletableFuture@6cba338c[Not completed]
2019-09-04 10:16:31,478 [grpc-default-executor-11] INFO  impl.RaftServerProxy (RaftServerProxy.java:addNew(89)) - 9e2f2840-376d-44a7-a0d8-66a1275e3925: addNew group-110FF0B2046C:[9e2f2840-376d-44a7-a0d8-66a1275e3925:192.168.36.67:46730, b80378ed-5f1b-4740-b601-1e0bc7c6be7e:192.168.36.67:37934, 83bf1d66-3343-4f2f-b64f-e9bea6992cf9:192.168.36.67:35386] returns group-110FF0B2046C:java.util.concurrent.CompletableFuture@4b1e459a[Not completed]
2019-09-04 10:16:31,478 [grpc-default-executor-1] INFO  impl.RaftServerProxy (RaftServerProxy.java:addNew(89)) - b80378ed-5f1b-4740-b601-1e0bc7c6be7e: addNew group-110FF0B2046C:[9e2f2840-376d-44a7-a0d8-66a1275e3925:192.168.36.67:46730, b80378ed-5f1b-4740-b601-1e0bc7c6be7e:192.168.36.67:37934, 83bf1d66-3343-4f2f-b64f-e9bea6992cf9:192.168.36.67:35386] returns group-110FF0B2046C:java.util.concurrent.CompletableFuture@16a7f830[Not completed]
2019-09-04 10:16:31,479 [pool-558-thread-1] INFO  impl.RaftServerImpl (RaftServerImpl.java:<init>(93)) - 83bf1d66-3343-4f2f-b64f-e9bea6992cf9: new RaftServerImpl for group-110FF0B2046C:[9e2f2840-376d-44a7-a0d8-66a1275e3925:192.168.36.67:46730, b80378ed-5f1b-4740-b601-1e0bc7c6be7e:192.168.36.67:37934, 83bf1d66-3343-4f2f-b64f-e9bea6992cf9:192.168.36.67:35386] with ContainerStateMachine:uninitialized
2019-09-04 10:16:31,479 [pool-558-thread-1] INFO  server.RaftServerConfigKeys (ConfUtils.java:logGet(43)) - raft.server.rpc.timeout.min = 5s (custom)
2019-09-04 10:16:31,479 [pool-558-thread-1] INFO  server.RaftServerConfigKeys (ConfUtils.java:logGet(43)) - raft.server.rpc.timeout.max = 5200ms (custom)
2019-09-04 10:16:31,479 [pool-558-thread-1] INFO  server.RaftServerConfigKeys (ConfUtils.java:logGet(43)) - raft.server.rpcslowness.timeout = 120s (custom)
2019-09-04 10:16:31,479 [pool-558-thread-1] INFO  server.RaftServerConfigKeys (ConfUtils.java:logGet(43)) - raft.server.sleep.deviation.threshold = 300 (default)
2019-09-04 10:16:31,480 [pool-547-thread-1] INFO  impl.RaftServerImpl (RaftServerImpl.java:<init>(93)) - 9e2f2840-376d-44a7-a0d8-66a1275e3925: new RaftServerImpl for group-110FF0B2046C:[9e2f2840-376d-44a7-a0d8-66a1275e3925:192.168.36.67:46730, b80378ed-5f1b-4740-b601-1e0bc7c6be7e:192.168.36.67:37934, 83bf1d66-3343-4f2f-b64f-e9bea6992cf9:192.168.36.67:35386] with ContainerStateMachine:uninitialized
2019-09-04 10:16:31,480 [pool-558-thread-1] INFO  server.RaftServerConfigKeys (ConfUtils.java:logGet(43)) - raft.server.log.appender.install.snapshot.enabled = false (custom)
2019-09-04 10:16:31,480 [pool-547-thread-1] INFO  server.RaftServerConfigKeys (ConfUtils.java:logGet(43)) - raft.server.rpc.timeout.min = 5s (custom)
2019-09-04 10:16:31,480 [pool-558-thread-1] INFO  impl.RaftServerImpl (ServerState.java:<init>(105)) - 83bf1d66-3343-4f2f-b64f-e9bea6992cf9:group-110FF0B2046C ConfigurationManager, init=-1: [9e2f2840-376d-44a7-a0d8-66a1275e3925:192.168.36.67:46730, b80378ed-5f1b-4740-b601-1e0bc7c6be7e:192.168.36.67:37934, 83bf1d66-3343-4f2f-b64f-e9bea6992cf9:192.168.36.67:35386], old=null, confs=<EMPTY_MAP>
2019-09-04 10:16:31,480 [pool-547-thread-1] INFO  server.RaftServerConfigKeys (ConfUtils.java:logGet(43)) - raft.server.rpc.timeout.max = 5200ms (custom)
2019-09-04 10:16:31,480 [pool-558-thread-1] INFO  server.RaftServerConfigKeys (ConfUtils.java:logGet(43)) - raft.server.storage.dir = [/workdir/hadoop-ozone/integration-test/target/test-dir/MiniOzoneClusterImpl-92bdd970-4d32-4065-b0f9-0a546f741942/datanode-2/data/ratis] (custom)
2019-09-04 10:16:31,480 [pool-547-thread-1] INFO  server.RaftServerConfigKeys (ConfUtils.java:logGet(43)) - raft.server.rpcslowness.timeout = 120s (custom)
2019-09-04 10:16:31,480 [pool-536-thread-1] INFO  impl.RaftServerImpl (RaftServerImpl.java:<init>(93)) - b80378ed-5f1b-4740-b601-1e0bc7c6be7e: new RaftServerImpl for group-110FF0B2046C:[9e2f2840-376d-44a7-a0d8-66a1275e3925:192.168.36.67:46730, b80378ed-5f1b-4740-b601-1e0bc7c6be7e:192.168.36.67:37934, 83bf1d66-3343-4f2f-b64f-e9bea6992cf9:192.168.36.67:35386] with ContainerStateMachine:uninitialized
2019-09-04 10:16:31,480 [pool-547-thread-1] INFO  server.RaftServerConfigKeys (ConfUtils.java:logGet(43)) - raft.server.sleep.deviation.threshold = 300 (default)
2019-09-04 10:16:31,480 [pool-558-thread-1] INFO  storage.RaftStorageDirectory (RaftStorageDirectory.java:analyzeStorage(246)) - The storage directory /workdir/hadoop-ozone/integration-test/target/test-dir/MiniOzoneClusterImpl-92bdd970-4d32-4065-b0f9-0a546f741942/datanode-2/data/ratis/497e4afd-a7af-430b-8da9-110ff0b2046c does not exist. Creating ...
2019-09-04 10:16:31,480 [pool-536-thread-1] INFO  server.RaftServerConfigKeys (ConfUtils.java:logGet(43)) - raft.server.rpc.timeout.min = 5s (custom)
2019-09-04 10:16:31,480 [pool-547-thread-1] INFO  server.RaftServerConfigKeys (ConfUtils.java:logGet(43)) - raft.server.log.appender.install.snapshot.enabled = false (custom)
2019-09-04 10:16:31,481 [pool-536-thread-1] INFO  server.RaftServerConfigKeys (ConfUtils.java:logGet(43)) - raft.server.rpc.timeout.max = 5200ms (custom)
2019-09-04 10:16:31,481 [pool-547-thread-1] INFO  impl.RaftServerImpl (ServerState.java:<init>(105)) - 9e2f2840-376d-44a7-a0d8-66a1275e3925:group-110FF0B2046C ConfigurationManager, init=-1: [9e2f2840-376d-44a7-a0d8-66a1275e3925:192.168.36.67:46730, b80378ed-5f1b-4740-b601-1e0bc7c6be7e:192.168.36.67:37934, 83bf1d66-3343-4f2f-b64f-e9bea6992cf9:192.168.36.67:35386], old=null, confs=<EMPTY_MAP>
2019-09-04 10:16:31,481 [pool-536-thread-1] INFO  server.RaftServerConfigKeys (ConfUtils.java:logGet(43)) - raft.server.rpcslowness.timeout = 120s (custom)
2019-09-04 10:16:31,481 [pool-547-thread-1] INFO  server.RaftServerConfigKeys (ConfUtils.java:logGet(43)) - raft.server.storage.dir = [/workdir/hadoop-ozone/integration-test/target/test-dir/MiniOzoneClusterImpl-92bdd970-4d32-4065-b0f9-0a546f741942/datanode-1/data/ratis] (custom)
2019-09-04 10:16:31,481 [pool-536-thread-1] INFO  server.RaftServerConfigKeys (ConfUtils.java:logGet(43)) - raft.server.sleep.deviation.threshold = 300 (default)
2019-09-04 10:16:31,481 [pool-536-thread-1] INFO  server.RaftServerConfigKeys (ConfUtils.java:logGet(43)) - raft.server.log.appender.install.snapshot.enabled = false (custom)
2019-09-04 10:16:31,481 [pool-536-thread-1] INFO  impl.RaftServerImpl (ServerState.java:<init>(105)) - b80378ed-5f1b-4740-b601-1e0bc7c6be7e:group-110FF0B2046C ConfigurationManager, init=-1: [9e2f2840-376d-44a7-a0d8-66a1275e3925:192.168.36.67:46730, b80378ed-5f1b-4740-b601-1e0bc7c6be7e:192.168.36.67:37934, 83bf1d66-3343-4f2f-b64f-e9bea6992cf9:192.168.36.67:35386], old=null, confs=<EMPTY_MAP>
2019-09-04 10:16:31,481 [pool-547-thread-1] INFO  storage.RaftStorageDirectory (RaftStorageDirectory.java:analyzeStorage(246)) - The storage directory /workdir/hadoop-ozone/integration-test/target/test-dir/MiniOzoneClusterImpl-92bdd970-4d32-4065-b0f9-0a546f741942/datanode-1/data/ratis/497e4afd-a7af-430b-8da9-110ff0b2046c does not exist. Creating ...
2019-09-04 10:16:31,481 [pool-536-thread-1] INFO  server.RaftServerConfigKeys (ConfUtils.java:logGet(43)) - raft.server.storage.dir = [/workdir/hadoop-ozone/integration-test/target/test-dir/MiniOzoneClusterImpl-92bdd970-4d32-4065-b0f9-0a546f741942/datanode-0/data/ratis] (custom)
2019-09-04 10:16:31,482 [pool-536-thread-1] INFO  storage.RaftStorageDirectory (RaftStorageDirectory.java:analyzeStorage(246)) - The storage directory /workdir/hadoop-ozone/integration-test/target/test-dir/MiniOzoneClusterImpl-92bdd970-4d32-4065-b0f9-0a546f741942/datanode-0/data/ratis/497e4afd-a7af-430b-8da9-110ff0b2046c does not exist. Creating ...
2019-09-04 10:16:31,492 [pool-558-thread-1] INFO  storage.RaftStorageDirectory (RaftStorageDirectory.java:tryLock(328)) - Lock on /workdir/hadoop-ozone/integration-test/target/test-dir/MiniOzoneClusterImpl-92bdd970-4d32-4065-b0f9-0a546f741942/datanode-2/data/ratis/497e4afd-a7af-430b-8da9-110ff0b2046c/in_use.lock acquired by nodename 21473@pr-hdds-1569-fjd24-125839774
2019-09-04 10:16:31,492 [pool-536-thread-1] INFO  storage.RaftStorageDirectory (RaftStorageDirectory.java:tryLock(328)) - Lock on /workdir/hadoop-ozone/integration-test/target/test-dir/MiniOzoneClusterImpl-92bdd970-4d32-4065-b0f9-0a546f741942/datanode-0/data/ratis/497e4afd-a7af-430b-8da9-110ff0b2046c/in_use.lock acquired by nodename 21473@pr-hdds-1569-fjd24-125839774
2019-09-04 10:16:31,492 [pool-547-thread-1] INFO  storage.RaftStorageDirectory (RaftStorageDirectory.java:tryLock(328)) - Lock on /workdir/hadoop-ozone/integration-test/target/test-dir/MiniOzoneClusterImpl-92bdd970-4d32-4065-b0f9-0a546f741942/datanode-1/data/ratis/497e4afd-a7af-430b-8da9-110ff0b2046c/in_use.lock acquired by nodename 21473@pr-hdds-1569-fjd24-125839774
2019-09-04 10:16:31,515 [pool-536-thread-1] INFO  storage.RaftStorage (RaftStorage.java:format(72)) - Storage directory /workdir/hadoop-ozone/integration-test/target/test-dir/MiniOzoneClusterImpl-92bdd970-4d32-4065-b0f9-0a546f741942/datanode-0/data/ratis/497e4afd-a7af-430b-8da9-110ff0b2046c has been successfully formatted.
2019-09-04 10:16:31,515 [pool-558-thread-1] INFO  storage.RaftStorage (RaftStorage.java:format(72)) - Storage directory /workdir/hadoop-ozone/integration-test/target/test-dir/MiniOzoneClusterImpl-92bdd970-4d32-4065-b0f9-0a546f741942/datanode-2/data/ratis/497e4afd-a7af-430b-8da9-110ff0b2046c has been successfully formatted.
2019-09-04 10:16:31,515 [pool-547-thread-1] INFO  storage.RaftStorage (RaftStorage.java:format(72)) - Storage directory /workdir/hadoop-ozone/integration-test/target/test-dir/MiniOzoneClusterImpl-92bdd970-4d32-4065-b0f9-0a546f741942/datanode-1/data/ratis/497e4afd-a7af-430b-8da9-110ff0b2046c has been successfully formatted.
2019-09-04 10:16:31,515 [pool-558-thread-1] INFO  ratis.ContainerStateMachine (ContainerStateMachine.java:loadSnapshot(226)) - group-110FF0B2046C: The snapshot info is null. Setting the last applied indexto:(t:0, i:~)
2019-09-04 10:16:31,515 [pool-536-thread-1] INFO  ratis.ContainerStateMachine (ContainerStateMachine.java:loadSnapshot(226)) - group-110FF0B2046C: The snapshot info is null. Setting the last applied indexto:(t:0, i:~)
2019-09-04 10:16:31,515 [pool-547-thread-1] INFO  ratis.ContainerStateMachine (ContainerStateMachine.java:loadSnapshot(226)) - group-110FF0B2046C: The snapshot info is null. Setting the last applied indexto:(t:0, i:~)
2019-09-04 10:16:31,515 [pool-558-thread-1] INFO  server.RaftServerConfigKeys (ConfUtils.java:logGet(43)) - raft.server.leader.election.timeout = 120s (custom)
2019-09-04 10:16:31,516 [pool-547-thread-1] INFO  server.RaftServerConfigKeys (ConfUtils.java:logGet(43)) - raft.server.leader.election.timeout = 120s (custom)
2019-09-04 10:16:31,515 [pool-536-thread-1] INFO  server.RaftServerConfigKeys (ConfUtils.java:logGet(43)) - raft.server.leader.election.timeout = 120s (custom)
2019-09-04 10:16:31,516 [pool-547-thread-1] INFO  server.RaftServerConfigKeys (ConfUtils.java:logGet(43)) - raft.server.log.use.memory = false (default)
2019-09-04 10:16:31,516 [pool-558-thread-1] INFO  server.RaftServerConfigKeys (ConfUtils.java:logGet(43)) - raft.server.log.use.memory = false (default)
2019-09-04 10:16:31,516 [pool-547-thread-1] INFO  server.RaftServerConfigKeys (ConfUtils.java:logGet(43)) - raft.server.log.purge.gap = 1000000 (custom)
2019-09-04 10:16:31,516 [pool-547-thread-1] INFO  server.RaftServerConfigKeys (ConfUtils.java:logGet(43)) - raft.server.log.appender.buffer.byte-limit = 33554432 (custom)
2019-09-04 10:16:31,516 [pool-536-thread-1] INFO  server.RaftServerConfigKeys (ConfUtils.java:logGet(43)) - raft.server.log.use.memory = false (default)
2019-09-04 10:16:31,516 [pool-547-thread-1] INFO  server.RaftServerConfigKeys (ConfUtils.java:logGet(43)) - raft.server.log.segment.size.max = 1048576 (custom)
2019-09-04 10:16:31,516 [pool-558-thread-1] INFO  server.RaftServerConfigKeys (ConfUtils.java:logGet(43)) - raft.server.log.purge.gap = 1000000 (custom)
2019-09-04 10:16:31,516 [pool-547-thread-1] INFO  server.RaftServerConfigKeys (ConfUtils.java:logGet(43)) - raft.server.log.segment.cache.num.max = 2 (custom)
2019-09-04 10:16:31,516 [pool-536-thread-1] INFO  server.RaftServerConfigKeys (ConfUtils.java:logGet(43)) - raft.server.log.purge.gap = 1000000 (custom)
2019-09-04 10:16:31,517 [pool-547-thread-1] INFO  segmented.SegmentedRaftLogWorker (SegmentedRaftLogWorker.java:<init>(172)) - new 9e2f2840-376d-44a7-a0d8-66a1275e3925-SegmentedRaftLogWorker:Storage Directory /workdir/hadoop-ozone/integration-test/target/test-dir/MiniOzoneClusterImpl-92bdd970-4d32-4065-b0f9-0a546f741942/datanode-1/data/ratis/497e4afd-a7af-430b-8da9-110ff0b2046c for RaftStorage:Storage Directory /workdir/hadoop-ozone/integration-test/target/test-dir/MiniOzoneClusterImpl-92bdd970-4d32-4065-b0f9-0a546f741942/datanode-1/data/ratis/497e4afd-a7af-430b-8da9-110ff0b2046c
2019-09-04 10:16:31,517 [pool-558-thread-1] INFO  server.RaftServerConfigKeys (ConfUtils.java:logGet(43)) - raft.server.log.appender.buffer.byte-limit = 33554432 (custom)
2019-09-04 10:16:31,517 [pool-547-thread-1] INFO  server.RaftServerConfigKeys (ConfUtils.java:logGet(43)) - raft.server.log.queue.byte-limit = 2147483647 (custom)
2019-09-04 10:16:31,517 [pool-536-thread-1] INFO  server.RaftServerConfigKeys (ConfUtils.java:logGet(43)) - raft.server.log.appender.buffer.byte-limit = 33554432 (custom)
2019-09-04 10:16:31,517 [pool-547-thread-1] INFO  server.RaftServerConfigKeys (ConfUtils.java:logGet(43)) - raft.server.log.queue.element-limit = 1024 (custom)
2019-09-04 10:16:31,517 [pool-558-thread-1] INFO  server.RaftServerConfigKeys (ConfUtils.java:logGet(43)) - raft.server.log.segment.size.max = 1048576 (custom)
2019-09-04 10:16:31,518 [pool-547-thread-1] INFO  server.RaftServerConfigKeys (ConfUtils.java:logGet(43)) - raft.server.log.segment.size.max = 1048576 (custom)
2019-09-04 10:16:31,517 [pool-536-thread-1] INFO  server.RaftServerConfigKeys (ConfUtils.java:logGet(43)) - raft.server.log.segment.size.max = 1048576 (custom)
2019-09-04 10:16:31,518 [pool-547-thread-1] INFO  server.RaftServerConfigKeys (ConfUtils.java:logGet(43)) - raft.server.log.preallocated.size = 16384 (custom)
2019-09-04 10:16:31,518 [pool-558-thread-1] INFO  server.RaftServerConfigKeys (ConfUtils.java:logGet(43)) - raft.server.log.segment.cache.num.max = 2 (custom)
2019-09-04 10:16:31,518 [pool-547-thread-1] INFO  server.RaftServerConfigKeys (ConfUtils.java:logGet(43)) - raft.server.log.write.buffer.size = 33554432 (custom)
2019-09-04 10:16:31,518 [pool-536-thread-1] INFO  server.RaftServerConfigKeys (ConfUtils.java:logGet(43)) - raft.server.log.segment.cache.num.max = 2 (custom)
2019-09-04 10:16:31,518 [pool-547-thread-1] INFO  server.RaftServerConfigKeys (ConfUtils.java:logGet(43)) - raft.server.log.force.sync.num = 128 (default)
2019-09-04 10:16:31,518 [pool-558-thread-1] INFO  segmented.SegmentedRaftLogWorker (SegmentedRaftLogWorker.java:<init>(172)) - new 83bf1d66-3343-4f2f-b64f-e9bea6992cf9-SegmentedRaftLogWorker:Storage Directory /workdir/hadoop-ozone/integration-test/target/test-dir/MiniOzoneClusterImpl-92bdd970-4d32-4065-b0f9-0a546f741942/datanode-2/data/ratis/497e4afd-a7af-430b-8da9-110ff0b2046c for RaftStorage:Storage Directory /workdir/hadoop-ozone/integration-test/target/test-dir/MiniOzoneClusterImpl-92bdd970-4d32-4065-b0f9-0a546f741942/datanode-2/data/ratis/497e4afd-a7af-430b-8da9-110ff0b2046c
2019-09-04 10:16:31,518 [pool-547-thread-1] INFO  server.RaftServerConfigKeys (ConfUtils.java:logGet(43)) - raft.server.log.statemachine.data.sync = true (default)
2019-09-04 10:16:31,518 [pool-536-thread-1] INFO  segmented.SegmentedRaftLogWorker (SegmentedRaftLogWorker.java:<init>(172)) - new b80378ed-5f1b-4740-b601-1e0bc7c6be7e-SegmentedRaftLogWorker:Storage Directory /workdir/hadoop-ozone/integration-test/target/test-dir/MiniOzoneClusterImpl-92bdd970-4d32-4065-b0f9-0a546f741942/datanode-0/data/ratis/497e4afd-a7af-430b-8da9-110ff0b2046c for RaftStorage:Storage Directory /workdir/hadoop-ozone/integration-test/target/test-dir/MiniOzoneClusterImpl-92bdd970-4d32-4065-b0f9-0a546f741942/datanode-0/data/ratis/497e4afd-a7af-430b-8da9-110ff0b2046c
2019-09-04 10:16:31,519 [pool-547-thread-1] INFO  server.RaftServerConfigKeys (ConfUtils.java:logGet(43)) - raft.server.log.statemachine.data.sync.timeout = 10s (default)
2019-09-04 10:16:31,519 [pool-558-thread-1] INFO  server.RaftServerConfigKeys (ConfUtils.java:logGet(43)) - raft.server.log.queue.byte-limit = 2147483647 (custom)
2019-09-04 10:16:31,519 [pool-547-thread-1] INFO  server.RaftServerConfigKeys (ConfUtils.java:logGet(43)) - raft.server.log.statemachine.data.sync.timeout.retry = -1 (default)
2019-09-04 10:16:31,519 [pool-536-thread-1] INFO  server.RaftServerConfigKeys (ConfUtils.java:logGet(43)) - raft.server.log.queue.byte-limit = 2147483647 (custom)
2019-09-04 10:16:31,519 [pool-547-thread-1] INFO  server.RaftServerConfigKeys (ConfUtils.java:logGet(43)) - raft.server.log.statemachine.data.caching.enabled = true (custom)
2019-09-04 10:16:31,519 [pool-558-thread-1] INFO  server.RaftServerConfigKeys (ConfUtils.java:logGet(43)) - raft.server.log.queue.element-limit = 1024 (custom)
2019-09-04 10:16:31,519 [pool-536-thread-1] INFO  server.RaftServerConfigKeys (ConfUtils.java:logGet(43)) - raft.server.log.queue.element-limit = 1024 (custom)
2019-09-04 10:16:31,520 [pool-547-thread-1] INFO  segmented.SegmentedRaftLogWorker (SegmentedRaftLogWorker.java:lambda$new$0(132)) - 9e2f2840-376d-44a7-a0d8-66a1275e3925-SegmentedRaftLogWorker:Storage Directory /workdir/hadoop-ozone/integration-test/target/test-dir/MiniOzoneClusterImpl-92bdd970-4d32-4065-b0f9-0a546f741942/datanode-1/data/ratis/497e4afd-a7af-430b-8da9-110ff0b2046c: flushIndex: setUnconditionally 0 -> -1
2019-09-04 10:16:31,520 [pool-558-thread-1] INFO  server.RaftServerConfigKeys (ConfUtils.java:logGet(43)) - raft.server.log.segment.size.max = 1048576 (custom)
2019-09-04 10:16:31,520 [pool-536-thread-1] INFO  server.RaftServerConfigKeys (ConfUtils.java:logGet(43)) - raft.server.log.segment.size.max = 1048576 (custom)
2019-09-04 10:16:31,520 [pool-547-thread-1] INFO  server.RaftServerConfigKeys (ConfUtils.java:logGet(43)) - raft.server.snapshot.auto.trigger.enabled = true (custom)
2019-09-04 10:16:31,520 [pool-558-thread-1] INFO  server.RaftServerConfigKeys (ConfUtils.java:logGet(43)) - raft.server.log.preallocated.size = 16384 (custom)
2019-09-04 10:16:31,520 [pool-547-thread-1] INFO  server.RaftServerConfigKeys (ConfUtils.java:logGet(43)) - raft.server.snapshot.auto.trigger.threshold = 10000 (custom)
2019-09-04 10:16:31,520 [pool-536-thread-1] INFO  server.RaftServerConfigKeys (ConfUtils.java:logGet(43)) - raft.server.log.preallocated.size = 16384 (custom)
2019-09-04 10:16:31,521 [pool-547-thread-1] INFO  server.RaftServerConfigKeys (ConfUtils.java:logGet(43)) - raft.server.retrycache.expirytime = 600000ms (custom)
2019-09-04 10:16:31,520 [pool-558-thread-1] INFO  server.RaftServerConfigKeys (ConfUtils.java:logGet(43)) - raft.server.log.write.buffer.size = 33554432 (custom)
2019-09-04 10:16:31,521 [pool-547-thread-1] INFO  impl.RaftServerImpl (RaftServerImpl.java:start(180)) - 9e2f2840-376d-44a7-a0d8-66a1275e3925: start group-110FF0B2046C
2019-09-04 10:16:31,521 [pool-536-thread-1] INFO  server.RaftServerConfigKeys (ConfUtils.java:logGet(43)) - raft.server.log.write.buffer.size = 33554432 (custom)
2019-09-04 10:16:31,521 [pool-547-thread-1] INFO  impl.RaftServerImpl (RaftServerImpl.java:setRole(171)) - 9e2f2840-376d-44a7-a0d8-66a1275e3925:group-110FF0B2046C changes role from null to FOLLOWER at term 0 for startAsFollower
2019-09-04 10:16:31,521 [pool-558-thread-1] INFO  server.RaftServerConfigKeys (ConfUtils.java:logGet(43)) - raft.server.log.force.sync.num = 128 (default)
2019-09-04 10:16:31,521 [pool-547-thread-1] INFO  impl.RoleInfo (RoleInfo.java:updateAndGet(143)) - 9e2f2840-376d-44a7-a0d8-66a1275e3925: start FollowerState
2019-09-04 10:16:31,521 [pool-536-thread-1] INFO  server.RaftServerConfigKeys (ConfUtils.java:logGet(43)) - raft.server.log.force.sync.num = 128 (default)
2019-09-04 10:16:31,521 [pool-558-thread-1] INFO  server.RaftServerConfigKeys (ConfUtils.java:logGet(43)) - raft.server.log.statemachine.data.sync = true (default)
2019-09-04 10:16:31,522 [pool-536-thread-1] INFO  server.RaftServerConfigKeys (ConfUtils.java:logGet(43)) - raft.server.log.statemachine.data.sync = true (default)
2019-09-04 10:16:31,522 [pool-547-thread-1] INFO  util.JmxRegister (JmxRegister.java:tryRegister(44)) - Successfully registered JMX Bean with object name Ratis:service=RaftServer,group=group-110FF0B2046C,id=9e2f2840-376d-44a7-a0d8-66a1275e3925
2019-09-04 10:16:31,522 [pool-558-thread-1] INFO  server.RaftServerConfigKeys (ConfUtils.java:logGet(43)) - raft.server.log.statemachine.data.sync.timeout = 10s (default)
2019-09-04 10:16:31,522 [pool-536-thread-1] INFO  server.RaftServerConfigKeys (ConfUtils.java:logGet(43)) - raft.server.log.statemachine.data.sync.timeout = 10s (default)
2019-09-04 10:16:31,522 [pool-558-thread-1] INFO  server.RaftServerConfigKeys (ConfUtils.java:logGet(43)) - raft.server.log.statemachine.data.sync.timeout.retry = -1 (default)
2019-09-04 10:16:31,522 [pool-536-thread-1] INFO  server.RaftServerConfigKeys (ConfUtils.java:logGet(43)) - raft.server.log.statemachine.data.sync.timeout.retry = -1 (default)
2019-09-04 10:16:31,522 [pool-558-thread-1] INFO  server.RaftServerConfigKeys (ConfUtils.java:logGet(43)) - raft.server.log.statemachine.data.caching.enabled = true (custom)
2019-09-04 10:16:31,522 [pool-536-thread-1] INFO  server.RaftServerConfigKeys (ConfUtils.java:logGet(43)) - raft.server.log.statemachine.data.caching.enabled = true (custom)
2019-09-04 10:16:31,523 [pool-558-thread-1] INFO  segmented.SegmentedRaftLogWorker (SegmentedRaftLogWorker.java:lambda$new$0(132)) - 83bf1d66-3343-4f2f-b64f-e9bea6992cf9-SegmentedRaftLogWorker:Storage Directory /workdir/hadoop-ozone/integration-test/target/test-dir/MiniOzoneClusterImpl-92bdd970-4d32-4065-b0f9-0a546f741942/datanode-2/data/ratis/497e4afd-a7af-430b-8da9-110ff0b2046c: flushIndex: setUnconditionally 0 -> -1
2019-09-04 10:16:31,523 [pool-536-thread-1] INFO  segmented.SegmentedRaftLogWorker (SegmentedRaftLogWorker.java:lambda$new$0(132)) - b80378ed-5f1b-4740-b601-1e0bc7c6be7e-SegmentedRaftLogWorker:Storage Directory /workdir/hadoop-ozone/integration-test/target/test-dir/MiniOzoneClusterImpl-92bdd970-4d32-4065-b0f9-0a546f741942/datanode-0/data/ratis/497e4afd-a7af-430b-8da9-110ff0b2046c: flushIndex: setUnconditionally 0 -> -1
2019-09-04 10:16:31,523 [pool-558-thread-1] INFO  server.RaftServerConfigKeys (ConfUtils.java:logGet(43)) - raft.server.snapshot.auto.trigger.enabled = true (custom)
2019-09-04 10:16:31,523 [pool-558-thread-1] INFO  server.RaftServerConfigKeys (ConfUtils.java:logGet(43)) - raft.server.snapshot.auto.trigger.threshold = 10000 (custom)
2019-09-04 10:16:31,523 [pool-536-thread-1] INFO  server.RaftServerConfigKeys (ConfUtils.java:logGet(43)) - raft.server.snapshot.auto.trigger.enabled = true (custom)
2019-09-04 10:16:31,526 [pool-558-thread-1] INFO  server.RaftServerConfigKeys (ConfUtils.java:logGet(43)) - raft.server.retrycache.expirytime = 600000ms (custom)
2019-09-04 10:16:31,526 [pool-536-thread-1] INFO  server.RaftServerConfigKeys (ConfUtils.java:logGet(43)) - raft.server.snapshot.auto.trigger.threshold = 10000 (custom)
2019-09-04 10:16:31,526 [pool-558-thread-1] INFO  impl.RaftServerImpl (RaftServerImpl.java:start(180)) - 83bf1d66-3343-4f2f-b64f-e9bea6992cf9: start group-110FF0B2046C
2019-09-04 10:16:31,526 [pool-536-thread-1] INFO  server.RaftServerConfigKeys (ConfUtils.java:logGet(43)) - raft.server.retrycache.expirytime = 600000ms (custom)
2019-09-04 10:16:31,526 [pool-558-thread-1] INFO  impl.RaftServerImpl (RaftServerImpl.java:setRole(171)) - 83bf1d66-3343-4f2f-b64f-e9bea6992cf9:group-110FF0B2046C changes role from null to FOLLOWER at term 0 for startAsFollower
2019-09-04 10:16:31,526 [pool-536-thread-1] INFO  impl.RaftServerImpl (RaftServerImpl.java:start(180)) - b80378ed-5f1b-4740-b601-1e0bc7c6be7e: start group-110FF0B2046C
2019-09-04 10:16:31,527 [pool-558-thread-1] INFO  impl.RoleInfo (RoleInfo.java:updateAndGet(143)) - 83bf1d66-3343-4f2f-b64f-e9bea6992cf9: start FollowerState
2019-09-04 10:16:31,527 [pool-536-thread-1] INFO  impl.RaftServerImpl (RaftServerImpl.java:setRole(171)) - b80378ed-5f1b-4740-b601-1e0bc7c6be7e:group-110FF0B2046C changes role from null to FOLLOWER at term 0 for startAsFollower
2019-09-04 10:16:31,527 [pool-536-thread-1] INFO  impl.RoleInfo (RoleInfo.java:updateAndGet(143)) - b80378ed-5f1b-4740-b601-1e0bc7c6be7e: start FollowerState
2019-09-04 10:16:31,527 [pool-558-thread-1] INFO  util.JmxRegister (JmxRegister.java:tryRegister(44)) - Successfully registered JMX Bean with object name Ratis:service=RaftServer,group=group-110FF0B2046C,id=83bf1d66-3343-4f2f-b64f-e9bea6992cf9
2019-09-04 10:16:31,527 [pool-536-thread-1] INFO  util.JmxRegister (JmxRegister.java:tryRegister(44)) - Successfully registered JMX Bean with object name Ratis:service=RaftServer,group=group-110FF0B2046C,id=b80378ed-5f1b-4740-b601-1e0bc7c6be7e
2019-09-04 10:16:31,533 [RatisPipelineUtilsThread] INFO  pipeline.PipelineStateManager (PipelineStateManager.java:addPipeline(56)) - Created pipeline Pipeline[ Id: 497e4afd-a7af-430b-8da9-110ff0b2046c, Nodes: 83bf1d66-3343-4f2f-b64f-e9bea6992cf9{ip: 192.168.36.67, host: pr-hdds-1569-fjd24-125839774, networkLocation: /default-rack, certSerialId: null}b80378ed-5f1b-4740-b601-1e0bc7c6be7e{ip: 192.168.36.67, host: pr-hdds-1569-fjd24-125839774, networkLocation: /default-rack, certSerialId: null}9e2f2840-376d-44a7-a0d8-66a1275e3925{ip: 192.168.36.67, host: pr-hdds-1569-fjd24-125839774, networkLocation: /default-rack, certSerialId: null}, Type:RATIS, Factor:THREE, State:OPEN]
2019-09-04 10:16:31,685 [main] INFO  ozone.MiniOzoneClusterImpl (MiniOzoneClusterImpl.java:lambda$waitForClusterToBeReady$0(142)) - Waiting for cluster to be ready. Got 3 of 7 DN Heartbeats.
2019-09-04 10:16:31,958 [IPC Server handler 2 on 36262] INFO  net.NetworkTopology (NetworkTopologyImpl.java:add(110)) - Added a new node: /default-rack/31b4e676-369f-4979-b1c2-672ed0f2e414
2019-09-04 10:16:31,958 [IPC Server handler 2 on 36262] INFO  node.SCMNodeManager (SCMNodeManager.java:register(273)) - Registered Data node : 31b4e676-369f-4979-b1c2-672ed0f2e414{ip: 192.168.36.67, host: pr-hdds-1569-fjd24-125839774, networkLocation: /default-rack, certSerialId: null}
2019-09-04 10:16:31,961 | INFO  | SCMAudit | user=jenkins1000 | ip=192.168.36.67 | op=REGISTER {datanodeDetails=31b4e676-369f-4979-b1c2-672ed0f2e414{ip: 192.168.36.67, host: pr-hdds-1569-fjd24-125839774, networkLocation: /default-rack, certSerialId: null}} | ret=SUCCESS |  
2019-09-04 10:16:31,966 [grpc-default-executor-0] INFO  impl.RaftServerProxy (RaftServerProxy.java:addNew(89)) - 31b4e676-369f-4979-b1c2-672ed0f2e414: addNew group-E09F6030BF37:[31b4e676-369f-4979-b1c2-672ed0f2e414:192.168.36.67:46802] returns group-E09F6030BF37:java.util.concurrent.CompletableFuture@1573b3d4[Not completed]
2019-09-04 10:16:31,967 [pool-569-thread-1] INFO  impl.RaftServerImpl (RaftServerImpl.java:<init>(93)) - 31b4e676-369f-4979-b1c2-672ed0f2e414: new RaftServerImpl for group-E09F6030BF37:[31b4e676-369f-4979-b1c2-672ed0f2e414:192.168.36.67:46802] with ContainerStateMachine:uninitialized
2019-09-04 10:16:31,968 [pool-569-thread-1] INFO  server.RaftServerConfigKeys (ConfUtils.java:logGet(43)) - raft.server.rpc.timeout.min = 5s (custom)
2019-09-04 10:16:31,968 [pool-569-thread-1] INFO  server.RaftServerConfigKeys (ConfUtils.java:logGet(43)) - raft.server.rpc.timeout.max = 5200ms (custom)
2019-09-04 10:16:31,968 [pool-569-thread-1] INFO  server.RaftServerConfigKeys (ConfUtils.java:logGet(43)) - raft.server.rpcslowness.timeout = 120s (custom)
2019-09-04 10:16:31,968 [pool-569-thread-1] INFO  server.RaftServerConfigKeys (ConfUtils.java:logGet(43)) - raft.server.sleep.deviation.threshold = 300 (default)
2019-09-04 10:16:31,968 [pool-569-thread-1] INFO  server.RaftServerConfigKeys (ConfUtils.java:logGet(43)) - raft.server.log.appender.install.snapshot.enabled = false (custom)
2019-09-04 10:16:31,968 [pool-569-thread-1] INFO  impl.RaftServerImpl (ServerState.java:<init>(105)) - 31b4e676-369f-4979-b1c2-672ed0f2e414:group-E09F6030BF37 ConfigurationManager, init=-1: [31b4e676-369f-4979-b1c2-672ed0f2e414:192.168.36.67:46802], old=null, confs=<EMPTY_MAP>
2019-09-04 10:16:31,968 [pool-569-thread-1] INFO  server.RaftServerConfigKeys (ConfUtils.java:logGet(43)) - raft.server.storage.dir = [/workdir/hadoop-ozone/integration-test/target/test-dir/MiniOzoneClusterImpl-92bdd970-4d32-4065-b0f9-0a546f741942/datanode-3/data/ratis] (custom)
2019-09-04 10:16:31,968 [pool-569-thread-1] INFO  storage.RaftStorageDirectory (RaftStorageDirectory.java:analyzeStorage(246)) - The storage directory /workdir/hadoop-ozone/integration-test/target/test-dir/MiniOzoneClusterImpl-92bdd970-4d32-4065-b0f9-0a546f741942/datanode-3/data/ratis/4a333976-e233-4a08-b672-e09f6030bf37 does not exist. Creating ...
2019-09-04 10:16:31,983 [pool-569-thread-1] INFO  storage.RaftStorageDirectory (RaftStorageDirectory.java:tryLock(328)) - Lock on /workdir/hadoop-ozone/integration-test/target/test-dir/MiniOzoneClusterImpl-92bdd970-4d32-4065-b0f9-0a546f741942/datanode-3/data/ratis/4a333976-e233-4a08-b672-e09f6030bf37/in_use.lock acquired by nodename 21473@pr-hdds-1569-fjd24-125839774
2019-09-04 10:16:31,996 [pool-569-thread-1] INFO  storage.RaftStorage (RaftStorage.java:format(72)) - Storage directory /workdir/hadoop-ozone/integration-test/target/test-dir/MiniOzoneClusterImpl-92bdd970-4d32-4065-b0f9-0a546f741942/datanode-3/data/ratis/4a333976-e233-4a08-b672-e09f6030bf37 has been successfully formatted.
2019-09-04 10:16:31,996 [pool-569-thread-1] INFO  ratis.ContainerStateMachine (ContainerStateMachine.java:loadSnapshot(226)) - group-E09F6030BF37: The snapshot info is null. Setting the last applied indexto:(t:0, i:~)
2019-09-04 10:16:31,996 [pool-569-thread-1] INFO  server.RaftServerConfigKeys (ConfUtils.java:logGet(43)) - raft.server.leader.election.timeout = 120s (custom)
2019-09-04 10:16:31,996 [pool-569-thread-1] INFO  server.RaftServerConfigKeys (ConfUtils.java:logGet(43)) - raft.server.log.use.memory = false (default)
2019-09-04 10:16:31,996 [pool-569-thread-1] INFO  server.RaftServerConfigKeys (ConfUtils.java:logGet(43)) - raft.server.log.purge.gap = 1000000 (custom)
2019-09-04 10:16:31,996 [pool-569-thread-1] INFO  server.RaftServerConfigKeys (ConfUtils.java:logGet(43)) - raft.server.log.appender.buffer.byte-limit = 33554432 (custom)
2019-09-04 10:16:31,997 [pool-569-thread-1] INFO  server.RaftServerConfigKeys (ConfUtils.java:logGet(43)) - raft.server.log.segment.size.max = 1048576 (custom)
2019-09-04 10:16:31,997 [pool-569-thread-1] INFO  server.RaftServerConfigKeys (ConfUtils.java:logGet(43)) - raft.server.log.segment.cache.num.max = 2 (custom)
2019-09-04 10:16:31,997 [pool-569-thread-1] INFO  segmented.SegmentedRaftLogWorker (SegmentedRaftLogWorker.java:<init>(172)) - new 31b4e676-369f-4979-b1c2-672ed0f2e414-SegmentedRaftLogWorker:Storage Directory /workdir/hadoop-ozone/integration-test/target/test-dir/MiniOzoneClusterImpl-92bdd970-4d32-4065-b0f9-0a546f741942/datanode-3/data/ratis/4a333976-e233-4a08-b672-e09f6030bf37 for RaftStorage:Storage Directory /workdir/hadoop-ozone/integration-test/target/test-dir/MiniOzoneClusterImpl-92bdd970-4d32-4065-b0f9-0a546f741942/datanode-3/data/ratis/4a333976-e233-4a08-b672-e09f6030bf37
2019-09-04 10:16:31,997 [pool-569-thread-1] INFO  server.RaftServerConfigKeys (ConfUtils.java:logGet(43)) - raft.server.log.queue.byte-limit = 2147483647 (custom)
2019-09-04 10:16:31,997 [pool-569-thread-1] INFO  server.RaftServerConfigKeys (ConfUtils.java:logGet(43)) - raft.server.log.queue.element-limit = 1024 (custom)
2019-09-04 10:16:31,997 [pool-569-thread-1] INFO  server.RaftServerConfigKeys (ConfUtils.java:logGet(43)) - raft.server.log.segment.size.max = 1048576 (custom)
2019-09-04 10:16:31,997 [pool-569-thread-1] INFO  server.RaftServerConfigKeys (ConfUtils.java:logGet(43)) - raft.server.log.preallocated.size = 16384 (custom)
2019-09-04 10:16:31,998 [pool-569-thread-1] INFO  server.RaftServerConfigKeys (ConfUtils.java:logGet(43)) - raft.server.log.write.buffer.size = 33554432 (custom)
2019-09-04 10:16:31,998 [pool-569-thread-1] INFO  server.RaftServerConfigKeys (ConfUtils.java:logGet(43)) - raft.server.log.force.sync.num = 128 (default)
2019-09-04 10:16:31,998 [pool-569-thread-1] INFO  server.RaftServerConfigKeys (ConfUtils.java:logGet(43)) - raft.server.log.statemachine.data.sync = true (default)
2019-09-04 10:16:31,998 [pool-569-thread-1] INFO  server.RaftServerConfigKeys (ConfUtils.java:logGet(43)) - raft.server.log.statemachine.data.sync.timeout = 10s (default)
2019-09-04 10:16:31,998 [pool-569-thread-1] INFO  server.RaftServerConfigKeys (ConfUtils.java:logGet(43)) - raft.server.log.statemachine.data.sync.timeout.retry = -1 (default)
2019-09-04 10:16:31,998 [pool-569-thread-1] INFO  server.RaftServerConfigKeys (ConfUtils.java:logGet(43)) - raft.server.log.statemachine.data.caching.enabled = true (custom)
2019-09-04 10:16:31,998 [pool-569-thread-1] INFO  segmented.SegmentedRaftLogWorker (SegmentedRaftLogWorker.java:lambda$new$0(132)) - 31b4e676-369f-4979-b1c2-672ed0f2e414-SegmentedRaftLogWorker:Storage Directory /workdir/hadoop-ozone/integration-test/target/test-dir/MiniOzoneClusterImpl-92bdd970-4d32-4065-b0f9-0a546f741942/datanode-3/data/ratis/4a333976-e233-4a08-b672-e09f6030bf37: flushIndex: setUnconditionally 0 -> -1
2019-09-04 10:16:31,999 [pool-569-thread-1] INFO  server.RaftServerConfigKeys (ConfUtils.java:logGet(43)) - raft.server.snapshot.auto.trigger.enabled = true (custom)
2019-09-04 10:16:31,999 [pool-569-thread-1] INFO  server.RaftServerConfigKeys (ConfUtils.java:logGet(43)) - raft.server.snapshot.auto.trigger.threshold = 10000 (custom)
2019-09-04 10:16:31,999 [pool-569-thread-1] INFO  server.RaftServerConfigKeys (ConfUtils.java:logGet(43)) - raft.server.retrycache.expirytime = 600000ms (custom)
2019-09-04 10:16:31,999 [pool-569-thread-1] INFO  impl.RaftServerImpl (RaftServerImpl.java:start(180)) - 31b4e676-369f-4979-b1c2-672ed0f2e414: start group-E09F6030BF37
2019-09-04 10:16:31,999 [pool-569-thread-1] INFO  impl.RaftServerImpl (RaftServerImpl.java:setRole(171)) - 31b4e676-369f-4979-b1c2-672ed0f2e414:group-E09F6030BF37 changes role from null to FOLLOWER at term 0 for startAsFollower
2019-09-04 10:16:31,999 [pool-569-thread-1] INFO  impl.RoleInfo (RoleInfo.java:updateAndGet(143)) - 31b4e676-369f-4979-b1c2-672ed0f2e414: start FollowerState
2019-09-04 10:16:32,000 [pool-569-thread-1] INFO  util.JmxRegister (JmxRegister.java:tryRegister(44)) - Successfully registered JMX Bean with object name Ratis:service=RaftServer,group=group-E09F6030BF37,id=31b4e676-369f-4979-b1c2-672ed0f2e414
2019-09-04 10:16:32,004 [RatisPipelineUtilsThread] INFO  pipeline.PipelineStateManager (PipelineStateManager.java:addPipeline(56)) - Created pipeline Pipeline[ Id: 4a333976-e233-4a08-b672-e09f6030bf37, Nodes: 31b4e676-369f-4979-b1c2-672ed0f2e414{ip: 192.168.36.67, host: pr-hdds-1569-fjd24-125839774, networkLocation: /default-rack, certSerialId: null}, Type:RATIS, Factor:ONE, State:OPEN]
2019-09-04 10:16:32,194 [IPC Server handler 3 on 36262] INFO  net.NetworkTopology (NetworkTopologyImpl.java:add(110)) - Added a new node: /default-rack/b98e2d19-33f1-4f79-80c8-78219e23739a
2019-09-04 10:16:32,194 [IPC Server handler 3 on 36262] INFO  node.SCMNodeManager (SCMNodeManager.java:register(273)) - Registered Data node : b98e2d19-33f1-4f79-80c8-78219e23739a{ip: 192.168.36.67, host: pr-hdds-1569-fjd24-125839774, networkLocation: /default-rack, certSerialId: null}
2019-09-04 10:16:32,196 | INFO  | SCMAudit | user=jenkins1000 | ip=192.168.36.67 | op=REGISTER {datanodeDetails=b98e2d19-33f1-4f79-80c8-78219e23739a{ip: 192.168.36.67, host: pr-hdds-1569-fjd24-125839774, networkLocation: /default-rack, certSerialId: null}} | ret=SUCCESS |  
2019-09-04 10:16:32,210 [grpc-default-executor-0] INFO  impl.RaftServerProxy (RaftServerProxy.java:addNew(89)) - b98e2d19-33f1-4f79-80c8-78219e23739a: addNew group-9A2F0A24E593:[b98e2d19-33f1-4f79-80c8-78219e23739a:192.168.36.67:36361] returns group-9A2F0A24E593:java.util.concurrent.CompletableFuture@482b95ca[Not completed]
2019-09-04 10:16:32,210 [pool-580-thread-1] INFO  impl.RaftServerImpl (RaftServerImpl.java:<init>(93)) - b98e2d19-33f1-4f79-80c8-78219e23739a: new RaftServerImpl for group-9A2F0A24E593:[b98e2d19-33f1-4f79-80c8-78219e23739a:192.168.36.67:36361] with ContainerStateMachine:uninitialized
2019-09-04 10:16:32,211 [pool-580-thread-1] INFO  server.RaftServerConfigKeys (ConfUtils.java:logGet(43)) - raft.server.rpc.timeout.min = 5s (custom)
2019-09-04 10:16:32,211 [pool-580-thread-1] INFO  server.RaftServerConfigKeys (ConfUtils.java:logGet(43)) - raft.server.rpc.timeout.max = 5200ms (custom)
2019-09-04 10:16:32,211 [pool-580-thread-1] INFO  server.RaftServerConfigKeys (ConfUtils.java:logGet(43)) - raft.server.rpcslowness.timeout = 120s (custom)
2019-09-04 10:16:32,211 [pool-580-thread-1] INFO  server.RaftServerConfigKeys (ConfUtils.java:logGet(43)) - raft.server.sleep.deviation.threshold = 300 (default)
2019-09-04 10:16:32,211 [pool-580-thread-1] INFO  server.RaftServerConfigKeys (ConfUtils.java:logGet(43)) - raft.server.log.appender.install.snapshot.enabled = false (custom)
2019-09-04 10:16:32,211 [pool-580-thread-1] INFO  impl.RaftServerImpl (ServerState.java:<init>(105)) - b98e2d19-33f1-4f79-80c8-78219e23739a:group-9A2F0A24E593 ConfigurationManager, init=-1: [b98e2d19-33f1-4f79-80c8-78219e23739a:192.168.36.67:36361], old=null, confs=<EMPTY_MAP>
2019-09-04 10:16:32,211 [pool-580-thread-1] INFO  server.RaftServerConfigKeys (ConfUtils.java:logGet(43)) - raft.server.storage.dir = [/workdir/hadoop-ozone/integration-test/target/test-dir/MiniOzoneClusterImpl-92bdd970-4d32-4065-b0f9-0a546f741942/datanode-4/data/ratis] (custom)
2019-09-04 10:16:32,211 [pool-580-thread-1] INFO  storage.RaftStorageDirectory (RaftStorageDirectory.java:analyzeStorage(246)) - The storage directory /workdir/hadoop-ozone/integration-test/target/test-dir/MiniOzoneClusterImpl-92bdd970-4d32-4065-b0f9-0a546f741942/datanode-4/data/ratis/b4aa6f60-72b0-4ddf-b2f3-9a2f0a24e593 does not exist. Creating ...
2019-09-04 10:16:32,224 [pool-580-thread-1] INFO  storage.RaftStorageDirectory (RaftStorageDirectory.java:tryLock(328)) - Lock on /workdir/hadoop-ozone/integration-test/target/test-dir/MiniOzoneClusterImpl-92bdd970-4d32-4065-b0f9-0a546f741942/datanode-4/data/ratis/b4aa6f60-72b0-4ddf-b2f3-9a2f0a24e593/in_use.lock acquired by nodename 21473@pr-hdds-1569-fjd24-125839774
2019-09-04 10:16:32,237 [pool-580-thread-1] INFO  storage.RaftStorage (RaftStorage.java:format(72)) - Storage directory /workdir/hadoop-ozone/integration-test/target/test-dir/MiniOzoneClusterImpl-92bdd970-4d32-4065-b0f9-0a546f741942/datanode-4/data/ratis/b4aa6f60-72b0-4ddf-b2f3-9a2f0a24e593 has been successfully formatted.
2019-09-04 10:16:32,237 [pool-580-thread-1] INFO  ratis.ContainerStateMachine (ContainerStateMachine.java:loadSnapshot(226)) - group-9A2F0A24E593: The snapshot info is null. Setting the last applied indexto:(t:0, i:~)
2019-09-04 10:16:32,237 [pool-580-thread-1] INFO  server.RaftServerConfigKeys (ConfUtils.java:logGet(43)) - raft.server.leader.election.timeout = 120s (custom)
2019-09-04 10:16:32,238 [pool-580-thread-1] INFO  server.RaftServerConfigKeys (ConfUtils.java:logGet(43)) - raft.server.log.use.memory = false (default)
2019-09-04 10:16:32,238 [pool-580-thread-1] INFO  server.RaftServerConfigKeys (ConfUtils.java:logGet(43)) - raft.server.log.purge.gap = 1000000 (custom)
2019-09-04 10:16:32,238 [pool-580-thread-1] INFO  server.RaftServerConfigKeys (ConfUtils.java:logGet(43)) - raft.server.log.appender.buffer.byte-limit = 33554432 (custom)
2019-09-04 10:16:32,238 [pool-580-thread-1] INFO  server.RaftServerConfigKeys (ConfUtils.java:logGet(43)) - raft.server.log.segment.size.max = 1048576 (custom)
2019-09-04 10:16:32,238 [pool-580-thread-1] INFO  server.RaftServerConfigKeys (ConfUtils.java:logGet(43)) - raft.server.log.segment.cache.num.max = 2 (custom)
2019-09-04 10:16:32,238 [pool-580-thread-1] INFO  segmented.SegmentedRaftLogWorker (SegmentedRaftLogWorker.java:<init>(172)) - new b98e2d19-33f1-4f79-80c8-78219e23739a-SegmentedRaftLogWorker:Storage Directory /workdir/hadoop-ozone/integration-test/target/test-dir/MiniOzoneClusterImpl-92bdd970-4d32-4065-b0f9-0a546f741942/datanode-4/data/ratis/b4aa6f60-72b0-4ddf-b2f3-9a2f0a24e593 for RaftStorage:Storage Directory /workdir/hadoop-ozone/integration-test/target/test-dir/MiniOzoneClusterImpl-92bdd970-4d32-4065-b0f9-0a546f741942/datanode-4/data/ratis/b4aa6f60-72b0-4ddf-b2f3-9a2f0a24e593
2019-09-04 10:16:32,238 [pool-580-thread-1] INFO  server.RaftServerConfigKeys (ConfUtils.java:logGet(43)) - raft.server.log.queue.byte-limit = 2147483647 (custom)
2019-09-04 10:16:32,238 [pool-580-thread-1] INFO  server.RaftServerConfigKeys (ConfUtils.java:logGet(43)) - raft.server.log.queue.element-limit = 1024 (custom)
2019-09-04 10:16:32,239 [pool-580-thread-1] INFO  server.RaftServerConfigKeys (ConfUtils.java:logGet(43)) - raft.server.log.segment.size.max = 1048576 (custom)
2019-09-04 10:16:32,239 [pool-580-thread-1] INFO  server.RaftServerConfigKeys (ConfUtils.java:logGet(43)) - raft.server.log.preallocated.size = 16384 (custom)
2019-09-04 10:16:32,239 [pool-580-thread-1] INFO  server.RaftServerConfigKeys (ConfUtils.java:logGet(43)) - raft.server.log.write.buffer.size = 33554432 (custom)
2019-09-04 10:16:32,239 [pool-580-thread-1] INFO  server.RaftServerConfigKeys (ConfUtils.java:logGet(43)) - raft.server.log.force.sync.num = 128 (default)
2019-09-04 10:16:32,239 [pool-580-thread-1] INFO  server.RaftServerConfigKeys (ConfUtils.java:logGet(43)) - raft.server.log.statemachine.data.sync = true (default)
2019-09-04 10:16:32,240 [pool-580-thread-1] INFO  server.RaftServerConfigKeys (ConfUtils.java:logGet(43)) - raft.server.log.statemachine.data.sync.timeout = 10s (default)
2019-09-04 10:16:32,240 [pool-580-thread-1] INFO  server.RaftServerConfigKeys (ConfUtils.java:logGet(43)) - raft.server.log.statemachine.data.sync.timeout.retry = -1 (default)
2019-09-04 10:16:32,240 [pool-580-thread-1] INFO  server.RaftServerConfigKeys (ConfUtils.java:logGet(43)) - raft.server.log.statemachine.data.caching.enabled = true (custom)
2019-09-04 10:16:32,240 [pool-580-thread-1] INFO  segmented.SegmentedRaftLogWorker (SegmentedRaftLogWorker.java:lambda$new$0(132)) - b98e2d19-33f1-4f79-80c8-78219e23739a-SegmentedRaftLogWorker:Storage Directory /workdir/hadoop-ozone/integration-test/target/test-dir/MiniOzoneClusterImpl-92bdd970-4d32-4065-b0f9-0a546f741942/datanode-4/data/ratis/b4aa6f60-72b0-4ddf-b2f3-9a2f0a24e593: flushIndex: setUnconditionally 0 -> -1
2019-09-04 10:16:32,240 [pool-580-thread-1] INFO  server.RaftServerConfigKeys (ConfUtils.java:logGet(43)) - raft.server.snapshot.auto.trigger.enabled = true (custom)
2019-09-04 10:16:32,241 [pool-580-thread-1] INFO  server.RaftServerConfigKeys (ConfUtils.java:logGet(43)) - raft.server.snapshot.auto.trigger.threshold = 10000 (custom)
2019-09-04 10:16:32,241 [pool-580-thread-1] INFO  server.RaftServerConfigKeys (ConfUtils.java:logGet(43)) - raft.server.retrycache.expirytime = 600000ms (custom)
2019-09-04 10:16:32,241 [pool-580-thread-1] INFO  impl.RaftServerImpl (RaftServerImpl.java:start(180)) - b98e2d19-33f1-4f79-80c8-78219e23739a: start group-9A2F0A24E593
2019-09-04 10:16:32,241 [pool-580-thread-1] INFO  impl.RaftServerImpl (RaftServerImpl.java:setRole(171)) - b98e2d19-33f1-4f79-80c8-78219e23739a:group-9A2F0A24E593 changes role from null to FOLLOWER at term 0 for startAsFollower
2019-09-04 10:16:32,241 [pool-580-thread-1] INFO  impl.RoleInfo (RoleInfo.java:updateAndGet(143)) - b98e2d19-33f1-4f79-80c8-78219e23739a: start FollowerState
2019-09-04 10:16:32,241 [pool-580-thread-1] INFO  util.JmxRegister (JmxRegister.java:tryRegister(44)) - Successfully registered JMX Bean with object name Ratis:service=RaftServer,group=group-9A2F0A24E593,id=b98e2d19-33f1-4f79-80c8-78219e23739a
2019-09-04 10:16:32,247 [RatisPipelineUtilsThread] INFO  pipeline.PipelineStateManager (PipelineStateManager.java:addPipeline(56)) - Created pipeline Pipeline[ Id: b4aa6f60-72b0-4ddf-b2f3-9a2f0a24e593, Nodes: b98e2d19-33f1-4f79-80c8-78219e23739a{ip: 192.168.36.67, host: pr-hdds-1569-fjd24-125839774, networkLocation: /default-rack, certSerialId: null}, Type:RATIS, Factor:ONE, State:OPEN]
2019-09-04 10:16:32,448 [IPC Server handler 4 on 36262] INFO  net.NetworkTopology (NetworkTopologyImpl.java:add(110)) - Added a new node: /default-rack/cc26b0b0-42a6-4c40-b1c0-3a6e3a9aaf66
2019-09-04 10:16:32,448 [IPC Server handler 4 on 36262] INFO  node.SCMNodeManager (SCMNodeManager.java:register(273)) - Registered Data node : cc26b0b0-42a6-4c40-b1c0-3a6e3a9aaf66{ip: 192.168.36.67, host: pr-hdds-1569-fjd24-125839774, networkLocation: /default-rack, certSerialId: null}
2019-09-04 10:16:32,449 | INFO  | SCMAudit | user=jenkins1000 | ip=192.168.36.67 | op=REGISTER {datanodeDetails=cc26b0b0-42a6-4c40-b1c0-3a6e3a9aaf66{ip: 192.168.36.67, host: pr-hdds-1569-fjd24-125839774, networkLocation: /default-rack, certSerialId: null}} | ret=SUCCESS |  
2019-09-04 10:16:32,455 [grpc-default-executor-0] INFO  impl.RaftServerProxy (RaftServerProxy.java:addNew(89)) - cc26b0b0-42a6-4c40-b1c0-3a6e3a9aaf66: addNew group-D3A29FA53811:[cc26b0b0-42a6-4c40-b1c0-3a6e3a9aaf66:192.168.36.67:34378] returns group-D3A29FA53811:java.util.concurrent.CompletableFuture@4d4fdfc[Not completed]
2019-09-04 10:16:32,456 [pool-591-thread-1] INFO  impl.RaftServerImpl (RaftServerImpl.java:<init>(93)) - cc26b0b0-42a6-4c40-b1c0-3a6e3a9aaf66: new RaftServerImpl for group-D3A29FA53811:[cc26b0b0-42a6-4c40-b1c0-3a6e3a9aaf66:192.168.36.67:34378] with ContainerStateMachine:uninitialized
2019-09-04 10:16:32,456 [pool-591-thread-1] INFO  server.RaftServerConfigKeys (ConfUtils.java:logGet(43)) - raft.server.rpc.timeout.min = 5s (custom)
2019-09-04 10:16:32,456 [pool-591-thread-1] INFO  server.RaftServerConfigKeys (ConfUtils.java:logGet(43)) - raft.server.rpc.timeout.max = 5200ms (custom)
2019-09-04 10:16:32,456 [pool-591-thread-1] INFO  server.RaftServerConfigKeys (ConfUtils.java:logGet(43)) - raft.server.rpcslowness.timeout = 120s (custom)
2019-09-04 10:16:32,456 [pool-591-thread-1] INFO  server.RaftServerConfigKeys (ConfUtils.java:logGet(43)) - raft.server.sleep.deviation.threshold = 300 (default)
2019-09-04 10:16:32,456 [pool-591-thread-1] INFO  server.RaftServerConfigKeys (ConfUtils.java:logGet(43)) - raft.server.log.appender.install.snapshot.enabled = false (custom)
2019-09-04 10:16:32,457 [pool-591-thread-1] INFO  impl.RaftServerImpl (ServerState.java:<init>(105)) - cc26b0b0-42a6-4c40-b1c0-3a6e3a9aaf66:group-D3A29FA53811 ConfigurationManager, init=-1: [cc26b0b0-42a6-4c40-b1c0-3a6e3a9aaf66:192.168.36.67:34378], old=null, confs=<EMPTY_MAP>
2019-09-04 10:16:32,457 [pool-591-thread-1] INFO  server.RaftServerConfigKeys (ConfUtils.java:logGet(43)) - raft.server.storage.dir = [/workdir/hadoop-ozone/integration-test/target/test-dir/MiniOzoneClusterImpl-92bdd970-4d32-4065-b0f9-0a546f741942/datanode-5/data/ratis] (custom)
2019-09-04 10:16:32,457 [pool-591-thread-1] INFO  storage.RaftStorageDirectory (RaftStorageDirectory.java:analyzeStorage(246)) - The storage directory /workdir/hadoop-ozone/integration-test/target/test-dir/MiniOzoneClusterImpl-92bdd970-4d32-4065-b0f9-0a546f741942/datanode-5/data/ratis/f12258cb-4986-4872-82f9-d3a29fa53811 does not exist. Creating ...
2019-09-04 10:16:32,470 [pool-591-thread-1] INFO  storage.RaftStorageDirectory (RaftStorageDirectory.java:tryLock(328)) - Lock on /workdir/hadoop-ozone/integration-test/target/test-dir/MiniOzoneClusterImpl-92bdd970-4d32-4065-b0f9-0a546f741942/datanode-5/data/ratis/f12258cb-4986-4872-82f9-d3a29fa53811/in_use.lock acquired by nodename 21473@pr-hdds-1569-fjd24-125839774
2019-09-04 10:16:32,483 [pool-591-thread-1] INFO  storage.RaftStorage (RaftStorage.java:format(72)) - Storage directory /workdir/hadoop-ozone/integration-test/target/test-dir/MiniOzoneClusterImpl-92bdd970-4d32-4065-b0f9-0a546f741942/datanode-5/data/ratis/f12258cb-4986-4872-82f9-d3a29fa53811 has been successfully formatted.
2019-09-04 10:16:32,483 [pool-591-thread-1] INFO  ratis.ContainerStateMachine (ContainerStateMachine.java:loadSnapshot(226)) - group-D3A29FA53811: The snapshot info is null. Setting the last applied indexto:(t:0, i:~)
2019-09-04 10:16:32,483 [pool-591-thread-1] INFO  server.RaftServerConfigKeys (ConfUtils.java:logGet(43)) - raft.server.leader.election.timeout = 120s (custom)
2019-09-04 10:16:32,484 [pool-591-thread-1] INFO  server.RaftServerConfigKeys (ConfUtils.java:logGet(43)) - raft.server.log.use.memory = false (default)
2019-09-04 10:16:32,484 [pool-591-thread-1] INFO  server.RaftServerConfigKeys (ConfUtils.java:logGet(43)) - raft.server.log.purge.gap = 1000000 (custom)
2019-09-04 10:16:32,484 [pool-591-thread-1] INFO  server.RaftServerConfigKeys (ConfUtils.java:logGet(43)) - raft.server.log.appender.buffer.byte-limit = 33554432 (custom)
2019-09-04 10:16:32,484 [pool-591-thread-1] INFO  server.RaftServerConfigKeys (ConfUtils.java:logGet(43)) - raft.server.log.segment.size.max = 1048576 (custom)
2019-09-04 10:16:32,484 [pool-591-thread-1] INFO  server.RaftServerConfigKeys (ConfUtils.java:logGet(43)) - raft.server.log.segment.cache.num.max = 2 (custom)
2019-09-04 10:16:32,484 [pool-591-thread-1] INFO  segmented.SegmentedRaftLogWorker (SegmentedRaftLogWorker.java:<init>(172)) - new cc26b0b0-42a6-4c40-b1c0-3a6e3a9aaf66-SegmentedRaftLogWorker:Storage Directory /workdir/hadoop-ozone/integration-test/target/test-dir/MiniOzoneClusterImpl-92bdd970-4d32-4065-b0f9-0a546f741942/datanode-5/data/ratis/f12258cb-4986-4872-82f9-d3a29fa53811 for RaftStorage:Storage Directory /workdir/hadoop-ozone/integration-test/target/test-dir/MiniOzoneClusterImpl-92bdd970-4d32-4065-b0f9-0a546f741942/datanode-5/data/ratis/f12258cb-4986-4872-82f9-d3a29fa53811
2019-09-04 10:16:32,484 [pool-591-thread-1] INFO  server.RaftServerConfigKeys (ConfUtils.java:logGet(43)) - raft.server.log.queue.byte-limit = 2147483647 (custom)
2019-09-04 10:16:32,484 [pool-591-thread-1] INFO  server.RaftServerConfigKeys (ConfUtils.java:logGet(43)) - raft.server.log.queue.element-limit = 1024 (custom)
2019-09-04 10:16:32,485 [pool-591-thread-1] INFO  server.RaftServerConfigKeys (ConfUtils.java:logGet(43)) - raft.server.log.segment.size.max = 1048576 (custom)
2019-09-04 10:16:32,485 [pool-591-thread-1] INFO  server.RaftServerConfigKeys (ConfUtils.java:logGet(43)) - raft.server.log.preallocated.size = 16384 (custom)
2019-09-04 10:16:32,485 [pool-591-thread-1] INFO  server.RaftServerConfigKeys (ConfUtils.java:logGet(43)) - raft.server.log.write.buffer.size = 33554432 (custom)
2019-09-04 10:16:32,485 [pool-591-thread-1] INFO  server.RaftServerConfigKeys (ConfUtils.java:logGet(43)) - raft.server.log.force.sync.num = 128 (default)
2019-09-04 10:16:32,485 [pool-591-thread-1] INFO  server.RaftServerConfigKeys (ConfUtils.java:logGet(43)) - raft.server.log.statemachine.data.sync = true (default)
2019-09-04 10:16:32,485 [pool-591-thread-1] INFO  server.RaftServerConfigKeys (ConfUtils.java:logGet(43)) - raft.server.log.statemachine.data.sync.timeout = 10s (default)
2019-09-04 10:16:32,485 [pool-591-thread-1] INFO  server.RaftServerConfigKeys (ConfUtils.java:logGet(43)) - raft.server.log.statemachine.data.sync.timeout.retry = -1 (default)
2019-09-04 10:16:32,485 [pool-591-thread-1] INFO  server.RaftServerConfigKeys (ConfUtils.java:logGet(43)) - raft.server.log.statemachine.data.caching.enabled = true (custom)
2019-09-04 10:16:32,486 [pool-591-thread-1] INFO  segmented.SegmentedRaftLogWorker (SegmentedRaftLogWorker.java:lambda$new$0(132)) - cc26b0b0-42a6-4c40-b1c0-3a6e3a9aaf66-SegmentedRaftLogWorker:Storage Directory /workdir/hadoop-ozone/integration-test/target/test-dir/MiniOzoneClusterImpl-92bdd970-4d32-4065-b0f9-0a546f741942/datanode-5/data/ratis/f12258cb-4986-4872-82f9-d3a29fa53811: flushIndex: setUnconditionally 0 -> -1
2019-09-04 10:16:32,486 [pool-591-thread-1] INFO  server.RaftServerConfigKeys (ConfUtils.java:logGet(43)) - raft.server.snapshot.auto.trigger.enabled = true (custom)
2019-09-04 10:16:32,486 [pool-591-thread-1] INFO  server.RaftServerConfigKeys (ConfUtils.java:logGet(43)) - raft.server.snapshot.auto.trigger.threshold = 10000 (custom)
2019-09-04 10:16:32,486 [pool-591-thread-1] INFO  server.RaftServerConfigKeys (ConfUtils.java:logGet(43)) - raft.server.retrycache.expirytime = 600000ms (custom)
2019-09-04 10:16:32,486 [pool-591-thread-1] INFO  impl.RaftServerImpl (RaftServerImpl.java:start(180)) - cc26b0b0-42a6-4c40-b1c0-3a6e3a9aaf66: start group-D3A29FA53811
2019-09-04 10:16:32,486 [pool-591-thread-1] INFO  impl.RaftServerImpl (RaftServerImpl.java:setRole(171)) - cc26b0b0-42a6-4c40-b1c0-3a6e3a9aaf66:group-D3A29FA53811 changes role from null to FOLLOWER at term 0 for startAsFollower
2019-09-04 10:16:32,486 [pool-591-thread-1] INFO  impl.RoleInfo (RoleInfo.java:updateAndGet(143)) - cc26b0b0-42a6-4c40-b1c0-3a6e3a9aaf66: start FollowerState
2019-09-04 10:16:32,487 [pool-591-thread-1] INFO  util.JmxRegister (JmxRegister.java:tryRegister(44)) - Successfully registered JMX Bean with object name Ratis:service=RaftServer,group=group-D3A29FA53811,id=cc26b0b0-42a6-4c40-b1c0-3a6e3a9aaf66
2019-09-04 10:16:32,491 [RatisPipelineUtilsThread] INFO  pipeline.PipelineStateManager (PipelineStateManager.java:addPipeline(56)) - Created pipeline Pipeline[ Id: f12258cb-4986-4872-82f9-d3a29fa53811, Nodes: cc26b0b0-42a6-4c40-b1c0-3a6e3a9aaf66{ip: 192.168.36.67, host: pr-hdds-1569-fjd24-125839774, networkLocation: /default-rack, certSerialId: null}, Type:RATIS, Factor:ONE, State:OPEN]
2019-09-04 10:16:32,502 [grpc-default-executor-0] INFO  impl.RaftServerProxy (RaftServerProxy.java:addNew(89)) - 31b4e676-369f-4979-b1c2-672ed0f2e414: addNew group-8CC16F498C60:[31b4e676-369f-4979-b1c2-672ed0f2e414:192.168.36.67:46802, b98e2d19-33f1-4f79-80c8-78219e23739a:192.168.36.67:36361, cc26b0b0-42a6-4c40-b1c0-3a6e3a9aaf66:192.168.36.67:34378] returns group-8CC16F498C60:java.util.concurrent.CompletableFuture@23a8c34b[Not completed]
2019-09-04 10:16:32,502 [grpc-default-executor-1] INFO  impl.RaftServerProxy (RaftServerProxy.java:addNew(89)) - cc26b0b0-42a6-4c40-b1c0-3a6e3a9aaf66: addNew group-8CC16F498C60:[31b4e676-369f-4979-b1c2-672ed0f2e414:192.168.36.67:46802, b98e2d19-33f1-4f79-80c8-78219e23739a:192.168.36.67:36361, cc26b0b0-42a6-4c40-b1c0-3a6e3a9aaf66:192.168.36.67:34378] returns group-8CC16F498C60:java.util.concurrent.CompletableFuture@3243ac17[Not completed]
2019-09-04 10:16:32,505 [grpc-default-executor-11] INFO  impl.RaftServerProxy (RaftServerProxy.java:addNew(89)) - b98e2d19-33f1-4f79-80c8-78219e23739a: addNew group-8CC16F498C60:[31b4e676-369f-4979-b1c2-672ed0f2e414:192.168.36.67:46802, b98e2d19-33f1-4f79-80c8-78219e23739a:192.168.36.67:36361, cc26b0b0-42a6-4c40-b1c0-3a6e3a9aaf66:192.168.36.67:34378] returns group-8CC16F498C60:java.util.concurrent.CompletableFuture@6ff3ff57[Not completed]
2019-09-04 10:16:32,506 [pool-569-thread-1] INFO  impl.RaftServerImpl (RaftServerImpl.java:<init>(93)) - 31b4e676-369f-4979-b1c2-672ed0f2e414: new RaftServerImpl for group-8CC16F498C60:[31b4e676-369f-4979-b1c2-672ed0f2e414:192.168.36.67:46802, b98e2d19-33f1-4f79-80c8-78219e23739a:192.168.36.67:36361, cc26b0b0-42a6-4c40-b1c0-3a6e3a9aaf66:192.168.36.67:34378] with ContainerStateMachine:uninitialized
2019-09-04 10:16:32,506 [pool-569-thread-1] INFO  server.RaftServerConfigKeys (ConfUtils.java:logGet(43)) - raft.server.rpc.timeout.min = 5s (custom)
2019-09-04 10:16:32,506 [pool-569-thread-1] INFO  server.RaftServerConfigKeys (ConfUtils.java:logGet(43)) - raft.server.rpc.timeout.max = 5200ms (custom)
2019-09-04 10:16:32,506 [pool-569-thread-1] INFO  server.RaftServerConfigKeys (ConfUtils.java:logGet(43)) - raft.server.rpcslowness.timeout = 120s (custom)
2019-09-04 10:16:32,506 [pool-580-thread-1] INFO  impl.RaftServerImpl (RaftServerImpl.java:<init>(93)) - b98e2d19-33f1-4f79-80c8-78219e23739a: new RaftServerImpl for group-8CC16F498C60:[31b4e676-369f-4979-b1c2-672ed0f2e414:192.168.36.67:46802, b98e2d19-33f1-4f79-80c8-78219e23739a:192.168.36.67:36361, cc26b0b0-42a6-4c40-b1c0-3a6e3a9aaf66:192.168.36.67:34378] with ContainerStateMachine:uninitialized
2019-09-04 10:16:32,506 [pool-569-thread-1] INFO  server.RaftServerConfigKeys (ConfUtils.java:logGet(43)) - raft.server.sleep.deviation.threshold = 300 (default)
2019-09-04 10:16:32,506 [pool-569-thread-1] INFO  server.RaftServerConfigKeys (ConfUtils.java:logGet(43)) - raft.server.log.appender.install.snapshot.enabled = false (custom)
2019-09-04 10:16:32,506 [pool-569-thread-1] INFO  impl.RaftServerImpl (ServerState.java:<init>(105)) - 31b4e676-369f-4979-b1c2-672ed0f2e414:group-8CC16F498C60 ConfigurationManager, init=-1: [31b4e676-369f-4979-b1c2-672ed0f2e414:192.168.36.67:46802, b98e2d19-33f1-4f79-80c8-78219e23739a:192.168.36.67:36361, cc26b0b0-42a6-4c40-b1c0-3a6e3a9aaf66:192.168.36.67:34378], old=null, confs=<EMPTY_MAP>
2019-09-04 10:16:32,506 [pool-569-thread-1] INFO  server.RaftServerConfigKeys (ConfUtils.java:logGet(43)) - raft.server.storage.dir = [/workdir/hadoop-ozone/integration-test/target/test-dir/MiniOzoneClusterImpl-92bdd970-4d32-4065-b0f9-0a546f741942/datanode-3/data/ratis] (custom)
2019-09-04 10:16:32,507 [pool-569-thread-1] INFO  storage.RaftStorageDirectory (RaftStorageDirectory.java:analyzeStorage(246)) - The storage directory /workdir/hadoop-ozone/integration-test/target/test-dir/MiniOzoneClusterImpl-92bdd970-4d32-4065-b0f9-0a546f741942/datanode-3/data/ratis/29e2132c-fc29-4d4f-9381-8cc16f498c60 does not exist. Creating ...
2019-09-04 10:16:32,506 [pool-580-thread-1] INFO  server.RaftServerConfigKeys (ConfUtils.java:logGet(43)) - raft.server.rpc.timeout.min = 5s (custom)
2019-09-04 10:16:32,507 [pool-580-thread-1] INFO  server.RaftServerConfigKeys (ConfUtils.java:logGet(43)) - raft.server.rpc.timeout.max = 5200ms (custom)
2019-09-04 10:16:32,507 [pool-580-thread-1] INFO  server.RaftServerConfigKeys (ConfUtils.java:logGet(43)) - raft.server.rpcslowness.timeout = 120s (custom)
2019-09-04 10:16:32,507 [pool-580-thread-1] INFO  server.RaftServerConfigKeys (ConfUtils.java:logGet(43)) - raft.server.sleep.deviation.threshold = 300 (default)
2019-09-04 10:16:32,508 [pool-580-thread-1] INFO  server.RaftServerConfigKeys (ConfUtils.java:logGet(43)) - raft.server.log.appender.install.snapshot.enabled = false (custom)
2019-09-04 10:16:32,508 [pool-580-thread-1] INFO  impl.RaftServerImpl (ServerState.java:<init>(105)) - b98e2d19-33f1-4f79-80c8-78219e23739a:group-8CC16F498C60 ConfigurationManager, init=-1: [31b4e676-369f-4979-b1c2-672ed0f2e414:192.168.36.67:46802, b98e2d19-33f1-4f79-80c8-78219e23739a:192.168.36.67:36361, cc26b0b0-42a6-4c40-b1c0-3a6e3a9aaf66:192.168.36.67:34378], old=null, confs=<EMPTY_MAP>
2019-09-04 10:16:32,508 [pool-580-thread-1] INFO  server.RaftServerConfigKeys (ConfUtils.java:logGet(43)) - raft.server.storage.dir = [/workdir/hadoop-ozone/integration-test/target/test-dir/MiniOzoneClusterImpl-92bdd970-4d32-4065-b0f9-0a546f741942/datanode-4/data/ratis] (custom)
2019-09-04 10:16:32,508 [pool-580-thread-1] INFO  storage.RaftStorageDirectory (RaftStorageDirectory.java:analyzeStorage(246)) - The storage directory /workdir/hadoop-ozone/integration-test/target/test-dir/MiniOzoneClusterImpl-92bdd970-4d32-4065-b0f9-0a546f741942/datanode-4/data/ratis/29e2132c-fc29-4d4f-9381-8cc16f498c60 does not exist. Creating ...
2019-09-04 10:16:32,509 [pool-591-thread-1] INFO  impl.RaftServerImpl (RaftServerImpl.java:<init>(93)) - cc26b0b0-42a6-4c40-b1c0-3a6e3a9aaf66: new RaftServerImpl for group-8CC16F498C60:[31b4e676-369f-4979-b1c2-672ed0f2e414:192.168.36.67:46802, b98e2d19-33f1-4f79-80c8-78219e23739a:192.168.36.67:36361, cc26b0b0-42a6-4c40-b1c0-3a6e3a9aaf66:192.168.36.67:34378] with ContainerStateMachine:uninitialized
2019-09-04 10:16:32,509 [pool-591-thread-1] INFO  server.RaftServerConfigKeys (ConfUtils.java:logGet(43)) - raft.server.rpc.timeout.min = 5s (custom)
2019-09-04 10:16:32,509 [pool-591-thread-1] INFO  server.RaftServerConfigKeys (ConfUtils.java:logGet(43)) - raft.server.rpc.timeout.max = 5200ms (custom)
2019-09-04 10:16:32,509 [pool-591-thread-1] INFO  server.RaftServerConfigKeys (ConfUtils.java:logGet(43)) - raft.server.rpcslowness.timeout = 120s (custom)
2019-09-04 10:16:32,509 [pool-591-thread-1] INFO  server.RaftServerConfigKeys (ConfUtils.java:logGet(43)) - raft.server.sleep.deviation.threshold = 300 (default)
2019-09-04 10:16:32,509 [pool-591-thread-1] INFO  server.RaftServerConfigKeys (ConfUtils.java:logGet(43)) - raft.server.log.appender.install.snapshot.enabled = false (custom)
2019-09-04 10:16:32,509 [pool-591-thread-1] INFO  impl.RaftServerImpl (ServerState.java:<init>(105)) - cc26b0b0-42a6-4c40-b1c0-3a6e3a9aaf66:group-8CC16F498C60 ConfigurationManager, init=-1: [31b4e676-369f-4979-b1c2-672ed0f2e414:192.168.36.67:46802, b98e2d19-33f1-4f79-80c8-78219e23739a:192.168.36.67:36361, cc26b0b0-42a6-4c40-b1c0-3a6e3a9aaf66:192.168.36.67:34378], old=null, confs=<EMPTY_MAP>
2019-09-04 10:16:32,510 [pool-591-thread-1] INFO  server.RaftServerConfigKeys (ConfUtils.java:logGet(43)) - raft.server.storage.dir = [/workdir/hadoop-ozone/integration-test/target/test-dir/MiniOzoneClusterImpl-92bdd970-4d32-4065-b0f9-0a546f741942/datanode-5/data/ratis] (custom)
2019-09-04 10:16:32,510 [pool-591-thread-1] INFO  storage.RaftStorageDirectory (RaftStorageDirectory.java:analyzeStorage(246)) - The storage directory /workdir/hadoop-ozone/integration-test/target/test-dir/MiniOzoneClusterImpl-92bdd970-4d32-4065-b0f9-0a546f741942/datanode-5/data/ratis/29e2132c-fc29-4d4f-9381-8cc16f498c60 does not exist. Creating ...
2019-09-04 10:16:32,520 [pool-580-thread-1] INFO  storage.RaftStorageDirectory (RaftStorageDirectory.java:tryLock(328)) - Lock on /workdir/hadoop-ozone/integration-test/target/test-dir/MiniOzoneClusterImpl-92bdd970-4d32-4065-b0f9-0a546f741942/datanode-4/data/ratis/29e2132c-fc29-4d4f-9381-8cc16f498c60/in_use.lock acquired by nodename 21473@pr-hdds-1569-fjd24-125839774
2019-09-04 10:16:32,520 [pool-569-thread-1] INFO  storage.RaftStorageDirectory (RaftStorageDirectory.java:tryLock(328)) - Lock on /workdir/hadoop-ozone/integration-test/target/test-dir/MiniOzoneClusterImpl-92bdd970-4d32-4065-b0f9-0a546f741942/datanode-3/data/ratis/29e2132c-fc29-4d4f-9381-8cc16f498c60/in_use.lock acquired by nodename 21473@pr-hdds-1569-fjd24-125839774
2019-09-04 10:16:32,520 [pool-591-thread-1] INFO  storage.RaftStorageDirectory (RaftStorageDirectory.java:tryLock(328)) - Lock on /workdir/hadoop-ozone/integration-test/target/test-dir/MiniOzoneClusterImpl-92bdd970-4d32-4065-b0f9-0a546f741942/datanode-5/data/ratis/29e2132c-fc29-4d4f-9381-8cc16f498c60/in_use.lock acquired by nodename 21473@pr-hdds-1569-fjd24-125839774
2019-09-04 10:16:32,534 [pool-569-thread-1] INFO  storage.RaftStorage (RaftStorage.java:format(72)) - Storage directory /workdir/hadoop-ozone/integration-test/target/test-dir/MiniOzoneClusterImpl-92bdd970-4d32-4065-b0f9-0a546f741942/datanode-3/data/ratis/29e2132c-fc29-4d4f-9381-8cc16f498c60 has been successfully formatted.
2019-09-04 10:16:32,534 [pool-591-thread-1] INFO  storage.RaftStorage (RaftStorage.java:format(72)) - Storage directory /workdir/hadoop-ozone/integration-test/target/test-dir/MiniOzoneClusterImpl-92bdd970-4d32-4065-b0f9-0a546f741942/datanode-5/data/ratis/29e2132c-fc29-4d4f-9381-8cc16f498c60 has been successfully formatted.
2019-09-04 10:16:32,534 [pool-580-thread-1] INFO  storage.RaftStorage (RaftStorage.java:format(72)) - Storage directory /workdir/hadoop-ozone/integration-test/target/test-dir/MiniOzoneClusterImpl-92bdd970-4d32-4065-b0f9-0a546f741942/datanode-4/data/ratis/29e2132c-fc29-4d4f-9381-8cc16f498c60 has been successfully formatted.
2019-09-04 10:16:32,535 [pool-569-thread-1] INFO  ratis.ContainerStateMachine (ContainerStateMachine.java:loadSnapshot(226)) - group-8CC16F498C60: The snapshot info is null. Setting the last applied indexto:(t:0, i:~)
2019-09-04 10:16:32,535 [pool-580-thread-1] INFO  ratis.ContainerStateMachine (ContainerStateMachine.java:loadSnapshot(226)) - group-8CC16F498C60: The snapshot info is null. Setting the last applied indexto:(t:0, i:~)
2019-09-04 10:16:32,535 [pool-591-thread-1] INFO  ratis.ContainerStateMachine (ContainerStateMachine.java:loadSnapshot(226)) - group-8CC16F498C60: The snapshot info is null. Setting the last applied indexto:(t:0, i:~)
2019-09-04 10:16:32,535 [pool-580-thread-1] INFO  server.RaftServerConfigKeys (ConfUtils.java:logGet(43)) - raft.server.leader.election.timeout = 120s (custom)
2019-09-04 10:16:32,535 [pool-569-thread-1] INFO  server.RaftServerConfigKeys (ConfUtils.java:logGet(43)) - raft.server.leader.election.timeout = 120s (custom)
2019-09-04 10:16:32,535 [pool-580-thread-1] INFO  server.RaftServerConfigKeys (ConfUtils.java:logGet(43)) - raft.server.log.use.memory = false (default)
2019-09-04 10:16:32,535 [pool-591-thread-1] INFO  server.RaftServerConfigKeys (ConfUtils.java:logGet(43)) - raft.server.leader.election.timeout = 120s (custom)
2019-09-04 10:16:32,535 [pool-580-thread-1] INFO  server.RaftServerConfigKeys (ConfUtils.java:logGet(43)) - raft.server.log.purge.gap = 1000000 (custom)
2019-09-04 10:16:32,535 [pool-569-thread-1] INFO  server.RaftServerConfigKeys (ConfUtils.java:logGet(43)) - raft.server.log.use.memory = false (default)
2019-09-04 10:16:32,536 [pool-580-thread-1] INFO  server.RaftServerConfigKeys (ConfUtils.java:logGet(43)) - raft.server.log.appender.buffer.byte-limit = 33554432 (custom)
2019-09-04 10:16:32,535 [pool-591-thread-1] INFO  server.RaftServerConfigKeys (ConfUtils.java:logGet(43)) - raft.server.log.use.memory = false (default)
2019-09-04 10:16:32,536 [pool-580-thread-1] INFO  server.RaftServerConfigKeys (ConfUtils.java:logGet(43)) - raft.server.log.segment.size.max = 1048576 (custom)
2019-09-04 10:16:32,536 [pool-569-thread-1] INFO  server.RaftServerConfigKeys (ConfUtils.java:logGet(43)) - raft.server.log.purge.gap = 1000000 (custom)
2019-09-04 10:16:32,536 [pool-580-thread-1] INFO  server.RaftServerConfigKeys (ConfUtils.java:logGet(43)) - raft.server.log.segment.cache.num.max = 2 (custom)
2019-09-04 10:16:32,536 [pool-591-thread-1] INFO  server.RaftServerConfigKeys (ConfUtils.java:logGet(43)) - raft.server.log.purge.gap = 1000000 (custom)
2019-09-04 10:16:32,536 [pool-580-thread-1] INFO  segmented.SegmentedRaftLogWorker (SegmentedRaftLogWorker.java:<init>(172)) - new b98e2d19-33f1-4f79-80c8-78219e23739a-SegmentedRaftLogWorker:Storage Directory /workdir/hadoop-ozone/integration-test/target/test-dir/MiniOzoneClusterImpl-92bdd970-4d32-4065-b0f9-0a546f741942/datanode-4/data/ratis/29e2132c-fc29-4d4f-9381-8cc16f498c60 for RaftStorage:Storage Directory /workdir/hadoop-ozone/integration-test/target/test-dir/MiniOzoneClusterImpl-92bdd970-4d32-4065-b0f9-0a546f741942/datanode-4/data/ratis/29e2132c-fc29-4d4f-9381-8cc16f498c60
2019-09-04 10:16:32,536 [pool-569-thread-1] INFO  server.RaftServerConfigKeys (ConfUtils.java:logGet(43)) - raft.server.log.appender.buffer.byte-limit = 33554432 (custom)
2019-09-04 10:16:32,536 [pool-580-thread-1] INFO  server.RaftServerConfigKeys (ConfUtils.java:logGet(43)) - raft.server.log.queue.byte-limit = 2147483647 (custom)
2019-09-04 10:16:32,536 [pool-591-thread-1] INFO  server.RaftServerConfigKeys (ConfUtils.java:logGet(43)) - raft.server.log.appender.buffer.byte-limit = 33554432 (custom)
2019-09-04 10:16:32,536 [pool-580-thread-1] INFO  server.RaftServerConfigKeys (ConfUtils.java:logGet(43)) - raft.server.log.queue.element-limit = 1024 (custom)
2019-09-04 10:16:32,536 [pool-569-thread-1] INFO  server.RaftServerConfigKeys (ConfUtils.java:logGet(43)) - raft.server.log.segment.size.max = 1048576 (custom)
2019-09-04 10:16:32,537 [pool-580-thread-1] INFO  server.RaftServerConfigKeys (ConfUtils.java:logGet(43)) - raft.server.log.segment.size.max = 1048576 (custom)
2019-09-04 10:16:32,536 [pool-591-thread-1] INFO  server.RaftServerConfigKeys (ConfUtils.java:logGet(43)) - raft.server.log.segment.size.max = 1048576 (custom)
2019-09-04 10:16:32,537 [pool-580-thread-1] INFO  server.RaftServerConfigKeys (ConfUtils.java:logGet(43)) - raft.server.log.preallocated.size = 16384 (custom)
2019-09-04 10:16:32,537 [pool-569-thread-1] INFO  server.RaftServerConfigKeys (ConfUtils.java:logGet(43)) - raft.server.log.segment.cache.num.max = 2 (custom)
2019-09-04 10:16:32,537 [pool-580-thread-1] INFO  server.RaftServerConfigKeys (ConfUtils.java:logGet(43)) - raft.server.log.write.buffer.size = 33554432 (custom)
2019-09-04 10:16:32,537 [pool-591-thread-1] INFO  server.RaftServerConfigKeys (ConfUtils.java:logGet(43)) - raft.server.log.segment.cache.num.max = 2 (custom)
2019-09-04 10:16:32,537 [pool-580-thread-1] INFO  server.RaftServerConfigKeys (ConfUtils.java:logGet(43)) - raft.server.log.force.sync.num = 128 (default)
2019-09-04 10:16:32,537 [pool-569-thread-1] INFO  segmented.SegmentedRaftLogWorker (SegmentedRaftLogWorker.java:<init>(172)) - new 31b4e676-369f-4979-b1c2-672ed0f2e414-SegmentedRaftLogWorker:Storage Directory /workdir/hadoop-ozone/integration-test/target/test-dir/MiniOzoneClusterImpl-92bdd970-4d32-4065-b0f9-0a546f741942/datanode-3/data/ratis/29e2132c-fc29-4d4f-9381-8cc16f498c60 for RaftStorage:Storage Directory /workdir/hadoop-ozone/integration-test/target/test-dir/MiniOzoneClusterImpl-92bdd970-4d32-4065-b0f9-0a546f741942/datanode-3/data/ratis/29e2132c-fc29-4d4f-9381-8cc16f498c60
2019-09-04 10:16:32,537 [pool-580-thread-1] INFO  server.RaftServerConfigKeys (ConfUtils.java:logGet(43)) - raft.server.log.statemachine.data.sync = true (default)
2019-09-04 10:16:32,537 [pool-591-thread-1] INFO  segmented.SegmentedRaftLogWorker (SegmentedRaftLogWorker.java:<init>(172)) - new cc26b0b0-42a6-4c40-b1c0-3a6e3a9aaf66-SegmentedRaftLogWorker:Storage Directory /workdir/hadoop-ozone/integration-test/target/test-dir/MiniOzoneClusterImpl-92bdd970-4d32-4065-b0f9-0a546f741942/datanode-5/data/ratis/29e2132c-fc29-4d4f-9381-8cc16f498c60 for RaftStorage:Storage Directory /workdir/hadoop-ozone/integration-test/target/test-dir/MiniOzoneClusterImpl-92bdd970-4d32-4065-b0f9-0a546f741942/datanode-5/data/ratis/29e2132c-fc29-4d4f-9381-8cc16f498c60
2019-09-04 10:16:32,538 [pool-580-thread-1] INFO  server.RaftServerConfigKeys (ConfUtils.java:logGet(43)) - raft.server.log.statemachine.data.sync.timeout = 10s (default)
2019-09-04 10:16:32,537 [pool-569-thread-1] INFO  server.RaftServerConfigKeys (ConfUtils.java:logGet(43)) - raft.server.log.queue.byte-limit = 2147483647 (custom)
2019-09-04 10:16:32,538 [pool-580-thread-1] INFO  server.RaftServerConfigKeys (ConfUtils.java:logGet(43)) - raft.server.log.statemachine.data.sync.timeout.retry = -1 (default)
2019-09-04 10:16:32,538 [pool-591-thread-1] INFO  server.RaftServerConfigKeys (ConfUtils.java:logGet(43)) - raft.server.log.queue.byte-limit = 2147483647 (custom)
2019-09-04 10:16:32,538 [pool-580-thread-1] INFO  server.RaftServerConfigKeys (ConfUtils.java:logGet(43)) - raft.server.log.statemachine.data.caching.enabled = true (custom)
2019-09-04 10:16:32,538 [pool-569-thread-1] INFO  server.RaftServerConfigKeys (ConfUtils.java:logGet(43)) - raft.server.log.queue.element-limit = 1024 (custom)
2019-09-04 10:16:32,538 [pool-591-thread-1] INFO  server.RaftServerConfigKeys (ConfUtils.java:logGet(43)) - raft.server.log.queue.element-limit = 1024 (custom)
2019-09-04 10:16:32,538 [pool-580-thread-1] INFO  segmented.SegmentedRaftLogWorker (SegmentedRaftLogWorker.java:lambda$new$0(132)) - b98e2d19-33f1-4f79-80c8-78219e23739a-SegmentedRaftLogWorker:Storage Directory /workdir/hadoop-ozone/integration-test/target/test-dir/MiniOzoneClusterImpl-92bdd970-4d32-4065-b0f9-0a546f741942/datanode-4/data/ratis/29e2132c-fc29-4d4f-9381-8cc16f498c60: flushIndex: setUnconditionally 0 -> -1
2019-09-04 10:16:32,538 [pool-569-thread-1] INFO  server.RaftServerConfigKeys (ConfUtils.java:logGet(43)) - raft.server.log.segment.size.max = 1048576 (custom)
2019-09-04 10:16:32,538 [pool-591-thread-1] INFO  server.RaftServerConfigKeys (ConfUtils.java:logGet(43)) - raft.server.log.segment.size.max = 1048576 (custom)
2019-09-04 10:16:32,538 [pool-580-thread-1] INFO  server.RaftServerConfigKeys (ConfUtils.java:logGet(43)) - raft.server.snapshot.auto.trigger.enabled = true (custom)
2019-09-04 10:16:32,538 [pool-569-thread-1] INFO  server.RaftServerConfigKeys (ConfUtils.java:logGet(43)) - raft.server.log.preallocated.size = 16384 (custom)
2019-09-04 10:16:32,539 [pool-580-thread-1] INFO  server.RaftServerConfigKeys (ConfUtils.java:logGet(43)) - raft.server.snapshot.auto.trigger.threshold = 10000 (custom)
2019-09-04 10:16:32,538 [pool-591-thread-1] INFO  server.RaftServerConfigKeys (ConfUtils.java:logGet(43)) - raft.server.log.preallocated.size = 16384 (custom)
2019-09-04 10:16:32,539 [pool-580-thread-1] INFO  server.RaftServerConfigKeys (ConfUtils.java:logGet(43)) - raft.server.retrycache.expirytime = 600000ms (custom)
2019-09-04 10:16:32,539 [pool-569-thread-1] INFO  server.RaftServerConfigKeys (ConfUtils.java:logGet(43)) - raft.server.log.write.buffer.size = 33554432 (custom)
2019-09-04 10:16:32,539 [pool-580-thread-1] INFO  impl.RaftServerImpl (RaftServerImpl.java:start(180)) - b98e2d19-33f1-4f79-80c8-78219e23739a: start group-8CC16F498C60
2019-09-04 10:16:32,539 [pool-591-thread-1] INFO  server.RaftServerConfigKeys (ConfUtils.java:logGet(43)) - raft.server.log.write.buffer.size = 33554432 (custom)
2019-09-04 10:16:32,539 [pool-580-thread-1] INFO  impl.RaftServerImpl (RaftServerImpl.java:setRole(171)) - b98e2d19-33f1-4f79-80c8-78219e23739a:group-8CC16F498C60 changes role from null to FOLLOWER at term 0 for startAsFollower
2019-09-04 10:16:32,539 [pool-569-thread-1] INFO  server.RaftServerConfigKeys (ConfUtils.java:logGet(43)) - raft.server.log.force.sync.num = 128 (default)
2019-09-04 10:16:32,539 [pool-580-thread-1] INFO  impl.RoleInfo (RoleInfo.java:updateAndGet(143)) - b98e2d19-33f1-4f79-80c8-78219e23739a: start FollowerState
2019-09-04 10:16:32,539 [pool-591-thread-1] INFO  server.RaftServerConfigKeys (ConfUtils.java:logGet(43)) - raft.server.log.force.sync.num = 128 (default)
2019-09-04 10:16:32,539 [pool-569-thread-1] INFO  server.RaftServerConfigKeys (ConfUtils.java:logGet(43)) - raft.server.log.statemachine.data.sync = true (default)
2019-09-04 10:16:32,539 [pool-591-thread-1] INFO  server.RaftServerConfigKeys (ConfUtils.java:logGet(43)) - raft.server.log.statemachine.data.sync = true (default)
2019-09-04 10:16:32,540 [pool-580-thread-1] INFO  util.JmxRegister (JmxRegister.java:tryRegister(44)) - Successfully registered JMX Bean with object name Ratis:service=RaftServer,group=group-8CC16F498C60,id=b98e2d19-33f1-4f79-80c8-78219e23739a
2019-09-04 10:16:32,540 [pool-569-thread-1] INFO  server.RaftServerConfigKeys (ConfUtils.java:logGet(43)) - raft.server.log.statemachine.data.sync.timeout = 10s (default)
2019-09-04 10:16:32,540 [pool-591-thread-1] INFO  server.RaftServerConfigKeys (ConfUtils.java:logGet(43)) - raft.server.log.statemachine.data.sync.timeout = 10s (default)
2019-09-04 10:16:32,540 [pool-569-thread-1] INFO  server.RaftServerConfigKeys (ConfUtils.java:logGet(43)) - raft.server.log.statemachine.data.sync.timeout.retry = -1 (default)
2019-09-04 10:16:32,540 [pool-591-thread-1] INFO  server.RaftServerConfigKeys (ConfUtils.java:logGet(43)) - raft.server.log.statemachine.data.sync.timeout.retry = -1 (default)
2019-09-04 10:16:32,540 [pool-569-thread-1] INFO  server.RaftServerConfigKeys (ConfUtils.java:logGet(43)) - raft.server.log.statemachine.data.caching.enabled = true (custom)
2019-09-04 10:16:32,540 [pool-591-thread-1] INFO  server.RaftServerConfigKeys (ConfUtils.java:logGet(43)) - raft.server.log.statemachine.data.caching.enabled = true (custom)
2019-09-04 10:16:32,540 [pool-569-thread-1] INFO  segmented.SegmentedRaftLogWorker (SegmentedRaftLogWorker.java:lambda$new$0(132)) - 31b4e676-369f-4979-b1c2-672ed0f2e414-SegmentedRaftLogWorker:Storage Directory /workdir/hadoop-ozone/integration-test/target/test-dir/MiniOzoneClusterImpl-92bdd970-4d32-4065-b0f9-0a546f741942/datanode-3/data/ratis/29e2132c-fc29-4d4f-9381-8cc16f498c60: flushIndex: setUnconditionally 0 -> -1
2019-09-04 10:16:32,540 [pool-591-thread-1] INFO  segmented.SegmentedRaftLogWorker (SegmentedRaftLogWorker.java:lambda$new$0(132)) - cc26b0b0-42a6-4c40-b1c0-3a6e3a9aaf66-SegmentedRaftLogWorker:Storage Directory /workdir/hadoop-ozone/integration-test/target/test-dir/MiniOzoneClusterImpl-92bdd970-4d32-4065-b0f9-0a546f741942/datanode-5/data/ratis/29e2132c-fc29-4d4f-9381-8cc16f498c60: flushIndex: setUnconditionally 0 -> -1
2019-09-04 10:16:32,540 [pool-569-thread-1] INFO  server.RaftServerConfigKeys (ConfUtils.java:logGet(43)) - raft.server.snapshot.auto.trigger.enabled = true (custom)
2019-09-04 10:16:32,543 [pool-591-thread-1] INFO  server.RaftServerConfigKeys (ConfUtils.java:logGet(43)) - raft.server.snapshot.auto.trigger.enabled = true (custom)
2019-09-04 10:16:32,543 [pool-569-thread-1] INFO  server.RaftServerConfigKeys (ConfUtils.java:logGet(43)) - raft.server.snapshot.auto.trigger.threshold = 10000 (custom)
2019-09-04 10:16:32,543 [pool-591-thread-1] INFO  server.RaftServerConfigKeys (ConfUtils.java:logGet(43)) - raft.server.snapshot.auto.trigger.threshold = 10000 (custom)
2019-09-04 10:16:32,543 [pool-569-thread-1] INFO  server.RaftServerConfigKeys (ConfUtils.java:logGet(43)) - raft.server.retrycache.expirytime = 600000ms (custom)
2019-09-04 10:16:32,543 [pool-591-thread-1] INFO  server.RaftServerConfigKeys (ConfUtils.java:logGet(43)) - raft.server.retrycache.expirytime = 600000ms (custom)
2019-09-04 10:16:32,543 [pool-569-thread-1] INFO  impl.RaftServerImpl (RaftServerImpl.java:start(180)) - 31b4e676-369f-4979-b1c2-672ed0f2e414: start group-8CC16F498C60
2019-09-04 10:16:32,544 [pool-591-thread-1] INFO  impl.RaftServerImpl (RaftServerImpl.java:start(180)) - cc26b0b0-42a6-4c40-b1c0-3a6e3a9aaf66: start group-8CC16F498C60
2019-09-04 10:16:32,544 [pool-569-thread-1] INFO  impl.RaftServerImpl (RaftServerImpl.java:setRole(171)) - 31b4e676-369f-4979-b1c2-672ed0f2e414:group-8CC16F498C60 changes role from null to FOLLOWER at term 0 for startAsFollower
2019-09-04 10:16:32,544 [pool-591-thread-1] INFO  impl.RaftServerImpl (RaftServerImpl.java:setRole(171)) - cc26b0b0-42a6-4c40-b1c0-3a6e3a9aaf66:group-8CC16F498C60 changes role from null to FOLLOWER at term 0 for startAsFollower
2019-09-04 10:16:32,544 [pool-569-thread-1] INFO  impl.RoleInfo (RoleInfo.java:updateAndGet(143)) - 31b4e676-369f-4979-b1c2-672ed0f2e414: start FollowerState
2019-09-04 10:16:32,544 [pool-591-thread-1] INFO  impl.RoleInfo (RoleInfo.java:updateAndGet(143)) - cc26b0b0-42a6-4c40-b1c0-3a6e3a9aaf66: start FollowerState
2019-09-04 10:16:32,544 [pool-569-thread-1] INFO  util.JmxRegister (JmxRegister.java:tryRegister(44)) - Successfully registered JMX Bean with object name Ratis:service=RaftServer,group=group-8CC16F498C60,id=31b4e676-369f-4979-b1c2-672ed0f2e414
2019-09-04 10:16:32,544 [pool-591-thread-1] INFO  util.JmxRegister (JmxRegister.java:tryRegister(44)) - Successfully registered JMX Bean with object name Ratis:service=RaftServer,group=group-8CC16F498C60,id=cc26b0b0-42a6-4c40-b1c0-3a6e3a9aaf66
2019-09-04 10:16:32,559 [RatisPipelineUtilsThread] INFO  pipeline.PipelineStateManager (PipelineStateManager.java:addPipeline(56)) - Created pipeline Pipeline[ Id: 29e2132c-fc29-4d4f-9381-8cc16f498c60, Nodes: cc26b0b0-42a6-4c40-b1c0-3a6e3a9aaf66{ip: 192.168.36.67, host: pr-hdds-1569-fjd24-125839774, networkLocation: /default-rack, certSerialId: null}31b4e676-369f-4979-b1c2-672ed0f2e414{ip: 192.168.36.67, host: pr-hdds-1569-fjd24-125839774, networkLocation: /default-rack, certSerialId: null}b98e2d19-33f1-4f79-80c8-78219e23739a{ip: 192.168.36.67, host: pr-hdds-1569-fjd24-125839774, networkLocation: /default-rack, certSerialId: null}, Type:RATIS, Factor:THREE, State:OPEN]
2019-09-04 10:16:32,685 [main] INFO  ozone.MiniOzoneClusterImpl (MiniOzoneClusterImpl.java:lambda$waitForClusterToBeReady$0(142)) - Waiting for cluster to be ready. Got 6 of 7 DN Heartbeats.
2019-09-04 10:16:32,687 [IPC Server handler 5 on 36262] INFO  net.NetworkTopology (NetworkTopologyImpl.java:add(110)) - Added a new node: /default-rack/d31f0293-0228-4a75-90b9-c3e018e44e78
2019-09-04 10:16:32,687 [IPC Server handler 5 on 36262] INFO  node.SCMNodeManager (SCMNodeManager.java:register(273)) - Registered Data node : d31f0293-0228-4a75-90b9-c3e018e44e78{ip: 192.168.36.67, host: pr-hdds-1569-fjd24-125839774, networkLocation: /default-rack, certSerialId: null}
2019-09-04 10:16:32,691 | INFO  | SCMAudit | user=jenkins1000 | ip=192.168.36.67 | op=REGISTER {datanodeDetails=d31f0293-0228-4a75-90b9-c3e018e44e78{ip: 192.168.36.67, host: pr-hdds-1569-fjd24-125839774, networkLocation: /default-rack, certSerialId: null}} | ret=SUCCESS |  
2019-09-04 10:16:32,696 [grpc-default-executor-11] INFO  impl.RaftServerProxy (RaftServerProxy.java:addNew(89)) - d31f0293-0228-4a75-90b9-c3e018e44e78: addNew group-CC3F7AAF700F:[d31f0293-0228-4a75-90b9-c3e018e44e78:192.168.36.67:41523] returns group-CC3F7AAF700F:java.util.concurrent.CompletableFuture@4824215e[Not completed]
2019-09-04 10:16:32,698 [pool-602-thread-1] INFO  impl.RaftServerImpl (RaftServerImpl.java:<init>(93)) - d31f0293-0228-4a75-90b9-c3e018e44e78: new RaftServerImpl for group-CC3F7AAF700F:[d31f0293-0228-4a75-90b9-c3e018e44e78:192.168.36.67:41523] with ContainerStateMachine:uninitialized
2019-09-04 10:16:32,698 [pool-602-thread-1] INFO  server.RaftServerConfigKeys (ConfUtils.java:logGet(43)) - raft.server.rpc.timeout.min = 5s (custom)
2019-09-04 10:16:32,698 [pool-602-thread-1] INFO  server.RaftServerConfigKeys (ConfUtils.java:logGet(43)) - raft.server.rpc.timeout.max = 5200ms (custom)
2019-09-04 10:16:32,698 [pool-602-thread-1] INFO  server.RaftServerConfigKeys (ConfUtils.java:logGet(43)) - raft.server.rpcslowness.timeout = 120s (custom)
2019-09-04 10:16:32,698 [pool-602-thread-1] INFO  server.RaftServerConfigKeys (ConfUtils.java:logGet(43)) - raft.server.sleep.deviation.threshold = 300 (default)
2019-09-04 10:16:32,698 [pool-602-thread-1] INFO  server.RaftServerConfigKeys (ConfUtils.java:logGet(43)) - raft.server.log.appender.install.snapshot.enabled = false (custom)
2019-09-04 10:16:32,698 [pool-602-thread-1] INFO  impl.RaftServerImpl (ServerState.java:<init>(105)) - d31f0293-0228-4a75-90b9-c3e018e44e78:group-CC3F7AAF700F ConfigurationManager, init=-1: [d31f0293-0228-4a75-90b9-c3e018e44e78:192.168.36.67:41523], old=null, confs=<EMPTY_MAP>
2019-09-04 10:16:32,699 [pool-602-thread-1] INFO  server.RaftServerConfigKeys (ConfUtils.java:logGet(43)) - raft.server.storage.dir = [/workdir/hadoop-ozone/integration-test/target/test-dir/MiniOzoneClusterImpl-92bdd970-4d32-4065-b0f9-0a546f741942/datanode-6/data/ratis] (custom)
2019-09-04 10:16:32,699 [pool-602-thread-1] INFO  storage.RaftStorageDirectory (RaftStorageDirectory.java:analyzeStorage(246)) - The storage directory /workdir/hadoop-ozone/integration-test/target/test-dir/MiniOzoneClusterImpl-92bdd970-4d32-4065-b0f9-0a546f741942/datanode-6/data/ratis/708d5414-6fa0-4696-991a-cc3f7aaf700f does not exist. Creating ...
2019-09-04 10:16:32,718 [pool-602-thread-1] INFO  storage.RaftStorageDirectory (RaftStorageDirectory.java:tryLock(328)) - Lock on /workdir/hadoop-ozone/integration-test/target/test-dir/MiniOzoneClusterImpl-92bdd970-4d32-4065-b0f9-0a546f741942/datanode-6/data/ratis/708d5414-6fa0-4696-991a-cc3f7aaf700f/in_use.lock acquired by nodename 21473@pr-hdds-1569-fjd24-125839774
2019-09-04 10:16:32,739 [pool-602-thread-1] INFO  storage.RaftStorage (RaftStorage.java:format(72)) - Storage directory /workdir/hadoop-ozone/integration-test/target/test-dir/MiniOzoneClusterImpl-92bdd970-4d32-4065-b0f9-0a546f741942/datanode-6/data/ratis/708d5414-6fa0-4696-991a-cc3f7aaf700f has been successfully formatted.
2019-09-04 10:16:32,740 [pool-602-thread-1] INFO  ratis.ContainerStateMachine (ContainerStateMachine.java:loadSnapshot(226)) - group-CC3F7AAF700F: The snapshot info is null. Setting the last applied indexto:(t:0, i:~)
2019-09-04 10:16:32,740 [pool-602-thread-1] INFO  server.RaftServerConfigKeys (ConfUtils.java:logGet(43)) - raft.server.leader.election.timeout = 120s (custom)
2019-09-04 10:16:32,740 [pool-602-thread-1] INFO  server.RaftServerConfigKeys (ConfUtils.java:logGet(43)) - raft.server.log.use.memory = false (default)
2019-09-04 10:16:32,740 [pool-602-thread-1] INFO  server.RaftServerConfigKeys (ConfUtils.java:logGet(43)) - raft.server.log.purge.gap = 1000000 (custom)
2019-09-04 10:16:32,740 [pool-602-thread-1] INFO  server.RaftServerConfigKeys (ConfUtils.java:logGet(43)) - raft.server.log.appender.buffer.byte-limit = 33554432 (custom)
2019-09-04 10:16:32,741 [pool-602-thread-1] INFO  server.RaftServerConfigKeys (ConfUtils.java:logGet(43)) - raft.server.log.segment.size.max = 1048576 (custom)
2019-09-04 10:16:32,741 [pool-602-thread-1] INFO  server.RaftServerConfigKeys (ConfUtils.java:logGet(43)) - raft.server.log.segment.cache.num.max = 2 (custom)
2019-09-04 10:16:32,741 [pool-602-thread-1] INFO  segmented.SegmentedRaftLogWorker (SegmentedRaftLogWorker.java:<init>(172)) - new d31f0293-0228-4a75-90b9-c3e018e44e78-SegmentedRaftLogWorker:Storage Directory /workdir/hadoop-ozone/integration-test/target/test-dir/MiniOzoneClusterImpl-92bdd970-4d32-4065-b0f9-0a546f741942/datanode-6/data/ratis/708d5414-6fa0-4696-991a-cc3f7aaf700f for RaftStorage:Storage Directory /workdir/hadoop-ozone/integration-test/target/test-dir/MiniOzoneClusterImpl-92bdd970-4d32-4065-b0f9-0a546f741942/datanode-6/data/ratis/708d5414-6fa0-4696-991a-cc3f7aaf700f
2019-09-04 10:16:32,741 [pool-602-thread-1] INFO  server.RaftServerConfigKeys (ConfUtils.java:logGet(43)) - raft.server.log.queue.byte-limit = 2147483647 (custom)
2019-09-04 10:16:32,741 [pool-602-thread-1] INFO  server.RaftServerConfigKeys (ConfUtils.java:logGet(43)) - raft.server.log.queue.element-limit = 1024 (custom)
2019-09-04 10:16:32,741 [pool-602-thread-1] INFO  server.RaftServerConfigKeys (ConfUtils.java:logGet(43)) - raft.server.log.segment.size.max = 1048576 (custom)
2019-09-04 10:16:32,742 [pool-602-thread-1] INFO  server.RaftServerConfigKeys (ConfUtils.java:logGet(43)) - raft.server.log.preallocated.size = 16384 (custom)
2019-09-04 10:16:32,742 [pool-602-thread-1] INFO  server.RaftServerConfigKeys (ConfUtils.java:logGet(43)) - raft.server.log.write.buffer.size = 33554432 (custom)
2019-09-04 10:16:32,742 [pool-602-thread-1] INFO  server.RaftServerConfigKeys (ConfUtils.java:logGet(43)) - raft.server.log.force.sync.num = 128 (default)
2019-09-04 10:16:32,742 [pool-602-thread-1] INFO  server.RaftServerConfigKeys (ConfUtils.java:logGet(43)) - raft.server.log.statemachine.data.sync = true (default)
2019-09-04 10:16:32,742 [pool-602-thread-1] INFO  server.RaftServerConfigKeys (ConfUtils.java:logGet(43)) - raft.server.log.statemachine.data.sync.timeout = 10s (default)
2019-09-04 10:16:32,742 [pool-602-thread-1] INFO  server.RaftServerConfigKeys (ConfUtils.java:logGet(43)) - raft.server.log.statemachine.data.sync.timeout.retry = -1 (default)
2019-09-04 10:16:32,743 [pool-602-thread-1] INFO  server.RaftServerConfigKeys (ConfUtils.java:logGet(43)) - raft.server.log.statemachine.data.caching.enabled = true (custom)
2019-09-04 10:16:32,743 [pool-602-thread-1] INFO  segmented.SegmentedRaftLogWorker (SegmentedRaftLogWorker.java:lambda$new$0(132)) - d31f0293-0228-4a75-90b9-c3e018e44e78-SegmentedRaftLogWorker:Storage Directory /workdir/hadoop-ozone/integration-test/target/test-dir/MiniOzoneClusterImpl-92bdd970-4d32-4065-b0f9-0a546f741942/datanode-6/data/ratis/708d5414-6fa0-4696-991a-cc3f7aaf700f: flushIndex: setUnconditionally 0 -> -1
2019-09-04 10:16:32,743 [pool-602-thread-1] INFO  server.RaftServerConfigKeys (ConfUtils.java:logGet(43)) - raft.server.snapshot.auto.trigger.enabled = true (custom)
2019-09-04 10:16:32,744 [pool-602-thread-1] INFO  server.RaftServerConfigKeys (ConfUtils.java:logGet(43)) - raft.server.snapshot.auto.trigger.threshold = 10000 (custom)
2019-09-04 10:16:32,744 [pool-602-thread-1] INFO  server.RaftServerConfigKeys (ConfUtils.java:logGet(43)) - raft.server.retrycache.expirytime = 600000ms (custom)
2019-09-04 10:16:32,744 [pool-602-thread-1] INFO  impl.RaftServerImpl (RaftServerImpl.java:start(180)) - d31f0293-0228-4a75-90b9-c3e018e44e78: start group-CC3F7AAF700F
2019-09-04 10:16:32,744 [pool-602-thread-1] INFO  impl.RaftServerImpl (RaftServerImpl.java:setRole(171)) - d31f0293-0228-4a75-90b9-c3e018e44e78:group-CC3F7AAF700F changes role from null to FOLLOWER at term 0 for startAsFollower
2019-09-04 10:16:32,744 [pool-602-thread-1] INFO  impl.RoleInfo (RoleInfo.java:updateAndGet(143)) - d31f0293-0228-4a75-90b9-c3e018e44e78: start FollowerState
2019-09-04 10:16:32,745 [pool-602-thread-1] INFO  util.JmxRegister (JmxRegister.java:tryRegister(44)) - Successfully registered JMX Bean with object name Ratis:service=RaftServer,group=group-CC3F7AAF700F,id=d31f0293-0228-4a75-90b9-c3e018e44e78
2019-09-04 10:16:32,749 [RatisPipelineUtilsThread] INFO  pipeline.PipelineStateManager (PipelineStateManager.java:addPipeline(56)) - Created pipeline Pipeline[ Id: 708d5414-6fa0-4696-991a-cc3f7aaf700f, Nodes: d31f0293-0228-4a75-90b9-c3e018e44e78{ip: 192.168.36.67, host: pr-hdds-1569-fjd24-125839774, networkLocation: /default-rack, certSerialId: null}, Type:RATIS, Factor:ONE, State:OPEN]
2019-09-04 10:16:32,945 | INFO  | SCMAudit | user=jenkins1000 | ip=192.168.36.67 | op=SEND_HEARTBEAT {datanodeUUID=b80378ed-5f1b-4740-b601-1e0bc7c6be7e, command=[]} | ret=SUCCESS |  
2019-09-04 10:16:33,156 | INFO  | SCMAudit | user=jenkins1000 | ip=192.168.36.67 | op=SEND_HEARTBEAT {datanodeUUID=9e2f2840-376d-44a7-a0d8-66a1275e3925, command=[]} | ret=SUCCESS |  
2019-09-04 10:16:33,403 | INFO  | SCMAudit | user=jenkins1000 | ip=192.168.36.67 | op=SEND_HEARTBEAT {datanodeUUID=83bf1d66-3343-4f2f-b64f-e9bea6992cf9, command=[]} | ret=SUCCESS |  
2019-09-04 10:16:33,685 [main] INFO  ozone.MiniOzoneClusterImpl (MiniOzoneClusterImpl.java:lambda$waitForClusterToBeReady$0(142)) - Cluster is ready. Got 7 of 7 DN Heartbeats.
2019-09-04 10:16:33,715 [main] INFO  rpc.RpcClient (RpcClient.java:createVolume(293)) - Creating Volume: testblockoutputstream, with jenkins1000 as owner.
2019-09-04 10:16:33,769 | INFO  | OMAudit | user=jenkins1000 | ip=127.0.0.1 | op=CREATE_VOLUME {admin=jenkins1000, owner=jenkins1000, volume=testblockoutputstream, creationTime=1567592193716, quotaInBytes=1152921504606846976} | ret=SUCCESS |  
2019-09-04 10:16:33,782 | INFO  | OMAudit | user=jenkins1000 | ip=127.0.0.1 | op=READ_VOLUME {volume=testblockoutputstream} | ret=SUCCESS |  
2019-09-04 10:16:33,783 [main] INFO  rpc.RpcClient (RpcClient.java:createBucket(432)) - Creating Bucket: testblockoutputstream/testblockoutputstream, with Versioning false and Storage Type set to DISK and Encryption set to false 
2019-09-04 10:16:33,787 | INFO  | OMAudit | user=jenkins1000 | ip=127.0.0.1 | op=CREATE_BUCKET {volume=testblockoutputstream, bucket=testblockoutputstream, acls=[user:jenkins1000:a[ACCESS], group:default:a[ACCESS]], isVersionEnabled=false, storageType=DISK, creationTime=0} | ret=SUCCESS |  
2019-09-04 10:16:33,789 | INFO  | OMAudit | user=jenkins1000 | ip=127.0.0.1 | op=READ_VOLUME {volume=testblockoutputstream} | ret=SUCCESS |  
2019-09-04 10:16:33,791 | INFO  | OMAudit | user=jenkins1000 | ip=127.0.0.1 | op=READ_BUCKET {volume=testblockoutputstream, bucket=testblockoutputstream} | ret=SUCCESS |  
2019-09-04 10:16:33,798 | INFO  | SCMAudit | user=jenkins1000 | ip=192.168.36.67 | op=ALLOCATE_BLOCK {owner=89d996e9-3cfb-47d2-8ec5-74b5a9bad686, size=800, type=RATIS, factor=THREE} | ret=SUCCESS |  
2019-09-04 10:16:33,803 | INFO  | OMAudit | user=jenkins1000 | ip=127.0.0.1 | op=ALLOCATE_KEY {volume=testblockoutputstream, bucket=testblockoutputstream, key=f96ccff6-2d3b-4b96-a489-7d8b1d81e407, dataSize=0, replicationType=RATIS, replicationFactor=THREE, keyLocationInfo=null} | ret=SUCCESS |  
2019-09-04 10:16:33,822 [grpc-default-executor-1] INFO  client.GrpcClientProtocolClient (GrpcClientProtocolClient.java:onNext(255)) - client-128321F83C37->cc26b0b0-42a6-4c40-b1c0-3a6e3a9aaf66: receive RaftClientReply:client-128321F83C37->cc26b0b0-42a6-4c40-b1c0-3a6e3a9aaf66@group-8CC16F498C60, cid=222, FAILED org.apache.ratis.protocol.NotLeaderException: Server cc26b0b0-42a6-4c40-b1c0-3a6e3a9aaf66 is not the leader (null). Request must be sent to leader., logIndex=0, commits[cc26b0b0-42a6-4c40-b1c0-3a6e3a9aaf66:c-1]
2019-09-04 10:16:33,945 | INFO  | SCMAudit | user=jenkins1000 | ip=192.168.36.67 | op=SEND_HEARTBEAT {datanodeUUID=b80378ed-5f1b-4740-b601-1e0bc7c6be7e, command=[]} | ret=SUCCESS |  
2019-09-04 10:16:33,954 [Thread-4089] INFO  container.ReplicationManager (ReplicationManager.java:start(152)) - Starting Replication Monitor Thread.
2019-09-04 10:16:33,958 [ReplicationMonitor] INFO  container.ReplicationManager (ReplicationManager.java:run(215)) - Replication Monitor Thread took 0 milliseconds for processing 1 containers.
2019-09-04 10:16:33,958 | INFO  | SCMAudit | user=jenkins1000 | ip=192.168.36.67 | op=SEND_HEARTBEAT {datanodeUUID=31b4e676-369f-4979-b1c2-672ed0f2e414, command=[]} | ret=SUCCESS |  
2019-09-04 10:16:34,156 | INFO  | SCMAudit | user=jenkins1000 | ip=192.168.36.67 | op=SEND_HEARTBEAT {datanodeUUID=9e2f2840-376d-44a7-a0d8-66a1275e3925, command=[]} | ret=SUCCESS |  
2019-09-04 10:16:34,194 | INFO  | SCMAudit | user=jenkins1000 | ip=192.168.36.67 | op=SEND_HEARTBEAT {datanodeUUID=b98e2d19-33f1-4f79-80c8-78219e23739a, command=[]} | ret=SUCCESS |  
2019-09-04 10:16:34,403 | INFO  | SCMAudit | user=jenkins1000 | ip=192.168.36.67 | op=SEND_HEARTBEAT {datanodeUUID=83bf1d66-3343-4f2f-b64f-e9bea6992cf9, command=[]} | ret=SUCCESS |  
2019-09-04 10:16:34,448 | INFO  | SCMAudit | user=jenkins1000 | ip=192.168.36.67 | op=SEND_HEARTBEAT {datanodeUUID=cc26b0b0-42a6-4c40-b1c0-3a6e3a9aaf66, command=[]} | ret=SUCCESS |  
2019-09-04 10:16:34,687 | INFO  | SCMAudit | user=jenkins1000 | ip=192.168.36.67 | op=SEND_HEARTBEAT {datanodeUUID=d31f0293-0228-4a75-90b9-c3e018e44e78, command=[]} | ret=SUCCESS |  
2019-09-04 10:16:34,834 [grpc-default-executor-0] INFO  client.GrpcClientProtocolClient (GrpcClientProtocolClient.java:onNext(255)) - client-128321F83C37->31b4e676-369f-4979-b1c2-672ed0f2e414: receive RaftClientReply:client-128321F83C37->31b4e676-369f-4979-b1c2-672ed0f2e414@group-8CC16F498C60, cid=222, FAILED org.apache.ratis.protocol.NotLeaderException: Server 31b4e676-369f-4979-b1c2-672ed0f2e414 is not the leader (null). Request must be sent to leader., logIndex=0, commits[31b4e676-369f-4979-b1c2-672ed0f2e414:c-1]
2019-09-04 10:16:34,945 | INFO  | SCMAudit | user=jenkins1000 | ip=192.168.36.67 | op=SEND_HEARTBEAT {datanodeUUID=b80378ed-5f1b-4740-b601-1e0bc7c6be7e, command=[]} | ret=SUCCESS |  
2019-09-04 10:16:34,958 | INFO  | SCMAudit | user=jenkins1000 | ip=192.168.36.67 | op=SEND_HEARTBEAT {datanodeUUID=31b4e676-369f-4979-b1c2-672ed0f2e414, command=[]} | ret=SUCCESS |  
2019-09-04 10:16:35,156 | INFO  | SCMAudit | user=jenkins1000 | ip=192.168.36.67 | op=SEND_HEARTBEAT {datanodeUUID=9e2f2840-376d-44a7-a0d8-66a1275e3925, command=[]} | ret=SUCCESS |  
2019-09-04 10:16:35,194 | INFO  | SCMAudit | user=jenkins1000 | ip=192.168.36.67 | op=SEND_HEARTBEAT {datanodeUUID=b98e2d19-33f1-4f79-80c8-78219e23739a, command=[]} | ret=SUCCESS |  
2019-09-04 10:16:35,403 | INFO  | SCMAudit | user=jenkins1000 | ip=192.168.36.67 | op=SEND_HEARTBEAT {datanodeUUID=83bf1d66-3343-4f2f-b64f-e9bea6992cf9, command=[]} | ret=SUCCESS |  
2019-09-04 10:16:35,448 | INFO  | SCMAudit | user=jenkins1000 | ip=192.168.36.67 | op=SEND_HEARTBEAT {datanodeUUID=cc26b0b0-42a6-4c40-b1c0-3a6e3a9aaf66, command=[]} | ret=SUCCESS |  
2019-09-04 10:16:35,687 | INFO  | SCMAudit | user=jenkins1000 | ip=192.168.36.67 | op=SEND_HEARTBEAT {datanodeUUID=d31f0293-0228-4a75-90b9-c3e018e44e78, command=[]} | ret=SUCCESS |  
2019-09-04 10:16:35,848 [grpc-default-executor-11] INFO  client.GrpcClientProtocolClient (GrpcClientProtocolClient.java:onNext(255)) - client-128321F83C37->b98e2d19-33f1-4f79-80c8-78219e23739a: receive RaftClientReply:client-128321F83C37->b98e2d19-33f1-4f79-80c8-78219e23739a@group-8CC16F498C60, cid=222, FAILED org.apache.ratis.protocol.NotLeaderException: Server b98e2d19-33f1-4f79-80c8-78219e23739a is not the leader (null). Request must be sent to leader., logIndex=0, commits[b98e2d19-33f1-4f79-80c8-78219e23739a:c-1]
2019-09-04 10:16:35,945 | INFO  | SCMAudit | user=jenkins1000 | ip=192.168.36.67 | op=SEND_HEARTBEAT {datanodeUUID=b80378ed-5f1b-4740-b601-1e0bc7c6be7e, command=[]} | ret=SUCCESS |  
2019-09-04 10:16:35,958 | INFO  | SCMAudit | user=jenkins1000 | ip=192.168.36.67 | op=SEND_HEARTBEAT {datanodeUUID=31b4e676-369f-4979-b1c2-672ed0f2e414, command=[]} | ret=SUCCESS |  
2019-09-04 10:16:36,045 [Thread-4091] INFO  impl.FollowerState (FollowerState.java:run(106)) - b80378ed-5f1b-4740-b601-1e0bc7c6be7e:group-96A53878F3C5 changes to CANDIDATE, lastRpcTime:5052, electionTimeout:5052ms
2019-09-04 10:16:36,045 [Thread-4091] INFO  impl.RoleInfo (RoleInfo.java:shutdownFollowerState(121)) - b80378ed-5f1b-4740-b601-1e0bc7c6be7e: shutdown FollowerState
2019-09-04 10:16:36,045 [Thread-4091] INFO  impl.RaftServerImpl (RaftServerImpl.java:setRole(171)) - b80378ed-5f1b-4740-b601-1e0bc7c6be7e:group-96A53878F3C5 changes role from FOLLOWER to CANDIDATE at term 0 for changeToCandidate
2019-09-04 10:16:36,045 [Thread-4091] INFO  impl.RoleInfo (RoleInfo.java:updateAndGet(143)) - b80378ed-5f1b-4740-b601-1e0bc7c6be7e: start LeaderElection
2019-09-04 10:16:36,065 [b80378ed-5f1b-4740-b601-1e0bc7c6be7e:group-96A53878F3C5:LeaderElection75] INFO  impl.LeaderElection (LeaderElection.java:askForVotes(181)) - b80378ed-5f1b-4740-b601-1e0bc7c6be7e:group-96A53878F3C5:LeaderElection75: begin an election at term 1 for -1: [b80378ed-5f1b-4740-b601-1e0bc7c6be7e:192.168.36.67:37934], old=null
2019-09-04 10:16:36,065 [b80378ed-5f1b-4740-b601-1e0bc7c6be7e:group-96A53878F3C5:LeaderElection75] INFO  impl.RoleInfo (RoleInfo.java:shutdownLeaderElection(134)) - b80378ed-5f1b-4740-b601-1e0bc7c6be7e: shutdown LeaderElection
2019-09-04 10:16:36,065 [b80378ed-5f1b-4740-b601-1e0bc7c6be7e:group-96A53878F3C5:LeaderElection75] INFO  impl.RaftServerImpl (RaftServerImpl.java:setRole(171)) - b80378ed-5f1b-4740-b601-1e0bc7c6be7e:group-96A53878F3C5 changes role from CANDIDATE to LEADER at term 1 for changeToLeader
2019-09-04 10:16:36,065 [b80378ed-5f1b-4740-b601-1e0bc7c6be7e:group-96A53878F3C5:LeaderElection75] INFO  impl.RaftServerImpl (ServerState.java:setLeader(263)) - b80378ed-5f1b-4740-b601-1e0bc7c6be7e:group-96A53878F3C5 change Leader from null to b80378ed-5f1b-4740-b601-1e0bc7c6be7e at term 1 for becomeLeader, leader elected after 5077ms
2019-09-04 10:16:36,065 [b80378ed-5f1b-4740-b601-1e0bc7c6be7e:group-96A53878F3C5:LeaderElection75] INFO  server.RaftServerConfigKeys (ConfUtils.java:logGet(43)) - raft.server.staging.catchup.gap = 1000 (default)
2019-09-04 10:16:36,065 [b80378ed-5f1b-4740-b601-1e0bc7c6be7e:group-96A53878F3C5:LeaderElection75] INFO  server.RaftServerConfigKeys (ConfUtils.java:logGet(43)) - raft.server.rpc.sleep.time = 25ms (default)
2019-09-04 10:16:36,066 [b80378ed-5f1b-4740-b601-1e0bc7c6be7e:group-96A53878F3C5:LeaderElection75] INFO  server.RaftServerConfigKeys (ConfUtils.java:logGet(43)) - raft.server.write.element-limit = 4096 (default)
2019-09-04 10:16:36,066 [b80378ed-5f1b-4740-b601-1e0bc7c6be7e:group-96A53878F3C5:LeaderElection75] INFO  server.RaftServerConfigKeys (ConfUtils.java:logGet(43)) - raft.server.watch.timeout = 10s (default)
2019-09-04 10:16:36,066 [b80378ed-5f1b-4740-b601-1e0bc7c6be7e:group-96A53878F3C5:LeaderElection75] INFO  server.RaftServerConfigKeys (ConfUtils.java:logGet(43)) - raft.server.watch.timeout.denomination = 1s (default)
2019-09-04 10:16:36,066 [b80378ed-5f1b-4740-b601-1e0bc7c6be7e:group-96A53878F3C5:LeaderElection75] INFO  server.RaftServerConfigKeys (ConfUtils.java:logGet(43)) - raft.server.watch.element-limit = 65536 (default)
2019-09-04 10:16:36,066 [b80378ed-5f1b-4740-b601-1e0bc7c6be7e:group-96A53878F3C5:LeaderElection75] INFO  impl.RoleInfo (RoleInfo.java:updateAndGet(143)) - b80378ed-5f1b-4740-b601-1e0bc7c6be7e: start LeaderState
2019-09-04 10:16:36,066 [b80378ed-5f1b-4740-b601-1e0bc7c6be7e:group-96A53878F3C5:LeaderElection75] INFO  segmented.SegmentedRaftLogWorker (SegmentedRaftLogWorker.java:startLogSegment(380)) - b80378ed-5f1b-4740-b601-1e0bc7c6be7e-SegmentedRaftLogWorker:Storage Directory /workdir/hadoop-ozone/integration-test/target/test-dir/MiniOzoneClusterImpl-92bdd970-4d32-4065-b0f9-0a546f741942/datanode-0/data/ratis/c1a289d0-1fea-4328-9015-96a53878f3c5: Starting segment from index:0
2019-09-04 10:16:36,067 [b80378ed-5f1b-4740-b601-1e0bc7c6be7e:group-96A53878F3C5:LeaderElection75] INFO  impl.RaftServerImpl (ServerState.java:setRaftConf(361)) - b80378ed-5f1b-4740-b601-1e0bc7c6be7e:group-96A53878F3C5 set configuration 0: [b80378ed-5f1b-4740-b601-1e0bc7c6be7e:192.168.36.67:37934], old=null at 0
2019-09-04 10:16:36,093 [b80378ed-5f1b-4740-b601-1e0bc7c6be7e-SegmentedRaftLogWorker:Storage Directory /workdir/hadoop-ozone/integration-test/target/test-dir/MiniOzoneClusterImpl-92bdd970-4d32-4065-b0f9-0a546f741942/datanode-0/data/ratis/c1a289d0-1fea-4328-9015-96a53878f3c5] INFO  segmented.SegmentedRaftLogWorker (SegmentedRaftLogWorker.java:execute(569)) - b80378ed-5f1b-4740-b601-1e0bc7c6be7e-SegmentedRaftLogWorker:Storage Directory /workdir/hadoop-ozone/integration-test/target/test-dir/MiniOzoneClusterImpl-92bdd970-4d32-4065-b0f9-0a546f741942/datanode-0/data/ratis/c1a289d0-1fea-4328-9015-96a53878f3c5: created new log segment /workdir/hadoop-ozone/integration-test/target/test-dir/MiniOzoneClusterImpl-92bdd970-4d32-4065-b0f9-0a546f741942/datanode-0/data/ratis/c1a289d0-1fea-4328-9015-96a53878f3c5/current/log_inprogress_0
2019-09-04 10:16:36,156 | INFO  | SCMAudit | user=jenkins1000 | ip=192.168.36.67 | op=SEND_HEARTBEAT {datanodeUUID=9e2f2840-376d-44a7-a0d8-66a1275e3925, command=[]} | ret=SUCCESS |  
2019-09-04 10:16:36,193 | INFO  | SCMAudit | user=jenkins1000 | ip=192.168.36.67 | op=SEND_HEARTBEAT {datanodeUUID=b98e2d19-33f1-4f79-80c8-78219e23739a, command=[]} | ret=SUCCESS |  
2019-09-04 10:16:36,341 [Thread-4094] INFO  impl.FollowerState (FollowerState.java:run(106)) - 9e2f2840-376d-44a7-a0d8-66a1275e3925:group-C69159E81A7F changes to CANDIDATE, lastRpcTime:5148, electionTimeout:5148ms
2019-09-04 10:16:36,342 [Thread-4094] INFO  impl.RoleInfo (RoleInfo.java:shutdownFollowerState(121)) - 9e2f2840-376d-44a7-a0d8-66a1275e3925: shutdown FollowerState
2019-09-04 10:16:36,342 [Thread-4094] INFO  impl.RaftServerImpl (RaftServerImpl.java:setRole(171)) - 9e2f2840-376d-44a7-a0d8-66a1275e3925:group-C69159E81A7F changes role from FOLLOWER to CANDIDATE at term 0 for changeToCandidate
2019-09-04 10:16:36,342 [Thread-4094] INFO  impl.RoleInfo (RoleInfo.java:updateAndGet(143)) - 9e2f2840-376d-44a7-a0d8-66a1275e3925: start LeaderElection
2019-09-04 10:16:36,395 [9e2f2840-376d-44a7-a0d8-66a1275e3925:group-C69159E81A7F:LeaderElection76] INFO  impl.LeaderElection (LeaderElection.java:askForVotes(181)) - 9e2f2840-376d-44a7-a0d8-66a1275e3925:group-C69159E81A7F:LeaderElection76: begin an election at term 1 for -1: [9e2f2840-376d-44a7-a0d8-66a1275e3925:192.168.36.67:46730], old=null
2019-09-04 10:16:36,395 [9e2f2840-376d-44a7-a0d8-66a1275e3925:group-C69159E81A7F:LeaderElection76] INFO  impl.RoleInfo (RoleInfo.java:shutdownLeaderElection(134)) - 9e2f2840-376d-44a7-a0d8-66a1275e3925: shutdown LeaderElection
2019-09-04 10:16:36,395 [9e2f2840-376d-44a7-a0d8-66a1275e3925:group-C69159E81A7F:LeaderElection76] INFO  impl.RaftServerImpl (RaftServerImpl.java:setRole(171)) - 9e2f2840-376d-44a7-a0d8-66a1275e3925:group-C69159E81A7F changes role from CANDIDATE to LEADER at term 1 for changeToLeader
2019-09-04 10:16:36,395 [9e2f2840-376d-44a7-a0d8-66a1275e3925:group-C69159E81A7F:LeaderElection76] INFO  impl.RaftServerImpl (ServerState.java:setLeader(263)) - 9e2f2840-376d-44a7-a0d8-66a1275e3925:group-C69159E81A7F change Leader from null to 9e2f2840-376d-44a7-a0d8-66a1275e3925 at term 1 for becomeLeader, leader elected after 5205ms
2019-09-04 10:16:36,396 [9e2f2840-376d-44a7-a0d8-66a1275e3925:group-C69159E81A7F:LeaderElection76] INFO  server.RaftServerConfigKeys (ConfUtils.java:logGet(43)) - raft.server.staging.catchup.gap = 1000 (default)
2019-09-04 10:16:36,396 [9e2f2840-376d-44a7-a0d8-66a1275e3925:group-C69159E81A7F:LeaderElection76] INFO  server.RaftServerConfigKeys (ConfUtils.java:logGet(43)) - raft.server.rpc.sleep.time = 25ms (default)
2019-09-04 10:16:36,396 [9e2f2840-376d-44a7-a0d8-66a1275e3925:group-C69159E81A7F:LeaderElection76] INFO  server.RaftServerConfigKeys (ConfUtils.java:logGet(43)) - raft.server.write.element-limit = 4096 (default)
2019-09-04 10:16:36,396 [9e2f2840-376d-44a7-a0d8-66a1275e3925:group-C69159E81A7F:LeaderElection76] INFO  server.RaftServerConfigKeys (ConfUtils.java:logGet(43)) - raft.server.watch.timeout = 10s (default)
2019-09-04 10:16:36,396 [9e2f2840-376d-44a7-a0d8-66a1275e3925:group-C69159E81A7F:LeaderElection76] INFO  server.RaftServerConfigKeys (ConfUtils.java:logGet(43)) - raft.server.watch.timeout.denomination = 1s (default)
2019-09-04 10:16:36,396 [9e2f2840-376d-44a7-a0d8-66a1275e3925:group-C69159E81A7F:LeaderElection76] INFO  server.RaftServerConfigKeys (ConfUtils.java:logGet(43)) - raft.server.watch.element-limit = 65536 (default)
2019-09-04 10:16:36,397 [9e2f2840-376d-44a7-a0d8-66a1275e3925:group-C69159E81A7F:LeaderElection76] INFO  impl.RoleInfo (RoleInfo.java:updateAndGet(143)) - 9e2f2840-376d-44a7-a0d8-66a1275e3925: start LeaderState
2019-09-04 10:16:36,397 [9e2f2840-376d-44a7-a0d8-66a1275e3925:group-C69159E81A7F:LeaderElection76] INFO  segmented.SegmentedRaftLogWorker (SegmentedRaftLogWorker.java:startLogSegment(380)) - 9e2f2840-376d-44a7-a0d8-66a1275e3925-SegmentedRaftLogWorker:Storage Directory /workdir/hadoop-ozone/integration-test/target/test-dir/MiniOzoneClusterImpl-92bdd970-4d32-4065-b0f9-0a546f741942/datanode-1/data/ratis/c3fddb4a-b5dc-478a-af17-c69159e81a7f: Starting segment from index:0
2019-09-04 10:16:36,397 [9e2f2840-376d-44a7-a0d8-66a1275e3925:group-C69159E81A7F:LeaderElection76] INFO  impl.RaftServerImpl (ServerState.java:setRaftConf(361)) - 9e2f2840-376d-44a7-a0d8-66a1275e3925:group-C69159E81A7F set configuration 0: [9e2f2840-376d-44a7-a0d8-66a1275e3925:192.168.36.67:46730], old=null at 0
2019-09-04 10:16:36,437 | INFO  | SCMAudit | user=jenkins1000 | ip=192.168.36.67 | op=SEND_HEARTBEAT {datanodeUUID=83bf1d66-3343-4f2f-b64f-e9bea6992cf9, command=[]} | ret=SUCCESS |  
2019-09-04 10:16:36,447 | INFO  | SCMAudit | user=jenkins1000 | ip=192.168.36.67 | op=SEND_HEARTBEAT {datanodeUUID=cc26b0b0-42a6-4c40-b1c0-3a6e3a9aaf66, command=[]} | ret=SUCCESS |  
2019-09-04 10:16:36,448 [9e2f2840-376d-44a7-a0d8-66a1275e3925-SegmentedRaftLogWorker:Storage Directory /workdir/hadoop-ozone/integration-test/target/test-dir/MiniOzoneClusterImpl-92bdd970-4d32-4065-b0f9-0a546f741942/datanode-1/data/ratis/c3fddb4a-b5dc-478a-af17-c69159e81a7f] INFO  segmented.SegmentedRaftLogWorker (SegmentedRaftLogWorker.java:execute(569)) - 9e2f2840-376d-44a7-a0d8-66a1275e3925-SegmentedRaftLogWorker:Storage Directory /workdir/hadoop-ozone/integration-test/target/test-dir/MiniOzoneClusterImpl-92bdd970-4d32-4065-b0f9-0a546f741942/datanode-1/data/ratis/c3fddb4a-b5dc-478a-af17-c69159e81a7f: created new log segment /workdir/hadoop-ozone/integration-test/target/test-dir/MiniOzoneClusterImpl-92bdd970-4d32-4065-b0f9-0a546f741942/datanode-1/data/ratis/c3fddb4a-b5dc-478a-af17-c69159e81a7f/current/log_inprogress_0
2019-09-04 10:16:36,574 [Thread-4104] INFO  impl.FollowerState (FollowerState.java:run(106)) - 83bf1d66-3343-4f2f-b64f-e9bea6992cf9:group-110FF0B2046C changes to CANDIDATE, lastRpcTime:5047, electionTimeout:5047ms
2019-09-04 10:16:36,574 [Thread-4104] INFO  impl.RoleInfo (RoleInfo.java:shutdownFollowerState(121)) - 83bf1d66-3343-4f2f-b64f-e9bea6992cf9: shutdown FollowerState
2019-09-04 10:16:36,574 [Thread-4104] INFO  impl.RaftServerImpl (RaftServerImpl.java:setRole(171)) - 83bf1d66-3343-4f2f-b64f-e9bea6992cf9:group-110FF0B2046C changes role from FOLLOWER to CANDIDATE at term 0 for changeToCandidate
2019-09-04 10:16:36,575 [Thread-4104] INFO  impl.RoleInfo (RoleInfo.java:updateAndGet(143)) - 83bf1d66-3343-4f2f-b64f-e9bea6992cf9: start LeaderElection
2019-09-04 10:16:36,588 [Thread-4105] INFO  impl.FollowerState (FollowerState.java:run(106)) - b80378ed-5f1b-4740-b601-1e0bc7c6be7e:group-110FF0B2046C changes to CANDIDATE, lastRpcTime:5060, electionTimeout:5059ms
2019-09-04 10:16:36,590 [Thread-4105] INFO  impl.RoleInfo (RoleInfo.java:shutdownFollowerState(121)) - b80378ed-5f1b-4740-b601-1e0bc7c6be7e: shutdown FollowerState
2019-09-04 10:16:36,590 [Thread-4105] INFO  impl.RaftServerImpl (RaftServerImpl.java:setRole(171)) - b80378ed-5f1b-4740-b601-1e0bc7c6be7e:group-110FF0B2046C changes role from FOLLOWER to CANDIDATE at term 0 for changeToCandidate
2019-09-04 10:16:36,590 [Thread-4105] INFO  impl.RoleInfo (RoleInfo.java:updateAndGet(143)) - b80378ed-5f1b-4740-b601-1e0bc7c6be7e: start LeaderElection
2019-09-04 10:16:36,608 [Thread-4097] INFO  impl.FollowerState (FollowerState.java:run(106)) - 83bf1d66-3343-4f2f-b64f-e9bea6992cf9:group-BCFFE34783A0 changes to CANDIDATE, lastRpcTime:5162, electionTimeout:5162ms
2019-09-04 10:16:36,608 [Thread-4097] INFO  impl.RoleInfo (RoleInfo.java:shutdownFollowerState(121)) - 83bf1d66-3343-4f2f-b64f-e9bea6992cf9: shutdown FollowerState
2019-09-04 10:16:36,608 [Thread-4097] INFO  impl.RaftServerImpl (RaftServerImpl.java:setRole(171)) - 83bf1d66-3343-4f2f-b64f-e9bea6992cf9:group-BCFFE34783A0 changes role from FOLLOWER to CANDIDATE at term 0 for changeToCandidate
2019-09-04 10:16:36,608 [Thread-4097] INFO  impl.RoleInfo (RoleInfo.java:updateAndGet(143)) - 83bf1d66-3343-4f2f-b64f-e9bea6992cf9: start LeaderElection
2019-09-04 10:16:36,613 [b80378ed-5f1b-4740-b601-1e0bc7c6be7e:group-110FF0B2046C:LeaderElection78] INFO  impl.LeaderElection (LeaderElection.java:askForVotes(181)) - b80378ed-5f1b-4740-b601-1e0bc7c6be7e:group-110FF0B2046C:LeaderElection78: begin an election at term 1 for -1: [9e2f2840-376d-44a7-a0d8-66a1275e3925:192.168.36.67:46730, b80378ed-5f1b-4740-b601-1e0bc7c6be7e:192.168.36.67:37934, 83bf1d66-3343-4f2f-b64f-e9bea6992cf9:192.168.36.67:35386], old=null
2019-09-04 10:16:36,613 [83bf1d66-3343-4f2f-b64f-e9bea6992cf9:group-110FF0B2046C:LeaderElection77] INFO  impl.LeaderElection (LeaderElection.java:askForVotes(181)) - 83bf1d66-3343-4f2f-b64f-e9bea6992cf9:group-110FF0B2046C:LeaderElection77: begin an election at term 1 for -1: [9e2f2840-376d-44a7-a0d8-66a1275e3925:192.168.36.67:46730, b80378ed-5f1b-4740-b601-1e0bc7c6be7e:192.168.36.67:37934, 83bf1d66-3343-4f2f-b64f-e9bea6992cf9:192.168.36.67:35386], old=null
2019-09-04 10:16:36,619 [83bf1d66-3343-4f2f-b64f-e9bea6992cf9:group-BCFFE34783A0:LeaderElection79] INFO  impl.LeaderElection (LeaderElection.java:askForVotes(181)) - 83bf1d66-3343-4f2f-b64f-e9bea6992cf9:group-BCFFE34783A0:LeaderElection79: begin an election at term 1 for -1: [83bf1d66-3343-4f2f-b64f-e9bea6992cf9:192.168.36.67:35386], old=null
2019-09-04 10:16:36,619 [83bf1d66-3343-4f2f-b64f-e9bea6992cf9:group-BCFFE34783A0:LeaderElection79] INFO  impl.RoleInfo (RoleInfo.java:shutdownLeaderElection(134)) - 83bf1d66-3343-4f2f-b64f-e9bea6992cf9: shutdown LeaderElection
2019-09-04 10:16:36,621 [grpc-default-executor-10] INFO  impl.RaftServerImpl (RaftServerImpl.java:setRole(171)) - 9e2f2840-376d-44a7-a0d8-66a1275e3925:group-110FF0B2046C changes role from FOLLOWER to FOLLOWER at term 1 for recognizeCandidate:83bf1d66-3343-4f2f-b64f-e9bea6992cf9
2019-09-04 10:16:36,621 [83bf1d66-3343-4f2f-b64f-e9bea6992cf9:group-BCFFE34783A0:LeaderElection79] INFO  impl.RaftServerImpl (RaftServerImpl.java:setRole(171)) - 83bf1d66-3343-4f2f-b64f-e9bea6992cf9:group-BCFFE34783A0 changes role from CANDIDATE to LEADER at term 1 for changeToLeader
2019-09-04 10:16:36,623 [grpc-default-executor-10] INFO  impl.RoleInfo (RoleInfo.java:shutdownFollowerState(121)) - 9e2f2840-376d-44a7-a0d8-66a1275e3925: shutdown FollowerState
2019-09-04 10:16:36,623 [83bf1d66-3343-4f2f-b64f-e9bea6992cf9:group-BCFFE34783A0:LeaderElection79] INFO  impl.RaftServerImpl (ServerState.java:setLeader(263)) - 83bf1d66-3343-4f2f-b64f-e9bea6992cf9:group-BCFFE34783A0 change Leader from null to 83bf1d66-3343-4f2f-b64f-e9bea6992cf9 at term 1 for becomeLeader, leader elected after 5181ms
2019-09-04 10:16:36,623 [grpc-default-executor-10] INFO  impl.RoleInfo (RoleInfo.java:updateAndGet(143)) - 9e2f2840-376d-44a7-a0d8-66a1275e3925: start FollowerState
2019-09-04 10:16:36,624 [83bf1d66-3343-4f2f-b64f-e9bea6992cf9:group-BCFFE34783A0:LeaderElection79] INFO  server.RaftServerConfigKeys (ConfUtils.java:logGet(43)) - raft.server.staging.catchup.gap = 1000 (default)
2019-09-04 10:16:36,624 [Thread-4100] INFO  impl.FollowerState (FollowerState.java:run(114)) - 9e2f2840-376d-44a7-a0d8-66a1275e3925: FollowerState was interrupted: java.lang.InterruptedException: sleep interrupted
2019-09-04 10:16:36,624 [83bf1d66-3343-4f2f-b64f-e9bea6992cf9:group-BCFFE34783A0:LeaderElection79] INFO  server.RaftServerConfigKeys (ConfUtils.java:logGet(43)) - raft.server.rpc.sleep.time = 25ms (default)
2019-09-04 10:16:36,626 [83bf1d66-3343-4f2f-b64f-e9bea6992cf9:group-BCFFE34783A0:LeaderElection79] INFO  server.RaftServerConfigKeys (ConfUtils.java:logGet(43)) - raft.server.write.element-limit = 4096 (default)
2019-09-04 10:16:36,626 [83bf1d66-3343-4f2f-b64f-e9bea6992cf9:group-BCFFE34783A0:LeaderElection79] INFO  server.RaftServerConfigKeys (ConfUtils.java:logGet(43)) - raft.server.watch.timeout = 10s (default)
2019-09-04 10:16:36,627 [83bf1d66-3343-4f2f-b64f-e9bea6992cf9:group-BCFFE34783A0:LeaderElection79] INFO  server.RaftServerConfigKeys (ConfUtils.java:logGet(43)) - raft.server.watch.timeout.denomination = 1s (default)
2019-09-04 10:16:36,627 [83bf1d66-3343-4f2f-b64f-e9bea6992cf9:group-BCFFE34783A0:LeaderElection79] INFO  server.RaftServerConfigKeys (ConfUtils.java:logGet(43)) - raft.server.watch.element-limit = 65536 (default)
2019-09-04 10:16:36,627 [83bf1d66-3343-4f2f-b64f-e9bea6992cf9:group-BCFFE34783A0:LeaderElection79] INFO  impl.RoleInfo (RoleInfo.java:updateAndGet(143)) - 83bf1d66-3343-4f2f-b64f-e9bea6992cf9: start LeaderState
2019-09-04 10:16:36,627 [83bf1d66-3343-4f2f-b64f-e9bea6992cf9:group-BCFFE34783A0:LeaderElection79] INFO  segmented.SegmentedRaftLogWorker (SegmentedRaftLogWorker.java:startLogSegment(380)) - 83bf1d66-3343-4f2f-b64f-e9bea6992cf9-SegmentedRaftLogWorker:Storage Directory /workdir/hadoop-ozone/integration-test/target/test-dir/MiniOzoneClusterImpl-92bdd970-4d32-4065-b0f9-0a546f741942/datanode-2/data/ratis/0ddafff9-6ccf-4259-8df8-bcffe34783a0: Starting segment from index:0
2019-09-04 10:16:36,627 [83bf1d66-3343-4f2f-b64f-e9bea6992cf9:group-BCFFE34783A0:LeaderElection79] INFO  impl.RaftServerImpl (ServerState.java:setRaftConf(361)) - 83bf1d66-3343-4f2f-b64f-e9bea6992cf9:group-BCFFE34783A0 set configuration 0: [83bf1d66-3343-4f2f-b64f-e9bea6992cf9:192.168.36.67:35386], old=null at 0
2019-09-04 10:16:36,666 [83bf1d66-3343-4f2f-b64f-e9bea6992cf9-SegmentedRaftLogWorker:Storage Directory /workdir/hadoop-ozone/integration-test/target/test-dir/MiniOzoneClusterImpl-92bdd970-4d32-4065-b0f9-0a546f741942/datanode-2/data/ratis/0ddafff9-6ccf-4259-8df8-bcffe34783a0] INFO  segmented.SegmentedRaftLogWorker (SegmentedRaftLogWorker.java:execute(569)) - 83bf1d66-3343-4f2f-b64f-e9bea6992cf9-SegmentedRaftLogWorker:Storage Directory /workdir/hadoop-ozone/integration-test/target/test-dir/MiniOzoneClusterImpl-92bdd970-4d32-4065-b0f9-0a546f741942/datanode-2/data/ratis/0ddafff9-6ccf-4259-8df8-bcffe34783a0: created new log segment /workdir/hadoop-ozone/integration-test/target/test-dir/MiniOzoneClusterImpl-92bdd970-4d32-4065-b0f9-0a546f741942/datanode-2/data/ratis/0ddafff9-6ccf-4259-8df8-bcffe34783a0/current/log_inprogress_0
2019-09-04 10:16:36,667 [b80378ed-5f1b-4740-b601-1e0bc7c6be7e:group-110FF0B2046C:LeaderElection78] INFO  impl.LeaderElection (LeaderElection.java:logAndReturn(56)) - b80378ed-5f1b-4740-b601-1e0bc7c6be7e:group-110FF0B2046C:LeaderElection78: Election REJECTED; received 2 response(s) [b80378ed-5f1b-4740-b601-1e0bc7c6be7e<-9e2f2840-376d-44a7-a0d8-66a1275e3925#0:FAIL-t1, b80378ed-5f1b-4740-b601-1e0bc7c6be7e<-83bf1d66-3343-4f2f-b64f-e9bea6992cf9#0:FAIL-t1] and 0 exception(s); b80378ed-5f1b-4740-b601-1e0bc7c6be7e:t1, leader=null, voted=b80378ed-5f1b-4740-b601-1e0bc7c6be7e, raftlog=b80378ed-5f1b-4740-b601-1e0bc7c6be7e-SegmentedRaftLog:OPENED:c-1,f-1,i0, conf=-1: [9e2f2840-376d-44a7-a0d8-66a1275e3925:192.168.36.67:46730, b80378ed-5f1b-4740-b601-1e0bc7c6be7e:192.168.36.67:37934, 83bf1d66-3343-4f2f-b64f-e9bea6992cf9:192.168.36.67:35386], old=null
2019-09-04 10:16:36,667 [b80378ed-5f1b-4740-b601-1e0bc7c6be7e:group-110FF0B2046C:LeaderElection78] INFO  impl.RaftServerImpl (RaftServerImpl.java:setRole(171)) - b80378ed-5f1b-4740-b601-1e0bc7c6be7e:group-110FF0B2046C changes role from CANDIDATE to FOLLOWER at term 1 for DISCOVERED_A_NEW_TERM
2019-09-04 10:16:36,670 [b80378ed-5f1b-4740-b601-1e0bc7c6be7e:group-110FF0B2046C:LeaderElection78] INFO  impl.RoleInfo (RoleInfo.java:shutdownLeaderElection(134)) - b80378ed-5f1b-4740-b601-1e0bc7c6be7e: shutdown LeaderElection
2019-09-04 10:16:36,670 [83bf1d66-3343-4f2f-b64f-e9bea6992cf9:group-110FF0B2046C:LeaderElection77] INFO  impl.LeaderElection (LeaderElection.java:logAndReturn(56)) - 83bf1d66-3343-4f2f-b64f-e9bea6992cf9:group-110FF0B2046C:LeaderElection77: Election PASSED; received 2 response(s) [83bf1d66-3343-4f2f-b64f-e9bea6992cf9<-9e2f2840-376d-44a7-a0d8-66a1275e3925#0:OK-t1, 83bf1d66-3343-4f2f-b64f-e9bea6992cf9<-b80378ed-5f1b-4740-b601-1e0bc7c6be7e#0:FAIL-t1] and 0 exception(s); 83bf1d66-3343-4f2f-b64f-e9bea6992cf9:t1, leader=null, voted=83bf1d66-3343-4f2f-b64f-e9bea6992cf9, raftlog=83bf1d66-3343-4f2f-b64f-e9bea6992cf9-SegmentedRaftLog:OPENED:c-1,f-1,i0, conf=-1: [9e2f2840-376d-44a7-a0d8-66a1275e3925:192.168.36.67:46730, b80378ed-5f1b-4740-b601-1e0bc7c6be7e:192.168.36.67:37934, 83bf1d66-3343-4f2f-b64f-e9bea6992cf9:192.168.36.67:35386], old=null
2019-09-04 10:16:36,670 [b80378ed-5f1b-4740-b601-1e0bc7c6be7e:group-110FF0B2046C:LeaderElection78] INFO  impl.RoleInfo (RoleInfo.java:updateAndGet(143)) - b80378ed-5f1b-4740-b601-1e0bc7c6be7e: start FollowerState
2019-09-04 10:16:36,670 [83bf1d66-3343-4f2f-b64f-e9bea6992cf9:group-110FF0B2046C:LeaderElection77] INFO  impl.RoleInfo (RoleInfo.java:shutdownLeaderElection(134)) - 83bf1d66-3343-4f2f-b64f-e9bea6992cf9: shutdown LeaderElection
2019-09-04 10:16:36,675 [83bf1d66-3343-4f2f-b64f-e9bea6992cf9:group-110FF0B2046C:LeaderElection77] INFO  impl.RaftServerImpl (RaftServerImpl.java:setRole(171)) - 83bf1d66-3343-4f2f-b64f-e9bea6992cf9:group-110FF0B2046C changes role from CANDIDATE to LEADER at term 1 for changeToLeader
2019-09-04 10:16:36,678 [83bf1d66-3343-4f2f-b64f-e9bea6992cf9:group-110FF0B2046C:LeaderElection77] INFO  impl.RaftServerImpl (ServerState.java:setLeader(263)) - 83bf1d66-3343-4f2f-b64f-e9bea6992cf9:group-110FF0B2046C change Leader from null to 83bf1d66-3343-4f2f-b64f-e9bea6992cf9 at term 1 for becomeLeader, leader elected after 5160ms
2019-09-04 10:16:36,678 [83bf1d66-3343-4f2f-b64f-e9bea6992cf9:group-110FF0B2046C:LeaderElection77] INFO  server.RaftServerConfigKeys (ConfUtils.java:logGet(43)) - raft.server.staging.catchup.gap = 1000 (default)
2019-09-04 10:16:36,678 [83bf1d66-3343-4f2f-b64f-e9bea6992cf9:group-110FF0B2046C:LeaderElection77] INFO  server.RaftServerConfigKeys (ConfUtils.java:logGet(43)) - raft.server.rpc.sleep.time = 25ms (default)
2019-09-04 10:16:36,678 [83bf1d66-3343-4f2f-b64f-e9bea6992cf9:group-110FF0B2046C:LeaderElection77] INFO  server.RaftServerConfigKeys (ConfUtils.java:logGet(43)) - raft.server.write.element-limit = 4096 (default)
2019-09-04 10:16:36,678 [83bf1d66-3343-4f2f-b64f-e9bea6992cf9:group-110FF0B2046C:LeaderElection77] INFO  server.RaftServerConfigKeys (ConfUtils.java:logGet(43)) - raft.server.watch.timeout = 10s (default)
2019-09-04 10:16:36,678 [83bf1d66-3343-4f2f-b64f-e9bea6992cf9:group-110FF0B2046C:LeaderElection77] INFO  server.RaftServerConfigKeys (ConfUtils.java:logGet(43)) - raft.server.watch.timeout.denomination = 1s (default)
2019-09-04 10:16:36,678 [83bf1d66-3343-4f2f-b64f-e9bea6992cf9:group-110FF0B2046C:LeaderElection77] INFO  server.RaftServerConfigKeys (ConfUtils.java:logGet(43)) - raft.server.watch.element-limit = 65536 (default)
2019-09-04 10:16:36,679 [83bf1d66-3343-4f2f-b64f-e9bea6992cf9:group-110FF0B2046C:LeaderElection77] INFO  server.RaftServerConfigKeys (ConfUtils.java:logGet(43)) - raft.server.log.appender.snapshot.chunk.size.max = 16MB (=16777216) (default)
2019-09-04 10:16:36,679 [83bf1d66-3343-4f2f-b64f-e9bea6992cf9:group-110FF0B2046C:LeaderElection77] INFO  server.RaftServerConfigKeys (ConfUtils.java:logGet(43)) - raft.server.log.appender.buffer.byte-limit = 33554432 (custom)
2019-09-04 10:16:36,679 [83bf1d66-3343-4f2f-b64f-e9bea6992cf9:group-110FF0B2046C:LeaderElection77] INFO  server.RaftServerConfigKeys (ConfUtils.java:logGet(43)) - raft.server.log.appender.buffer.element-limit = 1 (custom)
2019-09-04 10:16:36,679 [83bf1d66-3343-4f2f-b64f-e9bea6992cf9:group-110FF0B2046C:LeaderElection77] INFO  grpc.GrpcConfigKeys$Server (ConfUtils.java:logGet(43)) - raft.grpc.server.leader.outstanding.appends.max = 128 (default)
2019-09-04 10:16:36,680 [83bf1d66-3343-4f2f-b64f-e9bea6992cf9:group-110FF0B2046C:LeaderElection77] INFO  server.RaftServerConfigKeys (ConfUtils.java:logGet(43)) - raft.server.rpc.request.timeout = 3000ms (default)
2019-09-04 10:16:36,680 [83bf1d66-3343-4f2f-b64f-e9bea6992cf9:group-110FF0B2046C:LeaderElection77] INFO  server.RaftServerConfigKeys (ConfUtils.java:logGet(43)) - raft.server.log.appender.install.snapshot.enabled = false (custom)
2019-09-04 10:16:36,680 [83bf1d66-3343-4f2f-b64f-e9bea6992cf9:group-110FF0B2046C:LeaderElection77] INFO  server.RaftServerConfigKeys (ConfUtils.java:logGet(43)) - raft.server.log.appender.snapshot.chunk.size.max = 16MB (=16777216) (default)
2019-09-04 10:16:36,680 [83bf1d66-3343-4f2f-b64f-e9bea6992cf9:group-110FF0B2046C:LeaderElection77] INFO  server.RaftServerConfigKeys (ConfUtils.java:logGet(43)) - raft.server.log.appender.buffer.byte-limit = 33554432 (custom)
2019-09-04 10:16:36,680 [83bf1d66-3343-4f2f-b64f-e9bea6992cf9:group-110FF0B2046C:LeaderElection77] INFO  server.RaftServerConfigKeys (ConfUtils.java:logGet(43)) - raft.server.log.appender.buffer.element-limit = 1 (custom)
2019-09-04 10:16:36,680 [83bf1d66-3343-4f2f-b64f-e9bea6992cf9:group-110FF0B2046C:LeaderElection77] INFO  grpc.GrpcConfigKeys$Server (ConfUtils.java:logGet(43)) - raft.grpc.server.leader.outstanding.appends.max = 128 (default)
2019-09-04 10:16:36,680 [83bf1d66-3343-4f2f-b64f-e9bea6992cf9:group-110FF0B2046C:LeaderElection77] INFO  server.RaftServerConfigKeys (ConfUtils.java:logGet(43)) - raft.server.rpc.request.timeout = 3000ms (default)
2019-09-04 10:16:36,680 [83bf1d66-3343-4f2f-b64f-e9bea6992cf9:group-110FF0B2046C:LeaderElection77] INFO  server.RaftServerConfigKeys (ConfUtils.java:logGet(43)) - raft.server.log.appender.install.snapshot.enabled = false (custom)
2019-09-04 10:16:36,680 [83bf1d66-3343-4f2f-b64f-e9bea6992cf9:group-110FF0B2046C:LeaderElection77] INFO  impl.RoleInfo (RoleInfo.java:updateAndGet(143)) - 83bf1d66-3343-4f2f-b64f-e9bea6992cf9: start LeaderState
2019-09-04 10:16:36,681 [83bf1d66-3343-4f2f-b64f-e9bea6992cf9:group-110FF0B2046C:LeaderElection77] INFO  segmented.SegmentedRaftLogWorker (SegmentedRaftLogWorker.java:startLogSegment(380)) - 83bf1d66-3343-4f2f-b64f-e9bea6992cf9-SegmentedRaftLogWorker:Storage Directory /workdir/hadoop-ozone/integration-test/target/test-dir/MiniOzoneClusterImpl-92bdd970-4d32-4065-b0f9-0a546f741942/datanode-2/data/ratis/497e4afd-a7af-430b-8da9-110ff0b2046c: Starting segment from index:0
2019-09-04 10:16:36,681 [83bf1d66-3343-4f2f-b64f-e9bea6992cf9:group-110FF0B2046C:LeaderElection77] INFO  impl.RaftServerImpl (ServerState.java:setRaftConf(361)) - 83bf1d66-3343-4f2f-b64f-e9bea6992cf9:group-110FF0B2046C set configuration 0: [9e2f2840-376d-44a7-a0d8-66a1275e3925:192.168.36.67:46730, b80378ed-5f1b-4740-b601-1e0bc7c6be7e:192.168.36.67:37934, 83bf1d66-3343-4f2f-b64f-e9bea6992cf9:192.168.36.67:35386], old=null at 0
2019-09-04 10:16:36,706 | INFO  | SCMAudit | user=jenkins1000 | ip=192.168.36.67 | op=SEND_HEARTBEAT {datanodeUUID=d31f0293-0228-4a75-90b9-c3e018e44e78, command=[]} | ret=SUCCESS |  
2019-09-04 10:16:36,707 [grpc-default-executor-11] INFO  impl.RaftServerImpl (ServerState.java:setLeader(263)) - b80378ed-5f1b-4740-b601-1e0bc7c6be7e:group-110FF0B2046C change Leader from null to 83bf1d66-3343-4f2f-b64f-e9bea6992cf9 at term 1 for appendEntries, leader elected after 5191ms
2019-09-04 10:16:36,707 [grpc-default-executor-10] INFO  impl.RaftServerImpl (ServerState.java:setLeader(263)) - 9e2f2840-376d-44a7-a0d8-66a1275e3925:group-110FF0B2046C change Leader from null to 83bf1d66-3343-4f2f-b64f-e9bea6992cf9 at term 1 for appendEntries, leader elected after 5191ms
2019-09-04 10:16:36,708 [grpc-default-executor-10] INFO  impl.RaftServerImpl (ServerState.java:setRaftConf(361)) - b80378ed-5f1b-4740-b601-1e0bc7c6be7e:group-110FF0B2046C set configuration 0: [9e2f2840-376d-44a7-a0d8-66a1275e3925:192.168.36.67:46730, b80378ed-5f1b-4740-b601-1e0bc7c6be7e:192.168.36.67:37934, 83bf1d66-3343-4f2f-b64f-e9bea6992cf9:192.168.36.67:35386], old=null at 0
2019-09-04 10:16:36,709 [grpc-default-executor-11] INFO  impl.RaftServerImpl (ServerState.java:setRaftConf(361)) - 9e2f2840-376d-44a7-a0d8-66a1275e3925:group-110FF0B2046C set configuration 0: [9e2f2840-376d-44a7-a0d8-66a1275e3925:192.168.36.67:46730, b80378ed-5f1b-4740-b601-1e0bc7c6be7e:192.168.36.67:37934, 83bf1d66-3343-4f2f-b64f-e9bea6992cf9:192.168.36.67:35386], old=null at 0
2019-09-04 10:16:36,709 [grpc-default-executor-10] INFO  segmented.SegmentedRaftLogWorker (SegmentedRaftLogWorker.java:startLogSegment(380)) - b80378ed-5f1b-4740-b601-1e0bc7c6be7e-SegmentedRaftLogWorker:Storage Directory /workdir/hadoop-ozone/integration-test/target/test-dir/MiniOzoneClusterImpl-92bdd970-4d32-4065-b0f9-0a546f741942/datanode-0/data/ratis/497e4afd-a7af-430b-8da9-110ff0b2046c: Starting segment from index:0
2019-09-04 10:16:36,709 [grpc-default-executor-11] INFO  segmented.SegmentedRaftLogWorker (SegmentedRaftLogWorker.java:startLogSegment(380)) - 9e2f2840-376d-44a7-a0d8-66a1275e3925-SegmentedRaftLogWorker:Storage Directory /workdir/hadoop-ozone/integration-test/target/test-dir/MiniOzoneClusterImpl-92bdd970-4d32-4065-b0f9-0a546f741942/datanode-1/data/ratis/497e4afd-a7af-430b-8da9-110ff0b2046c: Starting segment from index:0
2019-09-04 10:16:36,719 [83bf1d66-3343-4f2f-b64f-e9bea6992cf9-SegmentedRaftLogWorker:Storage Directory /workdir/hadoop-ozone/integration-test/target/test-dir/MiniOzoneClusterImpl-92bdd970-4d32-4065-b0f9-0a546f741942/datanode-2/data/ratis/497e4afd-a7af-430b-8da9-110ff0b2046c] INFO  segmented.SegmentedRaftLogWorker (SegmentedRaftLogWorker.java:execute(569)) - 83bf1d66-3343-4f2f-b64f-e9bea6992cf9-SegmentedRaftLogWorker:Storage Directory /workdir/hadoop-ozone/integration-test/target/test-dir/MiniOzoneClusterImpl-92bdd970-4d32-4065-b0f9-0a546f741942/datanode-2/data/ratis/497e4afd-a7af-430b-8da9-110ff0b2046c: created new log segment /workdir/hadoop-ozone/integration-test/target/test-dir/MiniOzoneClusterImpl-92bdd970-4d32-4065-b0f9-0a546f741942/datanode-2/data/ratis/497e4afd-a7af-430b-8da9-110ff0b2046c/current/log_inprogress_0
2019-09-04 10:16:36,753 [b80378ed-5f1b-4740-b601-1e0bc7c6be7e-SegmentedRaftLogWorker:Storage Directory /workdir/hadoop-ozone/integration-test/target/test-dir/MiniOzoneClusterImpl-92bdd970-4d32-4065-b0f9-0a546f741942/datanode-0/data/ratis/497e4afd-a7af-430b-8da9-110ff0b2046c] INFO  segmented.SegmentedRaftLogWorker (SegmentedRaftLogWorker.java:execute(569)) - b80378ed-5f1b-4740-b601-1e0bc7c6be7e-SegmentedRaftLogWorker:Storage Directory /workdir/hadoop-ozone/integration-test/target/test-dir/MiniOzoneClusterImpl-92bdd970-4d32-4065-b0f9-0a546f741942/datanode-0/data/ratis/497e4afd-a7af-430b-8da9-110ff0b2046c: created new log segment /workdir/hadoop-ozone/integration-test/target/test-dir/MiniOzoneClusterImpl-92bdd970-4d32-4065-b0f9-0a546f741942/datanode-0/data/ratis/497e4afd-a7af-430b-8da9-110ff0b2046c/current/log_inprogress_0
2019-09-04 10:16:36,753 [9e2f2840-376d-44a7-a0d8-66a1275e3925-SegmentedRaftLogWorker:Storage Directory /workdir/hadoop-ozone/integration-test/target/test-dir/MiniOzoneClusterImpl-92bdd970-4d32-4065-b0f9-0a546f741942/datanode-1/data/ratis/497e4afd-a7af-430b-8da9-110ff0b2046c] INFO  segmented.SegmentedRaftLogWorker (SegmentedRaftLogWorker.java:execute(569)) - 9e2f2840-376d-44a7-a0d8-66a1275e3925-SegmentedRaftLogWorker:Storage Directory /workdir/hadoop-ozone/integration-test/target/test-dir/MiniOzoneClusterImpl-92bdd970-4d32-4065-b0f9-0a546f741942/datanode-1/data/ratis/497e4afd-a7af-430b-8da9-110ff0b2046c: created new log segment /workdir/hadoop-ozone/integration-test/target/test-dir/MiniOzoneClusterImpl-92bdd970-4d32-4065-b0f9-0a546f741942/datanode-1/data/ratis/497e4afd-a7af-430b-8da9-110ff0b2046c/current/log_inprogress_0
2019-09-04 10:16:36,860 [grpc-default-executor-11] INFO  client.GrpcClientProtocolClient (GrpcClientProtocolClient.java:onNext(255)) - client-128321F83C37->cc26b0b0-42a6-4c40-b1c0-3a6e3a9aaf66: receive RaftClientReply:client-128321F83C37->cc26b0b0-42a6-4c40-b1c0-3a6e3a9aaf66@group-8CC16F498C60, cid=222, FAILED org.apache.ratis.protocol.NotLeaderException: Server cc26b0b0-42a6-4c40-b1c0-3a6e3a9aaf66 is not the leader (null). Request must be sent to leader., logIndex=0, commits[cc26b0b0-42a6-4c40-b1c0-3a6e3a9aaf66:c-1]
2019-09-04 10:16:36,945 | INFO  | SCMAudit | user=jenkins1000 | ip=192.168.36.67 | op=SEND_HEARTBEAT {datanodeUUID=b80378ed-5f1b-4740-b601-1e0bc7c6be7e, command=[]} | ret=SUCCESS |  
2019-09-04 10:16:36,959 | INFO  | SCMAudit | user=jenkins1000 | ip=192.168.36.67 | op=SEND_HEARTBEAT {datanodeUUID=31b4e676-369f-4979-b1c2-672ed0f2e414, command=[]} | ret=SUCCESS |  
2019-09-04 10:16:37,156 | INFO  | SCMAudit | user=jenkins1000 | ip=192.168.36.67 | op=SEND_HEARTBEAT {datanodeUUID=9e2f2840-376d-44a7-a0d8-66a1275e3925, command=[]} | ret=SUCCESS |  
2019-09-04 10:16:37,168 [Thread-4112] INFO  impl.FollowerState (FollowerState.java:run(106)) - 31b4e676-369f-4979-b1c2-672ed0f2e414:group-E09F6030BF37 changes to CANDIDATE, lastRpcTime:5168, electionTimeout:5168ms
2019-09-04 10:16:37,168 [Thread-4112] INFO  impl.RoleInfo (RoleInfo.java:shutdownFollowerState(121)) - 31b4e676-369f-4979-b1c2-672ed0f2e414: shutdown FollowerState
2019-09-04 10:16:37,168 [Thread-4112] INFO  impl.RaftServerImpl (RaftServerImpl.java:setRole(171)) - 31b4e676-369f-4979-b1c2-672ed0f2e414:group-E09F6030BF37 changes role from FOLLOWER to CANDIDATE at term 0 for changeToCandidate
2019-09-04 10:16:37,168 [Thread-4112] INFO  impl.RoleInfo (RoleInfo.java:updateAndGet(143)) - 31b4e676-369f-4979-b1c2-672ed0f2e414: start LeaderElection
2019-09-04 10:16:37,185 [31b4e676-369f-4979-b1c2-672ed0f2e414:group-E09F6030BF37:LeaderElection80] INFO  impl.LeaderElection (LeaderElection.java:askForVotes(181)) - 31b4e676-369f-4979-b1c2-672ed0f2e414:group-E09F6030BF37:LeaderElection80: begin an election at term 1 for -1: [31b4e676-369f-4979-b1c2-672ed0f2e414:192.168.36.67:46802], old=null
2019-09-04 10:16:37,186 [31b4e676-369f-4979-b1c2-672ed0f2e414:group-E09F6030BF37:LeaderElection80] INFO  impl.RoleInfo (RoleInfo.java:shutdownLeaderElection(134)) - 31b4e676-369f-4979-b1c2-672ed0f2e414: shutdown LeaderElection
2019-09-04 10:16:37,186 [31b4e676-369f-4979-b1c2-672ed0f2e414:group-E09F6030BF37:LeaderElection80] INFO  impl.RaftServerImpl (RaftServerImpl.java:setRole(171)) - 31b4e676-369f-4979-b1c2-672ed0f2e414:group-E09F6030BF37 changes role from CANDIDATE to LEADER at term 1 for changeToLeader
2019-09-04 10:16:37,186 [31b4e676-369f-4979-b1c2-672ed0f2e414:group-E09F6030BF37:LeaderElection80] INFO  impl.RaftServerImpl (ServerState.java:setLeader(263)) - 31b4e676-369f-4979-b1c2-672ed0f2e414:group-E09F6030BF37 change Leader from null to 31b4e676-369f-4979-b1c2-672ed0f2e414 at term 1 for becomeLeader, leader elected after 5189ms
2019-09-04 10:16:37,186 [31b4e676-369f-4979-b1c2-672ed0f2e414:group-E09F6030BF37:LeaderElection80] INFO  server.RaftServerConfigKeys (ConfUtils.java:logGet(43)) - raft.server.staging.catchup.gap = 1000 (default)
2019-09-04 10:16:37,186 [31b4e676-369f-4979-b1c2-672ed0f2e414:group-E09F6030BF37:LeaderElection80] INFO  server.RaftServerConfigKeys (ConfUtils.java:logGet(43)) - raft.server.rpc.sleep.time = 25ms (default)
2019-09-04 10:16:37,186 [31b4e676-369f-4979-b1c2-672ed0f2e414:group-E09F6030BF37:LeaderElection80] INFO  server.RaftServerConfigKeys (ConfUtils.java:logGet(43)) - raft.server.write.element-limit = 4096 (default)
2019-09-04 10:16:37,186 [31b4e676-369f-4979-b1c2-672ed0f2e414:group-E09F6030BF37:LeaderElection80] INFO  server.RaftServerConfigKeys (ConfUtils.java:logGet(43)) - raft.server.watch.timeout = 10s (default)
2019-09-04 10:16:37,186 [31b4e676-369f-4979-b1c2-672ed0f2e414:group-E09F6030BF37:LeaderElection80] INFO  server.RaftServerConfigKeys (ConfUtils.java:logGet(43)) - raft.server.watch.timeout.denomination = 1s (default)
2019-09-04 10:16:37,186 [31b4e676-369f-4979-b1c2-672ed0f2e414:group-E09F6030BF37:LeaderElection80] INFO  server.RaftServerConfigKeys (ConfUtils.java:logGet(43)) - raft.server.watch.element-limit = 65536 (default)
2019-09-04 10:16:37,186 [31b4e676-369f-4979-b1c2-672ed0f2e414:group-E09F6030BF37:LeaderElection80] INFO  impl.RoleInfo (RoleInfo.java:updateAndGet(143)) - 31b4e676-369f-4979-b1c2-672ed0f2e414: start LeaderState
2019-09-04 10:16:37,187 [31b4e676-369f-4979-b1c2-672ed0f2e414:group-E09F6030BF37:LeaderElection80] INFO  segmented.SegmentedRaftLogWorker (SegmentedRaftLogWorker.java:startLogSegment(380)) - 31b4e676-369f-4979-b1c2-672ed0f2e414-SegmentedRaftLogWorker:Storage Directory /workdir/hadoop-ozone/integration-test/target/test-dir/MiniOzoneClusterImpl-92bdd970-4d32-4065-b0f9-0a546f741942/datanode-3/data/ratis/4a333976-e233-4a08-b672-e09f6030bf37: Starting segment from index:0
2019-09-04 10:16:37,187 [31b4e676-369f-4979-b1c2-672ed0f2e414:group-E09F6030BF37:LeaderElection80] INFO  impl.RaftServerImpl (ServerState.java:setRaftConf(361)) - 31b4e676-369f-4979-b1c2-672ed0f2e414:group-E09F6030BF37 set configuration 0: [31b4e676-369f-4979-b1c2-672ed0f2e414:192.168.36.67:46802], old=null at 0
2019-09-04 10:16:37,213 | INFO  | SCMAudit | user=jenkins1000 | ip=192.168.36.67 | op=SEND_HEARTBEAT {datanodeUUID=b98e2d19-33f1-4f79-80c8-78219e23739a, command=[]} | ret=SUCCESS |  
2019-09-04 10:16:37,224 [31b4e676-369f-4979-b1c2-672ed0f2e414-SegmentedRaftLogWorker:Storage Directory /workdir/hadoop-ozone/integration-test/target/test-dir/MiniOzoneClusterImpl-92bdd970-4d32-4065-b0f9-0a546f741942/datanode-3/data/ratis/4a333976-e233-4a08-b672-e09f6030bf37] INFO  segmented.SegmentedRaftLogWorker (SegmentedRaftLogWorker.java:execute(569)) - 31b4e676-369f-4979-b1c2-672ed0f2e414-SegmentedRaftLogWorker:Storage Directory /workdir/hadoop-ozone/integration-test/target/test-dir/MiniOzoneClusterImpl-92bdd970-4d32-4065-b0f9-0a546f741942/datanode-3/data/ratis/4a333976-e233-4a08-b672-e09f6030bf37: created new log segment /workdir/hadoop-ozone/integration-test/target/test-dir/MiniOzoneClusterImpl-92bdd970-4d32-4065-b0f9-0a546f741942/datanode-3/data/ratis/4a333976-e233-4a08-b672-e09f6030bf37/current/log_inprogress_0
2019-09-04 10:16:37,386 [Thread-4115] INFO  impl.FollowerState (FollowerState.java:run(106)) - b98e2d19-33f1-4f79-80c8-78219e23739a:group-9A2F0A24E593 changes to CANDIDATE, lastRpcTime:5145, electionTimeout:5145ms
2019-09-04 10:16:37,387 [Thread-4115] INFO  impl.RoleInfo (RoleInfo.java:shutdownFollowerState(121)) - b98e2d19-33f1-4f79-80c8-78219e23739a: shutdown FollowerState
2019-09-04 10:16:37,387 [Thread-4115] INFO  impl.RaftServerImpl (RaftServerImpl.java:setRole(171)) - b98e2d19-33f1-4f79-80c8-78219e23739a:group-9A2F0A24E593 changes role from FOLLOWER to CANDIDATE at term 0 for changeToCandidate
2019-09-04 10:16:37,387 [Thread-4115] INFO  impl.RoleInfo (RoleInfo.java:updateAndGet(143)) - b98e2d19-33f1-4f79-80c8-78219e23739a: start LeaderElection
2019-09-04 10:16:37,405 [b98e2d19-33f1-4f79-80c8-78219e23739a:group-9A2F0A24E593:LeaderElection81] INFO  impl.LeaderElection (LeaderElection.java:askForVotes(181)) - b98e2d19-33f1-4f79-80c8-78219e23739a:group-9A2F0A24E593:LeaderElection81: begin an election at term 1 for -1: [b98e2d19-33f1-4f79-80c8-78219e23739a:192.168.36.67:36361], old=null
2019-09-04 10:16:37,405 [b98e2d19-33f1-4f79-80c8-78219e23739a:group-9A2F0A24E593:LeaderElection81] INFO  impl.RoleInfo (RoleInfo.java:shutdownLeaderElection(134)) - b98e2d19-33f1-4f79-80c8-78219e23739a: shutdown LeaderElection
2019-09-04 10:16:37,405 [b98e2d19-33f1-4f79-80c8-78219e23739a:group-9A2F0A24E593:LeaderElection81] INFO  impl.RaftServerImpl (RaftServerImpl.java:setRole(171)) - b98e2d19-33f1-4f79-80c8-78219e23739a:group-9A2F0A24E593 changes role from CANDIDATE to LEADER at term 1 for changeToLeader
2019-09-04 10:16:37,405 [b98e2d19-33f1-4f79-80c8-78219e23739a:group-9A2F0A24E593:LeaderElection81] INFO  impl.RaftServerImpl (ServerState.java:setLeader(263)) - b98e2d19-33f1-4f79-80c8-78219e23739a:group-9A2F0A24E593 change Leader from null to b98e2d19-33f1-4f79-80c8-78219e23739a at term 1 for becomeLeader, leader elected after 5167ms
2019-09-04 10:16:37,405 [b98e2d19-33f1-4f79-80c8-78219e23739a:group-9A2F0A24E593:LeaderElection81] INFO  server.RaftServerConfigKeys (ConfUtils.java:logGet(43)) - raft.server.staging.catchup.gap = 1000 (default)
2019-09-04 10:16:37,405 [b98e2d19-33f1-4f79-80c8-78219e23739a:group-9A2F0A24E593:LeaderElection81] INFO  server.RaftServerConfigKeys (ConfUtils.java:logGet(43)) - raft.server.rpc.sleep.time = 25ms (default)
2019-09-04 10:16:37,406 [b98e2d19-33f1-4f79-80c8-78219e23739a:group-9A2F0A24E593:LeaderElection81] INFO  server.RaftServerConfigKeys (ConfUtils.java:logGet(43)) - raft.server.write.element-limit = 4096 (default)
2019-09-04 10:16:37,406 [b98e2d19-33f1-4f79-80c8-78219e23739a:group-9A2F0A24E593:LeaderElection81] INFO  server.RaftServerConfigKeys (ConfUtils.java:logGet(43)) - raft.server.watch.timeout = 10s (default)
2019-09-04 10:16:37,406 [b98e2d19-33f1-4f79-80c8-78219e23739a:group-9A2F0A24E593:LeaderElection81] INFO  server.RaftServerConfigKeys (ConfUtils.java:logGet(43)) - raft.server.watch.timeout.denomination = 1s (default)
2019-09-04 10:16:37,406 [b98e2d19-33f1-4f79-80c8-78219e23739a:group-9A2F0A24E593:LeaderElection81] INFO  server.RaftServerConfigKeys (ConfUtils.java:logGet(43)) - raft.server.watch.element-limit = 65536 (default)
2019-09-04 10:16:37,406 [b98e2d19-33f1-4f79-80c8-78219e23739a:group-9A2F0A24E593:LeaderElection81] INFO  impl.RoleInfo (RoleInfo.java:updateAndGet(143)) - b98e2d19-33f1-4f79-80c8-78219e23739a: start LeaderState
2019-09-04 10:16:37,406 [b98e2d19-33f1-4f79-80c8-78219e23739a:group-9A2F0A24E593:LeaderElection81] INFO  segmented.SegmentedRaftLogWorker (SegmentedRaftLogWorker.java:startLogSegment(380)) - b98e2d19-33f1-4f79-80c8-78219e23739a-SegmentedRaftLogWorker:Storage Directory /workdir/hadoop-ozone/integration-test/target/test-dir/MiniOzoneClusterImpl-92bdd970-4d32-4065-b0f9-0a546f741942/datanode-4/data/ratis/b4aa6f60-72b0-4ddf-b2f3-9a2f0a24e593: Starting segment from index:0
2019-09-04 10:16:37,407 [b98e2d19-33f1-4f79-80c8-78219e23739a:group-9A2F0A24E593:LeaderElection81] INFO  impl.RaftServerImpl (ServerState.java:setRaftConf(361)) - b98e2d19-33f1-4f79-80c8-78219e23739a:group-9A2F0A24E593 set configuration 0: [b98e2d19-33f1-4f79-80c8-78219e23739a:192.168.36.67:36361], old=null at 0
2019-09-04 10:16:37,441 | INFO  | SCMAudit | user=jenkins1000 | ip=192.168.36.67 | op=SEND_HEARTBEAT {datanodeUUID=83bf1d66-3343-4f2f-b64f-e9bea6992cf9, command=[]} | ret=SUCCESS |  
2019-09-04 10:16:37,447 | INFO  | SCMAudit | user=jenkins1000 | ip=192.168.36.67 | op=SEND_HEARTBEAT {datanodeUUID=cc26b0b0-42a6-4c40-b1c0-3a6e3a9aaf66, command=[]} | ret=SUCCESS |  
2019-09-04 10:16:37,451 [b98e2d19-33f1-4f79-80c8-78219e23739a-SegmentedRaftLogWorker:Storage Directory /workdir/hadoop-ozone/integration-test/target/test-dir/MiniOzoneClusterImpl-92bdd970-4d32-4065-b0f9-0a546f741942/datanode-4/data/ratis/b4aa6f60-72b0-4ddf-b2f3-9a2f0a24e593] INFO  segmented.SegmentedRaftLogWorker (SegmentedRaftLogWorker.java:execute(569)) - b98e2d19-33f1-4f79-80c8-78219e23739a-SegmentedRaftLogWorker:Storage Directory /workdir/hadoop-ozone/integration-test/target/test-dir/MiniOzoneClusterImpl-92bdd970-4d32-4065-b0f9-0a546f741942/datanode-4/data/ratis/b4aa6f60-72b0-4ddf-b2f3-9a2f0a24e593: created new log segment /workdir/hadoop-ozone/integration-test/target/test-dir/MiniOzoneClusterImpl-92bdd970-4d32-4065-b0f9-0a546f741942/datanode-4/data/ratis/b4aa6f60-72b0-4ddf-b2f3-9a2f0a24e593/current/log_inprogress_0
2019-09-04 10:16:37,565 [Thread-4118] INFO  impl.FollowerState (FollowerState.java:run(106)) - cc26b0b0-42a6-4c40-b1c0-3a6e3a9aaf66:group-D3A29FA53811 changes to CANDIDATE, lastRpcTime:5078, electionTimeout:5078ms
2019-09-04 10:16:37,565 [Thread-4118] INFO  impl.RoleInfo (RoleInfo.java:shutdownFollowerState(121)) - cc26b0b0-42a6-4c40-b1c0-3a6e3a9aaf66: shutdown FollowerState
2019-09-04 10:16:37,565 [Thread-4118] INFO  impl.RaftServerImpl (RaftServerImpl.java:setRole(171)) - cc26b0b0-42a6-4c40-b1c0-3a6e3a9aaf66:group-D3A29FA53811 changes role from FOLLOWER to CANDIDATE at term 0 for changeToCandidate
2019-09-04 10:16:37,565 [Thread-4118] INFO  impl.RoleInfo (RoleInfo.java:updateAndGet(143)) - cc26b0b0-42a6-4c40-b1c0-3a6e3a9aaf66: start LeaderElection
2019-09-04 10:16:37,584 [cc26b0b0-42a6-4c40-b1c0-3a6e3a9aaf66:group-D3A29FA53811:LeaderElection82] INFO  impl.LeaderElection (LeaderElection.java:askForVotes(181)) - cc26b0b0-42a6-4c40-b1c0-3a6e3a9aaf66:group-D3A29FA53811:LeaderElection82: begin an election at term 1 for -1: [cc26b0b0-42a6-4c40-b1c0-3a6e3a9aaf66:192.168.36.67:34378], old=null
2019-09-04 10:16:37,584 [cc26b0b0-42a6-4c40-b1c0-3a6e3a9aaf66:group-D3A29FA53811:LeaderElection82] INFO  impl.RoleInfo (RoleInfo.java:shutdownLeaderElection(134)) - cc26b0b0-42a6-4c40-b1c0-3a6e3a9aaf66: shutdown LeaderElection
2019-09-04 10:16:37,584 [cc26b0b0-42a6-4c40-b1c0-3a6e3a9aaf66:group-D3A29FA53811:LeaderElection82] INFO  impl.RaftServerImpl (RaftServerImpl.java:setRole(171)) - cc26b0b0-42a6-4c40-b1c0-3a6e3a9aaf66:group-D3A29FA53811 changes role from CANDIDATE to LEADER at term 1 for changeToLeader
2019-09-04 10:16:37,584 [cc26b0b0-42a6-4c40-b1c0-3a6e3a9aaf66:group-D3A29FA53811:LeaderElection82] INFO  impl.RaftServerImpl (ServerState.java:setLeader(263)) - cc26b0b0-42a6-4c40-b1c0-3a6e3a9aaf66:group-D3A29FA53811 change Leader from null to cc26b0b0-42a6-4c40-b1c0-3a6e3a9aaf66 at term 1 for becomeLeader, leader elected after 5100ms
2019-09-04 10:16:37,584 [cc26b0b0-42a6-4c40-b1c0-3a6e3a9aaf66:group-D3A29FA53811:LeaderElection82] INFO  server.RaftServerConfigKeys (ConfUtils.java:logGet(43)) - raft.server.staging.catchup.gap = 1000 (default)
2019-09-04 10:16:37,585 [cc26b0b0-42a6-4c40-b1c0-3a6e3a9aaf66:group-D3A29FA53811:LeaderElection82] INFO  server.RaftServerConfigKeys (ConfUtils.java:logGet(43)) - raft.server.rpc.sleep.time = 25ms (default)
2019-09-04 10:16:37,585 [cc26b0b0-42a6-4c40-b1c0-3a6e3a9aaf66:group-D3A29FA53811:LeaderElection82] INFO  server.RaftServerConfigKeys (ConfUtils.java:logGet(43)) - raft.server.write.element-limit = 4096 (default)
2019-09-04 10:16:37,585 [cc26b0b0-42a6-4c40-b1c0-3a6e3a9aaf66:group-D3A29FA53811:LeaderElection82] INFO  server.RaftServerConfigKeys (ConfUtils.java:logGet(43)) - raft.server.watch.timeout = 10s (default)
2019-09-04 10:16:37,585 [cc26b0b0-42a6-4c40-b1c0-3a6e3a9aaf66:group-D3A29FA53811:LeaderElection82] INFO  server.RaftServerConfigKeys (ConfUtils.java:logGet(43)) - raft.server.watch.timeout.denomination = 1s (default)
2019-09-04 10:16:37,585 [cc26b0b0-42a6-4c40-b1c0-3a6e3a9aaf66:group-D3A29FA53811:LeaderElection82] INFO  server.RaftServerConfigKeys (ConfUtils.java:logGet(43)) - raft.server.watch.element-limit = 65536 (default)
2019-09-04 10:16:37,585 [cc26b0b0-42a6-4c40-b1c0-3a6e3a9aaf66:group-D3A29FA53811:LeaderElection82] INFO  impl.RoleInfo (RoleInfo.java:updateAndGet(143)) - cc26b0b0-42a6-4c40-b1c0-3a6e3a9aaf66: start LeaderState
2019-09-04 10:16:37,585 [cc26b0b0-42a6-4c40-b1c0-3a6e3a9aaf66:group-D3A29FA53811:LeaderElection82] INFO  segmented.SegmentedRaftLogWorker (SegmentedRaftLogWorker.java:startLogSegment(380)) - cc26b0b0-42a6-4c40-b1c0-3a6e3a9aaf66-SegmentedRaftLogWorker:Storage Directory /workdir/hadoop-ozone/integration-test/target/test-dir/MiniOzoneClusterImpl-92bdd970-4d32-4065-b0f9-0a546f741942/datanode-5/data/ratis/f12258cb-4986-4872-82f9-d3a29fa53811: Starting segment from index:0
2019-09-04 10:16:37,586 [cc26b0b0-42a6-4c40-b1c0-3a6e3a9aaf66:group-D3A29FA53811:LeaderElection82] INFO  impl.RaftServerImpl (ServerState.java:setRaftConf(361)) - cc26b0b0-42a6-4c40-b1c0-3a6e3a9aaf66:group-D3A29FA53811 set configuration 0: [cc26b0b0-42a6-4c40-b1c0-3a6e3a9aaf66:192.168.36.67:34378], old=null at 0
2019-09-04 10:16:37,612 [Thread-4121] INFO  impl.FollowerState (FollowerState.java:run(106)) - b98e2d19-33f1-4f79-80c8-78219e23739a:group-8CC16F498C60 changes to CANDIDATE, lastRpcTime:5072, electionTimeout:5053ms
2019-09-04 10:16:37,612 [Thread-4121] INFO  impl.RoleInfo (RoleInfo.java:shutdownFollowerState(121)) - b98e2d19-33f1-4f79-80c8-78219e23739a: shutdown FollowerState
2019-09-04 10:16:37,612 [Thread-4121] INFO  impl.RaftServerImpl (RaftServerImpl.java:setRole(171)) - b98e2d19-33f1-4f79-80c8-78219e23739a:group-8CC16F498C60 changes role from FOLLOWER to CANDIDATE at term 0 for changeToCandidate
2019-09-04 10:16:37,612 [Thread-4121] INFO  impl.RoleInfo (RoleInfo.java:updateAndGet(143)) - b98e2d19-33f1-4f79-80c8-78219e23739a: start LeaderElection
2019-09-04 10:16:37,624 [Thread-4125] INFO  impl.FollowerState (FollowerState.java:run(106)) - 31b4e676-369f-4979-b1c2-672ed0f2e414:group-8CC16F498C60 changes to CANDIDATE, lastRpcTime:5080, electionTimeout:5080ms
2019-09-04 10:16:37,624 [Thread-4125] INFO  impl.RoleInfo (RoleInfo.java:shutdownFollowerState(121)) - 31b4e676-369f-4979-b1c2-672ed0f2e414: shutdown FollowerState
2019-09-04 10:16:37,624 [Thread-4125] INFO  impl.RaftServerImpl (RaftServerImpl.java:setRole(171)) - 31b4e676-369f-4979-b1c2-672ed0f2e414:group-8CC16F498C60 changes role from FOLLOWER to CANDIDATE at term 0 for changeToCandidate
2019-09-04 10:16:37,624 [Thread-4125] INFO  impl.RoleInfo (RoleInfo.java:updateAndGet(143)) - 31b4e676-369f-4979-b1c2-672ed0f2e414: start LeaderElection
2019-09-04 10:16:37,626 [cc26b0b0-42a6-4c40-b1c0-3a6e3a9aaf66-SegmentedRaftLogWorker:Storage Directory /workdir/hadoop-ozone/integration-test/target/test-dir/MiniOzoneClusterImpl-92bdd970-4d32-4065-b0f9-0a546f741942/datanode-5/data/ratis/f12258cb-4986-4872-82f9-d3a29fa53811] INFO  segmented.SegmentedRaftLogWorker (SegmentedRaftLogWorker.java:execute(569)) - cc26b0b0-42a6-4c40-b1c0-3a6e3a9aaf66-SegmentedRaftLogWorker:Storage Directory /workdir/hadoop-ozone/integration-test/target/test-dir/MiniOzoneClusterImpl-92bdd970-4d32-4065-b0f9-0a546f741942/datanode-5/data/ratis/f12258cb-4986-4872-82f9-d3a29fa53811: created new log segment /workdir/hadoop-ozone/integration-test/target/test-dir/MiniOzoneClusterImpl-92bdd970-4d32-4065-b0f9-0a546f741942/datanode-5/data/ratis/f12258cb-4986-4872-82f9-d3a29fa53811/current/log_inprogress_0
2019-09-04 10:16:37,626 [b98e2d19-33f1-4f79-80c8-78219e23739a:group-8CC16F498C60:LeaderElection83] INFO  impl.LeaderElection (LeaderElection.java:askForVotes(181)) - b98e2d19-33f1-4f79-80c8-78219e23739a:group-8CC16F498C60:LeaderElection83: begin an election at term 1 for -1: [31b4e676-369f-4979-b1c2-672ed0f2e414:192.168.36.67:46802, b98e2d19-33f1-4f79-80c8-78219e23739a:192.168.36.67:36361, cc26b0b0-42a6-4c40-b1c0-3a6e3a9aaf66:192.168.36.67:34378], old=null
2019-09-04 10:16:37,630 [grpc-default-executor-10] INFO  impl.RaftServerImpl (RaftServerImpl.java:setRole(171)) - cc26b0b0-42a6-4c40-b1c0-3a6e3a9aaf66:group-8CC16F498C60 changes role from FOLLOWER to FOLLOWER at term 1 for recognizeCandidate:b98e2d19-33f1-4f79-80c8-78219e23739a
2019-09-04 10:16:37,630 [grpc-default-executor-10] INFO  impl.RoleInfo (RoleInfo.java:shutdownFollowerState(121)) - cc26b0b0-42a6-4c40-b1c0-3a6e3a9aaf66: shutdown FollowerState
2019-09-04 10:16:37,630 [grpc-default-executor-10] INFO  impl.RoleInfo (RoleInfo.java:updateAndGet(143)) - cc26b0b0-42a6-4c40-b1c0-3a6e3a9aaf66: start FollowerState
2019-09-04 10:16:37,631 [Thread-4126] INFO  impl.FollowerState (FollowerState.java:run(114)) - cc26b0b0-42a6-4c40-b1c0-3a6e3a9aaf66: FollowerState was interrupted: java.lang.InterruptedException: sleep interrupted
2019-09-04 10:16:37,639 [31b4e676-369f-4979-b1c2-672ed0f2e414:group-8CC16F498C60:LeaderElection84] INFO  impl.LeaderElection (LeaderElection.java:askForVotes(181)) - 31b4e676-369f-4979-b1c2-672ed0f2e414:group-8CC16F498C60:LeaderElection84: begin an election at term 1 for -1: [31b4e676-369f-4979-b1c2-672ed0f2e414:192.168.36.67:46802, b98e2d19-33f1-4f79-80c8-78219e23739a:192.168.36.67:36361, cc26b0b0-42a6-4c40-b1c0-3a6e3a9aaf66:192.168.36.67:34378], old=null
2019-09-04 10:16:37,642 [b98e2d19-33f1-4f79-80c8-78219e23739a:group-8CC16F498C60:LeaderElection83] INFO  impl.LeaderElection (LeaderElection.java:logAndReturn(56)) - b98e2d19-33f1-4f79-80c8-78219e23739a:group-8CC16F498C60:LeaderElection83: Election PASSED; received 1 response(s) [b98e2d19-33f1-4f79-80c8-78219e23739a<-cc26b0b0-42a6-4c40-b1c0-3a6e3a9aaf66#0:OK-t1] and 0 exception(s); b98e2d19-33f1-4f79-80c8-78219e23739a:t1, leader=null, voted=b98e2d19-33f1-4f79-80c8-78219e23739a, raftlog=b98e2d19-33f1-4f79-80c8-78219e23739a-SegmentedRaftLog:OPENED:c-1,f-1,i0, conf=-1: [31b4e676-369f-4979-b1c2-672ed0f2e414:192.168.36.67:46802, b98e2d19-33f1-4f79-80c8-78219e23739a:192.168.36.67:36361, cc26b0b0-42a6-4c40-b1c0-3a6e3a9aaf66:192.168.36.67:34378], old=null
2019-09-04 10:16:37,642 [b98e2d19-33f1-4f79-80c8-78219e23739a:group-8CC16F498C60:LeaderElection83] INFO  impl.RoleInfo (RoleInfo.java:shutdownLeaderElection(134)) - b98e2d19-33f1-4f79-80c8-78219e23739a: shutdown LeaderElection
2019-09-04 10:16:37,644 [b98e2d19-33f1-4f79-80c8-78219e23739a:group-8CC16F498C60:LeaderElection83] INFO  impl.RaftServerImpl (RaftServerImpl.java:setRole(171)) - b98e2d19-33f1-4f79-80c8-78219e23739a:group-8CC16F498C60 changes role from CANDIDATE to LEADER at term 1 for changeToLeader
2019-09-04 10:16:37,644 [b98e2d19-33f1-4f79-80c8-78219e23739a:group-8CC16F498C60:LeaderElection83] INFO  impl.RaftServerImpl (ServerState.java:setLeader(263)) - b98e2d19-33f1-4f79-80c8-78219e23739a:group-8CC16F498C60 change Leader from null to b98e2d19-33f1-4f79-80c8-78219e23739a at term 1 for becomeLeader, leader elected after 5109ms
2019-09-04 10:16:37,644 [b98e2d19-33f1-4f79-80c8-78219e23739a:group-8CC16F498C60:LeaderElection83] INFO  server.RaftServerConfigKeys (ConfUtils.java:logGet(43)) - raft.server.staging.catchup.gap = 1000 (default)
2019-09-04 10:16:37,644 [b98e2d19-33f1-4f79-80c8-78219e23739a:group-8CC16F498C60:LeaderElection83] INFO  server.RaftServerConfigKeys (ConfUtils.java:logGet(43)) - raft.server.rpc.sleep.time = 25ms (default)
2019-09-04 10:16:37,644 [b98e2d19-33f1-4f79-80c8-78219e23739a:group-8CC16F498C60:LeaderElection83] INFO  server.RaftServerConfigKeys (ConfUtils.java:logGet(43)) - raft.server.write.element-limit = 4096 (default)
2019-09-04 10:16:37,645 [b98e2d19-33f1-4f79-80c8-78219e23739a:group-8CC16F498C60:LeaderElection83] INFO  server.RaftServerConfigKeys (ConfUtils.java:logGet(43)) - raft.server.watch.timeout = 10s (default)
2019-09-04 10:16:37,645 [b98e2d19-33f1-4f79-80c8-78219e23739a:group-8CC16F498C60:LeaderElection83] INFO  server.RaftServerConfigKeys (ConfUtils.java:logGet(43)) - raft.server.watch.timeout.denomination = 1s (default)
2019-09-04 10:16:37,645 [b98e2d19-33f1-4f79-80c8-78219e23739a:group-8CC16F498C60:LeaderElection83] INFO  server.RaftServerConfigKeys (ConfUtils.java:logGet(43)) - raft.server.watch.element-limit = 65536 (default)
2019-09-04 10:16:37,645 [b98e2d19-33f1-4f79-80c8-78219e23739a:group-8CC16F498C60:LeaderElection83] INFO  server.RaftServerConfigKeys (ConfUtils.java:logGet(43)) - raft.server.log.appender.snapshot.chunk.size.max = 16MB (=16777216) (default)
2019-09-04 10:16:37,645 [b98e2d19-33f1-4f79-80c8-78219e23739a:group-8CC16F498C60:LeaderElection83] INFO  server.RaftServerConfigKeys (ConfUtils.java:logGet(43)) - raft.server.log.appender.buffer.byte-limit = 33554432 (custom)
2019-09-04 10:16:37,646 [b98e2d19-33f1-4f79-80c8-78219e23739a:group-8CC16F498C60:LeaderElection83] INFO  server.RaftServerConfigKeys (ConfUtils.java:logGet(43)) - raft.server.log.appender.buffer.element-limit = 1 (custom)
2019-09-04 10:16:37,646 [b98e2d19-33f1-4f79-80c8-78219e23739a:group-8CC16F498C60:LeaderElection83] INFO  grpc.GrpcConfigKeys$Server (ConfUtils.java:logGet(43)) - raft.grpc.server.leader.outstanding.appends.max = 128 (default)
2019-09-04 10:16:37,648 [b98e2d19-33f1-4f79-80c8-78219e23739a:group-8CC16F498C60:LeaderElection83] INFO  server.RaftServerConfigKeys (ConfUtils.java:logGet(43)) - raft.server.rpc.request.timeout = 3000ms (default)
2019-09-04 10:16:37,648 [b98e2d19-33f1-4f79-80c8-78219e23739a:group-8CC16F498C60:LeaderElection83] INFO  server.RaftServerConfigKeys (ConfUtils.java:logGet(43)) - raft.server.log.appender.install.snapshot.enabled = false (custom)
2019-09-04 10:16:37,650 [b98e2d19-33f1-4f79-80c8-78219e23739a:group-8CC16F498C60:LeaderElection83] INFO  server.RaftServerConfigKeys (ConfUtils.java:logGet(43)) - raft.server.log.appender.snapshot.chunk.size.max = 16MB (=16777216) (default)
2019-09-04 10:16:37,650 [b98e2d19-33f1-4f79-80c8-78219e23739a:group-8CC16F498C60:LeaderElection83] INFO  server.RaftServerConfigKeys (ConfUtils.java:logGet(43)) - raft.server.log.appender.buffer.byte-limit = 33554432 (custom)
2019-09-04 10:16:37,650 [b98e2d19-33f1-4f79-80c8-78219e23739a:group-8CC16F498C60:LeaderElection83] INFO  server.RaftServerConfigKeys (ConfUtils.java:logGet(43)) - raft.server.log.appender.buffer.element-limit = 1 (custom)
2019-09-04 10:16:37,651 [b98e2d19-33f1-4f79-80c8-78219e23739a:group-8CC16F498C60:LeaderElection83] INFO  grpc.GrpcConfigKeys$Server (ConfUtils.java:logGet(43)) - raft.grpc.server.leader.outstanding.appends.max = 128 (default)
2019-09-04 10:16:37,651 [b98e2d19-33f1-4f79-80c8-78219e23739a:group-8CC16F498C60:LeaderElection83] INFO  server.RaftServerConfigKeys (ConfUtils.java:logGet(43)) - raft.server.rpc.request.timeout = 3000ms (default)
2019-09-04 10:16:37,651 [b98e2d19-33f1-4f79-80c8-78219e23739a:group-8CC16F498C60:LeaderElection83] INFO  server.RaftServerConfigKeys (ConfUtils.java:logGet(43)) - raft.server.log.appender.install.snapshot.enabled = false (custom)
2019-09-04 10:16:37,651 [b98e2d19-33f1-4f79-80c8-78219e23739a:group-8CC16F498C60:LeaderElection83] INFO  impl.RoleInfo (RoleInfo.java:updateAndGet(143)) - b98e2d19-33f1-4f79-80c8-78219e23739a: start LeaderState
2019-09-04 10:16:37,651 [b98e2d19-33f1-4f79-80c8-78219e23739a:group-8CC16F498C60:LeaderElection83] INFO  segmented.SegmentedRaftLogWorker (SegmentedRaftLogWorker.java:startLogSegment(380)) - b98e2d19-33f1-4f79-80c8-78219e23739a-SegmentedRaftLogWorker:Storage Directory /workdir/hadoop-ozone/integration-test/target/test-dir/MiniOzoneClusterImpl-92bdd970-4d32-4065-b0f9-0a546f741942/datanode-4/data/ratis/29e2132c-fc29-4d4f-9381-8cc16f498c60: Starting segment from index:0
2019-09-04 10:16:37,652 [b98e2d19-33f1-4f79-80c8-78219e23739a:group-8CC16F498C60:LeaderElection83] INFO  impl.RaftServerImpl (ServerState.java:setRaftConf(361)) - b98e2d19-33f1-4f79-80c8-78219e23739a:group-8CC16F498C60 set configuration 0: [31b4e676-369f-4979-b1c2-672ed0f2e414:192.168.36.67:46802, b98e2d19-33f1-4f79-80c8-78219e23739a:192.168.36.67:36361, cc26b0b0-42a6-4c40-b1c0-3a6e3a9aaf66:192.168.36.67:34378], old=null at 0
2019-09-04 10:16:37,652 [grpc-default-executor-1] INFO  impl.RaftServerImpl (RaftServerImpl.java:requestVote(754)) - b98e2d19-33f1-4f79-80c8-78219e23739a-LEADER: Withhold vote from candidate 31b4e676-369f-4979-b1c2-672ed0f2e414 with term 1. State: leader=b98e2d19-33f1-4f79-80c8-78219e23739a, term=1, lastRpcElapsed=null
2019-09-04 10:16:37,692 [grpc-default-executor-1] INFO  impl.RaftServerImpl (RaftServerImpl.java:setRole(171)) - 31b4e676-369f-4979-b1c2-672ed0f2e414:group-8CC16F498C60 changes role from CANDIDATE to FOLLOWER at term 1 for appendEntries
2019-09-04 10:16:37,692 [grpc-default-executor-1] INFO  impl.RoleInfo (RoleInfo.java:shutdownLeaderElection(134)) - 31b4e676-369f-4979-b1c2-672ed0f2e414: shutdown LeaderElection
2019-09-04 10:16:37,692 [31b4e676-369f-4979-b1c2-672ed0f2e414:group-8CC16F498C60:LeaderElection84] INFO  impl.LeaderElection (LeaderElection.java:logAndReturn(56)) - 31b4e676-369f-4979-b1c2-672ed0f2e414:group-8CC16F498C60:LeaderElection84: Election REJECTED; received 2 response(s) [31b4e676-369f-4979-b1c2-672ed0f2e414<-b98e2d19-33f1-4f79-80c8-78219e23739a#0:FAIL-t1, 31b4e676-369f-4979-b1c2-672ed0f2e414<-cc26b0b0-42a6-4c40-b1c0-3a6e3a9aaf66#0:FAIL-t1] and 0 exception(s); 31b4e676-369f-4979-b1c2-672ed0f2e414:t1, leader=null, voted=31b4e676-369f-4979-b1c2-672ed0f2e414, raftlog=31b4e676-369f-4979-b1c2-672ed0f2e414-SegmentedRaftLog:OPENED:c-1,f-1,i0, conf=-1: [31b4e676-369f-4979-b1c2-672ed0f2e414:192.168.36.67:46802, b98e2d19-33f1-4f79-80c8-78219e23739a:192.168.36.67:36361, cc26b0b0-42a6-4c40-b1c0-3a6e3a9aaf66:192.168.36.67:34378], old=null
2019-09-04 10:16:37,693 [grpc-default-executor-1] INFO  impl.RoleInfo (RoleInfo.java:updateAndGet(143)) - 31b4e676-369f-4979-b1c2-672ed0f2e414: start FollowerState
2019-09-04 10:16:37,693 [grpc-default-executor-10] INFO  impl.RaftServerImpl (ServerState.java:setLeader(263)) - cc26b0b0-42a6-4c40-b1c0-3a6e3a9aaf66:group-8CC16F498C60 change Leader from null to b98e2d19-33f1-4f79-80c8-78219e23739a at term 1 for appendEntries, leader elected after 5157ms
2019-09-04 10:16:37,693 [grpc-default-executor-1] INFO  impl.RaftServerImpl (ServerState.java:setLeader(263)) - 31b4e676-369f-4979-b1c2-672ed0f2e414:group-8CC16F498C60 change Leader from null to b98e2d19-33f1-4f79-80c8-78219e23739a at term 1 for appendEntries, leader elected after 5157ms
2019-09-04 10:16:37,695 [grpc-default-executor-1] INFO  impl.RaftServerImpl (ServerState.java:setRaftConf(361)) - cc26b0b0-42a6-4c40-b1c0-3a6e3a9aaf66:group-8CC16F498C60 set configuration 0: [31b4e676-369f-4979-b1c2-672ed0f2e414:192.168.36.67:46802, b98e2d19-33f1-4f79-80c8-78219e23739a:192.168.36.67:36361, cc26b0b0-42a6-4c40-b1c0-3a6e3a9aaf66:192.168.36.67:34378], old=null at 0
2019-09-04 10:16:37,695 [grpc-default-executor-1] INFO  segmented.SegmentedRaftLogWorker (SegmentedRaftLogWorker.java:startLogSegment(380)) - cc26b0b0-42a6-4c40-b1c0-3a6e3a9aaf66-SegmentedRaftLogWorker:Storage Directory /workdir/hadoop-ozone/integration-test/target/test-dir/MiniOzoneClusterImpl-92bdd970-4d32-4065-b0f9-0a546f741942/datanode-5/data/ratis/29e2132c-fc29-4d4f-9381-8cc16f498c60: Starting segment from index:0
2019-09-04 10:16:37,696 [grpc-default-executor-10] INFO  impl.RaftServerImpl (ServerState.java:setRaftConf(361)) - 31b4e676-369f-4979-b1c2-672ed0f2e414:group-8CC16F498C60 set configuration 0: [31b4e676-369f-4979-b1c2-672ed0f2e414:192.168.36.67:46802, b98e2d19-33f1-4f79-80c8-78219e23739a:192.168.36.67:36361, cc26b0b0-42a6-4c40-b1c0-3a6e3a9aaf66:192.168.36.67:34378], old=null at 0
2019-09-04 10:16:37,696 [grpc-default-executor-10] INFO  segmented.SegmentedRaftLogWorker (SegmentedRaftLogWorker.java:startLogSegment(380)) - 31b4e676-369f-4979-b1c2-672ed0f2e414-SegmentedRaftLogWorker:Storage Directory /workdir/hadoop-ozone/integration-test/target/test-dir/MiniOzoneClusterImpl-92bdd970-4d32-4065-b0f9-0a546f741942/datanode-3/data/ratis/29e2132c-fc29-4d4f-9381-8cc16f498c60: Starting segment from index:0
2019-09-04 10:16:37,706 | INFO  | SCMAudit | user=jenkins1000 | ip=192.168.36.67 | op=SEND_HEARTBEAT {datanodeUUID=d31f0293-0228-4a75-90b9-c3e018e44e78, command=[]} | ret=SUCCESS |  
2019-09-04 10:16:37,713 [b98e2d19-33f1-4f79-80c8-78219e23739a-SegmentedRaftLogWorker:Storage Directory /workdir/hadoop-ozone/integration-test/target/test-dir/MiniOzoneClusterImpl-92bdd970-4d32-4065-b0f9-0a546f741942/datanode-4/data/ratis/29e2132c-fc29-4d4f-9381-8cc16f498c60] INFO  segmented.SegmentedRaftLogWorker (SegmentedRaftLogWorker.java:execute(569)) - b98e2d19-33f1-4f79-80c8-78219e23739a-SegmentedRaftLogWorker:Storage Directory /workdir/hadoop-ozone/integration-test/target/test-dir/MiniOzoneClusterImpl-92bdd970-4d32-4065-b0f9-0a546f741942/datanode-4/data/ratis/29e2132c-fc29-4d4f-9381-8cc16f498c60: created new log segment /workdir/hadoop-ozone/integration-test/target/test-dir/MiniOzoneClusterImpl-92bdd970-4d32-4065-b0f9-0a546f741942/datanode-4/data/ratis/29e2132c-fc29-4d4f-9381-8cc16f498c60/current/log_inprogress_0
2019-09-04 10:16:37,726 [31b4e676-369f-4979-b1c2-672ed0f2e414-SegmentedRaftLogWorker:Storage Directory /workdir/hadoop-ozone/integration-test/target/test-dir/MiniOzoneClusterImpl-92bdd970-4d32-4065-b0f9-0a546f741942/datanode-3/data/ratis/29e2132c-fc29-4d4f-9381-8cc16f498c60] INFO  segmented.SegmentedRaftLogWorker (SegmentedRaftLogWorker.java:execute(569)) - 31b4e676-369f-4979-b1c2-672ed0f2e414-SegmentedRaftLogWorker:Storage Directory /workdir/hadoop-ozone/integration-test/target/test-dir/MiniOzoneClusterImpl-92bdd970-4d32-4065-b0f9-0a546f741942/datanode-3/data/ratis/29e2132c-fc29-4d4f-9381-8cc16f498c60: created new log segment /workdir/hadoop-ozone/integration-test/target/test-dir/MiniOzoneClusterImpl-92bdd970-4d32-4065-b0f9-0a546f741942/datanode-3/data/ratis/29e2132c-fc29-4d4f-9381-8cc16f498c60/current/log_inprogress_0
2019-09-04 10:16:37,742 [cc26b0b0-42a6-4c40-b1c0-3a6e3a9aaf66-SegmentedRaftLogWorker:Storage Directory /workdir/hadoop-ozone/integration-test/target/test-dir/MiniOzoneClusterImpl-92bdd970-4d32-4065-b0f9-0a546f741942/datanode-5/data/ratis/29e2132c-fc29-4d4f-9381-8cc16f498c60] INFO  segmented.SegmentedRaftLogWorker (SegmentedRaftLogWorker.java:execute(569)) - cc26b0b0-42a6-4c40-b1c0-3a6e3a9aaf66-SegmentedRaftLogWorker:Storage Directory /workdir/hadoop-ozone/integration-test/target/test-dir/MiniOzoneClusterImpl-92bdd970-4d32-4065-b0f9-0a546f741942/datanode-5/data/ratis/29e2132c-fc29-4d4f-9381-8cc16f498c60: created new log segment /workdir/hadoop-ozone/integration-test/target/test-dir/MiniOzoneClusterImpl-92bdd970-4d32-4065-b0f9-0a546f741942/datanode-5/data/ratis/29e2132c-fc29-4d4f-9381-8cc16f498c60/current/log_inprogress_0
2019-09-04 10:16:37,753 [Thread-4130] INFO  impl.FollowerState (FollowerState.java:run(106)) - d31f0293-0228-4a75-90b9-c3e018e44e78:group-CC3F7AAF700F changes to CANDIDATE, lastRpcTime:5008, electionTimeout:5008ms
2019-09-04 10:16:37,753 [Thread-4130] INFO  impl.RoleInfo (RoleInfo.java:shutdownFollowerState(121)) - d31f0293-0228-4a75-90b9-c3e018e44e78: shutdown FollowerState
2019-09-04 10:16:37,753 [Thread-4130] INFO  impl.RaftServerImpl (RaftServerImpl.java:setRole(171)) - d31f0293-0228-4a75-90b9-c3e018e44e78:group-CC3F7AAF700F changes role from FOLLOWER to CANDIDATE at term 0 for changeToCandidate
2019-09-04 10:16:37,753 [Thread-4130] INFO  impl.RoleInfo (RoleInfo.java:updateAndGet(143)) - d31f0293-0228-4a75-90b9-c3e018e44e78: start LeaderElection
2019-09-04 10:16:37,761 [d31f0293-0228-4a75-90b9-c3e018e44e78:group-CC3F7AAF700F:LeaderElection85] INFO  impl.LeaderElection (LeaderElection.java:askForVotes(181)) - d31f0293-0228-4a75-90b9-c3e018e44e78:group-CC3F7AAF700F:LeaderElection85: begin an election at term 1 for -1: [d31f0293-0228-4a75-90b9-c3e018e44e78:192.168.36.67:41523], old=null
2019-09-04 10:16:37,761 [d31f0293-0228-4a75-90b9-c3e018e44e78:group-CC3F7AAF700F:LeaderElection85] INFO  impl.RoleInfo (RoleInfo.java:shutdownLeaderElection(134)) - d31f0293-0228-4a75-90b9-c3e018e44e78: shutdown LeaderElection
2019-09-04 10:16:37,761 [d31f0293-0228-4a75-90b9-c3e018e44e78:group-CC3F7AAF700F:LeaderElection85] INFO  impl.RaftServerImpl (RaftServerImpl.java:setRole(171)) - d31f0293-0228-4a75-90b9-c3e018e44e78:group-CC3F7AAF700F changes role from CANDIDATE to LEADER at term 1 for changeToLeader
2019-09-04 10:16:37,761 [d31f0293-0228-4a75-90b9-c3e018e44e78:group-CC3F7AAF700F:LeaderElection85] INFO  impl.RaftServerImpl (ServerState.java:setLeader(263)) - d31f0293-0228-4a75-90b9-c3e018e44e78:group-CC3F7AAF700F change Leader from null to d31f0293-0228-4a75-90b9-c3e018e44e78 at term 1 for becomeLeader, leader elected after 5021ms
2019-09-04 10:16:37,762 [d31f0293-0228-4a75-90b9-c3e018e44e78:group-CC3F7AAF700F:LeaderElection85] INFO  server.RaftServerConfigKeys (ConfUtils.java:logGet(43)) - raft.server.staging.catchup.gap = 1000 (default)
2019-09-04 10:16:37,762 [d31f0293-0228-4a75-90b9-c3e018e44e78:group-CC3F7AAF700F:LeaderElection85] INFO  server.RaftServerConfigKeys (ConfUtils.java:logGet(43)) - raft.server.rpc.sleep.time = 25ms (default)
2019-09-04 10:16:37,762 [d31f0293-0228-4a75-90b9-c3e018e44e78:group-CC3F7AAF700F:LeaderElection85] INFO  server.RaftServerConfigKeys (ConfUtils.java:logGet(43)) - raft.server.write.element-limit = 4096 (default)
2019-09-04 10:16:37,762 [d31f0293-0228-4a75-90b9-c3e018e44e78:group-CC3F7AAF700F:LeaderElection85] INFO  server.RaftServerConfigKeys (ConfUtils.java:logGet(43)) - raft.server.watch.timeout = 10s (default)
2019-09-04 10:16:37,762 [d31f0293-0228-4a75-90b9-c3e018e44e78:group-CC3F7AAF700F:LeaderElection85] INFO  server.RaftServerConfigKeys (ConfUtils.java:logGet(43)) - raft.server.watch.timeout.denomination = 1s (default)
2019-09-04 10:16:37,762 [d31f0293-0228-4a75-90b9-c3e018e44e78:group-CC3F7AAF700F:LeaderElection85] INFO  server.RaftServerConfigKeys (ConfUtils.java:logGet(43)) - raft.server.watch.element-limit = 65536 (default)
2019-09-04 10:16:37,762 [d31f0293-0228-4a75-90b9-c3e018e44e78:group-CC3F7AAF700F:LeaderElection85] INFO  impl.RoleInfo (RoleInfo.java:updateAndGet(143)) - d31f0293-0228-4a75-90b9-c3e018e44e78: start LeaderState
2019-09-04 10:16:37,763 [d31f0293-0228-4a75-90b9-c3e018e44e78:group-CC3F7AAF700F:LeaderElection85] INFO  segmented.SegmentedRaftLogWorker (SegmentedRaftLogWorker.java:startLogSegment(380)) - d31f0293-0228-4a75-90b9-c3e018e44e78-SegmentedRaftLogWorker:Storage Directory /workdir/hadoop-ozone/integration-test/target/test-dir/MiniOzoneClusterImpl-92bdd970-4d32-4065-b0f9-0a546f741942/datanode-6/data/ratis/708d5414-6fa0-4696-991a-cc3f7aaf700f: Starting segment from index:0
2019-09-04 10:16:37,763 [d31f0293-0228-4a75-90b9-c3e018e44e78:group-CC3F7AAF700F:LeaderElection85] INFO  impl.RaftServerImpl (ServerState.java:setRaftConf(361)) - d31f0293-0228-4a75-90b9-c3e018e44e78:group-CC3F7AAF700F set configuration 0: [d31f0293-0228-4a75-90b9-c3e018e44e78:192.168.36.67:41523], old=null at 0
2019-09-04 10:16:37,797 [d31f0293-0228-4a75-90b9-c3e018e44e78-SegmentedRaftLogWorker:Storage Directory /workdir/hadoop-ozone/integration-test/target/test-dir/MiniOzoneClusterImpl-92bdd970-4d32-4065-b0f9-0a546f741942/datanode-6/data/ratis/708d5414-6fa0-4696-991a-cc3f7aaf700f] INFO  segmented.SegmentedRaftLogWorker (SegmentedRaftLogWorker.java:execute(569)) - d31f0293-0228-4a75-90b9-c3e018e44e78-SegmentedRaftLogWorker:Storage Directory /workdir/hadoop-ozone/integration-test/target/test-dir/MiniOzoneClusterImpl-92bdd970-4d32-4065-b0f9-0a546f741942/datanode-6/data/ratis/708d5414-6fa0-4696-991a-cc3f7aaf700f: created new log segment /workdir/hadoop-ozone/integration-test/target/test-dir/MiniOzoneClusterImpl-92bdd970-4d32-4065-b0f9-0a546f741942/datanode-6/data/ratis/708d5414-6fa0-4696-991a-cc3f7aaf700f/current/log_inprogress_0
2019-09-04 10:16:37,872 [grpc-default-executor-10] INFO  client.GrpcClientProtocolClient (GrpcClientProtocolClient.java:onNext(255)) - client-128321F83C37->31b4e676-369f-4979-b1c2-672ed0f2e414: receive RaftClientReply:client-128321F83C37->31b4e676-369f-4979-b1c2-672ed0f2e414@group-8CC16F498C60, cid=222, FAILED org.apache.ratis.protocol.NotLeaderException: Server 31b4e676-369f-4979-b1c2-672ed0f2e414 is not the leader (b98e2d19-33f1-4f79-80c8-78219e23739a:192.168.36.67:36361). Request must be sent to leader., logIndex=0, commits[31b4e676-369f-4979-b1c2-672ed0f2e414:c-1, b98e2d19-33f1-4f79-80c8-78219e23739a:c-1, cc26b0b0-42a6-4c40-b1c0-3a6e3a9aaf66:c-1]
2019-09-04 10:16:37,945 | INFO  | SCMAudit | user=jenkins1000 | ip=192.168.36.67 | op=SEND_HEARTBEAT {datanodeUUID=b80378ed-5f1b-4740-b601-1e0bc7c6be7e, command=[]} | ret=SUCCESS |  
2019-09-04 10:16:37,960 | INFO  | SCMAudit | user=jenkins1000 | ip=192.168.36.67 | op=SEND_HEARTBEAT {datanodeUUID=31b4e676-369f-4979-b1c2-672ed0f2e414, command=[]} | ret=SUCCESS |  
2019-09-04 10:16:38,017 | INFO  | DNAudit | user=null | ip=null | op=WRITE_CHUNK {blockData=conID: 1 locID: 102733722012745745 bcsId: 0} | ret=SUCCESS |  
2019-09-04 10:16:38,017 | INFO  | DNAudit | user=null | ip=null | op=WRITE_CHUNK {blockData=conID: 1 locID: 102733722012745745 bcsId: 0} | ret=SUCCESS |  
2019-09-04 10:16:38,017 | INFO  | DNAudit | user=null | ip=null | op=WRITE_CHUNK {blockData=conID: 1 locID: 102733722012745745 bcsId: 0} | ret=SUCCESS |  
2019-09-04 10:16:38,017 | INFO  | SCMAudit | user=jenkins1000 | ip=192.168.36.67 | op=SEND_HEARTBEAT {datanodeUUID=31b4e676-369f-4979-b1c2-672ed0f2e414, command=[]} | ret=SUCCESS |  
2019-09-04 10:16:38,017 | INFO  | SCMAudit | user=jenkins1000 | ip=192.168.36.67 | op=SEND_HEARTBEAT {datanodeUUID=b98e2d19-33f1-4f79-80c8-78219e23739a, command=[]} | ret=SUCCESS |  
2019-09-04 10:16:38,017 | INFO  | SCMAudit | user=jenkins1000 | ip=192.168.36.67 | op=SEND_HEARTBEAT {datanodeUUID=cc26b0b0-42a6-4c40-b1c0-3a6e3a9aaf66, command=[]} | ret=SUCCESS |  
2019-09-04 10:16:38,021 | INFO  | DNAudit | user=null | ip=null | op=WRITE_CHUNK {blockData=conID: 1 locID: 102733722012745745 bcsId: 0} | ret=SUCCESS |  
2019-09-04 10:16:38,028 [grpc-default-executor-1] INFO  client.GrpcClientProtocolClient (GrpcClientProtocolClient.java:onNext(255)) - client-128321F83C37->b98e2d19-33f1-4f79-80c8-78219e23739a: receive RaftClientReply:client-128321F83C37->b98e2d19-33f1-4f79-80c8-78219e23739a@group-8CC16F498C60, cid=222, SUCCESS, logIndex=1, commits[b98e2d19-33f1-4f79-80c8-78219e23739a:c1, 31b4e676-369f-4979-b1c2-672ed0f2e414:c0, cc26b0b0-42a6-4c40-b1c0-3a6e3a9aaf66:c0]
2019-09-04 10:16:38,033 | INFO  | DNAudit | user=null | ip=null | op=WRITE_CHUNK {blockData=conID: 1 locID: 102733722012745745 bcsId: 0} | ret=SUCCESS |  
2019-09-04 10:16:38,033 | INFO  | DNAudit | user=null | ip=null | op=WRITE_CHUNK {blockData=conID: 1 locID: 102733722012745745 bcsId: 0} | ret=SUCCESS |  
2019-09-04 10:16:38,033 | INFO  | DNAudit | user=null | ip=null | op=WRITE_CHUNK {blockData=conID: 1 locID: 102733722012745745 bcsId: 0} | ret=SUCCESS |  
2019-09-04 10:16:38,034 | INFO  | DNAudit | user=null | ip=null | op=WRITE_CHUNK {blockData=conID: 1 locID: 102733722012745745 bcsId: 0} | ret=SUCCESS |  
2019-09-04 10:16:38,034 | INFO  | DNAudit | user=null | ip=null | op=WRITE_CHUNK {blockData=conID: 1 locID: 102733722012745745 bcsId: 0} | ret=SUCCESS |  
2019-09-04 10:16:38,057 | INFO  | DNAudit | user=null | ip=null | op=WRITE_CHUNK {blockData=conID: 1 locID: 102733722012745745 bcsId: 0} | ret=SUCCESS |  
2019-09-04 10:16:38,061 [grpc-default-executor-11] INFO  client.GrpcClientProtocolClient (GrpcClientProtocolClient.java:onNext(255)) - client-128321F83C37->b98e2d19-33f1-4f79-80c8-78219e23739a: receive RaftClientReply:client-128321F83C37->b98e2d19-33f1-4f79-80c8-78219e23739a@group-8CC16F498C60, cid=223, SUCCESS, logIndex=3, commits[b98e2d19-33f1-4f79-80c8-78219e23739a:c3, 31b4e676-369f-4979-b1c2-672ed0f2e414:c1, cc26b0b0-42a6-4c40-b1c0-3a6e3a9aaf66:c1]
2019-09-04 10:16:38,065 | INFO  | DNAudit | user=null | ip=null | op=WRITE_CHUNK {blockData=conID: 1 locID: 102733722012745745 bcsId: 0} | ret=SUCCESS |  
2019-09-04 10:16:38,065 | INFO  | DNAudit | user=null | ip=null | op=WRITE_CHUNK {blockData=conID: 1 locID: 102733722012745745 bcsId: 0} | ret=SUCCESS |  
2019-09-04 10:16:38,156 | INFO  | SCMAudit | user=jenkins1000 | ip=192.168.36.67 | op=SEND_HEARTBEAT {datanodeUUID=9e2f2840-376d-44a7-a0d8-66a1275e3925, command=[]} | ret=SUCCESS |  
2019-09-04 10:16:38,161 | INFO  | DNAudit | user=null | ip=null | op=PUT_BLOCK {blockData=[blockId=conID: 1 locID: 102733722012745745 bcsId: 0,size=167]} | ret=SUCCESS |  
2019-09-04 10:16:38,162 [grpc-default-executor-11] INFO  client.GrpcClientProtocolClient (GrpcClientProtocolClient.java:onNext(255)) - client-128321F83C37->b98e2d19-33f1-4f79-80c8-78219e23739a: receive RaftClientReply:client-128321F83C37->b98e2d19-33f1-4f79-80c8-78219e23739a@group-8CC16F498C60, cid=224, SUCCESS, logIndex=4, commits[b98e2d19-33f1-4f79-80c8-78219e23739a:c6, 31b4e676-369f-4979-b1c2-672ed0f2e414:c3, cc26b0b0-42a6-4c40-b1c0-3a6e3a9aaf66:c3]
2019-09-04 10:16:38,441 | INFO  | SCMAudit | user=jenkins1000 | ip=192.168.36.67 | op=SEND_HEARTBEAT {datanodeUUID=83bf1d66-3343-4f2f-b64f-e9bea6992cf9, command=[]} | ret=SUCCESS |  
2019-09-04 10:16:38,706 | INFO  | SCMAudit | user=jenkins1000 | ip=192.168.36.67 | op=SEND_HEARTBEAT {datanodeUUID=d31f0293-0228-4a75-90b9-c3e018e44e78, command=[]} | ret=SUCCESS |  
2019-09-04 10:16:38,945 | INFO  | SCMAudit | user=jenkins1000 | ip=192.168.36.67 | op=SEND_HEARTBEAT {datanodeUUID=b80378ed-5f1b-4740-b601-1e0bc7c6be7e, command=[]} | ret=SUCCESS |  
2019-09-04 10:16:39,016 | INFO  | SCMAudit | user=jenkins1000 | ip=192.168.36.67 | op=SEND_HEARTBEAT {datanodeUUID=cc26b0b0-42a6-4c40-b1c0-3a6e3a9aaf66, command=[]} | ret=SUCCESS |  
2019-09-04 10:16:39,017 | INFO  | SCMAudit | user=jenkins1000 | ip=192.168.36.67 | op=SEND_HEARTBEAT {datanodeUUID=b98e2d19-33f1-4f79-80c8-78219e23739a, command=[]} | ret=SUCCESS |  
2019-09-04 10:16:39,017 | INFO  | SCMAudit | user=jenkins1000 | ip=192.168.36.67 | op=SEND_HEARTBEAT {datanodeUUID=31b4e676-369f-4979-b1c2-672ed0f2e414, command=[]} | ret=SUCCESS |  
2019-09-04 10:16:39,156 | INFO  | SCMAudit | user=jenkins1000 | ip=192.168.36.67 | op=SEND_HEARTBEAT {datanodeUUID=9e2f2840-376d-44a7-a0d8-66a1275e3925, command=[]} | ret=SUCCESS |  
2019-09-04 10:16:39,164 [main] WARN  scm.XceiverClientRatis (XceiverClientRatis.java:watchForCommit(262)) - 3 way commit failed on pipeline Pipeline[ Id: 29e2132c-fc29-4d4f-9381-8cc16f498c60, Nodes: cc26b0b0-42a6-4c40-b1c0-3a6e3a9aaf66{ip: 192.168.36.67, host: pr-hdds-1569-fjd24-125839774, networkLocation: /default-rack, certSerialId: null}31b4e676-369f-4979-b1c2-672ed0f2e414{ip: 192.168.36.67, host: pr-hdds-1569-fjd24-125839774, networkLocation: /default-rack, certSerialId: null}b98e2d19-33f1-4f79-80c8-78219e23739a{ip: 192.168.36.67, host: pr-hdds-1569-fjd24-125839774, networkLocation: /default-rack, certSerialId: null}, Type:RATIS, Factor:THREE, State:OPEN]
java.util.concurrent.TimeoutException
	at java.util.concurrent.CompletableFuture.timedGet(CompletableFuture.java:1771)
	at java.util.concurrent.CompletableFuture.get(CompletableFuture.java:1915)
	at org.apache.hadoop.hdds.scm.XceiverClientRatis.watchForCommit(XceiverClientRatis.java:259)
	at org.apache.hadoop.hdds.scm.storage.CommitWatcher.watchForCommit(CommitWatcher.java:194)
	at org.apache.hadoop.hdds.scm.storage.CommitWatcher.watchOnLastIndex(CommitWatcher.java:157)
	at org.apache.hadoop.hdds.scm.storage.BlockOutputStream.watchForCommit(BlockOutputStream.java:347)
	at org.apache.hadoop.hdds.scm.storage.BlockOutputStream.handleFlush(BlockOutputStream.java:479)
	at org.apache.hadoop.hdds.scm.storage.BlockOutputStream.flush(BlockOutputStream.java:428)
	at org.apache.hadoop.ozone.client.io.BlockOutputStreamEntry.flush(BlockOutputStreamEntry.java:136)
	at org.apache.hadoop.ozone.client.io.KeyOutputStream.handleFlushOrClose(KeyOutputStream.java:442)
	at org.apache.hadoop.ozone.client.io.KeyOutputStream.flush(KeyOutputStream.java:396)
	at org.apache.hadoop.ozone.client.io.OzoneOutputStream.flush(OzoneOutputStream.java:54)
	at org.apache.hadoop.ozone.client.rpc.TestBlockOutputStreamWithFailures.testFailureWithPrimeSizedData(TestBlockOutputStreamWithFailures.java:599)
	at sun.reflect.NativeMethodAccessorImpl.invoke0(Native Method)
	at sun.reflect.NativeMethodAccessorImpl.invoke(NativeMethodAccessorImpl.java:62)
	at sun.reflect.DelegatingMethodAccessorImpl.invoke(DelegatingMethodAccessorImpl.java:43)
	at java.lang.reflect.Method.invoke(Method.java:498)
	at org.junit.runners.model.FrameworkMethod$1.runReflectiveCall(FrameworkMethod.java:47)
	at org.junit.internal.runners.model.ReflectiveCallable.run(ReflectiveCallable.java:12)
	at org.junit.runners.model.FrameworkMethod.invokeExplosively(FrameworkMethod.java:44)
	at org.junit.internal.runners.statements.InvokeMethod.evaluate(InvokeMethod.java:17)
	at org.junit.internal.runners.statements.RunBefores.evaluate(RunBefores.java:26)
	at org.junit.internal.runners.statements.RunAfters.evaluate(RunAfters.java:27)
	at org.junit.runners.ParentRunner.runLeaf(ParentRunner.java:271)
	at org.junit.runners.BlockJUnit4ClassRunner.runChild(BlockJUnit4ClassRunner.java:70)
	at org.junit.runners.BlockJUnit4ClassRunner.runChild(BlockJUnit4ClassRunner.java:50)
	at org.junit.runners.ParentRunner$3.run(ParentRunner.java:238)
	at org.junit.runners.ParentRunner$1.schedule(ParentRunner.java:63)
	at org.junit.runners.ParentRunner.runChildren(ParentRunner.java:236)
	at org.junit.runners.ParentRunner.access$000(ParentRunner.java:53)
	at org.junit.runners.ParentRunner$2.evaluate(ParentRunner.java:229)
	at org.junit.runners.ParentRunner.run(ParentRunner.java:309)
	at org.apache.maven.surefire.junit4.JUnit4Provider.execute(JUnit4Provider.java:365)
	at org.apache.maven.surefire.junit4.JUnit4Provider.executeWithRerun(JUnit4Provider.java:273)
	at org.apache.maven.surefire.junit4.JUnit4Provider.executeTestSet(JUnit4Provider.java:238)
	at org.apache.maven.surefire.junit4.JUnit4Provider.invoke(JUnit4Provider.java:159)
	at org.apache.maven.surefire.booter.ForkedBooter.invokeProviderInSameClassLoader(ForkedBooter.java:384)
	at org.apache.maven.surefire.booter.ForkedBooter.runSuitesInProcess(ForkedBooter.java:345)
	at org.apache.maven.surefire.booter.ForkedBooter.execute(ForkedBooter.java:126)
	at org.apache.maven.surefire.booter.ForkedBooter.main(ForkedBooter.java:418)
2019-09-04 10:16:39,441 | INFO  | SCMAudit | user=jenkins1000 | ip=192.168.36.67 | op=SEND_HEARTBEAT {datanodeUUID=83bf1d66-3343-4f2f-b64f-e9bea6992cf9, command=[]} | ret=SUCCESS |  
2019-09-04 10:16:39,707 | INFO  | SCMAudit | user=jenkins1000 | ip=192.168.36.67 | op=SEND_HEARTBEAT {datanodeUUID=d31f0293-0228-4a75-90b9-c3e018e44e78, command=[]} | ret=SUCCESS |  
2019-09-04 10:16:39,946 | INFO  | SCMAudit | user=jenkins1000 | ip=192.168.36.67 | op=SEND_HEARTBEAT {datanodeUUID=b80378ed-5f1b-4740-b601-1e0bc7c6be7e, command=[]} | ret=SUCCESS |  
2019-09-04 10:16:40,016 | INFO  | SCMAudit | user=jenkins1000 | ip=192.168.36.67 | op=SEND_HEARTBEAT {datanodeUUID=cc26b0b0-42a6-4c40-b1c0-3a6e3a9aaf66, command=[]} | ret=SUCCESS |  
2019-09-04 10:16:40,018 | INFO  | SCMAudit | user=jenkins1000 | ip=192.168.36.67 | op=SEND_HEARTBEAT {datanodeUUID=b98e2d19-33f1-4f79-80c8-78219e23739a, command=[]} | ret=SUCCESS |  
2019-09-04 10:16:40,018 | INFO  | SCMAudit | user=jenkins1000 | ip=192.168.36.67 | op=SEND_HEARTBEAT {datanodeUUID=31b4e676-369f-4979-b1c2-672ed0f2e414, command=[]} | ret=SUCCESS |  
2019-09-04 10:16:40,156 | INFO  | SCMAudit | user=jenkins1000 | ip=192.168.36.67 | op=SEND_HEARTBEAT {datanodeUUID=9e2f2840-376d-44a7-a0d8-66a1275e3925, command=[]} | ret=SUCCESS |  
2019-09-04 10:16:40,167 [main] WARN  storage.CommitWatcher (CommitWatcher.java:watchForCommit(203)) - watchForCommit failed for index 4
java.util.concurrent.TimeoutException
	at java.util.concurrent.CompletableFuture.timedGet(CompletableFuture.java:1771)
	at java.util.concurrent.CompletableFuture.get(CompletableFuture.java:1915)
	at org.apache.hadoop.hdds.scm.XceiverClientRatis.watchForCommit(XceiverClientRatis.java:268)
	at org.apache.hadoop.hdds.scm.storage.CommitWatcher.watchForCommit(CommitWatcher.java:194)
	at org.apache.hadoop.hdds.scm.storage.CommitWatcher.watchOnLastIndex(CommitWatcher.java:157)
	at org.apache.hadoop.hdds.scm.storage.BlockOutputStream.watchForCommit(BlockOutputStream.java:347)
	at org.apache.hadoop.hdds.scm.storage.BlockOutputStream.handleFlush(BlockOutputStream.java:479)
	at org.apache.hadoop.hdds.scm.storage.BlockOutputStream.flush(BlockOutputStream.java:428)
	at org.apache.hadoop.ozone.client.io.BlockOutputStreamEntry.flush(BlockOutputStreamEntry.java:136)
	at org.apache.hadoop.ozone.client.io.KeyOutputStream.handleFlushOrClose(KeyOutputStream.java:442)
	at org.apache.hadoop.ozone.client.io.KeyOutputStream.flush(KeyOutputStream.java:396)
	at org.apache.hadoop.ozone.client.io.OzoneOutputStream.flush(OzoneOutputStream.java:54)
	at org.apache.hadoop.ozone.client.rpc.TestBlockOutputStreamWithFailures.testFailureWithPrimeSizedData(TestBlockOutputStreamWithFailures.java:599)
	at sun.reflect.NativeMethodAccessorImpl.invoke0(Native Method)
	at sun.reflect.NativeMethodAccessorImpl.invoke(NativeMethodAccessorImpl.java:62)
	at sun.reflect.DelegatingMethodAccessorImpl.invoke(DelegatingMethodAccessorImpl.java:43)
	at java.lang.reflect.Method.invoke(Method.java:498)
	at org.junit.runners.model.FrameworkMethod$1.runReflectiveCall(FrameworkMethod.java:47)
	at org.junit.internal.runners.model.ReflectiveCallable.run(ReflectiveCallable.java:12)
	at org.junit.runners.model.FrameworkMethod.invokeExplosively(FrameworkMethod.java:44)
	at org.junit.internal.runners.statements.InvokeMethod.evaluate(InvokeMethod.java:17)
	at org.junit.internal.runners.statements.RunBefores.evaluate(RunBefores.java:26)
	at org.junit.internal.runners.statements.RunAfters.evaluate(RunAfters.java:27)
	at org.junit.runners.ParentRunner.runLeaf(ParentRunner.java:271)
	at org.junit.runners.BlockJUnit4ClassRunner.runChild(BlockJUnit4ClassRunner.java:70)
	at org.junit.runners.BlockJUnit4ClassRunner.runChild(BlockJUnit4ClassRunner.java:50)
	at org.junit.runners.ParentRunner$3.run(ParentRunner.java:238)
	at org.junit.runners.ParentRunner$1.schedule(ParentRunner.java:63)
	at org.junit.runners.ParentRunner.runChildren(ParentRunner.java:236)
	at org.junit.runners.ParentRunner.access$000(ParentRunner.java:53)
	at org.junit.runners.ParentRunner$2.evaluate(ParentRunner.java:229)
	at org.junit.runners.ParentRunner.run(ParentRunner.java:309)
	at org.apache.maven.surefire.junit4.JUnit4Provider.execute(JUnit4Provider.java:365)
	at org.apache.maven.surefire.junit4.JUnit4Provider.executeWithRerun(JUnit4Provider.java:273)
	at org.apache.maven.surefire.junit4.JUnit4Provider.executeTestSet(JUnit4Provider.java:238)
	at org.apache.maven.surefire.junit4.JUnit4Provider.invoke(JUnit4Provider.java:159)
	at org.apache.maven.surefire.booter.ForkedBooter.invokeProviderInSameClassLoader(ForkedBooter.java:384)
	at org.apache.maven.surefire.booter.ForkedBooter.runSuitesInProcess(ForkedBooter.java:345)
	at org.apache.maven.surefire.booter.ForkedBooter.execute(ForkedBooter.java:126)
	at org.apache.maven.surefire.booter.ForkedBooter.main(ForkedBooter.java:418)
2019-09-04 10:16:40,169 [main] WARN  io.KeyOutputStream (KeyOutputStream.java:handleException(276)) - Encountered exception java.io.IOException: Unexpected Storage Container Exception: java.io.IOException: Unexpected Storage Container Exception: java.util.concurrent.TimeoutException on the pipeline Pipeline[ Id: 29e2132c-fc29-4d4f-9381-8cc16f498c60, Nodes: cc26b0b0-42a6-4c40-b1c0-3a6e3a9aaf66{ip: 192.168.36.67, host: pr-hdds-1569-fjd24-125839774, networkLocation: /default-rack, certSerialId: null}31b4e676-369f-4979-b1c2-672ed0f2e414{ip: 192.168.36.67, host: pr-hdds-1569-fjd24-125839774, networkLocation: /default-rack, certSerialId: null}b98e2d19-33f1-4f79-80c8-78219e23739a{ip: 192.168.36.67, host: pr-hdds-1569-fjd24-125839774, networkLocation: /default-rack, certSerialId: null}, Type:RATIS, Factor:THREE, State:OPEN]. The last committed block length is 0, uncommitted data length is 167 retry count 0
2019-09-04 10:16:40,172 | INFO  | SCMAudit | user=jenkins1000 | ip=192.168.36.67 | op=ALLOCATE_BLOCK {owner=89d996e9-3cfb-47d2-8ec5-74b5a9bad686, size=800, type=RATIS, factor=THREE} | ret=SUCCESS |  
2019-09-04 10:16:40,174 | INFO  | OMAudit | user=jenkins1000 | ip=127.0.0.1 | op=ALLOCATE_BLOCK {volume=testblockoutputstream, bucket=testblockoutputstream, key=f96ccff6-2d3b-4b96-a489-7d8b1d81e407, dataSize=0, replicationType=null, replicationFactor=null, keyLocationInfo=null, clientID=102733722012352528} | ret=SUCCESS |  
2019-09-04 10:16:40,353 | INFO  | DNAudit | user=null | ip=null | op=WRITE_CHUNK {blockData=conID: 2 locID: 102733722430472210 bcsId: 0} | ret=SUCCESS |  
2019-09-04 10:16:40,353 | INFO  | DNAudit | user=null | ip=null | op=WRITE_CHUNK {blockData=conID: 2 locID: 102733722430472210 bcsId: 0} | ret=SUCCESS |  
2019-09-04 10:16:40,353 | INFO  | DNAudit | user=null | ip=null | op=WRITE_CHUNK {blockData=conID: 2 locID: 102733722430472210 bcsId: 0} | ret=SUCCESS |  
2019-09-04 10:16:40,354 | INFO  | SCMAudit | user=jenkins1000 | ip=192.168.36.67 | op=SEND_HEARTBEAT {datanodeUUID=83bf1d66-3343-4f2f-b64f-e9bea6992cf9, command=[]} | ret=SUCCESS |  
2019-09-04 10:16:40,354 | INFO  | SCMAudit | user=jenkins1000 | ip=192.168.36.67 | op=SEND_HEARTBEAT {datanodeUUID=b80378ed-5f1b-4740-b601-1e0bc7c6be7e, command=[]} | ret=SUCCESS |  
2019-09-04 10:16:40,355 | INFO  | SCMAudit | user=jenkins1000 | ip=192.168.36.67 | op=SEND_HEARTBEAT {datanodeUUID=9e2f2840-376d-44a7-a0d8-66a1275e3925, command=[]} | ret=SUCCESS |  
2019-09-04 10:16:40,367 | INFO  | DNAudit | user=null | ip=null | op=WRITE_CHUNK {blockData=conID: 2 locID: 102733722430472210 bcsId: 0} | ret=SUCCESS |  
2019-09-04 10:16:40,372 [grpc-default-executor-11] INFO  client.GrpcClientProtocolClient (GrpcClientProtocolClient.java:onNext(255)) - client-66743BC9C895->83bf1d66-3343-4f2f-b64f-e9bea6992cf9: receive RaftClientReply:client-66743BC9C895->83bf1d66-3343-4f2f-b64f-e9bea6992cf9@group-110FF0B2046C, cid=227, SUCCESS, logIndex=1, commits[83bf1d66-3343-4f2f-b64f-e9bea6992cf9:c1, 9e2f2840-376d-44a7-a0d8-66a1275e3925:c0, b80378ed-5f1b-4740-b601-1e0bc7c6be7e:c0]
2019-09-04 10:16:40,377 | INFO  | DNAudit | user=null | ip=null | op=WRITE_CHUNK {blockData=conID: 2 locID: 102733722430472210 bcsId: 0} | ret=SUCCESS |  
2019-09-04 10:16:40,379 | INFO  | DNAudit | user=null | ip=null | op=WRITE_CHUNK {blockData=conID: 2 locID: 102733722430472210 bcsId: 0} | ret=SUCCESS |  
2019-09-04 10:16:40,379 | INFO  | DNAudit | user=null | ip=null | op=WRITE_CHUNK {blockData=conID: 2 locID: 102733722430472210 bcsId: 0} | ret=SUCCESS |  
2019-09-04 10:16:40,379 | INFO  | DNAudit | user=null | ip=null | op=WRITE_CHUNK {blockData=conID: 2 locID: 102733722430472210 bcsId: 0} | ret=SUCCESS |  
2019-09-04 10:16:40,379 | INFO  | DNAudit | user=null | ip=null | op=WRITE_CHUNK {blockData=conID: 2 locID: 102733722430472210 bcsId: 0} | ret=SUCCESS |  
2019-09-04 10:16:40,397 | INFO  | DNAudit | user=null | ip=null | op=WRITE_CHUNK {blockData=conID: 2 locID: 102733722430472210 bcsId: 0} | ret=SUCCESS |  
2019-09-04 10:16:40,404 [grpc-default-executor-10] INFO  client.GrpcClientProtocolClient (GrpcClientProtocolClient.java:onNext(255)) - client-66743BC9C895->83bf1d66-3343-4f2f-b64f-e9bea6992cf9: receive RaftClientReply:client-66743BC9C895->83bf1d66-3343-4f2f-b64f-e9bea6992cf9@group-110FF0B2046C, cid=228, SUCCESS, logIndex=3, commits[83bf1d66-3343-4f2f-b64f-e9bea6992cf9:c4, 9e2f2840-376d-44a7-a0d8-66a1275e3925:c1, b80378ed-5f1b-4740-b601-1e0bc7c6be7e:c1]
2019-09-04 10:16:40,412 | INFO  | DNAudit | user=null | ip=null | op=WRITE_CHUNK {blockData=conID: 2 locID: 102733722430472210 bcsId: 0} | ret=SUCCESS |  
2019-09-04 10:16:40,412 | INFO  | DNAudit | user=null | ip=null | op=WRITE_CHUNK {blockData=conID: 2 locID: 102733722430472210 bcsId: 0} | ret=SUCCESS |  
2019-09-04 10:16:40,536 | INFO  | DNAudit | user=null | ip=null | op=PUT_BLOCK {blockData=[blockId=conID: 2 locID: 102733722430472210 bcsId: 0,size=167]} | ret=SUCCESS |  
2019-09-04 10:16:40,537 [grpc-default-executor-10] INFO  client.GrpcClientProtocolClient (GrpcClientProtocolClient.java:onNext(255)) - client-66743BC9C895->83bf1d66-3343-4f2f-b64f-e9bea6992cf9: receive RaftClientReply:client-66743BC9C895->83bf1d66-3343-4f2f-b64f-e9bea6992cf9@group-110FF0B2046C, cid=229, SUCCESS, logIndex=4, commits[83bf1d66-3343-4f2f-b64f-e9bea6992cf9:c6, 9e2f2840-376d-44a7-a0d8-66a1275e3925:c4, b80378ed-5f1b-4740-b601-1e0bc7c6be7e:c4]
2019-09-04 10:16:40,538 [main] INFO  ozone.MiniOzoneClusterImpl (MiniOzoneClusterImpl.java:shutdown(321)) - Shutting down the Mini Ozone Cluster
2019-09-04 10:16:40,538 | INFO  | SCMAudit | user=null | ip=null | op=GET_SCM_INFO null | ret=SUCCESS |  
2019-09-04 10:16:40,538 [main] INFO  ozone.MiniOzoneClusterImpl (MiniOzoneClusterImpl.java:stop(336)) - Stopping the Mini Ozone Cluster
2019-09-04 10:16:40,538 [main] INFO  ozone.MiniOzoneClusterImpl (MiniOzoneClusterImpl.java:stop(338)) - Stopping the OzoneManager
2019-09-04 10:16:40,539 [main] INFO  ipc.Server (Server.java:stop(3082)) - Stopping server on 39794
2019-09-04 10:16:40,548 [IPC Server listener on 39794] INFO  ipc.Server (Server.java:run(1185)) - Stopping IPC Server listener on 39794
2019-09-04 10:16:40,548 [main] INFO  ratis.OzoneManagerDoubleBuffer (OzoneManagerDoubleBuffer.java:stop(248)) - Stopping OMDoubleBuffer flush thread
2019-09-04 10:16:40,557 [IPC Server Responder] INFO  ipc.Server (Server.java:run(1319)) - Stopping IPC Server Responder
2019-09-04 10:16:40,557 [OMDoubleBufferFlushThread] INFO  ratis.OzoneManagerDoubleBuffer (OzoneManagerDoubleBuffer.java:flushTransactions(191)) - OMDoubleBuffer flush thread OMDoubleBufferFlushThread is interrupted and will exit. OMDoubleBufferFlushThread
2019-09-04 10:16:40,558 [main] INFO  utils.BackgroundService (BackgroundService.java:shutdown(148)) - Shutting down service KeyDeletingService
2019-09-04 10:16:40,559 [main] INFO  handler.ContextHandler (ContextHandler.java:doStop(910)) - Stopped o.e.j.w.WebAppContext@ab5af13{/,null,UNAVAILABLE}{/ozoneManager}
2019-09-04 10:16:40,559 [main] INFO  server.AbstractConnector (AbstractConnector.java:doStop(318)) - Stopped ServerConnector@2f2e75ae{HTTP/1.1,[http/1.1]}{0.0.0.0:0}
2019-09-04 10:16:40,559 [main] INFO  handler.ContextHandler (ContextHandler.java:doStop(910)) - Stopped o.e.j.s.ServletContextHandler@73c25e8{/static,file:///workdir/hadoop-ozone/integration-test/target/test-classes/webapps/static,UNAVAILABLE}
2019-09-04 10:16:40,560 [main] INFO  handler.ContextHandler (ContextHandler.java:doStop(910)) - Stopped o.e.j.s.ServletContextHandler@4664cd32{/logs,file:///workdir/hadoop-ozone/integration-test/target/log,UNAVAILABLE}
2019-09-04 10:16:40,561 [main] INFO  ozone.MiniOzoneClusterImpl (MiniOzoneClusterImpl.java:stop(344)) - Shutting the HddsDatanodes
2019-09-04 10:16:40,562 [main] INFO  datanode.ObjectStoreHandler (ObjectStoreHandler.java:close(155)) - Closing ObjectStoreHandler.
2019-09-04 10:16:40,562 [ForkJoinPool.commonPool-worker-0] INFO  datanode.ObjectStoreHandler (ObjectStoreHandler.java:close(155)) - Closing ObjectStoreHandler.
2019-09-04 10:16:40,562 [main] INFO  ozone.HddsDatanodeService (HddsDatanodeService.java:stop(451)) - Stopped plug-in org.apache.hadoop.ozone.web.OzoneHddsDatanodeService@6c758c74
2019-09-04 10:16:40,562 [ForkJoinPool.commonPool-worker-0] INFO  ozone.HddsDatanodeService (HddsDatanodeService.java:stop(451)) - Stopped plug-in org.apache.hadoop.ozone.web.OzoneHddsDatanodeService@1743c249
2019-09-04 10:16:40,572 [grpc-default-executor-11] INFO  client.GrpcClientProtocolClient (GrpcClientProtocolClient.java:onNext(255)) - client-128321F83C37->b98e2d19-33f1-4f79-80c8-78219e23739a: receive RaftClientReply:client-128321F83C37->b98e2d19-33f1-4f79-80c8-78219e23739a@group-8CC16F498C60, cid=226, SUCCESS, logIndex=0, commits[b98e2d19-33f1-4f79-80c8-78219e23739a:c6, 31b4e676-369f-4979-b1c2-672ed0f2e414:c6, cc26b0b0-42a6-4c40-b1c0-3a6e3a9aaf66:c3]
2019-09-04 10:16:40,572 [grpc-default-executor-11] INFO  client.GrpcClientProtocolClient (GrpcClientProtocolClient.java:onNext(255)) - client-128321F83C37->b98e2d19-33f1-4f79-80c8-78219e23739a: receive RaftClientReply:client-128321F83C37->b98e2d19-33f1-4f79-80c8-78219e23739a@group-8CC16F498C60, cid=225, SUCCESS, logIndex=0, commits[b98e2d19-33f1-4f79-80c8-78219e23739a:c6, 31b4e676-369f-4979-b1c2-672ed0f2e414:c6, cc26b0b0-42a6-4c40-b1c0-3a6e3a9aaf66:c6]
2019-09-04 10:16:40,615 | INFO  | DNAudit | user=null | ip=null | op=PUT_BLOCK {blockData=[blockId=conID: 2 locID: 102733722430472210 bcsId: 0,size=167]} | ret=SUCCESS |  
2019-09-04 10:16:40,669 | INFO  | DNAudit | user=null | ip=null | op=PUT_BLOCK {blockData=[blockId=conID: 2 locID: 102733722430472210 bcsId: 0,size=167]} | ret=SUCCESS |  
2019-09-04 10:16:40,707 | INFO  | SCMAudit | user=jenkins1000 | ip=192.168.36.67 | op=SEND_HEARTBEAT {datanodeUUID=d31f0293-0228-4a75-90b9-c3e018e44e78, command=[]} | ret=SUCCESS |  
2019-09-04 10:16:40,734 | INFO  | DNAudit | user=null | ip=null | op=PUT_BLOCK {blockData=[blockId=conID: 1 locID: 102733722012745745 bcsId: 0,size=167]} | ret=SUCCESS |  
2019-09-04 10:16:40,886 | INFO  | DNAudit | user=null | ip=null | op=PUT_BLOCK {blockData=[blockId=conID: 1 locID: 102733722012745745 bcsId: 0,size=167]} | ret=SUCCESS |  
2019-09-04 10:16:41,017 | INFO  | SCMAudit | user=jenkins1000 | ip=192.168.36.67 | op=SEND_HEARTBEAT {datanodeUUID=cc26b0b0-42a6-4c40-b1c0-3a6e3a9aaf66, command=[]} | ret=SUCCESS |  
2019-09-04 10:16:41,017 [Datanode State Machine Thread - 0] INFO  statemachine.DatanodeStateMachine (DatanodeStateMachine.java:lambda$startDaemon$0(350)) - Ozone container server started.
2019-09-04 10:16:41,019 | INFO  | SCMAudit | user=jenkins1000 | ip=192.168.36.67 | op=SEND_HEARTBEAT {datanodeUUID=31b4e676-369f-4979-b1c2-672ed0f2e414, command=[]} | ret=SUCCESS |  
2019-09-04 10:16:41,351 | INFO  | SCMAudit | user=jenkins1000 | ip=192.168.36.67 | op=SEND_HEARTBEAT {datanodeUUID=83bf1d66-3343-4f2f-b64f-e9bea6992cf9, command=[]} | ret=SUCCESS |  
2019-09-04 10:16:41,353 [Datanode State Machine Thread - 0] INFO  statemachine.DatanodeStateMachine (DatanodeStateMachine.java:lambda$startDaemon$0(350)) - Ozone container server started.
2019-09-04 10:16:41,354 | INFO  | SCMAudit | user=jenkins1000 | ip=192.168.36.67 | op=SEND_HEARTBEAT {datanodeUUID=b80378ed-5f1b-4740-b601-1e0bc7c6be7e, command=[]} | ret=SUCCESS |  
2019-09-04 10:16:41,706 | INFO  | SCMAudit | user=jenkins1000 | ip=192.168.36.67 | op=SEND_HEARTBEAT {datanodeUUID=d31f0293-0228-4a75-90b9-c3e018e44e78, command=[]} | ret=SUCCESS |  
2019-09-04 10:16:42,017 | INFO  | SCMAudit | user=jenkins1000 | ip=192.168.36.67 | op=SEND_HEARTBEAT {datanodeUUID=cc26b0b0-42a6-4c40-b1c0-3a6e3a9aaf66, command=[]} | ret=SUCCESS |  
2019-09-04 10:16:42,019 | INFO  | SCMAudit | user=jenkins1000 | ip=192.168.36.67 | op=SEND_HEARTBEAT {datanodeUUID=31b4e676-369f-4979-b1c2-672ed0f2e414, command=[]} | ret=SUCCESS |  
2019-09-04 10:16:42,352 | INFO  | SCMAudit | user=jenkins1000 | ip=192.168.36.67 | op=SEND_HEARTBEAT {datanodeUUID=83bf1d66-3343-4f2f-b64f-e9bea6992cf9, command=[]} | ret=SUCCESS |  
2019-09-04 10:16:42,354 | INFO  | SCMAudit | user=jenkins1000 | ip=192.168.36.67 | op=SEND_HEARTBEAT {datanodeUUID=b80378ed-5f1b-4740-b601-1e0bc7c6be7e, command=[]} | ret=SUCCESS |  
2019-09-04 10:16:42,708 | INFO  | SCMAudit | user=jenkins1000 | ip=192.168.36.67 | op=SEND_HEARTBEAT {datanodeUUID=d31f0293-0228-4a75-90b9-c3e018e44e78, command=[]} | ret=SUCCESS |  
2019-09-04 10:16:43,017 | INFO  | SCMAudit | user=jenkins1000 | ip=192.168.36.67 | op=SEND_HEARTBEAT {datanodeUUID=cc26b0b0-42a6-4c40-b1c0-3a6e3a9aaf66, command=[]} | ret=SUCCESS |  
2019-09-04 10:16:43,019 | INFO  | SCMAudit | user=jenkins1000 | ip=192.168.36.67 | op=SEND_HEARTBEAT {datanodeUUID=31b4e676-369f-4979-b1c2-672ed0f2e414, command=[]} | ret=SUCCESS |  
2019-09-04 10:16:43,352 | INFO  | SCMAudit | user=jenkins1000 | ip=192.168.36.67 | op=SEND_HEARTBEAT {datanodeUUID=83bf1d66-3343-4f2f-b64f-e9bea6992cf9, command=[]} | ret=SUCCESS |  
2019-09-04 10:16:43,354 | INFO  | SCMAudit | user=jenkins1000 | ip=192.168.36.67 | op=SEND_HEARTBEAT {datanodeUUID=b80378ed-5f1b-4740-b601-1e0bc7c6be7e, command=[]} | ret=SUCCESS |  
2019-09-04 10:16:43,706 | INFO  | SCMAudit | user=jenkins1000 | ip=192.168.36.67 | op=SEND_HEARTBEAT {datanodeUUID=d31f0293-0228-4a75-90b9-c3e018e44e78, command=[]} | ret=SUCCESS |  
2019-09-04 10:16:44,018 | INFO  | SCMAudit | user=jenkins1000 | ip=192.168.36.67 | op=SEND_HEARTBEAT {datanodeUUID=cc26b0b0-42a6-4c40-b1c0-3a6e3a9aaf66, command=[]} | ret=SUCCESS |  
2019-09-04 10:16:44,019 | INFO  | SCMAudit | user=jenkins1000 | ip=192.168.36.67 | op=SEND_HEARTBEAT {datanodeUUID=31b4e676-369f-4979-b1c2-672ed0f2e414, command=[]} | ret=SUCCESS |  
2019-09-04 10:16:44,351 | INFO  | SCMAudit | user=jenkins1000 | ip=192.168.36.67 | op=SEND_HEARTBEAT {datanodeUUID=83bf1d66-3343-4f2f-b64f-e9bea6992cf9, command=[]} | ret=SUCCESS |  
2019-09-04 10:16:44,354 | INFO  | SCMAudit | user=jenkins1000 | ip=192.168.36.67 | op=SEND_HEARTBEAT {datanodeUUID=b80378ed-5f1b-4740-b601-1e0bc7c6be7e, command=[]} | ret=SUCCESS |  
2019-09-04 10:16:44,706 | INFO  | SCMAudit | user=jenkins1000 | ip=192.168.36.67 | op=SEND_HEARTBEAT {datanodeUUID=d31f0293-0228-4a75-90b9-c3e018e44e78, command=[]} | ret=SUCCESS |  
2019-09-04 10:16:45,018 | INFO  | SCMAudit | user=jenkins1000 | ip=192.168.36.67 | op=SEND_HEARTBEAT {datanodeUUID=cc26b0b0-42a6-4c40-b1c0-3a6e3a9aaf66, command=[]} | ret=SUCCESS |  
2019-09-04 10:16:45,019 | INFO  | SCMAudit | user=jenkins1000 | ip=192.168.36.67 | op=SEND_HEARTBEAT {datanodeUUID=31b4e676-369f-4979-b1c2-672ed0f2e414, command=[]} | ret=SUCCESS |  
2019-09-04 10:16:45,055 [EventQueue-StaleNodeForStaleNodeHandler] INFO  node.StaleNodeHandler (StaleNodeHandler.java:onMessage(58)) - Datanode b98e2d19-33f1-4f79-80c8-78219e23739a{ip: 192.168.36.67, host: pr-hdds-1569-fjd24-125839774, networkLocation: /default-rack, certSerialId: null} moved to stale state. Finalizing its pipelines [PipelineID=29e2132c-fc29-4d4f-9381-8cc16f498c60, PipelineID=b4aa6f60-72b0-4ddf-b2f3-9a2f0a24e593]
2019-09-04 10:16:45,056 [EventQueue-StaleNodeForStaleNodeHandler] INFO  pipeline.SCMPipelineManager (SCMPipelineManager.java:finalizeAndDestroyPipeline(309)) - destroying pipeline:Pipeline[ Id: 29e2132c-fc29-4d4f-9381-8cc16f498c60, Nodes: cc26b0b0-42a6-4c40-b1c0-3a6e3a9aaf66{ip: 192.168.36.67, host: pr-hdds-1569-fjd24-125839774, networkLocation: /default-rack, certSerialId: null}31b4e676-369f-4979-b1c2-672ed0f2e414{ip: 192.168.36.67, host: pr-hdds-1569-fjd24-125839774, networkLocation: /default-rack, certSerialId: null}b98e2d19-33f1-4f79-80c8-78219e23739a{ip: 192.168.36.67, host: pr-hdds-1569-fjd24-125839774, networkLocation: /default-rack, certSerialId: null}, Type:RATIS, Factor:THREE, State:OPEN]
2019-09-04 10:16:45,056 [EventQueue-StaleNodeForStaleNodeHandler] INFO  pipeline.PipelineStateManager (PipelineStateManager.java:finalizePipeline(123)) - Pipeline Pipeline[ Id: 29e2132c-fc29-4d4f-9381-8cc16f498c60, Nodes: cc26b0b0-42a6-4c40-b1c0-3a6e3a9aaf66{ip: 192.168.36.67, host: pr-hdds-1569-fjd24-125839774, networkLocation: /default-rack, certSerialId: null}31b4e676-369f-4979-b1c2-672ed0f2e414{ip: 192.168.36.67, host: pr-hdds-1569-fjd24-125839774, networkLocation: /default-rack, certSerialId: null}b98e2d19-33f1-4f79-80c8-78219e23739a{ip: 192.168.36.67, host: pr-hdds-1569-fjd24-125839774, networkLocation: /default-rack, certSerialId: null}, Type:RATIS, Factor:THREE, State:CLOSED] moved to CLOSED state
2019-09-04 10:16:45,057 [EventQueue-CloseContainerForCloseContainerEventHandler] INFO  container.CloseContainerEventHandler (CloseContainerEventHandler.java:onMessage(61)) - Close container Event triggered for container : #1
2019-09-04 10:16:45,057 [EventQueue-StaleNodeForStaleNodeHandler] INFO  pipeline.SCMPipelineManager (SCMPipelineManager.java:finalizeAndDestroyPipeline(309)) - destroying pipeline:Pipeline[ Id: b4aa6f60-72b0-4ddf-b2f3-9a2f0a24e593, Nodes: b98e2d19-33f1-4f79-80c8-78219e23739a{ip: 192.168.36.67, host: pr-hdds-1569-fjd24-125839774, networkLocation: /default-rack, certSerialId: null}, Type:RATIS, Factor:ONE, State:OPEN]
2019-09-04 10:16:45,058 [EventQueue-StaleNodeForStaleNodeHandler] INFO  pipeline.PipelineStateManager (PipelineStateManager.java:finalizePipeline(123)) - Pipeline Pipeline[ Id: b4aa6f60-72b0-4ddf-b2f3-9a2f0a24e593, Nodes: b98e2d19-33f1-4f79-80c8-78219e23739a{ip: 192.168.36.67, host: pr-hdds-1569-fjd24-125839774, networkLocation: /default-rack, certSerialId: null}, Type:RATIS, Factor:ONE, State:CLOSED] moved to CLOSED state
2019-09-04 10:16:45,352 | INFO  | SCMAudit | user=jenkins1000 | ip=192.168.36.67 | op=SEND_HEARTBEAT {datanodeUUID=83bf1d66-3343-4f2f-b64f-e9bea6992cf9, command=[]} | ret=SUCCESS |  
2019-09-04 10:16:45,354 | INFO  | SCMAudit | user=jenkins1000 | ip=192.168.36.67 | op=SEND_HEARTBEAT {datanodeUUID=b80378ed-5f1b-4740-b601-1e0bc7c6be7e, command=[]} | ret=SUCCESS |  
2019-09-04 10:16:45,356 [EventQueue-StaleNodeForStaleNodeHandler] INFO  node.StaleNodeHandler (StaleNodeHandler.java:onMessage(58)) - Datanode 9e2f2840-376d-44a7-a0d8-66a1275e3925{ip: 192.168.36.67, host: pr-hdds-1569-fjd24-125839774, networkLocation: /default-rack, certSerialId: null} moved to stale state. Finalizing its pipelines [PipelineID=c3fddb4a-b5dc-478a-af17-c69159e81a7f, PipelineID=497e4afd-a7af-430b-8da9-110ff0b2046c]
2019-09-04 10:16:45,356 [EventQueue-StaleNodeForStaleNodeHandler] INFO  pipeline.SCMPipelineManager (SCMPipelineManager.java:finalizeAndDestroyPipeline(309)) - destroying pipeline:Pipeline[ Id: c3fddb4a-b5dc-478a-af17-c69159e81a7f, Nodes: 9e2f2840-376d-44a7-a0d8-66a1275e3925{ip: 192.168.36.67, host: pr-hdds-1569-fjd24-125839774, networkLocation: /default-rack, certSerialId: null}, Type:RATIS, Factor:ONE, State:OPEN]
2019-09-04 10:16:45,356 [EventQueue-StaleNodeForStaleNodeHandler] INFO  pipeline.PipelineStateManager (PipelineStateManager.java:finalizePipeline(123)) - Pipeline Pipeline[ Id: c3fddb4a-b5dc-478a-af17-c69159e81a7f, Nodes: 9e2f2840-376d-44a7-a0d8-66a1275e3925{ip: 192.168.36.67, host: pr-hdds-1569-fjd24-125839774, networkLocation: /default-rack, certSerialId: null}, Type:RATIS, Factor:ONE, State:CLOSED] moved to CLOSED state
2019-09-04 10:16:45,357 [EventQueue-StaleNodeForStaleNodeHandler] INFO  pipeline.SCMPipelineManager (SCMPipelineManager.java:finalizeAndDestroyPipeline(309)) - destroying pipeline:Pipeline[ Id: 497e4afd-a7af-430b-8da9-110ff0b2046c, Nodes: 83bf1d66-3343-4f2f-b64f-e9bea6992cf9{ip: 192.168.36.67, host: pr-hdds-1569-fjd24-125839774, networkLocation: /default-rack, certSerialId: null}b80378ed-5f1b-4740-b601-1e0bc7c6be7e{ip: 192.168.36.67, host: pr-hdds-1569-fjd24-125839774, networkLocation: /default-rack, certSerialId: null}9e2f2840-376d-44a7-a0d8-66a1275e3925{ip: 192.168.36.67, host: pr-hdds-1569-fjd24-125839774, networkLocation: /default-rack, certSerialId: null}, Type:RATIS, Factor:THREE, State:OPEN]
2019-09-04 10:16:45,357 [EventQueue-StaleNodeForStaleNodeHandler] INFO  pipeline.PipelineStateManager (PipelineStateManager.java:finalizePipeline(123)) - Pipeline Pipeline[ Id: 497e4afd-a7af-430b-8da9-110ff0b2046c, Nodes: 83bf1d66-3343-4f2f-b64f-e9bea6992cf9{ip: 192.168.36.67, host: pr-hdds-1569-fjd24-125839774, networkLocation: /default-rack, certSerialId: null}b80378ed-5f1b-4740-b601-1e0bc7c6be7e{ip: 192.168.36.67, host: pr-hdds-1569-fjd24-125839774, networkLocation: /default-rack, certSerialId: null}9e2f2840-376d-44a7-a0d8-66a1275e3925{ip: 192.168.36.67, host: pr-hdds-1569-fjd24-125839774, networkLocation: /default-rack, certSerialId: null}, Type:RATIS, Factor:THREE, State:CLOSED] moved to CLOSED state
2019-09-04 10:16:45,357 [EventQueue-CloseContainerForCloseContainerEventHandler] INFO  container.CloseContainerEventHandler (CloseContainerEventHandler.java:onMessage(61)) - Close container Event triggered for container : #2
2019-09-04 10:16:45,563 [main] INFO  ozoneimpl.OzoneContainer (OzoneContainer.java:stop(199)) - Attempting to stop container services.
2019-09-04 10:16:45,563 [ForkJoinPool.commonPool-worker-0] INFO  ozoneimpl.OzoneContainer (OzoneContainer.java:stop(199)) - Attempting to stop container services.
2019-09-04 10:16:45,564 [main] INFO  impl.RaftServerProxy (RaftServerProxy.java:lambda$close$4(314)) - b98e2d19-33f1-4f79-80c8-78219e23739a: close
2019-09-04 10:16:45,564 [ForkJoinPool.commonPool-worker-0] INFO  impl.RaftServerProxy (RaftServerProxy.java:lambda$close$4(314)) - 9e2f2840-376d-44a7-a0d8-66a1275e3925: close
2019-09-04 10:16:45,565 [main] INFO  impl.RaftServerImpl (RaftServerImpl.java:lambda$shutdown$3(245)) - b98e2d19-33f1-4f79-80c8-78219e23739a: shutdown group-8CC16F498C60
2019-09-04 10:16:45,565 [ForkJoinPool.commonPool-worker-0] INFO  impl.RaftServerImpl (RaftServerImpl.java:lambda$shutdown$3(245)) - 9e2f2840-376d-44a7-a0d8-66a1275e3925: shutdown group-C69159E81A7F
2019-09-04 10:16:45,565 [main] INFO  util.JmxRegister (JmxRegister.java:unregister(73)) - Successfully un-registered JMX Bean with object name Ratis:service=RaftServer,group=group-8CC16F498C60,id=b98e2d19-33f1-4f79-80c8-78219e23739a
2019-09-04 10:16:45,566 [ForkJoinPool.commonPool-worker-0] INFO  util.JmxRegister (JmxRegister.java:unregister(73)) - Successfully un-registered JMX Bean with object name Ratis:service=RaftServer,group=group-C69159E81A7F,id=9e2f2840-376d-44a7-a0d8-66a1275e3925
2019-09-04 10:16:45,566 [main] INFO  impl.RoleInfo (RoleInfo.java:shutdownLeaderState(104)) - b98e2d19-33f1-4f79-80c8-78219e23739a: shutdown LeaderState
2019-09-04 10:16:45,566 [ForkJoinPool.commonPool-worker-0] INFO  impl.RoleInfo (RoleInfo.java:shutdownLeaderState(104)) - 9e2f2840-376d-44a7-a0d8-66a1275e3925: shutdown LeaderState
2019-09-04 10:16:45,574 [main] INFO  impl.PendingRequests (PendingRequests.java:sendNotLeaderResponses(202)) - b98e2d19-33f1-4f79-80c8-78219e23739a-PendingRequests: sendNotLeaderResponses
2019-09-04 10:16:45,574 [ForkJoinPool.commonPool-worker-0] INFO  impl.PendingRequests (PendingRequests.java:sendNotLeaderResponses(202)) - 9e2f2840-376d-44a7-a0d8-66a1275e3925-PendingRequests: sendNotLeaderResponses
2019-09-04 10:16:45,574 [org.apache.ratis.server.impl.LogAppender$AppenderDaemon$$Lambda$482/1067825500@6d941f40] WARN  server.GrpcLogAppender (GrpcLogAppender.java:mayWait(143)) - GrpcLogAppender(b98e2d19-33f1-4f79-80c8-78219e23739a->cc26b0b0-42a6-4c40-b1c0-3a6e3a9aaf66): Wait interrupted by java.lang.InterruptedException
2019-09-04 10:16:45,574 [org.apache.ratis.server.impl.LogAppender$AppenderDaemon$$Lambda$482/1067825500@28968436] WARN  server.GrpcLogAppender (GrpcLogAppender.java:mayWait(143)) - GrpcLogAppender(b98e2d19-33f1-4f79-80c8-78219e23739a->31b4e676-369f-4979-b1c2-672ed0f2e414): Wait interrupted by java.lang.InterruptedException
2019-09-04 10:16:45,579 [main] INFO  impl.StateMachineUpdater (StateMachineUpdater.java:stopAndJoin(115)) - StateMachineUpdater:b98e2d19-33f1-4f79-80c8-78219e23739a:group-8CC16F498C60: set stopIndex = 6
2019-09-04 10:16:45,579 [ForkJoinPool.commonPool-worker-0] INFO  impl.StateMachineUpdater (StateMachineUpdater.java:stopAndJoin(115)) - StateMachineUpdater:9e2f2840-376d-44a7-a0d8-66a1275e3925:group-C69159E81A7F: set stopIndex = 0
2019-09-04 10:16:45,581 [ForkJoinPool.commonPool-worker-0] INFO  impl.RaftServerImpl (ServerState.java:close(394)) - 9e2f2840-376d-44a7-a0d8-66a1275e3925:group-C69159E81A7F closes. The last applied log index is 0
2019-09-04 10:16:45,580 [grpc-default-executor-1] INFO  server.GrpcServerProtocolService (GrpcServerProtocolService.java:onCompleted(104)) - 31b4e676-369f-4979-b1c2-672ed0f2e414: appendEntries completed
2019-09-04 10:16:45,580 [grpc-default-executor-11] INFO  server.GrpcServerProtocolService (GrpcServerProtocolService.java:onCompleted(104)) - cc26b0b0-42a6-4c40-b1c0-3a6e3a9aaf66: appendEntries completed
2019-09-04 10:16:45,580 [StateMachineUpdater:b98e2d19-33f1-4f79-80c8-78219e23739a:group-8CC16F498C60] INFO  ratis.ContainerStateMachine (ContainerStateMachine.java:takeSnapshot(283)) - group-8CC16F498C60: Taking a snapshot at:(t:1, i:6) file /workdir/hadoop-ozone/integration-test/target/test-dir/MiniOzoneClusterImpl-92bdd970-4d32-4065-b0f9-0a546f741942/datanode-4/data/ratis/29e2132c-fc29-4d4f-9381-8cc16f498c60/sm/snapshot.1_6
2019-09-04 10:16:45,581 [grpc-default-executor-11] INFO  server.GrpcLogAppender (GrpcLogAppender.java:onCompleted(292)) - b98e2d19-33f1-4f79-80c8-78219e23739a->31b4e676-369f-4979-b1c2-672ed0f2e414: follower responses appendEntries COMPLETED
2019-09-04 10:16:45,581 [9e2f2840-376d-44a7-a0d8-66a1275e3925-SegmentedRaftLogWorker:Storage Directory /workdir/hadoop-ozone/integration-test/target/test-dir/MiniOzoneClusterImpl-92bdd970-4d32-4065-b0f9-0a546f741942/datanode-1/data/ratis/c3fddb4a-b5dc-478a-af17-c69159e81a7f] INFO  segmented.SegmentedRaftLogWorker (SegmentedRaftLogWorker.java:run(313)) - 9e2f2840-376d-44a7-a0d8-66a1275e3925-SegmentedRaftLogWorker:Storage Directory /workdir/hadoop-ozone/integration-test/target/test-dir/MiniOzoneClusterImpl-92bdd970-4d32-4065-b0f9-0a546f741942/datanode-1/data/ratis/c3fddb4a-b5dc-478a-af17-c69159e81a7f was interrupted, exiting. There are 0 tasks remaining in the queue.
2019-09-04 10:16:45,582 [grpc-default-executor-1] INFO  server.GrpcLogAppender (GrpcLogAppender.java:onCompleted(292)) - b98e2d19-33f1-4f79-80c8-78219e23739a->cc26b0b0-42a6-4c40-b1c0-3a6e3a9aaf66: follower responses appendEntries COMPLETED
2019-09-04 10:16:45,584 [grpc-default-executor-11] INFO  impl.FollowerInfo (FollowerInfo.java:lambda$new$0(50)) - b98e2d19-33f1-4f79-80c8-78219e23739a->31b4e676-369f-4979-b1c2-672ed0f2e414: nextIndex: updateUnconditionally 7 -> 6
2019-09-04 10:16:45,584 [grpc-default-executor-1] INFO  impl.FollowerInfo (FollowerInfo.java:lambda$new$0(50)) - b98e2d19-33f1-4f79-80c8-78219e23739a->cc26b0b0-42a6-4c40-b1c0-3a6e3a9aaf66: nextIndex: updateUnconditionally 7 -> 6
2019-09-04 10:16:45,584 [ForkJoinPool.commonPool-worker-0] INFO  segmented.SegmentedRaftLogWorker (SegmentedRaftLogWorker.java:close(228)) - 9e2f2840-376d-44a7-a0d8-66a1275e3925-SegmentedRaftLogWorker:Storage Directory /workdir/hadoop-ozone/integration-test/target/test-dir/MiniOzoneClusterImpl-92bdd970-4d32-4065-b0f9-0a546f741942/datanode-1/data/ratis/c3fddb4a-b5dc-478a-af17-c69159e81a7f close()
2019-09-04 10:16:45,589 [ForkJoinPool.commonPool-worker-0] INFO  impl.RaftServerImpl (RaftServerImpl.java:lambda$shutdown$3(245)) - 9e2f2840-376d-44a7-a0d8-66a1275e3925: shutdown group-110FF0B2046C
2019-09-04 10:16:45,590 [ForkJoinPool.commonPool-worker-0] INFO  util.JmxRegister (JmxRegister.java:unregister(73)) - Successfully un-registered JMX Bean with object name Ratis:service=RaftServer,group=group-110FF0B2046C,id=9e2f2840-376d-44a7-a0d8-66a1275e3925
2019-09-04 10:16:45,590 [ForkJoinPool.commonPool-worker-0] INFO  impl.RoleInfo (RoleInfo.java:shutdownFollowerState(121)) - 9e2f2840-376d-44a7-a0d8-66a1275e3925: shutdown FollowerState
2019-09-04 10:16:45,590 [ForkJoinPool.commonPool-worker-0] INFO  impl.StateMachineUpdater (StateMachineUpdater.java:stopAndJoin(115)) - StateMachineUpdater:9e2f2840-376d-44a7-a0d8-66a1275e3925:group-110FF0B2046C: set stopIndex = 6
2019-09-04 10:16:45,590 [Thread-4167] INFO  impl.FollowerState (FollowerState.java:run(114)) - 9e2f2840-376d-44a7-a0d8-66a1275e3925: FollowerState was interrupted: java.lang.InterruptedException: sleep interrupted
2019-09-04 10:16:45,590 [StateMachineUpdater:9e2f2840-376d-44a7-a0d8-66a1275e3925:group-110FF0B2046C] INFO  ratis.ContainerStateMachine (ContainerStateMachine.java:takeSnapshot(283)) - group-110FF0B2046C: Taking a snapshot at:(t:1, i:4) file /workdir/hadoop-ozone/integration-test/target/test-dir/MiniOzoneClusterImpl-92bdd970-4d32-4065-b0f9-0a546f741942/datanode-1/data/ratis/497e4afd-a7af-430b-8da9-110ff0b2046c/sm/snapshot.1_4
2019-09-04 10:16:45,595 [StateMachineUpdater:9e2f2840-376d-44a7-a0d8-66a1275e3925:group-110FF0B2046C] INFO  ratis.ContainerStateMachine (ContainerStateMachine.java:takeSnapshot(294)) - group-110FF0B2046C: Finished taking a snapshot at:(t:1, i:4) file:/workdir/hadoop-ozone/integration-test/target/test-dir/MiniOzoneClusterImpl-92bdd970-4d32-4065-b0f9-0a546f741942/datanode-1/data/ratis/497e4afd-a7af-430b-8da9-110ff0b2046c/sm/snapshot.1_4 time:5
2019-09-04 10:16:45,595 [StateMachineUpdater:b98e2d19-33f1-4f79-80c8-78219e23739a:group-8CC16F498C60] INFO  ratis.ContainerStateMachine (ContainerStateMachine.java:takeSnapshot(294)) - group-8CC16F498C60: Finished taking a snapshot at:(t:1, i:6) file:/workdir/hadoop-ozone/integration-test/target/test-dir/MiniOzoneClusterImpl-92bdd970-4d32-4065-b0f9-0a546f741942/datanode-4/data/ratis/29e2132c-fc29-4d4f-9381-8cc16f498c60/sm/snapshot.1_6 time:15
2019-09-04 10:16:45,595 [StateMachineUpdater:9e2f2840-376d-44a7-a0d8-66a1275e3925:group-110FF0B2046C] INFO  impl.StateMachineUpdater (StateMachineUpdater.java:takeSnapshot(242)) - StateMachineUpdater:9e2f2840-376d-44a7-a0d8-66a1275e3925:group-110FF0B2046C: Took a snapshot at index 4
2019-09-04 10:16:45,595 [StateMachineUpdater:b98e2d19-33f1-4f79-80c8-78219e23739a:group-8CC16F498C60] INFO  impl.StateMachineUpdater (StateMachineUpdater.java:takeSnapshot(242)) - StateMachineUpdater:b98e2d19-33f1-4f79-80c8-78219e23739a:group-8CC16F498C60: Took a snapshot at index 6
2019-09-04 10:16:45,595 [StateMachineUpdater:9e2f2840-376d-44a7-a0d8-66a1275e3925:group-110FF0B2046C] INFO  impl.StateMachineUpdater (StateMachineUpdater.java:lambda$new$0(80)) - StateMachineUpdater:9e2f2840-376d-44a7-a0d8-66a1275e3925:group-110FF0B2046C: snapshotIndex: updateIncreasingly -1 -> 4
2019-09-04 10:16:45,595 [StateMachineUpdater:b98e2d19-33f1-4f79-80c8-78219e23739a:group-8CC16F498C60] INFO  impl.StateMachineUpdater (StateMachineUpdater.java:lambda$new$0(80)) - StateMachineUpdater:b98e2d19-33f1-4f79-80c8-78219e23739a:group-8CC16F498C60: snapshotIndex: updateIncreasingly -1 -> 6
2019-09-04 10:16:45,595 [main] INFO  impl.RaftServerImpl (ServerState.java:close(394)) - b98e2d19-33f1-4f79-80c8-78219e23739a:group-8CC16F498C60 closes. The last applied log index is 6
2019-09-04 10:16:45,596 [ForkJoinPool.commonPool-worker-0] INFO  impl.RaftServerImpl (ServerState.java:close(394)) - 9e2f2840-376d-44a7-a0d8-66a1275e3925:group-110FF0B2046C closes. The last applied log index is 6
2019-09-04 10:16:45,596 [b98e2d19-33f1-4f79-80c8-78219e23739a-SegmentedRaftLogWorker:Storage Directory /workdir/hadoop-ozone/integration-test/target/test-dir/MiniOzoneClusterImpl-92bdd970-4d32-4065-b0f9-0a546f741942/datanode-4/data/ratis/29e2132c-fc29-4d4f-9381-8cc16f498c60] INFO  segmented.SegmentedRaftLogWorker (SegmentedRaftLogWorker.java:run(313)) - b98e2d19-33f1-4f79-80c8-78219e23739a-SegmentedRaftLogWorker:Storage Directory /workdir/hadoop-ozone/integration-test/target/test-dir/MiniOzoneClusterImpl-92bdd970-4d32-4065-b0f9-0a546f741942/datanode-4/data/ratis/29e2132c-fc29-4d4f-9381-8cc16f498c60 was interrupted, exiting. There are 0 tasks remaining in the queue.
2019-09-04 10:16:45,596 [9e2f2840-376d-44a7-a0d8-66a1275e3925-SegmentedRaftLogWorker:Storage Directory /workdir/hadoop-ozone/integration-test/target/test-dir/MiniOzoneClusterImpl-92bdd970-4d32-4065-b0f9-0a546f741942/datanode-1/data/ratis/497e4afd-a7af-430b-8da9-110ff0b2046c] INFO  segmented.SegmentedRaftLogWorker (SegmentedRaftLogWorker.java:run(313)) - 9e2f2840-376d-44a7-a0d8-66a1275e3925-SegmentedRaftLogWorker:Storage Directory /workdir/hadoop-ozone/integration-test/target/test-dir/MiniOzoneClusterImpl-92bdd970-4d32-4065-b0f9-0a546f741942/datanode-1/data/ratis/497e4afd-a7af-430b-8da9-110ff0b2046c was interrupted, exiting. There are 0 tasks remaining in the queue.
2019-09-04 10:16:45,599 [main] INFO  segmented.SegmentedRaftLogWorker (SegmentedRaftLogWorker.java:close(228)) - b98e2d19-33f1-4f79-80c8-78219e23739a-SegmentedRaftLogWorker:Storage Directory /workdir/hadoop-ozone/integration-test/target/test-dir/MiniOzoneClusterImpl-92bdd970-4d32-4065-b0f9-0a546f741942/datanode-4/data/ratis/29e2132c-fc29-4d4f-9381-8cc16f498c60 close()
2019-09-04 10:16:45,601 [ForkJoinPool.commonPool-worker-0] INFO  segmented.SegmentedRaftLogWorker (SegmentedRaftLogWorker.java:close(228)) - 9e2f2840-376d-44a7-a0d8-66a1275e3925-SegmentedRaftLogWorker:Storage Directory /workdir/hadoop-ozone/integration-test/target/test-dir/MiniOzoneClusterImpl-92bdd970-4d32-4065-b0f9-0a546f741942/datanode-1/data/ratis/497e4afd-a7af-430b-8da9-110ff0b2046c close()
2019-09-04 10:16:45,604 [main] INFO  impl.RaftServerImpl (RaftServerImpl.java:lambda$shutdown$3(245)) - b98e2d19-33f1-4f79-80c8-78219e23739a: shutdown group-9A2F0A24E593
2019-09-04 10:16:45,608 [ForkJoinPool.commonPool-worker-0] INFO  server.GrpcService (GrpcService.java:closeImpl(155)) - 9e2f2840-376d-44a7-a0d8-66a1275e3925: shutdown server with port 46730 now
2019-09-04 10:16:45,608 [main] INFO  util.JmxRegister (JmxRegister.java:unregister(73)) - Successfully un-registered JMX Bean with object name Ratis:service=RaftServer,group=group-9A2F0A24E593,id=b98e2d19-33f1-4f79-80c8-78219e23739a
2019-09-04 10:16:45,608 [main] INFO  impl.RoleInfo (RoleInfo.java:shutdownLeaderState(104)) - b98e2d19-33f1-4f79-80c8-78219e23739a: shutdown LeaderState
2019-09-04 10:16:45,609 [ForkJoinPool.commonPool-worker-0] INFO  server.GrpcService (GrpcService.java:closeImpl(163)) - 9e2f2840-376d-44a7-a0d8-66a1275e3925: shutdown server with port 46730 successfully
2019-09-04 10:16:45,609 [grpc-default-executor-11] WARN  server.GrpcServerProtocolService (LogUtils.java:warn(134)) - 9e2f2840-376d-44a7-a0d8-66a1275e3925: appendEntries onError: org.apache.ratis.thirdparty.io.grpc.StatusRuntimeException: CANCELLED: cancelled before receiving half close
2019-09-04 10:16:45,609 [grpc-default-executor-1] WARN  server.GrpcLogAppender (LogUtils.java:warn(134)) - 83bf1d66-3343-4f2f-b64f-e9bea6992cf9->9e2f2840-376d-44a7-a0d8-66a1275e3925: Failed appendEntries: org.apache.ratis.thirdparty.io.grpc.StatusRuntimeException: CANCELLED: HTTP/2 error code: CANCEL
Received Rst Stream
2019-09-04 10:16:45,609 [main] INFO  impl.PendingRequests (PendingRequests.java:sendNotLeaderResponses(202)) - b98e2d19-33f1-4f79-80c8-78219e23739a-PendingRequests: sendNotLeaderResponses
2019-09-04 10:16:45,609 [grpc-default-executor-1] INFO  impl.FollowerInfo (FollowerInfo.java:lambda$new$0(50)) - 83bf1d66-3343-4f2f-b64f-e9bea6992cf9->9e2f2840-376d-44a7-a0d8-66a1275e3925: nextIndex: updateUnconditionally 7 -> 6
2019-09-04 10:16:45,610 [main] INFO  impl.StateMachineUpdater (StateMachineUpdater.java:stopAndJoin(115)) - StateMachineUpdater:b98e2d19-33f1-4f79-80c8-78219e23739a:group-9A2F0A24E593: set stopIndex = 0
2019-09-04 10:16:45,611 [main] INFO  impl.RaftServerImpl (ServerState.java:close(394)) - b98e2d19-33f1-4f79-80c8-78219e23739a:group-9A2F0A24E593 closes. The last applied log index is 0
2019-09-04 10:16:45,611 [b98e2d19-33f1-4f79-80c8-78219e23739a-SegmentedRaftLogWorker:Storage Directory /workdir/hadoop-ozone/integration-test/target/test-dir/MiniOzoneClusterImpl-92bdd970-4d32-4065-b0f9-0a546f741942/datanode-4/data/ratis/b4aa6f60-72b0-4ddf-b2f3-9a2f0a24e593] INFO  segmented.SegmentedRaftLogWorker (SegmentedRaftLogWorker.java:run(313)) - b98e2d19-33f1-4f79-80c8-78219e23739a-SegmentedRaftLogWorker:Storage Directory /workdir/hadoop-ozone/integration-test/target/test-dir/MiniOzoneClusterImpl-92bdd970-4d32-4065-b0f9-0a546f741942/datanode-4/data/ratis/b4aa6f60-72b0-4ddf-b2f3-9a2f0a24e593 was interrupted, exiting. There are 0 tasks remaining in the queue.
2019-09-04 10:16:45,613 [main] INFO  segmented.SegmentedRaftLogWorker (SegmentedRaftLogWorker.java:close(228)) - b98e2d19-33f1-4f79-80c8-78219e23739a-SegmentedRaftLogWorker:Storage Directory /workdir/hadoop-ozone/integration-test/target/test-dir/MiniOzoneClusterImpl-92bdd970-4d32-4065-b0f9-0a546f741942/datanode-4/data/ratis/b4aa6f60-72b0-4ddf-b2f3-9a2f0a24e593 close()
2019-09-04 10:16:45,616 [main] INFO  server.GrpcService (GrpcService.java:closeImpl(155)) - b98e2d19-33f1-4f79-80c8-78219e23739a: shutdown server with port 36361 now
2019-09-04 10:16:45,617 [ForkJoinPool.commonPool-worker-0] INFO  utils.BackgroundService (BackgroundService.java:shutdown(148)) - Shutting down service BlockDeletingService
2019-09-04 10:16:45,618 [grpc-default-executor-11] WARN  client.GrpcClientProtocolService (LogUtils.java:warn(134)) - 2-UnorderedRequestStreamObserver2: onError: org.apache.ratis.thirdparty.io.grpc.StatusRuntimeException: CANCELLED: cancelled before receiving half close
2019-09-04 10:16:45,617 [main] INFO  server.GrpcService (GrpcService.java:closeImpl(163)) - b98e2d19-33f1-4f79-80c8-78219e23739a: shutdown server with port 36361 successfully
2019-09-04 10:16:45,619 [refreshUsed-/workdir/hadoop-ozone/integration-test/target/test-dir/MiniOzoneClusterImpl-92bdd970-4d32-4065-b0f9-0a546f741942/datanode-1/data/containers] WARN  fs.CachingGetSpaceUsed (CachingGetSpaceUsed.java:run(183)) - Thread Interrupted waiting to refresh disk information: sleep interrupted
2019-09-04 10:16:45,620 [main] INFO  utils.BackgroundService (BackgroundService.java:shutdown(148)) - Shutting down service BlockDeletingService
2019-09-04 10:16:45,621 [refreshUsed-/workdir/hadoop-ozone/integration-test/target/test-dir/MiniOzoneClusterImpl-92bdd970-4d32-4065-b0f9-0a546f741942/datanode-4/data/containers] WARN  fs.CachingGetSpaceUsed (CachingGetSpaceUsed.java:run(183)) - Thread Interrupted waiting to refresh disk information: sleep interrupted
2019-09-04 10:16:45,650 [ForkJoinPool.commonPool-worker-0] INFO  statemachine.DatanodeStateMachine (DatanodeStateMachine.java:stopDaemon(395)) - Ozone container server stopped.
2019-09-04 10:16:45,660 [ForkJoinPool.commonPool-worker-0] INFO  handler.ContextHandler (ContextHandler.java:doStop(910)) - Stopped o.e.j.w.WebAppContext@29617475{/,null,UNAVAILABLE}{/hddsDatanode}
2019-09-04 10:16:45,661 [ForkJoinPool.commonPool-worker-0] INFO  server.AbstractConnector (AbstractConnector.java:doStop(318)) - Stopped ServerConnector@4f9871a2{HTTP/1.1,[http/1.1]}{0.0.0.0:0}
2019-09-04 10:16:45,664 [main] INFO  statemachine.DatanodeStateMachine (DatanodeStateMachine.java:stopDaemon(395)) - Ozone container server stopped.
2019-09-04 10:16:45,671 [ForkJoinPool.commonPool-worker-0] INFO  handler.ContextHandler (ContextHandler.java:doStop(910)) - Stopped o.e.j.s.ServletContextHandler@2a7b4b19{/static,jar:file:/home/user/.m2/repository/org/apache/hadoop/hadoop-hdds-container-service/0.5.0-SNAPSHOT/hadoop-hdds-container-service-0.5.0-SNAPSHOT.jar!/webapps/static,UNAVAILABLE}
2019-09-04 10:16:45,671 [ForkJoinPool.commonPool-worker-0] INFO  handler.ContextHandler (ContextHandler.java:doStop(910)) - Stopped o.e.j.s.ServletContextHandler@373e09c7{/logs,file:///workdir/hadoop-ozone/integration-test/target/log,UNAVAILABLE}
2019-09-04 10:16:45,672 [main] INFO  handler.ContextHandler (ContextHandler.java:doStop(910)) - Stopped o.e.j.w.WebAppContext@4a48fe63{/,null,UNAVAILABLE}{/hddsDatanode}
2019-09-04 10:16:45,672 [ForkJoinPool.commonPool-worker-0] INFO  datanode.ObjectStoreHandler (ObjectStoreHandler.java:close(155)) - Closing ObjectStoreHandler.
2019-09-04 10:16:45,673 [main] INFO  server.AbstractConnector (AbstractConnector.java:doStop(318)) - Stopped ServerConnector@7000df03{HTTP/1.1,[http/1.1]}{0.0.0.0:0}
2019-09-04 10:16:45,673 [ForkJoinPool.commonPool-worker-0] INFO  ozone.HddsDatanodeService (HddsDatanodeService.java:stop(451)) - Stopped plug-in org.apache.hadoop.ozone.web.OzoneHddsDatanodeService@655e024
2019-09-04 10:16:45,673 [main] INFO  handler.ContextHandler (ContextHandler.java:doStop(910)) - Stopped o.e.j.s.ServletContextHandler@79c514e4{/static,jar:file:/home/user/.m2/repository/org/apache/hadoop/hadoop-hdds-container-service/0.5.0-SNAPSHOT/hadoop-hdds-container-service-0.5.0-SNAPSHOT.jar!/webapps/static,UNAVAILABLE}
2019-09-04 10:16:45,673 [main] INFO  handler.ContextHandler (ContextHandler.java:doStop(910)) - Stopped o.e.j.s.ServletContextHandler@4a58d05d{/logs,file:///workdir/hadoop-ozone/integration-test/target/log,UNAVAILABLE}
2019-09-04 10:16:45,674 [main] INFO  datanode.ObjectStoreHandler (ObjectStoreHandler.java:close(155)) - Closing ObjectStoreHandler.
2019-09-04 10:16:45,674 [main] INFO  ozone.HddsDatanodeService (HddsDatanodeService.java:stop(451)) - Stopped plug-in org.apache.hadoop.ozone.web.OzoneHddsDatanodeService@1659a0ff
2019-09-04 10:16:45,707 | INFO  | SCMAudit | user=jenkins1000 | ip=192.168.36.67 | op=SEND_HEARTBEAT {datanodeUUID=d31f0293-0228-4a75-90b9-c3e018e44e78, command=[]} | ret=SUCCESS |  
2019-09-04 10:16:46,019 | INFO  | SCMAudit | user=jenkins1000 | ip=192.168.36.67 | op=SEND_HEARTBEAT {datanodeUUID=cc26b0b0-42a6-4c40-b1c0-3a6e3a9aaf66, command=[commandType: closeContainerCommand closeContainerCommandProto { containerID: 1 pipelineID { id: "29e2132c-fc29-4d4f-9381-8cc16f498c60" } cmdId: 1 force: false } ]} | ret=SUCCESS |  
2019-09-04 10:16:46,019 [Datanode State Machine Thread - 0] INFO  statemachine.DatanodeStateMachine (DatanodeStateMachine.java:lambda$startDaemon$0(350)) - Ozone container server started.
2019-09-04 10:16:46,351 [Datanode State Machine Thread - 0] INFO  statemachine.DatanodeStateMachine (DatanodeStateMachine.java:lambda$startDaemon$0(350)) - Ozone container server started.
2019-09-04 10:16:46,355 | INFO  | SCMAudit | user=jenkins1000 | ip=192.168.36.67 | op=SEND_HEARTBEAT {datanodeUUID=b80378ed-5f1b-4740-b601-1e0bc7c6be7e, command=[commandType: closeContainerCommand closeContainerCommandProto { containerID: 2 pipelineID { id: "497e4afd-a7af-430b-8da9-110ff0b2046c" } cmdId: 2 force: false } ]} | ret=SUCCESS |  
2019-09-04 10:16:46,707 | INFO  | SCMAudit | user=jenkins1000 | ip=192.168.36.67 | op=SEND_HEARTBEAT {datanodeUUID=d31f0293-0228-4a75-90b9-c3e018e44e78, command=[]} | ret=SUCCESS |  
2019-09-04 10:16:47,018 | INFO  | SCMAudit | user=jenkins1000 | ip=192.168.36.67 | op=SEND_HEARTBEAT {datanodeUUID=cc26b0b0-42a6-4c40-b1c0-3a6e3a9aaf66, command=[]} | ret=SUCCESS |  
2019-09-04 10:16:47,355 | INFO  | SCMAudit | user=jenkins1000 | ip=192.168.36.67 | op=SEND_HEARTBEAT {datanodeUUID=b80378ed-5f1b-4740-b601-1e0bc7c6be7e, command=[]} | ret=SUCCESS |  
2019-09-04 10:16:47,381 | INFO  | SCMAudit | user=jenkins1000 | ip=192.168.36.67 | op=SEND_HEARTBEAT {datanodeUUID=b80378ed-5f1b-4740-b601-1e0bc7c6be7e, command=[]} | ret=SUCCESS |  
2019-09-04 10:16:47,707 | INFO  | SCMAudit | user=jenkins1000 | ip=192.168.36.67 | op=SEND_HEARTBEAT {datanodeUUID=d31f0293-0228-4a75-90b9-c3e018e44e78, command=[]} | ret=SUCCESS |  
2019-09-04 10:16:47,925 [grpc-default-executor-10] WARN  server.GrpcLogAppender (LogUtils.java:warn(134)) - 83bf1d66-3343-4f2f-b64f-e9bea6992cf9->9e2f2840-376d-44a7-a0d8-66a1275e3925: Failed appendEntries: org.apache.ratis.thirdparty.io.grpc.StatusRuntimeException: UNAVAILABLE: io exception
2019-09-04 10:16:47,926 [grpc-default-executor-10] INFO  impl.FollowerInfo (FollowerInfo.java:lambda$new$0(50)) - 83bf1d66-3343-4f2f-b64f-e9bea6992cf9->9e2f2840-376d-44a7-a0d8-66a1275e3925: nextIndex: updateUnconditionally 6 -> 5
2019-09-04 10:16:48,018 | INFO  | SCMAudit | user=jenkins1000 | ip=192.168.36.67 | op=SEND_HEARTBEAT {datanodeUUID=cc26b0b0-42a6-4c40-b1c0-3a6e3a9aaf66, command=[]} | ret=SUCCESS |  
2019-09-04 10:16:48,033 | INFO  | SCMAudit | user=jenkins1000 | ip=192.168.36.67 | op=SEND_HEARTBEAT {datanodeUUID=cc26b0b0-42a6-4c40-b1c0-3a6e3a9aaf66, command=[]} | ret=SUCCESS |  
2019-09-04 10:16:48,381 | INFO  | SCMAudit | user=jenkins1000 | ip=192.168.36.67 | op=SEND_HEARTBEAT {datanodeUUID=b80378ed-5f1b-4740-b601-1e0bc7c6be7e, command=[]} | ret=SUCCESS |  
2019-09-04 10:16:48,707 | INFO  | SCMAudit | user=jenkins1000 | ip=192.168.36.67 | op=SEND_HEARTBEAT {datanodeUUID=d31f0293-0228-4a75-90b9-c3e018e44e78, command=[]} | ret=SUCCESS |  
2019-09-04 10:16:49,033 | INFO  | SCMAudit | user=jenkins1000 | ip=192.168.36.67 | op=SEND_HEARTBEAT {datanodeUUID=cc26b0b0-42a6-4c40-b1c0-3a6e3a9aaf66, command=[]} | ret=SUCCESS |  
2019-09-04 10:16:49,382 | INFO  | SCMAudit | user=jenkins1000 | ip=192.168.36.67 | op=SEND_HEARTBEAT {datanodeUUID=b80378ed-5f1b-4740-b601-1e0bc7c6be7e, command=[]} | ret=SUCCESS |  
2019-09-04 10:16:49,707 | INFO  | SCMAudit | user=jenkins1000 | ip=192.168.36.67 | op=SEND_HEARTBEAT {datanodeUUID=d31f0293-0228-4a75-90b9-c3e018e44e78, command=[]} | ret=SUCCESS |  
2019-09-04 10:16:50,033 | INFO  | SCMAudit | user=jenkins1000 | ip=192.168.36.67 | op=SEND_HEARTBEAT {datanodeUUID=cc26b0b0-42a6-4c40-b1c0-3a6e3a9aaf66, command=[]} | ret=SUCCESS |  
2019-09-04 10:16:50,063 [EventQueue-StaleNodeForStaleNodeHandler] INFO  node.StaleNodeHandler (StaleNodeHandler.java:onMessage(58)) - Datanode 31b4e676-369f-4979-b1c2-672ed0f2e414{ip: 192.168.36.67, host: pr-hdds-1569-fjd24-125839774, networkLocation: /default-rack, certSerialId: null} moved to stale state. Finalizing its pipelines [PipelineID=29e2132c-fc29-4d4f-9381-8cc16f498c60, PipelineID=4a333976-e233-4a08-b672-e09f6030bf37]
2019-09-04 10:16:50,063 [EventQueue-StaleNodeForStaleNodeHandler] INFO  pipeline.SCMPipelineManager (SCMPipelineManager.java:finalizeAndDestroyPipeline(309)) - destroying pipeline:Pipeline[ Id: 29e2132c-fc29-4d4f-9381-8cc16f498c60, Nodes: cc26b0b0-42a6-4c40-b1c0-3a6e3a9aaf66{ip: 192.168.36.67, host: pr-hdds-1569-fjd24-125839774, networkLocation: /default-rack, certSerialId: null}31b4e676-369f-4979-b1c2-672ed0f2e414{ip: 192.168.36.67, host: pr-hdds-1569-fjd24-125839774, networkLocation: /default-rack, certSerialId: null}b98e2d19-33f1-4f79-80c8-78219e23739a{ip: 192.168.36.67, host: pr-hdds-1569-fjd24-125839774, networkLocation: /default-rack, certSerialId: null}, Type:RATIS, Factor:THREE, State:CLOSED]
2019-09-04 10:16:50,064 [EventQueue-StaleNodeForStaleNodeHandler] INFO  pipeline.SCMPipelineManager (SCMPipelineManager.java:finalizeAndDestroyPipeline(309)) - destroying pipeline:Pipeline[ Id: 4a333976-e233-4a08-b672-e09f6030bf37, Nodes: 31b4e676-369f-4979-b1c2-672ed0f2e414{ip: 192.168.36.67, host: pr-hdds-1569-fjd24-125839774, networkLocation: /default-rack, certSerialId: null}, Type:RATIS, Factor:ONE, State:OPEN]
2019-09-04 10:16:50,064 [EventQueue-StaleNodeForStaleNodeHandler] INFO  pipeline.PipelineStateManager (PipelineStateManager.java:finalizePipeline(123)) - Pipeline Pipeline[ Id: 4a333976-e233-4a08-b672-e09f6030bf37, Nodes: 31b4e676-369f-4979-b1c2-672ed0f2e414{ip: 192.168.36.67, host: pr-hdds-1569-fjd24-125839774, networkLocation: /default-rack, certSerialId: null}, Type:RATIS, Factor:ONE, State:CLOSED] moved to CLOSED state
2019-09-04 10:16:50,364 [EventQueue-StaleNodeForStaleNodeHandler] INFO  node.StaleNodeHandler (StaleNodeHandler.java:onMessage(58)) - Datanode 83bf1d66-3343-4f2f-b64f-e9bea6992cf9{ip: 192.168.36.67, host: pr-hdds-1569-fjd24-125839774, networkLocation: /default-rack, certSerialId: null} moved to stale state. Finalizing its pipelines [PipelineID=0ddafff9-6ccf-4259-8df8-bcffe34783a0, PipelineID=497e4afd-a7af-430b-8da9-110ff0b2046c]
2019-09-04 10:16:50,364 [EventQueue-StaleNodeForStaleNodeHandler] INFO  pipeline.SCMPipelineManager (SCMPipelineManager.java:finalizeAndDestroyPipeline(309)) - destroying pipeline:Pipeline[ Id: 0ddafff9-6ccf-4259-8df8-bcffe34783a0, Nodes: 83bf1d66-3343-4f2f-b64f-e9bea6992cf9{ip: 192.168.36.67, host: pr-hdds-1569-fjd24-125839774, networkLocation: /default-rack, certSerialId: null}, Type:RATIS, Factor:ONE, State:OPEN]
2019-09-04 10:16:50,364 [EventQueue-StaleNodeForStaleNodeHandler] INFO  pipeline.PipelineStateManager (PipelineStateManager.java:finalizePipeline(123)) - Pipeline Pipeline[ Id: 0ddafff9-6ccf-4259-8df8-bcffe34783a0, Nodes: 83bf1d66-3343-4f2f-b64f-e9bea6992cf9{ip: 192.168.36.67, host: pr-hdds-1569-fjd24-125839774, networkLocation: /default-rack, certSerialId: null}, Type:RATIS, Factor:ONE, State:CLOSED] moved to CLOSED state
2019-09-04 10:16:50,365 [EventQueue-StaleNodeForStaleNodeHandler] INFO  pipeline.SCMPipelineManager (SCMPipelineManager.java:finalizeAndDestroyPipeline(309)) - destroying pipeline:Pipeline[ Id: 497e4afd-a7af-430b-8da9-110ff0b2046c, Nodes: 83bf1d66-3343-4f2f-b64f-e9bea6992cf9{ip: 192.168.36.67, host: pr-hdds-1569-fjd24-125839774, networkLocation: /default-rack, certSerialId: null}b80378ed-5f1b-4740-b601-1e0bc7c6be7e{ip: 192.168.36.67, host: pr-hdds-1569-fjd24-125839774, networkLocation: /default-rack, certSerialId: null}9e2f2840-376d-44a7-a0d8-66a1275e3925{ip: 192.168.36.67, host: pr-hdds-1569-fjd24-125839774, networkLocation: /default-rack, certSerialId: null}, Type:RATIS, Factor:THREE, State:CLOSED]
2019-09-04 10:16:50,382 | INFO  | SCMAudit | user=jenkins1000 | ip=192.168.36.67 | op=SEND_HEARTBEAT {datanodeUUID=b80378ed-5f1b-4740-b601-1e0bc7c6be7e, command=[]} | ret=SUCCESS |  
2019-09-04 10:16:50,425 [grpc-default-executor-10] WARN  server.GrpcLogAppender (LogUtils.java:warn(134)) - 83bf1d66-3343-4f2f-b64f-e9bea6992cf9->9e2f2840-376d-44a7-a0d8-66a1275e3925: Failed appendEntries: org.apache.ratis.thirdparty.io.grpc.StatusRuntimeException: UNAVAILABLE: io exception
2019-09-04 10:16:50,426 [grpc-default-executor-10] INFO  impl.FollowerInfo (FollowerInfo.java:lambda$new$0(50)) - 83bf1d66-3343-4f2f-b64f-e9bea6992cf9->9e2f2840-376d-44a7-a0d8-66a1275e3925: nextIndex: updateUnconditionally 5 -> 4
2019-09-04 10:16:50,674 [ForkJoinPool.commonPool-worker-0] INFO  ozoneimpl.OzoneContainer (OzoneContainer.java:stop(199)) - Attempting to stop container services.
2019-09-04 10:16:50,674 [ForkJoinPool.commonPool-worker-0] INFO  impl.RaftServerProxy (RaftServerProxy.java:lambda$close$4(314)) - 83bf1d66-3343-4f2f-b64f-e9bea6992cf9: close
2019-09-04 10:16:50,674 [ForkJoinPool.commonPool-worker-0] INFO  impl.RaftServerImpl (RaftServerImpl.java:lambda$shutdown$3(245)) - 83bf1d66-3343-4f2f-b64f-e9bea6992cf9: shutdown group-BCFFE34783A0
2019-09-04 10:16:50,675 [ForkJoinPool.commonPool-worker-0] INFO  util.JmxRegister (JmxRegister.java:unregister(73)) - Successfully un-registered JMX Bean with object name Ratis:service=RaftServer,group=group-BCFFE34783A0,id=83bf1d66-3343-4f2f-b64f-e9bea6992cf9
2019-09-04 10:16:50,675 [ForkJoinPool.commonPool-worker-0] INFO  impl.RoleInfo (RoleInfo.java:shutdownLeaderState(104)) - 83bf1d66-3343-4f2f-b64f-e9bea6992cf9: shutdown LeaderState
2019-09-04 10:16:50,675 [main] INFO  ozoneimpl.OzoneContainer (OzoneContainer.java:stop(199)) - Attempting to stop container services.
2019-09-04 10:16:50,675 [ForkJoinPool.commonPool-worker-0] INFO  impl.PendingRequests (PendingRequests.java:sendNotLeaderResponses(202)) - 83bf1d66-3343-4f2f-b64f-e9bea6992cf9-PendingRequests: sendNotLeaderResponses
2019-09-04 10:16:50,675 [main] INFO  impl.RaftServerProxy (RaftServerProxy.java:lambda$close$4(314)) - 31b4e676-369f-4979-b1c2-672ed0f2e414: close
2019-09-04 10:16:50,675 [ForkJoinPool.commonPool-worker-0] INFO  impl.StateMachineUpdater (StateMachineUpdater.java:stopAndJoin(115)) - StateMachineUpdater:83bf1d66-3343-4f2f-b64f-e9bea6992cf9:group-BCFFE34783A0: set stopIndex = 0
2019-09-04 10:16:50,676 [main] INFO  impl.RaftServerImpl (RaftServerImpl.java:lambda$shutdown$3(245)) - 31b4e676-369f-4979-b1c2-672ed0f2e414: shutdown group-8CC16F498C60
2019-09-04 10:16:50,676 [ForkJoinPool.commonPool-worker-0] INFO  impl.RaftServerImpl (ServerState.java:close(394)) - 83bf1d66-3343-4f2f-b64f-e9bea6992cf9:group-BCFFE34783A0 closes. The last applied log index is 0
2019-09-04 10:16:50,676 [main] INFO  util.JmxRegister (JmxRegister.java:unregister(73)) - Successfully un-registered JMX Bean with object name Ratis:service=RaftServer,group=group-8CC16F498C60,id=31b4e676-369f-4979-b1c2-672ed0f2e414
2019-09-04 10:16:50,677 [main] INFO  impl.RoleInfo (RoleInfo.java:shutdownFollowerState(121)) - 31b4e676-369f-4979-b1c2-672ed0f2e414: shutdown FollowerState
2019-09-04 10:16:50,677 [83bf1d66-3343-4f2f-b64f-e9bea6992cf9-SegmentedRaftLogWorker:Storage Directory /workdir/hadoop-ozone/integration-test/target/test-dir/MiniOzoneClusterImpl-92bdd970-4d32-4065-b0f9-0a546f741942/datanode-2/data/ratis/0ddafff9-6ccf-4259-8df8-bcffe34783a0] INFO  segmented.SegmentedRaftLogWorker (SegmentedRaftLogWorker.java:run(313)) - 83bf1d66-3343-4f2f-b64f-e9bea6992cf9-SegmentedRaftLogWorker:Storage Directory /workdir/hadoop-ozone/integration-test/target/test-dir/MiniOzoneClusterImpl-92bdd970-4d32-4065-b0f9-0a546f741942/datanode-2/data/ratis/0ddafff9-6ccf-4259-8df8-bcffe34783a0 was interrupted, exiting. There are 0 tasks remaining in the queue.
2019-09-04 10:16:50,678 [Thread-4203] INFO  impl.FollowerState (FollowerState.java:run(114)) - 31b4e676-369f-4979-b1c2-672ed0f2e414: FollowerState was interrupted: java.lang.InterruptedException: sleep interrupted
2019-09-04 10:16:50,678 [StateMachineUpdater:31b4e676-369f-4979-b1c2-672ed0f2e414:group-8CC16F498C60] INFO  ratis.ContainerStateMachine (ContainerStateMachine.java:takeSnapshot(283)) - group-8CC16F498C60: Taking a snapshot at:(t:1, i:6) file /workdir/hadoop-ozone/integration-test/target/test-dir/MiniOzoneClusterImpl-92bdd970-4d32-4065-b0f9-0a546f741942/datanode-3/data/ratis/29e2132c-fc29-4d4f-9381-8cc16f498c60/sm/snapshot.1_6
2019-09-04 10:16:50,678 [main] INFO  impl.StateMachineUpdater (StateMachineUpdater.java:stopAndJoin(115)) - StateMachineUpdater:31b4e676-369f-4979-b1c2-672ed0f2e414:group-8CC16F498C60: set stopIndex = 6
2019-09-04 10:16:50,680 [ForkJoinPool.commonPool-worker-0] INFO  segmented.SegmentedRaftLogWorker (SegmentedRaftLogWorker.java:close(228)) - 83bf1d66-3343-4f2f-b64f-e9bea6992cf9-SegmentedRaftLogWorker:Storage Directory /workdir/hadoop-ozone/integration-test/target/test-dir/MiniOzoneClusterImpl-92bdd970-4d32-4065-b0f9-0a546f741942/datanode-2/data/ratis/0ddafff9-6ccf-4259-8df8-bcffe34783a0 close()
2019-09-04 10:16:50,687 [ForkJoinPool.commonPool-worker-0] INFO  impl.RaftServerImpl (RaftServerImpl.java:lambda$shutdown$3(245)) - 83bf1d66-3343-4f2f-b64f-e9bea6992cf9: shutdown group-110FF0B2046C
2019-09-04 10:16:50,687 [ForkJoinPool.commonPool-worker-0] INFO  util.JmxRegister (JmxRegister.java:unregister(73)) - Successfully un-registered JMX Bean with object name Ratis:service=RaftServer,group=group-110FF0B2046C,id=83bf1d66-3343-4f2f-b64f-e9bea6992cf9
2019-09-04 10:16:50,688 [ForkJoinPool.commonPool-worker-0] INFO  impl.RoleInfo (RoleInfo.java:shutdownLeaderState(104)) - 83bf1d66-3343-4f2f-b64f-e9bea6992cf9: shutdown LeaderState
2019-09-04 10:16:50,692 [ForkJoinPool.commonPool-worker-0] INFO  impl.PendingRequests (PendingRequests.java:sendNotLeaderResponses(202)) - 83bf1d66-3343-4f2f-b64f-e9bea6992cf9-PendingRequests: sendNotLeaderResponses
2019-09-04 10:16:50,692 [org.apache.ratis.server.impl.LogAppender$AppenderDaemon$$Lambda$482/1067825500@640cd4be] WARN  server.GrpcLogAppender (GrpcLogAppender.java:mayWait(143)) - GrpcLogAppender(83bf1d66-3343-4f2f-b64f-e9bea6992cf9->b80378ed-5f1b-4740-b601-1e0bc7c6be7e): Wait interrupted by java.lang.InterruptedException
2019-09-04 10:16:50,692 [org.apache.ratis.server.impl.LogAppender$AppenderDaemon$$Lambda$482/1067825500@210e4efb] WARN  server.GrpcLogAppender (GrpcLogAppender.java:mayWait(143)) - GrpcLogAppender(83bf1d66-3343-4f2f-b64f-e9bea6992cf9->9e2f2840-376d-44a7-a0d8-66a1275e3925): Wait interrupted by java.lang.InterruptedException
2019-09-04 10:16:50,696 [ForkJoinPool.commonPool-worker-0] INFO  impl.StateMachineUpdater (StateMachineUpdater.java:stopAndJoin(115)) - StateMachineUpdater:83bf1d66-3343-4f2f-b64f-e9bea6992cf9:group-110FF0B2046C: set stopIndex = 6
2019-09-04 10:16:50,696 [StateMachineUpdater:31b4e676-369f-4979-b1c2-672ed0f2e414:group-8CC16F498C60] INFO  ratis.ContainerStateMachine (ContainerStateMachine.java:takeSnapshot(294)) - group-8CC16F498C60: Finished taking a snapshot at:(t:1, i:6) file:/workdir/hadoop-ozone/integration-test/target/test-dir/MiniOzoneClusterImpl-92bdd970-4d32-4065-b0f9-0a546f741942/datanode-3/data/ratis/29e2132c-fc29-4d4f-9381-8cc16f498c60/sm/snapshot.1_6 time:18
2019-09-04 10:16:50,696 [grpc-default-executor-1] INFO  server.GrpcServerProtocolService (GrpcServerProtocolService.java:onCompleted(104)) - b80378ed-5f1b-4740-b601-1e0bc7c6be7e: appendEntries completed
2019-09-04 10:16:50,696 [StateMachineUpdater:83bf1d66-3343-4f2f-b64f-e9bea6992cf9:group-110FF0B2046C] INFO  ratis.ContainerStateMachine (ContainerStateMachine.java:takeSnapshot(283)) - group-110FF0B2046C: Taking a snapshot at:(t:1, i:6) file /workdir/hadoop-ozone/integration-test/target/test-dir/MiniOzoneClusterImpl-92bdd970-4d32-4065-b0f9-0a546f741942/datanode-2/data/ratis/497e4afd-a7af-430b-8da9-110ff0b2046c/sm/snapshot.1_6
2019-09-04 10:16:50,697 [StateMachineUpdater:31b4e676-369f-4979-b1c2-672ed0f2e414:group-8CC16F498C60] INFO  impl.StateMachineUpdater (StateMachineUpdater.java:takeSnapshot(242)) - StateMachineUpdater:31b4e676-369f-4979-b1c2-672ed0f2e414:group-8CC16F498C60: Took a snapshot at index 6
2019-09-04 10:16:50,697 [StateMachineUpdater:31b4e676-369f-4979-b1c2-672ed0f2e414:group-8CC16F498C60] INFO  impl.StateMachineUpdater (StateMachineUpdater.java:lambda$new$0(80)) - StateMachineUpdater:31b4e676-369f-4979-b1c2-672ed0f2e414:group-8CC16F498C60: snapshotIndex: updateIncreasingly -1 -> 6
2019-09-04 10:16:50,697 [grpc-default-executor-1] INFO  server.GrpcLogAppender (GrpcLogAppender.java:onCompleted(292)) - 83bf1d66-3343-4f2f-b64f-e9bea6992cf9->b80378ed-5f1b-4740-b601-1e0bc7c6be7e: follower responses appendEntries COMPLETED
2019-09-04 10:16:50,697 [main] INFO  impl.RaftServerImpl (ServerState.java:close(394)) - 31b4e676-369f-4979-b1c2-672ed0f2e414:group-8CC16F498C60 closes. The last applied log index is 6
2019-09-04 10:16:50,697 [grpc-default-executor-1] INFO  impl.FollowerInfo (FollowerInfo.java:lambda$new$0(50)) - 83bf1d66-3343-4f2f-b64f-e9bea6992cf9->b80378ed-5f1b-4740-b601-1e0bc7c6be7e: nextIndex: updateUnconditionally 7 -> 6
2019-09-04 10:16:50,698 [31b4e676-369f-4979-b1c2-672ed0f2e414-SegmentedRaftLogWorker:Storage Directory /workdir/hadoop-ozone/integration-test/target/test-dir/MiniOzoneClusterImpl-92bdd970-4d32-4065-b0f9-0a546f741942/datanode-3/data/ratis/29e2132c-fc29-4d4f-9381-8cc16f498c60] INFO  segmented.SegmentedRaftLogWorker (SegmentedRaftLogWorker.java:run(313)) - 31b4e676-369f-4979-b1c2-672ed0f2e414-SegmentedRaftLogWorker:Storage Directory /workdir/hadoop-ozone/integration-test/target/test-dir/MiniOzoneClusterImpl-92bdd970-4d32-4065-b0f9-0a546f741942/datanode-3/data/ratis/29e2132c-fc29-4d4f-9381-8cc16f498c60 was interrupted, exiting. There are 0 tasks remaining in the queue.
2019-09-04 10:16:50,700 [main] INFO  segmented.SegmentedRaftLogWorker (SegmentedRaftLogWorker.java:close(228)) - 31b4e676-369f-4979-b1c2-672ed0f2e414-SegmentedRaftLogWorker:Storage Directory /workdir/hadoop-ozone/integration-test/target/test-dir/MiniOzoneClusterImpl-92bdd970-4d32-4065-b0f9-0a546f741942/datanode-3/data/ratis/29e2132c-fc29-4d4f-9381-8cc16f498c60 close()
2019-09-04 10:16:50,704 [main] INFO  impl.RaftServerImpl (RaftServerImpl.java:lambda$shutdown$3(245)) - 31b4e676-369f-4979-b1c2-672ed0f2e414: shutdown group-E09F6030BF37
2019-09-04 10:16:50,705 [main] INFO  util.JmxRegister (JmxRegister.java:unregister(73)) - Successfully un-registered JMX Bean with object name Ratis:service=RaftServer,group=group-E09F6030BF37,id=31b4e676-369f-4979-b1c2-672ed0f2e414
2019-09-04 10:16:50,705 [main] INFO  impl.RoleInfo (RoleInfo.java:shutdownLeaderState(104)) - 31b4e676-369f-4979-b1c2-672ed0f2e414: shutdown LeaderState
2019-09-04 10:16:50,705 [main] INFO  impl.PendingRequests (PendingRequests.java:sendNotLeaderResponses(202)) - 31b4e676-369f-4979-b1c2-672ed0f2e414-PendingRequests: sendNotLeaderResponses
2019-09-04 10:16:50,706 [main] INFO  impl.StateMachineUpdater (StateMachineUpdater.java:stopAndJoin(115)) - StateMachineUpdater:31b4e676-369f-4979-b1c2-672ed0f2e414:group-E09F6030BF37: set stopIndex = 0
2019-09-04 10:16:50,706 [main] INFO  impl.RaftServerImpl (ServerState.java:close(394)) - 31b4e676-369f-4979-b1c2-672ed0f2e414:group-E09F6030BF37 closes. The last applied log index is 0
2019-09-04 10:16:50,707 [31b4e676-369f-4979-b1c2-672ed0f2e414-SegmentedRaftLogWorker:Storage Directory /workdir/hadoop-ozone/integration-test/target/test-dir/MiniOzoneClusterImpl-92bdd970-4d32-4065-b0f9-0a546f741942/datanode-3/data/ratis/4a333976-e233-4a08-b672-e09f6030bf37] INFO  segmented.SegmentedRaftLogWorker (SegmentedRaftLogWorker.java:run(313)) - 31b4e676-369f-4979-b1c2-672ed0f2e414-SegmentedRaftLogWorker:Storage Directory /workdir/hadoop-ozone/integration-test/target/test-dir/MiniOzoneClusterImpl-92bdd970-4d32-4065-b0f9-0a546f741942/datanode-3/data/ratis/4a333976-e233-4a08-b672-e09f6030bf37 was interrupted, exiting. There are 0 tasks remaining in the queue.
2019-09-04 10:16:50,709 | INFO  | SCMAudit | user=jenkins1000 | ip=192.168.36.67 | op=SEND_HEARTBEAT {datanodeUUID=d31f0293-0228-4a75-90b9-c3e018e44e78, command=[]} | ret=SUCCESS |  
2019-09-04 10:16:50,709 [main] INFO  segmented.SegmentedRaftLogWorker (SegmentedRaftLogWorker.java:close(228)) - 31b4e676-369f-4979-b1c2-672ed0f2e414-SegmentedRaftLogWorker:Storage Directory /workdir/hadoop-ozone/integration-test/target/test-dir/MiniOzoneClusterImpl-92bdd970-4d32-4065-b0f9-0a546f741942/datanode-3/data/ratis/4a333976-e233-4a08-b672-e09f6030bf37 close()
2019-09-04 10:16:50,711 [StateMachineUpdater:83bf1d66-3343-4f2f-b64f-e9bea6992cf9:group-110FF0B2046C] INFO  ratis.ContainerStateMachine (ContainerStateMachine.java:takeSnapshot(294)) - group-110FF0B2046C: Finished taking a snapshot at:(t:1, i:6) file:/workdir/hadoop-ozone/integration-test/target/test-dir/MiniOzoneClusterImpl-92bdd970-4d32-4065-b0f9-0a546f741942/datanode-2/data/ratis/497e4afd-a7af-430b-8da9-110ff0b2046c/sm/snapshot.1_6 time:15
2019-09-04 10:16:50,722 [main] INFO  server.GrpcService (GrpcService.java:closeImpl(155)) - 31b4e676-369f-4979-b1c2-672ed0f2e414: shutdown server with port 46802 now
2019-09-04 10:16:50,722 [StateMachineUpdater:83bf1d66-3343-4f2f-b64f-e9bea6992cf9:group-110FF0B2046C] INFO  impl.StateMachineUpdater (StateMachineUpdater.java:takeSnapshot(242)) - StateMachineUpdater:83bf1d66-3343-4f2f-b64f-e9bea6992cf9:group-110FF0B2046C: Took a snapshot at index 6
2019-09-04 10:16:50,723 [StateMachineUpdater:83bf1d66-3343-4f2f-b64f-e9bea6992cf9:group-110FF0B2046C] INFO  impl.StateMachineUpdater (StateMachineUpdater.java:lambda$new$0(80)) - StateMachineUpdater:83bf1d66-3343-4f2f-b64f-e9bea6992cf9:group-110FF0B2046C: snapshotIndex: updateIncreasingly -1 -> 6
2019-09-04 10:16:50,723 [main] INFO  server.GrpcService (GrpcService.java:closeImpl(163)) - 31b4e676-369f-4979-b1c2-672ed0f2e414: shutdown server with port 46802 successfully
2019-09-04 10:16:50,723 [ForkJoinPool.commonPool-worker-0] INFO  impl.RaftServerImpl (ServerState.java:close(394)) - 83bf1d66-3343-4f2f-b64f-e9bea6992cf9:group-110FF0B2046C closes. The last applied log index is 6
2019-09-04 10:16:50,724 [83bf1d66-3343-4f2f-b64f-e9bea6992cf9-SegmentedRaftLogWorker:Storage Directory /workdir/hadoop-ozone/integration-test/target/test-dir/MiniOzoneClusterImpl-92bdd970-4d32-4065-b0f9-0a546f741942/datanode-2/data/ratis/497e4afd-a7af-430b-8da9-110ff0b2046c] INFO  segmented.SegmentedRaftLogWorker (SegmentedRaftLogWorker.java:run(313)) - 83bf1d66-3343-4f2f-b64f-e9bea6992cf9-SegmentedRaftLogWorker:Storage Directory /workdir/hadoop-ozone/integration-test/target/test-dir/MiniOzoneClusterImpl-92bdd970-4d32-4065-b0f9-0a546f741942/datanode-2/data/ratis/497e4afd-a7af-430b-8da9-110ff0b2046c was interrupted, exiting. There are 0 tasks remaining in the queue.
2019-09-04 10:16:50,724 [main] INFO  utils.BackgroundService (BackgroundService.java:shutdown(148)) - Shutting down service BlockDeletingService
2019-09-04 10:16:50,727 [ForkJoinPool.commonPool-worker-0] INFO  segmented.SegmentedRaftLogWorker (SegmentedRaftLogWorker.java:close(228)) - 83bf1d66-3343-4f2f-b64f-e9bea6992cf9-SegmentedRaftLogWorker:Storage Directory /workdir/hadoop-ozone/integration-test/target/test-dir/MiniOzoneClusterImpl-92bdd970-4d32-4065-b0f9-0a546f741942/datanode-2/data/ratis/497e4afd-a7af-430b-8da9-110ff0b2046c close()
2019-09-04 10:16:50,730 [ForkJoinPool.commonPool-worker-0] INFO  server.GrpcService (GrpcService.java:closeImpl(155)) - 83bf1d66-3343-4f2f-b64f-e9bea6992cf9: shutdown server with port 35386 now
2019-09-04 10:16:50,730 [refreshUsed-/workdir/hadoop-ozone/integration-test/target/test-dir/MiniOzoneClusterImpl-92bdd970-4d32-4065-b0f9-0a546f741942/datanode-3/data/containers] WARN  fs.CachingGetSpaceUsed (CachingGetSpaceUsed.java:run(183)) - Thread Interrupted waiting to refresh disk information: sleep interrupted
2019-09-04 10:16:50,732 [ForkJoinPool.commonPool-worker-0] INFO  server.GrpcService (GrpcService.java:closeImpl(163)) - 83bf1d66-3343-4f2f-b64f-e9bea6992cf9: shutdown server with port 35386 successfully
2019-09-04 10:16:50,733 [ForkJoinPool.commonPool-worker-0] INFO  utils.BackgroundService (BackgroundService.java:shutdown(148)) - Shutting down service BlockDeletingService
2019-09-04 10:16:50,734 [refreshUsed-/workdir/hadoop-ozone/integration-test/target/test-dir/MiniOzoneClusterImpl-92bdd970-4d32-4065-b0f9-0a546f741942/datanode-2/data/containers] WARN  fs.CachingGetSpaceUsed (CachingGetSpaceUsed.java:run(183)) - Thread Interrupted waiting to refresh disk information: sleep interrupted
2019-09-04 10:16:50,750 [ForkJoinPool.commonPool-worker-0] INFO  statemachine.DatanodeStateMachine (DatanodeStateMachine.java:stopDaemon(395)) - Ozone container server stopped.
2019-09-04 10:16:50,753 [ForkJoinPool.commonPool-worker-0] INFO  handler.ContextHandler (ContextHandler.java:doStop(910)) - Stopped o.e.j.w.WebAppContext@7fe1a856{/,null,UNAVAILABLE}{/hddsDatanode}
2019-09-04 10:16:50,754 [ForkJoinPool.commonPool-worker-0] INFO  server.AbstractConnector (AbstractConnector.java:doStop(318)) - Stopped ServerConnector@5a7e0d68{HTTP/1.1,[http/1.1]}{0.0.0.0:0}
2019-09-04 10:16:50,754 [ForkJoinPool.commonPool-worker-0] INFO  handler.ContextHandler (ContextHandler.java:doStop(910)) - Stopped o.e.j.s.ServletContextHandler@4d87553b{/static,jar:file:/home/user/.m2/repository/org/apache/hadoop/hadoop-hdds-container-service/0.5.0-SNAPSHOT/hadoop-hdds-container-service-0.5.0-SNAPSHOT.jar!/webapps/static,UNAVAILABLE}
2019-09-04 10:16:50,754 [ForkJoinPool.commonPool-worker-0] INFO  handler.ContextHandler (ContextHandler.java:doStop(910)) - Stopped o.e.j.s.ServletContextHandler@11b5b1f2{/logs,file:///workdir/hadoop-ozone/integration-test/target/log,UNAVAILABLE}
2019-09-04 10:16:50,755 [ForkJoinPool.commonPool-worker-0] INFO  datanode.ObjectStoreHandler (ObjectStoreHandler.java:close(155)) - Closing ObjectStoreHandler.
2019-09-04 10:16:50,755 [ForkJoinPool.commonPool-worker-0] INFO  ozone.HddsDatanodeService (HddsDatanodeService.java:stop(451)) - Stopped plug-in org.apache.hadoop.ozone.web.OzoneHddsDatanodeService@4f9e32f2
2019-09-04 10:16:50,763 [main] INFO  statemachine.DatanodeStateMachine (DatanodeStateMachine.java:stopDaemon(395)) - Ozone container server stopped.
2019-09-04 10:16:50,764 [main] INFO  handler.ContextHandler (ContextHandler.java:doStop(910)) - Stopped o.e.j.w.WebAppContext@1acf7db2{/,null,UNAVAILABLE}{/hddsDatanode}
2019-09-04 10:16:50,765 [main] INFO  server.AbstractConnector (AbstractConnector.java:doStop(318)) - Stopped ServerConnector@252da8f{HTTP/1.1,[http/1.1]}{0.0.0.0:0}
2019-09-04 10:16:50,765 [main] INFO  handler.ContextHandler (ContextHandler.java:doStop(910)) - Stopped o.e.j.s.ServletContextHandler@12e25b4b{/static,jar:file:/home/user/.m2/repository/org/apache/hadoop/hadoop-hdds-container-service/0.5.0-SNAPSHOT/hadoop-hdds-container-service-0.5.0-SNAPSHOT.jar!/webapps/static,UNAVAILABLE}
2019-09-04 10:16:50,766 [main] INFO  handler.ContextHandler (ContextHandler.java:doStop(910)) - Stopped o.e.j.s.ServletContextHandler@134ccb03{/logs,file:///workdir/hadoop-ozone/integration-test/target/log,UNAVAILABLE}
2019-09-04 10:16:50,767 [main] INFO  datanode.ObjectStoreHandler (ObjectStoreHandler.java:close(155)) - Closing ObjectStoreHandler.
2019-09-04 10:16:50,767 [main] INFO  ozone.HddsDatanodeService (HddsDatanodeService.java:stop(451)) - Stopped plug-in org.apache.hadoop.ozone.web.OzoneHddsDatanodeService@18a129b8
2019-09-04 10:16:51,033 | INFO  | SCMAudit | user=jenkins1000 | ip=192.168.36.67 | op=SEND_HEARTBEAT {datanodeUUID=cc26b0b0-42a6-4c40-b1c0-3a6e3a9aaf66, command=[]} | ret=SUCCESS |  
2019-09-04 10:16:51,380 [Datanode State Machine Thread - 0] INFO  statemachine.DatanodeStateMachine (DatanodeStateMachine.java:lambda$startDaemon$0(350)) - Ozone container server started.
2019-09-04 10:16:51,707 [Datanode State Machine Thread - 0] INFO  statemachine.DatanodeStateMachine (DatanodeStateMachine.java:lambda$startDaemon$0(350)) - Ozone container server started.
2019-09-04 10:16:52,033 | INFO  | SCMAudit | user=jenkins1000 | ip=192.168.36.67 | op=SEND_HEARTBEAT {datanodeUUID=cc26b0b0-42a6-4c40-b1c0-3a6e3a9aaf66, command=[]} | ret=SUCCESS |  
2019-09-04 10:16:52,929 [Thread-4195] INFO  impl.FollowerState (FollowerState.java:run(106)) - cc26b0b0-42a6-4c40-b1c0-3a6e3a9aaf66:group-8CC16F498C60 changes to CANDIDATE, lastRpcTime:9856, electionTimeout:5094ms
2019-09-04 10:16:52,930 [Thread-4195] INFO  impl.RoleInfo (RoleInfo.java:shutdownFollowerState(121)) - cc26b0b0-42a6-4c40-b1c0-3a6e3a9aaf66: shutdown FollowerState
2019-09-04 10:16:52,930 [Thread-4195] INFO  impl.RaftServerImpl (RaftServerImpl.java:setRole(171)) - cc26b0b0-42a6-4c40-b1c0-3a6e3a9aaf66:group-8CC16F498C60 changes role from FOLLOWER to CANDIDATE at term 1 for changeToCandidate
2019-09-04 10:16:52,930 [Thread-4195] INFO  impl.RoleInfo (RoleInfo.java:updateAndGet(143)) - cc26b0b0-42a6-4c40-b1c0-3a6e3a9aaf66: start LeaderElection
2019-09-04 10:16:52,933 [cc26b0b0-42a6-4c40-b1c0-3a6e3a9aaf66:group-8CC16F498C60:LeaderElection86] INFO  impl.RaftServerImpl (ServerState.java:setLeader(263)) - cc26b0b0-42a6-4c40-b1c0-3a6e3a9aaf66:group-8CC16F498C60 change Leader from b98e2d19-33f1-4f79-80c8-78219e23739a to null at term 1 for initElection
2019-09-04 10:16:52,947 [cc26b0b0-42a6-4c40-b1c0-3a6e3a9aaf66:group-8CC16F498C60:LeaderElection86] INFO  impl.LeaderElection (LeaderElection.java:askForVotes(181)) - cc26b0b0-42a6-4c40-b1c0-3a6e3a9aaf66:group-8CC16F498C60:LeaderElection86: begin an election at term 2 for 0: [31b4e676-369f-4979-b1c2-672ed0f2e414:192.168.36.67:46802, b98e2d19-33f1-4f79-80c8-78219e23739a:192.168.36.67:36361, cc26b0b0-42a6-4c40-b1c0-3a6e3a9aaf66:192.168.36.67:34378], old=null
2019-09-04 10:16:52,950 [cc26b0b0-42a6-4c40-b1c0-3a6e3a9aaf66:group-8CC16F498C60:LeaderElection86] INFO  impl.LeaderElection (LogUtils.java:infoOrTrace(149)) - cc26b0b0-42a6-4c40-b1c0-3a6e3a9aaf66:group-8CC16F498C60:LeaderElection86 got exception when requesting votes: {}
java.util.concurrent.ExecutionException: org.apache.ratis.thirdparty.io.grpc.StatusRuntimeException: UNAVAILABLE: io exception
	at java.util.concurrent.FutureTask.report(FutureTask.java:122)
	at java.util.concurrent.FutureTask.get(FutureTask.java:192)
	at org.apache.ratis.server.impl.LeaderElection.waitForResults(LeaderElection.java:262)
	at org.apache.ratis.server.impl.LeaderElection.askForVotes(LeaderElection.java:200)
	at org.apache.ratis.server.impl.LeaderElection.run(LeaderElection.java:130)
	at java.lang.Thread.run(Thread.java:748)
Caused by: org.apache.ratis.thirdparty.io.grpc.StatusRuntimeException: UNAVAILABLE: io exception
	at org.apache.ratis.thirdparty.io.grpc.stub.ClientCalls.toStatusRuntimeException(ClientCalls.java:233)
	at org.apache.ratis.thirdparty.io.grpc.stub.ClientCalls.getUnchecked(ClientCalls.java:214)
	at org.apache.ratis.thirdparty.io.grpc.stub.ClientCalls.blockingUnaryCall(ClientCalls.java:139)
	at org.apache.ratis.proto.grpc.RaftServerProtocolServiceGrpc$RaftServerProtocolServiceBlockingStub.requestVote(RaftServerProtocolServiceGrpc.java:265)
	at org.apache.ratis.grpc.server.GrpcServerProtocolClient.requestVote(GrpcServerProtocolClient.java:83)
	at org.apache.ratis.grpc.server.GrpcService.requestVote(GrpcService.java:195)
	at org.apache.ratis.server.impl.LeaderElection.lambda$submitRequests$1(LeaderElection.java:237)
	at java.util.concurrent.FutureTask.run(FutureTask.java:266)
	at java.util.concurrent.Executors$RunnableAdapter.call(Executors.java:511)
	at java.util.concurrent.FutureTask.run(FutureTask.java:266)
	at java.util.concurrent.ThreadPoolExecutor.runWorker(ThreadPoolExecutor.java:1149)
	at java.util.concurrent.ThreadPoolExecutor$Worker.run(ThreadPoolExecutor.java:624)
	... 1 more
Caused by: org.apache.ratis.thirdparty.io.netty.channel.AbstractChannel$AnnotatedConnectException: Connection refused: /192.168.36.67:36361
	at sun.nio.ch.SocketChannelImpl.checkConnect(Native Method)
	at sun.nio.ch.SocketChannelImpl.finishConnect(SocketChannelImpl.java:717)
	at org.apache.ratis.thirdparty.io.netty.channel.socket.nio.NioSocketChannel.doFinishConnect(NioSocketChannel.java:327)
	at org.apache.ratis.thirdparty.io.netty.channel.nio.AbstractNioChannel$AbstractNioUnsafe.finishConnect(AbstractNioChannel.java:340)
	at org.apache.ratis.thirdparty.io.netty.channel.nio.NioEventLoop.processSelectedKey(NioEventLoop.java:632)
	at org.apache.ratis.thirdparty.io.netty.channel.nio.NioEventLoop.processSelectedKeysOptimized(NioEventLoop.java:579)
	at org.apache.ratis.thirdparty.io.netty.channel.nio.NioEventLoop.processSelectedKeys(NioEventLoop.java:496)
	at org.apache.ratis.thirdparty.io.netty.channel.nio.NioEventLoop.run(NioEventLoop.java:458)
	at org.apache.ratis.thirdparty.io.netty.util.concurrent.SingleThreadEventExecutor$5.run(SingleThreadEventExecutor.java:897)
	at org.apache.ratis.thirdparty.io.netty.util.concurrent.FastThreadLocalRunnable.run(FastThreadLocalRunnable.java:30)
	... 1 more
Caused by: java.net.ConnectException: Connection refused
	... 11 more
2019-09-04 10:16:52,952 [cc26b0b0-42a6-4c40-b1c0-3a6e3a9aaf66:group-8CC16F498C60:LeaderElection86] INFO  impl.LeaderElection (LogUtils.java:infoOrTrace(149)) - cc26b0b0-42a6-4c40-b1c0-3a6e3a9aaf66:group-8CC16F498C60:LeaderElection86 got exception when requesting votes: {}
java.util.concurrent.ExecutionException: org.apache.ratis.thirdparty.io.grpc.StatusRuntimeException: UNAVAILABLE: io exception
	at java.util.concurrent.FutureTask.report(FutureTask.java:122)
	at java.util.concurrent.FutureTask.get(FutureTask.java:192)
	at org.apache.ratis.server.impl.LeaderElection.waitForResults(LeaderElection.java:262)
	at org.apache.ratis.server.impl.LeaderElection.askForVotes(LeaderElection.java:200)
	at org.apache.ratis.server.impl.LeaderElection.run(LeaderElection.java:130)
	at java.lang.Thread.run(Thread.java:748)
Caused by: org.apache.ratis.thirdparty.io.grpc.StatusRuntimeException: UNAVAILABLE: io exception
	at org.apache.ratis.thirdparty.io.grpc.stub.ClientCalls.toStatusRuntimeException(ClientCalls.java:233)
	at org.apache.ratis.thirdparty.io.grpc.stub.ClientCalls.getUnchecked(ClientCalls.java:214)
	at org.apache.ratis.thirdparty.io.grpc.stub.ClientCalls.blockingUnaryCall(ClientCalls.java:139)
	at org.apache.ratis.proto.grpc.RaftServerProtocolServiceGrpc$RaftServerProtocolServiceBlockingStub.requestVote(RaftServerProtocolServiceGrpc.java:265)
	at org.apache.ratis.grpc.server.GrpcServerProtocolClient.requestVote(GrpcServerProtocolClient.java:83)
	at org.apache.ratis.grpc.server.GrpcService.requestVote(GrpcService.java:195)
	at org.apache.ratis.server.impl.LeaderElection.lambda$submitRequests$1(LeaderElection.java:237)
	at java.util.concurrent.FutureTask.run(FutureTask.java:266)
	at java.util.concurrent.Executors$RunnableAdapter.call(Executors.java:511)
	at java.util.concurrent.FutureTask.run(FutureTask.java:266)
	at java.util.concurrent.ThreadPoolExecutor.runWorker(ThreadPoolExecutor.java:1149)
	at java.util.concurrent.ThreadPoolExecutor$Worker.run(ThreadPoolExecutor.java:624)
	... 1 more
Caused by: org.apache.ratis.thirdparty.io.netty.channel.AbstractChannel$AnnotatedConnectException: Connection refused: /192.168.36.67:46802
	at sun.nio.ch.SocketChannelImpl.checkConnect(Native Method)
	at sun.nio.ch.SocketChannelImpl.finishConnect(SocketChannelImpl.java:717)
	at org.apache.ratis.thirdparty.io.netty.channel.socket.nio.NioSocketChannel.doFinishConnect(NioSocketChannel.java:327)
	at org.apache.ratis.thirdparty.io.netty.channel.nio.AbstractNioChannel$AbstractNioUnsafe.finishConnect(AbstractNioChannel.java:340)
	at org.apache.ratis.thirdparty.io.netty.channel.nio.NioEventLoop.processSelectedKey(NioEventLoop.java:632)
	at org.apache.ratis.thirdparty.io.netty.channel.nio.NioEventLoop.processSelectedKeysOptimized(NioEventLoop.java:579)
	at org.apache.ratis.thirdparty.io.netty.channel.nio.NioEventLoop.processSelectedKeys(NioEventLoop.java:496)
	at org.apache.ratis.thirdparty.io.netty.channel.nio.NioEventLoop.run(NioEventLoop.java:458)
	at org.apache.ratis.thirdparty.io.netty.util.concurrent.SingleThreadEventExecutor$5.run(SingleThreadEventExecutor.java:897)
	at org.apache.ratis.thirdparty.io.netty.util.concurrent.FastThreadLocalRunnable.run(FastThreadLocalRunnable.java:30)
	... 1 more
Caused by: java.net.ConnectException: Connection refused
	... 11 more
2019-09-04 10:16:52,954 [cc26b0b0-42a6-4c40-b1c0-3a6e3a9aaf66:group-8CC16F498C60:LeaderElection86] INFO  impl.LeaderElection (LeaderElection.java:logAndReturn(56)) - cc26b0b0-42a6-4c40-b1c0-3a6e3a9aaf66:group-8CC16F498C60:LeaderElection86: Election REJECTED; received 0 response(s) [] and 2 exception(s); cc26b0b0-42a6-4c40-b1c0-3a6e3a9aaf66:t2, leader=null, voted=cc26b0b0-42a6-4c40-b1c0-3a6e3a9aaf66, raftlog=cc26b0b0-42a6-4c40-b1c0-3a6e3a9aaf66-SegmentedRaftLog:OPENED:c6,f6,i6, conf=0: [31b4e676-369f-4979-b1c2-672ed0f2e414:192.168.36.67:46802, b98e2d19-33f1-4f79-80c8-78219e23739a:192.168.36.67:36361, cc26b0b0-42a6-4c40-b1c0-3a6e3a9aaf66:192.168.36.67:34378], old=null
2019-09-04 10:16:52,954 [cc26b0b0-42a6-4c40-b1c0-3a6e3a9aaf66:group-8CC16F498C60:LeaderElection86] INFO  impl.LeaderElection (LogUtils.java:infoOrTrace(149)) -   Exception 0: {}
java.util.concurrent.ExecutionException: org.apache.ratis.thirdparty.io.grpc.StatusRuntimeException: UNAVAILABLE: io exception
	at java.util.concurrent.FutureTask.report(FutureTask.java:122)
	at java.util.concurrent.FutureTask.get(FutureTask.java:192)
	at org.apache.ratis.server.impl.LeaderElection.waitForResults(LeaderElection.java:262)
	at org.apache.ratis.server.impl.LeaderElection.askForVotes(LeaderElection.java:200)
	at org.apache.ratis.server.impl.LeaderElection.run(LeaderElection.java:130)
	at java.lang.Thread.run(Thread.java:748)
Caused by: org.apache.ratis.thirdparty.io.grpc.StatusRuntimeException: UNAVAILABLE: io exception
	at org.apache.ratis.thirdparty.io.grpc.stub.ClientCalls.toStatusRuntimeException(ClientCalls.java:233)
	at org.apache.ratis.thirdparty.io.grpc.stub.ClientCalls.getUnchecked(ClientCalls.java:214)
	at org.apache.ratis.thirdparty.io.grpc.stub.ClientCalls.blockingUnaryCall(ClientCalls.java:139)
	at org.apache.ratis.proto.grpc.RaftServerProtocolServiceGrpc$RaftServerProtocolServiceBlockingStub.requestVote(RaftServerProtocolServiceGrpc.java:265)
	at org.apache.ratis.grpc.server.GrpcServerProtocolClient.requestVote(GrpcServerProtocolClient.java:83)
	at org.apache.ratis.grpc.server.GrpcService.requestVote(GrpcService.java:195)
	at org.apache.ratis.server.impl.LeaderElection.lambda$submitRequests$1(LeaderElection.java:237)
	at java.util.concurrent.FutureTask.run(FutureTask.java:266)
	at java.util.concurrent.Executors$RunnableAdapter.call(Executors.java:511)
	at java.util.concurrent.FutureTask.run(FutureTask.java:266)
	at java.util.concurrent.ThreadPoolExecutor.runWorker(ThreadPoolExecutor.java:1149)
	at java.util.concurrent.ThreadPoolExecutor$Worker.run(ThreadPoolExecutor.java:624)
	... 1 more
Caused by: org.apache.ratis.thirdparty.io.netty.channel.AbstractChannel$AnnotatedConnectException: Connection refused: /192.168.36.67:36361
	at sun.nio.ch.SocketChannelImpl.checkConnect(Native Method)
	at sun.nio.ch.SocketChannelImpl.finishConnect(SocketChannelImpl.java:717)
	at org.apache.ratis.thirdparty.io.netty.channel.socket.nio.NioSocketChannel.doFinishConnect(NioSocketChannel.java:327)
	at org.apache.ratis.thirdparty.io.netty.channel.nio.AbstractNioChannel$AbstractNioUnsafe.finishConnect(AbstractNioChannel.java:340)
	at org.apache.ratis.thirdparty.io.netty.channel.nio.NioEventLoop.processSelectedKey(NioEventLoop.java:632)
	at org.apache.ratis.thirdparty.io.netty.channel.nio.NioEventLoop.processSelectedKeysOptimized(NioEventLoop.java:579)
	at org.apache.ratis.thirdparty.io.netty.channel.nio.NioEventLoop.processSelectedKeys(NioEventLoop.java:496)
	at org.apache.ratis.thirdparty.io.netty.channel.nio.NioEventLoop.run(NioEventLoop.java:458)
	at org.apache.ratis.thirdparty.io.netty.util.concurrent.SingleThreadEventExecutor$5.run(SingleThreadEventExecutor.java:897)
	at org.apache.ratis.thirdparty.io.netty.util.concurrent.FastThreadLocalRunnable.run(FastThreadLocalRunnable.java:30)
	... 1 more
Caused by: java.net.ConnectException: Connection refused
	... 11 more
2019-09-04 10:16:52,954 [cc26b0b0-42a6-4c40-b1c0-3a6e3a9aaf66:group-8CC16F498C60:LeaderElection86] INFO  impl.LeaderElection (LogUtils.java:infoOrTrace(149)) -   Exception 1: {}
java.util.concurrent.ExecutionException: org.apache.ratis.thirdparty.io.grpc.StatusRuntimeException: UNAVAILABLE: io exception
	at java.util.concurrent.FutureTask.report(FutureTask.java:122)
	at java.util.concurrent.FutureTask.get(FutureTask.java:192)
	at org.apache.ratis.server.impl.LeaderElection.waitForResults(LeaderElection.java:262)
	at org.apache.ratis.server.impl.LeaderElection.askForVotes(LeaderElection.java:200)
	at org.apache.ratis.server.impl.LeaderElection.run(LeaderElection.java:130)
	at java.lang.Thread.run(Thread.java:748)
Caused by: org.apache.ratis.thirdparty.io.grpc.StatusRuntimeException: UNAVAILABLE: io exception
	at org.apache.ratis.thirdparty.io.grpc.stub.ClientCalls.toStatusRuntimeException(ClientCalls.java:233)
	at org.apache.ratis.thirdparty.io.grpc.stub.ClientCalls.getUnchecked(ClientCalls.java:214)
	at org.apache.ratis.thirdparty.io.grpc.stub.ClientCalls.blockingUnaryCall(ClientCalls.java:139)
	at org.apache.ratis.proto.grpc.RaftServerProtocolServiceGrpc$RaftServerProtocolServiceBlockingStub.requestVote(RaftServerProtocolServiceGrpc.java:265)
	at org.apache.ratis.grpc.server.GrpcServerProtocolClient.requestVote(GrpcServerProtocolClient.java:83)
	at org.apache.ratis.grpc.server.GrpcService.requestVote(GrpcService.java:195)
	at org.apache.ratis.server.impl.LeaderElection.lambda$submitRequests$1(LeaderElection.java:237)
	at java.util.concurrent.FutureTask.run(FutureTask.java:266)
	at java.util.concurrent.Executors$RunnableAdapter.call(Executors.java:511)
	at java.util.concurrent.FutureTask.run(FutureTask.java:266)
	at java.util.concurrent.ThreadPoolExecutor.runWorker(ThreadPoolExecutor.java:1149)
	at java.util.concurrent.ThreadPoolExecutor$Worker.run(ThreadPoolExecutor.java:624)
	... 1 more
Caused by: org.apache.ratis.thirdparty.io.netty.channel.AbstractChannel$AnnotatedConnectException: Connection refused: /192.168.36.67:46802
	at sun.nio.ch.SocketChannelImpl.checkConnect(Native Method)
	at sun.nio.ch.SocketChannelImpl.finishConnect(SocketChannelImpl.java:717)
	at org.apache.ratis.thirdparty.io.netty.channel.socket.nio.NioSocketChannel.doFinishConnect(NioSocketChannel.java:327)
	at org.apache.ratis.thirdparty.io.netty.channel.nio.AbstractNioChannel$AbstractNioUnsafe.finishConnect(AbstractNioChannel.java:340)
	at org.apache.ratis.thirdparty.io.netty.channel.nio.NioEventLoop.processSelectedKey(NioEventLoop.java:632)
	at org.apache.ratis.thirdparty.io.netty.channel.nio.NioEventLoop.processSelectedKeysOptimized(NioEventLoop.java:579)
	at org.apache.ratis.thirdparty.io.netty.channel.nio.NioEventLoop.processSelectedKeys(NioEventLoop.java:496)
	at org.apache.ratis.thirdparty.io.netty.channel.nio.NioEventLoop.run(NioEventLoop.java:458)
	at org.apache.ratis.thirdparty.io.netty.util.concurrent.SingleThreadEventExecutor$5.run(SingleThreadEventExecutor.java:897)
	at org.apache.ratis.thirdparty.io.netty.util.concurrent.FastThreadLocalRunnable.run(FastThreadLocalRunnable.java:30)
	... 1 more
Caused by: java.net.ConnectException: Connection refused
	... 11 more
2019-09-04 10:16:52,955 [cc26b0b0-42a6-4c40-b1c0-3a6e3a9aaf66:group-8CC16F498C60:LeaderElection86] INFO  impl.RaftServerImpl (RaftServerImpl.java:setRole(171)) - cc26b0b0-42a6-4c40-b1c0-3a6e3a9aaf66:group-8CC16F498C60 changes role from CANDIDATE to FOLLOWER at term 2 for DISCOVERED_A_NEW_TERM
2019-09-04 10:16:52,955 [cc26b0b0-42a6-4c40-b1c0-3a6e3a9aaf66:group-8CC16F498C60:LeaderElection86] INFO  impl.RoleInfo (RoleInfo.java:shutdownLeaderElection(134)) - cc26b0b0-42a6-4c40-b1c0-3a6e3a9aaf66: shutdown LeaderElection
2019-09-04 10:16:52,955 [cc26b0b0-42a6-4c40-b1c0-3a6e3a9aaf66:group-8CC16F498C60:LeaderElection86] INFO  impl.RoleInfo (RoleInfo.java:updateAndGet(143)) - cc26b0b0-42a6-4c40-b1c0-3a6e3a9aaf66: start FollowerState
2019-09-04 10:16:53,034 | INFO  | SCMAudit | user=jenkins1000 | ip=192.168.36.67 | op=SEND_HEARTBEAT {datanodeUUID=cc26b0b0-42a6-4c40-b1c0-3a6e3a9aaf66, command=[]} | ret=SUCCESS |  
2019-09-04 10:16:54,034 | INFO  | SCMAudit | user=jenkins1000 | ip=192.168.36.67 | op=SEND_HEARTBEAT {datanodeUUID=cc26b0b0-42a6-4c40-b1c0-3a6e3a9aaf66, command=[]} | ret=SUCCESS |  
2019-09-04 10:16:55,034 | INFO  | SCMAudit | user=jenkins1000 | ip=192.168.36.67 | op=SEND_HEARTBEAT {datanodeUUID=cc26b0b0-42a6-4c40-b1c0-3a6e3a9aaf66, command=[]} | ret=SUCCESS |  
2019-09-04 10:16:55,470 [EventQueue-StaleNodeForStaleNodeHandler] INFO  node.StaleNodeHandler (StaleNodeHandler.java:onMessage(58)) - Datanode b80378ed-5f1b-4740-b601-1e0bc7c6be7e{ip: 192.168.36.67, host: pr-hdds-1569-fjd24-125839774, networkLocation: /default-rack, certSerialId: null} moved to stale state. Finalizing its pipelines [PipelineID=c1a289d0-1fea-4328-9015-96a53878f3c5, PipelineID=497e4afd-a7af-430b-8da9-110ff0b2046c]
2019-09-04 10:16:55,470 [EventQueue-StaleNodeForStaleNodeHandler] INFO  pipeline.SCMPipelineManager (SCMPipelineManager.java:finalizeAndDestroyPipeline(309)) - destroying pipeline:Pipeline[ Id: c1a289d0-1fea-4328-9015-96a53878f3c5, Nodes: b80378ed-5f1b-4740-b601-1e0bc7c6be7e{ip: 192.168.36.67, host: pr-hdds-1569-fjd24-125839774, networkLocation: /default-rack, certSerialId: null}, Type:RATIS, Factor:ONE, State:OPEN]
2019-09-04 10:16:55,471 [EventQueue-StaleNodeForStaleNodeHandler] INFO  pipeline.PipelineStateManager (PipelineStateManager.java:finalizePipeline(123)) - Pipeline Pipeline[ Id: c1a289d0-1fea-4328-9015-96a53878f3c5, Nodes: b80378ed-5f1b-4740-b601-1e0bc7c6be7e{ip: 192.168.36.67, host: pr-hdds-1569-fjd24-125839774, networkLocation: /default-rack, certSerialId: null}, Type:RATIS, Factor:ONE, State:CLOSED] moved to CLOSED state
2019-09-04 10:16:55,471 [EventQueue-StaleNodeForStaleNodeHandler] INFO  pipeline.SCMPipelineManager (SCMPipelineManager.java:finalizeAndDestroyPipeline(309)) - destroying pipeline:Pipeline[ Id: 497e4afd-a7af-430b-8da9-110ff0b2046c, Nodes: 83bf1d66-3343-4f2f-b64f-e9bea6992cf9{ip: 192.168.36.67, host: pr-hdds-1569-fjd24-125839774, networkLocation: /default-rack, certSerialId: null}b80378ed-5f1b-4740-b601-1e0bc7c6be7e{ip: 192.168.36.67, host: pr-hdds-1569-fjd24-125839774, networkLocation: /default-rack, certSerialId: null}9e2f2840-376d-44a7-a0d8-66a1275e3925{ip: 192.168.36.67, host: pr-hdds-1569-fjd24-125839774, networkLocation: /default-rack, certSerialId: null}, Type:RATIS, Factor:THREE, State:CLOSED]
2019-09-04 10:16:55,758 [ForkJoinPool.commonPool-worker-0] INFO  ozoneimpl.OzoneContainer (OzoneContainer.java:stop(199)) - Attempting to stop container services.
2019-09-04 10:16:55,759 [ForkJoinPool.commonPool-worker-0] INFO  impl.RaftServerProxy (RaftServerProxy.java:lambda$close$4(314)) - b80378ed-5f1b-4740-b601-1e0bc7c6be7e: close
2019-09-04 10:16:55,759 [ForkJoinPool.commonPool-worker-0] INFO  impl.RaftServerImpl (RaftServerImpl.java:lambda$shutdown$3(245)) - b80378ed-5f1b-4740-b601-1e0bc7c6be7e: shutdown group-96A53878F3C5
2019-09-04 10:16:55,759 [ForkJoinPool.commonPool-worker-0] INFO  util.JmxRegister (JmxRegister.java:unregister(73)) - Successfully un-registered JMX Bean with object name Ratis:service=RaftServer,group=group-96A53878F3C5,id=b80378ed-5f1b-4740-b601-1e0bc7c6be7e
2019-09-04 10:16:55,759 [ForkJoinPool.commonPool-worker-0] INFO  impl.RoleInfo (RoleInfo.java:shutdownLeaderState(104)) - b80378ed-5f1b-4740-b601-1e0bc7c6be7e: shutdown LeaderState
2019-09-04 10:16:55,760 [ForkJoinPool.commonPool-worker-0] INFO  impl.PendingRequests (PendingRequests.java:sendNotLeaderResponses(202)) - b80378ed-5f1b-4740-b601-1e0bc7c6be7e-PendingRequests: sendNotLeaderResponses
2019-09-04 10:16:55,760 [ForkJoinPool.commonPool-worker-0] INFO  impl.StateMachineUpdater (StateMachineUpdater.java:stopAndJoin(115)) - StateMachineUpdater:b80378ed-5f1b-4740-b601-1e0bc7c6be7e:group-96A53878F3C5: set stopIndex = 0
2019-09-04 10:16:55,760 [ForkJoinPool.commonPool-worker-0] INFO  impl.RaftServerImpl (ServerState.java:close(394)) - b80378ed-5f1b-4740-b601-1e0bc7c6be7e:group-96A53878F3C5 closes. The last applied log index is 0
2019-09-04 10:16:55,761 [b80378ed-5f1b-4740-b601-1e0bc7c6be7e-SegmentedRaftLogWorker:Storage Directory /workdir/hadoop-ozone/integration-test/target/test-dir/MiniOzoneClusterImpl-92bdd970-4d32-4065-b0f9-0a546f741942/datanode-0/data/ratis/c1a289d0-1fea-4328-9015-96a53878f3c5] INFO  segmented.SegmentedRaftLogWorker (SegmentedRaftLogWorker.java:run(313)) - b80378ed-5f1b-4740-b601-1e0bc7c6be7e-SegmentedRaftLogWorker:Storage Directory /workdir/hadoop-ozone/integration-test/target/test-dir/MiniOzoneClusterImpl-92bdd970-4d32-4065-b0f9-0a546f741942/datanode-0/data/ratis/c1a289d0-1fea-4328-9015-96a53878f3c5 was interrupted, exiting. There are 0 tasks remaining in the queue.
2019-09-04 10:16:55,764 [ForkJoinPool.commonPool-worker-0] INFO  segmented.SegmentedRaftLogWorker (SegmentedRaftLogWorker.java:close(228)) - b80378ed-5f1b-4740-b601-1e0bc7c6be7e-SegmentedRaftLogWorker:Storage Directory /workdir/hadoop-ozone/integration-test/target/test-dir/MiniOzoneClusterImpl-92bdd970-4d32-4065-b0f9-0a546f741942/datanode-0/data/ratis/c1a289d0-1fea-4328-9015-96a53878f3c5 close()
2019-09-04 10:16:55,766 [ForkJoinPool.commonPool-worker-0] INFO  impl.RaftServerImpl (RaftServerImpl.java:lambda$shutdown$3(245)) - b80378ed-5f1b-4740-b601-1e0bc7c6be7e: shutdown group-110FF0B2046C
2019-09-04 10:16:55,766 [ForkJoinPool.commonPool-worker-0] INFO  util.JmxRegister (JmxRegister.java:unregister(73)) - Successfully un-registered JMX Bean with object name Ratis:service=RaftServer,group=group-110FF0B2046C,id=b80378ed-5f1b-4740-b601-1e0bc7c6be7e
2019-09-04 10:16:55,766 [ForkJoinPool.commonPool-worker-0] INFO  impl.RoleInfo (RoleInfo.java:shutdownFollowerState(121)) - b80378ed-5f1b-4740-b601-1e0bc7c6be7e: shutdown FollowerState
2019-09-04 10:16:55,766 [ForkJoinPool.commonPool-worker-0] INFO  impl.StateMachineUpdater (StateMachineUpdater.java:stopAndJoin(115)) - StateMachineUpdater:b80378ed-5f1b-4740-b601-1e0bc7c6be7e:group-110FF0B2046C: set stopIndex = 6
2019-09-04 10:16:55,767 [Thread-4169] INFO  impl.FollowerState (FollowerState.java:run(114)) - b80378ed-5f1b-4740-b601-1e0bc7c6be7e: FollowerState was interrupted: java.lang.InterruptedException: sleep interrupted
2019-09-04 10:16:55,767 [StateMachineUpdater:b80378ed-5f1b-4740-b601-1e0bc7c6be7e:group-110FF0B2046C] INFO  ratis.ContainerStateMachine (ContainerStateMachine.java:takeSnapshot(283)) - group-110FF0B2046C: Taking a snapshot at:(t:1, i:4) file /workdir/hadoop-ozone/integration-test/target/test-dir/MiniOzoneClusterImpl-92bdd970-4d32-4065-b0f9-0a546f741942/datanode-0/data/ratis/497e4afd-a7af-430b-8da9-110ff0b2046c/sm/snapshot.1_4
2019-09-04 10:16:55,769 [main] INFO  ozoneimpl.OzoneContainer (OzoneContainer.java:stop(199)) - Attempting to stop container services.
2019-09-04 10:16:55,769 [main] INFO  impl.RaftServerProxy (RaftServerProxy.java:lambda$close$4(314)) - d31f0293-0228-4a75-90b9-c3e018e44e78: close
2019-09-04 10:16:55,770 [main] INFO  impl.RaftServerImpl (RaftServerImpl.java:lambda$shutdown$3(245)) - d31f0293-0228-4a75-90b9-c3e018e44e78: shutdown group-CC3F7AAF700F
2019-09-04 10:16:55,770 [main] INFO  util.JmxRegister (JmxRegister.java:unregister(73)) - Successfully un-registered JMX Bean with object name Ratis:service=RaftServer,group=group-CC3F7AAF700F,id=d31f0293-0228-4a75-90b9-c3e018e44e78
2019-09-04 10:16:55,770 [EventQueue-StaleNodeForStaleNodeHandler] INFO  node.StaleNodeHandler (StaleNodeHandler.java:onMessage(58)) - Datanode d31f0293-0228-4a75-90b9-c3e018e44e78{ip: 192.168.36.67, host: pr-hdds-1569-fjd24-125839774, networkLocation: /default-rack, certSerialId: null} moved to stale state. Finalizing its pipelines [PipelineID=708d5414-6fa0-4696-991a-cc3f7aaf700f]
2019-09-04 10:16:55,771 [main] INFO  impl.RoleInfo (RoleInfo.java:shutdownLeaderState(104)) - d31f0293-0228-4a75-90b9-c3e018e44e78: shutdown LeaderState
2019-09-04 10:16:55,771 [EventQueue-StaleNodeForStaleNodeHandler] INFO  pipeline.SCMPipelineManager (SCMPipelineManager.java:finalizeAndDestroyPipeline(309)) - destroying pipeline:Pipeline[ Id: 708d5414-6fa0-4696-991a-cc3f7aaf700f, Nodes: d31f0293-0228-4a75-90b9-c3e018e44e78{ip: 192.168.36.67, host: pr-hdds-1569-fjd24-125839774, networkLocation: /default-rack, certSerialId: null}, Type:RATIS, Factor:ONE, State:OPEN]
2019-09-04 10:16:55,771 [main] INFO  impl.PendingRequests (PendingRequests.java:sendNotLeaderResponses(202)) - d31f0293-0228-4a75-90b9-c3e018e44e78-PendingRequests: sendNotLeaderResponses
2019-09-04 10:16:55,771 [EventQueue-StaleNodeForStaleNodeHandler] INFO  pipeline.PipelineStateManager (PipelineStateManager.java:finalizePipeline(123)) - Pipeline Pipeline[ Id: 708d5414-6fa0-4696-991a-cc3f7aaf700f, Nodes: d31f0293-0228-4a75-90b9-c3e018e44e78{ip: 192.168.36.67, host: pr-hdds-1569-fjd24-125839774, networkLocation: /default-rack, certSerialId: null}, Type:RATIS, Factor:ONE, State:CLOSED] moved to CLOSED state
2019-09-04 10:16:55,772 [main] INFO  impl.StateMachineUpdater (StateMachineUpdater.java:stopAndJoin(115)) - StateMachineUpdater:d31f0293-0228-4a75-90b9-c3e018e44e78:group-CC3F7AAF700F: set stopIndex = 0
2019-09-04 10:16:55,772 [main] INFO  impl.RaftServerImpl (ServerState.java:close(394)) - d31f0293-0228-4a75-90b9-c3e018e44e78:group-CC3F7AAF700F closes. The last applied log index is 0
2019-09-04 10:16:55,773 [d31f0293-0228-4a75-90b9-c3e018e44e78-SegmentedRaftLogWorker:Storage Directory /workdir/hadoop-ozone/integration-test/target/test-dir/MiniOzoneClusterImpl-92bdd970-4d32-4065-b0f9-0a546f741942/datanode-6/data/ratis/708d5414-6fa0-4696-991a-cc3f7aaf700f] INFO  segmented.SegmentedRaftLogWorker (SegmentedRaftLogWorker.java:run(313)) - d31f0293-0228-4a75-90b9-c3e018e44e78-SegmentedRaftLogWorker:Storage Directory /workdir/hadoop-ozone/integration-test/target/test-dir/MiniOzoneClusterImpl-92bdd970-4d32-4065-b0f9-0a546f741942/datanode-6/data/ratis/708d5414-6fa0-4696-991a-cc3f7aaf700f was interrupted, exiting. There are 0 tasks remaining in the queue.
2019-09-04 10:16:55,775 [main] INFO  segmented.SegmentedRaftLogWorker (SegmentedRaftLogWorker.java:close(228)) - d31f0293-0228-4a75-90b9-c3e018e44e78-SegmentedRaftLogWorker:Storage Directory /workdir/hadoop-ozone/integration-test/target/test-dir/MiniOzoneClusterImpl-92bdd970-4d32-4065-b0f9-0a546f741942/datanode-6/data/ratis/708d5414-6fa0-4696-991a-cc3f7aaf700f close()
2019-09-04 10:16:55,777 [main] INFO  server.GrpcService (GrpcService.java:closeImpl(155)) - d31f0293-0228-4a75-90b9-c3e018e44e78: shutdown server with port 41523 now
2019-09-04 10:16:55,779 [main] INFO  server.GrpcService (GrpcService.java:closeImpl(163)) - d31f0293-0228-4a75-90b9-c3e018e44e78: shutdown server with port 41523 successfully
2019-09-04 10:16:55,782 [StateMachineUpdater:b80378ed-5f1b-4740-b601-1e0bc7c6be7e:group-110FF0B2046C] INFO  ratis.ContainerStateMachine (ContainerStateMachine.java:takeSnapshot(294)) - group-110FF0B2046C: Finished taking a snapshot at:(t:1, i:4) file:/workdir/hadoop-ozone/integration-test/target/test-dir/MiniOzoneClusterImpl-92bdd970-4d32-4065-b0f9-0a546f741942/datanode-0/data/ratis/497e4afd-a7af-430b-8da9-110ff0b2046c/sm/snapshot.1_4 time:15
2019-09-04 10:16:55,783 [StateMachineUpdater:b80378ed-5f1b-4740-b601-1e0bc7c6be7e:group-110FF0B2046C] INFO  impl.StateMachineUpdater (StateMachineUpdater.java:takeSnapshot(242)) - StateMachineUpdater:b80378ed-5f1b-4740-b601-1e0bc7c6be7e:group-110FF0B2046C: Took a snapshot at index 4
2019-09-04 10:16:55,783 [StateMachineUpdater:b80378ed-5f1b-4740-b601-1e0bc7c6be7e:group-110FF0B2046C] INFO  impl.StateMachineUpdater (StateMachineUpdater.java:lambda$new$0(80)) - StateMachineUpdater:b80378ed-5f1b-4740-b601-1e0bc7c6be7e:group-110FF0B2046C: snapshotIndex: updateIncreasingly -1 -> 4
2019-09-04 10:16:55,785 [ForkJoinPool.commonPool-worker-0] INFO  impl.RaftServerImpl (ServerState.java:close(394)) - b80378ed-5f1b-4740-b601-1e0bc7c6be7e:group-110FF0B2046C closes. The last applied log index is 6
2019-09-04 10:16:55,785 [main] INFO  utils.BackgroundService (BackgroundService.java:shutdown(148)) - Shutting down service BlockDeletingService
2019-09-04 10:16:55,786 [b80378ed-5f1b-4740-b601-1e0bc7c6be7e-SegmentedRaftLogWorker:Storage Directory /workdir/hadoop-ozone/integration-test/target/test-dir/MiniOzoneClusterImpl-92bdd970-4d32-4065-b0f9-0a546f741942/datanode-0/data/ratis/497e4afd-a7af-430b-8da9-110ff0b2046c] INFO  segmented.SegmentedRaftLogWorker (SegmentedRaftLogWorker.java:run(313)) - b80378ed-5f1b-4740-b601-1e0bc7c6be7e-SegmentedRaftLogWorker:Storage Directory /workdir/hadoop-ozone/integration-test/target/test-dir/MiniOzoneClusterImpl-92bdd970-4d32-4065-b0f9-0a546f741942/datanode-0/data/ratis/497e4afd-a7af-430b-8da9-110ff0b2046c was interrupted, exiting. There are 0 tasks remaining in the queue.
2019-09-04 10:16:55,789 [ForkJoinPool.commonPool-worker-0] INFO  segmented.SegmentedRaftLogWorker (SegmentedRaftLogWorker.java:close(228)) - b80378ed-5f1b-4740-b601-1e0bc7c6be7e-SegmentedRaftLogWorker:Storage Directory /workdir/hadoop-ozone/integration-test/target/test-dir/MiniOzoneClusterImpl-92bdd970-4d32-4065-b0f9-0a546f741942/datanode-0/data/ratis/497e4afd-a7af-430b-8da9-110ff0b2046c close()
2019-09-04 10:16:55,789 [refreshUsed-/workdir/hadoop-ozone/integration-test/target/test-dir/MiniOzoneClusterImpl-92bdd970-4d32-4065-b0f9-0a546f741942/datanode-6/data/containers] WARN  fs.CachingGetSpaceUsed (CachingGetSpaceUsed.java:run(183)) - Thread Interrupted waiting to refresh disk information: sleep interrupted
2019-09-04 10:16:55,791 [ForkJoinPool.commonPool-worker-0] INFO  server.GrpcService (GrpcService.java:closeImpl(155)) - b80378ed-5f1b-4740-b601-1e0bc7c6be7e: shutdown server with port 37934 now
2019-09-04 10:16:55,791 [ForkJoinPool.commonPool-worker-0] INFO  server.GrpcService (GrpcService.java:closeImpl(163)) - b80378ed-5f1b-4740-b601-1e0bc7c6be7e: shutdown server with port 37934 successfully
2019-09-04 10:16:55,792 [ForkJoinPool.commonPool-worker-0] INFO  utils.BackgroundService (BackgroundService.java:shutdown(148)) - Shutting down service BlockDeletingService
2019-09-04 10:16:55,794 [refreshUsed-/workdir/hadoop-ozone/integration-test/target/test-dir/MiniOzoneClusterImpl-92bdd970-4d32-4065-b0f9-0a546f741942/datanode-0/data/containers] WARN  fs.CachingGetSpaceUsed (CachingGetSpaceUsed.java:run(183)) - Thread Interrupted waiting to refresh disk information: sleep interrupted
2019-09-04 10:16:55,810 [ForkJoinPool.commonPool-worker-0] INFO  statemachine.DatanodeStateMachine (DatanodeStateMachine.java:stopDaemon(395)) - Ozone container server stopped.
2019-09-04 10:16:55,821 [ForkJoinPool.commonPool-worker-0] INFO  handler.ContextHandler (ContextHandler.java:doStop(910)) - Stopped o.e.j.w.WebAppContext@28cfbcc{/,null,UNAVAILABLE}{/hddsDatanode}
2019-09-04 10:16:55,826 [main] INFO  statemachine.DatanodeStateMachine (DatanodeStateMachine.java:stopDaemon(395)) - Ozone container server stopped.
2019-09-04 10:16:55,826 [ForkJoinPool.commonPool-worker-0] INFO  server.AbstractConnector (AbstractConnector.java:doStop(318)) - Stopped ServerConnector@67bf393c{HTTP/1.1,[http/1.1]}{0.0.0.0:0}
2019-09-04 10:16:55,827 [ForkJoinPool.commonPool-worker-0] INFO  handler.ContextHandler (ContextHandler.java:doStop(910)) - Stopped o.e.j.s.ServletContextHandler@74161ed7{/static,jar:file:/home/user/.m2/repository/org/apache/hadoop/hadoop-hdds-container-service/0.5.0-SNAPSHOT/hadoop-hdds-container-service-0.5.0-SNAPSHOT.jar!/webapps/static,UNAVAILABLE}
2019-09-04 10:16:55,827 [main] INFO  handler.ContextHandler (ContextHandler.java:doStop(910)) - Stopped o.e.j.w.WebAppContext@26c9225a{/,null,UNAVAILABLE}{/hddsDatanode}
2019-09-04 10:16:55,827 [ForkJoinPool.commonPool-worker-0] INFO  handler.ContextHandler (ContextHandler.java:doStop(910)) - Stopped o.e.j.s.ServletContextHandler@3979ff82{/logs,file:///workdir/hadoop-ozone/integration-test/target/log,UNAVAILABLE}
2019-09-04 10:16:55,828 [main] INFO  server.AbstractConnector (AbstractConnector.java:doStop(318)) - Stopped ServerConnector@10ba757f{HTTP/1.1,[http/1.1]}{0.0.0.0:0}
2019-09-04 10:16:55,828 [ForkJoinPool.commonPool-worker-0] INFO  datanode.ObjectStoreHandler (ObjectStoreHandler.java:close(155)) - Closing ObjectStoreHandler.
2019-09-04 10:16:55,829 [main] INFO  handler.ContextHandler (ContextHandler.java:doStop(910)) - Stopped o.e.j.s.ServletContextHandler@5bf1e07{/static,jar:file:/home/user/.m2/repository/org/apache/hadoop/hadoop-hdds-container-service/0.5.0-SNAPSHOT/hadoop-hdds-container-service-0.5.0-SNAPSHOT.jar!/webapps/static,UNAVAILABLE}
2019-09-04 10:16:55,829 [ForkJoinPool.commonPool-worker-0] INFO  ozone.HddsDatanodeService (HddsDatanodeService.java:stop(451)) - Stopped plug-in org.apache.hadoop.ozone.web.OzoneHddsDatanodeService@4947b8a7
2019-09-04 10:16:55,829 [main] INFO  handler.ContextHandler (ContextHandler.java:doStop(910)) - Stopped o.e.j.s.ServletContextHandler@7942987{/logs,file:///workdir/hadoop-ozone/integration-test/target/log,UNAVAILABLE}
2019-09-04 10:16:56,033 [Datanode State Machine Thread - 0] INFO  statemachine.DatanodeStateMachine (DatanodeStateMachine.java:lambda$startDaemon$0(350)) - Ozone container server started.
2019-09-04 10:16:58,046 [Thread-4328] INFO  impl.FollowerState (FollowerState.java:run(106)) - cc26b0b0-42a6-4c40-b1c0-3a6e3a9aaf66:group-8CC16F498C60 changes to CANDIDATE, lastRpcTime:5090, electionTimeout:5090ms
2019-09-04 10:16:58,046 [Thread-4328] INFO  impl.RoleInfo (RoleInfo.java:shutdownFollowerState(121)) - cc26b0b0-42a6-4c40-b1c0-3a6e3a9aaf66: shutdown FollowerState
2019-09-04 10:16:58,046 [Thread-4328] INFO  impl.RaftServerImpl (RaftServerImpl.java:setRole(171)) - cc26b0b0-42a6-4c40-b1c0-3a6e3a9aaf66:group-8CC16F498C60 changes role from FOLLOWER to CANDIDATE at term 2 for changeToCandidate
2019-09-04 10:16:58,047 [Thread-4328] INFO  impl.RoleInfo (RoleInfo.java:updateAndGet(143)) - cc26b0b0-42a6-4c40-b1c0-3a6e3a9aaf66: start LeaderElection
2019-09-04 10:16:58,062 [cc26b0b0-42a6-4c40-b1c0-3a6e3a9aaf66:group-8CC16F498C60:LeaderElection87] INFO  impl.LeaderElection (LeaderElection.java:askForVotes(181)) - cc26b0b0-42a6-4c40-b1c0-3a6e3a9aaf66:group-8CC16F498C60:LeaderElection87: begin an election at term 3 for 0: [31b4e676-369f-4979-b1c2-672ed0f2e414:192.168.36.67:46802, b98e2d19-33f1-4f79-80c8-78219e23739a:192.168.36.67:36361, cc26b0b0-42a6-4c40-b1c0-3a6e3a9aaf66:192.168.36.67:34378], old=null
2019-09-04 10:16:58,063 [cc26b0b0-42a6-4c40-b1c0-3a6e3a9aaf66:group-8CC16F498C60:LeaderElection87] INFO  impl.LeaderElection (LogUtils.java:infoOrTrace(149)) - cc26b0b0-42a6-4c40-b1c0-3a6e3a9aaf66:group-8CC16F498C60:LeaderElection87 got exception when requesting votes: {}
java.util.concurrent.ExecutionException: org.apache.ratis.thirdparty.io.grpc.StatusRuntimeException: UNAVAILABLE: io exception
	at java.util.concurrent.FutureTask.report(FutureTask.java:122)
	at java.util.concurrent.FutureTask.get(FutureTask.java:192)
	at org.apache.ratis.server.impl.LeaderElection.waitForResults(LeaderElection.java:262)
	at org.apache.ratis.server.impl.LeaderElection.askForVotes(LeaderElection.java:200)
	at org.apache.ratis.server.impl.LeaderElection.run(LeaderElection.java:130)
	at java.lang.Thread.run(Thread.java:748)
Caused by: org.apache.ratis.thirdparty.io.grpc.StatusRuntimeException: UNAVAILABLE: io exception
	at org.apache.ratis.thirdparty.io.grpc.stub.ClientCalls.toStatusRuntimeException(ClientCalls.java:233)
	at org.apache.ratis.thirdparty.io.grpc.stub.ClientCalls.getUnchecked(ClientCalls.java:214)
	at org.apache.ratis.thirdparty.io.grpc.stub.ClientCalls.blockingUnaryCall(ClientCalls.java:139)
	at org.apache.ratis.proto.grpc.RaftServerProtocolServiceGrpc$RaftServerProtocolServiceBlockingStub.requestVote(RaftServerProtocolServiceGrpc.java:265)
	at org.apache.ratis.grpc.server.GrpcServerProtocolClient.requestVote(GrpcServerProtocolClient.java:83)
	at org.apache.ratis.grpc.server.GrpcService.requestVote(GrpcService.java:195)
	at org.apache.ratis.server.impl.LeaderElection.lambda$submitRequests$1(LeaderElection.java:237)
	at java.util.concurrent.FutureTask.run(FutureTask.java:266)
	at java.util.concurrent.Executors$RunnableAdapter.call(Executors.java:511)
	at java.util.concurrent.FutureTask.run(FutureTask.java:266)
	at java.util.concurrent.ThreadPoolExecutor.runWorker(ThreadPoolExecutor.java:1149)
	at java.util.concurrent.ThreadPoolExecutor$Worker.run(ThreadPoolExecutor.java:624)
	... 1 more
Caused by: org.apache.ratis.thirdparty.io.netty.channel.AbstractChannel$AnnotatedConnectException: Connection refused: /192.168.36.67:46802
	at sun.nio.ch.SocketChannelImpl.checkConnect(Native Method)
	at sun.nio.ch.SocketChannelImpl.finishConnect(SocketChannelImpl.java:717)
	at org.apache.ratis.thirdparty.io.netty.channel.socket.nio.NioSocketChannel.doFinishConnect(NioSocketChannel.java:327)
	at org.apache.ratis.thirdparty.io.netty.channel.nio.AbstractNioChannel$AbstractNioUnsafe.finishConnect(AbstractNioChannel.java:340)
	at org.apache.ratis.thirdparty.io.netty.channel.nio.NioEventLoop.processSelectedKey(NioEventLoop.java:632)
	at org.apache.ratis.thirdparty.io.netty.channel.nio.NioEventLoop.processSelectedKeysOptimized(NioEventLoop.java:579)
	at org.apache.ratis.thirdparty.io.netty.channel.nio.NioEventLoop.processSelectedKeys(NioEventLoop.java:496)
	at org.apache.ratis.thirdparty.io.netty.channel.nio.NioEventLoop.run(NioEventLoop.java:458)
	at org.apache.ratis.thirdparty.io.netty.util.concurrent.SingleThreadEventExecutor$5.run(SingleThreadEventExecutor.java:897)
	at org.apache.ratis.thirdparty.io.netty.util.concurrent.FastThreadLocalRunnable.run(FastThreadLocalRunnable.java:30)
	... 1 more
Caused by: java.net.ConnectException: Connection refused
	... 11 more
2019-09-04 10:16:58,066 [cc26b0b0-42a6-4c40-b1c0-3a6e3a9aaf66:group-8CC16F498C60:LeaderElection87] INFO  impl.LeaderElection (LogUtils.java:infoOrTrace(149)) - cc26b0b0-42a6-4c40-b1c0-3a6e3a9aaf66:group-8CC16F498C60:LeaderElection87 got exception when requesting votes: {}
java.util.concurrent.ExecutionException: org.apache.ratis.thirdparty.io.grpc.StatusRuntimeException: UNAVAILABLE: io exception
	at java.util.concurrent.FutureTask.report(FutureTask.java:122)
	at java.util.concurrent.FutureTask.get(FutureTask.java:192)
	at org.apache.ratis.server.impl.LeaderElection.waitForResults(LeaderElection.java:262)
	at org.apache.ratis.server.impl.LeaderElection.askForVotes(LeaderElection.java:200)
	at org.apache.ratis.server.impl.LeaderElection.run(LeaderElection.java:130)
	at java.lang.Thread.run(Thread.java:748)
Caused by: org.apache.ratis.thirdparty.io.grpc.StatusRuntimeException: UNAVAILABLE: io exception
	at org.apache.ratis.thirdparty.io.grpc.stub.ClientCalls.toStatusRuntimeException(ClientCalls.java:233)
	at org.apache.ratis.thirdparty.io.grpc.stub.ClientCalls.getUnchecked(ClientCalls.java:214)
	at org.apache.ratis.thirdparty.io.grpc.stub.ClientCalls.blockingUnaryCall(ClientCalls.java:139)
	at org.apache.ratis.proto.grpc.RaftServerProtocolServiceGrpc$RaftServerProtocolServiceBlockingStub.requestVote(RaftServerProtocolServiceGrpc.java:265)
	at org.apache.ratis.grpc.server.GrpcServerProtocolClient.requestVote(GrpcServerProtocolClient.java:83)
	at org.apache.ratis.grpc.server.GrpcService.requestVote(GrpcService.java:195)
	at org.apache.ratis.server.impl.LeaderElection.lambda$submitRequests$1(LeaderElection.java:237)
	at java.util.concurrent.FutureTask.run(FutureTask.java:266)
	at java.util.concurrent.Executors$RunnableAdapter.call(Executors.java:511)
	at java.util.concurrent.FutureTask.run(FutureTask.java:266)
	at java.util.concurrent.ThreadPoolExecutor.runWorker(ThreadPoolExecutor.java:1149)
	at java.util.concurrent.ThreadPoolExecutor$Worker.run(ThreadPoolExecutor.java:624)
	... 1 more
Caused by: org.apache.ratis.thirdparty.io.netty.channel.AbstractChannel$AnnotatedConnectException: Connection refused: /192.168.36.67:36361
	at sun.nio.ch.SocketChannelImpl.checkConnect(Native Method)
	at sun.nio.ch.SocketChannelImpl.finishConnect(SocketChannelImpl.java:717)
	at org.apache.ratis.thirdparty.io.netty.channel.socket.nio.NioSocketChannel.doFinishConnect(NioSocketChannel.java:327)
	at org.apache.ratis.thirdparty.io.netty.channel.nio.AbstractNioChannel$AbstractNioUnsafe.finishConnect(AbstractNioChannel.java:340)
	at org.apache.ratis.thirdparty.io.netty.channel.nio.NioEventLoop.processSelectedKey(NioEventLoop.java:632)
	at org.apache.ratis.thirdparty.io.netty.channel.nio.NioEventLoop.processSelectedKeysOptimized(NioEventLoop.java:579)
	at org.apache.ratis.thirdparty.io.netty.channel.nio.NioEventLoop.processSelectedKeys(NioEventLoop.java:496)
	at org.apache.ratis.thirdparty.io.netty.channel.nio.NioEventLoop.run(NioEventLoop.java:458)
	at org.apache.ratis.thirdparty.io.netty.util.concurrent.SingleThreadEventExecutor$5.run(SingleThreadEventExecutor.java:897)
	at org.apache.ratis.thirdparty.io.netty.util.concurrent.FastThreadLocalRunnable.run(FastThreadLocalRunnable.java:30)
	... 1 more
Caused by: java.net.ConnectException: Connection refused
	... 11 more
2019-09-04 10:16:58,069 [cc26b0b0-42a6-4c40-b1c0-3a6e3a9aaf66:group-8CC16F498C60:LeaderElection87] INFO  impl.LeaderElection (LeaderElection.java:logAndReturn(56)) - cc26b0b0-42a6-4c40-b1c0-3a6e3a9aaf66:group-8CC16F498C60:LeaderElection87: Election REJECTED; received 0 response(s) [] and 2 exception(s); cc26b0b0-42a6-4c40-b1c0-3a6e3a9aaf66:t3, leader=null, voted=cc26b0b0-42a6-4c40-b1c0-3a6e3a9aaf66, raftlog=cc26b0b0-42a6-4c40-b1c0-3a6e3a9aaf66-SegmentedRaftLog:OPENED:c6,f6,i6, conf=0: [31b4e676-369f-4979-b1c2-672ed0f2e414:192.168.36.67:46802, b98e2d19-33f1-4f79-80c8-78219e23739a:192.168.36.67:36361, cc26b0b0-42a6-4c40-b1c0-3a6e3a9aaf66:192.168.36.67:34378], old=null
2019-09-04 10:16:58,069 [cc26b0b0-42a6-4c40-b1c0-3a6e3a9aaf66:group-8CC16F498C60:LeaderElection87] INFO  impl.LeaderElection (LogUtils.java:infoOrTrace(149)) -   Exception 0: {}
java.util.concurrent.ExecutionException: org.apache.ratis.thirdparty.io.grpc.StatusRuntimeException: UNAVAILABLE: io exception
	at java.util.concurrent.FutureTask.report(FutureTask.java:122)
	at java.util.concurrent.FutureTask.get(FutureTask.java:192)
	at org.apache.ratis.server.impl.LeaderElection.waitForResults(LeaderElection.java:262)
	at org.apache.ratis.server.impl.LeaderElection.askForVotes(LeaderElection.java:200)
	at org.apache.ratis.server.impl.LeaderElection.run(LeaderElection.java:130)
	at java.lang.Thread.run(Thread.java:748)
Caused by: org.apache.ratis.thirdparty.io.grpc.StatusRuntimeException: UNAVAILABLE: io exception
	at org.apache.ratis.thirdparty.io.grpc.stub.ClientCalls.toStatusRuntimeException(ClientCalls.java:233)
	at org.apache.ratis.thirdparty.io.grpc.stub.ClientCalls.getUnchecked(ClientCalls.java:214)
	at org.apache.ratis.thirdparty.io.grpc.stub.ClientCalls.blockingUnaryCall(ClientCalls.java:139)
	at org.apache.ratis.proto.grpc.RaftServerProtocolServiceGrpc$RaftServerProtocolServiceBlockingStub.requestVote(RaftServerProtocolServiceGrpc.java:265)
	at org.apache.ratis.grpc.server.GrpcServerProtocolClient.requestVote(GrpcServerProtocolClient.java:83)
	at org.apache.ratis.grpc.server.GrpcService.requestVote(GrpcService.java:195)
	at org.apache.ratis.server.impl.LeaderElection.lambda$submitRequests$1(LeaderElection.java:237)
	at java.util.concurrent.FutureTask.run(FutureTask.java:266)
	at java.util.concurrent.Executors$RunnableAdapter.call(Executors.java:511)
	at java.util.concurrent.FutureTask.run(FutureTask.java:266)
	at java.util.concurrent.ThreadPoolExecutor.runWorker(ThreadPoolExecutor.java:1149)
	at java.util.concurrent.ThreadPoolExecutor$Worker.run(ThreadPoolExecutor.java:624)
	... 1 more
Caused by: org.apache.ratis.thirdparty.io.netty.channel.AbstractChannel$AnnotatedConnectException: Connection refused: /192.168.36.67:46802
	at sun.nio.ch.SocketChannelImpl.checkConnect(Native Method)
	at sun.nio.ch.SocketChannelImpl.finishConnect(SocketChannelImpl.java:717)
	at org.apache.ratis.thirdparty.io.netty.channel.socket.nio.NioSocketChannel.doFinishConnect(NioSocketChannel.java:327)
	at org.apache.ratis.thirdparty.io.netty.channel.nio.AbstractNioChannel$AbstractNioUnsafe.finishConnect(AbstractNioChannel.java:340)
	at org.apache.ratis.thirdparty.io.netty.channel.nio.NioEventLoop.processSelectedKey(NioEventLoop.java:632)
	at org.apache.ratis.thirdparty.io.netty.channel.nio.NioEventLoop.processSelectedKeysOptimized(NioEventLoop.java:579)
	at org.apache.ratis.thirdparty.io.netty.channel.nio.NioEventLoop.processSelectedKeys(NioEventLoop.java:496)
	at org.apache.ratis.thirdparty.io.netty.channel.nio.NioEventLoop.run(NioEventLoop.java:458)
	at org.apache.ratis.thirdparty.io.netty.util.concurrent.SingleThreadEventExecutor$5.run(SingleThreadEventExecutor.java:897)
	at org.apache.ratis.thirdparty.io.netty.util.concurrent.FastThreadLocalRunnable.run(FastThreadLocalRunnable.java:30)
	... 1 more
Caused by: java.net.ConnectException: Connection refused
	... 11 more
2019-09-04 10:16:58,069 [cc26b0b0-42a6-4c40-b1c0-3a6e3a9aaf66:group-8CC16F498C60:LeaderElection87] INFO  impl.LeaderElection (LogUtils.java:infoOrTrace(149)) -   Exception 1: {}
java.util.concurrent.ExecutionException: org.apache.ratis.thirdparty.io.grpc.StatusRuntimeException: UNAVAILABLE: io exception
	at java.util.concurrent.FutureTask.report(FutureTask.java:122)
	at java.util.concurrent.FutureTask.get(FutureTask.java:192)
	at org.apache.ratis.server.impl.LeaderElection.waitForResults(LeaderElection.java:262)
	at org.apache.ratis.server.impl.LeaderElection.askForVotes(LeaderElection.java:200)
	at org.apache.ratis.server.impl.LeaderElection.run(LeaderElection.java:130)
	at java.lang.Thread.run(Thread.java:748)
Caused by: org.apache.ratis.thirdparty.io.grpc.StatusRuntimeException: UNAVAILABLE: io exception
	at org.apache.ratis.thirdparty.io.grpc.stub.ClientCalls.toStatusRuntimeException(ClientCalls.java:233)
	at org.apache.ratis.thirdparty.io.grpc.stub.ClientCalls.getUnchecked(ClientCalls.java:214)
	at org.apache.ratis.thirdparty.io.grpc.stub.ClientCalls.blockingUnaryCall(ClientCalls.java:139)
	at org.apache.ratis.proto.grpc.RaftServerProtocolServiceGrpc$RaftServerProtocolServiceBlockingStub.requestVote(RaftServerProtocolServiceGrpc.java:265)
	at org.apache.ratis.grpc.server.GrpcServerProtocolClient.requestVote(GrpcServerProtocolClient.java:83)
	at org.apache.ratis.grpc.server.GrpcService.requestVote(GrpcService.java:195)
	at org.apache.ratis.server.impl.LeaderElection.lambda$submitRequests$1(LeaderElection.java:237)
	at java.util.concurrent.FutureTask.run(FutureTask.java:266)
	at java.util.concurrent.Executors$RunnableAdapter.call(Executors.java:511)
	at java.util.concurrent.FutureTask.run(FutureTask.java:266)
	at java.util.concurrent.ThreadPoolExecutor.runWorker(ThreadPoolExecutor.java:1149)
	at java.util.concurrent.ThreadPoolExecutor$Worker.run(ThreadPoolExecutor.java:624)
	... 1 more
Caused by: org.apache.ratis.thirdparty.io.netty.channel.AbstractChannel$AnnotatedConnectException: Connection refused: /192.168.36.67:36361
	at sun.nio.ch.SocketChannelImpl.checkConnect(Native Method)
	at sun.nio.ch.SocketChannelImpl.finishConnect(SocketChannelImpl.java:717)
	at org.apache.ratis.thirdparty.io.netty.channel.socket.nio.NioSocketChannel.doFinishConnect(NioSocketChannel.java:327)
	at org.apache.ratis.thirdparty.io.netty.channel.nio.AbstractNioChannel$AbstractNioUnsafe.finishConnect(AbstractNioChannel.java:340)
	at org.apache.ratis.thirdparty.io.netty.channel.nio.NioEventLoop.processSelectedKey(NioEventLoop.java:632)
	at org.apache.ratis.thirdparty.io.netty.channel.nio.NioEventLoop.processSelectedKeysOptimized(NioEventLoop.java:579)
	at org.apache.ratis.thirdparty.io.netty.channel.nio.NioEventLoop.processSelectedKeys(NioEventLoop.java:496)
	at org.apache.ratis.thirdparty.io.netty.channel.nio.NioEventLoop.run(NioEventLoop.java:458)
	at org.apache.ratis.thirdparty.io.netty.util.concurrent.SingleThreadEventExecutor$5.run(SingleThreadEventExecutor.java:897)
	at org.apache.ratis.thirdparty.io.netty.util.concurrent.FastThreadLocalRunnable.run(FastThreadLocalRunnable.java:30)
	... 1 more
Caused by: java.net.ConnectException: Connection refused
	... 11 more
2019-09-04 10:16:58,069 [cc26b0b0-42a6-4c40-b1c0-3a6e3a9aaf66:group-8CC16F498C60:LeaderElection87] INFO  impl.RaftServerImpl (RaftServerImpl.java:setRole(171)) - cc26b0b0-42a6-4c40-b1c0-3a6e3a9aaf66:group-8CC16F498C60 changes role from CANDIDATE to FOLLOWER at term 3 for DISCOVERED_A_NEW_TERM
2019-09-04 10:16:58,070 [cc26b0b0-42a6-4c40-b1c0-3a6e3a9aaf66:group-8CC16F498C60:LeaderElection87] INFO  impl.RoleInfo (RoleInfo.java:shutdownLeaderElection(134)) - cc26b0b0-42a6-4c40-b1c0-3a6e3a9aaf66: shutdown LeaderElection
2019-09-04 10:16:58,070 [cc26b0b0-42a6-4c40-b1c0-3a6e3a9aaf66:group-8CC16F498C60:LeaderElection87] INFO  impl.RoleInfo (RoleInfo.java:updateAndGet(143)) - cc26b0b0-42a6-4c40-b1c0-3a6e3a9aaf66: start FollowerState
2019-09-04 10:17:00,076 [EventQueue-StaleNodeForStaleNodeHandler] INFO  node.StaleNodeHandler (StaleNodeHandler.java:onMessage(58)) - Datanode cc26b0b0-42a6-4c40-b1c0-3a6e3a9aaf66{ip: 192.168.36.67, host: pr-hdds-1569-fjd24-125839774, networkLocation: /default-rack, certSerialId: null} moved to stale state. Finalizing its pipelines [PipelineID=29e2132c-fc29-4d4f-9381-8cc16f498c60, PipelineID=f12258cb-4986-4872-82f9-d3a29fa53811]
2019-09-04 10:17:00,076 [EventQueue-StaleNodeForStaleNodeHandler] INFO  pipeline.SCMPipelineManager (SCMPipelineManager.java:finalizeAndDestroyPipeline(309)) - destroying pipeline:Pipeline[ Id: 29e2132c-fc29-4d4f-9381-8cc16f498c60, Nodes: cc26b0b0-42a6-4c40-b1c0-3a6e3a9aaf66{ip: 192.168.36.67, host: pr-hdds-1569-fjd24-125839774, networkLocation: /default-rack, certSerialId: null}31b4e676-369f-4979-b1c2-672ed0f2e414{ip: 192.168.36.67, host: pr-hdds-1569-fjd24-125839774, networkLocation: /default-rack, certSerialId: null}b98e2d19-33f1-4f79-80c8-78219e23739a{ip: 192.168.36.67, host: pr-hdds-1569-fjd24-125839774, networkLocation: /default-rack, certSerialId: null}, Type:RATIS, Factor:THREE, State:CLOSED]
2019-09-04 10:17:00,076 [EventQueue-StaleNodeForStaleNodeHandler] INFO  pipeline.SCMPipelineManager (SCMPipelineManager.java:finalizeAndDestroyPipeline(309)) - destroying pipeline:Pipeline[ Id: f12258cb-4986-4872-82f9-d3a29fa53811, Nodes: cc26b0b0-42a6-4c40-b1c0-3a6e3a9aaf66{ip: 192.168.36.67, host: pr-hdds-1569-fjd24-125839774, networkLocation: /default-rack, certSerialId: null}, Type:RATIS, Factor:ONE, State:OPEN]
2019-09-04 10:17:00,077 [EventQueue-StaleNodeForStaleNodeHandler] INFO  pipeline.PipelineStateManager (PipelineStateManager.java:finalizePipeline(123)) - Pipeline Pipeline[ Id: f12258cb-4986-4872-82f9-d3a29fa53811, Nodes: cc26b0b0-42a6-4c40-b1c0-3a6e3a9aaf66{ip: 192.168.36.67, host: pr-hdds-1569-fjd24-125839774, networkLocation: /default-rack, certSerialId: null}, Type:RATIS, Factor:ONE, State:CLOSED] moved to CLOSED state
2019-09-04 10:17:00,830 [ForkJoinPool.commonPool-worker-0] INFO  ozoneimpl.OzoneContainer (OzoneContainer.java:stop(199)) - Attempting to stop container services.
2019-09-04 10:17:00,830 [ForkJoinPool.commonPool-worker-0] INFO  impl.RaftServerProxy (RaftServerProxy.java:lambda$close$4(314)) - cc26b0b0-42a6-4c40-b1c0-3a6e3a9aaf66: close
2019-09-04 10:17:00,831 [ForkJoinPool.commonPool-worker-0] INFO  impl.RaftServerImpl (RaftServerImpl.java:lambda$shutdown$3(245)) - cc26b0b0-42a6-4c40-b1c0-3a6e3a9aaf66: shutdown group-8CC16F498C60
2019-09-04 10:17:00,831 [ForkJoinPool.commonPool-worker-0] INFO  util.JmxRegister (JmxRegister.java:unregister(73)) - Successfully un-registered JMX Bean with object name Ratis:service=RaftServer,group=group-8CC16F498C60,id=cc26b0b0-42a6-4c40-b1c0-3a6e3a9aaf66
2019-09-04 10:17:00,831 [ForkJoinPool.commonPool-worker-0] INFO  impl.RoleInfo (RoleInfo.java:shutdownFollowerState(121)) - cc26b0b0-42a6-4c40-b1c0-3a6e3a9aaf66: shutdown FollowerState
2019-09-04 10:17:00,831 [ForkJoinPool.commonPool-worker-0] INFO  impl.StateMachineUpdater (StateMachineUpdater.java:stopAndJoin(115)) - StateMachineUpdater:cc26b0b0-42a6-4c40-b1c0-3a6e3a9aaf66:group-8CC16F498C60: set stopIndex = 6
2019-09-04 10:17:00,831 [StateMachineUpdater:cc26b0b0-42a6-4c40-b1c0-3a6e3a9aaf66:group-8CC16F498C60] INFO  ratis.ContainerStateMachine (ContainerStateMachine.java:takeSnapshot(283)) - group-8CC16F498C60: Taking a snapshot at:(t:1, i:6) file /workdir/hadoop-ozone/integration-test/target/test-dir/MiniOzoneClusterImpl-92bdd970-4d32-4065-b0f9-0a546f741942/datanode-5/data/ratis/29e2132c-fc29-4d4f-9381-8cc16f498c60/sm/snapshot.1_6
2019-09-04 10:17:00,831 [Thread-4350] INFO  impl.FollowerState (FollowerState.java:run(114)) - cc26b0b0-42a6-4c40-b1c0-3a6e3a9aaf66: FollowerState was interrupted: java.lang.InterruptedException: sleep interrupted
2019-09-04 10:17:00,846 [StateMachineUpdater:cc26b0b0-42a6-4c40-b1c0-3a6e3a9aaf66:group-8CC16F498C60] INFO  ratis.ContainerStateMachine (ContainerStateMachine.java:takeSnapshot(294)) - group-8CC16F498C60: Finished taking a snapshot at:(t:1, i:6) file:/workdir/hadoop-ozone/integration-test/target/test-dir/MiniOzoneClusterImpl-92bdd970-4d32-4065-b0f9-0a546f741942/datanode-5/data/ratis/29e2132c-fc29-4d4f-9381-8cc16f498c60/sm/snapshot.1_6 time:15
2019-09-04 10:17:00,847 [StateMachineUpdater:cc26b0b0-42a6-4c40-b1c0-3a6e3a9aaf66:group-8CC16F498C60] INFO  impl.StateMachineUpdater (StateMachineUpdater.java:takeSnapshot(242)) - StateMachineUpdater:cc26b0b0-42a6-4c40-b1c0-3a6e3a9aaf66:group-8CC16F498C60: Took a snapshot at index 6
2019-09-04 10:17:00,847 [StateMachineUpdater:cc26b0b0-42a6-4c40-b1c0-3a6e3a9aaf66:group-8CC16F498C60] INFO  impl.StateMachineUpdater (StateMachineUpdater.java:lambda$new$0(80)) - StateMachineUpdater:cc26b0b0-42a6-4c40-b1c0-3a6e3a9aaf66:group-8CC16F498C60: snapshotIndex: updateIncreasingly -1 -> 6
2019-09-04 10:17:00,847 [ForkJoinPool.commonPool-worker-0] INFO  impl.RaftServerImpl (ServerState.java:close(394)) - cc26b0b0-42a6-4c40-b1c0-3a6e3a9aaf66:group-8CC16F498C60 closes. The last applied log index is 6
2019-09-04 10:17:00,848 [cc26b0b0-42a6-4c40-b1c0-3a6e3a9aaf66-SegmentedRaftLogWorker:Storage Directory /workdir/hadoop-ozone/integration-test/target/test-dir/MiniOzoneClusterImpl-92bdd970-4d32-4065-b0f9-0a546f741942/datanode-5/data/ratis/29e2132c-fc29-4d4f-9381-8cc16f498c60] INFO  segmented.SegmentedRaftLogWorker (SegmentedRaftLogWorker.java:run(313)) - cc26b0b0-42a6-4c40-b1c0-3a6e3a9aaf66-SegmentedRaftLogWorker:Storage Directory /workdir/hadoop-ozone/integration-test/target/test-dir/MiniOzoneClusterImpl-92bdd970-4d32-4065-b0f9-0a546f741942/datanode-5/data/ratis/29e2132c-fc29-4d4f-9381-8cc16f498c60 was interrupted, exiting. There are 0 tasks remaining in the queue.
2019-09-04 10:17:00,850 [ForkJoinPool.commonPool-worker-0] INFO  segmented.SegmentedRaftLogWorker (SegmentedRaftLogWorker.java:close(228)) - cc26b0b0-42a6-4c40-b1c0-3a6e3a9aaf66-SegmentedRaftLogWorker:Storage Directory /workdir/hadoop-ozone/integration-test/target/test-dir/MiniOzoneClusterImpl-92bdd970-4d32-4065-b0f9-0a546f741942/datanode-5/data/ratis/29e2132c-fc29-4d4f-9381-8cc16f498c60 close()
2019-09-04 10:17:00,851 [ForkJoinPool.commonPool-worker-0] INFO  impl.RaftServerImpl (RaftServerImpl.java:lambda$shutdown$3(245)) - cc26b0b0-42a6-4c40-b1c0-3a6e3a9aaf66: shutdown group-D3A29FA53811
2019-09-04 10:17:00,851 [ForkJoinPool.commonPool-worker-0] INFO  util.JmxRegister (JmxRegister.java:unregister(73)) - Successfully un-registered JMX Bean with object name Ratis:service=RaftServer,group=group-D3A29FA53811,id=cc26b0b0-42a6-4c40-b1c0-3a6e3a9aaf66
2019-09-04 10:17:00,851 [ForkJoinPool.commonPool-worker-0] INFO  impl.RoleInfo (RoleInfo.java:shutdownLeaderState(104)) - cc26b0b0-42a6-4c40-b1c0-3a6e3a9aaf66: shutdown LeaderState
2019-09-04 10:17:00,852 [ForkJoinPool.commonPool-worker-0] INFO  impl.PendingRequests (PendingRequests.java:sendNotLeaderResponses(202)) - cc26b0b0-42a6-4c40-b1c0-3a6e3a9aaf66-PendingRequests: sendNotLeaderResponses
2019-09-04 10:17:00,852 [ForkJoinPool.commonPool-worker-0] INFO  impl.StateMachineUpdater (StateMachineUpdater.java:stopAndJoin(115)) - StateMachineUpdater:cc26b0b0-42a6-4c40-b1c0-3a6e3a9aaf66:group-D3A29FA53811: set stopIndex = 0
2019-09-04 10:17:00,852 [ForkJoinPool.commonPool-worker-0] INFO  impl.RaftServerImpl (ServerState.java:close(394)) - cc26b0b0-42a6-4c40-b1c0-3a6e3a9aaf66:group-D3A29FA53811 closes. The last applied log index is 0
2019-09-04 10:17:00,852 [cc26b0b0-42a6-4c40-b1c0-3a6e3a9aaf66-SegmentedRaftLogWorker:Storage Directory /workdir/hadoop-ozone/integration-test/target/test-dir/MiniOzoneClusterImpl-92bdd970-4d32-4065-b0f9-0a546f741942/datanode-5/data/ratis/f12258cb-4986-4872-82f9-d3a29fa53811] INFO  segmented.SegmentedRaftLogWorker (SegmentedRaftLogWorker.java:run(313)) - cc26b0b0-42a6-4c40-b1c0-3a6e3a9aaf66-SegmentedRaftLogWorker:Storage Directory /workdir/hadoop-ozone/integration-test/target/test-dir/MiniOzoneClusterImpl-92bdd970-4d32-4065-b0f9-0a546f741942/datanode-5/data/ratis/f12258cb-4986-4872-82f9-d3a29fa53811 was interrupted, exiting. There are 0 tasks remaining in the queue.
2019-09-04 10:17:00,854 [ForkJoinPool.commonPool-worker-0] INFO  segmented.SegmentedRaftLogWorker (SegmentedRaftLogWorker.java:close(228)) - cc26b0b0-42a6-4c40-b1c0-3a6e3a9aaf66-SegmentedRaftLogWorker:Storage Directory /workdir/hadoop-ozone/integration-test/target/test-dir/MiniOzoneClusterImpl-92bdd970-4d32-4065-b0f9-0a546f741942/datanode-5/data/ratis/f12258cb-4986-4872-82f9-d3a29fa53811 close()
2019-09-04 10:17:00,855 [ForkJoinPool.commonPool-worker-0] INFO  server.GrpcService (GrpcService.java:closeImpl(155)) - cc26b0b0-42a6-4c40-b1c0-3a6e3a9aaf66: shutdown server with port 34378 now
2019-09-04 10:17:00,856 [ForkJoinPool.commonPool-worker-0] INFO  server.GrpcService (GrpcService.java:closeImpl(163)) - cc26b0b0-42a6-4c40-b1c0-3a6e3a9aaf66: shutdown server with port 34378 successfully
2019-09-04 10:17:00,858 [ForkJoinPool.commonPool-worker-0] INFO  utils.BackgroundService (BackgroundService.java:shutdown(148)) - Shutting down service BlockDeletingService
2019-09-04 10:17:00,860 [refreshUsed-/workdir/hadoop-ozone/integration-test/target/test-dir/MiniOzoneClusterImpl-92bdd970-4d32-4065-b0f9-0a546f741942/datanode-5/data/containers] WARN  fs.CachingGetSpaceUsed (CachingGetSpaceUsed.java:run(183)) - Thread Interrupted waiting to refresh disk information: sleep interrupted
2019-09-04 10:17:00,874 [ForkJoinPool.commonPool-worker-0] INFO  statemachine.DatanodeStateMachine (DatanodeStateMachine.java:stopDaemon(395)) - Ozone container server stopped.
2019-09-04 10:17:00,883 [ForkJoinPool.commonPool-worker-0] INFO  handler.ContextHandler (ContextHandler.java:doStop(910)) - Stopped o.e.j.w.WebAppContext@5479abd8{/,null,UNAVAILABLE}{/hddsDatanode}
2019-09-04 10:17:00,883 [ForkJoinPool.commonPool-worker-0] INFO  server.AbstractConnector (AbstractConnector.java:doStop(318)) - Stopped ServerConnector@2004f99{HTTP/1.1,[http/1.1]}{0.0.0.0:0}
2019-09-04 10:17:00,884 [ForkJoinPool.commonPool-worker-0] INFO  handler.ContextHandler (ContextHandler.java:doStop(910)) - Stopped o.e.j.s.ServletContextHandler@3744c760{/static,jar:file:/home/user/.m2/repository/org/apache/hadoop/hadoop-hdds-container-service/0.5.0-SNAPSHOT/hadoop-hdds-container-service-0.5.0-SNAPSHOT.jar!/webapps/static,UNAVAILABLE}
2019-09-04 10:17:00,884 [ForkJoinPool.commonPool-worker-0] INFO  handler.ContextHandler (ContextHandler.java:doStop(910)) - Stopped o.e.j.s.ServletContextHandler@21e72fb2{/logs,file:///workdir/hadoop-ozone/integration-test/target/log,UNAVAILABLE}
2019-09-04 10:17:00,884 [main] INFO  ozone.MiniOzoneClusterImpl (MiniOzoneClusterImpl.java:stop(353)) - Stopping the StorageContainerManager
2019-09-04 10:17:00,885 [main] INFO  server.StorageContainerManager (StorageContainerManager.java:stop(797)) - Stopping Replication Manager Service.
2019-09-04 10:17:00,885 [main] INFO  container.ReplicationManager (ReplicationManager.java:stop(193)) - Stopping Replication Monitor Thread.
2019-09-04 10:17:00,885 [main] INFO  server.StorageContainerManager (StorageContainerManager.java:stop(804)) - Stopping Lease Manager of the command watchers
2019-09-04 10:17:00,885 [main] INFO  server.StorageContainerManager (StorageContainerManager.java:stop(811)) - Stopping datanode service RPC server
2019-09-04 10:17:00,885 [main] INFO  server.SCMDatanodeProtocolServer (SCMDatanodeProtocolServer.java:stop(367)) - Stopping the RPC server for DataNodes
2019-09-04 10:17:00,885 [main] INFO  ipc.Server (Server.java:stop(3082)) - Stopping server on 36262
2019-09-04 10:17:00,888 [IPC Server listener on 36262] INFO  ipc.Server (Server.java:run(1185)) - Stopping IPC Server listener on 36262
2019-09-04 10:17:00,890 [IPC Server Responder] INFO  ipc.Server (Server.java:run(1319)) - Stopping IPC Server Responder
2019-09-04 10:17:00,979 [SCM Heartbeat Processing Thread - 0] WARN  node.NodeStateManager (NodeStateManager.java:scheduleNextHealthCheck(655)) - Current Thread is interrupted, shutting down HB processing thread for Node Manager.
2019-09-04 10:17:00,980 [main] INFO  server.StorageContainerManager (StorageContainerManager.java:stop(819)) - Stopping block service RPC server
2019-09-04 10:17:00,980 [main] INFO  server.SCMBlockProtocolServer (SCMBlockProtocolServer.java:stop(148)) - Stopping the RPC server for Block Protocol
2019-09-04 10:17:00,980 [main] INFO  ipc.Server (Server.java:stop(3082)) - Stopping server on 34008
2019-09-04 10:17:00,983 [IPC Server listener on 34008] INFO  ipc.Server (Server.java:run(1185)) - Stopping IPC Server listener on 34008
2019-09-04 10:17:00,986 [main] INFO  server.StorageContainerManager (StorageContainerManager.java:stop(826)) - Stopping the StorageContainerLocationProtocol RPC server
2019-09-04 10:17:00,986 [IPC Server Responder] INFO  ipc.Server (Server.java:run(1319)) - Stopping IPC Server Responder
2019-09-04 10:17:00,987 [main] INFO  server.SCMClientProtocolServer (SCMClientProtocolServer.java:stop(159)) - Stopping the RPC server for Client Protocol
2019-09-04 10:17:00,987 [main] INFO  ipc.Server (Server.java:stop(3082)) - Stopping server on 43113
2019-09-04 10:17:00,990 [IPC Server listener on 43113] INFO  ipc.Server (Server.java:run(1185)) - Stopping IPC Server listener on 43113
2019-09-04 10:17:00,990 [main] INFO  server.StorageContainerManager (StorageContainerManager.java:stop(833)) - Stopping Storage Container Manager HTTP server.
2019-09-04 10:17:00,990 [IPC Server Responder] INFO  ipc.Server (Server.java:run(1319)) - Stopping IPC Server Responder
2019-09-04 10:17:00,991 [main] INFO  handler.ContextHandler (ContextHandler.java:doStop(910)) - Stopped o.e.j.w.WebAppContext@79dd79eb{/,null,UNAVAILABLE}{/scm}
2019-09-04 10:17:00,992 [main] INFO  server.AbstractConnector (AbstractConnector.java:doStop(318)) - Stopped ServerConnector@368617cd{HTTP/1.1,[http/1.1]}{0.0.0.0:0}
2019-09-04 10:17:00,992 [main] INFO  handler.ContextHandler (ContextHandler.java:doStop(910)) - Stopped o.e.j.s.ServletContextHandler@4e1ffe54{/static,file:///workdir/hadoop-ozone/integration-test/target/test-classes/webapps/static,UNAVAILABLE}
2019-09-04 10:17:00,993 [main] INFO  handler.ContextHandler (ContextHandler.java:doStop(910)) - Stopped o.e.j.s.ServletContextHandler@61563a91{/logs,file:///workdir/hadoop-ozone/integration-test/target/log,UNAVAILABLE}
2019-09-04 10:17:00,994 [main] INFO  server.StorageContainerManager (StorageContainerManager.java:stop(844)) - Stopping Block Manager Service.
2019-09-04 10:17:00,994 [main] INFO  utils.BackgroundService (BackgroundService.java:shutdown(148)) - Shutting down service SCMBlockDeletingService
2019-09-04 10:17:00,994 [main] INFO  utils.BackgroundService (BackgroundService.java:shutdown(148)) - Shutting down service SCMBlockDeletingService
2019-09-04 10:17:00,994 [main] INFO  server.StorageContainerManager (StorageContainerManager.java:stop(866)) - Stopping SCM Event Queue.
2019-09-04 10:17:00,998 [main] INFO  impl.MetricsSystemImpl (MetricsSystemImpl.java:stop(210)) - Stopping HddsDatanode metrics system...
2019-09-04 10:17:01,007 [main] INFO  impl.MetricsSystemImpl (MetricsSystemImpl.java:stop(216)) - HddsDatanode metrics system stopped.
]]></system-out>
    <system-err><![CDATA[Sep 04, 2019 10:16:26 AM com.sun.jersey.server.impl.application.WebApplicationImpl _initiate
INFO: Initiating Jersey application, version 'Jersey: 1.19 02/11/2015 03:25 AM'
Sep 04, 2019 10:16:27 AM com.sun.jersey.server.impl.application.WebApplicationImpl _initiate
INFO: Initiating Jersey application, version 'Jersey: 1.19 02/11/2015 03:25 AM'
Sep 04, 2019 10:16:27 AM com.sun.jersey.server.impl.application.WebApplicationImpl _initiate
INFO: Initiating Jersey application, version 'Jersey: 1.19 02/11/2015 03:25 AM'
Sep 04, 2019 10:16:27 AM com.sun.jersey.server.impl.application.WebApplicationImpl _initiate
INFO: Initiating Jersey application, version 'Jersey: 1.19 02/11/2015 03:25 AM'
Sep 04, 2019 10:16:27 AM org.apache.ratis.thirdparty.io.grpc.internal.ManagedChannelOrphanWrapper$ManagedChannelReference cleanQueue
SEVERE: *~*~*~ Channel ManagedChannelImpl{logId=3125, target=192.168.36.67:34229} was not shutdown properly!!! ~*~*~*
    Make sure to call shutdown()/shutdownNow() and wait until awaitTermination() returns true.
java.lang.RuntimeException: ManagedChannel allocation site
	at org.apache.ratis.thirdparty.io.grpc.internal.ManagedChannelOrphanWrapper$ManagedChannelReference.<init>(ManagedChannelOrphanWrapper.java:103)
	at org.apache.ratis.thirdparty.io.grpc.internal.ManagedChannelOrphanWrapper.<init>(ManagedChannelOrphanWrapper.java:53)
	at org.apache.ratis.thirdparty.io.grpc.internal.ManagedChannelOrphanWrapper.<init>(ManagedChannelOrphanWrapper.java:44)
	at org.apache.ratis.thirdparty.io.grpc.internal.AbstractManagedChannelImplBuilder.build(AbstractManagedChannelImplBuilder.java:411)
	at org.apache.ratis.grpc.client.GrpcClientProtocolClient.<init>(GrpcClientProtocolClient.java:119)
	at org.apache.ratis.grpc.client.GrpcClientRpc.lambda$new$0(GrpcClientRpc.java:55)
	at org.apache.ratis.util.PeerProxyMap$PeerAndProxy.lambda$getProxy$0(PeerProxyMap.java:61)
	at org.apache.ratis.util.LifeCycle.startAndTransition(LifeCycle.java:202)
	at org.apache.ratis.util.PeerProxyMap$PeerAndProxy.getProxy(PeerProxyMap.java:60)
	at org.apache.ratis.util.PeerProxyMap.getProxy(PeerProxyMap.java:107)
	at org.apache.ratis.grpc.client.GrpcClientRpc.sendRequestAsync(GrpcClientRpc.java:66)
	at org.apache.ratis.client.impl.OrderedAsync.sendRequest(OrderedAsync.java:208)
	at org.apache.ratis.client.impl.OrderedAsync.sendRequestWithRetry(OrderedAsync.java:169)
	at org.apache.ratis.util.SlidingWindow$Client.sendOrDelayRequest(SlidingWindow.java:278)
	at org.apache.ratis.util.SlidingWindow$Client.retry(SlidingWindow.java:294)
	at org.apache.ratis.client.impl.OrderedAsync.lambda$scheduleWithTimeout$7(OrderedAsync.java:195)
	at org.apache.ratis.util.TimeoutScheduler.lambda$onTimeout$0(TimeoutScheduler.java:85)
	at org.apache.ratis.util.TimeoutScheduler.lambda$onTimeout$1(TimeoutScheduler.java:104)
	at org.apache.ratis.util.LogUtils.runAndLog(LogUtils.java:50)
	at org.apache.ratis.util.LogUtils$1.run(LogUtils.java:91)
	at java.util.concurrent.Executors$RunnableAdapter.call(Executors.java:511)
	at java.util.concurrent.FutureTask.run(FutureTask.java:266)
	at java.util.concurrent.ScheduledThreadPoolExecutor$ScheduledFutureTask.access$201(ScheduledThreadPoolExecutor.java:180)
	at java.util.concurrent.ScheduledThreadPoolExecutor$ScheduledFutureTask.run(ScheduledThreadPoolExecutor.java:293)
	at java.util.concurrent.ThreadPoolExecutor.runWorker(ThreadPoolExecutor.java:1149)
	at java.util.concurrent.ThreadPoolExecutor$Worker.run(ThreadPoolExecutor.java:624)
	at java.lang.Thread.run(Thread.java:748)

Sep 04, 2019 10:16:28 AM com.sun.jersey.server.impl.application.WebApplicationImpl _initiate
INFO: Initiating Jersey application, version 'Jersey: 1.19 02/11/2015 03:25 AM'
Sep 04, 2019 10:16:28 AM com.sun.jersey.server.impl.application.WebApplicationImpl _initiate
INFO: Initiating Jersey application, version 'Jersey: 1.19 02/11/2015 03:25 AM'
Sep 04, 2019 10:16:28 AM com.sun.jersey.server.impl.application.WebApplicationImpl _initiate
INFO: Initiating Jersey application, version 'Jersey: 1.19 02/11/2015 03:25 AM'
]]></system-err>
  </testcase>
  <testcase name="testWatchForCommitWithCloseContainerException" classname="org.apache.hadoop.ozone.client.rpc.TestBlockOutputStreamWithFailures" time="35.672">
    <failure message="expected:&lt;79&gt; but was:&lt;80&gt;" type="java.lang.AssertionError"><![CDATA[java.lang.AssertionError: expected:<79> but was:<80>
	at org.junit.Assert.fail(Assert.java:88)
	at org.junit.Assert.failNotEquals(Assert.java:743)
	at org.junit.Assert.assertEquals(Assert.java:118)
	at org.junit.Assert.assertEquals(Assert.java:555)
	at org.junit.Assert.assertEquals(Assert.java:542)
	at org.apache.hadoop.ozone.client.rpc.TestBlockOutputStreamWithFailures.testWatchForCommitWithCloseContainerException(TestBlockOutputStreamWithFailures.java:196)
	at sun.reflect.NativeMethodAccessorImpl.invoke0(Native Method)
	at sun.reflect.NativeMethodAccessorImpl.invoke(NativeMethodAccessorImpl.java:62)
	at sun.reflect.DelegatingMethodAccessorImpl.invoke(DelegatingMethodAccessorImpl.java:43)
	at java.lang.reflect.Method.invoke(Method.java:498)
	at org.junit.runners.model.FrameworkMethod$1.runReflectiveCall(FrameworkMethod.java:47)
	at org.junit.internal.runners.model.ReflectiveCallable.run(ReflectiveCallable.java:12)
	at org.junit.runners.model.FrameworkMethod.invokeExplosively(FrameworkMethod.java:44)
	at org.junit.internal.runners.statements.InvokeMethod.evaluate(InvokeMethod.java:17)
	at org.junit.internal.runners.statements.RunBefores.evaluate(RunBefores.java:26)
	at org.junit.internal.runners.statements.RunAfters.evaluate(RunAfters.java:27)
	at org.junit.runners.ParentRunner.runLeaf(ParentRunner.java:271)
	at org.junit.runners.BlockJUnit4ClassRunner.runChild(BlockJUnit4ClassRunner.java:70)
	at org.junit.runners.BlockJUnit4ClassRunner.runChild(BlockJUnit4ClassRunner.java:50)
	at org.junit.runners.ParentRunner$3.run(ParentRunner.java:238)
	at org.junit.runners.ParentRunner$1.schedule(ParentRunner.java:63)
	at org.junit.runners.ParentRunner.runChildren(ParentRunner.java:236)
	at org.junit.runners.ParentRunner.access$000(ParentRunner.java:53)
	at org.junit.runners.ParentRunner$2.evaluate(ParentRunner.java:229)
	at org.junit.runners.ParentRunner.run(ParentRunner.java:309)
	at org.apache.maven.surefire.junit4.JUnit4Provider.execute(JUnit4Provider.java:365)
	at org.apache.maven.surefire.junit4.JUnit4Provider.executeWithRerun(JUnit4Provider.java:273)
	at org.apache.maven.surefire.junit4.JUnit4Provider.executeTestSet(JUnit4Provider.java:238)
	at org.apache.maven.surefire.junit4.JUnit4Provider.invoke(JUnit4Provider.java:159)
	at org.apache.maven.surefire.booter.ForkedBooter.invokeProviderInSameClassLoader(ForkedBooter.java:384)
	at org.apache.maven.surefire.booter.ForkedBooter.runSuitesInProcess(ForkedBooter.java:345)
	at org.apache.maven.surefire.booter.ForkedBooter.execute(ForkedBooter.java:126)
	at org.apache.maven.surefire.booter.ForkedBooter.main(ForkedBooter.java:418)
]]></failure>
    <system-out><![CDATA[2019-09-04 10:17:01,053 [main] WARN  server.ServerUtils (ServerUtils.java:getScmDbDir(145)) - ozone.scm.db.dirs is not configured. We recommend adding this setting. Falling back to ozone.metadata.dirs instead.
2019-09-04 10:17:01,085 [main] WARN  server.ServerUtils (ServerUtils.java:getScmDbDir(145)) - ozone.scm.db.dirs is not configured. We recommend adding this setting. Falling back to ozone.metadata.dirs instead.
2019-09-04 10:17:01,085 [main] WARN  server.ServerUtils (ServerUtils.java:getScmDbDir(145)) - ozone.scm.db.dirs is not configured. We recommend adding this setting. Falling back to ozone.metadata.dirs instead.
2019-09-04 10:17:01,086 [main] INFO  db.DBStoreBuilder (DBStoreBuilder.java:addTable(110)) - using custom profile for table: deletedBlocks
2019-09-04 10:17:01,086 [main] INFO  db.DBStoreBuilder (DBStoreBuilder.java:processTables(161)) - Using default column profile:DBProfile.DISK for Table:deletedBlocks
2019-09-04 10:17:01,086 [main] INFO  db.DBStoreBuilder (DBStoreBuilder.java:addTable(110)) - using custom profile for table: validCerts
2019-09-04 10:17:01,086 [main] INFO  db.DBStoreBuilder (DBStoreBuilder.java:processTables(161)) - Using default column profile:DBProfile.DISK for Table:validCerts
2019-09-04 10:17:01,087 [main] INFO  db.DBStoreBuilder (DBStoreBuilder.java:addTable(110)) - using custom profile for table: revokedCerts
2019-09-04 10:17:01,087 [main] INFO  db.DBStoreBuilder (DBStoreBuilder.java:processTables(161)) - Using default column profile:DBProfile.DISK for Table:revokedCerts
2019-09-04 10:17:01,087 [main] INFO  db.DBStoreBuilder (DBStoreBuilder.java:addTable(110)) - using custom profile for table: default
2019-09-04 10:17:01,087 [main] INFO  db.DBStoreBuilder (DBStoreBuilder.java:processTables(167)) - Using default column profile:DBProfile.DISK for Table:default
2019-09-04 10:17:01,087 [main] INFO  db.DBStoreBuilder (DBStoreBuilder.java:getDbProfile(198)) - Using default options. DBProfile.DISK
2019-09-04 10:17:01,330 [main] INFO  net.NodeSchemaLoader (NodeSchemaLoader.java:loadSchemaFromFile(125)) - Loading file from sun.misc.CompoundEnumeration@1c724957
2019-09-04 10:17:01,330 [main] INFO  net.NodeSchemaLoader (NodeSchemaLoader.java:loadSchema(171)) - Loading network topology layer schema file
2019-09-04 10:17:01,336 [main] INFO  node.SCMNodeManager (SCMNodeManager.java:<init>(121)) - Entering startup safe mode.
2019-09-04 10:17:01,337 [main] INFO  algorithms.ContainerPlacementPolicyFactory (ContainerPlacementPolicyFactory.java:getPolicy(55)) - Create container placement policy of type org.apache.hadoop.hdds.scm.container.placement.algorithms.SCMContainerPlacementRandom
2019-09-04 10:17:01,337 [main] WARN  server.ServerUtils (ServerUtils.java:getScmDbDir(145)) - ozone.scm.db.dirs is not configured. We recommend adding this setting. Falling back to ozone.metadata.dirs instead.
2019-09-04 10:17:01,534 [main] INFO  pipeline.SCMPipelineManager (SCMPipelineManager.java:initializePipelineState(126)) - No pipeline exists in current db
2019-09-04 10:17:01,535 [main] WARN  server.ServerUtils (ServerUtils.java:getScmDbDir(145)) - ozone.scm.db.dirs is not configured. We recommend adding this setting. Falling back to ozone.metadata.dirs instead.
2019-09-04 10:17:01,617 [main] WARN  events.EventQueue (EventQueue.java:fireEvent(175)) - No event handler registered for event TypedEvent{payloadType=SafeModeStatus, name='SafeModeStatus'}
2019-09-04 10:17:01,618 [main] INFO  ipc.CallQueueManager (CallQueueManager.java:<init>(84)) - Using callQueue: class java.util.concurrent.LinkedBlockingQueue, queueCapacity: 2000, scheduler: class org.apache.hadoop.ipc.DefaultRpcScheduler, ipcBackoff: false.
2019-09-04 10:17:01,619 [Socket Reader #1 for port 39253] INFO  ipc.Server (Server.java:run(1074)) - Starting Socket Reader #1 for port 39253
2019-09-04 10:17:01,621 [main] INFO  ipc.CallQueueManager (CallQueueManager.java:<init>(84)) - Using callQueue: class java.util.concurrent.LinkedBlockingQueue, queueCapacity: 2000, scheduler: class org.apache.hadoop.ipc.DefaultRpcScheduler, ipcBackoff: false.
2019-09-04 10:17:01,622 [Socket Reader #1 for port 46106] INFO  ipc.Server (Server.java:run(1074)) - Starting Socket Reader #1 for port 46106
2019-09-04 10:17:01,623 [main] INFO  ipc.CallQueueManager (CallQueueManager.java:<init>(84)) - Using callQueue: class java.util.concurrent.LinkedBlockingQueue, queueCapacity: 2000, scheduler: class org.apache.hadoop.ipc.DefaultRpcScheduler, ipcBackoff: false.
2019-09-04 10:17:01,624 [Socket Reader #1 for port 35052] INFO  ipc.Server (Server.java:run(1074)) - Starting Socket Reader #1 for port 35052
2019-09-04 10:17:01,627 [main] INFO  hdfs.DFSUtil (DFSUtil.java:httpServerTemplateForNNAndJN(1641)) - Starting Web-server for scm at: http://0.0.0.0:0
2019-09-04 10:17:01,628 [main] INFO  server.AuthenticationFilter (AuthenticationFilter.java:constructSecretProvider(240)) - Unable to initialize FileSignerSecretProvider, falling back to use random secrets.
2019-09-04 10:17:01,629 [main] WARN  http.HttpRequestLog (HttpRequestLog.java:getRequestLog(97)) - Jetty request log can only be enabled using Log4j
2019-09-04 10:17:01,630 [main] INFO  http.HttpServer2 (HttpServer2.java:addGlobalFilter(975)) - Added global filter 'safety' (class=org.apache.hadoop.http.HttpServer2$QuotingInputFilter)
2019-09-04 10:17:01,631 [main] INFO  http.HttpServer2 (HttpServer2.java:addFilter(948)) - Added filter static_user_filter (class=org.apache.hadoop.http.lib.StaticUserWebFilter$StaticUserFilter) to context scm
2019-09-04 10:17:01,631 [main] INFO  http.HttpServer2 (HttpServer2.java:addFilter(958)) - Added filter static_user_filter (class=org.apache.hadoop.http.lib.StaticUserWebFilter$StaticUserFilter) to context static
2019-09-04 10:17:01,631 [main] INFO  http.HttpServer2 (HttpServer2.java:addFilter(958)) - Added filter static_user_filter (class=org.apache.hadoop.http.lib.StaticUserWebFilter$StaticUserFilter) to context logs
2019-09-04 10:17:01,632 [main] INFO  server.StorageContainerManager (StorageContainerManager.java:start(759)) - StorageContainerLocationProtocol RPC server is listening at /0.0.0.0:35052
2019-09-04 10:17:01,634 [main] WARN  impl.MetricsConfig (MetricsConfig.java:loadFirst(134)) - Cannot locate configuration: tried hadoop-metrics2-storagecontainermanager.properties,hadoop-metrics2.properties
2019-09-04 10:17:01,634 [main] INFO  impl.MetricsSystemImpl (MetricsSystemImpl.java:startTimer(374)) - Scheduled Metric snapshot period at 10 second(s).
2019-09-04 10:17:01,635 [main] INFO  impl.MetricsSystemImpl (MetricsSystemImpl.java:start(191)) - StorageContainerManager metrics system started
2019-09-04 10:17:01,781 [main] INFO  server.SCMClientProtocolServer (SCMClientProtocolServer.java:start(151)) - RPC server for Client  is listening at /0.0.0.0:35052
2019-09-04 10:17:01,782 [IPC Server Responder] INFO  ipc.Server (Server.java:run(1314)) - IPC Server Responder: starting
2019-09-04 10:17:01,782 [IPC Server listener on 35052] INFO  ipc.Server (Server.java:run(1153)) - IPC Server listener on 35052: starting
2019-09-04 10:17:01,785 [main] INFO  server.StorageContainerManager (StorageContainerManager.java:start(769)) - ScmBlockLocationProtocol RPC server is listening at /0.0.0.0:46106
2019-09-04 10:17:01,785 [main] INFO  server.SCMBlockProtocolServer (SCMBlockProtocolServer.java:start(140)) - RPC server for Block Protocol is listening at /0.0.0.0:46106
2019-09-04 10:17:01,786 [IPC Server Responder] INFO  ipc.Server (Server.java:run(1314)) - IPC Server Responder: starting
2019-09-04 10:17:01,786 [IPC Server listener on 46106] INFO  ipc.Server (Server.java:run(1153)) - IPC Server listener on 46106: starting
2019-09-04 10:17:01,788 [main] INFO  server.StorageContainerManager (StorageContainerManager.java:start(773)) - ScmDatanodeProtocl RPC server is listening at /0.0.0.0:39253
2019-09-04 10:17:01,789 [main] INFO  server.SCMDatanodeProtocolServer (SCMDatanodeProtocolServer.java:start(191)) - RPC server for DataNodes is listening at /0.0.0.0:39253
2019-09-04 10:17:01,789 [IPC Server Responder] INFO  ipc.Server (Server.java:run(1314)) - IPC Server Responder: starting
2019-09-04 10:17:01,789 [IPC Server listener on 39253] INFO  ipc.Server (Server.java:run(1153)) - IPC Server listener on 39253: starting
2019-09-04 10:17:01,792 [main] INFO  http.HttpServer2 (HttpServer2.java:bindListener(1191)) - Jetty bound to port 35289
2019-09-04 10:17:01,792 [main] INFO  server.Server (Server.java:doStart(351)) - jetty-9.3.24.v20180605, build timestamp: 2018-06-05T17:11:56Z, git hash: 84205aa28f11a4f31f2a3b86d1bba2cc8ab69827
2019-09-04 10:17:01,793 [main] INFO  handler.ContextHandler (ContextHandler.java:doStart(781)) - Started o.e.j.s.ServletContextHandler@3ef85262{/logs,file:///workdir/hadoop-ozone/integration-test/target/log,AVAILABLE}
2019-09-04 10:17:01,793 [main] INFO  handler.ContextHandler (ContextHandler.java:doStart(781)) - Started o.e.j.s.ServletContextHandler@7d800902{/static,file:///workdir/hadoop-ozone/integration-test/target/test-classes/webapps/static,AVAILABLE}
2019-09-04 10:17:01,797 [main] INFO  handler.ContextHandler (ContextHandler.java:doStart(781)) - Started o.e.j.w.WebAppContext@5d8b5cf6{/,file:///workdir/hadoop-ozone/integration-test/target/test-classes/webapps/scm/,AVAILABLE}{/scm}
2019-09-04 10:17:01,797 [main] INFO  server.AbstractConnector (AbstractConnector.java:doStart(278)) - Started ServerConnector@484313a6{HTTP/1.1,[http/1.1]}{0.0.0.0:35289}
2019-09-04 10:17:01,798 [main] INFO  server.Server (Server.java:doStart(419)) - Started @671121ms
2019-09-04 10:17:01,800 [main] INFO  server.BaseHttpServer (BaseHttpServer.java:updateConnectorAddress(213)) - HTTP server of SCM is listening at http://0.0.0.0:35289
2019-09-04 10:17:01,800 [main] WARN  server.ServerUtils (ServerUtils.java:getDBPath(222)) - ozone.om.db.dirs is not configured. We recommend adding this setting. Falling back to ozone.metadata.dirs instead.
2019-09-04 10:17:01,801 [org.apache.hadoop.util.JvmPauseMonitor$Monitor@763960eb] INFO  util.JvmPauseMonitor (JvmPauseMonitor.java:run(188)) - Starting JVM pause monitor
2019-09-04 10:17:01,806 [main] WARN  server.ServerUtils (ServerUtils.java:getDBPath(222)) - ozone.om.db.dirs is not configured. We recommend adding this setting. Falling back to ozone.metadata.dirs instead.
2019-09-04 10:17:01,806 [main] WARN  server.ServerUtils (ServerUtils.java:getDBPath(222)) - ozone.om.db.dirs is not configured. We recommend adding this setting. Falling back to ozone.metadata.dirs instead.
2019-09-04 10:17:01,807 [main] INFO  om.OzoneManager (OzoneManager.java:setOMNodeDetails(645)) - OM Service ID is not set. Setting it to the default ID: omServiceIdDefault
2019-09-04 10:17:01,807 [main] INFO  om.OzoneManager (OzoneManager.java:setOMNodeDetails(651)) - OM Node ID is not set. Setting it to the OmStorage's OmID: 4311f96b-5cd9-4d32-8e87-c98f98f3770b
2019-09-04 10:17:01,807 [main] INFO  om.OzoneManager (OzoneManager.java:loadOMHAConfigs(602)) - Found matching OM address with OMServiceId: null, OMNodeId: null, RPC Address: localhost:0 and Ratis port: 9872
2019-09-04 10:17:01,811 | INFO  | SCMAudit | user=jenkins1000 | ip=192.168.36.67 | op=GET_SCM_INFO null | ret=SUCCESS |  
2019-09-04 10:17:01,812 [main] WARN  server.ServerUtils (ServerUtils.java:getDBPath(222)) - ozone.om.db.dirs is not configured. We recommend adding this setting. Falling back to ozone.metadata.dirs instead.
2019-09-04 10:17:01,813 [main] INFO  db.DBStoreBuilder (DBStoreBuilder.java:addTable(110)) - using custom profile for table: userTable
2019-09-04 10:17:01,813 [main] INFO  db.DBStoreBuilder (DBStoreBuilder.java:processTables(161)) - Using default column profile:DBProfile.DISK for Table:userTable
2019-09-04 10:17:01,813 [main] INFO  db.DBStoreBuilder (DBStoreBuilder.java:addTable(110)) - using custom profile for table: volumeTable
2019-09-04 10:17:01,813 [main] INFO  db.DBStoreBuilder (DBStoreBuilder.java:processTables(161)) - Using default column profile:DBProfile.DISK for Table:volumeTable
2019-09-04 10:17:01,813 [main] INFO  db.DBStoreBuilder (DBStoreBuilder.java:addTable(110)) - using custom profile for table: bucketTable
2019-09-04 10:17:01,813 [main] INFO  db.DBStoreBuilder (DBStoreBuilder.java:processTables(161)) - Using default column profile:DBProfile.DISK for Table:bucketTable
2019-09-04 10:17:01,814 [main] INFO  db.DBStoreBuilder (DBStoreBuilder.java:addTable(110)) - using custom profile for table: keyTable
2019-09-04 10:17:01,814 [main] INFO  db.DBStoreBuilder (DBStoreBuilder.java:processTables(161)) - Using default column profile:DBProfile.DISK for Table:keyTable
2019-09-04 10:17:01,814 [main] INFO  db.DBStoreBuilder (DBStoreBuilder.java:addTable(110)) - using custom profile for table: deletedTable
2019-09-04 10:17:01,814 [main] INFO  db.DBStoreBuilder (DBStoreBuilder.java:processTables(161)) - Using default column profile:DBProfile.DISK for Table:deletedTable
2019-09-04 10:17:01,814 [main] INFO  db.DBStoreBuilder (DBStoreBuilder.java:addTable(110)) - using custom profile for table: openKeyTable
2019-09-04 10:17:01,814 [main] INFO  db.DBStoreBuilder (DBStoreBuilder.java:processTables(161)) - Using default column profile:DBProfile.DISK for Table:openKeyTable
2019-09-04 10:17:01,814 [main] INFO  db.DBStoreBuilder (DBStoreBuilder.java:addTable(110)) - using custom profile for table: s3Table
2019-09-04 10:17:01,815 [main] INFO  db.DBStoreBuilder (DBStoreBuilder.java:processTables(161)) - Using default column profile:DBProfile.DISK for Table:s3Table
2019-09-04 10:17:01,815 [main] INFO  db.DBStoreBuilder (DBStoreBuilder.java:addTable(110)) - using custom profile for table: multipartInfoTable
2019-09-04 10:17:01,815 [main] INFO  db.DBStoreBuilder (DBStoreBuilder.java:processTables(161)) - Using default column profile:DBProfile.DISK for Table:multipartInfoTable
2019-09-04 10:17:01,815 [main] INFO  db.DBStoreBuilder (DBStoreBuilder.java:addTable(110)) - using custom profile for table: dTokenTable
2019-09-04 10:17:01,815 [main] INFO  db.DBStoreBuilder (DBStoreBuilder.java:processTables(161)) - Using default column profile:DBProfile.DISK for Table:dTokenTable
2019-09-04 10:17:01,815 [main] INFO  db.DBStoreBuilder (DBStoreBuilder.java:addTable(110)) - using custom profile for table: s3SecretTable
2019-09-04 10:17:01,815 [main] INFO  db.DBStoreBuilder (DBStoreBuilder.java:processTables(161)) - Using default column profile:DBProfile.DISK for Table:s3SecretTable
2019-09-04 10:17:01,816 [main] INFO  db.DBStoreBuilder (DBStoreBuilder.java:addTable(110)) - using custom profile for table: prefixTable
2019-09-04 10:17:01,816 [main] INFO  db.DBStoreBuilder (DBStoreBuilder.java:processTables(161)) - Using default column profile:DBProfile.DISK for Table:prefixTable
2019-09-04 10:17:01,816 [main] INFO  db.DBStoreBuilder (DBStoreBuilder.java:addTable(110)) - using custom profile for table: default
2019-09-04 10:17:01,816 [main] INFO  db.DBStoreBuilder (DBStoreBuilder.java:processTables(167)) - Using default column profile:DBProfile.DISK for Table:default
2019-09-04 10:17:01,816 [main] INFO  db.DBStoreBuilder (DBStoreBuilder.java:getDbProfile(198)) - Using default options. DBProfile.DISK
2019-09-04 10:17:02,937 [main] INFO  ipc.CallQueueManager (CallQueueManager.java:<init>(84)) - Using callQueue: class java.util.concurrent.LinkedBlockingQueue, queueCapacity: 2000, scheduler: class org.apache.hadoop.ipc.DefaultRpcScheduler, ipcBackoff: false.
2019-09-04 10:17:02,939 [Socket Reader #1 for port 34651] INFO  ipc.Server (Server.java:run(1074)) - Starting Socket Reader #1 for port 34651
2019-09-04 10:17:02,959 [main] INFO  om.OzoneManager (OzoneManager.java:start(1256)) - OzoneManager RPC server is listening at localhost/127.0.0.1:34651
2019-09-04 10:17:02,959 [main] INFO  impl.MetricsSystemImpl (MetricsSystemImpl.java:init(158)) - OzoneManager metrics system started (again)
2019-09-04 10:17:02,960 [IPC Server Responder] INFO  ipc.Server (Server.java:run(1314)) - IPC Server Responder: starting
2019-09-04 10:17:02,960 [IPC Server listener on 34651] INFO  ipc.Server (Server.java:run(1153)) - IPC Server listener on 34651: starting
2019-09-04 10:17:02,966 [main] INFO  hdfs.DFSUtil (DFSUtil.java:httpServerTemplateForNNAndJN(1641)) - Starting Web-server for ozoneManager at: http://0.0.0.0:0
2019-09-04 10:17:02,967 [main] INFO  server.AuthenticationFilter (AuthenticationFilter.java:constructSecretProvider(240)) - Unable to initialize FileSignerSecretProvider, falling back to use random secrets.
2019-09-04 10:17:02,968 [main] WARN  http.HttpRequestLog (HttpRequestLog.java:getRequestLog(97)) - Jetty request log can only be enabled using Log4j
2019-09-04 10:17:02,970 [main] INFO  http.HttpServer2 (HttpServer2.java:addGlobalFilter(975)) - Added global filter 'safety' (class=org.apache.hadoop.http.HttpServer2$QuotingInputFilter)
2019-09-04 10:17:02,971 [main] INFO  http.HttpServer2 (HttpServer2.java:addFilter(948)) - Added filter static_user_filter (class=org.apache.hadoop.http.lib.StaticUserWebFilter$StaticUserFilter) to context ozoneManager
2019-09-04 10:17:02,971 [main] INFO  http.HttpServer2 (HttpServer2.java:addFilter(958)) - Added filter static_user_filter (class=org.apache.hadoop.http.lib.StaticUserWebFilter$StaticUserFilter) to context logs
2019-09-04 10:17:02,971 [main] INFO  http.HttpServer2 (HttpServer2.java:addFilter(958)) - Added filter static_user_filter (class=org.apache.hadoop.http.lib.StaticUserWebFilter$StaticUserFilter) to context static
2019-09-04 10:17:02,972 [main] INFO  http.HttpServer2 (HttpServer2.java:bindListener(1191)) - Jetty bound to port 33161
2019-09-04 10:17:02,972 [main] INFO  server.Server (Server.java:doStart(351)) - jetty-9.3.24.v20180605, build timestamp: 2018-06-05T17:11:56Z, git hash: 84205aa28f11a4f31f2a3b86d1bba2cc8ab69827
2019-09-04 10:17:02,974 [main] INFO  handler.ContextHandler (ContextHandler.java:doStart(781)) - Started o.e.j.s.ServletContextHandler@26e199ed{/logs,file:///workdir/hadoop-ozone/integration-test/target/log,AVAILABLE}
2019-09-04 10:17:02,975 [main] INFO  handler.ContextHandler (ContextHandler.java:doStart(781)) - Started o.e.j.s.ServletContextHandler@49de4263{/static,file:///workdir/hadoop-ozone/integration-test/target/test-classes/webapps/static,AVAILABLE}
2019-09-04 10:17:02,980 [main] INFO  handler.ContextHandler (ContextHandler.java:doStart(781)) - Started o.e.j.w.WebAppContext@29b21fa6{/,file:///workdir/hadoop-ozone/integration-test/target/test-classes/webapps/ozoneManager/,AVAILABLE}{/ozoneManager}
2019-09-04 10:17:02,980 [main] INFO  server.AbstractConnector (AbstractConnector.java:doStart(278)) - Started ServerConnector@4159c66d{HTTP/1.1,[http/1.1]}{0.0.0.0:33161}
2019-09-04 10:17:02,981 [main] INFO  server.Server (Server.java:doStart(419)) - Started @672305ms
2019-09-04 10:17:02,983 [main] INFO  server.BaseHttpServer (BaseHttpServer.java:updateConnectorAddress(213)) - HTTP server of OZONEMANAGER is listening at http://0.0.0.0:33161
2019-09-04 10:17:03,001 [main] INFO  impl.MetricsSystemImpl (MetricsSystemImpl.java:init(158)) - HddsDatanode metrics system started (again)
2019-09-04 10:17:03,006 [main] INFO  ozone.HddsDatanodeService (HddsDatanodeService.java:start(184)) - HddsDatanodeService host:pr-hdds-1569-fjd24-125839774 ip:192.168.36.67
2019-09-04 10:17:03,019 [main] INFO  volume.HddsVolume (HddsVolume.java:<init>(176)) - Creating Volume: /workdir/hadoop-ozone/integration-test/target/test-dir/MiniOzoneClusterImpl-fbf2683a-c8d7-46fa-a564-419916e3e42d/datanode-0/data/containers/hdds of  storage type : DISK and capacity : 1482555576320
2019-09-04 10:17:03,019 [main] INFO  volume.VolumeSet (VolumeSet.java:initializeVolumeSet(170)) - Added Volume : /workdir/hadoop-ozone/integration-test/target/test-dir/MiniOzoneClusterImpl-fbf2683a-c8d7-46fa-a564-419916e3e42d/datanode-0/data/containers/hdds to VolumeSet
2019-09-04 10:17:03,020 [main] INFO  volume.ThrottledAsyncChecker (ThrottledAsyncChecker.java:schedule(140)) - Scheduling a check for org.apache.hadoop.ozone.container.common.volume.HddsVolume@36dd68f1
2019-09-04 10:17:03,020 [main] INFO  volume.HddsVolumeChecker (HddsVolumeChecker.java:checkAllVolumes(203)) - Scheduled health check for volume org.apache.hadoop.ozone.container.common.volume.HddsVolume@36dd68f1
2019-09-04 10:17:03,039 [main] INFO  impl.RaftServerProxy (ConfUtils.java:logGet(43)) - raft.rpc.type = GRPC (default)
2019-09-04 10:17:03,039 [main] INFO  grpc.GrpcFactory (GrpcFactory.java:checkPooledByteBufAllocatorUseCacheForAllThreads(45)) - PERFORMANCE WARNING: useCacheForAllThreads is true that may cause Netty to create a lot garbage objects and, as a result, trigger GC.
	It is recommended to disable useCacheForAllThreads by setting -Dorg.apache.ratis.thirdparty.io.netty.allocator.useCacheForAllThreads=false in command line.
2019-09-04 10:17:03,039 [main] INFO  grpc.GrpcConfigKeys$Server (ConfUtils.java:logGet(43)) - raft.grpc.server.port = 0 (default)
2019-09-04 10:17:03,040 [main] INFO  server.GrpcService (ConfUtils.java:logGet(43)) - raft.grpc.message.size.max = 33570816 (custom)
2019-09-04 10:17:03,040 [main] INFO  server.RaftServerConfigKeys (ConfUtils.java:logGet(43)) - raft.server.log.appender.buffer.byte-limit = 33554432 (custom)
2019-09-04 10:17:03,040 [main] INFO  server.GrpcService (ConfUtils.java:logGet(43)) - raft.grpc.flow.control.window = 1MB (=1048576) (default)
2019-09-04 10:17:03,040 [main] INFO  server.RaftServerConfigKeys (ConfUtils.java:logGet(43)) - raft.server.rpc.request.timeout = 3000ms (default)
2019-09-04 10:17:03,041 [main] INFO  server.RaftServerConfigKeys (ConfUtils.java:logGet(43)) - raft.server.storage.dir = [/workdir/hadoop-ozone/integration-test/target/test-dir/MiniOzoneClusterImpl-fbf2683a-c8d7-46fa-a564-419916e3e42d/datanode-0/data/ratis] (custom)
2019-09-04 10:17:03,042 [main] INFO  replication.SimpleContainerDownloader (SimpleContainerDownloader.java:<init>(72)) - Starting container downloader service to copy containers to replicate.
2019-09-04 10:17:03,043 [main] INFO  hdfs.DFSUtil (DFSUtil.java:httpServerTemplateForNNAndJN(1641)) - Starting Web-server for hddsDatanode at: http://0.0.0.0:0
2019-09-04 10:17:03,044 [main] INFO  server.AuthenticationFilter (AuthenticationFilter.java:constructSecretProvider(240)) - Unable to initialize FileSignerSecretProvider, falling back to use random secrets.
2019-09-04 10:17:03,045 [main] WARN  http.HttpRequestLog (HttpRequestLog.java:getRequestLog(97)) - Jetty request log can only be enabled using Log4j
2019-09-04 10:17:03,046 [main] INFO  http.HttpServer2 (HttpServer2.java:addGlobalFilter(975)) - Added global filter 'safety' (class=org.apache.hadoop.http.HttpServer2$QuotingInputFilter)
2019-09-04 10:17:03,047 [main] INFO  http.HttpServer2 (HttpServer2.java:addFilter(948)) - Added filter static_user_filter (class=org.apache.hadoop.http.lib.StaticUserWebFilter$StaticUserFilter) to context hddsDatanode
2019-09-04 10:17:03,047 [main] INFO  http.HttpServer2 (HttpServer2.java:addFilter(958)) - Added filter static_user_filter (class=org.apache.hadoop.http.lib.StaticUserWebFilter$StaticUserFilter) to context logs
2019-09-04 10:17:03,047 [main] INFO  http.HttpServer2 (HttpServer2.java:addFilter(958)) - Added filter static_user_filter (class=org.apache.hadoop.http.lib.StaticUserWebFilter$StaticUserFilter) to context static
2019-09-04 10:17:03,048 [main] INFO  http.HttpServer2 (HttpServer2.java:bindListener(1191)) - Jetty bound to port 45708
2019-09-04 10:17:03,048 [main] INFO  server.Server (Server.java:doStart(351)) - jetty-9.3.24.v20180605, build timestamp: 2018-06-05T17:11:56Z, git hash: 84205aa28f11a4f31f2a3b86d1bba2cc8ab69827
2019-09-04 10:17:03,050 [main] INFO  handler.ContextHandler (ContextHandler.java:doStart(781)) - Started o.e.j.s.ServletContextHandler@6d8dc329{/logs,file:///workdir/hadoop-ozone/integration-test/target/log,AVAILABLE}
2019-09-04 10:17:03,050 [main] INFO  handler.ContextHandler (ContextHandler.java:doStart(781)) - Started o.e.j.s.ServletContextHandler@39c437e9{/static,jar:file:/home/user/.m2/repository/org/apache/hadoop/hadoop-hdds-container-service/0.5.0-SNAPSHOT/hadoop-hdds-container-service-0.5.0-SNAPSHOT.jar!/webapps/static,AVAILABLE}
2019-09-04 10:17:03,082 [main] INFO  handler.ContextHandler (ContextHandler.java:doStart(781)) - Started o.e.j.w.WebAppContext@22eccd2c{/,file:///tmp/jetty-0.0.0.0-45708-hddsDatanode-_-any-8570617104418414942.dir/webapp/,AVAILABLE}{/hddsDatanode}
2019-09-04 10:17:03,082 [main] INFO  server.AbstractConnector (AbstractConnector.java:doStart(278)) - Started ServerConnector@ddca64d{HTTP/1.1,[http/1.1]}{0.0.0.0:45708}
2019-09-04 10:17:03,084 [main] INFO  server.Server (Server.java:doStart(419)) - Started @672407ms
2019-09-04 10:17:03,085 [main] INFO  server.BaseHttpServer (BaseHttpServer.java:updateConnectorAddress(213)) - HTTP server of HDDSDATANODE is listening at http://0.0.0.0:45708
2019-09-04 10:17:03,289 | INFO  | ObjectStoreRestHttpServer | Listening HDDS REST traffic on /0.0.0.0:44553 |  
2019-09-04 10:17:03,289 [main] INFO  ozone.HddsDatanodeService (HddsDatanodeService.java:startPlugins(395)) - Started plug-in org.apache.hadoop.ozone.web.OzoneHddsDatanodeService@fe739e7
2019-09-04 10:17:03,290 [main] INFO  impl.MetricsSystemImpl (MetricsSystemImpl.java:init(158)) - HddsDatanode metrics system started (again)
2019-09-04 10:17:03,295 [org.apache.hadoop.util.JvmPauseMonitor$Monitor@42994fc6] INFO  util.JvmPauseMonitor (JvmPauseMonitor.java:run(188)) - Starting JVM pause monitor
2019-09-04 10:17:03,295 [main] INFO  ozone.HddsDatanodeService (HddsDatanodeService.java:start(184)) - HddsDatanodeService host:pr-hdds-1569-fjd24-125839774 ip:192.168.36.67
2019-09-04 10:17:03,297 [Datanode State Machine Thread - 0] INFO  datanode.InitDatanodeState (InitDatanodeState.java:persistContainerDatanodeDetails(140)) - DatanodeDetails is persisted to /workdir/hadoop-ozone/integration-test/target/test-dir/MiniOzoneClusterImpl-fbf2683a-c8d7-46fa-a564-419916e3e42d/datanode-0/meta/datanode.id
2019-09-04 10:17:03,308 [main] INFO  volume.HddsVolume (HddsVolume.java:<init>(176)) - Creating Volume: /workdir/hadoop-ozone/integration-test/target/test-dir/MiniOzoneClusterImpl-fbf2683a-c8d7-46fa-a564-419916e3e42d/datanode-1/data/containers/hdds of  storage type : DISK and capacity : 1482555576320
2019-09-04 10:17:03,308 [main] INFO  volume.VolumeSet (VolumeSet.java:initializeVolumeSet(170)) - Added Volume : /workdir/hadoop-ozone/integration-test/target/test-dir/MiniOzoneClusterImpl-fbf2683a-c8d7-46fa-a564-419916e3e42d/datanode-1/data/containers/hdds to VolumeSet
2019-09-04 10:17:03,308 [main] INFO  volume.ThrottledAsyncChecker (ThrottledAsyncChecker.java:schedule(140)) - Scheduling a check for org.apache.hadoop.ozone.container.common.volume.HddsVolume@71c1ba6d
2019-09-04 10:17:03,309 [main] INFO  volume.HddsVolumeChecker (HddsVolumeChecker.java:checkAllVolumes(203)) - Scheduled health check for volume org.apache.hadoop.ozone.container.common.volume.HddsVolume@71c1ba6d
2019-09-04 10:17:03,325 [main] INFO  impl.RaftServerProxy (ConfUtils.java:logGet(43)) - raft.rpc.type = GRPC (default)
2019-09-04 10:17:03,325 [main] INFO  grpc.GrpcFactory (GrpcFactory.java:checkPooledByteBufAllocatorUseCacheForAllThreads(45)) - PERFORMANCE WARNING: useCacheForAllThreads is true that may cause Netty to create a lot garbage objects and, as a result, trigger GC.
	It is recommended to disable useCacheForAllThreads by setting -Dorg.apache.ratis.thirdparty.io.netty.allocator.useCacheForAllThreads=false in command line.
2019-09-04 10:17:03,325 [main] INFO  grpc.GrpcConfigKeys$Server (ConfUtils.java:logGet(43)) - raft.grpc.server.port = 0 (default)
2019-09-04 10:17:03,326 [main] INFO  server.GrpcService (ConfUtils.java:logGet(43)) - raft.grpc.message.size.max = 33570816 (custom)
2019-09-04 10:17:03,326 [main] INFO  server.RaftServerConfigKeys (ConfUtils.java:logGet(43)) - raft.server.log.appender.buffer.byte-limit = 33554432 (custom)
2019-09-04 10:17:03,326 [main] INFO  server.GrpcService (ConfUtils.java:logGet(43)) - raft.grpc.flow.control.window = 1MB (=1048576) (default)
2019-09-04 10:17:03,326 [main] INFO  server.RaftServerConfigKeys (ConfUtils.java:logGet(43)) - raft.server.rpc.request.timeout = 3000ms (default)
2019-09-04 10:17:03,327 [main] INFO  server.RaftServerConfigKeys (ConfUtils.java:logGet(43)) - raft.server.storage.dir = [/workdir/hadoop-ozone/integration-test/target/test-dir/MiniOzoneClusterImpl-fbf2683a-c8d7-46fa-a564-419916e3e42d/datanode-1/data/ratis] (custom)
2019-09-04 10:17:03,328 [main] INFO  replication.SimpleContainerDownloader (SimpleContainerDownloader.java:<init>(72)) - Starting container downloader service to copy containers to replicate.
2019-09-04 10:17:03,329 [main] INFO  hdfs.DFSUtil (DFSUtil.java:httpServerTemplateForNNAndJN(1641)) - Starting Web-server for hddsDatanode at: http://0.0.0.0:0
2019-09-04 10:17:03,331 [main] INFO  server.AuthenticationFilter (AuthenticationFilter.java:constructSecretProvider(240)) - Unable to initialize FileSignerSecretProvider, falling back to use random secrets.
2019-09-04 10:17:03,332 [main] WARN  http.HttpRequestLog (HttpRequestLog.java:getRequestLog(97)) - Jetty request log can only be enabled using Log4j
2019-09-04 10:17:03,334 [main] INFO  http.HttpServer2 (HttpServer2.java:addGlobalFilter(975)) - Added global filter 'safety' (class=org.apache.hadoop.http.HttpServer2$QuotingInputFilter)
2019-09-04 10:17:03,334 [main] INFO  http.HttpServer2 (HttpServer2.java:addFilter(948)) - Added filter static_user_filter (class=org.apache.hadoop.http.lib.StaticUserWebFilter$StaticUserFilter) to context hddsDatanode
2019-09-04 10:17:03,335 [main] INFO  http.HttpServer2 (HttpServer2.java:addFilter(958)) - Added filter static_user_filter (class=org.apache.hadoop.http.lib.StaticUserWebFilter$StaticUserFilter) to context static
2019-09-04 10:17:03,335 [main] INFO  http.HttpServer2 (HttpServer2.java:addFilter(958)) - Added filter static_user_filter (class=org.apache.hadoop.http.lib.StaticUserWebFilter$StaticUserFilter) to context logs
2019-09-04 10:17:03,336 [main] INFO  http.HttpServer2 (HttpServer2.java:bindListener(1191)) - Jetty bound to port 33593
2019-09-04 10:17:03,336 [main] INFO  server.Server (Server.java:doStart(351)) - jetty-9.3.24.v20180605, build timestamp: 2018-06-05T17:11:56Z, git hash: 84205aa28f11a4f31f2a3b86d1bba2cc8ab69827
2019-09-04 10:17:03,338 [main] INFO  handler.ContextHandler (ContextHandler.java:doStart(781)) - Started o.e.j.s.ServletContextHandler@1233f419{/logs,file:///workdir/hadoop-ozone/integration-test/target/log,AVAILABLE}
2019-09-04 10:17:03,339 [main] INFO  handler.ContextHandler (ContextHandler.java:doStart(781)) - Started o.e.j.s.ServletContextHandler@66b65360{/static,jar:file:/home/user/.m2/repository/org/apache/hadoop/hadoop-hdds-container-service/0.5.0-SNAPSHOT/hadoop-hdds-container-service-0.5.0-SNAPSHOT.jar!/webapps/static,AVAILABLE}
2019-09-04 10:17:03,373 [main] INFO  handler.ContextHandler (ContextHandler.java:doStart(781)) - Started o.e.j.w.WebAppContext@738ce295{/,file:///tmp/jetty-0.0.0.0-33593-hddsDatanode-_-any-6972778845963126411.dir/webapp/,AVAILABLE}{/hddsDatanode}
2019-09-04 10:17:03,374 [main] INFO  server.AbstractConnector (AbstractConnector.java:doStart(278)) - Started ServerConnector@2ae62f7{HTTP/1.1,[http/1.1]}{0.0.0.0:33593}
2019-09-04 10:17:03,375 [main] INFO  server.Server (Server.java:doStart(419)) - Started @672698ms
2019-09-04 10:17:03,376 [main] INFO  server.BaseHttpServer (BaseHttpServer.java:updateConnectorAddress(213)) - HTTP server of HDDSDATANODE is listening at http://0.0.0.0:33593
2019-09-04 10:17:03,532 | INFO  | ObjectStoreRestHttpServer | Listening HDDS REST traffic on /0.0.0.0:35322 |  
2019-09-04 10:17:03,533 [main] INFO  ozone.HddsDatanodeService (HddsDatanodeService.java:startPlugins(395)) - Started plug-in org.apache.hadoop.ozone.web.OzoneHddsDatanodeService@7d6c4c43
2019-09-04 10:17:03,534 [main] INFO  impl.MetricsSystemImpl (MetricsSystemImpl.java:init(158)) - HddsDatanode metrics system started (again)
2019-09-04 10:17:03,538 [org.apache.hadoop.util.JvmPauseMonitor$Monitor@347077d2] INFO  util.JvmPauseMonitor (JvmPauseMonitor.java:run(188)) - Starting JVM pause monitor
2019-09-04 10:17:03,540 [main] INFO  ozone.HddsDatanodeService (HddsDatanodeService.java:start(184)) - HddsDatanodeService host:pr-hdds-1569-fjd24-125839774 ip:192.168.36.67
2019-09-04 10:17:03,541 [Datanode State Machine Thread - 0] INFO  datanode.InitDatanodeState (InitDatanodeState.java:persistContainerDatanodeDetails(140)) - DatanodeDetails is persisted to /workdir/hadoop-ozone/integration-test/target/test-dir/MiniOzoneClusterImpl-fbf2683a-c8d7-46fa-a564-419916e3e42d/datanode-1/meta/datanode.id
2019-09-04 10:17:03,552 [main] INFO  volume.HddsVolume (HddsVolume.java:<init>(176)) - Creating Volume: /workdir/hadoop-ozone/integration-test/target/test-dir/MiniOzoneClusterImpl-fbf2683a-c8d7-46fa-a564-419916e3e42d/datanode-2/data/containers/hdds of  storage type : DISK and capacity : 1482555576320
2019-09-04 10:17:03,552 [main] INFO  volume.VolumeSet (VolumeSet.java:initializeVolumeSet(170)) - Added Volume : /workdir/hadoop-ozone/integration-test/target/test-dir/MiniOzoneClusterImpl-fbf2683a-c8d7-46fa-a564-419916e3e42d/datanode-2/data/containers/hdds to VolumeSet
2019-09-04 10:17:03,552 [main] INFO  volume.ThrottledAsyncChecker (ThrottledAsyncChecker.java:schedule(140)) - Scheduling a check for org.apache.hadoop.ozone.container.common.volume.HddsVolume@5decbb5f
2019-09-04 10:17:03,553 [main] INFO  volume.HddsVolumeChecker (HddsVolumeChecker.java:checkAllVolumes(203)) - Scheduled health check for volume org.apache.hadoop.ozone.container.common.volume.HddsVolume@5decbb5f
2019-09-04 10:17:03,569 [main] INFO  impl.RaftServerProxy (ConfUtils.java:logGet(43)) - raft.rpc.type = GRPC (default)
2019-09-04 10:17:03,570 [main] INFO  grpc.GrpcFactory (GrpcFactory.java:checkPooledByteBufAllocatorUseCacheForAllThreads(45)) - PERFORMANCE WARNING: useCacheForAllThreads is true that may cause Netty to create a lot garbage objects and, as a result, trigger GC.
	It is recommended to disable useCacheForAllThreads by setting -Dorg.apache.ratis.thirdparty.io.netty.allocator.useCacheForAllThreads=false in command line.
2019-09-04 10:17:03,570 [main] INFO  grpc.GrpcConfigKeys$Server (ConfUtils.java:logGet(43)) - raft.grpc.server.port = 0 (default)
2019-09-04 10:17:03,570 [main] INFO  server.GrpcService (ConfUtils.java:logGet(43)) - raft.grpc.message.size.max = 33570816 (custom)
2019-09-04 10:17:03,570 [main] INFO  server.RaftServerConfigKeys (ConfUtils.java:logGet(43)) - raft.server.log.appender.buffer.byte-limit = 33554432 (custom)
2019-09-04 10:17:03,570 [main] INFO  server.GrpcService (ConfUtils.java:logGet(43)) - raft.grpc.flow.control.window = 1MB (=1048576) (default)
2019-09-04 10:17:03,570 [main] INFO  server.RaftServerConfigKeys (ConfUtils.java:logGet(43)) - raft.server.rpc.request.timeout = 3000ms (default)
2019-09-04 10:17:03,571 [main] INFO  server.RaftServerConfigKeys (ConfUtils.java:logGet(43)) - raft.server.storage.dir = [/workdir/hadoop-ozone/integration-test/target/test-dir/MiniOzoneClusterImpl-fbf2683a-c8d7-46fa-a564-419916e3e42d/datanode-2/data/ratis] (custom)
2019-09-04 10:17:03,572 [main] INFO  replication.SimpleContainerDownloader (SimpleContainerDownloader.java:<init>(72)) - Starting container downloader service to copy containers to replicate.
2019-09-04 10:17:03,572 [main] INFO  hdfs.DFSUtil (DFSUtil.java:httpServerTemplateForNNAndJN(1641)) - Starting Web-server for hddsDatanode at: http://0.0.0.0:0
2019-09-04 10:17:03,574 [main] INFO  server.AuthenticationFilter (AuthenticationFilter.java:constructSecretProvider(240)) - Unable to initialize FileSignerSecretProvider, falling back to use random secrets.
2019-09-04 10:17:03,574 [main] WARN  http.HttpRequestLog (HttpRequestLog.java:getRequestLog(97)) - Jetty request log can only be enabled using Log4j
2019-09-04 10:17:03,576 [main] INFO  http.HttpServer2 (HttpServer2.java:addGlobalFilter(975)) - Added global filter 'safety' (class=org.apache.hadoop.http.HttpServer2$QuotingInputFilter)
2019-09-04 10:17:03,576 [main] INFO  http.HttpServer2 (HttpServer2.java:addFilter(948)) - Added filter static_user_filter (class=org.apache.hadoop.http.lib.StaticUserWebFilter$StaticUserFilter) to context hddsDatanode
2019-09-04 10:17:03,577 [main] INFO  http.HttpServer2 (HttpServer2.java:addFilter(958)) - Added filter static_user_filter (class=org.apache.hadoop.http.lib.StaticUserWebFilter$StaticUserFilter) to context static
2019-09-04 10:17:03,577 [main] INFO  http.HttpServer2 (HttpServer2.java:addFilter(958)) - Added filter static_user_filter (class=org.apache.hadoop.http.lib.StaticUserWebFilter$StaticUserFilter) to context logs
2019-09-04 10:17:03,577 [main] INFO  http.HttpServer2 (HttpServer2.java:bindListener(1191)) - Jetty bound to port 44756
2019-09-04 10:17:03,577 [main] INFO  server.Server (Server.java:doStart(351)) - jetty-9.3.24.v20180605, build timestamp: 2018-06-05T17:11:56Z, git hash: 84205aa28f11a4f31f2a3b86d1bba2cc8ab69827
2019-09-04 10:17:03,579 [main] INFO  handler.ContextHandler (ContextHandler.java:doStart(781)) - Started o.e.j.s.ServletContextHandler@55f2e76a{/logs,file:///workdir/hadoop-ozone/integration-test/target/log,AVAILABLE}
2019-09-04 10:17:03,579 [main] INFO  handler.ContextHandler (ContextHandler.java:doStart(781)) - Started o.e.j.s.ServletContextHandler@331d651b{/static,jar:file:/home/user/.m2/repository/org/apache/hadoop/hadoop-hdds-container-service/0.5.0-SNAPSHOT/hadoop-hdds-container-service-0.5.0-SNAPSHOT.jar!/webapps/static,AVAILABLE}
2019-09-04 10:17:03,612 [main] INFO  handler.ContextHandler (ContextHandler.java:doStart(781)) - Started o.e.j.w.WebAppContext@3ace955c{/,file:///tmp/jetty-0.0.0.0-44756-hddsDatanode-_-any-1725396115003798166.dir/webapp/,AVAILABLE}{/hddsDatanode}
2019-09-04 10:17:03,612 [main] INFO  server.AbstractConnector (AbstractConnector.java:doStart(278)) - Started ServerConnector@4c00c8ce{HTTP/1.1,[http/1.1]}{0.0.0.0:44756}
2019-09-04 10:17:03,614 [main] INFO  server.Server (Server.java:doStart(419)) - Started @672938ms
2019-09-04 10:17:03,615 [main] INFO  server.BaseHttpServer (BaseHttpServer.java:updateConnectorAddress(213)) - HTTP server of HDDSDATANODE is listening at http://0.0.0.0:44756
2019-09-04 10:17:03,749 | INFO  | ObjectStoreRestHttpServer | Listening HDDS REST traffic on /0.0.0.0:46314 |  
2019-09-04 10:17:03,749 [main] INFO  ozone.HddsDatanodeService (HddsDatanodeService.java:startPlugins(395)) - Started plug-in org.apache.hadoop.ozone.web.OzoneHddsDatanodeService@25892fe3
2019-09-04 10:17:03,749 [main] INFO  impl.MetricsSystemImpl (MetricsSystemImpl.java:init(158)) - HddsDatanode metrics system started (again)
2019-09-04 10:17:03,756 [org.apache.hadoop.util.JvmPauseMonitor$Monitor@265d36de] INFO  util.JvmPauseMonitor (JvmPauseMonitor.java:run(188)) - Starting JVM pause monitor
2019-09-04 10:17:03,756 [main] INFO  ozone.HddsDatanodeService (HddsDatanodeService.java:start(184)) - HddsDatanodeService host:pr-hdds-1569-fjd24-125839774 ip:192.168.36.67
2019-09-04 10:17:03,758 [Datanode State Machine Thread - 0] INFO  datanode.InitDatanodeState (InitDatanodeState.java:persistContainerDatanodeDetails(140)) - DatanodeDetails is persisted to /workdir/hadoop-ozone/integration-test/target/test-dir/MiniOzoneClusterImpl-fbf2683a-c8d7-46fa-a564-419916e3e42d/datanode-2/meta/datanode.id
2019-09-04 10:17:03,767 [main] INFO  volume.HddsVolume (HddsVolume.java:<init>(176)) - Creating Volume: /workdir/hadoop-ozone/integration-test/target/test-dir/MiniOzoneClusterImpl-fbf2683a-c8d7-46fa-a564-419916e3e42d/datanode-3/data/containers/hdds of  storage type : DISK and capacity : 1482555576320
2019-09-04 10:17:03,767 [main] INFO  volume.VolumeSet (VolumeSet.java:initializeVolumeSet(170)) - Added Volume : /workdir/hadoop-ozone/integration-test/target/test-dir/MiniOzoneClusterImpl-fbf2683a-c8d7-46fa-a564-419916e3e42d/datanode-3/data/containers/hdds to VolumeSet
2019-09-04 10:17:03,768 [main] INFO  volume.ThrottledAsyncChecker (ThrottledAsyncChecker.java:schedule(140)) - Scheduling a check for org.apache.hadoop.ozone.container.common.volume.HddsVolume@4105b1d2
2019-09-04 10:17:03,768 [main] INFO  volume.HddsVolumeChecker (HddsVolumeChecker.java:checkAllVolumes(203)) - Scheduled health check for volume org.apache.hadoop.ozone.container.common.volume.HddsVolume@4105b1d2
2019-09-04 10:17:03,782 [main] INFO  impl.RaftServerProxy (ConfUtils.java:logGet(43)) - raft.rpc.type = GRPC (default)
2019-09-04 10:17:03,782 [main] INFO  grpc.GrpcFactory (GrpcFactory.java:checkPooledByteBufAllocatorUseCacheForAllThreads(45)) - PERFORMANCE WARNING: useCacheForAllThreads is true that may cause Netty to create a lot garbage objects and, as a result, trigger GC.
	It is recommended to disable useCacheForAllThreads by setting -Dorg.apache.ratis.thirdparty.io.netty.allocator.useCacheForAllThreads=false in command line.
2019-09-04 10:17:03,783 [main] INFO  grpc.GrpcConfigKeys$Server (ConfUtils.java:logGet(43)) - raft.grpc.server.port = 0 (default)
2019-09-04 10:17:03,783 [main] INFO  server.GrpcService (ConfUtils.java:logGet(43)) - raft.grpc.message.size.max = 33570816 (custom)
2019-09-04 10:17:03,783 [main] INFO  server.RaftServerConfigKeys (ConfUtils.java:logGet(43)) - raft.server.log.appender.buffer.byte-limit = 33554432 (custom)
2019-09-04 10:17:03,783 [main] INFO  server.GrpcService (ConfUtils.java:logGet(43)) - raft.grpc.flow.control.window = 1MB (=1048576) (default)
2019-09-04 10:17:03,783 [main] INFO  server.RaftServerConfigKeys (ConfUtils.java:logGet(43)) - raft.server.rpc.request.timeout = 3000ms (default)
2019-09-04 10:17:03,784 [main] INFO  server.RaftServerConfigKeys (ConfUtils.java:logGet(43)) - raft.server.storage.dir = [/workdir/hadoop-ozone/integration-test/target/test-dir/MiniOzoneClusterImpl-fbf2683a-c8d7-46fa-a564-419916e3e42d/datanode-3/data/ratis] (custom)
2019-09-04 10:17:03,784 [main] INFO  replication.SimpleContainerDownloader (SimpleContainerDownloader.java:<init>(72)) - Starting container downloader service to copy containers to replicate.
2019-09-04 10:17:03,785 [main] INFO  hdfs.DFSUtil (DFSUtil.java:httpServerTemplateForNNAndJN(1641)) - Starting Web-server for hddsDatanode at: http://0.0.0.0:0
2019-09-04 10:17:03,787 [main] INFO  server.AuthenticationFilter (AuthenticationFilter.java:constructSecretProvider(240)) - Unable to initialize FileSignerSecretProvider, falling back to use random secrets.
2019-09-04 10:17:03,788 [main] WARN  http.HttpRequestLog (HttpRequestLog.java:getRequestLog(97)) - Jetty request log can only be enabled using Log4j
2019-09-04 10:17:03,791 [main] INFO  http.HttpServer2 (HttpServer2.java:addGlobalFilter(975)) - Added global filter 'safety' (class=org.apache.hadoop.http.HttpServer2$QuotingInputFilter)
2019-09-04 10:17:03,792 [main] INFO  http.HttpServer2 (HttpServer2.java:addFilter(948)) - Added filter static_user_filter (class=org.apache.hadoop.http.lib.StaticUserWebFilter$StaticUserFilter) to context hddsDatanode
2019-09-04 10:17:03,792 [main] INFO  http.HttpServer2 (HttpServer2.java:addFilter(958)) - Added filter static_user_filter (class=org.apache.hadoop.http.lib.StaticUserWebFilter$StaticUserFilter) to context logs
2019-09-04 10:17:03,793 [main] INFO  http.HttpServer2 (HttpServer2.java:addFilter(958)) - Added filter static_user_filter (class=org.apache.hadoop.http.lib.StaticUserWebFilter$StaticUserFilter) to context static
2019-09-04 10:17:03,794 [main] INFO  http.HttpServer2 (HttpServer2.java:bindListener(1191)) - Jetty bound to port 35571
2019-09-04 10:17:03,794 [main] INFO  server.Server (Server.java:doStart(351)) - jetty-9.3.24.v20180605, build timestamp: 2018-06-05T17:11:56Z, git hash: 84205aa28f11a4f31f2a3b86d1bba2cc8ab69827
2019-09-04 10:17:03,796 [main] INFO  handler.ContextHandler (ContextHandler.java:doStart(781)) - Started o.e.j.s.ServletContextHandler@8922006{/logs,file:///workdir/hadoop-ozone/integration-test/target/log,AVAILABLE}
2019-09-04 10:17:03,797 [main] INFO  handler.ContextHandler (ContextHandler.java:doStart(781)) - Started o.e.j.s.ServletContextHandler@13cdfd26{/static,jar:file:/home/user/.m2/repository/org/apache/hadoop/hadoop-hdds-container-service/0.5.0-SNAPSHOT/hadoop-hdds-container-service-0.5.0-SNAPSHOT.jar!/webapps/static,AVAILABLE}
2019-09-04 10:17:03,845 [main] INFO  handler.ContextHandler (ContextHandler.java:doStart(781)) - Started o.e.j.w.WebAppContext@3e9afede{/,file:///tmp/jetty-0.0.0.0-35571-hddsDatanode-_-any-7470187159816185860.dir/webapp/,AVAILABLE}{/hddsDatanode}
2019-09-04 10:17:03,845 [main] INFO  server.AbstractConnector (AbstractConnector.java:doStart(278)) - Started ServerConnector@5ea036c3{HTTP/1.1,[http/1.1]}{0.0.0.0:35571}
2019-09-04 10:17:03,847 [main] INFO  server.Server (Server.java:doStart(419)) - Started @673171ms
2019-09-04 10:17:03,849 [main] INFO  server.BaseHttpServer (BaseHttpServer.java:updateConnectorAddress(213)) - HTTP server of HDDSDATANODE is listening at http://0.0.0.0:35571
2019-09-04 10:17:04,014 | INFO  | ObjectStoreRestHttpServer | Listening HDDS REST traffic on /0.0.0.0:43732 |  
2019-09-04 10:17:04,014 [main] INFO  ozone.HddsDatanodeService (HddsDatanodeService.java:startPlugins(395)) - Started plug-in org.apache.hadoop.ozone.web.OzoneHddsDatanodeService@3d2162c5
2019-09-04 10:17:04,015 [main] INFO  impl.MetricsSystemImpl (MetricsSystemImpl.java:init(158)) - HddsDatanode metrics system started (again)
2019-09-04 10:17:04,021 [org.apache.hadoop.util.JvmPauseMonitor$Monitor@756aae3d] INFO  util.JvmPauseMonitor (JvmPauseMonitor.java:run(188)) - Starting JVM pause monitor
2019-09-04 10:17:04,021 [main] INFO  ozone.HddsDatanodeService (HddsDatanodeService.java:start(184)) - HddsDatanodeService host:pr-hdds-1569-fjd24-125839774 ip:192.168.36.67
2019-09-04 10:17:04,022 [Datanode State Machine Thread - 0] INFO  datanode.InitDatanodeState (InitDatanodeState.java:persistContainerDatanodeDetails(140)) - DatanodeDetails is persisted to /workdir/hadoop-ozone/integration-test/target/test-dir/MiniOzoneClusterImpl-fbf2683a-c8d7-46fa-a564-419916e3e42d/datanode-3/meta/datanode.id
2019-09-04 10:17:04,033 [main] INFO  volume.HddsVolume (HddsVolume.java:<init>(176)) - Creating Volume: /workdir/hadoop-ozone/integration-test/target/test-dir/MiniOzoneClusterImpl-fbf2683a-c8d7-46fa-a564-419916e3e42d/datanode-4/data/containers/hdds of  storage type : DISK and capacity : 1482555576320
2019-09-04 10:17:04,034 [main] INFO  volume.VolumeSet (VolumeSet.java:initializeVolumeSet(170)) - Added Volume : /workdir/hadoop-ozone/integration-test/target/test-dir/MiniOzoneClusterImpl-fbf2683a-c8d7-46fa-a564-419916e3e42d/datanode-4/data/containers/hdds to VolumeSet
2019-09-04 10:17:04,034 [main] INFO  volume.ThrottledAsyncChecker (ThrottledAsyncChecker.java:schedule(140)) - Scheduling a check for org.apache.hadoop.ozone.container.common.volume.HddsVolume@30396acf
2019-09-04 10:17:04,034 [main] INFO  volume.HddsVolumeChecker (HddsVolumeChecker.java:checkAllVolumes(203)) - Scheduled health check for volume org.apache.hadoop.ozone.container.common.volume.HddsVolume@30396acf
2019-09-04 10:17:04,051 [main] INFO  impl.RaftServerProxy (ConfUtils.java:logGet(43)) - raft.rpc.type = GRPC (default)
2019-09-04 10:17:04,052 [main] INFO  grpc.GrpcFactory (GrpcFactory.java:checkPooledByteBufAllocatorUseCacheForAllThreads(45)) - PERFORMANCE WARNING: useCacheForAllThreads is true that may cause Netty to create a lot garbage objects and, as a result, trigger GC.
	It is recommended to disable useCacheForAllThreads by setting -Dorg.apache.ratis.thirdparty.io.netty.allocator.useCacheForAllThreads=false in command line.
2019-09-04 10:17:04,052 [main] INFO  grpc.GrpcConfigKeys$Server (ConfUtils.java:logGet(43)) - raft.grpc.server.port = 0 (default)
2019-09-04 10:17:04,052 [main] INFO  server.GrpcService (ConfUtils.java:logGet(43)) - raft.grpc.message.size.max = 33570816 (custom)
2019-09-04 10:17:04,052 [main] INFO  server.RaftServerConfigKeys (ConfUtils.java:logGet(43)) - raft.server.log.appender.buffer.byte-limit = 33554432 (custom)
2019-09-04 10:17:04,052 [main] INFO  server.GrpcService (ConfUtils.java:logGet(43)) - raft.grpc.flow.control.window = 1MB (=1048576) (default)
2019-09-04 10:17:04,053 [main] INFO  server.RaftServerConfigKeys (ConfUtils.java:logGet(43)) - raft.server.rpc.request.timeout = 3000ms (default)
2019-09-04 10:17:04,053 [main] INFO  server.RaftServerConfigKeys (ConfUtils.java:logGet(43)) - raft.server.storage.dir = [/workdir/hadoop-ozone/integration-test/target/test-dir/MiniOzoneClusterImpl-fbf2683a-c8d7-46fa-a564-419916e3e42d/datanode-4/data/ratis] (custom)
2019-09-04 10:17:04,053 [main] INFO  replication.SimpleContainerDownloader (SimpleContainerDownloader.java:<init>(72)) - Starting container downloader service to copy containers to replicate.
2019-09-04 10:17:04,054 [main] INFO  hdfs.DFSUtil (DFSUtil.java:httpServerTemplateForNNAndJN(1641)) - Starting Web-server for hddsDatanode at: http://0.0.0.0:0
2019-09-04 10:17:04,056 [main] INFO  server.AuthenticationFilter (AuthenticationFilter.java:constructSecretProvider(240)) - Unable to initialize FileSignerSecretProvider, falling back to use random secrets.
2019-09-04 10:17:04,056 [main] WARN  http.HttpRequestLog (HttpRequestLog.java:getRequestLog(97)) - Jetty request log can only be enabled using Log4j
2019-09-04 10:17:04,057 [main] INFO  http.HttpServer2 (HttpServer2.java:addGlobalFilter(975)) - Added global filter 'safety' (class=org.apache.hadoop.http.HttpServer2$QuotingInputFilter)
2019-09-04 10:17:04,058 [main] INFO  http.HttpServer2 (HttpServer2.java:addFilter(948)) - Added filter static_user_filter (class=org.apache.hadoop.http.lib.StaticUserWebFilter$StaticUserFilter) to context hddsDatanode
2019-09-04 10:17:04,058 [main] INFO  http.HttpServer2 (HttpServer2.java:addFilter(958)) - Added filter static_user_filter (class=org.apache.hadoop.http.lib.StaticUserWebFilter$StaticUserFilter) to context logs
2019-09-04 10:17:04,058 [main] INFO  http.HttpServer2 (HttpServer2.java:addFilter(958)) - Added filter static_user_filter (class=org.apache.hadoop.http.lib.StaticUserWebFilter$StaticUserFilter) to context static
2019-09-04 10:17:04,059 [main] INFO  http.HttpServer2 (HttpServer2.java:bindListener(1191)) - Jetty bound to port 37717
2019-09-04 10:17:04,059 [main] INFO  server.Server (Server.java:doStart(351)) - jetty-9.3.24.v20180605, build timestamp: 2018-06-05T17:11:56Z, git hash: 84205aa28f11a4f31f2a3b86d1bba2cc8ab69827
2019-09-04 10:17:04,060 [main] INFO  handler.ContextHandler (ContextHandler.java:doStart(781)) - Started o.e.j.s.ServletContextHandler@7dc155b3{/logs,file:///workdir/hadoop-ozone/integration-test/target/log,AVAILABLE}
2019-09-04 10:17:04,061 [main] INFO  handler.ContextHandler (ContextHandler.java:doStart(781)) - Started o.e.j.s.ServletContextHandler@7065ae93{/static,jar:file:/home/user/.m2/repository/org/apache/hadoop/hadoop-hdds-container-service/0.5.0-SNAPSHOT/hadoop-hdds-container-service-0.5.0-SNAPSHOT.jar!/webapps/static,AVAILABLE}
2019-09-04 10:17:04,088 [main] INFO  handler.ContextHandler (ContextHandler.java:doStart(781)) - Started o.e.j.w.WebAppContext@faa70af{/,file:///tmp/jetty-0.0.0.0-37717-hddsDatanode-_-any-3015863542263206841.dir/webapp/,AVAILABLE}{/hddsDatanode}
2019-09-04 10:17:04,089 [main] INFO  server.AbstractConnector (AbstractConnector.java:doStart(278)) - Started ServerConnector@14aeb8e6{HTTP/1.1,[http/1.1]}{0.0.0.0:37717}
2019-09-04 10:17:04,091 [main] INFO  server.Server (Server.java:doStart(419)) - Started @673414ms
2019-09-04 10:17:04,091 [main] INFO  server.BaseHttpServer (BaseHttpServer.java:updateConnectorAddress(213)) - HTTP server of HDDSDATANODE is listening at http://0.0.0.0:37717
2019-09-04 10:17:04,508 | INFO  | ObjectStoreRestHttpServer | Listening HDDS REST traffic on /0.0.0.0:36500 |  
2019-09-04 10:17:04,508 [main] INFO  ozone.HddsDatanodeService (HddsDatanodeService.java:startPlugins(395)) - Started plug-in org.apache.hadoop.ozone.web.OzoneHddsDatanodeService@130f8e03
2019-09-04 10:17:04,509 [main] INFO  impl.MetricsSystemImpl (MetricsSystemImpl.java:init(158)) - HddsDatanode metrics system started (again)
2019-09-04 10:17:04,515 [org.apache.hadoop.util.JvmPauseMonitor$Monitor@76f9e91c] INFO  util.JvmPauseMonitor (JvmPauseMonitor.java:run(188)) - Starting JVM pause monitor
2019-09-04 10:17:04,515 [main] INFO  ozone.HddsDatanodeService (HddsDatanodeService.java:start(184)) - HddsDatanodeService host:pr-hdds-1569-fjd24-125839774 ip:192.168.36.67
2019-09-04 10:17:04,516 [Datanode State Machine Thread - 0] INFO  datanode.InitDatanodeState (InitDatanodeState.java:persistContainerDatanodeDetails(140)) - DatanodeDetails is persisted to /workdir/hadoop-ozone/integration-test/target/test-dir/MiniOzoneClusterImpl-fbf2683a-c8d7-46fa-a564-419916e3e42d/datanode-4/meta/datanode.id
2019-09-04 10:17:04,528 [main] INFO  volume.HddsVolume (HddsVolume.java:<init>(176)) - Creating Volume: /workdir/hadoop-ozone/integration-test/target/test-dir/MiniOzoneClusterImpl-fbf2683a-c8d7-46fa-a564-419916e3e42d/datanode-5/data/containers/hdds of  storage type : DISK and capacity : 1482555576320
2019-09-04 10:17:04,528 [main] INFO  volume.VolumeSet (VolumeSet.java:initializeVolumeSet(170)) - Added Volume : /workdir/hadoop-ozone/integration-test/target/test-dir/MiniOzoneClusterImpl-fbf2683a-c8d7-46fa-a564-419916e3e42d/datanode-5/data/containers/hdds to VolumeSet
2019-09-04 10:17:04,528 [main] INFO  volume.ThrottledAsyncChecker (ThrottledAsyncChecker.java:schedule(140)) - Scheduling a check for org.apache.hadoop.ozone.container.common.volume.HddsVolume@18c49ecb
2019-09-04 10:17:04,529 [main] INFO  volume.HddsVolumeChecker (HddsVolumeChecker.java:checkAllVolumes(203)) - Scheduled health check for volume org.apache.hadoop.ozone.container.common.volume.HddsVolume@18c49ecb
2019-09-04 10:17:04,550 [main] INFO  impl.RaftServerProxy (ConfUtils.java:logGet(43)) - raft.rpc.type = GRPC (default)
2019-09-04 10:17:04,550 [main] INFO  grpc.GrpcFactory (GrpcFactory.java:checkPooledByteBufAllocatorUseCacheForAllThreads(45)) - PERFORMANCE WARNING: useCacheForAllThreads is true that may cause Netty to create a lot garbage objects and, as a result, trigger GC.
	It is recommended to disable useCacheForAllThreads by setting -Dorg.apache.ratis.thirdparty.io.netty.allocator.useCacheForAllThreads=false in command line.
2019-09-04 10:17:04,550 [main] INFO  grpc.GrpcConfigKeys$Server (ConfUtils.java:logGet(43)) - raft.grpc.server.port = 0 (default)
2019-09-04 10:17:04,551 [main] INFO  server.GrpcService (ConfUtils.java:logGet(43)) - raft.grpc.message.size.max = 33570816 (custom)
2019-09-04 10:17:04,551 [main] INFO  server.RaftServerConfigKeys (ConfUtils.java:logGet(43)) - raft.server.log.appender.buffer.byte-limit = 33554432 (custom)
2019-09-04 10:17:04,551 [main] INFO  server.GrpcService (ConfUtils.java:logGet(43)) - raft.grpc.flow.control.window = 1MB (=1048576) (default)
2019-09-04 10:17:04,551 [main] INFO  server.RaftServerConfigKeys (ConfUtils.java:logGet(43)) - raft.server.rpc.request.timeout = 3000ms (default)
2019-09-04 10:17:04,552 [main] INFO  server.RaftServerConfigKeys (ConfUtils.java:logGet(43)) - raft.server.storage.dir = [/workdir/hadoop-ozone/integration-test/target/test-dir/MiniOzoneClusterImpl-fbf2683a-c8d7-46fa-a564-419916e3e42d/datanode-5/data/ratis] (custom)
2019-09-04 10:17:04,552 [main] INFO  replication.SimpleContainerDownloader (SimpleContainerDownloader.java:<init>(72)) - Starting container downloader service to copy containers to replicate.
2019-09-04 10:17:04,553 [main] INFO  hdfs.DFSUtil (DFSUtil.java:httpServerTemplateForNNAndJN(1641)) - Starting Web-server for hddsDatanode at: http://0.0.0.0:0
2019-09-04 10:17:04,555 [main] INFO  server.AuthenticationFilter (AuthenticationFilter.java:constructSecretProvider(240)) - Unable to initialize FileSignerSecretProvider, falling back to use random secrets.
2019-09-04 10:17:04,556 [main] WARN  http.HttpRequestLog (HttpRequestLog.java:getRequestLog(97)) - Jetty request log can only be enabled using Log4j
2019-09-04 10:17:04,558 [main] INFO  http.HttpServer2 (HttpServer2.java:addGlobalFilter(975)) - Added global filter 'safety' (class=org.apache.hadoop.http.HttpServer2$QuotingInputFilter)
2019-09-04 10:17:04,558 [main] INFO  http.HttpServer2 (HttpServer2.java:addFilter(948)) - Added filter static_user_filter (class=org.apache.hadoop.http.lib.StaticUserWebFilter$StaticUserFilter) to context hddsDatanode
2019-09-04 10:17:04,559 [main] INFO  http.HttpServer2 (HttpServer2.java:addFilter(958)) - Added filter static_user_filter (class=org.apache.hadoop.http.lib.StaticUserWebFilter$StaticUserFilter) to context logs
2019-09-04 10:17:04,559 [main] INFO  http.HttpServer2 (HttpServer2.java:addFilter(958)) - Added filter static_user_filter (class=org.apache.hadoop.http.lib.StaticUserWebFilter$StaticUserFilter) to context static
2019-09-04 10:17:04,560 [main] INFO  http.HttpServer2 (HttpServer2.java:bindListener(1191)) - Jetty bound to port 41488
2019-09-04 10:17:04,560 [main] INFO  server.Server (Server.java:doStart(351)) - jetty-9.3.24.v20180605, build timestamp: 2018-06-05T17:11:56Z, git hash: 84205aa28f11a4f31f2a3b86d1bba2cc8ab69827
2019-09-04 10:17:04,562 [main] INFO  handler.ContextHandler (ContextHandler.java:doStart(781)) - Started o.e.j.s.ServletContextHandler@13bea51d{/logs,file:///workdir/hadoop-ozone/integration-test/target/log,AVAILABLE}
2019-09-04 10:17:04,563 [main] INFO  handler.ContextHandler (ContextHandler.java:doStart(781)) - Started o.e.j.s.ServletContextHandler@14c16388{/static,jar:file:/home/user/.m2/repository/org/apache/hadoop/hadoop-hdds-container-service/0.5.0-SNAPSHOT/hadoop-hdds-container-service-0.5.0-SNAPSHOT.jar!/webapps/static,AVAILABLE}
2019-09-04 10:17:04,606 [main] INFO  handler.ContextHandler (ContextHandler.java:doStart(781)) - Started o.e.j.w.WebAppContext@2a8b1e67{/,file:///tmp/jetty-0.0.0.0-41488-hddsDatanode-_-any-2258866547841699872.dir/webapp/,AVAILABLE}{/hddsDatanode}
2019-09-04 10:17:04,606 [main] INFO  server.AbstractConnector (AbstractConnector.java:doStart(278)) - Started ServerConnector@22e94cf2{HTTP/1.1,[http/1.1]}{0.0.0.0:41488}
2019-09-04 10:17:04,609 [main] INFO  server.Server (Server.java:doStart(419)) - Started @673932ms
2019-09-04 10:17:04,610 [main] INFO  server.BaseHttpServer (BaseHttpServer.java:updateConnectorAddress(213)) - HTTP server of HDDSDATANODE is listening at http://0.0.0.0:41488
2019-09-04 10:17:04,759 | INFO  | ObjectStoreRestHttpServer | Listening HDDS REST traffic on /0.0.0.0:41825 |  
2019-09-04 10:17:04,759 [main] INFO  ozone.HddsDatanodeService (HddsDatanodeService.java:startPlugins(395)) - Started plug-in org.apache.hadoop.ozone.web.OzoneHddsDatanodeService@38f553d0
2019-09-04 10:17:04,759 [main] INFO  impl.MetricsSystemImpl (MetricsSystemImpl.java:init(158)) - HddsDatanode metrics system started (again)
2019-09-04 10:17:04,765 [org.apache.hadoop.util.JvmPauseMonitor$Monitor@5248a839] INFO  util.JvmPauseMonitor (JvmPauseMonitor.java:run(188)) - Starting JVM pause monitor
2019-09-04 10:17:04,765 [main] INFO  ozone.HddsDatanodeService (HddsDatanodeService.java:start(184)) - HddsDatanodeService host:pr-hdds-1569-fjd24-125839774 ip:192.168.36.67
2019-09-04 10:17:04,766 [Datanode State Machine Thread - 0] INFO  datanode.InitDatanodeState (InitDatanodeState.java:persistContainerDatanodeDetails(140)) - DatanodeDetails is persisted to /workdir/hadoop-ozone/integration-test/target/test-dir/MiniOzoneClusterImpl-fbf2683a-c8d7-46fa-a564-419916e3e42d/datanode-5/meta/datanode.id
2019-09-04 10:17:04,776 [main] INFO  volume.HddsVolume (HddsVolume.java:<init>(176)) - Creating Volume: /workdir/hadoop-ozone/integration-test/target/test-dir/MiniOzoneClusterImpl-fbf2683a-c8d7-46fa-a564-419916e3e42d/datanode-6/data/containers/hdds of  storage type : DISK and capacity : 1482555576320
2019-09-04 10:17:04,776 [main] INFO  volume.VolumeSet (VolumeSet.java:initializeVolumeSet(170)) - Added Volume : /workdir/hadoop-ozone/integration-test/target/test-dir/MiniOzoneClusterImpl-fbf2683a-c8d7-46fa-a564-419916e3e42d/datanode-6/data/containers/hdds to VolumeSet
2019-09-04 10:17:04,776 [main] INFO  volume.ThrottledAsyncChecker (ThrottledAsyncChecker.java:schedule(140)) - Scheduling a check for org.apache.hadoop.ozone.container.common.volume.HddsVolume@1ec53257
2019-09-04 10:17:04,777 [main] INFO  volume.HddsVolumeChecker (HddsVolumeChecker.java:checkAllVolumes(203)) - Scheduled health check for volume org.apache.hadoop.ozone.container.common.volume.HddsVolume@1ec53257
2019-09-04 10:17:04,794 [main] INFO  impl.RaftServerProxy (ConfUtils.java:logGet(43)) - raft.rpc.type = GRPC (default)
2019-09-04 10:17:04,794 [main] INFO  grpc.GrpcFactory (GrpcFactory.java:checkPooledByteBufAllocatorUseCacheForAllThreads(45)) - PERFORMANCE WARNING: useCacheForAllThreads is true that may cause Netty to create a lot garbage objects and, as a result, trigger GC.
	It is recommended to disable useCacheForAllThreads by setting -Dorg.apache.ratis.thirdparty.io.netty.allocator.useCacheForAllThreads=false in command line.
2019-09-04 10:17:04,794 [main] INFO  grpc.GrpcConfigKeys$Server (ConfUtils.java:logGet(43)) - raft.grpc.server.port = 0 (default)
2019-09-04 10:17:04,794 [main] INFO  server.GrpcService (ConfUtils.java:logGet(43)) - raft.grpc.message.size.max = 33570816 (custom)
2019-09-04 10:17:04,794 [main] INFO  server.RaftServerConfigKeys (ConfUtils.java:logGet(43)) - raft.server.log.appender.buffer.byte-limit = 33554432 (custom)
2019-09-04 10:17:04,795 [main] INFO  server.GrpcService (ConfUtils.java:logGet(43)) - raft.grpc.flow.control.window = 1MB (=1048576) (default)
2019-09-04 10:17:04,795 [main] INFO  server.RaftServerConfigKeys (ConfUtils.java:logGet(43)) - raft.server.rpc.request.timeout = 3000ms (default)
2019-09-04 10:17:04,795 [main] INFO  server.RaftServerConfigKeys (ConfUtils.java:logGet(43)) - raft.server.storage.dir = [/workdir/hadoop-ozone/integration-test/target/test-dir/MiniOzoneClusterImpl-fbf2683a-c8d7-46fa-a564-419916e3e42d/datanode-6/data/ratis] (custom)
2019-09-04 10:17:04,796 [main] INFO  replication.SimpleContainerDownloader (SimpleContainerDownloader.java:<init>(72)) - Starting container downloader service to copy containers to replicate.
2019-09-04 10:17:04,796 [main] INFO  hdfs.DFSUtil (DFSUtil.java:httpServerTemplateForNNAndJN(1641)) - Starting Web-server for hddsDatanode at: http://0.0.0.0:0
2019-09-04 10:17:04,798 [main] INFO  server.AuthenticationFilter (AuthenticationFilter.java:constructSecretProvider(240)) - Unable to initialize FileSignerSecretProvider, falling back to use random secrets.
2019-09-04 10:17:04,798 [main] WARN  http.HttpRequestLog (HttpRequestLog.java:getRequestLog(97)) - Jetty request log can only be enabled using Log4j
2019-09-04 10:17:04,799 [main] INFO  http.HttpServer2 (HttpServer2.java:addGlobalFilter(975)) - Added global filter 'safety' (class=org.apache.hadoop.http.HttpServer2$QuotingInputFilter)
2019-09-04 10:17:04,800 [main] INFO  http.HttpServer2 (HttpServer2.java:addFilter(948)) - Added filter static_user_filter (class=org.apache.hadoop.http.lib.StaticUserWebFilter$StaticUserFilter) to context hddsDatanode
2019-09-04 10:17:04,800 [main] INFO  http.HttpServer2 (HttpServer2.java:addFilter(958)) - Added filter static_user_filter (class=org.apache.hadoop.http.lib.StaticUserWebFilter$StaticUserFilter) to context static
2019-09-04 10:17:04,800 [main] INFO  http.HttpServer2 (HttpServer2.java:addFilter(958)) - Added filter static_user_filter (class=org.apache.hadoop.http.lib.StaticUserWebFilter$StaticUserFilter) to context logs
2019-09-04 10:17:04,801 [main] INFO  http.HttpServer2 (HttpServer2.java:bindListener(1191)) - Jetty bound to port 42581
2019-09-04 10:17:04,801 [main] INFO  server.Server (Server.java:doStart(351)) - jetty-9.3.24.v20180605, build timestamp: 2018-06-05T17:11:56Z, git hash: 84205aa28f11a4f31f2a3b86d1bba2cc8ab69827
2019-09-04 10:17:04,802 [main] INFO  handler.ContextHandler (ContextHandler.java:doStart(781)) - Started o.e.j.s.ServletContextHandler@59d0f14b{/logs,file:///workdir/hadoop-ozone/integration-test/target/log,AVAILABLE}
2019-09-04 10:17:04,803 [main] INFO  handler.ContextHandler (ContextHandler.java:doStart(781)) - Started o.e.j.s.ServletContextHandler@2390a185{/static,jar:file:/home/user/.m2/repository/org/apache/hadoop/hadoop-hdds-container-service/0.5.0-SNAPSHOT/hadoop-hdds-container-service-0.5.0-SNAPSHOT.jar!/webapps/static,AVAILABLE}
2019-09-04 10:17:04,830 [main] INFO  handler.ContextHandler (ContextHandler.java:doStart(781)) - Started o.e.j.w.WebAppContext@1020407c{/,file:///tmp/jetty-0.0.0.0-42581-hddsDatanode-_-any-6949861938389479893.dir/webapp/,AVAILABLE}{/hddsDatanode}
2019-09-04 10:17:04,830 [main] INFO  server.AbstractConnector (AbstractConnector.java:doStart(278)) - Started ServerConnector@53d87c9{HTTP/1.1,[http/1.1]}{0.0.0.0:42581}
2019-09-04 10:17:04,832 [main] INFO  server.Server (Server.java:doStart(419)) - Started @674155ms
2019-09-04 10:17:04,832 [main] INFO  server.BaseHttpServer (BaseHttpServer.java:updateConnectorAddress(213)) - HTTP server of HDDSDATANODE is listening at http://0.0.0.0:42581
2019-09-04 10:17:04,956 | INFO  | ObjectStoreRestHttpServer | Listening HDDS REST traffic on /0.0.0.0:44458 |  
2019-09-04 10:17:04,956 [main] INFO  ozone.HddsDatanodeService (HddsDatanodeService.java:startPlugins(395)) - Started plug-in org.apache.hadoop.ozone.web.OzoneHddsDatanodeService@5a30ab46
2019-09-04 10:17:04,957 [main] INFO  ozone.MiniOzoneClusterImpl (MiniOzoneClusterImpl.java:lambda$waitForClusterToBeReady$0(142)) - Waiting for cluster to be ready. Got 0 of 7 DN Heartbeats.
2019-09-04 10:17:04,957 [org.apache.hadoop.util.JvmPauseMonitor$Monitor@2fc43f16] INFO  util.JvmPauseMonitor (JvmPauseMonitor.java:run(188)) - Starting JVM pause monitor
2019-09-04 10:17:04,959 [Datanode State Machine Thread - 0] INFO  datanode.InitDatanodeState (InitDatanodeState.java:persistContainerDatanodeDetails(140)) - DatanodeDetails is persisted to /workdir/hadoop-ozone/integration-test/target/test-dir/MiniOzoneClusterImpl-fbf2683a-c8d7-46fa-a564-419916e3e42d/datanode-6/meta/datanode.id
2019-09-04 10:17:05,300 | INFO  | SCMAudit | user=jenkins1000 | ip=192.168.36.67 | op=GET_VERSION null | ret=SUCCESS |  
2019-09-04 10:17:05,316 [Datanode State Machine Thread - 0] INFO  ozoneimpl.OzoneContainer (OzoneContainer.java:start(186)) - Attempting to start container services.
2019-09-04 10:17:05,316 [Datanode State Machine Thread - 0] INFO  ozoneimpl.OzoneContainer (OzoneContainer.java:startContainerScrub(160)) - Background container scrubber has been disabled by hdds.containerscrub.enabled
2019-09-04 10:17:05,316 [Datanode State Machine Thread - 0] INFO  ratis.XceiverServerRatis (XceiverServerRatis.java:start(404)) - Starting XceiverServerRatis 5a7a11a7-685d-4dd4-88fb-b8c69093e530 at port 0
2019-09-04 10:17:05,321 [Datanode State Machine Thread - 0] INFO  impl.RaftServerProxy (RaftServerProxy.java:lambda$start$3(299)) - 5a7a11a7-685d-4dd4-88fb-b8c69093e530: start RPC server
2019-09-04 10:17:05,323 [Datanode State Machine Thread - 0] INFO  server.GrpcService (GrpcService.java:startImpl(149)) - 5a7a11a7-685d-4dd4-88fb-b8c69093e530: GrpcService started, listening on 0.0.0.0/0.0.0.0:45284
2019-09-04 10:17:05,323 [Datanode State Machine Thread - 0] INFO  ratis.XceiverServerRatis (XceiverServerRatis.java:start(414)) - XceiverServerRatis 5a7a11a7-685d-4dd4-88fb-b8c69093e530 is started using port 45284
2019-09-04 10:17:05,323 [Datanode State Machine Thread - 0] INFO  server.XceiverServerGrpc (XceiverServerGrpc.java:start(163)) - XceiverServerGrpc 5a7a11a7-685d-4dd4-88fb-b8c69093e530 is started using port 38353
2019-09-04 10:17:05,539 | INFO  | SCMAudit | user=jenkins1000 | ip=192.168.36.67 | op=GET_VERSION null | ret=SUCCESS |  
2019-09-04 10:17:05,555 [Datanode State Machine Thread - 0] INFO  ozoneimpl.OzoneContainer (OzoneContainer.java:start(186)) - Attempting to start container services.
2019-09-04 10:17:05,555 [Datanode State Machine Thread - 0] INFO  ozoneimpl.OzoneContainer (OzoneContainer.java:startContainerScrub(160)) - Background container scrubber has been disabled by hdds.containerscrub.enabled
2019-09-04 10:17:05,555 [Datanode State Machine Thread - 0] INFO  ratis.XceiverServerRatis (XceiverServerRatis.java:start(404)) - Starting XceiverServerRatis 47c468d8-6fe5-4042-9a7f-b5fec722af60 at port 0
2019-09-04 10:17:05,561 [Datanode State Machine Thread - 0] INFO  impl.RaftServerProxy (RaftServerProxy.java:lambda$start$3(299)) - 47c468d8-6fe5-4042-9a7f-b5fec722af60: start RPC server
2019-09-04 10:17:05,562 [Datanode State Machine Thread - 0] INFO  server.GrpcService (GrpcService.java:startImpl(149)) - 47c468d8-6fe5-4042-9a7f-b5fec722af60: GrpcService started, listening on 0.0.0.0/0.0.0.0:36722
2019-09-04 10:17:05,562 [Datanode State Machine Thread - 0] INFO  ratis.XceiverServerRatis (XceiverServerRatis.java:start(414)) - XceiverServerRatis 47c468d8-6fe5-4042-9a7f-b5fec722af60 is started using port 36722
2019-09-04 10:17:05,562 [Datanode State Machine Thread - 0] INFO  server.XceiverServerGrpc (XceiverServerGrpc.java:start(163)) - XceiverServerGrpc 47c468d8-6fe5-4042-9a7f-b5fec722af60 is started using port 37832
2019-09-04 10:17:05,757 | INFO  | SCMAudit | user=jenkins1000 | ip=192.168.36.67 | op=GET_VERSION null | ret=SUCCESS |  
2019-09-04 10:17:05,770 [Datanode State Machine Thread - 0] INFO  ozoneimpl.OzoneContainer (OzoneContainer.java:start(186)) - Attempting to start container services.
2019-09-04 10:17:05,770 [Datanode State Machine Thread - 0] INFO  ozoneimpl.OzoneContainer (OzoneContainer.java:startContainerScrub(160)) - Background container scrubber has been disabled by hdds.containerscrub.enabled
2019-09-04 10:17:05,770 [Datanode State Machine Thread - 0] INFO  ratis.XceiverServerRatis (XceiverServerRatis.java:start(404)) - Starting XceiverServerRatis 8ef0ae79-a58d-4d32-ad9c-cca36b501167 at port 0
2019-09-04 10:17:05,777 [Datanode State Machine Thread - 0] INFO  impl.RaftServerProxy (RaftServerProxy.java:lambda$start$3(299)) - 8ef0ae79-a58d-4d32-ad9c-cca36b501167: start RPC server
2019-09-04 10:17:05,778 [Datanode State Machine Thread - 0] INFO  server.GrpcService (GrpcService.java:startImpl(149)) - 8ef0ae79-a58d-4d32-ad9c-cca36b501167: GrpcService started, listening on 0.0.0.0/0.0.0.0:36919
2019-09-04 10:17:05,778 [Datanode State Machine Thread - 0] INFO  ratis.XceiverServerRatis (XceiverServerRatis.java:start(414)) - XceiverServerRatis 8ef0ae79-a58d-4d32-ad9c-cca36b501167 is started using port 36919
2019-09-04 10:17:05,788 [Datanode State Machine Thread - 0] INFO  server.XceiverServerGrpc (XceiverServerGrpc.java:start(163)) - XceiverServerGrpc 8ef0ae79-a58d-4d32-ad9c-cca36b501167 is started using port 39476
2019-09-04 10:17:05,957 [main] INFO  ozone.MiniOzoneClusterImpl (MiniOzoneClusterImpl.java:lambda$waitForClusterToBeReady$0(142)) - Waiting for cluster to be ready. Got 0 of 7 DN Heartbeats.
2019-09-04 10:17:06,022 | INFO  | SCMAudit | user=jenkins1000 | ip=192.168.36.67 | op=GET_VERSION null | ret=SUCCESS |  
2019-09-04 10:17:06,044 [Datanode State Machine Thread - 0] INFO  ozoneimpl.OzoneContainer (OzoneContainer.java:start(186)) - Attempting to start container services.
2019-09-04 10:17:06,044 [Datanode State Machine Thread - 0] INFO  ozoneimpl.OzoneContainer (OzoneContainer.java:startContainerScrub(160)) - Background container scrubber has been disabled by hdds.containerscrub.enabled
2019-09-04 10:17:06,044 [Datanode State Machine Thread - 0] INFO  ratis.XceiverServerRatis (XceiverServerRatis.java:start(404)) - Starting XceiverServerRatis a8339521-9748-4b3f-93ce-dabf586a78fe at port 0
2019-09-04 10:17:06,050 [Datanode State Machine Thread - 0] INFO  impl.RaftServerProxy (RaftServerProxy.java:lambda$start$3(299)) - a8339521-9748-4b3f-93ce-dabf586a78fe: start RPC server
2019-09-04 10:17:06,051 [Datanode State Machine Thread - 0] INFO  server.GrpcService (GrpcService.java:startImpl(149)) - a8339521-9748-4b3f-93ce-dabf586a78fe: GrpcService started, listening on 0.0.0.0/0.0.0.0:44312
2019-09-04 10:17:06,051 [Datanode State Machine Thread - 0] INFO  ratis.XceiverServerRatis (XceiverServerRatis.java:start(414)) - XceiverServerRatis a8339521-9748-4b3f-93ce-dabf586a78fe is started using port 44312
2019-09-04 10:17:06,052 [Datanode State Machine Thread - 0] INFO  server.XceiverServerGrpc (XceiverServerGrpc.java:start(163)) - XceiverServerGrpc a8339521-9748-4b3f-93ce-dabf586a78fe is started using port 36012
2019-09-04 10:17:06,515 | INFO  | SCMAudit | user=jenkins1000 | ip=192.168.36.67 | op=GET_VERSION null | ret=SUCCESS |  
2019-09-04 10:17:06,529 [Datanode State Machine Thread - 0] INFO  ozoneimpl.OzoneContainer (OzoneContainer.java:start(186)) - Attempting to start container services.
2019-09-04 10:17:06,529 [Datanode State Machine Thread - 0] INFO  ozoneimpl.OzoneContainer (OzoneContainer.java:startContainerScrub(160)) - Background container scrubber has been disabled by hdds.containerscrub.enabled
2019-09-04 10:17:06,529 [Datanode State Machine Thread - 0] INFO  ratis.XceiverServerRatis (XceiverServerRatis.java:start(404)) - Starting XceiverServerRatis adc7ce4f-a574-4e1f-927c-4aeedb5bfc3b at port 0
2019-09-04 10:17:06,534 [Datanode State Machine Thread - 0] INFO  impl.RaftServerProxy (RaftServerProxy.java:lambda$start$3(299)) - adc7ce4f-a574-4e1f-927c-4aeedb5bfc3b: start RPC server
2019-09-04 10:17:06,535 [Datanode State Machine Thread - 0] INFO  server.GrpcService (GrpcService.java:startImpl(149)) - adc7ce4f-a574-4e1f-927c-4aeedb5bfc3b: GrpcService started, listening on 0.0.0.0/0.0.0.0:38067
2019-09-04 10:17:06,535 [Datanode State Machine Thread - 0] INFO  ratis.XceiverServerRatis (XceiverServerRatis.java:start(414)) - XceiverServerRatis adc7ce4f-a574-4e1f-927c-4aeedb5bfc3b is started using port 38067
2019-09-04 10:17:06,538 [Datanode State Machine Thread - 0] INFO  server.XceiverServerGrpc (XceiverServerGrpc.java:start(163)) - XceiverServerGrpc adc7ce4f-a574-4e1f-927c-4aeedb5bfc3b is started using port 40436
2019-09-04 10:17:06,766 | INFO  | SCMAudit | user=jenkins1000 | ip=192.168.36.67 | op=GET_VERSION null | ret=SUCCESS |  
2019-09-04 10:17:06,782 [Datanode State Machine Thread - 0] INFO  ozoneimpl.OzoneContainer (OzoneContainer.java:start(186)) - Attempting to start container services.
2019-09-04 10:17:06,783 [Datanode State Machine Thread - 0] INFO  ozoneimpl.OzoneContainer (OzoneContainer.java:startContainerScrub(160)) - Background container scrubber has been disabled by hdds.containerscrub.enabled
2019-09-04 10:17:06,783 [Datanode State Machine Thread - 0] INFO  ratis.XceiverServerRatis (XceiverServerRatis.java:start(404)) - Starting XceiverServerRatis d2bc92ad-7d78-408f-a6ab-434098f1c8bb at port 0
2019-09-04 10:17:06,787 [Datanode State Machine Thread - 0] INFO  impl.RaftServerProxy (RaftServerProxy.java:lambda$start$3(299)) - d2bc92ad-7d78-408f-a6ab-434098f1c8bb: start RPC server
2019-09-04 10:17:06,788 [Datanode State Machine Thread - 0] INFO  server.GrpcService (GrpcService.java:startImpl(149)) - d2bc92ad-7d78-408f-a6ab-434098f1c8bb: GrpcService started, listening on 0.0.0.0/0.0.0.0:33988
2019-09-04 10:17:06,788 [Datanode State Machine Thread - 0] INFO  ratis.XceiverServerRatis (XceiverServerRatis.java:start(414)) - XceiverServerRatis d2bc92ad-7d78-408f-a6ab-434098f1c8bb is started using port 33988
2019-09-04 10:17:06,791 [Datanode State Machine Thread - 0] INFO  server.XceiverServerGrpc (XceiverServerGrpc.java:start(163)) - XceiverServerGrpc d2bc92ad-7d78-408f-a6ab-434098f1c8bb is started using port 34706
2019-09-04 10:17:06,957 [main] INFO  ozone.MiniOzoneClusterImpl (MiniOzoneClusterImpl.java:lambda$waitForClusterToBeReady$0(142)) - Waiting for cluster to be ready. Got 0 of 7 DN Heartbeats.
2019-09-04 10:17:06,958 | INFO  | SCMAudit | user=jenkins1000 | ip=192.168.36.67 | op=GET_VERSION null | ret=SUCCESS |  
2019-09-04 10:17:06,972 [Datanode State Machine Thread - 0] INFO  ozoneimpl.OzoneContainer (OzoneContainer.java:start(186)) - Attempting to start container services.
2019-09-04 10:17:06,972 [Datanode State Machine Thread - 0] INFO  ozoneimpl.OzoneContainer (OzoneContainer.java:startContainerScrub(160)) - Background container scrubber has been disabled by hdds.containerscrub.enabled
2019-09-04 10:17:06,972 [Datanode State Machine Thread - 0] INFO  ratis.XceiverServerRatis (XceiverServerRatis.java:start(404)) - Starting XceiverServerRatis 2db1d6fe-cbe4-4547-a727-a515e5c0c878 at port 0
2019-09-04 10:17:06,977 [Datanode State Machine Thread - 0] INFO  impl.RaftServerProxy (RaftServerProxy.java:lambda$start$3(299)) - 2db1d6fe-cbe4-4547-a727-a515e5c0c878: start RPC server
2019-09-04 10:17:06,978 [Datanode State Machine Thread - 0] INFO  server.GrpcService (GrpcService.java:startImpl(149)) - 2db1d6fe-cbe4-4547-a727-a515e5c0c878: GrpcService started, listening on 0.0.0.0/0.0.0.0:39426
2019-09-04 10:17:06,978 [Datanode State Machine Thread - 0] INFO  ratis.XceiverServerRatis (XceiverServerRatis.java:start(414)) - XceiverServerRatis 2db1d6fe-cbe4-4547-a727-a515e5c0c878 is started using port 39426
2019-09-04 10:17:06,978 [Datanode State Machine Thread - 0] INFO  server.XceiverServerGrpc (XceiverServerGrpc.java:start(163)) - XceiverServerGrpc 2db1d6fe-cbe4-4547-a727-a515e5c0c878 is started using port 36227
2019-09-04 10:17:07,299 [IPC Server handler 18 on 39253] INFO  net.NetworkTopology (NetworkTopologyImpl.java:add(110)) - Added a new node: /default-rack/5a7a11a7-685d-4dd4-88fb-b8c69093e530
2019-09-04 10:17:07,301 [IPC Server handler 18 on 39253] INFO  node.SCMNodeManager (SCMNodeManager.java:register(273)) - Registered Data node : 5a7a11a7-685d-4dd4-88fb-b8c69093e530{ip: 192.168.36.67, host: pr-hdds-1569-fjd24-125839774, networkLocation: /default-rack, certSerialId: null}
2019-09-04 10:17:07,302 | INFO  | SCMAudit | user=jenkins1000 | ip=192.168.36.67 | op=REGISTER {datanodeDetails=5a7a11a7-685d-4dd4-88fb-b8c69093e530{ip: 192.168.36.67, host: pr-hdds-1569-fjd24-125839774, networkLocation: /default-rack, certSerialId: null}} | ret=SUCCESS |  
2019-09-04 10:17:07,302 [EventQueue-NodeRegistrationContainerReportForDataNodeSafeModeRule] INFO  safemode.SCMSafeModeManager (DataNodeSafeModeRule.java:process(71)) - SCM in safe mode. 1 DataNodes registered, 1 required.
2019-09-04 10:17:07,305 [EventQueue-NodeRegistrationContainerReportForDataNodeSafeModeRule] INFO  safemode.SCMSafeModeManager (SCMSafeModeManager.java:validateSafeModeExitRules(177)) - ScmSafeModeManager, all rules are successfully validated
2019-09-04 10:17:07,305 [EventQueue-NodeRegistrationContainerReportForDataNodeSafeModeRule] INFO  safemode.SCMSafeModeManager (SCMSafeModeManager.java:exitSafeMode(193)) - SCM exiting safe mode.
2019-09-04 10:17:07,312 [grpc-default-executor-10] INFO  impl.RaftServerProxy (RaftServerProxy.java:addNew(89)) - 5a7a11a7-685d-4dd4-88fb-b8c69093e530: addNew group-19DAFA5CA9DA:[5a7a11a7-685d-4dd4-88fb-b8c69093e530:192.168.36.67:45284] returns group-19DAFA5CA9DA:java.util.concurrent.CompletableFuture@6387dfcb[Not completed]
2019-09-04 10:17:07,313 [pool-633-thread-1] INFO  impl.RaftServerImpl (RaftServerImpl.java:<init>(93)) - 5a7a11a7-685d-4dd4-88fb-b8c69093e530: new RaftServerImpl for group-19DAFA5CA9DA:[5a7a11a7-685d-4dd4-88fb-b8c69093e530:192.168.36.67:45284] with ContainerStateMachine:uninitialized
2019-09-04 10:17:07,313 [pool-633-thread-1] INFO  server.RaftServerConfigKeys (ConfUtils.java:logGet(43)) - raft.server.rpc.timeout.min = 5s (custom)
2019-09-04 10:17:07,313 [pool-633-thread-1] INFO  server.RaftServerConfigKeys (ConfUtils.java:logGet(43)) - raft.server.rpc.timeout.max = 5200ms (custom)
2019-09-04 10:17:07,313 [pool-633-thread-1] INFO  server.RaftServerConfigKeys (ConfUtils.java:logGet(43)) - raft.server.rpcslowness.timeout = 120s (custom)
2019-09-04 10:17:07,314 [pool-633-thread-1] INFO  server.RaftServerConfigKeys (ConfUtils.java:logGet(43)) - raft.server.sleep.deviation.threshold = 300 (default)
2019-09-04 10:17:07,314 [pool-633-thread-1] INFO  server.RaftServerConfigKeys (ConfUtils.java:logGet(43)) - raft.server.log.appender.install.snapshot.enabled = false (custom)
2019-09-04 10:17:07,314 [pool-633-thread-1] INFO  impl.RaftServerImpl (ServerState.java:<init>(105)) - 5a7a11a7-685d-4dd4-88fb-b8c69093e530:group-19DAFA5CA9DA ConfigurationManager, init=-1: [5a7a11a7-685d-4dd4-88fb-b8c69093e530:192.168.36.67:45284], old=null, confs=<EMPTY_MAP>
2019-09-04 10:17:07,314 [pool-633-thread-1] INFO  server.RaftServerConfigKeys (ConfUtils.java:logGet(43)) - raft.server.storage.dir = [/workdir/hadoop-ozone/integration-test/target/test-dir/MiniOzoneClusterImpl-fbf2683a-c8d7-46fa-a564-419916e3e42d/datanode-0/data/ratis] (custom)
2019-09-04 10:17:07,315 [pool-633-thread-1] INFO  storage.RaftStorageDirectory (RaftStorageDirectory.java:analyzeStorage(246)) - The storage directory /workdir/hadoop-ozone/integration-test/target/test-dir/MiniOzoneClusterImpl-fbf2683a-c8d7-46fa-a564-419916e3e42d/datanode-0/data/ratis/cb929480-2cb8-46b1-bdb5-19dafa5ca9da does not exist. Creating ...
2019-09-04 10:17:07,327 [pool-633-thread-1] INFO  storage.RaftStorageDirectory (RaftStorageDirectory.java:tryLock(328)) - Lock on /workdir/hadoop-ozone/integration-test/target/test-dir/MiniOzoneClusterImpl-fbf2683a-c8d7-46fa-a564-419916e3e42d/datanode-0/data/ratis/cb929480-2cb8-46b1-bdb5-19dafa5ca9da/in_use.lock acquired by nodename 21473@pr-hdds-1569-fjd24-125839774
2019-09-04 10:17:07,340 [pool-633-thread-1] INFO  storage.RaftStorage (RaftStorage.java:format(72)) - Storage directory /workdir/hadoop-ozone/integration-test/target/test-dir/MiniOzoneClusterImpl-fbf2683a-c8d7-46fa-a564-419916e3e42d/datanode-0/data/ratis/cb929480-2cb8-46b1-bdb5-19dafa5ca9da has been successfully formatted.
2019-09-04 10:17:07,340 [pool-633-thread-1] INFO  ratis.ContainerStateMachine (ContainerStateMachine.java:loadSnapshot(226)) - group-19DAFA5CA9DA: The snapshot info is null. Setting the last applied indexto:(t:0, i:~)
2019-09-04 10:17:07,340 [pool-633-thread-1] INFO  server.RaftServerConfigKeys (ConfUtils.java:logGet(43)) - raft.server.leader.election.timeout = 120s (custom)
2019-09-04 10:17:07,340 [pool-633-thread-1] INFO  server.RaftServerConfigKeys (ConfUtils.java:logGet(43)) - raft.server.log.use.memory = false (default)
2019-09-04 10:17:07,340 [pool-633-thread-1] INFO  server.RaftServerConfigKeys (ConfUtils.java:logGet(43)) - raft.server.log.purge.gap = 1000000 (custom)
2019-09-04 10:17:07,341 [pool-633-thread-1] INFO  server.RaftServerConfigKeys (ConfUtils.java:logGet(43)) - raft.server.log.appender.buffer.byte-limit = 33554432 (custom)
2019-09-04 10:17:07,341 [pool-633-thread-1] INFO  server.RaftServerConfigKeys (ConfUtils.java:logGet(43)) - raft.server.log.segment.size.max = 1048576 (custom)
2019-09-04 10:17:07,341 [pool-633-thread-1] INFO  server.RaftServerConfigKeys (ConfUtils.java:logGet(43)) - raft.server.log.segment.cache.num.max = 2 (custom)
2019-09-04 10:17:07,341 [pool-633-thread-1] INFO  segmented.SegmentedRaftLogWorker (SegmentedRaftLogWorker.java:<init>(172)) - new 5a7a11a7-685d-4dd4-88fb-b8c69093e530-SegmentedRaftLogWorker:Storage Directory /workdir/hadoop-ozone/integration-test/target/test-dir/MiniOzoneClusterImpl-fbf2683a-c8d7-46fa-a564-419916e3e42d/datanode-0/data/ratis/cb929480-2cb8-46b1-bdb5-19dafa5ca9da for RaftStorage:Storage Directory /workdir/hadoop-ozone/integration-test/target/test-dir/MiniOzoneClusterImpl-fbf2683a-c8d7-46fa-a564-419916e3e42d/datanode-0/data/ratis/cb929480-2cb8-46b1-bdb5-19dafa5ca9da
2019-09-04 10:17:07,341 [pool-633-thread-1] INFO  server.RaftServerConfigKeys (ConfUtils.java:logGet(43)) - raft.server.log.queue.byte-limit = 2147483647 (custom)
2019-09-04 10:17:07,341 [pool-633-thread-1] INFO  server.RaftServerConfigKeys (ConfUtils.java:logGet(43)) - raft.server.log.queue.element-limit = 1024 (custom)
2019-09-04 10:17:07,341 [pool-633-thread-1] INFO  server.RaftServerConfigKeys (ConfUtils.java:logGet(43)) - raft.server.log.segment.size.max = 1048576 (custom)
2019-09-04 10:17:07,341 [pool-633-thread-1] INFO  server.RaftServerConfigKeys (ConfUtils.java:logGet(43)) - raft.server.log.preallocated.size = 16384 (custom)
2019-09-04 10:17:07,341 [pool-633-thread-1] INFO  server.RaftServerConfigKeys (ConfUtils.java:logGet(43)) - raft.server.log.write.buffer.size = 33554432 (custom)
2019-09-04 10:17:07,342 [pool-633-thread-1] INFO  server.RaftServerConfigKeys (ConfUtils.java:logGet(43)) - raft.server.log.force.sync.num = 128 (default)
2019-09-04 10:17:07,342 [pool-633-thread-1] INFO  server.RaftServerConfigKeys (ConfUtils.java:logGet(43)) - raft.server.log.statemachine.data.sync = true (default)
2019-09-04 10:17:07,342 [pool-633-thread-1] INFO  server.RaftServerConfigKeys (ConfUtils.java:logGet(43)) - raft.server.log.statemachine.data.sync.timeout = 10s (default)
2019-09-04 10:17:07,342 [pool-633-thread-1] INFO  server.RaftServerConfigKeys (ConfUtils.java:logGet(43)) - raft.server.log.statemachine.data.sync.timeout.retry = -1 (default)
2019-09-04 10:17:07,342 [pool-633-thread-1] INFO  server.RaftServerConfigKeys (ConfUtils.java:logGet(43)) - raft.server.log.statemachine.data.caching.enabled = true (custom)
2019-09-04 10:17:07,342 [pool-633-thread-1] INFO  segmented.SegmentedRaftLogWorker (SegmentedRaftLogWorker.java:lambda$new$0(132)) - 5a7a11a7-685d-4dd4-88fb-b8c69093e530-SegmentedRaftLogWorker:Storage Directory /workdir/hadoop-ozone/integration-test/target/test-dir/MiniOzoneClusterImpl-fbf2683a-c8d7-46fa-a564-419916e3e42d/datanode-0/data/ratis/cb929480-2cb8-46b1-bdb5-19dafa5ca9da: flushIndex: setUnconditionally 0 -> -1
2019-09-04 10:17:07,342 [pool-633-thread-1] INFO  server.RaftServerConfigKeys (ConfUtils.java:logGet(43)) - raft.server.snapshot.auto.trigger.enabled = true (custom)
2019-09-04 10:17:07,343 [pool-633-thread-1] INFO  server.RaftServerConfigKeys (ConfUtils.java:logGet(43)) - raft.server.snapshot.auto.trigger.threshold = 10000 (custom)
2019-09-04 10:17:07,343 [pool-633-thread-1] INFO  server.RaftServerConfigKeys (ConfUtils.java:logGet(43)) - raft.server.retrycache.expirytime = 600000ms (custom)
2019-09-04 10:17:07,343 [pool-633-thread-1] INFO  impl.RaftServerImpl (RaftServerImpl.java:start(180)) - 5a7a11a7-685d-4dd4-88fb-b8c69093e530: start group-19DAFA5CA9DA
2019-09-04 10:17:07,343 [pool-633-thread-1] INFO  impl.RaftServerImpl (RaftServerImpl.java:setRole(171)) - 5a7a11a7-685d-4dd4-88fb-b8c69093e530:group-19DAFA5CA9DA changes role from null to FOLLOWER at term 0 for startAsFollower
2019-09-04 10:17:07,343 [pool-633-thread-1] INFO  impl.RoleInfo (RoleInfo.java:updateAndGet(143)) - 5a7a11a7-685d-4dd4-88fb-b8c69093e530: start FollowerState
2019-09-04 10:17:07,344 [pool-633-thread-1] INFO  util.JmxRegister (JmxRegister.java:tryRegister(44)) - Successfully registered JMX Bean with object name Ratis:service=RaftServer,group=group-19DAFA5CA9DA,id=5a7a11a7-685d-4dd4-88fb-b8c69093e530
2019-09-04 10:17:07,528 [RatisPipelineUtilsThread] INFO  pipeline.PipelineStateManager (PipelineStateManager.java:addPipeline(56)) - Created pipeline Pipeline[ Id: cb929480-2cb8-46b1-bdb5-19dafa5ca9da, Nodes: 5a7a11a7-685d-4dd4-88fb-b8c69093e530{ip: 192.168.36.67, host: pr-hdds-1569-fjd24-125839774, networkLocation: /default-rack, certSerialId: null}, Type:RATIS, Factor:ONE, State:OPEN]
2019-09-04 10:17:07,538 [IPC Server handler 17 on 39253] INFO  net.NetworkTopology (NetworkTopologyImpl.java:add(110)) - Added a new node: /default-rack/47c468d8-6fe5-4042-9a7f-b5fec722af60
2019-09-04 10:17:07,539 [IPC Server handler 17 on 39253] INFO  node.SCMNodeManager (SCMNodeManager.java:register(273)) - Registered Data node : 47c468d8-6fe5-4042-9a7f-b5fec722af60{ip: 192.168.36.67, host: pr-hdds-1569-fjd24-125839774, networkLocation: /default-rack, certSerialId: null}
2019-09-04 10:17:07,539 | INFO  | SCMAudit | user=jenkins1000 | ip=192.168.36.67 | op=REGISTER {datanodeDetails=47c468d8-6fe5-4042-9a7f-b5fec722af60{ip: 192.168.36.67, host: pr-hdds-1569-fjd24-125839774, networkLocation: /default-rack, certSerialId: null}} | ret=SUCCESS |  
2019-09-04 10:17:07,560 [grpc-default-executor-10] INFO  impl.RaftServerProxy (RaftServerProxy.java:addNew(89)) - 47c468d8-6fe5-4042-9a7f-b5fec722af60: addNew group-9D59753B7428:[47c468d8-6fe5-4042-9a7f-b5fec722af60:192.168.36.67:36722] returns group-9D59753B7428:java.util.concurrent.CompletableFuture@7ca56033[Not completed]
2019-09-04 10:17:07,561 [pool-644-thread-1] INFO  impl.RaftServerImpl (RaftServerImpl.java:<init>(93)) - 47c468d8-6fe5-4042-9a7f-b5fec722af60: new RaftServerImpl for group-9D59753B7428:[47c468d8-6fe5-4042-9a7f-b5fec722af60:192.168.36.67:36722] with ContainerStateMachine:uninitialized
2019-09-04 10:17:07,561 [pool-644-thread-1] INFO  server.RaftServerConfigKeys (ConfUtils.java:logGet(43)) - raft.server.rpc.timeout.min = 5s (custom)
2019-09-04 10:17:07,561 [pool-644-thread-1] INFO  server.RaftServerConfigKeys (ConfUtils.java:logGet(43)) - raft.server.rpc.timeout.max = 5200ms (custom)
2019-09-04 10:17:07,561 [pool-644-thread-1] INFO  server.RaftServerConfigKeys (ConfUtils.java:logGet(43)) - raft.server.rpcslowness.timeout = 120s (custom)
2019-09-04 10:17:07,561 [pool-644-thread-1] INFO  server.RaftServerConfigKeys (ConfUtils.java:logGet(43)) - raft.server.sleep.deviation.threshold = 300 (default)
2019-09-04 10:17:07,562 [pool-644-thread-1] INFO  server.RaftServerConfigKeys (ConfUtils.java:logGet(43)) - raft.server.log.appender.install.snapshot.enabled = false (custom)
2019-09-04 10:17:07,562 [pool-644-thread-1] INFO  impl.RaftServerImpl (ServerState.java:<init>(105)) - 47c468d8-6fe5-4042-9a7f-b5fec722af60:group-9D59753B7428 ConfigurationManager, init=-1: [47c468d8-6fe5-4042-9a7f-b5fec722af60:192.168.36.67:36722], old=null, confs=<EMPTY_MAP>
2019-09-04 10:17:07,562 [pool-644-thread-1] INFO  server.RaftServerConfigKeys (ConfUtils.java:logGet(43)) - raft.server.storage.dir = [/workdir/hadoop-ozone/integration-test/target/test-dir/MiniOzoneClusterImpl-fbf2683a-c8d7-46fa-a564-419916e3e42d/datanode-1/data/ratis] (custom)
2019-09-04 10:17:07,562 [pool-644-thread-1] INFO  storage.RaftStorageDirectory (RaftStorageDirectory.java:analyzeStorage(246)) - The storage directory /workdir/hadoop-ozone/integration-test/target/test-dir/MiniOzoneClusterImpl-fbf2683a-c8d7-46fa-a564-419916e3e42d/datanode-1/data/ratis/79cc8709-3d79-41d2-8bef-9d59753b7428 does not exist. Creating ...
2019-09-04 10:17:07,575 [pool-644-thread-1] INFO  storage.RaftStorageDirectory (RaftStorageDirectory.java:tryLock(328)) - Lock on /workdir/hadoop-ozone/integration-test/target/test-dir/MiniOzoneClusterImpl-fbf2683a-c8d7-46fa-a564-419916e3e42d/datanode-1/data/ratis/79cc8709-3d79-41d2-8bef-9d59753b7428/in_use.lock acquired by nodename 21473@pr-hdds-1569-fjd24-125839774
2019-09-04 10:17:07,587 [pool-644-thread-1] INFO  storage.RaftStorage (RaftStorage.java:format(72)) - Storage directory /workdir/hadoop-ozone/integration-test/target/test-dir/MiniOzoneClusterImpl-fbf2683a-c8d7-46fa-a564-419916e3e42d/datanode-1/data/ratis/79cc8709-3d79-41d2-8bef-9d59753b7428 has been successfully formatted.
2019-09-04 10:17:07,588 [pool-644-thread-1] INFO  ratis.ContainerStateMachine (ContainerStateMachine.java:loadSnapshot(226)) - group-9D59753B7428: The snapshot info is null. Setting the last applied indexto:(t:0, i:~)
2019-09-04 10:17:07,588 [pool-644-thread-1] INFO  server.RaftServerConfigKeys (ConfUtils.java:logGet(43)) - raft.server.leader.election.timeout = 120s (custom)
2019-09-04 10:17:07,588 [pool-644-thread-1] INFO  server.RaftServerConfigKeys (ConfUtils.java:logGet(43)) - raft.server.log.use.memory = false (default)
2019-09-04 10:17:07,588 [pool-644-thread-1] INFO  server.RaftServerConfigKeys (ConfUtils.java:logGet(43)) - raft.server.log.purge.gap = 1000000 (custom)
2019-09-04 10:17:07,588 [pool-644-thread-1] INFO  server.RaftServerConfigKeys (ConfUtils.java:logGet(43)) - raft.server.log.appender.buffer.byte-limit = 33554432 (custom)
2019-09-04 10:17:07,588 [pool-644-thread-1] INFO  server.RaftServerConfigKeys (ConfUtils.java:logGet(43)) - raft.server.log.segment.size.max = 1048576 (custom)
2019-09-04 10:17:07,588 [pool-644-thread-1] INFO  server.RaftServerConfigKeys (ConfUtils.java:logGet(43)) - raft.server.log.segment.cache.num.max = 2 (custom)
2019-09-04 10:17:07,588 [pool-644-thread-1] INFO  segmented.SegmentedRaftLogWorker (SegmentedRaftLogWorker.java:<init>(172)) - new 47c468d8-6fe5-4042-9a7f-b5fec722af60-SegmentedRaftLogWorker:Storage Directory /workdir/hadoop-ozone/integration-test/target/test-dir/MiniOzoneClusterImpl-fbf2683a-c8d7-46fa-a564-419916e3e42d/datanode-1/data/ratis/79cc8709-3d79-41d2-8bef-9d59753b7428 for RaftStorage:Storage Directory /workdir/hadoop-ozone/integration-test/target/test-dir/MiniOzoneClusterImpl-fbf2683a-c8d7-46fa-a564-419916e3e42d/datanode-1/data/ratis/79cc8709-3d79-41d2-8bef-9d59753b7428
2019-09-04 10:17:07,589 [pool-644-thread-1] INFO  server.RaftServerConfigKeys (ConfUtils.java:logGet(43)) - raft.server.log.queue.byte-limit = 2147483647 (custom)
2019-09-04 10:17:07,589 [pool-644-thread-1] INFO  server.RaftServerConfigKeys (ConfUtils.java:logGet(43)) - raft.server.log.queue.element-limit = 1024 (custom)
2019-09-04 10:17:07,589 [pool-644-thread-1] INFO  server.RaftServerConfigKeys (ConfUtils.java:logGet(43)) - raft.server.log.segment.size.max = 1048576 (custom)
2019-09-04 10:17:07,589 [pool-644-thread-1] INFO  server.RaftServerConfigKeys (ConfUtils.java:logGet(43)) - raft.server.log.preallocated.size = 16384 (custom)
2019-09-04 10:17:07,589 [pool-644-thread-1] INFO  server.RaftServerConfigKeys (ConfUtils.java:logGet(43)) - raft.server.log.write.buffer.size = 33554432 (custom)
2019-09-04 10:17:07,589 [pool-644-thread-1] INFO  server.RaftServerConfigKeys (ConfUtils.java:logGet(43)) - raft.server.log.force.sync.num = 128 (default)
2019-09-04 10:17:07,589 [pool-644-thread-1] INFO  server.RaftServerConfigKeys (ConfUtils.java:logGet(43)) - raft.server.log.statemachine.data.sync = true (default)
2019-09-04 10:17:07,589 [pool-644-thread-1] INFO  server.RaftServerConfigKeys (ConfUtils.java:logGet(43)) - raft.server.log.statemachine.data.sync.timeout = 10s (default)
2019-09-04 10:17:07,589 [pool-644-thread-1] INFO  server.RaftServerConfigKeys (ConfUtils.java:logGet(43)) - raft.server.log.statemachine.data.sync.timeout.retry = -1 (default)
2019-09-04 10:17:07,590 [pool-644-thread-1] INFO  server.RaftServerConfigKeys (ConfUtils.java:logGet(43)) - raft.server.log.statemachine.data.caching.enabled = true (custom)
2019-09-04 10:17:07,590 [pool-644-thread-1] INFO  segmented.SegmentedRaftLogWorker (SegmentedRaftLogWorker.java:lambda$new$0(132)) - 47c468d8-6fe5-4042-9a7f-b5fec722af60-SegmentedRaftLogWorker:Storage Directory /workdir/hadoop-ozone/integration-test/target/test-dir/MiniOzoneClusterImpl-fbf2683a-c8d7-46fa-a564-419916e3e42d/datanode-1/data/ratis/79cc8709-3d79-41d2-8bef-9d59753b7428: flushIndex: setUnconditionally 0 -> -1
2019-09-04 10:17:07,590 [pool-644-thread-1] INFO  server.RaftServerConfigKeys (ConfUtils.java:logGet(43)) - raft.server.snapshot.auto.trigger.enabled = true (custom)
2019-09-04 10:17:07,590 [pool-644-thread-1] INFO  server.RaftServerConfigKeys (ConfUtils.java:logGet(43)) - raft.server.snapshot.auto.trigger.threshold = 10000 (custom)
2019-09-04 10:17:07,590 [pool-644-thread-1] INFO  server.RaftServerConfigKeys (ConfUtils.java:logGet(43)) - raft.server.retrycache.expirytime = 600000ms (custom)
2019-09-04 10:17:07,590 [pool-644-thread-1] INFO  impl.RaftServerImpl (RaftServerImpl.java:start(180)) - 47c468d8-6fe5-4042-9a7f-b5fec722af60: start group-9D59753B7428
2019-09-04 10:17:07,590 [pool-644-thread-1] INFO  impl.RaftServerImpl (RaftServerImpl.java:setRole(171)) - 47c468d8-6fe5-4042-9a7f-b5fec722af60:group-9D59753B7428 changes role from null to FOLLOWER at term 0 for startAsFollower
2019-09-04 10:17:07,590 [pool-644-thread-1] INFO  impl.RoleInfo (RoleInfo.java:updateAndGet(143)) - 47c468d8-6fe5-4042-9a7f-b5fec722af60: start FollowerState
2019-09-04 10:17:07,591 [pool-644-thread-1] INFO  util.JmxRegister (JmxRegister.java:tryRegister(44)) - Successfully registered JMX Bean with object name Ratis:service=RaftServer,group=group-9D59753B7428,id=47c468d8-6fe5-4042-9a7f-b5fec722af60
2019-09-04 10:17:07,595 [RatisPipelineUtilsThread] INFO  pipeline.PipelineStateManager (PipelineStateManager.java:addPipeline(56)) - Created pipeline Pipeline[ Id: 79cc8709-3d79-41d2-8bef-9d59753b7428, Nodes: 47c468d8-6fe5-4042-9a7f-b5fec722af60{ip: 192.168.36.67, host: pr-hdds-1569-fjd24-125839774, networkLocation: /default-rack, certSerialId: null}, Type:RATIS, Factor:ONE, State:OPEN]
2019-09-04 10:17:07,757 [IPC Server handler 16 on 39253] INFO  net.NetworkTopology (NetworkTopologyImpl.java:add(110)) - Added a new node: /default-rack/8ef0ae79-a58d-4d32-ad9c-cca36b501167
2019-09-04 10:17:07,758 [IPC Server handler 16 on 39253] INFO  node.SCMNodeManager (SCMNodeManager.java:register(273)) - Registered Data node : 8ef0ae79-a58d-4d32-ad9c-cca36b501167{ip: 192.168.36.67, host: pr-hdds-1569-fjd24-125839774, networkLocation: /default-rack, certSerialId: null}
2019-09-04 10:17:07,758 | INFO  | SCMAudit | user=jenkins1000 | ip=192.168.36.67 | op=REGISTER {datanodeDetails=8ef0ae79-a58d-4d32-ad9c-cca36b501167{ip: 192.168.36.67, host: pr-hdds-1569-fjd24-125839774, networkLocation: /default-rack, certSerialId: null}} | ret=SUCCESS |  
2019-09-04 10:17:07,764 [grpc-default-executor-10] INFO  impl.RaftServerProxy (RaftServerProxy.java:addNew(89)) - 8ef0ae79-a58d-4d32-ad9c-cca36b501167: addNew group-EB0718CDBEE8:[8ef0ae79-a58d-4d32-ad9c-cca36b501167:192.168.36.67:36919] returns group-EB0718CDBEE8:java.util.concurrent.CompletableFuture@4cfea40f[Not completed]
2019-09-04 10:17:07,766 [pool-655-thread-1] INFO  impl.RaftServerImpl (RaftServerImpl.java:<init>(93)) - 8ef0ae79-a58d-4d32-ad9c-cca36b501167: new RaftServerImpl for group-EB0718CDBEE8:[8ef0ae79-a58d-4d32-ad9c-cca36b501167:192.168.36.67:36919] with ContainerStateMachine:uninitialized
2019-09-04 10:17:07,766 [pool-655-thread-1] INFO  server.RaftServerConfigKeys (ConfUtils.java:logGet(43)) - raft.server.rpc.timeout.min = 5s (custom)
2019-09-04 10:17:07,766 [pool-655-thread-1] INFO  server.RaftServerConfigKeys (ConfUtils.java:logGet(43)) - raft.server.rpc.timeout.max = 5200ms (custom)
2019-09-04 10:17:07,766 [pool-655-thread-1] INFO  server.RaftServerConfigKeys (ConfUtils.java:logGet(43)) - raft.server.rpcslowness.timeout = 120s (custom)
2019-09-04 10:17:07,766 [pool-655-thread-1] INFO  server.RaftServerConfigKeys (ConfUtils.java:logGet(43)) - raft.server.sleep.deviation.threshold = 300 (default)
2019-09-04 10:17:07,766 [pool-655-thread-1] INFO  server.RaftServerConfigKeys (ConfUtils.java:logGet(43)) - raft.server.log.appender.install.snapshot.enabled = false (custom)
2019-09-04 10:17:07,766 [pool-655-thread-1] INFO  impl.RaftServerImpl (ServerState.java:<init>(105)) - 8ef0ae79-a58d-4d32-ad9c-cca36b501167:group-EB0718CDBEE8 ConfigurationManager, init=-1: [8ef0ae79-a58d-4d32-ad9c-cca36b501167:192.168.36.67:36919], old=null, confs=<EMPTY_MAP>
2019-09-04 10:17:07,766 [pool-655-thread-1] INFO  server.RaftServerConfigKeys (ConfUtils.java:logGet(43)) - raft.server.storage.dir = [/workdir/hadoop-ozone/integration-test/target/test-dir/MiniOzoneClusterImpl-fbf2683a-c8d7-46fa-a564-419916e3e42d/datanode-2/data/ratis] (custom)
2019-09-04 10:17:07,767 [pool-655-thread-1] INFO  storage.RaftStorageDirectory (RaftStorageDirectory.java:analyzeStorage(246)) - The storage directory /workdir/hadoop-ozone/integration-test/target/test-dir/MiniOzoneClusterImpl-fbf2683a-c8d7-46fa-a564-419916e3e42d/datanode-2/data/ratis/45c90e68-89ad-4369-b460-eb0718cdbee8 does not exist. Creating ...
2019-09-04 10:17:07,791 [pool-655-thread-1] INFO  storage.RaftStorageDirectory (RaftStorageDirectory.java:tryLock(328)) - Lock on /workdir/hadoop-ozone/integration-test/target/test-dir/MiniOzoneClusterImpl-fbf2683a-c8d7-46fa-a564-419916e3e42d/datanode-2/data/ratis/45c90e68-89ad-4369-b460-eb0718cdbee8/in_use.lock acquired by nodename 21473@pr-hdds-1569-fjd24-125839774
2019-09-04 10:17:07,804 [pool-655-thread-1] INFO  storage.RaftStorage (RaftStorage.java:format(72)) - Storage directory /workdir/hadoop-ozone/integration-test/target/test-dir/MiniOzoneClusterImpl-fbf2683a-c8d7-46fa-a564-419916e3e42d/datanode-2/data/ratis/45c90e68-89ad-4369-b460-eb0718cdbee8 has been successfully formatted.
2019-09-04 10:17:07,805 [pool-655-thread-1] INFO  ratis.ContainerStateMachine (ContainerStateMachine.java:loadSnapshot(226)) - group-EB0718CDBEE8: The snapshot info is null. Setting the last applied indexto:(t:0, i:~)
2019-09-04 10:17:07,805 [pool-655-thread-1] INFO  server.RaftServerConfigKeys (ConfUtils.java:logGet(43)) - raft.server.leader.election.timeout = 120s (custom)
2019-09-04 10:17:07,805 [pool-655-thread-1] INFO  server.RaftServerConfigKeys (ConfUtils.java:logGet(43)) - raft.server.log.use.memory = false (default)
2019-09-04 10:17:07,805 [pool-655-thread-1] INFO  server.RaftServerConfigKeys (ConfUtils.java:logGet(43)) - raft.server.log.purge.gap = 1000000 (custom)
2019-09-04 10:17:07,806 [pool-655-thread-1] INFO  server.RaftServerConfigKeys (ConfUtils.java:logGet(43)) - raft.server.log.appender.buffer.byte-limit = 33554432 (custom)
2019-09-04 10:17:07,806 [pool-655-thread-1] INFO  server.RaftServerConfigKeys (ConfUtils.java:logGet(43)) - raft.server.log.segment.size.max = 1048576 (custom)
2019-09-04 10:17:07,806 [pool-655-thread-1] INFO  server.RaftServerConfigKeys (ConfUtils.java:logGet(43)) - raft.server.log.segment.cache.num.max = 2 (custom)
2019-09-04 10:17:07,806 [pool-655-thread-1] INFO  segmented.SegmentedRaftLogWorker (SegmentedRaftLogWorker.java:<init>(172)) - new 8ef0ae79-a58d-4d32-ad9c-cca36b501167-SegmentedRaftLogWorker:Storage Directory /workdir/hadoop-ozone/integration-test/target/test-dir/MiniOzoneClusterImpl-fbf2683a-c8d7-46fa-a564-419916e3e42d/datanode-2/data/ratis/45c90e68-89ad-4369-b460-eb0718cdbee8 for RaftStorage:Storage Directory /workdir/hadoop-ozone/integration-test/target/test-dir/MiniOzoneClusterImpl-fbf2683a-c8d7-46fa-a564-419916e3e42d/datanode-2/data/ratis/45c90e68-89ad-4369-b460-eb0718cdbee8
2019-09-04 10:17:07,806 [pool-655-thread-1] INFO  server.RaftServerConfigKeys (ConfUtils.java:logGet(43)) - raft.server.log.queue.byte-limit = 2147483647 (custom)
2019-09-04 10:17:07,807 [pool-655-thread-1] INFO  server.RaftServerConfigKeys (ConfUtils.java:logGet(43)) - raft.server.log.queue.element-limit = 1024 (custom)
2019-09-04 10:17:07,807 [pool-655-thread-1] INFO  server.RaftServerConfigKeys (ConfUtils.java:logGet(43)) - raft.server.log.segment.size.max = 1048576 (custom)
2019-09-04 10:17:07,807 [pool-655-thread-1] INFO  server.RaftServerConfigKeys (ConfUtils.java:logGet(43)) - raft.server.log.preallocated.size = 16384 (custom)
2019-09-04 10:17:07,807 [pool-655-thread-1] INFO  server.RaftServerConfigKeys (ConfUtils.java:logGet(43)) - raft.server.log.write.buffer.size = 33554432 (custom)
2019-09-04 10:17:07,807 [pool-655-thread-1] INFO  server.RaftServerConfigKeys (ConfUtils.java:logGet(43)) - raft.server.log.force.sync.num = 128 (default)
2019-09-04 10:17:07,808 [pool-655-thread-1] INFO  server.RaftServerConfigKeys (ConfUtils.java:logGet(43)) - raft.server.log.statemachine.data.sync = true (default)
2019-09-04 10:17:07,808 [pool-655-thread-1] INFO  server.RaftServerConfigKeys (ConfUtils.java:logGet(43)) - raft.server.log.statemachine.data.sync.timeout = 10s (default)
2019-09-04 10:17:07,808 [pool-655-thread-1] INFO  server.RaftServerConfigKeys (ConfUtils.java:logGet(43)) - raft.server.log.statemachine.data.sync.timeout.retry = -1 (default)
2019-09-04 10:17:07,808 [pool-655-thread-1] INFO  server.RaftServerConfigKeys (ConfUtils.java:logGet(43)) - raft.server.log.statemachine.data.caching.enabled = true (custom)
2019-09-04 10:17:07,809 [pool-655-thread-1] INFO  segmented.SegmentedRaftLogWorker (SegmentedRaftLogWorker.java:lambda$new$0(132)) - 8ef0ae79-a58d-4d32-ad9c-cca36b501167-SegmentedRaftLogWorker:Storage Directory /workdir/hadoop-ozone/integration-test/target/test-dir/MiniOzoneClusterImpl-fbf2683a-c8d7-46fa-a564-419916e3e42d/datanode-2/data/ratis/45c90e68-89ad-4369-b460-eb0718cdbee8: flushIndex: setUnconditionally 0 -> -1
2019-09-04 10:17:07,809 [pool-655-thread-1] INFO  server.RaftServerConfigKeys (ConfUtils.java:logGet(43)) - raft.server.snapshot.auto.trigger.enabled = true (custom)
2019-09-04 10:17:07,809 [pool-655-thread-1] INFO  server.RaftServerConfigKeys (ConfUtils.java:logGet(43)) - raft.server.snapshot.auto.trigger.threshold = 10000 (custom)
2019-09-04 10:17:07,809 [pool-655-thread-1] INFO  server.RaftServerConfigKeys (ConfUtils.java:logGet(43)) - raft.server.retrycache.expirytime = 600000ms (custom)
2019-09-04 10:17:07,810 [pool-655-thread-1] INFO  impl.RaftServerImpl (RaftServerImpl.java:start(180)) - 8ef0ae79-a58d-4d32-ad9c-cca36b501167: start group-EB0718CDBEE8
2019-09-04 10:17:07,810 [pool-655-thread-1] INFO  impl.RaftServerImpl (RaftServerImpl.java:setRole(171)) - 8ef0ae79-a58d-4d32-ad9c-cca36b501167:group-EB0718CDBEE8 changes role from null to FOLLOWER at term 0 for startAsFollower
2019-09-04 10:17:07,810 [pool-655-thread-1] INFO  impl.RoleInfo (RoleInfo.java:updateAndGet(143)) - 8ef0ae79-a58d-4d32-ad9c-cca36b501167: start FollowerState
2019-09-04 10:17:07,810 [pool-655-thread-1] INFO  util.JmxRegister (JmxRegister.java:tryRegister(44)) - Successfully registered JMX Bean with object name Ratis:service=RaftServer,group=group-EB0718CDBEE8,id=8ef0ae79-a58d-4d32-ad9c-cca36b501167
2019-09-04 10:17:07,816 [RatisPipelineUtilsThread] INFO  pipeline.PipelineStateManager (PipelineStateManager.java:addPipeline(56)) - Created pipeline Pipeline[ Id: 45c90e68-89ad-4369-b460-eb0718cdbee8, Nodes: 8ef0ae79-a58d-4d32-ad9c-cca36b501167{ip: 192.168.36.67, host: pr-hdds-1569-fjd24-125839774, networkLocation: /default-rack, certSerialId: null}, Type:RATIS, Factor:ONE, State:OPEN]
2019-09-04 10:17:07,825 [grpc-default-executor-1] INFO  impl.RaftServerProxy (RaftServerProxy.java:addNew(89)) - 8ef0ae79-a58d-4d32-ad9c-cca36b501167: addNew group-DB5B8B2B2DB8:[8ef0ae79-a58d-4d32-ad9c-cca36b501167:192.168.36.67:36919, 5a7a11a7-685d-4dd4-88fb-b8c69093e530:192.168.36.67:45284, 47c468d8-6fe5-4042-9a7f-b5fec722af60:192.168.36.67:36722] returns group-DB5B8B2B2DB8:java.util.concurrent.CompletableFuture@2cca8fed[Not completed]
2019-09-04 10:17:07,826 [grpc-default-executor-10] INFO  impl.RaftServerProxy (RaftServerProxy.java:addNew(89)) - 5a7a11a7-685d-4dd4-88fb-b8c69093e530: addNew group-DB5B8B2B2DB8:[8ef0ae79-a58d-4d32-ad9c-cca36b501167:192.168.36.67:36919, 5a7a11a7-685d-4dd4-88fb-b8c69093e530:192.168.36.67:45284, 47c468d8-6fe5-4042-9a7f-b5fec722af60:192.168.36.67:36722] returns group-DB5B8B2B2DB8:java.util.concurrent.CompletableFuture@362e3518[Not completed]
2019-09-04 10:17:07,826 [grpc-default-executor-11] INFO  impl.RaftServerProxy (RaftServerProxy.java:addNew(89)) - 47c468d8-6fe5-4042-9a7f-b5fec722af60: addNew group-DB5B8B2B2DB8:[8ef0ae79-a58d-4d32-ad9c-cca36b501167:192.168.36.67:36919, 5a7a11a7-685d-4dd4-88fb-b8c69093e530:192.168.36.67:45284, 47c468d8-6fe5-4042-9a7f-b5fec722af60:192.168.36.67:36722] returns group-DB5B8B2B2DB8:java.util.concurrent.CompletableFuture@c94855c[Not completed]
2019-09-04 10:17:07,827 [pool-633-thread-1] INFO  impl.RaftServerImpl (RaftServerImpl.java:<init>(93)) - 5a7a11a7-685d-4dd4-88fb-b8c69093e530: new RaftServerImpl for group-DB5B8B2B2DB8:[8ef0ae79-a58d-4d32-ad9c-cca36b501167:192.168.36.67:36919, 5a7a11a7-685d-4dd4-88fb-b8c69093e530:192.168.36.67:45284, 47c468d8-6fe5-4042-9a7f-b5fec722af60:192.168.36.67:36722] with ContainerStateMachine:uninitialized
2019-09-04 10:17:07,827 [pool-633-thread-1] INFO  server.RaftServerConfigKeys (ConfUtils.java:logGet(43)) - raft.server.rpc.timeout.min = 5s (custom)
2019-09-04 10:17:07,827 [pool-633-thread-1] INFO  server.RaftServerConfigKeys (ConfUtils.java:logGet(43)) - raft.server.rpc.timeout.max = 5200ms (custom)
2019-09-04 10:17:07,827 [pool-633-thread-1] INFO  server.RaftServerConfigKeys (ConfUtils.java:logGet(43)) - raft.server.rpcslowness.timeout = 120s (custom)
2019-09-04 10:17:07,827 [pool-633-thread-1] INFO  server.RaftServerConfigKeys (ConfUtils.java:logGet(43)) - raft.server.sleep.deviation.threshold = 300 (default)
2019-09-04 10:17:07,827 [pool-633-thread-1] INFO  server.RaftServerConfigKeys (ConfUtils.java:logGet(43)) - raft.server.log.appender.install.snapshot.enabled = false (custom)
2019-09-04 10:17:07,827 [pool-644-thread-1] INFO  impl.RaftServerImpl (RaftServerImpl.java:<init>(93)) - 47c468d8-6fe5-4042-9a7f-b5fec722af60: new RaftServerImpl for group-DB5B8B2B2DB8:[8ef0ae79-a58d-4d32-ad9c-cca36b501167:192.168.36.67:36919, 5a7a11a7-685d-4dd4-88fb-b8c69093e530:192.168.36.67:45284, 47c468d8-6fe5-4042-9a7f-b5fec722af60:192.168.36.67:36722] with ContainerStateMachine:uninitialized
2019-09-04 10:17:07,827 [pool-633-thread-1] INFO  impl.RaftServerImpl (ServerState.java:<init>(105)) - 5a7a11a7-685d-4dd4-88fb-b8c69093e530:group-DB5B8B2B2DB8 ConfigurationManager, init=-1: [8ef0ae79-a58d-4d32-ad9c-cca36b501167:192.168.36.67:36919, 5a7a11a7-685d-4dd4-88fb-b8c69093e530:192.168.36.67:45284, 47c468d8-6fe5-4042-9a7f-b5fec722af60:192.168.36.67:36722], old=null, confs=<EMPTY_MAP>
2019-09-04 10:17:07,827 [pool-644-thread-1] INFO  server.RaftServerConfigKeys (ConfUtils.java:logGet(43)) - raft.server.rpc.timeout.min = 5s (custom)
2019-09-04 10:17:07,828 [pool-633-thread-1] INFO  server.RaftServerConfigKeys (ConfUtils.java:logGet(43)) - raft.server.storage.dir = [/workdir/hadoop-ozone/integration-test/target/test-dir/MiniOzoneClusterImpl-fbf2683a-c8d7-46fa-a564-419916e3e42d/datanode-0/data/ratis] (custom)
2019-09-04 10:17:07,828 [pool-644-thread-1] INFO  server.RaftServerConfigKeys (ConfUtils.java:logGet(43)) - raft.server.rpc.timeout.max = 5200ms (custom)
2019-09-04 10:17:07,828 [pool-644-thread-1] INFO  server.RaftServerConfigKeys (ConfUtils.java:logGet(43)) - raft.server.rpcslowness.timeout = 120s (custom)
2019-09-04 10:17:07,828 [pool-633-thread-1] INFO  storage.RaftStorageDirectory (RaftStorageDirectory.java:analyzeStorage(246)) - The storage directory /workdir/hadoop-ozone/integration-test/target/test-dir/MiniOzoneClusterImpl-fbf2683a-c8d7-46fa-a564-419916e3e42d/datanode-0/data/ratis/1e8b4ec0-ac16-456b-a02d-db5b8b2b2db8 does not exist. Creating ...
2019-09-04 10:17:07,828 [pool-655-thread-1] INFO  impl.RaftServerImpl (RaftServerImpl.java:<init>(93)) - 8ef0ae79-a58d-4d32-ad9c-cca36b501167: new RaftServerImpl for group-DB5B8B2B2DB8:[8ef0ae79-a58d-4d32-ad9c-cca36b501167:192.168.36.67:36919, 5a7a11a7-685d-4dd4-88fb-b8c69093e530:192.168.36.67:45284, 47c468d8-6fe5-4042-9a7f-b5fec722af60:192.168.36.67:36722] with ContainerStateMachine:uninitialized
2019-09-04 10:17:07,828 [pool-655-thread-1] INFO  server.RaftServerConfigKeys (ConfUtils.java:logGet(43)) - raft.server.rpc.timeout.min = 5s (custom)
2019-09-04 10:17:07,828 [pool-644-thread-1] INFO  server.RaftServerConfigKeys (ConfUtils.java:logGet(43)) - raft.server.sleep.deviation.threshold = 300 (default)
2019-09-04 10:17:07,829 [pool-655-thread-1] INFO  server.RaftServerConfigKeys (ConfUtils.java:logGet(43)) - raft.server.rpc.timeout.max = 5200ms (custom)
2019-09-04 10:17:07,829 [pool-644-thread-1] INFO  server.RaftServerConfigKeys (ConfUtils.java:logGet(43)) - raft.server.log.appender.install.snapshot.enabled = false (custom)
2019-09-04 10:17:07,829 [pool-655-thread-1] INFO  server.RaftServerConfigKeys (ConfUtils.java:logGet(43)) - raft.server.rpcslowness.timeout = 120s (custom)
2019-09-04 10:17:07,829 [pool-644-thread-1] INFO  impl.RaftServerImpl (ServerState.java:<init>(105)) - 47c468d8-6fe5-4042-9a7f-b5fec722af60:group-DB5B8B2B2DB8 ConfigurationManager, init=-1: [8ef0ae79-a58d-4d32-ad9c-cca36b501167:192.168.36.67:36919, 5a7a11a7-685d-4dd4-88fb-b8c69093e530:192.168.36.67:45284, 47c468d8-6fe5-4042-9a7f-b5fec722af60:192.168.36.67:36722], old=null, confs=<EMPTY_MAP>
2019-09-04 10:17:07,829 [pool-655-thread-1] INFO  server.RaftServerConfigKeys (ConfUtils.java:logGet(43)) - raft.server.sleep.deviation.threshold = 300 (default)
2019-09-04 10:17:07,829 [pool-644-thread-1] INFO  server.RaftServerConfigKeys (ConfUtils.java:logGet(43)) - raft.server.storage.dir = [/workdir/hadoop-ozone/integration-test/target/test-dir/MiniOzoneClusterImpl-fbf2683a-c8d7-46fa-a564-419916e3e42d/datanode-1/data/ratis] (custom)
2019-09-04 10:17:07,829 [pool-655-thread-1] INFO  server.RaftServerConfigKeys (ConfUtils.java:logGet(43)) - raft.server.log.appender.install.snapshot.enabled = false (custom)
2019-09-04 10:17:07,830 [pool-655-thread-1] INFO  impl.RaftServerImpl (ServerState.java:<init>(105)) - 8ef0ae79-a58d-4d32-ad9c-cca36b501167:group-DB5B8B2B2DB8 ConfigurationManager, init=-1: [8ef0ae79-a58d-4d32-ad9c-cca36b501167:192.168.36.67:36919, 5a7a11a7-685d-4dd4-88fb-b8c69093e530:192.168.36.67:45284, 47c468d8-6fe5-4042-9a7f-b5fec722af60:192.168.36.67:36722], old=null, confs=<EMPTY_MAP>
2019-09-04 10:17:07,830 [pool-644-thread-1] INFO  storage.RaftStorageDirectory (RaftStorageDirectory.java:analyzeStorage(246)) - The storage directory /workdir/hadoop-ozone/integration-test/target/test-dir/MiniOzoneClusterImpl-fbf2683a-c8d7-46fa-a564-419916e3e42d/datanode-1/data/ratis/1e8b4ec0-ac16-456b-a02d-db5b8b2b2db8 does not exist. Creating ...
2019-09-04 10:17:07,830 [pool-655-thread-1] INFO  server.RaftServerConfigKeys (ConfUtils.java:logGet(43)) - raft.server.storage.dir = [/workdir/hadoop-ozone/integration-test/target/test-dir/MiniOzoneClusterImpl-fbf2683a-c8d7-46fa-a564-419916e3e42d/datanode-2/data/ratis] (custom)
2019-09-04 10:17:07,830 [pool-655-thread-1] INFO  storage.RaftStorageDirectory (RaftStorageDirectory.java:analyzeStorage(246)) - The storage directory /workdir/hadoop-ozone/integration-test/target/test-dir/MiniOzoneClusterImpl-fbf2683a-c8d7-46fa-a564-419916e3e42d/datanode-2/data/ratis/1e8b4ec0-ac16-456b-a02d-db5b8b2b2db8 does not exist. Creating ...
2019-09-04 10:17:07,842 [pool-655-thread-1] INFO  storage.RaftStorageDirectory (RaftStorageDirectory.java:tryLock(328)) - Lock on /workdir/hadoop-ozone/integration-test/target/test-dir/MiniOzoneClusterImpl-fbf2683a-c8d7-46fa-a564-419916e3e42d/datanode-2/data/ratis/1e8b4ec0-ac16-456b-a02d-db5b8b2b2db8/in_use.lock acquired by nodename 21473@pr-hdds-1569-fjd24-125839774
2019-09-04 10:17:07,842 [pool-633-thread-1] INFO  storage.RaftStorageDirectory (RaftStorageDirectory.java:tryLock(328)) - Lock on /workdir/hadoop-ozone/integration-test/target/test-dir/MiniOzoneClusterImpl-fbf2683a-c8d7-46fa-a564-419916e3e42d/datanode-0/data/ratis/1e8b4ec0-ac16-456b-a02d-db5b8b2b2db8/in_use.lock acquired by nodename 21473@pr-hdds-1569-fjd24-125839774
2019-09-04 10:17:07,842 [pool-644-thread-1] INFO  storage.RaftStorageDirectory (RaftStorageDirectory.java:tryLock(328)) - Lock on /workdir/hadoop-ozone/integration-test/target/test-dir/MiniOzoneClusterImpl-fbf2683a-c8d7-46fa-a564-419916e3e42d/datanode-1/data/ratis/1e8b4ec0-ac16-456b-a02d-db5b8b2b2db8/in_use.lock acquired by nodename 21473@pr-hdds-1569-fjd24-125839774
2019-09-04 10:17:07,856 [pool-644-thread-1] INFO  storage.RaftStorage (RaftStorage.java:format(72)) - Storage directory /workdir/hadoop-ozone/integration-test/target/test-dir/MiniOzoneClusterImpl-fbf2683a-c8d7-46fa-a564-419916e3e42d/datanode-1/data/ratis/1e8b4ec0-ac16-456b-a02d-db5b8b2b2db8 has been successfully formatted.
2019-09-04 10:17:07,856 [pool-655-thread-1] INFO  storage.RaftStorage (RaftStorage.java:format(72)) - Storage directory /workdir/hadoop-ozone/integration-test/target/test-dir/MiniOzoneClusterImpl-fbf2683a-c8d7-46fa-a564-419916e3e42d/datanode-2/data/ratis/1e8b4ec0-ac16-456b-a02d-db5b8b2b2db8 has been successfully formatted.
2019-09-04 10:17:07,856 [pool-633-thread-1] INFO  storage.RaftStorage (RaftStorage.java:format(72)) - Storage directory /workdir/hadoop-ozone/integration-test/target/test-dir/MiniOzoneClusterImpl-fbf2683a-c8d7-46fa-a564-419916e3e42d/datanode-0/data/ratis/1e8b4ec0-ac16-456b-a02d-db5b8b2b2db8 has been successfully formatted.
2019-09-04 10:17:07,856 [pool-644-thread-1] INFO  ratis.ContainerStateMachine (ContainerStateMachine.java:loadSnapshot(226)) - group-DB5B8B2B2DB8: The snapshot info is null. Setting the last applied indexto:(t:0, i:~)
2019-09-04 10:17:07,856 [pool-633-thread-1] INFO  ratis.ContainerStateMachine (ContainerStateMachine.java:loadSnapshot(226)) - group-DB5B8B2B2DB8: The snapshot info is null. Setting the last applied indexto:(t:0, i:~)
2019-09-04 10:17:07,856 [pool-644-thread-1] INFO  server.RaftServerConfigKeys (ConfUtils.java:logGet(43)) - raft.server.leader.election.timeout = 120s (custom)
2019-09-04 10:17:07,856 [pool-655-thread-1] INFO  ratis.ContainerStateMachine (ContainerStateMachine.java:loadSnapshot(226)) - group-DB5B8B2B2DB8: The snapshot info is null. Setting the last applied indexto:(t:0, i:~)
2019-09-04 10:17:07,856 [pool-644-thread-1] INFO  server.RaftServerConfigKeys (ConfUtils.java:logGet(43)) - raft.server.log.use.memory = false (default)
2019-09-04 10:17:07,856 [pool-633-thread-1] INFO  server.RaftServerConfigKeys (ConfUtils.java:logGet(43)) - raft.server.leader.election.timeout = 120s (custom)
2019-09-04 10:17:07,857 [pool-644-thread-1] INFO  server.RaftServerConfigKeys (ConfUtils.java:logGet(43)) - raft.server.log.purge.gap = 1000000 (custom)
2019-09-04 10:17:07,857 [pool-655-thread-1] INFO  server.RaftServerConfigKeys (ConfUtils.java:logGet(43)) - raft.server.leader.election.timeout = 120s (custom)
2019-09-04 10:17:07,857 [pool-644-thread-1] INFO  server.RaftServerConfigKeys (ConfUtils.java:logGet(43)) - raft.server.log.appender.buffer.byte-limit = 33554432 (custom)
2019-09-04 10:17:07,857 [pool-633-thread-1] INFO  server.RaftServerConfigKeys (ConfUtils.java:logGet(43)) - raft.server.log.use.memory = false (default)
2019-09-04 10:17:07,857 [pool-644-thread-1] INFO  server.RaftServerConfigKeys (ConfUtils.java:logGet(43)) - raft.server.log.segment.size.max = 1048576 (custom)
2019-09-04 10:17:07,857 [pool-655-thread-1] INFO  server.RaftServerConfigKeys (ConfUtils.java:logGet(43)) - raft.server.log.use.memory = false (default)
2019-09-04 10:17:07,857 [pool-644-thread-1] INFO  server.RaftServerConfigKeys (ConfUtils.java:logGet(43)) - raft.server.log.segment.cache.num.max = 2 (custom)
2019-09-04 10:17:07,857 [pool-633-thread-1] INFO  server.RaftServerConfigKeys (ConfUtils.java:logGet(43)) - raft.server.log.purge.gap = 1000000 (custom)
2019-09-04 10:17:07,858 [pool-655-thread-1] INFO  server.RaftServerConfigKeys (ConfUtils.java:logGet(43)) - raft.server.log.purge.gap = 1000000 (custom)
2019-09-04 10:17:07,858 [pool-644-thread-1] INFO  segmented.SegmentedRaftLogWorker (SegmentedRaftLogWorker.java:<init>(172)) - new 47c468d8-6fe5-4042-9a7f-b5fec722af60-SegmentedRaftLogWorker:Storage Directory /workdir/hadoop-ozone/integration-test/target/test-dir/MiniOzoneClusterImpl-fbf2683a-c8d7-46fa-a564-419916e3e42d/datanode-1/data/ratis/1e8b4ec0-ac16-456b-a02d-db5b8b2b2db8 for RaftStorage:Storage Directory /workdir/hadoop-ozone/integration-test/target/test-dir/MiniOzoneClusterImpl-fbf2683a-c8d7-46fa-a564-419916e3e42d/datanode-1/data/ratis/1e8b4ec0-ac16-456b-a02d-db5b8b2b2db8
2019-09-04 10:17:07,858 [pool-655-thread-1] INFO  server.RaftServerConfigKeys (ConfUtils.java:logGet(43)) - raft.server.log.appender.buffer.byte-limit = 33554432 (custom)
2019-09-04 10:17:07,858 [pool-633-thread-1] INFO  server.RaftServerConfigKeys (ConfUtils.java:logGet(43)) - raft.server.log.appender.buffer.byte-limit = 33554432 (custom)
2019-09-04 10:17:07,858 [pool-655-thread-1] INFO  server.RaftServerConfigKeys (ConfUtils.java:logGet(43)) - raft.server.log.segment.size.max = 1048576 (custom)
2019-09-04 10:17:07,858 [pool-644-thread-1] INFO  server.RaftServerConfigKeys (ConfUtils.java:logGet(43)) - raft.server.log.queue.byte-limit = 2147483647 (custom)
2019-09-04 10:17:07,858 [pool-655-thread-1] INFO  server.RaftServerConfigKeys (ConfUtils.java:logGet(43)) - raft.server.log.segment.cache.num.max = 2 (custom)
2019-09-04 10:17:07,858 [pool-633-thread-1] INFO  server.RaftServerConfigKeys (ConfUtils.java:logGet(43)) - raft.server.log.segment.size.max = 1048576 (custom)
2019-09-04 10:17:07,859 [pool-655-thread-1] INFO  segmented.SegmentedRaftLogWorker (SegmentedRaftLogWorker.java:<init>(172)) - new 8ef0ae79-a58d-4d32-ad9c-cca36b501167-SegmentedRaftLogWorker:Storage Directory /workdir/hadoop-ozone/integration-test/target/test-dir/MiniOzoneClusterImpl-fbf2683a-c8d7-46fa-a564-419916e3e42d/datanode-2/data/ratis/1e8b4ec0-ac16-456b-a02d-db5b8b2b2db8 for RaftStorage:Storage Directory /workdir/hadoop-ozone/integration-test/target/test-dir/MiniOzoneClusterImpl-fbf2683a-c8d7-46fa-a564-419916e3e42d/datanode-2/data/ratis/1e8b4ec0-ac16-456b-a02d-db5b8b2b2db8
2019-09-04 10:17:07,858 [pool-644-thread-1] INFO  server.RaftServerConfigKeys (ConfUtils.java:logGet(43)) - raft.server.log.queue.element-limit = 1024 (custom)
2019-09-04 10:17:07,859 [pool-655-thread-1] INFO  server.RaftServerConfigKeys (ConfUtils.java:logGet(43)) - raft.server.log.queue.byte-limit = 2147483647 (custom)
2019-09-04 10:17:07,859 [pool-633-thread-1] INFO  server.RaftServerConfigKeys (ConfUtils.java:logGet(43)) - raft.server.log.segment.cache.num.max = 2 (custom)
2019-09-04 10:17:07,859 [pool-655-thread-1] INFO  server.RaftServerConfigKeys (ConfUtils.java:logGet(43)) - raft.server.log.queue.element-limit = 1024 (custom)
2019-09-04 10:17:07,859 [pool-644-thread-1] INFO  server.RaftServerConfigKeys (ConfUtils.java:logGet(43)) - raft.server.log.segment.size.max = 1048576 (custom)
2019-09-04 10:17:07,860 [pool-655-thread-1] INFO  server.RaftServerConfigKeys (ConfUtils.java:logGet(43)) - raft.server.log.segment.size.max = 1048576 (custom)
2019-09-04 10:17:07,859 [pool-633-thread-1] INFO  segmented.SegmentedRaftLogWorker (SegmentedRaftLogWorker.java:<init>(172)) - new 5a7a11a7-685d-4dd4-88fb-b8c69093e530-SegmentedRaftLogWorker:Storage Directory /workdir/hadoop-ozone/integration-test/target/test-dir/MiniOzoneClusterImpl-fbf2683a-c8d7-46fa-a564-419916e3e42d/datanode-0/data/ratis/1e8b4ec0-ac16-456b-a02d-db5b8b2b2db8 for RaftStorage:Storage Directory /workdir/hadoop-ozone/integration-test/target/test-dir/MiniOzoneClusterImpl-fbf2683a-c8d7-46fa-a564-419916e3e42d/datanode-0/data/ratis/1e8b4ec0-ac16-456b-a02d-db5b8b2b2db8
2019-09-04 10:17:07,860 [pool-655-thread-1] INFO  server.RaftServerConfigKeys (ConfUtils.java:logGet(43)) - raft.server.log.preallocated.size = 16384 (custom)
2019-09-04 10:17:07,860 [pool-644-thread-1] INFO  server.RaftServerConfigKeys (ConfUtils.java:logGet(43)) - raft.server.log.preallocated.size = 16384 (custom)
2019-09-04 10:17:07,860 [pool-655-thread-1] INFO  server.RaftServerConfigKeys (ConfUtils.java:logGet(43)) - raft.server.log.write.buffer.size = 33554432 (custom)
2019-09-04 10:17:07,860 [pool-633-thread-1] INFO  server.RaftServerConfigKeys (ConfUtils.java:logGet(43)) - raft.server.log.queue.byte-limit = 2147483647 (custom)
2019-09-04 10:17:07,860 [pool-655-thread-1] INFO  server.RaftServerConfigKeys (ConfUtils.java:logGet(43)) - raft.server.log.force.sync.num = 128 (default)
2019-09-04 10:17:07,860 [pool-644-thread-1] INFO  server.RaftServerConfigKeys (ConfUtils.java:logGet(43)) - raft.server.log.write.buffer.size = 33554432 (custom)
2019-09-04 10:17:07,861 [pool-655-thread-1] INFO  server.RaftServerConfigKeys (ConfUtils.java:logGet(43)) - raft.server.log.statemachine.data.sync = true (default)
2019-09-04 10:17:07,860 [pool-633-thread-1] INFO  server.RaftServerConfigKeys (ConfUtils.java:logGet(43)) - raft.server.log.queue.element-limit = 1024 (custom)
2019-09-04 10:17:07,861 [pool-655-thread-1] INFO  server.RaftServerConfigKeys (ConfUtils.java:logGet(43)) - raft.server.log.statemachine.data.sync.timeout = 10s (default)
2019-09-04 10:17:07,861 [pool-644-thread-1] INFO  server.RaftServerConfigKeys (ConfUtils.java:logGet(43)) - raft.server.log.force.sync.num = 128 (default)
2019-09-04 10:17:07,861 [pool-655-thread-1] INFO  server.RaftServerConfigKeys (ConfUtils.java:logGet(43)) - raft.server.log.statemachine.data.sync.timeout.retry = -1 (default)
2019-09-04 10:17:07,861 [pool-633-thread-1] INFO  server.RaftServerConfigKeys (ConfUtils.java:logGet(43)) - raft.server.log.segment.size.max = 1048576 (custom)
2019-09-04 10:17:07,861 [pool-655-thread-1] INFO  server.RaftServerConfigKeys (ConfUtils.java:logGet(43)) - raft.server.log.statemachine.data.caching.enabled = true (custom)
2019-09-04 10:17:07,861 [pool-644-thread-1] INFO  server.RaftServerConfigKeys (ConfUtils.java:logGet(43)) - raft.server.log.statemachine.data.sync = true (default)
2019-09-04 10:17:07,861 [pool-633-thread-1] INFO  server.RaftServerConfigKeys (ConfUtils.java:logGet(43)) - raft.server.log.preallocated.size = 16384 (custom)
2019-09-04 10:17:07,862 [pool-644-thread-1] INFO  server.RaftServerConfigKeys (ConfUtils.java:logGet(43)) - raft.server.log.statemachine.data.sync.timeout = 10s (default)
2019-09-04 10:17:07,862 [pool-633-thread-1] INFO  server.RaftServerConfigKeys (ConfUtils.java:logGet(43)) - raft.server.log.write.buffer.size = 33554432 (custom)
2019-09-04 10:17:07,862 [pool-655-thread-1] INFO  segmented.SegmentedRaftLogWorker (SegmentedRaftLogWorker.java:lambda$new$0(132)) - 8ef0ae79-a58d-4d32-ad9c-cca36b501167-SegmentedRaftLogWorker:Storage Directory /workdir/hadoop-ozone/integration-test/target/test-dir/MiniOzoneClusterImpl-fbf2683a-c8d7-46fa-a564-419916e3e42d/datanode-2/data/ratis/1e8b4ec0-ac16-456b-a02d-db5b8b2b2db8: flushIndex: setUnconditionally 0 -> -1
2019-09-04 10:17:07,862 [pool-633-thread-1] INFO  server.RaftServerConfigKeys (ConfUtils.java:logGet(43)) - raft.server.log.force.sync.num = 128 (default)
2019-09-04 10:17:07,862 [pool-644-thread-1] INFO  server.RaftServerConfigKeys (ConfUtils.java:logGet(43)) - raft.server.log.statemachine.data.sync.timeout.retry = -1 (default)
2019-09-04 10:17:07,862 [pool-633-thread-1] INFO  server.RaftServerConfigKeys (ConfUtils.java:logGet(43)) - raft.server.log.statemachine.data.sync = true (default)
2019-09-04 10:17:07,862 [pool-655-thread-1] INFO  server.RaftServerConfigKeys (ConfUtils.java:logGet(43)) - raft.server.snapshot.auto.trigger.enabled = true (custom)
2019-09-04 10:17:07,862 [pool-644-thread-1] INFO  server.RaftServerConfigKeys (ConfUtils.java:logGet(43)) - raft.server.log.statemachine.data.caching.enabled = true (custom)
2019-09-04 10:17:07,863 [pool-655-thread-1] INFO  server.RaftServerConfigKeys (ConfUtils.java:logGet(43)) - raft.server.snapshot.auto.trigger.threshold = 10000 (custom)
2019-09-04 10:17:07,863 [pool-644-thread-1] INFO  segmented.SegmentedRaftLogWorker (SegmentedRaftLogWorker.java:lambda$new$0(132)) - 47c468d8-6fe5-4042-9a7f-b5fec722af60-SegmentedRaftLogWorker:Storage Directory /workdir/hadoop-ozone/integration-test/target/test-dir/MiniOzoneClusterImpl-fbf2683a-c8d7-46fa-a564-419916e3e42d/datanode-1/data/ratis/1e8b4ec0-ac16-456b-a02d-db5b8b2b2db8: flushIndex: setUnconditionally 0 -> -1
2019-09-04 10:17:07,862 [pool-633-thread-1] INFO  server.RaftServerConfigKeys (ConfUtils.java:logGet(43)) - raft.server.log.statemachine.data.sync.timeout = 10s (default)
2019-09-04 10:17:07,863 [pool-655-thread-1] INFO  server.RaftServerConfigKeys (ConfUtils.java:logGet(43)) - raft.server.retrycache.expirytime = 600000ms (custom)
2019-09-04 10:17:07,863 [pool-644-thread-1] INFO  server.RaftServerConfigKeys (ConfUtils.java:logGet(43)) - raft.server.snapshot.auto.trigger.enabled = true (custom)
2019-09-04 10:17:07,863 [pool-633-thread-1] INFO  server.RaftServerConfigKeys (ConfUtils.java:logGet(43)) - raft.server.log.statemachine.data.sync.timeout.retry = -1 (default)
2019-09-04 10:17:07,863 [pool-644-thread-1] INFO  server.RaftServerConfigKeys (ConfUtils.java:logGet(43)) - raft.server.snapshot.auto.trigger.threshold = 10000 (custom)
2019-09-04 10:17:07,863 [pool-655-thread-1] INFO  impl.RaftServerImpl (RaftServerImpl.java:start(180)) - 8ef0ae79-a58d-4d32-ad9c-cca36b501167: start group-DB5B8B2B2DB8
2019-09-04 10:17:07,863 [pool-644-thread-1] INFO  server.RaftServerConfigKeys (ConfUtils.java:logGet(43)) - raft.server.retrycache.expirytime = 600000ms (custom)
2019-09-04 10:17:07,863 [pool-633-thread-1] INFO  server.RaftServerConfigKeys (ConfUtils.java:logGet(43)) - raft.server.log.statemachine.data.caching.enabled = true (custom)
2019-09-04 10:17:07,864 [pool-644-thread-1] INFO  impl.RaftServerImpl (RaftServerImpl.java:start(180)) - 47c468d8-6fe5-4042-9a7f-b5fec722af60: start group-DB5B8B2B2DB8
2019-09-04 10:17:07,863 [pool-655-thread-1] INFO  impl.RaftServerImpl (RaftServerImpl.java:setRole(171)) - 8ef0ae79-a58d-4d32-ad9c-cca36b501167:group-DB5B8B2B2DB8 changes role from null to FOLLOWER at term 0 for startAsFollower
2019-09-04 10:17:07,864 [pool-633-thread-1] INFO  segmented.SegmentedRaftLogWorker (SegmentedRaftLogWorker.java:lambda$new$0(132)) - 5a7a11a7-685d-4dd4-88fb-b8c69093e530-SegmentedRaftLogWorker:Storage Directory /workdir/hadoop-ozone/integration-test/target/test-dir/MiniOzoneClusterImpl-fbf2683a-c8d7-46fa-a564-419916e3e42d/datanode-0/data/ratis/1e8b4ec0-ac16-456b-a02d-db5b8b2b2db8: flushIndex: setUnconditionally 0 -> -1
2019-09-04 10:17:07,864 [pool-644-thread-1] INFO  impl.RaftServerImpl (RaftServerImpl.java:setRole(171)) - 47c468d8-6fe5-4042-9a7f-b5fec722af60:group-DB5B8B2B2DB8 changes role from null to FOLLOWER at term 0 for startAsFollower
2019-09-04 10:17:07,864 [pool-655-thread-1] INFO  impl.RoleInfo (RoleInfo.java:updateAndGet(143)) - 8ef0ae79-a58d-4d32-ad9c-cca36b501167: start FollowerState
2019-09-04 10:17:07,864 [pool-633-thread-1] INFO  server.RaftServerConfigKeys (ConfUtils.java:logGet(43)) - raft.server.snapshot.auto.trigger.enabled = true (custom)
2019-09-04 10:17:07,864 [pool-644-thread-1] INFO  impl.RoleInfo (RoleInfo.java:updateAndGet(143)) - 47c468d8-6fe5-4042-9a7f-b5fec722af60: start FollowerState
2019-09-04 10:17:07,864 [pool-633-thread-1] INFO  server.RaftServerConfigKeys (ConfUtils.java:logGet(43)) - raft.server.snapshot.auto.trigger.threshold = 10000 (custom)
2019-09-04 10:17:07,864 [pool-655-thread-1] INFO  util.JmxRegister (JmxRegister.java:tryRegister(44)) - Successfully registered JMX Bean with object name Ratis:service=RaftServer,group=group-DB5B8B2B2DB8,id=8ef0ae79-a58d-4d32-ad9c-cca36b501167
2019-09-04 10:17:07,864 [pool-633-thread-1] INFO  server.RaftServerConfigKeys (ConfUtils.java:logGet(43)) - raft.server.retrycache.expirytime = 600000ms (custom)
2019-09-04 10:17:07,865 [pool-644-thread-1] INFO  util.JmxRegister (JmxRegister.java:tryRegister(44)) - Successfully registered JMX Bean with object name Ratis:service=RaftServer,group=group-DB5B8B2B2DB8,id=47c468d8-6fe5-4042-9a7f-b5fec722af60
2019-09-04 10:17:07,865 [pool-633-thread-1] INFO  impl.RaftServerImpl (RaftServerImpl.java:start(180)) - 5a7a11a7-685d-4dd4-88fb-b8c69093e530: start group-DB5B8B2B2DB8
2019-09-04 10:17:07,865 [pool-633-thread-1] INFO  impl.RaftServerImpl (RaftServerImpl.java:setRole(171)) - 5a7a11a7-685d-4dd4-88fb-b8c69093e530:group-DB5B8B2B2DB8 changes role from null to FOLLOWER at term 0 for startAsFollower
2019-09-04 10:17:07,865 [pool-633-thread-1] INFO  impl.RoleInfo (RoleInfo.java:updateAndGet(143)) - 5a7a11a7-685d-4dd4-88fb-b8c69093e530: start FollowerState
2019-09-04 10:17:07,865 [pool-633-thread-1] INFO  util.JmxRegister (JmxRegister.java:tryRegister(44)) - Successfully registered JMX Bean with object name Ratis:service=RaftServer,group=group-DB5B8B2B2DB8,id=5a7a11a7-685d-4dd4-88fb-b8c69093e530
2019-09-04 10:17:07,873 [RatisPipelineUtilsThread] INFO  pipeline.PipelineStateManager (PipelineStateManager.java:addPipeline(56)) - Created pipeline Pipeline[ Id: 1e8b4ec0-ac16-456b-a02d-db5b8b2b2db8, Nodes: 47c468d8-6fe5-4042-9a7f-b5fec722af60{ip: 192.168.36.67, host: pr-hdds-1569-fjd24-125839774, networkLocation: /default-rack, certSerialId: null}5a7a11a7-685d-4dd4-88fb-b8c69093e530{ip: 192.168.36.67, host: pr-hdds-1569-fjd24-125839774, networkLocation: /default-rack, certSerialId: null}8ef0ae79-a58d-4d32-ad9c-cca36b501167{ip: 192.168.36.67, host: pr-hdds-1569-fjd24-125839774, networkLocation: /default-rack, certSerialId: null}, Type:RATIS, Factor:THREE, State:OPEN]
2019-09-04 10:17:07,958 [main] INFO  ozone.MiniOzoneClusterImpl (MiniOzoneClusterImpl.java:lambda$waitForClusterToBeReady$0(142)) - Waiting for cluster to be ready. Got 3 of 7 DN Heartbeats.
2019-09-04 10:17:08,023 [IPC Server handler 18 on 39253] INFO  net.NetworkTopology (NetworkTopologyImpl.java:add(110)) - Added a new node: /default-rack/a8339521-9748-4b3f-93ce-dabf586a78fe
2019-09-04 10:17:08,023 [IPC Server handler 18 on 39253] INFO  node.SCMNodeManager (SCMNodeManager.java:register(273)) - Registered Data node : a8339521-9748-4b3f-93ce-dabf586a78fe{ip: 192.168.36.67, host: pr-hdds-1569-fjd24-125839774, networkLocation: /default-rack, certSerialId: null}
2019-09-04 10:17:08,024 | INFO  | SCMAudit | user=jenkins1000 | ip=192.168.36.67 | op=REGISTER {datanodeDetails=a8339521-9748-4b3f-93ce-dabf586a78fe{ip: 192.168.36.67, host: pr-hdds-1569-fjd24-125839774, networkLocation: /default-rack, certSerialId: null}} | ret=SUCCESS |  
2019-09-04 10:17:08,032 [grpc-default-executor-11] INFO  impl.RaftServerProxy (RaftServerProxy.java:addNew(89)) - a8339521-9748-4b3f-93ce-dabf586a78fe: addNew group-AE8A2ADA5770:[a8339521-9748-4b3f-93ce-dabf586a78fe:192.168.36.67:44312] returns group-AE8A2ADA5770:java.util.concurrent.CompletableFuture@191f15e2[Not completed]
2019-09-04 10:17:08,033 [pool-666-thread-1] INFO  impl.RaftServerImpl (RaftServerImpl.java:<init>(93)) - a8339521-9748-4b3f-93ce-dabf586a78fe: new RaftServerImpl for group-AE8A2ADA5770:[a8339521-9748-4b3f-93ce-dabf586a78fe:192.168.36.67:44312] with ContainerStateMachine:uninitialized
2019-09-04 10:17:08,033 [pool-666-thread-1] INFO  server.RaftServerConfigKeys (ConfUtils.java:logGet(43)) - raft.server.rpc.timeout.min = 5s (custom)
2019-09-04 10:17:08,033 [pool-666-thread-1] INFO  server.RaftServerConfigKeys (ConfUtils.java:logGet(43)) - raft.server.rpc.timeout.max = 5200ms (custom)
2019-09-04 10:17:08,033 [pool-666-thread-1] INFO  server.RaftServerConfigKeys (ConfUtils.java:logGet(43)) - raft.server.rpcslowness.timeout = 120s (custom)
2019-09-04 10:17:08,033 [pool-666-thread-1] INFO  server.RaftServerConfigKeys (ConfUtils.java:logGet(43)) - raft.server.sleep.deviation.threshold = 300 (default)
2019-09-04 10:17:08,033 [pool-666-thread-1] INFO  server.RaftServerConfigKeys (ConfUtils.java:logGet(43)) - raft.server.log.appender.install.snapshot.enabled = false (custom)
2019-09-04 10:17:08,033 [pool-666-thread-1] INFO  impl.RaftServerImpl (ServerState.java:<init>(105)) - a8339521-9748-4b3f-93ce-dabf586a78fe:group-AE8A2ADA5770 ConfigurationManager, init=-1: [a8339521-9748-4b3f-93ce-dabf586a78fe:192.168.36.67:44312], old=null, confs=<EMPTY_MAP>
2019-09-04 10:17:08,033 [pool-666-thread-1] INFO  server.RaftServerConfigKeys (ConfUtils.java:logGet(43)) - raft.server.storage.dir = [/workdir/hadoop-ozone/integration-test/target/test-dir/MiniOzoneClusterImpl-fbf2683a-c8d7-46fa-a564-419916e3e42d/datanode-3/data/ratis] (custom)
2019-09-04 10:17:08,034 [pool-666-thread-1] INFO  storage.RaftStorageDirectory (RaftStorageDirectory.java:analyzeStorage(246)) - The storage directory /workdir/hadoop-ozone/integration-test/target/test-dir/MiniOzoneClusterImpl-fbf2683a-c8d7-46fa-a564-419916e3e42d/datanode-3/data/ratis/65b4e5df-e0f9-4c7a-a021-ae8a2ada5770 does not exist. Creating ...
2019-09-04 10:17:08,046 [pool-666-thread-1] INFO  storage.RaftStorageDirectory (RaftStorageDirectory.java:tryLock(328)) - Lock on /workdir/hadoop-ozone/integration-test/target/test-dir/MiniOzoneClusterImpl-fbf2683a-c8d7-46fa-a564-419916e3e42d/datanode-3/data/ratis/65b4e5df-e0f9-4c7a-a021-ae8a2ada5770/in_use.lock acquired by nodename 21473@pr-hdds-1569-fjd24-125839774
2019-09-04 10:17:08,060 [pool-666-thread-1] INFO  storage.RaftStorage (RaftStorage.java:format(72)) - Storage directory /workdir/hadoop-ozone/integration-test/target/test-dir/MiniOzoneClusterImpl-fbf2683a-c8d7-46fa-a564-419916e3e42d/datanode-3/data/ratis/65b4e5df-e0f9-4c7a-a021-ae8a2ada5770 has been successfully formatted.
2019-09-04 10:17:08,060 [pool-666-thread-1] INFO  ratis.ContainerStateMachine (ContainerStateMachine.java:loadSnapshot(226)) - group-AE8A2ADA5770: The snapshot info is null. Setting the last applied indexto:(t:0, i:~)
2019-09-04 10:17:08,060 [pool-666-thread-1] INFO  server.RaftServerConfigKeys (ConfUtils.java:logGet(43)) - raft.server.leader.election.timeout = 120s (custom)
2019-09-04 10:17:08,060 [pool-666-thread-1] INFO  server.RaftServerConfigKeys (ConfUtils.java:logGet(43)) - raft.server.log.use.memory = false (default)
2019-09-04 10:17:08,060 [pool-666-thread-1] INFO  server.RaftServerConfigKeys (ConfUtils.java:logGet(43)) - raft.server.log.purge.gap = 1000000 (custom)
2019-09-04 10:17:08,060 [pool-666-thread-1] INFO  server.RaftServerConfigKeys (ConfUtils.java:logGet(43)) - raft.server.log.appender.buffer.byte-limit = 33554432 (custom)
2019-09-04 10:17:08,061 [pool-666-thread-1] INFO  server.RaftServerConfigKeys (ConfUtils.java:logGet(43)) - raft.server.log.segment.size.max = 1048576 (custom)
2019-09-04 10:17:08,061 [pool-666-thread-1] INFO  server.RaftServerConfigKeys (ConfUtils.java:logGet(43)) - raft.server.log.segment.cache.num.max = 2 (custom)
2019-09-04 10:17:08,061 [pool-666-thread-1] INFO  segmented.SegmentedRaftLogWorker (SegmentedRaftLogWorker.java:<init>(172)) - new a8339521-9748-4b3f-93ce-dabf586a78fe-SegmentedRaftLogWorker:Storage Directory /workdir/hadoop-ozone/integration-test/target/test-dir/MiniOzoneClusterImpl-fbf2683a-c8d7-46fa-a564-419916e3e42d/datanode-3/data/ratis/65b4e5df-e0f9-4c7a-a021-ae8a2ada5770 for RaftStorage:Storage Directory /workdir/hadoop-ozone/integration-test/target/test-dir/MiniOzoneClusterImpl-fbf2683a-c8d7-46fa-a564-419916e3e42d/datanode-3/data/ratis/65b4e5df-e0f9-4c7a-a021-ae8a2ada5770
2019-09-04 10:17:08,061 [pool-666-thread-1] INFO  server.RaftServerConfigKeys (ConfUtils.java:logGet(43)) - raft.server.log.queue.byte-limit = 2147483647 (custom)
2019-09-04 10:17:08,061 [pool-666-thread-1] INFO  server.RaftServerConfigKeys (ConfUtils.java:logGet(43)) - raft.server.log.queue.element-limit = 1024 (custom)
2019-09-04 10:17:08,062 [pool-666-thread-1] INFO  server.RaftServerConfigKeys (ConfUtils.java:logGet(43)) - raft.server.log.segment.size.max = 1048576 (custom)
2019-09-04 10:17:08,062 [pool-666-thread-1] INFO  server.RaftServerConfigKeys (ConfUtils.java:logGet(43)) - raft.server.log.preallocated.size = 16384 (custom)
2019-09-04 10:17:08,062 [pool-666-thread-1] INFO  server.RaftServerConfigKeys (ConfUtils.java:logGet(43)) - raft.server.log.write.buffer.size = 33554432 (custom)
2019-09-04 10:17:08,062 [pool-666-thread-1] INFO  server.RaftServerConfigKeys (ConfUtils.java:logGet(43)) - raft.server.log.force.sync.num = 128 (default)
2019-09-04 10:17:08,062 [pool-666-thread-1] INFO  server.RaftServerConfigKeys (ConfUtils.java:logGet(43)) - raft.server.log.statemachine.data.sync = true (default)
2019-09-04 10:17:08,062 [pool-666-thread-1] INFO  server.RaftServerConfigKeys (ConfUtils.java:logGet(43)) - raft.server.log.statemachine.data.sync.timeout = 10s (default)
2019-09-04 10:17:08,062 [pool-666-thread-1] INFO  server.RaftServerConfigKeys (ConfUtils.java:logGet(43)) - raft.server.log.statemachine.data.sync.timeout.retry = -1 (default)
2019-09-04 10:17:08,063 [pool-666-thread-1] INFO  server.RaftServerConfigKeys (ConfUtils.java:logGet(43)) - raft.server.log.statemachine.data.caching.enabled = true (custom)
2019-09-04 10:17:08,063 [pool-666-thread-1] INFO  segmented.SegmentedRaftLogWorker (SegmentedRaftLogWorker.java:lambda$new$0(132)) - a8339521-9748-4b3f-93ce-dabf586a78fe-SegmentedRaftLogWorker:Storage Directory /workdir/hadoop-ozone/integration-test/target/test-dir/MiniOzoneClusterImpl-fbf2683a-c8d7-46fa-a564-419916e3e42d/datanode-3/data/ratis/65b4e5df-e0f9-4c7a-a021-ae8a2ada5770: flushIndex: setUnconditionally 0 -> -1
2019-09-04 10:17:08,063 [pool-666-thread-1] INFO  server.RaftServerConfigKeys (ConfUtils.java:logGet(43)) - raft.server.snapshot.auto.trigger.enabled = true (custom)
2019-09-04 10:17:08,063 [pool-666-thread-1] INFO  server.RaftServerConfigKeys (ConfUtils.java:logGet(43)) - raft.server.snapshot.auto.trigger.threshold = 10000 (custom)
2019-09-04 10:17:08,064 [pool-666-thread-1] INFO  server.RaftServerConfigKeys (ConfUtils.java:logGet(43)) - raft.server.retrycache.expirytime = 600000ms (custom)
2019-09-04 10:17:08,064 [pool-666-thread-1] INFO  impl.RaftServerImpl (RaftServerImpl.java:start(180)) - a8339521-9748-4b3f-93ce-dabf586a78fe: start group-AE8A2ADA5770
2019-09-04 10:17:08,064 [pool-666-thread-1] INFO  impl.RaftServerImpl (RaftServerImpl.java:setRole(171)) - a8339521-9748-4b3f-93ce-dabf586a78fe:group-AE8A2ADA5770 changes role from null to FOLLOWER at term 0 for startAsFollower
2019-09-04 10:17:08,064 [pool-666-thread-1] INFO  impl.RoleInfo (RoleInfo.java:updateAndGet(143)) - a8339521-9748-4b3f-93ce-dabf586a78fe: start FollowerState
2019-09-04 10:17:08,077 [pool-666-thread-1] INFO  util.JmxRegister (JmxRegister.java:tryRegister(44)) - Successfully registered JMX Bean with object name Ratis:service=RaftServer,group=group-AE8A2ADA5770,id=a8339521-9748-4b3f-93ce-dabf586a78fe
2019-09-04 10:17:08,081 [RatisPipelineUtilsThread] INFO  pipeline.PipelineStateManager (PipelineStateManager.java:addPipeline(56)) - Created pipeline Pipeline[ Id: 65b4e5df-e0f9-4c7a-a021-ae8a2ada5770, Nodes: a8339521-9748-4b3f-93ce-dabf586a78fe{ip: 192.168.36.67, host: pr-hdds-1569-fjd24-125839774, networkLocation: /default-rack, certSerialId: null}, Type:RATIS, Factor:ONE, State:OPEN]
2019-09-04 10:17:08,516 [IPC Server handler 17 on 39253] INFO  net.NetworkTopology (NetworkTopologyImpl.java:add(110)) - Added a new node: /default-rack/adc7ce4f-a574-4e1f-927c-4aeedb5bfc3b
2019-09-04 10:17:08,516 [IPC Server handler 17 on 39253] INFO  node.SCMNodeManager (SCMNodeManager.java:register(273)) - Registered Data node : adc7ce4f-a574-4e1f-927c-4aeedb5bfc3b{ip: 192.168.36.67, host: pr-hdds-1569-fjd24-125839774, networkLocation: /default-rack, certSerialId: null}
2019-09-04 10:17:08,519 | INFO  | SCMAudit | user=jenkins1000 | ip=192.168.36.67 | op=REGISTER {datanodeDetails=adc7ce4f-a574-4e1f-927c-4aeedb5bfc3b{ip: 192.168.36.67, host: pr-hdds-1569-fjd24-125839774, networkLocation: /default-rack, certSerialId: null}} | ret=SUCCESS |  
2019-09-04 10:17:08,525 [grpc-default-executor-1] INFO  impl.RaftServerProxy (RaftServerProxy.java:addNew(89)) - adc7ce4f-a574-4e1f-927c-4aeedb5bfc3b: addNew group-342FDB6B7EFD:[adc7ce4f-a574-4e1f-927c-4aeedb5bfc3b:192.168.36.67:38067] returns group-342FDB6B7EFD:java.util.concurrent.CompletableFuture@4bb059c2[Not completed]
2019-09-04 10:17:08,527 [pool-677-thread-1] INFO  impl.RaftServerImpl (RaftServerImpl.java:<init>(93)) - adc7ce4f-a574-4e1f-927c-4aeedb5bfc3b: new RaftServerImpl for group-342FDB6B7EFD:[adc7ce4f-a574-4e1f-927c-4aeedb5bfc3b:192.168.36.67:38067] with ContainerStateMachine:uninitialized
2019-09-04 10:17:08,527 [pool-677-thread-1] INFO  server.RaftServerConfigKeys (ConfUtils.java:logGet(43)) - raft.server.rpc.timeout.min = 5s (custom)
2019-09-04 10:17:08,527 [pool-677-thread-1] INFO  server.RaftServerConfigKeys (ConfUtils.java:logGet(43)) - raft.server.rpc.timeout.max = 5200ms (custom)
2019-09-04 10:17:08,527 [pool-677-thread-1] INFO  server.RaftServerConfigKeys (ConfUtils.java:logGet(43)) - raft.server.rpcslowness.timeout = 120s (custom)
2019-09-04 10:17:08,527 [pool-677-thread-1] INFO  server.RaftServerConfigKeys (ConfUtils.java:logGet(43)) - raft.server.sleep.deviation.threshold = 300 (default)
2019-09-04 10:17:08,527 [pool-677-thread-1] INFO  server.RaftServerConfigKeys (ConfUtils.java:logGet(43)) - raft.server.log.appender.install.snapshot.enabled = false (custom)
2019-09-04 10:17:08,527 [pool-677-thread-1] INFO  impl.RaftServerImpl (ServerState.java:<init>(105)) - adc7ce4f-a574-4e1f-927c-4aeedb5bfc3b:group-342FDB6B7EFD ConfigurationManager, init=-1: [adc7ce4f-a574-4e1f-927c-4aeedb5bfc3b:192.168.36.67:38067], old=null, confs=<EMPTY_MAP>
2019-09-04 10:17:08,527 [pool-677-thread-1] INFO  server.RaftServerConfigKeys (ConfUtils.java:logGet(43)) - raft.server.storage.dir = [/workdir/hadoop-ozone/integration-test/target/test-dir/MiniOzoneClusterImpl-fbf2683a-c8d7-46fa-a564-419916e3e42d/datanode-4/data/ratis] (custom)
2019-09-04 10:17:08,528 [pool-677-thread-1] INFO  storage.RaftStorageDirectory (RaftStorageDirectory.java:analyzeStorage(246)) - The storage directory /workdir/hadoop-ozone/integration-test/target/test-dir/MiniOzoneClusterImpl-fbf2683a-c8d7-46fa-a564-419916e3e42d/datanode-4/data/ratis/0a60156a-9808-43cd-b262-342fdb6b7efd does not exist. Creating ...
2019-09-04 10:17:08,540 [pool-677-thread-1] INFO  storage.RaftStorageDirectory (RaftStorageDirectory.java:tryLock(328)) - Lock on /workdir/hadoop-ozone/integration-test/target/test-dir/MiniOzoneClusterImpl-fbf2683a-c8d7-46fa-a564-419916e3e42d/datanode-4/data/ratis/0a60156a-9808-43cd-b262-342fdb6b7efd/in_use.lock acquired by nodename 21473@pr-hdds-1569-fjd24-125839774
2019-09-04 10:17:08,553 [pool-677-thread-1] INFO  storage.RaftStorage (RaftStorage.java:format(72)) - Storage directory /workdir/hadoop-ozone/integration-test/target/test-dir/MiniOzoneClusterImpl-fbf2683a-c8d7-46fa-a564-419916e3e42d/datanode-4/data/ratis/0a60156a-9808-43cd-b262-342fdb6b7efd has been successfully formatted.
2019-09-04 10:17:08,554 [pool-677-thread-1] INFO  ratis.ContainerStateMachine (ContainerStateMachine.java:loadSnapshot(226)) - group-342FDB6B7EFD: The snapshot info is null. Setting the last applied indexto:(t:0, i:~)
2019-09-04 10:17:08,554 [pool-677-thread-1] INFO  server.RaftServerConfigKeys (ConfUtils.java:logGet(43)) - raft.server.leader.election.timeout = 120s (custom)
2019-09-04 10:17:08,554 [pool-677-thread-1] INFO  server.RaftServerConfigKeys (ConfUtils.java:logGet(43)) - raft.server.log.use.memory = false (default)
2019-09-04 10:17:08,554 [pool-677-thread-1] INFO  server.RaftServerConfigKeys (ConfUtils.java:logGet(43)) - raft.server.log.purge.gap = 1000000 (custom)
2019-09-04 10:17:08,554 [pool-677-thread-1] INFO  server.RaftServerConfigKeys (ConfUtils.java:logGet(43)) - raft.server.log.appender.buffer.byte-limit = 33554432 (custom)
2019-09-04 10:17:08,554 [pool-677-thread-1] INFO  server.RaftServerConfigKeys (ConfUtils.java:logGet(43)) - raft.server.log.segment.size.max = 1048576 (custom)
2019-09-04 10:17:08,554 [pool-677-thread-1] INFO  server.RaftServerConfigKeys (ConfUtils.java:logGet(43)) - raft.server.log.segment.cache.num.max = 2 (custom)
2019-09-04 10:17:08,555 [pool-677-thread-1] INFO  segmented.SegmentedRaftLogWorker (SegmentedRaftLogWorker.java:<init>(172)) - new adc7ce4f-a574-4e1f-927c-4aeedb5bfc3b-SegmentedRaftLogWorker:Storage Directory /workdir/hadoop-ozone/integration-test/target/test-dir/MiniOzoneClusterImpl-fbf2683a-c8d7-46fa-a564-419916e3e42d/datanode-4/data/ratis/0a60156a-9808-43cd-b262-342fdb6b7efd for RaftStorage:Storage Directory /workdir/hadoop-ozone/integration-test/target/test-dir/MiniOzoneClusterImpl-fbf2683a-c8d7-46fa-a564-419916e3e42d/datanode-4/data/ratis/0a60156a-9808-43cd-b262-342fdb6b7efd
2019-09-04 10:17:08,555 [pool-677-thread-1] INFO  server.RaftServerConfigKeys (ConfUtils.java:logGet(43)) - raft.server.log.queue.byte-limit = 2147483647 (custom)
2019-09-04 10:17:08,555 [pool-677-thread-1] INFO  server.RaftServerConfigKeys (ConfUtils.java:logGet(43)) - raft.server.log.queue.element-limit = 1024 (custom)
2019-09-04 10:17:08,555 [pool-677-thread-1] INFO  server.RaftServerConfigKeys (ConfUtils.java:logGet(43)) - raft.server.log.segment.size.max = 1048576 (custom)
2019-09-04 10:17:08,555 [pool-677-thread-1] INFO  server.RaftServerConfigKeys (ConfUtils.java:logGet(43)) - raft.server.log.preallocated.size = 16384 (custom)
2019-09-04 10:17:08,555 [pool-677-thread-1] INFO  server.RaftServerConfigKeys (ConfUtils.java:logGet(43)) - raft.server.log.write.buffer.size = 33554432 (custom)
2019-09-04 10:17:08,555 [pool-677-thread-1] INFO  server.RaftServerConfigKeys (ConfUtils.java:logGet(43)) - raft.server.log.force.sync.num = 128 (default)
2019-09-04 10:17:08,555 [pool-677-thread-1] INFO  server.RaftServerConfigKeys (ConfUtils.java:logGet(43)) - raft.server.log.statemachine.data.sync = true (default)
2019-09-04 10:17:08,556 [pool-677-thread-1] INFO  server.RaftServerConfigKeys (ConfUtils.java:logGet(43)) - raft.server.log.statemachine.data.sync.timeout = 10s (default)
2019-09-04 10:17:08,556 [pool-677-thread-1] INFO  server.RaftServerConfigKeys (ConfUtils.java:logGet(43)) - raft.server.log.statemachine.data.sync.timeout.retry = -1 (default)
2019-09-04 10:17:08,556 [pool-677-thread-1] INFO  server.RaftServerConfigKeys (ConfUtils.java:logGet(43)) - raft.server.log.statemachine.data.caching.enabled = true (custom)
2019-09-04 10:17:08,556 [pool-677-thread-1] INFO  segmented.SegmentedRaftLogWorker (SegmentedRaftLogWorker.java:lambda$new$0(132)) - adc7ce4f-a574-4e1f-927c-4aeedb5bfc3b-SegmentedRaftLogWorker:Storage Directory /workdir/hadoop-ozone/integration-test/target/test-dir/MiniOzoneClusterImpl-fbf2683a-c8d7-46fa-a564-419916e3e42d/datanode-4/data/ratis/0a60156a-9808-43cd-b262-342fdb6b7efd: flushIndex: setUnconditionally 0 -> -1
2019-09-04 10:17:08,557 [pool-677-thread-1] INFO  server.RaftServerConfigKeys (ConfUtils.java:logGet(43)) - raft.server.snapshot.auto.trigger.enabled = true (custom)
2019-09-04 10:17:08,557 [pool-677-thread-1] INFO  server.RaftServerConfigKeys (ConfUtils.java:logGet(43)) - raft.server.snapshot.auto.trigger.threshold = 10000 (custom)
2019-09-04 10:17:08,557 [pool-677-thread-1] INFO  server.RaftServerConfigKeys (ConfUtils.java:logGet(43)) - raft.server.retrycache.expirytime = 600000ms (custom)
2019-09-04 10:17:08,557 [pool-677-thread-1] INFO  impl.RaftServerImpl (RaftServerImpl.java:start(180)) - adc7ce4f-a574-4e1f-927c-4aeedb5bfc3b: start group-342FDB6B7EFD
2019-09-04 10:17:08,557 [pool-677-thread-1] INFO  impl.RaftServerImpl (RaftServerImpl.java:setRole(171)) - adc7ce4f-a574-4e1f-927c-4aeedb5bfc3b:group-342FDB6B7EFD changes role from null to FOLLOWER at term 0 for startAsFollower
2019-09-04 10:17:08,557 [pool-677-thread-1] INFO  impl.RoleInfo (RoleInfo.java:updateAndGet(143)) - adc7ce4f-a574-4e1f-927c-4aeedb5bfc3b: start FollowerState
2019-09-04 10:17:08,558 [pool-677-thread-1] INFO  util.JmxRegister (JmxRegister.java:tryRegister(44)) - Successfully registered JMX Bean with object name Ratis:service=RaftServer,group=group-342FDB6B7EFD,id=adc7ce4f-a574-4e1f-927c-4aeedb5bfc3b
2019-09-04 10:17:08,563 [RatisPipelineUtilsThread] INFO  pipeline.PipelineStateManager (PipelineStateManager.java:addPipeline(56)) - Created pipeline Pipeline[ Id: 0a60156a-9808-43cd-b262-342fdb6b7efd, Nodes: adc7ce4f-a574-4e1f-927c-4aeedb5bfc3b{ip: 192.168.36.67, host: pr-hdds-1569-fjd24-125839774, networkLocation: /default-rack, certSerialId: null}, Type:RATIS, Factor:ONE, State:OPEN]
2019-09-04 10:17:08,766 [IPC Server handler 8 on 39253] INFO  net.NetworkTopology (NetworkTopologyImpl.java:add(110)) - Added a new node: /default-rack/d2bc92ad-7d78-408f-a6ab-434098f1c8bb
2019-09-04 10:17:08,767 [IPC Server handler 8 on 39253] INFO  node.SCMNodeManager (SCMNodeManager.java:register(273)) - Registered Data node : d2bc92ad-7d78-408f-a6ab-434098f1c8bb{ip: 192.168.36.67, host: pr-hdds-1569-fjd24-125839774, networkLocation: /default-rack, certSerialId: null}
2019-09-04 10:17:08,767 | INFO  | SCMAudit | user=jenkins1000 | ip=192.168.36.67 | op=REGISTER {datanodeDetails=d2bc92ad-7d78-408f-a6ab-434098f1c8bb{ip: 192.168.36.67, host: pr-hdds-1569-fjd24-125839774, networkLocation: /default-rack, certSerialId: null}} | ret=SUCCESS |  
2019-09-04 10:17:08,774 [grpc-default-executor-1] INFO  impl.RaftServerProxy (RaftServerProxy.java:addNew(89)) - d2bc92ad-7d78-408f-a6ab-434098f1c8bb: addNew group-4592A761E7D2:[d2bc92ad-7d78-408f-a6ab-434098f1c8bb:192.168.36.67:33988] returns group-4592A761E7D2:java.util.concurrent.CompletableFuture@6ff873bf[Not completed]
2019-09-04 10:17:08,775 [pool-688-thread-1] INFO  impl.RaftServerImpl (RaftServerImpl.java:<init>(93)) - d2bc92ad-7d78-408f-a6ab-434098f1c8bb: new RaftServerImpl for group-4592A761E7D2:[d2bc92ad-7d78-408f-a6ab-434098f1c8bb:192.168.36.67:33988] with ContainerStateMachine:uninitialized
2019-09-04 10:17:08,775 [pool-688-thread-1] INFO  server.RaftServerConfigKeys (ConfUtils.java:logGet(43)) - raft.server.rpc.timeout.min = 5s (custom)
2019-09-04 10:17:08,776 [pool-688-thread-1] INFO  server.RaftServerConfigKeys (ConfUtils.java:logGet(43)) - raft.server.rpc.timeout.max = 5200ms (custom)
2019-09-04 10:17:08,776 [pool-688-thread-1] INFO  server.RaftServerConfigKeys (ConfUtils.java:logGet(43)) - raft.server.rpcslowness.timeout = 120s (custom)
2019-09-04 10:17:08,776 [pool-688-thread-1] INFO  server.RaftServerConfigKeys (ConfUtils.java:logGet(43)) - raft.server.sleep.deviation.threshold = 300 (default)
2019-09-04 10:17:08,776 [pool-688-thread-1] INFO  server.RaftServerConfigKeys (ConfUtils.java:logGet(43)) - raft.server.log.appender.install.snapshot.enabled = false (custom)
2019-09-04 10:17:08,776 [pool-688-thread-1] INFO  impl.RaftServerImpl (ServerState.java:<init>(105)) - d2bc92ad-7d78-408f-a6ab-434098f1c8bb:group-4592A761E7D2 ConfigurationManager, init=-1: [d2bc92ad-7d78-408f-a6ab-434098f1c8bb:192.168.36.67:33988], old=null, confs=<EMPTY_MAP>
2019-09-04 10:17:08,776 [pool-688-thread-1] INFO  server.RaftServerConfigKeys (ConfUtils.java:logGet(43)) - raft.server.storage.dir = [/workdir/hadoop-ozone/integration-test/target/test-dir/MiniOzoneClusterImpl-fbf2683a-c8d7-46fa-a564-419916e3e42d/datanode-5/data/ratis] (custom)
2019-09-04 10:17:08,777 [pool-688-thread-1] INFO  storage.RaftStorageDirectory (RaftStorageDirectory.java:analyzeStorage(246)) - The storage directory /workdir/hadoop-ozone/integration-test/target/test-dir/MiniOzoneClusterImpl-fbf2683a-c8d7-46fa-a564-419916e3e42d/datanode-5/data/ratis/b9d94e76-c278-4554-b53e-4592a761e7d2 does not exist. Creating ...
2019-09-04 10:17:08,789 [pool-688-thread-1] INFO  storage.RaftStorageDirectory (RaftStorageDirectory.java:tryLock(328)) - Lock on /workdir/hadoop-ozone/integration-test/target/test-dir/MiniOzoneClusterImpl-fbf2683a-c8d7-46fa-a564-419916e3e42d/datanode-5/data/ratis/b9d94e76-c278-4554-b53e-4592a761e7d2/in_use.lock acquired by nodename 21473@pr-hdds-1569-fjd24-125839774
2019-09-04 10:17:08,815 [pool-688-thread-1] INFO  storage.RaftStorage (RaftStorage.java:format(72)) - Storage directory /workdir/hadoop-ozone/integration-test/target/test-dir/MiniOzoneClusterImpl-fbf2683a-c8d7-46fa-a564-419916e3e42d/datanode-5/data/ratis/b9d94e76-c278-4554-b53e-4592a761e7d2 has been successfully formatted.
2019-09-04 10:17:08,815 [pool-688-thread-1] INFO  ratis.ContainerStateMachine (ContainerStateMachine.java:loadSnapshot(226)) - group-4592A761E7D2: The snapshot info is null. Setting the last applied indexto:(t:0, i:~)
2019-09-04 10:17:08,815 [pool-688-thread-1] INFO  server.RaftServerConfigKeys (ConfUtils.java:logGet(43)) - raft.server.leader.election.timeout = 120s (custom)
2019-09-04 10:17:08,815 [pool-688-thread-1] INFO  server.RaftServerConfigKeys (ConfUtils.java:logGet(43)) - raft.server.log.use.memory = false (default)
2019-09-04 10:17:08,815 [pool-688-thread-1] INFO  server.RaftServerConfigKeys (ConfUtils.java:logGet(43)) - raft.server.log.purge.gap = 1000000 (custom)
2019-09-04 10:17:08,815 [pool-688-thread-1] INFO  server.RaftServerConfigKeys (ConfUtils.java:logGet(43)) - raft.server.log.appender.buffer.byte-limit = 33554432 (custom)
2019-09-04 10:17:08,816 [pool-688-thread-1] INFO  server.RaftServerConfigKeys (ConfUtils.java:logGet(43)) - raft.server.log.segment.size.max = 1048576 (custom)
2019-09-04 10:17:08,816 [pool-688-thread-1] INFO  server.RaftServerConfigKeys (ConfUtils.java:logGet(43)) - raft.server.log.segment.cache.num.max = 2 (custom)
2019-09-04 10:17:08,816 [pool-688-thread-1] INFO  segmented.SegmentedRaftLogWorker (SegmentedRaftLogWorker.java:<init>(172)) - new d2bc92ad-7d78-408f-a6ab-434098f1c8bb-SegmentedRaftLogWorker:Storage Directory /workdir/hadoop-ozone/integration-test/target/test-dir/MiniOzoneClusterImpl-fbf2683a-c8d7-46fa-a564-419916e3e42d/datanode-5/data/ratis/b9d94e76-c278-4554-b53e-4592a761e7d2 for RaftStorage:Storage Directory /workdir/hadoop-ozone/integration-test/target/test-dir/MiniOzoneClusterImpl-fbf2683a-c8d7-46fa-a564-419916e3e42d/datanode-5/data/ratis/b9d94e76-c278-4554-b53e-4592a761e7d2
2019-09-04 10:17:08,816 [pool-688-thread-1] INFO  server.RaftServerConfigKeys (ConfUtils.java:logGet(43)) - raft.server.log.queue.byte-limit = 2147483647 (custom)
2019-09-04 10:17:08,816 [pool-688-thread-1] INFO  server.RaftServerConfigKeys (ConfUtils.java:logGet(43)) - raft.server.log.queue.element-limit = 1024 (custom)
2019-09-04 10:17:08,816 [pool-688-thread-1] INFO  server.RaftServerConfigKeys (ConfUtils.java:logGet(43)) - raft.server.log.segment.size.max = 1048576 (custom)
2019-09-04 10:17:08,816 [pool-688-thread-1] INFO  server.RaftServerConfigKeys (ConfUtils.java:logGet(43)) - raft.server.log.preallocated.size = 16384 (custom)
2019-09-04 10:17:08,817 [pool-688-thread-1] INFO  server.RaftServerConfigKeys (ConfUtils.java:logGet(43)) - raft.server.log.write.buffer.size = 33554432 (custom)
2019-09-04 10:17:08,817 [pool-688-thread-1] INFO  server.RaftServerConfigKeys (ConfUtils.java:logGet(43)) - raft.server.log.force.sync.num = 128 (default)
2019-09-04 10:17:08,817 [pool-688-thread-1] INFO  server.RaftServerConfigKeys (ConfUtils.java:logGet(43)) - raft.server.log.statemachine.data.sync = true (default)
2019-09-04 10:17:08,817 [pool-688-thread-1] INFO  server.RaftServerConfigKeys (ConfUtils.java:logGet(43)) - raft.server.log.statemachine.data.sync.timeout = 10s (default)
2019-09-04 10:17:08,817 [pool-688-thread-1] INFO  server.RaftServerConfigKeys (ConfUtils.java:logGet(43)) - raft.server.log.statemachine.data.sync.timeout.retry = -1 (default)
2019-09-04 10:17:08,817 [pool-688-thread-1] INFO  server.RaftServerConfigKeys (ConfUtils.java:logGet(43)) - raft.server.log.statemachine.data.caching.enabled = true (custom)
2019-09-04 10:17:08,817 [pool-688-thread-1] INFO  segmented.SegmentedRaftLogWorker (SegmentedRaftLogWorker.java:lambda$new$0(132)) - d2bc92ad-7d78-408f-a6ab-434098f1c8bb-SegmentedRaftLogWorker:Storage Directory /workdir/hadoop-ozone/integration-test/target/test-dir/MiniOzoneClusterImpl-fbf2683a-c8d7-46fa-a564-419916e3e42d/datanode-5/data/ratis/b9d94e76-c278-4554-b53e-4592a761e7d2: flushIndex: setUnconditionally 0 -> -1
2019-09-04 10:17:08,818 [pool-688-thread-1] INFO  server.RaftServerConfigKeys (ConfUtils.java:logGet(43)) - raft.server.snapshot.auto.trigger.enabled = true (custom)
2019-09-04 10:17:08,818 [pool-688-thread-1] INFO  server.RaftServerConfigKeys (ConfUtils.java:logGet(43)) - raft.server.snapshot.auto.trigger.threshold = 10000 (custom)
2019-09-04 10:17:08,818 [pool-688-thread-1] INFO  server.RaftServerConfigKeys (ConfUtils.java:logGet(43)) - raft.server.retrycache.expirytime = 600000ms (custom)
2019-09-04 10:17:08,818 [pool-688-thread-1] INFO  impl.RaftServerImpl (RaftServerImpl.java:start(180)) - d2bc92ad-7d78-408f-a6ab-434098f1c8bb: start group-4592A761E7D2
2019-09-04 10:17:08,818 [pool-688-thread-1] INFO  impl.RaftServerImpl (RaftServerImpl.java:setRole(171)) - d2bc92ad-7d78-408f-a6ab-434098f1c8bb:group-4592A761E7D2 changes role from null to FOLLOWER at term 0 for startAsFollower
2019-09-04 10:17:08,818 [pool-688-thread-1] INFO  impl.RoleInfo (RoleInfo.java:updateAndGet(143)) - d2bc92ad-7d78-408f-a6ab-434098f1c8bb: start FollowerState
2019-09-04 10:17:08,819 [pool-688-thread-1] INFO  util.JmxRegister (JmxRegister.java:tryRegister(44)) - Successfully registered JMX Bean with object name Ratis:service=RaftServer,group=group-4592A761E7D2,id=d2bc92ad-7d78-408f-a6ab-434098f1c8bb
2019-09-04 10:17:08,824 [RatisPipelineUtilsThread] INFO  pipeline.PipelineStateManager (PipelineStateManager.java:addPipeline(56)) - Created pipeline Pipeline[ Id: b9d94e76-c278-4554-b53e-4592a761e7d2, Nodes: d2bc92ad-7d78-408f-a6ab-434098f1c8bb{ip: 192.168.36.67, host: pr-hdds-1569-fjd24-125839774, networkLocation: /default-rack, certSerialId: null}, Type:RATIS, Factor:ONE, State:OPEN]
2019-09-04 10:17:08,834 [grpc-default-executor-10] INFO  impl.RaftServerProxy (RaftServerProxy.java:addNew(89)) - adc7ce4f-a574-4e1f-927c-4aeedb5bfc3b: addNew group-FD19A9F8B1A0:[a8339521-9748-4b3f-93ce-dabf586a78fe:192.168.36.67:44312, d2bc92ad-7d78-408f-a6ab-434098f1c8bb:192.168.36.67:33988, adc7ce4f-a574-4e1f-927c-4aeedb5bfc3b:192.168.36.67:38067] returns group-FD19A9F8B1A0:java.util.concurrent.CompletableFuture@51d0a0ef[Not completed]
2019-09-04 10:17:08,835 [pool-677-thread-1] INFO  impl.RaftServerImpl (RaftServerImpl.java:<init>(93)) - adc7ce4f-a574-4e1f-927c-4aeedb5bfc3b: new RaftServerImpl for group-FD19A9F8B1A0:[a8339521-9748-4b3f-93ce-dabf586a78fe:192.168.36.67:44312, d2bc92ad-7d78-408f-a6ab-434098f1c8bb:192.168.36.67:33988, adc7ce4f-a574-4e1f-927c-4aeedb5bfc3b:192.168.36.67:38067] with ContainerStateMachine:uninitialized
2019-09-04 10:17:08,835 [pool-677-thread-1] INFO  server.RaftServerConfigKeys (ConfUtils.java:logGet(43)) - raft.server.rpc.timeout.min = 5s (custom)
2019-09-04 10:17:08,835 [pool-677-thread-1] INFO  server.RaftServerConfigKeys (ConfUtils.java:logGet(43)) - raft.server.rpc.timeout.max = 5200ms (custom)
2019-09-04 10:17:08,835 [pool-677-thread-1] INFO  server.RaftServerConfigKeys (ConfUtils.java:logGet(43)) - raft.server.rpcslowness.timeout = 120s (custom)
2019-09-04 10:17:08,835 [pool-677-thread-1] INFO  server.RaftServerConfigKeys (ConfUtils.java:logGet(43)) - raft.server.sleep.deviation.threshold = 300 (default)
2019-09-04 10:17:08,835 [pool-677-thread-1] INFO  server.RaftServerConfigKeys (ConfUtils.java:logGet(43)) - raft.server.log.appender.install.snapshot.enabled = false (custom)
2019-09-04 10:17:08,835 [pool-677-thread-1] INFO  impl.RaftServerImpl (ServerState.java:<init>(105)) - adc7ce4f-a574-4e1f-927c-4aeedb5bfc3b:group-FD19A9F8B1A0 ConfigurationManager, init=-1: [a8339521-9748-4b3f-93ce-dabf586a78fe:192.168.36.67:44312, d2bc92ad-7d78-408f-a6ab-434098f1c8bb:192.168.36.67:33988, adc7ce4f-a574-4e1f-927c-4aeedb5bfc3b:192.168.36.67:38067], old=null, confs=<EMPTY_MAP>
2019-09-04 10:17:08,836 [pool-677-thread-1] INFO  server.RaftServerConfigKeys (ConfUtils.java:logGet(43)) - raft.server.storage.dir = [/workdir/hadoop-ozone/integration-test/target/test-dir/MiniOzoneClusterImpl-fbf2683a-c8d7-46fa-a564-419916e3e42d/datanode-4/data/ratis] (custom)
2019-09-04 10:17:08,836 [pool-677-thread-1] INFO  storage.RaftStorageDirectory (RaftStorageDirectory.java:analyzeStorage(246)) - The storage directory /workdir/hadoop-ozone/integration-test/target/test-dir/MiniOzoneClusterImpl-fbf2683a-c8d7-46fa-a564-419916e3e42d/datanode-4/data/ratis/efa49272-f0f4-48c0-84b3-fd19a9f8b1a0 does not exist. Creating ...
2019-09-04 10:17:08,838 [grpc-default-executor-10] INFO  impl.RaftServerProxy (RaftServerProxy.java:addNew(89)) - d2bc92ad-7d78-408f-a6ab-434098f1c8bb: addNew group-FD19A9F8B1A0:[a8339521-9748-4b3f-93ce-dabf586a78fe:192.168.36.67:44312, d2bc92ad-7d78-408f-a6ab-434098f1c8bb:192.168.36.67:33988, adc7ce4f-a574-4e1f-927c-4aeedb5bfc3b:192.168.36.67:38067] returns group-FD19A9F8B1A0:java.util.concurrent.CompletableFuture@252394b7[Not completed]
2019-09-04 10:17:08,839 [pool-688-thread-1] INFO  impl.RaftServerImpl (RaftServerImpl.java:<init>(93)) - d2bc92ad-7d78-408f-a6ab-434098f1c8bb: new RaftServerImpl for group-FD19A9F8B1A0:[a8339521-9748-4b3f-93ce-dabf586a78fe:192.168.36.67:44312, d2bc92ad-7d78-408f-a6ab-434098f1c8bb:192.168.36.67:33988, adc7ce4f-a574-4e1f-927c-4aeedb5bfc3b:192.168.36.67:38067] with ContainerStateMachine:uninitialized
2019-09-04 10:17:08,839 [pool-688-thread-1] INFO  server.RaftServerConfigKeys (ConfUtils.java:logGet(43)) - raft.server.rpc.timeout.min = 5s (custom)
2019-09-04 10:17:08,840 [pool-688-thread-1] INFO  server.RaftServerConfigKeys (ConfUtils.java:logGet(43)) - raft.server.rpc.timeout.max = 5200ms (custom)
2019-09-04 10:17:08,840 [pool-688-thread-1] INFO  server.RaftServerConfigKeys (ConfUtils.java:logGet(43)) - raft.server.rpcslowness.timeout = 120s (custom)
2019-09-04 10:17:08,840 [pool-688-thread-1] INFO  server.RaftServerConfigKeys (ConfUtils.java:logGet(43)) - raft.server.sleep.deviation.threshold = 300 (default)
2019-09-04 10:17:08,840 [pool-688-thread-1] INFO  server.RaftServerConfigKeys (ConfUtils.java:logGet(43)) - raft.server.log.appender.install.snapshot.enabled = false (custom)
2019-09-04 10:17:08,840 [pool-688-thread-1] INFO  impl.RaftServerImpl (ServerState.java:<init>(105)) - d2bc92ad-7d78-408f-a6ab-434098f1c8bb:group-FD19A9F8B1A0 ConfigurationManager, init=-1: [a8339521-9748-4b3f-93ce-dabf586a78fe:192.168.36.67:44312, d2bc92ad-7d78-408f-a6ab-434098f1c8bb:192.168.36.67:33988, adc7ce4f-a574-4e1f-927c-4aeedb5bfc3b:192.168.36.67:38067], old=null, confs=<EMPTY_MAP>
2019-09-04 10:17:08,840 [pool-688-thread-1] INFO  server.RaftServerConfigKeys (ConfUtils.java:logGet(43)) - raft.server.storage.dir = [/workdir/hadoop-ozone/integration-test/target/test-dir/MiniOzoneClusterImpl-fbf2683a-c8d7-46fa-a564-419916e3e42d/datanode-5/data/ratis] (custom)
2019-09-04 10:17:08,840 [grpc-default-executor-10] INFO  impl.RaftServerProxy (RaftServerProxy.java:addNew(89)) - a8339521-9748-4b3f-93ce-dabf586a78fe: addNew group-FD19A9F8B1A0:[a8339521-9748-4b3f-93ce-dabf586a78fe:192.168.36.67:44312, d2bc92ad-7d78-408f-a6ab-434098f1c8bb:192.168.36.67:33988, adc7ce4f-a574-4e1f-927c-4aeedb5bfc3b:192.168.36.67:38067] returns group-FD19A9F8B1A0:java.util.concurrent.CompletableFuture@6262f3fe[Not completed]
2019-09-04 10:17:08,841 [pool-688-thread-1] INFO  storage.RaftStorageDirectory (RaftStorageDirectory.java:analyzeStorage(246)) - The storage directory /workdir/hadoop-ozone/integration-test/target/test-dir/MiniOzoneClusterImpl-fbf2683a-c8d7-46fa-a564-419916e3e42d/datanode-5/data/ratis/efa49272-f0f4-48c0-84b3-fd19a9f8b1a0 does not exist. Creating ...
2019-09-04 10:17:08,841 [pool-666-thread-1] INFO  impl.RaftServerImpl (RaftServerImpl.java:<init>(93)) - a8339521-9748-4b3f-93ce-dabf586a78fe: new RaftServerImpl for group-FD19A9F8B1A0:[a8339521-9748-4b3f-93ce-dabf586a78fe:192.168.36.67:44312, d2bc92ad-7d78-408f-a6ab-434098f1c8bb:192.168.36.67:33988, adc7ce4f-a574-4e1f-927c-4aeedb5bfc3b:192.168.36.67:38067] with ContainerStateMachine:uninitialized
2019-09-04 10:17:08,841 [pool-666-thread-1] INFO  server.RaftServerConfigKeys (ConfUtils.java:logGet(43)) - raft.server.rpc.timeout.min = 5s (custom)
2019-09-04 10:17:08,842 [pool-666-thread-1] INFO  server.RaftServerConfigKeys (ConfUtils.java:logGet(43)) - raft.server.rpc.timeout.max = 5200ms (custom)
2019-09-04 10:17:08,842 [pool-666-thread-1] INFO  server.RaftServerConfigKeys (ConfUtils.java:logGet(43)) - raft.server.rpcslowness.timeout = 120s (custom)
2019-09-04 10:17:08,842 [pool-666-thread-1] INFO  server.RaftServerConfigKeys (ConfUtils.java:logGet(43)) - raft.server.sleep.deviation.threshold = 300 (default)
2019-09-04 10:17:08,842 [pool-666-thread-1] INFO  server.RaftServerConfigKeys (ConfUtils.java:logGet(43)) - raft.server.log.appender.install.snapshot.enabled = false (custom)
2019-09-04 10:17:08,842 [pool-666-thread-1] INFO  impl.RaftServerImpl (ServerState.java:<init>(105)) - a8339521-9748-4b3f-93ce-dabf586a78fe:group-FD19A9F8B1A0 ConfigurationManager, init=-1: [a8339521-9748-4b3f-93ce-dabf586a78fe:192.168.36.67:44312, d2bc92ad-7d78-408f-a6ab-434098f1c8bb:192.168.36.67:33988, adc7ce4f-a574-4e1f-927c-4aeedb5bfc3b:192.168.36.67:38067], old=null, confs=<EMPTY_MAP>
2019-09-04 10:17:08,842 [pool-666-thread-1] INFO  server.RaftServerConfigKeys (ConfUtils.java:logGet(43)) - raft.server.storage.dir = [/workdir/hadoop-ozone/integration-test/target/test-dir/MiniOzoneClusterImpl-fbf2683a-c8d7-46fa-a564-419916e3e42d/datanode-3/data/ratis] (custom)
2019-09-04 10:17:08,843 [pool-666-thread-1] INFO  storage.RaftStorageDirectory (RaftStorageDirectory.java:analyzeStorage(246)) - The storage directory /workdir/hadoop-ozone/integration-test/target/test-dir/MiniOzoneClusterImpl-fbf2683a-c8d7-46fa-a564-419916e3e42d/datanode-3/data/ratis/efa49272-f0f4-48c0-84b3-fd19a9f8b1a0 does not exist. Creating ...
2019-09-04 10:17:08,849 [pool-666-thread-1] INFO  storage.RaftStorageDirectory (RaftStorageDirectory.java:tryLock(328)) - Lock on /workdir/hadoop-ozone/integration-test/target/test-dir/MiniOzoneClusterImpl-fbf2683a-c8d7-46fa-a564-419916e3e42d/datanode-3/data/ratis/efa49272-f0f4-48c0-84b3-fd19a9f8b1a0/in_use.lock acquired by nodename 21473@pr-hdds-1569-fjd24-125839774
2019-09-04 10:17:08,849 [pool-688-thread-1] INFO  storage.RaftStorageDirectory (RaftStorageDirectory.java:tryLock(328)) - Lock on /workdir/hadoop-ozone/integration-test/target/test-dir/MiniOzoneClusterImpl-fbf2683a-c8d7-46fa-a564-419916e3e42d/datanode-5/data/ratis/efa49272-f0f4-48c0-84b3-fd19a9f8b1a0/in_use.lock acquired by nodename 21473@pr-hdds-1569-fjd24-125839774
2019-09-04 10:17:08,849 [pool-677-thread-1] INFO  storage.RaftStorageDirectory (RaftStorageDirectory.java:tryLock(328)) - Lock on /workdir/hadoop-ozone/integration-test/target/test-dir/MiniOzoneClusterImpl-fbf2683a-c8d7-46fa-a564-419916e3e42d/datanode-4/data/ratis/efa49272-f0f4-48c0-84b3-fd19a9f8b1a0/in_use.lock acquired by nodename 21473@pr-hdds-1569-fjd24-125839774
2019-09-04 10:17:08,862 [pool-688-thread-1] INFO  storage.RaftStorage (RaftStorage.java:format(72)) - Storage directory /workdir/hadoop-ozone/integration-test/target/test-dir/MiniOzoneClusterImpl-fbf2683a-c8d7-46fa-a564-419916e3e42d/datanode-5/data/ratis/efa49272-f0f4-48c0-84b3-fd19a9f8b1a0 has been successfully formatted.
2019-09-04 10:17:08,862 [pool-666-thread-1] INFO  storage.RaftStorage (RaftStorage.java:format(72)) - Storage directory /workdir/hadoop-ozone/integration-test/target/test-dir/MiniOzoneClusterImpl-fbf2683a-c8d7-46fa-a564-419916e3e42d/datanode-3/data/ratis/efa49272-f0f4-48c0-84b3-fd19a9f8b1a0 has been successfully formatted.
2019-09-04 10:17:08,862 [pool-677-thread-1] INFO  storage.RaftStorage (RaftStorage.java:format(72)) - Storage directory /workdir/hadoop-ozone/integration-test/target/test-dir/MiniOzoneClusterImpl-fbf2683a-c8d7-46fa-a564-419916e3e42d/datanode-4/data/ratis/efa49272-f0f4-48c0-84b3-fd19a9f8b1a0 has been successfully formatted.
2019-09-04 10:17:08,863 [pool-688-thread-1] INFO  ratis.ContainerStateMachine (ContainerStateMachine.java:loadSnapshot(226)) - group-FD19A9F8B1A0: The snapshot info is null. Setting the last applied indexto:(t:0, i:~)
2019-09-04 10:17:08,863 [pool-677-thread-1] INFO  ratis.ContainerStateMachine (ContainerStateMachine.java:loadSnapshot(226)) - group-FD19A9F8B1A0: The snapshot info is null. Setting the last applied indexto:(t:0, i:~)
2019-09-04 10:17:08,863 [pool-666-thread-1] INFO  ratis.ContainerStateMachine (ContainerStateMachine.java:loadSnapshot(226)) - group-FD19A9F8B1A0: The snapshot info is null. Setting the last applied indexto:(t:0, i:~)
2019-09-04 10:17:08,863 [pool-677-thread-1] INFO  server.RaftServerConfigKeys (ConfUtils.java:logGet(43)) - raft.server.leader.election.timeout = 120s (custom)
2019-09-04 10:17:08,863 [pool-688-thread-1] INFO  server.RaftServerConfigKeys (ConfUtils.java:logGet(43)) - raft.server.leader.election.timeout = 120s (custom)
2019-09-04 10:17:08,863 [pool-677-thread-1] INFO  server.RaftServerConfigKeys (ConfUtils.java:logGet(43)) - raft.server.log.use.memory = false (default)
2019-09-04 10:17:08,863 [pool-666-thread-1] INFO  server.RaftServerConfigKeys (ConfUtils.java:logGet(43)) - raft.server.leader.election.timeout = 120s (custom)
2019-09-04 10:17:08,863 [pool-677-thread-1] INFO  server.RaftServerConfigKeys (ConfUtils.java:logGet(43)) - raft.server.log.purge.gap = 1000000 (custom)
2019-09-04 10:17:08,863 [pool-688-thread-1] INFO  server.RaftServerConfigKeys (ConfUtils.java:logGet(43)) - raft.server.log.use.memory = false (default)
2019-09-04 10:17:08,863 [pool-677-thread-1] INFO  server.RaftServerConfigKeys (ConfUtils.java:logGet(43)) - raft.server.log.appender.buffer.byte-limit = 33554432 (custom)
2019-09-04 10:17:08,863 [pool-666-thread-1] INFO  server.RaftServerConfigKeys (ConfUtils.java:logGet(43)) - raft.server.log.use.memory = false (default)
2019-09-04 10:17:08,864 [pool-677-thread-1] INFO  server.RaftServerConfigKeys (ConfUtils.java:logGet(43)) - raft.server.log.segment.size.max = 1048576 (custom)
2019-09-04 10:17:08,863 [pool-688-thread-1] INFO  server.RaftServerConfigKeys (ConfUtils.java:logGet(43)) - raft.server.log.purge.gap = 1000000 (custom)
2019-09-04 10:17:08,864 [pool-677-thread-1] INFO  server.RaftServerConfigKeys (ConfUtils.java:logGet(43)) - raft.server.log.segment.cache.num.max = 2 (custom)
2019-09-04 10:17:08,864 [pool-666-thread-1] INFO  server.RaftServerConfigKeys (ConfUtils.java:logGet(43)) - raft.server.log.purge.gap = 1000000 (custom)
2019-09-04 10:17:08,864 [pool-677-thread-1] INFO  segmented.SegmentedRaftLogWorker (SegmentedRaftLogWorker.java:<init>(172)) - new adc7ce4f-a574-4e1f-927c-4aeedb5bfc3b-SegmentedRaftLogWorker:Storage Directory /workdir/hadoop-ozone/integration-test/target/test-dir/MiniOzoneClusterImpl-fbf2683a-c8d7-46fa-a564-419916e3e42d/datanode-4/data/ratis/efa49272-f0f4-48c0-84b3-fd19a9f8b1a0 for RaftStorage:Storage Directory /workdir/hadoop-ozone/integration-test/target/test-dir/MiniOzoneClusterImpl-fbf2683a-c8d7-46fa-a564-419916e3e42d/datanode-4/data/ratis/efa49272-f0f4-48c0-84b3-fd19a9f8b1a0
2019-09-04 10:17:08,864 [pool-688-thread-1] INFO  server.RaftServerConfigKeys (ConfUtils.java:logGet(43)) - raft.server.log.appender.buffer.byte-limit = 33554432 (custom)
2019-09-04 10:17:08,864 [pool-677-thread-1] INFO  server.RaftServerConfigKeys (ConfUtils.java:logGet(43)) - raft.server.log.queue.byte-limit = 2147483647 (custom)
2019-09-04 10:17:08,864 [pool-666-thread-1] INFO  server.RaftServerConfigKeys (ConfUtils.java:logGet(43)) - raft.server.log.appender.buffer.byte-limit = 33554432 (custom)
2019-09-04 10:17:08,864 [pool-677-thread-1] INFO  server.RaftServerConfigKeys (ConfUtils.java:logGet(43)) - raft.server.log.queue.element-limit = 1024 (custom)
2019-09-04 10:17:08,864 [pool-688-thread-1] INFO  server.RaftServerConfigKeys (ConfUtils.java:logGet(43)) - raft.server.log.segment.size.max = 1048576 (custom)
2019-09-04 10:17:08,865 [pool-677-thread-1] INFO  server.RaftServerConfigKeys (ConfUtils.java:logGet(43)) - raft.server.log.segment.size.max = 1048576 (custom)
2019-09-04 10:17:08,864 [pool-666-thread-1] INFO  server.RaftServerConfigKeys (ConfUtils.java:logGet(43)) - raft.server.log.segment.size.max = 1048576 (custom)
2019-09-04 10:17:08,865 [pool-677-thread-1] INFO  server.RaftServerConfigKeys (ConfUtils.java:logGet(43)) - raft.server.log.preallocated.size = 16384 (custom)
2019-09-04 10:17:08,865 [pool-688-thread-1] INFO  server.RaftServerConfigKeys (ConfUtils.java:logGet(43)) - raft.server.log.segment.cache.num.max = 2 (custom)
2019-09-04 10:17:08,865 [pool-677-thread-1] INFO  server.RaftServerConfigKeys (ConfUtils.java:logGet(43)) - raft.server.log.write.buffer.size = 33554432 (custom)
2019-09-04 10:17:08,865 [pool-666-thread-1] INFO  server.RaftServerConfigKeys (ConfUtils.java:logGet(43)) - raft.server.log.segment.cache.num.max = 2 (custom)
2019-09-04 10:17:08,865 [pool-677-thread-1] INFO  server.RaftServerConfigKeys (ConfUtils.java:logGet(43)) - raft.server.log.force.sync.num = 128 (default)
2019-09-04 10:17:08,865 [pool-688-thread-1] INFO  segmented.SegmentedRaftLogWorker (SegmentedRaftLogWorker.java:<init>(172)) - new d2bc92ad-7d78-408f-a6ab-434098f1c8bb-SegmentedRaftLogWorker:Storage Directory /workdir/hadoop-ozone/integration-test/target/test-dir/MiniOzoneClusterImpl-fbf2683a-c8d7-46fa-a564-419916e3e42d/datanode-5/data/ratis/efa49272-f0f4-48c0-84b3-fd19a9f8b1a0 for RaftStorage:Storage Directory /workdir/hadoop-ozone/integration-test/target/test-dir/MiniOzoneClusterImpl-fbf2683a-c8d7-46fa-a564-419916e3e42d/datanode-5/data/ratis/efa49272-f0f4-48c0-84b3-fd19a9f8b1a0
2019-09-04 10:17:08,865 [pool-677-thread-1] INFO  server.RaftServerConfigKeys (ConfUtils.java:logGet(43)) - raft.server.log.statemachine.data.sync = true (default)
2019-09-04 10:17:08,865 [pool-677-thread-1] INFO  server.RaftServerConfigKeys (ConfUtils.java:logGet(43)) - raft.server.log.statemachine.data.sync.timeout = 10s (default)
2019-09-04 10:17:08,865 [pool-666-thread-1] INFO  segmented.SegmentedRaftLogWorker (SegmentedRaftLogWorker.java:<init>(172)) - new a8339521-9748-4b3f-93ce-dabf586a78fe-SegmentedRaftLogWorker:Storage Directory /workdir/hadoop-ozone/integration-test/target/test-dir/MiniOzoneClusterImpl-fbf2683a-c8d7-46fa-a564-419916e3e42d/datanode-3/data/ratis/efa49272-f0f4-48c0-84b3-fd19a9f8b1a0 for RaftStorage:Storage Directory /workdir/hadoop-ozone/integration-test/target/test-dir/MiniOzoneClusterImpl-fbf2683a-c8d7-46fa-a564-419916e3e42d/datanode-3/data/ratis/efa49272-f0f4-48c0-84b3-fd19a9f8b1a0
2019-09-04 10:17:08,866 [pool-677-thread-1] INFO  server.RaftServerConfigKeys (ConfUtils.java:logGet(43)) - raft.server.log.statemachine.data.sync.timeout.retry = -1 (default)
2019-09-04 10:17:08,865 [pool-688-thread-1] INFO  server.RaftServerConfigKeys (ConfUtils.java:logGet(43)) - raft.server.log.queue.byte-limit = 2147483647 (custom)
2019-09-04 10:17:08,866 [pool-677-thread-1] INFO  server.RaftServerConfigKeys (ConfUtils.java:logGet(43)) - raft.server.log.statemachine.data.caching.enabled = true (custom)
2019-09-04 10:17:08,866 [pool-666-thread-1] INFO  server.RaftServerConfigKeys (ConfUtils.java:logGet(43)) - raft.server.log.queue.byte-limit = 2147483647 (custom)
2019-09-04 10:17:08,866 [pool-688-thread-1] INFO  server.RaftServerConfigKeys (ConfUtils.java:logGet(43)) - raft.server.log.queue.element-limit = 1024 (custom)
2019-09-04 10:17:08,866 [pool-677-thread-1] INFO  segmented.SegmentedRaftLogWorker (SegmentedRaftLogWorker.java:lambda$new$0(132)) - adc7ce4f-a574-4e1f-927c-4aeedb5bfc3b-SegmentedRaftLogWorker:Storage Directory /workdir/hadoop-ozone/integration-test/target/test-dir/MiniOzoneClusterImpl-fbf2683a-c8d7-46fa-a564-419916e3e42d/datanode-4/data/ratis/efa49272-f0f4-48c0-84b3-fd19a9f8b1a0: flushIndex: setUnconditionally 0 -> -1
2019-09-04 10:17:08,866 [pool-666-thread-1] INFO  server.RaftServerConfigKeys (ConfUtils.java:logGet(43)) - raft.server.log.queue.element-limit = 1024 (custom)
2019-09-04 10:17:08,866 [pool-688-thread-1] INFO  server.RaftServerConfigKeys (ConfUtils.java:logGet(43)) - raft.server.log.segment.size.max = 1048576 (custom)
2019-09-04 10:17:08,866 [pool-666-thread-1] INFO  server.RaftServerConfigKeys (ConfUtils.java:logGet(43)) - raft.server.log.segment.size.max = 1048576 (custom)
2019-09-04 10:17:08,866 [pool-677-thread-1] INFO  server.RaftServerConfigKeys (ConfUtils.java:logGet(43)) - raft.server.snapshot.auto.trigger.enabled = true (custom)
2019-09-04 10:17:08,867 [pool-666-thread-1] INFO  server.RaftServerConfigKeys (ConfUtils.java:logGet(43)) - raft.server.log.preallocated.size = 16384 (custom)
2019-09-04 10:17:08,867 [pool-688-thread-1] INFO  server.RaftServerConfigKeys (ConfUtils.java:logGet(43)) - raft.server.log.preallocated.size = 16384 (custom)
2019-09-04 10:17:08,867 [pool-666-thread-1] INFO  server.RaftServerConfigKeys (ConfUtils.java:logGet(43)) - raft.server.log.write.buffer.size = 33554432 (custom)
2019-09-04 10:17:08,867 [pool-677-thread-1] INFO  server.RaftServerConfigKeys (ConfUtils.java:logGet(43)) - raft.server.snapshot.auto.trigger.threshold = 10000 (custom)
2019-09-04 10:17:08,867 [pool-666-thread-1] INFO  server.RaftServerConfigKeys (ConfUtils.java:logGet(43)) - raft.server.log.force.sync.num = 128 (default)
2019-09-04 10:17:08,867 [pool-688-thread-1] INFO  server.RaftServerConfigKeys (ConfUtils.java:logGet(43)) - raft.server.log.write.buffer.size = 33554432 (custom)
2019-09-04 10:17:08,867 [pool-666-thread-1] INFO  server.RaftServerConfigKeys (ConfUtils.java:logGet(43)) - raft.server.log.statemachine.data.sync = true (default)
2019-09-04 10:17:08,867 [pool-677-thread-1] INFO  server.RaftServerConfigKeys (ConfUtils.java:logGet(43)) - raft.server.retrycache.expirytime = 600000ms (custom)
2019-09-04 10:17:08,867 [pool-666-thread-1] INFO  server.RaftServerConfigKeys (ConfUtils.java:logGet(43)) - raft.server.log.statemachine.data.sync.timeout = 10s (default)
2019-09-04 10:17:08,868 [pool-666-thread-1] INFO  server.RaftServerConfigKeys (ConfUtils.java:logGet(43)) - raft.server.log.statemachine.data.sync.timeout.retry = -1 (default)
2019-09-04 10:17:08,867 [pool-688-thread-1] INFO  server.RaftServerConfigKeys (ConfUtils.java:logGet(43)) - raft.server.log.force.sync.num = 128 (default)
2019-09-04 10:17:08,868 [pool-666-thread-1] INFO  server.RaftServerConfigKeys (ConfUtils.java:logGet(43)) - raft.server.log.statemachine.data.caching.enabled = true (custom)
2019-09-04 10:17:08,868 [pool-677-thread-1] INFO  impl.RaftServerImpl (RaftServerImpl.java:start(180)) - adc7ce4f-a574-4e1f-927c-4aeedb5bfc3b: start group-FD19A9F8B1A0
2019-09-04 10:17:08,868 [pool-688-thread-1] INFO  server.RaftServerConfigKeys (ConfUtils.java:logGet(43)) - raft.server.log.statemachine.data.sync = true (default)
2019-09-04 10:17:08,868 [pool-666-thread-1] INFO  segmented.SegmentedRaftLogWorker (SegmentedRaftLogWorker.java:lambda$new$0(132)) - a8339521-9748-4b3f-93ce-dabf586a78fe-SegmentedRaftLogWorker:Storage Directory /workdir/hadoop-ozone/integration-test/target/test-dir/MiniOzoneClusterImpl-fbf2683a-c8d7-46fa-a564-419916e3e42d/datanode-3/data/ratis/efa49272-f0f4-48c0-84b3-fd19a9f8b1a0: flushIndex: setUnconditionally 0 -> -1
2019-09-04 10:17:08,868 [pool-677-thread-1] INFO  impl.RaftServerImpl (RaftServerImpl.java:setRole(171)) - adc7ce4f-a574-4e1f-927c-4aeedb5bfc3b:group-FD19A9F8B1A0 changes role from null to FOLLOWER at term 0 for startAsFollower
2019-09-04 10:17:08,868 [pool-688-thread-1] INFO  server.RaftServerConfigKeys (ConfUtils.java:logGet(43)) - raft.server.log.statemachine.data.sync.timeout = 10s (default)
2019-09-04 10:17:08,868 [pool-666-thread-1] INFO  server.RaftServerConfigKeys (ConfUtils.java:logGet(43)) - raft.server.snapshot.auto.trigger.enabled = true (custom)
2019-09-04 10:17:08,868 [pool-677-thread-1] INFO  impl.RoleInfo (RoleInfo.java:updateAndGet(143)) - adc7ce4f-a574-4e1f-927c-4aeedb5bfc3b: start FollowerState
2019-09-04 10:17:08,869 [pool-666-thread-1] INFO  server.RaftServerConfigKeys (ConfUtils.java:logGet(43)) - raft.server.snapshot.auto.trigger.threshold = 10000 (custom)
2019-09-04 10:17:08,868 [pool-688-thread-1] INFO  server.RaftServerConfigKeys (ConfUtils.java:logGet(43)) - raft.server.log.statemachine.data.sync.timeout.retry = -1 (default)
2019-09-04 10:17:08,869 [pool-666-thread-1] INFO  server.RaftServerConfigKeys (ConfUtils.java:logGet(43)) - raft.server.retrycache.expirytime = 600000ms (custom)
2019-09-04 10:17:08,869 [pool-688-thread-1] INFO  server.RaftServerConfigKeys (ConfUtils.java:logGet(43)) - raft.server.log.statemachine.data.caching.enabled = true (custom)
2019-09-04 10:17:08,869 [pool-666-thread-1] INFO  impl.RaftServerImpl (RaftServerImpl.java:start(180)) - a8339521-9748-4b3f-93ce-dabf586a78fe: start group-FD19A9F8B1A0
2019-09-04 10:17:08,869 [pool-677-thread-1] INFO  util.JmxRegister (JmxRegister.java:tryRegister(44)) - Successfully registered JMX Bean with object name Ratis:service=RaftServer,group=group-FD19A9F8B1A0,id=adc7ce4f-a574-4e1f-927c-4aeedb5bfc3b
2019-09-04 10:17:08,869 [pool-688-thread-1] INFO  segmented.SegmentedRaftLogWorker (SegmentedRaftLogWorker.java:lambda$new$0(132)) - d2bc92ad-7d78-408f-a6ab-434098f1c8bb-SegmentedRaftLogWorker:Storage Directory /workdir/hadoop-ozone/integration-test/target/test-dir/MiniOzoneClusterImpl-fbf2683a-c8d7-46fa-a564-419916e3e42d/datanode-5/data/ratis/efa49272-f0f4-48c0-84b3-fd19a9f8b1a0: flushIndex: setUnconditionally 0 -> -1
2019-09-04 10:17:08,869 [pool-666-thread-1] INFO  impl.RaftServerImpl (RaftServerImpl.java:setRole(171)) - a8339521-9748-4b3f-93ce-dabf586a78fe:group-FD19A9F8B1A0 changes role from null to FOLLOWER at term 0 for startAsFollower
2019-09-04 10:17:08,870 [pool-688-thread-1] INFO  server.RaftServerConfigKeys (ConfUtils.java:logGet(43)) - raft.server.snapshot.auto.trigger.enabled = true (custom)
2019-09-04 10:17:08,870 [pool-666-thread-1] INFO  impl.RoleInfo (RoleInfo.java:updateAndGet(143)) - a8339521-9748-4b3f-93ce-dabf586a78fe: start FollowerState
2019-09-04 10:17:08,870 [pool-688-thread-1] INFO  server.RaftServerConfigKeys (ConfUtils.java:logGet(43)) - raft.server.snapshot.auto.trigger.threshold = 10000 (custom)
2019-09-04 10:17:08,870 [pool-688-thread-1] INFO  server.RaftServerConfigKeys (ConfUtils.java:logGet(43)) - raft.server.retrycache.expirytime = 600000ms (custom)
2019-09-04 10:17:08,870 [pool-666-thread-1] INFO  util.JmxRegister (JmxRegister.java:tryRegister(44)) - Successfully registered JMX Bean with object name Ratis:service=RaftServer,group=group-FD19A9F8B1A0,id=a8339521-9748-4b3f-93ce-dabf586a78fe
2019-09-04 10:17:08,870 [pool-688-thread-1] INFO  impl.RaftServerImpl (RaftServerImpl.java:start(180)) - d2bc92ad-7d78-408f-a6ab-434098f1c8bb: start group-FD19A9F8B1A0
2019-09-04 10:17:08,870 [pool-688-thread-1] INFO  impl.RaftServerImpl (RaftServerImpl.java:setRole(171)) - d2bc92ad-7d78-408f-a6ab-434098f1c8bb:group-FD19A9F8B1A0 changes role from null to FOLLOWER at term 0 for startAsFollower
2019-09-04 10:17:08,873 [pool-688-thread-1] INFO  impl.RoleInfo (RoleInfo.java:updateAndGet(143)) - d2bc92ad-7d78-408f-a6ab-434098f1c8bb: start FollowerState
2019-09-04 10:17:08,873 [pool-688-thread-1] INFO  util.JmxRegister (JmxRegister.java:tryRegister(44)) - Successfully registered JMX Bean with object name Ratis:service=RaftServer,group=group-FD19A9F8B1A0,id=d2bc92ad-7d78-408f-a6ab-434098f1c8bb
2019-09-04 10:17:08,879 [RatisPipelineUtilsThread] INFO  pipeline.PipelineStateManager (PipelineStateManager.java:addPipeline(56)) - Created pipeline Pipeline[ Id: efa49272-f0f4-48c0-84b3-fd19a9f8b1a0, Nodes: a8339521-9748-4b3f-93ce-dabf586a78fe{ip: 192.168.36.67, host: pr-hdds-1569-fjd24-125839774, networkLocation: /default-rack, certSerialId: null}adc7ce4f-a574-4e1f-927c-4aeedb5bfc3b{ip: 192.168.36.67, host: pr-hdds-1569-fjd24-125839774, networkLocation: /default-rack, certSerialId: null}d2bc92ad-7d78-408f-a6ab-434098f1c8bb{ip: 192.168.36.67, host: pr-hdds-1569-fjd24-125839774, networkLocation: /default-rack, certSerialId: null}, Type:RATIS, Factor:THREE, State:OPEN]
2019-09-04 10:17:08,958 [main] INFO  ozone.MiniOzoneClusterImpl (MiniOzoneClusterImpl.java:lambda$waitForClusterToBeReady$0(142)) - Waiting for cluster to be ready. Got 6 of 7 DN Heartbeats.
2019-09-04 10:17:08,958 [IPC Server handler 19 on 39253] INFO  net.NetworkTopology (NetworkTopologyImpl.java:add(110)) - Added a new node: /default-rack/2db1d6fe-cbe4-4547-a727-a515e5c0c878
2019-09-04 10:17:08,959 [IPC Server handler 19 on 39253] INFO  node.SCMNodeManager (SCMNodeManager.java:register(273)) - Registered Data node : 2db1d6fe-cbe4-4547-a727-a515e5c0c878{ip: 192.168.36.67, host: pr-hdds-1569-fjd24-125839774, networkLocation: /default-rack, certSerialId: null}
2019-09-04 10:17:08,962 | INFO  | SCMAudit | user=jenkins1000 | ip=192.168.36.67 | op=REGISTER {datanodeDetails=2db1d6fe-cbe4-4547-a727-a515e5c0c878{ip: 192.168.36.67, host: pr-hdds-1569-fjd24-125839774, networkLocation: /default-rack, certSerialId: null}} | ret=SUCCESS |  
2019-09-04 10:17:08,968 [grpc-default-executor-10] INFO  impl.RaftServerProxy (RaftServerProxy.java:addNew(89)) - 2db1d6fe-cbe4-4547-a727-a515e5c0c878: addNew group-98D24FF27ADE:[2db1d6fe-cbe4-4547-a727-a515e5c0c878:192.168.36.67:39426] returns group-98D24FF27ADE:java.util.concurrent.CompletableFuture@5ac571db[Not completed]
2019-09-04 10:17:08,969 [pool-699-thread-1] INFO  impl.RaftServerImpl (RaftServerImpl.java:<init>(93)) - 2db1d6fe-cbe4-4547-a727-a515e5c0c878: new RaftServerImpl for group-98D24FF27ADE:[2db1d6fe-cbe4-4547-a727-a515e5c0c878:192.168.36.67:39426] with ContainerStateMachine:uninitialized
2019-09-04 10:17:08,970 [pool-699-thread-1] INFO  server.RaftServerConfigKeys (ConfUtils.java:logGet(43)) - raft.server.rpc.timeout.min = 5s (custom)
2019-09-04 10:17:08,970 [pool-699-thread-1] INFO  server.RaftServerConfigKeys (ConfUtils.java:logGet(43)) - raft.server.rpc.timeout.max = 5200ms (custom)
2019-09-04 10:17:08,970 [pool-699-thread-1] INFO  server.RaftServerConfigKeys (ConfUtils.java:logGet(43)) - raft.server.rpcslowness.timeout = 120s (custom)
2019-09-04 10:17:08,970 [pool-699-thread-1] INFO  server.RaftServerConfigKeys (ConfUtils.java:logGet(43)) - raft.server.sleep.deviation.threshold = 300 (default)
2019-09-04 10:17:08,970 [pool-699-thread-1] INFO  server.RaftServerConfigKeys (ConfUtils.java:logGet(43)) - raft.server.log.appender.install.snapshot.enabled = false (custom)
2019-09-04 10:17:08,971 [pool-699-thread-1] INFO  impl.RaftServerImpl (ServerState.java:<init>(105)) - 2db1d6fe-cbe4-4547-a727-a515e5c0c878:group-98D24FF27ADE ConfigurationManager, init=-1: [2db1d6fe-cbe4-4547-a727-a515e5c0c878:192.168.36.67:39426], old=null, confs=<EMPTY_MAP>
2019-09-04 10:17:08,971 [pool-699-thread-1] INFO  server.RaftServerConfigKeys (ConfUtils.java:logGet(43)) - raft.server.storage.dir = [/workdir/hadoop-ozone/integration-test/target/test-dir/MiniOzoneClusterImpl-fbf2683a-c8d7-46fa-a564-419916e3e42d/datanode-6/data/ratis] (custom)
2019-09-04 10:17:08,972 [pool-699-thread-1] INFO  storage.RaftStorageDirectory (RaftStorageDirectory.java:analyzeStorage(246)) - The storage directory /workdir/hadoop-ozone/integration-test/target/test-dir/MiniOzoneClusterImpl-fbf2683a-c8d7-46fa-a564-419916e3e42d/datanode-6/data/ratis/0fb653b6-01ac-490a-ab2e-98d24ff27ade does not exist. Creating ...
2019-09-04 10:17:08,985 [pool-699-thread-1] INFO  storage.RaftStorageDirectory (RaftStorageDirectory.java:tryLock(328)) - Lock on /workdir/hadoop-ozone/integration-test/target/test-dir/MiniOzoneClusterImpl-fbf2683a-c8d7-46fa-a564-419916e3e42d/datanode-6/data/ratis/0fb653b6-01ac-490a-ab2e-98d24ff27ade/in_use.lock acquired by nodename 21473@pr-hdds-1569-fjd24-125839774
2019-09-04 10:17:08,997 [pool-699-thread-1] INFO  storage.RaftStorage (RaftStorage.java:format(72)) - Storage directory /workdir/hadoop-ozone/integration-test/target/test-dir/MiniOzoneClusterImpl-fbf2683a-c8d7-46fa-a564-419916e3e42d/datanode-6/data/ratis/0fb653b6-01ac-490a-ab2e-98d24ff27ade has been successfully formatted.
2019-09-04 10:17:08,997 [pool-699-thread-1] INFO  ratis.ContainerStateMachine (ContainerStateMachine.java:loadSnapshot(226)) - group-98D24FF27ADE: The snapshot info is null. Setting the last applied indexto:(t:0, i:~)
2019-09-04 10:17:08,998 [pool-699-thread-1] INFO  server.RaftServerConfigKeys (ConfUtils.java:logGet(43)) - raft.server.leader.election.timeout = 120s (custom)
2019-09-04 10:17:08,998 [pool-699-thread-1] INFO  server.RaftServerConfigKeys (ConfUtils.java:logGet(43)) - raft.server.log.use.memory = false (default)
2019-09-04 10:17:08,998 [pool-699-thread-1] INFO  server.RaftServerConfigKeys (ConfUtils.java:logGet(43)) - raft.server.log.purge.gap = 1000000 (custom)
2019-09-04 10:17:08,998 [pool-699-thread-1] INFO  server.RaftServerConfigKeys (ConfUtils.java:logGet(43)) - raft.server.log.appender.buffer.byte-limit = 33554432 (custom)
2019-09-04 10:17:08,998 [pool-699-thread-1] INFO  server.RaftServerConfigKeys (ConfUtils.java:logGet(43)) - raft.server.log.segment.size.max = 1048576 (custom)
2019-09-04 10:17:08,998 [pool-699-thread-1] INFO  server.RaftServerConfigKeys (ConfUtils.java:logGet(43)) - raft.server.log.segment.cache.num.max = 2 (custom)
2019-09-04 10:17:08,998 [pool-699-thread-1] INFO  segmented.SegmentedRaftLogWorker (SegmentedRaftLogWorker.java:<init>(172)) - new 2db1d6fe-cbe4-4547-a727-a515e5c0c878-SegmentedRaftLogWorker:Storage Directory /workdir/hadoop-ozone/integration-test/target/test-dir/MiniOzoneClusterImpl-fbf2683a-c8d7-46fa-a564-419916e3e42d/datanode-6/data/ratis/0fb653b6-01ac-490a-ab2e-98d24ff27ade for RaftStorage:Storage Directory /workdir/hadoop-ozone/integration-test/target/test-dir/MiniOzoneClusterImpl-fbf2683a-c8d7-46fa-a564-419916e3e42d/datanode-6/data/ratis/0fb653b6-01ac-490a-ab2e-98d24ff27ade
2019-09-04 10:17:08,998 [pool-699-thread-1] INFO  server.RaftServerConfigKeys (ConfUtils.java:logGet(43)) - raft.server.log.queue.byte-limit = 2147483647 (custom)
2019-09-04 10:17:08,998 [pool-699-thread-1] INFO  server.RaftServerConfigKeys (ConfUtils.java:logGet(43)) - raft.server.log.queue.element-limit = 1024 (custom)
2019-09-04 10:17:08,999 [pool-699-thread-1] INFO  server.RaftServerConfigKeys (ConfUtils.java:logGet(43)) - raft.server.log.segment.size.max = 1048576 (custom)
2019-09-04 10:17:08,999 [pool-699-thread-1] INFO  server.RaftServerConfigKeys (ConfUtils.java:logGet(43)) - raft.server.log.preallocated.size = 16384 (custom)
2019-09-04 10:17:08,999 [pool-699-thread-1] INFO  server.RaftServerConfigKeys (ConfUtils.java:logGet(43)) - raft.server.log.write.buffer.size = 33554432 (custom)
2019-09-04 10:17:08,999 [pool-699-thread-1] INFO  server.RaftServerConfigKeys (ConfUtils.java:logGet(43)) - raft.server.log.force.sync.num = 128 (default)
2019-09-04 10:17:08,999 [pool-699-thread-1] INFO  server.RaftServerConfigKeys (ConfUtils.java:logGet(43)) - raft.server.log.statemachine.data.sync = true (default)
2019-09-04 10:17:08,999 [pool-699-thread-1] INFO  server.RaftServerConfigKeys (ConfUtils.java:logGet(43)) - raft.server.log.statemachine.data.sync.timeout = 10s (default)
2019-09-04 10:17:08,999 [pool-699-thread-1] INFO  server.RaftServerConfigKeys (ConfUtils.java:logGet(43)) - raft.server.log.statemachine.data.sync.timeout.retry = -1 (default)
2019-09-04 10:17:08,999 [pool-699-thread-1] INFO  server.RaftServerConfigKeys (ConfUtils.java:logGet(43)) - raft.server.log.statemachine.data.caching.enabled = true (custom)
2019-09-04 10:17:09,000 [pool-699-thread-1] INFO  segmented.SegmentedRaftLogWorker (SegmentedRaftLogWorker.java:lambda$new$0(132)) - 2db1d6fe-cbe4-4547-a727-a515e5c0c878-SegmentedRaftLogWorker:Storage Directory /workdir/hadoop-ozone/integration-test/target/test-dir/MiniOzoneClusterImpl-fbf2683a-c8d7-46fa-a564-419916e3e42d/datanode-6/data/ratis/0fb653b6-01ac-490a-ab2e-98d24ff27ade: flushIndex: setUnconditionally 0 -> -1
2019-09-04 10:17:09,000 [pool-699-thread-1] INFO  server.RaftServerConfigKeys (ConfUtils.java:logGet(43)) - raft.server.snapshot.auto.trigger.enabled = true (custom)
2019-09-04 10:17:09,000 [pool-699-thread-1] INFO  server.RaftServerConfigKeys (ConfUtils.java:logGet(43)) - raft.server.snapshot.auto.trigger.threshold = 10000 (custom)
2019-09-04 10:17:09,000 [pool-699-thread-1] INFO  server.RaftServerConfigKeys (ConfUtils.java:logGet(43)) - raft.server.retrycache.expirytime = 600000ms (custom)
2019-09-04 10:17:09,000 [pool-699-thread-1] INFO  impl.RaftServerImpl (RaftServerImpl.java:start(180)) - 2db1d6fe-cbe4-4547-a727-a515e5c0c878: start group-98D24FF27ADE
2019-09-04 10:17:09,001 [pool-699-thread-1] INFO  impl.RaftServerImpl (RaftServerImpl.java:setRole(171)) - 2db1d6fe-cbe4-4547-a727-a515e5c0c878:group-98D24FF27ADE changes role from null to FOLLOWER at term 0 for startAsFollower
2019-09-04 10:17:09,001 [pool-699-thread-1] INFO  impl.RoleInfo (RoleInfo.java:updateAndGet(143)) - 2db1d6fe-cbe4-4547-a727-a515e5c0c878: start FollowerState
2019-09-04 10:17:09,001 [pool-699-thread-1] INFO  util.JmxRegister (JmxRegister.java:tryRegister(44)) - Successfully registered JMX Bean with object name Ratis:service=RaftServer,group=group-98D24FF27ADE,id=2db1d6fe-cbe4-4547-a727-a515e5c0c878
2019-09-04 10:17:09,005 [RatisPipelineUtilsThread] INFO  pipeline.PipelineStateManager (PipelineStateManager.java:addPipeline(56)) - Created pipeline Pipeline[ Id: 0fb653b6-01ac-490a-ab2e-98d24ff27ade, Nodes: 2db1d6fe-cbe4-4547-a727-a515e5c0c878{ip: 192.168.36.67, host: pr-hdds-1569-fjd24-125839774, networkLocation: /default-rack, certSerialId: null}, Type:RATIS, Factor:ONE, State:OPEN]
2019-09-04 10:17:09,296 | INFO  | SCMAudit | user=jenkins1000 | ip=192.168.36.67 | op=SEND_HEARTBEAT {datanodeUUID=5a7a11a7-685d-4dd4-88fb-b8c69093e530, command=[]} | ret=SUCCESS |  
2019-09-04 10:17:09,539 | INFO  | SCMAudit | user=jenkins1000 | ip=192.168.36.67 | op=SEND_HEARTBEAT {datanodeUUID=47c468d8-6fe5-4042-9a7f-b5fec722af60, command=[]} | ret=SUCCESS |  
2019-09-04 10:17:09,756 | INFO  | SCMAudit | user=jenkins1000 | ip=192.168.36.67 | op=SEND_HEARTBEAT {datanodeUUID=8ef0ae79-a58d-4d32-ad9c-cca36b501167, command=[]} | ret=SUCCESS |  
2019-09-04 10:17:09,959 [main] INFO  ozone.MiniOzoneClusterImpl (MiniOzoneClusterImpl.java:lambda$waitForClusterToBeReady$0(142)) - Cluster is ready. Got 7 of 7 DN Heartbeats.
2019-09-04 10:17:10,006 [main] INFO  rpc.RpcClient (RpcClient.java:createVolume(293)) - Creating Volume: testblockoutputstream, with jenkins1000 as owner.
2019-09-04 10:17:10,023 | INFO  | SCMAudit | user=jenkins1000 | ip=192.168.36.67 | op=SEND_HEARTBEAT {datanodeUUID=a8339521-9748-4b3f-93ce-dabf586a78fe, command=[]} | ret=SUCCESS |  
2019-09-04 10:17:10,095 | INFO  | OMAudit | user=jenkins1000 | ip=127.0.0.1 | op=CREATE_VOLUME {admin=jenkins1000, owner=jenkins1000, volume=testblockoutputstream, creationTime=1567592230008, quotaInBytes=1152921504606846976} | ret=SUCCESS |  
2019-09-04 10:17:10,115 | INFO  | OMAudit | user=jenkins1000 | ip=127.0.0.1 | op=READ_VOLUME {volume=testblockoutputstream} | ret=SUCCESS |  
2019-09-04 10:17:10,116 [main] INFO  rpc.RpcClient (RpcClient.java:createBucket(432)) - Creating Bucket: testblockoutputstream/testblockoutputstream, with Versioning false and Storage Type set to DISK and Encryption set to false 
2019-09-04 10:17:10,122 | INFO  | OMAudit | user=jenkins1000 | ip=127.0.0.1 | op=CREATE_BUCKET {volume=testblockoutputstream, bucket=testblockoutputstream, acls=[user:jenkins1000:a[ACCESS], group:default:a[ACCESS]], isVersionEnabled=false, storageType=DISK, creationTime=0} | ret=SUCCESS |  
2019-09-04 10:17:10,123 | INFO  | OMAudit | user=jenkins1000 | ip=127.0.0.1 | op=READ_VOLUME {volume=testblockoutputstream} | ret=SUCCESS |  
2019-09-04 10:17:10,125 | INFO  | OMAudit | user=jenkins1000 | ip=127.0.0.1 | op=READ_BUCKET {volume=testblockoutputstream, bucket=testblockoutputstream} | ret=SUCCESS |  
2019-09-04 10:17:10,238 | INFO  | SCMAudit | user=jenkins1000 | ip=192.168.36.67 | op=ALLOCATE_BLOCK {owner=4311f96b-5cd9-4d32-8e87-c98f98f3770b, size=800, type=RATIS, factor=THREE} | ret=SUCCESS |  
2019-09-04 10:17:10,243 | INFO  | OMAudit | user=jenkins1000 | ip=127.0.0.1 | op=ALLOCATE_KEY {volume=testblockoutputstream, bucket=testblockoutputstream, key=db813d69-c5fb-4d2f-9dc7-26bd17ffc8ed, dataSize=0, replicationType=RATIS, replicationFactor=THREE, keyLocationInfo=null} | ret=SUCCESS |  
2019-09-04 10:17:10,259 [grpc-default-executor-10] INFO  client.GrpcClientProtocolClient (GrpcClientProtocolClient.java:onNext(255)) - client-3A5551880675->47c468d8-6fe5-4042-9a7f-b5fec722af60: receive RaftClientReply:client-3A5551880675->47c468d8-6fe5-4042-9a7f-b5fec722af60@group-DB5B8B2B2DB8, cid=243, FAILED org.apache.ratis.protocol.NotLeaderException: Server 47c468d8-6fe5-4042-9a7f-b5fec722af60 is not the leader (null). Request must be sent to leader., logIndex=0, commits[47c468d8-6fe5-4042-9a7f-b5fec722af60:c-1]
2019-09-04 10:17:10,296 | INFO  | SCMAudit | user=jenkins1000 | ip=192.168.36.67 | op=SEND_HEARTBEAT {datanodeUUID=5a7a11a7-685d-4dd4-88fb-b8c69093e530, command=[]} | ret=SUCCESS |  
2019-09-04 10:17:10,306 [Thread-4609] INFO  container.ReplicationManager (ReplicationManager.java:start(152)) - Starting Replication Monitor Thread.
2019-09-04 10:17:10,312 [ReplicationMonitor] INFO  container.ReplicationManager (ReplicationManager.java:run(215)) - Replication Monitor Thread took 1 milliseconds for processing 1 containers.
2019-09-04 10:17:10,516 | INFO  | SCMAudit | user=jenkins1000 | ip=192.168.36.67 | op=SEND_HEARTBEAT {datanodeUUID=adc7ce4f-a574-4e1f-927c-4aeedb5bfc3b, command=[]} | ret=SUCCESS |  
2019-09-04 10:17:10,538 | INFO  | SCMAudit | user=jenkins1000 | ip=192.168.36.67 | op=SEND_HEARTBEAT {datanodeUUID=47c468d8-6fe5-4042-9a7f-b5fec722af60, command=[]} | ret=SUCCESS |  
2019-09-04 10:17:10,757 | INFO  | SCMAudit | user=jenkins1000 | ip=192.168.36.67 | op=SEND_HEARTBEAT {datanodeUUID=8ef0ae79-a58d-4d32-ad9c-cca36b501167, command=[]} | ret=SUCCESS |  
2019-09-04 10:17:10,766 | INFO  | SCMAudit | user=jenkins1000 | ip=192.168.36.67 | op=SEND_HEARTBEAT {datanodeUUID=d2bc92ad-7d78-408f-a6ab-434098f1c8bb, command=[]} | ret=SUCCESS |  
2019-09-04 10:17:10,959 | INFO  | SCMAudit | user=jenkins1000 | ip=192.168.36.67 | op=SEND_HEARTBEAT {datanodeUUID=2db1d6fe-cbe4-4547-a727-a515e5c0c878, command=[]} | ret=SUCCESS |  
2019-09-04 10:17:11,023 | INFO  | SCMAudit | user=jenkins1000 | ip=192.168.36.67 | op=SEND_HEARTBEAT {datanodeUUID=a8339521-9748-4b3f-93ce-dabf586a78fe, command=[]} | ret=SUCCESS |  
2019-09-04 10:17:11,273 [grpc-default-executor-10] INFO  client.GrpcClientProtocolClient (GrpcClientProtocolClient.java:onNext(255)) - client-3A5551880675->8ef0ae79-a58d-4d32-ad9c-cca36b501167: receive RaftClientReply:client-3A5551880675->8ef0ae79-a58d-4d32-ad9c-cca36b501167@group-DB5B8B2B2DB8, cid=243, FAILED org.apache.ratis.protocol.NotLeaderException: Server 8ef0ae79-a58d-4d32-ad9c-cca36b501167 is not the leader (null). Request must be sent to leader., logIndex=0, commits[8ef0ae79-a58d-4d32-ad9c-cca36b501167:c-1]
2019-09-04 10:17:11,296 | INFO  | SCMAudit | user=jenkins1000 | ip=192.168.36.67 | op=SEND_HEARTBEAT {datanodeUUID=5a7a11a7-685d-4dd4-88fb-b8c69093e530, command=[]} | ret=SUCCESS |  
2019-09-04 10:17:11,516 | INFO  | SCMAudit | user=jenkins1000 | ip=192.168.36.67 | op=SEND_HEARTBEAT {datanodeUUID=adc7ce4f-a574-4e1f-927c-4aeedb5bfc3b, command=[]} | ret=SUCCESS |  
2019-09-04 10:17:11,538 | INFO  | SCMAudit | user=jenkins1000 | ip=192.168.36.67 | op=SEND_HEARTBEAT {datanodeUUID=47c468d8-6fe5-4042-9a7f-b5fec722af60, command=[]} | ret=SUCCESS |  
2019-09-04 10:17:11,756 | INFO  | SCMAudit | user=jenkins1000 | ip=192.168.36.67 | op=SEND_HEARTBEAT {datanodeUUID=8ef0ae79-a58d-4d32-ad9c-cca36b501167, command=[]} | ret=SUCCESS |  
2019-09-04 10:17:11,767 | INFO  | SCMAudit | user=jenkins1000 | ip=192.168.36.67 | op=SEND_HEARTBEAT {datanodeUUID=d2bc92ad-7d78-408f-a6ab-434098f1c8bb, command=[]} | ret=SUCCESS |  
2019-09-04 10:17:11,959 | INFO  | SCMAudit | user=jenkins1000 | ip=192.168.36.67 | op=SEND_HEARTBEAT {datanodeUUID=2db1d6fe-cbe4-4547-a727-a515e5c0c878, command=[]} | ret=SUCCESS |  
2019-09-04 10:17:12,022 | INFO  | SCMAudit | user=jenkins1000 | ip=192.168.36.67 | op=SEND_HEARTBEAT {datanodeUUID=a8339521-9748-4b3f-93ce-dabf586a78fe, command=[]} | ret=SUCCESS |  
2019-09-04 10:17:12,287 [grpc-default-executor-11] INFO  client.GrpcClientProtocolClient (GrpcClientProtocolClient.java:onNext(255)) - client-3A5551880675->5a7a11a7-685d-4dd4-88fb-b8c69093e530: receive RaftClientReply:client-3A5551880675->5a7a11a7-685d-4dd4-88fb-b8c69093e530@group-DB5B8B2B2DB8, cid=243, FAILED org.apache.ratis.protocol.NotLeaderException: Server 5a7a11a7-685d-4dd4-88fb-b8c69093e530 is not the leader (null). Request must be sent to leader., logIndex=0, commits[5a7a11a7-685d-4dd4-88fb-b8c69093e530:c-1]
2019-09-04 10:17:12,296 | INFO  | SCMAudit | user=jenkins1000 | ip=192.168.36.67 | op=SEND_HEARTBEAT {datanodeUUID=5a7a11a7-685d-4dd4-88fb-b8c69093e530, command=[]} | ret=SUCCESS |  
2019-09-04 10:17:12,410 [Thread-4611] INFO  impl.FollowerState (FollowerState.java:run(106)) - 5a7a11a7-685d-4dd4-88fb-b8c69093e530:group-19DAFA5CA9DA changes to CANDIDATE, lastRpcTime:5066, electionTimeout:5066ms
2019-09-04 10:17:12,410 [Thread-4611] INFO  impl.RoleInfo (RoleInfo.java:shutdownFollowerState(121)) - 5a7a11a7-685d-4dd4-88fb-b8c69093e530: shutdown FollowerState
2019-09-04 10:17:12,410 [Thread-4611] INFO  impl.RaftServerImpl (RaftServerImpl.java:setRole(171)) - 5a7a11a7-685d-4dd4-88fb-b8c69093e530:group-19DAFA5CA9DA changes role from FOLLOWER to CANDIDATE at term 0 for changeToCandidate
2019-09-04 10:17:12,410 [Thread-4611] INFO  impl.RoleInfo (RoleInfo.java:updateAndGet(143)) - 5a7a11a7-685d-4dd4-88fb-b8c69093e530: start LeaderElection
2019-09-04 10:17:12,444 [5a7a11a7-685d-4dd4-88fb-b8c69093e530:group-19DAFA5CA9DA:LeaderElection88] INFO  impl.LeaderElection (LeaderElection.java:askForVotes(181)) - 5a7a11a7-685d-4dd4-88fb-b8c69093e530:group-19DAFA5CA9DA:LeaderElection88: begin an election at term 1 for -1: [5a7a11a7-685d-4dd4-88fb-b8c69093e530:192.168.36.67:45284], old=null
2019-09-04 10:17:12,444 [5a7a11a7-685d-4dd4-88fb-b8c69093e530:group-19DAFA5CA9DA:LeaderElection88] INFO  impl.RoleInfo (RoleInfo.java:shutdownLeaderElection(134)) - 5a7a11a7-685d-4dd4-88fb-b8c69093e530: shutdown LeaderElection
2019-09-04 10:17:12,444 [5a7a11a7-685d-4dd4-88fb-b8c69093e530:group-19DAFA5CA9DA:LeaderElection88] INFO  impl.RaftServerImpl (RaftServerImpl.java:setRole(171)) - 5a7a11a7-685d-4dd4-88fb-b8c69093e530:group-19DAFA5CA9DA changes role from CANDIDATE to LEADER at term 1 for changeToLeader
2019-09-04 10:17:12,444 [5a7a11a7-685d-4dd4-88fb-b8c69093e530:group-19DAFA5CA9DA:LeaderElection88] INFO  impl.RaftServerImpl (ServerState.java:setLeader(263)) - 5a7a11a7-685d-4dd4-88fb-b8c69093e530:group-19DAFA5CA9DA change Leader from null to 5a7a11a7-685d-4dd4-88fb-b8c69093e530 at term 1 for becomeLeader, leader elected after 5103ms
2019-09-04 10:17:12,444 [5a7a11a7-685d-4dd4-88fb-b8c69093e530:group-19DAFA5CA9DA:LeaderElection88] INFO  server.RaftServerConfigKeys (ConfUtils.java:logGet(43)) - raft.server.staging.catchup.gap = 1000 (default)
2019-09-04 10:17:12,444 [5a7a11a7-685d-4dd4-88fb-b8c69093e530:group-19DAFA5CA9DA:LeaderElection88] INFO  server.RaftServerConfigKeys (ConfUtils.java:logGet(43)) - raft.server.rpc.sleep.time = 25ms (default)
2019-09-04 10:17:12,445 [5a7a11a7-685d-4dd4-88fb-b8c69093e530:group-19DAFA5CA9DA:LeaderElection88] INFO  server.RaftServerConfigKeys (ConfUtils.java:logGet(43)) - raft.server.write.element-limit = 4096 (default)
2019-09-04 10:17:12,445 [5a7a11a7-685d-4dd4-88fb-b8c69093e530:group-19DAFA5CA9DA:LeaderElection88] INFO  server.RaftServerConfigKeys (ConfUtils.java:logGet(43)) - raft.server.watch.timeout = 10s (default)
2019-09-04 10:17:12,445 [5a7a11a7-685d-4dd4-88fb-b8c69093e530:group-19DAFA5CA9DA:LeaderElection88] INFO  server.RaftServerConfigKeys (ConfUtils.java:logGet(43)) - raft.server.watch.timeout.denomination = 1s (default)
2019-09-04 10:17:12,445 [5a7a11a7-685d-4dd4-88fb-b8c69093e530:group-19DAFA5CA9DA:LeaderElection88] INFO  server.RaftServerConfigKeys (ConfUtils.java:logGet(43)) - raft.server.watch.element-limit = 65536 (default)
2019-09-04 10:17:12,445 [5a7a11a7-685d-4dd4-88fb-b8c69093e530:group-19DAFA5CA9DA:LeaderElection88] INFO  impl.RoleInfo (RoleInfo.java:updateAndGet(143)) - 5a7a11a7-685d-4dd4-88fb-b8c69093e530: start LeaderState
2019-09-04 10:17:12,446 [5a7a11a7-685d-4dd4-88fb-b8c69093e530:group-19DAFA5CA9DA:LeaderElection88] INFO  segmented.SegmentedRaftLogWorker (SegmentedRaftLogWorker.java:startLogSegment(380)) - 5a7a11a7-685d-4dd4-88fb-b8c69093e530-SegmentedRaftLogWorker:Storage Directory /workdir/hadoop-ozone/integration-test/target/test-dir/MiniOzoneClusterImpl-fbf2683a-c8d7-46fa-a564-419916e3e42d/datanode-0/data/ratis/cb929480-2cb8-46b1-bdb5-19dafa5ca9da: Starting segment from index:0
2019-09-04 10:17:12,446 [5a7a11a7-685d-4dd4-88fb-b8c69093e530:group-19DAFA5CA9DA:LeaderElection88] INFO  impl.RaftServerImpl (ServerState.java:setRaftConf(361)) - 5a7a11a7-685d-4dd4-88fb-b8c69093e530:group-19DAFA5CA9DA set configuration 0: [5a7a11a7-685d-4dd4-88fb-b8c69093e530:192.168.36.67:45284], old=null at 0
2019-09-04 10:17:12,499 [5a7a11a7-685d-4dd4-88fb-b8c69093e530-SegmentedRaftLogWorker:Storage Directory /workdir/hadoop-ozone/integration-test/target/test-dir/MiniOzoneClusterImpl-fbf2683a-c8d7-46fa-a564-419916e3e42d/datanode-0/data/ratis/cb929480-2cb8-46b1-bdb5-19dafa5ca9da] INFO  segmented.SegmentedRaftLogWorker (SegmentedRaftLogWorker.java:execute(569)) - 5a7a11a7-685d-4dd4-88fb-b8c69093e530-SegmentedRaftLogWorker:Storage Directory /workdir/hadoop-ozone/integration-test/target/test-dir/MiniOzoneClusterImpl-fbf2683a-c8d7-46fa-a564-419916e3e42d/datanode-0/data/ratis/cb929480-2cb8-46b1-bdb5-19dafa5ca9da: created new log segment /workdir/hadoop-ozone/integration-test/target/test-dir/MiniOzoneClusterImpl-fbf2683a-c8d7-46fa-a564-419916e3e42d/datanode-0/data/ratis/cb929480-2cb8-46b1-bdb5-19dafa5ca9da/current/log_inprogress_0
2019-09-04 10:17:12,516 | INFO  | SCMAudit | user=jenkins1000 | ip=192.168.36.67 | op=SEND_HEARTBEAT {datanodeUUID=adc7ce4f-a574-4e1f-927c-4aeedb5bfc3b, command=[]} | ret=SUCCESS |  
2019-09-04 10:17:12,538 | INFO  | SCMAudit | user=jenkins1000 | ip=192.168.36.67 | op=SEND_HEARTBEAT {datanodeUUID=47c468d8-6fe5-4042-9a7f-b5fec722af60, command=[]} | ret=SUCCESS |  
2019-09-04 10:17:12,757 | INFO  | SCMAudit | user=jenkins1000 | ip=192.168.36.67 | op=SEND_HEARTBEAT {datanodeUUID=8ef0ae79-a58d-4d32-ad9c-cca36b501167, command=[]} | ret=SUCCESS |  
2019-09-04 10:17:12,762 [Thread-4614] INFO  impl.FollowerState (FollowerState.java:run(106)) - 47c468d8-6fe5-4042-9a7f-b5fec722af60:group-9D59753B7428 changes to CANDIDATE, lastRpcTime:5171, electionTimeout:5171ms
2019-09-04 10:17:12,762 [Thread-4614] INFO  impl.RoleInfo (RoleInfo.java:shutdownFollowerState(121)) - 47c468d8-6fe5-4042-9a7f-b5fec722af60: shutdown FollowerState
2019-09-04 10:17:12,762 [Thread-4614] INFO  impl.RaftServerImpl (RaftServerImpl.java:setRole(171)) - 47c468d8-6fe5-4042-9a7f-b5fec722af60:group-9D59753B7428 changes role from FOLLOWER to CANDIDATE at term 0 for changeToCandidate
2019-09-04 10:17:12,763 [Thread-4614] INFO  impl.RoleInfo (RoleInfo.java:updateAndGet(143)) - 47c468d8-6fe5-4042-9a7f-b5fec722af60: start LeaderElection
2019-09-04 10:17:12,771 | INFO  | SCMAudit | user=jenkins1000 | ip=192.168.36.67 | op=SEND_HEARTBEAT {datanodeUUID=d2bc92ad-7d78-408f-a6ab-434098f1c8bb, command=[]} | ret=SUCCESS |  
2019-09-04 10:17:12,784 [47c468d8-6fe5-4042-9a7f-b5fec722af60:group-9D59753B7428:LeaderElection89] INFO  impl.LeaderElection (LeaderElection.java:askForVotes(181)) - 47c468d8-6fe5-4042-9a7f-b5fec722af60:group-9D59753B7428:LeaderElection89: begin an election at term 1 for -1: [47c468d8-6fe5-4042-9a7f-b5fec722af60:192.168.36.67:36722], old=null
2019-09-04 10:17:12,784 [47c468d8-6fe5-4042-9a7f-b5fec722af60:group-9D59753B7428:LeaderElection89] INFO  impl.RoleInfo (RoleInfo.java:shutdownLeaderElection(134)) - 47c468d8-6fe5-4042-9a7f-b5fec722af60: shutdown LeaderElection
2019-09-04 10:17:12,784 [47c468d8-6fe5-4042-9a7f-b5fec722af60:group-9D59753B7428:LeaderElection89] INFO  impl.RaftServerImpl (RaftServerImpl.java:setRole(171)) - 47c468d8-6fe5-4042-9a7f-b5fec722af60:group-9D59753B7428 changes role from CANDIDATE to LEADER at term 1 for changeToLeader
2019-09-04 10:17:12,784 [47c468d8-6fe5-4042-9a7f-b5fec722af60:group-9D59753B7428:LeaderElection89] INFO  impl.RaftServerImpl (ServerState.java:setLeader(263)) - 47c468d8-6fe5-4042-9a7f-b5fec722af60:group-9D59753B7428 change Leader from null to 47c468d8-6fe5-4042-9a7f-b5fec722af60 at term 1 for becomeLeader, leader elected after 5196ms
2019-09-04 10:17:12,784 [47c468d8-6fe5-4042-9a7f-b5fec722af60:group-9D59753B7428:LeaderElection89] INFO  server.RaftServerConfigKeys (ConfUtils.java:logGet(43)) - raft.server.staging.catchup.gap = 1000 (default)
2019-09-04 10:17:12,784 [47c468d8-6fe5-4042-9a7f-b5fec722af60:group-9D59753B7428:LeaderElection89] INFO  server.RaftServerConfigKeys (ConfUtils.java:logGet(43)) - raft.server.rpc.sleep.time = 25ms (default)
2019-09-04 10:17:12,785 [47c468d8-6fe5-4042-9a7f-b5fec722af60:group-9D59753B7428:LeaderElection89] INFO  server.RaftServerConfigKeys (ConfUtils.java:logGet(43)) - raft.server.write.element-limit = 4096 (default)
2019-09-04 10:17:12,785 [47c468d8-6fe5-4042-9a7f-b5fec722af60:group-9D59753B7428:LeaderElection89] INFO  server.RaftServerConfigKeys (ConfUtils.java:logGet(43)) - raft.server.watch.timeout = 10s (default)
2019-09-04 10:17:12,785 [47c468d8-6fe5-4042-9a7f-b5fec722af60:group-9D59753B7428:LeaderElection89] INFO  server.RaftServerConfigKeys (ConfUtils.java:logGet(43)) - raft.server.watch.timeout.denomination = 1s (default)
2019-09-04 10:17:12,785 [47c468d8-6fe5-4042-9a7f-b5fec722af60:group-9D59753B7428:LeaderElection89] INFO  server.RaftServerConfigKeys (ConfUtils.java:logGet(43)) - raft.server.watch.element-limit = 65536 (default)
2019-09-04 10:17:12,785 [47c468d8-6fe5-4042-9a7f-b5fec722af60:group-9D59753B7428:LeaderElection89] INFO  impl.RoleInfo (RoleInfo.java:updateAndGet(143)) - 47c468d8-6fe5-4042-9a7f-b5fec722af60: start LeaderState
2019-09-04 10:17:12,786 [47c468d8-6fe5-4042-9a7f-b5fec722af60:group-9D59753B7428:LeaderElection89] INFO  segmented.SegmentedRaftLogWorker (SegmentedRaftLogWorker.java:startLogSegment(380)) - 47c468d8-6fe5-4042-9a7f-b5fec722af60-SegmentedRaftLogWorker:Storage Directory /workdir/hadoop-ozone/integration-test/target/test-dir/MiniOzoneClusterImpl-fbf2683a-c8d7-46fa-a564-419916e3e42d/datanode-1/data/ratis/79cc8709-3d79-41d2-8bef-9d59753b7428: Starting segment from index:0
2019-09-04 10:17:12,786 [47c468d8-6fe5-4042-9a7f-b5fec722af60:group-9D59753B7428:LeaderElection89] INFO  impl.RaftServerImpl (ServerState.java:setRaftConf(361)) - 47c468d8-6fe5-4042-9a7f-b5fec722af60:group-9D59753B7428 set configuration 0: [47c468d8-6fe5-4042-9a7f-b5fec722af60:192.168.36.67:36722], old=null at 0
2019-09-04 10:17:12,839 [47c468d8-6fe5-4042-9a7f-b5fec722af60-SegmentedRaftLogWorker:Storage Directory /workdir/hadoop-ozone/integration-test/target/test-dir/MiniOzoneClusterImpl-fbf2683a-c8d7-46fa-a564-419916e3e42d/datanode-1/data/ratis/79cc8709-3d79-41d2-8bef-9d59753b7428] INFO  segmented.SegmentedRaftLogWorker (SegmentedRaftLogWorker.java:execute(569)) - 47c468d8-6fe5-4042-9a7f-b5fec722af60-SegmentedRaftLogWorker:Storage Directory /workdir/hadoop-ozone/integration-test/target/test-dir/MiniOzoneClusterImpl-fbf2683a-c8d7-46fa-a564-419916e3e42d/datanode-1/data/ratis/79cc8709-3d79-41d2-8bef-9d59753b7428: created new log segment /workdir/hadoop-ozone/integration-test/target/test-dir/MiniOzoneClusterImpl-fbf2683a-c8d7-46fa-a564-419916e3e42d/datanode-1/data/ratis/79cc8709-3d79-41d2-8bef-9d59753b7428/current/log_inprogress_0
2019-09-04 10:17:12,960 | INFO  | SCMAudit | user=jenkins1000 | ip=192.168.36.67 | op=SEND_HEARTBEAT {datanodeUUID=2db1d6fe-cbe4-4547-a727-a515e5c0c878, command=[]} | ret=SUCCESS |  
2019-09-04 10:17:12,986 [Thread-4621] INFO  impl.FollowerState (FollowerState.java:run(106)) - 8ef0ae79-a58d-4d32-ad9c-cca36b501167:group-DB5B8B2B2DB8 changes to CANDIDATE, lastRpcTime:5121, electionTimeout:5121ms
2019-09-04 10:17:12,986 [Thread-4621] INFO  impl.RoleInfo (RoleInfo.java:shutdownFollowerState(121)) - 8ef0ae79-a58d-4d32-ad9c-cca36b501167: shutdown FollowerState
2019-09-04 10:17:12,986 [Thread-4621] INFO  impl.RaftServerImpl (RaftServerImpl.java:setRole(171)) - 8ef0ae79-a58d-4d32-ad9c-cca36b501167:group-DB5B8B2B2DB8 changes role from FOLLOWER to CANDIDATE at term 0 for changeToCandidate
2019-09-04 10:17:12,986 [Thread-4621] INFO  impl.RoleInfo (RoleInfo.java:updateAndGet(143)) - 8ef0ae79-a58d-4d32-ad9c-cca36b501167: start LeaderElection
2019-09-04 10:17:13,001 [Thread-4617] INFO  impl.FollowerState (FollowerState.java:run(106)) - 8ef0ae79-a58d-4d32-ad9c-cca36b501167:group-EB0718CDBEE8 changes to CANDIDATE, lastRpcTime:5191, electionTimeout:5191ms
2019-09-04 10:17:13,002 [Thread-4617] INFO  impl.RoleInfo (RoleInfo.java:shutdownFollowerState(121)) - 8ef0ae79-a58d-4d32-ad9c-cca36b501167: shutdown FollowerState
2019-09-04 10:17:13,002 [Thread-4617] INFO  impl.RaftServerImpl (RaftServerImpl.java:setRole(171)) - 8ef0ae79-a58d-4d32-ad9c-cca36b501167:group-EB0718CDBEE8 changes role from FOLLOWER to CANDIDATE at term 0 for changeToCandidate
2019-09-04 10:17:13,002 [Thread-4617] INFO  impl.RoleInfo (RoleInfo.java:updateAndGet(143)) - 8ef0ae79-a58d-4d32-ad9c-cca36b501167: start LeaderElection
2019-09-04 10:17:13,007 [8ef0ae79-a58d-4d32-ad9c-cca36b501167:group-DB5B8B2B2DB8:LeaderElection90] INFO  impl.LeaderElection (LeaderElection.java:askForVotes(181)) - 8ef0ae79-a58d-4d32-ad9c-cca36b501167:group-DB5B8B2B2DB8:LeaderElection90: begin an election at term 1 for -1: [8ef0ae79-a58d-4d32-ad9c-cca36b501167:192.168.36.67:36919, 5a7a11a7-685d-4dd4-88fb-b8c69093e530:192.168.36.67:45284, 47c468d8-6fe5-4042-9a7f-b5fec722af60:192.168.36.67:36722], old=null
2019-09-04 10:17:13,017 [grpc-default-executor-1] INFO  impl.RaftServerImpl (RaftServerImpl.java:setRole(171)) - 5a7a11a7-685d-4dd4-88fb-b8c69093e530:group-DB5B8B2B2DB8 changes role from FOLLOWER to FOLLOWER at term 1 for recognizeCandidate:8ef0ae79-a58d-4d32-ad9c-cca36b501167
2019-09-04 10:17:13,017 [grpc-default-executor-11] INFO  impl.RaftServerImpl (RaftServerImpl.java:setRole(171)) - 47c468d8-6fe5-4042-9a7f-b5fec722af60:group-DB5B8B2B2DB8 changes role from FOLLOWER to FOLLOWER at term 1 for recognizeCandidate:8ef0ae79-a58d-4d32-ad9c-cca36b501167
2019-09-04 10:17:13,018 [grpc-default-executor-1] INFO  impl.RoleInfo (RoleInfo.java:shutdownFollowerState(121)) - 5a7a11a7-685d-4dd4-88fb-b8c69093e530: shutdown FollowerState
2019-09-04 10:17:13,018 [grpc-default-executor-11] INFO  impl.RoleInfo (RoleInfo.java:shutdownFollowerState(121)) - 47c468d8-6fe5-4042-9a7f-b5fec722af60: shutdown FollowerState
2019-09-04 10:17:13,018 [Thread-4625] INFO  impl.FollowerState (FollowerState.java:run(114)) - 5a7a11a7-685d-4dd4-88fb-b8c69093e530: FollowerState was interrupted: java.lang.InterruptedException: sleep interrupted
2019-09-04 10:17:13,018 [grpc-default-executor-1] INFO  impl.RoleInfo (RoleInfo.java:updateAndGet(143)) - 5a7a11a7-685d-4dd4-88fb-b8c69093e530: start FollowerState
2019-09-04 10:17:13,018 [Thread-4622] INFO  impl.FollowerState (FollowerState.java:run(114)) - 47c468d8-6fe5-4042-9a7f-b5fec722af60: FollowerState was interrupted: java.lang.InterruptedException: sleep interrupted
2019-09-04 10:17:13,018 [grpc-default-executor-11] INFO  impl.RoleInfo (RoleInfo.java:updateAndGet(143)) - 47c468d8-6fe5-4042-9a7f-b5fec722af60: start FollowerState
2019-09-04 10:17:13,024 | INFO  | SCMAudit | user=jenkins1000 | ip=192.168.36.67 | op=SEND_HEARTBEAT {datanodeUUID=a8339521-9748-4b3f-93ce-dabf586a78fe, command=[]} | ret=SUCCESS |  
2019-09-04 10:17:13,031 [8ef0ae79-a58d-4d32-ad9c-cca36b501167:group-EB0718CDBEE8:LeaderElection91] INFO  impl.LeaderElection (LeaderElection.java:askForVotes(181)) - 8ef0ae79-a58d-4d32-ad9c-cca36b501167:group-EB0718CDBEE8:LeaderElection91: begin an election at term 1 for -1: [8ef0ae79-a58d-4d32-ad9c-cca36b501167:192.168.36.67:36919], old=null
2019-09-04 10:17:13,031 [8ef0ae79-a58d-4d32-ad9c-cca36b501167:group-EB0718CDBEE8:LeaderElection91] INFO  impl.RoleInfo (RoleInfo.java:shutdownLeaderElection(134)) - 8ef0ae79-a58d-4d32-ad9c-cca36b501167: shutdown LeaderElection
2019-09-04 10:17:13,031 [8ef0ae79-a58d-4d32-ad9c-cca36b501167:group-EB0718CDBEE8:LeaderElection91] INFO  impl.RaftServerImpl (RaftServerImpl.java:setRole(171)) - 8ef0ae79-a58d-4d32-ad9c-cca36b501167:group-EB0718CDBEE8 changes role from CANDIDATE to LEADER at term 1 for changeToLeader
2019-09-04 10:17:13,031 [8ef0ae79-a58d-4d32-ad9c-cca36b501167:group-EB0718CDBEE8:LeaderElection91] INFO  impl.RaftServerImpl (ServerState.java:setLeader(263)) - 8ef0ae79-a58d-4d32-ad9c-cca36b501167:group-EB0718CDBEE8 change Leader from null to 8ef0ae79-a58d-4d32-ad9c-cca36b501167 at term 1 for becomeLeader, leader elected after 5226ms
2019-09-04 10:17:13,031 [8ef0ae79-a58d-4d32-ad9c-cca36b501167:group-EB0718CDBEE8:LeaderElection91] INFO  server.RaftServerConfigKeys (ConfUtils.java:logGet(43)) - raft.server.staging.catchup.gap = 1000 (default)
2019-09-04 10:17:13,034 [8ef0ae79-a58d-4d32-ad9c-cca36b501167:group-EB0718CDBEE8:LeaderElection91] INFO  server.RaftServerConfigKeys (ConfUtils.java:logGet(43)) - raft.server.rpc.sleep.time = 25ms (default)
2019-09-04 10:17:13,034 [8ef0ae79-a58d-4d32-ad9c-cca36b501167:group-EB0718CDBEE8:LeaderElection91] INFO  server.RaftServerConfigKeys (ConfUtils.java:logGet(43)) - raft.server.write.element-limit = 4096 (default)
2019-09-04 10:17:13,034 [8ef0ae79-a58d-4d32-ad9c-cca36b501167:group-EB0718CDBEE8:LeaderElection91] INFO  server.RaftServerConfigKeys (ConfUtils.java:logGet(43)) - raft.server.watch.timeout = 10s (default)
2019-09-04 10:17:13,034 [8ef0ae79-a58d-4d32-ad9c-cca36b501167:group-DB5B8B2B2DB8:LeaderElection90] INFO  impl.LeaderElection (LeaderElection.java:logAndReturn(56)) - 8ef0ae79-a58d-4d32-ad9c-cca36b501167:group-DB5B8B2B2DB8:LeaderElection90: Election PASSED; received 1 response(s) [8ef0ae79-a58d-4d32-ad9c-cca36b501167<-47c468d8-6fe5-4042-9a7f-b5fec722af60#0:OK-t1] and 0 exception(s); 8ef0ae79-a58d-4d32-ad9c-cca36b501167:t1, leader=null, voted=8ef0ae79-a58d-4d32-ad9c-cca36b501167, raftlog=8ef0ae79-a58d-4d32-ad9c-cca36b501167-SegmentedRaftLog:OPENED:c-1,f-1,i0, conf=-1: [8ef0ae79-a58d-4d32-ad9c-cca36b501167:192.168.36.67:36919, 5a7a11a7-685d-4dd4-88fb-b8c69093e530:192.168.36.67:45284, 47c468d8-6fe5-4042-9a7f-b5fec722af60:192.168.36.67:36722], old=null
2019-09-04 10:17:13,034 [8ef0ae79-a58d-4d32-ad9c-cca36b501167:group-EB0718CDBEE8:LeaderElection91] INFO  server.RaftServerConfigKeys (ConfUtils.java:logGet(43)) - raft.server.watch.timeout.denomination = 1s (default)
2019-09-04 10:17:13,034 [8ef0ae79-a58d-4d32-ad9c-cca36b501167:group-DB5B8B2B2DB8:LeaderElection90] INFO  impl.RoleInfo (RoleInfo.java:shutdownLeaderElection(134)) - 8ef0ae79-a58d-4d32-ad9c-cca36b501167: shutdown LeaderElection
2019-09-04 10:17:13,035 [8ef0ae79-a58d-4d32-ad9c-cca36b501167:group-EB0718CDBEE8:LeaderElection91] INFO  server.RaftServerConfigKeys (ConfUtils.java:logGet(43)) - raft.server.watch.element-limit = 65536 (default)
2019-09-04 10:17:13,035 [8ef0ae79-a58d-4d32-ad9c-cca36b501167:group-DB5B8B2B2DB8:LeaderElection90] INFO  impl.RaftServerImpl (RaftServerImpl.java:setRole(171)) - 8ef0ae79-a58d-4d32-ad9c-cca36b501167:group-DB5B8B2B2DB8 changes role from CANDIDATE to LEADER at term 1 for changeToLeader
2019-09-04 10:17:13,035 [8ef0ae79-a58d-4d32-ad9c-cca36b501167:group-DB5B8B2B2DB8:LeaderElection90] INFO  impl.RaftServerImpl (ServerState.java:setLeader(263)) - 8ef0ae79-a58d-4d32-ad9c-cca36b501167:group-DB5B8B2B2DB8 change Leader from null to 8ef0ae79-a58d-4d32-ad9c-cca36b501167 at term 1 for becomeLeader, leader elected after 5178ms
2019-09-04 10:17:13,035 [8ef0ae79-a58d-4d32-ad9c-cca36b501167:group-EB0718CDBEE8:LeaderElection91] INFO  impl.RoleInfo (RoleInfo.java:updateAndGet(143)) - 8ef0ae79-a58d-4d32-ad9c-cca36b501167: start LeaderState
2019-09-04 10:17:13,035 [8ef0ae79-a58d-4d32-ad9c-cca36b501167:group-DB5B8B2B2DB8:LeaderElection90] INFO  server.RaftServerConfigKeys (ConfUtils.java:logGet(43)) - raft.server.staging.catchup.gap = 1000 (default)
2019-09-04 10:17:13,035 [8ef0ae79-a58d-4d32-ad9c-cca36b501167:group-EB0718CDBEE8:LeaderElection91] INFO  segmented.SegmentedRaftLogWorker (SegmentedRaftLogWorker.java:startLogSegment(380)) - 8ef0ae79-a58d-4d32-ad9c-cca36b501167-SegmentedRaftLogWorker:Storage Directory /workdir/hadoop-ozone/integration-test/target/test-dir/MiniOzoneClusterImpl-fbf2683a-c8d7-46fa-a564-419916e3e42d/datanode-2/data/ratis/45c90e68-89ad-4369-b460-eb0718cdbee8: Starting segment from index:0
2019-09-04 10:17:13,035 [8ef0ae79-a58d-4d32-ad9c-cca36b501167:group-DB5B8B2B2DB8:LeaderElection90] INFO  server.RaftServerConfigKeys (ConfUtils.java:logGet(43)) - raft.server.rpc.sleep.time = 25ms (default)
2019-09-04 10:17:13,035 [8ef0ae79-a58d-4d32-ad9c-cca36b501167:group-DB5B8B2B2DB8:LeaderElection90] INFO  server.RaftServerConfigKeys (ConfUtils.java:logGet(43)) - raft.server.write.element-limit = 4096 (default)
2019-09-04 10:17:13,035 [8ef0ae79-a58d-4d32-ad9c-cca36b501167:group-EB0718CDBEE8:LeaderElection91] INFO  impl.RaftServerImpl (ServerState.java:setRaftConf(361)) - 8ef0ae79-a58d-4d32-ad9c-cca36b501167:group-EB0718CDBEE8 set configuration 0: [8ef0ae79-a58d-4d32-ad9c-cca36b501167:192.168.36.67:36919], old=null at 0
2019-09-04 10:17:13,036 [8ef0ae79-a58d-4d32-ad9c-cca36b501167:group-DB5B8B2B2DB8:LeaderElection90] INFO  server.RaftServerConfigKeys (ConfUtils.java:logGet(43)) - raft.server.watch.timeout = 10s (default)
2019-09-04 10:17:13,036 [8ef0ae79-a58d-4d32-ad9c-cca36b501167:group-DB5B8B2B2DB8:LeaderElection90] INFO  server.RaftServerConfigKeys (ConfUtils.java:logGet(43)) - raft.server.watch.timeout.denomination = 1s (default)
2019-09-04 10:17:13,036 [8ef0ae79-a58d-4d32-ad9c-cca36b501167:group-DB5B8B2B2DB8:LeaderElection90] INFO  server.RaftServerConfigKeys (ConfUtils.java:logGet(43)) - raft.server.watch.element-limit = 65536 (default)
2019-09-04 10:17:13,036 [8ef0ae79-a58d-4d32-ad9c-cca36b501167:group-DB5B8B2B2DB8:LeaderElection90] INFO  server.RaftServerConfigKeys (ConfUtils.java:logGet(43)) - raft.server.log.appender.snapshot.chunk.size.max = 16MB (=16777216) (default)
2019-09-04 10:17:13,036 [8ef0ae79-a58d-4d32-ad9c-cca36b501167:group-DB5B8B2B2DB8:LeaderElection90] INFO  server.RaftServerConfigKeys (ConfUtils.java:logGet(43)) - raft.server.log.appender.buffer.byte-limit = 33554432 (custom)
2019-09-04 10:17:13,036 [8ef0ae79-a58d-4d32-ad9c-cca36b501167:group-DB5B8B2B2DB8:LeaderElection90] INFO  server.RaftServerConfigKeys (ConfUtils.java:logGet(43)) - raft.server.log.appender.buffer.element-limit = 1 (custom)
2019-09-04 10:17:13,037 [8ef0ae79-a58d-4d32-ad9c-cca36b501167:group-DB5B8B2B2DB8:LeaderElection90] INFO  grpc.GrpcConfigKeys$Server (ConfUtils.java:logGet(43)) - raft.grpc.server.leader.outstanding.appends.max = 128 (default)
2019-09-04 10:17:13,037 [8ef0ae79-a58d-4d32-ad9c-cca36b501167:group-DB5B8B2B2DB8:LeaderElection90] INFO  server.RaftServerConfigKeys (ConfUtils.java:logGet(43)) - raft.server.rpc.request.timeout = 3000ms (default)
2019-09-04 10:17:13,037 [8ef0ae79-a58d-4d32-ad9c-cca36b501167:group-DB5B8B2B2DB8:LeaderElection90] INFO  server.RaftServerConfigKeys (ConfUtils.java:logGet(43)) - raft.server.log.appender.install.snapshot.enabled = false (custom)
2019-09-04 10:17:13,037 [8ef0ae79-a58d-4d32-ad9c-cca36b501167:group-DB5B8B2B2DB8:LeaderElection90] INFO  server.RaftServerConfigKeys (ConfUtils.java:logGet(43)) - raft.server.log.appender.snapshot.chunk.size.max = 16MB (=16777216) (default)
2019-09-04 10:17:13,037 [8ef0ae79-a58d-4d32-ad9c-cca36b501167:group-DB5B8B2B2DB8:LeaderElection90] INFO  server.RaftServerConfigKeys (ConfUtils.java:logGet(43)) - raft.server.log.appender.buffer.byte-limit = 33554432 (custom)
2019-09-04 10:17:13,037 [8ef0ae79-a58d-4d32-ad9c-cca36b501167:group-DB5B8B2B2DB8:LeaderElection90] INFO  server.RaftServerConfigKeys (ConfUtils.java:logGet(43)) - raft.server.log.appender.buffer.element-limit = 1 (custom)
2019-09-04 10:17:13,037 [8ef0ae79-a58d-4d32-ad9c-cca36b501167:group-DB5B8B2B2DB8:LeaderElection90] INFO  grpc.GrpcConfigKeys$Server (ConfUtils.java:logGet(43)) - raft.grpc.server.leader.outstanding.appends.max = 128 (default)
2019-09-04 10:17:13,038 [8ef0ae79-a58d-4d32-ad9c-cca36b501167:group-DB5B8B2B2DB8:LeaderElection90] INFO  server.RaftServerConfigKeys (ConfUtils.java:logGet(43)) - raft.server.rpc.request.timeout = 3000ms (default)
2019-09-04 10:17:13,038 [8ef0ae79-a58d-4d32-ad9c-cca36b501167:group-DB5B8B2B2DB8:LeaderElection90] INFO  server.RaftServerConfigKeys (ConfUtils.java:logGet(43)) - raft.server.log.appender.install.snapshot.enabled = false (custom)
2019-09-04 10:17:13,038 [8ef0ae79-a58d-4d32-ad9c-cca36b501167:group-DB5B8B2B2DB8:LeaderElection90] INFO  impl.RoleInfo (RoleInfo.java:updateAndGet(143)) - 8ef0ae79-a58d-4d32-ad9c-cca36b501167: start LeaderState
2019-09-04 10:17:13,038 [8ef0ae79-a58d-4d32-ad9c-cca36b501167:group-DB5B8B2B2DB8:LeaderElection90] INFO  segmented.SegmentedRaftLogWorker (SegmentedRaftLogWorker.java:startLogSegment(380)) - 8ef0ae79-a58d-4d32-ad9c-cca36b501167-SegmentedRaftLogWorker:Storage Directory /workdir/hadoop-ozone/integration-test/target/test-dir/MiniOzoneClusterImpl-fbf2683a-c8d7-46fa-a564-419916e3e42d/datanode-2/data/ratis/1e8b4ec0-ac16-456b-a02d-db5b8b2b2db8: Starting segment from index:0
2019-09-04 10:17:13,039 [8ef0ae79-a58d-4d32-ad9c-cca36b501167:group-DB5B8B2B2DB8:LeaderElection90] INFO  impl.RaftServerImpl (ServerState.java:setRaftConf(361)) - 8ef0ae79-a58d-4d32-ad9c-cca36b501167:group-DB5B8B2B2DB8 set configuration 0: [8ef0ae79-a58d-4d32-ad9c-cca36b501167:192.168.36.67:36919, 5a7a11a7-685d-4dd4-88fb-b8c69093e530:192.168.36.67:45284, 47c468d8-6fe5-4042-9a7f-b5fec722af60:192.168.36.67:36722], old=null at 0
2019-09-04 10:17:13,040 [grpc-default-executor-1] INFO  impl.RaftServerImpl (ServerState.java:setLeader(263)) - 5a7a11a7-685d-4dd4-88fb-b8c69093e530:group-DB5B8B2B2DB8 change Leader from null to 8ef0ae79-a58d-4d32-ad9c-cca36b501167 at term 1 for appendEntries, leader elected after 5183ms
2019-09-04 10:17:13,040 [grpc-default-executor-11] INFO  impl.RaftServerImpl (ServerState.java:setLeader(263)) - 47c468d8-6fe5-4042-9a7f-b5fec722af60:group-DB5B8B2B2DB8 change Leader from null to 8ef0ae79-a58d-4d32-ad9c-cca36b501167 at term 1 for appendEntries, leader elected after 5183ms
2019-09-04 10:17:13,073 [grpc-default-executor-11] INFO  impl.RaftServerImpl (ServerState.java:setRaftConf(361)) - 47c468d8-6fe5-4042-9a7f-b5fec722af60:group-DB5B8B2B2DB8 set configuration 0: [8ef0ae79-a58d-4d32-ad9c-cca36b501167:192.168.36.67:36919, 5a7a11a7-685d-4dd4-88fb-b8c69093e530:192.168.36.67:45284, 47c468d8-6fe5-4042-9a7f-b5fec722af60:192.168.36.67:36722], old=null at 0
2019-09-04 10:17:13,073 [grpc-default-executor-1] INFO  impl.RaftServerImpl (ServerState.java:setRaftConf(361)) - 5a7a11a7-685d-4dd4-88fb-b8c69093e530:group-DB5B8B2B2DB8 set configuration 0: [8ef0ae79-a58d-4d32-ad9c-cca36b501167:192.168.36.67:36919, 5a7a11a7-685d-4dd4-88fb-b8c69093e530:192.168.36.67:45284, 47c468d8-6fe5-4042-9a7f-b5fec722af60:192.168.36.67:36722], old=null at 0
2019-09-04 10:17:13,073 [grpc-default-executor-11] INFO  segmented.SegmentedRaftLogWorker (SegmentedRaftLogWorker.java:startLogSegment(380)) - 47c468d8-6fe5-4042-9a7f-b5fec722af60-SegmentedRaftLogWorker:Storage Directory /workdir/hadoop-ozone/integration-test/target/test-dir/MiniOzoneClusterImpl-fbf2683a-c8d7-46fa-a564-419916e3e42d/datanode-1/data/ratis/1e8b4ec0-ac16-456b-a02d-db5b8b2b2db8: Starting segment from index:0
2019-09-04 10:17:13,073 [grpc-default-executor-1] INFO  segmented.SegmentedRaftLogWorker (SegmentedRaftLogWorker.java:startLogSegment(380)) - 5a7a11a7-685d-4dd4-88fb-b8c69093e530-SegmentedRaftLogWorker:Storage Directory /workdir/hadoop-ozone/integration-test/target/test-dir/MiniOzoneClusterImpl-fbf2683a-c8d7-46fa-a564-419916e3e42d/datanode-0/data/ratis/1e8b4ec0-ac16-456b-a02d-db5b8b2b2db8: Starting segment from index:0
2019-09-04 10:17:13,082 [8ef0ae79-a58d-4d32-ad9c-cca36b501167-SegmentedRaftLogWorker:Storage Directory /workdir/hadoop-ozone/integration-test/target/test-dir/MiniOzoneClusterImpl-fbf2683a-c8d7-46fa-a564-419916e3e42d/datanode-2/data/ratis/1e8b4ec0-ac16-456b-a02d-db5b8b2b2db8] INFO  segmented.SegmentedRaftLogWorker (SegmentedRaftLogWorker.java:execute(569)) - 8ef0ae79-a58d-4d32-ad9c-cca36b501167-SegmentedRaftLogWorker:Storage Directory /workdir/hadoop-ozone/integration-test/target/test-dir/MiniOzoneClusterImpl-fbf2683a-c8d7-46fa-a564-419916e3e42d/datanode-2/data/ratis/1e8b4ec0-ac16-456b-a02d-db5b8b2b2db8: created new log segment /workdir/hadoop-ozone/integration-test/target/test-dir/MiniOzoneClusterImpl-fbf2683a-c8d7-46fa-a564-419916e3e42d/datanode-2/data/ratis/1e8b4ec0-ac16-456b-a02d-db5b8b2b2db8/current/log_inprogress_0
2019-09-04 10:17:13,082 [8ef0ae79-a58d-4d32-ad9c-cca36b501167-SegmentedRaftLogWorker:Storage Directory /workdir/hadoop-ozone/integration-test/target/test-dir/MiniOzoneClusterImpl-fbf2683a-c8d7-46fa-a564-419916e3e42d/datanode-2/data/ratis/45c90e68-89ad-4369-b460-eb0718cdbee8] INFO  segmented.SegmentedRaftLogWorker (SegmentedRaftLogWorker.java:execute(569)) - 8ef0ae79-a58d-4d32-ad9c-cca36b501167-SegmentedRaftLogWorker:Storage Directory /workdir/hadoop-ozone/integration-test/target/test-dir/MiniOzoneClusterImpl-fbf2683a-c8d7-46fa-a564-419916e3e42d/datanode-2/data/ratis/45c90e68-89ad-4369-b460-eb0718cdbee8: created new log segment /workdir/hadoop-ozone/integration-test/target/test-dir/MiniOzoneClusterImpl-fbf2683a-c8d7-46fa-a564-419916e3e42d/datanode-2/data/ratis/45c90e68-89ad-4369-b460-eb0718cdbee8/current/log_inprogress_0
2019-09-04 10:17:13,109 [Thread-4632] INFO  impl.FollowerState (FollowerState.java:run(106)) - a8339521-9748-4b3f-93ce-dabf586a78fe:group-AE8A2ADA5770 changes to CANDIDATE, lastRpcTime:5044, electionTimeout:5044ms
2019-09-04 10:17:13,109 [Thread-4632] INFO  impl.RoleInfo (RoleInfo.java:shutdownFollowerState(121)) - a8339521-9748-4b3f-93ce-dabf586a78fe: shutdown FollowerState
2019-09-04 10:17:13,109 [Thread-4632] INFO  impl.RaftServerImpl (RaftServerImpl.java:setRole(171)) - a8339521-9748-4b3f-93ce-dabf586a78fe:group-AE8A2ADA5770 changes role from FOLLOWER to CANDIDATE at term 0 for changeToCandidate
2019-09-04 10:17:13,109 [Thread-4632] INFO  impl.RoleInfo (RoleInfo.java:updateAndGet(143)) - a8339521-9748-4b3f-93ce-dabf586a78fe: start LeaderElection
2019-09-04 10:17:13,114 [5a7a11a7-685d-4dd4-88fb-b8c69093e530-SegmentedRaftLogWorker:Storage Directory /workdir/hadoop-ozone/integration-test/target/test-dir/MiniOzoneClusterImpl-fbf2683a-c8d7-46fa-a564-419916e3e42d/datanode-0/data/ratis/1e8b4ec0-ac16-456b-a02d-db5b8b2b2db8] INFO  segmented.SegmentedRaftLogWorker (SegmentedRaftLogWorker.java:execute(569)) - 5a7a11a7-685d-4dd4-88fb-b8c69093e530-SegmentedRaftLogWorker:Storage Directory /workdir/hadoop-ozone/integration-test/target/test-dir/MiniOzoneClusterImpl-fbf2683a-c8d7-46fa-a564-419916e3e42d/datanode-0/data/ratis/1e8b4ec0-ac16-456b-a02d-db5b8b2b2db8: created new log segment /workdir/hadoop-ozone/integration-test/target/test-dir/MiniOzoneClusterImpl-fbf2683a-c8d7-46fa-a564-419916e3e42d/datanode-0/data/ratis/1e8b4ec0-ac16-456b-a02d-db5b8b2b2db8/current/log_inprogress_0
2019-09-04 10:17:13,114 [47c468d8-6fe5-4042-9a7f-b5fec722af60-SegmentedRaftLogWorker:Storage Directory /workdir/hadoop-ozone/integration-test/target/test-dir/MiniOzoneClusterImpl-fbf2683a-c8d7-46fa-a564-419916e3e42d/datanode-1/data/ratis/1e8b4ec0-ac16-456b-a02d-db5b8b2b2db8] INFO  segmented.SegmentedRaftLogWorker (SegmentedRaftLogWorker.java:execute(569)) - 47c468d8-6fe5-4042-9a7f-b5fec722af60-SegmentedRaftLogWorker:Storage Directory /workdir/hadoop-ozone/integration-test/target/test-dir/MiniOzoneClusterImpl-fbf2683a-c8d7-46fa-a564-419916e3e42d/datanode-1/data/ratis/1e8b4ec0-ac16-456b-a02d-db5b8b2b2db8: created new log segment /workdir/hadoop-ozone/integration-test/target/test-dir/MiniOzoneClusterImpl-fbf2683a-c8d7-46fa-a564-419916e3e42d/datanode-1/data/ratis/1e8b4ec0-ac16-456b-a02d-db5b8b2b2db8/current/log_inprogress_0
2019-09-04 10:17:13,150 [a8339521-9748-4b3f-93ce-dabf586a78fe:group-AE8A2ADA5770:LeaderElection92] INFO  impl.LeaderElection (LeaderElection.java:askForVotes(181)) - a8339521-9748-4b3f-93ce-dabf586a78fe:group-AE8A2ADA5770:LeaderElection92: begin an election at term 1 for -1: [a8339521-9748-4b3f-93ce-dabf586a78fe:192.168.36.67:44312], old=null
2019-09-04 10:17:13,150 [a8339521-9748-4b3f-93ce-dabf586a78fe:group-AE8A2ADA5770:LeaderElection92] INFO  impl.RoleInfo (RoleInfo.java:shutdownLeaderElection(134)) - a8339521-9748-4b3f-93ce-dabf586a78fe: shutdown LeaderElection
2019-09-04 10:17:13,150 [a8339521-9748-4b3f-93ce-dabf586a78fe:group-AE8A2ADA5770:LeaderElection92] INFO  impl.RaftServerImpl (RaftServerImpl.java:setRole(171)) - a8339521-9748-4b3f-93ce-dabf586a78fe:group-AE8A2ADA5770 changes role from CANDIDATE to LEADER at term 1 for changeToLeader
2019-09-04 10:17:13,150 [a8339521-9748-4b3f-93ce-dabf586a78fe:group-AE8A2ADA5770:LeaderElection92] INFO  impl.RaftServerImpl (ServerState.java:setLeader(263)) - a8339521-9748-4b3f-93ce-dabf586a78fe:group-AE8A2ADA5770 change Leader from null to a8339521-9748-4b3f-93ce-dabf586a78fe at term 1 for becomeLeader, leader elected after 5090ms
2019-09-04 10:17:13,151 [a8339521-9748-4b3f-93ce-dabf586a78fe:group-AE8A2ADA5770:LeaderElection92] INFO  server.RaftServerConfigKeys (ConfUtils.java:logGet(43)) - raft.server.staging.catchup.gap = 1000 (default)
2019-09-04 10:17:13,151 [a8339521-9748-4b3f-93ce-dabf586a78fe:group-AE8A2ADA5770:LeaderElection92] INFO  server.RaftServerConfigKeys (ConfUtils.java:logGet(43)) - raft.server.rpc.sleep.time = 25ms (default)
2019-09-04 10:17:13,151 [a8339521-9748-4b3f-93ce-dabf586a78fe:group-AE8A2ADA5770:LeaderElection92] INFO  server.RaftServerConfigKeys (ConfUtils.java:logGet(43)) - raft.server.write.element-limit = 4096 (default)
2019-09-04 10:17:13,151 [a8339521-9748-4b3f-93ce-dabf586a78fe:group-AE8A2ADA5770:LeaderElection92] INFO  server.RaftServerConfigKeys (ConfUtils.java:logGet(43)) - raft.server.watch.timeout = 10s (default)
2019-09-04 10:17:13,151 [a8339521-9748-4b3f-93ce-dabf586a78fe:group-AE8A2ADA5770:LeaderElection92] INFO  server.RaftServerConfigKeys (ConfUtils.java:logGet(43)) - raft.server.watch.timeout.denomination = 1s (default)
2019-09-04 10:17:13,151 [a8339521-9748-4b3f-93ce-dabf586a78fe:group-AE8A2ADA5770:LeaderElection92] INFO  server.RaftServerConfigKeys (ConfUtils.java:logGet(43)) - raft.server.watch.element-limit = 65536 (default)
2019-09-04 10:17:13,152 [a8339521-9748-4b3f-93ce-dabf586a78fe:group-AE8A2ADA5770:LeaderElection92] INFO  impl.RoleInfo (RoleInfo.java:updateAndGet(143)) - a8339521-9748-4b3f-93ce-dabf586a78fe: start LeaderState
2019-09-04 10:17:13,152 [a8339521-9748-4b3f-93ce-dabf586a78fe:group-AE8A2ADA5770:LeaderElection92] INFO  segmented.SegmentedRaftLogWorker (SegmentedRaftLogWorker.java:startLogSegment(380)) - a8339521-9748-4b3f-93ce-dabf586a78fe-SegmentedRaftLogWorker:Storage Directory /workdir/hadoop-ozone/integration-test/target/test-dir/MiniOzoneClusterImpl-fbf2683a-c8d7-46fa-a564-419916e3e42d/datanode-3/data/ratis/65b4e5df-e0f9-4c7a-a021-ae8a2ada5770: Starting segment from index:0
2019-09-04 10:17:13,152 [a8339521-9748-4b3f-93ce-dabf586a78fe:group-AE8A2ADA5770:LeaderElection92] INFO  impl.RaftServerImpl (ServerState.java:setRaftConf(361)) - a8339521-9748-4b3f-93ce-dabf586a78fe:group-AE8A2ADA5770 set configuration 0: [a8339521-9748-4b3f-93ce-dabf586a78fe:192.168.36.67:44312], old=null at 0
2019-09-04 10:17:13,191 [a8339521-9748-4b3f-93ce-dabf586a78fe-SegmentedRaftLogWorker:Storage Directory /workdir/hadoop-ozone/integration-test/target/test-dir/MiniOzoneClusterImpl-fbf2683a-c8d7-46fa-a564-419916e3e42d/datanode-3/data/ratis/65b4e5df-e0f9-4c7a-a021-ae8a2ada5770] INFO  segmented.SegmentedRaftLogWorker (SegmentedRaftLogWorker.java:execute(569)) - a8339521-9748-4b3f-93ce-dabf586a78fe-SegmentedRaftLogWorker:Storage Directory /workdir/hadoop-ozone/integration-test/target/test-dir/MiniOzoneClusterImpl-fbf2683a-c8d7-46fa-a564-419916e3e42d/datanode-3/data/ratis/65b4e5df-e0f9-4c7a-a021-ae8a2ada5770: created new log segment /workdir/hadoop-ozone/integration-test/target/test-dir/MiniOzoneClusterImpl-fbf2683a-c8d7-46fa-a564-419916e3e42d/datanode-3/data/ratis/65b4e5df-e0f9-4c7a-a021-ae8a2ada5770/current/log_inprogress_0
2019-09-04 10:17:13,300 | INFO  | SCMAudit | user=jenkins1000 | ip=192.168.36.67 | op=SEND_HEARTBEAT {datanodeUUID=5a7a11a7-685d-4dd4-88fb-b8c69093e530, command=[]} | ret=SUCCESS |  
2019-09-04 10:17:13,300 [grpc-default-executor-1] INFO  client.GrpcClientProtocolClient (GrpcClientProtocolClient.java:onNext(255)) - client-3A5551880675->47c468d8-6fe5-4042-9a7f-b5fec722af60: receive RaftClientReply:client-3A5551880675->47c468d8-6fe5-4042-9a7f-b5fec722af60@group-DB5B8B2B2DB8, cid=243, FAILED org.apache.ratis.protocol.NotLeaderException: Server 47c468d8-6fe5-4042-9a7f-b5fec722af60 is not the leader (8ef0ae79-a58d-4d32-ad9c-cca36b501167:192.168.36.67:36919). Request must be sent to leader., logIndex=0, commits[47c468d8-6fe5-4042-9a7f-b5fec722af60:c-1, 8ef0ae79-a58d-4d32-ad9c-cca36b501167:c-1, 5a7a11a7-685d-4dd4-88fb-b8c69093e530:c-1]
2019-09-04 10:17:13,462 | INFO  | DNAudit | user=null | ip=null | op=WRITE_CHUNK {blockData=conID: 1 locID: 102733724400877588 bcsId: 0} | ret=SUCCESS |  
2019-09-04 10:17:13,462 | INFO  | DNAudit | user=null | ip=null | op=WRITE_CHUNK {blockData=conID: 1 locID: 102733724400877588 bcsId: 0} | ret=SUCCESS |  
2019-09-04 10:17:13,462 | INFO  | DNAudit | user=null | ip=null | op=WRITE_CHUNK {blockData=conID: 1 locID: 102733724400877588 bcsId: 0} | ret=SUCCESS |  
2019-09-04 10:17:13,463 | INFO  | SCMAudit | user=jenkins1000 | ip=192.168.36.67 | op=SEND_HEARTBEAT {datanodeUUID=5a7a11a7-685d-4dd4-88fb-b8c69093e530, command=[]} | ret=SUCCESS |  
2019-09-04 10:17:13,463 | INFO  | SCMAudit | user=jenkins1000 | ip=192.168.36.67 | op=SEND_HEARTBEAT {datanodeUUID=8ef0ae79-a58d-4d32-ad9c-cca36b501167, command=[]} | ret=SUCCESS |  
2019-09-04 10:17:13,463 | INFO  | SCMAudit | user=jenkins1000 | ip=192.168.36.67 | op=SEND_HEARTBEAT {datanodeUUID=47c468d8-6fe5-4042-9a7f-b5fec722af60, command=[]} | ret=SUCCESS |  
2019-09-04 10:17:13,476 | INFO  | DNAudit | user=null | ip=null | op=WRITE_CHUNK {blockData=conID: 1 locID: 102733724400877588 bcsId: 0} | ret=SUCCESS |  
2019-09-04 10:17:13,490 [grpc-default-executor-1] INFO  client.GrpcClientProtocolClient (GrpcClientProtocolClient.java:onNext(255)) - client-3A5551880675->8ef0ae79-a58d-4d32-ad9c-cca36b501167: receive RaftClientReply:client-3A5551880675->8ef0ae79-a58d-4d32-ad9c-cca36b501167@group-DB5B8B2B2DB8, cid=243, SUCCESS, logIndex=1, commits[8ef0ae79-a58d-4d32-ad9c-cca36b501167:c1, 5a7a11a7-685d-4dd4-88fb-b8c69093e530:c0, 47c468d8-6fe5-4042-9a7f-b5fec722af60:c0]
2019-09-04 10:17:13,491 | INFO  | DNAudit | user=null | ip=null | op=WRITE_CHUNK {blockData=conID: 1 locID: 102733724400877588 bcsId: 0} | ret=SUCCESS |  
2019-09-04 10:17:13,491 | INFO  | DNAudit | user=null | ip=null | op=WRITE_CHUNK {blockData=conID: 1 locID: 102733724400877588 bcsId: 0} | ret=SUCCESS |  
2019-09-04 10:17:13,495 | INFO  | DNAudit | user=null | ip=null | op=WRITE_CHUNK {blockData=conID: 1 locID: 102733724400877588 bcsId: 0} | ret=SUCCESS |  
2019-09-04 10:17:13,496 | INFO  | DNAudit | user=null | ip=null | op=WRITE_CHUNK {blockData=conID: 1 locID: 102733724400877588 bcsId: 0} | ret=SUCCESS |  
2019-09-04 10:17:13,496 | INFO  | DNAudit | user=null | ip=null | op=WRITE_CHUNK {blockData=conID: 1 locID: 102733724400877588 bcsId: 0} | ret=SUCCESS |  
2019-09-04 10:17:13,496 | INFO  | DNAudit | user=null | ip=null | op=WRITE_CHUNK {blockData=conID: 1 locID: 102733724400877588 bcsId: 0} | ret=SUCCESS |  
2019-09-04 10:17:13,497 | INFO  | DNAudit | user=null | ip=null | op=WRITE_CHUNK {blockData=conID: 1 locID: 102733724400877588 bcsId: 0} | ret=SUCCESS |  
2019-09-04 10:17:13,497 | INFO  | DNAudit | user=null | ip=null | op=WRITE_CHUNK {blockData=conID: 1 locID: 102733724400877588 bcsId: 0} | ret=SUCCESS |  
2019-09-04 10:17:13,500 | INFO  | DNAudit | user=null | ip=null | op=WRITE_CHUNK {blockData=conID: 1 locID: 102733724400877588 bcsId: 0} | ret=SUCCESS |  
2019-09-04 10:17:13,500 | INFO  | DNAudit | user=null | ip=null | op=WRITE_CHUNK {blockData=conID: 1 locID: 102733724400877588 bcsId: 0} | ret=SUCCESS |  
2019-09-04 10:17:13,500 | INFO  | DNAudit | user=null | ip=null | op=WRITE_CHUNK {blockData=conID: 1 locID: 102733724400877588 bcsId: 0} | ret=SUCCESS |  
2019-09-04 10:17:13,507 | INFO  | DNAudit | user=null | ip=null | op=WRITE_CHUNK {blockData=conID: 1 locID: 102733724400877588 bcsId: 0} | ret=SUCCESS |  
2019-09-04 10:17:13,510 | INFO  | DNAudit | user=null | ip=null | op=WRITE_CHUNK {blockData=conID: 1 locID: 102733724400877588 bcsId: 0} | ret=SUCCESS |  
2019-09-04 10:17:13,510 [grpc-default-executor-11] INFO  client.GrpcClientProtocolClient (GrpcClientProtocolClient.java:onNext(255)) - client-3A5551880675->8ef0ae79-a58d-4d32-ad9c-cca36b501167: receive RaftClientReply:client-3A5551880675->8ef0ae79-a58d-4d32-ad9c-cca36b501167@group-DB5B8B2B2DB8, cid=244, SUCCESS, logIndex=3, commits[8ef0ae79-a58d-4d32-ad9c-cca36b501167:c4, 5a7a11a7-685d-4dd4-88fb-b8c69093e530:c2, 47c468d8-6fe5-4042-9a7f-b5fec722af60:c2]
2019-09-04 10:17:13,511 | INFO  | DNAudit | user=null | ip=null | op=WRITE_CHUNK {blockData=conID: 1 locID: 102733724400877588 bcsId: 0} | ret=SUCCESS |  
2019-09-04 10:17:13,516 | INFO  | SCMAudit | user=jenkins1000 | ip=192.168.36.67 | op=SEND_HEARTBEAT {datanodeUUID=adc7ce4f-a574-4e1f-927c-4aeedb5bfc3b, command=[]} | ret=SUCCESS |  
2019-09-04 10:17:13,647 | INFO  | DNAudit | user=null | ip=null | op=PUT_BLOCK {blockData=[blockId=conID: 1 locID: 102733724400877588 bcsId: 0,size=200]} | ret=SUCCESS |  
2019-09-04 10:17:13,648 | INFO  | DNAudit | user=null | ip=null | op=WRITE_CHUNK {blockData=conID: 1 locID: 102733724400877588 bcsId: 0} | ret=SUCCESS |  
2019-09-04 10:17:13,648 [grpc-default-executor-0] INFO  client.GrpcClientProtocolClient (GrpcClientProtocolClient.java:onNext(255)) - client-3A5551880675->8ef0ae79-a58d-4d32-ad9c-cca36b501167: receive RaftClientReply:client-3A5551880675->8ef0ae79-a58d-4d32-ad9c-cca36b501167@group-DB5B8B2B2DB8, cid=245, SUCCESS, logIndex=4, commits[8ef0ae79-a58d-4d32-ad9c-cca36b501167:c12, 5a7a11a7-685d-4dd4-88fb-b8c69093e530:c7, 47c468d8-6fe5-4042-9a7f-b5fec722af60:c7]
2019-09-04 10:17:13,649 [grpc-default-executor-0] INFO  client.GrpcClientProtocolClient (GrpcClientProtocolClient.java:onNext(255)) - client-3A5551880675->8ef0ae79-a58d-4d32-ad9c-cca36b501167: receive RaftClientReply:client-3A5551880675->8ef0ae79-a58d-4d32-ad9c-cca36b501167@group-DB5B8B2B2DB8, cid=246, SUCCESS, logIndex=5, commits[8ef0ae79-a58d-4d32-ad9c-cca36b501167:c12, 5a7a11a7-685d-4dd4-88fb-b8c69093e530:c7, 47c468d8-6fe5-4042-9a7f-b5fec722af60:c7]
2019-09-04 10:17:13,659 | INFO  | DNAudit | user=null | ip=null | op=WRITE_CHUNK {blockData=conID: 1 locID: 102733724400877588 bcsId: 0} | ret=SUCCESS |  
2019-09-04 10:17:13,660 [grpc-default-executor-0] INFO  client.GrpcClientProtocolClient (GrpcClientProtocolClient.java:onNext(255)) - client-3A5551880675->8ef0ae79-a58d-4d32-ad9c-cca36b501167: receive RaftClientReply:client-3A5551880675->8ef0ae79-a58d-4d32-ad9c-cca36b501167@group-DB5B8B2B2DB8, cid=247, SUCCESS, logIndex=6, commits[8ef0ae79-a58d-4d32-ad9c-cca36b501167:c12, 5a7a11a7-685d-4dd4-88fb-b8c69093e530:c7, 47c468d8-6fe5-4042-9a7f-b5fec722af60:c7]
2019-09-04 10:17:13,714 [Thread-4635] INFO  impl.FollowerState (FollowerState.java:run(106)) - adc7ce4f-a574-4e1f-927c-4aeedb5bfc3b:group-342FDB6B7EFD changes to CANDIDATE, lastRpcTime:5156, electionTimeout:5156ms
2019-09-04 10:17:13,714 [Thread-4635] INFO  impl.RoleInfo (RoleInfo.java:shutdownFollowerState(121)) - adc7ce4f-a574-4e1f-927c-4aeedb5bfc3b: shutdown FollowerState
2019-09-04 10:17:13,714 [Thread-4635] INFO  impl.RaftServerImpl (RaftServerImpl.java:setRole(171)) - adc7ce4f-a574-4e1f-927c-4aeedb5bfc3b:group-342FDB6B7EFD changes role from FOLLOWER to CANDIDATE at term 0 for changeToCandidate
2019-09-04 10:17:13,714 [Thread-4635] INFO  impl.RoleInfo (RoleInfo.java:updateAndGet(143)) - adc7ce4f-a574-4e1f-927c-4aeedb5bfc3b: start LeaderElection
2019-09-04 10:17:13,763 | INFO  | DNAudit | user=null | ip=null | op=PUT_BLOCK {blockData=[blockId=conID: 1 locID: 102733724400877588 bcsId: 0,size=200]} | ret=SUCCESS |  
2019-09-04 10:17:13,764 | INFO  | DNAudit | user=null | ip=null | op=WRITE_CHUNK {blockData=conID: 1 locID: 102733724400877588 bcsId: 0} | ret=SUCCESS |  
2019-09-04 10:17:13,764 | INFO  | DNAudit | user=null | ip=null | op=WRITE_CHUNK {blockData=conID: 1 locID: 102733724400877588 bcsId: 0} | ret=SUCCESS |  
2019-09-04 10:17:13,767 | INFO  | SCMAudit | user=jenkins1000 | ip=192.168.36.67 | op=SEND_HEARTBEAT {datanodeUUID=d2bc92ad-7d78-408f-a6ab-434098f1c8bb, command=[]} | ret=SUCCESS |  
2019-09-04 10:17:13,775 [adc7ce4f-a574-4e1f-927c-4aeedb5bfc3b:group-342FDB6B7EFD:LeaderElection93] INFO  impl.LeaderElection (LeaderElection.java:askForVotes(181)) - adc7ce4f-a574-4e1f-927c-4aeedb5bfc3b:group-342FDB6B7EFD:LeaderElection93: begin an election at term 1 for -1: [adc7ce4f-a574-4e1f-927c-4aeedb5bfc3b:192.168.36.67:38067], old=null
2019-09-04 10:17:13,775 [adc7ce4f-a574-4e1f-927c-4aeedb5bfc3b:group-342FDB6B7EFD:LeaderElection93] INFO  impl.RoleInfo (RoleInfo.java:shutdownLeaderElection(134)) - adc7ce4f-a574-4e1f-927c-4aeedb5bfc3b: shutdown LeaderElection
2019-09-04 10:17:13,775 [adc7ce4f-a574-4e1f-927c-4aeedb5bfc3b:group-342FDB6B7EFD:LeaderElection93] INFO  impl.RaftServerImpl (RaftServerImpl.java:setRole(171)) - adc7ce4f-a574-4e1f-927c-4aeedb5bfc3b:group-342FDB6B7EFD changes role from CANDIDATE to LEADER at term 1 for changeToLeader
2019-09-04 10:17:13,775 [adc7ce4f-a574-4e1f-927c-4aeedb5bfc3b:group-342FDB6B7EFD:LeaderElection93] INFO  impl.RaftServerImpl (ServerState.java:setLeader(263)) - adc7ce4f-a574-4e1f-927c-4aeedb5bfc3b:group-342FDB6B7EFD change Leader from null to adc7ce4f-a574-4e1f-927c-4aeedb5bfc3b at term 1 for becomeLeader, leader elected after 5221ms
2019-09-04 10:17:13,775 [adc7ce4f-a574-4e1f-927c-4aeedb5bfc3b:group-342FDB6B7EFD:LeaderElection93] INFO  server.RaftServerConfigKeys (ConfUtils.java:logGet(43)) - raft.server.staging.catchup.gap = 1000 (default)
2019-09-04 10:17:13,776 [adc7ce4f-a574-4e1f-927c-4aeedb5bfc3b:group-342FDB6B7EFD:LeaderElection93] INFO  server.RaftServerConfigKeys (ConfUtils.java:logGet(43)) - raft.server.rpc.sleep.time = 25ms (default)
2019-09-04 10:17:13,776 [adc7ce4f-a574-4e1f-927c-4aeedb5bfc3b:group-342FDB6B7EFD:LeaderElection93] INFO  server.RaftServerConfigKeys (ConfUtils.java:logGet(43)) - raft.server.write.element-limit = 4096 (default)
2019-09-04 10:17:13,776 [adc7ce4f-a574-4e1f-927c-4aeedb5bfc3b:group-342FDB6B7EFD:LeaderElection93] INFO  server.RaftServerConfigKeys (ConfUtils.java:logGet(43)) - raft.server.watch.timeout = 10s (default)
2019-09-04 10:17:13,776 [adc7ce4f-a574-4e1f-927c-4aeedb5bfc3b:group-342FDB6B7EFD:LeaderElection93] INFO  server.RaftServerConfigKeys (ConfUtils.java:logGet(43)) - raft.server.watch.timeout.denomination = 1s (default)
2019-09-04 10:17:13,776 [adc7ce4f-a574-4e1f-927c-4aeedb5bfc3b:group-342FDB6B7EFD:LeaderElection93] INFO  server.RaftServerConfigKeys (ConfUtils.java:logGet(43)) - raft.server.watch.element-limit = 65536 (default)
2019-09-04 10:17:13,776 [adc7ce4f-a574-4e1f-927c-4aeedb5bfc3b:group-342FDB6B7EFD:LeaderElection93] INFO  impl.RoleInfo (RoleInfo.java:updateAndGet(143)) - adc7ce4f-a574-4e1f-927c-4aeedb5bfc3b: start LeaderState
2019-09-04 10:17:13,776 [adc7ce4f-a574-4e1f-927c-4aeedb5bfc3b:group-342FDB6B7EFD:LeaderElection93] INFO  segmented.SegmentedRaftLogWorker (SegmentedRaftLogWorker.java:startLogSegment(380)) - adc7ce4f-a574-4e1f-927c-4aeedb5bfc3b-SegmentedRaftLogWorker:Storage Directory /workdir/hadoop-ozone/integration-test/target/test-dir/MiniOzoneClusterImpl-fbf2683a-c8d7-46fa-a564-419916e3e42d/datanode-4/data/ratis/0a60156a-9808-43cd-b262-342fdb6b7efd: Starting segment from index:0
2019-09-04 10:17:13,777 [adc7ce4f-a574-4e1f-927c-4aeedb5bfc3b:group-342FDB6B7EFD:LeaderElection93] INFO  impl.RaftServerImpl (ServerState.java:setRaftConf(361)) - adc7ce4f-a574-4e1f-927c-4aeedb5bfc3b:group-342FDB6B7EFD set configuration 0: [adc7ce4f-a574-4e1f-927c-4aeedb5bfc3b:192.168.36.67:38067], old=null at 0
2019-09-04 10:17:13,828 | INFO  | DNAudit | user=null | ip=null | op=PUT_BLOCK {blockData=[blockId=conID: 1 locID: 102733724400877588 bcsId: 0,size=400]} | ret=SUCCESS |  
2019-09-04 10:17:13,828 | INFO  | DNAudit | user=null | ip=null | op=PUT_BLOCK {blockData=[blockId=conID: 1 locID: 102733724400877588 bcsId: 0,size=400]} | ret=SUCCESS |  
2019-09-04 10:17:13,830 [grpc-default-executor-0] INFO  client.GrpcClientProtocolClient (GrpcClientProtocolClient.java:onNext(255)) - client-3A5551880675->8ef0ae79-a58d-4d32-ad9c-cca36b501167: receive RaftClientReply:client-3A5551880675->8ef0ae79-a58d-4d32-ad9c-cca36b501167@group-DB5B8B2B2DB8, cid=248, SUCCESS, logIndex=7, commits[8ef0ae79-a58d-4d32-ad9c-cca36b501167:c12, 5a7a11a7-685d-4dd4-88fb-b8c69093e530:c7, 47c468d8-6fe5-4042-9a7f-b5fec722af60:c7]
2019-09-04 10:17:13,833 | INFO  | DNAudit | user=null | ip=null | op=WRITE_CHUNK {blockData=conID: 1 locID: 102733724400877588 bcsId: 7} | ret=SUCCESS |  
2019-09-04 10:17:13,834 | INFO  | DNAudit | user=null | ip=null | op=WRITE_CHUNK {blockData=conID: 1 locID: 102733724400877588 bcsId: 7} | ret=SUCCESS |  
2019-09-04 10:17:13,834 | INFO  | DNAudit | user=null | ip=null | op=WRITE_CHUNK {blockData=conID: 1 locID: 102733724400877588 bcsId: 7} | ret=SUCCESS |  
2019-09-04 10:17:13,839 [adc7ce4f-a574-4e1f-927c-4aeedb5bfc3b-SegmentedRaftLogWorker:Storage Directory /workdir/hadoop-ozone/integration-test/target/test-dir/MiniOzoneClusterImpl-fbf2683a-c8d7-46fa-a564-419916e3e42d/datanode-4/data/ratis/0a60156a-9808-43cd-b262-342fdb6b7efd] INFO  segmented.SegmentedRaftLogWorker (SegmentedRaftLogWorker.java:execute(569)) - adc7ce4f-a574-4e1f-927c-4aeedb5bfc3b-SegmentedRaftLogWorker:Storage Directory /workdir/hadoop-ozone/integration-test/target/test-dir/MiniOzoneClusterImpl-fbf2683a-c8d7-46fa-a564-419916e3e42d/datanode-4/data/ratis/0a60156a-9808-43cd-b262-342fdb6b7efd: created new log segment /workdir/hadoop-ozone/integration-test/target/test-dir/MiniOzoneClusterImpl-fbf2683a-c8d7-46fa-a564-419916e3e42d/datanode-4/data/ratis/0a60156a-9808-43cd-b262-342fdb6b7efd/current/log_inprogress_0
2019-09-04 10:17:13,843 | INFO  | DNAudit | user=null | ip=null | op=WRITE_CHUNK {blockData=conID: 1 locID: 102733724400877588 bcsId: 7} | ret=SUCCESS |  
2019-09-04 10:17:13,844 [grpc-default-executor-0] INFO  client.GrpcClientProtocolClient (GrpcClientProtocolClient.java:onNext(255)) - client-3A5551880675->8ef0ae79-a58d-4d32-ad9c-cca36b501167: receive RaftClientReply:client-3A5551880675->8ef0ae79-a58d-4d32-ad9c-cca36b501167@group-DB5B8B2B2DB8, cid=249, SUCCESS, logIndex=13, commits[8ef0ae79-a58d-4d32-ad9c-cca36b501167:c13, 5a7a11a7-685d-4dd4-88fb-b8c69093e530:c12, 47c468d8-6fe5-4042-9a7f-b5fec722af60:c12]
2019-09-04 10:17:13,854 | INFO  | DNAudit | user=null | ip=null | op=PUT_BLOCK {blockData=[blockId=conID: 1 locID: 102733724400877588 bcsId: 0,size=450]} | ret=SUCCESS |  
2019-09-04 10:17:13,854 | INFO  | DNAudit | user=null | ip=null | op=WRITE_CHUNK {blockData=conID: 1 locID: 102733724400877588 bcsId: 7} | ret=SUCCESS |  
2019-09-04 10:17:13,855 [grpc-default-executor-0] INFO  client.GrpcClientProtocolClient (GrpcClientProtocolClient.java:onNext(255)) - client-3A5551880675->8ef0ae79-a58d-4d32-ad9c-cca36b501167: receive RaftClientReply:client-3A5551880675->8ef0ae79-a58d-4d32-ad9c-cca36b501167@group-DB5B8B2B2DB8, cid=250, SUCCESS, logIndex=14, commits[8ef0ae79-a58d-4d32-ad9c-cca36b501167:c15, 5a7a11a7-685d-4dd4-88fb-b8c69093e530:c13, 47c468d8-6fe5-4042-9a7f-b5fec722af60:c12]
2019-09-04 10:17:13,880 [Thread-4646] INFO  impl.FollowerState (FollowerState.java:run(106)) - d2bc92ad-7d78-408f-a6ab-434098f1c8bb:group-FD19A9F8B1A0 changes to CANDIDATE, lastRpcTime:5006, electionTimeout:5006ms
2019-09-04 10:17:13,880 [Thread-4646] INFO  impl.RoleInfo (RoleInfo.java:shutdownFollowerState(121)) - d2bc92ad-7d78-408f-a6ab-434098f1c8bb: shutdown FollowerState
2019-09-04 10:17:13,880 [Thread-4646] INFO  impl.RaftServerImpl (RaftServerImpl.java:setRole(171)) - d2bc92ad-7d78-408f-a6ab-434098f1c8bb:group-FD19A9F8B1A0 changes role from FOLLOWER to CANDIDATE at term 0 for changeToCandidate
2019-09-04 10:17:13,880 [Thread-4646] INFO  impl.RoleInfo (RoleInfo.java:updateAndGet(143)) - d2bc92ad-7d78-408f-a6ab-434098f1c8bb: start LeaderElection
2019-09-04 10:17:13,896 | INFO  | DNAudit | user=null | ip=null | op=PUT_BLOCK {blockData=[blockId=conID: 1 locID: 102733724400877588 bcsId: 0,size=200]} | ret=SUCCESS |  
2019-09-04 10:17:13,906 | INFO  | DNAudit | user=null | ip=null | op=WRITE_CHUNK {blockData=conID: 1 locID: 102733724400877588 bcsId: 0} | ret=SUCCESS |  
2019-09-04 10:17:13,907 | INFO  | DNAudit | user=null | ip=null | op=WRITE_CHUNK {blockData=conID: 1 locID: 102733724400877588 bcsId: 0} | ret=SUCCESS |  
2019-09-04 10:17:13,907 [d2bc92ad-7d78-408f-a6ab-434098f1c8bb:group-FD19A9F8B1A0:LeaderElection94] INFO  impl.LeaderElection (LeaderElection.java:askForVotes(181)) - d2bc92ad-7d78-408f-a6ab-434098f1c8bb:group-FD19A9F8B1A0:LeaderElection94: begin an election at term 1 for -1: [a8339521-9748-4b3f-93ce-dabf586a78fe:192.168.36.67:44312, d2bc92ad-7d78-408f-a6ab-434098f1c8bb:192.168.36.67:33988, adc7ce4f-a574-4e1f-927c-4aeedb5bfc3b:192.168.36.67:38067], old=null
2019-09-04 10:17:13,907 | INFO  | DNAudit | user=null | ip=null | op=PUT_BLOCK {blockData=[blockId=conID: 1 locID: 102733724400877588 bcsId: 0,size=400]} | ret=SUCCESS |  
2019-09-04 10:17:13,908 | INFO  | DNAudit | user=null | ip=null | op=WRITE_CHUNK {blockData=conID: 1 locID: 102733724400877588 bcsId: 7} | ret=SUCCESS |  
2019-09-04 10:17:13,910 [grpc-default-executor-0] INFO  impl.RaftServerImpl (RaftServerImpl.java:setRole(171)) - a8339521-9748-4b3f-93ce-dabf586a78fe:group-FD19A9F8B1A0 changes role from FOLLOWER to FOLLOWER at term 1 for recognizeCandidate:d2bc92ad-7d78-408f-a6ab-434098f1c8bb
2019-09-04 10:17:13,910 [grpc-default-executor-1] INFO  impl.RaftServerImpl (RaftServerImpl.java:setRole(171)) - adc7ce4f-a574-4e1f-927c-4aeedb5bfc3b:group-FD19A9F8B1A0 changes role from FOLLOWER to FOLLOWER at term 1 for recognizeCandidate:d2bc92ad-7d78-408f-a6ab-434098f1c8bb
2019-09-04 10:17:13,911 [grpc-default-executor-0] INFO  impl.RoleInfo (RoleInfo.java:shutdownFollowerState(121)) - a8339521-9748-4b3f-93ce-dabf586a78fe: shutdown FollowerState
2019-09-04 10:17:13,911 [grpc-default-executor-1] INFO  impl.RoleInfo (RoleInfo.java:shutdownFollowerState(121)) - adc7ce4f-a574-4e1f-927c-4aeedb5bfc3b: shutdown FollowerState
2019-09-04 10:17:13,911 [Thread-4643] INFO  impl.FollowerState (FollowerState.java:run(114)) - a8339521-9748-4b3f-93ce-dabf586a78fe: FollowerState was interrupted: java.lang.InterruptedException: sleep interrupted
2019-09-04 10:17:13,911 [grpc-default-executor-0] INFO  impl.RoleInfo (RoleInfo.java:updateAndGet(143)) - a8339521-9748-4b3f-93ce-dabf586a78fe: start FollowerState
2019-09-04 10:17:13,911 [Thread-4641] INFO  impl.FollowerState (FollowerState.java:run(114)) - adc7ce4f-a574-4e1f-927c-4aeedb5bfc3b: FollowerState was interrupted: java.lang.InterruptedException: sleep interrupted
2019-09-04 10:17:13,911 [grpc-default-executor-1] INFO  impl.RoleInfo (RoleInfo.java:updateAndGet(143)) - adc7ce4f-a574-4e1f-927c-4aeedb5bfc3b: start FollowerState
2019-09-04 10:17:13,935 [d2bc92ad-7d78-408f-a6ab-434098f1c8bb:group-FD19A9F8B1A0:LeaderElection94] INFO  impl.LeaderElection (LeaderElection.java:logAndReturn(56)) - d2bc92ad-7d78-408f-a6ab-434098f1c8bb:group-FD19A9F8B1A0:LeaderElection94: Election PASSED; received 1 response(s) [d2bc92ad-7d78-408f-a6ab-434098f1c8bb<-adc7ce4f-a574-4e1f-927c-4aeedb5bfc3b#0:OK-t1] and 0 exception(s); d2bc92ad-7d78-408f-a6ab-434098f1c8bb:t1, leader=null, voted=d2bc92ad-7d78-408f-a6ab-434098f1c8bb, raftlog=d2bc92ad-7d78-408f-a6ab-434098f1c8bb-SegmentedRaftLog:OPENED:c-1,f-1,i0, conf=-1: [a8339521-9748-4b3f-93ce-dabf586a78fe:192.168.36.67:44312, d2bc92ad-7d78-408f-a6ab-434098f1c8bb:192.168.36.67:33988, adc7ce4f-a574-4e1f-927c-4aeedb5bfc3b:192.168.36.67:38067], old=null
2019-09-04 10:17:13,935 [d2bc92ad-7d78-408f-a6ab-434098f1c8bb:group-FD19A9F8B1A0:LeaderElection94] INFO  impl.RoleInfo (RoleInfo.java:shutdownLeaderElection(134)) - d2bc92ad-7d78-408f-a6ab-434098f1c8bb: shutdown LeaderElection
2019-09-04 10:17:13,935 [d2bc92ad-7d78-408f-a6ab-434098f1c8bb:group-FD19A9F8B1A0:LeaderElection94] INFO  impl.RaftServerImpl (RaftServerImpl.java:setRole(171)) - d2bc92ad-7d78-408f-a6ab-434098f1c8bb:group-FD19A9F8B1A0 changes role from CANDIDATE to LEADER at term 1 for changeToLeader
2019-09-04 10:17:13,935 [d2bc92ad-7d78-408f-a6ab-434098f1c8bb:group-FD19A9F8B1A0:LeaderElection94] INFO  impl.RaftServerImpl (ServerState.java:setLeader(263)) - d2bc92ad-7d78-408f-a6ab-434098f1c8bb:group-FD19A9F8B1A0 change Leader from null to d2bc92ad-7d78-408f-a6ab-434098f1c8bb at term 1 for becomeLeader, leader elected after 5072ms
2019-09-04 10:17:13,935 [d2bc92ad-7d78-408f-a6ab-434098f1c8bb:group-FD19A9F8B1A0:LeaderElection94] INFO  server.RaftServerConfigKeys (ConfUtils.java:logGet(43)) - raft.server.staging.catchup.gap = 1000 (default)
2019-09-04 10:17:13,935 [d2bc92ad-7d78-408f-a6ab-434098f1c8bb:group-FD19A9F8B1A0:LeaderElection94] INFO  server.RaftServerConfigKeys (ConfUtils.java:logGet(43)) - raft.server.rpc.sleep.time = 25ms (default)
2019-09-04 10:17:13,935 [d2bc92ad-7d78-408f-a6ab-434098f1c8bb:group-FD19A9F8B1A0:LeaderElection94] INFO  server.RaftServerConfigKeys (ConfUtils.java:logGet(43)) - raft.server.write.element-limit = 4096 (default)
2019-09-04 10:17:13,936 [d2bc92ad-7d78-408f-a6ab-434098f1c8bb:group-FD19A9F8B1A0:LeaderElection94] INFO  server.RaftServerConfigKeys (ConfUtils.java:logGet(43)) - raft.server.watch.timeout = 10s (default)
2019-09-04 10:17:13,936 [d2bc92ad-7d78-408f-a6ab-434098f1c8bb:group-FD19A9F8B1A0:LeaderElection94] INFO  server.RaftServerConfigKeys (ConfUtils.java:logGet(43)) - raft.server.watch.timeout.denomination = 1s (default)
2019-09-04 10:17:13,936 [d2bc92ad-7d78-408f-a6ab-434098f1c8bb:group-FD19A9F8B1A0:LeaderElection94] INFO  server.RaftServerConfigKeys (ConfUtils.java:logGet(43)) - raft.server.watch.element-limit = 65536 (default)
2019-09-04 10:17:13,936 [d2bc92ad-7d78-408f-a6ab-434098f1c8bb:group-FD19A9F8B1A0:LeaderElection94] INFO  server.RaftServerConfigKeys (ConfUtils.java:logGet(43)) - raft.server.log.appender.snapshot.chunk.size.max = 16MB (=16777216) (default)
2019-09-04 10:17:13,936 [d2bc92ad-7d78-408f-a6ab-434098f1c8bb:group-FD19A9F8B1A0:LeaderElection94] INFO  server.RaftServerConfigKeys (ConfUtils.java:logGet(43)) - raft.server.log.appender.buffer.byte-limit = 33554432 (custom)
2019-09-04 10:17:13,936 [d2bc92ad-7d78-408f-a6ab-434098f1c8bb:group-FD19A9F8B1A0:LeaderElection94] INFO  server.RaftServerConfigKeys (ConfUtils.java:logGet(43)) - raft.server.log.appender.buffer.element-limit = 1 (custom)
2019-09-04 10:17:13,937 [d2bc92ad-7d78-408f-a6ab-434098f1c8bb:group-FD19A9F8B1A0:LeaderElection94] INFO  grpc.GrpcConfigKeys$Server (ConfUtils.java:logGet(43)) - raft.grpc.server.leader.outstanding.appends.max = 128 (default)
2019-09-04 10:17:13,937 [d2bc92ad-7d78-408f-a6ab-434098f1c8bb:group-FD19A9F8B1A0:LeaderElection94] INFO  server.RaftServerConfigKeys (ConfUtils.java:logGet(43)) - raft.server.rpc.request.timeout = 3000ms (default)
2019-09-04 10:17:13,937 [d2bc92ad-7d78-408f-a6ab-434098f1c8bb:group-FD19A9F8B1A0:LeaderElection94] INFO  server.RaftServerConfigKeys (ConfUtils.java:logGet(43)) - raft.server.log.appender.install.snapshot.enabled = false (custom)
2019-09-04 10:17:13,937 [d2bc92ad-7d78-408f-a6ab-434098f1c8bb:group-FD19A9F8B1A0:LeaderElection94] INFO  server.RaftServerConfigKeys (ConfUtils.java:logGet(43)) - raft.server.log.appender.snapshot.chunk.size.max = 16MB (=16777216) (default)
2019-09-04 10:17:13,937 [d2bc92ad-7d78-408f-a6ab-434098f1c8bb:group-FD19A9F8B1A0:LeaderElection94] INFO  server.RaftServerConfigKeys (ConfUtils.java:logGet(43)) - raft.server.log.appender.buffer.byte-limit = 33554432 (custom)
2019-09-04 10:17:13,938 [d2bc92ad-7d78-408f-a6ab-434098f1c8bb:group-FD19A9F8B1A0:LeaderElection94] INFO  server.RaftServerConfigKeys (ConfUtils.java:logGet(43)) - raft.server.log.appender.buffer.element-limit = 1 (custom)
2019-09-04 10:17:13,938 [d2bc92ad-7d78-408f-a6ab-434098f1c8bb:group-FD19A9F8B1A0:LeaderElection94] INFO  grpc.GrpcConfigKeys$Server (ConfUtils.java:logGet(43)) - raft.grpc.server.leader.outstanding.appends.max = 128 (default)
2019-09-04 10:17:13,938 [d2bc92ad-7d78-408f-a6ab-434098f1c8bb:group-FD19A9F8B1A0:LeaderElection94] INFO  server.RaftServerConfigKeys (ConfUtils.java:logGet(43)) - raft.server.rpc.request.timeout = 3000ms (default)
2019-09-04 10:17:13,938 [d2bc92ad-7d78-408f-a6ab-434098f1c8bb:group-FD19A9F8B1A0:LeaderElection94] INFO  server.RaftServerConfigKeys (ConfUtils.java:logGet(43)) - raft.server.log.appender.install.snapshot.enabled = false (custom)
2019-09-04 10:17:13,938 [d2bc92ad-7d78-408f-a6ab-434098f1c8bb:group-FD19A9F8B1A0:LeaderElection94] INFO  impl.RoleInfo (RoleInfo.java:updateAndGet(143)) - d2bc92ad-7d78-408f-a6ab-434098f1c8bb: start LeaderState
2019-09-04 10:17:13,938 [d2bc92ad-7d78-408f-a6ab-434098f1c8bb:group-FD19A9F8B1A0:LeaderElection94] INFO  segmented.SegmentedRaftLogWorker (SegmentedRaftLogWorker.java:startLogSegment(380)) - d2bc92ad-7d78-408f-a6ab-434098f1c8bb-SegmentedRaftLogWorker:Storage Directory /workdir/hadoop-ozone/integration-test/target/test-dir/MiniOzoneClusterImpl-fbf2683a-c8d7-46fa-a564-419916e3e42d/datanode-5/data/ratis/efa49272-f0f4-48c0-84b3-fd19a9f8b1a0: Starting segment from index:0
2019-09-04 10:17:13,939 [d2bc92ad-7d78-408f-a6ab-434098f1c8bb:group-FD19A9F8B1A0:LeaderElection94] INFO  impl.RaftServerImpl (ServerState.java:setRaftConf(361)) - d2bc92ad-7d78-408f-a6ab-434098f1c8bb:group-FD19A9F8B1A0 set configuration 0: [a8339521-9748-4b3f-93ce-dabf586a78fe:192.168.36.67:44312, d2bc92ad-7d78-408f-a6ab-434098f1c8bb:192.168.36.67:33988, adc7ce4f-a574-4e1f-927c-4aeedb5bfc3b:192.168.36.67:38067], old=null at 0
2019-09-04 10:17:13,975 | INFO  | SCMAudit | user=jenkins1000 | ip=192.168.36.67 | op=SEND_HEARTBEAT {datanodeUUID=2db1d6fe-cbe4-4547-a727-a515e5c0c878, command=[]} | ret=SUCCESS |  
2019-09-04 10:17:13,978 [grpc-default-executor-1] INFO  impl.RaftServerImpl (ServerState.java:setLeader(263)) - a8339521-9748-4b3f-93ce-dabf586a78fe:group-FD19A9F8B1A0 change Leader from null to d2bc92ad-7d78-408f-a6ab-434098f1c8bb at term 1 for appendEntries, leader elected after 5115ms
2019-09-04 10:17:13,978 [grpc-default-executor-0] INFO  impl.RaftServerImpl (ServerState.java:setLeader(263)) - adc7ce4f-a574-4e1f-927c-4aeedb5bfc3b:group-FD19A9F8B1A0 change Leader from null to d2bc92ad-7d78-408f-a6ab-434098f1c8bb at term 1 for appendEntries, leader elected after 5115ms
2019-09-04 10:17:13,982 [grpc-default-executor-1] INFO  impl.RaftServerImpl (ServerState.java:setRaftConf(361)) - a8339521-9748-4b3f-93ce-dabf586a78fe:group-FD19A9F8B1A0 set configuration 0: [a8339521-9748-4b3f-93ce-dabf586a78fe:192.168.36.67:44312, d2bc92ad-7d78-408f-a6ab-434098f1c8bb:192.168.36.67:33988, adc7ce4f-a574-4e1f-927c-4aeedb5bfc3b:192.168.36.67:38067], old=null at 0
2019-09-04 10:17:13,984 [grpc-default-executor-0] INFO  impl.RaftServerImpl (ServerState.java:setRaftConf(361)) - adc7ce4f-a574-4e1f-927c-4aeedb5bfc3b:group-FD19A9F8B1A0 set configuration 0: [a8339521-9748-4b3f-93ce-dabf586a78fe:192.168.36.67:44312, d2bc92ad-7d78-408f-a6ab-434098f1c8bb:192.168.36.67:33988, adc7ce4f-a574-4e1f-927c-4aeedb5bfc3b:192.168.36.67:38067], old=null at 0
2019-09-04 10:17:13,985 [grpc-default-executor-1] INFO  segmented.SegmentedRaftLogWorker (SegmentedRaftLogWorker.java:startLogSegment(380)) - a8339521-9748-4b3f-93ce-dabf586a78fe-SegmentedRaftLogWorker:Storage Directory /workdir/hadoop-ozone/integration-test/target/test-dir/MiniOzoneClusterImpl-fbf2683a-c8d7-46fa-a564-419916e3e42d/datanode-3/data/ratis/efa49272-f0f4-48c0-84b3-fd19a9f8b1a0: Starting segment from index:0
2019-09-04 10:17:13,985 [grpc-default-executor-0] INFO  segmented.SegmentedRaftLogWorker (SegmentedRaftLogWorker.java:startLogSegment(380)) - adc7ce4f-a574-4e1f-927c-4aeedb5bfc3b-SegmentedRaftLogWorker:Storage Directory /workdir/hadoop-ozone/integration-test/target/test-dir/MiniOzoneClusterImpl-fbf2683a-c8d7-46fa-a564-419916e3e42d/datanode-4/data/ratis/efa49272-f0f4-48c0-84b3-fd19a9f8b1a0: Starting segment from index:0
2019-09-04 10:17:13,986 [d2bc92ad-7d78-408f-a6ab-434098f1c8bb-SegmentedRaftLogWorker:Storage Directory /workdir/hadoop-ozone/integration-test/target/test-dir/MiniOzoneClusterImpl-fbf2683a-c8d7-46fa-a564-419916e3e42d/datanode-5/data/ratis/efa49272-f0f4-48c0-84b3-fd19a9f8b1a0] INFO  segmented.SegmentedRaftLogWorker (SegmentedRaftLogWorker.java:execute(569)) - d2bc92ad-7d78-408f-a6ab-434098f1c8bb-SegmentedRaftLogWorker:Storage Directory /workdir/hadoop-ozone/integration-test/target/test-dir/MiniOzoneClusterImpl-fbf2683a-c8d7-46fa-a564-419916e3e42d/datanode-5/data/ratis/efa49272-f0f4-48c0-84b3-fd19a9f8b1a0: created new log segment /workdir/hadoop-ozone/integration-test/target/test-dir/MiniOzoneClusterImpl-fbf2683a-c8d7-46fa-a564-419916e3e42d/datanode-5/data/ratis/efa49272-f0f4-48c0-84b3-fd19a9f8b1a0/current/log_inprogress_0
2019-09-04 10:17:14,000 [Thread-4638] INFO  impl.FollowerState (FollowerState.java:run(106)) - d2bc92ad-7d78-408f-a6ab-434098f1c8bb:group-4592A761E7D2 changes to CANDIDATE, lastRpcTime:5181, electionTimeout:5181ms
2019-09-04 10:17:14,000 [Thread-4638] INFO  impl.RoleInfo (RoleInfo.java:shutdownFollowerState(121)) - d2bc92ad-7d78-408f-a6ab-434098f1c8bb: shutdown FollowerState
2019-09-04 10:17:14,000 [Thread-4638] INFO  impl.RaftServerImpl (RaftServerImpl.java:setRole(171)) - d2bc92ad-7d78-408f-a6ab-434098f1c8bb:group-4592A761E7D2 changes role from FOLLOWER to CANDIDATE at term 0 for changeToCandidate
2019-09-04 10:17:14,000 [Thread-4638] INFO  impl.RoleInfo (RoleInfo.java:updateAndGet(143)) - d2bc92ad-7d78-408f-a6ab-434098f1c8bb: start LeaderElection
2019-09-04 10:17:14,025 | INFO  | SCMAudit | user=jenkins1000 | ip=192.168.36.67 | op=SEND_HEARTBEAT {datanodeUUID=a8339521-9748-4b3f-93ce-dabf586a78fe, command=[]} | ret=SUCCESS |  
2019-09-04 10:17:14,033 [a8339521-9748-4b3f-93ce-dabf586a78fe-SegmentedRaftLogWorker:Storage Directory /workdir/hadoop-ozone/integration-test/target/test-dir/MiniOzoneClusterImpl-fbf2683a-c8d7-46fa-a564-419916e3e42d/datanode-3/data/ratis/efa49272-f0f4-48c0-84b3-fd19a9f8b1a0] INFO  segmented.SegmentedRaftLogWorker (SegmentedRaftLogWorker.java:execute(569)) - a8339521-9748-4b3f-93ce-dabf586a78fe-SegmentedRaftLogWorker:Storage Directory /workdir/hadoop-ozone/integration-test/target/test-dir/MiniOzoneClusterImpl-fbf2683a-c8d7-46fa-a564-419916e3e42d/datanode-3/data/ratis/efa49272-f0f4-48c0-84b3-fd19a9f8b1a0: created new log segment /workdir/hadoop-ozone/integration-test/target/test-dir/MiniOzoneClusterImpl-fbf2683a-c8d7-46fa-a564-419916e3e42d/datanode-3/data/ratis/efa49272-f0f4-48c0-84b3-fd19a9f8b1a0/current/log_inprogress_0
2019-09-04 10:17:14,033 [adc7ce4f-a574-4e1f-927c-4aeedb5bfc3b-SegmentedRaftLogWorker:Storage Directory /workdir/hadoop-ozone/integration-test/target/test-dir/MiniOzoneClusterImpl-fbf2683a-c8d7-46fa-a564-419916e3e42d/datanode-4/data/ratis/efa49272-f0f4-48c0-84b3-fd19a9f8b1a0] INFO  segmented.SegmentedRaftLogWorker (SegmentedRaftLogWorker.java:execute(569)) - adc7ce4f-a574-4e1f-927c-4aeedb5bfc3b-SegmentedRaftLogWorker:Storage Directory /workdir/hadoop-ozone/integration-test/target/test-dir/MiniOzoneClusterImpl-fbf2683a-c8d7-46fa-a564-419916e3e42d/datanode-4/data/ratis/efa49272-f0f4-48c0-84b3-fd19a9f8b1a0: created new log segment /workdir/hadoop-ozone/integration-test/target/test-dir/MiniOzoneClusterImpl-fbf2683a-c8d7-46fa-a564-419916e3e42d/datanode-4/data/ratis/efa49272-f0f4-48c0-84b3-fd19a9f8b1a0/current/log_inprogress_0
2019-09-04 10:17:14,033 [d2bc92ad-7d78-408f-a6ab-434098f1c8bb:group-4592A761E7D2:LeaderElection95] INFO  impl.LeaderElection (LeaderElection.java:askForVotes(181)) - d2bc92ad-7d78-408f-a6ab-434098f1c8bb:group-4592A761E7D2:LeaderElection95: begin an election at term 1 for -1: [d2bc92ad-7d78-408f-a6ab-434098f1c8bb:192.168.36.67:33988], old=null
2019-09-04 10:17:14,033 [d2bc92ad-7d78-408f-a6ab-434098f1c8bb:group-4592A761E7D2:LeaderElection95] INFO  impl.RoleInfo (RoleInfo.java:shutdownLeaderElection(134)) - d2bc92ad-7d78-408f-a6ab-434098f1c8bb: shutdown LeaderElection
2019-09-04 10:17:14,033 [d2bc92ad-7d78-408f-a6ab-434098f1c8bb:group-4592A761E7D2:LeaderElection95] INFO  impl.RaftServerImpl (RaftServerImpl.java:setRole(171)) - d2bc92ad-7d78-408f-a6ab-434098f1c8bb:group-4592A761E7D2 changes role from CANDIDATE to LEADER at term 1 for changeToLeader
2019-09-04 10:17:14,033 [d2bc92ad-7d78-408f-a6ab-434098f1c8bb:group-4592A761E7D2:LeaderElection95] INFO  impl.RaftServerImpl (ServerState.java:setLeader(263)) - d2bc92ad-7d78-408f-a6ab-434098f1c8bb:group-4592A761E7D2 change Leader from null to d2bc92ad-7d78-408f-a6ab-434098f1c8bb at term 1 for becomeLeader, leader elected after 5218ms
2019-09-04 10:17:14,033 [d2bc92ad-7d78-408f-a6ab-434098f1c8bb:group-4592A761E7D2:LeaderElection95] INFO  server.RaftServerConfigKeys (ConfUtils.java:logGet(43)) - raft.server.staging.catchup.gap = 1000 (default)
2019-09-04 10:17:14,033 [d2bc92ad-7d78-408f-a6ab-434098f1c8bb:group-4592A761E7D2:LeaderElection95] INFO  server.RaftServerConfigKeys (ConfUtils.java:logGet(43)) - raft.server.rpc.sleep.time = 25ms (default)
2019-09-04 10:17:14,034 [d2bc92ad-7d78-408f-a6ab-434098f1c8bb:group-4592A761E7D2:LeaderElection95] INFO  server.RaftServerConfigKeys (ConfUtils.java:logGet(43)) - raft.server.write.element-limit = 4096 (default)
2019-09-04 10:17:14,034 [d2bc92ad-7d78-408f-a6ab-434098f1c8bb:group-4592A761E7D2:LeaderElection95] INFO  server.RaftServerConfigKeys (ConfUtils.java:logGet(43)) - raft.server.watch.timeout = 10s (default)
2019-09-04 10:17:14,034 [d2bc92ad-7d78-408f-a6ab-434098f1c8bb:group-4592A761E7D2:LeaderElection95] INFO  server.RaftServerConfigKeys (ConfUtils.java:logGet(43)) - raft.server.watch.timeout.denomination = 1s (default)
2019-09-04 10:17:14,034 [d2bc92ad-7d78-408f-a6ab-434098f1c8bb:group-4592A761E7D2:LeaderElection95] INFO  server.RaftServerConfigKeys (ConfUtils.java:logGet(43)) - raft.server.watch.element-limit = 65536 (default)
2019-09-04 10:17:14,034 [d2bc92ad-7d78-408f-a6ab-434098f1c8bb:group-4592A761E7D2:LeaderElection95] INFO  impl.RoleInfo (RoleInfo.java:updateAndGet(143)) - d2bc92ad-7d78-408f-a6ab-434098f1c8bb: start LeaderState
2019-09-04 10:17:14,034 [d2bc92ad-7d78-408f-a6ab-434098f1c8bb:group-4592A761E7D2:LeaderElection95] INFO  segmented.SegmentedRaftLogWorker (SegmentedRaftLogWorker.java:startLogSegment(380)) - d2bc92ad-7d78-408f-a6ab-434098f1c8bb-SegmentedRaftLogWorker:Storage Directory /workdir/hadoop-ozone/integration-test/target/test-dir/MiniOzoneClusterImpl-fbf2683a-c8d7-46fa-a564-419916e3e42d/datanode-5/data/ratis/b9d94e76-c278-4554-b53e-4592a761e7d2: Starting segment from index:0
2019-09-04 10:17:14,035 [d2bc92ad-7d78-408f-a6ab-434098f1c8bb:group-4592A761E7D2:LeaderElection95] INFO  impl.RaftServerImpl (ServerState.java:setRaftConf(361)) - d2bc92ad-7d78-408f-a6ab-434098f1c8bb:group-4592A761E7D2 set configuration 0: [d2bc92ad-7d78-408f-a6ab-434098f1c8bb:192.168.36.67:33988], old=null at 0
2019-09-04 10:17:14,074 [d2bc92ad-7d78-408f-a6ab-434098f1c8bb-SegmentedRaftLogWorker:Storage Directory /workdir/hadoop-ozone/integration-test/target/test-dir/MiniOzoneClusterImpl-fbf2683a-c8d7-46fa-a564-419916e3e42d/datanode-5/data/ratis/b9d94e76-c278-4554-b53e-4592a761e7d2] INFO  segmented.SegmentedRaftLogWorker (SegmentedRaftLogWorker.java:execute(569)) - d2bc92ad-7d78-408f-a6ab-434098f1c8bb-SegmentedRaftLogWorker:Storage Directory /workdir/hadoop-ozone/integration-test/target/test-dir/MiniOzoneClusterImpl-fbf2683a-c8d7-46fa-a564-419916e3e42d/datanode-5/data/ratis/b9d94e76-c278-4554-b53e-4592a761e7d2: created new log segment /workdir/hadoop-ozone/integration-test/target/test-dir/MiniOzoneClusterImpl-fbf2683a-c8d7-46fa-a564-419916e3e42d/datanode-5/data/ratis/b9d94e76-c278-4554-b53e-4592a761e7d2/current/log_inprogress_0
2019-09-04 10:17:14,100 [Thread-4650] INFO  impl.FollowerState (FollowerState.java:run(106)) - 2db1d6fe-cbe4-4547-a727-a515e5c0c878:group-98D24FF27ADE changes to CANDIDATE, lastRpcTime:5099, electionTimeout:5099ms
2019-09-04 10:17:14,100 [Thread-4650] INFO  impl.RoleInfo (RoleInfo.java:shutdownFollowerState(121)) - 2db1d6fe-cbe4-4547-a727-a515e5c0c878: shutdown FollowerState
2019-09-04 10:17:14,100 [Thread-4650] INFO  impl.RaftServerImpl (RaftServerImpl.java:setRole(171)) - 2db1d6fe-cbe4-4547-a727-a515e5c0c878:group-98D24FF27ADE changes role from FOLLOWER to CANDIDATE at term 0 for changeToCandidate
2019-09-04 10:17:14,101 [Thread-4650] INFO  impl.RoleInfo (RoleInfo.java:updateAndGet(143)) - 2db1d6fe-cbe4-4547-a727-a515e5c0c878: start LeaderElection
2019-09-04 10:17:14,119 [2db1d6fe-cbe4-4547-a727-a515e5c0c878:group-98D24FF27ADE:LeaderElection96] INFO  impl.LeaderElection (LeaderElection.java:askForVotes(181)) - 2db1d6fe-cbe4-4547-a727-a515e5c0c878:group-98D24FF27ADE:LeaderElection96: begin an election at term 1 for -1: [2db1d6fe-cbe4-4547-a727-a515e5c0c878:192.168.36.67:39426], old=null
2019-09-04 10:17:14,119 [2db1d6fe-cbe4-4547-a727-a515e5c0c878:group-98D24FF27ADE:LeaderElection96] INFO  impl.RoleInfo (RoleInfo.java:shutdownLeaderElection(134)) - 2db1d6fe-cbe4-4547-a727-a515e5c0c878: shutdown LeaderElection
2019-09-04 10:17:14,119 [2db1d6fe-cbe4-4547-a727-a515e5c0c878:group-98D24FF27ADE:LeaderElection96] INFO  impl.RaftServerImpl (RaftServerImpl.java:setRole(171)) - 2db1d6fe-cbe4-4547-a727-a515e5c0c878:group-98D24FF27ADE changes role from CANDIDATE to LEADER at term 1 for changeToLeader
2019-09-04 10:17:14,119 [2db1d6fe-cbe4-4547-a727-a515e5c0c878:group-98D24FF27ADE:LeaderElection96] INFO  impl.RaftServerImpl (ServerState.java:setLeader(263)) - 2db1d6fe-cbe4-4547-a727-a515e5c0c878:group-98D24FF27ADE change Leader from null to 2db1d6fe-cbe4-4547-a727-a515e5c0c878 at term 1 for becomeLeader, leader elected after 5121ms
2019-09-04 10:17:14,120 [2db1d6fe-cbe4-4547-a727-a515e5c0c878:group-98D24FF27ADE:LeaderElection96] INFO  server.RaftServerConfigKeys (ConfUtils.java:logGet(43)) - raft.server.staging.catchup.gap = 1000 (default)
2019-09-04 10:17:14,120 [2db1d6fe-cbe4-4547-a727-a515e5c0c878:group-98D24FF27ADE:LeaderElection96] INFO  server.RaftServerConfigKeys (ConfUtils.java:logGet(43)) - raft.server.rpc.sleep.time = 25ms (default)
2019-09-04 10:17:14,120 [2db1d6fe-cbe4-4547-a727-a515e5c0c878:group-98D24FF27ADE:LeaderElection96] INFO  server.RaftServerConfigKeys (ConfUtils.java:logGet(43)) - raft.server.write.element-limit = 4096 (default)
2019-09-04 10:17:14,120 [2db1d6fe-cbe4-4547-a727-a515e5c0c878:group-98D24FF27ADE:LeaderElection96] INFO  server.RaftServerConfigKeys (ConfUtils.java:logGet(43)) - raft.server.watch.timeout = 10s (default)
2019-09-04 10:17:14,120 [2db1d6fe-cbe4-4547-a727-a515e5c0c878:group-98D24FF27ADE:LeaderElection96] INFO  server.RaftServerConfigKeys (ConfUtils.java:logGet(43)) - raft.server.watch.timeout.denomination = 1s (default)
2019-09-04 10:17:14,120 [2db1d6fe-cbe4-4547-a727-a515e5c0c878:group-98D24FF27ADE:LeaderElection96] INFO  server.RaftServerConfigKeys (ConfUtils.java:logGet(43)) - raft.server.watch.element-limit = 65536 (default)
2019-09-04 10:17:14,120 [2db1d6fe-cbe4-4547-a727-a515e5c0c878:group-98D24FF27ADE:LeaderElection96] INFO  impl.RoleInfo (RoleInfo.java:updateAndGet(143)) - 2db1d6fe-cbe4-4547-a727-a515e5c0c878: start LeaderState
2019-09-04 10:17:14,120 [2db1d6fe-cbe4-4547-a727-a515e5c0c878:group-98D24FF27ADE:LeaderElection96] INFO  segmented.SegmentedRaftLogWorker (SegmentedRaftLogWorker.java:startLogSegment(380)) - 2db1d6fe-cbe4-4547-a727-a515e5c0c878-SegmentedRaftLogWorker:Storage Directory /workdir/hadoop-ozone/integration-test/target/test-dir/MiniOzoneClusterImpl-fbf2683a-c8d7-46fa-a564-419916e3e42d/datanode-6/data/ratis/0fb653b6-01ac-490a-ab2e-98d24ff27ade: Starting segment from index:0
2019-09-04 10:17:14,121 [2db1d6fe-cbe4-4547-a727-a515e5c0c878:group-98D24FF27ADE:LeaderElection96] INFO  impl.RaftServerImpl (ServerState.java:setRaftConf(361)) - 2db1d6fe-cbe4-4547-a727-a515e5c0c878:group-98D24FF27ADE set configuration 0: [2db1d6fe-cbe4-4547-a727-a515e5c0c878:192.168.36.67:39426], old=null at 0
2019-09-04 10:17:14,166 [2db1d6fe-cbe4-4547-a727-a515e5c0c878-SegmentedRaftLogWorker:Storage Directory /workdir/hadoop-ozone/integration-test/target/test-dir/MiniOzoneClusterImpl-fbf2683a-c8d7-46fa-a564-419916e3e42d/datanode-6/data/ratis/0fb653b6-01ac-490a-ab2e-98d24ff27ade] INFO  segmented.SegmentedRaftLogWorker (SegmentedRaftLogWorker.java:execute(569)) - 2db1d6fe-cbe4-4547-a727-a515e5c0c878-SegmentedRaftLogWorker:Storage Directory /workdir/hadoop-ozone/integration-test/target/test-dir/MiniOzoneClusterImpl-fbf2683a-c8d7-46fa-a564-419916e3e42d/datanode-6/data/ratis/0fb653b6-01ac-490a-ab2e-98d24ff27ade: created new log segment /workdir/hadoop-ozone/integration-test/target/test-dir/MiniOzoneClusterImpl-fbf2683a-c8d7-46fa-a564-419916e3e42d/datanode-6/data/ratis/0fb653b6-01ac-490a-ab2e-98d24ff27ade/current/log_inprogress_0
2019-09-04 10:17:14,463 | INFO  | SCMAudit | user=jenkins1000 | ip=192.168.36.67 | op=SEND_HEARTBEAT {datanodeUUID=8ef0ae79-a58d-4d32-ad9c-cca36b501167, command=[]} | ret=SUCCESS |  
2019-09-04 10:17:14,463 | INFO  | SCMAudit | user=jenkins1000 | ip=192.168.36.67 | op=SEND_HEARTBEAT {datanodeUUID=5a7a11a7-685d-4dd4-88fb-b8c69093e530, command=[]} | ret=SUCCESS |  
2019-09-04 10:17:14,463 | INFO  | SCMAudit | user=jenkins1000 | ip=192.168.36.67 | op=SEND_HEARTBEAT {datanodeUUID=47c468d8-6fe5-4042-9a7f-b5fec722af60, command=[]} | ret=SUCCESS |  
2019-09-04 10:17:14,516 | INFO  | SCMAudit | user=jenkins1000 | ip=192.168.36.67 | op=SEND_HEARTBEAT {datanodeUUID=adc7ce4f-a574-4e1f-927c-4aeedb5bfc3b, command=[]} | ret=SUCCESS |  
2019-09-04 10:17:14,768 | INFO  | SCMAudit | user=jenkins1000 | ip=192.168.36.67 | op=SEND_HEARTBEAT {datanodeUUID=d2bc92ad-7d78-408f-a6ab-434098f1c8bb, command=[]} | ret=SUCCESS |  
2019-09-04 10:17:14,856 [main] WARN  scm.XceiverClientRatis (XceiverClientRatis.java:watchForCommit(262)) - 3 way commit failed on pipeline Pipeline[ Id: 1e8b4ec0-ac16-456b-a02d-db5b8b2b2db8, Nodes: 47c468d8-6fe5-4042-9a7f-b5fec722af60{ip: 192.168.36.67, host: pr-hdds-1569-fjd24-125839774, networkLocation: /default-rack, certSerialId: null}5a7a11a7-685d-4dd4-88fb-b8c69093e530{ip: 192.168.36.67, host: pr-hdds-1569-fjd24-125839774, networkLocation: /default-rack, certSerialId: null}8ef0ae79-a58d-4d32-ad9c-cca36b501167{ip: 192.168.36.67, host: pr-hdds-1569-fjd24-125839774, networkLocation: /default-rack, certSerialId: null}, Type:RATIS, Factor:THREE, State:OPEN]
java.util.concurrent.TimeoutException
	at java.util.concurrent.CompletableFuture.timedGet(CompletableFuture.java:1771)
	at java.util.concurrent.CompletableFuture.get(CompletableFuture.java:1915)
	at org.apache.hadoop.hdds.scm.XceiverClientRatis.watchForCommit(XceiverClientRatis.java:259)
	at org.apache.hadoop.hdds.scm.storage.CommitWatcher.watchForCommit(CommitWatcher.java:194)
	at org.apache.hadoop.hdds.scm.storage.CommitWatcher.watchOnLastIndex(CommitWatcher.java:157)
	at org.apache.hadoop.hdds.scm.storage.BlockOutputStream.watchForCommit(BlockOutputStream.java:347)
	at org.apache.hadoop.hdds.scm.storage.BlockOutputStream.handleFlush(BlockOutputStream.java:479)
	at org.apache.hadoop.hdds.scm.storage.BlockOutputStream.flush(BlockOutputStream.java:428)
	at org.apache.hadoop.ozone.client.io.BlockOutputStreamEntry.flush(BlockOutputStreamEntry.java:136)
	at org.apache.hadoop.ozone.client.io.KeyOutputStream.handleFlushOrClose(KeyOutputStream.java:442)
	at org.apache.hadoop.ozone.client.io.KeyOutputStream.flush(KeyOutputStream.java:396)
	at org.apache.hadoop.ozone.client.io.OzoneOutputStream.flush(OzoneOutputStream.java:54)
	at org.apache.hadoop.ozone.client.rpc.TestBlockOutputStreamWithFailures.testWatchForCommitWithCloseContainerException(TestBlockOutputStreamWithFailures.java:190)
	at sun.reflect.NativeMethodAccessorImpl.invoke0(Native Method)
	at sun.reflect.NativeMethodAccessorImpl.invoke(NativeMethodAccessorImpl.java:62)
	at sun.reflect.DelegatingMethodAccessorImpl.invoke(DelegatingMethodAccessorImpl.java:43)
	at java.lang.reflect.Method.invoke(Method.java:498)
	at org.junit.runners.model.FrameworkMethod$1.runReflectiveCall(FrameworkMethod.java:47)
	at org.junit.internal.runners.model.ReflectiveCallable.run(ReflectiveCallable.java:12)
	at org.junit.runners.model.FrameworkMethod.invokeExplosively(FrameworkMethod.java:44)
	at org.junit.internal.runners.statements.InvokeMethod.evaluate(InvokeMethod.java:17)
	at org.junit.internal.runners.statements.RunBefores.evaluate(RunBefores.java:26)
	at org.junit.internal.runners.statements.RunAfters.evaluate(RunAfters.java:27)
	at org.junit.runners.ParentRunner.runLeaf(ParentRunner.java:271)
	at org.junit.runners.BlockJUnit4ClassRunner.runChild(BlockJUnit4ClassRunner.java:70)
	at org.junit.runners.BlockJUnit4ClassRunner.runChild(BlockJUnit4ClassRunner.java:50)
	at org.junit.runners.ParentRunner$3.run(ParentRunner.java:238)
	at org.junit.runners.ParentRunner$1.schedule(ParentRunner.java:63)
	at org.junit.runners.ParentRunner.runChildren(ParentRunner.java:236)
	at org.junit.runners.ParentRunner.access$000(ParentRunner.java:53)
	at org.junit.runners.ParentRunner$2.evaluate(ParentRunner.java:229)
	at org.junit.runners.ParentRunner.run(ParentRunner.java:309)
	at org.apache.maven.surefire.junit4.JUnit4Provider.execute(JUnit4Provider.java:365)
	at org.apache.maven.surefire.junit4.JUnit4Provider.executeWithRerun(JUnit4Provider.java:273)
	at org.apache.maven.surefire.junit4.JUnit4Provider.executeTestSet(JUnit4Provider.java:238)
	at org.apache.maven.surefire.junit4.JUnit4Provider.invoke(JUnit4Provider.java:159)
	at org.apache.maven.surefire.booter.ForkedBooter.invokeProviderInSameClassLoader(ForkedBooter.java:384)
	at org.apache.maven.surefire.booter.ForkedBooter.runSuitesInProcess(ForkedBooter.java:345)
	at org.apache.maven.surefire.booter.ForkedBooter.execute(ForkedBooter.java:126)
	at org.apache.maven.surefire.booter.ForkedBooter.main(ForkedBooter.java:418)
2019-09-04 10:17:14,976 | INFO  | SCMAudit | user=jenkins1000 | ip=192.168.36.67 | op=SEND_HEARTBEAT {datanodeUUID=2db1d6fe-cbe4-4547-a727-a515e5c0c878, command=[]} | ret=SUCCESS |  
2019-09-04 10:17:15,025 | INFO  | SCMAudit | user=jenkins1000 | ip=192.168.36.67 | op=SEND_HEARTBEAT {datanodeUUID=a8339521-9748-4b3f-93ce-dabf586a78fe, command=[]} | ret=SUCCESS |  
2019-09-04 10:17:15,463 | INFO  | SCMAudit | user=jenkins1000 | ip=192.168.36.67 | op=SEND_HEARTBEAT {datanodeUUID=5a7a11a7-685d-4dd4-88fb-b8c69093e530, command=[]} | ret=SUCCESS |  
2019-09-04 10:17:15,463 | INFO  | SCMAudit | user=jenkins1000 | ip=192.168.36.67 | op=SEND_HEARTBEAT {datanodeUUID=8ef0ae79-a58d-4d32-ad9c-cca36b501167, command=[]} | ret=SUCCESS |  
2019-09-04 10:17:15,463 | INFO  | SCMAudit | user=jenkins1000 | ip=192.168.36.67 | op=SEND_HEARTBEAT {datanodeUUID=47c468d8-6fe5-4042-9a7f-b5fec722af60, command=[]} | ret=SUCCESS |  
2019-09-04 10:17:15,516 | INFO  | SCMAudit | user=jenkins1000 | ip=192.168.36.67 | op=SEND_HEARTBEAT {datanodeUUID=adc7ce4f-a574-4e1f-927c-4aeedb5bfc3b, command=[]} | ret=SUCCESS |  
2019-09-04 10:17:15,768 | INFO  | SCMAudit | user=jenkins1000 | ip=192.168.36.67 | op=SEND_HEARTBEAT {datanodeUUID=d2bc92ad-7d78-408f-a6ab-434098f1c8bb, command=[]} | ret=SUCCESS |  
2019-09-04 10:17:15,857 [main] WARN  storage.CommitWatcher (CommitWatcher.java:watchForCommit(203)) - watchForCommit failed for index 14
java.util.concurrent.TimeoutException
	at java.util.concurrent.CompletableFuture.timedGet(CompletableFuture.java:1771)
	at java.util.concurrent.CompletableFuture.get(CompletableFuture.java:1915)
	at org.apache.hadoop.hdds.scm.XceiverClientRatis.watchForCommit(XceiverClientRatis.java:268)
	at org.apache.hadoop.hdds.scm.storage.CommitWatcher.watchForCommit(CommitWatcher.java:194)
	at org.apache.hadoop.hdds.scm.storage.CommitWatcher.watchOnLastIndex(CommitWatcher.java:157)
	at org.apache.hadoop.hdds.scm.storage.BlockOutputStream.watchForCommit(BlockOutputStream.java:347)
	at org.apache.hadoop.hdds.scm.storage.BlockOutputStream.handleFlush(BlockOutputStream.java:479)
	at org.apache.hadoop.hdds.scm.storage.BlockOutputStream.flush(BlockOutputStream.java:428)
	at org.apache.hadoop.ozone.client.io.BlockOutputStreamEntry.flush(BlockOutputStreamEntry.java:136)
	at org.apache.hadoop.ozone.client.io.KeyOutputStream.handleFlushOrClose(KeyOutputStream.java:442)
	at org.apache.hadoop.ozone.client.io.KeyOutputStream.flush(KeyOutputStream.java:396)
	at org.apache.hadoop.ozone.client.io.OzoneOutputStream.flush(OzoneOutputStream.java:54)
	at org.apache.hadoop.ozone.client.rpc.TestBlockOutputStreamWithFailures.testWatchForCommitWithCloseContainerException(TestBlockOutputStreamWithFailures.java:190)
	at sun.reflect.NativeMethodAccessorImpl.invoke0(Native Method)
	at sun.reflect.NativeMethodAccessorImpl.invoke(NativeMethodAccessorImpl.java:62)
	at sun.reflect.DelegatingMethodAccessorImpl.invoke(DelegatingMethodAccessorImpl.java:43)
	at java.lang.reflect.Method.invoke(Method.java:498)
	at org.junit.runners.model.FrameworkMethod$1.runReflectiveCall(FrameworkMethod.java:47)
	at org.junit.internal.runners.model.ReflectiveCallable.run(ReflectiveCallable.java:12)
	at org.junit.runners.model.FrameworkMethod.invokeExplosively(FrameworkMethod.java:44)
	at org.junit.internal.runners.statements.InvokeMethod.evaluate(InvokeMethod.java:17)
	at org.junit.internal.runners.statements.RunBefores.evaluate(RunBefores.java:26)
	at org.junit.internal.runners.statements.RunAfters.evaluate(RunAfters.java:27)
	at org.junit.runners.ParentRunner.runLeaf(ParentRunner.java:271)
	at org.junit.runners.BlockJUnit4ClassRunner.runChild(BlockJUnit4ClassRunner.java:70)
	at org.junit.runners.BlockJUnit4ClassRunner.runChild(BlockJUnit4ClassRunner.java:50)
	at org.junit.runners.ParentRunner$3.run(ParentRunner.java:238)
	at org.junit.runners.ParentRunner$1.schedule(ParentRunner.java:63)
	at org.junit.runners.ParentRunner.runChildren(ParentRunner.java:236)
	at org.junit.runners.ParentRunner.access$000(ParentRunner.java:53)
	at org.junit.runners.ParentRunner$2.evaluate(ParentRunner.java:229)
	at org.junit.runners.ParentRunner.run(ParentRunner.java:309)
	at org.apache.maven.surefire.junit4.JUnit4Provider.execute(JUnit4Provider.java:365)
	at org.apache.maven.surefire.junit4.JUnit4Provider.executeWithRerun(JUnit4Provider.java:273)
	at org.apache.maven.surefire.junit4.JUnit4Provider.executeTestSet(JUnit4Provider.java:238)
	at org.apache.maven.surefire.junit4.JUnit4Provider.invoke(JUnit4Provider.java:159)
	at org.apache.maven.surefire.booter.ForkedBooter.invokeProviderInSameClassLoader(ForkedBooter.java:384)
	at org.apache.maven.surefire.booter.ForkedBooter.runSuitesInProcess(ForkedBooter.java:345)
	at org.apache.maven.surefire.booter.ForkedBooter.execute(ForkedBooter.java:126)
	at org.apache.maven.surefire.booter.ForkedBooter.main(ForkedBooter.java:418)
2019-09-04 10:17:15,862 [main] WARN  io.KeyOutputStream (KeyOutputStream.java:handleException(276)) - Encountered exception java.io.IOException: Unexpected Storage Container Exception: java.io.IOException: Unexpected Storage Container Exception: java.util.concurrent.TimeoutException on the pipeline Pipeline[ Id: 1e8b4ec0-ac16-456b-a02d-db5b8b2b2db8, Nodes: 47c468d8-6fe5-4042-9a7f-b5fec722af60{ip: 192.168.36.67, host: pr-hdds-1569-fjd24-125839774, networkLocation: /default-rack, certSerialId: null}5a7a11a7-685d-4dd4-88fb-b8c69093e530{ip: 192.168.36.67, host: pr-hdds-1569-fjd24-125839774, networkLocation: /default-rack, certSerialId: null}8ef0ae79-a58d-4d32-ad9c-cca36b501167{ip: 192.168.36.67, host: pr-hdds-1569-fjd24-125839774, networkLocation: /default-rack, certSerialId: null}, Type:RATIS, Factor:THREE, State:OPEN]. The last committed block length is 400, uncommitted data length is 50 retry count 0
2019-09-04 10:17:15,866 | INFO  | SCMAudit | user=jenkins1000 | ip=192.168.36.67 | op=ALLOCATE_BLOCK {owner=4311f96b-5cd9-4d32-8e87-c98f98f3770b, size=800, type=RATIS, factor=THREE} | ret=SUCCESS |  
2019-09-04 10:17:15,867 | INFO  | OMAudit | user=jenkins1000 | ip=127.0.0.1 | op=ALLOCATE_BLOCK {volume=testblockoutputstream, bucket=testblockoutputstream, key=db813d69-c5fb-4d2f-9dc7-26bd17ffc8ed, dataSize=0, replicationType=null, replicationFactor=null, keyLocationInfo=null, clientID=102733724393603091} | ret=SUCCESS |  
2019-09-04 10:17:15,879 [grpc-default-executor-11] INFO  client.GrpcClientProtocolClient (GrpcClientProtocolClient.java:onNext(255)) - client-FB7F343DC820->a8339521-9748-4b3f-93ce-dabf586a78fe: receive RaftClientReply:client-FB7F343DC820->a8339521-9748-4b3f-93ce-dabf586a78fe@group-FD19A9F8B1A0, cid=253, FAILED org.apache.ratis.protocol.NotLeaderException: Server a8339521-9748-4b3f-93ce-dabf586a78fe is not the leader (d2bc92ad-7d78-408f-a6ab-434098f1c8bb:192.168.36.67:33988). Request must be sent to leader., logIndex=0, commits[a8339521-9748-4b3f-93ce-dabf586a78fe:c-1, d2bc92ad-7d78-408f-a6ab-434098f1c8bb:c-1, adc7ce4f-a574-4e1f-927c-4aeedb5bfc3b:c-1]
2019-09-04 10:17:15,976 | INFO  | SCMAudit | user=jenkins1000 | ip=192.168.36.67 | op=SEND_HEARTBEAT {datanodeUUID=2db1d6fe-cbe4-4547-a727-a515e5c0c878, command=[]} | ret=SUCCESS |  
2019-09-04 10:17:16,025 | INFO  | SCMAudit | user=jenkins1000 | ip=192.168.36.67 | op=SEND_HEARTBEAT {datanodeUUID=a8339521-9748-4b3f-93ce-dabf586a78fe, command=[]} | ret=SUCCESS |  
2019-09-04 10:17:16,068 | INFO  | DNAudit | user=null | ip=null | op=WRITE_CHUNK {blockData=conID: 2 locID: 102733724769714197 bcsId: 0} | ret=SUCCESS |  
2019-09-04 10:17:16,068 | INFO  | DNAudit | user=null | ip=null | op=WRITE_CHUNK {blockData=conID: 2 locID: 102733724769714197 bcsId: 0} | ret=SUCCESS |  
2019-09-04 10:17:16,068 | INFO  | DNAudit | user=null | ip=null | op=WRITE_CHUNK {blockData=conID: 2 locID: 102733724769714197 bcsId: 0} | ret=SUCCESS |  
2019-09-04 10:17:16,069 | INFO  | SCMAudit | user=jenkins1000 | ip=192.168.36.67 | op=SEND_HEARTBEAT {datanodeUUID=d2bc92ad-7d78-408f-a6ab-434098f1c8bb, command=[]} | ret=SUCCESS |  
2019-09-04 10:17:16,069 | INFO  | SCMAudit | user=jenkins1000 | ip=192.168.36.67 | op=SEND_HEARTBEAT {datanodeUUID=a8339521-9748-4b3f-93ce-dabf586a78fe, command=[]} | ret=SUCCESS |  
2019-09-04 10:17:16,069 | INFO  | SCMAudit | user=jenkins1000 | ip=192.168.36.67 | op=SEND_HEARTBEAT {datanodeUUID=adc7ce4f-a574-4e1f-927c-4aeedb5bfc3b, command=[]} | ret=SUCCESS |  
2019-09-04 10:17:16,082 | INFO  | DNAudit | user=null | ip=null | op=WRITE_CHUNK {blockData=conID: 2 locID: 102733724769714197 bcsId: 0} | ret=SUCCESS |  
2019-09-04 10:17:16,087 [grpc-default-executor-0] INFO  client.GrpcClientProtocolClient (GrpcClientProtocolClient.java:onNext(255)) - client-FB7F343DC820->d2bc92ad-7d78-408f-a6ab-434098f1c8bb: receive RaftClientReply:client-FB7F343DC820->d2bc92ad-7d78-408f-a6ab-434098f1c8bb@group-FD19A9F8B1A0, cid=253, SUCCESS, logIndex=1, commits[d2bc92ad-7d78-408f-a6ab-434098f1c8bb:c1, a8339521-9748-4b3f-93ce-dabf586a78fe:c0, adc7ce4f-a574-4e1f-927c-4aeedb5bfc3b:c0]
2019-09-04 10:17:16,106 | INFO  | DNAudit | user=null | ip=null | op=WRITE_CHUNK {blockData=conID: 2 locID: 102733724769714197 bcsId: 0} | ret=SUCCESS |  
2019-09-04 10:17:16,106 | INFO  | DNAudit | user=null | ip=null | op=WRITE_CHUNK {blockData=conID: 2 locID: 102733724769714197 bcsId: 0} | ret=SUCCESS |  
2019-09-04 10:17:16,237 | INFO  | DNAudit | user=null | ip=null | op=PUT_BLOCK {blockData=[blockId=conID: 2 locID: 102733724769714197 bcsId: 0,size=50]} | ret=SUCCESS |  
2019-09-04 10:17:16,242 [grpc-default-executor-1] INFO  client.GrpcClientProtocolClient (GrpcClientProtocolClient.java:onNext(255)) - client-FB7F343DC820->d2bc92ad-7d78-408f-a6ab-434098f1c8bb: receive RaftClientReply:client-FB7F343DC820->d2bc92ad-7d78-408f-a6ab-434098f1c8bb@group-FD19A9F8B1A0, cid=254, SUCCESS, logIndex=3, commits[d2bc92ad-7d78-408f-a6ab-434098f1c8bb:c4, a8339521-9748-4b3f-93ce-dabf586a78fe:c3, adc7ce4f-a574-4e1f-927c-4aeedb5bfc3b:c3]
2019-09-04 10:17:16,243 [main] INFO  ozone.MiniOzoneClusterImpl (MiniOzoneClusterImpl.java:shutdown(321)) - Shutting down the Mini Ozone Cluster
2019-09-04 10:17:16,243 | INFO  | SCMAudit | user=null | ip=null | op=GET_SCM_INFO null | ret=SUCCESS |  
2019-09-04 10:17:16,244 [main] INFO  ozone.MiniOzoneClusterImpl (MiniOzoneClusterImpl.java:stop(336)) - Stopping the Mini Ozone Cluster
2019-09-04 10:17:16,244 [main] INFO  ozone.MiniOzoneClusterImpl (MiniOzoneClusterImpl.java:stop(338)) - Stopping the OzoneManager
2019-09-04 10:17:16,244 [main] INFO  ipc.Server (Server.java:stop(3082)) - Stopping server on 34651
2019-09-04 10:17:16,260 [IPC Server listener on 34651] INFO  ipc.Server (Server.java:run(1185)) - Stopping IPC Server listener on 34651
2019-09-04 10:17:16,262 [IPC Server Responder] INFO  ipc.Server (Server.java:run(1319)) - Stopping IPC Server Responder
2019-09-04 10:17:16,262 [main] INFO  ratis.OzoneManagerDoubleBuffer (OzoneManagerDoubleBuffer.java:stop(248)) - Stopping OMDoubleBuffer flush thread
2019-09-04 10:17:16,275 [OMDoubleBufferFlushThread] INFO  ratis.OzoneManagerDoubleBuffer (OzoneManagerDoubleBuffer.java:flushTransactions(191)) - OMDoubleBuffer flush thread OMDoubleBufferFlushThread is interrupted and will exit. OMDoubleBufferFlushThread
2019-09-04 10:17:16,275 [main] INFO  utils.BackgroundService (BackgroundService.java:shutdown(148)) - Shutting down service KeyDeletingService
2019-09-04 10:17:16,276 [main] INFO  handler.ContextHandler (ContextHandler.java:doStop(910)) - Stopped o.e.j.w.WebAppContext@29b21fa6{/,null,UNAVAILABLE}{/ozoneManager}
2019-09-04 10:17:16,276 [main] INFO  server.AbstractConnector (AbstractConnector.java:doStop(318)) - Stopped ServerConnector@4159c66d{HTTP/1.1,[http/1.1]}{0.0.0.0:0}
2019-09-04 10:17:16,276 [main] INFO  handler.ContextHandler (ContextHandler.java:doStop(910)) - Stopped o.e.j.s.ServletContextHandler@49de4263{/static,file:///workdir/hadoop-ozone/integration-test/target/test-classes/webapps/static,UNAVAILABLE}
2019-09-04 10:17:16,277 [main] INFO  handler.ContextHandler (ContextHandler.java:doStop(910)) - Stopped o.e.j.s.ServletContextHandler@26e199ed{/logs,file:///workdir/hadoop-ozone/integration-test/target/log,UNAVAILABLE}
2019-09-04 10:17:16,284 [main] INFO  ozone.MiniOzoneClusterImpl (MiniOzoneClusterImpl.java:stop(344)) - Shutting the HddsDatanodes
2019-09-04 10:17:16,284 [main] INFO  datanode.ObjectStoreHandler (ObjectStoreHandler.java:close(155)) - Closing ObjectStoreHandler.
2019-09-04 10:17:16,284 [ForkJoinPool.commonPool-worker-0] INFO  datanode.ObjectStoreHandler (ObjectStoreHandler.java:close(155)) - Closing ObjectStoreHandler.
2019-09-04 10:17:16,285 [main] INFO  ozone.HddsDatanodeService (HddsDatanodeService.java:stop(451)) - Stopped plug-in org.apache.hadoop.ozone.web.OzoneHddsDatanodeService@130f8e03
2019-09-04 10:17:16,285 [ForkJoinPool.commonPool-worker-0] INFO  ozone.HddsDatanodeService (HddsDatanodeService.java:stop(451)) - Stopped plug-in org.apache.hadoop.ozone.web.OzoneHddsDatanodeService@7d6c4c43
2019-09-04 10:17:16,330 | INFO  | DNAudit | user=null | ip=null | op=PUT_BLOCK {blockData=[blockId=conID: 2 locID: 102733724769714197 bcsId: 0,size=50]} | ret=SUCCESS |  
2019-09-04 10:17:16,360 [grpc-default-executor-0] INFO  client.GrpcClientProtocolClient (GrpcClientProtocolClient.java:onNext(255)) - client-3A5551880675->8ef0ae79-a58d-4d32-ad9c-cca36b501167: receive RaftClientReply:client-3A5551880675->8ef0ae79-a58d-4d32-ad9c-cca36b501167@group-DB5B8B2B2DB8, cid=252, SUCCESS, logIndex=0, commits[8ef0ae79-a58d-4d32-ad9c-cca36b501167:c16, 5a7a11a7-685d-4dd4-88fb-b8c69093e530:c13, 47c468d8-6fe5-4042-9a7f-b5fec722af60:c16]
2019-09-04 10:17:16,360 [grpc-default-executor-0] INFO  client.GrpcClientProtocolClient (GrpcClientProtocolClient.java:onNext(255)) - client-3A5551880675->8ef0ae79-a58d-4d32-ad9c-cca36b501167: receive RaftClientReply:client-3A5551880675->8ef0ae79-a58d-4d32-ad9c-cca36b501167@group-DB5B8B2B2DB8, cid=251, SUCCESS, logIndex=0, commits[8ef0ae79-a58d-4d32-ad9c-cca36b501167:c16, 5a7a11a7-685d-4dd4-88fb-b8c69093e530:c16, 47c468d8-6fe5-4042-9a7f-b5fec722af60:c16]
2019-09-04 10:17:16,389 | INFO  | DNAudit | user=null | ip=null | op=PUT_BLOCK {blockData=[blockId=conID: 1 locID: 102733724400877588 bcsId: 0,size=450]} | ret=SUCCESS |  
2019-09-04 10:17:16,389 | INFO  | DNAudit | user=null | ip=null | op=PUT_BLOCK {blockData=[blockId=conID: 1 locID: 102733724400877588 bcsId: 0,size=450]} | ret=SUCCESS |  
2019-09-04 10:17:16,391 | INFO  | DNAudit | user=null | ip=null | op=PUT_BLOCK {blockData=[blockId=conID: 2 locID: 102733724769714197 bcsId: 0,size=50]} | ret=SUCCESS |  
2019-09-04 10:17:16,462 [Datanode State Machine Thread - 0] INFO  statemachine.DatanodeStateMachine (DatanodeStateMachine.java:lambda$startDaemon$0(350)) - Ozone container server started.
2019-09-04 10:17:16,463 | INFO  | SCMAudit | user=jenkins1000 | ip=192.168.36.67 | op=SEND_HEARTBEAT {datanodeUUID=5a7a11a7-685d-4dd4-88fb-b8c69093e530, command=[]} | ret=SUCCESS |  
2019-09-04 10:17:16,463 | INFO  | SCMAudit | user=jenkins1000 | ip=192.168.36.67 | op=SEND_HEARTBEAT {datanodeUUID=8ef0ae79-a58d-4d32-ad9c-cca36b501167, command=[]} | ret=SUCCESS |  
2019-09-04 10:17:16,977 | INFO  | SCMAudit | user=jenkins1000 | ip=192.168.36.67 | op=SEND_HEARTBEAT {datanodeUUID=2db1d6fe-cbe4-4547-a727-a515e5c0c878, command=[]} | ret=SUCCESS |  
2019-09-04 10:17:17,067 [Datanode State Machine Thread - 0] INFO  statemachine.DatanodeStateMachine (DatanodeStateMachine.java:lambda$startDaemon$0(350)) - Ozone container server started.
2019-09-04 10:17:17,069 | INFO  | SCMAudit | user=jenkins1000 | ip=192.168.36.67 | op=SEND_HEARTBEAT {datanodeUUID=a8339521-9748-4b3f-93ce-dabf586a78fe, command=[]} | ret=SUCCESS |  
2019-09-04 10:17:17,069 | INFO  | SCMAudit | user=jenkins1000 | ip=192.168.36.67 | op=SEND_HEARTBEAT {datanodeUUID=d2bc92ad-7d78-408f-a6ab-434098f1c8bb, command=[]} | ret=SUCCESS |  
2019-09-04 10:17:17,462 | INFO  | SCMAudit | user=jenkins1000 | ip=192.168.36.67 | op=SEND_HEARTBEAT {datanodeUUID=5a7a11a7-685d-4dd4-88fb-b8c69093e530, command=[]} | ret=SUCCESS |  
2019-09-04 10:17:17,462 | INFO  | SCMAudit | user=jenkins1000 | ip=192.168.36.67 | op=SEND_HEARTBEAT {datanodeUUID=8ef0ae79-a58d-4d32-ad9c-cca36b501167, command=[]} | ret=SUCCESS |  
2019-09-04 10:17:17,977 | INFO  | SCMAudit | user=jenkins1000 | ip=192.168.36.67 | op=SEND_HEARTBEAT {datanodeUUID=2db1d6fe-cbe4-4547-a727-a515e5c0c878, command=[]} | ret=SUCCESS |  
2019-09-04 10:17:18,069 | INFO  | SCMAudit | user=jenkins1000 | ip=192.168.36.67 | op=SEND_HEARTBEAT {datanodeUUID=a8339521-9748-4b3f-93ce-dabf586a78fe, command=[]} | ret=SUCCESS |  
2019-09-04 10:17:18,069 | INFO  | SCMAudit | user=jenkins1000 | ip=192.168.36.67 | op=SEND_HEARTBEAT {datanodeUUID=d2bc92ad-7d78-408f-a6ab-434098f1c8bb, command=[]} | ret=SUCCESS |  
2019-09-04 10:17:18,462 | INFO  | SCMAudit | user=jenkins1000 | ip=192.168.36.67 | op=SEND_HEARTBEAT {datanodeUUID=5a7a11a7-685d-4dd4-88fb-b8c69093e530, command=[]} | ret=SUCCESS |  
2019-09-04 10:17:18,462 | INFO  | SCMAudit | user=jenkins1000 | ip=192.168.36.67 | op=SEND_HEARTBEAT {datanodeUUID=8ef0ae79-a58d-4d32-ad9c-cca36b501167, command=[]} | ret=SUCCESS |  
2019-09-04 10:17:18,977 | INFO  | SCMAudit | user=jenkins1000 | ip=192.168.36.67 | op=SEND_HEARTBEAT {datanodeUUID=2db1d6fe-cbe4-4547-a727-a515e5c0c878, command=[]} | ret=SUCCESS |  
2019-09-04 10:17:19,069 | INFO  | SCMAudit | user=jenkins1000 | ip=192.168.36.67 | op=SEND_HEARTBEAT {datanodeUUID=d2bc92ad-7d78-408f-a6ab-434098f1c8bb, command=[]} | ret=SUCCESS |  
2019-09-04 10:17:19,069 | INFO  | SCMAudit | user=jenkins1000 | ip=192.168.36.67 | op=SEND_HEARTBEAT {datanodeUUID=a8339521-9748-4b3f-93ce-dabf586a78fe, command=[]} | ret=SUCCESS |  
2019-09-04 10:17:19,462 | INFO  | SCMAudit | user=jenkins1000 | ip=192.168.36.67 | op=SEND_HEARTBEAT {datanodeUUID=5a7a11a7-685d-4dd4-88fb-b8c69093e530, command=[]} | ret=SUCCESS |  
2019-09-04 10:17:19,462 | INFO  | SCMAudit | user=jenkins1000 | ip=192.168.36.67 | op=SEND_HEARTBEAT {datanodeUUID=8ef0ae79-a58d-4d32-ad9c-cca36b501167, command=[]} | ret=SUCCESS |  
2019-09-04 10:17:19,976 | INFO  | SCMAudit | user=jenkins1000 | ip=192.168.36.67 | op=SEND_HEARTBEAT {datanodeUUID=2db1d6fe-cbe4-4547-a727-a515e5c0c878, command=[]} | ret=SUCCESS |  
2019-09-04 10:17:20,068 | INFO  | SCMAudit | user=jenkins1000 | ip=192.168.36.67 | op=SEND_HEARTBEAT {datanodeUUID=d2bc92ad-7d78-408f-a6ab-434098f1c8bb, command=[]} | ret=SUCCESS |  
2019-09-04 10:17:20,068 | INFO  | SCMAudit | user=jenkins1000 | ip=192.168.36.67 | op=SEND_HEARTBEAT {datanodeUUID=a8339521-9748-4b3f-93ce-dabf586a78fe, command=[]} | ret=SUCCESS |  
2019-09-04 10:17:20,462 | INFO  | SCMAudit | user=jenkins1000 | ip=192.168.36.67 | op=SEND_HEARTBEAT {datanodeUUID=8ef0ae79-a58d-4d32-ad9c-cca36b501167, command=[]} | ret=SUCCESS |  
2019-09-04 10:17:20,462 | INFO  | SCMAudit | user=jenkins1000 | ip=192.168.36.67 | op=SEND_HEARTBEAT {datanodeUUID=5a7a11a7-685d-4dd4-88fb-b8c69093e530, command=[]} | ret=SUCCESS |  
2019-09-04 10:17:20,527 [EventQueue-StaleNodeForStaleNodeHandler] INFO  node.StaleNodeHandler (StaleNodeHandler.java:onMessage(58)) - Datanode 47c468d8-6fe5-4042-9a7f-b5fec722af60{ip: 192.168.36.67, host: pr-hdds-1569-fjd24-125839774, networkLocation: /default-rack, certSerialId: null} moved to stale state. Finalizing its pipelines [PipelineID=1e8b4ec0-ac16-456b-a02d-db5b8b2b2db8, PipelineID=79cc8709-3d79-41d2-8bef-9d59753b7428]
2019-09-04 10:17:20,527 [EventQueue-StaleNodeForStaleNodeHandler] INFO  pipeline.SCMPipelineManager (SCMPipelineManager.java:finalizeAndDestroyPipeline(309)) - destroying pipeline:Pipeline[ Id: 1e8b4ec0-ac16-456b-a02d-db5b8b2b2db8, Nodes: 47c468d8-6fe5-4042-9a7f-b5fec722af60{ip: 192.168.36.67, host: pr-hdds-1569-fjd24-125839774, networkLocation: /default-rack, certSerialId: null}5a7a11a7-685d-4dd4-88fb-b8c69093e530{ip: 192.168.36.67, host: pr-hdds-1569-fjd24-125839774, networkLocation: /default-rack, certSerialId: null}8ef0ae79-a58d-4d32-ad9c-cca36b501167{ip: 192.168.36.67, host: pr-hdds-1569-fjd24-125839774, networkLocation: /default-rack, certSerialId: null}, Type:RATIS, Factor:THREE, State:OPEN]
2019-09-04 10:17:20,528 [EventQueue-StaleNodeForStaleNodeHandler] INFO  pipeline.PipelineStateManager (PipelineStateManager.java:finalizePipeline(123)) - Pipeline Pipeline[ Id: 1e8b4ec0-ac16-456b-a02d-db5b8b2b2db8, Nodes: 47c468d8-6fe5-4042-9a7f-b5fec722af60{ip: 192.168.36.67, host: pr-hdds-1569-fjd24-125839774, networkLocation: /default-rack, certSerialId: null}5a7a11a7-685d-4dd4-88fb-b8c69093e530{ip: 192.168.36.67, host: pr-hdds-1569-fjd24-125839774, networkLocation: /default-rack, certSerialId: null}8ef0ae79-a58d-4d32-ad9c-cca36b501167{ip: 192.168.36.67, host: pr-hdds-1569-fjd24-125839774, networkLocation: /default-rack, certSerialId: null}, Type:RATIS, Factor:THREE, State:CLOSED] moved to CLOSED state
2019-09-04 10:17:20,528 [EventQueue-StaleNodeForStaleNodeHandler] INFO  pipeline.SCMPipelineManager (SCMPipelineManager.java:finalizeAndDestroyPipeline(309)) - destroying pipeline:Pipeline[ Id: 79cc8709-3d79-41d2-8bef-9d59753b7428, Nodes: 47c468d8-6fe5-4042-9a7f-b5fec722af60{ip: 192.168.36.67, host: pr-hdds-1569-fjd24-125839774, networkLocation: /default-rack, certSerialId: null}, Type:RATIS, Factor:ONE, State:OPEN]
2019-09-04 10:17:20,528 [EventQueue-CloseContainerForCloseContainerEventHandler] INFO  container.CloseContainerEventHandler (CloseContainerEventHandler.java:onMessage(61)) - Close container Event triggered for container : #1
2019-09-04 10:17:20,528 [EventQueue-StaleNodeForStaleNodeHandler] INFO  pipeline.PipelineStateManager (PipelineStateManager.java:finalizePipeline(123)) - Pipeline Pipeline[ Id: 79cc8709-3d79-41d2-8bef-9d59753b7428, Nodes: 47c468d8-6fe5-4042-9a7f-b5fec722af60{ip: 192.168.36.67, host: pr-hdds-1569-fjd24-125839774, networkLocation: /default-rack, certSerialId: null}, Type:RATIS, Factor:ONE, State:CLOSED] moved to CLOSED state
2019-09-04 10:17:20,980 | INFO  | SCMAudit | user=jenkins1000 | ip=192.168.36.67 | op=SEND_HEARTBEAT {datanodeUUID=2db1d6fe-cbe4-4547-a727-a515e5c0c878, command=[]} | ret=SUCCESS |  
2019-09-04 10:17:21,068 | INFO  | SCMAudit | user=jenkins1000 | ip=192.168.36.67 | op=SEND_HEARTBEAT {datanodeUUID=d2bc92ad-7d78-408f-a6ab-434098f1c8bb, command=[]} | ret=SUCCESS |  
2019-09-04 10:17:21,068 | INFO  | SCMAudit | user=jenkins1000 | ip=192.168.36.67 | op=SEND_HEARTBEAT {datanodeUUID=a8339521-9748-4b3f-93ce-dabf586a78fe, command=[]} | ret=SUCCESS |  
2019-09-04 10:17:21,128 [EventQueue-StaleNodeForStaleNodeHandler] INFO  node.StaleNodeHandler (StaleNodeHandler.java:onMessage(58)) - Datanode adc7ce4f-a574-4e1f-927c-4aeedb5bfc3b{ip: 192.168.36.67, host: pr-hdds-1569-fjd24-125839774, networkLocation: /default-rack, certSerialId: null} moved to stale state. Finalizing its pipelines [PipelineID=efa49272-f0f4-48c0-84b3-fd19a9f8b1a0, PipelineID=0a60156a-9808-43cd-b262-342fdb6b7efd]
2019-09-04 10:17:21,128 [EventQueue-StaleNodeForStaleNodeHandler] INFO  pipeline.SCMPipelineManager (SCMPipelineManager.java:finalizeAndDestroyPipeline(309)) - destroying pipeline:Pipeline[ Id: efa49272-f0f4-48c0-84b3-fd19a9f8b1a0, Nodes: a8339521-9748-4b3f-93ce-dabf586a78fe{ip: 192.168.36.67, host: pr-hdds-1569-fjd24-125839774, networkLocation: /default-rack, certSerialId: null}adc7ce4f-a574-4e1f-927c-4aeedb5bfc3b{ip: 192.168.36.67, host: pr-hdds-1569-fjd24-125839774, networkLocation: /default-rack, certSerialId: null}d2bc92ad-7d78-408f-a6ab-434098f1c8bb{ip: 192.168.36.67, host: pr-hdds-1569-fjd24-125839774, networkLocation: /default-rack, certSerialId: null}, Type:RATIS, Factor:THREE, State:OPEN]
2019-09-04 10:17:21,128 [EventQueue-StaleNodeForStaleNodeHandler] INFO  pipeline.PipelineStateManager (PipelineStateManager.java:finalizePipeline(123)) - Pipeline Pipeline[ Id: efa49272-f0f4-48c0-84b3-fd19a9f8b1a0, Nodes: a8339521-9748-4b3f-93ce-dabf586a78fe{ip: 192.168.36.67, host: pr-hdds-1569-fjd24-125839774, networkLocation: /default-rack, certSerialId: null}adc7ce4f-a574-4e1f-927c-4aeedb5bfc3b{ip: 192.168.36.67, host: pr-hdds-1569-fjd24-125839774, networkLocation: /default-rack, certSerialId: null}d2bc92ad-7d78-408f-a6ab-434098f1c8bb{ip: 192.168.36.67, host: pr-hdds-1569-fjd24-125839774, networkLocation: /default-rack, certSerialId: null}, Type:RATIS, Factor:THREE, State:CLOSED] moved to CLOSED state
2019-09-04 10:17:21,129 [EventQueue-CloseContainerForCloseContainerEventHandler] INFO  container.CloseContainerEventHandler (CloseContainerEventHandler.java:onMessage(61)) - Close container Event triggered for container : #2
2019-09-04 10:17:21,129 [EventQueue-StaleNodeForStaleNodeHandler] INFO  pipeline.SCMPipelineManager (SCMPipelineManager.java:finalizeAndDestroyPipeline(309)) - destroying pipeline:Pipeline[ Id: 0a60156a-9808-43cd-b262-342fdb6b7efd, Nodes: adc7ce4f-a574-4e1f-927c-4aeedb5bfc3b{ip: 192.168.36.67, host: pr-hdds-1569-fjd24-125839774, networkLocation: /default-rack, certSerialId: null}, Type:RATIS, Factor:ONE, State:OPEN]
2019-09-04 10:17:21,129 [EventQueue-StaleNodeForStaleNodeHandler] INFO  pipeline.PipelineStateManager (PipelineStateManager.java:finalizePipeline(123)) - Pipeline Pipeline[ Id: 0a60156a-9808-43cd-b262-342fdb6b7efd, Nodes: adc7ce4f-a574-4e1f-927c-4aeedb5bfc3b{ip: 192.168.36.67, host: pr-hdds-1569-fjd24-125839774, networkLocation: /default-rack, certSerialId: null}, Type:RATIS, Factor:ONE, State:CLOSED] moved to CLOSED state
2019-09-04 10:17:21,286 [main] INFO  ozoneimpl.OzoneContainer (OzoneContainer.java:stop(199)) - Attempting to stop container services.
2019-09-04 10:17:21,286 [ForkJoinPool.commonPool-worker-0] INFO  ozoneimpl.OzoneContainer (OzoneContainer.java:stop(199)) - Attempting to stop container services.
2019-09-04 10:17:21,286 [main] INFO  impl.RaftServerProxy (RaftServerProxy.java:lambda$close$4(314)) - adc7ce4f-a574-4e1f-927c-4aeedb5bfc3b: close
2019-09-04 10:17:21,286 [ForkJoinPool.commonPool-worker-0] INFO  impl.RaftServerProxy (RaftServerProxy.java:lambda$close$4(314)) - 47c468d8-6fe5-4042-9a7f-b5fec722af60: close
2019-09-04 10:17:21,287 [main] INFO  impl.RaftServerImpl (RaftServerImpl.java:lambda$shutdown$3(245)) - adc7ce4f-a574-4e1f-927c-4aeedb5bfc3b: shutdown group-FD19A9F8B1A0
2019-09-04 10:17:21,287 [ForkJoinPool.commonPool-worker-0] INFO  impl.RaftServerImpl (RaftServerImpl.java:lambda$shutdown$3(245)) - 47c468d8-6fe5-4042-9a7f-b5fec722af60: shutdown group-DB5B8B2B2DB8
2019-09-04 10:17:21,287 [main] INFO  util.JmxRegister (JmxRegister.java:unregister(73)) - Successfully un-registered JMX Bean with object name Ratis:service=RaftServer,group=group-FD19A9F8B1A0,id=adc7ce4f-a574-4e1f-927c-4aeedb5bfc3b
2019-09-04 10:17:21,287 [ForkJoinPool.commonPool-worker-0] INFO  util.JmxRegister (JmxRegister.java:unregister(73)) - Successfully un-registered JMX Bean with object name Ratis:service=RaftServer,group=group-DB5B8B2B2DB8,id=47c468d8-6fe5-4042-9a7f-b5fec722af60
2019-09-04 10:17:21,288 [main] INFO  impl.RoleInfo (RoleInfo.java:shutdownFollowerState(121)) - adc7ce4f-a574-4e1f-927c-4aeedb5bfc3b: shutdown FollowerState
2019-09-04 10:17:21,288 [ForkJoinPool.commonPool-worker-0] INFO  impl.RoleInfo (RoleInfo.java:shutdownFollowerState(121)) - 47c468d8-6fe5-4042-9a7f-b5fec722af60: shutdown FollowerState
2019-09-04 10:17:21,288 [Thread-4759] INFO  impl.FollowerState (FollowerState.java:run(114)) - adc7ce4f-a574-4e1f-927c-4aeedb5bfc3b: FollowerState was interrupted: java.lang.InterruptedException: sleep interrupted
2019-09-04 10:17:21,288 [StateMachineUpdater:adc7ce4f-a574-4e1f-927c-4aeedb5bfc3b:group-FD19A9F8B1A0] INFO  ratis.ContainerStateMachine (ContainerStateMachine.java:takeSnapshot(283)) - group-FD19A9F8B1A0: Taking a snapshot at:(t:1, i:3) file /workdir/hadoop-ozone/integration-test/target/test-dir/MiniOzoneClusterImpl-fbf2683a-c8d7-46fa-a564-419916e3e42d/datanode-4/data/ratis/efa49272-f0f4-48c0-84b3-fd19a9f8b1a0/sm/snapshot.1_3
2019-09-04 10:17:21,288 [main] INFO  impl.StateMachineUpdater (StateMachineUpdater.java:stopAndJoin(115)) - StateMachineUpdater:adc7ce4f-a574-4e1f-927c-4aeedb5bfc3b:group-FD19A9F8B1A0: set stopIndex = 4
2019-09-04 10:17:21,289 [Thread-4686] INFO  impl.FollowerState (FollowerState.java:run(114)) - 47c468d8-6fe5-4042-9a7f-b5fec722af60: FollowerState was interrupted: java.lang.InterruptedException: sleep interrupted
2019-09-04 10:17:21,289 [StateMachineUpdater:47c468d8-6fe5-4042-9a7f-b5fec722af60:group-DB5B8B2B2DB8] INFO  ratis.ContainerStateMachine (ContainerStateMachine.java:takeSnapshot(283)) - group-DB5B8B2B2DB8: Taking a snapshot at:(t:1, i:16) file /workdir/hadoop-ozone/integration-test/target/test-dir/MiniOzoneClusterImpl-fbf2683a-c8d7-46fa-a564-419916e3e42d/datanode-1/data/ratis/1e8b4ec0-ac16-456b-a02d-db5b8b2b2db8/sm/snapshot.1_16
2019-09-04 10:17:21,288 [ForkJoinPool.commonPool-worker-0] INFO  impl.StateMachineUpdater (StateMachineUpdater.java:stopAndJoin(115)) - StateMachineUpdater:47c468d8-6fe5-4042-9a7f-b5fec722af60:group-DB5B8B2B2DB8: set stopIndex = 16
2019-09-04 10:17:21,305 [StateMachineUpdater:47c468d8-6fe5-4042-9a7f-b5fec722af60:group-DB5B8B2B2DB8] INFO  ratis.ContainerStateMachine (ContainerStateMachine.java:takeSnapshot(294)) - group-DB5B8B2B2DB8: Finished taking a snapshot at:(t:1, i:16) file:/workdir/hadoop-ozone/integration-test/target/test-dir/MiniOzoneClusterImpl-fbf2683a-c8d7-46fa-a564-419916e3e42d/datanode-1/data/ratis/1e8b4ec0-ac16-456b-a02d-db5b8b2b2db8/sm/snapshot.1_16 time:17
2019-09-04 10:17:21,305 [StateMachineUpdater:adc7ce4f-a574-4e1f-927c-4aeedb5bfc3b:group-FD19A9F8B1A0] INFO  ratis.ContainerStateMachine (ContainerStateMachine.java:takeSnapshot(294)) - group-FD19A9F8B1A0: Finished taking a snapshot at:(t:1, i:3) file:/workdir/hadoop-ozone/integration-test/target/test-dir/MiniOzoneClusterImpl-fbf2683a-c8d7-46fa-a564-419916e3e42d/datanode-4/data/ratis/efa49272-f0f4-48c0-84b3-fd19a9f8b1a0/sm/snapshot.1_3 time:18
2019-09-04 10:17:21,306 [StateMachineUpdater:adc7ce4f-a574-4e1f-927c-4aeedb5bfc3b:group-FD19A9F8B1A0] INFO  impl.StateMachineUpdater (StateMachineUpdater.java:takeSnapshot(242)) - StateMachineUpdater:adc7ce4f-a574-4e1f-927c-4aeedb5bfc3b:group-FD19A9F8B1A0: Took a snapshot at index 3
2019-09-04 10:17:21,306 [StateMachineUpdater:47c468d8-6fe5-4042-9a7f-b5fec722af60:group-DB5B8B2B2DB8] INFO  impl.StateMachineUpdater (StateMachineUpdater.java:takeSnapshot(242)) - StateMachineUpdater:47c468d8-6fe5-4042-9a7f-b5fec722af60:group-DB5B8B2B2DB8: Took a snapshot at index 16
2019-09-04 10:17:21,306 [StateMachineUpdater:adc7ce4f-a574-4e1f-927c-4aeedb5bfc3b:group-FD19A9F8B1A0] INFO  impl.StateMachineUpdater (StateMachineUpdater.java:lambda$new$0(80)) - StateMachineUpdater:adc7ce4f-a574-4e1f-927c-4aeedb5bfc3b:group-FD19A9F8B1A0: snapshotIndex: updateIncreasingly -1 -> 3
2019-09-04 10:17:21,306 [StateMachineUpdater:47c468d8-6fe5-4042-9a7f-b5fec722af60:group-DB5B8B2B2DB8] INFO  impl.StateMachineUpdater (StateMachineUpdater.java:lambda$new$0(80)) - StateMachineUpdater:47c468d8-6fe5-4042-9a7f-b5fec722af60:group-DB5B8B2B2DB8: snapshotIndex: updateIncreasingly -1 -> 16
2019-09-04 10:17:21,306 [main] INFO  impl.RaftServerImpl (ServerState.java:close(394)) - adc7ce4f-a574-4e1f-927c-4aeedb5bfc3b:group-FD19A9F8B1A0 closes. The last applied log index is 4
2019-09-04 10:17:21,306 [ForkJoinPool.commonPool-worker-0] INFO  impl.RaftServerImpl (ServerState.java:close(394)) - 47c468d8-6fe5-4042-9a7f-b5fec722af60:group-DB5B8B2B2DB8 closes. The last applied log index is 16
2019-09-04 10:17:21,307 [adc7ce4f-a574-4e1f-927c-4aeedb5bfc3b-SegmentedRaftLogWorker:Storage Directory /workdir/hadoop-ozone/integration-test/target/test-dir/MiniOzoneClusterImpl-fbf2683a-c8d7-46fa-a564-419916e3e42d/datanode-4/data/ratis/efa49272-f0f4-48c0-84b3-fd19a9f8b1a0] INFO  segmented.SegmentedRaftLogWorker (SegmentedRaftLogWorker.java:run(313)) - adc7ce4f-a574-4e1f-927c-4aeedb5bfc3b-SegmentedRaftLogWorker:Storage Directory /workdir/hadoop-ozone/integration-test/target/test-dir/MiniOzoneClusterImpl-fbf2683a-c8d7-46fa-a564-419916e3e42d/datanode-4/data/ratis/efa49272-f0f4-48c0-84b3-fd19a9f8b1a0 was interrupted, exiting. There are 0 tasks remaining in the queue.
2019-09-04 10:17:21,307 [47c468d8-6fe5-4042-9a7f-b5fec722af60-SegmentedRaftLogWorker:Storage Directory /workdir/hadoop-ozone/integration-test/target/test-dir/MiniOzoneClusterImpl-fbf2683a-c8d7-46fa-a564-419916e3e42d/datanode-1/data/ratis/1e8b4ec0-ac16-456b-a02d-db5b8b2b2db8] INFO  segmented.SegmentedRaftLogWorker (SegmentedRaftLogWorker.java:run(313)) - 47c468d8-6fe5-4042-9a7f-b5fec722af60-SegmentedRaftLogWorker:Storage Directory /workdir/hadoop-ozone/integration-test/target/test-dir/MiniOzoneClusterImpl-fbf2683a-c8d7-46fa-a564-419916e3e42d/datanode-1/data/ratis/1e8b4ec0-ac16-456b-a02d-db5b8b2b2db8 was interrupted, exiting. There are 0 tasks remaining in the queue.
2019-09-04 10:17:21,319 [ForkJoinPool.commonPool-worker-0] INFO  segmented.SegmentedRaftLogWorker (SegmentedRaftLogWorker.java:close(228)) - 47c468d8-6fe5-4042-9a7f-b5fec722af60-SegmentedRaftLogWorker:Storage Directory /workdir/hadoop-ozone/integration-test/target/test-dir/MiniOzoneClusterImpl-fbf2683a-c8d7-46fa-a564-419916e3e42d/datanode-1/data/ratis/1e8b4ec0-ac16-456b-a02d-db5b8b2b2db8 close()
2019-09-04 10:17:21,319 [main] INFO  segmented.SegmentedRaftLogWorker (SegmentedRaftLogWorker.java:close(228)) - adc7ce4f-a574-4e1f-927c-4aeedb5bfc3b-SegmentedRaftLogWorker:Storage Directory /workdir/hadoop-ozone/integration-test/target/test-dir/MiniOzoneClusterImpl-fbf2683a-c8d7-46fa-a564-419916e3e42d/datanode-4/data/ratis/efa49272-f0f4-48c0-84b3-fd19a9f8b1a0 close()
2019-09-04 10:17:21,321 [ForkJoinPool.commonPool-worker-0] INFO  impl.RaftServerImpl (RaftServerImpl.java:lambda$shutdown$3(245)) - 47c468d8-6fe5-4042-9a7f-b5fec722af60: shutdown group-9D59753B7428
2019-09-04 10:17:21,323 [main] INFO  impl.RaftServerImpl (RaftServerImpl.java:lambda$shutdown$3(245)) - adc7ce4f-a574-4e1f-927c-4aeedb5bfc3b: shutdown group-342FDB6B7EFD
2019-09-04 10:17:21,323 [ForkJoinPool.commonPool-worker-0] INFO  util.JmxRegister (JmxRegister.java:unregister(73)) - Successfully un-registered JMX Bean with object name Ratis:service=RaftServer,group=group-9D59753B7428,id=47c468d8-6fe5-4042-9a7f-b5fec722af60
2019-09-04 10:17:21,324 [main] INFO  util.JmxRegister (JmxRegister.java:unregister(73)) - Successfully un-registered JMX Bean with object name Ratis:service=RaftServer,group=group-342FDB6B7EFD,id=adc7ce4f-a574-4e1f-927c-4aeedb5bfc3b
2019-09-04 10:17:21,324 [ForkJoinPool.commonPool-worker-0] INFO  impl.RoleInfo (RoleInfo.java:shutdownLeaderState(104)) - 47c468d8-6fe5-4042-9a7f-b5fec722af60: shutdown LeaderState
2019-09-04 10:17:21,324 [main] INFO  impl.RoleInfo (RoleInfo.java:shutdownLeaderState(104)) - adc7ce4f-a574-4e1f-927c-4aeedb5bfc3b: shutdown LeaderState
2019-09-04 10:17:21,324 [ForkJoinPool.commonPool-worker-0] INFO  impl.PendingRequests (PendingRequests.java:sendNotLeaderResponses(202)) - 47c468d8-6fe5-4042-9a7f-b5fec722af60-PendingRequests: sendNotLeaderResponses
2019-09-04 10:17:21,325 [main] INFO  impl.PendingRequests (PendingRequests.java:sendNotLeaderResponses(202)) - adc7ce4f-a574-4e1f-927c-4aeedb5bfc3b-PendingRequests: sendNotLeaderResponses
2019-09-04 10:17:21,325 [ForkJoinPool.commonPool-worker-0] INFO  impl.StateMachineUpdater (StateMachineUpdater.java:stopAndJoin(115)) - StateMachineUpdater:47c468d8-6fe5-4042-9a7f-b5fec722af60:group-9D59753B7428: set stopIndex = 0
2019-09-04 10:17:21,325 [main] INFO  impl.StateMachineUpdater (StateMachineUpdater.java:stopAndJoin(115)) - StateMachineUpdater:adc7ce4f-a574-4e1f-927c-4aeedb5bfc3b:group-342FDB6B7EFD: set stopIndex = 0
2019-09-04 10:17:21,326 [main] INFO  impl.RaftServerImpl (ServerState.java:close(394)) - adc7ce4f-a574-4e1f-927c-4aeedb5bfc3b:group-342FDB6B7EFD closes. The last applied log index is 0
2019-09-04 10:17:21,325 [ForkJoinPool.commonPool-worker-0] INFO  impl.RaftServerImpl (ServerState.java:close(394)) - 47c468d8-6fe5-4042-9a7f-b5fec722af60:group-9D59753B7428 closes. The last applied log index is 0
2019-09-04 10:17:21,326 [adc7ce4f-a574-4e1f-927c-4aeedb5bfc3b-SegmentedRaftLogWorker:Storage Directory /workdir/hadoop-ozone/integration-test/target/test-dir/MiniOzoneClusterImpl-fbf2683a-c8d7-46fa-a564-419916e3e42d/datanode-4/data/ratis/0a60156a-9808-43cd-b262-342fdb6b7efd] INFO  segmented.SegmentedRaftLogWorker (SegmentedRaftLogWorker.java:run(313)) - adc7ce4f-a574-4e1f-927c-4aeedb5bfc3b-SegmentedRaftLogWorker:Storage Directory /workdir/hadoop-ozone/integration-test/target/test-dir/MiniOzoneClusterImpl-fbf2683a-c8d7-46fa-a564-419916e3e42d/datanode-4/data/ratis/0a60156a-9808-43cd-b262-342fdb6b7efd was interrupted, exiting. There are 0 tasks remaining in the queue.
2019-09-04 10:17:21,326 [47c468d8-6fe5-4042-9a7f-b5fec722af60-SegmentedRaftLogWorker:Storage Directory /workdir/hadoop-ozone/integration-test/target/test-dir/MiniOzoneClusterImpl-fbf2683a-c8d7-46fa-a564-419916e3e42d/datanode-1/data/ratis/79cc8709-3d79-41d2-8bef-9d59753b7428] INFO  segmented.SegmentedRaftLogWorker (SegmentedRaftLogWorker.java:run(313)) - 47c468d8-6fe5-4042-9a7f-b5fec722af60-SegmentedRaftLogWorker:Storage Directory /workdir/hadoop-ozone/integration-test/target/test-dir/MiniOzoneClusterImpl-fbf2683a-c8d7-46fa-a564-419916e3e42d/datanode-1/data/ratis/79cc8709-3d79-41d2-8bef-9d59753b7428 was interrupted, exiting. There are 0 tasks remaining in the queue.
2019-09-04 10:17:21,327 [main] INFO  segmented.SegmentedRaftLogWorker (SegmentedRaftLogWorker.java:close(228)) - adc7ce4f-a574-4e1f-927c-4aeedb5bfc3b-SegmentedRaftLogWorker:Storage Directory /workdir/hadoop-ozone/integration-test/target/test-dir/MiniOzoneClusterImpl-fbf2683a-c8d7-46fa-a564-419916e3e42d/datanode-4/data/ratis/0a60156a-9808-43cd-b262-342fdb6b7efd close()
2019-09-04 10:17:21,327 [ForkJoinPool.commonPool-worker-0] INFO  segmented.SegmentedRaftLogWorker (SegmentedRaftLogWorker.java:close(228)) - 47c468d8-6fe5-4042-9a7f-b5fec722af60-SegmentedRaftLogWorker:Storage Directory /workdir/hadoop-ozone/integration-test/target/test-dir/MiniOzoneClusterImpl-fbf2683a-c8d7-46fa-a564-419916e3e42d/datanode-1/data/ratis/79cc8709-3d79-41d2-8bef-9d59753b7428 close()
2019-09-04 10:17:21,329 [main] INFO  server.GrpcService (GrpcService.java:closeImpl(155)) - adc7ce4f-a574-4e1f-927c-4aeedb5bfc3b: shutdown server with port 38067 now
2019-09-04 10:17:21,330 [ForkJoinPool.commonPool-worker-0] INFO  server.GrpcService (GrpcService.java:closeImpl(155)) - 47c468d8-6fe5-4042-9a7f-b5fec722af60: shutdown server with port 36722 now
2019-09-04 10:17:21,331 [grpc-default-executor-1] WARN  server.GrpcServerProtocolService (LogUtils.java:warn(134)) - adc7ce4f-a574-4e1f-927c-4aeedb5bfc3b: appendEntries onError: org.apache.ratis.thirdparty.io.grpc.StatusRuntimeException: CANCELLED: cancelled before receiving half close
2019-09-04 10:17:21,331 [ForkJoinPool.commonPool-worker-0] INFO  server.GrpcService (GrpcService.java:closeImpl(163)) - 47c468d8-6fe5-4042-9a7f-b5fec722af60: shutdown server with port 36722 successfully
2019-09-04 10:17:21,331 [grpc-default-executor-10] WARN  server.GrpcServerProtocolService (LogUtils.java:warn(134)) - 47c468d8-6fe5-4042-9a7f-b5fec722af60: appendEntries onError: org.apache.ratis.thirdparty.io.grpc.StatusRuntimeException: CANCELLED: cancelled before receiving half close
2019-09-04 10:17:21,332 [grpc-default-executor-11] WARN  server.GrpcLogAppender (LogUtils.java:warn(134)) - d2bc92ad-7d78-408f-a6ab-434098f1c8bb->adc7ce4f-a574-4e1f-927c-4aeedb5bfc3b: Failed appendEntries: org.apache.ratis.thirdparty.io.grpc.StatusRuntimeException: CANCELLED: HTTP/2 error code: CANCEL
Received Rst Stream
2019-09-04 10:17:21,332 [ForkJoinPool.commonPool-worker-0] INFO  utils.BackgroundService (BackgroundService.java:shutdown(148)) - Shutting down service BlockDeletingService
2019-09-04 10:17:21,335 [grpc-default-executor-11] INFO  impl.FollowerInfo (FollowerInfo.java:lambda$new$0(50)) - d2bc92ad-7d78-408f-a6ab-434098f1c8bb->adc7ce4f-a574-4e1f-927c-4aeedb5bfc3b: nextIndex: updateUnconditionally 5 -> 4
2019-09-04 10:17:21,335 [main] INFO  server.GrpcService (GrpcService.java:closeImpl(163)) - adc7ce4f-a574-4e1f-927c-4aeedb5bfc3b: shutdown server with port 38067 successfully
2019-09-04 10:17:21,336 [grpc-default-executor-1] WARN  server.GrpcLogAppender (LogUtils.java:warn(134)) - 8ef0ae79-a58d-4d32-ad9c-cca36b501167->47c468d8-6fe5-4042-9a7f-b5fec722af60: Failed appendEntries: org.apache.ratis.thirdparty.io.grpc.StatusRuntimeException: CANCELLED: HTTP/2 error code: CANCEL
Received Rst Stream
2019-09-04 10:17:21,336 [refreshUsed-/workdir/hadoop-ozone/integration-test/target/test-dir/MiniOzoneClusterImpl-fbf2683a-c8d7-46fa-a564-419916e3e42d/datanode-1/data/containers] WARN  fs.CachingGetSpaceUsed (CachingGetSpaceUsed.java:run(183)) - Thread Interrupted waiting to refresh disk information: sleep interrupted
2019-09-04 10:17:21,337 [grpc-default-executor-1] INFO  impl.FollowerInfo (FollowerInfo.java:lambda$new$0(50)) - 8ef0ae79-a58d-4d32-ad9c-cca36b501167->47c468d8-6fe5-4042-9a7f-b5fec722af60: nextIndex: updateUnconditionally 17 -> 16
2019-09-04 10:17:21,339 [main] INFO  utils.BackgroundService (BackgroundService.java:shutdown(148)) - Shutting down service BlockDeletingService
2019-09-04 10:17:21,340 [refreshUsed-/workdir/hadoop-ozone/integration-test/target/test-dir/MiniOzoneClusterImpl-fbf2683a-c8d7-46fa-a564-419916e3e42d/datanode-4/data/containers] WARN  fs.CachingGetSpaceUsed (CachingGetSpaceUsed.java:run(183)) - Thread Interrupted waiting to refresh disk information: sleep interrupted
2019-09-04 10:17:21,357 [main] INFO  statemachine.DatanodeStateMachine (DatanodeStateMachine.java:stopDaemon(395)) - Ozone container server stopped.
2019-09-04 10:17:21,358 [main] INFO  handler.ContextHandler (ContextHandler.java:doStop(910)) - Stopped o.e.j.w.WebAppContext@faa70af{/,null,UNAVAILABLE}{/hddsDatanode}
2019-09-04 10:17:21,358 [main] INFO  server.AbstractConnector (AbstractConnector.java:doStop(318)) - Stopped ServerConnector@14aeb8e6{HTTP/1.1,[http/1.1]}{0.0.0.0:0}
2019-09-04 10:17:21,359 [main] INFO  handler.ContextHandler (ContextHandler.java:doStop(910)) - Stopped o.e.j.s.ServletContextHandler@7065ae93{/static,jar:file:/home/user/.m2/repository/org/apache/hadoop/hadoop-hdds-container-service/0.5.0-SNAPSHOT/hadoop-hdds-container-service-0.5.0-SNAPSHOT.jar!/webapps/static,UNAVAILABLE}
2019-09-04 10:17:21,359 [main] INFO  handler.ContextHandler (ContextHandler.java:doStop(910)) - Stopped o.e.j.s.ServletContextHandler@7dc155b3{/logs,file:///workdir/hadoop-ozone/integration-test/target/log,UNAVAILABLE}
2019-09-04 10:17:21,364 [ForkJoinPool.commonPool-worker-0] INFO  statemachine.DatanodeStateMachine (DatanodeStateMachine.java:stopDaemon(395)) - Ozone container server stopped.
2019-09-04 10:17:21,364 [main] INFO  datanode.ObjectStoreHandler (ObjectStoreHandler.java:close(155)) - Closing ObjectStoreHandler.
2019-09-04 10:17:21,369 [main] INFO  ozone.HddsDatanodeService (HddsDatanodeService.java:stop(451)) - Stopped plug-in org.apache.hadoop.ozone.web.OzoneHddsDatanodeService@3d2162c5
2019-09-04 10:17:21,369 [ForkJoinPool.commonPool-worker-0] INFO  handler.ContextHandler (ContextHandler.java:doStop(910)) - Stopped o.e.j.w.WebAppContext@738ce295{/,null,UNAVAILABLE}{/hddsDatanode}
2019-09-04 10:17:21,369 [ForkJoinPool.commonPool-worker-0] INFO  server.AbstractConnector (AbstractConnector.java:doStop(318)) - Stopped ServerConnector@2ae62f7{HTTP/1.1,[http/1.1]}{0.0.0.0:0}
2019-09-04 10:17:21,369 [grpc-default-executor-11] WARN  server.GrpcLogAppender (LogUtils.java:warn(134)) - 8ef0ae79-a58d-4d32-ad9c-cca36b501167->47c468d8-6fe5-4042-9a7f-b5fec722af60: Failed appendEntries: org.apache.ratis.thirdparty.io.grpc.StatusRuntimeException: UNAVAILABLE: io exception
2019-09-04 10:17:21,371 [ForkJoinPool.commonPool-worker-0] INFO  handler.ContextHandler (ContextHandler.java:doStop(910)) - Stopped o.e.j.s.ServletContextHandler@66b65360{/static,jar:file:/home/user/.m2/repository/org/apache/hadoop/hadoop-hdds-container-service/0.5.0-SNAPSHOT/hadoop-hdds-container-service-0.5.0-SNAPSHOT.jar!/webapps/static,UNAVAILABLE}
2019-09-04 10:17:21,371 [grpc-default-executor-11] INFO  impl.FollowerInfo (FollowerInfo.java:lambda$new$0(50)) - 8ef0ae79-a58d-4d32-ad9c-cca36b501167->47c468d8-6fe5-4042-9a7f-b5fec722af60: nextIndex: updateUnconditionally 16 -> 15
2019-09-04 10:17:21,372 [ForkJoinPool.commonPool-worker-0] INFO  handler.ContextHandler (ContextHandler.java:doStop(910)) - Stopped o.e.j.s.ServletContextHandler@1233f419{/logs,file:///workdir/hadoop-ozone/integration-test/target/log,UNAVAILABLE}
2019-09-04 10:17:21,373 [ForkJoinPool.commonPool-worker-0] INFO  datanode.ObjectStoreHandler (ObjectStoreHandler.java:close(155)) - Closing ObjectStoreHandler.
2019-09-04 10:17:21,373 [ForkJoinPool.commonPool-worker-0] INFO  ozone.HddsDatanodeService (HddsDatanodeService.java:stop(451)) - Stopped plug-in org.apache.hadoop.ozone.web.OzoneHddsDatanodeService@25892fe3
2019-09-04 10:17:21,462 [Datanode State Machine Thread - 0] INFO  statemachine.DatanodeStateMachine (DatanodeStateMachine.java:lambda$startDaemon$0(350)) - Ozone container server started.
2019-09-04 10:17:21,463 | INFO  | SCMAudit | user=jenkins1000 | ip=192.168.36.67 | op=SEND_HEARTBEAT {datanodeUUID=5a7a11a7-685d-4dd4-88fb-b8c69093e530, command=[commandType: closeContainerCommand closeContainerCommandProto { containerID: 1 pipelineID { id: "1e8b4ec0-ac16-456b-a02d-db5b8b2b2db8" } cmdId: 1 force: false } ]} | ret=SUCCESS |  
2019-09-04 10:17:21,977 | INFO  | SCMAudit | user=jenkins1000 | ip=192.168.36.67 | op=SEND_HEARTBEAT {datanodeUUID=2db1d6fe-cbe4-4547-a727-a515e5c0c878, command=[]} | ret=SUCCESS |  
2019-09-04 10:17:22,068 [Datanode State Machine Thread - 0] INFO  statemachine.DatanodeStateMachine (DatanodeStateMachine.java:lambda$startDaemon$0(350)) - Ozone container server started.
2019-09-04 10:17:22,069 | INFO  | SCMAudit | user=jenkins1000 | ip=192.168.36.67 | op=SEND_HEARTBEAT {datanodeUUID=d2bc92ad-7d78-408f-a6ab-434098f1c8bb, command=[commandType: closeContainerCommand closeContainerCommandProto { containerID: 2 pipelineID { id: "efa49272-f0f4-48c0-84b3-fd19a9f8b1a0" } cmdId: 2 force: false } ]} | ret=SUCCESS |  
2019-09-04 10:17:22,463 | INFO  | SCMAudit | user=jenkins1000 | ip=192.168.36.67 | op=SEND_HEARTBEAT {datanodeUUID=5a7a11a7-685d-4dd4-88fb-b8c69093e530, command=[]} | ret=SUCCESS |  
2019-09-04 10:17:22,978 | INFO  | SCMAudit | user=jenkins1000 | ip=192.168.36.67 | op=SEND_HEARTBEAT {datanodeUUID=2db1d6fe-cbe4-4547-a727-a515e5c0c878, command=[]} | ret=SUCCESS |  
2019-09-04 10:17:23,068 | INFO  | SCMAudit | user=jenkins1000 | ip=192.168.36.67 | op=SEND_HEARTBEAT {datanodeUUID=d2bc92ad-7d78-408f-a6ab-434098f1c8bb, command=[]} | ret=SUCCESS |  
2019-09-04 10:17:23,463 | INFO  | SCMAudit | user=jenkins1000 | ip=192.168.36.67 | op=SEND_HEARTBEAT {datanodeUUID=5a7a11a7-685d-4dd4-88fb-b8c69093e530, command=[]} | ret=SUCCESS |  
2019-09-04 10:17:23,490 | INFO  | SCMAudit | user=jenkins1000 | ip=192.168.36.67 | op=SEND_HEARTBEAT {datanodeUUID=5a7a11a7-685d-4dd4-88fb-b8c69093e530, command=[]} | ret=SUCCESS |  
2019-09-04 10:17:23,623 [grpc-default-executor-10] WARN  server.GrpcLogAppender (LogUtils.java:warn(134)) - d2bc92ad-7d78-408f-a6ab-434098f1c8bb->adc7ce4f-a574-4e1f-927c-4aeedb5bfc3b: Failed appendEntries: org.apache.ratis.thirdparty.io.grpc.StatusRuntimeException: UNAVAILABLE: io exception
2019-09-04 10:17:23,623 [grpc-default-executor-10] INFO  impl.FollowerInfo (FollowerInfo.java:lambda$new$0(50)) - d2bc92ad-7d78-408f-a6ab-434098f1c8bb->adc7ce4f-a574-4e1f-927c-4aeedb5bfc3b: nextIndex: updateUnconditionally 4 -> 3
2019-09-04 10:17:23,869 [grpc-default-executor-11] WARN  server.GrpcLogAppender (LogUtils.java:warn(134)) - 8ef0ae79-a58d-4d32-ad9c-cca36b501167->47c468d8-6fe5-4042-9a7f-b5fec722af60: Failed appendEntries: org.apache.ratis.thirdparty.io.grpc.StatusRuntimeException: UNAVAILABLE: io exception
2019-09-04 10:17:23,869 [grpc-default-executor-11] INFO  impl.FollowerInfo (FollowerInfo.java:lambda$new$0(50)) - 8ef0ae79-a58d-4d32-ad9c-cca36b501167->47c468d8-6fe5-4042-9a7f-b5fec722af60: nextIndex: updateUnconditionally 15 -> 14
2019-09-04 10:17:23,978 | INFO  | SCMAudit | user=jenkins1000 | ip=192.168.36.67 | op=SEND_HEARTBEAT {datanodeUUID=2db1d6fe-cbe4-4547-a727-a515e5c0c878, command=[]} | ret=SUCCESS |  
2019-09-04 10:17:24,069 | INFO  | SCMAudit | user=jenkins1000 | ip=192.168.36.67 | op=SEND_HEARTBEAT {datanodeUUID=d2bc92ad-7d78-408f-a6ab-434098f1c8bb, command=[]} | ret=SUCCESS |  
2019-09-04 10:17:24,083 | INFO  | SCMAudit | user=jenkins1000 | ip=192.168.36.67 | op=SEND_HEARTBEAT {datanodeUUID=d2bc92ad-7d78-408f-a6ab-434098f1c8bb, command=[]} | ret=SUCCESS |  
2019-09-04 10:17:24,085 [grpc-default-executor-10] WARN  server.GrpcLogAppender (LogUtils.java:warn(134)) - d2bc92ad-7d78-408f-a6ab-434098f1c8bb->adc7ce4f-a574-4e1f-927c-4aeedb5bfc3b: Failed appendEntries: org.apache.ratis.thirdparty.io.grpc.StatusRuntimeException: UNAVAILABLE: io exception
2019-09-04 10:17:24,085 [grpc-default-executor-10] INFO  impl.FollowerInfo (FollowerInfo.java:lambda$new$0(50)) - d2bc92ad-7d78-408f-a6ab-434098f1c8bb->adc7ce4f-a574-4e1f-927c-4aeedb5bfc3b: nextIndex: updateUnconditionally 4 -> 3
2019-09-04 10:17:24,096 [grpc-default-executor-11] WARN  server.GrpcLogAppender (LogUtils.java:warn(134)) - d2bc92ad-7d78-408f-a6ab-434098f1c8bb->adc7ce4f-a574-4e1f-927c-4aeedb5bfc3b: Failed appendEntries: org.apache.ratis.thirdparty.io.grpc.StatusRuntimeException: UNAVAILABLE: io exception
2019-09-04 10:17:24,096 [grpc-default-executor-11] INFO  impl.FollowerInfo (FollowerInfo.java:lambda$new$0(50)) - d2bc92ad-7d78-408f-a6ab-434098f1c8bb->adc7ce4f-a574-4e1f-927c-4aeedb5bfc3b: nextIndex: updateUnconditionally 4 -> 3
2019-09-04 10:17:24,110 [grpc-default-executor-11] WARN  server.GrpcLogAppender (LogUtils.java:warn(134)) - d2bc92ad-7d78-408f-a6ab-434098f1c8bb->adc7ce4f-a574-4e1f-927c-4aeedb5bfc3b: Failed appendEntries: org.apache.ratis.thirdparty.io.grpc.StatusRuntimeException: UNAVAILABLE: io exception
2019-09-04 10:17:24,110 [grpc-default-executor-11] INFO  impl.FollowerInfo (FollowerInfo.java:lambda$new$0(50)) - d2bc92ad-7d78-408f-a6ab-434098f1c8bb->adc7ce4f-a574-4e1f-927c-4aeedb5bfc3b: nextIndex: updateUnconditionally 4 -> 3
2019-09-04 10:17:24,132 [RatisApplyTransactionExecutor 2] INFO  interfaces.Container (KeyValueContainer.java:flushAndSyncDB(382)) - Container 2 is synced with bcsId 3.
2019-09-04 10:17:24,132 [RatisApplyTransactionExecutor 2] INFO  interfaces.Container (KeyValueContainer.java:flushAndSyncDB(382)) - Container 2 is synced with bcsId 3.
2019-09-04 10:17:24,146 [RatisApplyTransactionExecutor 2] INFO  interfaces.Container (KeyValueContainer.java:flushAndSyncDB(382)) - Container 2 is synced with bcsId 3.
2019-09-04 10:17:24,146 [RatisApplyTransactionExecutor 2] INFO  interfaces.Container (KeyValueContainer.java:flushAndSyncDB(382)) - Container 2 is synced with bcsId 3.
2019-09-04 10:17:24,147 | INFO  | DNAudit | user=null | ip=null | op=CLOSE_CONTAINER {containerID=2} | ret=SUCCESS |  
2019-09-04 10:17:24,147 | INFO  | SCMAudit | user=jenkins1000 | ip=192.168.36.67 | op=SEND_HEARTBEAT {datanodeUUID=d2bc92ad-7d78-408f-a6ab-434098f1c8bb, command=[]} | ret=SUCCESS |  
2019-09-04 10:17:24,147 [EventQueue-IncrementalContainerReportForIncrementalContainerReportHandler] INFO  container.IncrementalContainerReportHandler (AbstractContainerReportHandler.java:updateContainerState(176)) - Moving container #2 to CLOSED state, datanode d2bc92ad-7d78-408f-a6ab-434098f1c8bb{ip: 192.168.36.67, host: pr-hdds-1569-fjd24-125839774, networkLocation: /default-rack, certSerialId: null} reported CLOSED replica.
2019-09-04 10:17:24,160 | INFO  | DNAudit | user=null | ip=null | op=CLOSE_CONTAINER {containerID=2} | ret=SUCCESS |  
2019-09-04 10:17:24,490 | INFO  | SCMAudit | user=jenkins1000 | ip=192.168.36.67 | op=SEND_HEARTBEAT {datanodeUUID=5a7a11a7-685d-4dd4-88fb-b8c69093e530, command=[]} | ret=SUCCESS |  
2019-09-04 10:17:24,978 | INFO  | SCMAudit | user=jenkins1000 | ip=192.168.36.67 | op=SEND_HEARTBEAT {datanodeUUID=2db1d6fe-cbe4-4547-a727-a515e5c0c878, command=[]} | ret=SUCCESS |  
2019-09-04 10:17:25,148 | INFO  | SCMAudit | user=jenkins1000 | ip=192.168.36.67 | op=SEND_HEARTBEAT {datanodeUUID=d2bc92ad-7d78-408f-a6ab-434098f1c8bb, command=[]} | ret=SUCCESS |  
2019-09-04 10:17:25,491 | INFO  | SCMAudit | user=jenkins1000 | ip=192.168.36.67 | op=SEND_HEARTBEAT {datanodeUUID=5a7a11a7-685d-4dd4-88fb-b8c69093e530, command=[]} | ret=SUCCESS |  
2019-09-04 10:17:25,534 [EventQueue-StaleNodeForStaleNodeHandler] INFO  node.StaleNodeHandler (StaleNodeHandler.java:onMessage(58)) - Datanode 8ef0ae79-a58d-4d32-ad9c-cca36b501167{ip: 192.168.36.67, host: pr-hdds-1569-fjd24-125839774, networkLocation: /default-rack, certSerialId: null} moved to stale state. Finalizing its pipelines [PipelineID=1e8b4ec0-ac16-456b-a02d-db5b8b2b2db8, PipelineID=45c90e68-89ad-4369-b460-eb0718cdbee8]
2019-09-04 10:17:25,535 [EventQueue-StaleNodeForStaleNodeHandler] INFO  pipeline.SCMPipelineManager (SCMPipelineManager.java:finalizeAndDestroyPipeline(309)) - destroying pipeline:Pipeline[ Id: 1e8b4ec0-ac16-456b-a02d-db5b8b2b2db8, Nodes: 47c468d8-6fe5-4042-9a7f-b5fec722af60{ip: 192.168.36.67, host: pr-hdds-1569-fjd24-125839774, networkLocation: /default-rack, certSerialId: null}5a7a11a7-685d-4dd4-88fb-b8c69093e530{ip: 192.168.36.67, host: pr-hdds-1569-fjd24-125839774, networkLocation: /default-rack, certSerialId: null}8ef0ae79-a58d-4d32-ad9c-cca36b501167{ip: 192.168.36.67, host: pr-hdds-1569-fjd24-125839774, networkLocation: /default-rack, certSerialId: null}, Type:RATIS, Factor:THREE, State:CLOSED]
2019-09-04 10:17:25,535 [EventQueue-StaleNodeForStaleNodeHandler] INFO  pipeline.SCMPipelineManager (SCMPipelineManager.java:finalizeAndDestroyPipeline(309)) - destroying pipeline:Pipeline[ Id: 45c90e68-89ad-4369-b460-eb0718cdbee8, Nodes: 8ef0ae79-a58d-4d32-ad9c-cca36b501167{ip: 192.168.36.67, host: pr-hdds-1569-fjd24-125839774, networkLocation: /default-rack, certSerialId: null}, Type:RATIS, Factor:ONE, State:OPEN]
2019-09-04 10:17:25,535 [EventQueue-StaleNodeForStaleNodeHandler] INFO  pipeline.PipelineStateManager (PipelineStateManager.java:finalizePipeline(123)) - Pipeline Pipeline[ Id: 45c90e68-89ad-4369-b460-eb0718cdbee8, Nodes: 8ef0ae79-a58d-4d32-ad9c-cca36b501167{ip: 192.168.36.67, host: pr-hdds-1569-fjd24-125839774, networkLocation: /default-rack, certSerialId: null}, Type:RATIS, Factor:ONE, State:CLOSED] moved to CLOSED state
2019-09-04 10:17:25,979 | INFO  | SCMAudit | user=jenkins1000 | ip=192.168.36.67 | op=SEND_HEARTBEAT {datanodeUUID=2db1d6fe-cbe4-4547-a727-a515e5c0c878, command=[]} | ret=SUCCESS |  
2019-09-04 10:17:26,135 [EventQueue-StaleNodeForStaleNodeHandler] INFO  node.StaleNodeHandler (StaleNodeHandler.java:onMessage(58)) - Datanode a8339521-9748-4b3f-93ce-dabf586a78fe{ip: 192.168.36.67, host: pr-hdds-1569-fjd24-125839774, networkLocation: /default-rack, certSerialId: null} moved to stale state. Finalizing its pipelines [PipelineID=efa49272-f0f4-48c0-84b3-fd19a9f8b1a0, PipelineID=65b4e5df-e0f9-4c7a-a021-ae8a2ada5770]
2019-09-04 10:17:26,135 [EventQueue-StaleNodeForStaleNodeHandler] INFO  pipeline.SCMPipelineManager (SCMPipelineManager.java:finalizeAndDestroyPipeline(309)) - destroying pipeline:Pipeline[ Id: efa49272-f0f4-48c0-84b3-fd19a9f8b1a0, Nodes: a8339521-9748-4b3f-93ce-dabf586a78fe{ip: 192.168.36.67, host: pr-hdds-1569-fjd24-125839774, networkLocation: /default-rack, certSerialId: null}adc7ce4f-a574-4e1f-927c-4aeedb5bfc3b{ip: 192.168.36.67, host: pr-hdds-1569-fjd24-125839774, networkLocation: /default-rack, certSerialId: null}d2bc92ad-7d78-408f-a6ab-434098f1c8bb{ip: 192.168.36.67, host: pr-hdds-1569-fjd24-125839774, networkLocation: /default-rack, certSerialId: null}, Type:RATIS, Factor:THREE, State:CLOSED]
2019-09-04 10:17:26,135 [EventQueue-StaleNodeForStaleNodeHandler] INFO  pipeline.SCMPipelineManager (SCMPipelineManager.java:finalizeAndDestroyPipeline(309)) - destroying pipeline:Pipeline[ Id: 65b4e5df-e0f9-4c7a-a021-ae8a2ada5770, Nodes: a8339521-9748-4b3f-93ce-dabf586a78fe{ip: 192.168.36.67, host: pr-hdds-1569-fjd24-125839774, networkLocation: /default-rack, certSerialId: null}, Type:RATIS, Factor:ONE, State:OPEN]
2019-09-04 10:17:26,135 [EventQueue-StaleNodeForStaleNodeHandler] INFO  pipeline.PipelineStateManager (PipelineStateManager.java:finalizePipeline(123)) - Pipeline Pipeline[ Id: 65b4e5df-e0f9-4c7a-a021-ae8a2ada5770, Nodes: a8339521-9748-4b3f-93ce-dabf586a78fe{ip: 192.168.36.67, host: pr-hdds-1569-fjd24-125839774, networkLocation: /default-rack, certSerialId: null}, Type:RATIS, Factor:ONE, State:CLOSED] moved to CLOSED state
2019-09-04 10:17:26,148 | INFO  | SCMAudit | user=jenkins1000 | ip=192.168.36.67 | op=SEND_HEARTBEAT {datanodeUUID=d2bc92ad-7d78-408f-a6ab-434098f1c8bb, command=[]} | ret=SUCCESS |  
2019-09-04 10:17:26,369 [main] INFO  ozoneimpl.OzoneContainer (OzoneContainer.java:stop(199)) - Attempting to stop container services.
2019-09-04 10:17:26,370 [grpc-default-executor-10] WARN  server.GrpcLogAppender (LogUtils.java:warn(134)) - 8ef0ae79-a58d-4d32-ad9c-cca36b501167->47c468d8-6fe5-4042-9a7f-b5fec722af60: Failed appendEntries: org.apache.ratis.thirdparty.io.grpc.StatusRuntimeException: UNAVAILABLE: io exception
2019-09-04 10:17:26,370 [main] INFO  impl.RaftServerProxy (RaftServerProxy.java:lambda$close$4(314)) - a8339521-9748-4b3f-93ce-dabf586a78fe: close
2019-09-04 10:17:26,371 [grpc-default-executor-10] INFO  impl.FollowerInfo (FollowerInfo.java:lambda$new$0(50)) - 8ef0ae79-a58d-4d32-ad9c-cca36b501167->47c468d8-6fe5-4042-9a7f-b5fec722af60: nextIndex: updateUnconditionally 14 -> 13
2019-09-04 10:17:26,371 [main] INFO  impl.RaftServerImpl (RaftServerImpl.java:lambda$shutdown$3(245)) - a8339521-9748-4b3f-93ce-dabf586a78fe: shutdown group-FD19A9F8B1A0
2019-09-04 10:17:26,371 [main] INFO  util.JmxRegister (JmxRegister.java:unregister(73)) - Successfully un-registered JMX Bean with object name Ratis:service=RaftServer,group=group-FD19A9F8B1A0,id=a8339521-9748-4b3f-93ce-dabf586a78fe
2019-09-04 10:17:26,372 [main] INFO  impl.RoleInfo (RoleInfo.java:shutdownFollowerState(121)) - a8339521-9748-4b3f-93ce-dabf586a78fe: shutdown FollowerState
2019-09-04 10:17:26,372 [main] INFO  impl.StateMachineUpdater (StateMachineUpdater.java:stopAndJoin(115)) - StateMachineUpdater:a8339521-9748-4b3f-93ce-dabf586a78fe:group-FD19A9F8B1A0: set stopIndex = 5
2019-09-04 10:17:26,372 [StateMachineUpdater:a8339521-9748-4b3f-93ce-dabf586a78fe:group-FD19A9F8B1A0] INFO  ratis.ContainerStateMachine (ContainerStateMachine.java:takeSnapshot(283)) - group-FD19A9F8B1A0: Taking a snapshot at:(t:1, i:5) file /workdir/hadoop-ozone/integration-test/target/test-dir/MiniOzoneClusterImpl-fbf2683a-c8d7-46fa-a564-419916e3e42d/datanode-3/data/ratis/efa49272-f0f4-48c0-84b3-fd19a9f8b1a0/sm/snapshot.1_5
2019-09-04 10:17:26,372 [Thread-4758] INFO  impl.FollowerState (FollowerState.java:run(114)) - a8339521-9748-4b3f-93ce-dabf586a78fe: FollowerState was interrupted: java.lang.InterruptedException: sleep interrupted
2019-09-04 10:17:26,375 [ForkJoinPool.commonPool-worker-0] INFO  ozoneimpl.OzoneContainer (OzoneContainer.java:stop(199)) - Attempting to stop container services.
2019-09-04 10:17:26,376 [ForkJoinPool.commonPool-worker-0] INFO  impl.RaftServerProxy (RaftServerProxy.java:lambda$close$4(314)) - 8ef0ae79-a58d-4d32-ad9c-cca36b501167: close
2019-09-04 10:17:26,376 [ForkJoinPool.commonPool-worker-0] INFO  impl.RaftServerImpl (RaftServerImpl.java:lambda$shutdown$3(245)) - 8ef0ae79-a58d-4d32-ad9c-cca36b501167: shutdown group-DB5B8B2B2DB8
2019-09-04 10:17:26,377 [ForkJoinPool.commonPool-worker-0] INFO  util.JmxRegister (JmxRegister.java:unregister(73)) - Successfully un-registered JMX Bean with object name Ratis:service=RaftServer,group=group-DB5B8B2B2DB8,id=8ef0ae79-a58d-4d32-ad9c-cca36b501167
2019-09-04 10:17:26,377 [ForkJoinPool.commonPool-worker-0] INFO  impl.RoleInfo (RoleInfo.java:shutdownLeaderState(104)) - 8ef0ae79-a58d-4d32-ad9c-cca36b501167: shutdown LeaderState
2019-09-04 10:17:26,380 [ForkJoinPool.commonPool-worker-0] INFO  impl.PendingRequests (PendingRequests.java:sendNotLeaderResponses(202)) - 8ef0ae79-a58d-4d32-ad9c-cca36b501167-PendingRequests: sendNotLeaderResponses
2019-09-04 10:17:26,380 [org.apache.ratis.server.impl.LogAppender$AppenderDaemon$$Lambda$482/1067825500@84325d0] WARN  server.GrpcLogAppender (GrpcLogAppender.java:mayWait(143)) - GrpcLogAppender(8ef0ae79-a58d-4d32-ad9c-cca36b501167->5a7a11a7-685d-4dd4-88fb-b8c69093e530): Wait interrupted by java.lang.InterruptedException
2019-09-04 10:17:26,380 [org.apache.ratis.server.impl.LogAppender$AppenderDaemon$$Lambda$482/1067825500@4d41aabc] WARN  server.GrpcLogAppender (GrpcLogAppender.java:mayWait(143)) - GrpcLogAppender(8ef0ae79-a58d-4d32-ad9c-cca36b501167->47c468d8-6fe5-4042-9a7f-b5fec722af60): Wait interrupted by java.lang.InterruptedException
2019-09-04 10:17:26,383 [ForkJoinPool.commonPool-worker-0] INFO  impl.StateMachineUpdater (StateMachineUpdater.java:stopAndJoin(115)) - StateMachineUpdater:8ef0ae79-a58d-4d32-ad9c-cca36b501167:group-DB5B8B2B2DB8: set stopIndex = 16
2019-09-04 10:17:26,384 [grpc-default-executor-10] INFO  server.GrpcServerProtocolService (GrpcServerProtocolService.java:onCompleted(104)) - 5a7a11a7-685d-4dd4-88fb-b8c69093e530: appendEntries completed
2019-09-04 10:17:26,384 [StateMachineUpdater:8ef0ae79-a58d-4d32-ad9c-cca36b501167:group-DB5B8B2B2DB8] INFO  ratis.ContainerStateMachine (ContainerStateMachine.java:takeSnapshot(283)) - group-DB5B8B2B2DB8: Taking a snapshot at:(t:1, i:15) file /workdir/hadoop-ozone/integration-test/target/test-dir/MiniOzoneClusterImpl-fbf2683a-c8d7-46fa-a564-419916e3e42d/datanode-2/data/ratis/1e8b4ec0-ac16-456b-a02d-db5b8b2b2db8/sm/snapshot.1_15
2019-09-04 10:17:26,384 [grpc-default-executor-10] INFO  server.GrpcLogAppender (GrpcLogAppender.java:onCompleted(292)) - 8ef0ae79-a58d-4d32-ad9c-cca36b501167->5a7a11a7-685d-4dd4-88fb-b8c69093e530: follower responses appendEntries COMPLETED
2019-09-04 10:17:26,385 [grpc-default-executor-10] INFO  impl.FollowerInfo (FollowerInfo.java:lambda$new$0(50)) - 8ef0ae79-a58d-4d32-ad9c-cca36b501167->5a7a11a7-685d-4dd4-88fb-b8c69093e530: nextIndex: updateUnconditionally 17 -> 16
2019-09-04 10:17:26,388 [StateMachineUpdater:8ef0ae79-a58d-4d32-ad9c-cca36b501167:group-DB5B8B2B2DB8] INFO  ratis.ContainerStateMachine (ContainerStateMachine.java:takeSnapshot(294)) - group-DB5B8B2B2DB8: Finished taking a snapshot at:(t:1, i:15) file:/workdir/hadoop-ozone/integration-test/target/test-dir/MiniOzoneClusterImpl-fbf2683a-c8d7-46fa-a564-419916e3e42d/datanode-2/data/ratis/1e8b4ec0-ac16-456b-a02d-db5b8b2b2db8/sm/snapshot.1_15 time:5
2019-09-04 10:17:26,388 [StateMachineUpdater:a8339521-9748-4b3f-93ce-dabf586a78fe:group-FD19A9F8B1A0] INFO  ratis.ContainerStateMachine (ContainerStateMachine.java:takeSnapshot(294)) - group-FD19A9F8B1A0: Finished taking a snapshot at:(t:1, i:5) file:/workdir/hadoop-ozone/integration-test/target/test-dir/MiniOzoneClusterImpl-fbf2683a-c8d7-46fa-a564-419916e3e42d/datanode-3/data/ratis/efa49272-f0f4-48c0-84b3-fd19a9f8b1a0/sm/snapshot.1_5 time:17
2019-09-04 10:17:26,389 [StateMachineUpdater:a8339521-9748-4b3f-93ce-dabf586a78fe:group-FD19A9F8B1A0] INFO  impl.StateMachineUpdater (StateMachineUpdater.java:takeSnapshot(242)) - StateMachineUpdater:a8339521-9748-4b3f-93ce-dabf586a78fe:group-FD19A9F8B1A0: Took a snapshot at index 5
2019-09-04 10:17:26,389 [StateMachineUpdater:8ef0ae79-a58d-4d32-ad9c-cca36b501167:group-DB5B8B2B2DB8] INFO  impl.StateMachineUpdater (StateMachineUpdater.java:takeSnapshot(242)) - StateMachineUpdater:8ef0ae79-a58d-4d32-ad9c-cca36b501167:group-DB5B8B2B2DB8: Took a snapshot at index 15
2019-09-04 10:17:26,389 [StateMachineUpdater:a8339521-9748-4b3f-93ce-dabf586a78fe:group-FD19A9F8B1A0] INFO  impl.StateMachineUpdater (StateMachineUpdater.java:lambda$new$0(80)) - StateMachineUpdater:a8339521-9748-4b3f-93ce-dabf586a78fe:group-FD19A9F8B1A0: snapshotIndex: updateIncreasingly -1 -> 5
2019-09-04 10:17:26,389 [StateMachineUpdater:8ef0ae79-a58d-4d32-ad9c-cca36b501167:group-DB5B8B2B2DB8] INFO  impl.StateMachineUpdater (StateMachineUpdater.java:lambda$new$0(80)) - StateMachineUpdater:8ef0ae79-a58d-4d32-ad9c-cca36b501167:group-DB5B8B2B2DB8: snapshotIndex: updateIncreasingly -1 -> 15
2019-09-04 10:17:26,390 [main] INFO  impl.RaftServerImpl (ServerState.java:close(394)) - a8339521-9748-4b3f-93ce-dabf586a78fe:group-FD19A9F8B1A0 closes. The last applied log index is 5
2019-09-04 10:17:26,390 [ForkJoinPool.commonPool-worker-0] INFO  impl.RaftServerImpl (ServerState.java:close(394)) - 8ef0ae79-a58d-4d32-ad9c-cca36b501167:group-DB5B8B2B2DB8 closes. The last applied log index is 16
2019-09-04 10:17:26,390 [a8339521-9748-4b3f-93ce-dabf586a78fe-SegmentedRaftLogWorker:Storage Directory /workdir/hadoop-ozone/integration-test/target/test-dir/MiniOzoneClusterImpl-fbf2683a-c8d7-46fa-a564-419916e3e42d/datanode-3/data/ratis/efa49272-f0f4-48c0-84b3-fd19a9f8b1a0] INFO  segmented.SegmentedRaftLogWorker (SegmentedRaftLogWorker.java:run(313)) - a8339521-9748-4b3f-93ce-dabf586a78fe-SegmentedRaftLogWorker:Storage Directory /workdir/hadoop-ozone/integration-test/target/test-dir/MiniOzoneClusterImpl-fbf2683a-c8d7-46fa-a564-419916e3e42d/datanode-3/data/ratis/efa49272-f0f4-48c0-84b3-fd19a9f8b1a0 was interrupted, exiting. There are 0 tasks remaining in the queue.
2019-09-04 10:17:26,391 [8ef0ae79-a58d-4d32-ad9c-cca36b501167-SegmentedRaftLogWorker:Storage Directory /workdir/hadoop-ozone/integration-test/target/test-dir/MiniOzoneClusterImpl-fbf2683a-c8d7-46fa-a564-419916e3e42d/datanode-2/data/ratis/1e8b4ec0-ac16-456b-a02d-db5b8b2b2db8] INFO  segmented.SegmentedRaftLogWorker (SegmentedRaftLogWorker.java:run(313)) - 8ef0ae79-a58d-4d32-ad9c-cca36b501167-SegmentedRaftLogWorker:Storage Directory /workdir/hadoop-ozone/integration-test/target/test-dir/MiniOzoneClusterImpl-fbf2683a-c8d7-46fa-a564-419916e3e42d/datanode-2/data/ratis/1e8b4ec0-ac16-456b-a02d-db5b8b2b2db8 was interrupted, exiting. There are 0 tasks remaining in the queue.
2019-09-04 10:17:26,392 [main] INFO  segmented.SegmentedRaftLogWorker (SegmentedRaftLogWorker.java:close(228)) - a8339521-9748-4b3f-93ce-dabf586a78fe-SegmentedRaftLogWorker:Storage Directory /workdir/hadoop-ozone/integration-test/target/test-dir/MiniOzoneClusterImpl-fbf2683a-c8d7-46fa-a564-419916e3e42d/datanode-3/data/ratis/efa49272-f0f4-48c0-84b3-fd19a9f8b1a0 close()
2019-09-04 10:17:26,392 [ForkJoinPool.commonPool-worker-0] INFO  segmented.SegmentedRaftLogWorker (SegmentedRaftLogWorker.java:close(228)) - 8ef0ae79-a58d-4d32-ad9c-cca36b501167-SegmentedRaftLogWorker:Storage Directory /workdir/hadoop-ozone/integration-test/target/test-dir/MiniOzoneClusterImpl-fbf2683a-c8d7-46fa-a564-419916e3e42d/datanode-2/data/ratis/1e8b4ec0-ac16-456b-a02d-db5b8b2b2db8 close()
2019-09-04 10:17:26,394 [main] INFO  impl.RaftServerImpl (RaftServerImpl.java:lambda$shutdown$3(245)) - a8339521-9748-4b3f-93ce-dabf586a78fe: shutdown group-AE8A2ADA5770
2019-09-04 10:17:26,396 [ForkJoinPool.commonPool-worker-0] INFO  impl.RaftServerImpl (RaftServerImpl.java:lambda$shutdown$3(245)) - 8ef0ae79-a58d-4d32-ad9c-cca36b501167: shutdown group-EB0718CDBEE8
2019-09-04 10:17:26,396 [main] INFO  util.JmxRegister (JmxRegister.java:unregister(73)) - Successfully un-registered JMX Bean with object name Ratis:service=RaftServer,group=group-AE8A2ADA5770,id=a8339521-9748-4b3f-93ce-dabf586a78fe
2019-09-04 10:17:26,396 [ForkJoinPool.commonPool-worker-0] INFO  util.JmxRegister (JmxRegister.java:unregister(73)) - Successfully un-registered JMX Bean with object name Ratis:service=RaftServer,group=group-EB0718CDBEE8,id=8ef0ae79-a58d-4d32-ad9c-cca36b501167
2019-09-04 10:17:26,396 [main] INFO  impl.RoleInfo (RoleInfo.java:shutdownLeaderState(104)) - a8339521-9748-4b3f-93ce-dabf586a78fe: shutdown LeaderState
2019-09-04 10:17:26,396 [ForkJoinPool.commonPool-worker-0] INFO  impl.RoleInfo (RoleInfo.java:shutdownLeaderState(104)) - 8ef0ae79-a58d-4d32-ad9c-cca36b501167: shutdown LeaderState
2019-09-04 10:17:26,397 [main] INFO  impl.PendingRequests (PendingRequests.java:sendNotLeaderResponses(202)) - a8339521-9748-4b3f-93ce-dabf586a78fe-PendingRequests: sendNotLeaderResponses
2019-09-04 10:17:26,397 [ForkJoinPool.commonPool-worker-0] INFO  impl.PendingRequests (PendingRequests.java:sendNotLeaderResponses(202)) - 8ef0ae79-a58d-4d32-ad9c-cca36b501167-PendingRequests: sendNotLeaderResponses
2019-09-04 10:17:26,397 [main] INFO  impl.StateMachineUpdater (StateMachineUpdater.java:stopAndJoin(115)) - StateMachineUpdater:a8339521-9748-4b3f-93ce-dabf586a78fe:group-AE8A2ADA5770: set stopIndex = 0
2019-09-04 10:17:26,397 [ForkJoinPool.commonPool-worker-0] INFO  impl.StateMachineUpdater (StateMachineUpdater.java:stopAndJoin(115)) - StateMachineUpdater:8ef0ae79-a58d-4d32-ad9c-cca36b501167:group-EB0718CDBEE8: set stopIndex = 0
2019-09-04 10:17:26,398 [main] INFO  impl.RaftServerImpl (ServerState.java:close(394)) - a8339521-9748-4b3f-93ce-dabf586a78fe:group-AE8A2ADA5770 closes. The last applied log index is 0
2019-09-04 10:17:26,398 [ForkJoinPool.commonPool-worker-0] INFO  impl.RaftServerImpl (ServerState.java:close(394)) - 8ef0ae79-a58d-4d32-ad9c-cca36b501167:group-EB0718CDBEE8 closes. The last applied log index is 0
2019-09-04 10:17:26,398 [a8339521-9748-4b3f-93ce-dabf586a78fe-SegmentedRaftLogWorker:Storage Directory /workdir/hadoop-ozone/integration-test/target/test-dir/MiniOzoneClusterImpl-fbf2683a-c8d7-46fa-a564-419916e3e42d/datanode-3/data/ratis/65b4e5df-e0f9-4c7a-a021-ae8a2ada5770] INFO  segmented.SegmentedRaftLogWorker (SegmentedRaftLogWorker.java:run(313)) - a8339521-9748-4b3f-93ce-dabf586a78fe-SegmentedRaftLogWorker:Storage Directory /workdir/hadoop-ozone/integration-test/target/test-dir/MiniOzoneClusterImpl-fbf2683a-c8d7-46fa-a564-419916e3e42d/datanode-3/data/ratis/65b4e5df-e0f9-4c7a-a021-ae8a2ada5770 was interrupted, exiting. There are 0 tasks remaining in the queue.
2019-09-04 10:17:26,398 [8ef0ae79-a58d-4d32-ad9c-cca36b501167-SegmentedRaftLogWorker:Storage Directory /workdir/hadoop-ozone/integration-test/target/test-dir/MiniOzoneClusterImpl-fbf2683a-c8d7-46fa-a564-419916e3e42d/datanode-2/data/ratis/45c90e68-89ad-4369-b460-eb0718cdbee8] INFO  segmented.SegmentedRaftLogWorker (SegmentedRaftLogWorker.java:run(313)) - 8ef0ae79-a58d-4d32-ad9c-cca36b501167-SegmentedRaftLogWorker:Storage Directory /workdir/hadoop-ozone/integration-test/target/test-dir/MiniOzoneClusterImpl-fbf2683a-c8d7-46fa-a564-419916e3e42d/datanode-2/data/ratis/45c90e68-89ad-4369-b460-eb0718cdbee8 was interrupted, exiting. There are 0 tasks remaining in the queue.
2019-09-04 10:17:26,398 [main] INFO  segmented.SegmentedRaftLogWorker (SegmentedRaftLogWorker.java:close(228)) - a8339521-9748-4b3f-93ce-dabf586a78fe-SegmentedRaftLogWorker:Storage Directory /workdir/hadoop-ozone/integration-test/target/test-dir/MiniOzoneClusterImpl-fbf2683a-c8d7-46fa-a564-419916e3e42d/datanode-3/data/ratis/65b4e5df-e0f9-4c7a-a021-ae8a2ada5770 close()
2019-09-04 10:17:26,399 [ForkJoinPool.commonPool-worker-0] INFO  segmented.SegmentedRaftLogWorker (SegmentedRaftLogWorker.java:close(228)) - 8ef0ae79-a58d-4d32-ad9c-cca36b501167-SegmentedRaftLogWorker:Storage Directory /workdir/hadoop-ozone/integration-test/target/test-dir/MiniOzoneClusterImpl-fbf2683a-c8d7-46fa-a564-419916e3e42d/datanode-2/data/ratis/45c90e68-89ad-4369-b460-eb0718cdbee8 close()
2019-09-04 10:17:26,400 [main] INFO  server.GrpcService (GrpcService.java:closeImpl(155)) - a8339521-9748-4b3f-93ce-dabf586a78fe: shutdown server with port 44312 now
2019-09-04 10:17:26,402 [ForkJoinPool.commonPool-worker-0] INFO  server.GrpcService (GrpcService.java:closeImpl(155)) - 8ef0ae79-a58d-4d32-ad9c-cca36b501167: shutdown server with port 36919 now
2019-09-04 10:17:26,402 [grpc-default-executor-11] WARN  client.GrpcClientProtocolService (LogUtils.java:warn(134)) - 2-UnorderedRequestStreamObserver2: onError: org.apache.ratis.thirdparty.io.grpc.StatusRuntimeException: CANCELLED: cancelled before receiving half close
2019-09-04 10:17:26,402 [ForkJoinPool.commonPool-worker-0] INFO  server.GrpcService (GrpcService.java:closeImpl(163)) - 8ef0ae79-a58d-4d32-ad9c-cca36b501167: shutdown server with port 36919 successfully
2019-09-04 10:17:26,402 [grpc-default-executor-0] WARN  server.GrpcServerProtocolService (LogUtils.java:warn(134)) - a8339521-9748-4b3f-93ce-dabf586a78fe: appendEntries onError: org.apache.ratis.thirdparty.io.grpc.StatusRuntimeException: CANCELLED: cancelled before receiving half close
2019-09-04 10:17:26,403 [grpc-default-executor-11] WARN  server.GrpcLogAppender (LogUtils.java:warn(134)) - d2bc92ad-7d78-408f-a6ab-434098f1c8bb->a8339521-9748-4b3f-93ce-dabf586a78fe: Failed appendEntries: org.apache.ratis.thirdparty.io.grpc.StatusRuntimeException: CANCELLED: HTTP/2 error code: CANCEL
Received Rst Stream
2019-09-04 10:17:26,403 [main] INFO  server.GrpcService (GrpcService.java:closeImpl(163)) - a8339521-9748-4b3f-93ce-dabf586a78fe: shutdown server with port 44312 successfully
2019-09-04 10:17:26,403 [grpc-default-executor-11] INFO  impl.FollowerInfo (FollowerInfo.java:lambda$new$0(50)) - d2bc92ad-7d78-408f-a6ab-434098f1c8bb->a8339521-9748-4b3f-93ce-dabf586a78fe: nextIndex: updateUnconditionally 7 -> 6
2019-09-04 10:17:26,404 [ForkJoinPool.commonPool-worker-0] INFO  utils.BackgroundService (BackgroundService.java:shutdown(148)) - Shutting down service BlockDeletingService
2019-09-04 10:17:26,405 [main] INFO  utils.BackgroundService (BackgroundService.java:shutdown(148)) - Shutting down service BlockDeletingService
2019-09-04 10:17:26,406 [refreshUsed-/workdir/hadoop-ozone/integration-test/target/test-dir/MiniOzoneClusterImpl-fbf2683a-c8d7-46fa-a564-419916e3e42d/datanode-2/data/containers] WARN  fs.CachingGetSpaceUsed (CachingGetSpaceUsed.java:run(183)) - Thread Interrupted waiting to refresh disk information: sleep interrupted
2019-09-04 10:17:26,407 [refreshUsed-/workdir/hadoop-ozone/integration-test/target/test-dir/MiniOzoneClusterImpl-fbf2683a-c8d7-46fa-a564-419916e3e42d/datanode-3/data/containers] WARN  fs.CachingGetSpaceUsed (CachingGetSpaceUsed.java:run(183)) - Thread Interrupted waiting to refresh disk information: sleep interrupted
2019-09-04 10:17:26,435 [ForkJoinPool.commonPool-worker-0] INFO  statemachine.DatanodeStateMachine (DatanodeStateMachine.java:stopDaemon(395)) - Ozone container server stopped.
2019-09-04 10:17:26,444 [main] INFO  statemachine.DatanodeStateMachine (DatanodeStateMachine.java:stopDaemon(395)) - Ozone container server stopped.
2019-09-04 10:17:26,446 [ForkJoinPool.commonPool-worker-0] INFO  handler.ContextHandler (ContextHandler.java:doStop(910)) - Stopped o.e.j.w.WebAppContext@3ace955c{/,null,UNAVAILABLE}{/hddsDatanode}
2019-09-04 10:17:26,446 [ForkJoinPool.commonPool-worker-0] INFO  server.AbstractConnector (AbstractConnector.java:doStop(318)) - Stopped ServerConnector@4c00c8ce{HTTP/1.1,[http/1.1]}{0.0.0.0:0}
2019-09-04 10:17:26,446 [main] INFO  handler.ContextHandler (ContextHandler.java:doStop(910)) - Stopped o.e.j.w.WebAppContext@3e9afede{/,null,UNAVAILABLE}{/hddsDatanode}
2019-09-04 10:17:26,448 [ForkJoinPool.commonPool-worker-0] INFO  handler.ContextHandler (ContextHandler.java:doStop(910)) - Stopped o.e.j.s.ServletContextHandler@331d651b{/static,jar:file:/home/user/.m2/repository/org/apache/hadoop/hadoop-hdds-container-service/0.5.0-SNAPSHOT/hadoop-hdds-container-service-0.5.0-SNAPSHOT.jar!/webapps/static,UNAVAILABLE}
2019-09-04 10:17:26,450 [ForkJoinPool.commonPool-worker-0] INFO  handler.ContextHandler (ContextHandler.java:doStop(910)) - Stopped o.e.j.s.ServletContextHandler@55f2e76a{/logs,file:///workdir/hadoop-ozone/integration-test/target/log,UNAVAILABLE}
2019-09-04 10:17:26,450 [main] INFO  server.AbstractConnector (AbstractConnector.java:doStop(318)) - Stopped ServerConnector@5ea036c3{HTTP/1.1,[http/1.1]}{0.0.0.0:0}
2019-09-04 10:17:26,451 [main] INFO  handler.ContextHandler (ContextHandler.java:doStop(910)) - Stopped o.e.j.s.ServletContextHandler@13cdfd26{/static,jar:file:/home/user/.m2/repository/org/apache/hadoop/hadoop-hdds-container-service/0.5.0-SNAPSHOT/hadoop-hdds-container-service-0.5.0-SNAPSHOT.jar!/webapps/static,UNAVAILABLE}
2019-09-04 10:17:26,451 [ForkJoinPool.commonPool-worker-0] INFO  datanode.ObjectStoreHandler (ObjectStoreHandler.java:close(155)) - Closing ObjectStoreHandler.
2019-09-04 10:17:26,452 [main] INFO  handler.ContextHandler (ContextHandler.java:doStop(910)) - Stopped o.e.j.s.ServletContextHandler@8922006{/logs,file:///workdir/hadoop-ozone/integration-test/target/log,UNAVAILABLE}
2019-09-04 10:17:26,452 [ForkJoinPool.commonPool-worker-0] INFO  ozone.HddsDatanodeService (HddsDatanodeService.java:stop(451)) - Stopped plug-in org.apache.hadoop.ozone.web.OzoneHddsDatanodeService@fe739e7
2019-09-04 10:17:26,452 [main] INFO  datanode.ObjectStoreHandler (ObjectStoreHandler.java:close(155)) - Closing ObjectStoreHandler.
2019-09-04 10:17:26,453 [main] INFO  ozone.HddsDatanodeService (HddsDatanodeService.java:stop(451)) - Stopped plug-in org.apache.hadoop.ozone.web.OzoneHddsDatanodeService@5a30ab46
2019-09-04 10:17:26,490 [Datanode State Machine Thread - 0] INFO  statemachine.DatanodeStateMachine (DatanodeStateMachine.java:lambda$startDaemon$0(350)) - Ozone container server started.
2019-09-04 10:17:26,611 [grpc-default-executor-1] WARN  server.GrpcLogAppender (LogUtils.java:warn(134)) - d2bc92ad-7d78-408f-a6ab-434098f1c8bb->adc7ce4f-a574-4e1f-927c-4aeedb5bfc3b: Failed appendEntries: org.apache.ratis.thirdparty.io.grpc.StatusRuntimeException: UNAVAILABLE: io exception
2019-09-04 10:17:26,612 [grpc-default-executor-1] INFO  impl.FollowerInfo (FollowerInfo.java:lambda$new$0(50)) - d2bc92ad-7d78-408f-a6ab-434098f1c8bb->adc7ce4f-a574-4e1f-927c-4aeedb5bfc3b: nextIndex: updateUnconditionally 3 -> 2
2019-09-04 10:17:26,612 [grpc-default-executor-12] WARN  server.GrpcLogAppender (LogUtils.java:warn(134)) - d2bc92ad-7d78-408f-a6ab-434098f1c8bb->a8339521-9748-4b3f-93ce-dabf586a78fe: Failed appendEntries: org.apache.ratis.thirdparty.io.grpc.StatusRuntimeException: UNAVAILABLE: io exception
2019-09-04 10:17:26,612 [grpc-default-executor-12] INFO  impl.FollowerInfo (FollowerInfo.java:lambda$new$0(50)) - d2bc92ad-7d78-408f-a6ab-434098f1c8bb->a8339521-9748-4b3f-93ce-dabf586a78fe: nextIndex: updateUnconditionally 6 -> 5
2019-09-04 10:17:26,978 [Datanode State Machine Thread - 0] INFO  statemachine.DatanodeStateMachine (DatanodeStateMachine.java:lambda$startDaemon$0(350)) - Ozone container server started.
2019-09-04 10:17:27,148 | INFO  | SCMAudit | user=jenkins1000 | ip=192.168.36.67 | op=SEND_HEARTBEAT {datanodeUUID=d2bc92ad-7d78-408f-a6ab-434098f1c8bb, command=[]} | ret=SUCCESS |  
2019-09-04 10:17:28,147 | INFO  | SCMAudit | user=jenkins1000 | ip=192.168.36.67 | op=SEND_HEARTBEAT {datanodeUUID=d2bc92ad-7d78-408f-a6ab-434098f1c8bb, command=[]} | ret=SUCCESS |  
2019-09-04 10:17:29,111 [grpc-default-executor-1] WARN  server.GrpcLogAppender (LogUtils.java:warn(134)) - d2bc92ad-7d78-408f-a6ab-434098f1c8bb->adc7ce4f-a574-4e1f-927c-4aeedb5bfc3b: Failed appendEntries: org.apache.ratis.thirdparty.io.grpc.StatusRuntimeException: UNAVAILABLE: io exception
2019-09-04 10:17:29,111 [grpc-default-executor-12] WARN  server.GrpcLogAppender (LogUtils.java:warn(134)) - d2bc92ad-7d78-408f-a6ab-434098f1c8bb->a8339521-9748-4b3f-93ce-dabf586a78fe: Failed appendEntries: org.apache.ratis.thirdparty.io.grpc.StatusRuntimeException: UNAVAILABLE: io exception
2019-09-04 10:17:29,112 [grpc-default-executor-1] INFO  impl.FollowerInfo (FollowerInfo.java:lambda$new$0(50)) - d2bc92ad-7d78-408f-a6ab-434098f1c8bb->adc7ce4f-a574-4e1f-927c-4aeedb5bfc3b: nextIndex: updateUnconditionally 2 -> 1
2019-09-04 10:17:29,112 [grpc-default-executor-12] INFO  impl.FollowerInfo (FollowerInfo.java:lambda$new$0(50)) - d2bc92ad-7d78-408f-a6ab-434098f1c8bb->a8339521-9748-4b3f-93ce-dabf586a78fe: nextIndex: updateUnconditionally 5 -> 4
2019-09-04 10:17:29,147 | INFO  | SCMAudit | user=jenkins1000 | ip=192.168.36.67 | op=SEND_HEARTBEAT {datanodeUUID=d2bc92ad-7d78-408f-a6ab-434098f1c8bb, command=[]} | ret=SUCCESS |  
2019-09-04 10:17:30,147 | INFO  | SCMAudit | user=jenkins1000 | ip=192.168.36.67 | op=SEND_HEARTBEAT {datanodeUUID=d2bc92ad-7d78-408f-a6ab-434098f1c8bb, command=[]} | ret=SUCCESS |  
2019-09-04 10:17:30,540 [EventQueue-StaleNodeForStaleNodeHandler] INFO  node.StaleNodeHandler (StaleNodeHandler.java:onMessage(58)) - Datanode 5a7a11a7-685d-4dd4-88fb-b8c69093e530{ip: 192.168.36.67, host: pr-hdds-1569-fjd24-125839774, networkLocation: /default-rack, certSerialId: null} moved to stale state. Finalizing its pipelines [PipelineID=cb929480-2cb8-46b1-bdb5-19dafa5ca9da, PipelineID=1e8b4ec0-ac16-456b-a02d-db5b8b2b2db8]
2019-09-04 10:17:30,540 [EventQueue-StaleNodeForStaleNodeHandler] INFO  pipeline.SCMPipelineManager (SCMPipelineManager.java:finalizeAndDestroyPipeline(309)) - destroying pipeline:Pipeline[ Id: cb929480-2cb8-46b1-bdb5-19dafa5ca9da, Nodes: 5a7a11a7-685d-4dd4-88fb-b8c69093e530{ip: 192.168.36.67, host: pr-hdds-1569-fjd24-125839774, networkLocation: /default-rack, certSerialId: null}, Type:RATIS, Factor:ONE, State:OPEN]
2019-09-04 10:17:30,540 [EventQueue-StaleNodeForStaleNodeHandler] INFO  pipeline.PipelineStateManager (PipelineStateManager.java:finalizePipeline(123)) - Pipeline Pipeline[ Id: cb929480-2cb8-46b1-bdb5-19dafa5ca9da, Nodes: 5a7a11a7-685d-4dd4-88fb-b8c69093e530{ip: 192.168.36.67, host: pr-hdds-1569-fjd24-125839774, networkLocation: /default-rack, certSerialId: null}, Type:RATIS, Factor:ONE, State:CLOSED] moved to CLOSED state
2019-09-04 10:17:30,540 [EventQueue-StaleNodeForStaleNodeHandler] INFO  pipeline.SCMPipelineManager (SCMPipelineManager.java:finalizeAndDestroyPipeline(309)) - destroying pipeline:Pipeline[ Id: 1e8b4ec0-ac16-456b-a02d-db5b8b2b2db8, Nodes: 47c468d8-6fe5-4042-9a7f-b5fec722af60{ip: 192.168.36.67, host: pr-hdds-1569-fjd24-125839774, networkLocation: /default-rack, certSerialId: null}5a7a11a7-685d-4dd4-88fb-b8c69093e530{ip: 192.168.36.67, host: pr-hdds-1569-fjd24-125839774, networkLocation: /default-rack, certSerialId: null}8ef0ae79-a58d-4d32-ad9c-cca36b501167{ip: 192.168.36.67, host: pr-hdds-1569-fjd24-125839774, networkLocation: /default-rack, certSerialId: null}, Type:RATIS, Factor:THREE, State:CLOSED]
2019-09-04 10:17:31,041 [EventQueue-StaleNodeForStaleNodeHandler] INFO  node.StaleNodeHandler (StaleNodeHandler.java:onMessage(58)) - Datanode 2db1d6fe-cbe4-4547-a727-a515e5c0c878{ip: 192.168.36.67, host: pr-hdds-1569-fjd24-125839774, networkLocation: /default-rack, certSerialId: null} moved to stale state. Finalizing its pipelines [PipelineID=0fb653b6-01ac-490a-ab2e-98d24ff27ade]
2019-09-04 10:17:31,041 [EventQueue-StaleNodeForStaleNodeHandler] INFO  pipeline.SCMPipelineManager (SCMPipelineManager.java:finalizeAndDestroyPipeline(309)) - destroying pipeline:Pipeline[ Id: 0fb653b6-01ac-490a-ab2e-98d24ff27ade, Nodes: 2db1d6fe-cbe4-4547-a727-a515e5c0c878{ip: 192.168.36.67, host: pr-hdds-1569-fjd24-125839774, networkLocation: /default-rack, certSerialId: null}, Type:RATIS, Factor:ONE, State:OPEN]
2019-09-04 10:17:31,041 [EventQueue-StaleNodeForStaleNodeHandler] INFO  pipeline.PipelineStateManager (PipelineStateManager.java:finalizePipeline(123)) - Pipeline Pipeline[ Id: 0fb653b6-01ac-490a-ab2e-98d24ff27ade, Nodes: 2db1d6fe-cbe4-4547-a727-a515e5c0c878{ip: 192.168.36.67, host: pr-hdds-1569-fjd24-125839774, networkLocation: /default-rack, certSerialId: null}, Type:RATIS, Factor:ONE, State:CLOSED] moved to CLOSED state
2019-09-04 10:17:31,147 | INFO  | SCMAudit | user=jenkins1000 | ip=192.168.36.67 | op=SEND_HEARTBEAT {datanodeUUID=d2bc92ad-7d78-408f-a6ab-434098f1c8bb, command=[]} | ret=SUCCESS |  
2019-09-04 10:17:31,453 [ForkJoinPool.commonPool-worker-0] INFO  ozoneimpl.OzoneContainer (OzoneContainer.java:stop(199)) - Attempting to stop container services.
2019-09-04 10:17:31,453 [ForkJoinPool.commonPool-worker-0] INFO  impl.RaftServerProxy (RaftServerProxy.java:lambda$close$4(314)) - 5a7a11a7-685d-4dd4-88fb-b8c69093e530: close
2019-09-04 10:17:31,454 [main] INFO  ozoneimpl.OzoneContainer (OzoneContainer.java:stop(199)) - Attempting to stop container services.
2019-09-04 10:17:31,454 [ForkJoinPool.commonPool-worker-0] INFO  impl.RaftServerImpl (RaftServerImpl.java:lambda$shutdown$3(245)) - 5a7a11a7-685d-4dd4-88fb-b8c69093e530: shutdown group-19DAFA5CA9DA
2019-09-04 10:17:31,454 [main] INFO  impl.RaftServerProxy (RaftServerProxy.java:lambda$close$4(314)) - 2db1d6fe-cbe4-4547-a727-a515e5c0c878: close
2019-09-04 10:17:31,455 [ForkJoinPool.commonPool-worker-0] INFO  util.JmxRegister (JmxRegister.java:unregister(73)) - Successfully un-registered JMX Bean with object name Ratis:service=RaftServer,group=group-19DAFA5CA9DA,id=5a7a11a7-685d-4dd4-88fb-b8c69093e530
2019-09-04 10:17:31,455 [main] INFO  impl.RaftServerImpl (RaftServerImpl.java:lambda$shutdown$3(245)) - 2db1d6fe-cbe4-4547-a727-a515e5c0c878: shutdown group-98D24FF27ADE
2019-09-04 10:17:31,455 [ForkJoinPool.commonPool-worker-0] INFO  impl.RoleInfo (RoleInfo.java:shutdownLeaderState(104)) - 5a7a11a7-685d-4dd4-88fb-b8c69093e530: shutdown LeaderState
2019-09-04 10:17:31,455 [main] INFO  util.JmxRegister (JmxRegister.java:unregister(73)) - Successfully un-registered JMX Bean with object name Ratis:service=RaftServer,group=group-98D24FF27ADE,id=2db1d6fe-cbe4-4547-a727-a515e5c0c878
2019-09-04 10:17:31,456 [main] INFO  impl.RoleInfo (RoleInfo.java:shutdownLeaderState(104)) - 2db1d6fe-cbe4-4547-a727-a515e5c0c878: shutdown LeaderState
2019-09-04 10:17:31,456 [main] INFO  impl.PendingRequests (PendingRequests.java:sendNotLeaderResponses(202)) - 2db1d6fe-cbe4-4547-a727-a515e5c0c878-PendingRequests: sendNotLeaderResponses
2019-09-04 10:17:31,456 [ForkJoinPool.commonPool-worker-0] INFO  impl.PendingRequests (PendingRequests.java:sendNotLeaderResponses(202)) - 5a7a11a7-685d-4dd4-88fb-b8c69093e530-PendingRequests: sendNotLeaderResponses
2019-09-04 10:17:31,457 [main] INFO  impl.StateMachineUpdater (StateMachineUpdater.java:stopAndJoin(115)) - StateMachineUpdater:2db1d6fe-cbe4-4547-a727-a515e5c0c878:group-98D24FF27ADE: set stopIndex = 0
2019-09-04 10:17:31,457 [ForkJoinPool.commonPool-worker-0] INFO  impl.StateMachineUpdater (StateMachineUpdater.java:stopAndJoin(115)) - StateMachineUpdater:5a7a11a7-685d-4dd4-88fb-b8c69093e530:group-19DAFA5CA9DA: set stopIndex = 0
2019-09-04 10:17:31,458 [ForkJoinPool.commonPool-worker-0] INFO  impl.RaftServerImpl (ServerState.java:close(394)) - 5a7a11a7-685d-4dd4-88fb-b8c69093e530:group-19DAFA5CA9DA closes. The last applied log index is 0
2019-09-04 10:17:31,458 [main] INFO  impl.RaftServerImpl (ServerState.java:close(394)) - 2db1d6fe-cbe4-4547-a727-a515e5c0c878:group-98D24FF27ADE closes. The last applied log index is 0
2019-09-04 10:17:31,458 [5a7a11a7-685d-4dd4-88fb-b8c69093e530-SegmentedRaftLogWorker:Storage Directory /workdir/hadoop-ozone/integration-test/target/test-dir/MiniOzoneClusterImpl-fbf2683a-c8d7-46fa-a564-419916e3e42d/datanode-0/data/ratis/cb929480-2cb8-46b1-bdb5-19dafa5ca9da] INFO  segmented.SegmentedRaftLogWorker (SegmentedRaftLogWorker.java:run(313)) - 5a7a11a7-685d-4dd4-88fb-b8c69093e530-SegmentedRaftLogWorker:Storage Directory /workdir/hadoop-ozone/integration-test/target/test-dir/MiniOzoneClusterImpl-fbf2683a-c8d7-46fa-a564-419916e3e42d/datanode-0/data/ratis/cb929480-2cb8-46b1-bdb5-19dafa5ca9da was interrupted, exiting. There are 0 tasks remaining in the queue.
2019-09-04 10:17:31,459 [2db1d6fe-cbe4-4547-a727-a515e5c0c878-SegmentedRaftLogWorker:Storage Directory /workdir/hadoop-ozone/integration-test/target/test-dir/MiniOzoneClusterImpl-fbf2683a-c8d7-46fa-a564-419916e3e42d/datanode-6/data/ratis/0fb653b6-01ac-490a-ab2e-98d24ff27ade] INFO  segmented.SegmentedRaftLogWorker (SegmentedRaftLogWorker.java:run(313)) - 2db1d6fe-cbe4-4547-a727-a515e5c0c878-SegmentedRaftLogWorker:Storage Directory /workdir/hadoop-ozone/integration-test/target/test-dir/MiniOzoneClusterImpl-fbf2683a-c8d7-46fa-a564-419916e3e42d/datanode-6/data/ratis/0fb653b6-01ac-490a-ab2e-98d24ff27ade was interrupted, exiting. There are 0 tasks remaining in the queue.
2019-09-04 10:17:31,470 [ForkJoinPool.commonPool-worker-0] INFO  segmented.SegmentedRaftLogWorker (SegmentedRaftLogWorker.java:close(228)) - 5a7a11a7-685d-4dd4-88fb-b8c69093e530-SegmentedRaftLogWorker:Storage Directory /workdir/hadoop-ozone/integration-test/target/test-dir/MiniOzoneClusterImpl-fbf2683a-c8d7-46fa-a564-419916e3e42d/datanode-0/data/ratis/cb929480-2cb8-46b1-bdb5-19dafa5ca9da close()
2019-09-04 10:17:31,470 [main] INFO  segmented.SegmentedRaftLogWorker (SegmentedRaftLogWorker.java:close(228)) - 2db1d6fe-cbe4-4547-a727-a515e5c0c878-SegmentedRaftLogWorker:Storage Directory /workdir/hadoop-ozone/integration-test/target/test-dir/MiniOzoneClusterImpl-fbf2683a-c8d7-46fa-a564-419916e3e42d/datanode-6/data/ratis/0fb653b6-01ac-490a-ab2e-98d24ff27ade close()
2019-09-04 10:17:31,474 [ForkJoinPool.commonPool-worker-0] INFO  impl.RaftServerImpl (RaftServerImpl.java:lambda$shutdown$3(245)) - 5a7a11a7-685d-4dd4-88fb-b8c69093e530: shutdown group-DB5B8B2B2DB8
2019-09-04 10:17:31,477 [main] INFO  server.GrpcService (GrpcService.java:closeImpl(155)) - 2db1d6fe-cbe4-4547-a727-a515e5c0c878: shutdown server with port 39426 now
2019-09-04 10:17:31,477 [ForkJoinPool.commonPool-worker-0] INFO  util.JmxRegister (JmxRegister.java:unregister(73)) - Successfully un-registered JMX Bean with object name Ratis:service=RaftServer,group=group-DB5B8B2B2DB8,id=5a7a11a7-685d-4dd4-88fb-b8c69093e530
2019-09-04 10:17:31,480 [main] INFO  server.GrpcService (GrpcService.java:closeImpl(163)) - 2db1d6fe-cbe4-4547-a727-a515e5c0c878: shutdown server with port 39426 successfully
2019-09-04 10:17:31,480 [ForkJoinPool.commonPool-worker-0] INFO  impl.RoleInfo (RoleInfo.java:shutdownFollowerState(121)) - 5a7a11a7-685d-4dd4-88fb-b8c69093e530: shutdown FollowerState
2019-09-04 10:17:31,481 [ForkJoinPool.commonPool-worker-0] INFO  impl.StateMachineUpdater (StateMachineUpdater.java:stopAndJoin(115)) - StateMachineUpdater:5a7a11a7-685d-4dd4-88fb-b8c69093e530:group-DB5B8B2B2DB8: set stopIndex = 16
2019-09-04 10:17:31,481 [StateMachineUpdater:5a7a11a7-685d-4dd4-88fb-b8c69093e530:group-DB5B8B2B2DB8] INFO  ratis.ContainerStateMachine (ContainerStateMachine.java:takeSnapshot(283)) - group-DB5B8B2B2DB8: Taking a snapshot at:(t:1, i:16) file /workdir/hadoop-ozone/integration-test/target/test-dir/MiniOzoneClusterImpl-fbf2683a-c8d7-46fa-a564-419916e3e42d/datanode-0/data/ratis/1e8b4ec0-ac16-456b-a02d-db5b8b2b2db8/sm/snapshot.1_16
2019-09-04 10:17:31,481 [Thread-4685] INFO  impl.FollowerState (FollowerState.java:run(114)) - 5a7a11a7-685d-4dd4-88fb-b8c69093e530: FollowerState was interrupted: java.lang.InterruptedException: sleep interrupted
2019-09-04 10:17:31,484 [main] INFO  utils.BackgroundService (BackgroundService.java:shutdown(148)) - Shutting down service BlockDeletingService
2019-09-04 10:17:31,488 [refreshUsed-/workdir/hadoop-ozone/integration-test/target/test-dir/MiniOzoneClusterImpl-fbf2683a-c8d7-46fa-a564-419916e3e42d/datanode-6/data/containers] WARN  fs.CachingGetSpaceUsed (CachingGetSpaceUsed.java:run(183)) - Thread Interrupted waiting to refresh disk information: sleep interrupted
2019-09-04 10:17:31,498 [StateMachineUpdater:5a7a11a7-685d-4dd4-88fb-b8c69093e530:group-DB5B8B2B2DB8] INFO  ratis.ContainerStateMachine (ContainerStateMachine.java:takeSnapshot(294)) - group-DB5B8B2B2DB8: Finished taking a snapshot at:(t:1, i:16) file:/workdir/hadoop-ozone/integration-test/target/test-dir/MiniOzoneClusterImpl-fbf2683a-c8d7-46fa-a564-419916e3e42d/datanode-0/data/ratis/1e8b4ec0-ac16-456b-a02d-db5b8b2b2db8/sm/snapshot.1_16 time:17
2019-09-04 10:17:31,498 [StateMachineUpdater:5a7a11a7-685d-4dd4-88fb-b8c69093e530:group-DB5B8B2B2DB8] INFO  impl.StateMachineUpdater (StateMachineUpdater.java:takeSnapshot(242)) - StateMachineUpdater:5a7a11a7-685d-4dd4-88fb-b8c69093e530:group-DB5B8B2B2DB8: Took a snapshot at index 16
2019-09-04 10:17:31,498 [StateMachineUpdater:5a7a11a7-685d-4dd4-88fb-b8c69093e530:group-DB5B8B2B2DB8] INFO  impl.StateMachineUpdater (StateMachineUpdater.java:lambda$new$0(80)) - StateMachineUpdater:5a7a11a7-685d-4dd4-88fb-b8c69093e530:group-DB5B8B2B2DB8: snapshotIndex: updateIncreasingly -1 -> 16
2019-09-04 10:17:31,498 [ForkJoinPool.commonPool-worker-0] INFO  impl.RaftServerImpl (ServerState.java:close(394)) - 5a7a11a7-685d-4dd4-88fb-b8c69093e530:group-DB5B8B2B2DB8 closes. The last applied log index is 16
2019-09-04 10:17:31,499 [5a7a11a7-685d-4dd4-88fb-b8c69093e530-SegmentedRaftLogWorker:Storage Directory /workdir/hadoop-ozone/integration-test/target/test-dir/MiniOzoneClusterImpl-fbf2683a-c8d7-46fa-a564-419916e3e42d/datanode-0/data/ratis/1e8b4ec0-ac16-456b-a02d-db5b8b2b2db8] INFO  segmented.SegmentedRaftLogWorker (SegmentedRaftLogWorker.java:run(313)) - 5a7a11a7-685d-4dd4-88fb-b8c69093e530-SegmentedRaftLogWorker:Storage Directory /workdir/hadoop-ozone/integration-test/target/test-dir/MiniOzoneClusterImpl-fbf2683a-c8d7-46fa-a564-419916e3e42d/datanode-0/data/ratis/1e8b4ec0-ac16-456b-a02d-db5b8b2b2db8 was interrupted, exiting. There are 0 tasks remaining in the queue.
2019-09-04 10:17:31,499 [ForkJoinPool.commonPool-worker-0] INFO  segmented.SegmentedRaftLogWorker (SegmentedRaftLogWorker.java:close(228)) - 5a7a11a7-685d-4dd4-88fb-b8c69093e530-SegmentedRaftLogWorker:Storage Directory /workdir/hadoop-ozone/integration-test/target/test-dir/MiniOzoneClusterImpl-fbf2683a-c8d7-46fa-a564-419916e3e42d/datanode-0/data/ratis/1e8b4ec0-ac16-456b-a02d-db5b8b2b2db8 close()
2019-09-04 10:17:31,501 [ForkJoinPool.commonPool-worker-0] INFO  server.GrpcService (GrpcService.java:closeImpl(155)) - 5a7a11a7-685d-4dd4-88fb-b8c69093e530: shutdown server with port 45284 now
2019-09-04 10:17:31,501 [ForkJoinPool.commonPool-worker-0] INFO  server.GrpcService (GrpcService.java:closeImpl(163)) - 5a7a11a7-685d-4dd4-88fb-b8c69093e530: shutdown server with port 45284 successfully
2019-09-04 10:17:31,502 [ForkJoinPool.commonPool-worker-0] INFO  utils.BackgroundService (BackgroundService.java:shutdown(148)) - Shutting down service BlockDeletingService
2019-09-04 10:17:31,504 [refreshUsed-/workdir/hadoop-ozone/integration-test/target/test-dir/MiniOzoneClusterImpl-fbf2683a-c8d7-46fa-a564-419916e3e42d/datanode-0/data/containers] WARN  fs.CachingGetSpaceUsed (CachingGetSpaceUsed.java:run(183)) - Thread Interrupted waiting to refresh disk information: sleep interrupted
2019-09-04 10:17:31,515 [main] INFO  statemachine.DatanodeStateMachine (DatanodeStateMachine.java:stopDaemon(395)) - Ozone container server stopped.
2019-09-04 10:17:31,517 [main] INFO  handler.ContextHandler (ContextHandler.java:doStop(910)) - Stopped o.e.j.w.WebAppContext@1020407c{/,null,UNAVAILABLE}{/hddsDatanode}
2019-09-04 10:17:31,517 [main] INFO  server.AbstractConnector (AbstractConnector.java:doStop(318)) - Stopped ServerConnector@53d87c9{HTTP/1.1,[http/1.1]}{0.0.0.0:0}
2019-09-04 10:17:31,518 [main] INFO  handler.ContextHandler (ContextHandler.java:doStop(910)) - Stopped o.e.j.s.ServletContextHandler@2390a185{/static,jar:file:/home/user/.m2/repository/org/apache/hadoop/hadoop-hdds-container-service/0.5.0-SNAPSHOT/hadoop-hdds-container-service-0.5.0-SNAPSHOT.jar!/webapps/static,UNAVAILABLE}
2019-09-04 10:17:31,518 [main] INFO  handler.ContextHandler (ContextHandler.java:doStop(910)) - Stopped o.e.j.s.ServletContextHandler@59d0f14b{/logs,file:///workdir/hadoop-ozone/integration-test/target/log,UNAVAILABLE}
2019-09-04 10:17:31,519 [main] INFO  datanode.ObjectStoreHandler (ObjectStoreHandler.java:close(155)) - Closing ObjectStoreHandler.
2019-09-04 10:17:31,520 [main] INFO  ozone.HddsDatanodeService (HddsDatanodeService.java:stop(451)) - Stopped plug-in org.apache.hadoop.ozone.web.OzoneHddsDatanodeService@38f553d0
2019-09-04 10:17:31,528 [ForkJoinPool.commonPool-worker-0] INFO  statemachine.DatanodeStateMachine (DatanodeStateMachine.java:stopDaemon(395)) - Ozone container server stopped.
2019-09-04 10:17:31,533 [ForkJoinPool.commonPool-worker-0] INFO  handler.ContextHandler (ContextHandler.java:doStop(910)) - Stopped o.e.j.w.WebAppContext@22eccd2c{/,null,UNAVAILABLE}{/hddsDatanode}
2019-09-04 10:17:31,533 [ForkJoinPool.commonPool-worker-0] INFO  server.AbstractConnector (AbstractConnector.java:doStop(318)) - Stopped ServerConnector@ddca64d{HTTP/1.1,[http/1.1]}{0.0.0.0:0}
2019-09-04 10:17:31,535 [ForkJoinPool.commonPool-worker-0] INFO  handler.ContextHandler (ContextHandler.java:doStop(910)) - Stopped o.e.j.s.ServletContextHandler@39c437e9{/static,jar:file:/home/user/.m2/repository/org/apache/hadoop/hadoop-hdds-container-service/0.5.0-SNAPSHOT/hadoop-hdds-container-service-0.5.0-SNAPSHOT.jar!/webapps/static,UNAVAILABLE}
2019-09-04 10:17:31,537 [ForkJoinPool.commonPool-worker-0] INFO  handler.ContextHandler (ContextHandler.java:doStop(910)) - Stopped o.e.j.s.ServletContextHandler@6d8dc329{/logs,file:///workdir/hadoop-ozone/integration-test/target/log,UNAVAILABLE}
2019-09-04 10:17:31,612 [grpc-default-executor-1] WARN  server.GrpcLogAppender (LogUtils.java:warn(134)) - d2bc92ad-7d78-408f-a6ab-434098f1c8bb->adc7ce4f-a574-4e1f-927c-4aeedb5bfc3b: Failed appendEntries: org.apache.ratis.thirdparty.io.grpc.StatusRuntimeException: UNAVAILABLE: io exception
2019-09-04 10:17:31,612 [grpc-default-executor-11] WARN  server.GrpcLogAppender (LogUtils.java:warn(134)) - d2bc92ad-7d78-408f-a6ab-434098f1c8bb->a8339521-9748-4b3f-93ce-dabf586a78fe: Failed appendEntries: org.apache.ratis.thirdparty.io.grpc.StatusRuntimeException: UNAVAILABLE: io exception
2019-09-04 10:17:31,612 [grpc-default-executor-1] INFO  impl.FollowerInfo (FollowerInfo.java:lambda$new$0(50)) - d2bc92ad-7d78-408f-a6ab-434098f1c8bb->adc7ce4f-a574-4e1f-927c-4aeedb5bfc3b: nextIndex: updateUnconditionally 1 -> 0
2019-09-04 10:17:31,613 [grpc-default-executor-11] INFO  impl.FollowerInfo (FollowerInfo.java:lambda$new$0(50)) - d2bc92ad-7d78-408f-a6ab-434098f1c8bb->a8339521-9748-4b3f-93ce-dabf586a78fe: nextIndex: updateUnconditionally 4 -> 3
2019-09-04 10:17:32,147 [Datanode State Machine Thread - 0] INFO  statemachine.DatanodeStateMachine (DatanodeStateMachine.java:lambda$startDaemon$0(350)) - Ozone container server started.
2019-09-04 10:17:34,113 [grpc-default-executor-10] WARN  server.GrpcLogAppender (LogUtils.java:warn(134)) - d2bc92ad-7d78-408f-a6ab-434098f1c8bb->a8339521-9748-4b3f-93ce-dabf586a78fe: Failed appendEntries: org.apache.ratis.thirdparty.io.grpc.StatusRuntimeException: UNAVAILABLE: io exception
2019-09-04 10:17:34,113 [grpc-default-executor-12] WARN  server.GrpcLogAppender (LogUtils.java:warn(134)) - d2bc92ad-7d78-408f-a6ab-434098f1c8bb->adc7ce4f-a574-4e1f-927c-4aeedb5bfc3b: Failed appendEntries: org.apache.ratis.thirdparty.io.grpc.StatusRuntimeException: UNAVAILABLE: io exception
2019-09-04 10:17:34,113 [grpc-default-executor-10] INFO  impl.FollowerInfo (FollowerInfo.java:lambda$new$0(50)) - d2bc92ad-7d78-408f-a6ab-434098f1c8bb->a8339521-9748-4b3f-93ce-dabf586a78fe: nextIndex: updateUnconditionally 3 -> 2
2019-09-04 10:17:34,113 [grpc-default-executor-12] INFO  impl.FollowerInfo (FollowerInfo.java:lambda$new$0(50)) - d2bc92ad-7d78-408f-a6ab-434098f1c8bb->adc7ce4f-a574-4e1f-927c-4aeedb5bfc3b: nextIndex: updateUnconditionally 0 -> 0
2019-09-04 10:17:36,247 [EventQueue-StaleNodeForStaleNodeHandler] INFO  node.StaleNodeHandler (StaleNodeHandler.java:onMessage(58)) - Datanode d2bc92ad-7d78-408f-a6ab-434098f1c8bb{ip: 192.168.36.67, host: pr-hdds-1569-fjd24-125839774, networkLocation: /default-rack, certSerialId: null} moved to stale state. Finalizing its pipelines [PipelineID=efa49272-f0f4-48c0-84b3-fd19a9f8b1a0, PipelineID=b9d94e76-c278-4554-b53e-4592a761e7d2]
2019-09-04 10:17:36,247 [EventQueue-StaleNodeForStaleNodeHandler] INFO  pipeline.SCMPipelineManager (SCMPipelineManager.java:finalizeAndDestroyPipeline(309)) - destroying pipeline:Pipeline[ Id: efa49272-f0f4-48c0-84b3-fd19a9f8b1a0, Nodes: a8339521-9748-4b3f-93ce-dabf586a78fe{ip: 192.168.36.67, host: pr-hdds-1569-fjd24-125839774, networkLocation: /default-rack, certSerialId: null}adc7ce4f-a574-4e1f-927c-4aeedb5bfc3b{ip: 192.168.36.67, host: pr-hdds-1569-fjd24-125839774, networkLocation: /default-rack, certSerialId: null}d2bc92ad-7d78-408f-a6ab-434098f1c8bb{ip: 192.168.36.67, host: pr-hdds-1569-fjd24-125839774, networkLocation: /default-rack, certSerialId: null}, Type:RATIS, Factor:THREE, State:CLOSED]
2019-09-04 10:17:36,248 [EventQueue-StaleNodeForStaleNodeHandler] INFO  pipeline.SCMPipelineManager (SCMPipelineManager.java:finalizeAndDestroyPipeline(309)) - destroying pipeline:Pipeline[ Id: b9d94e76-c278-4554-b53e-4592a761e7d2, Nodes: d2bc92ad-7d78-408f-a6ab-434098f1c8bb{ip: 192.168.36.67, host: pr-hdds-1569-fjd24-125839774, networkLocation: /default-rack, certSerialId: null}, Type:RATIS, Factor:ONE, State:OPEN]
2019-09-04 10:17:36,248 [EventQueue-StaleNodeForStaleNodeHandler] INFO  pipeline.PipelineStateManager (PipelineStateManager.java:finalizePipeline(123)) - Pipeline Pipeline[ Id: b9d94e76-c278-4554-b53e-4592a761e7d2, Nodes: d2bc92ad-7d78-408f-a6ab-434098f1c8bb{ip: 192.168.36.67, host: pr-hdds-1569-fjd24-125839774, networkLocation: /default-rack, certSerialId: null}, Type:RATIS, Factor:ONE, State:CLOSED] moved to CLOSED state
2019-09-04 10:17:36,521 [main] INFO  ozoneimpl.OzoneContainer (OzoneContainer.java:stop(199)) - Attempting to stop container services.
2019-09-04 10:17:36,521 [main] INFO  impl.RaftServerProxy (RaftServerProxy.java:lambda$close$4(314)) - d2bc92ad-7d78-408f-a6ab-434098f1c8bb: close
2019-09-04 10:17:36,522 [main] INFO  impl.RaftServerImpl (RaftServerImpl.java:lambda$shutdown$3(245)) - d2bc92ad-7d78-408f-a6ab-434098f1c8bb: shutdown group-FD19A9F8B1A0
2019-09-04 10:17:36,522 [ForkJoinPool.commonPool-worker-1] INFO  impl.RaftServerImpl (RaftServerImpl.java:lambda$shutdown$3(245)) - d2bc92ad-7d78-408f-a6ab-434098f1c8bb: shutdown group-4592A761E7D2
2019-09-04 10:17:36,523 [main] INFO  util.JmxRegister (JmxRegister.java:unregister(73)) - Successfully un-registered JMX Bean with object name Ratis:service=RaftServer,group=group-FD19A9F8B1A0,id=d2bc92ad-7d78-408f-a6ab-434098f1c8bb
2019-09-04 10:17:36,523 [ForkJoinPool.commonPool-worker-1] INFO  util.JmxRegister (JmxRegister.java:unregister(73)) - Successfully un-registered JMX Bean with object name Ratis:service=RaftServer,group=group-4592A761E7D2,id=d2bc92ad-7d78-408f-a6ab-434098f1c8bb
2019-09-04 10:17:36,523 [main] INFO  impl.RoleInfo (RoleInfo.java:shutdownLeaderState(104)) - d2bc92ad-7d78-408f-a6ab-434098f1c8bb: shutdown LeaderState
2019-09-04 10:17:36,524 [ForkJoinPool.commonPool-worker-1] INFO  impl.RoleInfo (RoleInfo.java:shutdownLeaderState(104)) - d2bc92ad-7d78-408f-a6ab-434098f1c8bb: shutdown LeaderState
2019-09-04 10:17:36,527 [ForkJoinPool.commonPool-worker-1] INFO  impl.PendingRequests (PendingRequests.java:sendNotLeaderResponses(202)) - d2bc92ad-7d78-408f-a6ab-434098f1c8bb-PendingRequests: sendNotLeaderResponses
2019-09-04 10:17:36,527 [main] INFO  impl.PendingRequests (PendingRequests.java:sendNotLeaderResponses(202)) - d2bc92ad-7d78-408f-a6ab-434098f1c8bb-PendingRequests: sendNotLeaderResponses
2019-09-04 10:17:36,527 [org.apache.ratis.server.impl.LogAppender$AppenderDaemon$$Lambda$482/1067825500@466883db] WARN  server.GrpcLogAppender (GrpcLogAppender.java:mayWait(143)) - GrpcLogAppender(d2bc92ad-7d78-408f-a6ab-434098f1c8bb->adc7ce4f-a574-4e1f-927c-4aeedb5bfc3b): Wait interrupted by java.lang.InterruptedException
2019-09-04 10:17:36,527 [org.apache.ratis.server.impl.LogAppender$AppenderDaemon$$Lambda$482/1067825500@36a1dd2] WARN  server.GrpcLogAppender (GrpcLogAppender.java:mayWait(143)) - GrpcLogAppender(d2bc92ad-7d78-408f-a6ab-434098f1c8bb->a8339521-9748-4b3f-93ce-dabf586a78fe): Wait interrupted by java.lang.InterruptedException
2019-09-04 10:17:36,527 [ForkJoinPool.commonPool-worker-1] INFO  impl.StateMachineUpdater (StateMachineUpdater.java:stopAndJoin(115)) - StateMachineUpdater:d2bc92ad-7d78-408f-a6ab-434098f1c8bb:group-4592A761E7D2: set stopIndex = 0
2019-09-04 10:17:36,531 [main] INFO  impl.StateMachineUpdater (StateMachineUpdater.java:stopAndJoin(115)) - StateMachineUpdater:d2bc92ad-7d78-408f-a6ab-434098f1c8bb:group-FD19A9F8B1A0: set stopIndex = 6
2019-09-04 10:17:36,531 [StateMachineUpdater:d2bc92ad-7d78-408f-a6ab-434098f1c8bb:group-FD19A9F8B1A0] INFO  ratis.ContainerStateMachine (ContainerStateMachine.java:takeSnapshot(283)) - group-FD19A9F8B1A0: Taking a snapshot at:(t:1, i:6) file /workdir/hadoop-ozone/integration-test/target/test-dir/MiniOzoneClusterImpl-fbf2683a-c8d7-46fa-a564-419916e3e42d/datanode-5/data/ratis/efa49272-f0f4-48c0-84b3-fd19a9f8b1a0/sm/snapshot.1_6
2019-09-04 10:17:36,531 [ForkJoinPool.commonPool-worker-1] INFO  impl.RaftServerImpl (ServerState.java:close(394)) - d2bc92ad-7d78-408f-a6ab-434098f1c8bb:group-4592A761E7D2 closes. The last applied log index is 0
2019-09-04 10:17:36,531 [d2bc92ad-7d78-408f-a6ab-434098f1c8bb-SegmentedRaftLogWorker:Storage Directory /workdir/hadoop-ozone/integration-test/target/test-dir/MiniOzoneClusterImpl-fbf2683a-c8d7-46fa-a564-419916e3e42d/datanode-5/data/ratis/b9d94e76-c278-4554-b53e-4592a761e7d2] INFO  segmented.SegmentedRaftLogWorker (SegmentedRaftLogWorker.java:run(313)) - d2bc92ad-7d78-408f-a6ab-434098f1c8bb-SegmentedRaftLogWorker:Storage Directory /workdir/hadoop-ozone/integration-test/target/test-dir/MiniOzoneClusterImpl-fbf2683a-c8d7-46fa-a564-419916e3e42d/datanode-5/data/ratis/b9d94e76-c278-4554-b53e-4592a761e7d2 was interrupted, exiting. There are 0 tasks remaining in the queue.
2019-09-04 10:17:36,539 [ForkJoinPool.commonPool-worker-1] INFO  segmented.SegmentedRaftLogWorker (SegmentedRaftLogWorker.java:close(228)) - d2bc92ad-7d78-408f-a6ab-434098f1c8bb-SegmentedRaftLogWorker:Storage Directory /workdir/hadoop-ozone/integration-test/target/test-dir/MiniOzoneClusterImpl-fbf2683a-c8d7-46fa-a564-419916e3e42d/datanode-5/data/ratis/b9d94e76-c278-4554-b53e-4592a761e7d2 close()
2019-09-04 10:17:36,554 [StateMachineUpdater:d2bc92ad-7d78-408f-a6ab-434098f1c8bb:group-FD19A9F8B1A0] INFO  ratis.ContainerStateMachine (ContainerStateMachine.java:takeSnapshot(294)) - group-FD19A9F8B1A0: Finished taking a snapshot at:(t:1, i:6) file:/workdir/hadoop-ozone/integration-test/target/test-dir/MiniOzoneClusterImpl-fbf2683a-c8d7-46fa-a564-419916e3e42d/datanode-5/data/ratis/efa49272-f0f4-48c0-84b3-fd19a9f8b1a0/sm/snapshot.1_6 time:23
2019-09-04 10:17:36,554 [StateMachineUpdater:d2bc92ad-7d78-408f-a6ab-434098f1c8bb:group-FD19A9F8B1A0] INFO  impl.StateMachineUpdater (StateMachineUpdater.java:takeSnapshot(242)) - StateMachineUpdater:d2bc92ad-7d78-408f-a6ab-434098f1c8bb:group-FD19A9F8B1A0: Took a snapshot at index 6
2019-09-04 10:17:36,554 [StateMachineUpdater:d2bc92ad-7d78-408f-a6ab-434098f1c8bb:group-FD19A9F8B1A0] INFO  impl.StateMachineUpdater (StateMachineUpdater.java:lambda$new$0(80)) - StateMachineUpdater:d2bc92ad-7d78-408f-a6ab-434098f1c8bb:group-FD19A9F8B1A0: snapshotIndex: updateIncreasingly -1 -> 6
2019-09-04 10:17:36,554 [main] INFO  impl.RaftServerImpl (ServerState.java:close(394)) - d2bc92ad-7d78-408f-a6ab-434098f1c8bb:group-FD19A9F8B1A0 closes. The last applied log index is 6
2019-09-04 10:17:36,555 [d2bc92ad-7d78-408f-a6ab-434098f1c8bb-SegmentedRaftLogWorker:Storage Directory /workdir/hadoop-ozone/integration-test/target/test-dir/MiniOzoneClusterImpl-fbf2683a-c8d7-46fa-a564-419916e3e42d/datanode-5/data/ratis/efa49272-f0f4-48c0-84b3-fd19a9f8b1a0] INFO  segmented.SegmentedRaftLogWorker (SegmentedRaftLogWorker.java:run(313)) - d2bc92ad-7d78-408f-a6ab-434098f1c8bb-SegmentedRaftLogWorker:Storage Directory /workdir/hadoop-ozone/integration-test/target/test-dir/MiniOzoneClusterImpl-fbf2683a-c8d7-46fa-a564-419916e3e42d/datanode-5/data/ratis/efa49272-f0f4-48c0-84b3-fd19a9f8b1a0 was interrupted, exiting. There are 0 tasks remaining in the queue.
2019-09-04 10:17:36,556 [main] INFO  segmented.SegmentedRaftLogWorker (SegmentedRaftLogWorker.java:close(228)) - d2bc92ad-7d78-408f-a6ab-434098f1c8bb-SegmentedRaftLogWorker:Storage Directory /workdir/hadoop-ozone/integration-test/target/test-dir/MiniOzoneClusterImpl-fbf2683a-c8d7-46fa-a564-419916e3e42d/datanode-5/data/ratis/efa49272-f0f4-48c0-84b3-fd19a9f8b1a0 close()
2019-09-04 10:17:36,557 [main] INFO  server.GrpcService (GrpcService.java:closeImpl(155)) - d2bc92ad-7d78-408f-a6ab-434098f1c8bb: shutdown server with port 33988 now
2019-09-04 10:17:36,558 [main] INFO  server.GrpcService (GrpcService.java:closeImpl(163)) - d2bc92ad-7d78-408f-a6ab-434098f1c8bb: shutdown server with port 33988 successfully
2019-09-04 10:17:36,559 [main] INFO  utils.BackgroundService (BackgroundService.java:shutdown(148)) - Shutting down service BlockDeletingService
2019-09-04 10:17:36,560 [refreshUsed-/workdir/hadoop-ozone/integration-test/target/test-dir/MiniOzoneClusterImpl-fbf2683a-c8d7-46fa-a564-419916e3e42d/datanode-5/data/containers] WARN  fs.CachingGetSpaceUsed (CachingGetSpaceUsed.java:run(183)) - Thread Interrupted waiting to refresh disk information: sleep interrupted
2019-09-04 10:17:36,576 [main] INFO  statemachine.DatanodeStateMachine (DatanodeStateMachine.java:stopDaemon(395)) - Ozone container server stopped.
2019-09-04 10:17:36,577 [main] INFO  handler.ContextHandler (ContextHandler.java:doStop(910)) - Stopped o.e.j.w.WebAppContext@2a8b1e67{/,null,UNAVAILABLE}{/hddsDatanode}
2019-09-04 10:17:36,578 [main] INFO  server.AbstractConnector (AbstractConnector.java:doStop(318)) - Stopped ServerConnector@22e94cf2{HTTP/1.1,[http/1.1]}{0.0.0.0:0}
2019-09-04 10:17:36,578 [main] INFO  handler.ContextHandler (ContextHandler.java:doStop(910)) - Stopped o.e.j.s.ServletContextHandler@14c16388{/static,jar:file:/home/user/.m2/repository/org/apache/hadoop/hadoop-hdds-container-service/0.5.0-SNAPSHOT/hadoop-hdds-container-service-0.5.0-SNAPSHOT.jar!/webapps/static,UNAVAILABLE}
2019-09-04 10:17:36,578 [main] INFO  handler.ContextHandler (ContextHandler.java:doStop(910)) - Stopped o.e.j.s.ServletContextHandler@13bea51d{/logs,file:///workdir/hadoop-ozone/integration-test/target/log,UNAVAILABLE}
2019-09-04 10:17:36,579 [main] INFO  ozone.MiniOzoneClusterImpl (MiniOzoneClusterImpl.java:stop(353)) - Stopping the StorageContainerManager
2019-09-04 10:17:36,579 [main] INFO  server.StorageContainerManager (StorageContainerManager.java:stop(797)) - Stopping Replication Manager Service.
2019-09-04 10:17:36,579 [main] INFO  container.ReplicationManager (ReplicationManager.java:stop(193)) - Stopping Replication Monitor Thread.
2019-09-04 10:17:36,579 [main] INFO  server.StorageContainerManager (StorageContainerManager.java:stop(804)) - Stopping Lease Manager of the command watchers
2019-09-04 10:17:36,579 [main] INFO  server.StorageContainerManager (StorageContainerManager.java:stop(811)) - Stopping datanode service RPC server
2019-09-04 10:17:36,580 [main] INFO  server.SCMDatanodeProtocolServer (SCMDatanodeProtocolServer.java:stop(367)) - Stopping the RPC server for DataNodes
2019-09-04 10:17:36,580 [main] INFO  ipc.Server (Server.java:stop(3082)) - Stopping server on 39253
2019-09-04 10:17:36,581 [IPC Server listener on 39253] INFO  ipc.Server (Server.java:run(1185)) - Stopping IPC Server listener on 39253
2019-09-04 10:17:36,583 [IPC Server Responder] INFO  ipc.Server (Server.java:run(1319)) - Stopping IPC Server Responder
2019-09-04 10:17:36,647 [SCM Heartbeat Processing Thread - 0] WARN  node.NodeStateManager (NodeStateManager.java:scheduleNextHealthCheck(655)) - Current Thread is interrupted, shutting down HB processing thread for Node Manager.
2019-09-04 10:17:36,648 [main] INFO  server.StorageContainerManager (StorageContainerManager.java:stop(819)) - Stopping block service RPC server
2019-09-04 10:17:36,648 [main] INFO  server.SCMBlockProtocolServer (SCMBlockProtocolServer.java:stop(148)) - Stopping the RPC server for Block Protocol
2019-09-04 10:17:36,648 [main] INFO  ipc.Server (Server.java:stop(3082)) - Stopping server on 46106
2019-09-04 10:17:36,650 [IPC Server listener on 46106] INFO  ipc.Server (Server.java:run(1185)) - Stopping IPC Server listener on 46106
2019-09-04 10:17:36,651 [main] INFO  server.StorageContainerManager (StorageContainerManager.java:stop(826)) - Stopping the StorageContainerLocationProtocol RPC server
2019-09-04 10:17:36,651 [IPC Server Responder] INFO  ipc.Server (Server.java:run(1319)) - Stopping IPC Server Responder
2019-09-04 10:17:36,651 [main] INFO  server.SCMClientProtocolServer (SCMClientProtocolServer.java:stop(159)) - Stopping the RPC server for Client Protocol
2019-09-04 10:17:36,654 [main] INFO  ipc.Server (Server.java:stop(3082)) - Stopping server on 35052
2019-09-04 10:17:36,656 [IPC Server listener on 35052] INFO  ipc.Server (Server.java:run(1185)) - Stopping IPC Server listener on 35052
2019-09-04 10:17:36,656 [main] INFO  server.StorageContainerManager (StorageContainerManager.java:stop(833)) - Stopping Storage Container Manager HTTP server.
2019-09-04 10:17:36,656 [IPC Server Responder] INFO  ipc.Server (Server.java:run(1319)) - Stopping IPC Server Responder
2019-09-04 10:17:36,659 [main] INFO  handler.ContextHandler (ContextHandler.java:doStop(910)) - Stopped o.e.j.w.WebAppContext@5d8b5cf6{/,null,UNAVAILABLE}{/scm}
2019-09-04 10:17:36,660 [main] INFO  server.AbstractConnector (AbstractConnector.java:doStop(318)) - Stopped ServerConnector@484313a6{HTTP/1.1,[http/1.1]}{0.0.0.0:0}
2019-09-04 10:17:36,660 [main] INFO  handler.ContextHandler (ContextHandler.java:doStop(910)) - Stopped o.e.j.s.ServletContextHandler@7d800902{/static,file:///workdir/hadoop-ozone/integration-test/target/test-classes/webapps/static,UNAVAILABLE}
2019-09-04 10:17:36,660 [main] INFO  handler.ContextHandler (ContextHandler.java:doStop(910)) - Stopped o.e.j.s.ServletContextHandler@3ef85262{/logs,file:///workdir/hadoop-ozone/integration-test/target/log,UNAVAILABLE}
2019-09-04 10:17:36,661 [main] INFO  server.StorageContainerManager (StorageContainerManager.java:stop(844)) - Stopping Block Manager Service.
2019-09-04 10:17:36,662 [main] INFO  utils.BackgroundService (BackgroundService.java:shutdown(148)) - Shutting down service SCMBlockDeletingService
2019-09-04 10:17:36,662 [main] INFO  utils.BackgroundService (BackgroundService.java:shutdown(148)) - Shutting down service SCMBlockDeletingService
2019-09-04 10:17:36,662 [main] INFO  server.StorageContainerManager (StorageContainerManager.java:stop(866)) - Stopping SCM Event Queue.
2019-09-04 10:17:36,666 [main] INFO  impl.MetricsSystemImpl (MetricsSystemImpl.java:stop(210)) - Stopping HddsDatanode metrics system...
2019-09-04 10:17:36,682 [main] INFO  impl.MetricsSystemImpl (MetricsSystemImpl.java:stop(216)) - HddsDatanode metrics system stopped.
]]></system-out>
    <system-err><![CDATA[Sep 04, 2019 10:17:03 AM com.sun.jersey.server.impl.application.WebApplicationImpl _initiate
INFO: Initiating Jersey application, version 'Jersey: 1.19 02/11/2015 03:25 AM'
Sep 04, 2019 10:17:03 AM com.sun.jersey.server.impl.application.WebApplicationImpl _initiate
INFO: Initiating Jersey application, version 'Jersey: 1.19 02/11/2015 03:25 AM'
Sep 04, 2019 10:17:03 AM com.sun.jersey.server.impl.application.WebApplicationImpl _initiate
INFO: Initiating Jersey application, version 'Jersey: 1.19 02/11/2015 03:25 AM'
Sep 04, 2019 10:17:03 AM com.sun.jersey.server.impl.application.WebApplicationImpl _initiate
INFO: Initiating Jersey application, version 'Jersey: 1.19 02/11/2015 03:25 AM'
Sep 04, 2019 10:17:04 AM com.sun.jersey.server.impl.application.WebApplicationImpl _initiate
INFO: Initiating Jersey application, version 'Jersey: 1.19 02/11/2015 03:25 AM'
Sep 04, 2019 10:17:04 AM com.sun.jersey.server.impl.application.WebApplicationImpl _initiate
INFO: Initiating Jersey application, version 'Jersey: 1.19 02/11/2015 03:25 AM'
Sep 04, 2019 10:17:04 AM com.sun.jersey.server.impl.application.WebApplicationImpl _initiate
INFO: Initiating Jersey application, version 'Jersey: 1.19 02/11/2015 03:25 AM'
Sep 04, 2019 10:17:05 AM org.apache.ratis.thirdparty.io.grpc.internal.ManagedChannelOrphanWrapper$ManagedChannelReference cleanQueue
SEVERE: *~*~*~ Channel ManagedChannelImpl{logId=3471, target=192.168.36.67:35386} was not shutdown properly!!! ~*~*~*
    Make sure to call shutdown()/shutdownNow() and wait until awaitTermination() returns true.
java.lang.RuntimeException: ManagedChannel allocation site
	at org.apache.ratis.thirdparty.io.grpc.internal.ManagedChannelOrphanWrapper$ManagedChannelReference.<init>(ManagedChannelOrphanWrapper.java:103)
	at org.apache.ratis.thirdparty.io.grpc.internal.ManagedChannelOrphanWrapper.<init>(ManagedChannelOrphanWrapper.java:53)
	at org.apache.ratis.thirdparty.io.grpc.internal.ManagedChannelOrphanWrapper.<init>(ManagedChannelOrphanWrapper.java:44)
	at org.apache.ratis.thirdparty.io.grpc.internal.AbstractManagedChannelImplBuilder.build(AbstractManagedChannelImplBuilder.java:411)
	at org.apache.ratis.grpc.client.GrpcClientProtocolClient.<init>(GrpcClientProtocolClient.java:119)
	at org.apache.ratis.grpc.client.GrpcClientRpc.lambda$new$0(GrpcClientRpc.java:55)
	at org.apache.ratis.util.PeerProxyMap$PeerAndProxy.lambda$getProxy$0(PeerProxyMap.java:61)
	at org.apache.ratis.util.LifeCycle.startAndTransition(LifeCycle.java:202)
	at org.apache.ratis.util.PeerProxyMap$PeerAndProxy.getProxy(PeerProxyMap.java:60)
	at org.apache.ratis.util.PeerProxyMap.getProxy(PeerProxyMap.java:107)
	at org.apache.ratis.grpc.client.GrpcClientRpc.sendRequestAsync(GrpcClientRpc.java:66)
	at org.apache.ratis.client.impl.OrderedAsync.sendRequest(OrderedAsync.java:208)
	at org.apache.ratis.client.impl.OrderedAsync.sendRequestWithRetry(OrderedAsync.java:169)
	at org.apache.ratis.util.SlidingWindow$Client.sendOrDelayRequest(SlidingWindow.java:278)
	at org.apache.ratis.util.SlidingWindow$Client.submitNewRequest(SlidingWindow.java:257)
	at org.apache.ratis.client.impl.OrderedAsync.send(OrderedAsync.java:155)
	at org.apache.ratis.client.impl.RaftClientImpl.sendAsync(RaftClientImpl.java:145)
	at org.apache.ratis.client.impl.RaftClientImpl.sendAsync(RaftClientImpl.java:125)
	at org.apache.hadoop.hdds.scm.XceiverClientRatis.sendRequestAsync(XceiverClientRatis.java:224)
	at org.apache.hadoop.hdds.scm.XceiverClientRatis.sendCommandAsync(XceiverClientRatis.java:302)
	at org.apache.hadoop.hdds.scm.storage.ContainerProtocolCalls.writeChunkAsync(ContainerProtocolCalls.java:310)
	at org.apache.hadoop.hdds.scm.storage.BlockOutputStream.writeChunkToContainer(BlockOutputStream.java:601)
	at org.apache.hadoop.hdds.scm.storage.BlockOutputStream.writeChunk(BlockOutputStream.java:459)
	at org.apache.hadoop.hdds.scm.storage.BlockOutputStream.writeOnRetry(BlockOutputStream.java:285)
	at org.apache.hadoop.ozone.client.io.BlockOutputStreamEntry.writeOnRetry(BlockOutputStreamEntry.java:200)
	at org.apache.hadoop.ozone.client.io.KeyOutputStream.handleWrite(KeyOutputStream.java:209)
	at org.apache.hadoop.ozone.client.io.KeyOutputStream.handleRetry(KeyOutputStream.java:376)
	at org.apache.hadoop.ozone.client.io.KeyOutputStream.handleException(KeyOutputStream.java:325)
	at org.apache.hadoop.ozone.client.io.KeyOutputStream.handleFlushOrClose(KeyOutputStream.java:448)
	at org.apache.hadoop.ozone.client.io.KeyOutputStream.flush(KeyOutputStream.java:396)
	at org.apache.hadoop.ozone.client.io.OzoneOutputStream.flush(OzoneOutputStream.java:54)
	at org.apache.hadoop.ozone.client.rpc.TestBlockOutputStreamWithFailures.testFailureWithPrimeSizedData(TestBlockOutputStreamWithFailures.java:599)
	at sun.reflect.NativeMethodAccessorImpl.invoke0(Native Method)
	at sun.reflect.NativeMethodAccessorImpl.invoke(NativeMethodAccessorImpl.java:62)
	at sun.reflect.DelegatingMethodAccessorImpl.invoke(DelegatingMethodAccessorImpl.java:43)
	at java.lang.reflect.Method.invoke(Method.java:498)
	at org.junit.runners.model.FrameworkMethod$1.runReflectiveCall(FrameworkMethod.java:47)
	at org.junit.internal.runners.model.ReflectiveCallable.run(ReflectiveCallable.java:12)
	at org.junit.runners.model.FrameworkMethod.invokeExplosively(FrameworkMethod.java:44)
	at org.junit.internal.runners.statements.InvokeMethod.evaluate(InvokeMethod.java:17)
	at org.junit.internal.runners.statements.RunBefores.evaluate(RunBefores.java:26)
	at org.junit.internal.runners.statements.RunAfters.evaluate(RunAfters.java:27)
	at org.junit.runners.ParentRunner.runLeaf(ParentRunner.java:271)
	at org.junit.runners.BlockJUnit4ClassRunner.runChild(BlockJUnit4ClassRunner.java:70)
	at org.junit.runners.BlockJUnit4ClassRunner.runChild(BlockJUnit4ClassRunner.java:50)
	at org.junit.runners.ParentRunner$3.run(ParentRunner.java:238)
	at org.junit.runners.ParentRunner$1.schedule(ParentRunner.java:63)
	at org.junit.runners.ParentRunner.runChildren(ParentRunner.java:236)
	at org.junit.runners.ParentRunner.access$000(ParentRunner.java:53)
	at org.junit.runners.ParentRunner$2.evaluate(ParentRunner.java:229)
	at org.junit.runners.ParentRunner.run(ParentRunner.java:309)
	at org.apache.maven.surefire.junit4.JUnit4Provider.execute(JUnit4Provider.java:365)
	at org.apache.maven.surefire.junit4.JUnit4Provider.executeWithRerun(JUnit4Provider.java:273)
	at org.apache.maven.surefire.junit4.JUnit4Provider.executeTestSet(JUnit4Provider.java:238)
	at org.apache.maven.surefire.junit4.JUnit4Provider.invoke(JUnit4Provider.java:159)
	at org.apache.maven.surefire.booter.ForkedBooter.invokeProviderInSameClassLoader(ForkedBooter.java:384)
	at org.apache.maven.surefire.booter.ForkedBooter.runSuitesInProcess(ForkedBooter.java:345)
	at org.apache.maven.surefire.booter.ForkedBooter.execute(ForkedBooter.java:126)
	at org.apache.maven.surefire.booter.ForkedBooter.main(ForkedBooter.java:418)

Sep 04, 2019 10:17:05 AM org.apache.ratis.thirdparty.io.grpc.internal.ManagedChannelOrphanWrapper$ManagedChannelReference cleanQueue
SEVERE: *~*~*~ Channel ManagedChannelImpl{logId=3454, target=192.168.36.67:36361} was not shutdown properly!!! ~*~*~*
    Make sure to call shutdown()/shutdownNow() and wait until awaitTermination() returns true.
java.lang.RuntimeException: ManagedChannel allocation site
	at org.apache.ratis.thirdparty.io.grpc.internal.ManagedChannelOrphanWrapper$ManagedChannelReference.<init>(ManagedChannelOrphanWrapper.java:103)
	at org.apache.ratis.thirdparty.io.grpc.internal.ManagedChannelOrphanWrapper.<init>(ManagedChannelOrphanWrapper.java:53)
	at org.apache.ratis.thirdparty.io.grpc.internal.ManagedChannelOrphanWrapper.<init>(ManagedChannelOrphanWrapper.java:44)
	at org.apache.ratis.thirdparty.io.grpc.internal.AbstractManagedChannelImplBuilder.build(AbstractManagedChannelImplBuilder.java:411)
	at org.apache.ratis.grpc.client.GrpcClientProtocolClient.<init>(GrpcClientProtocolClient.java:119)
	at org.apache.ratis.grpc.client.GrpcClientRpc.lambda$new$0(GrpcClientRpc.java:55)
	at org.apache.ratis.util.PeerProxyMap$PeerAndProxy.lambda$getProxy$0(PeerProxyMap.java:61)
	at org.apache.ratis.util.LifeCycle.startAndTransition(LifeCycle.java:202)
	at org.apache.ratis.util.PeerProxyMap$PeerAndProxy.getProxy(PeerProxyMap.java:60)
	at org.apache.ratis.util.PeerProxyMap.getProxy(PeerProxyMap.java:107)
	at org.apache.ratis.grpc.client.GrpcClientRpc.sendRequestAsync(GrpcClientRpc.java:66)
	at org.apache.ratis.client.impl.OrderedAsync.sendRequest(OrderedAsync.java:208)
	at org.apache.ratis.client.impl.OrderedAsync.sendRequestWithRetry(OrderedAsync.java:169)
	at org.apache.ratis.util.SlidingWindow$Client.sendOrDelayRequest(SlidingWindow.java:278)
	at org.apache.ratis.util.SlidingWindow$Client.retry(SlidingWindow.java:294)
	at org.apache.ratis.client.impl.OrderedAsync.lambda$scheduleWithTimeout$7(OrderedAsync.java:195)
	at org.apache.ratis.util.TimeoutScheduler.lambda$onTimeout$0(TimeoutScheduler.java:85)
	at org.apache.ratis.util.TimeoutScheduler.lambda$onTimeout$1(TimeoutScheduler.java:104)
	at org.apache.ratis.util.LogUtils.runAndLog(LogUtils.java:50)
	at org.apache.ratis.util.LogUtils$1.run(LogUtils.java:91)
	at java.util.concurrent.Executors$RunnableAdapter.call(Executors.java:511)
	at java.util.concurrent.FutureTask.run(FutureTask.java:266)
	at java.util.concurrent.ScheduledThreadPoolExecutor$ScheduledFutureTask.access$201(ScheduledThreadPoolExecutor.java:180)
	at java.util.concurrent.ScheduledThreadPoolExecutor$ScheduledFutureTask.run(ScheduledThreadPoolExecutor.java:293)
	at java.util.concurrent.ThreadPoolExecutor.runWorker(ThreadPoolExecutor.java:1149)
	at java.util.concurrent.ThreadPoolExecutor$Worker.run(ThreadPoolExecutor.java:624)
	at java.lang.Thread.run(Thread.java:748)

]]></system-err>
  </testcase>
  <testcase name="testExceptionDuringClose" classname="org.apache.hadoop.ozone.client.rpc.TestBlockOutputStreamWithFailures" time="35.937"/>
</testsuite>