<?xml version="1.0" encoding="UTF-8"?>
<testsuite xmlns:xsi="http://www.w3.org/2001/XMLSchema-instance" xsi:noNamespaceSchemaLocation="https://maven.apache.org/surefire/maven-surefire-plugin/xsd/surefire-test-report.xsd" name="org.apache.hadoop.ozone.client.rpc.TestWatchForCommit" time="216.278" tests="5" errors="1" skipped="0" failures="0">
  <properties>
    <property name="awt.toolkit" value="sun.awt.X11.XToolkit"/>
    <property name="file.encoding.pkg" value="sun.io"/>
    <property name="java.specification.version" value="1.8"/>
    <property name="sun.cpu.isalist" value=""/>
    <property name="sun.jnu.encoding" value="UTF-8"/>
    <property name="java.class.path" value="/workdir/hadoop-ozone/integration-test/target/test-classes:/workdir/hadoop-ozone/integration-test/target/classes:/home/user/.m2/repository/org/apache/hadoop/hadoop-ozone-common/0.5.0-SNAPSHOT/hadoop-ozone-common-0.5.0-SNAPSHOT.jar:/home/user/.m2/repository/org/apache/commons/commons-compress/1.4.1/commons-compress-1.4.1.jar:/home/user/.m2/repository/org/tukaani/xz/1.0/xz-1.0.jar:/home/user/.m2/repository/org/apache/hadoop/hadoop-common/3.2.0/hadoop-common-3.2.0.jar:/home/user/.m2/repository/org/apache/hadoop/hadoop-hdfs/3.2.0/hadoop-hdfs-3.2.0.jar:/home/user/.m2/repository/org/apache/hadoop/hadoop-hdfs-client/3.2.0/hadoop-hdfs-client-3.2.0.jar:/home/user/.m2/repository/com/fasterxml/jackson/core/jackson-annotations/2.9.5/jackson-annotations-2.9.5.jar:/home/user/.m2/repository/org/apache/hadoop/hadoop-hdds-common/0.5.0-SNAPSHOT/hadoop-hdds-common-0.5.0-SNAPSHOT.jar:/home/user/.m2/repository/javax/annotation/javax.annotation-api/1.2/javax.annotation-api-1.2.jar:/home/user/.m2/repository/org/apache/ratis/ratis-server/0.4.0-2337318-SNAPSHOT/ratis-server-0.4.0-2337318-SNAPSHOT.jar:/home/user/.m2/repository/org/apache/ratis/ratis-thirdparty-misc/0.2.0/ratis-thirdparty-misc-0.2.0.jar:/home/user/.m2/repository/org/apache/ratis/ratis-proto/0.4.0-2337318-SNAPSHOT/ratis-proto-0.4.0-2337318-SNAPSHOT.jar:/home/user/.m2/repository/org/apache/ratis/ratis-common/0.4.0-2337318-SNAPSHOT/ratis-common-0.4.0-2337318-SNAPSHOT.jar:/home/user/.m2/repository/org/apache/ratis/ratis-client/0.4.0-2337318-SNAPSHOT/ratis-client-0.4.0-2337318-SNAPSHOT.jar:/home/user/.m2/repository/org/apache/ratis/ratis-metrics/0.4.0-2337318-SNAPSHOT/ratis-metrics-0.4.0-2337318-SNAPSHOT.jar:/home/user/.m2/repository/org/apache/ratis/ratis-netty/0.4.0-2337318-SNAPSHOT/ratis-netty-0.4.0-2337318-SNAPSHOT.jar:/home/user/.m2/repository/org/apache/ratis/ratis-grpc/0.4.0-2337318-SNAPSHOT/ratis-grpc-0.4.0-2337318-SNAPSHOT.jar:/home/user/.m2/repository/org/rocksdb/rocksdbjni/6.0.1/rocksdbjni-6.0.1.jar:/home/user/.m2/repository/org/apache/logging/log4j/log4j-api/2.11.0/log4j-api-2.11.0.jar:/home/user/.m2/repository/org/apache/logging/log4j/log4j-core/2.11.0/log4j-core-2.11.0.jar:/home/user/.m2/repository/com/lmax/disruptor/3.4.2/disruptor-3.4.2.jar:/home/user/.m2/repository/org/apache/commons/commons-pool2/2.6.0/commons-pool2-2.6.0.jar:/home/user/.m2/repository/org/bouncycastle/bcpkix-jdk15on/1.60/bcpkix-jdk15on-1.60.jar:/home/user/.m2/repository/commons-validator/commons-validator/1.6/commons-validator-1.6.jar:/home/user/.m2/repository/commons-digester/commons-digester/1.8.1/commons-digester-1.8.1.jar:/home/user/.m2/repository/io/jaegertracing/jaeger-client/0.33.1/jaeger-client-0.33.1.jar:/home/user/.m2/repository/io/jaegertracing/jaeger-thrift/0.33.1/jaeger-thrift-0.33.1.jar:/home/user/.m2/repository/org/apache/thrift/libthrift/0.11.0/libthrift-0.11.0.jar:/home/user/.m2/repository/com/squareup/okhttp3/okhttp/3.9.0/okhttp-3.9.0.jar:/home/user/.m2/repository/com/squareup/okio/okio/1.13.0/okio-1.13.0.jar:/home/user/.m2/repository/io/jaegertracing/jaeger-core/0.33.1/jaeger-core-0.33.1.jar:/home/user/.m2/repository/io/jaegertracing/jaeger-tracerresolver/0.33.1/jaeger-tracerresolver-0.33.1.jar:/home/user/.m2/repository/io/opentracing/contrib/opentracing-tracerresolver/0.1.5/opentracing-tracerresolver-0.1.5.jar:/home/user/.m2/repository/io/opentracing/opentracing-util/0.31.0/opentracing-util-0.31.0.jar:/home/user/.m2/repository/io/opentracing/opentracing-api/0.31.0/opentracing-api-0.31.0.jar:/home/user/.m2/repository/io/opentracing/opentracing-noop/0.31.0/opentracing-noop-0.31.0.jar:/home/user/.m2/repository/org/apache/hadoop/hadoop-hdds-server-framework/0.5.0-SNAPSHOT/hadoop-hdds-server-framework-0.5.0-SNAPSHOT.jar:/home/user/.m2/repository/org/apache/hadoop/hadoop-hdds-container-service/0.5.0-SNAPSHOT/hadoop-hdds-container-service-0.5.0-SNAPSHOT.jar:/home/user/.m2/repository/org/apache/hadoop/hadoop-hdds-client/0.5.0-SNAPSHOT/hadoop-hdds-client-0.5.0-SNAPSHOT.jar:/home/user/.m2/repository/org/apache/hadoop/hadoop-hdds-tools/0.5.0-SNAPSHOT/hadoop-hdds-tools-0.5.0-SNAPSHOT.jar:/home/user/.m2/repository/org/apache/hadoop/hadoop-hdds-server-scm/0.5.0-SNAPSHOT/hadoop-hdds-server-scm-0.5.0-SNAPSHOT.jar:/home/user/.m2/repository/org/apache/hadoop/hadoop-hdds-docs/0.5.0-SNAPSHOT/hadoop-hdds-docs-0.5.0-SNAPSHOT.jar:/home/user/.m2/repository/io/dropwizard/metrics/metrics-core/3.2.4/metrics-core-3.2.4.jar:/home/user/.m2/repository/org/hamcrest/hamcrest-all/1.3/hamcrest-all-1.3.jar:/home/user/.m2/repository/org/bouncycastle/bcprov-jdk15on/1.60/bcprov-jdk15on-1.60.jar:/home/user/.m2/repository/info/picocli/picocli/3.9.6/picocli-3.9.6.jar:/home/user/.m2/repository/com/google/protobuf/protobuf-java/2.5.0/protobuf-java-2.5.0.jar:/home/user/.m2/repository/com/google/guava/guava/11.0.2/guava-11.0.2.jar:/home/user/.m2/repository/org/apache/hadoop/hadoop-ozone-ozone-manager/0.5.0-SNAPSHOT/hadoop-ozone-ozone-manager-0.5.0-SNAPSHOT.jar:/home/user/.m2/repository/org/apache/hadoop/hadoop-minikdc/3.2.0/hadoop-minikdc-3.2.0.jar:/home/user/.m2/repository/commons-io/commons-io/2.5/commons-io-2.5.jar:/home/user/.m2/repository/org/apache/kerby/kerb-simplekdc/1.0.1/kerb-simplekdc-1.0.1.jar:/home/user/.m2/repository/org/apache/kerby/kerb-client/1.0.1/kerb-client-1.0.1.jar:/home/user/.m2/repository/org/apache/kerby/kerby-config/1.0.1/kerby-config-1.0.1.jar:/home/user/.m2/repository/org/apache/kerby/kerb-core/1.0.1/kerb-core-1.0.1.jar:/home/user/.m2/repository/org/apache/kerby/kerby-pkix/1.0.1/kerby-pkix-1.0.1.jar:/home/user/.m2/repository/org/apache/kerby/kerby-asn1/1.0.1/kerby-asn1-1.0.1.jar:/home/user/.m2/repository/org/apache/kerby/kerby-util/1.0.1/kerby-util-1.0.1.jar:/home/user/.m2/repository/org/apache/kerby/kerb-common/1.0.1/kerb-common-1.0.1.jar:/home/user/.m2/repository/org/apache/kerby/kerb-crypto/1.0.1/kerb-crypto-1.0.1.jar:/home/user/.m2/repository/org/apache/kerby/kerb-util/1.0.1/kerb-util-1.0.1.jar:/home/user/.m2/repository/org/apache/kerby/token-provider/1.0.1/token-provider-1.0.1.jar:/home/user/.m2/repository/org/apache/kerby/kerb-admin/1.0.1/kerb-admin-1.0.1.jar:/home/user/.m2/repository/org/apache/kerby/kerb-server/1.0.1/kerb-server-1.0.1.jar:/home/user/.m2/repository/org/apache/kerby/kerb-identity/1.0.1/kerb-identity-1.0.1.jar:/home/user/.m2/repository/org/apache/kerby/kerby-xdr/1.0.1/kerby-xdr-1.0.1.jar:/home/user/.m2/repository/org/slf4j/slf4j-log4j12/1.7.25/slf4j-log4j12-1.7.25.jar:/home/user/.m2/repository/org/apache/hadoop/hadoop-ozone-objectstore-service/0.5.0-SNAPSHOT/hadoop-ozone-objectstore-service-0.5.0-SNAPSHOT.jar:/home/user/.m2/repository/org/apache/hadoop/hadoop-ozone-s3gateway/0.5.0-SNAPSHOT/hadoop-ozone-s3gateway-0.5.0-SNAPSHOT.jar:/home/user/.m2/repository/org/jboss/weld/servlet/weld-servlet/2.4.7.Final/weld-servlet-2.4.7.Final.jar:/home/user/.m2/repository/org/glassfish/jersey/containers/jersey-container-servlet-core/2.27/jersey-container-servlet-core-2.27.jar:/home/user/.m2/repository/org/glassfish/hk2/external/javax.inject/2.5.0-b42/javax.inject-2.5.0-b42.jar:/home/user/.m2/repository/org/glassfish/jersey/core/jersey-common/2.27/jersey-common-2.27.jar:/home/user/.m2/repository/org/glassfish/hk2/osgi-resource-locator/1.0.1/osgi-resource-locator-1.0.1.jar:/home/user/.m2/repository/javax/ws/rs/javax.ws.rs-api/2.1/javax.ws.rs-api-2.1.jar:/home/user/.m2/repository/org/glassfish/jersey/ext/cdi/jersey-cdi1x/2.27/jersey-cdi1x-2.27.jar:/home/user/.m2/repository/org/glassfish/jersey/inject/jersey-hk2/2.27/jersey-hk2-2.27.jar:/home/user/.m2/repository/org/glassfish/hk2/hk2-locator/2.5.0-b42/hk2-locator-2.5.0-b42.jar:/home/user/.m2/repository/org/javassist/javassist/3.22.0-CR2/javassist-3.22.0-CR2.jar:/home/user/.m2/repository/org/glassfish/hk2/hk2-api/2.5.0/hk2-api-2.5.0.jar:/home/user/.m2/repository/org/glassfish/hk2/external/jakarta.inject/2.5.0/jakarta.inject-2.5.0.jar:/home/user/.m2/repository/org/glassfish/hk2/hk2-utils/2.5.0/hk2-utils-2.5.0.jar:/home/user/.m2/repository/jakarta/annotation/jakarta.annotation-api/1.3.4/jakarta.annotation-api-1.3.4.jar:/home/user/.m2/repository/org/glassfish/hk2/external/aopalliance-repackaged/2.5.0/aopalliance-repackaged-2.5.0.jar:/home/user/.m2/repository/com/fasterxml/jackson/dataformat/jackson-dataformat-xml/2.9.0/jackson-dataformat-xml-2.9.0.jar:/home/user/.m2/repository/com/fasterxml/jackson/core/jackson-core/2.9.5/jackson-core-2.9.5.jar:/home/user/.m2/repository/com/fasterxml/jackson/module/jackson-module-jaxb-annotations/2.9.5/jackson-module-jaxb-annotations-2.9.5.jar:/home/user/.m2/repository/javax/enterprise/cdi-api/1.2/cdi-api-1.2.jar:/home/user/.m2/repository/javax/el/javax.el-api/3.0.0/javax.el-api-3.0.0.jar:/home/user/.m2/repository/javax/interceptor/javax.interceptor-api/1.2/javax.interceptor-api-1.2.jar:/home/user/.m2/repository/javax/inject/javax.inject/1/javax.inject-1.jar:/home/user/.m2/repository/com/sun/xml/bind/jaxb-impl/2.3.0.1/jaxb-impl-2.3.0.1.jar:/home/user/.m2/repository/com/sun/xml/bind/jaxb-core/2.3.0.1/jaxb-core-2.3.0.1.jar:/home/user/.m2/repository/javax/xml/bind/jaxb-api/2.3.0/jaxb-api-2.3.0.jar:/home/user/.m2/repository/javax/activation/activation/1.1.1/activation-1.1.1.jar:/home/user/.m2/repository/org/apache/hadoop/hadoop-ozone-csi/0.5.0-SNAPSHOT/hadoop-ozone-csi-0.5.0-SNAPSHOT.jar:/home/user/.m2/repository/com/google/protobuf/protobuf-java-util/3.5.1/protobuf-java-util-3.5.1.jar:/home/user/.m2/repository/org/apache/hadoop/hadoop-hdds-config/0.5.0-SNAPSHOT/hadoop-hdds-config-0.5.0-SNAPSHOT.jar:/home/user/.m2/repository/io/grpc/grpc-netty/1.17.1/grpc-netty-1.17.1.jar:/home/user/.m2/repository/io/grpc/grpc-core/1.17.1/grpc-core-1.17.1.jar:/home/user/.m2/repository/io/grpc/grpc-context/1.17.1/grpc-context-1.17.1.jar:/home/user/.m2/repository/com/google/errorprone/error_prone_annotations/2.2.0/error_prone_annotations-2.2.0.jar:/home/user/.m2/repository/org/codehaus/mojo/animal-sniffer-annotations/1.17/animal-sniffer-annotations-1.17.jar:/home/user/.m2/repository/io/opencensus/opencensus-api/0.17.0/opencensus-api-0.17.0.jar:/home/user/.m2/repository/io/opencensus/opencensus-contrib-grpc-metrics/0.17.0/opencensus-contrib-grpc-metrics-0.17.0.jar:/home/user/.m2/repository/io/netty/netty-codec-http2/4.1.30.Final/netty-codec-http2-4.1.30.Final.jar:/home/user/.m2/repository/io/netty/netty-codec-http/4.1.30.Final/netty-codec-http-4.1.30.Final.jar:/home/user/.m2/repository/io/netty/netty-codec/4.1.30.Final/netty-codec-4.1.30.Final.jar:/home/user/.m2/repository/io/netty/netty-handler/4.1.30.Final/netty-handler-4.1.30.Final.jar:/home/user/.m2/repository/io/netty/netty-handler-proxy/4.1.30.Final/netty-handler-proxy-4.1.30.Final.jar:/home/user/.m2/repository/io/netty/netty-codec-socks/4.1.30.Final/netty-codec-socks-4.1.30.Final.jar:/home/user/.m2/repository/io/netty/netty-transport-native-epoll/4.1.30.Final/netty-transport-native-epoll-4.1.30.Final.jar:/home/user/.m2/repository/io/netty/netty-common/4.1.30.Final/netty-common-4.1.30.Final.jar:/home/user/.m2/repository/io/netty/netty-buffer/4.1.30.Final/netty-buffer-4.1.30.Final.jar:/home/user/.m2/repository/io/netty/netty-transport/4.1.30.Final/netty-transport-4.1.30.Final.jar:/home/user/.m2/repository/io/netty/netty-resolver/4.1.30.Final/netty-resolver-4.1.30.Final.jar:/home/user/.m2/repository/io/netty/netty-transport-native-unix-common/4.1.30.Final/netty-transport-native-unix-common-4.1.30.Final.jar:/home/user/.m2/repository/io/grpc/grpc-protobuf/1.17.1/grpc-protobuf-1.17.1.jar:/home/user/.m2/repository/com/google/api/grpc/proto-google-common-protos/1.0.0/proto-google-common-protos-1.0.0.jar:/home/user/.m2/repository/io/grpc/grpc-protobuf-lite/1.17.1/grpc-protobuf-lite-1.17.1.jar:/home/user/.m2/repository/io/grpc/grpc-stub/1.17.1/grpc-stub-1.17.1.jar:/home/user/.m2/repository/org/apache/hadoop/hadoop-ozone-recon/0.5.0-SNAPSHOT/hadoop-ozone-recon-0.5.0-SNAPSHOT.jar:/home/user/.m2/repository/org/apache/hadoop/hadoop-ozone-reconcodegen/0.5.0-SNAPSHOT/hadoop-ozone-reconcodegen-0.5.0-SNAPSHOT.jar:/home/user/.m2/repository/com/google/inject/extensions/guice-multibindings/4.0/guice-multibindings-4.0.jar:/home/user/.m2/repository/com/google/inject/guice/4.0/guice-4.0.jar:/home/user/.m2/repository/aopalliance/aopalliance/1.0/aopalliance-1.0.jar:/home/user/.m2/repository/com/google/inject/extensions/guice-servlet/4.0/guice-servlet-4.0.jar:/home/user/.m2/repository/org/glassfish/jersey/containers/jersey-container-servlet/2.27/jersey-container-servlet-2.27.jar:/home/user/.m2/repository/org/glassfish/hk2/guice-bridge/2.5.0/guice-bridge-2.5.0.jar:/home/user/.m2/repository/org/glassfish/jersey/core/jersey-server/2.27/jersey-server-2.27.jar:/home/user/.m2/repository/org/glassfish/jersey/core/jersey-client/2.27/jersey-client-2.27.jar:/home/user/.m2/repository/org/glassfish/jersey/media/jersey-media-jaxb/2.27/jersey-media-jaxb-2.27.jar:/home/user/.m2/repository/javax/validation/validation-api/1.1.0.Final/validation-api-1.1.0.Final.jar:/home/user/.m2/repository/org/glassfish/jersey/media/jersey-media-json-jackson/2.27/jersey-media-json-jackson-2.27.jar:/home/user/.m2/repository/org/glassfish/jersey/ext/jersey-entity-filtering/2.27/jersey-entity-filtering-2.27.jar:/home/user/.m2/repository/com/google/inject/extensions/guice-assistedinject/4.0/guice-assistedinject-4.0.jar:/home/user/.m2/repository/org/jooq/jooq/3.11.10/jooq-3.11.10.jar:/home/user/.m2/repository/org/jooq/jooq-meta/3.11.10/jooq-meta-3.11.10.jar:/home/user/.m2/repository/org/jooq/jooq-codegen/3.11.10/jooq-codegen-3.11.10.jar:/home/user/.m2/repository/com/jolbox/bonecp/0.8.0.RELEASE/bonecp-0.8.0.RELEASE.jar:/home/user/.m2/repository/org/xerial/sqlite-jdbc/3.25.2/sqlite-jdbc-3.25.2.jar:/home/user/.m2/repository/org/springframework/spring-jdbc/5.1.3.RELEASE/spring-jdbc-5.1.3.RELEASE.jar:/home/user/.m2/repository/org/springframework/spring-beans/5.1.3.RELEASE/spring-beans-5.1.3.RELEASE.jar:/home/user/.m2/repository/org/springframework/spring-core/5.1.3.RELEASE/spring-core-5.1.3.RELEASE.jar:/home/user/.m2/repository/org/springframework/spring-jcl/5.1.3.RELEASE/spring-jcl-5.1.3.RELEASE.jar:/home/user/.m2/repository/org/springframework/spring-tx/5.1.3.RELEASE/spring-tx-5.1.3.RELEASE.jar:/home/user/.m2/repository/org/apache/hadoop/hadoop-ozone-client/0.5.0-SNAPSHOT/hadoop-ozone-client-0.5.0-SNAPSHOT.jar:/home/user/.m2/repository/commons-lang/commons-lang/2.6/commons-lang-2.6.jar:/home/user/.m2/repository/org/apache/hadoop/hadoop-ozone-ozone-manager/0.5.0-SNAPSHOT/hadoop-ozone-ozone-manager-0.5.0-SNAPSHOT-tests.jar:/home/user/.m2/repository/junit/junit/4.11/junit-4.11.jar:/home/user/.m2/repository/org/hamcrest/hamcrest-core/1.3/hamcrest-core-1.3.jar:/home/user/.m2/repository/org/openjdk/jmh/jmh-core/1.19/jmh-core-1.19.jar:/home/user/.m2/repository/net/sf/jopt-simple/jopt-simple/4.6/jopt-simple-4.6.jar:/home/user/.m2/repository/org/apache/commons/commons-math3/3.1.1/commons-math3-3.1.1.jar:/home/user/.m2/repository/org/openjdk/jmh/jmh-generator-annprocess/1.19/jmh-generator-annprocess-1.19.jar:/home/user/.m2/repository/org/mockito/mockito-all/1.8.5/mockito-all-1.8.5.jar:/home/user/.m2/repository/org/apache/hadoop/hadoop-kms/3.2.0/hadoop-kms-3.2.0.jar:/home/user/.m2/repository/org/apache/hadoop/hadoop-auth/3.2.0/hadoop-auth-3.2.0.jar:/home/user/.m2/repository/com/nimbusds/nimbus-jose-jwt/4.41.1/nimbus-jose-jwt-4.41.1.jar:/home/user/.m2/repository/com/github/stephenc/jcip/jcip-annotations/1.0-1/jcip-annotations-1.0-1.jar:/home/user/.m2/repository/net/minidev/json-smart/2.3/json-smart-2.3.jar:/home/user/.m2/repository/net/minidev/accessors-smart/1.2/accessors-smart-1.2.jar:/home/user/.m2/repository/org/ow2/asm/asm/5.0.4/asm-5.0.4.jar:/home/user/.m2/repository/org/apache/curator/curator-framework/2.12.0/curator-framework-2.12.0.jar:/home/user/.m2/repository/com/sun/jersey/jersey-core/1.19/jersey-core-1.19.jar:/home/user/.m2/repository/javax/ws/rs/jsr311-api/1.1.1/jsr311-api-1.1.1.jar:/home/user/.m2/repository/com/sun/jersey/jersey-server/1.19/jersey-server-1.19.jar:/home/user/.m2/repository/javax/servlet/javax.servlet-api/3.1.0/javax.servlet-api-3.1.0.jar:/home/user/.m2/repository/org/eclipse/jetty/jetty-server/9.3.24.v20180605/jetty-server-9.3.24.v20180605.jar:/home/user/.m2/repository/org/eclipse/jetty/jetty-http/9.3.24.v20180605/jetty-http-9.3.24.v20180605.jar:/home/user/.m2/repository/org/eclipse/jetty/jetty-io/9.3.24.v20180605/jetty-io-9.3.24.v20180605.jar:/home/user/.m2/repository/org/eclipse/jetty/jetty-webapp/9.3.24.v20180605/jetty-webapp-9.3.24.v20180605.jar:/home/user/.m2/repository/org/eclipse/jetty/jetty-xml/9.3.24.v20180605/jetty-xml-9.3.24.v20180605.jar:/home/user/.m2/repository/log4j/log4j/1.2.17/log4j-1.2.17.jar:/home/user/.m2/repository/org/slf4j/slf4j-api/1.7.25/slf4j-api-1.7.25.jar:/home/user/.m2/repository/org/slf4j/jul-to-slf4j/1.7.25/jul-to-slf4j-1.7.25.jar:/home/user/.m2/repository/org/eclipse/jetty/jetty-util/9.3.24.v20180605/jetty-util-9.3.24.v20180605.jar:/home/user/.m2/repository/com/fasterxml/jackson/core/jackson-databind/2.9.5/jackson-databind-2.9.5.jar:/home/user/.m2/repository/org/apache/hadoop/hadoop-kms/3.2.0/hadoop-kms-3.2.0-tests.jar:/home/user/.m2/repository/org/apache/hadoop/hadoop-hdds-server-scm/0.5.0-SNAPSHOT/hadoop-hdds-server-scm-0.5.0-SNAPSHOT-tests.jar:/home/user/.m2/repository/org/apache/hadoop/hadoop-hdds-container-service/0.5.0-SNAPSHOT/hadoop-hdds-container-service-0.5.0-SNAPSHOT-tests.jar:/home/user/.m2/repository/org/yaml/snakeyaml/1.16/snakeyaml-1.16.jar:/home/user/.m2/repository/org/apache/hadoop/hadoop-common/3.2.0/hadoop-common-3.2.0-tests.jar:/home/user/.m2/repository/org/apache/hadoop/hadoop-annotations/3.2.0/hadoop-annotations-3.2.0.jar:/usr/lib/jvm/java-1.8-openjdk/jre/../lib/tools.jar:/home/user/.m2/repository/commons-cli/commons-cli/1.2/commons-cli-1.2.jar:/home/user/.m2/repository/org/apache/httpcomponents/httpclient/4.5.2/httpclient-4.5.2.jar:/home/user/.m2/repository/org/apache/httpcomponents/httpcore/4.4.4/httpcore-4.4.4.jar:/home/user/.m2/repository/commons-codec/commons-codec/1.11/commons-codec-1.11.jar:/home/user/.m2/repository/commons-net/commons-net/3.6/commons-net-3.6.jar:/home/user/.m2/repository/commons-collections/commons-collections/3.2.2/commons-collections-3.2.2.jar:/home/user/.m2/repository/org/eclipse/jetty/jetty-servlet/9.3.24.v20180605/jetty-servlet-9.3.24.v20180605.jar:/home/user/.m2/repository/org/eclipse/jetty/jetty-security/9.3.24.v20180605/jetty-security-9.3.24.v20180605.jar:/home/user/.m2/repository/javax/servlet/jsp/jsp-api/2.1/jsp-api-2.1.jar:/home/user/.m2/repository/com/sun/jersey/jersey-servlet/1.19/jersey-servlet-1.19.jar:/home/user/.m2/repository/com/sun/jersey/jersey-json/1.19/jersey-json-1.19.jar:/home/user/.m2/repository/org/codehaus/jettison/jettison/1.1/jettison-1.1.jar:/home/user/.m2/repository/org/codehaus/jackson/jackson-core-asl/1.9.13/jackson-core-asl-1.9.13.jar:/home/user/.m2/repository/org/codehaus/jackson/jackson-mapper-asl/1.9.13/jackson-mapper-asl-1.9.13.jar:/home/user/.m2/repository/org/codehaus/jackson/jackson-jaxrs/1.9.13/jackson-jaxrs-1.9.13.jar:/home/user/.m2/repository/org/codehaus/jackson/jackson-xc/1.9.13/jackson-xc-1.9.13.jar:/home/user/.m2/repository/commons-logging/commons-logging/1.1.3/commons-logging-1.1.3.jar:/home/user/.m2/repository/commons-beanutils/commons-beanutils/1.9.3/commons-beanutils-1.9.3.jar:/home/user/.m2/repository/org/apache/commons/commons-configuration2/2.1.1/commons-configuration2-2.1.1.jar:/home/user/.m2/repository/org/apache/commons/commons-lang3/3.7/commons-lang3-3.7.jar:/home/user/.m2/repository/org/apache/commons/commons-text/1.4/commons-text-1.4.jar:/home/user/.m2/repository/org/apache/avro/avro/1.7.7/avro-1.7.7.jar:/home/user/.m2/repository/com/thoughtworks/paranamer/paranamer/2.3/paranamer-2.3.jar:/home/user/.m2/repository/org/xerial/snappy/snappy-java/1.0.5/snappy-java-1.0.5.jar:/home/user/.m2/repository/com/google/re2j/re2j/1.1/re2j-1.1.jar:/home/user/.m2/repository/com/google/code/gson/gson/2.2.4/gson-2.2.4.jar:/home/user/.m2/repository/com/jcraft/jsch/0.1.54/jsch-0.1.54.jar:/home/user/.m2/repository/org/apache/curator/curator-client/2.12.0/curator-client-2.12.0.jar:/home/user/.m2/repository/org/apache/curator/curator-recipes/2.12.0/curator-recipes-2.12.0.jar:/home/user/.m2/repository/com/google/code/findbugs/jsr305/3.0.0/jsr305-3.0.0.jar:/home/user/.m2/repository/org/apache/htrace/htrace-core4/4.1.0-incubating/htrace-core4-4.1.0-incubating.jar:/home/user/.m2/repository/org/apache/zookeeper/zookeeper/3.4.13/zookeeper-3.4.13.jar:/home/user/.m2/repository/org/apache/yetus/audience-annotations/0.5.0/audience-annotations-0.5.0.jar:/home/user/.m2/repository/org/codehaus/woodstox/stax2-api/3.1.4/stax2-api-3.1.4.jar:/home/user/.m2/repository/com/fasterxml/woodstox/woodstox-core/5.0.3/woodstox-core-5.0.3.jar:/home/user/.m2/repository/dnsjava/dnsjava/2.1.7/dnsjava-2.1.7.jar:/home/user/.m2/repository/org/apache/hadoop/hadoop-hdfs/3.2.0/hadoop-hdfs-3.2.0-tests.jar:/home/user/.m2/repository/org/eclipse/jetty/jetty-util-ajax/9.3.24.v20180605/jetty-util-ajax-9.3.24.v20180605.jar:/home/user/.m2/repository/commons-daemon/commons-daemon/1.0.13/commons-daemon-1.0.13.jar:/home/user/.m2/repository/io/netty/netty/3.10.5.Final/netty-3.10.5.Final.jar:/home/user/.m2/repository/io/netty/netty-all/4.0.52.Final/netty-all-4.0.52.Final.jar:/home/user/.m2/repository/org/fusesource/leveldbjni/leveldbjni-all/1.8/leveldbjni-all-1.8.jar:"/>
    <property name="java.vm.vendor" value="IcedTea"/>
    <property name="sun.arch.data.model" value="64"/>
    <property name="test.build.dir" value="/workdir/hadoop-ozone/integration-test/target/test-dir"/>
    <property name="test.cache.data" value=""/>
    <property name="java.vendor.url" value="https://icedtea.classpath.org"/>
    <property name="user.timezone" value=""/>
    <property name="java.vm.specification.version" value="1.8"/>
    <property name="os.name" value="Linux"/>
    <property name="test.build.data" value="/workdir/hadoop-ozone/integration-test/target/test-dir"/>
    <property name="user.country" value="US"/>
    <property name="sun.java.launcher" value="SUN_STANDARD"/>
    <property name="sun.boot.library.path" value="/usr/lib/jvm/java-1.8-openjdk/jre/lib/amd64"/>
    <property name="sun.java.command" value="/workdir/hadoop-ozone/integration-test/target/surefire/surefirebooter6801683280522417243.jar /workdir/hadoop-ozone/integration-test/target/surefire 2019-09-04T09-53-11_836-jvmRun1 surefire175644800965573817tmp surefire_185340864022542904760tmp"/>
    <property name="test" value="!TestMiniChaosOzoneCluster"/>
    <property name="surefire.test.class.path" value="/workdir/hadoop-ozone/integration-test/target/test-classes:/workdir/hadoop-ozone/integration-test/target/classes:/home/user/.m2/repository/org/apache/hadoop/hadoop-ozone-common/0.5.0-SNAPSHOT/hadoop-ozone-common-0.5.0-SNAPSHOT.jar:/home/user/.m2/repository/org/apache/commons/commons-compress/1.4.1/commons-compress-1.4.1.jar:/home/user/.m2/repository/org/tukaani/xz/1.0/xz-1.0.jar:/home/user/.m2/repository/org/apache/hadoop/hadoop-common/3.2.0/hadoop-common-3.2.0.jar:/home/user/.m2/repository/org/apache/hadoop/hadoop-hdfs/3.2.0/hadoop-hdfs-3.2.0.jar:/home/user/.m2/repository/org/apache/hadoop/hadoop-hdfs-client/3.2.0/hadoop-hdfs-client-3.2.0.jar:/home/user/.m2/repository/com/fasterxml/jackson/core/jackson-annotations/2.9.5/jackson-annotations-2.9.5.jar:/home/user/.m2/repository/org/apache/hadoop/hadoop-hdds-common/0.5.0-SNAPSHOT/hadoop-hdds-common-0.5.0-SNAPSHOT.jar:/home/user/.m2/repository/javax/annotation/javax.annotation-api/1.2/javax.annotation-api-1.2.jar:/home/user/.m2/repository/org/apache/ratis/ratis-server/0.4.0-2337318-SNAPSHOT/ratis-server-0.4.0-2337318-SNAPSHOT.jar:/home/user/.m2/repository/org/apache/ratis/ratis-thirdparty-misc/0.2.0/ratis-thirdparty-misc-0.2.0.jar:/home/user/.m2/repository/org/apache/ratis/ratis-proto/0.4.0-2337318-SNAPSHOT/ratis-proto-0.4.0-2337318-SNAPSHOT.jar:/home/user/.m2/repository/org/apache/ratis/ratis-common/0.4.0-2337318-SNAPSHOT/ratis-common-0.4.0-2337318-SNAPSHOT.jar:/home/user/.m2/repository/org/apache/ratis/ratis-client/0.4.0-2337318-SNAPSHOT/ratis-client-0.4.0-2337318-SNAPSHOT.jar:/home/user/.m2/repository/org/apache/ratis/ratis-metrics/0.4.0-2337318-SNAPSHOT/ratis-metrics-0.4.0-2337318-SNAPSHOT.jar:/home/user/.m2/repository/org/apache/ratis/ratis-netty/0.4.0-2337318-SNAPSHOT/ratis-netty-0.4.0-2337318-SNAPSHOT.jar:/home/user/.m2/repository/org/apache/ratis/ratis-grpc/0.4.0-2337318-SNAPSHOT/ratis-grpc-0.4.0-2337318-SNAPSHOT.jar:/home/user/.m2/repository/org/rocksdb/rocksdbjni/6.0.1/rocksdbjni-6.0.1.jar:/home/user/.m2/repository/org/apache/logging/log4j/log4j-api/2.11.0/log4j-api-2.11.0.jar:/home/user/.m2/repository/org/apache/logging/log4j/log4j-core/2.11.0/log4j-core-2.11.0.jar:/home/user/.m2/repository/com/lmax/disruptor/3.4.2/disruptor-3.4.2.jar:/home/user/.m2/repository/org/apache/commons/commons-pool2/2.6.0/commons-pool2-2.6.0.jar:/home/user/.m2/repository/org/bouncycastle/bcpkix-jdk15on/1.60/bcpkix-jdk15on-1.60.jar:/home/user/.m2/repository/commons-validator/commons-validator/1.6/commons-validator-1.6.jar:/home/user/.m2/repository/commons-digester/commons-digester/1.8.1/commons-digester-1.8.1.jar:/home/user/.m2/repository/io/jaegertracing/jaeger-client/0.33.1/jaeger-client-0.33.1.jar:/home/user/.m2/repository/io/jaegertracing/jaeger-thrift/0.33.1/jaeger-thrift-0.33.1.jar:/home/user/.m2/repository/org/apache/thrift/libthrift/0.11.0/libthrift-0.11.0.jar:/home/user/.m2/repository/com/squareup/okhttp3/okhttp/3.9.0/okhttp-3.9.0.jar:/home/user/.m2/repository/com/squareup/okio/okio/1.13.0/okio-1.13.0.jar:/home/user/.m2/repository/io/jaegertracing/jaeger-core/0.33.1/jaeger-core-0.33.1.jar:/home/user/.m2/repository/io/jaegertracing/jaeger-tracerresolver/0.33.1/jaeger-tracerresolver-0.33.1.jar:/home/user/.m2/repository/io/opentracing/contrib/opentracing-tracerresolver/0.1.5/opentracing-tracerresolver-0.1.5.jar:/home/user/.m2/repository/io/opentracing/opentracing-util/0.31.0/opentracing-util-0.31.0.jar:/home/user/.m2/repository/io/opentracing/opentracing-api/0.31.0/opentracing-api-0.31.0.jar:/home/user/.m2/repository/io/opentracing/opentracing-noop/0.31.0/opentracing-noop-0.31.0.jar:/home/user/.m2/repository/org/apache/hadoop/hadoop-hdds-server-framework/0.5.0-SNAPSHOT/hadoop-hdds-server-framework-0.5.0-SNAPSHOT.jar:/home/user/.m2/repository/org/apache/hadoop/hadoop-hdds-container-service/0.5.0-SNAPSHOT/hadoop-hdds-container-service-0.5.0-SNAPSHOT.jar:/home/user/.m2/repository/org/apache/hadoop/hadoop-hdds-client/0.5.0-SNAPSHOT/hadoop-hdds-client-0.5.0-SNAPSHOT.jar:/home/user/.m2/repository/org/apache/hadoop/hadoop-hdds-tools/0.5.0-SNAPSHOT/hadoop-hdds-tools-0.5.0-SNAPSHOT.jar:/home/user/.m2/repository/org/apache/hadoop/hadoop-hdds-server-scm/0.5.0-SNAPSHOT/hadoop-hdds-server-scm-0.5.0-SNAPSHOT.jar:/home/user/.m2/repository/org/apache/hadoop/hadoop-hdds-docs/0.5.0-SNAPSHOT/hadoop-hdds-docs-0.5.0-SNAPSHOT.jar:/home/user/.m2/repository/io/dropwizard/metrics/metrics-core/3.2.4/metrics-core-3.2.4.jar:/home/user/.m2/repository/org/hamcrest/hamcrest-all/1.3/hamcrest-all-1.3.jar:/home/user/.m2/repository/org/bouncycastle/bcprov-jdk15on/1.60/bcprov-jdk15on-1.60.jar:/home/user/.m2/repository/info/picocli/picocli/3.9.6/picocli-3.9.6.jar:/home/user/.m2/repository/com/google/protobuf/protobuf-java/2.5.0/protobuf-java-2.5.0.jar:/home/user/.m2/repository/com/google/guava/guava/11.0.2/guava-11.0.2.jar:/home/user/.m2/repository/org/apache/hadoop/hadoop-ozone-ozone-manager/0.5.0-SNAPSHOT/hadoop-ozone-ozone-manager-0.5.0-SNAPSHOT.jar:/home/user/.m2/repository/org/apache/hadoop/hadoop-minikdc/3.2.0/hadoop-minikdc-3.2.0.jar:/home/user/.m2/repository/commons-io/commons-io/2.5/commons-io-2.5.jar:/home/user/.m2/repository/org/apache/kerby/kerb-simplekdc/1.0.1/kerb-simplekdc-1.0.1.jar:/home/user/.m2/repository/org/apache/kerby/kerb-client/1.0.1/kerb-client-1.0.1.jar:/home/user/.m2/repository/org/apache/kerby/kerby-config/1.0.1/kerby-config-1.0.1.jar:/home/user/.m2/repository/org/apache/kerby/kerb-core/1.0.1/kerb-core-1.0.1.jar:/home/user/.m2/repository/org/apache/kerby/kerby-pkix/1.0.1/kerby-pkix-1.0.1.jar:/home/user/.m2/repository/org/apache/kerby/kerby-asn1/1.0.1/kerby-asn1-1.0.1.jar:/home/user/.m2/repository/org/apache/kerby/kerby-util/1.0.1/kerby-util-1.0.1.jar:/home/user/.m2/repository/org/apache/kerby/kerb-common/1.0.1/kerb-common-1.0.1.jar:/home/user/.m2/repository/org/apache/kerby/kerb-crypto/1.0.1/kerb-crypto-1.0.1.jar:/home/user/.m2/repository/org/apache/kerby/kerb-util/1.0.1/kerb-util-1.0.1.jar:/home/user/.m2/repository/org/apache/kerby/token-provider/1.0.1/token-provider-1.0.1.jar:/home/user/.m2/repository/org/apache/kerby/kerb-admin/1.0.1/kerb-admin-1.0.1.jar:/home/user/.m2/repository/org/apache/kerby/kerb-server/1.0.1/kerb-server-1.0.1.jar:/home/user/.m2/repository/org/apache/kerby/kerb-identity/1.0.1/kerb-identity-1.0.1.jar:/home/user/.m2/repository/org/apache/kerby/kerby-xdr/1.0.1/kerby-xdr-1.0.1.jar:/home/user/.m2/repository/org/slf4j/slf4j-log4j12/1.7.25/slf4j-log4j12-1.7.25.jar:/home/user/.m2/repository/org/apache/hadoop/hadoop-ozone-objectstore-service/0.5.0-SNAPSHOT/hadoop-ozone-objectstore-service-0.5.0-SNAPSHOT.jar:/home/user/.m2/repository/org/apache/hadoop/hadoop-ozone-s3gateway/0.5.0-SNAPSHOT/hadoop-ozone-s3gateway-0.5.0-SNAPSHOT.jar:/home/user/.m2/repository/org/jboss/weld/servlet/weld-servlet/2.4.7.Final/weld-servlet-2.4.7.Final.jar:/home/user/.m2/repository/org/glassfish/jersey/containers/jersey-container-servlet-core/2.27/jersey-container-servlet-core-2.27.jar:/home/user/.m2/repository/org/glassfish/hk2/external/javax.inject/2.5.0-b42/javax.inject-2.5.0-b42.jar:/home/user/.m2/repository/org/glassfish/jersey/core/jersey-common/2.27/jersey-common-2.27.jar:/home/user/.m2/repository/org/glassfish/hk2/osgi-resource-locator/1.0.1/osgi-resource-locator-1.0.1.jar:/home/user/.m2/repository/javax/ws/rs/javax.ws.rs-api/2.1/javax.ws.rs-api-2.1.jar:/home/user/.m2/repository/org/glassfish/jersey/ext/cdi/jersey-cdi1x/2.27/jersey-cdi1x-2.27.jar:/home/user/.m2/repository/org/glassfish/jersey/inject/jersey-hk2/2.27/jersey-hk2-2.27.jar:/home/user/.m2/repository/org/glassfish/hk2/hk2-locator/2.5.0-b42/hk2-locator-2.5.0-b42.jar:/home/user/.m2/repository/org/javassist/javassist/3.22.0-CR2/javassist-3.22.0-CR2.jar:/home/user/.m2/repository/org/glassfish/hk2/hk2-api/2.5.0/hk2-api-2.5.0.jar:/home/user/.m2/repository/org/glassfish/hk2/external/jakarta.inject/2.5.0/jakarta.inject-2.5.0.jar:/home/user/.m2/repository/org/glassfish/hk2/hk2-utils/2.5.0/hk2-utils-2.5.0.jar:/home/user/.m2/repository/jakarta/annotation/jakarta.annotation-api/1.3.4/jakarta.annotation-api-1.3.4.jar:/home/user/.m2/repository/org/glassfish/hk2/external/aopalliance-repackaged/2.5.0/aopalliance-repackaged-2.5.0.jar:/home/user/.m2/repository/com/fasterxml/jackson/dataformat/jackson-dataformat-xml/2.9.0/jackson-dataformat-xml-2.9.0.jar:/home/user/.m2/repository/com/fasterxml/jackson/core/jackson-core/2.9.5/jackson-core-2.9.5.jar:/home/user/.m2/repository/com/fasterxml/jackson/module/jackson-module-jaxb-annotations/2.9.5/jackson-module-jaxb-annotations-2.9.5.jar:/home/user/.m2/repository/javax/enterprise/cdi-api/1.2/cdi-api-1.2.jar:/home/user/.m2/repository/javax/el/javax.el-api/3.0.0/javax.el-api-3.0.0.jar:/home/user/.m2/repository/javax/interceptor/javax.interceptor-api/1.2/javax.interceptor-api-1.2.jar:/home/user/.m2/repository/javax/inject/javax.inject/1/javax.inject-1.jar:/home/user/.m2/repository/com/sun/xml/bind/jaxb-impl/2.3.0.1/jaxb-impl-2.3.0.1.jar:/home/user/.m2/repository/com/sun/xml/bind/jaxb-core/2.3.0.1/jaxb-core-2.3.0.1.jar:/home/user/.m2/repository/javax/xml/bind/jaxb-api/2.3.0/jaxb-api-2.3.0.jar:/home/user/.m2/repository/javax/activation/activation/1.1.1/activation-1.1.1.jar:/home/user/.m2/repository/org/apache/hadoop/hadoop-ozone-csi/0.5.0-SNAPSHOT/hadoop-ozone-csi-0.5.0-SNAPSHOT.jar:/home/user/.m2/repository/com/google/protobuf/protobuf-java-util/3.5.1/protobuf-java-util-3.5.1.jar:/home/user/.m2/repository/org/apache/hadoop/hadoop-hdds-config/0.5.0-SNAPSHOT/hadoop-hdds-config-0.5.0-SNAPSHOT.jar:/home/user/.m2/repository/io/grpc/grpc-netty/1.17.1/grpc-netty-1.17.1.jar:/home/user/.m2/repository/io/grpc/grpc-core/1.17.1/grpc-core-1.17.1.jar:/home/user/.m2/repository/io/grpc/grpc-context/1.17.1/grpc-context-1.17.1.jar:/home/user/.m2/repository/com/google/errorprone/error_prone_annotations/2.2.0/error_prone_annotations-2.2.0.jar:/home/user/.m2/repository/org/codehaus/mojo/animal-sniffer-annotations/1.17/animal-sniffer-annotations-1.17.jar:/home/user/.m2/repository/io/opencensus/opencensus-api/0.17.0/opencensus-api-0.17.0.jar:/home/user/.m2/repository/io/opencensus/opencensus-contrib-grpc-metrics/0.17.0/opencensus-contrib-grpc-metrics-0.17.0.jar:/home/user/.m2/repository/io/netty/netty-codec-http2/4.1.30.Final/netty-codec-http2-4.1.30.Final.jar:/home/user/.m2/repository/io/netty/netty-codec-http/4.1.30.Final/netty-codec-http-4.1.30.Final.jar:/home/user/.m2/repository/io/netty/netty-codec/4.1.30.Final/netty-codec-4.1.30.Final.jar:/home/user/.m2/repository/io/netty/netty-handler/4.1.30.Final/netty-handler-4.1.30.Final.jar:/home/user/.m2/repository/io/netty/netty-handler-proxy/4.1.30.Final/netty-handler-proxy-4.1.30.Final.jar:/home/user/.m2/repository/io/netty/netty-codec-socks/4.1.30.Final/netty-codec-socks-4.1.30.Final.jar:/home/user/.m2/repository/io/netty/netty-transport-native-epoll/4.1.30.Final/netty-transport-native-epoll-4.1.30.Final.jar:/home/user/.m2/repository/io/netty/netty-common/4.1.30.Final/netty-common-4.1.30.Final.jar:/home/user/.m2/repository/io/netty/netty-buffer/4.1.30.Final/netty-buffer-4.1.30.Final.jar:/home/user/.m2/repository/io/netty/netty-transport/4.1.30.Final/netty-transport-4.1.30.Final.jar:/home/user/.m2/repository/io/netty/netty-resolver/4.1.30.Final/netty-resolver-4.1.30.Final.jar:/home/user/.m2/repository/io/netty/netty-transport-native-unix-common/4.1.30.Final/netty-transport-native-unix-common-4.1.30.Final.jar:/home/user/.m2/repository/io/grpc/grpc-protobuf/1.17.1/grpc-protobuf-1.17.1.jar:/home/user/.m2/repository/com/google/api/grpc/proto-google-common-protos/1.0.0/proto-google-common-protos-1.0.0.jar:/home/user/.m2/repository/io/grpc/grpc-protobuf-lite/1.17.1/grpc-protobuf-lite-1.17.1.jar:/home/user/.m2/repository/io/grpc/grpc-stub/1.17.1/grpc-stub-1.17.1.jar:/home/user/.m2/repository/org/apache/hadoop/hadoop-ozone-recon/0.5.0-SNAPSHOT/hadoop-ozone-recon-0.5.0-SNAPSHOT.jar:/home/user/.m2/repository/org/apache/hadoop/hadoop-ozone-reconcodegen/0.5.0-SNAPSHOT/hadoop-ozone-reconcodegen-0.5.0-SNAPSHOT.jar:/home/user/.m2/repository/com/google/inject/extensions/guice-multibindings/4.0/guice-multibindings-4.0.jar:/home/user/.m2/repository/com/google/inject/guice/4.0/guice-4.0.jar:/home/user/.m2/repository/aopalliance/aopalliance/1.0/aopalliance-1.0.jar:/home/user/.m2/repository/com/google/inject/extensions/guice-servlet/4.0/guice-servlet-4.0.jar:/home/user/.m2/repository/org/glassfish/jersey/containers/jersey-container-servlet/2.27/jersey-container-servlet-2.27.jar:/home/user/.m2/repository/org/glassfish/hk2/guice-bridge/2.5.0/guice-bridge-2.5.0.jar:/home/user/.m2/repository/org/glassfish/jersey/core/jersey-server/2.27/jersey-server-2.27.jar:/home/user/.m2/repository/org/glassfish/jersey/core/jersey-client/2.27/jersey-client-2.27.jar:/home/user/.m2/repository/org/glassfish/jersey/media/jersey-media-jaxb/2.27/jersey-media-jaxb-2.27.jar:/home/user/.m2/repository/javax/validation/validation-api/1.1.0.Final/validation-api-1.1.0.Final.jar:/home/user/.m2/repository/org/glassfish/jersey/media/jersey-media-json-jackson/2.27/jersey-media-json-jackson-2.27.jar:/home/user/.m2/repository/org/glassfish/jersey/ext/jersey-entity-filtering/2.27/jersey-entity-filtering-2.27.jar:/home/user/.m2/repository/com/google/inject/extensions/guice-assistedinject/4.0/guice-assistedinject-4.0.jar:/home/user/.m2/repository/org/jooq/jooq/3.11.10/jooq-3.11.10.jar:/home/user/.m2/repository/org/jooq/jooq-meta/3.11.10/jooq-meta-3.11.10.jar:/home/user/.m2/repository/org/jooq/jooq-codegen/3.11.10/jooq-codegen-3.11.10.jar:/home/user/.m2/repository/com/jolbox/bonecp/0.8.0.RELEASE/bonecp-0.8.0.RELEASE.jar:/home/user/.m2/repository/org/xerial/sqlite-jdbc/3.25.2/sqlite-jdbc-3.25.2.jar:/home/user/.m2/repository/org/springframework/spring-jdbc/5.1.3.RELEASE/spring-jdbc-5.1.3.RELEASE.jar:/home/user/.m2/repository/org/springframework/spring-beans/5.1.3.RELEASE/spring-beans-5.1.3.RELEASE.jar:/home/user/.m2/repository/org/springframework/spring-core/5.1.3.RELEASE/spring-core-5.1.3.RELEASE.jar:/home/user/.m2/repository/org/springframework/spring-jcl/5.1.3.RELEASE/spring-jcl-5.1.3.RELEASE.jar:/home/user/.m2/repository/org/springframework/spring-tx/5.1.3.RELEASE/spring-tx-5.1.3.RELEASE.jar:/home/user/.m2/repository/org/apache/hadoop/hadoop-ozone-client/0.5.0-SNAPSHOT/hadoop-ozone-client-0.5.0-SNAPSHOT.jar:/home/user/.m2/repository/commons-lang/commons-lang/2.6/commons-lang-2.6.jar:/home/user/.m2/repository/org/apache/hadoop/hadoop-ozone-ozone-manager/0.5.0-SNAPSHOT/hadoop-ozone-ozone-manager-0.5.0-SNAPSHOT-tests.jar:/home/user/.m2/repository/junit/junit/4.11/junit-4.11.jar:/home/user/.m2/repository/org/hamcrest/hamcrest-core/1.3/hamcrest-core-1.3.jar:/home/user/.m2/repository/org/openjdk/jmh/jmh-core/1.19/jmh-core-1.19.jar:/home/user/.m2/repository/net/sf/jopt-simple/jopt-simple/4.6/jopt-simple-4.6.jar:/home/user/.m2/repository/org/apache/commons/commons-math3/3.1.1/commons-math3-3.1.1.jar:/home/user/.m2/repository/org/openjdk/jmh/jmh-generator-annprocess/1.19/jmh-generator-annprocess-1.19.jar:/home/user/.m2/repository/org/mockito/mockito-all/1.8.5/mockito-all-1.8.5.jar:/home/user/.m2/repository/org/apache/hadoop/hadoop-kms/3.2.0/hadoop-kms-3.2.0.jar:/home/user/.m2/repository/org/apache/hadoop/hadoop-auth/3.2.0/hadoop-auth-3.2.0.jar:/home/user/.m2/repository/com/nimbusds/nimbus-jose-jwt/4.41.1/nimbus-jose-jwt-4.41.1.jar:/home/user/.m2/repository/com/github/stephenc/jcip/jcip-annotations/1.0-1/jcip-annotations-1.0-1.jar:/home/user/.m2/repository/net/minidev/json-smart/2.3/json-smart-2.3.jar:/home/user/.m2/repository/net/minidev/accessors-smart/1.2/accessors-smart-1.2.jar:/home/user/.m2/repository/org/ow2/asm/asm/5.0.4/asm-5.0.4.jar:/home/user/.m2/repository/org/apache/curator/curator-framework/2.12.0/curator-framework-2.12.0.jar:/home/user/.m2/repository/com/sun/jersey/jersey-core/1.19/jersey-core-1.19.jar:/home/user/.m2/repository/javax/ws/rs/jsr311-api/1.1.1/jsr311-api-1.1.1.jar:/home/user/.m2/repository/com/sun/jersey/jersey-server/1.19/jersey-server-1.19.jar:/home/user/.m2/repository/javax/servlet/javax.servlet-api/3.1.0/javax.servlet-api-3.1.0.jar:/home/user/.m2/repository/org/eclipse/jetty/jetty-server/9.3.24.v20180605/jetty-server-9.3.24.v20180605.jar:/home/user/.m2/repository/org/eclipse/jetty/jetty-http/9.3.24.v20180605/jetty-http-9.3.24.v20180605.jar:/home/user/.m2/repository/org/eclipse/jetty/jetty-io/9.3.24.v20180605/jetty-io-9.3.24.v20180605.jar:/home/user/.m2/repository/org/eclipse/jetty/jetty-webapp/9.3.24.v20180605/jetty-webapp-9.3.24.v20180605.jar:/home/user/.m2/repository/org/eclipse/jetty/jetty-xml/9.3.24.v20180605/jetty-xml-9.3.24.v20180605.jar:/home/user/.m2/repository/log4j/log4j/1.2.17/log4j-1.2.17.jar:/home/user/.m2/repository/org/slf4j/slf4j-api/1.7.25/slf4j-api-1.7.25.jar:/home/user/.m2/repository/org/slf4j/jul-to-slf4j/1.7.25/jul-to-slf4j-1.7.25.jar:/home/user/.m2/repository/org/eclipse/jetty/jetty-util/9.3.24.v20180605/jetty-util-9.3.24.v20180605.jar:/home/user/.m2/repository/com/fasterxml/jackson/core/jackson-databind/2.9.5/jackson-databind-2.9.5.jar:/home/user/.m2/repository/org/apache/hadoop/hadoop-kms/3.2.0/hadoop-kms-3.2.0-tests.jar:/home/user/.m2/repository/org/apache/hadoop/hadoop-hdds-server-scm/0.5.0-SNAPSHOT/hadoop-hdds-server-scm-0.5.0-SNAPSHOT-tests.jar:/home/user/.m2/repository/org/apache/hadoop/hadoop-hdds-container-service/0.5.0-SNAPSHOT/hadoop-hdds-container-service-0.5.0-SNAPSHOT-tests.jar:/home/user/.m2/repository/org/yaml/snakeyaml/1.16/snakeyaml-1.16.jar:/home/user/.m2/repository/org/apache/hadoop/hadoop-common/3.2.0/hadoop-common-3.2.0-tests.jar:/home/user/.m2/repository/org/apache/hadoop/hadoop-annotations/3.2.0/hadoop-annotations-3.2.0.jar:/usr/lib/jvm/java-1.8-openjdk/jre/../lib/tools.jar:/home/user/.m2/repository/commons-cli/commons-cli/1.2/commons-cli-1.2.jar:/home/user/.m2/repository/org/apache/httpcomponents/httpclient/4.5.2/httpclient-4.5.2.jar:/home/user/.m2/repository/org/apache/httpcomponents/httpcore/4.4.4/httpcore-4.4.4.jar:/home/user/.m2/repository/commons-codec/commons-codec/1.11/commons-codec-1.11.jar:/home/user/.m2/repository/commons-net/commons-net/3.6/commons-net-3.6.jar:/home/user/.m2/repository/commons-collections/commons-collections/3.2.2/commons-collections-3.2.2.jar:/home/user/.m2/repository/org/eclipse/jetty/jetty-servlet/9.3.24.v20180605/jetty-servlet-9.3.24.v20180605.jar:/home/user/.m2/repository/org/eclipse/jetty/jetty-security/9.3.24.v20180605/jetty-security-9.3.24.v20180605.jar:/home/user/.m2/repository/javax/servlet/jsp/jsp-api/2.1/jsp-api-2.1.jar:/home/user/.m2/repository/com/sun/jersey/jersey-servlet/1.19/jersey-servlet-1.19.jar:/home/user/.m2/repository/com/sun/jersey/jersey-json/1.19/jersey-json-1.19.jar:/home/user/.m2/repository/org/codehaus/jettison/jettison/1.1/jettison-1.1.jar:/home/user/.m2/repository/org/codehaus/jackson/jackson-core-asl/1.9.13/jackson-core-asl-1.9.13.jar:/home/user/.m2/repository/org/codehaus/jackson/jackson-mapper-asl/1.9.13/jackson-mapper-asl-1.9.13.jar:/home/user/.m2/repository/org/codehaus/jackson/jackson-jaxrs/1.9.13/jackson-jaxrs-1.9.13.jar:/home/user/.m2/repository/org/codehaus/jackson/jackson-xc/1.9.13/jackson-xc-1.9.13.jar:/home/user/.m2/repository/commons-logging/commons-logging/1.1.3/commons-logging-1.1.3.jar:/home/user/.m2/repository/commons-beanutils/commons-beanutils/1.9.3/commons-beanutils-1.9.3.jar:/home/user/.m2/repository/org/apache/commons/commons-configuration2/2.1.1/commons-configuration2-2.1.1.jar:/home/user/.m2/repository/org/apache/commons/commons-lang3/3.7/commons-lang3-3.7.jar:/home/user/.m2/repository/org/apache/commons/commons-text/1.4/commons-text-1.4.jar:/home/user/.m2/repository/org/apache/avro/avro/1.7.7/avro-1.7.7.jar:/home/user/.m2/repository/com/thoughtworks/paranamer/paranamer/2.3/paranamer-2.3.jar:/home/user/.m2/repository/org/xerial/snappy/snappy-java/1.0.5/snappy-java-1.0.5.jar:/home/user/.m2/repository/com/google/re2j/re2j/1.1/re2j-1.1.jar:/home/user/.m2/repository/com/google/code/gson/gson/2.2.4/gson-2.2.4.jar:/home/user/.m2/repository/com/jcraft/jsch/0.1.54/jsch-0.1.54.jar:/home/user/.m2/repository/org/apache/curator/curator-client/2.12.0/curator-client-2.12.0.jar:/home/user/.m2/repository/org/apache/curator/curator-recipes/2.12.0/curator-recipes-2.12.0.jar:/home/user/.m2/repository/com/google/code/findbugs/jsr305/3.0.0/jsr305-3.0.0.jar:/home/user/.m2/repository/org/apache/htrace/htrace-core4/4.1.0-incubating/htrace-core4-4.1.0-incubating.jar:/home/user/.m2/repository/org/apache/zookeeper/zookeeper/3.4.13/zookeeper-3.4.13.jar:/home/user/.m2/repository/org/apache/yetus/audience-annotations/0.5.0/audience-annotations-0.5.0.jar:/home/user/.m2/repository/org/codehaus/woodstox/stax2-api/3.1.4/stax2-api-3.1.4.jar:/home/user/.m2/repository/com/fasterxml/woodstox/woodstox-core/5.0.3/woodstox-core-5.0.3.jar:/home/user/.m2/repository/dnsjava/dnsjava/2.1.7/dnsjava-2.1.7.jar:/home/user/.m2/repository/org/apache/hadoop/hadoop-hdfs/3.2.0/hadoop-hdfs-3.2.0-tests.jar:/home/user/.m2/repository/org/eclipse/jetty/jetty-util-ajax/9.3.24.v20180605/jetty-util-ajax-9.3.24.v20180605.jar:/home/user/.m2/repository/commons-daemon/commons-daemon/1.0.13/commons-daemon-1.0.13.jar:/home/user/.m2/repository/io/netty/netty/3.10.5.Final/netty-3.10.5.Final.jar:/home/user/.m2/repository/io/netty/netty-all/4.0.52.Final/netty-all-4.0.52.Final.jar:/home/user/.m2/repository/org/fusesource/leveldbjni/leveldbjni-all/1.8/leveldbjni-all-1.8.jar:"/>
    <property name="sun.cpu.endian" value="little"/>
    <property name="user.home" value="/home/user"/>
    <property name="user.language" value="en"/>
    <property name="java.specification.vendor" value="Oracle Corporation"/>
    <property name="java.home" value="/usr/lib/jvm/java-1.8-openjdk/jre"/>
    <property name="java.security.krb5.conf" value="/workdir/hadoop-ozone/integration-test/target/test-classes/krb5.conf"/>
    <property name="basedir" value="/workdir/hadoop-ozone/integration-test"/>
    <property name="file.separator" value="/"/>
    <property name="line.separator" value="&#10;"/>
    <property name="java.vm.specification.vendor" value="Oracle Corporation"/>
    <property name="java.specification.name" value="Java Platform API Specification"/>
    <property name="java.awt.graphicsenv" value="sun.awt.X11GraphicsEnvironment"/>
    <property name="surefire.real.class.path" value="/workdir/hadoop-ozone/integration-test/target/surefire/surefirebooter6801683280522417243.jar"/>
    <property name="hadoop.log.dir" value="/workdir/hadoop-ozone/integration-test/target/log"/>
    <property name="sun.boot.class.path" value="/usr/lib/jvm/java-1.8-openjdk/jre/lib/resources.jar:/usr/lib/jvm/java-1.8-openjdk/jre/lib/rt.jar:/usr/lib/jvm/java-1.8-openjdk/jre/lib/sunrsasign.jar:/usr/lib/jvm/java-1.8-openjdk/jre/lib/jsse.jar:/usr/lib/jvm/java-1.8-openjdk/jre/lib/jce.jar:/usr/lib/jvm/java-1.8-openjdk/jre/lib/charsets.jar:/usr/lib/jvm/java-1.8-openjdk/jre/lib/jfr.jar:/usr/lib/jvm/java-1.8-openjdk/jre/classes"/>
    <property name="sun.management.compiler" value="HotSpot 64-Bit Tiered Compilers"/>
    <property name="java.runtime.version" value="1.8.0_212-b04"/>
    <property name="java.net.preferIPv4Stack" value="true"/>
    <property name="user.name" value="jenkins1000"/>
    <property name="path.separator" value=":"/>
    <property name="java.security.egd" value="file:///dev/urandom"/>
    <property name="os.version" value="3.10.0-957.12.2.el7.x86_64"/>
    <property name="java.endorsed.dirs" value="/usr/lib/jvm/java-1.8-openjdk/jre/lib/endorsed"/>
    <property name="java.runtime.name" value="OpenJDK Runtime Environment"/>
    <property name="file.encoding" value="UTF-8"/>
    <property name="java.vm.name" value="OpenJDK 64-Bit Server VM"/>
    <property name="test.build.webapps" value=""/>
    <property name="localRepository" value="/home/user/.m2/repository"/>
    <property name="java.vendor.url.bug" value="https://icedtea.classpath.org/bugzilla"/>
    <property name="java.io.tmpdir" value="/tmp"/>
    <property name="require.test.libhadoop" value=""/>
    <property name="java.version" value="1.8.0_212"/>
    <property name="user.dir" value="/workdir/hadoop-ozone/integration-test"/>
    <property name="os.arch" value="amd64"/>
    <property name="java.vm.specification.name" value="Java Virtual Machine Specification"/>
    <property name="test.build.classes" value="/workdir/hadoop-ozone/integration-test/target/test-classes"/>
    <property name="java.awt.printerjob" value="sun.print.PSPrinterJob"/>
    <property name="sun.os.patch.level" value="unknown"/>
    <property name="hadoop.tmp.dir" value="/workdir/hadoop-ozone/integration-test/target/tmp"/>
    <property name="java.library.path" value="/usr/lib/jvm/java-1.8-openjdk/jre/lib/amd64/server:/usr/lib/jvm/java-1.8-openjdk/jre/lib/amd64:/usr/lib/jvm/java-1.8-openjdk/jre/../lib/amd64:/workdir/hadoop-ozone/integration-test/target/native/target/usr/local/lib:/workdir/hadoop-ozone/integration-test/../../hadoop-common-project/hadoop-common/target/native/target/usr/local/lib:/usr/java/packages/lib/amd64:/usr/lib64:/lib64:/lib:/usr/lib"/>
    <property name="java.vm.info" value="mixed mode"/>
    <property name="java.vendor" value="IcedTea"/>
    <property name="java.vm.version" value="25.212-b04"/>
    <property name="java.ext.dirs" value="/usr/lib/jvm/java-1.8-openjdk/jre/lib/ext:/usr/java/packages/lib/ext"/>
    <property name="sun.io.unicode.encoding" value="UnicodeLittle"/>
    <property name="java.class.version" value="52.0"/>
  </properties>
  <testcase name="testWatchForCommitWithKeyWrite" classname="org.apache.hadoop.ozone.client.rpc.TestWatchForCommit" time="75.22"/>
  <testcase name="testWatchForCommitWithSmallerTimeoutValue" classname="org.apache.hadoop.ozone.client.rpc.TestWatchForCommit" time="43.785"/>
  <testcase name="testWatchForCommitForRetryfailure" classname="org.apache.hadoop.ozone.client.rpc.TestWatchForCommit" time="27.425">
    <error message="org.apache.ratis.protocol.RaftRetryFailureException: Failed RaftClientRequest:client-4BF7FB8B3AFF-&gt;d4a64dff-3e06-4a28-9978-4bedd6b3eed2@group-E945F0F43A71, cid=66, seq=1*, RW, org.apache.hadoop.hdds.scm.XceiverClientRatis$$Lambda$350/497507806@19cb13e3 for 20 attempts with RetryLimited(maxAttempts=20, sleepTime=1000ms)" type="java.util.concurrent.ExecutionException">java.util.concurrent.ExecutionException: org.apache.ratis.protocol.RaftRetryFailureException: Failed RaftClientRequest:client-4BF7FB8B3AFF->d4a64dff-3e06-4a28-9978-4bedd6b3eed2@group-E945F0F43A71, cid=66, seq=1*, RW, org.apache.hadoop.hdds.scm.XceiverClientRatis$$Lambda$350/497507806@19cb13e3 for 20 attempts with RetryLimited(maxAttempts=20, sleepTime=1000ms)
	at java.util.concurrent.CompletableFuture.reportGet(CompletableFuture.java:357)
	at java.util.concurrent.CompletableFuture.get(CompletableFuture.java:1895)
	at org.apache.hadoop.ozone.client.rpc.TestWatchForCommit.testWatchForCommitForRetryfailure(TestWatchForCommit.java:335)
	at sun.reflect.NativeMethodAccessorImpl.invoke0(Native Method)
	at sun.reflect.NativeMethodAccessorImpl.invoke(NativeMethodAccessorImpl.java:62)
	at sun.reflect.DelegatingMethodAccessorImpl.invoke(DelegatingMethodAccessorImpl.java:43)
	at java.lang.reflect.Method.invoke(Method.java:498)
	at org.junit.runners.model.FrameworkMethod$1.runReflectiveCall(FrameworkMethod.java:47)
	at org.junit.internal.runners.model.ReflectiveCallable.run(ReflectiveCallable.java:12)
	at org.junit.runners.model.FrameworkMethod.invokeExplosively(FrameworkMethod.java:44)
	at org.junit.internal.runners.statements.InvokeMethod.evaluate(InvokeMethod.java:17)
	at org.junit.runners.ParentRunner.runLeaf(ParentRunner.java:271)
	at org.junit.runners.BlockJUnit4ClassRunner.runChild(BlockJUnit4ClassRunner.java:70)
	at org.junit.runners.BlockJUnit4ClassRunner.runChild(BlockJUnit4ClassRunner.java:50)
	at org.junit.runners.ParentRunner$3.run(ParentRunner.java:238)
	at org.junit.runners.ParentRunner$1.schedule(ParentRunner.java:63)
	at org.junit.runners.ParentRunner.runChildren(ParentRunner.java:236)
	at org.junit.runners.ParentRunner.access$000(ParentRunner.java:53)
	at org.junit.runners.ParentRunner$2.evaluate(ParentRunner.java:229)
	at org.junit.runners.ParentRunner.run(ParentRunner.java:309)
	at org.apache.maven.surefire.junit4.JUnit4Provider.execute(JUnit4Provider.java:365)
	at org.apache.maven.surefire.junit4.JUnit4Provider.executeWithRerun(JUnit4Provider.java:273)
	at org.apache.maven.surefire.junit4.JUnit4Provider.executeTestSet(JUnit4Provider.java:238)
	at org.apache.maven.surefire.junit4.JUnit4Provider.invoke(JUnit4Provider.java:159)
	at org.apache.maven.surefire.booter.ForkedBooter.invokeProviderInSameClassLoader(ForkedBooter.java:384)
	at org.apache.maven.surefire.booter.ForkedBooter.runSuitesInProcess(ForkedBooter.java:345)
	at org.apache.maven.surefire.booter.ForkedBooter.execute(ForkedBooter.java:126)
	at org.apache.maven.surefire.booter.ForkedBooter.main(ForkedBooter.java:418)
Caused by: org.apache.ratis.protocol.RaftRetryFailureException: Failed RaftClientRequest:client-4BF7FB8B3AFF->d4a64dff-3e06-4a28-9978-4bedd6b3eed2@group-E945F0F43A71, cid=66, seq=1*, RW, org.apache.hadoop.hdds.scm.XceiverClientRatis$$Lambda$350/497507806@19cb13e3 for 20 attempts with RetryLimited(maxAttempts=20, sleepTime=1000ms)
	at org.apache.ratis.client.impl.RaftClientImpl.noMoreRetries(RaftClientImpl.java:272)
	at org.apache.ratis.client.impl.OrderedAsync.handleAsyncRetryFailure(OrderedAsync.java:138)
	at org.apache.ratis.client.impl.OrderedAsync.lambda$sendRequest$10(OrderedAsync.java:230)
	at java.util.concurrent.CompletableFuture.uniExceptionally(CompletableFuture.java:870)
	at java.util.concurrent.CompletableFuture$UniExceptionally.tryFire(CompletableFuture.java:852)
	at java.util.concurrent.CompletableFuture.postComplete(CompletableFuture.java:474)
	at java.util.concurrent.CompletableFuture.completeExceptionally(CompletableFuture.java:1977)
	at org.apache.ratis.grpc.client.GrpcClientProtocolClient$AsyncStreamObservers.completeReplyExceptionally(GrpcClientProtocolClient.java:330)
	at org.apache.ratis.grpc.client.GrpcClientProtocolClient$AsyncStreamObservers.access$000(GrpcClientProtocolClient.java:246)
	at org.apache.ratis.grpc.client.GrpcClientProtocolClient$AsyncStreamObservers$1.onNext(GrpcClientProtocolClient.java:258)
	at org.apache.ratis.grpc.client.GrpcClientProtocolClient$AsyncStreamObservers$1.onNext(GrpcClientProtocolClient.java:249)
	at org.apache.ratis.thirdparty.io.grpc.stub.ClientCalls$StreamObserverToCallListenerAdapter.onMessage(ClientCalls.java:421)
	at org.apache.ratis.thirdparty.io.grpc.ForwardingClientCallListener.onMessage(ForwardingClientCallListener.java:33)
	at org.apache.ratis.thirdparty.io.grpc.ForwardingClientCallListener.onMessage(ForwardingClientCallListener.java:33)
	at org.apache.ratis.thirdparty.io.grpc.internal.ClientCallImpl$ClientStreamListenerImpl$1MessagesAvailable.runInContext(ClientCallImpl.java:519)
	at org.apache.ratis.thirdparty.io.grpc.internal.ContextRunnable.run(ContextRunnable.java:37)
	at org.apache.ratis.thirdparty.io.grpc.internal.SerializingExecutor.run(SerializingExecutor.java:123)
	at java.util.concurrent.ThreadPoolExecutor.runWorker(ThreadPoolExecutor.java:1149)
	at java.util.concurrent.ThreadPoolExecutor$Worker.run(ThreadPoolExecutor.java:624)
	at java.lang.Thread.run(Thread.java:748)
Caused by: org.apache.ratis.protocol.NotLeaderException: Server d4a64dff-3e06-4a28-9978-4bedd6b3eed2 is not the leader (null). Request must be sent to leader.
	at org.apache.ratis.client.impl.ClientProtoUtils.toRaftClientReply(ClientProtoUtils.java:242)
	at org.apache.ratis.grpc.client.GrpcClientProtocolClient$AsyncStreamObservers$1.onNext(GrpcClientProtocolClient.java:254)
	... 10 more
</error>
    <system-out><![CDATA[2019-09-04 10:20:36,585 [main] WARN  server.ServerUtils (ServerUtils.java:getScmDbDir(145)) - ozone.scm.db.dirs is not configured. We recommend adding this setting. Falling back to ozone.metadata.dirs instead.
2019-09-04 10:20:36,600 [main] WARN  server.ServerUtils (ServerUtils.java:getScmDbDir(145)) - ozone.scm.db.dirs is not configured. We recommend adding this setting. Falling back to ozone.metadata.dirs instead.
2019-09-04 10:20:36,600 [main] WARN  server.ServerUtils (ServerUtils.java:getScmDbDir(145)) - ozone.scm.db.dirs is not configured. We recommend adding this setting. Falling back to ozone.metadata.dirs instead.
2019-09-04 10:20:36,601 [main] INFO  db.DBStoreBuilder (DBStoreBuilder.java:addTable(110)) - using custom profile for table: deletedBlocks
2019-09-04 10:20:36,601 [main] INFO  db.DBStoreBuilder (DBStoreBuilder.java:processTables(161)) - Using default column profile:DBProfile.DISK for Table:deletedBlocks
2019-09-04 10:20:36,602 [main] INFO  db.DBStoreBuilder (DBStoreBuilder.java:addTable(110)) - using custom profile for table: validCerts
2019-09-04 10:20:36,602 [main] INFO  db.DBStoreBuilder (DBStoreBuilder.java:processTables(161)) - Using default column profile:DBProfile.DISK for Table:validCerts
2019-09-04 10:20:36,602 [main] INFO  db.DBStoreBuilder (DBStoreBuilder.java:addTable(110)) - using custom profile for table: revokedCerts
2019-09-04 10:20:36,602 [main] INFO  db.DBStoreBuilder (DBStoreBuilder.java:processTables(161)) - Using default column profile:DBProfile.DISK for Table:revokedCerts
2019-09-04 10:20:36,603 [main] INFO  db.DBStoreBuilder (DBStoreBuilder.java:addTable(110)) - using custom profile for table: default
2019-09-04 10:20:36,603 [main] INFO  db.DBStoreBuilder (DBStoreBuilder.java:processTables(167)) - Using default column profile:DBProfile.DISK for Table:default
2019-09-04 10:20:36,603 [main] INFO  db.DBStoreBuilder (DBStoreBuilder.java:getDbProfile(198)) - Using default options. DBProfile.DISK
2019-09-04 10:20:36,784 [main] INFO  net.NodeSchemaLoader (NodeSchemaLoader.java:loadSchemaFromFile(125)) - Loading file from sun.misc.CompoundEnumeration@1ad1f167
2019-09-04 10:20:36,784 [main] INFO  net.NodeSchemaLoader (NodeSchemaLoader.java:loadSchema(171)) - Loading network topology layer schema file
2019-09-04 10:20:36,789 [main] WARN  server.ServerUtils (ServerUtils.java:sanitizeUserArgs(70)) - ozone.scm.stale.node.interval value = 300000 is larger than max = 100000 based on the key value of ozone.scm.heartbeat.thread.interval, reset to the max value 100000.
2019-09-04 10:20:36,789 [main] WARN  server.ServerUtils (ServerUtils.java:sanitizeUserArgs(70)) - ozone.scm.stale.node.interval value = 300000 is larger than max = 100000 based on the key value of ozone.scm.heartbeat.thread.interval, reset to the max value 100000.
2019-09-04 10:20:36,790 [main] INFO  node.SCMNodeManager (SCMNodeManager.java:<init>(121)) - Entering startup safe mode.
2019-09-04 10:20:36,791 [main] INFO  algorithms.ContainerPlacementPolicyFactory (ContainerPlacementPolicyFactory.java:getPolicy(55)) - Create container placement policy of type org.apache.hadoop.hdds.scm.container.placement.algorithms.SCMContainerPlacementRandom
2019-09-04 10:20:36,791 [main] WARN  server.ServerUtils (ServerUtils.java:getScmDbDir(145)) - ozone.scm.db.dirs is not configured. We recommend adding this setting. Falling back to ozone.metadata.dirs instead.
2019-09-04 10:20:36,863 [main] INFO  pipeline.SCMPipelineManager (SCMPipelineManager.java:initializePipelineState(126)) - No pipeline exists in current db
2019-09-04 10:20:36,863 [main] WARN  server.ServerUtils (ServerUtils.java:getScmDbDir(145)) - ozone.scm.db.dirs is not configured. We recommend adding this setting. Falling back to ozone.metadata.dirs instead.
2019-09-04 10:20:36,934 [main] WARN  events.EventQueue (EventQueue.java:fireEvent(175)) - No event handler registered for event TypedEvent{payloadType=SafeModeStatus, name='SafeModeStatus'}
2019-09-04 10:20:36,935 [main] INFO  ipc.CallQueueManager (CallQueueManager.java:<init>(84)) - Using callQueue: class java.util.concurrent.LinkedBlockingQueue, queueCapacity: 2000, scheduler: class org.apache.hadoop.ipc.DefaultRpcScheduler, ipcBackoff: false.
2019-09-04 10:20:36,936 [Socket Reader #1 for port 42494] INFO  ipc.Server (Server.java:run(1074)) - Starting Socket Reader #1 for port 42494
2019-09-04 10:20:36,939 [main] INFO  ipc.CallQueueManager (CallQueueManager.java:<init>(84)) - Using callQueue: class java.util.concurrent.LinkedBlockingQueue, queueCapacity: 2000, scheduler: class org.apache.hadoop.ipc.DefaultRpcScheduler, ipcBackoff: false.
2019-09-04 10:20:36,940 [Socket Reader #1 for port 43518] INFO  ipc.Server (Server.java:run(1074)) - Starting Socket Reader #1 for port 43518
2019-09-04 10:20:36,941 [main] INFO  ipc.CallQueueManager (CallQueueManager.java:<init>(84)) - Using callQueue: class java.util.concurrent.LinkedBlockingQueue, queueCapacity: 2000, scheduler: class org.apache.hadoop.ipc.DefaultRpcScheduler, ipcBackoff: false.
2019-09-04 10:20:36,942 [Socket Reader #1 for port 43315] INFO  ipc.Server (Server.java:run(1074)) - Starting Socket Reader #1 for port 43315
2019-09-04 10:20:36,944 [main] INFO  hdfs.DFSUtil (DFSUtil.java:httpServerTemplateForNNAndJN(1641)) - Starting Web-server for scm at: http://0.0.0.0:0
2019-09-04 10:20:36,946 [main] INFO  server.AuthenticationFilter (AuthenticationFilter.java:constructSecretProvider(240)) - Unable to initialize FileSignerSecretProvider, falling back to use random secrets.
2019-09-04 10:20:36,947 [main] WARN  http.HttpRequestLog (HttpRequestLog.java:getRequestLog(97)) - Jetty request log can only be enabled using Log4j
2019-09-04 10:20:36,949 [main] INFO  http.HttpServer2 (HttpServer2.java:addGlobalFilter(975)) - Added global filter 'safety' (class=org.apache.hadoop.http.HttpServer2$QuotingInputFilter)
2019-09-04 10:20:36,950 [main] INFO  http.HttpServer2 (HttpServer2.java:addFilter(948)) - Added filter static_user_filter (class=org.apache.hadoop.http.lib.StaticUserWebFilter$StaticUserFilter) to context scm
2019-09-04 10:20:36,950 [main] INFO  http.HttpServer2 (HttpServer2.java:addFilter(958)) - Added filter static_user_filter (class=org.apache.hadoop.http.lib.StaticUserWebFilter$StaticUserFilter) to context logs
2019-09-04 10:20:36,951 [main] INFO  http.HttpServer2 (HttpServer2.java:addFilter(958)) - Added filter static_user_filter (class=org.apache.hadoop.http.lib.StaticUserWebFilter$StaticUserFilter) to context static
2019-09-04 10:20:36,954 [main] INFO  server.StorageContainerManager (StorageContainerManager.java:start(759)) - StorageContainerLocationProtocol RPC server is listening at /0.0.0.0:43315
2019-09-04 10:20:36,957 [main] WARN  impl.MetricsConfig (MetricsConfig.java:loadFirst(134)) - Cannot locate configuration: tried hadoop-metrics2-storagecontainermanager.properties,hadoop-metrics2.properties
2019-09-04 10:20:36,958 [main] INFO  impl.MetricsSystemImpl (MetricsSystemImpl.java:startTimer(374)) - Scheduled Metric snapshot period at 10 second(s).
2019-09-04 10:20:36,958 [main] INFO  impl.MetricsSystemImpl (MetricsSystemImpl.java:start(191)) - StorageContainerManager metrics system started
2019-09-04 10:20:37,047 [main] INFO  server.SCMClientProtocolServer (SCMClientProtocolServer.java:start(151)) - RPC server for Client  is listening at /0.0.0.0:43315
2019-09-04 10:20:37,048 [IPC Server listener on 43315] INFO  ipc.Server (Server.java:run(1153)) - IPC Server listener on 43315: starting
2019-09-04 10:20:37,048 [IPC Server Responder] INFO  ipc.Server (Server.java:run(1314)) - IPC Server Responder: starting
2019-09-04 10:20:37,052 [main] INFO  server.StorageContainerManager (StorageContainerManager.java:start(769)) - ScmBlockLocationProtocol RPC server is listening at /0.0.0.0:43518
2019-09-04 10:20:37,053 [main] INFO  server.SCMBlockProtocolServer (SCMBlockProtocolServer.java:start(140)) - RPC server for Block Protocol is listening at /0.0.0.0:43518
2019-09-04 10:20:37,053 [IPC Server Responder] INFO  ipc.Server (Server.java:run(1314)) - IPC Server Responder: starting
2019-09-04 10:20:37,053 [IPC Server listener on 43518] INFO  ipc.Server (Server.java:run(1153)) - IPC Server listener on 43518: starting
2019-09-04 10:20:37,056 [main] INFO  server.StorageContainerManager (StorageContainerManager.java:start(773)) - ScmDatanodeProtocl RPC server is listening at /0.0.0.0:42494
2019-09-04 10:20:37,056 [main] INFO  server.SCMDatanodeProtocolServer (SCMDatanodeProtocolServer.java:start(191)) - RPC server for DataNodes is listening at /0.0.0.0:42494
2019-09-04 10:20:37,056 [IPC Server Responder] INFO  ipc.Server (Server.java:run(1314)) - IPC Server Responder: starting
2019-09-04 10:20:37,056 [IPC Server listener on 42494] INFO  ipc.Server (Server.java:run(1153)) - IPC Server listener on 42494: starting
2019-09-04 10:20:37,059 [main] INFO  http.HttpServer2 (HttpServer2.java:bindListener(1191)) - Jetty bound to port 42535
2019-09-04 10:20:37,060 [main] INFO  server.Server (Server.java:doStart(351)) - jetty-9.3.24.v20180605, build timestamp: 2018-06-05T17:11:56Z, git hash: 84205aa28f11a4f31f2a3b86d1bba2cc8ab69827
2019-09-04 10:20:37,061 [main] INFO  handler.ContextHandler (ContextHandler.java:doStart(781)) - Started o.e.j.s.ServletContextHandler@746fd19b{/logs,file:///workdir/hadoop-ozone/integration-test/target/log,AVAILABLE}
2019-09-04 10:20:37,062 [main] INFO  handler.ContextHandler (ContextHandler.java:doStart(781)) - Started o.e.j.s.ServletContextHandler@61d7bb61{/static,file:///workdir/hadoop-ozone/integration-test/target/test-classes/webapps/static,AVAILABLE}
2019-09-04 10:20:37,065 [main] INFO  handler.ContextHandler (ContextHandler.java:doStart(781)) - Started o.e.j.w.WebAppContext@77cf329d{/,file:///workdir/hadoop-ozone/integration-test/target/test-classes/webapps/scm/,AVAILABLE}{/scm}
2019-09-04 10:20:37,066 [main] INFO  server.AbstractConnector (AbstractConnector.java:doStart(278)) - Started ServerConnector@4067634b{HTTP/1.1,[http/1.1]}{0.0.0.0:42535}
2019-09-04 10:20:37,066 [main] INFO  server.Server (Server.java:doStart(419)) - Started @119921ms
2019-09-04 10:20:37,067 [main] INFO  server.BaseHttpServer (BaseHttpServer.java:updateConnectorAddress(213)) - HTTP server of SCM is listening at http://0.0.0.0:42535
2019-09-04 10:20:37,069 [main] WARN  server.ServerUtils (ServerUtils.java:getDBPath(222)) - ozone.om.db.dirs is not configured. We recommend adding this setting. Falling back to ozone.metadata.dirs instead.
2019-09-04 10:20:37,069 [org.apache.hadoop.util.JvmPauseMonitor$Monitor@490d9c41] INFO  util.JvmPauseMonitor (JvmPauseMonitor.java:run(188)) - Starting JVM pause monitor
2019-09-04 10:20:37,081 [main] WARN  server.ServerUtils (ServerUtils.java:getDBPath(222)) - ozone.om.db.dirs is not configured. We recommend adding this setting. Falling back to ozone.metadata.dirs instead.
2019-09-04 10:20:37,081 [main] WARN  server.ServerUtils (ServerUtils.java:getDBPath(222)) - ozone.om.db.dirs is not configured. We recommend adding this setting. Falling back to ozone.metadata.dirs instead.
2019-09-04 10:20:37,082 [main] INFO  om.OzoneManager (OzoneManager.java:setOMNodeDetails(645)) - OM Service ID is not set. Setting it to the default ID: omServiceIdDefault
2019-09-04 10:20:37,082 [main] INFO  om.OzoneManager (OzoneManager.java:setOMNodeDetails(651)) - OM Node ID is not set. Setting it to the OmStorage's OmID: 6d63fd17-fd9d-4218-b949-45bdd7703524
2019-09-04 10:20:37,082 [main] INFO  om.OzoneManager (OzoneManager.java:loadOMHAConfigs(602)) - Found matching OM address with OMServiceId: null, OMNodeId: null, RPC Address: localhost:0 and Ratis port: 9872
2019-09-04 10:20:37,086 | INFO  | SCMAudit | user=jenkins1000 | ip=192.168.36.67 | op=GET_SCM_INFO null | ret=SUCCESS |  
2019-09-04 10:20:37,089 [main] WARN  server.ServerUtils (ServerUtils.java:getDBPath(222)) - ozone.om.db.dirs is not configured. We recommend adding this setting. Falling back to ozone.metadata.dirs instead.
2019-09-04 10:20:37,090 [main] INFO  db.DBStoreBuilder (DBStoreBuilder.java:addTable(110)) - using custom profile for table: userTable
2019-09-04 10:20:37,090 [main] INFO  db.DBStoreBuilder (DBStoreBuilder.java:processTables(161)) - Using default column profile:DBProfile.DISK for Table:userTable
2019-09-04 10:20:37,090 [main] INFO  db.DBStoreBuilder (DBStoreBuilder.java:addTable(110)) - using custom profile for table: volumeTable
2019-09-04 10:20:37,090 [main] INFO  db.DBStoreBuilder (DBStoreBuilder.java:processTables(161)) - Using default column profile:DBProfile.DISK for Table:volumeTable
2019-09-04 10:20:37,090 [main] INFO  db.DBStoreBuilder (DBStoreBuilder.java:addTable(110)) - using custom profile for table: bucketTable
2019-09-04 10:20:37,091 [main] INFO  db.DBStoreBuilder (DBStoreBuilder.java:processTables(161)) - Using default column profile:DBProfile.DISK for Table:bucketTable
2019-09-04 10:20:37,091 [main] INFO  db.DBStoreBuilder (DBStoreBuilder.java:addTable(110)) - using custom profile for table: keyTable
2019-09-04 10:20:37,091 [main] INFO  db.DBStoreBuilder (DBStoreBuilder.java:processTables(161)) - Using default column profile:DBProfile.DISK for Table:keyTable
2019-09-04 10:20:37,091 [main] INFO  db.DBStoreBuilder (DBStoreBuilder.java:addTable(110)) - using custom profile for table: deletedTable
2019-09-04 10:20:37,091 [main] INFO  db.DBStoreBuilder (DBStoreBuilder.java:processTables(161)) - Using default column profile:DBProfile.DISK for Table:deletedTable
2019-09-04 10:20:37,091 [main] INFO  db.DBStoreBuilder (DBStoreBuilder.java:addTable(110)) - using custom profile for table: openKeyTable
2019-09-04 10:20:37,092 [main] INFO  db.DBStoreBuilder (DBStoreBuilder.java:processTables(161)) - Using default column profile:DBProfile.DISK for Table:openKeyTable
2019-09-04 10:20:37,092 [main] INFO  db.DBStoreBuilder (DBStoreBuilder.java:addTable(110)) - using custom profile for table: s3Table
2019-09-04 10:20:37,092 [main] INFO  db.DBStoreBuilder (DBStoreBuilder.java:processTables(161)) - Using default column profile:DBProfile.DISK for Table:s3Table
2019-09-04 10:20:37,092 [main] INFO  db.DBStoreBuilder (DBStoreBuilder.java:addTable(110)) - using custom profile for table: multipartInfoTable
2019-09-04 10:20:37,092 [main] INFO  db.DBStoreBuilder (DBStoreBuilder.java:processTables(161)) - Using default column profile:DBProfile.DISK for Table:multipartInfoTable
2019-09-04 10:20:37,092 [main] INFO  db.DBStoreBuilder (DBStoreBuilder.java:addTable(110)) - using custom profile for table: dTokenTable
2019-09-04 10:20:37,093 [main] INFO  db.DBStoreBuilder (DBStoreBuilder.java:processTables(161)) - Using default column profile:DBProfile.DISK for Table:dTokenTable
2019-09-04 10:20:37,093 [main] INFO  db.DBStoreBuilder (DBStoreBuilder.java:addTable(110)) - using custom profile for table: s3SecretTable
2019-09-04 10:20:37,093 [main] INFO  db.DBStoreBuilder (DBStoreBuilder.java:processTables(161)) - Using default column profile:DBProfile.DISK for Table:s3SecretTable
2019-09-04 10:20:37,093 [main] INFO  db.DBStoreBuilder (DBStoreBuilder.java:addTable(110)) - using custom profile for table: prefixTable
2019-09-04 10:20:37,093 [main] INFO  db.DBStoreBuilder (DBStoreBuilder.java:processTables(161)) - Using default column profile:DBProfile.DISK for Table:prefixTable
2019-09-04 10:20:37,093 [main] INFO  db.DBStoreBuilder (DBStoreBuilder.java:addTable(110)) - using custom profile for table: default
2019-09-04 10:20:37,094 [main] INFO  db.DBStoreBuilder (DBStoreBuilder.java:processTables(167)) - Using default column profile:DBProfile.DISK for Table:default
2019-09-04 10:20:37,094 [main] INFO  db.DBStoreBuilder (DBStoreBuilder.java:getDbProfile(198)) - Using default options. DBProfile.DISK
2019-09-04 10:20:37,753 [main] INFO  ipc.CallQueueManager (CallQueueManager.java:<init>(84)) - Using callQueue: class java.util.concurrent.LinkedBlockingQueue, queueCapacity: 2000, scheduler: class org.apache.hadoop.ipc.DefaultRpcScheduler, ipcBackoff: false.
2019-09-04 10:20:37,754 [Socket Reader #1 for port 44935] INFO  ipc.Server (Server.java:run(1074)) - Starting Socket Reader #1 for port 44935
2019-09-04 10:20:37,767 [main] INFO  om.OzoneManager (OzoneManager.java:start(1256)) - OzoneManager RPC server is listening at localhost/127.0.0.1:44935
2019-09-04 10:20:37,767 [main] INFO  impl.MetricsSystemImpl (MetricsSystemImpl.java:init(158)) - OzoneManager metrics system started (again)
2019-09-04 10:20:37,767 [IPC Server Responder] INFO  ipc.Server (Server.java:run(1314)) - IPC Server Responder: starting
2019-09-04 10:20:37,768 [IPC Server listener on 44935] INFO  ipc.Server (Server.java:run(1153)) - IPC Server listener on 44935: starting
2019-09-04 10:20:37,772 [main] INFO  hdfs.DFSUtil (DFSUtil.java:httpServerTemplateForNNAndJN(1641)) - Starting Web-server for ozoneManager at: http://0.0.0.0:0
2019-09-04 10:20:37,774 [main] INFO  server.AuthenticationFilter (AuthenticationFilter.java:constructSecretProvider(240)) - Unable to initialize FileSignerSecretProvider, falling back to use random secrets.
2019-09-04 10:20:37,774 [main] WARN  http.HttpRequestLog (HttpRequestLog.java:getRequestLog(97)) - Jetty request log can only be enabled using Log4j
2019-09-04 10:20:37,776 [main] INFO  http.HttpServer2 (HttpServer2.java:addGlobalFilter(975)) - Added global filter 'safety' (class=org.apache.hadoop.http.HttpServer2$QuotingInputFilter)
2019-09-04 10:20:37,776 [main] INFO  http.HttpServer2 (HttpServer2.java:addFilter(948)) - Added filter static_user_filter (class=org.apache.hadoop.http.lib.StaticUserWebFilter$StaticUserFilter) to context ozoneManager
2019-09-04 10:20:37,777 [main] INFO  http.HttpServer2 (HttpServer2.java:addFilter(958)) - Added filter static_user_filter (class=org.apache.hadoop.http.lib.StaticUserWebFilter$StaticUserFilter) to context logs
2019-09-04 10:20:37,777 [main] INFO  http.HttpServer2 (HttpServer2.java:addFilter(958)) - Added filter static_user_filter (class=org.apache.hadoop.http.lib.StaticUserWebFilter$StaticUserFilter) to context static
2019-09-04 10:20:37,777 [main] INFO  http.HttpServer2 (HttpServer2.java:bindListener(1191)) - Jetty bound to port 38788
2019-09-04 10:20:37,778 [main] INFO  server.Server (Server.java:doStart(351)) - jetty-9.3.24.v20180605, build timestamp: 2018-06-05T17:11:56Z, git hash: 84205aa28f11a4f31f2a3b86d1bba2cc8ab69827
2019-09-04 10:20:37,779 [main] INFO  handler.ContextHandler (ContextHandler.java:doStart(781)) - Started o.e.j.s.ServletContextHandler@4cb82b09{/logs,file:///workdir/hadoop-ozone/integration-test/target/log,AVAILABLE}
2019-09-04 10:20:37,780 [main] INFO  handler.ContextHandler (ContextHandler.java:doStart(781)) - Started o.e.j.s.ServletContextHandler@b68932b{/static,file:///workdir/hadoop-ozone/integration-test/target/test-classes/webapps/static,AVAILABLE}
2019-09-04 10:20:37,784 [main] INFO  handler.ContextHandler (ContextHandler.java:doStart(781)) - Started o.e.j.w.WebAppContext@6109d880{/,file:///workdir/hadoop-ozone/integration-test/target/test-classes/webapps/ozoneManager/,AVAILABLE}{/ozoneManager}
2019-09-04 10:20:37,785 [main] INFO  server.AbstractConnector (AbstractConnector.java:doStart(278)) - Started ServerConnector@4c9ef9c9{HTTP/1.1,[http/1.1]}{0.0.0.0:38788}
2019-09-04 10:20:37,786 [main] INFO  server.Server (Server.java:doStart(419)) - Started @120640ms
2019-09-04 10:20:37,786 [main] INFO  server.BaseHttpServer (BaseHttpServer.java:updateConnectorAddress(213)) - HTTP server of OZONEMANAGER is listening at http://0.0.0.0:38788
2019-09-04 10:20:37,802 [main] INFO  impl.MetricsSystemImpl (MetricsSystemImpl.java:init(158)) - HddsDatanode metrics system started (again)
2019-09-04 10:20:37,805 [main] INFO  ozone.HddsDatanodeService (HddsDatanodeService.java:start(184)) - HddsDatanodeService host:pr-hdds-1569-fjd24-125839774 ip:192.168.36.67
2019-09-04 10:20:37,812 [main] INFO  volume.HddsVolume (HddsVolume.java:<init>(176)) - Creating Volume: /workdir/hadoop-ozone/integration-test/target/test-dir/MiniOzoneClusterImpl-33f8f071-44a0-4994-988d-ac099cede435/datanode-0/data/containers/hdds of  storage type : DISK and capacity : 1482555576320
2019-09-04 10:20:37,812 [main] INFO  volume.VolumeSet (VolumeSet.java:initializeVolumeSet(170)) - Added Volume : /workdir/hadoop-ozone/integration-test/target/test-dir/MiniOzoneClusterImpl-33f8f071-44a0-4994-988d-ac099cede435/datanode-0/data/containers/hdds to VolumeSet
2019-09-04 10:20:37,813 [main] INFO  volume.ThrottledAsyncChecker (ThrottledAsyncChecker.java:schedule(140)) - Scheduling a check for org.apache.hadoop.ozone.container.common.volume.HddsVolume@3855b27e
2019-09-04 10:20:37,813 [main] INFO  volume.HddsVolumeChecker (HddsVolumeChecker.java:checkAllVolumes(203)) - Scheduled health check for volume org.apache.hadoop.ozone.container.common.volume.HddsVolume@3855b27e
2019-09-04 10:20:37,833 [main] INFO  impl.RaftServerProxy (ConfUtils.java:logGet(43)) - raft.rpc.type = GRPC (default)
2019-09-04 10:20:37,833 [main] INFO  grpc.GrpcFactory (GrpcFactory.java:checkPooledByteBufAllocatorUseCacheForAllThreads(45)) - PERFORMANCE WARNING: useCacheForAllThreads is true that may cause Netty to create a lot garbage objects and, as a result, trigger GC.
	It is recommended to disable useCacheForAllThreads by setting -Dorg.apache.ratis.thirdparty.io.netty.allocator.useCacheForAllThreads=false in command line.
2019-09-04 10:20:37,833 [main] INFO  grpc.GrpcConfigKeys$Server (ConfUtils.java:logGet(43)) - raft.grpc.server.port = 0 (default)
2019-09-04 10:20:37,833 [main] INFO  server.GrpcService (ConfUtils.java:logGet(43)) - raft.grpc.message.size.max = 33570816 (custom)
2019-09-04 10:20:37,833 [main] INFO  server.RaftServerConfigKeys (ConfUtils.java:logGet(43)) - raft.server.log.appender.buffer.byte-limit = 33554432 (custom)
2019-09-04 10:20:37,834 [main] INFO  server.GrpcService (ConfUtils.java:logGet(43)) - raft.grpc.flow.control.window = 1MB (=1048576) (default)
2019-09-04 10:20:37,834 [main] INFO  server.RaftServerConfigKeys (ConfUtils.java:logGet(43)) - raft.server.rpc.request.timeout = 3000ms (default)
2019-09-04 10:20:37,834 [main] INFO  server.RaftServerConfigKeys (ConfUtils.java:logGet(43)) - raft.server.storage.dir = [/workdir/hadoop-ozone/integration-test/target/test-dir/MiniOzoneClusterImpl-33f8f071-44a0-4994-988d-ac099cede435/datanode-0/data/ratis] (custom)
2019-09-04 10:20:37,835 [main] INFO  replication.SimpleContainerDownloader (SimpleContainerDownloader.java:<init>(72)) - Starting container downloader service to copy containers to replicate.
2019-09-04 10:20:37,836 [main] INFO  hdfs.DFSUtil (DFSUtil.java:httpServerTemplateForNNAndJN(1641)) - Starting Web-server for hddsDatanode at: http://0.0.0.0:0
2019-09-04 10:20:37,839 [main] INFO  server.AuthenticationFilter (AuthenticationFilter.java:constructSecretProvider(240)) - Unable to initialize FileSignerSecretProvider, falling back to use random secrets.
2019-09-04 10:20:37,839 [main] WARN  http.HttpRequestLog (HttpRequestLog.java:getRequestLog(97)) - Jetty request log can only be enabled using Log4j
2019-09-04 10:20:37,841 [main] INFO  http.HttpServer2 (HttpServer2.java:addGlobalFilter(975)) - Added global filter 'safety' (class=org.apache.hadoop.http.HttpServer2$QuotingInputFilter)
2019-09-04 10:20:37,841 [main] INFO  http.HttpServer2 (HttpServer2.java:addFilter(948)) - Added filter static_user_filter (class=org.apache.hadoop.http.lib.StaticUserWebFilter$StaticUserFilter) to context hddsDatanode
2019-09-04 10:20:37,841 [main] INFO  http.HttpServer2 (HttpServer2.java:addFilter(958)) - Added filter static_user_filter (class=org.apache.hadoop.http.lib.StaticUserWebFilter$StaticUserFilter) to context static
2019-09-04 10:20:37,842 [main] INFO  http.HttpServer2 (HttpServer2.java:addFilter(958)) - Added filter static_user_filter (class=org.apache.hadoop.http.lib.StaticUserWebFilter$StaticUserFilter) to context logs
2019-09-04 10:20:37,842 [main] INFO  http.HttpServer2 (HttpServer2.java:bindListener(1191)) - Jetty bound to port 42276
2019-09-04 10:20:37,842 [main] INFO  server.Server (Server.java:doStart(351)) - jetty-9.3.24.v20180605, build timestamp: 2018-06-05T17:11:56Z, git hash: 84205aa28f11a4f31f2a3b86d1bba2cc8ab69827
2019-09-04 10:20:37,844 [main] INFO  handler.ContextHandler (ContextHandler.java:doStart(781)) - Started o.e.j.s.ServletContextHandler@67d180e4{/logs,file:///workdir/hadoop-ozone/integration-test/target/log,AVAILABLE}
2019-09-04 10:20:37,844 [main] INFO  handler.ContextHandler (ContextHandler.java:doStart(781)) - Started o.e.j.s.ServletContextHandler@1293f8d7{/static,jar:file:/home/user/.m2/repository/org/apache/hadoop/hadoop-hdds-container-service/0.5.0-SNAPSHOT/hadoop-hdds-container-service-0.5.0-SNAPSHOT.jar!/webapps/static,AVAILABLE}
2019-09-04 10:20:37,872 [main] INFO  handler.ContextHandler (ContextHandler.java:doStart(781)) - Started o.e.j.w.WebAppContext@5bdb6ea8{/,file:///tmp/jetty-0.0.0.0-42276-hddsDatanode-_-any-942730668835451750.dir/webapp/,AVAILABLE}{/hddsDatanode}
2019-09-04 10:20:37,872 [main] INFO  server.AbstractConnector (AbstractConnector.java:doStart(278)) - Started ServerConnector@3e55eeb9{HTTP/1.1,[http/1.1]}{0.0.0.0:42276}
2019-09-04 10:20:37,876 [main] INFO  server.Server (Server.java:doStart(419)) - Started @120731ms
2019-09-04 10:20:37,877 [main] INFO  server.BaseHttpServer (BaseHttpServer.java:updateConnectorAddress(213)) - HTTP server of HDDSDATANODE is listening at http://0.0.0.0:42276
2019-09-04 10:20:38,026 | INFO  | ObjectStoreRestHttpServer | Listening HDDS REST traffic on /0.0.0.0:34409 |  
2019-09-04 10:20:38,026 [main] INFO  ozone.HddsDatanodeService (HddsDatanodeService.java:startPlugins(395)) - Started plug-in org.apache.hadoop.ozone.web.OzoneHddsDatanodeService@3be50b2c
2019-09-04 10:20:38,026 [main] INFO  impl.MetricsSystemImpl (MetricsSystemImpl.java:init(158)) - HddsDatanode metrics system started (again)
2019-09-04 10:20:38,029 [org.apache.hadoop.util.JvmPauseMonitor$Monitor@5f4e5d50] INFO  util.JvmPauseMonitor (JvmPauseMonitor.java:run(188)) - Starting JVM pause monitor
2019-09-04 10:20:38,030 [main] INFO  ozone.HddsDatanodeService (HddsDatanodeService.java:start(184)) - HddsDatanodeService host:pr-hdds-1569-fjd24-125839774 ip:192.168.36.67
2019-09-04 10:20:38,032 [Datanode State Machine Thread - 0] INFO  datanode.InitDatanodeState (InitDatanodeState.java:persistContainerDatanodeDetails(140)) - DatanodeDetails is persisted to /workdir/hadoop-ozone/integration-test/target/test-dir/MiniOzoneClusterImpl-33f8f071-44a0-4994-988d-ac099cede435/datanode-0/meta/datanode.id
2019-09-04 10:20:38,038 [main] INFO  volume.HddsVolume (HddsVolume.java:<init>(176)) - Creating Volume: /workdir/hadoop-ozone/integration-test/target/test-dir/MiniOzoneClusterImpl-33f8f071-44a0-4994-988d-ac099cede435/datanode-1/data/containers/hdds of  storage type : DISK and capacity : 1482555576320
2019-09-04 10:20:38,038 [main] INFO  volume.VolumeSet (VolumeSet.java:initializeVolumeSet(170)) - Added Volume : /workdir/hadoop-ozone/integration-test/target/test-dir/MiniOzoneClusterImpl-33f8f071-44a0-4994-988d-ac099cede435/datanode-1/data/containers/hdds to VolumeSet
2019-09-04 10:20:38,038 [main] INFO  volume.ThrottledAsyncChecker (ThrottledAsyncChecker.java:schedule(140)) - Scheduling a check for org.apache.hadoop.ozone.container.common.volume.HddsVolume@484876a1
2019-09-04 10:20:38,039 [main] INFO  volume.HddsVolumeChecker (HddsVolumeChecker.java:checkAllVolumes(203)) - Scheduled health check for volume org.apache.hadoop.ozone.container.common.volume.HddsVolume@484876a1
2019-09-04 10:20:38,064 [main] INFO  impl.RaftServerProxy (ConfUtils.java:logGet(43)) - raft.rpc.type = GRPC (default)
2019-09-04 10:20:38,065 [main] INFO  grpc.GrpcFactory (GrpcFactory.java:checkPooledByteBufAllocatorUseCacheForAllThreads(45)) - PERFORMANCE WARNING: useCacheForAllThreads is true that may cause Netty to create a lot garbage objects and, as a result, trigger GC.
	It is recommended to disable useCacheForAllThreads by setting -Dorg.apache.ratis.thirdparty.io.netty.allocator.useCacheForAllThreads=false in command line.
2019-09-04 10:20:38,065 [main] INFO  grpc.GrpcConfigKeys$Server (ConfUtils.java:logGet(43)) - raft.grpc.server.port = 0 (default)
2019-09-04 10:20:38,066 [main] INFO  server.GrpcService (ConfUtils.java:logGet(43)) - raft.grpc.message.size.max = 33570816 (custom)
2019-09-04 10:20:38,066 [main] INFO  server.RaftServerConfigKeys (ConfUtils.java:logGet(43)) - raft.server.log.appender.buffer.byte-limit = 33554432 (custom)
2019-09-04 10:20:38,066 [main] INFO  server.GrpcService (ConfUtils.java:logGet(43)) - raft.grpc.flow.control.window = 1MB (=1048576) (default)
2019-09-04 10:20:38,067 [main] INFO  server.RaftServerConfigKeys (ConfUtils.java:logGet(43)) - raft.server.rpc.request.timeout = 3000ms (default)
2019-09-04 10:20:38,068 [main] INFO  server.RaftServerConfigKeys (ConfUtils.java:logGet(43)) - raft.server.storage.dir = [/workdir/hadoop-ozone/integration-test/target/test-dir/MiniOzoneClusterImpl-33f8f071-44a0-4994-988d-ac099cede435/datanode-1/data/ratis] (custom)
2019-09-04 10:20:38,068 [main] INFO  replication.SimpleContainerDownloader (SimpleContainerDownloader.java:<init>(72)) - Starting container downloader service to copy containers to replicate.
2019-09-04 10:20:38,071 [main] INFO  hdfs.DFSUtil (DFSUtil.java:httpServerTemplateForNNAndJN(1641)) - Starting Web-server for hddsDatanode at: http://0.0.0.0:0
2019-09-04 10:20:38,078 [main] INFO  server.AuthenticationFilter (AuthenticationFilter.java:constructSecretProvider(240)) - Unable to initialize FileSignerSecretProvider, falling back to use random secrets.
2019-09-04 10:20:38,082 [main] WARN  http.HttpRequestLog (HttpRequestLog.java:getRequestLog(97)) - Jetty request log can only be enabled using Log4j
2019-09-04 10:20:38,085 [main] INFO  http.HttpServer2 (HttpServer2.java:addGlobalFilter(975)) - Added global filter 'safety' (class=org.apache.hadoop.http.HttpServer2$QuotingInputFilter)
2019-09-04 10:20:38,086 [main] INFO  http.HttpServer2 (HttpServer2.java:addFilter(948)) - Added filter static_user_filter (class=org.apache.hadoop.http.lib.StaticUserWebFilter$StaticUserFilter) to context hddsDatanode
2019-09-04 10:20:38,087 [main] INFO  http.HttpServer2 (HttpServer2.java:addFilter(958)) - Added filter static_user_filter (class=org.apache.hadoop.http.lib.StaticUserWebFilter$StaticUserFilter) to context static
2019-09-04 10:20:38,087 [main] INFO  http.HttpServer2 (HttpServer2.java:addFilter(958)) - Added filter static_user_filter (class=org.apache.hadoop.http.lib.StaticUserWebFilter$StaticUserFilter) to context logs
2019-09-04 10:20:38,089 [main] INFO  http.HttpServer2 (HttpServer2.java:bindListener(1191)) - Jetty bound to port 34509
2019-09-04 10:20:38,089 [main] INFO  server.Server (Server.java:doStart(351)) - jetty-9.3.24.v20180605, build timestamp: 2018-06-05T17:11:56Z, git hash: 84205aa28f11a4f31f2a3b86d1bba2cc8ab69827
2019-09-04 10:20:38,093 [main] INFO  handler.ContextHandler (ContextHandler.java:doStart(781)) - Started o.e.j.s.ServletContextHandler@1669f4e5{/logs,file:///workdir/hadoop-ozone/integration-test/target/log,AVAILABLE}
2019-09-04 10:20:38,093 [main] INFO  handler.ContextHandler (ContextHandler.java:doStart(781)) - Started o.e.j.s.ServletContextHandler@4be1dce6{/static,jar:file:/home/user/.m2/repository/org/apache/hadoop/hadoop-hdds-container-service/0.5.0-SNAPSHOT/hadoop-hdds-container-service-0.5.0-SNAPSHOT.jar!/webapps/static,AVAILABLE}
2019-09-04 10:20:38,121 [main] INFO  handler.ContextHandler (ContextHandler.java:doStart(781)) - Started o.e.j.w.WebAppContext@5977bdea{/,file:///tmp/jetty-0.0.0.0-34509-hddsDatanode-_-any-1751252508755643816.dir/webapp/,AVAILABLE}{/hddsDatanode}
2019-09-04 10:20:38,121 [main] INFO  server.AbstractConnector (AbstractConnector.java:doStart(278)) - Started ServerConnector@49c13ecd{HTTP/1.1,[http/1.1]}{0.0.0.0:34509}
2019-09-04 10:20:38,123 [main] INFO  server.Server (Server.java:doStart(419)) - Started @120978ms
2019-09-04 10:20:38,124 [main] INFO  server.BaseHttpServer (BaseHttpServer.java:updateConnectorAddress(213)) - HTTP server of HDDSDATANODE is listening at http://0.0.0.0:34509
2019-09-04 10:20:38,294 | INFO  | ObjectStoreRestHttpServer | Listening HDDS REST traffic on /0.0.0.0:35247 |  
2019-09-04 10:20:38,294 [main] INFO  ozone.HddsDatanodeService (HddsDatanodeService.java:startPlugins(395)) - Started plug-in org.apache.hadoop.ozone.web.OzoneHddsDatanodeService@1f6e6f50
2019-09-04 10:20:38,294 [main] INFO  impl.MetricsSystemImpl (MetricsSystemImpl.java:init(158)) - HddsDatanode metrics system started (again)
2019-09-04 10:20:38,297 [org.apache.hadoop.util.JvmPauseMonitor$Monitor@7b2e61cd] INFO  util.JvmPauseMonitor (JvmPauseMonitor.java:run(188)) - Starting JVM pause monitor
2019-09-04 10:20:38,298 [main] INFO  ozone.HddsDatanodeService (HddsDatanodeService.java:start(184)) - HddsDatanodeService host:pr-hdds-1569-fjd24-125839774 ip:192.168.36.67
2019-09-04 10:20:38,299 [Datanode State Machine Thread - 0] INFO  datanode.InitDatanodeState (InitDatanodeState.java:persistContainerDatanodeDetails(140)) - DatanodeDetails is persisted to /workdir/hadoop-ozone/integration-test/target/test-dir/MiniOzoneClusterImpl-33f8f071-44a0-4994-988d-ac099cede435/datanode-1/meta/datanode.id
2019-09-04 10:20:38,304 [main] INFO  volume.HddsVolume (HddsVolume.java:<init>(176)) - Creating Volume: /workdir/hadoop-ozone/integration-test/target/test-dir/MiniOzoneClusterImpl-33f8f071-44a0-4994-988d-ac099cede435/datanode-2/data/containers/hdds of  storage type : DISK and capacity : 1482555576320
2019-09-04 10:20:38,304 [main] INFO  volume.VolumeSet (VolumeSet.java:initializeVolumeSet(170)) - Added Volume : /workdir/hadoop-ozone/integration-test/target/test-dir/MiniOzoneClusterImpl-33f8f071-44a0-4994-988d-ac099cede435/datanode-2/data/containers/hdds to VolumeSet
2019-09-04 10:20:38,305 [main] INFO  volume.ThrottledAsyncChecker (ThrottledAsyncChecker.java:schedule(140)) - Scheduling a check for org.apache.hadoop.ozone.container.common.volume.HddsVolume@74844216
2019-09-04 10:20:38,305 [main] INFO  volume.HddsVolumeChecker (HddsVolumeChecker.java:checkAllVolumes(203)) - Scheduled health check for volume org.apache.hadoop.ozone.container.common.volume.HddsVolume@74844216
2019-09-04 10:20:38,320 [main] INFO  impl.RaftServerProxy (ConfUtils.java:logGet(43)) - raft.rpc.type = GRPC (default)
2019-09-04 10:20:38,320 [main] INFO  grpc.GrpcFactory (GrpcFactory.java:checkPooledByteBufAllocatorUseCacheForAllThreads(45)) - PERFORMANCE WARNING: useCacheForAllThreads is true that may cause Netty to create a lot garbage objects and, as a result, trigger GC.
	It is recommended to disable useCacheForAllThreads by setting -Dorg.apache.ratis.thirdparty.io.netty.allocator.useCacheForAllThreads=false in command line.
2019-09-04 10:20:38,320 [main] INFO  grpc.GrpcConfigKeys$Server (ConfUtils.java:logGet(43)) - raft.grpc.server.port = 0 (default)
2019-09-04 10:20:38,320 [main] INFO  server.GrpcService (ConfUtils.java:logGet(43)) - raft.grpc.message.size.max = 33570816 (custom)
2019-09-04 10:20:38,320 [main] INFO  server.RaftServerConfigKeys (ConfUtils.java:logGet(43)) - raft.server.log.appender.buffer.byte-limit = 33554432 (custom)
2019-09-04 10:20:38,321 [main] INFO  server.GrpcService (ConfUtils.java:logGet(43)) - raft.grpc.flow.control.window = 1MB (=1048576) (default)
2019-09-04 10:20:38,321 [main] INFO  server.RaftServerConfigKeys (ConfUtils.java:logGet(43)) - raft.server.rpc.request.timeout = 3000ms (default)
2019-09-04 10:20:38,321 [main] INFO  server.RaftServerConfigKeys (ConfUtils.java:logGet(43)) - raft.server.storage.dir = [/workdir/hadoop-ozone/integration-test/target/test-dir/MiniOzoneClusterImpl-33f8f071-44a0-4994-988d-ac099cede435/datanode-2/data/ratis] (custom)
2019-09-04 10:20:38,322 [main] INFO  replication.SimpleContainerDownloader (SimpleContainerDownloader.java:<init>(72)) - Starting container downloader service to copy containers to replicate.
2019-09-04 10:20:38,323 [main] INFO  hdfs.DFSUtil (DFSUtil.java:httpServerTemplateForNNAndJN(1641)) - Starting Web-server for hddsDatanode at: http://0.0.0.0:0
2019-09-04 10:20:38,324 [main] INFO  server.AuthenticationFilter (AuthenticationFilter.java:constructSecretProvider(240)) - Unable to initialize FileSignerSecretProvider, falling back to use random secrets.
2019-09-04 10:20:38,324 [main] WARN  http.HttpRequestLog (HttpRequestLog.java:getRequestLog(97)) - Jetty request log can only be enabled using Log4j
2019-09-04 10:20:38,326 [main] INFO  http.HttpServer2 (HttpServer2.java:addGlobalFilter(975)) - Added global filter 'safety' (class=org.apache.hadoop.http.HttpServer2$QuotingInputFilter)
2019-09-04 10:20:38,326 [main] INFO  http.HttpServer2 (HttpServer2.java:addFilter(948)) - Added filter static_user_filter (class=org.apache.hadoop.http.lib.StaticUserWebFilter$StaticUserFilter) to context hddsDatanode
2019-09-04 10:20:38,326 [main] INFO  http.HttpServer2 (HttpServer2.java:addFilter(958)) - Added filter static_user_filter (class=org.apache.hadoop.http.lib.StaticUserWebFilter$StaticUserFilter) to context static
2019-09-04 10:20:38,327 [main] INFO  http.HttpServer2 (HttpServer2.java:addFilter(958)) - Added filter static_user_filter (class=org.apache.hadoop.http.lib.StaticUserWebFilter$StaticUserFilter) to context logs
2019-09-04 10:20:38,327 [main] INFO  http.HttpServer2 (HttpServer2.java:bindListener(1191)) - Jetty bound to port 43998
2019-09-04 10:20:38,327 [main] INFO  server.Server (Server.java:doStart(351)) - jetty-9.3.24.v20180605, build timestamp: 2018-06-05T17:11:56Z, git hash: 84205aa28f11a4f31f2a3b86d1bba2cc8ab69827
2019-09-04 10:20:38,329 [main] INFO  handler.ContextHandler (ContextHandler.java:doStart(781)) - Started o.e.j.s.ServletContextHandler@cbdc0f4{/logs,file:///workdir/hadoop-ozone/integration-test/target/log,AVAILABLE}
2019-09-04 10:20:38,329 [main] INFO  handler.ContextHandler (ContextHandler.java:doStart(781)) - Started o.e.j.s.ServletContextHandler@4f0c1409{/static,jar:file:/home/user/.m2/repository/org/apache/hadoop/hadoop-hdds-container-service/0.5.0-SNAPSHOT/hadoop-hdds-container-service-0.5.0-SNAPSHOT.jar!/webapps/static,AVAILABLE}
2019-09-04 10:20:38,357 [main] INFO  handler.ContextHandler (ContextHandler.java:doStart(781)) - Started o.e.j.w.WebAppContext@aa794a3{/,file:///tmp/jetty-0.0.0.0-43998-hddsDatanode-_-any-2309070902737298537.dir/webapp/,AVAILABLE}{/hddsDatanode}
2019-09-04 10:20:38,357 [main] INFO  server.AbstractConnector (AbstractConnector.java:doStart(278)) - Started ServerConnector@1dce481b{HTTP/1.1,[http/1.1]}{0.0.0.0:43998}
2019-09-04 10:20:38,359 [main] INFO  server.Server (Server.java:doStart(419)) - Started @121213ms
2019-09-04 10:20:38,359 [main] INFO  server.BaseHttpServer (BaseHttpServer.java:updateConnectorAddress(213)) - HTTP server of HDDSDATANODE is listening at http://0.0.0.0:43998
2019-09-04 10:20:38,504 | INFO  | ObjectStoreRestHttpServer | Listening HDDS REST traffic on /0.0.0.0:44061 |  
2019-09-04 10:20:38,504 [main] INFO  ozone.HddsDatanodeService (HddsDatanodeService.java:startPlugins(395)) - Started plug-in org.apache.hadoop.ozone.web.OzoneHddsDatanodeService@52b30dcd
2019-09-04 10:20:38,504 [main] INFO  impl.MetricsSystemImpl (MetricsSystemImpl.java:init(158)) - HddsDatanode metrics system started (again)
2019-09-04 10:20:38,507 [org.apache.hadoop.util.JvmPauseMonitor$Monitor@3e81a4aa] INFO  util.JvmPauseMonitor (JvmPauseMonitor.java:run(188)) - Starting JVM pause monitor
2019-09-04 10:20:38,509 [main] INFO  ozone.HddsDatanodeService (HddsDatanodeService.java:start(184)) - HddsDatanodeService host:pr-hdds-1569-fjd24-125839774 ip:192.168.36.67
2019-09-04 10:20:38,509 [Datanode State Machine Thread - 0] INFO  datanode.InitDatanodeState (InitDatanodeState.java:persistContainerDatanodeDetails(140)) - DatanodeDetails is persisted to /workdir/hadoop-ozone/integration-test/target/test-dir/MiniOzoneClusterImpl-33f8f071-44a0-4994-988d-ac099cede435/datanode-2/meta/datanode.id
2019-09-04 10:20:38,515 [main] INFO  volume.HddsVolume (HddsVolume.java:<init>(176)) - Creating Volume: /workdir/hadoop-ozone/integration-test/target/test-dir/MiniOzoneClusterImpl-33f8f071-44a0-4994-988d-ac099cede435/datanode-3/data/containers/hdds of  storage type : DISK and capacity : 1482555576320
2019-09-04 10:20:38,515 [main] INFO  volume.VolumeSet (VolumeSet.java:initializeVolumeSet(170)) - Added Volume : /workdir/hadoop-ozone/integration-test/target/test-dir/MiniOzoneClusterImpl-33f8f071-44a0-4994-988d-ac099cede435/datanode-3/data/containers/hdds to VolumeSet
2019-09-04 10:20:38,516 [main] INFO  volume.ThrottledAsyncChecker (ThrottledAsyncChecker.java:schedule(140)) - Scheduling a check for org.apache.hadoop.ozone.container.common.volume.HddsVolume@5a4e492c
2019-09-04 10:20:38,516 [main] INFO  volume.HddsVolumeChecker (HddsVolumeChecker.java:checkAllVolumes(203)) - Scheduled health check for volume org.apache.hadoop.ozone.container.common.volume.HddsVolume@5a4e492c
2019-09-04 10:20:38,532 [main] INFO  impl.RaftServerProxy (ConfUtils.java:logGet(43)) - raft.rpc.type = GRPC (default)
2019-09-04 10:20:38,532 [main] INFO  grpc.GrpcFactory (GrpcFactory.java:checkPooledByteBufAllocatorUseCacheForAllThreads(45)) - PERFORMANCE WARNING: useCacheForAllThreads is true that may cause Netty to create a lot garbage objects and, as a result, trigger GC.
	It is recommended to disable useCacheForAllThreads by setting -Dorg.apache.ratis.thirdparty.io.netty.allocator.useCacheForAllThreads=false in command line.
2019-09-04 10:20:38,532 [main] INFO  grpc.GrpcConfigKeys$Server (ConfUtils.java:logGet(43)) - raft.grpc.server.port = 0 (default)
2019-09-04 10:20:38,533 [main] INFO  server.GrpcService (ConfUtils.java:logGet(43)) - raft.grpc.message.size.max = 33570816 (custom)
2019-09-04 10:20:38,533 [main] INFO  server.RaftServerConfigKeys (ConfUtils.java:logGet(43)) - raft.server.log.appender.buffer.byte-limit = 33554432 (custom)
2019-09-04 10:20:38,533 [main] INFO  server.GrpcService (ConfUtils.java:logGet(43)) - raft.grpc.flow.control.window = 1MB (=1048576) (default)
2019-09-04 10:20:38,533 [main] INFO  server.RaftServerConfigKeys (ConfUtils.java:logGet(43)) - raft.server.rpc.request.timeout = 3000ms (default)
2019-09-04 10:20:38,534 [main] INFO  server.RaftServerConfigKeys (ConfUtils.java:logGet(43)) - raft.server.storage.dir = [/workdir/hadoop-ozone/integration-test/target/test-dir/MiniOzoneClusterImpl-33f8f071-44a0-4994-988d-ac099cede435/datanode-3/data/ratis] (custom)
2019-09-04 10:20:38,534 [main] INFO  replication.SimpleContainerDownloader (SimpleContainerDownloader.java:<init>(72)) - Starting container downloader service to copy containers to replicate.
2019-09-04 10:20:38,535 [main] INFO  hdfs.DFSUtil (DFSUtil.java:httpServerTemplateForNNAndJN(1641)) - Starting Web-server for hddsDatanode at: http://0.0.0.0:0
2019-09-04 10:20:38,537 [main] INFO  server.AuthenticationFilter (AuthenticationFilter.java:constructSecretProvider(240)) - Unable to initialize FileSignerSecretProvider, falling back to use random secrets.
2019-09-04 10:20:38,537 [main] WARN  http.HttpRequestLog (HttpRequestLog.java:getRequestLog(97)) - Jetty request log can only be enabled using Log4j
2019-09-04 10:20:38,539 [main] INFO  http.HttpServer2 (HttpServer2.java:addGlobalFilter(975)) - Added global filter 'safety' (class=org.apache.hadoop.http.HttpServer2$QuotingInputFilter)
2019-09-04 10:20:38,540 [main] INFO  http.HttpServer2 (HttpServer2.java:addFilter(948)) - Added filter static_user_filter (class=org.apache.hadoop.http.lib.StaticUserWebFilter$StaticUserFilter) to context hddsDatanode
2019-09-04 10:20:38,540 [main] INFO  http.HttpServer2 (HttpServer2.java:addFilter(958)) - Added filter static_user_filter (class=org.apache.hadoop.http.lib.StaticUserWebFilter$StaticUserFilter) to context logs
2019-09-04 10:20:38,540 [main] INFO  http.HttpServer2 (HttpServer2.java:addFilter(958)) - Added filter static_user_filter (class=org.apache.hadoop.http.lib.StaticUserWebFilter$StaticUserFilter) to context static
2019-09-04 10:20:38,541 [main] INFO  http.HttpServer2 (HttpServer2.java:bindListener(1191)) - Jetty bound to port 33550
2019-09-04 10:20:38,541 [main] INFO  server.Server (Server.java:doStart(351)) - jetty-9.3.24.v20180605, build timestamp: 2018-06-05T17:11:56Z, git hash: 84205aa28f11a4f31f2a3b86d1bba2cc8ab69827
2019-09-04 10:20:38,543 [main] INFO  handler.ContextHandler (ContextHandler.java:doStart(781)) - Started o.e.j.s.ServletContextHandler@1322b542{/logs,file:///workdir/hadoop-ozone/integration-test/target/log,AVAILABLE}
2019-09-04 10:20:38,543 [main] INFO  handler.ContextHandler (ContextHandler.java:doStart(781)) - Started o.e.j.s.ServletContextHandler@284b487f{/static,jar:file:/home/user/.m2/repository/org/apache/hadoop/hadoop-hdds-container-service/0.5.0-SNAPSHOT/hadoop-hdds-container-service-0.5.0-SNAPSHOT.jar!/webapps/static,AVAILABLE}
2019-09-04 10:20:38,572 [main] INFO  handler.ContextHandler (ContextHandler.java:doStart(781)) - Started o.e.j.w.WebAppContext@1317ac2c{/,file:///tmp/jetty-0.0.0.0-33550-hddsDatanode-_-any-6814235266775259806.dir/webapp/,AVAILABLE}{/hddsDatanode}
2019-09-04 10:20:38,572 [main] INFO  server.AbstractConnector (AbstractConnector.java:doStart(278)) - Started ServerConnector@416c1b0{HTTP/1.1,[http/1.1]}{0.0.0.0:33550}
2019-09-04 10:20:38,574 [main] INFO  server.Server (Server.java:doStart(419)) - Started @121428ms
2019-09-04 10:20:38,574 [main] INFO  server.BaseHttpServer (BaseHttpServer.java:updateConnectorAddress(213)) - HTTP server of HDDSDATANODE is listening at http://0.0.0.0:33550
2019-09-04 10:20:38,706 | INFO  | ObjectStoreRestHttpServer | Listening HDDS REST traffic on /0.0.0.0:39893 |  
2019-09-04 10:20:38,706 [main] INFO  ozone.HddsDatanodeService (HddsDatanodeService.java:startPlugins(395)) - Started plug-in org.apache.hadoop.ozone.web.OzoneHddsDatanodeService@6a7ea7c
2019-09-04 10:20:38,706 [main] INFO  impl.MetricsSystemImpl (MetricsSystemImpl.java:init(158)) - HddsDatanode metrics system started (again)
2019-09-04 10:20:38,710 [org.apache.hadoop.util.JvmPauseMonitor$Monitor@3a5cf128] INFO  util.JvmPauseMonitor (JvmPauseMonitor.java:run(188)) - Starting JVM pause monitor
2019-09-04 10:20:38,711 [main] INFO  ozone.HddsDatanodeService (HddsDatanodeService.java:start(184)) - HddsDatanodeService host:pr-hdds-1569-fjd24-125839774 ip:192.168.36.67
2019-09-04 10:20:38,712 [Datanode State Machine Thread - 0] INFO  datanode.InitDatanodeState (InitDatanodeState.java:persistContainerDatanodeDetails(140)) - DatanodeDetails is persisted to /workdir/hadoop-ozone/integration-test/target/test-dir/MiniOzoneClusterImpl-33f8f071-44a0-4994-988d-ac099cede435/datanode-3/meta/datanode.id
2019-09-04 10:20:38,721 [main] INFO  volume.HddsVolume (HddsVolume.java:<init>(176)) - Creating Volume: /workdir/hadoop-ozone/integration-test/target/test-dir/MiniOzoneClusterImpl-33f8f071-44a0-4994-988d-ac099cede435/datanode-4/data/containers/hdds of  storage type : DISK and capacity : 1482555576320
2019-09-04 10:20:38,721 [main] INFO  volume.VolumeSet (VolumeSet.java:initializeVolumeSet(170)) - Added Volume : /workdir/hadoop-ozone/integration-test/target/test-dir/MiniOzoneClusterImpl-33f8f071-44a0-4994-988d-ac099cede435/datanode-4/data/containers/hdds to VolumeSet
2019-09-04 10:20:38,722 [main] INFO  volume.ThrottledAsyncChecker (ThrottledAsyncChecker.java:schedule(140)) - Scheduling a check for org.apache.hadoop.ozone.container.common.volume.HddsVolume@3f142e87
2019-09-04 10:20:38,722 [main] INFO  volume.HddsVolumeChecker (HddsVolumeChecker.java:checkAllVolumes(203)) - Scheduled health check for volume org.apache.hadoop.ozone.container.common.volume.HddsVolume@3f142e87
2019-09-04 10:20:38,735 [main] INFO  impl.RaftServerProxy (ConfUtils.java:logGet(43)) - raft.rpc.type = GRPC (default)
2019-09-04 10:20:38,735 [main] INFO  grpc.GrpcFactory (GrpcFactory.java:checkPooledByteBufAllocatorUseCacheForAllThreads(45)) - PERFORMANCE WARNING: useCacheForAllThreads is true that may cause Netty to create a lot garbage objects and, as a result, trigger GC.
	It is recommended to disable useCacheForAllThreads by setting -Dorg.apache.ratis.thirdparty.io.netty.allocator.useCacheForAllThreads=false in command line.
2019-09-04 10:20:38,735 [main] INFO  grpc.GrpcConfigKeys$Server (ConfUtils.java:logGet(43)) - raft.grpc.server.port = 0 (default)
2019-09-04 10:20:38,735 [main] INFO  server.GrpcService (ConfUtils.java:logGet(43)) - raft.grpc.message.size.max = 33570816 (custom)
2019-09-04 10:20:38,735 [main] INFO  server.RaftServerConfigKeys (ConfUtils.java:logGet(43)) - raft.server.log.appender.buffer.byte-limit = 33554432 (custom)
2019-09-04 10:20:38,736 [main] INFO  server.GrpcService (ConfUtils.java:logGet(43)) - raft.grpc.flow.control.window = 1MB (=1048576) (default)
2019-09-04 10:20:38,736 [main] INFO  server.RaftServerConfigKeys (ConfUtils.java:logGet(43)) - raft.server.rpc.request.timeout = 3000ms (default)
2019-09-04 10:20:38,736 [main] INFO  server.RaftServerConfigKeys (ConfUtils.java:logGet(43)) - raft.server.storage.dir = [/workdir/hadoop-ozone/integration-test/target/test-dir/MiniOzoneClusterImpl-33f8f071-44a0-4994-988d-ac099cede435/datanode-4/data/ratis] (custom)
2019-09-04 10:20:38,737 [main] INFO  replication.SimpleContainerDownloader (SimpleContainerDownloader.java:<init>(72)) - Starting container downloader service to copy containers to replicate.
2019-09-04 10:20:38,738 [main] INFO  hdfs.DFSUtil (DFSUtil.java:httpServerTemplateForNNAndJN(1641)) - Starting Web-server for hddsDatanode at: http://0.0.0.0:0
2019-09-04 10:20:38,739 [main] INFO  server.AuthenticationFilter (AuthenticationFilter.java:constructSecretProvider(240)) - Unable to initialize FileSignerSecretProvider, falling back to use random secrets.
2019-09-04 10:20:38,739 [main] WARN  http.HttpRequestLog (HttpRequestLog.java:getRequestLog(97)) - Jetty request log can only be enabled using Log4j
2019-09-04 10:20:38,740 [main] INFO  http.HttpServer2 (HttpServer2.java:addGlobalFilter(975)) - Added global filter 'safety' (class=org.apache.hadoop.http.HttpServer2$QuotingInputFilter)
2019-09-04 10:20:38,741 [main] INFO  http.HttpServer2 (HttpServer2.java:addFilter(948)) - Added filter static_user_filter (class=org.apache.hadoop.http.lib.StaticUserWebFilter$StaticUserFilter) to context hddsDatanode
2019-09-04 10:20:38,741 [main] INFO  http.HttpServer2 (HttpServer2.java:addFilter(958)) - Added filter static_user_filter (class=org.apache.hadoop.http.lib.StaticUserWebFilter$StaticUserFilter) to context static
2019-09-04 10:20:38,741 [main] INFO  http.HttpServer2 (HttpServer2.java:addFilter(958)) - Added filter static_user_filter (class=org.apache.hadoop.http.lib.StaticUserWebFilter$StaticUserFilter) to context logs
2019-09-04 10:20:38,742 [main] INFO  http.HttpServer2 (HttpServer2.java:bindListener(1191)) - Jetty bound to port 33541
2019-09-04 10:20:38,742 [main] INFO  server.Server (Server.java:doStart(351)) - jetty-9.3.24.v20180605, build timestamp: 2018-06-05T17:11:56Z, git hash: 84205aa28f11a4f31f2a3b86d1bba2cc8ab69827
2019-09-04 10:20:38,743 [main] INFO  handler.ContextHandler (ContextHandler.java:doStart(781)) - Started o.e.j.s.ServletContextHandler@17f8cad6{/logs,file:///workdir/hadoop-ozone/integration-test/target/log,AVAILABLE}
2019-09-04 10:20:38,744 [main] INFO  handler.ContextHandler (ContextHandler.java:doStart(781)) - Started o.e.j.s.ServletContextHandler@7a85dc58{/static,jar:file:/home/user/.m2/repository/org/apache/hadoop/hadoop-hdds-container-service/0.5.0-SNAPSHOT/hadoop-hdds-container-service-0.5.0-SNAPSHOT.jar!/webapps/static,AVAILABLE}
2019-09-04 10:20:38,770 [main] INFO  handler.ContextHandler (ContextHandler.java:doStart(781)) - Started o.e.j.w.WebAppContext@3ac326c0{/,file:///tmp/jetty-0.0.0.0-33541-hddsDatanode-_-any-1849775390836491916.dir/webapp/,AVAILABLE}{/hddsDatanode}
2019-09-04 10:20:38,770 [main] INFO  server.AbstractConnector (AbstractConnector.java:doStart(278)) - Started ServerConnector@5e5d40ec{HTTP/1.1,[http/1.1]}{0.0.0.0:33541}
2019-09-04 10:20:38,772 [main] INFO  server.Server (Server.java:doStart(419)) - Started @121627ms
2019-09-04 10:20:38,773 [main] INFO  server.BaseHttpServer (BaseHttpServer.java:updateConnectorAddress(213)) - HTTP server of HDDSDATANODE is listening at http://0.0.0.0:33541
2019-09-04 10:20:38,916 | INFO  | ObjectStoreRestHttpServer | Listening HDDS REST traffic on /0.0.0.0:37880 |  
2019-09-04 10:20:38,916 [main] INFO  ozone.HddsDatanodeService (HddsDatanodeService.java:startPlugins(395)) - Started plug-in org.apache.hadoop.ozone.web.OzoneHddsDatanodeService@3a663a45
2019-09-04 10:20:38,917 [main] INFO  impl.MetricsSystemImpl (MetricsSystemImpl.java:init(158)) - HddsDatanode metrics system started (again)
2019-09-04 10:20:38,921 [org.apache.hadoop.util.JvmPauseMonitor$Monitor@5880f03f] INFO  util.JvmPauseMonitor (JvmPauseMonitor.java:run(188)) - Starting JVM pause monitor
2019-09-04 10:20:38,922 [main] INFO  ozone.HddsDatanodeService (HddsDatanodeService.java:start(184)) - HddsDatanodeService host:pr-hdds-1569-fjd24-125839774 ip:192.168.36.67
2019-09-04 10:20:38,922 [Datanode State Machine Thread - 0] INFO  datanode.InitDatanodeState (InitDatanodeState.java:persistContainerDatanodeDetails(140)) - DatanodeDetails is persisted to /workdir/hadoop-ozone/integration-test/target/test-dir/MiniOzoneClusterImpl-33f8f071-44a0-4994-988d-ac099cede435/datanode-4/meta/datanode.id
2019-09-04 10:20:38,929 [main] INFO  volume.HddsVolume (HddsVolume.java:<init>(176)) - Creating Volume: /workdir/hadoop-ozone/integration-test/target/test-dir/MiniOzoneClusterImpl-33f8f071-44a0-4994-988d-ac099cede435/datanode-5/data/containers/hdds of  storage type : DISK and capacity : 1482555576320
2019-09-04 10:20:38,929 [main] INFO  volume.VolumeSet (VolumeSet.java:initializeVolumeSet(170)) - Added Volume : /workdir/hadoop-ozone/integration-test/target/test-dir/MiniOzoneClusterImpl-33f8f071-44a0-4994-988d-ac099cede435/datanode-5/data/containers/hdds to VolumeSet
2019-09-04 10:20:38,930 [main] INFO  volume.ThrottledAsyncChecker (ThrottledAsyncChecker.java:schedule(140)) - Scheduling a check for org.apache.hadoop.ozone.container.common.volume.HddsVolume@7263b0c4
2019-09-04 10:20:38,930 [main] INFO  volume.HddsVolumeChecker (HddsVolumeChecker.java:checkAllVolumes(203)) - Scheduled health check for volume org.apache.hadoop.ozone.container.common.volume.HddsVolume@7263b0c4
2019-09-04 10:20:38,946 [main] INFO  impl.RaftServerProxy (ConfUtils.java:logGet(43)) - raft.rpc.type = GRPC (default)
2019-09-04 10:20:38,946 [main] INFO  grpc.GrpcFactory (GrpcFactory.java:checkPooledByteBufAllocatorUseCacheForAllThreads(45)) - PERFORMANCE WARNING: useCacheForAllThreads is true that may cause Netty to create a lot garbage objects and, as a result, trigger GC.
	It is recommended to disable useCacheForAllThreads by setting -Dorg.apache.ratis.thirdparty.io.netty.allocator.useCacheForAllThreads=false in command line.
2019-09-04 10:20:38,947 [main] INFO  grpc.GrpcConfigKeys$Server (ConfUtils.java:logGet(43)) - raft.grpc.server.port = 0 (default)
2019-09-04 10:20:38,947 [main] INFO  server.GrpcService (ConfUtils.java:logGet(43)) - raft.grpc.message.size.max = 33570816 (custom)
2019-09-04 10:20:38,947 [main] INFO  server.RaftServerConfigKeys (ConfUtils.java:logGet(43)) - raft.server.log.appender.buffer.byte-limit = 33554432 (custom)
2019-09-04 10:20:38,947 [main] INFO  server.GrpcService (ConfUtils.java:logGet(43)) - raft.grpc.flow.control.window = 1MB (=1048576) (default)
2019-09-04 10:20:38,948 [main] INFO  server.RaftServerConfigKeys (ConfUtils.java:logGet(43)) - raft.server.rpc.request.timeout = 3000ms (default)
2019-09-04 10:20:38,948 [main] INFO  server.RaftServerConfigKeys (ConfUtils.java:logGet(43)) - raft.server.storage.dir = [/workdir/hadoop-ozone/integration-test/target/test-dir/MiniOzoneClusterImpl-33f8f071-44a0-4994-988d-ac099cede435/datanode-5/data/ratis] (custom)
2019-09-04 10:20:38,948 [main] INFO  replication.SimpleContainerDownloader (SimpleContainerDownloader.java:<init>(72)) - Starting container downloader service to copy containers to replicate.
2019-09-04 10:20:38,950 [main] INFO  hdfs.DFSUtil (DFSUtil.java:httpServerTemplateForNNAndJN(1641)) - Starting Web-server for hddsDatanode at: http://0.0.0.0:0
2019-09-04 10:20:38,952 [main] INFO  server.AuthenticationFilter (AuthenticationFilter.java:constructSecretProvider(240)) - Unable to initialize FileSignerSecretProvider, falling back to use random secrets.
2019-09-04 10:20:38,952 [main] WARN  http.HttpRequestLog (HttpRequestLog.java:getRequestLog(97)) - Jetty request log can only be enabled using Log4j
2019-09-04 10:20:38,954 [main] INFO  http.HttpServer2 (HttpServer2.java:addGlobalFilter(975)) - Added global filter 'safety' (class=org.apache.hadoop.http.HttpServer2$QuotingInputFilter)
2019-09-04 10:20:38,955 [main] INFO  http.HttpServer2 (HttpServer2.java:addFilter(948)) - Added filter static_user_filter (class=org.apache.hadoop.http.lib.StaticUserWebFilter$StaticUserFilter) to context hddsDatanode
2019-09-04 10:20:38,955 [main] INFO  http.HttpServer2 (HttpServer2.java:addFilter(958)) - Added filter static_user_filter (class=org.apache.hadoop.http.lib.StaticUserWebFilter$StaticUserFilter) to context logs
2019-09-04 10:20:38,955 [main] INFO  http.HttpServer2 (HttpServer2.java:addFilter(958)) - Added filter static_user_filter (class=org.apache.hadoop.http.lib.StaticUserWebFilter$StaticUserFilter) to context static
2019-09-04 10:20:38,956 [main] INFO  http.HttpServer2 (HttpServer2.java:bindListener(1191)) - Jetty bound to port 44448
2019-09-04 10:20:38,956 [main] INFO  server.Server (Server.java:doStart(351)) - jetty-9.3.24.v20180605, build timestamp: 2018-06-05T17:11:56Z, git hash: 84205aa28f11a4f31f2a3b86d1bba2cc8ab69827
2019-09-04 10:20:38,958 [main] INFO  handler.ContextHandler (ContextHandler.java:doStart(781)) - Started o.e.j.s.ServletContextHandler@528a16fb{/logs,file:///workdir/hadoop-ozone/integration-test/target/log,AVAILABLE}
2019-09-04 10:20:38,959 [main] INFO  handler.ContextHandler (ContextHandler.java:doStart(781)) - Started o.e.j.s.ServletContextHandler@758d0555{/static,jar:file:/home/user/.m2/repository/org/apache/hadoop/hadoop-hdds-container-service/0.5.0-SNAPSHOT/hadoop-hdds-container-service-0.5.0-SNAPSHOT.jar!/webapps/static,AVAILABLE}
2019-09-04 10:20:38,993 [main] INFO  handler.ContextHandler (ContextHandler.java:doStart(781)) - Started o.e.j.w.WebAppContext@3abdc11d{/,file:///tmp/jetty-0.0.0.0-44448-hddsDatanode-_-any-4885770045066828743.dir/webapp/,AVAILABLE}{/hddsDatanode}
2019-09-04 10:20:38,994 [main] INFO  server.AbstractConnector (AbstractConnector.java:doStart(278)) - Started ServerConnector@624be1d4{HTTP/1.1,[http/1.1]}{0.0.0.0:44448}
2019-09-04 10:20:38,996 [main] INFO  server.Server (Server.java:doStart(419)) - Started @121851ms
2019-09-04 10:20:38,997 [main] INFO  server.BaseHttpServer (BaseHttpServer.java:updateConnectorAddress(213)) - HTTP server of HDDSDATANODE is listening at http://0.0.0.0:44448
2019-09-04 10:20:39,360 | INFO  | ObjectStoreRestHttpServer | Listening HDDS REST traffic on /0.0.0.0:37737 |  
2019-09-04 10:20:39,360 [main] INFO  ozone.HddsDatanodeService (HddsDatanodeService.java:startPlugins(395)) - Started plug-in org.apache.hadoop.ozone.web.OzoneHddsDatanodeService@4ed19540
2019-09-04 10:20:39,360 [main] INFO  impl.MetricsSystemImpl (MetricsSystemImpl.java:init(158)) - HddsDatanode metrics system started (again)
2019-09-04 10:20:39,365 [org.apache.hadoop.util.JvmPauseMonitor$Monitor@4af86b39] INFO  util.JvmPauseMonitor (JvmPauseMonitor.java:run(188)) - Starting JVM pause monitor
2019-09-04 10:20:39,366 [main] INFO  ozone.HddsDatanodeService (HddsDatanodeService.java:start(184)) - HddsDatanodeService host:pr-hdds-1569-fjd24-125839774 ip:192.168.36.67
2019-09-04 10:20:39,367 [Datanode State Machine Thread - 0] INFO  datanode.InitDatanodeState (InitDatanodeState.java:persistContainerDatanodeDetails(140)) - DatanodeDetails is persisted to /workdir/hadoop-ozone/integration-test/target/test-dir/MiniOzoneClusterImpl-33f8f071-44a0-4994-988d-ac099cede435/datanode-5/meta/datanode.id
2019-09-04 10:20:39,375 [main] INFO  volume.HddsVolume (HddsVolume.java:<init>(176)) - Creating Volume: /workdir/hadoop-ozone/integration-test/target/test-dir/MiniOzoneClusterImpl-33f8f071-44a0-4994-988d-ac099cede435/datanode-6/data/containers/hdds of  storage type : DISK and capacity : 1482555576320
2019-09-04 10:20:39,375 [main] INFO  volume.VolumeSet (VolumeSet.java:initializeVolumeSet(170)) - Added Volume : /workdir/hadoop-ozone/integration-test/target/test-dir/MiniOzoneClusterImpl-33f8f071-44a0-4994-988d-ac099cede435/datanode-6/data/containers/hdds to VolumeSet
2019-09-04 10:20:39,375 [main] INFO  volume.ThrottledAsyncChecker (ThrottledAsyncChecker.java:schedule(140)) - Scheduling a check for org.apache.hadoop.ozone.container.common.volume.HddsVolume@62525dd3
2019-09-04 10:20:39,377 [main] INFO  volume.HddsVolumeChecker (HddsVolumeChecker.java:checkAllVolumes(203)) - Scheduled health check for volume org.apache.hadoop.ozone.container.common.volume.HddsVolume@62525dd3
2019-09-04 10:20:39,394 [main] INFO  impl.RaftServerProxy (ConfUtils.java:logGet(43)) - raft.rpc.type = GRPC (default)
2019-09-04 10:20:39,394 [main] INFO  grpc.GrpcFactory (GrpcFactory.java:checkPooledByteBufAllocatorUseCacheForAllThreads(45)) - PERFORMANCE WARNING: useCacheForAllThreads is true that may cause Netty to create a lot garbage objects and, as a result, trigger GC.
	It is recommended to disable useCacheForAllThreads by setting -Dorg.apache.ratis.thirdparty.io.netty.allocator.useCacheForAllThreads=false in command line.
2019-09-04 10:20:39,394 [main] INFO  grpc.GrpcConfigKeys$Server (ConfUtils.java:logGet(43)) - raft.grpc.server.port = 0 (default)
2019-09-04 10:20:39,395 [main] INFO  server.GrpcService (ConfUtils.java:logGet(43)) - raft.grpc.message.size.max = 33570816 (custom)
2019-09-04 10:20:39,395 [main] INFO  server.RaftServerConfigKeys (ConfUtils.java:logGet(43)) - raft.server.log.appender.buffer.byte-limit = 33554432 (custom)
2019-09-04 10:20:39,395 [main] INFO  server.GrpcService (ConfUtils.java:logGet(43)) - raft.grpc.flow.control.window = 1MB (=1048576) (default)
2019-09-04 10:20:39,395 [main] INFO  server.RaftServerConfigKeys (ConfUtils.java:logGet(43)) - raft.server.rpc.request.timeout = 3000ms (default)
2019-09-04 10:20:39,396 [main] INFO  server.RaftServerConfigKeys (ConfUtils.java:logGet(43)) - raft.server.storage.dir = [/workdir/hadoop-ozone/integration-test/target/test-dir/MiniOzoneClusterImpl-33f8f071-44a0-4994-988d-ac099cede435/datanode-6/data/ratis] (custom)
2019-09-04 10:20:39,396 [main] INFO  replication.SimpleContainerDownloader (SimpleContainerDownloader.java:<init>(72)) - Starting container downloader service to copy containers to replicate.
2019-09-04 10:20:39,397 [main] INFO  hdfs.DFSUtil (DFSUtil.java:httpServerTemplateForNNAndJN(1641)) - Starting Web-server for hddsDatanode at: http://0.0.0.0:0
2019-09-04 10:20:39,399 [main] INFO  server.AuthenticationFilter (AuthenticationFilter.java:constructSecretProvider(240)) - Unable to initialize FileSignerSecretProvider, falling back to use random secrets.
2019-09-04 10:20:39,399 [main] WARN  http.HttpRequestLog (HttpRequestLog.java:getRequestLog(97)) - Jetty request log can only be enabled using Log4j
2019-09-04 10:20:39,401 [main] INFO  http.HttpServer2 (HttpServer2.java:addGlobalFilter(975)) - Added global filter 'safety' (class=org.apache.hadoop.http.HttpServer2$QuotingInputFilter)
2019-09-04 10:20:39,402 [main] INFO  http.HttpServer2 (HttpServer2.java:addFilter(948)) - Added filter static_user_filter (class=org.apache.hadoop.http.lib.StaticUserWebFilter$StaticUserFilter) to context hddsDatanode
2019-09-04 10:20:39,402 [main] INFO  http.HttpServer2 (HttpServer2.java:addFilter(958)) - Added filter static_user_filter (class=org.apache.hadoop.http.lib.StaticUserWebFilter$StaticUserFilter) to context logs
2019-09-04 10:20:39,402 [main] INFO  http.HttpServer2 (HttpServer2.java:addFilter(958)) - Added filter static_user_filter (class=org.apache.hadoop.http.lib.StaticUserWebFilter$StaticUserFilter) to context static
2019-09-04 10:20:39,403 [main] INFO  http.HttpServer2 (HttpServer2.java:bindListener(1191)) - Jetty bound to port 46420
2019-09-04 10:20:39,403 [main] INFO  server.Server (Server.java:doStart(351)) - jetty-9.3.24.v20180605, build timestamp: 2018-06-05T17:11:56Z, git hash: 84205aa28f11a4f31f2a3b86d1bba2cc8ab69827
2019-09-04 10:20:39,405 [main] INFO  handler.ContextHandler (ContextHandler.java:doStart(781)) - Started o.e.j.s.ServletContextHandler@27f31d91{/logs,file:///workdir/hadoop-ozone/integration-test/target/log,AVAILABLE}
2019-09-04 10:20:39,405 [main] INFO  handler.ContextHandler (ContextHandler.java:doStart(781)) - Started o.e.j.s.ServletContextHandler@1a05ff8e{/static,jar:file:/home/user/.m2/repository/org/apache/hadoop/hadoop-hdds-container-service/0.5.0-SNAPSHOT/hadoop-hdds-container-service-0.5.0-SNAPSHOT.jar!/webapps/static,AVAILABLE}
2019-09-04 10:20:39,429 [main] INFO  handler.ContextHandler (ContextHandler.java:doStart(781)) - Started o.e.j.w.WebAppContext@558575fe{/,file:///tmp/jetty-0.0.0.0-46420-hddsDatanode-_-any-1796071164723548876.dir/webapp/,AVAILABLE}{/hddsDatanode}
2019-09-04 10:20:39,430 [main] INFO  server.AbstractConnector (AbstractConnector.java:doStart(278)) - Started ServerConnector@25fcdcc6{HTTP/1.1,[http/1.1]}{0.0.0.0:46420}
2019-09-04 10:20:39,431 [main] INFO  server.Server (Server.java:doStart(419)) - Started @122286ms
2019-09-04 10:20:39,432 [main] INFO  server.BaseHttpServer (BaseHttpServer.java:updateConnectorAddress(213)) - HTTP server of HDDSDATANODE is listening at http://0.0.0.0:46420
2019-09-04 10:20:39,553 | INFO  | ObjectStoreRestHttpServer | Listening HDDS REST traffic on /0.0.0.0:43129 |  
2019-09-04 10:20:39,553 [main] INFO  ozone.HddsDatanodeService (HddsDatanodeService.java:startPlugins(395)) - Started plug-in org.apache.hadoop.ozone.web.OzoneHddsDatanodeService@4bc9389
2019-09-04 10:20:39,553 [main] INFO  ozone.MiniOzoneClusterImpl (MiniOzoneClusterImpl.java:lambda$waitForClusterToBeReady$0(142)) - Waiting for cluster to be ready. Got 0 of 7 DN Heartbeats.
2019-09-04 10:20:39,554 [org.apache.hadoop.util.JvmPauseMonitor$Monitor@5ce0e847] INFO  util.JvmPauseMonitor (JvmPauseMonitor.java:run(188)) - Starting JVM pause monitor
2019-09-04 10:20:39,556 [Datanode State Machine Thread - 0] INFO  datanode.InitDatanodeState (InitDatanodeState.java:persistContainerDatanodeDetails(140)) - DatanodeDetails is persisted to /workdir/hadoop-ozone/integration-test/target/test-dir/MiniOzoneClusterImpl-33f8f071-44a0-4994-988d-ac099cede435/datanode-6/meta/datanode.id
2019-09-04 10:20:40,033 | INFO  | SCMAudit | user=jenkins1000 | ip=192.168.36.67 | op=GET_VERSION null | ret=SUCCESS |  
2019-09-04 10:20:40,069 [Datanode State Machine Thread - 0] INFO  ozoneimpl.OzoneContainer (OzoneContainer.java:start(186)) - Attempting to start container services.
2019-09-04 10:20:40,069 [Datanode State Machine Thread - 0] INFO  ozoneimpl.OzoneContainer (OzoneContainer.java:startContainerScrub(160)) - Background container scrubber has been disabled by hdds.containerscrub.enabled
2019-09-04 10:20:40,069 [Datanode State Machine Thread - 0] INFO  ratis.XceiverServerRatis (XceiverServerRatis.java:start(404)) - Starting XceiverServerRatis c7a9ee65-e3ca-4ad9-94cf-b47b6f91e6ab at port 0
2019-09-04 10:20:40,075 [Datanode State Machine Thread - 0] INFO  impl.RaftServerProxy (RaftServerProxy.java:lambda$start$3(299)) - c7a9ee65-e3ca-4ad9-94cf-b47b6f91e6ab: start RPC server
2019-09-04 10:20:40,077 [Datanode State Machine Thread - 0] INFO  server.GrpcService (GrpcService.java:startImpl(149)) - c7a9ee65-e3ca-4ad9-94cf-b47b6f91e6ab: GrpcService started, listening on 0.0.0.0/0.0.0.0:38558
2019-09-04 10:20:40,077 [Datanode State Machine Thread - 0] INFO  ratis.XceiverServerRatis (XceiverServerRatis.java:start(414)) - XceiverServerRatis c7a9ee65-e3ca-4ad9-94cf-b47b6f91e6ab is started using port 38558
2019-09-04 10:20:40,077 [Datanode State Machine Thread - 0] INFO  server.XceiverServerGrpc (XceiverServerGrpc.java:start(163)) - XceiverServerGrpc c7a9ee65-e3ca-4ad9-94cf-b47b6f91e6ab is started using port 42286
2019-09-04 10:20:40,297 | INFO  | SCMAudit | user=jenkins1000 | ip=192.168.36.67 | op=GET_VERSION null | ret=SUCCESS |  
2019-09-04 10:20:40,312 [Datanode State Machine Thread - 0] INFO  ozoneimpl.OzoneContainer (OzoneContainer.java:start(186)) - Attempting to start container services.
2019-09-04 10:20:40,312 [Datanode State Machine Thread - 0] INFO  ozoneimpl.OzoneContainer (OzoneContainer.java:startContainerScrub(160)) - Background container scrubber has been disabled by hdds.containerscrub.enabled
2019-09-04 10:20:40,313 [Datanode State Machine Thread - 0] INFO  ratis.XceiverServerRatis (XceiverServerRatis.java:start(404)) - Starting XceiverServerRatis d4a64dff-3e06-4a28-9978-4bedd6b3eed2 at port 0
2019-09-04 10:20:40,320 [Datanode State Machine Thread - 0] INFO  impl.RaftServerProxy (RaftServerProxy.java:lambda$start$3(299)) - d4a64dff-3e06-4a28-9978-4bedd6b3eed2: start RPC server
2019-09-04 10:20:40,321 [Datanode State Machine Thread - 0] INFO  server.GrpcService (GrpcService.java:startImpl(149)) - d4a64dff-3e06-4a28-9978-4bedd6b3eed2: GrpcService started, listening on 0.0.0.0/0.0.0.0:45761
2019-09-04 10:20:40,322 [Datanode State Machine Thread - 0] INFO  ratis.XceiverServerRatis (XceiverServerRatis.java:start(414)) - XceiverServerRatis d4a64dff-3e06-4a28-9978-4bedd6b3eed2 is started using port 45761
2019-09-04 10:20:40,327 [Datanode State Machine Thread - 0] INFO  server.XceiverServerGrpc (XceiverServerGrpc.java:start(163)) - XceiverServerGrpc d4a64dff-3e06-4a28-9978-4bedd6b3eed2 is started using port 32779
2019-09-04 10:20:40,508 | INFO  | SCMAudit | user=jenkins1000 | ip=192.168.36.67 | op=GET_VERSION null | ret=SUCCESS |  
2019-09-04 10:20:40,525 [Datanode State Machine Thread - 0] INFO  ozoneimpl.OzoneContainer (OzoneContainer.java:start(186)) - Attempting to start container services.
2019-09-04 10:20:40,525 [Datanode State Machine Thread - 0] INFO  ozoneimpl.OzoneContainer (OzoneContainer.java:startContainerScrub(160)) - Background container scrubber has been disabled by hdds.containerscrub.enabled
2019-09-04 10:20:40,525 [Datanode State Machine Thread - 0] INFO  ratis.XceiverServerRatis (XceiverServerRatis.java:start(404)) - Starting XceiverServerRatis 47c024b4-7de6-461d-beea-bdd3c0c5d1f2 at port 0
2019-09-04 10:20:40,534 [Datanode State Machine Thread - 0] INFO  impl.RaftServerProxy (RaftServerProxy.java:lambda$start$3(299)) - 47c024b4-7de6-461d-beea-bdd3c0c5d1f2: start RPC server
2019-09-04 10:20:40,535 [Datanode State Machine Thread - 0] INFO  server.GrpcService (GrpcService.java:startImpl(149)) - 47c024b4-7de6-461d-beea-bdd3c0c5d1f2: GrpcService started, listening on 0.0.0.0/0.0.0.0:34136
2019-09-04 10:20:40,535 [Datanode State Machine Thread - 0] INFO  ratis.XceiverServerRatis (XceiverServerRatis.java:start(414)) - XceiverServerRatis 47c024b4-7de6-461d-beea-bdd3c0c5d1f2 is started using port 34136
2019-09-04 10:20:40,538 [Datanode State Machine Thread - 0] INFO  server.XceiverServerGrpc (XceiverServerGrpc.java:start(163)) - XceiverServerGrpc 47c024b4-7de6-461d-beea-bdd3c0c5d1f2 is started using port 42173
2019-09-04 10:20:40,553 [main] INFO  ozone.MiniOzoneClusterImpl (MiniOzoneClusterImpl.java:lambda$waitForClusterToBeReady$0(142)) - Waiting for cluster to be ready. Got 0 of 7 DN Heartbeats.
2019-09-04 10:20:40,711 | INFO  | SCMAudit | user=jenkins1000 | ip=192.168.36.67 | op=GET_VERSION null | ret=SUCCESS |  
2019-09-04 10:20:40,733 [Datanode State Machine Thread - 0] INFO  ozoneimpl.OzoneContainer (OzoneContainer.java:start(186)) - Attempting to start container services.
2019-09-04 10:20:40,733 [Datanode State Machine Thread - 0] INFO  ozoneimpl.OzoneContainer (OzoneContainer.java:startContainerScrub(160)) - Background container scrubber has been disabled by hdds.containerscrub.enabled
2019-09-04 10:20:40,733 [Datanode State Machine Thread - 0] INFO  ratis.XceiverServerRatis (XceiverServerRatis.java:start(404)) - Starting XceiverServerRatis 3e474884-35a6-4d0e-9182-1f7ba1b5278d at port 0
2019-09-04 10:20:40,739 [Datanode State Machine Thread - 0] INFO  impl.RaftServerProxy (RaftServerProxy.java:lambda$start$3(299)) - 3e474884-35a6-4d0e-9182-1f7ba1b5278d: start RPC server
2019-09-04 10:20:40,740 [Datanode State Machine Thread - 0] INFO  server.GrpcService (GrpcService.java:startImpl(149)) - 3e474884-35a6-4d0e-9182-1f7ba1b5278d: GrpcService started, listening on 0.0.0.0/0.0.0.0:43324
2019-09-04 10:20:40,740 [Datanode State Machine Thread - 0] INFO  ratis.XceiverServerRatis (XceiverServerRatis.java:start(414)) - XceiverServerRatis 3e474884-35a6-4d0e-9182-1f7ba1b5278d is started using port 43324
2019-09-04 10:20:40,743 [Datanode State Machine Thread - 0] INFO  server.XceiverServerGrpc (XceiverServerGrpc.java:start(163)) - XceiverServerGrpc 3e474884-35a6-4d0e-9182-1f7ba1b5278d is started using port 45036
2019-09-04 10:20:40,921 | INFO  | SCMAudit | user=jenkins1000 | ip=192.168.36.67 | op=GET_VERSION null | ret=SUCCESS |  
2019-09-04 10:20:40,935 [Datanode State Machine Thread - 0] INFO  ozoneimpl.OzoneContainer (OzoneContainer.java:start(186)) - Attempting to start container services.
2019-09-04 10:20:40,935 [Datanode State Machine Thread - 0] INFO  ozoneimpl.OzoneContainer (OzoneContainer.java:startContainerScrub(160)) - Background container scrubber has been disabled by hdds.containerscrub.enabled
2019-09-04 10:20:40,936 [Datanode State Machine Thread - 0] INFO  ratis.XceiverServerRatis (XceiverServerRatis.java:start(404)) - Starting XceiverServerRatis 32ef6b17-1e2d-4584-8afd-1c1a8720ce48 at port 0
2019-09-04 10:20:40,942 [Datanode State Machine Thread - 0] INFO  impl.RaftServerProxy (RaftServerProxy.java:lambda$start$3(299)) - 32ef6b17-1e2d-4584-8afd-1c1a8720ce48: start RPC server
2019-09-04 10:20:40,944 [Datanode State Machine Thread - 0] INFO  server.GrpcService (GrpcService.java:startImpl(149)) - 32ef6b17-1e2d-4584-8afd-1c1a8720ce48: GrpcService started, listening on 0.0.0.0/0.0.0.0:34017
2019-09-04 10:20:40,944 [Datanode State Machine Thread - 0] INFO  ratis.XceiverServerRatis (XceiverServerRatis.java:start(414)) - XceiverServerRatis 32ef6b17-1e2d-4584-8afd-1c1a8720ce48 is started using port 34017
2019-09-04 10:20:40,947 [Datanode State Machine Thread - 0] INFO  server.XceiverServerGrpc (XceiverServerGrpc.java:start(163)) - XceiverServerGrpc 32ef6b17-1e2d-4584-8afd-1c1a8720ce48 is started using port 37592
2019-09-04 10:20:41,366 | INFO  | SCMAudit | user=jenkins1000 | ip=192.168.36.67 | op=GET_VERSION null | ret=SUCCESS |  
2019-09-04 10:20:41,379 [Datanode State Machine Thread - 0] INFO  ozoneimpl.OzoneContainer (OzoneContainer.java:start(186)) - Attempting to start container services.
2019-09-04 10:20:41,380 [Datanode State Machine Thread - 0] INFO  ozoneimpl.OzoneContainer (OzoneContainer.java:startContainerScrub(160)) - Background container scrubber has been disabled by hdds.containerscrub.enabled
2019-09-04 10:20:41,380 [Datanode State Machine Thread - 0] INFO  ratis.XceiverServerRatis (XceiverServerRatis.java:start(404)) - Starting XceiverServerRatis cee6fd1a-0056-495e-9ac0-062657fea8ec at port 0
2019-09-04 10:20:41,388 [Datanode State Machine Thread - 0] INFO  impl.RaftServerProxy (RaftServerProxy.java:lambda$start$3(299)) - cee6fd1a-0056-495e-9ac0-062657fea8ec: start RPC server
2019-09-04 10:20:41,392 [Datanode State Machine Thread - 0] INFO  server.GrpcService (GrpcService.java:startImpl(149)) - cee6fd1a-0056-495e-9ac0-062657fea8ec: GrpcService started, listening on 0.0.0.0/0.0.0.0:46421
2019-09-04 10:20:41,393 [Datanode State Machine Thread - 0] INFO  ratis.XceiverServerRatis (XceiverServerRatis.java:start(414)) - XceiverServerRatis cee6fd1a-0056-495e-9ac0-062657fea8ec is started using port 46421
2019-09-04 10:20:41,395 [Datanode State Machine Thread - 0] INFO  server.XceiverServerGrpc (XceiverServerGrpc.java:start(163)) - XceiverServerGrpc cee6fd1a-0056-495e-9ac0-062657fea8ec is started using port 45447
2019-09-04 10:20:41,554 [main] INFO  ozone.MiniOzoneClusterImpl (MiniOzoneClusterImpl.java:lambda$waitForClusterToBeReady$0(142)) - Waiting for cluster to be ready. Got 0 of 7 DN Heartbeats.
2019-09-04 10:20:41,555 | INFO  | SCMAudit | user=jenkins1000 | ip=192.168.36.67 | op=GET_VERSION null | ret=SUCCESS |  
2019-09-04 10:20:41,569 [Datanode State Machine Thread - 0] INFO  ozoneimpl.OzoneContainer (OzoneContainer.java:start(186)) - Attempting to start container services.
2019-09-04 10:20:41,569 [Datanode State Machine Thread - 0] INFO  ozoneimpl.OzoneContainer (OzoneContainer.java:startContainerScrub(160)) - Background container scrubber has been disabled by hdds.containerscrub.enabled
2019-09-04 10:20:41,569 [Datanode State Machine Thread - 0] INFO  ratis.XceiverServerRatis (XceiverServerRatis.java:start(404)) - Starting XceiverServerRatis 3a0b8454-8ed6-4987-a4d0-b1a706cd33a1 at port 0
2019-09-04 10:20:41,576 [Datanode State Machine Thread - 0] INFO  impl.RaftServerProxy (RaftServerProxy.java:lambda$start$3(299)) - 3a0b8454-8ed6-4987-a4d0-b1a706cd33a1: start RPC server
2019-09-04 10:20:41,577 [Datanode State Machine Thread - 0] INFO  server.GrpcService (GrpcService.java:startImpl(149)) - 3a0b8454-8ed6-4987-a4d0-b1a706cd33a1: GrpcService started, listening on 0.0.0.0/0.0.0.0:40443
2019-09-04 10:20:41,578 [Datanode State Machine Thread - 0] INFO  ratis.XceiverServerRatis (XceiverServerRatis.java:start(414)) - XceiverServerRatis 3a0b8454-8ed6-4987-a4d0-b1a706cd33a1 is started using port 40443
2019-09-04 10:20:41,592 [Datanode State Machine Thread - 0] INFO  server.XceiverServerGrpc (XceiverServerGrpc.java:start(163)) - XceiverServerGrpc 3a0b8454-8ed6-4987-a4d0-b1a706cd33a1 is started using port 38144
2019-09-04 10:20:42,033 [IPC Server handler 4 on 42494] INFO  net.NetworkTopology (NetworkTopologyImpl.java:add(110)) - Added a new node: /default-rack/c7a9ee65-e3ca-4ad9-94cf-b47b6f91e6ab
2019-09-04 10:20:42,036 [IPC Server handler 4 on 42494] INFO  node.SCMNodeManager (SCMNodeManager.java:register(273)) - Registered Data node : c7a9ee65-e3ca-4ad9-94cf-b47b6f91e6ab{ip: 192.168.36.67, host: pr-hdds-1569-fjd24-125839774, networkLocation: /default-rack, certSerialId: null}
2019-09-04 10:20:42,037 | INFO  | SCMAudit | user=jenkins1000 | ip=192.168.36.67 | op=REGISTER {datanodeDetails=c7a9ee65-e3ca-4ad9-94cf-b47b6f91e6ab{ip: 192.168.36.67, host: pr-hdds-1569-fjd24-125839774, networkLocation: /default-rack, certSerialId: null}} | ret=SUCCESS |  
2019-09-04 10:20:42,037 [EventQueue-NodeRegistrationContainerReportForDataNodeSafeModeRule] INFO  safemode.SCMSafeModeManager (DataNodeSafeModeRule.java:process(71)) - SCM in safe mode. 1 DataNodes registered, 1 required.
2019-09-04 10:20:42,039 [EventQueue-NodeRegistrationContainerReportForDataNodeSafeModeRule] INFO  safemode.SCMSafeModeManager (SCMSafeModeManager.java:validateSafeModeExitRules(177)) - ScmSafeModeManager, all rules are successfully validated
2019-09-04 10:20:42,039 [EventQueue-NodeRegistrationContainerReportForDataNodeSafeModeRule] INFO  safemode.SCMSafeModeManager (SCMSafeModeManager.java:exitSafeMode(193)) - SCM exiting safe mode.
2019-09-04 10:20:42,049 [grpc-default-executor-0] INFO  impl.RaftServerProxy (RaftServerProxy.java:addNew(89)) - c7a9ee65-e3ca-4ad9-94cf-b47b6f91e6ab: addNew group-EB679E2093FB:[c7a9ee65-e3ca-4ad9-94cf-b47b6f91e6ab:192.168.36.67:38558] returns group-EB679E2093FB:java.util.concurrent.CompletableFuture@5d5f2c59[Not completed]
2019-09-04 10:20:42,050 [pool-221-thread-1] INFO  impl.RaftServerImpl (RaftServerImpl.java:<init>(93)) - c7a9ee65-e3ca-4ad9-94cf-b47b6f91e6ab: new RaftServerImpl for group-EB679E2093FB:[c7a9ee65-e3ca-4ad9-94cf-b47b6f91e6ab:192.168.36.67:38558] with ContainerStateMachine:uninitialized
2019-09-04 10:20:42,051 [pool-221-thread-1] INFO  server.RaftServerConfigKeys (ConfUtils.java:logGet(43)) - raft.server.rpc.timeout.min = 5s (custom)
2019-09-04 10:20:42,051 [pool-221-thread-1] INFO  server.RaftServerConfigKeys (ConfUtils.java:logGet(43)) - raft.server.rpc.timeout.max = 5200ms (custom)
2019-09-04 10:20:42,051 [pool-221-thread-1] INFO  server.RaftServerConfigKeys (ConfUtils.java:logGet(43)) - raft.server.rpcslowness.timeout = 120s (custom)
2019-09-04 10:20:42,051 [pool-221-thread-1] INFO  server.RaftServerConfigKeys (ConfUtils.java:logGet(43)) - raft.server.sleep.deviation.threshold = 300 (default)
2019-09-04 10:20:42,051 [pool-221-thread-1] INFO  server.RaftServerConfigKeys (ConfUtils.java:logGet(43)) - raft.server.log.appender.install.snapshot.enabled = false (custom)
2019-09-04 10:20:42,051 [pool-221-thread-1] INFO  impl.RaftServerImpl (ServerState.java:<init>(105)) - c7a9ee65-e3ca-4ad9-94cf-b47b6f91e6ab:group-EB679E2093FB ConfigurationManager, init=-1: [c7a9ee65-e3ca-4ad9-94cf-b47b6f91e6ab:192.168.36.67:38558], old=null, confs=<EMPTY_MAP>
2019-09-04 10:20:42,051 [pool-221-thread-1] INFO  server.RaftServerConfigKeys (ConfUtils.java:logGet(43)) - raft.server.storage.dir = [/workdir/hadoop-ozone/integration-test/target/test-dir/MiniOzoneClusterImpl-33f8f071-44a0-4994-988d-ac099cede435/datanode-0/data/ratis] (custom)
2019-09-04 10:20:42,052 [pool-221-thread-1] INFO  storage.RaftStorageDirectory (RaftStorageDirectory.java:analyzeStorage(246)) - The storage directory /workdir/hadoop-ozone/integration-test/target/test-dir/MiniOzoneClusterImpl-33f8f071-44a0-4994-988d-ac099cede435/datanode-0/data/ratis/b3865398-e3cb-4b8b-95be-eb679e2093fb does not exist. Creating ...
2019-09-04 10:20:42,064 [pool-221-thread-1] INFO  storage.RaftStorageDirectory (RaftStorageDirectory.java:tryLock(328)) - Lock on /workdir/hadoop-ozone/integration-test/target/test-dir/MiniOzoneClusterImpl-33f8f071-44a0-4994-988d-ac099cede435/datanode-0/data/ratis/b3865398-e3cb-4b8b-95be-eb679e2093fb/in_use.lock acquired by nodename 2550@pr-hdds-1569-fjd24-125839774
2019-09-04 10:20:42,077 [pool-221-thread-1] INFO  storage.RaftStorage (RaftStorage.java:format(72)) - Storage directory /workdir/hadoop-ozone/integration-test/target/test-dir/MiniOzoneClusterImpl-33f8f071-44a0-4994-988d-ac099cede435/datanode-0/data/ratis/b3865398-e3cb-4b8b-95be-eb679e2093fb has been successfully formatted.
2019-09-04 10:20:42,078 [pool-221-thread-1] INFO  ratis.ContainerStateMachine (ContainerStateMachine.java:loadSnapshot(226)) - group-EB679E2093FB: The snapshot info is null. Setting the last applied indexto:(t:0, i:~)
2019-09-04 10:20:42,078 [pool-221-thread-1] INFO  server.RaftServerConfigKeys (ConfUtils.java:logGet(43)) - raft.server.leader.election.timeout = 120s (custom)
2019-09-04 10:20:42,078 [pool-221-thread-1] INFO  server.RaftServerConfigKeys (ConfUtils.java:logGet(43)) - raft.server.log.use.memory = false (default)
2019-09-04 10:20:42,078 [pool-221-thread-1] INFO  server.RaftServerConfigKeys (ConfUtils.java:logGet(43)) - raft.server.log.purge.gap = 1000000 (custom)
2019-09-04 10:20:42,078 [pool-221-thread-1] INFO  server.RaftServerConfigKeys (ConfUtils.java:logGet(43)) - raft.server.log.appender.buffer.byte-limit = 33554432 (custom)
2019-09-04 10:20:42,078 [pool-221-thread-1] INFO  server.RaftServerConfigKeys (ConfUtils.java:logGet(43)) - raft.server.log.segment.size.max = 1048576 (custom)
2019-09-04 10:20:42,078 [pool-221-thread-1] INFO  server.RaftServerConfigKeys (ConfUtils.java:logGet(43)) - raft.server.log.segment.cache.num.max = 2 (custom)
2019-09-04 10:20:42,078 [pool-221-thread-1] INFO  segmented.SegmentedRaftLogWorker (SegmentedRaftLogWorker.java:<init>(172)) - new c7a9ee65-e3ca-4ad9-94cf-b47b6f91e6ab-SegmentedRaftLogWorker:Storage Directory /workdir/hadoop-ozone/integration-test/target/test-dir/MiniOzoneClusterImpl-33f8f071-44a0-4994-988d-ac099cede435/datanode-0/data/ratis/b3865398-e3cb-4b8b-95be-eb679e2093fb for RaftStorage:Storage Directory /workdir/hadoop-ozone/integration-test/target/test-dir/MiniOzoneClusterImpl-33f8f071-44a0-4994-988d-ac099cede435/datanode-0/data/ratis/b3865398-e3cb-4b8b-95be-eb679e2093fb
2019-09-04 10:20:42,079 [pool-221-thread-1] INFO  server.RaftServerConfigKeys (ConfUtils.java:logGet(43)) - raft.server.log.queue.byte-limit = 2147483647 (custom)
2019-09-04 10:20:42,079 [pool-221-thread-1] INFO  server.RaftServerConfigKeys (ConfUtils.java:logGet(43)) - raft.server.log.queue.element-limit = 1024 (custom)
2019-09-04 10:20:42,079 [pool-221-thread-1] INFO  server.RaftServerConfigKeys (ConfUtils.java:logGet(43)) - raft.server.log.segment.size.max = 1048576 (custom)
2019-09-04 10:20:42,079 [pool-221-thread-1] INFO  server.RaftServerConfigKeys (ConfUtils.java:logGet(43)) - raft.server.log.preallocated.size = 16384 (custom)
2019-09-04 10:20:42,079 [pool-221-thread-1] INFO  server.RaftServerConfigKeys (ConfUtils.java:logGet(43)) - raft.server.log.write.buffer.size = 33554432 (custom)
2019-09-04 10:20:42,079 [pool-221-thread-1] INFO  server.RaftServerConfigKeys (ConfUtils.java:logGet(43)) - raft.server.log.force.sync.num = 128 (default)
2019-09-04 10:20:42,079 [pool-221-thread-1] INFO  server.RaftServerConfigKeys (ConfUtils.java:logGet(43)) - raft.server.log.statemachine.data.sync = true (default)
2019-09-04 10:20:42,080 [pool-221-thread-1] INFO  server.RaftServerConfigKeys (ConfUtils.java:logGet(43)) - raft.server.log.statemachine.data.sync.timeout = 10s (default)
2019-09-04 10:20:42,080 [pool-221-thread-1] INFO  server.RaftServerConfigKeys (ConfUtils.java:logGet(43)) - raft.server.log.statemachine.data.sync.timeout.retry = -1 (default)
2019-09-04 10:20:42,080 [pool-221-thread-1] INFO  server.RaftServerConfigKeys (ConfUtils.java:logGet(43)) - raft.server.log.statemachine.data.caching.enabled = true (custom)
2019-09-04 10:20:42,080 [pool-221-thread-1] INFO  segmented.SegmentedRaftLogWorker (SegmentedRaftLogWorker.java:lambda$new$0(132)) - c7a9ee65-e3ca-4ad9-94cf-b47b6f91e6ab-SegmentedRaftLogWorker:Storage Directory /workdir/hadoop-ozone/integration-test/target/test-dir/MiniOzoneClusterImpl-33f8f071-44a0-4994-988d-ac099cede435/datanode-0/data/ratis/b3865398-e3cb-4b8b-95be-eb679e2093fb: flushIndex: setUnconditionally 0 -> -1
2019-09-04 10:20:42,080 [pool-221-thread-1] INFO  server.RaftServerConfigKeys (ConfUtils.java:logGet(43)) - raft.server.snapshot.auto.trigger.enabled = true (custom)
2019-09-04 10:20:42,081 [pool-221-thread-1] INFO  server.RaftServerConfigKeys (ConfUtils.java:logGet(43)) - raft.server.snapshot.auto.trigger.threshold = 10000 (custom)
2019-09-04 10:20:42,081 [pool-221-thread-1] INFO  server.RaftServerConfigKeys (ConfUtils.java:logGet(43)) - raft.server.retrycache.expirytime = 600000ms (custom)
2019-09-04 10:20:42,081 [pool-221-thread-1] INFO  impl.RaftServerImpl (RaftServerImpl.java:start(180)) - c7a9ee65-e3ca-4ad9-94cf-b47b6f91e6ab: start group-EB679E2093FB
2019-09-04 10:20:42,081 [pool-221-thread-1] INFO  impl.RaftServerImpl (RaftServerImpl.java:setRole(171)) - c7a9ee65-e3ca-4ad9-94cf-b47b6f91e6ab:group-EB679E2093FB changes role from null to FOLLOWER at term 0 for startAsFollower
2019-09-04 10:20:42,081 [pool-221-thread-1] INFO  impl.RoleInfo (RoleInfo.java:updateAndGet(143)) - c7a9ee65-e3ca-4ad9-94cf-b47b6f91e6ab: start FollowerState
2019-09-04 10:20:42,096 [pool-221-thread-1] INFO  util.JmxRegister (JmxRegister.java:tryRegister(44)) - Successfully registered JMX Bean with object name Ratis:service=RaftServer,group=group-EB679E2093FB,id=c7a9ee65-e3ca-4ad9-94cf-b47b6f91e6ab
2019-09-04 10:20:42,102 [RatisPipelineUtilsThread] INFO  pipeline.PipelineStateManager (PipelineStateManager.java:addPipeline(56)) - Created pipeline Pipeline[ Id: b3865398-e3cb-4b8b-95be-eb679e2093fb, Nodes: c7a9ee65-e3ca-4ad9-94cf-b47b6f91e6ab{ip: 192.168.36.67, host: pr-hdds-1569-fjd24-125839774, networkLocation: /default-rack, certSerialId: null}, Type:RATIS, Factor:ONE, State:OPEN]
2019-09-04 10:20:42,298 [IPC Server handler 1 on 42494] INFO  net.NetworkTopology (NetworkTopologyImpl.java:add(110)) - Added a new node: /default-rack/d4a64dff-3e06-4a28-9978-4bedd6b3eed2
2019-09-04 10:20:42,298 [IPC Server handler 1 on 42494] INFO  node.SCMNodeManager (SCMNodeManager.java:register(273)) - Registered Data node : d4a64dff-3e06-4a28-9978-4bedd6b3eed2{ip: 192.168.36.67, host: pr-hdds-1569-fjd24-125839774, networkLocation: /default-rack, certSerialId: null}
2019-09-04 10:20:42,298 | INFO  | SCMAudit | user=jenkins1000 | ip=192.168.36.67 | op=REGISTER {datanodeDetails=d4a64dff-3e06-4a28-9978-4bedd6b3eed2{ip: 192.168.36.67, host: pr-hdds-1569-fjd24-125839774, networkLocation: /default-rack, certSerialId: null}} | ret=SUCCESS |  
2019-09-04 10:20:42,318 [grpc-default-executor-0] INFO  impl.RaftServerProxy (RaftServerProxy.java:addNew(89)) - d4a64dff-3e06-4a28-9978-4bedd6b3eed2: addNew group-2808BEC3DBAC:[d4a64dff-3e06-4a28-9978-4bedd6b3eed2:192.168.36.67:45761] returns group-2808BEC3DBAC:java.util.concurrent.CompletableFuture@7423b903[Not completed]
2019-09-04 10:20:42,319 [pool-232-thread-1] INFO  impl.RaftServerImpl (RaftServerImpl.java:<init>(93)) - d4a64dff-3e06-4a28-9978-4bedd6b3eed2: new RaftServerImpl for group-2808BEC3DBAC:[d4a64dff-3e06-4a28-9978-4bedd6b3eed2:192.168.36.67:45761] with ContainerStateMachine:uninitialized
2019-09-04 10:20:42,319 [pool-232-thread-1] INFO  server.RaftServerConfigKeys (ConfUtils.java:logGet(43)) - raft.server.rpc.timeout.min = 5s (custom)
2019-09-04 10:20:42,320 [pool-232-thread-1] INFO  server.RaftServerConfigKeys (ConfUtils.java:logGet(43)) - raft.server.rpc.timeout.max = 5200ms (custom)
2019-09-04 10:20:42,320 [pool-232-thread-1] INFO  server.RaftServerConfigKeys (ConfUtils.java:logGet(43)) - raft.server.rpcslowness.timeout = 120s (custom)
2019-09-04 10:20:42,320 [pool-232-thread-1] INFO  server.RaftServerConfigKeys (ConfUtils.java:logGet(43)) - raft.server.sleep.deviation.threshold = 300 (default)
2019-09-04 10:20:42,320 [pool-232-thread-1] INFO  server.RaftServerConfigKeys (ConfUtils.java:logGet(43)) - raft.server.log.appender.install.snapshot.enabled = false (custom)
2019-09-04 10:20:42,320 [pool-232-thread-1] INFO  impl.RaftServerImpl (ServerState.java:<init>(105)) - d4a64dff-3e06-4a28-9978-4bedd6b3eed2:group-2808BEC3DBAC ConfigurationManager, init=-1: [d4a64dff-3e06-4a28-9978-4bedd6b3eed2:192.168.36.67:45761], old=null, confs=<EMPTY_MAP>
2019-09-04 10:20:42,320 [pool-232-thread-1] INFO  server.RaftServerConfigKeys (ConfUtils.java:logGet(43)) - raft.server.storage.dir = [/workdir/hadoop-ozone/integration-test/target/test-dir/MiniOzoneClusterImpl-33f8f071-44a0-4994-988d-ac099cede435/datanode-1/data/ratis] (custom)
2019-09-04 10:20:42,321 [pool-232-thread-1] INFO  storage.RaftStorageDirectory (RaftStorageDirectory.java:analyzeStorage(246)) - The storage directory /workdir/hadoop-ozone/integration-test/target/test-dir/MiniOzoneClusterImpl-33f8f071-44a0-4994-988d-ac099cede435/datanode-1/data/ratis/62b2a8db-5b71-430f-88fe-2808bec3dbac does not exist. Creating ...
2019-09-04 10:20:42,334 [pool-232-thread-1] INFO  storage.RaftStorageDirectory (RaftStorageDirectory.java:tryLock(328)) - Lock on /workdir/hadoop-ozone/integration-test/target/test-dir/MiniOzoneClusterImpl-33f8f071-44a0-4994-988d-ac099cede435/datanode-1/data/ratis/62b2a8db-5b71-430f-88fe-2808bec3dbac/in_use.lock acquired by nodename 2550@pr-hdds-1569-fjd24-125839774
2019-09-04 10:20:42,356 [pool-232-thread-1] INFO  storage.RaftStorage (RaftStorage.java:format(72)) - Storage directory /workdir/hadoop-ozone/integration-test/target/test-dir/MiniOzoneClusterImpl-33f8f071-44a0-4994-988d-ac099cede435/datanode-1/data/ratis/62b2a8db-5b71-430f-88fe-2808bec3dbac has been successfully formatted.
2019-09-04 10:20:42,356 [pool-232-thread-1] INFO  ratis.ContainerStateMachine (ContainerStateMachine.java:loadSnapshot(226)) - group-2808BEC3DBAC: The snapshot info is null. Setting the last applied indexto:(t:0, i:~)
2019-09-04 10:20:42,356 [pool-232-thread-1] INFO  server.RaftServerConfigKeys (ConfUtils.java:logGet(43)) - raft.server.leader.election.timeout = 120s (custom)
2019-09-04 10:20:42,356 [pool-232-thread-1] INFO  server.RaftServerConfigKeys (ConfUtils.java:logGet(43)) - raft.server.log.use.memory = false (default)
2019-09-04 10:20:42,357 [pool-232-thread-1] INFO  server.RaftServerConfigKeys (ConfUtils.java:logGet(43)) - raft.server.log.purge.gap = 1000000 (custom)
2019-09-04 10:20:42,357 [pool-232-thread-1] INFO  server.RaftServerConfigKeys (ConfUtils.java:logGet(43)) - raft.server.log.appender.buffer.byte-limit = 33554432 (custom)
2019-09-04 10:20:42,357 [pool-232-thread-1] INFO  server.RaftServerConfigKeys (ConfUtils.java:logGet(43)) - raft.server.log.segment.size.max = 1048576 (custom)
2019-09-04 10:20:42,357 [pool-232-thread-1] INFO  server.RaftServerConfigKeys (ConfUtils.java:logGet(43)) - raft.server.log.segment.cache.num.max = 2 (custom)
2019-09-04 10:20:42,357 [pool-232-thread-1] INFO  segmented.SegmentedRaftLogWorker (SegmentedRaftLogWorker.java:<init>(172)) - new d4a64dff-3e06-4a28-9978-4bedd6b3eed2-SegmentedRaftLogWorker:Storage Directory /workdir/hadoop-ozone/integration-test/target/test-dir/MiniOzoneClusterImpl-33f8f071-44a0-4994-988d-ac099cede435/datanode-1/data/ratis/62b2a8db-5b71-430f-88fe-2808bec3dbac for RaftStorage:Storage Directory /workdir/hadoop-ozone/integration-test/target/test-dir/MiniOzoneClusterImpl-33f8f071-44a0-4994-988d-ac099cede435/datanode-1/data/ratis/62b2a8db-5b71-430f-88fe-2808bec3dbac
2019-09-04 10:20:42,358 [pool-232-thread-1] INFO  server.RaftServerConfigKeys (ConfUtils.java:logGet(43)) - raft.server.log.queue.byte-limit = 2147483647 (custom)
2019-09-04 10:20:42,358 [pool-232-thread-1] INFO  server.RaftServerConfigKeys (ConfUtils.java:logGet(43)) - raft.server.log.queue.element-limit = 1024 (custom)
2019-09-04 10:20:42,358 [pool-232-thread-1] INFO  server.RaftServerConfigKeys (ConfUtils.java:logGet(43)) - raft.server.log.segment.size.max = 1048576 (custom)
2019-09-04 10:20:42,358 [pool-232-thread-1] INFO  server.RaftServerConfigKeys (ConfUtils.java:logGet(43)) - raft.server.log.preallocated.size = 16384 (custom)
2019-09-04 10:20:42,358 [pool-232-thread-1] INFO  server.RaftServerConfigKeys (ConfUtils.java:logGet(43)) - raft.server.log.write.buffer.size = 33554432 (custom)
2019-09-04 10:20:42,358 [pool-232-thread-1] INFO  server.RaftServerConfigKeys (ConfUtils.java:logGet(43)) - raft.server.log.force.sync.num = 128 (default)
2019-09-04 10:20:42,359 [pool-232-thread-1] INFO  server.RaftServerConfigKeys (ConfUtils.java:logGet(43)) - raft.server.log.statemachine.data.sync = true (default)
2019-09-04 10:20:42,359 [pool-232-thread-1] INFO  server.RaftServerConfigKeys (ConfUtils.java:logGet(43)) - raft.server.log.statemachine.data.sync.timeout = 10s (default)
2019-09-04 10:20:42,359 [pool-232-thread-1] INFO  server.RaftServerConfigKeys (ConfUtils.java:logGet(43)) - raft.server.log.statemachine.data.sync.timeout.retry = -1 (default)
2019-09-04 10:20:42,359 [pool-232-thread-1] INFO  server.RaftServerConfigKeys (ConfUtils.java:logGet(43)) - raft.server.log.statemachine.data.caching.enabled = true (custom)
2019-09-04 10:20:42,360 [pool-232-thread-1] INFO  segmented.SegmentedRaftLogWorker (SegmentedRaftLogWorker.java:lambda$new$0(132)) - d4a64dff-3e06-4a28-9978-4bedd6b3eed2-SegmentedRaftLogWorker:Storage Directory /workdir/hadoop-ozone/integration-test/target/test-dir/MiniOzoneClusterImpl-33f8f071-44a0-4994-988d-ac099cede435/datanode-1/data/ratis/62b2a8db-5b71-430f-88fe-2808bec3dbac: flushIndex: setUnconditionally 0 -> -1
2019-09-04 10:20:42,360 [pool-232-thread-1] INFO  server.RaftServerConfigKeys (ConfUtils.java:logGet(43)) - raft.server.snapshot.auto.trigger.enabled = true (custom)
2019-09-04 10:20:42,360 [pool-232-thread-1] INFO  server.RaftServerConfigKeys (ConfUtils.java:logGet(43)) - raft.server.snapshot.auto.trigger.threshold = 10000 (custom)
2019-09-04 10:20:42,361 [pool-232-thread-1] INFO  server.RaftServerConfigKeys (ConfUtils.java:logGet(43)) - raft.server.retrycache.expirytime = 600000ms (custom)
2019-09-04 10:20:42,361 [pool-232-thread-1] INFO  impl.RaftServerImpl (RaftServerImpl.java:start(180)) - d4a64dff-3e06-4a28-9978-4bedd6b3eed2: start group-2808BEC3DBAC
2019-09-04 10:20:42,361 [pool-232-thread-1] INFO  impl.RaftServerImpl (RaftServerImpl.java:setRole(171)) - d4a64dff-3e06-4a28-9978-4bedd6b3eed2:group-2808BEC3DBAC changes role from null to FOLLOWER at term 0 for startAsFollower
2019-09-04 10:20:42,361 [pool-232-thread-1] INFO  impl.RoleInfo (RoleInfo.java:updateAndGet(143)) - d4a64dff-3e06-4a28-9978-4bedd6b3eed2: start FollowerState
2019-09-04 10:20:42,362 [pool-232-thread-1] INFO  util.JmxRegister (JmxRegister.java:tryRegister(44)) - Successfully registered JMX Bean with object name Ratis:service=RaftServer,group=group-2808BEC3DBAC,id=d4a64dff-3e06-4a28-9978-4bedd6b3eed2
2019-09-04 10:20:42,366 [RatisPipelineUtilsThread] INFO  pipeline.PipelineStateManager (PipelineStateManager.java:addPipeline(56)) - Created pipeline Pipeline[ Id: 62b2a8db-5b71-430f-88fe-2808bec3dbac, Nodes: d4a64dff-3e06-4a28-9978-4bedd6b3eed2{ip: 192.168.36.67, host: pr-hdds-1569-fjd24-125839774, networkLocation: /default-rack, certSerialId: null}, Type:RATIS, Factor:ONE, State:OPEN]
2019-09-04 10:20:42,508 [IPC Server handler 3 on 42494] INFO  net.NetworkTopology (NetworkTopologyImpl.java:add(110)) - Added a new node: /default-rack/47c024b4-7de6-461d-beea-bdd3c0c5d1f2
2019-09-04 10:20:42,508 [IPC Server handler 3 on 42494] INFO  node.SCMNodeManager (SCMNodeManager.java:register(273)) - Registered Data node : 47c024b4-7de6-461d-beea-bdd3c0c5d1f2{ip: 192.168.36.67, host: pr-hdds-1569-fjd24-125839774, networkLocation: /default-rack, certSerialId: null}
2019-09-04 10:20:42,511 | INFO  | SCMAudit | user=jenkins1000 | ip=192.168.36.67 | op=REGISTER {datanodeDetails=47c024b4-7de6-461d-beea-bdd3c0c5d1f2{ip: 192.168.36.67, host: pr-hdds-1569-fjd24-125839774, networkLocation: /default-rack, certSerialId: null}} | ret=SUCCESS |  
2019-09-04 10:20:42,522 [grpc-default-executor-0] INFO  impl.RaftServerProxy (RaftServerProxy.java:addNew(89)) - 47c024b4-7de6-461d-beea-bdd3c0c5d1f2: addNew group-88BFBA7E8EDB:[47c024b4-7de6-461d-beea-bdd3c0c5d1f2:192.168.36.67:34136] returns group-88BFBA7E8EDB:java.util.concurrent.CompletableFuture@6e7d4315[Not completed]
2019-09-04 10:20:42,523 [pool-243-thread-1] INFO  impl.RaftServerImpl (RaftServerImpl.java:<init>(93)) - 47c024b4-7de6-461d-beea-bdd3c0c5d1f2: new RaftServerImpl for group-88BFBA7E8EDB:[47c024b4-7de6-461d-beea-bdd3c0c5d1f2:192.168.36.67:34136] with ContainerStateMachine:uninitialized
2019-09-04 10:20:42,523 [pool-243-thread-1] INFO  server.RaftServerConfigKeys (ConfUtils.java:logGet(43)) - raft.server.rpc.timeout.min = 5s (custom)
2019-09-04 10:20:42,523 [pool-243-thread-1] INFO  server.RaftServerConfigKeys (ConfUtils.java:logGet(43)) - raft.server.rpc.timeout.max = 5200ms (custom)
2019-09-04 10:20:42,524 [pool-243-thread-1] INFO  server.RaftServerConfigKeys (ConfUtils.java:logGet(43)) - raft.server.rpcslowness.timeout = 120s (custom)
2019-09-04 10:20:42,524 [pool-243-thread-1] INFO  server.RaftServerConfigKeys (ConfUtils.java:logGet(43)) - raft.server.sleep.deviation.threshold = 300 (default)
2019-09-04 10:20:42,524 [pool-243-thread-1] INFO  server.RaftServerConfigKeys (ConfUtils.java:logGet(43)) - raft.server.log.appender.install.snapshot.enabled = false (custom)
2019-09-04 10:20:42,524 [pool-243-thread-1] INFO  impl.RaftServerImpl (ServerState.java:<init>(105)) - 47c024b4-7de6-461d-beea-bdd3c0c5d1f2:group-88BFBA7E8EDB ConfigurationManager, init=-1: [47c024b4-7de6-461d-beea-bdd3c0c5d1f2:192.168.36.67:34136], old=null, confs=<EMPTY_MAP>
2019-09-04 10:20:42,524 [pool-243-thread-1] INFO  server.RaftServerConfigKeys (ConfUtils.java:logGet(43)) - raft.server.storage.dir = [/workdir/hadoop-ozone/integration-test/target/test-dir/MiniOzoneClusterImpl-33f8f071-44a0-4994-988d-ac099cede435/datanode-2/data/ratis] (custom)
2019-09-04 10:20:42,525 [pool-243-thread-1] INFO  storage.RaftStorageDirectory (RaftStorageDirectory.java:analyzeStorage(246)) - The storage directory /workdir/hadoop-ozone/integration-test/target/test-dir/MiniOzoneClusterImpl-33f8f071-44a0-4994-988d-ac099cede435/datanode-2/data/ratis/cf807f62-1b76-4822-b159-88bfba7e8edb does not exist. Creating ...
2019-09-04 10:20:42,537 [pool-243-thread-1] INFO  storage.RaftStorageDirectory (RaftStorageDirectory.java:tryLock(328)) - Lock on /workdir/hadoop-ozone/integration-test/target/test-dir/MiniOzoneClusterImpl-33f8f071-44a0-4994-988d-ac099cede435/datanode-2/data/ratis/cf807f62-1b76-4822-b159-88bfba7e8edb/in_use.lock acquired by nodename 2550@pr-hdds-1569-fjd24-125839774
2019-09-04 10:20:42,550 [pool-243-thread-1] INFO  storage.RaftStorage (RaftStorage.java:format(72)) - Storage directory /workdir/hadoop-ozone/integration-test/target/test-dir/MiniOzoneClusterImpl-33f8f071-44a0-4994-988d-ac099cede435/datanode-2/data/ratis/cf807f62-1b76-4822-b159-88bfba7e8edb has been successfully formatted.
2019-09-04 10:20:42,551 [pool-243-thread-1] INFO  ratis.ContainerStateMachine (ContainerStateMachine.java:loadSnapshot(226)) - group-88BFBA7E8EDB: The snapshot info is null. Setting the last applied indexto:(t:0, i:~)
2019-09-04 10:20:42,551 [pool-243-thread-1] INFO  server.RaftServerConfigKeys (ConfUtils.java:logGet(43)) - raft.server.leader.election.timeout = 120s (custom)
2019-09-04 10:20:42,551 [pool-243-thread-1] INFO  server.RaftServerConfigKeys (ConfUtils.java:logGet(43)) - raft.server.log.use.memory = false (default)
2019-09-04 10:20:42,551 [pool-243-thread-1] INFO  server.RaftServerConfigKeys (ConfUtils.java:logGet(43)) - raft.server.log.purge.gap = 1000000 (custom)
2019-09-04 10:20:42,551 [pool-243-thread-1] INFO  server.RaftServerConfigKeys (ConfUtils.java:logGet(43)) - raft.server.log.appender.buffer.byte-limit = 33554432 (custom)
2019-09-04 10:20:42,551 [pool-243-thread-1] INFO  server.RaftServerConfigKeys (ConfUtils.java:logGet(43)) - raft.server.log.segment.size.max = 1048576 (custom)
2019-09-04 10:20:42,551 [pool-243-thread-1] INFO  server.RaftServerConfigKeys (ConfUtils.java:logGet(43)) - raft.server.log.segment.cache.num.max = 2 (custom)
2019-09-04 10:20:42,551 [pool-243-thread-1] INFO  segmented.SegmentedRaftLogWorker (SegmentedRaftLogWorker.java:<init>(172)) - new 47c024b4-7de6-461d-beea-bdd3c0c5d1f2-SegmentedRaftLogWorker:Storage Directory /workdir/hadoop-ozone/integration-test/target/test-dir/MiniOzoneClusterImpl-33f8f071-44a0-4994-988d-ac099cede435/datanode-2/data/ratis/cf807f62-1b76-4822-b159-88bfba7e8edb for RaftStorage:Storage Directory /workdir/hadoop-ozone/integration-test/target/test-dir/MiniOzoneClusterImpl-33f8f071-44a0-4994-988d-ac099cede435/datanode-2/data/ratis/cf807f62-1b76-4822-b159-88bfba7e8edb
2019-09-04 10:20:42,552 [pool-243-thread-1] INFO  server.RaftServerConfigKeys (ConfUtils.java:logGet(43)) - raft.server.log.queue.byte-limit = 2147483647 (custom)
2019-09-04 10:20:42,552 [pool-243-thread-1] INFO  server.RaftServerConfigKeys (ConfUtils.java:logGet(43)) - raft.server.log.queue.element-limit = 1024 (custom)
2019-09-04 10:20:42,552 [pool-243-thread-1] INFO  server.RaftServerConfigKeys (ConfUtils.java:logGet(43)) - raft.server.log.segment.size.max = 1048576 (custom)
2019-09-04 10:20:42,552 [pool-243-thread-1] INFO  server.RaftServerConfigKeys (ConfUtils.java:logGet(43)) - raft.server.log.preallocated.size = 16384 (custom)
2019-09-04 10:20:42,552 [pool-243-thread-1] INFO  server.RaftServerConfigKeys (ConfUtils.java:logGet(43)) - raft.server.log.write.buffer.size = 33554432 (custom)
2019-09-04 10:20:42,552 [pool-243-thread-1] INFO  server.RaftServerConfigKeys (ConfUtils.java:logGet(43)) - raft.server.log.force.sync.num = 128 (default)
2019-09-04 10:20:42,552 [pool-243-thread-1] INFO  server.RaftServerConfigKeys (ConfUtils.java:logGet(43)) - raft.server.log.statemachine.data.sync = true (default)
2019-09-04 10:20:42,552 [pool-243-thread-1] INFO  server.RaftServerConfigKeys (ConfUtils.java:logGet(43)) - raft.server.log.statemachine.data.sync.timeout = 10s (default)
2019-09-04 10:20:42,552 [pool-243-thread-1] INFO  server.RaftServerConfigKeys (ConfUtils.java:logGet(43)) - raft.server.log.statemachine.data.sync.timeout.retry = -1 (default)
2019-09-04 10:20:42,553 [pool-243-thread-1] INFO  server.RaftServerConfigKeys (ConfUtils.java:logGet(43)) - raft.server.log.statemachine.data.caching.enabled = true (custom)
2019-09-04 10:20:42,553 [pool-243-thread-1] INFO  segmented.SegmentedRaftLogWorker (SegmentedRaftLogWorker.java:lambda$new$0(132)) - 47c024b4-7de6-461d-beea-bdd3c0c5d1f2-SegmentedRaftLogWorker:Storage Directory /workdir/hadoop-ozone/integration-test/target/test-dir/MiniOzoneClusterImpl-33f8f071-44a0-4994-988d-ac099cede435/datanode-2/data/ratis/cf807f62-1b76-4822-b159-88bfba7e8edb: flushIndex: setUnconditionally 0 -> -1
2019-09-04 10:20:42,553 [pool-243-thread-1] INFO  server.RaftServerConfigKeys (ConfUtils.java:logGet(43)) - raft.server.snapshot.auto.trigger.enabled = true (custom)
2019-09-04 10:20:42,553 [pool-243-thread-1] INFO  server.RaftServerConfigKeys (ConfUtils.java:logGet(43)) - raft.server.snapshot.auto.trigger.threshold = 10000 (custom)
2019-09-04 10:20:42,553 [pool-243-thread-1] INFO  server.RaftServerConfigKeys (ConfUtils.java:logGet(43)) - raft.server.retrycache.expirytime = 600000ms (custom)
2019-09-04 10:20:42,553 [pool-243-thread-1] INFO  impl.RaftServerImpl (RaftServerImpl.java:start(180)) - 47c024b4-7de6-461d-beea-bdd3c0c5d1f2: start group-88BFBA7E8EDB
2019-09-04 10:20:42,554 [pool-243-thread-1] INFO  impl.RaftServerImpl (RaftServerImpl.java:setRole(171)) - 47c024b4-7de6-461d-beea-bdd3c0c5d1f2:group-88BFBA7E8EDB changes role from null to FOLLOWER at term 0 for startAsFollower
2019-09-04 10:20:42,554 [pool-243-thread-1] INFO  impl.RoleInfo (RoleInfo.java:updateAndGet(143)) - 47c024b4-7de6-461d-beea-bdd3c0c5d1f2: start FollowerState
2019-09-04 10:20:42,554 [pool-243-thread-1] INFO  util.JmxRegister (JmxRegister.java:tryRegister(44)) - Successfully registered JMX Bean with object name Ratis:service=RaftServer,group=group-88BFBA7E8EDB,id=47c024b4-7de6-461d-beea-bdd3c0c5d1f2
2019-09-04 10:20:42,554 [main] INFO  ozone.MiniOzoneClusterImpl (MiniOzoneClusterImpl.java:lambda$waitForClusterToBeReady$0(142)) - Waiting for cluster to be ready. Got 3 of 7 DN Heartbeats.
2019-09-04 10:20:42,559 [RatisPipelineUtilsThread] INFO  pipeline.PipelineStateManager (PipelineStateManager.java:addPipeline(56)) - Created pipeline Pipeline[ Id: cf807f62-1b76-4822-b159-88bfba7e8edb, Nodes: 47c024b4-7de6-461d-beea-bdd3c0c5d1f2{ip: 192.168.36.67, host: pr-hdds-1569-fjd24-125839774, networkLocation: /default-rack, certSerialId: null}, Type:RATIS, Factor:ONE, State:OPEN]
2019-09-04 10:20:42,578 [grpc-default-executor-2] INFO  impl.RaftServerProxy (RaftServerProxy.java:addNew(89)) - d4a64dff-3e06-4a28-9978-4bedd6b3eed2: addNew group-E945F0F43A71:[c7a9ee65-e3ca-4ad9-94cf-b47b6f91e6ab:192.168.36.67:38558, d4a64dff-3e06-4a28-9978-4bedd6b3eed2:192.168.36.67:45761, 47c024b4-7de6-461d-beea-bdd3c0c5d1f2:192.168.36.67:34136] returns group-E945F0F43A71:java.util.concurrent.CompletableFuture@3dc5902c[Not completed]
2019-09-04 10:20:42,580 [grpc-default-executor-1] INFO  impl.RaftServerProxy (RaftServerProxy.java:addNew(89)) - c7a9ee65-e3ca-4ad9-94cf-b47b6f91e6ab: addNew group-E945F0F43A71:[c7a9ee65-e3ca-4ad9-94cf-b47b6f91e6ab:192.168.36.67:38558, d4a64dff-3e06-4a28-9978-4bedd6b3eed2:192.168.36.67:45761, 47c024b4-7de6-461d-beea-bdd3c0c5d1f2:192.168.36.67:34136] returns group-E945F0F43A71:java.util.concurrent.CompletableFuture@1c76ec6e[Not completed]
2019-09-04 10:20:42,578 [grpc-default-executor-0] INFO  impl.RaftServerProxy (RaftServerProxy.java:addNew(89)) - 47c024b4-7de6-461d-beea-bdd3c0c5d1f2: addNew group-E945F0F43A71:[c7a9ee65-e3ca-4ad9-94cf-b47b6f91e6ab:192.168.36.67:38558, d4a64dff-3e06-4a28-9978-4bedd6b3eed2:192.168.36.67:45761, 47c024b4-7de6-461d-beea-bdd3c0c5d1f2:192.168.36.67:34136] returns group-E945F0F43A71:java.util.concurrent.CompletableFuture@437f103[Not completed]
2019-09-04 10:20:42,581 [pool-232-thread-1] INFO  impl.RaftServerImpl (RaftServerImpl.java:<init>(93)) - d4a64dff-3e06-4a28-9978-4bedd6b3eed2: new RaftServerImpl for group-E945F0F43A71:[c7a9ee65-e3ca-4ad9-94cf-b47b6f91e6ab:192.168.36.67:38558, d4a64dff-3e06-4a28-9978-4bedd6b3eed2:192.168.36.67:45761, 47c024b4-7de6-461d-beea-bdd3c0c5d1f2:192.168.36.67:34136] with ContainerStateMachine:uninitialized
2019-09-04 10:20:42,582 [pool-232-thread-1] INFO  server.RaftServerConfigKeys (ConfUtils.java:logGet(43)) - raft.server.rpc.timeout.min = 5s (custom)
2019-09-04 10:20:42,582 [pool-232-thread-1] INFO  server.RaftServerConfigKeys (ConfUtils.java:logGet(43)) - raft.server.rpc.timeout.max = 5200ms (custom)
2019-09-04 10:20:42,582 [pool-232-thread-1] INFO  server.RaftServerConfigKeys (ConfUtils.java:logGet(43)) - raft.server.rpcslowness.timeout = 120s (custom)
2019-09-04 10:20:42,582 [pool-232-thread-1] INFO  server.RaftServerConfigKeys (ConfUtils.java:logGet(43)) - raft.server.sleep.deviation.threshold = 300 (default)
2019-09-04 10:20:42,582 [pool-232-thread-1] INFO  server.RaftServerConfigKeys (ConfUtils.java:logGet(43)) - raft.server.log.appender.install.snapshot.enabled = false (custom)
2019-09-04 10:20:42,582 [pool-221-thread-1] INFO  impl.RaftServerImpl (RaftServerImpl.java:<init>(93)) - c7a9ee65-e3ca-4ad9-94cf-b47b6f91e6ab: new RaftServerImpl for group-E945F0F43A71:[c7a9ee65-e3ca-4ad9-94cf-b47b6f91e6ab:192.168.36.67:38558, d4a64dff-3e06-4a28-9978-4bedd6b3eed2:192.168.36.67:45761, 47c024b4-7de6-461d-beea-bdd3c0c5d1f2:192.168.36.67:34136] with ContainerStateMachine:uninitialized
2019-09-04 10:20:42,582 [pool-232-thread-1] INFO  impl.RaftServerImpl (ServerState.java:<init>(105)) - d4a64dff-3e06-4a28-9978-4bedd6b3eed2:group-E945F0F43A71 ConfigurationManager, init=-1: [c7a9ee65-e3ca-4ad9-94cf-b47b6f91e6ab:192.168.36.67:38558, d4a64dff-3e06-4a28-9978-4bedd6b3eed2:192.168.36.67:45761, 47c024b4-7de6-461d-beea-bdd3c0c5d1f2:192.168.36.67:34136], old=null, confs=<EMPTY_MAP>
2019-09-04 10:20:42,583 [pool-221-thread-1] INFO  server.RaftServerConfigKeys (ConfUtils.java:logGet(43)) - raft.server.rpc.timeout.min = 5s (custom)
2019-09-04 10:20:42,583 [pool-232-thread-1] INFO  server.RaftServerConfigKeys (ConfUtils.java:logGet(43)) - raft.server.storage.dir = [/workdir/hadoop-ozone/integration-test/target/test-dir/MiniOzoneClusterImpl-33f8f071-44a0-4994-988d-ac099cede435/datanode-1/data/ratis] (custom)
2019-09-04 10:20:42,583 [pool-221-thread-1] INFO  server.RaftServerConfigKeys (ConfUtils.java:logGet(43)) - raft.server.rpc.timeout.max = 5200ms (custom)
2019-09-04 10:20:42,583 [pool-243-thread-1] INFO  impl.RaftServerImpl (RaftServerImpl.java:<init>(93)) - 47c024b4-7de6-461d-beea-bdd3c0c5d1f2: new RaftServerImpl for group-E945F0F43A71:[c7a9ee65-e3ca-4ad9-94cf-b47b6f91e6ab:192.168.36.67:38558, d4a64dff-3e06-4a28-9978-4bedd6b3eed2:192.168.36.67:45761, 47c024b4-7de6-461d-beea-bdd3c0c5d1f2:192.168.36.67:34136] with ContainerStateMachine:uninitialized
2019-09-04 10:20:42,583 [pool-221-thread-1] INFO  server.RaftServerConfigKeys (ConfUtils.java:logGet(43)) - raft.server.rpcslowness.timeout = 120s (custom)
2019-09-04 10:20:42,583 [pool-232-thread-1] INFO  storage.RaftStorageDirectory (RaftStorageDirectory.java:analyzeStorage(246)) - The storage directory /workdir/hadoop-ozone/integration-test/target/test-dir/MiniOzoneClusterImpl-33f8f071-44a0-4994-988d-ac099cede435/datanode-1/data/ratis/f0040285-15a8-45f6-92db-e945f0f43a71 does not exist. Creating ...
2019-09-04 10:20:42,583 [pool-243-thread-1] INFO  server.RaftServerConfigKeys (ConfUtils.java:logGet(43)) - raft.server.rpc.timeout.min = 5s (custom)
2019-09-04 10:20:42,583 [pool-221-thread-1] INFO  server.RaftServerConfigKeys (ConfUtils.java:logGet(43)) - raft.server.sleep.deviation.threshold = 300 (default)
2019-09-04 10:20:42,584 [pool-243-thread-1] INFO  server.RaftServerConfigKeys (ConfUtils.java:logGet(43)) - raft.server.rpc.timeout.max = 5200ms (custom)
2019-09-04 10:20:42,584 [pool-221-thread-1] INFO  server.RaftServerConfigKeys (ConfUtils.java:logGet(43)) - raft.server.log.appender.install.snapshot.enabled = false (custom)
2019-09-04 10:20:42,584 [pool-243-thread-1] INFO  server.RaftServerConfigKeys (ConfUtils.java:logGet(43)) - raft.server.rpcslowness.timeout = 120s (custom)
2019-09-04 10:20:42,584 [pool-221-thread-1] INFO  impl.RaftServerImpl (ServerState.java:<init>(105)) - c7a9ee65-e3ca-4ad9-94cf-b47b6f91e6ab:group-E945F0F43A71 ConfigurationManager, init=-1: [c7a9ee65-e3ca-4ad9-94cf-b47b6f91e6ab:192.168.36.67:38558, d4a64dff-3e06-4a28-9978-4bedd6b3eed2:192.168.36.67:45761, 47c024b4-7de6-461d-beea-bdd3c0c5d1f2:192.168.36.67:34136], old=null, confs=<EMPTY_MAP>
2019-09-04 10:20:42,584 [pool-243-thread-1] INFO  server.RaftServerConfigKeys (ConfUtils.java:logGet(43)) - raft.server.sleep.deviation.threshold = 300 (default)
2019-09-04 10:20:42,584 [pool-221-thread-1] INFO  server.RaftServerConfigKeys (ConfUtils.java:logGet(43)) - raft.server.storage.dir = [/workdir/hadoop-ozone/integration-test/target/test-dir/MiniOzoneClusterImpl-33f8f071-44a0-4994-988d-ac099cede435/datanode-0/data/ratis] (custom)
2019-09-04 10:20:42,584 [pool-243-thread-1] INFO  server.RaftServerConfigKeys (ConfUtils.java:logGet(43)) - raft.server.log.appender.install.snapshot.enabled = false (custom)
2019-09-04 10:20:42,585 [pool-243-thread-1] INFO  impl.RaftServerImpl (ServerState.java:<init>(105)) - 47c024b4-7de6-461d-beea-bdd3c0c5d1f2:group-E945F0F43A71 ConfigurationManager, init=-1: [c7a9ee65-e3ca-4ad9-94cf-b47b6f91e6ab:192.168.36.67:38558, d4a64dff-3e06-4a28-9978-4bedd6b3eed2:192.168.36.67:45761, 47c024b4-7de6-461d-beea-bdd3c0c5d1f2:192.168.36.67:34136], old=null, confs=<EMPTY_MAP>
2019-09-04 10:20:42,585 [pool-221-thread-1] INFO  storage.RaftStorageDirectory (RaftStorageDirectory.java:analyzeStorage(246)) - The storage directory /workdir/hadoop-ozone/integration-test/target/test-dir/MiniOzoneClusterImpl-33f8f071-44a0-4994-988d-ac099cede435/datanode-0/data/ratis/f0040285-15a8-45f6-92db-e945f0f43a71 does not exist. Creating ...
2019-09-04 10:20:42,585 [pool-243-thread-1] INFO  server.RaftServerConfigKeys (ConfUtils.java:logGet(43)) - raft.server.storage.dir = [/workdir/hadoop-ozone/integration-test/target/test-dir/MiniOzoneClusterImpl-33f8f071-44a0-4994-988d-ac099cede435/datanode-2/data/ratis] (custom)
2019-09-04 10:20:42,585 [pool-243-thread-1] INFO  storage.RaftStorageDirectory (RaftStorageDirectory.java:analyzeStorage(246)) - The storage directory /workdir/hadoop-ozone/integration-test/target/test-dir/MiniOzoneClusterImpl-33f8f071-44a0-4994-988d-ac099cede435/datanode-2/data/ratis/f0040285-15a8-45f6-92db-e945f0f43a71 does not exist. Creating ...
2019-09-04 10:20:42,597 [pool-243-thread-1] INFO  storage.RaftStorageDirectory (RaftStorageDirectory.java:tryLock(328)) - Lock on /workdir/hadoop-ozone/integration-test/target/test-dir/MiniOzoneClusterImpl-33f8f071-44a0-4994-988d-ac099cede435/datanode-2/data/ratis/f0040285-15a8-45f6-92db-e945f0f43a71/in_use.lock acquired by nodename 2550@pr-hdds-1569-fjd24-125839774
2019-09-04 10:20:42,597 [pool-232-thread-1] INFO  storage.RaftStorageDirectory (RaftStorageDirectory.java:tryLock(328)) - Lock on /workdir/hadoop-ozone/integration-test/target/test-dir/MiniOzoneClusterImpl-33f8f071-44a0-4994-988d-ac099cede435/datanode-1/data/ratis/f0040285-15a8-45f6-92db-e945f0f43a71/in_use.lock acquired by nodename 2550@pr-hdds-1569-fjd24-125839774
2019-09-04 10:20:42,597 [pool-221-thread-1] INFO  storage.RaftStorageDirectory (RaftStorageDirectory.java:tryLock(328)) - Lock on /workdir/hadoop-ozone/integration-test/target/test-dir/MiniOzoneClusterImpl-33f8f071-44a0-4994-988d-ac099cede435/datanode-0/data/ratis/f0040285-15a8-45f6-92db-e945f0f43a71/in_use.lock acquired by nodename 2550@pr-hdds-1569-fjd24-125839774
2019-09-04 10:20:42,611 [pool-232-thread-1] INFO  storage.RaftStorage (RaftStorage.java:format(72)) - Storage directory /workdir/hadoop-ozone/integration-test/target/test-dir/MiniOzoneClusterImpl-33f8f071-44a0-4994-988d-ac099cede435/datanode-1/data/ratis/f0040285-15a8-45f6-92db-e945f0f43a71 has been successfully formatted.
2019-09-04 10:20:42,611 [pool-221-thread-1] INFO  storage.RaftStorage (RaftStorage.java:format(72)) - Storage directory /workdir/hadoop-ozone/integration-test/target/test-dir/MiniOzoneClusterImpl-33f8f071-44a0-4994-988d-ac099cede435/datanode-0/data/ratis/f0040285-15a8-45f6-92db-e945f0f43a71 has been successfully formatted.
2019-09-04 10:20:42,611 [pool-243-thread-1] INFO  storage.RaftStorage (RaftStorage.java:format(72)) - Storage directory /workdir/hadoop-ozone/integration-test/target/test-dir/MiniOzoneClusterImpl-33f8f071-44a0-4994-988d-ac099cede435/datanode-2/data/ratis/f0040285-15a8-45f6-92db-e945f0f43a71 has been successfully formatted.
2019-09-04 10:20:42,612 [pool-232-thread-1] INFO  ratis.ContainerStateMachine (ContainerStateMachine.java:loadSnapshot(226)) - group-E945F0F43A71: The snapshot info is null. Setting the last applied indexto:(t:0, i:~)
2019-09-04 10:20:42,612 [pool-243-thread-1] INFO  ratis.ContainerStateMachine (ContainerStateMachine.java:loadSnapshot(226)) - group-E945F0F43A71: The snapshot info is null. Setting the last applied indexto:(t:0, i:~)
2019-09-04 10:20:42,612 [pool-221-thread-1] INFO  ratis.ContainerStateMachine (ContainerStateMachine.java:loadSnapshot(226)) - group-E945F0F43A71: The snapshot info is null. Setting the last applied indexto:(t:0, i:~)
2019-09-04 10:20:42,612 [pool-243-thread-1] INFO  server.RaftServerConfigKeys (ConfUtils.java:logGet(43)) - raft.server.leader.election.timeout = 120s (custom)
2019-09-04 10:20:42,612 [pool-232-thread-1] INFO  server.RaftServerConfigKeys (ConfUtils.java:logGet(43)) - raft.server.leader.election.timeout = 120s (custom)
2019-09-04 10:20:42,612 [pool-243-thread-1] INFO  server.RaftServerConfigKeys (ConfUtils.java:logGet(43)) - raft.server.log.use.memory = false (default)
2019-09-04 10:20:42,612 [pool-221-thread-1] INFO  server.RaftServerConfigKeys (ConfUtils.java:logGet(43)) - raft.server.leader.election.timeout = 120s (custom)
2019-09-04 10:20:42,613 [pool-243-thread-1] INFO  server.RaftServerConfigKeys (ConfUtils.java:logGet(43)) - raft.server.log.purge.gap = 1000000 (custom)
2019-09-04 10:20:42,613 [pool-232-thread-1] INFO  server.RaftServerConfigKeys (ConfUtils.java:logGet(43)) - raft.server.log.use.memory = false (default)
2019-09-04 10:20:42,613 [pool-243-thread-1] INFO  server.RaftServerConfigKeys (ConfUtils.java:logGet(43)) - raft.server.log.appender.buffer.byte-limit = 33554432 (custom)
2019-09-04 10:20:42,613 [pool-221-thread-1] INFO  server.RaftServerConfigKeys (ConfUtils.java:logGet(43)) - raft.server.log.use.memory = false (default)
2019-09-04 10:20:42,613 [pool-243-thread-1] INFO  server.RaftServerConfigKeys (ConfUtils.java:logGet(43)) - raft.server.log.segment.size.max = 1048576 (custom)
2019-09-04 10:20:42,613 [pool-232-thread-1] INFO  server.RaftServerConfigKeys (ConfUtils.java:logGet(43)) - raft.server.log.purge.gap = 1000000 (custom)
2019-09-04 10:20:42,614 [pool-243-thread-1] INFO  server.RaftServerConfigKeys (ConfUtils.java:logGet(43)) - raft.server.log.segment.cache.num.max = 2 (custom)
2019-09-04 10:20:42,613 [pool-221-thread-1] INFO  server.RaftServerConfigKeys (ConfUtils.java:logGet(43)) - raft.server.log.purge.gap = 1000000 (custom)
2019-09-04 10:20:42,614 [pool-243-thread-1] INFO  segmented.SegmentedRaftLogWorker (SegmentedRaftLogWorker.java:<init>(172)) - new 47c024b4-7de6-461d-beea-bdd3c0c5d1f2-SegmentedRaftLogWorker:Storage Directory /workdir/hadoop-ozone/integration-test/target/test-dir/MiniOzoneClusterImpl-33f8f071-44a0-4994-988d-ac099cede435/datanode-2/data/ratis/f0040285-15a8-45f6-92db-e945f0f43a71 for RaftStorage:Storage Directory /workdir/hadoop-ozone/integration-test/target/test-dir/MiniOzoneClusterImpl-33f8f071-44a0-4994-988d-ac099cede435/datanode-2/data/ratis/f0040285-15a8-45f6-92db-e945f0f43a71
2019-09-04 10:20:42,614 [pool-232-thread-1] INFO  server.RaftServerConfigKeys (ConfUtils.java:logGet(43)) - raft.server.log.appender.buffer.byte-limit = 33554432 (custom)
2019-09-04 10:20:42,614 [pool-243-thread-1] INFO  server.RaftServerConfigKeys (ConfUtils.java:logGet(43)) - raft.server.log.queue.byte-limit = 2147483647 (custom)
2019-09-04 10:20:42,614 [pool-221-thread-1] INFO  server.RaftServerConfigKeys (ConfUtils.java:logGet(43)) - raft.server.log.appender.buffer.byte-limit = 33554432 (custom)
2019-09-04 10:20:42,614 [pool-243-thread-1] INFO  server.RaftServerConfigKeys (ConfUtils.java:logGet(43)) - raft.server.log.queue.element-limit = 1024 (custom)
2019-09-04 10:20:42,614 [pool-232-thread-1] INFO  server.RaftServerConfigKeys (ConfUtils.java:logGet(43)) - raft.server.log.segment.size.max = 1048576 (custom)
2019-09-04 10:20:42,615 [pool-243-thread-1] INFO  server.RaftServerConfigKeys (ConfUtils.java:logGet(43)) - raft.server.log.segment.size.max = 1048576 (custom)
2019-09-04 10:20:42,615 [pool-221-thread-1] INFO  server.RaftServerConfigKeys (ConfUtils.java:logGet(43)) - raft.server.log.segment.size.max = 1048576 (custom)
2019-09-04 10:20:42,615 [pool-243-thread-1] INFO  server.RaftServerConfigKeys (ConfUtils.java:logGet(43)) - raft.server.log.preallocated.size = 16384 (custom)
2019-09-04 10:20:42,615 [pool-232-thread-1] INFO  server.RaftServerConfigKeys (ConfUtils.java:logGet(43)) - raft.server.log.segment.cache.num.max = 2 (custom)
2019-09-04 10:20:42,615 [pool-243-thread-1] INFO  server.RaftServerConfigKeys (ConfUtils.java:logGet(43)) - raft.server.log.write.buffer.size = 33554432 (custom)
2019-09-04 10:20:42,615 [pool-243-thread-1] INFO  server.RaftServerConfigKeys (ConfUtils.java:logGet(43)) - raft.server.log.force.sync.num = 128 (default)
2019-09-04 10:20:42,615 [pool-221-thread-1] INFO  server.RaftServerConfigKeys (ConfUtils.java:logGet(43)) - raft.server.log.segment.cache.num.max = 2 (custom)
2019-09-04 10:20:42,616 [pool-243-thread-1] INFO  server.RaftServerConfigKeys (ConfUtils.java:logGet(43)) - raft.server.log.statemachine.data.sync = true (default)
2019-09-04 10:20:42,615 [pool-232-thread-1] INFO  segmented.SegmentedRaftLogWorker (SegmentedRaftLogWorker.java:<init>(172)) - new d4a64dff-3e06-4a28-9978-4bedd6b3eed2-SegmentedRaftLogWorker:Storage Directory /workdir/hadoop-ozone/integration-test/target/test-dir/MiniOzoneClusterImpl-33f8f071-44a0-4994-988d-ac099cede435/datanode-1/data/ratis/f0040285-15a8-45f6-92db-e945f0f43a71 for RaftStorage:Storage Directory /workdir/hadoop-ozone/integration-test/target/test-dir/MiniOzoneClusterImpl-33f8f071-44a0-4994-988d-ac099cede435/datanode-1/data/ratis/f0040285-15a8-45f6-92db-e945f0f43a71
2019-09-04 10:20:42,616 [pool-243-thread-1] INFO  server.RaftServerConfigKeys (ConfUtils.java:logGet(43)) - raft.server.log.statemachine.data.sync.timeout = 10s (default)
2019-09-04 10:20:42,616 [pool-243-thread-1] INFO  server.RaftServerConfigKeys (ConfUtils.java:logGet(43)) - raft.server.log.statemachine.data.sync.timeout.retry = -1 (default)
2019-09-04 10:20:42,616 [pool-221-thread-1] INFO  segmented.SegmentedRaftLogWorker (SegmentedRaftLogWorker.java:<init>(172)) - new c7a9ee65-e3ca-4ad9-94cf-b47b6f91e6ab-SegmentedRaftLogWorker:Storage Directory /workdir/hadoop-ozone/integration-test/target/test-dir/MiniOzoneClusterImpl-33f8f071-44a0-4994-988d-ac099cede435/datanode-0/data/ratis/f0040285-15a8-45f6-92db-e945f0f43a71 for RaftStorage:Storage Directory /workdir/hadoop-ozone/integration-test/target/test-dir/MiniOzoneClusterImpl-33f8f071-44a0-4994-988d-ac099cede435/datanode-0/data/ratis/f0040285-15a8-45f6-92db-e945f0f43a71
2019-09-04 10:20:42,616 [pool-243-thread-1] INFO  server.RaftServerConfigKeys (ConfUtils.java:logGet(43)) - raft.server.log.statemachine.data.caching.enabled = true (custom)
2019-09-04 10:20:42,616 [pool-232-thread-1] INFO  server.RaftServerConfigKeys (ConfUtils.java:logGet(43)) - raft.server.log.queue.byte-limit = 2147483647 (custom)
2019-09-04 10:20:42,616 [pool-221-thread-1] INFO  server.RaftServerConfigKeys (ConfUtils.java:logGet(43)) - raft.server.log.queue.byte-limit = 2147483647 (custom)
2019-09-04 10:20:42,617 [pool-243-thread-1] INFO  segmented.SegmentedRaftLogWorker (SegmentedRaftLogWorker.java:lambda$new$0(132)) - 47c024b4-7de6-461d-beea-bdd3c0c5d1f2-SegmentedRaftLogWorker:Storage Directory /workdir/hadoop-ozone/integration-test/target/test-dir/MiniOzoneClusterImpl-33f8f071-44a0-4994-988d-ac099cede435/datanode-2/data/ratis/f0040285-15a8-45f6-92db-e945f0f43a71: flushIndex: setUnconditionally 0 -> -1
2019-09-04 10:20:42,617 [pool-232-thread-1] INFO  server.RaftServerConfigKeys (ConfUtils.java:logGet(43)) - raft.server.log.queue.element-limit = 1024 (custom)
2019-09-04 10:20:42,617 [pool-221-thread-1] INFO  server.RaftServerConfigKeys (ConfUtils.java:logGet(43)) - raft.server.log.queue.element-limit = 1024 (custom)
2019-09-04 10:20:42,617 [pool-243-thread-1] INFO  server.RaftServerConfigKeys (ConfUtils.java:logGet(43)) - raft.server.snapshot.auto.trigger.enabled = true (custom)
2019-09-04 10:20:42,617 [pool-232-thread-1] INFO  server.RaftServerConfigKeys (ConfUtils.java:logGet(43)) - raft.server.log.segment.size.max = 1048576 (custom)
2019-09-04 10:20:42,617 [pool-243-thread-1] INFO  server.RaftServerConfigKeys (ConfUtils.java:logGet(43)) - raft.server.snapshot.auto.trigger.threshold = 10000 (custom)
2019-09-04 10:20:42,617 [pool-221-thread-1] INFO  server.RaftServerConfigKeys (ConfUtils.java:logGet(43)) - raft.server.log.segment.size.max = 1048576 (custom)
2019-09-04 10:20:42,618 [pool-243-thread-1] INFO  server.RaftServerConfigKeys (ConfUtils.java:logGet(43)) - raft.server.retrycache.expirytime = 600000ms (custom)
2019-09-04 10:20:42,618 [pool-232-thread-1] INFO  server.RaftServerConfigKeys (ConfUtils.java:logGet(43)) - raft.server.log.preallocated.size = 16384 (custom)
2019-09-04 10:20:42,618 [pool-243-thread-1] INFO  impl.RaftServerImpl (RaftServerImpl.java:start(180)) - 47c024b4-7de6-461d-beea-bdd3c0c5d1f2: start group-E945F0F43A71
2019-09-04 10:20:42,618 [pool-221-thread-1] INFO  server.RaftServerConfigKeys (ConfUtils.java:logGet(43)) - raft.server.log.preallocated.size = 16384 (custom)
2019-09-04 10:20:42,618 [pool-243-thread-1] INFO  impl.RaftServerImpl (RaftServerImpl.java:setRole(171)) - 47c024b4-7de6-461d-beea-bdd3c0c5d1f2:group-E945F0F43A71 changes role from null to FOLLOWER at term 0 for startAsFollower
2019-09-04 10:20:42,618 [pool-232-thread-1] INFO  server.RaftServerConfigKeys (ConfUtils.java:logGet(43)) - raft.server.log.write.buffer.size = 33554432 (custom)
2019-09-04 10:20:42,619 [pool-243-thread-1] INFO  impl.RoleInfo (RoleInfo.java:updateAndGet(143)) - 47c024b4-7de6-461d-beea-bdd3c0c5d1f2: start FollowerState
2019-09-04 10:20:42,618 [pool-221-thread-1] INFO  server.RaftServerConfigKeys (ConfUtils.java:logGet(43)) - raft.server.log.write.buffer.size = 33554432 (custom)
2019-09-04 10:20:42,619 [pool-232-thread-1] INFO  server.RaftServerConfigKeys (ConfUtils.java:logGet(43)) - raft.server.log.force.sync.num = 128 (default)
2019-09-04 10:20:42,619 [pool-243-thread-1] INFO  util.JmxRegister (JmxRegister.java:tryRegister(44)) - Successfully registered JMX Bean with object name Ratis:service=RaftServer,group=group-E945F0F43A71,id=47c024b4-7de6-461d-beea-bdd3c0c5d1f2
2019-09-04 10:20:42,619 [pool-221-thread-1] INFO  server.RaftServerConfigKeys (ConfUtils.java:logGet(43)) - raft.server.log.force.sync.num = 128 (default)
2019-09-04 10:20:42,619 [pool-232-thread-1] INFO  server.RaftServerConfigKeys (ConfUtils.java:logGet(43)) - raft.server.log.statemachine.data.sync = true (default)
2019-09-04 10:20:42,619 [pool-221-thread-1] INFO  server.RaftServerConfigKeys (ConfUtils.java:logGet(43)) - raft.server.log.statemachine.data.sync = true (default)
2019-09-04 10:20:42,620 [pool-232-thread-1] INFO  server.RaftServerConfigKeys (ConfUtils.java:logGet(43)) - raft.server.log.statemachine.data.sync.timeout = 10s (default)
2019-09-04 10:20:42,620 [pool-221-thread-1] INFO  server.RaftServerConfigKeys (ConfUtils.java:logGet(43)) - raft.server.log.statemachine.data.sync.timeout = 10s (default)
2019-09-04 10:20:42,620 [pool-232-thread-1] INFO  server.RaftServerConfigKeys (ConfUtils.java:logGet(43)) - raft.server.log.statemachine.data.sync.timeout.retry = -1 (default)
2019-09-04 10:20:42,620 [pool-221-thread-1] INFO  server.RaftServerConfigKeys (ConfUtils.java:logGet(43)) - raft.server.log.statemachine.data.sync.timeout.retry = -1 (default)
2019-09-04 10:20:42,620 [pool-232-thread-1] INFO  server.RaftServerConfigKeys (ConfUtils.java:logGet(43)) - raft.server.log.statemachine.data.caching.enabled = true (custom)
2019-09-04 10:20:42,620 [pool-221-thread-1] INFO  server.RaftServerConfigKeys (ConfUtils.java:logGet(43)) - raft.server.log.statemachine.data.caching.enabled = true (custom)
2019-09-04 10:20:42,623 [pool-232-thread-1] INFO  segmented.SegmentedRaftLogWorker (SegmentedRaftLogWorker.java:lambda$new$0(132)) - d4a64dff-3e06-4a28-9978-4bedd6b3eed2-SegmentedRaftLogWorker:Storage Directory /workdir/hadoop-ozone/integration-test/target/test-dir/MiniOzoneClusterImpl-33f8f071-44a0-4994-988d-ac099cede435/datanode-1/data/ratis/f0040285-15a8-45f6-92db-e945f0f43a71: flushIndex: setUnconditionally 0 -> -1
2019-09-04 10:20:42,623 [pool-221-thread-1] INFO  segmented.SegmentedRaftLogWorker (SegmentedRaftLogWorker.java:lambda$new$0(132)) - c7a9ee65-e3ca-4ad9-94cf-b47b6f91e6ab-SegmentedRaftLogWorker:Storage Directory /workdir/hadoop-ozone/integration-test/target/test-dir/MiniOzoneClusterImpl-33f8f071-44a0-4994-988d-ac099cede435/datanode-0/data/ratis/f0040285-15a8-45f6-92db-e945f0f43a71: flushIndex: setUnconditionally 0 -> -1
2019-09-04 10:20:42,625 [pool-232-thread-1] INFO  server.RaftServerConfigKeys (ConfUtils.java:logGet(43)) - raft.server.snapshot.auto.trigger.enabled = true (custom)
2019-09-04 10:20:42,625 [pool-232-thread-1] INFO  server.RaftServerConfigKeys (ConfUtils.java:logGet(43)) - raft.server.snapshot.auto.trigger.threshold = 10000 (custom)
2019-09-04 10:20:42,625 [pool-221-thread-1] INFO  server.RaftServerConfigKeys (ConfUtils.java:logGet(43)) - raft.server.snapshot.auto.trigger.enabled = true (custom)
2019-09-04 10:20:42,625 [pool-232-thread-1] INFO  server.RaftServerConfigKeys (ConfUtils.java:logGet(43)) - raft.server.retrycache.expirytime = 600000ms (custom)
2019-09-04 10:20:42,625 [pool-221-thread-1] INFO  server.RaftServerConfigKeys (ConfUtils.java:logGet(43)) - raft.server.snapshot.auto.trigger.threshold = 10000 (custom)
2019-09-04 10:20:42,626 [pool-232-thread-1] INFO  impl.RaftServerImpl (RaftServerImpl.java:start(180)) - d4a64dff-3e06-4a28-9978-4bedd6b3eed2: start group-E945F0F43A71
2019-09-04 10:20:42,626 [pool-221-thread-1] INFO  server.RaftServerConfigKeys (ConfUtils.java:logGet(43)) - raft.server.retrycache.expirytime = 600000ms (custom)
2019-09-04 10:20:42,626 [pool-232-thread-1] INFO  impl.RaftServerImpl (RaftServerImpl.java:setRole(171)) - d4a64dff-3e06-4a28-9978-4bedd6b3eed2:group-E945F0F43A71 changes role from null to FOLLOWER at term 0 for startAsFollower
2019-09-04 10:20:42,626 [pool-221-thread-1] INFO  impl.RaftServerImpl (RaftServerImpl.java:start(180)) - c7a9ee65-e3ca-4ad9-94cf-b47b6f91e6ab: start group-E945F0F43A71
2019-09-04 10:20:42,626 [pool-232-thread-1] INFO  impl.RoleInfo (RoleInfo.java:updateAndGet(143)) - d4a64dff-3e06-4a28-9978-4bedd6b3eed2: start FollowerState
2019-09-04 10:20:42,626 [pool-221-thread-1] INFO  impl.RaftServerImpl (RaftServerImpl.java:setRole(171)) - c7a9ee65-e3ca-4ad9-94cf-b47b6f91e6ab:group-E945F0F43A71 changes role from null to FOLLOWER at term 0 for startAsFollower
2019-09-04 10:20:42,626 [pool-221-thread-1] INFO  impl.RoleInfo (RoleInfo.java:updateAndGet(143)) - c7a9ee65-e3ca-4ad9-94cf-b47b6f91e6ab: start FollowerState
2019-09-04 10:20:42,626 [pool-232-thread-1] INFO  util.JmxRegister (JmxRegister.java:tryRegister(44)) - Successfully registered JMX Bean with object name Ratis:service=RaftServer,group=group-E945F0F43A71,id=d4a64dff-3e06-4a28-9978-4bedd6b3eed2
2019-09-04 10:20:42,627 [pool-221-thread-1] INFO  util.JmxRegister (JmxRegister.java:tryRegister(44)) - Successfully registered JMX Bean with object name Ratis:service=RaftServer,group=group-E945F0F43A71,id=c7a9ee65-e3ca-4ad9-94cf-b47b6f91e6ab
2019-09-04 10:20:42,638 [RatisPipelineUtilsThread] INFO  pipeline.PipelineStateManager (PipelineStateManager.java:addPipeline(56)) - Created pipeline Pipeline[ Id: f0040285-15a8-45f6-92db-e945f0f43a71, Nodes: c7a9ee65-e3ca-4ad9-94cf-b47b6f91e6ab{ip: 192.168.36.67, host: pr-hdds-1569-fjd24-125839774, networkLocation: /default-rack, certSerialId: null}47c024b4-7de6-461d-beea-bdd3c0c5d1f2{ip: 192.168.36.67, host: pr-hdds-1569-fjd24-125839774, networkLocation: /default-rack, certSerialId: null}d4a64dff-3e06-4a28-9978-4bedd6b3eed2{ip: 192.168.36.67, host: pr-hdds-1569-fjd24-125839774, networkLocation: /default-rack, certSerialId: null}, Type:RATIS, Factor:THREE, State:OPEN]
2019-09-04 10:20:42,712 [IPC Server handler 5 on 42494] INFO  net.NetworkTopology (NetworkTopologyImpl.java:add(110)) - Added a new node: /default-rack/3e474884-35a6-4d0e-9182-1f7ba1b5278d
2019-09-04 10:20:42,713 [IPC Server handler 5 on 42494] INFO  node.SCMNodeManager (SCMNodeManager.java:register(273)) - Registered Data node : 3e474884-35a6-4d0e-9182-1f7ba1b5278d{ip: 192.168.36.67, host: pr-hdds-1569-fjd24-125839774, networkLocation: /default-rack, certSerialId: null}
2019-09-04 10:20:42,713 | INFO  | SCMAudit | user=jenkins1000 | ip=192.168.36.67 | op=REGISTER {datanodeDetails=3e474884-35a6-4d0e-9182-1f7ba1b5278d{ip: 192.168.36.67, host: pr-hdds-1569-fjd24-125839774, networkLocation: /default-rack, certSerialId: null}} | ret=SUCCESS |  
2019-09-04 10:20:42,724 [grpc-default-executor-0] INFO  impl.RaftServerProxy (RaftServerProxy.java:addNew(89)) - 3e474884-35a6-4d0e-9182-1f7ba1b5278d: addNew group-967AA1E2FC07:[3e474884-35a6-4d0e-9182-1f7ba1b5278d:192.168.36.67:43324] returns group-967AA1E2FC07:java.util.concurrent.CompletableFuture@553353e4[Not completed]
2019-09-04 10:20:42,726 [pool-254-thread-1] INFO  impl.RaftServerImpl (RaftServerImpl.java:<init>(93)) - 3e474884-35a6-4d0e-9182-1f7ba1b5278d: new RaftServerImpl for group-967AA1E2FC07:[3e474884-35a6-4d0e-9182-1f7ba1b5278d:192.168.36.67:43324] with ContainerStateMachine:uninitialized
2019-09-04 10:20:42,726 [pool-254-thread-1] INFO  server.RaftServerConfigKeys (ConfUtils.java:logGet(43)) - raft.server.rpc.timeout.min = 5s (custom)
2019-09-04 10:20:42,726 [pool-254-thread-1] INFO  server.RaftServerConfigKeys (ConfUtils.java:logGet(43)) - raft.server.rpc.timeout.max = 5200ms (custom)
2019-09-04 10:20:42,727 [pool-254-thread-1] INFO  server.RaftServerConfigKeys (ConfUtils.java:logGet(43)) - raft.server.rpcslowness.timeout = 120s (custom)
2019-09-04 10:20:42,727 [pool-254-thread-1] INFO  server.RaftServerConfigKeys (ConfUtils.java:logGet(43)) - raft.server.sleep.deviation.threshold = 300 (default)
2019-09-04 10:20:42,727 [pool-254-thread-1] INFO  server.RaftServerConfigKeys (ConfUtils.java:logGet(43)) - raft.server.log.appender.install.snapshot.enabled = false (custom)
2019-09-04 10:20:42,727 [pool-254-thread-1] INFO  impl.RaftServerImpl (ServerState.java:<init>(105)) - 3e474884-35a6-4d0e-9182-1f7ba1b5278d:group-967AA1E2FC07 ConfigurationManager, init=-1: [3e474884-35a6-4d0e-9182-1f7ba1b5278d:192.168.36.67:43324], old=null, confs=<EMPTY_MAP>
2019-09-04 10:20:42,727 [pool-254-thread-1] INFO  server.RaftServerConfigKeys (ConfUtils.java:logGet(43)) - raft.server.storage.dir = [/workdir/hadoop-ozone/integration-test/target/test-dir/MiniOzoneClusterImpl-33f8f071-44a0-4994-988d-ac099cede435/datanode-3/data/ratis] (custom)
2019-09-04 10:20:42,728 [pool-254-thread-1] INFO  storage.RaftStorageDirectory (RaftStorageDirectory.java:analyzeStorage(246)) - The storage directory /workdir/hadoop-ozone/integration-test/target/test-dir/MiniOzoneClusterImpl-33f8f071-44a0-4994-988d-ac099cede435/datanode-3/data/ratis/fa7497f7-765a-4200-93c4-967aa1e2fc07 does not exist. Creating ...
2019-09-04 10:20:42,739 [pool-254-thread-1] INFO  storage.RaftStorageDirectory (RaftStorageDirectory.java:tryLock(328)) - Lock on /workdir/hadoop-ozone/integration-test/target/test-dir/MiniOzoneClusterImpl-33f8f071-44a0-4994-988d-ac099cede435/datanode-3/data/ratis/fa7497f7-765a-4200-93c4-967aa1e2fc07/in_use.lock acquired by nodename 2550@pr-hdds-1569-fjd24-125839774
2019-09-04 10:20:42,753 [pool-254-thread-1] INFO  storage.RaftStorage (RaftStorage.java:format(72)) - Storage directory /workdir/hadoop-ozone/integration-test/target/test-dir/MiniOzoneClusterImpl-33f8f071-44a0-4994-988d-ac099cede435/datanode-3/data/ratis/fa7497f7-765a-4200-93c4-967aa1e2fc07 has been successfully formatted.
2019-09-04 10:20:42,753 [pool-254-thread-1] INFO  ratis.ContainerStateMachine (ContainerStateMachine.java:loadSnapshot(226)) - group-967AA1E2FC07: The snapshot info is null. Setting the last applied indexto:(t:0, i:~)
2019-09-04 10:20:42,753 [pool-254-thread-1] INFO  server.RaftServerConfigKeys (ConfUtils.java:logGet(43)) - raft.server.leader.election.timeout = 120s (custom)
2019-09-04 10:20:42,753 [pool-254-thread-1] INFO  server.RaftServerConfigKeys (ConfUtils.java:logGet(43)) - raft.server.log.use.memory = false (default)
2019-09-04 10:20:42,754 [pool-254-thread-1] INFO  server.RaftServerConfigKeys (ConfUtils.java:logGet(43)) - raft.server.log.purge.gap = 1000000 (custom)
2019-09-04 10:20:42,754 [pool-254-thread-1] INFO  server.RaftServerConfigKeys (ConfUtils.java:logGet(43)) - raft.server.log.appender.buffer.byte-limit = 33554432 (custom)
2019-09-04 10:20:42,754 [pool-254-thread-1] INFO  server.RaftServerConfigKeys (ConfUtils.java:logGet(43)) - raft.server.log.segment.size.max = 1048576 (custom)
2019-09-04 10:20:42,754 [pool-254-thread-1] INFO  server.RaftServerConfigKeys (ConfUtils.java:logGet(43)) - raft.server.log.segment.cache.num.max = 2 (custom)
2019-09-04 10:20:42,754 [pool-254-thread-1] INFO  segmented.SegmentedRaftLogWorker (SegmentedRaftLogWorker.java:<init>(172)) - new 3e474884-35a6-4d0e-9182-1f7ba1b5278d-SegmentedRaftLogWorker:Storage Directory /workdir/hadoop-ozone/integration-test/target/test-dir/MiniOzoneClusterImpl-33f8f071-44a0-4994-988d-ac099cede435/datanode-3/data/ratis/fa7497f7-765a-4200-93c4-967aa1e2fc07 for RaftStorage:Storage Directory /workdir/hadoop-ozone/integration-test/target/test-dir/MiniOzoneClusterImpl-33f8f071-44a0-4994-988d-ac099cede435/datanode-3/data/ratis/fa7497f7-765a-4200-93c4-967aa1e2fc07
2019-09-04 10:20:42,754 [pool-254-thread-1] INFO  server.RaftServerConfigKeys (ConfUtils.java:logGet(43)) - raft.server.log.queue.byte-limit = 2147483647 (custom)
2019-09-04 10:20:42,755 [pool-254-thread-1] INFO  server.RaftServerConfigKeys (ConfUtils.java:logGet(43)) - raft.server.log.queue.element-limit = 1024 (custom)
2019-09-04 10:20:42,755 [pool-254-thread-1] INFO  server.RaftServerConfigKeys (ConfUtils.java:logGet(43)) - raft.server.log.segment.size.max = 1048576 (custom)
2019-09-04 10:20:42,755 [pool-254-thread-1] INFO  server.RaftServerConfigKeys (ConfUtils.java:logGet(43)) - raft.server.log.preallocated.size = 16384 (custom)
2019-09-04 10:20:42,755 [pool-254-thread-1] INFO  server.RaftServerConfigKeys (ConfUtils.java:logGet(43)) - raft.server.log.write.buffer.size = 33554432 (custom)
2019-09-04 10:20:42,755 [pool-254-thread-1] INFO  server.RaftServerConfigKeys (ConfUtils.java:logGet(43)) - raft.server.log.force.sync.num = 128 (default)
2019-09-04 10:20:42,755 [pool-254-thread-1] INFO  server.RaftServerConfigKeys (ConfUtils.java:logGet(43)) - raft.server.log.statemachine.data.sync = true (default)
2019-09-04 10:20:42,756 [pool-254-thread-1] INFO  server.RaftServerConfigKeys (ConfUtils.java:logGet(43)) - raft.server.log.statemachine.data.sync.timeout = 10s (default)
2019-09-04 10:20:42,756 [pool-254-thread-1] INFO  server.RaftServerConfigKeys (ConfUtils.java:logGet(43)) - raft.server.log.statemachine.data.sync.timeout.retry = -1 (default)
2019-09-04 10:20:42,756 [pool-254-thread-1] INFO  server.RaftServerConfigKeys (ConfUtils.java:logGet(43)) - raft.server.log.statemachine.data.caching.enabled = true (custom)
2019-09-04 10:20:42,756 [pool-254-thread-1] INFO  segmented.SegmentedRaftLogWorker (SegmentedRaftLogWorker.java:lambda$new$0(132)) - 3e474884-35a6-4d0e-9182-1f7ba1b5278d-SegmentedRaftLogWorker:Storage Directory /workdir/hadoop-ozone/integration-test/target/test-dir/MiniOzoneClusterImpl-33f8f071-44a0-4994-988d-ac099cede435/datanode-3/data/ratis/fa7497f7-765a-4200-93c4-967aa1e2fc07: flushIndex: setUnconditionally 0 -> -1
2019-09-04 10:20:42,757 [pool-254-thread-1] INFO  server.RaftServerConfigKeys (ConfUtils.java:logGet(43)) - raft.server.snapshot.auto.trigger.enabled = true (custom)
2019-09-04 10:20:42,757 [pool-254-thread-1] INFO  server.RaftServerConfigKeys (ConfUtils.java:logGet(43)) - raft.server.snapshot.auto.trigger.threshold = 10000 (custom)
2019-09-04 10:20:42,757 [pool-254-thread-1] INFO  server.RaftServerConfigKeys (ConfUtils.java:logGet(43)) - raft.server.retrycache.expirytime = 600000ms (custom)
2019-09-04 10:20:42,757 [pool-254-thread-1] INFO  impl.RaftServerImpl (RaftServerImpl.java:start(180)) - 3e474884-35a6-4d0e-9182-1f7ba1b5278d: start group-967AA1E2FC07
2019-09-04 10:20:42,757 [pool-254-thread-1] INFO  impl.RaftServerImpl (RaftServerImpl.java:setRole(171)) - 3e474884-35a6-4d0e-9182-1f7ba1b5278d:group-967AA1E2FC07 changes role from null to FOLLOWER at term 0 for startAsFollower
2019-09-04 10:20:42,758 [pool-254-thread-1] INFO  impl.RoleInfo (RoleInfo.java:updateAndGet(143)) - 3e474884-35a6-4d0e-9182-1f7ba1b5278d: start FollowerState
2019-09-04 10:20:42,758 [pool-254-thread-1] INFO  util.JmxRegister (JmxRegister.java:tryRegister(44)) - Successfully registered JMX Bean with object name Ratis:service=RaftServer,group=group-967AA1E2FC07,id=3e474884-35a6-4d0e-9182-1f7ba1b5278d
2019-09-04 10:20:42,763 [RatisPipelineUtilsThread] INFO  pipeline.PipelineStateManager (PipelineStateManager.java:addPipeline(56)) - Created pipeline Pipeline[ Id: fa7497f7-765a-4200-93c4-967aa1e2fc07, Nodes: 3e474884-35a6-4d0e-9182-1f7ba1b5278d{ip: 192.168.36.67, host: pr-hdds-1569-fjd24-125839774, networkLocation: /default-rack, certSerialId: null}, Type:RATIS, Factor:ONE, State:OPEN]
2019-09-04 10:20:42,923 [IPC Server handler 4 on 42494] INFO  net.NetworkTopology (NetworkTopologyImpl.java:add(110)) - Added a new node: /default-rack/32ef6b17-1e2d-4584-8afd-1c1a8720ce48
2019-09-04 10:20:42,923 [IPC Server handler 4 on 42494] INFO  node.SCMNodeManager (SCMNodeManager.java:register(273)) - Registered Data node : 32ef6b17-1e2d-4584-8afd-1c1a8720ce48{ip: 192.168.36.67, host: pr-hdds-1569-fjd24-125839774, networkLocation: /default-rack, certSerialId: null}
2019-09-04 10:20:42,923 | INFO  | SCMAudit | user=jenkins1000 | ip=192.168.36.67 | op=REGISTER {datanodeDetails=32ef6b17-1e2d-4584-8afd-1c1a8720ce48{ip: 192.168.36.67, host: pr-hdds-1569-fjd24-125839774, networkLocation: /default-rack, certSerialId: null}} | ret=SUCCESS |  
2019-09-04 10:20:42,935 [grpc-default-executor-0] INFO  impl.RaftServerProxy (RaftServerProxy.java:addNew(89)) - 32ef6b17-1e2d-4584-8afd-1c1a8720ce48: addNew group-4956AECC6B37:[32ef6b17-1e2d-4584-8afd-1c1a8720ce48:192.168.36.67:34017] returns group-4956AECC6B37:java.util.concurrent.CompletableFuture@6607281c[Not completed]
2019-09-04 10:20:42,936 [pool-265-thread-1] INFO  impl.RaftServerImpl (RaftServerImpl.java:<init>(93)) - 32ef6b17-1e2d-4584-8afd-1c1a8720ce48: new RaftServerImpl for group-4956AECC6B37:[32ef6b17-1e2d-4584-8afd-1c1a8720ce48:192.168.36.67:34017] with ContainerStateMachine:uninitialized
2019-09-04 10:20:42,937 [pool-265-thread-1] INFO  server.RaftServerConfigKeys (ConfUtils.java:logGet(43)) - raft.server.rpc.timeout.min = 5s (custom)
2019-09-04 10:20:42,937 [pool-265-thread-1] INFO  server.RaftServerConfigKeys (ConfUtils.java:logGet(43)) - raft.server.rpc.timeout.max = 5200ms (custom)
2019-09-04 10:20:42,937 [pool-265-thread-1] INFO  server.RaftServerConfigKeys (ConfUtils.java:logGet(43)) - raft.server.rpcslowness.timeout = 120s (custom)
2019-09-04 10:20:42,937 [pool-265-thread-1] INFO  server.RaftServerConfigKeys (ConfUtils.java:logGet(43)) - raft.server.sleep.deviation.threshold = 300 (default)
2019-09-04 10:20:42,937 [pool-265-thread-1] INFO  server.RaftServerConfigKeys (ConfUtils.java:logGet(43)) - raft.server.log.appender.install.snapshot.enabled = false (custom)
2019-09-04 10:20:42,938 [pool-265-thread-1] INFO  impl.RaftServerImpl (ServerState.java:<init>(105)) - 32ef6b17-1e2d-4584-8afd-1c1a8720ce48:group-4956AECC6B37 ConfigurationManager, init=-1: [32ef6b17-1e2d-4584-8afd-1c1a8720ce48:192.168.36.67:34017], old=null, confs=<EMPTY_MAP>
2019-09-04 10:20:42,938 [pool-265-thread-1] INFO  server.RaftServerConfigKeys (ConfUtils.java:logGet(43)) - raft.server.storage.dir = [/workdir/hadoop-ozone/integration-test/target/test-dir/MiniOzoneClusterImpl-33f8f071-44a0-4994-988d-ac099cede435/datanode-4/data/ratis] (custom)
2019-09-04 10:20:42,938 [pool-265-thread-1] INFO  storage.RaftStorageDirectory (RaftStorageDirectory.java:analyzeStorage(246)) - The storage directory /workdir/hadoop-ozone/integration-test/target/test-dir/MiniOzoneClusterImpl-33f8f071-44a0-4994-988d-ac099cede435/datanode-4/data/ratis/2b22de82-02be-4701-83fd-4956aecc6b37 does not exist. Creating ...
2019-09-04 10:20:42,951 [pool-265-thread-1] INFO  storage.RaftStorageDirectory (RaftStorageDirectory.java:tryLock(328)) - Lock on /workdir/hadoop-ozone/integration-test/target/test-dir/MiniOzoneClusterImpl-33f8f071-44a0-4994-988d-ac099cede435/datanode-4/data/ratis/2b22de82-02be-4701-83fd-4956aecc6b37/in_use.lock acquired by nodename 2550@pr-hdds-1569-fjd24-125839774
2019-09-04 10:20:42,964 [pool-265-thread-1] INFO  storage.RaftStorage (RaftStorage.java:format(72)) - Storage directory /workdir/hadoop-ozone/integration-test/target/test-dir/MiniOzoneClusterImpl-33f8f071-44a0-4994-988d-ac099cede435/datanode-4/data/ratis/2b22de82-02be-4701-83fd-4956aecc6b37 has been successfully formatted.
2019-09-04 10:20:42,964 [pool-265-thread-1] INFO  ratis.ContainerStateMachine (ContainerStateMachine.java:loadSnapshot(226)) - group-4956AECC6B37: The snapshot info is null. Setting the last applied indexto:(t:0, i:~)
2019-09-04 10:20:42,965 [pool-265-thread-1] INFO  server.RaftServerConfigKeys (ConfUtils.java:logGet(43)) - raft.server.leader.election.timeout = 120s (custom)
2019-09-04 10:20:42,965 [pool-265-thread-1] INFO  server.RaftServerConfigKeys (ConfUtils.java:logGet(43)) - raft.server.log.use.memory = false (default)
2019-09-04 10:20:42,965 [pool-265-thread-1] INFO  server.RaftServerConfigKeys (ConfUtils.java:logGet(43)) - raft.server.log.purge.gap = 1000000 (custom)
2019-09-04 10:20:42,965 [pool-265-thread-1] INFO  server.RaftServerConfigKeys (ConfUtils.java:logGet(43)) - raft.server.log.appender.buffer.byte-limit = 33554432 (custom)
2019-09-04 10:20:42,965 [pool-265-thread-1] INFO  server.RaftServerConfigKeys (ConfUtils.java:logGet(43)) - raft.server.log.segment.size.max = 1048576 (custom)
2019-09-04 10:20:42,965 [pool-265-thread-1] INFO  server.RaftServerConfigKeys (ConfUtils.java:logGet(43)) - raft.server.log.segment.cache.num.max = 2 (custom)
2019-09-04 10:20:42,966 [pool-265-thread-1] INFO  segmented.SegmentedRaftLogWorker (SegmentedRaftLogWorker.java:<init>(172)) - new 32ef6b17-1e2d-4584-8afd-1c1a8720ce48-SegmentedRaftLogWorker:Storage Directory /workdir/hadoop-ozone/integration-test/target/test-dir/MiniOzoneClusterImpl-33f8f071-44a0-4994-988d-ac099cede435/datanode-4/data/ratis/2b22de82-02be-4701-83fd-4956aecc6b37 for RaftStorage:Storage Directory /workdir/hadoop-ozone/integration-test/target/test-dir/MiniOzoneClusterImpl-33f8f071-44a0-4994-988d-ac099cede435/datanode-4/data/ratis/2b22de82-02be-4701-83fd-4956aecc6b37
2019-09-04 10:20:42,966 [pool-265-thread-1] INFO  server.RaftServerConfigKeys (ConfUtils.java:logGet(43)) - raft.server.log.queue.byte-limit = 2147483647 (custom)
2019-09-04 10:20:42,966 [pool-265-thread-1] INFO  server.RaftServerConfigKeys (ConfUtils.java:logGet(43)) - raft.server.log.queue.element-limit = 1024 (custom)
2019-09-04 10:20:42,966 [pool-265-thread-1] INFO  server.RaftServerConfigKeys (ConfUtils.java:logGet(43)) - raft.server.log.segment.size.max = 1048576 (custom)
2019-09-04 10:20:42,966 [pool-265-thread-1] INFO  server.RaftServerConfigKeys (ConfUtils.java:logGet(43)) - raft.server.log.preallocated.size = 16384 (custom)
2019-09-04 10:20:42,966 [pool-265-thread-1] INFO  server.RaftServerConfigKeys (ConfUtils.java:logGet(43)) - raft.server.log.write.buffer.size = 33554432 (custom)
2019-09-04 10:20:42,967 [pool-265-thread-1] INFO  server.RaftServerConfigKeys (ConfUtils.java:logGet(43)) - raft.server.log.force.sync.num = 128 (default)
2019-09-04 10:20:42,967 [pool-265-thread-1] INFO  server.RaftServerConfigKeys (ConfUtils.java:logGet(43)) - raft.server.log.statemachine.data.sync = true (default)
2019-09-04 10:20:42,967 [pool-265-thread-1] INFO  server.RaftServerConfigKeys (ConfUtils.java:logGet(43)) - raft.server.log.statemachine.data.sync.timeout = 10s (default)
2019-09-04 10:20:42,967 [pool-265-thread-1] INFO  server.RaftServerConfigKeys (ConfUtils.java:logGet(43)) - raft.server.log.statemachine.data.sync.timeout.retry = -1 (default)
2019-09-04 10:20:42,967 [pool-265-thread-1] INFO  server.RaftServerConfigKeys (ConfUtils.java:logGet(43)) - raft.server.log.statemachine.data.caching.enabled = true (custom)
2019-09-04 10:20:42,968 [pool-265-thread-1] INFO  segmented.SegmentedRaftLogWorker (SegmentedRaftLogWorker.java:lambda$new$0(132)) - 32ef6b17-1e2d-4584-8afd-1c1a8720ce48-SegmentedRaftLogWorker:Storage Directory /workdir/hadoop-ozone/integration-test/target/test-dir/MiniOzoneClusterImpl-33f8f071-44a0-4994-988d-ac099cede435/datanode-4/data/ratis/2b22de82-02be-4701-83fd-4956aecc6b37: flushIndex: setUnconditionally 0 -> -1
2019-09-04 10:20:42,968 [pool-265-thread-1] INFO  server.RaftServerConfigKeys (ConfUtils.java:logGet(43)) - raft.server.snapshot.auto.trigger.enabled = true (custom)
2019-09-04 10:20:42,968 [pool-265-thread-1] INFO  server.RaftServerConfigKeys (ConfUtils.java:logGet(43)) - raft.server.snapshot.auto.trigger.threshold = 10000 (custom)
2019-09-04 10:20:42,968 [pool-265-thread-1] INFO  server.RaftServerConfigKeys (ConfUtils.java:logGet(43)) - raft.server.retrycache.expirytime = 600000ms (custom)
2019-09-04 10:20:42,969 [pool-265-thread-1] INFO  impl.RaftServerImpl (RaftServerImpl.java:start(180)) - 32ef6b17-1e2d-4584-8afd-1c1a8720ce48: start group-4956AECC6B37
2019-09-04 10:20:42,969 [pool-265-thread-1] INFO  impl.RaftServerImpl (RaftServerImpl.java:setRole(171)) - 32ef6b17-1e2d-4584-8afd-1c1a8720ce48:group-4956AECC6B37 changes role from null to FOLLOWER at term 0 for startAsFollower
2019-09-04 10:20:42,969 [pool-265-thread-1] INFO  impl.RoleInfo (RoleInfo.java:updateAndGet(143)) - 32ef6b17-1e2d-4584-8afd-1c1a8720ce48: start FollowerState
2019-09-04 10:20:42,969 [pool-265-thread-1] INFO  util.JmxRegister (JmxRegister.java:tryRegister(44)) - Successfully registered JMX Bean with object name Ratis:service=RaftServer,group=group-4956AECC6B37,id=32ef6b17-1e2d-4584-8afd-1c1a8720ce48
2019-09-04 10:20:42,975 [RatisPipelineUtilsThread] INFO  pipeline.PipelineStateManager (PipelineStateManager.java:addPipeline(56)) - Created pipeline Pipeline[ Id: 2b22de82-02be-4701-83fd-4956aecc6b37, Nodes: 32ef6b17-1e2d-4584-8afd-1c1a8720ce48{ip: 192.168.36.67, host: pr-hdds-1569-fjd24-125839774, networkLocation: /default-rack, certSerialId: null}, Type:RATIS, Factor:ONE, State:OPEN]
2019-09-04 10:20:43,366 [IPC Server handler 2 on 42494] INFO  net.NetworkTopology (NetworkTopologyImpl.java:add(110)) - Added a new node: /default-rack/cee6fd1a-0056-495e-9ac0-062657fea8ec
2019-09-04 10:20:43,367 [IPC Server handler 2 on 42494] INFO  node.SCMNodeManager (SCMNodeManager.java:register(273)) - Registered Data node : cee6fd1a-0056-495e-9ac0-062657fea8ec{ip: 192.168.36.67, host: pr-hdds-1569-fjd24-125839774, networkLocation: /default-rack, certSerialId: null}
2019-09-04 10:20:43,367 | INFO  | SCMAudit | user=jenkins1000 | ip=192.168.36.67 | op=REGISTER {datanodeDetails=cee6fd1a-0056-495e-9ac0-062657fea8ec{ip: 192.168.36.67, host: pr-hdds-1569-fjd24-125839774, networkLocation: /default-rack, certSerialId: null}} | ret=SUCCESS |  
2019-09-04 10:20:43,397 [grpc-default-executor-0] INFO  impl.RaftServerProxy (RaftServerProxy.java:addNew(89)) - cee6fd1a-0056-495e-9ac0-062657fea8ec: addNew group-189C0BC6A5CF:[cee6fd1a-0056-495e-9ac0-062657fea8ec:192.168.36.67:46421] returns group-189C0BC6A5CF:java.util.concurrent.CompletableFuture@6f5d1679[Not completed]
2019-09-04 10:20:43,399 [pool-276-thread-1] INFO  impl.RaftServerImpl (RaftServerImpl.java:<init>(93)) - cee6fd1a-0056-495e-9ac0-062657fea8ec: new RaftServerImpl for group-189C0BC6A5CF:[cee6fd1a-0056-495e-9ac0-062657fea8ec:192.168.36.67:46421] with ContainerStateMachine:uninitialized
2019-09-04 10:20:43,399 [pool-276-thread-1] INFO  server.RaftServerConfigKeys (ConfUtils.java:logGet(43)) - raft.server.rpc.timeout.min = 5s (custom)
2019-09-04 10:20:43,399 [pool-276-thread-1] INFO  server.RaftServerConfigKeys (ConfUtils.java:logGet(43)) - raft.server.rpc.timeout.max = 5200ms (custom)
2019-09-04 10:20:43,399 [pool-276-thread-1] INFO  server.RaftServerConfigKeys (ConfUtils.java:logGet(43)) - raft.server.rpcslowness.timeout = 120s (custom)
2019-09-04 10:20:43,399 [pool-276-thread-1] INFO  server.RaftServerConfigKeys (ConfUtils.java:logGet(43)) - raft.server.sleep.deviation.threshold = 300 (default)
2019-09-04 10:20:43,399 [pool-276-thread-1] INFO  server.RaftServerConfigKeys (ConfUtils.java:logGet(43)) - raft.server.log.appender.install.snapshot.enabled = false (custom)
2019-09-04 10:20:43,399 [pool-276-thread-1] INFO  impl.RaftServerImpl (ServerState.java:<init>(105)) - cee6fd1a-0056-495e-9ac0-062657fea8ec:group-189C0BC6A5CF ConfigurationManager, init=-1: [cee6fd1a-0056-495e-9ac0-062657fea8ec:192.168.36.67:46421], old=null, confs=<EMPTY_MAP>
2019-09-04 10:20:43,400 [pool-276-thread-1] INFO  server.RaftServerConfigKeys (ConfUtils.java:logGet(43)) - raft.server.storage.dir = [/workdir/hadoop-ozone/integration-test/target/test-dir/MiniOzoneClusterImpl-33f8f071-44a0-4994-988d-ac099cede435/datanode-5/data/ratis] (custom)
2019-09-04 10:20:43,400 [pool-276-thread-1] INFO  storage.RaftStorageDirectory (RaftStorageDirectory.java:analyzeStorage(246)) - The storage directory /workdir/hadoop-ozone/integration-test/target/test-dir/MiniOzoneClusterImpl-33f8f071-44a0-4994-988d-ac099cede435/datanode-5/data/ratis/83cce83e-a70b-49b6-a451-189c0bc6a5cf does not exist. Creating ...
2019-09-04 10:20:43,413 [pool-276-thread-1] INFO  storage.RaftStorageDirectory (RaftStorageDirectory.java:tryLock(328)) - Lock on /workdir/hadoop-ozone/integration-test/target/test-dir/MiniOzoneClusterImpl-33f8f071-44a0-4994-988d-ac099cede435/datanode-5/data/ratis/83cce83e-a70b-49b6-a451-189c0bc6a5cf/in_use.lock acquired by nodename 2550@pr-hdds-1569-fjd24-125839774
2019-09-04 10:20:43,425 [pool-276-thread-1] INFO  storage.RaftStorage (RaftStorage.java:format(72)) - Storage directory /workdir/hadoop-ozone/integration-test/target/test-dir/MiniOzoneClusterImpl-33f8f071-44a0-4994-988d-ac099cede435/datanode-5/data/ratis/83cce83e-a70b-49b6-a451-189c0bc6a5cf has been successfully formatted.
2019-09-04 10:20:43,426 [pool-276-thread-1] INFO  ratis.ContainerStateMachine (ContainerStateMachine.java:loadSnapshot(226)) - group-189C0BC6A5CF: The snapshot info is null. Setting the last applied indexto:(t:0, i:~)
2019-09-04 10:20:43,426 [pool-276-thread-1] INFO  server.RaftServerConfigKeys (ConfUtils.java:logGet(43)) - raft.server.leader.election.timeout = 120s (custom)
2019-09-04 10:20:43,426 [pool-276-thread-1] INFO  server.RaftServerConfigKeys (ConfUtils.java:logGet(43)) - raft.server.log.use.memory = false (default)
2019-09-04 10:20:43,426 [pool-276-thread-1] INFO  server.RaftServerConfigKeys (ConfUtils.java:logGet(43)) - raft.server.log.purge.gap = 1000000 (custom)
2019-09-04 10:20:43,426 [pool-276-thread-1] INFO  server.RaftServerConfigKeys (ConfUtils.java:logGet(43)) - raft.server.log.appender.buffer.byte-limit = 33554432 (custom)
2019-09-04 10:20:43,426 [pool-276-thread-1] INFO  server.RaftServerConfigKeys (ConfUtils.java:logGet(43)) - raft.server.log.segment.size.max = 1048576 (custom)
2019-09-04 10:20:43,426 [pool-276-thread-1] INFO  server.RaftServerConfigKeys (ConfUtils.java:logGet(43)) - raft.server.log.segment.cache.num.max = 2 (custom)
2019-09-04 10:20:43,426 [pool-276-thread-1] INFO  segmented.SegmentedRaftLogWorker (SegmentedRaftLogWorker.java:<init>(172)) - new cee6fd1a-0056-495e-9ac0-062657fea8ec-SegmentedRaftLogWorker:Storage Directory /workdir/hadoop-ozone/integration-test/target/test-dir/MiniOzoneClusterImpl-33f8f071-44a0-4994-988d-ac099cede435/datanode-5/data/ratis/83cce83e-a70b-49b6-a451-189c0bc6a5cf for RaftStorage:Storage Directory /workdir/hadoop-ozone/integration-test/target/test-dir/MiniOzoneClusterImpl-33f8f071-44a0-4994-988d-ac099cede435/datanode-5/data/ratis/83cce83e-a70b-49b6-a451-189c0bc6a5cf
2019-09-04 10:20:43,426 [pool-276-thread-1] INFO  server.RaftServerConfigKeys (ConfUtils.java:logGet(43)) - raft.server.log.queue.byte-limit = 2147483647 (custom)
2019-09-04 10:20:43,427 [pool-276-thread-1] INFO  server.RaftServerConfigKeys (ConfUtils.java:logGet(43)) - raft.server.log.queue.element-limit = 1024 (custom)
2019-09-04 10:20:43,427 [pool-276-thread-1] INFO  server.RaftServerConfigKeys (ConfUtils.java:logGet(43)) - raft.server.log.segment.size.max = 1048576 (custom)
2019-09-04 10:20:43,427 [pool-276-thread-1] INFO  server.RaftServerConfigKeys (ConfUtils.java:logGet(43)) - raft.server.log.preallocated.size = 16384 (custom)
2019-09-04 10:20:43,427 [pool-276-thread-1] INFO  server.RaftServerConfigKeys (ConfUtils.java:logGet(43)) - raft.server.log.write.buffer.size = 33554432 (custom)
2019-09-04 10:20:43,427 [pool-276-thread-1] INFO  server.RaftServerConfigKeys (ConfUtils.java:logGet(43)) - raft.server.log.force.sync.num = 128 (default)
2019-09-04 10:20:43,427 [pool-276-thread-1] INFO  server.RaftServerConfigKeys (ConfUtils.java:logGet(43)) - raft.server.log.statemachine.data.sync = true (default)
2019-09-04 10:20:43,427 [pool-276-thread-1] INFO  server.RaftServerConfigKeys (ConfUtils.java:logGet(43)) - raft.server.log.statemachine.data.sync.timeout = 10s (default)
2019-09-04 10:20:43,427 [pool-276-thread-1] INFO  server.RaftServerConfigKeys (ConfUtils.java:logGet(43)) - raft.server.log.statemachine.data.sync.timeout.retry = -1 (default)
2019-09-04 10:20:43,428 [pool-276-thread-1] INFO  server.RaftServerConfigKeys (ConfUtils.java:logGet(43)) - raft.server.log.statemachine.data.caching.enabled = true (custom)
2019-09-04 10:20:43,428 [pool-276-thread-1] INFO  segmented.SegmentedRaftLogWorker (SegmentedRaftLogWorker.java:lambda$new$0(132)) - cee6fd1a-0056-495e-9ac0-062657fea8ec-SegmentedRaftLogWorker:Storage Directory /workdir/hadoop-ozone/integration-test/target/test-dir/MiniOzoneClusterImpl-33f8f071-44a0-4994-988d-ac099cede435/datanode-5/data/ratis/83cce83e-a70b-49b6-a451-189c0bc6a5cf: flushIndex: setUnconditionally 0 -> -1
2019-09-04 10:20:43,428 [pool-276-thread-1] INFO  server.RaftServerConfigKeys (ConfUtils.java:logGet(43)) - raft.server.snapshot.auto.trigger.enabled = true (custom)
2019-09-04 10:20:43,428 [pool-276-thread-1] INFO  server.RaftServerConfigKeys (ConfUtils.java:logGet(43)) - raft.server.snapshot.auto.trigger.threshold = 10000 (custom)
2019-09-04 10:20:43,428 [pool-276-thread-1] INFO  server.RaftServerConfigKeys (ConfUtils.java:logGet(43)) - raft.server.retrycache.expirytime = 600000ms (custom)
2019-09-04 10:20:43,428 [pool-276-thread-1] INFO  impl.RaftServerImpl (RaftServerImpl.java:start(180)) - cee6fd1a-0056-495e-9ac0-062657fea8ec: start group-189C0BC6A5CF
2019-09-04 10:20:43,429 [pool-276-thread-1] INFO  impl.RaftServerImpl (RaftServerImpl.java:setRole(171)) - cee6fd1a-0056-495e-9ac0-062657fea8ec:group-189C0BC6A5CF changes role from null to FOLLOWER at term 0 for startAsFollower
2019-09-04 10:20:43,429 [pool-276-thread-1] INFO  impl.RoleInfo (RoleInfo.java:updateAndGet(143)) - cee6fd1a-0056-495e-9ac0-062657fea8ec: start FollowerState
2019-09-04 10:20:43,429 [pool-276-thread-1] INFO  util.JmxRegister (JmxRegister.java:tryRegister(44)) - Successfully registered JMX Bean with object name Ratis:service=RaftServer,group=group-189C0BC6A5CF,id=cee6fd1a-0056-495e-9ac0-062657fea8ec
2019-09-04 10:20:43,436 [RatisPipelineUtilsThread] INFO  pipeline.PipelineStateManager (PipelineStateManager.java:addPipeline(56)) - Created pipeline Pipeline[ Id: 83cce83e-a70b-49b6-a451-189c0bc6a5cf, Nodes: cee6fd1a-0056-495e-9ac0-062657fea8ec{ip: 192.168.36.67, host: pr-hdds-1569-fjd24-125839774, networkLocation: /default-rack, certSerialId: null}, Type:RATIS, Factor:ONE, State:OPEN]
2019-09-04 10:20:43,460 [grpc-default-executor-0] INFO  impl.RaftServerProxy (RaftServerProxy.java:addNew(89)) - 3e474884-35a6-4d0e-9182-1f7ba1b5278d: addNew group-A062E2DAD22B:[cee6fd1a-0056-495e-9ac0-062657fea8ec:192.168.36.67:46421, 3e474884-35a6-4d0e-9182-1f7ba1b5278d:192.168.36.67:43324, 32ef6b17-1e2d-4584-8afd-1c1a8720ce48:192.168.36.67:34017] returns group-A062E2DAD22B:java.util.concurrent.CompletableFuture@3ef50fa6[Not completed]
2019-09-04 10:20:43,465 [grpc-default-executor-2] INFO  impl.RaftServerProxy (RaftServerProxy.java:addNew(89)) - cee6fd1a-0056-495e-9ac0-062657fea8ec: addNew group-A062E2DAD22B:[cee6fd1a-0056-495e-9ac0-062657fea8ec:192.168.36.67:46421, 3e474884-35a6-4d0e-9182-1f7ba1b5278d:192.168.36.67:43324, 32ef6b17-1e2d-4584-8afd-1c1a8720ce48:192.168.36.67:34017] returns group-A062E2DAD22B:java.util.concurrent.CompletableFuture@450cccf2[Not completed]
2019-09-04 10:20:43,465 [grpc-default-executor-1] INFO  impl.RaftServerProxy (RaftServerProxy.java:addNew(89)) - 32ef6b17-1e2d-4584-8afd-1c1a8720ce48: addNew group-A062E2DAD22B:[cee6fd1a-0056-495e-9ac0-062657fea8ec:192.168.36.67:46421, 3e474884-35a6-4d0e-9182-1f7ba1b5278d:192.168.36.67:43324, 32ef6b17-1e2d-4584-8afd-1c1a8720ce48:192.168.36.67:34017] returns group-A062E2DAD22B:java.util.concurrent.CompletableFuture@1888473a[Not completed]
2019-09-04 10:20:43,466 [pool-265-thread-1] INFO  impl.RaftServerImpl (RaftServerImpl.java:<init>(93)) - 32ef6b17-1e2d-4584-8afd-1c1a8720ce48: new RaftServerImpl for group-A062E2DAD22B:[cee6fd1a-0056-495e-9ac0-062657fea8ec:192.168.36.67:46421, 3e474884-35a6-4d0e-9182-1f7ba1b5278d:192.168.36.67:43324, 32ef6b17-1e2d-4584-8afd-1c1a8720ce48:192.168.36.67:34017] with ContainerStateMachine:uninitialized
2019-09-04 10:20:43,466 [pool-265-thread-1] INFO  server.RaftServerConfigKeys (ConfUtils.java:logGet(43)) - raft.server.rpc.timeout.min = 5s (custom)
2019-09-04 10:20:43,466 [pool-265-thread-1] INFO  server.RaftServerConfigKeys (ConfUtils.java:logGet(43)) - raft.server.rpc.timeout.max = 5200ms (custom)
2019-09-04 10:20:43,466 [pool-265-thread-1] INFO  server.RaftServerConfigKeys (ConfUtils.java:logGet(43)) - raft.server.rpcslowness.timeout = 120s (custom)
2019-09-04 10:20:43,466 [pool-265-thread-1] INFO  server.RaftServerConfigKeys (ConfUtils.java:logGet(43)) - raft.server.sleep.deviation.threshold = 300 (default)
2019-09-04 10:20:43,466 [pool-265-thread-1] INFO  server.RaftServerConfigKeys (ConfUtils.java:logGet(43)) - raft.server.log.appender.install.snapshot.enabled = false (custom)
2019-09-04 10:20:43,466 [pool-254-thread-1] INFO  impl.RaftServerImpl (RaftServerImpl.java:<init>(93)) - 3e474884-35a6-4d0e-9182-1f7ba1b5278d: new RaftServerImpl for group-A062E2DAD22B:[cee6fd1a-0056-495e-9ac0-062657fea8ec:192.168.36.67:46421, 3e474884-35a6-4d0e-9182-1f7ba1b5278d:192.168.36.67:43324, 32ef6b17-1e2d-4584-8afd-1c1a8720ce48:192.168.36.67:34017] with ContainerStateMachine:uninitialized
2019-09-04 10:20:43,467 [pool-265-thread-1] INFO  impl.RaftServerImpl (ServerState.java:<init>(105)) - 32ef6b17-1e2d-4584-8afd-1c1a8720ce48:group-A062E2DAD22B ConfigurationManager, init=-1: [cee6fd1a-0056-495e-9ac0-062657fea8ec:192.168.36.67:46421, 3e474884-35a6-4d0e-9182-1f7ba1b5278d:192.168.36.67:43324, 32ef6b17-1e2d-4584-8afd-1c1a8720ce48:192.168.36.67:34017], old=null, confs=<EMPTY_MAP>
2019-09-04 10:20:43,467 [pool-254-thread-1] INFO  server.RaftServerConfigKeys (ConfUtils.java:logGet(43)) - raft.server.rpc.timeout.min = 5s (custom)
2019-09-04 10:20:43,467 [pool-276-thread-1] INFO  impl.RaftServerImpl (RaftServerImpl.java:<init>(93)) - cee6fd1a-0056-495e-9ac0-062657fea8ec: new RaftServerImpl for group-A062E2DAD22B:[cee6fd1a-0056-495e-9ac0-062657fea8ec:192.168.36.67:46421, 3e474884-35a6-4d0e-9182-1f7ba1b5278d:192.168.36.67:43324, 32ef6b17-1e2d-4584-8afd-1c1a8720ce48:192.168.36.67:34017] with ContainerStateMachine:uninitialized
2019-09-04 10:20:43,467 [pool-254-thread-1] INFO  server.RaftServerConfigKeys (ConfUtils.java:logGet(43)) - raft.server.rpc.timeout.max = 5200ms (custom)
2019-09-04 10:20:43,467 [pool-265-thread-1] INFO  server.RaftServerConfigKeys (ConfUtils.java:logGet(43)) - raft.server.storage.dir = [/workdir/hadoop-ozone/integration-test/target/test-dir/MiniOzoneClusterImpl-33f8f071-44a0-4994-988d-ac099cede435/datanode-4/data/ratis] (custom)
2019-09-04 10:20:43,467 [pool-254-thread-1] INFO  server.RaftServerConfigKeys (ConfUtils.java:logGet(43)) - raft.server.rpcslowness.timeout = 120s (custom)
2019-09-04 10:20:43,467 [pool-254-thread-1] INFO  server.RaftServerConfigKeys (ConfUtils.java:logGet(43)) - raft.server.sleep.deviation.threshold = 300 (default)
2019-09-04 10:20:43,467 [pool-276-thread-1] INFO  server.RaftServerConfigKeys (ConfUtils.java:logGet(43)) - raft.server.rpc.timeout.min = 5s (custom)
2019-09-04 10:20:43,468 [pool-254-thread-1] INFO  server.RaftServerConfigKeys (ConfUtils.java:logGet(43)) - raft.server.log.appender.install.snapshot.enabled = false (custom)
2019-09-04 10:20:43,467 [pool-265-thread-1] INFO  storage.RaftStorageDirectory (RaftStorageDirectory.java:analyzeStorage(246)) - The storage directory /workdir/hadoop-ozone/integration-test/target/test-dir/MiniOzoneClusterImpl-33f8f071-44a0-4994-988d-ac099cede435/datanode-4/data/ratis/16ea8032-0411-4db9-ba57-a062e2dad22b does not exist. Creating ...
2019-09-04 10:20:43,468 [pool-254-thread-1] INFO  impl.RaftServerImpl (ServerState.java:<init>(105)) - 3e474884-35a6-4d0e-9182-1f7ba1b5278d:group-A062E2DAD22B ConfigurationManager, init=-1: [cee6fd1a-0056-495e-9ac0-062657fea8ec:192.168.36.67:46421, 3e474884-35a6-4d0e-9182-1f7ba1b5278d:192.168.36.67:43324, 32ef6b17-1e2d-4584-8afd-1c1a8720ce48:192.168.36.67:34017], old=null, confs=<EMPTY_MAP>
2019-09-04 10:20:43,468 [pool-276-thread-1] INFO  server.RaftServerConfigKeys (ConfUtils.java:logGet(43)) - raft.server.rpc.timeout.max = 5200ms (custom)
2019-09-04 10:20:43,468 [pool-254-thread-1] INFO  server.RaftServerConfigKeys (ConfUtils.java:logGet(43)) - raft.server.storage.dir = [/workdir/hadoop-ozone/integration-test/target/test-dir/MiniOzoneClusterImpl-33f8f071-44a0-4994-988d-ac099cede435/datanode-3/data/ratis] (custom)
2019-09-04 10:20:43,468 [pool-276-thread-1] INFO  server.RaftServerConfigKeys (ConfUtils.java:logGet(43)) - raft.server.rpcslowness.timeout = 120s (custom)
2019-09-04 10:20:43,468 [pool-276-thread-1] INFO  server.RaftServerConfigKeys (ConfUtils.java:logGet(43)) - raft.server.sleep.deviation.threshold = 300 (default)
2019-09-04 10:20:43,468 [pool-276-thread-1] INFO  server.RaftServerConfigKeys (ConfUtils.java:logGet(43)) - raft.server.log.appender.install.snapshot.enabled = false (custom)
2019-09-04 10:20:43,469 [pool-254-thread-1] INFO  storage.RaftStorageDirectory (RaftStorageDirectory.java:analyzeStorage(246)) - The storage directory /workdir/hadoop-ozone/integration-test/target/test-dir/MiniOzoneClusterImpl-33f8f071-44a0-4994-988d-ac099cede435/datanode-3/data/ratis/16ea8032-0411-4db9-ba57-a062e2dad22b does not exist. Creating ...
2019-09-04 10:20:43,469 [pool-276-thread-1] INFO  impl.RaftServerImpl (ServerState.java:<init>(105)) - cee6fd1a-0056-495e-9ac0-062657fea8ec:group-A062E2DAD22B ConfigurationManager, init=-1: [cee6fd1a-0056-495e-9ac0-062657fea8ec:192.168.36.67:46421, 3e474884-35a6-4d0e-9182-1f7ba1b5278d:192.168.36.67:43324, 32ef6b17-1e2d-4584-8afd-1c1a8720ce48:192.168.36.67:34017], old=null, confs=<EMPTY_MAP>
2019-09-04 10:20:43,469 [pool-276-thread-1] INFO  server.RaftServerConfigKeys (ConfUtils.java:logGet(43)) - raft.server.storage.dir = [/workdir/hadoop-ozone/integration-test/target/test-dir/MiniOzoneClusterImpl-33f8f071-44a0-4994-988d-ac099cede435/datanode-5/data/ratis] (custom)
2019-09-04 10:20:43,469 [pool-276-thread-1] INFO  storage.RaftStorageDirectory (RaftStorageDirectory.java:analyzeStorage(246)) - The storage directory /workdir/hadoop-ozone/integration-test/target/test-dir/MiniOzoneClusterImpl-33f8f071-44a0-4994-988d-ac099cede435/datanode-5/data/ratis/16ea8032-0411-4db9-ba57-a062e2dad22b does not exist. Creating ...
2019-09-04 10:20:43,481 [pool-276-thread-1] INFO  storage.RaftStorageDirectory (RaftStorageDirectory.java:tryLock(328)) - Lock on /workdir/hadoop-ozone/integration-test/target/test-dir/MiniOzoneClusterImpl-33f8f071-44a0-4994-988d-ac099cede435/datanode-5/data/ratis/16ea8032-0411-4db9-ba57-a062e2dad22b/in_use.lock acquired by nodename 2550@pr-hdds-1569-fjd24-125839774
2019-09-04 10:20:43,481 [pool-265-thread-1] INFO  storage.RaftStorageDirectory (RaftStorageDirectory.java:tryLock(328)) - Lock on /workdir/hadoop-ozone/integration-test/target/test-dir/MiniOzoneClusterImpl-33f8f071-44a0-4994-988d-ac099cede435/datanode-4/data/ratis/16ea8032-0411-4db9-ba57-a062e2dad22b/in_use.lock acquired by nodename 2550@pr-hdds-1569-fjd24-125839774
2019-09-04 10:20:43,481 [pool-254-thread-1] INFO  storage.RaftStorageDirectory (RaftStorageDirectory.java:tryLock(328)) - Lock on /workdir/hadoop-ozone/integration-test/target/test-dir/MiniOzoneClusterImpl-33f8f071-44a0-4994-988d-ac099cede435/datanode-3/data/ratis/16ea8032-0411-4db9-ba57-a062e2dad22b/in_use.lock acquired by nodename 2550@pr-hdds-1569-fjd24-125839774
2019-09-04 10:20:43,506 [pool-276-thread-1] INFO  storage.RaftStorage (RaftStorage.java:format(72)) - Storage directory /workdir/hadoop-ozone/integration-test/target/test-dir/MiniOzoneClusterImpl-33f8f071-44a0-4994-988d-ac099cede435/datanode-5/data/ratis/16ea8032-0411-4db9-ba57-a062e2dad22b has been successfully formatted.
2019-09-04 10:20:43,506 [pool-254-thread-1] INFO  storage.RaftStorage (RaftStorage.java:format(72)) - Storage directory /workdir/hadoop-ozone/integration-test/target/test-dir/MiniOzoneClusterImpl-33f8f071-44a0-4994-988d-ac099cede435/datanode-3/data/ratis/16ea8032-0411-4db9-ba57-a062e2dad22b has been successfully formatted.
2019-09-04 10:20:43,506 [pool-265-thread-1] INFO  storage.RaftStorage (RaftStorage.java:format(72)) - Storage directory /workdir/hadoop-ozone/integration-test/target/test-dir/MiniOzoneClusterImpl-33f8f071-44a0-4994-988d-ac099cede435/datanode-4/data/ratis/16ea8032-0411-4db9-ba57-a062e2dad22b has been successfully formatted.
2019-09-04 10:20:43,506 [pool-254-thread-1] INFO  ratis.ContainerStateMachine (ContainerStateMachine.java:loadSnapshot(226)) - group-A062E2DAD22B: The snapshot info is null. Setting the last applied indexto:(t:0, i:~)
2019-09-04 10:20:43,506 [pool-276-thread-1] INFO  ratis.ContainerStateMachine (ContainerStateMachine.java:loadSnapshot(226)) - group-A062E2DAD22B: The snapshot info is null. Setting the last applied indexto:(t:0, i:~)
2019-09-04 10:20:43,506 [pool-254-thread-1] INFO  server.RaftServerConfigKeys (ConfUtils.java:logGet(43)) - raft.server.leader.election.timeout = 120s (custom)
2019-09-04 10:20:43,506 [pool-265-thread-1] INFO  ratis.ContainerStateMachine (ContainerStateMachine.java:loadSnapshot(226)) - group-A062E2DAD22B: The snapshot info is null. Setting the last applied indexto:(t:0, i:~)
2019-09-04 10:20:43,507 [pool-254-thread-1] INFO  server.RaftServerConfigKeys (ConfUtils.java:logGet(43)) - raft.server.log.use.memory = false (default)
2019-09-04 10:20:43,506 [pool-276-thread-1] INFO  server.RaftServerConfigKeys (ConfUtils.java:logGet(43)) - raft.server.leader.election.timeout = 120s (custom)
2019-09-04 10:20:43,507 [pool-254-thread-1] INFO  server.RaftServerConfigKeys (ConfUtils.java:logGet(43)) - raft.server.log.purge.gap = 1000000 (custom)
2019-09-04 10:20:43,507 [pool-265-thread-1] INFO  server.RaftServerConfigKeys (ConfUtils.java:logGet(43)) - raft.server.leader.election.timeout = 120s (custom)
2019-09-04 10:20:43,507 [pool-254-thread-1] INFO  server.RaftServerConfigKeys (ConfUtils.java:logGet(43)) - raft.server.log.appender.buffer.byte-limit = 33554432 (custom)
2019-09-04 10:20:43,507 [pool-276-thread-1] INFO  server.RaftServerConfigKeys (ConfUtils.java:logGet(43)) - raft.server.log.use.memory = false (default)
2019-09-04 10:20:43,507 [pool-254-thread-1] INFO  server.RaftServerConfigKeys (ConfUtils.java:logGet(43)) - raft.server.log.segment.size.max = 1048576 (custom)
2019-09-04 10:20:43,507 [pool-265-thread-1] INFO  server.RaftServerConfigKeys (ConfUtils.java:logGet(43)) - raft.server.log.use.memory = false (default)
2019-09-04 10:20:43,508 [pool-254-thread-1] INFO  server.RaftServerConfigKeys (ConfUtils.java:logGet(43)) - raft.server.log.segment.cache.num.max = 2 (custom)
2019-09-04 10:20:43,507 [pool-276-thread-1] INFO  server.RaftServerConfigKeys (ConfUtils.java:logGet(43)) - raft.server.log.purge.gap = 1000000 (custom)
2019-09-04 10:20:43,508 [pool-254-thread-1] INFO  segmented.SegmentedRaftLogWorker (SegmentedRaftLogWorker.java:<init>(172)) - new 3e474884-35a6-4d0e-9182-1f7ba1b5278d-SegmentedRaftLogWorker:Storage Directory /workdir/hadoop-ozone/integration-test/target/test-dir/MiniOzoneClusterImpl-33f8f071-44a0-4994-988d-ac099cede435/datanode-3/data/ratis/16ea8032-0411-4db9-ba57-a062e2dad22b for RaftStorage:Storage Directory /workdir/hadoop-ozone/integration-test/target/test-dir/MiniOzoneClusterImpl-33f8f071-44a0-4994-988d-ac099cede435/datanode-3/data/ratis/16ea8032-0411-4db9-ba57-a062e2dad22b
2019-09-04 10:20:43,508 [pool-265-thread-1] INFO  server.RaftServerConfigKeys (ConfUtils.java:logGet(43)) - raft.server.log.purge.gap = 1000000 (custom)
2019-09-04 10:20:43,508 [pool-254-thread-1] INFO  server.RaftServerConfigKeys (ConfUtils.java:logGet(43)) - raft.server.log.queue.byte-limit = 2147483647 (custom)
2019-09-04 10:20:43,508 [pool-276-thread-1] INFO  server.RaftServerConfigKeys (ConfUtils.java:logGet(43)) - raft.server.log.appender.buffer.byte-limit = 33554432 (custom)
2019-09-04 10:20:43,508 [pool-254-thread-1] INFO  server.RaftServerConfigKeys (ConfUtils.java:logGet(43)) - raft.server.log.queue.element-limit = 1024 (custom)
2019-09-04 10:20:43,508 [pool-265-thread-1] INFO  server.RaftServerConfigKeys (ConfUtils.java:logGet(43)) - raft.server.log.appender.buffer.byte-limit = 33554432 (custom)
2019-09-04 10:20:43,509 [pool-254-thread-1] INFO  server.RaftServerConfigKeys (ConfUtils.java:logGet(43)) - raft.server.log.segment.size.max = 1048576 (custom)
2019-09-04 10:20:43,508 [pool-276-thread-1] INFO  server.RaftServerConfigKeys (ConfUtils.java:logGet(43)) - raft.server.log.segment.size.max = 1048576 (custom)
2019-09-04 10:20:43,509 [pool-254-thread-1] INFO  server.RaftServerConfigKeys (ConfUtils.java:logGet(43)) - raft.server.log.preallocated.size = 16384 (custom)
2019-09-04 10:20:43,509 [pool-254-thread-1] INFO  server.RaftServerConfigKeys (ConfUtils.java:logGet(43)) - raft.server.log.write.buffer.size = 33554432 (custom)
2019-09-04 10:20:43,509 [pool-265-thread-1] INFO  server.RaftServerConfigKeys (ConfUtils.java:logGet(43)) - raft.server.log.segment.size.max = 1048576 (custom)
2019-09-04 10:20:43,509 [pool-254-thread-1] INFO  server.RaftServerConfigKeys (ConfUtils.java:logGet(43)) - raft.server.log.force.sync.num = 128 (default)
2019-09-04 10:20:43,509 [pool-276-thread-1] INFO  server.RaftServerConfigKeys (ConfUtils.java:logGet(43)) - raft.server.log.segment.cache.num.max = 2 (custom)
2019-09-04 10:20:43,509 [pool-254-thread-1] INFO  server.RaftServerConfigKeys (ConfUtils.java:logGet(43)) - raft.server.log.statemachine.data.sync = true (default)
2019-09-04 10:20:43,509 [pool-265-thread-1] INFO  server.RaftServerConfigKeys (ConfUtils.java:logGet(43)) - raft.server.log.segment.cache.num.max = 2 (custom)
2019-09-04 10:20:43,510 [pool-254-thread-1] INFO  server.RaftServerConfigKeys (ConfUtils.java:logGet(43)) - raft.server.log.statemachine.data.sync.timeout = 10s (default)
2019-09-04 10:20:43,510 [pool-254-thread-1] INFO  server.RaftServerConfigKeys (ConfUtils.java:logGet(43)) - raft.server.log.statemachine.data.sync.timeout.retry = -1 (default)
2019-09-04 10:20:43,509 [pool-276-thread-1] INFO  segmented.SegmentedRaftLogWorker (SegmentedRaftLogWorker.java:<init>(172)) - new cee6fd1a-0056-495e-9ac0-062657fea8ec-SegmentedRaftLogWorker:Storage Directory /workdir/hadoop-ozone/integration-test/target/test-dir/MiniOzoneClusterImpl-33f8f071-44a0-4994-988d-ac099cede435/datanode-5/data/ratis/16ea8032-0411-4db9-ba57-a062e2dad22b for RaftStorage:Storage Directory /workdir/hadoop-ozone/integration-test/target/test-dir/MiniOzoneClusterImpl-33f8f071-44a0-4994-988d-ac099cede435/datanode-5/data/ratis/16ea8032-0411-4db9-ba57-a062e2dad22b
2019-09-04 10:20:43,510 [pool-254-thread-1] INFO  server.RaftServerConfigKeys (ConfUtils.java:logGet(43)) - raft.server.log.statemachine.data.caching.enabled = true (custom)
2019-09-04 10:20:43,510 [pool-265-thread-1] INFO  segmented.SegmentedRaftLogWorker (SegmentedRaftLogWorker.java:<init>(172)) - new 32ef6b17-1e2d-4584-8afd-1c1a8720ce48-SegmentedRaftLogWorker:Storage Directory /workdir/hadoop-ozone/integration-test/target/test-dir/MiniOzoneClusterImpl-33f8f071-44a0-4994-988d-ac099cede435/datanode-4/data/ratis/16ea8032-0411-4db9-ba57-a062e2dad22b for RaftStorage:Storage Directory /workdir/hadoop-ozone/integration-test/target/test-dir/MiniOzoneClusterImpl-33f8f071-44a0-4994-988d-ac099cede435/datanode-4/data/ratis/16ea8032-0411-4db9-ba57-a062e2dad22b
2019-09-04 10:20:43,510 [pool-276-thread-1] INFO  server.RaftServerConfigKeys (ConfUtils.java:logGet(43)) - raft.server.log.queue.byte-limit = 2147483647 (custom)
2019-09-04 10:20:43,510 [pool-254-thread-1] INFO  segmented.SegmentedRaftLogWorker (SegmentedRaftLogWorker.java:lambda$new$0(132)) - 3e474884-35a6-4d0e-9182-1f7ba1b5278d-SegmentedRaftLogWorker:Storage Directory /workdir/hadoop-ozone/integration-test/target/test-dir/MiniOzoneClusterImpl-33f8f071-44a0-4994-988d-ac099cede435/datanode-3/data/ratis/16ea8032-0411-4db9-ba57-a062e2dad22b: flushIndex: setUnconditionally 0 -> -1
2019-09-04 10:20:43,510 [pool-265-thread-1] INFO  server.RaftServerConfigKeys (ConfUtils.java:logGet(43)) - raft.server.log.queue.byte-limit = 2147483647 (custom)
2019-09-04 10:20:43,510 [pool-276-thread-1] INFO  server.RaftServerConfigKeys (ConfUtils.java:logGet(43)) - raft.server.log.queue.element-limit = 1024 (custom)
2019-09-04 10:20:43,511 [pool-265-thread-1] INFO  server.RaftServerConfigKeys (ConfUtils.java:logGet(43)) - raft.server.log.queue.element-limit = 1024 (custom)
2019-09-04 10:20:43,511 [pool-276-thread-1] INFO  server.RaftServerConfigKeys (ConfUtils.java:logGet(43)) - raft.server.log.segment.size.max = 1048576 (custom)
2019-09-04 10:20:43,511 [pool-254-thread-1] INFO  server.RaftServerConfigKeys (ConfUtils.java:logGet(43)) - raft.server.snapshot.auto.trigger.enabled = true (custom)
2019-09-04 10:20:43,511 [pool-276-thread-1] INFO  server.RaftServerConfigKeys (ConfUtils.java:logGet(43)) - raft.server.log.preallocated.size = 16384 (custom)
2019-09-04 10:20:43,511 [pool-265-thread-1] INFO  server.RaftServerConfigKeys (ConfUtils.java:logGet(43)) - raft.server.log.segment.size.max = 1048576 (custom)
2019-09-04 10:20:43,511 [pool-276-thread-1] INFO  server.RaftServerConfigKeys (ConfUtils.java:logGet(43)) - raft.server.log.write.buffer.size = 33554432 (custom)
2019-09-04 10:20:43,511 [pool-276-thread-1] INFO  server.RaftServerConfigKeys (ConfUtils.java:logGet(43)) - raft.server.log.force.sync.num = 128 (default)
2019-09-04 10:20:43,511 [pool-254-thread-1] INFO  server.RaftServerConfigKeys (ConfUtils.java:logGet(43)) - raft.server.snapshot.auto.trigger.threshold = 10000 (custom)
2019-09-04 10:20:43,512 [pool-276-thread-1] INFO  server.RaftServerConfigKeys (ConfUtils.java:logGet(43)) - raft.server.log.statemachine.data.sync = true (default)
2019-09-04 10:20:43,512 [pool-276-thread-1] INFO  server.RaftServerConfigKeys (ConfUtils.java:logGet(43)) - raft.server.log.statemachine.data.sync.timeout = 10s (default)
2019-09-04 10:20:43,511 [pool-265-thread-1] INFO  server.RaftServerConfigKeys (ConfUtils.java:logGet(43)) - raft.server.log.preallocated.size = 16384 (custom)
2019-09-04 10:20:43,512 [pool-276-thread-1] INFO  server.RaftServerConfigKeys (ConfUtils.java:logGet(43)) - raft.server.log.statemachine.data.sync.timeout.retry = -1 (default)
2019-09-04 10:20:43,512 [pool-254-thread-1] INFO  server.RaftServerConfigKeys (ConfUtils.java:logGet(43)) - raft.server.retrycache.expirytime = 600000ms (custom)
2019-09-04 10:20:43,512 [pool-276-thread-1] INFO  server.RaftServerConfigKeys (ConfUtils.java:logGet(43)) - raft.server.log.statemachine.data.caching.enabled = true (custom)
2019-09-04 10:20:43,512 [pool-265-thread-1] INFO  server.RaftServerConfigKeys (ConfUtils.java:logGet(43)) - raft.server.log.write.buffer.size = 33554432 (custom)
2019-09-04 10:20:43,512 [pool-254-thread-1] INFO  impl.RaftServerImpl (RaftServerImpl.java:start(180)) - 3e474884-35a6-4d0e-9182-1f7ba1b5278d: start group-A062E2DAD22B
2019-09-04 10:20:43,513 [pool-265-thread-1] INFO  server.RaftServerConfigKeys (ConfUtils.java:logGet(43)) - raft.server.log.force.sync.num = 128 (default)
2019-09-04 10:20:43,513 [pool-276-thread-1] INFO  segmented.SegmentedRaftLogWorker (SegmentedRaftLogWorker.java:lambda$new$0(132)) - cee6fd1a-0056-495e-9ac0-062657fea8ec-SegmentedRaftLogWorker:Storage Directory /workdir/hadoop-ozone/integration-test/target/test-dir/MiniOzoneClusterImpl-33f8f071-44a0-4994-988d-ac099cede435/datanode-5/data/ratis/16ea8032-0411-4db9-ba57-a062e2dad22b: flushIndex: setUnconditionally 0 -> -1
2019-09-04 10:20:43,513 [pool-265-thread-1] INFO  server.RaftServerConfigKeys (ConfUtils.java:logGet(43)) - raft.server.log.statemachine.data.sync = true (default)
2019-09-04 10:20:43,513 [pool-254-thread-1] INFO  impl.RaftServerImpl (RaftServerImpl.java:setRole(171)) - 3e474884-35a6-4d0e-9182-1f7ba1b5278d:group-A062E2DAD22B changes role from null to FOLLOWER at term 0 for startAsFollower
2019-09-04 10:20:43,513 [pool-276-thread-1] INFO  server.RaftServerConfigKeys (ConfUtils.java:logGet(43)) - raft.server.snapshot.auto.trigger.enabled = true (custom)
2019-09-04 10:20:43,513 [pool-265-thread-1] INFO  server.RaftServerConfigKeys (ConfUtils.java:logGet(43)) - raft.server.log.statemachine.data.sync.timeout = 10s (default)
2019-09-04 10:20:43,513 [pool-276-thread-1] INFO  server.RaftServerConfigKeys (ConfUtils.java:logGet(43)) - raft.server.snapshot.auto.trigger.threshold = 10000 (custom)
2019-09-04 10:20:43,513 [pool-254-thread-1] INFO  impl.RoleInfo (RoleInfo.java:updateAndGet(143)) - 3e474884-35a6-4d0e-9182-1f7ba1b5278d: start FollowerState
2019-09-04 10:20:43,514 [pool-276-thread-1] INFO  server.RaftServerConfigKeys (ConfUtils.java:logGet(43)) - raft.server.retrycache.expirytime = 600000ms (custom)
2019-09-04 10:20:43,513 [pool-265-thread-1] INFO  server.RaftServerConfigKeys (ConfUtils.java:logGet(43)) - raft.server.log.statemachine.data.sync.timeout.retry = -1 (default)
2019-09-04 10:20:43,514 [pool-276-thread-1] INFO  impl.RaftServerImpl (RaftServerImpl.java:start(180)) - cee6fd1a-0056-495e-9ac0-062657fea8ec: start group-A062E2DAD22B
2019-09-04 10:20:43,514 [pool-265-thread-1] INFO  server.RaftServerConfigKeys (ConfUtils.java:logGet(43)) - raft.server.log.statemachine.data.caching.enabled = true (custom)
2019-09-04 10:20:43,514 [pool-276-thread-1] INFO  impl.RaftServerImpl (RaftServerImpl.java:setRole(171)) - cee6fd1a-0056-495e-9ac0-062657fea8ec:group-A062E2DAD22B changes role from null to FOLLOWER at term 0 for startAsFollower
2019-09-04 10:20:43,514 [pool-276-thread-1] INFO  impl.RoleInfo (RoleInfo.java:updateAndGet(143)) - cee6fd1a-0056-495e-9ac0-062657fea8ec: start FollowerState
2019-09-04 10:20:43,514 [pool-265-thread-1] INFO  segmented.SegmentedRaftLogWorker (SegmentedRaftLogWorker.java:lambda$new$0(132)) - 32ef6b17-1e2d-4584-8afd-1c1a8720ce48-SegmentedRaftLogWorker:Storage Directory /workdir/hadoop-ozone/integration-test/target/test-dir/MiniOzoneClusterImpl-33f8f071-44a0-4994-988d-ac099cede435/datanode-4/data/ratis/16ea8032-0411-4db9-ba57-a062e2dad22b: flushIndex: setUnconditionally 0 -> -1
2019-09-04 10:20:43,514 [pool-254-thread-1] INFO  util.JmxRegister (JmxRegister.java:tryRegister(44)) - Successfully registered JMX Bean with object name Ratis:service=RaftServer,group=group-A062E2DAD22B,id=3e474884-35a6-4d0e-9182-1f7ba1b5278d
2019-09-04 10:20:43,515 [pool-276-thread-1] INFO  util.JmxRegister (JmxRegister.java:tryRegister(44)) - Successfully registered JMX Bean with object name Ratis:service=RaftServer,group=group-A062E2DAD22B,id=cee6fd1a-0056-495e-9ac0-062657fea8ec
2019-09-04 10:20:43,515 [pool-265-thread-1] INFO  server.RaftServerConfigKeys (ConfUtils.java:logGet(43)) - raft.server.snapshot.auto.trigger.enabled = true (custom)
2019-09-04 10:20:43,515 [pool-265-thread-1] INFO  server.RaftServerConfigKeys (ConfUtils.java:logGet(43)) - raft.server.snapshot.auto.trigger.threshold = 10000 (custom)
2019-09-04 10:20:43,515 [pool-265-thread-1] INFO  server.RaftServerConfigKeys (ConfUtils.java:logGet(43)) - raft.server.retrycache.expirytime = 600000ms (custom)
2019-09-04 10:20:43,515 [pool-265-thread-1] INFO  impl.RaftServerImpl (RaftServerImpl.java:start(180)) - 32ef6b17-1e2d-4584-8afd-1c1a8720ce48: start group-A062E2DAD22B
2019-09-04 10:20:43,515 [pool-265-thread-1] INFO  impl.RaftServerImpl (RaftServerImpl.java:setRole(171)) - 32ef6b17-1e2d-4584-8afd-1c1a8720ce48:group-A062E2DAD22B changes role from null to FOLLOWER at term 0 for startAsFollower
2019-09-04 10:20:43,515 [pool-265-thread-1] INFO  impl.RoleInfo (RoleInfo.java:updateAndGet(143)) - 32ef6b17-1e2d-4584-8afd-1c1a8720ce48: start FollowerState
2019-09-04 10:20:43,516 [pool-265-thread-1] INFO  util.JmxRegister (JmxRegister.java:tryRegister(44)) - Successfully registered JMX Bean with object name Ratis:service=RaftServer,group=group-A062E2DAD22B,id=32ef6b17-1e2d-4584-8afd-1c1a8720ce48
2019-09-04 10:20:43,527 [RatisPipelineUtilsThread] INFO  pipeline.PipelineStateManager (PipelineStateManager.java:addPipeline(56)) - Created pipeline Pipeline[ Id: 16ea8032-0411-4db9-ba57-a062e2dad22b, Nodes: cee6fd1a-0056-495e-9ac0-062657fea8ec{ip: 192.168.36.67, host: pr-hdds-1569-fjd24-125839774, networkLocation: /default-rack, certSerialId: null}3e474884-35a6-4d0e-9182-1f7ba1b5278d{ip: 192.168.36.67, host: pr-hdds-1569-fjd24-125839774, networkLocation: /default-rack, certSerialId: null}32ef6b17-1e2d-4584-8afd-1c1a8720ce48{ip: 192.168.36.67, host: pr-hdds-1569-fjd24-125839774, networkLocation: /default-rack, certSerialId: null}, Type:RATIS, Factor:THREE, State:OPEN]
2019-09-04 10:20:43,555 [main] INFO  ozone.MiniOzoneClusterImpl (MiniOzoneClusterImpl.java:lambda$waitForClusterToBeReady$0(142)) - Waiting for cluster to be ready. Got 6 of 7 DN Heartbeats.
2019-09-04 10:20:43,555 [IPC Server handler 5 on 42494] INFO  net.NetworkTopology (NetworkTopologyImpl.java:add(110)) - Added a new node: /default-rack/3a0b8454-8ed6-4987-a4d0-b1a706cd33a1
2019-09-04 10:20:43,555 [IPC Server handler 5 on 42494] INFO  node.SCMNodeManager (SCMNodeManager.java:register(273)) - Registered Data node : 3a0b8454-8ed6-4987-a4d0-b1a706cd33a1{ip: 192.168.36.67, host: pr-hdds-1569-fjd24-125839774, networkLocation: /default-rack, certSerialId: null}
2019-09-04 10:20:43,557 | INFO  | SCMAudit | user=jenkins1000 | ip=192.168.36.67 | op=REGISTER {datanodeDetails=3a0b8454-8ed6-4987-a4d0-b1a706cd33a1{ip: 192.168.36.67, host: pr-hdds-1569-fjd24-125839774, networkLocation: /default-rack, certSerialId: null}} | ret=SUCCESS |  
2019-09-04 10:20:43,567 [grpc-default-executor-2] INFO  impl.RaftServerProxy (RaftServerProxy.java:addNew(89)) - 3a0b8454-8ed6-4987-a4d0-b1a706cd33a1: addNew group-A221B993EF7B:[3a0b8454-8ed6-4987-a4d0-b1a706cd33a1:192.168.36.67:40443] returns group-A221B993EF7B:java.util.concurrent.CompletableFuture@59faa35a[Not completed]
2019-09-04 10:20:43,569 [pool-287-thread-1] INFO  impl.RaftServerImpl (RaftServerImpl.java:<init>(93)) - 3a0b8454-8ed6-4987-a4d0-b1a706cd33a1: new RaftServerImpl for group-A221B993EF7B:[3a0b8454-8ed6-4987-a4d0-b1a706cd33a1:192.168.36.67:40443] with ContainerStateMachine:uninitialized
2019-09-04 10:20:43,569 [pool-287-thread-1] INFO  server.RaftServerConfigKeys (ConfUtils.java:logGet(43)) - raft.server.rpc.timeout.min = 5s (custom)
2019-09-04 10:20:43,569 [pool-287-thread-1] INFO  server.RaftServerConfigKeys (ConfUtils.java:logGet(43)) - raft.server.rpc.timeout.max = 5200ms (custom)
2019-09-04 10:20:43,569 [pool-287-thread-1] INFO  server.RaftServerConfigKeys (ConfUtils.java:logGet(43)) - raft.server.rpcslowness.timeout = 120s (custom)
2019-09-04 10:20:43,570 [pool-287-thread-1] INFO  server.RaftServerConfigKeys (ConfUtils.java:logGet(43)) - raft.server.sleep.deviation.threshold = 300 (default)
2019-09-04 10:20:43,570 [pool-287-thread-1] INFO  server.RaftServerConfigKeys (ConfUtils.java:logGet(43)) - raft.server.log.appender.install.snapshot.enabled = false (custom)
2019-09-04 10:20:43,570 [pool-287-thread-1] INFO  impl.RaftServerImpl (ServerState.java:<init>(105)) - 3a0b8454-8ed6-4987-a4d0-b1a706cd33a1:group-A221B993EF7B ConfigurationManager, init=-1: [3a0b8454-8ed6-4987-a4d0-b1a706cd33a1:192.168.36.67:40443], old=null, confs=<EMPTY_MAP>
2019-09-04 10:20:43,570 [pool-287-thread-1] INFO  server.RaftServerConfigKeys (ConfUtils.java:logGet(43)) - raft.server.storage.dir = [/workdir/hadoop-ozone/integration-test/target/test-dir/MiniOzoneClusterImpl-33f8f071-44a0-4994-988d-ac099cede435/datanode-6/data/ratis] (custom)
2019-09-04 10:20:43,571 [pool-287-thread-1] INFO  storage.RaftStorageDirectory (RaftStorageDirectory.java:analyzeStorage(246)) - The storage directory /workdir/hadoop-ozone/integration-test/target/test-dir/MiniOzoneClusterImpl-33f8f071-44a0-4994-988d-ac099cede435/datanode-6/data/ratis/90984899-75bc-4730-8ad4-a221b993ef7b does not exist. Creating ...
2019-09-04 10:20:43,583 [pool-287-thread-1] INFO  storage.RaftStorageDirectory (RaftStorageDirectory.java:tryLock(328)) - Lock on /workdir/hadoop-ozone/integration-test/target/test-dir/MiniOzoneClusterImpl-33f8f071-44a0-4994-988d-ac099cede435/datanode-6/data/ratis/90984899-75bc-4730-8ad4-a221b993ef7b/in_use.lock acquired by nodename 2550@pr-hdds-1569-fjd24-125839774
2019-09-04 10:20:43,598 [pool-287-thread-1] INFO  storage.RaftStorage (RaftStorage.java:format(72)) - Storage directory /workdir/hadoop-ozone/integration-test/target/test-dir/MiniOzoneClusterImpl-33f8f071-44a0-4994-988d-ac099cede435/datanode-6/data/ratis/90984899-75bc-4730-8ad4-a221b993ef7b has been successfully formatted.
2019-09-04 10:20:43,598 [pool-287-thread-1] INFO  ratis.ContainerStateMachine (ContainerStateMachine.java:loadSnapshot(226)) - group-A221B993EF7B: The snapshot info is null. Setting the last applied indexto:(t:0, i:~)
2019-09-04 10:20:43,598 [pool-287-thread-1] INFO  server.RaftServerConfigKeys (ConfUtils.java:logGet(43)) - raft.server.leader.election.timeout = 120s (custom)
2019-09-04 10:20:43,598 [pool-287-thread-1] INFO  server.RaftServerConfigKeys (ConfUtils.java:logGet(43)) - raft.server.log.use.memory = false (default)
2019-09-04 10:20:43,599 [pool-287-thread-1] INFO  server.RaftServerConfigKeys (ConfUtils.java:logGet(43)) - raft.server.log.purge.gap = 1000000 (custom)
2019-09-04 10:20:43,599 [pool-287-thread-1] INFO  server.RaftServerConfigKeys (ConfUtils.java:logGet(43)) - raft.server.log.appender.buffer.byte-limit = 33554432 (custom)
2019-09-04 10:20:43,599 [pool-287-thread-1] INFO  server.RaftServerConfigKeys (ConfUtils.java:logGet(43)) - raft.server.log.segment.size.max = 1048576 (custom)
2019-09-04 10:20:43,599 [pool-287-thread-1] INFO  server.RaftServerConfigKeys (ConfUtils.java:logGet(43)) - raft.server.log.segment.cache.num.max = 2 (custom)
2019-09-04 10:20:43,599 [pool-287-thread-1] INFO  segmented.SegmentedRaftLogWorker (SegmentedRaftLogWorker.java:<init>(172)) - new 3a0b8454-8ed6-4987-a4d0-b1a706cd33a1-SegmentedRaftLogWorker:Storage Directory /workdir/hadoop-ozone/integration-test/target/test-dir/MiniOzoneClusterImpl-33f8f071-44a0-4994-988d-ac099cede435/datanode-6/data/ratis/90984899-75bc-4730-8ad4-a221b993ef7b for RaftStorage:Storage Directory /workdir/hadoop-ozone/integration-test/target/test-dir/MiniOzoneClusterImpl-33f8f071-44a0-4994-988d-ac099cede435/datanode-6/data/ratis/90984899-75bc-4730-8ad4-a221b993ef7b
2019-09-04 10:20:43,599 [pool-287-thread-1] INFO  server.RaftServerConfigKeys (ConfUtils.java:logGet(43)) - raft.server.log.queue.byte-limit = 2147483647 (custom)
2019-09-04 10:20:43,600 [pool-287-thread-1] INFO  server.RaftServerConfigKeys (ConfUtils.java:logGet(43)) - raft.server.log.queue.element-limit = 1024 (custom)
2019-09-04 10:20:43,600 [pool-287-thread-1] INFO  server.RaftServerConfigKeys (ConfUtils.java:logGet(43)) - raft.server.log.segment.size.max = 1048576 (custom)
2019-09-04 10:20:43,600 [pool-287-thread-1] INFO  server.RaftServerConfigKeys (ConfUtils.java:logGet(43)) - raft.server.log.preallocated.size = 16384 (custom)
2019-09-04 10:20:43,600 [pool-287-thread-1] INFO  server.RaftServerConfigKeys (ConfUtils.java:logGet(43)) - raft.server.log.write.buffer.size = 33554432 (custom)
2019-09-04 10:20:43,600 [pool-287-thread-1] INFO  server.RaftServerConfigKeys (ConfUtils.java:logGet(43)) - raft.server.log.force.sync.num = 128 (default)
2019-09-04 10:20:43,601 [pool-287-thread-1] INFO  server.RaftServerConfigKeys (ConfUtils.java:logGet(43)) - raft.server.log.statemachine.data.sync = true (default)
2019-09-04 10:20:43,601 [pool-287-thread-1] INFO  server.RaftServerConfigKeys (ConfUtils.java:logGet(43)) - raft.server.log.statemachine.data.sync.timeout = 10s (default)
2019-09-04 10:20:43,601 [pool-287-thread-1] INFO  server.RaftServerConfigKeys (ConfUtils.java:logGet(43)) - raft.server.log.statemachine.data.sync.timeout.retry = -1 (default)
2019-09-04 10:20:43,601 [pool-287-thread-1] INFO  server.RaftServerConfigKeys (ConfUtils.java:logGet(43)) - raft.server.log.statemachine.data.caching.enabled = true (custom)
2019-09-04 10:20:43,602 [pool-287-thread-1] INFO  segmented.SegmentedRaftLogWorker (SegmentedRaftLogWorker.java:lambda$new$0(132)) - 3a0b8454-8ed6-4987-a4d0-b1a706cd33a1-SegmentedRaftLogWorker:Storage Directory /workdir/hadoop-ozone/integration-test/target/test-dir/MiniOzoneClusterImpl-33f8f071-44a0-4994-988d-ac099cede435/datanode-6/data/ratis/90984899-75bc-4730-8ad4-a221b993ef7b: flushIndex: setUnconditionally 0 -> -1
2019-09-04 10:20:43,602 [pool-287-thread-1] INFO  server.RaftServerConfigKeys (ConfUtils.java:logGet(43)) - raft.server.snapshot.auto.trigger.enabled = true (custom)
2019-09-04 10:20:43,602 [pool-287-thread-1] INFO  server.RaftServerConfigKeys (ConfUtils.java:logGet(43)) - raft.server.snapshot.auto.trigger.threshold = 10000 (custom)
2019-09-04 10:20:43,603 [pool-287-thread-1] INFO  server.RaftServerConfigKeys (ConfUtils.java:logGet(43)) - raft.server.retrycache.expirytime = 600000ms (custom)
2019-09-04 10:20:43,603 [pool-287-thread-1] INFO  impl.RaftServerImpl (RaftServerImpl.java:start(180)) - 3a0b8454-8ed6-4987-a4d0-b1a706cd33a1: start group-A221B993EF7B
2019-09-04 10:20:43,603 [pool-287-thread-1] INFO  impl.RaftServerImpl (RaftServerImpl.java:setRole(171)) - 3a0b8454-8ed6-4987-a4d0-b1a706cd33a1:group-A221B993EF7B changes role from null to FOLLOWER at term 0 for startAsFollower
2019-09-04 10:20:43,603 [pool-287-thread-1] INFO  impl.RoleInfo (RoleInfo.java:updateAndGet(143)) - 3a0b8454-8ed6-4987-a4d0-b1a706cd33a1: start FollowerState
2019-09-04 10:20:43,604 [pool-287-thread-1] INFO  util.JmxRegister (JmxRegister.java:tryRegister(44)) - Successfully registered JMX Bean with object name Ratis:service=RaftServer,group=group-A221B993EF7B,id=3a0b8454-8ed6-4987-a4d0-b1a706cd33a1
2019-09-04 10:20:43,609 [RatisPipelineUtilsThread] INFO  pipeline.PipelineStateManager (PipelineStateManager.java:addPipeline(56)) - Created pipeline Pipeline[ Id: 90984899-75bc-4730-8ad4-a221b993ef7b, Nodes: 3a0b8454-8ed6-4987-a4d0-b1a706cd33a1{ip: 192.168.36.67, host: pr-hdds-1569-fjd24-125839774, networkLocation: /default-rack, certSerialId: null}, Type:RATIS, Factor:ONE, State:OPEN]
2019-09-04 10:20:44,030 | INFO  | SCMAudit | user=jenkins1000 | ip=192.168.36.67 | op=SEND_HEARTBEAT {datanodeUUID=c7a9ee65-e3ca-4ad9-94cf-b47b6f91e6ab, command=[]} | ret=SUCCESS |  
2019-09-04 10:20:44,298 | INFO  | SCMAudit | user=jenkins1000 | ip=192.168.36.67 | op=SEND_HEARTBEAT {datanodeUUID=d4a64dff-3e06-4a28-9978-4bedd6b3eed2, command=[]} | ret=SUCCESS |  
2019-09-04 10:20:44,508 | INFO  | SCMAudit | user=jenkins1000 | ip=192.168.36.67 | op=SEND_HEARTBEAT {datanodeUUID=47c024b4-7de6-461d-beea-bdd3c0c5d1f2, command=[]} | ret=SUCCESS |  
2019-09-04 10:20:44,555 [main] INFO  ozone.MiniOzoneClusterImpl (MiniOzoneClusterImpl.java:lambda$waitForClusterToBeReady$0(142)) - Cluster is ready. Got 7 of 7 DN Heartbeats.
2019-09-04 10:20:44,595 [main] INFO  rpc.RpcClient (RpcClient.java:createVolume(293)) - Creating Volume: watchforcommithandlingtest, with jenkins1000 as owner.
2019-09-04 10:20:44,597 | INFO  | OMAudit | user=jenkins1000 | ip=127.0.0.1 | op=CREATE_VOLUME {admin=jenkins1000, owner=jenkins1000, volume=watchforcommithandlingtest, creationTime=1567592444597, quotaInBytes=1152921504606846976} | ret=SUCCESS |  
2019-09-04 10:20:44,608 | INFO  | OMAudit | user=jenkins1000 | ip=127.0.0.1 | op=READ_VOLUME {volume=watchforcommithandlingtest} | ret=SUCCESS |  
2019-09-04 10:20:44,609 [main] INFO  rpc.RpcClient (RpcClient.java:createBucket(432)) - Creating Bucket: watchforcommithandlingtest/watchforcommithandlingtest, with Versioning false and Storage Type set to DISK and Encryption set to false 
2019-09-04 10:20:44,612 | INFO  | OMAudit | user=jenkins1000 | ip=127.0.0.1 | op=CREATE_BUCKET {volume=watchforcommithandlingtest, bucket=watchforcommithandlingtest, acls=[user:jenkins1000:a[ACCESS], group:default:a[ACCESS]], isVersionEnabled=false, storageType=DISK, creationTime=0} | ret=SUCCESS |  
2019-09-04 10:20:44,613 [main] INFO  ozone.MiniOzoneClusterImpl (MiniOzoneClusterImpl.java:getStorageContainerLocationClient(241)) - Creating StorageContainerLocationProtocol RPC client with address /0.0.0.0:43315
2019-09-04 10:20:44,633 [grpc-default-executor-2] INFO  client.GrpcClientProtocolClient (GrpcClientProtocolClient.java:onNext(255)) - client-4BF7FB8B3AFF->c7a9ee65-e3ca-4ad9-94cf-b47b6f91e6ab: receive RaftClientReply:client-4BF7FB8B3AFF->c7a9ee65-e3ca-4ad9-94cf-b47b6f91e6ab@group-E945F0F43A71, cid=66, FAILED org.apache.ratis.protocol.NotLeaderException: Server c7a9ee65-e3ca-4ad9-94cf-b47b6f91e6ab is not the leader (null). Request must be sent to leader., logIndex=0, commits[c7a9ee65-e3ca-4ad9-94cf-b47b6f91e6ab:c-1]
2019-09-04 10:20:44,711 | INFO  | SCMAudit | user=jenkins1000 | ip=192.168.36.67 | op=SEND_HEARTBEAT {datanodeUUID=3e474884-35a6-4d0e-9182-1f7ba1b5278d, command=[]} | ret=SUCCESS |  
2019-09-04 10:20:44,922 | INFO  | SCMAudit | user=jenkins1000 | ip=192.168.36.67 | op=SEND_HEARTBEAT {datanodeUUID=32ef6b17-1e2d-4584-8afd-1c1a8720ce48, command=[]} | ret=SUCCESS |  
2019-09-04 10:20:45,030 | INFO  | SCMAudit | user=jenkins1000 | ip=192.168.36.67 | op=SEND_HEARTBEAT {datanodeUUID=c7a9ee65-e3ca-4ad9-94cf-b47b6f91e6ab, command=[]} | ret=SUCCESS |  
2019-09-04 10:20:45,040 [Thread-1454] INFO  container.ReplicationManager (ReplicationManager.java:start(152)) - Starting Replication Monitor Thread.
2019-09-04 10:20:45,044 [ReplicationMonitor] INFO  container.ReplicationManager (ReplicationManager.java:run(215)) - Replication Monitor Thread took 0 milliseconds for processing 1 containers.
2019-09-04 10:20:45,298 | INFO  | SCMAudit | user=jenkins1000 | ip=192.168.36.67 | op=SEND_HEARTBEAT {datanodeUUID=d4a64dff-3e06-4a28-9978-4bedd6b3eed2, command=[]} | ret=SUCCESS |  
2019-09-04 10:20:45,366 | INFO  | SCMAudit | user=jenkins1000 | ip=192.168.36.67 | op=SEND_HEARTBEAT {datanodeUUID=cee6fd1a-0056-495e-9ac0-062657fea8ec, command=[]} | ret=SUCCESS |  
2019-09-04 10:20:45,508 | INFO  | SCMAudit | user=jenkins1000 | ip=192.168.36.67 | op=SEND_HEARTBEAT {datanodeUUID=47c024b4-7de6-461d-beea-bdd3c0c5d1f2, command=[]} | ret=SUCCESS |  
2019-09-04 10:20:45,555 | INFO  | SCMAudit | user=jenkins1000 | ip=192.168.36.67 | op=SEND_HEARTBEAT {datanodeUUID=3a0b8454-8ed6-4987-a4d0-b1a706cd33a1, command=[]} | ret=SUCCESS |  
2019-09-04 10:20:45,651 [grpc-default-executor-2] INFO  client.GrpcClientProtocolClient (GrpcClientProtocolClient.java:onNext(255)) - client-4BF7FB8B3AFF->47c024b4-7de6-461d-beea-bdd3c0c5d1f2: receive RaftClientReply:client-4BF7FB8B3AFF->47c024b4-7de6-461d-beea-bdd3c0c5d1f2@group-E945F0F43A71, cid=66, FAILED org.apache.ratis.protocol.NotLeaderException: Server 47c024b4-7de6-461d-beea-bdd3c0c5d1f2 is not the leader (null). Request must be sent to leader., logIndex=0, commits[47c024b4-7de6-461d-beea-bdd3c0c5d1f2:c-1]
2019-09-04 10:20:45,712 | INFO  | SCMAudit | user=jenkins1000 | ip=192.168.36.67 | op=SEND_HEARTBEAT {datanodeUUID=3e474884-35a6-4d0e-9182-1f7ba1b5278d, command=[]} | ret=SUCCESS |  
2019-09-04 10:20:45,921 | INFO  | SCMAudit | user=jenkins1000 | ip=192.168.36.67 | op=SEND_HEARTBEAT {datanodeUUID=32ef6b17-1e2d-4584-8afd-1c1a8720ce48, command=[]} | ret=SUCCESS |  
2019-09-04 10:20:46,030 | INFO  | SCMAudit | user=jenkins1000 | ip=192.168.36.67 | op=SEND_HEARTBEAT {datanodeUUID=c7a9ee65-e3ca-4ad9-94cf-b47b6f91e6ab, command=[]} | ret=SUCCESS |  
2019-09-04 10:20:46,298 | INFO  | SCMAudit | user=jenkins1000 | ip=192.168.36.67 | op=SEND_HEARTBEAT {datanodeUUID=d4a64dff-3e06-4a28-9978-4bedd6b3eed2, command=[]} | ret=SUCCESS |  
2019-09-04 10:20:46,365 | INFO  | SCMAudit | user=jenkins1000 | ip=192.168.36.67 | op=SEND_HEARTBEAT {datanodeUUID=cee6fd1a-0056-495e-9ac0-062657fea8ec, command=[]} | ret=SUCCESS |  
2019-09-04 10:20:46,508 | INFO  | SCMAudit | user=jenkins1000 | ip=192.168.36.67 | op=SEND_HEARTBEAT {datanodeUUID=47c024b4-7de6-461d-beea-bdd3c0c5d1f2, command=[]} | ret=SUCCESS |  
2019-09-04 10:20:46,555 | INFO  | SCMAudit | user=jenkins1000 | ip=192.168.36.67 | op=SEND_HEARTBEAT {datanodeUUID=3a0b8454-8ed6-4987-a4d0-b1a706cd33a1, command=[]} | ret=SUCCESS |  
2019-09-04 10:20:46,677 [grpc-default-executor-2] INFO  client.GrpcClientProtocolClient (GrpcClientProtocolClient.java:onNext(255)) - client-4BF7FB8B3AFF->d4a64dff-3e06-4a28-9978-4bedd6b3eed2: receive RaftClientReply:client-4BF7FB8B3AFF->d4a64dff-3e06-4a28-9978-4bedd6b3eed2@group-E945F0F43A71, cid=66, FAILED org.apache.ratis.protocol.NotLeaderException: Server d4a64dff-3e06-4a28-9978-4bedd6b3eed2 is not the leader (null). Request must be sent to leader., logIndex=0, commits[d4a64dff-3e06-4a28-9978-4bedd6b3eed2:c-1]
2019-09-04 10:20:46,712 | INFO  | SCMAudit | user=jenkins1000 | ip=192.168.36.67 | op=SEND_HEARTBEAT {datanodeUUID=3e474884-35a6-4d0e-9182-1f7ba1b5278d, command=[]} | ret=SUCCESS |  
2019-09-04 10:20:46,922 | INFO  | SCMAudit | user=jenkins1000 | ip=192.168.36.67 | op=SEND_HEARTBEAT {datanodeUUID=32ef6b17-1e2d-4584-8afd-1c1a8720ce48, command=[]} | ret=SUCCESS |  
2019-09-04 10:20:47,030 | INFO  | SCMAudit | user=jenkins1000 | ip=192.168.36.67 | op=SEND_HEARTBEAT {datanodeUUID=c7a9ee65-e3ca-4ad9-94cf-b47b6f91e6ab, command=[]} | ret=SUCCESS |  
2019-09-04 10:20:47,157 [Thread-1456] INFO  impl.FollowerState (FollowerState.java:run(106)) - c7a9ee65-e3ca-4ad9-94cf-b47b6f91e6ab:group-EB679E2093FB changes to CANDIDATE, lastRpcTime:5075, electionTimeout:5075ms
2019-09-04 10:20:47,157 [Thread-1456] INFO  impl.RoleInfo (RoleInfo.java:shutdownFollowerState(121)) - c7a9ee65-e3ca-4ad9-94cf-b47b6f91e6ab: shutdown FollowerState
2019-09-04 10:20:47,157 [Thread-1456] INFO  impl.RaftServerImpl (RaftServerImpl.java:setRole(171)) - c7a9ee65-e3ca-4ad9-94cf-b47b6f91e6ab:group-EB679E2093FB changes role from FOLLOWER to CANDIDATE at term 0 for changeToCandidate
2019-09-04 10:20:47,157 [Thread-1456] INFO  impl.RoleInfo (RoleInfo.java:updateAndGet(143)) - c7a9ee65-e3ca-4ad9-94cf-b47b6f91e6ab: start LeaderElection
2019-09-04 10:20:47,178 [c7a9ee65-e3ca-4ad9-94cf-b47b6f91e6ab:group-EB679E2093FB:LeaderElection31] INFO  impl.LeaderElection (LeaderElection.java:askForVotes(181)) - c7a9ee65-e3ca-4ad9-94cf-b47b6f91e6ab:group-EB679E2093FB:LeaderElection31: begin an election at term 1 for -1: [c7a9ee65-e3ca-4ad9-94cf-b47b6f91e6ab:192.168.36.67:38558], old=null
2019-09-04 10:20:47,179 [c7a9ee65-e3ca-4ad9-94cf-b47b6f91e6ab:group-EB679E2093FB:LeaderElection31] INFO  impl.RoleInfo (RoleInfo.java:shutdownLeaderElection(134)) - c7a9ee65-e3ca-4ad9-94cf-b47b6f91e6ab: shutdown LeaderElection
2019-09-04 10:20:47,179 [c7a9ee65-e3ca-4ad9-94cf-b47b6f91e6ab:group-EB679E2093FB:LeaderElection31] INFO  impl.RaftServerImpl (RaftServerImpl.java:setRole(171)) - c7a9ee65-e3ca-4ad9-94cf-b47b6f91e6ab:group-EB679E2093FB changes role from CANDIDATE to LEADER at term 1 for changeToLeader
2019-09-04 10:20:47,179 [c7a9ee65-e3ca-4ad9-94cf-b47b6f91e6ab:group-EB679E2093FB:LeaderElection31] INFO  impl.RaftServerImpl (ServerState.java:setLeader(263)) - c7a9ee65-e3ca-4ad9-94cf-b47b6f91e6ab:group-EB679E2093FB change Leader from null to c7a9ee65-e3ca-4ad9-94cf-b47b6f91e6ab at term 1 for becomeLeader, leader elected after 5101ms
2019-09-04 10:20:47,179 [c7a9ee65-e3ca-4ad9-94cf-b47b6f91e6ab:group-EB679E2093FB:LeaderElection31] INFO  server.RaftServerConfigKeys (ConfUtils.java:logGet(43)) - raft.server.staging.catchup.gap = 1000 (default)
2019-09-04 10:20:47,179 [c7a9ee65-e3ca-4ad9-94cf-b47b6f91e6ab:group-EB679E2093FB:LeaderElection31] INFO  server.RaftServerConfigKeys (ConfUtils.java:logGet(43)) - raft.server.rpc.sleep.time = 25ms (default)
2019-09-04 10:20:47,180 [c7a9ee65-e3ca-4ad9-94cf-b47b6f91e6ab:group-EB679E2093FB:LeaderElection31] INFO  server.RaftServerConfigKeys (ConfUtils.java:logGet(43)) - raft.server.write.element-limit = 4096 (default)
2019-09-04 10:20:47,180 [c7a9ee65-e3ca-4ad9-94cf-b47b6f91e6ab:group-EB679E2093FB:LeaderElection31] INFO  server.RaftServerConfigKeys (ConfUtils.java:logGet(43)) - raft.server.watch.timeout = 10s (default)
2019-09-04 10:20:47,180 [c7a9ee65-e3ca-4ad9-94cf-b47b6f91e6ab:group-EB679E2093FB:LeaderElection31] INFO  server.RaftServerConfigKeys (ConfUtils.java:logGet(43)) - raft.server.watch.timeout.denomination = 1s (default)
2019-09-04 10:20:47,180 [c7a9ee65-e3ca-4ad9-94cf-b47b6f91e6ab:group-EB679E2093FB:LeaderElection31] INFO  server.RaftServerConfigKeys (ConfUtils.java:logGet(43)) - raft.server.watch.element-limit = 65536 (default)
2019-09-04 10:20:47,180 [c7a9ee65-e3ca-4ad9-94cf-b47b6f91e6ab:group-EB679E2093FB:LeaderElection31] INFO  impl.RoleInfo (RoleInfo.java:updateAndGet(143)) - c7a9ee65-e3ca-4ad9-94cf-b47b6f91e6ab: start LeaderState
2019-09-04 10:20:47,181 [c7a9ee65-e3ca-4ad9-94cf-b47b6f91e6ab:group-EB679E2093FB:LeaderElection31] INFO  segmented.SegmentedRaftLogWorker (SegmentedRaftLogWorker.java:startLogSegment(380)) - c7a9ee65-e3ca-4ad9-94cf-b47b6f91e6ab-SegmentedRaftLogWorker:Storage Directory /workdir/hadoop-ozone/integration-test/target/test-dir/MiniOzoneClusterImpl-33f8f071-44a0-4994-988d-ac099cede435/datanode-0/data/ratis/b3865398-e3cb-4b8b-95be-eb679e2093fb: Starting segment from index:0
2019-09-04 10:20:47,182 [c7a9ee65-e3ca-4ad9-94cf-b47b6f91e6ab:group-EB679E2093FB:LeaderElection31] INFO  impl.RaftServerImpl (ServerState.java:setRaftConf(361)) - c7a9ee65-e3ca-4ad9-94cf-b47b6f91e6ab:group-EB679E2093FB set configuration 0: [c7a9ee65-e3ca-4ad9-94cf-b47b6f91e6ab:192.168.36.67:38558], old=null at 0
2019-09-04 10:20:47,226 [c7a9ee65-e3ca-4ad9-94cf-b47b6f91e6ab-SegmentedRaftLogWorker:Storage Directory /workdir/hadoop-ozone/integration-test/target/test-dir/MiniOzoneClusterImpl-33f8f071-44a0-4994-988d-ac099cede435/datanode-0/data/ratis/b3865398-e3cb-4b8b-95be-eb679e2093fb] INFO  segmented.SegmentedRaftLogWorker (SegmentedRaftLogWorker.java:execute(569)) - c7a9ee65-e3ca-4ad9-94cf-b47b6f91e6ab-SegmentedRaftLogWorker:Storage Directory /workdir/hadoop-ozone/integration-test/target/test-dir/MiniOzoneClusterImpl-33f8f071-44a0-4994-988d-ac099cede435/datanode-0/data/ratis/b3865398-e3cb-4b8b-95be-eb679e2093fb: created new log segment /workdir/hadoop-ozone/integration-test/target/test-dir/MiniOzoneClusterImpl-33f8f071-44a0-4994-988d-ac099cede435/datanode-0/data/ratis/b3865398-e3cb-4b8b-95be-eb679e2093fb/current/log_inprogress_0
2019-09-04 10:20:47,297 | INFO  | SCMAudit | user=jenkins1000 | ip=192.168.36.67 | op=SEND_HEARTBEAT {datanodeUUID=d4a64dff-3e06-4a28-9978-4bedd6b3eed2, command=[]} | ret=SUCCESS |  
2019-09-04 10:20:47,366 | INFO  | SCMAudit | user=jenkins1000 | ip=192.168.36.67 | op=SEND_HEARTBEAT {datanodeUUID=cee6fd1a-0056-495e-9ac0-062657fea8ec, command=[]} | ret=SUCCESS |  
2019-09-04 10:20:47,395 [Thread-1459] INFO  impl.FollowerState (FollowerState.java:run(106)) - d4a64dff-3e06-4a28-9978-4bedd6b3eed2:group-2808BEC3DBAC changes to CANDIDATE, lastRpcTime:5033, electionTimeout:5033ms
2019-09-04 10:20:47,395 [Thread-1459] INFO  impl.RoleInfo (RoleInfo.java:shutdownFollowerState(121)) - d4a64dff-3e06-4a28-9978-4bedd6b3eed2: shutdown FollowerState
2019-09-04 10:20:47,395 [Thread-1459] INFO  impl.RaftServerImpl (RaftServerImpl.java:setRole(171)) - d4a64dff-3e06-4a28-9978-4bedd6b3eed2:group-2808BEC3DBAC changes role from FOLLOWER to CANDIDATE at term 0 for changeToCandidate
2019-09-04 10:20:47,395 [Thread-1459] INFO  impl.RoleInfo (RoleInfo.java:updateAndGet(143)) - d4a64dff-3e06-4a28-9978-4bedd6b3eed2: start LeaderElection
2019-09-04 10:20:47,413 [d4a64dff-3e06-4a28-9978-4bedd6b3eed2:group-2808BEC3DBAC:LeaderElection32] INFO  impl.LeaderElection (LeaderElection.java:askForVotes(181)) - d4a64dff-3e06-4a28-9978-4bedd6b3eed2:group-2808BEC3DBAC:LeaderElection32: begin an election at term 1 for -1: [d4a64dff-3e06-4a28-9978-4bedd6b3eed2:192.168.36.67:45761], old=null
2019-09-04 10:20:47,413 [d4a64dff-3e06-4a28-9978-4bedd6b3eed2:group-2808BEC3DBAC:LeaderElection32] INFO  impl.RoleInfo (RoleInfo.java:shutdownLeaderElection(134)) - d4a64dff-3e06-4a28-9978-4bedd6b3eed2: shutdown LeaderElection
2019-09-04 10:20:47,413 [d4a64dff-3e06-4a28-9978-4bedd6b3eed2:group-2808BEC3DBAC:LeaderElection32] INFO  impl.RaftServerImpl (RaftServerImpl.java:setRole(171)) - d4a64dff-3e06-4a28-9978-4bedd6b3eed2:group-2808BEC3DBAC changes role from CANDIDATE to LEADER at term 1 for changeToLeader
2019-09-04 10:20:47,413 [d4a64dff-3e06-4a28-9978-4bedd6b3eed2:group-2808BEC3DBAC:LeaderElection32] INFO  impl.RaftServerImpl (ServerState.java:setLeader(263)) - d4a64dff-3e06-4a28-9978-4bedd6b3eed2:group-2808BEC3DBAC change Leader from null to d4a64dff-3e06-4a28-9978-4bedd6b3eed2 at term 1 for becomeLeader, leader elected after 5057ms
2019-09-04 10:20:47,414 [d4a64dff-3e06-4a28-9978-4bedd6b3eed2:group-2808BEC3DBAC:LeaderElection32] INFO  server.RaftServerConfigKeys (ConfUtils.java:logGet(43)) - raft.server.staging.catchup.gap = 1000 (default)
2019-09-04 10:20:47,414 [d4a64dff-3e06-4a28-9978-4bedd6b3eed2:group-2808BEC3DBAC:LeaderElection32] INFO  server.RaftServerConfigKeys (ConfUtils.java:logGet(43)) - raft.server.rpc.sleep.time = 25ms (default)
2019-09-04 10:20:47,414 [d4a64dff-3e06-4a28-9978-4bedd6b3eed2:group-2808BEC3DBAC:LeaderElection32] INFO  server.RaftServerConfigKeys (ConfUtils.java:logGet(43)) - raft.server.write.element-limit = 4096 (default)
2019-09-04 10:20:47,414 [d4a64dff-3e06-4a28-9978-4bedd6b3eed2:group-2808BEC3DBAC:LeaderElection32] INFO  server.RaftServerConfigKeys (ConfUtils.java:logGet(43)) - raft.server.watch.timeout = 10s (default)
2019-09-04 10:20:47,414 [d4a64dff-3e06-4a28-9978-4bedd6b3eed2:group-2808BEC3DBAC:LeaderElection32] INFO  server.RaftServerConfigKeys (ConfUtils.java:logGet(43)) - raft.server.watch.timeout.denomination = 1s (default)
2019-09-04 10:20:47,414 [d4a64dff-3e06-4a28-9978-4bedd6b3eed2:group-2808BEC3DBAC:LeaderElection32] INFO  server.RaftServerConfigKeys (ConfUtils.java:logGet(43)) - raft.server.watch.element-limit = 65536 (default)
2019-09-04 10:20:47,415 [d4a64dff-3e06-4a28-9978-4bedd6b3eed2:group-2808BEC3DBAC:LeaderElection32] INFO  impl.RoleInfo (RoleInfo.java:updateAndGet(143)) - d4a64dff-3e06-4a28-9978-4bedd6b3eed2: start LeaderState
2019-09-04 10:20:47,415 [d4a64dff-3e06-4a28-9978-4bedd6b3eed2:group-2808BEC3DBAC:LeaderElection32] INFO  segmented.SegmentedRaftLogWorker (SegmentedRaftLogWorker.java:startLogSegment(380)) - d4a64dff-3e06-4a28-9978-4bedd6b3eed2-SegmentedRaftLogWorker:Storage Directory /workdir/hadoop-ozone/integration-test/target/test-dir/MiniOzoneClusterImpl-33f8f071-44a0-4994-988d-ac099cede435/datanode-1/data/ratis/62b2a8db-5b71-430f-88fe-2808bec3dbac: Starting segment from index:0
2019-09-04 10:20:47,416 [d4a64dff-3e06-4a28-9978-4bedd6b3eed2:group-2808BEC3DBAC:LeaderElection32] INFO  impl.RaftServerImpl (ServerState.java:setRaftConf(361)) - d4a64dff-3e06-4a28-9978-4bedd6b3eed2:group-2808BEC3DBAC set configuration 0: [d4a64dff-3e06-4a28-9978-4bedd6b3eed2:192.168.36.67:45761], old=null at 0
2019-09-04 10:20:47,469 [d4a64dff-3e06-4a28-9978-4bedd6b3eed2-SegmentedRaftLogWorker:Storage Directory /workdir/hadoop-ozone/integration-test/target/test-dir/MiniOzoneClusterImpl-33f8f071-44a0-4994-988d-ac099cede435/datanode-1/data/ratis/62b2a8db-5b71-430f-88fe-2808bec3dbac] INFO  segmented.SegmentedRaftLogWorker (SegmentedRaftLogWorker.java:execute(569)) - d4a64dff-3e06-4a28-9978-4bedd6b3eed2-SegmentedRaftLogWorker:Storage Directory /workdir/hadoop-ozone/integration-test/target/test-dir/MiniOzoneClusterImpl-33f8f071-44a0-4994-988d-ac099cede435/datanode-1/data/ratis/62b2a8db-5b71-430f-88fe-2808bec3dbac: created new log segment /workdir/hadoop-ozone/integration-test/target/test-dir/MiniOzoneClusterImpl-33f8f071-44a0-4994-988d-ac099cede435/datanode-1/data/ratis/62b2a8db-5b71-430f-88fe-2808bec3dbac/current/log_inprogress_0
2019-09-04 10:20:47,508 | INFO  | SCMAudit | user=jenkins1000 | ip=192.168.36.67 | op=SEND_HEARTBEAT {datanodeUUID=47c024b4-7de6-461d-beea-bdd3c0c5d1f2, command=[]} | ret=SUCCESS |  
2019-09-04 10:20:47,555 | INFO  | SCMAudit | user=jenkins1000 | ip=192.168.36.67 | op=SEND_HEARTBEAT {datanodeUUID=3a0b8454-8ed6-4987-a4d0-b1a706cd33a1, command=[]} | ret=SUCCESS |  
2019-09-04 10:20:47,654 [Thread-1470] INFO  impl.FollowerState (FollowerState.java:run(106)) - c7a9ee65-e3ca-4ad9-94cf-b47b6f91e6ab:group-E945F0F43A71 changes to CANDIDATE, lastRpcTime:5027, electionTimeout:5027ms
2019-09-04 10:20:47,654 [Thread-1470] INFO  impl.RoleInfo (RoleInfo.java:shutdownFollowerState(121)) - c7a9ee65-e3ca-4ad9-94cf-b47b6f91e6ab: shutdown FollowerState
2019-09-04 10:20:47,654 [Thread-1470] INFO  impl.RaftServerImpl (RaftServerImpl.java:setRole(171)) - c7a9ee65-e3ca-4ad9-94cf-b47b6f91e6ab:group-E945F0F43A71 changes role from FOLLOWER to CANDIDATE at term 0 for changeToCandidate
2019-09-04 10:20:47,654 [Thread-1470] INFO  impl.RoleInfo (RoleInfo.java:updateAndGet(143)) - c7a9ee65-e3ca-4ad9-94cf-b47b6f91e6ab: start LeaderElection
2019-09-04 10:20:47,672 [c7a9ee65-e3ca-4ad9-94cf-b47b6f91e6ab:group-E945F0F43A71:LeaderElection33] INFO  impl.LeaderElection (LeaderElection.java:askForVotes(181)) - c7a9ee65-e3ca-4ad9-94cf-b47b6f91e6ab:group-E945F0F43A71:LeaderElection33: begin an election at term 1 for -1: [c7a9ee65-e3ca-4ad9-94cf-b47b6f91e6ab:192.168.36.67:38558, d4a64dff-3e06-4a28-9978-4bedd6b3eed2:192.168.36.67:45761, 47c024b4-7de6-461d-beea-bdd3c0c5d1f2:192.168.36.67:34136], old=null
2019-09-04 10:20:47,680 [Thread-1469] INFO  impl.FollowerState (FollowerState.java:run(106)) - d4a64dff-3e06-4a28-9978-4bedd6b3eed2:group-E945F0F43A71 changes to CANDIDATE, lastRpcTime:5053, electionTimeout:5051ms
2019-09-04 10:20:47,682 [Thread-1462] INFO  impl.FollowerState (FollowerState.java:run(106)) - 47c024b4-7de6-461d-beea-bdd3c0c5d1f2:group-88BFBA7E8EDB changes to CANDIDATE, lastRpcTime:5128, electionTimeout:5128ms
2019-09-04 10:20:47,682 [grpc-default-executor-1] INFO  impl.RaftServerImpl (RaftServerImpl.java:setRole(171)) - 47c024b4-7de6-461d-beea-bdd3c0c5d1f2:group-E945F0F43A71 changes role from FOLLOWER to FOLLOWER at term 1 for recognizeCandidate:c7a9ee65-e3ca-4ad9-94cf-b47b6f91e6ab
2019-09-04 10:20:47,682 [Thread-1469] INFO  impl.RoleInfo (RoleInfo.java:shutdownFollowerState(121)) - d4a64dff-3e06-4a28-9978-4bedd6b3eed2: shutdown FollowerState
2019-09-04 10:20:47,682 [Thread-1462] INFO  impl.RoleInfo (RoleInfo.java:shutdownFollowerState(121)) - 47c024b4-7de6-461d-beea-bdd3c0c5d1f2: shutdown FollowerState
2019-09-04 10:20:47,683 [Thread-1469] INFO  impl.RaftServerImpl (RaftServerImpl.java:setRole(171)) - d4a64dff-3e06-4a28-9978-4bedd6b3eed2:group-E945F0F43A71 changes role from FOLLOWER to CANDIDATE at term 0 for changeToCandidate
2019-09-04 10:20:47,682 [grpc-default-executor-1] INFO  impl.RoleInfo (RoleInfo.java:shutdownFollowerState(121)) - 47c024b4-7de6-461d-beea-bdd3c0c5d1f2: shutdown FollowerState
2019-09-04 10:20:47,683 [Thread-1469] INFO  impl.RoleInfo (RoleInfo.java:updateAndGet(143)) - d4a64dff-3e06-4a28-9978-4bedd6b3eed2: start LeaderElection
2019-09-04 10:20:47,683 [Thread-1465] INFO  impl.FollowerState (FollowerState.java:run(114)) - 47c024b4-7de6-461d-beea-bdd3c0c5d1f2: FollowerState was interrupted: java.lang.InterruptedException: sleep interrupted
2019-09-04 10:20:47,683 [Thread-1462] INFO  impl.RaftServerImpl (RaftServerImpl.java:setRole(171)) - 47c024b4-7de6-461d-beea-bdd3c0c5d1f2:group-88BFBA7E8EDB changes role from FOLLOWER to CANDIDATE at term 0 for changeToCandidate
2019-09-04 10:20:47,683 [grpc-default-executor-1] INFO  impl.RoleInfo (RoleInfo.java:updateAndGet(143)) - 47c024b4-7de6-461d-beea-bdd3c0c5d1f2: start FollowerState
2019-09-04 10:20:47,685 [grpc-default-executor-2] INFO  impl.RaftServerImpl (RaftServerImpl.java:setRole(171)) - d4a64dff-3e06-4a28-9978-4bedd6b3eed2:group-E945F0F43A71 changes role from CANDIDATE to FOLLOWER at term 1 for recognizeCandidate:c7a9ee65-e3ca-4ad9-94cf-b47b6f91e6ab
2019-09-04 10:20:47,685 [Thread-1462] INFO  impl.RoleInfo (RoleInfo.java:updateAndGet(143)) - 47c024b4-7de6-461d-beea-bdd3c0c5d1f2: start LeaderElection
2019-09-04 10:20:47,686 [grpc-default-executor-2] INFO  impl.RoleInfo (RoleInfo.java:shutdownLeaderElection(134)) - d4a64dff-3e06-4a28-9978-4bedd6b3eed2: shutdown LeaderElection
2019-09-04 10:20:47,688 [grpc-default-executor-2] INFO  impl.RoleInfo (RoleInfo.java:updateAndGet(143)) - d4a64dff-3e06-4a28-9978-4bedd6b3eed2: start FollowerState
2019-09-04 10:20:47,699 [grpc-default-executor-0] INFO  client.GrpcClientProtocolClient (GrpcClientProtocolClient.java:onNext(255)) - client-4BF7FB8B3AFF->c7a9ee65-e3ca-4ad9-94cf-b47b6f91e6ab: receive RaftClientReply:client-4BF7FB8B3AFF->c7a9ee65-e3ca-4ad9-94cf-b47b6f91e6ab@group-E945F0F43A71, cid=66, FAILED org.apache.ratis.protocol.NotLeaderException: Server c7a9ee65-e3ca-4ad9-94cf-b47b6f91e6ab is not the leader (null). Request must be sent to leader., logIndex=0, commits[c7a9ee65-e3ca-4ad9-94cf-b47b6f91e6ab:c-1]
2019-09-04 10:20:47,706 [47c024b4-7de6-461d-beea-bdd3c0c5d1f2:group-88BFBA7E8EDB:LeaderElection35] INFO  impl.LeaderElection (LeaderElection.java:askForVotes(181)) - 47c024b4-7de6-461d-beea-bdd3c0c5d1f2:group-88BFBA7E8EDB:LeaderElection35: begin an election at term 1 for -1: [47c024b4-7de6-461d-beea-bdd3c0c5d1f2:192.168.36.67:34136], old=null
2019-09-04 10:20:47,706 [47c024b4-7de6-461d-beea-bdd3c0c5d1f2:group-88BFBA7E8EDB:LeaderElection35] INFO  impl.RoleInfo (RoleInfo.java:shutdownLeaderElection(134)) - 47c024b4-7de6-461d-beea-bdd3c0c5d1f2: shutdown LeaderElection
2019-09-04 10:20:47,706 [47c024b4-7de6-461d-beea-bdd3c0c5d1f2:group-88BFBA7E8EDB:LeaderElection35] INFO  impl.RaftServerImpl (RaftServerImpl.java:setRole(171)) - 47c024b4-7de6-461d-beea-bdd3c0c5d1f2:group-88BFBA7E8EDB changes role from CANDIDATE to LEADER at term 1 for changeToLeader
2019-09-04 10:20:47,706 [47c024b4-7de6-461d-beea-bdd3c0c5d1f2:group-88BFBA7E8EDB:LeaderElection35] INFO  impl.RaftServerImpl (ServerState.java:setLeader(263)) - 47c024b4-7de6-461d-beea-bdd3c0c5d1f2:group-88BFBA7E8EDB change Leader from null to 47c024b4-7de6-461d-beea-bdd3c0c5d1f2 at term 1 for becomeLeader, leader elected after 5155ms
2019-09-04 10:20:47,707 [47c024b4-7de6-461d-beea-bdd3c0c5d1f2:group-88BFBA7E8EDB:LeaderElection35] INFO  server.RaftServerConfigKeys (ConfUtils.java:logGet(43)) - raft.server.staging.catchup.gap = 1000 (default)
2019-09-04 10:20:47,711 [47c024b4-7de6-461d-beea-bdd3c0c5d1f2:group-88BFBA7E8EDB:LeaderElection35] INFO  server.RaftServerConfigKeys (ConfUtils.java:logGet(43)) - raft.server.rpc.sleep.time = 25ms (default)
2019-09-04 10:20:47,711 [47c024b4-7de6-461d-beea-bdd3c0c5d1f2:group-88BFBA7E8EDB:LeaderElection35] INFO  server.RaftServerConfigKeys (ConfUtils.java:logGet(43)) - raft.server.write.element-limit = 4096 (default)
2019-09-04 10:20:47,711 [c7a9ee65-e3ca-4ad9-94cf-b47b6f91e6ab:group-E945F0F43A71:LeaderElection33] INFO  impl.LeaderElection (LeaderElection.java:logAndReturn(56)) - c7a9ee65-e3ca-4ad9-94cf-b47b6f91e6ab:group-E945F0F43A71:LeaderElection33: Election PASSED; received 1 response(s) [c7a9ee65-e3ca-4ad9-94cf-b47b6f91e6ab<-47c024b4-7de6-461d-beea-bdd3c0c5d1f2#0:OK-t1] and 0 exception(s); c7a9ee65-e3ca-4ad9-94cf-b47b6f91e6ab:t1, leader=null, voted=c7a9ee65-e3ca-4ad9-94cf-b47b6f91e6ab, raftlog=c7a9ee65-e3ca-4ad9-94cf-b47b6f91e6ab-SegmentedRaftLog:OPENED:c-1,f-1,i0, conf=-1: [c7a9ee65-e3ca-4ad9-94cf-b47b6f91e6ab:192.168.36.67:38558, d4a64dff-3e06-4a28-9978-4bedd6b3eed2:192.168.36.67:45761, 47c024b4-7de6-461d-beea-bdd3c0c5d1f2:192.168.36.67:34136], old=null
2019-09-04 10:20:47,711 [47c024b4-7de6-461d-beea-bdd3c0c5d1f2:group-88BFBA7E8EDB:LeaderElection35] INFO  server.RaftServerConfigKeys (ConfUtils.java:logGet(43)) - raft.server.watch.timeout = 10s (default)
2019-09-04 10:20:47,711 [c7a9ee65-e3ca-4ad9-94cf-b47b6f91e6ab:group-E945F0F43A71:LeaderElection33] INFO  impl.RoleInfo (RoleInfo.java:shutdownLeaderElection(134)) - c7a9ee65-e3ca-4ad9-94cf-b47b6f91e6ab: shutdown LeaderElection
2019-09-04 10:20:47,711 | INFO  | SCMAudit | user=jenkins1000 | ip=192.168.36.67 | op=SEND_HEARTBEAT {datanodeUUID=3e474884-35a6-4d0e-9182-1f7ba1b5278d, command=[]} | ret=SUCCESS |  
2019-09-04 10:20:47,711 [47c024b4-7de6-461d-beea-bdd3c0c5d1f2:group-88BFBA7E8EDB:LeaderElection35] INFO  server.RaftServerConfigKeys (ConfUtils.java:logGet(43)) - raft.server.watch.timeout.denomination = 1s (default)
2019-09-04 10:20:47,712 [c7a9ee65-e3ca-4ad9-94cf-b47b6f91e6ab:group-E945F0F43A71:LeaderElection33] INFO  impl.RaftServerImpl (RaftServerImpl.java:setRole(171)) - c7a9ee65-e3ca-4ad9-94cf-b47b6f91e6ab:group-E945F0F43A71 changes role from CANDIDATE to LEADER at term 1 for changeToLeader
2019-09-04 10:20:47,712 [47c024b4-7de6-461d-beea-bdd3c0c5d1f2:group-88BFBA7E8EDB:LeaderElection35] INFO  server.RaftServerConfigKeys (ConfUtils.java:logGet(43)) - raft.server.watch.element-limit = 65536 (default)
2019-09-04 10:20:47,712 [c7a9ee65-e3ca-4ad9-94cf-b47b6f91e6ab:group-E945F0F43A71:LeaderElection33] INFO  impl.RaftServerImpl (ServerState.java:setLeader(263)) - c7a9ee65-e3ca-4ad9-94cf-b47b6f91e6ab:group-E945F0F43A71 change Leader from null to c7a9ee65-e3ca-4ad9-94cf-b47b6f91e6ab at term 1 for becomeLeader, leader elected after 5099ms
2019-09-04 10:20:47,712 [47c024b4-7de6-461d-beea-bdd3c0c5d1f2:group-88BFBA7E8EDB:LeaderElection35] INFO  impl.RoleInfo (RoleInfo.java:updateAndGet(143)) - 47c024b4-7de6-461d-beea-bdd3c0c5d1f2: start LeaderState
2019-09-04 10:20:47,712 [c7a9ee65-e3ca-4ad9-94cf-b47b6f91e6ab:group-E945F0F43A71:LeaderElection33] INFO  server.RaftServerConfigKeys (ConfUtils.java:logGet(43)) - raft.server.staging.catchup.gap = 1000 (default)
2019-09-04 10:20:47,712 [c7a9ee65-e3ca-4ad9-94cf-b47b6f91e6ab:group-E945F0F43A71:LeaderElection33] INFO  server.RaftServerConfigKeys (ConfUtils.java:logGet(43)) - raft.server.rpc.sleep.time = 25ms (default)
2019-09-04 10:20:47,712 [47c024b4-7de6-461d-beea-bdd3c0c5d1f2:group-88BFBA7E8EDB:LeaderElection35] INFO  segmented.SegmentedRaftLogWorker (SegmentedRaftLogWorker.java:startLogSegment(380)) - 47c024b4-7de6-461d-beea-bdd3c0c5d1f2-SegmentedRaftLogWorker:Storage Directory /workdir/hadoop-ozone/integration-test/target/test-dir/MiniOzoneClusterImpl-33f8f071-44a0-4994-988d-ac099cede435/datanode-2/data/ratis/cf807f62-1b76-4822-b159-88bfba7e8edb: Starting segment from index:0
2019-09-04 10:20:47,712 [c7a9ee65-e3ca-4ad9-94cf-b47b6f91e6ab:group-E945F0F43A71:LeaderElection33] INFO  server.RaftServerConfigKeys (ConfUtils.java:logGet(43)) - raft.server.write.element-limit = 4096 (default)
2019-09-04 10:20:47,713 [c7a9ee65-e3ca-4ad9-94cf-b47b6f91e6ab:group-E945F0F43A71:LeaderElection33] INFO  server.RaftServerConfigKeys (ConfUtils.java:logGet(43)) - raft.server.watch.timeout = 10s (default)
2019-09-04 10:20:47,713 [c7a9ee65-e3ca-4ad9-94cf-b47b6f91e6ab:group-E945F0F43A71:LeaderElection33] INFO  server.RaftServerConfigKeys (ConfUtils.java:logGet(43)) - raft.server.watch.timeout.denomination = 1s (default)
2019-09-04 10:20:47,713 [47c024b4-7de6-461d-beea-bdd3c0c5d1f2:group-88BFBA7E8EDB:LeaderElection35] INFO  impl.RaftServerImpl (ServerState.java:setRaftConf(361)) - 47c024b4-7de6-461d-beea-bdd3c0c5d1f2:group-88BFBA7E8EDB set configuration 0: [47c024b4-7de6-461d-beea-bdd3c0c5d1f2:192.168.36.67:34136], old=null at 0
2019-09-04 10:20:47,713 [c7a9ee65-e3ca-4ad9-94cf-b47b6f91e6ab:group-E945F0F43A71:LeaderElection33] INFO  server.RaftServerConfigKeys (ConfUtils.java:logGet(43)) - raft.server.watch.element-limit = 65536 (default)
2019-09-04 10:20:47,713 [c7a9ee65-e3ca-4ad9-94cf-b47b6f91e6ab:group-E945F0F43A71:LeaderElection33] INFO  server.RaftServerConfigKeys (ConfUtils.java:logGet(43)) - raft.server.log.appender.snapshot.chunk.size.max = 16MB (=16777216) (default)
2019-09-04 10:20:47,714 [c7a9ee65-e3ca-4ad9-94cf-b47b6f91e6ab:group-E945F0F43A71:LeaderElection33] INFO  server.RaftServerConfigKeys (ConfUtils.java:logGet(43)) - raft.server.log.appender.buffer.byte-limit = 33554432 (custom)
2019-09-04 10:20:47,714 [c7a9ee65-e3ca-4ad9-94cf-b47b6f91e6ab:group-E945F0F43A71:LeaderElection33] INFO  server.RaftServerConfigKeys (ConfUtils.java:logGet(43)) - raft.server.log.appender.buffer.element-limit = 1 (custom)
2019-09-04 10:20:47,714 [c7a9ee65-e3ca-4ad9-94cf-b47b6f91e6ab:group-E945F0F43A71:LeaderElection33] INFO  grpc.GrpcConfigKeys$Server (ConfUtils.java:logGet(43)) - raft.grpc.server.leader.outstanding.appends.max = 128 (default)
2019-09-04 10:20:47,714 [c7a9ee65-e3ca-4ad9-94cf-b47b6f91e6ab:group-E945F0F43A71:LeaderElection33] INFO  server.RaftServerConfigKeys (ConfUtils.java:logGet(43)) - raft.server.rpc.request.timeout = 3000ms (default)
2019-09-04 10:20:47,714 [c7a9ee65-e3ca-4ad9-94cf-b47b6f91e6ab:group-E945F0F43A71:LeaderElection33] INFO  server.RaftServerConfigKeys (ConfUtils.java:logGet(43)) - raft.server.log.appender.install.snapshot.enabled = false (custom)
2019-09-04 10:20:47,714 [c7a9ee65-e3ca-4ad9-94cf-b47b6f91e6ab:group-E945F0F43A71:LeaderElection33] INFO  server.RaftServerConfigKeys (ConfUtils.java:logGet(43)) - raft.server.log.appender.snapshot.chunk.size.max = 16MB (=16777216) (default)
2019-09-04 10:20:47,715 [c7a9ee65-e3ca-4ad9-94cf-b47b6f91e6ab:group-E945F0F43A71:LeaderElection33] INFO  server.RaftServerConfigKeys (ConfUtils.java:logGet(43)) - raft.server.log.appender.buffer.byte-limit = 33554432 (custom)
2019-09-04 10:20:47,715 [c7a9ee65-e3ca-4ad9-94cf-b47b6f91e6ab:group-E945F0F43A71:LeaderElection33] INFO  server.RaftServerConfigKeys (ConfUtils.java:logGet(43)) - raft.server.log.appender.buffer.element-limit = 1 (custom)
2019-09-04 10:20:47,715 [c7a9ee65-e3ca-4ad9-94cf-b47b6f91e6ab:group-E945F0F43A71:LeaderElection33] INFO  grpc.GrpcConfigKeys$Server (ConfUtils.java:logGet(43)) - raft.grpc.server.leader.outstanding.appends.max = 128 (default)
2019-09-04 10:20:47,715 [c7a9ee65-e3ca-4ad9-94cf-b47b6f91e6ab:group-E945F0F43A71:LeaderElection33] INFO  server.RaftServerConfigKeys (ConfUtils.java:logGet(43)) - raft.server.rpc.request.timeout = 3000ms (default)
2019-09-04 10:20:47,715 [c7a9ee65-e3ca-4ad9-94cf-b47b6f91e6ab:group-E945F0F43A71:LeaderElection33] INFO  server.RaftServerConfigKeys (ConfUtils.java:logGet(43)) - raft.server.log.appender.install.snapshot.enabled = false (custom)
2019-09-04 10:20:47,715 [c7a9ee65-e3ca-4ad9-94cf-b47b6f91e6ab:group-E945F0F43A71:LeaderElection33] INFO  impl.RoleInfo (RoleInfo.java:updateAndGet(143)) - c7a9ee65-e3ca-4ad9-94cf-b47b6f91e6ab: start LeaderState
2019-09-04 10:20:47,715 [c7a9ee65-e3ca-4ad9-94cf-b47b6f91e6ab:group-E945F0F43A71:LeaderElection33] INFO  segmented.SegmentedRaftLogWorker (SegmentedRaftLogWorker.java:startLogSegment(380)) - c7a9ee65-e3ca-4ad9-94cf-b47b6f91e6ab-SegmentedRaftLogWorker:Storage Directory /workdir/hadoop-ozone/integration-test/target/test-dir/MiniOzoneClusterImpl-33f8f071-44a0-4994-988d-ac099cede435/datanode-0/data/ratis/f0040285-15a8-45f6-92db-e945f0f43a71: Starting segment from index:0
2019-09-04 10:20:47,716 [c7a9ee65-e3ca-4ad9-94cf-b47b6f91e6ab:group-E945F0F43A71:LeaderElection33] INFO  impl.RaftServerImpl (ServerState.java:setRaftConf(361)) - c7a9ee65-e3ca-4ad9-94cf-b47b6f91e6ab:group-E945F0F43A71 set configuration 0: [c7a9ee65-e3ca-4ad9-94cf-b47b6f91e6ab:192.168.36.67:38558, d4a64dff-3e06-4a28-9978-4bedd6b3eed2:192.168.36.67:45761, 47c024b4-7de6-461d-beea-bdd3c0c5d1f2:192.168.36.67:34136], old=null at 0
2019-09-04 10:20:47,750 [d4a64dff-3e06-4a28-9978-4bedd6b3eed2:group-E945F0F43A71:LeaderElection34] INFO  impl.LeaderElection (LeaderElection.java:askForVotes(181)) - d4a64dff-3e06-4a28-9978-4bedd6b3eed2:group-E945F0F43A71:LeaderElection34: begin an election at term 2 for -1: [c7a9ee65-e3ca-4ad9-94cf-b47b6f91e6ab:192.168.36.67:38558, d4a64dff-3e06-4a28-9978-4bedd6b3eed2:192.168.36.67:45761, 47c024b4-7de6-461d-beea-bdd3c0c5d1f2:192.168.36.67:34136], old=null
2019-09-04 10:20:47,751 [d4a64dff-3e06-4a28-9978-4bedd6b3eed2:group-E945F0F43A71:LeaderElection34] INFO  impl.LeaderElection (LeaderElection.java:logAndReturn(56)) - d4a64dff-3e06-4a28-9978-4bedd6b3eed2:group-E945F0F43A71:LeaderElection34: Election REJECTED; received 0 response(s) [] and 0 exception(s); d4a64dff-3e06-4a28-9978-4bedd6b3eed2:t2, leader=null, voted=d4a64dff-3e06-4a28-9978-4bedd6b3eed2, raftlog=d4a64dff-3e06-4a28-9978-4bedd6b3eed2-SegmentedRaftLog:OPENED:c-1,f-1,i0, conf=-1: [c7a9ee65-e3ca-4ad9-94cf-b47b6f91e6ab:192.168.36.67:38558, d4a64dff-3e06-4a28-9978-4bedd6b3eed2:192.168.36.67:45761, 47c024b4-7de6-461d-beea-bdd3c0c5d1f2:192.168.36.67:34136], old=null
2019-09-04 10:20:47,752 [grpc-default-executor-1] INFO  impl.RaftServerImpl (ServerState.java:setLeader(263)) - 47c024b4-7de6-461d-beea-bdd3c0c5d1f2:group-E945F0F43A71 change Leader from null to c7a9ee65-e3ca-4ad9-94cf-b47b6f91e6ab at term 1 for appendEntries, leader elected after 5139ms
2019-09-04 10:20:47,764 [47c024b4-7de6-461d-beea-bdd3c0c5d1f2-SegmentedRaftLogWorker:Storage Directory /workdir/hadoop-ozone/integration-test/target/test-dir/MiniOzoneClusterImpl-33f8f071-44a0-4994-988d-ac099cede435/datanode-2/data/ratis/cf807f62-1b76-4822-b159-88bfba7e8edb] INFO  segmented.SegmentedRaftLogWorker (SegmentedRaftLogWorker.java:execute(569)) - 47c024b4-7de6-461d-beea-bdd3c0c5d1f2-SegmentedRaftLogWorker:Storage Directory /workdir/hadoop-ozone/integration-test/target/test-dir/MiniOzoneClusterImpl-33f8f071-44a0-4994-988d-ac099cede435/datanode-2/data/ratis/cf807f62-1b76-4822-b159-88bfba7e8edb: created new log segment /workdir/hadoop-ozone/integration-test/target/test-dir/MiniOzoneClusterImpl-33f8f071-44a0-4994-988d-ac099cede435/datanode-2/data/ratis/cf807f62-1b76-4822-b159-88bfba7e8edb/current/log_inprogress_0
2019-09-04 10:20:47,764 [c7a9ee65-e3ca-4ad9-94cf-b47b6f91e6ab-SegmentedRaftLogWorker:Storage Directory /workdir/hadoop-ozone/integration-test/target/test-dir/MiniOzoneClusterImpl-33f8f071-44a0-4994-988d-ac099cede435/datanode-0/data/ratis/f0040285-15a8-45f6-92db-e945f0f43a71] INFO  segmented.SegmentedRaftLogWorker (SegmentedRaftLogWorker.java:execute(569)) - c7a9ee65-e3ca-4ad9-94cf-b47b6f91e6ab-SegmentedRaftLogWorker:Storage Directory /workdir/hadoop-ozone/integration-test/target/test-dir/MiniOzoneClusterImpl-33f8f071-44a0-4994-988d-ac099cede435/datanode-0/data/ratis/f0040285-15a8-45f6-92db-e945f0f43a71: created new log segment /workdir/hadoop-ozone/integration-test/target/test-dir/MiniOzoneClusterImpl-33f8f071-44a0-4994-988d-ac099cede435/datanode-0/data/ratis/f0040285-15a8-45f6-92db-e945f0f43a71/current/log_inprogress_0
2019-09-04 10:20:47,765 [Thread-1521] INFO  impl.RaftServerImpl (ServerState.java:setLeader(263)) - c7a9ee65-e3ca-4ad9-94cf-b47b6f91e6ab:group-E945F0F43A71 change Leader from c7a9ee65-e3ca-4ad9-94cf-b47b6f91e6ab to null at term 2 for updateCurrentTerm
2019-09-04 10:20:47,765 [Thread-1521] INFO  impl.RaftServerImpl (RaftServerImpl.java:setRole(171)) - c7a9ee65-e3ca-4ad9-94cf-b47b6f91e6ab:group-E945F0F43A71 changes role from LEADER to FOLLOWER at term 2 for stepDown
2019-09-04 10:20:47,765 [grpc-default-executor-0] INFO  impl.RaftServerImpl (ServerState.java:setRaftConf(361)) - 47c024b4-7de6-461d-beea-bdd3c0c5d1f2:group-E945F0F43A71 set configuration 0: [c7a9ee65-e3ca-4ad9-94cf-b47b6f91e6ab:192.168.36.67:38558, d4a64dff-3e06-4a28-9978-4bedd6b3eed2:192.168.36.67:45761, 47c024b4-7de6-461d-beea-bdd3c0c5d1f2:192.168.36.67:34136], old=null at 0
2019-09-04 10:20:47,765 [Thread-1521] INFO  impl.RoleInfo (RoleInfo.java:shutdownLeaderState(104)) - c7a9ee65-e3ca-4ad9-94cf-b47b6f91e6ab: shutdown LeaderState
2019-09-04 10:20:47,765 [grpc-default-executor-0] INFO  segmented.SegmentedRaftLogWorker (SegmentedRaftLogWorker.java:startLogSegment(380)) - 47c024b4-7de6-461d-beea-bdd3c0c5d1f2-SegmentedRaftLogWorker:Storage Directory /workdir/hadoop-ozone/integration-test/target/test-dir/MiniOzoneClusterImpl-33f8f071-44a0-4994-988d-ac099cede435/datanode-2/data/ratis/f0040285-15a8-45f6-92db-e945f0f43a71: Starting segment from index:0
2019-09-04 10:20:47,770 [Thread-1521] INFO  impl.PendingRequests (PendingRequests.java:sendNotLeaderResponses(202)) - c7a9ee65-e3ca-4ad9-94cf-b47b6f91e6ab-PendingRequests: sendNotLeaderResponses
2019-09-04 10:20:47,770 [Thread-1521] INFO  impl.RoleInfo (RoleInfo.java:updateAndGet(143)) - c7a9ee65-e3ca-4ad9-94cf-b47b6f91e6ab: start FollowerState
2019-09-04 10:20:47,770 [org.apache.ratis.server.impl.LogAppender$AppenderDaemon$$Lambda$488/1953952784@cf19fd2] WARN  server.GrpcLogAppender (GrpcLogAppender.java:mayWait(143)) - GrpcLogAppender(c7a9ee65-e3ca-4ad9-94cf-b47b6f91e6ab->47c024b4-7de6-461d-beea-bdd3c0c5d1f2): Wait interrupted by java.lang.InterruptedException
2019-09-04 10:20:47,770 [org.apache.ratis.server.impl.LogAppender$AppenderDaemon$$Lambda$488/1953952784@49f30888] WARN  server.GrpcLogAppender (GrpcLogAppender.java:mayWait(143)) - GrpcLogAppender(c7a9ee65-e3ca-4ad9-94cf-b47b6f91e6ab->d4a64dff-3e06-4a28-9978-4bedd6b3eed2): Wait interrupted by java.lang.InterruptedException
2019-09-04 10:20:47,798 [Thread-1474] INFO  impl.FollowerState (FollowerState.java:run(106)) - 3e474884-35a6-4d0e-9182-1f7ba1b5278d:group-967AA1E2FC07 changes to CANDIDATE, lastRpcTime:5040, electionTimeout:5016ms
2019-09-04 10:20:47,798 [grpc-default-executor-1] INFO  impl.RaftServerImpl (ServerState.java:setLeader(263)) - 47c024b4-7de6-461d-beea-bdd3c0c5d1f2:group-E945F0F43A71 change Leader from c7a9ee65-e3ca-4ad9-94cf-b47b6f91e6ab to null at term 2 for updateCurrentTerm
2019-09-04 10:20:47,798 [Thread-1474] INFO  impl.RoleInfo (RoleInfo.java:shutdownFollowerState(121)) - 3e474884-35a6-4d0e-9182-1f7ba1b5278d: shutdown FollowerState
2019-09-04 10:20:47,798 [grpc-default-executor-1] INFO  impl.RaftServerImpl (RaftServerImpl.java:setRole(171)) - 47c024b4-7de6-461d-beea-bdd3c0c5d1f2:group-E945F0F43A71 changes role from FOLLOWER to FOLLOWER at term 2 for recognizeCandidate:d4a64dff-3e06-4a28-9978-4bedd6b3eed2
2019-09-04 10:20:47,798 [Thread-1474] INFO  impl.RaftServerImpl (RaftServerImpl.java:setRole(171)) - 3e474884-35a6-4d0e-9182-1f7ba1b5278d:group-967AA1E2FC07 changes role from FOLLOWER to CANDIDATE at term 0 for changeToCandidate
2019-09-04 10:20:47,798 [grpc-default-executor-1] INFO  impl.RoleInfo (RoleInfo.java:shutdownFollowerState(121)) - 47c024b4-7de6-461d-beea-bdd3c0c5d1f2: shutdown FollowerState
2019-09-04 10:20:47,799 [Thread-1474] INFO  impl.RoleInfo (RoleInfo.java:updateAndGet(143)) - 3e474884-35a6-4d0e-9182-1f7ba1b5278d: start LeaderElection
2019-09-04 10:20:47,799 [grpc-default-executor-1] INFO  impl.RoleInfo (RoleInfo.java:updateAndGet(143)) - 47c024b4-7de6-461d-beea-bdd3c0c5d1f2: start FollowerState
2019-09-04 10:20:47,799 [Thread-1515] INFO  impl.FollowerState (FollowerState.java:run(114)) - 47c024b4-7de6-461d-beea-bdd3c0c5d1f2: FollowerState was interrupted: java.lang.InterruptedException: sleep interrupted
2019-09-04 10:20:47,799 [grpc-default-executor-3] INFO  server.GrpcServerProtocolService (GrpcServerProtocolService.java:onCompleted(104)) - d4a64dff-3e06-4a28-9978-4bedd6b3eed2: appendEntries completed
2019-09-04 10:20:47,804 [grpc-default-executor-2] INFO  server.GrpcServerProtocolService (GrpcServerProtocolService.java:onCompleted(104)) - 47c024b4-7de6-461d-beea-bdd3c0c5d1f2: appendEntries completed
2019-09-04 10:20:47,811 [47c024b4-7de6-461d-beea-bdd3c0c5d1f2-SegmentedRaftLogWorker:Storage Directory /workdir/hadoop-ozone/integration-test/target/test-dir/MiniOzoneClusterImpl-33f8f071-44a0-4994-988d-ac099cede435/datanode-2/data/ratis/f0040285-15a8-45f6-92db-e945f0f43a71] INFO  segmented.SegmentedRaftLogWorker (SegmentedRaftLogWorker.java:execute(569)) - 47c024b4-7de6-461d-beea-bdd3c0c5d1f2-SegmentedRaftLogWorker:Storage Directory /workdir/hadoop-ozone/integration-test/target/test-dir/MiniOzoneClusterImpl-33f8f071-44a0-4994-988d-ac099cede435/datanode-2/data/ratis/f0040285-15a8-45f6-92db-e945f0f43a71: created new log segment /workdir/hadoop-ozone/integration-test/target/test-dir/MiniOzoneClusterImpl-33f8f071-44a0-4994-988d-ac099cede435/datanode-2/data/ratis/f0040285-15a8-45f6-92db-e945f0f43a71/current/log_inprogress_0
2019-09-04 10:20:47,813 [3e474884-35a6-4d0e-9182-1f7ba1b5278d:group-967AA1E2FC07:LeaderElection36] INFO  impl.LeaderElection (LeaderElection.java:askForVotes(181)) - 3e474884-35a6-4d0e-9182-1f7ba1b5278d:group-967AA1E2FC07:LeaderElection36: begin an election at term 1 for -1: [3e474884-35a6-4d0e-9182-1f7ba1b5278d:192.168.36.67:43324], old=null
2019-09-04 10:20:47,813 [grpc-default-executor-0] INFO  impl.RaftServerImpl (RaftServerImpl.java:setRole(171)) - c7a9ee65-e3ca-4ad9-94cf-b47b6f91e6ab:group-E945F0F43A71 changes role from FOLLOWER to FOLLOWER at term 2 for recognizeCandidate:d4a64dff-3e06-4a28-9978-4bedd6b3eed2
2019-09-04 10:20:47,813 [3e474884-35a6-4d0e-9182-1f7ba1b5278d:group-967AA1E2FC07:LeaderElection36] INFO  impl.RoleInfo (RoleInfo.java:shutdownLeaderElection(134)) - 3e474884-35a6-4d0e-9182-1f7ba1b5278d: shutdown LeaderElection
2019-09-04 10:20:47,813 [grpc-default-executor-3] INFO  server.GrpcLogAppender (GrpcLogAppender.java:onCompleted(292)) - c7a9ee65-e3ca-4ad9-94cf-b47b6f91e6ab->d4a64dff-3e06-4a28-9978-4bedd6b3eed2: follower responses appendEntries COMPLETED
2019-09-04 10:20:47,813 [3e474884-35a6-4d0e-9182-1f7ba1b5278d:group-967AA1E2FC07:LeaderElection36] INFO  impl.RaftServerImpl (RaftServerImpl.java:setRole(171)) - 3e474884-35a6-4d0e-9182-1f7ba1b5278d:group-967AA1E2FC07 changes role from CANDIDATE to LEADER at term 1 for changeToLeader
2019-09-04 10:20:47,814 [3e474884-35a6-4d0e-9182-1f7ba1b5278d:group-967AA1E2FC07:LeaderElection36] INFO  impl.RaftServerImpl (ServerState.java:setLeader(263)) - 3e474884-35a6-4d0e-9182-1f7ba1b5278d:group-967AA1E2FC07 change Leader from null to 3e474884-35a6-4d0e-9182-1f7ba1b5278d at term 1 for becomeLeader, leader elected after 5060ms
2019-09-04 10:20:47,813 [grpc-default-executor-2] INFO  server.GrpcLogAppender (GrpcLogAppender.java:onCompleted(292)) - c7a9ee65-e3ca-4ad9-94cf-b47b6f91e6ab->47c024b4-7de6-461d-beea-bdd3c0c5d1f2: follower responses appendEntries COMPLETED
2019-09-04 10:20:47,813 [grpc-default-executor-0] INFO  impl.RoleInfo (RoleInfo.java:shutdownFollowerState(121)) - c7a9ee65-e3ca-4ad9-94cf-b47b6f91e6ab: shutdown FollowerState
2019-09-04 10:20:47,814 [3e474884-35a6-4d0e-9182-1f7ba1b5278d:group-967AA1E2FC07:LeaderElection36] INFO  server.RaftServerConfigKeys (ConfUtils.java:logGet(43)) - raft.server.staging.catchup.gap = 1000 (default)
2019-09-04 10:20:47,814 [grpc-default-executor-3] INFO  impl.FollowerInfo (FollowerInfo.java:lambda$new$0(50)) - c7a9ee65-e3ca-4ad9-94cf-b47b6f91e6ab->d4a64dff-3e06-4a28-9978-4bedd6b3eed2: nextIndex: updateUnconditionally 0 -> 0
2019-09-04 10:20:47,814 [3e474884-35a6-4d0e-9182-1f7ba1b5278d:group-967AA1E2FC07:LeaderElection36] INFO  server.RaftServerConfigKeys (ConfUtils.java:logGet(43)) - raft.server.rpc.sleep.time = 25ms (default)
2019-09-04 10:20:47,814 [grpc-default-executor-2] INFO  impl.FollowerInfo (FollowerInfo.java:lambda$new$0(50)) - c7a9ee65-e3ca-4ad9-94cf-b47b6f91e6ab->47c024b4-7de6-461d-beea-bdd3c0c5d1f2: nextIndex: updateUnconditionally 1 -> 0
2019-09-04 10:20:47,814 [Thread-1529] INFO  impl.FollowerState (FollowerState.java:run(114)) - c7a9ee65-e3ca-4ad9-94cf-b47b6f91e6ab: FollowerState was interrupted: java.lang.InterruptedException: sleep interrupted
2019-09-04 10:20:47,814 [grpc-default-executor-0] INFO  impl.RoleInfo (RoleInfo.java:updateAndGet(143)) - c7a9ee65-e3ca-4ad9-94cf-b47b6f91e6ab: start FollowerState
2019-09-04 10:20:47,814 [3e474884-35a6-4d0e-9182-1f7ba1b5278d:group-967AA1E2FC07:LeaderElection36] INFO  server.RaftServerConfigKeys (ConfUtils.java:logGet(43)) - raft.server.write.element-limit = 4096 (default)
2019-09-04 10:20:47,816 [3e474884-35a6-4d0e-9182-1f7ba1b5278d:group-967AA1E2FC07:LeaderElection36] INFO  server.RaftServerConfigKeys (ConfUtils.java:logGet(43)) - raft.server.watch.timeout = 10s (default)
2019-09-04 10:20:47,817 [3e474884-35a6-4d0e-9182-1f7ba1b5278d:group-967AA1E2FC07:LeaderElection36] INFO  server.RaftServerConfigKeys (ConfUtils.java:logGet(43)) - raft.server.watch.timeout.denomination = 1s (default)
2019-09-04 10:20:47,817 [3e474884-35a6-4d0e-9182-1f7ba1b5278d:group-967AA1E2FC07:LeaderElection36] INFO  server.RaftServerConfigKeys (ConfUtils.java:logGet(43)) - raft.server.watch.element-limit = 65536 (default)
2019-09-04 10:20:47,817 [3e474884-35a6-4d0e-9182-1f7ba1b5278d:group-967AA1E2FC07:LeaderElection36] INFO  impl.RoleInfo (RoleInfo.java:updateAndGet(143)) - 3e474884-35a6-4d0e-9182-1f7ba1b5278d: start LeaderState
2019-09-04 10:20:47,817 [3e474884-35a6-4d0e-9182-1f7ba1b5278d:group-967AA1E2FC07:LeaderElection36] INFO  segmented.SegmentedRaftLogWorker (SegmentedRaftLogWorker.java:startLogSegment(380)) - 3e474884-35a6-4d0e-9182-1f7ba1b5278d-SegmentedRaftLogWorker:Storage Directory /workdir/hadoop-ozone/integration-test/target/test-dir/MiniOzoneClusterImpl-33f8f071-44a0-4994-988d-ac099cede435/datanode-3/data/ratis/fa7497f7-765a-4200-93c4-967aa1e2fc07: Starting segment from index:0
2019-09-04 10:20:47,823 [3e474884-35a6-4d0e-9182-1f7ba1b5278d:group-967AA1E2FC07:LeaderElection36] INFO  impl.RaftServerImpl (ServerState.java:setRaftConf(361)) - 3e474884-35a6-4d0e-9182-1f7ba1b5278d:group-967AA1E2FC07 set configuration 0: [3e474884-35a6-4d0e-9182-1f7ba1b5278d:192.168.36.67:43324], old=null at 0
2019-09-04 10:20:47,864 [3e474884-35a6-4d0e-9182-1f7ba1b5278d-SegmentedRaftLogWorker:Storage Directory /workdir/hadoop-ozone/integration-test/target/test-dir/MiniOzoneClusterImpl-33f8f071-44a0-4994-988d-ac099cede435/datanode-3/data/ratis/fa7497f7-765a-4200-93c4-967aa1e2fc07] INFO  segmented.SegmentedRaftLogWorker (SegmentedRaftLogWorker.java:execute(569)) - 3e474884-35a6-4d0e-9182-1f7ba1b5278d-SegmentedRaftLogWorker:Storage Directory /workdir/hadoop-ozone/integration-test/target/test-dir/MiniOzoneClusterImpl-33f8f071-44a0-4994-988d-ac099cede435/datanode-3/data/ratis/fa7497f7-765a-4200-93c4-967aa1e2fc07: created new log segment /workdir/hadoop-ozone/integration-test/target/test-dir/MiniOzoneClusterImpl-33f8f071-44a0-4994-988d-ac099cede435/datanode-3/data/ratis/fa7497f7-765a-4200-93c4-967aa1e2fc07/current/log_inprogress_0
2019-09-04 10:20:47,921 | INFO  | SCMAudit | user=jenkins1000 | ip=192.168.36.67 | op=SEND_HEARTBEAT {datanodeUUID=32ef6b17-1e2d-4584-8afd-1c1a8720ce48, command=[]} | ret=SUCCESS |  
2019-09-04 10:20:48,030 | INFO  | SCMAudit | user=jenkins1000 | ip=192.168.36.67 | op=SEND_HEARTBEAT {datanodeUUID=c7a9ee65-e3ca-4ad9-94cf-b47b6f91e6ab, command=[]} | ret=SUCCESS |  
2019-09-04 10:20:48,111 [Thread-1477] INFO  impl.FollowerState (FollowerState.java:run(106)) - 32ef6b17-1e2d-4584-8afd-1c1a8720ce48:group-4956AECC6B37 changes to CANDIDATE, lastRpcTime:5141, electionTimeout:5141ms
2019-09-04 10:20:48,111 [Thread-1477] INFO  impl.RoleInfo (RoleInfo.java:shutdownFollowerState(121)) - 32ef6b17-1e2d-4584-8afd-1c1a8720ce48: shutdown FollowerState
2019-09-04 10:20:48,111 [Thread-1477] INFO  impl.RaftServerImpl (RaftServerImpl.java:setRole(171)) - 32ef6b17-1e2d-4584-8afd-1c1a8720ce48:group-4956AECC6B37 changes role from FOLLOWER to CANDIDATE at term 0 for changeToCandidate
2019-09-04 10:20:48,111 [Thread-1477] INFO  impl.RoleInfo (RoleInfo.java:updateAndGet(143)) - 32ef6b17-1e2d-4584-8afd-1c1a8720ce48: start LeaderElection
2019-09-04 10:20:48,130 [32ef6b17-1e2d-4584-8afd-1c1a8720ce48:group-4956AECC6B37:LeaderElection37] INFO  impl.LeaderElection (LeaderElection.java:askForVotes(181)) - 32ef6b17-1e2d-4584-8afd-1c1a8720ce48:group-4956AECC6B37:LeaderElection37: begin an election at term 1 for -1: [32ef6b17-1e2d-4584-8afd-1c1a8720ce48:192.168.36.67:34017], old=null
2019-09-04 10:20:48,130 [32ef6b17-1e2d-4584-8afd-1c1a8720ce48:group-4956AECC6B37:LeaderElection37] INFO  impl.RoleInfo (RoleInfo.java:shutdownLeaderElection(134)) - 32ef6b17-1e2d-4584-8afd-1c1a8720ce48: shutdown LeaderElection
2019-09-04 10:20:48,130 [32ef6b17-1e2d-4584-8afd-1c1a8720ce48:group-4956AECC6B37:LeaderElection37] INFO  impl.RaftServerImpl (RaftServerImpl.java:setRole(171)) - 32ef6b17-1e2d-4584-8afd-1c1a8720ce48:group-4956AECC6B37 changes role from CANDIDATE to LEADER at term 1 for changeToLeader
2019-09-04 10:20:48,130 [32ef6b17-1e2d-4584-8afd-1c1a8720ce48:group-4956AECC6B37:LeaderElection37] INFO  impl.RaftServerImpl (ServerState.java:setLeader(263)) - 32ef6b17-1e2d-4584-8afd-1c1a8720ce48:group-4956AECC6B37 change Leader from null to 32ef6b17-1e2d-4584-8afd-1c1a8720ce48 at term 1 for becomeLeader, leader elected after 5165ms
2019-09-04 10:20:48,131 [32ef6b17-1e2d-4584-8afd-1c1a8720ce48:group-4956AECC6B37:LeaderElection37] INFO  server.RaftServerConfigKeys (ConfUtils.java:logGet(43)) - raft.server.staging.catchup.gap = 1000 (default)
2019-09-04 10:20:48,131 [32ef6b17-1e2d-4584-8afd-1c1a8720ce48:group-4956AECC6B37:LeaderElection37] INFO  server.RaftServerConfigKeys (ConfUtils.java:logGet(43)) - raft.server.rpc.sleep.time = 25ms (default)
2019-09-04 10:20:48,131 [32ef6b17-1e2d-4584-8afd-1c1a8720ce48:group-4956AECC6B37:LeaderElection37] INFO  server.RaftServerConfigKeys (ConfUtils.java:logGet(43)) - raft.server.write.element-limit = 4096 (default)
2019-09-04 10:20:48,131 [32ef6b17-1e2d-4584-8afd-1c1a8720ce48:group-4956AECC6B37:LeaderElection37] INFO  server.RaftServerConfigKeys (ConfUtils.java:logGet(43)) - raft.server.watch.timeout = 10s (default)
2019-09-04 10:20:48,131 [32ef6b17-1e2d-4584-8afd-1c1a8720ce48:group-4956AECC6B37:LeaderElection37] INFO  server.RaftServerConfigKeys (ConfUtils.java:logGet(43)) - raft.server.watch.timeout.denomination = 1s (default)
2019-09-04 10:20:48,131 [32ef6b17-1e2d-4584-8afd-1c1a8720ce48:group-4956AECC6B37:LeaderElection37] INFO  server.RaftServerConfigKeys (ConfUtils.java:logGet(43)) - raft.server.watch.element-limit = 65536 (default)
2019-09-04 10:20:48,131 [32ef6b17-1e2d-4584-8afd-1c1a8720ce48:group-4956AECC6B37:LeaderElection37] INFO  impl.RoleInfo (RoleInfo.java:updateAndGet(143)) - 32ef6b17-1e2d-4584-8afd-1c1a8720ce48: start LeaderState
2019-09-04 10:20:48,132 [32ef6b17-1e2d-4584-8afd-1c1a8720ce48:group-4956AECC6B37:LeaderElection37] INFO  segmented.SegmentedRaftLogWorker (SegmentedRaftLogWorker.java:startLogSegment(380)) - 32ef6b17-1e2d-4584-8afd-1c1a8720ce48-SegmentedRaftLogWorker:Storage Directory /workdir/hadoop-ozone/integration-test/target/test-dir/MiniOzoneClusterImpl-33f8f071-44a0-4994-988d-ac099cede435/datanode-4/data/ratis/2b22de82-02be-4701-83fd-4956aecc6b37: Starting segment from index:0
2019-09-04 10:20:48,132 [32ef6b17-1e2d-4584-8afd-1c1a8720ce48:group-4956AECC6B37:LeaderElection37] INFO  impl.RaftServerImpl (ServerState.java:setRaftConf(361)) - 32ef6b17-1e2d-4584-8afd-1c1a8720ce48:group-4956AECC6B37 set configuration 0: [32ef6b17-1e2d-4584-8afd-1c1a8720ce48:192.168.36.67:34017], old=null at 0
2019-09-04 10:20:48,180 [32ef6b17-1e2d-4584-8afd-1c1a8720ce48-SegmentedRaftLogWorker:Storage Directory /workdir/hadoop-ozone/integration-test/target/test-dir/MiniOzoneClusterImpl-33f8f071-44a0-4994-988d-ac099cede435/datanode-4/data/ratis/2b22de82-02be-4701-83fd-4956aecc6b37] INFO  segmented.SegmentedRaftLogWorker (SegmentedRaftLogWorker.java:execute(569)) - 32ef6b17-1e2d-4584-8afd-1c1a8720ce48-SegmentedRaftLogWorker:Storage Directory /workdir/hadoop-ozone/integration-test/target/test-dir/MiniOzoneClusterImpl-33f8f071-44a0-4994-988d-ac099cede435/datanode-4/data/ratis/2b22de82-02be-4701-83fd-4956aecc6b37: created new log segment /workdir/hadoop-ozone/integration-test/target/test-dir/MiniOzoneClusterImpl-33f8f071-44a0-4994-988d-ac099cede435/datanode-4/data/ratis/2b22de82-02be-4701-83fd-4956aecc6b37/current/log_inprogress_0
2019-09-04 10:20:48,298 | INFO  | SCMAudit | user=jenkins1000 | ip=192.168.36.67 | op=SEND_HEARTBEAT {datanodeUUID=d4a64dff-3e06-4a28-9978-4bedd6b3eed2, command=[]} | ret=SUCCESS |  
2019-09-04 10:20:48,365 | INFO  | SCMAudit | user=jenkins1000 | ip=192.168.36.67 | op=SEND_HEARTBEAT {datanodeUUID=cee6fd1a-0056-495e-9ac0-062657fea8ec, command=[]} | ret=SUCCESS |  
2019-09-04 10:20:48,458 [Thread-1480] INFO  impl.FollowerState (FollowerState.java:run(106)) - cee6fd1a-0056-495e-9ac0-062657fea8ec:group-189C0BC6A5CF changes to CANDIDATE, lastRpcTime:5029, electionTimeout:5029ms
2019-09-04 10:20:48,458 [Thread-1480] INFO  impl.RoleInfo (RoleInfo.java:shutdownFollowerState(121)) - cee6fd1a-0056-495e-9ac0-062657fea8ec: shutdown FollowerState
2019-09-04 10:20:48,458 [Thread-1480] INFO  impl.RaftServerImpl (RaftServerImpl.java:setRole(171)) - cee6fd1a-0056-495e-9ac0-062657fea8ec:group-189C0BC6A5CF changes role from FOLLOWER to CANDIDATE at term 0 for changeToCandidate
2019-09-04 10:20:48,459 [Thread-1480] INFO  impl.RoleInfo (RoleInfo.java:updateAndGet(143)) - cee6fd1a-0056-495e-9ac0-062657fea8ec: start LeaderElection
2019-09-04 10:20:48,477 [cee6fd1a-0056-495e-9ac0-062657fea8ec:group-189C0BC6A5CF:LeaderElection38] INFO  impl.LeaderElection (LeaderElection.java:askForVotes(181)) - cee6fd1a-0056-495e-9ac0-062657fea8ec:group-189C0BC6A5CF:LeaderElection38: begin an election at term 1 for -1: [cee6fd1a-0056-495e-9ac0-062657fea8ec:192.168.36.67:46421], old=null
2019-09-04 10:20:48,477 [cee6fd1a-0056-495e-9ac0-062657fea8ec:group-189C0BC6A5CF:LeaderElection38] INFO  impl.RoleInfo (RoleInfo.java:shutdownLeaderElection(134)) - cee6fd1a-0056-495e-9ac0-062657fea8ec: shutdown LeaderElection
2019-09-04 10:20:48,477 [cee6fd1a-0056-495e-9ac0-062657fea8ec:group-189C0BC6A5CF:LeaderElection38] INFO  impl.RaftServerImpl (RaftServerImpl.java:setRole(171)) - cee6fd1a-0056-495e-9ac0-062657fea8ec:group-189C0BC6A5CF changes role from CANDIDATE to LEADER at term 1 for changeToLeader
2019-09-04 10:20:48,477 [cee6fd1a-0056-495e-9ac0-062657fea8ec:group-189C0BC6A5CF:LeaderElection38] INFO  impl.RaftServerImpl (ServerState.java:setLeader(263)) - cee6fd1a-0056-495e-9ac0-062657fea8ec:group-189C0BC6A5CF change Leader from null to cee6fd1a-0056-495e-9ac0-062657fea8ec at term 1 for becomeLeader, leader elected after 5051ms
2019-09-04 10:20:48,478 [cee6fd1a-0056-495e-9ac0-062657fea8ec:group-189C0BC6A5CF:LeaderElection38] INFO  server.RaftServerConfigKeys (ConfUtils.java:logGet(43)) - raft.server.staging.catchup.gap = 1000 (default)
2019-09-04 10:20:48,478 [cee6fd1a-0056-495e-9ac0-062657fea8ec:group-189C0BC6A5CF:LeaderElection38] INFO  server.RaftServerConfigKeys (ConfUtils.java:logGet(43)) - raft.server.rpc.sleep.time = 25ms (default)
2019-09-04 10:20:48,478 [cee6fd1a-0056-495e-9ac0-062657fea8ec:group-189C0BC6A5CF:LeaderElection38] INFO  server.RaftServerConfigKeys (ConfUtils.java:logGet(43)) - raft.server.write.element-limit = 4096 (default)
2019-09-04 10:20:48,478 [cee6fd1a-0056-495e-9ac0-062657fea8ec:group-189C0BC6A5CF:LeaderElection38] INFO  server.RaftServerConfigKeys (ConfUtils.java:logGet(43)) - raft.server.watch.timeout = 10s (default)
2019-09-04 10:20:48,478 [cee6fd1a-0056-495e-9ac0-062657fea8ec:group-189C0BC6A5CF:LeaderElection38] INFO  server.RaftServerConfigKeys (ConfUtils.java:logGet(43)) - raft.server.watch.timeout.denomination = 1s (default)
2019-09-04 10:20:48,478 [cee6fd1a-0056-495e-9ac0-062657fea8ec:group-189C0BC6A5CF:LeaderElection38] INFO  server.RaftServerConfigKeys (ConfUtils.java:logGet(43)) - raft.server.watch.element-limit = 65536 (default)
2019-09-04 10:20:48,478 [cee6fd1a-0056-495e-9ac0-062657fea8ec:group-189C0BC6A5CF:LeaderElection38] INFO  impl.RoleInfo (RoleInfo.java:updateAndGet(143)) - cee6fd1a-0056-495e-9ac0-062657fea8ec: start LeaderState
2019-09-04 10:20:48,478 [cee6fd1a-0056-495e-9ac0-062657fea8ec:group-189C0BC6A5CF:LeaderElection38] INFO  segmented.SegmentedRaftLogWorker (SegmentedRaftLogWorker.java:startLogSegment(380)) - cee6fd1a-0056-495e-9ac0-062657fea8ec-SegmentedRaftLogWorker:Storage Directory /workdir/hadoop-ozone/integration-test/target/test-dir/MiniOzoneClusterImpl-33f8f071-44a0-4994-988d-ac099cede435/datanode-5/data/ratis/83cce83e-a70b-49b6-a451-189c0bc6a5cf: Starting segment from index:0
2019-09-04 10:20:48,479 [cee6fd1a-0056-495e-9ac0-062657fea8ec:group-189C0BC6A5CF:LeaderElection38] INFO  impl.RaftServerImpl (ServerState.java:setRaftConf(361)) - cee6fd1a-0056-495e-9ac0-062657fea8ec:group-189C0BC6A5CF set configuration 0: [cee6fd1a-0056-495e-9ac0-062657fea8ec:192.168.36.67:46421], old=null at 0
2019-09-04 10:20:48,508 | INFO  | SCMAudit | user=jenkins1000 | ip=192.168.36.67 | op=SEND_HEARTBEAT {datanodeUUID=47c024b4-7de6-461d-beea-bdd3c0c5d1f2, command=[]} | ret=SUCCESS |  
2019-09-04 10:20:48,522 [cee6fd1a-0056-495e-9ac0-062657fea8ec-SegmentedRaftLogWorker:Storage Directory /workdir/hadoop-ozone/integration-test/target/test-dir/MiniOzoneClusterImpl-33f8f071-44a0-4994-988d-ac099cede435/datanode-5/data/ratis/83cce83e-a70b-49b6-a451-189c0bc6a5cf] INFO  segmented.SegmentedRaftLogWorker (SegmentedRaftLogWorker.java:execute(569)) - cee6fd1a-0056-495e-9ac0-062657fea8ec-SegmentedRaftLogWorker:Storage Directory /workdir/hadoop-ozone/integration-test/target/test-dir/MiniOzoneClusterImpl-33f8f071-44a0-4994-988d-ac099cede435/datanode-5/data/ratis/83cce83e-a70b-49b6-a451-189c0bc6a5cf: created new log segment /workdir/hadoop-ozone/integration-test/target/test-dir/MiniOzoneClusterImpl-33f8f071-44a0-4994-988d-ac099cede435/datanode-5/data/ratis/83cce83e-a70b-49b6-a451-189c0bc6a5cf/current/log_inprogress_0
2019-09-04 10:20:48,555 | INFO  | SCMAudit | user=jenkins1000 | ip=192.168.36.67 | op=SEND_HEARTBEAT {datanodeUUID=3a0b8454-8ed6-4987-a4d0-b1a706cd33a1, command=[]} | ret=SUCCESS |  
2019-09-04 10:20:48,628 [Thread-1485] INFO  impl.FollowerState (FollowerState.java:run(106)) - cee6fd1a-0056-495e-9ac0-062657fea8ec:group-A062E2DAD22B changes to CANDIDATE, lastRpcTime:5113, electionTimeout:5113ms
2019-09-04 10:20:48,628 [Thread-1485] INFO  impl.RoleInfo (RoleInfo.java:shutdownFollowerState(121)) - cee6fd1a-0056-495e-9ac0-062657fea8ec: shutdown FollowerState
2019-09-04 10:20:48,628 [Thread-1485] INFO  impl.RaftServerImpl (RaftServerImpl.java:setRole(171)) - cee6fd1a-0056-495e-9ac0-062657fea8ec:group-A062E2DAD22B changes role from FOLLOWER to CANDIDATE at term 0 for changeToCandidate
2019-09-04 10:20:48,628 [Thread-1485] INFO  impl.RoleInfo (RoleInfo.java:updateAndGet(143)) - cee6fd1a-0056-495e-9ac0-062657fea8ec: start LeaderElection
2019-09-04 10:20:48,635 [Thread-1492] INFO  impl.FollowerState (FollowerState.java:run(106)) - 3a0b8454-8ed6-4987-a4d0-b1a706cd33a1:group-A221B993EF7B changes to CANDIDATE, lastRpcTime:5031, electionTimeout:5031ms
2019-09-04 10:20:48,635 [Thread-1492] INFO  impl.RoleInfo (RoleInfo.java:shutdownFollowerState(121)) - 3a0b8454-8ed6-4987-a4d0-b1a706cd33a1: shutdown FollowerState
2019-09-04 10:20:48,635 [Thread-1492] INFO  impl.RaftServerImpl (RaftServerImpl.java:setRole(171)) - 3a0b8454-8ed6-4987-a4d0-b1a706cd33a1:group-A221B993EF7B changes role from FOLLOWER to CANDIDATE at term 0 for changeToCandidate
2019-09-04 10:20:48,635 [Thread-1492] INFO  impl.RoleInfo (RoleInfo.java:updateAndGet(143)) - 3a0b8454-8ed6-4987-a4d0-b1a706cd33a1: start LeaderElection
2019-09-04 10:20:48,648 [cee6fd1a-0056-495e-9ac0-062657fea8ec:group-A062E2DAD22B:LeaderElection39] INFO  impl.LeaderElection (LeaderElection.java:askForVotes(181)) - cee6fd1a-0056-495e-9ac0-062657fea8ec:group-A062E2DAD22B:LeaderElection39: begin an election at term 1 for -1: [cee6fd1a-0056-495e-9ac0-062657fea8ec:192.168.36.67:46421, 3e474884-35a6-4d0e-9182-1f7ba1b5278d:192.168.36.67:43324, 32ef6b17-1e2d-4584-8afd-1c1a8720ce48:192.168.36.67:34017], old=null
2019-09-04 10:20:48,648 [3a0b8454-8ed6-4987-a4d0-b1a706cd33a1:group-A221B993EF7B:LeaderElection40] INFO  impl.LeaderElection (LeaderElection.java:askForVotes(181)) - 3a0b8454-8ed6-4987-a4d0-b1a706cd33a1:group-A221B993EF7B:LeaderElection40: begin an election at term 1 for -1: [3a0b8454-8ed6-4987-a4d0-b1a706cd33a1:192.168.36.67:40443], old=null
2019-09-04 10:20:48,648 [3a0b8454-8ed6-4987-a4d0-b1a706cd33a1:group-A221B993EF7B:LeaderElection40] INFO  impl.RoleInfo (RoleInfo.java:shutdownLeaderElection(134)) - 3a0b8454-8ed6-4987-a4d0-b1a706cd33a1: shutdown LeaderElection
2019-09-04 10:20:48,648 [3a0b8454-8ed6-4987-a4d0-b1a706cd33a1:group-A221B993EF7B:LeaderElection40] INFO  impl.RaftServerImpl (RaftServerImpl.java:setRole(171)) - 3a0b8454-8ed6-4987-a4d0-b1a706cd33a1:group-A221B993EF7B changes role from CANDIDATE to LEADER at term 1 for changeToLeader
2019-09-04 10:20:48,648 [3a0b8454-8ed6-4987-a4d0-b1a706cd33a1:group-A221B993EF7B:LeaderElection40] INFO  impl.RaftServerImpl (ServerState.java:setLeader(263)) - 3a0b8454-8ed6-4987-a4d0-b1a706cd33a1:group-A221B993EF7B change Leader from null to 3a0b8454-8ed6-4987-a4d0-b1a706cd33a1 at term 1 for becomeLeader, leader elected after 5049ms
2019-09-04 10:20:48,648 [3a0b8454-8ed6-4987-a4d0-b1a706cd33a1:group-A221B993EF7B:LeaderElection40] INFO  server.RaftServerConfigKeys (ConfUtils.java:logGet(43)) - raft.server.staging.catchup.gap = 1000 (default)
2019-09-04 10:20:48,648 [3a0b8454-8ed6-4987-a4d0-b1a706cd33a1:group-A221B993EF7B:LeaderElection40] INFO  server.RaftServerConfigKeys (ConfUtils.java:logGet(43)) - raft.server.rpc.sleep.time = 25ms (default)
2019-09-04 10:20:48,648 [3a0b8454-8ed6-4987-a4d0-b1a706cd33a1:group-A221B993EF7B:LeaderElection40] INFO  server.RaftServerConfigKeys (ConfUtils.java:logGet(43)) - raft.server.write.element-limit = 4096 (default)
2019-09-04 10:20:48,649 [3a0b8454-8ed6-4987-a4d0-b1a706cd33a1:group-A221B993EF7B:LeaderElection40] INFO  server.RaftServerConfigKeys (ConfUtils.java:logGet(43)) - raft.server.watch.timeout = 10s (default)
2019-09-04 10:20:48,649 [3a0b8454-8ed6-4987-a4d0-b1a706cd33a1:group-A221B993EF7B:LeaderElection40] INFO  server.RaftServerConfigKeys (ConfUtils.java:logGet(43)) - raft.server.watch.timeout.denomination = 1s (default)
2019-09-04 10:20:48,649 [3a0b8454-8ed6-4987-a4d0-b1a706cd33a1:group-A221B993EF7B:LeaderElection40] INFO  server.RaftServerConfigKeys (ConfUtils.java:logGet(43)) - raft.server.watch.element-limit = 65536 (default)
2019-09-04 10:20:48,649 [3a0b8454-8ed6-4987-a4d0-b1a706cd33a1:group-A221B993EF7B:LeaderElection40] INFO  impl.RoleInfo (RoleInfo.java:updateAndGet(143)) - 3a0b8454-8ed6-4987-a4d0-b1a706cd33a1: start LeaderState
2019-09-04 10:20:48,649 [3a0b8454-8ed6-4987-a4d0-b1a706cd33a1:group-A221B993EF7B:LeaderElection40] INFO  segmented.SegmentedRaftLogWorker (SegmentedRaftLogWorker.java:startLogSegment(380)) - 3a0b8454-8ed6-4987-a4d0-b1a706cd33a1-SegmentedRaftLogWorker:Storage Directory /workdir/hadoop-ozone/integration-test/target/test-dir/MiniOzoneClusterImpl-33f8f071-44a0-4994-988d-ac099cede435/datanode-6/data/ratis/90984899-75bc-4730-8ad4-a221b993ef7b: Starting segment from index:0
2019-09-04 10:20:48,650 [3a0b8454-8ed6-4987-a4d0-b1a706cd33a1:group-A221B993EF7B:LeaderElection40] INFO  impl.RaftServerImpl (ServerState.java:setRaftConf(361)) - 3a0b8454-8ed6-4987-a4d0-b1a706cd33a1:group-A221B993EF7B set configuration 0: [3a0b8454-8ed6-4987-a4d0-b1a706cd33a1:192.168.36.67:40443], old=null at 0
2019-09-04 10:20:48,678 [grpc-default-executor-0] INFO  impl.RaftServerImpl (RaftServerImpl.java:setRole(171)) - 3e474884-35a6-4d0e-9182-1f7ba1b5278d:group-A062E2DAD22B changes role from FOLLOWER to FOLLOWER at term 1 for recognizeCandidate:cee6fd1a-0056-495e-9ac0-062657fea8ec
2019-09-04 10:20:48,678 [grpc-default-executor-1] INFO  impl.RaftServerImpl (RaftServerImpl.java:setRole(171)) - 32ef6b17-1e2d-4584-8afd-1c1a8720ce48:group-A062E2DAD22B changes role from FOLLOWER to FOLLOWER at term 1 for recognizeCandidate:cee6fd1a-0056-495e-9ac0-062657fea8ec
2019-09-04 10:20:48,678 [grpc-default-executor-0] INFO  impl.RoleInfo (RoleInfo.java:shutdownFollowerState(121)) - 3e474884-35a6-4d0e-9182-1f7ba1b5278d: shutdown FollowerState
2019-09-04 10:20:48,678 [grpc-default-executor-1] INFO  impl.RoleInfo (RoleInfo.java:shutdownFollowerState(121)) - 32ef6b17-1e2d-4584-8afd-1c1a8720ce48: shutdown FollowerState
2019-09-04 10:20:48,678 [grpc-default-executor-0] INFO  impl.RoleInfo (RoleInfo.java:updateAndGet(143)) - 3e474884-35a6-4d0e-9182-1f7ba1b5278d: start FollowerState
2019-09-04 10:20:48,678 [Thread-1489] INFO  impl.FollowerState (FollowerState.java:run(114)) - 32ef6b17-1e2d-4584-8afd-1c1a8720ce48: FollowerState was interrupted: java.lang.InterruptedException: sleep interrupted
2019-09-04 10:20:48,678 [Thread-1483] INFO  impl.FollowerState (FollowerState.java:run(114)) - 3e474884-35a6-4d0e-9182-1f7ba1b5278d: FollowerState was interrupted: java.lang.InterruptedException: sleep interrupted
2019-09-04 10:20:48,678 [grpc-default-executor-1] INFO  impl.RoleInfo (RoleInfo.java:updateAndGet(143)) - 32ef6b17-1e2d-4584-8afd-1c1a8720ce48: start FollowerState
2019-09-04 10:20:48,700 [3a0b8454-8ed6-4987-a4d0-b1a706cd33a1-SegmentedRaftLogWorker:Storage Directory /workdir/hadoop-ozone/integration-test/target/test-dir/MiniOzoneClusterImpl-33f8f071-44a0-4994-988d-ac099cede435/datanode-6/data/ratis/90984899-75bc-4730-8ad4-a221b993ef7b] INFO  segmented.SegmentedRaftLogWorker (SegmentedRaftLogWorker.java:execute(569)) - 3a0b8454-8ed6-4987-a4d0-b1a706cd33a1-SegmentedRaftLogWorker:Storage Directory /workdir/hadoop-ozone/integration-test/target/test-dir/MiniOzoneClusterImpl-33f8f071-44a0-4994-988d-ac099cede435/datanode-6/data/ratis/90984899-75bc-4730-8ad4-a221b993ef7b: created new log segment /workdir/hadoop-ozone/integration-test/target/test-dir/MiniOzoneClusterImpl-33f8f071-44a0-4994-988d-ac099cede435/datanode-6/data/ratis/90984899-75bc-4730-8ad4-a221b993ef7b/current/log_inprogress_0
2019-09-04 10:20:48,710 [cee6fd1a-0056-495e-9ac0-062657fea8ec:group-A062E2DAD22B:LeaderElection39] INFO  impl.LeaderElection (LeaderElection.java:logAndReturn(56)) - cee6fd1a-0056-495e-9ac0-062657fea8ec:group-A062E2DAD22B:LeaderElection39: Election PASSED; received 1 response(s) [cee6fd1a-0056-495e-9ac0-062657fea8ec<-32ef6b17-1e2d-4584-8afd-1c1a8720ce48#0:OK-t1] and 0 exception(s); cee6fd1a-0056-495e-9ac0-062657fea8ec:t1, leader=null, voted=cee6fd1a-0056-495e-9ac0-062657fea8ec, raftlog=cee6fd1a-0056-495e-9ac0-062657fea8ec-SegmentedRaftLog:OPENED:c-1,f-1,i0, conf=-1: [cee6fd1a-0056-495e-9ac0-062657fea8ec:192.168.36.67:46421, 3e474884-35a6-4d0e-9182-1f7ba1b5278d:192.168.36.67:43324, 32ef6b17-1e2d-4584-8afd-1c1a8720ce48:192.168.36.67:34017], old=null
2019-09-04 10:20:48,710 [cee6fd1a-0056-495e-9ac0-062657fea8ec:group-A062E2DAD22B:LeaderElection39] INFO  impl.RoleInfo (RoleInfo.java:shutdownLeaderElection(134)) - cee6fd1a-0056-495e-9ac0-062657fea8ec: shutdown LeaderElection
2019-09-04 10:20:48,710 [cee6fd1a-0056-495e-9ac0-062657fea8ec:group-A062E2DAD22B:LeaderElection39] INFO  impl.RaftServerImpl (RaftServerImpl.java:setRole(171)) - cee6fd1a-0056-495e-9ac0-062657fea8ec:group-A062E2DAD22B changes role from CANDIDATE to LEADER at term 1 for changeToLeader
2019-09-04 10:20:48,710 [cee6fd1a-0056-495e-9ac0-062657fea8ec:group-A062E2DAD22B:LeaderElection39] INFO  impl.RaftServerImpl (ServerState.java:setLeader(263)) - cee6fd1a-0056-495e-9ac0-062657fea8ec:group-A062E2DAD22B change Leader from null to cee6fd1a-0056-495e-9ac0-062657fea8ec at term 1 for becomeLeader, leader elected after 5203ms
2019-09-04 10:20:48,710 [cee6fd1a-0056-495e-9ac0-062657fea8ec:group-A062E2DAD22B:LeaderElection39] INFO  server.RaftServerConfigKeys (ConfUtils.java:logGet(43)) - raft.server.staging.catchup.gap = 1000 (default)
2019-09-04 10:20:48,710 [cee6fd1a-0056-495e-9ac0-062657fea8ec:group-A062E2DAD22B:LeaderElection39] INFO  server.RaftServerConfigKeys (ConfUtils.java:logGet(43)) - raft.server.rpc.sleep.time = 25ms (default)
2019-09-04 10:20:48,710 [cee6fd1a-0056-495e-9ac0-062657fea8ec:group-A062E2DAD22B:LeaderElection39] INFO  server.RaftServerConfigKeys (ConfUtils.java:logGet(43)) - raft.server.write.element-limit = 4096 (default)
2019-09-04 10:20:48,711 [cee6fd1a-0056-495e-9ac0-062657fea8ec:group-A062E2DAD22B:LeaderElection39] INFO  server.RaftServerConfigKeys (ConfUtils.java:logGet(43)) - raft.server.watch.timeout = 10s (default)
2019-09-04 10:20:48,711 [cee6fd1a-0056-495e-9ac0-062657fea8ec:group-A062E2DAD22B:LeaderElection39] INFO  server.RaftServerConfigKeys (ConfUtils.java:logGet(43)) - raft.server.watch.timeout.denomination = 1s (default)
2019-09-04 10:20:48,711 [cee6fd1a-0056-495e-9ac0-062657fea8ec:group-A062E2DAD22B:LeaderElection39] INFO  server.RaftServerConfigKeys (ConfUtils.java:logGet(43)) - raft.server.watch.element-limit = 65536 (default)
2019-09-04 10:20:48,711 [cee6fd1a-0056-495e-9ac0-062657fea8ec:group-A062E2DAD22B:LeaderElection39] INFO  server.RaftServerConfigKeys (ConfUtils.java:logGet(43)) - raft.server.log.appender.snapshot.chunk.size.max = 16MB (=16777216) (default)
2019-09-04 10:20:48,711 [cee6fd1a-0056-495e-9ac0-062657fea8ec:group-A062E2DAD22B:LeaderElection39] INFO  server.RaftServerConfigKeys (ConfUtils.java:logGet(43)) - raft.server.log.appender.buffer.byte-limit = 33554432 (custom)
2019-09-04 10:20:48,711 [cee6fd1a-0056-495e-9ac0-062657fea8ec:group-A062E2DAD22B:LeaderElection39] INFO  server.RaftServerConfigKeys (ConfUtils.java:logGet(43)) - raft.server.log.appender.buffer.element-limit = 1 (custom)
2019-09-04 10:20:48,711 [cee6fd1a-0056-495e-9ac0-062657fea8ec:group-A062E2DAD22B:LeaderElection39] INFO  grpc.GrpcConfigKeys$Server (ConfUtils.java:logGet(43)) - raft.grpc.server.leader.outstanding.appends.max = 128 (default)
2019-09-04 10:20:48,711 [cee6fd1a-0056-495e-9ac0-062657fea8ec:group-A062E2DAD22B:LeaderElection39] INFO  server.RaftServerConfigKeys (ConfUtils.java:logGet(43)) - raft.server.rpc.request.timeout = 3000ms (default)
2019-09-04 10:20:48,712 [cee6fd1a-0056-495e-9ac0-062657fea8ec:group-A062E2DAD22B:LeaderElection39] INFO  server.RaftServerConfigKeys (ConfUtils.java:logGet(43)) - raft.server.log.appender.install.snapshot.enabled = false (custom)
2019-09-04 10:20:48,712 [cee6fd1a-0056-495e-9ac0-062657fea8ec:group-A062E2DAD22B:LeaderElection39] INFO  server.RaftServerConfigKeys (ConfUtils.java:logGet(43)) - raft.server.log.appender.snapshot.chunk.size.max = 16MB (=16777216) (default)
2019-09-04 10:20:48,712 [cee6fd1a-0056-495e-9ac0-062657fea8ec:group-A062E2DAD22B:LeaderElection39] INFO  server.RaftServerConfigKeys (ConfUtils.java:logGet(43)) - raft.server.log.appender.buffer.byte-limit = 33554432 (custom)
2019-09-04 10:20:48,712 [cee6fd1a-0056-495e-9ac0-062657fea8ec:group-A062E2DAD22B:LeaderElection39] INFO  server.RaftServerConfigKeys (ConfUtils.java:logGet(43)) - raft.server.log.appender.buffer.element-limit = 1 (custom)
2019-09-04 10:20:48,712 [cee6fd1a-0056-495e-9ac0-062657fea8ec:group-A062E2DAD22B:LeaderElection39] INFO  grpc.GrpcConfigKeys$Server (ConfUtils.java:logGet(43)) - raft.grpc.server.leader.outstanding.appends.max = 128 (default)
2019-09-04 10:20:48,712 [cee6fd1a-0056-495e-9ac0-062657fea8ec:group-A062E2DAD22B:LeaderElection39] INFO  server.RaftServerConfigKeys (ConfUtils.java:logGet(43)) - raft.server.rpc.request.timeout = 3000ms (default)
2019-09-04 10:20:48,712 [cee6fd1a-0056-495e-9ac0-062657fea8ec:group-A062E2DAD22B:LeaderElection39] INFO  server.RaftServerConfigKeys (ConfUtils.java:logGet(43)) - raft.server.log.appender.install.snapshot.enabled = false (custom)
2019-09-04 10:20:48,712 [cee6fd1a-0056-495e-9ac0-062657fea8ec:group-A062E2DAD22B:LeaderElection39] INFO  impl.RoleInfo (RoleInfo.java:updateAndGet(143)) - cee6fd1a-0056-495e-9ac0-062657fea8ec: start LeaderState
2019-09-04 10:20:48,713 [cee6fd1a-0056-495e-9ac0-062657fea8ec:group-A062E2DAD22B:LeaderElection39] INFO  segmented.SegmentedRaftLogWorker (SegmentedRaftLogWorker.java:startLogSegment(380)) - cee6fd1a-0056-495e-9ac0-062657fea8ec-SegmentedRaftLogWorker:Storage Directory /workdir/hadoop-ozone/integration-test/target/test-dir/MiniOzoneClusterImpl-33f8f071-44a0-4994-988d-ac099cede435/datanode-5/data/ratis/16ea8032-0411-4db9-ba57-a062e2dad22b: Starting segment from index:0
2019-09-04 10:20:48,740 [cee6fd1a-0056-495e-9ac0-062657fea8ec:group-A062E2DAD22B:LeaderElection39] INFO  impl.RaftServerImpl (ServerState.java:setRaftConf(361)) - cee6fd1a-0056-495e-9ac0-062657fea8ec:group-A062E2DAD22B set configuration 0: [cee6fd1a-0056-495e-9ac0-062657fea8ec:192.168.36.67:46421, 3e474884-35a6-4d0e-9182-1f7ba1b5278d:192.168.36.67:43324, 32ef6b17-1e2d-4584-8afd-1c1a8720ce48:192.168.36.67:34017], old=null at 0
2019-09-04 10:20:48,744 | INFO  | SCMAudit | user=jenkins1000 | ip=192.168.36.67 | op=SEND_HEARTBEAT {datanodeUUID=3e474884-35a6-4d0e-9182-1f7ba1b5278d, command=[]} | ret=SUCCESS |  
2019-09-04 10:20:48,744 [grpc-default-executor-0] INFO  impl.RaftServerImpl (ServerState.java:setLeader(263)) - 3e474884-35a6-4d0e-9182-1f7ba1b5278d:group-A062E2DAD22B change Leader from null to cee6fd1a-0056-495e-9ac0-062657fea8ec at term 1 for appendEntries, leader elected after 5237ms
2019-09-04 10:20:48,748 [grpc-default-executor-2] INFO  impl.RaftServerImpl (ServerState.java:setLeader(263)) - 32ef6b17-1e2d-4584-8afd-1c1a8720ce48:group-A062E2DAD22B change Leader from null to cee6fd1a-0056-495e-9ac0-062657fea8ec at term 1 for appendEntries, leader elected after 5240ms
2019-09-04 10:20:48,753 [cee6fd1a-0056-495e-9ac0-062657fea8ec-SegmentedRaftLogWorker:Storage Directory /workdir/hadoop-ozone/integration-test/target/test-dir/MiniOzoneClusterImpl-33f8f071-44a0-4994-988d-ac099cede435/datanode-5/data/ratis/16ea8032-0411-4db9-ba57-a062e2dad22b] INFO  segmented.SegmentedRaftLogWorker (SegmentedRaftLogWorker.java:execute(569)) - cee6fd1a-0056-495e-9ac0-062657fea8ec-SegmentedRaftLogWorker:Storage Directory /workdir/hadoop-ozone/integration-test/target/test-dir/MiniOzoneClusterImpl-33f8f071-44a0-4994-988d-ac099cede435/datanode-5/data/ratis/16ea8032-0411-4db9-ba57-a062e2dad22b: created new log segment /workdir/hadoop-ozone/integration-test/target/test-dir/MiniOzoneClusterImpl-33f8f071-44a0-4994-988d-ac099cede435/datanode-5/data/ratis/16ea8032-0411-4db9-ba57-a062e2dad22b/current/log_inprogress_0
2019-09-04 10:20:48,753 [grpc-default-executor-2] INFO  client.GrpcClientProtocolClient (GrpcClientProtocolClient.java:onNext(255)) - client-4BF7FB8B3AFF->d4a64dff-3e06-4a28-9978-4bedd6b3eed2: receive RaftClientReply:client-4BF7FB8B3AFF->d4a64dff-3e06-4a28-9978-4bedd6b3eed2@group-E945F0F43A71, cid=66, FAILED org.apache.ratis.protocol.NotLeaderException: Server d4a64dff-3e06-4a28-9978-4bedd6b3eed2 is not the leader (null). Request must be sent to leader., logIndex=0, commits[d4a64dff-3e06-4a28-9978-4bedd6b3eed2:c-1]
2019-09-04 10:20:48,755 [grpc-default-executor-1] INFO  impl.RaftServerImpl (ServerState.java:setRaftConf(361)) - 32ef6b17-1e2d-4584-8afd-1c1a8720ce48:group-A062E2DAD22B set configuration 0: [cee6fd1a-0056-495e-9ac0-062657fea8ec:192.168.36.67:46421, 3e474884-35a6-4d0e-9182-1f7ba1b5278d:192.168.36.67:43324, 32ef6b17-1e2d-4584-8afd-1c1a8720ce48:192.168.36.67:34017], old=null at 0
2019-09-04 10:20:48,756 [grpc-default-executor-2] INFO  impl.RaftServerImpl (ServerState.java:setRaftConf(361)) - 3e474884-35a6-4d0e-9182-1f7ba1b5278d:group-A062E2DAD22B set configuration 0: [cee6fd1a-0056-495e-9ac0-062657fea8ec:192.168.36.67:46421, 3e474884-35a6-4d0e-9182-1f7ba1b5278d:192.168.36.67:43324, 32ef6b17-1e2d-4584-8afd-1c1a8720ce48:192.168.36.67:34017], old=null at 0
2019-09-04 10:20:48,756 [grpc-default-executor-1] INFO  segmented.SegmentedRaftLogWorker (SegmentedRaftLogWorker.java:startLogSegment(380)) - 32ef6b17-1e2d-4584-8afd-1c1a8720ce48-SegmentedRaftLogWorker:Storage Directory /workdir/hadoop-ozone/integration-test/target/test-dir/MiniOzoneClusterImpl-33f8f071-44a0-4994-988d-ac099cede435/datanode-4/data/ratis/16ea8032-0411-4db9-ba57-a062e2dad22b: Starting segment from index:0
2019-09-04 10:20:48,756 [grpc-default-executor-2] INFO  segmented.SegmentedRaftLogWorker (SegmentedRaftLogWorker.java:startLogSegment(380)) - 3e474884-35a6-4d0e-9182-1f7ba1b5278d-SegmentedRaftLogWorker:Storage Directory /workdir/hadoop-ozone/integration-test/target/test-dir/MiniOzoneClusterImpl-33f8f071-44a0-4994-988d-ac099cede435/datanode-3/data/ratis/16ea8032-0411-4db9-ba57-a062e2dad22b: Starting segment from index:0
2019-09-04 10:20:48,794 [32ef6b17-1e2d-4584-8afd-1c1a8720ce48-SegmentedRaftLogWorker:Storage Directory /workdir/hadoop-ozone/integration-test/target/test-dir/MiniOzoneClusterImpl-33f8f071-44a0-4994-988d-ac099cede435/datanode-4/data/ratis/16ea8032-0411-4db9-ba57-a062e2dad22b] INFO  segmented.SegmentedRaftLogWorker (SegmentedRaftLogWorker.java:execute(569)) - 32ef6b17-1e2d-4584-8afd-1c1a8720ce48-SegmentedRaftLogWorker:Storage Directory /workdir/hadoop-ozone/integration-test/target/test-dir/MiniOzoneClusterImpl-33f8f071-44a0-4994-988d-ac099cede435/datanode-4/data/ratis/16ea8032-0411-4db9-ba57-a062e2dad22b: created new log segment /workdir/hadoop-ozone/integration-test/target/test-dir/MiniOzoneClusterImpl-33f8f071-44a0-4994-988d-ac099cede435/datanode-4/data/ratis/16ea8032-0411-4db9-ba57-a062e2dad22b/current/log_inprogress_0
2019-09-04 10:20:48,794 [3e474884-35a6-4d0e-9182-1f7ba1b5278d-SegmentedRaftLogWorker:Storage Directory /workdir/hadoop-ozone/integration-test/target/test-dir/MiniOzoneClusterImpl-33f8f071-44a0-4994-988d-ac099cede435/datanode-3/data/ratis/16ea8032-0411-4db9-ba57-a062e2dad22b] INFO  segmented.SegmentedRaftLogWorker (SegmentedRaftLogWorker.java:execute(569)) - 3e474884-35a6-4d0e-9182-1f7ba1b5278d-SegmentedRaftLogWorker:Storage Directory /workdir/hadoop-ozone/integration-test/target/test-dir/MiniOzoneClusterImpl-33f8f071-44a0-4994-988d-ac099cede435/datanode-3/data/ratis/16ea8032-0411-4db9-ba57-a062e2dad22b: created new log segment /workdir/hadoop-ozone/integration-test/target/test-dir/MiniOzoneClusterImpl-33f8f071-44a0-4994-988d-ac099cede435/datanode-3/data/ratis/16ea8032-0411-4db9-ba57-a062e2dad22b/current/log_inprogress_0
2019-09-04 10:20:48,922 | INFO  | SCMAudit | user=jenkins1000 | ip=192.168.36.67 | op=SEND_HEARTBEAT {datanodeUUID=32ef6b17-1e2d-4584-8afd-1c1a8720ce48, command=[]} | ret=SUCCESS |  
2019-09-04 10:20:49,031 | INFO  | SCMAudit | user=jenkins1000 | ip=192.168.36.67 | op=SEND_HEARTBEAT {datanodeUUID=c7a9ee65-e3ca-4ad9-94cf-b47b6f91e6ab, command=[]} | ret=SUCCESS |  
2019-09-04 10:20:49,298 | INFO  | SCMAudit | user=jenkins1000 | ip=192.168.36.67 | op=SEND_HEARTBEAT {datanodeUUID=d4a64dff-3e06-4a28-9978-4bedd6b3eed2, command=[]} | ret=SUCCESS |  
2019-09-04 10:20:49,365 | INFO  | SCMAudit | user=jenkins1000 | ip=192.168.36.67 | op=SEND_HEARTBEAT {datanodeUUID=cee6fd1a-0056-495e-9ac0-062657fea8ec, command=[]} | ret=SUCCESS |  
2019-09-04 10:20:49,508 | INFO  | SCMAudit | user=jenkins1000 | ip=192.168.36.67 | op=SEND_HEARTBEAT {datanodeUUID=47c024b4-7de6-461d-beea-bdd3c0c5d1f2, command=[]} | ret=SUCCESS |  
2019-09-04 10:20:49,555 | INFO  | SCMAudit | user=jenkins1000 | ip=192.168.36.67 | op=SEND_HEARTBEAT {datanodeUUID=3a0b8454-8ed6-4987-a4d0-b1a706cd33a1, command=[]} | ret=SUCCESS |  
2019-09-04 10:20:49,712 | INFO  | SCMAudit | user=jenkins1000 | ip=192.168.36.67 | op=SEND_HEARTBEAT {datanodeUUID=3e474884-35a6-4d0e-9182-1f7ba1b5278d, command=[]} | ret=SUCCESS |  
2019-09-04 10:20:49,763 [grpc-default-executor-1] INFO  client.GrpcClientProtocolClient (GrpcClientProtocolClient.java:onNext(255)) - client-4BF7FB8B3AFF->47c024b4-7de6-461d-beea-bdd3c0c5d1f2: receive RaftClientReply:client-4BF7FB8B3AFF->47c024b4-7de6-461d-beea-bdd3c0c5d1f2@group-E945F0F43A71, cid=66, FAILED org.apache.ratis.protocol.NotLeaderException: Server 47c024b4-7de6-461d-beea-bdd3c0c5d1f2 is not the leader (null). Request must be sent to leader., logIndex=0, commits[47c024b4-7de6-461d-beea-bdd3c0c5d1f2:c-1, c7a9ee65-e3ca-4ad9-94cf-b47b6f91e6ab:c-1, d4a64dff-3e06-4a28-9978-4bedd6b3eed2:c-1]
2019-09-04 10:20:49,922 | INFO  | SCMAudit | user=jenkins1000 | ip=192.168.36.67 | op=SEND_HEARTBEAT {datanodeUUID=32ef6b17-1e2d-4584-8afd-1c1a8720ce48, command=[]} | ret=SUCCESS |  
2019-09-04 10:20:50,031 | INFO  | SCMAudit | user=jenkins1000 | ip=192.168.36.67 | op=SEND_HEARTBEAT {datanodeUUID=c7a9ee65-e3ca-4ad9-94cf-b47b6f91e6ab, command=[]} | ret=SUCCESS |  
2019-09-04 10:20:50,298 | INFO  | SCMAudit | user=jenkins1000 | ip=192.168.36.67 | op=SEND_HEARTBEAT {datanodeUUID=d4a64dff-3e06-4a28-9978-4bedd6b3eed2, command=[]} | ret=SUCCESS |  
2019-09-04 10:20:50,366 | INFO  | SCMAudit | user=jenkins1000 | ip=192.168.36.67 | op=SEND_HEARTBEAT {datanodeUUID=cee6fd1a-0056-495e-9ac0-062657fea8ec, command=[]} | ret=SUCCESS |  
2019-09-04 10:20:50,507 | INFO  | SCMAudit | user=jenkins1000 | ip=192.168.36.67 | op=SEND_HEARTBEAT {datanodeUUID=47c024b4-7de6-461d-beea-bdd3c0c5d1f2, command=[]} | ret=SUCCESS |  
2019-09-04 10:20:50,554 | INFO  | SCMAudit | user=jenkins1000 | ip=192.168.36.67 | op=SEND_HEARTBEAT {datanodeUUID=3a0b8454-8ed6-4987-a4d0-b1a706cd33a1, command=[]} | ret=SUCCESS |  
2019-09-04 10:20:50,712 | INFO  | SCMAudit | user=jenkins1000 | ip=192.168.36.67 | op=SEND_HEARTBEAT {datanodeUUID=3e474884-35a6-4d0e-9182-1f7ba1b5278d, command=[]} | ret=SUCCESS |  
2019-09-04 10:20:50,784 [grpc-default-executor-2] INFO  client.GrpcClientProtocolClient (GrpcClientProtocolClient.java:onNext(255)) - client-4BF7FB8B3AFF->c7a9ee65-e3ca-4ad9-94cf-b47b6f91e6ab: receive RaftClientReply:client-4BF7FB8B3AFF->c7a9ee65-e3ca-4ad9-94cf-b47b6f91e6ab@group-E945F0F43A71, cid=66, FAILED org.apache.ratis.protocol.NotLeaderException: Server c7a9ee65-e3ca-4ad9-94cf-b47b6f91e6ab is not the leader (null). Request must be sent to leader., logIndex=0, commits[c7a9ee65-e3ca-4ad9-94cf-b47b6f91e6ab:c-1, d4a64dff-3e06-4a28-9978-4bedd6b3eed2:c-1, 47c024b4-7de6-461d-beea-bdd3c0c5d1f2:c-1]
2019-09-04 10:20:50,921 | INFO  | SCMAudit | user=jenkins1000 | ip=192.168.36.67 | op=SEND_HEARTBEAT {datanodeUUID=32ef6b17-1e2d-4584-8afd-1c1a8720ce48, command=[]} | ret=SUCCESS |  
2019-09-04 10:20:51,031 | INFO  | SCMAudit | user=jenkins1000 | ip=192.168.36.67 | op=SEND_HEARTBEAT {datanodeUUID=c7a9ee65-e3ca-4ad9-94cf-b47b6f91e6ab, command=[]} | ret=SUCCESS |  
2019-09-04 10:20:51,298 | INFO  | SCMAudit | user=jenkins1000 | ip=192.168.36.67 | op=SEND_HEARTBEAT {datanodeUUID=d4a64dff-3e06-4a28-9978-4bedd6b3eed2, command=[]} | ret=SUCCESS |  
2019-09-04 10:20:51,365 | INFO  | SCMAudit | user=jenkins1000 | ip=192.168.36.67 | op=SEND_HEARTBEAT {datanodeUUID=cee6fd1a-0056-495e-9ac0-062657fea8ec, command=[]} | ret=SUCCESS |  
2019-09-04 10:20:51,508 | INFO  | SCMAudit | user=jenkins1000 | ip=192.168.36.67 | op=SEND_HEARTBEAT {datanodeUUID=47c024b4-7de6-461d-beea-bdd3c0c5d1f2, command=[]} | ret=SUCCESS |  
2019-09-04 10:20:51,555 | INFO  | SCMAudit | user=jenkins1000 | ip=192.168.36.67 | op=SEND_HEARTBEAT {datanodeUUID=3a0b8454-8ed6-4987-a4d0-b1a706cd33a1, command=[]} | ret=SUCCESS |  
2019-09-04 10:20:51,712 | INFO  | SCMAudit | user=jenkins1000 | ip=192.168.36.67 | op=SEND_HEARTBEAT {datanodeUUID=3e474884-35a6-4d0e-9182-1f7ba1b5278d, command=[]} | ret=SUCCESS |  
2019-09-04 10:20:51,794 [grpc-default-executor-2] INFO  client.GrpcClientProtocolClient (GrpcClientProtocolClient.java:onNext(255)) - client-4BF7FB8B3AFF->47c024b4-7de6-461d-beea-bdd3c0c5d1f2: receive RaftClientReply:client-4BF7FB8B3AFF->47c024b4-7de6-461d-beea-bdd3c0c5d1f2@group-E945F0F43A71, cid=66, FAILED org.apache.ratis.protocol.NotLeaderException: Server 47c024b4-7de6-461d-beea-bdd3c0c5d1f2 is not the leader (null). Request must be sent to leader., logIndex=0, commits[47c024b4-7de6-461d-beea-bdd3c0c5d1f2:c-1, c7a9ee65-e3ca-4ad9-94cf-b47b6f91e6ab:c-1, d4a64dff-3e06-4a28-9978-4bedd6b3eed2:c-1]
2019-09-04 10:20:51,922 | INFO  | SCMAudit | user=jenkins1000 | ip=192.168.36.67 | op=SEND_HEARTBEAT {datanodeUUID=32ef6b17-1e2d-4584-8afd-1c1a8720ce48, command=[]} | ret=SUCCESS |  
2019-09-04 10:20:52,030 | INFO  | SCMAudit | user=jenkins1000 | ip=192.168.36.67 | op=SEND_HEARTBEAT {datanodeUUID=c7a9ee65-e3ca-4ad9-94cf-b47b6f91e6ab, command=[]} | ret=SUCCESS |  
2019-09-04 10:20:52,298 | INFO  | SCMAudit | user=jenkins1000 | ip=192.168.36.67 | op=SEND_HEARTBEAT {datanodeUUID=d4a64dff-3e06-4a28-9978-4bedd6b3eed2, command=[]} | ret=SUCCESS |  
2019-09-04 10:20:52,365 | INFO  | SCMAudit | user=jenkins1000 | ip=192.168.36.67 | op=SEND_HEARTBEAT {datanodeUUID=cee6fd1a-0056-495e-9ac0-062657fea8ec, command=[]} | ret=SUCCESS |  
2019-09-04 10:20:52,507 | INFO  | SCMAudit | user=jenkins1000 | ip=192.168.36.67 | op=SEND_HEARTBEAT {datanodeUUID=47c024b4-7de6-461d-beea-bdd3c0c5d1f2, command=[]} | ret=SUCCESS |  
2019-09-04 10:20:52,554 | INFO  | SCMAudit | user=jenkins1000 | ip=192.168.36.67 | op=SEND_HEARTBEAT {datanodeUUID=3a0b8454-8ed6-4987-a4d0-b1a706cd33a1, command=[]} | ret=SUCCESS |  
2019-09-04 10:20:52,712 | INFO  | SCMAudit | user=jenkins1000 | ip=192.168.36.67 | op=SEND_HEARTBEAT {datanodeUUID=3e474884-35a6-4d0e-9182-1f7ba1b5278d, command=[]} | ret=SUCCESS |  
2019-09-04 10:20:52,731 [Thread-1518] INFO  impl.FollowerState (FollowerState.java:run(106)) - d4a64dff-3e06-4a28-9978-4bedd6b3eed2:group-E945F0F43A71 changes to CANDIDATE, lastRpcTime:5043, electionTimeout:5039ms
2019-09-04 10:20:52,732 [Thread-1518] INFO  impl.RoleInfo (RoleInfo.java:shutdownFollowerState(121)) - d4a64dff-3e06-4a28-9978-4bedd6b3eed2: shutdown FollowerState
2019-09-04 10:20:52,732 [Thread-1518] INFO  impl.RaftServerImpl (RaftServerImpl.java:setRole(171)) - d4a64dff-3e06-4a28-9978-4bedd6b3eed2:group-E945F0F43A71 changes role from FOLLOWER to CANDIDATE at term 2 for changeToCandidate
2019-09-04 10:20:52,732 [Thread-1518] INFO  impl.RoleInfo (RoleInfo.java:updateAndGet(143)) - d4a64dff-3e06-4a28-9978-4bedd6b3eed2: start LeaderElection
2019-09-04 10:20:52,755 [d4a64dff-3e06-4a28-9978-4bedd6b3eed2:group-E945F0F43A71:LeaderElection41] INFO  impl.LeaderElection (LeaderElection.java:askForVotes(181)) - d4a64dff-3e06-4a28-9978-4bedd6b3eed2:group-E945F0F43A71:LeaderElection41: begin an election at term 3 for -1: [c7a9ee65-e3ca-4ad9-94cf-b47b6f91e6ab:192.168.36.67:38558, d4a64dff-3e06-4a28-9978-4bedd6b3eed2:192.168.36.67:45761, 47c024b4-7de6-461d-beea-bdd3c0c5d1f2:192.168.36.67:34136], old=null
2019-09-04 10:20:52,761 [grpc-default-executor-2] INFO  impl.RaftServerImpl (RaftServerImpl.java:setRole(171)) - c7a9ee65-e3ca-4ad9-94cf-b47b6f91e6ab:group-E945F0F43A71 changes role from FOLLOWER to FOLLOWER at term 3 for recognizeCandidate:d4a64dff-3e06-4a28-9978-4bedd6b3eed2
2019-09-04 10:20:52,765 [grpc-default-executor-2] INFO  impl.RoleInfo (RoleInfo.java:shutdownFollowerState(121)) - c7a9ee65-e3ca-4ad9-94cf-b47b6f91e6ab: shutdown FollowerState
2019-09-04 10:20:52,765 [grpc-default-executor-1] INFO  impl.RaftServerImpl (RaftServerImpl.java:setRole(171)) - 47c024b4-7de6-461d-beea-bdd3c0c5d1f2:group-E945F0F43A71 changes role from FOLLOWER to FOLLOWER at term 3 for recognizeCandidate:d4a64dff-3e06-4a28-9978-4bedd6b3eed2
2019-09-04 10:20:52,765 [Thread-1532] INFO  impl.FollowerState (FollowerState.java:run(114)) - c7a9ee65-e3ca-4ad9-94cf-b47b6f91e6ab: FollowerState was interrupted: java.lang.InterruptedException: sleep interrupted
2019-09-04 10:20:52,765 [grpc-default-executor-1] INFO  impl.RoleInfo (RoleInfo.java:shutdownFollowerState(121)) - 47c024b4-7de6-461d-beea-bdd3c0c5d1f2: shutdown FollowerState
2019-09-04 10:20:52,765 [grpc-default-executor-2] INFO  impl.RoleInfo (RoleInfo.java:updateAndGet(143)) - c7a9ee65-e3ca-4ad9-94cf-b47b6f91e6ab: start FollowerState
2019-09-04 10:20:52,766 [Thread-1531] INFO  impl.FollowerState (FollowerState.java:run(114)) - 47c024b4-7de6-461d-beea-bdd3c0c5d1f2: FollowerState was interrupted: java.lang.InterruptedException: sleep interrupted
2019-09-04 10:20:52,766 [grpc-default-executor-1] INFO  impl.RoleInfo (RoleInfo.java:updateAndGet(143)) - 47c024b4-7de6-461d-beea-bdd3c0c5d1f2: start FollowerState
2019-09-04 10:20:52,781 [d4a64dff-3e06-4a28-9978-4bedd6b3eed2:group-E945F0F43A71:LeaderElection41] INFO  impl.LeaderElection (LeaderElection.java:logAndReturn(56)) - d4a64dff-3e06-4a28-9978-4bedd6b3eed2:group-E945F0F43A71:LeaderElection41: Election REJECTED; received 2 response(s) [d4a64dff-3e06-4a28-9978-4bedd6b3eed2<-c7a9ee65-e3ca-4ad9-94cf-b47b6f91e6ab#0:FAIL-t3, d4a64dff-3e06-4a28-9978-4bedd6b3eed2<-47c024b4-7de6-461d-beea-bdd3c0c5d1f2#0:FAIL-t3] and 0 exception(s); d4a64dff-3e06-4a28-9978-4bedd6b3eed2:t3, leader=null, voted=d4a64dff-3e06-4a28-9978-4bedd6b3eed2, raftlog=d4a64dff-3e06-4a28-9978-4bedd6b3eed2-SegmentedRaftLog:OPENED:c-1,f-1,i0, conf=-1: [c7a9ee65-e3ca-4ad9-94cf-b47b6f91e6ab:192.168.36.67:38558, d4a64dff-3e06-4a28-9978-4bedd6b3eed2:192.168.36.67:45761, 47c024b4-7de6-461d-beea-bdd3c0c5d1f2:192.168.36.67:34136], old=null
2019-09-04 10:20:52,781 [d4a64dff-3e06-4a28-9978-4bedd6b3eed2:group-E945F0F43A71:LeaderElection41] INFO  impl.RaftServerImpl (RaftServerImpl.java:setRole(171)) - d4a64dff-3e06-4a28-9978-4bedd6b3eed2:group-E945F0F43A71 changes role from CANDIDATE to FOLLOWER at term 3 for DISCOVERED_A_NEW_TERM
2019-09-04 10:20:52,781 [d4a64dff-3e06-4a28-9978-4bedd6b3eed2:group-E945F0F43A71:LeaderElection41] INFO  impl.RoleInfo (RoleInfo.java:shutdownLeaderElection(134)) - d4a64dff-3e06-4a28-9978-4bedd6b3eed2: shutdown LeaderElection
2019-09-04 10:20:52,781 [d4a64dff-3e06-4a28-9978-4bedd6b3eed2:group-E945F0F43A71:LeaderElection41] INFO  impl.RoleInfo (RoleInfo.java:updateAndGet(143)) - d4a64dff-3e06-4a28-9978-4bedd6b3eed2: start FollowerState
2019-09-04 10:20:52,804 [grpc-default-executor-1] INFO  client.GrpcClientProtocolClient (GrpcClientProtocolClient.java:onNext(255)) - client-4BF7FB8B3AFF->d4a64dff-3e06-4a28-9978-4bedd6b3eed2: receive RaftClientReply:client-4BF7FB8B3AFF->d4a64dff-3e06-4a28-9978-4bedd6b3eed2@group-E945F0F43A71, cid=66, FAILED org.apache.ratis.protocol.NotLeaderException: Server d4a64dff-3e06-4a28-9978-4bedd6b3eed2 is not the leader (null). Request must be sent to leader., logIndex=0, commits[d4a64dff-3e06-4a28-9978-4bedd6b3eed2:c-1]
2019-09-04 10:20:52,921 | INFO  | SCMAudit | user=jenkins1000 | ip=192.168.36.67 | op=SEND_HEARTBEAT {datanodeUUID=32ef6b17-1e2d-4584-8afd-1c1a8720ce48, command=[]} | ret=SUCCESS |  
2019-09-04 10:20:53,031 | INFO  | SCMAudit | user=jenkins1000 | ip=192.168.36.67 | op=SEND_HEARTBEAT {datanodeUUID=c7a9ee65-e3ca-4ad9-94cf-b47b6f91e6ab, command=[]} | ret=SUCCESS |  
2019-09-04 10:20:53,299 | INFO  | SCMAudit | user=jenkins1000 | ip=192.168.36.67 | op=SEND_HEARTBEAT {datanodeUUID=d4a64dff-3e06-4a28-9978-4bedd6b3eed2, command=[]} | ret=SUCCESS |  
2019-09-04 10:20:53,365 | INFO  | SCMAudit | user=jenkins1000 | ip=192.168.36.67 | op=SEND_HEARTBEAT {datanodeUUID=cee6fd1a-0056-495e-9ac0-062657fea8ec, command=[]} | ret=SUCCESS |  
2019-09-04 10:20:53,508 | INFO  | SCMAudit | user=jenkins1000 | ip=192.168.36.67 | op=SEND_HEARTBEAT {datanodeUUID=47c024b4-7de6-461d-beea-bdd3c0c5d1f2, command=[]} | ret=SUCCESS |  
2019-09-04 10:20:53,554 | INFO  | SCMAudit | user=jenkins1000 | ip=192.168.36.67 | op=SEND_HEARTBEAT {datanodeUUID=3a0b8454-8ed6-4987-a4d0-b1a706cd33a1, command=[]} | ret=SUCCESS |  
2019-09-04 10:20:53,712 | INFO  | SCMAudit | user=jenkins1000 | ip=192.168.36.67 | op=SEND_HEARTBEAT {datanodeUUID=3e474884-35a6-4d0e-9182-1f7ba1b5278d, command=[]} | ret=SUCCESS |  
2019-09-04 10:20:53,820 [grpc-default-executor-1] INFO  client.GrpcClientProtocolClient (GrpcClientProtocolClient.java:onNext(255)) - client-4BF7FB8B3AFF->c7a9ee65-e3ca-4ad9-94cf-b47b6f91e6ab: receive RaftClientReply:client-4BF7FB8B3AFF->c7a9ee65-e3ca-4ad9-94cf-b47b6f91e6ab@group-E945F0F43A71, cid=66, FAILED org.apache.ratis.protocol.NotLeaderException: Server c7a9ee65-e3ca-4ad9-94cf-b47b6f91e6ab is not the leader (null). Request must be sent to leader., logIndex=0, commits[c7a9ee65-e3ca-4ad9-94cf-b47b6f91e6ab:c-1, d4a64dff-3e06-4a28-9978-4bedd6b3eed2:c-1, 47c024b4-7de6-461d-beea-bdd3c0c5d1f2:c-1]
2019-09-04 10:20:53,922 | INFO  | SCMAudit | user=jenkins1000 | ip=192.168.36.67 | op=SEND_HEARTBEAT {datanodeUUID=32ef6b17-1e2d-4584-8afd-1c1a8720ce48, command=[]} | ret=SUCCESS |  
2019-09-04 10:20:54,031 | INFO  | SCMAudit | user=jenkins1000 | ip=192.168.36.67 | op=SEND_HEARTBEAT {datanodeUUID=c7a9ee65-e3ca-4ad9-94cf-b47b6f91e6ab, command=[]} | ret=SUCCESS |  
2019-09-04 10:20:54,298 | INFO  | SCMAudit | user=jenkins1000 | ip=192.168.36.67 | op=SEND_HEARTBEAT {datanodeUUID=d4a64dff-3e06-4a28-9978-4bedd6b3eed2, command=[]} | ret=SUCCESS |  
2019-09-04 10:20:54,366 | INFO  | SCMAudit | user=jenkins1000 | ip=192.168.36.67 | op=SEND_HEARTBEAT {datanodeUUID=cee6fd1a-0056-495e-9ac0-062657fea8ec, command=[]} | ret=SUCCESS |  
2019-09-04 10:20:54,509 | INFO  | SCMAudit | user=jenkins1000 | ip=192.168.36.67 | op=SEND_HEARTBEAT {datanodeUUID=47c024b4-7de6-461d-beea-bdd3c0c5d1f2, command=[]} | ret=SUCCESS |  
2019-09-04 10:20:54,555 | INFO  | SCMAudit | user=jenkins1000 | ip=192.168.36.67 | op=SEND_HEARTBEAT {datanodeUUID=3a0b8454-8ed6-4987-a4d0-b1a706cd33a1, command=[]} | ret=SUCCESS |  
2019-09-04 10:20:54,711 | INFO  | SCMAudit | user=jenkins1000 | ip=192.168.36.67 | op=SEND_HEARTBEAT {datanodeUUID=3e474884-35a6-4d0e-9182-1f7ba1b5278d, command=[]} | ret=SUCCESS |  
2019-09-04 10:20:54,834 [grpc-default-executor-2] INFO  client.GrpcClientProtocolClient (GrpcClientProtocolClient.java:onNext(255)) - client-4BF7FB8B3AFF->47c024b4-7de6-461d-beea-bdd3c0c5d1f2: receive RaftClientReply:client-4BF7FB8B3AFF->47c024b4-7de6-461d-beea-bdd3c0c5d1f2@group-E945F0F43A71, cid=66, FAILED org.apache.ratis.protocol.NotLeaderException: Server 47c024b4-7de6-461d-beea-bdd3c0c5d1f2 is not the leader (null). Request must be sent to leader., logIndex=0, commits[47c024b4-7de6-461d-beea-bdd3c0c5d1f2:c-1, c7a9ee65-e3ca-4ad9-94cf-b47b6f91e6ab:c-1, d4a64dff-3e06-4a28-9978-4bedd6b3eed2:c-1]
2019-09-04 10:20:54,922 | INFO  | SCMAudit | user=jenkins1000 | ip=192.168.36.67 | op=SEND_HEARTBEAT {datanodeUUID=32ef6b17-1e2d-4584-8afd-1c1a8720ce48, command=[]} | ret=SUCCESS |  
2019-09-04 10:20:55,031 | INFO  | SCMAudit | user=jenkins1000 | ip=192.168.36.67 | op=SEND_HEARTBEAT {datanodeUUID=c7a9ee65-e3ca-4ad9-94cf-b47b6f91e6ab, command=[]} | ret=SUCCESS |  
2019-09-04 10:20:55,299 | INFO  | SCMAudit | user=jenkins1000 | ip=192.168.36.67 | op=SEND_HEARTBEAT {datanodeUUID=d4a64dff-3e06-4a28-9978-4bedd6b3eed2, command=[]} | ret=SUCCESS |  
2019-09-04 10:20:55,367 | INFO  | SCMAudit | user=jenkins1000 | ip=192.168.36.67 | op=SEND_HEARTBEAT {datanodeUUID=cee6fd1a-0056-495e-9ac0-062657fea8ec, command=[]} | ret=SUCCESS |  
2019-09-04 10:20:55,509 | INFO  | SCMAudit | user=jenkins1000 | ip=192.168.36.67 | op=SEND_HEARTBEAT {datanodeUUID=47c024b4-7de6-461d-beea-bdd3c0c5d1f2, command=[]} | ret=SUCCESS |  
2019-09-04 10:20:55,555 | INFO  | SCMAudit | user=jenkins1000 | ip=192.168.36.67 | op=SEND_HEARTBEAT {datanodeUUID=3a0b8454-8ed6-4987-a4d0-b1a706cd33a1, command=[]} | ret=SUCCESS |  
2019-09-04 10:20:55,712 | INFO  | SCMAudit | user=jenkins1000 | ip=192.168.36.67 | op=SEND_HEARTBEAT {datanodeUUID=3e474884-35a6-4d0e-9182-1f7ba1b5278d, command=[]} | ret=SUCCESS |  
2019-09-04 10:20:55,846 [grpc-default-executor-2] INFO  client.GrpcClientProtocolClient (GrpcClientProtocolClient.java:onNext(255)) - client-4BF7FB8B3AFF->d4a64dff-3e06-4a28-9978-4bedd6b3eed2: receive RaftClientReply:client-4BF7FB8B3AFF->d4a64dff-3e06-4a28-9978-4bedd6b3eed2@group-E945F0F43A71, cid=66, FAILED org.apache.ratis.protocol.NotLeaderException: Server d4a64dff-3e06-4a28-9978-4bedd6b3eed2 is not the leader (null). Request must be sent to leader., logIndex=0, commits[d4a64dff-3e06-4a28-9978-4bedd6b3eed2:c-1]
2019-09-04 10:20:55,923 | INFO  | SCMAudit | user=jenkins1000 | ip=192.168.36.67 | op=SEND_HEARTBEAT {datanodeUUID=32ef6b17-1e2d-4584-8afd-1c1a8720ce48, command=[]} | ret=SUCCESS |  
2019-09-04 10:20:56,032 | INFO  | SCMAudit | user=jenkins1000 | ip=192.168.36.67 | op=SEND_HEARTBEAT {datanodeUUID=c7a9ee65-e3ca-4ad9-94cf-b47b6f91e6ab, command=[]} | ret=SUCCESS |  
2019-09-04 10:20:56,299 | INFO  | SCMAudit | user=jenkins1000 | ip=192.168.36.67 | op=SEND_HEARTBEAT {datanodeUUID=d4a64dff-3e06-4a28-9978-4bedd6b3eed2, command=[]} | ret=SUCCESS |  
2019-09-04 10:20:56,366 | INFO  | SCMAudit | user=jenkins1000 | ip=192.168.36.67 | op=SEND_HEARTBEAT {datanodeUUID=cee6fd1a-0056-495e-9ac0-062657fea8ec, command=[]} | ret=SUCCESS |  
2019-09-04 10:20:56,509 | INFO  | SCMAudit | user=jenkins1000 | ip=192.168.36.67 | op=SEND_HEARTBEAT {datanodeUUID=47c024b4-7de6-461d-beea-bdd3c0c5d1f2, command=[]} | ret=SUCCESS |  
2019-09-04 10:20:56,554 | INFO  | SCMAudit | user=jenkins1000 | ip=192.168.36.67 | op=SEND_HEARTBEAT {datanodeUUID=3a0b8454-8ed6-4987-a4d0-b1a706cd33a1, command=[]} | ret=SUCCESS |  
2019-09-04 10:20:56,712 | INFO  | SCMAudit | user=jenkins1000 | ip=192.168.36.67 | op=SEND_HEARTBEAT {datanodeUUID=3e474884-35a6-4d0e-9182-1f7ba1b5278d, command=[]} | ret=SUCCESS |  
2019-09-04 10:20:56,859 [grpc-default-executor-1] INFO  client.GrpcClientProtocolClient (GrpcClientProtocolClient.java:onNext(255)) - client-4BF7FB8B3AFF->47c024b4-7de6-461d-beea-bdd3c0c5d1f2: receive RaftClientReply:client-4BF7FB8B3AFF->47c024b4-7de6-461d-beea-bdd3c0c5d1f2@group-E945F0F43A71, cid=66, FAILED org.apache.ratis.protocol.NotLeaderException: Server 47c024b4-7de6-461d-beea-bdd3c0c5d1f2 is not the leader (null). Request must be sent to leader., logIndex=0, commits[47c024b4-7de6-461d-beea-bdd3c0c5d1f2:c-1, c7a9ee65-e3ca-4ad9-94cf-b47b6f91e6ab:c-1, d4a64dff-3e06-4a28-9978-4bedd6b3eed2:c-1]
2019-09-04 10:20:56,923 | INFO  | SCMAudit | user=jenkins1000 | ip=192.168.36.67 | op=SEND_HEARTBEAT {datanodeUUID=32ef6b17-1e2d-4584-8afd-1c1a8720ce48, command=[]} | ret=SUCCESS |  
2019-09-04 10:20:57,033 | INFO  | SCMAudit | user=jenkins1000 | ip=192.168.36.67 | op=SEND_HEARTBEAT {datanodeUUID=c7a9ee65-e3ca-4ad9-94cf-b47b6f91e6ab, command=[]} | ret=SUCCESS |  
2019-09-04 10:20:57,298 | INFO  | SCMAudit | user=jenkins1000 | ip=192.168.36.67 | op=SEND_HEARTBEAT {datanodeUUID=d4a64dff-3e06-4a28-9978-4bedd6b3eed2, command=[]} | ret=SUCCESS |  
2019-09-04 10:20:57,367 | INFO  | SCMAudit | user=jenkins1000 | ip=192.168.36.67 | op=SEND_HEARTBEAT {datanodeUUID=cee6fd1a-0056-495e-9ac0-062657fea8ec, command=[]} | ret=SUCCESS |  
2019-09-04 10:20:57,509 | INFO  | SCMAudit | user=jenkins1000 | ip=192.168.36.67 | op=SEND_HEARTBEAT {datanodeUUID=47c024b4-7de6-461d-beea-bdd3c0c5d1f2, command=[]} | ret=SUCCESS |  
2019-09-04 10:20:57,554 | INFO  | SCMAudit | user=jenkins1000 | ip=192.168.36.67 | op=SEND_HEARTBEAT {datanodeUUID=3a0b8454-8ed6-4987-a4d0-b1a706cd33a1, command=[]} | ret=SUCCESS |  
2019-09-04 10:20:57,711 | INFO  | SCMAudit | user=jenkins1000 | ip=192.168.36.67 | op=SEND_HEARTBEAT {datanodeUUID=3e474884-35a6-4d0e-9182-1f7ba1b5278d, command=[]} | ret=SUCCESS |  
2019-09-04 10:20:57,871 [Thread-1575] INFO  impl.FollowerState (FollowerState.java:run(106)) - d4a64dff-3e06-4a28-9978-4bedd6b3eed2:group-E945F0F43A71 changes to CANDIDATE, lastRpcTime:5090, electionTimeout:5088ms
2019-09-04 10:20:57,872 [Thread-1575] INFO  impl.RoleInfo (RoleInfo.java:shutdownFollowerState(121)) - d4a64dff-3e06-4a28-9978-4bedd6b3eed2: shutdown FollowerState
2019-09-04 10:20:57,872 [Thread-1575] INFO  impl.RaftServerImpl (RaftServerImpl.java:setRole(171)) - d4a64dff-3e06-4a28-9978-4bedd6b3eed2:group-E945F0F43A71 changes role from FOLLOWER to CANDIDATE at term 3 for changeToCandidate
2019-09-04 10:20:57,872 [Thread-1575] INFO  impl.RoleInfo (RoleInfo.java:updateAndGet(143)) - d4a64dff-3e06-4a28-9978-4bedd6b3eed2: start LeaderElection
2019-09-04 10:20:57,878 [grpc-default-executor-2] INFO  client.GrpcClientProtocolClient (GrpcClientProtocolClient.java:onNext(255)) - client-4BF7FB8B3AFF->d4a64dff-3e06-4a28-9978-4bedd6b3eed2: receive RaftClientReply:client-4BF7FB8B3AFF->d4a64dff-3e06-4a28-9978-4bedd6b3eed2@group-E945F0F43A71, cid=66, FAILED org.apache.ratis.protocol.NotLeaderException: Server d4a64dff-3e06-4a28-9978-4bedd6b3eed2 is not the leader (null). Request must be sent to leader., logIndex=0, commits[d4a64dff-3e06-4a28-9978-4bedd6b3eed2:c-1]
2019-09-04 10:20:57,891 [d4a64dff-3e06-4a28-9978-4bedd6b3eed2:group-E945F0F43A71:LeaderElection42] INFO  impl.LeaderElection (LeaderElection.java:askForVotes(181)) - d4a64dff-3e06-4a28-9978-4bedd6b3eed2:group-E945F0F43A71:LeaderElection42: begin an election at term 4 for -1: [c7a9ee65-e3ca-4ad9-94cf-b47b6f91e6ab:192.168.36.67:38558, d4a64dff-3e06-4a28-9978-4bedd6b3eed2:192.168.36.67:45761, 47c024b4-7de6-461d-beea-bdd3c0c5d1f2:192.168.36.67:34136], old=null
2019-09-04 10:20:57,899 [grpc-default-executor-1] INFO  impl.RaftServerImpl (RaftServerImpl.java:setRole(171)) - c7a9ee65-e3ca-4ad9-94cf-b47b6f91e6ab:group-E945F0F43A71 changes role from FOLLOWER to FOLLOWER at term 4 for recognizeCandidate:d4a64dff-3e06-4a28-9978-4bedd6b3eed2
2019-09-04 10:20:57,899 [grpc-default-executor-2] INFO  impl.RaftServerImpl (RaftServerImpl.java:setRole(171)) - 47c024b4-7de6-461d-beea-bdd3c0c5d1f2:group-E945F0F43A71 changes role from FOLLOWER to FOLLOWER at term 4 for recognizeCandidate:d4a64dff-3e06-4a28-9978-4bedd6b3eed2
2019-09-04 10:20:57,899 [grpc-default-executor-1] INFO  impl.RoleInfo (RoleInfo.java:shutdownFollowerState(121)) - c7a9ee65-e3ca-4ad9-94cf-b47b6f91e6ab: shutdown FollowerState
2019-09-04 10:20:57,899 [grpc-default-executor-2] INFO  impl.RoleInfo (RoleInfo.java:shutdownFollowerState(121)) - 47c024b4-7de6-461d-beea-bdd3c0c5d1f2: shutdown FollowerState
2019-09-04 10:20:57,900 [grpc-default-executor-1] INFO  impl.RoleInfo (RoleInfo.java:updateAndGet(143)) - c7a9ee65-e3ca-4ad9-94cf-b47b6f91e6ab: start FollowerState
2019-09-04 10:20:57,900 [Thread-1573] INFO  impl.FollowerState (FollowerState.java:run(114)) - c7a9ee65-e3ca-4ad9-94cf-b47b6f91e6ab: FollowerState was interrupted: java.lang.InterruptedException: sleep interrupted
2019-09-04 10:20:57,900 [Thread-1574] INFO  impl.FollowerState (FollowerState.java:run(114)) - 47c024b4-7de6-461d-beea-bdd3c0c5d1f2: FollowerState was interrupted: java.lang.InterruptedException: sleep interrupted
2019-09-04 10:20:57,903 [grpc-default-executor-2] INFO  impl.RoleInfo (RoleInfo.java:updateAndGet(143)) - 47c024b4-7de6-461d-beea-bdd3c0c5d1f2: start FollowerState
2019-09-04 10:20:57,920 [d4a64dff-3e06-4a28-9978-4bedd6b3eed2:group-E945F0F43A71:LeaderElection42] INFO  impl.LeaderElection (LeaderElection.java:logAndReturn(56)) - d4a64dff-3e06-4a28-9978-4bedd6b3eed2:group-E945F0F43A71:LeaderElection42: Election REJECTED; received 2 response(s) [d4a64dff-3e06-4a28-9978-4bedd6b3eed2<-c7a9ee65-e3ca-4ad9-94cf-b47b6f91e6ab#0:FAIL-t4, d4a64dff-3e06-4a28-9978-4bedd6b3eed2<-47c024b4-7de6-461d-beea-bdd3c0c5d1f2#0:FAIL-t4] and 0 exception(s); d4a64dff-3e06-4a28-9978-4bedd6b3eed2:t4, leader=null, voted=d4a64dff-3e06-4a28-9978-4bedd6b3eed2, raftlog=d4a64dff-3e06-4a28-9978-4bedd6b3eed2-SegmentedRaftLog:OPENED:c-1,f-1,i0, conf=-1: [c7a9ee65-e3ca-4ad9-94cf-b47b6f91e6ab:192.168.36.67:38558, d4a64dff-3e06-4a28-9978-4bedd6b3eed2:192.168.36.67:45761, 47c024b4-7de6-461d-beea-bdd3c0c5d1f2:192.168.36.67:34136], old=null
2019-09-04 10:20:57,920 [d4a64dff-3e06-4a28-9978-4bedd6b3eed2:group-E945F0F43A71:LeaderElection42] INFO  impl.RaftServerImpl (RaftServerImpl.java:setRole(171)) - d4a64dff-3e06-4a28-9978-4bedd6b3eed2:group-E945F0F43A71 changes role from CANDIDATE to FOLLOWER at term 4 for DISCOVERED_A_NEW_TERM
2019-09-04 10:20:57,922 [d4a64dff-3e06-4a28-9978-4bedd6b3eed2:group-E945F0F43A71:LeaderElection42] INFO  impl.RoleInfo (RoleInfo.java:shutdownLeaderElection(134)) - d4a64dff-3e06-4a28-9978-4bedd6b3eed2: shutdown LeaderElection
2019-09-04 10:20:57,922 [d4a64dff-3e06-4a28-9978-4bedd6b3eed2:group-E945F0F43A71:LeaderElection42] INFO  impl.RoleInfo (RoleInfo.java:updateAndGet(143)) - d4a64dff-3e06-4a28-9978-4bedd6b3eed2: start FollowerState
2019-09-04 10:20:57,925 | INFO  | SCMAudit | user=jenkins1000 | ip=192.168.36.67 | op=SEND_HEARTBEAT {datanodeUUID=32ef6b17-1e2d-4584-8afd-1c1a8720ce48, command=[]} | ret=SUCCESS |  
2019-09-04 10:20:58,031 | INFO  | SCMAudit | user=jenkins1000 | ip=192.168.36.67 | op=SEND_HEARTBEAT {datanodeUUID=c7a9ee65-e3ca-4ad9-94cf-b47b6f91e6ab, command=[]} | ret=SUCCESS |  
2019-09-04 10:20:58,299 | INFO  | SCMAudit | user=jenkins1000 | ip=192.168.36.67 | op=SEND_HEARTBEAT {datanodeUUID=d4a64dff-3e06-4a28-9978-4bedd6b3eed2, command=[]} | ret=SUCCESS |  
2019-09-04 10:20:58,367 | INFO  | SCMAudit | user=jenkins1000 | ip=192.168.36.67 | op=SEND_HEARTBEAT {datanodeUUID=cee6fd1a-0056-495e-9ac0-062657fea8ec, command=[]} | ret=SUCCESS |  
2019-09-04 10:20:58,509 | INFO  | SCMAudit | user=jenkins1000 | ip=192.168.36.67 | op=SEND_HEARTBEAT {datanodeUUID=47c024b4-7de6-461d-beea-bdd3c0c5d1f2, command=[]} | ret=SUCCESS |  
2019-09-04 10:20:58,555 | INFO  | SCMAudit | user=jenkins1000 | ip=192.168.36.67 | op=SEND_HEARTBEAT {datanodeUUID=3a0b8454-8ed6-4987-a4d0-b1a706cd33a1, command=[]} | ret=SUCCESS |  
2019-09-04 10:20:58,712 | INFO  | SCMAudit | user=jenkins1000 | ip=192.168.36.67 | op=SEND_HEARTBEAT {datanodeUUID=3e474884-35a6-4d0e-9182-1f7ba1b5278d, command=[]} | ret=SUCCESS |  
2019-09-04 10:20:58,893 [grpc-default-executor-2] INFO  client.GrpcClientProtocolClient (GrpcClientProtocolClient.java:onNext(255)) - client-4BF7FB8B3AFF->c7a9ee65-e3ca-4ad9-94cf-b47b6f91e6ab: receive RaftClientReply:client-4BF7FB8B3AFF->c7a9ee65-e3ca-4ad9-94cf-b47b6f91e6ab@group-E945F0F43A71, cid=66, FAILED org.apache.ratis.protocol.NotLeaderException: Server c7a9ee65-e3ca-4ad9-94cf-b47b6f91e6ab is not the leader (null). Request must be sent to leader., logIndex=0, commits[c7a9ee65-e3ca-4ad9-94cf-b47b6f91e6ab:c-1, d4a64dff-3e06-4a28-9978-4bedd6b3eed2:c-1, 47c024b4-7de6-461d-beea-bdd3c0c5d1f2:c-1]
2019-09-04 10:20:58,923 | INFO  | SCMAudit | user=jenkins1000 | ip=192.168.36.67 | op=SEND_HEARTBEAT {datanodeUUID=32ef6b17-1e2d-4584-8afd-1c1a8720ce48, command=[]} | ret=SUCCESS |  
2019-09-04 10:20:59,032 | INFO  | SCMAudit | user=jenkins1000 | ip=192.168.36.67 | op=SEND_HEARTBEAT {datanodeUUID=c7a9ee65-e3ca-4ad9-94cf-b47b6f91e6ab, command=[]} | ret=SUCCESS |  
2019-09-04 10:20:59,299 | INFO  | SCMAudit | user=jenkins1000 | ip=192.168.36.67 | op=SEND_HEARTBEAT {datanodeUUID=d4a64dff-3e06-4a28-9978-4bedd6b3eed2, command=[]} | ret=SUCCESS |  
2019-09-04 10:20:59,368 | INFO  | SCMAudit | user=jenkins1000 | ip=192.168.36.67 | op=SEND_HEARTBEAT {datanodeUUID=cee6fd1a-0056-495e-9ac0-062657fea8ec, command=[]} | ret=SUCCESS |  
2019-09-04 10:20:59,510 | INFO  | SCMAudit | user=jenkins1000 | ip=192.168.36.67 | op=SEND_HEARTBEAT {datanodeUUID=47c024b4-7de6-461d-beea-bdd3c0c5d1f2, command=[]} | ret=SUCCESS |  
2019-09-04 10:20:59,555 | INFO  | SCMAudit | user=jenkins1000 | ip=192.168.36.67 | op=SEND_HEARTBEAT {datanodeUUID=3a0b8454-8ed6-4987-a4d0-b1a706cd33a1, command=[]} | ret=SUCCESS |  
2019-09-04 10:20:59,712 | INFO  | SCMAudit | user=jenkins1000 | ip=192.168.36.67 | op=SEND_HEARTBEAT {datanodeUUID=3e474884-35a6-4d0e-9182-1f7ba1b5278d, command=[]} | ret=SUCCESS |  
2019-09-04 10:20:59,909 [grpc-default-executor-1] INFO  client.GrpcClientProtocolClient (GrpcClientProtocolClient.java:onNext(255)) - client-4BF7FB8B3AFF->d4a64dff-3e06-4a28-9978-4bedd6b3eed2: receive RaftClientReply:client-4BF7FB8B3AFF->d4a64dff-3e06-4a28-9978-4bedd6b3eed2@group-E945F0F43A71, cid=66, FAILED org.apache.ratis.protocol.NotLeaderException: Server d4a64dff-3e06-4a28-9978-4bedd6b3eed2 is not the leader (null). Request must be sent to leader., logIndex=0, commits[d4a64dff-3e06-4a28-9978-4bedd6b3eed2:c-1]
2019-09-04 10:20:59,919 [grpc-default-worker-ELG-3-1] WARN  nio.NioEventLoop (NioEventLoop.java:select(786)) - Selector.select() returned prematurely {} times in a row; rebuilding Selector {}.
2019-09-04 10:20:59,923 [grpc-default-worker-ELG-3-1] INFO  nio.NioEventLoop (NioEventLoop.java:rebuildSelector0(396)) - Migrated 2 channel(s) to the new Selector.
2019-09-04 10:20:59,923 | INFO  | SCMAudit | user=jenkins1000 | ip=192.168.36.67 | op=SEND_HEARTBEAT {datanodeUUID=32ef6b17-1e2d-4584-8afd-1c1a8720ce48, command=[]} | ret=SUCCESS |  
2019-09-04 10:21:00,031 | INFO  | SCMAudit | user=jenkins1000 | ip=192.168.36.67 | op=SEND_HEARTBEAT {datanodeUUID=c7a9ee65-e3ca-4ad9-94cf-b47b6f91e6ab, command=[]} | ret=SUCCESS |  
2019-09-04 10:21:00,300 | INFO  | SCMAudit | user=jenkins1000 | ip=192.168.36.67 | op=SEND_HEARTBEAT {datanodeUUID=d4a64dff-3e06-4a28-9978-4bedd6b3eed2, command=[]} | ret=SUCCESS |  
2019-09-04 10:21:00,368 | INFO  | SCMAudit | user=jenkins1000 | ip=192.168.36.67 | op=SEND_HEARTBEAT {datanodeUUID=cee6fd1a-0056-495e-9ac0-062657fea8ec, command=[]} | ret=SUCCESS |  
2019-09-04 10:21:00,509 | INFO  | SCMAudit | user=jenkins1000 | ip=192.168.36.67 | op=SEND_HEARTBEAT {datanodeUUID=47c024b4-7de6-461d-beea-bdd3c0c5d1f2, command=[]} | ret=SUCCESS |  
2019-09-04 10:21:00,555 | INFO  | SCMAudit | user=jenkins1000 | ip=192.168.36.67 | op=SEND_HEARTBEAT {datanodeUUID=3a0b8454-8ed6-4987-a4d0-b1a706cd33a1, command=[]} | ret=SUCCESS |  
2019-09-04 10:21:00,712 | INFO  | SCMAudit | user=jenkins1000 | ip=192.168.36.67 | op=SEND_HEARTBEAT {datanodeUUID=3e474884-35a6-4d0e-9182-1f7ba1b5278d, command=[]} | ret=SUCCESS |  
2019-09-04 10:21:00,921 [grpc-default-executor-2] INFO  client.GrpcClientProtocolClient (GrpcClientProtocolClient.java:onNext(255)) - client-4BF7FB8B3AFF->47c024b4-7de6-461d-beea-bdd3c0c5d1f2: receive RaftClientReply:client-4BF7FB8B3AFF->47c024b4-7de6-461d-beea-bdd3c0c5d1f2@group-E945F0F43A71, cid=66, FAILED org.apache.ratis.protocol.NotLeaderException: Server 47c024b4-7de6-461d-beea-bdd3c0c5d1f2 is not the leader (null). Request must be sent to leader., logIndex=0, commits[47c024b4-7de6-461d-beea-bdd3c0c5d1f2:c-1, c7a9ee65-e3ca-4ad9-94cf-b47b6f91e6ab:c-1, d4a64dff-3e06-4a28-9978-4bedd6b3eed2:c-1]
2019-09-04 10:21:00,926 | INFO  | SCMAudit | user=jenkins1000 | ip=192.168.36.67 | op=SEND_HEARTBEAT {datanodeUUID=32ef6b17-1e2d-4584-8afd-1c1a8720ce48, command=[]} | ret=SUCCESS |  
2019-09-04 10:21:01,032 | INFO  | SCMAudit | user=jenkins1000 | ip=192.168.36.67 | op=SEND_HEARTBEAT {datanodeUUID=c7a9ee65-e3ca-4ad9-94cf-b47b6f91e6ab, command=[]} | ret=SUCCESS |  
2019-09-04 10:21:01,300 | INFO  | SCMAudit | user=jenkins1000 | ip=192.168.36.67 | op=SEND_HEARTBEAT {datanodeUUID=d4a64dff-3e06-4a28-9978-4bedd6b3eed2, command=[]} | ret=SUCCESS |  
2019-09-04 10:21:01,368 | INFO  | SCMAudit | user=jenkins1000 | ip=192.168.36.67 | op=SEND_HEARTBEAT {datanodeUUID=cee6fd1a-0056-495e-9ac0-062657fea8ec, command=[]} | ret=SUCCESS |  
2019-09-04 10:21:01,509 | INFO  | SCMAudit | user=jenkins1000 | ip=192.168.36.67 | op=SEND_HEARTBEAT {datanodeUUID=47c024b4-7de6-461d-beea-bdd3c0c5d1f2, command=[]} | ret=SUCCESS |  
2019-09-04 10:21:01,555 | INFO  | SCMAudit | user=jenkins1000 | ip=192.168.36.67 | op=SEND_HEARTBEAT {datanodeUUID=3a0b8454-8ed6-4987-a4d0-b1a706cd33a1, command=[]} | ret=SUCCESS |  
2019-09-04 10:21:01,712 | INFO  | SCMAudit | user=jenkins1000 | ip=192.168.36.67 | op=SEND_HEARTBEAT {datanodeUUID=3e474884-35a6-4d0e-9182-1f7ba1b5278d, command=[]} | ret=SUCCESS |  
2019-09-04 10:21:01,925 | INFO  | SCMAudit | user=jenkins1000 | ip=192.168.36.67 | op=SEND_HEARTBEAT {datanodeUUID=32ef6b17-1e2d-4584-8afd-1c1a8720ce48, command=[]} | ret=SUCCESS |  
2019-09-04 10:21:01,939 [grpc-default-executor-1] INFO  client.GrpcClientProtocolClient (GrpcClientProtocolClient.java:onNext(255)) - client-4BF7FB8B3AFF->c7a9ee65-e3ca-4ad9-94cf-b47b6f91e6ab: receive RaftClientReply:client-4BF7FB8B3AFF->c7a9ee65-e3ca-4ad9-94cf-b47b6f91e6ab@group-E945F0F43A71, cid=66, FAILED org.apache.ratis.protocol.NotLeaderException: Server c7a9ee65-e3ca-4ad9-94cf-b47b6f91e6ab is not the leader (null). Request must be sent to leader., logIndex=0, commits[c7a9ee65-e3ca-4ad9-94cf-b47b6f91e6ab:c-1, d4a64dff-3e06-4a28-9978-4bedd6b3eed2:c-1, 47c024b4-7de6-461d-beea-bdd3c0c5d1f2:c-1]
2019-09-04 10:21:02,032 | INFO  | SCMAudit | user=jenkins1000 | ip=192.168.36.67 | op=SEND_HEARTBEAT {datanodeUUID=c7a9ee65-e3ca-4ad9-94cf-b47b6f91e6ab, command=[]} | ret=SUCCESS |  
2019-09-04 10:21:02,299 | INFO  | SCMAudit | user=jenkins1000 | ip=192.168.36.67 | op=SEND_HEARTBEAT {datanodeUUID=d4a64dff-3e06-4a28-9978-4bedd6b3eed2, command=[]} | ret=SUCCESS |  
2019-09-04 10:21:02,368 | INFO  | SCMAudit | user=jenkins1000 | ip=192.168.36.67 | op=SEND_HEARTBEAT {datanodeUUID=cee6fd1a-0056-495e-9ac0-062657fea8ec, command=[]} | ret=SUCCESS |  
2019-09-04 10:21:02,509 | INFO  | SCMAudit | user=jenkins1000 | ip=192.168.36.67 | op=SEND_HEARTBEAT {datanodeUUID=47c024b4-7de6-461d-beea-bdd3c0c5d1f2, command=[]} | ret=SUCCESS |  
2019-09-04 10:21:02,554 | INFO  | SCMAudit | user=jenkins1000 | ip=192.168.36.67 | op=SEND_HEARTBEAT {datanodeUUID=3a0b8454-8ed6-4987-a4d0-b1a706cd33a1, command=[]} | ret=SUCCESS |  
2019-09-04 10:21:02,712 | INFO  | SCMAudit | user=jenkins1000 | ip=192.168.36.67 | op=SEND_HEARTBEAT {datanodeUUID=3e474884-35a6-4d0e-9182-1f7ba1b5278d, command=[]} | ret=SUCCESS |  
2019-09-04 10:21:02,925 | INFO  | SCMAudit | user=jenkins1000 | ip=192.168.36.67 | op=SEND_HEARTBEAT {datanodeUUID=32ef6b17-1e2d-4584-8afd-1c1a8720ce48, command=[]} | ret=SUCCESS |  
2019-09-04 10:21:02,955 [grpc-default-executor-1] INFO  client.GrpcClientProtocolClient (GrpcClientProtocolClient.java:onNext(255)) - client-4BF7FB8B3AFF->47c024b4-7de6-461d-beea-bdd3c0c5d1f2: receive RaftClientReply:client-4BF7FB8B3AFF->47c024b4-7de6-461d-beea-bdd3c0c5d1f2@group-E945F0F43A71, cid=66, FAILED org.apache.ratis.protocol.NotLeaderException: Server 47c024b4-7de6-461d-beea-bdd3c0c5d1f2 is not the leader (null). Request must be sent to leader., logIndex=0, commits[47c024b4-7de6-461d-beea-bdd3c0c5d1f2:c-1, c7a9ee65-e3ca-4ad9-94cf-b47b6f91e6ab:c-1, d4a64dff-3e06-4a28-9978-4bedd6b3eed2:c-1]
2019-09-04 10:21:03,031 | INFO  | SCMAudit | user=jenkins1000 | ip=192.168.36.67 | op=SEND_HEARTBEAT {datanodeUUID=c7a9ee65-e3ca-4ad9-94cf-b47b6f91e6ab, command=[]} | ret=SUCCESS |  
2019-09-04 10:21:03,073 [Thread-1602] INFO  impl.FollowerState (FollowerState.java:run(106)) - d4a64dff-3e06-4a28-9978-4bedd6b3eed2:group-E945F0F43A71 changes to CANDIDATE, lastRpcTime:5150, electionTimeout:5150ms
2019-09-04 10:21:03,073 [Thread-1602] INFO  impl.RoleInfo (RoleInfo.java:shutdownFollowerState(121)) - d4a64dff-3e06-4a28-9978-4bedd6b3eed2: shutdown FollowerState
2019-09-04 10:21:03,073 [Thread-1602] INFO  impl.RaftServerImpl (RaftServerImpl.java:setRole(171)) - d4a64dff-3e06-4a28-9978-4bedd6b3eed2:group-E945F0F43A71 changes role from FOLLOWER to CANDIDATE at term 4 for changeToCandidate
2019-09-04 10:21:03,074 [Thread-1602] INFO  impl.RoleInfo (RoleInfo.java:updateAndGet(143)) - d4a64dff-3e06-4a28-9978-4bedd6b3eed2: start LeaderElection
2019-09-04 10:21:03,088 [d4a64dff-3e06-4a28-9978-4bedd6b3eed2:group-E945F0F43A71:LeaderElection43] INFO  impl.LeaderElection (LeaderElection.java:askForVotes(181)) - d4a64dff-3e06-4a28-9978-4bedd6b3eed2:group-E945F0F43A71:LeaderElection43: begin an election at term 5 for -1: [c7a9ee65-e3ca-4ad9-94cf-b47b6f91e6ab:192.168.36.67:38558, d4a64dff-3e06-4a28-9978-4bedd6b3eed2:192.168.36.67:45761, 47c024b4-7de6-461d-beea-bdd3c0c5d1f2:192.168.36.67:34136], old=null
2019-09-04 10:21:03,095 [Thread-1600] INFO  impl.FollowerState (FollowerState.java:run(106)) - c7a9ee65-e3ca-4ad9-94cf-b47b6f91e6ab:group-E945F0F43A71 changes to CANDIDATE, lastRpcTime:5195, electionTimeout:5188ms
2019-09-04 10:21:03,095 [Thread-1600] INFO  impl.RoleInfo (RoleInfo.java:shutdownFollowerState(121)) - c7a9ee65-e3ca-4ad9-94cf-b47b6f91e6ab: shutdown FollowerState
2019-09-04 10:21:03,095 [Thread-1600] INFO  impl.RaftServerImpl (RaftServerImpl.java:setRole(171)) - c7a9ee65-e3ca-4ad9-94cf-b47b6f91e6ab:group-E945F0F43A71 changes role from FOLLOWER to CANDIDATE at term 4 for changeToCandidate
2019-09-04 10:21:03,096 [Thread-1600] INFO  impl.RoleInfo (RoleInfo.java:updateAndGet(143)) - c7a9ee65-e3ca-4ad9-94cf-b47b6f91e6ab: start LeaderElection
2019-09-04 10:21:03,100 [grpc-default-executor-2] INFO  impl.RaftServerImpl (RaftServerImpl.java:setRole(171)) - c7a9ee65-e3ca-4ad9-94cf-b47b6f91e6ab:group-E945F0F43A71 changes role from CANDIDATE to FOLLOWER at term 5 for recognizeCandidate:d4a64dff-3e06-4a28-9978-4bedd6b3eed2
2019-09-04 10:21:03,100 [grpc-default-executor-1] INFO  impl.RaftServerImpl (RaftServerImpl.java:setRole(171)) - 47c024b4-7de6-461d-beea-bdd3c0c5d1f2:group-E945F0F43A71 changes role from FOLLOWER to FOLLOWER at term 5 for recognizeCandidate:d4a64dff-3e06-4a28-9978-4bedd6b3eed2
2019-09-04 10:21:03,101 [grpc-default-executor-2] INFO  impl.RoleInfo (RoleInfo.java:shutdownLeaderElection(134)) - c7a9ee65-e3ca-4ad9-94cf-b47b6f91e6ab: shutdown LeaderElection
2019-09-04 10:21:03,101 [grpc-default-executor-1] INFO  impl.RoleInfo (RoleInfo.java:shutdownFollowerState(121)) - 47c024b4-7de6-461d-beea-bdd3c0c5d1f2: shutdown FollowerState
2019-09-04 10:21:03,101 [grpc-default-executor-2] INFO  impl.RoleInfo (RoleInfo.java:updateAndGet(143)) - c7a9ee65-e3ca-4ad9-94cf-b47b6f91e6ab: start FollowerState
2019-09-04 10:21:03,101 [Thread-1601] INFO  impl.FollowerState (FollowerState.java:run(114)) - 47c024b4-7de6-461d-beea-bdd3c0c5d1f2: FollowerState was interrupted: java.lang.InterruptedException: sleep interrupted
2019-09-04 10:21:03,101 [grpc-default-executor-1] INFO  impl.RoleInfo (RoleInfo.java:updateAndGet(143)) - 47c024b4-7de6-461d-beea-bdd3c0c5d1f2: start FollowerState
2019-09-04 10:21:03,119 [d4a64dff-3e06-4a28-9978-4bedd6b3eed2:group-E945F0F43A71:LeaderElection43] INFO  impl.LeaderElection (LeaderElection.java:logAndReturn(56)) - d4a64dff-3e06-4a28-9978-4bedd6b3eed2:group-E945F0F43A71:LeaderElection43: Election REJECTED; received 2 response(s) [d4a64dff-3e06-4a28-9978-4bedd6b3eed2<-c7a9ee65-e3ca-4ad9-94cf-b47b6f91e6ab#0:FAIL-t5, d4a64dff-3e06-4a28-9978-4bedd6b3eed2<-47c024b4-7de6-461d-beea-bdd3c0c5d1f2#0:FAIL-t5] and 0 exception(s); d4a64dff-3e06-4a28-9978-4bedd6b3eed2:t5, leader=null, voted=d4a64dff-3e06-4a28-9978-4bedd6b3eed2, raftlog=d4a64dff-3e06-4a28-9978-4bedd6b3eed2-SegmentedRaftLog:OPENED:c-1,f-1,i0, conf=-1: [c7a9ee65-e3ca-4ad9-94cf-b47b6f91e6ab:192.168.36.67:38558, d4a64dff-3e06-4a28-9978-4bedd6b3eed2:192.168.36.67:45761, 47c024b4-7de6-461d-beea-bdd3c0c5d1f2:192.168.36.67:34136], old=null
2019-09-04 10:21:03,119 [d4a64dff-3e06-4a28-9978-4bedd6b3eed2:group-E945F0F43A71:LeaderElection43] INFO  impl.RaftServerImpl (RaftServerImpl.java:setRole(171)) - d4a64dff-3e06-4a28-9978-4bedd6b3eed2:group-E945F0F43A71 changes role from CANDIDATE to FOLLOWER at term 5 for DISCOVERED_A_NEW_TERM
2019-09-04 10:21:03,119 [d4a64dff-3e06-4a28-9978-4bedd6b3eed2:group-E945F0F43A71:LeaderElection43] INFO  impl.RoleInfo (RoleInfo.java:shutdownLeaderElection(134)) - d4a64dff-3e06-4a28-9978-4bedd6b3eed2: shutdown LeaderElection
2019-09-04 10:21:03,119 [d4a64dff-3e06-4a28-9978-4bedd6b3eed2:group-E945F0F43A71:LeaderElection43] INFO  impl.RoleInfo (RoleInfo.java:updateAndGet(143)) - d4a64dff-3e06-4a28-9978-4bedd6b3eed2: start FollowerState
2019-09-04 10:21:03,131 [c7a9ee65-e3ca-4ad9-94cf-b47b6f91e6ab:group-E945F0F43A71:LeaderElection44] INFO  impl.LeaderElection (LeaderElection.java:askForVotes(181)) - c7a9ee65-e3ca-4ad9-94cf-b47b6f91e6ab:group-E945F0F43A71:LeaderElection44: begin an election at term 6 for 0: [c7a9ee65-e3ca-4ad9-94cf-b47b6f91e6ab:192.168.36.67:38558, d4a64dff-3e06-4a28-9978-4bedd6b3eed2:192.168.36.67:45761, 47c024b4-7de6-461d-beea-bdd3c0c5d1f2:192.168.36.67:34136], old=null
2019-09-04 10:21:03,131 [c7a9ee65-e3ca-4ad9-94cf-b47b6f91e6ab:group-E945F0F43A71:LeaderElection44] INFO  impl.LeaderElection (LeaderElection.java:logAndReturn(56)) - c7a9ee65-e3ca-4ad9-94cf-b47b6f91e6ab:group-E945F0F43A71:LeaderElection44: Election REJECTED; received 0 response(s) [] and 0 exception(s); c7a9ee65-e3ca-4ad9-94cf-b47b6f91e6ab:t6, leader=null, voted=c7a9ee65-e3ca-4ad9-94cf-b47b6f91e6ab, raftlog=c7a9ee65-e3ca-4ad9-94cf-b47b6f91e6ab-SegmentedRaftLog:OPENED:c-1,f0,i0, conf=0: [c7a9ee65-e3ca-4ad9-94cf-b47b6f91e6ab:192.168.36.67:38558, d4a64dff-3e06-4a28-9978-4bedd6b3eed2:192.168.36.67:45761, 47c024b4-7de6-461d-beea-bdd3c0c5d1f2:192.168.36.67:34136], old=null
2019-09-04 10:21:03,137 [grpc-default-executor-1] INFO  impl.RaftServerImpl (RaftServerImpl.java:setRole(171)) - d4a64dff-3e06-4a28-9978-4bedd6b3eed2:group-E945F0F43A71 changes role from FOLLOWER to FOLLOWER at term 6 for recognizeCandidate:c7a9ee65-e3ca-4ad9-94cf-b47b6f91e6ab
2019-09-04 10:21:03,138 [grpc-default-executor-1] INFO  impl.RoleInfo (RoleInfo.java:shutdownFollowerState(121)) - d4a64dff-3e06-4a28-9978-4bedd6b3eed2: shutdown FollowerState
2019-09-04 10:21:03,138 [grpc-default-executor-1] INFO  impl.RoleInfo (RoleInfo.java:updateAndGet(143)) - d4a64dff-3e06-4a28-9978-4bedd6b3eed2: start FollowerState
2019-09-04 10:21:03,138 [Thread-1628] INFO  impl.FollowerState (FollowerState.java:run(114)) - d4a64dff-3e06-4a28-9978-4bedd6b3eed2: FollowerState was interrupted: java.lang.InterruptedException: sleep interrupted
2019-09-04 10:21:03,151 [grpc-default-executor-2] INFO  impl.RaftServerImpl (RaftServerImpl.java:setRole(171)) - 47c024b4-7de6-461d-beea-bdd3c0c5d1f2:group-E945F0F43A71 changes role from FOLLOWER to FOLLOWER at term 6 for recognizeCandidate:c7a9ee65-e3ca-4ad9-94cf-b47b6f91e6ab
2019-09-04 10:21:03,151 [grpc-default-executor-2] INFO  impl.RoleInfo (RoleInfo.java:shutdownFollowerState(121)) - 47c024b4-7de6-461d-beea-bdd3c0c5d1f2: shutdown FollowerState
2019-09-04 10:21:03,151 [grpc-default-executor-2] INFO  impl.RoleInfo (RoleInfo.java:updateAndGet(143)) - 47c024b4-7de6-461d-beea-bdd3c0c5d1f2: start FollowerState
2019-09-04 10:21:03,151 [Thread-1627] INFO  impl.FollowerState (FollowerState.java:run(114)) - 47c024b4-7de6-461d-beea-bdd3c0c5d1f2: FollowerState was interrupted: java.lang.InterruptedException: sleep interrupted
2019-09-04 10:21:03,300 | INFO  | SCMAudit | user=jenkins1000 | ip=192.168.36.67 | op=SEND_HEARTBEAT {datanodeUUID=d4a64dff-3e06-4a28-9978-4bedd6b3eed2, command=[]} | ret=SUCCESS |  
2019-09-04 10:21:03,368 | INFO  | SCMAudit | user=jenkins1000 | ip=192.168.36.67 | op=SEND_HEARTBEAT {datanodeUUID=cee6fd1a-0056-495e-9ac0-062657fea8ec, command=[]} | ret=SUCCESS |  
2019-09-04 10:21:03,509 | INFO  | SCMAudit | user=jenkins1000 | ip=192.168.36.67 | op=SEND_HEARTBEAT {datanodeUUID=47c024b4-7de6-461d-beea-bdd3c0c5d1f2, command=[]} | ret=SUCCESS |  
2019-09-04 10:21:03,554 | INFO  | SCMAudit | user=jenkins1000 | ip=192.168.36.67 | op=SEND_HEARTBEAT {datanodeUUID=3a0b8454-8ed6-4987-a4d0-b1a706cd33a1, command=[]} | ret=SUCCESS |  
2019-09-04 10:21:03,713 | INFO  | SCMAudit | user=jenkins1000 | ip=192.168.36.67 | op=SEND_HEARTBEAT {datanodeUUID=3e474884-35a6-4d0e-9182-1f7ba1b5278d, command=[]} | ret=SUCCESS |  
2019-09-04 10:21:03,925 | INFO  | SCMAudit | user=jenkins1000 | ip=192.168.36.67 | op=SEND_HEARTBEAT {datanodeUUID=32ef6b17-1e2d-4584-8afd-1c1a8720ce48, command=[]} | ret=SUCCESS |  
2019-09-04 10:21:03,975 [grpc-default-executor-2] INFO  client.GrpcClientProtocolClient (GrpcClientProtocolClient.java:onNext(255)) - client-4BF7FB8B3AFF->d4a64dff-3e06-4a28-9978-4bedd6b3eed2: receive RaftClientReply:client-4BF7FB8B3AFF->d4a64dff-3e06-4a28-9978-4bedd6b3eed2@group-E945F0F43A71, cid=66, FAILED org.apache.ratis.protocol.NotLeaderException: Server d4a64dff-3e06-4a28-9978-4bedd6b3eed2 is not the leader (null). Request must be sent to leader., logIndex=0, commits[d4a64dff-3e06-4a28-9978-4bedd6b3eed2:c-1]
]]></system-out>
    <system-err><![CDATA[Sep 04, 2019 10:20:37 AM com.sun.jersey.server.impl.application.WebApplicationImpl _initiate
INFO: Initiating Jersey application, version 'Jersey: 1.19 02/11/2015 03:25 AM'
Sep 04, 2019 10:20:38 AM com.sun.jersey.server.impl.application.WebApplicationImpl _initiate
INFO: Initiating Jersey application, version 'Jersey: 1.19 02/11/2015 03:25 AM'
Sep 04, 2019 10:20:38 AM com.sun.jersey.server.impl.application.WebApplicationImpl _initiate
INFO: Initiating Jersey application, version 'Jersey: 1.19 02/11/2015 03:25 AM'
Sep 04, 2019 10:20:38 AM com.sun.jersey.server.impl.application.WebApplicationImpl _initiate
INFO: Initiating Jersey application, version 'Jersey: 1.19 02/11/2015 03:25 AM'
Sep 04, 2019 10:20:38 AM com.sun.jersey.server.impl.application.WebApplicationImpl _initiate
INFO: Initiating Jersey application, version 'Jersey: 1.19 02/11/2015 03:25 AM'
Sep 04, 2019 10:20:39 AM com.sun.jersey.server.impl.application.WebApplicationImpl _initiate
INFO: Initiating Jersey application, version 'Jersey: 1.19 02/11/2015 03:25 AM'
Sep 04, 2019 10:20:39 AM com.sun.jersey.server.impl.application.WebApplicationImpl _initiate
INFO: Initiating Jersey application, version 'Jersey: 1.19 02/11/2015 03:25 AM'
]]></system-err>
  </testcase>
  <testcase name="testWatchForCommitForGroupMismatchException" classname="org.apache.hadoop.ozone.client.rpc.TestWatchForCommit" time="32.929"/>
  <testcase name="test2WayCommitForTimeoutException" classname="org.apache.hadoop.ozone.client.rpc.TestWatchForCommit" time="36.85"/>
</testsuite>