<?xml version="1.0" encoding="UTF-8"?>
<testsuite xmlns:xsi="http://www.w3.org/2001/XMLSchema-instance" xsi:noNamespaceSchemaLocation="https://maven.apache.org/surefire/maven-surefire-plugin/xsd/surefire-test-report.xsd" name="org.apache.hadoop.ozone.client.rpc.TestReadRetries" time="41.158" tests="1" errors="1" skipped="0" failures="0">
  <properties>
    <property name="awt.toolkit" value="sun.awt.X11.XToolkit"/>
    <property name="file.encoding.pkg" value="sun.io"/>
    <property name="java.specification.version" value="1.8"/>
    <property name="sun.cpu.isalist" value=""/>
    <property name="sun.jnu.encoding" value="UTF-8"/>
    <property name="java.class.path" value="/workdir/hadoop-ozone/integration-test/target/test-classes:/workdir/hadoop-ozone/integration-test/target/classes:/home/user/.m2/repository/org/apache/hadoop/hadoop-ozone-common/0.5.0-SNAPSHOT/hadoop-ozone-common-0.5.0-SNAPSHOT.jar:/home/user/.m2/repository/org/apache/commons/commons-compress/1.4.1/commons-compress-1.4.1.jar:/home/user/.m2/repository/org/tukaani/xz/1.0/xz-1.0.jar:/home/user/.m2/repository/org/apache/hadoop/hadoop-common/3.2.0/hadoop-common-3.2.0.jar:/home/user/.m2/repository/org/apache/hadoop/hadoop-hdfs/3.2.0/hadoop-hdfs-3.2.0.jar:/home/user/.m2/repository/org/apache/hadoop/hadoop-hdfs-client/3.2.0/hadoop-hdfs-client-3.2.0.jar:/home/user/.m2/repository/com/fasterxml/jackson/core/jackson-annotations/2.9.9/jackson-annotations-2.9.9.jar:/home/user/.m2/repository/org/apache/hadoop/hadoop-hdds-common/0.5.0-SNAPSHOT/hadoop-hdds-common-0.5.0-SNAPSHOT.jar:/home/user/.m2/repository/javax/annotation/javax.annotation-api/1.2/javax.annotation-api-1.2.jar:/home/user/.m2/repository/org/apache/ratis/ratis-server/0.4.0/ratis-server-0.4.0.jar:/home/user/.m2/repository/org/apache/ratis/ratis-thirdparty-misc/0.2.0/ratis-thirdparty-misc-0.2.0.jar:/home/user/.m2/repository/org/apache/ratis/ratis-proto/0.4.0/ratis-proto-0.4.0.jar:/home/user/.m2/repository/org/apache/ratis/ratis-common/0.4.0/ratis-common-0.4.0.jar:/home/user/.m2/repository/org/apache/ratis/ratis-client/0.4.0/ratis-client-0.4.0.jar:/home/user/.m2/repository/org/apache/ratis/ratis-metrics/0.4.0/ratis-metrics-0.4.0.jar:/home/user/.m2/repository/com/github/joshelser/dropwizard-metrics-hadoop-metrics2-reporter/0.1.2/dropwizard-metrics-hadoop-metrics2-reporter-0.1.2.jar:/home/user/.m2/repository/io/dropwizard/metrics/metrics-jvm/3.2.5/metrics-jvm-3.2.5.jar:/home/user/.m2/repository/io/dropwizard/metrics/metrics-ganglia/3.2.5/metrics-ganglia-3.2.5.jar:/home/user/.m2/repository/info/ganglia/gmetric4j/gmetric4j/1.0.7/gmetric4j-1.0.7.jar:/home/user/.m2/repository/org/apache/ratis/ratis-netty/0.4.0/ratis-netty-0.4.0.jar:/home/user/.m2/repository/org/apache/ratis/ratis-grpc/0.4.0/ratis-grpc-0.4.0.jar:/home/user/.m2/repository/org/rocksdb/rocksdbjni/6.0.1/rocksdbjni-6.0.1.jar:/home/user/.m2/repository/org/apache/logging/log4j/log4j-api/2.11.0/log4j-api-2.11.0.jar:/home/user/.m2/repository/org/apache/logging/log4j/log4j-core/2.11.0/log4j-core-2.11.0.jar:/home/user/.m2/repository/com/lmax/disruptor/3.4.2/disruptor-3.4.2.jar:/home/user/.m2/repository/org/apache/commons/commons-pool2/2.6.0/commons-pool2-2.6.0.jar:/home/user/.m2/repository/org/bouncycastle/bcpkix-jdk15on/1.60/bcpkix-jdk15on-1.60.jar:/home/user/.m2/repository/commons-validator/commons-validator/1.6/commons-validator-1.6.jar:/home/user/.m2/repository/commons-digester/commons-digester/1.8.1/commons-digester-1.8.1.jar:/home/user/.m2/repository/io/jaegertracing/jaeger-client/0.34.0/jaeger-client-0.34.0.jar:/home/user/.m2/repository/io/jaegertracing/jaeger-thrift/0.34.0/jaeger-thrift-0.34.0.jar:/home/user/.m2/repository/org/apache/thrift/libthrift/0.12.0/libthrift-0.12.0.jar:/home/user/.m2/repository/com/squareup/okhttp3/okhttp/3.9.0/okhttp-3.9.0.jar:/home/user/.m2/repository/com/squareup/okio/okio/1.13.0/okio-1.13.0.jar:/home/user/.m2/repository/io/jaegertracing/jaeger-core/0.34.0/jaeger-core-0.34.0.jar:/home/user/.m2/repository/io/jaegertracing/jaeger-tracerresolver/0.34.0/jaeger-tracerresolver-0.34.0.jar:/home/user/.m2/repository/io/opentracing/contrib/opentracing-tracerresolver/0.1.5/opentracing-tracerresolver-0.1.5.jar:/home/user/.m2/repository/io/opentracing/opentracing-util/0.31.0/opentracing-util-0.31.0.jar:/home/user/.m2/repository/io/opentracing/opentracing-api/0.31.0/opentracing-api-0.31.0.jar:/home/user/.m2/repository/io/opentracing/opentracing-noop/0.31.0/opentracing-noop-0.31.0.jar:/home/user/.m2/repository/org/apache/hadoop/hadoop-hdds-server-framework/0.5.0-SNAPSHOT/hadoop-hdds-server-framework-0.5.0-SNAPSHOT.jar:/home/user/.m2/repository/org/apache/hadoop/hadoop-hdds-container-service/0.5.0-SNAPSHOT/hadoop-hdds-container-service-0.5.0-SNAPSHOT.jar:/home/user/.m2/repository/org/apache/hadoop/hadoop-hdds-client/0.5.0-SNAPSHOT/hadoop-hdds-client-0.5.0-SNAPSHOT.jar:/home/user/.m2/repository/org/apache/hadoop/hadoop-hdds-tools/0.5.0-SNAPSHOT/hadoop-hdds-tools-0.5.0-SNAPSHOT.jar:/home/user/.m2/repository/org/apache/hadoop/hadoop-hdds-server-scm/0.5.0-SNAPSHOT/hadoop-hdds-server-scm-0.5.0-SNAPSHOT.jar:/home/user/.m2/repository/org/apache/hadoop/hadoop-hdds-docs/0.5.0-SNAPSHOT/hadoop-hdds-docs-0.5.0-SNAPSHOT.jar:/home/user/.m2/repository/io/dropwizard/metrics/metrics-core/3.2.4/metrics-core-3.2.4.jar:/home/user/.m2/repository/org/hamcrest/hamcrest-all/1.3/hamcrest-all-1.3.jar:/home/user/.m2/repository/org/bouncycastle/bcprov-jdk15on/1.60/bcprov-jdk15on-1.60.jar:/home/user/.m2/repository/info/picocli/picocli/3.9.6/picocli-3.9.6.jar:/home/user/.m2/repository/com/google/protobuf/protobuf-java/2.5.0/protobuf-java-2.5.0.jar:/home/user/.m2/repository/com/google/guava/guava/11.0.2/guava-11.0.2.jar:/home/user/.m2/repository/org/apache/hadoop/hadoop-ozone-ozone-manager/0.5.0-SNAPSHOT/hadoop-ozone-ozone-manager-0.5.0-SNAPSHOT.jar:/home/user/.m2/repository/org/apache/hadoop/hadoop-minikdc/3.2.0/hadoop-minikdc-3.2.0.jar:/home/user/.m2/repository/commons-io/commons-io/2.5/commons-io-2.5.jar:/home/user/.m2/repository/org/apache/kerby/kerb-simplekdc/1.0.1/kerb-simplekdc-1.0.1.jar:/home/user/.m2/repository/org/apache/kerby/kerb-client/1.0.1/kerb-client-1.0.1.jar:/home/user/.m2/repository/org/apache/kerby/kerby-config/1.0.1/kerby-config-1.0.1.jar:/home/user/.m2/repository/org/apache/kerby/kerb-core/1.0.1/kerb-core-1.0.1.jar:/home/user/.m2/repository/org/apache/kerby/kerby-pkix/1.0.1/kerby-pkix-1.0.1.jar:/home/user/.m2/repository/org/apache/kerby/kerby-asn1/1.0.1/kerby-asn1-1.0.1.jar:/home/user/.m2/repository/org/apache/kerby/kerby-util/1.0.1/kerby-util-1.0.1.jar:/home/user/.m2/repository/org/apache/kerby/kerb-common/1.0.1/kerb-common-1.0.1.jar:/home/user/.m2/repository/org/apache/kerby/kerb-crypto/1.0.1/kerb-crypto-1.0.1.jar:/home/user/.m2/repository/org/apache/kerby/kerb-util/1.0.1/kerb-util-1.0.1.jar:/home/user/.m2/repository/org/apache/kerby/token-provider/1.0.1/token-provider-1.0.1.jar:/home/user/.m2/repository/org/apache/kerby/kerb-admin/1.0.1/kerb-admin-1.0.1.jar:/home/user/.m2/repository/org/apache/kerby/kerb-server/1.0.1/kerb-server-1.0.1.jar:/home/user/.m2/repository/org/apache/kerby/kerb-identity/1.0.1/kerb-identity-1.0.1.jar:/home/user/.m2/repository/org/apache/kerby/kerby-xdr/1.0.1/kerby-xdr-1.0.1.jar:/home/user/.m2/repository/org/slf4j/slf4j-log4j12/1.7.25/slf4j-log4j12-1.7.25.jar:/home/user/.m2/repository/org/apache/hadoop/hadoop-ozone-s3gateway/0.5.0-SNAPSHOT/hadoop-ozone-s3gateway-0.5.0-SNAPSHOT.jar:/home/user/.m2/repository/org/jboss/weld/servlet/weld-servlet/2.4.7.Final/weld-servlet-2.4.7.Final.jar:/home/user/.m2/repository/org/glassfish/jersey/containers/jersey-container-servlet-core/2.27/jersey-container-servlet-core-2.27.jar:/home/user/.m2/repository/org/glassfish/hk2/external/javax.inject/2.5.0-b42/javax.inject-2.5.0-b42.jar:/home/user/.m2/repository/org/glassfish/jersey/core/jersey-common/2.27/jersey-common-2.27.jar:/home/user/.m2/repository/org/glassfish/hk2/osgi-resource-locator/1.0.1/osgi-resource-locator-1.0.1.jar:/home/user/.m2/repository/javax/ws/rs/javax.ws.rs-api/2.1/javax.ws.rs-api-2.1.jar:/home/user/.m2/repository/org/glassfish/jersey/ext/cdi/jersey-cdi1x/2.27/jersey-cdi1x-2.27.jar:/home/user/.m2/repository/org/glassfish/jersey/inject/jersey-hk2/2.27/jersey-hk2-2.27.jar:/home/user/.m2/repository/org/glassfish/hk2/hk2-locator/2.5.0-b42/hk2-locator-2.5.0-b42.jar:/home/user/.m2/repository/org/javassist/javassist/3.22.0-CR2/javassist-3.22.0-CR2.jar:/home/user/.m2/repository/org/glassfish/hk2/hk2-api/2.5.0/hk2-api-2.5.0.jar:/home/user/.m2/repository/org/glassfish/hk2/external/jakarta.inject/2.5.0/jakarta.inject-2.5.0.jar:/home/user/.m2/repository/org/glassfish/hk2/hk2-utils/2.5.0/hk2-utils-2.5.0.jar:/home/user/.m2/repository/jakarta/annotation/jakarta.annotation-api/1.3.4/jakarta.annotation-api-1.3.4.jar:/home/user/.m2/repository/org/glassfish/hk2/external/aopalliance-repackaged/2.5.0/aopalliance-repackaged-2.5.0.jar:/home/user/.m2/repository/com/fasterxml/jackson/dataformat/jackson-dataformat-xml/2.9.0/jackson-dataformat-xml-2.9.0.jar:/home/user/.m2/repository/com/fasterxml/jackson/core/jackson-core/2.9.9/jackson-core-2.9.9.jar:/home/user/.m2/repository/com/fasterxml/jackson/module/jackson-module-jaxb-annotations/2.9.9/jackson-module-jaxb-annotations-2.9.9.jar:/home/user/.m2/repository/javax/enterprise/cdi-api/1.2/cdi-api-1.2.jar:/home/user/.m2/repository/javax/el/javax.el-api/3.0.0/javax.el-api-3.0.0.jar:/home/user/.m2/repository/javax/interceptor/javax.interceptor-api/1.2/javax.interceptor-api-1.2.jar:/home/user/.m2/repository/javax/inject/javax.inject/1/javax.inject-1.jar:/home/user/.m2/repository/com/sun/xml/bind/jaxb-impl/2.3.0.1/jaxb-impl-2.3.0.1.jar:/home/user/.m2/repository/com/sun/xml/bind/jaxb-core/2.3.0.1/jaxb-core-2.3.0.1.jar:/home/user/.m2/repository/javax/xml/bind/jaxb-api/2.3.0/jaxb-api-2.3.0.jar:/home/user/.m2/repository/javax/activation/activation/1.1.1/activation-1.1.1.jar:/home/user/.m2/repository/org/apache/hadoop/hadoop-ozone-csi/0.5.0-SNAPSHOT/hadoop-ozone-csi-0.5.0-SNAPSHOT.jar:/home/user/.m2/repository/com/google/protobuf/protobuf-java-util/3.5.1/protobuf-java-util-3.5.1.jar:/home/user/.m2/repository/org/apache/hadoop/hadoop-hdds-config/0.5.0-SNAPSHOT/hadoop-hdds-config-0.5.0-SNAPSHOT.jar:/home/user/.m2/repository/io/grpc/grpc-netty/1.17.1/grpc-netty-1.17.1.jar:/home/user/.m2/repository/io/grpc/grpc-core/1.17.1/grpc-core-1.17.1.jar:/home/user/.m2/repository/io/grpc/grpc-context/1.17.1/grpc-context-1.17.1.jar:/home/user/.m2/repository/com/google/errorprone/error_prone_annotations/2.2.0/error_prone_annotations-2.2.0.jar:/home/user/.m2/repository/org/codehaus/mojo/animal-sniffer-annotations/1.17/animal-sniffer-annotations-1.17.jar:/home/user/.m2/repository/io/opencensus/opencensus-api/0.17.0/opencensus-api-0.17.0.jar:/home/user/.m2/repository/io/opencensus/opencensus-contrib-grpc-metrics/0.17.0/opencensus-contrib-grpc-metrics-0.17.0.jar:/home/user/.m2/repository/io/netty/netty-codec-http2/4.1.30.Final/netty-codec-http2-4.1.30.Final.jar:/home/user/.m2/repository/io/netty/netty-codec-http/4.1.30.Final/netty-codec-http-4.1.30.Final.jar:/home/user/.m2/repository/io/netty/netty-codec/4.1.30.Final/netty-codec-4.1.30.Final.jar:/home/user/.m2/repository/io/netty/netty-handler/4.1.30.Final/netty-handler-4.1.30.Final.jar:/home/user/.m2/repository/io/netty/netty-handler-proxy/4.1.30.Final/netty-handler-proxy-4.1.30.Final.jar:/home/user/.m2/repository/io/netty/netty-codec-socks/4.1.30.Final/netty-codec-socks-4.1.30.Final.jar:/home/user/.m2/repository/io/netty/netty-transport-native-epoll/4.1.30.Final/netty-transport-native-epoll-4.1.30.Final.jar:/home/user/.m2/repository/io/netty/netty-common/4.1.30.Final/netty-common-4.1.30.Final.jar:/home/user/.m2/repository/io/netty/netty-buffer/4.1.30.Final/netty-buffer-4.1.30.Final.jar:/home/user/.m2/repository/io/netty/netty-transport/4.1.30.Final/netty-transport-4.1.30.Final.jar:/home/user/.m2/repository/io/netty/netty-resolver/4.1.30.Final/netty-resolver-4.1.30.Final.jar:/home/user/.m2/repository/io/netty/netty-transport-native-unix-common/4.1.30.Final/netty-transport-native-unix-common-4.1.30.Final.jar:/home/user/.m2/repository/io/grpc/grpc-protobuf/1.17.1/grpc-protobuf-1.17.1.jar:/home/user/.m2/repository/com/google/api/grpc/proto-google-common-protos/1.0.0/proto-google-common-protos-1.0.0.jar:/home/user/.m2/repository/io/grpc/grpc-protobuf-lite/1.17.1/grpc-protobuf-lite-1.17.1.jar:/home/user/.m2/repository/io/grpc/grpc-stub/1.17.1/grpc-stub-1.17.1.jar:/home/user/.m2/repository/org/apache/hadoop/hadoop-ozone-recon/0.5.0-SNAPSHOT/hadoop-ozone-recon-0.5.0-SNAPSHOT.jar:/home/user/.m2/repository/org/apache/hadoop/hadoop-ozone-reconcodegen/0.5.0-SNAPSHOT/hadoop-ozone-reconcodegen-0.5.0-SNAPSHOT.jar:/home/user/.m2/repository/com/google/inject/extensions/guice-multibindings/4.0/guice-multibindings-4.0.jar:/home/user/.m2/repository/com/google/inject/guice/4.0/guice-4.0.jar:/home/user/.m2/repository/aopalliance/aopalliance/1.0/aopalliance-1.0.jar:/home/user/.m2/repository/com/google/inject/extensions/guice-servlet/4.0/guice-servlet-4.0.jar:/home/user/.m2/repository/org/glassfish/jersey/containers/jersey-container-servlet/2.27/jersey-container-servlet-2.27.jar:/home/user/.m2/repository/org/glassfish/hk2/guice-bridge/2.5.0/guice-bridge-2.5.0.jar:/home/user/.m2/repository/org/glassfish/jersey/core/jersey-server/2.27/jersey-server-2.27.jar:/home/user/.m2/repository/org/glassfish/jersey/core/jersey-client/2.27/jersey-client-2.27.jar:/home/user/.m2/repository/org/glassfish/jersey/media/jersey-media-jaxb/2.27/jersey-media-jaxb-2.27.jar:/home/user/.m2/repository/javax/validation/validation-api/1.1.0.Final/validation-api-1.1.0.Final.jar:/home/user/.m2/repository/org/glassfish/jersey/media/jersey-media-json-jackson/2.27/jersey-media-json-jackson-2.27.jar:/home/user/.m2/repository/org/glassfish/jersey/ext/jersey-entity-filtering/2.27/jersey-entity-filtering-2.27.jar:/home/user/.m2/repository/com/google/inject/extensions/guice-assistedinject/4.0/guice-assistedinject-4.0.jar:/home/user/.m2/repository/org/jooq/jooq/3.11.10/jooq-3.11.10.jar:/home/user/.m2/repository/org/jooq/jooq-meta/3.11.10/jooq-meta-3.11.10.jar:/home/user/.m2/repository/org/jooq/jooq-codegen/3.11.10/jooq-codegen-3.11.10.jar:/home/user/.m2/repository/com/jolbox/bonecp/0.8.0.RELEASE/bonecp-0.8.0.RELEASE.jar:/home/user/.m2/repository/org/xerial/sqlite-jdbc/3.25.2/sqlite-jdbc-3.25.2.jar:/home/user/.m2/repository/org/springframework/spring-jdbc/5.1.3.RELEASE/spring-jdbc-5.1.3.RELEASE.jar:/home/user/.m2/repository/org/springframework/spring-beans/5.1.3.RELEASE/spring-beans-5.1.3.RELEASE.jar:/home/user/.m2/repository/org/springframework/spring-core/5.1.3.RELEASE/spring-core-5.1.3.RELEASE.jar:/home/user/.m2/repository/org/springframework/spring-jcl/5.1.3.RELEASE/spring-jcl-5.1.3.RELEASE.jar:/home/user/.m2/repository/org/springframework/spring-tx/5.1.3.RELEASE/spring-tx-5.1.3.RELEASE.jar:/home/user/.m2/repository/org/apache/hadoop/hadoop-ozone-client/0.5.0-SNAPSHOT/hadoop-ozone-client-0.5.0-SNAPSHOT.jar:/home/user/.m2/repository/commons-lang/commons-lang/2.6/commons-lang-2.6.jar:/home/user/.m2/repository/org/apache/hadoop/hadoop-ozone-ozone-manager/0.5.0-SNAPSHOT/hadoop-ozone-ozone-manager-0.5.0-SNAPSHOT-tests.jar:/home/user/.m2/repository/junit/junit/4.11/junit-4.11.jar:/home/user/.m2/repository/org/hamcrest/hamcrest-core/1.3/hamcrest-core-1.3.jar:/home/user/.m2/repository/org/openjdk/jmh/jmh-core/1.19/jmh-core-1.19.jar:/home/user/.m2/repository/net/sf/jopt-simple/jopt-simple/4.6/jopt-simple-4.6.jar:/home/user/.m2/repository/org/apache/commons/commons-math3/3.1.1/commons-math3-3.1.1.jar:/home/user/.m2/repository/org/openjdk/jmh/jmh-generator-annprocess/1.19/jmh-generator-annprocess-1.19.jar:/home/user/.m2/repository/org/mockito/mockito-all/1.8.5/mockito-all-1.8.5.jar:/home/user/.m2/repository/org/apache/hadoop/hadoop-kms/3.2.0/hadoop-kms-3.2.0.jar:/home/user/.m2/repository/org/apache/hadoop/hadoop-auth/3.2.0/hadoop-auth-3.2.0.jar:/home/user/.m2/repository/com/nimbusds/nimbus-jose-jwt/4.41.1/nimbus-jose-jwt-4.41.1.jar:/home/user/.m2/repository/com/github/stephenc/jcip/jcip-annotations/1.0-1/jcip-annotations-1.0-1.jar:/home/user/.m2/repository/net/minidev/json-smart/2.3/json-smart-2.3.jar:/home/user/.m2/repository/net/minidev/accessors-smart/1.2/accessors-smart-1.2.jar:/home/user/.m2/repository/org/ow2/asm/asm/5.0.4/asm-5.0.4.jar:/home/user/.m2/repository/org/apache/curator/curator-framework/2.12.0/curator-framework-2.12.0.jar:/home/user/.m2/repository/com/sun/jersey/jersey-core/1.19/jersey-core-1.19.jar:/home/user/.m2/repository/javax/ws/rs/jsr311-api/1.1.1/jsr311-api-1.1.1.jar:/home/user/.m2/repository/com/sun/jersey/jersey-server/1.19/jersey-server-1.19.jar:/home/user/.m2/repository/javax/servlet/javax.servlet-api/3.1.0/javax.servlet-api-3.1.0.jar:/home/user/.m2/repository/org/eclipse/jetty/jetty-server/9.3.25.v20180904/jetty-server-9.3.25.v20180904.jar:/home/user/.m2/repository/org/eclipse/jetty/jetty-http/9.3.25.v20180904/jetty-http-9.3.25.v20180904.jar:/home/user/.m2/repository/org/eclipse/jetty/jetty-io/9.3.25.v20180904/jetty-io-9.3.25.v20180904.jar:/home/user/.m2/repository/org/eclipse/jetty/jetty-webapp/9.3.25.v20180904/jetty-webapp-9.3.25.v20180904.jar:/home/user/.m2/repository/org/eclipse/jetty/jetty-xml/9.3.25.v20180904/jetty-xml-9.3.25.v20180904.jar:/home/user/.m2/repository/log4j/log4j/1.2.17/log4j-1.2.17.jar:/home/user/.m2/repository/org/slf4j/slf4j-api/1.7.25/slf4j-api-1.7.25.jar:/home/user/.m2/repository/org/slf4j/jul-to-slf4j/1.7.25/jul-to-slf4j-1.7.25.jar:/home/user/.m2/repository/org/eclipse/jetty/jetty-util/9.3.25.v20180904/jetty-util-9.3.25.v20180904.jar:/home/user/.m2/repository/com/fasterxml/jackson/core/jackson-databind/2.9.9/jackson-databind-2.9.9.jar:/home/user/.m2/repository/org/apache/hadoop/hadoop-kms/3.2.0/hadoop-kms-3.2.0-tests.jar:/home/user/.m2/repository/org/apache/hadoop/hadoop-hdds-server-scm/0.5.0-SNAPSHOT/hadoop-hdds-server-scm-0.5.0-SNAPSHOT-tests.jar:/home/user/.m2/repository/org/apache/hadoop/hadoop-hdds-container-service/0.5.0-SNAPSHOT/hadoop-hdds-container-service-0.5.0-SNAPSHOT-tests.jar:/home/user/.m2/repository/org/yaml/snakeyaml/1.16/snakeyaml-1.16.jar:/home/user/.m2/repository/org/apache/hadoop/hadoop-common/3.2.0/hadoop-common-3.2.0-tests.jar:/home/user/.m2/repository/org/apache/hadoop/hadoop-annotations/3.2.0/hadoop-annotations-3.2.0.jar:/usr/lib/jvm/java-1.8-openjdk/jre/../lib/tools.jar:/home/user/.m2/repository/commons-cli/commons-cli/1.2/commons-cli-1.2.jar:/home/user/.m2/repository/org/apache/httpcomponents/httpclient/4.5.2/httpclient-4.5.2.jar:/home/user/.m2/repository/org/apache/httpcomponents/httpcore/4.4.4/httpcore-4.4.4.jar:/home/user/.m2/repository/commons-codec/commons-codec/1.11/commons-codec-1.11.jar:/home/user/.m2/repository/commons-net/commons-net/3.6/commons-net-3.6.jar:/home/user/.m2/repository/commons-collections/commons-collections/3.2.2/commons-collections-3.2.2.jar:/home/user/.m2/repository/org/eclipse/jetty/jetty-servlet/9.3.25.v20180904/jetty-servlet-9.3.25.v20180904.jar:/home/user/.m2/repository/org/eclipse/jetty/jetty-security/9.3.25.v20180904/jetty-security-9.3.25.v20180904.jar:/home/user/.m2/repository/javax/servlet/jsp/jsp-api/2.1/jsp-api-2.1.jar:/home/user/.m2/repository/com/sun/jersey/jersey-servlet/1.19/jersey-servlet-1.19.jar:/home/user/.m2/repository/com/sun/jersey/jersey-json/1.19/jersey-json-1.19.jar:/home/user/.m2/repository/org/codehaus/jettison/jettison/1.1/jettison-1.1.jar:/home/user/.m2/repository/org/codehaus/jackson/jackson-core-asl/1.9.13/jackson-core-asl-1.9.13.jar:/home/user/.m2/repository/org/codehaus/jackson/jackson-mapper-asl/1.9.13/jackson-mapper-asl-1.9.13.jar:/home/user/.m2/repository/org/codehaus/jackson/jackson-jaxrs/1.9.13/jackson-jaxrs-1.9.13.jar:/home/user/.m2/repository/org/codehaus/jackson/jackson-xc/1.9.13/jackson-xc-1.9.13.jar:/home/user/.m2/repository/commons-logging/commons-logging/1.1.3/commons-logging-1.1.3.jar:/home/user/.m2/repository/commons-beanutils/commons-beanutils/1.9.4/commons-beanutils-1.9.4.jar:/home/user/.m2/repository/org/apache/commons/commons-configuration2/2.1.1/commons-configuration2-2.1.1.jar:/home/user/.m2/repository/org/apache/commons/commons-lang3/3.7/commons-lang3-3.7.jar:/home/user/.m2/repository/org/apache/commons/commons-text/1.4/commons-text-1.4.jar:/home/user/.m2/repository/org/apache/avro/avro/1.7.7/avro-1.7.7.jar:/home/user/.m2/repository/com/thoughtworks/paranamer/paranamer/2.3/paranamer-2.3.jar:/home/user/.m2/repository/org/xerial/snappy/snappy-java/1.0.5/snappy-java-1.0.5.jar:/home/user/.m2/repository/com/google/re2j/re2j/1.1/re2j-1.1.jar:/home/user/.m2/repository/com/google/code/gson/gson/2.2.4/gson-2.2.4.jar:/home/user/.m2/repository/com/jcraft/jsch/0.1.54/jsch-0.1.54.jar:/home/user/.m2/repository/org/apache/curator/curator-client/2.12.0/curator-client-2.12.0.jar:/home/user/.m2/repository/org/apache/curator/curator-recipes/2.12.0/curator-recipes-2.12.0.jar:/home/user/.m2/repository/com/google/code/findbugs/jsr305/3.0.0/jsr305-3.0.0.jar:/home/user/.m2/repository/org/apache/htrace/htrace-core4/4.1.0-incubating/htrace-core4-4.1.0-incubating.jar:/home/user/.m2/repository/org/apache/zookeeper/zookeeper/3.4.13/zookeeper-3.4.13.jar:/home/user/.m2/repository/jline/jline/0.9.94/jline-0.9.94.jar:/home/user/.m2/repository/org/apache/yetus/audience-annotations/0.5.0/audience-annotations-0.5.0.jar:/home/user/.m2/repository/org/codehaus/woodstox/stax2-api/3.1.4/stax2-api-3.1.4.jar:/home/user/.m2/repository/com/fasterxml/woodstox/woodstox-core/5.0.3/woodstox-core-5.0.3.jar:/home/user/.m2/repository/dnsjava/dnsjava/2.1.7/dnsjava-2.1.7.jar:/home/user/.m2/repository/org/apache/hadoop/hadoop-hdfs/3.2.0/hadoop-hdfs-3.2.0-tests.jar:/home/user/.m2/repository/org/eclipse/jetty/jetty-util-ajax/9.3.25.v20180904/jetty-util-ajax-9.3.25.v20180904.jar:/home/user/.m2/repository/commons-daemon/commons-daemon/1.0.13/commons-daemon-1.0.13.jar:/home/user/.m2/repository/io/netty/netty/3.10.5.Final/netty-3.10.5.Final.jar:/home/user/.m2/repository/io/netty/netty-all/4.0.52.Final/netty-all-4.0.52.Final.jar:/home/user/.m2/repository/org/fusesource/leveldbjni/leveldbjni-all/1.8/leveldbjni-all-1.8.jar:"/>
    <property name="java.vm.vendor" value="IcedTea"/>
    <property name="sun.arch.data.model" value="64"/>
    <property name="test.build.dir" value="/workdir/hadoop-ozone/integration-test/target/test-dir"/>
    <property name="test.cache.data" value=""/>
    <property name="java.vendor.url" value="https://icedtea.classpath.org"/>
    <property name="user.timezone" value=""/>
    <property name="java.vm.specification.version" value="1.8"/>
    <property name="os.name" value="Linux"/>
    <property name="test.build.data" value="/workdir/hadoop-ozone/integration-test/target/test-dir"/>
    <property name="user.country" value="US"/>
    <property name="sun.java.launcher" value="SUN_STANDARD"/>
    <property name="sun.boot.library.path" value="/usr/lib/jvm/java-1.8-openjdk/jre/lib/amd64"/>
    <property name="sun.java.command" value="/workdir/hadoop-ozone/integration-test/target/surefire/surefirebooter916423650985360318.jar /workdir/hadoop-ozone/integration-test/target/surefire 2019-09-26T11-49-28_115-jvmRun1 surefire9160676758066674222tmp surefire_602937845063734588061tmp"/>
    <property name="test" value="!TestMiniChaosOzoneCluster"/>
    <property name="surefire.test.class.path" value="/workdir/hadoop-ozone/integration-test/target/test-classes:/workdir/hadoop-ozone/integration-test/target/classes:/home/user/.m2/repository/org/apache/hadoop/hadoop-ozone-common/0.5.0-SNAPSHOT/hadoop-ozone-common-0.5.0-SNAPSHOT.jar:/home/user/.m2/repository/org/apache/commons/commons-compress/1.4.1/commons-compress-1.4.1.jar:/home/user/.m2/repository/org/tukaani/xz/1.0/xz-1.0.jar:/home/user/.m2/repository/org/apache/hadoop/hadoop-common/3.2.0/hadoop-common-3.2.0.jar:/home/user/.m2/repository/org/apache/hadoop/hadoop-hdfs/3.2.0/hadoop-hdfs-3.2.0.jar:/home/user/.m2/repository/org/apache/hadoop/hadoop-hdfs-client/3.2.0/hadoop-hdfs-client-3.2.0.jar:/home/user/.m2/repository/com/fasterxml/jackson/core/jackson-annotations/2.9.9/jackson-annotations-2.9.9.jar:/home/user/.m2/repository/org/apache/hadoop/hadoop-hdds-common/0.5.0-SNAPSHOT/hadoop-hdds-common-0.5.0-SNAPSHOT.jar:/home/user/.m2/repository/javax/annotation/javax.annotation-api/1.2/javax.annotation-api-1.2.jar:/home/user/.m2/repository/org/apache/ratis/ratis-server/0.4.0/ratis-server-0.4.0.jar:/home/user/.m2/repository/org/apache/ratis/ratis-thirdparty-misc/0.2.0/ratis-thirdparty-misc-0.2.0.jar:/home/user/.m2/repository/org/apache/ratis/ratis-proto/0.4.0/ratis-proto-0.4.0.jar:/home/user/.m2/repository/org/apache/ratis/ratis-common/0.4.0/ratis-common-0.4.0.jar:/home/user/.m2/repository/org/apache/ratis/ratis-client/0.4.0/ratis-client-0.4.0.jar:/home/user/.m2/repository/org/apache/ratis/ratis-metrics/0.4.0/ratis-metrics-0.4.0.jar:/home/user/.m2/repository/com/github/joshelser/dropwizard-metrics-hadoop-metrics2-reporter/0.1.2/dropwizard-metrics-hadoop-metrics2-reporter-0.1.2.jar:/home/user/.m2/repository/io/dropwizard/metrics/metrics-jvm/3.2.5/metrics-jvm-3.2.5.jar:/home/user/.m2/repository/io/dropwizard/metrics/metrics-ganglia/3.2.5/metrics-ganglia-3.2.5.jar:/home/user/.m2/repository/info/ganglia/gmetric4j/gmetric4j/1.0.7/gmetric4j-1.0.7.jar:/home/user/.m2/repository/org/apache/ratis/ratis-netty/0.4.0/ratis-netty-0.4.0.jar:/home/user/.m2/repository/org/apache/ratis/ratis-grpc/0.4.0/ratis-grpc-0.4.0.jar:/home/user/.m2/repository/org/rocksdb/rocksdbjni/6.0.1/rocksdbjni-6.0.1.jar:/home/user/.m2/repository/org/apache/logging/log4j/log4j-api/2.11.0/log4j-api-2.11.0.jar:/home/user/.m2/repository/org/apache/logging/log4j/log4j-core/2.11.0/log4j-core-2.11.0.jar:/home/user/.m2/repository/com/lmax/disruptor/3.4.2/disruptor-3.4.2.jar:/home/user/.m2/repository/org/apache/commons/commons-pool2/2.6.0/commons-pool2-2.6.0.jar:/home/user/.m2/repository/org/bouncycastle/bcpkix-jdk15on/1.60/bcpkix-jdk15on-1.60.jar:/home/user/.m2/repository/commons-validator/commons-validator/1.6/commons-validator-1.6.jar:/home/user/.m2/repository/commons-digester/commons-digester/1.8.1/commons-digester-1.8.1.jar:/home/user/.m2/repository/io/jaegertracing/jaeger-client/0.34.0/jaeger-client-0.34.0.jar:/home/user/.m2/repository/io/jaegertracing/jaeger-thrift/0.34.0/jaeger-thrift-0.34.0.jar:/home/user/.m2/repository/org/apache/thrift/libthrift/0.12.0/libthrift-0.12.0.jar:/home/user/.m2/repository/com/squareup/okhttp3/okhttp/3.9.0/okhttp-3.9.0.jar:/home/user/.m2/repository/com/squareup/okio/okio/1.13.0/okio-1.13.0.jar:/home/user/.m2/repository/io/jaegertracing/jaeger-core/0.34.0/jaeger-core-0.34.0.jar:/home/user/.m2/repository/io/jaegertracing/jaeger-tracerresolver/0.34.0/jaeger-tracerresolver-0.34.0.jar:/home/user/.m2/repository/io/opentracing/contrib/opentracing-tracerresolver/0.1.5/opentracing-tracerresolver-0.1.5.jar:/home/user/.m2/repository/io/opentracing/opentracing-util/0.31.0/opentracing-util-0.31.0.jar:/home/user/.m2/repository/io/opentracing/opentracing-api/0.31.0/opentracing-api-0.31.0.jar:/home/user/.m2/repository/io/opentracing/opentracing-noop/0.31.0/opentracing-noop-0.31.0.jar:/home/user/.m2/repository/org/apache/hadoop/hadoop-hdds-server-framework/0.5.0-SNAPSHOT/hadoop-hdds-server-framework-0.5.0-SNAPSHOT.jar:/home/user/.m2/repository/org/apache/hadoop/hadoop-hdds-container-service/0.5.0-SNAPSHOT/hadoop-hdds-container-service-0.5.0-SNAPSHOT.jar:/home/user/.m2/repository/org/apache/hadoop/hadoop-hdds-client/0.5.0-SNAPSHOT/hadoop-hdds-client-0.5.0-SNAPSHOT.jar:/home/user/.m2/repository/org/apache/hadoop/hadoop-hdds-tools/0.5.0-SNAPSHOT/hadoop-hdds-tools-0.5.0-SNAPSHOT.jar:/home/user/.m2/repository/org/apache/hadoop/hadoop-hdds-server-scm/0.5.0-SNAPSHOT/hadoop-hdds-server-scm-0.5.0-SNAPSHOT.jar:/home/user/.m2/repository/org/apache/hadoop/hadoop-hdds-docs/0.5.0-SNAPSHOT/hadoop-hdds-docs-0.5.0-SNAPSHOT.jar:/home/user/.m2/repository/io/dropwizard/metrics/metrics-core/3.2.4/metrics-core-3.2.4.jar:/home/user/.m2/repository/org/hamcrest/hamcrest-all/1.3/hamcrest-all-1.3.jar:/home/user/.m2/repository/org/bouncycastle/bcprov-jdk15on/1.60/bcprov-jdk15on-1.60.jar:/home/user/.m2/repository/info/picocli/picocli/3.9.6/picocli-3.9.6.jar:/home/user/.m2/repository/com/google/protobuf/protobuf-java/2.5.0/protobuf-java-2.5.0.jar:/home/user/.m2/repository/com/google/guava/guava/11.0.2/guava-11.0.2.jar:/home/user/.m2/repository/org/apache/hadoop/hadoop-ozone-ozone-manager/0.5.0-SNAPSHOT/hadoop-ozone-ozone-manager-0.5.0-SNAPSHOT.jar:/home/user/.m2/repository/org/apache/hadoop/hadoop-minikdc/3.2.0/hadoop-minikdc-3.2.0.jar:/home/user/.m2/repository/commons-io/commons-io/2.5/commons-io-2.5.jar:/home/user/.m2/repository/org/apache/kerby/kerb-simplekdc/1.0.1/kerb-simplekdc-1.0.1.jar:/home/user/.m2/repository/org/apache/kerby/kerb-client/1.0.1/kerb-client-1.0.1.jar:/home/user/.m2/repository/org/apache/kerby/kerby-config/1.0.1/kerby-config-1.0.1.jar:/home/user/.m2/repository/org/apache/kerby/kerb-core/1.0.1/kerb-core-1.0.1.jar:/home/user/.m2/repository/org/apache/kerby/kerby-pkix/1.0.1/kerby-pkix-1.0.1.jar:/home/user/.m2/repository/org/apache/kerby/kerby-asn1/1.0.1/kerby-asn1-1.0.1.jar:/home/user/.m2/repository/org/apache/kerby/kerby-util/1.0.1/kerby-util-1.0.1.jar:/home/user/.m2/repository/org/apache/kerby/kerb-common/1.0.1/kerb-common-1.0.1.jar:/home/user/.m2/repository/org/apache/kerby/kerb-crypto/1.0.1/kerb-crypto-1.0.1.jar:/home/user/.m2/repository/org/apache/kerby/kerb-util/1.0.1/kerb-util-1.0.1.jar:/home/user/.m2/repository/org/apache/kerby/token-provider/1.0.1/token-provider-1.0.1.jar:/home/user/.m2/repository/org/apache/kerby/kerb-admin/1.0.1/kerb-admin-1.0.1.jar:/home/user/.m2/repository/org/apache/kerby/kerb-server/1.0.1/kerb-server-1.0.1.jar:/home/user/.m2/repository/org/apache/kerby/kerb-identity/1.0.1/kerb-identity-1.0.1.jar:/home/user/.m2/repository/org/apache/kerby/kerby-xdr/1.0.1/kerby-xdr-1.0.1.jar:/home/user/.m2/repository/org/slf4j/slf4j-log4j12/1.7.25/slf4j-log4j12-1.7.25.jar:/home/user/.m2/repository/org/apache/hadoop/hadoop-ozone-s3gateway/0.5.0-SNAPSHOT/hadoop-ozone-s3gateway-0.5.0-SNAPSHOT.jar:/home/user/.m2/repository/org/jboss/weld/servlet/weld-servlet/2.4.7.Final/weld-servlet-2.4.7.Final.jar:/home/user/.m2/repository/org/glassfish/jersey/containers/jersey-container-servlet-core/2.27/jersey-container-servlet-core-2.27.jar:/home/user/.m2/repository/org/glassfish/hk2/external/javax.inject/2.5.0-b42/javax.inject-2.5.0-b42.jar:/home/user/.m2/repository/org/glassfish/jersey/core/jersey-common/2.27/jersey-common-2.27.jar:/home/user/.m2/repository/org/glassfish/hk2/osgi-resource-locator/1.0.1/osgi-resource-locator-1.0.1.jar:/home/user/.m2/repository/javax/ws/rs/javax.ws.rs-api/2.1/javax.ws.rs-api-2.1.jar:/home/user/.m2/repository/org/glassfish/jersey/ext/cdi/jersey-cdi1x/2.27/jersey-cdi1x-2.27.jar:/home/user/.m2/repository/org/glassfish/jersey/inject/jersey-hk2/2.27/jersey-hk2-2.27.jar:/home/user/.m2/repository/org/glassfish/hk2/hk2-locator/2.5.0-b42/hk2-locator-2.5.0-b42.jar:/home/user/.m2/repository/org/javassist/javassist/3.22.0-CR2/javassist-3.22.0-CR2.jar:/home/user/.m2/repository/org/glassfish/hk2/hk2-api/2.5.0/hk2-api-2.5.0.jar:/home/user/.m2/repository/org/glassfish/hk2/external/jakarta.inject/2.5.0/jakarta.inject-2.5.0.jar:/home/user/.m2/repository/org/glassfish/hk2/hk2-utils/2.5.0/hk2-utils-2.5.0.jar:/home/user/.m2/repository/jakarta/annotation/jakarta.annotation-api/1.3.4/jakarta.annotation-api-1.3.4.jar:/home/user/.m2/repository/org/glassfish/hk2/external/aopalliance-repackaged/2.5.0/aopalliance-repackaged-2.5.0.jar:/home/user/.m2/repository/com/fasterxml/jackson/dataformat/jackson-dataformat-xml/2.9.0/jackson-dataformat-xml-2.9.0.jar:/home/user/.m2/repository/com/fasterxml/jackson/core/jackson-core/2.9.9/jackson-core-2.9.9.jar:/home/user/.m2/repository/com/fasterxml/jackson/module/jackson-module-jaxb-annotations/2.9.9/jackson-module-jaxb-annotations-2.9.9.jar:/home/user/.m2/repository/javax/enterprise/cdi-api/1.2/cdi-api-1.2.jar:/home/user/.m2/repository/javax/el/javax.el-api/3.0.0/javax.el-api-3.0.0.jar:/home/user/.m2/repository/javax/interceptor/javax.interceptor-api/1.2/javax.interceptor-api-1.2.jar:/home/user/.m2/repository/javax/inject/javax.inject/1/javax.inject-1.jar:/home/user/.m2/repository/com/sun/xml/bind/jaxb-impl/2.3.0.1/jaxb-impl-2.3.0.1.jar:/home/user/.m2/repository/com/sun/xml/bind/jaxb-core/2.3.0.1/jaxb-core-2.3.0.1.jar:/home/user/.m2/repository/javax/xml/bind/jaxb-api/2.3.0/jaxb-api-2.3.0.jar:/home/user/.m2/repository/javax/activation/activation/1.1.1/activation-1.1.1.jar:/home/user/.m2/repository/org/apache/hadoop/hadoop-ozone-csi/0.5.0-SNAPSHOT/hadoop-ozone-csi-0.5.0-SNAPSHOT.jar:/home/user/.m2/repository/com/google/protobuf/protobuf-java-util/3.5.1/protobuf-java-util-3.5.1.jar:/home/user/.m2/repository/org/apache/hadoop/hadoop-hdds-config/0.5.0-SNAPSHOT/hadoop-hdds-config-0.5.0-SNAPSHOT.jar:/home/user/.m2/repository/io/grpc/grpc-netty/1.17.1/grpc-netty-1.17.1.jar:/home/user/.m2/repository/io/grpc/grpc-core/1.17.1/grpc-core-1.17.1.jar:/home/user/.m2/repository/io/grpc/grpc-context/1.17.1/grpc-context-1.17.1.jar:/home/user/.m2/repository/com/google/errorprone/error_prone_annotations/2.2.0/error_prone_annotations-2.2.0.jar:/home/user/.m2/repository/org/codehaus/mojo/animal-sniffer-annotations/1.17/animal-sniffer-annotations-1.17.jar:/home/user/.m2/repository/io/opencensus/opencensus-api/0.17.0/opencensus-api-0.17.0.jar:/home/user/.m2/repository/io/opencensus/opencensus-contrib-grpc-metrics/0.17.0/opencensus-contrib-grpc-metrics-0.17.0.jar:/home/user/.m2/repository/io/netty/netty-codec-http2/4.1.30.Final/netty-codec-http2-4.1.30.Final.jar:/home/user/.m2/repository/io/netty/netty-codec-http/4.1.30.Final/netty-codec-http-4.1.30.Final.jar:/home/user/.m2/repository/io/netty/netty-codec/4.1.30.Final/netty-codec-4.1.30.Final.jar:/home/user/.m2/repository/io/netty/netty-handler/4.1.30.Final/netty-handler-4.1.30.Final.jar:/home/user/.m2/repository/io/netty/netty-handler-proxy/4.1.30.Final/netty-handler-proxy-4.1.30.Final.jar:/home/user/.m2/repository/io/netty/netty-codec-socks/4.1.30.Final/netty-codec-socks-4.1.30.Final.jar:/home/user/.m2/repository/io/netty/netty-transport-native-epoll/4.1.30.Final/netty-transport-native-epoll-4.1.30.Final.jar:/home/user/.m2/repository/io/netty/netty-common/4.1.30.Final/netty-common-4.1.30.Final.jar:/home/user/.m2/repository/io/netty/netty-buffer/4.1.30.Final/netty-buffer-4.1.30.Final.jar:/home/user/.m2/repository/io/netty/netty-transport/4.1.30.Final/netty-transport-4.1.30.Final.jar:/home/user/.m2/repository/io/netty/netty-resolver/4.1.30.Final/netty-resolver-4.1.30.Final.jar:/home/user/.m2/repository/io/netty/netty-transport-native-unix-common/4.1.30.Final/netty-transport-native-unix-common-4.1.30.Final.jar:/home/user/.m2/repository/io/grpc/grpc-protobuf/1.17.1/grpc-protobuf-1.17.1.jar:/home/user/.m2/repository/com/google/api/grpc/proto-google-common-protos/1.0.0/proto-google-common-protos-1.0.0.jar:/home/user/.m2/repository/io/grpc/grpc-protobuf-lite/1.17.1/grpc-protobuf-lite-1.17.1.jar:/home/user/.m2/repository/io/grpc/grpc-stub/1.17.1/grpc-stub-1.17.1.jar:/home/user/.m2/repository/org/apache/hadoop/hadoop-ozone-recon/0.5.0-SNAPSHOT/hadoop-ozone-recon-0.5.0-SNAPSHOT.jar:/home/user/.m2/repository/org/apache/hadoop/hadoop-ozone-reconcodegen/0.5.0-SNAPSHOT/hadoop-ozone-reconcodegen-0.5.0-SNAPSHOT.jar:/home/user/.m2/repository/com/google/inject/extensions/guice-multibindings/4.0/guice-multibindings-4.0.jar:/home/user/.m2/repository/com/google/inject/guice/4.0/guice-4.0.jar:/home/user/.m2/repository/aopalliance/aopalliance/1.0/aopalliance-1.0.jar:/home/user/.m2/repository/com/google/inject/extensions/guice-servlet/4.0/guice-servlet-4.0.jar:/home/user/.m2/repository/org/glassfish/jersey/containers/jersey-container-servlet/2.27/jersey-container-servlet-2.27.jar:/home/user/.m2/repository/org/glassfish/hk2/guice-bridge/2.5.0/guice-bridge-2.5.0.jar:/home/user/.m2/repository/org/glassfish/jersey/core/jersey-server/2.27/jersey-server-2.27.jar:/home/user/.m2/repository/org/glassfish/jersey/core/jersey-client/2.27/jersey-client-2.27.jar:/home/user/.m2/repository/org/glassfish/jersey/media/jersey-media-jaxb/2.27/jersey-media-jaxb-2.27.jar:/home/user/.m2/repository/javax/validation/validation-api/1.1.0.Final/validation-api-1.1.0.Final.jar:/home/user/.m2/repository/org/glassfish/jersey/media/jersey-media-json-jackson/2.27/jersey-media-json-jackson-2.27.jar:/home/user/.m2/repository/org/glassfish/jersey/ext/jersey-entity-filtering/2.27/jersey-entity-filtering-2.27.jar:/home/user/.m2/repository/com/google/inject/extensions/guice-assistedinject/4.0/guice-assistedinject-4.0.jar:/home/user/.m2/repository/org/jooq/jooq/3.11.10/jooq-3.11.10.jar:/home/user/.m2/repository/org/jooq/jooq-meta/3.11.10/jooq-meta-3.11.10.jar:/home/user/.m2/repository/org/jooq/jooq-codegen/3.11.10/jooq-codegen-3.11.10.jar:/home/user/.m2/repository/com/jolbox/bonecp/0.8.0.RELEASE/bonecp-0.8.0.RELEASE.jar:/home/user/.m2/repository/org/xerial/sqlite-jdbc/3.25.2/sqlite-jdbc-3.25.2.jar:/home/user/.m2/repository/org/springframework/spring-jdbc/5.1.3.RELEASE/spring-jdbc-5.1.3.RELEASE.jar:/home/user/.m2/repository/org/springframework/spring-beans/5.1.3.RELEASE/spring-beans-5.1.3.RELEASE.jar:/home/user/.m2/repository/org/springframework/spring-core/5.1.3.RELEASE/spring-core-5.1.3.RELEASE.jar:/home/user/.m2/repository/org/springframework/spring-jcl/5.1.3.RELEASE/spring-jcl-5.1.3.RELEASE.jar:/home/user/.m2/repository/org/springframework/spring-tx/5.1.3.RELEASE/spring-tx-5.1.3.RELEASE.jar:/home/user/.m2/repository/org/apache/hadoop/hadoop-ozone-client/0.5.0-SNAPSHOT/hadoop-ozone-client-0.5.0-SNAPSHOT.jar:/home/user/.m2/repository/commons-lang/commons-lang/2.6/commons-lang-2.6.jar:/home/user/.m2/repository/org/apache/hadoop/hadoop-ozone-ozone-manager/0.5.0-SNAPSHOT/hadoop-ozone-ozone-manager-0.5.0-SNAPSHOT-tests.jar:/home/user/.m2/repository/junit/junit/4.11/junit-4.11.jar:/home/user/.m2/repository/org/hamcrest/hamcrest-core/1.3/hamcrest-core-1.3.jar:/home/user/.m2/repository/org/openjdk/jmh/jmh-core/1.19/jmh-core-1.19.jar:/home/user/.m2/repository/net/sf/jopt-simple/jopt-simple/4.6/jopt-simple-4.6.jar:/home/user/.m2/repository/org/apache/commons/commons-math3/3.1.1/commons-math3-3.1.1.jar:/home/user/.m2/repository/org/openjdk/jmh/jmh-generator-annprocess/1.19/jmh-generator-annprocess-1.19.jar:/home/user/.m2/repository/org/mockito/mockito-all/1.8.5/mockito-all-1.8.5.jar:/home/user/.m2/repository/org/apache/hadoop/hadoop-kms/3.2.0/hadoop-kms-3.2.0.jar:/home/user/.m2/repository/org/apache/hadoop/hadoop-auth/3.2.0/hadoop-auth-3.2.0.jar:/home/user/.m2/repository/com/nimbusds/nimbus-jose-jwt/4.41.1/nimbus-jose-jwt-4.41.1.jar:/home/user/.m2/repository/com/github/stephenc/jcip/jcip-annotations/1.0-1/jcip-annotations-1.0-1.jar:/home/user/.m2/repository/net/minidev/json-smart/2.3/json-smart-2.3.jar:/home/user/.m2/repository/net/minidev/accessors-smart/1.2/accessors-smart-1.2.jar:/home/user/.m2/repository/org/ow2/asm/asm/5.0.4/asm-5.0.4.jar:/home/user/.m2/repository/org/apache/curator/curator-framework/2.12.0/curator-framework-2.12.0.jar:/home/user/.m2/repository/com/sun/jersey/jersey-core/1.19/jersey-core-1.19.jar:/home/user/.m2/repository/javax/ws/rs/jsr311-api/1.1.1/jsr311-api-1.1.1.jar:/home/user/.m2/repository/com/sun/jersey/jersey-server/1.19/jersey-server-1.19.jar:/home/user/.m2/repository/javax/servlet/javax.servlet-api/3.1.0/javax.servlet-api-3.1.0.jar:/home/user/.m2/repository/org/eclipse/jetty/jetty-server/9.3.25.v20180904/jetty-server-9.3.25.v20180904.jar:/home/user/.m2/repository/org/eclipse/jetty/jetty-http/9.3.25.v20180904/jetty-http-9.3.25.v20180904.jar:/home/user/.m2/repository/org/eclipse/jetty/jetty-io/9.3.25.v20180904/jetty-io-9.3.25.v20180904.jar:/home/user/.m2/repository/org/eclipse/jetty/jetty-webapp/9.3.25.v20180904/jetty-webapp-9.3.25.v20180904.jar:/home/user/.m2/repository/org/eclipse/jetty/jetty-xml/9.3.25.v20180904/jetty-xml-9.3.25.v20180904.jar:/home/user/.m2/repository/log4j/log4j/1.2.17/log4j-1.2.17.jar:/home/user/.m2/repository/org/slf4j/slf4j-api/1.7.25/slf4j-api-1.7.25.jar:/home/user/.m2/repository/org/slf4j/jul-to-slf4j/1.7.25/jul-to-slf4j-1.7.25.jar:/home/user/.m2/repository/org/eclipse/jetty/jetty-util/9.3.25.v20180904/jetty-util-9.3.25.v20180904.jar:/home/user/.m2/repository/com/fasterxml/jackson/core/jackson-databind/2.9.9/jackson-databind-2.9.9.jar:/home/user/.m2/repository/org/apache/hadoop/hadoop-kms/3.2.0/hadoop-kms-3.2.0-tests.jar:/home/user/.m2/repository/org/apache/hadoop/hadoop-hdds-server-scm/0.5.0-SNAPSHOT/hadoop-hdds-server-scm-0.5.0-SNAPSHOT-tests.jar:/home/user/.m2/repository/org/apache/hadoop/hadoop-hdds-container-service/0.5.0-SNAPSHOT/hadoop-hdds-container-service-0.5.0-SNAPSHOT-tests.jar:/home/user/.m2/repository/org/yaml/snakeyaml/1.16/snakeyaml-1.16.jar:/home/user/.m2/repository/org/apache/hadoop/hadoop-common/3.2.0/hadoop-common-3.2.0-tests.jar:/home/user/.m2/repository/org/apache/hadoop/hadoop-annotations/3.2.0/hadoop-annotations-3.2.0.jar:/usr/lib/jvm/java-1.8-openjdk/jre/../lib/tools.jar:/home/user/.m2/repository/commons-cli/commons-cli/1.2/commons-cli-1.2.jar:/home/user/.m2/repository/org/apache/httpcomponents/httpclient/4.5.2/httpclient-4.5.2.jar:/home/user/.m2/repository/org/apache/httpcomponents/httpcore/4.4.4/httpcore-4.4.4.jar:/home/user/.m2/repository/commons-codec/commons-codec/1.11/commons-codec-1.11.jar:/home/user/.m2/repository/commons-net/commons-net/3.6/commons-net-3.6.jar:/home/user/.m2/repository/commons-collections/commons-collections/3.2.2/commons-collections-3.2.2.jar:/home/user/.m2/repository/org/eclipse/jetty/jetty-servlet/9.3.25.v20180904/jetty-servlet-9.3.25.v20180904.jar:/home/user/.m2/repository/org/eclipse/jetty/jetty-security/9.3.25.v20180904/jetty-security-9.3.25.v20180904.jar:/home/user/.m2/repository/javax/servlet/jsp/jsp-api/2.1/jsp-api-2.1.jar:/home/user/.m2/repository/com/sun/jersey/jersey-servlet/1.19/jersey-servlet-1.19.jar:/home/user/.m2/repository/com/sun/jersey/jersey-json/1.19/jersey-json-1.19.jar:/home/user/.m2/repository/org/codehaus/jettison/jettison/1.1/jettison-1.1.jar:/home/user/.m2/repository/org/codehaus/jackson/jackson-core-asl/1.9.13/jackson-core-asl-1.9.13.jar:/home/user/.m2/repository/org/codehaus/jackson/jackson-mapper-asl/1.9.13/jackson-mapper-asl-1.9.13.jar:/home/user/.m2/repository/org/codehaus/jackson/jackson-jaxrs/1.9.13/jackson-jaxrs-1.9.13.jar:/home/user/.m2/repository/org/codehaus/jackson/jackson-xc/1.9.13/jackson-xc-1.9.13.jar:/home/user/.m2/repository/commons-logging/commons-logging/1.1.3/commons-logging-1.1.3.jar:/home/user/.m2/repository/commons-beanutils/commons-beanutils/1.9.4/commons-beanutils-1.9.4.jar:/home/user/.m2/repository/org/apache/commons/commons-configuration2/2.1.1/commons-configuration2-2.1.1.jar:/home/user/.m2/repository/org/apache/commons/commons-lang3/3.7/commons-lang3-3.7.jar:/home/user/.m2/repository/org/apache/commons/commons-text/1.4/commons-text-1.4.jar:/home/user/.m2/repository/org/apache/avro/avro/1.7.7/avro-1.7.7.jar:/home/user/.m2/repository/com/thoughtworks/paranamer/paranamer/2.3/paranamer-2.3.jar:/home/user/.m2/repository/org/xerial/snappy/snappy-java/1.0.5/snappy-java-1.0.5.jar:/home/user/.m2/repository/com/google/re2j/re2j/1.1/re2j-1.1.jar:/home/user/.m2/repository/com/google/code/gson/gson/2.2.4/gson-2.2.4.jar:/home/user/.m2/repository/com/jcraft/jsch/0.1.54/jsch-0.1.54.jar:/home/user/.m2/repository/org/apache/curator/curator-client/2.12.0/curator-client-2.12.0.jar:/home/user/.m2/repository/org/apache/curator/curator-recipes/2.12.0/curator-recipes-2.12.0.jar:/home/user/.m2/repository/com/google/code/findbugs/jsr305/3.0.0/jsr305-3.0.0.jar:/home/user/.m2/repository/org/apache/htrace/htrace-core4/4.1.0-incubating/htrace-core4-4.1.0-incubating.jar:/home/user/.m2/repository/org/apache/zookeeper/zookeeper/3.4.13/zookeeper-3.4.13.jar:/home/user/.m2/repository/jline/jline/0.9.94/jline-0.9.94.jar:/home/user/.m2/repository/org/apache/yetus/audience-annotations/0.5.0/audience-annotations-0.5.0.jar:/home/user/.m2/repository/org/codehaus/woodstox/stax2-api/3.1.4/stax2-api-3.1.4.jar:/home/user/.m2/repository/com/fasterxml/woodstox/woodstox-core/5.0.3/woodstox-core-5.0.3.jar:/home/user/.m2/repository/dnsjava/dnsjava/2.1.7/dnsjava-2.1.7.jar:/home/user/.m2/repository/org/apache/hadoop/hadoop-hdfs/3.2.0/hadoop-hdfs-3.2.0-tests.jar:/home/user/.m2/repository/org/eclipse/jetty/jetty-util-ajax/9.3.25.v20180904/jetty-util-ajax-9.3.25.v20180904.jar:/home/user/.m2/repository/commons-daemon/commons-daemon/1.0.13/commons-daemon-1.0.13.jar:/home/user/.m2/repository/io/netty/netty/3.10.5.Final/netty-3.10.5.Final.jar:/home/user/.m2/repository/io/netty/netty-all/4.0.52.Final/netty-all-4.0.52.Final.jar:/home/user/.m2/repository/org/fusesource/leveldbjni/leveldbjni-all/1.8/leveldbjni-all-1.8.jar:"/>
    <property name="sun.cpu.endian" value="little"/>
    <property name="user.home" value="/home/user"/>
    <property name="user.language" value="en"/>
    <property name="java.specification.vendor" value="Oracle Corporation"/>
    <property name="java.home" value="/usr/lib/jvm/java-1.8-openjdk/jre"/>
    <property name="java.security.krb5.conf" value="/workdir/hadoop-ozone/integration-test/target/test-classes/krb5.conf"/>
    <property name="basedir" value="/workdir/hadoop-ozone/integration-test"/>
    <property name="file.separator" value="/"/>
    <property name="line.separator" value="&#10;"/>
    <property name="java.vm.specification.vendor" value="Oracle Corporation"/>
    <property name="java.specification.name" value="Java Platform API Specification"/>
    <property name="java.awt.graphicsenv" value="sun.awt.X11GraphicsEnvironment"/>
    <property name="surefire.real.class.path" value="/workdir/hadoop-ozone/integration-test/target/surefire/surefirebooter916423650985360318.jar"/>
    <property name="hadoop.log.dir" value="/workdir/hadoop-ozone/integration-test/target/log"/>
    <property name="sun.boot.class.path" value="/usr/lib/jvm/java-1.8-openjdk/jre/lib/resources.jar:/usr/lib/jvm/java-1.8-openjdk/jre/lib/rt.jar:/usr/lib/jvm/java-1.8-openjdk/jre/lib/sunrsasign.jar:/usr/lib/jvm/java-1.8-openjdk/jre/lib/jsse.jar:/usr/lib/jvm/java-1.8-openjdk/jre/lib/jce.jar:/usr/lib/jvm/java-1.8-openjdk/jre/lib/charsets.jar:/usr/lib/jvm/java-1.8-openjdk/jre/lib/jfr.jar:/usr/lib/jvm/java-1.8-openjdk/jre/classes"/>
    <property name="sun.management.compiler" value="HotSpot 64-Bit Tiered Compilers"/>
    <property name="java.runtime.version" value="1.8.0_212-b04"/>
    <property name="java.net.preferIPv4Stack" value="true"/>
    <property name="user.name" value="jenkins1000"/>
    <property name="path.separator" value=":"/>
    <property name="java.security.egd" value="file:///dev/urandom"/>
    <property name="os.version" value="3.10.0-957.12.2.el7.x86_64"/>
    <property name="java.endorsed.dirs" value="/usr/lib/jvm/java-1.8-openjdk/jre/lib/endorsed"/>
    <property name="java.runtime.name" value="OpenJDK Runtime Environment"/>
    <property name="file.encoding" value="UTF-8"/>
    <property name="java.vm.name" value="OpenJDK 64-Bit Server VM"/>
    <property name="test.build.webapps" value=""/>
    <property name="localRepository" value="/home/user/.m2/repository"/>
    <property name="java.vendor.url.bug" value="https://icedtea.classpath.org/bugzilla"/>
    <property name="java.io.tmpdir" value="/tmp"/>
    <property name="require.test.libhadoop" value=""/>
    <property name="java.version" value="1.8.0_212"/>
    <property name="user.dir" value="/workdir/hadoop-ozone/integration-test"/>
    <property name="os.arch" value="amd64"/>
    <property name="java.vm.specification.name" value="Java Virtual Machine Specification"/>
    <property name="test.build.classes" value="/workdir/hadoop-ozone/integration-test/target/test-classes"/>
    <property name="java.awt.printerjob" value="sun.print.PSPrinterJob"/>
    <property name="sun.os.patch.level" value="unknown"/>
    <property name="hadoop.tmp.dir" value="/workdir/hadoop-ozone/integration-test/target/tmp"/>
    <property name="java.library.path" value="/usr/lib/jvm/java-1.8-openjdk/jre/lib/amd64/server:/usr/lib/jvm/java-1.8-openjdk/jre/lib/amd64:/usr/lib/jvm/java-1.8-openjdk/jre/../lib/amd64:/workdir/hadoop-ozone/integration-test/target/native/target/usr/local/lib:/workdir/hadoop-ozone/integration-test/../../hadoop-common-project/hadoop-common/target/native/target/usr/local/lib:/usr/java/packages/lib/amd64:/usr/lib64:/lib64:/lib:/usr/lib"/>
    <property name="java.vm.info" value="mixed mode"/>
    <property name="java.vendor" value="IcedTea"/>
    <property name="java.vm.version" value="25.212-b04"/>
    <property name="java.ext.dirs" value="/usr/lib/jvm/java-1.8-openjdk/jre/lib/ext:/usr/java/packages/lib/ext"/>
    <property name="sun.io.unicode.encoding" value="UnicodeLittle"/>
    <property name="java.class.version" value="52.0"/>
  </properties>
  <testcase name="testPutKeyAndGetKeyThreeNodes" classname="org.apache.hadoop.ozone.client.rpc.TestReadRetries" time="3.747">
    <error message="Allocated 0 blocks. Requested 1 blocks" type="INTERNAL_ERROR org.apache.hadoop.ozone.om.exceptions.OMException">INTERNAL_ERROR org.apache.hadoop.ozone.om.exceptions.OMException: Allocated 0 blocks. Requested 1 blocks
	at org.apache.hadoop.ozone.om.protocolPB.OzoneManagerProtocolClientSideTranslatorPB.handleError(OzoneManagerProtocolClientSideTranslatorPB.java:732)
	at org.apache.hadoop.ozone.om.protocolPB.OzoneManagerProtocolClientSideTranslatorPB.openKey(OzoneManagerProtocolClientSideTranslatorPB.java:723)
	at sun.reflect.NativeMethodAccessorImpl.invoke0(Native Method)
	at sun.reflect.NativeMethodAccessorImpl.invoke(NativeMethodAccessorImpl.java:62)
	at sun.reflect.DelegatingMethodAccessorImpl.invoke(DelegatingMethodAccessorImpl.java:43)
	at java.lang.reflect.Method.invoke(Method.java:498)
	at org.apache.hadoop.hdds.tracing.TraceAllMethod.invoke(TraceAllMethod.java:66)
	at com.sun.proxy.$Proxy38.openKey(Unknown Source)
	at org.apache.hadoop.ozone.client.rpc.RpcClient.createKey(RpcClient.java:614)
	at org.apache.hadoop.ozone.client.OzoneBucket.createKey(OzoneBucket.java:325)
	at org.apache.hadoop.ozone.client.rpc.TestReadRetries.testPutKeyAndGetKeyThreeNodes(TestReadRetries.java:137)
	at sun.reflect.NativeMethodAccessorImpl.invoke0(Native Method)
	at sun.reflect.NativeMethodAccessorImpl.invoke(NativeMethodAccessorImpl.java:62)
	at sun.reflect.DelegatingMethodAccessorImpl.invoke(DelegatingMethodAccessorImpl.java:43)
	at java.lang.reflect.Method.invoke(Method.java:498)
	at org.junit.runners.model.FrameworkMethod$1.runReflectiveCall(FrameworkMethod.java:47)
	at org.junit.internal.runners.model.ReflectiveCallable.run(ReflectiveCallable.java:12)
	at org.junit.runners.model.FrameworkMethod.invokeExplosively(FrameworkMethod.java:44)
	at org.junit.internal.runners.statements.InvokeMethod.evaluate(InvokeMethod.java:17)
	at org.junit.rules.ExpectedException$ExpectedExceptionStatement.evaluate(ExpectedException.java:168)
	at org.junit.rules.RunRules.evaluate(RunRules.java:20)
	at org.junit.runners.ParentRunner.runLeaf(ParentRunner.java:271)
	at org.junit.runners.BlockJUnit4ClassRunner.runChild(BlockJUnit4ClassRunner.java:70)
	at org.junit.runners.BlockJUnit4ClassRunner.runChild(BlockJUnit4ClassRunner.java:50)
	at org.junit.runners.ParentRunner$3.run(ParentRunner.java:238)
	at org.junit.runners.ParentRunner$1.schedule(ParentRunner.java:63)
	at org.junit.runners.ParentRunner.runChildren(ParentRunner.java:236)
	at org.junit.runners.ParentRunner.access$000(ParentRunner.java:53)
	at org.junit.runners.ParentRunner$2.evaluate(ParentRunner.java:229)
	at org.junit.internal.runners.statements.RunBefores.evaluate(RunBefores.java:26)
	at org.junit.internal.runners.statements.RunAfters.evaluate(RunAfters.java:27)
	at org.junit.runners.ParentRunner.run(ParentRunner.java:309)
	at org.apache.maven.surefire.junit4.JUnit4Provider.execute(JUnit4Provider.java:365)
	at org.apache.maven.surefire.junit4.JUnit4Provider.executeWithRerun(JUnit4Provider.java:273)
	at org.apache.maven.surefire.junit4.JUnit4Provider.executeTestSet(JUnit4Provider.java:238)
	at org.apache.maven.surefire.junit4.JUnit4Provider.invoke(JUnit4Provider.java:159)
	at org.apache.maven.surefire.booter.ForkedBooter.invokeProviderInSameClassLoader(ForkedBooter.java:384)
	at org.apache.maven.surefire.booter.ForkedBooter.runSuitesInProcess(ForkedBooter.java:345)
	at org.apache.maven.surefire.booter.ForkedBooter.execute(ForkedBooter.java:126)
	at org.apache.maven.surefire.booter.ForkedBooter.main(ForkedBooter.java:418)
</error>
    <system-out><![CDATA[2019-09-26 12:47:43,032 [main] WARN  server.ServerUtils (ServerUtils.java:getScmDbDir(145)) - ozone.scm.db.dirs is not configured. We recommend adding this setting. Falling back to ozone.metadata.dirs instead.
2019-09-26 12:47:43,130 [main] WARN  server.ServerUtils (ServerUtils.java:getScmDbDir(145)) - ozone.scm.db.dirs is not configured. We recommend adding this setting. Falling back to ozone.metadata.dirs instead.
2019-09-26 12:47:43,133 [main] WARN  server.ServerUtils (ServerUtils.java:getScmDbDir(145)) - ozone.scm.db.dirs is not configured. We recommend adding this setting. Falling back to ozone.metadata.dirs instead.
2019-09-26 12:47:43,151 [main] INFO  util.log (Log.java:initialized(192)) - Logging initialized @907ms
2019-09-26 12:47:43,254 [main] INFO  db.DBStoreBuilder (DBStoreBuilder.java:addTable(110)) - using custom profile for table: deletedBlocks
2019-09-26 12:47:43,255 [main] INFO  db.DBStoreBuilder (DBStoreBuilder.java:processTables(161)) - Using default column profile:DBProfile.DISK for Table:deletedBlocks
2019-09-26 12:47:43,255 [main] INFO  db.DBStoreBuilder (DBStoreBuilder.java:addTable(110)) - using custom profile for table: validCerts
2019-09-26 12:47:43,255 [main] INFO  db.DBStoreBuilder (DBStoreBuilder.java:processTables(161)) - Using default column profile:DBProfile.DISK for Table:validCerts
2019-09-26 12:47:43,256 [main] INFO  db.DBStoreBuilder (DBStoreBuilder.java:addTable(110)) - using custom profile for table: revokedCerts
2019-09-26 12:47:43,256 [main] INFO  db.DBStoreBuilder (DBStoreBuilder.java:processTables(161)) - Using default column profile:DBProfile.DISK for Table:revokedCerts
2019-09-26 12:47:43,269 [main] INFO  db.DBStoreBuilder (DBStoreBuilder.java:addTable(110)) - using custom profile for table: default
2019-09-26 12:47:43,269 [main] INFO  db.DBStoreBuilder (DBStoreBuilder.java:processTables(167)) - Using default column profile:DBProfile.DISK for Table:default
2019-09-26 12:47:43,271 [main] INFO  db.DBStoreBuilder (DBStoreBuilder.java:getDbProfile(198)) - Using default options. DBProfile.DISK
2019-09-26 12:47:43,541 [main] INFO  net.NodeSchemaLoader (NodeSchemaLoader.java:loadSchemaFromFile(125)) - Loading file from sun.misc.CompoundEnumeration@5e0e82ae
2019-09-26 12:47:43,543 [main] INFO  net.NodeSchemaLoader (NodeSchemaLoader.java:loadSchema(171)) - Loading network topology layer schema file
2019-09-26 12:47:43,611 [main] WARN  server.ServerUtils (ServerUtils.java:sanitizeUserArgs(70)) - ozone.scm.stale.node.interval value = 300000 is larger than max = 100000 based on the key value of ozone.scm.heartbeat.thread.interval, reset to the max value 100000.
2019-09-26 12:47:43,613 [main] WARN  server.ServerUtils (ServerUtils.java:sanitizeUserArgs(70)) - ozone.scm.stale.node.interval value = 300000 is larger than max = 100000 based on the key value of ozone.scm.heartbeat.thread.interval, reset to the max value 100000.
2019-09-26 12:47:43,615 [main] INFO  node.SCMNodeManager (SCMNodeManager.java:<init>(114)) - Entering startup safe mode.
2019-09-26 12:47:43,687 [main] INFO  algorithms.ContainerPlacementPolicyFactory (ContainerPlacementPolicyFactory.java:getPolicy(59)) - Create container placement policy of type org.apache.hadoop.hdds.scm.container.placement.algorithms.SCMContainerPlacementRandom
2019-09-26 12:47:43,702 [main] WARN  server.ServerUtils (ServerUtils.java:getScmDbDir(145)) - ozone.scm.db.dirs is not configured. We recommend adding this setting. Falling back to ozone.metadata.dirs instead.
2019-09-26 12:47:43,770 [main] INFO  pipeline.SCMPipelineManager (SCMPipelineManager.java:initializePipelineState(132)) - No pipeline exists in current db
2019-09-26 12:47:43,772 [main] WARN  server.ServerUtils (ServerUtils.java:getScmDbDir(145)) - ozone.scm.db.dirs is not configured. We recommend adding this setting. Falling back to ozone.metadata.dirs instead.
2019-09-26 12:47:43,881 [main] WARN  events.EventQueue (EventQueue.java:fireEvent(183)) - No event handler registered for event TypedEvent{payloadType=SafeModeStatus, name='SafeModeStatus'}
2019-09-26 12:47:44,257 [main] INFO  ipc.CallQueueManager (CallQueueManager.java:<init>(84)) - Using callQueue: class java.util.concurrent.LinkedBlockingQueue, queueCapacity: 2000, scheduler: class org.apache.hadoop.ipc.DefaultRpcScheduler, ipcBackoff: false.
2019-09-26 12:47:44,411 [Socket Reader #1 for port 45534] INFO  ipc.Server (Server.java:run(1074)) - Starting Socket Reader #1 for port 45534
2019-09-26 12:47:44,454 [main] INFO  ipc.CallQueueManager (CallQueueManager.java:<init>(84)) - Using callQueue: class java.util.concurrent.LinkedBlockingQueue, queueCapacity: 2000, scheduler: class org.apache.hadoop.ipc.DefaultRpcScheduler, ipcBackoff: false.
2019-09-26 12:47:44,455 [Socket Reader #1 for port 38693] INFO  ipc.Server (Server.java:run(1074)) - Starting Socket Reader #1 for port 38693
2019-09-26 12:47:44,465 [main] INFO  ipc.CallQueueManager (CallQueueManager.java:<init>(84)) - Using callQueue: class java.util.concurrent.LinkedBlockingQueue, queueCapacity: 2000, scheduler: class org.apache.hadoop.ipc.DefaultRpcScheduler, ipcBackoff: false.
2019-09-26 12:47:44,466 [Socket Reader #1 for port 45428] INFO  ipc.Server (Server.java:run(1074)) - Starting Socket Reader #1 for port 45428
2019-09-26 12:47:44,489 [main] INFO  hdfs.DFSUtil (DFSUtil.java:httpServerTemplateForNNAndJN(1641)) - Starting Web-server for scm at: http://0.0.0.0:0
2019-09-26 12:47:44,654 [main] INFO  server.AuthenticationFilter (AuthenticationFilter.java:constructSecretProvider(240)) - Unable to initialize FileSignerSecretProvider, falling back to use random secrets.
2019-09-26 12:47:44,662 [main] WARN  http.HttpRequestLog (HttpRequestLog.java:getRequestLog(97)) - Jetty request log can only be enabled using Log4j
2019-09-26 12:47:44,670 [main] INFO  http.HttpServer2 (HttpServer2.java:addGlobalFilter(975)) - Added global filter 'safety' (class=org.apache.hadoop.http.HttpServer2$QuotingInputFilter)
2019-09-26 12:47:44,673 [main] INFO  http.HttpServer2 (HttpServer2.java:addFilter(948)) - Added filter static_user_filter (class=org.apache.hadoop.http.lib.StaticUserWebFilter$StaticUserFilter) to context scm
2019-09-26 12:47:44,673 [main] INFO  http.HttpServer2 (HttpServer2.java:addFilter(958)) - Added filter static_user_filter (class=org.apache.hadoop.http.lib.StaticUserWebFilter$StaticUserFilter) to context static
2019-09-26 12:47:44,673 [main] INFO  http.HttpServer2 (HttpServer2.java:addFilter(958)) - Added filter static_user_filter (class=org.apache.hadoop.http.lib.StaticUserWebFilter$StaticUserFilter) to context logs
2019-09-26 12:47:44,704 [main] INFO  server.StorageContainerManager (StorageContainerManager.java:start(770)) - StorageContainerLocationProtocol RPC server is listening at /0.0.0.0:45428
2019-09-26 12:47:44,774 [main] WARN  impl.MetricsConfig (MetricsConfig.java:loadFirst(134)) - Cannot locate configuration: tried hadoop-metrics2-storagecontainermanager.properties,hadoop-metrics2.properties
2019-09-26 12:47:44,790 [main] INFO  impl.MetricsSystemImpl (MetricsSystemImpl.java:startTimer(374)) - Scheduled Metric snapshot period at 10 second(s).
2019-09-26 12:47:44,790 [main] INFO  impl.MetricsSystemImpl (MetricsSystemImpl.java:start(191)) - StorageContainerManager metrics system started
2019-09-26 12:47:45,026 [main] INFO  server.SCMClientProtocolServer (SCMClientProtocolServer.java:start(151)) - RPC server for Client  is listening at /0.0.0.0:45428
2019-09-26 12:47:45,027 [IPC Server Responder] INFO  ipc.Server (Server.java:run(1314)) - IPC Server Responder: starting
2019-09-26 12:47:45,027 [IPC Server listener on 45428] INFO  ipc.Server (Server.java:run(1153)) - IPC Server listener on 45428: starting
2019-09-26 12:47:45,030 [main] INFO  server.StorageContainerManager (StorageContainerManager.java:start(780)) - ScmBlockLocationProtocol RPC server is listening at /0.0.0.0:38693
2019-09-26 12:47:45,032 [main] INFO  server.SCMBlockProtocolServer (SCMBlockProtocolServer.java:start(146)) - RPC server for Block Protocol is listening at /0.0.0.0:38693
2019-09-26 12:47:45,033 [IPC Server Responder] INFO  ipc.Server (Server.java:run(1314)) - IPC Server Responder: starting
2019-09-26 12:47:45,033 [IPC Server listener on 38693] INFO  ipc.Server (Server.java:run(1153)) - IPC Server listener on 38693: starting
2019-09-26 12:47:45,035 [main] INFO  server.StorageContainerManager (StorageContainerManager.java:start(784)) - ScmDatanodeProtocl RPC server is listening at /0.0.0.0:45534
2019-09-26 12:47:45,036 [main] INFO  server.SCMDatanodeProtocolServer (SCMDatanodeProtocolServer.java:start(191)) - RPC server for DataNodes is listening at /0.0.0.0:45534
2019-09-26 12:47:45,036 [IPC Server Responder] INFO  ipc.Server (Server.java:run(1314)) - IPC Server Responder: starting
2019-09-26 12:47:45,036 [IPC Server listener on 45534] INFO  ipc.Server (Server.java:run(1153)) - IPC Server listener on 45534: starting
2019-09-26 12:47:45,041 [main] INFO  http.HttpServer2 (HttpServer2.java:bindListener(1191)) - Jetty bound to port 42951
2019-09-26 12:47:45,044 [main] INFO  server.Server (Server.java:doStart(351)) - jetty-9.3.25.v20180904, build timestamp: 2018-09-04T21:11:46Z, git hash: 3ce520221d0240229c862b122d2b06c12a625732
2019-09-26 12:47:45,096 [main] INFO  handler.ContextHandler (ContextHandler.java:doStart(781)) - Started o.e.j.s.ServletContextHandler@8692d67{/logs,file:///workdir/hadoop-ozone/integration-test/target/log,AVAILABLE}
2019-09-26 12:47:45,098 [main] INFO  handler.ContextHandler (ContextHandler.java:doStart(781)) - Started o.e.j.s.ServletContextHandler@2f48b3d2{/static,file:///workdir/hadoop-ozone/integration-test/target/test-classes/webapps/static,AVAILABLE}
2019-09-26 12:47:45,150 [main] INFO  handler.ContextHandler (ContextHandler.java:doStart(781)) - Started o.e.j.w.WebAppContext@724bade8{/,file:///workdir/hadoop-ozone/integration-test/target/test-classes/webapps/scm/,AVAILABLE}{/scm}
2019-09-26 12:47:45,158 [main] INFO  server.AbstractConnector (AbstractConnector.java:doStart(278)) - Started ServerConnector@24a1c17f{HTTP/1.1,[http/1.1]}{0.0.0.0:42951}
2019-09-26 12:47:45,158 [main] INFO  server.Server (Server.java:doStart(419)) - Started @2914ms
2019-09-26 12:47:45,161 [main] INFO  impl.MetricsSinkAdapter (MetricsSinkAdapter.java:start(204)) - Sink prometheus started
2019-09-26 12:47:45,161 [main] INFO  impl.MetricsSystemImpl (MetricsSystemImpl.java:registerSink(301)) - Registered sink prometheus
2019-09-26 12:47:45,162 [main] INFO  server.BaseHttpServer (BaseHttpServer.java:updateConnectorAddress(215)) - HTTP server of SCM is listening at http://0.0.0.0:42951
2019-09-26 12:47:45,168 [org.apache.hadoop.util.JvmPauseMonitor$Monitor@1c32886a] INFO  util.JvmPauseMonitor (JvmPauseMonitor.java:run(188)) - Starting JVM pause monitor
2019-09-26 12:47:45,171 [main] WARN  server.ServerUtils (ServerUtils.java:getDBPath(222)) - ozone.om.db.dirs is not configured. We recommend adding this setting. Falling back to ozone.metadata.dirs instead.
2019-09-26 12:47:45,276 [main] WARN  server.ServerUtils (ServerUtils.java:getDBPath(222)) - ozone.om.db.dirs is not configured. We recommend adding this setting. Falling back to ozone.metadata.dirs instead.
2019-09-26 12:47:45,276 [main] WARN  server.ServerUtils (ServerUtils.java:getDBPath(222)) - ozone.om.db.dirs is not configured. We recommend adding this setting. Falling back to ozone.metadata.dirs instead.
2019-09-26 12:47:45,277 [main] INFO  om.OzoneManager (OzoneManager.java:setOMNodeDetails(652)) - OM Service ID is not set. Setting it to the default ID: omServiceIdDefault
2019-09-26 12:47:45,277 [main] INFO  om.OzoneManager (OzoneManager.java:setOMNodeDetails(658)) - OM Node ID is not set. Setting it to the OmStorage's OmID: e0ba32f9-e18d-4f3d-95bb-d3c34392d3a6
2019-09-26 12:47:45,278 [main] INFO  om.OzoneManager (OzoneManager.java:loadOMHAConfigs(609)) - Found matching OM address with OMServiceId: null, OMNodeId: null, RPC Address: localhost:0 and Ratis port: 9872
2019-09-26 12:47:45,969 [main] WARN  server.ServerUtils (ServerUtils.java:getDBPath(222)) - ozone.om.db.dirs is not configured. We recommend adding this setting. Falling back to ozone.metadata.dirs instead.
2019-09-26 12:47:45,976 [main] INFO  db.DBStoreBuilder (DBStoreBuilder.java:addTable(110)) - using custom profile for table: userTable
2019-09-26 12:47:45,977 [main] INFO  db.DBStoreBuilder (DBStoreBuilder.java:processTables(161)) - Using default column profile:DBProfile.DISK for Table:userTable
2019-09-26 12:47:45,977 [main] INFO  db.DBStoreBuilder (DBStoreBuilder.java:addTable(110)) - using custom profile for table: volumeTable
2019-09-26 12:47:45,977 [main] INFO  db.DBStoreBuilder (DBStoreBuilder.java:processTables(161)) - Using default column profile:DBProfile.DISK for Table:volumeTable
2019-09-26 12:47:45,977 [main] INFO  db.DBStoreBuilder (DBStoreBuilder.java:addTable(110)) - using custom profile for table: bucketTable
2019-09-26 12:47:45,978 [main] INFO  db.DBStoreBuilder (DBStoreBuilder.java:processTables(161)) - Using default column profile:DBProfile.DISK for Table:bucketTable
2019-09-26 12:47:45,978 [main] INFO  db.DBStoreBuilder (DBStoreBuilder.java:addTable(110)) - using custom profile for table: keyTable
2019-09-26 12:47:45,978 [main] INFO  db.DBStoreBuilder (DBStoreBuilder.java:processTables(161)) - Using default column profile:DBProfile.DISK for Table:keyTable
2019-09-26 12:47:45,978 [main] INFO  db.DBStoreBuilder (DBStoreBuilder.java:addTable(110)) - using custom profile for table: deletedTable
2019-09-26 12:47:45,979 [main] INFO  db.DBStoreBuilder (DBStoreBuilder.java:processTables(161)) - Using default column profile:DBProfile.DISK for Table:deletedTable
2019-09-26 12:47:45,979 [main] INFO  db.DBStoreBuilder (DBStoreBuilder.java:addTable(110)) - using custom profile for table: openKeyTable
2019-09-26 12:47:45,979 [main] INFO  db.DBStoreBuilder (DBStoreBuilder.java:processTables(161)) - Using default column profile:DBProfile.DISK for Table:openKeyTable
2019-09-26 12:47:45,979 [main] INFO  db.DBStoreBuilder (DBStoreBuilder.java:addTable(110)) - using custom profile for table: s3Table
2019-09-26 12:47:45,980 [main] INFO  db.DBStoreBuilder (DBStoreBuilder.java:processTables(161)) - Using default column profile:DBProfile.DISK for Table:s3Table
2019-09-26 12:47:45,980 [main] INFO  db.DBStoreBuilder (DBStoreBuilder.java:addTable(110)) - using custom profile for table: multipartInfoTable
2019-09-26 12:47:45,980 [main] INFO  db.DBStoreBuilder (DBStoreBuilder.java:processTables(161)) - Using default column profile:DBProfile.DISK for Table:multipartInfoTable
2019-09-26 12:47:45,980 [main] INFO  db.DBStoreBuilder (DBStoreBuilder.java:addTable(110)) - using custom profile for table: dTokenTable
2019-09-26 12:47:45,981 [main] INFO  db.DBStoreBuilder (DBStoreBuilder.java:processTables(161)) - Using default column profile:DBProfile.DISK for Table:dTokenTable
2019-09-26 12:47:45,981 [main] INFO  db.DBStoreBuilder (DBStoreBuilder.java:addTable(110)) - using custom profile for table: s3SecretTable
2019-09-26 12:47:45,981 [main] INFO  db.DBStoreBuilder (DBStoreBuilder.java:processTables(161)) - Using default column profile:DBProfile.DISK for Table:s3SecretTable
2019-09-26 12:47:45,981 [main] INFO  db.DBStoreBuilder (DBStoreBuilder.java:addTable(110)) - using custom profile for table: prefixTable
2019-09-26 12:47:45,981 [main] INFO  db.DBStoreBuilder (DBStoreBuilder.java:processTables(161)) - Using default column profile:DBProfile.DISK for Table:prefixTable
2019-09-26 12:47:45,982 [main] INFO  db.DBStoreBuilder (DBStoreBuilder.java:addTable(110)) - using custom profile for table: default
2019-09-26 12:47:45,982 [main] INFO  db.DBStoreBuilder (DBStoreBuilder.java:processTables(167)) - Using default column profile:DBProfile.DISK for Table:default
2019-09-26 12:47:45,982 [main] INFO  db.DBStoreBuilder (DBStoreBuilder.java:getDbProfile(198)) - Using default options. DBProfile.DISK
2019-09-26 12:47:46,540 [main] INFO  ipc.CallQueueManager (CallQueueManager.java:<init>(84)) - Using callQueue: class java.util.concurrent.LinkedBlockingQueue, queueCapacity: 2000, scheduler: class org.apache.hadoop.ipc.DefaultRpcScheduler, ipcBackoff: false.
2019-09-26 12:47:46,541 [Socket Reader #1 for port 44768] INFO  ipc.Server (Server.java:run(1074)) - Starting Socket Reader #1 for port 44768
2019-09-26 12:47:46,562 [main] INFO  om.OzoneManager (OzoneManager.java:start(1243)) - OzoneManager RPC server is listening at localhost/127.0.0.1:44768
2019-09-26 12:47:46,562 [main] INFO  impl.MetricsSystemImpl (MetricsSystemImpl.java:init(158)) - OzoneManager metrics system started (again)
2019-09-26 12:47:46,564 [IPC Server Responder] INFO  ipc.Server (Server.java:run(1314)) - IPC Server Responder: starting
2019-09-26 12:47:46,564 [IPC Server listener on 44768] INFO  ipc.Server (Server.java:run(1153)) - IPC Server listener on 44768: starting
2019-09-26 12:47:46,570 [main] INFO  hdfs.DFSUtil (DFSUtil.java:httpServerTemplateForNNAndJN(1641)) - Starting Web-server for ozoneManager at: http://0.0.0.0:0
2019-09-26 12:47:46,572 [main] INFO  server.AuthenticationFilter (AuthenticationFilter.java:constructSecretProvider(240)) - Unable to initialize FileSignerSecretProvider, falling back to use random secrets.
2019-09-26 12:47:46,572 [main] WARN  http.HttpRequestLog (HttpRequestLog.java:getRequestLog(97)) - Jetty request log can only be enabled using Log4j
2019-09-26 12:47:46,574 [main] INFO  http.HttpServer2 (HttpServer2.java:addGlobalFilter(975)) - Added global filter 'safety' (class=org.apache.hadoop.http.HttpServer2$QuotingInputFilter)
2019-09-26 12:47:46,575 [main] INFO  http.HttpServer2 (HttpServer2.java:addFilter(948)) - Added filter static_user_filter (class=org.apache.hadoop.http.lib.StaticUserWebFilter$StaticUserFilter) to context ozoneManager
2019-09-26 12:47:46,575 [main] INFO  http.HttpServer2 (HttpServer2.java:addFilter(958)) - Added filter static_user_filter (class=org.apache.hadoop.http.lib.StaticUserWebFilter$StaticUserFilter) to context logs
2019-09-26 12:47:46,575 [main] INFO  http.HttpServer2 (HttpServer2.java:addFilter(958)) - Added filter static_user_filter (class=org.apache.hadoop.http.lib.StaticUserWebFilter$StaticUserFilter) to context static
2019-09-26 12:47:46,577 [main] INFO  http.HttpServer2 (HttpServer2.java:bindListener(1191)) - Jetty bound to port 33439
2019-09-26 12:47:46,578 [main] INFO  server.Server (Server.java:doStart(351)) - jetty-9.3.25.v20180904, build timestamp: 2018-09-04T21:11:46Z, git hash: 3ce520221d0240229c862b122d2b06c12a625732
2019-09-26 12:47:46,580 [main] INFO  handler.ContextHandler (ContextHandler.java:doStart(781)) - Started o.e.j.s.ServletContextHandler@57540fd0{/logs,file:///workdir/hadoop-ozone/integration-test/target/log,AVAILABLE}
2019-09-26 12:47:46,580 [main] INFO  handler.ContextHandler (ContextHandler.java:doStart(781)) - Started o.e.j.s.ServletContextHandler@58cec85b{/static,file:///workdir/hadoop-ozone/integration-test/target/test-classes/webapps/static,AVAILABLE}
2019-09-26 12:47:46,585 [main] INFO  handler.ContextHandler (ContextHandler.java:doStart(781)) - Started o.e.j.w.WebAppContext@7df60067{/,file:///workdir/hadoop-ozone/integration-test/target/test-classes/webapps/ozoneManager/,AVAILABLE}{/ozoneManager}
2019-09-26 12:47:46,586 [main] INFO  server.AbstractConnector (AbstractConnector.java:doStart(278)) - Started ServerConnector@1cbb3d3b{HTTP/1.1,[http/1.1]}{0.0.0.0:33439}
2019-09-26 12:47:46,587 [main] INFO  server.Server (Server.java:doStart(419)) - Started @4342ms
2019-09-26 12:47:46,588 [main] WARN  impl.MetricsSystemImpl (MetricsSystemImpl.java:register(276)) - Sink prometheus already exists!
2019-09-26 12:47:46,589 [main] INFO  server.BaseHttpServer (BaseHttpServer.java:updateConnectorAddress(215)) - HTTP server of OZONEMANAGER is listening at http://0.0.0.0:33439
2019-09-26 12:47:46,965 [main] INFO  impl.MetricsSystemImpl (MetricsSystemImpl.java:init(158)) - HddsDatanode metrics system started (again)
2019-09-26 12:47:47,018 [main] INFO  ozone.HddsDatanodeService (HddsDatanodeService.java:start(184)) - HddsDatanodeService host:pr-hdds-1569-87zkn-1081879488 ip:192.168.164.238
2019-09-26 12:47:47,052 [main] INFO  volume.HddsVolume (HddsVolume.java:<init>(176)) - Creating Volume: /workdir/hadoop-ozone/integration-test/target/test-dir/MiniOzoneClusterImpl-5cb8bac5-d0f0-4551-b9d0-b3e056facdc3/datanode-0/data/containers/hdds of  storage type : DISK and capacity : 1482555576320
2019-09-26 12:47:47,054 [main] INFO  volume.VolumeSet (VolumeSet.java:initializeVolumeSet(170)) - Added Volume : /workdir/hadoop-ozone/integration-test/target/test-dir/MiniOzoneClusterImpl-5cb8bac5-d0f0-4551-b9d0-b3e056facdc3/datanode-0/data/containers/hdds to VolumeSet
2019-09-26 12:47:47,060 [main] INFO  volume.ThrottledAsyncChecker (ThrottledAsyncChecker.java:schedule(139)) - Scheduling a check for org.apache.hadoop.ozone.container.common.volume.HddsVolume@73ad4ecc
2019-09-26 12:47:47,089 [main] INFO  volume.HddsVolumeChecker (HddsVolumeChecker.java:checkAllVolumes(202)) - Scheduled health check for volume org.apache.hadoop.ozone.container.common.volume.HddsVolume@73ad4ecc
2019-09-26 12:47:47,217 [main] INFO  impl.RaftServerProxy (ConfUtils.java:logGet(43)) - raft.rpc.type = GRPC (default)
2019-09-26 12:47:47,287 [main] INFO  grpc.GrpcFactory (GrpcFactory.java:checkPooledByteBufAllocatorUseCacheForAllThreads(45)) - PERFORMANCE WARNING: useCacheForAllThreads is true that may cause Netty to create a lot garbage objects and, as a result, trigger GC.
	It is recommended to disable useCacheForAllThreads by setting -Dorg.apache.ratis.thirdparty.io.netty.allocator.useCacheForAllThreads=false in command line.
2019-09-26 12:47:47,292 [main] INFO  grpc.GrpcConfigKeys$Server (ConfUtils.java:logGet(43)) - raft.grpc.server.port = 0 (default)
2019-09-26 12:47:47,293 [main] INFO  server.GrpcService (ConfUtils.java:logGet(43)) - raft.grpc.message.size.max = 33570816 (custom)
2019-09-26 12:47:47,295 [main] INFO  server.RaftServerConfigKeys (ConfUtils.java:logGet(43)) - raft.server.log.appender.buffer.byte-limit = 33554432 (custom)
2019-09-26 12:47:47,296 [main] INFO  server.GrpcService (ConfUtils.java:logGet(43)) - raft.grpc.flow.control.window = 1MB (=1048576) (default)
2019-09-26 12:47:47,296 [main] INFO  server.RaftServerConfigKeys (ConfUtils.java:logGet(43)) - raft.server.rpc.request.timeout = 3000ms (default)
2019-09-26 12:47:47,510 [main] INFO  server.RaftServerConfigKeys (ConfUtils.java:logGet(43)) - raft.server.storage.dir = [/workdir/hadoop-ozone/integration-test/target/test-dir/MiniOzoneClusterImpl-5cb8bac5-d0f0-4551-b9d0-b3e056facdc3/datanode-0/data/ratis] (custom)
2019-09-26 12:47:47,574 [main] INFO  hdfs.DFSUtil (DFSUtil.java:httpServerTemplateForNNAndJN(1641)) - Starting Web-server for hddsDatanode at: http://0.0.0.0:0
2019-09-26 12:47:47,578 [main] INFO  server.AuthenticationFilter (AuthenticationFilter.java:constructSecretProvider(240)) - Unable to initialize FileSignerSecretProvider, falling back to use random secrets.
2019-09-26 12:47:47,580 [main] WARN  http.HttpRequestLog (HttpRequestLog.java:getRequestLog(97)) - Jetty request log can only be enabled using Log4j
2019-09-26 12:47:47,583 [main] INFO  http.HttpServer2 (HttpServer2.java:addGlobalFilter(975)) - Added global filter 'safety' (class=org.apache.hadoop.http.HttpServer2$QuotingInputFilter)
2019-09-26 12:47:47,584 [main] INFO  http.HttpServer2 (HttpServer2.java:addFilter(948)) - Added filter static_user_filter (class=org.apache.hadoop.http.lib.StaticUserWebFilter$StaticUserFilter) to context hddsDatanode
2019-09-26 12:47:47,584 [main] INFO  http.HttpServer2 (HttpServer2.java:addFilter(958)) - Added filter static_user_filter (class=org.apache.hadoop.http.lib.StaticUserWebFilter$StaticUserFilter) to context logs
2019-09-26 12:47:47,584 [main] INFO  http.HttpServer2 (HttpServer2.java:addFilter(958)) - Added filter static_user_filter (class=org.apache.hadoop.http.lib.StaticUserWebFilter$StaticUserFilter) to context static
2019-09-26 12:47:47,587 [main] INFO  http.HttpServer2 (HttpServer2.java:bindListener(1191)) - Jetty bound to port 38462
2019-09-26 12:47:47,587 [main] INFO  server.Server (Server.java:doStart(351)) - jetty-9.3.25.v20180904, build timestamp: 2018-09-04T21:11:46Z, git hash: 3ce520221d0240229c862b122d2b06c12a625732
2019-09-26 12:47:47,590 [main] INFO  handler.ContextHandler (ContextHandler.java:doStart(781)) - Started o.e.j.s.ServletContextHandler@2643d762{/logs,file:///workdir/hadoop-ozone/integration-test/target/log,AVAILABLE}
2019-09-26 12:47:47,591 [main] INFO  handler.ContextHandler (ContextHandler.java:doStart(781)) - Started o.e.j.s.ServletContextHandler@2f236de0{/static,jar:file:/home/user/.m2/repository/org/apache/hadoop/hadoop-hdds-container-service/0.5.0-SNAPSHOT/hadoop-hdds-container-service-0.5.0-SNAPSHOT.jar!/webapps/static,AVAILABLE}
2019-09-26 12:47:47,634 [main] INFO  handler.ContextHandler (ContextHandler.java:doStart(781)) - Started o.e.j.w.WebAppContext@895416d{/,file:///tmp/jetty-0.0.0.0-38462-hddsDatanode-_-any-7517590231843392270.dir/webapp/,AVAILABLE}{/hddsDatanode}
2019-09-26 12:47:47,636 [main] INFO  server.AbstractConnector (AbstractConnector.java:doStart(278)) - Started ServerConnector@71a06021{HTTP/1.1,[http/1.1]}{0.0.0.0:38462}
2019-09-26 12:47:47,636 [main] INFO  server.Server (Server.java:doStart(419)) - Started @5392ms
2019-09-26 12:47:47,637 [main] WARN  impl.MetricsSystemImpl (MetricsSystemImpl.java:register(276)) - Sink prometheus already exists!
2019-09-26 12:47:47,638 [main] INFO  server.BaseHttpServer (BaseHttpServer.java:updateConnectorAddress(215)) - HTTP server of HDDSDATANODE is listening at http://0.0.0.0:38462
2019-09-26 12:47:47,639 [main] INFO  impl.MetricsSystemImpl (MetricsSystemImpl.java:init(158)) - HddsDatanode metrics system started (again)
2019-09-26 12:47:47,644 [main] INFO  ozone.HddsDatanodeService (HddsDatanodeService.java:start(184)) - HddsDatanodeService host:pr-hdds-1569-87zkn-1081879488 ip:192.168.164.238
2019-09-26 12:47:47,645 [org.apache.hadoop.util.JvmPauseMonitor$Monitor@347dc20f] INFO  util.JvmPauseMonitor (JvmPauseMonitor.java:run(188)) - Starting JVM pause monitor
2019-09-26 12:47:47,655 [main] INFO  volume.HddsVolume (HddsVolume.java:<init>(176)) - Creating Volume: /workdir/hadoop-ozone/integration-test/target/test-dir/MiniOzoneClusterImpl-5cb8bac5-d0f0-4551-b9d0-b3e056facdc3/datanode-1/data/containers/hdds of  storage type : DISK and capacity : 1482555576320
2019-09-26 12:47:47,656 [main] INFO  volume.VolumeSet (VolumeSet.java:initializeVolumeSet(170)) - Added Volume : /workdir/hadoop-ozone/integration-test/target/test-dir/MiniOzoneClusterImpl-5cb8bac5-d0f0-4551-b9d0-b3e056facdc3/datanode-1/data/containers/hdds to VolumeSet
2019-09-26 12:47:47,657 [main] INFO  volume.ThrottledAsyncChecker (ThrottledAsyncChecker.java:schedule(139)) - Scheduling a check for org.apache.hadoop.ozone.container.common.volume.HddsVolume@e57e5d6
2019-09-26 12:47:47,657 [main] INFO  volume.HddsVolumeChecker (HddsVolumeChecker.java:checkAllVolumes(202)) - Scheduled health check for volume org.apache.hadoop.ozone.container.common.volume.HddsVolume@e57e5d6
2019-09-26 12:47:47,676 [main] INFO  impl.RaftServerProxy (ConfUtils.java:logGet(43)) - raft.rpc.type = GRPC (default)
2019-09-26 12:47:47,676 [main] INFO  grpc.GrpcFactory (GrpcFactory.java:checkPooledByteBufAllocatorUseCacheForAllThreads(45)) - PERFORMANCE WARNING: useCacheForAllThreads is true that may cause Netty to create a lot garbage objects and, as a result, trigger GC.
	It is recommended to disable useCacheForAllThreads by setting -Dorg.apache.ratis.thirdparty.io.netty.allocator.useCacheForAllThreads=false in command line.
2019-09-26 12:47:47,676 [main] INFO  grpc.GrpcConfigKeys$Server (ConfUtils.java:logGet(43)) - raft.grpc.server.port = 0 (default)
2019-09-26 12:47:47,676 [main] INFO  server.GrpcService (ConfUtils.java:logGet(43)) - raft.grpc.message.size.max = 33570816 (custom)
2019-09-26 12:47:47,677 [main] INFO  server.RaftServerConfigKeys (ConfUtils.java:logGet(43)) - raft.server.log.appender.buffer.byte-limit = 33554432 (custom)
2019-09-26 12:47:47,677 [main] INFO  server.GrpcService (ConfUtils.java:logGet(43)) - raft.grpc.flow.control.window = 1MB (=1048576) (default)
2019-09-26 12:47:47,677 [main] INFO  server.RaftServerConfigKeys (ConfUtils.java:logGet(43)) - raft.server.rpc.request.timeout = 3000ms (default)
2019-09-26 12:47:47,678 [main] INFO  server.RaftServerConfigKeys (ConfUtils.java:logGet(43)) - raft.server.storage.dir = [/workdir/hadoop-ozone/integration-test/target/test-dir/MiniOzoneClusterImpl-5cb8bac5-d0f0-4551-b9d0-b3e056facdc3/datanode-1/data/ratis] (custom)
2019-09-26 12:47:47,679 [main] INFO  hdfs.DFSUtil (DFSUtil.java:httpServerTemplateForNNAndJN(1641)) - Starting Web-server for hddsDatanode at: http://0.0.0.0:0
2019-09-26 12:47:47,681 [main] INFO  server.AuthenticationFilter (AuthenticationFilter.java:constructSecretProvider(240)) - Unable to initialize FileSignerSecretProvider, falling back to use random secrets.
2019-09-26 12:47:47,682 [main] WARN  http.HttpRequestLog (HttpRequestLog.java:getRequestLog(97)) - Jetty request log can only be enabled using Log4j
2019-09-26 12:47:47,684 [main] INFO  http.HttpServer2 (HttpServer2.java:addGlobalFilter(975)) - Added global filter 'safety' (class=org.apache.hadoop.http.HttpServer2$QuotingInputFilter)
2019-09-26 12:47:47,684 [main] INFO  http.HttpServer2 (HttpServer2.java:addFilter(948)) - Added filter static_user_filter (class=org.apache.hadoop.http.lib.StaticUserWebFilter$StaticUserFilter) to context hddsDatanode
2019-09-26 12:47:47,684 [main] INFO  http.HttpServer2 (HttpServer2.java:addFilter(958)) - Added filter static_user_filter (class=org.apache.hadoop.http.lib.StaticUserWebFilter$StaticUserFilter) to context logs
2019-09-26 12:47:47,684 [main] INFO  http.HttpServer2 (HttpServer2.java:addFilter(958)) - Added filter static_user_filter (class=org.apache.hadoop.http.lib.StaticUserWebFilter$StaticUserFilter) to context static
2019-09-26 12:47:47,685 [main] INFO  http.HttpServer2 (HttpServer2.java:bindListener(1191)) - Jetty bound to port 36222
2019-09-26 12:47:47,685 [main] INFO  server.Server (Server.java:doStart(351)) - jetty-9.3.25.v20180904, build timestamp: 2018-09-04T21:11:46Z, git hash: 3ce520221d0240229c862b122d2b06c12a625732
2019-09-26 12:47:47,689 [main] INFO  handler.ContextHandler (ContextHandler.java:doStart(781)) - Started o.e.j.s.ServletContextHandler@4b200971{/logs,file:///workdir/hadoop-ozone/integration-test/target/log,AVAILABLE}
2019-09-26 12:47:47,690 [main] INFO  handler.ContextHandler (ContextHandler.java:doStart(781)) - Started o.e.j.s.ServletContextHandler@68d7a2df{/static,jar:file:/home/user/.m2/repository/org/apache/hadoop/hadoop-hdds-container-service/0.5.0-SNAPSHOT/hadoop-hdds-container-service-0.5.0-SNAPSHOT.jar!/webapps/static,AVAILABLE}
2019-09-26 12:47:47,719 [main] INFO  handler.ContextHandler (ContextHandler.java:doStart(781)) - Started o.e.j.w.WebAppContext@4da6d664{/,file:///tmp/jetty-0.0.0.0-36222-hddsDatanode-_-any-4424375310413975580.dir/webapp/,AVAILABLE}{/hddsDatanode}
2019-09-26 12:47:47,720 [main] INFO  server.AbstractConnector (AbstractConnector.java:doStart(278)) - Started ServerConnector@5e5af8e1{HTTP/1.1,[http/1.1]}{0.0.0.0:36222}
2019-09-26 12:47:47,721 [main] INFO  server.Server (Server.java:doStart(419)) - Started @5476ms
2019-09-26 12:47:47,722 [main] WARN  impl.MetricsSystemImpl (MetricsSystemImpl.java:register(276)) - Sink prometheus already exists!
2019-09-26 12:47:47,723 [main] INFO  server.BaseHttpServer (BaseHttpServer.java:updateConnectorAddress(215)) - HTTP server of HDDSDATANODE is listening at http://0.0.0.0:36222
2019-09-26 12:47:47,723 [main] INFO  impl.MetricsSystemImpl (MetricsSystemImpl.java:init(158)) - HddsDatanode metrics system started (again)
2019-09-26 12:47:47,726 [main] INFO  ozone.HddsDatanodeService (HddsDatanodeService.java:start(184)) - HddsDatanodeService host:pr-hdds-1569-87zkn-1081879488 ip:192.168.164.238
2019-09-26 12:47:47,726 [org.apache.hadoop.util.JvmPauseMonitor$Monitor@3e88d87f] INFO  util.JvmPauseMonitor (JvmPauseMonitor.java:run(188)) - Starting JVM pause monitor
2019-09-26 12:47:47,736 [main] INFO  volume.HddsVolume (HddsVolume.java:<init>(176)) - Creating Volume: /workdir/hadoop-ozone/integration-test/target/test-dir/MiniOzoneClusterImpl-5cb8bac5-d0f0-4551-b9d0-b3e056facdc3/datanode-2/data/containers/hdds of  storage type : DISK and capacity : 1482555576320
2019-09-26 12:47:47,736 [main] INFO  volume.VolumeSet (VolumeSet.java:initializeVolumeSet(170)) - Added Volume : /workdir/hadoop-ozone/integration-test/target/test-dir/MiniOzoneClusterImpl-5cb8bac5-d0f0-4551-b9d0-b3e056facdc3/datanode-2/data/containers/hdds to VolumeSet
2019-09-26 12:47:47,737 [main] INFO  volume.ThrottledAsyncChecker (ThrottledAsyncChecker.java:schedule(139)) - Scheduling a check for org.apache.hadoop.ozone.container.common.volume.HddsVolume@65e21ce3
2019-09-26 12:47:47,737 [main] INFO  volume.HddsVolumeChecker (HddsVolumeChecker.java:checkAllVolumes(202)) - Scheduled health check for volume org.apache.hadoop.ozone.container.common.volume.HddsVolume@65e21ce3
2019-09-26 12:47:47,751 [main] INFO  impl.RaftServerProxy (ConfUtils.java:logGet(43)) - raft.rpc.type = GRPC (default)
2019-09-26 12:47:47,751 [main] INFO  grpc.GrpcFactory (GrpcFactory.java:checkPooledByteBufAllocatorUseCacheForAllThreads(45)) - PERFORMANCE WARNING: useCacheForAllThreads is true that may cause Netty to create a lot garbage objects and, as a result, trigger GC.
	It is recommended to disable useCacheForAllThreads by setting -Dorg.apache.ratis.thirdparty.io.netty.allocator.useCacheForAllThreads=false in command line.
2019-09-26 12:47:47,751 [main] INFO  grpc.GrpcConfigKeys$Server (ConfUtils.java:logGet(43)) - raft.grpc.server.port = 0 (default)
2019-09-26 12:47:47,752 [main] INFO  server.GrpcService (ConfUtils.java:logGet(43)) - raft.grpc.message.size.max = 33570816 (custom)
2019-09-26 12:47:47,752 [main] INFO  server.RaftServerConfigKeys (ConfUtils.java:logGet(43)) - raft.server.log.appender.buffer.byte-limit = 33554432 (custom)
2019-09-26 12:47:47,752 [main] INFO  server.GrpcService (ConfUtils.java:logGet(43)) - raft.grpc.flow.control.window = 1MB (=1048576) (default)
2019-09-26 12:47:47,752 [main] INFO  server.RaftServerConfigKeys (ConfUtils.java:logGet(43)) - raft.server.rpc.request.timeout = 3000ms (default)
2019-09-26 12:47:47,753 [main] INFO  server.RaftServerConfigKeys (ConfUtils.java:logGet(43)) - raft.server.storage.dir = [/workdir/hadoop-ozone/integration-test/target/test-dir/MiniOzoneClusterImpl-5cb8bac5-d0f0-4551-b9d0-b3e056facdc3/datanode-2/data/ratis] (custom)
2019-09-26 12:47:47,755 [main] INFO  hdfs.DFSUtil (DFSUtil.java:httpServerTemplateForNNAndJN(1641)) - Starting Web-server for hddsDatanode at: http://0.0.0.0:0
2019-09-26 12:47:47,756 [main] INFO  server.AuthenticationFilter (AuthenticationFilter.java:constructSecretProvider(240)) - Unable to initialize FileSignerSecretProvider, falling back to use random secrets.
2019-09-26 12:47:47,757 [main] WARN  http.HttpRequestLog (HttpRequestLog.java:getRequestLog(97)) - Jetty request log can only be enabled using Log4j
2019-09-26 12:47:47,758 [main] INFO  http.HttpServer2 (HttpServer2.java:addGlobalFilter(975)) - Added global filter 'safety' (class=org.apache.hadoop.http.HttpServer2$QuotingInputFilter)
2019-09-26 12:47:47,759 [main] INFO  http.HttpServer2 (HttpServer2.java:addFilter(948)) - Added filter static_user_filter (class=org.apache.hadoop.http.lib.StaticUserWebFilter$StaticUserFilter) to context hddsDatanode
2019-09-26 12:47:47,759 [main] INFO  http.HttpServer2 (HttpServer2.java:addFilter(958)) - Added filter static_user_filter (class=org.apache.hadoop.http.lib.StaticUserWebFilter$StaticUserFilter) to context static
2019-09-26 12:47:47,759 [main] INFO  http.HttpServer2 (HttpServer2.java:addFilter(958)) - Added filter static_user_filter (class=org.apache.hadoop.http.lib.StaticUserWebFilter$StaticUserFilter) to context logs
2019-09-26 12:47:47,760 [main] INFO  http.HttpServer2 (HttpServer2.java:bindListener(1191)) - Jetty bound to port 43475
2019-09-26 12:47:47,760 [main] INFO  server.Server (Server.java:doStart(351)) - jetty-9.3.25.v20180904, build timestamp: 2018-09-04T21:11:46Z, git hash: 3ce520221d0240229c862b122d2b06c12a625732
2019-09-26 12:47:47,762 [main] INFO  handler.ContextHandler (ContextHandler.java:doStart(781)) - Started o.e.j.s.ServletContextHandler@7100dea{/logs,file:///workdir/hadoop-ozone/integration-test/target/log,AVAILABLE}
2019-09-26 12:47:47,762 [main] INFO  handler.ContextHandler (ContextHandler.java:doStart(781)) - Started o.e.j.s.ServletContextHandler@32e54a9d{/static,jar:file:/home/user/.m2/repository/org/apache/hadoop/hadoop-hdds-container-service/0.5.0-SNAPSHOT/hadoop-hdds-container-service-0.5.0-SNAPSHOT.jar!/webapps/static,AVAILABLE}
2019-09-26 12:47:47,772 [Datanode State Machine Thread - 0] INFO  datanode.InitDatanodeState (InitDatanodeState.java:persistContainerDatanodeDetails(140)) - DatanodeDetails is persisted to /workdir/hadoop-ozone/integration-test/target/test-dir/MiniOzoneClusterImpl-5cb8bac5-d0f0-4551-b9d0-b3e056facdc3/datanode-0/meta/datanode.id
2019-09-26 12:47:47,778 [Datanode State Machine Thread - 0] INFO  datanode.InitDatanodeState (InitDatanodeState.java:persistContainerDatanodeDetails(140)) - DatanodeDetails is persisted to /workdir/hadoop-ozone/integration-test/target/test-dir/MiniOzoneClusterImpl-5cb8bac5-d0f0-4551-b9d0-b3e056facdc3/datanode-1/meta/datanode.id
2019-09-26 12:47:47,796 [main] INFO  handler.ContextHandler (ContextHandler.java:doStart(781)) - Started o.e.j.w.WebAppContext@588f63c{/,file:///tmp/jetty-0.0.0.0-43475-hddsDatanode-_-any-806355889418411462.dir/webapp/,AVAILABLE}{/hddsDatanode}
2019-09-26 12:47:47,797 [main] INFO  server.AbstractConnector (AbstractConnector.java:doStart(278)) - Started ServerConnector@5a6fa56e{HTTP/1.1,[http/1.1]}{0.0.0.0:43475}
2019-09-26 12:47:47,799 [main] INFO  server.Server (Server.java:doStart(419)) - Started @5554ms
2019-09-26 12:47:47,799 [main] WARN  impl.MetricsSystemImpl (MetricsSystemImpl.java:register(276)) - Sink prometheus already exists!
2019-09-26 12:47:47,800 [main] INFO  server.BaseHttpServer (BaseHttpServer.java:updateConnectorAddress(215)) - HTTP server of HDDSDATANODE is listening at http://0.0.0.0:43475
2019-09-26 12:47:47,800 [main] INFO  impl.MetricsSystemImpl (MetricsSystemImpl.java:init(158)) - HddsDatanode metrics system started (again)
2019-09-26 12:47:47,803 [org.apache.hadoop.util.JvmPauseMonitor$Monitor@3b99ceaa] INFO  util.JvmPauseMonitor (JvmPauseMonitor.java:run(188)) - Starting JVM pause monitor
2019-09-26 12:47:47,804 [main] INFO  ozone.HddsDatanodeService (HddsDatanodeService.java:start(184)) - HddsDatanodeService host:pr-hdds-1569-87zkn-1081879488 ip:192.168.164.238
2019-09-26 12:47:47,807 [Datanode State Machine Thread - 0] INFO  datanode.InitDatanodeState (InitDatanodeState.java:persistContainerDatanodeDetails(140)) - DatanodeDetails is persisted to /workdir/hadoop-ozone/integration-test/target/test-dir/MiniOzoneClusterImpl-5cb8bac5-d0f0-4551-b9d0-b3e056facdc3/datanode-2/meta/datanode.id
2019-09-26 12:47:47,813 [main] INFO  volume.HddsVolume (HddsVolume.java:<init>(176)) - Creating Volume: /workdir/hadoop-ozone/integration-test/target/test-dir/MiniOzoneClusterImpl-5cb8bac5-d0f0-4551-b9d0-b3e056facdc3/datanode-3/data/containers/hdds of  storage type : DISK and capacity : 1482555576320
2019-09-26 12:47:47,814 [main] INFO  volume.VolumeSet (VolumeSet.java:initializeVolumeSet(170)) - Added Volume : /workdir/hadoop-ozone/integration-test/target/test-dir/MiniOzoneClusterImpl-5cb8bac5-d0f0-4551-b9d0-b3e056facdc3/datanode-3/data/containers/hdds to VolumeSet
2019-09-26 12:47:47,814 [main] INFO  volume.ThrottledAsyncChecker (ThrottledAsyncChecker.java:schedule(139)) - Scheduling a check for org.apache.hadoop.ozone.container.common.volume.HddsVolume@7724704f
2019-09-26 12:47:47,815 [main] INFO  volume.HddsVolumeChecker (HddsVolumeChecker.java:checkAllVolumes(202)) - Scheduled health check for volume org.apache.hadoop.ozone.container.common.volume.HddsVolume@7724704f
2019-09-26 12:47:47,832 [main] INFO  impl.RaftServerProxy (ConfUtils.java:logGet(43)) - raft.rpc.type = GRPC (default)
2019-09-26 12:47:47,832 [main] INFO  grpc.GrpcFactory (GrpcFactory.java:checkPooledByteBufAllocatorUseCacheForAllThreads(45)) - PERFORMANCE WARNING: useCacheForAllThreads is true that may cause Netty to create a lot garbage objects and, as a result, trigger GC.
	It is recommended to disable useCacheForAllThreads by setting -Dorg.apache.ratis.thirdparty.io.netty.allocator.useCacheForAllThreads=false in command line.
2019-09-26 12:47:47,832 [main] INFO  grpc.GrpcConfigKeys$Server (ConfUtils.java:logGet(43)) - raft.grpc.server.port = 0 (default)
2019-09-26 12:47:47,833 [main] INFO  server.GrpcService (ConfUtils.java:logGet(43)) - raft.grpc.message.size.max = 33570816 (custom)
2019-09-26 12:47:47,833 [main] INFO  server.RaftServerConfigKeys (ConfUtils.java:logGet(43)) - raft.server.log.appender.buffer.byte-limit = 33554432 (custom)
2019-09-26 12:47:47,833 [main] INFO  server.GrpcService (ConfUtils.java:logGet(43)) - raft.grpc.flow.control.window = 1MB (=1048576) (default)
2019-09-26 12:47:47,833 [main] INFO  server.RaftServerConfigKeys (ConfUtils.java:logGet(43)) - raft.server.rpc.request.timeout = 3000ms (default)
2019-09-26 12:47:47,834 [main] INFO  server.RaftServerConfigKeys (ConfUtils.java:logGet(43)) - raft.server.storage.dir = [/workdir/hadoop-ozone/integration-test/target/test-dir/MiniOzoneClusterImpl-5cb8bac5-d0f0-4551-b9d0-b3e056facdc3/datanode-3/data/ratis] (custom)
2019-09-26 12:47:47,836 [main] INFO  hdfs.DFSUtil (DFSUtil.java:httpServerTemplateForNNAndJN(1641)) - Starting Web-server for hddsDatanode at: http://0.0.0.0:0
2019-09-26 12:47:47,838 [main] INFO  server.AuthenticationFilter (AuthenticationFilter.java:constructSecretProvider(240)) - Unable to initialize FileSignerSecretProvider, falling back to use random secrets.
2019-09-26 12:47:47,839 [main] WARN  http.HttpRequestLog (HttpRequestLog.java:getRequestLog(97)) - Jetty request log can only be enabled using Log4j
2019-09-26 12:47:47,841 [main] INFO  http.HttpServer2 (HttpServer2.java:addGlobalFilter(975)) - Added global filter 'safety' (class=org.apache.hadoop.http.HttpServer2$QuotingInputFilter)
2019-09-26 12:47:47,841 [main] INFO  http.HttpServer2 (HttpServer2.java:addFilter(948)) - Added filter static_user_filter (class=org.apache.hadoop.http.lib.StaticUserWebFilter$StaticUserFilter) to context hddsDatanode
2019-09-26 12:47:47,842 [main] INFO  http.HttpServer2 (HttpServer2.java:addFilter(958)) - Added filter static_user_filter (class=org.apache.hadoop.http.lib.StaticUserWebFilter$StaticUserFilter) to context logs
2019-09-26 12:47:47,842 [main] INFO  http.HttpServer2 (HttpServer2.java:addFilter(958)) - Added filter static_user_filter (class=org.apache.hadoop.http.lib.StaticUserWebFilter$StaticUserFilter) to context static
2019-09-26 12:47:47,843 [main] INFO  http.HttpServer2 (HttpServer2.java:bindListener(1191)) - Jetty bound to port 37510
2019-09-26 12:47:47,843 [main] INFO  server.Server (Server.java:doStart(351)) - jetty-9.3.25.v20180904, build timestamp: 2018-09-04T21:11:46Z, git hash: 3ce520221d0240229c862b122d2b06c12a625732
2019-09-26 12:47:47,851 [main] INFO  handler.ContextHandler (ContextHandler.java:doStart(781)) - Started o.e.j.s.ServletContextHandler@4c1bdcc2{/logs,file:///workdir/hadoop-ozone/integration-test/target/log,AVAILABLE}
2019-09-26 12:47:47,851 [main] INFO  handler.ContextHandler (ContextHandler.java:doStart(781)) - Started o.e.j.s.ServletContextHandler@4b97c4ad{/static,jar:file:/home/user/.m2/repository/org/apache/hadoop/hadoop-hdds-container-service/0.5.0-SNAPSHOT/hadoop-hdds-container-service-0.5.0-SNAPSHOT.jar!/webapps/static,AVAILABLE}
2019-09-26 12:47:47,882 [main] INFO  handler.ContextHandler (ContextHandler.java:doStart(781)) - Started o.e.j.w.WebAppContext@7fb29ca9{/,file:///tmp/jetty-0.0.0.0-37510-hddsDatanode-_-any-3235223295460960597.dir/webapp/,AVAILABLE}{/hddsDatanode}
2019-09-26 12:47:47,884 [main] INFO  server.AbstractConnector (AbstractConnector.java:doStart(278)) - Started ServerConnector@1e253c9d{HTTP/1.1,[http/1.1]}{0.0.0.0:37510}
2019-09-26 12:47:47,885 [main] INFO  server.Server (Server.java:doStart(419)) - Started @5641ms
2019-09-26 12:47:47,885 [main] WARN  impl.MetricsSystemImpl (MetricsSystemImpl.java:register(276)) - Sink prometheus already exists!
2019-09-26 12:47:47,886 [main] INFO  server.BaseHttpServer (BaseHttpServer.java:updateConnectorAddress(215)) - HTTP server of HDDSDATANODE is listening at http://0.0.0.0:37510
2019-09-26 12:47:47,887 [main] INFO  impl.MetricsSystemImpl (MetricsSystemImpl.java:init(158)) - HddsDatanode metrics system started (again)
2019-09-26 12:47:47,890 [org.apache.hadoop.util.JvmPauseMonitor$Monitor@3c971250] INFO  util.JvmPauseMonitor (JvmPauseMonitor.java:run(188)) - Starting JVM pause monitor
2019-09-26 12:47:47,891 [main] INFO  ozone.HddsDatanodeService (HddsDatanodeService.java:start(184)) - HddsDatanodeService host:pr-hdds-1569-87zkn-1081879488 ip:192.168.164.238
2019-09-26 12:47:47,894 [Datanode State Machine Thread - 0] INFO  datanode.InitDatanodeState (InitDatanodeState.java:persistContainerDatanodeDetails(140)) - DatanodeDetails is persisted to /workdir/hadoop-ozone/integration-test/target/test-dir/MiniOzoneClusterImpl-5cb8bac5-d0f0-4551-b9d0-b3e056facdc3/datanode-3/meta/datanode.id
2019-09-26 12:47:47,900 [main] INFO  volume.HddsVolume (HddsVolume.java:<init>(176)) - Creating Volume: /workdir/hadoop-ozone/integration-test/target/test-dir/MiniOzoneClusterImpl-5cb8bac5-d0f0-4551-b9d0-b3e056facdc3/datanode-4/data/containers/hdds of  storage type : DISK and capacity : 1482555576320
2019-09-26 12:47:47,901 [main] INFO  volume.VolumeSet (VolumeSet.java:initializeVolumeSet(170)) - Added Volume : /workdir/hadoop-ozone/integration-test/target/test-dir/MiniOzoneClusterImpl-5cb8bac5-d0f0-4551-b9d0-b3e056facdc3/datanode-4/data/containers/hdds to VolumeSet
2019-09-26 12:47:47,901 [main] INFO  volume.ThrottledAsyncChecker (ThrottledAsyncChecker.java:schedule(139)) - Scheduling a check for org.apache.hadoop.ozone.container.common.volume.HddsVolume@3a082ff4
2019-09-26 12:47:47,902 [main] INFO  volume.HddsVolumeChecker (HddsVolumeChecker.java:checkAllVolumes(202)) - Scheduled health check for volume org.apache.hadoop.ozone.container.common.volume.HddsVolume@3a082ff4
2019-09-26 12:47:47,920 [main] INFO  impl.RaftServerProxy (ConfUtils.java:logGet(43)) - raft.rpc.type = GRPC (default)
2019-09-26 12:47:47,920 [main] INFO  grpc.GrpcFactory (GrpcFactory.java:checkPooledByteBufAllocatorUseCacheForAllThreads(45)) - PERFORMANCE WARNING: useCacheForAllThreads is true that may cause Netty to create a lot garbage objects and, as a result, trigger GC.
	It is recommended to disable useCacheForAllThreads by setting -Dorg.apache.ratis.thirdparty.io.netty.allocator.useCacheForAllThreads=false in command line.
2019-09-26 12:47:47,921 [main] INFO  grpc.GrpcConfigKeys$Server (ConfUtils.java:logGet(43)) - raft.grpc.server.port = 0 (default)
2019-09-26 12:47:47,921 [main] INFO  server.GrpcService (ConfUtils.java:logGet(43)) - raft.grpc.message.size.max = 33570816 (custom)
2019-09-26 12:47:47,921 [main] INFO  server.RaftServerConfigKeys (ConfUtils.java:logGet(43)) - raft.server.log.appender.buffer.byte-limit = 33554432 (custom)
2019-09-26 12:47:47,922 [main] INFO  server.GrpcService (ConfUtils.java:logGet(43)) - raft.grpc.flow.control.window = 1MB (=1048576) (default)
2019-09-26 12:47:47,934 [main] INFO  server.RaftServerConfigKeys (ConfUtils.java:logGet(43)) - raft.server.rpc.request.timeout = 3000ms (default)
2019-09-26 12:47:47,935 [main] INFO  server.RaftServerConfigKeys (ConfUtils.java:logGet(43)) - raft.server.storage.dir = [/workdir/hadoop-ozone/integration-test/target/test-dir/MiniOzoneClusterImpl-5cb8bac5-d0f0-4551-b9d0-b3e056facdc3/datanode-4/data/ratis] (custom)
2019-09-26 12:47:47,937 [main] INFO  hdfs.DFSUtil (DFSUtil.java:httpServerTemplateForNNAndJN(1641)) - Starting Web-server for hddsDatanode at: http://0.0.0.0:0
2019-09-26 12:47:47,939 [main] INFO  server.AuthenticationFilter (AuthenticationFilter.java:constructSecretProvider(240)) - Unable to initialize FileSignerSecretProvider, falling back to use random secrets.
2019-09-26 12:47:47,939 [main] WARN  http.HttpRequestLog (HttpRequestLog.java:getRequestLog(97)) - Jetty request log can only be enabled using Log4j
2019-09-26 12:47:47,941 [main] INFO  http.HttpServer2 (HttpServer2.java:addGlobalFilter(975)) - Added global filter 'safety' (class=org.apache.hadoop.http.HttpServer2$QuotingInputFilter)
2019-09-26 12:47:47,942 [main] INFO  http.HttpServer2 (HttpServer2.java:addFilter(948)) - Added filter static_user_filter (class=org.apache.hadoop.http.lib.StaticUserWebFilter$StaticUserFilter) to context hddsDatanode
2019-09-26 12:47:47,942 [main] INFO  http.HttpServer2 (HttpServer2.java:addFilter(958)) - Added filter static_user_filter (class=org.apache.hadoop.http.lib.StaticUserWebFilter$StaticUserFilter) to context static
2019-09-26 12:47:47,942 [main] INFO  http.HttpServer2 (HttpServer2.java:addFilter(958)) - Added filter static_user_filter (class=org.apache.hadoop.http.lib.StaticUserWebFilter$StaticUserFilter) to context logs
2019-09-26 12:47:47,943 [main] INFO  http.HttpServer2 (HttpServer2.java:bindListener(1191)) - Jetty bound to port 42642
2019-09-26 12:47:47,943 [main] INFO  server.Server (Server.java:doStart(351)) - jetty-9.3.25.v20180904, build timestamp: 2018-09-04T21:11:46Z, git hash: 3ce520221d0240229c862b122d2b06c12a625732
2019-09-26 12:47:47,946 [main] INFO  handler.ContextHandler (ContextHandler.java:doStart(781)) - Started o.e.j.s.ServletContextHandler@17fa1336{/logs,file:///workdir/hadoop-ozone/integration-test/target/log,AVAILABLE}
2019-09-26 12:47:47,947 [main] INFO  handler.ContextHandler (ContextHandler.java:doStart(781)) - Started o.e.j.s.ServletContextHandler@68b9834c{/static,jar:file:/home/user/.m2/repository/org/apache/hadoop/hadoop-hdds-container-service/0.5.0-SNAPSHOT/hadoop-hdds-container-service-0.5.0-SNAPSHOT.jar!/webapps/static,AVAILABLE}
2019-09-26 12:47:47,980 [main] INFO  handler.ContextHandler (ContextHandler.java:doStart(781)) - Started o.e.j.w.WebAppContext@5ea4300e{/,file:///tmp/jetty-0.0.0.0-42642-hddsDatanode-_-any-6356738486347955455.dir/webapp/,AVAILABLE}{/hddsDatanode}
2019-09-26 12:47:47,982 [main] INFO  server.AbstractConnector (AbstractConnector.java:doStart(278)) - Started ServerConnector@5a1c3cb4{HTTP/1.1,[http/1.1]}{0.0.0.0:42642}
2019-09-26 12:47:47,982 [main] INFO  server.Server (Server.java:doStart(419)) - Started @5737ms
2019-09-26 12:47:47,985 [main] WARN  impl.MetricsSystemImpl (MetricsSystemImpl.java:register(276)) - Sink prometheus already exists!
2019-09-26 12:47:47,985 [main] INFO  server.BaseHttpServer (BaseHttpServer.java:updateConnectorAddress(215)) - HTTP server of HDDSDATANODE is listening at http://0.0.0.0:42642
2019-09-26 12:47:47,986 [main] INFO  impl.MetricsSystemImpl (MetricsSystemImpl.java:init(158)) - HddsDatanode metrics system started (again)
2019-09-26 12:47:47,989 [main] INFO  ozone.HddsDatanodeService (HddsDatanodeService.java:start(184)) - HddsDatanodeService host:pr-hdds-1569-87zkn-1081879488 ip:192.168.164.238
2019-09-26 12:47:47,989 [org.apache.hadoop.util.JvmPauseMonitor$Monitor@63d88ad0] INFO  util.JvmPauseMonitor (JvmPauseMonitor.java:run(188)) - Starting JVM pause monitor
2019-09-26 12:47:47,992 [Datanode State Machine Thread - 0] INFO  datanode.InitDatanodeState (InitDatanodeState.java:persistContainerDatanodeDetails(140)) - DatanodeDetails is persisted to /workdir/hadoop-ozone/integration-test/target/test-dir/MiniOzoneClusterImpl-5cb8bac5-d0f0-4551-b9d0-b3e056facdc3/datanode-4/meta/datanode.id
2019-09-26 12:47:47,995 [main] INFO  volume.HddsVolume (HddsVolume.java:<init>(176)) - Creating Volume: /workdir/hadoop-ozone/integration-test/target/test-dir/MiniOzoneClusterImpl-5cb8bac5-d0f0-4551-b9d0-b3e056facdc3/datanode-5/data/containers/hdds of  storage type : DISK and capacity : 1482555576320
2019-09-26 12:47:47,996 [main] INFO  volume.VolumeSet (VolumeSet.java:initializeVolumeSet(170)) - Added Volume : /workdir/hadoop-ozone/integration-test/target/test-dir/MiniOzoneClusterImpl-5cb8bac5-d0f0-4551-b9d0-b3e056facdc3/datanode-5/data/containers/hdds to VolumeSet
2019-09-26 12:47:47,996 [main] INFO  volume.ThrottledAsyncChecker (ThrottledAsyncChecker.java:schedule(139)) - Scheduling a check for org.apache.hadoop.ozone.container.common.volume.HddsVolume@5f481b73
2019-09-26 12:47:47,997 [main] INFO  volume.HddsVolumeChecker (HddsVolumeChecker.java:checkAllVolumes(202)) - Scheduled health check for volume org.apache.hadoop.ozone.container.common.volume.HddsVolume@5f481b73
2019-09-26 12:47:48,018 [main] INFO  impl.RaftServerProxy (ConfUtils.java:logGet(43)) - raft.rpc.type = GRPC (default)
2019-09-26 12:47:48,019 [main] INFO  grpc.GrpcFactory (GrpcFactory.java:checkPooledByteBufAllocatorUseCacheForAllThreads(45)) - PERFORMANCE WARNING: useCacheForAllThreads is true that may cause Netty to create a lot garbage objects and, as a result, trigger GC.
	It is recommended to disable useCacheForAllThreads by setting -Dorg.apache.ratis.thirdparty.io.netty.allocator.useCacheForAllThreads=false in command line.
2019-09-26 12:47:48,019 [main] INFO  grpc.GrpcConfigKeys$Server (ConfUtils.java:logGet(43)) - raft.grpc.server.port = 0 (default)
2019-09-26 12:47:48,019 [main] INFO  server.GrpcService (ConfUtils.java:logGet(43)) - raft.grpc.message.size.max = 33570816 (custom)
2019-09-26 12:47:48,020 [main] INFO  server.RaftServerConfigKeys (ConfUtils.java:logGet(43)) - raft.server.log.appender.buffer.byte-limit = 33554432 (custom)
2019-09-26 12:47:48,020 [main] INFO  server.GrpcService (ConfUtils.java:logGet(43)) - raft.grpc.flow.control.window = 1MB (=1048576) (default)
2019-09-26 12:47:48,020 [main] INFO  server.RaftServerConfigKeys (ConfUtils.java:logGet(43)) - raft.server.rpc.request.timeout = 3000ms (default)
2019-09-26 12:47:48,021 [main] INFO  server.RaftServerConfigKeys (ConfUtils.java:logGet(43)) - raft.server.storage.dir = [/workdir/hadoop-ozone/integration-test/target/test-dir/MiniOzoneClusterImpl-5cb8bac5-d0f0-4551-b9d0-b3e056facdc3/datanode-5/data/ratis] (custom)
2019-09-26 12:47:48,024 [main] INFO  hdfs.DFSUtil (DFSUtil.java:httpServerTemplateForNNAndJN(1641)) - Starting Web-server for hddsDatanode at: http://0.0.0.0:0
2019-09-26 12:47:48,025 [main] INFO  server.AuthenticationFilter (AuthenticationFilter.java:constructSecretProvider(240)) - Unable to initialize FileSignerSecretProvider, falling back to use random secrets.
2019-09-26 12:47:48,026 [main] WARN  http.HttpRequestLog (HttpRequestLog.java:getRequestLog(97)) - Jetty request log can only be enabled using Log4j
2019-09-26 12:47:48,027 [main] INFO  http.HttpServer2 (HttpServer2.java:addGlobalFilter(975)) - Added global filter 'safety' (class=org.apache.hadoop.http.HttpServer2$QuotingInputFilter)
2019-09-26 12:47:48,028 [main] INFO  http.HttpServer2 (HttpServer2.java:addFilter(948)) - Added filter static_user_filter (class=org.apache.hadoop.http.lib.StaticUserWebFilter$StaticUserFilter) to context hddsDatanode
2019-09-26 12:47:48,028 [main] INFO  http.HttpServer2 (HttpServer2.java:addFilter(958)) - Added filter static_user_filter (class=org.apache.hadoop.http.lib.StaticUserWebFilter$StaticUserFilter) to context static
2019-09-26 12:47:48,028 [main] INFO  http.HttpServer2 (HttpServer2.java:addFilter(958)) - Added filter static_user_filter (class=org.apache.hadoop.http.lib.StaticUserWebFilter$StaticUserFilter) to context logs
2019-09-26 12:47:48,029 [main] INFO  http.HttpServer2 (HttpServer2.java:bindListener(1191)) - Jetty bound to port 34058
2019-09-26 12:47:48,029 [main] INFO  server.Server (Server.java:doStart(351)) - jetty-9.3.25.v20180904, build timestamp: 2018-09-04T21:11:46Z, git hash: 3ce520221d0240229c862b122d2b06c12a625732
2019-09-26 12:47:48,033 [main] INFO  handler.ContextHandler (ContextHandler.java:doStart(781)) - Started o.e.j.s.ServletContextHandler@3c3c4a71{/logs,file:///workdir/hadoop-ozone/integration-test/target/log,AVAILABLE}
2019-09-26 12:47:48,034 [main] INFO  handler.ContextHandler (ContextHandler.java:doStart(781)) - Started o.e.j.s.ServletContextHandler@4f9a6c2d{/static,jar:file:/home/user/.m2/repository/org/apache/hadoop/hadoop-hdds-container-service/0.5.0-SNAPSHOT/hadoop-hdds-container-service-0.5.0-SNAPSHOT.jar!/webapps/static,AVAILABLE}
2019-09-26 12:47:48,074 [main] INFO  handler.ContextHandler (ContextHandler.java:doStart(781)) - Started o.e.j.w.WebAppContext@54e02f6a{/,file:///tmp/jetty-0.0.0.0-34058-hddsDatanode-_-any-4474514231169610234.dir/webapp/,AVAILABLE}{/hddsDatanode}
2019-09-26 12:47:48,076 [main] INFO  server.AbstractConnector (AbstractConnector.java:doStart(278)) - Started ServerConnector@17f3eefb{HTTP/1.1,[http/1.1]}{0.0.0.0:34058}
2019-09-26 12:47:48,076 [main] INFO  server.Server (Server.java:doStart(419)) - Started @5832ms
2019-09-26 12:47:48,076 [main] WARN  impl.MetricsSystemImpl (MetricsSystemImpl.java:register(276)) - Sink prometheus already exists!
2019-09-26 12:47:48,077 [main] INFO  server.BaseHttpServer (BaseHttpServer.java:updateConnectorAddress(215)) - HTTP server of HDDSDATANODE is listening at http://0.0.0.0:34058
2019-09-26 12:47:48,078 [main] INFO  impl.MetricsSystemImpl (MetricsSystemImpl.java:init(158)) - HddsDatanode metrics system started (again)
2019-09-26 12:47:48,083 [org.apache.hadoop.util.JvmPauseMonitor$Monitor@23babdcb] INFO  util.JvmPauseMonitor (JvmPauseMonitor.java:run(188)) - Starting JVM pause monitor
2019-09-26 12:47:48,084 [main] INFO  ozone.HddsDatanodeService (HddsDatanodeService.java:start(184)) - HddsDatanodeService host:pr-hdds-1569-87zkn-1081879488 ip:192.168.164.238
2019-09-26 12:47:48,086 [Datanode State Machine Thread - 0] INFO  datanode.InitDatanodeState (InitDatanodeState.java:persistContainerDatanodeDetails(140)) - DatanodeDetails is persisted to /workdir/hadoop-ozone/integration-test/target/test-dir/MiniOzoneClusterImpl-5cb8bac5-d0f0-4551-b9d0-b3e056facdc3/datanode-5/meta/datanode.id
2019-09-26 12:47:48,090 [main] INFO  volume.HddsVolume (HddsVolume.java:<init>(176)) - Creating Volume: /workdir/hadoop-ozone/integration-test/target/test-dir/MiniOzoneClusterImpl-5cb8bac5-d0f0-4551-b9d0-b3e056facdc3/datanode-6/data/containers/hdds of  storage type : DISK and capacity : 1482555576320
2019-09-26 12:47:48,091 [main] INFO  volume.VolumeSet (VolumeSet.java:initializeVolumeSet(170)) - Added Volume : /workdir/hadoop-ozone/integration-test/target/test-dir/MiniOzoneClusterImpl-5cb8bac5-d0f0-4551-b9d0-b3e056facdc3/datanode-6/data/containers/hdds to VolumeSet
2019-09-26 12:47:48,091 [main] INFO  volume.ThrottledAsyncChecker (ThrottledAsyncChecker.java:schedule(139)) - Scheduling a check for org.apache.hadoop.ozone.container.common.volume.HddsVolume@4acb7ecc
2019-09-26 12:47:48,092 [main] INFO  volume.HddsVolumeChecker (HddsVolumeChecker.java:checkAllVolumes(202)) - Scheduled health check for volume org.apache.hadoop.ozone.container.common.volume.HddsVolume@4acb7ecc
2019-09-26 12:47:48,107 [main] INFO  impl.RaftServerProxy (ConfUtils.java:logGet(43)) - raft.rpc.type = GRPC (default)
2019-09-26 12:47:48,108 [main] INFO  grpc.GrpcFactory (GrpcFactory.java:checkPooledByteBufAllocatorUseCacheForAllThreads(45)) - PERFORMANCE WARNING: useCacheForAllThreads is true that may cause Netty to create a lot garbage objects and, as a result, trigger GC.
	It is recommended to disable useCacheForAllThreads by setting -Dorg.apache.ratis.thirdparty.io.netty.allocator.useCacheForAllThreads=false in command line.
2019-09-26 12:47:48,108 [main] INFO  grpc.GrpcConfigKeys$Server (ConfUtils.java:logGet(43)) - raft.grpc.server.port = 0 (default)
2019-09-26 12:47:48,108 [main] INFO  server.GrpcService (ConfUtils.java:logGet(43)) - raft.grpc.message.size.max = 33570816 (custom)
2019-09-26 12:47:48,108 [main] INFO  server.RaftServerConfigKeys (ConfUtils.java:logGet(43)) - raft.server.log.appender.buffer.byte-limit = 33554432 (custom)
2019-09-26 12:47:48,108 [main] INFO  server.GrpcService (ConfUtils.java:logGet(43)) - raft.grpc.flow.control.window = 1MB (=1048576) (default)
2019-09-26 12:47:48,109 [main] INFO  server.RaftServerConfigKeys (ConfUtils.java:logGet(43)) - raft.server.rpc.request.timeout = 3000ms (default)
2019-09-26 12:47:48,109 [main] INFO  server.RaftServerConfigKeys (ConfUtils.java:logGet(43)) - raft.server.storage.dir = [/workdir/hadoop-ozone/integration-test/target/test-dir/MiniOzoneClusterImpl-5cb8bac5-d0f0-4551-b9d0-b3e056facdc3/datanode-6/data/ratis] (custom)
2019-09-26 12:47:48,111 [main] INFO  hdfs.DFSUtil (DFSUtil.java:httpServerTemplateForNNAndJN(1641)) - Starting Web-server for hddsDatanode at: http://0.0.0.0:0
2019-09-26 12:47:48,112 [main] INFO  server.AuthenticationFilter (AuthenticationFilter.java:constructSecretProvider(240)) - Unable to initialize FileSignerSecretProvider, falling back to use random secrets.
2019-09-26 12:47:48,112 [main] WARN  http.HttpRequestLog (HttpRequestLog.java:getRequestLog(97)) - Jetty request log can only be enabled using Log4j
2019-09-26 12:47:48,114 [main] INFO  http.HttpServer2 (HttpServer2.java:addGlobalFilter(975)) - Added global filter 'safety' (class=org.apache.hadoop.http.HttpServer2$QuotingInputFilter)
2019-09-26 12:47:48,114 [main] INFO  http.HttpServer2 (HttpServer2.java:addFilter(948)) - Added filter static_user_filter (class=org.apache.hadoop.http.lib.StaticUserWebFilter$StaticUserFilter) to context hddsDatanode
2019-09-26 12:47:48,115 [main] INFO  http.HttpServer2 (HttpServer2.java:addFilter(958)) - Added filter static_user_filter (class=org.apache.hadoop.http.lib.StaticUserWebFilter$StaticUserFilter) to context logs
2019-09-26 12:47:48,115 [main] INFO  http.HttpServer2 (HttpServer2.java:addFilter(958)) - Added filter static_user_filter (class=org.apache.hadoop.http.lib.StaticUserWebFilter$StaticUserFilter) to context static
2019-09-26 12:47:48,115 [main] INFO  http.HttpServer2 (HttpServer2.java:bindListener(1191)) - Jetty bound to port 41760
2019-09-26 12:47:48,116 [main] INFO  server.Server (Server.java:doStart(351)) - jetty-9.3.25.v20180904, build timestamp: 2018-09-04T21:11:46Z, git hash: 3ce520221d0240229c862b122d2b06c12a625732
2019-09-26 12:47:48,117 [main] INFO  handler.ContextHandler (ContextHandler.java:doStart(781)) - Started o.e.j.s.ServletContextHandler@53311681{/logs,file:///workdir/hadoop-ozone/integration-test/target/log,AVAILABLE}
2019-09-26 12:47:48,118 [main] INFO  handler.ContextHandler (ContextHandler.java:doStart(781)) - Started o.e.j.s.ServletContextHandler@3f1ed068{/static,jar:file:/home/user/.m2/repository/org/apache/hadoop/hadoop-hdds-container-service/0.5.0-SNAPSHOT/hadoop-hdds-container-service-0.5.0-SNAPSHOT.jar!/webapps/static,AVAILABLE}
2019-09-26 12:47:48,147 [main] INFO  handler.ContextHandler (ContextHandler.java:doStart(781)) - Started o.e.j.w.WebAppContext@79e66b2f{/,file:///tmp/jetty-0.0.0.0-41760-hddsDatanode-_-any-6653132421389478912.dir/webapp/,AVAILABLE}{/hddsDatanode}
2019-09-26 12:47:48,148 [main] INFO  server.AbstractConnector (AbstractConnector.java:doStart(278)) - Started ServerConnector@17273273{HTTP/1.1,[http/1.1]}{0.0.0.0:41760}
2019-09-26 12:47:48,149 [main] INFO  server.Server (Server.java:doStart(419)) - Started @5904ms
2019-09-26 12:47:48,149 [main] WARN  impl.MetricsSystemImpl (MetricsSystemImpl.java:register(276)) - Sink prometheus already exists!
2019-09-26 12:47:48,150 [main] INFO  server.BaseHttpServer (BaseHttpServer.java:updateConnectorAddress(215)) - HTTP server of HDDSDATANODE is listening at http://0.0.0.0:41760
2019-09-26 12:47:48,150 [main] INFO  impl.MetricsSystemImpl (MetricsSystemImpl.java:init(158)) - HddsDatanode metrics system started (again)
2019-09-26 12:47:48,154 [org.apache.hadoop.util.JvmPauseMonitor$Monitor@6bb4acf5] INFO  util.JvmPauseMonitor (JvmPauseMonitor.java:run(188)) - Starting JVM pause monitor
2019-09-26 12:47:48,156 [main] INFO  ozone.HddsDatanodeService (HddsDatanodeService.java:start(184)) - HddsDatanodeService host:pr-hdds-1569-87zkn-1081879488 ip:192.168.164.238
2019-09-26 12:47:48,157 [Datanode State Machine Thread - 0] INFO  datanode.InitDatanodeState (InitDatanodeState.java:persistContainerDatanodeDetails(140)) - DatanodeDetails is persisted to /workdir/hadoop-ozone/integration-test/target/test-dir/MiniOzoneClusterImpl-5cb8bac5-d0f0-4551-b9d0-b3e056facdc3/datanode-6/meta/datanode.id
2019-09-26 12:47:48,164 [main] INFO  volume.HddsVolume (HddsVolume.java:<init>(176)) - Creating Volume: /workdir/hadoop-ozone/integration-test/target/test-dir/MiniOzoneClusterImpl-5cb8bac5-d0f0-4551-b9d0-b3e056facdc3/datanode-7/data/containers/hdds of  storage type : DISK and capacity : 1482555576320
2019-09-26 12:47:48,164 [main] INFO  volume.VolumeSet (VolumeSet.java:initializeVolumeSet(170)) - Added Volume : /workdir/hadoop-ozone/integration-test/target/test-dir/MiniOzoneClusterImpl-5cb8bac5-d0f0-4551-b9d0-b3e056facdc3/datanode-7/data/containers/hdds to VolumeSet
2019-09-26 12:47:48,165 [main] INFO  volume.ThrottledAsyncChecker (ThrottledAsyncChecker.java:schedule(139)) - Scheduling a check for org.apache.hadoop.ozone.container.common.volume.HddsVolume@3743539f
2019-09-26 12:47:48,165 [main] INFO  volume.HddsVolumeChecker (HddsVolumeChecker.java:checkAllVolumes(202)) - Scheduled health check for volume org.apache.hadoop.ozone.container.common.volume.HddsVolume@3743539f
2019-09-26 12:47:48,180 [main] INFO  impl.RaftServerProxy (ConfUtils.java:logGet(43)) - raft.rpc.type = GRPC (default)
2019-09-26 12:47:48,181 [main] INFO  grpc.GrpcFactory (GrpcFactory.java:checkPooledByteBufAllocatorUseCacheForAllThreads(45)) - PERFORMANCE WARNING: useCacheForAllThreads is true that may cause Netty to create a lot garbage objects and, as a result, trigger GC.
	It is recommended to disable useCacheForAllThreads by setting -Dorg.apache.ratis.thirdparty.io.netty.allocator.useCacheForAllThreads=false in command line.
2019-09-26 12:47:48,181 [main] INFO  grpc.GrpcConfigKeys$Server (ConfUtils.java:logGet(43)) - raft.grpc.server.port = 0 (default)
2019-09-26 12:47:48,181 [main] INFO  server.GrpcService (ConfUtils.java:logGet(43)) - raft.grpc.message.size.max = 33570816 (custom)
2019-09-26 12:47:48,181 [main] INFO  server.RaftServerConfigKeys (ConfUtils.java:logGet(43)) - raft.server.log.appender.buffer.byte-limit = 33554432 (custom)
2019-09-26 12:47:48,182 [main] INFO  server.GrpcService (ConfUtils.java:logGet(43)) - raft.grpc.flow.control.window = 1MB (=1048576) (default)
2019-09-26 12:47:48,182 [main] INFO  server.RaftServerConfigKeys (ConfUtils.java:logGet(43)) - raft.server.rpc.request.timeout = 3000ms (default)
2019-09-26 12:47:48,182 [main] INFO  server.RaftServerConfigKeys (ConfUtils.java:logGet(43)) - raft.server.storage.dir = [/workdir/hadoop-ozone/integration-test/target/test-dir/MiniOzoneClusterImpl-5cb8bac5-d0f0-4551-b9d0-b3e056facdc3/datanode-7/data/ratis] (custom)
2019-09-26 12:47:48,184 [main] INFO  hdfs.DFSUtil (DFSUtil.java:httpServerTemplateForNNAndJN(1641)) - Starting Web-server for hddsDatanode at: http://0.0.0.0:0
2019-09-26 12:47:48,186 [main] INFO  server.AuthenticationFilter (AuthenticationFilter.java:constructSecretProvider(240)) - Unable to initialize FileSignerSecretProvider, falling back to use random secrets.
2019-09-26 12:47:48,186 [main] WARN  http.HttpRequestLog (HttpRequestLog.java:getRequestLog(97)) - Jetty request log can only be enabled using Log4j
2019-09-26 12:47:48,188 [main] INFO  http.HttpServer2 (HttpServer2.java:addGlobalFilter(975)) - Added global filter 'safety' (class=org.apache.hadoop.http.HttpServer2$QuotingInputFilter)
2019-09-26 12:47:48,188 [main] INFO  http.HttpServer2 (HttpServer2.java:addFilter(948)) - Added filter static_user_filter (class=org.apache.hadoop.http.lib.StaticUserWebFilter$StaticUserFilter) to context hddsDatanode
2019-09-26 12:47:48,189 [main] INFO  http.HttpServer2 (HttpServer2.java:addFilter(958)) - Added filter static_user_filter (class=org.apache.hadoop.http.lib.StaticUserWebFilter$StaticUserFilter) to context logs
2019-09-26 12:47:48,189 [main] INFO  http.HttpServer2 (HttpServer2.java:addFilter(958)) - Added filter static_user_filter (class=org.apache.hadoop.http.lib.StaticUserWebFilter$StaticUserFilter) to context static
2019-09-26 12:47:48,189 [main] INFO  http.HttpServer2 (HttpServer2.java:bindListener(1191)) - Jetty bound to port 37083
2019-09-26 12:47:48,190 [main] INFO  server.Server (Server.java:doStart(351)) - jetty-9.3.25.v20180904, build timestamp: 2018-09-04T21:11:46Z, git hash: 3ce520221d0240229c862b122d2b06c12a625732
2019-09-26 12:47:48,191 [main] INFO  handler.ContextHandler (ContextHandler.java:doStart(781)) - Started o.e.j.s.ServletContextHandler@19a64eae{/logs,file:///workdir/hadoop-ozone/integration-test/target/log,AVAILABLE}
2019-09-26 12:47:48,192 [main] INFO  handler.ContextHandler (ContextHandler.java:doStart(781)) - Started o.e.j.s.ServletContextHandler@2da3b078{/static,jar:file:/home/user/.m2/repository/org/apache/hadoop/hadoop-hdds-container-service/0.5.0-SNAPSHOT/hadoop-hdds-container-service-0.5.0-SNAPSHOT.jar!/webapps/static,AVAILABLE}
2019-09-26 12:47:48,221 [main] INFO  handler.ContextHandler (ContextHandler.java:doStart(781)) - Started o.e.j.w.WebAppContext@56cfe111{/,file:///tmp/jetty-0.0.0.0-37083-hddsDatanode-_-any-109377507442565343.dir/webapp/,AVAILABLE}{/hddsDatanode}
2019-09-26 12:47:48,221 [main] INFO  server.AbstractConnector (AbstractConnector.java:doStart(278)) - Started ServerConnector@7e446d92{HTTP/1.1,[http/1.1]}{0.0.0.0:37083}
2019-09-26 12:47:48,223 [main] INFO  server.Server (Server.java:doStart(419)) - Started @5978ms
2019-09-26 12:47:48,223 [main] WARN  impl.MetricsSystemImpl (MetricsSystemImpl.java:register(276)) - Sink prometheus already exists!
2019-09-26 12:47:48,223 [main] INFO  server.BaseHttpServer (BaseHttpServer.java:updateConnectorAddress(215)) - HTTP server of HDDSDATANODE is listening at http://0.0.0.0:37083
2019-09-26 12:47:48,224 [main] INFO  impl.MetricsSystemImpl (MetricsSystemImpl.java:init(158)) - HddsDatanode metrics system started (again)
2019-09-26 12:47:48,228 [org.apache.hadoop.util.JvmPauseMonitor$Monitor@2a39a16d] INFO  util.JvmPauseMonitor (JvmPauseMonitor.java:run(188)) - Starting JVM pause monitor
2019-09-26 12:47:48,229 [main] INFO  ozone.HddsDatanodeService (HddsDatanodeService.java:start(184)) - HddsDatanodeService host:pr-hdds-1569-87zkn-1081879488 ip:192.168.164.238
2019-09-26 12:47:48,231 [Datanode State Machine Thread - 0] INFO  datanode.InitDatanodeState (InitDatanodeState.java:persistContainerDatanodeDetails(140)) - DatanodeDetails is persisted to /workdir/hadoop-ozone/integration-test/target/test-dir/MiniOzoneClusterImpl-5cb8bac5-d0f0-4551-b9d0-b3e056facdc3/datanode-7/meta/datanode.id
2019-09-26 12:47:48,237 [main] INFO  volume.HddsVolume (HddsVolume.java:<init>(176)) - Creating Volume: /workdir/hadoop-ozone/integration-test/target/test-dir/MiniOzoneClusterImpl-5cb8bac5-d0f0-4551-b9d0-b3e056facdc3/datanode-8/data/containers/hdds of  storage type : DISK and capacity : 1482555576320
2019-09-26 12:47:48,237 [main] INFO  volume.VolumeSet (VolumeSet.java:initializeVolumeSet(170)) - Added Volume : /workdir/hadoop-ozone/integration-test/target/test-dir/MiniOzoneClusterImpl-5cb8bac5-d0f0-4551-b9d0-b3e056facdc3/datanode-8/data/containers/hdds to VolumeSet
2019-09-26 12:47:48,238 [main] INFO  volume.ThrottledAsyncChecker (ThrottledAsyncChecker.java:schedule(139)) - Scheduling a check for org.apache.hadoop.ozone.container.common.volume.HddsVolume@94e51e8
2019-09-26 12:47:48,238 [main] INFO  volume.HddsVolumeChecker (HddsVolumeChecker.java:checkAllVolumes(202)) - Scheduled health check for volume org.apache.hadoop.ozone.container.common.volume.HddsVolume@94e51e8
2019-09-26 12:47:48,254 [main] INFO  impl.RaftServerProxy (ConfUtils.java:logGet(43)) - raft.rpc.type = GRPC (default)
2019-09-26 12:47:48,254 [main] INFO  grpc.GrpcFactory (GrpcFactory.java:checkPooledByteBufAllocatorUseCacheForAllThreads(45)) - PERFORMANCE WARNING: useCacheForAllThreads is true that may cause Netty to create a lot garbage objects and, as a result, trigger GC.
	It is recommended to disable useCacheForAllThreads by setting -Dorg.apache.ratis.thirdparty.io.netty.allocator.useCacheForAllThreads=false in command line.
2019-09-26 12:47:48,254 [main] INFO  grpc.GrpcConfigKeys$Server (ConfUtils.java:logGet(43)) - raft.grpc.server.port = 0 (default)
2019-09-26 12:47:48,254 [main] INFO  server.GrpcService (ConfUtils.java:logGet(43)) - raft.grpc.message.size.max = 33570816 (custom)
2019-09-26 12:47:48,255 [main] INFO  server.RaftServerConfigKeys (ConfUtils.java:logGet(43)) - raft.server.log.appender.buffer.byte-limit = 33554432 (custom)
2019-09-26 12:47:48,255 [main] INFO  server.GrpcService (ConfUtils.java:logGet(43)) - raft.grpc.flow.control.window = 1MB (=1048576) (default)
2019-09-26 12:47:48,255 [main] INFO  server.RaftServerConfigKeys (ConfUtils.java:logGet(43)) - raft.server.rpc.request.timeout = 3000ms (default)
2019-09-26 12:47:48,256 [main] INFO  server.RaftServerConfigKeys (ConfUtils.java:logGet(43)) - raft.server.storage.dir = [/workdir/hadoop-ozone/integration-test/target/test-dir/MiniOzoneClusterImpl-5cb8bac5-d0f0-4551-b9d0-b3e056facdc3/datanode-8/data/ratis] (custom)
2019-09-26 12:47:48,257 [main] INFO  hdfs.DFSUtil (DFSUtil.java:httpServerTemplateForNNAndJN(1641)) - Starting Web-server for hddsDatanode at: http://0.0.0.0:0
2019-09-26 12:47:48,259 [main] INFO  server.AuthenticationFilter (AuthenticationFilter.java:constructSecretProvider(240)) - Unable to initialize FileSignerSecretProvider, falling back to use random secrets.
2019-09-26 12:47:48,259 [main] WARN  http.HttpRequestLog (HttpRequestLog.java:getRequestLog(97)) - Jetty request log can only be enabled using Log4j
2019-09-26 12:47:48,261 [main] INFO  http.HttpServer2 (HttpServer2.java:addGlobalFilter(975)) - Added global filter 'safety' (class=org.apache.hadoop.http.HttpServer2$QuotingInputFilter)
2019-09-26 12:47:48,261 [main] INFO  http.HttpServer2 (HttpServer2.java:addFilter(948)) - Added filter static_user_filter (class=org.apache.hadoop.http.lib.StaticUserWebFilter$StaticUserFilter) to context hddsDatanode
2019-09-26 12:47:48,261 [main] INFO  http.HttpServer2 (HttpServer2.java:addFilter(958)) - Added filter static_user_filter (class=org.apache.hadoop.http.lib.StaticUserWebFilter$StaticUserFilter) to context static
2019-09-26 12:47:48,262 [main] INFO  http.HttpServer2 (HttpServer2.java:addFilter(958)) - Added filter static_user_filter (class=org.apache.hadoop.http.lib.StaticUserWebFilter$StaticUserFilter) to context logs
2019-09-26 12:47:48,262 [main] INFO  http.HttpServer2 (HttpServer2.java:bindListener(1191)) - Jetty bound to port 36182
2019-09-26 12:47:48,263 [main] INFO  server.Server (Server.java:doStart(351)) - jetty-9.3.25.v20180904, build timestamp: 2018-09-04T21:11:46Z, git hash: 3ce520221d0240229c862b122d2b06c12a625732
2019-09-26 12:47:48,264 [main] INFO  handler.ContextHandler (ContextHandler.java:doStart(781)) - Started o.e.j.s.ServletContextHandler@6fa0450e{/logs,file:///workdir/hadoop-ozone/integration-test/target/log,AVAILABLE}
2019-09-26 12:47:48,265 [main] INFO  handler.ContextHandler (ContextHandler.java:doStart(781)) - Started o.e.j.s.ServletContextHandler@51ec2856{/static,jar:file:/home/user/.m2/repository/org/apache/hadoop/hadoop-hdds-container-service/0.5.0-SNAPSHOT/hadoop-hdds-container-service-0.5.0-SNAPSHOT.jar!/webapps/static,AVAILABLE}
2019-09-26 12:47:48,293 [main] INFO  handler.ContextHandler (ContextHandler.java:doStart(781)) - Started o.e.j.w.WebAppContext@48a0c8aa{/,file:///tmp/jetty-0.0.0.0-36182-hddsDatanode-_-any-771180857163187596.dir/webapp/,AVAILABLE}{/hddsDatanode}
2019-09-26 12:47:48,294 [main] INFO  server.AbstractConnector (AbstractConnector.java:doStart(278)) - Started ServerConnector@6192a5d5{HTTP/1.1,[http/1.1]}{0.0.0.0:36182}
2019-09-26 12:47:48,295 [main] INFO  server.Server (Server.java:doStart(419)) - Started @6050ms
2019-09-26 12:47:48,295 [main] WARN  impl.MetricsSystemImpl (MetricsSystemImpl.java:register(276)) - Sink prometheus already exists!
2019-09-26 12:47:48,296 [main] INFO  server.BaseHttpServer (BaseHttpServer.java:updateConnectorAddress(215)) - HTTP server of HDDSDATANODE is listening at http://0.0.0.0:36182
2019-09-26 12:47:48,296 [main] INFO  impl.MetricsSystemImpl (MetricsSystemImpl.java:init(158)) - HddsDatanode metrics system started (again)
2019-09-26 12:47:48,301 [org.apache.hadoop.util.JvmPauseMonitor$Monitor@5e9885ba] INFO  util.JvmPauseMonitor (JvmPauseMonitor.java:run(188)) - Starting JVM pause monitor
2019-09-26 12:47:48,302 [main] INFO  ozone.HddsDatanodeService (HddsDatanodeService.java:start(184)) - HddsDatanodeService host:pr-hdds-1569-87zkn-1081879488 ip:192.168.164.238
2019-09-26 12:47:48,304 [Datanode State Machine Thread - 0] INFO  datanode.InitDatanodeState (InitDatanodeState.java:persistContainerDatanodeDetails(140)) - DatanodeDetails is persisted to /workdir/hadoop-ozone/integration-test/target/test-dir/MiniOzoneClusterImpl-5cb8bac5-d0f0-4551-b9d0-b3e056facdc3/datanode-8/meta/datanode.id
2019-09-26 12:47:48,309 [main] INFO  volume.HddsVolume (HddsVolume.java:<init>(176)) - Creating Volume: /workdir/hadoop-ozone/integration-test/target/test-dir/MiniOzoneClusterImpl-5cb8bac5-d0f0-4551-b9d0-b3e056facdc3/datanode-9/data/containers/hdds of  storage type : DISK and capacity : 1482555576320
2019-09-26 12:47:48,310 [main] INFO  volume.VolumeSet (VolumeSet.java:initializeVolumeSet(170)) - Added Volume : /workdir/hadoop-ozone/integration-test/target/test-dir/MiniOzoneClusterImpl-5cb8bac5-d0f0-4551-b9d0-b3e056facdc3/datanode-9/data/containers/hdds to VolumeSet
2019-09-26 12:47:48,310 [main] INFO  volume.ThrottledAsyncChecker (ThrottledAsyncChecker.java:schedule(139)) - Scheduling a check for org.apache.hadoop.ozone.container.common.volume.HddsVolume@77865933
2019-09-26 12:47:48,310 [main] INFO  volume.HddsVolumeChecker (HddsVolumeChecker.java:checkAllVolumes(202)) - Scheduled health check for volume org.apache.hadoop.ozone.container.common.volume.HddsVolume@77865933
2019-09-26 12:47:48,325 [main] INFO  impl.RaftServerProxy (ConfUtils.java:logGet(43)) - raft.rpc.type = GRPC (default)
2019-09-26 12:47:48,326 [main] INFO  grpc.GrpcFactory (GrpcFactory.java:checkPooledByteBufAllocatorUseCacheForAllThreads(45)) - PERFORMANCE WARNING: useCacheForAllThreads is true that may cause Netty to create a lot garbage objects and, as a result, trigger GC.
	It is recommended to disable useCacheForAllThreads by setting -Dorg.apache.ratis.thirdparty.io.netty.allocator.useCacheForAllThreads=false in command line.
2019-09-26 12:47:48,326 [main] INFO  grpc.GrpcConfigKeys$Server (ConfUtils.java:logGet(43)) - raft.grpc.server.port = 0 (default)
2019-09-26 12:47:48,326 [main] INFO  server.GrpcService (ConfUtils.java:logGet(43)) - raft.grpc.message.size.max = 33570816 (custom)
2019-09-26 12:47:48,326 [main] INFO  server.RaftServerConfigKeys (ConfUtils.java:logGet(43)) - raft.server.log.appender.buffer.byte-limit = 33554432 (custom)
2019-09-26 12:47:48,326 [main] INFO  server.GrpcService (ConfUtils.java:logGet(43)) - raft.grpc.flow.control.window = 1MB (=1048576) (default)
2019-09-26 12:47:48,327 [main] INFO  server.RaftServerConfigKeys (ConfUtils.java:logGet(43)) - raft.server.rpc.request.timeout = 3000ms (default)
2019-09-26 12:47:48,327 [main] INFO  server.RaftServerConfigKeys (ConfUtils.java:logGet(43)) - raft.server.storage.dir = [/workdir/hadoop-ozone/integration-test/target/test-dir/MiniOzoneClusterImpl-5cb8bac5-d0f0-4551-b9d0-b3e056facdc3/datanode-9/data/ratis] (custom)
2019-09-26 12:47:48,329 [main] INFO  hdfs.DFSUtil (DFSUtil.java:httpServerTemplateForNNAndJN(1641)) - Starting Web-server for hddsDatanode at: http://0.0.0.0:0
2019-09-26 12:47:48,330 [main] INFO  server.AuthenticationFilter (AuthenticationFilter.java:constructSecretProvider(240)) - Unable to initialize FileSignerSecretProvider, falling back to use random secrets.
2019-09-26 12:47:48,330 [main] WARN  http.HttpRequestLog (HttpRequestLog.java:getRequestLog(97)) - Jetty request log can only be enabled using Log4j
2019-09-26 12:47:48,332 [main] INFO  http.HttpServer2 (HttpServer2.java:addGlobalFilter(975)) - Added global filter 'safety' (class=org.apache.hadoop.http.HttpServer2$QuotingInputFilter)
2019-09-26 12:47:48,332 [main] INFO  http.HttpServer2 (HttpServer2.java:addFilter(948)) - Added filter static_user_filter (class=org.apache.hadoop.http.lib.StaticUserWebFilter$StaticUserFilter) to context hddsDatanode
2019-09-26 12:47:48,333 [main] INFO  http.HttpServer2 (HttpServer2.java:addFilter(958)) - Added filter static_user_filter (class=org.apache.hadoop.http.lib.StaticUserWebFilter$StaticUserFilter) to context logs
2019-09-26 12:47:48,333 [main] INFO  http.HttpServer2 (HttpServer2.java:addFilter(958)) - Added filter static_user_filter (class=org.apache.hadoop.http.lib.StaticUserWebFilter$StaticUserFilter) to context static
2019-09-26 12:47:48,333 [main] INFO  http.HttpServer2 (HttpServer2.java:bindListener(1191)) - Jetty bound to port 42499
2019-09-26 12:47:48,334 [main] INFO  server.Server (Server.java:doStart(351)) - jetty-9.3.25.v20180904, build timestamp: 2018-09-04T21:11:46Z, git hash: 3ce520221d0240229c862b122d2b06c12a625732
2019-09-26 12:47:48,335 [main] INFO  handler.ContextHandler (ContextHandler.java:doStart(781)) - Started o.e.j.s.ServletContextHandler@6535117e{/logs,file:///workdir/hadoop-ozone/integration-test/target/log,AVAILABLE}
2019-09-26 12:47:48,336 [main] INFO  handler.ContextHandler (ContextHandler.java:doStart(781)) - Started o.e.j.s.ServletContextHandler@6fa13e6{/static,jar:file:/home/user/.m2/repository/org/apache/hadoop/hadoop-hdds-container-service/0.5.0-SNAPSHOT/hadoop-hdds-container-service-0.5.0-SNAPSHOT.jar!/webapps/static,AVAILABLE}
2019-09-26 12:47:48,364 [main] INFO  handler.ContextHandler (ContextHandler.java:doStart(781)) - Started o.e.j.w.WebAppContext@37045b48{/,file:///tmp/jetty-0.0.0.0-42499-hddsDatanode-_-any-7457333580483616000.dir/webapp/,AVAILABLE}{/hddsDatanode}
2019-09-26 12:47:48,365 [main] INFO  server.AbstractConnector (AbstractConnector.java:doStart(278)) - Started ServerConnector@60b34931{HTTP/1.1,[http/1.1]}{0.0.0.0:42499}
2019-09-26 12:47:48,366 [main] INFO  server.Server (Server.java:doStart(419)) - Started @6121ms
2019-09-26 12:47:48,366 [main] WARN  impl.MetricsSystemImpl (MetricsSystemImpl.java:register(276)) - Sink prometheus already exists!
2019-09-26 12:47:48,366 [main] INFO  server.BaseHttpServer (BaseHttpServer.java:updateConnectorAddress(215)) - HTTP server of HDDSDATANODE is listening at http://0.0.0.0:42499
2019-09-26 12:47:48,371 [main] INFO  ozone.MiniOzoneClusterImpl (MiniOzoneClusterImpl.java:lambda$waitForClusterToBeReady$0(147)) - Waiting for cluster to be ready. Got 0 of 10 DN Heartbeats.
2019-09-26 12:47:48,372 [org.apache.hadoop.util.JvmPauseMonitor$Monitor@18b62058] INFO  util.JvmPauseMonitor (JvmPauseMonitor.java:run(188)) - Starting JVM pause monitor
2019-09-26 12:47:48,375 [Datanode State Machine Thread - 0] INFO  datanode.InitDatanodeState (InitDatanodeState.java:persistContainerDatanodeDetails(140)) - DatanodeDetails is persisted to /workdir/hadoop-ozone/integration-test/target/test-dir/MiniOzoneClusterImpl-5cb8bac5-d0f0-4551-b9d0-b3e056facdc3/datanode-9/meta/datanode.id
2019-09-26 12:47:49,372 [main] INFO  ozone.MiniOzoneClusterImpl (MiniOzoneClusterImpl.java:lambda$waitForClusterToBeReady$0(147)) - Waiting for cluster to be ready. Got 0 of 10 DN Heartbeats.
2019-09-26 12:47:49,742 [Datanode State Machine Thread - 0] INFO  ozoneimpl.OzoneContainer (OzoneContainer.java:start(217)) - Attempting to start container services.
2019-09-26 12:47:49,743 [Datanode State Machine Thread - 0] INFO  ozoneimpl.OzoneContainer (OzoneContainer.java:start(217)) - Attempting to start container services.
2019-09-26 12:47:49,744 [Datanode State Machine Thread - 0] INFO  ozoneimpl.OzoneContainer (OzoneContainer.java:startContainerScrub(179)) - Background container scanner has been disabled.
2019-09-26 12:47:49,747 [Datanode State Machine Thread - 0] INFO  ratis.XceiverServerRatis (XceiverServerRatis.java:start(411)) - Starting XceiverServerRatis b09b7271-c85a-4a7d-93dd-691f4cd26c16 at port 0
2019-09-26 12:47:49,749 [Datanode State Machine Thread - 0] INFO  ozoneimpl.OzoneContainer (OzoneContainer.java:startContainerScrub(179)) - Background container scanner has been disabled.
2019-09-26 12:47:49,750 [Datanode State Machine Thread - 0] INFO  ratis.XceiverServerRatis (XceiverServerRatis.java:start(411)) - Starting XceiverServerRatis 7f14b49f-15fb-4df6-892c-52360d3121e9 at port 0
2019-09-26 12:47:49,798 [Datanode State Machine Thread - 0] INFO  impl.RaftServerProxy (RaftServerProxy.java:lambda$start$3(299)) - 7f14b49f-15fb-4df6-892c-52360d3121e9: start RPC server
2019-09-26 12:47:49,798 [Datanode State Machine Thread - 0] INFO  impl.RaftServerProxy (RaftServerProxy.java:lambda$start$3(299)) - b09b7271-c85a-4a7d-93dd-691f4cd26c16: start RPC server
2019-09-26 12:47:49,823 [Datanode State Machine Thread - 0] INFO  ozoneimpl.OzoneContainer (OzoneContainer.java:start(217)) - Attempting to start container services.
2019-09-26 12:47:49,824 [Datanode State Machine Thread - 0] INFO  ozoneimpl.OzoneContainer (OzoneContainer.java:startContainerScrub(179)) - Background container scanner has been disabled.
2019-09-26 12:47:49,824 [Datanode State Machine Thread - 0] INFO  ratis.XceiverServerRatis (XceiverServerRatis.java:start(411)) - Starting XceiverServerRatis 442f14b8-64b4-4212-b9b5-a1ac78df33e2 at port 0
2019-09-26 12:47:49,845 [Datanode State Machine Thread - 0] INFO  impl.RaftServerProxy (RaftServerProxy.java:lambda$start$3(299)) - 442f14b8-64b4-4212-b9b5-a1ac78df33e2: start RPC server
2019-09-26 12:47:49,909 [Datanode State Machine Thread - 0] INFO  ozoneimpl.OzoneContainer (OzoneContainer.java:start(217)) - Attempting to start container services.
2019-09-26 12:47:49,910 [Datanode State Machine Thread - 0] INFO  ozoneimpl.OzoneContainer (OzoneContainer.java:startContainerScrub(179)) - Background container scanner has been disabled.
2019-09-26 12:47:49,911 [Datanode State Machine Thread - 0] INFO  ratis.XceiverServerRatis (XceiverServerRatis.java:start(411)) - Starting XceiverServerRatis 1f593858-be54-4a38-8f27-11510ad87306 at port 0
2019-09-26 12:47:49,919 [Datanode State Machine Thread - 0] INFO  impl.RaftServerProxy (RaftServerProxy.java:lambda$start$3(299)) - 1f593858-be54-4a38-8f27-11510ad87306: start RPC server
2019-09-26 12:47:49,985 [Datanode State Machine Thread - 0] INFO  server.GrpcService (GrpcService.java:startImpl(158)) - 7f14b49f-15fb-4df6-892c-52360d3121e9: GrpcService started, listening on 0.0.0.0/0.0.0.0:38709
2019-09-26 12:47:49,985 [Datanode State Machine Thread - 0] INFO  server.GrpcService (GrpcService.java:startImpl(158)) - b09b7271-c85a-4a7d-93dd-691f4cd26c16: GrpcService started, listening on 0.0.0.0/0.0.0.0:46583
2019-09-26 12:47:49,987 [Datanode State Machine Thread - 0] INFO  ratis.XceiverServerRatis (XceiverServerRatis.java:start(421)) - XceiverServerRatis 7f14b49f-15fb-4df6-892c-52360d3121e9 is started using port 38709
2019-09-26 12:47:49,985 [Datanode State Machine Thread - 0] INFO  server.GrpcService (GrpcService.java:startImpl(158)) - 1f593858-be54-4a38-8f27-11510ad87306: GrpcService started, listening on 0.0.0.0/0.0.0.0:35544
2019-09-26 12:47:49,985 [Datanode State Machine Thread - 0] INFO  server.GrpcService (GrpcService.java:startImpl(158)) - 442f14b8-64b4-4212-b9b5-a1ac78df33e2: GrpcService started, listening on 0.0.0.0/0.0.0.0:36401
2019-09-26 12:47:49,987 [Datanode State Machine Thread - 0] INFO  ratis.XceiverServerRatis (XceiverServerRatis.java:start(421)) - XceiverServerRatis 1f593858-be54-4a38-8f27-11510ad87306 is started using port 35544
2019-09-26 12:47:49,987 [Datanode State Machine Thread - 0] INFO  ratis.XceiverServerRatis (XceiverServerRatis.java:start(421)) - XceiverServerRatis b09b7271-c85a-4a7d-93dd-691f4cd26c16 is started using port 46583
2019-09-26 12:47:49,987 [Datanode State Machine Thread - 0] INFO  ratis.XceiverServerRatis (XceiverServerRatis.java:start(421)) - XceiverServerRatis 442f14b8-64b4-4212-b9b5-a1ac78df33e2 is started using port 36401
2019-09-26 12:47:49,998 [Datanode State Machine Thread - 0] INFO  server.XceiverServerGrpc (XceiverServerGrpc.java:start(149)) - XceiverServerGrpc 7f14b49f-15fb-4df6-892c-52360d3121e9 is started using port 36696
2019-09-26 12:47:49,998 [Datanode State Machine Thread - 0] INFO  server.XceiverServerGrpc (XceiverServerGrpc.java:start(149)) - XceiverServerGrpc 442f14b8-64b4-4212-b9b5-a1ac78df33e2 is started using port 42600
2019-09-26 12:47:50,000 [Datanode State Machine Thread - 0] INFO  server.XceiverServerGrpc (XceiverServerGrpc.java:start(149)) - XceiverServerGrpc b09b7271-c85a-4a7d-93dd-691f4cd26c16 is started using port 34904
2019-09-26 12:47:49,998 [Datanode State Machine Thread - 0] INFO  server.XceiverServerGrpc (XceiverServerGrpc.java:start(149)) - XceiverServerGrpc 1f593858-be54-4a38-8f27-11510ad87306 is started using port 34568
2019-09-26 12:47:50,026 [Datanode State Machine Thread - 0] INFO  ozoneimpl.OzoneContainer (OzoneContainer.java:start(217)) - Attempting to start container services.
2019-09-26 12:47:50,026 [Datanode State Machine Thread - 0] INFO  ozoneimpl.OzoneContainer (OzoneContainer.java:startContainerScrub(179)) - Background container scanner has been disabled.
2019-09-26 12:47:50,026 [Datanode State Machine Thread - 0] INFO  ratis.XceiverServerRatis (XceiverServerRatis.java:start(411)) - Starting XceiverServerRatis 34dea9fc-3ffa-40f3-af9d-53d465a1b9d7 at port 0
2019-09-26 12:47:50,033 [Datanode State Machine Thread - 0] INFO  impl.RaftServerProxy (RaftServerProxy.java:lambda$start$3(299)) - 34dea9fc-3ffa-40f3-af9d-53d465a1b9d7: start RPC server
2019-09-26 12:47:50,036 [Datanode State Machine Thread - 0] INFO  server.GrpcService (GrpcService.java:startImpl(158)) - 34dea9fc-3ffa-40f3-af9d-53d465a1b9d7: GrpcService started, listening on 0.0.0.0/0.0.0.0:42949
2019-09-26 12:47:50,036 [Datanode State Machine Thread - 0] INFO  ratis.XceiverServerRatis (XceiverServerRatis.java:start(421)) - XceiverServerRatis 34dea9fc-3ffa-40f3-af9d-53d465a1b9d7 is started using port 42949
2019-09-26 12:47:50,040 [Datanode State Machine Thread - 0] INFO  server.XceiverServerGrpc (XceiverServerGrpc.java:start(149)) - XceiverServerGrpc 34dea9fc-3ffa-40f3-af9d-53d465a1b9d7 is started using port 39376
2019-09-26 12:47:50,099 [Datanode State Machine Thread - 0] INFO  ozoneimpl.OzoneContainer (OzoneContainer.java:start(217)) - Attempting to start container services.
2019-09-26 12:47:50,100 [Datanode State Machine Thread - 0] INFO  ozoneimpl.OzoneContainer (OzoneContainer.java:startContainerScrub(179)) - Background container scanner has been disabled.
2019-09-26 12:47:50,100 [Datanode State Machine Thread - 0] INFO  ratis.XceiverServerRatis (XceiverServerRatis.java:start(411)) - Starting XceiverServerRatis 22777fa1-7b60-428b-91a4-e681f8adba43 at port 0
2019-09-26 12:47:50,107 [Datanode State Machine Thread - 0] INFO  impl.RaftServerProxy (RaftServerProxy.java:lambda$start$3(299)) - 22777fa1-7b60-428b-91a4-e681f8adba43: start RPC server
2019-09-26 12:47:50,111 [Datanode State Machine Thread - 0] INFO  server.GrpcService (GrpcService.java:startImpl(158)) - 22777fa1-7b60-428b-91a4-e681f8adba43: GrpcService started, listening on 0.0.0.0/0.0.0.0:37397
2019-09-26 12:47:50,111 [Datanode State Machine Thread - 0] INFO  ratis.XceiverServerRatis (XceiverServerRatis.java:start(421)) - XceiverServerRatis 22777fa1-7b60-428b-91a4-e681f8adba43 is started using port 37397
2019-09-26 12:47:50,115 [Datanode State Machine Thread - 0] INFO  server.XceiverServerGrpc (XceiverServerGrpc.java:start(149)) - XceiverServerGrpc 22777fa1-7b60-428b-91a4-e681f8adba43 is started using port 42129
2019-09-26 12:47:50,170 [Datanode State Machine Thread - 0] INFO  ozoneimpl.OzoneContainer (OzoneContainer.java:start(217)) - Attempting to start container services.
2019-09-26 12:47:50,171 [Datanode State Machine Thread - 0] INFO  ozoneimpl.OzoneContainer (OzoneContainer.java:startContainerScrub(179)) - Background container scanner has been disabled.
2019-09-26 12:47:50,171 [Datanode State Machine Thread - 0] INFO  ratis.XceiverServerRatis (XceiverServerRatis.java:start(411)) - Starting XceiverServerRatis 2f26360f-713d-4798-931d-49dc5cf4b129 at port 0
2019-09-26 12:47:50,181 [Datanode State Machine Thread - 0] INFO  impl.RaftServerProxy (RaftServerProxy.java:lambda$start$3(299)) - 2f26360f-713d-4798-931d-49dc5cf4b129: start RPC server
2019-09-26 12:47:50,187 [Datanode State Machine Thread - 0] INFO  server.GrpcService (GrpcService.java:startImpl(158)) - 2f26360f-713d-4798-931d-49dc5cf4b129: GrpcService started, listening on 0.0.0.0/0.0.0.0:38857
2019-09-26 12:47:50,187 [Datanode State Machine Thread - 0] INFO  ratis.XceiverServerRatis (XceiverServerRatis.java:start(421)) - XceiverServerRatis 2f26360f-713d-4798-931d-49dc5cf4b129 is started using port 38857
2019-09-26 12:47:50,193 [Datanode State Machine Thread - 0] INFO  server.XceiverServerGrpc (XceiverServerGrpc.java:start(149)) - XceiverServerGrpc 2f26360f-713d-4798-931d-49dc5cf4b129 is started using port 45371
2019-09-26 12:47:50,245 [Datanode State Machine Thread - 0] INFO  ozoneimpl.OzoneContainer (OzoneContainer.java:start(217)) - Attempting to start container services.
2019-09-26 12:47:50,245 [Datanode State Machine Thread - 0] INFO  ozoneimpl.OzoneContainer (OzoneContainer.java:startContainerScrub(179)) - Background container scanner has been disabled.
2019-09-26 12:47:50,245 [Datanode State Machine Thread - 0] INFO  ratis.XceiverServerRatis (XceiverServerRatis.java:start(411)) - Starting XceiverServerRatis ee405521-39f0-4e35-96b7-0f3eb4cba198 at port 0
2019-09-26 12:47:50,253 [Datanode State Machine Thread - 0] INFO  impl.RaftServerProxy (RaftServerProxy.java:lambda$start$3(299)) - ee405521-39f0-4e35-96b7-0f3eb4cba198: start RPC server
2019-09-26 12:47:50,258 [Datanode State Machine Thread - 0] INFO  server.GrpcService (GrpcService.java:startImpl(158)) - ee405521-39f0-4e35-96b7-0f3eb4cba198: GrpcService started, listening on 0.0.0.0/0.0.0.0:41045
2019-09-26 12:47:50,259 [Datanode State Machine Thread - 0] INFO  ratis.XceiverServerRatis (XceiverServerRatis.java:start(421)) - XceiverServerRatis ee405521-39f0-4e35-96b7-0f3eb4cba198 is started using port 41045
2019-09-26 12:47:50,264 [Datanode State Machine Thread - 0] INFO  server.XceiverServerGrpc (XceiverServerGrpc.java:start(149)) - XceiverServerGrpc ee405521-39f0-4e35-96b7-0f3eb4cba198 is started using port 43980
2019-09-26 12:47:50,332 [Datanode State Machine Thread - 0] INFO  ozoneimpl.OzoneContainer (OzoneContainer.java:start(217)) - Attempting to start container services.
2019-09-26 12:47:50,333 [Datanode State Machine Thread - 0] INFO  ozoneimpl.OzoneContainer (OzoneContainer.java:startContainerScrub(179)) - Background container scanner has been disabled.
2019-09-26 12:47:50,333 [Datanode State Machine Thread - 0] INFO  ratis.XceiverServerRatis (XceiverServerRatis.java:start(411)) - Starting XceiverServerRatis c217791a-6f2b-404e-8fdd-7bf246bea5f5 at port 0
2019-09-26 12:47:50,341 [Datanode State Machine Thread - 0] INFO  impl.RaftServerProxy (RaftServerProxy.java:lambda$start$3(299)) - c217791a-6f2b-404e-8fdd-7bf246bea5f5: start RPC server
2019-09-26 12:47:50,346 [Datanode State Machine Thread - 0] INFO  server.GrpcService (GrpcService.java:startImpl(158)) - c217791a-6f2b-404e-8fdd-7bf246bea5f5: GrpcService started, listening on 0.0.0.0/0.0.0.0:45154
2019-09-26 12:47:50,346 [Datanode State Machine Thread - 0] INFO  ratis.XceiverServerRatis (XceiverServerRatis.java:start(421)) - XceiverServerRatis c217791a-6f2b-404e-8fdd-7bf246bea5f5 is started using port 45154
2019-09-26 12:47:50,351 [Datanode State Machine Thread - 0] INFO  server.XceiverServerGrpc (XceiverServerGrpc.java:start(149)) - XceiverServerGrpc c217791a-6f2b-404e-8fdd-7bf246bea5f5 is started using port 37884
2019-09-26 12:47:50,374 [main] INFO  ozone.MiniOzoneClusterImpl (MiniOzoneClusterImpl.java:lambda$waitForClusterToBeReady$0(147)) - Waiting for cluster to be ready. Got 0 of 10 DN Heartbeats.
2019-09-26 12:47:50,388 [Datanode State Machine Thread - 0] INFO  ozoneimpl.OzoneContainer (OzoneContainer.java:start(217)) - Attempting to start container services.
2019-09-26 12:47:50,389 [Datanode State Machine Thread - 0] INFO  ozoneimpl.OzoneContainer (OzoneContainer.java:startContainerScrub(179)) - Background container scanner has been disabled.
2019-09-26 12:47:50,389 [Datanode State Machine Thread - 0] INFO  ratis.XceiverServerRatis (XceiverServerRatis.java:start(411)) - Starting XceiverServerRatis 93b6de49-ccf6-423c-87d1-581fa32d2ae4 at port 0
2019-09-26 12:47:50,399 [Datanode State Machine Thread - 0] INFO  impl.RaftServerProxy (RaftServerProxy.java:lambda$start$3(299)) - 93b6de49-ccf6-423c-87d1-581fa32d2ae4: start RPC server
2019-09-26 12:47:50,413 [Datanode State Machine Thread - 0] INFO  server.GrpcService (GrpcService.java:startImpl(158)) - 93b6de49-ccf6-423c-87d1-581fa32d2ae4: GrpcService started, listening on 0.0.0.0/0.0.0.0:41044
2019-09-26 12:47:50,413 [Datanode State Machine Thread - 0] INFO  ratis.XceiverServerRatis (XceiverServerRatis.java:start(421)) - XceiverServerRatis 93b6de49-ccf6-423c-87d1-581fa32d2ae4 is started using port 41044
2019-09-26 12:47:50,432 [Datanode State Machine Thread - 0] INFO  server.XceiverServerGrpc (XceiverServerGrpc.java:start(149)) - XceiverServerGrpc 93b6de49-ccf6-423c-87d1-581fa32d2ae4 is started using port 36462
2019-09-26 12:47:51,375 [main] INFO  ozone.MiniOzoneClusterImpl (MiniOzoneClusterImpl.java:lambda$waitForClusterToBeReady$0(147)) - Waiting for cluster to be ready. Got 0 of 10 DN Heartbeats.
2019-09-26 12:47:51,693 [IPC Server handler 6 on 45534] INFO  net.NetworkTopology (NetworkTopologyImpl.java:add(111)) - Added a new node: /default-rack/b09b7271-c85a-4a7d-93dd-691f4cd26c16
2019-09-26 12:47:51,694 [IPC Server handler 6 on 45534] INFO  node.SCMNodeManager (SCMNodeManager.java:register(266)) - Registered Data node : b09b7271-c85a-4a7d-93dd-691f4cd26c16{ip: 192.168.164.238, host: pr-hdds-1569-87zkn-1081879488, networkLocation: /default-rack, certSerialId: null}
2019-09-26 12:47:51,701 [EventQueue-NodeRegistrationContainerReportForDataNodeSafeModeRule] INFO  safemode.SCMSafeModeManager (DataNodeSafeModeRule.java:process(71)) - SCM in safe mode. 1 DataNodes registered, 1 required.
2019-09-26 12:47:51,702 [EventQueue-NodeRegistrationContainerReportForDataNodeSafeModeRule] INFO  safemode.SCMSafeModeManager (SCMSafeModeManager.java:validateSafeModeExitRules(177)) - ScmSafeModeManager, all rules are successfully validated
2019-09-26 12:47:51,702 [EventQueue-NodeRegistrationContainerReportForDataNodeSafeModeRule] INFO  safemode.SCMSafeModeManager (SCMSafeModeManager.java:exitSafeMode(193)) - SCM exiting safe mode.
2019-09-26 12:47:51,729 [IPC Server handler 5 on 45534] INFO  net.NetworkTopology (NetworkTopologyImpl.java:add(111)) - Added a new node: /default-rack/7f14b49f-15fb-4df6-892c-52360d3121e9
2019-09-26 12:47:51,730 [IPC Server handler 5 on 45534] INFO  node.SCMNodeManager (SCMNodeManager.java:register(266)) - Registered Data node : 7f14b49f-15fb-4df6-892c-52360d3121e9{ip: 192.168.164.238, host: pr-hdds-1569-87zkn-1081879488, networkLocation: /default-rack, certSerialId: null}
2019-09-26 12:47:51,814 [IPC Server handler 8 on 45534] INFO  net.NetworkTopology (NetworkTopologyImpl.java:add(111)) - Added a new node: /default-rack/442f14b8-64b4-4212-b9b5-a1ac78df33e2
2019-09-26 12:47:51,814 [IPC Server handler 8 on 45534] INFO  node.SCMNodeManager (SCMNodeManager.java:register(266)) - Registered Data node : 442f14b8-64b4-4212-b9b5-a1ac78df33e2{ip: 192.168.164.238, host: pr-hdds-1569-87zkn-1081879488, networkLocation: /default-rack, certSerialId: null}
2019-09-26 12:47:51,895 [IPC Server handler 9 on 45534] INFO  net.NetworkTopology (NetworkTopologyImpl.java:add(111)) - Added a new node: /default-rack/1f593858-be54-4a38-8f27-11510ad87306
2019-09-26 12:47:51,895 [IPC Server handler 9 on 45534] INFO  node.SCMNodeManager (SCMNodeManager.java:register(266)) - Registered Data node : 1f593858-be54-4a38-8f27-11510ad87306{ip: 192.168.164.238, host: pr-hdds-1569-87zkn-1081879488, networkLocation: /default-rack, certSerialId: null}
2019-09-26 12:47:51,994 [IPC Server handler 7 on 45534] INFO  net.NetworkTopology (NetworkTopologyImpl.java:add(111)) - Added a new node: /default-rack/34dea9fc-3ffa-40f3-af9d-53d465a1b9d7
2019-09-26 12:47:51,995 [IPC Server handler 7 on 45534] INFO  node.SCMNodeManager (SCMNodeManager.java:register(266)) - Registered Data node : 34dea9fc-3ffa-40f3-af9d-53d465a1b9d7{ip: 192.168.164.238, host: pr-hdds-1569-87zkn-1081879488, networkLocation: /default-rack, certSerialId: null}
2019-09-26 12:47:52,088 [IPC Server handler 1 on 45534] INFO  net.NetworkTopology (NetworkTopologyImpl.java:add(111)) - Added a new node: /default-rack/22777fa1-7b60-428b-91a4-e681f8adba43
2019-09-26 12:47:52,089 [IPC Server handler 1 on 45534] INFO  node.SCMNodeManager (SCMNodeManager.java:register(266)) - Registered Data node : 22777fa1-7b60-428b-91a4-e681f8adba43{ip: 192.168.164.238, host: pr-hdds-1569-87zkn-1081879488, networkLocation: /default-rack, certSerialId: null}
2019-09-26 12:47:52,177 [IPC Server handler 2 on 45534] INFO  net.NetworkTopology (NetworkTopologyImpl.java:add(111)) - Added a new node: /default-rack/2f26360f-713d-4798-931d-49dc5cf4b129
2019-09-26 12:47:52,177 [IPC Server handler 2 on 45534] INFO  node.SCMNodeManager (SCMNodeManager.java:register(266)) - Registered Data node : 2f26360f-713d-4798-931d-49dc5cf4b129{ip: 192.168.164.238, host: pr-hdds-1569-87zkn-1081879488, networkLocation: /default-rack, certSerialId: null}
2019-09-26 12:47:52,233 [IPC Server handler 3 on 45534] INFO  net.NetworkTopology (NetworkTopologyImpl.java:add(111)) - Added a new node: /default-rack/ee405521-39f0-4e35-96b7-0f3eb4cba198
2019-09-26 12:47:52,233 [IPC Server handler 3 on 45534] INFO  node.SCMNodeManager (SCMNodeManager.java:register(266)) - Registered Data node : ee405521-39f0-4e35-96b7-0f3eb4cba198{ip: 192.168.164.238, host: pr-hdds-1569-87zkn-1081879488, networkLocation: /default-rack, certSerialId: null}
2019-09-26 12:47:52,311 [IPC Server handler 4 on 45534] INFO  net.NetworkTopology (NetworkTopologyImpl.java:add(111)) - Added a new node: /default-rack/c217791a-6f2b-404e-8fdd-7bf246bea5f5
2019-09-26 12:47:52,311 [IPC Server handler 4 on 45534] INFO  node.SCMNodeManager (SCMNodeManager.java:register(266)) - Registered Data node : c217791a-6f2b-404e-8fdd-7bf246bea5f5{ip: 192.168.164.238, host: pr-hdds-1569-87zkn-1081879488, networkLocation: /default-rack, certSerialId: null}
2019-09-26 12:47:52,345 [grpc-default-executor-0] INFO  impl.RaftServerProxy (RaftServerProxy.java:addNew(89)) - b09b7271-c85a-4a7d-93dd-691f4cd26c16: addNew group-DD00E1CCEA35:[b09b7271-c85a-4a7d-93dd-691f4cd26c16:192.168.164.238:46583] returns group-DD00E1CCEA35:java.util.concurrent.CompletableFuture@46d13f01[Not completed]
2019-09-26 12:47:52,371 [pool-27-thread-1] INFO  impl.RaftServerImpl (RaftServerImpl.java:<init>(95)) - b09b7271-c85a-4a7d-93dd-691f4cd26c16: new RaftServerImpl for group-DD00E1CCEA35:[b09b7271-c85a-4a7d-93dd-691f4cd26c16:192.168.164.238:46583] with ContainerStateMachine:uninitialized
2019-09-26 12:47:52,380 [main] INFO  ozone.MiniOzoneClusterImpl (MiniOzoneClusterImpl.java:lambda$waitForClusterToBeReady$0(147)) - Waiting for cluster to be ready. Got 9 of 10 DN Heartbeats.
2019-09-26 12:47:52,387 [pool-27-thread-1] INFO  server.RaftServerConfigKeys (ConfUtils.java:logGet(43)) - raft.server.rpc.timeout.min = 5s (custom)
2019-09-26 12:47:52,389 [pool-27-thread-1] INFO  server.RaftServerConfigKeys (ConfUtils.java:logGet(43)) - raft.server.rpc.timeout.max = 5200ms (custom)
2019-09-26 12:47:52,389 [pool-27-thread-1] INFO  server.RaftServerConfigKeys (ConfUtils.java:logGet(43)) - raft.server.rpcslowness.timeout = 120s (custom)
2019-09-26 12:47:52,389 [IPC Server handler 6 on 45534] INFO  net.NetworkTopology (NetworkTopologyImpl.java:add(111)) - Added a new node: /default-rack/93b6de49-ccf6-423c-87d1-581fa32d2ae4
2019-09-26 12:47:52,389 [IPC Server handler 6 on 45534] INFO  node.SCMNodeManager (SCMNodeManager.java:register(266)) - Registered Data node : 93b6de49-ccf6-423c-87d1-581fa32d2ae4{ip: 192.168.164.238, host: pr-hdds-1569-87zkn-1081879488, networkLocation: /default-rack, certSerialId: null}
2019-09-26 12:47:52,390 [pool-27-thread-1] INFO  server.RaftServerConfigKeys (ConfUtils.java:logGet(43)) - raft.server.sleep.deviation.threshold = 300 (default)
2019-09-26 12:47:52,390 [pool-27-thread-1] INFO  server.RaftServerConfigKeys (ConfUtils.java:logGet(43)) - raft.server.log.appender.install.snapshot.enabled = false (custom)
2019-09-26 12:47:52,400 [pool-27-thread-1] INFO  impl.RaftServerImpl (ServerState.java:<init>(103)) - b09b7271-c85a-4a7d-93dd-691f4cd26c16@group-DD00E1CCEA35: ConfigurationManager, init=-1: [b09b7271-c85a-4a7d-93dd-691f4cd26c16:192.168.164.238:46583], old=null, confs=<EMPTY_MAP>
2019-09-26 12:47:52,400 [pool-27-thread-1] INFO  server.RaftServerConfigKeys (ConfUtils.java:logGet(43)) - raft.server.storage.dir = [/workdir/hadoop-ozone/integration-test/target/test-dir/MiniOzoneClusterImpl-5cb8bac5-d0f0-4551-b9d0-b3e056facdc3/datanode-0/data/ratis] (custom)
2019-09-26 12:47:52,409 [pool-27-thread-1] INFO  storage.RaftStorageDirectory (RaftStorageDirectory.java:analyzeStorage(246)) - The storage directory /workdir/hadoop-ozone/integration-test/target/test-dir/MiniOzoneClusterImpl-5cb8bac5-d0f0-4551-b9d0-b3e056facdc3/datanode-0/data/ratis/3f4f1428-0af5-4c1e-bdbb-dd00e1ccea35 does not exist. Creating ...
2019-09-26 12:47:52,426 [pool-27-thread-1] INFO  storage.RaftStorageDirectory (RaftStorageDirectory.java:tryLock(328)) - Lock on /workdir/hadoop-ozone/integration-test/target/test-dir/MiniOzoneClusterImpl-5cb8bac5-d0f0-4551-b9d0-b3e056facdc3/datanode-0/data/ratis/3f4f1428-0af5-4c1e-bdbb-dd00e1ccea35/in_use.lock acquired by nodename 4507@pr-hdds-1569-87zkn-1081879488
2019-09-26 12:47:52,444 [pool-27-thread-1] INFO  storage.RaftStorage (RaftStorage.java:format(72)) - Storage directory /workdir/hadoop-ozone/integration-test/target/test-dir/MiniOzoneClusterImpl-5cb8bac5-d0f0-4551-b9d0-b3e056facdc3/datanode-0/data/ratis/3f4f1428-0af5-4c1e-bdbb-dd00e1ccea35 has been successfully formatted.
2019-09-26 12:47:52,446 [pool-27-thread-1] INFO  ratis.ContainerStateMachine (ContainerStateMachine.java:loadSnapshot(230)) - group-DD00E1CCEA35: The snapshot info is null. Setting the last applied indexto:(t:0, i:~)
2019-09-26 12:47:52,446 [pool-27-thread-1] INFO  server.RaftServerConfigKeys (ConfUtils.java:logGet(43)) - raft.server.notification.no-leader.timeout = 120s (custom)
2019-09-26 12:47:52,448 [pool-27-thread-1] INFO  server.RaftServerConfigKeys (ConfUtils.java:logGet(43)) - raft.server.log.use.memory = false (default)
2019-09-26 12:47:52,454 [pool-27-thread-1] INFO  server.RaftServerConfigKeys (ConfUtils.java:logGet(43)) - raft.server.log.purge.gap = 1000000 (custom)
2019-09-26 12:47:52,454 [pool-27-thread-1] INFO  server.RaftServerConfigKeys (ConfUtils.java:logGet(43)) - raft.server.log.appender.buffer.byte-limit = 33554432 (custom)
2019-09-26 12:47:52,456 [pool-27-thread-1] INFO  server.RaftServerConfigKeys (ConfUtils.java:logGet(43)) - raft.server.log.segment.size.max = 1048576 (custom)
2019-09-26 12:47:52,461 [pool-27-thread-1] INFO  server.RaftServerConfigKeys (ConfUtils.java:logGet(43)) - raft.server.log.segment.cache.num.max = 2 (custom)
2019-09-26 12:47:52,466 [pool-27-thread-1] INFO  segmented.SegmentedRaftLogWorker (SegmentedRaftLogWorker.java:<init>(172)) - new b09b7271-c85a-4a7d-93dd-691f4cd26c16@group-DD00E1CCEA35-SegmentedRaftLogWorker for RaftStorage:Storage Directory /workdir/hadoop-ozone/integration-test/target/test-dir/MiniOzoneClusterImpl-5cb8bac5-d0f0-4551-b9d0-b3e056facdc3/datanode-0/data/ratis/3f4f1428-0af5-4c1e-bdbb-dd00e1ccea35
2019-09-26 12:47:52,467 [pool-27-thread-1] INFO  impl.MetricsSystemImpl (MetricsSystemImpl.java:init(158)) - ratis metrics system started (again)
2019-09-26 12:47:52,473 [pool-27-thread-1] INFO  metrics.MetricRegistries (MetricRegistriesLoader.java:load(64)) - Loaded MetricRegistries class org.apache.ratis.metrics.impl.MetricRegistriesImpl
2019-09-26 12:47:52,501 [pool-27-thread-1] INFO  server.RaftServerConfigKeys (ConfUtils.java:logGet(43)) - raft.server.log.queue.byte-limit = 2147483647 (custom)
2019-09-26 12:47:52,502 [pool-27-thread-1] INFO  server.RaftServerConfigKeys (ConfUtils.java:logGet(43)) - raft.server.log.queue.element-limit = 1024 (custom)
2019-09-26 12:47:52,505 [pool-27-thread-1] INFO  server.RaftServerConfigKeys (ConfUtils.java:logGet(43)) - raft.server.log.segment.size.max = 1048576 (custom)
2019-09-26 12:47:52,505 [pool-27-thread-1] INFO  server.RaftServerConfigKeys (ConfUtils.java:logGet(43)) - raft.server.log.preallocated.size = 16384 (custom)
2019-09-26 12:47:52,505 [pool-27-thread-1] INFO  server.RaftServerConfigKeys (ConfUtils.java:logGet(43)) - raft.server.log.write.buffer.size = 33554432 (custom)
2019-09-26 12:47:52,506 [pool-27-thread-1] INFO  server.RaftServerConfigKeys (ConfUtils.java:logGet(43)) - raft.server.log.force.sync.num = 128 (default)
2019-09-26 12:47:52,507 [pool-27-thread-1] INFO  server.RaftServerConfigKeys (ConfUtils.java:logGet(43)) - raft.server.log.statemachine.data.sync = true (default)
2019-09-26 12:47:52,507 [pool-27-thread-1] INFO  server.RaftServerConfigKeys (ConfUtils.java:logGet(43)) - raft.server.log.statemachine.data.sync.timeout = 10s (default)
2019-09-26 12:47:52,507 [pool-27-thread-1] INFO  server.RaftServerConfigKeys (ConfUtils.java:logGet(43)) - raft.server.log.statemachine.data.sync.timeout.retry = -1 (default)
2019-09-26 12:47:52,516 [pool-27-thread-1] INFO  server.RaftServerConfigKeys (ConfUtils.java:logGet(43)) - raft.server.log.statemachine.data.caching.enabled = true (custom)
2019-09-26 12:47:52,520 [pool-27-thread-1] INFO  segmented.SegmentedRaftLogWorker (SegmentedRaftLogWorker.java:lambda$new$0(132)) - b09b7271-c85a-4a7d-93dd-691f4cd26c16@group-DD00E1CCEA35-SegmentedRaftLogWorker: flushIndex: setUnconditionally 0 -> -1
2019-09-26 12:47:52,524 [pool-27-thread-1] INFO  server.RaftServerConfigKeys (ConfUtils.java:logGet(43)) - raft.server.snapshot.auto.trigger.enabled = true (custom)
2019-09-26 12:47:52,525 [pool-27-thread-1] INFO  server.RaftServerConfigKeys (ConfUtils.java:logGet(43)) - raft.server.snapshot.auto.trigger.threshold = 10000 (custom)
2019-09-26 12:47:52,526 [pool-27-thread-1] INFO  server.RaftServerConfigKeys (ConfUtils.java:logGet(43)) - raft.server.snapshot.retention.num.files = 5 (custom)
2019-09-26 12:47:52,526 [pool-27-thread-1] INFO  server.RaftServerConfigKeys (ConfUtils.java:logGet(43)) - raft.server.retrycache.expirytime = 600000ms (custom)
2019-09-26 12:47:52,552 [pool-27-thread-1] INFO  impl.RaftServerImpl (RaftServerImpl.java:start(185)) - b09b7271-c85a-4a7d-93dd-691f4cd26c16@group-DD00E1CCEA35: start as a follower, conf=-1: [b09b7271-c85a-4a7d-93dd-691f4cd26c16:192.168.164.238:46583], old=null
2019-09-26 12:47:52,553 [pool-27-thread-1] INFO  impl.RaftServerImpl (RaftServerImpl.java:setRole(174)) - b09b7271-c85a-4a7d-93dd-691f4cd26c16@group-DD00E1CCEA35: changes role from      null to FOLLOWER at term 0 for startAsFollower
2019-09-26 12:47:52,554 [pool-27-thread-1] INFO  impl.RoleInfo (RoleInfo.java:updateAndGet(143)) - b09b7271-c85a-4a7d-93dd-691f4cd26c16: start FollowerState
2019-09-26 12:47:52,555 [pool-27-thread-1] INFO  util.JmxRegister (JmxRegister.java:tryRegister(44)) - Successfully registered JMX Bean with object name Ratis:service=RaftServer,group=group-DD00E1CCEA35,id=b09b7271-c85a-4a7d-93dd-691f4cd26c16
2019-09-26 12:47:52,764 [RatisPipelineUtilsThread] INFO  pipeline.PipelineStateManager (PipelineStateManager.java:addPipeline(56)) - Created pipeline Pipeline[ Id: 3f4f1428-0af5-4c1e-bdbb-dd00e1ccea35, Nodes: b09b7271-c85a-4a7d-93dd-691f4cd26c16{ip: 192.168.164.238, host: pr-hdds-1569-87zkn-1081879488, networkLocation: /default-rack, certSerialId: null}, Type:RATIS, Factor:ONE, State:OPEN]
2019-09-26 12:47:52,792 [grpc-default-executor-0] INFO  impl.RaftServerProxy (RaftServerProxy.java:addNew(89)) - 442f14b8-64b4-4212-b9b5-a1ac78df33e2: addNew group-C41A9D6094C0:[442f14b8-64b4-4212-b9b5-a1ac78df33e2:192.168.164.238:36401] returns group-C41A9D6094C0:java.util.concurrent.CompletableFuture@8ab831a[Not completed]
2019-09-26 12:47:52,872 [pool-47-thread-1] INFO  impl.RaftServerImpl (RaftServerImpl.java:<init>(95)) - 442f14b8-64b4-4212-b9b5-a1ac78df33e2: new RaftServerImpl for group-C41A9D6094C0:[442f14b8-64b4-4212-b9b5-a1ac78df33e2:192.168.164.238:36401] with ContainerStateMachine:uninitialized
2019-09-26 12:47:52,874 [pool-47-thread-1] INFO  server.RaftServerConfigKeys (ConfUtils.java:logGet(43)) - raft.server.rpc.timeout.min = 5s (custom)
2019-09-26 12:47:52,874 [pool-47-thread-1] INFO  server.RaftServerConfigKeys (ConfUtils.java:logGet(43)) - raft.server.rpc.timeout.max = 5200ms (custom)
2019-09-26 12:47:52,882 [pool-47-thread-1] INFO  server.RaftServerConfigKeys (ConfUtils.java:logGet(43)) - raft.server.rpcslowness.timeout = 120s (custom)
2019-09-26 12:47:52,883 [pool-47-thread-1] INFO  server.RaftServerConfigKeys (ConfUtils.java:logGet(43)) - raft.server.sleep.deviation.threshold = 300 (default)
2019-09-26 12:47:52,883 [pool-47-thread-1] INFO  server.RaftServerConfigKeys (ConfUtils.java:logGet(43)) - raft.server.log.appender.install.snapshot.enabled = false (custom)
2019-09-26 12:47:52,883 [pool-47-thread-1] INFO  impl.RaftServerImpl (ServerState.java:<init>(103)) - 442f14b8-64b4-4212-b9b5-a1ac78df33e2@group-C41A9D6094C0: ConfigurationManager, init=-1: [442f14b8-64b4-4212-b9b5-a1ac78df33e2:192.168.164.238:36401], old=null, confs=<EMPTY_MAP>
2019-09-26 12:47:52,883 [pool-47-thread-1] INFO  server.RaftServerConfigKeys (ConfUtils.java:logGet(43)) - raft.server.storage.dir = [/workdir/hadoop-ozone/integration-test/target/test-dir/MiniOzoneClusterImpl-5cb8bac5-d0f0-4551-b9d0-b3e056facdc3/datanode-2/data/ratis] (custom)
2019-09-26 12:47:52,884 [pool-47-thread-1] INFO  storage.RaftStorageDirectory (RaftStorageDirectory.java:analyzeStorage(246)) - The storage directory /workdir/hadoop-ozone/integration-test/target/test-dir/MiniOzoneClusterImpl-5cb8bac5-d0f0-4551-b9d0-b3e056facdc3/datanode-2/data/ratis/3ce87725-b993-490f-a3da-c41a9d6094c0 does not exist. Creating ...
2019-09-26 12:47:52,899 [pool-47-thread-1] INFO  storage.RaftStorageDirectory (RaftStorageDirectory.java:tryLock(328)) - Lock on /workdir/hadoop-ozone/integration-test/target/test-dir/MiniOzoneClusterImpl-5cb8bac5-d0f0-4551-b9d0-b3e056facdc3/datanode-2/data/ratis/3ce87725-b993-490f-a3da-c41a9d6094c0/in_use.lock acquired by nodename 4507@pr-hdds-1569-87zkn-1081879488
2019-09-26 12:47:52,913 [pool-47-thread-1] INFO  storage.RaftStorage (RaftStorage.java:format(72)) - Storage directory /workdir/hadoop-ozone/integration-test/target/test-dir/MiniOzoneClusterImpl-5cb8bac5-d0f0-4551-b9d0-b3e056facdc3/datanode-2/data/ratis/3ce87725-b993-490f-a3da-c41a9d6094c0 has been successfully formatted.
2019-09-26 12:47:52,915 [pool-47-thread-1] INFO  ratis.ContainerStateMachine (ContainerStateMachine.java:loadSnapshot(230)) - group-C41A9D6094C0: The snapshot info is null. Setting the last applied indexto:(t:0, i:~)
2019-09-26 12:47:52,918 [pool-47-thread-1] INFO  server.RaftServerConfigKeys (ConfUtils.java:logGet(43)) - raft.server.notification.no-leader.timeout = 120s (custom)
2019-09-26 12:47:52,918 [pool-47-thread-1] INFO  server.RaftServerConfigKeys (ConfUtils.java:logGet(43)) - raft.server.log.use.memory = false (default)
2019-09-26 12:47:52,919 [pool-47-thread-1] INFO  server.RaftServerConfigKeys (ConfUtils.java:logGet(43)) - raft.server.log.purge.gap = 1000000 (custom)
2019-09-26 12:47:52,919 [pool-47-thread-1] INFO  server.RaftServerConfigKeys (ConfUtils.java:logGet(43)) - raft.server.log.appender.buffer.byte-limit = 33554432 (custom)
2019-09-26 12:47:52,919 [pool-47-thread-1] INFO  server.RaftServerConfigKeys (ConfUtils.java:logGet(43)) - raft.server.log.segment.size.max = 1048576 (custom)
2019-09-26 12:47:52,919 [pool-47-thread-1] INFO  server.RaftServerConfigKeys (ConfUtils.java:logGet(43)) - raft.server.log.segment.cache.num.max = 2 (custom)
2019-09-26 12:47:52,920 [pool-47-thread-1] INFO  segmented.SegmentedRaftLogWorker (SegmentedRaftLogWorker.java:<init>(172)) - new 442f14b8-64b4-4212-b9b5-a1ac78df33e2@group-C41A9D6094C0-SegmentedRaftLogWorker for RaftStorage:Storage Directory /workdir/hadoop-ozone/integration-test/target/test-dir/MiniOzoneClusterImpl-5cb8bac5-d0f0-4551-b9d0-b3e056facdc3/datanode-2/data/ratis/3ce87725-b993-490f-a3da-c41a9d6094c0
2019-09-26 12:47:52,929 [pool-47-thread-1] INFO  server.RaftServerConfigKeys (ConfUtils.java:logGet(43)) - raft.server.log.queue.byte-limit = 2147483647 (custom)
2019-09-26 12:47:52,930 [pool-47-thread-1] INFO  server.RaftServerConfigKeys (ConfUtils.java:logGet(43)) - raft.server.log.queue.element-limit = 1024 (custom)
2019-09-26 12:47:52,930 [pool-47-thread-1] INFO  server.RaftServerConfigKeys (ConfUtils.java:logGet(43)) - raft.server.log.segment.size.max = 1048576 (custom)
2019-09-26 12:47:52,930 [pool-47-thread-1] INFO  server.RaftServerConfigKeys (ConfUtils.java:logGet(43)) - raft.server.log.preallocated.size = 16384 (custom)
2019-09-26 12:47:52,930 [pool-47-thread-1] INFO  server.RaftServerConfigKeys (ConfUtils.java:logGet(43)) - raft.server.log.write.buffer.size = 33554432 (custom)
2019-09-26 12:47:52,931 [pool-47-thread-1] INFO  server.RaftServerConfigKeys (ConfUtils.java:logGet(43)) - raft.server.log.force.sync.num = 128 (default)
2019-09-26 12:47:52,931 [pool-47-thread-1] INFO  server.RaftServerConfigKeys (ConfUtils.java:logGet(43)) - raft.server.log.statemachine.data.sync = true (default)
2019-09-26 12:47:52,931 [pool-47-thread-1] INFO  server.RaftServerConfigKeys (ConfUtils.java:logGet(43)) - raft.server.log.statemachine.data.sync.timeout = 10s (default)
2019-09-26 12:47:52,931 [pool-47-thread-1] INFO  server.RaftServerConfigKeys (ConfUtils.java:logGet(43)) - raft.server.log.statemachine.data.sync.timeout.retry = -1 (default)
2019-09-26 12:47:52,932 [pool-47-thread-1] INFO  server.RaftServerConfigKeys (ConfUtils.java:logGet(43)) - raft.server.log.statemachine.data.caching.enabled = true (custom)
2019-09-26 12:47:52,932 [pool-47-thread-1] INFO  segmented.SegmentedRaftLogWorker (SegmentedRaftLogWorker.java:lambda$new$0(132)) - 442f14b8-64b4-4212-b9b5-a1ac78df33e2@group-C41A9D6094C0-SegmentedRaftLogWorker: flushIndex: setUnconditionally 0 -> -1
2019-09-26 12:47:52,933 [pool-47-thread-1] INFO  server.RaftServerConfigKeys (ConfUtils.java:logGet(43)) - raft.server.snapshot.auto.trigger.enabled = true (custom)
2019-09-26 12:47:52,933 [pool-47-thread-1] INFO  server.RaftServerConfigKeys (ConfUtils.java:logGet(43)) - raft.server.snapshot.auto.trigger.threshold = 10000 (custom)
2019-09-26 12:47:52,933 [pool-47-thread-1] INFO  server.RaftServerConfigKeys (ConfUtils.java:logGet(43)) - raft.server.snapshot.retention.num.files = 5 (custom)
2019-09-26 12:47:52,933 [pool-47-thread-1] INFO  server.RaftServerConfigKeys (ConfUtils.java:logGet(43)) - raft.server.retrycache.expirytime = 600000ms (custom)
2019-09-26 12:47:52,940 [pool-47-thread-1] INFO  impl.RaftServerImpl (RaftServerImpl.java:start(185)) - 442f14b8-64b4-4212-b9b5-a1ac78df33e2@group-C41A9D6094C0: start as a follower, conf=-1: [442f14b8-64b4-4212-b9b5-a1ac78df33e2:192.168.164.238:36401], old=null
2019-09-26 12:47:52,940 [pool-47-thread-1] INFO  impl.RaftServerImpl (RaftServerImpl.java:setRole(174)) - 442f14b8-64b4-4212-b9b5-a1ac78df33e2@group-C41A9D6094C0: changes role from      null to FOLLOWER at term 0 for startAsFollower
2019-09-26 12:47:52,940 [pool-47-thread-1] INFO  impl.RoleInfo (RoleInfo.java:updateAndGet(143)) - 442f14b8-64b4-4212-b9b5-a1ac78df33e2: start FollowerState
2019-09-26 12:47:52,944 [pool-47-thread-1] INFO  util.JmxRegister (JmxRegister.java:tryRegister(44)) - Successfully registered JMX Bean with object name Ratis:service=RaftServer,group=group-C41A9D6094C0,id=442f14b8-64b4-4212-b9b5-a1ac78df33e2
2019-09-26 12:47:52,966 [RatisPipelineUtilsThread] INFO  pipeline.PipelineStateManager (PipelineStateManager.java:addPipeline(56)) - Created pipeline Pipeline[ Id: 3ce87725-b993-490f-a3da-c41a9d6094c0, Nodes: 442f14b8-64b4-4212-b9b5-a1ac78df33e2{ip: 192.168.164.238, host: pr-hdds-1569-87zkn-1081879488, networkLocation: /default-rack, certSerialId: null}, Type:RATIS, Factor:ONE, State:OPEN]
2019-09-26 12:47:53,005 [grpc-default-executor-0] INFO  impl.RaftServerProxy (RaftServerProxy.java:addNew(89)) - b09b7271-c85a-4a7d-93dd-691f4cd26c16: addNew group-705DE9513590:[b09b7271-c85a-4a7d-93dd-691f4cd26c16:192.168.164.238:46583] returns group-705DE9513590:java.util.concurrent.CompletableFuture@795851ad[Not completed]
2019-09-26 12:47:53,053 [pool-27-thread-1] INFO  impl.RaftServerImpl (RaftServerImpl.java:<init>(95)) - b09b7271-c85a-4a7d-93dd-691f4cd26c16: new RaftServerImpl for group-705DE9513590:[b09b7271-c85a-4a7d-93dd-691f4cd26c16:192.168.164.238:46583] with ContainerStateMachine:uninitialized
2019-09-26 12:47:53,053 [pool-27-thread-1] INFO  server.RaftServerConfigKeys (ConfUtils.java:logGet(43)) - raft.server.rpc.timeout.min = 5s (custom)
2019-09-26 12:47:53,053 [pool-27-thread-1] INFO  server.RaftServerConfigKeys (ConfUtils.java:logGet(43)) - raft.server.rpc.timeout.max = 5200ms (custom)
2019-09-26 12:47:53,054 [pool-27-thread-1] INFO  server.RaftServerConfigKeys (ConfUtils.java:logGet(43)) - raft.server.rpcslowness.timeout = 120s (custom)
2019-09-26 12:47:53,054 [pool-27-thread-1] INFO  server.RaftServerConfigKeys (ConfUtils.java:logGet(43)) - raft.server.sleep.deviation.threshold = 300 (default)
2019-09-26 12:47:53,054 [pool-27-thread-1] INFO  server.RaftServerConfigKeys (ConfUtils.java:logGet(43)) - raft.server.log.appender.install.snapshot.enabled = false (custom)
2019-09-26 12:47:53,054 [pool-27-thread-1] INFO  impl.RaftServerImpl (ServerState.java:<init>(103)) - b09b7271-c85a-4a7d-93dd-691f4cd26c16@group-705DE9513590: ConfigurationManager, init=-1: [b09b7271-c85a-4a7d-93dd-691f4cd26c16:192.168.164.238:46583], old=null, confs=<EMPTY_MAP>
2019-09-26 12:47:53,054 [pool-27-thread-1] INFO  server.RaftServerConfigKeys (ConfUtils.java:logGet(43)) - raft.server.storage.dir = [/workdir/hadoop-ozone/integration-test/target/test-dir/MiniOzoneClusterImpl-5cb8bac5-d0f0-4551-b9d0-b3e056facdc3/datanode-0/data/ratis] (custom)
2019-09-26 12:47:53,055 [pool-27-thread-1] INFO  storage.RaftStorageDirectory (RaftStorageDirectory.java:analyzeStorage(246)) - The storage directory /workdir/hadoop-ozone/integration-test/target/test-dir/MiniOzoneClusterImpl-5cb8bac5-d0f0-4551-b9d0-b3e056facdc3/datanode-0/data/ratis/fc9925cf-f80e-4cec-9562-705de9513590 does not exist. Creating ...
2019-09-26 12:47:53,076 [pool-27-thread-1] INFO  storage.RaftStorageDirectory (RaftStorageDirectory.java:tryLock(328)) - Lock on /workdir/hadoop-ozone/integration-test/target/test-dir/MiniOzoneClusterImpl-5cb8bac5-d0f0-4551-b9d0-b3e056facdc3/datanode-0/data/ratis/fc9925cf-f80e-4cec-9562-705de9513590/in_use.lock acquired by nodename 4507@pr-hdds-1569-87zkn-1081879488
2019-09-26 12:47:53,089 [pool-27-thread-1] INFO  storage.RaftStorage (RaftStorage.java:format(72)) - Storage directory /workdir/hadoop-ozone/integration-test/target/test-dir/MiniOzoneClusterImpl-5cb8bac5-d0f0-4551-b9d0-b3e056facdc3/datanode-0/data/ratis/fc9925cf-f80e-4cec-9562-705de9513590 has been successfully formatted.
2019-09-26 12:47:53,090 [pool-27-thread-1] INFO  ratis.ContainerStateMachine (ContainerStateMachine.java:loadSnapshot(230)) - group-705DE9513590: The snapshot info is null. Setting the last applied indexto:(t:0, i:~)
2019-09-26 12:47:53,090 [pool-27-thread-1] INFO  server.RaftServerConfigKeys (ConfUtils.java:logGet(43)) - raft.server.notification.no-leader.timeout = 120s (custom)
2019-09-26 12:47:53,090 [pool-27-thread-1] INFO  server.RaftServerConfigKeys (ConfUtils.java:logGet(43)) - raft.server.log.use.memory = false (default)
2019-09-26 12:47:53,090 [pool-27-thread-1] INFO  server.RaftServerConfigKeys (ConfUtils.java:logGet(43)) - raft.server.log.purge.gap = 1000000 (custom)
2019-09-26 12:47:53,090 [pool-27-thread-1] INFO  server.RaftServerConfigKeys (ConfUtils.java:logGet(43)) - raft.server.log.appender.buffer.byte-limit = 33554432 (custom)
2019-09-26 12:47:53,091 [pool-27-thread-1] INFO  server.RaftServerConfigKeys (ConfUtils.java:logGet(43)) - raft.server.log.segment.size.max = 1048576 (custom)
2019-09-26 12:47:53,091 [pool-27-thread-1] INFO  server.RaftServerConfigKeys (ConfUtils.java:logGet(43)) - raft.server.log.segment.cache.num.max = 2 (custom)
2019-09-26 12:47:53,091 [pool-27-thread-1] INFO  segmented.SegmentedRaftLogWorker (SegmentedRaftLogWorker.java:<init>(172)) - new b09b7271-c85a-4a7d-93dd-691f4cd26c16@group-705DE9513590-SegmentedRaftLogWorker for RaftStorage:Storage Directory /workdir/hadoop-ozone/integration-test/target/test-dir/MiniOzoneClusterImpl-5cb8bac5-d0f0-4551-b9d0-b3e056facdc3/datanode-0/data/ratis/fc9925cf-f80e-4cec-9562-705de9513590
2019-09-26 12:47:53,091 [pool-27-thread-1] INFO  server.RaftServerConfigKeys (ConfUtils.java:logGet(43)) - raft.server.log.queue.byte-limit = 2147483647 (custom)
2019-09-26 12:47:53,091 [pool-27-thread-1] INFO  server.RaftServerConfigKeys (ConfUtils.java:logGet(43)) - raft.server.log.queue.element-limit = 1024 (custom)
2019-09-26 12:47:53,091 [pool-27-thread-1] INFO  server.RaftServerConfigKeys (ConfUtils.java:logGet(43)) - raft.server.log.segment.size.max = 1048576 (custom)
2019-09-26 12:47:53,092 [pool-27-thread-1] INFO  server.RaftServerConfigKeys (ConfUtils.java:logGet(43)) - raft.server.log.preallocated.size = 16384 (custom)
2019-09-26 12:47:53,092 [pool-27-thread-1] INFO  server.RaftServerConfigKeys (ConfUtils.java:logGet(43)) - raft.server.log.write.buffer.size = 33554432 (custom)
2019-09-26 12:47:53,092 [pool-27-thread-1] INFO  server.RaftServerConfigKeys (ConfUtils.java:logGet(43)) - raft.server.log.force.sync.num = 128 (default)
2019-09-26 12:47:53,092 [pool-27-thread-1] INFO  server.RaftServerConfigKeys (ConfUtils.java:logGet(43)) - raft.server.log.statemachine.data.sync = true (default)
2019-09-26 12:47:53,092 [pool-27-thread-1] INFO  server.RaftServerConfigKeys (ConfUtils.java:logGet(43)) - raft.server.log.statemachine.data.sync.timeout = 10s (default)
2019-09-26 12:47:53,092 [pool-27-thread-1] INFO  server.RaftServerConfigKeys (ConfUtils.java:logGet(43)) - raft.server.log.statemachine.data.sync.timeout.retry = -1 (default)
2019-09-26 12:47:53,093 [pool-27-thread-1] INFO  server.RaftServerConfigKeys (ConfUtils.java:logGet(43)) - raft.server.log.statemachine.data.caching.enabled = true (custom)
2019-09-26 12:47:53,093 [pool-27-thread-1] INFO  segmented.SegmentedRaftLogWorker (SegmentedRaftLogWorker.java:lambda$new$0(132)) - b09b7271-c85a-4a7d-93dd-691f4cd26c16@group-705DE9513590-SegmentedRaftLogWorker: flushIndex: setUnconditionally 0 -> -1
2019-09-26 12:47:53,093 [pool-27-thread-1] INFO  server.RaftServerConfigKeys (ConfUtils.java:logGet(43)) - raft.server.snapshot.auto.trigger.enabled = true (custom)
2019-09-26 12:47:53,094 [pool-27-thread-1] INFO  server.RaftServerConfigKeys (ConfUtils.java:logGet(43)) - raft.server.snapshot.auto.trigger.threshold = 10000 (custom)
2019-09-26 12:47:53,094 [pool-27-thread-1] INFO  server.RaftServerConfigKeys (ConfUtils.java:logGet(43)) - raft.server.snapshot.retention.num.files = 5 (custom)
2019-09-26 12:47:53,094 [pool-27-thread-1] INFO  server.RaftServerConfigKeys (ConfUtils.java:logGet(43)) - raft.server.retrycache.expirytime = 600000ms (custom)
2019-09-26 12:47:53,155 [pool-27-thread-1] INFO  impl.RaftServerImpl (RaftServerImpl.java:start(185)) - b09b7271-c85a-4a7d-93dd-691f4cd26c16@group-705DE9513590: start as a follower, conf=-1: [b09b7271-c85a-4a7d-93dd-691f4cd26c16:192.168.164.238:46583], old=null
2019-09-26 12:47:53,155 [pool-27-thread-1] INFO  impl.RaftServerImpl (RaftServerImpl.java:setRole(174)) - b09b7271-c85a-4a7d-93dd-691f4cd26c16@group-705DE9513590: changes role from      null to FOLLOWER at term 0 for startAsFollower
2019-09-26 12:47:53,156 [pool-27-thread-1] INFO  impl.RoleInfo (RoleInfo.java:updateAndGet(143)) - b09b7271-c85a-4a7d-93dd-691f4cd26c16: start FollowerState
2019-09-26 12:47:53,156 [pool-27-thread-1] INFO  util.JmxRegister (JmxRegister.java:tryRegister(44)) - Successfully registered JMX Bean with object name Ratis:service=RaftServer,group=group-705DE9513590,id=b09b7271-c85a-4a7d-93dd-691f4cd26c16
2019-09-26 12:47:53,174 [RatisPipelineUtilsThread] INFO  pipeline.PipelineStateManager (PipelineStateManager.java:addPipeline(56)) - Created pipeline Pipeline[ Id: fc9925cf-f80e-4cec-9562-705de9513590, Nodes: b09b7271-c85a-4a7d-93dd-691f4cd26c16{ip: 192.168.164.238, host: pr-hdds-1569-87zkn-1081879488, networkLocation: /default-rack, certSerialId: null}, Type:RATIS, Factor:ONE, State:OPEN]
2019-09-26 12:47:53,203 [grpc-default-executor-0] INFO  impl.RaftServerProxy (RaftServerProxy.java:addNew(89)) - ee405521-39f0-4e35-96b7-0f3eb4cba198: addNew group-059AD36558CE:[ee405521-39f0-4e35-96b7-0f3eb4cba198:192.168.164.238:41045] returns group-059AD36558CE:java.util.concurrent.CompletableFuture@7560b0ed[Not completed]
2019-09-26 12:47:53,210 [pool-97-thread-1] INFO  impl.RaftServerImpl (RaftServerImpl.java:<init>(95)) - ee405521-39f0-4e35-96b7-0f3eb4cba198: new RaftServerImpl for group-059AD36558CE:[ee405521-39f0-4e35-96b7-0f3eb4cba198:192.168.164.238:41045] with ContainerStateMachine:uninitialized
2019-09-26 12:47:53,210 [pool-97-thread-1] INFO  server.RaftServerConfigKeys (ConfUtils.java:logGet(43)) - raft.server.rpc.timeout.min = 5s (custom)
2019-09-26 12:47:53,210 [pool-97-thread-1] INFO  server.RaftServerConfigKeys (ConfUtils.java:logGet(43)) - raft.server.rpc.timeout.max = 5200ms (custom)
2019-09-26 12:47:53,210 [pool-97-thread-1] INFO  server.RaftServerConfigKeys (ConfUtils.java:logGet(43)) - raft.server.rpcslowness.timeout = 120s (custom)
2019-09-26 12:47:53,211 [pool-97-thread-1] INFO  server.RaftServerConfigKeys (ConfUtils.java:logGet(43)) - raft.server.sleep.deviation.threshold = 300 (default)
2019-09-26 12:47:53,211 [pool-97-thread-1] INFO  server.RaftServerConfigKeys (ConfUtils.java:logGet(43)) - raft.server.log.appender.install.snapshot.enabled = false (custom)
2019-09-26 12:47:53,211 [pool-97-thread-1] INFO  impl.RaftServerImpl (ServerState.java:<init>(103)) - ee405521-39f0-4e35-96b7-0f3eb4cba198@group-059AD36558CE: ConfigurationManager, init=-1: [ee405521-39f0-4e35-96b7-0f3eb4cba198:192.168.164.238:41045], old=null, confs=<EMPTY_MAP>
2019-09-26 12:47:53,211 [pool-97-thread-1] INFO  server.RaftServerConfigKeys (ConfUtils.java:logGet(43)) - raft.server.storage.dir = [/workdir/hadoop-ozone/integration-test/target/test-dir/MiniOzoneClusterImpl-5cb8bac5-d0f0-4551-b9d0-b3e056facdc3/datanode-7/data/ratis] (custom)
2019-09-26 12:47:53,212 [pool-97-thread-1] INFO  storage.RaftStorageDirectory (RaftStorageDirectory.java:analyzeStorage(246)) - The storage directory /workdir/hadoop-ozone/integration-test/target/test-dir/MiniOzoneClusterImpl-5cb8bac5-d0f0-4551-b9d0-b3e056facdc3/datanode-7/data/ratis/f6b190dd-f880-43f7-9a70-059ad36558ce does not exist. Creating ...
2019-09-26 12:47:53,233 [pool-97-thread-1] INFO  storage.RaftStorageDirectory (RaftStorageDirectory.java:tryLock(328)) - Lock on /workdir/hadoop-ozone/integration-test/target/test-dir/MiniOzoneClusterImpl-5cb8bac5-d0f0-4551-b9d0-b3e056facdc3/datanode-7/data/ratis/f6b190dd-f880-43f7-9a70-059ad36558ce/in_use.lock acquired by nodename 4507@pr-hdds-1569-87zkn-1081879488
2019-09-26 12:47:53,246 [pool-97-thread-1] INFO  storage.RaftStorage (RaftStorage.java:format(72)) - Storage directory /workdir/hadoop-ozone/integration-test/target/test-dir/MiniOzoneClusterImpl-5cb8bac5-d0f0-4551-b9d0-b3e056facdc3/datanode-7/data/ratis/f6b190dd-f880-43f7-9a70-059ad36558ce has been successfully formatted.
2019-09-26 12:47:53,246 [pool-97-thread-1] INFO  ratis.ContainerStateMachine (ContainerStateMachine.java:loadSnapshot(230)) - group-059AD36558CE: The snapshot info is null. Setting the last applied indexto:(t:0, i:~)
2019-09-26 12:47:53,247 [pool-97-thread-1] INFO  server.RaftServerConfigKeys (ConfUtils.java:logGet(43)) - raft.server.notification.no-leader.timeout = 120s (custom)
2019-09-26 12:47:53,247 [pool-97-thread-1] INFO  server.RaftServerConfigKeys (ConfUtils.java:logGet(43)) - raft.server.log.use.memory = false (default)
2019-09-26 12:47:53,247 [pool-97-thread-1] INFO  server.RaftServerConfigKeys (ConfUtils.java:logGet(43)) - raft.server.log.purge.gap = 1000000 (custom)
2019-09-26 12:47:53,247 [pool-97-thread-1] INFO  server.RaftServerConfigKeys (ConfUtils.java:logGet(43)) - raft.server.log.appender.buffer.byte-limit = 33554432 (custom)
2019-09-26 12:47:53,247 [pool-97-thread-1] INFO  server.RaftServerConfigKeys (ConfUtils.java:logGet(43)) - raft.server.log.segment.size.max = 1048576 (custom)
2019-09-26 12:47:53,247 [pool-97-thread-1] INFO  server.RaftServerConfigKeys (ConfUtils.java:logGet(43)) - raft.server.log.segment.cache.num.max = 2 (custom)
2019-09-26 12:47:53,247 [pool-97-thread-1] INFO  segmented.SegmentedRaftLogWorker (SegmentedRaftLogWorker.java:<init>(172)) - new ee405521-39f0-4e35-96b7-0f3eb4cba198@group-059AD36558CE-SegmentedRaftLogWorker for RaftStorage:Storage Directory /workdir/hadoop-ozone/integration-test/target/test-dir/MiniOzoneClusterImpl-5cb8bac5-d0f0-4551-b9d0-b3e056facdc3/datanode-7/data/ratis/f6b190dd-f880-43f7-9a70-059ad36558ce
2019-09-26 12:47:53,251 [pool-97-thread-1] INFO  server.RaftServerConfigKeys (ConfUtils.java:logGet(43)) - raft.server.log.queue.byte-limit = 2147483647 (custom)
2019-09-26 12:47:53,251 [pool-97-thread-1] INFO  server.RaftServerConfigKeys (ConfUtils.java:logGet(43)) - raft.server.log.queue.element-limit = 1024 (custom)
2019-09-26 12:47:53,252 [pool-97-thread-1] INFO  server.RaftServerConfigKeys (ConfUtils.java:logGet(43)) - raft.server.log.segment.size.max = 1048576 (custom)
2019-09-26 12:47:53,252 [pool-97-thread-1] INFO  server.RaftServerConfigKeys (ConfUtils.java:logGet(43)) - raft.server.log.preallocated.size = 16384 (custom)
2019-09-26 12:47:53,252 [pool-97-thread-1] INFO  server.RaftServerConfigKeys (ConfUtils.java:logGet(43)) - raft.server.log.write.buffer.size = 33554432 (custom)
2019-09-26 12:47:53,252 [pool-97-thread-1] INFO  server.RaftServerConfigKeys (ConfUtils.java:logGet(43)) - raft.server.log.force.sync.num = 128 (default)
2019-09-26 12:47:53,252 [pool-97-thread-1] INFO  server.RaftServerConfigKeys (ConfUtils.java:logGet(43)) - raft.server.log.statemachine.data.sync = true (default)
2019-09-26 12:47:53,252 [pool-97-thread-1] INFO  server.RaftServerConfigKeys (ConfUtils.java:logGet(43)) - raft.server.log.statemachine.data.sync.timeout = 10s (default)
2019-09-26 12:47:53,252 [pool-97-thread-1] INFO  server.RaftServerConfigKeys (ConfUtils.java:logGet(43)) - raft.server.log.statemachine.data.sync.timeout.retry = -1 (default)
2019-09-26 12:47:53,253 [pool-97-thread-1] INFO  server.RaftServerConfigKeys (ConfUtils.java:logGet(43)) - raft.server.log.statemachine.data.caching.enabled = true (custom)
2019-09-26 12:47:53,253 [pool-97-thread-1] INFO  segmented.SegmentedRaftLogWorker (SegmentedRaftLogWorker.java:lambda$new$0(132)) - ee405521-39f0-4e35-96b7-0f3eb4cba198@group-059AD36558CE-SegmentedRaftLogWorker: flushIndex: setUnconditionally 0 -> -1
2019-09-26 12:47:53,253 [pool-97-thread-1] INFO  server.RaftServerConfigKeys (ConfUtils.java:logGet(43)) - raft.server.snapshot.auto.trigger.enabled = true (custom)
2019-09-26 12:47:53,253 [pool-97-thread-1] INFO  server.RaftServerConfigKeys (ConfUtils.java:logGet(43)) - raft.server.snapshot.auto.trigger.threshold = 10000 (custom)
2019-09-26 12:47:53,253 [pool-97-thread-1] INFO  server.RaftServerConfigKeys (ConfUtils.java:logGet(43)) - raft.server.snapshot.retention.num.files = 5 (custom)
2019-09-26 12:47:53,254 [pool-97-thread-1] INFO  server.RaftServerConfigKeys (ConfUtils.java:logGet(43)) - raft.server.retrycache.expirytime = 600000ms (custom)
2019-09-26 12:47:53,257 [pool-97-thread-1] INFO  impl.RaftServerImpl (RaftServerImpl.java:start(185)) - ee405521-39f0-4e35-96b7-0f3eb4cba198@group-059AD36558CE: start as a follower, conf=-1: [ee405521-39f0-4e35-96b7-0f3eb4cba198:192.168.164.238:41045], old=null
2019-09-26 12:47:53,257 [pool-97-thread-1] INFO  impl.RaftServerImpl (RaftServerImpl.java:setRole(174)) - ee405521-39f0-4e35-96b7-0f3eb4cba198@group-059AD36558CE: changes role from      null to FOLLOWER at term 0 for startAsFollower
2019-09-26 12:47:53,257 [pool-97-thread-1] INFO  impl.RoleInfo (RoleInfo.java:updateAndGet(143)) - ee405521-39f0-4e35-96b7-0f3eb4cba198: start FollowerState
2019-09-26 12:47:53,258 [pool-97-thread-1] INFO  util.JmxRegister (JmxRegister.java:tryRegister(44)) - Successfully registered JMX Bean with object name Ratis:service=RaftServer,group=group-059AD36558CE,id=ee405521-39f0-4e35-96b7-0f3eb4cba198
2019-09-26 12:47:53,284 [RatisPipelineUtilsThread] INFO  pipeline.PipelineStateManager (PipelineStateManager.java:addPipeline(56)) - Created pipeline Pipeline[ Id: f6b190dd-f880-43f7-9a70-059ad36558ce, Nodes: ee405521-39f0-4e35-96b7-0f3eb4cba198{ip: 192.168.164.238, host: pr-hdds-1569-87zkn-1081879488, networkLocation: /default-rack, certSerialId: null}, Type:RATIS, Factor:ONE, State:OPEN]
2019-09-26 12:47:53,302 [grpc-default-executor-0] INFO  impl.RaftServerProxy (RaftServerProxy.java:addNew(89)) - c217791a-6f2b-404e-8fdd-7bf246bea5f5: addNew group-437FEF7E06DD:[c217791a-6f2b-404e-8fdd-7bf246bea5f5:192.168.164.238:45154] returns group-437FEF7E06DD:java.util.concurrent.CompletableFuture@25430c4f[Not completed]
2019-09-26 12:47:53,307 [pool-107-thread-1] INFO  impl.RaftServerImpl (RaftServerImpl.java:<init>(95)) - c217791a-6f2b-404e-8fdd-7bf246bea5f5: new RaftServerImpl for group-437FEF7E06DD:[c217791a-6f2b-404e-8fdd-7bf246bea5f5:192.168.164.238:45154] with ContainerStateMachine:uninitialized
2019-09-26 12:47:53,308 [pool-107-thread-1] INFO  server.RaftServerConfigKeys (ConfUtils.java:logGet(43)) - raft.server.rpc.timeout.min = 5s (custom)
2019-09-26 12:47:53,308 [pool-107-thread-1] INFO  server.RaftServerConfigKeys (ConfUtils.java:logGet(43)) - raft.server.rpc.timeout.max = 5200ms (custom)
2019-09-26 12:47:53,308 [pool-107-thread-1] INFO  server.RaftServerConfigKeys (ConfUtils.java:logGet(43)) - raft.server.rpcslowness.timeout = 120s (custom)
2019-09-26 12:47:53,308 [pool-107-thread-1] INFO  server.RaftServerConfigKeys (ConfUtils.java:logGet(43)) - raft.server.sleep.deviation.threshold = 300 (default)
2019-09-26 12:47:53,308 [pool-107-thread-1] INFO  server.RaftServerConfigKeys (ConfUtils.java:logGet(43)) - raft.server.log.appender.install.snapshot.enabled = false (custom)
2019-09-26 12:47:53,309 [pool-107-thread-1] INFO  impl.RaftServerImpl (ServerState.java:<init>(103)) - c217791a-6f2b-404e-8fdd-7bf246bea5f5@group-437FEF7E06DD: ConfigurationManager, init=-1: [c217791a-6f2b-404e-8fdd-7bf246bea5f5:192.168.164.238:45154], old=null, confs=<EMPTY_MAP>
2019-09-26 12:47:53,309 [pool-107-thread-1] INFO  server.RaftServerConfigKeys (ConfUtils.java:logGet(43)) - raft.server.storage.dir = [/workdir/hadoop-ozone/integration-test/target/test-dir/MiniOzoneClusterImpl-5cb8bac5-d0f0-4551-b9d0-b3e056facdc3/datanode-8/data/ratis] (custom)
2019-09-26 12:47:53,309 [pool-107-thread-1] INFO  storage.RaftStorageDirectory (RaftStorageDirectory.java:analyzeStorage(246)) - The storage directory /workdir/hadoop-ozone/integration-test/target/test-dir/MiniOzoneClusterImpl-5cb8bac5-d0f0-4551-b9d0-b3e056facdc3/datanode-8/data/ratis/cccfc5ab-6829-42b2-b982-437fef7e06dd does not exist. Creating ...
2019-09-26 12:47:53,332 [pool-107-thread-1] INFO  storage.RaftStorageDirectory (RaftStorageDirectory.java:tryLock(328)) - Lock on /workdir/hadoop-ozone/integration-test/target/test-dir/MiniOzoneClusterImpl-5cb8bac5-d0f0-4551-b9d0-b3e056facdc3/datanode-8/data/ratis/cccfc5ab-6829-42b2-b982-437fef7e06dd/in_use.lock acquired by nodename 4507@pr-hdds-1569-87zkn-1081879488
2019-09-26 12:47:53,346 [pool-107-thread-1] INFO  storage.RaftStorage (RaftStorage.java:format(72)) - Storage directory /workdir/hadoop-ozone/integration-test/target/test-dir/MiniOzoneClusterImpl-5cb8bac5-d0f0-4551-b9d0-b3e056facdc3/datanode-8/data/ratis/cccfc5ab-6829-42b2-b982-437fef7e06dd has been successfully formatted.
2019-09-26 12:47:53,346 [pool-107-thread-1] INFO  ratis.ContainerStateMachine (ContainerStateMachine.java:loadSnapshot(230)) - group-437FEF7E06DD: The snapshot info is null. Setting the last applied indexto:(t:0, i:~)
2019-09-26 12:47:53,346 [pool-107-thread-1] INFO  server.RaftServerConfigKeys (ConfUtils.java:logGet(43)) - raft.server.notification.no-leader.timeout = 120s (custom)
2019-09-26 12:47:53,347 [pool-107-thread-1] INFO  server.RaftServerConfigKeys (ConfUtils.java:logGet(43)) - raft.server.log.use.memory = false (default)
2019-09-26 12:47:53,347 [pool-107-thread-1] INFO  server.RaftServerConfigKeys (ConfUtils.java:logGet(43)) - raft.server.log.purge.gap = 1000000 (custom)
2019-09-26 12:47:53,347 [pool-107-thread-1] INFO  server.RaftServerConfigKeys (ConfUtils.java:logGet(43)) - raft.server.log.appender.buffer.byte-limit = 33554432 (custom)
2019-09-26 12:47:53,347 [pool-107-thread-1] INFO  server.RaftServerConfigKeys (ConfUtils.java:logGet(43)) - raft.server.log.segment.size.max = 1048576 (custom)
2019-09-26 12:47:53,347 [pool-107-thread-1] INFO  server.RaftServerConfigKeys (ConfUtils.java:logGet(43)) - raft.server.log.segment.cache.num.max = 2 (custom)
2019-09-26 12:47:53,347 [pool-107-thread-1] INFO  segmented.SegmentedRaftLogWorker (SegmentedRaftLogWorker.java:<init>(172)) - new c217791a-6f2b-404e-8fdd-7bf246bea5f5@group-437FEF7E06DD-SegmentedRaftLogWorker for RaftStorage:Storage Directory /workdir/hadoop-ozone/integration-test/target/test-dir/MiniOzoneClusterImpl-5cb8bac5-d0f0-4551-b9d0-b3e056facdc3/datanode-8/data/ratis/cccfc5ab-6829-42b2-b982-437fef7e06dd
2019-09-26 12:47:53,352 [pool-107-thread-1] INFO  server.RaftServerConfigKeys (ConfUtils.java:logGet(43)) - raft.server.log.queue.byte-limit = 2147483647 (custom)
2019-09-26 12:47:53,352 [pool-107-thread-1] INFO  server.RaftServerConfigKeys (ConfUtils.java:logGet(43)) - raft.server.log.queue.element-limit = 1024 (custom)
2019-09-26 12:47:53,352 [pool-107-thread-1] INFO  server.RaftServerConfigKeys (ConfUtils.java:logGet(43)) - raft.server.log.segment.size.max = 1048576 (custom)
2019-09-26 12:47:53,353 [pool-107-thread-1] INFO  server.RaftServerConfigKeys (ConfUtils.java:logGet(43)) - raft.server.log.preallocated.size = 16384 (custom)
2019-09-26 12:47:53,353 [pool-107-thread-1] INFO  server.RaftServerConfigKeys (ConfUtils.java:logGet(43)) - raft.server.log.write.buffer.size = 33554432 (custom)
2019-09-26 12:47:53,353 [pool-107-thread-1] INFO  server.RaftServerConfigKeys (ConfUtils.java:logGet(43)) - raft.server.log.force.sync.num = 128 (default)
2019-09-26 12:47:53,353 [pool-107-thread-1] INFO  server.RaftServerConfigKeys (ConfUtils.java:logGet(43)) - raft.server.log.statemachine.data.sync = true (default)
2019-09-26 12:47:53,353 [pool-107-thread-1] INFO  server.RaftServerConfigKeys (ConfUtils.java:logGet(43)) - raft.server.log.statemachine.data.sync.timeout = 10s (default)
2019-09-26 12:47:53,353 [pool-107-thread-1] INFO  server.RaftServerConfigKeys (ConfUtils.java:logGet(43)) - raft.server.log.statemachine.data.sync.timeout.retry = -1 (default)
2019-09-26 12:47:53,354 [pool-107-thread-1] INFO  server.RaftServerConfigKeys (ConfUtils.java:logGet(43)) - raft.server.log.statemachine.data.caching.enabled = true (custom)
2019-09-26 12:47:53,354 [pool-107-thread-1] INFO  segmented.SegmentedRaftLogWorker (SegmentedRaftLogWorker.java:lambda$new$0(132)) - c217791a-6f2b-404e-8fdd-7bf246bea5f5@group-437FEF7E06DD-SegmentedRaftLogWorker: flushIndex: setUnconditionally 0 -> -1
2019-09-26 12:47:53,354 [pool-107-thread-1] INFO  server.RaftServerConfigKeys (ConfUtils.java:logGet(43)) - raft.server.snapshot.auto.trigger.enabled = true (custom)
2019-09-26 12:47:53,355 [pool-107-thread-1] INFO  server.RaftServerConfigKeys (ConfUtils.java:logGet(43)) - raft.server.snapshot.auto.trigger.threshold = 10000 (custom)
2019-09-26 12:47:53,355 [pool-107-thread-1] INFO  server.RaftServerConfigKeys (ConfUtils.java:logGet(43)) - raft.server.snapshot.retention.num.files = 5 (custom)
2019-09-26 12:47:53,355 [pool-107-thread-1] INFO  server.RaftServerConfigKeys (ConfUtils.java:logGet(43)) - raft.server.retrycache.expirytime = 600000ms (custom)
2019-09-26 12:47:53,358 [pool-107-thread-1] INFO  impl.RaftServerImpl (RaftServerImpl.java:start(185)) - c217791a-6f2b-404e-8fdd-7bf246bea5f5@group-437FEF7E06DD: start as a follower, conf=-1: [c217791a-6f2b-404e-8fdd-7bf246bea5f5:192.168.164.238:45154], old=null
2019-09-26 12:47:53,358 [pool-107-thread-1] INFO  impl.RaftServerImpl (RaftServerImpl.java:setRole(174)) - c217791a-6f2b-404e-8fdd-7bf246bea5f5@group-437FEF7E06DD: changes role from      null to FOLLOWER at term 0 for startAsFollower
2019-09-26 12:47:53,359 [pool-107-thread-1] INFO  impl.RoleInfo (RoleInfo.java:updateAndGet(143)) - c217791a-6f2b-404e-8fdd-7bf246bea5f5: start FollowerState
2019-09-26 12:47:53,359 [pool-107-thread-1] INFO  util.JmxRegister (JmxRegister.java:tryRegister(44)) - Successfully registered JMX Bean with object name Ratis:service=RaftServer,group=group-437FEF7E06DD,id=c217791a-6f2b-404e-8fdd-7bf246bea5f5
2019-09-26 12:47:53,375 [RatisPipelineUtilsThread] INFO  pipeline.PipelineStateManager (PipelineStateManager.java:addPipeline(56)) - Created pipeline Pipeline[ Id: cccfc5ab-6829-42b2-b982-437fef7e06dd, Nodes: c217791a-6f2b-404e-8fdd-7bf246bea5f5{ip: 192.168.164.238, host: pr-hdds-1569-87zkn-1081879488, networkLocation: /default-rack, certSerialId: null}, Type:RATIS, Factor:ONE, State:OPEN]
2019-09-26 12:47:53,387 [main] INFO  ozone.MiniOzoneClusterImpl (MiniOzoneClusterImpl.java:lambda$waitForClusterToBeReady$0(147)) - Cluster is ready. Got 10 of 10 DN Heartbeats.
2019-09-26 12:47:53,398 [grpc-default-executor-0] INFO  impl.RaftServerProxy (RaftServerProxy.java:addNew(89)) - 7f14b49f-15fb-4df6-892c-52360d3121e9: addNew group-E6DB6FF990D3:[7f14b49f-15fb-4df6-892c-52360d3121e9:192.168.164.238:38709] returns group-E6DB6FF990D3:java.util.concurrent.CompletableFuture@4c726823[Not completed]
2019-09-26 12:47:53,407 [pool-37-thread-1] INFO  impl.RaftServerImpl (RaftServerImpl.java:<init>(95)) - 7f14b49f-15fb-4df6-892c-52360d3121e9: new RaftServerImpl for group-E6DB6FF990D3:[7f14b49f-15fb-4df6-892c-52360d3121e9:192.168.164.238:38709] with ContainerStateMachine:uninitialized
2019-09-26 12:47:53,407 [pool-37-thread-1] INFO  server.RaftServerConfigKeys (ConfUtils.java:logGet(43)) - raft.server.rpc.timeout.min = 5s (custom)
2019-09-26 12:47:53,407 [pool-37-thread-1] INFO  server.RaftServerConfigKeys (ConfUtils.java:logGet(43)) - raft.server.rpc.timeout.max = 5200ms (custom)
2019-09-26 12:47:53,407 [pool-37-thread-1] INFO  server.RaftServerConfigKeys (ConfUtils.java:logGet(43)) - raft.server.rpcslowness.timeout = 120s (custom)
2019-09-26 12:47:53,408 [pool-37-thread-1] INFO  server.RaftServerConfigKeys (ConfUtils.java:logGet(43)) - raft.server.sleep.deviation.threshold = 300 (default)
2019-09-26 12:47:53,408 [pool-37-thread-1] INFO  server.RaftServerConfigKeys (ConfUtils.java:logGet(43)) - raft.server.log.appender.install.snapshot.enabled = false (custom)
2019-09-26 12:47:53,408 [pool-37-thread-1] INFO  impl.RaftServerImpl (ServerState.java:<init>(103)) - 7f14b49f-15fb-4df6-892c-52360d3121e9@group-E6DB6FF990D3: ConfigurationManager, init=-1: [7f14b49f-15fb-4df6-892c-52360d3121e9:192.168.164.238:38709], old=null, confs=<EMPTY_MAP>
2019-09-26 12:47:53,408 [pool-37-thread-1] INFO  server.RaftServerConfigKeys (ConfUtils.java:logGet(43)) - raft.server.storage.dir = [/workdir/hadoop-ozone/integration-test/target/test-dir/MiniOzoneClusterImpl-5cb8bac5-d0f0-4551-b9d0-b3e056facdc3/datanode-1/data/ratis] (custom)
2019-09-26 12:47:53,409 [pool-37-thread-1] INFO  storage.RaftStorageDirectory (RaftStorageDirectory.java:analyzeStorage(246)) - The storage directory /workdir/hadoop-ozone/integration-test/target/test-dir/MiniOzoneClusterImpl-5cb8bac5-d0f0-4551-b9d0-b3e056facdc3/datanode-1/data/ratis/0d6f1ba1-37f9-4f2a-b3a6-e6db6ff990d3 does not exist. Creating ...
2019-09-26 12:47:53,422 [pool-37-thread-1] INFO  storage.RaftStorageDirectory (RaftStorageDirectory.java:tryLock(328)) - Lock on /workdir/hadoop-ozone/integration-test/target/test-dir/MiniOzoneClusterImpl-5cb8bac5-d0f0-4551-b9d0-b3e056facdc3/datanode-1/data/ratis/0d6f1ba1-37f9-4f2a-b3a6-e6db6ff990d3/in_use.lock acquired by nodename 4507@pr-hdds-1569-87zkn-1081879488
2019-09-26 12:47:53,437 [pool-37-thread-1] INFO  storage.RaftStorage (RaftStorage.java:format(72)) - Storage directory /workdir/hadoop-ozone/integration-test/target/test-dir/MiniOzoneClusterImpl-5cb8bac5-d0f0-4551-b9d0-b3e056facdc3/datanode-1/data/ratis/0d6f1ba1-37f9-4f2a-b3a6-e6db6ff990d3 has been successfully formatted.
2019-09-26 12:47:53,437 [pool-37-thread-1] INFO  ratis.ContainerStateMachine (ContainerStateMachine.java:loadSnapshot(230)) - group-E6DB6FF990D3: The snapshot info is null. Setting the last applied indexto:(t:0, i:~)
2019-09-26 12:47:53,437 [pool-37-thread-1] INFO  server.RaftServerConfigKeys (ConfUtils.java:logGet(43)) - raft.server.notification.no-leader.timeout = 120s (custom)
2019-09-26 12:47:53,438 [pool-37-thread-1] INFO  server.RaftServerConfigKeys (ConfUtils.java:logGet(43)) - raft.server.log.use.memory = false (default)
2019-09-26 12:47:53,438 [pool-37-thread-1] INFO  server.RaftServerConfigKeys (ConfUtils.java:logGet(43)) - raft.server.log.purge.gap = 1000000 (custom)
2019-09-26 12:47:53,438 [pool-37-thread-1] INFO  server.RaftServerConfigKeys (ConfUtils.java:logGet(43)) - raft.server.log.appender.buffer.byte-limit = 33554432 (custom)
2019-09-26 12:47:53,438 [pool-37-thread-1] INFO  server.RaftServerConfigKeys (ConfUtils.java:logGet(43)) - raft.server.log.segment.size.max = 1048576 (custom)
2019-09-26 12:47:53,438 [pool-37-thread-1] INFO  server.RaftServerConfigKeys (ConfUtils.java:logGet(43)) - raft.server.log.segment.cache.num.max = 2 (custom)
2019-09-26 12:47:53,439 [pool-37-thread-1] INFO  segmented.SegmentedRaftLogWorker (SegmentedRaftLogWorker.java:<init>(172)) - new 7f14b49f-15fb-4df6-892c-52360d3121e9@group-E6DB6FF990D3-SegmentedRaftLogWorker for RaftStorage:Storage Directory /workdir/hadoop-ozone/integration-test/target/test-dir/MiniOzoneClusterImpl-5cb8bac5-d0f0-4551-b9d0-b3e056facdc3/datanode-1/data/ratis/0d6f1ba1-37f9-4f2a-b3a6-e6db6ff990d3
2019-09-26 12:47:53,443 [pool-37-thread-1] INFO  server.RaftServerConfigKeys (ConfUtils.java:logGet(43)) - raft.server.log.queue.byte-limit = 2147483647 (custom)
2019-09-26 12:47:53,443 [pool-37-thread-1] INFO  server.RaftServerConfigKeys (ConfUtils.java:logGet(43)) - raft.server.log.queue.element-limit = 1024 (custom)
2019-09-26 12:47:53,444 [pool-37-thread-1] INFO  server.RaftServerConfigKeys (ConfUtils.java:logGet(43)) - raft.server.log.segment.size.max = 1048576 (custom)
2019-09-26 12:47:53,444 [pool-37-thread-1] INFO  server.RaftServerConfigKeys (ConfUtils.java:logGet(43)) - raft.server.log.preallocated.size = 16384 (custom)
2019-09-26 12:47:53,444 [pool-37-thread-1] INFO  server.RaftServerConfigKeys (ConfUtils.java:logGet(43)) - raft.server.log.write.buffer.size = 33554432 (custom)
2019-09-26 12:47:53,444 [pool-37-thread-1] INFO  server.RaftServerConfigKeys (ConfUtils.java:logGet(43)) - raft.server.log.force.sync.num = 128 (default)
2019-09-26 12:47:53,444 [pool-37-thread-1] INFO  server.RaftServerConfigKeys (ConfUtils.java:logGet(43)) - raft.server.log.statemachine.data.sync = true (default)
2019-09-26 12:47:53,444 [pool-37-thread-1] INFO  server.RaftServerConfigKeys (ConfUtils.java:logGet(43)) - raft.server.log.statemachine.data.sync.timeout = 10s (default)
2019-09-26 12:47:53,445 [pool-37-thread-1] INFO  server.RaftServerConfigKeys (ConfUtils.java:logGet(43)) - raft.server.log.statemachine.data.sync.timeout.retry = -1 (default)
2019-09-26 12:47:53,445 [pool-37-thread-1] INFO  server.RaftServerConfigKeys (ConfUtils.java:logGet(43)) - raft.server.log.statemachine.data.caching.enabled = true (custom)
2019-09-26 12:47:53,446 [pool-37-thread-1] INFO  segmented.SegmentedRaftLogWorker (SegmentedRaftLogWorker.java:lambda$new$0(132)) - 7f14b49f-15fb-4df6-892c-52360d3121e9@group-E6DB6FF990D3-SegmentedRaftLogWorker: flushIndex: setUnconditionally 0 -> -1
2019-09-26 12:47:53,446 [pool-37-thread-1] INFO  server.RaftServerConfigKeys (ConfUtils.java:logGet(43)) - raft.server.snapshot.auto.trigger.enabled = true (custom)
2019-09-26 12:47:53,446 [pool-37-thread-1] INFO  server.RaftServerConfigKeys (ConfUtils.java:logGet(43)) - raft.server.snapshot.auto.trigger.threshold = 10000 (custom)
2019-09-26 12:47:53,446 [pool-37-thread-1] INFO  server.RaftServerConfigKeys (ConfUtils.java:logGet(43)) - raft.server.snapshot.retention.num.files = 5 (custom)
2019-09-26 12:47:53,447 [pool-37-thread-1] INFO  server.RaftServerConfigKeys (ConfUtils.java:logGet(43)) - raft.server.retrycache.expirytime = 600000ms (custom)
2019-09-26 12:47:53,451 [pool-37-thread-1] INFO  impl.RaftServerImpl (RaftServerImpl.java:start(185)) - 7f14b49f-15fb-4df6-892c-52360d3121e9@group-E6DB6FF990D3: start as a follower, conf=-1: [7f14b49f-15fb-4df6-892c-52360d3121e9:192.168.164.238:38709], old=null
2019-09-26 12:47:53,451 [pool-37-thread-1] INFO  impl.RaftServerImpl (RaftServerImpl.java:setRole(174)) - 7f14b49f-15fb-4df6-892c-52360d3121e9@group-E6DB6FF990D3: changes role from      null to FOLLOWER at term 0 for startAsFollower
2019-09-26 12:47:53,451 [pool-37-thread-1] INFO  impl.RoleInfo (RoleInfo.java:updateAndGet(143)) - 7f14b49f-15fb-4df6-892c-52360d3121e9: start FollowerState
2019-09-26 12:47:53,452 [pool-37-thread-1] INFO  util.JmxRegister (JmxRegister.java:tryRegister(44)) - Successfully registered JMX Bean with object name Ratis:service=RaftServer,group=group-E6DB6FF990D3,id=7f14b49f-15fb-4df6-892c-52360d3121e9
2019-09-26 12:47:53,470 [RatisPipelineUtilsThread] INFO  pipeline.PipelineStateManager (PipelineStateManager.java:addPipeline(56)) - Created pipeline Pipeline[ Id: 0d6f1ba1-37f9-4f2a-b3a6-e6db6ff990d3, Nodes: 7f14b49f-15fb-4df6-892c-52360d3121e9{ip: 192.168.164.238, host: pr-hdds-1569-87zkn-1081879488, networkLocation: /default-rack, certSerialId: null}, Type:RATIS, Factor:ONE, State:OPEN]
2019-09-26 12:47:53,494 [grpc-default-executor-0] INFO  impl.RaftServerProxy (RaftServerProxy.java:addNew(89)) - 7f14b49f-15fb-4df6-892c-52360d3121e9: addNew group-128E56AEEFFC:[7f14b49f-15fb-4df6-892c-52360d3121e9:192.168.164.238:38709] returns group-128E56AEEFFC:java.util.concurrent.CompletableFuture@5f077ce[Not completed]
2019-09-26 12:47:53,496 [pool-37-thread-1] INFO  impl.RaftServerImpl (RaftServerImpl.java:<init>(95)) - 7f14b49f-15fb-4df6-892c-52360d3121e9: new RaftServerImpl for group-128E56AEEFFC:[7f14b49f-15fb-4df6-892c-52360d3121e9:192.168.164.238:38709] with ContainerStateMachine:uninitialized
2019-09-26 12:47:53,497 [pool-37-thread-1] INFO  server.RaftServerConfigKeys (ConfUtils.java:logGet(43)) - raft.server.rpc.timeout.min = 5s (custom)
2019-09-26 12:47:53,497 [pool-37-thread-1] INFO  server.RaftServerConfigKeys (ConfUtils.java:logGet(43)) - raft.server.rpc.timeout.max = 5200ms (custom)
2019-09-26 12:47:53,497 [pool-37-thread-1] INFO  server.RaftServerConfigKeys (ConfUtils.java:logGet(43)) - raft.server.rpcslowness.timeout = 120s (custom)
2019-09-26 12:47:53,497 [pool-37-thread-1] INFO  server.RaftServerConfigKeys (ConfUtils.java:logGet(43)) - raft.server.sleep.deviation.threshold = 300 (default)
2019-09-26 12:47:53,497 [pool-37-thread-1] INFO  server.RaftServerConfigKeys (ConfUtils.java:logGet(43)) - raft.server.log.appender.install.snapshot.enabled = false (custom)
2019-09-26 12:47:53,497 [pool-37-thread-1] INFO  impl.RaftServerImpl (ServerState.java:<init>(103)) - 7f14b49f-15fb-4df6-892c-52360d3121e9@group-128E56AEEFFC: ConfigurationManager, init=-1: [7f14b49f-15fb-4df6-892c-52360d3121e9:192.168.164.238:38709], old=null, confs=<EMPTY_MAP>
2019-09-26 12:47:53,498 [pool-37-thread-1] INFO  server.RaftServerConfigKeys (ConfUtils.java:logGet(43)) - raft.server.storage.dir = [/workdir/hadoop-ozone/integration-test/target/test-dir/MiniOzoneClusterImpl-5cb8bac5-d0f0-4551-b9d0-b3e056facdc3/datanode-1/data/ratis] (custom)
2019-09-26 12:47:53,498 [pool-37-thread-1] INFO  storage.RaftStorageDirectory (RaftStorageDirectory.java:analyzeStorage(246)) - The storage directory /workdir/hadoop-ozone/integration-test/target/test-dir/MiniOzoneClusterImpl-5cb8bac5-d0f0-4551-b9d0-b3e056facdc3/datanode-1/data/ratis/0546ea17-4ff2-41fc-884c-128e56aeeffc does not exist. Creating ...
2019-09-26 12:47:53,511 [pool-37-thread-1] INFO  storage.RaftStorageDirectory (RaftStorageDirectory.java:tryLock(328)) - Lock on /workdir/hadoop-ozone/integration-test/target/test-dir/MiniOzoneClusterImpl-5cb8bac5-d0f0-4551-b9d0-b3e056facdc3/datanode-1/data/ratis/0546ea17-4ff2-41fc-884c-128e56aeeffc/in_use.lock acquired by nodename 4507@pr-hdds-1569-87zkn-1081879488
2019-09-26 12:47:53,528 [pool-37-thread-1] INFO  storage.RaftStorage (RaftStorage.java:format(72)) - Storage directory /workdir/hadoop-ozone/integration-test/target/test-dir/MiniOzoneClusterImpl-5cb8bac5-d0f0-4551-b9d0-b3e056facdc3/datanode-1/data/ratis/0546ea17-4ff2-41fc-884c-128e56aeeffc has been successfully formatted.
2019-09-26 12:47:53,528 [pool-37-thread-1] INFO  ratis.ContainerStateMachine (ContainerStateMachine.java:loadSnapshot(230)) - group-128E56AEEFFC: The snapshot info is null. Setting the last applied indexto:(t:0, i:~)
2019-09-26 12:47:53,528 [pool-37-thread-1] INFO  server.RaftServerConfigKeys (ConfUtils.java:logGet(43)) - raft.server.notification.no-leader.timeout = 120s (custom)
2019-09-26 12:47:53,528 [pool-37-thread-1] INFO  server.RaftServerConfigKeys (ConfUtils.java:logGet(43)) - raft.server.log.use.memory = false (default)
2019-09-26 12:47:53,528 [pool-37-thread-1] INFO  server.RaftServerConfigKeys (ConfUtils.java:logGet(43)) - raft.server.log.purge.gap = 1000000 (custom)
2019-09-26 12:47:53,528 [pool-37-thread-1] INFO  server.RaftServerConfigKeys (ConfUtils.java:logGet(43)) - raft.server.log.appender.buffer.byte-limit = 33554432 (custom)
2019-09-26 12:47:53,529 [pool-37-thread-1] INFO  server.RaftServerConfigKeys (ConfUtils.java:logGet(43)) - raft.server.log.segment.size.max = 1048576 (custom)
2019-09-26 12:47:53,529 [pool-37-thread-1] INFO  server.RaftServerConfigKeys (ConfUtils.java:logGet(43)) - raft.server.log.segment.cache.num.max = 2 (custom)
2019-09-26 12:47:53,529 [pool-37-thread-1] INFO  segmented.SegmentedRaftLogWorker (SegmentedRaftLogWorker.java:<init>(172)) - new 7f14b49f-15fb-4df6-892c-52360d3121e9@group-128E56AEEFFC-SegmentedRaftLogWorker for RaftStorage:Storage Directory /workdir/hadoop-ozone/integration-test/target/test-dir/MiniOzoneClusterImpl-5cb8bac5-d0f0-4551-b9d0-b3e056facdc3/datanode-1/data/ratis/0546ea17-4ff2-41fc-884c-128e56aeeffc
2019-09-26 12:47:53,529 [pool-37-thread-1] INFO  server.RaftServerConfigKeys (ConfUtils.java:logGet(43)) - raft.server.log.queue.byte-limit = 2147483647 (custom)
2019-09-26 12:47:53,529 [pool-37-thread-1] INFO  server.RaftServerConfigKeys (ConfUtils.java:logGet(43)) - raft.server.log.queue.element-limit = 1024 (custom)
2019-09-26 12:47:53,529 [pool-37-thread-1] INFO  server.RaftServerConfigKeys (ConfUtils.java:logGet(43)) - raft.server.log.segment.size.max = 1048576 (custom)
2019-09-26 12:47:53,529 [pool-37-thread-1] INFO  server.RaftServerConfigKeys (ConfUtils.java:logGet(43)) - raft.server.log.preallocated.size = 16384 (custom)
2019-09-26 12:47:53,530 [pool-37-thread-1] INFO  server.RaftServerConfigKeys (ConfUtils.java:logGet(43)) - raft.server.log.write.buffer.size = 33554432 (custom)
2019-09-26 12:47:53,530 [pool-37-thread-1] INFO  server.RaftServerConfigKeys (ConfUtils.java:logGet(43)) - raft.server.log.force.sync.num = 128 (default)
2019-09-26 12:47:53,530 [pool-37-thread-1] INFO  server.RaftServerConfigKeys (ConfUtils.java:logGet(43)) - raft.server.log.statemachine.data.sync = true (default)
2019-09-26 12:47:53,530 [pool-37-thread-1] INFO  server.RaftServerConfigKeys (ConfUtils.java:logGet(43)) - raft.server.log.statemachine.data.sync.timeout = 10s (default)
2019-09-26 12:47:53,530 [pool-37-thread-1] INFO  server.RaftServerConfigKeys (ConfUtils.java:logGet(43)) - raft.server.log.statemachine.data.sync.timeout.retry = -1 (default)
2019-09-26 12:47:53,530 [pool-37-thread-1] INFO  server.RaftServerConfigKeys (ConfUtils.java:logGet(43)) - raft.server.log.statemachine.data.caching.enabled = true (custom)
2019-09-26 12:47:53,531 [pool-37-thread-1] INFO  segmented.SegmentedRaftLogWorker (SegmentedRaftLogWorker.java:lambda$new$0(132)) - 7f14b49f-15fb-4df6-892c-52360d3121e9@group-128E56AEEFFC-SegmentedRaftLogWorker: flushIndex: setUnconditionally 0 -> -1
2019-09-26 12:47:53,531 [pool-37-thread-1] INFO  server.RaftServerConfigKeys (ConfUtils.java:logGet(43)) - raft.server.snapshot.auto.trigger.enabled = true (custom)
2019-09-26 12:47:53,531 [pool-37-thread-1] INFO  server.RaftServerConfigKeys (ConfUtils.java:logGet(43)) - raft.server.snapshot.auto.trigger.threshold = 10000 (custom)
2019-09-26 12:47:53,531 [pool-37-thread-1] INFO  server.RaftServerConfigKeys (ConfUtils.java:logGet(43)) - raft.server.snapshot.retention.num.files = 5 (custom)
2019-09-26 12:47:53,531 [pool-37-thread-1] INFO  server.RaftServerConfigKeys (ConfUtils.java:logGet(43)) - raft.server.retrycache.expirytime = 600000ms (custom)
2019-09-26 12:47:53,534 [pool-37-thread-1] INFO  impl.RaftServerImpl (RaftServerImpl.java:start(185)) - 7f14b49f-15fb-4df6-892c-52360d3121e9@group-128E56AEEFFC: start as a follower, conf=-1: [7f14b49f-15fb-4df6-892c-52360d3121e9:192.168.164.238:38709], old=null
2019-09-26 12:47:53,534 [pool-37-thread-1] INFO  impl.RaftServerImpl (RaftServerImpl.java:setRole(174)) - 7f14b49f-15fb-4df6-892c-52360d3121e9@group-128E56AEEFFC: changes role from      null to FOLLOWER at term 0 for startAsFollower
2019-09-26 12:47:53,534 [pool-37-thread-1] INFO  impl.RoleInfo (RoleInfo.java:updateAndGet(143)) - 7f14b49f-15fb-4df6-892c-52360d3121e9: start FollowerState
2019-09-26 12:47:53,535 [pool-37-thread-1] INFO  util.JmxRegister (JmxRegister.java:tryRegister(44)) - Successfully registered JMX Bean with object name Ratis:service=RaftServer,group=group-128E56AEEFFC,id=7f14b49f-15fb-4df6-892c-52360d3121e9
2019-09-26 12:47:53,558 [RatisPipelineUtilsThread] INFO  pipeline.PipelineStateManager (PipelineStateManager.java:addPipeline(56)) - Created pipeline Pipeline[ Id: 0546ea17-4ff2-41fc-884c-128e56aeeffc, Nodes: 7f14b49f-15fb-4df6-892c-52360d3121e9{ip: 192.168.164.238, host: pr-hdds-1569-87zkn-1081879488, networkLocation: /default-rack, certSerialId: null}, Type:RATIS, Factor:ONE, State:OPEN]
2019-09-26 12:47:53,575 [grpc-default-executor-0] INFO  impl.RaftServerProxy (RaftServerProxy.java:addNew(89)) - c217791a-6f2b-404e-8fdd-7bf246bea5f5: addNew group-D6F8AA89D451:[c217791a-6f2b-404e-8fdd-7bf246bea5f5:192.168.164.238:45154] returns group-D6F8AA89D451:java.util.concurrent.CompletableFuture@317dc4d1[Not completed]
2019-09-26 12:47:53,577 [pool-107-thread-1] INFO  impl.RaftServerImpl (RaftServerImpl.java:<init>(95)) - c217791a-6f2b-404e-8fdd-7bf246bea5f5: new RaftServerImpl for group-D6F8AA89D451:[c217791a-6f2b-404e-8fdd-7bf246bea5f5:192.168.164.238:45154] with ContainerStateMachine:uninitialized
2019-09-26 12:47:53,577 [pool-107-thread-1] INFO  server.RaftServerConfigKeys (ConfUtils.java:logGet(43)) - raft.server.rpc.timeout.min = 5s (custom)
2019-09-26 12:47:53,577 [pool-107-thread-1] INFO  server.RaftServerConfigKeys (ConfUtils.java:logGet(43)) - raft.server.rpc.timeout.max = 5200ms (custom)
2019-09-26 12:47:53,578 [pool-107-thread-1] INFO  server.RaftServerConfigKeys (ConfUtils.java:logGet(43)) - raft.server.rpcslowness.timeout = 120s (custom)
2019-09-26 12:47:53,578 [pool-107-thread-1] INFO  server.RaftServerConfigKeys (ConfUtils.java:logGet(43)) - raft.server.sleep.deviation.threshold = 300 (default)
2019-09-26 12:47:53,578 [pool-107-thread-1] INFO  server.RaftServerConfigKeys (ConfUtils.java:logGet(43)) - raft.server.log.appender.install.snapshot.enabled = false (custom)
2019-09-26 12:47:53,578 [pool-107-thread-1] INFO  impl.RaftServerImpl (ServerState.java:<init>(103)) - c217791a-6f2b-404e-8fdd-7bf246bea5f5@group-D6F8AA89D451: ConfigurationManager, init=-1: [c217791a-6f2b-404e-8fdd-7bf246bea5f5:192.168.164.238:45154], old=null, confs=<EMPTY_MAP>
2019-09-26 12:47:53,578 [pool-107-thread-1] INFO  server.RaftServerConfigKeys (ConfUtils.java:logGet(43)) - raft.server.storage.dir = [/workdir/hadoop-ozone/integration-test/target/test-dir/MiniOzoneClusterImpl-5cb8bac5-d0f0-4551-b9d0-b3e056facdc3/datanode-8/data/ratis] (custom)
2019-09-26 12:47:53,579 [pool-107-thread-1] INFO  storage.RaftStorageDirectory (RaftStorageDirectory.java:analyzeStorage(246)) - The storage directory /workdir/hadoop-ozone/integration-test/target/test-dir/MiniOzoneClusterImpl-5cb8bac5-d0f0-4551-b9d0-b3e056facdc3/datanode-8/data/ratis/495d266a-eec1-4ba8-8de0-d6f8aa89d451 does not exist. Creating ...
2019-09-26 12:47:53,592 [pool-107-thread-1] INFO  storage.RaftStorageDirectory (RaftStorageDirectory.java:tryLock(328)) - Lock on /workdir/hadoop-ozone/integration-test/target/test-dir/MiniOzoneClusterImpl-5cb8bac5-d0f0-4551-b9d0-b3e056facdc3/datanode-8/data/ratis/495d266a-eec1-4ba8-8de0-d6f8aa89d451/in_use.lock acquired by nodename 4507@pr-hdds-1569-87zkn-1081879488
2019-09-26 12:47:53,605 [pool-107-thread-1] INFO  storage.RaftStorage (RaftStorage.java:format(72)) - Storage directory /workdir/hadoop-ozone/integration-test/target/test-dir/MiniOzoneClusterImpl-5cb8bac5-d0f0-4551-b9d0-b3e056facdc3/datanode-8/data/ratis/495d266a-eec1-4ba8-8de0-d6f8aa89d451 has been successfully formatted.
2019-09-26 12:47:53,606 [pool-107-thread-1] INFO  ratis.ContainerStateMachine (ContainerStateMachine.java:loadSnapshot(230)) - group-D6F8AA89D451: The snapshot info is null. Setting the last applied indexto:(t:0, i:~)
2019-09-26 12:47:53,606 [pool-107-thread-1] INFO  server.RaftServerConfigKeys (ConfUtils.java:logGet(43)) - raft.server.notification.no-leader.timeout = 120s (custom)
2019-09-26 12:47:53,606 [pool-107-thread-1] INFO  server.RaftServerConfigKeys (ConfUtils.java:logGet(43)) - raft.server.log.use.memory = false (default)
2019-09-26 12:47:53,606 [pool-107-thread-1] INFO  server.RaftServerConfigKeys (ConfUtils.java:logGet(43)) - raft.server.log.purge.gap = 1000000 (custom)
2019-09-26 12:47:53,606 [pool-107-thread-1] INFO  server.RaftServerConfigKeys (ConfUtils.java:logGet(43)) - raft.server.log.appender.buffer.byte-limit = 33554432 (custom)
2019-09-26 12:47:53,607 [pool-107-thread-1] INFO  server.RaftServerConfigKeys (ConfUtils.java:logGet(43)) - raft.server.log.segment.size.max = 1048576 (custom)
2019-09-26 12:47:53,607 [pool-107-thread-1] INFO  server.RaftServerConfigKeys (ConfUtils.java:logGet(43)) - raft.server.log.segment.cache.num.max = 2 (custom)
2019-09-26 12:47:53,607 [pool-107-thread-1] INFO  segmented.SegmentedRaftLogWorker (SegmentedRaftLogWorker.java:<init>(172)) - new c217791a-6f2b-404e-8fdd-7bf246bea5f5@group-D6F8AA89D451-SegmentedRaftLogWorker for RaftStorage:Storage Directory /workdir/hadoop-ozone/integration-test/target/test-dir/MiniOzoneClusterImpl-5cb8bac5-d0f0-4551-b9d0-b3e056facdc3/datanode-8/data/ratis/495d266a-eec1-4ba8-8de0-d6f8aa89d451
2019-09-26 12:47:53,607 [pool-107-thread-1] INFO  server.RaftServerConfigKeys (ConfUtils.java:logGet(43)) - raft.server.log.queue.byte-limit = 2147483647 (custom)
2019-09-26 12:47:53,607 [pool-107-thread-1] INFO  server.RaftServerConfigKeys (ConfUtils.java:logGet(43)) - raft.server.log.queue.element-limit = 1024 (custom)
2019-09-26 12:47:53,607 [pool-107-thread-1] INFO  server.RaftServerConfigKeys (ConfUtils.java:logGet(43)) - raft.server.log.segment.size.max = 1048576 (custom)
2019-09-26 12:47:53,608 [pool-107-thread-1] INFO  server.RaftServerConfigKeys (ConfUtils.java:logGet(43)) - raft.server.log.preallocated.size = 16384 (custom)
2019-09-26 12:47:53,608 [pool-107-thread-1] INFO  server.RaftServerConfigKeys (ConfUtils.java:logGet(43)) - raft.server.log.write.buffer.size = 33554432 (custom)
2019-09-26 12:47:53,608 [pool-107-thread-1] INFO  server.RaftServerConfigKeys (ConfUtils.java:logGet(43)) - raft.server.log.force.sync.num = 128 (default)
2019-09-26 12:47:53,608 [pool-107-thread-1] INFO  server.RaftServerConfigKeys (ConfUtils.java:logGet(43)) - raft.server.log.statemachine.data.sync = true (default)
2019-09-26 12:47:53,608 [pool-107-thread-1] INFO  server.RaftServerConfigKeys (ConfUtils.java:logGet(43)) - raft.server.log.statemachine.data.sync.timeout = 10s (default)
2019-09-26 12:47:53,608 [pool-107-thread-1] INFO  server.RaftServerConfigKeys (ConfUtils.java:logGet(43)) - raft.server.log.statemachine.data.sync.timeout.retry = -1 (default)
2019-09-26 12:47:53,609 [pool-107-thread-1] INFO  server.RaftServerConfigKeys (ConfUtils.java:logGet(43)) - raft.server.log.statemachine.data.caching.enabled = true (custom)
2019-09-26 12:47:53,609 [pool-107-thread-1] INFO  segmented.SegmentedRaftLogWorker (SegmentedRaftLogWorker.java:lambda$new$0(132)) - c217791a-6f2b-404e-8fdd-7bf246bea5f5@group-D6F8AA89D451-SegmentedRaftLogWorker: flushIndex: setUnconditionally 0 -> -1
2019-09-26 12:47:53,609 [pool-107-thread-1] INFO  server.RaftServerConfigKeys (ConfUtils.java:logGet(43)) - raft.server.snapshot.auto.trigger.enabled = true (custom)
2019-09-26 12:47:53,609 [pool-107-thread-1] INFO  server.RaftServerConfigKeys (ConfUtils.java:logGet(43)) - raft.server.snapshot.auto.trigger.threshold = 10000 (custom)
2019-09-26 12:47:53,609 [pool-107-thread-1] INFO  server.RaftServerConfigKeys (ConfUtils.java:logGet(43)) - raft.server.snapshot.retention.num.files = 5 (custom)
2019-09-26 12:47:53,610 [pool-107-thread-1] INFO  server.RaftServerConfigKeys (ConfUtils.java:logGet(43)) - raft.server.retrycache.expirytime = 600000ms (custom)
2019-09-26 12:47:53,613 [pool-107-thread-1] INFO  impl.RaftServerImpl (RaftServerImpl.java:start(185)) - c217791a-6f2b-404e-8fdd-7bf246bea5f5@group-D6F8AA89D451: start as a follower, conf=-1: [c217791a-6f2b-404e-8fdd-7bf246bea5f5:192.168.164.238:45154], old=null
2019-09-26 12:47:53,613 [pool-107-thread-1] INFO  impl.RaftServerImpl (RaftServerImpl.java:setRole(174)) - c217791a-6f2b-404e-8fdd-7bf246bea5f5@group-D6F8AA89D451: changes role from      null to FOLLOWER at term 0 for startAsFollower
2019-09-26 12:47:53,613 [pool-107-thread-1] INFO  impl.RoleInfo (RoleInfo.java:updateAndGet(143)) - c217791a-6f2b-404e-8fdd-7bf246bea5f5: start FollowerState
2019-09-26 12:47:53,613 [pool-107-thread-1] INFO  util.JmxRegister (JmxRegister.java:tryRegister(44)) - Successfully registered JMX Bean with object name Ratis:service=RaftServer,group=group-D6F8AA89D451,id=c217791a-6f2b-404e-8fdd-7bf246bea5f5
2019-09-26 12:47:53,630 [RatisPipelineUtilsThread] INFO  pipeline.PipelineStateManager (PipelineStateManager.java:addPipeline(56)) - Created pipeline Pipeline[ Id: 495d266a-eec1-4ba8-8de0-d6f8aa89d451, Nodes: c217791a-6f2b-404e-8fdd-7bf246bea5f5{ip: 192.168.164.238, host: pr-hdds-1569-87zkn-1081879488, networkLocation: /default-rack, certSerialId: null}, Type:RATIS, Factor:ONE, State:OPEN]
2019-09-26 12:47:53,646 [grpc-default-executor-0] INFO  impl.RaftServerProxy (RaftServerProxy.java:addNew(89)) - c217791a-6f2b-404e-8fdd-7bf246bea5f5: addNew group-144BCA3FAE30:[c217791a-6f2b-404e-8fdd-7bf246bea5f5:192.168.164.238:45154] returns group-144BCA3FAE30:java.util.concurrent.CompletableFuture@377fc313[Not completed]
2019-09-26 12:47:53,648 [pool-107-thread-1] INFO  impl.RaftServerImpl (RaftServerImpl.java:<init>(95)) - c217791a-6f2b-404e-8fdd-7bf246bea5f5: new RaftServerImpl for group-144BCA3FAE30:[c217791a-6f2b-404e-8fdd-7bf246bea5f5:192.168.164.238:45154] with ContainerStateMachine:uninitialized
2019-09-26 12:47:53,648 [pool-107-thread-1] INFO  server.RaftServerConfigKeys (ConfUtils.java:logGet(43)) - raft.server.rpc.timeout.min = 5s (custom)
2019-09-26 12:47:53,648 [pool-107-thread-1] INFO  server.RaftServerConfigKeys (ConfUtils.java:logGet(43)) - raft.server.rpc.timeout.max = 5200ms (custom)
2019-09-26 12:47:53,648 [pool-107-thread-1] INFO  server.RaftServerConfigKeys (ConfUtils.java:logGet(43)) - raft.server.rpcslowness.timeout = 120s (custom)
2019-09-26 12:47:53,648 [pool-107-thread-1] INFO  server.RaftServerConfigKeys (ConfUtils.java:logGet(43)) - raft.server.sleep.deviation.threshold = 300 (default)
2019-09-26 12:47:53,649 [pool-107-thread-1] INFO  server.RaftServerConfigKeys (ConfUtils.java:logGet(43)) - raft.server.log.appender.install.snapshot.enabled = false (custom)
2019-09-26 12:47:53,649 [pool-107-thread-1] INFO  impl.RaftServerImpl (ServerState.java:<init>(103)) - c217791a-6f2b-404e-8fdd-7bf246bea5f5@group-144BCA3FAE30: ConfigurationManager, init=-1: [c217791a-6f2b-404e-8fdd-7bf246bea5f5:192.168.164.238:45154], old=null, confs=<EMPTY_MAP>
2019-09-26 12:47:53,649 [pool-107-thread-1] INFO  server.RaftServerConfigKeys (ConfUtils.java:logGet(43)) - raft.server.storage.dir = [/workdir/hadoop-ozone/integration-test/target/test-dir/MiniOzoneClusterImpl-5cb8bac5-d0f0-4551-b9d0-b3e056facdc3/datanode-8/data/ratis] (custom)
2019-09-26 12:47:53,649 [pool-107-thread-1] INFO  storage.RaftStorageDirectory (RaftStorageDirectory.java:analyzeStorage(246)) - The storage directory /workdir/hadoop-ozone/integration-test/target/test-dir/MiniOzoneClusterImpl-5cb8bac5-d0f0-4551-b9d0-b3e056facdc3/datanode-8/data/ratis/931d21e5-bc3a-4277-86fe-144bca3fae30 does not exist. Creating ...
2019-09-26 12:47:53,663 [pool-107-thread-1] INFO  storage.RaftStorageDirectory (RaftStorageDirectory.java:tryLock(328)) - Lock on /workdir/hadoop-ozone/integration-test/target/test-dir/MiniOzoneClusterImpl-5cb8bac5-d0f0-4551-b9d0-b3e056facdc3/datanode-8/data/ratis/931d21e5-bc3a-4277-86fe-144bca3fae30/in_use.lock acquired by nodename 4507@pr-hdds-1569-87zkn-1081879488
2019-09-26 12:47:53,675 [pool-107-thread-1] INFO  storage.RaftStorage (RaftStorage.java:format(72)) - Storage directory /workdir/hadoop-ozone/integration-test/target/test-dir/MiniOzoneClusterImpl-5cb8bac5-d0f0-4551-b9d0-b3e056facdc3/datanode-8/data/ratis/931d21e5-bc3a-4277-86fe-144bca3fae30 has been successfully formatted.
2019-09-26 12:47:53,676 [pool-107-thread-1] INFO  ratis.ContainerStateMachine (ContainerStateMachine.java:loadSnapshot(230)) - group-144BCA3FAE30: The snapshot info is null. Setting the last applied indexto:(t:0, i:~)
2019-09-26 12:47:53,676 [pool-107-thread-1] INFO  server.RaftServerConfigKeys (ConfUtils.java:logGet(43)) - raft.server.notification.no-leader.timeout = 120s (custom)
2019-09-26 12:47:53,676 [pool-107-thread-1] INFO  server.RaftServerConfigKeys (ConfUtils.java:logGet(43)) - raft.server.log.use.memory = false (default)
2019-09-26 12:47:53,676 [pool-107-thread-1] INFO  server.RaftServerConfigKeys (ConfUtils.java:logGet(43)) - raft.server.log.purge.gap = 1000000 (custom)
2019-09-26 12:47:53,677 [pool-107-thread-1] INFO  server.RaftServerConfigKeys (ConfUtils.java:logGet(43)) - raft.server.log.appender.buffer.byte-limit = 33554432 (custom)
2019-09-26 12:47:53,677 [pool-107-thread-1] INFO  server.RaftServerConfigKeys (ConfUtils.java:logGet(43)) - raft.server.log.segment.size.max = 1048576 (custom)
2019-09-26 12:47:53,677 [pool-107-thread-1] INFO  server.RaftServerConfigKeys (ConfUtils.java:logGet(43)) - raft.server.log.segment.cache.num.max = 2 (custom)
2019-09-26 12:47:53,677 [pool-107-thread-1] INFO  segmented.SegmentedRaftLogWorker (SegmentedRaftLogWorker.java:<init>(172)) - new c217791a-6f2b-404e-8fdd-7bf246bea5f5@group-144BCA3FAE30-SegmentedRaftLogWorker for RaftStorage:Storage Directory /workdir/hadoop-ozone/integration-test/target/test-dir/MiniOzoneClusterImpl-5cb8bac5-d0f0-4551-b9d0-b3e056facdc3/datanode-8/data/ratis/931d21e5-bc3a-4277-86fe-144bca3fae30
2019-09-26 12:47:53,677 [pool-107-thread-1] INFO  server.RaftServerConfigKeys (ConfUtils.java:logGet(43)) - raft.server.log.queue.byte-limit = 2147483647 (custom)
2019-09-26 12:47:53,677 [pool-107-thread-1] INFO  server.RaftServerConfigKeys (ConfUtils.java:logGet(43)) - raft.server.log.queue.element-limit = 1024 (custom)
2019-09-26 12:47:53,678 [pool-107-thread-1] INFO  server.RaftServerConfigKeys (ConfUtils.java:logGet(43)) - raft.server.log.segment.size.max = 1048576 (custom)
2019-09-26 12:47:53,678 [pool-107-thread-1] INFO  server.RaftServerConfigKeys (ConfUtils.java:logGet(43)) - raft.server.log.preallocated.size = 16384 (custom)
2019-09-26 12:47:53,678 [pool-107-thread-1] INFO  server.RaftServerConfigKeys (ConfUtils.java:logGet(43)) - raft.server.log.write.buffer.size = 33554432 (custom)
2019-09-26 12:47:53,678 [pool-107-thread-1] INFO  server.RaftServerConfigKeys (ConfUtils.java:logGet(43)) - raft.server.log.force.sync.num = 128 (default)
2019-09-26 12:47:53,678 [pool-107-thread-1] INFO  server.RaftServerConfigKeys (ConfUtils.java:logGet(43)) - raft.server.log.statemachine.data.sync = true (default)
2019-09-26 12:47:53,678 [pool-107-thread-1] INFO  server.RaftServerConfigKeys (ConfUtils.java:logGet(43)) - raft.server.log.statemachine.data.sync.timeout = 10s (default)
2019-09-26 12:47:53,679 [pool-107-thread-1] INFO  server.RaftServerConfigKeys (ConfUtils.java:logGet(43)) - raft.server.log.statemachine.data.sync.timeout.retry = -1 (default)
2019-09-26 12:47:53,679 [pool-107-thread-1] INFO  server.RaftServerConfigKeys (ConfUtils.java:logGet(43)) - raft.server.log.statemachine.data.caching.enabled = true (custom)
2019-09-26 12:47:53,679 [pool-107-thread-1] INFO  segmented.SegmentedRaftLogWorker (SegmentedRaftLogWorker.java:lambda$new$0(132)) - c217791a-6f2b-404e-8fdd-7bf246bea5f5@group-144BCA3FAE30-SegmentedRaftLogWorker: flushIndex: setUnconditionally 0 -> -1
2019-09-26 12:47:53,680 [pool-107-thread-1] INFO  server.RaftServerConfigKeys (ConfUtils.java:logGet(43)) - raft.server.snapshot.auto.trigger.enabled = true (custom)
2019-09-26 12:47:53,680 [pool-107-thread-1] INFO  server.RaftServerConfigKeys (ConfUtils.java:logGet(43)) - raft.server.snapshot.auto.trigger.threshold = 10000 (custom)
2019-09-26 12:47:53,680 [pool-107-thread-1] INFO  server.RaftServerConfigKeys (ConfUtils.java:logGet(43)) - raft.server.snapshot.retention.num.files = 5 (custom)
2019-09-26 12:47:53,680 [pool-107-thread-1] INFO  server.RaftServerConfigKeys (ConfUtils.java:logGet(43)) - raft.server.retrycache.expirytime = 600000ms (custom)
2019-09-26 12:47:53,683 [pool-107-thread-1] INFO  impl.RaftServerImpl (RaftServerImpl.java:start(185)) - c217791a-6f2b-404e-8fdd-7bf246bea5f5@group-144BCA3FAE30: start as a follower, conf=-1: [c217791a-6f2b-404e-8fdd-7bf246bea5f5:192.168.164.238:45154], old=null
2019-09-26 12:47:53,683 [pool-107-thread-1] INFO  impl.RaftServerImpl (RaftServerImpl.java:setRole(174)) - c217791a-6f2b-404e-8fdd-7bf246bea5f5@group-144BCA3FAE30: changes role from      null to FOLLOWER at term 0 for startAsFollower
2019-09-26 12:47:53,683 [pool-107-thread-1] INFO  impl.RoleInfo (RoleInfo.java:updateAndGet(143)) - c217791a-6f2b-404e-8fdd-7bf246bea5f5: start FollowerState
2019-09-26 12:47:53,684 [pool-107-thread-1] INFO  util.JmxRegister (JmxRegister.java:tryRegister(44)) - Successfully registered JMX Bean with object name Ratis:service=RaftServer,group=group-144BCA3FAE30,id=c217791a-6f2b-404e-8fdd-7bf246bea5f5
2019-09-26 12:47:53,698 [RatisPipelineUtilsThread] INFO  pipeline.PipelineStateManager (PipelineStateManager.java:addPipeline(56)) - Created pipeline Pipeline[ Id: 931d21e5-bc3a-4277-86fe-144bca3fae30, Nodes: c217791a-6f2b-404e-8fdd-7bf246bea5f5{ip: 192.168.164.238, host: pr-hdds-1569-87zkn-1081879488, networkLocation: /default-rack, certSerialId: null}, Type:RATIS, Factor:ONE, State:OPEN]
2019-09-26 12:47:53,738 [grpc-default-executor-0] INFO  impl.RaftServerProxy (RaftServerProxy.java:addNew(89)) - ee405521-39f0-4e35-96b7-0f3eb4cba198: addNew group-CEBF7C877ACA:[ee405521-39f0-4e35-96b7-0f3eb4cba198:192.168.164.238:41045] returns group-CEBF7C877ACA:java.util.concurrent.CompletableFuture@ada8180[Not completed]
2019-09-26 12:47:53,739 [pool-97-thread-1] INFO  impl.RaftServerImpl (RaftServerImpl.java:<init>(95)) - ee405521-39f0-4e35-96b7-0f3eb4cba198: new RaftServerImpl for group-CEBF7C877ACA:[ee405521-39f0-4e35-96b7-0f3eb4cba198:192.168.164.238:41045] with ContainerStateMachine:uninitialized
2019-09-26 12:47:53,740 [pool-97-thread-1] INFO  server.RaftServerConfigKeys (ConfUtils.java:logGet(43)) - raft.server.rpc.timeout.min = 5s (custom)
2019-09-26 12:47:53,740 [pool-97-thread-1] INFO  server.RaftServerConfigKeys (ConfUtils.java:logGet(43)) - raft.server.rpc.timeout.max = 5200ms (custom)
2019-09-26 12:47:53,740 [pool-97-thread-1] INFO  server.RaftServerConfigKeys (ConfUtils.java:logGet(43)) - raft.server.rpcslowness.timeout = 120s (custom)
2019-09-26 12:47:53,740 [pool-97-thread-1] INFO  server.RaftServerConfigKeys (ConfUtils.java:logGet(43)) - raft.server.sleep.deviation.threshold = 300 (default)
2019-09-26 12:47:53,740 [pool-97-thread-1] INFO  server.RaftServerConfigKeys (ConfUtils.java:logGet(43)) - raft.server.log.appender.install.snapshot.enabled = false (custom)
2019-09-26 12:47:53,741 [pool-97-thread-1] INFO  impl.RaftServerImpl (ServerState.java:<init>(103)) - ee405521-39f0-4e35-96b7-0f3eb4cba198@group-CEBF7C877ACA: ConfigurationManager, init=-1: [ee405521-39f0-4e35-96b7-0f3eb4cba198:192.168.164.238:41045], old=null, confs=<EMPTY_MAP>
2019-09-26 12:47:53,741 [pool-97-thread-1] INFO  server.RaftServerConfigKeys (ConfUtils.java:logGet(43)) - raft.server.storage.dir = [/workdir/hadoop-ozone/integration-test/target/test-dir/MiniOzoneClusterImpl-5cb8bac5-d0f0-4551-b9d0-b3e056facdc3/datanode-7/data/ratis] (custom)
2019-09-26 12:47:53,741 [pool-97-thread-1] INFO  storage.RaftStorageDirectory (RaftStorageDirectory.java:analyzeStorage(246)) - The storage directory /workdir/hadoop-ozone/integration-test/target/test-dir/MiniOzoneClusterImpl-5cb8bac5-d0f0-4551-b9d0-b3e056facdc3/datanode-7/data/ratis/aecff25a-2c48-4683-9702-cebf7c877aca does not exist. Creating ...
2019-09-26 12:47:53,754 [pool-97-thread-1] INFO  storage.RaftStorageDirectory (RaftStorageDirectory.java:tryLock(328)) - Lock on /workdir/hadoop-ozone/integration-test/target/test-dir/MiniOzoneClusterImpl-5cb8bac5-d0f0-4551-b9d0-b3e056facdc3/datanode-7/data/ratis/aecff25a-2c48-4683-9702-cebf7c877aca/in_use.lock acquired by nodename 4507@pr-hdds-1569-87zkn-1081879488
2019-09-26 12:47:53,783 [pool-97-thread-1] INFO  storage.RaftStorage (RaftStorage.java:format(72)) - Storage directory /workdir/hadoop-ozone/integration-test/target/test-dir/MiniOzoneClusterImpl-5cb8bac5-d0f0-4551-b9d0-b3e056facdc3/datanode-7/data/ratis/aecff25a-2c48-4683-9702-cebf7c877aca has been successfully formatted.
2019-09-26 12:47:53,783 [pool-97-thread-1] INFO  ratis.ContainerStateMachine (ContainerStateMachine.java:loadSnapshot(230)) - group-CEBF7C877ACA: The snapshot info is null. Setting the last applied indexto:(t:0, i:~)
2019-09-26 12:47:53,784 [pool-97-thread-1] INFO  server.RaftServerConfigKeys (ConfUtils.java:logGet(43)) - raft.server.notification.no-leader.timeout = 120s (custom)
2019-09-26 12:47:53,784 [pool-97-thread-1] INFO  server.RaftServerConfigKeys (ConfUtils.java:logGet(43)) - raft.server.log.use.memory = false (default)
2019-09-26 12:47:53,784 [pool-97-thread-1] INFO  server.RaftServerConfigKeys (ConfUtils.java:logGet(43)) - raft.server.log.purge.gap = 1000000 (custom)
2019-09-26 12:47:53,784 [pool-97-thread-1] INFO  server.RaftServerConfigKeys (ConfUtils.java:logGet(43)) - raft.server.log.appender.buffer.byte-limit = 33554432 (custom)
2019-09-26 12:47:53,784 [pool-97-thread-1] INFO  server.RaftServerConfigKeys (ConfUtils.java:logGet(43)) - raft.server.log.segment.size.max = 1048576 (custom)
2019-09-26 12:47:53,784 [pool-97-thread-1] INFO  server.RaftServerConfigKeys (ConfUtils.java:logGet(43)) - raft.server.log.segment.cache.num.max = 2 (custom)
2019-09-26 12:47:53,785 [pool-97-thread-1] INFO  segmented.SegmentedRaftLogWorker (SegmentedRaftLogWorker.java:<init>(172)) - new ee405521-39f0-4e35-96b7-0f3eb4cba198@group-CEBF7C877ACA-SegmentedRaftLogWorker for RaftStorage:Storage Directory /workdir/hadoop-ozone/integration-test/target/test-dir/MiniOzoneClusterImpl-5cb8bac5-d0f0-4551-b9d0-b3e056facdc3/datanode-7/data/ratis/aecff25a-2c48-4683-9702-cebf7c877aca
2019-09-26 12:47:53,785 [pool-97-thread-1] INFO  server.RaftServerConfigKeys (ConfUtils.java:logGet(43)) - raft.server.log.queue.byte-limit = 2147483647 (custom)
2019-09-26 12:47:53,785 [pool-97-thread-1] INFO  server.RaftServerConfigKeys (ConfUtils.java:logGet(43)) - raft.server.log.queue.element-limit = 1024 (custom)
2019-09-26 12:47:53,785 [pool-97-thread-1] INFO  server.RaftServerConfigKeys (ConfUtils.java:logGet(43)) - raft.server.log.segment.size.max = 1048576 (custom)
2019-09-26 12:47:53,785 [pool-97-thread-1] INFO  server.RaftServerConfigKeys (ConfUtils.java:logGet(43)) - raft.server.log.preallocated.size = 16384 (custom)
2019-09-26 12:47:53,785 [pool-97-thread-1] INFO  server.RaftServerConfigKeys (ConfUtils.java:logGet(43)) - raft.server.log.write.buffer.size = 33554432 (custom)
2019-09-26 12:47:53,785 [pool-97-thread-1] INFO  server.RaftServerConfigKeys (ConfUtils.java:logGet(43)) - raft.server.log.force.sync.num = 128 (default)
2019-09-26 12:47:53,786 [pool-97-thread-1] INFO  server.RaftServerConfigKeys (ConfUtils.java:logGet(43)) - raft.server.log.statemachine.data.sync = true (default)
2019-09-26 12:47:53,786 [pool-97-thread-1] INFO  server.RaftServerConfigKeys (ConfUtils.java:logGet(43)) - raft.server.log.statemachine.data.sync.timeout = 10s (default)
2019-09-26 12:47:53,786 [pool-97-thread-1] INFO  server.RaftServerConfigKeys (ConfUtils.java:logGet(43)) - raft.server.log.statemachine.data.sync.timeout.retry = -1 (default)
2019-09-26 12:47:53,786 [pool-97-thread-1] INFO  server.RaftServerConfigKeys (ConfUtils.java:logGet(43)) - raft.server.log.statemachine.data.caching.enabled = true (custom)
2019-09-26 12:47:53,786 [pool-97-thread-1] INFO  segmented.SegmentedRaftLogWorker (SegmentedRaftLogWorker.java:lambda$new$0(132)) - ee405521-39f0-4e35-96b7-0f3eb4cba198@group-CEBF7C877ACA-SegmentedRaftLogWorker: flushIndex: setUnconditionally 0 -> -1
2019-09-26 12:47:53,787 [pool-97-thread-1] INFO  server.RaftServerConfigKeys (ConfUtils.java:logGet(43)) - raft.server.snapshot.auto.trigger.enabled = true (custom)
2019-09-26 12:47:53,787 [pool-97-thread-1] INFO  server.RaftServerConfigKeys (ConfUtils.java:logGet(43)) - raft.server.snapshot.auto.trigger.threshold = 10000 (custom)
2019-09-26 12:47:53,787 [pool-97-thread-1] INFO  server.RaftServerConfigKeys (ConfUtils.java:logGet(43)) - raft.server.snapshot.retention.num.files = 5 (custom)
2019-09-26 12:47:53,787 [pool-97-thread-1] INFO  server.RaftServerConfigKeys (ConfUtils.java:logGet(43)) - raft.server.retrycache.expirytime = 600000ms (custom)
2019-09-26 12:47:53,790 [pool-97-thread-1] INFO  impl.RaftServerImpl (RaftServerImpl.java:start(185)) - ee405521-39f0-4e35-96b7-0f3eb4cba198@group-CEBF7C877ACA: start as a follower, conf=-1: [ee405521-39f0-4e35-96b7-0f3eb4cba198:192.168.164.238:41045], old=null
2019-09-26 12:47:53,790 [pool-97-thread-1] INFO  impl.RaftServerImpl (RaftServerImpl.java:setRole(174)) - ee405521-39f0-4e35-96b7-0f3eb4cba198@group-CEBF7C877ACA: changes role from      null to FOLLOWER at term 0 for startAsFollower
2019-09-26 12:47:53,790 [pool-97-thread-1] INFO  impl.RoleInfo (RoleInfo.java:updateAndGet(143)) - ee405521-39f0-4e35-96b7-0f3eb4cba198: start FollowerState
2019-09-26 12:47:53,791 [pool-97-thread-1] INFO  util.JmxRegister (JmxRegister.java:tryRegister(44)) - Successfully registered JMX Bean with object name Ratis:service=RaftServer,group=group-CEBF7C877ACA,id=ee405521-39f0-4e35-96b7-0f3eb4cba198
2019-09-26 12:47:53,809 [RatisPipelineUtilsThread] INFO  pipeline.PipelineStateManager (PipelineStateManager.java:addPipeline(56)) - Created pipeline Pipeline[ Id: aecff25a-2c48-4683-9702-cebf7c877aca, Nodes: ee405521-39f0-4e35-96b7-0f3eb4cba198{ip: 192.168.164.238, host: pr-hdds-1569-87zkn-1081879488, networkLocation: /default-rack, certSerialId: null}, Type:RATIS, Factor:ONE, State:OPEN]
2019-09-26 12:47:53,824 [grpc-default-executor-0] INFO  impl.RaftServerProxy (RaftServerProxy.java:addNew(89)) - ee405521-39f0-4e35-96b7-0f3eb4cba198: addNew group-32741A451EBE:[ee405521-39f0-4e35-96b7-0f3eb4cba198:192.168.164.238:41045] returns group-32741A451EBE:java.util.concurrent.CompletableFuture@4ea99063[Not completed]
2019-09-26 12:47:53,826 [pool-97-thread-1] INFO  impl.RaftServerImpl (RaftServerImpl.java:<init>(95)) - ee405521-39f0-4e35-96b7-0f3eb4cba198: new RaftServerImpl for group-32741A451EBE:[ee405521-39f0-4e35-96b7-0f3eb4cba198:192.168.164.238:41045] with ContainerStateMachine:uninitialized
2019-09-26 12:47:53,826 [pool-97-thread-1] INFO  server.RaftServerConfigKeys (ConfUtils.java:logGet(43)) - raft.server.rpc.timeout.min = 5s (custom)
2019-09-26 12:47:53,826 [pool-97-thread-1] INFO  server.RaftServerConfigKeys (ConfUtils.java:logGet(43)) - raft.server.rpc.timeout.max = 5200ms (custom)
2019-09-26 12:47:53,826 [pool-97-thread-1] INFO  server.RaftServerConfigKeys (ConfUtils.java:logGet(43)) - raft.server.rpcslowness.timeout = 120s (custom)
2019-09-26 12:47:53,826 [pool-97-thread-1] INFO  server.RaftServerConfigKeys (ConfUtils.java:logGet(43)) - raft.server.sleep.deviation.threshold = 300 (default)
2019-09-26 12:47:53,826 [pool-97-thread-1] INFO  server.RaftServerConfigKeys (ConfUtils.java:logGet(43)) - raft.server.log.appender.install.snapshot.enabled = false (custom)
2019-09-26 12:47:53,827 [pool-97-thread-1] INFO  impl.RaftServerImpl (ServerState.java:<init>(103)) - ee405521-39f0-4e35-96b7-0f3eb4cba198@group-32741A451EBE: ConfigurationManager, init=-1: [ee405521-39f0-4e35-96b7-0f3eb4cba198:192.168.164.238:41045], old=null, confs=<EMPTY_MAP>
2019-09-26 12:47:53,827 [pool-97-thread-1] INFO  server.RaftServerConfigKeys (ConfUtils.java:logGet(43)) - raft.server.storage.dir = [/workdir/hadoop-ozone/integration-test/target/test-dir/MiniOzoneClusterImpl-5cb8bac5-d0f0-4551-b9d0-b3e056facdc3/datanode-7/data/ratis] (custom)
2019-09-26 12:47:53,827 [pool-97-thread-1] INFO  storage.RaftStorageDirectory (RaftStorageDirectory.java:analyzeStorage(246)) - The storage directory /workdir/hadoop-ozone/integration-test/target/test-dir/MiniOzoneClusterImpl-5cb8bac5-d0f0-4551-b9d0-b3e056facdc3/datanode-7/data/ratis/ea84919f-2173-4c6d-94bf-32741a451ebe does not exist. Creating ...
2019-09-26 12:47:53,841 [pool-97-thread-1] INFO  storage.RaftStorageDirectory (RaftStorageDirectory.java:tryLock(328)) - Lock on /workdir/hadoop-ozone/integration-test/target/test-dir/MiniOzoneClusterImpl-5cb8bac5-d0f0-4551-b9d0-b3e056facdc3/datanode-7/data/ratis/ea84919f-2173-4c6d-94bf-32741a451ebe/in_use.lock acquired by nodename 4507@pr-hdds-1569-87zkn-1081879488
2019-09-26 12:47:53,854 [pool-97-thread-1] INFO  storage.RaftStorage (RaftStorage.java:format(72)) - Storage directory /workdir/hadoop-ozone/integration-test/target/test-dir/MiniOzoneClusterImpl-5cb8bac5-d0f0-4551-b9d0-b3e056facdc3/datanode-7/data/ratis/ea84919f-2173-4c6d-94bf-32741a451ebe has been successfully formatted.
2019-09-26 12:47:53,854 [pool-97-thread-1] INFO  ratis.ContainerStateMachine (ContainerStateMachine.java:loadSnapshot(230)) - group-32741A451EBE: The snapshot info is null. Setting the last applied indexto:(t:0, i:~)
2019-09-26 12:47:53,854 [pool-97-thread-1] INFO  server.RaftServerConfigKeys (ConfUtils.java:logGet(43)) - raft.server.notification.no-leader.timeout = 120s (custom)
2019-09-26 12:47:53,854 [pool-97-thread-1] INFO  server.RaftServerConfigKeys (ConfUtils.java:logGet(43)) - raft.server.log.use.memory = false (default)
2019-09-26 12:47:53,854 [pool-97-thread-1] INFO  server.RaftServerConfigKeys (ConfUtils.java:logGet(43)) - raft.server.log.purge.gap = 1000000 (custom)
2019-09-26 12:47:53,855 [pool-97-thread-1] INFO  server.RaftServerConfigKeys (ConfUtils.java:logGet(43)) - raft.server.log.appender.buffer.byte-limit = 33554432 (custom)
2019-09-26 12:47:53,855 [pool-97-thread-1] INFO  server.RaftServerConfigKeys (ConfUtils.java:logGet(43)) - raft.server.log.segment.size.max = 1048576 (custom)
2019-09-26 12:47:53,855 [pool-97-thread-1] INFO  server.RaftServerConfigKeys (ConfUtils.java:logGet(43)) - raft.server.log.segment.cache.num.max = 2 (custom)
2019-09-26 12:47:53,855 [pool-97-thread-1] INFO  segmented.SegmentedRaftLogWorker (SegmentedRaftLogWorker.java:<init>(172)) - new ee405521-39f0-4e35-96b7-0f3eb4cba198@group-32741A451EBE-SegmentedRaftLogWorker for RaftStorage:Storage Directory /workdir/hadoop-ozone/integration-test/target/test-dir/MiniOzoneClusterImpl-5cb8bac5-d0f0-4551-b9d0-b3e056facdc3/datanode-7/data/ratis/ea84919f-2173-4c6d-94bf-32741a451ebe
2019-09-26 12:47:53,855 [pool-97-thread-1] INFO  server.RaftServerConfigKeys (ConfUtils.java:logGet(43)) - raft.server.log.queue.byte-limit = 2147483647 (custom)
2019-09-26 12:47:53,856 [pool-97-thread-1] INFO  server.RaftServerConfigKeys (ConfUtils.java:logGet(43)) - raft.server.log.queue.element-limit = 1024 (custom)
2019-09-26 12:47:53,858 [pool-97-thread-1] INFO  server.RaftServerConfigKeys (ConfUtils.java:logGet(43)) - raft.server.log.segment.size.max = 1048576 (custom)
2019-09-26 12:47:53,859 [pool-97-thread-1] INFO  server.RaftServerConfigKeys (ConfUtils.java:logGet(43)) - raft.server.log.preallocated.size = 16384 (custom)
2019-09-26 12:47:53,859 [pool-97-thread-1] INFO  server.RaftServerConfigKeys (ConfUtils.java:logGet(43)) - raft.server.log.write.buffer.size = 33554432 (custom)
2019-09-26 12:47:53,859 [pool-97-thread-1] INFO  server.RaftServerConfigKeys (ConfUtils.java:logGet(43)) - raft.server.log.force.sync.num = 128 (default)
2019-09-26 12:47:53,859 [pool-97-thread-1] INFO  server.RaftServerConfigKeys (ConfUtils.java:logGet(43)) - raft.server.log.statemachine.data.sync = true (default)
2019-09-26 12:47:53,859 [pool-97-thread-1] INFO  server.RaftServerConfigKeys (ConfUtils.java:logGet(43)) - raft.server.log.statemachine.data.sync.timeout = 10s (default)
2019-09-26 12:47:53,860 [pool-97-thread-1] INFO  server.RaftServerConfigKeys (ConfUtils.java:logGet(43)) - raft.server.log.statemachine.data.sync.timeout.retry = -1 (default)
2019-09-26 12:47:53,860 [pool-97-thread-1] INFO  server.RaftServerConfigKeys (ConfUtils.java:logGet(43)) - raft.server.log.statemachine.data.caching.enabled = true (custom)
2019-09-26 12:47:53,860 [pool-97-thread-1] INFO  segmented.SegmentedRaftLogWorker (SegmentedRaftLogWorker.java:lambda$new$0(132)) - ee405521-39f0-4e35-96b7-0f3eb4cba198@group-32741A451EBE-SegmentedRaftLogWorker: flushIndex: setUnconditionally 0 -> -1
2019-09-26 12:47:53,861 [pool-97-thread-1] INFO  server.RaftServerConfigKeys (ConfUtils.java:logGet(43)) - raft.server.snapshot.auto.trigger.enabled = true (custom)
2019-09-26 12:47:53,861 [pool-97-thread-1] INFO  server.RaftServerConfigKeys (ConfUtils.java:logGet(43)) - raft.server.snapshot.auto.trigger.threshold = 10000 (custom)
2019-09-26 12:47:53,861 [pool-97-thread-1] INFO  server.RaftServerConfigKeys (ConfUtils.java:logGet(43)) - raft.server.snapshot.retention.num.files = 5 (custom)
2019-09-26 12:47:53,861 [pool-97-thread-1] INFO  server.RaftServerConfigKeys (ConfUtils.java:logGet(43)) - raft.server.retrycache.expirytime = 600000ms (custom)
2019-09-26 12:47:53,865 [pool-97-thread-1] INFO  impl.RaftServerImpl (RaftServerImpl.java:start(185)) - ee405521-39f0-4e35-96b7-0f3eb4cba198@group-32741A451EBE: start as a follower, conf=-1: [ee405521-39f0-4e35-96b7-0f3eb4cba198:192.168.164.238:41045], old=null
2019-09-26 12:47:53,865 [pool-97-thread-1] INFO  impl.RaftServerImpl (RaftServerImpl.java:setRole(174)) - ee405521-39f0-4e35-96b7-0f3eb4cba198@group-32741A451EBE: changes role from      null to FOLLOWER at term 0 for startAsFollower
2019-09-26 12:47:53,865 [pool-97-thread-1] INFO  impl.RoleInfo (RoleInfo.java:updateAndGet(143)) - ee405521-39f0-4e35-96b7-0f3eb4cba198: start FollowerState
2019-09-26 12:47:53,865 [pool-97-thread-1] INFO  util.JmxRegister (JmxRegister.java:tryRegister(44)) - Successfully registered JMX Bean with object name Ratis:service=RaftServer,group=group-32741A451EBE,id=ee405521-39f0-4e35-96b7-0f3eb4cba198
2019-09-26 12:47:53,878 [RatisPipelineUtilsThread] INFO  pipeline.PipelineStateManager (PipelineStateManager.java:addPipeline(56)) - Created pipeline Pipeline[ Id: ea84919f-2173-4c6d-94bf-32741a451ebe, Nodes: ee405521-39f0-4e35-96b7-0f3eb4cba198{ip: 192.168.164.238, host: pr-hdds-1569-87zkn-1081879488, networkLocation: /default-rack, certSerialId: null}, Type:RATIS, Factor:ONE, State:OPEN]
2019-09-26 12:47:53,902 [grpc-default-executor-0] INFO  impl.RaftServerProxy (RaftServerProxy.java:addNew(89)) - 7f14b49f-15fb-4df6-892c-52360d3121e9: addNew group-211FFD639B37:[7f14b49f-15fb-4df6-892c-52360d3121e9:192.168.164.238:38709] returns group-211FFD639B37:java.util.concurrent.CompletableFuture@31bbc4cb[Not completed]
2019-09-26 12:47:53,904 [pool-37-thread-1] INFO  impl.RaftServerImpl (RaftServerImpl.java:<init>(95)) - 7f14b49f-15fb-4df6-892c-52360d3121e9: new RaftServerImpl for group-211FFD639B37:[7f14b49f-15fb-4df6-892c-52360d3121e9:192.168.164.238:38709] with ContainerStateMachine:uninitialized
2019-09-26 12:47:53,904 [pool-37-thread-1] INFO  server.RaftServerConfigKeys (ConfUtils.java:logGet(43)) - raft.server.rpc.timeout.min = 5s (custom)
2019-09-26 12:47:53,904 [pool-37-thread-1] INFO  server.RaftServerConfigKeys (ConfUtils.java:logGet(43)) - raft.server.rpc.timeout.max = 5200ms (custom)
2019-09-26 12:47:53,904 [pool-37-thread-1] INFO  server.RaftServerConfigKeys (ConfUtils.java:logGet(43)) - raft.server.rpcslowness.timeout = 120s (custom)
2019-09-26 12:47:53,904 [pool-37-thread-1] INFO  server.RaftServerConfigKeys (ConfUtils.java:logGet(43)) - raft.server.sleep.deviation.threshold = 300 (default)
2019-09-26 12:47:53,905 [pool-37-thread-1] INFO  server.RaftServerConfigKeys (ConfUtils.java:logGet(43)) - raft.server.log.appender.install.snapshot.enabled = false (custom)
2019-09-26 12:47:53,905 [pool-37-thread-1] INFO  impl.RaftServerImpl (ServerState.java:<init>(103)) - 7f14b49f-15fb-4df6-892c-52360d3121e9@group-211FFD639B37: ConfigurationManager, init=-1: [7f14b49f-15fb-4df6-892c-52360d3121e9:192.168.164.238:38709], old=null, confs=<EMPTY_MAP>
2019-09-26 12:47:53,905 [pool-37-thread-1] INFO  server.RaftServerConfigKeys (ConfUtils.java:logGet(43)) - raft.server.storage.dir = [/workdir/hadoop-ozone/integration-test/target/test-dir/MiniOzoneClusterImpl-5cb8bac5-d0f0-4551-b9d0-b3e056facdc3/datanode-1/data/ratis] (custom)
2019-09-26 12:47:53,905 [pool-37-thread-1] INFO  storage.RaftStorageDirectory (RaftStorageDirectory.java:analyzeStorage(246)) - The storage directory /workdir/hadoop-ozone/integration-test/target/test-dir/MiniOzoneClusterImpl-5cb8bac5-d0f0-4551-b9d0-b3e056facdc3/datanode-1/data/ratis/036bafc8-7320-47ce-ab85-211ffd639b37 does not exist. Creating ...
2019-09-26 12:47:53,921 [pool-37-thread-1] INFO  storage.RaftStorageDirectory (RaftStorageDirectory.java:tryLock(328)) - Lock on /workdir/hadoop-ozone/integration-test/target/test-dir/MiniOzoneClusterImpl-5cb8bac5-d0f0-4551-b9d0-b3e056facdc3/datanode-1/data/ratis/036bafc8-7320-47ce-ab85-211ffd639b37/in_use.lock acquired by nodename 4507@pr-hdds-1569-87zkn-1081879488
2019-09-26 12:47:53,933 [pool-37-thread-1] INFO  storage.RaftStorage (RaftStorage.java:format(72)) - Storage directory /workdir/hadoop-ozone/integration-test/target/test-dir/MiniOzoneClusterImpl-5cb8bac5-d0f0-4551-b9d0-b3e056facdc3/datanode-1/data/ratis/036bafc8-7320-47ce-ab85-211ffd639b37 has been successfully formatted.
2019-09-26 12:47:53,934 [pool-37-thread-1] INFO  ratis.ContainerStateMachine (ContainerStateMachine.java:loadSnapshot(230)) - group-211FFD639B37: The snapshot info is null. Setting the last applied indexto:(t:0, i:~)
2019-09-26 12:47:53,934 [pool-37-thread-1] INFO  server.RaftServerConfigKeys (ConfUtils.java:logGet(43)) - raft.server.notification.no-leader.timeout = 120s (custom)
2019-09-26 12:47:53,934 [pool-37-thread-1] INFO  server.RaftServerConfigKeys (ConfUtils.java:logGet(43)) - raft.server.log.use.memory = false (default)
2019-09-26 12:47:53,934 [pool-37-thread-1] INFO  server.RaftServerConfigKeys (ConfUtils.java:logGet(43)) - raft.server.log.purge.gap = 1000000 (custom)
2019-09-26 12:47:53,934 [pool-37-thread-1] INFO  server.RaftServerConfigKeys (ConfUtils.java:logGet(43)) - raft.server.log.appender.buffer.byte-limit = 33554432 (custom)
2019-09-26 12:47:53,935 [pool-37-thread-1] INFO  server.RaftServerConfigKeys (ConfUtils.java:logGet(43)) - raft.server.log.segment.size.max = 1048576 (custom)
2019-09-26 12:47:53,935 [pool-37-thread-1] INFO  server.RaftServerConfigKeys (ConfUtils.java:logGet(43)) - raft.server.log.segment.cache.num.max = 2 (custom)
2019-09-26 12:47:53,935 [pool-37-thread-1] INFO  segmented.SegmentedRaftLogWorker (SegmentedRaftLogWorker.java:<init>(172)) - new 7f14b49f-15fb-4df6-892c-52360d3121e9@group-211FFD639B37-SegmentedRaftLogWorker for RaftStorage:Storage Directory /workdir/hadoop-ozone/integration-test/target/test-dir/MiniOzoneClusterImpl-5cb8bac5-d0f0-4551-b9d0-b3e056facdc3/datanode-1/data/ratis/036bafc8-7320-47ce-ab85-211ffd639b37
2019-09-26 12:47:53,935 [pool-37-thread-1] INFO  server.RaftServerConfigKeys (ConfUtils.java:logGet(43)) - raft.server.log.queue.byte-limit = 2147483647 (custom)
2019-09-26 12:47:53,935 [pool-37-thread-1] INFO  server.RaftServerConfigKeys (ConfUtils.java:logGet(43)) - raft.server.log.queue.element-limit = 1024 (custom)
2019-09-26 12:47:53,935 [pool-37-thread-1] INFO  server.RaftServerConfigKeys (ConfUtils.java:logGet(43)) - raft.server.log.segment.size.max = 1048576 (custom)
2019-09-26 12:47:53,935 [pool-37-thread-1] INFO  server.RaftServerConfigKeys (ConfUtils.java:logGet(43)) - raft.server.log.preallocated.size = 16384 (custom)
2019-09-26 12:47:53,936 [pool-37-thread-1] INFO  server.RaftServerConfigKeys (ConfUtils.java:logGet(43)) - raft.server.log.write.buffer.size = 33554432 (custom)
2019-09-26 12:47:53,936 [pool-37-thread-1] INFO  server.RaftServerConfigKeys (ConfUtils.java:logGet(43)) - raft.server.log.force.sync.num = 128 (default)
2019-09-26 12:47:53,936 [pool-37-thread-1] INFO  server.RaftServerConfigKeys (ConfUtils.java:logGet(43)) - raft.server.log.statemachine.data.sync = true (default)
2019-09-26 12:47:53,936 [pool-37-thread-1] INFO  server.RaftServerConfigKeys (ConfUtils.java:logGet(43)) - raft.server.log.statemachine.data.sync.timeout = 10s (default)
2019-09-26 12:47:53,936 [pool-37-thread-1] INFO  server.RaftServerConfigKeys (ConfUtils.java:logGet(43)) - raft.server.log.statemachine.data.sync.timeout.retry = -1 (default)
2019-09-26 12:47:53,936 [pool-37-thread-1] INFO  server.RaftServerConfigKeys (ConfUtils.java:logGet(43)) - raft.server.log.statemachine.data.caching.enabled = true (custom)
2019-09-26 12:47:53,937 [pool-37-thread-1] INFO  segmented.SegmentedRaftLogWorker (SegmentedRaftLogWorker.java:lambda$new$0(132)) - 7f14b49f-15fb-4df6-892c-52360d3121e9@group-211FFD639B37-SegmentedRaftLogWorker: flushIndex: setUnconditionally 0 -> -1
2019-09-26 12:47:53,937 [pool-37-thread-1] INFO  server.RaftServerConfigKeys (ConfUtils.java:logGet(43)) - raft.server.snapshot.auto.trigger.enabled = true (custom)
2019-09-26 12:47:53,937 [pool-37-thread-1] INFO  server.RaftServerConfigKeys (ConfUtils.java:logGet(43)) - raft.server.snapshot.auto.trigger.threshold = 10000 (custom)
2019-09-26 12:47:53,937 [pool-37-thread-1] INFO  server.RaftServerConfigKeys (ConfUtils.java:logGet(43)) - raft.server.snapshot.retention.num.files = 5 (custom)
2019-09-26 12:47:53,937 [pool-37-thread-1] INFO  server.RaftServerConfigKeys (ConfUtils.java:logGet(43)) - raft.server.retrycache.expirytime = 600000ms (custom)
2019-09-26 12:47:53,943 [pool-37-thread-1] INFO  impl.RaftServerImpl (RaftServerImpl.java:start(185)) - 7f14b49f-15fb-4df6-892c-52360d3121e9@group-211FFD639B37: start as a follower, conf=-1: [7f14b49f-15fb-4df6-892c-52360d3121e9:192.168.164.238:38709], old=null
2019-09-26 12:47:53,943 [pool-37-thread-1] INFO  impl.RaftServerImpl (RaftServerImpl.java:setRole(174)) - 7f14b49f-15fb-4df6-892c-52360d3121e9@group-211FFD639B37: changes role from      null to FOLLOWER at term 0 for startAsFollower
2019-09-26 12:47:53,943 [pool-37-thread-1] INFO  impl.RoleInfo (RoleInfo.java:updateAndGet(143)) - 7f14b49f-15fb-4df6-892c-52360d3121e9: start FollowerState
2019-09-26 12:47:53,943 [pool-37-thread-1] INFO  util.JmxRegister (JmxRegister.java:tryRegister(44)) - Successfully registered JMX Bean with object name Ratis:service=RaftServer,group=group-211FFD639B37,id=7f14b49f-15fb-4df6-892c-52360d3121e9
2019-09-26 12:47:53,958 [RatisPipelineUtilsThread] INFO  pipeline.PipelineStateManager (PipelineStateManager.java:addPipeline(56)) - Created pipeline Pipeline[ Id: 036bafc8-7320-47ce-ab85-211ffd639b37, Nodes: 7f14b49f-15fb-4df6-892c-52360d3121e9{ip: 192.168.164.238, host: pr-hdds-1569-87zkn-1081879488, networkLocation: /default-rack, certSerialId: null}, Type:RATIS, Factor:ONE, State:OPEN]
2019-09-26 12:47:53,969 [grpc-default-executor-0] INFO  impl.RaftServerProxy (RaftServerProxy.java:addNew(89)) - 2f26360f-713d-4798-931d-49dc5cf4b129: addNew group-E2D9CC0B5C0B:[2f26360f-713d-4798-931d-49dc5cf4b129:192.168.164.238:38857] returns group-E2D9CC0B5C0B:java.util.concurrent.CompletableFuture@7a79d9af[Not completed]
2019-09-26 12:47:53,973 [pool-87-thread-1] INFO  impl.RaftServerImpl (RaftServerImpl.java:<init>(95)) - 2f26360f-713d-4798-931d-49dc5cf4b129: new RaftServerImpl for group-E2D9CC0B5C0B:[2f26360f-713d-4798-931d-49dc5cf4b129:192.168.164.238:38857] with ContainerStateMachine:uninitialized
2019-09-26 12:47:53,973 [pool-87-thread-1] INFO  server.RaftServerConfigKeys (ConfUtils.java:logGet(43)) - raft.server.rpc.timeout.min = 5s (custom)
2019-09-26 12:47:53,973 [pool-87-thread-1] INFO  server.RaftServerConfigKeys (ConfUtils.java:logGet(43)) - raft.server.rpc.timeout.max = 5200ms (custom)
2019-09-26 12:47:53,973 [pool-87-thread-1] INFO  server.RaftServerConfigKeys (ConfUtils.java:logGet(43)) - raft.server.rpcslowness.timeout = 120s (custom)
2019-09-26 12:47:53,973 [pool-87-thread-1] INFO  server.RaftServerConfigKeys (ConfUtils.java:logGet(43)) - raft.server.sleep.deviation.threshold = 300 (default)
2019-09-26 12:47:53,973 [pool-87-thread-1] INFO  server.RaftServerConfigKeys (ConfUtils.java:logGet(43)) - raft.server.log.appender.install.snapshot.enabled = false (custom)
2019-09-26 12:47:53,974 [pool-87-thread-1] INFO  impl.RaftServerImpl (ServerState.java:<init>(103)) - 2f26360f-713d-4798-931d-49dc5cf4b129@group-E2D9CC0B5C0B: ConfigurationManager, init=-1: [2f26360f-713d-4798-931d-49dc5cf4b129:192.168.164.238:38857], old=null, confs=<EMPTY_MAP>
2019-09-26 12:47:53,974 [pool-87-thread-1] INFO  server.RaftServerConfigKeys (ConfUtils.java:logGet(43)) - raft.server.storage.dir = [/workdir/hadoop-ozone/integration-test/target/test-dir/MiniOzoneClusterImpl-5cb8bac5-d0f0-4551-b9d0-b3e056facdc3/datanode-6/data/ratis] (custom)
2019-09-26 12:47:53,974 [pool-87-thread-1] INFO  storage.RaftStorageDirectory (RaftStorageDirectory.java:analyzeStorage(246)) - The storage directory /workdir/hadoop-ozone/integration-test/target/test-dir/MiniOzoneClusterImpl-5cb8bac5-d0f0-4551-b9d0-b3e056facdc3/datanode-6/data/ratis/23ccf1b6-0c44-46e3-9b35-e2d9cc0b5c0b does not exist. Creating ...
2019-09-26 12:47:53,987 [pool-87-thread-1] INFO  storage.RaftStorageDirectory (RaftStorageDirectory.java:tryLock(328)) - Lock on /workdir/hadoop-ozone/integration-test/target/test-dir/MiniOzoneClusterImpl-5cb8bac5-d0f0-4551-b9d0-b3e056facdc3/datanode-6/data/ratis/23ccf1b6-0c44-46e3-9b35-e2d9cc0b5c0b/in_use.lock acquired by nodename 4507@pr-hdds-1569-87zkn-1081879488
2019-09-26 12:47:54,011 [pool-87-thread-1] INFO  storage.RaftStorage (RaftStorage.java:format(72)) - Storage directory /workdir/hadoop-ozone/integration-test/target/test-dir/MiniOzoneClusterImpl-5cb8bac5-d0f0-4551-b9d0-b3e056facdc3/datanode-6/data/ratis/23ccf1b6-0c44-46e3-9b35-e2d9cc0b5c0b has been successfully formatted.
2019-09-26 12:47:54,011 [pool-87-thread-1] INFO  ratis.ContainerStateMachine (ContainerStateMachine.java:loadSnapshot(230)) - group-E2D9CC0B5C0B: The snapshot info is null. Setting the last applied indexto:(t:0, i:~)
2019-09-26 12:47:54,012 [pool-87-thread-1] INFO  server.RaftServerConfigKeys (ConfUtils.java:logGet(43)) - raft.server.notification.no-leader.timeout = 120s (custom)
2019-09-26 12:47:54,012 [pool-87-thread-1] INFO  server.RaftServerConfigKeys (ConfUtils.java:logGet(43)) - raft.server.log.use.memory = false (default)
2019-09-26 12:47:54,012 [pool-87-thread-1] INFO  server.RaftServerConfigKeys (ConfUtils.java:logGet(43)) - raft.server.log.purge.gap = 1000000 (custom)
2019-09-26 12:47:54,012 [pool-87-thread-1] INFO  server.RaftServerConfigKeys (ConfUtils.java:logGet(43)) - raft.server.log.appender.buffer.byte-limit = 33554432 (custom)
2019-09-26 12:47:54,012 [pool-87-thread-1] INFO  server.RaftServerConfigKeys (ConfUtils.java:logGet(43)) - raft.server.log.segment.size.max = 1048576 (custom)
2019-09-26 12:47:54,012 [pool-87-thread-1] INFO  server.RaftServerConfigKeys (ConfUtils.java:logGet(43)) - raft.server.log.segment.cache.num.max = 2 (custom)
2019-09-26 12:47:54,013 [pool-87-thread-1] INFO  segmented.SegmentedRaftLogWorker (SegmentedRaftLogWorker.java:<init>(172)) - new 2f26360f-713d-4798-931d-49dc5cf4b129@group-E2D9CC0B5C0B-SegmentedRaftLogWorker for RaftStorage:Storage Directory /workdir/hadoop-ozone/integration-test/target/test-dir/MiniOzoneClusterImpl-5cb8bac5-d0f0-4551-b9d0-b3e056facdc3/datanode-6/data/ratis/23ccf1b6-0c44-46e3-9b35-e2d9cc0b5c0b
2019-09-26 12:47:54,015 [pool-87-thread-1] INFO  server.RaftServerConfigKeys (ConfUtils.java:logGet(43)) - raft.server.log.queue.byte-limit = 2147483647 (custom)
2019-09-26 12:47:54,015 [pool-87-thread-1] INFO  server.RaftServerConfigKeys (ConfUtils.java:logGet(43)) - raft.server.log.queue.element-limit = 1024 (custom)
2019-09-26 12:47:54,015 [pool-87-thread-1] INFO  server.RaftServerConfigKeys (ConfUtils.java:logGet(43)) - raft.server.log.segment.size.max = 1048576 (custom)
2019-09-26 12:47:54,015 [pool-87-thread-1] INFO  server.RaftServerConfigKeys (ConfUtils.java:logGet(43)) - raft.server.log.preallocated.size = 16384 (custom)
2019-09-26 12:47:54,015 [pool-87-thread-1] INFO  server.RaftServerConfigKeys (ConfUtils.java:logGet(43)) - raft.server.log.write.buffer.size = 33554432 (custom)
2019-09-26 12:47:54,015 [pool-87-thread-1] INFO  server.RaftServerConfigKeys (ConfUtils.java:logGet(43)) - raft.server.log.force.sync.num = 128 (default)
2019-09-26 12:47:54,016 [pool-87-thread-1] INFO  server.RaftServerConfigKeys (ConfUtils.java:logGet(43)) - raft.server.log.statemachine.data.sync = true (default)
2019-09-26 12:47:54,016 [pool-87-thread-1] INFO  server.RaftServerConfigKeys (ConfUtils.java:logGet(43)) - raft.server.log.statemachine.data.sync.timeout = 10s (default)
2019-09-26 12:47:54,016 [pool-87-thread-1] INFO  server.RaftServerConfigKeys (ConfUtils.java:logGet(43)) - raft.server.log.statemachine.data.sync.timeout.retry = -1 (default)
2019-09-26 12:47:54,016 [pool-87-thread-1] INFO  server.RaftServerConfigKeys (ConfUtils.java:logGet(43)) - raft.server.log.statemachine.data.caching.enabled = true (custom)
2019-09-26 12:47:54,016 [pool-87-thread-1] INFO  segmented.SegmentedRaftLogWorker (SegmentedRaftLogWorker.java:lambda$new$0(132)) - 2f26360f-713d-4798-931d-49dc5cf4b129@group-E2D9CC0B5C0B-SegmentedRaftLogWorker: flushIndex: setUnconditionally 0 -> -1
2019-09-26 12:47:54,017 [pool-87-thread-1] INFO  server.RaftServerConfigKeys (ConfUtils.java:logGet(43)) - raft.server.snapshot.auto.trigger.enabled = true (custom)
2019-09-26 12:47:54,017 [pool-87-thread-1] INFO  server.RaftServerConfigKeys (ConfUtils.java:logGet(43)) - raft.server.snapshot.auto.trigger.threshold = 10000 (custom)
2019-09-26 12:47:54,017 [pool-87-thread-1] INFO  server.RaftServerConfigKeys (ConfUtils.java:logGet(43)) - raft.server.snapshot.retention.num.files = 5 (custom)
2019-09-26 12:47:54,017 [pool-87-thread-1] INFO  server.RaftServerConfigKeys (ConfUtils.java:logGet(43)) - raft.server.retrycache.expirytime = 600000ms (custom)
2019-09-26 12:47:54,019 [pool-87-thread-1] INFO  impl.RaftServerImpl (RaftServerImpl.java:start(185)) - 2f26360f-713d-4798-931d-49dc5cf4b129@group-E2D9CC0B5C0B: start as a follower, conf=-1: [2f26360f-713d-4798-931d-49dc5cf4b129:192.168.164.238:38857], old=null
2019-09-26 12:47:54,019 [pool-87-thread-1] INFO  impl.RaftServerImpl (RaftServerImpl.java:setRole(174)) - 2f26360f-713d-4798-931d-49dc5cf4b129@group-E2D9CC0B5C0B: changes role from      null to FOLLOWER at term 0 for startAsFollower
2019-09-26 12:47:54,020 [pool-87-thread-1] INFO  impl.RoleInfo (RoleInfo.java:updateAndGet(143)) - 2f26360f-713d-4798-931d-49dc5cf4b129: start FollowerState
2019-09-26 12:47:54,020 [pool-87-thread-1] INFO  util.JmxRegister (JmxRegister.java:tryRegister(44)) - Successfully registered JMX Bean with object name Ratis:service=RaftServer,group=group-E2D9CC0B5C0B,id=2f26360f-713d-4798-931d-49dc5cf4b129
2019-09-26 12:47:54,034 [RatisPipelineUtilsThread] INFO  pipeline.PipelineStateManager (PipelineStateManager.java:addPipeline(56)) - Created pipeline Pipeline[ Id: 23ccf1b6-0c44-46e3-9b35-e2d9cc0b5c0b, Nodes: 2f26360f-713d-4798-931d-49dc5cf4b129{ip: 192.168.164.238, host: pr-hdds-1569-87zkn-1081879488, networkLocation: /default-rack, certSerialId: null}, Type:RATIS, Factor:ONE, State:OPEN]
2019-09-26 12:47:54,046 [grpc-default-executor-0] INFO  impl.RaftServerProxy (RaftServerProxy.java:addNew(89)) - c217791a-6f2b-404e-8fdd-7bf246bea5f5: addNew group-229D1EC4C42D:[c217791a-6f2b-404e-8fdd-7bf246bea5f5:192.168.164.238:45154] returns group-229D1EC4C42D:java.util.concurrent.CompletableFuture@18dc408a[Not completed]
2019-09-26 12:47:54,047 [pool-107-thread-1] INFO  impl.RaftServerImpl (RaftServerImpl.java:<init>(95)) - c217791a-6f2b-404e-8fdd-7bf246bea5f5: new RaftServerImpl for group-229D1EC4C42D:[c217791a-6f2b-404e-8fdd-7bf246bea5f5:192.168.164.238:45154] with ContainerStateMachine:uninitialized
2019-09-26 12:47:54,047 [pool-107-thread-1] INFO  server.RaftServerConfigKeys (ConfUtils.java:logGet(43)) - raft.server.rpc.timeout.min = 5s (custom)
2019-09-26 12:47:54,048 [pool-107-thread-1] INFO  server.RaftServerConfigKeys (ConfUtils.java:logGet(43)) - raft.server.rpc.timeout.max = 5200ms (custom)
2019-09-26 12:47:54,048 [pool-107-thread-1] INFO  server.RaftServerConfigKeys (ConfUtils.java:logGet(43)) - raft.server.rpcslowness.timeout = 120s (custom)
2019-09-26 12:47:54,048 [pool-107-thread-1] INFO  server.RaftServerConfigKeys (ConfUtils.java:logGet(43)) - raft.server.sleep.deviation.threshold = 300 (default)
2019-09-26 12:47:54,048 [pool-107-thread-1] INFO  server.RaftServerConfigKeys (ConfUtils.java:logGet(43)) - raft.server.log.appender.install.snapshot.enabled = false (custom)
2019-09-26 12:47:54,048 [pool-107-thread-1] INFO  impl.RaftServerImpl (ServerState.java:<init>(103)) - c217791a-6f2b-404e-8fdd-7bf246bea5f5@group-229D1EC4C42D: ConfigurationManager, init=-1: [c217791a-6f2b-404e-8fdd-7bf246bea5f5:192.168.164.238:45154], old=null, confs=<EMPTY_MAP>
2019-09-26 12:47:54,048 [pool-107-thread-1] INFO  server.RaftServerConfigKeys (ConfUtils.java:logGet(43)) - raft.server.storage.dir = [/workdir/hadoop-ozone/integration-test/target/test-dir/MiniOzoneClusterImpl-5cb8bac5-d0f0-4551-b9d0-b3e056facdc3/datanode-8/data/ratis] (custom)
2019-09-26 12:47:54,048 [pool-107-thread-1] INFO  storage.RaftStorageDirectory (RaftStorageDirectory.java:analyzeStorage(246)) - The storage directory /workdir/hadoop-ozone/integration-test/target/test-dir/MiniOzoneClusterImpl-5cb8bac5-d0f0-4551-b9d0-b3e056facdc3/datanode-8/data/ratis/063b8f54-37af-4fa0-8e8c-229d1ec4c42d does not exist. Creating ...
2019-09-26 12:47:54,059 [main] INFO  ozone.MiniOzoneClusterImpl (MiniOzoneClusterImpl.java:getStorageContainerLocationClient(234)) - Creating StorageContainerLocationProtocol RPC client with address /0.0.0.0:45428
2019-09-26 12:47:54,062 [pool-107-thread-1] INFO  storage.RaftStorageDirectory (RaftStorageDirectory.java:tryLock(328)) - Lock on /workdir/hadoop-ozone/integration-test/target/test-dir/MiniOzoneClusterImpl-5cb8bac5-d0f0-4551-b9d0-b3e056facdc3/datanode-8/data/ratis/063b8f54-37af-4fa0-8e8c-229d1ec4c42d/in_use.lock acquired by nodename 4507@pr-hdds-1569-87zkn-1081879488
2019-09-26 12:47:54,075 [pool-107-thread-1] INFO  storage.RaftStorage (RaftStorage.java:format(72)) - Storage directory /workdir/hadoop-ozone/integration-test/target/test-dir/MiniOzoneClusterImpl-5cb8bac5-d0f0-4551-b9d0-b3e056facdc3/datanode-8/data/ratis/063b8f54-37af-4fa0-8e8c-229d1ec4c42d has been successfully formatted.
2019-09-26 12:47:54,077 [pool-107-thread-1] INFO  ratis.ContainerStateMachine (ContainerStateMachine.java:loadSnapshot(230)) - group-229D1EC4C42D: The snapshot info is null. Setting the last applied indexto:(t:0, i:~)
2019-09-26 12:47:54,083 [pool-107-thread-1] INFO  server.RaftServerConfigKeys (ConfUtils.java:logGet(43)) - raft.server.notification.no-leader.timeout = 120s (custom)
2019-09-26 12:47:54,083 [pool-107-thread-1] INFO  server.RaftServerConfigKeys (ConfUtils.java:logGet(43)) - raft.server.log.use.memory = false (default)
2019-09-26 12:47:54,083 [pool-107-thread-1] INFO  server.RaftServerConfigKeys (ConfUtils.java:logGet(43)) - raft.server.log.purge.gap = 1000000 (custom)
2019-09-26 12:47:54,085 [pool-107-thread-1] INFO  server.RaftServerConfigKeys (ConfUtils.java:logGet(43)) - raft.server.log.appender.buffer.byte-limit = 33554432 (custom)
2019-09-26 12:47:54,086 [pool-107-thread-1] INFO  server.RaftServerConfigKeys (ConfUtils.java:logGet(43)) - raft.server.log.segment.size.max = 1048576 (custom)
2019-09-26 12:47:54,086 [pool-107-thread-1] INFO  server.RaftServerConfigKeys (ConfUtils.java:logGet(43)) - raft.server.log.segment.cache.num.max = 2 (custom)
2019-09-26 12:47:54,086 [pool-107-thread-1] INFO  segmented.SegmentedRaftLogWorker (SegmentedRaftLogWorker.java:<init>(172)) - new c217791a-6f2b-404e-8fdd-7bf246bea5f5@group-229D1EC4C42D-SegmentedRaftLogWorker for RaftStorage:Storage Directory /workdir/hadoop-ozone/integration-test/target/test-dir/MiniOzoneClusterImpl-5cb8bac5-d0f0-4551-b9d0-b3e056facdc3/datanode-8/data/ratis/063b8f54-37af-4fa0-8e8c-229d1ec4c42d
2019-09-26 12:47:54,086 [pool-107-thread-1] INFO  server.RaftServerConfigKeys (ConfUtils.java:logGet(43)) - raft.server.log.queue.byte-limit = 2147483647 (custom)
2019-09-26 12:47:54,086 [pool-107-thread-1] INFO  server.RaftServerConfigKeys (ConfUtils.java:logGet(43)) - raft.server.log.queue.element-limit = 1024 (custom)
2019-09-26 12:47:54,087 [pool-107-thread-1] INFO  server.RaftServerConfigKeys (ConfUtils.java:logGet(43)) - raft.server.log.segment.size.max = 1048576 (custom)
2019-09-26 12:47:54,087 [pool-107-thread-1] INFO  server.RaftServerConfigKeys (ConfUtils.java:logGet(43)) - raft.server.log.preallocated.size = 16384 (custom)
2019-09-26 12:47:54,087 [pool-107-thread-1] INFO  server.RaftServerConfigKeys (ConfUtils.java:logGet(43)) - raft.server.log.write.buffer.size = 33554432 (custom)
2019-09-26 12:47:54,087 [pool-107-thread-1] INFO  server.RaftServerConfigKeys (ConfUtils.java:logGet(43)) - raft.server.log.force.sync.num = 128 (default)
2019-09-26 12:47:54,087 [pool-107-thread-1] INFO  server.RaftServerConfigKeys (ConfUtils.java:logGet(43)) - raft.server.log.statemachine.data.sync = true (default)
2019-09-26 12:47:54,087 [pool-107-thread-1] INFO  server.RaftServerConfigKeys (ConfUtils.java:logGet(43)) - raft.server.log.statemachine.data.sync.timeout = 10s (default)
2019-09-26 12:47:54,087 [pool-107-thread-1] INFO  server.RaftServerConfigKeys (ConfUtils.java:logGet(43)) - raft.server.log.statemachine.data.sync.timeout.retry = -1 (default)
2019-09-26 12:47:54,088 [pool-107-thread-1] INFO  server.RaftServerConfigKeys (ConfUtils.java:logGet(43)) - raft.server.log.statemachine.data.caching.enabled = true (custom)
2019-09-26 12:47:54,092 [pool-107-thread-1] INFO  segmented.SegmentedRaftLogWorker (SegmentedRaftLogWorker.java:lambda$new$0(132)) - c217791a-6f2b-404e-8fdd-7bf246bea5f5@group-229D1EC4C42D-SegmentedRaftLogWorker: flushIndex: setUnconditionally 0 -> -1
2019-09-26 12:47:54,092 [pool-107-thread-1] INFO  server.RaftServerConfigKeys (ConfUtils.java:logGet(43)) - raft.server.snapshot.auto.trigger.enabled = true (custom)
2019-09-26 12:47:54,092 [pool-107-thread-1] INFO  server.RaftServerConfigKeys (ConfUtils.java:logGet(43)) - raft.server.snapshot.auto.trigger.threshold = 10000 (custom)
2019-09-26 12:47:54,092 [pool-107-thread-1] INFO  server.RaftServerConfigKeys (ConfUtils.java:logGet(43)) - raft.server.snapshot.retention.num.files = 5 (custom)
2019-09-26 12:47:54,093 [pool-107-thread-1] INFO  server.RaftServerConfigKeys (ConfUtils.java:logGet(43)) - raft.server.retrycache.expirytime = 600000ms (custom)
2019-09-26 12:47:54,094 [main] INFO  rpc.RpcClient (RpcClient.java:createVolume(276)) - Creating Volume: 6922404d-d81c-4e6a-b7fe-10e46807bf04, with jenkins1000 as owner.
2019-09-26 12:47:54,095 [pool-107-thread-1] INFO  impl.RaftServerImpl (RaftServerImpl.java:start(185)) - c217791a-6f2b-404e-8fdd-7bf246bea5f5@group-229D1EC4C42D: start as a follower, conf=-1: [c217791a-6f2b-404e-8fdd-7bf246bea5f5:192.168.164.238:45154], old=null
2019-09-26 12:47:54,096 [pool-107-thread-1] INFO  impl.RaftServerImpl (RaftServerImpl.java:setRole(174)) - c217791a-6f2b-404e-8fdd-7bf246bea5f5@group-229D1EC4C42D: changes role from      null to FOLLOWER at term 0 for startAsFollower
2019-09-26 12:47:54,096 [pool-107-thread-1] INFO  impl.RoleInfo (RoleInfo.java:updateAndGet(143)) - c217791a-6f2b-404e-8fdd-7bf246bea5f5: start FollowerState
2019-09-26 12:47:54,096 [pool-107-thread-1] INFO  util.JmxRegister (JmxRegister.java:tryRegister(44)) - Successfully registered JMX Bean with object name Ratis:service=RaftServer,group=group-229D1EC4C42D,id=c217791a-6f2b-404e-8fdd-7bf246bea5f5
2019-09-26 12:47:54,110 [RatisPipelineUtilsThread] INFO  pipeline.PipelineStateManager (PipelineStateManager.java:addPipeline(56)) - Created pipeline Pipeline[ Id: 063b8f54-37af-4fa0-8e8c-229d1ec4c42d, Nodes: c217791a-6f2b-404e-8fdd-7bf246bea5f5{ip: 192.168.164.238, host: pr-hdds-1569-87zkn-1081879488, networkLocation: /default-rack, certSerialId: null}, Type:RATIS, Factor:ONE, State:OPEN]
2019-09-26 12:47:54,125 [grpc-default-executor-0] INFO  impl.RaftServerProxy (RaftServerProxy.java:addNew(89)) - 34dea9fc-3ffa-40f3-af9d-53d465a1b9d7: addNew group-BE9731A462B0:[34dea9fc-3ffa-40f3-af9d-53d465a1b9d7:192.168.164.238:42949] returns group-BE9731A462B0:java.util.concurrent.CompletableFuture@2d85a357[Not completed]
2019-09-26 12:47:54,130 [pool-67-thread-1] INFO  impl.RaftServerImpl (RaftServerImpl.java:<init>(95)) - 34dea9fc-3ffa-40f3-af9d-53d465a1b9d7: new RaftServerImpl for group-BE9731A462B0:[34dea9fc-3ffa-40f3-af9d-53d465a1b9d7:192.168.164.238:42949] with ContainerStateMachine:uninitialized
2019-09-26 12:47:54,130 [pool-67-thread-1] INFO  server.RaftServerConfigKeys (ConfUtils.java:logGet(43)) - raft.server.rpc.timeout.min = 5s (custom)
2019-09-26 12:47:54,130 [pool-67-thread-1] INFO  server.RaftServerConfigKeys (ConfUtils.java:logGet(43)) - raft.server.rpc.timeout.max = 5200ms (custom)
2019-09-26 12:47:54,130 [pool-67-thread-1] INFO  server.RaftServerConfigKeys (ConfUtils.java:logGet(43)) - raft.server.rpcslowness.timeout = 120s (custom)
2019-09-26 12:47:54,130 [pool-67-thread-1] INFO  server.RaftServerConfigKeys (ConfUtils.java:logGet(43)) - raft.server.sleep.deviation.threshold = 300 (default)
2019-09-26 12:47:54,130 [pool-67-thread-1] INFO  server.RaftServerConfigKeys (ConfUtils.java:logGet(43)) - raft.server.log.appender.install.snapshot.enabled = false (custom)
2019-09-26 12:47:54,130 [pool-67-thread-1] INFO  impl.RaftServerImpl (ServerState.java:<init>(103)) - 34dea9fc-3ffa-40f3-af9d-53d465a1b9d7@group-BE9731A462B0: ConfigurationManager, init=-1: [34dea9fc-3ffa-40f3-af9d-53d465a1b9d7:192.168.164.238:42949], old=null, confs=<EMPTY_MAP>
2019-09-26 12:47:54,131 [pool-67-thread-1] INFO  server.RaftServerConfigKeys (ConfUtils.java:logGet(43)) - raft.server.storage.dir = [/workdir/hadoop-ozone/integration-test/target/test-dir/MiniOzoneClusterImpl-5cb8bac5-d0f0-4551-b9d0-b3e056facdc3/datanode-4/data/ratis] (custom)
2019-09-26 12:47:54,131 [pool-67-thread-1] INFO  storage.RaftStorageDirectory (RaftStorageDirectory.java:analyzeStorage(246)) - The storage directory /workdir/hadoop-ozone/integration-test/target/test-dir/MiniOzoneClusterImpl-5cb8bac5-d0f0-4551-b9d0-b3e056facdc3/datanode-4/data/ratis/66c55df6-5779-4170-aba3-be9731a462b0 does not exist. Creating ...
2019-09-26 12:47:54,144 [pool-67-thread-1] INFO  storage.RaftStorageDirectory (RaftStorageDirectory.java:tryLock(328)) - Lock on /workdir/hadoop-ozone/integration-test/target/test-dir/MiniOzoneClusterImpl-5cb8bac5-d0f0-4551-b9d0-b3e056facdc3/datanode-4/data/ratis/66c55df6-5779-4170-aba3-be9731a462b0/in_use.lock acquired by nodename 4507@pr-hdds-1569-87zkn-1081879488
2019-09-26 12:47:54,156 [pool-67-thread-1] INFO  storage.RaftStorage (RaftStorage.java:format(72)) - Storage directory /workdir/hadoop-ozone/integration-test/target/test-dir/MiniOzoneClusterImpl-5cb8bac5-d0f0-4551-b9d0-b3e056facdc3/datanode-4/data/ratis/66c55df6-5779-4170-aba3-be9731a462b0 has been successfully formatted.
2019-09-26 12:47:54,157 [pool-67-thread-1] INFO  ratis.ContainerStateMachine (ContainerStateMachine.java:loadSnapshot(230)) - group-BE9731A462B0: The snapshot info is null. Setting the last applied indexto:(t:0, i:~)
2019-09-26 12:47:54,157 [pool-67-thread-1] INFO  server.RaftServerConfigKeys (ConfUtils.java:logGet(43)) - raft.server.notification.no-leader.timeout = 120s (custom)
2019-09-26 12:47:54,157 [pool-67-thread-1] INFO  server.RaftServerConfigKeys (ConfUtils.java:logGet(43)) - raft.server.log.use.memory = false (default)
2019-09-26 12:47:54,157 [pool-67-thread-1] INFO  server.RaftServerConfigKeys (ConfUtils.java:logGet(43)) - raft.server.log.purge.gap = 1000000 (custom)
2019-09-26 12:47:54,157 [pool-67-thread-1] INFO  server.RaftServerConfigKeys (ConfUtils.java:logGet(43)) - raft.server.log.appender.buffer.byte-limit = 33554432 (custom)
2019-09-26 12:47:54,157 [pool-67-thread-1] INFO  server.RaftServerConfigKeys (ConfUtils.java:logGet(43)) - raft.server.log.segment.size.max = 1048576 (custom)
2019-09-26 12:47:54,157 [pool-67-thread-1] INFO  server.RaftServerConfigKeys (ConfUtils.java:logGet(43)) - raft.server.log.segment.cache.num.max = 2 (custom)
2019-09-26 12:47:54,157 [pool-67-thread-1] INFO  segmented.SegmentedRaftLogWorker (SegmentedRaftLogWorker.java:<init>(172)) - new 34dea9fc-3ffa-40f3-af9d-53d465a1b9d7@group-BE9731A462B0-SegmentedRaftLogWorker for RaftStorage:Storage Directory /workdir/hadoop-ozone/integration-test/target/test-dir/MiniOzoneClusterImpl-5cb8bac5-d0f0-4551-b9d0-b3e056facdc3/datanode-4/data/ratis/66c55df6-5779-4170-aba3-be9731a462b0
2019-09-26 12:47:54,160 [pool-67-thread-1] INFO  server.RaftServerConfigKeys (ConfUtils.java:logGet(43)) - raft.server.log.queue.byte-limit = 2147483647 (custom)
2019-09-26 12:47:54,160 [pool-67-thread-1] INFO  server.RaftServerConfigKeys (ConfUtils.java:logGet(43)) - raft.server.log.queue.element-limit = 1024 (custom)
2019-09-26 12:47:54,160 [pool-67-thread-1] INFO  server.RaftServerConfigKeys (ConfUtils.java:logGet(43)) - raft.server.log.segment.size.max = 1048576 (custom)
2019-09-26 12:47:54,160 [pool-67-thread-1] INFO  server.RaftServerConfigKeys (ConfUtils.java:logGet(43)) - raft.server.log.preallocated.size = 16384 (custom)
2019-09-26 12:47:54,160 [pool-67-thread-1] INFO  server.RaftServerConfigKeys (ConfUtils.java:logGet(43)) - raft.server.log.write.buffer.size = 33554432 (custom)
2019-09-26 12:47:54,160 [pool-67-thread-1] INFO  server.RaftServerConfigKeys (ConfUtils.java:logGet(43)) - raft.server.log.force.sync.num = 128 (default)
2019-09-26 12:47:54,160 [pool-67-thread-1] INFO  server.RaftServerConfigKeys (ConfUtils.java:logGet(43)) - raft.server.log.statemachine.data.sync = true (default)
2019-09-26 12:47:54,160 [pool-67-thread-1] INFO  server.RaftServerConfigKeys (ConfUtils.java:logGet(43)) - raft.server.log.statemachine.data.sync.timeout = 10s (default)
2019-09-26 12:47:54,160 [pool-67-thread-1] INFO  server.RaftServerConfigKeys (ConfUtils.java:logGet(43)) - raft.server.log.statemachine.data.sync.timeout.retry = -1 (default)
2019-09-26 12:47:54,161 [pool-67-thread-1] INFO  server.RaftServerConfigKeys (ConfUtils.java:logGet(43)) - raft.server.log.statemachine.data.caching.enabled = true (custom)
2019-09-26 12:47:54,161 [pool-67-thread-1] INFO  segmented.SegmentedRaftLogWorker (SegmentedRaftLogWorker.java:lambda$new$0(132)) - 34dea9fc-3ffa-40f3-af9d-53d465a1b9d7@group-BE9731A462B0-SegmentedRaftLogWorker: flushIndex: setUnconditionally 0 -> -1
2019-09-26 12:47:54,161 [pool-67-thread-1] INFO  server.RaftServerConfigKeys (ConfUtils.java:logGet(43)) - raft.server.snapshot.auto.trigger.enabled = true (custom)
2019-09-26 12:47:54,161 [pool-67-thread-1] INFO  server.RaftServerConfigKeys (ConfUtils.java:logGet(43)) - raft.server.snapshot.auto.trigger.threshold = 10000 (custom)
2019-09-26 12:47:54,162 [pool-67-thread-1] INFO  server.RaftServerConfigKeys (ConfUtils.java:logGet(43)) - raft.server.snapshot.retention.num.files = 5 (custom)
2019-09-26 12:47:54,162 [pool-67-thread-1] INFO  server.RaftServerConfigKeys (ConfUtils.java:logGet(43)) - raft.server.retrycache.expirytime = 600000ms (custom)
2019-09-26 12:47:54,165 [pool-67-thread-1] INFO  impl.RaftServerImpl (RaftServerImpl.java:start(185)) - 34dea9fc-3ffa-40f3-af9d-53d465a1b9d7@group-BE9731A462B0: start as a follower, conf=-1: [34dea9fc-3ffa-40f3-af9d-53d465a1b9d7:192.168.164.238:42949], old=null
2019-09-26 12:47:54,165 [pool-67-thread-1] INFO  impl.RaftServerImpl (RaftServerImpl.java:setRole(174)) - 34dea9fc-3ffa-40f3-af9d-53d465a1b9d7@group-BE9731A462B0: changes role from      null to FOLLOWER at term 0 for startAsFollower
2019-09-26 12:47:54,165 [pool-67-thread-1] INFO  impl.RoleInfo (RoleInfo.java:updateAndGet(143)) - 34dea9fc-3ffa-40f3-af9d-53d465a1b9d7: start FollowerState
2019-09-26 12:47:54,165 [pool-67-thread-1] INFO  util.JmxRegister (JmxRegister.java:tryRegister(44)) - Successfully registered JMX Bean with object name Ratis:service=RaftServer,group=group-BE9731A462B0,id=34dea9fc-3ffa-40f3-af9d-53d465a1b9d7
2019-09-26 12:47:54,172 [RatisPipelineUtilsThread] INFO  pipeline.PipelineStateManager (PipelineStateManager.java:addPipeline(56)) - Created pipeline Pipeline[ Id: 66c55df6-5779-4170-aba3-be9731a462b0, Nodes: 34dea9fc-3ffa-40f3-af9d-53d465a1b9d7{ip: 192.168.164.238, host: pr-hdds-1569-87zkn-1081879488, networkLocation: /default-rack, certSerialId: null}, Type:RATIS, Factor:ONE, State:OPEN]
2019-09-26 12:47:54,194 [grpc-default-executor-0] INFO  impl.RaftServerProxy (RaftServerProxy.java:addNew(89)) - ee405521-39f0-4e35-96b7-0f3eb4cba198: addNew group-6721BC00420A:[ee405521-39f0-4e35-96b7-0f3eb4cba198:192.168.164.238:41045] returns group-6721BC00420A:java.util.concurrent.CompletableFuture@637699be[Not completed]
2019-09-26 12:47:54,196 [pool-97-thread-1] INFO  impl.RaftServerImpl (RaftServerImpl.java:<init>(95)) - ee405521-39f0-4e35-96b7-0f3eb4cba198: new RaftServerImpl for group-6721BC00420A:[ee405521-39f0-4e35-96b7-0f3eb4cba198:192.168.164.238:41045] with ContainerStateMachine:uninitialized
2019-09-26 12:47:54,196 [pool-97-thread-1] INFO  server.RaftServerConfigKeys (ConfUtils.java:logGet(43)) - raft.server.rpc.timeout.min = 5s (custom)
2019-09-26 12:47:54,196 [pool-97-thread-1] INFO  server.RaftServerConfigKeys (ConfUtils.java:logGet(43)) - raft.server.rpc.timeout.max = 5200ms (custom)
2019-09-26 12:47:54,196 [pool-97-thread-1] INFO  server.RaftServerConfigKeys (ConfUtils.java:logGet(43)) - raft.server.rpcslowness.timeout = 120s (custom)
2019-09-26 12:47:54,197 [pool-97-thread-1] INFO  server.RaftServerConfigKeys (ConfUtils.java:logGet(43)) - raft.server.sleep.deviation.threshold = 300 (default)
2019-09-26 12:47:54,197 [pool-97-thread-1] INFO  server.RaftServerConfigKeys (ConfUtils.java:logGet(43)) - raft.server.log.appender.install.snapshot.enabled = false (custom)
2019-09-26 12:47:54,197 [pool-97-thread-1] INFO  impl.RaftServerImpl (ServerState.java:<init>(103)) - ee405521-39f0-4e35-96b7-0f3eb4cba198@group-6721BC00420A: ConfigurationManager, init=-1: [ee405521-39f0-4e35-96b7-0f3eb4cba198:192.168.164.238:41045], old=null, confs=<EMPTY_MAP>
2019-09-26 12:47:54,197 [pool-97-thread-1] INFO  server.RaftServerConfigKeys (ConfUtils.java:logGet(43)) - raft.server.storage.dir = [/workdir/hadoop-ozone/integration-test/target/test-dir/MiniOzoneClusterImpl-5cb8bac5-d0f0-4551-b9d0-b3e056facdc3/datanode-7/data/ratis] (custom)
2019-09-26 12:47:54,198 [pool-97-thread-1] INFO  storage.RaftStorageDirectory (RaftStorageDirectory.java:analyzeStorage(246)) - The storage directory /workdir/hadoop-ozone/integration-test/target/test-dir/MiniOzoneClusterImpl-5cb8bac5-d0f0-4551-b9d0-b3e056facdc3/datanode-7/data/ratis/0127ff3e-5a13-4e35-87b6-6721bc00420a does not exist. Creating ...
2019-09-26 12:47:54,211 [pool-97-thread-1] INFO  storage.RaftStorageDirectory (RaftStorageDirectory.java:tryLock(328)) - Lock on /workdir/hadoop-ozone/integration-test/target/test-dir/MiniOzoneClusterImpl-5cb8bac5-d0f0-4551-b9d0-b3e056facdc3/datanode-7/data/ratis/0127ff3e-5a13-4e35-87b6-6721bc00420a/in_use.lock acquired by nodename 4507@pr-hdds-1569-87zkn-1081879488
2019-09-26 12:47:54,224 [pool-97-thread-1] INFO  storage.RaftStorage (RaftStorage.java:format(72)) - Storage directory /workdir/hadoop-ozone/integration-test/target/test-dir/MiniOzoneClusterImpl-5cb8bac5-d0f0-4551-b9d0-b3e056facdc3/datanode-7/data/ratis/0127ff3e-5a13-4e35-87b6-6721bc00420a has been successfully formatted.
2019-09-26 12:47:54,225 [pool-97-thread-1] INFO  ratis.ContainerStateMachine (ContainerStateMachine.java:loadSnapshot(230)) - group-6721BC00420A: The snapshot info is null. Setting the last applied indexto:(t:0, i:~)
2019-09-26 12:47:54,225 [pool-97-thread-1] INFO  server.RaftServerConfigKeys (ConfUtils.java:logGet(43)) - raft.server.notification.no-leader.timeout = 120s (custom)
2019-09-26 12:47:54,225 [pool-97-thread-1] INFO  server.RaftServerConfigKeys (ConfUtils.java:logGet(43)) - raft.server.log.use.memory = false (default)
2019-09-26 12:47:54,225 [pool-97-thread-1] INFO  server.RaftServerConfigKeys (ConfUtils.java:logGet(43)) - raft.server.log.purge.gap = 1000000 (custom)
2019-09-26 12:47:54,225 [pool-97-thread-1] INFO  server.RaftServerConfigKeys (ConfUtils.java:logGet(43)) - raft.server.log.appender.buffer.byte-limit = 33554432 (custom)
2019-09-26 12:47:54,226 [pool-97-thread-1] INFO  server.RaftServerConfigKeys (ConfUtils.java:logGet(43)) - raft.server.log.segment.size.max = 1048576 (custom)
2019-09-26 12:47:54,226 [pool-97-thread-1] INFO  server.RaftServerConfigKeys (ConfUtils.java:logGet(43)) - raft.server.log.segment.cache.num.max = 2 (custom)
2019-09-26 12:47:54,226 [pool-97-thread-1] INFO  segmented.SegmentedRaftLogWorker (SegmentedRaftLogWorker.java:<init>(172)) - new ee405521-39f0-4e35-96b7-0f3eb4cba198@group-6721BC00420A-SegmentedRaftLogWorker for RaftStorage:Storage Directory /workdir/hadoop-ozone/integration-test/target/test-dir/MiniOzoneClusterImpl-5cb8bac5-d0f0-4551-b9d0-b3e056facdc3/datanode-7/data/ratis/0127ff3e-5a13-4e35-87b6-6721bc00420a
2019-09-26 12:47:54,226 [pool-97-thread-1] INFO  server.RaftServerConfigKeys (ConfUtils.java:logGet(43)) - raft.server.log.queue.byte-limit = 2147483647 (custom)
2019-09-26 12:47:54,226 [pool-97-thread-1] INFO  server.RaftServerConfigKeys (ConfUtils.java:logGet(43)) - raft.server.log.queue.element-limit = 1024 (custom)
2019-09-26 12:47:54,226 [pool-97-thread-1] INFO  server.RaftServerConfigKeys (ConfUtils.java:logGet(43)) - raft.server.log.segment.size.max = 1048576 (custom)
2019-09-26 12:47:54,227 [pool-97-thread-1] INFO  server.RaftServerConfigKeys (ConfUtils.java:logGet(43)) - raft.server.log.preallocated.size = 16384 (custom)
2019-09-26 12:47:54,227 [pool-97-thread-1] INFO  server.RaftServerConfigKeys (ConfUtils.java:logGet(43)) - raft.server.log.write.buffer.size = 33554432 (custom)
2019-09-26 12:47:54,227 [pool-97-thread-1] INFO  server.RaftServerConfigKeys (ConfUtils.java:logGet(43)) - raft.server.log.force.sync.num = 128 (default)
2019-09-26 12:47:54,227 [pool-97-thread-1] INFO  server.RaftServerConfigKeys (ConfUtils.java:logGet(43)) - raft.server.log.statemachine.data.sync = true (default)
2019-09-26 12:47:54,227 [pool-97-thread-1] INFO  server.RaftServerConfigKeys (ConfUtils.java:logGet(43)) - raft.server.log.statemachine.data.sync.timeout = 10s (default)
2019-09-26 12:47:54,227 [pool-97-thread-1] INFO  server.RaftServerConfigKeys (ConfUtils.java:logGet(43)) - raft.server.log.statemachine.data.sync.timeout.retry = -1 (default)
2019-09-26 12:47:54,228 [pool-97-thread-1] INFO  server.RaftServerConfigKeys (ConfUtils.java:logGet(43)) - raft.server.log.statemachine.data.caching.enabled = true (custom)
2019-09-26 12:47:54,228 [pool-97-thread-1] INFO  segmented.SegmentedRaftLogWorker (SegmentedRaftLogWorker.java:lambda$new$0(132)) - ee405521-39f0-4e35-96b7-0f3eb4cba198@group-6721BC00420A-SegmentedRaftLogWorker: flushIndex: setUnconditionally 0 -> -1
2019-09-26 12:47:54,228 [pool-97-thread-1] INFO  server.RaftServerConfigKeys (ConfUtils.java:logGet(43)) - raft.server.snapshot.auto.trigger.enabled = true (custom)
2019-09-26 12:47:54,231 [pool-97-thread-1] INFO  server.RaftServerConfigKeys (ConfUtils.java:logGet(43)) - raft.server.snapshot.auto.trigger.threshold = 10000 (custom)
2019-09-26 12:47:54,231 [pool-97-thread-1] INFO  server.RaftServerConfigKeys (ConfUtils.java:logGet(43)) - raft.server.snapshot.retention.num.files = 5 (custom)
2019-09-26 12:47:54,232 [pool-97-thread-1] INFO  server.RaftServerConfigKeys (ConfUtils.java:logGet(43)) - raft.server.retrycache.expirytime = 600000ms (custom)
2019-09-26 12:47:54,235 [pool-97-thread-1] INFO  impl.RaftServerImpl (RaftServerImpl.java:start(185)) - ee405521-39f0-4e35-96b7-0f3eb4cba198@group-6721BC00420A: start as a follower, conf=-1: [ee405521-39f0-4e35-96b7-0f3eb4cba198:192.168.164.238:41045], old=null
2019-09-26 12:47:54,235 [pool-97-thread-1] INFO  impl.RaftServerImpl (RaftServerImpl.java:setRole(174)) - ee405521-39f0-4e35-96b7-0f3eb4cba198@group-6721BC00420A: changes role from      null to FOLLOWER at term 0 for startAsFollower
2019-09-26 12:47:54,235 [pool-97-thread-1] INFO  impl.RoleInfo (RoleInfo.java:updateAndGet(143)) - ee405521-39f0-4e35-96b7-0f3eb4cba198: start FollowerState
2019-09-26 12:47:54,236 [pool-97-thread-1] INFO  util.JmxRegister (JmxRegister.java:tryRegister(44)) - Successfully registered JMX Bean with object name Ratis:service=RaftServer,group=group-6721BC00420A,id=ee405521-39f0-4e35-96b7-0f3eb4cba198
2019-09-26 12:47:54,242 [RatisPipelineUtilsThread] INFO  pipeline.PipelineStateManager (PipelineStateManager.java:addPipeline(56)) - Created pipeline Pipeline[ Id: 0127ff3e-5a13-4e35-87b6-6721bc00420a, Nodes: ee405521-39f0-4e35-96b7-0f3eb4cba198{ip: 192.168.164.238, host: pr-hdds-1569-87zkn-1081879488, networkLocation: /default-rack, certSerialId: null}, Type:RATIS, Factor:ONE, State:OPEN]
2019-09-26 12:47:54,243 [IPC Server handler 5 on 44768] INFO  volume.OMVolumeCreateRequest (OMVolumeCreateRequest.java:validateAndUpdateCache(189)) - created volume:6922404d-d81c-4e6a-b7fe-10e46807bf04 for user:jenkins1000
2019-09-26 12:47:54,256 [grpc-default-executor-0] INFO  impl.RaftServerProxy (RaftServerProxy.java:addNew(89)) - c217791a-6f2b-404e-8fdd-7bf246bea5f5: addNew group-55E929B6A951:[c217791a-6f2b-404e-8fdd-7bf246bea5f5:192.168.164.238:45154] returns group-55E929B6A951:java.util.concurrent.CompletableFuture@789082c6[Not completed]
2019-09-26 12:47:54,261 [pool-107-thread-1] INFO  impl.RaftServerImpl (RaftServerImpl.java:<init>(95)) - c217791a-6f2b-404e-8fdd-7bf246bea5f5: new RaftServerImpl for group-55E929B6A951:[c217791a-6f2b-404e-8fdd-7bf246bea5f5:192.168.164.238:45154] with ContainerStateMachine:uninitialized
2019-09-26 12:47:54,263 [pool-107-thread-1] INFO  server.RaftServerConfigKeys (ConfUtils.java:logGet(43)) - raft.server.rpc.timeout.min = 5s (custom)
2019-09-26 12:47:54,263 [pool-107-thread-1] INFO  server.RaftServerConfigKeys (ConfUtils.java:logGet(43)) - raft.server.rpc.timeout.max = 5200ms (custom)
2019-09-26 12:47:54,264 [pool-107-thread-1] INFO  server.RaftServerConfigKeys (ConfUtils.java:logGet(43)) - raft.server.rpcslowness.timeout = 120s (custom)
2019-09-26 12:47:54,264 [pool-107-thread-1] INFO  server.RaftServerConfigKeys (ConfUtils.java:logGet(43)) - raft.server.sleep.deviation.threshold = 300 (default)
2019-09-26 12:47:54,264 [pool-107-thread-1] INFO  server.RaftServerConfigKeys (ConfUtils.java:logGet(43)) - raft.server.log.appender.install.snapshot.enabled = false (custom)
2019-09-26 12:47:54,264 [pool-107-thread-1] INFO  impl.RaftServerImpl (ServerState.java:<init>(103)) - c217791a-6f2b-404e-8fdd-7bf246bea5f5@group-55E929B6A951: ConfigurationManager, init=-1: [c217791a-6f2b-404e-8fdd-7bf246bea5f5:192.168.164.238:45154], old=null, confs=<EMPTY_MAP>
2019-09-26 12:47:54,264 [pool-107-thread-1] INFO  server.RaftServerConfigKeys (ConfUtils.java:logGet(43)) - raft.server.storage.dir = [/workdir/hadoop-ozone/integration-test/target/test-dir/MiniOzoneClusterImpl-5cb8bac5-d0f0-4551-b9d0-b3e056facdc3/datanode-8/data/ratis] (custom)
2019-09-26 12:47:54,265 [pool-107-thread-1] INFO  storage.RaftStorageDirectory (RaftStorageDirectory.java:analyzeStorage(246)) - The storage directory /workdir/hadoop-ozone/integration-test/target/test-dir/MiniOzoneClusterImpl-5cb8bac5-d0f0-4551-b9d0-b3e056facdc3/datanode-8/data/ratis/d22fb351-6146-4e54-b8e8-55e929b6a951 does not exist. Creating ...
2019-09-26 12:47:54,274 [main] INFO  rpc.RpcClient (RpcClient.java:createBucket(415)) - Creating Bucket: 6922404d-d81c-4e6a-b7fe-10e46807bf04/1aa9b29d-0724-4310-908f-34aa4fbedceb, with Versioning false and Storage Type set to DISK and Encryption set to false 
2019-09-26 12:47:54,280 [pool-107-thread-1] INFO  storage.RaftStorageDirectory (RaftStorageDirectory.java:tryLock(328)) - Lock on /workdir/hadoop-ozone/integration-test/target/test-dir/MiniOzoneClusterImpl-5cb8bac5-d0f0-4551-b9d0-b3e056facdc3/datanode-8/data/ratis/d22fb351-6146-4e54-b8e8-55e929b6a951/in_use.lock acquired by nodename 4507@pr-hdds-1569-87zkn-1081879488
2019-09-26 12:47:54,313 [pool-107-thread-1] INFO  storage.RaftStorage (RaftStorage.java:format(72)) - Storage directory /workdir/hadoop-ozone/integration-test/target/test-dir/MiniOzoneClusterImpl-5cb8bac5-d0f0-4551-b9d0-b3e056facdc3/datanode-8/data/ratis/d22fb351-6146-4e54-b8e8-55e929b6a951 has been successfully formatted.
2019-09-26 12:47:54,314 [pool-107-thread-1] INFO  ratis.ContainerStateMachine (ContainerStateMachine.java:loadSnapshot(230)) - group-55E929B6A951: The snapshot info is null. Setting the last applied indexto:(t:0, i:~)
2019-09-26 12:47:54,314 [pool-107-thread-1] INFO  server.RaftServerConfigKeys (ConfUtils.java:logGet(43)) - raft.server.notification.no-leader.timeout = 120s (custom)
2019-09-26 12:47:54,314 [pool-107-thread-1] INFO  server.RaftServerConfigKeys (ConfUtils.java:logGet(43)) - raft.server.log.use.memory = false (default)
2019-09-26 12:47:54,314 [pool-107-thread-1] INFO  server.RaftServerConfigKeys (ConfUtils.java:logGet(43)) - raft.server.log.purge.gap = 1000000 (custom)
2019-09-26 12:47:54,314 [pool-107-thread-1] INFO  server.RaftServerConfigKeys (ConfUtils.java:logGet(43)) - raft.server.log.appender.buffer.byte-limit = 33554432 (custom)
2019-09-26 12:47:54,315 [pool-107-thread-1] INFO  server.RaftServerConfigKeys (ConfUtils.java:logGet(43)) - raft.server.log.segment.size.max = 1048576 (custom)
2019-09-26 12:47:54,315 [pool-107-thread-1] INFO  server.RaftServerConfigKeys (ConfUtils.java:logGet(43)) - raft.server.log.segment.cache.num.max = 2 (custom)
2019-09-26 12:47:54,315 [pool-107-thread-1] INFO  segmented.SegmentedRaftLogWorker (SegmentedRaftLogWorker.java:<init>(172)) - new c217791a-6f2b-404e-8fdd-7bf246bea5f5@group-55E929B6A951-SegmentedRaftLogWorker for RaftStorage:Storage Directory /workdir/hadoop-ozone/integration-test/target/test-dir/MiniOzoneClusterImpl-5cb8bac5-d0f0-4551-b9d0-b3e056facdc3/datanode-8/data/ratis/d22fb351-6146-4e54-b8e8-55e929b6a951
2019-09-26 12:47:54,315 [pool-107-thread-1] INFO  server.RaftServerConfigKeys (ConfUtils.java:logGet(43)) - raft.server.log.queue.byte-limit = 2147483647 (custom)
2019-09-26 12:47:54,317 [pool-107-thread-1] INFO  server.RaftServerConfigKeys (ConfUtils.java:logGet(43)) - raft.server.log.queue.element-limit = 1024 (custom)
2019-09-26 12:47:54,317 [pool-107-thread-1] INFO  server.RaftServerConfigKeys (ConfUtils.java:logGet(43)) - raft.server.log.segment.size.max = 1048576 (custom)
2019-09-26 12:47:54,317 [pool-107-thread-1] INFO  server.RaftServerConfigKeys (ConfUtils.java:logGet(43)) - raft.server.log.preallocated.size = 16384 (custom)
2019-09-26 12:47:54,318 [pool-107-thread-1] INFO  server.RaftServerConfigKeys (ConfUtils.java:logGet(43)) - raft.server.log.write.buffer.size = 33554432 (custom)
2019-09-26 12:47:54,318 [pool-107-thread-1] INFO  server.RaftServerConfigKeys (ConfUtils.java:logGet(43)) - raft.server.log.force.sync.num = 128 (default)
2019-09-26 12:47:54,318 [pool-107-thread-1] INFO  server.RaftServerConfigKeys (ConfUtils.java:logGet(43)) - raft.server.log.statemachine.data.sync = true (default)
2019-09-26 12:47:54,318 [pool-107-thread-1] INFO  server.RaftServerConfigKeys (ConfUtils.java:logGet(43)) - raft.server.log.statemachine.data.sync.timeout = 10s (default)
2019-09-26 12:47:54,318 [pool-107-thread-1] INFO  server.RaftServerConfigKeys (ConfUtils.java:logGet(43)) - raft.server.log.statemachine.data.sync.timeout.retry = -1 (default)
2019-09-26 12:47:54,319 [pool-107-thread-1] INFO  server.RaftServerConfigKeys (ConfUtils.java:logGet(43)) - raft.server.log.statemachine.data.caching.enabled = true (custom)
2019-09-26 12:47:54,319 [pool-107-thread-1] INFO  segmented.SegmentedRaftLogWorker (SegmentedRaftLogWorker.java:lambda$new$0(132)) - c217791a-6f2b-404e-8fdd-7bf246bea5f5@group-55E929B6A951-SegmentedRaftLogWorker: flushIndex: setUnconditionally 0 -> -1
2019-09-26 12:47:54,319 [pool-107-thread-1] INFO  server.RaftServerConfigKeys (ConfUtils.java:logGet(43)) - raft.server.snapshot.auto.trigger.enabled = true (custom)
2019-09-26 12:47:54,320 [pool-107-thread-1] INFO  server.RaftServerConfigKeys (ConfUtils.java:logGet(43)) - raft.server.snapshot.auto.trigger.threshold = 10000 (custom)
2019-09-26 12:47:54,320 [pool-107-thread-1] INFO  server.RaftServerConfigKeys (ConfUtils.java:logGet(43)) - raft.server.snapshot.retention.num.files = 5 (custom)
2019-09-26 12:47:54,320 [pool-107-thread-1] INFO  server.RaftServerConfigKeys (ConfUtils.java:logGet(43)) - raft.server.retrycache.expirytime = 600000ms (custom)
2019-09-26 12:47:54,323 [pool-107-thread-1] INFO  impl.RaftServerImpl (RaftServerImpl.java:start(185)) - c217791a-6f2b-404e-8fdd-7bf246bea5f5@group-55E929B6A951: start as a follower, conf=-1: [c217791a-6f2b-404e-8fdd-7bf246bea5f5:192.168.164.238:45154], old=null
2019-09-26 12:47:54,323 [pool-107-thread-1] INFO  impl.RaftServerImpl (RaftServerImpl.java:setRole(174)) - c217791a-6f2b-404e-8fdd-7bf246bea5f5@group-55E929B6A951: changes role from      null to FOLLOWER at term 0 for startAsFollower
2019-09-26 12:47:54,323 [pool-107-thread-1] INFO  impl.RoleInfo (RoleInfo.java:updateAndGet(143)) - c217791a-6f2b-404e-8fdd-7bf246bea5f5: start FollowerState
2019-09-26 12:47:54,324 [pool-107-thread-1] INFO  util.JmxRegister (JmxRegister.java:tryRegister(44)) - Successfully registered JMX Bean with object name Ratis:service=RaftServer,group=group-55E929B6A951,id=c217791a-6f2b-404e-8fdd-7bf246bea5f5
2019-09-26 12:47:54,676 [RatisPipelineUtilsThread] INFO  pipeline.PipelineStateManager (PipelineStateManager.java:addPipeline(56)) - Created pipeline Pipeline[ Id: d22fb351-6146-4e54-b8e8-55e929b6a951, Nodes: c217791a-6f2b-404e-8fdd-7bf246bea5f5{ip: 192.168.164.238, host: pr-hdds-1569-87zkn-1081879488, networkLocation: /default-rack, certSerialId: null}, Type:RATIS, Factor:ONE, State:OPEN]
2019-09-26 12:47:54,705 [grpc-default-executor-0] INFO  impl.RaftServerProxy (RaftServerProxy.java:addNew(89)) - b09b7271-c85a-4a7d-93dd-691f4cd26c16: addNew group-DA6ED98C6C68:[b09b7271-c85a-4a7d-93dd-691f4cd26c16:192.168.164.238:46583] returns group-DA6ED98C6C68:java.util.concurrent.CompletableFuture@4b2599e[Not completed]
2019-09-26 12:47:54,709 [Thread-283] INFO  container.ReplicationManager (ReplicationManager.java:start(163)) - Starting Replication Monitor Thread.
2019-09-26 12:47:54,710 [pool-27-thread-1] INFO  impl.RaftServerImpl (RaftServerImpl.java:<init>(95)) - b09b7271-c85a-4a7d-93dd-691f4cd26c16: new RaftServerImpl for group-DA6ED98C6C68:[b09b7271-c85a-4a7d-93dd-691f4cd26c16:192.168.164.238:46583] with ContainerStateMachine:uninitialized
2019-09-26 12:47:54,711 [ReplicationMonitor] INFO  container.ReplicationManager (ReplicationManager.java:run(226)) - Replication Monitor Thread took 1 milliseconds for processing 0 containers.
2019-09-26 12:47:54,711 [pool-27-thread-1] INFO  server.RaftServerConfigKeys (ConfUtils.java:logGet(43)) - raft.server.rpc.timeout.min = 5s (custom)
2019-09-26 12:47:54,711 [pool-27-thread-1] INFO  server.RaftServerConfigKeys (ConfUtils.java:logGet(43)) - raft.server.rpc.timeout.max = 5200ms (custom)
2019-09-26 12:47:54,711 [pool-27-thread-1] INFO  server.RaftServerConfigKeys (ConfUtils.java:logGet(43)) - raft.server.rpcslowness.timeout = 120s (custom)
2019-09-26 12:47:54,711 [pool-27-thread-1] INFO  server.RaftServerConfigKeys (ConfUtils.java:logGet(43)) - raft.server.sleep.deviation.threshold = 300 (default)
2019-09-26 12:47:54,712 [pool-27-thread-1] INFO  server.RaftServerConfigKeys (ConfUtils.java:logGet(43)) - raft.server.log.appender.install.snapshot.enabled = false (custom)
2019-09-26 12:47:54,712 [pool-27-thread-1] INFO  impl.RaftServerImpl (ServerState.java:<init>(103)) - b09b7271-c85a-4a7d-93dd-691f4cd26c16@group-DA6ED98C6C68: ConfigurationManager, init=-1: [b09b7271-c85a-4a7d-93dd-691f4cd26c16:192.168.164.238:46583], old=null, confs=<EMPTY_MAP>
2019-09-26 12:47:54,712 [pool-27-thread-1] INFO  server.RaftServerConfigKeys (ConfUtils.java:logGet(43)) - raft.server.storage.dir = [/workdir/hadoop-ozone/integration-test/target/test-dir/MiniOzoneClusterImpl-5cb8bac5-d0f0-4551-b9d0-b3e056facdc3/datanode-0/data/ratis] (custom)
2019-09-26 12:47:54,713 [pool-27-thread-1] INFO  storage.RaftStorageDirectory (RaftStorageDirectory.java:analyzeStorage(246)) - The storage directory /workdir/hadoop-ozone/integration-test/target/test-dir/MiniOzoneClusterImpl-5cb8bac5-d0f0-4551-b9d0-b3e056facdc3/datanode-0/data/ratis/7837e6b9-8b59-4555-bac5-da6ed98c6c68 does not exist. Creating ...
2019-09-26 12:47:54,726 [pool-27-thread-1] INFO  storage.RaftStorageDirectory (RaftStorageDirectory.java:tryLock(328)) - Lock on /workdir/hadoop-ozone/integration-test/target/test-dir/MiniOzoneClusterImpl-5cb8bac5-d0f0-4551-b9d0-b3e056facdc3/datanode-0/data/ratis/7837e6b9-8b59-4555-bac5-da6ed98c6c68/in_use.lock acquired by nodename 4507@pr-hdds-1569-87zkn-1081879488
2019-09-26 12:47:54,739 [pool-27-thread-1] INFO  storage.RaftStorage (RaftStorage.java:format(72)) - Storage directory /workdir/hadoop-ozone/integration-test/target/test-dir/MiniOzoneClusterImpl-5cb8bac5-d0f0-4551-b9d0-b3e056facdc3/datanode-0/data/ratis/7837e6b9-8b59-4555-bac5-da6ed98c6c68 has been successfully formatted.
2019-09-26 12:47:54,739 [pool-27-thread-1] INFO  ratis.ContainerStateMachine (ContainerStateMachine.java:loadSnapshot(230)) - group-DA6ED98C6C68: The snapshot info is null. Setting the last applied indexto:(t:0, i:~)
2019-09-26 12:47:54,740 [pool-27-thread-1] INFO  server.RaftServerConfigKeys (ConfUtils.java:logGet(43)) - raft.server.notification.no-leader.timeout = 120s (custom)
2019-09-26 12:47:54,740 [pool-27-thread-1] INFO  server.RaftServerConfigKeys (ConfUtils.java:logGet(43)) - raft.server.log.use.memory = false (default)
2019-09-26 12:47:54,740 [pool-27-thread-1] INFO  server.RaftServerConfigKeys (ConfUtils.java:logGet(43)) - raft.server.log.purge.gap = 1000000 (custom)
2019-09-26 12:47:54,740 [pool-27-thread-1] INFO  server.RaftServerConfigKeys (ConfUtils.java:logGet(43)) - raft.server.log.appender.buffer.byte-limit = 33554432 (custom)
2019-09-26 12:47:54,740 [pool-27-thread-1] INFO  server.RaftServerConfigKeys (ConfUtils.java:logGet(43)) - raft.server.log.segment.size.max = 1048576 (custom)
2019-09-26 12:47:54,740 [pool-27-thread-1] INFO  server.RaftServerConfigKeys (ConfUtils.java:logGet(43)) - raft.server.log.segment.cache.num.max = 2 (custom)
2019-09-26 12:47:54,741 [pool-27-thread-1] INFO  segmented.SegmentedRaftLogWorker (SegmentedRaftLogWorker.java:<init>(172)) - new b09b7271-c85a-4a7d-93dd-691f4cd26c16@group-DA6ED98C6C68-SegmentedRaftLogWorker for RaftStorage:Storage Directory /workdir/hadoop-ozone/integration-test/target/test-dir/MiniOzoneClusterImpl-5cb8bac5-d0f0-4551-b9d0-b3e056facdc3/datanode-0/data/ratis/7837e6b9-8b59-4555-bac5-da6ed98c6c68
2019-09-26 12:47:54,741 [pool-27-thread-1] INFO  server.RaftServerConfigKeys (ConfUtils.java:logGet(43)) - raft.server.log.queue.byte-limit = 2147483647 (custom)
2019-09-26 12:47:54,741 [pool-27-thread-1] INFO  server.RaftServerConfigKeys (ConfUtils.java:logGet(43)) - raft.server.log.queue.element-limit = 1024 (custom)
2019-09-26 12:47:54,741 [pool-27-thread-1] INFO  server.RaftServerConfigKeys (ConfUtils.java:logGet(43)) - raft.server.log.segment.size.max = 1048576 (custom)
2019-09-26 12:47:54,741 [pool-27-thread-1] INFO  server.RaftServerConfigKeys (ConfUtils.java:logGet(43)) - raft.server.log.preallocated.size = 16384 (custom)
2019-09-26 12:47:54,741 [pool-27-thread-1] INFO  server.RaftServerConfigKeys (ConfUtils.java:logGet(43)) - raft.server.log.write.buffer.size = 33554432 (custom)
2019-09-26 12:47:54,741 [pool-27-thread-1] INFO  server.RaftServerConfigKeys (ConfUtils.java:logGet(43)) - raft.server.log.force.sync.num = 128 (default)
2019-09-26 12:47:54,742 [pool-27-thread-1] INFO  server.RaftServerConfigKeys (ConfUtils.java:logGet(43)) - raft.server.log.statemachine.data.sync = true (default)
2019-09-26 12:47:54,742 [pool-27-thread-1] INFO  server.RaftServerConfigKeys (ConfUtils.java:logGet(43)) - raft.server.log.statemachine.data.sync.timeout = 10s (default)
2019-09-26 12:47:54,742 [pool-27-thread-1] INFO  server.RaftServerConfigKeys (ConfUtils.java:logGet(43)) - raft.server.log.statemachine.data.sync.timeout.retry = -1 (default)
2019-09-26 12:47:54,742 [pool-27-thread-1] INFO  server.RaftServerConfigKeys (ConfUtils.java:logGet(43)) - raft.server.log.statemachine.data.caching.enabled = true (custom)
2019-09-26 12:47:54,742 [pool-27-thread-1] INFO  segmented.SegmentedRaftLogWorker (SegmentedRaftLogWorker.java:lambda$new$0(132)) - b09b7271-c85a-4a7d-93dd-691f4cd26c16@group-DA6ED98C6C68-SegmentedRaftLogWorker: flushIndex: setUnconditionally 0 -> -1
2019-09-26 12:47:54,743 [pool-27-thread-1] INFO  server.RaftServerConfigKeys (ConfUtils.java:logGet(43)) - raft.server.snapshot.auto.trigger.enabled = true (custom)
2019-09-26 12:47:54,743 [pool-27-thread-1] INFO  server.RaftServerConfigKeys (ConfUtils.java:logGet(43)) - raft.server.snapshot.auto.trigger.threshold = 10000 (custom)
2019-09-26 12:47:54,743 [pool-27-thread-1] INFO  server.RaftServerConfigKeys (ConfUtils.java:logGet(43)) - raft.server.snapshot.retention.num.files = 5 (custom)
2019-09-26 12:47:54,743 [pool-27-thread-1] INFO  server.RaftServerConfigKeys (ConfUtils.java:logGet(43)) - raft.server.retrycache.expirytime = 600000ms (custom)
2019-09-26 12:47:54,746 [pool-27-thread-1] INFO  impl.RaftServerImpl (RaftServerImpl.java:start(185)) - b09b7271-c85a-4a7d-93dd-691f4cd26c16@group-DA6ED98C6C68: start as a follower, conf=-1: [b09b7271-c85a-4a7d-93dd-691f4cd26c16:192.168.164.238:46583], old=null
2019-09-26 12:47:54,746 [pool-27-thread-1] INFO  impl.RaftServerImpl (RaftServerImpl.java:setRole(174)) - b09b7271-c85a-4a7d-93dd-691f4cd26c16@group-DA6ED98C6C68: changes role from      null to FOLLOWER at term 0 for startAsFollower
2019-09-26 12:47:54,746 [pool-27-thread-1] INFO  impl.RoleInfo (RoleInfo.java:updateAndGet(143)) - b09b7271-c85a-4a7d-93dd-691f4cd26c16: start FollowerState
2019-09-26 12:47:54,747 [pool-27-thread-1] INFO  util.JmxRegister (JmxRegister.java:tryRegister(44)) - Successfully registered JMX Bean with object name Ratis:service=RaftServer,group=group-DA6ED98C6C68,id=b09b7271-c85a-4a7d-93dd-691f4cd26c16
2019-09-26 12:47:54,752 [RatisPipelineUtilsThread] INFO  pipeline.PipelineStateManager (PipelineStateManager.java:addPipeline(56)) - Created pipeline Pipeline[ Id: 7837e6b9-8b59-4555-bac5-da6ed98c6c68, Nodes: b09b7271-c85a-4a7d-93dd-691f4cd26c16{ip: 192.168.164.238, host: pr-hdds-1569-87zkn-1081879488, networkLocation: /default-rack, certSerialId: null}, Type:RATIS, Factor:ONE, State:OPEN]
2019-09-26 12:47:54,763 [grpc-default-executor-0] INFO  impl.RaftServerProxy (RaftServerProxy.java:addNew(89)) - 442f14b8-64b4-4212-b9b5-a1ac78df33e2: addNew group-BB24883EAD72:[442f14b8-64b4-4212-b9b5-a1ac78df33e2:192.168.164.238:36401] returns group-BB24883EAD72:java.util.concurrent.CompletableFuture@1c69a6f[Not completed]
2019-09-26 12:47:54,764 [pool-47-thread-1] INFO  impl.RaftServerImpl (RaftServerImpl.java:<init>(95)) - 442f14b8-64b4-4212-b9b5-a1ac78df33e2: new RaftServerImpl for group-BB24883EAD72:[442f14b8-64b4-4212-b9b5-a1ac78df33e2:192.168.164.238:36401] with ContainerStateMachine:uninitialized
2019-09-26 12:47:54,764 [pool-47-thread-1] INFO  server.RaftServerConfigKeys (ConfUtils.java:logGet(43)) - raft.server.rpc.timeout.min = 5s (custom)
2019-09-26 12:47:54,765 [pool-47-thread-1] INFO  server.RaftServerConfigKeys (ConfUtils.java:logGet(43)) - raft.server.rpc.timeout.max = 5200ms (custom)
2019-09-26 12:47:54,765 [pool-47-thread-1] INFO  server.RaftServerConfigKeys (ConfUtils.java:logGet(43)) - raft.server.rpcslowness.timeout = 120s (custom)
2019-09-26 12:47:54,765 [pool-47-thread-1] INFO  server.RaftServerConfigKeys (ConfUtils.java:logGet(43)) - raft.server.sleep.deviation.threshold = 300 (default)
2019-09-26 12:47:54,765 [pool-47-thread-1] INFO  server.RaftServerConfigKeys (ConfUtils.java:logGet(43)) - raft.server.log.appender.install.snapshot.enabled = false (custom)
2019-09-26 12:47:54,765 [pool-47-thread-1] INFO  impl.RaftServerImpl (ServerState.java:<init>(103)) - 442f14b8-64b4-4212-b9b5-a1ac78df33e2@group-BB24883EAD72: ConfigurationManager, init=-1: [442f14b8-64b4-4212-b9b5-a1ac78df33e2:192.168.164.238:36401], old=null, confs=<EMPTY_MAP>
2019-09-26 12:47:54,765 [pool-47-thread-1] INFO  server.RaftServerConfigKeys (ConfUtils.java:logGet(43)) - raft.server.storage.dir = [/workdir/hadoop-ozone/integration-test/target/test-dir/MiniOzoneClusterImpl-5cb8bac5-d0f0-4551-b9d0-b3e056facdc3/datanode-2/data/ratis] (custom)
2019-09-26 12:47:54,766 [pool-47-thread-1] INFO  storage.RaftStorageDirectory (RaftStorageDirectory.java:analyzeStorage(246)) - The storage directory /workdir/hadoop-ozone/integration-test/target/test-dir/MiniOzoneClusterImpl-5cb8bac5-d0f0-4551-b9d0-b3e056facdc3/datanode-2/data/ratis/71dc3b21-3b8d-481e-b379-bb24883ead72 does not exist. Creating ...
2019-09-26 12:47:54,779 [pool-47-thread-1] INFO  storage.RaftStorageDirectory (RaftStorageDirectory.java:tryLock(328)) - Lock on /workdir/hadoop-ozone/integration-test/target/test-dir/MiniOzoneClusterImpl-5cb8bac5-d0f0-4551-b9d0-b3e056facdc3/datanode-2/data/ratis/71dc3b21-3b8d-481e-b379-bb24883ead72/in_use.lock acquired by nodename 4507@pr-hdds-1569-87zkn-1081879488
2019-09-26 12:47:54,792 [pool-47-thread-1] INFO  storage.RaftStorage (RaftStorage.java:format(72)) - Storage directory /workdir/hadoop-ozone/integration-test/target/test-dir/MiniOzoneClusterImpl-5cb8bac5-d0f0-4551-b9d0-b3e056facdc3/datanode-2/data/ratis/71dc3b21-3b8d-481e-b379-bb24883ead72 has been successfully formatted.
2019-09-26 12:47:54,792 [pool-47-thread-1] INFO  ratis.ContainerStateMachine (ContainerStateMachine.java:loadSnapshot(230)) - group-BB24883EAD72: The snapshot info is null. Setting the last applied indexto:(t:0, i:~)
2019-09-26 12:47:54,793 [pool-47-thread-1] INFO  server.RaftServerConfigKeys (ConfUtils.java:logGet(43)) - raft.server.notification.no-leader.timeout = 120s (custom)
2019-09-26 12:47:54,793 [pool-47-thread-1] INFO  server.RaftServerConfigKeys (ConfUtils.java:logGet(43)) - raft.server.log.use.memory = false (default)
2019-09-26 12:47:54,793 [pool-47-thread-1] INFO  server.RaftServerConfigKeys (ConfUtils.java:logGet(43)) - raft.server.log.purge.gap = 1000000 (custom)
2019-09-26 12:47:54,793 [pool-47-thread-1] INFO  server.RaftServerConfigKeys (ConfUtils.java:logGet(43)) - raft.server.log.appender.buffer.byte-limit = 33554432 (custom)
2019-09-26 12:47:54,793 [pool-47-thread-1] INFO  server.RaftServerConfigKeys (ConfUtils.java:logGet(43)) - raft.server.log.segment.size.max = 1048576 (custom)
2019-09-26 12:47:54,793 [pool-47-thread-1] INFO  server.RaftServerConfigKeys (ConfUtils.java:logGet(43)) - raft.server.log.segment.cache.num.max = 2 (custom)
2019-09-26 12:47:54,794 [pool-47-thread-1] INFO  segmented.SegmentedRaftLogWorker (SegmentedRaftLogWorker.java:<init>(172)) - new 442f14b8-64b4-4212-b9b5-a1ac78df33e2@group-BB24883EAD72-SegmentedRaftLogWorker for RaftStorage:Storage Directory /workdir/hadoop-ozone/integration-test/target/test-dir/MiniOzoneClusterImpl-5cb8bac5-d0f0-4551-b9d0-b3e056facdc3/datanode-2/data/ratis/71dc3b21-3b8d-481e-b379-bb24883ead72
2019-09-26 12:47:54,794 [pool-47-thread-1] INFO  server.RaftServerConfigKeys (ConfUtils.java:logGet(43)) - raft.server.log.queue.byte-limit = 2147483647 (custom)
2019-09-26 12:47:54,794 [pool-47-thread-1] INFO  server.RaftServerConfigKeys (ConfUtils.java:logGet(43)) - raft.server.log.queue.element-limit = 1024 (custom)
2019-09-26 12:47:54,794 [pool-47-thread-1] INFO  server.RaftServerConfigKeys (ConfUtils.java:logGet(43)) - raft.server.log.segment.size.max = 1048576 (custom)
2019-09-26 12:47:54,794 [pool-47-thread-1] INFO  server.RaftServerConfigKeys (ConfUtils.java:logGet(43)) - raft.server.log.preallocated.size = 16384 (custom)
2019-09-26 12:47:54,794 [pool-47-thread-1] INFO  server.RaftServerConfigKeys (ConfUtils.java:logGet(43)) - raft.server.log.write.buffer.size = 33554432 (custom)
2019-09-26 12:47:54,795 [pool-47-thread-1] INFO  server.RaftServerConfigKeys (ConfUtils.java:logGet(43)) - raft.server.log.force.sync.num = 128 (default)
2019-09-26 12:47:54,795 [pool-47-thread-1] INFO  server.RaftServerConfigKeys (ConfUtils.java:logGet(43)) - raft.server.log.statemachine.data.sync = true (default)
2019-09-26 12:47:54,795 [pool-47-thread-1] INFO  server.RaftServerConfigKeys (ConfUtils.java:logGet(43)) - raft.server.log.statemachine.data.sync.timeout = 10s (default)
2019-09-26 12:47:54,795 [pool-47-thread-1] INFO  server.RaftServerConfigKeys (ConfUtils.java:logGet(43)) - raft.server.log.statemachine.data.sync.timeout.retry = -1 (default)
2019-09-26 12:47:54,795 [pool-47-thread-1] INFO  server.RaftServerConfigKeys (ConfUtils.java:logGet(43)) - raft.server.log.statemachine.data.caching.enabled = true (custom)
2019-09-26 12:47:54,796 [pool-47-thread-1] INFO  segmented.SegmentedRaftLogWorker (SegmentedRaftLogWorker.java:lambda$new$0(132)) - 442f14b8-64b4-4212-b9b5-a1ac78df33e2@group-BB24883EAD72-SegmentedRaftLogWorker: flushIndex: setUnconditionally 0 -> -1
2019-09-26 12:47:54,796 [pool-47-thread-1] INFO  server.RaftServerConfigKeys (ConfUtils.java:logGet(43)) - raft.server.snapshot.auto.trigger.enabled = true (custom)
2019-09-26 12:47:54,796 [pool-47-thread-1] INFO  server.RaftServerConfigKeys (ConfUtils.java:logGet(43)) - raft.server.snapshot.auto.trigger.threshold = 10000 (custom)
2019-09-26 12:47:54,797 [pool-47-thread-1] INFO  server.RaftServerConfigKeys (ConfUtils.java:logGet(43)) - raft.server.snapshot.retention.num.files = 5 (custom)
2019-09-26 12:47:54,797 [pool-47-thread-1] INFO  server.RaftServerConfigKeys (ConfUtils.java:logGet(43)) - raft.server.retrycache.expirytime = 600000ms (custom)
2019-09-26 12:47:55,257 [pool-47-thread-1] INFO  impl.RaftServerImpl (RaftServerImpl.java:start(185)) - 442f14b8-64b4-4212-b9b5-a1ac78df33e2@group-BB24883EAD72: start as a follower, conf=-1: [442f14b8-64b4-4212-b9b5-a1ac78df33e2:192.168.164.238:36401], old=null
2019-09-26 12:47:55,258 [pool-47-thread-1] INFO  impl.RaftServerImpl (RaftServerImpl.java:setRole(174)) - 442f14b8-64b4-4212-b9b5-a1ac78df33e2@group-BB24883EAD72: changes role from      null to FOLLOWER at term 0 for startAsFollower
2019-09-26 12:47:55,258 [pool-47-thread-1] INFO  impl.RoleInfo (RoleInfo.java:updateAndGet(143)) - 442f14b8-64b4-4212-b9b5-a1ac78df33e2: start FollowerState
2019-09-26 12:47:55,259 [pool-47-thread-1] INFO  util.JmxRegister (JmxRegister.java:tryRegister(44)) - Successfully registered JMX Bean with object name Ratis:service=RaftServer,group=group-BB24883EAD72,id=442f14b8-64b4-4212-b9b5-a1ac78df33e2
2019-09-26 12:47:55,264 [RatisPipelineUtilsThread] INFO  pipeline.PipelineStateManager (PipelineStateManager.java:addPipeline(56)) - Created pipeline Pipeline[ Id: 71dc3b21-3b8d-481e-b379-bb24883ead72, Nodes: 442f14b8-64b4-4212-b9b5-a1ac78df33e2{ip: 192.168.164.238, host: pr-hdds-1569-87zkn-1081879488, networkLocation: /default-rack, certSerialId: null}, Type:RATIS, Factor:ONE, State:OPEN]
2019-09-26 12:47:55,296 [grpc-default-executor-0] INFO  impl.RaftServerProxy (RaftServerProxy.java:addNew(89)) - 93b6de49-ccf6-423c-87d1-581fa32d2ae4: addNew group-73078CBD4146:[93b6de49-ccf6-423c-87d1-581fa32d2ae4:192.168.164.238:41044] returns group-73078CBD4146:java.util.concurrent.CompletableFuture@28f7f963[Not completed]
2019-09-26 12:47:55,300 [pool-117-thread-1] INFO  impl.RaftServerImpl (RaftServerImpl.java:<init>(95)) - 93b6de49-ccf6-423c-87d1-581fa32d2ae4: new RaftServerImpl for group-73078CBD4146:[93b6de49-ccf6-423c-87d1-581fa32d2ae4:192.168.164.238:41044] with ContainerStateMachine:uninitialized
2019-09-26 12:47:55,300 [pool-117-thread-1] INFO  server.RaftServerConfigKeys (ConfUtils.java:logGet(43)) - raft.server.rpc.timeout.min = 5s (custom)
2019-09-26 12:47:55,300 [pool-117-thread-1] INFO  server.RaftServerConfigKeys (ConfUtils.java:logGet(43)) - raft.server.rpc.timeout.max = 5200ms (custom)
2019-09-26 12:47:55,300 [pool-117-thread-1] INFO  server.RaftServerConfigKeys (ConfUtils.java:logGet(43)) - raft.server.rpcslowness.timeout = 120s (custom)
2019-09-26 12:47:55,300 [pool-117-thread-1] INFO  server.RaftServerConfigKeys (ConfUtils.java:logGet(43)) - raft.server.sleep.deviation.threshold = 300 (default)
2019-09-26 12:47:55,300 [pool-117-thread-1] INFO  server.RaftServerConfigKeys (ConfUtils.java:logGet(43)) - raft.server.log.appender.install.snapshot.enabled = false (custom)
2019-09-26 12:47:55,301 [pool-117-thread-1] INFO  impl.RaftServerImpl (ServerState.java:<init>(103)) - 93b6de49-ccf6-423c-87d1-581fa32d2ae4@group-73078CBD4146: ConfigurationManager, init=-1: [93b6de49-ccf6-423c-87d1-581fa32d2ae4:192.168.164.238:41044], old=null, confs=<EMPTY_MAP>
2019-09-26 12:47:55,301 [pool-117-thread-1] INFO  server.RaftServerConfigKeys (ConfUtils.java:logGet(43)) - raft.server.storage.dir = [/workdir/hadoop-ozone/integration-test/target/test-dir/MiniOzoneClusterImpl-5cb8bac5-d0f0-4551-b9d0-b3e056facdc3/datanode-9/data/ratis] (custom)
2019-09-26 12:47:55,301 [pool-117-thread-1] INFO  storage.RaftStorageDirectory (RaftStorageDirectory.java:analyzeStorage(246)) - The storage directory /workdir/hadoop-ozone/integration-test/target/test-dir/MiniOzoneClusterImpl-5cb8bac5-d0f0-4551-b9d0-b3e056facdc3/datanode-9/data/ratis/32db1bbc-db6c-4fbd-90a5-73078cbd4146 does not exist. Creating ...
2019-09-26 12:47:55,323 [pool-117-thread-1] INFO  storage.RaftStorageDirectory (RaftStorageDirectory.java:tryLock(328)) - Lock on /workdir/hadoop-ozone/integration-test/target/test-dir/MiniOzoneClusterImpl-5cb8bac5-d0f0-4551-b9d0-b3e056facdc3/datanode-9/data/ratis/32db1bbc-db6c-4fbd-90a5-73078cbd4146/in_use.lock acquired by nodename 4507@pr-hdds-1569-87zkn-1081879488
2019-09-26 12:47:55,336 [pool-117-thread-1] INFO  storage.RaftStorage (RaftStorage.java:format(72)) - Storage directory /workdir/hadoop-ozone/integration-test/target/test-dir/MiniOzoneClusterImpl-5cb8bac5-d0f0-4551-b9d0-b3e056facdc3/datanode-9/data/ratis/32db1bbc-db6c-4fbd-90a5-73078cbd4146 has been successfully formatted.
2019-09-26 12:47:55,336 [pool-117-thread-1] INFO  ratis.ContainerStateMachine (ContainerStateMachine.java:loadSnapshot(230)) - group-73078CBD4146: The snapshot info is null. Setting the last applied indexto:(t:0, i:~)
2019-09-26 12:47:55,336 [pool-117-thread-1] INFO  server.RaftServerConfigKeys (ConfUtils.java:logGet(43)) - raft.server.notification.no-leader.timeout = 120s (custom)
2019-09-26 12:47:55,337 [pool-117-thread-1] INFO  server.RaftServerConfigKeys (ConfUtils.java:logGet(43)) - raft.server.log.use.memory = false (default)
2019-09-26 12:47:55,337 [pool-117-thread-1] INFO  server.RaftServerConfigKeys (ConfUtils.java:logGet(43)) - raft.server.log.purge.gap = 1000000 (custom)
2019-09-26 12:47:55,337 [pool-117-thread-1] INFO  server.RaftServerConfigKeys (ConfUtils.java:logGet(43)) - raft.server.log.appender.buffer.byte-limit = 33554432 (custom)
2019-09-26 12:47:55,337 [pool-117-thread-1] INFO  server.RaftServerConfigKeys (ConfUtils.java:logGet(43)) - raft.server.log.segment.size.max = 1048576 (custom)
2019-09-26 12:47:55,337 [pool-117-thread-1] INFO  server.RaftServerConfigKeys (ConfUtils.java:logGet(43)) - raft.server.log.segment.cache.num.max = 2 (custom)
2019-09-26 12:47:55,338 [pool-117-thread-1] INFO  segmented.SegmentedRaftLogWorker (SegmentedRaftLogWorker.java:<init>(172)) - new 93b6de49-ccf6-423c-87d1-581fa32d2ae4@group-73078CBD4146-SegmentedRaftLogWorker for RaftStorage:Storage Directory /workdir/hadoop-ozone/integration-test/target/test-dir/MiniOzoneClusterImpl-5cb8bac5-d0f0-4551-b9d0-b3e056facdc3/datanode-9/data/ratis/32db1bbc-db6c-4fbd-90a5-73078cbd4146
2019-09-26 12:47:55,340 [pool-117-thread-1] INFO  server.RaftServerConfigKeys (ConfUtils.java:logGet(43)) - raft.server.log.queue.byte-limit = 2147483647 (custom)
2019-09-26 12:47:55,341 [pool-117-thread-1] INFO  server.RaftServerConfigKeys (ConfUtils.java:logGet(43)) - raft.server.log.queue.element-limit = 1024 (custom)
2019-09-26 12:47:55,341 [pool-117-thread-1] INFO  server.RaftServerConfigKeys (ConfUtils.java:logGet(43)) - raft.server.log.segment.size.max = 1048576 (custom)
2019-09-26 12:47:55,341 [pool-117-thread-1] INFO  server.RaftServerConfigKeys (ConfUtils.java:logGet(43)) - raft.server.log.preallocated.size = 16384 (custom)
2019-09-26 12:47:55,341 [pool-117-thread-1] INFO  server.RaftServerConfigKeys (ConfUtils.java:logGet(43)) - raft.server.log.write.buffer.size = 33554432 (custom)
2019-09-26 12:47:55,341 [pool-117-thread-1] INFO  server.RaftServerConfigKeys (ConfUtils.java:logGet(43)) - raft.server.log.force.sync.num = 128 (default)
2019-09-26 12:47:55,342 [pool-117-thread-1] INFO  server.RaftServerConfigKeys (ConfUtils.java:logGet(43)) - raft.server.log.statemachine.data.sync = true (default)
2019-09-26 12:47:55,342 [pool-117-thread-1] INFO  server.RaftServerConfigKeys (ConfUtils.java:logGet(43)) - raft.server.log.statemachine.data.sync.timeout = 10s (default)
2019-09-26 12:47:55,342 [pool-117-thread-1] INFO  server.RaftServerConfigKeys (ConfUtils.java:logGet(43)) - raft.server.log.statemachine.data.sync.timeout.retry = -1 (default)
2019-09-26 12:47:55,342 [pool-117-thread-1] INFO  server.RaftServerConfigKeys (ConfUtils.java:logGet(43)) - raft.server.log.statemachine.data.caching.enabled = true (custom)
2019-09-26 12:47:55,343 [pool-117-thread-1] INFO  segmented.SegmentedRaftLogWorker (SegmentedRaftLogWorker.java:lambda$new$0(132)) - 93b6de49-ccf6-423c-87d1-581fa32d2ae4@group-73078CBD4146-SegmentedRaftLogWorker: flushIndex: setUnconditionally 0 -> -1
2019-09-26 12:47:55,343 [pool-117-thread-1] INFO  server.RaftServerConfigKeys (ConfUtils.java:logGet(43)) - raft.server.snapshot.auto.trigger.enabled = true (custom)
2019-09-26 12:47:55,343 [pool-117-thread-1] INFO  server.RaftServerConfigKeys (ConfUtils.java:logGet(43)) - raft.server.snapshot.auto.trigger.threshold = 10000 (custom)
2019-09-26 12:47:55,344 [pool-117-thread-1] INFO  server.RaftServerConfigKeys (ConfUtils.java:logGet(43)) - raft.server.snapshot.retention.num.files = 5 (custom)
2019-09-26 12:47:55,344 [pool-117-thread-1] INFO  server.RaftServerConfigKeys (ConfUtils.java:logGet(43)) - raft.server.retrycache.expirytime = 600000ms (custom)
2019-09-26 12:47:55,347 [pool-117-thread-1] INFO  impl.RaftServerImpl (RaftServerImpl.java:start(185)) - 93b6de49-ccf6-423c-87d1-581fa32d2ae4@group-73078CBD4146: start as a follower, conf=-1: [93b6de49-ccf6-423c-87d1-581fa32d2ae4:192.168.164.238:41044], old=null
2019-09-26 12:47:55,347 [pool-117-thread-1] INFO  impl.RaftServerImpl (RaftServerImpl.java:setRole(174)) - 93b6de49-ccf6-423c-87d1-581fa32d2ae4@group-73078CBD4146: changes role from      null to FOLLOWER at term 0 for startAsFollower
2019-09-26 12:47:55,347 [pool-117-thread-1] INFO  impl.RoleInfo (RoleInfo.java:updateAndGet(143)) - 93b6de49-ccf6-423c-87d1-581fa32d2ae4: start FollowerState
2019-09-26 12:47:55,358 [pool-117-thread-1] INFO  util.JmxRegister (JmxRegister.java:tryRegister(44)) - Successfully registered JMX Bean with object name Ratis:service=RaftServer,group=group-73078CBD4146,id=93b6de49-ccf6-423c-87d1-581fa32d2ae4
2019-09-26 12:47:55,383 [RatisPipelineUtilsThread] INFO  pipeline.PipelineStateManager (PipelineStateManager.java:addPipeline(56)) - Created pipeline Pipeline[ Id: 32db1bbc-db6c-4fbd-90a5-73078cbd4146, Nodes: 93b6de49-ccf6-423c-87d1-581fa32d2ae4{ip: 192.168.164.238, host: pr-hdds-1569-87zkn-1081879488, networkLocation: /default-rack, certSerialId: null}, Type:RATIS, Factor:ONE, State:OPEN]
2019-09-26 12:47:55,397 [grpc-default-executor-0] INFO  impl.RaftServerProxy (RaftServerProxy.java:addNew(89)) - 93b6de49-ccf6-423c-87d1-581fa32d2ae4: addNew group-91F44CD4B49C:[93b6de49-ccf6-423c-87d1-581fa32d2ae4:192.168.164.238:41044] returns group-91F44CD4B49C:java.util.concurrent.CompletableFuture@d12b1c2[Not completed]
2019-09-26 12:47:55,399 [pool-117-thread-1] INFO  impl.RaftServerImpl (RaftServerImpl.java:<init>(95)) - 93b6de49-ccf6-423c-87d1-581fa32d2ae4: new RaftServerImpl for group-91F44CD4B49C:[93b6de49-ccf6-423c-87d1-581fa32d2ae4:192.168.164.238:41044] with ContainerStateMachine:uninitialized
2019-09-26 12:47:55,399 [pool-117-thread-1] INFO  server.RaftServerConfigKeys (ConfUtils.java:logGet(43)) - raft.server.rpc.timeout.min = 5s (custom)
2019-09-26 12:47:55,399 [pool-117-thread-1] INFO  server.RaftServerConfigKeys (ConfUtils.java:logGet(43)) - raft.server.rpc.timeout.max = 5200ms (custom)
2019-09-26 12:47:55,400 [pool-117-thread-1] INFO  server.RaftServerConfigKeys (ConfUtils.java:logGet(43)) - raft.server.rpcslowness.timeout = 120s (custom)
2019-09-26 12:47:55,400 [pool-117-thread-1] INFO  server.RaftServerConfigKeys (ConfUtils.java:logGet(43)) - raft.server.sleep.deviation.threshold = 300 (default)
2019-09-26 12:47:55,400 [pool-117-thread-1] INFO  server.RaftServerConfigKeys (ConfUtils.java:logGet(43)) - raft.server.log.appender.install.snapshot.enabled = false (custom)
2019-09-26 12:47:55,400 [pool-117-thread-1] INFO  impl.RaftServerImpl (ServerState.java:<init>(103)) - 93b6de49-ccf6-423c-87d1-581fa32d2ae4@group-91F44CD4B49C: ConfigurationManager, init=-1: [93b6de49-ccf6-423c-87d1-581fa32d2ae4:192.168.164.238:41044], old=null, confs=<EMPTY_MAP>
2019-09-26 12:47:55,400 [pool-117-thread-1] INFO  server.RaftServerConfigKeys (ConfUtils.java:logGet(43)) - raft.server.storage.dir = [/workdir/hadoop-ozone/integration-test/target/test-dir/MiniOzoneClusterImpl-5cb8bac5-d0f0-4551-b9d0-b3e056facdc3/datanode-9/data/ratis] (custom)
2019-09-26 12:47:55,401 [pool-117-thread-1] INFO  storage.RaftStorageDirectory (RaftStorageDirectory.java:analyzeStorage(246)) - The storage directory /workdir/hadoop-ozone/integration-test/target/test-dir/MiniOzoneClusterImpl-5cb8bac5-d0f0-4551-b9d0-b3e056facdc3/datanode-9/data/ratis/9df94fe8-5ed0-40d8-8848-91f44cd4b49c does not exist. Creating ...
2019-09-26 12:47:55,414 [pool-117-thread-1] INFO  storage.RaftStorageDirectory (RaftStorageDirectory.java:tryLock(328)) - Lock on /workdir/hadoop-ozone/integration-test/target/test-dir/MiniOzoneClusterImpl-5cb8bac5-d0f0-4551-b9d0-b3e056facdc3/datanode-9/data/ratis/9df94fe8-5ed0-40d8-8848-91f44cd4b49c/in_use.lock acquired by nodename 4507@pr-hdds-1569-87zkn-1081879488
2019-09-26 12:47:55,428 [pool-117-thread-1] INFO  storage.RaftStorage (RaftStorage.java:format(72)) - Storage directory /workdir/hadoop-ozone/integration-test/target/test-dir/MiniOzoneClusterImpl-5cb8bac5-d0f0-4551-b9d0-b3e056facdc3/datanode-9/data/ratis/9df94fe8-5ed0-40d8-8848-91f44cd4b49c has been successfully formatted.
2019-09-26 12:47:55,428 [pool-117-thread-1] INFO  ratis.ContainerStateMachine (ContainerStateMachine.java:loadSnapshot(230)) - group-91F44CD4B49C: The snapshot info is null. Setting the last applied indexto:(t:0, i:~)
2019-09-26 12:47:55,428 [pool-117-thread-1] INFO  server.RaftServerConfigKeys (ConfUtils.java:logGet(43)) - raft.server.notification.no-leader.timeout = 120s (custom)
2019-09-26 12:47:55,428 [pool-117-thread-1] INFO  server.RaftServerConfigKeys (ConfUtils.java:logGet(43)) - raft.server.log.use.memory = false (default)
2019-09-26 12:47:55,429 [pool-117-thread-1] INFO  server.RaftServerConfigKeys (ConfUtils.java:logGet(43)) - raft.server.log.purge.gap = 1000000 (custom)
2019-09-26 12:47:55,429 [pool-117-thread-1] INFO  server.RaftServerConfigKeys (ConfUtils.java:logGet(43)) - raft.server.log.appender.buffer.byte-limit = 33554432 (custom)
2019-09-26 12:47:55,429 [pool-117-thread-1] INFO  server.RaftServerConfigKeys (ConfUtils.java:logGet(43)) - raft.server.log.segment.size.max = 1048576 (custom)
2019-09-26 12:47:55,429 [pool-117-thread-1] INFO  server.RaftServerConfigKeys (ConfUtils.java:logGet(43)) - raft.server.log.segment.cache.num.max = 2 (custom)
2019-09-26 12:47:55,429 [pool-117-thread-1] INFO  segmented.SegmentedRaftLogWorker (SegmentedRaftLogWorker.java:<init>(172)) - new 93b6de49-ccf6-423c-87d1-581fa32d2ae4@group-91F44CD4B49C-SegmentedRaftLogWorker for RaftStorage:Storage Directory /workdir/hadoop-ozone/integration-test/target/test-dir/MiniOzoneClusterImpl-5cb8bac5-d0f0-4551-b9d0-b3e056facdc3/datanode-9/data/ratis/9df94fe8-5ed0-40d8-8848-91f44cd4b49c
2019-09-26 12:47:55,429 [pool-117-thread-1] INFO  server.RaftServerConfigKeys (ConfUtils.java:logGet(43)) - raft.server.log.queue.byte-limit = 2147483647 (custom)
2019-09-26 12:47:55,429 [pool-117-thread-1] INFO  server.RaftServerConfigKeys (ConfUtils.java:logGet(43)) - raft.server.log.queue.element-limit = 1024 (custom)
2019-09-26 12:47:55,430 [pool-117-thread-1] INFO  server.RaftServerConfigKeys (ConfUtils.java:logGet(43)) - raft.server.log.segment.size.max = 1048576 (custom)
2019-09-26 12:47:55,430 [pool-117-thread-1] INFO  server.RaftServerConfigKeys (ConfUtils.java:logGet(43)) - raft.server.log.preallocated.size = 16384 (custom)
2019-09-26 12:47:55,430 [pool-117-thread-1] INFO  server.RaftServerConfigKeys (ConfUtils.java:logGet(43)) - raft.server.log.write.buffer.size = 33554432 (custom)
2019-09-26 12:47:55,430 [pool-117-thread-1] INFO  server.RaftServerConfigKeys (ConfUtils.java:logGet(43)) - raft.server.log.force.sync.num = 128 (default)
2019-09-26 12:47:55,430 [pool-117-thread-1] INFO  server.RaftServerConfigKeys (ConfUtils.java:logGet(43)) - raft.server.log.statemachine.data.sync = true (default)
2019-09-26 12:47:55,430 [pool-117-thread-1] INFO  server.RaftServerConfigKeys (ConfUtils.java:logGet(43)) - raft.server.log.statemachine.data.sync.timeout = 10s (default)
2019-09-26 12:47:55,430 [pool-117-thread-1] INFO  server.RaftServerConfigKeys (ConfUtils.java:logGet(43)) - raft.server.log.statemachine.data.sync.timeout.retry = -1 (default)
2019-09-26 12:47:55,431 [pool-117-thread-1] INFO  server.RaftServerConfigKeys (ConfUtils.java:logGet(43)) - raft.server.log.statemachine.data.caching.enabled = true (custom)
2019-09-26 12:47:55,431 [pool-117-thread-1] INFO  segmented.SegmentedRaftLogWorker (SegmentedRaftLogWorker.java:lambda$new$0(132)) - 93b6de49-ccf6-423c-87d1-581fa32d2ae4@group-91F44CD4B49C-SegmentedRaftLogWorker: flushIndex: setUnconditionally 0 -> -1
2019-09-26 12:47:55,431 [pool-117-thread-1] INFO  server.RaftServerConfigKeys (ConfUtils.java:logGet(43)) - raft.server.snapshot.auto.trigger.enabled = true (custom)
2019-09-26 12:47:55,432 [pool-117-thread-1] INFO  server.RaftServerConfigKeys (ConfUtils.java:logGet(43)) - raft.server.snapshot.auto.trigger.threshold = 10000 (custom)
2019-09-26 12:47:55,432 [pool-117-thread-1] INFO  server.RaftServerConfigKeys (ConfUtils.java:logGet(43)) - raft.server.snapshot.retention.num.files = 5 (custom)
2019-09-26 12:47:55,432 [pool-117-thread-1] INFO  server.RaftServerConfigKeys (ConfUtils.java:logGet(43)) - raft.server.retrycache.expirytime = 600000ms (custom)
2019-09-26 12:47:55,434 [pool-117-thread-1] INFO  impl.RaftServerImpl (RaftServerImpl.java:start(185)) - 93b6de49-ccf6-423c-87d1-581fa32d2ae4@group-91F44CD4B49C: start as a follower, conf=-1: [93b6de49-ccf6-423c-87d1-581fa32d2ae4:192.168.164.238:41044], old=null
2019-09-26 12:47:55,435 [pool-117-thread-1] INFO  impl.RaftServerImpl (RaftServerImpl.java:setRole(174)) - 93b6de49-ccf6-423c-87d1-581fa32d2ae4@group-91F44CD4B49C: changes role from      null to FOLLOWER at term 0 for startAsFollower
2019-09-26 12:47:55,435 [pool-117-thread-1] INFO  impl.RoleInfo (RoleInfo.java:updateAndGet(143)) - 93b6de49-ccf6-423c-87d1-581fa32d2ae4: start FollowerState
2019-09-26 12:47:55,435 [pool-117-thread-1] INFO  util.JmxRegister (JmxRegister.java:tryRegister(44)) - Successfully registered JMX Bean with object name Ratis:service=RaftServer,group=group-91F44CD4B49C,id=93b6de49-ccf6-423c-87d1-581fa32d2ae4
2019-09-26 12:47:55,441 [RatisPipelineUtilsThread] INFO  pipeline.PipelineStateManager (PipelineStateManager.java:addPipeline(56)) - Created pipeline Pipeline[ Id: 9df94fe8-5ed0-40d8-8848-91f44cd4b49c, Nodes: 93b6de49-ccf6-423c-87d1-581fa32d2ae4{ip: 192.168.164.238, host: pr-hdds-1569-87zkn-1081879488, networkLocation: /default-rack, certSerialId: null}, Type:RATIS, Factor:ONE, State:OPEN]
2019-09-26 12:47:55,454 [grpc-default-executor-0] INFO  impl.RaftServerProxy (RaftServerProxy.java:addNew(89)) - 22777fa1-7b60-428b-91a4-e681f8adba43: addNew group-E32139DE02BC:[22777fa1-7b60-428b-91a4-e681f8adba43:192.168.164.238:37397] returns group-E32139DE02BC:java.util.concurrent.CompletableFuture@7ff679de[Not completed]
2019-09-26 12:47:55,458 [pool-77-thread-1] INFO  impl.RaftServerImpl (RaftServerImpl.java:<init>(95)) - 22777fa1-7b60-428b-91a4-e681f8adba43: new RaftServerImpl for group-E32139DE02BC:[22777fa1-7b60-428b-91a4-e681f8adba43:192.168.164.238:37397] with ContainerStateMachine:uninitialized
2019-09-26 12:47:55,458 [pool-77-thread-1] INFO  server.RaftServerConfigKeys (ConfUtils.java:logGet(43)) - raft.server.rpc.timeout.min = 5s (custom)
2019-09-26 12:47:55,459 [pool-77-thread-1] INFO  server.RaftServerConfigKeys (ConfUtils.java:logGet(43)) - raft.server.rpc.timeout.max = 5200ms (custom)
2019-09-26 12:47:55,459 [pool-77-thread-1] INFO  server.RaftServerConfigKeys (ConfUtils.java:logGet(43)) - raft.server.rpcslowness.timeout = 120s (custom)
2019-09-26 12:47:55,459 [pool-77-thread-1] INFO  server.RaftServerConfigKeys (ConfUtils.java:logGet(43)) - raft.server.sleep.deviation.threshold = 300 (default)
2019-09-26 12:47:55,459 [pool-77-thread-1] INFO  server.RaftServerConfigKeys (ConfUtils.java:logGet(43)) - raft.server.log.appender.install.snapshot.enabled = false (custom)
2019-09-26 12:47:55,459 [pool-77-thread-1] INFO  impl.RaftServerImpl (ServerState.java:<init>(103)) - 22777fa1-7b60-428b-91a4-e681f8adba43@group-E32139DE02BC: ConfigurationManager, init=-1: [22777fa1-7b60-428b-91a4-e681f8adba43:192.168.164.238:37397], old=null, confs=<EMPTY_MAP>
2019-09-26 12:47:55,459 [pool-77-thread-1] INFO  server.RaftServerConfigKeys (ConfUtils.java:logGet(43)) - raft.server.storage.dir = [/workdir/hadoop-ozone/integration-test/target/test-dir/MiniOzoneClusterImpl-5cb8bac5-d0f0-4551-b9d0-b3e056facdc3/datanode-5/data/ratis] (custom)
2019-09-26 12:47:55,460 [pool-77-thread-1] INFO  storage.RaftStorageDirectory (RaftStorageDirectory.java:analyzeStorage(246)) - The storage directory /workdir/hadoop-ozone/integration-test/target/test-dir/MiniOzoneClusterImpl-5cb8bac5-d0f0-4551-b9d0-b3e056facdc3/datanode-5/data/ratis/e3ace4af-5daa-424e-ac93-e32139de02bc does not exist. Creating ...
2019-09-26 12:47:55,486 [pool-77-thread-1] INFO  storage.RaftStorageDirectory (RaftStorageDirectory.java:tryLock(328)) - Lock on /workdir/hadoop-ozone/integration-test/target/test-dir/MiniOzoneClusterImpl-5cb8bac5-d0f0-4551-b9d0-b3e056facdc3/datanode-5/data/ratis/e3ace4af-5daa-424e-ac93-e32139de02bc/in_use.lock acquired by nodename 4507@pr-hdds-1569-87zkn-1081879488
2019-09-26 12:47:55,499 [pool-77-thread-1] INFO  storage.RaftStorage (RaftStorage.java:format(72)) - Storage directory /workdir/hadoop-ozone/integration-test/target/test-dir/MiniOzoneClusterImpl-5cb8bac5-d0f0-4551-b9d0-b3e056facdc3/datanode-5/data/ratis/e3ace4af-5daa-424e-ac93-e32139de02bc has been successfully formatted.
2019-09-26 12:47:55,499 [pool-77-thread-1] INFO  ratis.ContainerStateMachine (ContainerStateMachine.java:loadSnapshot(230)) - group-E32139DE02BC: The snapshot info is null. Setting the last applied indexto:(t:0, i:~)
2019-09-26 12:47:55,499 [pool-77-thread-1] INFO  server.RaftServerConfigKeys (ConfUtils.java:logGet(43)) - raft.server.notification.no-leader.timeout = 120s (custom)
2019-09-26 12:47:55,499 [pool-77-thread-1] INFO  server.RaftServerConfigKeys (ConfUtils.java:logGet(43)) - raft.server.log.use.memory = false (default)
2019-09-26 12:47:55,500 [pool-77-thread-1] INFO  server.RaftServerConfigKeys (ConfUtils.java:logGet(43)) - raft.server.log.purge.gap = 1000000 (custom)
2019-09-26 12:47:55,500 [pool-77-thread-1] INFO  server.RaftServerConfigKeys (ConfUtils.java:logGet(43)) - raft.server.log.appender.buffer.byte-limit = 33554432 (custom)
2019-09-26 12:47:55,500 [pool-77-thread-1] INFO  server.RaftServerConfigKeys (ConfUtils.java:logGet(43)) - raft.server.log.segment.size.max = 1048576 (custom)
2019-09-26 12:47:55,500 [pool-77-thread-1] INFO  server.RaftServerConfigKeys (ConfUtils.java:logGet(43)) - raft.server.log.segment.cache.num.max = 2 (custom)
2019-09-26 12:47:55,500 [pool-77-thread-1] INFO  segmented.SegmentedRaftLogWorker (SegmentedRaftLogWorker.java:<init>(172)) - new 22777fa1-7b60-428b-91a4-e681f8adba43@group-E32139DE02BC-SegmentedRaftLogWorker for RaftStorage:Storage Directory /workdir/hadoop-ozone/integration-test/target/test-dir/MiniOzoneClusterImpl-5cb8bac5-d0f0-4551-b9d0-b3e056facdc3/datanode-5/data/ratis/e3ace4af-5daa-424e-ac93-e32139de02bc
2019-09-26 12:47:55,503 [pool-77-thread-1] INFO  server.RaftServerConfigKeys (ConfUtils.java:logGet(43)) - raft.server.log.queue.byte-limit = 2147483647 (custom)
2019-09-26 12:47:55,503 [pool-77-thread-1] INFO  server.RaftServerConfigKeys (ConfUtils.java:logGet(43)) - raft.server.log.queue.element-limit = 1024 (custom)
2019-09-26 12:47:55,503 [pool-77-thread-1] INFO  server.RaftServerConfigKeys (ConfUtils.java:logGet(43)) - raft.server.log.segment.size.max = 1048576 (custom)
2019-09-26 12:47:55,503 [pool-77-thread-1] INFO  server.RaftServerConfigKeys (ConfUtils.java:logGet(43)) - raft.server.log.preallocated.size = 16384 (custom)
2019-09-26 12:47:55,503 [pool-77-thread-1] INFO  server.RaftServerConfigKeys (ConfUtils.java:logGet(43)) - raft.server.log.write.buffer.size = 33554432 (custom)
2019-09-26 12:47:55,503 [pool-77-thread-1] INFO  server.RaftServerConfigKeys (ConfUtils.java:logGet(43)) - raft.server.log.force.sync.num = 128 (default)
2019-09-26 12:47:55,503 [pool-77-thread-1] INFO  server.RaftServerConfigKeys (ConfUtils.java:logGet(43)) - raft.server.log.statemachine.data.sync = true (default)
2019-09-26 12:47:55,504 [pool-77-thread-1] INFO  server.RaftServerConfigKeys (ConfUtils.java:logGet(43)) - raft.server.log.statemachine.data.sync.timeout = 10s (default)
2019-09-26 12:47:55,504 [pool-77-thread-1] INFO  server.RaftServerConfigKeys (ConfUtils.java:logGet(43)) - raft.server.log.statemachine.data.sync.timeout.retry = -1 (default)
2019-09-26 12:47:55,504 [pool-77-thread-1] INFO  server.RaftServerConfigKeys (ConfUtils.java:logGet(43)) - raft.server.log.statemachine.data.caching.enabled = true (custom)
2019-09-26 12:47:55,504 [pool-77-thread-1] INFO  segmented.SegmentedRaftLogWorker (SegmentedRaftLogWorker.java:lambda$new$0(132)) - 22777fa1-7b60-428b-91a4-e681f8adba43@group-E32139DE02BC-SegmentedRaftLogWorker: flushIndex: setUnconditionally 0 -> -1
2019-09-26 12:47:55,505 [pool-77-thread-1] INFO  server.RaftServerConfigKeys (ConfUtils.java:logGet(43)) - raft.server.snapshot.auto.trigger.enabled = true (custom)
2019-09-26 12:47:55,505 [pool-77-thread-1] INFO  server.RaftServerConfigKeys (ConfUtils.java:logGet(43)) - raft.server.snapshot.auto.trigger.threshold = 10000 (custom)
2019-09-26 12:47:55,505 [pool-77-thread-1] INFO  server.RaftServerConfigKeys (ConfUtils.java:logGet(43)) - raft.server.snapshot.retention.num.files = 5 (custom)
2019-09-26 12:47:55,505 [pool-77-thread-1] INFO  server.RaftServerConfigKeys (ConfUtils.java:logGet(43)) - raft.server.retrycache.expirytime = 600000ms (custom)
2019-09-26 12:47:55,507 [pool-77-thread-1] INFO  impl.RaftServerImpl (RaftServerImpl.java:start(185)) - 22777fa1-7b60-428b-91a4-e681f8adba43@group-E32139DE02BC: start as a follower, conf=-1: [22777fa1-7b60-428b-91a4-e681f8adba43:192.168.164.238:37397], old=null
2019-09-26 12:47:55,507 [pool-77-thread-1] INFO  impl.RaftServerImpl (RaftServerImpl.java:setRole(174)) - 22777fa1-7b60-428b-91a4-e681f8adba43@group-E32139DE02BC: changes role from      null to FOLLOWER at term 0 for startAsFollower
2019-09-26 12:47:55,507 [pool-77-thread-1] INFO  impl.RoleInfo (RoleInfo.java:updateAndGet(143)) - 22777fa1-7b60-428b-91a4-e681f8adba43: start FollowerState
2019-09-26 12:47:55,508 [pool-77-thread-1] INFO  util.JmxRegister (JmxRegister.java:tryRegister(44)) - Successfully registered JMX Bean with object name Ratis:service=RaftServer,group=group-E32139DE02BC,id=22777fa1-7b60-428b-91a4-e681f8adba43
2019-09-26 12:47:55,515 [RatisPipelineUtilsThread] INFO  pipeline.PipelineStateManager (PipelineStateManager.java:addPipeline(56)) - Created pipeline Pipeline[ Id: e3ace4af-5daa-424e-ac93-e32139de02bc, Nodes: 22777fa1-7b60-428b-91a4-e681f8adba43{ip: 192.168.164.238, host: pr-hdds-1569-87zkn-1081879488, networkLocation: /default-rack, certSerialId: null}, Type:RATIS, Factor:ONE, State:OPEN]
2019-09-26 12:47:55,525 [grpc-default-executor-0] INFO  impl.RaftServerProxy (RaftServerProxy.java:addNew(89)) - b09b7271-c85a-4a7d-93dd-691f4cd26c16: addNew group-A6A653E9E0C6:[b09b7271-c85a-4a7d-93dd-691f4cd26c16:192.168.164.238:46583] returns group-A6A653E9E0C6:java.util.concurrent.CompletableFuture@2b603cda[Not completed]
2019-09-26 12:47:55,526 [pool-27-thread-1] INFO  impl.RaftServerImpl (RaftServerImpl.java:<init>(95)) - b09b7271-c85a-4a7d-93dd-691f4cd26c16: new RaftServerImpl for group-A6A653E9E0C6:[b09b7271-c85a-4a7d-93dd-691f4cd26c16:192.168.164.238:46583] with ContainerStateMachine:uninitialized
2019-09-26 12:47:55,526 [pool-27-thread-1] INFO  server.RaftServerConfigKeys (ConfUtils.java:logGet(43)) - raft.server.rpc.timeout.min = 5s (custom)
2019-09-26 12:47:55,526 [pool-27-thread-1] INFO  server.RaftServerConfigKeys (ConfUtils.java:logGet(43)) - raft.server.rpc.timeout.max = 5200ms (custom)
2019-09-26 12:47:55,527 [pool-27-thread-1] INFO  server.RaftServerConfigKeys (ConfUtils.java:logGet(43)) - raft.server.rpcslowness.timeout = 120s (custom)
2019-09-26 12:47:55,527 [pool-27-thread-1] INFO  server.RaftServerConfigKeys (ConfUtils.java:logGet(43)) - raft.server.sleep.deviation.threshold = 300 (default)
2019-09-26 12:47:55,527 [pool-27-thread-1] INFO  server.RaftServerConfigKeys (ConfUtils.java:logGet(43)) - raft.server.log.appender.install.snapshot.enabled = false (custom)
2019-09-26 12:47:55,527 [pool-27-thread-1] INFO  impl.RaftServerImpl (ServerState.java:<init>(103)) - b09b7271-c85a-4a7d-93dd-691f4cd26c16@group-A6A653E9E0C6: ConfigurationManager, init=-1: [b09b7271-c85a-4a7d-93dd-691f4cd26c16:192.168.164.238:46583], old=null, confs=<EMPTY_MAP>
2019-09-26 12:47:55,527 [pool-27-thread-1] INFO  server.RaftServerConfigKeys (ConfUtils.java:logGet(43)) - raft.server.storage.dir = [/workdir/hadoop-ozone/integration-test/target/test-dir/MiniOzoneClusterImpl-5cb8bac5-d0f0-4551-b9d0-b3e056facdc3/datanode-0/data/ratis] (custom)
2019-09-26 12:47:55,527 [pool-27-thread-1] INFO  storage.RaftStorageDirectory (RaftStorageDirectory.java:analyzeStorage(246)) - The storage directory /workdir/hadoop-ozone/integration-test/target/test-dir/MiniOzoneClusterImpl-5cb8bac5-d0f0-4551-b9d0-b3e056facdc3/datanode-0/data/ratis/1c2f912b-99ef-4a5f-8ff0-a6a653e9e0c6 does not exist. Creating ...
2019-09-26 12:47:55,540 [pool-27-thread-1] INFO  storage.RaftStorageDirectory (RaftStorageDirectory.java:tryLock(328)) - Lock on /workdir/hadoop-ozone/integration-test/target/test-dir/MiniOzoneClusterImpl-5cb8bac5-d0f0-4551-b9d0-b3e056facdc3/datanode-0/data/ratis/1c2f912b-99ef-4a5f-8ff0-a6a653e9e0c6/in_use.lock acquired by nodename 4507@pr-hdds-1569-87zkn-1081879488
2019-09-26 12:47:55,552 [pool-27-thread-1] INFO  storage.RaftStorage (RaftStorage.java:format(72)) - Storage directory /workdir/hadoop-ozone/integration-test/target/test-dir/MiniOzoneClusterImpl-5cb8bac5-d0f0-4551-b9d0-b3e056facdc3/datanode-0/data/ratis/1c2f912b-99ef-4a5f-8ff0-a6a653e9e0c6 has been successfully formatted.
2019-09-26 12:47:55,552 [pool-27-thread-1] INFO  ratis.ContainerStateMachine (ContainerStateMachine.java:loadSnapshot(230)) - group-A6A653E9E0C6: The snapshot info is null. Setting the last applied indexto:(t:0, i:~)
2019-09-26 12:47:55,552 [pool-27-thread-1] INFO  server.RaftServerConfigKeys (ConfUtils.java:logGet(43)) - raft.server.notification.no-leader.timeout = 120s (custom)
2019-09-26 12:47:55,552 [pool-27-thread-1] INFO  server.RaftServerConfigKeys (ConfUtils.java:logGet(43)) - raft.server.log.use.memory = false (default)
2019-09-26 12:47:55,552 [pool-27-thread-1] INFO  server.RaftServerConfigKeys (ConfUtils.java:logGet(43)) - raft.server.log.purge.gap = 1000000 (custom)
2019-09-26 12:47:55,552 [pool-27-thread-1] INFO  server.RaftServerConfigKeys (ConfUtils.java:logGet(43)) - raft.server.log.appender.buffer.byte-limit = 33554432 (custom)
2019-09-26 12:47:55,553 [pool-27-thread-1] INFO  server.RaftServerConfigKeys (ConfUtils.java:logGet(43)) - raft.server.log.segment.size.max = 1048576 (custom)
2019-09-26 12:47:55,553 [pool-27-thread-1] INFO  server.RaftServerConfigKeys (ConfUtils.java:logGet(43)) - raft.server.log.segment.cache.num.max = 2 (custom)
2019-09-26 12:47:55,553 [pool-27-thread-1] INFO  segmented.SegmentedRaftLogWorker (SegmentedRaftLogWorker.java:<init>(172)) - new b09b7271-c85a-4a7d-93dd-691f4cd26c16@group-A6A653E9E0C6-SegmentedRaftLogWorker for RaftStorage:Storage Directory /workdir/hadoop-ozone/integration-test/target/test-dir/MiniOzoneClusterImpl-5cb8bac5-d0f0-4551-b9d0-b3e056facdc3/datanode-0/data/ratis/1c2f912b-99ef-4a5f-8ff0-a6a653e9e0c6
2019-09-26 12:47:55,553 [pool-27-thread-1] INFO  server.RaftServerConfigKeys (ConfUtils.java:logGet(43)) - raft.server.log.queue.byte-limit = 2147483647 (custom)
2019-09-26 12:47:55,553 [pool-27-thread-1] INFO  server.RaftServerConfigKeys (ConfUtils.java:logGet(43)) - raft.server.log.queue.element-limit = 1024 (custom)
2019-09-26 12:47:55,553 [pool-27-thread-1] INFO  server.RaftServerConfigKeys (ConfUtils.java:logGet(43)) - raft.server.log.segment.size.max = 1048576 (custom)
2019-09-26 12:47:55,553 [pool-27-thread-1] INFO  server.RaftServerConfigKeys (ConfUtils.java:logGet(43)) - raft.server.log.preallocated.size = 16384 (custom)
2019-09-26 12:47:55,553 [pool-27-thread-1] INFO  server.RaftServerConfigKeys (ConfUtils.java:logGet(43)) - raft.server.log.write.buffer.size = 33554432 (custom)
2019-09-26 12:47:55,554 [pool-27-thread-1] INFO  server.RaftServerConfigKeys (ConfUtils.java:logGet(43)) - raft.server.log.force.sync.num = 128 (default)
2019-09-26 12:47:55,554 [pool-27-thread-1] INFO  server.RaftServerConfigKeys (ConfUtils.java:logGet(43)) - raft.server.log.statemachine.data.sync = true (default)
2019-09-26 12:47:55,554 [pool-27-thread-1] INFO  server.RaftServerConfigKeys (ConfUtils.java:logGet(43)) - raft.server.log.statemachine.data.sync.timeout = 10s (default)
2019-09-26 12:47:55,554 [pool-27-thread-1] INFO  server.RaftServerConfigKeys (ConfUtils.java:logGet(43)) - raft.server.log.statemachine.data.sync.timeout.retry = -1 (default)
2019-09-26 12:47:55,554 [pool-27-thread-1] INFO  server.RaftServerConfigKeys (ConfUtils.java:logGet(43)) - raft.server.log.statemachine.data.caching.enabled = true (custom)
2019-09-26 12:47:55,554 [pool-27-thread-1] INFO  segmented.SegmentedRaftLogWorker (SegmentedRaftLogWorker.java:lambda$new$0(132)) - b09b7271-c85a-4a7d-93dd-691f4cd26c16@group-A6A653E9E0C6-SegmentedRaftLogWorker: flushIndex: setUnconditionally 0 -> -1
2019-09-26 12:47:55,555 [pool-27-thread-1] INFO  server.RaftServerConfigKeys (ConfUtils.java:logGet(43)) - raft.server.snapshot.auto.trigger.enabled = true (custom)
2019-09-26 12:47:55,555 [pool-27-thread-1] INFO  server.RaftServerConfigKeys (ConfUtils.java:logGet(43)) - raft.server.snapshot.auto.trigger.threshold = 10000 (custom)
2019-09-26 12:47:55,555 [pool-27-thread-1] INFO  server.RaftServerConfigKeys (ConfUtils.java:logGet(43)) - raft.server.snapshot.retention.num.files = 5 (custom)
2019-09-26 12:47:55,555 [pool-27-thread-1] INFO  server.RaftServerConfigKeys (ConfUtils.java:logGet(43)) - raft.server.retrycache.expirytime = 600000ms (custom)
2019-09-26 12:47:55,557 [pool-27-thread-1] INFO  impl.RaftServerImpl (RaftServerImpl.java:start(185)) - b09b7271-c85a-4a7d-93dd-691f4cd26c16@group-A6A653E9E0C6: start as a follower, conf=-1: [b09b7271-c85a-4a7d-93dd-691f4cd26c16:192.168.164.238:46583], old=null
2019-09-26 12:47:55,557 [pool-27-thread-1] INFO  impl.RaftServerImpl (RaftServerImpl.java:setRole(174)) - b09b7271-c85a-4a7d-93dd-691f4cd26c16@group-A6A653E9E0C6: changes role from      null to FOLLOWER at term 0 for startAsFollower
2019-09-26 12:47:55,557 [pool-27-thread-1] INFO  impl.RoleInfo (RoleInfo.java:updateAndGet(143)) - b09b7271-c85a-4a7d-93dd-691f4cd26c16: start FollowerState
2019-09-26 12:47:55,558 [pool-27-thread-1] INFO  util.JmxRegister (JmxRegister.java:tryRegister(44)) - Successfully registered JMX Bean with object name Ratis:service=RaftServer,group=group-A6A653E9E0C6,id=b09b7271-c85a-4a7d-93dd-691f4cd26c16
2019-09-26 12:47:55,564 [RatisPipelineUtilsThread] INFO  pipeline.PipelineStateManager (PipelineStateManager.java:addPipeline(56)) - Created pipeline Pipeline[ Id: 1c2f912b-99ef-4a5f-8ff0-a6a653e9e0c6, Nodes: b09b7271-c85a-4a7d-93dd-691f4cd26c16{ip: 192.168.164.238, host: pr-hdds-1569-87zkn-1081879488, networkLocation: /default-rack, certSerialId: null}, Type:RATIS, Factor:ONE, State:OPEN]
2019-09-26 12:47:55,576 [grpc-default-executor-0] INFO  impl.RaftServerProxy (RaftServerProxy.java:addNew(89)) - c217791a-6f2b-404e-8fdd-7bf246bea5f5: addNew group-C74E080377EE:[c217791a-6f2b-404e-8fdd-7bf246bea5f5:192.168.164.238:45154] returns group-C74E080377EE:java.util.concurrent.CompletableFuture@62c548d8[Not completed]
2019-09-26 12:47:55,578 [pool-107-thread-1] INFO  impl.RaftServerImpl (RaftServerImpl.java:<init>(95)) - c217791a-6f2b-404e-8fdd-7bf246bea5f5: new RaftServerImpl for group-C74E080377EE:[c217791a-6f2b-404e-8fdd-7bf246bea5f5:192.168.164.238:45154] with ContainerStateMachine:uninitialized
2019-09-26 12:47:55,579 [pool-107-thread-1] INFO  server.RaftServerConfigKeys (ConfUtils.java:logGet(43)) - raft.server.rpc.timeout.min = 5s (custom)
2019-09-26 12:47:55,579 [pool-107-thread-1] INFO  server.RaftServerConfigKeys (ConfUtils.java:logGet(43)) - raft.server.rpc.timeout.max = 5200ms (custom)
2019-09-26 12:47:55,579 [pool-107-thread-1] INFO  server.RaftServerConfigKeys (ConfUtils.java:logGet(43)) - raft.server.rpcslowness.timeout = 120s (custom)
2019-09-26 12:47:55,579 [pool-107-thread-1] INFO  server.RaftServerConfigKeys (ConfUtils.java:logGet(43)) - raft.server.sleep.deviation.threshold = 300 (default)
2019-09-26 12:47:55,579 [pool-107-thread-1] INFO  server.RaftServerConfigKeys (ConfUtils.java:logGet(43)) - raft.server.log.appender.install.snapshot.enabled = false (custom)
2019-09-26 12:47:55,579 [pool-107-thread-1] INFO  impl.RaftServerImpl (ServerState.java:<init>(103)) - c217791a-6f2b-404e-8fdd-7bf246bea5f5@group-C74E080377EE: ConfigurationManager, init=-1: [c217791a-6f2b-404e-8fdd-7bf246bea5f5:192.168.164.238:45154], old=null, confs=<EMPTY_MAP>
2019-09-26 12:47:55,580 [pool-107-thread-1] INFO  server.RaftServerConfigKeys (ConfUtils.java:logGet(43)) - raft.server.storage.dir = [/workdir/hadoop-ozone/integration-test/target/test-dir/MiniOzoneClusterImpl-5cb8bac5-d0f0-4551-b9d0-b3e056facdc3/datanode-8/data/ratis] (custom)
2019-09-26 12:47:55,580 [pool-107-thread-1] INFO  storage.RaftStorageDirectory (RaftStorageDirectory.java:analyzeStorage(246)) - The storage directory /workdir/hadoop-ozone/integration-test/target/test-dir/MiniOzoneClusterImpl-5cb8bac5-d0f0-4551-b9d0-b3e056facdc3/datanode-8/data/ratis/461a4b75-488e-420f-b3ca-c74e080377ee does not exist. Creating ...
2019-09-26 12:47:55,593 [pool-107-thread-1] INFO  storage.RaftStorageDirectory (RaftStorageDirectory.java:tryLock(328)) - Lock on /workdir/hadoop-ozone/integration-test/target/test-dir/MiniOzoneClusterImpl-5cb8bac5-d0f0-4551-b9d0-b3e056facdc3/datanode-8/data/ratis/461a4b75-488e-420f-b3ca-c74e080377ee/in_use.lock acquired by nodename 4507@pr-hdds-1569-87zkn-1081879488
2019-09-26 12:47:55,606 [pool-107-thread-1] INFO  storage.RaftStorage (RaftStorage.java:format(72)) - Storage directory /workdir/hadoop-ozone/integration-test/target/test-dir/MiniOzoneClusterImpl-5cb8bac5-d0f0-4551-b9d0-b3e056facdc3/datanode-8/data/ratis/461a4b75-488e-420f-b3ca-c74e080377ee has been successfully formatted.
2019-09-26 12:47:55,607 [pool-107-thread-1] INFO  ratis.ContainerStateMachine (ContainerStateMachine.java:loadSnapshot(230)) - group-C74E080377EE: The snapshot info is null. Setting the last applied indexto:(t:0, i:~)
2019-09-26 12:47:55,607 [pool-107-thread-1] INFO  server.RaftServerConfigKeys (ConfUtils.java:logGet(43)) - raft.server.notification.no-leader.timeout = 120s (custom)
2019-09-26 12:47:55,607 [pool-107-thread-1] INFO  server.RaftServerConfigKeys (ConfUtils.java:logGet(43)) - raft.server.log.use.memory = false (default)
2019-09-26 12:47:55,608 [pool-107-thread-1] INFO  server.RaftServerConfigKeys (ConfUtils.java:logGet(43)) - raft.server.log.purge.gap = 1000000 (custom)
2019-09-26 12:47:55,608 [pool-107-thread-1] INFO  server.RaftServerConfigKeys (ConfUtils.java:logGet(43)) - raft.server.log.appender.buffer.byte-limit = 33554432 (custom)
2019-09-26 12:47:55,608 [pool-107-thread-1] INFO  server.RaftServerConfigKeys (ConfUtils.java:logGet(43)) - raft.server.log.segment.size.max = 1048576 (custom)
2019-09-26 12:47:55,608 [pool-107-thread-1] INFO  server.RaftServerConfigKeys (ConfUtils.java:logGet(43)) - raft.server.log.segment.cache.num.max = 2 (custom)
2019-09-26 12:47:55,608 [pool-107-thread-1] INFO  segmented.SegmentedRaftLogWorker (SegmentedRaftLogWorker.java:<init>(172)) - new c217791a-6f2b-404e-8fdd-7bf246bea5f5@group-C74E080377EE-SegmentedRaftLogWorker for RaftStorage:Storage Directory /workdir/hadoop-ozone/integration-test/target/test-dir/MiniOzoneClusterImpl-5cb8bac5-d0f0-4551-b9d0-b3e056facdc3/datanode-8/data/ratis/461a4b75-488e-420f-b3ca-c74e080377ee
2019-09-26 12:47:55,609 [pool-107-thread-1] INFO  server.RaftServerConfigKeys (ConfUtils.java:logGet(43)) - raft.server.log.queue.byte-limit = 2147483647 (custom)
2019-09-26 12:47:55,609 [pool-107-thread-1] INFO  server.RaftServerConfigKeys (ConfUtils.java:logGet(43)) - raft.server.log.queue.element-limit = 1024 (custom)
2019-09-26 12:47:55,609 [pool-107-thread-1] INFO  server.RaftServerConfigKeys (ConfUtils.java:logGet(43)) - raft.server.log.segment.size.max = 1048576 (custom)
2019-09-26 12:47:55,609 [pool-107-thread-1] INFO  server.RaftServerConfigKeys (ConfUtils.java:logGet(43)) - raft.server.log.preallocated.size = 16384 (custom)
2019-09-26 12:47:55,609 [pool-107-thread-1] INFO  server.RaftServerConfigKeys (ConfUtils.java:logGet(43)) - raft.server.log.write.buffer.size = 33554432 (custom)
2019-09-26 12:47:55,610 [pool-107-thread-1] INFO  server.RaftServerConfigKeys (ConfUtils.java:logGet(43)) - raft.server.log.force.sync.num = 128 (default)
2019-09-26 12:47:55,610 [pool-107-thread-1] INFO  server.RaftServerConfigKeys (ConfUtils.java:logGet(43)) - raft.server.log.statemachine.data.sync = true (default)
2019-09-26 12:47:55,610 [pool-107-thread-1] INFO  server.RaftServerConfigKeys (ConfUtils.java:logGet(43)) - raft.server.log.statemachine.data.sync.timeout = 10s (default)
2019-09-26 12:47:55,610 [pool-107-thread-1] INFO  server.RaftServerConfigKeys (ConfUtils.java:logGet(43)) - raft.server.log.statemachine.data.sync.timeout.retry = -1 (default)
2019-09-26 12:47:55,610 [pool-107-thread-1] INFO  server.RaftServerConfigKeys (ConfUtils.java:logGet(43)) - raft.server.log.statemachine.data.caching.enabled = true (custom)
2019-09-26 12:47:55,611 [pool-107-thread-1] INFO  segmented.SegmentedRaftLogWorker (SegmentedRaftLogWorker.java:lambda$new$0(132)) - c217791a-6f2b-404e-8fdd-7bf246bea5f5@group-C74E080377EE-SegmentedRaftLogWorker: flushIndex: setUnconditionally 0 -> -1
2019-09-26 12:47:55,611 [pool-107-thread-1] INFO  server.RaftServerConfigKeys (ConfUtils.java:logGet(43)) - raft.server.snapshot.auto.trigger.enabled = true (custom)
2019-09-26 12:47:55,612 [pool-107-thread-1] INFO  server.RaftServerConfigKeys (ConfUtils.java:logGet(43)) - raft.server.snapshot.auto.trigger.threshold = 10000 (custom)
2019-09-26 12:47:55,612 [pool-107-thread-1] INFO  server.RaftServerConfigKeys (ConfUtils.java:logGet(43)) - raft.server.snapshot.retention.num.files = 5 (custom)
2019-09-26 12:47:55,612 [pool-107-thread-1] INFO  server.RaftServerConfigKeys (ConfUtils.java:logGet(43)) - raft.server.retrycache.expirytime = 600000ms (custom)
2019-09-26 12:47:55,615 [pool-107-thread-1] INFO  impl.RaftServerImpl (RaftServerImpl.java:start(185)) - c217791a-6f2b-404e-8fdd-7bf246bea5f5@group-C74E080377EE: start as a follower, conf=-1: [c217791a-6f2b-404e-8fdd-7bf246bea5f5:192.168.164.238:45154], old=null
2019-09-26 12:47:55,615 [pool-107-thread-1] INFO  impl.RaftServerImpl (RaftServerImpl.java:setRole(174)) - c217791a-6f2b-404e-8fdd-7bf246bea5f5@group-C74E080377EE: changes role from      null to FOLLOWER at term 0 for startAsFollower
2019-09-26 12:47:55,616 [pool-107-thread-1] INFO  impl.RoleInfo (RoleInfo.java:updateAndGet(143)) - c217791a-6f2b-404e-8fdd-7bf246bea5f5: start FollowerState
2019-09-26 12:47:55,616 [pool-107-thread-1] INFO  util.JmxRegister (JmxRegister.java:tryRegister(44)) - Successfully registered JMX Bean with object name Ratis:service=RaftServer,group=group-C74E080377EE,id=c217791a-6f2b-404e-8fdd-7bf246bea5f5
2019-09-26 12:47:55,624 [RatisPipelineUtilsThread] INFO  pipeline.PipelineStateManager (PipelineStateManager.java:addPipeline(56)) - Created pipeline Pipeline[ Id: 461a4b75-488e-420f-b3ca-c74e080377ee, Nodes: c217791a-6f2b-404e-8fdd-7bf246bea5f5{ip: 192.168.164.238, host: pr-hdds-1569-87zkn-1081879488, networkLocation: /default-rack, certSerialId: null}, Type:RATIS, Factor:ONE, State:OPEN]
2019-09-26 12:47:55,624 [RatisPipelineUtilsThread] INFO  pipeline.PipelinePlacementPolicy (PipelinePlacementPolicy.java:meetCriteria(91)) - Pipeline Placement: can't place more pipeline on heavy datanode： c217791a-6f2b-404e-8fdd-7bf246bea5f5 Heaviness: 6 limit: 5
2019-09-26 12:47:55,637 [grpc-default-executor-0] INFO  impl.RaftServerProxy (RaftServerProxy.java:addNew(89)) - 22777fa1-7b60-428b-91a4-e681f8adba43: addNew group-A68F2C84BC7C:[22777fa1-7b60-428b-91a4-e681f8adba43:192.168.164.238:37397] returns group-A68F2C84BC7C:java.util.concurrent.CompletableFuture@3db4c755[Not completed]
2019-09-26 12:47:55,638 [pool-77-thread-1] INFO  impl.RaftServerImpl (RaftServerImpl.java:<init>(95)) - 22777fa1-7b60-428b-91a4-e681f8adba43: new RaftServerImpl for group-A68F2C84BC7C:[22777fa1-7b60-428b-91a4-e681f8adba43:192.168.164.238:37397] with ContainerStateMachine:uninitialized
2019-09-26 12:47:55,638 [pool-77-thread-1] INFO  server.RaftServerConfigKeys (ConfUtils.java:logGet(43)) - raft.server.rpc.timeout.min = 5s (custom)
2019-09-26 12:47:55,638 [pool-77-thread-1] INFO  server.RaftServerConfigKeys (ConfUtils.java:logGet(43)) - raft.server.rpc.timeout.max = 5200ms (custom)
2019-09-26 12:47:55,638 [pool-77-thread-1] INFO  server.RaftServerConfigKeys (ConfUtils.java:logGet(43)) - raft.server.rpcslowness.timeout = 120s (custom)
2019-09-26 12:47:55,639 [pool-77-thread-1] INFO  server.RaftServerConfigKeys (ConfUtils.java:logGet(43)) - raft.server.sleep.deviation.threshold = 300 (default)
2019-09-26 12:47:55,639 [pool-77-thread-1] INFO  server.RaftServerConfigKeys (ConfUtils.java:logGet(43)) - raft.server.log.appender.install.snapshot.enabled = false (custom)
2019-09-26 12:47:55,639 [pool-77-thread-1] INFO  impl.RaftServerImpl (ServerState.java:<init>(103)) - 22777fa1-7b60-428b-91a4-e681f8adba43@group-A68F2C84BC7C: ConfigurationManager, init=-1: [22777fa1-7b60-428b-91a4-e681f8adba43:192.168.164.238:37397], old=null, confs=<EMPTY_MAP>
2019-09-26 12:47:55,639 [pool-77-thread-1] INFO  server.RaftServerConfigKeys (ConfUtils.java:logGet(43)) - raft.server.storage.dir = [/workdir/hadoop-ozone/integration-test/target/test-dir/MiniOzoneClusterImpl-5cb8bac5-d0f0-4551-b9d0-b3e056facdc3/datanode-5/data/ratis] (custom)
2019-09-26 12:47:55,639 [pool-77-thread-1] INFO  storage.RaftStorageDirectory (RaftStorageDirectory.java:analyzeStorage(246)) - The storage directory /workdir/hadoop-ozone/integration-test/target/test-dir/MiniOzoneClusterImpl-5cb8bac5-d0f0-4551-b9d0-b3e056facdc3/datanode-5/data/ratis/2c00e9ed-3b3a-42bc-b901-a68f2c84bc7c does not exist. Creating ...
2019-09-26 12:47:55,652 [pool-77-thread-1] INFO  storage.RaftStorageDirectory (RaftStorageDirectory.java:tryLock(328)) - Lock on /workdir/hadoop-ozone/integration-test/target/test-dir/MiniOzoneClusterImpl-5cb8bac5-d0f0-4551-b9d0-b3e056facdc3/datanode-5/data/ratis/2c00e9ed-3b3a-42bc-b901-a68f2c84bc7c/in_use.lock acquired by nodename 4507@pr-hdds-1569-87zkn-1081879488
2019-09-26 12:47:55,694 [pool-77-thread-1] INFO  storage.RaftStorage (RaftStorage.java:format(72)) - Storage directory /workdir/hadoop-ozone/integration-test/target/test-dir/MiniOzoneClusterImpl-5cb8bac5-d0f0-4551-b9d0-b3e056facdc3/datanode-5/data/ratis/2c00e9ed-3b3a-42bc-b901-a68f2c84bc7c has been successfully formatted.
2019-09-26 12:47:55,694 [pool-77-thread-1] INFO  ratis.ContainerStateMachine (ContainerStateMachine.java:loadSnapshot(230)) - group-A68F2C84BC7C: The snapshot info is null. Setting the last applied indexto:(t:0, i:~)
2019-09-26 12:47:55,695 [pool-77-thread-1] INFO  server.RaftServerConfigKeys (ConfUtils.java:logGet(43)) - raft.server.notification.no-leader.timeout = 120s (custom)
2019-09-26 12:47:55,695 [pool-77-thread-1] INFO  server.RaftServerConfigKeys (ConfUtils.java:logGet(43)) - raft.server.log.use.memory = false (default)
2019-09-26 12:47:55,695 [pool-77-thread-1] INFO  server.RaftServerConfigKeys (ConfUtils.java:logGet(43)) - raft.server.log.purge.gap = 1000000 (custom)
2019-09-26 12:47:55,695 [pool-77-thread-1] INFO  server.RaftServerConfigKeys (ConfUtils.java:logGet(43)) - raft.server.log.appender.buffer.byte-limit = 33554432 (custom)
2019-09-26 12:47:55,695 [pool-77-thread-1] INFO  server.RaftServerConfigKeys (ConfUtils.java:logGet(43)) - raft.server.log.segment.size.max = 1048576 (custom)
2019-09-26 12:47:55,695 [pool-77-thread-1] INFO  server.RaftServerConfigKeys (ConfUtils.java:logGet(43)) - raft.server.log.segment.cache.num.max = 2 (custom)
2019-09-26 12:47:55,695 [pool-77-thread-1] INFO  segmented.SegmentedRaftLogWorker (SegmentedRaftLogWorker.java:<init>(172)) - new 22777fa1-7b60-428b-91a4-e681f8adba43@group-A68F2C84BC7C-SegmentedRaftLogWorker for RaftStorage:Storage Directory /workdir/hadoop-ozone/integration-test/target/test-dir/MiniOzoneClusterImpl-5cb8bac5-d0f0-4551-b9d0-b3e056facdc3/datanode-5/data/ratis/2c00e9ed-3b3a-42bc-b901-a68f2c84bc7c
2019-09-26 12:47:55,695 [pool-77-thread-1] INFO  server.RaftServerConfigKeys (ConfUtils.java:logGet(43)) - raft.server.log.queue.byte-limit = 2147483647 (custom)
2019-09-26 12:47:55,696 [pool-77-thread-1] INFO  server.RaftServerConfigKeys (ConfUtils.java:logGet(43)) - raft.server.log.queue.element-limit = 1024 (custom)
2019-09-26 12:47:55,696 [pool-77-thread-1] INFO  server.RaftServerConfigKeys (ConfUtils.java:logGet(43)) - raft.server.log.segment.size.max = 1048576 (custom)
2019-09-26 12:47:55,696 [pool-77-thread-1] INFO  server.RaftServerConfigKeys (ConfUtils.java:logGet(43)) - raft.server.log.preallocated.size = 16384 (custom)
2019-09-26 12:47:55,696 [pool-77-thread-1] INFO  server.RaftServerConfigKeys (ConfUtils.java:logGet(43)) - raft.server.log.write.buffer.size = 33554432 (custom)
2019-09-26 12:47:55,696 [pool-77-thread-1] INFO  server.RaftServerConfigKeys (ConfUtils.java:logGet(43)) - raft.server.log.force.sync.num = 128 (default)
2019-09-26 12:47:55,696 [pool-77-thread-1] INFO  server.RaftServerConfigKeys (ConfUtils.java:logGet(43)) - raft.server.log.statemachine.data.sync = true (default)
2019-09-26 12:47:55,696 [pool-77-thread-1] INFO  server.RaftServerConfigKeys (ConfUtils.java:logGet(43)) - raft.server.log.statemachine.data.sync.timeout = 10s (default)
2019-09-26 12:47:55,696 [pool-77-thread-1] INFO  server.RaftServerConfigKeys (ConfUtils.java:logGet(43)) - raft.server.log.statemachine.data.sync.timeout.retry = -1 (default)
2019-09-26 12:47:55,697 [pool-77-thread-1] INFO  server.RaftServerConfigKeys (ConfUtils.java:logGet(43)) - raft.server.log.statemachine.data.caching.enabled = true (custom)
2019-09-26 12:47:55,697 [pool-77-thread-1] INFO  segmented.SegmentedRaftLogWorker (SegmentedRaftLogWorker.java:lambda$new$0(132)) - 22777fa1-7b60-428b-91a4-e681f8adba43@group-A68F2C84BC7C-SegmentedRaftLogWorker: flushIndex: setUnconditionally 0 -> -1
2019-09-26 12:47:55,697 [pool-77-thread-1] INFO  server.RaftServerConfigKeys (ConfUtils.java:logGet(43)) - raft.server.snapshot.auto.trigger.enabled = true (custom)
2019-09-26 12:47:55,697 [pool-77-thread-1] INFO  server.RaftServerConfigKeys (ConfUtils.java:logGet(43)) - raft.server.snapshot.auto.trigger.threshold = 10000 (custom)
2019-09-26 12:47:55,697 [pool-77-thread-1] INFO  server.RaftServerConfigKeys (ConfUtils.java:logGet(43)) - raft.server.snapshot.retention.num.files = 5 (custom)
2019-09-26 12:47:55,697 [pool-77-thread-1] INFO  server.RaftServerConfigKeys (ConfUtils.java:logGet(43)) - raft.server.retrycache.expirytime = 600000ms (custom)
2019-09-26 12:47:55,700 [pool-77-thread-1] INFO  impl.RaftServerImpl (RaftServerImpl.java:start(185)) - 22777fa1-7b60-428b-91a4-e681f8adba43@group-A68F2C84BC7C: start as a follower, conf=-1: [22777fa1-7b60-428b-91a4-e681f8adba43:192.168.164.238:37397], old=null
2019-09-26 12:47:55,700 [pool-77-thread-1] INFO  impl.RaftServerImpl (RaftServerImpl.java:setRole(174)) - 22777fa1-7b60-428b-91a4-e681f8adba43@group-A68F2C84BC7C: changes role from      null to FOLLOWER at term 0 for startAsFollower
2019-09-26 12:47:55,700 [pool-77-thread-1] INFO  impl.RoleInfo (RoleInfo.java:updateAndGet(143)) - 22777fa1-7b60-428b-91a4-e681f8adba43: start FollowerState
2019-09-26 12:47:55,700 [pool-77-thread-1] INFO  util.JmxRegister (JmxRegister.java:tryRegister(44)) - Successfully registered JMX Bean with object name Ratis:service=RaftServer,group=group-A68F2C84BC7C,id=22777fa1-7b60-428b-91a4-e681f8adba43
2019-09-26 12:47:55,707 [RatisPipelineUtilsThread] INFO  pipeline.PipelineStateManager (PipelineStateManager.java:addPipeline(56)) - Created pipeline Pipeline[ Id: 2c00e9ed-3b3a-42bc-b901-a68f2c84bc7c, Nodes: 22777fa1-7b60-428b-91a4-e681f8adba43{ip: 192.168.164.238, host: pr-hdds-1569-87zkn-1081879488, networkLocation: /default-rack, certSerialId: null}, Type:RATIS, Factor:ONE, State:OPEN]
2019-09-26 12:47:55,707 [RatisPipelineUtilsThread] INFO  pipeline.PipelinePlacementPolicy (PipelinePlacementPolicy.java:meetCriteria(91)) - Pipeline Placement: can't place more pipeline on heavy datanode： c217791a-6f2b-404e-8fdd-7bf246bea5f5 Heaviness: 6 limit: 5
2019-09-26 12:47:55,717 [grpc-default-executor-0] INFO  impl.RaftServerProxy (RaftServerProxy.java:addNew(89)) - 442f14b8-64b4-4212-b9b5-a1ac78df33e2: addNew group-33BA24BDF764:[442f14b8-64b4-4212-b9b5-a1ac78df33e2:192.168.164.238:36401] returns group-33BA24BDF764:java.util.concurrent.CompletableFuture@548dbf56[Not completed]
2019-09-26 12:47:55,719 [pool-47-thread-1] INFO  impl.RaftServerImpl (RaftServerImpl.java:<init>(95)) - 442f14b8-64b4-4212-b9b5-a1ac78df33e2: new RaftServerImpl for group-33BA24BDF764:[442f14b8-64b4-4212-b9b5-a1ac78df33e2:192.168.164.238:36401] with ContainerStateMachine:uninitialized
2019-09-26 12:47:55,719 [pool-47-thread-1] INFO  server.RaftServerConfigKeys (ConfUtils.java:logGet(43)) - raft.server.rpc.timeout.min = 5s (custom)
2019-09-26 12:47:55,719 [pool-47-thread-1] INFO  server.RaftServerConfigKeys (ConfUtils.java:logGet(43)) - raft.server.rpc.timeout.max = 5200ms (custom)
2019-09-26 12:47:55,719 [pool-47-thread-1] INFO  server.RaftServerConfigKeys (ConfUtils.java:logGet(43)) - raft.server.rpcslowness.timeout = 120s (custom)
2019-09-26 12:47:55,719 [pool-47-thread-1] INFO  server.RaftServerConfigKeys (ConfUtils.java:logGet(43)) - raft.server.sleep.deviation.threshold = 300 (default)
2019-09-26 12:47:55,719 [pool-47-thread-1] INFO  server.RaftServerConfigKeys (ConfUtils.java:logGet(43)) - raft.server.log.appender.install.snapshot.enabled = false (custom)
2019-09-26 12:47:55,720 [pool-47-thread-1] INFO  impl.RaftServerImpl (ServerState.java:<init>(103)) - 442f14b8-64b4-4212-b9b5-a1ac78df33e2@group-33BA24BDF764: ConfigurationManager, init=-1: [442f14b8-64b4-4212-b9b5-a1ac78df33e2:192.168.164.238:36401], old=null, confs=<EMPTY_MAP>
2019-09-26 12:47:55,720 [pool-47-thread-1] INFO  server.RaftServerConfigKeys (ConfUtils.java:logGet(43)) - raft.server.storage.dir = [/workdir/hadoop-ozone/integration-test/target/test-dir/MiniOzoneClusterImpl-5cb8bac5-d0f0-4551-b9d0-b3e056facdc3/datanode-2/data/ratis] (custom)
2019-09-26 12:47:55,720 [pool-47-thread-1] INFO  storage.RaftStorageDirectory (RaftStorageDirectory.java:analyzeStorage(246)) - The storage directory /workdir/hadoop-ozone/integration-test/target/test-dir/MiniOzoneClusterImpl-5cb8bac5-d0f0-4551-b9d0-b3e056facdc3/datanode-2/data/ratis/48563377-84d2-46c9-908b-33ba24bdf764 does not exist. Creating ...
2019-09-26 12:47:55,734 [pool-47-thread-1] INFO  storage.RaftStorageDirectory (RaftStorageDirectory.java:tryLock(328)) - Lock on /workdir/hadoop-ozone/integration-test/target/test-dir/MiniOzoneClusterImpl-5cb8bac5-d0f0-4551-b9d0-b3e056facdc3/datanode-2/data/ratis/48563377-84d2-46c9-908b-33ba24bdf764/in_use.lock acquired by nodename 4507@pr-hdds-1569-87zkn-1081879488
2019-09-26 12:47:55,747 [pool-47-thread-1] INFO  storage.RaftStorage (RaftStorage.java:format(72)) - Storage directory /workdir/hadoop-ozone/integration-test/target/test-dir/MiniOzoneClusterImpl-5cb8bac5-d0f0-4551-b9d0-b3e056facdc3/datanode-2/data/ratis/48563377-84d2-46c9-908b-33ba24bdf764 has been successfully formatted.
2019-09-26 12:47:55,747 [pool-47-thread-1] INFO  ratis.ContainerStateMachine (ContainerStateMachine.java:loadSnapshot(230)) - group-33BA24BDF764: The snapshot info is null. Setting the last applied indexto:(t:0, i:~)
2019-09-26 12:47:55,748 [pool-47-thread-1] INFO  server.RaftServerConfigKeys (ConfUtils.java:logGet(43)) - raft.server.notification.no-leader.timeout = 120s (custom)
2019-09-26 12:47:55,748 [pool-47-thread-1] INFO  server.RaftServerConfigKeys (ConfUtils.java:logGet(43)) - raft.server.log.use.memory = false (default)
2019-09-26 12:47:55,748 [pool-47-thread-1] INFO  server.RaftServerConfigKeys (ConfUtils.java:logGet(43)) - raft.server.log.purge.gap = 1000000 (custom)
2019-09-26 12:47:55,748 [pool-47-thread-1] INFO  server.RaftServerConfigKeys (ConfUtils.java:logGet(43)) - raft.server.log.appender.buffer.byte-limit = 33554432 (custom)
2019-09-26 12:47:55,748 [pool-47-thread-1] INFO  server.RaftServerConfigKeys (ConfUtils.java:logGet(43)) - raft.server.log.segment.size.max = 1048576 (custom)
2019-09-26 12:47:55,748 [pool-47-thread-1] INFO  server.RaftServerConfigKeys (ConfUtils.java:logGet(43)) - raft.server.log.segment.cache.num.max = 2 (custom)
2019-09-26 12:47:55,749 [pool-47-thread-1] INFO  segmented.SegmentedRaftLogWorker (SegmentedRaftLogWorker.java:<init>(172)) - new 442f14b8-64b4-4212-b9b5-a1ac78df33e2@group-33BA24BDF764-SegmentedRaftLogWorker for RaftStorage:Storage Directory /workdir/hadoop-ozone/integration-test/target/test-dir/MiniOzoneClusterImpl-5cb8bac5-d0f0-4551-b9d0-b3e056facdc3/datanode-2/data/ratis/48563377-84d2-46c9-908b-33ba24bdf764
2019-09-26 12:47:55,749 [pool-47-thread-1] INFO  server.RaftServerConfigKeys (ConfUtils.java:logGet(43)) - raft.server.log.queue.byte-limit = 2147483647 (custom)
2019-09-26 12:47:55,749 [pool-47-thread-1] INFO  server.RaftServerConfigKeys (ConfUtils.java:logGet(43)) - raft.server.log.queue.element-limit = 1024 (custom)
2019-09-26 12:47:55,749 [pool-47-thread-1] INFO  server.RaftServerConfigKeys (ConfUtils.java:logGet(43)) - raft.server.log.segment.size.max = 1048576 (custom)
2019-09-26 12:47:55,749 [pool-47-thread-1] INFO  server.RaftServerConfigKeys (ConfUtils.java:logGet(43)) - raft.server.log.preallocated.size = 16384 (custom)
2019-09-26 12:47:55,749 [pool-47-thread-1] INFO  server.RaftServerConfigKeys (ConfUtils.java:logGet(43)) - raft.server.log.write.buffer.size = 33554432 (custom)
2019-09-26 12:47:55,750 [pool-47-thread-1] INFO  server.RaftServerConfigKeys (ConfUtils.java:logGet(43)) - raft.server.log.force.sync.num = 128 (default)
2019-09-26 12:47:55,750 [pool-47-thread-1] INFO  server.RaftServerConfigKeys (ConfUtils.java:logGet(43)) - raft.server.log.statemachine.data.sync = true (default)
2019-09-26 12:47:55,750 [pool-47-thread-1] INFO  server.RaftServerConfigKeys (ConfUtils.java:logGet(43)) - raft.server.log.statemachine.data.sync.timeout = 10s (default)
2019-09-26 12:47:55,750 [pool-47-thread-1] INFO  server.RaftServerConfigKeys (ConfUtils.java:logGet(43)) - raft.server.log.statemachine.data.sync.timeout.retry = -1 (default)
2019-09-26 12:47:55,750 [pool-47-thread-1] INFO  server.RaftServerConfigKeys (ConfUtils.java:logGet(43)) - raft.server.log.statemachine.data.caching.enabled = true (custom)
2019-09-26 12:47:55,751 [pool-47-thread-1] INFO  segmented.SegmentedRaftLogWorker (SegmentedRaftLogWorker.java:lambda$new$0(132)) - 442f14b8-64b4-4212-b9b5-a1ac78df33e2@group-33BA24BDF764-SegmentedRaftLogWorker: flushIndex: setUnconditionally 0 -> -1
2019-09-26 12:47:55,751 [pool-47-thread-1] INFO  server.RaftServerConfigKeys (ConfUtils.java:logGet(43)) - raft.server.snapshot.auto.trigger.enabled = true (custom)
2019-09-26 12:47:55,751 [pool-47-thread-1] INFO  server.RaftServerConfigKeys (ConfUtils.java:logGet(43)) - raft.server.snapshot.auto.trigger.threshold = 10000 (custom)
2019-09-26 12:47:55,751 [pool-47-thread-1] INFO  server.RaftServerConfigKeys (ConfUtils.java:logGet(43)) - raft.server.snapshot.retention.num.files = 5 (custom)
2019-09-26 12:47:55,752 [pool-47-thread-1] INFO  server.RaftServerConfigKeys (ConfUtils.java:logGet(43)) - raft.server.retrycache.expirytime = 600000ms (custom)
2019-09-26 12:47:55,754 [pool-47-thread-1] INFO  impl.RaftServerImpl (RaftServerImpl.java:start(185)) - 442f14b8-64b4-4212-b9b5-a1ac78df33e2@group-33BA24BDF764: start as a follower, conf=-1: [442f14b8-64b4-4212-b9b5-a1ac78df33e2:192.168.164.238:36401], old=null
2019-09-26 12:47:55,755 [pool-47-thread-1] INFO  impl.RaftServerImpl (RaftServerImpl.java:setRole(174)) - 442f14b8-64b4-4212-b9b5-a1ac78df33e2@group-33BA24BDF764: changes role from      null to FOLLOWER at term 0 for startAsFollower
2019-09-26 12:47:55,755 [pool-47-thread-1] INFO  impl.RoleInfo (RoleInfo.java:updateAndGet(143)) - 442f14b8-64b4-4212-b9b5-a1ac78df33e2: start FollowerState
2019-09-26 12:47:55,758 [pool-47-thread-1] INFO  util.JmxRegister (JmxRegister.java:tryRegister(44)) - Successfully registered JMX Bean with object name Ratis:service=RaftServer,group=group-33BA24BDF764,id=442f14b8-64b4-4212-b9b5-a1ac78df33e2
2019-09-26 12:47:55,764 [RatisPipelineUtilsThread] INFO  pipeline.PipelineStateManager (PipelineStateManager.java:addPipeline(56)) - Created pipeline Pipeline[ Id: 48563377-84d2-46c9-908b-33ba24bdf764, Nodes: 442f14b8-64b4-4212-b9b5-a1ac78df33e2{ip: 192.168.164.238, host: pr-hdds-1569-87zkn-1081879488, networkLocation: /default-rack, certSerialId: null}, Type:RATIS, Factor:ONE, State:OPEN]
2019-09-26 12:47:55,764 [RatisPipelineUtilsThread] INFO  pipeline.PipelinePlacementPolicy (PipelinePlacementPolicy.java:meetCriteria(91)) - Pipeline Placement: can't place more pipeline on heavy datanode： c217791a-6f2b-404e-8fdd-7bf246bea5f5 Heaviness: 6 limit: 5
2019-09-26 12:47:55,775 [grpc-default-executor-0] INFO  impl.RaftServerProxy (RaftServerProxy.java:addNew(89)) - 7f14b49f-15fb-4df6-892c-52360d3121e9: addNew group-73F3A9756DB3:[7f14b49f-15fb-4df6-892c-52360d3121e9:192.168.164.238:38709] returns group-73F3A9756DB3:java.util.concurrent.CompletableFuture@1d2e8f15[Not completed]
2019-09-26 12:47:55,776 [pool-37-thread-1] INFO  impl.RaftServerImpl (RaftServerImpl.java:<init>(95)) - 7f14b49f-15fb-4df6-892c-52360d3121e9: new RaftServerImpl for group-73F3A9756DB3:[7f14b49f-15fb-4df6-892c-52360d3121e9:192.168.164.238:38709] with ContainerStateMachine:uninitialized
2019-09-26 12:47:55,777 [pool-37-thread-1] INFO  server.RaftServerConfigKeys (ConfUtils.java:logGet(43)) - raft.server.rpc.timeout.min = 5s (custom)
2019-09-26 12:47:55,777 [pool-37-thread-1] INFO  server.RaftServerConfigKeys (ConfUtils.java:logGet(43)) - raft.server.rpc.timeout.max = 5200ms (custom)
2019-09-26 12:47:55,777 [pool-37-thread-1] INFO  server.RaftServerConfigKeys (ConfUtils.java:logGet(43)) - raft.server.rpcslowness.timeout = 120s (custom)
2019-09-26 12:47:55,777 [pool-37-thread-1] INFO  server.RaftServerConfigKeys (ConfUtils.java:logGet(43)) - raft.server.sleep.deviation.threshold = 300 (default)
2019-09-26 12:47:55,777 [pool-37-thread-1] INFO  server.RaftServerConfigKeys (ConfUtils.java:logGet(43)) - raft.server.log.appender.install.snapshot.enabled = false (custom)
2019-09-26 12:47:55,778 [pool-37-thread-1] INFO  impl.RaftServerImpl (ServerState.java:<init>(103)) - 7f14b49f-15fb-4df6-892c-52360d3121e9@group-73F3A9756DB3: ConfigurationManager, init=-1: [7f14b49f-15fb-4df6-892c-52360d3121e9:192.168.164.238:38709], old=null, confs=<EMPTY_MAP>
2019-09-26 12:47:55,778 [pool-37-thread-1] INFO  server.RaftServerConfigKeys (ConfUtils.java:logGet(43)) - raft.server.storage.dir = [/workdir/hadoop-ozone/integration-test/target/test-dir/MiniOzoneClusterImpl-5cb8bac5-d0f0-4551-b9d0-b3e056facdc3/datanode-1/data/ratis] (custom)
2019-09-26 12:47:55,778 [pool-37-thread-1] INFO  storage.RaftStorageDirectory (RaftStorageDirectory.java:analyzeStorage(246)) - The storage directory /workdir/hadoop-ozone/integration-test/target/test-dir/MiniOzoneClusterImpl-5cb8bac5-d0f0-4551-b9d0-b3e056facdc3/datanode-1/data/ratis/4b680174-9e8b-4786-b633-73f3a9756db3 does not exist. Creating ...
2019-09-26 12:47:55,793 [pool-37-thread-1] INFO  storage.RaftStorageDirectory (RaftStorageDirectory.java:tryLock(328)) - Lock on /workdir/hadoop-ozone/integration-test/target/test-dir/MiniOzoneClusterImpl-5cb8bac5-d0f0-4551-b9d0-b3e056facdc3/datanode-1/data/ratis/4b680174-9e8b-4786-b633-73f3a9756db3/in_use.lock acquired by nodename 4507@pr-hdds-1569-87zkn-1081879488
2019-09-26 12:47:55,806 [pool-37-thread-1] INFO  storage.RaftStorage (RaftStorage.java:format(72)) - Storage directory /workdir/hadoop-ozone/integration-test/target/test-dir/MiniOzoneClusterImpl-5cb8bac5-d0f0-4551-b9d0-b3e056facdc3/datanode-1/data/ratis/4b680174-9e8b-4786-b633-73f3a9756db3 has been successfully formatted.
2019-09-26 12:47:55,806 [pool-37-thread-1] INFO  ratis.ContainerStateMachine (ContainerStateMachine.java:loadSnapshot(230)) - group-73F3A9756DB3: The snapshot info is null. Setting the last applied indexto:(t:0, i:~)
2019-09-26 12:47:55,806 [pool-37-thread-1] INFO  server.RaftServerConfigKeys (ConfUtils.java:logGet(43)) - raft.server.notification.no-leader.timeout = 120s (custom)
2019-09-26 12:47:55,806 [pool-37-thread-1] INFO  server.RaftServerConfigKeys (ConfUtils.java:logGet(43)) - raft.server.log.use.memory = false (default)
2019-09-26 12:47:55,807 [pool-37-thread-1] INFO  server.RaftServerConfigKeys (ConfUtils.java:logGet(43)) - raft.server.log.purge.gap = 1000000 (custom)
2019-09-26 12:47:55,807 [pool-37-thread-1] INFO  server.RaftServerConfigKeys (ConfUtils.java:logGet(43)) - raft.server.log.appender.buffer.byte-limit = 33554432 (custom)
2019-09-26 12:47:55,807 [pool-37-thread-1] INFO  server.RaftServerConfigKeys (ConfUtils.java:logGet(43)) - raft.server.log.segment.size.max = 1048576 (custom)
2019-09-26 12:47:55,807 [pool-37-thread-1] INFO  server.RaftServerConfigKeys (ConfUtils.java:logGet(43)) - raft.server.log.segment.cache.num.max = 2 (custom)
2019-09-26 12:47:55,807 [pool-37-thread-1] INFO  segmented.SegmentedRaftLogWorker (SegmentedRaftLogWorker.java:<init>(172)) - new 7f14b49f-15fb-4df6-892c-52360d3121e9@group-73F3A9756DB3-SegmentedRaftLogWorker for RaftStorage:Storage Directory /workdir/hadoop-ozone/integration-test/target/test-dir/MiniOzoneClusterImpl-5cb8bac5-d0f0-4551-b9d0-b3e056facdc3/datanode-1/data/ratis/4b680174-9e8b-4786-b633-73f3a9756db3
2019-09-26 12:47:55,808 [pool-37-thread-1] INFO  server.RaftServerConfigKeys (ConfUtils.java:logGet(43)) - raft.server.log.queue.byte-limit = 2147483647 (custom)
2019-09-26 12:47:55,808 [pool-37-thread-1] INFO  server.RaftServerConfigKeys (ConfUtils.java:logGet(43)) - raft.server.log.queue.element-limit = 1024 (custom)
2019-09-26 12:47:55,808 [pool-37-thread-1] INFO  server.RaftServerConfigKeys (ConfUtils.java:logGet(43)) - raft.server.log.segment.size.max = 1048576 (custom)
2019-09-26 12:47:55,808 [pool-37-thread-1] INFO  server.RaftServerConfigKeys (ConfUtils.java:logGet(43)) - raft.server.log.preallocated.size = 16384 (custom)
2019-09-26 12:47:55,808 [pool-37-thread-1] INFO  server.RaftServerConfigKeys (ConfUtils.java:logGet(43)) - raft.server.log.write.buffer.size = 33554432 (custom)
2019-09-26 12:47:55,808 [pool-37-thread-1] INFO  server.RaftServerConfigKeys (ConfUtils.java:logGet(43)) - raft.server.log.force.sync.num = 128 (default)
2019-09-26 12:47:55,808 [pool-37-thread-1] INFO  server.RaftServerConfigKeys (ConfUtils.java:logGet(43)) - raft.server.log.statemachine.data.sync = true (default)
2019-09-26 12:47:55,809 [pool-37-thread-1] INFO  server.RaftServerConfigKeys (ConfUtils.java:logGet(43)) - raft.server.log.statemachine.data.sync.timeout = 10s (default)
2019-09-26 12:47:55,809 [pool-37-thread-1] INFO  server.RaftServerConfigKeys (ConfUtils.java:logGet(43)) - raft.server.log.statemachine.data.sync.timeout.retry = -1 (default)
2019-09-26 12:47:55,809 [pool-37-thread-1] INFO  server.RaftServerConfigKeys (ConfUtils.java:logGet(43)) - raft.server.log.statemachine.data.caching.enabled = true (custom)
2019-09-26 12:47:55,810 [pool-37-thread-1] INFO  segmented.SegmentedRaftLogWorker (SegmentedRaftLogWorker.java:lambda$new$0(132)) - 7f14b49f-15fb-4df6-892c-52360d3121e9@group-73F3A9756DB3-SegmentedRaftLogWorker: flushIndex: setUnconditionally 0 -> -1
2019-09-26 12:47:55,810 [pool-37-thread-1] INFO  server.RaftServerConfigKeys (ConfUtils.java:logGet(43)) - raft.server.snapshot.auto.trigger.enabled = true (custom)
2019-09-26 12:47:55,810 [pool-37-thread-1] INFO  server.RaftServerConfigKeys (ConfUtils.java:logGet(43)) - raft.server.snapshot.auto.trigger.threshold = 10000 (custom)
2019-09-26 12:47:55,810 [pool-37-thread-1] INFO  server.RaftServerConfigKeys (ConfUtils.java:logGet(43)) - raft.server.snapshot.retention.num.files = 5 (custom)
2019-09-26 12:47:55,811 [pool-37-thread-1] INFO  server.RaftServerConfigKeys (ConfUtils.java:logGet(43)) - raft.server.retrycache.expirytime = 600000ms (custom)
2019-09-26 12:47:55,813 [pool-37-thread-1] INFO  impl.RaftServerImpl (RaftServerImpl.java:start(185)) - 7f14b49f-15fb-4df6-892c-52360d3121e9@group-73F3A9756DB3: start as a follower, conf=-1: [7f14b49f-15fb-4df6-892c-52360d3121e9:192.168.164.238:38709], old=null
2019-09-26 12:47:55,814 [pool-37-thread-1] INFO  impl.RaftServerImpl (RaftServerImpl.java:setRole(174)) - 7f14b49f-15fb-4df6-892c-52360d3121e9@group-73F3A9756DB3: changes role from      null to FOLLOWER at term 0 for startAsFollower
2019-09-26 12:47:55,814 [pool-37-thread-1] INFO  impl.RoleInfo (RoleInfo.java:updateAndGet(143)) - 7f14b49f-15fb-4df6-892c-52360d3121e9: start FollowerState
2019-09-26 12:47:55,814 [pool-37-thread-1] INFO  util.JmxRegister (JmxRegister.java:tryRegister(44)) - Successfully registered JMX Bean with object name Ratis:service=RaftServer,group=group-73F3A9756DB3,id=7f14b49f-15fb-4df6-892c-52360d3121e9
2019-09-26 12:47:55,823 [RatisPipelineUtilsThread] INFO  pipeline.PipelineStateManager (PipelineStateManager.java:addPipeline(56)) - Created pipeline Pipeline[ Id: 4b680174-9e8b-4786-b633-73f3a9756db3, Nodes: 7f14b49f-15fb-4df6-892c-52360d3121e9{ip: 192.168.164.238, host: pr-hdds-1569-87zkn-1081879488, networkLocation: /default-rack, certSerialId: null}, Type:RATIS, Factor:ONE, State:OPEN]
2019-09-26 12:47:55,824 [RatisPipelineUtilsThread] INFO  pipeline.PipelinePlacementPolicy (PipelinePlacementPolicy.java:meetCriteria(91)) - Pipeline Placement: can't place more pipeline on heavy datanode： c217791a-6f2b-404e-8fdd-7bf246bea5f5 Heaviness: 6 limit: 5
2019-09-26 12:47:55,842 [grpc-default-executor-0] INFO  impl.RaftServerProxy (RaftServerProxy.java:addNew(89)) - ee405521-39f0-4e35-96b7-0f3eb4cba198: addNew group-C2306E1CB458:[ee405521-39f0-4e35-96b7-0f3eb4cba198:192.168.164.238:41045] returns group-C2306E1CB458:java.util.concurrent.CompletableFuture@d334f2f[Not completed]
2019-09-26 12:47:55,844 [pool-97-thread-1] INFO  impl.RaftServerImpl (RaftServerImpl.java:<init>(95)) - ee405521-39f0-4e35-96b7-0f3eb4cba198: new RaftServerImpl for group-C2306E1CB458:[ee405521-39f0-4e35-96b7-0f3eb4cba198:192.168.164.238:41045] with ContainerStateMachine:uninitialized
2019-09-26 12:47:55,844 [pool-97-thread-1] INFO  server.RaftServerConfigKeys (ConfUtils.java:logGet(43)) - raft.server.rpc.timeout.min = 5s (custom)
2019-09-26 12:47:55,844 [pool-97-thread-1] INFO  server.RaftServerConfigKeys (ConfUtils.java:logGet(43)) - raft.server.rpc.timeout.max = 5200ms (custom)
2019-09-26 12:47:55,844 [pool-97-thread-1] INFO  server.RaftServerConfigKeys (ConfUtils.java:logGet(43)) - raft.server.rpcslowness.timeout = 120s (custom)
2019-09-26 12:47:55,844 [pool-97-thread-1] INFO  server.RaftServerConfigKeys (ConfUtils.java:logGet(43)) - raft.server.sleep.deviation.threshold = 300 (default)
2019-09-26 12:47:55,844 [pool-97-thread-1] INFO  server.RaftServerConfigKeys (ConfUtils.java:logGet(43)) - raft.server.log.appender.install.snapshot.enabled = false (custom)
2019-09-26 12:47:55,844 [pool-97-thread-1] INFO  impl.RaftServerImpl (ServerState.java:<init>(103)) - ee405521-39f0-4e35-96b7-0f3eb4cba198@group-C2306E1CB458: ConfigurationManager, init=-1: [ee405521-39f0-4e35-96b7-0f3eb4cba198:192.168.164.238:41045], old=null, confs=<EMPTY_MAP>
2019-09-26 12:47:55,845 [pool-97-thread-1] INFO  server.RaftServerConfigKeys (ConfUtils.java:logGet(43)) - raft.server.storage.dir = [/workdir/hadoop-ozone/integration-test/target/test-dir/MiniOzoneClusterImpl-5cb8bac5-d0f0-4551-b9d0-b3e056facdc3/datanode-7/data/ratis] (custom)
2019-09-26 12:47:55,848 [pool-97-thread-1] INFO  storage.RaftStorageDirectory (RaftStorageDirectory.java:analyzeStorage(246)) - The storage directory /workdir/hadoop-ozone/integration-test/target/test-dir/MiniOzoneClusterImpl-5cb8bac5-d0f0-4551-b9d0-b3e056facdc3/datanode-7/data/ratis/56eaac0f-1711-4c5e-a2e5-c2306e1cb458 does not exist. Creating ...
2019-09-26 12:47:55,860 [pool-97-thread-1] INFO  storage.RaftStorageDirectory (RaftStorageDirectory.java:tryLock(328)) - Lock on /workdir/hadoop-ozone/integration-test/target/test-dir/MiniOzoneClusterImpl-5cb8bac5-d0f0-4551-b9d0-b3e056facdc3/datanode-7/data/ratis/56eaac0f-1711-4c5e-a2e5-c2306e1cb458/in_use.lock acquired by nodename 4507@pr-hdds-1569-87zkn-1081879488
2019-09-26 12:47:55,874 [pool-97-thread-1] INFO  storage.RaftStorage (RaftStorage.java:format(72)) - Storage directory /workdir/hadoop-ozone/integration-test/target/test-dir/MiniOzoneClusterImpl-5cb8bac5-d0f0-4551-b9d0-b3e056facdc3/datanode-7/data/ratis/56eaac0f-1711-4c5e-a2e5-c2306e1cb458 has been successfully formatted.
2019-09-26 12:47:55,874 [pool-97-thread-1] INFO  ratis.ContainerStateMachine (ContainerStateMachine.java:loadSnapshot(230)) - group-C2306E1CB458: The snapshot info is null. Setting the last applied indexto:(t:0, i:~)
2019-09-26 12:47:55,874 [pool-97-thread-1] INFO  server.RaftServerConfigKeys (ConfUtils.java:logGet(43)) - raft.server.notification.no-leader.timeout = 120s (custom)
2019-09-26 12:47:55,875 [pool-97-thread-1] INFO  server.RaftServerConfigKeys (ConfUtils.java:logGet(43)) - raft.server.log.use.memory = false (default)
2019-09-26 12:47:55,875 [pool-97-thread-1] INFO  server.RaftServerConfigKeys (ConfUtils.java:logGet(43)) - raft.server.log.purge.gap = 1000000 (custom)
2019-09-26 12:47:55,875 [pool-97-thread-1] INFO  server.RaftServerConfigKeys (ConfUtils.java:logGet(43)) - raft.server.log.appender.buffer.byte-limit = 33554432 (custom)
2019-09-26 12:47:55,875 [pool-97-thread-1] INFO  server.RaftServerConfigKeys (ConfUtils.java:logGet(43)) - raft.server.log.segment.size.max = 1048576 (custom)
2019-09-26 12:47:55,875 [pool-97-thread-1] INFO  server.RaftServerConfigKeys (ConfUtils.java:logGet(43)) - raft.server.log.segment.cache.num.max = 2 (custom)
2019-09-26 12:47:55,875 [pool-97-thread-1] INFO  segmented.SegmentedRaftLogWorker (SegmentedRaftLogWorker.java:<init>(172)) - new ee405521-39f0-4e35-96b7-0f3eb4cba198@group-C2306E1CB458-SegmentedRaftLogWorker for RaftStorage:Storage Directory /workdir/hadoop-ozone/integration-test/target/test-dir/MiniOzoneClusterImpl-5cb8bac5-d0f0-4551-b9d0-b3e056facdc3/datanode-7/data/ratis/56eaac0f-1711-4c5e-a2e5-c2306e1cb458
2019-09-26 12:47:55,876 [pool-97-thread-1] INFO  server.RaftServerConfigKeys (ConfUtils.java:logGet(43)) - raft.server.log.queue.byte-limit = 2147483647 (custom)
2019-09-26 12:47:55,876 [pool-97-thread-1] INFO  server.RaftServerConfigKeys (ConfUtils.java:logGet(43)) - raft.server.log.queue.element-limit = 1024 (custom)
2019-09-26 12:47:55,876 [pool-97-thread-1] INFO  server.RaftServerConfigKeys (ConfUtils.java:logGet(43)) - raft.server.log.segment.size.max = 1048576 (custom)
2019-09-26 12:47:55,876 [pool-97-thread-1] INFO  server.RaftServerConfigKeys (ConfUtils.java:logGet(43)) - raft.server.log.preallocated.size = 16384 (custom)
2019-09-26 12:47:55,876 [pool-97-thread-1] INFO  server.RaftServerConfigKeys (ConfUtils.java:logGet(43)) - raft.server.log.write.buffer.size = 33554432 (custom)
2019-09-26 12:47:55,876 [pool-97-thread-1] INFO  server.RaftServerConfigKeys (ConfUtils.java:logGet(43)) - raft.server.log.force.sync.num = 128 (default)
2019-09-26 12:47:55,877 [pool-97-thread-1] INFO  server.RaftServerConfigKeys (ConfUtils.java:logGet(43)) - raft.server.log.statemachine.data.sync = true (default)
2019-09-26 12:47:55,877 [pool-97-thread-1] INFO  server.RaftServerConfigKeys (ConfUtils.java:logGet(43)) - raft.server.log.statemachine.data.sync.timeout = 10s (default)
2019-09-26 12:47:55,877 [pool-97-thread-1] INFO  server.RaftServerConfigKeys (ConfUtils.java:logGet(43)) - raft.server.log.statemachine.data.sync.timeout.retry = -1 (default)
2019-09-26 12:47:55,877 [pool-97-thread-1] INFO  server.RaftServerConfigKeys (ConfUtils.java:logGet(43)) - raft.server.log.statemachine.data.caching.enabled = true (custom)
2019-09-26 12:47:55,878 [pool-97-thread-1] INFO  segmented.SegmentedRaftLogWorker (SegmentedRaftLogWorker.java:lambda$new$0(132)) - ee405521-39f0-4e35-96b7-0f3eb4cba198@group-C2306E1CB458-SegmentedRaftLogWorker: flushIndex: setUnconditionally 0 -> -1
2019-09-26 12:47:55,878 [pool-97-thread-1] INFO  server.RaftServerConfigKeys (ConfUtils.java:logGet(43)) - raft.server.snapshot.auto.trigger.enabled = true (custom)
2019-09-26 12:47:55,878 [pool-97-thread-1] INFO  server.RaftServerConfigKeys (ConfUtils.java:logGet(43)) - raft.server.snapshot.auto.trigger.threshold = 10000 (custom)
2019-09-26 12:47:55,878 [pool-97-thread-1] INFO  server.RaftServerConfigKeys (ConfUtils.java:logGet(43)) - raft.server.snapshot.retention.num.files = 5 (custom)
2019-09-26 12:47:55,878 [pool-97-thread-1] INFO  server.RaftServerConfigKeys (ConfUtils.java:logGet(43)) - raft.server.retrycache.expirytime = 600000ms (custom)
2019-09-26 12:47:55,881 [pool-97-thread-1] INFO  impl.RaftServerImpl (RaftServerImpl.java:start(185)) - ee405521-39f0-4e35-96b7-0f3eb4cba198@group-C2306E1CB458: start as a follower, conf=-1: [ee405521-39f0-4e35-96b7-0f3eb4cba198:192.168.164.238:41045], old=null
2019-09-26 12:47:55,881 [pool-97-thread-1] INFO  impl.RaftServerImpl (RaftServerImpl.java:setRole(174)) - ee405521-39f0-4e35-96b7-0f3eb4cba198@group-C2306E1CB458: changes role from      null to FOLLOWER at term 0 for startAsFollower
2019-09-26 12:47:55,881 [pool-97-thread-1] INFO  impl.RoleInfo (RoleInfo.java:updateAndGet(143)) - ee405521-39f0-4e35-96b7-0f3eb4cba198: start FollowerState
2019-09-26 12:47:55,882 [pool-97-thread-1] INFO  util.JmxRegister (JmxRegister.java:tryRegister(44)) - Successfully registered JMX Bean with object name Ratis:service=RaftServer,group=group-C2306E1CB458,id=ee405521-39f0-4e35-96b7-0f3eb4cba198
2019-09-26 12:47:55,889 [RatisPipelineUtilsThread] INFO  pipeline.PipelineStateManager (PipelineStateManager.java:addPipeline(56)) - Created pipeline Pipeline[ Id: 56eaac0f-1711-4c5e-a2e5-c2306e1cb458, Nodes: ee405521-39f0-4e35-96b7-0f3eb4cba198{ip: 192.168.164.238, host: pr-hdds-1569-87zkn-1081879488, networkLocation: /default-rack, certSerialId: null}, Type:RATIS, Factor:ONE, State:OPEN]
2019-09-26 12:47:55,889 [RatisPipelineUtilsThread] INFO  pipeline.PipelinePlacementPolicy (PipelinePlacementPolicy.java:meetCriteria(91)) - Pipeline Placement: can't place more pipeline on heavy datanode： c217791a-6f2b-404e-8fdd-7bf246bea5f5 Heaviness: 6 limit: 5
2019-09-26 12:47:55,900 [grpc-default-executor-0] INFO  impl.RaftServerProxy (RaftServerProxy.java:addNew(89)) - 2f26360f-713d-4798-931d-49dc5cf4b129: addNew group-D4719EB0AE1D:[2f26360f-713d-4798-931d-49dc5cf4b129:192.168.164.238:38857] returns group-D4719EB0AE1D:java.util.concurrent.CompletableFuture@391d4769[Not completed]
2019-09-26 12:47:55,901 [pool-87-thread-1] INFO  impl.RaftServerImpl (RaftServerImpl.java:<init>(95)) - 2f26360f-713d-4798-931d-49dc5cf4b129: new RaftServerImpl for group-D4719EB0AE1D:[2f26360f-713d-4798-931d-49dc5cf4b129:192.168.164.238:38857] with ContainerStateMachine:uninitialized
2019-09-26 12:47:55,901 [pool-87-thread-1] INFO  server.RaftServerConfigKeys (ConfUtils.java:logGet(43)) - raft.server.rpc.timeout.min = 5s (custom)
2019-09-26 12:47:55,901 [pool-87-thread-1] INFO  server.RaftServerConfigKeys (ConfUtils.java:logGet(43)) - raft.server.rpc.timeout.max = 5200ms (custom)
2019-09-26 12:47:55,901 [pool-87-thread-1] INFO  server.RaftServerConfigKeys (ConfUtils.java:logGet(43)) - raft.server.rpcslowness.timeout = 120s (custom)
2019-09-26 12:47:55,902 [pool-87-thread-1] INFO  server.RaftServerConfigKeys (ConfUtils.java:logGet(43)) - raft.server.sleep.deviation.threshold = 300 (default)
2019-09-26 12:47:55,902 [pool-87-thread-1] INFO  server.RaftServerConfigKeys (ConfUtils.java:logGet(43)) - raft.server.log.appender.install.snapshot.enabled = false (custom)
2019-09-26 12:47:55,902 [pool-87-thread-1] INFO  impl.RaftServerImpl (ServerState.java:<init>(103)) - 2f26360f-713d-4798-931d-49dc5cf4b129@group-D4719EB0AE1D: ConfigurationManager, init=-1: [2f26360f-713d-4798-931d-49dc5cf4b129:192.168.164.238:38857], old=null, confs=<EMPTY_MAP>
2019-09-26 12:47:55,902 [pool-87-thread-1] INFO  server.RaftServerConfigKeys (ConfUtils.java:logGet(43)) - raft.server.storage.dir = [/workdir/hadoop-ozone/integration-test/target/test-dir/MiniOzoneClusterImpl-5cb8bac5-d0f0-4551-b9d0-b3e056facdc3/datanode-6/data/ratis] (custom)
2019-09-26 12:47:55,902 [pool-87-thread-1] INFO  storage.RaftStorageDirectory (RaftStorageDirectory.java:analyzeStorage(246)) - The storage directory /workdir/hadoop-ozone/integration-test/target/test-dir/MiniOzoneClusterImpl-5cb8bac5-d0f0-4551-b9d0-b3e056facdc3/datanode-6/data/ratis/2b47d373-5266-48f8-8ef9-d4719eb0ae1d does not exist. Creating ...
2019-09-26 12:47:55,916 [pool-87-thread-1] INFO  storage.RaftStorageDirectory (RaftStorageDirectory.java:tryLock(328)) - Lock on /workdir/hadoop-ozone/integration-test/target/test-dir/MiniOzoneClusterImpl-5cb8bac5-d0f0-4551-b9d0-b3e056facdc3/datanode-6/data/ratis/2b47d373-5266-48f8-8ef9-d4719eb0ae1d/in_use.lock acquired by nodename 4507@pr-hdds-1569-87zkn-1081879488
2019-09-26 12:47:55,929 [pool-87-thread-1] INFO  storage.RaftStorage (RaftStorage.java:format(72)) - Storage directory /workdir/hadoop-ozone/integration-test/target/test-dir/MiniOzoneClusterImpl-5cb8bac5-d0f0-4551-b9d0-b3e056facdc3/datanode-6/data/ratis/2b47d373-5266-48f8-8ef9-d4719eb0ae1d has been successfully formatted.
2019-09-26 12:47:55,929 [pool-87-thread-1] INFO  ratis.ContainerStateMachine (ContainerStateMachine.java:loadSnapshot(230)) - group-D4719EB0AE1D: The snapshot info is null. Setting the last applied indexto:(t:0, i:~)
2019-09-26 12:47:55,929 [pool-87-thread-1] INFO  server.RaftServerConfigKeys (ConfUtils.java:logGet(43)) - raft.server.notification.no-leader.timeout = 120s (custom)
2019-09-26 12:47:55,929 [pool-87-thread-1] INFO  server.RaftServerConfigKeys (ConfUtils.java:logGet(43)) - raft.server.log.use.memory = false (default)
2019-09-26 12:47:55,930 [pool-87-thread-1] INFO  server.RaftServerConfigKeys (ConfUtils.java:logGet(43)) - raft.server.log.purge.gap = 1000000 (custom)
2019-09-26 12:47:55,930 [pool-87-thread-1] INFO  server.RaftServerConfigKeys (ConfUtils.java:logGet(43)) - raft.server.log.appender.buffer.byte-limit = 33554432 (custom)
2019-09-26 12:47:55,930 [pool-87-thread-1] INFO  server.RaftServerConfigKeys (ConfUtils.java:logGet(43)) - raft.server.log.segment.size.max = 1048576 (custom)
2019-09-26 12:47:55,930 [pool-87-thread-1] INFO  server.RaftServerConfigKeys (ConfUtils.java:logGet(43)) - raft.server.log.segment.cache.num.max = 2 (custom)
2019-09-26 12:47:55,930 [pool-87-thread-1] INFO  segmented.SegmentedRaftLogWorker (SegmentedRaftLogWorker.java:<init>(172)) - new 2f26360f-713d-4798-931d-49dc5cf4b129@group-D4719EB0AE1D-SegmentedRaftLogWorker for RaftStorage:Storage Directory /workdir/hadoop-ozone/integration-test/target/test-dir/MiniOzoneClusterImpl-5cb8bac5-d0f0-4551-b9d0-b3e056facdc3/datanode-6/data/ratis/2b47d373-5266-48f8-8ef9-d4719eb0ae1d
2019-09-26 12:47:55,930 [pool-87-thread-1] INFO  server.RaftServerConfigKeys (ConfUtils.java:logGet(43)) - raft.server.log.queue.byte-limit = 2147483647 (custom)
2019-09-26 12:47:55,930 [pool-87-thread-1] INFO  server.RaftServerConfigKeys (ConfUtils.java:logGet(43)) - raft.server.log.queue.element-limit = 1024 (custom)
2019-09-26 12:47:55,931 [pool-87-thread-1] INFO  server.RaftServerConfigKeys (ConfUtils.java:logGet(43)) - raft.server.log.segment.size.max = 1048576 (custom)
2019-09-26 12:47:55,931 [pool-87-thread-1] INFO  server.RaftServerConfigKeys (ConfUtils.java:logGet(43)) - raft.server.log.preallocated.size = 16384 (custom)
2019-09-26 12:47:55,931 [pool-87-thread-1] INFO  server.RaftServerConfigKeys (ConfUtils.java:logGet(43)) - raft.server.log.write.buffer.size = 33554432 (custom)
2019-09-26 12:47:55,931 [pool-87-thread-1] INFO  server.RaftServerConfigKeys (ConfUtils.java:logGet(43)) - raft.server.log.force.sync.num = 128 (default)
2019-09-26 12:47:55,931 [pool-87-thread-1] INFO  server.RaftServerConfigKeys (ConfUtils.java:logGet(43)) - raft.server.log.statemachine.data.sync = true (default)
2019-09-26 12:47:55,931 [pool-87-thread-1] INFO  server.RaftServerConfigKeys (ConfUtils.java:logGet(43)) - raft.server.log.statemachine.data.sync.timeout = 10s (default)
2019-09-26 12:47:55,931 [pool-87-thread-1] INFO  server.RaftServerConfigKeys (ConfUtils.java:logGet(43)) - raft.server.log.statemachine.data.sync.timeout.retry = -1 (default)
2019-09-26 12:47:55,931 [pool-87-thread-1] INFO  server.RaftServerConfigKeys (ConfUtils.java:logGet(43)) - raft.server.log.statemachine.data.caching.enabled = true (custom)
2019-09-26 12:47:55,932 [pool-87-thread-1] INFO  segmented.SegmentedRaftLogWorker (SegmentedRaftLogWorker.java:lambda$new$0(132)) - 2f26360f-713d-4798-931d-49dc5cf4b129@group-D4719EB0AE1D-SegmentedRaftLogWorker: flushIndex: setUnconditionally 0 -> -1
2019-09-26 12:47:55,932 [pool-87-thread-1] INFO  server.RaftServerConfigKeys (ConfUtils.java:logGet(43)) - raft.server.snapshot.auto.trigger.enabled = true (custom)
2019-09-26 12:47:55,932 [pool-87-thread-1] INFO  server.RaftServerConfigKeys (ConfUtils.java:logGet(43)) - raft.server.snapshot.auto.trigger.threshold = 10000 (custom)
2019-09-26 12:47:55,932 [pool-87-thread-1] INFO  server.RaftServerConfigKeys (ConfUtils.java:logGet(43)) - raft.server.snapshot.retention.num.files = 5 (custom)
2019-09-26 12:47:55,932 [pool-87-thread-1] INFO  server.RaftServerConfigKeys (ConfUtils.java:logGet(43)) - raft.server.retrycache.expirytime = 600000ms (custom)
2019-09-26 12:47:55,937 [pool-87-thread-1] INFO  impl.RaftServerImpl (RaftServerImpl.java:start(185)) - 2f26360f-713d-4798-931d-49dc5cf4b129@group-D4719EB0AE1D: start as a follower, conf=-1: [2f26360f-713d-4798-931d-49dc5cf4b129:192.168.164.238:38857], old=null
2019-09-26 12:47:55,937 [pool-87-thread-1] INFO  impl.RaftServerImpl (RaftServerImpl.java:setRole(174)) - 2f26360f-713d-4798-931d-49dc5cf4b129@group-D4719EB0AE1D: changes role from      null to FOLLOWER at term 0 for startAsFollower
2019-09-26 12:47:55,937 [pool-87-thread-1] INFO  impl.RoleInfo (RoleInfo.java:updateAndGet(143)) - 2f26360f-713d-4798-931d-49dc5cf4b129: start FollowerState
2019-09-26 12:47:55,937 [pool-87-thread-1] INFO  util.JmxRegister (JmxRegister.java:tryRegister(44)) - Successfully registered JMX Bean with object name Ratis:service=RaftServer,group=group-D4719EB0AE1D,id=2f26360f-713d-4798-931d-49dc5cf4b129
2019-09-26 12:47:55,942 [RatisPipelineUtilsThread] INFO  pipeline.PipelineStateManager (PipelineStateManager.java:addPipeline(56)) - Created pipeline Pipeline[ Id: 2b47d373-5266-48f8-8ef9-d4719eb0ae1d, Nodes: 2f26360f-713d-4798-931d-49dc5cf4b129{ip: 192.168.164.238, host: pr-hdds-1569-87zkn-1081879488, networkLocation: /default-rack, certSerialId: null}, Type:RATIS, Factor:ONE, State:OPEN]
2019-09-26 12:47:55,942 [RatisPipelineUtilsThread] INFO  pipeline.PipelinePlacementPolicy (PipelinePlacementPolicy.java:meetCriteria(91)) - Pipeline Placement: can't place more pipeline on heavy datanode： c217791a-6f2b-404e-8fdd-7bf246bea5f5 Heaviness: 6 limit: 5
2019-09-26 12:47:55,951 [grpc-default-executor-0] INFO  impl.RaftServerProxy (RaftServerProxy.java:addNew(89)) - 34dea9fc-3ffa-40f3-af9d-53d465a1b9d7: addNew group-4EA5E8A5EB5C:[34dea9fc-3ffa-40f3-af9d-53d465a1b9d7:192.168.164.238:42949] returns group-4EA5E8A5EB5C:java.util.concurrent.CompletableFuture@73ef2a54[Not completed]
2019-09-26 12:47:55,952 [pool-67-thread-1] INFO  impl.RaftServerImpl (RaftServerImpl.java:<init>(95)) - 34dea9fc-3ffa-40f3-af9d-53d465a1b9d7: new RaftServerImpl for group-4EA5E8A5EB5C:[34dea9fc-3ffa-40f3-af9d-53d465a1b9d7:192.168.164.238:42949] with ContainerStateMachine:uninitialized
2019-09-26 12:47:55,952 [pool-67-thread-1] INFO  server.RaftServerConfigKeys (ConfUtils.java:logGet(43)) - raft.server.rpc.timeout.min = 5s (custom)
2019-09-26 12:47:55,952 [pool-67-thread-1] INFO  server.RaftServerConfigKeys (ConfUtils.java:logGet(43)) - raft.server.rpc.timeout.max = 5200ms (custom)
2019-09-26 12:47:55,952 [pool-67-thread-1] INFO  server.RaftServerConfigKeys (ConfUtils.java:logGet(43)) - raft.server.rpcslowness.timeout = 120s (custom)
2019-09-26 12:47:55,952 [pool-67-thread-1] INFO  server.RaftServerConfigKeys (ConfUtils.java:logGet(43)) - raft.server.sleep.deviation.threshold = 300 (default)
2019-09-26 12:47:55,953 [pool-67-thread-1] INFO  server.RaftServerConfigKeys (ConfUtils.java:logGet(43)) - raft.server.log.appender.install.snapshot.enabled = false (custom)
2019-09-26 12:47:55,953 [pool-67-thread-1] INFO  impl.RaftServerImpl (ServerState.java:<init>(103)) - 34dea9fc-3ffa-40f3-af9d-53d465a1b9d7@group-4EA5E8A5EB5C: ConfigurationManager, init=-1: [34dea9fc-3ffa-40f3-af9d-53d465a1b9d7:192.168.164.238:42949], old=null, confs=<EMPTY_MAP>
2019-09-26 12:47:55,953 [pool-67-thread-1] INFO  server.RaftServerConfigKeys (ConfUtils.java:logGet(43)) - raft.server.storage.dir = [/workdir/hadoop-ozone/integration-test/target/test-dir/MiniOzoneClusterImpl-5cb8bac5-d0f0-4551-b9d0-b3e056facdc3/datanode-4/data/ratis] (custom)
2019-09-26 12:47:55,953 [pool-67-thread-1] INFO  storage.RaftStorageDirectory (RaftStorageDirectory.java:analyzeStorage(246)) - The storage directory /workdir/hadoop-ozone/integration-test/target/test-dir/MiniOzoneClusterImpl-5cb8bac5-d0f0-4551-b9d0-b3e056facdc3/datanode-4/data/ratis/b499f589-1196-448d-99d5-4ea5e8a5eb5c does not exist. Creating ...
2019-09-26 12:47:55,964 [pool-67-thread-1] INFO  storage.RaftStorageDirectory (RaftStorageDirectory.java:tryLock(328)) - Lock on /workdir/hadoop-ozone/integration-test/target/test-dir/MiniOzoneClusterImpl-5cb8bac5-d0f0-4551-b9d0-b3e056facdc3/datanode-4/data/ratis/b499f589-1196-448d-99d5-4ea5e8a5eb5c/in_use.lock acquired by nodename 4507@pr-hdds-1569-87zkn-1081879488
2019-09-26 12:47:55,978 [pool-67-thread-1] INFO  storage.RaftStorage (RaftStorage.java:format(72)) - Storage directory /workdir/hadoop-ozone/integration-test/target/test-dir/MiniOzoneClusterImpl-5cb8bac5-d0f0-4551-b9d0-b3e056facdc3/datanode-4/data/ratis/b499f589-1196-448d-99d5-4ea5e8a5eb5c has been successfully formatted.
2019-09-26 12:47:55,979 [pool-67-thread-1] INFO  ratis.ContainerStateMachine (ContainerStateMachine.java:loadSnapshot(230)) - group-4EA5E8A5EB5C: The snapshot info is null. Setting the last applied indexto:(t:0, i:~)
2019-09-26 12:47:55,979 [pool-67-thread-1] INFO  server.RaftServerConfigKeys (ConfUtils.java:logGet(43)) - raft.server.notification.no-leader.timeout = 120s (custom)
2019-09-26 12:47:55,979 [pool-67-thread-1] INFO  server.RaftServerConfigKeys (ConfUtils.java:logGet(43)) - raft.server.log.use.memory = false (default)
2019-09-26 12:47:55,979 [pool-67-thread-1] INFO  server.RaftServerConfigKeys (ConfUtils.java:logGet(43)) - raft.server.log.purge.gap = 1000000 (custom)
2019-09-26 12:47:55,979 [pool-67-thread-1] INFO  server.RaftServerConfigKeys (ConfUtils.java:logGet(43)) - raft.server.log.appender.buffer.byte-limit = 33554432 (custom)
2019-09-26 12:47:55,979 [pool-67-thread-1] INFO  server.RaftServerConfigKeys (ConfUtils.java:logGet(43)) - raft.server.log.segment.size.max = 1048576 (custom)
2019-09-26 12:47:55,979 [pool-67-thread-1] INFO  server.RaftServerConfigKeys (ConfUtils.java:logGet(43)) - raft.server.log.segment.cache.num.max = 2 (custom)
2019-09-26 12:47:55,979 [pool-67-thread-1] INFO  segmented.SegmentedRaftLogWorker (SegmentedRaftLogWorker.java:<init>(172)) - new 34dea9fc-3ffa-40f3-af9d-53d465a1b9d7@group-4EA5E8A5EB5C-SegmentedRaftLogWorker for RaftStorage:Storage Directory /workdir/hadoop-ozone/integration-test/target/test-dir/MiniOzoneClusterImpl-5cb8bac5-d0f0-4551-b9d0-b3e056facdc3/datanode-4/data/ratis/b499f589-1196-448d-99d5-4ea5e8a5eb5c
2019-09-26 12:47:55,980 [pool-67-thread-1] INFO  server.RaftServerConfigKeys (ConfUtils.java:logGet(43)) - raft.server.log.queue.byte-limit = 2147483647 (custom)
2019-09-26 12:47:55,980 [pool-67-thread-1] INFO  server.RaftServerConfigKeys (ConfUtils.java:logGet(43)) - raft.server.log.queue.element-limit = 1024 (custom)
2019-09-26 12:47:55,980 [pool-67-thread-1] INFO  server.RaftServerConfigKeys (ConfUtils.java:logGet(43)) - raft.server.log.segment.size.max = 1048576 (custom)
2019-09-26 12:47:55,980 [pool-67-thread-1] INFO  server.RaftServerConfigKeys (ConfUtils.java:logGet(43)) - raft.server.log.preallocated.size = 16384 (custom)
2019-09-26 12:47:55,980 [pool-67-thread-1] INFO  server.RaftServerConfigKeys (ConfUtils.java:logGet(43)) - raft.server.log.write.buffer.size = 33554432 (custom)
2019-09-26 12:47:55,980 [pool-67-thread-1] INFO  server.RaftServerConfigKeys (ConfUtils.java:logGet(43)) - raft.server.log.force.sync.num = 128 (default)
2019-09-26 12:47:55,980 [pool-67-thread-1] INFO  server.RaftServerConfigKeys (ConfUtils.java:logGet(43)) - raft.server.log.statemachine.data.sync = true (default)
2019-09-26 12:47:55,980 [pool-67-thread-1] INFO  server.RaftServerConfigKeys (ConfUtils.java:logGet(43)) - raft.server.log.statemachine.data.sync.timeout = 10s (default)
2019-09-26 12:47:55,980 [pool-67-thread-1] INFO  server.RaftServerConfigKeys (ConfUtils.java:logGet(43)) - raft.server.log.statemachine.data.sync.timeout.retry = -1 (default)
2019-09-26 12:47:55,981 [pool-67-thread-1] INFO  server.RaftServerConfigKeys (ConfUtils.java:logGet(43)) - raft.server.log.statemachine.data.caching.enabled = true (custom)
2019-09-26 12:47:55,981 [pool-67-thread-1] INFO  segmented.SegmentedRaftLogWorker (SegmentedRaftLogWorker.java:lambda$new$0(132)) - 34dea9fc-3ffa-40f3-af9d-53d465a1b9d7@group-4EA5E8A5EB5C-SegmentedRaftLogWorker: flushIndex: setUnconditionally 0 -> -1
2019-09-26 12:47:55,981 [pool-67-thread-1] INFO  server.RaftServerConfigKeys (ConfUtils.java:logGet(43)) - raft.server.snapshot.auto.trigger.enabled = true (custom)
2019-09-26 12:47:55,981 [pool-67-thread-1] INFO  server.RaftServerConfigKeys (ConfUtils.java:logGet(43)) - raft.server.snapshot.auto.trigger.threshold = 10000 (custom)
2019-09-26 12:47:55,981 [pool-67-thread-1] INFO  server.RaftServerConfigKeys (ConfUtils.java:logGet(43)) - raft.server.snapshot.retention.num.files = 5 (custom)
2019-09-26 12:47:55,981 [pool-67-thread-1] INFO  server.RaftServerConfigKeys (ConfUtils.java:logGet(43)) - raft.server.retrycache.expirytime = 600000ms (custom)
2019-09-26 12:47:55,983 [pool-67-thread-1] INFO  impl.RaftServerImpl (RaftServerImpl.java:start(185)) - 34dea9fc-3ffa-40f3-af9d-53d465a1b9d7@group-4EA5E8A5EB5C: start as a follower, conf=-1: [34dea9fc-3ffa-40f3-af9d-53d465a1b9d7:192.168.164.238:42949], old=null
2019-09-26 12:47:55,983 [pool-67-thread-1] INFO  impl.RaftServerImpl (RaftServerImpl.java:setRole(174)) - 34dea9fc-3ffa-40f3-af9d-53d465a1b9d7@group-4EA5E8A5EB5C: changes role from      null to FOLLOWER at term 0 for startAsFollower
2019-09-26 12:47:55,983 [pool-67-thread-1] INFO  impl.RoleInfo (RoleInfo.java:updateAndGet(143)) - 34dea9fc-3ffa-40f3-af9d-53d465a1b9d7: start FollowerState
2019-09-26 12:47:55,984 [pool-67-thread-1] INFO  util.JmxRegister (JmxRegister.java:tryRegister(44)) - Successfully registered JMX Bean with object name Ratis:service=RaftServer,group=group-4EA5E8A5EB5C,id=34dea9fc-3ffa-40f3-af9d-53d465a1b9d7
2019-09-26 12:47:55,989 [RatisPipelineUtilsThread] INFO  pipeline.PipelineStateManager (PipelineStateManager.java:addPipeline(56)) - Created pipeline Pipeline[ Id: b499f589-1196-448d-99d5-4ea5e8a5eb5c, Nodes: 34dea9fc-3ffa-40f3-af9d-53d465a1b9d7{ip: 192.168.164.238, host: pr-hdds-1569-87zkn-1081879488, networkLocation: /default-rack, certSerialId: null}, Type:RATIS, Factor:ONE, State:OPEN]
2019-09-26 12:47:55,989 [RatisPipelineUtilsThread] INFO  pipeline.PipelinePlacementPolicy (PipelinePlacementPolicy.java:meetCriteria(91)) - Pipeline Placement: can't place more pipeline on heavy datanode： c217791a-6f2b-404e-8fdd-7bf246bea5f5 Heaviness: 6 limit: 5
2019-09-26 12:47:55,999 [grpc-default-executor-0] INFO  impl.RaftServerProxy (RaftServerProxy.java:addNew(89)) - 2f26360f-713d-4798-931d-49dc5cf4b129: addNew group-540E3D7D8E74:[2f26360f-713d-4798-931d-49dc5cf4b129:192.168.164.238:38857] returns group-540E3D7D8E74:java.util.concurrent.CompletableFuture@619b0f19[Not completed]
2019-09-26 12:47:56,001 [pool-87-thread-1] INFO  impl.RaftServerImpl (RaftServerImpl.java:<init>(95)) - 2f26360f-713d-4798-931d-49dc5cf4b129: new RaftServerImpl for group-540E3D7D8E74:[2f26360f-713d-4798-931d-49dc5cf4b129:192.168.164.238:38857] with ContainerStateMachine:uninitialized
2019-09-26 12:47:56,001 [pool-87-thread-1] INFO  server.RaftServerConfigKeys (ConfUtils.java:logGet(43)) - raft.server.rpc.timeout.min = 5s (custom)
2019-09-26 12:47:56,001 [pool-87-thread-1] INFO  server.RaftServerConfigKeys (ConfUtils.java:logGet(43)) - raft.server.rpc.timeout.max = 5200ms (custom)
2019-09-26 12:47:56,003 [pool-87-thread-1] INFO  server.RaftServerConfigKeys (ConfUtils.java:logGet(43)) - raft.server.rpcslowness.timeout = 120s (custom)
2019-09-26 12:47:56,003 [pool-87-thread-1] INFO  server.RaftServerConfigKeys (ConfUtils.java:logGet(43)) - raft.server.sleep.deviation.threshold = 300 (default)
2019-09-26 12:47:56,003 [pool-87-thread-1] INFO  server.RaftServerConfigKeys (ConfUtils.java:logGet(43)) - raft.server.log.appender.install.snapshot.enabled = false (custom)
2019-09-26 12:47:56,003 [pool-87-thread-1] INFO  impl.RaftServerImpl (ServerState.java:<init>(103)) - 2f26360f-713d-4798-931d-49dc5cf4b129@group-540E3D7D8E74: ConfigurationManager, init=-1: [2f26360f-713d-4798-931d-49dc5cf4b129:192.168.164.238:38857], old=null, confs=<EMPTY_MAP>
2019-09-26 12:47:56,004 [pool-87-thread-1] INFO  server.RaftServerConfigKeys (ConfUtils.java:logGet(43)) - raft.server.storage.dir = [/workdir/hadoop-ozone/integration-test/target/test-dir/MiniOzoneClusterImpl-5cb8bac5-d0f0-4551-b9d0-b3e056facdc3/datanode-6/data/ratis] (custom)
2019-09-26 12:47:56,004 [pool-87-thread-1] INFO  storage.RaftStorageDirectory (RaftStorageDirectory.java:analyzeStorage(246)) - The storage directory /workdir/hadoop-ozone/integration-test/target/test-dir/MiniOzoneClusterImpl-5cb8bac5-d0f0-4551-b9d0-b3e056facdc3/datanode-6/data/ratis/a5a67437-fc0d-4d71-bf2a-540e3d7d8e74 does not exist. Creating ...
2019-09-26 12:47:56,017 [pool-87-thread-1] INFO  storage.RaftStorageDirectory (RaftStorageDirectory.java:tryLock(328)) - Lock on /workdir/hadoop-ozone/integration-test/target/test-dir/MiniOzoneClusterImpl-5cb8bac5-d0f0-4551-b9d0-b3e056facdc3/datanode-6/data/ratis/a5a67437-fc0d-4d71-bf2a-540e3d7d8e74/in_use.lock acquired by nodename 4507@pr-hdds-1569-87zkn-1081879488
2019-09-26 12:47:56,030 [pool-87-thread-1] INFO  storage.RaftStorage (RaftStorage.java:format(72)) - Storage directory /workdir/hadoop-ozone/integration-test/target/test-dir/MiniOzoneClusterImpl-5cb8bac5-d0f0-4551-b9d0-b3e056facdc3/datanode-6/data/ratis/a5a67437-fc0d-4d71-bf2a-540e3d7d8e74 has been successfully formatted.
2019-09-26 12:47:56,031 [pool-87-thread-1] INFO  ratis.ContainerStateMachine (ContainerStateMachine.java:loadSnapshot(230)) - group-540E3D7D8E74: The snapshot info is null. Setting the last applied indexto:(t:0, i:~)
2019-09-26 12:47:56,031 [pool-87-thread-1] INFO  server.RaftServerConfigKeys (ConfUtils.java:logGet(43)) - raft.server.notification.no-leader.timeout = 120s (custom)
2019-09-26 12:47:56,031 [pool-87-thread-1] INFO  server.RaftServerConfigKeys (ConfUtils.java:logGet(43)) - raft.server.log.use.memory = false (default)
2019-09-26 12:47:56,031 [pool-87-thread-1] INFO  server.RaftServerConfigKeys (ConfUtils.java:logGet(43)) - raft.server.log.purge.gap = 1000000 (custom)
2019-09-26 12:47:56,031 [pool-87-thread-1] INFO  server.RaftServerConfigKeys (ConfUtils.java:logGet(43)) - raft.server.log.appender.buffer.byte-limit = 33554432 (custom)
2019-09-26 12:47:56,031 [pool-87-thread-1] INFO  server.RaftServerConfigKeys (ConfUtils.java:logGet(43)) - raft.server.log.segment.size.max = 1048576 (custom)
2019-09-26 12:47:56,032 [pool-87-thread-1] INFO  server.RaftServerConfigKeys (ConfUtils.java:logGet(43)) - raft.server.log.segment.cache.num.max = 2 (custom)
2019-09-26 12:47:56,032 [pool-87-thread-1] INFO  segmented.SegmentedRaftLogWorker (SegmentedRaftLogWorker.java:<init>(172)) - new 2f26360f-713d-4798-931d-49dc5cf4b129@group-540E3D7D8E74-SegmentedRaftLogWorker for RaftStorage:Storage Directory /workdir/hadoop-ozone/integration-test/target/test-dir/MiniOzoneClusterImpl-5cb8bac5-d0f0-4551-b9d0-b3e056facdc3/datanode-6/data/ratis/a5a67437-fc0d-4d71-bf2a-540e3d7d8e74
2019-09-26 12:47:56,032 [pool-87-thread-1] INFO  server.RaftServerConfigKeys (ConfUtils.java:logGet(43)) - raft.server.log.queue.byte-limit = 2147483647 (custom)
2019-09-26 12:47:56,032 [pool-87-thread-1] INFO  server.RaftServerConfigKeys (ConfUtils.java:logGet(43)) - raft.server.log.queue.element-limit = 1024 (custom)
2019-09-26 12:47:56,032 [pool-87-thread-1] INFO  server.RaftServerConfigKeys (ConfUtils.java:logGet(43)) - raft.server.log.segment.size.max = 1048576 (custom)
2019-09-26 12:47:56,032 [pool-87-thread-1] INFO  server.RaftServerConfigKeys (ConfUtils.java:logGet(43)) - raft.server.log.preallocated.size = 16384 (custom)
2019-09-26 12:47:56,033 [pool-87-thread-1] INFO  server.RaftServerConfigKeys (ConfUtils.java:logGet(43)) - raft.server.log.write.buffer.size = 33554432 (custom)
2019-09-26 12:47:56,033 [pool-87-thread-1] INFO  server.RaftServerConfigKeys (ConfUtils.java:logGet(43)) - raft.server.log.force.sync.num = 128 (default)
2019-09-26 12:47:56,033 [pool-87-thread-1] INFO  server.RaftServerConfigKeys (ConfUtils.java:logGet(43)) - raft.server.log.statemachine.data.sync = true (default)
2019-09-26 12:47:56,033 [pool-87-thread-1] INFO  server.RaftServerConfigKeys (ConfUtils.java:logGet(43)) - raft.server.log.statemachine.data.sync.timeout = 10s (default)
2019-09-26 12:47:56,033 [pool-87-thread-1] INFO  server.RaftServerConfigKeys (ConfUtils.java:logGet(43)) - raft.server.log.statemachine.data.sync.timeout.retry = -1 (default)
2019-09-26 12:47:56,033 [pool-87-thread-1] INFO  server.RaftServerConfigKeys (ConfUtils.java:logGet(43)) - raft.server.log.statemachine.data.caching.enabled = true (custom)
2019-09-26 12:47:56,034 [pool-87-thread-1] INFO  segmented.SegmentedRaftLogWorker (SegmentedRaftLogWorker.java:lambda$new$0(132)) - 2f26360f-713d-4798-931d-49dc5cf4b129@group-540E3D7D8E74-SegmentedRaftLogWorker: flushIndex: setUnconditionally 0 -> -1
2019-09-26 12:47:56,034 [pool-87-thread-1] INFO  server.RaftServerConfigKeys (ConfUtils.java:logGet(43)) - raft.server.snapshot.auto.trigger.enabled = true (custom)
2019-09-26 12:47:56,034 [pool-87-thread-1] INFO  server.RaftServerConfigKeys (ConfUtils.java:logGet(43)) - raft.server.snapshot.auto.trigger.threshold = 10000 (custom)
2019-09-26 12:47:56,034 [pool-87-thread-1] INFO  server.RaftServerConfigKeys (ConfUtils.java:logGet(43)) - raft.server.snapshot.retention.num.files = 5 (custom)
2019-09-26 12:47:56,035 [pool-87-thread-1] INFO  server.RaftServerConfigKeys (ConfUtils.java:logGet(43)) - raft.server.retrycache.expirytime = 600000ms (custom)
2019-09-26 12:47:56,037 [pool-87-thread-1] INFO  impl.RaftServerImpl (RaftServerImpl.java:start(185)) - 2f26360f-713d-4798-931d-49dc5cf4b129@group-540E3D7D8E74: start as a follower, conf=-1: [2f26360f-713d-4798-931d-49dc5cf4b129:192.168.164.238:38857], old=null
2019-09-26 12:47:56,037 [pool-87-thread-1] INFO  impl.RaftServerImpl (RaftServerImpl.java:setRole(174)) - 2f26360f-713d-4798-931d-49dc5cf4b129@group-540E3D7D8E74: changes role from      null to FOLLOWER at term 0 for startAsFollower
2019-09-26 12:47:56,038 [pool-87-thread-1] INFO  impl.RoleInfo (RoleInfo.java:updateAndGet(143)) - 2f26360f-713d-4798-931d-49dc5cf4b129: start FollowerState
2019-09-26 12:47:56,038 [pool-87-thread-1] INFO  util.JmxRegister (JmxRegister.java:tryRegister(44)) - Successfully registered JMX Bean with object name Ratis:service=RaftServer,group=group-540E3D7D8E74,id=2f26360f-713d-4798-931d-49dc5cf4b129
2019-09-26 12:47:56,044 [RatisPipelineUtilsThread] INFO  pipeline.PipelineStateManager (PipelineStateManager.java:addPipeline(56)) - Created pipeline Pipeline[ Id: a5a67437-fc0d-4d71-bf2a-540e3d7d8e74, Nodes: 2f26360f-713d-4798-931d-49dc5cf4b129{ip: 192.168.164.238, host: pr-hdds-1569-87zkn-1081879488, networkLocation: /default-rack, certSerialId: null}, Type:RATIS, Factor:ONE, State:OPEN]
2019-09-26 12:47:56,044 [RatisPipelineUtilsThread] INFO  pipeline.PipelinePlacementPolicy (PipelinePlacementPolicy.java:meetCriteria(91)) - Pipeline Placement: can't place more pipeline on heavy datanode： c217791a-6f2b-404e-8fdd-7bf246bea5f5 Heaviness: 6 limit: 5
2019-09-26 12:47:56,059 [grpc-default-executor-0] INFO  impl.RaftServerProxy (RaftServerProxy.java:addNew(89)) - 93b6de49-ccf6-423c-87d1-581fa32d2ae4: addNew group-5A1730DA3546:[93b6de49-ccf6-423c-87d1-581fa32d2ae4:192.168.164.238:41044] returns group-5A1730DA3546:java.util.concurrent.CompletableFuture@1db6c145[Not completed]
2019-09-26 12:47:56,060 [pool-117-thread-1] INFO  impl.RaftServerImpl (RaftServerImpl.java:<init>(95)) - 93b6de49-ccf6-423c-87d1-581fa32d2ae4: new RaftServerImpl for group-5A1730DA3546:[93b6de49-ccf6-423c-87d1-581fa32d2ae4:192.168.164.238:41044] with ContainerStateMachine:uninitialized
2019-09-26 12:47:56,060 [pool-117-thread-1] INFO  server.RaftServerConfigKeys (ConfUtils.java:logGet(43)) - raft.server.rpc.timeout.min = 5s (custom)
2019-09-26 12:47:56,060 [pool-117-thread-1] INFO  server.RaftServerConfigKeys (ConfUtils.java:logGet(43)) - raft.server.rpc.timeout.max = 5200ms (custom)
2019-09-26 12:47:56,060 [pool-117-thread-1] INFO  server.RaftServerConfigKeys (ConfUtils.java:logGet(43)) - raft.server.rpcslowness.timeout = 120s (custom)
2019-09-26 12:47:56,061 [pool-117-thread-1] INFO  server.RaftServerConfigKeys (ConfUtils.java:logGet(43)) - raft.server.sleep.deviation.threshold = 300 (default)
2019-09-26 12:47:56,061 [pool-117-thread-1] INFO  server.RaftServerConfigKeys (ConfUtils.java:logGet(43)) - raft.server.log.appender.install.snapshot.enabled = false (custom)
2019-09-26 12:47:56,061 [pool-117-thread-1] INFO  impl.RaftServerImpl (ServerState.java:<init>(103)) - 93b6de49-ccf6-423c-87d1-581fa32d2ae4@group-5A1730DA3546: ConfigurationManager, init=-1: [93b6de49-ccf6-423c-87d1-581fa32d2ae4:192.168.164.238:41044], old=null, confs=<EMPTY_MAP>
2019-09-26 12:47:56,061 [pool-117-thread-1] INFO  server.RaftServerConfigKeys (ConfUtils.java:logGet(43)) - raft.server.storage.dir = [/workdir/hadoop-ozone/integration-test/target/test-dir/MiniOzoneClusterImpl-5cb8bac5-d0f0-4551-b9d0-b3e056facdc3/datanode-9/data/ratis] (custom)
2019-09-26 12:47:56,062 [pool-117-thread-1] INFO  storage.RaftStorageDirectory (RaftStorageDirectory.java:analyzeStorage(246)) - The storage directory /workdir/hadoop-ozone/integration-test/target/test-dir/MiniOzoneClusterImpl-5cb8bac5-d0f0-4551-b9d0-b3e056facdc3/datanode-9/data/ratis/e5ed9e7a-7baa-43b6-8422-5a1730da3546 does not exist. Creating ...
2019-09-26 12:47:56,074 [pool-117-thread-1] INFO  storage.RaftStorageDirectory (RaftStorageDirectory.java:tryLock(328)) - Lock on /workdir/hadoop-ozone/integration-test/target/test-dir/MiniOzoneClusterImpl-5cb8bac5-d0f0-4551-b9d0-b3e056facdc3/datanode-9/data/ratis/e5ed9e7a-7baa-43b6-8422-5a1730da3546/in_use.lock acquired by nodename 4507@pr-hdds-1569-87zkn-1081879488
2019-09-26 12:47:56,088 [pool-117-thread-1] INFO  storage.RaftStorage (RaftStorage.java:format(72)) - Storage directory /workdir/hadoop-ozone/integration-test/target/test-dir/MiniOzoneClusterImpl-5cb8bac5-d0f0-4551-b9d0-b3e056facdc3/datanode-9/data/ratis/e5ed9e7a-7baa-43b6-8422-5a1730da3546 has been successfully formatted.
2019-09-26 12:47:56,088 [pool-117-thread-1] INFO  ratis.ContainerStateMachine (ContainerStateMachine.java:loadSnapshot(230)) - group-5A1730DA3546: The snapshot info is null. Setting the last applied indexto:(t:0, i:~)
2019-09-26 12:47:56,088 [pool-117-thread-1] INFO  server.RaftServerConfigKeys (ConfUtils.java:logGet(43)) - raft.server.notification.no-leader.timeout = 120s (custom)
2019-09-26 12:47:56,088 [pool-117-thread-1] INFO  server.RaftServerConfigKeys (ConfUtils.java:logGet(43)) - raft.server.log.use.memory = false (default)
2019-09-26 12:47:56,088 [pool-117-thread-1] INFO  server.RaftServerConfigKeys (ConfUtils.java:logGet(43)) - raft.server.log.purge.gap = 1000000 (custom)
2019-09-26 12:47:56,089 [pool-117-thread-1] INFO  server.RaftServerConfigKeys (ConfUtils.java:logGet(43)) - raft.server.log.appender.buffer.byte-limit = 33554432 (custom)
2019-09-26 12:47:56,089 [pool-117-thread-1] INFO  server.RaftServerConfigKeys (ConfUtils.java:logGet(43)) - raft.server.log.segment.size.max = 1048576 (custom)
2019-09-26 12:47:56,089 [pool-117-thread-1] INFO  server.RaftServerConfigKeys (ConfUtils.java:logGet(43)) - raft.server.log.segment.cache.num.max = 2 (custom)
2019-09-26 12:47:56,089 [pool-117-thread-1] INFO  segmented.SegmentedRaftLogWorker (SegmentedRaftLogWorker.java:<init>(172)) - new 93b6de49-ccf6-423c-87d1-581fa32d2ae4@group-5A1730DA3546-SegmentedRaftLogWorker for RaftStorage:Storage Directory /workdir/hadoop-ozone/integration-test/target/test-dir/MiniOzoneClusterImpl-5cb8bac5-d0f0-4551-b9d0-b3e056facdc3/datanode-9/data/ratis/e5ed9e7a-7baa-43b6-8422-5a1730da3546
2019-09-26 12:47:56,089 [pool-117-thread-1] INFO  server.RaftServerConfigKeys (ConfUtils.java:logGet(43)) - raft.server.log.queue.byte-limit = 2147483647 (custom)
2019-09-26 12:47:56,089 [pool-117-thread-1] INFO  server.RaftServerConfigKeys (ConfUtils.java:logGet(43)) - raft.server.log.queue.element-limit = 1024 (custom)
2019-09-26 12:47:56,089 [pool-117-thread-1] INFO  server.RaftServerConfigKeys (ConfUtils.java:logGet(43)) - raft.server.log.segment.size.max = 1048576 (custom)
2019-09-26 12:47:56,089 [pool-117-thread-1] INFO  server.RaftServerConfigKeys (ConfUtils.java:logGet(43)) - raft.server.log.preallocated.size = 16384 (custom)
2019-09-26 12:47:56,090 [pool-117-thread-1] INFO  server.RaftServerConfigKeys (ConfUtils.java:logGet(43)) - raft.server.log.write.buffer.size = 33554432 (custom)
2019-09-26 12:47:56,090 [pool-117-thread-1] INFO  server.RaftServerConfigKeys (ConfUtils.java:logGet(43)) - raft.server.log.force.sync.num = 128 (default)
2019-09-26 12:47:56,090 [pool-117-thread-1] INFO  server.RaftServerConfigKeys (ConfUtils.java:logGet(43)) - raft.server.log.statemachine.data.sync = true (default)
2019-09-26 12:47:56,090 [pool-117-thread-1] INFO  server.RaftServerConfigKeys (ConfUtils.java:logGet(43)) - raft.server.log.statemachine.data.sync.timeout = 10s (default)
2019-09-26 12:47:56,090 [pool-117-thread-1] INFO  server.RaftServerConfigKeys (ConfUtils.java:logGet(43)) - raft.server.log.statemachine.data.sync.timeout.retry = -1 (default)
2019-09-26 12:47:56,090 [pool-117-thread-1] INFO  server.RaftServerConfigKeys (ConfUtils.java:logGet(43)) - raft.server.log.statemachine.data.caching.enabled = true (custom)
2019-09-26 12:47:56,091 [pool-117-thread-1] INFO  segmented.SegmentedRaftLogWorker (SegmentedRaftLogWorker.java:lambda$new$0(132)) - 93b6de49-ccf6-423c-87d1-581fa32d2ae4@group-5A1730DA3546-SegmentedRaftLogWorker: flushIndex: setUnconditionally 0 -> -1
2019-09-26 12:47:56,091 [pool-117-thread-1] INFO  server.RaftServerConfigKeys (ConfUtils.java:logGet(43)) - raft.server.snapshot.auto.trigger.enabled = true (custom)
2019-09-26 12:47:56,091 [pool-117-thread-1] INFO  server.RaftServerConfigKeys (ConfUtils.java:logGet(43)) - raft.server.snapshot.auto.trigger.threshold = 10000 (custom)
2019-09-26 12:47:56,091 [pool-117-thread-1] INFO  server.RaftServerConfigKeys (ConfUtils.java:logGet(43)) - raft.server.snapshot.retention.num.files = 5 (custom)
2019-09-26 12:47:56,091 [pool-117-thread-1] INFO  server.RaftServerConfigKeys (ConfUtils.java:logGet(43)) - raft.server.retrycache.expirytime = 600000ms (custom)
2019-09-26 12:47:56,094 [pool-117-thread-1] INFO  impl.RaftServerImpl (RaftServerImpl.java:start(185)) - 93b6de49-ccf6-423c-87d1-581fa32d2ae4@group-5A1730DA3546: start as a follower, conf=-1: [93b6de49-ccf6-423c-87d1-581fa32d2ae4:192.168.164.238:41044], old=null
2019-09-26 12:47:56,094 [pool-117-thread-1] INFO  impl.RaftServerImpl (RaftServerImpl.java:setRole(174)) - 93b6de49-ccf6-423c-87d1-581fa32d2ae4@group-5A1730DA3546: changes role from      null to FOLLOWER at term 0 for startAsFollower
2019-09-26 12:47:56,094 [pool-117-thread-1] INFO  impl.RoleInfo (RoleInfo.java:updateAndGet(143)) - 93b6de49-ccf6-423c-87d1-581fa32d2ae4: start FollowerState
2019-09-26 12:47:56,094 [pool-117-thread-1] INFO  util.JmxRegister (JmxRegister.java:tryRegister(44)) - Successfully registered JMX Bean with object name Ratis:service=RaftServer,group=group-5A1730DA3546,id=93b6de49-ccf6-423c-87d1-581fa32d2ae4
2019-09-26 12:47:56,101 [RatisPipelineUtilsThread] INFO  pipeline.PipelineStateManager (PipelineStateManager.java:addPipeline(56)) - Created pipeline Pipeline[ Id: e5ed9e7a-7baa-43b6-8422-5a1730da3546, Nodes: 93b6de49-ccf6-423c-87d1-581fa32d2ae4{ip: 192.168.164.238, host: pr-hdds-1569-87zkn-1081879488, networkLocation: /default-rack, certSerialId: null}, Type:RATIS, Factor:ONE, State:OPEN]
2019-09-26 12:47:56,102 [RatisPipelineUtilsThread] INFO  pipeline.PipelinePlacementPolicy (PipelinePlacementPolicy.java:meetCriteria(91)) - Pipeline Placement: can't place more pipeline on heavy datanode： c217791a-6f2b-404e-8fdd-7bf246bea5f5 Heaviness: 6 limit: 5
2019-09-26 12:47:56,112 [grpc-default-executor-0] INFO  impl.RaftServerProxy (RaftServerProxy.java:addNew(89)) - 34dea9fc-3ffa-40f3-af9d-53d465a1b9d7: addNew group-B4B935BBA883:[34dea9fc-3ffa-40f3-af9d-53d465a1b9d7:192.168.164.238:42949] returns group-B4B935BBA883:java.util.concurrent.CompletableFuture@674032fc[Not completed]
2019-09-26 12:47:56,116 [pool-67-thread-1] INFO  impl.RaftServerImpl (RaftServerImpl.java:<init>(95)) - 34dea9fc-3ffa-40f3-af9d-53d465a1b9d7: new RaftServerImpl for group-B4B935BBA883:[34dea9fc-3ffa-40f3-af9d-53d465a1b9d7:192.168.164.238:42949] with ContainerStateMachine:uninitialized
2019-09-26 12:47:56,116 [pool-67-thread-1] INFO  server.RaftServerConfigKeys (ConfUtils.java:logGet(43)) - raft.server.rpc.timeout.min = 5s (custom)
2019-09-26 12:47:56,116 [pool-67-thread-1] INFO  server.RaftServerConfigKeys (ConfUtils.java:logGet(43)) - raft.server.rpc.timeout.max = 5200ms (custom)
2019-09-26 12:47:56,116 [pool-67-thread-1] INFO  server.RaftServerConfigKeys (ConfUtils.java:logGet(43)) - raft.server.rpcslowness.timeout = 120s (custom)
2019-09-26 12:47:56,117 [pool-67-thread-1] INFO  server.RaftServerConfigKeys (ConfUtils.java:logGet(43)) - raft.server.sleep.deviation.threshold = 300 (default)
2019-09-26 12:47:56,117 [pool-67-thread-1] INFO  server.RaftServerConfigKeys (ConfUtils.java:logGet(43)) - raft.server.log.appender.install.snapshot.enabled = false (custom)
2019-09-26 12:47:56,117 [pool-67-thread-1] INFO  impl.RaftServerImpl (ServerState.java:<init>(103)) - 34dea9fc-3ffa-40f3-af9d-53d465a1b9d7@group-B4B935BBA883: ConfigurationManager, init=-1: [34dea9fc-3ffa-40f3-af9d-53d465a1b9d7:192.168.164.238:42949], old=null, confs=<EMPTY_MAP>
2019-09-26 12:47:56,117 [pool-67-thread-1] INFO  server.RaftServerConfigKeys (ConfUtils.java:logGet(43)) - raft.server.storage.dir = [/workdir/hadoop-ozone/integration-test/target/test-dir/MiniOzoneClusterImpl-5cb8bac5-d0f0-4551-b9d0-b3e056facdc3/datanode-4/data/ratis] (custom)
2019-09-26 12:47:56,118 [pool-67-thread-1] INFO  storage.RaftStorageDirectory (RaftStorageDirectory.java:analyzeStorage(246)) - The storage directory /workdir/hadoop-ozone/integration-test/target/test-dir/MiniOzoneClusterImpl-5cb8bac5-d0f0-4551-b9d0-b3e056facdc3/datanode-4/data/ratis/61c3d7de-6a71-4252-a512-b4b935bba883 does not exist. Creating ...
2019-09-26 12:47:56,131 [pool-67-thread-1] INFO  storage.RaftStorageDirectory (RaftStorageDirectory.java:tryLock(328)) - Lock on /workdir/hadoop-ozone/integration-test/target/test-dir/MiniOzoneClusterImpl-5cb8bac5-d0f0-4551-b9d0-b3e056facdc3/datanode-4/data/ratis/61c3d7de-6a71-4252-a512-b4b935bba883/in_use.lock acquired by nodename 4507@pr-hdds-1569-87zkn-1081879488
2019-09-26 12:47:56,144 [pool-67-thread-1] INFO  storage.RaftStorage (RaftStorage.java:format(72)) - Storage directory /workdir/hadoop-ozone/integration-test/target/test-dir/MiniOzoneClusterImpl-5cb8bac5-d0f0-4551-b9d0-b3e056facdc3/datanode-4/data/ratis/61c3d7de-6a71-4252-a512-b4b935bba883 has been successfully formatted.
2019-09-26 12:47:56,144 [pool-67-thread-1] INFO  ratis.ContainerStateMachine (ContainerStateMachine.java:loadSnapshot(230)) - group-B4B935BBA883: The snapshot info is null. Setting the last applied indexto:(t:0, i:~)
2019-09-26 12:47:56,144 [pool-67-thread-1] INFO  server.RaftServerConfigKeys (ConfUtils.java:logGet(43)) - raft.server.notification.no-leader.timeout = 120s (custom)
2019-09-26 12:47:56,144 [pool-67-thread-1] INFO  server.RaftServerConfigKeys (ConfUtils.java:logGet(43)) - raft.server.log.use.memory = false (default)
2019-09-26 12:47:56,144 [pool-67-thread-1] INFO  server.RaftServerConfigKeys (ConfUtils.java:logGet(43)) - raft.server.log.purge.gap = 1000000 (custom)
2019-09-26 12:47:56,144 [pool-67-thread-1] INFO  server.RaftServerConfigKeys (ConfUtils.java:logGet(43)) - raft.server.log.appender.buffer.byte-limit = 33554432 (custom)
2019-09-26 12:47:56,145 [pool-67-thread-1] INFO  server.RaftServerConfigKeys (ConfUtils.java:logGet(43)) - raft.server.log.segment.size.max = 1048576 (custom)
2019-09-26 12:47:56,145 [pool-67-thread-1] INFO  server.RaftServerConfigKeys (ConfUtils.java:logGet(43)) - raft.server.log.segment.cache.num.max = 2 (custom)
2019-09-26 12:47:56,145 [pool-67-thread-1] INFO  segmented.SegmentedRaftLogWorker (SegmentedRaftLogWorker.java:<init>(172)) - new 34dea9fc-3ffa-40f3-af9d-53d465a1b9d7@group-B4B935BBA883-SegmentedRaftLogWorker for RaftStorage:Storage Directory /workdir/hadoop-ozone/integration-test/target/test-dir/MiniOzoneClusterImpl-5cb8bac5-d0f0-4551-b9d0-b3e056facdc3/datanode-4/data/ratis/61c3d7de-6a71-4252-a512-b4b935bba883
2019-09-26 12:47:56,145 [pool-67-thread-1] INFO  server.RaftServerConfigKeys (ConfUtils.java:logGet(43)) - raft.server.log.queue.byte-limit = 2147483647 (custom)
2019-09-26 12:47:56,145 [pool-67-thread-1] INFO  server.RaftServerConfigKeys (ConfUtils.java:logGet(43)) - raft.server.log.queue.element-limit = 1024 (custom)
2019-09-26 12:47:56,145 [pool-67-thread-1] INFO  server.RaftServerConfigKeys (ConfUtils.java:logGet(43)) - raft.server.log.segment.size.max = 1048576 (custom)
2019-09-26 12:47:56,145 [pool-67-thread-1] INFO  server.RaftServerConfigKeys (ConfUtils.java:logGet(43)) - raft.server.log.preallocated.size = 16384 (custom)
2019-09-26 12:47:56,146 [pool-67-thread-1] INFO  server.RaftServerConfigKeys (ConfUtils.java:logGet(43)) - raft.server.log.write.buffer.size = 33554432 (custom)
2019-09-26 12:47:56,146 [pool-67-thread-1] INFO  server.RaftServerConfigKeys (ConfUtils.java:logGet(43)) - raft.server.log.force.sync.num = 128 (default)
2019-09-26 12:47:56,146 [pool-67-thread-1] INFO  server.RaftServerConfigKeys (ConfUtils.java:logGet(43)) - raft.server.log.statemachine.data.sync = true (default)
2019-09-26 12:47:56,146 [pool-67-thread-1] INFO  server.RaftServerConfigKeys (ConfUtils.java:logGet(43)) - raft.server.log.statemachine.data.sync.timeout = 10s (default)
2019-09-26 12:47:56,146 [pool-67-thread-1] INFO  server.RaftServerConfigKeys (ConfUtils.java:logGet(43)) - raft.server.log.statemachine.data.sync.timeout.retry = -1 (default)
2019-09-26 12:47:56,146 [pool-67-thread-1] INFO  server.RaftServerConfigKeys (ConfUtils.java:logGet(43)) - raft.server.log.statemachine.data.caching.enabled = true (custom)
2019-09-26 12:47:56,147 [pool-67-thread-1] INFO  segmented.SegmentedRaftLogWorker (SegmentedRaftLogWorker.java:lambda$new$0(132)) - 34dea9fc-3ffa-40f3-af9d-53d465a1b9d7@group-B4B935BBA883-SegmentedRaftLogWorker: flushIndex: setUnconditionally 0 -> -1
2019-09-26 12:47:56,147 [pool-67-thread-1] INFO  server.RaftServerConfigKeys (ConfUtils.java:logGet(43)) - raft.server.snapshot.auto.trigger.enabled = true (custom)
2019-09-26 12:47:56,147 [pool-67-thread-1] INFO  server.RaftServerConfigKeys (ConfUtils.java:logGet(43)) - raft.server.snapshot.auto.trigger.threshold = 10000 (custom)
2019-09-26 12:47:56,147 [pool-67-thread-1] INFO  server.RaftServerConfigKeys (ConfUtils.java:logGet(43)) - raft.server.snapshot.retention.num.files = 5 (custom)
2019-09-26 12:47:56,147 [pool-67-thread-1] INFO  server.RaftServerConfigKeys (ConfUtils.java:logGet(43)) - raft.server.retrycache.expirytime = 600000ms (custom)
2019-09-26 12:47:56,150 [pool-67-thread-1] INFO  impl.RaftServerImpl (RaftServerImpl.java:start(185)) - 34dea9fc-3ffa-40f3-af9d-53d465a1b9d7@group-B4B935BBA883: start as a follower, conf=-1: [34dea9fc-3ffa-40f3-af9d-53d465a1b9d7:192.168.164.238:42949], old=null
2019-09-26 12:47:56,150 [pool-67-thread-1] INFO  impl.RaftServerImpl (RaftServerImpl.java:setRole(174)) - 34dea9fc-3ffa-40f3-af9d-53d465a1b9d7@group-B4B935BBA883: changes role from      null to FOLLOWER at term 0 for startAsFollower
2019-09-26 12:47:56,150 [pool-67-thread-1] INFO  impl.RoleInfo (RoleInfo.java:updateAndGet(143)) - 34dea9fc-3ffa-40f3-af9d-53d465a1b9d7: start FollowerState
2019-09-26 12:47:56,150 [pool-67-thread-1] INFO  util.JmxRegister (JmxRegister.java:tryRegister(44)) - Successfully registered JMX Bean with object name Ratis:service=RaftServer,group=group-B4B935BBA883,id=34dea9fc-3ffa-40f3-af9d-53d465a1b9d7
2019-09-26 12:47:56,155 [RatisPipelineUtilsThread] INFO  pipeline.PipelineStateManager (PipelineStateManager.java:addPipeline(56)) - Created pipeline Pipeline[ Id: 61c3d7de-6a71-4252-a512-b4b935bba883, Nodes: 34dea9fc-3ffa-40f3-af9d-53d465a1b9d7{ip: 192.168.164.238, host: pr-hdds-1569-87zkn-1081879488, networkLocation: /default-rack, certSerialId: null}, Type:RATIS, Factor:ONE, State:OPEN]
2019-09-26 12:47:56,155 [RatisPipelineUtilsThread] INFO  pipeline.PipelinePlacementPolicy (PipelinePlacementPolicy.java:meetCriteria(91)) - Pipeline Placement: can't place more pipeline on heavy datanode： c217791a-6f2b-404e-8fdd-7bf246bea5f5 Heaviness: 6 limit: 5
2019-09-26 12:47:56,165 [grpc-default-executor-0] INFO  impl.RaftServerProxy (RaftServerProxy.java:addNew(89)) - 442f14b8-64b4-4212-b9b5-a1ac78df33e2: addNew group-AFEBC9DC3DA5:[442f14b8-64b4-4212-b9b5-a1ac78df33e2:192.168.164.238:36401] returns group-AFEBC9DC3DA5:java.util.concurrent.CompletableFuture@546d6a00[Not completed]
2019-09-26 12:47:56,166 [pool-47-thread-1] INFO  impl.RaftServerImpl (RaftServerImpl.java:<init>(95)) - 442f14b8-64b4-4212-b9b5-a1ac78df33e2: new RaftServerImpl for group-AFEBC9DC3DA5:[442f14b8-64b4-4212-b9b5-a1ac78df33e2:192.168.164.238:36401] with ContainerStateMachine:uninitialized
2019-09-26 12:47:56,166 [pool-47-thread-1] INFO  server.RaftServerConfigKeys (ConfUtils.java:logGet(43)) - raft.server.rpc.timeout.min = 5s (custom)
2019-09-26 12:47:56,166 [pool-47-thread-1] INFO  server.RaftServerConfigKeys (ConfUtils.java:logGet(43)) - raft.server.rpc.timeout.max = 5200ms (custom)
2019-09-26 12:47:56,166 [pool-47-thread-1] INFO  server.RaftServerConfigKeys (ConfUtils.java:logGet(43)) - raft.server.rpcslowness.timeout = 120s (custom)
2019-09-26 12:47:56,166 [pool-47-thread-1] INFO  server.RaftServerConfigKeys (ConfUtils.java:logGet(43)) - raft.server.sleep.deviation.threshold = 300 (default)
2019-09-26 12:47:56,166 [pool-47-thread-1] INFO  server.RaftServerConfigKeys (ConfUtils.java:logGet(43)) - raft.server.log.appender.install.snapshot.enabled = false (custom)
2019-09-26 12:47:56,167 [pool-47-thread-1] INFO  impl.RaftServerImpl (ServerState.java:<init>(103)) - 442f14b8-64b4-4212-b9b5-a1ac78df33e2@group-AFEBC9DC3DA5: ConfigurationManager, init=-1: [442f14b8-64b4-4212-b9b5-a1ac78df33e2:192.168.164.238:36401], old=null, confs=<EMPTY_MAP>
2019-09-26 12:47:56,167 [pool-47-thread-1] INFO  server.RaftServerConfigKeys (ConfUtils.java:logGet(43)) - raft.server.storage.dir = [/workdir/hadoop-ozone/integration-test/target/test-dir/MiniOzoneClusterImpl-5cb8bac5-d0f0-4551-b9d0-b3e056facdc3/datanode-2/data/ratis] (custom)
2019-09-26 12:47:56,167 [pool-47-thread-1] INFO  storage.RaftStorageDirectory (RaftStorageDirectory.java:analyzeStorage(246)) - The storage directory /workdir/hadoop-ozone/integration-test/target/test-dir/MiniOzoneClusterImpl-5cb8bac5-d0f0-4551-b9d0-b3e056facdc3/datanode-2/data/ratis/8763b964-9d3b-49aa-864c-afebc9dc3da5 does not exist. Creating ...
2019-09-26 12:47:56,179 [pool-47-thread-1] INFO  storage.RaftStorageDirectory (RaftStorageDirectory.java:tryLock(328)) - Lock on /workdir/hadoop-ozone/integration-test/target/test-dir/MiniOzoneClusterImpl-5cb8bac5-d0f0-4551-b9d0-b3e056facdc3/datanode-2/data/ratis/8763b964-9d3b-49aa-864c-afebc9dc3da5/in_use.lock acquired by nodename 4507@pr-hdds-1569-87zkn-1081879488
2019-09-26 12:47:56,202 [pool-47-thread-1] INFO  storage.RaftStorage (RaftStorage.java:format(72)) - Storage directory /workdir/hadoop-ozone/integration-test/target/test-dir/MiniOzoneClusterImpl-5cb8bac5-d0f0-4551-b9d0-b3e056facdc3/datanode-2/data/ratis/8763b964-9d3b-49aa-864c-afebc9dc3da5 has been successfully formatted.
2019-09-26 12:47:56,202 [pool-47-thread-1] INFO  ratis.ContainerStateMachine (ContainerStateMachine.java:loadSnapshot(230)) - group-AFEBC9DC3DA5: The snapshot info is null. Setting the last applied indexto:(t:0, i:~)
2019-09-26 12:47:56,202 [pool-47-thread-1] INFO  server.RaftServerConfigKeys (ConfUtils.java:logGet(43)) - raft.server.notification.no-leader.timeout = 120s (custom)
2019-09-26 12:47:56,203 [pool-47-thread-1] INFO  server.RaftServerConfigKeys (ConfUtils.java:logGet(43)) - raft.server.log.use.memory = false (default)
2019-09-26 12:47:56,203 [pool-47-thread-1] INFO  server.RaftServerConfigKeys (ConfUtils.java:logGet(43)) - raft.server.log.purge.gap = 1000000 (custom)
2019-09-26 12:47:56,203 [pool-47-thread-1] INFO  server.RaftServerConfigKeys (ConfUtils.java:logGet(43)) - raft.server.log.appender.buffer.byte-limit = 33554432 (custom)
2019-09-26 12:47:56,203 [pool-47-thread-1] INFO  server.RaftServerConfigKeys (ConfUtils.java:logGet(43)) - raft.server.log.segment.size.max = 1048576 (custom)
2019-09-26 12:47:56,203 [pool-47-thread-1] INFO  server.RaftServerConfigKeys (ConfUtils.java:logGet(43)) - raft.server.log.segment.cache.num.max = 2 (custom)
2019-09-26 12:47:56,203 [pool-47-thread-1] INFO  segmented.SegmentedRaftLogWorker (SegmentedRaftLogWorker.java:<init>(172)) - new 442f14b8-64b4-4212-b9b5-a1ac78df33e2@group-AFEBC9DC3DA5-SegmentedRaftLogWorker for RaftStorage:Storage Directory /workdir/hadoop-ozone/integration-test/target/test-dir/MiniOzoneClusterImpl-5cb8bac5-d0f0-4551-b9d0-b3e056facdc3/datanode-2/data/ratis/8763b964-9d3b-49aa-864c-afebc9dc3da5
2019-09-26 12:47:56,204 [pool-47-thread-1] INFO  server.RaftServerConfigKeys (ConfUtils.java:logGet(43)) - raft.server.log.queue.byte-limit = 2147483647 (custom)
2019-09-26 12:47:56,204 [pool-47-thread-1] INFO  server.RaftServerConfigKeys (ConfUtils.java:logGet(43)) - raft.server.log.queue.element-limit = 1024 (custom)
2019-09-26 12:47:56,204 [pool-47-thread-1] INFO  server.RaftServerConfigKeys (ConfUtils.java:logGet(43)) - raft.server.log.segment.size.max = 1048576 (custom)
2019-09-26 12:47:56,204 [pool-47-thread-1] INFO  server.RaftServerConfigKeys (ConfUtils.java:logGet(43)) - raft.server.log.preallocated.size = 16384 (custom)
2019-09-26 12:47:56,204 [pool-47-thread-1] INFO  server.RaftServerConfigKeys (ConfUtils.java:logGet(43)) - raft.server.log.write.buffer.size = 33554432 (custom)
2019-09-26 12:47:56,204 [pool-47-thread-1] INFO  server.RaftServerConfigKeys (ConfUtils.java:logGet(43)) - raft.server.log.force.sync.num = 128 (default)
2019-09-26 12:47:56,205 [pool-47-thread-1] INFO  server.RaftServerConfigKeys (ConfUtils.java:logGet(43)) - raft.server.log.statemachine.data.sync = true (default)
2019-09-26 12:47:56,205 [pool-47-thread-1] INFO  server.RaftServerConfigKeys (ConfUtils.java:logGet(43)) - raft.server.log.statemachine.data.sync.timeout = 10s (default)
2019-09-26 12:47:56,205 [pool-47-thread-1] INFO  server.RaftServerConfigKeys (ConfUtils.java:logGet(43)) - raft.server.log.statemachine.data.sync.timeout.retry = -1 (default)
2019-09-26 12:47:56,205 [pool-47-thread-1] INFO  server.RaftServerConfigKeys (ConfUtils.java:logGet(43)) - raft.server.log.statemachine.data.caching.enabled = true (custom)
2019-09-26 12:47:56,206 [pool-47-thread-1] INFO  segmented.SegmentedRaftLogWorker (SegmentedRaftLogWorker.java:lambda$new$0(132)) - 442f14b8-64b4-4212-b9b5-a1ac78df33e2@group-AFEBC9DC3DA5-SegmentedRaftLogWorker: flushIndex: setUnconditionally 0 -> -1
2019-09-26 12:47:56,206 [pool-47-thread-1] INFO  server.RaftServerConfigKeys (ConfUtils.java:logGet(43)) - raft.server.snapshot.auto.trigger.enabled = true (custom)
2019-09-26 12:47:56,206 [pool-47-thread-1] INFO  server.RaftServerConfigKeys (ConfUtils.java:logGet(43)) - raft.server.snapshot.auto.trigger.threshold = 10000 (custom)
2019-09-26 12:47:56,206 [pool-47-thread-1] INFO  server.RaftServerConfigKeys (ConfUtils.java:logGet(43)) - raft.server.snapshot.retention.num.files = 5 (custom)
2019-09-26 12:47:56,207 [pool-47-thread-1] INFO  server.RaftServerConfigKeys (ConfUtils.java:logGet(43)) - raft.server.retrycache.expirytime = 600000ms (custom)
2019-09-26 12:47:56,209 [pool-47-thread-1] INFO  impl.RaftServerImpl (RaftServerImpl.java:start(185)) - 442f14b8-64b4-4212-b9b5-a1ac78df33e2@group-AFEBC9DC3DA5: start as a follower, conf=-1: [442f14b8-64b4-4212-b9b5-a1ac78df33e2:192.168.164.238:36401], old=null
2019-09-26 12:47:56,209 [pool-47-thread-1] INFO  impl.RaftServerImpl (RaftServerImpl.java:setRole(174)) - 442f14b8-64b4-4212-b9b5-a1ac78df33e2@group-AFEBC9DC3DA5: changes role from      null to FOLLOWER at term 0 for startAsFollower
2019-09-26 12:47:56,209 [pool-47-thread-1] INFO  impl.RoleInfo (RoleInfo.java:updateAndGet(143)) - 442f14b8-64b4-4212-b9b5-a1ac78df33e2: start FollowerState
2019-09-26 12:47:56,210 [pool-47-thread-1] INFO  util.JmxRegister (JmxRegister.java:tryRegister(44)) - Successfully registered JMX Bean with object name Ratis:service=RaftServer,group=group-AFEBC9DC3DA5,id=442f14b8-64b4-4212-b9b5-a1ac78df33e2
2019-09-26 12:47:56,215 [RatisPipelineUtilsThread] INFO  pipeline.PipelineStateManager (PipelineStateManager.java:addPipeline(56)) - Created pipeline Pipeline[ Id: 8763b964-9d3b-49aa-864c-afebc9dc3da5, Nodes: 442f14b8-64b4-4212-b9b5-a1ac78df33e2{ip: 192.168.164.238, host: pr-hdds-1569-87zkn-1081879488, networkLocation: /default-rack, certSerialId: null}, Type:RATIS, Factor:ONE, State:OPEN]
2019-09-26 12:47:56,216 [RatisPipelineUtilsThread] INFO  pipeline.PipelinePlacementPolicy (PipelinePlacementPolicy.java:meetCriteria(91)) - Pipeline Placement: can't place more pipeline on heavy datanode： c217791a-6f2b-404e-8fdd-7bf246bea5f5 Heaviness: 6 limit: 5
2019-09-26 12:47:56,226 [grpc-default-executor-0] INFO  impl.RaftServerProxy (RaftServerProxy.java:addNew(89)) - 2f26360f-713d-4798-931d-49dc5cf4b129: addNew group-04F52F131D13:[2f26360f-713d-4798-931d-49dc5cf4b129:192.168.164.238:38857] returns group-04F52F131D13:java.util.concurrent.CompletableFuture@3ca71e05[Not completed]
2019-09-26 12:47:56,227 [pool-87-thread-1] INFO  impl.RaftServerImpl (RaftServerImpl.java:<init>(95)) - 2f26360f-713d-4798-931d-49dc5cf4b129: new RaftServerImpl for group-04F52F131D13:[2f26360f-713d-4798-931d-49dc5cf4b129:192.168.164.238:38857] with ContainerStateMachine:uninitialized
2019-09-26 12:47:56,227 [pool-87-thread-1] INFO  server.RaftServerConfigKeys (ConfUtils.java:logGet(43)) - raft.server.rpc.timeout.min = 5s (custom)
2019-09-26 12:47:56,228 [pool-87-thread-1] INFO  server.RaftServerConfigKeys (ConfUtils.java:logGet(43)) - raft.server.rpc.timeout.max = 5200ms (custom)
2019-09-26 12:47:56,228 [pool-87-thread-1] INFO  server.RaftServerConfigKeys (ConfUtils.java:logGet(43)) - raft.server.rpcslowness.timeout = 120s (custom)
2019-09-26 12:47:56,228 [pool-87-thread-1] INFO  server.RaftServerConfigKeys (ConfUtils.java:logGet(43)) - raft.server.sleep.deviation.threshold = 300 (default)
2019-09-26 12:47:56,228 [pool-87-thread-1] INFO  server.RaftServerConfigKeys (ConfUtils.java:logGet(43)) - raft.server.log.appender.install.snapshot.enabled = false (custom)
2019-09-26 12:47:56,228 [pool-87-thread-1] INFO  impl.RaftServerImpl (ServerState.java:<init>(103)) - 2f26360f-713d-4798-931d-49dc5cf4b129@group-04F52F131D13: ConfigurationManager, init=-1: [2f26360f-713d-4798-931d-49dc5cf4b129:192.168.164.238:38857], old=null, confs=<EMPTY_MAP>
2019-09-26 12:47:56,228 [pool-87-thread-1] INFO  server.RaftServerConfigKeys (ConfUtils.java:logGet(43)) - raft.server.storage.dir = [/workdir/hadoop-ozone/integration-test/target/test-dir/MiniOzoneClusterImpl-5cb8bac5-d0f0-4551-b9d0-b3e056facdc3/datanode-6/data/ratis] (custom)
2019-09-26 12:47:56,229 [pool-87-thread-1] INFO  storage.RaftStorageDirectory (RaftStorageDirectory.java:analyzeStorage(246)) - The storage directory /workdir/hadoop-ozone/integration-test/target/test-dir/MiniOzoneClusterImpl-5cb8bac5-d0f0-4551-b9d0-b3e056facdc3/datanode-6/data/ratis/445630f2-196e-483a-9e29-04f52f131d13 does not exist. Creating ...
2019-09-26 12:47:56,241 [pool-87-thread-1] INFO  storage.RaftStorageDirectory (RaftStorageDirectory.java:tryLock(328)) - Lock on /workdir/hadoop-ozone/integration-test/target/test-dir/MiniOzoneClusterImpl-5cb8bac5-d0f0-4551-b9d0-b3e056facdc3/datanode-6/data/ratis/445630f2-196e-483a-9e29-04f52f131d13/in_use.lock acquired by nodename 4507@pr-hdds-1569-87zkn-1081879488
2019-09-26 12:47:56,255 [pool-87-thread-1] INFO  storage.RaftStorage (RaftStorage.java:format(72)) - Storage directory /workdir/hadoop-ozone/integration-test/target/test-dir/MiniOzoneClusterImpl-5cb8bac5-d0f0-4551-b9d0-b3e056facdc3/datanode-6/data/ratis/445630f2-196e-483a-9e29-04f52f131d13 has been successfully formatted.
2019-09-26 12:47:56,256 [pool-87-thread-1] INFO  ratis.ContainerStateMachine (ContainerStateMachine.java:loadSnapshot(230)) - group-04F52F131D13: The snapshot info is null. Setting the last applied indexto:(t:0, i:~)
2019-09-26 12:47:56,256 [pool-87-thread-1] INFO  server.RaftServerConfigKeys (ConfUtils.java:logGet(43)) - raft.server.notification.no-leader.timeout = 120s (custom)
2019-09-26 12:47:56,256 [pool-87-thread-1] INFO  server.RaftServerConfigKeys (ConfUtils.java:logGet(43)) - raft.server.log.use.memory = false (default)
2019-09-26 12:47:56,256 [pool-87-thread-1] INFO  server.RaftServerConfigKeys (ConfUtils.java:logGet(43)) - raft.server.log.purge.gap = 1000000 (custom)
2019-09-26 12:47:56,256 [pool-87-thread-1] INFO  server.RaftServerConfigKeys (ConfUtils.java:logGet(43)) - raft.server.log.appender.buffer.byte-limit = 33554432 (custom)
2019-09-26 12:47:56,257 [pool-87-thread-1] INFO  server.RaftServerConfigKeys (ConfUtils.java:logGet(43)) - raft.server.log.segment.size.max = 1048576 (custom)
2019-09-26 12:47:56,257 [pool-87-thread-1] INFO  server.RaftServerConfigKeys (ConfUtils.java:logGet(43)) - raft.server.log.segment.cache.num.max = 2 (custom)
2019-09-26 12:47:56,257 [pool-87-thread-1] INFO  segmented.SegmentedRaftLogWorker (SegmentedRaftLogWorker.java:<init>(172)) - new 2f26360f-713d-4798-931d-49dc5cf4b129@group-04F52F131D13-SegmentedRaftLogWorker for RaftStorage:Storage Directory /workdir/hadoop-ozone/integration-test/target/test-dir/MiniOzoneClusterImpl-5cb8bac5-d0f0-4551-b9d0-b3e056facdc3/datanode-6/data/ratis/445630f2-196e-483a-9e29-04f52f131d13
2019-09-26 12:47:56,257 [pool-87-thread-1] INFO  server.RaftServerConfigKeys (ConfUtils.java:logGet(43)) - raft.server.log.queue.byte-limit = 2147483647 (custom)
2019-09-26 12:47:56,257 [pool-87-thread-1] INFO  server.RaftServerConfigKeys (ConfUtils.java:logGet(43)) - raft.server.log.queue.element-limit = 1024 (custom)
2019-09-26 12:47:56,257 [pool-87-thread-1] INFO  server.RaftServerConfigKeys (ConfUtils.java:logGet(43)) - raft.server.log.segment.size.max = 1048576 (custom)
2019-09-26 12:47:56,258 [pool-87-thread-1] INFO  server.RaftServerConfigKeys (ConfUtils.java:logGet(43)) - raft.server.log.preallocated.size = 16384 (custom)
2019-09-26 12:47:56,258 [pool-87-thread-1] INFO  server.RaftServerConfigKeys (ConfUtils.java:logGet(43)) - raft.server.log.write.buffer.size = 33554432 (custom)
2019-09-26 12:47:56,258 [pool-87-thread-1] INFO  server.RaftServerConfigKeys (ConfUtils.java:logGet(43)) - raft.server.log.force.sync.num = 128 (default)
2019-09-26 12:47:56,258 [pool-87-thread-1] INFO  server.RaftServerConfigKeys (ConfUtils.java:logGet(43)) - raft.server.log.statemachine.data.sync = true (default)
2019-09-26 12:47:56,258 [pool-87-thread-1] INFO  server.RaftServerConfigKeys (ConfUtils.java:logGet(43)) - raft.server.log.statemachine.data.sync.timeout = 10s (default)
2019-09-26 12:47:56,258 [pool-87-thread-1] INFO  server.RaftServerConfigKeys (ConfUtils.java:logGet(43)) - raft.server.log.statemachine.data.sync.timeout.retry = -1 (default)
2019-09-26 12:47:56,259 [pool-87-thread-1] INFO  server.RaftServerConfigKeys (ConfUtils.java:logGet(43)) - raft.server.log.statemachine.data.caching.enabled = true (custom)
2019-09-26 12:47:56,259 [pool-87-thread-1] INFO  segmented.SegmentedRaftLogWorker (SegmentedRaftLogWorker.java:lambda$new$0(132)) - 2f26360f-713d-4798-931d-49dc5cf4b129@group-04F52F131D13-SegmentedRaftLogWorker: flushIndex: setUnconditionally 0 -> -1
2019-09-26 12:47:56,259 [pool-87-thread-1] INFO  server.RaftServerConfigKeys (ConfUtils.java:logGet(43)) - raft.server.snapshot.auto.trigger.enabled = true (custom)
2019-09-26 12:47:56,260 [pool-87-thread-1] INFO  server.RaftServerConfigKeys (ConfUtils.java:logGet(43)) - raft.server.snapshot.auto.trigger.threshold = 10000 (custom)
2019-09-26 12:47:56,260 [pool-87-thread-1] INFO  server.RaftServerConfigKeys (ConfUtils.java:logGet(43)) - raft.server.snapshot.retention.num.files = 5 (custom)
2019-09-26 12:47:56,260 [pool-87-thread-1] INFO  server.RaftServerConfigKeys (ConfUtils.java:logGet(43)) - raft.server.retrycache.expirytime = 600000ms (custom)
2019-09-26 12:47:56,262 [pool-87-thread-1] INFO  impl.RaftServerImpl (RaftServerImpl.java:start(185)) - 2f26360f-713d-4798-931d-49dc5cf4b129@group-04F52F131D13: start as a follower, conf=-1: [2f26360f-713d-4798-931d-49dc5cf4b129:192.168.164.238:38857], old=null
2019-09-26 12:47:56,263 [pool-87-thread-1] INFO  impl.RaftServerImpl (RaftServerImpl.java:setRole(174)) - 2f26360f-713d-4798-931d-49dc5cf4b129@group-04F52F131D13: changes role from      null to FOLLOWER at term 0 for startAsFollower
2019-09-26 12:47:56,263 [pool-87-thread-1] INFO  impl.RoleInfo (RoleInfo.java:updateAndGet(143)) - 2f26360f-713d-4798-931d-49dc5cf4b129: start FollowerState
2019-09-26 12:47:56,263 [pool-87-thread-1] INFO  util.JmxRegister (JmxRegister.java:tryRegister(44)) - Successfully registered JMX Bean with object name Ratis:service=RaftServer,group=group-04F52F131D13,id=2f26360f-713d-4798-931d-49dc5cf4b129
2019-09-26 12:47:56,269 [RatisPipelineUtilsThread] INFO  pipeline.PipelineStateManager (PipelineStateManager.java:addPipeline(56)) - Created pipeline Pipeline[ Id: 445630f2-196e-483a-9e29-04f52f131d13, Nodes: 2f26360f-713d-4798-931d-49dc5cf4b129{ip: 192.168.164.238, host: pr-hdds-1569-87zkn-1081879488, networkLocation: /default-rack, certSerialId: null}, Type:RATIS, Factor:ONE, State:OPEN]
2019-09-26 12:47:56,270 [RatisPipelineUtilsThread] INFO  pipeline.PipelinePlacementPolicy (PipelinePlacementPolicy.java:meetCriteria(91)) - Pipeline Placement: can't place more pipeline on heavy datanode： c217791a-6f2b-404e-8fdd-7bf246bea5f5 Heaviness: 6 limit: 5
2019-09-26 12:47:56,282 [grpc-default-executor-0] INFO  impl.RaftServerProxy (RaftServerProxy.java:addNew(89)) - 7f14b49f-15fb-4df6-892c-52360d3121e9: addNew group-C25F6F456FE9:[7f14b49f-15fb-4df6-892c-52360d3121e9:192.168.164.238:38709] returns group-C25F6F456FE9:java.util.concurrent.CompletableFuture@2df30c5e[Not completed]
2019-09-26 12:47:56,283 [pool-37-thread-1] INFO  impl.RaftServerImpl (RaftServerImpl.java:<init>(95)) - 7f14b49f-15fb-4df6-892c-52360d3121e9: new RaftServerImpl for group-C25F6F456FE9:[7f14b49f-15fb-4df6-892c-52360d3121e9:192.168.164.238:38709] with ContainerStateMachine:uninitialized
2019-09-26 12:47:56,284 [pool-37-thread-1] INFO  server.RaftServerConfigKeys (ConfUtils.java:logGet(43)) - raft.server.rpc.timeout.min = 5s (custom)
2019-09-26 12:47:56,284 [pool-37-thread-1] INFO  server.RaftServerConfigKeys (ConfUtils.java:logGet(43)) - raft.server.rpc.timeout.max = 5200ms (custom)
2019-09-26 12:47:56,284 [pool-37-thread-1] INFO  server.RaftServerConfigKeys (ConfUtils.java:logGet(43)) - raft.server.rpcslowness.timeout = 120s (custom)
2019-09-26 12:47:56,284 [pool-37-thread-1] INFO  server.RaftServerConfigKeys (ConfUtils.java:logGet(43)) - raft.server.sleep.deviation.threshold = 300 (default)
2019-09-26 12:47:56,284 [pool-37-thread-1] INFO  server.RaftServerConfigKeys (ConfUtils.java:logGet(43)) - raft.server.log.appender.install.snapshot.enabled = false (custom)
2019-09-26 12:47:56,284 [pool-37-thread-1] INFO  impl.RaftServerImpl (ServerState.java:<init>(103)) - 7f14b49f-15fb-4df6-892c-52360d3121e9@group-C25F6F456FE9: ConfigurationManager, init=-1: [7f14b49f-15fb-4df6-892c-52360d3121e9:192.168.164.238:38709], old=null, confs=<EMPTY_MAP>
2019-09-26 12:47:56,285 [pool-37-thread-1] INFO  server.RaftServerConfigKeys (ConfUtils.java:logGet(43)) - raft.server.storage.dir = [/workdir/hadoop-ozone/integration-test/target/test-dir/MiniOzoneClusterImpl-5cb8bac5-d0f0-4551-b9d0-b3e056facdc3/datanode-1/data/ratis] (custom)
2019-09-26 12:47:56,285 [pool-37-thread-1] INFO  storage.RaftStorageDirectory (RaftStorageDirectory.java:analyzeStorage(246)) - The storage directory /workdir/hadoop-ozone/integration-test/target/test-dir/MiniOzoneClusterImpl-5cb8bac5-d0f0-4551-b9d0-b3e056facdc3/datanode-1/data/ratis/42f89be2-3c84-4570-ba6f-c25f6f456fe9 does not exist. Creating ...
2019-09-26 12:47:56,306 [pool-37-thread-1] INFO  storage.RaftStorageDirectory (RaftStorageDirectory.java:tryLock(328)) - Lock on /workdir/hadoop-ozone/integration-test/target/test-dir/MiniOzoneClusterImpl-5cb8bac5-d0f0-4551-b9d0-b3e056facdc3/datanode-1/data/ratis/42f89be2-3c84-4570-ba6f-c25f6f456fe9/in_use.lock acquired by nodename 4507@pr-hdds-1569-87zkn-1081879488
2019-09-26 12:47:56,318 [pool-37-thread-1] INFO  storage.RaftStorage (RaftStorage.java:format(72)) - Storage directory /workdir/hadoop-ozone/integration-test/target/test-dir/MiniOzoneClusterImpl-5cb8bac5-d0f0-4551-b9d0-b3e056facdc3/datanode-1/data/ratis/42f89be2-3c84-4570-ba6f-c25f6f456fe9 has been successfully formatted.
2019-09-26 12:47:56,319 [pool-37-thread-1] INFO  ratis.ContainerStateMachine (ContainerStateMachine.java:loadSnapshot(230)) - group-C25F6F456FE9: The snapshot info is null. Setting the last applied indexto:(t:0, i:~)
2019-09-26 12:47:56,319 [pool-37-thread-1] INFO  server.RaftServerConfigKeys (ConfUtils.java:logGet(43)) - raft.server.notification.no-leader.timeout = 120s (custom)
2019-09-26 12:47:56,319 [pool-37-thread-1] INFO  server.RaftServerConfigKeys (ConfUtils.java:logGet(43)) - raft.server.log.use.memory = false (default)
2019-09-26 12:47:56,319 [pool-37-thread-1] INFO  server.RaftServerConfigKeys (ConfUtils.java:logGet(43)) - raft.server.log.purge.gap = 1000000 (custom)
2019-09-26 12:47:56,320 [pool-37-thread-1] INFO  server.RaftServerConfigKeys (ConfUtils.java:logGet(43)) - raft.server.log.appender.buffer.byte-limit = 33554432 (custom)
2019-09-26 12:47:56,320 [pool-37-thread-1] INFO  server.RaftServerConfigKeys (ConfUtils.java:logGet(43)) - raft.server.log.segment.size.max = 1048576 (custom)
2019-09-26 12:47:56,320 [pool-37-thread-1] INFO  server.RaftServerConfigKeys (ConfUtils.java:logGet(43)) - raft.server.log.segment.cache.num.max = 2 (custom)
2019-09-26 12:47:56,320 [pool-37-thread-1] INFO  segmented.SegmentedRaftLogWorker (SegmentedRaftLogWorker.java:<init>(172)) - new 7f14b49f-15fb-4df6-892c-52360d3121e9@group-C25F6F456FE9-SegmentedRaftLogWorker for RaftStorage:Storage Directory /workdir/hadoop-ozone/integration-test/target/test-dir/MiniOzoneClusterImpl-5cb8bac5-d0f0-4551-b9d0-b3e056facdc3/datanode-1/data/ratis/42f89be2-3c84-4570-ba6f-c25f6f456fe9
2019-09-26 12:47:56,320 [pool-37-thread-1] INFO  server.RaftServerConfigKeys (ConfUtils.java:logGet(43)) - raft.server.log.queue.byte-limit = 2147483647 (custom)
2019-09-26 12:47:56,320 [pool-37-thread-1] INFO  server.RaftServerConfigKeys (ConfUtils.java:logGet(43)) - raft.server.log.queue.element-limit = 1024 (custom)
2019-09-26 12:47:56,320 [pool-37-thread-1] INFO  server.RaftServerConfigKeys (ConfUtils.java:logGet(43)) - raft.server.log.segment.size.max = 1048576 (custom)
2019-09-26 12:47:56,321 [pool-37-thread-1] INFO  server.RaftServerConfigKeys (ConfUtils.java:logGet(43)) - raft.server.log.preallocated.size = 16384 (custom)
2019-09-26 12:47:56,321 [pool-37-thread-1] INFO  server.RaftServerConfigKeys (ConfUtils.java:logGet(43)) - raft.server.log.write.buffer.size = 33554432 (custom)
2019-09-26 12:47:56,321 [pool-37-thread-1] INFO  server.RaftServerConfigKeys (ConfUtils.java:logGet(43)) - raft.server.log.force.sync.num = 128 (default)
2019-09-26 12:47:56,321 [pool-37-thread-1] INFO  server.RaftServerConfigKeys (ConfUtils.java:logGet(43)) - raft.server.log.statemachine.data.sync = true (default)
2019-09-26 12:47:56,321 [pool-37-thread-1] INFO  server.RaftServerConfigKeys (ConfUtils.java:logGet(43)) - raft.server.log.statemachine.data.sync.timeout = 10s (default)
2019-09-26 12:47:56,321 [pool-37-thread-1] INFO  server.RaftServerConfigKeys (ConfUtils.java:logGet(43)) - raft.server.log.statemachine.data.sync.timeout.retry = -1 (default)
2019-09-26 12:47:56,322 [pool-37-thread-1] INFO  server.RaftServerConfigKeys (ConfUtils.java:logGet(43)) - raft.server.log.statemachine.data.caching.enabled = true (custom)
2019-09-26 12:47:56,322 [pool-37-thread-1] INFO  segmented.SegmentedRaftLogWorker (SegmentedRaftLogWorker.java:lambda$new$0(132)) - 7f14b49f-15fb-4df6-892c-52360d3121e9@group-C25F6F456FE9-SegmentedRaftLogWorker: flushIndex: setUnconditionally 0 -> -1
2019-09-26 12:47:56,322 [pool-37-thread-1] INFO  server.RaftServerConfigKeys (ConfUtils.java:logGet(43)) - raft.server.snapshot.auto.trigger.enabled = true (custom)
2019-09-26 12:47:56,322 [pool-37-thread-1] INFO  server.RaftServerConfigKeys (ConfUtils.java:logGet(43)) - raft.server.snapshot.auto.trigger.threshold = 10000 (custom)
2019-09-26 12:47:56,323 [pool-37-thread-1] INFO  server.RaftServerConfigKeys (ConfUtils.java:logGet(43)) - raft.server.snapshot.retention.num.files = 5 (custom)
2019-09-26 12:47:56,323 [pool-37-thread-1] INFO  server.RaftServerConfigKeys (ConfUtils.java:logGet(43)) - raft.server.retrycache.expirytime = 600000ms (custom)
2019-09-26 12:47:56,325 [pool-37-thread-1] INFO  impl.RaftServerImpl (RaftServerImpl.java:start(185)) - 7f14b49f-15fb-4df6-892c-52360d3121e9@group-C25F6F456FE9: start as a follower, conf=-1: [7f14b49f-15fb-4df6-892c-52360d3121e9:192.168.164.238:38709], old=null
2019-09-26 12:47:56,325 [pool-37-thread-1] INFO  impl.RaftServerImpl (RaftServerImpl.java:setRole(174)) - 7f14b49f-15fb-4df6-892c-52360d3121e9@group-C25F6F456FE9: changes role from      null to FOLLOWER at term 0 for startAsFollower
2019-09-26 12:47:56,326 [pool-37-thread-1] INFO  impl.RoleInfo (RoleInfo.java:updateAndGet(143)) - 7f14b49f-15fb-4df6-892c-52360d3121e9: start FollowerState
2019-09-26 12:47:56,326 [pool-37-thread-1] INFO  util.JmxRegister (JmxRegister.java:tryRegister(44)) - Successfully registered JMX Bean with object name Ratis:service=RaftServer,group=group-C25F6F456FE9,id=7f14b49f-15fb-4df6-892c-52360d3121e9
2019-09-26 12:47:56,332 [RatisPipelineUtilsThread] INFO  pipeline.PipelineStateManager (PipelineStateManager.java:addPipeline(56)) - Created pipeline Pipeline[ Id: 42f89be2-3c84-4570-ba6f-c25f6f456fe9, Nodes: 7f14b49f-15fb-4df6-892c-52360d3121e9{ip: 192.168.164.238, host: pr-hdds-1569-87zkn-1081879488, networkLocation: /default-rack, certSerialId: null}, Type:RATIS, Factor:ONE, State:OPEN]
2019-09-26 12:47:56,332 [RatisPipelineUtilsThread] INFO  pipeline.PipelinePlacementPolicy (PipelinePlacementPolicy.java:meetCriteria(91)) - Pipeline Placement: can't place more pipeline on heavy datanode： c217791a-6f2b-404e-8fdd-7bf246bea5f5 Heaviness: 6 limit: 5
2019-09-26 12:47:56,345 [grpc-default-executor-0] INFO  impl.RaftServerProxy (RaftServerProxy.java:addNew(89)) - 7f14b49f-15fb-4df6-892c-52360d3121e9: addNew group-2E549DD8C7A9:[7f14b49f-15fb-4df6-892c-52360d3121e9:192.168.164.238:38709] returns group-2E549DD8C7A9:java.util.concurrent.CompletableFuture@435f3d03[Not completed]
2019-09-26 12:47:56,346 [pool-37-thread-1] INFO  impl.RaftServerImpl (RaftServerImpl.java:<init>(95)) - 7f14b49f-15fb-4df6-892c-52360d3121e9: new RaftServerImpl for group-2E549DD8C7A9:[7f14b49f-15fb-4df6-892c-52360d3121e9:192.168.164.238:38709] with ContainerStateMachine:uninitialized
2019-09-26 12:47:56,346 [pool-37-thread-1] INFO  server.RaftServerConfigKeys (ConfUtils.java:logGet(43)) - raft.server.rpc.timeout.min = 5s (custom)
2019-09-26 12:47:56,346 [pool-37-thread-1] INFO  server.RaftServerConfigKeys (ConfUtils.java:logGet(43)) - raft.server.rpc.timeout.max = 5200ms (custom)
2019-09-26 12:47:56,346 [pool-37-thread-1] INFO  server.RaftServerConfigKeys (ConfUtils.java:logGet(43)) - raft.server.rpcslowness.timeout = 120s (custom)
2019-09-26 12:47:56,347 [pool-37-thread-1] INFO  server.RaftServerConfigKeys (ConfUtils.java:logGet(43)) - raft.server.sleep.deviation.threshold = 300 (default)
2019-09-26 12:47:56,347 [pool-37-thread-1] INFO  server.RaftServerConfigKeys (ConfUtils.java:logGet(43)) - raft.server.log.appender.install.snapshot.enabled = false (custom)
2019-09-26 12:47:56,347 [pool-37-thread-1] INFO  impl.RaftServerImpl (ServerState.java:<init>(103)) - 7f14b49f-15fb-4df6-892c-52360d3121e9@group-2E549DD8C7A9: ConfigurationManager, init=-1: [7f14b49f-15fb-4df6-892c-52360d3121e9:192.168.164.238:38709], old=null, confs=<EMPTY_MAP>
2019-09-26 12:47:56,347 [pool-37-thread-1] INFO  server.RaftServerConfigKeys (ConfUtils.java:logGet(43)) - raft.server.storage.dir = [/workdir/hadoop-ozone/integration-test/target/test-dir/MiniOzoneClusterImpl-5cb8bac5-d0f0-4551-b9d0-b3e056facdc3/datanode-1/data/ratis] (custom)
2019-09-26 12:47:56,347 [pool-37-thread-1] INFO  storage.RaftStorageDirectory (RaftStorageDirectory.java:analyzeStorage(246)) - The storage directory /workdir/hadoop-ozone/integration-test/target/test-dir/MiniOzoneClusterImpl-5cb8bac5-d0f0-4551-b9d0-b3e056facdc3/datanode-1/data/ratis/bf272293-a935-48ea-8b41-2e549dd8c7a9 does not exist. Creating ...
2019-09-26 12:47:56,361 [pool-37-thread-1] INFO  storage.RaftStorageDirectory (RaftStorageDirectory.java:tryLock(328)) - Lock on /workdir/hadoop-ozone/integration-test/target/test-dir/MiniOzoneClusterImpl-5cb8bac5-d0f0-4551-b9d0-b3e056facdc3/datanode-1/data/ratis/bf272293-a935-48ea-8b41-2e549dd8c7a9/in_use.lock acquired by nodename 4507@pr-hdds-1569-87zkn-1081879488
2019-09-26 12:47:56,374 [pool-37-thread-1] INFO  storage.RaftStorage (RaftStorage.java:format(72)) - Storage directory /workdir/hadoop-ozone/integration-test/target/test-dir/MiniOzoneClusterImpl-5cb8bac5-d0f0-4551-b9d0-b3e056facdc3/datanode-1/data/ratis/bf272293-a935-48ea-8b41-2e549dd8c7a9 has been successfully formatted.
2019-09-26 12:47:56,374 [pool-37-thread-1] INFO  ratis.ContainerStateMachine (ContainerStateMachine.java:loadSnapshot(230)) - group-2E549DD8C7A9: The snapshot info is null. Setting the last applied indexto:(t:0, i:~)
2019-09-26 12:47:56,374 [pool-37-thread-1] INFO  server.RaftServerConfigKeys (ConfUtils.java:logGet(43)) - raft.server.notification.no-leader.timeout = 120s (custom)
2019-09-26 12:47:56,375 [pool-37-thread-1] INFO  server.RaftServerConfigKeys (ConfUtils.java:logGet(43)) - raft.server.log.use.memory = false (default)
2019-09-26 12:47:56,375 [pool-37-thread-1] INFO  server.RaftServerConfigKeys (ConfUtils.java:logGet(43)) - raft.server.log.purge.gap = 1000000 (custom)
2019-09-26 12:47:56,375 [pool-37-thread-1] INFO  server.RaftServerConfigKeys (ConfUtils.java:logGet(43)) - raft.server.log.appender.buffer.byte-limit = 33554432 (custom)
2019-09-26 12:47:56,375 [pool-37-thread-1] INFO  server.RaftServerConfigKeys (ConfUtils.java:logGet(43)) - raft.server.log.segment.size.max = 1048576 (custom)
2019-09-26 12:47:56,375 [pool-37-thread-1] INFO  server.RaftServerConfigKeys (ConfUtils.java:logGet(43)) - raft.server.log.segment.cache.num.max = 2 (custom)
2019-09-26 12:47:56,375 [pool-37-thread-1] INFO  segmented.SegmentedRaftLogWorker (SegmentedRaftLogWorker.java:<init>(172)) - new 7f14b49f-15fb-4df6-892c-52360d3121e9@group-2E549DD8C7A9-SegmentedRaftLogWorker for RaftStorage:Storage Directory /workdir/hadoop-ozone/integration-test/target/test-dir/MiniOzoneClusterImpl-5cb8bac5-d0f0-4551-b9d0-b3e056facdc3/datanode-1/data/ratis/bf272293-a935-48ea-8b41-2e549dd8c7a9
2019-09-26 12:47:56,376 [pool-37-thread-1] INFO  server.RaftServerConfigKeys (ConfUtils.java:logGet(43)) - raft.server.log.queue.byte-limit = 2147483647 (custom)
2019-09-26 12:47:56,376 [pool-37-thread-1] INFO  server.RaftServerConfigKeys (ConfUtils.java:logGet(43)) - raft.server.log.queue.element-limit = 1024 (custom)
2019-09-26 12:47:56,376 [pool-37-thread-1] INFO  server.RaftServerConfigKeys (ConfUtils.java:logGet(43)) - raft.server.log.segment.size.max = 1048576 (custom)
2019-09-26 12:47:56,376 [pool-37-thread-1] INFO  server.RaftServerConfigKeys (ConfUtils.java:logGet(43)) - raft.server.log.preallocated.size = 16384 (custom)
2019-09-26 12:47:56,376 [pool-37-thread-1] INFO  server.RaftServerConfigKeys (ConfUtils.java:logGet(43)) - raft.server.log.write.buffer.size = 33554432 (custom)
2019-09-26 12:47:56,376 [pool-37-thread-1] INFO  server.RaftServerConfigKeys (ConfUtils.java:logGet(43)) - raft.server.log.force.sync.num = 128 (default)
2019-09-26 12:47:56,377 [pool-37-thread-1] INFO  server.RaftServerConfigKeys (ConfUtils.java:logGet(43)) - raft.server.log.statemachine.data.sync = true (default)
2019-09-26 12:47:56,377 [pool-37-thread-1] INFO  server.RaftServerConfigKeys (ConfUtils.java:logGet(43)) - raft.server.log.statemachine.data.sync.timeout = 10s (default)
2019-09-26 12:47:56,377 [pool-37-thread-1] INFO  server.RaftServerConfigKeys (ConfUtils.java:logGet(43)) - raft.server.log.statemachine.data.sync.timeout.retry = -1 (default)
2019-09-26 12:47:56,377 [pool-37-thread-1] INFO  server.RaftServerConfigKeys (ConfUtils.java:logGet(43)) - raft.server.log.statemachine.data.caching.enabled = true (custom)
2019-09-26 12:47:56,377 [pool-37-thread-1] INFO  segmented.SegmentedRaftLogWorker (SegmentedRaftLogWorker.java:lambda$new$0(132)) - 7f14b49f-15fb-4df6-892c-52360d3121e9@group-2E549DD8C7A9-SegmentedRaftLogWorker: flushIndex: setUnconditionally 0 -> -1
2019-09-26 12:47:56,378 [pool-37-thread-1] INFO  server.RaftServerConfigKeys (ConfUtils.java:logGet(43)) - raft.server.snapshot.auto.trigger.enabled = true (custom)
2019-09-26 12:47:56,378 [pool-37-thread-1] INFO  server.RaftServerConfigKeys (ConfUtils.java:logGet(43)) - raft.server.snapshot.auto.trigger.threshold = 10000 (custom)
2019-09-26 12:47:56,378 [pool-37-thread-1] INFO  server.RaftServerConfigKeys (ConfUtils.java:logGet(43)) - raft.server.snapshot.retention.num.files = 5 (custom)
2019-09-26 12:47:56,378 [pool-37-thread-1] INFO  server.RaftServerConfigKeys (ConfUtils.java:logGet(43)) - raft.server.retrycache.expirytime = 600000ms (custom)
2019-09-26 12:47:56,384 [pool-37-thread-1] INFO  impl.RaftServerImpl (RaftServerImpl.java:start(185)) - 7f14b49f-15fb-4df6-892c-52360d3121e9@group-2E549DD8C7A9: start as a follower, conf=-1: [7f14b49f-15fb-4df6-892c-52360d3121e9:192.168.164.238:38709], old=null
2019-09-26 12:47:56,385 [pool-37-thread-1] INFO  impl.RaftServerImpl (RaftServerImpl.java:setRole(174)) - 7f14b49f-15fb-4df6-892c-52360d3121e9@group-2E549DD8C7A9: changes role from      null to FOLLOWER at term 0 for startAsFollower
2019-09-26 12:47:56,385 [pool-37-thread-1] INFO  impl.RoleInfo (RoleInfo.java:updateAndGet(143)) - 7f14b49f-15fb-4df6-892c-52360d3121e9: start FollowerState
2019-09-26 12:47:56,385 [pool-37-thread-1] INFO  util.JmxRegister (JmxRegister.java:tryRegister(44)) - Successfully registered JMX Bean with object name Ratis:service=RaftServer,group=group-2E549DD8C7A9,id=7f14b49f-15fb-4df6-892c-52360d3121e9
2019-09-26 12:47:56,392 [RatisPipelineUtilsThread] INFO  pipeline.PipelineStateManager (PipelineStateManager.java:addPipeline(56)) - Created pipeline Pipeline[ Id: bf272293-a935-48ea-8b41-2e549dd8c7a9, Nodes: 7f14b49f-15fb-4df6-892c-52360d3121e9{ip: 192.168.164.238, host: pr-hdds-1569-87zkn-1081879488, networkLocation: /default-rack, certSerialId: null}, Type:RATIS, Factor:ONE, State:OPEN]
2019-09-26 12:47:56,392 [RatisPipelineUtilsThread] INFO  pipeline.PipelinePlacementPolicy (PipelinePlacementPolicy.java:meetCriteria(91)) - Pipeline Placement: can't place more pipeline on heavy datanode： 7f14b49f-15fb-4df6-892c-52360d3121e9 Heaviness: 6 limit: 5
2019-09-26 12:47:56,393 [RatisPipelineUtilsThread] INFO  pipeline.PipelinePlacementPolicy (PipelinePlacementPolicy.java:meetCriteria(91)) - Pipeline Placement: can't place more pipeline on heavy datanode： c217791a-6f2b-404e-8fdd-7bf246bea5f5 Heaviness: 6 limit: 5
2019-09-26 12:47:56,406 [grpc-default-executor-0] INFO  impl.RaftServerProxy (RaftServerProxy.java:addNew(89)) - ee405521-39f0-4e35-96b7-0f3eb4cba198: addNew group-E39E9201C372:[ee405521-39f0-4e35-96b7-0f3eb4cba198:192.168.164.238:41045] returns group-E39E9201C372:java.util.concurrent.CompletableFuture@6e59f046[Not completed]
2019-09-26 12:47:56,407 [pool-97-thread-1] INFO  impl.RaftServerImpl (RaftServerImpl.java:<init>(95)) - ee405521-39f0-4e35-96b7-0f3eb4cba198: new RaftServerImpl for group-E39E9201C372:[ee405521-39f0-4e35-96b7-0f3eb4cba198:192.168.164.238:41045] with ContainerStateMachine:uninitialized
2019-09-26 12:47:56,408 [pool-97-thread-1] INFO  server.RaftServerConfigKeys (ConfUtils.java:logGet(43)) - raft.server.rpc.timeout.min = 5s (custom)
2019-09-26 12:47:56,408 [pool-97-thread-1] INFO  server.RaftServerConfigKeys (ConfUtils.java:logGet(43)) - raft.server.rpc.timeout.max = 5200ms (custom)
2019-09-26 12:47:56,408 [pool-97-thread-1] INFO  server.RaftServerConfigKeys (ConfUtils.java:logGet(43)) - raft.server.rpcslowness.timeout = 120s (custom)
2019-09-26 12:47:56,408 [pool-97-thread-1] INFO  server.RaftServerConfigKeys (ConfUtils.java:logGet(43)) - raft.server.sleep.deviation.threshold = 300 (default)
2019-09-26 12:47:56,408 [pool-97-thread-1] INFO  server.RaftServerConfigKeys (ConfUtils.java:logGet(43)) - raft.server.log.appender.install.snapshot.enabled = false (custom)
2019-09-26 12:47:56,408 [pool-97-thread-1] INFO  impl.RaftServerImpl (ServerState.java:<init>(103)) - ee405521-39f0-4e35-96b7-0f3eb4cba198@group-E39E9201C372: ConfigurationManager, init=-1: [ee405521-39f0-4e35-96b7-0f3eb4cba198:192.168.164.238:41045], old=null, confs=<EMPTY_MAP>
2019-09-26 12:47:56,409 [pool-97-thread-1] INFO  server.RaftServerConfigKeys (ConfUtils.java:logGet(43)) - raft.server.storage.dir = [/workdir/hadoop-ozone/integration-test/target/test-dir/MiniOzoneClusterImpl-5cb8bac5-d0f0-4551-b9d0-b3e056facdc3/datanode-7/data/ratis] (custom)
2019-09-26 12:47:56,409 [pool-97-thread-1] INFO  storage.RaftStorageDirectory (RaftStorageDirectory.java:analyzeStorage(246)) - The storage directory /workdir/hadoop-ozone/integration-test/target/test-dir/MiniOzoneClusterImpl-5cb8bac5-d0f0-4551-b9d0-b3e056facdc3/datanode-7/data/ratis/4bda0b07-3af8-4481-9fcf-e39e9201c372 does not exist. Creating ...
2019-09-26 12:47:56,422 [pool-97-thread-1] INFO  storage.RaftStorageDirectory (RaftStorageDirectory.java:tryLock(328)) - Lock on /workdir/hadoop-ozone/integration-test/target/test-dir/MiniOzoneClusterImpl-5cb8bac5-d0f0-4551-b9d0-b3e056facdc3/datanode-7/data/ratis/4bda0b07-3af8-4481-9fcf-e39e9201c372/in_use.lock acquired by nodename 4507@pr-hdds-1569-87zkn-1081879488
2019-09-26 12:47:56,460 [pool-97-thread-1] INFO  storage.RaftStorage (RaftStorage.java:format(72)) - Storage directory /workdir/hadoop-ozone/integration-test/target/test-dir/MiniOzoneClusterImpl-5cb8bac5-d0f0-4551-b9d0-b3e056facdc3/datanode-7/data/ratis/4bda0b07-3af8-4481-9fcf-e39e9201c372 has been successfully formatted.
2019-09-26 12:47:56,460 [pool-97-thread-1] INFO  ratis.ContainerStateMachine (ContainerStateMachine.java:loadSnapshot(230)) - group-E39E9201C372: The snapshot info is null. Setting the last applied indexto:(t:0, i:~)
2019-09-26 12:47:56,460 [pool-97-thread-1] INFO  server.RaftServerConfigKeys (ConfUtils.java:logGet(43)) - raft.server.notification.no-leader.timeout = 120s (custom)
2019-09-26 12:47:56,461 [pool-97-thread-1] INFO  server.RaftServerConfigKeys (ConfUtils.java:logGet(43)) - raft.server.log.use.memory = false (default)
2019-09-26 12:47:56,461 [pool-97-thread-1] INFO  server.RaftServerConfigKeys (ConfUtils.java:logGet(43)) - raft.server.log.purge.gap = 1000000 (custom)
2019-09-26 12:47:56,461 [pool-97-thread-1] INFO  server.RaftServerConfigKeys (ConfUtils.java:logGet(43)) - raft.server.log.appender.buffer.byte-limit = 33554432 (custom)
2019-09-26 12:47:56,461 [pool-97-thread-1] INFO  server.RaftServerConfigKeys (ConfUtils.java:logGet(43)) - raft.server.log.segment.size.max = 1048576 (custom)
2019-09-26 12:47:56,461 [pool-97-thread-1] INFO  server.RaftServerConfigKeys (ConfUtils.java:logGet(43)) - raft.server.log.segment.cache.num.max = 2 (custom)
2019-09-26 12:47:56,462 [pool-97-thread-1] INFO  segmented.SegmentedRaftLogWorker (SegmentedRaftLogWorker.java:<init>(172)) - new ee405521-39f0-4e35-96b7-0f3eb4cba198@group-E39E9201C372-SegmentedRaftLogWorker for RaftStorage:Storage Directory /workdir/hadoop-ozone/integration-test/target/test-dir/MiniOzoneClusterImpl-5cb8bac5-d0f0-4551-b9d0-b3e056facdc3/datanode-7/data/ratis/4bda0b07-3af8-4481-9fcf-e39e9201c372
2019-09-26 12:47:56,462 [pool-97-thread-1] INFO  server.RaftServerConfigKeys (ConfUtils.java:logGet(43)) - raft.server.log.queue.byte-limit = 2147483647 (custom)
2019-09-26 12:47:56,462 [pool-97-thread-1] INFO  server.RaftServerConfigKeys (ConfUtils.java:logGet(43)) - raft.server.log.queue.element-limit = 1024 (custom)
2019-09-26 12:47:56,462 [pool-97-thread-1] INFO  server.RaftServerConfigKeys (ConfUtils.java:logGet(43)) - raft.server.log.segment.size.max = 1048576 (custom)
2019-09-26 12:47:56,462 [pool-97-thread-1] INFO  server.RaftServerConfigKeys (ConfUtils.java:logGet(43)) - raft.server.log.preallocated.size = 16384 (custom)
2019-09-26 12:47:56,462 [pool-97-thread-1] INFO  server.RaftServerConfigKeys (ConfUtils.java:logGet(43)) - raft.server.log.write.buffer.size = 33554432 (custom)
2019-09-26 12:47:56,463 [pool-97-thread-1] INFO  server.RaftServerConfigKeys (ConfUtils.java:logGet(43)) - raft.server.log.force.sync.num = 128 (default)
2019-09-26 12:47:56,463 [pool-97-thread-1] INFO  server.RaftServerConfigKeys (ConfUtils.java:logGet(43)) - raft.server.log.statemachine.data.sync = true (default)
2019-09-26 12:47:56,463 [pool-97-thread-1] INFO  server.RaftServerConfigKeys (ConfUtils.java:logGet(43)) - raft.server.log.statemachine.data.sync.timeout = 10s (default)
2019-09-26 12:47:56,463 [pool-97-thread-1] INFO  server.RaftServerConfigKeys (ConfUtils.java:logGet(43)) - raft.server.log.statemachine.data.sync.timeout.retry = -1 (default)
2019-09-26 12:47:56,463 [pool-97-thread-1] INFO  server.RaftServerConfigKeys (ConfUtils.java:logGet(43)) - raft.server.log.statemachine.data.caching.enabled = true (custom)
2019-09-26 12:47:56,464 [pool-97-thread-1] INFO  segmented.SegmentedRaftLogWorker (SegmentedRaftLogWorker.java:lambda$new$0(132)) - ee405521-39f0-4e35-96b7-0f3eb4cba198@group-E39E9201C372-SegmentedRaftLogWorker: flushIndex: setUnconditionally 0 -> -1
2019-09-26 12:47:56,464 [pool-97-thread-1] INFO  server.RaftServerConfigKeys (ConfUtils.java:logGet(43)) - raft.server.snapshot.auto.trigger.enabled = true (custom)
2019-09-26 12:47:56,465 [pool-97-thread-1] INFO  server.RaftServerConfigKeys (ConfUtils.java:logGet(43)) - raft.server.snapshot.auto.trigger.threshold = 10000 (custom)
2019-09-26 12:47:56,465 [pool-97-thread-1] INFO  server.RaftServerConfigKeys (ConfUtils.java:logGet(43)) - raft.server.snapshot.retention.num.files = 5 (custom)
2019-09-26 12:47:56,465 [pool-97-thread-1] INFO  server.RaftServerConfigKeys (ConfUtils.java:logGet(43)) - raft.server.retrycache.expirytime = 600000ms (custom)
2019-09-26 12:47:56,468 [pool-97-thread-1] INFO  impl.RaftServerImpl (RaftServerImpl.java:start(185)) - ee405521-39f0-4e35-96b7-0f3eb4cba198@group-E39E9201C372: start as a follower, conf=-1: [ee405521-39f0-4e35-96b7-0f3eb4cba198:192.168.164.238:41045], old=null
2019-09-26 12:47:56,468 [pool-97-thread-1] INFO  impl.RaftServerImpl (RaftServerImpl.java:setRole(174)) - ee405521-39f0-4e35-96b7-0f3eb4cba198@group-E39E9201C372: changes role from      null to FOLLOWER at term 0 for startAsFollower
2019-09-26 12:47:56,468 [pool-97-thread-1] INFO  impl.RoleInfo (RoleInfo.java:updateAndGet(143)) - ee405521-39f0-4e35-96b7-0f3eb4cba198: start FollowerState
2019-09-26 12:47:56,469 [pool-97-thread-1] INFO  util.JmxRegister (JmxRegister.java:tryRegister(44)) - Successfully registered JMX Bean with object name Ratis:service=RaftServer,group=group-E39E9201C372,id=ee405521-39f0-4e35-96b7-0f3eb4cba198
2019-09-26 12:47:56,476 [RatisPipelineUtilsThread] INFO  pipeline.PipelineStateManager (PipelineStateManager.java:addPipeline(56)) - Created pipeline Pipeline[ Id: 4bda0b07-3af8-4481-9fcf-e39e9201c372, Nodes: ee405521-39f0-4e35-96b7-0f3eb4cba198{ip: 192.168.164.238, host: pr-hdds-1569-87zkn-1081879488, networkLocation: /default-rack, certSerialId: null}, Type:RATIS, Factor:ONE, State:OPEN]
2019-09-26 12:47:56,476 [RatisPipelineUtilsThread] INFO  pipeline.PipelinePlacementPolicy (PipelinePlacementPolicy.java:meetCriteria(91)) - Pipeline Placement: can't place more pipeline on heavy datanode： 7f14b49f-15fb-4df6-892c-52360d3121e9 Heaviness: 6 limit: 5
2019-09-26 12:47:56,477 [RatisPipelineUtilsThread] INFO  pipeline.PipelinePlacementPolicy (PipelinePlacementPolicy.java:meetCriteria(91)) - Pipeline Placement: can't place more pipeline on heavy datanode： c217791a-6f2b-404e-8fdd-7bf246bea5f5 Heaviness: 6 limit: 5
2019-09-26 12:47:56,477 [RatisPipelineUtilsThread] INFO  pipeline.PipelinePlacementPolicy (PipelinePlacementPolicy.java:meetCriteria(91)) - Pipeline Placement: can't place more pipeline on heavy datanode： ee405521-39f0-4e35-96b7-0f3eb4cba198 Heaviness: 6 limit: 5
2019-09-26 12:47:56,514 [grpc-default-executor-0] INFO  impl.RaftServerProxy (RaftServerProxy.java:addNew(89)) - 93b6de49-ccf6-423c-87d1-581fa32d2ae4: addNew group-851A1E4D505E:[93b6de49-ccf6-423c-87d1-581fa32d2ae4:192.168.164.238:41044] returns group-851A1E4D505E:java.util.concurrent.CompletableFuture@71db105c[Not completed]
2019-09-26 12:47:56,515 [pool-117-thread-1] INFO  impl.RaftServerImpl (RaftServerImpl.java:<init>(95)) - 93b6de49-ccf6-423c-87d1-581fa32d2ae4: new RaftServerImpl for group-851A1E4D505E:[93b6de49-ccf6-423c-87d1-581fa32d2ae4:192.168.164.238:41044] with ContainerStateMachine:uninitialized
2019-09-26 12:47:56,516 [pool-117-thread-1] INFO  server.RaftServerConfigKeys (ConfUtils.java:logGet(43)) - raft.server.rpc.timeout.min = 5s (custom)
2019-09-26 12:47:56,516 [pool-117-thread-1] INFO  server.RaftServerConfigKeys (ConfUtils.java:logGet(43)) - raft.server.rpc.timeout.max = 5200ms (custom)
2019-09-26 12:47:56,516 [pool-117-thread-1] INFO  server.RaftServerConfigKeys (ConfUtils.java:logGet(43)) - raft.server.rpcslowness.timeout = 120s (custom)
2019-09-26 12:47:56,516 [pool-117-thread-1] INFO  server.RaftServerConfigKeys (ConfUtils.java:logGet(43)) - raft.server.sleep.deviation.threshold = 300 (default)
2019-09-26 12:47:56,516 [pool-117-thread-1] INFO  server.RaftServerConfigKeys (ConfUtils.java:logGet(43)) - raft.server.log.appender.install.snapshot.enabled = false (custom)
2019-09-26 12:47:56,516 [pool-117-thread-1] INFO  impl.RaftServerImpl (ServerState.java:<init>(103)) - 93b6de49-ccf6-423c-87d1-581fa32d2ae4@group-851A1E4D505E: ConfigurationManager, init=-1: [93b6de49-ccf6-423c-87d1-581fa32d2ae4:192.168.164.238:41044], old=null, confs=<EMPTY_MAP>
2019-09-26 12:47:56,517 [pool-117-thread-1] INFO  server.RaftServerConfigKeys (ConfUtils.java:logGet(43)) - raft.server.storage.dir = [/workdir/hadoop-ozone/integration-test/target/test-dir/MiniOzoneClusterImpl-5cb8bac5-d0f0-4551-b9d0-b3e056facdc3/datanode-9/data/ratis] (custom)
2019-09-26 12:47:56,517 [pool-117-thread-1] INFO  storage.RaftStorageDirectory (RaftStorageDirectory.java:analyzeStorage(246)) - The storage directory /workdir/hadoop-ozone/integration-test/target/test-dir/MiniOzoneClusterImpl-5cb8bac5-d0f0-4551-b9d0-b3e056facdc3/datanode-9/data/ratis/53a874af-a678-4657-a798-851a1e4d505e does not exist. Creating ...
2019-09-26 12:47:56,532 [pool-117-thread-1] INFO  storage.RaftStorageDirectory (RaftStorageDirectory.java:tryLock(328)) - Lock on /workdir/hadoop-ozone/integration-test/target/test-dir/MiniOzoneClusterImpl-5cb8bac5-d0f0-4551-b9d0-b3e056facdc3/datanode-9/data/ratis/53a874af-a678-4657-a798-851a1e4d505e/in_use.lock acquired by nodename 4507@pr-hdds-1569-87zkn-1081879488
2019-09-26 12:47:56,545 [pool-117-thread-1] INFO  storage.RaftStorage (RaftStorage.java:format(72)) - Storage directory /workdir/hadoop-ozone/integration-test/target/test-dir/MiniOzoneClusterImpl-5cb8bac5-d0f0-4551-b9d0-b3e056facdc3/datanode-9/data/ratis/53a874af-a678-4657-a798-851a1e4d505e has been successfully formatted.
2019-09-26 12:47:56,545 [pool-117-thread-1] INFO  ratis.ContainerStateMachine (ContainerStateMachine.java:loadSnapshot(230)) - group-851A1E4D505E: The snapshot info is null. Setting the last applied indexto:(t:0, i:~)
2019-09-26 12:47:56,546 [pool-117-thread-1] INFO  server.RaftServerConfigKeys (ConfUtils.java:logGet(43)) - raft.server.notification.no-leader.timeout = 120s (custom)
2019-09-26 12:47:56,546 [pool-117-thread-1] INFO  server.RaftServerConfigKeys (ConfUtils.java:logGet(43)) - raft.server.log.use.memory = false (default)
2019-09-26 12:47:56,546 [pool-117-thread-1] INFO  server.RaftServerConfigKeys (ConfUtils.java:logGet(43)) - raft.server.log.purge.gap = 1000000 (custom)
2019-09-26 12:47:56,546 [pool-117-thread-1] INFO  server.RaftServerConfigKeys (ConfUtils.java:logGet(43)) - raft.server.log.appender.buffer.byte-limit = 33554432 (custom)
2019-09-26 12:47:56,546 [pool-117-thread-1] INFO  server.RaftServerConfigKeys (ConfUtils.java:logGet(43)) - raft.server.log.segment.size.max = 1048576 (custom)
2019-09-26 12:47:56,546 [pool-117-thread-1] INFO  server.RaftServerConfigKeys (ConfUtils.java:logGet(43)) - raft.server.log.segment.cache.num.max = 2 (custom)
2019-09-26 12:47:56,546 [pool-117-thread-1] INFO  segmented.SegmentedRaftLogWorker (SegmentedRaftLogWorker.java:<init>(172)) - new 93b6de49-ccf6-423c-87d1-581fa32d2ae4@group-851A1E4D505E-SegmentedRaftLogWorker for RaftStorage:Storage Directory /workdir/hadoop-ozone/integration-test/target/test-dir/MiniOzoneClusterImpl-5cb8bac5-d0f0-4551-b9d0-b3e056facdc3/datanode-9/data/ratis/53a874af-a678-4657-a798-851a1e4d505e
2019-09-26 12:47:56,547 [pool-117-thread-1] INFO  server.RaftServerConfigKeys (ConfUtils.java:logGet(43)) - raft.server.log.queue.byte-limit = 2147483647 (custom)
2019-09-26 12:47:56,547 [pool-117-thread-1] INFO  server.RaftServerConfigKeys (ConfUtils.java:logGet(43)) - raft.server.log.queue.element-limit = 1024 (custom)
2019-09-26 12:47:56,547 [pool-117-thread-1] INFO  server.RaftServerConfigKeys (ConfUtils.java:logGet(43)) - raft.server.log.segment.size.max = 1048576 (custom)
2019-09-26 12:47:56,547 [pool-117-thread-1] INFO  server.RaftServerConfigKeys (ConfUtils.java:logGet(43)) - raft.server.log.preallocated.size = 16384 (custom)
2019-09-26 12:47:56,547 [pool-117-thread-1] INFO  server.RaftServerConfigKeys (ConfUtils.java:logGet(43)) - raft.server.log.write.buffer.size = 33554432 (custom)
2019-09-26 12:47:56,547 [pool-117-thread-1] INFO  server.RaftServerConfigKeys (ConfUtils.java:logGet(43)) - raft.server.log.force.sync.num = 128 (default)
2019-09-26 12:47:56,547 [pool-117-thread-1] INFO  server.RaftServerConfigKeys (ConfUtils.java:logGet(43)) - raft.server.log.statemachine.data.sync = true (default)
2019-09-26 12:47:56,548 [pool-117-thread-1] INFO  server.RaftServerConfigKeys (ConfUtils.java:logGet(43)) - raft.server.log.statemachine.data.sync.timeout = 10s (default)
2019-09-26 12:47:56,548 [pool-117-thread-1] INFO  server.RaftServerConfigKeys (ConfUtils.java:logGet(43)) - raft.server.log.statemachine.data.sync.timeout.retry = -1 (default)
2019-09-26 12:47:56,548 [pool-117-thread-1] INFO  server.RaftServerConfigKeys (ConfUtils.java:logGet(43)) - raft.server.log.statemachine.data.caching.enabled = true (custom)
2019-09-26 12:47:56,548 [pool-117-thread-1] INFO  segmented.SegmentedRaftLogWorker (SegmentedRaftLogWorker.java:lambda$new$0(132)) - 93b6de49-ccf6-423c-87d1-581fa32d2ae4@group-851A1E4D505E-SegmentedRaftLogWorker: flushIndex: setUnconditionally 0 -> -1
2019-09-26 12:47:56,549 [pool-117-thread-1] INFO  server.RaftServerConfigKeys (ConfUtils.java:logGet(43)) - raft.server.snapshot.auto.trigger.enabled = true (custom)
2019-09-26 12:47:56,549 [pool-117-thread-1] INFO  server.RaftServerConfigKeys (ConfUtils.java:logGet(43)) - raft.server.snapshot.auto.trigger.threshold = 10000 (custom)
2019-09-26 12:47:56,549 [pool-117-thread-1] INFO  server.RaftServerConfigKeys (ConfUtils.java:logGet(43)) - raft.server.snapshot.retention.num.files = 5 (custom)
2019-09-26 12:47:56,549 [pool-117-thread-1] INFO  server.RaftServerConfigKeys (ConfUtils.java:logGet(43)) - raft.server.retrycache.expirytime = 600000ms (custom)
2019-09-26 12:47:56,551 [pool-117-thread-1] INFO  impl.RaftServerImpl (RaftServerImpl.java:start(185)) - 93b6de49-ccf6-423c-87d1-581fa32d2ae4@group-851A1E4D505E: start as a follower, conf=-1: [93b6de49-ccf6-423c-87d1-581fa32d2ae4:192.168.164.238:41044], old=null
2019-09-26 12:47:56,551 [pool-117-thread-1] INFO  impl.RaftServerImpl (RaftServerImpl.java:setRole(174)) - 93b6de49-ccf6-423c-87d1-581fa32d2ae4@group-851A1E4D505E: changes role from      null to FOLLOWER at term 0 for startAsFollower
2019-09-26 12:47:56,551 [pool-117-thread-1] INFO  impl.RoleInfo (RoleInfo.java:updateAndGet(143)) - 93b6de49-ccf6-423c-87d1-581fa32d2ae4: start FollowerState
2019-09-26 12:47:56,552 [pool-117-thread-1] INFO  util.JmxRegister (JmxRegister.java:tryRegister(44)) - Successfully registered JMX Bean with object name Ratis:service=RaftServer,group=group-851A1E4D505E,id=93b6de49-ccf6-423c-87d1-581fa32d2ae4
2019-09-26 12:47:56,558 [RatisPipelineUtilsThread] INFO  pipeline.PipelineStateManager (PipelineStateManager.java:addPipeline(56)) - Created pipeline Pipeline[ Id: 53a874af-a678-4657-a798-851a1e4d505e, Nodes: 93b6de49-ccf6-423c-87d1-581fa32d2ae4{ip: 192.168.164.238, host: pr-hdds-1569-87zkn-1081879488, networkLocation: /default-rack, certSerialId: null}, Type:RATIS, Factor:ONE, State:OPEN]
2019-09-26 12:47:56,559 [RatisPipelineUtilsThread] INFO  pipeline.PipelinePlacementPolicy (PipelinePlacementPolicy.java:meetCriteria(91)) - Pipeline Placement: can't place more pipeline on heavy datanode： 7f14b49f-15fb-4df6-892c-52360d3121e9 Heaviness: 6 limit: 5
2019-09-26 12:47:56,559 [RatisPipelineUtilsThread] INFO  pipeline.PipelinePlacementPolicy (PipelinePlacementPolicy.java:meetCriteria(91)) - Pipeline Placement: can't place more pipeline on heavy datanode： c217791a-6f2b-404e-8fdd-7bf246bea5f5 Heaviness: 6 limit: 5
2019-09-26 12:47:56,559 [RatisPipelineUtilsThread] INFO  pipeline.PipelinePlacementPolicy (PipelinePlacementPolicy.java:meetCriteria(91)) - Pipeline Placement: can't place more pipeline on heavy datanode： ee405521-39f0-4e35-96b7-0f3eb4cba198 Heaviness: 6 limit: 5
2019-09-26 12:47:56,596 [grpc-default-executor-0] INFO  impl.RaftServerProxy (RaftServerProxy.java:addNew(89)) - 1f593858-be54-4a38-8f27-11510ad87306: addNew group-408F7AF61FE3:[1f593858-be54-4a38-8f27-11510ad87306:192.168.164.238:35544] returns group-408F7AF61FE3:java.util.concurrent.CompletableFuture@182e8380[Not completed]
2019-09-26 12:47:56,606 [pool-57-thread-1] INFO  impl.RaftServerImpl (RaftServerImpl.java:<init>(95)) - 1f593858-be54-4a38-8f27-11510ad87306: new RaftServerImpl for group-408F7AF61FE3:[1f593858-be54-4a38-8f27-11510ad87306:192.168.164.238:35544] with ContainerStateMachine:uninitialized
2019-09-26 12:47:56,607 [pool-57-thread-1] INFO  server.RaftServerConfigKeys (ConfUtils.java:logGet(43)) - raft.server.rpc.timeout.min = 5s (custom)
2019-09-26 12:47:56,607 [pool-57-thread-1] INFO  server.RaftServerConfigKeys (ConfUtils.java:logGet(43)) - raft.server.rpc.timeout.max = 5200ms (custom)
2019-09-26 12:47:56,607 [pool-57-thread-1] INFO  server.RaftServerConfigKeys (ConfUtils.java:logGet(43)) - raft.server.rpcslowness.timeout = 120s (custom)
2019-09-26 12:47:56,607 [pool-57-thread-1] INFO  server.RaftServerConfigKeys (ConfUtils.java:logGet(43)) - raft.server.sleep.deviation.threshold = 300 (default)
2019-09-26 12:47:56,607 [pool-57-thread-1] INFO  server.RaftServerConfigKeys (ConfUtils.java:logGet(43)) - raft.server.log.appender.install.snapshot.enabled = false (custom)
2019-09-26 12:47:56,607 [pool-57-thread-1] INFO  impl.RaftServerImpl (ServerState.java:<init>(103)) - 1f593858-be54-4a38-8f27-11510ad87306@group-408F7AF61FE3: ConfigurationManager, init=-1: [1f593858-be54-4a38-8f27-11510ad87306:192.168.164.238:35544], old=null, confs=<EMPTY_MAP>
2019-09-26 12:47:56,608 [pool-57-thread-1] INFO  server.RaftServerConfigKeys (ConfUtils.java:logGet(43)) - raft.server.storage.dir = [/workdir/hadoop-ozone/integration-test/target/test-dir/MiniOzoneClusterImpl-5cb8bac5-d0f0-4551-b9d0-b3e056facdc3/datanode-3/data/ratis] (custom)
2019-09-26 12:47:56,608 [pool-57-thread-1] INFO  storage.RaftStorageDirectory (RaftStorageDirectory.java:analyzeStorage(246)) - The storage directory /workdir/hadoop-ozone/integration-test/target/test-dir/MiniOzoneClusterImpl-5cb8bac5-d0f0-4551-b9d0-b3e056facdc3/datanode-3/data/ratis/1576c109-8188-459c-822b-408f7af61fe3 does not exist. Creating ...
2019-09-26 12:47:56,621 [pool-57-thread-1] INFO  storage.RaftStorageDirectory (RaftStorageDirectory.java:tryLock(328)) - Lock on /workdir/hadoop-ozone/integration-test/target/test-dir/MiniOzoneClusterImpl-5cb8bac5-d0f0-4551-b9d0-b3e056facdc3/datanode-3/data/ratis/1576c109-8188-459c-822b-408f7af61fe3/in_use.lock acquired by nodename 4507@pr-hdds-1569-87zkn-1081879488
2019-09-26 12:47:56,634 [pool-57-thread-1] INFO  storage.RaftStorage (RaftStorage.java:format(72)) - Storage directory /workdir/hadoop-ozone/integration-test/target/test-dir/MiniOzoneClusterImpl-5cb8bac5-d0f0-4551-b9d0-b3e056facdc3/datanode-3/data/ratis/1576c109-8188-459c-822b-408f7af61fe3 has been successfully formatted.
2019-09-26 12:47:56,635 [pool-57-thread-1] INFO  ratis.ContainerStateMachine (ContainerStateMachine.java:loadSnapshot(230)) - group-408F7AF61FE3: The snapshot info is null. Setting the last applied indexto:(t:0, i:~)
2019-09-26 12:47:56,635 [pool-57-thread-1] INFO  server.RaftServerConfigKeys (ConfUtils.java:logGet(43)) - raft.server.notification.no-leader.timeout = 120s (custom)
2019-09-26 12:47:56,635 [pool-57-thread-1] INFO  server.RaftServerConfigKeys (ConfUtils.java:logGet(43)) - raft.server.log.use.memory = false (default)
2019-09-26 12:47:56,635 [pool-57-thread-1] INFO  server.RaftServerConfigKeys (ConfUtils.java:logGet(43)) - raft.server.log.purge.gap = 1000000 (custom)
2019-09-26 12:47:56,636 [pool-57-thread-1] INFO  server.RaftServerConfigKeys (ConfUtils.java:logGet(43)) - raft.server.log.appender.buffer.byte-limit = 33554432 (custom)
2019-09-26 12:47:56,636 [pool-57-thread-1] INFO  server.RaftServerConfigKeys (ConfUtils.java:logGet(43)) - raft.server.log.segment.size.max = 1048576 (custom)
2019-09-26 12:47:56,636 [pool-57-thread-1] INFO  server.RaftServerConfigKeys (ConfUtils.java:logGet(43)) - raft.server.log.segment.cache.num.max = 2 (custom)
2019-09-26 12:47:56,636 [pool-57-thread-1] INFO  segmented.SegmentedRaftLogWorker (SegmentedRaftLogWorker.java:<init>(172)) - new 1f593858-be54-4a38-8f27-11510ad87306@group-408F7AF61FE3-SegmentedRaftLogWorker for RaftStorage:Storage Directory /workdir/hadoop-ozone/integration-test/target/test-dir/MiniOzoneClusterImpl-5cb8bac5-d0f0-4551-b9d0-b3e056facdc3/datanode-3/data/ratis/1576c109-8188-459c-822b-408f7af61fe3
2019-09-26 12:47:56,639 [pool-57-thread-1] INFO  server.RaftServerConfigKeys (ConfUtils.java:logGet(43)) - raft.server.log.queue.byte-limit = 2147483647 (custom)
2019-09-26 12:47:56,639 [pool-57-thread-1] INFO  server.RaftServerConfigKeys (ConfUtils.java:logGet(43)) - raft.server.log.queue.element-limit = 1024 (custom)
2019-09-26 12:47:56,639 [pool-57-thread-1] INFO  server.RaftServerConfigKeys (ConfUtils.java:logGet(43)) - raft.server.log.segment.size.max = 1048576 (custom)
2019-09-26 12:47:56,639 [pool-57-thread-1] INFO  server.RaftServerConfigKeys (ConfUtils.java:logGet(43)) - raft.server.log.preallocated.size = 16384 (custom)
2019-09-26 12:47:56,639 [pool-57-thread-1] INFO  server.RaftServerConfigKeys (ConfUtils.java:logGet(43)) - raft.server.log.write.buffer.size = 33554432 (custom)
2019-09-26 12:47:56,640 [pool-57-thread-1] INFO  server.RaftServerConfigKeys (ConfUtils.java:logGet(43)) - raft.server.log.force.sync.num = 128 (default)
2019-09-26 12:47:56,640 [pool-57-thread-1] INFO  server.RaftServerConfigKeys (ConfUtils.java:logGet(43)) - raft.server.log.statemachine.data.sync = true (default)
2019-09-26 12:47:56,640 [pool-57-thread-1] INFO  server.RaftServerConfigKeys (ConfUtils.java:logGet(43)) - raft.server.log.statemachine.data.sync.timeout = 10s (default)
2019-09-26 12:47:56,640 [pool-57-thread-1] INFO  server.RaftServerConfigKeys (ConfUtils.java:logGet(43)) - raft.server.log.statemachine.data.sync.timeout.retry = -1 (default)
2019-09-26 12:47:56,641 [pool-57-thread-1] INFO  server.RaftServerConfigKeys (ConfUtils.java:logGet(43)) - raft.server.log.statemachine.data.caching.enabled = true (custom)
2019-09-26 12:47:56,641 [pool-57-thread-1] INFO  segmented.SegmentedRaftLogWorker (SegmentedRaftLogWorker.java:lambda$new$0(132)) - 1f593858-be54-4a38-8f27-11510ad87306@group-408F7AF61FE3-SegmentedRaftLogWorker: flushIndex: setUnconditionally 0 -> -1
2019-09-26 12:47:56,641 [pool-57-thread-1] INFO  server.RaftServerConfigKeys (ConfUtils.java:logGet(43)) - raft.server.snapshot.auto.trigger.enabled = true (custom)
2019-09-26 12:47:56,641 [pool-57-thread-1] INFO  server.RaftServerConfigKeys (ConfUtils.java:logGet(43)) - raft.server.snapshot.auto.trigger.threshold = 10000 (custom)
2019-09-26 12:47:56,642 [pool-57-thread-1] INFO  server.RaftServerConfigKeys (ConfUtils.java:logGet(43)) - raft.server.snapshot.retention.num.files = 5 (custom)
2019-09-26 12:47:56,642 [pool-57-thread-1] INFO  server.RaftServerConfigKeys (ConfUtils.java:logGet(43)) - raft.server.retrycache.expirytime = 600000ms (custom)
2019-09-26 12:47:56,644 [pool-57-thread-1] INFO  impl.RaftServerImpl (RaftServerImpl.java:start(185)) - 1f593858-be54-4a38-8f27-11510ad87306@group-408F7AF61FE3: start as a follower, conf=-1: [1f593858-be54-4a38-8f27-11510ad87306:192.168.164.238:35544], old=null
2019-09-26 12:47:56,645 [pool-57-thread-1] INFO  impl.RaftServerImpl (RaftServerImpl.java:setRole(174)) - 1f593858-be54-4a38-8f27-11510ad87306@group-408F7AF61FE3: changes role from      null to FOLLOWER at term 0 for startAsFollower
2019-09-26 12:47:56,645 [pool-57-thread-1] INFO  impl.RoleInfo (RoleInfo.java:updateAndGet(143)) - 1f593858-be54-4a38-8f27-11510ad87306: start FollowerState
2019-09-26 12:47:56,655 [pool-57-thread-1] INFO  util.JmxRegister (JmxRegister.java:tryRegister(44)) - Successfully registered JMX Bean with object name Ratis:service=RaftServer,group=group-408F7AF61FE3,id=1f593858-be54-4a38-8f27-11510ad87306
2019-09-26 12:47:56,679 [RatisPipelineUtilsThread] INFO  pipeline.PipelineStateManager (PipelineStateManager.java:addPipeline(56)) - Created pipeline Pipeline[ Id: 1576c109-8188-459c-822b-408f7af61fe3, Nodes: 1f593858-be54-4a38-8f27-11510ad87306{ip: 192.168.164.238, host: pr-hdds-1569-87zkn-1081879488, networkLocation: /default-rack, certSerialId: null}, Type:RATIS, Factor:ONE, State:OPEN]
2019-09-26 12:47:56,680 [RatisPipelineUtilsThread] INFO  pipeline.PipelinePlacementPolicy (PipelinePlacementPolicy.java:meetCriteria(91)) - Pipeline Placement: can't place more pipeline on heavy datanode： 7f14b49f-15fb-4df6-892c-52360d3121e9 Heaviness: 6 limit: 5
2019-09-26 12:47:56,680 [RatisPipelineUtilsThread] INFO  pipeline.PipelinePlacementPolicy (PipelinePlacementPolicy.java:meetCriteria(91)) - Pipeline Placement: can't place more pipeline on heavy datanode： c217791a-6f2b-404e-8fdd-7bf246bea5f5 Heaviness: 6 limit: 5
2019-09-26 12:47:56,680 [RatisPipelineUtilsThread] INFO  pipeline.PipelinePlacementPolicy (PipelinePlacementPolicy.java:meetCriteria(91)) - Pipeline Placement: can't place more pipeline on heavy datanode： ee405521-39f0-4e35-96b7-0f3eb4cba198 Heaviness: 6 limit: 5
2019-09-26 12:47:56,686 [grpc-default-executor-0] INFO  impl.RaftServerProxy (RaftServerProxy.java:addNew(89)) - 2f26360f-713d-4798-931d-49dc5cf4b129: addNew group-34698788AA39:[2f26360f-713d-4798-931d-49dc5cf4b129:192.168.164.238:38857] returns group-34698788AA39:java.util.concurrent.CompletableFuture@5b58ca39[Not completed]
2019-09-26 12:47:56,688 [pool-87-thread-1] INFO  impl.RaftServerImpl (RaftServerImpl.java:<init>(95)) - 2f26360f-713d-4798-931d-49dc5cf4b129: new RaftServerImpl for group-34698788AA39:[2f26360f-713d-4798-931d-49dc5cf4b129:192.168.164.238:38857] with ContainerStateMachine:uninitialized
2019-09-26 12:47:56,688 [pool-87-thread-1] INFO  server.RaftServerConfigKeys (ConfUtils.java:logGet(43)) - raft.server.rpc.timeout.min = 5s (custom)
2019-09-26 12:47:56,688 [pool-87-thread-1] INFO  server.RaftServerConfigKeys (ConfUtils.java:logGet(43)) - raft.server.rpc.timeout.max = 5200ms (custom)
2019-09-26 12:47:56,688 [pool-87-thread-1] INFO  server.RaftServerConfigKeys (ConfUtils.java:logGet(43)) - raft.server.rpcslowness.timeout = 120s (custom)
2019-09-26 12:47:56,688 [pool-87-thread-1] INFO  server.RaftServerConfigKeys (ConfUtils.java:logGet(43)) - raft.server.sleep.deviation.threshold = 300 (default)
2019-09-26 12:47:56,688 [pool-87-thread-1] INFO  server.RaftServerConfigKeys (ConfUtils.java:logGet(43)) - raft.server.log.appender.install.snapshot.enabled = false (custom)
2019-09-26 12:47:56,689 [pool-87-thread-1] INFO  impl.RaftServerImpl (ServerState.java:<init>(103)) - 2f26360f-713d-4798-931d-49dc5cf4b129@group-34698788AA39: ConfigurationManager, init=-1: [2f26360f-713d-4798-931d-49dc5cf4b129:192.168.164.238:38857], old=null, confs=<EMPTY_MAP>
2019-09-26 12:47:56,689 [pool-87-thread-1] INFO  server.RaftServerConfigKeys (ConfUtils.java:logGet(43)) - raft.server.storage.dir = [/workdir/hadoop-ozone/integration-test/target/test-dir/MiniOzoneClusterImpl-5cb8bac5-d0f0-4551-b9d0-b3e056facdc3/datanode-6/data/ratis] (custom)
2019-09-26 12:47:56,689 [pool-87-thread-1] INFO  storage.RaftStorageDirectory (RaftStorageDirectory.java:analyzeStorage(246)) - The storage directory /workdir/hadoop-ozone/integration-test/target/test-dir/MiniOzoneClusterImpl-5cb8bac5-d0f0-4551-b9d0-b3e056facdc3/datanode-6/data/ratis/e5a99317-f5b3-4d4d-9258-34698788aa39 does not exist. Creating ...
2019-09-26 12:47:56,702 [pool-87-thread-1] INFO  storage.RaftStorageDirectory (RaftStorageDirectory.java:tryLock(328)) - Lock on /workdir/hadoop-ozone/integration-test/target/test-dir/MiniOzoneClusterImpl-5cb8bac5-d0f0-4551-b9d0-b3e056facdc3/datanode-6/data/ratis/e5a99317-f5b3-4d4d-9258-34698788aa39/in_use.lock acquired by nodename 4507@pr-hdds-1569-87zkn-1081879488
2019-09-26 12:47:56,734 [pool-87-thread-1] INFO  storage.RaftStorage (RaftStorage.java:format(72)) - Storage directory /workdir/hadoop-ozone/integration-test/target/test-dir/MiniOzoneClusterImpl-5cb8bac5-d0f0-4551-b9d0-b3e056facdc3/datanode-6/data/ratis/e5a99317-f5b3-4d4d-9258-34698788aa39 has been successfully formatted.
2019-09-26 12:47:56,734 [pool-87-thread-1] INFO  ratis.ContainerStateMachine (ContainerStateMachine.java:loadSnapshot(230)) - group-34698788AA39: The snapshot info is null. Setting the last applied indexto:(t:0, i:~)
2019-09-26 12:47:56,734 [pool-87-thread-1] INFO  server.RaftServerConfigKeys (ConfUtils.java:logGet(43)) - raft.server.notification.no-leader.timeout = 120s (custom)
2019-09-26 12:47:56,734 [pool-87-thread-1] INFO  server.RaftServerConfigKeys (ConfUtils.java:logGet(43)) - raft.server.log.use.memory = false (default)
2019-09-26 12:47:56,735 [pool-87-thread-1] INFO  server.RaftServerConfigKeys (ConfUtils.java:logGet(43)) - raft.server.log.purge.gap = 1000000 (custom)
2019-09-26 12:47:56,735 [pool-87-thread-1] INFO  server.RaftServerConfigKeys (ConfUtils.java:logGet(43)) - raft.server.log.appender.buffer.byte-limit = 33554432 (custom)
2019-09-26 12:47:56,735 [pool-87-thread-1] INFO  server.RaftServerConfigKeys (ConfUtils.java:logGet(43)) - raft.server.log.segment.size.max = 1048576 (custom)
2019-09-26 12:47:56,735 [pool-87-thread-1] INFO  server.RaftServerConfigKeys (ConfUtils.java:logGet(43)) - raft.server.log.segment.cache.num.max = 2 (custom)
2019-09-26 12:47:56,735 [pool-87-thread-1] INFO  segmented.SegmentedRaftLogWorker (SegmentedRaftLogWorker.java:<init>(172)) - new 2f26360f-713d-4798-931d-49dc5cf4b129@group-34698788AA39-SegmentedRaftLogWorker for RaftStorage:Storage Directory /workdir/hadoop-ozone/integration-test/target/test-dir/MiniOzoneClusterImpl-5cb8bac5-d0f0-4551-b9d0-b3e056facdc3/datanode-6/data/ratis/e5a99317-f5b3-4d4d-9258-34698788aa39
2019-09-26 12:47:56,736 [pool-87-thread-1] INFO  server.RaftServerConfigKeys (ConfUtils.java:logGet(43)) - raft.server.log.queue.byte-limit = 2147483647 (custom)
2019-09-26 12:47:56,736 [pool-87-thread-1] INFO  server.RaftServerConfigKeys (ConfUtils.java:logGet(43)) - raft.server.log.queue.element-limit = 1024 (custom)
2019-09-26 12:47:56,736 [pool-87-thread-1] INFO  server.RaftServerConfigKeys (ConfUtils.java:logGet(43)) - raft.server.log.segment.size.max = 1048576 (custom)
2019-09-26 12:47:56,736 [pool-87-thread-1] INFO  server.RaftServerConfigKeys (ConfUtils.java:logGet(43)) - raft.server.log.preallocated.size = 16384 (custom)
2019-09-26 12:47:56,736 [pool-87-thread-1] INFO  server.RaftServerConfigKeys (ConfUtils.java:logGet(43)) - raft.server.log.write.buffer.size = 33554432 (custom)
2019-09-26 12:47:56,736 [pool-87-thread-1] INFO  server.RaftServerConfigKeys (ConfUtils.java:logGet(43)) - raft.server.log.force.sync.num = 128 (default)
2019-09-26 12:47:56,736 [pool-87-thread-1] INFO  server.RaftServerConfigKeys (ConfUtils.java:logGet(43)) - raft.server.log.statemachine.data.sync = true (default)
2019-09-26 12:47:56,737 [pool-87-thread-1] INFO  server.RaftServerConfigKeys (ConfUtils.java:logGet(43)) - raft.server.log.statemachine.data.sync.timeout = 10s (default)
2019-09-26 12:47:56,737 [pool-87-thread-1] INFO  server.RaftServerConfigKeys (ConfUtils.java:logGet(43)) - raft.server.log.statemachine.data.sync.timeout.retry = -1 (default)
2019-09-26 12:47:56,737 [pool-87-thread-1] INFO  server.RaftServerConfigKeys (ConfUtils.java:logGet(43)) - raft.server.log.statemachine.data.caching.enabled = true (custom)
2019-09-26 12:47:56,737 [pool-87-thread-1] INFO  segmented.SegmentedRaftLogWorker (SegmentedRaftLogWorker.java:lambda$new$0(132)) - 2f26360f-713d-4798-931d-49dc5cf4b129@group-34698788AA39-SegmentedRaftLogWorker: flushIndex: setUnconditionally 0 -> -1
2019-09-26 12:47:56,738 [pool-87-thread-1] INFO  server.RaftServerConfigKeys (ConfUtils.java:logGet(43)) - raft.server.snapshot.auto.trigger.enabled = true (custom)
2019-09-26 12:47:56,738 [pool-87-thread-1] INFO  server.RaftServerConfigKeys (ConfUtils.java:logGet(43)) - raft.server.snapshot.auto.trigger.threshold = 10000 (custom)
2019-09-26 12:47:56,738 [pool-87-thread-1] INFO  server.RaftServerConfigKeys (ConfUtils.java:logGet(43)) - raft.server.snapshot.retention.num.files = 5 (custom)
2019-09-26 12:47:56,738 [pool-87-thread-1] INFO  server.RaftServerConfigKeys (ConfUtils.java:logGet(43)) - raft.server.retrycache.expirytime = 600000ms (custom)
2019-09-26 12:47:56,741 [pool-87-thread-1] INFO  impl.RaftServerImpl (RaftServerImpl.java:start(185)) - 2f26360f-713d-4798-931d-49dc5cf4b129@group-34698788AA39: start as a follower, conf=-1: [2f26360f-713d-4798-931d-49dc5cf4b129:192.168.164.238:38857], old=null
2019-09-26 12:47:56,741 [pool-87-thread-1] INFO  impl.RaftServerImpl (RaftServerImpl.java:setRole(174)) - 2f26360f-713d-4798-931d-49dc5cf4b129@group-34698788AA39: changes role from      null to FOLLOWER at term 0 for startAsFollower
2019-09-26 12:47:56,741 [pool-87-thread-1] INFO  impl.RoleInfo (RoleInfo.java:updateAndGet(143)) - 2f26360f-713d-4798-931d-49dc5cf4b129: start FollowerState
2019-09-26 12:47:56,742 [pool-87-thread-1] INFO  util.JmxRegister (JmxRegister.java:tryRegister(44)) - Successfully registered JMX Bean with object name Ratis:service=RaftServer,group=group-34698788AA39,id=2f26360f-713d-4798-931d-49dc5cf4b129
2019-09-26 12:47:56,745 [RatisPipelineUtilsThread] INFO  pipeline.PipelineStateManager (PipelineStateManager.java:addPipeline(56)) - Created pipeline Pipeline[ Id: e5a99317-f5b3-4d4d-9258-34698788aa39, Nodes: 2f26360f-713d-4798-931d-49dc5cf4b129{ip: 192.168.164.238, host: pr-hdds-1569-87zkn-1081879488, networkLocation: /default-rack, certSerialId: null}, Type:RATIS, Factor:ONE, State:OPEN]
2019-09-26 12:47:56,746 [RatisPipelineUtilsThread] INFO  pipeline.PipelinePlacementPolicy (PipelinePlacementPolicy.java:meetCriteria(91)) - Pipeline Placement: can't place more pipeline on heavy datanode： 7f14b49f-15fb-4df6-892c-52360d3121e9 Heaviness: 6 limit: 5
2019-09-26 12:47:56,746 [RatisPipelineUtilsThread] INFO  pipeline.PipelinePlacementPolicy (PipelinePlacementPolicy.java:meetCriteria(91)) - Pipeline Placement: can't place more pipeline on heavy datanode： c217791a-6f2b-404e-8fdd-7bf246bea5f5 Heaviness: 6 limit: 5
2019-09-26 12:47:56,746 [RatisPipelineUtilsThread] INFO  pipeline.PipelinePlacementPolicy (PipelinePlacementPolicy.java:meetCriteria(91)) - Pipeline Placement: can't place more pipeline on heavy datanode： ee405521-39f0-4e35-96b7-0f3eb4cba198 Heaviness: 6 limit: 5
2019-09-26 12:47:56,752 [grpc-default-executor-0] INFO  impl.RaftServerProxy (RaftServerProxy.java:addNew(89)) - 1f593858-be54-4a38-8f27-11510ad87306: addNew group-10EFCE2C9804:[1f593858-be54-4a38-8f27-11510ad87306:192.168.164.238:35544] returns group-10EFCE2C9804:java.util.concurrent.CompletableFuture@2c11eea2[Not completed]
2019-09-26 12:47:56,754 [pool-57-thread-1] INFO  impl.RaftServerImpl (RaftServerImpl.java:<init>(95)) - 1f593858-be54-4a38-8f27-11510ad87306: new RaftServerImpl for group-10EFCE2C9804:[1f593858-be54-4a38-8f27-11510ad87306:192.168.164.238:35544] with ContainerStateMachine:uninitialized
2019-09-26 12:47:56,754 [pool-57-thread-1] INFO  server.RaftServerConfigKeys (ConfUtils.java:logGet(43)) - raft.server.rpc.timeout.min = 5s (custom)
2019-09-26 12:47:56,754 [pool-57-thread-1] INFO  server.RaftServerConfigKeys (ConfUtils.java:logGet(43)) - raft.server.rpc.timeout.max = 5200ms (custom)
2019-09-26 12:47:56,754 [pool-57-thread-1] INFO  server.RaftServerConfigKeys (ConfUtils.java:logGet(43)) - raft.server.rpcslowness.timeout = 120s (custom)
2019-09-26 12:47:56,754 [pool-57-thread-1] INFO  server.RaftServerConfigKeys (ConfUtils.java:logGet(43)) - raft.server.sleep.deviation.threshold = 300 (default)
2019-09-26 12:47:56,755 [pool-57-thread-1] INFO  server.RaftServerConfigKeys (ConfUtils.java:logGet(43)) - raft.server.log.appender.install.snapshot.enabled = false (custom)
2019-09-26 12:47:56,755 [pool-57-thread-1] INFO  impl.RaftServerImpl (ServerState.java:<init>(103)) - 1f593858-be54-4a38-8f27-11510ad87306@group-10EFCE2C9804: ConfigurationManager, init=-1: [1f593858-be54-4a38-8f27-11510ad87306:192.168.164.238:35544], old=null, confs=<EMPTY_MAP>
2019-09-26 12:47:56,755 [pool-57-thread-1] INFO  server.RaftServerConfigKeys (ConfUtils.java:logGet(43)) - raft.server.storage.dir = [/workdir/hadoop-ozone/integration-test/target/test-dir/MiniOzoneClusterImpl-5cb8bac5-d0f0-4551-b9d0-b3e056facdc3/datanode-3/data/ratis] (custom)
2019-09-26 12:47:56,755 [pool-57-thread-1] INFO  storage.RaftStorageDirectory (RaftStorageDirectory.java:analyzeStorage(246)) - The storage directory /workdir/hadoop-ozone/integration-test/target/test-dir/MiniOzoneClusterImpl-5cb8bac5-d0f0-4551-b9d0-b3e056facdc3/datanode-3/data/ratis/c65940c2-6820-4f72-ad3b-10efce2c9804 does not exist. Creating ...
2019-09-26 12:47:56,781 [pool-57-thread-1] INFO  storage.RaftStorageDirectory (RaftStorageDirectory.java:tryLock(328)) - Lock on /workdir/hadoop-ozone/integration-test/target/test-dir/MiniOzoneClusterImpl-5cb8bac5-d0f0-4551-b9d0-b3e056facdc3/datanode-3/data/ratis/c65940c2-6820-4f72-ad3b-10efce2c9804/in_use.lock acquired by nodename 4507@pr-hdds-1569-87zkn-1081879488
2019-09-26 12:47:56,793 [pool-57-thread-1] INFO  storage.RaftStorage (RaftStorage.java:format(72)) - Storage directory /workdir/hadoop-ozone/integration-test/target/test-dir/MiniOzoneClusterImpl-5cb8bac5-d0f0-4551-b9d0-b3e056facdc3/datanode-3/data/ratis/c65940c2-6820-4f72-ad3b-10efce2c9804 has been successfully formatted.
2019-09-26 12:47:56,794 [pool-57-thread-1] INFO  ratis.ContainerStateMachine (ContainerStateMachine.java:loadSnapshot(230)) - group-10EFCE2C9804: The snapshot info is null. Setting the last applied indexto:(t:0, i:~)
2019-09-26 12:47:56,794 [pool-57-thread-1] INFO  server.RaftServerConfigKeys (ConfUtils.java:logGet(43)) - raft.server.notification.no-leader.timeout = 120s (custom)
2019-09-26 12:47:56,794 [pool-57-thread-1] INFO  server.RaftServerConfigKeys (ConfUtils.java:logGet(43)) - raft.server.log.use.memory = false (default)
2019-09-26 12:47:56,794 [pool-57-thread-1] INFO  server.RaftServerConfigKeys (ConfUtils.java:logGet(43)) - raft.server.log.purge.gap = 1000000 (custom)
2019-09-26 12:47:56,794 [pool-57-thread-1] INFO  server.RaftServerConfigKeys (ConfUtils.java:logGet(43)) - raft.server.log.appender.buffer.byte-limit = 33554432 (custom)
2019-09-26 12:47:56,795 [pool-57-thread-1] INFO  server.RaftServerConfigKeys (ConfUtils.java:logGet(43)) - raft.server.log.segment.size.max = 1048576 (custom)
2019-09-26 12:47:56,795 [pool-57-thread-1] INFO  server.RaftServerConfigKeys (ConfUtils.java:logGet(43)) - raft.server.log.segment.cache.num.max = 2 (custom)
2019-09-26 12:47:56,795 [pool-57-thread-1] INFO  segmented.SegmentedRaftLogWorker (SegmentedRaftLogWorker.java:<init>(172)) - new 1f593858-be54-4a38-8f27-11510ad87306@group-10EFCE2C9804-SegmentedRaftLogWorker for RaftStorage:Storage Directory /workdir/hadoop-ozone/integration-test/target/test-dir/MiniOzoneClusterImpl-5cb8bac5-d0f0-4551-b9d0-b3e056facdc3/datanode-3/data/ratis/c65940c2-6820-4f72-ad3b-10efce2c9804
2019-09-26 12:47:56,795 [pool-57-thread-1] INFO  server.RaftServerConfigKeys (ConfUtils.java:logGet(43)) - raft.server.log.queue.byte-limit = 2147483647 (custom)
2019-09-26 12:47:56,795 [pool-57-thread-1] INFO  server.RaftServerConfigKeys (ConfUtils.java:logGet(43)) - raft.server.log.queue.element-limit = 1024 (custom)
2019-09-26 12:47:56,795 [pool-57-thread-1] INFO  server.RaftServerConfigKeys (ConfUtils.java:logGet(43)) - raft.server.log.segment.size.max = 1048576 (custom)
2019-09-26 12:47:56,795 [pool-57-thread-1] INFO  server.RaftServerConfigKeys (ConfUtils.java:logGet(43)) - raft.server.log.preallocated.size = 16384 (custom)
2019-09-26 12:47:56,796 [pool-57-thread-1] INFO  server.RaftServerConfigKeys (ConfUtils.java:logGet(43)) - raft.server.log.write.buffer.size = 33554432 (custom)
2019-09-26 12:47:56,796 [pool-57-thread-1] INFO  server.RaftServerConfigKeys (ConfUtils.java:logGet(43)) - raft.server.log.force.sync.num = 128 (default)
2019-09-26 12:47:56,796 [pool-57-thread-1] INFO  server.RaftServerConfigKeys (ConfUtils.java:logGet(43)) - raft.server.log.statemachine.data.sync = true (default)
2019-09-26 12:47:56,796 [pool-57-thread-1] INFO  server.RaftServerConfigKeys (ConfUtils.java:logGet(43)) - raft.server.log.statemachine.data.sync.timeout = 10s (default)
2019-09-26 12:47:56,796 [pool-57-thread-1] INFO  server.RaftServerConfigKeys (ConfUtils.java:logGet(43)) - raft.server.log.statemachine.data.sync.timeout.retry = -1 (default)
2019-09-26 12:47:56,796 [pool-57-thread-1] INFO  server.RaftServerConfigKeys (ConfUtils.java:logGet(43)) - raft.server.log.statemachine.data.caching.enabled = true (custom)
2019-09-26 12:47:56,797 [pool-57-thread-1] INFO  segmented.SegmentedRaftLogWorker (SegmentedRaftLogWorker.java:lambda$new$0(132)) - 1f593858-be54-4a38-8f27-11510ad87306@group-10EFCE2C9804-SegmentedRaftLogWorker: flushIndex: setUnconditionally 0 -> -1
2019-09-26 12:47:56,797 [pool-57-thread-1] INFO  server.RaftServerConfigKeys (ConfUtils.java:logGet(43)) - raft.server.snapshot.auto.trigger.enabled = true (custom)
2019-09-26 12:47:56,797 [pool-57-thread-1] INFO  server.RaftServerConfigKeys (ConfUtils.java:logGet(43)) - raft.server.snapshot.auto.trigger.threshold = 10000 (custom)
2019-09-26 12:47:56,797 [pool-57-thread-1] INFO  server.RaftServerConfigKeys (ConfUtils.java:logGet(43)) - raft.server.snapshot.retention.num.files = 5 (custom)
2019-09-26 12:47:56,797 [pool-57-thread-1] INFO  server.RaftServerConfigKeys (ConfUtils.java:logGet(43)) - raft.server.retrycache.expirytime = 600000ms (custom)
2019-09-26 12:47:56,799 [pool-57-thread-1] INFO  impl.RaftServerImpl (RaftServerImpl.java:start(185)) - 1f593858-be54-4a38-8f27-11510ad87306@group-10EFCE2C9804: start as a follower, conf=-1: [1f593858-be54-4a38-8f27-11510ad87306:192.168.164.238:35544], old=null
2019-09-26 12:47:56,800 [pool-57-thread-1] INFO  impl.RaftServerImpl (RaftServerImpl.java:setRole(174)) - 1f593858-be54-4a38-8f27-11510ad87306@group-10EFCE2C9804: changes role from      null to FOLLOWER at term 0 for startAsFollower
2019-09-26 12:47:56,800 [pool-57-thread-1] INFO  impl.RoleInfo (RoleInfo.java:updateAndGet(143)) - 1f593858-be54-4a38-8f27-11510ad87306: start FollowerState
2019-09-26 12:47:56,800 [pool-57-thread-1] INFO  util.JmxRegister (JmxRegister.java:tryRegister(44)) - Successfully registered JMX Bean with object name Ratis:service=RaftServer,group=group-10EFCE2C9804,id=1f593858-be54-4a38-8f27-11510ad87306
2019-09-26 12:47:56,804 [RatisPipelineUtilsThread] INFO  pipeline.PipelineStateManager (PipelineStateManager.java:addPipeline(56)) - Created pipeline Pipeline[ Id: c65940c2-6820-4f72-ad3b-10efce2c9804, Nodes: 1f593858-be54-4a38-8f27-11510ad87306{ip: 192.168.164.238, host: pr-hdds-1569-87zkn-1081879488, networkLocation: /default-rack, certSerialId: null}, Type:RATIS, Factor:ONE, State:OPEN]
2019-09-26 12:47:56,804 [RatisPipelineUtilsThread] INFO  pipeline.PipelinePlacementPolicy (PipelinePlacementPolicy.java:meetCriteria(91)) - Pipeline Placement: can't place more pipeline on heavy datanode： 7f14b49f-15fb-4df6-892c-52360d3121e9 Heaviness: 6 limit: 5
2019-09-26 12:47:56,804 [RatisPipelineUtilsThread] INFO  pipeline.PipelinePlacementPolicy (PipelinePlacementPolicy.java:meetCriteria(91)) - Pipeline Placement: can't place more pipeline on heavy datanode： c217791a-6f2b-404e-8fdd-7bf246bea5f5 Heaviness: 6 limit: 5
2019-09-26 12:47:56,804 [RatisPipelineUtilsThread] INFO  pipeline.PipelinePlacementPolicy (PipelinePlacementPolicy.java:meetCriteria(91)) - Pipeline Placement: can't place more pipeline on heavy datanode： ee405521-39f0-4e35-96b7-0f3eb4cba198 Heaviness: 6 limit: 5
2019-09-26 12:47:56,811 [grpc-default-executor-0] INFO  impl.RaftServerProxy (RaftServerProxy.java:addNew(89)) - 22777fa1-7b60-428b-91a4-e681f8adba43: addNew group-F01232F031B6:[22777fa1-7b60-428b-91a4-e681f8adba43:192.168.164.238:37397] returns group-F01232F031B6:java.util.concurrent.CompletableFuture@71d21bcb[Not completed]
2019-09-26 12:47:56,813 [pool-77-thread-1] INFO  impl.RaftServerImpl (RaftServerImpl.java:<init>(95)) - 22777fa1-7b60-428b-91a4-e681f8adba43: new RaftServerImpl for group-F01232F031B6:[22777fa1-7b60-428b-91a4-e681f8adba43:192.168.164.238:37397] with ContainerStateMachine:uninitialized
2019-09-26 12:47:56,813 [pool-77-thread-1] INFO  server.RaftServerConfigKeys (ConfUtils.java:logGet(43)) - raft.server.rpc.timeout.min = 5s (custom)
2019-09-26 12:47:56,813 [pool-77-thread-1] INFO  server.RaftServerConfigKeys (ConfUtils.java:logGet(43)) - raft.server.rpc.timeout.max = 5200ms (custom)
2019-09-26 12:47:56,813 [pool-77-thread-1] INFO  server.RaftServerConfigKeys (ConfUtils.java:logGet(43)) - raft.server.rpcslowness.timeout = 120s (custom)
2019-09-26 12:47:56,813 [pool-77-thread-1] INFO  server.RaftServerConfigKeys (ConfUtils.java:logGet(43)) - raft.server.sleep.deviation.threshold = 300 (default)
2019-09-26 12:47:56,813 [pool-77-thread-1] INFO  server.RaftServerConfigKeys (ConfUtils.java:logGet(43)) - raft.server.log.appender.install.snapshot.enabled = false (custom)
2019-09-26 12:47:56,814 [pool-77-thread-1] INFO  impl.RaftServerImpl (ServerState.java:<init>(103)) - 22777fa1-7b60-428b-91a4-e681f8adba43@group-F01232F031B6: ConfigurationManager, init=-1: [22777fa1-7b60-428b-91a4-e681f8adba43:192.168.164.238:37397], old=null, confs=<EMPTY_MAP>
2019-09-26 12:47:56,814 [pool-77-thread-1] INFO  server.RaftServerConfigKeys (ConfUtils.java:logGet(43)) - raft.server.storage.dir = [/workdir/hadoop-ozone/integration-test/target/test-dir/MiniOzoneClusterImpl-5cb8bac5-d0f0-4551-b9d0-b3e056facdc3/datanode-5/data/ratis] (custom)
2019-09-26 12:47:56,814 [pool-77-thread-1] INFO  storage.RaftStorageDirectory (RaftStorageDirectory.java:analyzeStorage(246)) - The storage directory /workdir/hadoop-ozone/integration-test/target/test-dir/MiniOzoneClusterImpl-5cb8bac5-d0f0-4551-b9d0-b3e056facdc3/datanode-5/data/ratis/06be4fad-9534-4645-bafb-f01232f031b6 does not exist. Creating ...
2019-09-26 12:47:56,827 [pool-77-thread-1] INFO  storage.RaftStorageDirectory (RaftStorageDirectory.java:tryLock(328)) - Lock on /workdir/hadoop-ozone/integration-test/target/test-dir/MiniOzoneClusterImpl-5cb8bac5-d0f0-4551-b9d0-b3e056facdc3/datanode-5/data/ratis/06be4fad-9534-4645-bafb-f01232f031b6/in_use.lock acquired by nodename 4507@pr-hdds-1569-87zkn-1081879488
2019-09-26 12:47:56,841 [pool-77-thread-1] INFO  storage.RaftStorage (RaftStorage.java:format(72)) - Storage directory /workdir/hadoop-ozone/integration-test/target/test-dir/MiniOzoneClusterImpl-5cb8bac5-d0f0-4551-b9d0-b3e056facdc3/datanode-5/data/ratis/06be4fad-9534-4645-bafb-f01232f031b6 has been successfully formatted.
2019-09-26 12:47:56,841 [pool-77-thread-1] INFO  ratis.ContainerStateMachine (ContainerStateMachine.java:loadSnapshot(230)) - group-F01232F031B6: The snapshot info is null. Setting the last applied indexto:(t:0, i:~)
2019-09-26 12:47:56,842 [pool-77-thread-1] INFO  server.RaftServerConfigKeys (ConfUtils.java:logGet(43)) - raft.server.notification.no-leader.timeout = 120s (custom)
2019-09-26 12:47:56,842 [pool-77-thread-1] INFO  server.RaftServerConfigKeys (ConfUtils.java:logGet(43)) - raft.server.log.use.memory = false (default)
2019-09-26 12:47:56,842 [pool-77-thread-1] INFO  server.RaftServerConfigKeys (ConfUtils.java:logGet(43)) - raft.server.log.purge.gap = 1000000 (custom)
2019-09-26 12:47:56,842 [pool-77-thread-1] INFO  server.RaftServerConfigKeys (ConfUtils.java:logGet(43)) - raft.server.log.appender.buffer.byte-limit = 33554432 (custom)
2019-09-26 12:47:56,842 [pool-77-thread-1] INFO  server.RaftServerConfigKeys (ConfUtils.java:logGet(43)) - raft.server.log.segment.size.max = 1048576 (custom)
2019-09-26 12:47:56,842 [pool-77-thread-1] INFO  server.RaftServerConfigKeys (ConfUtils.java:logGet(43)) - raft.server.log.segment.cache.num.max = 2 (custom)
2019-09-26 12:47:56,843 [pool-77-thread-1] INFO  segmented.SegmentedRaftLogWorker (SegmentedRaftLogWorker.java:<init>(172)) - new 22777fa1-7b60-428b-91a4-e681f8adba43@group-F01232F031B6-SegmentedRaftLogWorker for RaftStorage:Storage Directory /workdir/hadoop-ozone/integration-test/target/test-dir/MiniOzoneClusterImpl-5cb8bac5-d0f0-4551-b9d0-b3e056facdc3/datanode-5/data/ratis/06be4fad-9534-4645-bafb-f01232f031b6
2019-09-26 12:47:56,843 [pool-77-thread-1] INFO  server.RaftServerConfigKeys (ConfUtils.java:logGet(43)) - raft.server.log.queue.byte-limit = 2147483647 (custom)
2019-09-26 12:47:56,843 [pool-77-thread-1] INFO  server.RaftServerConfigKeys (ConfUtils.java:logGet(43)) - raft.server.log.queue.element-limit = 1024 (custom)
2019-09-26 12:47:56,843 [pool-77-thread-1] INFO  server.RaftServerConfigKeys (ConfUtils.java:logGet(43)) - raft.server.log.segment.size.max = 1048576 (custom)
2019-09-26 12:47:56,843 [pool-77-thread-1] INFO  server.RaftServerConfigKeys (ConfUtils.java:logGet(43)) - raft.server.log.preallocated.size = 16384 (custom)
2019-09-26 12:47:56,843 [pool-77-thread-1] INFO  server.RaftServerConfigKeys (ConfUtils.java:logGet(43)) - raft.server.log.write.buffer.size = 33554432 (custom)
2019-09-26 12:47:56,843 [pool-77-thread-1] INFO  server.RaftServerConfigKeys (ConfUtils.java:logGet(43)) - raft.server.log.force.sync.num = 128 (default)
2019-09-26 12:47:56,843 [pool-77-thread-1] INFO  server.RaftServerConfigKeys (ConfUtils.java:logGet(43)) - raft.server.log.statemachine.data.sync = true (default)
2019-09-26 12:47:56,844 [pool-77-thread-1] INFO  server.RaftServerConfigKeys (ConfUtils.java:logGet(43)) - raft.server.log.statemachine.data.sync.timeout = 10s (default)
2019-09-26 12:47:56,844 [pool-77-thread-1] INFO  server.RaftServerConfigKeys (ConfUtils.java:logGet(43)) - raft.server.log.statemachine.data.sync.timeout.retry = -1 (default)
2019-09-26 12:47:56,844 [pool-77-thread-1] INFO  server.RaftServerConfigKeys (ConfUtils.java:logGet(43)) - raft.server.log.statemachine.data.caching.enabled = true (custom)
2019-09-26 12:47:56,844 [pool-77-thread-1] INFO  segmented.SegmentedRaftLogWorker (SegmentedRaftLogWorker.java:lambda$new$0(132)) - 22777fa1-7b60-428b-91a4-e681f8adba43@group-F01232F031B6-SegmentedRaftLogWorker: flushIndex: setUnconditionally 0 -> -1
2019-09-26 12:47:56,845 [pool-77-thread-1] INFO  server.RaftServerConfigKeys (ConfUtils.java:logGet(43)) - raft.server.snapshot.auto.trigger.enabled = true (custom)
2019-09-26 12:47:56,845 [pool-77-thread-1] INFO  server.RaftServerConfigKeys (ConfUtils.java:logGet(43)) - raft.server.snapshot.auto.trigger.threshold = 10000 (custom)
2019-09-26 12:47:56,845 [pool-77-thread-1] INFO  server.RaftServerConfigKeys (ConfUtils.java:logGet(43)) - raft.server.snapshot.retention.num.files = 5 (custom)
2019-09-26 12:47:56,845 [pool-77-thread-1] INFO  server.RaftServerConfigKeys (ConfUtils.java:logGet(43)) - raft.server.retrycache.expirytime = 600000ms (custom)
2019-09-26 12:47:56,847 [pool-77-thread-1] INFO  impl.RaftServerImpl (RaftServerImpl.java:start(185)) - 22777fa1-7b60-428b-91a4-e681f8adba43@group-F01232F031B6: start as a follower, conf=-1: [22777fa1-7b60-428b-91a4-e681f8adba43:192.168.164.238:37397], old=null
2019-09-26 12:47:56,847 [pool-77-thread-1] INFO  impl.RaftServerImpl (RaftServerImpl.java:setRole(174)) - 22777fa1-7b60-428b-91a4-e681f8adba43@group-F01232F031B6: changes role from      null to FOLLOWER at term 0 for startAsFollower
2019-09-26 12:47:56,848 [pool-77-thread-1] INFO  impl.RoleInfo (RoleInfo.java:updateAndGet(143)) - 22777fa1-7b60-428b-91a4-e681f8adba43: start FollowerState
2019-09-26 12:47:56,848 [pool-77-thread-1] INFO  util.JmxRegister (JmxRegister.java:tryRegister(44)) - Successfully registered JMX Bean with object name Ratis:service=RaftServer,group=group-F01232F031B6,id=22777fa1-7b60-428b-91a4-e681f8adba43
2019-09-26 12:47:56,851 [RatisPipelineUtilsThread] INFO  pipeline.PipelineStateManager (PipelineStateManager.java:addPipeline(56)) - Created pipeline Pipeline[ Id: 06be4fad-9534-4645-bafb-f01232f031b6, Nodes: 22777fa1-7b60-428b-91a4-e681f8adba43{ip: 192.168.164.238, host: pr-hdds-1569-87zkn-1081879488, networkLocation: /default-rack, certSerialId: null}, Type:RATIS, Factor:ONE, State:OPEN]
2019-09-26 12:47:56,852 [RatisPipelineUtilsThread] INFO  pipeline.PipelinePlacementPolicy (PipelinePlacementPolicy.java:meetCriteria(91)) - Pipeline Placement: can't place more pipeline on heavy datanode： 7f14b49f-15fb-4df6-892c-52360d3121e9 Heaviness: 6 limit: 5
2019-09-26 12:47:56,852 [RatisPipelineUtilsThread] INFO  pipeline.PipelinePlacementPolicy (PipelinePlacementPolicy.java:meetCriteria(91)) - Pipeline Placement: can't place more pipeline on heavy datanode： c217791a-6f2b-404e-8fdd-7bf246bea5f5 Heaviness: 6 limit: 5
2019-09-26 12:47:56,852 [RatisPipelineUtilsThread] INFO  pipeline.PipelinePlacementPolicy (PipelinePlacementPolicy.java:meetCriteria(91)) - Pipeline Placement: can't place more pipeline on heavy datanode： ee405521-39f0-4e35-96b7-0f3eb4cba198 Heaviness: 6 limit: 5
2019-09-26 12:47:56,860 [grpc-default-executor-0] INFO  impl.RaftServerProxy (RaftServerProxy.java:addNew(89)) - 442f14b8-64b4-4212-b9b5-a1ac78df33e2: addNew group-984CD3560CAD:[442f14b8-64b4-4212-b9b5-a1ac78df33e2:192.168.164.238:36401] returns group-984CD3560CAD:java.util.concurrent.CompletableFuture@685de361[Not completed]
2019-09-26 12:47:56,862 [pool-47-thread-1] INFO  impl.RaftServerImpl (RaftServerImpl.java:<init>(95)) - 442f14b8-64b4-4212-b9b5-a1ac78df33e2: new RaftServerImpl for group-984CD3560CAD:[442f14b8-64b4-4212-b9b5-a1ac78df33e2:192.168.164.238:36401] with ContainerStateMachine:uninitialized
2019-09-26 12:47:56,862 [pool-47-thread-1] INFO  server.RaftServerConfigKeys (ConfUtils.java:logGet(43)) - raft.server.rpc.timeout.min = 5s (custom)
2019-09-26 12:47:56,862 [pool-47-thread-1] INFO  server.RaftServerConfigKeys (ConfUtils.java:logGet(43)) - raft.server.rpc.timeout.max = 5200ms (custom)
2019-09-26 12:47:56,862 [pool-47-thread-1] INFO  server.RaftServerConfigKeys (ConfUtils.java:logGet(43)) - raft.server.rpcslowness.timeout = 120s (custom)
2019-09-26 12:47:56,862 [pool-47-thread-1] INFO  server.RaftServerConfigKeys (ConfUtils.java:logGet(43)) - raft.server.sleep.deviation.threshold = 300 (default)
2019-09-26 12:47:56,862 [pool-47-thread-1] INFO  server.RaftServerConfigKeys (ConfUtils.java:logGet(43)) - raft.server.log.appender.install.snapshot.enabled = false (custom)
2019-09-26 12:47:56,863 [pool-47-thread-1] INFO  impl.RaftServerImpl (ServerState.java:<init>(103)) - 442f14b8-64b4-4212-b9b5-a1ac78df33e2@group-984CD3560CAD: ConfigurationManager, init=-1: [442f14b8-64b4-4212-b9b5-a1ac78df33e2:192.168.164.238:36401], old=null, confs=<EMPTY_MAP>
2019-09-26 12:47:56,863 [pool-47-thread-1] INFO  server.RaftServerConfigKeys (ConfUtils.java:logGet(43)) - raft.server.storage.dir = [/workdir/hadoop-ozone/integration-test/target/test-dir/MiniOzoneClusterImpl-5cb8bac5-d0f0-4551-b9d0-b3e056facdc3/datanode-2/data/ratis] (custom)
2019-09-26 12:47:56,863 [pool-47-thread-1] INFO  storage.RaftStorageDirectory (RaftStorageDirectory.java:analyzeStorage(246)) - The storage directory /workdir/hadoop-ozone/integration-test/target/test-dir/MiniOzoneClusterImpl-5cb8bac5-d0f0-4551-b9d0-b3e056facdc3/datanode-2/data/ratis/d6e880d6-4971-4971-a948-984cd3560cad does not exist. Creating ...
2019-09-26 12:47:56,877 [pool-47-thread-1] INFO  storage.RaftStorageDirectory (RaftStorageDirectory.java:tryLock(328)) - Lock on /workdir/hadoop-ozone/integration-test/target/test-dir/MiniOzoneClusterImpl-5cb8bac5-d0f0-4551-b9d0-b3e056facdc3/datanode-2/data/ratis/d6e880d6-4971-4971-a948-984cd3560cad/in_use.lock acquired by nodename 4507@pr-hdds-1569-87zkn-1081879488
2019-09-26 12:47:56,890 [pool-47-thread-1] INFO  storage.RaftStorage (RaftStorage.java:format(72)) - Storage directory /workdir/hadoop-ozone/integration-test/target/test-dir/MiniOzoneClusterImpl-5cb8bac5-d0f0-4551-b9d0-b3e056facdc3/datanode-2/data/ratis/d6e880d6-4971-4971-a948-984cd3560cad has been successfully formatted.
2019-09-26 12:47:56,890 [pool-47-thread-1] INFO  ratis.ContainerStateMachine (ContainerStateMachine.java:loadSnapshot(230)) - group-984CD3560CAD: The snapshot info is null. Setting the last applied indexto:(t:0, i:~)
2019-09-26 12:47:56,890 [pool-47-thread-1] INFO  server.RaftServerConfigKeys (ConfUtils.java:logGet(43)) - raft.server.notification.no-leader.timeout = 120s (custom)
2019-09-26 12:47:56,891 [pool-47-thread-1] INFO  server.RaftServerConfigKeys (ConfUtils.java:logGet(43)) - raft.server.log.use.memory = false (default)
2019-09-26 12:47:56,891 [pool-47-thread-1] INFO  server.RaftServerConfigKeys (ConfUtils.java:logGet(43)) - raft.server.log.purge.gap = 1000000 (custom)
2019-09-26 12:47:56,891 [pool-47-thread-1] INFO  server.RaftServerConfigKeys (ConfUtils.java:logGet(43)) - raft.server.log.appender.buffer.byte-limit = 33554432 (custom)
2019-09-26 12:47:56,891 [pool-47-thread-1] INFO  server.RaftServerConfigKeys (ConfUtils.java:logGet(43)) - raft.server.log.segment.size.max = 1048576 (custom)
2019-09-26 12:47:56,891 [pool-47-thread-1] INFO  server.RaftServerConfigKeys (ConfUtils.java:logGet(43)) - raft.server.log.segment.cache.num.max = 2 (custom)
2019-09-26 12:47:56,891 [pool-47-thread-1] INFO  segmented.SegmentedRaftLogWorker (SegmentedRaftLogWorker.java:<init>(172)) - new 442f14b8-64b4-4212-b9b5-a1ac78df33e2@group-984CD3560CAD-SegmentedRaftLogWorker for RaftStorage:Storage Directory /workdir/hadoop-ozone/integration-test/target/test-dir/MiniOzoneClusterImpl-5cb8bac5-d0f0-4551-b9d0-b3e056facdc3/datanode-2/data/ratis/d6e880d6-4971-4971-a948-984cd3560cad
2019-09-26 12:47:56,891 [pool-47-thread-1] INFO  server.RaftServerConfigKeys (ConfUtils.java:logGet(43)) - raft.server.log.queue.byte-limit = 2147483647 (custom)
2019-09-26 12:47:56,891 [pool-47-thread-1] INFO  server.RaftServerConfigKeys (ConfUtils.java:logGet(43)) - raft.server.log.queue.element-limit = 1024 (custom)
2019-09-26 12:47:56,891 [pool-47-thread-1] INFO  server.RaftServerConfigKeys (ConfUtils.java:logGet(43)) - raft.server.log.segment.size.max = 1048576 (custom)
2019-09-26 12:47:56,892 [pool-47-thread-1] INFO  server.RaftServerConfigKeys (ConfUtils.java:logGet(43)) - raft.server.log.preallocated.size = 16384 (custom)
2019-09-26 12:47:56,892 [pool-47-thread-1] INFO  server.RaftServerConfigKeys (ConfUtils.java:logGet(43)) - raft.server.log.write.buffer.size = 33554432 (custom)
2019-09-26 12:47:56,892 [pool-47-thread-1] INFO  server.RaftServerConfigKeys (ConfUtils.java:logGet(43)) - raft.server.log.force.sync.num = 128 (default)
2019-09-26 12:47:56,892 [pool-47-thread-1] INFO  server.RaftServerConfigKeys (ConfUtils.java:logGet(43)) - raft.server.log.statemachine.data.sync = true (default)
2019-09-26 12:47:56,892 [pool-47-thread-1] INFO  server.RaftServerConfigKeys (ConfUtils.java:logGet(43)) - raft.server.log.statemachine.data.sync.timeout = 10s (default)
2019-09-26 12:47:56,892 [pool-47-thread-1] INFO  server.RaftServerConfigKeys (ConfUtils.java:logGet(43)) - raft.server.log.statemachine.data.sync.timeout.retry = -1 (default)
2019-09-26 12:47:56,892 [pool-47-thread-1] INFO  server.RaftServerConfigKeys (ConfUtils.java:logGet(43)) - raft.server.log.statemachine.data.caching.enabled = true (custom)
2019-09-26 12:47:56,893 [pool-47-thread-1] INFO  segmented.SegmentedRaftLogWorker (SegmentedRaftLogWorker.java:lambda$new$0(132)) - 442f14b8-64b4-4212-b9b5-a1ac78df33e2@group-984CD3560CAD-SegmentedRaftLogWorker: flushIndex: setUnconditionally 0 -> -1
2019-09-26 12:47:56,893 [pool-47-thread-1] INFO  server.RaftServerConfigKeys (ConfUtils.java:logGet(43)) - raft.server.snapshot.auto.trigger.enabled = true (custom)
2019-09-26 12:47:56,893 [pool-47-thread-1] INFO  server.RaftServerConfigKeys (ConfUtils.java:logGet(43)) - raft.server.snapshot.auto.trigger.threshold = 10000 (custom)
2019-09-26 12:47:56,893 [pool-47-thread-1] INFO  server.RaftServerConfigKeys (ConfUtils.java:logGet(43)) - raft.server.snapshot.retention.num.files = 5 (custom)
2019-09-26 12:47:56,893 [pool-47-thread-1] INFO  server.RaftServerConfigKeys (ConfUtils.java:logGet(43)) - raft.server.retrycache.expirytime = 600000ms (custom)
2019-09-26 12:47:56,895 [pool-47-thread-1] INFO  impl.RaftServerImpl (RaftServerImpl.java:start(185)) - 442f14b8-64b4-4212-b9b5-a1ac78df33e2@group-984CD3560CAD: start as a follower, conf=-1: [442f14b8-64b4-4212-b9b5-a1ac78df33e2:192.168.164.238:36401], old=null
2019-09-26 12:47:56,895 [pool-47-thread-1] INFO  impl.RaftServerImpl (RaftServerImpl.java:setRole(174)) - 442f14b8-64b4-4212-b9b5-a1ac78df33e2@group-984CD3560CAD: changes role from      null to FOLLOWER at term 0 for startAsFollower
2019-09-26 12:47:56,895 [pool-47-thread-1] INFO  impl.RoleInfo (RoleInfo.java:updateAndGet(143)) - 442f14b8-64b4-4212-b9b5-a1ac78df33e2: start FollowerState
2019-09-26 12:47:56,896 [pool-47-thread-1] INFO  util.JmxRegister (JmxRegister.java:tryRegister(44)) - Successfully registered JMX Bean with object name Ratis:service=RaftServer,group=group-984CD3560CAD,id=442f14b8-64b4-4212-b9b5-a1ac78df33e2
2019-09-26 12:47:56,899 [RatisPipelineUtilsThread] INFO  pipeline.PipelineStateManager (PipelineStateManager.java:addPipeline(56)) - Created pipeline Pipeline[ Id: d6e880d6-4971-4971-a948-984cd3560cad, Nodes: 442f14b8-64b4-4212-b9b5-a1ac78df33e2{ip: 192.168.164.238, host: pr-hdds-1569-87zkn-1081879488, networkLocation: /default-rack, certSerialId: null}, Type:RATIS, Factor:ONE, State:OPEN]
2019-09-26 12:47:56,899 [RatisPipelineUtilsThread] INFO  pipeline.PipelinePlacementPolicy (PipelinePlacementPolicy.java:meetCriteria(91)) - Pipeline Placement: can't place more pipeline on heavy datanode： 7f14b49f-15fb-4df6-892c-52360d3121e9 Heaviness: 6 limit: 5
2019-09-26 12:47:56,900 [RatisPipelineUtilsThread] INFO  pipeline.PipelinePlacementPolicy (PipelinePlacementPolicy.java:meetCriteria(91)) - Pipeline Placement: can't place more pipeline on heavy datanode： c217791a-6f2b-404e-8fdd-7bf246bea5f5 Heaviness: 6 limit: 5
2019-09-26 12:47:56,900 [RatisPipelineUtilsThread] INFO  pipeline.PipelinePlacementPolicy (PipelinePlacementPolicy.java:meetCriteria(91)) - Pipeline Placement: can't place more pipeline on heavy datanode： ee405521-39f0-4e35-96b7-0f3eb4cba198 Heaviness: 6 limit: 5
2019-09-26 12:47:56,905 [grpc-default-executor-0] INFO  impl.RaftServerProxy (RaftServerProxy.java:addNew(89)) - b09b7271-c85a-4a7d-93dd-691f4cd26c16: addNew group-7FCF8045E406:[b09b7271-c85a-4a7d-93dd-691f4cd26c16:192.168.164.238:46583] returns group-7FCF8045E406:java.util.concurrent.CompletableFuture@55415742[Not completed]
2019-09-26 12:47:56,907 [pool-27-thread-1] INFO  impl.RaftServerImpl (RaftServerImpl.java:<init>(95)) - b09b7271-c85a-4a7d-93dd-691f4cd26c16: new RaftServerImpl for group-7FCF8045E406:[b09b7271-c85a-4a7d-93dd-691f4cd26c16:192.168.164.238:46583] with ContainerStateMachine:uninitialized
2019-09-26 12:47:56,907 [pool-27-thread-1] INFO  server.RaftServerConfigKeys (ConfUtils.java:logGet(43)) - raft.server.rpc.timeout.min = 5s (custom)
2019-09-26 12:47:56,907 [pool-27-thread-1] INFO  server.RaftServerConfigKeys (ConfUtils.java:logGet(43)) - raft.server.rpc.timeout.max = 5200ms (custom)
2019-09-26 12:47:56,907 [pool-27-thread-1] INFO  server.RaftServerConfigKeys (ConfUtils.java:logGet(43)) - raft.server.rpcslowness.timeout = 120s (custom)
2019-09-26 12:47:56,907 [pool-27-thread-1] INFO  server.RaftServerConfigKeys (ConfUtils.java:logGet(43)) - raft.server.sleep.deviation.threshold = 300 (default)
2019-09-26 12:47:56,907 [pool-27-thread-1] INFO  server.RaftServerConfigKeys (ConfUtils.java:logGet(43)) - raft.server.log.appender.install.snapshot.enabled = false (custom)
2019-09-26 12:47:56,907 [pool-27-thread-1] INFO  impl.RaftServerImpl (ServerState.java:<init>(103)) - b09b7271-c85a-4a7d-93dd-691f4cd26c16@group-7FCF8045E406: ConfigurationManager, init=-1: [b09b7271-c85a-4a7d-93dd-691f4cd26c16:192.168.164.238:46583], old=null, confs=<EMPTY_MAP>
2019-09-26 12:47:56,907 [pool-27-thread-1] INFO  server.RaftServerConfigKeys (ConfUtils.java:logGet(43)) - raft.server.storage.dir = [/workdir/hadoop-ozone/integration-test/target/test-dir/MiniOzoneClusterImpl-5cb8bac5-d0f0-4551-b9d0-b3e056facdc3/datanode-0/data/ratis] (custom)
2019-09-26 12:47:56,908 [pool-27-thread-1] INFO  storage.RaftStorageDirectory (RaftStorageDirectory.java:analyzeStorage(246)) - The storage directory /workdir/hadoop-ozone/integration-test/target/test-dir/MiniOzoneClusterImpl-5cb8bac5-d0f0-4551-b9d0-b3e056facdc3/datanode-0/data/ratis/0ecf0254-016c-4f59-8803-7fcf8045e406 does not exist. Creating ...
2019-09-26 12:47:56,920 [pool-27-thread-1] INFO  storage.RaftStorageDirectory (RaftStorageDirectory.java:tryLock(328)) - Lock on /workdir/hadoop-ozone/integration-test/target/test-dir/MiniOzoneClusterImpl-5cb8bac5-d0f0-4551-b9d0-b3e056facdc3/datanode-0/data/ratis/0ecf0254-016c-4f59-8803-7fcf8045e406/in_use.lock acquired by nodename 4507@pr-hdds-1569-87zkn-1081879488
2019-09-26 12:47:56,933 [pool-27-thread-1] INFO  storage.RaftStorage (RaftStorage.java:format(72)) - Storage directory /workdir/hadoop-ozone/integration-test/target/test-dir/MiniOzoneClusterImpl-5cb8bac5-d0f0-4551-b9d0-b3e056facdc3/datanode-0/data/ratis/0ecf0254-016c-4f59-8803-7fcf8045e406 has been successfully formatted.
2019-09-26 12:47:56,934 [pool-27-thread-1] INFO  ratis.ContainerStateMachine (ContainerStateMachine.java:loadSnapshot(230)) - group-7FCF8045E406: The snapshot info is null. Setting the last applied indexto:(t:0, i:~)
2019-09-26 12:47:56,934 [pool-27-thread-1] INFO  server.RaftServerConfigKeys (ConfUtils.java:logGet(43)) - raft.server.notification.no-leader.timeout = 120s (custom)
2019-09-26 12:47:56,934 [pool-27-thread-1] INFO  server.RaftServerConfigKeys (ConfUtils.java:logGet(43)) - raft.server.log.use.memory = false (default)
2019-09-26 12:47:56,934 [pool-27-thread-1] INFO  server.RaftServerConfigKeys (ConfUtils.java:logGet(43)) - raft.server.log.purge.gap = 1000000 (custom)
2019-09-26 12:47:56,934 [pool-27-thread-1] INFO  server.RaftServerConfigKeys (ConfUtils.java:logGet(43)) - raft.server.log.appender.buffer.byte-limit = 33554432 (custom)
2019-09-26 12:47:56,934 [pool-27-thread-1] INFO  server.RaftServerConfigKeys (ConfUtils.java:logGet(43)) - raft.server.log.segment.size.max = 1048576 (custom)
2019-09-26 12:47:56,934 [pool-27-thread-1] INFO  server.RaftServerConfigKeys (ConfUtils.java:logGet(43)) - raft.server.log.segment.cache.num.max = 2 (custom)
2019-09-26 12:47:56,935 [pool-27-thread-1] INFO  segmented.SegmentedRaftLogWorker (SegmentedRaftLogWorker.java:<init>(172)) - new b09b7271-c85a-4a7d-93dd-691f4cd26c16@group-7FCF8045E406-SegmentedRaftLogWorker for RaftStorage:Storage Directory /workdir/hadoop-ozone/integration-test/target/test-dir/MiniOzoneClusterImpl-5cb8bac5-d0f0-4551-b9d0-b3e056facdc3/datanode-0/data/ratis/0ecf0254-016c-4f59-8803-7fcf8045e406
2019-09-26 12:47:56,935 [pool-27-thread-1] INFO  server.RaftServerConfigKeys (ConfUtils.java:logGet(43)) - raft.server.log.queue.byte-limit = 2147483647 (custom)
2019-09-26 12:47:56,935 [pool-27-thread-1] INFO  server.RaftServerConfigKeys (ConfUtils.java:logGet(43)) - raft.server.log.queue.element-limit = 1024 (custom)
2019-09-26 12:47:56,935 [pool-27-thread-1] INFO  server.RaftServerConfigKeys (ConfUtils.java:logGet(43)) - raft.server.log.segment.size.max = 1048576 (custom)
2019-09-26 12:47:56,935 [pool-27-thread-1] INFO  server.RaftServerConfigKeys (ConfUtils.java:logGet(43)) - raft.server.log.preallocated.size = 16384 (custom)
2019-09-26 12:47:56,935 [pool-27-thread-1] INFO  server.RaftServerConfigKeys (ConfUtils.java:logGet(43)) - raft.server.log.write.buffer.size = 33554432 (custom)
2019-09-26 12:47:56,935 [pool-27-thread-1] INFO  server.RaftServerConfigKeys (ConfUtils.java:logGet(43)) - raft.server.log.force.sync.num = 128 (default)
2019-09-26 12:47:56,935 [pool-27-thread-1] INFO  server.RaftServerConfigKeys (ConfUtils.java:logGet(43)) - raft.server.log.statemachine.data.sync = true (default)
2019-09-26 12:47:56,935 [pool-27-thread-1] INFO  server.RaftServerConfigKeys (ConfUtils.java:logGet(43)) - raft.server.log.statemachine.data.sync.timeout = 10s (default)
2019-09-26 12:47:56,935 [pool-27-thread-1] INFO  server.RaftServerConfigKeys (ConfUtils.java:logGet(43)) - raft.server.log.statemachine.data.sync.timeout.retry = -1 (default)
2019-09-26 12:47:56,936 [pool-27-thread-1] INFO  server.RaftServerConfigKeys (ConfUtils.java:logGet(43)) - raft.server.log.statemachine.data.caching.enabled = true (custom)
2019-09-26 12:47:56,936 [pool-27-thread-1] INFO  segmented.SegmentedRaftLogWorker (SegmentedRaftLogWorker.java:lambda$new$0(132)) - b09b7271-c85a-4a7d-93dd-691f4cd26c16@group-7FCF8045E406-SegmentedRaftLogWorker: flushIndex: setUnconditionally 0 -> -1
2019-09-26 12:47:56,936 [pool-27-thread-1] INFO  server.RaftServerConfigKeys (ConfUtils.java:logGet(43)) - raft.server.snapshot.auto.trigger.enabled = true (custom)
2019-09-26 12:47:56,937 [pool-27-thread-1] INFO  server.RaftServerConfigKeys (ConfUtils.java:logGet(43)) - raft.server.snapshot.auto.trigger.threshold = 10000 (custom)
2019-09-26 12:47:56,937 [pool-27-thread-1] INFO  server.RaftServerConfigKeys (ConfUtils.java:logGet(43)) - raft.server.snapshot.retention.num.files = 5 (custom)
2019-09-26 12:47:56,937 [pool-27-thread-1] INFO  server.RaftServerConfigKeys (ConfUtils.java:logGet(43)) - raft.server.retrycache.expirytime = 600000ms (custom)
2019-09-26 12:47:56,940 [pool-27-thread-1] INFO  impl.RaftServerImpl (RaftServerImpl.java:start(185)) - b09b7271-c85a-4a7d-93dd-691f4cd26c16@group-7FCF8045E406: start as a follower, conf=-1: [b09b7271-c85a-4a7d-93dd-691f4cd26c16:192.168.164.238:46583], old=null
2019-09-26 12:47:56,940 [pool-27-thread-1] INFO  impl.RaftServerImpl (RaftServerImpl.java:setRole(174)) - b09b7271-c85a-4a7d-93dd-691f4cd26c16@group-7FCF8045E406: changes role from      null to FOLLOWER at term 0 for startAsFollower
2019-09-26 12:47:56,940 [pool-27-thread-1] INFO  impl.RoleInfo (RoleInfo.java:updateAndGet(143)) - b09b7271-c85a-4a7d-93dd-691f4cd26c16: start FollowerState
2019-09-26 12:47:56,940 [pool-27-thread-1] INFO  util.JmxRegister (JmxRegister.java:tryRegister(44)) - Successfully registered JMX Bean with object name Ratis:service=RaftServer,group=group-7FCF8045E406,id=b09b7271-c85a-4a7d-93dd-691f4cd26c16
2019-09-26 12:47:56,944 [RatisPipelineUtilsThread] INFO  pipeline.PipelineStateManager (PipelineStateManager.java:addPipeline(56)) - Created pipeline Pipeline[ Id: 0ecf0254-016c-4f59-8803-7fcf8045e406, Nodes: b09b7271-c85a-4a7d-93dd-691f4cd26c16{ip: 192.168.164.238, host: pr-hdds-1569-87zkn-1081879488, networkLocation: /default-rack, certSerialId: null}, Type:RATIS, Factor:ONE, State:OPEN]
2019-09-26 12:47:56,944 [RatisPipelineUtilsThread] INFO  pipeline.PipelinePlacementPolicy (PipelinePlacementPolicy.java:meetCriteria(91)) - Pipeline Placement: can't place more pipeline on heavy datanode： 7f14b49f-15fb-4df6-892c-52360d3121e9 Heaviness: 6 limit: 5
2019-09-26 12:47:56,944 [RatisPipelineUtilsThread] INFO  pipeline.PipelinePlacementPolicy (PipelinePlacementPolicy.java:meetCriteria(91)) - Pipeline Placement: can't place more pipeline on heavy datanode： c217791a-6f2b-404e-8fdd-7bf246bea5f5 Heaviness: 6 limit: 5
2019-09-26 12:47:56,944 [RatisPipelineUtilsThread] INFO  pipeline.PipelinePlacementPolicy (PipelinePlacementPolicy.java:meetCriteria(91)) - Pipeline Placement: can't place more pipeline on heavy datanode： ee405521-39f0-4e35-96b7-0f3eb4cba198 Heaviness: 6 limit: 5
2019-09-26 12:47:56,950 [grpc-default-executor-0] INFO  impl.RaftServerProxy (RaftServerProxy.java:addNew(89)) - 1f593858-be54-4a38-8f27-11510ad87306: addNew group-612CF9A683DC:[1f593858-be54-4a38-8f27-11510ad87306:192.168.164.238:35544] returns group-612CF9A683DC:java.util.concurrent.CompletableFuture@4a80f116[Not completed]
2019-09-26 12:47:56,951 [pool-57-thread-1] INFO  impl.RaftServerImpl (RaftServerImpl.java:<init>(95)) - 1f593858-be54-4a38-8f27-11510ad87306: new RaftServerImpl for group-612CF9A683DC:[1f593858-be54-4a38-8f27-11510ad87306:192.168.164.238:35544] with ContainerStateMachine:uninitialized
2019-09-26 12:47:56,952 [pool-57-thread-1] INFO  server.RaftServerConfigKeys (ConfUtils.java:logGet(43)) - raft.server.rpc.timeout.min = 5s (custom)
2019-09-26 12:47:56,952 [pool-57-thread-1] INFO  server.RaftServerConfigKeys (ConfUtils.java:logGet(43)) - raft.server.rpc.timeout.max = 5200ms (custom)
2019-09-26 12:47:56,952 [pool-57-thread-1] INFO  server.RaftServerConfigKeys (ConfUtils.java:logGet(43)) - raft.server.rpcslowness.timeout = 120s (custom)
2019-09-26 12:47:56,952 [pool-57-thread-1] INFO  server.RaftServerConfigKeys (ConfUtils.java:logGet(43)) - raft.server.sleep.deviation.threshold = 300 (default)
2019-09-26 12:47:56,952 [pool-57-thread-1] INFO  server.RaftServerConfigKeys (ConfUtils.java:logGet(43)) - raft.server.log.appender.install.snapshot.enabled = false (custom)
2019-09-26 12:47:56,952 [pool-57-thread-1] INFO  impl.RaftServerImpl (ServerState.java:<init>(103)) - 1f593858-be54-4a38-8f27-11510ad87306@group-612CF9A683DC: ConfigurationManager, init=-1: [1f593858-be54-4a38-8f27-11510ad87306:192.168.164.238:35544], old=null, confs=<EMPTY_MAP>
2019-09-26 12:47:56,952 [pool-57-thread-1] INFO  server.RaftServerConfigKeys (ConfUtils.java:logGet(43)) - raft.server.storage.dir = [/workdir/hadoop-ozone/integration-test/target/test-dir/MiniOzoneClusterImpl-5cb8bac5-d0f0-4551-b9d0-b3e056facdc3/datanode-3/data/ratis] (custom)
2019-09-26 12:47:56,953 [pool-57-thread-1] INFO  storage.RaftStorageDirectory (RaftStorageDirectory.java:analyzeStorage(246)) - The storage directory /workdir/hadoop-ozone/integration-test/target/test-dir/MiniOzoneClusterImpl-5cb8bac5-d0f0-4551-b9d0-b3e056facdc3/datanode-3/data/ratis/41a7ae7c-bdc9-4cf1-ae8a-612cf9a683dc does not exist. Creating ...
2019-09-26 12:47:56,976 [pool-57-thread-1] INFO  storage.RaftStorageDirectory (RaftStorageDirectory.java:tryLock(328)) - Lock on /workdir/hadoop-ozone/integration-test/target/test-dir/MiniOzoneClusterImpl-5cb8bac5-d0f0-4551-b9d0-b3e056facdc3/datanode-3/data/ratis/41a7ae7c-bdc9-4cf1-ae8a-612cf9a683dc/in_use.lock acquired by nodename 4507@pr-hdds-1569-87zkn-1081879488
2019-09-26 12:47:56,996 [pool-57-thread-1] INFO  storage.RaftStorage (RaftStorage.java:format(72)) - Storage directory /workdir/hadoop-ozone/integration-test/target/test-dir/MiniOzoneClusterImpl-5cb8bac5-d0f0-4551-b9d0-b3e056facdc3/datanode-3/data/ratis/41a7ae7c-bdc9-4cf1-ae8a-612cf9a683dc has been successfully formatted.
2019-09-26 12:47:56,996 [pool-57-thread-1] INFO  ratis.ContainerStateMachine (ContainerStateMachine.java:loadSnapshot(230)) - group-612CF9A683DC: The snapshot info is null. Setting the last applied indexto:(t:0, i:~)
2019-09-26 12:47:56,997 [pool-57-thread-1] INFO  server.RaftServerConfigKeys (ConfUtils.java:logGet(43)) - raft.server.notification.no-leader.timeout = 120s (custom)
2019-09-26 12:47:56,997 [pool-57-thread-1] INFO  server.RaftServerConfigKeys (ConfUtils.java:logGet(43)) - raft.server.log.use.memory = false (default)
2019-09-26 12:47:56,997 [pool-57-thread-1] INFO  server.RaftServerConfigKeys (ConfUtils.java:logGet(43)) - raft.server.log.purge.gap = 1000000 (custom)
2019-09-26 12:47:56,997 [pool-57-thread-1] INFO  server.RaftServerConfigKeys (ConfUtils.java:logGet(43)) - raft.server.log.appender.buffer.byte-limit = 33554432 (custom)
2019-09-26 12:47:56,997 [pool-57-thread-1] INFO  server.RaftServerConfigKeys (ConfUtils.java:logGet(43)) - raft.server.log.segment.size.max = 1048576 (custom)
2019-09-26 12:47:56,997 [pool-57-thread-1] INFO  server.RaftServerConfigKeys (ConfUtils.java:logGet(43)) - raft.server.log.segment.cache.num.max = 2 (custom)
2019-09-26 12:47:56,998 [pool-57-thread-1] INFO  segmented.SegmentedRaftLogWorker (SegmentedRaftLogWorker.java:<init>(172)) - new 1f593858-be54-4a38-8f27-11510ad87306@group-612CF9A683DC-SegmentedRaftLogWorker for RaftStorage:Storage Directory /workdir/hadoop-ozone/integration-test/target/test-dir/MiniOzoneClusterImpl-5cb8bac5-d0f0-4551-b9d0-b3e056facdc3/datanode-3/data/ratis/41a7ae7c-bdc9-4cf1-ae8a-612cf9a683dc
2019-09-26 12:47:56,998 [pool-57-thread-1] INFO  server.RaftServerConfigKeys (ConfUtils.java:logGet(43)) - raft.server.log.queue.byte-limit = 2147483647 (custom)
2019-09-26 12:47:56,998 [pool-57-thread-1] INFO  server.RaftServerConfigKeys (ConfUtils.java:logGet(43)) - raft.server.log.queue.element-limit = 1024 (custom)
2019-09-26 12:47:56,998 [pool-57-thread-1] INFO  server.RaftServerConfigKeys (ConfUtils.java:logGet(43)) - raft.server.log.segment.size.max = 1048576 (custom)
2019-09-26 12:47:56,998 [pool-57-thread-1] INFO  server.RaftServerConfigKeys (ConfUtils.java:logGet(43)) - raft.server.log.preallocated.size = 16384 (custom)
2019-09-26 12:47:56,998 [pool-57-thread-1] INFO  server.RaftServerConfigKeys (ConfUtils.java:logGet(43)) - raft.server.log.write.buffer.size = 33554432 (custom)
2019-09-26 12:47:56,998 [pool-57-thread-1] INFO  server.RaftServerConfigKeys (ConfUtils.java:logGet(43)) - raft.server.log.force.sync.num = 128 (default)
2019-09-26 12:47:56,998 [pool-57-thread-1] INFO  server.RaftServerConfigKeys (ConfUtils.java:logGet(43)) - raft.server.log.statemachine.data.sync = true (default)
2019-09-26 12:47:56,999 [pool-57-thread-1] INFO  server.RaftServerConfigKeys (ConfUtils.java:logGet(43)) - raft.server.log.statemachine.data.sync.timeout = 10s (default)
2019-09-26 12:47:56,999 [pool-57-thread-1] INFO  server.RaftServerConfigKeys (ConfUtils.java:logGet(43)) - raft.server.log.statemachine.data.sync.timeout.retry = -1 (default)
2019-09-26 12:47:56,999 [pool-57-thread-1] INFO  server.RaftServerConfigKeys (ConfUtils.java:logGet(43)) - raft.server.log.statemachine.data.caching.enabled = true (custom)
2019-09-26 12:47:56,999 [pool-57-thread-1] INFO  segmented.SegmentedRaftLogWorker (SegmentedRaftLogWorker.java:lambda$new$0(132)) - 1f593858-be54-4a38-8f27-11510ad87306@group-612CF9A683DC-SegmentedRaftLogWorker: flushIndex: setUnconditionally 0 -> -1
2019-09-26 12:47:57,000 [pool-57-thread-1] INFO  server.RaftServerConfigKeys (ConfUtils.java:logGet(43)) - raft.server.snapshot.auto.trigger.enabled = true (custom)
2019-09-26 12:47:57,000 [pool-57-thread-1] INFO  server.RaftServerConfigKeys (ConfUtils.java:logGet(43)) - raft.server.snapshot.auto.trigger.threshold = 10000 (custom)
2019-09-26 12:47:57,000 [pool-57-thread-1] INFO  server.RaftServerConfigKeys (ConfUtils.java:logGet(43)) - raft.server.snapshot.retention.num.files = 5 (custom)
2019-09-26 12:47:57,000 [pool-57-thread-1] INFO  server.RaftServerConfigKeys (ConfUtils.java:logGet(43)) - raft.server.retrycache.expirytime = 600000ms (custom)
2019-09-26 12:47:57,002 [pool-57-thread-1] INFO  impl.RaftServerImpl (RaftServerImpl.java:start(185)) - 1f593858-be54-4a38-8f27-11510ad87306@group-612CF9A683DC: start as a follower, conf=-1: [1f593858-be54-4a38-8f27-11510ad87306:192.168.164.238:35544], old=null
2019-09-26 12:47:57,002 [pool-57-thread-1] INFO  impl.RaftServerImpl (RaftServerImpl.java:setRole(174)) - 1f593858-be54-4a38-8f27-11510ad87306@group-612CF9A683DC: changes role from      null to FOLLOWER at term 0 for startAsFollower
2019-09-26 12:47:57,003 [pool-57-thread-1] INFO  impl.RoleInfo (RoleInfo.java:updateAndGet(143)) - 1f593858-be54-4a38-8f27-11510ad87306: start FollowerState
2019-09-26 12:47:57,003 [pool-57-thread-1] INFO  util.JmxRegister (JmxRegister.java:tryRegister(44)) - Successfully registered JMX Bean with object name Ratis:service=RaftServer,group=group-612CF9A683DC,id=1f593858-be54-4a38-8f27-11510ad87306
2019-09-26 12:47:57,007 [RatisPipelineUtilsThread] INFO  pipeline.PipelineStateManager (PipelineStateManager.java:addPipeline(56)) - Created pipeline Pipeline[ Id: 41a7ae7c-bdc9-4cf1-ae8a-612cf9a683dc, Nodes: 1f593858-be54-4a38-8f27-11510ad87306{ip: 192.168.164.238, host: pr-hdds-1569-87zkn-1081879488, networkLocation: /default-rack, certSerialId: null}, Type:RATIS, Factor:ONE, State:OPEN]
2019-09-26 12:47:57,007 [RatisPipelineUtilsThread] INFO  pipeline.PipelinePlacementPolicy (PipelinePlacementPolicy.java:meetCriteria(91)) - Pipeline Placement: can't place more pipeline on heavy datanode： 7f14b49f-15fb-4df6-892c-52360d3121e9 Heaviness: 6 limit: 5
2019-09-26 12:47:57,007 [RatisPipelineUtilsThread] INFO  pipeline.PipelinePlacementPolicy (PipelinePlacementPolicy.java:meetCriteria(91)) - Pipeline Placement: can't place more pipeline on heavy datanode： c217791a-6f2b-404e-8fdd-7bf246bea5f5 Heaviness: 6 limit: 5
2019-09-26 12:47:57,007 [RatisPipelineUtilsThread] INFO  pipeline.PipelinePlacementPolicy (PipelinePlacementPolicy.java:meetCriteria(91)) - Pipeline Placement: can't place more pipeline on heavy datanode： ee405521-39f0-4e35-96b7-0f3eb4cba198 Heaviness: 6 limit: 5
2019-09-26 12:47:57,015 [grpc-default-executor-0] INFO  impl.RaftServerProxy (RaftServerProxy.java:addNew(89)) - 1f593858-be54-4a38-8f27-11510ad87306: addNew group-61B0EA91C0E4:[1f593858-be54-4a38-8f27-11510ad87306:192.168.164.238:35544] returns group-61B0EA91C0E4:java.util.concurrent.CompletableFuture@412e7fbb[Not completed]
2019-09-26 12:47:57,016 [pool-57-thread-1] INFO  impl.RaftServerImpl (RaftServerImpl.java:<init>(95)) - 1f593858-be54-4a38-8f27-11510ad87306: new RaftServerImpl for group-61B0EA91C0E4:[1f593858-be54-4a38-8f27-11510ad87306:192.168.164.238:35544] with ContainerStateMachine:uninitialized
2019-09-26 12:47:57,016 [pool-57-thread-1] INFO  server.RaftServerConfigKeys (ConfUtils.java:logGet(43)) - raft.server.rpc.timeout.min = 5s (custom)
2019-09-26 12:47:57,016 [pool-57-thread-1] INFO  server.RaftServerConfigKeys (ConfUtils.java:logGet(43)) - raft.server.rpc.timeout.max = 5200ms (custom)
2019-09-26 12:47:57,016 [pool-57-thread-1] INFO  server.RaftServerConfigKeys (ConfUtils.java:logGet(43)) - raft.server.rpcslowness.timeout = 120s (custom)
2019-09-26 12:47:57,017 [pool-57-thread-1] INFO  server.RaftServerConfigKeys (ConfUtils.java:logGet(43)) - raft.server.sleep.deviation.threshold = 300 (default)
2019-09-26 12:47:57,017 [pool-57-thread-1] INFO  server.RaftServerConfigKeys (ConfUtils.java:logGet(43)) - raft.server.log.appender.install.snapshot.enabled = false (custom)
2019-09-26 12:47:57,017 [pool-57-thread-1] INFO  impl.RaftServerImpl (ServerState.java:<init>(103)) - 1f593858-be54-4a38-8f27-11510ad87306@group-61B0EA91C0E4: ConfigurationManager, init=-1: [1f593858-be54-4a38-8f27-11510ad87306:192.168.164.238:35544], old=null, confs=<EMPTY_MAP>
2019-09-26 12:47:57,017 [pool-57-thread-1] INFO  server.RaftServerConfigKeys (ConfUtils.java:logGet(43)) - raft.server.storage.dir = [/workdir/hadoop-ozone/integration-test/target/test-dir/MiniOzoneClusterImpl-5cb8bac5-d0f0-4551-b9d0-b3e056facdc3/datanode-3/data/ratis] (custom)
2019-09-26 12:47:57,017 [pool-57-thread-1] INFO  storage.RaftStorageDirectory (RaftStorageDirectory.java:analyzeStorage(246)) - The storage directory /workdir/hadoop-ozone/integration-test/target/test-dir/MiniOzoneClusterImpl-5cb8bac5-d0f0-4551-b9d0-b3e056facdc3/datanode-3/data/ratis/fdba14e1-4e13-41d4-bd73-61b0ea91c0e4 does not exist. Creating ...
2019-09-26 12:47:57,031 [pool-57-thread-1] INFO  storage.RaftStorageDirectory (RaftStorageDirectory.java:tryLock(328)) - Lock on /workdir/hadoop-ozone/integration-test/target/test-dir/MiniOzoneClusterImpl-5cb8bac5-d0f0-4551-b9d0-b3e056facdc3/datanode-3/data/ratis/fdba14e1-4e13-41d4-bd73-61b0ea91c0e4/in_use.lock acquired by nodename 4507@pr-hdds-1569-87zkn-1081879488
2019-09-26 12:47:57,044 [pool-57-thread-1] INFO  storage.RaftStorage (RaftStorage.java:format(72)) - Storage directory /workdir/hadoop-ozone/integration-test/target/test-dir/MiniOzoneClusterImpl-5cb8bac5-d0f0-4551-b9d0-b3e056facdc3/datanode-3/data/ratis/fdba14e1-4e13-41d4-bd73-61b0ea91c0e4 has been successfully formatted.
2019-09-26 12:47:57,044 [pool-57-thread-1] INFO  ratis.ContainerStateMachine (ContainerStateMachine.java:loadSnapshot(230)) - group-61B0EA91C0E4: The snapshot info is null. Setting the last applied indexto:(t:0, i:~)
2019-09-26 12:47:57,044 [pool-57-thread-1] INFO  server.RaftServerConfigKeys (ConfUtils.java:logGet(43)) - raft.server.notification.no-leader.timeout = 120s (custom)
2019-09-26 12:47:57,045 [pool-57-thread-1] INFO  server.RaftServerConfigKeys (ConfUtils.java:logGet(43)) - raft.server.log.use.memory = false (default)
2019-09-26 12:47:57,045 [pool-57-thread-1] INFO  server.RaftServerConfigKeys (ConfUtils.java:logGet(43)) - raft.server.log.purge.gap = 1000000 (custom)
2019-09-26 12:47:57,045 [pool-57-thread-1] INFO  server.RaftServerConfigKeys (ConfUtils.java:logGet(43)) - raft.server.log.appender.buffer.byte-limit = 33554432 (custom)
2019-09-26 12:47:57,045 [pool-57-thread-1] INFO  server.RaftServerConfigKeys (ConfUtils.java:logGet(43)) - raft.server.log.segment.size.max = 1048576 (custom)
2019-09-26 12:47:57,045 [pool-57-thread-1] INFO  server.RaftServerConfigKeys (ConfUtils.java:logGet(43)) - raft.server.log.segment.cache.num.max = 2 (custom)
2019-09-26 12:47:57,045 [pool-57-thread-1] INFO  segmented.SegmentedRaftLogWorker (SegmentedRaftLogWorker.java:<init>(172)) - new 1f593858-be54-4a38-8f27-11510ad87306@group-61B0EA91C0E4-SegmentedRaftLogWorker for RaftStorage:Storage Directory /workdir/hadoop-ozone/integration-test/target/test-dir/MiniOzoneClusterImpl-5cb8bac5-d0f0-4551-b9d0-b3e056facdc3/datanode-3/data/ratis/fdba14e1-4e13-41d4-bd73-61b0ea91c0e4
2019-09-26 12:47:57,045 [pool-57-thread-1] INFO  server.RaftServerConfigKeys (ConfUtils.java:logGet(43)) - raft.server.log.queue.byte-limit = 2147483647 (custom)
2019-09-26 12:47:57,045 [pool-57-thread-1] INFO  server.RaftServerConfigKeys (ConfUtils.java:logGet(43)) - raft.server.log.queue.element-limit = 1024 (custom)
2019-09-26 12:47:57,046 [pool-57-thread-1] INFO  server.RaftServerConfigKeys (ConfUtils.java:logGet(43)) - raft.server.log.segment.size.max = 1048576 (custom)
2019-09-26 12:47:57,046 [pool-57-thread-1] INFO  server.RaftServerConfigKeys (ConfUtils.java:logGet(43)) - raft.server.log.preallocated.size = 16384 (custom)
2019-09-26 12:47:57,046 [pool-57-thread-1] INFO  server.RaftServerConfigKeys (ConfUtils.java:logGet(43)) - raft.server.log.write.buffer.size = 33554432 (custom)
2019-09-26 12:47:57,046 [pool-57-thread-1] INFO  server.RaftServerConfigKeys (ConfUtils.java:logGet(43)) - raft.server.log.force.sync.num = 128 (default)
2019-09-26 12:47:57,046 [pool-57-thread-1] INFO  server.RaftServerConfigKeys (ConfUtils.java:logGet(43)) - raft.server.log.statemachine.data.sync = true (default)
2019-09-26 12:47:57,046 [pool-57-thread-1] INFO  server.RaftServerConfigKeys (ConfUtils.java:logGet(43)) - raft.server.log.statemachine.data.sync.timeout = 10s (default)
2019-09-26 12:47:57,046 [pool-57-thread-1] INFO  server.RaftServerConfigKeys (ConfUtils.java:logGet(43)) - raft.server.log.statemachine.data.sync.timeout.retry = -1 (default)
2019-09-26 12:47:57,046 [pool-57-thread-1] INFO  server.RaftServerConfigKeys (ConfUtils.java:logGet(43)) - raft.server.log.statemachine.data.caching.enabled = true (custom)
2019-09-26 12:47:57,047 [pool-57-thread-1] INFO  segmented.SegmentedRaftLogWorker (SegmentedRaftLogWorker.java:lambda$new$0(132)) - 1f593858-be54-4a38-8f27-11510ad87306@group-61B0EA91C0E4-SegmentedRaftLogWorker: flushIndex: setUnconditionally 0 -> -1
2019-09-26 12:47:57,047 [pool-57-thread-1] INFO  server.RaftServerConfigKeys (ConfUtils.java:logGet(43)) - raft.server.snapshot.auto.trigger.enabled = true (custom)
2019-09-26 12:47:57,047 [pool-57-thread-1] INFO  server.RaftServerConfigKeys (ConfUtils.java:logGet(43)) - raft.server.snapshot.auto.trigger.threshold = 10000 (custom)
2019-09-26 12:47:57,047 [pool-57-thread-1] INFO  server.RaftServerConfigKeys (ConfUtils.java:logGet(43)) - raft.server.snapshot.retention.num.files = 5 (custom)
2019-09-26 12:47:57,047 [pool-57-thread-1] INFO  server.RaftServerConfigKeys (ConfUtils.java:logGet(43)) - raft.server.retrycache.expirytime = 600000ms (custom)
2019-09-26 12:47:57,049 [pool-57-thread-1] INFO  impl.RaftServerImpl (RaftServerImpl.java:start(185)) - 1f593858-be54-4a38-8f27-11510ad87306@group-61B0EA91C0E4: start as a follower, conf=-1: [1f593858-be54-4a38-8f27-11510ad87306:192.168.164.238:35544], old=null
2019-09-26 12:47:57,049 [pool-57-thread-1] INFO  impl.RaftServerImpl (RaftServerImpl.java:setRole(174)) - 1f593858-be54-4a38-8f27-11510ad87306@group-61B0EA91C0E4: changes role from      null to FOLLOWER at term 0 for startAsFollower
2019-09-26 12:47:57,049 [pool-57-thread-1] INFO  impl.RoleInfo (RoleInfo.java:updateAndGet(143)) - 1f593858-be54-4a38-8f27-11510ad87306: start FollowerState
2019-09-26 12:47:57,049 [pool-57-thread-1] INFO  util.JmxRegister (JmxRegister.java:tryRegister(44)) - Successfully registered JMX Bean with object name Ratis:service=RaftServer,group=group-61B0EA91C0E4,id=1f593858-be54-4a38-8f27-11510ad87306
2019-09-26 12:47:57,052 [RatisPipelineUtilsThread] INFO  pipeline.PipelineStateManager (PipelineStateManager.java:addPipeline(56)) - Created pipeline Pipeline[ Id: fdba14e1-4e13-41d4-bd73-61b0ea91c0e4, Nodes: 1f593858-be54-4a38-8f27-11510ad87306{ip: 192.168.164.238, host: pr-hdds-1569-87zkn-1081879488, networkLocation: /default-rack, certSerialId: null}, Type:RATIS, Factor:ONE, State:OPEN]
2019-09-26 12:47:57,053 [RatisPipelineUtilsThread] INFO  pipeline.PipelinePlacementPolicy (PipelinePlacementPolicy.java:meetCriteria(91)) - Pipeline Placement: can't place more pipeline on heavy datanode： 7f14b49f-15fb-4df6-892c-52360d3121e9 Heaviness: 6 limit: 5
2019-09-26 12:47:57,053 [RatisPipelineUtilsThread] INFO  pipeline.PipelinePlacementPolicy (PipelinePlacementPolicy.java:meetCriteria(91)) - Pipeline Placement: can't place more pipeline on heavy datanode： c217791a-6f2b-404e-8fdd-7bf246bea5f5 Heaviness: 6 limit: 5
2019-09-26 12:47:57,053 [RatisPipelineUtilsThread] INFO  pipeline.PipelinePlacementPolicy (PipelinePlacementPolicy.java:meetCriteria(91)) - Pipeline Placement: can't place more pipeline on heavy datanode： ee405521-39f0-4e35-96b7-0f3eb4cba198 Heaviness: 6 limit: 5
2019-09-26 12:47:57,059 [grpc-default-executor-0] INFO  impl.RaftServerProxy (RaftServerProxy.java:addNew(89)) - 22777fa1-7b60-428b-91a4-e681f8adba43: addNew group-68860D7D0796:[22777fa1-7b60-428b-91a4-e681f8adba43:192.168.164.238:37397] returns group-68860D7D0796:java.util.concurrent.CompletableFuture@4b4423d8[Not completed]
2019-09-26 12:47:57,060 [pool-77-thread-1] INFO  impl.RaftServerImpl (RaftServerImpl.java:<init>(95)) - 22777fa1-7b60-428b-91a4-e681f8adba43: new RaftServerImpl for group-68860D7D0796:[22777fa1-7b60-428b-91a4-e681f8adba43:192.168.164.238:37397] with ContainerStateMachine:uninitialized
2019-09-26 12:47:57,060 [pool-77-thread-1] INFO  server.RaftServerConfigKeys (ConfUtils.java:logGet(43)) - raft.server.rpc.timeout.min = 5s (custom)
2019-09-26 12:47:57,060 [pool-77-thread-1] INFO  server.RaftServerConfigKeys (ConfUtils.java:logGet(43)) - raft.server.rpc.timeout.max = 5200ms (custom)
2019-09-26 12:47:57,060 [pool-77-thread-1] INFO  server.RaftServerConfigKeys (ConfUtils.java:logGet(43)) - raft.server.rpcslowness.timeout = 120s (custom)
2019-09-26 12:47:57,061 [pool-77-thread-1] INFO  server.RaftServerConfigKeys (ConfUtils.java:logGet(43)) - raft.server.sleep.deviation.threshold = 300 (default)
2019-09-26 12:47:57,061 [pool-77-thread-1] INFO  server.RaftServerConfigKeys (ConfUtils.java:logGet(43)) - raft.server.log.appender.install.snapshot.enabled = false (custom)
2019-09-26 12:47:57,061 [pool-77-thread-1] INFO  impl.RaftServerImpl (ServerState.java:<init>(103)) - 22777fa1-7b60-428b-91a4-e681f8adba43@group-68860D7D0796: ConfigurationManager, init=-1: [22777fa1-7b60-428b-91a4-e681f8adba43:192.168.164.238:37397], old=null, confs=<EMPTY_MAP>
2019-09-26 12:47:57,061 [pool-77-thread-1] INFO  server.RaftServerConfigKeys (ConfUtils.java:logGet(43)) - raft.server.storage.dir = [/workdir/hadoop-ozone/integration-test/target/test-dir/MiniOzoneClusterImpl-5cb8bac5-d0f0-4551-b9d0-b3e056facdc3/datanode-5/data/ratis] (custom)
2019-09-26 12:47:57,061 [pool-77-thread-1] INFO  storage.RaftStorageDirectory (RaftStorageDirectory.java:analyzeStorage(246)) - The storage directory /workdir/hadoop-ozone/integration-test/target/test-dir/MiniOzoneClusterImpl-5cb8bac5-d0f0-4551-b9d0-b3e056facdc3/datanode-5/data/ratis/d0163a6e-b3ca-49e0-8d7d-68860d7d0796 does not exist. Creating ...
2019-09-26 12:47:57,074 [pool-77-thread-1] INFO  storage.RaftStorageDirectory (RaftStorageDirectory.java:tryLock(328)) - Lock on /workdir/hadoop-ozone/integration-test/target/test-dir/MiniOzoneClusterImpl-5cb8bac5-d0f0-4551-b9d0-b3e056facdc3/datanode-5/data/ratis/d0163a6e-b3ca-49e0-8d7d-68860d7d0796/in_use.lock acquired by nodename 4507@pr-hdds-1569-87zkn-1081879488
2019-09-26 12:47:57,087 [pool-77-thread-1] INFO  storage.RaftStorage (RaftStorage.java:format(72)) - Storage directory /workdir/hadoop-ozone/integration-test/target/test-dir/MiniOzoneClusterImpl-5cb8bac5-d0f0-4551-b9d0-b3e056facdc3/datanode-5/data/ratis/d0163a6e-b3ca-49e0-8d7d-68860d7d0796 has been successfully formatted.
2019-09-26 12:47:57,087 [pool-77-thread-1] INFO  ratis.ContainerStateMachine (ContainerStateMachine.java:loadSnapshot(230)) - group-68860D7D0796: The snapshot info is null. Setting the last applied indexto:(t:0, i:~)
2019-09-26 12:47:57,087 [pool-77-thread-1] INFO  server.RaftServerConfigKeys (ConfUtils.java:logGet(43)) - raft.server.notification.no-leader.timeout = 120s (custom)
2019-09-26 12:47:57,087 [pool-77-thread-1] INFO  server.RaftServerConfigKeys (ConfUtils.java:logGet(43)) - raft.server.log.use.memory = false (default)
2019-09-26 12:47:57,088 [pool-77-thread-1] INFO  server.RaftServerConfigKeys (ConfUtils.java:logGet(43)) - raft.server.log.purge.gap = 1000000 (custom)
2019-09-26 12:47:57,088 [pool-77-thread-1] INFO  server.RaftServerConfigKeys (ConfUtils.java:logGet(43)) - raft.server.log.appender.buffer.byte-limit = 33554432 (custom)
2019-09-26 12:47:57,088 [pool-77-thread-1] INFO  server.RaftServerConfigKeys (ConfUtils.java:logGet(43)) - raft.server.log.segment.size.max = 1048576 (custom)
2019-09-26 12:47:57,088 [pool-77-thread-1] INFO  server.RaftServerConfigKeys (ConfUtils.java:logGet(43)) - raft.server.log.segment.cache.num.max = 2 (custom)
2019-09-26 12:47:57,088 [pool-77-thread-1] INFO  segmented.SegmentedRaftLogWorker (SegmentedRaftLogWorker.java:<init>(172)) - new 22777fa1-7b60-428b-91a4-e681f8adba43@group-68860D7D0796-SegmentedRaftLogWorker for RaftStorage:Storage Directory /workdir/hadoop-ozone/integration-test/target/test-dir/MiniOzoneClusterImpl-5cb8bac5-d0f0-4551-b9d0-b3e056facdc3/datanode-5/data/ratis/d0163a6e-b3ca-49e0-8d7d-68860d7d0796
2019-09-26 12:47:57,088 [pool-77-thread-1] INFO  server.RaftServerConfigKeys (ConfUtils.java:logGet(43)) - raft.server.log.queue.byte-limit = 2147483647 (custom)
2019-09-26 12:47:57,089 [pool-77-thread-1] INFO  server.RaftServerConfigKeys (ConfUtils.java:logGet(43)) - raft.server.log.queue.element-limit = 1024 (custom)
2019-09-26 12:47:57,089 [pool-77-thread-1] INFO  server.RaftServerConfigKeys (ConfUtils.java:logGet(43)) - raft.server.log.segment.size.max = 1048576 (custom)
2019-09-26 12:47:57,089 [pool-77-thread-1] INFO  server.RaftServerConfigKeys (ConfUtils.java:logGet(43)) - raft.server.log.preallocated.size = 16384 (custom)
2019-09-26 12:47:57,089 [pool-77-thread-1] INFO  server.RaftServerConfigKeys (ConfUtils.java:logGet(43)) - raft.server.log.write.buffer.size = 33554432 (custom)
2019-09-26 12:47:57,089 [pool-77-thread-1] INFO  server.RaftServerConfigKeys (ConfUtils.java:logGet(43)) - raft.server.log.force.sync.num = 128 (default)
2019-09-26 12:47:57,089 [pool-77-thread-1] INFO  server.RaftServerConfigKeys (ConfUtils.java:logGet(43)) - raft.server.log.statemachine.data.sync = true (default)
2019-09-26 12:47:57,090 [pool-77-thread-1] INFO  server.RaftServerConfigKeys (ConfUtils.java:logGet(43)) - raft.server.log.statemachine.data.sync.timeout = 10s (default)
2019-09-26 12:47:57,090 [pool-77-thread-1] INFO  server.RaftServerConfigKeys (ConfUtils.java:logGet(43)) - raft.server.log.statemachine.data.sync.timeout.retry = -1 (default)
2019-09-26 12:47:57,090 [pool-77-thread-1] INFO  server.RaftServerConfigKeys (ConfUtils.java:logGet(43)) - raft.server.log.statemachine.data.caching.enabled = true (custom)
2019-09-26 12:47:57,090 [pool-77-thread-1] INFO  segmented.SegmentedRaftLogWorker (SegmentedRaftLogWorker.java:lambda$new$0(132)) - 22777fa1-7b60-428b-91a4-e681f8adba43@group-68860D7D0796-SegmentedRaftLogWorker: flushIndex: setUnconditionally 0 -> -1
2019-09-26 12:47:57,091 [pool-77-thread-1] INFO  server.RaftServerConfigKeys (ConfUtils.java:logGet(43)) - raft.server.snapshot.auto.trigger.enabled = true (custom)
2019-09-26 12:47:57,091 [pool-77-thread-1] INFO  server.RaftServerConfigKeys (ConfUtils.java:logGet(43)) - raft.server.snapshot.auto.trigger.threshold = 10000 (custom)
2019-09-26 12:47:57,091 [pool-77-thread-1] INFO  server.RaftServerConfigKeys (ConfUtils.java:logGet(43)) - raft.server.snapshot.retention.num.files = 5 (custom)
2019-09-26 12:47:57,091 [pool-77-thread-1] INFO  server.RaftServerConfigKeys (ConfUtils.java:logGet(43)) - raft.server.retrycache.expirytime = 600000ms (custom)
2019-09-26 12:47:57,094 [pool-77-thread-1] INFO  impl.RaftServerImpl (RaftServerImpl.java:start(185)) - 22777fa1-7b60-428b-91a4-e681f8adba43@group-68860D7D0796: start as a follower, conf=-1: [22777fa1-7b60-428b-91a4-e681f8adba43:192.168.164.238:37397], old=null
2019-09-26 12:47:57,094 [pool-77-thread-1] INFO  impl.RaftServerImpl (RaftServerImpl.java:setRole(174)) - 22777fa1-7b60-428b-91a4-e681f8adba43@group-68860D7D0796: changes role from      null to FOLLOWER at term 0 for startAsFollower
2019-09-26 12:47:57,094 [pool-77-thread-1] INFO  impl.RoleInfo (RoleInfo.java:updateAndGet(143)) - 22777fa1-7b60-428b-91a4-e681f8adba43: start FollowerState
2019-09-26 12:47:57,094 [pool-77-thread-1] INFO  util.JmxRegister (JmxRegister.java:tryRegister(44)) - Successfully registered JMX Bean with object name Ratis:service=RaftServer,group=group-68860D7D0796,id=22777fa1-7b60-428b-91a4-e681f8adba43
2019-09-26 12:47:57,097 [RatisPipelineUtilsThread] INFO  pipeline.PipelineStateManager (PipelineStateManager.java:addPipeline(56)) - Created pipeline Pipeline[ Id: d0163a6e-b3ca-49e0-8d7d-68860d7d0796, Nodes: 22777fa1-7b60-428b-91a4-e681f8adba43{ip: 192.168.164.238, host: pr-hdds-1569-87zkn-1081879488, networkLocation: /default-rack, certSerialId: null}, Type:RATIS, Factor:ONE, State:OPEN]
2019-09-26 12:47:57,098 [RatisPipelineUtilsThread] INFO  pipeline.PipelinePlacementPolicy (PipelinePlacementPolicy.java:meetCriteria(91)) - Pipeline Placement: can't place more pipeline on heavy datanode： 7f14b49f-15fb-4df6-892c-52360d3121e9 Heaviness: 6 limit: 5
2019-09-26 12:47:57,098 [RatisPipelineUtilsThread] INFO  pipeline.PipelinePlacementPolicy (PipelinePlacementPolicy.java:meetCriteria(91)) - Pipeline Placement: can't place more pipeline on heavy datanode： c217791a-6f2b-404e-8fdd-7bf246bea5f5 Heaviness: 6 limit: 5
2019-09-26 12:47:57,098 [RatisPipelineUtilsThread] INFO  pipeline.PipelinePlacementPolicy (PipelinePlacementPolicy.java:meetCriteria(91)) - Pipeline Placement: can't place more pipeline on heavy datanode： ee405521-39f0-4e35-96b7-0f3eb4cba198 Heaviness: 6 limit: 5
2019-09-26 12:47:57,104 [grpc-default-executor-0] INFO  impl.RaftServerProxy (RaftServerProxy.java:addNew(89)) - 93b6de49-ccf6-423c-87d1-581fa32d2ae4: addNew group-C2FA20BEA44A:[93b6de49-ccf6-423c-87d1-581fa32d2ae4:192.168.164.238:41044] returns group-C2FA20BEA44A:java.util.concurrent.CompletableFuture@31646f8b[Not completed]
2019-09-26 12:47:57,106 [pool-117-thread-1] INFO  impl.RaftServerImpl (RaftServerImpl.java:<init>(95)) - 93b6de49-ccf6-423c-87d1-581fa32d2ae4: new RaftServerImpl for group-C2FA20BEA44A:[93b6de49-ccf6-423c-87d1-581fa32d2ae4:192.168.164.238:41044] with ContainerStateMachine:uninitialized
2019-09-26 12:47:57,106 [pool-117-thread-1] INFO  server.RaftServerConfigKeys (ConfUtils.java:logGet(43)) - raft.server.rpc.timeout.min = 5s (custom)
2019-09-26 12:47:57,107 [pool-117-thread-1] INFO  server.RaftServerConfigKeys (ConfUtils.java:logGet(43)) - raft.server.rpc.timeout.max = 5200ms (custom)
2019-09-26 12:47:57,107 [pool-117-thread-1] INFO  server.RaftServerConfigKeys (ConfUtils.java:logGet(43)) - raft.server.rpcslowness.timeout = 120s (custom)
2019-09-26 12:47:57,107 [pool-117-thread-1] INFO  server.RaftServerConfigKeys (ConfUtils.java:logGet(43)) - raft.server.sleep.deviation.threshold = 300 (default)
2019-09-26 12:47:57,107 [pool-117-thread-1] INFO  server.RaftServerConfigKeys (ConfUtils.java:logGet(43)) - raft.server.log.appender.install.snapshot.enabled = false (custom)
2019-09-26 12:47:57,107 [pool-117-thread-1] INFO  impl.RaftServerImpl (ServerState.java:<init>(103)) - 93b6de49-ccf6-423c-87d1-581fa32d2ae4@group-C2FA20BEA44A: ConfigurationManager, init=-1: [93b6de49-ccf6-423c-87d1-581fa32d2ae4:192.168.164.238:41044], old=null, confs=<EMPTY_MAP>
2019-09-26 12:47:57,107 [pool-117-thread-1] INFO  server.RaftServerConfigKeys (ConfUtils.java:logGet(43)) - raft.server.storage.dir = [/workdir/hadoop-ozone/integration-test/target/test-dir/MiniOzoneClusterImpl-5cb8bac5-d0f0-4551-b9d0-b3e056facdc3/datanode-9/data/ratis] (custom)
2019-09-26 12:47:57,108 [pool-117-thread-1] INFO  storage.RaftStorageDirectory (RaftStorageDirectory.java:analyzeStorage(246)) - The storage directory /workdir/hadoop-ozone/integration-test/target/test-dir/MiniOzoneClusterImpl-5cb8bac5-d0f0-4551-b9d0-b3e056facdc3/datanode-9/data/ratis/103707a6-981d-4810-8d16-c2fa20bea44a does not exist. Creating ...
2019-09-26 12:47:57,120 [pool-117-thread-1] INFO  storage.RaftStorageDirectory (RaftStorageDirectory.java:tryLock(328)) - Lock on /workdir/hadoop-ozone/integration-test/target/test-dir/MiniOzoneClusterImpl-5cb8bac5-d0f0-4551-b9d0-b3e056facdc3/datanode-9/data/ratis/103707a6-981d-4810-8d16-c2fa20bea44a/in_use.lock acquired by nodename 4507@pr-hdds-1569-87zkn-1081879488
2019-09-26 12:47:57,133 [pool-117-thread-1] INFO  storage.RaftStorage (RaftStorage.java:format(72)) - Storage directory /workdir/hadoop-ozone/integration-test/target/test-dir/MiniOzoneClusterImpl-5cb8bac5-d0f0-4551-b9d0-b3e056facdc3/datanode-9/data/ratis/103707a6-981d-4810-8d16-c2fa20bea44a has been successfully formatted.
2019-09-26 12:47:57,133 [pool-117-thread-1] INFO  ratis.ContainerStateMachine (ContainerStateMachine.java:loadSnapshot(230)) - group-C2FA20BEA44A: The snapshot info is null. Setting the last applied indexto:(t:0, i:~)
2019-09-26 12:47:57,134 [pool-117-thread-1] INFO  server.RaftServerConfigKeys (ConfUtils.java:logGet(43)) - raft.server.notification.no-leader.timeout = 120s (custom)
2019-09-26 12:47:57,134 [pool-117-thread-1] INFO  server.RaftServerConfigKeys (ConfUtils.java:logGet(43)) - raft.server.log.use.memory = false (default)
2019-09-26 12:47:57,134 [pool-117-thread-1] INFO  server.RaftServerConfigKeys (ConfUtils.java:logGet(43)) - raft.server.log.purge.gap = 1000000 (custom)
2019-09-26 12:47:57,134 [pool-117-thread-1] INFO  server.RaftServerConfigKeys (ConfUtils.java:logGet(43)) - raft.server.log.appender.buffer.byte-limit = 33554432 (custom)
2019-09-26 12:47:57,134 [pool-117-thread-1] INFO  server.RaftServerConfigKeys (ConfUtils.java:logGet(43)) - raft.server.log.segment.size.max = 1048576 (custom)
2019-09-26 12:47:57,134 [pool-117-thread-1] INFO  server.RaftServerConfigKeys (ConfUtils.java:logGet(43)) - raft.server.log.segment.cache.num.max = 2 (custom)
2019-09-26 12:47:57,135 [pool-117-thread-1] INFO  segmented.SegmentedRaftLogWorker (SegmentedRaftLogWorker.java:<init>(172)) - new 93b6de49-ccf6-423c-87d1-581fa32d2ae4@group-C2FA20BEA44A-SegmentedRaftLogWorker for RaftStorage:Storage Directory /workdir/hadoop-ozone/integration-test/target/test-dir/MiniOzoneClusterImpl-5cb8bac5-d0f0-4551-b9d0-b3e056facdc3/datanode-9/data/ratis/103707a6-981d-4810-8d16-c2fa20bea44a
2019-09-26 12:47:57,135 [pool-117-thread-1] INFO  server.RaftServerConfigKeys (ConfUtils.java:logGet(43)) - raft.server.log.queue.byte-limit = 2147483647 (custom)
2019-09-26 12:47:57,135 [pool-117-thread-1] INFO  server.RaftServerConfigKeys (ConfUtils.java:logGet(43)) - raft.server.log.queue.element-limit = 1024 (custom)
2019-09-26 12:47:57,135 [pool-117-thread-1] INFO  server.RaftServerConfigKeys (ConfUtils.java:logGet(43)) - raft.server.log.segment.size.max = 1048576 (custom)
2019-09-26 12:47:57,135 [pool-117-thread-1] INFO  server.RaftServerConfigKeys (ConfUtils.java:logGet(43)) - raft.server.log.preallocated.size = 16384 (custom)
2019-09-26 12:47:57,135 [pool-117-thread-1] INFO  server.RaftServerConfigKeys (ConfUtils.java:logGet(43)) - raft.server.log.write.buffer.size = 33554432 (custom)
2019-09-26 12:47:57,136 [pool-117-thread-1] INFO  server.RaftServerConfigKeys (ConfUtils.java:logGet(43)) - raft.server.log.force.sync.num = 128 (default)
2019-09-26 12:47:57,136 [pool-117-thread-1] INFO  server.RaftServerConfigKeys (ConfUtils.java:logGet(43)) - raft.server.log.statemachine.data.sync = true (default)
2019-09-26 12:47:57,136 [pool-117-thread-1] INFO  server.RaftServerConfigKeys (ConfUtils.java:logGet(43)) - raft.server.log.statemachine.data.sync.timeout = 10s (default)
2019-09-26 12:47:57,136 [pool-117-thread-1] INFO  server.RaftServerConfigKeys (ConfUtils.java:logGet(43)) - raft.server.log.statemachine.data.sync.timeout.retry = -1 (default)
2019-09-26 12:47:57,136 [pool-117-thread-1] INFO  server.RaftServerConfigKeys (ConfUtils.java:logGet(43)) - raft.server.log.statemachine.data.caching.enabled = true (custom)
2019-09-26 12:47:57,137 [pool-117-thread-1] INFO  segmented.SegmentedRaftLogWorker (SegmentedRaftLogWorker.java:lambda$new$0(132)) - 93b6de49-ccf6-423c-87d1-581fa32d2ae4@group-C2FA20BEA44A-SegmentedRaftLogWorker: flushIndex: setUnconditionally 0 -> -1
2019-09-26 12:47:57,137 [pool-117-thread-1] INFO  server.RaftServerConfigKeys (ConfUtils.java:logGet(43)) - raft.server.snapshot.auto.trigger.enabled = true (custom)
2019-09-26 12:47:57,137 [pool-117-thread-1] INFO  server.RaftServerConfigKeys (ConfUtils.java:logGet(43)) - raft.server.snapshot.auto.trigger.threshold = 10000 (custom)
2019-09-26 12:47:57,137 [pool-117-thread-1] INFO  server.RaftServerConfigKeys (ConfUtils.java:logGet(43)) - raft.server.snapshot.retention.num.files = 5 (custom)
2019-09-26 12:47:57,138 [pool-117-thread-1] INFO  server.RaftServerConfigKeys (ConfUtils.java:logGet(43)) - raft.server.retrycache.expirytime = 600000ms (custom)
2019-09-26 12:47:57,140 [pool-117-thread-1] INFO  impl.RaftServerImpl (RaftServerImpl.java:start(185)) - 93b6de49-ccf6-423c-87d1-581fa32d2ae4@group-C2FA20BEA44A: start as a follower, conf=-1: [93b6de49-ccf6-423c-87d1-581fa32d2ae4:192.168.164.238:41044], old=null
2019-09-26 12:47:57,140 [pool-117-thread-1] INFO  impl.RaftServerImpl (RaftServerImpl.java:setRole(174)) - 93b6de49-ccf6-423c-87d1-581fa32d2ae4@group-C2FA20BEA44A: changes role from      null to FOLLOWER at term 0 for startAsFollower
2019-09-26 12:47:57,141 [pool-117-thread-1] INFO  impl.RoleInfo (RoleInfo.java:updateAndGet(143)) - 93b6de49-ccf6-423c-87d1-581fa32d2ae4: start FollowerState
2019-09-26 12:47:57,141 [pool-117-thread-1] INFO  util.JmxRegister (JmxRegister.java:tryRegister(44)) - Successfully registered JMX Bean with object name Ratis:service=RaftServer,group=group-C2FA20BEA44A,id=93b6de49-ccf6-423c-87d1-581fa32d2ae4
2019-09-26 12:47:57,144 [RatisPipelineUtilsThread] INFO  pipeline.PipelineStateManager (PipelineStateManager.java:addPipeline(56)) - Created pipeline Pipeline[ Id: 103707a6-981d-4810-8d16-c2fa20bea44a, Nodes: 93b6de49-ccf6-423c-87d1-581fa32d2ae4{ip: 192.168.164.238, host: pr-hdds-1569-87zkn-1081879488, networkLocation: /default-rack, certSerialId: null}, Type:RATIS, Factor:ONE, State:OPEN]
2019-09-26 12:47:57,145 [RatisPipelineUtilsThread] INFO  pipeline.PipelinePlacementPolicy (PipelinePlacementPolicy.java:meetCriteria(91)) - Pipeline Placement: can't place more pipeline on heavy datanode： 7f14b49f-15fb-4df6-892c-52360d3121e9 Heaviness: 6 limit: 5
2019-09-26 12:47:57,145 [RatisPipelineUtilsThread] INFO  pipeline.PipelinePlacementPolicy (PipelinePlacementPolicy.java:meetCriteria(91)) - Pipeline Placement: can't place more pipeline on heavy datanode： c217791a-6f2b-404e-8fdd-7bf246bea5f5 Heaviness: 6 limit: 5
2019-09-26 12:47:57,145 [RatisPipelineUtilsThread] INFO  pipeline.PipelinePlacementPolicy (PipelinePlacementPolicy.java:meetCriteria(91)) - Pipeline Placement: can't place more pipeline on heavy datanode： ee405521-39f0-4e35-96b7-0f3eb4cba198 Heaviness: 6 limit: 5
2019-09-26 12:47:57,151 [grpc-default-executor-0] INFO  impl.RaftServerProxy (RaftServerProxy.java:addNew(89)) - 22777fa1-7b60-428b-91a4-e681f8adba43: addNew group-1BC531808A17:[22777fa1-7b60-428b-91a4-e681f8adba43:192.168.164.238:37397] returns group-1BC531808A17:java.util.concurrent.CompletableFuture@568a16d6[Not completed]
2019-09-26 12:47:57,152 [pool-77-thread-1] INFO  impl.RaftServerImpl (RaftServerImpl.java:<init>(95)) - 22777fa1-7b60-428b-91a4-e681f8adba43: new RaftServerImpl for group-1BC531808A17:[22777fa1-7b60-428b-91a4-e681f8adba43:192.168.164.238:37397] with ContainerStateMachine:uninitialized
2019-09-26 12:47:57,153 [pool-77-thread-1] INFO  server.RaftServerConfigKeys (ConfUtils.java:logGet(43)) - raft.server.rpc.timeout.min = 5s (custom)
2019-09-26 12:47:57,153 [pool-77-thread-1] INFO  server.RaftServerConfigKeys (ConfUtils.java:logGet(43)) - raft.server.rpc.timeout.max = 5200ms (custom)
2019-09-26 12:47:57,153 [pool-77-thread-1] INFO  server.RaftServerConfigKeys (ConfUtils.java:logGet(43)) - raft.server.rpcslowness.timeout = 120s (custom)
2019-09-26 12:47:57,153 [pool-77-thread-1] INFO  server.RaftServerConfigKeys (ConfUtils.java:logGet(43)) - raft.server.sleep.deviation.threshold = 300 (default)
2019-09-26 12:47:57,153 [pool-77-thread-1] INFO  server.RaftServerConfigKeys (ConfUtils.java:logGet(43)) - raft.server.log.appender.install.snapshot.enabled = false (custom)
2019-09-26 12:47:57,153 [pool-77-thread-1] INFO  impl.RaftServerImpl (ServerState.java:<init>(103)) - 22777fa1-7b60-428b-91a4-e681f8adba43@group-1BC531808A17: ConfigurationManager, init=-1: [22777fa1-7b60-428b-91a4-e681f8adba43:192.168.164.238:37397], old=null, confs=<EMPTY_MAP>
2019-09-26 12:47:57,153 [pool-77-thread-1] INFO  server.RaftServerConfigKeys (ConfUtils.java:logGet(43)) - raft.server.storage.dir = [/workdir/hadoop-ozone/integration-test/target/test-dir/MiniOzoneClusterImpl-5cb8bac5-d0f0-4551-b9d0-b3e056facdc3/datanode-5/data/ratis] (custom)
2019-09-26 12:47:57,154 [pool-77-thread-1] INFO  storage.RaftStorageDirectory (RaftStorageDirectory.java:analyzeStorage(246)) - The storage directory /workdir/hadoop-ozone/integration-test/target/test-dir/MiniOzoneClusterImpl-5cb8bac5-d0f0-4551-b9d0-b3e056facdc3/datanode-5/data/ratis/1f1f5824-fd6c-432c-9f68-1bc531808a17 does not exist. Creating ...
2019-09-26 12:47:57,166 [pool-77-thread-1] INFO  storage.RaftStorageDirectory (RaftStorageDirectory.java:tryLock(328)) - Lock on /workdir/hadoop-ozone/integration-test/target/test-dir/MiniOzoneClusterImpl-5cb8bac5-d0f0-4551-b9d0-b3e056facdc3/datanode-5/data/ratis/1f1f5824-fd6c-432c-9f68-1bc531808a17/in_use.lock acquired by nodename 4507@pr-hdds-1569-87zkn-1081879488
2019-09-26 12:47:57,179 [pool-77-thread-1] INFO  storage.RaftStorage (RaftStorage.java:format(72)) - Storage directory /workdir/hadoop-ozone/integration-test/target/test-dir/MiniOzoneClusterImpl-5cb8bac5-d0f0-4551-b9d0-b3e056facdc3/datanode-5/data/ratis/1f1f5824-fd6c-432c-9f68-1bc531808a17 has been successfully formatted.
2019-09-26 12:47:57,180 [pool-77-thread-1] INFO  ratis.ContainerStateMachine (ContainerStateMachine.java:loadSnapshot(230)) - group-1BC531808A17: The snapshot info is null. Setting the last applied indexto:(t:0, i:~)
2019-09-26 12:47:57,180 [pool-77-thread-1] INFO  server.RaftServerConfigKeys (ConfUtils.java:logGet(43)) - raft.server.notification.no-leader.timeout = 120s (custom)
2019-09-26 12:47:57,180 [pool-77-thread-1] INFO  server.RaftServerConfigKeys (ConfUtils.java:logGet(43)) - raft.server.log.use.memory = false (default)
2019-09-26 12:47:57,181 [pool-77-thread-1] INFO  server.RaftServerConfigKeys (ConfUtils.java:logGet(43)) - raft.server.log.purge.gap = 1000000 (custom)
2019-09-26 12:47:57,181 [pool-77-thread-1] INFO  server.RaftServerConfigKeys (ConfUtils.java:logGet(43)) - raft.server.log.appender.buffer.byte-limit = 33554432 (custom)
2019-09-26 12:47:57,181 [pool-77-thread-1] INFO  server.RaftServerConfigKeys (ConfUtils.java:logGet(43)) - raft.server.log.segment.size.max = 1048576 (custom)
2019-09-26 12:47:57,181 [pool-77-thread-1] INFO  server.RaftServerConfigKeys (ConfUtils.java:logGet(43)) - raft.server.log.segment.cache.num.max = 2 (custom)
2019-09-26 12:47:57,181 [pool-77-thread-1] INFO  segmented.SegmentedRaftLogWorker (SegmentedRaftLogWorker.java:<init>(172)) - new 22777fa1-7b60-428b-91a4-e681f8adba43@group-1BC531808A17-SegmentedRaftLogWorker for RaftStorage:Storage Directory /workdir/hadoop-ozone/integration-test/target/test-dir/MiniOzoneClusterImpl-5cb8bac5-d0f0-4551-b9d0-b3e056facdc3/datanode-5/data/ratis/1f1f5824-fd6c-432c-9f68-1bc531808a17
2019-09-26 12:47:57,182 [pool-77-thread-1] INFO  server.RaftServerConfigKeys (ConfUtils.java:logGet(43)) - raft.server.log.queue.byte-limit = 2147483647 (custom)
2019-09-26 12:47:57,182 [pool-77-thread-1] INFO  server.RaftServerConfigKeys (ConfUtils.java:logGet(43)) - raft.server.log.queue.element-limit = 1024 (custom)
2019-09-26 12:47:57,182 [pool-77-thread-1] INFO  server.RaftServerConfigKeys (ConfUtils.java:logGet(43)) - raft.server.log.segment.size.max = 1048576 (custom)
2019-09-26 12:47:57,182 [pool-77-thread-1] INFO  server.RaftServerConfigKeys (ConfUtils.java:logGet(43)) - raft.server.log.preallocated.size = 16384 (custom)
2019-09-26 12:47:57,182 [pool-77-thread-1] INFO  server.RaftServerConfigKeys (ConfUtils.java:logGet(43)) - raft.server.log.write.buffer.size = 33554432 (custom)
2019-09-26 12:47:57,182 [pool-77-thread-1] INFO  server.RaftServerConfigKeys (ConfUtils.java:logGet(43)) - raft.server.log.force.sync.num = 128 (default)
2019-09-26 12:47:57,183 [pool-77-thread-1] INFO  server.RaftServerConfigKeys (ConfUtils.java:logGet(43)) - raft.server.log.statemachine.data.sync = true (default)
2019-09-26 12:47:57,183 [pool-77-thread-1] INFO  server.RaftServerConfigKeys (ConfUtils.java:logGet(43)) - raft.server.log.statemachine.data.sync.timeout = 10s (default)
2019-09-26 12:47:57,183 [pool-77-thread-1] INFO  server.RaftServerConfigKeys (ConfUtils.java:logGet(43)) - raft.server.log.statemachine.data.sync.timeout.retry = -1 (default)
2019-09-26 12:47:57,183 [pool-77-thread-1] INFO  server.RaftServerConfigKeys (ConfUtils.java:logGet(43)) - raft.server.log.statemachine.data.caching.enabled = true (custom)
2019-09-26 12:47:57,184 [pool-77-thread-1] INFO  segmented.SegmentedRaftLogWorker (SegmentedRaftLogWorker.java:lambda$new$0(132)) - 22777fa1-7b60-428b-91a4-e681f8adba43@group-1BC531808A17-SegmentedRaftLogWorker: flushIndex: setUnconditionally 0 -> -1
2019-09-26 12:47:57,184 [pool-77-thread-1] INFO  server.RaftServerConfigKeys (ConfUtils.java:logGet(43)) - raft.server.snapshot.auto.trigger.enabled = true (custom)
2019-09-26 12:47:57,184 [pool-77-thread-1] INFO  server.RaftServerConfigKeys (ConfUtils.java:logGet(43)) - raft.server.snapshot.auto.trigger.threshold = 10000 (custom)
2019-09-26 12:47:57,185 [pool-77-thread-1] INFO  server.RaftServerConfigKeys (ConfUtils.java:logGet(43)) - raft.server.snapshot.retention.num.files = 5 (custom)
2019-09-26 12:47:57,185 [pool-77-thread-1] INFO  server.RaftServerConfigKeys (ConfUtils.java:logGet(43)) - raft.server.retrycache.expirytime = 600000ms (custom)
2019-09-26 12:47:57,188 [pool-77-thread-1] INFO  impl.RaftServerImpl (RaftServerImpl.java:start(185)) - 22777fa1-7b60-428b-91a4-e681f8adba43@group-1BC531808A17: start as a follower, conf=-1: [22777fa1-7b60-428b-91a4-e681f8adba43:192.168.164.238:37397], old=null
2019-09-26 12:47:57,189 [pool-77-thread-1] INFO  impl.RaftServerImpl (RaftServerImpl.java:setRole(174)) - 22777fa1-7b60-428b-91a4-e681f8adba43@group-1BC531808A17: changes role from      null to FOLLOWER at term 0 for startAsFollower
2019-09-26 12:47:57,189 [pool-77-thread-1] INFO  impl.RoleInfo (RoleInfo.java:updateAndGet(143)) - 22777fa1-7b60-428b-91a4-e681f8adba43: start FollowerState
2019-09-26 12:47:57,189 [pool-77-thread-1] INFO  util.JmxRegister (JmxRegister.java:tryRegister(44)) - Successfully registered JMX Bean with object name Ratis:service=RaftServer,group=group-1BC531808A17,id=22777fa1-7b60-428b-91a4-e681f8adba43
2019-09-26 12:47:57,192 [RatisPipelineUtilsThread] INFO  pipeline.PipelineStateManager (PipelineStateManager.java:addPipeline(56)) - Created pipeline Pipeline[ Id: 1f1f5824-fd6c-432c-9f68-1bc531808a17, Nodes: 22777fa1-7b60-428b-91a4-e681f8adba43{ip: 192.168.164.238, host: pr-hdds-1569-87zkn-1081879488, networkLocation: /default-rack, certSerialId: null}, Type:RATIS, Factor:ONE, State:OPEN]
2019-09-26 12:47:57,193 [RatisPipelineUtilsThread] INFO  pipeline.PipelinePlacementPolicy (PipelinePlacementPolicy.java:meetCriteria(91)) - Pipeline Placement: can't place more pipeline on heavy datanode： 7f14b49f-15fb-4df6-892c-52360d3121e9 Heaviness: 6 limit: 5
2019-09-26 12:47:57,193 [RatisPipelineUtilsThread] INFO  pipeline.PipelinePlacementPolicy (PipelinePlacementPolicy.java:meetCriteria(91)) - Pipeline Placement: can't place more pipeline on heavy datanode： c217791a-6f2b-404e-8fdd-7bf246bea5f5 Heaviness: 6 limit: 5
2019-09-26 12:47:57,193 [RatisPipelineUtilsThread] INFO  pipeline.PipelinePlacementPolicy (PipelinePlacementPolicy.java:meetCriteria(91)) - Pipeline Placement: can't place more pipeline on heavy datanode： ee405521-39f0-4e35-96b7-0f3eb4cba198 Heaviness: 6 limit: 5
2019-09-26 12:47:57,199 [grpc-default-executor-0] INFO  impl.RaftServerProxy (RaftServerProxy.java:addNew(89)) - 442f14b8-64b4-4212-b9b5-a1ac78df33e2: addNew group-51A7D332EDC1:[442f14b8-64b4-4212-b9b5-a1ac78df33e2:192.168.164.238:36401] returns group-51A7D332EDC1:java.util.concurrent.CompletableFuture@6ff14540[Not completed]
2019-09-26 12:47:57,201 [pool-47-thread-1] INFO  impl.RaftServerImpl (RaftServerImpl.java:<init>(95)) - 442f14b8-64b4-4212-b9b5-a1ac78df33e2: new RaftServerImpl for group-51A7D332EDC1:[442f14b8-64b4-4212-b9b5-a1ac78df33e2:192.168.164.238:36401] with ContainerStateMachine:uninitialized
2019-09-26 12:47:57,201 [pool-47-thread-1] INFO  server.RaftServerConfigKeys (ConfUtils.java:logGet(43)) - raft.server.rpc.timeout.min = 5s (custom)
2019-09-26 12:47:57,201 [pool-47-thread-1] INFO  server.RaftServerConfigKeys (ConfUtils.java:logGet(43)) - raft.server.rpc.timeout.max = 5200ms (custom)
2019-09-26 12:47:57,202 [pool-47-thread-1] INFO  server.RaftServerConfigKeys (ConfUtils.java:logGet(43)) - raft.server.rpcslowness.timeout = 120s (custom)
2019-09-26 12:47:57,202 [pool-47-thread-1] INFO  server.RaftServerConfigKeys (ConfUtils.java:logGet(43)) - raft.server.sleep.deviation.threshold = 300 (default)
2019-09-26 12:47:57,202 [pool-47-thread-1] INFO  server.RaftServerConfigKeys (ConfUtils.java:logGet(43)) - raft.server.log.appender.install.snapshot.enabled = false (custom)
2019-09-26 12:47:57,202 [pool-47-thread-1] INFO  impl.RaftServerImpl (ServerState.java:<init>(103)) - 442f14b8-64b4-4212-b9b5-a1ac78df33e2@group-51A7D332EDC1: ConfigurationManager, init=-1: [442f14b8-64b4-4212-b9b5-a1ac78df33e2:192.168.164.238:36401], old=null, confs=<EMPTY_MAP>
2019-09-26 12:47:57,202 [pool-47-thread-1] INFO  server.RaftServerConfigKeys (ConfUtils.java:logGet(43)) - raft.server.storage.dir = [/workdir/hadoop-ozone/integration-test/target/test-dir/MiniOzoneClusterImpl-5cb8bac5-d0f0-4551-b9d0-b3e056facdc3/datanode-2/data/ratis] (custom)
2019-09-26 12:47:57,203 [pool-47-thread-1] INFO  storage.RaftStorageDirectory (RaftStorageDirectory.java:analyzeStorage(246)) - The storage directory /workdir/hadoop-ozone/integration-test/target/test-dir/MiniOzoneClusterImpl-5cb8bac5-d0f0-4551-b9d0-b3e056facdc3/datanode-2/data/ratis/8ce8de33-8288-494f-bbcf-51a7d332edc1 does not exist. Creating ...
2019-09-26 12:47:57,216 [pool-47-thread-1] INFO  storage.RaftStorageDirectory (RaftStorageDirectory.java:tryLock(328)) - Lock on /workdir/hadoop-ozone/integration-test/target/test-dir/MiniOzoneClusterImpl-5cb8bac5-d0f0-4551-b9d0-b3e056facdc3/datanode-2/data/ratis/8ce8de33-8288-494f-bbcf-51a7d332edc1/in_use.lock acquired by nodename 4507@pr-hdds-1569-87zkn-1081879488
2019-09-26 12:47:57,250 [pool-47-thread-1] INFO  storage.RaftStorage (RaftStorage.java:format(72)) - Storage directory /workdir/hadoop-ozone/integration-test/target/test-dir/MiniOzoneClusterImpl-5cb8bac5-d0f0-4551-b9d0-b3e056facdc3/datanode-2/data/ratis/8ce8de33-8288-494f-bbcf-51a7d332edc1 has been successfully formatted.
2019-09-26 12:47:57,250 [pool-47-thread-1] INFO  ratis.ContainerStateMachine (ContainerStateMachine.java:loadSnapshot(230)) - group-51A7D332EDC1: The snapshot info is null. Setting the last applied indexto:(t:0, i:~)
2019-09-26 12:47:57,251 [pool-47-thread-1] INFO  server.RaftServerConfigKeys (ConfUtils.java:logGet(43)) - raft.server.notification.no-leader.timeout = 120s (custom)
2019-09-26 12:47:57,251 [pool-47-thread-1] INFO  server.RaftServerConfigKeys (ConfUtils.java:logGet(43)) - raft.server.log.use.memory = false (default)
2019-09-26 12:47:57,251 [pool-47-thread-1] INFO  server.RaftServerConfigKeys (ConfUtils.java:logGet(43)) - raft.server.log.purge.gap = 1000000 (custom)
2019-09-26 12:47:57,251 [pool-47-thread-1] INFO  server.RaftServerConfigKeys (ConfUtils.java:logGet(43)) - raft.server.log.appender.buffer.byte-limit = 33554432 (custom)
2019-09-26 12:47:57,251 [pool-47-thread-1] INFO  server.RaftServerConfigKeys (ConfUtils.java:logGet(43)) - raft.server.log.segment.size.max = 1048576 (custom)
2019-09-26 12:47:57,252 [pool-47-thread-1] INFO  server.RaftServerConfigKeys (ConfUtils.java:logGet(43)) - raft.server.log.segment.cache.num.max = 2 (custom)
2019-09-26 12:47:57,252 [pool-47-thread-1] INFO  segmented.SegmentedRaftLogWorker (SegmentedRaftLogWorker.java:<init>(172)) - new 442f14b8-64b4-4212-b9b5-a1ac78df33e2@group-51A7D332EDC1-SegmentedRaftLogWorker for RaftStorage:Storage Directory /workdir/hadoop-ozone/integration-test/target/test-dir/MiniOzoneClusterImpl-5cb8bac5-d0f0-4551-b9d0-b3e056facdc3/datanode-2/data/ratis/8ce8de33-8288-494f-bbcf-51a7d332edc1
2019-09-26 12:47:57,252 [pool-47-thread-1] INFO  server.RaftServerConfigKeys (ConfUtils.java:logGet(43)) - raft.server.log.queue.byte-limit = 2147483647 (custom)
2019-09-26 12:47:57,252 [pool-47-thread-1] INFO  server.RaftServerConfigKeys (ConfUtils.java:logGet(43)) - raft.server.log.queue.element-limit = 1024 (custom)
2019-09-26 12:47:57,252 [pool-47-thread-1] INFO  server.RaftServerConfigKeys (ConfUtils.java:logGet(43)) - raft.server.log.segment.size.max = 1048576 (custom)
2019-09-26 12:47:57,253 [pool-47-thread-1] INFO  server.RaftServerConfigKeys (ConfUtils.java:logGet(43)) - raft.server.log.preallocated.size = 16384 (custom)
2019-09-26 12:47:57,253 [pool-47-thread-1] INFO  server.RaftServerConfigKeys (ConfUtils.java:logGet(43)) - raft.server.log.write.buffer.size = 33554432 (custom)
2019-09-26 12:47:57,253 [pool-47-thread-1] INFO  server.RaftServerConfigKeys (ConfUtils.java:logGet(43)) - raft.server.log.force.sync.num = 128 (default)
2019-09-26 12:47:57,253 [pool-47-thread-1] INFO  server.RaftServerConfigKeys (ConfUtils.java:logGet(43)) - raft.server.log.statemachine.data.sync = true (default)
2019-09-26 12:47:57,253 [pool-47-thread-1] INFO  server.RaftServerConfigKeys (ConfUtils.java:logGet(43)) - raft.server.log.statemachine.data.sync.timeout = 10s (default)
2019-09-26 12:47:57,254 [pool-47-thread-1] INFO  server.RaftServerConfigKeys (ConfUtils.java:logGet(43)) - raft.server.log.statemachine.data.sync.timeout.retry = -1 (default)
2019-09-26 12:47:57,254 [pool-47-thread-1] INFO  server.RaftServerConfigKeys (ConfUtils.java:logGet(43)) - raft.server.log.statemachine.data.caching.enabled = true (custom)
2019-09-26 12:47:57,254 [pool-47-thread-1] INFO  segmented.SegmentedRaftLogWorker (SegmentedRaftLogWorker.java:lambda$new$0(132)) - 442f14b8-64b4-4212-b9b5-a1ac78df33e2@group-51A7D332EDC1-SegmentedRaftLogWorker: flushIndex: setUnconditionally 0 -> -1
2019-09-26 12:47:57,255 [pool-47-thread-1] INFO  server.RaftServerConfigKeys (ConfUtils.java:logGet(43)) - raft.server.snapshot.auto.trigger.enabled = true (custom)
2019-09-26 12:47:57,255 [pool-47-thread-1] INFO  server.RaftServerConfigKeys (ConfUtils.java:logGet(43)) - raft.server.snapshot.auto.trigger.threshold = 10000 (custom)
2019-09-26 12:47:57,255 [pool-47-thread-1] INFO  server.RaftServerConfigKeys (ConfUtils.java:logGet(43)) - raft.server.snapshot.retention.num.files = 5 (custom)
2019-09-26 12:47:57,255 [pool-47-thread-1] INFO  server.RaftServerConfigKeys (ConfUtils.java:logGet(43)) - raft.server.retrycache.expirytime = 600000ms (custom)
2019-09-26 12:47:57,259 [pool-47-thread-1] INFO  impl.RaftServerImpl (RaftServerImpl.java:start(185)) - 442f14b8-64b4-4212-b9b5-a1ac78df33e2@group-51A7D332EDC1: start as a follower, conf=-1: [442f14b8-64b4-4212-b9b5-a1ac78df33e2:192.168.164.238:36401], old=null
2019-09-26 12:47:57,259 [pool-47-thread-1] INFO  impl.RaftServerImpl (RaftServerImpl.java:setRole(174)) - 442f14b8-64b4-4212-b9b5-a1ac78df33e2@group-51A7D332EDC1: changes role from      null to FOLLOWER at term 0 for startAsFollower
2019-09-26 12:47:57,259 [pool-47-thread-1] INFO  impl.RoleInfo (RoleInfo.java:updateAndGet(143)) - 442f14b8-64b4-4212-b9b5-a1ac78df33e2: start FollowerState
2019-09-26 12:47:57,260 [pool-47-thread-1] INFO  util.JmxRegister (JmxRegister.java:tryRegister(44)) - Successfully registered JMX Bean with object name Ratis:service=RaftServer,group=group-51A7D332EDC1,id=442f14b8-64b4-4212-b9b5-a1ac78df33e2
2019-09-26 12:47:57,263 [RatisPipelineUtilsThread] INFO  pipeline.PipelineStateManager (PipelineStateManager.java:addPipeline(56)) - Created pipeline Pipeline[ Id: 8ce8de33-8288-494f-bbcf-51a7d332edc1, Nodes: 442f14b8-64b4-4212-b9b5-a1ac78df33e2{ip: 192.168.164.238, host: pr-hdds-1569-87zkn-1081879488, networkLocation: /default-rack, certSerialId: null}, Type:RATIS, Factor:ONE, State:OPEN]
2019-09-26 12:47:57,263 [RatisPipelineUtilsThread] INFO  pipeline.PipelinePlacementPolicy (PipelinePlacementPolicy.java:meetCriteria(91)) - Pipeline Placement: can't place more pipeline on heavy datanode： 7f14b49f-15fb-4df6-892c-52360d3121e9 Heaviness: 6 limit: 5
2019-09-26 12:47:57,263 [RatisPipelineUtilsThread] INFO  pipeline.PipelinePlacementPolicy (PipelinePlacementPolicy.java:meetCriteria(91)) - Pipeline Placement: can't place more pipeline on heavy datanode： 442f14b8-64b4-4212-b9b5-a1ac78df33e2 Heaviness: 6 limit: 5
2019-09-26 12:47:57,263 [RatisPipelineUtilsThread] INFO  pipeline.PipelinePlacementPolicy (PipelinePlacementPolicy.java:meetCriteria(91)) - Pipeline Placement: can't place more pipeline on heavy datanode： c217791a-6f2b-404e-8fdd-7bf246bea5f5 Heaviness: 6 limit: 5
2019-09-26 12:47:57,263 [RatisPipelineUtilsThread] INFO  pipeline.PipelinePlacementPolicy (PipelinePlacementPolicy.java:meetCriteria(91)) - Pipeline Placement: can't place more pipeline on heavy datanode： ee405521-39f0-4e35-96b7-0f3eb4cba198 Heaviness: 6 limit: 5
2019-09-26 12:47:57,269 [grpc-default-executor-0] INFO  impl.RaftServerProxy (RaftServerProxy.java:addNew(89)) - 22777fa1-7b60-428b-91a4-e681f8adba43: addNew group-F2F884DD59DB:[22777fa1-7b60-428b-91a4-e681f8adba43:192.168.164.238:37397] returns group-F2F884DD59DB:java.util.concurrent.CompletableFuture@db4310[Not completed]
2019-09-26 12:47:57,272 [pool-77-thread-1] INFO  impl.RaftServerImpl (RaftServerImpl.java:<init>(95)) - 22777fa1-7b60-428b-91a4-e681f8adba43: new RaftServerImpl for group-F2F884DD59DB:[22777fa1-7b60-428b-91a4-e681f8adba43:192.168.164.238:37397] with ContainerStateMachine:uninitialized
2019-09-26 12:47:57,272 [pool-77-thread-1] INFO  server.RaftServerConfigKeys (ConfUtils.java:logGet(43)) - raft.server.rpc.timeout.min = 5s (custom)
2019-09-26 12:47:57,272 [pool-77-thread-1] INFO  server.RaftServerConfigKeys (ConfUtils.java:logGet(43)) - raft.server.rpc.timeout.max = 5200ms (custom)
2019-09-26 12:47:57,272 [pool-77-thread-1] INFO  server.RaftServerConfigKeys (ConfUtils.java:logGet(43)) - raft.server.rpcslowness.timeout = 120s (custom)
2019-09-26 12:47:57,272 [pool-77-thread-1] INFO  server.RaftServerConfigKeys (ConfUtils.java:logGet(43)) - raft.server.sleep.deviation.threshold = 300 (default)
2019-09-26 12:47:57,273 [pool-77-thread-1] INFO  server.RaftServerConfigKeys (ConfUtils.java:logGet(43)) - raft.server.log.appender.install.snapshot.enabled = false (custom)
2019-09-26 12:47:57,273 [pool-77-thread-1] INFO  impl.RaftServerImpl (ServerState.java:<init>(103)) - 22777fa1-7b60-428b-91a4-e681f8adba43@group-F2F884DD59DB: ConfigurationManager, init=-1: [22777fa1-7b60-428b-91a4-e681f8adba43:192.168.164.238:37397], old=null, confs=<EMPTY_MAP>
2019-09-26 12:47:57,273 [pool-77-thread-1] INFO  server.RaftServerConfigKeys (ConfUtils.java:logGet(43)) - raft.server.storage.dir = [/workdir/hadoop-ozone/integration-test/target/test-dir/MiniOzoneClusterImpl-5cb8bac5-d0f0-4551-b9d0-b3e056facdc3/datanode-5/data/ratis] (custom)
2019-09-26 12:47:57,273 [pool-77-thread-1] INFO  storage.RaftStorageDirectory (RaftStorageDirectory.java:analyzeStorage(246)) - The storage directory /workdir/hadoop-ozone/integration-test/target/test-dir/MiniOzoneClusterImpl-5cb8bac5-d0f0-4551-b9d0-b3e056facdc3/datanode-5/data/ratis/4ed7c442-0d5d-4bd4-877e-f2f884dd59db does not exist. Creating ...
2019-09-26 12:47:57,287 [pool-77-thread-1] INFO  storage.RaftStorageDirectory (RaftStorageDirectory.java:tryLock(328)) - Lock on /workdir/hadoop-ozone/integration-test/target/test-dir/MiniOzoneClusterImpl-5cb8bac5-d0f0-4551-b9d0-b3e056facdc3/datanode-5/data/ratis/4ed7c442-0d5d-4bd4-877e-f2f884dd59db/in_use.lock acquired by nodename 4507@pr-hdds-1569-87zkn-1081879488
2019-09-26 12:47:57,301 [pool-77-thread-1] INFO  storage.RaftStorage (RaftStorage.java:format(72)) - Storage directory /workdir/hadoop-ozone/integration-test/target/test-dir/MiniOzoneClusterImpl-5cb8bac5-d0f0-4551-b9d0-b3e056facdc3/datanode-5/data/ratis/4ed7c442-0d5d-4bd4-877e-f2f884dd59db has been successfully formatted.
2019-09-26 12:47:57,301 [pool-77-thread-1] INFO  ratis.ContainerStateMachine (ContainerStateMachine.java:loadSnapshot(230)) - group-F2F884DD59DB: The snapshot info is null. Setting the last applied indexto:(t:0, i:~)
2019-09-26 12:47:57,301 [pool-77-thread-1] INFO  server.RaftServerConfigKeys (ConfUtils.java:logGet(43)) - raft.server.notification.no-leader.timeout = 120s (custom)
2019-09-26 12:47:57,301 [pool-77-thread-1] INFO  server.RaftServerConfigKeys (ConfUtils.java:logGet(43)) - raft.server.log.use.memory = false (default)
2019-09-26 12:47:57,302 [pool-77-thread-1] INFO  server.RaftServerConfigKeys (ConfUtils.java:logGet(43)) - raft.server.log.purge.gap = 1000000 (custom)
2019-09-26 12:47:57,302 [pool-77-thread-1] INFO  server.RaftServerConfigKeys (ConfUtils.java:logGet(43)) - raft.server.log.appender.buffer.byte-limit = 33554432 (custom)
2019-09-26 12:47:57,302 [pool-77-thread-1] INFO  server.RaftServerConfigKeys (ConfUtils.java:logGet(43)) - raft.server.log.segment.size.max = 1048576 (custom)
2019-09-26 12:47:57,302 [pool-77-thread-1] INFO  server.RaftServerConfigKeys (ConfUtils.java:logGet(43)) - raft.server.log.segment.cache.num.max = 2 (custom)
2019-09-26 12:47:57,302 [pool-77-thread-1] INFO  segmented.SegmentedRaftLogWorker (SegmentedRaftLogWorker.java:<init>(172)) - new 22777fa1-7b60-428b-91a4-e681f8adba43@group-F2F884DD59DB-SegmentedRaftLogWorker for RaftStorage:Storage Directory /workdir/hadoop-ozone/integration-test/target/test-dir/MiniOzoneClusterImpl-5cb8bac5-d0f0-4551-b9d0-b3e056facdc3/datanode-5/data/ratis/4ed7c442-0d5d-4bd4-877e-f2f884dd59db
2019-09-26 12:47:57,302 [pool-77-thread-1] INFO  server.RaftServerConfigKeys (ConfUtils.java:logGet(43)) - raft.server.log.queue.byte-limit = 2147483647 (custom)
2019-09-26 12:47:57,303 [pool-77-thread-1] INFO  server.RaftServerConfigKeys (ConfUtils.java:logGet(43)) - raft.server.log.queue.element-limit = 1024 (custom)
2019-09-26 12:47:57,303 [pool-77-thread-1] INFO  server.RaftServerConfigKeys (ConfUtils.java:logGet(43)) - raft.server.log.segment.size.max = 1048576 (custom)
2019-09-26 12:47:57,303 [pool-77-thread-1] INFO  server.RaftServerConfigKeys (ConfUtils.java:logGet(43)) - raft.server.log.preallocated.size = 16384 (custom)
2019-09-26 12:47:57,303 [pool-77-thread-1] INFO  server.RaftServerConfigKeys (ConfUtils.java:logGet(43)) - raft.server.log.write.buffer.size = 33554432 (custom)
2019-09-26 12:47:57,303 [pool-77-thread-1] INFO  server.RaftServerConfigKeys (ConfUtils.java:logGet(43)) - raft.server.log.force.sync.num = 128 (default)
2019-09-26 12:47:57,304 [pool-77-thread-1] INFO  server.RaftServerConfigKeys (ConfUtils.java:logGet(43)) - raft.server.log.statemachine.data.sync = true (default)
2019-09-26 12:47:57,304 [pool-77-thread-1] INFO  server.RaftServerConfigKeys (ConfUtils.java:logGet(43)) - raft.server.log.statemachine.data.sync.timeout = 10s (default)
2019-09-26 12:47:57,304 [pool-77-thread-1] INFO  server.RaftServerConfigKeys (ConfUtils.java:logGet(43)) - raft.server.log.statemachine.data.sync.timeout.retry = -1 (default)
2019-09-26 12:47:57,304 [pool-77-thread-1] INFO  server.RaftServerConfigKeys (ConfUtils.java:logGet(43)) - raft.server.log.statemachine.data.caching.enabled = true (custom)
2019-09-26 12:47:57,305 [pool-77-thread-1] INFO  segmented.SegmentedRaftLogWorker (SegmentedRaftLogWorker.java:lambda$new$0(132)) - 22777fa1-7b60-428b-91a4-e681f8adba43@group-F2F884DD59DB-SegmentedRaftLogWorker: flushIndex: setUnconditionally 0 -> -1
2019-09-26 12:47:57,305 [pool-77-thread-1] INFO  server.RaftServerConfigKeys (ConfUtils.java:logGet(43)) - raft.server.snapshot.auto.trigger.enabled = true (custom)
2019-09-26 12:47:57,305 [pool-77-thread-1] INFO  server.RaftServerConfigKeys (ConfUtils.java:logGet(43)) - raft.server.snapshot.auto.trigger.threshold = 10000 (custom)
2019-09-26 12:47:57,305 [pool-77-thread-1] INFO  server.RaftServerConfigKeys (ConfUtils.java:logGet(43)) - raft.server.snapshot.retention.num.files = 5 (custom)
2019-09-26 12:47:57,306 [pool-77-thread-1] INFO  server.RaftServerConfigKeys (ConfUtils.java:logGet(43)) - raft.server.retrycache.expirytime = 600000ms (custom)
2019-09-26 12:47:57,309 [pool-77-thread-1] INFO  impl.RaftServerImpl (RaftServerImpl.java:start(185)) - 22777fa1-7b60-428b-91a4-e681f8adba43@group-F2F884DD59DB: start as a follower, conf=-1: [22777fa1-7b60-428b-91a4-e681f8adba43:192.168.164.238:37397], old=null
2019-09-26 12:47:57,309 [pool-77-thread-1] INFO  impl.RaftServerImpl (RaftServerImpl.java:setRole(174)) - 22777fa1-7b60-428b-91a4-e681f8adba43@group-F2F884DD59DB: changes role from      null to FOLLOWER at term 0 for startAsFollower
2019-09-26 12:47:57,309 [pool-77-thread-1] INFO  impl.RoleInfo (RoleInfo.java:updateAndGet(143)) - 22777fa1-7b60-428b-91a4-e681f8adba43: start FollowerState
2019-09-26 12:47:57,310 [pool-77-thread-1] INFO  util.JmxRegister (JmxRegister.java:tryRegister(44)) - Successfully registered JMX Bean with object name Ratis:service=RaftServer,group=group-F2F884DD59DB,id=22777fa1-7b60-428b-91a4-e681f8adba43
2019-09-26 12:47:57,313 [RatisPipelineUtilsThread] INFO  pipeline.PipelineStateManager (PipelineStateManager.java:addPipeline(56)) - Created pipeline Pipeline[ Id: 4ed7c442-0d5d-4bd4-877e-f2f884dd59db, Nodes: 22777fa1-7b60-428b-91a4-e681f8adba43{ip: 192.168.164.238, host: pr-hdds-1569-87zkn-1081879488, networkLocation: /default-rack, certSerialId: null}, Type:RATIS, Factor:ONE, State:OPEN]
2019-09-26 12:47:57,313 [RatisPipelineUtilsThread] INFO  pipeline.PipelinePlacementPolicy (PipelinePlacementPolicy.java:meetCriteria(91)) - Pipeline Placement: can't place more pipeline on heavy datanode： 7f14b49f-15fb-4df6-892c-52360d3121e9 Heaviness: 6 limit: 5
2019-09-26 12:47:57,314 [RatisPipelineUtilsThread] INFO  pipeline.PipelinePlacementPolicy (PipelinePlacementPolicy.java:meetCriteria(91)) - Pipeline Placement: can't place more pipeline on heavy datanode： 442f14b8-64b4-4212-b9b5-a1ac78df33e2 Heaviness: 6 limit: 5
2019-09-26 12:47:57,314 [RatisPipelineUtilsThread] INFO  pipeline.PipelinePlacementPolicy (PipelinePlacementPolicy.java:meetCriteria(91)) - Pipeline Placement: can't place more pipeline on heavy datanode： 22777fa1-7b60-428b-91a4-e681f8adba43 Heaviness: 6 limit: 5
2019-09-26 12:47:57,314 [RatisPipelineUtilsThread] INFO  pipeline.PipelinePlacementPolicy (PipelinePlacementPolicy.java:meetCriteria(91)) - Pipeline Placement: can't place more pipeline on heavy datanode： c217791a-6f2b-404e-8fdd-7bf246bea5f5 Heaviness: 6 limit: 5
2019-09-26 12:47:57,315 [RatisPipelineUtilsThread] INFO  pipeline.PipelinePlacementPolicy (PipelinePlacementPolicy.java:meetCriteria(91)) - Pipeline Placement: can't place more pipeline on heavy datanode： ee405521-39f0-4e35-96b7-0f3eb4cba198 Heaviness: 6 limit: 5
2019-09-26 12:47:57,320 [grpc-default-executor-0] INFO  impl.RaftServerProxy (RaftServerProxy.java:addNew(89)) - 2f26360f-713d-4798-931d-49dc5cf4b129: addNew group-FF5A2AD8F8E9:[2f26360f-713d-4798-931d-49dc5cf4b129:192.168.164.238:38857] returns group-FF5A2AD8F8E9:java.util.concurrent.CompletableFuture@43926565[Not completed]
2019-09-26 12:47:57,323 [pool-87-thread-1] INFO  impl.RaftServerImpl (RaftServerImpl.java:<init>(95)) - 2f26360f-713d-4798-931d-49dc5cf4b129: new RaftServerImpl for group-FF5A2AD8F8E9:[2f26360f-713d-4798-931d-49dc5cf4b129:192.168.164.238:38857] with ContainerStateMachine:uninitialized
2019-09-26 12:47:57,323 [pool-87-thread-1] INFO  server.RaftServerConfigKeys (ConfUtils.java:logGet(43)) - raft.server.rpc.timeout.min = 5s (custom)
2019-09-26 12:47:57,323 [pool-87-thread-1] INFO  server.RaftServerConfigKeys (ConfUtils.java:logGet(43)) - raft.server.rpc.timeout.max = 5200ms (custom)
2019-09-26 12:47:57,323 [pool-87-thread-1] INFO  server.RaftServerConfigKeys (ConfUtils.java:logGet(43)) - raft.server.rpcslowness.timeout = 120s (custom)
2019-09-26 12:47:57,323 [pool-87-thread-1] INFO  server.RaftServerConfigKeys (ConfUtils.java:logGet(43)) - raft.server.sleep.deviation.threshold = 300 (default)
2019-09-26 12:47:57,323 [pool-87-thread-1] INFO  server.RaftServerConfigKeys (ConfUtils.java:logGet(43)) - raft.server.log.appender.install.snapshot.enabled = false (custom)
2019-09-26 12:47:57,324 [pool-87-thread-1] INFO  impl.RaftServerImpl (ServerState.java:<init>(103)) - 2f26360f-713d-4798-931d-49dc5cf4b129@group-FF5A2AD8F8E9: ConfigurationManager, init=-1: [2f26360f-713d-4798-931d-49dc5cf4b129:192.168.164.238:38857], old=null, confs=<EMPTY_MAP>
2019-09-26 12:47:57,324 [pool-87-thread-1] INFO  server.RaftServerConfigKeys (ConfUtils.java:logGet(43)) - raft.server.storage.dir = [/workdir/hadoop-ozone/integration-test/target/test-dir/MiniOzoneClusterImpl-5cb8bac5-d0f0-4551-b9d0-b3e056facdc3/datanode-6/data/ratis] (custom)
2019-09-26 12:47:57,357 [pool-87-thread-1] INFO  storage.RaftStorageDirectory (RaftStorageDirectory.java:analyzeStorage(246)) - The storage directory /workdir/hadoop-ozone/integration-test/target/test-dir/MiniOzoneClusterImpl-5cb8bac5-d0f0-4551-b9d0-b3e056facdc3/datanode-6/data/ratis/27776d7d-4fc8-4a73-a947-ff5a2ad8f8e9 does not exist. Creating ...
2019-09-26 12:47:57,382 [pool-87-thread-1] INFO  storage.RaftStorageDirectory (RaftStorageDirectory.java:tryLock(328)) - Lock on /workdir/hadoop-ozone/integration-test/target/test-dir/MiniOzoneClusterImpl-5cb8bac5-d0f0-4551-b9d0-b3e056facdc3/datanode-6/data/ratis/27776d7d-4fc8-4a73-a947-ff5a2ad8f8e9/in_use.lock acquired by nodename 4507@pr-hdds-1569-87zkn-1081879488
2019-09-26 12:47:57,395 [pool-87-thread-1] INFO  storage.RaftStorage (RaftStorage.java:format(72)) - Storage directory /workdir/hadoop-ozone/integration-test/target/test-dir/MiniOzoneClusterImpl-5cb8bac5-d0f0-4551-b9d0-b3e056facdc3/datanode-6/data/ratis/27776d7d-4fc8-4a73-a947-ff5a2ad8f8e9 has been successfully formatted.
2019-09-26 12:47:57,395 [pool-87-thread-1] INFO  ratis.ContainerStateMachine (ContainerStateMachine.java:loadSnapshot(230)) - group-FF5A2AD8F8E9: The snapshot info is null. Setting the last applied indexto:(t:0, i:~)
2019-09-26 12:47:57,396 [pool-87-thread-1] INFO  server.RaftServerConfigKeys (ConfUtils.java:logGet(43)) - raft.server.notification.no-leader.timeout = 120s (custom)
2019-09-26 12:47:57,396 [pool-87-thread-1] INFO  server.RaftServerConfigKeys (ConfUtils.java:logGet(43)) - raft.server.log.use.memory = false (default)
2019-09-26 12:47:57,396 [pool-87-thread-1] INFO  server.RaftServerConfigKeys (ConfUtils.java:logGet(43)) - raft.server.log.purge.gap = 1000000 (custom)
2019-09-26 12:47:57,396 [pool-87-thread-1] INFO  server.RaftServerConfigKeys (ConfUtils.java:logGet(43)) - raft.server.log.appender.buffer.byte-limit = 33554432 (custom)
2019-09-26 12:47:57,396 [pool-87-thread-1] INFO  server.RaftServerConfigKeys (ConfUtils.java:logGet(43)) - raft.server.log.segment.size.max = 1048576 (custom)
2019-09-26 12:47:57,396 [pool-87-thread-1] INFO  server.RaftServerConfigKeys (ConfUtils.java:logGet(43)) - raft.server.log.segment.cache.num.max = 2 (custom)
2019-09-26 12:47:57,397 [pool-87-thread-1] INFO  segmented.SegmentedRaftLogWorker (SegmentedRaftLogWorker.java:<init>(172)) - new 2f26360f-713d-4798-931d-49dc5cf4b129@group-FF5A2AD8F8E9-SegmentedRaftLogWorker for RaftStorage:Storage Directory /workdir/hadoop-ozone/integration-test/target/test-dir/MiniOzoneClusterImpl-5cb8bac5-d0f0-4551-b9d0-b3e056facdc3/datanode-6/data/ratis/27776d7d-4fc8-4a73-a947-ff5a2ad8f8e9
2019-09-26 12:47:57,397 [pool-87-thread-1] INFO  server.RaftServerConfigKeys (ConfUtils.java:logGet(43)) - raft.server.log.queue.byte-limit = 2147483647 (custom)
2019-09-26 12:47:57,397 [pool-87-thread-1] INFO  server.RaftServerConfigKeys (ConfUtils.java:logGet(43)) - raft.server.log.queue.element-limit = 1024 (custom)
2019-09-26 12:47:57,397 [pool-87-thread-1] INFO  server.RaftServerConfigKeys (ConfUtils.java:logGet(43)) - raft.server.log.segment.size.max = 1048576 (custom)
2019-09-26 12:47:57,397 [pool-87-thread-1] INFO  server.RaftServerConfigKeys (ConfUtils.java:logGet(43)) - raft.server.log.preallocated.size = 16384 (custom)
2019-09-26 12:47:57,397 [pool-87-thread-1] INFO  server.RaftServerConfigKeys (ConfUtils.java:logGet(43)) - raft.server.log.write.buffer.size = 33554432 (custom)
2019-09-26 12:47:57,397 [pool-87-thread-1] INFO  server.RaftServerConfigKeys (ConfUtils.java:logGet(43)) - raft.server.log.force.sync.num = 128 (default)
2019-09-26 12:47:57,398 [pool-87-thread-1] INFO  server.RaftServerConfigKeys (ConfUtils.java:logGet(43)) - raft.server.log.statemachine.data.sync = true (default)
2019-09-26 12:47:57,398 [pool-87-thread-1] INFO  server.RaftServerConfigKeys (ConfUtils.java:logGet(43)) - raft.server.log.statemachine.data.sync.timeout = 10s (default)
2019-09-26 12:47:57,398 [pool-87-thread-1] INFO  server.RaftServerConfigKeys (ConfUtils.java:logGet(43)) - raft.server.log.statemachine.data.sync.timeout.retry = -1 (default)
2019-09-26 12:47:57,398 [pool-87-thread-1] INFO  server.RaftServerConfigKeys (ConfUtils.java:logGet(43)) - raft.server.log.statemachine.data.caching.enabled = true (custom)
2019-09-26 12:47:57,398 [pool-87-thread-1] INFO  segmented.SegmentedRaftLogWorker (SegmentedRaftLogWorker.java:lambda$new$0(132)) - 2f26360f-713d-4798-931d-49dc5cf4b129@group-FF5A2AD8F8E9-SegmentedRaftLogWorker: flushIndex: setUnconditionally 0 -> -1
2019-09-26 12:47:57,399 [pool-87-thread-1] INFO  server.RaftServerConfigKeys (ConfUtils.java:logGet(43)) - raft.server.snapshot.auto.trigger.enabled = true (custom)
2019-09-26 12:47:57,399 [pool-87-thread-1] INFO  server.RaftServerConfigKeys (ConfUtils.java:logGet(43)) - raft.server.snapshot.auto.trigger.threshold = 10000 (custom)
2019-09-26 12:47:57,399 [pool-87-thread-1] INFO  server.RaftServerConfigKeys (ConfUtils.java:logGet(43)) - raft.server.snapshot.retention.num.files = 5 (custom)
2019-09-26 12:47:57,399 [pool-87-thread-1] INFO  server.RaftServerConfigKeys (ConfUtils.java:logGet(43)) - raft.server.retrycache.expirytime = 600000ms (custom)
2019-09-26 12:47:57,402 [pool-87-thread-1] INFO  impl.RaftServerImpl (RaftServerImpl.java:start(185)) - 2f26360f-713d-4798-931d-49dc5cf4b129@group-FF5A2AD8F8E9: start as a follower, conf=-1: [2f26360f-713d-4798-931d-49dc5cf4b129:192.168.164.238:38857], old=null
2019-09-26 12:47:57,402 [pool-87-thread-1] INFO  impl.RaftServerImpl (RaftServerImpl.java:setRole(174)) - 2f26360f-713d-4798-931d-49dc5cf4b129@group-FF5A2AD8F8E9: changes role from      null to FOLLOWER at term 0 for startAsFollower
2019-09-26 12:47:57,402 [pool-87-thread-1] INFO  impl.RoleInfo (RoleInfo.java:updateAndGet(143)) - 2f26360f-713d-4798-931d-49dc5cf4b129: start FollowerState
2019-09-26 12:47:57,403 [pool-87-thread-1] INFO  util.JmxRegister (JmxRegister.java:tryRegister(44)) - Successfully registered JMX Bean with object name Ratis:service=RaftServer,group=group-FF5A2AD8F8E9,id=2f26360f-713d-4798-931d-49dc5cf4b129
2019-09-26 12:47:57,406 [RatisPipelineUtilsThread] INFO  pipeline.PipelineStateManager (PipelineStateManager.java:addPipeline(56)) - Created pipeline Pipeline[ Id: 27776d7d-4fc8-4a73-a947-ff5a2ad8f8e9, Nodes: 2f26360f-713d-4798-931d-49dc5cf4b129{ip: 192.168.164.238, host: pr-hdds-1569-87zkn-1081879488, networkLocation: /default-rack, certSerialId: null}, Type:RATIS, Factor:ONE, State:OPEN]
2019-09-26 12:47:57,406 [RatisPipelineUtilsThread] INFO  pipeline.PipelinePlacementPolicy (PipelinePlacementPolicy.java:meetCriteria(91)) - Pipeline Placement: can't place more pipeline on heavy datanode： 2f26360f-713d-4798-931d-49dc5cf4b129 Heaviness: 6 limit: 5
2019-09-26 12:47:57,407 [RatisPipelineUtilsThread] INFO  pipeline.PipelinePlacementPolicy (PipelinePlacementPolicy.java:meetCriteria(91)) - Pipeline Placement: can't place more pipeline on heavy datanode： 7f14b49f-15fb-4df6-892c-52360d3121e9 Heaviness: 6 limit: 5
2019-09-26 12:47:57,407 [RatisPipelineUtilsThread] INFO  pipeline.PipelinePlacementPolicy (PipelinePlacementPolicy.java:meetCriteria(91)) - Pipeline Placement: can't place more pipeline on heavy datanode： 442f14b8-64b4-4212-b9b5-a1ac78df33e2 Heaviness: 6 limit: 5
2019-09-26 12:47:57,407 [RatisPipelineUtilsThread] INFO  pipeline.PipelinePlacementPolicy (PipelinePlacementPolicy.java:meetCriteria(91)) - Pipeline Placement: can't place more pipeline on heavy datanode： 22777fa1-7b60-428b-91a4-e681f8adba43 Heaviness: 6 limit: 5
2019-09-26 12:47:57,407 [RatisPipelineUtilsThread] INFO  pipeline.PipelinePlacementPolicy (PipelinePlacementPolicy.java:meetCriteria(91)) - Pipeline Placement: can't place more pipeline on heavy datanode： c217791a-6f2b-404e-8fdd-7bf246bea5f5 Heaviness: 6 limit: 5
2019-09-26 12:47:57,407 [RatisPipelineUtilsThread] INFO  pipeline.PipelinePlacementPolicy (PipelinePlacementPolicy.java:meetCriteria(91)) - Pipeline Placement: can't place more pipeline on heavy datanode： ee405521-39f0-4e35-96b7-0f3eb4cba198 Heaviness: 6 limit: 5
2019-09-26 12:47:57,414 [grpc-default-executor-0] INFO  impl.RaftServerProxy (RaftServerProxy.java:addNew(89)) - 93b6de49-ccf6-423c-87d1-581fa32d2ae4: addNew group-8728BFD1425C:[93b6de49-ccf6-423c-87d1-581fa32d2ae4:192.168.164.238:41044] returns group-8728BFD1425C:java.util.concurrent.CompletableFuture@11af7137[Not completed]
2019-09-26 12:47:57,415 [pool-117-thread-1] INFO  impl.RaftServerImpl (RaftServerImpl.java:<init>(95)) - 93b6de49-ccf6-423c-87d1-581fa32d2ae4: new RaftServerImpl for group-8728BFD1425C:[93b6de49-ccf6-423c-87d1-581fa32d2ae4:192.168.164.238:41044] with ContainerStateMachine:uninitialized
2019-09-26 12:47:57,415 [pool-117-thread-1] INFO  server.RaftServerConfigKeys (ConfUtils.java:logGet(43)) - raft.server.rpc.timeout.min = 5s (custom)
2019-09-26 12:47:57,416 [pool-117-thread-1] INFO  server.RaftServerConfigKeys (ConfUtils.java:logGet(43)) - raft.server.rpc.timeout.max = 5200ms (custom)
2019-09-26 12:47:57,416 [pool-117-thread-1] INFO  server.RaftServerConfigKeys (ConfUtils.java:logGet(43)) - raft.server.rpcslowness.timeout = 120s (custom)
2019-09-26 12:47:57,416 [pool-117-thread-1] INFO  server.RaftServerConfigKeys (ConfUtils.java:logGet(43)) - raft.server.sleep.deviation.threshold = 300 (default)
2019-09-26 12:47:57,416 [pool-117-thread-1] INFO  server.RaftServerConfigKeys (ConfUtils.java:logGet(43)) - raft.server.log.appender.install.snapshot.enabled = false (custom)
2019-09-26 12:47:57,416 [pool-117-thread-1] INFO  impl.RaftServerImpl (ServerState.java:<init>(103)) - 93b6de49-ccf6-423c-87d1-581fa32d2ae4@group-8728BFD1425C: ConfigurationManager, init=-1: [93b6de49-ccf6-423c-87d1-581fa32d2ae4:192.168.164.238:41044], old=null, confs=<EMPTY_MAP>
2019-09-26 12:47:57,416 [pool-117-thread-1] INFO  server.RaftServerConfigKeys (ConfUtils.java:logGet(43)) - raft.server.storage.dir = [/workdir/hadoop-ozone/integration-test/target/test-dir/MiniOzoneClusterImpl-5cb8bac5-d0f0-4551-b9d0-b3e056facdc3/datanode-9/data/ratis] (custom)
2019-09-26 12:47:57,417 [pool-117-thread-1] INFO  storage.RaftStorageDirectory (RaftStorageDirectory.java:analyzeStorage(246)) - The storage directory /workdir/hadoop-ozone/integration-test/target/test-dir/MiniOzoneClusterImpl-5cb8bac5-d0f0-4551-b9d0-b3e056facdc3/datanode-9/data/ratis/e7dd6f37-68d5-4d34-a1a4-8728bfd1425c does not exist. Creating ...
2019-09-26 12:47:57,424 [pool-117-thread-1] INFO  storage.RaftStorageDirectory (RaftStorageDirectory.java:tryLock(328)) - Lock on /workdir/hadoop-ozone/integration-test/target/test-dir/MiniOzoneClusterImpl-5cb8bac5-d0f0-4551-b9d0-b3e056facdc3/datanode-9/data/ratis/e7dd6f37-68d5-4d34-a1a4-8728bfd1425c/in_use.lock acquired by nodename 4507@pr-hdds-1569-87zkn-1081879488
2019-09-26 12:47:57,437 [pool-117-thread-1] INFO  storage.RaftStorage (RaftStorage.java:format(72)) - Storage directory /workdir/hadoop-ozone/integration-test/target/test-dir/MiniOzoneClusterImpl-5cb8bac5-d0f0-4551-b9d0-b3e056facdc3/datanode-9/data/ratis/e7dd6f37-68d5-4d34-a1a4-8728bfd1425c has been successfully formatted.
2019-09-26 12:47:57,438 [pool-117-thread-1] INFO  ratis.ContainerStateMachine (ContainerStateMachine.java:loadSnapshot(230)) - group-8728BFD1425C: The snapshot info is null. Setting the last applied indexto:(t:0, i:~)
2019-09-26 12:47:57,438 [pool-117-thread-1] INFO  server.RaftServerConfigKeys (ConfUtils.java:logGet(43)) - raft.server.notification.no-leader.timeout = 120s (custom)
2019-09-26 12:47:57,438 [pool-117-thread-1] INFO  server.RaftServerConfigKeys (ConfUtils.java:logGet(43)) - raft.server.log.use.memory = false (default)
2019-09-26 12:47:57,438 [pool-117-thread-1] INFO  server.RaftServerConfigKeys (ConfUtils.java:logGet(43)) - raft.server.log.purge.gap = 1000000 (custom)
2019-09-26 12:47:57,438 [pool-117-thread-1] INFO  server.RaftServerConfigKeys (ConfUtils.java:logGet(43)) - raft.server.log.appender.buffer.byte-limit = 33554432 (custom)
2019-09-26 12:47:57,438 [pool-117-thread-1] INFO  server.RaftServerConfigKeys (ConfUtils.java:logGet(43)) - raft.server.log.segment.size.max = 1048576 (custom)
2019-09-26 12:47:57,439 [pool-117-thread-1] INFO  server.RaftServerConfigKeys (ConfUtils.java:logGet(43)) - raft.server.log.segment.cache.num.max = 2 (custom)
2019-09-26 12:47:57,439 [pool-117-thread-1] INFO  segmented.SegmentedRaftLogWorker (SegmentedRaftLogWorker.java:<init>(172)) - new 93b6de49-ccf6-423c-87d1-581fa32d2ae4@group-8728BFD1425C-SegmentedRaftLogWorker for RaftStorage:Storage Directory /workdir/hadoop-ozone/integration-test/target/test-dir/MiniOzoneClusterImpl-5cb8bac5-d0f0-4551-b9d0-b3e056facdc3/datanode-9/data/ratis/e7dd6f37-68d5-4d34-a1a4-8728bfd1425c
2019-09-26 12:47:57,439 [pool-117-thread-1] INFO  server.RaftServerConfigKeys (ConfUtils.java:logGet(43)) - raft.server.log.queue.byte-limit = 2147483647 (custom)
2019-09-26 12:47:57,439 [pool-117-thread-1] INFO  server.RaftServerConfigKeys (ConfUtils.java:logGet(43)) - raft.server.log.queue.element-limit = 1024 (custom)
2019-09-26 12:47:57,439 [pool-117-thread-1] INFO  server.RaftServerConfigKeys (ConfUtils.java:logGet(43)) - raft.server.log.segment.size.max = 1048576 (custom)
2019-09-26 12:47:57,439 [pool-117-thread-1] INFO  server.RaftServerConfigKeys (ConfUtils.java:logGet(43)) - raft.server.log.preallocated.size = 16384 (custom)
2019-09-26 12:47:57,440 [pool-117-thread-1] INFO  server.RaftServerConfigKeys (ConfUtils.java:logGet(43)) - raft.server.log.write.buffer.size = 33554432 (custom)
2019-09-26 12:47:57,440 [pool-117-thread-1] INFO  server.RaftServerConfigKeys (ConfUtils.java:logGet(43)) - raft.server.log.force.sync.num = 128 (default)
2019-09-26 12:47:57,440 [pool-117-thread-1] INFO  server.RaftServerConfigKeys (ConfUtils.java:logGet(43)) - raft.server.log.statemachine.data.sync = true (default)
2019-09-26 12:47:57,440 [pool-117-thread-1] INFO  server.RaftServerConfigKeys (ConfUtils.java:logGet(43)) - raft.server.log.statemachine.data.sync.timeout = 10s (default)
2019-09-26 12:47:57,440 [pool-117-thread-1] INFO  server.RaftServerConfigKeys (ConfUtils.java:logGet(43)) - raft.server.log.statemachine.data.sync.timeout.retry = -1 (default)
2019-09-26 12:47:57,441 [pool-117-thread-1] INFO  server.RaftServerConfigKeys (ConfUtils.java:logGet(43)) - raft.server.log.statemachine.data.caching.enabled = true (custom)
2019-09-26 12:47:57,441 [pool-117-thread-1] INFO  segmented.SegmentedRaftLogWorker (SegmentedRaftLogWorker.java:lambda$new$0(132)) - 93b6de49-ccf6-423c-87d1-581fa32d2ae4@group-8728BFD1425C-SegmentedRaftLogWorker: flushIndex: setUnconditionally 0 -> -1
2019-09-26 12:47:57,441 [pool-117-thread-1] INFO  server.RaftServerConfigKeys (ConfUtils.java:logGet(43)) - raft.server.snapshot.auto.trigger.enabled = true (custom)
2019-09-26 12:47:57,441 [pool-117-thread-1] INFO  server.RaftServerConfigKeys (ConfUtils.java:logGet(43)) - raft.server.snapshot.auto.trigger.threshold = 10000 (custom)
2019-09-26 12:47:57,442 [pool-117-thread-1] INFO  server.RaftServerConfigKeys (ConfUtils.java:logGet(43)) - raft.server.snapshot.retention.num.files = 5 (custom)
2019-09-26 12:47:57,442 [pool-117-thread-1] INFO  server.RaftServerConfigKeys (ConfUtils.java:logGet(43)) - raft.server.retrycache.expirytime = 600000ms (custom)
2019-09-26 12:47:57,445 [pool-117-thread-1] INFO  impl.RaftServerImpl (RaftServerImpl.java:start(185)) - 93b6de49-ccf6-423c-87d1-581fa32d2ae4@group-8728BFD1425C: start as a follower, conf=-1: [93b6de49-ccf6-423c-87d1-581fa32d2ae4:192.168.164.238:41044], old=null
2019-09-26 12:47:57,445 [pool-117-thread-1] INFO  impl.RaftServerImpl (RaftServerImpl.java:setRole(174)) - 93b6de49-ccf6-423c-87d1-581fa32d2ae4@group-8728BFD1425C: changes role from      null to FOLLOWER at term 0 for startAsFollower
2019-09-26 12:47:57,445 [pool-117-thread-1] INFO  impl.RoleInfo (RoleInfo.java:updateAndGet(143)) - 93b6de49-ccf6-423c-87d1-581fa32d2ae4: start FollowerState
2019-09-26 12:47:57,446 [pool-117-thread-1] INFO  util.JmxRegister (JmxRegister.java:tryRegister(44)) - Successfully registered JMX Bean with object name Ratis:service=RaftServer,group=group-8728BFD1425C,id=93b6de49-ccf6-423c-87d1-581fa32d2ae4
2019-09-26 12:47:57,449 [RatisPipelineUtilsThread] INFO  pipeline.PipelineStateManager (PipelineStateManager.java:addPipeline(56)) - Created pipeline Pipeline[ Id: e7dd6f37-68d5-4d34-a1a4-8728bfd1425c, Nodes: 93b6de49-ccf6-423c-87d1-581fa32d2ae4{ip: 192.168.164.238, host: pr-hdds-1569-87zkn-1081879488, networkLocation: /default-rack, certSerialId: null}, Type:RATIS, Factor:ONE, State:OPEN]
2019-09-26 12:47:57,450 [RatisPipelineUtilsThread] INFO  pipeline.PipelinePlacementPolicy (PipelinePlacementPolicy.java:meetCriteria(91)) - Pipeline Placement: can't place more pipeline on heavy datanode： 2f26360f-713d-4798-931d-49dc5cf4b129 Heaviness: 6 limit: 5
2019-09-26 12:47:57,450 [RatisPipelineUtilsThread] INFO  pipeline.PipelinePlacementPolicy (PipelinePlacementPolicy.java:meetCriteria(91)) - Pipeline Placement: can't place more pipeline on heavy datanode： 93b6de49-ccf6-423c-87d1-581fa32d2ae4 Heaviness: 6 limit: 5
2019-09-26 12:47:57,450 [RatisPipelineUtilsThread] INFO  pipeline.PipelinePlacementPolicy (PipelinePlacementPolicy.java:meetCriteria(91)) - Pipeline Placement: can't place more pipeline on heavy datanode： 7f14b49f-15fb-4df6-892c-52360d3121e9 Heaviness: 6 limit: 5
2019-09-26 12:47:57,450 [RatisPipelineUtilsThread] INFO  pipeline.PipelinePlacementPolicy (PipelinePlacementPolicy.java:meetCriteria(91)) - Pipeline Placement: can't place more pipeline on heavy datanode： 442f14b8-64b4-4212-b9b5-a1ac78df33e2 Heaviness: 6 limit: 5
2019-09-26 12:47:57,451 [RatisPipelineUtilsThread] INFO  pipeline.PipelinePlacementPolicy (PipelinePlacementPolicy.java:meetCriteria(91)) - Pipeline Placement: can't place more pipeline on heavy datanode： 22777fa1-7b60-428b-91a4-e681f8adba43 Heaviness: 6 limit: 5
2019-09-26 12:47:57,451 [RatisPipelineUtilsThread] INFO  pipeline.PipelinePlacementPolicy (PipelinePlacementPolicy.java:meetCriteria(91)) - Pipeline Placement: can't place more pipeline on heavy datanode： c217791a-6f2b-404e-8fdd-7bf246bea5f5 Heaviness: 6 limit: 5
2019-09-26 12:47:57,451 [RatisPipelineUtilsThread] INFO  pipeline.PipelinePlacementPolicy (PipelinePlacementPolicy.java:meetCriteria(91)) - Pipeline Placement: can't place more pipeline on heavy datanode： ee405521-39f0-4e35-96b7-0f3eb4cba198 Heaviness: 6 limit: 5
2019-09-26 12:47:57,457 [grpc-default-executor-0] INFO  impl.RaftServerProxy (RaftServerProxy.java:addNew(89)) - b09b7271-c85a-4a7d-93dd-691f4cd26c16: addNew group-9AEBA9567980:[b09b7271-c85a-4a7d-93dd-691f4cd26c16:192.168.164.238:46583] returns group-9AEBA9567980:java.util.concurrent.CompletableFuture@d60b4f[Not completed]
2019-09-26 12:47:57,458 [pool-27-thread-1] INFO  impl.RaftServerImpl (RaftServerImpl.java:<init>(95)) - b09b7271-c85a-4a7d-93dd-691f4cd26c16: new RaftServerImpl for group-9AEBA9567980:[b09b7271-c85a-4a7d-93dd-691f4cd26c16:192.168.164.238:46583] with ContainerStateMachine:uninitialized
2019-09-26 12:47:57,458 [pool-27-thread-1] INFO  server.RaftServerConfigKeys (ConfUtils.java:logGet(43)) - raft.server.rpc.timeout.min = 5s (custom)
2019-09-26 12:47:57,458 [pool-27-thread-1] INFO  server.RaftServerConfigKeys (ConfUtils.java:logGet(43)) - raft.server.rpc.timeout.max = 5200ms (custom)
2019-09-26 12:47:57,458 [pool-27-thread-1] INFO  server.RaftServerConfigKeys (ConfUtils.java:logGet(43)) - raft.server.rpcslowness.timeout = 120s (custom)
2019-09-26 12:47:57,458 [pool-27-thread-1] INFO  server.RaftServerConfigKeys (ConfUtils.java:logGet(43)) - raft.server.sleep.deviation.threshold = 300 (default)
2019-09-26 12:47:57,459 [pool-27-thread-1] INFO  server.RaftServerConfigKeys (ConfUtils.java:logGet(43)) - raft.server.log.appender.install.snapshot.enabled = false (custom)
2019-09-26 12:47:57,459 [pool-27-thread-1] INFO  impl.RaftServerImpl (ServerState.java:<init>(103)) - b09b7271-c85a-4a7d-93dd-691f4cd26c16@group-9AEBA9567980: ConfigurationManager, init=-1: [b09b7271-c85a-4a7d-93dd-691f4cd26c16:192.168.164.238:46583], old=null, confs=<EMPTY_MAP>
2019-09-26 12:47:57,459 [pool-27-thread-1] INFO  server.RaftServerConfigKeys (ConfUtils.java:logGet(43)) - raft.server.storage.dir = [/workdir/hadoop-ozone/integration-test/target/test-dir/MiniOzoneClusterImpl-5cb8bac5-d0f0-4551-b9d0-b3e056facdc3/datanode-0/data/ratis] (custom)
2019-09-26 12:47:57,459 [pool-27-thread-1] INFO  storage.RaftStorageDirectory (RaftStorageDirectory.java:analyzeStorage(246)) - The storage directory /workdir/hadoop-ozone/integration-test/target/test-dir/MiniOzoneClusterImpl-5cb8bac5-d0f0-4551-b9d0-b3e056facdc3/datanode-0/data/ratis/50d61325-222c-405a-9b53-9aeba9567980 does not exist. Creating ...
2019-09-26 12:47:57,475 [pool-27-thread-1] INFO  storage.RaftStorageDirectory (RaftStorageDirectory.java:tryLock(328)) - Lock on /workdir/hadoop-ozone/integration-test/target/test-dir/MiniOzoneClusterImpl-5cb8bac5-d0f0-4551-b9d0-b3e056facdc3/datanode-0/data/ratis/50d61325-222c-405a-9b53-9aeba9567980/in_use.lock acquired by nodename 4507@pr-hdds-1569-87zkn-1081879488
2019-09-26 12:47:57,488 [pool-27-thread-1] INFO  storage.RaftStorage (RaftStorage.java:format(72)) - Storage directory /workdir/hadoop-ozone/integration-test/target/test-dir/MiniOzoneClusterImpl-5cb8bac5-d0f0-4551-b9d0-b3e056facdc3/datanode-0/data/ratis/50d61325-222c-405a-9b53-9aeba9567980 has been successfully formatted.
2019-09-26 12:47:57,488 [pool-27-thread-1] INFO  ratis.ContainerStateMachine (ContainerStateMachine.java:loadSnapshot(230)) - group-9AEBA9567980: The snapshot info is null. Setting the last applied indexto:(t:0, i:~)
2019-09-26 12:47:57,488 [pool-27-thread-1] INFO  server.RaftServerConfigKeys (ConfUtils.java:logGet(43)) - raft.server.notification.no-leader.timeout = 120s (custom)
2019-09-26 12:47:57,489 [pool-27-thread-1] INFO  server.RaftServerConfigKeys (ConfUtils.java:logGet(43)) - raft.server.log.use.memory = false (default)
2019-09-26 12:47:57,489 [pool-27-thread-1] INFO  server.RaftServerConfigKeys (ConfUtils.java:logGet(43)) - raft.server.log.purge.gap = 1000000 (custom)
2019-09-26 12:47:57,489 [pool-27-thread-1] INFO  server.RaftServerConfigKeys (ConfUtils.java:logGet(43)) - raft.server.log.appender.buffer.byte-limit = 33554432 (custom)
2019-09-26 12:47:57,489 [pool-27-thread-1] INFO  server.RaftServerConfigKeys (ConfUtils.java:logGet(43)) - raft.server.log.segment.size.max = 1048576 (custom)
2019-09-26 12:47:57,489 [pool-27-thread-1] INFO  server.RaftServerConfigKeys (ConfUtils.java:logGet(43)) - raft.server.log.segment.cache.num.max = 2 (custom)
2019-09-26 12:47:57,489 [pool-27-thread-1] INFO  segmented.SegmentedRaftLogWorker (SegmentedRaftLogWorker.java:<init>(172)) - new b09b7271-c85a-4a7d-93dd-691f4cd26c16@group-9AEBA9567980-SegmentedRaftLogWorker for RaftStorage:Storage Directory /workdir/hadoop-ozone/integration-test/target/test-dir/MiniOzoneClusterImpl-5cb8bac5-d0f0-4551-b9d0-b3e056facdc3/datanode-0/data/ratis/50d61325-222c-405a-9b53-9aeba9567980
2019-09-26 12:47:57,489 [pool-27-thread-1] INFO  server.RaftServerConfigKeys (ConfUtils.java:logGet(43)) - raft.server.log.queue.byte-limit = 2147483647 (custom)
2019-09-26 12:47:57,490 [pool-27-thread-1] INFO  server.RaftServerConfigKeys (ConfUtils.java:logGet(43)) - raft.server.log.queue.element-limit = 1024 (custom)
2019-09-26 12:47:57,490 [pool-27-thread-1] INFO  server.RaftServerConfigKeys (ConfUtils.java:logGet(43)) - raft.server.log.segment.size.max = 1048576 (custom)
2019-09-26 12:47:57,490 [pool-27-thread-1] INFO  server.RaftServerConfigKeys (ConfUtils.java:logGet(43)) - raft.server.log.preallocated.size = 16384 (custom)
2019-09-26 12:47:57,490 [pool-27-thread-1] INFO  server.RaftServerConfigKeys (ConfUtils.java:logGet(43)) - raft.server.log.write.buffer.size = 33554432 (custom)
2019-09-26 12:47:57,490 [pool-27-thread-1] INFO  server.RaftServerConfigKeys (ConfUtils.java:logGet(43)) - raft.server.log.force.sync.num = 128 (default)
2019-09-26 12:47:57,490 [pool-27-thread-1] INFO  server.RaftServerConfigKeys (ConfUtils.java:logGet(43)) - raft.server.log.statemachine.data.sync = true (default)
2019-09-26 12:47:57,490 [pool-27-thread-1] INFO  server.RaftServerConfigKeys (ConfUtils.java:logGet(43)) - raft.server.log.statemachine.data.sync.timeout = 10s (default)
2019-09-26 12:47:57,490 [pool-27-thread-1] INFO  server.RaftServerConfigKeys (ConfUtils.java:logGet(43)) - raft.server.log.statemachine.data.sync.timeout.retry = -1 (default)
2019-09-26 12:47:57,491 [pool-27-thread-1] INFO  server.RaftServerConfigKeys (ConfUtils.java:logGet(43)) - raft.server.log.statemachine.data.caching.enabled = true (custom)
2019-09-26 12:47:57,491 [pool-27-thread-1] INFO  segmented.SegmentedRaftLogWorker (SegmentedRaftLogWorker.java:lambda$new$0(132)) - b09b7271-c85a-4a7d-93dd-691f4cd26c16@group-9AEBA9567980-SegmentedRaftLogWorker: flushIndex: setUnconditionally 0 -> -1
2019-09-26 12:47:57,491 [pool-27-thread-1] INFO  server.RaftServerConfigKeys (ConfUtils.java:logGet(43)) - raft.server.snapshot.auto.trigger.enabled = true (custom)
2019-09-26 12:47:57,491 [pool-27-thread-1] INFO  server.RaftServerConfigKeys (ConfUtils.java:logGet(43)) - raft.server.snapshot.auto.trigger.threshold = 10000 (custom)
2019-09-26 12:47:57,491 [pool-27-thread-1] INFO  server.RaftServerConfigKeys (ConfUtils.java:logGet(43)) - raft.server.snapshot.retention.num.files = 5 (custom)
2019-09-26 12:47:57,492 [pool-27-thread-1] INFO  server.RaftServerConfigKeys (ConfUtils.java:logGet(43)) - raft.server.retrycache.expirytime = 600000ms (custom)
2019-09-26 12:47:57,494 [pool-27-thread-1] INFO  impl.RaftServerImpl (RaftServerImpl.java:start(185)) - b09b7271-c85a-4a7d-93dd-691f4cd26c16@group-9AEBA9567980: start as a follower, conf=-1: [b09b7271-c85a-4a7d-93dd-691f4cd26c16:192.168.164.238:46583], old=null
2019-09-26 12:47:57,494 [pool-27-thread-1] INFO  impl.RaftServerImpl (RaftServerImpl.java:setRole(174)) - b09b7271-c85a-4a7d-93dd-691f4cd26c16@group-9AEBA9567980: changes role from      null to FOLLOWER at term 0 for startAsFollower
2019-09-26 12:47:57,494 [pool-27-thread-1] INFO  impl.RoleInfo (RoleInfo.java:updateAndGet(143)) - b09b7271-c85a-4a7d-93dd-691f4cd26c16: start FollowerState
2019-09-26 12:47:57,495 [pool-27-thread-1] INFO  util.JmxRegister (JmxRegister.java:tryRegister(44)) - Successfully registered JMX Bean with object name Ratis:service=RaftServer,group=group-9AEBA9567980,id=b09b7271-c85a-4a7d-93dd-691f4cd26c16
2019-09-26 12:47:57,499 [RatisPipelineUtilsThread] INFO  pipeline.PipelineStateManager (PipelineStateManager.java:addPipeline(56)) - Created pipeline Pipeline[ Id: 50d61325-222c-405a-9b53-9aeba9567980, Nodes: b09b7271-c85a-4a7d-93dd-691f4cd26c16{ip: 192.168.164.238, host: pr-hdds-1569-87zkn-1081879488, networkLocation: /default-rack, certSerialId: null}, Type:RATIS, Factor:ONE, State:OPEN]
2019-09-26 12:47:57,499 [RatisPipelineUtilsThread] INFO  pipeline.PipelinePlacementPolicy (PipelinePlacementPolicy.java:meetCriteria(91)) - Pipeline Placement: can't place more pipeline on heavy datanode： 2f26360f-713d-4798-931d-49dc5cf4b129 Heaviness: 6 limit: 5
2019-09-26 12:47:57,499 [RatisPipelineUtilsThread] INFO  pipeline.PipelinePlacementPolicy (PipelinePlacementPolicy.java:meetCriteria(91)) - Pipeline Placement: can't place more pipeline on heavy datanode： 93b6de49-ccf6-423c-87d1-581fa32d2ae4 Heaviness: 6 limit: 5
2019-09-26 12:47:57,499 [RatisPipelineUtilsThread] INFO  pipeline.PipelinePlacementPolicy (PipelinePlacementPolicy.java:meetCriteria(91)) - Pipeline Placement: can't place more pipeline on heavy datanode： 7f14b49f-15fb-4df6-892c-52360d3121e9 Heaviness: 6 limit: 5
2019-09-26 12:47:57,500 [RatisPipelineUtilsThread] INFO  pipeline.PipelinePlacementPolicy (PipelinePlacementPolicy.java:meetCriteria(91)) - Pipeline Placement: can't place more pipeline on heavy datanode： 442f14b8-64b4-4212-b9b5-a1ac78df33e2 Heaviness: 6 limit: 5
2019-09-26 12:47:57,500 [RatisPipelineUtilsThread] INFO  pipeline.PipelinePlacementPolicy (PipelinePlacementPolicy.java:meetCriteria(91)) - Pipeline Placement: can't place more pipeline on heavy datanode： 22777fa1-7b60-428b-91a4-e681f8adba43 Heaviness: 6 limit: 5
2019-09-26 12:47:57,500 [RatisPipelineUtilsThread] INFO  pipeline.PipelinePlacementPolicy (PipelinePlacementPolicy.java:meetCriteria(91)) - Pipeline Placement: can't place more pipeline on heavy datanode： b09b7271-c85a-4a7d-93dd-691f4cd26c16 Heaviness: 6 limit: 5
2019-09-26 12:47:57,500 [RatisPipelineUtilsThread] INFO  pipeline.PipelinePlacementPolicy (PipelinePlacementPolicy.java:meetCriteria(91)) - Pipeline Placement: can't place more pipeline on heavy datanode： c217791a-6f2b-404e-8fdd-7bf246bea5f5 Heaviness: 6 limit: 5
2019-09-26 12:47:57,501 [RatisPipelineUtilsThread] INFO  pipeline.PipelinePlacementPolicy (PipelinePlacementPolicy.java:meetCriteria(91)) - Pipeline Placement: can't place more pipeline on heavy datanode： ee405521-39f0-4e35-96b7-0f3eb4cba198 Heaviness: 6 limit: 5
2019-09-26 12:47:57,507 [grpc-default-executor-0] INFO  impl.RaftServerProxy (RaftServerProxy.java:addNew(89)) - 1f593858-be54-4a38-8f27-11510ad87306: addNew group-2721F6205F52:[1f593858-be54-4a38-8f27-11510ad87306:192.168.164.238:35544] returns group-2721F6205F52:java.util.concurrent.CompletableFuture@1210e1ca[Not completed]
2019-09-26 12:47:57,509 [pool-57-thread-1] INFO  impl.RaftServerImpl (RaftServerImpl.java:<init>(95)) - 1f593858-be54-4a38-8f27-11510ad87306: new RaftServerImpl for group-2721F6205F52:[1f593858-be54-4a38-8f27-11510ad87306:192.168.164.238:35544] with ContainerStateMachine:uninitialized
2019-09-26 12:47:57,509 [pool-57-thread-1] INFO  server.RaftServerConfigKeys (ConfUtils.java:logGet(43)) - raft.server.rpc.timeout.min = 5s (custom)
2019-09-26 12:47:57,509 [pool-57-thread-1] INFO  server.RaftServerConfigKeys (ConfUtils.java:logGet(43)) - raft.server.rpc.timeout.max = 5200ms (custom)
2019-09-26 12:47:57,510 [pool-57-thread-1] INFO  server.RaftServerConfigKeys (ConfUtils.java:logGet(43)) - raft.server.rpcslowness.timeout = 120s (custom)
2019-09-26 12:47:57,510 [pool-57-thread-1] INFO  server.RaftServerConfigKeys (ConfUtils.java:logGet(43)) - raft.server.sleep.deviation.threshold = 300 (default)
2019-09-26 12:47:57,510 [pool-57-thread-1] INFO  server.RaftServerConfigKeys (ConfUtils.java:logGet(43)) - raft.server.log.appender.install.snapshot.enabled = false (custom)
2019-09-26 12:47:57,510 [pool-57-thread-1] INFO  impl.RaftServerImpl (ServerState.java:<init>(103)) - 1f593858-be54-4a38-8f27-11510ad87306@group-2721F6205F52: ConfigurationManager, init=-1: [1f593858-be54-4a38-8f27-11510ad87306:192.168.164.238:35544], old=null, confs=<EMPTY_MAP>
2019-09-26 12:47:57,510 [pool-57-thread-1] INFO  server.RaftServerConfigKeys (ConfUtils.java:logGet(43)) - raft.server.storage.dir = [/workdir/hadoop-ozone/integration-test/target/test-dir/MiniOzoneClusterImpl-5cb8bac5-d0f0-4551-b9d0-b3e056facdc3/datanode-3/data/ratis] (custom)
2019-09-26 12:47:57,511 [pool-57-thread-1] INFO  storage.RaftStorageDirectory (RaftStorageDirectory.java:analyzeStorage(246)) - The storage directory /workdir/hadoop-ozone/integration-test/target/test-dir/MiniOzoneClusterImpl-5cb8bac5-d0f0-4551-b9d0-b3e056facdc3/datanode-3/data/ratis/b5da4654-7c58-44f9-a238-2721f6205f52 does not exist. Creating ...
2019-09-26 12:47:57,526 [pool-57-thread-1] INFO  storage.RaftStorageDirectory (RaftStorageDirectory.java:tryLock(328)) - Lock on /workdir/hadoop-ozone/integration-test/target/test-dir/MiniOzoneClusterImpl-5cb8bac5-d0f0-4551-b9d0-b3e056facdc3/datanode-3/data/ratis/b5da4654-7c58-44f9-a238-2721f6205f52/in_use.lock acquired by nodename 4507@pr-hdds-1569-87zkn-1081879488
2019-09-26 12:47:57,539 [pool-57-thread-1] INFO  storage.RaftStorage (RaftStorage.java:format(72)) - Storage directory /workdir/hadoop-ozone/integration-test/target/test-dir/MiniOzoneClusterImpl-5cb8bac5-d0f0-4551-b9d0-b3e056facdc3/datanode-3/data/ratis/b5da4654-7c58-44f9-a238-2721f6205f52 has been successfully formatted.
2019-09-26 12:47:57,540 [pool-57-thread-1] INFO  ratis.ContainerStateMachine (ContainerStateMachine.java:loadSnapshot(230)) - group-2721F6205F52: The snapshot info is null. Setting the last applied indexto:(t:0, i:~)
2019-09-26 12:47:57,540 [pool-57-thread-1] INFO  server.RaftServerConfigKeys (ConfUtils.java:logGet(43)) - raft.server.notification.no-leader.timeout = 120s (custom)
2019-09-26 12:47:57,540 [pool-57-thread-1] INFO  server.RaftServerConfigKeys (ConfUtils.java:logGet(43)) - raft.server.log.use.memory = false (default)
2019-09-26 12:47:57,540 [pool-57-thread-1] INFO  server.RaftServerConfigKeys (ConfUtils.java:logGet(43)) - raft.server.log.purge.gap = 1000000 (custom)
2019-09-26 12:47:57,540 [pool-57-thread-1] INFO  server.RaftServerConfigKeys (ConfUtils.java:logGet(43)) - raft.server.log.appender.buffer.byte-limit = 33554432 (custom)
2019-09-26 12:47:57,540 [pool-57-thread-1] INFO  server.RaftServerConfigKeys (ConfUtils.java:logGet(43)) - raft.server.log.segment.size.max = 1048576 (custom)
2019-09-26 12:47:57,540 [pool-57-thread-1] INFO  server.RaftServerConfigKeys (ConfUtils.java:logGet(43)) - raft.server.log.segment.cache.num.max = 2 (custom)
2019-09-26 12:47:57,541 [pool-57-thread-1] INFO  segmented.SegmentedRaftLogWorker (SegmentedRaftLogWorker.java:<init>(172)) - new 1f593858-be54-4a38-8f27-11510ad87306@group-2721F6205F52-SegmentedRaftLogWorker for RaftStorage:Storage Directory /workdir/hadoop-ozone/integration-test/target/test-dir/MiniOzoneClusterImpl-5cb8bac5-d0f0-4551-b9d0-b3e056facdc3/datanode-3/data/ratis/b5da4654-7c58-44f9-a238-2721f6205f52
2019-09-26 12:47:57,541 [pool-57-thread-1] INFO  server.RaftServerConfigKeys (ConfUtils.java:logGet(43)) - raft.server.log.queue.byte-limit = 2147483647 (custom)
2019-09-26 12:47:57,541 [pool-57-thread-1] INFO  server.RaftServerConfigKeys (ConfUtils.java:logGet(43)) - raft.server.log.queue.element-limit = 1024 (custom)
2019-09-26 12:47:57,541 [pool-57-thread-1] INFO  server.RaftServerConfigKeys (ConfUtils.java:logGet(43)) - raft.server.log.segment.size.max = 1048576 (custom)
2019-09-26 12:47:57,541 [pool-57-thread-1] INFO  server.RaftServerConfigKeys (ConfUtils.java:logGet(43)) - raft.server.log.preallocated.size = 16384 (custom)
2019-09-26 12:47:57,541 [pool-57-thread-1] INFO  server.RaftServerConfigKeys (ConfUtils.java:logGet(43)) - raft.server.log.write.buffer.size = 33554432 (custom)
2019-09-26 12:47:57,541 [pool-57-thread-1] INFO  server.RaftServerConfigKeys (ConfUtils.java:logGet(43)) - raft.server.log.force.sync.num = 128 (default)
2019-09-26 12:47:57,542 [pool-57-thread-1] INFO  server.RaftServerConfigKeys (ConfUtils.java:logGet(43)) - raft.server.log.statemachine.data.sync = true (default)
2019-09-26 12:47:57,542 [pool-57-thread-1] INFO  server.RaftServerConfigKeys (ConfUtils.java:logGet(43)) - raft.server.log.statemachine.data.sync.timeout = 10s (default)
2019-09-26 12:47:57,542 [pool-57-thread-1] INFO  server.RaftServerConfigKeys (ConfUtils.java:logGet(43)) - raft.server.log.statemachine.data.sync.timeout.retry = -1 (default)
2019-09-26 12:47:57,542 [pool-57-thread-1] INFO  server.RaftServerConfigKeys (ConfUtils.java:logGet(43)) - raft.server.log.statemachine.data.caching.enabled = true (custom)
2019-09-26 12:47:57,542 [pool-57-thread-1] INFO  segmented.SegmentedRaftLogWorker (SegmentedRaftLogWorker.java:lambda$new$0(132)) - 1f593858-be54-4a38-8f27-11510ad87306@group-2721F6205F52-SegmentedRaftLogWorker: flushIndex: setUnconditionally 0 -> -1
2019-09-26 12:47:57,543 [pool-57-thread-1] INFO  server.RaftServerConfigKeys (ConfUtils.java:logGet(43)) - raft.server.snapshot.auto.trigger.enabled = true (custom)
2019-09-26 12:47:57,543 [pool-57-thread-1] INFO  server.RaftServerConfigKeys (ConfUtils.java:logGet(43)) - raft.server.snapshot.auto.trigger.threshold = 10000 (custom)
2019-09-26 12:47:57,543 [pool-57-thread-1] INFO  server.RaftServerConfigKeys (ConfUtils.java:logGet(43)) - raft.server.snapshot.retention.num.files = 5 (custom)
2019-09-26 12:47:57,543 [pool-57-thread-1] INFO  server.RaftServerConfigKeys (ConfUtils.java:logGet(43)) - raft.server.retrycache.expirytime = 600000ms (custom)
2019-09-26 12:47:57,546 [pool-57-thread-1] INFO  impl.RaftServerImpl (RaftServerImpl.java:start(185)) - 1f593858-be54-4a38-8f27-11510ad87306@group-2721F6205F52: start as a follower, conf=-1: [1f593858-be54-4a38-8f27-11510ad87306:192.168.164.238:35544], old=null
2019-09-26 12:47:57,546 [pool-57-thread-1] INFO  impl.RaftServerImpl (RaftServerImpl.java:setRole(174)) - 1f593858-be54-4a38-8f27-11510ad87306@group-2721F6205F52: changes role from      null to FOLLOWER at term 0 for startAsFollower
2019-09-26 12:47:57,546 [pool-57-thread-1] INFO  impl.RoleInfo (RoleInfo.java:updateAndGet(143)) - 1f593858-be54-4a38-8f27-11510ad87306: start FollowerState
2019-09-26 12:47:57,546 [pool-57-thread-1] INFO  util.JmxRegister (JmxRegister.java:tryRegister(44)) - Successfully registered JMX Bean with object name Ratis:service=RaftServer,group=group-2721F6205F52,id=1f593858-be54-4a38-8f27-11510ad87306
2019-09-26 12:47:57,549 [RatisPipelineUtilsThread] INFO  pipeline.PipelineStateManager (PipelineStateManager.java:addPipeline(56)) - Created pipeline Pipeline[ Id: b5da4654-7c58-44f9-a238-2721f6205f52, Nodes: 1f593858-be54-4a38-8f27-11510ad87306{ip: 192.168.164.238, host: pr-hdds-1569-87zkn-1081879488, networkLocation: /default-rack, certSerialId: null}, Type:RATIS, Factor:ONE, State:OPEN]
2019-09-26 12:47:57,550 [RatisPipelineUtilsThread] INFO  pipeline.PipelinePlacementPolicy (PipelinePlacementPolicy.java:meetCriteria(91)) - Pipeline Placement: can't place more pipeline on heavy datanode： 2f26360f-713d-4798-931d-49dc5cf4b129 Heaviness: 6 limit: 5
2019-09-26 12:47:57,550 [RatisPipelineUtilsThread] INFO  pipeline.PipelinePlacementPolicy (PipelinePlacementPolicy.java:meetCriteria(91)) - Pipeline Placement: can't place more pipeline on heavy datanode： 93b6de49-ccf6-423c-87d1-581fa32d2ae4 Heaviness: 6 limit: 5
2019-09-26 12:47:57,550 [RatisPipelineUtilsThread] INFO  pipeline.PipelinePlacementPolicy (PipelinePlacementPolicy.java:meetCriteria(91)) - Pipeline Placement: can't place more pipeline on heavy datanode： 7f14b49f-15fb-4df6-892c-52360d3121e9 Heaviness: 6 limit: 5
2019-09-26 12:47:57,550 [RatisPipelineUtilsThread] INFO  pipeline.PipelinePlacementPolicy (PipelinePlacementPolicy.java:meetCriteria(91)) - Pipeline Placement: can't place more pipeline on heavy datanode： 442f14b8-64b4-4212-b9b5-a1ac78df33e2 Heaviness: 6 limit: 5
2019-09-26 12:47:57,551 [RatisPipelineUtilsThread] INFO  pipeline.PipelinePlacementPolicy (PipelinePlacementPolicy.java:meetCriteria(91)) - Pipeline Placement: can't place more pipeline on heavy datanode： 22777fa1-7b60-428b-91a4-e681f8adba43 Heaviness: 6 limit: 5
2019-09-26 12:47:57,551 [RatisPipelineUtilsThread] INFO  pipeline.PipelinePlacementPolicy (PipelinePlacementPolicy.java:meetCriteria(91)) - Pipeline Placement: can't place more pipeline on heavy datanode： b09b7271-c85a-4a7d-93dd-691f4cd26c16 Heaviness: 6 limit: 5
2019-09-26 12:47:57,551 [RatisPipelineUtilsThread] INFO  pipeline.PipelinePlacementPolicy (PipelinePlacementPolicy.java:meetCriteria(91)) - Pipeline Placement: can't place more pipeline on heavy datanode： c217791a-6f2b-404e-8fdd-7bf246bea5f5 Heaviness: 6 limit: 5
2019-09-26 12:47:57,551 [RatisPipelineUtilsThread] INFO  pipeline.PipelinePlacementPolicy (PipelinePlacementPolicy.java:meetCriteria(91)) - Pipeline Placement: can't place more pipeline on heavy datanode： ee405521-39f0-4e35-96b7-0f3eb4cba198 Heaviness: 6 limit: 5
2019-09-26 12:47:57,556 [grpc-default-executor-0] INFO  impl.RaftServerProxy (RaftServerProxy.java:addNew(89)) - 1f593858-be54-4a38-8f27-11510ad87306: addNew group-EB4696E294AF:[1f593858-be54-4a38-8f27-11510ad87306:192.168.164.238:35544] returns group-EB4696E294AF:java.util.concurrent.CompletableFuture@d97ea94[Not completed]
2019-09-26 12:47:57,558 [pool-57-thread-1] INFO  impl.RaftServerImpl (RaftServerImpl.java:<init>(95)) - 1f593858-be54-4a38-8f27-11510ad87306: new RaftServerImpl for group-EB4696E294AF:[1f593858-be54-4a38-8f27-11510ad87306:192.168.164.238:35544] with ContainerStateMachine:uninitialized
2019-09-26 12:47:57,558 [pool-57-thread-1] INFO  server.RaftServerConfigKeys (ConfUtils.java:logGet(43)) - raft.server.rpc.timeout.min = 5s (custom)
2019-09-26 12:47:57,558 [pool-57-thread-1] INFO  server.RaftServerConfigKeys (ConfUtils.java:logGet(43)) - raft.server.rpc.timeout.max = 5200ms (custom)
2019-09-26 12:47:57,558 [pool-57-thread-1] INFO  server.RaftServerConfigKeys (ConfUtils.java:logGet(43)) - raft.server.rpcslowness.timeout = 120s (custom)
2019-09-26 12:47:57,558 [pool-57-thread-1] INFO  server.RaftServerConfigKeys (ConfUtils.java:logGet(43)) - raft.server.sleep.deviation.threshold = 300 (default)
2019-09-26 12:47:57,558 [pool-57-thread-1] INFO  server.RaftServerConfigKeys (ConfUtils.java:logGet(43)) - raft.server.log.appender.install.snapshot.enabled = false (custom)
2019-09-26 12:47:57,559 [pool-57-thread-1] INFO  impl.RaftServerImpl (ServerState.java:<init>(103)) - 1f593858-be54-4a38-8f27-11510ad87306@group-EB4696E294AF: ConfigurationManager, init=-1: [1f593858-be54-4a38-8f27-11510ad87306:192.168.164.238:35544], old=null, confs=<EMPTY_MAP>
2019-09-26 12:47:57,559 [pool-57-thread-1] INFO  server.RaftServerConfigKeys (ConfUtils.java:logGet(43)) - raft.server.storage.dir = [/workdir/hadoop-ozone/integration-test/target/test-dir/MiniOzoneClusterImpl-5cb8bac5-d0f0-4551-b9d0-b3e056facdc3/datanode-3/data/ratis] (custom)
2019-09-26 12:47:57,559 [pool-57-thread-1] INFO  storage.RaftStorageDirectory (RaftStorageDirectory.java:analyzeStorage(246)) - The storage directory /workdir/hadoop-ozone/integration-test/target/test-dir/MiniOzoneClusterImpl-5cb8bac5-d0f0-4551-b9d0-b3e056facdc3/datanode-3/data/ratis/6878e425-9fea-4ff7-9440-eb4696e294af does not exist. Creating ...
2019-09-26 12:47:57,572 [pool-57-thread-1] INFO  storage.RaftStorageDirectory (RaftStorageDirectory.java:tryLock(328)) - Lock on /workdir/hadoop-ozone/integration-test/target/test-dir/MiniOzoneClusterImpl-5cb8bac5-d0f0-4551-b9d0-b3e056facdc3/datanode-3/data/ratis/6878e425-9fea-4ff7-9440-eb4696e294af/in_use.lock acquired by nodename 4507@pr-hdds-1569-87zkn-1081879488
2019-09-26 12:47:57,582 [pool-57-thread-1] INFO  storage.RaftStorage (RaftStorage.java:format(72)) - Storage directory /workdir/hadoop-ozone/integration-test/target/test-dir/MiniOzoneClusterImpl-5cb8bac5-d0f0-4551-b9d0-b3e056facdc3/datanode-3/data/ratis/6878e425-9fea-4ff7-9440-eb4696e294af has been successfully formatted.
2019-09-26 12:47:57,582 [pool-57-thread-1] INFO  ratis.ContainerStateMachine (ContainerStateMachine.java:loadSnapshot(230)) - group-EB4696E294AF: The snapshot info is null. Setting the last applied indexto:(t:0, i:~)
2019-09-26 12:47:57,582 [pool-57-thread-1] INFO  server.RaftServerConfigKeys (ConfUtils.java:logGet(43)) - raft.server.notification.no-leader.timeout = 120s (custom)
2019-09-26 12:47:57,582 [pool-57-thread-1] INFO  server.RaftServerConfigKeys (ConfUtils.java:logGet(43)) - raft.server.log.use.memory = false (default)
2019-09-26 12:47:57,582 [pool-57-thread-1] INFO  server.RaftServerConfigKeys (ConfUtils.java:logGet(43)) - raft.server.log.purge.gap = 1000000 (custom)
2019-09-26 12:47:57,582 [pool-57-thread-1] INFO  server.RaftServerConfigKeys (ConfUtils.java:logGet(43)) - raft.server.log.appender.buffer.byte-limit = 33554432 (custom)
2019-09-26 12:47:57,583 [pool-57-thread-1] INFO  server.RaftServerConfigKeys (ConfUtils.java:logGet(43)) - raft.server.log.segment.size.max = 1048576 (custom)
2019-09-26 12:47:57,583 [pool-57-thread-1] INFO  server.RaftServerConfigKeys (ConfUtils.java:logGet(43)) - raft.server.log.segment.cache.num.max = 2 (custom)
2019-09-26 12:47:57,583 [pool-57-thread-1] INFO  segmented.SegmentedRaftLogWorker (SegmentedRaftLogWorker.java:<init>(172)) - new 1f593858-be54-4a38-8f27-11510ad87306@group-EB4696E294AF-SegmentedRaftLogWorker for RaftStorage:Storage Directory /workdir/hadoop-ozone/integration-test/target/test-dir/MiniOzoneClusterImpl-5cb8bac5-d0f0-4551-b9d0-b3e056facdc3/datanode-3/data/ratis/6878e425-9fea-4ff7-9440-eb4696e294af
2019-09-26 12:47:57,583 [pool-57-thread-1] INFO  server.RaftServerConfigKeys (ConfUtils.java:logGet(43)) - raft.server.log.queue.byte-limit = 2147483647 (custom)
2019-09-26 12:47:57,583 [pool-57-thread-1] INFO  server.RaftServerConfigKeys (ConfUtils.java:logGet(43)) - raft.server.log.queue.element-limit = 1024 (custom)
2019-09-26 12:47:57,583 [pool-57-thread-1] INFO  server.RaftServerConfigKeys (ConfUtils.java:logGet(43)) - raft.server.log.segment.size.max = 1048576 (custom)
2019-09-26 12:47:57,583 [Thread-285] INFO  impl.FollowerState (FollowerState.java:run(106)) - b09b7271-c85a-4a7d-93dd-691f4cd26c16:group-DD00E1CCEA35 changes to CANDIDATE, lastRpcTime:5030, electionTimeout:5029ms
2019-09-26 12:47:57,584 [pool-57-thread-1] INFO  server.RaftServerConfigKeys (ConfUtils.java:logGet(43)) - raft.server.log.preallocated.size = 16384 (custom)
2019-09-26 12:47:57,584 [pool-57-thread-1] INFO  server.RaftServerConfigKeys (ConfUtils.java:logGet(43)) - raft.server.log.write.buffer.size = 33554432 (custom)
2019-09-26 12:47:57,584 [pool-57-thread-1] INFO  server.RaftServerConfigKeys (ConfUtils.java:logGet(43)) - raft.server.log.force.sync.num = 128 (default)
2019-09-26 12:47:57,584 [pool-57-thread-1] INFO  server.RaftServerConfigKeys (ConfUtils.java:logGet(43)) - raft.server.log.statemachine.data.sync = true (default)
2019-09-26 12:47:57,589 [pool-57-thread-1] INFO  server.RaftServerConfigKeys (ConfUtils.java:logGet(43)) - raft.server.log.statemachine.data.sync.timeout = 10s (default)
2019-09-26 12:47:57,590 [pool-57-thread-1] INFO  server.RaftServerConfigKeys (ConfUtils.java:logGet(43)) - raft.server.log.statemachine.data.sync.timeout.retry = -1 (default)
2019-09-26 12:47:57,590 [pool-57-thread-1] INFO  server.RaftServerConfigKeys (ConfUtils.java:logGet(43)) - raft.server.log.statemachine.data.caching.enabled = true (custom)
2019-09-26 12:47:57,590 [pool-57-thread-1] INFO  segmented.SegmentedRaftLogWorker (SegmentedRaftLogWorker.java:lambda$new$0(132)) - 1f593858-be54-4a38-8f27-11510ad87306@group-EB4696E294AF-SegmentedRaftLogWorker: flushIndex: setUnconditionally 0 -> -1
2019-09-26 12:47:57,591 [pool-57-thread-1] INFO  server.RaftServerConfigKeys (ConfUtils.java:logGet(43)) - raft.server.snapshot.auto.trigger.enabled = true (custom)
2019-09-26 12:47:57,591 [Thread-285] INFO  impl.RoleInfo (RoleInfo.java:shutdownFollowerState(121)) - b09b7271-c85a-4a7d-93dd-691f4cd26c16: shutdown FollowerState
2019-09-26 12:47:57,591 [pool-57-thread-1] INFO  server.RaftServerConfigKeys (ConfUtils.java:logGet(43)) - raft.server.snapshot.auto.trigger.threshold = 10000 (custom)
2019-09-26 12:47:57,591 [Thread-285] INFO  impl.RaftServerImpl (RaftServerImpl.java:setRole(174)) - b09b7271-c85a-4a7d-93dd-691f4cd26c16@group-DD00E1CCEA35: changes role from  FOLLOWER to CANDIDATE at term 0 for changeToCandidate
2019-09-26 12:47:57,591 [pool-57-thread-1] INFO  server.RaftServerConfigKeys (ConfUtils.java:logGet(43)) - raft.server.snapshot.retention.num.files = 5 (custom)
2019-09-26 12:47:57,592 [pool-57-thread-1] INFO  server.RaftServerConfigKeys (ConfUtils.java:logGet(43)) - raft.server.retrycache.expirytime = 600000ms (custom)
2019-09-26 12:47:57,595 [pool-57-thread-1] INFO  impl.RaftServerImpl (RaftServerImpl.java:start(185)) - 1f593858-be54-4a38-8f27-11510ad87306@group-EB4696E294AF: start as a follower, conf=-1: [1f593858-be54-4a38-8f27-11510ad87306:192.168.164.238:35544], old=null
2019-09-26 12:47:57,595 [pool-57-thread-1] INFO  impl.RaftServerImpl (RaftServerImpl.java:setRole(174)) - 1f593858-be54-4a38-8f27-11510ad87306@group-EB4696E294AF: changes role from      null to FOLLOWER at term 0 for startAsFollower
2019-09-26 12:47:57,601 [pool-57-thread-1] INFO  impl.RoleInfo (RoleInfo.java:updateAndGet(143)) - 1f593858-be54-4a38-8f27-11510ad87306: start FollowerState
2019-09-26 12:47:57,601 [Thread-285] INFO  impl.RoleInfo (RoleInfo.java:updateAndGet(143)) - b09b7271-c85a-4a7d-93dd-691f4cd26c16: start LeaderElection
2019-09-26 12:47:57,601 [pool-57-thread-1] INFO  util.JmxRegister (JmxRegister.java:tryRegister(44)) - Successfully registered JMX Bean with object name Ratis:service=RaftServer,group=group-EB4696E294AF,id=1f593858-be54-4a38-8f27-11510ad87306
2019-09-26 12:47:57,611 [RatisPipelineUtilsThread] INFO  pipeline.PipelineStateManager (PipelineStateManager.java:addPipeline(56)) - Created pipeline Pipeline[ Id: 6878e425-9fea-4ff7-9440-eb4696e294af, Nodes: 1f593858-be54-4a38-8f27-11510ad87306{ip: 192.168.164.238, host: pr-hdds-1569-87zkn-1081879488, networkLocation: /default-rack, certSerialId: null}, Type:RATIS, Factor:ONE, State:OPEN]
2019-09-26 12:47:57,611 [RatisPipelineUtilsThread] INFO  pipeline.PipelinePlacementPolicy (PipelinePlacementPolicy.java:meetCriteria(91)) - Pipeline Placement: can't place more pipeline on heavy datanode： 2f26360f-713d-4798-931d-49dc5cf4b129 Heaviness: 6 limit: 5
2019-09-26 12:47:57,612 [RatisPipelineUtilsThread] INFO  pipeline.PipelinePlacementPolicy (PipelinePlacementPolicy.java:meetCriteria(91)) - Pipeline Placement: can't place more pipeline on heavy datanode： 93b6de49-ccf6-423c-87d1-581fa32d2ae4 Heaviness: 6 limit: 5
2019-09-26 12:47:57,612 [RatisPipelineUtilsThread] INFO  pipeline.PipelinePlacementPolicy (PipelinePlacementPolicy.java:meetCriteria(91)) - Pipeline Placement: can't place more pipeline on heavy datanode： 7f14b49f-15fb-4df6-892c-52360d3121e9 Heaviness: 6 limit: 5
2019-09-26 12:47:57,612 [RatisPipelineUtilsThread] INFO  pipeline.PipelinePlacementPolicy (PipelinePlacementPolicy.java:meetCriteria(91)) - Pipeline Placement: can't place more pipeline on heavy datanode： 442f14b8-64b4-4212-b9b5-a1ac78df33e2 Heaviness: 6 limit: 5
2019-09-26 12:47:57,612 [RatisPipelineUtilsThread] INFO  pipeline.PipelinePlacementPolicy (PipelinePlacementPolicy.java:meetCriteria(91)) - Pipeline Placement: can't place more pipeline on heavy datanode： 1f593858-be54-4a38-8f27-11510ad87306 Heaviness: 6 limit: 5
2019-09-26 12:47:57,613 [RatisPipelineUtilsThread] INFO  pipeline.PipelinePlacementPolicy (PipelinePlacementPolicy.java:meetCriteria(91)) - Pipeline Placement: can't place more pipeline on heavy datanode： 22777fa1-7b60-428b-91a4-e681f8adba43 Heaviness: 6 limit: 5
2019-09-26 12:47:57,613 [RatisPipelineUtilsThread] INFO  pipeline.PipelinePlacementPolicy (PipelinePlacementPolicy.java:meetCriteria(91)) - Pipeline Placement: can't place more pipeline on heavy datanode： b09b7271-c85a-4a7d-93dd-691f4cd26c16 Heaviness: 6 limit: 5
2019-09-26 12:47:57,613 [RatisPipelineUtilsThread] INFO  pipeline.PipelinePlacementPolicy (PipelinePlacementPolicy.java:meetCriteria(91)) - Pipeline Placement: can't place more pipeline on heavy datanode： c217791a-6f2b-404e-8fdd-7bf246bea5f5 Heaviness: 6 limit: 5
2019-09-26 12:47:57,613 [RatisPipelineUtilsThread] INFO  pipeline.PipelinePlacementPolicy (PipelinePlacementPolicy.java:meetCriteria(91)) - Pipeline Placement: can't place more pipeline on heavy datanode： ee405521-39f0-4e35-96b7-0f3eb4cba198 Heaviness: 6 limit: 5
2019-09-26 12:47:57,619 [grpc-default-executor-0] INFO  impl.RaftServerProxy (RaftServerProxy.java:addNew(89)) - 34dea9fc-3ffa-40f3-af9d-53d465a1b9d7: addNew group-3A0228B4903E:[34dea9fc-3ffa-40f3-af9d-53d465a1b9d7:192.168.164.238:42949] returns group-3A0228B4903E:java.util.concurrent.CompletableFuture@517a20[Not completed]
2019-09-26 12:47:57,622 [pool-67-thread-1] INFO  impl.RaftServerImpl (RaftServerImpl.java:<init>(95)) - 34dea9fc-3ffa-40f3-af9d-53d465a1b9d7: new RaftServerImpl for group-3A0228B4903E:[34dea9fc-3ffa-40f3-af9d-53d465a1b9d7:192.168.164.238:42949] with ContainerStateMachine:uninitialized
2019-09-26 12:47:57,622 [pool-67-thread-1] INFO  server.RaftServerConfigKeys (ConfUtils.java:logGet(43)) - raft.server.rpc.timeout.min = 5s (custom)
2019-09-26 12:47:57,622 [pool-67-thread-1] INFO  server.RaftServerConfigKeys (ConfUtils.java:logGet(43)) - raft.server.rpc.timeout.max = 5200ms (custom)
2019-09-26 12:47:57,622 [pool-67-thread-1] INFO  server.RaftServerConfigKeys (ConfUtils.java:logGet(43)) - raft.server.rpcslowness.timeout = 120s (custom)
2019-09-26 12:47:57,622 [pool-67-thread-1] INFO  server.RaftServerConfigKeys (ConfUtils.java:logGet(43)) - raft.server.sleep.deviation.threshold = 300 (default)
2019-09-26 12:47:57,622 [pool-67-thread-1] INFO  server.RaftServerConfigKeys (ConfUtils.java:logGet(43)) - raft.server.log.appender.install.snapshot.enabled = false (custom)
2019-09-26 12:47:57,623 [pool-67-thread-1] INFO  impl.RaftServerImpl (ServerState.java:<init>(103)) - 34dea9fc-3ffa-40f3-af9d-53d465a1b9d7@group-3A0228B4903E: ConfigurationManager, init=-1: [34dea9fc-3ffa-40f3-af9d-53d465a1b9d7:192.168.164.238:42949], old=null, confs=<EMPTY_MAP>
2019-09-26 12:47:57,623 [pool-67-thread-1] INFO  server.RaftServerConfigKeys (ConfUtils.java:logGet(43)) - raft.server.storage.dir = [/workdir/hadoop-ozone/integration-test/target/test-dir/MiniOzoneClusterImpl-5cb8bac5-d0f0-4551-b9d0-b3e056facdc3/datanode-4/data/ratis] (custom)
2019-09-26 12:47:57,623 [pool-67-thread-1] INFO  storage.RaftStorageDirectory (RaftStorageDirectory.java:analyzeStorage(246)) - The storage directory /workdir/hadoop-ozone/integration-test/target/test-dir/MiniOzoneClusterImpl-5cb8bac5-d0f0-4551-b9d0-b3e056facdc3/datanode-4/data/ratis/7dde3848-7a28-41f3-9dc7-3a0228b4903e does not exist. Creating ...
2019-09-26 12:47:57,624 [b09b7271-c85a-4a7d-93dd-691f4cd26c16@group-DD00E1CCEA35:LeaderElection1] INFO  impl.LeaderElection (LeaderElection.java:askForVotes(182)) - b09b7271-c85a-4a7d-93dd-691f4cd26c16@group-DD00E1CCEA35:LeaderElection1: begin an election at term 1 for -1: [b09b7271-c85a-4a7d-93dd-691f4cd26c16:192.168.164.238:46583], old=null
2019-09-26 12:47:57,626 [b09b7271-c85a-4a7d-93dd-691f4cd26c16@group-DD00E1CCEA35:LeaderElection1] INFO  impl.RoleInfo (RoleInfo.java:shutdownLeaderElection(134)) - b09b7271-c85a-4a7d-93dd-691f4cd26c16: shutdown LeaderElection
2019-09-26 12:47:57,627 [b09b7271-c85a-4a7d-93dd-691f4cd26c16@group-DD00E1CCEA35:LeaderElection1] INFO  impl.RaftServerImpl (RaftServerImpl.java:setRole(174)) - b09b7271-c85a-4a7d-93dd-691f4cd26c16@group-DD00E1CCEA35: changes role from CANDIDATE to LEADER at term 1 for changeToLeader
2019-09-26 12:47:57,627 [b09b7271-c85a-4a7d-93dd-691f4cd26c16@group-DD00E1CCEA35:LeaderElection1] INFO  impl.RaftServerImpl (ServerState.java:setLeader(253)) - b09b7271-c85a-4a7d-93dd-691f4cd26c16@group-DD00E1CCEA35: change Leader from null to b09b7271-c85a-4a7d-93dd-691f4cd26c16 at term 1 for becomeLeader, leader elected after 5181ms
2019-09-26 12:47:57,635 [b09b7271-c85a-4a7d-93dd-691f4cd26c16@group-DD00E1CCEA35:LeaderElection1] INFO  server.RaftServerConfigKeys (ConfUtils.java:logGet(43)) - raft.server.staging.catchup.gap = 1000 (default)
2019-09-26 12:47:57,636 [b09b7271-c85a-4a7d-93dd-691f4cd26c16@group-DD00E1CCEA35:LeaderElection1] INFO  server.RaftServerConfigKeys (ConfUtils.java:logGet(43)) - raft.server.rpc.sleep.time = 25ms (default)
2019-09-26 12:47:57,636 [pool-67-thread-1] INFO  storage.RaftStorageDirectory (RaftStorageDirectory.java:tryLock(328)) - Lock on /workdir/hadoop-ozone/integration-test/target/test-dir/MiniOzoneClusterImpl-5cb8bac5-d0f0-4551-b9d0-b3e056facdc3/datanode-4/data/ratis/7dde3848-7a28-41f3-9dc7-3a0228b4903e/in_use.lock acquired by nodename 4507@pr-hdds-1569-87zkn-1081879488
2019-09-26 12:47:57,639 [b09b7271-c85a-4a7d-93dd-691f4cd26c16@group-DD00E1CCEA35:LeaderElection1] INFO  server.RaftServerConfigKeys (ConfUtils.java:logGet(43)) - raft.server.write.element-limit = 4096 (default)
2019-09-26 12:47:57,643 [b09b7271-c85a-4a7d-93dd-691f4cd26c16@group-DD00E1CCEA35:LeaderElection1] INFO  server.RaftServerConfigKeys (ConfUtils.java:logGet(43)) - raft.server.watch.timeout = 10s (default)
2019-09-26 12:47:57,643 [b09b7271-c85a-4a7d-93dd-691f4cd26c16@group-DD00E1CCEA35:LeaderElection1] INFO  server.RaftServerConfigKeys (ConfUtils.java:logGet(43)) - raft.server.watch.timeout.denomination = 1s (default)
2019-09-26 12:47:57,644 [b09b7271-c85a-4a7d-93dd-691f4cd26c16@group-DD00E1CCEA35:LeaderElection1] INFO  server.RaftServerConfigKeys (ConfUtils.java:logGet(43)) - raft.server.watch.element-limit = 65536 (default)
2019-09-26 12:47:57,650 [pool-67-thread-1] INFO  storage.RaftStorage (RaftStorage.java:format(72)) - Storage directory /workdir/hadoop-ozone/integration-test/target/test-dir/MiniOzoneClusterImpl-5cb8bac5-d0f0-4551-b9d0-b3e056facdc3/datanode-4/data/ratis/7dde3848-7a28-41f3-9dc7-3a0228b4903e has been successfully formatted.
2019-09-26 12:47:57,650 [pool-67-thread-1] INFO  ratis.ContainerStateMachine (ContainerStateMachine.java:loadSnapshot(230)) - group-3A0228B4903E: The snapshot info is null. Setting the last applied indexto:(t:0, i:~)
2019-09-26 12:47:57,650 [pool-67-thread-1] INFO  server.RaftServerConfigKeys (ConfUtils.java:logGet(43)) - raft.server.notification.no-leader.timeout = 120s (custom)
2019-09-26 12:47:57,650 [pool-67-thread-1] INFO  server.RaftServerConfigKeys (ConfUtils.java:logGet(43)) - raft.server.log.use.memory = false (default)
2019-09-26 12:47:57,651 [pool-67-thread-1] INFO  server.RaftServerConfigKeys (ConfUtils.java:logGet(43)) - raft.server.log.purge.gap = 1000000 (custom)
2019-09-26 12:47:57,651 [pool-67-thread-1] INFO  server.RaftServerConfigKeys (ConfUtils.java:logGet(43)) - raft.server.log.appender.buffer.byte-limit = 33554432 (custom)
2019-09-26 12:47:57,651 [pool-67-thread-1] INFO  server.RaftServerConfigKeys (ConfUtils.java:logGet(43)) - raft.server.log.segment.size.max = 1048576 (custom)
2019-09-26 12:47:57,651 [pool-67-thread-1] INFO  server.RaftServerConfigKeys (ConfUtils.java:logGet(43)) - raft.server.log.segment.cache.num.max = 2 (custom)
2019-09-26 12:47:57,651 [pool-67-thread-1] INFO  segmented.SegmentedRaftLogWorker (SegmentedRaftLogWorker.java:<init>(172)) - new 34dea9fc-3ffa-40f3-af9d-53d465a1b9d7@group-3A0228B4903E-SegmentedRaftLogWorker for RaftStorage:Storage Directory /workdir/hadoop-ozone/integration-test/target/test-dir/MiniOzoneClusterImpl-5cb8bac5-d0f0-4551-b9d0-b3e056facdc3/datanode-4/data/ratis/7dde3848-7a28-41f3-9dc7-3a0228b4903e
2019-09-26 12:47:57,651 [pool-67-thread-1] INFO  server.RaftServerConfigKeys (ConfUtils.java:logGet(43)) - raft.server.log.queue.byte-limit = 2147483647 (custom)
2019-09-26 12:47:57,652 [pool-67-thread-1] INFO  server.RaftServerConfigKeys (ConfUtils.java:logGet(43)) - raft.server.log.queue.element-limit = 1024 (custom)
2019-09-26 12:47:57,652 [pool-67-thread-1] INFO  server.RaftServerConfigKeys (ConfUtils.java:logGet(43)) - raft.server.log.segment.size.max = 1048576 (custom)
2019-09-26 12:47:57,652 [pool-67-thread-1] INFO  server.RaftServerConfigKeys (ConfUtils.java:logGet(43)) - raft.server.log.preallocated.size = 16384 (custom)
2019-09-26 12:47:57,652 [pool-67-thread-1] INFO  server.RaftServerConfigKeys (ConfUtils.java:logGet(43)) - raft.server.log.write.buffer.size = 33554432 (custom)
2019-09-26 12:47:57,652 [pool-67-thread-1] INFO  server.RaftServerConfigKeys (ConfUtils.java:logGet(43)) - raft.server.log.force.sync.num = 128 (default)
2019-09-26 12:47:57,652 [pool-67-thread-1] INFO  server.RaftServerConfigKeys (ConfUtils.java:logGet(43)) - raft.server.log.statemachine.data.sync = true (default)
2019-09-26 12:47:57,653 [pool-67-thread-1] INFO  server.RaftServerConfigKeys (ConfUtils.java:logGet(43)) - raft.server.log.statemachine.data.sync.timeout = 10s (default)
2019-09-26 12:47:57,653 [pool-67-thread-1] INFO  server.RaftServerConfigKeys (ConfUtils.java:logGet(43)) - raft.server.log.statemachine.data.sync.timeout.retry = -1 (default)
2019-09-26 12:47:57,653 [pool-67-thread-1] INFO  server.RaftServerConfigKeys (ConfUtils.java:logGet(43)) - raft.server.log.statemachine.data.caching.enabled = true (custom)
2019-09-26 12:47:57,653 [pool-67-thread-1] INFO  segmented.SegmentedRaftLogWorker (SegmentedRaftLogWorker.java:lambda$new$0(132)) - 34dea9fc-3ffa-40f3-af9d-53d465a1b9d7@group-3A0228B4903E-SegmentedRaftLogWorker: flushIndex: setUnconditionally 0 -> -1
2019-09-26 12:47:57,654 [pool-67-thread-1] INFO  server.RaftServerConfigKeys (ConfUtils.java:logGet(43)) - raft.server.snapshot.auto.trigger.enabled = true (custom)
2019-09-26 12:47:57,654 [pool-67-thread-1] INFO  server.RaftServerConfigKeys (ConfUtils.java:logGet(43)) - raft.server.snapshot.auto.trigger.threshold = 10000 (custom)
2019-09-26 12:47:57,654 [pool-67-thread-1] INFO  server.RaftServerConfigKeys (ConfUtils.java:logGet(43)) - raft.server.snapshot.retention.num.files = 5 (custom)
2019-09-26 12:47:57,654 [pool-67-thread-1] INFO  server.RaftServerConfigKeys (ConfUtils.java:logGet(43)) - raft.server.retrycache.expirytime = 600000ms (custom)
2019-09-26 12:47:57,657 [pool-67-thread-1] INFO  impl.RaftServerImpl (RaftServerImpl.java:start(185)) - 34dea9fc-3ffa-40f3-af9d-53d465a1b9d7@group-3A0228B4903E: start as a follower, conf=-1: [34dea9fc-3ffa-40f3-af9d-53d465a1b9d7:192.168.164.238:42949], old=null
2019-09-26 12:47:57,657 [pool-67-thread-1] INFO  impl.RaftServerImpl (RaftServerImpl.java:setRole(174)) - 34dea9fc-3ffa-40f3-af9d-53d465a1b9d7@group-3A0228B4903E: changes role from      null to FOLLOWER at term 0 for startAsFollower
2019-09-26 12:47:57,657 [pool-67-thread-1] INFO  impl.RoleInfo (RoleInfo.java:updateAndGet(143)) - 34dea9fc-3ffa-40f3-af9d-53d465a1b9d7: start FollowerState
2019-09-26 12:47:57,658 [pool-67-thread-1] INFO  util.JmxRegister (JmxRegister.java:tryRegister(44)) - Successfully registered JMX Bean with object name Ratis:service=RaftServer,group=group-3A0228B4903E,id=34dea9fc-3ffa-40f3-af9d-53d465a1b9d7
2019-09-26 12:47:57,659 [b09b7271-c85a-4a7d-93dd-691f4cd26c16@group-DD00E1CCEA35:LeaderElection1] INFO  impl.RoleInfo (RoleInfo.java:updateAndGet(143)) - b09b7271-c85a-4a7d-93dd-691f4cd26c16: start LeaderState
2019-09-26 12:47:57,660 [RatisPipelineUtilsThread] INFO  pipeline.PipelineStateManager (PipelineStateManager.java:addPipeline(56)) - Created pipeline Pipeline[ Id: 7dde3848-7a28-41f3-9dc7-3a0228b4903e, Nodes: 34dea9fc-3ffa-40f3-af9d-53d465a1b9d7{ip: 192.168.164.238, host: pr-hdds-1569-87zkn-1081879488, networkLocation: /default-rack, certSerialId: null}, Type:RATIS, Factor:ONE, State:OPEN]
2019-09-26 12:47:57,661 [RatisPipelineUtilsThread] INFO  pipeline.PipelinePlacementPolicy (PipelinePlacementPolicy.java:meetCriteria(91)) - Pipeline Placement: can't place more pipeline on heavy datanode： 2f26360f-713d-4798-931d-49dc5cf4b129 Heaviness: 6 limit: 5
2019-09-26 12:47:57,661 [RatisPipelineUtilsThread] INFO  pipeline.PipelinePlacementPolicy (PipelinePlacementPolicy.java:meetCriteria(91)) - Pipeline Placement: can't place more pipeline on heavy datanode： 93b6de49-ccf6-423c-87d1-581fa32d2ae4 Heaviness: 6 limit: 5
2019-09-26 12:47:57,661 [RatisPipelineUtilsThread] INFO  pipeline.PipelinePlacementPolicy (PipelinePlacementPolicy.java:meetCriteria(91)) - Pipeline Placement: can't place more pipeline on heavy datanode： 7f14b49f-15fb-4df6-892c-52360d3121e9 Heaviness: 6 limit: 5
2019-09-26 12:47:57,661 [RatisPipelineUtilsThread] INFO  pipeline.PipelinePlacementPolicy (PipelinePlacementPolicy.java:meetCriteria(91)) - Pipeline Placement: can't place more pipeline on heavy datanode： 442f14b8-64b4-4212-b9b5-a1ac78df33e2 Heaviness: 6 limit: 5
2019-09-26 12:47:57,662 [RatisPipelineUtilsThread] INFO  pipeline.PipelinePlacementPolicy (PipelinePlacementPolicy.java:meetCriteria(91)) - Pipeline Placement: can't place more pipeline on heavy datanode： 1f593858-be54-4a38-8f27-11510ad87306 Heaviness: 6 limit: 5
2019-09-26 12:47:57,662 [RatisPipelineUtilsThread] INFO  pipeline.PipelinePlacementPolicy (PipelinePlacementPolicy.java:meetCriteria(91)) - Pipeline Placement: can't place more pipeline on heavy datanode： 22777fa1-7b60-428b-91a4-e681f8adba43 Heaviness: 6 limit: 5
2019-09-26 12:47:57,662 [RatisPipelineUtilsThread] INFO  pipeline.PipelinePlacementPolicy (PipelinePlacementPolicy.java:meetCriteria(91)) - Pipeline Placement: can't place more pipeline on heavy datanode： b09b7271-c85a-4a7d-93dd-691f4cd26c16 Heaviness: 6 limit: 5
2019-09-26 12:47:57,662 [RatisPipelineUtilsThread] INFO  pipeline.PipelinePlacementPolicy (PipelinePlacementPolicy.java:meetCriteria(91)) - Pipeline Placement: can't place more pipeline on heavy datanode： c217791a-6f2b-404e-8fdd-7bf246bea5f5 Heaviness: 6 limit: 5
2019-09-26 12:47:57,662 [RatisPipelineUtilsThread] INFO  pipeline.PipelinePlacementPolicy (PipelinePlacementPolicy.java:meetCriteria(91)) - Pipeline Placement: can't place more pipeline on heavy datanode： ee405521-39f0-4e35-96b7-0f3eb4cba198 Heaviness: 6 limit: 5
2019-09-26 12:47:57,667 [grpc-default-executor-0] INFO  impl.RaftServerProxy (RaftServerProxy.java:addNew(89)) - 34dea9fc-3ffa-40f3-af9d-53d465a1b9d7: addNew group-B2E11900B53D:[34dea9fc-3ffa-40f3-af9d-53d465a1b9d7:192.168.164.238:42949] returns group-B2E11900B53D:java.util.concurrent.CompletableFuture@577ebe22[Not completed]
2019-09-26 12:47:57,669 [pool-67-thread-1] INFO  impl.RaftServerImpl (RaftServerImpl.java:<init>(95)) - 34dea9fc-3ffa-40f3-af9d-53d465a1b9d7: new RaftServerImpl for group-B2E11900B53D:[34dea9fc-3ffa-40f3-af9d-53d465a1b9d7:192.168.164.238:42949] with ContainerStateMachine:uninitialized
2019-09-26 12:47:57,669 [pool-67-thread-1] INFO  server.RaftServerConfigKeys (ConfUtils.java:logGet(43)) - raft.server.rpc.timeout.min = 5s (custom)
2019-09-26 12:47:57,669 [pool-67-thread-1] INFO  server.RaftServerConfigKeys (ConfUtils.java:logGet(43)) - raft.server.rpc.timeout.max = 5200ms (custom)
2019-09-26 12:47:57,669 [pool-67-thread-1] INFO  server.RaftServerConfigKeys (ConfUtils.java:logGet(43)) - raft.server.rpcslowness.timeout = 120s (custom)
2019-09-26 12:47:57,669 [pool-67-thread-1] INFO  server.RaftServerConfigKeys (ConfUtils.java:logGet(43)) - raft.server.sleep.deviation.threshold = 300 (default)
2019-09-26 12:47:57,670 [pool-67-thread-1] INFO  server.RaftServerConfigKeys (ConfUtils.java:logGet(43)) - raft.server.log.appender.install.snapshot.enabled = false (custom)
2019-09-26 12:47:57,670 [pool-67-thread-1] INFO  impl.RaftServerImpl (ServerState.java:<init>(103)) - 34dea9fc-3ffa-40f3-af9d-53d465a1b9d7@group-B2E11900B53D: ConfigurationManager, init=-1: [34dea9fc-3ffa-40f3-af9d-53d465a1b9d7:192.168.164.238:42949], old=null, confs=<EMPTY_MAP>
2019-09-26 12:47:57,670 [pool-67-thread-1] INFO  server.RaftServerConfigKeys (ConfUtils.java:logGet(43)) - raft.server.storage.dir = [/workdir/hadoop-ozone/integration-test/target/test-dir/MiniOzoneClusterImpl-5cb8bac5-d0f0-4551-b9d0-b3e056facdc3/datanode-4/data/ratis] (custom)
2019-09-26 12:47:57,670 [pool-67-thread-1] INFO  storage.RaftStorageDirectory (RaftStorageDirectory.java:analyzeStorage(246)) - The storage directory /workdir/hadoop-ozone/integration-test/target/test-dir/MiniOzoneClusterImpl-5cb8bac5-d0f0-4551-b9d0-b3e056facdc3/datanode-4/data/ratis/e69c9854-12f3-447a-a53c-b2e11900b53d does not exist. Creating ...
2019-09-26 12:47:57,685 [pool-67-thread-1] INFO  storage.RaftStorageDirectory (RaftStorageDirectory.java:tryLock(328)) - Lock on /workdir/hadoop-ozone/integration-test/target/test-dir/MiniOzoneClusterImpl-5cb8bac5-d0f0-4551-b9d0-b3e056facdc3/datanode-4/data/ratis/e69c9854-12f3-447a-a53c-b2e11900b53d/in_use.lock acquired by nodename 4507@pr-hdds-1569-87zkn-1081879488
2019-09-26 12:47:57,687 [b09b7271-c85a-4a7d-93dd-691f4cd26c16@group-DD00E1CCEA35:LeaderElection1] INFO  segmented.SegmentedRaftLogWorker (SegmentedRaftLogWorker.java:startLogSegment(380)) - b09b7271-c85a-4a7d-93dd-691f4cd26c16@group-DD00E1CCEA35-SegmentedRaftLogWorker: Starting segment from index:0
2019-09-26 12:47:57,697 [b09b7271-c85a-4a7d-93dd-691f4cd26c16@group-DD00E1CCEA35:LeaderElection1] INFO  impl.RaftServerImpl (ServerState.java:setRaftConf(354)) - b09b7271-c85a-4a7d-93dd-691f4cd26c16@group-DD00E1CCEA35: set configuration 0: [b09b7271-c85a-4a7d-93dd-691f4cd26c16:192.168.164.238:46583], old=null at 0
2019-09-26 12:47:57,710 [pool-67-thread-1] INFO  storage.RaftStorage (RaftStorage.java:format(72)) - Storage directory /workdir/hadoop-ozone/integration-test/target/test-dir/MiniOzoneClusterImpl-5cb8bac5-d0f0-4551-b9d0-b3e056facdc3/datanode-4/data/ratis/e69c9854-12f3-447a-a53c-b2e11900b53d has been successfully formatted.
2019-09-26 12:47:57,715 [pool-67-thread-1] INFO  ratis.ContainerStateMachine (ContainerStateMachine.java:loadSnapshot(230)) - group-B2E11900B53D: The snapshot info is null. Setting the last applied indexto:(t:0, i:~)
2019-09-26 12:47:57,716 [pool-67-thread-1] INFO  server.RaftServerConfigKeys (ConfUtils.java:logGet(43)) - raft.server.notification.no-leader.timeout = 120s (custom)
2019-09-26 12:47:57,716 [pool-67-thread-1] INFO  server.RaftServerConfigKeys (ConfUtils.java:logGet(43)) - raft.server.log.use.memory = false (default)
2019-09-26 12:47:57,716 [pool-67-thread-1] INFO  server.RaftServerConfigKeys (ConfUtils.java:logGet(43)) - raft.server.log.purge.gap = 1000000 (custom)
2019-09-26 12:47:57,716 [pool-67-thread-1] INFO  server.RaftServerConfigKeys (ConfUtils.java:logGet(43)) - raft.server.log.appender.buffer.byte-limit = 33554432 (custom)
2019-09-26 12:47:57,716 [pool-67-thread-1] INFO  server.RaftServerConfigKeys (ConfUtils.java:logGet(43)) - raft.server.log.segment.size.max = 1048576 (custom)
2019-09-26 12:47:57,716 [pool-67-thread-1] INFO  server.RaftServerConfigKeys (ConfUtils.java:logGet(43)) - raft.server.log.segment.cache.num.max = 2 (custom)
2019-09-26 12:47:57,717 [pool-67-thread-1] INFO  segmented.SegmentedRaftLogWorker (SegmentedRaftLogWorker.java:<init>(172)) - new 34dea9fc-3ffa-40f3-af9d-53d465a1b9d7@group-B2E11900B53D-SegmentedRaftLogWorker for RaftStorage:Storage Directory /workdir/hadoop-ozone/integration-test/target/test-dir/MiniOzoneClusterImpl-5cb8bac5-d0f0-4551-b9d0-b3e056facdc3/datanode-4/data/ratis/e69c9854-12f3-447a-a53c-b2e11900b53d
2019-09-26 12:47:57,717 [pool-67-thread-1] INFO  server.RaftServerConfigKeys (ConfUtils.java:logGet(43)) - raft.server.log.queue.byte-limit = 2147483647 (custom)
2019-09-26 12:47:57,717 [pool-67-thread-1] INFO  server.RaftServerConfigKeys (ConfUtils.java:logGet(43)) - raft.server.log.queue.element-limit = 1024 (custom)
2019-09-26 12:47:57,717 [pool-67-thread-1] INFO  server.RaftServerConfigKeys (ConfUtils.java:logGet(43)) - raft.server.log.segment.size.max = 1048576 (custom)
2019-09-26 12:47:57,717 [pool-67-thread-1] INFO  server.RaftServerConfigKeys (ConfUtils.java:logGet(43)) - raft.server.log.preallocated.size = 16384 (custom)
2019-09-26 12:47:57,717 [pool-67-thread-1] INFO  server.RaftServerConfigKeys (ConfUtils.java:logGet(43)) - raft.server.log.write.buffer.size = 33554432 (custom)
2019-09-26 12:47:57,718 [pool-67-thread-1] INFO  server.RaftServerConfigKeys (ConfUtils.java:logGet(43)) - raft.server.log.force.sync.num = 128 (default)
2019-09-26 12:47:57,718 [pool-67-thread-1] INFO  server.RaftServerConfigKeys (ConfUtils.java:logGet(43)) - raft.server.log.statemachine.data.sync = true (default)
2019-09-26 12:47:57,718 [pool-67-thread-1] INFO  server.RaftServerConfigKeys (ConfUtils.java:logGet(43)) - raft.server.log.statemachine.data.sync.timeout = 10s (default)
2019-09-26 12:47:57,718 [pool-67-thread-1] INFO  server.RaftServerConfigKeys (ConfUtils.java:logGet(43)) - raft.server.log.statemachine.data.sync.timeout.retry = -1 (default)
2019-09-26 12:47:57,718 [pool-67-thread-1] INFO  server.RaftServerConfigKeys (ConfUtils.java:logGet(43)) - raft.server.log.statemachine.data.caching.enabled = true (custom)
2019-09-26 12:47:57,719 [pool-67-thread-1] INFO  segmented.SegmentedRaftLogWorker (SegmentedRaftLogWorker.java:lambda$new$0(132)) - 34dea9fc-3ffa-40f3-af9d-53d465a1b9d7@group-B2E11900B53D-SegmentedRaftLogWorker: flushIndex: setUnconditionally 0 -> -1
2019-09-26 12:47:57,719 [pool-67-thread-1] INFO  server.RaftServerConfigKeys (ConfUtils.java:logGet(43)) - raft.server.snapshot.auto.trigger.enabled = true (custom)
2019-09-26 12:47:57,719 [pool-67-thread-1] INFO  server.RaftServerConfigKeys (ConfUtils.java:logGet(43)) - raft.server.snapshot.auto.trigger.threshold = 10000 (custom)
2019-09-26 12:47:57,719 [pool-67-thread-1] INFO  server.RaftServerConfigKeys (ConfUtils.java:logGet(43)) - raft.server.snapshot.retention.num.files = 5 (custom)
2019-09-26 12:47:57,719 [pool-67-thread-1] INFO  server.RaftServerConfigKeys (ConfUtils.java:logGet(43)) - raft.server.retrycache.expirytime = 600000ms (custom)
2019-09-26 12:47:57,722 [pool-67-thread-1] INFO  impl.RaftServerImpl (RaftServerImpl.java:start(185)) - 34dea9fc-3ffa-40f3-af9d-53d465a1b9d7@group-B2E11900B53D: start as a follower, conf=-1: [34dea9fc-3ffa-40f3-af9d-53d465a1b9d7:192.168.164.238:42949], old=null
2019-09-26 12:47:57,722 [pool-67-thread-1] INFO  impl.RaftServerImpl (RaftServerImpl.java:setRole(174)) - 34dea9fc-3ffa-40f3-af9d-53d465a1b9d7@group-B2E11900B53D: changes role from      null to FOLLOWER at term 0 for startAsFollower
2019-09-26 12:47:57,722 [pool-67-thread-1] INFO  impl.RoleInfo (RoleInfo.java:updateAndGet(143)) - 34dea9fc-3ffa-40f3-af9d-53d465a1b9d7: start FollowerState
2019-09-26 12:47:57,723 [pool-67-thread-1] INFO  util.JmxRegister (JmxRegister.java:tryRegister(44)) - Successfully registered JMX Bean with object name Ratis:service=RaftServer,group=group-B2E11900B53D,id=34dea9fc-3ffa-40f3-af9d-53d465a1b9d7
2019-09-26 12:47:57,726 [RatisPipelineUtilsThread] INFO  pipeline.PipelineStateManager (PipelineStateManager.java:addPipeline(56)) - Created pipeline Pipeline[ Id: e69c9854-12f3-447a-a53c-b2e11900b53d, Nodes: 34dea9fc-3ffa-40f3-af9d-53d465a1b9d7{ip: 192.168.164.238, host: pr-hdds-1569-87zkn-1081879488, networkLocation: /default-rack, certSerialId: null}, Type:RATIS, Factor:ONE, State:OPEN]
2019-09-26 12:47:57,727 [RatisPipelineUtilsThread] INFO  pipeline.PipelinePlacementPolicy (PipelinePlacementPolicy.java:meetCriteria(91)) - Pipeline Placement: can't place more pipeline on heavy datanode： 2f26360f-713d-4798-931d-49dc5cf4b129 Heaviness: 6 limit: 5
2019-09-26 12:47:57,727 [RatisPipelineUtilsThread] INFO  pipeline.PipelinePlacementPolicy (PipelinePlacementPolicy.java:meetCriteria(91)) - Pipeline Placement: can't place more pipeline on heavy datanode： 93b6de49-ccf6-423c-87d1-581fa32d2ae4 Heaviness: 6 limit: 5
2019-09-26 12:47:57,727 [RatisPipelineUtilsThread] INFO  pipeline.PipelinePlacementPolicy (PipelinePlacementPolicy.java:meetCriteria(91)) - Pipeline Placement: can't place more pipeline on heavy datanode： 7f14b49f-15fb-4df6-892c-52360d3121e9 Heaviness: 6 limit: 5
2019-09-26 12:47:57,727 [RatisPipelineUtilsThread] INFO  pipeline.PipelinePlacementPolicy (PipelinePlacementPolicy.java:meetCriteria(91)) - Pipeline Placement: can't place more pipeline on heavy datanode： 442f14b8-64b4-4212-b9b5-a1ac78df33e2 Heaviness: 6 limit: 5
2019-09-26 12:47:57,727 [RatisPipelineUtilsThread] INFO  pipeline.PipelinePlacementPolicy (PipelinePlacementPolicy.java:meetCriteria(91)) - Pipeline Placement: can't place more pipeline on heavy datanode： 1f593858-be54-4a38-8f27-11510ad87306 Heaviness: 6 limit: 5
2019-09-26 12:47:57,728 [RatisPipelineUtilsThread] INFO  pipeline.PipelinePlacementPolicy (PipelinePlacementPolicy.java:meetCriteria(91)) - Pipeline Placement: can't place more pipeline on heavy datanode： 22777fa1-7b60-428b-91a4-e681f8adba43 Heaviness: 6 limit: 5
2019-09-26 12:47:57,728 [RatisPipelineUtilsThread] INFO  pipeline.PipelinePlacementPolicy (PipelinePlacementPolicy.java:meetCriteria(91)) - Pipeline Placement: can't place more pipeline on heavy datanode： b09b7271-c85a-4a7d-93dd-691f4cd26c16 Heaviness: 6 limit: 5
2019-09-26 12:47:57,728 [RatisPipelineUtilsThread] INFO  pipeline.PipelinePlacementPolicy (PipelinePlacementPolicy.java:meetCriteria(91)) - Pipeline Placement: can't place more pipeline on heavy datanode： c217791a-6f2b-404e-8fdd-7bf246bea5f5 Heaviness: 6 limit: 5
2019-09-26 12:47:57,728 [RatisPipelineUtilsThread] INFO  pipeline.PipelinePlacementPolicy (PipelinePlacementPolicy.java:meetCriteria(91)) - Pipeline Placement: can't place more pipeline on heavy datanode： ee405521-39f0-4e35-96b7-0f3eb4cba198 Heaviness: 6 limit: 5
2019-09-26 12:47:57,735 [grpc-default-executor-0] INFO  impl.RaftServerProxy (RaftServerProxy.java:addNew(89)) - 34dea9fc-3ffa-40f3-af9d-53d465a1b9d7: addNew group-143F96DE8182:[34dea9fc-3ffa-40f3-af9d-53d465a1b9d7:192.168.164.238:42949] returns group-143F96DE8182:java.util.concurrent.CompletableFuture@1fd36eab[Not completed]
2019-09-26 12:47:57,736 [pool-67-thread-1] INFO  impl.RaftServerImpl (RaftServerImpl.java:<init>(95)) - 34dea9fc-3ffa-40f3-af9d-53d465a1b9d7: new RaftServerImpl for group-143F96DE8182:[34dea9fc-3ffa-40f3-af9d-53d465a1b9d7:192.168.164.238:42949] with ContainerStateMachine:uninitialized
2019-09-26 12:47:57,736 [pool-67-thread-1] INFO  server.RaftServerConfigKeys (ConfUtils.java:logGet(43)) - raft.server.rpc.timeout.min = 5s (custom)
2019-09-26 12:47:57,737 [pool-67-thread-1] INFO  server.RaftServerConfigKeys (ConfUtils.java:logGet(43)) - raft.server.rpc.timeout.max = 5200ms (custom)
2019-09-26 12:47:57,737 [pool-67-thread-1] INFO  server.RaftServerConfigKeys (ConfUtils.java:logGet(43)) - raft.server.rpcslowness.timeout = 120s (custom)
2019-09-26 12:47:57,737 [pool-67-thread-1] INFO  server.RaftServerConfigKeys (ConfUtils.java:logGet(43)) - raft.server.sleep.deviation.threshold = 300 (default)
2019-09-26 12:47:57,737 [pool-67-thread-1] INFO  server.RaftServerConfigKeys (ConfUtils.java:logGet(43)) - raft.server.log.appender.install.snapshot.enabled = false (custom)
2019-09-26 12:47:57,737 [pool-67-thread-1] INFO  impl.RaftServerImpl (ServerState.java:<init>(103)) - 34dea9fc-3ffa-40f3-af9d-53d465a1b9d7@group-143F96DE8182: ConfigurationManager, init=-1: [34dea9fc-3ffa-40f3-af9d-53d465a1b9d7:192.168.164.238:42949], old=null, confs=<EMPTY_MAP>
2019-09-26 12:47:57,737 [pool-67-thread-1] INFO  server.RaftServerConfigKeys (ConfUtils.java:logGet(43)) - raft.server.storage.dir = [/workdir/hadoop-ozone/integration-test/target/test-dir/MiniOzoneClusterImpl-5cb8bac5-d0f0-4551-b9d0-b3e056facdc3/datanode-4/data/ratis] (custom)
2019-09-26 12:47:57,738 [pool-67-thread-1] INFO  storage.RaftStorageDirectory (RaftStorageDirectory.java:analyzeStorage(246)) - The storage directory /workdir/hadoop-ozone/integration-test/target/test-dir/MiniOzoneClusterImpl-5cb8bac5-d0f0-4551-b9d0-b3e056facdc3/datanode-4/data/ratis/f2911cae-ba1b-4a48-af33-143f96de8182 does not exist. Creating ...
2019-09-26 12:47:57,750 [pool-67-thread-1] INFO  storage.RaftStorageDirectory (RaftStorageDirectory.java:tryLock(328)) - Lock on /workdir/hadoop-ozone/integration-test/target/test-dir/MiniOzoneClusterImpl-5cb8bac5-d0f0-4551-b9d0-b3e056facdc3/datanode-4/data/ratis/f2911cae-ba1b-4a48-af33-143f96de8182/in_use.lock acquired by nodename 4507@pr-hdds-1569-87zkn-1081879488
2019-09-26 12:47:57,763 [pool-67-thread-1] INFO  storage.RaftStorage (RaftStorage.java:format(72)) - Storage directory /workdir/hadoop-ozone/integration-test/target/test-dir/MiniOzoneClusterImpl-5cb8bac5-d0f0-4551-b9d0-b3e056facdc3/datanode-4/data/ratis/f2911cae-ba1b-4a48-af33-143f96de8182 has been successfully formatted.
2019-09-26 12:47:57,763 [pool-67-thread-1] INFO  ratis.ContainerStateMachine (ContainerStateMachine.java:loadSnapshot(230)) - group-143F96DE8182: The snapshot info is null. Setting the last applied indexto:(t:0, i:~)
2019-09-26 12:47:57,763 [pool-67-thread-1] INFO  server.RaftServerConfigKeys (ConfUtils.java:logGet(43)) - raft.server.notification.no-leader.timeout = 120s (custom)
2019-09-26 12:47:57,763 [pool-67-thread-1] INFO  server.RaftServerConfigKeys (ConfUtils.java:logGet(43)) - raft.server.log.use.memory = false (default)
2019-09-26 12:47:57,764 [pool-67-thread-1] INFO  server.RaftServerConfigKeys (ConfUtils.java:logGet(43)) - raft.server.log.purge.gap = 1000000 (custom)
2019-09-26 12:47:57,764 [pool-67-thread-1] INFO  server.RaftServerConfigKeys (ConfUtils.java:logGet(43)) - raft.server.log.appender.buffer.byte-limit = 33554432 (custom)
2019-09-26 12:47:57,764 [pool-67-thread-1] INFO  server.RaftServerConfigKeys (ConfUtils.java:logGet(43)) - raft.server.log.segment.size.max = 1048576 (custom)
2019-09-26 12:47:57,764 [pool-67-thread-1] INFO  server.RaftServerConfigKeys (ConfUtils.java:logGet(43)) - raft.server.log.segment.cache.num.max = 2 (custom)
2019-09-26 12:47:57,764 [pool-67-thread-1] INFO  segmented.SegmentedRaftLogWorker (SegmentedRaftLogWorker.java:<init>(172)) - new 34dea9fc-3ffa-40f3-af9d-53d465a1b9d7@group-143F96DE8182-SegmentedRaftLogWorker for RaftStorage:Storage Directory /workdir/hadoop-ozone/integration-test/target/test-dir/MiniOzoneClusterImpl-5cb8bac5-d0f0-4551-b9d0-b3e056facdc3/datanode-4/data/ratis/f2911cae-ba1b-4a48-af33-143f96de8182
2019-09-26 12:47:57,764 [pool-67-thread-1] INFO  server.RaftServerConfigKeys (ConfUtils.java:logGet(43)) - raft.server.log.queue.byte-limit = 2147483647 (custom)
2019-09-26 12:47:57,764 [pool-67-thread-1] INFO  server.RaftServerConfigKeys (ConfUtils.java:logGet(43)) - raft.server.log.queue.element-limit = 1024 (custom)
2019-09-26 12:47:57,765 [pool-67-thread-1] INFO  server.RaftServerConfigKeys (ConfUtils.java:logGet(43)) - raft.server.log.segment.size.max = 1048576 (custom)
2019-09-26 12:47:57,765 [pool-67-thread-1] INFO  server.RaftServerConfigKeys (ConfUtils.java:logGet(43)) - raft.server.log.preallocated.size = 16384 (custom)
2019-09-26 12:47:57,765 [pool-67-thread-1] INFO  server.RaftServerConfigKeys (ConfUtils.java:logGet(43)) - raft.server.log.write.buffer.size = 33554432 (custom)
2019-09-26 12:47:57,765 [pool-67-thread-1] INFO  server.RaftServerConfigKeys (ConfUtils.java:logGet(43)) - raft.server.log.force.sync.num = 128 (default)
2019-09-26 12:47:57,765 [pool-67-thread-1] INFO  server.RaftServerConfigKeys (ConfUtils.java:logGet(43)) - raft.server.log.statemachine.data.sync = true (default)
2019-09-26 12:47:57,765 [pool-67-thread-1] INFO  server.RaftServerConfigKeys (ConfUtils.java:logGet(43)) - raft.server.log.statemachine.data.sync.timeout = 10s (default)
2019-09-26 12:47:57,765 [pool-67-thread-1] INFO  server.RaftServerConfigKeys (ConfUtils.java:logGet(43)) - raft.server.log.statemachine.data.sync.timeout.retry = -1 (default)
2019-09-26 12:47:57,766 [pool-67-thread-1] INFO  server.RaftServerConfigKeys (ConfUtils.java:logGet(43)) - raft.server.log.statemachine.data.caching.enabled = true (custom)
2019-09-26 12:47:57,766 [pool-67-thread-1] INFO  segmented.SegmentedRaftLogWorker (SegmentedRaftLogWorker.java:lambda$new$0(132)) - 34dea9fc-3ffa-40f3-af9d-53d465a1b9d7@group-143F96DE8182-SegmentedRaftLogWorker: flushIndex: setUnconditionally 0 -> -1
2019-09-26 12:47:57,766 [pool-67-thread-1] INFO  server.RaftServerConfigKeys (ConfUtils.java:logGet(43)) - raft.server.snapshot.auto.trigger.enabled = true (custom)
2019-09-26 12:47:57,766 [pool-67-thread-1] INFO  server.RaftServerConfigKeys (ConfUtils.java:logGet(43)) - raft.server.snapshot.auto.trigger.threshold = 10000 (custom)
2019-09-26 12:47:57,767 [pool-67-thread-1] INFO  server.RaftServerConfigKeys (ConfUtils.java:logGet(43)) - raft.server.snapshot.retention.num.files = 5 (custom)
2019-09-26 12:47:57,767 [pool-67-thread-1] INFO  server.RaftServerConfigKeys (ConfUtils.java:logGet(43)) - raft.server.retrycache.expirytime = 600000ms (custom)
2019-09-26 12:47:57,769 [pool-67-thread-1] INFO  impl.RaftServerImpl (RaftServerImpl.java:start(185)) - 34dea9fc-3ffa-40f3-af9d-53d465a1b9d7@group-143F96DE8182: start as a follower, conf=-1: [34dea9fc-3ffa-40f3-af9d-53d465a1b9d7:192.168.164.238:42949], old=null
2019-09-26 12:47:57,769 [pool-67-thread-1] INFO  impl.RaftServerImpl (RaftServerImpl.java:setRole(174)) - 34dea9fc-3ffa-40f3-af9d-53d465a1b9d7@group-143F96DE8182: changes role from      null to FOLLOWER at term 0 for startAsFollower
2019-09-26 12:47:57,769 [pool-67-thread-1] INFO  impl.RoleInfo (RoleInfo.java:updateAndGet(143)) - 34dea9fc-3ffa-40f3-af9d-53d465a1b9d7: start FollowerState
2019-09-26 12:47:57,770 [pool-67-thread-1] INFO  util.JmxRegister (JmxRegister.java:tryRegister(44)) - Successfully registered JMX Bean with object name Ratis:service=RaftServer,group=group-143F96DE8182,id=34dea9fc-3ffa-40f3-af9d-53d465a1b9d7
2019-09-26 12:47:57,772 [RatisPipelineUtilsThread] INFO  pipeline.PipelineStateManager (PipelineStateManager.java:addPipeline(56)) - Created pipeline Pipeline[ Id: f2911cae-ba1b-4a48-af33-143f96de8182, Nodes: 34dea9fc-3ffa-40f3-af9d-53d465a1b9d7{ip: 192.168.164.238, host: pr-hdds-1569-87zkn-1081879488, networkLocation: /default-rack, certSerialId: null}, Type:RATIS, Factor:ONE, State:OPEN]
2019-09-26 12:47:57,773 [RatisPipelineUtilsThread] INFO  pipeline.PipelinePlacementPolicy (PipelinePlacementPolicy.java:meetCriteria(91)) - Pipeline Placement: can't place more pipeline on heavy datanode： 2f26360f-713d-4798-931d-49dc5cf4b129 Heaviness: 6 limit: 5
2019-09-26 12:47:57,773 [RatisPipelineUtilsThread] INFO  pipeline.PipelinePlacementPolicy (PipelinePlacementPolicy.java:meetCriteria(91)) - Pipeline Placement: can't place more pipeline on heavy datanode： 93b6de49-ccf6-423c-87d1-581fa32d2ae4 Heaviness: 6 limit: 5
2019-09-26 12:47:57,773 [RatisPipelineUtilsThread] INFO  pipeline.PipelinePlacementPolicy (PipelinePlacementPolicy.java:meetCriteria(91)) - Pipeline Placement: can't place more pipeline on heavy datanode： 7f14b49f-15fb-4df6-892c-52360d3121e9 Heaviness: 6 limit: 5
2019-09-26 12:47:57,773 [RatisPipelineUtilsThread] INFO  pipeline.PipelinePlacementPolicy (PipelinePlacementPolicy.java:meetCriteria(91)) - Pipeline Placement: can't place more pipeline on heavy datanode： 34dea9fc-3ffa-40f3-af9d-53d465a1b9d7 Heaviness: 6 limit: 5
2019-09-26 12:47:57,773 [RatisPipelineUtilsThread] INFO  pipeline.PipelinePlacementPolicy (PipelinePlacementPolicy.java:meetCriteria(91)) - Pipeline Placement: can't place more pipeline on heavy datanode： 442f14b8-64b4-4212-b9b5-a1ac78df33e2 Heaviness: 6 limit: 5
2019-09-26 12:47:57,774 [RatisPipelineUtilsThread] INFO  pipeline.PipelinePlacementPolicy (PipelinePlacementPolicy.java:meetCriteria(91)) - Pipeline Placement: can't place more pipeline on heavy datanode： 1f593858-be54-4a38-8f27-11510ad87306 Heaviness: 6 limit: 5
2019-09-26 12:47:57,774 [RatisPipelineUtilsThread] INFO  pipeline.PipelinePlacementPolicy (PipelinePlacementPolicy.java:meetCriteria(91)) - Pipeline Placement: can't place more pipeline on heavy datanode： 22777fa1-7b60-428b-91a4-e681f8adba43 Heaviness: 6 limit: 5
2019-09-26 12:47:57,774 [RatisPipelineUtilsThread] INFO  pipeline.PipelinePlacementPolicy (PipelinePlacementPolicy.java:meetCriteria(91)) - Pipeline Placement: can't place more pipeline on heavy datanode： b09b7271-c85a-4a7d-93dd-691f4cd26c16 Heaviness: 6 limit: 5
2019-09-26 12:47:57,774 [RatisPipelineUtilsThread] INFO  pipeline.PipelinePlacementPolicy (PipelinePlacementPolicy.java:meetCriteria(91)) - Pipeline Placement: can't place more pipeline on heavy datanode： c217791a-6f2b-404e-8fdd-7bf246bea5f5 Heaviness: 6 limit: 5
2019-09-26 12:47:57,774 [RatisPipelineUtilsThread] INFO  pipeline.PipelinePlacementPolicy (PipelinePlacementPolicy.java:meetCriteria(91)) - Pipeline Placement: can't place more pipeline on heavy datanode： ee405521-39f0-4e35-96b7-0f3eb4cba198 Heaviness: 6 limit: 5
2019-09-26 12:47:57,775 [RatisPipelineUtilsThread] ERROR pipeline.PipelinePlacementPolicy (PipelinePlacementPolicy.java:filterViableNodes(148)) - Unable to find enough nodes that meet the criteria that cannot engage in more than 5 pipelines. Nodes required: 1 Found: 0, healthy nodes count inNodeManager: 10.
2019-09-26 12:47:57,777 [RatisPipelineUtilsThread] ERROR pipeline.SCMPipelineManager (SCMPipelineManager.java:createPipeline(167)) - Pipeline creation failed.
org.apache.hadoop.hdds.scm.exceptions.SCMException: Unable to find enough nodes that meet the criteria that cannot engage in more than 5 pipelines. Nodes required: 1 Found: 0, healthy nodes count inNodeManager: 10.
	at org.apache.hadoop.hdds.scm.pipeline.PipelinePlacementPolicy.filterViableNodes(PipelinePlacementPolicy.java:149)
	at org.apache.hadoop.hdds.scm.pipeline.PipelinePlacementPolicy.chooseDatanodes(PipelinePlacementPolicy.java:172)
	at org.apache.hadoop.hdds.scm.pipeline.RatisPipelineProvider.create(RatisPipelineProvider.java:93)
	at org.apache.hadoop.hdds.scm.pipeline.PipelineFactory.create(PipelineFactory.java:58)
	at org.apache.hadoop.hdds.scm.pipeline.SCMPipelineManager.createPipeline(SCMPipelineManager.java:155)
	at org.apache.hadoop.hdds.scm.pipeline.BackgroundPipelineCreator.createPipelines(BackgroundPipelineCreator.java:99)
	at java.util.concurrent.Executors$RunnableAdapter.call(Executors.java:511)
	at java.util.concurrent.FutureTask.run(FutureTask.java:266)
	at java.util.concurrent.ScheduledThreadPoolExecutor$ScheduledFutureTask.access$201(ScheduledThreadPoolExecutor.java:180)
	at java.util.concurrent.ScheduledThreadPoolExecutor$ScheduledFutureTask.run(ScheduledThreadPoolExecutor.java:293)
	at java.util.concurrent.ThreadPoolExecutor.runWorker(ThreadPoolExecutor.java:1149)
	at java.util.concurrent.ThreadPoolExecutor$Worker.run(ThreadPoolExecutor.java:624)
	at java.lang.Thread.run(Thread.java:748)
2019-09-26 12:47:57,779 [RatisPipelineUtilsThread] INFO  pipeline.PipelinePlacementPolicy (PipelinePlacementPolicy.java:meetCriteria(91)) - Pipeline Placement: can't place more pipeline on heavy datanode： 2f26360f-713d-4798-931d-49dc5cf4b129 Heaviness: 6 limit: 5
2019-09-26 12:47:57,779 [RatisPipelineUtilsThread] INFO  pipeline.PipelinePlacementPolicy (PipelinePlacementPolicy.java:meetCriteria(91)) - Pipeline Placement: can't place more pipeline on heavy datanode： 93b6de49-ccf6-423c-87d1-581fa32d2ae4 Heaviness: 6 limit: 5
2019-09-26 12:47:57,780 [RatisPipelineUtilsThread] INFO  pipeline.PipelinePlacementPolicy (PipelinePlacementPolicy.java:meetCriteria(91)) - Pipeline Placement: can't place more pipeline on heavy datanode： 7f14b49f-15fb-4df6-892c-52360d3121e9 Heaviness: 6 limit: 5
2019-09-26 12:47:57,780 [RatisPipelineUtilsThread] INFO  pipeline.PipelinePlacementPolicy (PipelinePlacementPolicy.java:meetCriteria(91)) - Pipeline Placement: can't place more pipeline on heavy datanode： 34dea9fc-3ffa-40f3-af9d-53d465a1b9d7 Heaviness: 6 limit: 5
2019-09-26 12:47:57,780 [RatisPipelineUtilsThread] INFO  pipeline.PipelinePlacementPolicy (PipelinePlacementPolicy.java:meetCriteria(91)) - Pipeline Placement: can't place more pipeline on heavy datanode： 442f14b8-64b4-4212-b9b5-a1ac78df33e2 Heaviness: 6 limit: 5
2019-09-26 12:47:57,780 [RatisPipelineUtilsThread] INFO  pipeline.PipelinePlacementPolicy (PipelinePlacementPolicy.java:meetCriteria(91)) - Pipeline Placement: can't place more pipeline on heavy datanode： 1f593858-be54-4a38-8f27-11510ad87306 Heaviness: 6 limit: 5
2019-09-26 12:47:57,780 [RatisPipelineUtilsThread] INFO  pipeline.PipelinePlacementPolicy (PipelinePlacementPolicy.java:meetCriteria(91)) - Pipeline Placement: can't place more pipeline on heavy datanode： 22777fa1-7b60-428b-91a4-e681f8adba43 Heaviness: 6 limit: 5
2019-09-26 12:47:57,780 [RatisPipelineUtilsThread] INFO  pipeline.PipelinePlacementPolicy (PipelinePlacementPolicy.java:meetCriteria(91)) - Pipeline Placement: can't place more pipeline on heavy datanode： b09b7271-c85a-4a7d-93dd-691f4cd26c16 Heaviness: 6 limit: 5
2019-09-26 12:47:57,781 [RatisPipelineUtilsThread] INFO  pipeline.PipelinePlacementPolicy (PipelinePlacementPolicy.java:meetCriteria(91)) - Pipeline Placement: can't place more pipeline on heavy datanode： c217791a-6f2b-404e-8fdd-7bf246bea5f5 Heaviness: 6 limit: 5
2019-09-26 12:47:57,781 [RatisPipelineUtilsThread] INFO  pipeline.PipelinePlacementPolicy (PipelinePlacementPolicy.java:meetCriteria(91)) - Pipeline Placement: can't place more pipeline on heavy datanode： ee405521-39f0-4e35-96b7-0f3eb4cba198 Heaviness: 6 limit: 5
2019-09-26 12:47:57,781 [RatisPipelineUtilsThread] ERROR pipeline.PipelinePlacementPolicy (PipelinePlacementPolicy.java:filterViableNodes(148)) - Unable to find enough nodes that meet the criteria that cannot engage in more than 5 pipelines. Nodes required: 3 Found: 0, healthy nodes count inNodeManager: 10.
2019-09-26 12:47:57,781 [RatisPipelineUtilsThread] ERROR pipeline.SCMPipelineManager (SCMPipelineManager.java:createPipeline(167)) - Pipeline creation failed.
org.apache.hadoop.hdds.scm.exceptions.SCMException: Unable to find enough nodes that meet the criteria that cannot engage in more than 5 pipelines. Nodes required: 3 Found: 0, healthy nodes count inNodeManager: 10.
	at org.apache.hadoop.hdds.scm.pipeline.PipelinePlacementPolicy.filterViableNodes(PipelinePlacementPolicy.java:149)
	at org.apache.hadoop.hdds.scm.pipeline.PipelinePlacementPolicy.chooseDatanodes(PipelinePlacementPolicy.java:172)
	at org.apache.hadoop.hdds.scm.pipeline.RatisPipelineProvider.create(RatisPipelineProvider.java:93)
	at org.apache.hadoop.hdds.scm.pipeline.PipelineFactory.create(PipelineFactory.java:58)
	at org.apache.hadoop.hdds.scm.pipeline.SCMPipelineManager.createPipeline(SCMPipelineManager.java:155)
	at org.apache.hadoop.hdds.scm.pipeline.BackgroundPipelineCreator.createPipelines(BackgroundPipelineCreator.java:99)
	at java.util.concurrent.Executors$RunnableAdapter.call(Executors.java:511)
	at java.util.concurrent.FutureTask.run(FutureTask.java:266)
	at java.util.concurrent.ScheduledThreadPoolExecutor$ScheduledFutureTask.access$201(ScheduledThreadPoolExecutor.java:180)
	at java.util.concurrent.ScheduledThreadPoolExecutor$ScheduledFutureTask.run(ScheduledThreadPoolExecutor.java:293)
	at java.util.concurrent.ThreadPoolExecutor.runWorker(ThreadPoolExecutor.java:1149)
	at java.util.concurrent.ThreadPoolExecutor$Worker.run(ThreadPoolExecutor.java:624)
	at java.lang.Thread.run(Thread.java:748)
2019-09-26 12:47:57,782 [RatisPipelineUtilsThread] INFO  pipeline.PipelinePlacementPolicy (PipelinePlacementPolicy.java:meetCriteria(91)) - Pipeline Placement: can't place more pipeline on heavy datanode： 2f26360f-713d-4798-931d-49dc5cf4b129 Heaviness: 6 limit: 5
2019-09-26 12:47:57,783 [RatisPipelineUtilsThread] INFO  pipeline.PipelinePlacementPolicy (PipelinePlacementPolicy.java:meetCriteria(91)) - Pipeline Placement: can't place more pipeline on heavy datanode： 93b6de49-ccf6-423c-87d1-581fa32d2ae4 Heaviness: 6 limit: 5
2019-09-26 12:47:57,783 [RatisPipelineUtilsThread] INFO  pipeline.PipelinePlacementPolicy (PipelinePlacementPolicy.java:meetCriteria(91)) - Pipeline Placement: can't place more pipeline on heavy datanode： 7f14b49f-15fb-4df6-892c-52360d3121e9 Heaviness: 6 limit: 5
2019-09-26 12:47:57,783 [RatisPipelineUtilsThread] INFO  pipeline.PipelinePlacementPolicy (PipelinePlacementPolicy.java:meetCriteria(91)) - Pipeline Placement: can't place more pipeline on heavy datanode： 34dea9fc-3ffa-40f3-af9d-53d465a1b9d7 Heaviness: 6 limit: 5
2019-09-26 12:47:57,783 [RatisPipelineUtilsThread] INFO  pipeline.PipelinePlacementPolicy (PipelinePlacementPolicy.java:meetCriteria(91)) - Pipeline Placement: can't place more pipeline on heavy datanode： 442f14b8-64b4-4212-b9b5-a1ac78df33e2 Heaviness: 6 limit: 5
2019-09-26 12:47:57,783 [RatisPipelineUtilsThread] INFO  pipeline.PipelinePlacementPolicy (PipelinePlacementPolicy.java:meetCriteria(91)) - Pipeline Placement: can't place more pipeline on heavy datanode： 1f593858-be54-4a38-8f27-11510ad87306 Heaviness: 6 limit: 5
2019-09-26 12:47:57,784 [RatisPipelineUtilsThread] INFO  pipeline.PipelinePlacementPolicy (PipelinePlacementPolicy.java:meetCriteria(91)) - Pipeline Placement: can't place more pipeline on heavy datanode： 22777fa1-7b60-428b-91a4-e681f8adba43 Heaviness: 6 limit: 5
2019-09-26 12:47:57,784 [RatisPipelineUtilsThread] INFO  pipeline.PipelinePlacementPolicy (PipelinePlacementPolicy.java:meetCriteria(91)) - Pipeline Placement: can't place more pipeline on heavy datanode： b09b7271-c85a-4a7d-93dd-691f4cd26c16 Heaviness: 6 limit: 5
2019-09-26 12:47:57,784 [RatisPipelineUtilsThread] INFO  pipeline.PipelinePlacementPolicy (PipelinePlacementPolicy.java:meetCriteria(91)) - Pipeline Placement: can't place more pipeline on heavy datanode： c217791a-6f2b-404e-8fdd-7bf246bea5f5 Heaviness: 6 limit: 5
2019-09-26 12:47:57,784 [RatisPipelineUtilsThread] INFO  pipeline.PipelinePlacementPolicy (PipelinePlacementPolicy.java:meetCriteria(91)) - Pipeline Placement: can't place more pipeline on heavy datanode： ee405521-39f0-4e35-96b7-0f3eb4cba198 Heaviness: 6 limit: 5
2019-09-26 12:47:57,784 [RatisPipelineUtilsThread] ERROR pipeline.PipelinePlacementPolicy (PipelinePlacementPolicy.java:filterViableNodes(148)) - Unable to find enough nodes that meet the criteria that cannot engage in more than 5 pipelines. Nodes required: 1 Found: 0, healthy nodes count inNodeManager: 10.
2019-09-26 12:47:57,784 [RatisPipelineUtilsThread] ERROR pipeline.SCMPipelineManager (SCMPipelineManager.java:createPipeline(167)) - Pipeline creation failed.
org.apache.hadoop.hdds.scm.exceptions.SCMException: Unable to find enough nodes that meet the criteria that cannot engage in more than 5 pipelines. Nodes required: 1 Found: 0, healthy nodes count inNodeManager: 10.
	at org.apache.hadoop.hdds.scm.pipeline.PipelinePlacementPolicy.filterViableNodes(PipelinePlacementPolicy.java:149)
	at org.apache.hadoop.hdds.scm.pipeline.PipelinePlacementPolicy.chooseDatanodes(PipelinePlacementPolicy.java:172)
	at org.apache.hadoop.hdds.scm.pipeline.RatisPipelineProvider.create(RatisPipelineProvider.java:93)
	at org.apache.hadoop.hdds.scm.pipeline.PipelineFactory.create(PipelineFactory.java:58)
	at org.apache.hadoop.hdds.scm.pipeline.SCMPipelineManager.createPipeline(SCMPipelineManager.java:155)
	at org.apache.hadoop.hdds.scm.pipeline.BackgroundPipelineCreator.createPipelines(BackgroundPipelineCreator.java:99)
	at org.apache.hadoop.hdds.scm.pipeline.BackgroundPipelineCreator.lambda$startFixedIntervalPipelineCreator$0(BackgroundPipelineCreator.java:70)
	at java.util.concurrent.Executors$RunnableAdapter.call(Executors.java:511)
	at java.util.concurrent.FutureTask.runAndReset(FutureTask.java:308)
	at java.util.concurrent.ScheduledThreadPoolExecutor$ScheduledFutureTask.access$301(ScheduledThreadPoolExecutor.java:180)
	at java.util.concurrent.ScheduledThreadPoolExecutor$ScheduledFutureTask.run(ScheduledThreadPoolExecutor.java:294)
	at java.util.concurrent.ThreadPoolExecutor.runWorker(ThreadPoolExecutor.java:1149)
	at java.util.concurrent.ThreadPoolExecutor$Worker.run(ThreadPoolExecutor.java:624)
	at java.lang.Thread.run(Thread.java:748)
2019-09-26 12:47:57,785 [RatisPipelineUtilsThread] INFO  pipeline.PipelinePlacementPolicy (PipelinePlacementPolicy.java:meetCriteria(91)) - Pipeline Placement: can't place more pipeline on heavy datanode： 2f26360f-713d-4798-931d-49dc5cf4b129 Heaviness: 6 limit: 5
2019-09-26 12:47:57,785 [RatisPipelineUtilsThread] INFO  pipeline.PipelinePlacementPolicy (PipelinePlacementPolicy.java:meetCriteria(91)) - Pipeline Placement: can't place more pipeline on heavy datanode： 93b6de49-ccf6-423c-87d1-581fa32d2ae4 Heaviness: 6 limit: 5
2019-09-26 12:47:57,785 [RatisPipelineUtilsThread] INFO  pipeline.PipelinePlacementPolicy (PipelinePlacementPolicy.java:meetCriteria(91)) - Pipeline Placement: can't place more pipeline on heavy datanode： 7f14b49f-15fb-4df6-892c-52360d3121e9 Heaviness: 6 limit: 5
2019-09-26 12:47:57,785 [RatisPipelineUtilsThread] INFO  pipeline.PipelinePlacementPolicy (PipelinePlacementPolicy.java:meetCriteria(91)) - Pipeline Placement: can't place more pipeline on heavy datanode： 34dea9fc-3ffa-40f3-af9d-53d465a1b9d7 Heaviness: 6 limit: 5
2019-09-26 12:47:57,785 [RatisPipelineUtilsThread] INFO  pipeline.PipelinePlacementPolicy (PipelinePlacementPolicy.java:meetCriteria(91)) - Pipeline Placement: can't place more pipeline on heavy datanode： 442f14b8-64b4-4212-b9b5-a1ac78df33e2 Heaviness: 6 limit: 5
2019-09-26 12:47:57,786 [RatisPipelineUtilsThread] INFO  pipeline.PipelinePlacementPolicy (PipelinePlacementPolicy.java:meetCriteria(91)) - Pipeline Placement: can't place more pipeline on heavy datanode： 1f593858-be54-4a38-8f27-11510ad87306 Heaviness: 6 limit: 5
2019-09-26 12:47:57,786 [RatisPipelineUtilsThread] INFO  pipeline.PipelinePlacementPolicy (PipelinePlacementPolicy.java:meetCriteria(91)) - Pipeline Placement: can't place more pipeline on heavy datanode： 22777fa1-7b60-428b-91a4-e681f8adba43 Heaviness: 6 limit: 5
2019-09-26 12:47:57,786 [RatisPipelineUtilsThread] INFO  pipeline.PipelinePlacementPolicy (PipelinePlacementPolicy.java:meetCriteria(91)) - Pipeline Placement: can't place more pipeline on heavy datanode： b09b7271-c85a-4a7d-93dd-691f4cd26c16 Heaviness: 6 limit: 5
2019-09-26 12:47:57,786 [RatisPipelineUtilsThread] INFO  pipeline.PipelinePlacementPolicy (PipelinePlacementPolicy.java:meetCriteria(91)) - Pipeline Placement: can't place more pipeline on heavy datanode： c217791a-6f2b-404e-8fdd-7bf246bea5f5 Heaviness: 6 limit: 5
2019-09-26 12:47:57,786 [RatisPipelineUtilsThread] INFO  pipeline.PipelinePlacementPolicy (PipelinePlacementPolicy.java:meetCriteria(91)) - Pipeline Placement: can't place more pipeline on heavy datanode： ee405521-39f0-4e35-96b7-0f3eb4cba198 Heaviness: 6 limit: 5
2019-09-26 12:47:57,786 [RatisPipelineUtilsThread] ERROR pipeline.PipelinePlacementPolicy (PipelinePlacementPolicy.java:filterViableNodes(148)) - Unable to find enough nodes that meet the criteria that cannot engage in more than 5 pipelines. Nodes required: 3 Found: 0, healthy nodes count inNodeManager: 10.
2019-09-26 12:47:57,786 [RatisPipelineUtilsThread] ERROR pipeline.SCMPipelineManager (SCMPipelineManager.java:createPipeline(167)) - Pipeline creation failed.
org.apache.hadoop.hdds.scm.exceptions.SCMException: Unable to find enough nodes that meet the criteria that cannot engage in more than 5 pipelines. Nodes required: 3 Found: 0, healthy nodes count inNodeManager: 10.
	at org.apache.hadoop.hdds.scm.pipeline.PipelinePlacementPolicy.filterViableNodes(PipelinePlacementPolicy.java:149)
	at org.apache.hadoop.hdds.scm.pipeline.PipelinePlacementPolicy.chooseDatanodes(PipelinePlacementPolicy.java:172)
	at org.apache.hadoop.hdds.scm.pipeline.RatisPipelineProvider.create(RatisPipelineProvider.java:93)
	at org.apache.hadoop.hdds.scm.pipeline.PipelineFactory.create(PipelineFactory.java:58)
	at org.apache.hadoop.hdds.scm.pipeline.SCMPipelineManager.createPipeline(SCMPipelineManager.java:155)
	at org.apache.hadoop.hdds.scm.pipeline.BackgroundPipelineCreator.createPipelines(BackgroundPipelineCreator.java:99)
	at org.apache.hadoop.hdds.scm.pipeline.BackgroundPipelineCreator.lambda$startFixedIntervalPipelineCreator$0(BackgroundPipelineCreator.java:70)
	at java.util.concurrent.Executors$RunnableAdapter.call(Executors.java:511)
	at java.util.concurrent.FutureTask.runAndReset(FutureTask.java:308)
	at java.util.concurrent.ScheduledThreadPoolExecutor$ScheduledFutureTask.access$301(ScheduledThreadPoolExecutor.java:180)
	at java.util.concurrent.ScheduledThreadPoolExecutor$ScheduledFutureTask.run(ScheduledThreadPoolExecutor.java:294)
	at java.util.concurrent.ThreadPoolExecutor.runWorker(ThreadPoolExecutor.java:1149)
	at java.util.concurrent.ThreadPoolExecutor$Worker.run(ThreadPoolExecutor.java:624)
	at java.lang.Thread.run(Thread.java:748)
2019-09-26 12:47:57,787 [IPC Server handler 4 on 38693] INFO  pipeline.PipelinePlacementPolicy (PipelinePlacementPolicy.java:meetCriteria(91)) - Pipeline Placement: can't place more pipeline on heavy datanode： 2f26360f-713d-4798-931d-49dc5cf4b129 Heaviness: 6 limit: 5
2019-09-26 12:47:57,787 [IPC Server handler 4 on 38693] INFO  pipeline.PipelinePlacementPolicy (PipelinePlacementPolicy.java:meetCriteria(91)) - Pipeline Placement: can't place more pipeline on heavy datanode： 93b6de49-ccf6-423c-87d1-581fa32d2ae4 Heaviness: 6 limit: 5
2019-09-26 12:47:57,787 [IPC Server handler 4 on 38693] INFO  pipeline.PipelinePlacementPolicy (PipelinePlacementPolicy.java:meetCriteria(91)) - Pipeline Placement: can't place more pipeline on heavy datanode： 7f14b49f-15fb-4df6-892c-52360d3121e9 Heaviness: 6 limit: 5
2019-09-26 12:47:57,787 [IPC Server handler 4 on 38693] INFO  pipeline.PipelinePlacementPolicy (PipelinePlacementPolicy.java:meetCriteria(91)) - Pipeline Placement: can't place more pipeline on heavy datanode： 34dea9fc-3ffa-40f3-af9d-53d465a1b9d7 Heaviness: 6 limit: 5
2019-09-26 12:47:57,788 [IPC Server handler 4 on 38693] INFO  pipeline.PipelinePlacementPolicy (PipelinePlacementPolicy.java:meetCriteria(91)) - Pipeline Placement: can't place more pipeline on heavy datanode： 442f14b8-64b4-4212-b9b5-a1ac78df33e2 Heaviness: 6 limit: 5
2019-09-26 12:47:57,788 [IPC Server handler 4 on 38693] INFO  pipeline.PipelinePlacementPolicy (PipelinePlacementPolicy.java:meetCriteria(91)) - Pipeline Placement: can't place more pipeline on heavy datanode： 1f593858-be54-4a38-8f27-11510ad87306 Heaviness: 6 limit: 5
2019-09-26 12:47:57,788 [IPC Server handler 4 on 38693] INFO  pipeline.PipelinePlacementPolicy (PipelinePlacementPolicy.java:meetCriteria(91)) - Pipeline Placement: can't place more pipeline on heavy datanode： 22777fa1-7b60-428b-91a4-e681f8adba43 Heaviness: 6 limit: 5
2019-09-26 12:47:57,788 [IPC Server handler 4 on 38693] INFO  pipeline.PipelinePlacementPolicy (PipelinePlacementPolicy.java:meetCriteria(91)) - Pipeline Placement: can't place more pipeline on heavy datanode： b09b7271-c85a-4a7d-93dd-691f4cd26c16 Heaviness: 6 limit: 5
2019-09-26 12:47:57,788 [IPC Server handler 4 on 38693] INFO  pipeline.PipelinePlacementPolicy (PipelinePlacementPolicy.java:meetCriteria(91)) - Pipeline Placement: can't place more pipeline on heavy datanode： c217791a-6f2b-404e-8fdd-7bf246bea5f5 Heaviness: 6 limit: 5
2019-09-26 12:47:57,788 [IPC Server handler 4 on 38693] INFO  pipeline.PipelinePlacementPolicy (PipelinePlacementPolicy.java:meetCriteria(91)) - Pipeline Placement: can't place more pipeline on heavy datanode： ee405521-39f0-4e35-96b7-0f3eb4cba198 Heaviness: 6 limit: 5
2019-09-26 12:47:57,789 [IPC Server handler 4 on 38693] ERROR pipeline.PipelinePlacementPolicy (PipelinePlacementPolicy.java:filterViableNodes(148)) - Unable to find enough nodes that meet the criteria that cannot engage in more than 5 pipelines. Nodes required: 3 Found: 0, healthy nodes count inNodeManager: 10.
2019-09-26 12:47:57,789 [IPC Server handler 4 on 38693] ERROR pipeline.SCMPipelineManager (SCMPipelineManager.java:createPipeline(167)) - Pipeline creation failed.
org.apache.hadoop.hdds.scm.exceptions.SCMException: Unable to find enough nodes that meet the criteria that cannot engage in more than 5 pipelines. Nodes required: 3 Found: 0, healthy nodes count inNodeManager: 10.
	at org.apache.hadoop.hdds.scm.pipeline.PipelinePlacementPolicy.filterViableNodes(PipelinePlacementPolicy.java:149)
	at org.apache.hadoop.hdds.scm.pipeline.PipelinePlacementPolicy.chooseDatanodes(PipelinePlacementPolicy.java:172)
	at org.apache.hadoop.hdds.scm.pipeline.RatisPipelineProvider.create(RatisPipelineProvider.java:93)
	at org.apache.hadoop.hdds.scm.pipeline.PipelineFactory.create(PipelineFactory.java:58)
	at org.apache.hadoop.hdds.scm.pipeline.SCMPipelineManager.createPipeline(SCMPipelineManager.java:155)
	at org.apache.hadoop.hdds.scm.block.BlockManagerImpl.allocateBlock(BlockManagerImpl.java:190)
	at org.apache.hadoop.hdds.scm.server.SCMBlockProtocolServer.allocateBlock(SCMBlockProtocolServer.java:182)
	at org.apache.hadoop.ozone.protocolPB.ScmBlockLocationProtocolServerSideTranslatorPB.allocateScmBlock(ScmBlockLocationProtocolServerSideTranslatorPB.java:183)
	at org.apache.hadoop.ozone.protocolPB.ScmBlockLocationProtocolServerSideTranslatorPB.processMessage(ScmBlockLocationProtocolServerSideTranslatorPB.java:141)
	at org.apache.hadoop.ozone.protocolPB.ScmBlockLocationProtocolServerSideTranslatorPB.send(ScmBlockLocationProtocolServerSideTranslatorPB.java:116)
	at org.apache.hadoop.hdds.protocol.proto.ScmBlockLocationProtocolProtos$ScmBlockLocationProtocolService$2.callBlockingMethod(ScmBlockLocationProtocolProtos.java:13157)
	at org.apache.hadoop.ipc.ProtobufRpcEngine$Server$ProtoBufRpcInvoker.call(ProtobufRpcEngine.java:524)
	at org.apache.hadoop.ipc.RPC$Server.call(RPC.java:1025)
	at org.apache.hadoop.ipc.Server$RpcCall.run(Server.java:876)
	at org.apache.hadoop.ipc.Server$RpcCall.run(Server.java:822)
	at java.security.AccessController.doPrivileged(Native Method)
	at javax.security.auth.Subject.doAs(Subject.java:422)
	at org.apache.hadoop.security.UserGroupInformation.doAs(UserGroupInformation.java:1730)
	at org.apache.hadoop.ipc.Server$Handler.run(Server.java:2682)
2019-09-26 12:47:57,789 [IPC Server handler 4 on 38693] WARN  block.BlockManagerImpl (BlockManagerImpl.java:allocateBlock(192)) - Pipeline creation failed for type:RATIS factor:THREE. Retrying get pipelines call once.
org.apache.hadoop.hdds.scm.exceptions.SCMException: Unable to find enough nodes that meet the criteria that cannot engage in more than 5 pipelines. Nodes required: 3 Found: 0, healthy nodes count inNodeManager: 10.
	at org.apache.hadoop.hdds.scm.pipeline.PipelinePlacementPolicy.filterViableNodes(PipelinePlacementPolicy.java:149)
	at org.apache.hadoop.hdds.scm.pipeline.PipelinePlacementPolicy.chooseDatanodes(PipelinePlacementPolicy.java:172)
	at org.apache.hadoop.hdds.scm.pipeline.RatisPipelineProvider.create(RatisPipelineProvider.java:93)
	at org.apache.hadoop.hdds.scm.pipeline.PipelineFactory.create(PipelineFactory.java:58)
	at org.apache.hadoop.hdds.scm.pipeline.SCMPipelineManager.createPipeline(SCMPipelineManager.java:155)
	at org.apache.hadoop.hdds.scm.block.BlockManagerImpl.allocateBlock(BlockManagerImpl.java:190)
	at org.apache.hadoop.hdds.scm.server.SCMBlockProtocolServer.allocateBlock(SCMBlockProtocolServer.java:182)
	at org.apache.hadoop.ozone.protocolPB.ScmBlockLocationProtocolServerSideTranslatorPB.allocateScmBlock(ScmBlockLocationProtocolServerSideTranslatorPB.java:183)
	at org.apache.hadoop.ozone.protocolPB.ScmBlockLocationProtocolServerSideTranslatorPB.processMessage(ScmBlockLocationProtocolServerSideTranslatorPB.java:141)
	at org.apache.hadoop.ozone.protocolPB.ScmBlockLocationProtocolServerSideTranslatorPB.send(ScmBlockLocationProtocolServerSideTranslatorPB.java:116)
	at org.apache.hadoop.hdds.protocol.proto.ScmBlockLocationProtocolProtos$ScmBlockLocationProtocolService$2.callBlockingMethod(ScmBlockLocationProtocolProtos.java:13157)
	at org.apache.hadoop.ipc.ProtobufRpcEngine$Server$ProtoBufRpcInvoker.call(ProtobufRpcEngine.java:524)
	at org.apache.hadoop.ipc.RPC$Server.call(RPC.java:1025)
	at org.apache.hadoop.ipc.Server$RpcCall.run(Server.java:876)
	at org.apache.hadoop.ipc.Server$RpcCall.run(Server.java:822)
	at java.security.AccessController.doPrivileged(Native Method)
	at javax.security.auth.Subject.doAs(Subject.java:422)
	at org.apache.hadoop.security.UserGroupInformation.doAs(UserGroupInformation.java:1730)
	at org.apache.hadoop.ipc.Server$Handler.run(Server.java:2682)
2019-09-26 12:47:57,790 [IPC Server handler 4 on 38693] INFO  block.BlockManagerImpl (BlockManagerImpl.java:allocateBlock(198)) - Could not find available pipeline of type:RATIS and factor:THREE even after retrying
2019-09-26 12:47:57,790 [IPC Server handler 4 on 38693] ERROR block.BlockManagerImpl (BlockManagerImpl.java:allocateBlock(222)) - Unable to allocate a block for the size: 4194304, type: RATIS, factor: THREE
]]></system-out>
    <system-err><![CDATA[ERROR StatusLogger No Log4j 2 configuration file found. Using default configuration (logging only errors to the console), or user programmatically provided configurations. Set system property 'log4j2.debug' to show Log4j 2 internal initialization logging. See https://logging.apache.org/log4j/2.x/manual/configuration.html for instructions on how to configure Log4j 2
]]></system-err>
  </testcase>
</testsuite>