<?xml version="1.0" encoding="UTF-8"?>
<testsuite xmlns:xsi="http://www.w3.org/2001/XMLSchema-instance" xsi:noNamespaceSchemaLocation="https://maven.apache.org/surefire/maven-surefire-plugin/xsd/surefire-test-report.xsd" name="org.apache.hadoop.hdds.scm.pipeline.TestPipelineClose" time="71.451" tests="4" errors="4" skipped="0" failures="0">
  <properties>
    <property name="awt.toolkit" value="sun.awt.X11.XToolkit"/>
    <property name="file.encoding.pkg" value="sun.io"/>
    <property name="java.specification.version" value="1.8"/>
    <property name="sun.cpu.isalist" value=""/>
    <property name="sun.jnu.encoding" value="UTF-8"/>
    <property name="java.class.path" value="/workdir/hadoop-ozone/integration-test/target/test-classes:/workdir/hadoop-ozone/integration-test/target/classes:/home/user/.m2/repository/org/apache/hadoop/hadoop-ozone-common/0.5.0-SNAPSHOT/hadoop-ozone-common-0.5.0-SNAPSHOT.jar:/home/user/.m2/repository/org/apache/commons/commons-compress/1.4.1/commons-compress-1.4.1.jar:/home/user/.m2/repository/org/tukaani/xz/1.0/xz-1.0.jar:/home/user/.m2/repository/org/apache/hadoop/hadoop-common/3.2.0/hadoop-common-3.2.0.jar:/home/user/.m2/repository/org/apache/hadoop/hadoop-hdfs/3.2.0/hadoop-hdfs-3.2.0.jar:/home/user/.m2/repository/org/apache/hadoop/hadoop-hdfs-client/3.2.0/hadoop-hdfs-client-3.2.0.jar:/home/user/.m2/repository/com/fasterxml/jackson/core/jackson-annotations/2.9.9/jackson-annotations-2.9.9.jar:/home/user/.m2/repository/org/apache/hadoop/hadoop-hdds-common/0.5.0-SNAPSHOT/hadoop-hdds-common-0.5.0-SNAPSHOT.jar:/home/user/.m2/repository/javax/annotation/javax.annotation-api/1.2/javax.annotation-api-1.2.jar:/home/user/.m2/repository/org/apache/ratis/ratis-server/0.4.0/ratis-server-0.4.0.jar:/home/user/.m2/repository/org/apache/ratis/ratis-thirdparty-misc/0.2.0/ratis-thirdparty-misc-0.2.0.jar:/home/user/.m2/repository/org/apache/ratis/ratis-proto/0.4.0/ratis-proto-0.4.0.jar:/home/user/.m2/repository/org/apache/ratis/ratis-common/0.4.0/ratis-common-0.4.0.jar:/home/user/.m2/repository/org/apache/ratis/ratis-client/0.4.0/ratis-client-0.4.0.jar:/home/user/.m2/repository/org/apache/ratis/ratis-metrics/0.4.0/ratis-metrics-0.4.0.jar:/home/user/.m2/repository/com/github/joshelser/dropwizard-metrics-hadoop-metrics2-reporter/0.1.2/dropwizard-metrics-hadoop-metrics2-reporter-0.1.2.jar:/home/user/.m2/repository/io/dropwizard/metrics/metrics-jvm/3.2.5/metrics-jvm-3.2.5.jar:/home/user/.m2/repository/io/dropwizard/metrics/metrics-ganglia/3.2.5/metrics-ganglia-3.2.5.jar:/home/user/.m2/repository/info/ganglia/gmetric4j/gmetric4j/1.0.7/gmetric4j-1.0.7.jar:/home/user/.m2/repository/org/apache/ratis/ratis-netty/0.4.0/ratis-netty-0.4.0.jar:/home/user/.m2/repository/org/apache/ratis/ratis-grpc/0.4.0/ratis-grpc-0.4.0.jar:/home/user/.m2/repository/org/rocksdb/rocksdbjni/6.0.1/rocksdbjni-6.0.1.jar:/home/user/.m2/repository/org/apache/logging/log4j/log4j-api/2.11.0/log4j-api-2.11.0.jar:/home/user/.m2/repository/org/apache/logging/log4j/log4j-core/2.11.0/log4j-core-2.11.0.jar:/home/user/.m2/repository/com/lmax/disruptor/3.4.2/disruptor-3.4.2.jar:/home/user/.m2/repository/org/apache/commons/commons-pool2/2.6.0/commons-pool2-2.6.0.jar:/home/user/.m2/repository/org/bouncycastle/bcpkix-jdk15on/1.60/bcpkix-jdk15on-1.60.jar:/home/user/.m2/repository/commons-validator/commons-validator/1.6/commons-validator-1.6.jar:/home/user/.m2/repository/commons-digester/commons-digester/1.8.1/commons-digester-1.8.1.jar:/home/user/.m2/repository/io/jaegertracing/jaeger-client/0.34.0/jaeger-client-0.34.0.jar:/home/user/.m2/repository/io/jaegertracing/jaeger-thrift/0.34.0/jaeger-thrift-0.34.0.jar:/home/user/.m2/repository/org/apache/thrift/libthrift/0.12.0/libthrift-0.12.0.jar:/home/user/.m2/repository/com/squareup/okhttp3/okhttp/3.9.0/okhttp-3.9.0.jar:/home/user/.m2/repository/com/squareup/okio/okio/1.13.0/okio-1.13.0.jar:/home/user/.m2/repository/io/jaegertracing/jaeger-core/0.34.0/jaeger-core-0.34.0.jar:/home/user/.m2/repository/io/jaegertracing/jaeger-tracerresolver/0.34.0/jaeger-tracerresolver-0.34.0.jar:/home/user/.m2/repository/io/opentracing/contrib/opentracing-tracerresolver/0.1.5/opentracing-tracerresolver-0.1.5.jar:/home/user/.m2/repository/io/opentracing/opentracing-util/0.31.0/opentracing-util-0.31.0.jar:/home/user/.m2/repository/io/opentracing/opentracing-api/0.31.0/opentracing-api-0.31.0.jar:/home/user/.m2/repository/io/opentracing/opentracing-noop/0.31.0/opentracing-noop-0.31.0.jar:/home/user/.m2/repository/org/apache/hadoop/hadoop-hdds-server-framework/0.5.0-SNAPSHOT/hadoop-hdds-server-framework-0.5.0-SNAPSHOT.jar:/home/user/.m2/repository/org/apache/hadoop/hadoop-hdds-container-service/0.5.0-SNAPSHOT/hadoop-hdds-container-service-0.5.0-SNAPSHOT.jar:/home/user/.m2/repository/org/apache/hadoop/hadoop-hdds-client/0.5.0-SNAPSHOT/hadoop-hdds-client-0.5.0-SNAPSHOT.jar:/home/user/.m2/repository/org/apache/hadoop/hadoop-hdds-tools/0.5.0-SNAPSHOT/hadoop-hdds-tools-0.5.0-SNAPSHOT.jar:/home/user/.m2/repository/org/apache/hadoop/hadoop-hdds-server-scm/0.5.0-SNAPSHOT/hadoop-hdds-server-scm-0.5.0-SNAPSHOT.jar:/home/user/.m2/repository/org/apache/hadoop/hadoop-hdds-docs/0.5.0-SNAPSHOT/hadoop-hdds-docs-0.5.0-SNAPSHOT.jar:/home/user/.m2/repository/io/dropwizard/metrics/metrics-core/3.2.4/metrics-core-3.2.4.jar:/home/user/.m2/repository/org/hamcrest/hamcrest-all/1.3/hamcrest-all-1.3.jar:/home/user/.m2/repository/org/bouncycastle/bcprov-jdk15on/1.60/bcprov-jdk15on-1.60.jar:/home/user/.m2/repository/info/picocli/picocli/3.9.6/picocli-3.9.6.jar:/home/user/.m2/repository/com/google/protobuf/protobuf-java/2.5.0/protobuf-java-2.5.0.jar:/home/user/.m2/repository/com/google/guava/guava/11.0.2/guava-11.0.2.jar:/home/user/.m2/repository/org/apache/hadoop/hadoop-ozone-ozone-manager/0.5.0-SNAPSHOT/hadoop-ozone-ozone-manager-0.5.0-SNAPSHOT.jar:/home/user/.m2/repository/org/apache/hadoop/hadoop-minikdc/3.2.0/hadoop-minikdc-3.2.0.jar:/home/user/.m2/repository/commons-io/commons-io/2.5/commons-io-2.5.jar:/home/user/.m2/repository/org/apache/kerby/kerb-simplekdc/1.0.1/kerb-simplekdc-1.0.1.jar:/home/user/.m2/repository/org/apache/kerby/kerb-client/1.0.1/kerb-client-1.0.1.jar:/home/user/.m2/repository/org/apache/kerby/kerby-config/1.0.1/kerby-config-1.0.1.jar:/home/user/.m2/repository/org/apache/kerby/kerb-core/1.0.1/kerb-core-1.0.1.jar:/home/user/.m2/repository/org/apache/kerby/kerby-pkix/1.0.1/kerby-pkix-1.0.1.jar:/home/user/.m2/repository/org/apache/kerby/kerby-asn1/1.0.1/kerby-asn1-1.0.1.jar:/home/user/.m2/repository/org/apache/kerby/kerby-util/1.0.1/kerby-util-1.0.1.jar:/home/user/.m2/repository/org/apache/kerby/kerb-common/1.0.1/kerb-common-1.0.1.jar:/home/user/.m2/repository/org/apache/kerby/kerb-crypto/1.0.1/kerb-crypto-1.0.1.jar:/home/user/.m2/repository/org/apache/kerby/kerb-util/1.0.1/kerb-util-1.0.1.jar:/home/user/.m2/repository/org/apache/kerby/token-provider/1.0.1/token-provider-1.0.1.jar:/home/user/.m2/repository/org/apache/kerby/kerb-admin/1.0.1/kerb-admin-1.0.1.jar:/home/user/.m2/repository/org/apache/kerby/kerb-server/1.0.1/kerb-server-1.0.1.jar:/home/user/.m2/repository/org/apache/kerby/kerb-identity/1.0.1/kerb-identity-1.0.1.jar:/home/user/.m2/repository/org/apache/kerby/kerby-xdr/1.0.1/kerby-xdr-1.0.1.jar:/home/user/.m2/repository/org/slf4j/slf4j-log4j12/1.7.25/slf4j-log4j12-1.7.25.jar:/home/user/.m2/repository/org/apache/hadoop/hadoop-ozone-s3gateway/0.5.0-SNAPSHOT/hadoop-ozone-s3gateway-0.5.0-SNAPSHOT.jar:/home/user/.m2/repository/org/jboss/weld/servlet/weld-servlet/2.4.7.Final/weld-servlet-2.4.7.Final.jar:/home/user/.m2/repository/org/glassfish/jersey/containers/jersey-container-servlet-core/2.27/jersey-container-servlet-core-2.27.jar:/home/user/.m2/repository/org/glassfish/hk2/external/javax.inject/2.5.0-b42/javax.inject-2.5.0-b42.jar:/home/user/.m2/repository/org/glassfish/jersey/core/jersey-common/2.27/jersey-common-2.27.jar:/home/user/.m2/repository/org/glassfish/hk2/osgi-resource-locator/1.0.1/osgi-resource-locator-1.0.1.jar:/home/user/.m2/repository/javax/ws/rs/javax.ws.rs-api/2.1/javax.ws.rs-api-2.1.jar:/home/user/.m2/repository/org/glassfish/jersey/ext/cdi/jersey-cdi1x/2.27/jersey-cdi1x-2.27.jar:/home/user/.m2/repository/org/glassfish/jersey/inject/jersey-hk2/2.27/jersey-hk2-2.27.jar:/home/user/.m2/repository/org/glassfish/hk2/hk2-locator/2.5.0-b42/hk2-locator-2.5.0-b42.jar:/home/user/.m2/repository/org/javassist/javassist/3.22.0-CR2/javassist-3.22.0-CR2.jar:/home/user/.m2/repository/org/glassfish/hk2/hk2-api/2.5.0/hk2-api-2.5.0.jar:/home/user/.m2/repository/org/glassfish/hk2/external/jakarta.inject/2.5.0/jakarta.inject-2.5.0.jar:/home/user/.m2/repository/org/glassfish/hk2/hk2-utils/2.5.0/hk2-utils-2.5.0.jar:/home/user/.m2/repository/jakarta/annotation/jakarta.annotation-api/1.3.4/jakarta.annotation-api-1.3.4.jar:/home/user/.m2/repository/org/glassfish/hk2/external/aopalliance-repackaged/2.5.0/aopalliance-repackaged-2.5.0.jar:/home/user/.m2/repository/com/fasterxml/jackson/dataformat/jackson-dataformat-xml/2.9.0/jackson-dataformat-xml-2.9.0.jar:/home/user/.m2/repository/com/fasterxml/jackson/core/jackson-core/2.9.9/jackson-core-2.9.9.jar:/home/user/.m2/repository/com/fasterxml/jackson/module/jackson-module-jaxb-annotations/2.9.9/jackson-module-jaxb-annotations-2.9.9.jar:/home/user/.m2/repository/javax/enterprise/cdi-api/1.2/cdi-api-1.2.jar:/home/user/.m2/repository/javax/el/javax.el-api/3.0.0/javax.el-api-3.0.0.jar:/home/user/.m2/repository/javax/interceptor/javax.interceptor-api/1.2/javax.interceptor-api-1.2.jar:/home/user/.m2/repository/javax/inject/javax.inject/1/javax.inject-1.jar:/home/user/.m2/repository/com/sun/xml/bind/jaxb-impl/2.3.0.1/jaxb-impl-2.3.0.1.jar:/home/user/.m2/repository/com/sun/xml/bind/jaxb-core/2.3.0.1/jaxb-core-2.3.0.1.jar:/home/user/.m2/repository/javax/xml/bind/jaxb-api/2.3.0/jaxb-api-2.3.0.jar:/home/user/.m2/repository/javax/activation/activation/1.1.1/activation-1.1.1.jar:/home/user/.m2/repository/org/apache/hadoop/hadoop-ozone-csi/0.5.0-SNAPSHOT/hadoop-ozone-csi-0.5.0-SNAPSHOT.jar:/home/user/.m2/repository/com/google/protobuf/protobuf-java-util/3.5.1/protobuf-java-util-3.5.1.jar:/home/user/.m2/repository/org/apache/hadoop/hadoop-hdds-config/0.5.0-SNAPSHOT/hadoop-hdds-config-0.5.0-SNAPSHOT.jar:/home/user/.m2/repository/io/grpc/grpc-netty/1.17.1/grpc-netty-1.17.1.jar:/home/user/.m2/repository/io/grpc/grpc-core/1.17.1/grpc-core-1.17.1.jar:/home/user/.m2/repository/io/grpc/grpc-context/1.17.1/grpc-context-1.17.1.jar:/home/user/.m2/repository/com/google/errorprone/error_prone_annotations/2.2.0/error_prone_annotations-2.2.0.jar:/home/user/.m2/repository/org/codehaus/mojo/animal-sniffer-annotations/1.17/animal-sniffer-annotations-1.17.jar:/home/user/.m2/repository/io/opencensus/opencensus-api/0.17.0/opencensus-api-0.17.0.jar:/home/user/.m2/repository/io/opencensus/opencensus-contrib-grpc-metrics/0.17.0/opencensus-contrib-grpc-metrics-0.17.0.jar:/home/user/.m2/repository/io/netty/netty-codec-http2/4.1.30.Final/netty-codec-http2-4.1.30.Final.jar:/home/user/.m2/repository/io/netty/netty-codec-http/4.1.30.Final/netty-codec-http-4.1.30.Final.jar:/home/user/.m2/repository/io/netty/netty-codec/4.1.30.Final/netty-codec-4.1.30.Final.jar:/home/user/.m2/repository/io/netty/netty-handler/4.1.30.Final/netty-handler-4.1.30.Final.jar:/home/user/.m2/repository/io/netty/netty-handler-proxy/4.1.30.Final/netty-handler-proxy-4.1.30.Final.jar:/home/user/.m2/repository/io/netty/netty-codec-socks/4.1.30.Final/netty-codec-socks-4.1.30.Final.jar:/home/user/.m2/repository/io/netty/netty-transport-native-epoll/4.1.30.Final/netty-transport-native-epoll-4.1.30.Final.jar:/home/user/.m2/repository/io/netty/netty-common/4.1.30.Final/netty-common-4.1.30.Final.jar:/home/user/.m2/repository/io/netty/netty-buffer/4.1.30.Final/netty-buffer-4.1.30.Final.jar:/home/user/.m2/repository/io/netty/netty-transport/4.1.30.Final/netty-transport-4.1.30.Final.jar:/home/user/.m2/repository/io/netty/netty-resolver/4.1.30.Final/netty-resolver-4.1.30.Final.jar:/home/user/.m2/repository/io/netty/netty-transport-native-unix-common/4.1.30.Final/netty-transport-native-unix-common-4.1.30.Final.jar:/home/user/.m2/repository/io/grpc/grpc-protobuf/1.17.1/grpc-protobuf-1.17.1.jar:/home/user/.m2/repository/com/google/api/grpc/proto-google-common-protos/1.0.0/proto-google-common-protos-1.0.0.jar:/home/user/.m2/repository/io/grpc/grpc-protobuf-lite/1.17.1/grpc-protobuf-lite-1.17.1.jar:/home/user/.m2/repository/io/grpc/grpc-stub/1.17.1/grpc-stub-1.17.1.jar:/home/user/.m2/repository/org/apache/hadoop/hadoop-ozone-recon/0.5.0-SNAPSHOT/hadoop-ozone-recon-0.5.0-SNAPSHOT.jar:/home/user/.m2/repository/org/apache/hadoop/hadoop-ozone-reconcodegen/0.5.0-SNAPSHOT/hadoop-ozone-reconcodegen-0.5.0-SNAPSHOT.jar:/home/user/.m2/repository/com/google/inject/extensions/guice-multibindings/4.0/guice-multibindings-4.0.jar:/home/user/.m2/repository/com/google/inject/guice/4.0/guice-4.0.jar:/home/user/.m2/repository/aopalliance/aopalliance/1.0/aopalliance-1.0.jar:/home/user/.m2/repository/com/google/inject/extensions/guice-servlet/4.0/guice-servlet-4.0.jar:/home/user/.m2/repository/org/glassfish/jersey/containers/jersey-container-servlet/2.27/jersey-container-servlet-2.27.jar:/home/user/.m2/repository/org/glassfish/hk2/guice-bridge/2.5.0/guice-bridge-2.5.0.jar:/home/user/.m2/repository/org/glassfish/jersey/core/jersey-server/2.27/jersey-server-2.27.jar:/home/user/.m2/repository/org/glassfish/jersey/core/jersey-client/2.27/jersey-client-2.27.jar:/home/user/.m2/repository/org/glassfish/jersey/media/jersey-media-jaxb/2.27/jersey-media-jaxb-2.27.jar:/home/user/.m2/repository/javax/validation/validation-api/1.1.0.Final/validation-api-1.1.0.Final.jar:/home/user/.m2/repository/org/glassfish/jersey/media/jersey-media-json-jackson/2.27/jersey-media-json-jackson-2.27.jar:/home/user/.m2/repository/org/glassfish/jersey/ext/jersey-entity-filtering/2.27/jersey-entity-filtering-2.27.jar:/home/user/.m2/repository/com/google/inject/extensions/guice-assistedinject/4.0/guice-assistedinject-4.0.jar:/home/user/.m2/repository/org/jooq/jooq/3.11.10/jooq-3.11.10.jar:/home/user/.m2/repository/org/jooq/jooq-meta/3.11.10/jooq-meta-3.11.10.jar:/home/user/.m2/repository/org/jooq/jooq-codegen/3.11.10/jooq-codegen-3.11.10.jar:/home/user/.m2/repository/com/jolbox/bonecp/0.8.0.RELEASE/bonecp-0.8.0.RELEASE.jar:/home/user/.m2/repository/org/xerial/sqlite-jdbc/3.25.2/sqlite-jdbc-3.25.2.jar:/home/user/.m2/repository/org/springframework/spring-jdbc/5.1.3.RELEASE/spring-jdbc-5.1.3.RELEASE.jar:/home/user/.m2/repository/org/springframework/spring-beans/5.1.3.RELEASE/spring-beans-5.1.3.RELEASE.jar:/home/user/.m2/repository/org/springframework/spring-core/5.1.3.RELEASE/spring-core-5.1.3.RELEASE.jar:/home/user/.m2/repository/org/springframework/spring-jcl/5.1.3.RELEASE/spring-jcl-5.1.3.RELEASE.jar:/home/user/.m2/repository/org/springframework/spring-tx/5.1.3.RELEASE/spring-tx-5.1.3.RELEASE.jar:/home/user/.m2/repository/org/apache/hadoop/hadoop-ozone-client/0.5.0-SNAPSHOT/hadoop-ozone-client-0.5.0-SNAPSHOT.jar:/home/user/.m2/repository/commons-lang/commons-lang/2.6/commons-lang-2.6.jar:/home/user/.m2/repository/org/apache/hadoop/hadoop-ozone-ozone-manager/0.5.0-SNAPSHOT/hadoop-ozone-ozone-manager-0.5.0-SNAPSHOT-tests.jar:/home/user/.m2/repository/junit/junit/4.11/junit-4.11.jar:/home/user/.m2/repository/org/hamcrest/hamcrest-core/1.3/hamcrest-core-1.3.jar:/home/user/.m2/repository/org/openjdk/jmh/jmh-core/1.19/jmh-core-1.19.jar:/home/user/.m2/repository/net/sf/jopt-simple/jopt-simple/4.6/jopt-simple-4.6.jar:/home/user/.m2/repository/org/apache/commons/commons-math3/3.1.1/commons-math3-3.1.1.jar:/home/user/.m2/repository/org/openjdk/jmh/jmh-generator-annprocess/1.19/jmh-generator-annprocess-1.19.jar:/home/user/.m2/repository/org/mockito/mockito-all/1.8.5/mockito-all-1.8.5.jar:/home/user/.m2/repository/org/apache/hadoop/hadoop-kms/3.2.0/hadoop-kms-3.2.0.jar:/home/user/.m2/repository/org/apache/hadoop/hadoop-auth/3.2.0/hadoop-auth-3.2.0.jar:/home/user/.m2/repository/com/nimbusds/nimbus-jose-jwt/4.41.1/nimbus-jose-jwt-4.41.1.jar:/home/user/.m2/repository/com/github/stephenc/jcip/jcip-annotations/1.0-1/jcip-annotations-1.0-1.jar:/home/user/.m2/repository/net/minidev/json-smart/2.3/json-smart-2.3.jar:/home/user/.m2/repository/net/minidev/accessors-smart/1.2/accessors-smart-1.2.jar:/home/user/.m2/repository/org/ow2/asm/asm/5.0.4/asm-5.0.4.jar:/home/user/.m2/repository/org/apache/curator/curator-framework/2.12.0/curator-framework-2.12.0.jar:/home/user/.m2/repository/com/sun/jersey/jersey-core/1.19/jersey-core-1.19.jar:/home/user/.m2/repository/javax/ws/rs/jsr311-api/1.1.1/jsr311-api-1.1.1.jar:/home/user/.m2/repository/com/sun/jersey/jersey-server/1.19/jersey-server-1.19.jar:/home/user/.m2/repository/javax/servlet/javax.servlet-api/3.1.0/javax.servlet-api-3.1.0.jar:/home/user/.m2/repository/org/eclipse/jetty/jetty-server/9.3.25.v20180904/jetty-server-9.3.25.v20180904.jar:/home/user/.m2/repository/org/eclipse/jetty/jetty-http/9.3.25.v20180904/jetty-http-9.3.25.v20180904.jar:/home/user/.m2/repository/org/eclipse/jetty/jetty-io/9.3.25.v20180904/jetty-io-9.3.25.v20180904.jar:/home/user/.m2/repository/org/eclipse/jetty/jetty-webapp/9.3.25.v20180904/jetty-webapp-9.3.25.v20180904.jar:/home/user/.m2/repository/org/eclipse/jetty/jetty-xml/9.3.25.v20180904/jetty-xml-9.3.25.v20180904.jar:/home/user/.m2/repository/log4j/log4j/1.2.17/log4j-1.2.17.jar:/home/user/.m2/repository/org/slf4j/slf4j-api/1.7.25/slf4j-api-1.7.25.jar:/home/user/.m2/repository/org/slf4j/jul-to-slf4j/1.7.25/jul-to-slf4j-1.7.25.jar:/home/user/.m2/repository/org/eclipse/jetty/jetty-util/9.3.25.v20180904/jetty-util-9.3.25.v20180904.jar:/home/user/.m2/repository/com/fasterxml/jackson/core/jackson-databind/2.9.9/jackson-databind-2.9.9.jar:/home/user/.m2/repository/org/apache/hadoop/hadoop-kms/3.2.0/hadoop-kms-3.2.0-tests.jar:/home/user/.m2/repository/org/apache/hadoop/hadoop-hdds-server-scm/0.5.0-SNAPSHOT/hadoop-hdds-server-scm-0.5.0-SNAPSHOT-tests.jar:/home/user/.m2/repository/org/apache/hadoop/hadoop-hdds-container-service/0.5.0-SNAPSHOT/hadoop-hdds-container-service-0.5.0-SNAPSHOT-tests.jar:/home/user/.m2/repository/org/yaml/snakeyaml/1.16/snakeyaml-1.16.jar:/home/user/.m2/repository/org/apache/hadoop/hadoop-common/3.2.0/hadoop-common-3.2.0-tests.jar:/home/user/.m2/repository/org/apache/hadoop/hadoop-annotations/3.2.0/hadoop-annotations-3.2.0.jar:/usr/lib/jvm/java-1.8-openjdk/jre/../lib/tools.jar:/home/user/.m2/repository/commons-cli/commons-cli/1.2/commons-cli-1.2.jar:/home/user/.m2/repository/org/apache/httpcomponents/httpclient/4.5.2/httpclient-4.5.2.jar:/home/user/.m2/repository/org/apache/httpcomponents/httpcore/4.4.4/httpcore-4.4.4.jar:/home/user/.m2/repository/commons-codec/commons-codec/1.11/commons-codec-1.11.jar:/home/user/.m2/repository/commons-net/commons-net/3.6/commons-net-3.6.jar:/home/user/.m2/repository/commons-collections/commons-collections/3.2.2/commons-collections-3.2.2.jar:/home/user/.m2/repository/org/eclipse/jetty/jetty-servlet/9.3.25.v20180904/jetty-servlet-9.3.25.v20180904.jar:/home/user/.m2/repository/org/eclipse/jetty/jetty-security/9.3.25.v20180904/jetty-security-9.3.25.v20180904.jar:/home/user/.m2/repository/javax/servlet/jsp/jsp-api/2.1/jsp-api-2.1.jar:/home/user/.m2/repository/com/sun/jersey/jersey-servlet/1.19/jersey-servlet-1.19.jar:/home/user/.m2/repository/com/sun/jersey/jersey-json/1.19/jersey-json-1.19.jar:/home/user/.m2/repository/org/codehaus/jettison/jettison/1.1/jettison-1.1.jar:/home/user/.m2/repository/org/codehaus/jackson/jackson-core-asl/1.9.13/jackson-core-asl-1.9.13.jar:/home/user/.m2/repository/org/codehaus/jackson/jackson-mapper-asl/1.9.13/jackson-mapper-asl-1.9.13.jar:/home/user/.m2/repository/org/codehaus/jackson/jackson-jaxrs/1.9.13/jackson-jaxrs-1.9.13.jar:/home/user/.m2/repository/org/codehaus/jackson/jackson-xc/1.9.13/jackson-xc-1.9.13.jar:/home/user/.m2/repository/commons-logging/commons-logging/1.1.3/commons-logging-1.1.3.jar:/home/user/.m2/repository/commons-beanutils/commons-beanutils/1.9.4/commons-beanutils-1.9.4.jar:/home/user/.m2/repository/org/apache/commons/commons-configuration2/2.1.1/commons-configuration2-2.1.1.jar:/home/user/.m2/repository/org/apache/commons/commons-lang3/3.7/commons-lang3-3.7.jar:/home/user/.m2/repository/org/apache/commons/commons-text/1.4/commons-text-1.4.jar:/home/user/.m2/repository/org/apache/avro/avro/1.7.7/avro-1.7.7.jar:/home/user/.m2/repository/com/thoughtworks/paranamer/paranamer/2.3/paranamer-2.3.jar:/home/user/.m2/repository/org/xerial/snappy/snappy-java/1.0.5/snappy-java-1.0.5.jar:/home/user/.m2/repository/com/google/re2j/re2j/1.1/re2j-1.1.jar:/home/user/.m2/repository/com/google/code/gson/gson/2.2.4/gson-2.2.4.jar:/home/user/.m2/repository/com/jcraft/jsch/0.1.54/jsch-0.1.54.jar:/home/user/.m2/repository/org/apache/curator/curator-client/2.12.0/curator-client-2.12.0.jar:/home/user/.m2/repository/org/apache/curator/curator-recipes/2.12.0/curator-recipes-2.12.0.jar:/home/user/.m2/repository/com/google/code/findbugs/jsr305/3.0.0/jsr305-3.0.0.jar:/home/user/.m2/repository/org/apache/htrace/htrace-core4/4.1.0-incubating/htrace-core4-4.1.0-incubating.jar:/home/user/.m2/repository/org/apache/zookeeper/zookeeper/3.4.13/zookeeper-3.4.13.jar:/home/user/.m2/repository/jline/jline/0.9.94/jline-0.9.94.jar:/home/user/.m2/repository/org/apache/yetus/audience-annotations/0.5.0/audience-annotations-0.5.0.jar:/home/user/.m2/repository/org/codehaus/woodstox/stax2-api/3.1.4/stax2-api-3.1.4.jar:/home/user/.m2/repository/com/fasterxml/woodstox/woodstox-core/5.0.3/woodstox-core-5.0.3.jar:/home/user/.m2/repository/dnsjava/dnsjava/2.1.7/dnsjava-2.1.7.jar:/home/user/.m2/repository/org/apache/hadoop/hadoop-hdfs/3.2.0/hadoop-hdfs-3.2.0-tests.jar:/home/user/.m2/repository/org/eclipse/jetty/jetty-util-ajax/9.3.25.v20180904/jetty-util-ajax-9.3.25.v20180904.jar:/home/user/.m2/repository/commons-daemon/commons-daemon/1.0.13/commons-daemon-1.0.13.jar:/home/user/.m2/repository/io/netty/netty/3.10.5.Final/netty-3.10.5.Final.jar:/home/user/.m2/repository/io/netty/netty-all/4.0.52.Final/netty-all-4.0.52.Final.jar:/home/user/.m2/repository/org/fusesource/leveldbjni/leveldbjni-all/1.8/leveldbjni-all-1.8.jar:"/>
    <property name="java.vm.vendor" value="IcedTea"/>
    <property name="sun.arch.data.model" value="64"/>
    <property name="test.build.dir" value="/workdir/hadoop-ozone/integration-test/target/test-dir"/>
    <property name="test.cache.data" value=""/>
    <property name="java.vendor.url" value="https://icedtea.classpath.org"/>
    <property name="user.timezone" value=""/>
    <property name="java.vm.specification.version" value="1.8"/>
    <property name="os.name" value="Linux"/>
    <property name="test.build.data" value="/workdir/hadoop-ozone/integration-test/target/test-dir"/>
    <property name="user.country" value="US"/>
    <property name="sun.java.launcher" value="SUN_STANDARD"/>
    <property name="sun.boot.library.path" value="/usr/lib/jvm/java-1.8-openjdk/jre/lib/amd64"/>
    <property name="sun.java.command" value="/workdir/hadoop-ozone/integration-test/target/surefire/surefirebooter641931206680006583.jar /workdir/hadoop-ozone/integration-test/target/surefire 2019-09-26T11-49-28_115-jvmRun1 surefire8235895246626932752tmp surefire_827177408697940207626tmp"/>
    <property name="test" value="!TestMiniChaosOzoneCluster"/>
    <property name="surefire.test.class.path" value="/workdir/hadoop-ozone/integration-test/target/test-classes:/workdir/hadoop-ozone/integration-test/target/classes:/home/user/.m2/repository/org/apache/hadoop/hadoop-ozone-common/0.5.0-SNAPSHOT/hadoop-ozone-common-0.5.0-SNAPSHOT.jar:/home/user/.m2/repository/org/apache/commons/commons-compress/1.4.1/commons-compress-1.4.1.jar:/home/user/.m2/repository/org/tukaani/xz/1.0/xz-1.0.jar:/home/user/.m2/repository/org/apache/hadoop/hadoop-common/3.2.0/hadoop-common-3.2.0.jar:/home/user/.m2/repository/org/apache/hadoop/hadoop-hdfs/3.2.0/hadoop-hdfs-3.2.0.jar:/home/user/.m2/repository/org/apache/hadoop/hadoop-hdfs-client/3.2.0/hadoop-hdfs-client-3.2.0.jar:/home/user/.m2/repository/com/fasterxml/jackson/core/jackson-annotations/2.9.9/jackson-annotations-2.9.9.jar:/home/user/.m2/repository/org/apache/hadoop/hadoop-hdds-common/0.5.0-SNAPSHOT/hadoop-hdds-common-0.5.0-SNAPSHOT.jar:/home/user/.m2/repository/javax/annotation/javax.annotation-api/1.2/javax.annotation-api-1.2.jar:/home/user/.m2/repository/org/apache/ratis/ratis-server/0.4.0/ratis-server-0.4.0.jar:/home/user/.m2/repository/org/apache/ratis/ratis-thirdparty-misc/0.2.0/ratis-thirdparty-misc-0.2.0.jar:/home/user/.m2/repository/org/apache/ratis/ratis-proto/0.4.0/ratis-proto-0.4.0.jar:/home/user/.m2/repository/org/apache/ratis/ratis-common/0.4.0/ratis-common-0.4.0.jar:/home/user/.m2/repository/org/apache/ratis/ratis-client/0.4.0/ratis-client-0.4.0.jar:/home/user/.m2/repository/org/apache/ratis/ratis-metrics/0.4.0/ratis-metrics-0.4.0.jar:/home/user/.m2/repository/com/github/joshelser/dropwizard-metrics-hadoop-metrics2-reporter/0.1.2/dropwizard-metrics-hadoop-metrics2-reporter-0.1.2.jar:/home/user/.m2/repository/io/dropwizard/metrics/metrics-jvm/3.2.5/metrics-jvm-3.2.5.jar:/home/user/.m2/repository/io/dropwizard/metrics/metrics-ganglia/3.2.5/metrics-ganglia-3.2.5.jar:/home/user/.m2/repository/info/ganglia/gmetric4j/gmetric4j/1.0.7/gmetric4j-1.0.7.jar:/home/user/.m2/repository/org/apache/ratis/ratis-netty/0.4.0/ratis-netty-0.4.0.jar:/home/user/.m2/repository/org/apache/ratis/ratis-grpc/0.4.0/ratis-grpc-0.4.0.jar:/home/user/.m2/repository/org/rocksdb/rocksdbjni/6.0.1/rocksdbjni-6.0.1.jar:/home/user/.m2/repository/org/apache/logging/log4j/log4j-api/2.11.0/log4j-api-2.11.0.jar:/home/user/.m2/repository/org/apache/logging/log4j/log4j-core/2.11.0/log4j-core-2.11.0.jar:/home/user/.m2/repository/com/lmax/disruptor/3.4.2/disruptor-3.4.2.jar:/home/user/.m2/repository/org/apache/commons/commons-pool2/2.6.0/commons-pool2-2.6.0.jar:/home/user/.m2/repository/org/bouncycastle/bcpkix-jdk15on/1.60/bcpkix-jdk15on-1.60.jar:/home/user/.m2/repository/commons-validator/commons-validator/1.6/commons-validator-1.6.jar:/home/user/.m2/repository/commons-digester/commons-digester/1.8.1/commons-digester-1.8.1.jar:/home/user/.m2/repository/io/jaegertracing/jaeger-client/0.34.0/jaeger-client-0.34.0.jar:/home/user/.m2/repository/io/jaegertracing/jaeger-thrift/0.34.0/jaeger-thrift-0.34.0.jar:/home/user/.m2/repository/org/apache/thrift/libthrift/0.12.0/libthrift-0.12.0.jar:/home/user/.m2/repository/com/squareup/okhttp3/okhttp/3.9.0/okhttp-3.9.0.jar:/home/user/.m2/repository/com/squareup/okio/okio/1.13.0/okio-1.13.0.jar:/home/user/.m2/repository/io/jaegertracing/jaeger-core/0.34.0/jaeger-core-0.34.0.jar:/home/user/.m2/repository/io/jaegertracing/jaeger-tracerresolver/0.34.0/jaeger-tracerresolver-0.34.0.jar:/home/user/.m2/repository/io/opentracing/contrib/opentracing-tracerresolver/0.1.5/opentracing-tracerresolver-0.1.5.jar:/home/user/.m2/repository/io/opentracing/opentracing-util/0.31.0/opentracing-util-0.31.0.jar:/home/user/.m2/repository/io/opentracing/opentracing-api/0.31.0/opentracing-api-0.31.0.jar:/home/user/.m2/repository/io/opentracing/opentracing-noop/0.31.0/opentracing-noop-0.31.0.jar:/home/user/.m2/repository/org/apache/hadoop/hadoop-hdds-server-framework/0.5.0-SNAPSHOT/hadoop-hdds-server-framework-0.5.0-SNAPSHOT.jar:/home/user/.m2/repository/org/apache/hadoop/hadoop-hdds-container-service/0.5.0-SNAPSHOT/hadoop-hdds-container-service-0.5.0-SNAPSHOT.jar:/home/user/.m2/repository/org/apache/hadoop/hadoop-hdds-client/0.5.0-SNAPSHOT/hadoop-hdds-client-0.5.0-SNAPSHOT.jar:/home/user/.m2/repository/org/apache/hadoop/hadoop-hdds-tools/0.5.0-SNAPSHOT/hadoop-hdds-tools-0.5.0-SNAPSHOT.jar:/home/user/.m2/repository/org/apache/hadoop/hadoop-hdds-server-scm/0.5.0-SNAPSHOT/hadoop-hdds-server-scm-0.5.0-SNAPSHOT.jar:/home/user/.m2/repository/org/apache/hadoop/hadoop-hdds-docs/0.5.0-SNAPSHOT/hadoop-hdds-docs-0.5.0-SNAPSHOT.jar:/home/user/.m2/repository/io/dropwizard/metrics/metrics-core/3.2.4/metrics-core-3.2.4.jar:/home/user/.m2/repository/org/hamcrest/hamcrest-all/1.3/hamcrest-all-1.3.jar:/home/user/.m2/repository/org/bouncycastle/bcprov-jdk15on/1.60/bcprov-jdk15on-1.60.jar:/home/user/.m2/repository/info/picocli/picocli/3.9.6/picocli-3.9.6.jar:/home/user/.m2/repository/com/google/protobuf/protobuf-java/2.5.0/protobuf-java-2.5.0.jar:/home/user/.m2/repository/com/google/guava/guava/11.0.2/guava-11.0.2.jar:/home/user/.m2/repository/org/apache/hadoop/hadoop-ozone-ozone-manager/0.5.0-SNAPSHOT/hadoop-ozone-ozone-manager-0.5.0-SNAPSHOT.jar:/home/user/.m2/repository/org/apache/hadoop/hadoop-minikdc/3.2.0/hadoop-minikdc-3.2.0.jar:/home/user/.m2/repository/commons-io/commons-io/2.5/commons-io-2.5.jar:/home/user/.m2/repository/org/apache/kerby/kerb-simplekdc/1.0.1/kerb-simplekdc-1.0.1.jar:/home/user/.m2/repository/org/apache/kerby/kerb-client/1.0.1/kerb-client-1.0.1.jar:/home/user/.m2/repository/org/apache/kerby/kerby-config/1.0.1/kerby-config-1.0.1.jar:/home/user/.m2/repository/org/apache/kerby/kerb-core/1.0.1/kerb-core-1.0.1.jar:/home/user/.m2/repository/org/apache/kerby/kerby-pkix/1.0.1/kerby-pkix-1.0.1.jar:/home/user/.m2/repository/org/apache/kerby/kerby-asn1/1.0.1/kerby-asn1-1.0.1.jar:/home/user/.m2/repository/org/apache/kerby/kerby-util/1.0.1/kerby-util-1.0.1.jar:/home/user/.m2/repository/org/apache/kerby/kerb-common/1.0.1/kerb-common-1.0.1.jar:/home/user/.m2/repository/org/apache/kerby/kerb-crypto/1.0.1/kerb-crypto-1.0.1.jar:/home/user/.m2/repository/org/apache/kerby/kerb-util/1.0.1/kerb-util-1.0.1.jar:/home/user/.m2/repository/org/apache/kerby/token-provider/1.0.1/token-provider-1.0.1.jar:/home/user/.m2/repository/org/apache/kerby/kerb-admin/1.0.1/kerb-admin-1.0.1.jar:/home/user/.m2/repository/org/apache/kerby/kerb-server/1.0.1/kerb-server-1.0.1.jar:/home/user/.m2/repository/org/apache/kerby/kerb-identity/1.0.1/kerb-identity-1.0.1.jar:/home/user/.m2/repository/org/apache/kerby/kerby-xdr/1.0.1/kerby-xdr-1.0.1.jar:/home/user/.m2/repository/org/slf4j/slf4j-log4j12/1.7.25/slf4j-log4j12-1.7.25.jar:/home/user/.m2/repository/org/apache/hadoop/hadoop-ozone-s3gateway/0.5.0-SNAPSHOT/hadoop-ozone-s3gateway-0.5.0-SNAPSHOT.jar:/home/user/.m2/repository/org/jboss/weld/servlet/weld-servlet/2.4.7.Final/weld-servlet-2.4.7.Final.jar:/home/user/.m2/repository/org/glassfish/jersey/containers/jersey-container-servlet-core/2.27/jersey-container-servlet-core-2.27.jar:/home/user/.m2/repository/org/glassfish/hk2/external/javax.inject/2.5.0-b42/javax.inject-2.5.0-b42.jar:/home/user/.m2/repository/org/glassfish/jersey/core/jersey-common/2.27/jersey-common-2.27.jar:/home/user/.m2/repository/org/glassfish/hk2/osgi-resource-locator/1.0.1/osgi-resource-locator-1.0.1.jar:/home/user/.m2/repository/javax/ws/rs/javax.ws.rs-api/2.1/javax.ws.rs-api-2.1.jar:/home/user/.m2/repository/org/glassfish/jersey/ext/cdi/jersey-cdi1x/2.27/jersey-cdi1x-2.27.jar:/home/user/.m2/repository/org/glassfish/jersey/inject/jersey-hk2/2.27/jersey-hk2-2.27.jar:/home/user/.m2/repository/org/glassfish/hk2/hk2-locator/2.5.0-b42/hk2-locator-2.5.0-b42.jar:/home/user/.m2/repository/org/javassist/javassist/3.22.0-CR2/javassist-3.22.0-CR2.jar:/home/user/.m2/repository/org/glassfish/hk2/hk2-api/2.5.0/hk2-api-2.5.0.jar:/home/user/.m2/repository/org/glassfish/hk2/external/jakarta.inject/2.5.0/jakarta.inject-2.5.0.jar:/home/user/.m2/repository/org/glassfish/hk2/hk2-utils/2.5.0/hk2-utils-2.5.0.jar:/home/user/.m2/repository/jakarta/annotation/jakarta.annotation-api/1.3.4/jakarta.annotation-api-1.3.4.jar:/home/user/.m2/repository/org/glassfish/hk2/external/aopalliance-repackaged/2.5.0/aopalliance-repackaged-2.5.0.jar:/home/user/.m2/repository/com/fasterxml/jackson/dataformat/jackson-dataformat-xml/2.9.0/jackson-dataformat-xml-2.9.0.jar:/home/user/.m2/repository/com/fasterxml/jackson/core/jackson-core/2.9.9/jackson-core-2.9.9.jar:/home/user/.m2/repository/com/fasterxml/jackson/module/jackson-module-jaxb-annotations/2.9.9/jackson-module-jaxb-annotations-2.9.9.jar:/home/user/.m2/repository/javax/enterprise/cdi-api/1.2/cdi-api-1.2.jar:/home/user/.m2/repository/javax/el/javax.el-api/3.0.0/javax.el-api-3.0.0.jar:/home/user/.m2/repository/javax/interceptor/javax.interceptor-api/1.2/javax.interceptor-api-1.2.jar:/home/user/.m2/repository/javax/inject/javax.inject/1/javax.inject-1.jar:/home/user/.m2/repository/com/sun/xml/bind/jaxb-impl/2.3.0.1/jaxb-impl-2.3.0.1.jar:/home/user/.m2/repository/com/sun/xml/bind/jaxb-core/2.3.0.1/jaxb-core-2.3.0.1.jar:/home/user/.m2/repository/javax/xml/bind/jaxb-api/2.3.0/jaxb-api-2.3.0.jar:/home/user/.m2/repository/javax/activation/activation/1.1.1/activation-1.1.1.jar:/home/user/.m2/repository/org/apache/hadoop/hadoop-ozone-csi/0.5.0-SNAPSHOT/hadoop-ozone-csi-0.5.0-SNAPSHOT.jar:/home/user/.m2/repository/com/google/protobuf/protobuf-java-util/3.5.1/protobuf-java-util-3.5.1.jar:/home/user/.m2/repository/org/apache/hadoop/hadoop-hdds-config/0.5.0-SNAPSHOT/hadoop-hdds-config-0.5.0-SNAPSHOT.jar:/home/user/.m2/repository/io/grpc/grpc-netty/1.17.1/grpc-netty-1.17.1.jar:/home/user/.m2/repository/io/grpc/grpc-core/1.17.1/grpc-core-1.17.1.jar:/home/user/.m2/repository/io/grpc/grpc-context/1.17.1/grpc-context-1.17.1.jar:/home/user/.m2/repository/com/google/errorprone/error_prone_annotations/2.2.0/error_prone_annotations-2.2.0.jar:/home/user/.m2/repository/org/codehaus/mojo/animal-sniffer-annotations/1.17/animal-sniffer-annotations-1.17.jar:/home/user/.m2/repository/io/opencensus/opencensus-api/0.17.0/opencensus-api-0.17.0.jar:/home/user/.m2/repository/io/opencensus/opencensus-contrib-grpc-metrics/0.17.0/opencensus-contrib-grpc-metrics-0.17.0.jar:/home/user/.m2/repository/io/netty/netty-codec-http2/4.1.30.Final/netty-codec-http2-4.1.30.Final.jar:/home/user/.m2/repository/io/netty/netty-codec-http/4.1.30.Final/netty-codec-http-4.1.30.Final.jar:/home/user/.m2/repository/io/netty/netty-codec/4.1.30.Final/netty-codec-4.1.30.Final.jar:/home/user/.m2/repository/io/netty/netty-handler/4.1.30.Final/netty-handler-4.1.30.Final.jar:/home/user/.m2/repository/io/netty/netty-handler-proxy/4.1.30.Final/netty-handler-proxy-4.1.30.Final.jar:/home/user/.m2/repository/io/netty/netty-codec-socks/4.1.30.Final/netty-codec-socks-4.1.30.Final.jar:/home/user/.m2/repository/io/netty/netty-transport-native-epoll/4.1.30.Final/netty-transport-native-epoll-4.1.30.Final.jar:/home/user/.m2/repository/io/netty/netty-common/4.1.30.Final/netty-common-4.1.30.Final.jar:/home/user/.m2/repository/io/netty/netty-buffer/4.1.30.Final/netty-buffer-4.1.30.Final.jar:/home/user/.m2/repository/io/netty/netty-transport/4.1.30.Final/netty-transport-4.1.30.Final.jar:/home/user/.m2/repository/io/netty/netty-resolver/4.1.30.Final/netty-resolver-4.1.30.Final.jar:/home/user/.m2/repository/io/netty/netty-transport-native-unix-common/4.1.30.Final/netty-transport-native-unix-common-4.1.30.Final.jar:/home/user/.m2/repository/io/grpc/grpc-protobuf/1.17.1/grpc-protobuf-1.17.1.jar:/home/user/.m2/repository/com/google/api/grpc/proto-google-common-protos/1.0.0/proto-google-common-protos-1.0.0.jar:/home/user/.m2/repository/io/grpc/grpc-protobuf-lite/1.17.1/grpc-protobuf-lite-1.17.1.jar:/home/user/.m2/repository/io/grpc/grpc-stub/1.17.1/grpc-stub-1.17.1.jar:/home/user/.m2/repository/org/apache/hadoop/hadoop-ozone-recon/0.5.0-SNAPSHOT/hadoop-ozone-recon-0.5.0-SNAPSHOT.jar:/home/user/.m2/repository/org/apache/hadoop/hadoop-ozone-reconcodegen/0.5.0-SNAPSHOT/hadoop-ozone-reconcodegen-0.5.0-SNAPSHOT.jar:/home/user/.m2/repository/com/google/inject/extensions/guice-multibindings/4.0/guice-multibindings-4.0.jar:/home/user/.m2/repository/com/google/inject/guice/4.0/guice-4.0.jar:/home/user/.m2/repository/aopalliance/aopalliance/1.0/aopalliance-1.0.jar:/home/user/.m2/repository/com/google/inject/extensions/guice-servlet/4.0/guice-servlet-4.0.jar:/home/user/.m2/repository/org/glassfish/jersey/containers/jersey-container-servlet/2.27/jersey-container-servlet-2.27.jar:/home/user/.m2/repository/org/glassfish/hk2/guice-bridge/2.5.0/guice-bridge-2.5.0.jar:/home/user/.m2/repository/org/glassfish/jersey/core/jersey-server/2.27/jersey-server-2.27.jar:/home/user/.m2/repository/org/glassfish/jersey/core/jersey-client/2.27/jersey-client-2.27.jar:/home/user/.m2/repository/org/glassfish/jersey/media/jersey-media-jaxb/2.27/jersey-media-jaxb-2.27.jar:/home/user/.m2/repository/javax/validation/validation-api/1.1.0.Final/validation-api-1.1.0.Final.jar:/home/user/.m2/repository/org/glassfish/jersey/media/jersey-media-json-jackson/2.27/jersey-media-json-jackson-2.27.jar:/home/user/.m2/repository/org/glassfish/jersey/ext/jersey-entity-filtering/2.27/jersey-entity-filtering-2.27.jar:/home/user/.m2/repository/com/google/inject/extensions/guice-assistedinject/4.0/guice-assistedinject-4.0.jar:/home/user/.m2/repository/org/jooq/jooq/3.11.10/jooq-3.11.10.jar:/home/user/.m2/repository/org/jooq/jooq-meta/3.11.10/jooq-meta-3.11.10.jar:/home/user/.m2/repository/org/jooq/jooq-codegen/3.11.10/jooq-codegen-3.11.10.jar:/home/user/.m2/repository/com/jolbox/bonecp/0.8.0.RELEASE/bonecp-0.8.0.RELEASE.jar:/home/user/.m2/repository/org/xerial/sqlite-jdbc/3.25.2/sqlite-jdbc-3.25.2.jar:/home/user/.m2/repository/org/springframework/spring-jdbc/5.1.3.RELEASE/spring-jdbc-5.1.3.RELEASE.jar:/home/user/.m2/repository/org/springframework/spring-beans/5.1.3.RELEASE/spring-beans-5.1.3.RELEASE.jar:/home/user/.m2/repository/org/springframework/spring-core/5.1.3.RELEASE/spring-core-5.1.3.RELEASE.jar:/home/user/.m2/repository/org/springframework/spring-jcl/5.1.3.RELEASE/spring-jcl-5.1.3.RELEASE.jar:/home/user/.m2/repository/org/springframework/spring-tx/5.1.3.RELEASE/spring-tx-5.1.3.RELEASE.jar:/home/user/.m2/repository/org/apache/hadoop/hadoop-ozone-client/0.5.0-SNAPSHOT/hadoop-ozone-client-0.5.0-SNAPSHOT.jar:/home/user/.m2/repository/commons-lang/commons-lang/2.6/commons-lang-2.6.jar:/home/user/.m2/repository/org/apache/hadoop/hadoop-ozone-ozone-manager/0.5.0-SNAPSHOT/hadoop-ozone-ozone-manager-0.5.0-SNAPSHOT-tests.jar:/home/user/.m2/repository/junit/junit/4.11/junit-4.11.jar:/home/user/.m2/repository/org/hamcrest/hamcrest-core/1.3/hamcrest-core-1.3.jar:/home/user/.m2/repository/org/openjdk/jmh/jmh-core/1.19/jmh-core-1.19.jar:/home/user/.m2/repository/net/sf/jopt-simple/jopt-simple/4.6/jopt-simple-4.6.jar:/home/user/.m2/repository/org/apache/commons/commons-math3/3.1.1/commons-math3-3.1.1.jar:/home/user/.m2/repository/org/openjdk/jmh/jmh-generator-annprocess/1.19/jmh-generator-annprocess-1.19.jar:/home/user/.m2/repository/org/mockito/mockito-all/1.8.5/mockito-all-1.8.5.jar:/home/user/.m2/repository/org/apache/hadoop/hadoop-kms/3.2.0/hadoop-kms-3.2.0.jar:/home/user/.m2/repository/org/apache/hadoop/hadoop-auth/3.2.0/hadoop-auth-3.2.0.jar:/home/user/.m2/repository/com/nimbusds/nimbus-jose-jwt/4.41.1/nimbus-jose-jwt-4.41.1.jar:/home/user/.m2/repository/com/github/stephenc/jcip/jcip-annotations/1.0-1/jcip-annotations-1.0-1.jar:/home/user/.m2/repository/net/minidev/json-smart/2.3/json-smart-2.3.jar:/home/user/.m2/repository/net/minidev/accessors-smart/1.2/accessors-smart-1.2.jar:/home/user/.m2/repository/org/ow2/asm/asm/5.0.4/asm-5.0.4.jar:/home/user/.m2/repository/org/apache/curator/curator-framework/2.12.0/curator-framework-2.12.0.jar:/home/user/.m2/repository/com/sun/jersey/jersey-core/1.19/jersey-core-1.19.jar:/home/user/.m2/repository/javax/ws/rs/jsr311-api/1.1.1/jsr311-api-1.1.1.jar:/home/user/.m2/repository/com/sun/jersey/jersey-server/1.19/jersey-server-1.19.jar:/home/user/.m2/repository/javax/servlet/javax.servlet-api/3.1.0/javax.servlet-api-3.1.0.jar:/home/user/.m2/repository/org/eclipse/jetty/jetty-server/9.3.25.v20180904/jetty-server-9.3.25.v20180904.jar:/home/user/.m2/repository/org/eclipse/jetty/jetty-http/9.3.25.v20180904/jetty-http-9.3.25.v20180904.jar:/home/user/.m2/repository/org/eclipse/jetty/jetty-io/9.3.25.v20180904/jetty-io-9.3.25.v20180904.jar:/home/user/.m2/repository/org/eclipse/jetty/jetty-webapp/9.3.25.v20180904/jetty-webapp-9.3.25.v20180904.jar:/home/user/.m2/repository/org/eclipse/jetty/jetty-xml/9.3.25.v20180904/jetty-xml-9.3.25.v20180904.jar:/home/user/.m2/repository/log4j/log4j/1.2.17/log4j-1.2.17.jar:/home/user/.m2/repository/org/slf4j/slf4j-api/1.7.25/slf4j-api-1.7.25.jar:/home/user/.m2/repository/org/slf4j/jul-to-slf4j/1.7.25/jul-to-slf4j-1.7.25.jar:/home/user/.m2/repository/org/eclipse/jetty/jetty-util/9.3.25.v20180904/jetty-util-9.3.25.v20180904.jar:/home/user/.m2/repository/com/fasterxml/jackson/core/jackson-databind/2.9.9/jackson-databind-2.9.9.jar:/home/user/.m2/repository/org/apache/hadoop/hadoop-kms/3.2.0/hadoop-kms-3.2.0-tests.jar:/home/user/.m2/repository/org/apache/hadoop/hadoop-hdds-server-scm/0.5.0-SNAPSHOT/hadoop-hdds-server-scm-0.5.0-SNAPSHOT-tests.jar:/home/user/.m2/repository/org/apache/hadoop/hadoop-hdds-container-service/0.5.0-SNAPSHOT/hadoop-hdds-container-service-0.5.0-SNAPSHOT-tests.jar:/home/user/.m2/repository/org/yaml/snakeyaml/1.16/snakeyaml-1.16.jar:/home/user/.m2/repository/org/apache/hadoop/hadoop-common/3.2.0/hadoop-common-3.2.0-tests.jar:/home/user/.m2/repository/org/apache/hadoop/hadoop-annotations/3.2.0/hadoop-annotations-3.2.0.jar:/usr/lib/jvm/java-1.8-openjdk/jre/../lib/tools.jar:/home/user/.m2/repository/commons-cli/commons-cli/1.2/commons-cli-1.2.jar:/home/user/.m2/repository/org/apache/httpcomponents/httpclient/4.5.2/httpclient-4.5.2.jar:/home/user/.m2/repository/org/apache/httpcomponents/httpcore/4.4.4/httpcore-4.4.4.jar:/home/user/.m2/repository/commons-codec/commons-codec/1.11/commons-codec-1.11.jar:/home/user/.m2/repository/commons-net/commons-net/3.6/commons-net-3.6.jar:/home/user/.m2/repository/commons-collections/commons-collections/3.2.2/commons-collections-3.2.2.jar:/home/user/.m2/repository/org/eclipse/jetty/jetty-servlet/9.3.25.v20180904/jetty-servlet-9.3.25.v20180904.jar:/home/user/.m2/repository/org/eclipse/jetty/jetty-security/9.3.25.v20180904/jetty-security-9.3.25.v20180904.jar:/home/user/.m2/repository/javax/servlet/jsp/jsp-api/2.1/jsp-api-2.1.jar:/home/user/.m2/repository/com/sun/jersey/jersey-servlet/1.19/jersey-servlet-1.19.jar:/home/user/.m2/repository/com/sun/jersey/jersey-json/1.19/jersey-json-1.19.jar:/home/user/.m2/repository/org/codehaus/jettison/jettison/1.1/jettison-1.1.jar:/home/user/.m2/repository/org/codehaus/jackson/jackson-core-asl/1.9.13/jackson-core-asl-1.9.13.jar:/home/user/.m2/repository/org/codehaus/jackson/jackson-mapper-asl/1.9.13/jackson-mapper-asl-1.9.13.jar:/home/user/.m2/repository/org/codehaus/jackson/jackson-jaxrs/1.9.13/jackson-jaxrs-1.9.13.jar:/home/user/.m2/repository/org/codehaus/jackson/jackson-xc/1.9.13/jackson-xc-1.9.13.jar:/home/user/.m2/repository/commons-logging/commons-logging/1.1.3/commons-logging-1.1.3.jar:/home/user/.m2/repository/commons-beanutils/commons-beanutils/1.9.4/commons-beanutils-1.9.4.jar:/home/user/.m2/repository/org/apache/commons/commons-configuration2/2.1.1/commons-configuration2-2.1.1.jar:/home/user/.m2/repository/org/apache/commons/commons-lang3/3.7/commons-lang3-3.7.jar:/home/user/.m2/repository/org/apache/commons/commons-text/1.4/commons-text-1.4.jar:/home/user/.m2/repository/org/apache/avro/avro/1.7.7/avro-1.7.7.jar:/home/user/.m2/repository/com/thoughtworks/paranamer/paranamer/2.3/paranamer-2.3.jar:/home/user/.m2/repository/org/xerial/snappy/snappy-java/1.0.5/snappy-java-1.0.5.jar:/home/user/.m2/repository/com/google/re2j/re2j/1.1/re2j-1.1.jar:/home/user/.m2/repository/com/google/code/gson/gson/2.2.4/gson-2.2.4.jar:/home/user/.m2/repository/com/jcraft/jsch/0.1.54/jsch-0.1.54.jar:/home/user/.m2/repository/org/apache/curator/curator-client/2.12.0/curator-client-2.12.0.jar:/home/user/.m2/repository/org/apache/curator/curator-recipes/2.12.0/curator-recipes-2.12.0.jar:/home/user/.m2/repository/com/google/code/findbugs/jsr305/3.0.0/jsr305-3.0.0.jar:/home/user/.m2/repository/org/apache/htrace/htrace-core4/4.1.0-incubating/htrace-core4-4.1.0-incubating.jar:/home/user/.m2/repository/org/apache/zookeeper/zookeeper/3.4.13/zookeeper-3.4.13.jar:/home/user/.m2/repository/jline/jline/0.9.94/jline-0.9.94.jar:/home/user/.m2/repository/org/apache/yetus/audience-annotations/0.5.0/audience-annotations-0.5.0.jar:/home/user/.m2/repository/org/codehaus/woodstox/stax2-api/3.1.4/stax2-api-3.1.4.jar:/home/user/.m2/repository/com/fasterxml/woodstox/woodstox-core/5.0.3/woodstox-core-5.0.3.jar:/home/user/.m2/repository/dnsjava/dnsjava/2.1.7/dnsjava-2.1.7.jar:/home/user/.m2/repository/org/apache/hadoop/hadoop-hdfs/3.2.0/hadoop-hdfs-3.2.0-tests.jar:/home/user/.m2/repository/org/eclipse/jetty/jetty-util-ajax/9.3.25.v20180904/jetty-util-ajax-9.3.25.v20180904.jar:/home/user/.m2/repository/commons-daemon/commons-daemon/1.0.13/commons-daemon-1.0.13.jar:/home/user/.m2/repository/io/netty/netty/3.10.5.Final/netty-3.10.5.Final.jar:/home/user/.m2/repository/io/netty/netty-all/4.0.52.Final/netty-all-4.0.52.Final.jar:/home/user/.m2/repository/org/fusesource/leveldbjni/leveldbjni-all/1.8/leveldbjni-all-1.8.jar:"/>
    <property name="sun.cpu.endian" value="little"/>
    <property name="user.home" value="/home/user"/>
    <property name="user.language" value="en"/>
    <property name="java.specification.vendor" value="Oracle Corporation"/>
    <property name="java.home" value="/usr/lib/jvm/java-1.8-openjdk/jre"/>
    <property name="java.security.krb5.conf" value="/workdir/hadoop-ozone/integration-test/target/test-classes/krb5.conf"/>
    <property name="basedir" value="/workdir/hadoop-ozone/integration-test"/>
    <property name="file.separator" value="/"/>
    <property name="line.separator" value="&#10;"/>
    <property name="java.vm.specification.vendor" value="Oracle Corporation"/>
    <property name="java.specification.name" value="Java Platform API Specification"/>
    <property name="java.awt.graphicsenv" value="sun.awt.X11GraphicsEnvironment"/>
    <property name="surefire.real.class.path" value="/workdir/hadoop-ozone/integration-test/target/surefire/surefirebooter641931206680006583.jar"/>
    <property name="hadoop.log.dir" value="/workdir/hadoop-ozone/integration-test/target/log"/>
    <property name="sun.boot.class.path" value="/usr/lib/jvm/java-1.8-openjdk/jre/lib/resources.jar:/usr/lib/jvm/java-1.8-openjdk/jre/lib/rt.jar:/usr/lib/jvm/java-1.8-openjdk/jre/lib/sunrsasign.jar:/usr/lib/jvm/java-1.8-openjdk/jre/lib/jsse.jar:/usr/lib/jvm/java-1.8-openjdk/jre/lib/jce.jar:/usr/lib/jvm/java-1.8-openjdk/jre/lib/charsets.jar:/usr/lib/jvm/java-1.8-openjdk/jre/lib/jfr.jar:/usr/lib/jvm/java-1.8-openjdk/jre/classes"/>
    <property name="sun.management.compiler" value="HotSpot 64-Bit Tiered Compilers"/>
    <property name="java.runtime.version" value="1.8.0_212-b04"/>
    <property name="java.net.preferIPv4Stack" value="true"/>
    <property name="user.name" value="jenkins1000"/>
    <property name="path.separator" value=":"/>
    <property name="java.security.egd" value="file:///dev/urandom"/>
    <property name="os.version" value="3.10.0-957.12.2.el7.x86_64"/>
    <property name="java.endorsed.dirs" value="/usr/lib/jvm/java-1.8-openjdk/jre/lib/endorsed"/>
    <property name="java.runtime.name" value="OpenJDK Runtime Environment"/>
    <property name="file.encoding" value="UTF-8"/>
    <property name="java.vm.name" value="OpenJDK 64-Bit Server VM"/>
    <property name="test.build.webapps" value=""/>
    <property name="localRepository" value="/home/user/.m2/repository"/>
    <property name="java.vendor.url.bug" value="https://icedtea.classpath.org/bugzilla"/>
    <property name="java.io.tmpdir" value="/tmp"/>
    <property name="require.test.libhadoop" value=""/>
    <property name="java.version" value="1.8.0_212"/>
    <property name="user.dir" value="/workdir/hadoop-ozone/integration-test"/>
    <property name="os.arch" value="amd64"/>
    <property name="java.vm.specification.name" value="Java Virtual Machine Specification"/>
    <property name="test.build.classes" value="/workdir/hadoop-ozone/integration-test/target/test-classes"/>
    <property name="java.awt.printerjob" value="sun.print.PSPrinterJob"/>
    <property name="sun.os.patch.level" value="unknown"/>
    <property name="hadoop.tmp.dir" value="/workdir/hadoop-ozone/integration-test/target/tmp"/>
    <property name="java.library.path" value="/usr/lib/jvm/java-1.8-openjdk/jre/lib/amd64/server:/usr/lib/jvm/java-1.8-openjdk/jre/lib/amd64:/usr/lib/jvm/java-1.8-openjdk/jre/../lib/amd64:/workdir/hadoop-ozone/integration-test/target/native/target/usr/local/lib:/workdir/hadoop-ozone/integration-test/../../hadoop-common-project/hadoop-common/target/native/target/usr/local/lib:/usr/java/packages/lib/amd64:/usr/lib64:/lib64:/lib:/usr/lib"/>
    <property name="java.vm.info" value="mixed mode"/>
    <property name="java.vendor" value="IcedTea"/>
    <property name="java.vm.version" value="25.212-b04"/>
    <property name="java.ext.dirs" value="/usr/lib/jvm/java-1.8-openjdk/jre/lib/ext:/usr/java/packages/lib/ext"/>
    <property name="sun.io.unicode.encoding" value="UnicodeLittle"/>
    <property name="java.class.version" value="52.0"/>
  </properties>
  <testcase name="testPipelineCloseWithPipelineAction" classname="org.apache.hadoop.hdds.scm.pipeline.TestPipelineClose" time="21.743">
    <error message="Could not allocate container. Cannot get any matching pipeline for Type:RATIS, Factor:THREE, State:PipelineState.OPEN" type="java.io.IOException">java.io.IOException: Could not allocate container. Cannot get any matching pipeline for Type:RATIS, Factor:THREE, State:PipelineState.OPEN
	at org.apache.hadoop.hdds.scm.container.ContainerStateManager.allocateContainer(ContainerStateManager.java:260)
	at org.apache.hadoop.hdds.scm.container.SCMContainerManager.allocateContainer(SCMContainerManager.java:247)
	at org.apache.hadoop.hdds.scm.pipeline.TestPipelineClose.init(TestPipelineClose.java:92)
	at sun.reflect.NativeMethodAccessorImpl.invoke0(Native Method)
	at sun.reflect.NativeMethodAccessorImpl.invoke(NativeMethodAccessorImpl.java:62)
	at sun.reflect.DelegatingMethodAccessorImpl.invoke(DelegatingMethodAccessorImpl.java:43)
	at java.lang.reflect.Method.invoke(Method.java:498)
	at org.junit.runners.model.FrameworkMethod$1.runReflectiveCall(FrameworkMethod.java:47)
	at org.junit.internal.runners.model.ReflectiveCallable.run(ReflectiveCallable.java:12)
	at org.junit.runners.model.FrameworkMethod.invokeExplosively(FrameworkMethod.java:44)
	at org.junit.internal.runners.statements.RunBefores.evaluate(RunBefores.java:24)
	at org.junit.internal.runners.statements.RunAfters.evaluate(RunAfters.java:27)
	at org.junit.runners.ParentRunner.runLeaf(ParentRunner.java:271)
	at org.junit.runners.BlockJUnit4ClassRunner.runChild(BlockJUnit4ClassRunner.java:70)
	at org.junit.runners.BlockJUnit4ClassRunner.runChild(BlockJUnit4ClassRunner.java:50)
	at org.junit.runners.ParentRunner$3.run(ParentRunner.java:238)
	at org.junit.runners.ParentRunner$1.schedule(ParentRunner.java:63)
	at org.junit.runners.ParentRunner.runChildren(ParentRunner.java:236)
	at org.junit.runners.ParentRunner.access$000(ParentRunner.java:53)
	at org.junit.runners.ParentRunner$2.evaluate(ParentRunner.java:229)
	at org.junit.runners.ParentRunner.run(ParentRunner.java:309)
	at org.apache.maven.surefire.junit4.JUnit4Provider.execute(JUnit4Provider.java:365)
	at org.apache.maven.surefire.junit4.JUnit4Provider.executeWithRerun(JUnit4Provider.java:273)
	at org.apache.maven.surefire.junit4.JUnit4Provider.executeTestSet(JUnit4Provider.java:238)
	at org.apache.maven.surefire.junit4.JUnit4Provider.invoke(JUnit4Provider.java:159)
	at org.apache.maven.surefire.booter.ForkedBooter.invokeProviderInSameClassLoader(ForkedBooter.java:384)
	at org.apache.maven.surefire.booter.ForkedBooter.runSuitesInProcess(ForkedBooter.java:345)
	at org.apache.maven.surefire.booter.ForkedBooter.execute(ForkedBooter.java:126)
	at org.apache.maven.surefire.booter.ForkedBooter.main(ForkedBooter.java:418)
</error>
    <system-out><![CDATA[2019-09-26 13:13:53,924 [main] WARN  server.ServerUtils (ServerUtils.java:getScmDbDir(145)) - ozone.scm.db.dirs is not configured. We recommend adding this setting. Falling back to ozone.metadata.dirs instead.
2019-09-26 13:13:54,088 [main] WARN  server.ServerUtils (ServerUtils.java:getScmDbDir(145)) - ozone.scm.db.dirs is not configured. We recommend adding this setting. Falling back to ozone.metadata.dirs instead.
2019-09-26 13:13:54,092 [main] WARN  server.ServerUtils (ServerUtils.java:getScmDbDir(145)) - ozone.scm.db.dirs is not configured. We recommend adding this setting. Falling back to ozone.metadata.dirs instead.
2019-09-26 13:13:54,110 [main] INFO  util.log (Log.java:initialized(192)) - Logging initialized @905ms
2019-09-26 13:13:54,212 [main] INFO  db.DBStoreBuilder (DBStoreBuilder.java:addTable(110)) - using custom profile for table: deletedBlocks
2019-09-26 13:13:54,212 [main] INFO  db.DBStoreBuilder (DBStoreBuilder.java:processTables(161)) - Using default column profile:DBProfile.DISK for Table:deletedBlocks
2019-09-26 13:13:54,213 [main] INFO  db.DBStoreBuilder (DBStoreBuilder.java:addTable(110)) - using custom profile for table: validCerts
2019-09-26 13:13:54,213 [main] INFO  db.DBStoreBuilder (DBStoreBuilder.java:processTables(161)) - Using default column profile:DBProfile.DISK for Table:validCerts
2019-09-26 13:13:54,213 [main] INFO  db.DBStoreBuilder (DBStoreBuilder.java:addTable(110)) - using custom profile for table: revokedCerts
2019-09-26 13:13:54,214 [main] INFO  db.DBStoreBuilder (DBStoreBuilder.java:processTables(161)) - Using default column profile:DBProfile.DISK for Table:revokedCerts
2019-09-26 13:13:54,226 [main] INFO  db.DBStoreBuilder (DBStoreBuilder.java:addTable(110)) - using custom profile for table: default
2019-09-26 13:13:54,226 [main] INFO  db.DBStoreBuilder (DBStoreBuilder.java:processTables(167)) - Using default column profile:DBProfile.DISK for Table:default
2019-09-26 13:13:54,227 [main] INFO  db.DBStoreBuilder (DBStoreBuilder.java:getDbProfile(198)) - Using default options. DBProfile.DISK
2019-09-26 13:13:54,445 [main] INFO  net.NodeSchemaLoader (NodeSchemaLoader.java:loadSchemaFromFile(125)) - Loading file from sun.misc.CompoundEnumeration@78691363
2019-09-26 13:13:54,447 [main] INFO  net.NodeSchemaLoader (NodeSchemaLoader.java:loadSchema(171)) - Loading network topology layer schema file
2019-09-26 13:13:54,520 [main] WARN  server.ServerUtils (ServerUtils.java:sanitizeUserArgs(70)) - ozone.scm.stale.node.interval value = 300000 is larger than max = 100000 based on the key value of ozone.scm.heartbeat.thread.interval, reset to the max value 100000.
2019-09-26 13:13:54,522 [main] WARN  server.ServerUtils (ServerUtils.java:sanitizeUserArgs(70)) - ozone.scm.stale.node.interval value = 300000 is larger than max = 100000 based on the key value of ozone.scm.heartbeat.thread.interval, reset to the max value 100000.
2019-09-26 13:13:54,524 [main] INFO  node.SCMNodeManager (SCMNodeManager.java:<init>(114)) - Entering startup safe mode.
2019-09-26 13:13:54,614 [main] INFO  algorithms.ContainerPlacementPolicyFactory (ContainerPlacementPolicyFactory.java:getPolicy(59)) - Create container placement policy of type org.apache.hadoop.hdds.scm.container.placement.algorithms.SCMContainerPlacementRandom
2019-09-26 13:13:54,636 [main] WARN  server.ServerUtils (ServerUtils.java:getScmDbDir(145)) - ozone.scm.db.dirs is not configured. We recommend adding this setting. Falling back to ozone.metadata.dirs instead.
2019-09-26 13:13:54,700 [main] INFO  pipeline.SCMPipelineManager (SCMPipelineManager.java:initializePipelineState(132)) - No pipeline exists in current db
2019-09-26 13:13:54,702 [main] WARN  server.ServerUtils (ServerUtils.java:getScmDbDir(145)) - ozone.scm.db.dirs is not configured. We recommend adding this setting. Falling back to ozone.metadata.dirs instead.
2019-09-26 13:13:54,804 [main] WARN  events.EventQueue (EventQueue.java:fireEvent(183)) - No event handler registered for event TypedEvent{payloadType=SafeModeStatus, name='SafeModeStatus'}
2019-09-26 13:13:55,168 [main] INFO  ipc.CallQueueManager (CallQueueManager.java:<init>(84)) - Using callQueue: class java.util.concurrent.LinkedBlockingQueue, queueCapacity: 2000, scheduler: class org.apache.hadoop.ipc.DefaultRpcScheduler, ipcBackoff: false.
2019-09-26 13:13:55,194 [Socket Reader #1 for port 44534] INFO  ipc.Server (Server.java:run(1074)) - Starting Socket Reader #1 for port 44534
2019-09-26 13:13:55,337 [main] INFO  ipc.CallQueueManager (CallQueueManager.java:<init>(84)) - Using callQueue: class java.util.concurrent.LinkedBlockingQueue, queueCapacity: 2000, scheduler: class org.apache.hadoop.ipc.DefaultRpcScheduler, ipcBackoff: false.
2019-09-26 13:13:55,338 [Socket Reader #1 for port 34801] INFO  ipc.Server (Server.java:run(1074)) - Starting Socket Reader #1 for port 34801
2019-09-26 13:13:55,347 [main] INFO  ipc.CallQueueManager (CallQueueManager.java:<init>(84)) - Using callQueue: class java.util.concurrent.LinkedBlockingQueue, queueCapacity: 2000, scheduler: class org.apache.hadoop.ipc.DefaultRpcScheduler, ipcBackoff: false.
2019-09-26 13:13:55,348 [Socket Reader #1 for port 40485] INFO  ipc.Server (Server.java:run(1074)) - Starting Socket Reader #1 for port 40485
2019-09-26 13:13:55,371 [main] INFO  hdfs.DFSUtil (DFSUtil.java:httpServerTemplateForNNAndJN(1641)) - Starting Web-server for scm at: http://0.0.0.0:0
2019-09-26 13:13:55,547 [main] INFO  server.AuthenticationFilter (AuthenticationFilter.java:constructSecretProvider(240)) - Unable to initialize FileSignerSecretProvider, falling back to use random secrets.
2019-09-26 13:13:55,556 [main] WARN  http.HttpRequestLog (HttpRequestLog.java:getRequestLog(97)) - Jetty request log can only be enabled using Log4j
2019-09-26 13:13:55,565 [main] INFO  http.HttpServer2 (HttpServer2.java:addGlobalFilter(975)) - Added global filter 'safety' (class=org.apache.hadoop.http.HttpServer2$QuotingInputFilter)
2019-09-26 13:13:55,568 [main] INFO  http.HttpServer2 (HttpServer2.java:addFilter(948)) - Added filter static_user_filter (class=org.apache.hadoop.http.lib.StaticUserWebFilter$StaticUserFilter) to context scm
2019-09-26 13:13:55,568 [main] INFO  http.HttpServer2 (HttpServer2.java:addFilter(958)) - Added filter static_user_filter (class=org.apache.hadoop.http.lib.StaticUserWebFilter$StaticUserFilter) to context static
2019-09-26 13:13:55,568 [main] INFO  http.HttpServer2 (HttpServer2.java:addFilter(958)) - Added filter static_user_filter (class=org.apache.hadoop.http.lib.StaticUserWebFilter$StaticUserFilter) to context logs
2019-09-26 13:13:55,604 [main] INFO  server.StorageContainerManager (StorageContainerManager.java:start(770)) - StorageContainerLocationProtocol RPC server is listening at /0.0.0.0:40485
2019-09-26 13:13:55,682 [main] WARN  impl.MetricsConfig (MetricsConfig.java:loadFirst(134)) - Cannot locate configuration: tried hadoop-metrics2-storagecontainermanager.properties,hadoop-metrics2.properties
2019-09-26 13:13:55,697 [main] INFO  impl.MetricsSystemImpl (MetricsSystemImpl.java:startTimer(374)) - Scheduled Metric snapshot period at 10 second(s).
2019-09-26 13:13:55,697 [main] INFO  impl.MetricsSystemImpl (MetricsSystemImpl.java:start(191)) - StorageContainerManager metrics system started
2019-09-26 13:13:55,956 [main] INFO  server.SCMClientProtocolServer (SCMClientProtocolServer.java:start(151)) - RPC server for Client  is listening at /0.0.0.0:40485
2019-09-26 13:13:55,956 [IPC Server Responder] INFO  ipc.Server (Server.java:run(1314)) - IPC Server Responder: starting
2019-09-26 13:13:55,956 [IPC Server listener on 40485] INFO  ipc.Server (Server.java:run(1153)) - IPC Server listener on 40485: starting
2019-09-26 13:13:55,959 [main] INFO  server.StorageContainerManager (StorageContainerManager.java:start(780)) - ScmBlockLocationProtocol RPC server is listening at /0.0.0.0:34801
2019-09-26 13:13:55,960 [main] INFO  server.SCMBlockProtocolServer (SCMBlockProtocolServer.java:start(146)) - RPC server for Block Protocol is listening at /0.0.0.0:34801
2019-09-26 13:13:55,961 [IPC Server listener on 34801] INFO  ipc.Server (Server.java:run(1153)) - IPC Server listener on 34801: starting
2019-09-26 13:13:55,961 [IPC Server Responder] INFO  ipc.Server (Server.java:run(1314)) - IPC Server Responder: starting
2019-09-26 13:13:55,963 [main] INFO  server.StorageContainerManager (StorageContainerManager.java:start(784)) - ScmDatanodeProtocl RPC server is listening at /0.0.0.0:44534
2019-09-26 13:13:55,963 [main] INFO  server.SCMDatanodeProtocolServer (SCMDatanodeProtocolServer.java:start(191)) - RPC server for DataNodes is listening at /0.0.0.0:44534
2019-09-26 13:13:55,964 [IPC Server Responder] INFO  ipc.Server (Server.java:run(1314)) - IPC Server Responder: starting
2019-09-26 13:13:55,964 [IPC Server listener on 44534] INFO  ipc.Server (Server.java:run(1153)) - IPC Server listener on 44534: starting
2019-09-26 13:13:55,968 [main] INFO  http.HttpServer2 (HttpServer2.java:bindListener(1191)) - Jetty bound to port 41941
2019-09-26 13:13:55,970 [main] INFO  server.Server (Server.java:doStart(351)) - jetty-9.3.25.v20180904, build timestamp: 2018-09-04T21:11:46Z, git hash: 3ce520221d0240229c862b122d2b06c12a625732
2019-09-26 13:13:56,009 [main] INFO  handler.ContextHandler (ContextHandler.java:doStart(781)) - Started o.e.j.s.ServletContextHandler@6b00f608{/logs,file:///workdir/hadoop-ozone/integration-test/target/log,AVAILABLE}
2019-09-26 13:13:56,010 [main] INFO  handler.ContextHandler (ContextHandler.java:doStart(781)) - Started o.e.j.s.ServletContextHandler@3e821657{/static,file:///workdir/hadoop-ozone/integration-test/target/test-classes/webapps/static,AVAILABLE}
2019-09-26 13:13:56,058 [main] INFO  handler.ContextHandler (ContextHandler.java:doStart(781)) - Started o.e.j.w.WebAppContext@6928f576{/,file:///workdir/hadoop-ozone/integration-test/target/test-classes/webapps/scm/,AVAILABLE}{/scm}
2019-09-26 13:13:56,068 [main] INFO  server.AbstractConnector (AbstractConnector.java:doStart(278)) - Started ServerConnector@548e76f1{HTTP/1.1,[http/1.1]}{0.0.0.0:41941}
2019-09-26 13:13:56,069 [main] INFO  server.Server (Server.java:doStart(419)) - Started @2864ms
2019-09-26 13:13:56,073 [main] INFO  impl.MetricsSinkAdapter (MetricsSinkAdapter.java:start(204)) - Sink prometheus started
2019-09-26 13:13:56,073 [main] INFO  impl.MetricsSystemImpl (MetricsSystemImpl.java:registerSink(301)) - Registered sink prometheus
2019-09-26 13:13:56,075 [main] INFO  server.BaseHttpServer (BaseHttpServer.java:updateConnectorAddress(215)) - HTTP server of SCM is listening at http://0.0.0.0:41941
2019-09-26 13:13:56,082 [org.apache.hadoop.util.JvmPauseMonitor$Monitor@73511076] INFO  util.JvmPauseMonitor (JvmPauseMonitor.java:run(188)) - Starting JVM pause monitor
2019-09-26 13:13:56,087 [main] WARN  server.ServerUtils (ServerUtils.java:getDBPath(222)) - ozone.om.db.dirs is not configured. We recommend adding this setting. Falling back to ozone.metadata.dirs instead.
2019-09-26 13:13:56,214 [main] WARN  server.ServerUtils (ServerUtils.java:getDBPath(222)) - ozone.om.db.dirs is not configured. We recommend adding this setting. Falling back to ozone.metadata.dirs instead.
2019-09-26 13:13:56,215 [main] WARN  server.ServerUtils (ServerUtils.java:getDBPath(222)) - ozone.om.db.dirs is not configured. We recommend adding this setting. Falling back to ozone.metadata.dirs instead.
2019-09-26 13:13:56,216 [main] INFO  om.OzoneManager (OzoneManager.java:setOMNodeDetails(652)) - OM Service ID is not set. Setting it to the default ID: omServiceIdDefault
2019-09-26 13:13:56,216 [main] INFO  om.OzoneManager (OzoneManager.java:setOMNodeDetails(658)) - OM Node ID is not set. Setting it to the OmStorage's OmID: 48ad1675-a19c-49d9-9ab8-d3e49b58df7d
2019-09-26 13:13:56,218 [main] INFO  om.OzoneManager (OzoneManager.java:loadOMHAConfigs(609)) - Found matching OM address with OMServiceId: null, OMNodeId: null, RPC Address: localhost:0 and Ratis port: 9872
2019-09-26 13:13:56,999 [main] WARN  server.ServerUtils (ServerUtils.java:getDBPath(222)) - ozone.om.db.dirs is not configured. We recommend adding this setting. Falling back to ozone.metadata.dirs instead.
2019-09-26 13:13:57,007 [main] INFO  db.DBStoreBuilder (DBStoreBuilder.java:addTable(110)) - using custom profile for table: userTable
2019-09-26 13:13:57,008 [main] INFO  db.DBStoreBuilder (DBStoreBuilder.java:processTables(161)) - Using default column profile:DBProfile.DISK for Table:userTable
2019-09-26 13:13:57,008 [main] INFO  db.DBStoreBuilder (DBStoreBuilder.java:addTable(110)) - using custom profile for table: volumeTable
2019-09-26 13:13:57,008 [main] INFO  db.DBStoreBuilder (DBStoreBuilder.java:processTables(161)) - Using default column profile:DBProfile.DISK for Table:volumeTable
2019-09-26 13:13:57,009 [main] INFO  db.DBStoreBuilder (DBStoreBuilder.java:addTable(110)) - using custom profile for table: bucketTable
2019-09-26 13:13:57,009 [main] INFO  db.DBStoreBuilder (DBStoreBuilder.java:processTables(161)) - Using default column profile:DBProfile.DISK for Table:bucketTable
2019-09-26 13:13:57,009 [main] INFO  db.DBStoreBuilder (DBStoreBuilder.java:addTable(110)) - using custom profile for table: keyTable
2019-09-26 13:13:57,009 [main] INFO  db.DBStoreBuilder (DBStoreBuilder.java:processTables(161)) - Using default column profile:DBProfile.DISK for Table:keyTable
2019-09-26 13:13:57,010 [main] INFO  db.DBStoreBuilder (DBStoreBuilder.java:addTable(110)) - using custom profile for table: deletedTable
2019-09-26 13:13:57,010 [main] INFO  db.DBStoreBuilder (DBStoreBuilder.java:processTables(161)) - Using default column profile:DBProfile.DISK for Table:deletedTable
2019-09-26 13:13:57,010 [main] INFO  db.DBStoreBuilder (DBStoreBuilder.java:addTable(110)) - using custom profile for table: openKeyTable
2019-09-26 13:13:57,010 [main] INFO  db.DBStoreBuilder (DBStoreBuilder.java:processTables(161)) - Using default column profile:DBProfile.DISK for Table:openKeyTable
2019-09-26 13:13:57,011 [main] INFO  db.DBStoreBuilder (DBStoreBuilder.java:addTable(110)) - using custom profile for table: s3Table
2019-09-26 13:13:57,011 [main] INFO  db.DBStoreBuilder (DBStoreBuilder.java:processTables(161)) - Using default column profile:DBProfile.DISK for Table:s3Table
2019-09-26 13:13:57,011 [main] INFO  db.DBStoreBuilder (DBStoreBuilder.java:addTable(110)) - using custom profile for table: multipartInfoTable
2019-09-26 13:13:57,011 [main] INFO  db.DBStoreBuilder (DBStoreBuilder.java:processTables(161)) - Using default column profile:DBProfile.DISK for Table:multipartInfoTable
2019-09-26 13:13:57,011 [main] INFO  db.DBStoreBuilder (DBStoreBuilder.java:addTable(110)) - using custom profile for table: dTokenTable
2019-09-26 13:13:57,012 [main] INFO  db.DBStoreBuilder (DBStoreBuilder.java:processTables(161)) - Using default column profile:DBProfile.DISK for Table:dTokenTable
2019-09-26 13:13:57,012 [main] INFO  db.DBStoreBuilder (DBStoreBuilder.java:addTable(110)) - using custom profile for table: s3SecretTable
2019-09-26 13:13:57,012 [main] INFO  db.DBStoreBuilder (DBStoreBuilder.java:processTables(161)) - Using default column profile:DBProfile.DISK for Table:s3SecretTable
2019-09-26 13:13:57,012 [main] INFO  db.DBStoreBuilder (DBStoreBuilder.java:addTable(110)) - using custom profile for table: prefixTable
2019-09-26 13:13:57,013 [main] INFO  db.DBStoreBuilder (DBStoreBuilder.java:processTables(161)) - Using default column profile:DBProfile.DISK for Table:prefixTable
2019-09-26 13:13:57,013 [main] INFO  db.DBStoreBuilder (DBStoreBuilder.java:addTable(110)) - using custom profile for table: default
2019-09-26 13:13:57,013 [main] INFO  db.DBStoreBuilder (DBStoreBuilder.java:processTables(167)) - Using default column profile:DBProfile.DISK for Table:default
2019-09-26 13:13:57,013 [main] INFO  db.DBStoreBuilder (DBStoreBuilder.java:getDbProfile(198)) - Using default options. DBProfile.DISK
2019-09-26 13:13:57,606 [main] INFO  ipc.CallQueueManager (CallQueueManager.java:<init>(84)) - Using callQueue: class java.util.concurrent.LinkedBlockingQueue, queueCapacity: 2000, scheduler: class org.apache.hadoop.ipc.DefaultRpcScheduler, ipcBackoff: false.
2019-09-26 13:13:57,608 [Socket Reader #1 for port 36023] INFO  ipc.Server (Server.java:run(1074)) - Starting Socket Reader #1 for port 36023
2019-09-26 13:13:57,631 [main] INFO  om.OzoneManager (OzoneManager.java:start(1243)) - OzoneManager RPC server is listening at localhost/127.0.0.1:36023
2019-09-26 13:13:57,632 [main] INFO  impl.MetricsSystemImpl (MetricsSystemImpl.java:init(158)) - OzoneManager metrics system started (again)
2019-09-26 13:13:57,633 [IPC Server Responder] INFO  ipc.Server (Server.java:run(1314)) - IPC Server Responder: starting
2019-09-26 13:13:57,633 [IPC Server listener on 36023] INFO  ipc.Server (Server.java:run(1153)) - IPC Server listener on 36023: starting
2019-09-26 13:13:57,638 [main] INFO  hdfs.DFSUtil (DFSUtil.java:httpServerTemplateForNNAndJN(1641)) - Starting Web-server for ozoneManager at: http://0.0.0.0:0
2019-09-26 13:13:57,640 [main] INFO  server.AuthenticationFilter (AuthenticationFilter.java:constructSecretProvider(240)) - Unable to initialize FileSignerSecretProvider, falling back to use random secrets.
2019-09-26 13:13:57,641 [main] WARN  http.HttpRequestLog (HttpRequestLog.java:getRequestLog(97)) - Jetty request log can only be enabled using Log4j
2019-09-26 13:13:57,644 [main] INFO  http.HttpServer2 (HttpServer2.java:addGlobalFilter(975)) - Added global filter 'safety' (class=org.apache.hadoop.http.HttpServer2$QuotingInputFilter)
2019-09-26 13:13:57,645 [main] INFO  http.HttpServer2 (HttpServer2.java:addFilter(948)) - Added filter static_user_filter (class=org.apache.hadoop.http.lib.StaticUserWebFilter$StaticUserFilter) to context ozoneManager
2019-09-26 13:13:57,645 [main] INFO  http.HttpServer2 (HttpServer2.java:addFilter(958)) - Added filter static_user_filter (class=org.apache.hadoop.http.lib.StaticUserWebFilter$StaticUserFilter) to context static
2019-09-26 13:13:57,645 [main] INFO  http.HttpServer2 (HttpServer2.java:addFilter(958)) - Added filter static_user_filter (class=org.apache.hadoop.http.lib.StaticUserWebFilter$StaticUserFilter) to context logs
2019-09-26 13:13:57,648 [main] INFO  http.HttpServer2 (HttpServer2.java:bindListener(1191)) - Jetty bound to port 43957
2019-09-26 13:13:57,648 [main] INFO  server.Server (Server.java:doStart(351)) - jetty-9.3.25.v20180904, build timestamp: 2018-09-04T21:11:46Z, git hash: 3ce520221d0240229c862b122d2b06c12a625732
2019-09-26 13:13:57,650 [main] INFO  handler.ContextHandler (ContextHandler.java:doStart(781)) - Started o.e.j.s.ServletContextHandler@15923407{/logs,file:///workdir/hadoop-ozone/integration-test/target/log,AVAILABLE}
2019-09-26 13:13:57,651 [main] INFO  handler.ContextHandler (ContextHandler.java:doStart(781)) - Started o.e.j.s.ServletContextHandler@57540fd0{/static,file:///workdir/hadoop-ozone/integration-test/target/test-classes/webapps/static,AVAILABLE}
2019-09-26 13:13:57,657 [main] INFO  handler.ContextHandler (ContextHandler.java:doStart(781)) - Started o.e.j.w.WebAppContext@5b22b970{/,file:///workdir/hadoop-ozone/integration-test/target/test-classes/webapps/ozoneManager/,AVAILABLE}{/ozoneManager}
2019-09-26 13:13:57,658 [main] INFO  server.AbstractConnector (AbstractConnector.java:doStart(278)) - Started ServerConnector@22d1886d{HTTP/1.1,[http/1.1]}{0.0.0.0:43957}
2019-09-26 13:13:57,658 [main] INFO  server.Server (Server.java:doStart(419)) - Started @4453ms
2019-09-26 13:13:57,659 [main] WARN  impl.MetricsSystemImpl (MetricsSystemImpl.java:register(276)) - Sink prometheus already exists!
2019-09-26 13:13:57,660 [main] INFO  server.BaseHttpServer (BaseHttpServer.java:updateConnectorAddress(215)) - HTTP server of OZONEMANAGER is listening at http://0.0.0.0:43957
2019-09-26 13:13:57,949 [main] INFO  impl.MetricsSystemImpl (MetricsSystemImpl.java:init(158)) - HddsDatanode metrics system started (again)
2019-09-26 13:13:58,012 [main] INFO  ozone.HddsDatanodeService (HddsDatanodeService.java:start(184)) - HddsDatanodeService host:pr-hdds-1569-87zkn-1081879488 ip:192.168.164.238
2019-09-26 13:13:58,192 [main] INFO  volume.HddsVolume (HddsVolume.java:<init>(176)) - Creating Volume: /workdir/hadoop-ozone/integration-test/target/test-dir/MiniOzoneClusterImpl-ed2f9e77-5d43-4f59-afa0-64bc0fdbaca5/datanode-0/data/containers/hdds of  storage type : DISK and capacity : 1482555576320
2019-09-26 13:13:58,195 [main] INFO  volume.VolumeSet (VolumeSet.java:initializeVolumeSet(170)) - Added Volume : /workdir/hadoop-ozone/integration-test/target/test-dir/MiniOzoneClusterImpl-ed2f9e77-5d43-4f59-afa0-64bc0fdbaca5/datanode-0/data/containers/hdds to VolumeSet
2019-09-26 13:13:58,199 [main] INFO  volume.ThrottledAsyncChecker (ThrottledAsyncChecker.java:schedule(139)) - Scheduling a check for org.apache.hadoop.ozone.container.common.volume.HddsVolume@53ac845a
2019-09-26 13:13:58,217 [main] INFO  volume.HddsVolumeChecker (HddsVolumeChecker.java:checkAllVolumes(202)) - Scheduled health check for volume org.apache.hadoop.ozone.container.common.volume.HddsVolume@53ac845a
2019-09-26 13:13:58,340 [main] INFO  impl.RaftServerProxy (ConfUtils.java:logGet(43)) - raft.rpc.type = GRPC (default)
2019-09-26 13:13:58,413 [main] INFO  grpc.GrpcFactory (GrpcFactory.java:checkPooledByteBufAllocatorUseCacheForAllThreads(45)) - PERFORMANCE WARNING: useCacheForAllThreads is true that may cause Netty to create a lot garbage objects and, as a result, trigger GC.
	It is recommended to disable useCacheForAllThreads by setting -Dorg.apache.ratis.thirdparty.io.netty.allocator.useCacheForAllThreads=false in command line.
2019-09-26 13:13:58,420 [main] INFO  grpc.GrpcConfigKeys$Server (ConfUtils.java:logGet(43)) - raft.grpc.server.port = 0 (default)
2019-09-26 13:13:58,422 [main] INFO  server.GrpcService (ConfUtils.java:logGet(43)) - raft.grpc.message.size.max = 33570816 (custom)
2019-09-26 13:13:58,424 [main] INFO  server.RaftServerConfigKeys (ConfUtils.java:logGet(43)) - raft.server.log.appender.buffer.byte-limit = 33554432 (custom)
2019-09-26 13:13:58,425 [main] INFO  server.GrpcService (ConfUtils.java:logGet(43)) - raft.grpc.flow.control.window = 1MB (=1048576) (default)
2019-09-26 13:13:58,426 [main] INFO  server.RaftServerConfigKeys (ConfUtils.java:logGet(43)) - raft.server.rpc.request.timeout = 3000ms (default)
2019-09-26 13:13:58,629 [main] INFO  server.RaftServerConfigKeys (ConfUtils.java:logGet(43)) - raft.server.storage.dir = [/workdir/hadoop-ozone/integration-test/target/test-dir/MiniOzoneClusterImpl-ed2f9e77-5d43-4f59-afa0-64bc0fdbaca5/datanode-0/data/ratis] (custom)
2019-09-26 13:13:58,708 [main] INFO  hdfs.DFSUtil (DFSUtil.java:httpServerTemplateForNNAndJN(1641)) - Starting Web-server for hddsDatanode at: http://0.0.0.0:0
2019-09-26 13:13:58,711 [main] INFO  server.AuthenticationFilter (AuthenticationFilter.java:constructSecretProvider(240)) - Unable to initialize FileSignerSecretProvider, falling back to use random secrets.
2019-09-26 13:13:58,713 [main] WARN  http.HttpRequestLog (HttpRequestLog.java:getRequestLog(97)) - Jetty request log can only be enabled using Log4j
2019-09-26 13:13:58,716 [main] INFO  http.HttpServer2 (HttpServer2.java:addGlobalFilter(975)) - Added global filter 'safety' (class=org.apache.hadoop.http.HttpServer2$QuotingInputFilter)
2019-09-26 13:13:58,718 [main] INFO  http.HttpServer2 (HttpServer2.java:addFilter(948)) - Added filter static_user_filter (class=org.apache.hadoop.http.lib.StaticUserWebFilter$StaticUserFilter) to context hddsDatanode
2019-09-26 13:13:58,718 [main] INFO  http.HttpServer2 (HttpServer2.java:addFilter(958)) - Added filter static_user_filter (class=org.apache.hadoop.http.lib.StaticUserWebFilter$StaticUserFilter) to context logs
2019-09-26 13:13:58,718 [main] INFO  http.HttpServer2 (HttpServer2.java:addFilter(958)) - Added filter static_user_filter (class=org.apache.hadoop.http.lib.StaticUserWebFilter$StaticUserFilter) to context static
2019-09-26 13:13:58,720 [main] INFO  http.HttpServer2 (HttpServer2.java:bindListener(1191)) - Jetty bound to port 43469
2019-09-26 13:13:58,721 [main] INFO  server.Server (Server.java:doStart(351)) - jetty-9.3.25.v20180904, build timestamp: 2018-09-04T21:11:46Z, git hash: 3ce520221d0240229c862b122d2b06c12a625732
2019-09-26 13:13:58,724 [main] INFO  handler.ContextHandler (ContextHandler.java:doStart(781)) - Started o.e.j.s.ServletContextHandler@5fa23c{/logs,file:///workdir/hadoop-ozone/integration-test/target/log,AVAILABLE}
2019-09-26 13:13:58,725 [main] INFO  handler.ContextHandler (ContextHandler.java:doStart(781)) - Started o.e.j.s.ServletContextHandler@433348bc{/static,jar:file:/home/user/.m2/repository/org/apache/hadoop/hadoop-hdds-container-service/0.5.0-SNAPSHOT/hadoop-hdds-container-service-0.5.0-SNAPSHOT.jar!/webapps/static,AVAILABLE}
2019-09-26 13:13:58,773 [main] INFO  handler.ContextHandler (ContextHandler.java:doStart(781)) - Started o.e.j.w.WebAppContext@3c5dbdf8{/,file:///tmp/jetty-0.0.0.0-43469-hddsDatanode-_-any-1959846657170811092.dir/webapp/,AVAILABLE}{/hddsDatanode}
2019-09-26 13:13:58,774 [main] INFO  server.AbstractConnector (AbstractConnector.java:doStart(278)) - Started ServerConnector@352c44a8{HTTP/1.1,[http/1.1]}{0.0.0.0:43469}
2019-09-26 13:13:58,775 [main] INFO  server.Server (Server.java:doStart(419)) - Started @5570ms
2019-09-26 13:13:58,775 [main] WARN  impl.MetricsSystemImpl (MetricsSystemImpl.java:register(276)) - Sink prometheus already exists!
2019-09-26 13:13:58,776 [main] INFO  server.BaseHttpServer (BaseHttpServer.java:updateConnectorAddress(215)) - HTTP server of HDDSDATANODE is listening at http://0.0.0.0:43469
2019-09-26 13:13:58,777 [main] INFO  impl.MetricsSystemImpl (MetricsSystemImpl.java:init(158)) - HddsDatanode metrics system started (again)
2019-09-26 13:13:58,781 [main] INFO  ozone.HddsDatanodeService (HddsDatanodeService.java:start(184)) - HddsDatanodeService host:pr-hdds-1569-87zkn-1081879488 ip:192.168.164.238
2019-09-26 13:13:58,784 [org.apache.hadoop.util.JvmPauseMonitor$Monitor@5a4ea732] INFO  util.JvmPauseMonitor (JvmPauseMonitor.java:run(188)) - Starting JVM pause monitor
2019-09-26 13:13:58,790 [main] INFO  volume.HddsVolume (HddsVolume.java:<init>(176)) - Creating Volume: /workdir/hadoop-ozone/integration-test/target/test-dir/MiniOzoneClusterImpl-ed2f9e77-5d43-4f59-afa0-64bc0fdbaca5/datanode-1/data/containers/hdds of  storage type : DISK and capacity : 1482555576320
2019-09-26 13:13:58,791 [main] INFO  volume.VolumeSet (VolumeSet.java:initializeVolumeSet(170)) - Added Volume : /workdir/hadoop-ozone/integration-test/target/test-dir/MiniOzoneClusterImpl-ed2f9e77-5d43-4f59-afa0-64bc0fdbaca5/datanode-1/data/containers/hdds to VolumeSet
2019-09-26 13:13:58,791 [main] INFO  volume.ThrottledAsyncChecker (ThrottledAsyncChecker.java:schedule(139)) - Scheduling a check for org.apache.hadoop.ozone.container.common.volume.HddsVolume@3804a9a8
2019-09-26 13:13:58,792 [main] INFO  volume.HddsVolumeChecker (HddsVolumeChecker.java:checkAllVolumes(202)) - Scheduled health check for volume org.apache.hadoop.ozone.container.common.volume.HddsVolume@3804a9a8
2019-09-26 13:13:58,811 [main] INFO  impl.RaftServerProxy (ConfUtils.java:logGet(43)) - raft.rpc.type = GRPC (default)
2019-09-26 13:13:58,811 [main] INFO  grpc.GrpcFactory (GrpcFactory.java:checkPooledByteBufAllocatorUseCacheForAllThreads(45)) - PERFORMANCE WARNING: useCacheForAllThreads is true that may cause Netty to create a lot garbage objects and, as a result, trigger GC.
	It is recommended to disable useCacheForAllThreads by setting -Dorg.apache.ratis.thirdparty.io.netty.allocator.useCacheForAllThreads=false in command line.
2019-09-26 13:13:58,811 [main] INFO  grpc.GrpcConfigKeys$Server (ConfUtils.java:logGet(43)) - raft.grpc.server.port = 0 (default)
2019-09-26 13:13:58,812 [main] INFO  server.GrpcService (ConfUtils.java:logGet(43)) - raft.grpc.message.size.max = 33570816 (custom)
2019-09-26 13:13:58,812 [main] INFO  server.RaftServerConfigKeys (ConfUtils.java:logGet(43)) - raft.server.log.appender.buffer.byte-limit = 33554432 (custom)
2019-09-26 13:13:58,812 [main] INFO  server.GrpcService (ConfUtils.java:logGet(43)) - raft.grpc.flow.control.window = 1MB (=1048576) (default)
2019-09-26 13:13:58,813 [main] INFO  server.RaftServerConfigKeys (ConfUtils.java:logGet(43)) - raft.server.rpc.request.timeout = 3000ms (default)
2019-09-26 13:13:58,813 [main] INFO  server.RaftServerConfigKeys (ConfUtils.java:logGet(43)) - raft.server.storage.dir = [/workdir/hadoop-ozone/integration-test/target/test-dir/MiniOzoneClusterImpl-ed2f9e77-5d43-4f59-afa0-64bc0fdbaca5/datanode-1/data/ratis] (custom)
2019-09-26 13:13:58,815 [main] INFO  hdfs.DFSUtil (DFSUtil.java:httpServerTemplateForNNAndJN(1641)) - Starting Web-server for hddsDatanode at: http://0.0.0.0:0
2019-09-26 13:13:58,816 [main] INFO  server.AuthenticationFilter (AuthenticationFilter.java:constructSecretProvider(240)) - Unable to initialize FileSignerSecretProvider, falling back to use random secrets.
2019-09-26 13:13:58,817 [main] WARN  http.HttpRequestLog (HttpRequestLog.java:getRequestLog(97)) - Jetty request log can only be enabled using Log4j
2019-09-26 13:13:58,820 [main] INFO  http.HttpServer2 (HttpServer2.java:addGlobalFilter(975)) - Added global filter 'safety' (class=org.apache.hadoop.http.HttpServer2$QuotingInputFilter)
2019-09-26 13:13:58,821 [main] INFO  http.HttpServer2 (HttpServer2.java:addFilter(948)) - Added filter static_user_filter (class=org.apache.hadoop.http.lib.StaticUserWebFilter$StaticUserFilter) to context hddsDatanode
2019-09-26 13:13:58,821 [main] INFO  http.HttpServer2 (HttpServer2.java:addFilter(958)) - Added filter static_user_filter (class=org.apache.hadoop.http.lib.StaticUserWebFilter$StaticUserFilter) to context logs
2019-09-26 13:13:58,821 [main] INFO  http.HttpServer2 (HttpServer2.java:addFilter(958)) - Added filter static_user_filter (class=org.apache.hadoop.http.lib.StaticUserWebFilter$StaticUserFilter) to context static
2019-09-26 13:13:58,822 [main] INFO  http.HttpServer2 (HttpServer2.java:bindListener(1191)) - Jetty bound to port 33891
2019-09-26 13:13:58,822 [main] INFO  server.Server (Server.java:doStart(351)) - jetty-9.3.25.v20180904, build timestamp: 2018-09-04T21:11:46Z, git hash: 3ce520221d0240229c862b122d2b06c12a625732
2019-09-26 13:13:58,827 [main] INFO  handler.ContextHandler (ContextHandler.java:doStart(781)) - Started o.e.j.s.ServletContextHandler@625d9132{/logs,file:///workdir/hadoop-ozone/integration-test/target/log,AVAILABLE}
2019-09-26 13:13:58,827 [main] INFO  handler.ContextHandler (ContextHandler.java:doStart(781)) - Started o.e.j.s.ServletContextHandler@277b8fa4{/static,jar:file:/home/user/.m2/repository/org/apache/hadoop/hadoop-hdds-container-service/0.5.0-SNAPSHOT/hadoop-hdds-container-service-0.5.0-SNAPSHOT.jar!/webapps/static,AVAILABLE}
2019-09-26 13:13:58,857 [main] INFO  handler.ContextHandler (ContextHandler.java:doStart(781)) - Started o.e.j.w.WebAppContext@1422ac7f{/,file:///tmp/jetty-0.0.0.0-33891-hddsDatanode-_-any-1727402162155718694.dir/webapp/,AVAILABLE}{/hddsDatanode}
2019-09-26 13:13:58,858 [main] INFO  server.AbstractConnector (AbstractConnector.java:doStart(278)) - Started ServerConnector@5e519ad3{HTTP/1.1,[http/1.1]}{0.0.0.0:33891}
2019-09-26 13:13:58,860 [main] INFO  server.Server (Server.java:doStart(419)) - Started @5654ms
2019-09-26 13:13:58,860 [main] WARN  impl.MetricsSystemImpl (MetricsSystemImpl.java:register(276)) - Sink prometheus already exists!
2019-09-26 13:13:58,861 [main] INFO  server.BaseHttpServer (BaseHttpServer.java:updateConnectorAddress(215)) - HTTP server of HDDSDATANODE is listening at http://0.0.0.0:33891
2019-09-26 13:13:58,861 [main] INFO  impl.MetricsSystemImpl (MetricsSystemImpl.java:init(158)) - HddsDatanode metrics system started (again)
2019-09-26 13:13:58,864 [main] INFO  ozone.HddsDatanodeService (HddsDatanodeService.java:start(184)) - HddsDatanodeService host:pr-hdds-1569-87zkn-1081879488 ip:192.168.164.238
2019-09-26 13:13:58,865 [org.apache.hadoop.util.JvmPauseMonitor$Monitor@26b048d8] INFO  util.JvmPauseMonitor (JvmPauseMonitor.java:run(188)) - Starting JVM pause monitor
2019-09-26 13:13:58,873 [main] INFO  volume.HddsVolume (HddsVolume.java:<init>(176)) - Creating Volume: /workdir/hadoop-ozone/integration-test/target/test-dir/MiniOzoneClusterImpl-ed2f9e77-5d43-4f59-afa0-64bc0fdbaca5/datanode-2/data/containers/hdds of  storage type : DISK and capacity : 1482555576320
2019-09-26 13:13:58,874 [main] INFO  volume.VolumeSet (VolumeSet.java:initializeVolumeSet(170)) - Added Volume : /workdir/hadoop-ozone/integration-test/target/test-dir/MiniOzoneClusterImpl-ed2f9e77-5d43-4f59-afa0-64bc0fdbaca5/datanode-2/data/containers/hdds to VolumeSet
2019-09-26 13:13:58,874 [main] INFO  volume.ThrottledAsyncChecker (ThrottledAsyncChecker.java:schedule(139)) - Scheduling a check for org.apache.hadoop.ozone.container.common.volume.HddsVolume@6cff61fc
2019-09-26 13:13:58,875 [main] INFO  volume.HddsVolumeChecker (HddsVolumeChecker.java:checkAllVolumes(202)) - Scheduled health check for volume org.apache.hadoop.ozone.container.common.volume.HddsVolume@6cff61fc
2019-09-26 13:13:58,889 [main] INFO  impl.RaftServerProxy (ConfUtils.java:logGet(43)) - raft.rpc.type = GRPC (default)
2019-09-26 13:13:58,890 [main] INFO  grpc.GrpcFactory (GrpcFactory.java:checkPooledByteBufAllocatorUseCacheForAllThreads(45)) - PERFORMANCE WARNING: useCacheForAllThreads is true that may cause Netty to create a lot garbage objects and, as a result, trigger GC.
	It is recommended to disable useCacheForAllThreads by setting -Dorg.apache.ratis.thirdparty.io.netty.allocator.useCacheForAllThreads=false in command line.
2019-09-26 13:13:58,890 [main] INFO  grpc.GrpcConfigKeys$Server (ConfUtils.java:logGet(43)) - raft.grpc.server.port = 0 (default)
2019-09-26 13:13:58,890 [main] INFO  server.GrpcService (ConfUtils.java:logGet(43)) - raft.grpc.message.size.max = 33570816 (custom)
2019-09-26 13:13:58,890 [main] INFO  server.RaftServerConfigKeys (ConfUtils.java:logGet(43)) - raft.server.log.appender.buffer.byte-limit = 33554432 (custom)
2019-09-26 13:13:58,891 [main] INFO  server.GrpcService (ConfUtils.java:logGet(43)) - raft.grpc.flow.control.window = 1MB (=1048576) (default)
2019-09-26 13:13:58,891 [main] INFO  server.RaftServerConfigKeys (ConfUtils.java:logGet(43)) - raft.server.rpc.request.timeout = 3000ms (default)
2019-09-26 13:13:58,892 [main] INFO  server.RaftServerConfigKeys (ConfUtils.java:logGet(43)) - raft.server.storage.dir = [/workdir/hadoop-ozone/integration-test/target/test-dir/MiniOzoneClusterImpl-ed2f9e77-5d43-4f59-afa0-64bc0fdbaca5/datanode-2/data/ratis] (custom)
2019-09-26 13:13:58,894 [main] INFO  hdfs.DFSUtil (DFSUtil.java:httpServerTemplateForNNAndJN(1641)) - Starting Web-server for hddsDatanode at: http://0.0.0.0:0
2019-09-26 13:13:58,895 [main] INFO  server.AuthenticationFilter (AuthenticationFilter.java:constructSecretProvider(240)) - Unable to initialize FileSignerSecretProvider, falling back to use random secrets.
2019-09-26 13:13:58,895 [main] WARN  http.HttpRequestLog (HttpRequestLog.java:getRequestLog(97)) - Jetty request log can only be enabled using Log4j
2019-09-26 13:13:58,897 [main] INFO  http.HttpServer2 (HttpServer2.java:addGlobalFilter(975)) - Added global filter 'safety' (class=org.apache.hadoop.http.HttpServer2$QuotingInputFilter)
2019-09-26 13:13:58,898 [main] INFO  http.HttpServer2 (HttpServer2.java:addFilter(948)) - Added filter static_user_filter (class=org.apache.hadoop.http.lib.StaticUserWebFilter$StaticUserFilter) to context hddsDatanode
2019-09-26 13:13:58,898 [main] INFO  http.HttpServer2 (HttpServer2.java:addFilter(958)) - Added filter static_user_filter (class=org.apache.hadoop.http.lib.StaticUserWebFilter$StaticUserFilter) to context logs
2019-09-26 13:13:58,898 [main] INFO  http.HttpServer2 (HttpServer2.java:addFilter(958)) - Added filter static_user_filter (class=org.apache.hadoop.http.lib.StaticUserWebFilter$StaticUserFilter) to context static
2019-09-26 13:13:58,899 [main] INFO  http.HttpServer2 (HttpServer2.java:bindListener(1191)) - Jetty bound to port 33194
2019-09-26 13:13:58,900 [main] INFO  server.Server (Server.java:doStart(351)) - jetty-9.3.25.v20180904, build timestamp: 2018-09-04T21:11:46Z, git hash: 3ce520221d0240229c862b122d2b06c12a625732
2019-09-26 13:13:58,903 [main] INFO  handler.ContextHandler (ContextHandler.java:doStart(781)) - Started o.e.j.s.ServletContextHandler@44536de4{/logs,file:///workdir/hadoop-ozone/integration-test/target/log,AVAILABLE}
2019-09-26 13:13:58,904 [main] INFO  handler.ContextHandler (ContextHandler.java:doStart(781)) - Started o.e.j.s.ServletContextHandler@4d95a72e{/static,jar:file:/home/user/.m2/repository/org/apache/hadoop/hadoop-hdds-container-service/0.5.0-SNAPSHOT/hadoop-hdds-container-service-0.5.0-SNAPSHOT.jar!/webapps/static,AVAILABLE}
2019-09-26 13:13:58,906 [Datanode State Machine Thread - 0] INFO  datanode.InitDatanodeState (InitDatanodeState.java:persistContainerDatanodeDetails(140)) - DatanodeDetails is persisted to /workdir/hadoop-ozone/integration-test/target/test-dir/MiniOzoneClusterImpl-ed2f9e77-5d43-4f59-afa0-64bc0fdbaca5/datanode-0/meta/datanode.id
2019-09-26 13:13:58,910 [Datanode State Machine Thread - 0] INFO  datanode.InitDatanodeState (InitDatanodeState.java:persistContainerDatanodeDetails(140)) - DatanodeDetails is persisted to /workdir/hadoop-ozone/integration-test/target/test-dir/MiniOzoneClusterImpl-ed2f9e77-5d43-4f59-afa0-64bc0fdbaca5/datanode-1/meta/datanode.id
2019-09-26 13:13:58,949 [main] INFO  handler.ContextHandler (ContextHandler.java:doStart(781)) - Started o.e.j.w.WebAppContext@fc807c1{/,file:///tmp/jetty-0.0.0.0-33194-hddsDatanode-_-any-5412094853086845645.dir/webapp/,AVAILABLE}{/hddsDatanode}
2019-09-26 13:13:58,951 [main] INFO  server.AbstractConnector (AbstractConnector.java:doStart(278)) - Started ServerConnector@296e281a{HTTP/1.1,[http/1.1]}{0.0.0.0:33194}
2019-09-26 13:13:58,952 [main] INFO  server.Server (Server.java:doStart(419)) - Started @5747ms
2019-09-26 13:13:58,952 [main] WARN  impl.MetricsSystemImpl (MetricsSystemImpl.java:register(276)) - Sink prometheus already exists!
2019-09-26 13:13:58,953 [main] INFO  server.BaseHttpServer (BaseHttpServer.java:updateConnectorAddress(215)) - HTTP server of HDDSDATANODE is listening at http://0.0.0.0:33194
2019-09-26 13:13:58,956 [main] INFO  ozone.MiniOzoneClusterImpl (MiniOzoneClusterImpl.java:lambda$waitForClusterToBeReady$0(147)) - Waiting for cluster to be ready. Got 0 of 3 DN Heartbeats.
2019-09-26 13:13:58,956 [org.apache.hadoop.util.JvmPauseMonitor$Monitor@63c564b4] INFO  util.JvmPauseMonitor (JvmPauseMonitor.java:run(188)) - Starting JVM pause monitor
2019-09-26 13:13:58,959 [Datanode State Machine Thread - 0] INFO  datanode.InitDatanodeState (InitDatanodeState.java:persistContainerDatanodeDetails(140)) - DatanodeDetails is persisted to /workdir/hadoop-ozone/integration-test/target/test-dir/MiniOzoneClusterImpl-ed2f9e77-5d43-4f59-afa0-64bc0fdbaca5/datanode-2/meta/datanode.id
2019-09-26 13:13:59,956 [main] INFO  ozone.MiniOzoneClusterImpl (MiniOzoneClusterImpl.java:lambda$waitForClusterToBeReady$0(147)) - Waiting for cluster to be ready. Got 0 of 3 DN Heartbeats.
2019-09-26 13:14:00,841 [Datanode State Machine Thread - 0] INFO  ozoneimpl.OzoneContainer (OzoneContainer.java:start(217)) - Attempting to start container services.
2019-09-26 13:14:00,844 [Datanode State Machine Thread - 0] INFO  ozoneimpl.OzoneContainer (OzoneContainer.java:startContainerScrub(179)) - Background container scanner has been disabled.
2019-09-26 13:14:00,845 [Datanode State Machine Thread - 0] INFO  ratis.XceiverServerRatis (XceiverServerRatis.java:start(411)) - Starting XceiverServerRatis ac8be7af-2201-47bb-9c92-ad25922e5522 at port 0
2019-09-26 13:14:00,875 [Datanode State Machine Thread - 0] INFO  impl.RaftServerProxy (RaftServerProxy.java:lambda$start$3(299)) - ac8be7af-2201-47bb-9c92-ad25922e5522: start RPC server
2019-09-26 13:14:00,883 [Datanode State Machine Thread - 0] INFO  ozoneimpl.OzoneContainer (OzoneContainer.java:start(217)) - Attempting to start container services.
2019-09-26 13:14:00,888 [Datanode State Machine Thread - 0] INFO  ozoneimpl.OzoneContainer (OzoneContainer.java:startContainerScrub(179)) - Background container scanner has been disabled.
2019-09-26 13:14:00,889 [Datanode State Machine Thread - 0] INFO  ratis.XceiverServerRatis (XceiverServerRatis.java:start(411)) - Starting XceiverServerRatis 14ea3107-d91f-437f-ad5f-c829a9f29dfc at port 0
2019-09-26 13:14:00,897 [Datanode State Machine Thread - 0] INFO  impl.RaftServerProxy (RaftServerProxy.java:lambda$start$3(299)) - 14ea3107-d91f-437f-ad5f-c829a9f29dfc: start RPC server
2019-09-26 13:14:00,957 [main] INFO  ozone.MiniOzoneClusterImpl (MiniOzoneClusterImpl.java:lambda$waitForClusterToBeReady$0(147)) - Waiting for cluster to be ready. Got 0 of 3 DN Heartbeats.
2019-09-26 13:14:00,973 [Datanode State Machine Thread - 0] INFO  ozoneimpl.OzoneContainer (OzoneContainer.java:start(217)) - Attempting to start container services.
2019-09-26 13:14:00,975 [Datanode State Machine Thread - 0] INFO  ozoneimpl.OzoneContainer (OzoneContainer.java:startContainerScrub(179)) - Background container scanner has been disabled.
2019-09-26 13:14:00,975 [Datanode State Machine Thread - 0] INFO  ratis.XceiverServerRatis (XceiverServerRatis.java:start(411)) - Starting XceiverServerRatis 4df03a29-c5ad-4e89-af92-e85e0e749186 at port 0
2019-09-26 13:14:00,985 [Datanode State Machine Thread - 0] INFO  impl.RaftServerProxy (RaftServerProxy.java:lambda$start$3(299)) - 4df03a29-c5ad-4e89-af92-e85e0e749186: start RPC server
2019-09-26 13:14:01,047 [Datanode State Machine Thread - 0] INFO  server.GrpcService (GrpcService.java:startImpl(158)) - ac8be7af-2201-47bb-9c92-ad25922e5522: GrpcService started, listening on 0.0.0.0/0.0.0.0:45961
2019-09-26 13:14:01,047 [Datanode State Machine Thread - 0] INFO  server.GrpcService (GrpcService.java:startImpl(158)) - 4df03a29-c5ad-4e89-af92-e85e0e749186: GrpcService started, listening on 0.0.0.0/0.0.0.0:44045
2019-09-26 13:14:01,047 [Datanode State Machine Thread - 0] INFO  server.GrpcService (GrpcService.java:startImpl(158)) - 14ea3107-d91f-437f-ad5f-c829a9f29dfc: GrpcService started, listening on 0.0.0.0/0.0.0.0:43234
2019-09-26 13:14:01,049 [Datanode State Machine Thread - 0] INFO  ratis.XceiverServerRatis (XceiverServerRatis.java:start(421)) - XceiverServerRatis 4df03a29-c5ad-4e89-af92-e85e0e749186 is started using port 44045
2019-09-26 13:14:01,048 [Datanode State Machine Thread - 0] INFO  ratis.XceiverServerRatis (XceiverServerRatis.java:start(421)) - XceiverServerRatis ac8be7af-2201-47bb-9c92-ad25922e5522 is started using port 45961
2019-09-26 13:14:01,049 [Datanode State Machine Thread - 0] INFO  ratis.XceiverServerRatis (XceiverServerRatis.java:start(421)) - XceiverServerRatis 14ea3107-d91f-437f-ad5f-c829a9f29dfc is started using port 43234
2019-09-26 13:14:01,056 [Datanode State Machine Thread - 0] INFO  server.XceiverServerGrpc (XceiverServerGrpc.java:start(149)) - XceiverServerGrpc ac8be7af-2201-47bb-9c92-ad25922e5522 is started using port 42761
2019-09-26 13:14:01,057 [Datanode State Machine Thread - 0] INFO  server.XceiverServerGrpc (XceiverServerGrpc.java:start(149)) - XceiverServerGrpc 4df03a29-c5ad-4e89-af92-e85e0e749186 is started using port 45493
2019-09-26 13:14:01,056 [Datanode State Machine Thread - 0] INFO  server.XceiverServerGrpc (XceiverServerGrpc.java:start(149)) - XceiverServerGrpc 14ea3107-d91f-437f-ad5f-c829a9f29dfc is started using port 36762
2019-09-26 13:14:01,958 [main] INFO  ozone.MiniOzoneClusterImpl (MiniOzoneClusterImpl.java:lambda$waitForClusterToBeReady$0(147)) - Waiting for cluster to be ready. Got 0 of 3 DN Heartbeats.
2019-09-26 13:14:02,831 [IPC Server handler 1 on 44534] INFO  net.NetworkTopology (NetworkTopologyImpl.java:add(111)) - Added a new node: /default-rack/ac8be7af-2201-47bb-9c92-ad25922e5522
2019-09-26 13:14:02,833 [IPC Server handler 1 on 44534] INFO  node.SCMNodeManager (SCMNodeManager.java:register(266)) - Registered Data node : ac8be7af-2201-47bb-9c92-ad25922e5522{ip: 192.168.164.238, host: pr-hdds-1569-87zkn-1081879488, networkLocation: /default-rack, certSerialId: null}
2019-09-26 13:14:02,837 [EventQueue-NodeRegistrationContainerReportForDataNodeSafeModeRule] INFO  safemode.SCMSafeModeManager (DataNodeSafeModeRule.java:process(71)) - SCM in safe mode. 1 DataNodes registered, 1 required.
2019-09-26 13:14:02,837 [EventQueue-NodeRegistrationContainerReportForDataNodeSafeModeRule] INFO  safemode.SCMSafeModeManager (SCMSafeModeManager.java:validateSafeModeExitRules(177)) - ScmSafeModeManager, all rules are successfully validated
2019-09-26 13:14:02,838 [EventQueue-NodeRegistrationContainerReportForDataNodeSafeModeRule] INFO  safemode.SCMSafeModeManager (SCMSafeModeManager.java:exitSafeMode(193)) - SCM exiting safe mode.
2019-09-26 13:14:02,871 [IPC Server handler 3 on 44534] INFO  net.NetworkTopology (NetworkTopologyImpl.java:add(111)) - Added a new node: /default-rack/14ea3107-d91f-437f-ad5f-c829a9f29dfc
2019-09-26 13:14:02,872 [IPC Server handler 3 on 44534] INFO  node.SCMNodeManager (SCMNodeManager.java:register(266)) - Registered Data node : 14ea3107-d91f-437f-ad5f-c829a9f29dfc{ip: 192.168.164.238, host: pr-hdds-1569-87zkn-1081879488, networkLocation: /default-rack, certSerialId: null}
2019-09-26 13:14:02,958 [main] INFO  ozone.MiniOzoneClusterImpl (MiniOzoneClusterImpl.java:lambda$waitForClusterToBeReady$0(147)) - Waiting for cluster to be ready. Got 2 of 3 DN Heartbeats.
2019-09-26 13:14:02,959 [IPC Server handler 2 on 44534] INFO  net.NetworkTopology (NetworkTopologyImpl.java:add(111)) - Added a new node: /default-rack/4df03a29-c5ad-4e89-af92-e85e0e749186
2019-09-26 13:14:02,959 [IPC Server handler 2 on 44534] INFO  node.SCMNodeManager (SCMNodeManager.java:register(266)) - Registered Data node : 4df03a29-c5ad-4e89-af92-e85e0e749186{ip: 192.168.164.238, host: pr-hdds-1569-87zkn-1081879488, networkLocation: /default-rack, certSerialId: null}
2019-09-26 13:14:03,288 [grpc-default-executor-0] INFO  impl.RaftServerProxy (RaftServerProxy.java:addNew(89)) - ac8be7af-2201-47bb-9c92-ad25922e5522: addNew group-C73AF30BD411:[ac8be7af-2201-47bb-9c92-ad25922e5522:192.168.164.238:45961] returns group-C73AF30BD411:java.util.concurrent.CompletableFuture@1c230e17[Not completed]
2019-09-26 13:14:03,299 [pool-27-thread-1] INFO  impl.RaftServerImpl (RaftServerImpl.java:<init>(95)) - ac8be7af-2201-47bb-9c92-ad25922e5522: new RaftServerImpl for group-C73AF30BD411:[ac8be7af-2201-47bb-9c92-ad25922e5522:192.168.164.238:45961] with ContainerStateMachine:uninitialized
2019-09-26 13:14:03,302 [pool-27-thread-1] INFO  server.RaftServerConfigKeys (ConfUtils.java:logGet(43)) - raft.server.rpc.timeout.min = 5s (custom)
2019-09-26 13:14:03,302 [pool-27-thread-1] INFO  server.RaftServerConfigKeys (ConfUtils.java:logGet(43)) - raft.server.rpc.timeout.max = 5200ms (custom)
2019-09-26 13:14:03,303 [pool-27-thread-1] INFO  server.RaftServerConfigKeys (ConfUtils.java:logGet(43)) - raft.server.rpcslowness.timeout = 120s (custom)
2019-09-26 13:14:03,304 [pool-27-thread-1] INFO  server.RaftServerConfigKeys (ConfUtils.java:logGet(43)) - raft.server.sleep.deviation.threshold = 300 (default)
2019-09-26 13:14:03,304 [pool-27-thread-1] INFO  server.RaftServerConfigKeys (ConfUtils.java:logGet(43)) - raft.server.log.appender.install.snapshot.enabled = false (custom)
2019-09-26 13:14:03,311 [pool-27-thread-1] INFO  impl.RaftServerImpl (ServerState.java:<init>(103)) - ac8be7af-2201-47bb-9c92-ad25922e5522@group-C73AF30BD411: ConfigurationManager, init=-1: [ac8be7af-2201-47bb-9c92-ad25922e5522:192.168.164.238:45961], old=null, confs=<EMPTY_MAP>
2019-09-26 13:14:03,312 [pool-27-thread-1] INFO  server.RaftServerConfigKeys (ConfUtils.java:logGet(43)) - raft.server.storage.dir = [/workdir/hadoop-ozone/integration-test/target/test-dir/MiniOzoneClusterImpl-ed2f9e77-5d43-4f59-afa0-64bc0fdbaca5/datanode-0/data/ratis] (custom)
2019-09-26 13:14:03,321 [pool-27-thread-1] INFO  storage.RaftStorageDirectory (RaftStorageDirectory.java:analyzeStorage(246)) - The storage directory /workdir/hadoop-ozone/integration-test/target/test-dir/MiniOzoneClusterImpl-ed2f9e77-5d43-4f59-afa0-64bc0fdbaca5/datanode-0/data/ratis/bf7fcc78-f85a-4510-9405-c73af30bd411 does not exist. Creating ...
2019-09-26 13:14:03,340 [pool-27-thread-1] INFO  storage.RaftStorageDirectory (RaftStorageDirectory.java:tryLock(328)) - Lock on /workdir/hadoop-ozone/integration-test/target/test-dir/MiniOzoneClusterImpl-ed2f9e77-5d43-4f59-afa0-64bc0fdbaca5/datanode-0/data/ratis/bf7fcc78-f85a-4510-9405-c73af30bd411/in_use.lock acquired by nodename 10026@pr-hdds-1569-87zkn-1081879488
2019-09-26 13:14:03,355 [pool-27-thread-1] INFO  storage.RaftStorage (RaftStorage.java:format(72)) - Storage directory /workdir/hadoop-ozone/integration-test/target/test-dir/MiniOzoneClusterImpl-ed2f9e77-5d43-4f59-afa0-64bc0fdbaca5/datanode-0/data/ratis/bf7fcc78-f85a-4510-9405-c73af30bd411 has been successfully formatted.
2019-09-26 13:14:03,358 [pool-27-thread-1] INFO  ratis.ContainerStateMachine (ContainerStateMachine.java:loadSnapshot(230)) - group-C73AF30BD411: The snapshot info is null. Setting the last applied indexto:(t:0, i:~)
2019-09-26 13:14:03,359 [pool-27-thread-1] INFO  server.RaftServerConfigKeys (ConfUtils.java:logGet(43)) - raft.server.notification.no-leader.timeout = 120s (custom)
2019-09-26 13:14:03,362 [pool-27-thread-1] INFO  server.RaftServerConfigKeys (ConfUtils.java:logGet(43)) - raft.server.log.use.memory = false (default)
2019-09-26 13:14:03,372 [pool-27-thread-1] INFO  server.RaftServerConfigKeys (ConfUtils.java:logGet(43)) - raft.server.log.purge.gap = 1000000 (custom)
2019-09-26 13:14:03,372 [pool-27-thread-1] INFO  server.RaftServerConfigKeys (ConfUtils.java:logGet(43)) - raft.server.log.appender.buffer.byte-limit = 33554432 (custom)
2019-09-26 13:14:03,375 [pool-27-thread-1] INFO  server.RaftServerConfigKeys (ConfUtils.java:logGet(43)) - raft.server.log.segment.size.max = 1048576 (custom)
2019-09-26 13:14:03,382 [pool-27-thread-1] INFO  server.RaftServerConfigKeys (ConfUtils.java:logGet(43)) - raft.server.log.segment.cache.num.max = 2 (custom)
2019-09-26 13:14:03,390 [pool-27-thread-1] INFO  segmented.SegmentedRaftLogWorker (SegmentedRaftLogWorker.java:<init>(172)) - new ac8be7af-2201-47bb-9c92-ad25922e5522@group-C73AF30BD411-SegmentedRaftLogWorker for RaftStorage:Storage Directory /workdir/hadoop-ozone/integration-test/target/test-dir/MiniOzoneClusterImpl-ed2f9e77-5d43-4f59-afa0-64bc0fdbaca5/datanode-0/data/ratis/bf7fcc78-f85a-4510-9405-c73af30bd411
2019-09-26 13:14:03,392 [pool-27-thread-1] INFO  impl.MetricsSystemImpl (MetricsSystemImpl.java:init(158)) - ratis metrics system started (again)
2019-09-26 13:14:03,400 [pool-27-thread-1] INFO  metrics.MetricRegistries (MetricRegistriesLoader.java:load(64)) - Loaded MetricRegistries class org.apache.ratis.metrics.impl.MetricRegistriesImpl
2019-09-26 13:14:03,439 [pool-27-thread-1] INFO  server.RaftServerConfigKeys (ConfUtils.java:logGet(43)) - raft.server.log.queue.byte-limit = 2147483647 (custom)
2019-09-26 13:14:03,439 [pool-27-thread-1] INFO  server.RaftServerConfigKeys (ConfUtils.java:logGet(43)) - raft.server.log.queue.element-limit = 1024 (custom)
2019-09-26 13:14:03,443 [pool-27-thread-1] INFO  server.RaftServerConfigKeys (ConfUtils.java:logGet(43)) - raft.server.log.segment.size.max = 1048576 (custom)
2019-09-26 13:14:03,444 [pool-27-thread-1] INFO  server.RaftServerConfigKeys (ConfUtils.java:logGet(43)) - raft.server.log.preallocated.size = 16384 (custom)
2019-09-26 13:14:03,444 [pool-27-thread-1] INFO  server.RaftServerConfigKeys (ConfUtils.java:logGet(43)) - raft.server.log.write.buffer.size = 33554432 (custom)
2019-09-26 13:14:03,445 [pool-27-thread-1] INFO  server.RaftServerConfigKeys (ConfUtils.java:logGet(43)) - raft.server.log.force.sync.num = 128 (default)
2019-09-26 13:14:03,446 [pool-27-thread-1] INFO  server.RaftServerConfigKeys (ConfUtils.java:logGet(43)) - raft.server.log.statemachine.data.sync = true (default)
2019-09-26 13:14:03,446 [pool-27-thread-1] INFO  server.RaftServerConfigKeys (ConfUtils.java:logGet(43)) - raft.server.log.statemachine.data.sync.timeout = 10s (default)
2019-09-26 13:14:03,447 [pool-27-thread-1] INFO  server.RaftServerConfigKeys (ConfUtils.java:logGet(43)) - raft.server.log.statemachine.data.sync.timeout.retry = -1 (default)
2019-09-26 13:14:03,456 [pool-27-thread-1] INFO  server.RaftServerConfigKeys (ConfUtils.java:logGet(43)) - raft.server.log.statemachine.data.caching.enabled = true (custom)
2019-09-26 13:14:03,461 [pool-27-thread-1] INFO  segmented.SegmentedRaftLogWorker (SegmentedRaftLogWorker.java:lambda$new$0(132)) - ac8be7af-2201-47bb-9c92-ad25922e5522@group-C73AF30BD411-SegmentedRaftLogWorker: flushIndex: setUnconditionally 0 -> -1
2019-09-26 13:14:03,466 [pool-27-thread-1] INFO  server.RaftServerConfigKeys (ConfUtils.java:logGet(43)) - raft.server.snapshot.auto.trigger.enabled = true (custom)
2019-09-26 13:14:03,467 [pool-27-thread-1] INFO  server.RaftServerConfigKeys (ConfUtils.java:logGet(43)) - raft.server.snapshot.auto.trigger.threshold = 10000 (custom)
2019-09-26 13:14:03,467 [pool-27-thread-1] INFO  server.RaftServerConfigKeys (ConfUtils.java:logGet(43)) - raft.server.snapshot.retention.num.files = 5 (custom)
2019-09-26 13:14:03,468 [pool-27-thread-1] INFO  server.RaftServerConfigKeys (ConfUtils.java:logGet(43)) - raft.server.retrycache.expirytime = 600000ms (custom)
2019-09-26 13:14:03,495 [pool-27-thread-1] INFO  impl.RaftServerImpl (RaftServerImpl.java:start(185)) - ac8be7af-2201-47bb-9c92-ad25922e5522@group-C73AF30BD411: start as a follower, conf=-1: [ac8be7af-2201-47bb-9c92-ad25922e5522:192.168.164.238:45961], old=null
2019-09-26 13:14:03,497 [pool-27-thread-1] INFO  impl.RaftServerImpl (RaftServerImpl.java:setRole(174)) - ac8be7af-2201-47bb-9c92-ad25922e5522@group-C73AF30BD411: changes role from      null to FOLLOWER at term 0 for startAsFollower
2019-09-26 13:14:03,498 [pool-27-thread-1] INFO  impl.RoleInfo (RoleInfo.java:updateAndGet(143)) - ac8be7af-2201-47bb-9c92-ad25922e5522: start FollowerState
2019-09-26 13:14:03,499 [pool-27-thread-1] INFO  util.JmxRegister (JmxRegister.java:tryRegister(44)) - Successfully registered JMX Bean with object name Ratis:service=RaftServer,group=group-C73AF30BD411,id=ac8be7af-2201-47bb-9c92-ad25922e5522
2019-09-26 13:14:03,562 [RatisPipelineUtilsThread] INFO  pipeline.PipelineStateManager (PipelineStateManager.java:addPipeline(56)) - Created pipeline Pipeline[ Id: bf7fcc78-f85a-4510-9405-c73af30bd411, Nodes: ac8be7af-2201-47bb-9c92-ad25922e5522{ip: 192.168.164.238, host: pr-hdds-1569-87zkn-1081879488, networkLocation: /default-rack, certSerialId: null}, Type:RATIS, Factor:ONE, State:OPEN]
2019-09-26 13:14:03,582 [grpc-default-executor-0] INFO  impl.RaftServerProxy (RaftServerProxy.java:addNew(89)) - ac8be7af-2201-47bb-9c92-ad25922e5522: addNew group-7F8018A926FE:[ac8be7af-2201-47bb-9c92-ad25922e5522:192.168.164.238:45961] returns group-7F8018A926FE:java.util.concurrent.CompletableFuture@12f7839f[Not completed]
2019-09-26 13:14:03,585 [pool-27-thread-1] INFO  impl.RaftServerImpl (RaftServerImpl.java:<init>(95)) - ac8be7af-2201-47bb-9c92-ad25922e5522: new RaftServerImpl for group-7F8018A926FE:[ac8be7af-2201-47bb-9c92-ad25922e5522:192.168.164.238:45961] with ContainerStateMachine:uninitialized
2019-09-26 13:14:03,585 [pool-27-thread-1] INFO  server.RaftServerConfigKeys (ConfUtils.java:logGet(43)) - raft.server.rpc.timeout.min = 5s (custom)
2019-09-26 13:14:03,586 [pool-27-thread-1] INFO  server.RaftServerConfigKeys (ConfUtils.java:logGet(43)) - raft.server.rpc.timeout.max = 5200ms (custom)
2019-09-26 13:14:03,586 [pool-27-thread-1] INFO  server.RaftServerConfigKeys (ConfUtils.java:logGet(43)) - raft.server.rpcslowness.timeout = 120s (custom)
2019-09-26 13:14:03,586 [pool-27-thread-1] INFO  server.RaftServerConfigKeys (ConfUtils.java:logGet(43)) - raft.server.sleep.deviation.threshold = 300 (default)
2019-09-26 13:14:03,586 [pool-27-thread-1] INFO  server.RaftServerConfigKeys (ConfUtils.java:logGet(43)) - raft.server.log.appender.install.snapshot.enabled = false (custom)
2019-09-26 13:14:03,586 [pool-27-thread-1] INFO  impl.RaftServerImpl (ServerState.java:<init>(103)) - ac8be7af-2201-47bb-9c92-ad25922e5522@group-7F8018A926FE: ConfigurationManager, init=-1: [ac8be7af-2201-47bb-9c92-ad25922e5522:192.168.164.238:45961], old=null, confs=<EMPTY_MAP>
2019-09-26 13:14:03,587 [pool-27-thread-1] INFO  server.RaftServerConfigKeys (ConfUtils.java:logGet(43)) - raft.server.storage.dir = [/workdir/hadoop-ozone/integration-test/target/test-dir/MiniOzoneClusterImpl-ed2f9e77-5d43-4f59-afa0-64bc0fdbaca5/datanode-0/data/ratis] (custom)
2019-09-26 13:14:03,587 [pool-27-thread-1] INFO  storage.RaftStorageDirectory (RaftStorageDirectory.java:analyzeStorage(246)) - The storage directory /workdir/hadoop-ozone/integration-test/target/test-dir/MiniOzoneClusterImpl-ed2f9e77-5d43-4f59-afa0-64bc0fdbaca5/datanode-0/data/ratis/099a2a9b-386a-4f57-8189-7f8018a926fe does not exist. Creating ...
2019-09-26 13:14:03,600 [pool-27-thread-1] INFO  storage.RaftStorageDirectory (RaftStorageDirectory.java:tryLock(328)) - Lock on /workdir/hadoop-ozone/integration-test/target/test-dir/MiniOzoneClusterImpl-ed2f9e77-5d43-4f59-afa0-64bc0fdbaca5/datanode-0/data/ratis/099a2a9b-386a-4f57-8189-7f8018a926fe/in_use.lock acquired by nodename 10026@pr-hdds-1569-87zkn-1081879488
2019-09-26 13:14:03,613 [pool-27-thread-1] INFO  storage.RaftStorage (RaftStorage.java:format(72)) - Storage directory /workdir/hadoop-ozone/integration-test/target/test-dir/MiniOzoneClusterImpl-ed2f9e77-5d43-4f59-afa0-64bc0fdbaca5/datanode-0/data/ratis/099a2a9b-386a-4f57-8189-7f8018a926fe has been successfully formatted.
2019-09-26 13:14:03,614 [pool-27-thread-1] INFO  ratis.ContainerStateMachine (ContainerStateMachine.java:loadSnapshot(230)) - group-7F8018A926FE: The snapshot info is null. Setting the last applied indexto:(t:0, i:~)
2019-09-26 13:14:03,614 [pool-27-thread-1] INFO  server.RaftServerConfigKeys (ConfUtils.java:logGet(43)) - raft.server.notification.no-leader.timeout = 120s (custom)
2019-09-26 13:14:03,614 [pool-27-thread-1] INFO  server.RaftServerConfigKeys (ConfUtils.java:logGet(43)) - raft.server.log.use.memory = false (default)
2019-09-26 13:14:03,614 [pool-27-thread-1] INFO  server.RaftServerConfigKeys (ConfUtils.java:logGet(43)) - raft.server.log.purge.gap = 1000000 (custom)
2019-09-26 13:14:03,614 [pool-27-thread-1] INFO  server.RaftServerConfigKeys (ConfUtils.java:logGet(43)) - raft.server.log.appender.buffer.byte-limit = 33554432 (custom)
2019-09-26 13:14:03,615 [pool-27-thread-1] INFO  server.RaftServerConfigKeys (ConfUtils.java:logGet(43)) - raft.server.log.segment.size.max = 1048576 (custom)
2019-09-26 13:14:03,615 [pool-27-thread-1] INFO  server.RaftServerConfigKeys (ConfUtils.java:logGet(43)) - raft.server.log.segment.cache.num.max = 2 (custom)
2019-09-26 13:14:03,615 [pool-27-thread-1] INFO  segmented.SegmentedRaftLogWorker (SegmentedRaftLogWorker.java:<init>(172)) - new ac8be7af-2201-47bb-9c92-ad25922e5522@group-7F8018A926FE-SegmentedRaftLogWorker for RaftStorage:Storage Directory /workdir/hadoop-ozone/integration-test/target/test-dir/MiniOzoneClusterImpl-ed2f9e77-5d43-4f59-afa0-64bc0fdbaca5/datanode-0/data/ratis/099a2a9b-386a-4f57-8189-7f8018a926fe
2019-09-26 13:14:03,615 [pool-27-thread-1] INFO  server.RaftServerConfigKeys (ConfUtils.java:logGet(43)) - raft.server.log.queue.byte-limit = 2147483647 (custom)
2019-09-26 13:14:03,615 [pool-27-thread-1] INFO  server.RaftServerConfigKeys (ConfUtils.java:logGet(43)) - raft.server.log.queue.element-limit = 1024 (custom)
2019-09-26 13:14:03,616 [pool-27-thread-1] INFO  server.RaftServerConfigKeys (ConfUtils.java:logGet(43)) - raft.server.log.segment.size.max = 1048576 (custom)
2019-09-26 13:14:03,616 [pool-27-thread-1] INFO  server.RaftServerConfigKeys (ConfUtils.java:logGet(43)) - raft.server.log.preallocated.size = 16384 (custom)
2019-09-26 13:14:03,616 [pool-27-thread-1] INFO  server.RaftServerConfigKeys (ConfUtils.java:logGet(43)) - raft.server.log.write.buffer.size = 33554432 (custom)
2019-09-26 13:14:03,616 [pool-27-thread-1] INFO  server.RaftServerConfigKeys (ConfUtils.java:logGet(43)) - raft.server.log.force.sync.num = 128 (default)
2019-09-26 13:14:03,616 [pool-27-thread-1] INFO  server.RaftServerConfigKeys (ConfUtils.java:logGet(43)) - raft.server.log.statemachine.data.sync = true (default)
2019-09-26 13:14:03,616 [pool-27-thread-1] INFO  server.RaftServerConfigKeys (ConfUtils.java:logGet(43)) - raft.server.log.statemachine.data.sync.timeout = 10s (default)
2019-09-26 13:14:03,616 [pool-27-thread-1] INFO  server.RaftServerConfigKeys (ConfUtils.java:logGet(43)) - raft.server.log.statemachine.data.sync.timeout.retry = -1 (default)
2019-09-26 13:14:03,617 [pool-27-thread-1] INFO  server.RaftServerConfigKeys (ConfUtils.java:logGet(43)) - raft.server.log.statemachine.data.caching.enabled = true (custom)
2019-09-26 13:14:03,617 [pool-27-thread-1] INFO  segmented.SegmentedRaftLogWorker (SegmentedRaftLogWorker.java:lambda$new$0(132)) - ac8be7af-2201-47bb-9c92-ad25922e5522@group-7F8018A926FE-SegmentedRaftLogWorker: flushIndex: setUnconditionally 0 -> -1
2019-09-26 13:14:03,617 [pool-27-thread-1] INFO  server.RaftServerConfigKeys (ConfUtils.java:logGet(43)) - raft.server.snapshot.auto.trigger.enabled = true (custom)
2019-09-26 13:14:03,617 [pool-27-thread-1] INFO  server.RaftServerConfigKeys (ConfUtils.java:logGet(43)) - raft.server.snapshot.auto.trigger.threshold = 10000 (custom)
2019-09-26 13:14:03,618 [pool-27-thread-1] INFO  server.RaftServerConfigKeys (ConfUtils.java:logGet(43)) - raft.server.snapshot.retention.num.files = 5 (custom)
2019-09-26 13:14:03,618 [pool-27-thread-1] INFO  server.RaftServerConfigKeys (ConfUtils.java:logGet(43)) - raft.server.retrycache.expirytime = 600000ms (custom)
2019-09-26 13:14:03,622 [pool-27-thread-1] INFO  impl.RaftServerImpl (RaftServerImpl.java:start(185)) - ac8be7af-2201-47bb-9c92-ad25922e5522@group-7F8018A926FE: start as a follower, conf=-1: [ac8be7af-2201-47bb-9c92-ad25922e5522:192.168.164.238:45961], old=null
2019-09-26 13:14:03,622 [pool-27-thread-1] INFO  impl.RaftServerImpl (RaftServerImpl.java:setRole(174)) - ac8be7af-2201-47bb-9c92-ad25922e5522@group-7F8018A926FE: changes role from      null to FOLLOWER at term 0 for startAsFollower
2019-09-26 13:14:03,622 [pool-27-thread-1] INFO  impl.RoleInfo (RoleInfo.java:updateAndGet(143)) - ac8be7af-2201-47bb-9c92-ad25922e5522: start FollowerState
2019-09-26 13:14:03,623 [pool-27-thread-1] INFO  util.JmxRegister (JmxRegister.java:tryRegister(44)) - Successfully registered JMX Bean with object name Ratis:service=RaftServer,group=group-7F8018A926FE,id=ac8be7af-2201-47bb-9c92-ad25922e5522
2019-09-26 13:14:03,634 [RatisPipelineUtilsThread] INFO  pipeline.PipelineStateManager (PipelineStateManager.java:addPipeline(56)) - Created pipeline Pipeline[ Id: 099a2a9b-386a-4f57-8189-7f8018a926fe, Nodes: ac8be7af-2201-47bb-9c92-ad25922e5522{ip: 192.168.164.238, host: pr-hdds-1569-87zkn-1081879488, networkLocation: /default-rack, certSerialId: null}, Type:RATIS, Factor:ONE, State:OPEN]
2019-09-26 13:14:03,652 [grpc-default-executor-0] INFO  impl.RaftServerProxy (RaftServerProxy.java:addNew(89)) - 14ea3107-d91f-437f-ad5f-c829a9f29dfc: addNew group-78D82F752D7E:[14ea3107-d91f-437f-ad5f-c829a9f29dfc:192.168.164.238:43234] returns group-78D82F752D7E:java.util.concurrent.CompletableFuture@452e3fc6[Not completed]
2019-09-26 13:14:03,676 [pool-37-thread-1] INFO  impl.RaftServerImpl (RaftServerImpl.java:<init>(95)) - 14ea3107-d91f-437f-ad5f-c829a9f29dfc: new RaftServerImpl for group-78D82F752D7E:[14ea3107-d91f-437f-ad5f-c829a9f29dfc:192.168.164.238:43234] with ContainerStateMachine:uninitialized
2019-09-26 13:14:03,678 [pool-37-thread-1] INFO  server.RaftServerConfigKeys (ConfUtils.java:logGet(43)) - raft.server.rpc.timeout.min = 5s (custom)
2019-09-26 13:14:03,678 [pool-37-thread-1] INFO  server.RaftServerConfigKeys (ConfUtils.java:logGet(43)) - raft.server.rpc.timeout.max = 5200ms (custom)
2019-09-26 13:14:03,678 [pool-37-thread-1] INFO  server.RaftServerConfigKeys (ConfUtils.java:logGet(43)) - raft.server.rpcslowness.timeout = 120s (custom)
2019-09-26 13:14:03,678 [pool-37-thread-1] INFO  server.RaftServerConfigKeys (ConfUtils.java:logGet(43)) - raft.server.sleep.deviation.threshold = 300 (default)
2019-09-26 13:14:03,679 [pool-37-thread-1] INFO  server.RaftServerConfigKeys (ConfUtils.java:logGet(43)) - raft.server.log.appender.install.snapshot.enabled = false (custom)
2019-09-26 13:14:03,679 [pool-37-thread-1] INFO  impl.RaftServerImpl (ServerState.java:<init>(103)) - 14ea3107-d91f-437f-ad5f-c829a9f29dfc@group-78D82F752D7E: ConfigurationManager, init=-1: [14ea3107-d91f-437f-ad5f-c829a9f29dfc:192.168.164.238:43234], old=null, confs=<EMPTY_MAP>
2019-09-26 13:14:03,679 [pool-37-thread-1] INFO  server.RaftServerConfigKeys (ConfUtils.java:logGet(43)) - raft.server.storage.dir = [/workdir/hadoop-ozone/integration-test/target/test-dir/MiniOzoneClusterImpl-ed2f9e77-5d43-4f59-afa0-64bc0fdbaca5/datanode-1/data/ratis] (custom)
2019-09-26 13:14:03,679 [pool-37-thread-1] INFO  storage.RaftStorageDirectory (RaftStorageDirectory.java:analyzeStorage(246)) - The storage directory /workdir/hadoop-ozone/integration-test/target/test-dir/MiniOzoneClusterImpl-ed2f9e77-5d43-4f59-afa0-64bc0fdbaca5/datanode-1/data/ratis/a1e0c507-2bec-4366-8bba-78d82f752d7e does not exist. Creating ...
2019-09-26 13:14:03,693 [pool-37-thread-1] INFO  storage.RaftStorageDirectory (RaftStorageDirectory.java:tryLock(328)) - Lock on /workdir/hadoop-ozone/integration-test/target/test-dir/MiniOzoneClusterImpl-ed2f9e77-5d43-4f59-afa0-64bc0fdbaca5/datanode-1/data/ratis/a1e0c507-2bec-4366-8bba-78d82f752d7e/in_use.lock acquired by nodename 10026@pr-hdds-1569-87zkn-1081879488
2019-09-26 13:14:03,708 [pool-37-thread-1] INFO  storage.RaftStorage (RaftStorage.java:format(72)) - Storage directory /workdir/hadoop-ozone/integration-test/target/test-dir/MiniOzoneClusterImpl-ed2f9e77-5d43-4f59-afa0-64bc0fdbaca5/datanode-1/data/ratis/a1e0c507-2bec-4366-8bba-78d82f752d7e has been successfully formatted.
2019-09-26 13:14:03,709 [pool-37-thread-1] INFO  ratis.ContainerStateMachine (ContainerStateMachine.java:loadSnapshot(230)) - group-78D82F752D7E: The snapshot info is null. Setting the last applied indexto:(t:0, i:~)
2019-09-26 13:14:03,710 [pool-37-thread-1] INFO  server.RaftServerConfigKeys (ConfUtils.java:logGet(43)) - raft.server.notification.no-leader.timeout = 120s (custom)
2019-09-26 13:14:03,711 [pool-37-thread-1] INFO  server.RaftServerConfigKeys (ConfUtils.java:logGet(43)) - raft.server.log.use.memory = false (default)
2019-09-26 13:14:03,711 [pool-37-thread-1] INFO  server.RaftServerConfigKeys (ConfUtils.java:logGet(43)) - raft.server.log.purge.gap = 1000000 (custom)
2019-09-26 13:14:03,711 [pool-37-thread-1] INFO  server.RaftServerConfigKeys (ConfUtils.java:logGet(43)) - raft.server.log.appender.buffer.byte-limit = 33554432 (custom)
2019-09-26 13:14:03,711 [pool-37-thread-1] INFO  server.RaftServerConfigKeys (ConfUtils.java:logGet(43)) - raft.server.log.segment.size.max = 1048576 (custom)
2019-09-26 13:14:03,711 [pool-37-thread-1] INFO  server.RaftServerConfigKeys (ConfUtils.java:logGet(43)) - raft.server.log.segment.cache.num.max = 2 (custom)
2019-09-26 13:14:03,712 [pool-37-thread-1] INFO  segmented.SegmentedRaftLogWorker (SegmentedRaftLogWorker.java:<init>(172)) - new 14ea3107-d91f-437f-ad5f-c829a9f29dfc@group-78D82F752D7E-SegmentedRaftLogWorker for RaftStorage:Storage Directory /workdir/hadoop-ozone/integration-test/target/test-dir/MiniOzoneClusterImpl-ed2f9e77-5d43-4f59-afa0-64bc0fdbaca5/datanode-1/data/ratis/a1e0c507-2bec-4366-8bba-78d82f752d7e
2019-09-26 13:14:03,719 [pool-37-thread-1] INFO  server.RaftServerConfigKeys (ConfUtils.java:logGet(43)) - raft.server.log.queue.byte-limit = 2147483647 (custom)
2019-09-26 13:14:03,719 [pool-37-thread-1] INFO  server.RaftServerConfigKeys (ConfUtils.java:logGet(43)) - raft.server.log.queue.element-limit = 1024 (custom)
2019-09-26 13:14:03,719 [pool-37-thread-1] INFO  server.RaftServerConfigKeys (ConfUtils.java:logGet(43)) - raft.server.log.segment.size.max = 1048576 (custom)
2019-09-26 13:14:03,720 [pool-37-thread-1] INFO  server.RaftServerConfigKeys (ConfUtils.java:logGet(43)) - raft.server.log.preallocated.size = 16384 (custom)
2019-09-26 13:14:03,720 [pool-37-thread-1] INFO  server.RaftServerConfigKeys (ConfUtils.java:logGet(43)) - raft.server.log.write.buffer.size = 33554432 (custom)
2019-09-26 13:14:03,720 [pool-37-thread-1] INFO  server.RaftServerConfigKeys (ConfUtils.java:logGet(43)) - raft.server.log.force.sync.num = 128 (default)
2019-09-26 13:14:03,720 [pool-37-thread-1] INFO  server.RaftServerConfigKeys (ConfUtils.java:logGet(43)) - raft.server.log.statemachine.data.sync = true (default)
2019-09-26 13:14:03,721 [pool-37-thread-1] INFO  server.RaftServerConfigKeys (ConfUtils.java:logGet(43)) - raft.server.log.statemachine.data.sync.timeout = 10s (default)
2019-09-26 13:14:03,721 [pool-37-thread-1] INFO  server.RaftServerConfigKeys (ConfUtils.java:logGet(43)) - raft.server.log.statemachine.data.sync.timeout.retry = -1 (default)
2019-09-26 13:14:03,721 [pool-37-thread-1] INFO  server.RaftServerConfigKeys (ConfUtils.java:logGet(43)) - raft.server.log.statemachine.data.caching.enabled = true (custom)
2019-09-26 13:14:03,722 [pool-37-thread-1] INFO  segmented.SegmentedRaftLogWorker (SegmentedRaftLogWorker.java:lambda$new$0(132)) - 14ea3107-d91f-437f-ad5f-c829a9f29dfc@group-78D82F752D7E-SegmentedRaftLogWorker: flushIndex: setUnconditionally 0 -> -1
2019-09-26 13:14:03,722 [pool-37-thread-1] INFO  server.RaftServerConfigKeys (ConfUtils.java:logGet(43)) - raft.server.snapshot.auto.trigger.enabled = true (custom)
2019-09-26 13:14:03,722 [pool-37-thread-1] INFO  server.RaftServerConfigKeys (ConfUtils.java:logGet(43)) - raft.server.snapshot.auto.trigger.threshold = 10000 (custom)
2019-09-26 13:14:03,723 [pool-37-thread-1] INFO  server.RaftServerConfigKeys (ConfUtils.java:logGet(43)) - raft.server.snapshot.retention.num.files = 5 (custom)
2019-09-26 13:14:03,723 [pool-37-thread-1] INFO  server.RaftServerConfigKeys (ConfUtils.java:logGet(43)) - raft.server.retrycache.expirytime = 600000ms (custom)
2019-09-26 13:14:03,729 [pool-37-thread-1] INFO  impl.RaftServerImpl (RaftServerImpl.java:start(185)) - 14ea3107-d91f-437f-ad5f-c829a9f29dfc@group-78D82F752D7E: start as a follower, conf=-1: [14ea3107-d91f-437f-ad5f-c829a9f29dfc:192.168.164.238:43234], old=null
2019-09-26 13:14:03,729 [pool-37-thread-1] INFO  impl.RaftServerImpl (RaftServerImpl.java:setRole(174)) - 14ea3107-d91f-437f-ad5f-c829a9f29dfc@group-78D82F752D7E: changes role from      null to FOLLOWER at term 0 for startAsFollower
2019-09-26 13:14:03,729 [pool-37-thread-1] INFO  impl.RoleInfo (RoleInfo.java:updateAndGet(143)) - 14ea3107-d91f-437f-ad5f-c829a9f29dfc: start FollowerState
2019-09-26 13:14:03,731 [pool-37-thread-1] INFO  util.JmxRegister (JmxRegister.java:tryRegister(44)) - Successfully registered JMX Bean with object name Ratis:service=RaftServer,group=group-78D82F752D7E,id=14ea3107-d91f-437f-ad5f-c829a9f29dfc
2019-09-26 13:14:03,741 [RatisPipelineUtilsThread] INFO  pipeline.PipelineStateManager (PipelineStateManager.java:addPipeline(56)) - Created pipeline Pipeline[ Id: a1e0c507-2bec-4366-8bba-78d82f752d7e, Nodes: 14ea3107-d91f-437f-ad5f-c829a9f29dfc{ip: 192.168.164.238, host: pr-hdds-1569-87zkn-1081879488, networkLocation: /default-rack, certSerialId: null}, Type:RATIS, Factor:ONE, State:OPEN]
2019-09-26 13:14:03,755 [grpc-default-executor-0] INFO  impl.RaftServerProxy (RaftServerProxy.java:addNew(89)) - 14ea3107-d91f-437f-ad5f-c829a9f29dfc: addNew group-347FCD2D7E36:[14ea3107-d91f-437f-ad5f-c829a9f29dfc:192.168.164.238:43234] returns group-347FCD2D7E36:java.util.concurrent.CompletableFuture@66b67540[Not completed]
2019-09-26 13:14:03,757 [pool-37-thread-1] INFO  impl.RaftServerImpl (RaftServerImpl.java:<init>(95)) - 14ea3107-d91f-437f-ad5f-c829a9f29dfc: new RaftServerImpl for group-347FCD2D7E36:[14ea3107-d91f-437f-ad5f-c829a9f29dfc:192.168.164.238:43234] with ContainerStateMachine:uninitialized
2019-09-26 13:14:03,757 [pool-37-thread-1] INFO  server.RaftServerConfigKeys (ConfUtils.java:logGet(43)) - raft.server.rpc.timeout.min = 5s (custom)
2019-09-26 13:14:03,757 [pool-37-thread-1] INFO  server.RaftServerConfigKeys (ConfUtils.java:logGet(43)) - raft.server.rpc.timeout.max = 5200ms (custom)
2019-09-26 13:14:03,757 [pool-37-thread-1] INFO  server.RaftServerConfigKeys (ConfUtils.java:logGet(43)) - raft.server.rpcslowness.timeout = 120s (custom)
2019-09-26 13:14:03,758 [pool-37-thread-1] INFO  server.RaftServerConfigKeys (ConfUtils.java:logGet(43)) - raft.server.sleep.deviation.threshold = 300 (default)
2019-09-26 13:14:03,758 [pool-37-thread-1] INFO  server.RaftServerConfigKeys (ConfUtils.java:logGet(43)) - raft.server.log.appender.install.snapshot.enabled = false (custom)
2019-09-26 13:14:03,758 [pool-37-thread-1] INFO  impl.RaftServerImpl (ServerState.java:<init>(103)) - 14ea3107-d91f-437f-ad5f-c829a9f29dfc@group-347FCD2D7E36: ConfigurationManager, init=-1: [14ea3107-d91f-437f-ad5f-c829a9f29dfc:192.168.164.238:43234], old=null, confs=<EMPTY_MAP>
2019-09-26 13:14:03,758 [pool-37-thread-1] INFO  server.RaftServerConfigKeys (ConfUtils.java:logGet(43)) - raft.server.storage.dir = [/workdir/hadoop-ozone/integration-test/target/test-dir/MiniOzoneClusterImpl-ed2f9e77-5d43-4f59-afa0-64bc0fdbaca5/datanode-1/data/ratis] (custom)
2019-09-26 13:14:03,759 [pool-37-thread-1] INFO  storage.RaftStorageDirectory (RaftStorageDirectory.java:analyzeStorage(246)) - The storage directory /workdir/hadoop-ozone/integration-test/target/test-dir/MiniOzoneClusterImpl-ed2f9e77-5d43-4f59-afa0-64bc0fdbaca5/datanode-1/data/ratis/5c1875f3-5ae1-4ad4-9fb9-347fcd2d7e36 does not exist. Creating ...
2019-09-26 13:14:03,959 [main] INFO  ozone.MiniOzoneClusterImpl (MiniOzoneClusterImpl.java:lambda$waitForClusterToBeReady$0(147)) - Cluster is ready. Got 3 of 3 DN Heartbeats.
2019-09-26 13:14:04,028 [pool-37-thread-1] INFO  storage.RaftStorageDirectory (RaftStorageDirectory.java:tryLock(328)) - Lock on /workdir/hadoop-ozone/integration-test/target/test-dir/MiniOzoneClusterImpl-ed2f9e77-5d43-4f59-afa0-64bc0fdbaca5/datanode-1/data/ratis/5c1875f3-5ae1-4ad4-9fb9-347fcd2d7e36/in_use.lock acquired by nodename 10026@pr-hdds-1569-87zkn-1081879488
2019-09-26 13:14:04,047 [pool-37-thread-1] INFO  storage.RaftStorage (RaftStorage.java:format(72)) - Storage directory /workdir/hadoop-ozone/integration-test/target/test-dir/MiniOzoneClusterImpl-ed2f9e77-5d43-4f59-afa0-64bc0fdbaca5/datanode-1/data/ratis/5c1875f3-5ae1-4ad4-9fb9-347fcd2d7e36 has been successfully formatted.
2019-09-26 13:14:04,047 [pool-37-thread-1] INFO  ratis.ContainerStateMachine (ContainerStateMachine.java:loadSnapshot(230)) - group-347FCD2D7E36: The snapshot info is null. Setting the last applied indexto:(t:0, i:~)
2019-09-26 13:14:04,048 [pool-37-thread-1] INFO  server.RaftServerConfigKeys (ConfUtils.java:logGet(43)) - raft.server.notification.no-leader.timeout = 120s (custom)
2019-09-26 13:14:04,048 [pool-37-thread-1] INFO  server.RaftServerConfigKeys (ConfUtils.java:logGet(43)) - raft.server.log.use.memory = false (default)
2019-09-26 13:14:04,048 [pool-37-thread-1] INFO  server.RaftServerConfigKeys (ConfUtils.java:logGet(43)) - raft.server.log.purge.gap = 1000000 (custom)
2019-09-26 13:14:04,048 [pool-37-thread-1] INFO  server.RaftServerConfigKeys (ConfUtils.java:logGet(43)) - raft.server.log.appender.buffer.byte-limit = 33554432 (custom)
2019-09-26 13:14:04,049 [pool-37-thread-1] INFO  server.RaftServerConfigKeys (ConfUtils.java:logGet(43)) - raft.server.log.segment.size.max = 1048576 (custom)
2019-09-26 13:14:04,049 [pool-37-thread-1] INFO  server.RaftServerConfigKeys (ConfUtils.java:logGet(43)) - raft.server.log.segment.cache.num.max = 2 (custom)
2019-09-26 13:14:04,049 [pool-37-thread-1] INFO  segmented.SegmentedRaftLogWorker (SegmentedRaftLogWorker.java:<init>(172)) - new 14ea3107-d91f-437f-ad5f-c829a9f29dfc@group-347FCD2D7E36-SegmentedRaftLogWorker for RaftStorage:Storage Directory /workdir/hadoop-ozone/integration-test/target/test-dir/MiniOzoneClusterImpl-ed2f9e77-5d43-4f59-afa0-64bc0fdbaca5/datanode-1/data/ratis/5c1875f3-5ae1-4ad4-9fb9-347fcd2d7e36
2019-09-26 13:14:04,049 [pool-37-thread-1] INFO  server.RaftServerConfigKeys (ConfUtils.java:logGet(43)) - raft.server.log.queue.byte-limit = 2147483647 (custom)
2019-09-26 13:14:04,050 [pool-37-thread-1] INFO  server.RaftServerConfigKeys (ConfUtils.java:logGet(43)) - raft.server.log.queue.element-limit = 1024 (custom)
2019-09-26 13:14:04,050 [pool-37-thread-1] INFO  server.RaftServerConfigKeys (ConfUtils.java:logGet(43)) - raft.server.log.segment.size.max = 1048576 (custom)
2019-09-26 13:14:04,050 [pool-37-thread-1] INFO  server.RaftServerConfigKeys (ConfUtils.java:logGet(43)) - raft.server.log.preallocated.size = 16384 (custom)
2019-09-26 13:14:04,050 [pool-37-thread-1] INFO  server.RaftServerConfigKeys (ConfUtils.java:logGet(43)) - raft.server.log.write.buffer.size = 33554432 (custom)
2019-09-26 13:14:04,050 [pool-37-thread-1] INFO  server.RaftServerConfigKeys (ConfUtils.java:logGet(43)) - raft.server.log.force.sync.num = 128 (default)
2019-09-26 13:14:04,051 [pool-37-thread-1] INFO  server.RaftServerConfigKeys (ConfUtils.java:logGet(43)) - raft.server.log.statemachine.data.sync = true (default)
2019-09-26 13:14:04,051 [pool-37-thread-1] INFO  server.RaftServerConfigKeys (ConfUtils.java:logGet(43)) - raft.server.log.statemachine.data.sync.timeout = 10s (default)
2019-09-26 13:14:04,051 [pool-37-thread-1] INFO  server.RaftServerConfigKeys (ConfUtils.java:logGet(43)) - raft.server.log.statemachine.data.sync.timeout.retry = -1 (default)
2019-09-26 13:14:04,051 [pool-37-thread-1] INFO  server.RaftServerConfigKeys (ConfUtils.java:logGet(43)) - raft.server.log.statemachine.data.caching.enabled = true (custom)
2019-09-26 13:14:04,052 [pool-37-thread-1] INFO  segmented.SegmentedRaftLogWorker (SegmentedRaftLogWorker.java:lambda$new$0(132)) - 14ea3107-d91f-437f-ad5f-c829a9f29dfc@group-347FCD2D7E36-SegmentedRaftLogWorker: flushIndex: setUnconditionally 0 -> -1
2019-09-26 13:14:04,052 [pool-37-thread-1] INFO  server.RaftServerConfigKeys (ConfUtils.java:logGet(43)) - raft.server.snapshot.auto.trigger.enabled = true (custom)
2019-09-26 13:14:04,053 [pool-37-thread-1] INFO  server.RaftServerConfigKeys (ConfUtils.java:logGet(43)) - raft.server.snapshot.auto.trigger.threshold = 10000 (custom)
2019-09-26 13:14:04,053 [pool-37-thread-1] INFO  server.RaftServerConfigKeys (ConfUtils.java:logGet(43)) - raft.server.snapshot.retention.num.files = 5 (custom)
2019-09-26 13:14:04,053 [pool-37-thread-1] INFO  server.RaftServerConfigKeys (ConfUtils.java:logGet(43)) - raft.server.retrycache.expirytime = 600000ms (custom)
2019-09-26 13:14:04,059 [pool-37-thread-1] INFO  impl.RaftServerImpl (RaftServerImpl.java:start(185)) - 14ea3107-d91f-437f-ad5f-c829a9f29dfc@group-347FCD2D7E36: start as a follower, conf=-1: [14ea3107-d91f-437f-ad5f-c829a9f29dfc:192.168.164.238:43234], old=null
2019-09-26 13:14:04,059 [pool-37-thread-1] INFO  impl.RaftServerImpl (RaftServerImpl.java:setRole(174)) - 14ea3107-d91f-437f-ad5f-c829a9f29dfc@group-347FCD2D7E36: changes role from      null to FOLLOWER at term 0 for startAsFollower
2019-09-26 13:14:04,059 [pool-37-thread-1] INFO  impl.RoleInfo (RoleInfo.java:updateAndGet(143)) - 14ea3107-d91f-437f-ad5f-c829a9f29dfc: start FollowerState
2019-09-26 13:14:04,060 [pool-37-thread-1] INFO  util.JmxRegister (JmxRegister.java:tryRegister(44)) - Successfully registered JMX Bean with object name Ratis:service=RaftServer,group=group-347FCD2D7E36,id=14ea3107-d91f-437f-ad5f-c829a9f29dfc
2019-09-26 13:14:04,073 [RatisPipelineUtilsThread] INFO  pipeline.PipelineStateManager (PipelineStateManager.java:addPipeline(56)) - Created pipeline Pipeline[ Id: 5c1875f3-5ae1-4ad4-9fb9-347fcd2d7e36, Nodes: 14ea3107-d91f-437f-ad5f-c829a9f29dfc{ip: 192.168.164.238, host: pr-hdds-1569-87zkn-1081879488, networkLocation: /default-rack, certSerialId: null}, Type:RATIS, Factor:ONE, State:OPEN]
2019-09-26 13:14:04,090 [grpc-default-executor-0] INFO  impl.RaftServerProxy (RaftServerProxy.java:addNew(89)) - 14ea3107-d91f-437f-ad5f-c829a9f29dfc: addNew group-E79737A26A31:[14ea3107-d91f-437f-ad5f-c829a9f29dfc:192.168.164.238:43234] returns group-E79737A26A31:java.util.concurrent.CompletableFuture@64d6851e[Not completed]
2019-09-26 13:14:04,091 [pool-37-thread-1] INFO  impl.RaftServerImpl (RaftServerImpl.java:<init>(95)) - 14ea3107-d91f-437f-ad5f-c829a9f29dfc: new RaftServerImpl for group-E79737A26A31:[14ea3107-d91f-437f-ad5f-c829a9f29dfc:192.168.164.238:43234] with ContainerStateMachine:uninitialized
2019-09-26 13:14:04,092 [pool-37-thread-1] INFO  server.RaftServerConfigKeys (ConfUtils.java:logGet(43)) - raft.server.rpc.timeout.min = 5s (custom)
2019-09-26 13:14:04,092 [pool-37-thread-1] INFO  server.RaftServerConfigKeys (ConfUtils.java:logGet(43)) - raft.server.rpc.timeout.max = 5200ms (custom)
2019-09-26 13:14:04,092 [pool-37-thread-1] INFO  server.RaftServerConfigKeys (ConfUtils.java:logGet(43)) - raft.server.rpcslowness.timeout = 120s (custom)
2019-09-26 13:14:04,092 [pool-37-thread-1] INFO  server.RaftServerConfigKeys (ConfUtils.java:logGet(43)) - raft.server.sleep.deviation.threshold = 300 (default)
2019-09-26 13:14:04,092 [pool-37-thread-1] INFO  server.RaftServerConfigKeys (ConfUtils.java:logGet(43)) - raft.server.log.appender.install.snapshot.enabled = false (custom)
2019-09-26 13:14:04,092 [pool-37-thread-1] INFO  impl.RaftServerImpl (ServerState.java:<init>(103)) - 14ea3107-d91f-437f-ad5f-c829a9f29dfc@group-E79737A26A31: ConfigurationManager, init=-1: [14ea3107-d91f-437f-ad5f-c829a9f29dfc:192.168.164.238:43234], old=null, confs=<EMPTY_MAP>
2019-09-26 13:14:04,093 [pool-37-thread-1] INFO  server.RaftServerConfigKeys (ConfUtils.java:logGet(43)) - raft.server.storage.dir = [/workdir/hadoop-ozone/integration-test/target/test-dir/MiniOzoneClusterImpl-ed2f9e77-5d43-4f59-afa0-64bc0fdbaca5/datanode-1/data/ratis] (custom)
2019-09-26 13:14:04,093 [pool-37-thread-1] INFO  storage.RaftStorageDirectory (RaftStorageDirectory.java:analyzeStorage(246)) - The storage directory /workdir/hadoop-ozone/integration-test/target/test-dir/MiniOzoneClusterImpl-ed2f9e77-5d43-4f59-afa0-64bc0fdbaca5/datanode-1/data/ratis/abb011c3-a211-4f23-98f5-e79737a26a31 does not exist. Creating ...
2019-09-26 13:14:04,101 [pool-37-thread-1] INFO  storage.RaftStorageDirectory (RaftStorageDirectory.java:tryLock(328)) - Lock on /workdir/hadoop-ozone/integration-test/target/test-dir/MiniOzoneClusterImpl-ed2f9e77-5d43-4f59-afa0-64bc0fdbaca5/datanode-1/data/ratis/abb011c3-a211-4f23-98f5-e79737a26a31/in_use.lock acquired by nodename 10026@pr-hdds-1569-87zkn-1081879488
2019-09-26 13:14:04,107 [pool-37-thread-1] INFO  storage.RaftStorage (RaftStorage.java:format(72)) - Storage directory /workdir/hadoop-ozone/integration-test/target/test-dir/MiniOzoneClusterImpl-ed2f9e77-5d43-4f59-afa0-64bc0fdbaca5/datanode-1/data/ratis/abb011c3-a211-4f23-98f5-e79737a26a31 has been successfully formatted.
2019-09-26 13:14:04,108 [pool-37-thread-1] INFO  ratis.ContainerStateMachine (ContainerStateMachine.java:loadSnapshot(230)) - group-E79737A26A31: The snapshot info is null. Setting the last applied indexto:(t:0, i:~)
2019-09-26 13:14:04,108 [pool-37-thread-1] INFO  server.RaftServerConfigKeys (ConfUtils.java:logGet(43)) - raft.server.notification.no-leader.timeout = 120s (custom)
2019-09-26 13:14:04,108 [pool-37-thread-1] INFO  server.RaftServerConfigKeys (ConfUtils.java:logGet(43)) - raft.server.log.use.memory = false (default)
2019-09-26 13:14:04,108 [pool-37-thread-1] INFO  server.RaftServerConfigKeys (ConfUtils.java:logGet(43)) - raft.server.log.purge.gap = 1000000 (custom)
2019-09-26 13:14:04,109 [pool-37-thread-1] INFO  server.RaftServerConfigKeys (ConfUtils.java:logGet(43)) - raft.server.log.appender.buffer.byte-limit = 33554432 (custom)
2019-09-26 13:14:04,109 [pool-37-thread-1] INFO  server.RaftServerConfigKeys (ConfUtils.java:logGet(43)) - raft.server.log.segment.size.max = 1048576 (custom)
2019-09-26 13:14:04,109 [pool-37-thread-1] INFO  server.RaftServerConfigKeys (ConfUtils.java:logGet(43)) - raft.server.log.segment.cache.num.max = 2 (custom)
2019-09-26 13:14:04,109 [pool-37-thread-1] INFO  segmented.SegmentedRaftLogWorker (SegmentedRaftLogWorker.java:<init>(172)) - new 14ea3107-d91f-437f-ad5f-c829a9f29dfc@group-E79737A26A31-SegmentedRaftLogWorker for RaftStorage:Storage Directory /workdir/hadoop-ozone/integration-test/target/test-dir/MiniOzoneClusterImpl-ed2f9e77-5d43-4f59-afa0-64bc0fdbaca5/datanode-1/data/ratis/abb011c3-a211-4f23-98f5-e79737a26a31
2019-09-26 13:14:04,109 [pool-37-thread-1] INFO  server.RaftServerConfigKeys (ConfUtils.java:logGet(43)) - raft.server.log.queue.byte-limit = 2147483647 (custom)
2019-09-26 13:14:04,110 [pool-37-thread-1] INFO  server.RaftServerConfigKeys (ConfUtils.java:logGet(43)) - raft.server.log.queue.element-limit = 1024 (custom)
2019-09-26 13:14:04,110 [pool-37-thread-1] INFO  server.RaftServerConfigKeys (ConfUtils.java:logGet(43)) - raft.server.log.segment.size.max = 1048576 (custom)
2019-09-26 13:14:04,110 [pool-37-thread-1] INFO  server.RaftServerConfigKeys (ConfUtils.java:logGet(43)) - raft.server.log.preallocated.size = 16384 (custom)
2019-09-26 13:14:04,110 [pool-37-thread-1] INFO  server.RaftServerConfigKeys (ConfUtils.java:logGet(43)) - raft.server.log.write.buffer.size = 33554432 (custom)
2019-09-26 13:14:04,110 [pool-37-thread-1] INFO  server.RaftServerConfigKeys (ConfUtils.java:logGet(43)) - raft.server.log.force.sync.num = 128 (default)
2019-09-26 13:14:04,110 [pool-37-thread-1] INFO  server.RaftServerConfigKeys (ConfUtils.java:logGet(43)) - raft.server.log.statemachine.data.sync = true (default)
2019-09-26 13:14:04,111 [pool-37-thread-1] INFO  server.RaftServerConfigKeys (ConfUtils.java:logGet(43)) - raft.server.log.statemachine.data.sync.timeout = 10s (default)
2019-09-26 13:14:04,111 [pool-37-thread-1] INFO  server.RaftServerConfigKeys (ConfUtils.java:logGet(43)) - raft.server.log.statemachine.data.sync.timeout.retry = -1 (default)
2019-09-26 13:14:04,111 [pool-37-thread-1] INFO  server.RaftServerConfigKeys (ConfUtils.java:logGet(43)) - raft.server.log.statemachine.data.caching.enabled = true (custom)
2019-09-26 13:14:04,111 [pool-37-thread-1] INFO  segmented.SegmentedRaftLogWorker (SegmentedRaftLogWorker.java:lambda$new$0(132)) - 14ea3107-d91f-437f-ad5f-c829a9f29dfc@group-E79737A26A31-SegmentedRaftLogWorker: flushIndex: setUnconditionally 0 -> -1
2019-09-26 13:14:04,112 [pool-37-thread-1] INFO  server.RaftServerConfigKeys (ConfUtils.java:logGet(43)) - raft.server.snapshot.auto.trigger.enabled = true (custom)
2019-09-26 13:14:04,112 [pool-37-thread-1] INFO  server.RaftServerConfigKeys (ConfUtils.java:logGet(43)) - raft.server.snapshot.auto.trigger.threshold = 10000 (custom)
2019-09-26 13:14:04,112 [pool-37-thread-1] INFO  server.RaftServerConfigKeys (ConfUtils.java:logGet(43)) - raft.server.snapshot.retention.num.files = 5 (custom)
2019-09-26 13:14:04,112 [pool-37-thread-1] INFO  server.RaftServerConfigKeys (ConfUtils.java:logGet(43)) - raft.server.retrycache.expirytime = 600000ms (custom)
2019-09-26 13:14:04,117 [pool-37-thread-1] INFO  impl.RaftServerImpl (RaftServerImpl.java:start(185)) - 14ea3107-d91f-437f-ad5f-c829a9f29dfc@group-E79737A26A31: start as a follower, conf=-1: [14ea3107-d91f-437f-ad5f-c829a9f29dfc:192.168.164.238:43234], old=null
2019-09-26 13:14:04,117 [pool-37-thread-1] INFO  impl.RaftServerImpl (RaftServerImpl.java:setRole(174)) - 14ea3107-d91f-437f-ad5f-c829a9f29dfc@group-E79737A26A31: changes role from      null to FOLLOWER at term 0 for startAsFollower
2019-09-26 13:14:04,117 [pool-37-thread-1] INFO  impl.RoleInfo (RoleInfo.java:updateAndGet(143)) - 14ea3107-d91f-437f-ad5f-c829a9f29dfc: start FollowerState
2019-09-26 13:14:04,118 [pool-37-thread-1] INFO  util.JmxRegister (JmxRegister.java:tryRegister(44)) - Successfully registered JMX Bean with object name Ratis:service=RaftServer,group=group-E79737A26A31,id=14ea3107-d91f-437f-ad5f-c829a9f29dfc
2019-09-26 13:14:04,135 [RatisPipelineUtilsThread] INFO  pipeline.PipelineStateManager (PipelineStateManager.java:addPipeline(56)) - Created pipeline Pipeline[ Id: abb011c3-a211-4f23-98f5-e79737a26a31, Nodes: 14ea3107-d91f-437f-ad5f-c829a9f29dfc{ip: 192.168.164.238, host: pr-hdds-1569-87zkn-1081879488, networkLocation: /default-rack, certSerialId: null}, Type:RATIS, Factor:ONE, State:OPEN]
2019-09-26 13:14:04,150 [grpc-default-executor-0] INFO  impl.RaftServerProxy (RaftServerProxy.java:addNew(89)) - 14ea3107-d91f-437f-ad5f-c829a9f29dfc: addNew group-0AE2E89A81FD:[14ea3107-d91f-437f-ad5f-c829a9f29dfc:192.168.164.238:43234] returns group-0AE2E89A81FD:java.util.concurrent.CompletableFuture@77e22ff[Not completed]
2019-09-26 13:14:04,152 [pool-37-thread-1] INFO  impl.RaftServerImpl (RaftServerImpl.java:<init>(95)) - 14ea3107-d91f-437f-ad5f-c829a9f29dfc: new RaftServerImpl for group-0AE2E89A81FD:[14ea3107-d91f-437f-ad5f-c829a9f29dfc:192.168.164.238:43234] with ContainerStateMachine:uninitialized
2019-09-26 13:14:04,152 [pool-37-thread-1] INFO  server.RaftServerConfigKeys (ConfUtils.java:logGet(43)) - raft.server.rpc.timeout.min = 5s (custom)
2019-09-26 13:14:04,152 [pool-37-thread-1] INFO  server.RaftServerConfigKeys (ConfUtils.java:logGet(43)) - raft.server.rpc.timeout.max = 5200ms (custom)
2019-09-26 13:14:04,153 [pool-37-thread-1] INFO  server.RaftServerConfigKeys (ConfUtils.java:logGet(43)) - raft.server.rpcslowness.timeout = 120s (custom)
2019-09-26 13:14:04,153 [pool-37-thread-1] INFO  server.RaftServerConfigKeys (ConfUtils.java:logGet(43)) - raft.server.sleep.deviation.threshold = 300 (default)
2019-09-26 13:14:04,153 [pool-37-thread-1] INFO  server.RaftServerConfigKeys (ConfUtils.java:logGet(43)) - raft.server.log.appender.install.snapshot.enabled = false (custom)
2019-09-26 13:14:04,153 [pool-37-thread-1] INFO  impl.RaftServerImpl (ServerState.java:<init>(103)) - 14ea3107-d91f-437f-ad5f-c829a9f29dfc@group-0AE2E89A81FD: ConfigurationManager, init=-1: [14ea3107-d91f-437f-ad5f-c829a9f29dfc:192.168.164.238:43234], old=null, confs=<EMPTY_MAP>
2019-09-26 13:14:04,153 [pool-37-thread-1] INFO  server.RaftServerConfigKeys (ConfUtils.java:logGet(43)) - raft.server.storage.dir = [/workdir/hadoop-ozone/integration-test/target/test-dir/MiniOzoneClusterImpl-ed2f9e77-5d43-4f59-afa0-64bc0fdbaca5/datanode-1/data/ratis] (custom)
2019-09-26 13:14:04,154 [pool-37-thread-1] INFO  storage.RaftStorageDirectory (RaftStorageDirectory.java:analyzeStorage(246)) - The storage directory /workdir/hadoop-ozone/integration-test/target/test-dir/MiniOzoneClusterImpl-ed2f9e77-5d43-4f59-afa0-64bc0fdbaca5/datanode-1/data/ratis/f8a152e1-68f6-4be5-9645-0ae2e89a81fd does not exist. Creating ...
2019-09-26 13:14:04,184 [pool-37-thread-1] INFO  storage.RaftStorageDirectory (RaftStorageDirectory.java:tryLock(328)) - Lock on /workdir/hadoop-ozone/integration-test/target/test-dir/MiniOzoneClusterImpl-ed2f9e77-5d43-4f59-afa0-64bc0fdbaca5/datanode-1/data/ratis/f8a152e1-68f6-4be5-9645-0ae2e89a81fd/in_use.lock acquired by nodename 10026@pr-hdds-1569-87zkn-1081879488
2019-09-26 13:14:04,203 [pool-37-thread-1] INFO  storage.RaftStorage (RaftStorage.java:format(72)) - Storage directory /workdir/hadoop-ozone/integration-test/target/test-dir/MiniOzoneClusterImpl-ed2f9e77-5d43-4f59-afa0-64bc0fdbaca5/datanode-1/data/ratis/f8a152e1-68f6-4be5-9645-0ae2e89a81fd has been successfully formatted.
2019-09-26 13:14:04,203 [pool-37-thread-1] INFO  ratis.ContainerStateMachine (ContainerStateMachine.java:loadSnapshot(230)) - group-0AE2E89A81FD: The snapshot info is null. Setting the last applied indexto:(t:0, i:~)
2019-09-26 13:14:04,203 [pool-37-thread-1] INFO  server.RaftServerConfigKeys (ConfUtils.java:logGet(43)) - raft.server.notification.no-leader.timeout = 120s (custom)
2019-09-26 13:14:04,203 [pool-37-thread-1] INFO  server.RaftServerConfigKeys (ConfUtils.java:logGet(43)) - raft.server.log.use.memory = false (default)
2019-09-26 13:14:04,203 [pool-37-thread-1] INFO  server.RaftServerConfigKeys (ConfUtils.java:logGet(43)) - raft.server.log.purge.gap = 1000000 (custom)
2019-09-26 13:14:04,204 [pool-37-thread-1] INFO  server.RaftServerConfigKeys (ConfUtils.java:logGet(43)) - raft.server.log.appender.buffer.byte-limit = 33554432 (custom)
2019-09-26 13:14:04,204 [pool-37-thread-1] INFO  server.RaftServerConfigKeys (ConfUtils.java:logGet(43)) - raft.server.log.segment.size.max = 1048576 (custom)
2019-09-26 13:14:04,204 [pool-37-thread-1] INFO  server.RaftServerConfigKeys (ConfUtils.java:logGet(43)) - raft.server.log.segment.cache.num.max = 2 (custom)
2019-09-26 13:14:04,204 [pool-37-thread-1] INFO  segmented.SegmentedRaftLogWorker (SegmentedRaftLogWorker.java:<init>(172)) - new 14ea3107-d91f-437f-ad5f-c829a9f29dfc@group-0AE2E89A81FD-SegmentedRaftLogWorker for RaftStorage:Storage Directory /workdir/hadoop-ozone/integration-test/target/test-dir/MiniOzoneClusterImpl-ed2f9e77-5d43-4f59-afa0-64bc0fdbaca5/datanode-1/data/ratis/f8a152e1-68f6-4be5-9645-0ae2e89a81fd
2019-09-26 13:14:04,204 [pool-37-thread-1] INFO  server.RaftServerConfigKeys (ConfUtils.java:logGet(43)) - raft.server.log.queue.byte-limit = 2147483647 (custom)
2019-09-26 13:14:04,204 [pool-37-thread-1] INFO  server.RaftServerConfigKeys (ConfUtils.java:logGet(43)) - raft.server.log.queue.element-limit = 1024 (custom)
2019-09-26 13:14:04,204 [pool-37-thread-1] INFO  server.RaftServerConfigKeys (ConfUtils.java:logGet(43)) - raft.server.log.segment.size.max = 1048576 (custom)
2019-09-26 13:14:04,205 [pool-37-thread-1] INFO  server.RaftServerConfigKeys (ConfUtils.java:logGet(43)) - raft.server.log.preallocated.size = 16384 (custom)
2019-09-26 13:14:04,205 [pool-37-thread-1] INFO  server.RaftServerConfigKeys (ConfUtils.java:logGet(43)) - raft.server.log.write.buffer.size = 33554432 (custom)
2019-09-26 13:14:04,205 [pool-37-thread-1] INFO  server.RaftServerConfigKeys (ConfUtils.java:logGet(43)) - raft.server.log.force.sync.num = 128 (default)
2019-09-26 13:14:04,205 [pool-37-thread-1] INFO  server.RaftServerConfigKeys (ConfUtils.java:logGet(43)) - raft.server.log.statemachine.data.sync = true (default)
2019-09-26 13:14:04,205 [pool-37-thread-1] INFO  server.RaftServerConfigKeys (ConfUtils.java:logGet(43)) - raft.server.log.statemachine.data.sync.timeout = 10s (default)
2019-09-26 13:14:04,205 [pool-37-thread-1] INFO  server.RaftServerConfigKeys (ConfUtils.java:logGet(43)) - raft.server.log.statemachine.data.sync.timeout.retry = -1 (default)
2019-09-26 13:14:04,206 [pool-37-thread-1] INFO  server.RaftServerConfigKeys (ConfUtils.java:logGet(43)) - raft.server.log.statemachine.data.caching.enabled = true (custom)
2019-09-26 13:14:04,206 [pool-37-thread-1] INFO  segmented.SegmentedRaftLogWorker (SegmentedRaftLogWorker.java:lambda$new$0(132)) - 14ea3107-d91f-437f-ad5f-c829a9f29dfc@group-0AE2E89A81FD-SegmentedRaftLogWorker: flushIndex: setUnconditionally 0 -> -1
2019-09-26 13:14:04,206 [pool-37-thread-1] INFO  server.RaftServerConfigKeys (ConfUtils.java:logGet(43)) - raft.server.snapshot.auto.trigger.enabled = true (custom)
2019-09-26 13:14:04,206 [pool-37-thread-1] INFO  server.RaftServerConfigKeys (ConfUtils.java:logGet(43)) - raft.server.snapshot.auto.trigger.threshold = 10000 (custom)
2019-09-26 13:14:04,206 [pool-37-thread-1] INFO  server.RaftServerConfigKeys (ConfUtils.java:logGet(43)) - raft.server.snapshot.retention.num.files = 5 (custom)
2019-09-26 13:14:04,207 [pool-37-thread-1] INFO  server.RaftServerConfigKeys (ConfUtils.java:logGet(43)) - raft.server.retrycache.expirytime = 600000ms (custom)
2019-09-26 13:14:04,210 [pool-37-thread-1] INFO  impl.RaftServerImpl (RaftServerImpl.java:start(185)) - 14ea3107-d91f-437f-ad5f-c829a9f29dfc@group-0AE2E89A81FD: start as a follower, conf=-1: [14ea3107-d91f-437f-ad5f-c829a9f29dfc:192.168.164.238:43234], old=null
2019-09-26 13:14:04,210 [pool-37-thread-1] INFO  impl.RaftServerImpl (RaftServerImpl.java:setRole(174)) - 14ea3107-d91f-437f-ad5f-c829a9f29dfc@group-0AE2E89A81FD: changes role from      null to FOLLOWER at term 0 for startAsFollower
2019-09-26 13:14:04,210 [pool-37-thread-1] INFO  impl.RoleInfo (RoleInfo.java:updateAndGet(143)) - 14ea3107-d91f-437f-ad5f-c829a9f29dfc: start FollowerState
2019-09-26 13:14:04,211 [pool-37-thread-1] INFO  util.JmxRegister (JmxRegister.java:tryRegister(44)) - Successfully registered JMX Bean with object name Ratis:service=RaftServer,group=group-0AE2E89A81FD,id=14ea3107-d91f-437f-ad5f-c829a9f29dfc
2019-09-26 13:14:04,221 [RatisPipelineUtilsThread] INFO  pipeline.PipelineStateManager (PipelineStateManager.java:addPipeline(56)) - Created pipeline Pipeline[ Id: f8a152e1-68f6-4be5-9645-0ae2e89a81fd, Nodes: 14ea3107-d91f-437f-ad5f-c829a9f29dfc{ip: 192.168.164.238, host: pr-hdds-1569-87zkn-1081879488, networkLocation: /default-rack, certSerialId: null}, Type:RATIS, Factor:ONE, State:OPEN]
2019-09-26 13:14:04,241 [grpc-default-executor-0] INFO  impl.RaftServerProxy (RaftServerProxy.java:addNew(89)) - 14ea3107-d91f-437f-ad5f-c829a9f29dfc: addNew group-C44DB8792557:[14ea3107-d91f-437f-ad5f-c829a9f29dfc:192.168.164.238:43234] returns group-C44DB8792557:java.util.concurrent.CompletableFuture@1526dd53[Not completed]
2019-09-26 13:14:04,242 [pool-37-thread-1] INFO  impl.RaftServerImpl (RaftServerImpl.java:<init>(95)) - 14ea3107-d91f-437f-ad5f-c829a9f29dfc: new RaftServerImpl for group-C44DB8792557:[14ea3107-d91f-437f-ad5f-c829a9f29dfc:192.168.164.238:43234] with ContainerStateMachine:uninitialized
2019-09-26 13:14:04,243 [pool-37-thread-1] INFO  server.RaftServerConfigKeys (ConfUtils.java:logGet(43)) - raft.server.rpc.timeout.min = 5s (custom)
2019-09-26 13:14:04,243 [pool-37-thread-1] INFO  server.RaftServerConfigKeys (ConfUtils.java:logGet(43)) - raft.server.rpc.timeout.max = 5200ms (custom)
2019-09-26 13:14:04,243 [pool-37-thread-1] INFO  server.RaftServerConfigKeys (ConfUtils.java:logGet(43)) - raft.server.rpcslowness.timeout = 120s (custom)
2019-09-26 13:14:04,243 [pool-37-thread-1] INFO  server.RaftServerConfigKeys (ConfUtils.java:logGet(43)) - raft.server.sleep.deviation.threshold = 300 (default)
2019-09-26 13:14:04,243 [pool-37-thread-1] INFO  server.RaftServerConfigKeys (ConfUtils.java:logGet(43)) - raft.server.log.appender.install.snapshot.enabled = false (custom)
2019-09-26 13:14:04,243 [pool-37-thread-1] INFO  impl.RaftServerImpl (ServerState.java:<init>(103)) - 14ea3107-d91f-437f-ad5f-c829a9f29dfc@group-C44DB8792557: ConfigurationManager, init=-1: [14ea3107-d91f-437f-ad5f-c829a9f29dfc:192.168.164.238:43234], old=null, confs=<EMPTY_MAP>
2019-09-26 13:14:04,243 [pool-37-thread-1] INFO  server.RaftServerConfigKeys (ConfUtils.java:logGet(43)) - raft.server.storage.dir = [/workdir/hadoop-ozone/integration-test/target/test-dir/MiniOzoneClusterImpl-ed2f9e77-5d43-4f59-afa0-64bc0fdbaca5/datanode-1/data/ratis] (custom)
2019-09-26 13:14:04,244 [pool-37-thread-1] INFO  storage.RaftStorageDirectory (RaftStorageDirectory.java:analyzeStorage(246)) - The storage directory /workdir/hadoop-ozone/integration-test/target/test-dir/MiniOzoneClusterImpl-ed2f9e77-5d43-4f59-afa0-64bc0fdbaca5/datanode-1/data/ratis/626f2719-7dfd-480a-a092-c44db8792557 does not exist. Creating ...
2019-09-26 13:14:04,265 [pool-37-thread-1] INFO  storage.RaftStorageDirectory (RaftStorageDirectory.java:tryLock(328)) - Lock on /workdir/hadoop-ozone/integration-test/target/test-dir/MiniOzoneClusterImpl-ed2f9e77-5d43-4f59-afa0-64bc0fdbaca5/datanode-1/data/ratis/626f2719-7dfd-480a-a092-c44db8792557/in_use.lock acquired by nodename 10026@pr-hdds-1569-87zkn-1081879488
2019-09-26 13:14:04,278 [pool-37-thread-1] INFO  storage.RaftStorage (RaftStorage.java:format(72)) - Storage directory /workdir/hadoop-ozone/integration-test/target/test-dir/MiniOzoneClusterImpl-ed2f9e77-5d43-4f59-afa0-64bc0fdbaca5/datanode-1/data/ratis/626f2719-7dfd-480a-a092-c44db8792557 has been successfully formatted.
2019-09-26 13:14:04,278 [pool-37-thread-1] INFO  ratis.ContainerStateMachine (ContainerStateMachine.java:loadSnapshot(230)) - group-C44DB8792557: The snapshot info is null. Setting the last applied indexto:(t:0, i:~)
2019-09-26 13:14:04,279 [pool-37-thread-1] INFO  server.RaftServerConfigKeys (ConfUtils.java:logGet(43)) - raft.server.notification.no-leader.timeout = 120s (custom)
2019-09-26 13:14:04,279 [pool-37-thread-1] INFO  server.RaftServerConfigKeys (ConfUtils.java:logGet(43)) - raft.server.log.use.memory = false (default)
2019-09-26 13:14:04,279 [pool-37-thread-1] INFO  server.RaftServerConfigKeys (ConfUtils.java:logGet(43)) - raft.server.log.purge.gap = 1000000 (custom)
2019-09-26 13:14:04,279 [pool-37-thread-1] INFO  server.RaftServerConfigKeys (ConfUtils.java:logGet(43)) - raft.server.log.appender.buffer.byte-limit = 33554432 (custom)
2019-09-26 13:14:04,279 [pool-37-thread-1] INFO  server.RaftServerConfigKeys (ConfUtils.java:logGet(43)) - raft.server.log.segment.size.max = 1048576 (custom)
2019-09-26 13:14:04,279 [pool-37-thread-1] INFO  server.RaftServerConfigKeys (ConfUtils.java:logGet(43)) - raft.server.log.segment.cache.num.max = 2 (custom)
2019-09-26 13:14:04,280 [pool-37-thread-1] INFO  segmented.SegmentedRaftLogWorker (SegmentedRaftLogWorker.java:<init>(172)) - new 14ea3107-d91f-437f-ad5f-c829a9f29dfc@group-C44DB8792557-SegmentedRaftLogWorker for RaftStorage:Storage Directory /workdir/hadoop-ozone/integration-test/target/test-dir/MiniOzoneClusterImpl-ed2f9e77-5d43-4f59-afa0-64bc0fdbaca5/datanode-1/data/ratis/626f2719-7dfd-480a-a092-c44db8792557
2019-09-26 13:14:04,280 [pool-37-thread-1] INFO  server.RaftServerConfigKeys (ConfUtils.java:logGet(43)) - raft.server.log.queue.byte-limit = 2147483647 (custom)
2019-09-26 13:14:04,280 [pool-37-thread-1] INFO  server.RaftServerConfigKeys (ConfUtils.java:logGet(43)) - raft.server.log.queue.element-limit = 1024 (custom)
2019-09-26 13:14:04,280 [pool-37-thread-1] INFO  server.RaftServerConfigKeys (ConfUtils.java:logGet(43)) - raft.server.log.segment.size.max = 1048576 (custom)
2019-09-26 13:14:04,280 [pool-37-thread-1] INFO  server.RaftServerConfigKeys (ConfUtils.java:logGet(43)) - raft.server.log.preallocated.size = 16384 (custom)
2019-09-26 13:14:04,281 [pool-37-thread-1] INFO  server.RaftServerConfigKeys (ConfUtils.java:logGet(43)) - raft.server.log.write.buffer.size = 33554432 (custom)
2019-09-26 13:14:04,281 [pool-37-thread-1] INFO  server.RaftServerConfigKeys (ConfUtils.java:logGet(43)) - raft.server.log.force.sync.num = 128 (default)
2019-09-26 13:14:04,281 [pool-37-thread-1] INFO  server.RaftServerConfigKeys (ConfUtils.java:logGet(43)) - raft.server.log.statemachine.data.sync = true (default)
2019-09-26 13:14:04,281 [pool-37-thread-1] INFO  server.RaftServerConfigKeys (ConfUtils.java:logGet(43)) - raft.server.log.statemachine.data.sync.timeout = 10s (default)
2019-09-26 13:14:04,281 [pool-37-thread-1] INFO  server.RaftServerConfigKeys (ConfUtils.java:logGet(43)) - raft.server.log.statemachine.data.sync.timeout.retry = -1 (default)
2019-09-26 13:14:04,282 [pool-37-thread-1] INFO  server.RaftServerConfigKeys (ConfUtils.java:logGet(43)) - raft.server.log.statemachine.data.caching.enabled = true (custom)
2019-09-26 13:14:04,282 [pool-37-thread-1] INFO  segmented.SegmentedRaftLogWorker (SegmentedRaftLogWorker.java:lambda$new$0(132)) - 14ea3107-d91f-437f-ad5f-c829a9f29dfc@group-C44DB8792557-SegmentedRaftLogWorker: flushIndex: setUnconditionally 0 -> -1
2019-09-26 13:14:04,282 [pool-37-thread-1] INFO  server.RaftServerConfigKeys (ConfUtils.java:logGet(43)) - raft.server.snapshot.auto.trigger.enabled = true (custom)
2019-09-26 13:14:04,283 [pool-37-thread-1] INFO  server.RaftServerConfigKeys (ConfUtils.java:logGet(43)) - raft.server.snapshot.auto.trigger.threshold = 10000 (custom)
2019-09-26 13:14:04,283 [pool-37-thread-1] INFO  server.RaftServerConfigKeys (ConfUtils.java:logGet(43)) - raft.server.snapshot.retention.num.files = 5 (custom)
2019-09-26 13:14:04,283 [pool-37-thread-1] INFO  server.RaftServerConfigKeys (ConfUtils.java:logGet(43)) - raft.server.retrycache.expirytime = 600000ms (custom)
2019-09-26 13:14:04,286 [pool-37-thread-1] INFO  impl.RaftServerImpl (RaftServerImpl.java:start(185)) - 14ea3107-d91f-437f-ad5f-c829a9f29dfc@group-C44DB8792557: start as a follower, conf=-1: [14ea3107-d91f-437f-ad5f-c829a9f29dfc:192.168.164.238:43234], old=null
2019-09-26 13:14:04,286 [pool-37-thread-1] INFO  impl.RaftServerImpl (RaftServerImpl.java:setRole(174)) - 14ea3107-d91f-437f-ad5f-c829a9f29dfc@group-C44DB8792557: changes role from      null to FOLLOWER at term 0 for startAsFollower
2019-09-26 13:14:04,287 [pool-37-thread-1] INFO  impl.RoleInfo (RoleInfo.java:updateAndGet(143)) - 14ea3107-d91f-437f-ad5f-c829a9f29dfc: start FollowerState
2019-09-26 13:14:04,287 [pool-37-thread-1] INFO  util.JmxRegister (JmxRegister.java:tryRegister(44)) - Successfully registered JMX Bean with object name Ratis:service=RaftServer,group=group-C44DB8792557,id=14ea3107-d91f-437f-ad5f-c829a9f29dfc
2019-09-26 13:14:04,299 [RatisPipelineUtilsThread] INFO  pipeline.PipelineStateManager (PipelineStateManager.java:addPipeline(56)) - Created pipeline Pipeline[ Id: 626f2719-7dfd-480a-a092-c44db8792557, Nodes: 14ea3107-d91f-437f-ad5f-c829a9f29dfc{ip: 192.168.164.238, host: pr-hdds-1569-87zkn-1081879488, networkLocation: /default-rack, certSerialId: null}, Type:RATIS, Factor:ONE, State:OPEN]
2019-09-26 13:14:04,310 [grpc-default-executor-0] INFO  impl.RaftServerProxy (RaftServerProxy.java:addNew(89)) - 4df03a29-c5ad-4e89-af92-e85e0e749186: addNew group-93C74BFB84E1:[4df03a29-c5ad-4e89-af92-e85e0e749186:192.168.164.238:44045] returns group-93C74BFB84E1:java.util.concurrent.CompletableFuture@c118223[Not completed]
2019-09-26 13:14:04,326 [pool-47-thread-1] INFO  impl.RaftServerImpl (RaftServerImpl.java:<init>(95)) - 4df03a29-c5ad-4e89-af92-e85e0e749186: new RaftServerImpl for group-93C74BFB84E1:[4df03a29-c5ad-4e89-af92-e85e0e749186:192.168.164.238:44045] with ContainerStateMachine:uninitialized
2019-09-26 13:14:04,327 [pool-47-thread-1] INFO  server.RaftServerConfigKeys (ConfUtils.java:logGet(43)) - raft.server.rpc.timeout.min = 5s (custom)
2019-09-26 13:14:04,327 [pool-47-thread-1] INFO  server.RaftServerConfigKeys (ConfUtils.java:logGet(43)) - raft.server.rpc.timeout.max = 5200ms (custom)
2019-09-26 13:14:04,327 [pool-47-thread-1] INFO  server.RaftServerConfigKeys (ConfUtils.java:logGet(43)) - raft.server.rpcslowness.timeout = 120s (custom)
2019-09-26 13:14:04,327 [pool-47-thread-1] INFO  server.RaftServerConfigKeys (ConfUtils.java:logGet(43)) - raft.server.sleep.deviation.threshold = 300 (default)
2019-09-26 13:14:04,327 [pool-47-thread-1] INFO  server.RaftServerConfigKeys (ConfUtils.java:logGet(43)) - raft.server.log.appender.install.snapshot.enabled = false (custom)
2019-09-26 13:14:04,327 [pool-47-thread-1] INFO  impl.RaftServerImpl (ServerState.java:<init>(103)) - 4df03a29-c5ad-4e89-af92-e85e0e749186@group-93C74BFB84E1: ConfigurationManager, init=-1: [4df03a29-c5ad-4e89-af92-e85e0e749186:192.168.164.238:44045], old=null, confs=<EMPTY_MAP>
2019-09-26 13:14:04,327 [pool-47-thread-1] INFO  server.RaftServerConfigKeys (ConfUtils.java:logGet(43)) - raft.server.storage.dir = [/workdir/hadoop-ozone/integration-test/target/test-dir/MiniOzoneClusterImpl-ed2f9e77-5d43-4f59-afa0-64bc0fdbaca5/datanode-2/data/ratis] (custom)
2019-09-26 13:14:04,328 [pool-47-thread-1] INFO  storage.RaftStorageDirectory (RaftStorageDirectory.java:analyzeStorage(246)) - The storage directory /workdir/hadoop-ozone/integration-test/target/test-dir/MiniOzoneClusterImpl-ed2f9e77-5d43-4f59-afa0-64bc0fdbaca5/datanode-2/data/ratis/5f509dff-d077-43f1-948a-93c74bfb84e1 does not exist. Creating ...
2019-09-26 13:14:04,341 [pool-47-thread-1] INFO  storage.RaftStorageDirectory (RaftStorageDirectory.java:tryLock(328)) - Lock on /workdir/hadoop-ozone/integration-test/target/test-dir/MiniOzoneClusterImpl-ed2f9e77-5d43-4f59-afa0-64bc0fdbaca5/datanode-2/data/ratis/5f509dff-d077-43f1-948a-93c74bfb84e1/in_use.lock acquired by nodename 10026@pr-hdds-1569-87zkn-1081879488
2019-09-26 13:14:04,355 [pool-47-thread-1] INFO  storage.RaftStorage (RaftStorage.java:format(72)) - Storage directory /workdir/hadoop-ozone/integration-test/target/test-dir/MiniOzoneClusterImpl-ed2f9e77-5d43-4f59-afa0-64bc0fdbaca5/datanode-2/data/ratis/5f509dff-d077-43f1-948a-93c74bfb84e1 has been successfully formatted.
2019-09-26 13:14:04,356 [pool-47-thread-1] INFO  ratis.ContainerStateMachine (ContainerStateMachine.java:loadSnapshot(230)) - group-93C74BFB84E1: The snapshot info is null. Setting the last applied indexto:(t:0, i:~)
2019-09-26 13:14:04,356 [pool-47-thread-1] INFO  server.RaftServerConfigKeys (ConfUtils.java:logGet(43)) - raft.server.notification.no-leader.timeout = 120s (custom)
2019-09-26 13:14:04,356 [pool-47-thread-1] INFO  server.RaftServerConfigKeys (ConfUtils.java:logGet(43)) - raft.server.log.use.memory = false (default)
2019-09-26 13:14:04,356 [pool-47-thread-1] INFO  server.RaftServerConfigKeys (ConfUtils.java:logGet(43)) - raft.server.log.purge.gap = 1000000 (custom)
2019-09-26 13:14:04,356 [pool-47-thread-1] INFO  server.RaftServerConfigKeys (ConfUtils.java:logGet(43)) - raft.server.log.appender.buffer.byte-limit = 33554432 (custom)
2019-09-26 13:14:04,356 [pool-47-thread-1] INFO  server.RaftServerConfigKeys (ConfUtils.java:logGet(43)) - raft.server.log.segment.size.max = 1048576 (custom)
2019-09-26 13:14:04,357 [pool-47-thread-1] INFO  server.RaftServerConfigKeys (ConfUtils.java:logGet(43)) - raft.server.log.segment.cache.num.max = 2 (custom)
2019-09-26 13:14:04,357 [pool-47-thread-1] INFO  segmented.SegmentedRaftLogWorker (SegmentedRaftLogWorker.java:<init>(172)) - new 4df03a29-c5ad-4e89-af92-e85e0e749186@group-93C74BFB84E1-SegmentedRaftLogWorker for RaftStorage:Storage Directory /workdir/hadoop-ozone/integration-test/target/test-dir/MiniOzoneClusterImpl-ed2f9e77-5d43-4f59-afa0-64bc0fdbaca5/datanode-2/data/ratis/5f509dff-d077-43f1-948a-93c74bfb84e1
2019-09-26 13:14:04,376 [pool-47-thread-1] INFO  server.RaftServerConfigKeys (ConfUtils.java:logGet(43)) - raft.server.log.queue.byte-limit = 2147483647 (custom)
2019-09-26 13:14:04,376 [pool-47-thread-1] INFO  server.RaftServerConfigKeys (ConfUtils.java:logGet(43)) - raft.server.log.queue.element-limit = 1024 (custom)
2019-09-26 13:14:04,376 [pool-47-thread-1] INFO  server.RaftServerConfigKeys (ConfUtils.java:logGet(43)) - raft.server.log.segment.size.max = 1048576 (custom)
2019-09-26 13:14:04,377 [pool-47-thread-1] INFO  server.RaftServerConfigKeys (ConfUtils.java:logGet(43)) - raft.server.log.preallocated.size = 16384 (custom)
2019-09-26 13:14:04,377 [pool-47-thread-1] INFO  server.RaftServerConfigKeys (ConfUtils.java:logGet(43)) - raft.server.log.write.buffer.size = 33554432 (custom)
2019-09-26 13:14:04,377 [pool-47-thread-1] INFO  server.RaftServerConfigKeys (ConfUtils.java:logGet(43)) - raft.server.log.force.sync.num = 128 (default)
2019-09-26 13:14:04,377 [pool-47-thread-1] INFO  server.RaftServerConfigKeys (ConfUtils.java:logGet(43)) - raft.server.log.statemachine.data.sync = true (default)
2019-09-26 13:14:04,377 [pool-47-thread-1] INFO  server.RaftServerConfigKeys (ConfUtils.java:logGet(43)) - raft.server.log.statemachine.data.sync.timeout = 10s (default)
2019-09-26 13:14:04,377 [pool-47-thread-1] INFO  server.RaftServerConfigKeys (ConfUtils.java:logGet(43)) - raft.server.log.statemachine.data.sync.timeout.retry = -1 (default)
2019-09-26 13:14:04,378 [pool-47-thread-1] INFO  server.RaftServerConfigKeys (ConfUtils.java:logGet(43)) - raft.server.log.statemachine.data.caching.enabled = true (custom)
2019-09-26 13:14:04,378 [pool-47-thread-1] INFO  segmented.SegmentedRaftLogWorker (SegmentedRaftLogWorker.java:lambda$new$0(132)) - 4df03a29-c5ad-4e89-af92-e85e0e749186@group-93C74BFB84E1-SegmentedRaftLogWorker: flushIndex: setUnconditionally 0 -> -1
2019-09-26 13:14:04,378 [pool-47-thread-1] INFO  server.RaftServerConfigKeys (ConfUtils.java:logGet(43)) - raft.server.snapshot.auto.trigger.enabled = true (custom)
2019-09-26 13:14:04,378 [pool-47-thread-1] INFO  server.RaftServerConfigKeys (ConfUtils.java:logGet(43)) - raft.server.snapshot.auto.trigger.threshold = 10000 (custom)
2019-09-26 13:14:04,379 [pool-47-thread-1] INFO  server.RaftServerConfigKeys (ConfUtils.java:logGet(43)) - raft.server.snapshot.retention.num.files = 5 (custom)
2019-09-26 13:14:04,379 [pool-47-thread-1] INFO  server.RaftServerConfigKeys (ConfUtils.java:logGet(43)) - raft.server.retrycache.expirytime = 600000ms (custom)
2019-09-26 13:14:04,382 [pool-47-thread-1] INFO  impl.RaftServerImpl (RaftServerImpl.java:start(185)) - 4df03a29-c5ad-4e89-af92-e85e0e749186@group-93C74BFB84E1: start as a follower, conf=-1: [4df03a29-c5ad-4e89-af92-e85e0e749186:192.168.164.238:44045], old=null
2019-09-26 13:14:04,382 [pool-47-thread-1] INFO  impl.RaftServerImpl (RaftServerImpl.java:setRole(174)) - 4df03a29-c5ad-4e89-af92-e85e0e749186@group-93C74BFB84E1: changes role from      null to FOLLOWER at term 0 for startAsFollower
2019-09-26 13:14:04,382 [pool-47-thread-1] INFO  impl.RoleInfo (RoleInfo.java:updateAndGet(143)) - 4df03a29-c5ad-4e89-af92-e85e0e749186: start FollowerState
2019-09-26 13:14:04,382 [pool-47-thread-1] INFO  util.JmxRegister (JmxRegister.java:tryRegister(44)) - Successfully registered JMX Bean with object name Ratis:service=RaftServer,group=group-93C74BFB84E1,id=4df03a29-c5ad-4e89-af92-e85e0e749186
2019-09-26 13:14:04,389 [RatisPipelineUtilsThread] INFO  pipeline.PipelineStateManager (PipelineStateManager.java:addPipeline(56)) - Created pipeline Pipeline[ Id: 5f509dff-d077-43f1-948a-93c74bfb84e1, Nodes: 4df03a29-c5ad-4e89-af92-e85e0e749186{ip: 192.168.164.238, host: pr-hdds-1569-87zkn-1081879488, networkLocation: /default-rack, certSerialId: null}, Type:RATIS, Factor:ONE, State:OPEN]
2019-09-26 13:14:04,398 [grpc-default-executor-0] INFO  impl.RaftServerProxy (RaftServerProxy.java:addNew(89)) - 14ea3107-d91f-437f-ad5f-c829a9f29dfc: addNew group-8AA580D7F120:[14ea3107-d91f-437f-ad5f-c829a9f29dfc:192.168.164.238:43234] returns group-8AA580D7F120:java.util.concurrent.CompletableFuture@7cf24507[Not completed]
2019-09-26 13:14:04,400 [pool-37-thread-1] INFO  impl.RaftServerImpl (RaftServerImpl.java:<init>(95)) - 14ea3107-d91f-437f-ad5f-c829a9f29dfc: new RaftServerImpl for group-8AA580D7F120:[14ea3107-d91f-437f-ad5f-c829a9f29dfc:192.168.164.238:43234] with ContainerStateMachine:uninitialized
2019-09-26 13:14:04,400 [pool-37-thread-1] INFO  server.RaftServerConfigKeys (ConfUtils.java:logGet(43)) - raft.server.rpc.timeout.min = 5s (custom)
2019-09-26 13:14:04,400 [pool-37-thread-1] INFO  server.RaftServerConfigKeys (ConfUtils.java:logGet(43)) - raft.server.rpc.timeout.max = 5200ms (custom)
2019-09-26 13:14:04,400 [pool-37-thread-1] INFO  server.RaftServerConfigKeys (ConfUtils.java:logGet(43)) - raft.server.rpcslowness.timeout = 120s (custom)
2019-09-26 13:14:04,400 [pool-37-thread-1] INFO  server.RaftServerConfigKeys (ConfUtils.java:logGet(43)) - raft.server.sleep.deviation.threshold = 300 (default)
2019-09-26 13:14:04,400 [pool-37-thread-1] INFO  server.RaftServerConfigKeys (ConfUtils.java:logGet(43)) - raft.server.log.appender.install.snapshot.enabled = false (custom)
2019-09-26 13:14:04,400 [pool-37-thread-1] INFO  impl.RaftServerImpl (ServerState.java:<init>(103)) - 14ea3107-d91f-437f-ad5f-c829a9f29dfc@group-8AA580D7F120: ConfigurationManager, init=-1: [14ea3107-d91f-437f-ad5f-c829a9f29dfc:192.168.164.238:43234], old=null, confs=<EMPTY_MAP>
2019-09-26 13:14:04,401 [pool-37-thread-1] INFO  server.RaftServerConfigKeys (ConfUtils.java:logGet(43)) - raft.server.storage.dir = [/workdir/hadoop-ozone/integration-test/target/test-dir/MiniOzoneClusterImpl-ed2f9e77-5d43-4f59-afa0-64bc0fdbaca5/datanode-1/data/ratis] (custom)
2019-09-26 13:14:04,401 [pool-37-thread-1] INFO  storage.RaftStorageDirectory (RaftStorageDirectory.java:analyzeStorage(246)) - The storage directory /workdir/hadoop-ozone/integration-test/target/test-dir/MiniOzoneClusterImpl-ed2f9e77-5d43-4f59-afa0-64bc0fdbaca5/datanode-1/data/ratis/3ca7f9f9-55ec-434e-96b9-8aa580d7f120 does not exist. Creating ...
2019-09-26 13:14:04,414 [pool-37-thread-1] INFO  storage.RaftStorageDirectory (RaftStorageDirectory.java:tryLock(328)) - Lock on /workdir/hadoop-ozone/integration-test/target/test-dir/MiniOzoneClusterImpl-ed2f9e77-5d43-4f59-afa0-64bc0fdbaca5/datanode-1/data/ratis/3ca7f9f9-55ec-434e-96b9-8aa580d7f120/in_use.lock acquired by nodename 10026@pr-hdds-1569-87zkn-1081879488
2019-09-26 13:14:04,427 [pool-37-thread-1] INFO  storage.RaftStorage (RaftStorage.java:format(72)) - Storage directory /workdir/hadoop-ozone/integration-test/target/test-dir/MiniOzoneClusterImpl-ed2f9e77-5d43-4f59-afa0-64bc0fdbaca5/datanode-1/data/ratis/3ca7f9f9-55ec-434e-96b9-8aa580d7f120 has been successfully formatted.
2019-09-26 13:14:04,428 [pool-37-thread-1] INFO  ratis.ContainerStateMachine (ContainerStateMachine.java:loadSnapshot(230)) - group-8AA580D7F120: The snapshot info is null. Setting the last applied indexto:(t:0, i:~)
2019-09-26 13:14:04,428 [pool-37-thread-1] INFO  server.RaftServerConfigKeys (ConfUtils.java:logGet(43)) - raft.server.notification.no-leader.timeout = 120s (custom)
2019-09-26 13:14:04,428 [pool-37-thread-1] INFO  server.RaftServerConfigKeys (ConfUtils.java:logGet(43)) - raft.server.log.use.memory = false (default)
2019-09-26 13:14:04,428 [pool-37-thread-1] INFO  server.RaftServerConfigKeys (ConfUtils.java:logGet(43)) - raft.server.log.purge.gap = 1000000 (custom)
2019-09-26 13:14:04,428 [pool-37-thread-1] INFO  server.RaftServerConfigKeys (ConfUtils.java:logGet(43)) - raft.server.log.appender.buffer.byte-limit = 33554432 (custom)
2019-09-26 13:14:04,428 [pool-37-thread-1] INFO  server.RaftServerConfigKeys (ConfUtils.java:logGet(43)) - raft.server.log.segment.size.max = 1048576 (custom)
2019-09-26 13:14:04,428 [pool-37-thread-1] INFO  server.RaftServerConfigKeys (ConfUtils.java:logGet(43)) - raft.server.log.segment.cache.num.max = 2 (custom)
2019-09-26 13:14:04,428 [pool-37-thread-1] INFO  segmented.SegmentedRaftLogWorker (SegmentedRaftLogWorker.java:<init>(172)) - new 14ea3107-d91f-437f-ad5f-c829a9f29dfc@group-8AA580D7F120-SegmentedRaftLogWorker for RaftStorage:Storage Directory /workdir/hadoop-ozone/integration-test/target/test-dir/MiniOzoneClusterImpl-ed2f9e77-5d43-4f59-afa0-64bc0fdbaca5/datanode-1/data/ratis/3ca7f9f9-55ec-434e-96b9-8aa580d7f120
2019-09-26 13:14:04,429 [pool-37-thread-1] INFO  server.RaftServerConfigKeys (ConfUtils.java:logGet(43)) - raft.server.log.queue.byte-limit = 2147483647 (custom)
2019-09-26 13:14:04,429 [pool-37-thread-1] INFO  server.RaftServerConfigKeys (ConfUtils.java:logGet(43)) - raft.server.log.queue.element-limit = 1024 (custom)
2019-09-26 13:14:04,429 [pool-37-thread-1] INFO  server.RaftServerConfigKeys (ConfUtils.java:logGet(43)) - raft.server.log.segment.size.max = 1048576 (custom)
2019-09-26 13:14:04,429 [pool-37-thread-1] INFO  server.RaftServerConfigKeys (ConfUtils.java:logGet(43)) - raft.server.log.preallocated.size = 16384 (custom)
2019-09-26 13:14:04,429 [pool-37-thread-1] INFO  server.RaftServerConfigKeys (ConfUtils.java:logGet(43)) - raft.server.log.write.buffer.size = 33554432 (custom)
2019-09-26 13:14:04,429 [pool-37-thread-1] INFO  server.RaftServerConfigKeys (ConfUtils.java:logGet(43)) - raft.server.log.force.sync.num = 128 (default)
2019-09-26 13:14:04,429 [pool-37-thread-1] INFO  server.RaftServerConfigKeys (ConfUtils.java:logGet(43)) - raft.server.log.statemachine.data.sync = true (default)
2019-09-26 13:14:04,429 [pool-37-thread-1] INFO  server.RaftServerConfigKeys (ConfUtils.java:logGet(43)) - raft.server.log.statemachine.data.sync.timeout = 10s (default)
2019-09-26 13:14:04,430 [pool-37-thread-1] INFO  server.RaftServerConfigKeys (ConfUtils.java:logGet(43)) - raft.server.log.statemachine.data.sync.timeout.retry = -1 (default)
2019-09-26 13:14:04,430 [pool-37-thread-1] INFO  server.RaftServerConfigKeys (ConfUtils.java:logGet(43)) - raft.server.log.statemachine.data.caching.enabled = true (custom)
2019-09-26 13:14:04,430 [pool-37-thread-1] INFO  segmented.SegmentedRaftLogWorker (SegmentedRaftLogWorker.java:lambda$new$0(132)) - 14ea3107-d91f-437f-ad5f-c829a9f29dfc@group-8AA580D7F120-SegmentedRaftLogWorker: flushIndex: setUnconditionally 0 -> -1
2019-09-26 13:14:04,430 [pool-37-thread-1] INFO  server.RaftServerConfigKeys (ConfUtils.java:logGet(43)) - raft.server.snapshot.auto.trigger.enabled = true (custom)
2019-09-26 13:14:04,430 [pool-37-thread-1] INFO  server.RaftServerConfigKeys (ConfUtils.java:logGet(43)) - raft.server.snapshot.auto.trigger.threshold = 10000 (custom)
2019-09-26 13:14:04,431 [pool-37-thread-1] INFO  server.RaftServerConfigKeys (ConfUtils.java:logGet(43)) - raft.server.snapshot.retention.num.files = 5 (custom)
2019-09-26 13:14:04,431 [pool-37-thread-1] INFO  server.RaftServerConfigKeys (ConfUtils.java:logGet(43)) - raft.server.retrycache.expirytime = 600000ms (custom)
2019-09-26 13:14:04,433 [pool-37-thread-1] INFO  impl.RaftServerImpl (RaftServerImpl.java:start(185)) - 14ea3107-d91f-437f-ad5f-c829a9f29dfc@group-8AA580D7F120: start as a follower, conf=-1: [14ea3107-d91f-437f-ad5f-c829a9f29dfc:192.168.164.238:43234], old=null
2019-09-26 13:14:04,433 [pool-37-thread-1] INFO  impl.RaftServerImpl (RaftServerImpl.java:setRole(174)) - 14ea3107-d91f-437f-ad5f-c829a9f29dfc@group-8AA580D7F120: changes role from      null to FOLLOWER at term 0 for startAsFollower
2019-09-26 13:14:04,434 [pool-37-thread-1] INFO  impl.RoleInfo (RoleInfo.java:updateAndGet(143)) - 14ea3107-d91f-437f-ad5f-c829a9f29dfc: start FollowerState
2019-09-26 13:14:04,434 [pool-37-thread-1] INFO  util.JmxRegister (JmxRegister.java:tryRegister(44)) - Successfully registered JMX Bean with object name Ratis:service=RaftServer,group=group-8AA580D7F120,id=14ea3107-d91f-437f-ad5f-c829a9f29dfc
2019-09-26 13:14:04,441 [RatisPipelineUtilsThread] INFO  pipeline.PipelineStateManager (PipelineStateManager.java:addPipeline(56)) - Created pipeline Pipeline[ Id: 3ca7f9f9-55ec-434e-96b9-8aa580d7f120, Nodes: 14ea3107-d91f-437f-ad5f-c829a9f29dfc{ip: 192.168.164.238, host: pr-hdds-1569-87zkn-1081879488, networkLocation: /default-rack, certSerialId: null}, Type:RATIS, Factor:ONE, State:OPEN]
2019-09-26 13:14:04,442 [RatisPipelineUtilsThread] INFO  pipeline.PipelinePlacementPolicy (PipelinePlacementPolicy.java:meetCriteria(91)) - Pipeline Placement: can't place more pipeline on heavy datanode： 14ea3107-d91f-437f-ad5f-c829a9f29dfc Heaviness: 6 limit: 5
2019-09-26 13:14:04,450 [grpc-default-executor-0] INFO  impl.RaftServerProxy (RaftServerProxy.java:addNew(89)) - ac8be7af-2201-47bb-9c92-ad25922e5522: addNew group-3AC93D609CBE:[ac8be7af-2201-47bb-9c92-ad25922e5522:192.168.164.238:45961] returns group-3AC93D609CBE:java.util.concurrent.CompletableFuture@248e8101[Not completed]
2019-09-26 13:14:04,453 [pool-27-thread-1] INFO  impl.RaftServerImpl (RaftServerImpl.java:<init>(95)) - ac8be7af-2201-47bb-9c92-ad25922e5522: new RaftServerImpl for group-3AC93D609CBE:[ac8be7af-2201-47bb-9c92-ad25922e5522:192.168.164.238:45961] with ContainerStateMachine:uninitialized
2019-09-26 13:14:04,453 [pool-27-thread-1] INFO  server.RaftServerConfigKeys (ConfUtils.java:logGet(43)) - raft.server.rpc.timeout.min = 5s (custom)
2019-09-26 13:14:04,453 [pool-27-thread-1] INFO  server.RaftServerConfigKeys (ConfUtils.java:logGet(43)) - raft.server.rpc.timeout.max = 5200ms (custom)
2019-09-26 13:14:04,453 [pool-27-thread-1] INFO  server.RaftServerConfigKeys (ConfUtils.java:logGet(43)) - raft.server.rpcslowness.timeout = 120s (custom)
2019-09-26 13:14:04,453 [pool-27-thread-1] INFO  server.RaftServerConfigKeys (ConfUtils.java:logGet(43)) - raft.server.sleep.deviation.threshold = 300 (default)
2019-09-26 13:14:04,454 [pool-27-thread-1] INFO  server.RaftServerConfigKeys (ConfUtils.java:logGet(43)) - raft.server.log.appender.install.snapshot.enabled = false (custom)
2019-09-26 13:14:04,454 [pool-27-thread-1] INFO  impl.RaftServerImpl (ServerState.java:<init>(103)) - ac8be7af-2201-47bb-9c92-ad25922e5522@group-3AC93D609CBE: ConfigurationManager, init=-1: [ac8be7af-2201-47bb-9c92-ad25922e5522:192.168.164.238:45961], old=null, confs=<EMPTY_MAP>
2019-09-26 13:14:04,454 [pool-27-thread-1] INFO  server.RaftServerConfigKeys (ConfUtils.java:logGet(43)) - raft.server.storage.dir = [/workdir/hadoop-ozone/integration-test/target/test-dir/MiniOzoneClusterImpl-ed2f9e77-5d43-4f59-afa0-64bc0fdbaca5/datanode-0/data/ratis] (custom)
2019-09-26 13:14:04,455 [pool-27-thread-1] INFO  storage.RaftStorageDirectory (RaftStorageDirectory.java:analyzeStorage(246)) - The storage directory /workdir/hadoop-ozone/integration-test/target/test-dir/MiniOzoneClusterImpl-ed2f9e77-5d43-4f59-afa0-64bc0fdbaca5/datanode-0/data/ratis/5f663258-cb29-48a6-b858-3ac93d609cbe does not exist. Creating ...
2019-09-26 13:14:04,468 [pool-27-thread-1] INFO  storage.RaftStorageDirectory (RaftStorageDirectory.java:tryLock(328)) - Lock on /workdir/hadoop-ozone/integration-test/target/test-dir/MiniOzoneClusterImpl-ed2f9e77-5d43-4f59-afa0-64bc0fdbaca5/datanode-0/data/ratis/5f663258-cb29-48a6-b858-3ac93d609cbe/in_use.lock acquired by nodename 10026@pr-hdds-1569-87zkn-1081879488
2019-09-26 13:14:04,481 [pool-27-thread-1] INFO  storage.RaftStorage (RaftStorage.java:format(72)) - Storage directory /workdir/hadoop-ozone/integration-test/target/test-dir/MiniOzoneClusterImpl-ed2f9e77-5d43-4f59-afa0-64bc0fdbaca5/datanode-0/data/ratis/5f663258-cb29-48a6-b858-3ac93d609cbe has been successfully formatted.
2019-09-26 13:14:04,481 [pool-27-thread-1] INFO  ratis.ContainerStateMachine (ContainerStateMachine.java:loadSnapshot(230)) - group-3AC93D609CBE: The snapshot info is null. Setting the last applied indexto:(t:0, i:~)
2019-09-26 13:14:04,481 [pool-27-thread-1] INFO  server.RaftServerConfigKeys (ConfUtils.java:logGet(43)) - raft.server.notification.no-leader.timeout = 120s (custom)
2019-09-26 13:14:04,481 [pool-27-thread-1] INFO  server.RaftServerConfigKeys (ConfUtils.java:logGet(43)) - raft.server.log.use.memory = false (default)
2019-09-26 13:14:04,481 [pool-27-thread-1] INFO  server.RaftServerConfigKeys (ConfUtils.java:logGet(43)) - raft.server.log.purge.gap = 1000000 (custom)
2019-09-26 13:14:04,481 [pool-27-thread-1] INFO  server.RaftServerConfigKeys (ConfUtils.java:logGet(43)) - raft.server.log.appender.buffer.byte-limit = 33554432 (custom)
2019-09-26 13:14:04,482 [pool-27-thread-1] INFO  server.RaftServerConfigKeys (ConfUtils.java:logGet(43)) - raft.server.log.segment.size.max = 1048576 (custom)
2019-09-26 13:14:04,482 [pool-27-thread-1] INFO  server.RaftServerConfigKeys (ConfUtils.java:logGet(43)) - raft.server.log.segment.cache.num.max = 2 (custom)
2019-09-26 13:14:04,482 [pool-27-thread-1] INFO  segmented.SegmentedRaftLogWorker (SegmentedRaftLogWorker.java:<init>(172)) - new ac8be7af-2201-47bb-9c92-ad25922e5522@group-3AC93D609CBE-SegmentedRaftLogWorker for RaftStorage:Storage Directory /workdir/hadoop-ozone/integration-test/target/test-dir/MiniOzoneClusterImpl-ed2f9e77-5d43-4f59-afa0-64bc0fdbaca5/datanode-0/data/ratis/5f663258-cb29-48a6-b858-3ac93d609cbe
2019-09-26 13:14:04,482 [pool-27-thread-1] INFO  server.RaftServerConfigKeys (ConfUtils.java:logGet(43)) - raft.server.log.queue.byte-limit = 2147483647 (custom)
2019-09-26 13:14:04,482 [pool-27-thread-1] INFO  server.RaftServerConfigKeys (ConfUtils.java:logGet(43)) - raft.server.log.queue.element-limit = 1024 (custom)
2019-09-26 13:14:04,482 [pool-27-thread-1] INFO  server.RaftServerConfigKeys (ConfUtils.java:logGet(43)) - raft.server.log.segment.size.max = 1048576 (custom)
2019-09-26 13:14:04,482 [pool-27-thread-1] INFO  server.RaftServerConfigKeys (ConfUtils.java:logGet(43)) - raft.server.log.preallocated.size = 16384 (custom)
2019-09-26 13:14:04,483 [pool-27-thread-1] INFO  server.RaftServerConfigKeys (ConfUtils.java:logGet(43)) - raft.server.log.write.buffer.size = 33554432 (custom)
2019-09-26 13:14:04,483 [pool-27-thread-1] INFO  server.RaftServerConfigKeys (ConfUtils.java:logGet(43)) - raft.server.log.force.sync.num = 128 (default)
2019-09-26 13:14:04,483 [pool-27-thread-1] INFO  server.RaftServerConfigKeys (ConfUtils.java:logGet(43)) - raft.server.log.statemachine.data.sync = true (default)
2019-09-26 13:14:04,483 [pool-27-thread-1] INFO  server.RaftServerConfigKeys (ConfUtils.java:logGet(43)) - raft.server.log.statemachine.data.sync.timeout = 10s (default)
2019-09-26 13:14:04,484 [pool-27-thread-1] INFO  server.RaftServerConfigKeys (ConfUtils.java:logGet(43)) - raft.server.log.statemachine.data.sync.timeout.retry = -1 (default)
2019-09-26 13:14:04,484 [pool-27-thread-1] INFO  server.RaftServerConfigKeys (ConfUtils.java:logGet(43)) - raft.server.log.statemachine.data.caching.enabled = true (custom)
2019-09-26 13:14:04,485 [pool-27-thread-1] INFO  segmented.SegmentedRaftLogWorker (SegmentedRaftLogWorker.java:lambda$new$0(132)) - ac8be7af-2201-47bb-9c92-ad25922e5522@group-3AC93D609CBE-SegmentedRaftLogWorker: flushIndex: setUnconditionally 0 -> -1
2019-09-26 13:14:04,486 [pool-27-thread-1] INFO  server.RaftServerConfigKeys (ConfUtils.java:logGet(43)) - raft.server.snapshot.auto.trigger.enabled = true (custom)
2019-09-26 13:14:04,486 [pool-27-thread-1] INFO  server.RaftServerConfigKeys (ConfUtils.java:logGet(43)) - raft.server.snapshot.auto.trigger.threshold = 10000 (custom)
2019-09-26 13:14:04,487 [pool-27-thread-1] INFO  server.RaftServerConfigKeys (ConfUtils.java:logGet(43)) - raft.server.snapshot.retention.num.files = 5 (custom)
2019-09-26 13:14:04,487 [pool-27-thread-1] INFO  server.RaftServerConfigKeys (ConfUtils.java:logGet(43)) - raft.server.retrycache.expirytime = 600000ms (custom)
2019-09-26 13:14:04,490 [pool-27-thread-1] INFO  impl.RaftServerImpl (RaftServerImpl.java:start(185)) - ac8be7af-2201-47bb-9c92-ad25922e5522@group-3AC93D609CBE: start as a follower, conf=-1: [ac8be7af-2201-47bb-9c92-ad25922e5522:192.168.164.238:45961], old=null
2019-09-26 13:14:04,490 [pool-27-thread-1] INFO  impl.RaftServerImpl (RaftServerImpl.java:setRole(174)) - ac8be7af-2201-47bb-9c92-ad25922e5522@group-3AC93D609CBE: changes role from      null to FOLLOWER at term 0 for startAsFollower
2019-09-26 13:14:04,490 [pool-27-thread-1] INFO  impl.RoleInfo (RoleInfo.java:updateAndGet(143)) - ac8be7af-2201-47bb-9c92-ad25922e5522: start FollowerState
2019-09-26 13:14:04,491 [pool-27-thread-1] INFO  util.JmxRegister (JmxRegister.java:tryRegister(44)) - Successfully registered JMX Bean with object name Ratis:service=RaftServer,group=group-3AC93D609CBE,id=ac8be7af-2201-47bb-9c92-ad25922e5522
2019-09-26 13:14:04,501 [RatisPipelineUtilsThread] INFO  pipeline.PipelineStateManager (PipelineStateManager.java:addPipeline(56)) - Created pipeline Pipeline[ Id: 5f663258-cb29-48a6-b858-3ac93d609cbe, Nodes: ac8be7af-2201-47bb-9c92-ad25922e5522{ip: 192.168.164.238, host: pr-hdds-1569-87zkn-1081879488, networkLocation: /default-rack, certSerialId: null}, Type:RATIS, Factor:ONE, State:OPEN]
2019-09-26 13:14:04,501 [RatisPipelineUtilsThread] INFO  pipeline.PipelinePlacementPolicy (PipelinePlacementPolicy.java:meetCriteria(91)) - Pipeline Placement: can't place more pipeline on heavy datanode： 14ea3107-d91f-437f-ad5f-c829a9f29dfc Heaviness: 6 limit: 5
2019-09-26 13:14:04,512 [grpc-default-executor-0] INFO  impl.RaftServerProxy (RaftServerProxy.java:addNew(89)) - 4df03a29-c5ad-4e89-af92-e85e0e749186: addNew group-A9B152752091:[4df03a29-c5ad-4e89-af92-e85e0e749186:192.168.164.238:44045] returns group-A9B152752091:java.util.concurrent.CompletableFuture@15ceb490[Not completed]
2019-09-26 13:14:04,513 [pool-47-thread-1] INFO  impl.RaftServerImpl (RaftServerImpl.java:<init>(95)) - 4df03a29-c5ad-4e89-af92-e85e0e749186: new RaftServerImpl for group-A9B152752091:[4df03a29-c5ad-4e89-af92-e85e0e749186:192.168.164.238:44045] with ContainerStateMachine:uninitialized
2019-09-26 13:14:04,514 [pool-47-thread-1] INFO  server.RaftServerConfigKeys (ConfUtils.java:logGet(43)) - raft.server.rpc.timeout.min = 5s (custom)
2019-09-26 13:14:04,514 [pool-47-thread-1] INFO  server.RaftServerConfigKeys (ConfUtils.java:logGet(43)) - raft.server.rpc.timeout.max = 5200ms (custom)
2019-09-26 13:14:04,514 [pool-47-thread-1] INFO  server.RaftServerConfigKeys (ConfUtils.java:logGet(43)) - raft.server.rpcslowness.timeout = 120s (custom)
2019-09-26 13:14:04,514 [pool-47-thread-1] INFO  server.RaftServerConfigKeys (ConfUtils.java:logGet(43)) - raft.server.sleep.deviation.threshold = 300 (default)
2019-09-26 13:14:04,514 [pool-47-thread-1] INFO  server.RaftServerConfigKeys (ConfUtils.java:logGet(43)) - raft.server.log.appender.install.snapshot.enabled = false (custom)
2019-09-26 13:14:04,514 [pool-47-thread-1] INFO  impl.RaftServerImpl (ServerState.java:<init>(103)) - 4df03a29-c5ad-4e89-af92-e85e0e749186@group-A9B152752091: ConfigurationManager, init=-1: [4df03a29-c5ad-4e89-af92-e85e0e749186:192.168.164.238:44045], old=null, confs=<EMPTY_MAP>
2019-09-26 13:14:04,514 [pool-47-thread-1] INFO  server.RaftServerConfigKeys (ConfUtils.java:logGet(43)) - raft.server.storage.dir = [/workdir/hadoop-ozone/integration-test/target/test-dir/MiniOzoneClusterImpl-ed2f9e77-5d43-4f59-afa0-64bc0fdbaca5/datanode-2/data/ratis] (custom)
2019-09-26 13:14:04,515 [pool-47-thread-1] INFO  storage.RaftStorageDirectory (RaftStorageDirectory.java:analyzeStorage(246)) - The storage directory /workdir/hadoop-ozone/integration-test/target/test-dir/MiniOzoneClusterImpl-ed2f9e77-5d43-4f59-afa0-64bc0fdbaca5/datanode-2/data/ratis/51f9c4be-625f-41e7-b0ba-a9b152752091 does not exist. Creating ...
2019-09-26 13:14:04,528 [pool-47-thread-1] INFO  storage.RaftStorageDirectory (RaftStorageDirectory.java:tryLock(328)) - Lock on /workdir/hadoop-ozone/integration-test/target/test-dir/MiniOzoneClusterImpl-ed2f9e77-5d43-4f59-afa0-64bc0fdbaca5/datanode-2/data/ratis/51f9c4be-625f-41e7-b0ba-a9b152752091/in_use.lock acquired by nodename 10026@pr-hdds-1569-87zkn-1081879488
2019-09-26 13:14:04,541 [pool-47-thread-1] INFO  storage.RaftStorage (RaftStorage.java:format(72)) - Storage directory /workdir/hadoop-ozone/integration-test/target/test-dir/MiniOzoneClusterImpl-ed2f9e77-5d43-4f59-afa0-64bc0fdbaca5/datanode-2/data/ratis/51f9c4be-625f-41e7-b0ba-a9b152752091 has been successfully formatted.
2019-09-26 13:14:04,542 [pool-47-thread-1] INFO  ratis.ContainerStateMachine (ContainerStateMachine.java:loadSnapshot(230)) - group-A9B152752091: The snapshot info is null. Setting the last applied indexto:(t:0, i:~)
2019-09-26 13:14:04,542 [pool-47-thread-1] INFO  server.RaftServerConfigKeys (ConfUtils.java:logGet(43)) - raft.server.notification.no-leader.timeout = 120s (custom)
2019-09-26 13:14:04,542 [pool-47-thread-1] INFO  server.RaftServerConfigKeys (ConfUtils.java:logGet(43)) - raft.server.log.use.memory = false (default)
2019-09-26 13:14:04,542 [pool-47-thread-1] INFO  server.RaftServerConfigKeys (ConfUtils.java:logGet(43)) - raft.server.log.purge.gap = 1000000 (custom)
2019-09-26 13:14:04,542 [pool-47-thread-1] INFO  server.RaftServerConfigKeys (ConfUtils.java:logGet(43)) - raft.server.log.appender.buffer.byte-limit = 33554432 (custom)
2019-09-26 13:14:04,542 [pool-47-thread-1] INFO  server.RaftServerConfigKeys (ConfUtils.java:logGet(43)) - raft.server.log.segment.size.max = 1048576 (custom)
2019-09-26 13:14:04,542 [pool-47-thread-1] INFO  server.RaftServerConfigKeys (ConfUtils.java:logGet(43)) - raft.server.log.segment.cache.num.max = 2 (custom)
2019-09-26 13:14:04,542 [pool-47-thread-1] INFO  segmented.SegmentedRaftLogWorker (SegmentedRaftLogWorker.java:<init>(172)) - new 4df03a29-c5ad-4e89-af92-e85e0e749186@group-A9B152752091-SegmentedRaftLogWorker for RaftStorage:Storage Directory /workdir/hadoop-ozone/integration-test/target/test-dir/MiniOzoneClusterImpl-ed2f9e77-5d43-4f59-afa0-64bc0fdbaca5/datanode-2/data/ratis/51f9c4be-625f-41e7-b0ba-a9b152752091
2019-09-26 13:14:04,543 [pool-47-thread-1] INFO  server.RaftServerConfigKeys (ConfUtils.java:logGet(43)) - raft.server.log.queue.byte-limit = 2147483647 (custom)
2019-09-26 13:14:04,543 [pool-47-thread-1] INFO  server.RaftServerConfigKeys (ConfUtils.java:logGet(43)) - raft.server.log.queue.element-limit = 1024 (custom)
2019-09-26 13:14:04,543 [pool-47-thread-1] INFO  server.RaftServerConfigKeys (ConfUtils.java:logGet(43)) - raft.server.log.segment.size.max = 1048576 (custom)
2019-09-26 13:14:04,543 [pool-47-thread-1] INFO  server.RaftServerConfigKeys (ConfUtils.java:logGet(43)) - raft.server.log.preallocated.size = 16384 (custom)
2019-09-26 13:14:04,543 [pool-47-thread-1] INFO  server.RaftServerConfigKeys (ConfUtils.java:logGet(43)) - raft.server.log.write.buffer.size = 33554432 (custom)
2019-09-26 13:14:04,543 [pool-47-thread-1] INFO  server.RaftServerConfigKeys (ConfUtils.java:logGet(43)) - raft.server.log.force.sync.num = 128 (default)
2019-09-26 13:14:04,543 [pool-47-thread-1] INFO  server.RaftServerConfigKeys (ConfUtils.java:logGet(43)) - raft.server.log.statemachine.data.sync = true (default)
2019-09-26 13:14:04,544 [pool-47-thread-1] INFO  server.RaftServerConfigKeys (ConfUtils.java:logGet(43)) - raft.server.log.statemachine.data.sync.timeout = 10s (default)
2019-09-26 13:14:04,544 [pool-47-thread-1] INFO  server.RaftServerConfigKeys (ConfUtils.java:logGet(43)) - raft.server.log.statemachine.data.sync.timeout.retry = -1 (default)
2019-09-26 13:14:04,544 [pool-47-thread-1] INFO  server.RaftServerConfigKeys (ConfUtils.java:logGet(43)) - raft.server.log.statemachine.data.caching.enabled = true (custom)
2019-09-26 13:14:04,544 [pool-47-thread-1] INFO  segmented.SegmentedRaftLogWorker (SegmentedRaftLogWorker.java:lambda$new$0(132)) - 4df03a29-c5ad-4e89-af92-e85e0e749186@group-A9B152752091-SegmentedRaftLogWorker: flushIndex: setUnconditionally 0 -> -1
2019-09-26 13:14:04,544 [pool-47-thread-1] INFO  server.RaftServerConfigKeys (ConfUtils.java:logGet(43)) - raft.server.snapshot.auto.trigger.enabled = true (custom)
2019-09-26 13:14:04,545 [pool-47-thread-1] INFO  server.RaftServerConfigKeys (ConfUtils.java:logGet(43)) - raft.server.snapshot.auto.trigger.threshold = 10000 (custom)
2019-09-26 13:14:04,545 [pool-47-thread-1] INFO  server.RaftServerConfigKeys (ConfUtils.java:logGet(43)) - raft.server.snapshot.retention.num.files = 5 (custom)
2019-09-26 13:14:04,545 [pool-47-thread-1] INFO  server.RaftServerConfigKeys (ConfUtils.java:logGet(43)) - raft.server.retrycache.expirytime = 600000ms (custom)
2019-09-26 13:14:04,547 [pool-47-thread-1] INFO  impl.RaftServerImpl (RaftServerImpl.java:start(185)) - 4df03a29-c5ad-4e89-af92-e85e0e749186@group-A9B152752091: start as a follower, conf=-1: [4df03a29-c5ad-4e89-af92-e85e0e749186:192.168.164.238:44045], old=null
2019-09-26 13:14:04,547 [pool-47-thread-1] INFO  impl.RaftServerImpl (RaftServerImpl.java:setRole(174)) - 4df03a29-c5ad-4e89-af92-e85e0e749186@group-A9B152752091: changes role from      null to FOLLOWER at term 0 for startAsFollower
2019-09-26 13:14:04,547 [pool-47-thread-1] INFO  impl.RoleInfo (RoleInfo.java:updateAndGet(143)) - 4df03a29-c5ad-4e89-af92-e85e0e749186: start FollowerState
2019-09-26 13:14:04,548 [pool-47-thread-1] INFO  util.JmxRegister (JmxRegister.java:tryRegister(44)) - Successfully registered JMX Bean with object name Ratis:service=RaftServer,group=group-A9B152752091,id=4df03a29-c5ad-4e89-af92-e85e0e749186
2019-09-26 13:14:04,554 [RatisPipelineUtilsThread] INFO  pipeline.PipelineStateManager (PipelineStateManager.java:addPipeline(56)) - Created pipeline Pipeline[ Id: 51f9c4be-625f-41e7-b0ba-a9b152752091, Nodes: 4df03a29-c5ad-4e89-af92-e85e0e749186{ip: 192.168.164.238, host: pr-hdds-1569-87zkn-1081879488, networkLocation: /default-rack, certSerialId: null}, Type:RATIS, Factor:ONE, State:OPEN]
2019-09-26 13:14:04,554 [RatisPipelineUtilsThread] INFO  pipeline.PipelinePlacementPolicy (PipelinePlacementPolicy.java:meetCriteria(91)) - Pipeline Placement: can't place more pipeline on heavy datanode： 14ea3107-d91f-437f-ad5f-c829a9f29dfc Heaviness: 6 limit: 5
2019-09-26 13:14:04,565 [grpc-default-executor-0] INFO  impl.RaftServerProxy (RaftServerProxy.java:addNew(89)) - 4df03a29-c5ad-4e89-af92-e85e0e749186: addNew group-C97FD57289DA:[4df03a29-c5ad-4e89-af92-e85e0e749186:192.168.164.238:44045] returns group-C97FD57289DA:java.util.concurrent.CompletableFuture@11bb1172[Not completed]
2019-09-26 13:14:04,567 [pool-47-thread-1] INFO  impl.RaftServerImpl (RaftServerImpl.java:<init>(95)) - 4df03a29-c5ad-4e89-af92-e85e0e749186: new RaftServerImpl for group-C97FD57289DA:[4df03a29-c5ad-4e89-af92-e85e0e749186:192.168.164.238:44045] with ContainerStateMachine:uninitialized
2019-09-26 13:14:04,567 [pool-47-thread-1] INFO  server.RaftServerConfigKeys (ConfUtils.java:logGet(43)) - raft.server.rpc.timeout.min = 5s (custom)
2019-09-26 13:14:04,567 [pool-47-thread-1] INFO  server.RaftServerConfigKeys (ConfUtils.java:logGet(43)) - raft.server.rpc.timeout.max = 5200ms (custom)
2019-09-26 13:14:04,567 [pool-47-thread-1] INFO  server.RaftServerConfigKeys (ConfUtils.java:logGet(43)) - raft.server.rpcslowness.timeout = 120s (custom)
2019-09-26 13:14:04,567 [pool-47-thread-1] INFO  server.RaftServerConfigKeys (ConfUtils.java:logGet(43)) - raft.server.sleep.deviation.threshold = 300 (default)
2019-09-26 13:14:04,567 [pool-47-thread-1] INFO  server.RaftServerConfigKeys (ConfUtils.java:logGet(43)) - raft.server.log.appender.install.snapshot.enabled = false (custom)
2019-09-26 13:14:04,567 [pool-47-thread-1] INFO  impl.RaftServerImpl (ServerState.java:<init>(103)) - 4df03a29-c5ad-4e89-af92-e85e0e749186@group-C97FD57289DA: ConfigurationManager, init=-1: [4df03a29-c5ad-4e89-af92-e85e0e749186:192.168.164.238:44045], old=null, confs=<EMPTY_MAP>
2019-09-26 13:14:04,567 [pool-47-thread-1] INFO  server.RaftServerConfigKeys (ConfUtils.java:logGet(43)) - raft.server.storage.dir = [/workdir/hadoop-ozone/integration-test/target/test-dir/MiniOzoneClusterImpl-ed2f9e77-5d43-4f59-afa0-64bc0fdbaca5/datanode-2/data/ratis] (custom)
2019-09-26 13:14:04,568 [pool-47-thread-1] INFO  storage.RaftStorageDirectory (RaftStorageDirectory.java:analyzeStorage(246)) - The storage directory /workdir/hadoop-ozone/integration-test/target/test-dir/MiniOzoneClusterImpl-ed2f9e77-5d43-4f59-afa0-64bc0fdbaca5/datanode-2/data/ratis/304ab606-b9cb-4b6f-bded-c97fd57289da does not exist. Creating ...
2019-09-26 13:14:04,581 [pool-47-thread-1] INFO  storage.RaftStorageDirectory (RaftStorageDirectory.java:tryLock(328)) - Lock on /workdir/hadoop-ozone/integration-test/target/test-dir/MiniOzoneClusterImpl-ed2f9e77-5d43-4f59-afa0-64bc0fdbaca5/datanode-2/data/ratis/304ab606-b9cb-4b6f-bded-c97fd57289da/in_use.lock acquired by nodename 10026@pr-hdds-1569-87zkn-1081879488
2019-09-26 13:14:04,594 [pool-47-thread-1] INFO  storage.RaftStorage (RaftStorage.java:format(72)) - Storage directory /workdir/hadoop-ozone/integration-test/target/test-dir/MiniOzoneClusterImpl-ed2f9e77-5d43-4f59-afa0-64bc0fdbaca5/datanode-2/data/ratis/304ab606-b9cb-4b6f-bded-c97fd57289da has been successfully formatted.
2019-09-26 13:14:04,595 [pool-47-thread-1] INFO  ratis.ContainerStateMachine (ContainerStateMachine.java:loadSnapshot(230)) - group-C97FD57289DA: The snapshot info is null. Setting the last applied indexto:(t:0, i:~)
2019-09-26 13:14:04,595 [pool-47-thread-1] INFO  server.RaftServerConfigKeys (ConfUtils.java:logGet(43)) - raft.server.notification.no-leader.timeout = 120s (custom)
2019-09-26 13:14:04,595 [pool-47-thread-1] INFO  server.RaftServerConfigKeys (ConfUtils.java:logGet(43)) - raft.server.log.use.memory = false (default)
2019-09-26 13:14:04,595 [pool-47-thread-1] INFO  server.RaftServerConfigKeys (ConfUtils.java:logGet(43)) - raft.server.log.purge.gap = 1000000 (custom)
2019-09-26 13:14:04,596 [pool-47-thread-1] INFO  server.RaftServerConfigKeys (ConfUtils.java:logGet(43)) - raft.server.log.appender.buffer.byte-limit = 33554432 (custom)
2019-09-26 13:14:04,596 [pool-47-thread-1] INFO  server.RaftServerConfigKeys (ConfUtils.java:logGet(43)) - raft.server.log.segment.size.max = 1048576 (custom)
2019-09-26 13:14:04,596 [pool-47-thread-1] INFO  server.RaftServerConfigKeys (ConfUtils.java:logGet(43)) - raft.server.log.segment.cache.num.max = 2 (custom)
2019-09-26 13:14:04,596 [pool-47-thread-1] INFO  segmented.SegmentedRaftLogWorker (SegmentedRaftLogWorker.java:<init>(172)) - new 4df03a29-c5ad-4e89-af92-e85e0e749186@group-C97FD57289DA-SegmentedRaftLogWorker for RaftStorage:Storage Directory /workdir/hadoop-ozone/integration-test/target/test-dir/MiniOzoneClusterImpl-ed2f9e77-5d43-4f59-afa0-64bc0fdbaca5/datanode-2/data/ratis/304ab606-b9cb-4b6f-bded-c97fd57289da
2019-09-26 13:14:04,596 [pool-47-thread-1] INFO  server.RaftServerConfigKeys (ConfUtils.java:logGet(43)) - raft.server.log.queue.byte-limit = 2147483647 (custom)
2019-09-26 13:14:04,597 [pool-47-thread-1] INFO  server.RaftServerConfigKeys (ConfUtils.java:logGet(43)) - raft.server.log.queue.element-limit = 1024 (custom)
2019-09-26 13:14:04,597 [pool-47-thread-1] INFO  server.RaftServerConfigKeys (ConfUtils.java:logGet(43)) - raft.server.log.segment.size.max = 1048576 (custom)
2019-09-26 13:14:04,597 [pool-47-thread-1] INFO  server.RaftServerConfigKeys (ConfUtils.java:logGet(43)) - raft.server.log.preallocated.size = 16384 (custom)
2019-09-26 13:14:04,597 [pool-47-thread-1] INFO  server.RaftServerConfigKeys (ConfUtils.java:logGet(43)) - raft.server.log.write.buffer.size = 33554432 (custom)
2019-09-26 13:14:04,597 [pool-47-thread-1] INFO  server.RaftServerConfigKeys (ConfUtils.java:logGet(43)) - raft.server.log.force.sync.num = 128 (default)
2019-09-26 13:14:04,598 [pool-47-thread-1] INFO  server.RaftServerConfigKeys (ConfUtils.java:logGet(43)) - raft.server.log.statemachine.data.sync = true (default)
2019-09-26 13:14:04,598 [pool-47-thread-1] INFO  server.RaftServerConfigKeys (ConfUtils.java:logGet(43)) - raft.server.log.statemachine.data.sync.timeout = 10s (default)
2019-09-26 13:14:04,598 [pool-47-thread-1] INFO  server.RaftServerConfigKeys (ConfUtils.java:logGet(43)) - raft.server.log.statemachine.data.sync.timeout.retry = -1 (default)
2019-09-26 13:14:04,598 [pool-47-thread-1] INFO  server.RaftServerConfigKeys (ConfUtils.java:logGet(43)) - raft.server.log.statemachine.data.caching.enabled = true (custom)
2019-09-26 13:14:04,599 [pool-47-thread-1] INFO  segmented.SegmentedRaftLogWorker (SegmentedRaftLogWorker.java:lambda$new$0(132)) - 4df03a29-c5ad-4e89-af92-e85e0e749186@group-C97FD57289DA-SegmentedRaftLogWorker: flushIndex: setUnconditionally 0 -> -1
2019-09-26 13:14:04,599 [pool-47-thread-1] INFO  server.RaftServerConfigKeys (ConfUtils.java:logGet(43)) - raft.server.snapshot.auto.trigger.enabled = true (custom)
2019-09-26 13:14:04,599 [pool-47-thread-1] INFO  server.RaftServerConfigKeys (ConfUtils.java:logGet(43)) - raft.server.snapshot.auto.trigger.threshold = 10000 (custom)
2019-09-26 13:14:04,600 [pool-47-thread-1] INFO  server.RaftServerConfigKeys (ConfUtils.java:logGet(43)) - raft.server.snapshot.retention.num.files = 5 (custom)
2019-09-26 13:14:04,600 [pool-47-thread-1] INFO  server.RaftServerConfigKeys (ConfUtils.java:logGet(43)) - raft.server.retrycache.expirytime = 600000ms (custom)
2019-09-26 13:14:04,603 [pool-47-thread-1] INFO  impl.RaftServerImpl (RaftServerImpl.java:start(185)) - 4df03a29-c5ad-4e89-af92-e85e0e749186@group-C97FD57289DA: start as a follower, conf=-1: [4df03a29-c5ad-4e89-af92-e85e0e749186:192.168.164.238:44045], old=null
2019-09-26 13:14:04,603 [pool-47-thread-1] INFO  impl.RaftServerImpl (RaftServerImpl.java:setRole(174)) - 4df03a29-c5ad-4e89-af92-e85e0e749186@group-C97FD57289DA: changes role from      null to FOLLOWER at term 0 for startAsFollower
2019-09-26 13:14:04,604 [pool-47-thread-1] INFO  impl.RoleInfo (RoleInfo.java:updateAndGet(143)) - 4df03a29-c5ad-4e89-af92-e85e0e749186: start FollowerState
2019-09-26 13:14:04,604 [pool-47-thread-1] INFO  util.JmxRegister (JmxRegister.java:tryRegister(44)) - Successfully registered JMX Bean with object name Ratis:service=RaftServer,group=group-C97FD57289DA,id=4df03a29-c5ad-4e89-af92-e85e0e749186
2019-09-26 13:14:04,613 [RatisPipelineUtilsThread] INFO  pipeline.PipelineStateManager (PipelineStateManager.java:addPipeline(56)) - Created pipeline Pipeline[ Id: 304ab606-b9cb-4b6f-bded-c97fd57289da, Nodes: 4df03a29-c5ad-4e89-af92-e85e0e749186{ip: 192.168.164.238, host: pr-hdds-1569-87zkn-1081879488, networkLocation: /default-rack, certSerialId: null}, Type:RATIS, Factor:ONE, State:OPEN]
2019-09-26 13:14:04,613 [RatisPipelineUtilsThread] INFO  pipeline.PipelinePlacementPolicy (PipelinePlacementPolicy.java:meetCriteria(91)) - Pipeline Placement: can't place more pipeline on heavy datanode： 14ea3107-d91f-437f-ad5f-c829a9f29dfc Heaviness: 6 limit: 5
2019-09-26 13:14:04,626 [grpc-default-executor-0] INFO  impl.RaftServerProxy (RaftServerProxy.java:addNew(89)) - 4df03a29-c5ad-4e89-af92-e85e0e749186: addNew group-98FFD98FB4F9:[4df03a29-c5ad-4e89-af92-e85e0e749186:192.168.164.238:44045] returns group-98FFD98FB4F9:java.util.concurrent.CompletableFuture@5a84f081[Not completed]
2019-09-26 13:14:04,627 [pool-47-thread-1] INFO  impl.RaftServerImpl (RaftServerImpl.java:<init>(95)) - 4df03a29-c5ad-4e89-af92-e85e0e749186: new RaftServerImpl for group-98FFD98FB4F9:[4df03a29-c5ad-4e89-af92-e85e0e749186:192.168.164.238:44045] with ContainerStateMachine:uninitialized
2019-09-26 13:14:04,628 [pool-47-thread-1] INFO  server.RaftServerConfigKeys (ConfUtils.java:logGet(43)) - raft.server.rpc.timeout.min = 5s (custom)
2019-09-26 13:14:04,628 [pool-47-thread-1] INFO  server.RaftServerConfigKeys (ConfUtils.java:logGet(43)) - raft.server.rpc.timeout.max = 5200ms (custom)
2019-09-26 13:14:04,628 [pool-47-thread-1] INFO  server.RaftServerConfigKeys (ConfUtils.java:logGet(43)) - raft.server.rpcslowness.timeout = 120s (custom)
2019-09-26 13:14:04,628 [pool-47-thread-1] INFO  server.RaftServerConfigKeys (ConfUtils.java:logGet(43)) - raft.server.sleep.deviation.threshold = 300 (default)
2019-09-26 13:14:04,628 [pool-47-thread-1] INFO  server.RaftServerConfigKeys (ConfUtils.java:logGet(43)) - raft.server.log.appender.install.snapshot.enabled = false (custom)
2019-09-26 13:14:04,628 [pool-47-thread-1] INFO  impl.RaftServerImpl (ServerState.java:<init>(103)) - 4df03a29-c5ad-4e89-af92-e85e0e749186@group-98FFD98FB4F9: ConfigurationManager, init=-1: [4df03a29-c5ad-4e89-af92-e85e0e749186:192.168.164.238:44045], old=null, confs=<EMPTY_MAP>
2019-09-26 13:14:04,628 [pool-47-thread-1] INFO  server.RaftServerConfigKeys (ConfUtils.java:logGet(43)) - raft.server.storage.dir = [/workdir/hadoop-ozone/integration-test/target/test-dir/MiniOzoneClusterImpl-ed2f9e77-5d43-4f59-afa0-64bc0fdbaca5/datanode-2/data/ratis] (custom)
2019-09-26 13:14:04,629 [pool-47-thread-1] INFO  storage.RaftStorageDirectory (RaftStorageDirectory.java:analyzeStorage(246)) - The storage directory /workdir/hadoop-ozone/integration-test/target/test-dir/MiniOzoneClusterImpl-ed2f9e77-5d43-4f59-afa0-64bc0fdbaca5/datanode-2/data/ratis/3e084c2a-af9c-4f48-b645-98ffd98fb4f9 does not exist. Creating ...
2019-09-26 13:14:04,642 [pool-47-thread-1] INFO  storage.RaftStorageDirectory (RaftStorageDirectory.java:tryLock(328)) - Lock on /workdir/hadoop-ozone/integration-test/target/test-dir/MiniOzoneClusterImpl-ed2f9e77-5d43-4f59-afa0-64bc0fdbaca5/datanode-2/data/ratis/3e084c2a-af9c-4f48-b645-98ffd98fb4f9/in_use.lock acquired by nodename 10026@pr-hdds-1569-87zkn-1081879488
2019-09-26 13:14:04,655 [pool-47-thread-1] INFO  storage.RaftStorage (RaftStorage.java:format(72)) - Storage directory /workdir/hadoop-ozone/integration-test/target/test-dir/MiniOzoneClusterImpl-ed2f9e77-5d43-4f59-afa0-64bc0fdbaca5/datanode-2/data/ratis/3e084c2a-af9c-4f48-b645-98ffd98fb4f9 has been successfully formatted.
2019-09-26 13:14:04,655 [pool-47-thread-1] INFO  ratis.ContainerStateMachine (ContainerStateMachine.java:loadSnapshot(230)) - group-98FFD98FB4F9: The snapshot info is null. Setting the last applied indexto:(t:0, i:~)
2019-09-26 13:14:04,656 [pool-47-thread-1] INFO  server.RaftServerConfigKeys (ConfUtils.java:logGet(43)) - raft.server.notification.no-leader.timeout = 120s (custom)
2019-09-26 13:14:04,656 [pool-47-thread-1] INFO  server.RaftServerConfigKeys (ConfUtils.java:logGet(43)) - raft.server.log.use.memory = false (default)
2019-09-26 13:14:04,656 [pool-47-thread-1] INFO  server.RaftServerConfigKeys (ConfUtils.java:logGet(43)) - raft.server.log.purge.gap = 1000000 (custom)
2019-09-26 13:14:04,656 [pool-47-thread-1] INFO  server.RaftServerConfigKeys (ConfUtils.java:logGet(43)) - raft.server.log.appender.buffer.byte-limit = 33554432 (custom)
2019-09-26 13:14:04,656 [pool-47-thread-1] INFO  server.RaftServerConfigKeys (ConfUtils.java:logGet(43)) - raft.server.log.segment.size.max = 1048576 (custom)
2019-09-26 13:14:04,656 [pool-47-thread-1] INFO  server.RaftServerConfigKeys (ConfUtils.java:logGet(43)) - raft.server.log.segment.cache.num.max = 2 (custom)
2019-09-26 13:14:04,656 [pool-47-thread-1] INFO  segmented.SegmentedRaftLogWorker (SegmentedRaftLogWorker.java:<init>(172)) - new 4df03a29-c5ad-4e89-af92-e85e0e749186@group-98FFD98FB4F9-SegmentedRaftLogWorker for RaftStorage:Storage Directory /workdir/hadoop-ozone/integration-test/target/test-dir/MiniOzoneClusterImpl-ed2f9e77-5d43-4f59-afa0-64bc0fdbaca5/datanode-2/data/ratis/3e084c2a-af9c-4f48-b645-98ffd98fb4f9
2019-09-26 13:14:04,656 [pool-47-thread-1] INFO  server.RaftServerConfigKeys (ConfUtils.java:logGet(43)) - raft.server.log.queue.byte-limit = 2147483647 (custom)
2019-09-26 13:14:04,657 [pool-47-thread-1] INFO  server.RaftServerConfigKeys (ConfUtils.java:logGet(43)) - raft.server.log.queue.element-limit = 1024 (custom)
2019-09-26 13:14:04,657 [pool-47-thread-1] INFO  server.RaftServerConfigKeys (ConfUtils.java:logGet(43)) - raft.server.log.segment.size.max = 1048576 (custom)
2019-09-26 13:14:04,657 [pool-47-thread-1] INFO  server.RaftServerConfigKeys (ConfUtils.java:logGet(43)) - raft.server.log.preallocated.size = 16384 (custom)
2019-09-26 13:14:04,657 [pool-47-thread-1] INFO  server.RaftServerConfigKeys (ConfUtils.java:logGet(43)) - raft.server.log.write.buffer.size = 33554432 (custom)
2019-09-26 13:14:04,657 [pool-47-thread-1] INFO  server.RaftServerConfigKeys (ConfUtils.java:logGet(43)) - raft.server.log.force.sync.num = 128 (default)
2019-09-26 13:14:04,657 [pool-47-thread-1] INFO  server.RaftServerConfigKeys (ConfUtils.java:logGet(43)) - raft.server.log.statemachine.data.sync = true (default)
2019-09-26 13:14:04,657 [pool-47-thread-1] INFO  server.RaftServerConfigKeys (ConfUtils.java:logGet(43)) - raft.server.log.statemachine.data.sync.timeout = 10s (default)
2019-09-26 13:14:04,657 [pool-47-thread-1] INFO  server.RaftServerConfigKeys (ConfUtils.java:logGet(43)) - raft.server.log.statemachine.data.sync.timeout.retry = -1 (default)
2019-09-26 13:14:04,658 [pool-47-thread-1] INFO  server.RaftServerConfigKeys (ConfUtils.java:logGet(43)) - raft.server.log.statemachine.data.caching.enabled = true (custom)
2019-09-26 13:14:04,658 [pool-47-thread-1] INFO  segmented.SegmentedRaftLogWorker (SegmentedRaftLogWorker.java:lambda$new$0(132)) - 4df03a29-c5ad-4e89-af92-e85e0e749186@group-98FFD98FB4F9-SegmentedRaftLogWorker: flushIndex: setUnconditionally 0 -> -1
2019-09-26 13:14:04,658 [pool-47-thread-1] INFO  server.RaftServerConfigKeys (ConfUtils.java:logGet(43)) - raft.server.snapshot.auto.trigger.enabled = true (custom)
2019-09-26 13:14:04,658 [pool-47-thread-1] INFO  server.RaftServerConfigKeys (ConfUtils.java:logGet(43)) - raft.server.snapshot.auto.trigger.threshold = 10000 (custom)
2019-09-26 13:14:04,658 [pool-47-thread-1] INFO  server.RaftServerConfigKeys (ConfUtils.java:logGet(43)) - raft.server.snapshot.retention.num.files = 5 (custom)
2019-09-26 13:14:04,659 [pool-47-thread-1] INFO  server.RaftServerConfigKeys (ConfUtils.java:logGet(43)) - raft.server.retrycache.expirytime = 600000ms (custom)
2019-09-26 13:14:04,661 [pool-47-thread-1] INFO  impl.RaftServerImpl (RaftServerImpl.java:start(185)) - 4df03a29-c5ad-4e89-af92-e85e0e749186@group-98FFD98FB4F9: start as a follower, conf=-1: [4df03a29-c5ad-4e89-af92-e85e0e749186:192.168.164.238:44045], old=null
2019-09-26 13:14:04,661 [pool-47-thread-1] INFO  impl.RaftServerImpl (RaftServerImpl.java:setRole(174)) - 4df03a29-c5ad-4e89-af92-e85e0e749186@group-98FFD98FB4F9: changes role from      null to FOLLOWER at term 0 for startAsFollower
2019-09-26 13:14:04,661 [pool-47-thread-1] INFO  impl.RoleInfo (RoleInfo.java:updateAndGet(143)) - 4df03a29-c5ad-4e89-af92-e85e0e749186: start FollowerState
2019-09-26 13:14:04,661 [pool-47-thread-1] INFO  util.JmxRegister (JmxRegister.java:tryRegister(44)) - Successfully registered JMX Bean with object name Ratis:service=RaftServer,group=group-98FFD98FB4F9,id=4df03a29-c5ad-4e89-af92-e85e0e749186
2019-09-26 13:14:04,669 [RatisPipelineUtilsThread] INFO  pipeline.PipelineStateManager (PipelineStateManager.java:addPipeline(56)) - Created pipeline Pipeline[ Id: 3e084c2a-af9c-4f48-b645-98ffd98fb4f9, Nodes: 4df03a29-c5ad-4e89-af92-e85e0e749186{ip: 192.168.164.238, host: pr-hdds-1569-87zkn-1081879488, networkLocation: /default-rack, certSerialId: null}, Type:RATIS, Factor:ONE, State:OPEN]
2019-09-26 13:14:04,670 [RatisPipelineUtilsThread] INFO  pipeline.PipelinePlacementPolicy (PipelinePlacementPolicy.java:meetCriteria(91)) - Pipeline Placement: can't place more pipeline on heavy datanode： 14ea3107-d91f-437f-ad5f-c829a9f29dfc Heaviness: 6 limit: 5
2019-09-26 13:14:04,681 [grpc-default-executor-0] INFO  impl.RaftServerProxy (RaftServerProxy.java:addNew(89)) - ac8be7af-2201-47bb-9c92-ad25922e5522: addNew group-E91D936561E5:[ac8be7af-2201-47bb-9c92-ad25922e5522:192.168.164.238:45961] returns group-E91D936561E5:java.util.concurrent.CompletableFuture@3a8f3135[Not completed]
2019-09-26 13:14:04,682 [pool-27-thread-1] INFO  impl.RaftServerImpl (RaftServerImpl.java:<init>(95)) - ac8be7af-2201-47bb-9c92-ad25922e5522: new RaftServerImpl for group-E91D936561E5:[ac8be7af-2201-47bb-9c92-ad25922e5522:192.168.164.238:45961] with ContainerStateMachine:uninitialized
2019-09-26 13:14:04,683 [pool-27-thread-1] INFO  server.RaftServerConfigKeys (ConfUtils.java:logGet(43)) - raft.server.rpc.timeout.min = 5s (custom)
2019-09-26 13:14:04,683 [pool-27-thread-1] INFO  server.RaftServerConfigKeys (ConfUtils.java:logGet(43)) - raft.server.rpc.timeout.max = 5200ms (custom)
2019-09-26 13:14:04,683 [pool-27-thread-1] INFO  server.RaftServerConfigKeys (ConfUtils.java:logGet(43)) - raft.server.rpcslowness.timeout = 120s (custom)
2019-09-26 13:14:04,683 [pool-27-thread-1] INFO  server.RaftServerConfigKeys (ConfUtils.java:logGet(43)) - raft.server.sleep.deviation.threshold = 300 (default)
2019-09-26 13:14:04,683 [pool-27-thread-1] INFO  server.RaftServerConfigKeys (ConfUtils.java:logGet(43)) - raft.server.log.appender.install.snapshot.enabled = false (custom)
2019-09-26 13:14:04,683 [pool-27-thread-1] INFO  impl.RaftServerImpl (ServerState.java:<init>(103)) - ac8be7af-2201-47bb-9c92-ad25922e5522@group-E91D936561E5: ConfigurationManager, init=-1: [ac8be7af-2201-47bb-9c92-ad25922e5522:192.168.164.238:45961], old=null, confs=<EMPTY_MAP>
2019-09-26 13:14:04,683 [pool-27-thread-1] INFO  server.RaftServerConfigKeys (ConfUtils.java:logGet(43)) - raft.server.storage.dir = [/workdir/hadoop-ozone/integration-test/target/test-dir/MiniOzoneClusterImpl-ed2f9e77-5d43-4f59-afa0-64bc0fdbaca5/datanode-0/data/ratis] (custom)
2019-09-26 13:14:04,684 [pool-27-thread-1] INFO  storage.RaftStorageDirectory (RaftStorageDirectory.java:analyzeStorage(246)) - The storage directory /workdir/hadoop-ozone/integration-test/target/test-dir/MiniOzoneClusterImpl-ed2f9e77-5d43-4f59-afa0-64bc0fdbaca5/datanode-0/data/ratis/ed7ac8b0-b86e-4cac-8197-e91d936561e5 does not exist. Creating ...
2019-09-26 13:14:04,697 [pool-27-thread-1] INFO  storage.RaftStorageDirectory (RaftStorageDirectory.java:tryLock(328)) - Lock on /workdir/hadoop-ozone/integration-test/target/test-dir/MiniOzoneClusterImpl-ed2f9e77-5d43-4f59-afa0-64bc0fdbaca5/datanode-0/data/ratis/ed7ac8b0-b86e-4cac-8197-e91d936561e5/in_use.lock acquired by nodename 10026@pr-hdds-1569-87zkn-1081879488
2019-09-26 13:14:04,710 [pool-27-thread-1] INFO  storage.RaftStorage (RaftStorage.java:format(72)) - Storage directory /workdir/hadoop-ozone/integration-test/target/test-dir/MiniOzoneClusterImpl-ed2f9e77-5d43-4f59-afa0-64bc0fdbaca5/datanode-0/data/ratis/ed7ac8b0-b86e-4cac-8197-e91d936561e5 has been successfully formatted.
2019-09-26 13:14:04,710 [pool-27-thread-1] INFO  ratis.ContainerStateMachine (ContainerStateMachine.java:loadSnapshot(230)) - group-E91D936561E5: The snapshot info is null. Setting the last applied indexto:(t:0, i:~)
2019-09-26 13:14:04,710 [pool-27-thread-1] INFO  server.RaftServerConfigKeys (ConfUtils.java:logGet(43)) - raft.server.notification.no-leader.timeout = 120s (custom)
2019-09-26 13:14:04,711 [pool-27-thread-1] INFO  server.RaftServerConfigKeys (ConfUtils.java:logGet(43)) - raft.server.log.use.memory = false (default)
2019-09-26 13:14:04,711 [pool-27-thread-1] INFO  server.RaftServerConfigKeys (ConfUtils.java:logGet(43)) - raft.server.log.purge.gap = 1000000 (custom)
2019-09-26 13:14:04,711 [pool-27-thread-1] INFO  server.RaftServerConfigKeys (ConfUtils.java:logGet(43)) - raft.server.log.appender.buffer.byte-limit = 33554432 (custom)
2019-09-26 13:14:04,711 [pool-27-thread-1] INFO  server.RaftServerConfigKeys (ConfUtils.java:logGet(43)) - raft.server.log.segment.size.max = 1048576 (custom)
2019-09-26 13:14:04,711 [pool-27-thread-1] INFO  server.RaftServerConfigKeys (ConfUtils.java:logGet(43)) - raft.server.log.segment.cache.num.max = 2 (custom)
2019-09-26 13:14:04,711 [pool-27-thread-1] INFO  segmented.SegmentedRaftLogWorker (SegmentedRaftLogWorker.java:<init>(172)) - new ac8be7af-2201-47bb-9c92-ad25922e5522@group-E91D936561E5-SegmentedRaftLogWorker for RaftStorage:Storage Directory /workdir/hadoop-ozone/integration-test/target/test-dir/MiniOzoneClusterImpl-ed2f9e77-5d43-4f59-afa0-64bc0fdbaca5/datanode-0/data/ratis/ed7ac8b0-b86e-4cac-8197-e91d936561e5
2019-09-26 13:14:04,711 [pool-27-thread-1] INFO  server.RaftServerConfigKeys (ConfUtils.java:logGet(43)) - raft.server.log.queue.byte-limit = 2147483647 (custom)
2019-09-26 13:14:04,712 [pool-27-thread-1] INFO  server.RaftServerConfigKeys (ConfUtils.java:logGet(43)) - raft.server.log.queue.element-limit = 1024 (custom)
2019-09-26 13:14:04,712 [pool-27-thread-1] INFO  server.RaftServerConfigKeys (ConfUtils.java:logGet(43)) - raft.server.log.segment.size.max = 1048576 (custom)
2019-09-26 13:14:04,712 [pool-27-thread-1] INFO  server.RaftServerConfigKeys (ConfUtils.java:logGet(43)) - raft.server.log.preallocated.size = 16384 (custom)
2019-09-26 13:14:04,712 [pool-27-thread-1] INFO  server.RaftServerConfigKeys (ConfUtils.java:logGet(43)) - raft.server.log.write.buffer.size = 33554432 (custom)
2019-09-26 13:14:04,712 [pool-27-thread-1] INFO  server.RaftServerConfigKeys (ConfUtils.java:logGet(43)) - raft.server.log.force.sync.num = 128 (default)
2019-09-26 13:14:04,712 [pool-27-thread-1] INFO  server.RaftServerConfigKeys (ConfUtils.java:logGet(43)) - raft.server.log.statemachine.data.sync = true (default)
2019-09-26 13:14:04,712 [pool-27-thread-1] INFO  server.RaftServerConfigKeys (ConfUtils.java:logGet(43)) - raft.server.log.statemachine.data.sync.timeout = 10s (default)
2019-09-26 13:14:04,712 [pool-27-thread-1] INFO  server.RaftServerConfigKeys (ConfUtils.java:logGet(43)) - raft.server.log.statemachine.data.sync.timeout.retry = -1 (default)
2019-09-26 13:14:04,713 [pool-27-thread-1] INFO  server.RaftServerConfigKeys (ConfUtils.java:logGet(43)) - raft.server.log.statemachine.data.caching.enabled = true (custom)
2019-09-26 13:14:04,713 [pool-27-thread-1] INFO  segmented.SegmentedRaftLogWorker (SegmentedRaftLogWorker.java:lambda$new$0(132)) - ac8be7af-2201-47bb-9c92-ad25922e5522@group-E91D936561E5-SegmentedRaftLogWorker: flushIndex: setUnconditionally 0 -> -1
2019-09-26 13:14:04,713 [pool-27-thread-1] INFO  server.RaftServerConfigKeys (ConfUtils.java:logGet(43)) - raft.server.snapshot.auto.trigger.enabled = true (custom)
2019-09-26 13:14:04,713 [pool-27-thread-1] INFO  server.RaftServerConfigKeys (ConfUtils.java:logGet(43)) - raft.server.snapshot.auto.trigger.threshold = 10000 (custom)
2019-09-26 13:14:04,713 [pool-27-thread-1] INFO  server.RaftServerConfigKeys (ConfUtils.java:logGet(43)) - raft.server.snapshot.retention.num.files = 5 (custom)
2019-09-26 13:14:04,714 [pool-27-thread-1] INFO  server.RaftServerConfigKeys (ConfUtils.java:logGet(43)) - raft.server.retrycache.expirytime = 600000ms (custom)
2019-09-26 13:14:04,716 [pool-27-thread-1] INFO  impl.RaftServerImpl (RaftServerImpl.java:start(185)) - ac8be7af-2201-47bb-9c92-ad25922e5522@group-E91D936561E5: start as a follower, conf=-1: [ac8be7af-2201-47bb-9c92-ad25922e5522:192.168.164.238:45961], old=null
2019-09-26 13:14:04,716 [pool-27-thread-1] INFO  impl.RaftServerImpl (RaftServerImpl.java:setRole(174)) - ac8be7af-2201-47bb-9c92-ad25922e5522@group-E91D936561E5: changes role from      null to FOLLOWER at term 0 for startAsFollower
2019-09-26 13:14:04,716 [pool-27-thread-1] INFO  impl.RoleInfo (RoleInfo.java:updateAndGet(143)) - ac8be7af-2201-47bb-9c92-ad25922e5522: start FollowerState
2019-09-26 13:14:04,716 [pool-27-thread-1] INFO  util.JmxRegister (JmxRegister.java:tryRegister(44)) - Successfully registered JMX Bean with object name Ratis:service=RaftServer,group=group-E91D936561E5,id=ac8be7af-2201-47bb-9c92-ad25922e5522
2019-09-26 13:14:04,724 [RatisPipelineUtilsThread] INFO  pipeline.PipelineStateManager (PipelineStateManager.java:addPipeline(56)) - Created pipeline Pipeline[ Id: ed7ac8b0-b86e-4cac-8197-e91d936561e5, Nodes: ac8be7af-2201-47bb-9c92-ad25922e5522{ip: 192.168.164.238, host: pr-hdds-1569-87zkn-1081879488, networkLocation: /default-rack, certSerialId: null}, Type:RATIS, Factor:ONE, State:OPEN]
2019-09-26 13:14:04,724 [RatisPipelineUtilsThread] INFO  pipeline.PipelinePlacementPolicy (PipelinePlacementPolicy.java:meetCriteria(91)) - Pipeline Placement: can't place more pipeline on heavy datanode： 14ea3107-d91f-437f-ad5f-c829a9f29dfc Heaviness: 6 limit: 5
2019-09-26 13:14:04,735 [grpc-default-executor-0] INFO  impl.RaftServerProxy (RaftServerProxy.java:addNew(89)) - ac8be7af-2201-47bb-9c92-ad25922e5522: addNew group-E51BC2B7889A:[ac8be7af-2201-47bb-9c92-ad25922e5522:192.168.164.238:45961] returns group-E51BC2B7889A:java.util.concurrent.CompletableFuture@8f88c50[Not completed]
2019-09-26 13:14:04,737 [pool-27-thread-1] INFO  impl.RaftServerImpl (RaftServerImpl.java:<init>(95)) - ac8be7af-2201-47bb-9c92-ad25922e5522: new RaftServerImpl for group-E51BC2B7889A:[ac8be7af-2201-47bb-9c92-ad25922e5522:192.168.164.238:45961] with ContainerStateMachine:uninitialized
2019-09-26 13:14:04,737 [pool-27-thread-1] INFO  server.RaftServerConfigKeys (ConfUtils.java:logGet(43)) - raft.server.rpc.timeout.min = 5s (custom)
2019-09-26 13:14:04,737 [pool-27-thread-1] INFO  server.RaftServerConfigKeys (ConfUtils.java:logGet(43)) - raft.server.rpc.timeout.max = 5200ms (custom)
2019-09-26 13:14:04,737 [pool-27-thread-1] INFO  server.RaftServerConfigKeys (ConfUtils.java:logGet(43)) - raft.server.rpcslowness.timeout = 120s (custom)
2019-09-26 13:14:04,737 [pool-27-thread-1] INFO  server.RaftServerConfigKeys (ConfUtils.java:logGet(43)) - raft.server.sleep.deviation.threshold = 300 (default)
2019-09-26 13:14:04,737 [pool-27-thread-1] INFO  server.RaftServerConfigKeys (ConfUtils.java:logGet(43)) - raft.server.log.appender.install.snapshot.enabled = false (custom)
2019-09-26 13:14:04,737 [pool-27-thread-1] INFO  impl.RaftServerImpl (ServerState.java:<init>(103)) - ac8be7af-2201-47bb-9c92-ad25922e5522@group-E51BC2B7889A: ConfigurationManager, init=-1: [ac8be7af-2201-47bb-9c92-ad25922e5522:192.168.164.238:45961], old=null, confs=<EMPTY_MAP>
2019-09-26 13:14:04,737 [pool-27-thread-1] INFO  server.RaftServerConfigKeys (ConfUtils.java:logGet(43)) - raft.server.storage.dir = [/workdir/hadoop-ozone/integration-test/target/test-dir/MiniOzoneClusterImpl-ed2f9e77-5d43-4f59-afa0-64bc0fdbaca5/datanode-0/data/ratis] (custom)
2019-09-26 13:14:04,738 [pool-27-thread-1] INFO  storage.RaftStorageDirectory (RaftStorageDirectory.java:analyzeStorage(246)) - The storage directory /workdir/hadoop-ozone/integration-test/target/test-dir/MiniOzoneClusterImpl-ed2f9e77-5d43-4f59-afa0-64bc0fdbaca5/datanode-0/data/ratis/511414df-9daa-4967-b66b-e51bc2b7889a does not exist. Creating ...
2019-09-26 13:14:04,751 [pool-27-thread-1] INFO  storage.RaftStorageDirectory (RaftStorageDirectory.java:tryLock(328)) - Lock on /workdir/hadoop-ozone/integration-test/target/test-dir/MiniOzoneClusterImpl-ed2f9e77-5d43-4f59-afa0-64bc0fdbaca5/datanode-0/data/ratis/511414df-9daa-4967-b66b-e51bc2b7889a/in_use.lock acquired by nodename 10026@pr-hdds-1569-87zkn-1081879488
2019-09-26 13:14:04,764 [pool-27-thread-1] INFO  storage.RaftStorage (RaftStorage.java:format(72)) - Storage directory /workdir/hadoop-ozone/integration-test/target/test-dir/MiniOzoneClusterImpl-ed2f9e77-5d43-4f59-afa0-64bc0fdbaca5/datanode-0/data/ratis/511414df-9daa-4967-b66b-e51bc2b7889a has been successfully formatted.
2019-09-26 13:14:04,764 [pool-27-thread-1] INFO  ratis.ContainerStateMachine (ContainerStateMachine.java:loadSnapshot(230)) - group-E51BC2B7889A: The snapshot info is null. Setting the last applied indexto:(t:0, i:~)
2019-09-26 13:14:04,764 [pool-27-thread-1] INFO  server.RaftServerConfigKeys (ConfUtils.java:logGet(43)) - raft.server.notification.no-leader.timeout = 120s (custom)
2019-09-26 13:14:04,764 [pool-27-thread-1] INFO  server.RaftServerConfigKeys (ConfUtils.java:logGet(43)) - raft.server.log.use.memory = false (default)
2019-09-26 13:14:04,764 [pool-27-thread-1] INFO  server.RaftServerConfigKeys (ConfUtils.java:logGet(43)) - raft.server.log.purge.gap = 1000000 (custom)
2019-09-26 13:14:04,765 [pool-27-thread-1] INFO  server.RaftServerConfigKeys (ConfUtils.java:logGet(43)) - raft.server.log.appender.buffer.byte-limit = 33554432 (custom)
2019-09-26 13:14:04,765 [pool-27-thread-1] INFO  server.RaftServerConfigKeys (ConfUtils.java:logGet(43)) - raft.server.log.segment.size.max = 1048576 (custom)
2019-09-26 13:14:04,765 [pool-27-thread-1] INFO  server.RaftServerConfigKeys (ConfUtils.java:logGet(43)) - raft.server.log.segment.cache.num.max = 2 (custom)
2019-09-26 13:14:04,765 [pool-27-thread-1] INFO  segmented.SegmentedRaftLogWorker (SegmentedRaftLogWorker.java:<init>(172)) - new ac8be7af-2201-47bb-9c92-ad25922e5522@group-E51BC2B7889A-SegmentedRaftLogWorker for RaftStorage:Storage Directory /workdir/hadoop-ozone/integration-test/target/test-dir/MiniOzoneClusterImpl-ed2f9e77-5d43-4f59-afa0-64bc0fdbaca5/datanode-0/data/ratis/511414df-9daa-4967-b66b-e51bc2b7889a
2019-09-26 13:14:04,765 [pool-27-thread-1] INFO  server.RaftServerConfigKeys (ConfUtils.java:logGet(43)) - raft.server.log.queue.byte-limit = 2147483647 (custom)
2019-09-26 13:14:04,765 [pool-27-thread-1] INFO  server.RaftServerConfigKeys (ConfUtils.java:logGet(43)) - raft.server.log.queue.element-limit = 1024 (custom)
2019-09-26 13:14:04,765 [pool-27-thread-1] INFO  server.RaftServerConfigKeys (ConfUtils.java:logGet(43)) - raft.server.log.segment.size.max = 1048576 (custom)
2019-09-26 13:14:04,765 [pool-27-thread-1] INFO  server.RaftServerConfigKeys (ConfUtils.java:logGet(43)) - raft.server.log.preallocated.size = 16384 (custom)
2019-09-26 13:14:04,765 [pool-27-thread-1] INFO  server.RaftServerConfigKeys (ConfUtils.java:logGet(43)) - raft.server.log.write.buffer.size = 33554432 (custom)
2019-09-26 13:14:04,766 [pool-27-thread-1] INFO  server.RaftServerConfigKeys (ConfUtils.java:logGet(43)) - raft.server.log.force.sync.num = 128 (default)
2019-09-26 13:14:04,766 [pool-27-thread-1] INFO  server.RaftServerConfigKeys (ConfUtils.java:logGet(43)) - raft.server.log.statemachine.data.sync = true (default)
2019-09-26 13:14:04,766 [pool-27-thread-1] INFO  server.RaftServerConfigKeys (ConfUtils.java:logGet(43)) - raft.server.log.statemachine.data.sync.timeout = 10s (default)
2019-09-26 13:14:04,766 [pool-27-thread-1] INFO  server.RaftServerConfigKeys (ConfUtils.java:logGet(43)) - raft.server.log.statemachine.data.sync.timeout.retry = -1 (default)
2019-09-26 13:14:04,766 [pool-27-thread-1] INFO  server.RaftServerConfigKeys (ConfUtils.java:logGet(43)) - raft.server.log.statemachine.data.caching.enabled = true (custom)
2019-09-26 13:14:04,766 [pool-27-thread-1] INFO  segmented.SegmentedRaftLogWorker (SegmentedRaftLogWorker.java:lambda$new$0(132)) - ac8be7af-2201-47bb-9c92-ad25922e5522@group-E51BC2B7889A-SegmentedRaftLogWorker: flushIndex: setUnconditionally 0 -> -1
2019-09-26 13:14:04,767 [pool-27-thread-1] INFO  server.RaftServerConfigKeys (ConfUtils.java:logGet(43)) - raft.server.snapshot.auto.trigger.enabled = true (custom)
2019-09-26 13:14:04,767 [pool-27-thread-1] INFO  server.RaftServerConfigKeys (ConfUtils.java:logGet(43)) - raft.server.snapshot.auto.trigger.threshold = 10000 (custom)
2019-09-26 13:14:04,767 [pool-27-thread-1] INFO  server.RaftServerConfigKeys (ConfUtils.java:logGet(43)) - raft.server.snapshot.retention.num.files = 5 (custom)
2019-09-26 13:14:04,767 [pool-27-thread-1] INFO  server.RaftServerConfigKeys (ConfUtils.java:logGet(43)) - raft.server.retrycache.expirytime = 600000ms (custom)
2019-09-26 13:14:04,769 [pool-27-thread-1] INFO  impl.RaftServerImpl (RaftServerImpl.java:start(185)) - ac8be7af-2201-47bb-9c92-ad25922e5522@group-E51BC2B7889A: start as a follower, conf=-1: [ac8be7af-2201-47bb-9c92-ad25922e5522:192.168.164.238:45961], old=null
2019-09-26 13:14:04,769 [pool-27-thread-1] INFO  impl.RaftServerImpl (RaftServerImpl.java:setRole(174)) - ac8be7af-2201-47bb-9c92-ad25922e5522@group-E51BC2B7889A: changes role from      null to FOLLOWER at term 0 for startAsFollower
2019-09-26 13:14:04,769 [pool-27-thread-1] INFO  impl.RoleInfo (RoleInfo.java:updateAndGet(143)) - ac8be7af-2201-47bb-9c92-ad25922e5522: start FollowerState
2019-09-26 13:14:04,770 [pool-27-thread-1] INFO  util.JmxRegister (JmxRegister.java:tryRegister(44)) - Successfully registered JMX Bean with object name Ratis:service=RaftServer,group=group-E51BC2B7889A,id=ac8be7af-2201-47bb-9c92-ad25922e5522
2019-09-26 13:14:04,775 [RatisPipelineUtilsThread] INFO  pipeline.PipelineStateManager (PipelineStateManager.java:addPipeline(56)) - Created pipeline Pipeline[ Id: 511414df-9daa-4967-b66b-e51bc2b7889a, Nodes: ac8be7af-2201-47bb-9c92-ad25922e5522{ip: 192.168.164.238, host: pr-hdds-1569-87zkn-1081879488, networkLocation: /default-rack, certSerialId: null}, Type:RATIS, Factor:ONE, State:OPEN]
2019-09-26 13:14:04,775 [RatisPipelineUtilsThread] INFO  pipeline.PipelinePlacementPolicy (PipelinePlacementPolicy.java:meetCriteria(91)) - Pipeline Placement: can't place more pipeline on heavy datanode： 14ea3107-d91f-437f-ad5f-c829a9f29dfc Heaviness: 6 limit: 5
2019-09-26 13:14:04,791 [grpc-default-executor-0] INFO  impl.RaftServerProxy (RaftServerProxy.java:addNew(89)) - 4df03a29-c5ad-4e89-af92-e85e0e749186: addNew group-9D8A31E69910:[4df03a29-c5ad-4e89-af92-e85e0e749186:192.168.164.238:44045] returns group-9D8A31E69910:java.util.concurrent.CompletableFuture@1ea0b8d4[Not completed]
2019-09-26 13:14:04,792 [pool-47-thread-1] INFO  impl.RaftServerImpl (RaftServerImpl.java:<init>(95)) - 4df03a29-c5ad-4e89-af92-e85e0e749186: new RaftServerImpl for group-9D8A31E69910:[4df03a29-c5ad-4e89-af92-e85e0e749186:192.168.164.238:44045] with ContainerStateMachine:uninitialized
2019-09-26 13:14:04,793 [pool-47-thread-1] INFO  server.RaftServerConfigKeys (ConfUtils.java:logGet(43)) - raft.server.rpc.timeout.min = 5s (custom)
2019-09-26 13:14:04,793 [pool-47-thread-1] INFO  server.RaftServerConfigKeys (ConfUtils.java:logGet(43)) - raft.server.rpc.timeout.max = 5200ms (custom)
2019-09-26 13:14:04,793 [pool-47-thread-1] INFO  server.RaftServerConfigKeys (ConfUtils.java:logGet(43)) - raft.server.rpcslowness.timeout = 120s (custom)
2019-09-26 13:14:04,793 [pool-47-thread-1] INFO  server.RaftServerConfigKeys (ConfUtils.java:logGet(43)) - raft.server.sleep.deviation.threshold = 300 (default)
2019-09-26 13:14:04,793 [pool-47-thread-1] INFO  server.RaftServerConfigKeys (ConfUtils.java:logGet(43)) - raft.server.log.appender.install.snapshot.enabled = false (custom)
2019-09-26 13:14:04,793 [pool-47-thread-1] INFO  impl.RaftServerImpl (ServerState.java:<init>(103)) - 4df03a29-c5ad-4e89-af92-e85e0e749186@group-9D8A31E69910: ConfigurationManager, init=-1: [4df03a29-c5ad-4e89-af92-e85e0e749186:192.168.164.238:44045], old=null, confs=<EMPTY_MAP>
2019-09-26 13:14:04,793 [pool-47-thread-1] INFO  server.RaftServerConfigKeys (ConfUtils.java:logGet(43)) - raft.server.storage.dir = [/workdir/hadoop-ozone/integration-test/target/test-dir/MiniOzoneClusterImpl-ed2f9e77-5d43-4f59-afa0-64bc0fdbaca5/datanode-2/data/ratis] (custom)
2019-09-26 13:14:04,794 [pool-47-thread-1] INFO  storage.RaftStorageDirectory (RaftStorageDirectory.java:analyzeStorage(246)) - The storage directory /workdir/hadoop-ozone/integration-test/target/test-dir/MiniOzoneClusterImpl-ed2f9e77-5d43-4f59-afa0-64bc0fdbaca5/datanode-2/data/ratis/78edaa47-898a-4bd3-a004-9d8a31e69910 does not exist. Creating ...
2019-09-26 13:14:04,807 [pool-47-thread-1] INFO  storage.RaftStorageDirectory (RaftStorageDirectory.java:tryLock(328)) - Lock on /workdir/hadoop-ozone/integration-test/target/test-dir/MiniOzoneClusterImpl-ed2f9e77-5d43-4f59-afa0-64bc0fdbaca5/datanode-2/data/ratis/78edaa47-898a-4bd3-a004-9d8a31e69910/in_use.lock acquired by nodename 10026@pr-hdds-1569-87zkn-1081879488
2019-09-26 13:14:04,820 [pool-47-thread-1] INFO  storage.RaftStorage (RaftStorage.java:format(72)) - Storage directory /workdir/hadoop-ozone/integration-test/target/test-dir/MiniOzoneClusterImpl-ed2f9e77-5d43-4f59-afa0-64bc0fdbaca5/datanode-2/data/ratis/78edaa47-898a-4bd3-a004-9d8a31e69910 has been successfully formatted.
2019-09-26 13:14:04,821 [pool-47-thread-1] INFO  ratis.ContainerStateMachine (ContainerStateMachine.java:loadSnapshot(230)) - group-9D8A31E69910: The snapshot info is null. Setting the last applied indexto:(t:0, i:~)
2019-09-26 13:14:04,821 [pool-47-thread-1] INFO  server.RaftServerConfigKeys (ConfUtils.java:logGet(43)) - raft.server.notification.no-leader.timeout = 120s (custom)
2019-09-26 13:14:04,821 [pool-47-thread-1] INFO  server.RaftServerConfigKeys (ConfUtils.java:logGet(43)) - raft.server.log.use.memory = false (default)
2019-09-26 13:14:04,821 [pool-47-thread-1] INFO  server.RaftServerConfigKeys (ConfUtils.java:logGet(43)) - raft.server.log.purge.gap = 1000000 (custom)
2019-09-26 13:14:04,821 [pool-47-thread-1] INFO  server.RaftServerConfigKeys (ConfUtils.java:logGet(43)) - raft.server.log.appender.buffer.byte-limit = 33554432 (custom)
2019-09-26 13:14:04,821 [pool-47-thread-1] INFO  server.RaftServerConfigKeys (ConfUtils.java:logGet(43)) - raft.server.log.segment.size.max = 1048576 (custom)
2019-09-26 13:14:04,821 [pool-47-thread-1] INFO  server.RaftServerConfigKeys (ConfUtils.java:logGet(43)) - raft.server.log.segment.cache.num.max = 2 (custom)
2019-09-26 13:14:04,821 [pool-47-thread-1] INFO  segmented.SegmentedRaftLogWorker (SegmentedRaftLogWorker.java:<init>(172)) - new 4df03a29-c5ad-4e89-af92-e85e0e749186@group-9D8A31E69910-SegmentedRaftLogWorker for RaftStorage:Storage Directory /workdir/hadoop-ozone/integration-test/target/test-dir/MiniOzoneClusterImpl-ed2f9e77-5d43-4f59-afa0-64bc0fdbaca5/datanode-2/data/ratis/78edaa47-898a-4bd3-a004-9d8a31e69910
2019-09-26 13:14:04,821 [pool-47-thread-1] INFO  server.RaftServerConfigKeys (ConfUtils.java:logGet(43)) - raft.server.log.queue.byte-limit = 2147483647 (custom)
2019-09-26 13:14:04,822 [pool-47-thread-1] INFO  server.RaftServerConfigKeys (ConfUtils.java:logGet(43)) - raft.server.log.queue.element-limit = 1024 (custom)
2019-09-26 13:14:04,822 [pool-47-thread-1] INFO  server.RaftServerConfigKeys (ConfUtils.java:logGet(43)) - raft.server.log.segment.size.max = 1048576 (custom)
2019-09-26 13:14:04,822 [pool-47-thread-1] INFO  server.RaftServerConfigKeys (ConfUtils.java:logGet(43)) - raft.server.log.preallocated.size = 16384 (custom)
2019-09-26 13:14:04,822 [pool-47-thread-1] INFO  server.RaftServerConfigKeys (ConfUtils.java:logGet(43)) - raft.server.log.write.buffer.size = 33554432 (custom)
2019-09-26 13:14:04,822 [pool-47-thread-1] INFO  server.RaftServerConfigKeys (ConfUtils.java:logGet(43)) - raft.server.log.force.sync.num = 128 (default)
2019-09-26 13:14:04,822 [pool-47-thread-1] INFO  server.RaftServerConfigKeys (ConfUtils.java:logGet(43)) - raft.server.log.statemachine.data.sync = true (default)
2019-09-26 13:14:04,822 [pool-47-thread-1] INFO  server.RaftServerConfigKeys (ConfUtils.java:logGet(43)) - raft.server.log.statemachine.data.sync.timeout = 10s (default)
2019-09-26 13:14:04,822 [pool-47-thread-1] INFO  server.RaftServerConfigKeys (ConfUtils.java:logGet(43)) - raft.server.log.statemachine.data.sync.timeout.retry = -1 (default)
2019-09-26 13:14:04,823 [pool-47-thread-1] INFO  server.RaftServerConfigKeys (ConfUtils.java:logGet(43)) - raft.server.log.statemachine.data.caching.enabled = true (custom)
2019-09-26 13:14:04,823 [pool-47-thread-1] INFO  segmented.SegmentedRaftLogWorker (SegmentedRaftLogWorker.java:lambda$new$0(132)) - 4df03a29-c5ad-4e89-af92-e85e0e749186@group-9D8A31E69910-SegmentedRaftLogWorker: flushIndex: setUnconditionally 0 -> -1
2019-09-26 13:14:04,823 [pool-47-thread-1] INFO  server.RaftServerConfigKeys (ConfUtils.java:logGet(43)) - raft.server.snapshot.auto.trigger.enabled = true (custom)
2019-09-26 13:14:04,823 [pool-47-thread-1] INFO  server.RaftServerConfigKeys (ConfUtils.java:logGet(43)) - raft.server.snapshot.auto.trigger.threshold = 10000 (custom)
2019-09-26 13:14:04,823 [pool-47-thread-1] INFO  server.RaftServerConfigKeys (ConfUtils.java:logGet(43)) - raft.server.snapshot.retention.num.files = 5 (custom)
2019-09-26 13:14:04,823 [pool-47-thread-1] INFO  server.RaftServerConfigKeys (ConfUtils.java:logGet(43)) - raft.server.retrycache.expirytime = 600000ms (custom)
2019-09-26 13:14:04,826 [pool-47-thread-1] INFO  impl.RaftServerImpl (RaftServerImpl.java:start(185)) - 4df03a29-c5ad-4e89-af92-e85e0e749186@group-9D8A31E69910: start as a follower, conf=-1: [4df03a29-c5ad-4e89-af92-e85e0e749186:192.168.164.238:44045], old=null
2019-09-26 13:14:04,826 [pool-47-thread-1] INFO  impl.RaftServerImpl (RaftServerImpl.java:setRole(174)) - 4df03a29-c5ad-4e89-af92-e85e0e749186@group-9D8A31E69910: changes role from      null to FOLLOWER at term 0 for startAsFollower
2019-09-26 13:14:04,826 [pool-47-thread-1] INFO  impl.RoleInfo (RoleInfo.java:updateAndGet(143)) - 4df03a29-c5ad-4e89-af92-e85e0e749186: start FollowerState
2019-09-26 13:14:04,826 [pool-47-thread-1] INFO  util.JmxRegister (JmxRegister.java:tryRegister(44)) - Successfully registered JMX Bean with object name Ratis:service=RaftServer,group=group-9D8A31E69910,id=4df03a29-c5ad-4e89-af92-e85e0e749186
2019-09-26 13:14:04,832 [RatisPipelineUtilsThread] INFO  pipeline.PipelineStateManager (PipelineStateManager.java:addPipeline(56)) - Created pipeline Pipeline[ Id: 78edaa47-898a-4bd3-a004-9d8a31e69910, Nodes: 4df03a29-c5ad-4e89-af92-e85e0e749186{ip: 192.168.164.238, host: pr-hdds-1569-87zkn-1081879488, networkLocation: /default-rack, certSerialId: null}, Type:RATIS, Factor:ONE, State:OPEN]
2019-09-26 13:14:04,832 [RatisPipelineUtilsThread] INFO  pipeline.PipelinePlacementPolicy (PipelinePlacementPolicy.java:meetCriteria(91)) - Pipeline Placement: can't place more pipeline on heavy datanode： 14ea3107-d91f-437f-ad5f-c829a9f29dfc Heaviness: 6 limit: 5
2019-09-26 13:14:04,848 [grpc-default-executor-0] INFO  impl.RaftServerProxy (RaftServerProxy.java:addNew(89)) - ac8be7af-2201-47bb-9c92-ad25922e5522: addNew group-1F54C5BC0F74:[ac8be7af-2201-47bb-9c92-ad25922e5522:192.168.164.238:45961] returns group-1F54C5BC0F74:java.util.concurrent.CompletableFuture@71b894e3[Not completed]
2019-09-26 13:14:04,850 [pool-27-thread-1] INFO  impl.RaftServerImpl (RaftServerImpl.java:<init>(95)) - ac8be7af-2201-47bb-9c92-ad25922e5522: new RaftServerImpl for group-1F54C5BC0F74:[ac8be7af-2201-47bb-9c92-ad25922e5522:192.168.164.238:45961] with ContainerStateMachine:uninitialized
2019-09-26 13:14:04,850 [pool-27-thread-1] INFO  server.RaftServerConfigKeys (ConfUtils.java:logGet(43)) - raft.server.rpc.timeout.min = 5s (custom)
2019-09-26 13:14:04,850 [pool-27-thread-1] INFO  server.RaftServerConfigKeys (ConfUtils.java:logGet(43)) - raft.server.rpc.timeout.max = 5200ms (custom)
2019-09-26 13:14:04,850 [pool-27-thread-1] INFO  server.RaftServerConfigKeys (ConfUtils.java:logGet(43)) - raft.server.rpcslowness.timeout = 120s (custom)
2019-09-26 13:14:04,851 [pool-27-thread-1] INFO  server.RaftServerConfigKeys (ConfUtils.java:logGet(43)) - raft.server.sleep.deviation.threshold = 300 (default)
2019-09-26 13:14:04,851 [pool-27-thread-1] INFO  server.RaftServerConfigKeys (ConfUtils.java:logGet(43)) - raft.server.log.appender.install.snapshot.enabled = false (custom)
2019-09-26 13:14:04,851 [pool-27-thread-1] INFO  impl.RaftServerImpl (ServerState.java:<init>(103)) - ac8be7af-2201-47bb-9c92-ad25922e5522@group-1F54C5BC0F74: ConfigurationManager, init=-1: [ac8be7af-2201-47bb-9c92-ad25922e5522:192.168.164.238:45961], old=null, confs=<EMPTY_MAP>
2019-09-26 13:14:04,851 [pool-27-thread-1] INFO  server.RaftServerConfigKeys (ConfUtils.java:logGet(43)) - raft.server.storage.dir = [/workdir/hadoop-ozone/integration-test/target/test-dir/MiniOzoneClusterImpl-ed2f9e77-5d43-4f59-afa0-64bc0fdbaca5/datanode-0/data/ratis] (custom)
2019-09-26 13:14:04,852 [pool-27-thread-1] INFO  storage.RaftStorageDirectory (RaftStorageDirectory.java:analyzeStorage(246)) - The storage directory /workdir/hadoop-ozone/integration-test/target/test-dir/MiniOzoneClusterImpl-ed2f9e77-5d43-4f59-afa0-64bc0fdbaca5/datanode-0/data/ratis/fbc8644b-34cf-45e4-b819-1f54c5bc0f74 does not exist. Creating ...
2019-09-26 13:14:04,872 [pool-27-thread-1] INFO  storage.RaftStorageDirectory (RaftStorageDirectory.java:tryLock(328)) - Lock on /workdir/hadoop-ozone/integration-test/target/test-dir/MiniOzoneClusterImpl-ed2f9e77-5d43-4f59-afa0-64bc0fdbaca5/datanode-0/data/ratis/fbc8644b-34cf-45e4-b819-1f54c5bc0f74/in_use.lock acquired by nodename 10026@pr-hdds-1569-87zkn-1081879488
2019-09-26 13:14:04,886 [pool-27-thread-1] INFO  storage.RaftStorage (RaftStorage.java:format(72)) - Storage directory /workdir/hadoop-ozone/integration-test/target/test-dir/MiniOzoneClusterImpl-ed2f9e77-5d43-4f59-afa0-64bc0fdbaca5/datanode-0/data/ratis/fbc8644b-34cf-45e4-b819-1f54c5bc0f74 has been successfully formatted.
2019-09-26 13:14:04,886 [pool-27-thread-1] INFO  ratis.ContainerStateMachine (ContainerStateMachine.java:loadSnapshot(230)) - group-1F54C5BC0F74: The snapshot info is null. Setting the last applied indexto:(t:0, i:~)
2019-09-26 13:14:04,886 [pool-27-thread-1] INFO  server.RaftServerConfigKeys (ConfUtils.java:logGet(43)) - raft.server.notification.no-leader.timeout = 120s (custom)
2019-09-26 13:14:04,887 [pool-27-thread-1] INFO  server.RaftServerConfigKeys (ConfUtils.java:logGet(43)) - raft.server.log.use.memory = false (default)
2019-09-26 13:14:04,887 [pool-27-thread-1] INFO  server.RaftServerConfigKeys (ConfUtils.java:logGet(43)) - raft.server.log.purge.gap = 1000000 (custom)
2019-09-26 13:14:04,887 [pool-27-thread-1] INFO  server.RaftServerConfigKeys (ConfUtils.java:logGet(43)) - raft.server.log.appender.buffer.byte-limit = 33554432 (custom)
2019-09-26 13:14:04,887 [pool-27-thread-1] INFO  server.RaftServerConfigKeys (ConfUtils.java:logGet(43)) - raft.server.log.segment.size.max = 1048576 (custom)
2019-09-26 13:14:04,887 [pool-27-thread-1] INFO  server.RaftServerConfigKeys (ConfUtils.java:logGet(43)) - raft.server.log.segment.cache.num.max = 2 (custom)
2019-09-26 13:14:04,887 [pool-27-thread-1] INFO  segmented.SegmentedRaftLogWorker (SegmentedRaftLogWorker.java:<init>(172)) - new ac8be7af-2201-47bb-9c92-ad25922e5522@group-1F54C5BC0F74-SegmentedRaftLogWorker for RaftStorage:Storage Directory /workdir/hadoop-ozone/integration-test/target/test-dir/MiniOzoneClusterImpl-ed2f9e77-5d43-4f59-afa0-64bc0fdbaca5/datanode-0/data/ratis/fbc8644b-34cf-45e4-b819-1f54c5bc0f74
2019-09-26 13:14:04,887 [pool-27-thread-1] INFO  server.RaftServerConfigKeys (ConfUtils.java:logGet(43)) - raft.server.log.queue.byte-limit = 2147483647 (custom)
2019-09-26 13:14:04,888 [pool-27-thread-1] INFO  server.RaftServerConfigKeys (ConfUtils.java:logGet(43)) - raft.server.log.queue.element-limit = 1024 (custom)
2019-09-26 13:14:04,888 [pool-27-thread-1] INFO  server.RaftServerConfigKeys (ConfUtils.java:logGet(43)) - raft.server.log.segment.size.max = 1048576 (custom)
2019-09-26 13:14:04,888 [pool-27-thread-1] INFO  server.RaftServerConfigKeys (ConfUtils.java:logGet(43)) - raft.server.log.preallocated.size = 16384 (custom)
2019-09-26 13:14:04,888 [pool-27-thread-1] INFO  server.RaftServerConfigKeys (ConfUtils.java:logGet(43)) - raft.server.log.write.buffer.size = 33554432 (custom)
2019-09-26 13:14:04,888 [pool-27-thread-1] INFO  server.RaftServerConfigKeys (ConfUtils.java:logGet(43)) - raft.server.log.force.sync.num = 128 (default)
2019-09-26 13:14:04,888 [pool-27-thread-1] INFO  server.RaftServerConfigKeys (ConfUtils.java:logGet(43)) - raft.server.log.statemachine.data.sync = true (default)
2019-09-26 13:14:04,888 [pool-27-thread-1] INFO  server.RaftServerConfigKeys (ConfUtils.java:logGet(43)) - raft.server.log.statemachine.data.sync.timeout = 10s (default)
2019-09-26 13:14:04,888 [pool-27-thread-1] INFO  server.RaftServerConfigKeys (ConfUtils.java:logGet(43)) - raft.server.log.statemachine.data.sync.timeout.retry = -1 (default)
2019-09-26 13:14:04,889 [pool-27-thread-1] INFO  server.RaftServerConfigKeys (ConfUtils.java:logGet(43)) - raft.server.log.statemachine.data.caching.enabled = true (custom)
2019-09-26 13:14:04,889 [pool-27-thread-1] INFO  segmented.SegmentedRaftLogWorker (SegmentedRaftLogWorker.java:lambda$new$0(132)) - ac8be7af-2201-47bb-9c92-ad25922e5522@group-1F54C5BC0F74-SegmentedRaftLogWorker: flushIndex: setUnconditionally 0 -> -1
2019-09-26 13:14:04,889 [pool-27-thread-1] INFO  server.RaftServerConfigKeys (ConfUtils.java:logGet(43)) - raft.server.snapshot.auto.trigger.enabled = true (custom)
2019-09-26 13:14:04,889 [pool-27-thread-1] INFO  server.RaftServerConfigKeys (ConfUtils.java:logGet(43)) - raft.server.snapshot.auto.trigger.threshold = 10000 (custom)
2019-09-26 13:14:04,889 [pool-27-thread-1] INFO  server.RaftServerConfigKeys (ConfUtils.java:logGet(43)) - raft.server.snapshot.retention.num.files = 5 (custom)
2019-09-26 13:14:04,890 [pool-27-thread-1] INFO  server.RaftServerConfigKeys (ConfUtils.java:logGet(43)) - raft.server.retrycache.expirytime = 600000ms (custom)
2019-09-26 13:14:04,892 [pool-27-thread-1] INFO  impl.RaftServerImpl (RaftServerImpl.java:start(185)) - ac8be7af-2201-47bb-9c92-ad25922e5522@group-1F54C5BC0F74: start as a follower, conf=-1: [ac8be7af-2201-47bb-9c92-ad25922e5522:192.168.164.238:45961], old=null
2019-09-26 13:14:04,892 [pool-27-thread-1] INFO  impl.RaftServerImpl (RaftServerImpl.java:setRole(174)) - ac8be7af-2201-47bb-9c92-ad25922e5522@group-1F54C5BC0F74: changes role from      null to FOLLOWER at term 0 for startAsFollower
2019-09-26 13:14:04,892 [pool-27-thread-1] INFO  impl.RoleInfo (RoleInfo.java:updateAndGet(143)) - ac8be7af-2201-47bb-9c92-ad25922e5522: start FollowerState
2019-09-26 13:14:04,892 [pool-27-thread-1] INFO  util.JmxRegister (JmxRegister.java:tryRegister(44)) - Successfully registered JMX Bean with object name Ratis:service=RaftServer,group=group-1F54C5BC0F74,id=ac8be7af-2201-47bb-9c92-ad25922e5522
2019-09-26 13:14:04,897 [RatisPipelineUtilsThread] INFO  pipeline.PipelineStateManager (PipelineStateManager.java:addPipeline(56)) - Created pipeline Pipeline[ Id: fbc8644b-34cf-45e4-b819-1f54c5bc0f74, Nodes: ac8be7af-2201-47bb-9c92-ad25922e5522{ip: 192.168.164.238, host: pr-hdds-1569-87zkn-1081879488, networkLocation: /default-rack, certSerialId: null}, Type:RATIS, Factor:ONE, State:OPEN]
2019-09-26 13:14:04,897 [RatisPipelineUtilsThread] INFO  pipeline.PipelinePlacementPolicy (PipelinePlacementPolicy.java:meetCriteria(91)) - Pipeline Placement: can't place more pipeline on heavy datanode： ac8be7af-2201-47bb-9c92-ad25922e5522 Heaviness: 6 limit: 5
2019-09-26 13:14:04,898 [RatisPipelineUtilsThread] INFO  pipeline.PipelinePlacementPolicy (PipelinePlacementPolicy.java:meetCriteria(91)) - Pipeline Placement: can't place more pipeline on heavy datanode： 14ea3107-d91f-437f-ad5f-c829a9f29dfc Heaviness: 6 limit: 5
2019-09-26 13:14:04,906 [grpc-default-executor-0] INFO  impl.RaftServerProxy (RaftServerProxy.java:addNew(89)) - 4df03a29-c5ad-4e89-af92-e85e0e749186: addNew group-E358126F0CCF:[4df03a29-c5ad-4e89-af92-e85e0e749186:192.168.164.238:44045] returns group-E358126F0CCF:java.util.concurrent.CompletableFuture@976b20b[Not completed]
2019-09-26 13:14:04,908 [pool-47-thread-1] INFO  impl.RaftServerImpl (RaftServerImpl.java:<init>(95)) - 4df03a29-c5ad-4e89-af92-e85e0e749186: new RaftServerImpl for group-E358126F0CCF:[4df03a29-c5ad-4e89-af92-e85e0e749186:192.168.164.238:44045] with ContainerStateMachine:uninitialized
2019-09-26 13:14:04,908 [pool-47-thread-1] INFO  server.RaftServerConfigKeys (ConfUtils.java:logGet(43)) - raft.server.rpc.timeout.min = 5s (custom)
2019-09-26 13:14:04,908 [pool-47-thread-1] INFO  server.RaftServerConfigKeys (ConfUtils.java:logGet(43)) - raft.server.rpc.timeout.max = 5200ms (custom)
2019-09-26 13:14:04,908 [pool-47-thread-1] INFO  server.RaftServerConfigKeys (ConfUtils.java:logGet(43)) - raft.server.rpcslowness.timeout = 120s (custom)
2019-09-26 13:14:04,908 [pool-47-thread-1] INFO  server.RaftServerConfigKeys (ConfUtils.java:logGet(43)) - raft.server.sleep.deviation.threshold = 300 (default)
2019-09-26 13:14:04,908 [pool-47-thread-1] INFO  server.RaftServerConfigKeys (ConfUtils.java:logGet(43)) - raft.server.log.appender.install.snapshot.enabled = false (custom)
2019-09-26 13:14:04,909 [pool-47-thread-1] INFO  impl.RaftServerImpl (ServerState.java:<init>(103)) - 4df03a29-c5ad-4e89-af92-e85e0e749186@group-E358126F0CCF: ConfigurationManager, init=-1: [4df03a29-c5ad-4e89-af92-e85e0e749186:192.168.164.238:44045], old=null, confs=<EMPTY_MAP>
2019-09-26 13:14:04,909 [pool-47-thread-1] INFO  server.RaftServerConfigKeys (ConfUtils.java:logGet(43)) - raft.server.storage.dir = [/workdir/hadoop-ozone/integration-test/target/test-dir/MiniOzoneClusterImpl-ed2f9e77-5d43-4f59-afa0-64bc0fdbaca5/datanode-2/data/ratis] (custom)
2019-09-26 13:14:04,909 [pool-47-thread-1] INFO  storage.RaftStorageDirectory (RaftStorageDirectory.java:analyzeStorage(246)) - The storage directory /workdir/hadoop-ozone/integration-test/target/test-dir/MiniOzoneClusterImpl-ed2f9e77-5d43-4f59-afa0-64bc0fdbaca5/datanode-2/data/ratis/984342e1-ede5-45fd-8957-e358126f0ccf does not exist. Creating ...
2019-09-26 13:14:04,923 [pool-47-thread-1] INFO  storage.RaftStorageDirectory (RaftStorageDirectory.java:tryLock(328)) - Lock on /workdir/hadoop-ozone/integration-test/target/test-dir/MiniOzoneClusterImpl-ed2f9e77-5d43-4f59-afa0-64bc0fdbaca5/datanode-2/data/ratis/984342e1-ede5-45fd-8957-e358126f0ccf/in_use.lock acquired by nodename 10026@pr-hdds-1569-87zkn-1081879488
2019-09-26 13:14:04,935 [pool-47-thread-1] INFO  storage.RaftStorage (RaftStorage.java:format(72)) - Storage directory /workdir/hadoop-ozone/integration-test/target/test-dir/MiniOzoneClusterImpl-ed2f9e77-5d43-4f59-afa0-64bc0fdbaca5/datanode-2/data/ratis/984342e1-ede5-45fd-8957-e358126f0ccf has been successfully formatted.
2019-09-26 13:14:04,936 [pool-47-thread-1] INFO  ratis.ContainerStateMachine (ContainerStateMachine.java:loadSnapshot(230)) - group-E358126F0CCF: The snapshot info is null. Setting the last applied indexto:(t:0, i:~)
2019-09-26 13:14:04,936 [pool-47-thread-1] INFO  server.RaftServerConfigKeys (ConfUtils.java:logGet(43)) - raft.server.notification.no-leader.timeout = 120s (custom)
2019-09-26 13:14:04,936 [pool-47-thread-1] INFO  server.RaftServerConfigKeys (ConfUtils.java:logGet(43)) - raft.server.log.use.memory = false (default)
2019-09-26 13:14:04,936 [pool-47-thread-1] INFO  server.RaftServerConfigKeys (ConfUtils.java:logGet(43)) - raft.server.log.purge.gap = 1000000 (custom)
2019-09-26 13:14:04,936 [pool-47-thread-1] INFO  server.RaftServerConfigKeys (ConfUtils.java:logGet(43)) - raft.server.log.appender.buffer.byte-limit = 33554432 (custom)
2019-09-26 13:14:04,936 [pool-47-thread-1] INFO  server.RaftServerConfigKeys (ConfUtils.java:logGet(43)) - raft.server.log.segment.size.max = 1048576 (custom)
2019-09-26 13:14:04,936 [pool-47-thread-1] INFO  server.RaftServerConfigKeys (ConfUtils.java:logGet(43)) - raft.server.log.segment.cache.num.max = 2 (custom)
2019-09-26 13:14:04,937 [pool-47-thread-1] INFO  segmented.SegmentedRaftLogWorker (SegmentedRaftLogWorker.java:<init>(172)) - new 4df03a29-c5ad-4e89-af92-e85e0e749186@group-E358126F0CCF-SegmentedRaftLogWorker for RaftStorage:Storage Directory /workdir/hadoop-ozone/integration-test/target/test-dir/MiniOzoneClusterImpl-ed2f9e77-5d43-4f59-afa0-64bc0fdbaca5/datanode-2/data/ratis/984342e1-ede5-45fd-8957-e358126f0ccf
2019-09-26 13:14:04,937 [pool-47-thread-1] INFO  server.RaftServerConfigKeys (ConfUtils.java:logGet(43)) - raft.server.log.queue.byte-limit = 2147483647 (custom)
2019-09-26 13:14:04,937 [pool-47-thread-1] INFO  server.RaftServerConfigKeys (ConfUtils.java:logGet(43)) - raft.server.log.queue.element-limit = 1024 (custom)
2019-09-26 13:14:04,937 [pool-47-thread-1] INFO  server.RaftServerConfigKeys (ConfUtils.java:logGet(43)) - raft.server.log.segment.size.max = 1048576 (custom)
2019-09-26 13:14:04,937 [pool-47-thread-1] INFO  server.RaftServerConfigKeys (ConfUtils.java:logGet(43)) - raft.server.log.preallocated.size = 16384 (custom)
2019-09-26 13:14:04,937 [pool-47-thread-1] INFO  server.RaftServerConfigKeys (ConfUtils.java:logGet(43)) - raft.server.log.write.buffer.size = 33554432 (custom)
2019-09-26 13:14:04,937 [pool-47-thread-1] INFO  server.RaftServerConfigKeys (ConfUtils.java:logGet(43)) - raft.server.log.force.sync.num = 128 (default)
2019-09-26 13:14:04,937 [pool-47-thread-1] INFO  server.RaftServerConfigKeys (ConfUtils.java:logGet(43)) - raft.server.log.statemachine.data.sync = true (default)
2019-09-26 13:14:04,937 [pool-47-thread-1] INFO  server.RaftServerConfigKeys (ConfUtils.java:logGet(43)) - raft.server.log.statemachine.data.sync.timeout = 10s (default)
2019-09-26 13:14:04,938 [pool-47-thread-1] INFO  server.RaftServerConfigKeys (ConfUtils.java:logGet(43)) - raft.server.log.statemachine.data.sync.timeout.retry = -1 (default)
2019-09-26 13:14:04,938 [pool-47-thread-1] INFO  server.RaftServerConfigKeys (ConfUtils.java:logGet(43)) - raft.server.log.statemachine.data.caching.enabled = true (custom)
2019-09-26 13:14:04,938 [pool-47-thread-1] INFO  segmented.SegmentedRaftLogWorker (SegmentedRaftLogWorker.java:lambda$new$0(132)) - 4df03a29-c5ad-4e89-af92-e85e0e749186@group-E358126F0CCF-SegmentedRaftLogWorker: flushIndex: setUnconditionally 0 -> -1
2019-09-26 13:14:04,938 [pool-47-thread-1] INFO  server.RaftServerConfigKeys (ConfUtils.java:logGet(43)) - raft.server.snapshot.auto.trigger.enabled = true (custom)
2019-09-26 13:14:04,938 [pool-47-thread-1] INFO  server.RaftServerConfigKeys (ConfUtils.java:logGet(43)) - raft.server.snapshot.auto.trigger.threshold = 10000 (custom)
2019-09-26 13:14:04,938 [pool-47-thread-1] INFO  server.RaftServerConfigKeys (ConfUtils.java:logGet(43)) - raft.server.snapshot.retention.num.files = 5 (custom)
2019-09-26 13:14:04,939 [pool-47-thread-1] INFO  server.RaftServerConfigKeys (ConfUtils.java:logGet(43)) - raft.server.retrycache.expirytime = 600000ms (custom)
2019-09-26 13:14:04,941 [pool-47-thread-1] INFO  impl.RaftServerImpl (RaftServerImpl.java:start(185)) - 4df03a29-c5ad-4e89-af92-e85e0e749186@group-E358126F0CCF: start as a follower, conf=-1: [4df03a29-c5ad-4e89-af92-e85e0e749186:192.168.164.238:44045], old=null
2019-09-26 13:14:04,941 [pool-47-thread-1] INFO  impl.RaftServerImpl (RaftServerImpl.java:setRole(174)) - 4df03a29-c5ad-4e89-af92-e85e0e749186@group-E358126F0CCF: changes role from      null to FOLLOWER at term 0 for startAsFollower
2019-09-26 13:14:04,941 [pool-47-thread-1] INFO  impl.RoleInfo (RoleInfo.java:updateAndGet(143)) - 4df03a29-c5ad-4e89-af92-e85e0e749186: start FollowerState
2019-09-26 13:14:04,941 [pool-47-thread-1] INFO  util.JmxRegister (JmxRegister.java:tryRegister(44)) - Successfully registered JMX Bean with object name Ratis:service=RaftServer,group=group-E358126F0CCF,id=4df03a29-c5ad-4e89-af92-e85e0e749186
2019-09-26 13:14:04,946 [RatisPipelineUtilsThread] INFO  pipeline.PipelineStateManager (PipelineStateManager.java:addPipeline(56)) - Created pipeline Pipeline[ Id: 984342e1-ede5-45fd-8957-e358126f0ccf, Nodes: 4df03a29-c5ad-4e89-af92-e85e0e749186{ip: 192.168.164.238, host: pr-hdds-1569-87zkn-1081879488, networkLocation: /default-rack, certSerialId: null}, Type:RATIS, Factor:ONE, State:OPEN]
2019-09-26 13:14:04,946 [RatisPipelineUtilsThread] INFO  pipeline.PipelinePlacementPolicy (PipelinePlacementPolicy.java:meetCriteria(91)) - Pipeline Placement: can't place more pipeline on heavy datanode： 4df03a29-c5ad-4e89-af92-e85e0e749186 Heaviness: 6 limit: 5
2019-09-26 13:14:04,947 [RatisPipelineUtilsThread] INFO  pipeline.PipelinePlacementPolicy (PipelinePlacementPolicy.java:meetCriteria(91)) - Pipeline Placement: can't place more pipeline on heavy datanode： ac8be7af-2201-47bb-9c92-ad25922e5522 Heaviness: 6 limit: 5
2019-09-26 13:14:04,947 [RatisPipelineUtilsThread] INFO  pipeline.PipelinePlacementPolicy (PipelinePlacementPolicy.java:meetCriteria(91)) - Pipeline Placement: can't place more pipeline on heavy datanode： 14ea3107-d91f-437f-ad5f-c829a9f29dfc Heaviness: 6 limit: 5
2019-09-26 13:14:04,947 [RatisPipelineUtilsThread] ERROR pipeline.PipelinePlacementPolicy (PipelinePlacementPolicy.java:filterViableNodes(148)) - Unable to find enough nodes that meet the criteria that cannot engage in more than 5 pipelines. Nodes required: 1 Found: 0, healthy nodes count inNodeManager: 3.
2019-09-26 13:14:04,949 [RatisPipelineUtilsThread] ERROR pipeline.SCMPipelineManager (SCMPipelineManager.java:createPipeline(167)) - Pipeline creation failed.
org.apache.hadoop.hdds.scm.exceptions.SCMException: Unable to find enough nodes that meet the criteria that cannot engage in more than 5 pipelines. Nodes required: 1 Found: 0, healthy nodes count inNodeManager: 3.
	at org.apache.hadoop.hdds.scm.pipeline.PipelinePlacementPolicy.filterViableNodes(PipelinePlacementPolicy.java:149)
	at org.apache.hadoop.hdds.scm.pipeline.PipelinePlacementPolicy.chooseDatanodes(PipelinePlacementPolicy.java:172)
	at org.apache.hadoop.hdds.scm.pipeline.RatisPipelineProvider.create(RatisPipelineProvider.java:93)
	at org.apache.hadoop.hdds.scm.pipeline.PipelineFactory.create(PipelineFactory.java:58)
	at org.apache.hadoop.hdds.scm.pipeline.SCMPipelineManager.createPipeline(SCMPipelineManager.java:155)
	at org.apache.hadoop.hdds.scm.pipeline.BackgroundPipelineCreator.createPipelines(BackgroundPipelineCreator.java:99)
	at java.util.concurrent.Executors$RunnableAdapter.call(Executors.java:511)
	at java.util.concurrent.FutureTask.run(FutureTask.java:266)
	at java.util.concurrent.ScheduledThreadPoolExecutor$ScheduledFutureTask.access$201(ScheduledThreadPoolExecutor.java:180)
	at java.util.concurrent.ScheduledThreadPoolExecutor$ScheduledFutureTask.run(ScheduledThreadPoolExecutor.java:293)
	at java.util.concurrent.ThreadPoolExecutor.runWorker(ThreadPoolExecutor.java:1149)
	at java.util.concurrent.ThreadPoolExecutor$Worker.run(ThreadPoolExecutor.java:624)
	at java.lang.Thread.run(Thread.java:748)
2019-09-26 13:14:04,951 [RatisPipelineUtilsThread] INFO  pipeline.PipelinePlacementPolicy (PipelinePlacementPolicy.java:meetCriteria(91)) - Pipeline Placement: can't place more pipeline on heavy datanode： 4df03a29-c5ad-4e89-af92-e85e0e749186 Heaviness: 6 limit: 5
2019-09-26 13:14:04,951 [RatisPipelineUtilsThread] INFO  pipeline.PipelinePlacementPolicy (PipelinePlacementPolicy.java:meetCriteria(91)) - Pipeline Placement: can't place more pipeline on heavy datanode： ac8be7af-2201-47bb-9c92-ad25922e5522 Heaviness: 6 limit: 5
2019-09-26 13:14:04,951 [RatisPipelineUtilsThread] INFO  pipeline.PipelinePlacementPolicy (PipelinePlacementPolicy.java:meetCriteria(91)) - Pipeline Placement: can't place more pipeline on heavy datanode： 14ea3107-d91f-437f-ad5f-c829a9f29dfc Heaviness: 6 limit: 5
2019-09-26 13:14:04,951 [RatisPipelineUtilsThread] ERROR pipeline.PipelinePlacementPolicy (PipelinePlacementPolicy.java:filterViableNodes(148)) - Unable to find enough nodes that meet the criteria that cannot engage in more than 5 pipelines. Nodes required: 3 Found: 0, healthy nodes count inNodeManager: 3.
2019-09-26 13:14:04,951 [RatisPipelineUtilsThread] ERROR pipeline.SCMPipelineManager (SCMPipelineManager.java:createPipeline(167)) - Pipeline creation failed.
org.apache.hadoop.hdds.scm.exceptions.SCMException: Unable to find enough nodes that meet the criteria that cannot engage in more than 5 pipelines. Nodes required: 3 Found: 0, healthy nodes count inNodeManager: 3.
	at org.apache.hadoop.hdds.scm.pipeline.PipelinePlacementPolicy.filterViableNodes(PipelinePlacementPolicy.java:149)
	at org.apache.hadoop.hdds.scm.pipeline.PipelinePlacementPolicy.chooseDatanodes(PipelinePlacementPolicy.java:172)
	at org.apache.hadoop.hdds.scm.pipeline.RatisPipelineProvider.create(RatisPipelineProvider.java:93)
	at org.apache.hadoop.hdds.scm.pipeline.PipelineFactory.create(PipelineFactory.java:58)
	at org.apache.hadoop.hdds.scm.pipeline.SCMPipelineManager.createPipeline(SCMPipelineManager.java:155)
	at org.apache.hadoop.hdds.scm.pipeline.BackgroundPipelineCreator.createPipelines(BackgroundPipelineCreator.java:99)
	at java.util.concurrent.Executors$RunnableAdapter.call(Executors.java:511)
	at java.util.concurrent.FutureTask.run(FutureTask.java:266)
	at java.util.concurrent.ScheduledThreadPoolExecutor$ScheduledFutureTask.access$201(ScheduledThreadPoolExecutor.java:180)
	at java.util.concurrent.ScheduledThreadPoolExecutor$ScheduledFutureTask.run(ScheduledThreadPoolExecutor.java:293)
	at java.util.concurrent.ThreadPoolExecutor.runWorker(ThreadPoolExecutor.java:1149)
	at java.util.concurrent.ThreadPoolExecutor$Worker.run(ThreadPoolExecutor.java:624)
	at java.lang.Thread.run(Thread.java:748)
2019-09-26 13:14:04,952 [main] INFO  pipeline.PipelinePlacementPolicy (PipelinePlacementPolicy.java:meetCriteria(91)) - Pipeline Placement: can't place more pipeline on heavy datanode： 4df03a29-c5ad-4e89-af92-e85e0e749186 Heaviness: 6 limit: 5
2019-09-26 13:14:04,952 [main] INFO  pipeline.PipelinePlacementPolicy (PipelinePlacementPolicy.java:meetCriteria(91)) - Pipeline Placement: can't place more pipeline on heavy datanode： ac8be7af-2201-47bb-9c92-ad25922e5522 Heaviness: 6 limit: 5
2019-09-26 13:14:04,952 [main] INFO  pipeline.PipelinePlacementPolicy (PipelinePlacementPolicy.java:meetCriteria(91)) - Pipeline Placement: can't place more pipeline on heavy datanode： 14ea3107-d91f-437f-ad5f-c829a9f29dfc Heaviness: 6 limit: 5
2019-09-26 13:14:04,952 [main] ERROR pipeline.PipelinePlacementPolicy (PipelinePlacementPolicy.java:filterViableNodes(148)) - Unable to find enough nodes that meet the criteria that cannot engage in more than 5 pipelines. Nodes required: 3 Found: 0, healthy nodes count inNodeManager: 3.
2019-09-26 13:14:04,953 [main] ERROR pipeline.SCMPipelineManager (SCMPipelineManager.java:createPipeline(167)) - Pipeline creation failed.
org.apache.hadoop.hdds.scm.exceptions.SCMException: Unable to find enough nodes that meet the criteria that cannot engage in more than 5 pipelines. Nodes required: 3 Found: 0, healthy nodes count inNodeManager: 3.
	at org.apache.hadoop.hdds.scm.pipeline.PipelinePlacementPolicy.filterViableNodes(PipelinePlacementPolicy.java:149)
	at org.apache.hadoop.hdds.scm.pipeline.PipelinePlacementPolicy.chooseDatanodes(PipelinePlacementPolicy.java:172)
	at org.apache.hadoop.hdds.scm.pipeline.RatisPipelineProvider.create(RatisPipelineProvider.java:93)
	at org.apache.hadoop.hdds.scm.pipeline.PipelineFactory.create(PipelineFactory.java:58)
	at org.apache.hadoop.hdds.scm.pipeline.SCMPipelineManager.createPipeline(SCMPipelineManager.java:155)
	at org.apache.hadoop.hdds.scm.container.ContainerStateManager.allocateContainer(ContainerStateManager.java:255)
	at org.apache.hadoop.hdds.scm.container.SCMContainerManager.allocateContainer(SCMContainerManager.java:247)
	at org.apache.hadoop.hdds.scm.pipeline.TestPipelineClose.init(TestPipelineClose.java:92)
	at sun.reflect.NativeMethodAccessorImpl.invoke0(Native Method)
	at sun.reflect.NativeMethodAccessorImpl.invoke(NativeMethodAccessorImpl.java:62)
	at sun.reflect.DelegatingMethodAccessorImpl.invoke(DelegatingMethodAccessorImpl.java:43)
	at java.lang.reflect.Method.invoke(Method.java:498)
	at org.junit.runners.model.FrameworkMethod$1.runReflectiveCall(FrameworkMethod.java:47)
	at org.junit.internal.runners.model.ReflectiveCallable.run(ReflectiveCallable.java:12)
	at org.junit.runners.model.FrameworkMethod.invokeExplosively(FrameworkMethod.java:44)
	at org.junit.internal.runners.statements.RunBefores.evaluate(RunBefores.java:24)
	at org.junit.internal.runners.statements.RunAfters.evaluate(RunAfters.java:27)
	at org.junit.runners.ParentRunner.runLeaf(ParentRunner.java:271)
	at org.junit.runners.BlockJUnit4ClassRunner.runChild(BlockJUnit4ClassRunner.java:70)
	at org.junit.runners.BlockJUnit4ClassRunner.runChild(BlockJUnit4ClassRunner.java:50)
	at org.junit.runners.ParentRunner$3.run(ParentRunner.java:238)
	at org.junit.runners.ParentRunner$1.schedule(ParentRunner.java:63)
	at org.junit.runners.ParentRunner.runChildren(ParentRunner.java:236)
	at org.junit.runners.ParentRunner.access$000(ParentRunner.java:53)
	at org.junit.runners.ParentRunner$2.evaluate(ParentRunner.java:229)
	at org.junit.runners.ParentRunner.run(ParentRunner.java:309)
	at org.apache.maven.surefire.junit4.JUnit4Provider.execute(JUnit4Provider.java:365)
	at org.apache.maven.surefire.junit4.JUnit4Provider.executeWithRerun(JUnit4Provider.java:273)
	at org.apache.maven.surefire.junit4.JUnit4Provider.executeTestSet(JUnit4Provider.java:238)
	at org.apache.maven.surefire.junit4.JUnit4Provider.invoke(JUnit4Provider.java:159)
	at org.apache.maven.surefire.booter.ForkedBooter.invokeProviderInSameClassLoader(ForkedBooter.java:384)
	at org.apache.maven.surefire.booter.ForkedBooter.runSuitesInProcess(ForkedBooter.java:345)
	at org.apache.maven.surefire.booter.ForkedBooter.execute(ForkedBooter.java:126)
	at org.apache.maven.surefire.booter.ForkedBooter.main(ForkedBooter.java:418)
2019-09-26 13:14:04,953 [RatisPipelineUtilsThread] INFO  pipeline.PipelinePlacementPolicy (PipelinePlacementPolicy.java:meetCriteria(91)) - Pipeline Placement: can't place more pipeline on heavy datanode： 4df03a29-c5ad-4e89-af92-e85e0e749186 Heaviness: 6 limit: 5
2019-09-26 13:14:04,953 [RatisPipelineUtilsThread] INFO  pipeline.PipelinePlacementPolicy (PipelinePlacementPolicy.java:meetCriteria(91)) - Pipeline Placement: can't place more pipeline on heavy datanode： ac8be7af-2201-47bb-9c92-ad25922e5522 Heaviness: 6 limit: 5
2019-09-26 13:14:04,954 [RatisPipelineUtilsThread] INFO  pipeline.PipelinePlacementPolicy (PipelinePlacementPolicy.java:meetCriteria(91)) - Pipeline Placement: can't place more pipeline on heavy datanode： 14ea3107-d91f-437f-ad5f-c829a9f29dfc Heaviness: 6 limit: 5
2019-09-26 13:14:04,954 [RatisPipelineUtilsThread] ERROR pipeline.PipelinePlacementPolicy (PipelinePlacementPolicy.java:filterViableNodes(148)) - Unable to find enough nodes that meet the criteria that cannot engage in more than 5 pipelines. Nodes required: 1 Found: 0, healthy nodes count inNodeManager: 3.
2019-09-26 13:14:04,954 [RatisPipelineUtilsThread] ERROR pipeline.SCMPipelineManager (SCMPipelineManager.java:createPipeline(167)) - Pipeline creation failed.
org.apache.hadoop.hdds.scm.exceptions.SCMException: Unable to find enough nodes that meet the criteria that cannot engage in more than 5 pipelines. Nodes required: 1 Found: 0, healthy nodes count inNodeManager: 3.
	at org.apache.hadoop.hdds.scm.pipeline.PipelinePlacementPolicy.filterViableNodes(PipelinePlacementPolicy.java:149)
	at org.apache.hadoop.hdds.scm.pipeline.PipelinePlacementPolicy.chooseDatanodes(PipelinePlacementPolicy.java:172)
	at org.apache.hadoop.hdds.scm.pipeline.RatisPipelineProvider.create(RatisPipelineProvider.java:93)
	at org.apache.hadoop.hdds.scm.pipeline.PipelineFactory.create(PipelineFactory.java:58)
	at org.apache.hadoop.hdds.scm.pipeline.SCMPipelineManager.createPipeline(SCMPipelineManager.java:155)
	at org.apache.hadoop.hdds.scm.pipeline.BackgroundPipelineCreator.createPipelines(BackgroundPipelineCreator.java:99)
	at org.apache.hadoop.hdds.scm.pipeline.BackgroundPipelineCreator.lambda$startFixedIntervalPipelineCreator$0(BackgroundPipelineCreator.java:70)
	at java.util.concurrent.Executors$RunnableAdapter.call(Executors.java:511)
	at java.util.concurrent.FutureTask.runAndReset(FutureTask.java:308)
	at java.util.concurrent.ScheduledThreadPoolExecutor$ScheduledFutureTask.access$301(ScheduledThreadPoolExecutor.java:180)
	at java.util.concurrent.ScheduledThreadPoolExecutor$ScheduledFutureTask.run(ScheduledThreadPoolExecutor.java:294)
	at java.util.concurrent.ThreadPoolExecutor.runWorker(ThreadPoolExecutor.java:1149)
	at java.util.concurrent.ThreadPoolExecutor$Worker.run(ThreadPoolExecutor.java:624)
	at java.lang.Thread.run(Thread.java:748)
2019-09-26 13:14:04,954 [RatisPipelineUtilsThread] INFO  pipeline.PipelinePlacementPolicy (PipelinePlacementPolicy.java:meetCriteria(91)) - Pipeline Placement: can't place more pipeline on heavy datanode： 4df03a29-c5ad-4e89-af92-e85e0e749186 Heaviness: 6 limit: 5
2019-09-26 13:14:04,954 [RatisPipelineUtilsThread] INFO  pipeline.PipelinePlacementPolicy (PipelinePlacementPolicy.java:meetCriteria(91)) - Pipeline Placement: can't place more pipeline on heavy datanode： ac8be7af-2201-47bb-9c92-ad25922e5522 Heaviness: 6 limit: 5
2019-09-26 13:14:04,954 [RatisPipelineUtilsThread] INFO  pipeline.PipelinePlacementPolicy (PipelinePlacementPolicy.java:meetCriteria(91)) - Pipeline Placement: can't place more pipeline on heavy datanode： 14ea3107-d91f-437f-ad5f-c829a9f29dfc Heaviness: 6 limit: 5
2019-09-26 13:14:04,954 [RatisPipelineUtilsThread] ERROR pipeline.PipelinePlacementPolicy (PipelinePlacementPolicy.java:filterViableNodes(148)) - Unable to find enough nodes that meet the criteria that cannot engage in more than 5 pipelines. Nodes required: 3 Found: 0, healthy nodes count inNodeManager: 3.
2019-09-26 13:14:04,955 [RatisPipelineUtilsThread] ERROR pipeline.SCMPipelineManager (SCMPipelineManager.java:createPipeline(167)) - Pipeline creation failed.
org.apache.hadoop.hdds.scm.exceptions.SCMException: Unable to find enough nodes that meet the criteria that cannot engage in more than 5 pipelines. Nodes required: 3 Found: 0, healthy nodes count inNodeManager: 3.
	at org.apache.hadoop.hdds.scm.pipeline.PipelinePlacementPolicy.filterViableNodes(PipelinePlacementPolicy.java:149)
	at org.apache.hadoop.hdds.scm.pipeline.PipelinePlacementPolicy.chooseDatanodes(PipelinePlacementPolicy.java:172)
	at org.apache.hadoop.hdds.scm.pipeline.RatisPipelineProvider.create(RatisPipelineProvider.java:93)
	at org.apache.hadoop.hdds.scm.pipeline.PipelineFactory.create(PipelineFactory.java:58)
	at org.apache.hadoop.hdds.scm.pipeline.SCMPipelineManager.createPipeline(SCMPipelineManager.java:155)
	at org.apache.hadoop.hdds.scm.pipeline.BackgroundPipelineCreator.createPipelines(BackgroundPipelineCreator.java:99)
	at org.apache.hadoop.hdds.scm.pipeline.BackgroundPipelineCreator.lambda$startFixedIntervalPipelineCreator$0(BackgroundPipelineCreator.java:70)
	at java.util.concurrent.Executors$RunnableAdapter.call(Executors.java:511)
	at java.util.concurrent.FutureTask.runAndReset(FutureTask.java:308)
	at java.util.concurrent.ScheduledThreadPoolExecutor$ScheduledFutureTask.access$301(ScheduledThreadPoolExecutor.java:180)
	at java.util.concurrent.ScheduledThreadPoolExecutor$ScheduledFutureTask.run(ScheduledThreadPoolExecutor.java:294)
	at java.util.concurrent.ThreadPoolExecutor.runWorker(ThreadPoolExecutor.java:1149)
	at java.util.concurrent.ThreadPoolExecutor$Worker.run(ThreadPoolExecutor.java:624)
	at java.lang.Thread.run(Thread.java:748)
2019-09-26 13:14:04,955 [main] INFO  ozone.MiniOzoneClusterImpl (MiniOzoneClusterImpl.java:shutdown(314)) - Shutting down the Mini Ozone Cluster
2019-09-26 13:14:04,956 [main] INFO  ozone.MiniOzoneClusterImpl (MiniOzoneClusterImpl.java:stop(330)) - Stopping the Mini Ozone Cluster
2019-09-26 13:14:04,956 [main] INFO  ozone.MiniOzoneClusterImpl (MiniOzoneClusterImpl.java:stopOM(400)) - Stopping the OzoneManager
2019-09-26 13:14:04,956 [main] INFO  ipc.Server (Server.java:stop(3082)) - Stopping server on 36023
2019-09-26 13:14:04,966 [IPC Server listener on 36023] INFO  ipc.Server (Server.java:run(1185)) - Stopping IPC Server listener on 36023
2019-09-26 13:14:04,968 [main] INFO  ratis.OzoneManagerDoubleBuffer (OzoneManagerDoubleBuffer.java:stop(248)) - Stopping OMDoubleBuffer flush thread
2019-09-26 13:14:04,969 [IPC Server Responder] INFO  ipc.Server (Server.java:run(1319)) - Stopping IPC Server Responder
2019-09-26 13:14:04,970 [OMDoubleBufferFlushThread] INFO  ratis.OzoneManagerDoubleBuffer (OzoneManagerDoubleBuffer.java:flushTransactions(191)) - OMDoubleBuffer flush thread OMDoubleBufferFlushThread is interrupted and will exit. OMDoubleBufferFlushThread
2019-09-26 13:14:04,977 [main] INFO  utils.BackgroundService (BackgroundService.java:shutdown(148)) - Shutting down service KeyDeletingService
2019-09-26 13:14:04,980 [main] INFO  handler.ContextHandler (ContextHandler.java:doStop(910)) - Stopped o.e.j.w.WebAppContext@5b22b970{/,null,UNAVAILABLE}{/ozoneManager}
2019-09-26 13:14:04,986 [main] INFO  server.AbstractConnector (AbstractConnector.java:doStop(318)) - Stopped ServerConnector@22d1886d{HTTP/1.1,[http/1.1]}{0.0.0.0:0}
2019-09-26 13:14:04,986 [main] INFO  handler.ContextHandler (ContextHandler.java:doStop(910)) - Stopped o.e.j.s.ServletContextHandler@57540fd0{/static,file:///workdir/hadoop-ozone/integration-test/target/test-classes/webapps/static,UNAVAILABLE}
2019-09-26 13:14:04,986 [main] INFO  handler.ContextHandler (ContextHandler.java:doStop(910)) - Stopped o.e.j.s.ServletContextHandler@15923407{/logs,file:///workdir/hadoop-ozone/integration-test/target/log,UNAVAILABLE}
2019-09-26 13:14:04,992 [main] INFO  ozone.MiniOzoneClusterImpl (MiniOzoneClusterImpl.java:stopDatanodes(377)) - Stopping the HddsDatanodes
2019-09-26 13:14:05,784 [Datanode State Machine Thread - 0] INFO  statemachine.DatanodeStateMachine (DatanodeStateMachine.java:lambda$startDaemon$0(350)) - Ozone container server started.
2019-09-26 13:14:05,843 [Thread-178] INFO  container.ReplicationManager (ReplicationManager.java:start(163)) - Starting Replication Monitor Thread.
2019-09-26 13:14:05,845 [ReplicationMonitor] INFO  container.ReplicationManager (ReplicationManager.java:run(226)) - Replication Monitor Thread took 1 milliseconds for processing 0 containers.
2019-09-26 13:14:05,866 [Datanode State Machine Thread - 0] INFO  statemachine.DatanodeStateMachine (DatanodeStateMachine.java:lambda$startDaemon$0(350)) - Ozone container server started.
2019-09-26 13:14:08,605 [Thread-180] INFO  impl.FollowerState (FollowerState.java:run(106)) - ac8be7af-2201-47bb-9c92-ad25922e5522:group-C73AF30BD411 changes to CANDIDATE, lastRpcTime:5107, electionTimeout:5106ms
2019-09-26 13:14:08,607 [Thread-180] INFO  impl.RoleInfo (RoleInfo.java:shutdownFollowerState(121)) - ac8be7af-2201-47bb-9c92-ad25922e5522: shutdown FollowerState
2019-09-26 13:14:08,608 [Thread-180] INFO  impl.RaftServerImpl (RaftServerImpl.java:setRole(174)) - ac8be7af-2201-47bb-9c92-ad25922e5522@group-C73AF30BD411: changes role from  FOLLOWER to CANDIDATE at term 0 for changeToCandidate
2019-09-26 13:14:08,615 [Thread-180] INFO  impl.RoleInfo (RoleInfo.java:updateAndGet(143)) - ac8be7af-2201-47bb-9c92-ad25922e5522: start LeaderElection
2019-09-26 13:14:08,636 [ac8be7af-2201-47bb-9c92-ad25922e5522@group-C73AF30BD411:LeaderElection1] INFO  impl.LeaderElection (LeaderElection.java:askForVotes(182)) - ac8be7af-2201-47bb-9c92-ad25922e5522@group-C73AF30BD411:LeaderElection1: begin an election at term 1 for -1: [ac8be7af-2201-47bb-9c92-ad25922e5522:192.168.164.238:45961], old=null
2019-09-26 13:14:08,637 [ac8be7af-2201-47bb-9c92-ad25922e5522@group-C73AF30BD411:LeaderElection1] INFO  impl.RoleInfo (RoleInfo.java:shutdownLeaderElection(134)) - ac8be7af-2201-47bb-9c92-ad25922e5522: shutdown LeaderElection
2019-09-26 13:14:08,638 [ac8be7af-2201-47bb-9c92-ad25922e5522@group-C73AF30BD411:LeaderElection1] INFO  impl.RaftServerImpl (RaftServerImpl.java:setRole(174)) - ac8be7af-2201-47bb-9c92-ad25922e5522@group-C73AF30BD411: changes role from CANDIDATE to LEADER at term 1 for changeToLeader
2019-09-26 13:14:08,639 [ac8be7af-2201-47bb-9c92-ad25922e5522@group-C73AF30BD411:LeaderElection1] INFO  impl.RaftServerImpl (ServerState.java:setLeader(253)) - ac8be7af-2201-47bb-9c92-ad25922e5522@group-C73AF30BD411: change Leader from null to ac8be7af-2201-47bb-9c92-ad25922e5522 at term 1 for becomeLeader, leader elected after 5279ms
2019-09-26 13:14:08,646 [ac8be7af-2201-47bb-9c92-ad25922e5522@group-C73AF30BD411:LeaderElection1] INFO  server.RaftServerConfigKeys (ConfUtils.java:logGet(43)) - raft.server.staging.catchup.gap = 1000 (default)
2019-09-26 13:14:08,646 [ac8be7af-2201-47bb-9c92-ad25922e5522@group-C73AF30BD411:LeaderElection1] INFO  server.RaftServerConfigKeys (ConfUtils.java:logGet(43)) - raft.server.rpc.sleep.time = 25ms (default)
2019-09-26 13:14:08,649 [ac8be7af-2201-47bb-9c92-ad25922e5522@group-C73AF30BD411:LeaderElection1] INFO  server.RaftServerConfigKeys (ConfUtils.java:logGet(43)) - raft.server.write.element-limit = 4096 (default)
2019-09-26 13:14:08,652 [ac8be7af-2201-47bb-9c92-ad25922e5522@group-C73AF30BD411:LeaderElection1] INFO  server.RaftServerConfigKeys (ConfUtils.java:logGet(43)) - raft.server.watch.timeout = 10s (default)
2019-09-26 13:14:08,652 [ac8be7af-2201-47bb-9c92-ad25922e5522@group-C73AF30BD411:LeaderElection1] INFO  server.RaftServerConfigKeys (ConfUtils.java:logGet(43)) - raft.server.watch.timeout.denomination = 1s (default)
2019-09-26 13:14:08,654 [ac8be7af-2201-47bb-9c92-ad25922e5522@group-C73AF30BD411:LeaderElection1] INFO  server.RaftServerConfigKeys (ConfUtils.java:logGet(43)) - raft.server.watch.element-limit = 65536 (default)
2019-09-26 13:14:08,671 [ac8be7af-2201-47bb-9c92-ad25922e5522@group-C73AF30BD411:LeaderElection1] INFO  impl.RoleInfo (RoleInfo.java:updateAndGet(143)) - ac8be7af-2201-47bb-9c92-ad25922e5522: start LeaderState
2019-09-26 13:14:08,690 [Thread-183] INFO  impl.FollowerState (FollowerState.java:run(106)) - ac8be7af-2201-47bb-9c92-ad25922e5522:group-7F8018A926FE changes to CANDIDATE, lastRpcTime:5067, electionTimeout:5067ms
2019-09-26 13:14:08,691 [Thread-183] INFO  impl.RoleInfo (RoleInfo.java:shutdownFollowerState(121)) - ac8be7af-2201-47bb-9c92-ad25922e5522: shutdown FollowerState
2019-09-26 13:14:08,691 [Thread-183] INFO  impl.RaftServerImpl (RaftServerImpl.java:setRole(174)) - ac8be7af-2201-47bb-9c92-ad25922e5522@group-7F8018A926FE: changes role from  FOLLOWER to CANDIDATE at term 0 for changeToCandidate
2019-09-26 13:14:08,691 [Thread-183] INFO  impl.RoleInfo (RoleInfo.java:updateAndGet(143)) - ac8be7af-2201-47bb-9c92-ad25922e5522: start LeaderElection
2019-09-26 13:14:08,702 [ac8be7af-2201-47bb-9c92-ad25922e5522@group-C73AF30BD411:LeaderElection1] INFO  segmented.SegmentedRaftLogWorker (SegmentedRaftLogWorker.java:startLogSegment(380)) - ac8be7af-2201-47bb-9c92-ad25922e5522@group-C73AF30BD411-SegmentedRaftLogWorker: Starting segment from index:0
2019-09-26 13:14:08,712 [ac8be7af-2201-47bb-9c92-ad25922e5522@group-C73AF30BD411:LeaderElection1] INFO  impl.RaftServerImpl (ServerState.java:setRaftConf(354)) - ac8be7af-2201-47bb-9c92-ad25922e5522@group-C73AF30BD411: set configuration 0: [ac8be7af-2201-47bb-9c92-ad25922e5522:192.168.164.238:45961], old=null at 0
2019-09-26 13:14:08,785 [ac8be7af-2201-47bb-9c92-ad25922e5522@group-7F8018A926FE:LeaderElection2] INFO  impl.LeaderElection (LeaderElection.java:askForVotes(182)) - ac8be7af-2201-47bb-9c92-ad25922e5522@group-7F8018A926FE:LeaderElection2: begin an election at term 1 for -1: [ac8be7af-2201-47bb-9c92-ad25922e5522:192.168.164.238:45961], old=null
2019-09-26 13:14:08,790 [ac8be7af-2201-47bb-9c92-ad25922e5522@group-7F8018A926FE:LeaderElection2] INFO  impl.RoleInfo (RoleInfo.java:shutdownLeaderElection(134)) - ac8be7af-2201-47bb-9c92-ad25922e5522: shutdown LeaderElection
2019-09-26 13:14:08,791 [ac8be7af-2201-47bb-9c92-ad25922e5522@group-7F8018A926FE:LeaderElection2] INFO  impl.RaftServerImpl (RaftServerImpl.java:setRole(174)) - ac8be7af-2201-47bb-9c92-ad25922e5522@group-7F8018A926FE: changes role from CANDIDATE to LEADER at term 1 for changeToLeader
2019-09-26 13:14:08,791 [ac8be7af-2201-47bb-9c92-ad25922e5522@group-7F8018A926FE:LeaderElection2] INFO  impl.RaftServerImpl (ServerState.java:setLeader(253)) - ac8be7af-2201-47bb-9c92-ad25922e5522@group-7F8018A926FE: change Leader from null to ac8be7af-2201-47bb-9c92-ad25922e5522 at term 1 for becomeLeader, leader elected after 5176ms
2019-09-26 13:14:08,791 [ac8be7af-2201-47bb-9c92-ad25922e5522@group-7F8018A926FE:LeaderElection2] INFO  server.RaftServerConfigKeys (ConfUtils.java:logGet(43)) - raft.server.staging.catchup.gap = 1000 (default)
2019-09-26 13:14:08,791 [ac8be7af-2201-47bb-9c92-ad25922e5522@group-7F8018A926FE:LeaderElection2] INFO  server.RaftServerConfigKeys (ConfUtils.java:logGet(43)) - raft.server.rpc.sleep.time = 25ms (default)
2019-09-26 13:14:08,791 [ac8be7af-2201-47bb-9c92-ad25922e5522@group-7F8018A926FE:LeaderElection2] INFO  server.RaftServerConfigKeys (ConfUtils.java:logGet(43)) - raft.server.write.element-limit = 4096 (default)
2019-09-26 13:14:08,792 [ac8be7af-2201-47bb-9c92-ad25922e5522@group-7F8018A926FE:LeaderElection2] INFO  server.RaftServerConfigKeys (ConfUtils.java:logGet(43)) - raft.server.watch.timeout = 10s (default)
2019-09-26 13:14:08,792 [ac8be7af-2201-47bb-9c92-ad25922e5522@group-7F8018A926FE:LeaderElection2] INFO  server.RaftServerConfigKeys (ConfUtils.java:logGet(43)) - raft.server.watch.timeout.denomination = 1s (default)
2019-09-26 13:14:08,792 [ac8be7af-2201-47bb-9c92-ad25922e5522@group-7F8018A926FE:LeaderElection2] INFO  server.RaftServerConfigKeys (ConfUtils.java:logGet(43)) - raft.server.watch.element-limit = 65536 (default)
2019-09-26 13:14:08,796 [ac8be7af-2201-47bb-9c92-ad25922e5522@group-7F8018A926FE:LeaderElection2] INFO  impl.RoleInfo (RoleInfo.java:updateAndGet(143)) - ac8be7af-2201-47bb-9c92-ad25922e5522: start LeaderState
2019-09-26 13:14:08,796 [ac8be7af-2201-47bb-9c92-ad25922e5522@group-7F8018A926FE:LeaderElection2] INFO  segmented.SegmentedRaftLogWorker (SegmentedRaftLogWorker.java:startLogSegment(380)) - ac8be7af-2201-47bb-9c92-ad25922e5522@group-7F8018A926FE-SegmentedRaftLogWorker: Starting segment from index:0
2019-09-26 13:14:08,797 [ac8be7af-2201-47bb-9c92-ad25922e5522@group-7F8018A926FE:LeaderElection2] INFO  impl.RaftServerImpl (ServerState.java:setRaftConf(354)) - ac8be7af-2201-47bb-9c92-ad25922e5522@group-7F8018A926FE: set configuration 0: [ac8be7af-2201-47bb-9c92-ad25922e5522:192.168.164.238:45961], old=null at 0
2019-09-26 13:14:08,826 [Thread-186] INFO  impl.FollowerState (FollowerState.java:run(106)) - 14ea3107-d91f-437f-ad5f-c829a9f29dfc:group-78D82F752D7E changes to CANDIDATE, lastRpcTime:5096, electionTimeout:5095ms
2019-09-26 13:14:08,827 [Thread-186] INFO  impl.RoleInfo (RoleInfo.java:shutdownFollowerState(121)) - 14ea3107-d91f-437f-ad5f-c829a9f29dfc: shutdown FollowerState
2019-09-26 13:14:08,827 [Thread-186] INFO  impl.RaftServerImpl (RaftServerImpl.java:setRole(174)) - 14ea3107-d91f-437f-ad5f-c829a9f29dfc@group-78D82F752D7E: changes role from  FOLLOWER to CANDIDATE at term 0 for changeToCandidate
2019-09-26 13:14:08,827 [Thread-186] INFO  impl.RoleInfo (RoleInfo.java:updateAndGet(143)) - 14ea3107-d91f-437f-ad5f-c829a9f29dfc: start LeaderElection
2019-09-26 13:14:08,843 [14ea3107-d91f-437f-ad5f-c829a9f29dfc@group-78D82F752D7E:LeaderElection3] INFO  impl.LeaderElection (LeaderElection.java:askForVotes(182)) - 14ea3107-d91f-437f-ad5f-c829a9f29dfc@group-78D82F752D7E:LeaderElection3: begin an election at term 1 for -1: [14ea3107-d91f-437f-ad5f-c829a9f29dfc:192.168.164.238:43234], old=null
2019-09-26 13:14:08,843 [14ea3107-d91f-437f-ad5f-c829a9f29dfc@group-78D82F752D7E:LeaderElection3] INFO  impl.RoleInfo (RoleInfo.java:shutdownLeaderElection(134)) - 14ea3107-d91f-437f-ad5f-c829a9f29dfc: shutdown LeaderElection
2019-09-26 13:14:08,844 [14ea3107-d91f-437f-ad5f-c829a9f29dfc@group-78D82F752D7E:LeaderElection3] INFO  impl.RaftServerImpl (RaftServerImpl.java:setRole(174)) - 14ea3107-d91f-437f-ad5f-c829a9f29dfc@group-78D82F752D7E: changes role from CANDIDATE to LEADER at term 1 for changeToLeader
2019-09-26 13:14:08,844 [14ea3107-d91f-437f-ad5f-c829a9f29dfc@group-78D82F752D7E:LeaderElection3] INFO  impl.RaftServerImpl (ServerState.java:setLeader(253)) - 14ea3107-d91f-437f-ad5f-c829a9f29dfc@group-78D82F752D7E: change Leader from null to 14ea3107-d91f-437f-ad5f-c829a9f29dfc at term 1 for becomeLeader, leader elected after 5133ms
2019-09-26 13:14:08,844 [14ea3107-d91f-437f-ad5f-c829a9f29dfc@group-78D82F752D7E:LeaderElection3] INFO  server.RaftServerConfigKeys (ConfUtils.java:logGet(43)) - raft.server.staging.catchup.gap = 1000 (default)
2019-09-26 13:14:08,844 [14ea3107-d91f-437f-ad5f-c829a9f29dfc@group-78D82F752D7E:LeaderElection3] INFO  server.RaftServerConfigKeys (ConfUtils.java:logGet(43)) - raft.server.rpc.sleep.time = 25ms (default)
2019-09-26 13:14:08,844 [14ea3107-d91f-437f-ad5f-c829a9f29dfc@group-78D82F752D7E:LeaderElection3] INFO  server.RaftServerConfigKeys (ConfUtils.java:logGet(43)) - raft.server.write.element-limit = 4096 (default)
2019-09-26 13:14:08,845 [14ea3107-d91f-437f-ad5f-c829a9f29dfc@group-78D82F752D7E:LeaderElection3] INFO  server.RaftServerConfigKeys (ConfUtils.java:logGet(43)) - raft.server.watch.timeout = 10s (default)
2019-09-26 13:14:08,845 [14ea3107-d91f-437f-ad5f-c829a9f29dfc@group-78D82F752D7E:LeaderElection3] INFO  server.RaftServerConfigKeys (ConfUtils.java:logGet(43)) - raft.server.watch.timeout.denomination = 1s (default)
2019-09-26 13:14:08,845 [14ea3107-d91f-437f-ad5f-c829a9f29dfc@group-78D82F752D7E:LeaderElection3] INFO  server.RaftServerConfigKeys (ConfUtils.java:logGet(43)) - raft.server.watch.element-limit = 65536 (default)
2019-09-26 13:14:08,848 [14ea3107-d91f-437f-ad5f-c829a9f29dfc@group-78D82F752D7E:LeaderElection3] INFO  impl.RoleInfo (RoleInfo.java:updateAndGet(143)) - 14ea3107-d91f-437f-ad5f-c829a9f29dfc: start LeaderState
2019-09-26 13:14:08,848 [14ea3107-d91f-437f-ad5f-c829a9f29dfc@group-78D82F752D7E:LeaderElection3] INFO  segmented.SegmentedRaftLogWorker (SegmentedRaftLogWorker.java:startLogSegment(380)) - 14ea3107-d91f-437f-ad5f-c829a9f29dfc@group-78D82F752D7E-SegmentedRaftLogWorker: Starting segment from index:0
2019-09-26 13:14:08,849 [14ea3107-d91f-437f-ad5f-c829a9f29dfc@group-78D82F752D7E:LeaderElection3] INFO  impl.RaftServerImpl (ServerState.java:setRaftConf(354)) - 14ea3107-d91f-437f-ad5f-c829a9f29dfc@group-78D82F752D7E: set configuration 0: [14ea3107-d91f-437f-ad5f-c829a9f29dfc:192.168.164.238:43234], old=null at 0
2019-09-26 13:14:08,907 [ac8be7af-2201-47bb-9c92-ad25922e5522@group-7F8018A926FE-SegmentedRaftLogWorker] INFO  segmented.SegmentedRaftLogWorker (SegmentedRaftLogWorker.java:execute(569)) - ac8be7af-2201-47bb-9c92-ad25922e5522@group-7F8018A926FE-SegmentedRaftLogWorker: created new log segment /workdir/hadoop-ozone/integration-test/target/test-dir/MiniOzoneClusterImpl-ed2f9e77-5d43-4f59-afa0-64bc0fdbaca5/datanode-0/data/ratis/099a2a9b-386a-4f57-8189-7f8018a926fe/current/log_inprogress_0
2019-09-26 13:14:08,907 [14ea3107-d91f-437f-ad5f-c829a9f29dfc@group-78D82F752D7E-SegmentedRaftLogWorker] INFO  segmented.SegmentedRaftLogWorker (SegmentedRaftLogWorker.java:execute(569)) - 14ea3107-d91f-437f-ad5f-c829a9f29dfc@group-78D82F752D7E-SegmentedRaftLogWorker: created new log segment /workdir/hadoop-ozone/integration-test/target/test-dir/MiniOzoneClusterImpl-ed2f9e77-5d43-4f59-afa0-64bc0fdbaca5/datanode-1/data/ratis/a1e0c507-2bec-4366-8bba-78d82f752d7e/current/log_inprogress_0
2019-09-26 13:14:08,907 [ac8be7af-2201-47bb-9c92-ad25922e5522@group-C73AF30BD411-SegmentedRaftLogWorker] INFO  segmented.SegmentedRaftLogWorker (SegmentedRaftLogWorker.java:execute(569)) - ac8be7af-2201-47bb-9c92-ad25922e5522@group-C73AF30BD411-SegmentedRaftLogWorker: created new log segment /workdir/hadoop-ozone/integration-test/target/test-dir/MiniOzoneClusterImpl-ed2f9e77-5d43-4f59-afa0-64bc0fdbaca5/datanode-0/data/ratis/bf7fcc78-f85a-4510-9405-c73af30bd411/current/log_inprogress_0
2019-09-26 13:14:09,132 [Thread-189] INFO  impl.FollowerState (FollowerState.java:run(106)) - 14ea3107-d91f-437f-ad5f-c829a9f29dfc:group-347FCD2D7E36 changes to CANDIDATE, lastRpcTime:5072, electionTimeout:5072ms
2019-09-26 13:14:09,132 [Thread-189] INFO  impl.RoleInfo (RoleInfo.java:shutdownFollowerState(121)) - 14ea3107-d91f-437f-ad5f-c829a9f29dfc: shutdown FollowerState
2019-09-26 13:14:09,133 [Thread-189] INFO  impl.RaftServerImpl (RaftServerImpl.java:setRole(174)) - 14ea3107-d91f-437f-ad5f-c829a9f29dfc@group-347FCD2D7E36: changes role from  FOLLOWER to CANDIDATE at term 0 for changeToCandidate
2019-09-26 13:14:09,133 [Thread-189] INFO  impl.RoleInfo (RoleInfo.java:updateAndGet(143)) - 14ea3107-d91f-437f-ad5f-c829a9f29dfc: start LeaderElection
2019-09-26 13:14:09,151 [14ea3107-d91f-437f-ad5f-c829a9f29dfc@group-347FCD2D7E36:LeaderElection4] INFO  impl.LeaderElection (LeaderElection.java:askForVotes(182)) - 14ea3107-d91f-437f-ad5f-c829a9f29dfc@group-347FCD2D7E36:LeaderElection4: begin an election at term 1 for -1: [14ea3107-d91f-437f-ad5f-c829a9f29dfc:192.168.164.238:43234], old=null
2019-09-26 13:14:09,152 [14ea3107-d91f-437f-ad5f-c829a9f29dfc@group-347FCD2D7E36:LeaderElection4] INFO  impl.RoleInfo (RoleInfo.java:shutdownLeaderElection(134)) - 14ea3107-d91f-437f-ad5f-c829a9f29dfc: shutdown LeaderElection
2019-09-26 13:14:09,152 [14ea3107-d91f-437f-ad5f-c829a9f29dfc@group-347FCD2D7E36:LeaderElection4] INFO  impl.RaftServerImpl (RaftServerImpl.java:setRole(174)) - 14ea3107-d91f-437f-ad5f-c829a9f29dfc@group-347FCD2D7E36: changes role from CANDIDATE to LEADER at term 1 for changeToLeader
2019-09-26 13:14:09,152 [14ea3107-d91f-437f-ad5f-c829a9f29dfc@group-347FCD2D7E36:LeaderElection4] INFO  impl.RaftServerImpl (ServerState.java:setLeader(253)) - 14ea3107-d91f-437f-ad5f-c829a9f29dfc@group-347FCD2D7E36: change Leader from null to 14ea3107-d91f-437f-ad5f-c829a9f29dfc at term 1 for becomeLeader, leader elected after 5104ms
2019-09-26 13:14:09,153 [14ea3107-d91f-437f-ad5f-c829a9f29dfc@group-347FCD2D7E36:LeaderElection4] INFO  server.RaftServerConfigKeys (ConfUtils.java:logGet(43)) - raft.server.staging.catchup.gap = 1000 (default)
2019-09-26 13:14:09,153 [14ea3107-d91f-437f-ad5f-c829a9f29dfc@group-347FCD2D7E36:LeaderElection4] INFO  server.RaftServerConfigKeys (ConfUtils.java:logGet(43)) - raft.server.rpc.sleep.time = 25ms (default)
2019-09-26 13:14:09,153 [14ea3107-d91f-437f-ad5f-c829a9f29dfc@group-347FCD2D7E36:LeaderElection4] INFO  server.RaftServerConfigKeys (ConfUtils.java:logGet(43)) - raft.server.write.element-limit = 4096 (default)
2019-09-26 13:14:09,153 [14ea3107-d91f-437f-ad5f-c829a9f29dfc@group-347FCD2D7E36:LeaderElection4] INFO  server.RaftServerConfigKeys (ConfUtils.java:logGet(43)) - raft.server.watch.timeout = 10s (default)
2019-09-26 13:14:09,154 [14ea3107-d91f-437f-ad5f-c829a9f29dfc@group-347FCD2D7E36:LeaderElection4] INFO  server.RaftServerConfigKeys (ConfUtils.java:logGet(43)) - raft.server.watch.timeout.denomination = 1s (default)
2019-09-26 13:14:09,154 [14ea3107-d91f-437f-ad5f-c829a9f29dfc@group-347FCD2D7E36:LeaderElection4] INFO  server.RaftServerConfigKeys (ConfUtils.java:logGet(43)) - raft.server.watch.element-limit = 65536 (default)
2019-09-26 13:14:09,158 [14ea3107-d91f-437f-ad5f-c829a9f29dfc@group-347FCD2D7E36:LeaderElection4] INFO  impl.RoleInfo (RoleInfo.java:updateAndGet(143)) - 14ea3107-d91f-437f-ad5f-c829a9f29dfc: start LeaderState
2019-09-26 13:14:09,159 [14ea3107-d91f-437f-ad5f-c829a9f29dfc@group-347FCD2D7E36:LeaderElection4] INFO  segmented.SegmentedRaftLogWorker (SegmentedRaftLogWorker.java:startLogSegment(380)) - 14ea3107-d91f-437f-ad5f-c829a9f29dfc@group-347FCD2D7E36-SegmentedRaftLogWorker: Starting segment from index:0
2019-09-26 13:14:09,159 [14ea3107-d91f-437f-ad5f-c829a9f29dfc@group-347FCD2D7E36:LeaderElection4] INFO  impl.RaftServerImpl (ServerState.java:setRaftConf(354)) - 14ea3107-d91f-437f-ad5f-c829a9f29dfc@group-347FCD2D7E36: set configuration 0: [14ea3107-d91f-437f-ad5f-c829a9f29dfc:192.168.164.238:43234], old=null at 0
2019-09-26 13:14:09,206 [14ea3107-d91f-437f-ad5f-c829a9f29dfc@group-347FCD2D7E36-SegmentedRaftLogWorker] INFO  segmented.SegmentedRaftLogWorker (SegmentedRaftLogWorker.java:execute(569)) - 14ea3107-d91f-437f-ad5f-c829a9f29dfc@group-347FCD2D7E36-SegmentedRaftLogWorker: created new log segment /workdir/hadoop-ozone/integration-test/target/test-dir/MiniOzoneClusterImpl-ed2f9e77-5d43-4f59-afa0-64bc0fdbaca5/datanode-1/data/ratis/5c1875f3-5ae1-4ad4-9fb9-347fcd2d7e36/current/log_inprogress_0
2019-09-26 13:14:09,286 [Thread-192] INFO  impl.FollowerState (FollowerState.java:run(106)) - 14ea3107-d91f-437f-ad5f-c829a9f29dfc:group-E79737A26A31 changes to CANDIDATE, lastRpcTime:5168, electionTimeout:5168ms
2019-09-26 13:14:09,286 [Thread-192] INFO  impl.RoleInfo (RoleInfo.java:shutdownFollowerState(121)) - 14ea3107-d91f-437f-ad5f-c829a9f29dfc: shutdown FollowerState
2019-09-26 13:14:09,286 [Thread-192] INFO  impl.RaftServerImpl (RaftServerImpl.java:setRole(174)) - 14ea3107-d91f-437f-ad5f-c829a9f29dfc@group-E79737A26A31: changes role from  FOLLOWER to CANDIDATE at term 0 for changeToCandidate
2019-09-26 13:14:09,287 [Thread-192] INFO  impl.RoleInfo (RoleInfo.java:updateAndGet(143)) - 14ea3107-d91f-437f-ad5f-c829a9f29dfc: start LeaderElection
2019-09-26 13:14:09,294 [Thread-198] INFO  impl.FollowerState (FollowerState.java:run(106)) - 14ea3107-d91f-437f-ad5f-c829a9f29dfc:group-C44DB8792557 changes to CANDIDATE, lastRpcTime:5007, electionTimeout:5007ms
2019-09-26 13:14:09,294 [Thread-198] INFO  impl.RoleInfo (RoleInfo.java:shutdownFollowerState(121)) - 14ea3107-d91f-437f-ad5f-c829a9f29dfc: shutdown FollowerState
2019-09-26 13:14:09,295 [Thread-198] INFO  impl.RaftServerImpl (RaftServerImpl.java:setRole(174)) - 14ea3107-d91f-437f-ad5f-c829a9f29dfc@group-C44DB8792557: changes role from  FOLLOWER to CANDIDATE at term 0 for changeToCandidate
2019-09-26 13:14:09,295 [Thread-198] INFO  impl.RoleInfo (RoleInfo.java:updateAndGet(143)) - 14ea3107-d91f-437f-ad5f-c829a9f29dfc: start LeaderElection
2019-09-26 13:14:09,304 [14ea3107-d91f-437f-ad5f-c829a9f29dfc@group-E79737A26A31:LeaderElection5] INFO  impl.LeaderElection (LeaderElection.java:askForVotes(182)) - 14ea3107-d91f-437f-ad5f-c829a9f29dfc@group-E79737A26A31:LeaderElection5: begin an election at term 1 for -1: [14ea3107-d91f-437f-ad5f-c829a9f29dfc:192.168.164.238:43234], old=null
2019-09-26 13:14:09,304 [14ea3107-d91f-437f-ad5f-c829a9f29dfc@group-C44DB8792557:LeaderElection6] INFO  impl.LeaderElection (LeaderElection.java:askForVotes(182)) - 14ea3107-d91f-437f-ad5f-c829a9f29dfc@group-C44DB8792557:LeaderElection6: begin an election at term 1 for -1: [14ea3107-d91f-437f-ad5f-c829a9f29dfc:192.168.164.238:43234], old=null
2019-09-26 13:14:09,304 [14ea3107-d91f-437f-ad5f-c829a9f29dfc@group-E79737A26A31:LeaderElection5] INFO  impl.RoleInfo (RoleInfo.java:shutdownLeaderElection(134)) - 14ea3107-d91f-437f-ad5f-c829a9f29dfc: shutdown LeaderElection
2019-09-26 13:14:09,304 [Thread-195] INFO  impl.FollowerState (FollowerState.java:run(106)) - 14ea3107-d91f-437f-ad5f-c829a9f29dfc:group-0AE2E89A81FD changes to CANDIDATE, lastRpcTime:5093, electionTimeout:5093ms
2019-09-26 13:14:09,304 [14ea3107-d91f-437f-ad5f-c829a9f29dfc@group-E79737A26A31:LeaderElection5] INFO  impl.RaftServerImpl (RaftServerImpl.java:setRole(174)) - 14ea3107-d91f-437f-ad5f-c829a9f29dfc@group-E79737A26A31: changes role from CANDIDATE to LEADER at term 1 for changeToLeader
2019-09-26 13:14:09,304 [Thread-195] INFO  impl.RoleInfo (RoleInfo.java:shutdownFollowerState(121)) - 14ea3107-d91f-437f-ad5f-c829a9f29dfc: shutdown FollowerState
2019-09-26 13:14:09,304 [14ea3107-d91f-437f-ad5f-c829a9f29dfc@group-C44DB8792557:LeaderElection6] INFO  impl.RoleInfo (RoleInfo.java:shutdownLeaderElection(134)) - 14ea3107-d91f-437f-ad5f-c829a9f29dfc: shutdown LeaderElection
2019-09-26 13:14:09,305 [Thread-195] INFO  impl.RaftServerImpl (RaftServerImpl.java:setRole(174)) - 14ea3107-d91f-437f-ad5f-c829a9f29dfc@group-0AE2E89A81FD: changes role from  FOLLOWER to CANDIDATE at term 0 for changeToCandidate
2019-09-26 13:14:09,304 [14ea3107-d91f-437f-ad5f-c829a9f29dfc@group-E79737A26A31:LeaderElection5] INFO  impl.RaftServerImpl (ServerState.java:setLeader(253)) - 14ea3107-d91f-437f-ad5f-c829a9f29dfc@group-E79737A26A31: change Leader from null to 14ea3107-d91f-437f-ad5f-c829a9f29dfc at term 1 for becomeLeader, leader elected after 5196ms
2019-09-26 13:14:09,305 [14ea3107-d91f-437f-ad5f-c829a9f29dfc@group-C44DB8792557:LeaderElection6] INFO  impl.RaftServerImpl (RaftServerImpl.java:setRole(174)) - 14ea3107-d91f-437f-ad5f-c829a9f29dfc@group-C44DB8792557: changes role from CANDIDATE to LEADER at term 1 for changeToLeader
2019-09-26 13:14:09,305 [Thread-195] INFO  impl.RoleInfo (RoleInfo.java:updateAndGet(143)) - 14ea3107-d91f-437f-ad5f-c829a9f29dfc: start LeaderElection
2019-09-26 13:14:09,305 [14ea3107-d91f-437f-ad5f-c829a9f29dfc@group-E79737A26A31:LeaderElection5] INFO  server.RaftServerConfigKeys (ConfUtils.java:logGet(43)) - raft.server.staging.catchup.gap = 1000 (default)
2019-09-26 13:14:09,305 [14ea3107-d91f-437f-ad5f-c829a9f29dfc@group-C44DB8792557:LeaderElection6] INFO  impl.RaftServerImpl (ServerState.java:setLeader(253)) - 14ea3107-d91f-437f-ad5f-c829a9f29dfc@group-C44DB8792557: change Leader from null to 14ea3107-d91f-437f-ad5f-c829a9f29dfc at term 1 for becomeLeader, leader elected after 5026ms
2019-09-26 13:14:09,306 [14ea3107-d91f-437f-ad5f-c829a9f29dfc@group-E79737A26A31:LeaderElection5] INFO  server.RaftServerConfigKeys (ConfUtils.java:logGet(43)) - raft.server.rpc.sleep.time = 25ms (default)
2019-09-26 13:14:09,307 [14ea3107-d91f-437f-ad5f-c829a9f29dfc@group-C44DB8792557:LeaderElection6] INFO  server.RaftServerConfigKeys (ConfUtils.java:logGet(43)) - raft.server.staging.catchup.gap = 1000 (default)
2019-09-26 13:14:09,308 [14ea3107-d91f-437f-ad5f-c829a9f29dfc@group-E79737A26A31:LeaderElection5] INFO  server.RaftServerConfigKeys (ConfUtils.java:logGet(43)) - raft.server.write.element-limit = 4096 (default)
2019-09-26 13:14:09,308 [14ea3107-d91f-437f-ad5f-c829a9f29dfc@group-C44DB8792557:LeaderElection6] INFO  server.RaftServerConfigKeys (ConfUtils.java:logGet(43)) - raft.server.rpc.sleep.time = 25ms (default)
2019-09-26 13:14:09,308 [14ea3107-d91f-437f-ad5f-c829a9f29dfc@group-E79737A26A31:LeaderElection5] INFO  server.RaftServerConfigKeys (ConfUtils.java:logGet(43)) - raft.server.watch.timeout = 10s (default)
2019-09-26 13:14:09,308 [14ea3107-d91f-437f-ad5f-c829a9f29dfc@group-C44DB8792557:LeaderElection6] INFO  server.RaftServerConfigKeys (ConfUtils.java:logGet(43)) - raft.server.write.element-limit = 4096 (default)
2019-09-26 13:14:09,308 [14ea3107-d91f-437f-ad5f-c829a9f29dfc@group-E79737A26A31:LeaderElection5] INFO  server.RaftServerConfigKeys (ConfUtils.java:logGet(43)) - raft.server.watch.timeout.denomination = 1s (default)
2019-09-26 13:14:09,308 [14ea3107-d91f-437f-ad5f-c829a9f29dfc@group-C44DB8792557:LeaderElection6] INFO  server.RaftServerConfigKeys (ConfUtils.java:logGet(43)) - raft.server.watch.timeout = 10s (default)
2019-09-26 13:14:09,309 [14ea3107-d91f-437f-ad5f-c829a9f29dfc@group-E79737A26A31:LeaderElection5] INFO  server.RaftServerConfigKeys (ConfUtils.java:logGet(43)) - raft.server.watch.element-limit = 65536 (default)
2019-09-26 13:14:09,309 [14ea3107-d91f-437f-ad5f-c829a9f29dfc@group-C44DB8792557:LeaderElection6] INFO  server.RaftServerConfigKeys (ConfUtils.java:logGet(43)) - raft.server.watch.timeout.denomination = 1s (default)
2019-09-26 13:14:09,309 [14ea3107-d91f-437f-ad5f-c829a9f29dfc@group-C44DB8792557:LeaderElection6] INFO  server.RaftServerConfigKeys (ConfUtils.java:logGet(43)) - raft.server.watch.element-limit = 65536 (default)
2019-09-26 13:14:09,313 [14ea3107-d91f-437f-ad5f-c829a9f29dfc@group-E79737A26A31:LeaderElection5] INFO  impl.RoleInfo (RoleInfo.java:updateAndGet(143)) - 14ea3107-d91f-437f-ad5f-c829a9f29dfc: start LeaderState
2019-09-26 13:14:09,313 [14ea3107-d91f-437f-ad5f-c829a9f29dfc@group-E79737A26A31:LeaderElection5] INFO  segmented.SegmentedRaftLogWorker (SegmentedRaftLogWorker.java:startLogSegment(380)) - 14ea3107-d91f-437f-ad5f-c829a9f29dfc@group-E79737A26A31-SegmentedRaftLogWorker: Starting segment from index:0
2019-09-26 13:14:09,313 [14ea3107-d91f-437f-ad5f-c829a9f29dfc@group-C44DB8792557:LeaderElection6] INFO  impl.RoleInfo (RoleInfo.java:updateAndGet(143)) - 14ea3107-d91f-437f-ad5f-c829a9f29dfc: start LeaderState
2019-09-26 13:14:09,314 [14ea3107-d91f-437f-ad5f-c829a9f29dfc@group-C44DB8792557:LeaderElection6] INFO  segmented.SegmentedRaftLogWorker (SegmentedRaftLogWorker.java:startLogSegment(380)) - 14ea3107-d91f-437f-ad5f-c829a9f29dfc@group-C44DB8792557-SegmentedRaftLogWorker: Starting segment from index:0
2019-09-26 13:14:09,314 [14ea3107-d91f-437f-ad5f-c829a9f29dfc@group-E79737A26A31:LeaderElection5] INFO  impl.RaftServerImpl (ServerState.java:setRaftConf(354)) - 14ea3107-d91f-437f-ad5f-c829a9f29dfc@group-E79737A26A31: set configuration 0: [14ea3107-d91f-437f-ad5f-c829a9f29dfc:192.168.164.238:43234], old=null at 0
2019-09-26 13:14:09,353 [14ea3107-d91f-437f-ad5f-c829a9f29dfc@group-C44DB8792557:LeaderElection6] INFO  impl.RaftServerImpl (ServerState.java:setRaftConf(354)) - 14ea3107-d91f-437f-ad5f-c829a9f29dfc@group-C44DB8792557: set configuration 0: [14ea3107-d91f-437f-ad5f-c829a9f29dfc:192.168.164.238:43234], old=null at 0
2019-09-26 13:14:09,355 [14ea3107-d91f-437f-ad5f-c829a9f29dfc@group-0AE2E89A81FD:LeaderElection7] INFO  impl.LeaderElection (LeaderElection.java:askForVotes(182)) - 14ea3107-d91f-437f-ad5f-c829a9f29dfc@group-0AE2E89A81FD:LeaderElection7: begin an election at term 1 for -1: [14ea3107-d91f-437f-ad5f-c829a9f29dfc:192.168.164.238:43234], old=null
2019-09-26 13:14:09,355 [14ea3107-d91f-437f-ad5f-c829a9f29dfc@group-0AE2E89A81FD:LeaderElection7] INFO  impl.RoleInfo (RoleInfo.java:shutdownLeaderElection(134)) - 14ea3107-d91f-437f-ad5f-c829a9f29dfc: shutdown LeaderElection
2019-09-26 13:14:09,355 [14ea3107-d91f-437f-ad5f-c829a9f29dfc@group-0AE2E89A81FD:LeaderElection7] INFO  impl.RaftServerImpl (RaftServerImpl.java:setRole(174)) - 14ea3107-d91f-437f-ad5f-c829a9f29dfc@group-0AE2E89A81FD: changes role from CANDIDATE to LEADER at term 1 for changeToLeader
2019-09-26 13:14:09,355 [14ea3107-d91f-437f-ad5f-c829a9f29dfc@group-0AE2E89A81FD:LeaderElection7] INFO  impl.RaftServerImpl (ServerState.java:setLeader(253)) - 14ea3107-d91f-437f-ad5f-c829a9f29dfc@group-0AE2E89A81FD: change Leader from null to 14ea3107-d91f-437f-ad5f-c829a9f29dfc at term 1 for becomeLeader, leader elected after 5152ms
2019-09-26 13:14:09,355 [14ea3107-d91f-437f-ad5f-c829a9f29dfc@group-0AE2E89A81FD:LeaderElection7] INFO  server.RaftServerConfigKeys (ConfUtils.java:logGet(43)) - raft.server.staging.catchup.gap = 1000 (default)
2019-09-26 13:14:09,356 [14ea3107-d91f-437f-ad5f-c829a9f29dfc@group-0AE2E89A81FD:LeaderElection7] INFO  server.RaftServerConfigKeys (ConfUtils.java:logGet(43)) - raft.server.rpc.sleep.time = 25ms (default)
2019-09-26 13:14:09,356 [14ea3107-d91f-437f-ad5f-c829a9f29dfc@group-0AE2E89A81FD:LeaderElection7] INFO  server.RaftServerConfigKeys (ConfUtils.java:logGet(43)) - raft.server.write.element-limit = 4096 (default)
2019-09-26 13:14:09,356 [14ea3107-d91f-437f-ad5f-c829a9f29dfc@group-0AE2E89A81FD:LeaderElection7] INFO  server.RaftServerConfigKeys (ConfUtils.java:logGet(43)) - raft.server.watch.timeout = 10s (default)
2019-09-26 13:14:09,356 [14ea3107-d91f-437f-ad5f-c829a9f29dfc@group-0AE2E89A81FD:LeaderElection7] INFO  server.RaftServerConfigKeys (ConfUtils.java:logGet(43)) - raft.server.watch.timeout.denomination = 1s (default)
2019-09-26 13:14:09,356 [14ea3107-d91f-437f-ad5f-c829a9f29dfc@group-0AE2E89A81FD:LeaderElection7] INFO  server.RaftServerConfigKeys (ConfUtils.java:logGet(43)) - raft.server.watch.element-limit = 65536 (default)
2019-09-26 13:14:09,359 [14ea3107-d91f-437f-ad5f-c829a9f29dfc@group-0AE2E89A81FD:LeaderElection7] INFO  impl.RoleInfo (RoleInfo.java:updateAndGet(143)) - 14ea3107-d91f-437f-ad5f-c829a9f29dfc: start LeaderState
2019-09-26 13:14:09,361 [14ea3107-d91f-437f-ad5f-c829a9f29dfc@group-0AE2E89A81FD:LeaderElection7] INFO  segmented.SegmentedRaftLogWorker (SegmentedRaftLogWorker.java:startLogSegment(380)) - 14ea3107-d91f-437f-ad5f-c829a9f29dfc@group-0AE2E89A81FD-SegmentedRaftLogWorker: Starting segment from index:0
2019-09-26 13:14:09,361 [14ea3107-d91f-437f-ad5f-c829a9f29dfc@group-0AE2E89A81FD:LeaderElection7] INFO  impl.RaftServerImpl (ServerState.java:setRaftConf(354)) - 14ea3107-d91f-437f-ad5f-c829a9f29dfc@group-0AE2E89A81FD: set configuration 0: [14ea3107-d91f-437f-ad5f-c829a9f29dfc:192.168.164.238:43234], old=null at 0
2019-09-26 13:14:09,401 [14ea3107-d91f-437f-ad5f-c829a9f29dfc@group-E79737A26A31-SegmentedRaftLogWorker] INFO  segmented.SegmentedRaftLogWorker (SegmentedRaftLogWorker.java:execute(569)) - 14ea3107-d91f-437f-ad5f-c829a9f29dfc@group-E79737A26A31-SegmentedRaftLogWorker: created new log segment /workdir/hadoop-ozone/integration-test/target/test-dir/MiniOzoneClusterImpl-ed2f9e77-5d43-4f59-afa0-64bc0fdbaca5/datanode-1/data/ratis/abb011c3-a211-4f23-98f5-e79737a26a31/current/log_inprogress_0
2019-09-26 13:14:09,401 [14ea3107-d91f-437f-ad5f-c829a9f29dfc@group-C44DB8792557-SegmentedRaftLogWorker] INFO  segmented.SegmentedRaftLogWorker (SegmentedRaftLogWorker.java:execute(569)) - 14ea3107-d91f-437f-ad5f-c829a9f29dfc@group-C44DB8792557-SegmentedRaftLogWorker: created new log segment /workdir/hadoop-ozone/integration-test/target/test-dir/MiniOzoneClusterImpl-ed2f9e77-5d43-4f59-afa0-64bc0fdbaca5/datanode-1/data/ratis/626f2719-7dfd-480a-a092-c44db8792557/current/log_inprogress_0
2019-09-26 13:14:09,413 [14ea3107-d91f-437f-ad5f-c829a9f29dfc@group-0AE2E89A81FD-SegmentedRaftLogWorker] INFO  segmented.SegmentedRaftLogWorker (SegmentedRaftLogWorker.java:execute(569)) - 14ea3107-d91f-437f-ad5f-c829a9f29dfc@group-0AE2E89A81FD-SegmentedRaftLogWorker: created new log segment /workdir/hadoop-ozone/integration-test/target/test-dir/MiniOzoneClusterImpl-ed2f9e77-5d43-4f59-afa0-64bc0fdbaca5/datanode-1/data/ratis/f8a152e1-68f6-4be5-9645-0ae2e89a81fd/current/log_inprogress_0
2019-09-26 13:14:09,450 [Thread-204] INFO  impl.FollowerState (FollowerState.java:run(106)) - 14ea3107-d91f-437f-ad5f-c829a9f29dfc:group-8AA580D7F120 changes to CANDIDATE, lastRpcTime:5016, electionTimeout:5016ms
2019-09-26 13:14:09,450 [Thread-204] INFO  impl.RoleInfo (RoleInfo.java:shutdownFollowerState(121)) - 14ea3107-d91f-437f-ad5f-c829a9f29dfc: shutdown FollowerState
2019-09-26 13:14:09,450 [Thread-204] INFO  impl.RaftServerImpl (RaftServerImpl.java:setRole(174)) - 14ea3107-d91f-437f-ad5f-c829a9f29dfc@group-8AA580D7F120: changes role from  FOLLOWER to CANDIDATE at term 0 for changeToCandidate
2019-09-26 13:14:09,451 [Thread-204] INFO  impl.RoleInfo (RoleInfo.java:updateAndGet(143)) - 14ea3107-d91f-437f-ad5f-c829a9f29dfc: start LeaderElection
2019-09-26 13:14:09,467 [14ea3107-d91f-437f-ad5f-c829a9f29dfc@group-8AA580D7F120:LeaderElection8] INFO  impl.LeaderElection (LeaderElection.java:askForVotes(182)) - 14ea3107-d91f-437f-ad5f-c829a9f29dfc@group-8AA580D7F120:LeaderElection8: begin an election at term 1 for -1: [14ea3107-d91f-437f-ad5f-c829a9f29dfc:192.168.164.238:43234], old=null
2019-09-26 13:14:09,468 [14ea3107-d91f-437f-ad5f-c829a9f29dfc@group-8AA580D7F120:LeaderElection8] INFO  impl.RoleInfo (RoleInfo.java:shutdownLeaderElection(134)) - 14ea3107-d91f-437f-ad5f-c829a9f29dfc: shutdown LeaderElection
2019-09-26 13:14:09,468 [14ea3107-d91f-437f-ad5f-c829a9f29dfc@group-8AA580D7F120:LeaderElection8] INFO  impl.RaftServerImpl (RaftServerImpl.java:setRole(174)) - 14ea3107-d91f-437f-ad5f-c829a9f29dfc@group-8AA580D7F120: changes role from CANDIDATE to LEADER at term 1 for changeToLeader
2019-09-26 13:14:09,468 [14ea3107-d91f-437f-ad5f-c829a9f29dfc@group-8AA580D7F120:LeaderElection8] INFO  impl.RaftServerImpl (ServerState.java:setLeader(253)) - 14ea3107-d91f-437f-ad5f-c829a9f29dfc@group-8AA580D7F120: change Leader from null to 14ea3107-d91f-437f-ad5f-c829a9f29dfc at term 1 for becomeLeader, leader elected after 5040ms
2019-09-26 13:14:09,468 [14ea3107-d91f-437f-ad5f-c829a9f29dfc@group-8AA580D7F120:LeaderElection8] INFO  server.RaftServerConfigKeys (ConfUtils.java:logGet(43)) - raft.server.staging.catchup.gap = 1000 (default)
2019-09-26 13:14:09,468 [14ea3107-d91f-437f-ad5f-c829a9f29dfc@group-8AA580D7F120:LeaderElection8] INFO  server.RaftServerConfigKeys (ConfUtils.java:logGet(43)) - raft.server.rpc.sleep.time = 25ms (default)
2019-09-26 13:14:09,469 [14ea3107-d91f-437f-ad5f-c829a9f29dfc@group-8AA580D7F120:LeaderElection8] INFO  server.RaftServerConfigKeys (ConfUtils.java:logGet(43)) - raft.server.write.element-limit = 4096 (default)
2019-09-26 13:14:09,469 [14ea3107-d91f-437f-ad5f-c829a9f29dfc@group-8AA580D7F120:LeaderElection8] INFO  server.RaftServerConfigKeys (ConfUtils.java:logGet(43)) - raft.server.watch.timeout = 10s (default)
2019-09-26 13:14:09,469 [14ea3107-d91f-437f-ad5f-c829a9f29dfc@group-8AA580D7F120:LeaderElection8] INFO  server.RaftServerConfigKeys (ConfUtils.java:logGet(43)) - raft.server.watch.timeout.denomination = 1s (default)
2019-09-26 13:14:09,469 [14ea3107-d91f-437f-ad5f-c829a9f29dfc@group-8AA580D7F120:LeaderElection8] INFO  server.RaftServerConfigKeys (ConfUtils.java:logGet(43)) - raft.server.watch.element-limit = 65536 (default)
2019-09-26 13:14:09,472 [14ea3107-d91f-437f-ad5f-c829a9f29dfc@group-8AA580D7F120:LeaderElection8] INFO  impl.RoleInfo (RoleInfo.java:updateAndGet(143)) - 14ea3107-d91f-437f-ad5f-c829a9f29dfc: start LeaderState
2019-09-26 13:14:09,473 [14ea3107-d91f-437f-ad5f-c829a9f29dfc@group-8AA580D7F120:LeaderElection8] INFO  segmented.SegmentedRaftLogWorker (SegmentedRaftLogWorker.java:startLogSegment(380)) - 14ea3107-d91f-437f-ad5f-c829a9f29dfc@group-8AA580D7F120-SegmentedRaftLogWorker: Starting segment from index:0
2019-09-26 13:14:09,473 [14ea3107-d91f-437f-ad5f-c829a9f29dfc@group-8AA580D7F120:LeaderElection8] INFO  impl.RaftServerImpl (ServerState.java:setRaftConf(354)) - 14ea3107-d91f-437f-ad5f-c829a9f29dfc@group-8AA580D7F120: set configuration 0: [14ea3107-d91f-437f-ad5f-c829a9f29dfc:192.168.164.238:43234], old=null at 0
2019-09-26 13:14:09,511 [14ea3107-d91f-437f-ad5f-c829a9f29dfc@group-8AA580D7F120-SegmentedRaftLogWorker] INFO  segmented.SegmentedRaftLogWorker (SegmentedRaftLogWorker.java:execute(569)) - 14ea3107-d91f-437f-ad5f-c829a9f29dfc@group-8AA580D7F120-SegmentedRaftLogWorker: created new log segment /workdir/hadoop-ozone/integration-test/target/test-dir/MiniOzoneClusterImpl-ed2f9e77-5d43-4f59-afa0-64bc0fdbaca5/datanode-1/data/ratis/3ca7f9f9-55ec-434e-96b9-8aa580d7f120/current/log_inprogress_0
2019-09-26 13:14:09,536 [Thread-201] INFO  impl.FollowerState (FollowerState.java:run(106)) - 4df03a29-c5ad-4e89-af92-e85e0e749186:group-93C74BFB84E1 changes to CANDIDATE, lastRpcTime:5153, electionTimeout:5153ms
2019-09-26 13:14:09,536 [Thread-201] INFO  impl.RoleInfo (RoleInfo.java:shutdownFollowerState(121)) - 4df03a29-c5ad-4e89-af92-e85e0e749186: shutdown FollowerState
2019-09-26 13:14:09,536 [Thread-201] INFO  impl.RaftServerImpl (RaftServerImpl.java:setRole(174)) - 4df03a29-c5ad-4e89-af92-e85e0e749186@group-93C74BFB84E1: changes role from  FOLLOWER to CANDIDATE at term 0 for changeToCandidate
2019-09-26 13:14:09,536 [Thread-201] INFO  impl.RoleInfo (RoleInfo.java:updateAndGet(143)) - 4df03a29-c5ad-4e89-af92-e85e0e749186: start LeaderElection
2019-09-26 13:14:09,552 [4df03a29-c5ad-4e89-af92-e85e0e749186@group-93C74BFB84E1:LeaderElection9] INFO  impl.LeaderElection (LeaderElection.java:askForVotes(182)) - 4df03a29-c5ad-4e89-af92-e85e0e749186@group-93C74BFB84E1:LeaderElection9: begin an election at term 1 for -1: [4df03a29-c5ad-4e89-af92-e85e0e749186:192.168.164.238:44045], old=null
2019-09-26 13:14:09,553 [4df03a29-c5ad-4e89-af92-e85e0e749186@group-93C74BFB84E1:LeaderElection9] INFO  impl.RoleInfo (RoleInfo.java:shutdownLeaderElection(134)) - 4df03a29-c5ad-4e89-af92-e85e0e749186: shutdown LeaderElection
2019-09-26 13:14:09,553 [4df03a29-c5ad-4e89-af92-e85e0e749186@group-93C74BFB84E1:LeaderElection9] INFO  impl.RaftServerImpl (RaftServerImpl.java:setRole(174)) - 4df03a29-c5ad-4e89-af92-e85e0e749186@group-93C74BFB84E1: changes role from CANDIDATE to LEADER at term 1 for changeToLeader
2019-09-26 13:14:09,553 [4df03a29-c5ad-4e89-af92-e85e0e749186@group-93C74BFB84E1:LeaderElection9] INFO  impl.RaftServerImpl (ServerState.java:setLeader(253)) - 4df03a29-c5ad-4e89-af92-e85e0e749186@group-93C74BFB84E1: change Leader from null to 4df03a29-c5ad-4e89-af92-e85e0e749186 at term 1 for becomeLeader, leader elected after 5197ms
2019-09-26 13:14:09,553 [4df03a29-c5ad-4e89-af92-e85e0e749186@group-93C74BFB84E1:LeaderElection9] INFO  server.RaftServerConfigKeys (ConfUtils.java:logGet(43)) - raft.server.staging.catchup.gap = 1000 (default)
2019-09-26 13:14:09,553 [4df03a29-c5ad-4e89-af92-e85e0e749186@group-93C74BFB84E1:LeaderElection9] INFO  server.RaftServerConfigKeys (ConfUtils.java:logGet(43)) - raft.server.rpc.sleep.time = 25ms (default)
2019-09-26 13:14:09,553 [4df03a29-c5ad-4e89-af92-e85e0e749186@group-93C74BFB84E1:LeaderElection9] INFO  server.RaftServerConfigKeys (ConfUtils.java:logGet(43)) - raft.server.write.element-limit = 4096 (default)
2019-09-26 13:14:09,554 [4df03a29-c5ad-4e89-af92-e85e0e749186@group-93C74BFB84E1:LeaderElection9] INFO  server.RaftServerConfigKeys (ConfUtils.java:logGet(43)) - raft.server.watch.timeout = 10s (default)
2019-09-26 13:14:09,554 [4df03a29-c5ad-4e89-af92-e85e0e749186@group-93C74BFB84E1:LeaderElection9] INFO  server.RaftServerConfigKeys (ConfUtils.java:logGet(43)) - raft.server.watch.timeout.denomination = 1s (default)
2019-09-26 13:14:09,554 [4df03a29-c5ad-4e89-af92-e85e0e749186@group-93C74BFB84E1:LeaderElection9] INFO  server.RaftServerConfigKeys (ConfUtils.java:logGet(43)) - raft.server.watch.element-limit = 65536 (default)
2019-09-26 13:14:09,557 [4df03a29-c5ad-4e89-af92-e85e0e749186@group-93C74BFB84E1:LeaderElection9] INFO  impl.RoleInfo (RoleInfo.java:updateAndGet(143)) - 4df03a29-c5ad-4e89-af92-e85e0e749186: start LeaderState
2019-09-26 13:14:09,557 [4df03a29-c5ad-4e89-af92-e85e0e749186@group-93C74BFB84E1:LeaderElection9] INFO  segmented.SegmentedRaftLogWorker (SegmentedRaftLogWorker.java:startLogSegment(380)) - 4df03a29-c5ad-4e89-af92-e85e0e749186@group-93C74BFB84E1-SegmentedRaftLogWorker: Starting segment from index:0
2019-09-26 13:14:09,557 [4df03a29-c5ad-4e89-af92-e85e0e749186@group-93C74BFB84E1:LeaderElection9] INFO  impl.RaftServerImpl (ServerState.java:setRaftConf(354)) - 4df03a29-c5ad-4e89-af92-e85e0e749186@group-93C74BFB84E1: set configuration 0: [4df03a29-c5ad-4e89-af92-e85e0e749186:192.168.164.238:44045], old=null at 0
2019-09-26 13:14:09,604 [Thread-207] INFO  impl.FollowerState (FollowerState.java:run(106)) - ac8be7af-2201-47bb-9c92-ad25922e5522:group-3AC93D609CBE changes to CANDIDATE, lastRpcTime:5113, electionTimeout:5113ms
2019-09-26 13:14:09,604 [Thread-207] INFO  impl.RoleInfo (RoleInfo.java:shutdownFollowerState(121)) - ac8be7af-2201-47bb-9c92-ad25922e5522: shutdown FollowerState
2019-09-26 13:14:09,605 [Thread-207] INFO  impl.RaftServerImpl (RaftServerImpl.java:setRole(174)) - ac8be7af-2201-47bb-9c92-ad25922e5522@group-3AC93D609CBE: changes role from  FOLLOWER to CANDIDATE at term 0 for changeToCandidate
2019-09-26 13:14:09,605 [4df03a29-c5ad-4e89-af92-e85e0e749186@group-93C74BFB84E1-SegmentedRaftLogWorker] INFO  segmented.SegmentedRaftLogWorker (SegmentedRaftLogWorker.java:execute(569)) - 4df03a29-c5ad-4e89-af92-e85e0e749186@group-93C74BFB84E1-SegmentedRaftLogWorker: created new log segment /workdir/hadoop-ozone/integration-test/target/test-dir/MiniOzoneClusterImpl-ed2f9e77-5d43-4f59-afa0-64bc0fdbaca5/datanode-2/data/ratis/5f509dff-d077-43f1-948a-93c74bfb84e1/current/log_inprogress_0
2019-09-26 13:14:09,605 [Thread-207] INFO  impl.RoleInfo (RoleInfo.java:updateAndGet(143)) - ac8be7af-2201-47bb-9c92-ad25922e5522: start LeaderElection
2019-09-26 13:14:09,619 [ac8be7af-2201-47bb-9c92-ad25922e5522@group-3AC93D609CBE:LeaderElection10] INFO  impl.LeaderElection (LeaderElection.java:askForVotes(182)) - ac8be7af-2201-47bb-9c92-ad25922e5522@group-3AC93D609CBE:LeaderElection10: begin an election at term 1 for -1: [ac8be7af-2201-47bb-9c92-ad25922e5522:192.168.164.238:45961], old=null
2019-09-26 13:14:09,619 [ac8be7af-2201-47bb-9c92-ad25922e5522@group-3AC93D609CBE:LeaderElection10] INFO  impl.RoleInfo (RoleInfo.java:shutdownLeaderElection(134)) - ac8be7af-2201-47bb-9c92-ad25922e5522: shutdown LeaderElection
2019-09-26 13:14:09,619 [ac8be7af-2201-47bb-9c92-ad25922e5522@group-3AC93D609CBE:LeaderElection10] INFO  impl.RaftServerImpl (RaftServerImpl.java:setRole(174)) - ac8be7af-2201-47bb-9c92-ad25922e5522@group-3AC93D609CBE: changes role from CANDIDATE to LEADER at term 1 for changeToLeader
2019-09-26 13:14:09,619 [ac8be7af-2201-47bb-9c92-ad25922e5522@group-3AC93D609CBE:LeaderElection10] INFO  impl.RaftServerImpl (ServerState.java:setLeader(253)) - ac8be7af-2201-47bb-9c92-ad25922e5522@group-3AC93D609CBE: change Leader from null to ac8be7af-2201-47bb-9c92-ad25922e5522 at term 1 for becomeLeader, leader elected after 5138ms
2019-09-26 13:14:09,619 [ac8be7af-2201-47bb-9c92-ad25922e5522@group-3AC93D609CBE:LeaderElection10] INFO  server.RaftServerConfigKeys (ConfUtils.java:logGet(43)) - raft.server.staging.catchup.gap = 1000 (default)
2019-09-26 13:14:09,620 [ac8be7af-2201-47bb-9c92-ad25922e5522@group-3AC93D609CBE:LeaderElection10] INFO  server.RaftServerConfigKeys (ConfUtils.java:logGet(43)) - raft.server.rpc.sleep.time = 25ms (default)
2019-09-26 13:14:09,620 [ac8be7af-2201-47bb-9c92-ad25922e5522@group-3AC93D609CBE:LeaderElection10] INFO  server.RaftServerConfigKeys (ConfUtils.java:logGet(43)) - raft.server.write.element-limit = 4096 (default)
2019-09-26 13:14:09,620 [ac8be7af-2201-47bb-9c92-ad25922e5522@group-3AC93D609CBE:LeaderElection10] INFO  server.RaftServerConfigKeys (ConfUtils.java:logGet(43)) - raft.server.watch.timeout = 10s (default)
2019-09-26 13:14:09,620 [ac8be7af-2201-47bb-9c92-ad25922e5522@group-3AC93D609CBE:LeaderElection10] INFO  server.RaftServerConfigKeys (ConfUtils.java:logGet(43)) - raft.server.watch.timeout.denomination = 1s (default)
2019-09-26 13:14:09,620 [ac8be7af-2201-47bb-9c92-ad25922e5522@group-3AC93D609CBE:LeaderElection10] INFO  server.RaftServerConfigKeys (ConfUtils.java:logGet(43)) - raft.server.watch.element-limit = 65536 (default)
2019-09-26 13:14:09,624 [ac8be7af-2201-47bb-9c92-ad25922e5522@group-3AC93D609CBE:LeaderElection10] INFO  impl.RoleInfo (RoleInfo.java:updateAndGet(143)) - ac8be7af-2201-47bb-9c92-ad25922e5522: start LeaderState
2019-09-26 13:14:09,624 [ac8be7af-2201-47bb-9c92-ad25922e5522@group-3AC93D609CBE:LeaderElection10] INFO  segmented.SegmentedRaftLogWorker (SegmentedRaftLogWorker.java:startLogSegment(380)) - ac8be7af-2201-47bb-9c92-ad25922e5522@group-3AC93D609CBE-SegmentedRaftLogWorker: Starting segment from index:0
2019-09-26 13:14:09,625 [ac8be7af-2201-47bb-9c92-ad25922e5522@group-3AC93D609CBE:LeaderElection10] INFO  impl.RaftServerImpl (ServerState.java:setRaftConf(354)) - ac8be7af-2201-47bb-9c92-ad25922e5522@group-3AC93D609CBE: set configuration 0: [ac8be7af-2201-47bb-9c92-ad25922e5522:192.168.164.238:45961], old=null at 0
2019-09-26 13:14:09,664 [Thread-213] INFO  impl.FollowerState (FollowerState.java:run(106)) - 4df03a29-c5ad-4e89-af92-e85e0e749186:group-C97FD57289DA changes to CANDIDATE, lastRpcTime:5060, electionTimeout:5029ms
2019-09-26 13:14:09,664 [Thread-210] INFO  impl.FollowerState (FollowerState.java:run(106)) - 4df03a29-c5ad-4e89-af92-e85e0e749186:group-A9B152752091 changes to CANDIDATE, lastRpcTime:5117, electionTimeout:5084ms
2019-09-26 13:14:09,665 [Thread-213] INFO  impl.RoleInfo (RoleInfo.java:shutdownFollowerState(121)) - 4df03a29-c5ad-4e89-af92-e85e0e749186: shutdown FollowerState
2019-09-26 13:14:09,665 [Thread-210] INFO  impl.RoleInfo (RoleInfo.java:shutdownFollowerState(121)) - 4df03a29-c5ad-4e89-af92-e85e0e749186: shutdown FollowerState
2019-09-26 13:14:09,665 [Thread-213] INFO  impl.RaftServerImpl (RaftServerImpl.java:setRole(174)) - 4df03a29-c5ad-4e89-af92-e85e0e749186@group-C97FD57289DA: changes role from  FOLLOWER to CANDIDATE at term 0 for changeToCandidate
2019-09-26 13:14:09,665 [Thread-210] INFO  impl.RaftServerImpl (RaftServerImpl.java:setRole(174)) - 4df03a29-c5ad-4e89-af92-e85e0e749186@group-A9B152752091: changes role from  FOLLOWER to CANDIDATE at term 0 for changeToCandidate
2019-09-26 13:14:09,665 [Thread-213] INFO  impl.RoleInfo (RoleInfo.java:updateAndGet(143)) - 4df03a29-c5ad-4e89-af92-e85e0e749186: start LeaderElection
2019-09-26 13:14:09,665 [Thread-210] INFO  impl.RoleInfo (RoleInfo.java:updateAndGet(143)) - 4df03a29-c5ad-4e89-af92-e85e0e749186: start LeaderElection
2019-09-26 13:14:09,679 [ac8be7af-2201-47bb-9c92-ad25922e5522@group-3AC93D609CBE-SegmentedRaftLogWorker] INFO  segmented.SegmentedRaftLogWorker (SegmentedRaftLogWorker.java:execute(569)) - ac8be7af-2201-47bb-9c92-ad25922e5522@group-3AC93D609CBE-SegmentedRaftLogWorker: created new log segment /workdir/hadoop-ozone/integration-test/target/test-dir/MiniOzoneClusterImpl-ed2f9e77-5d43-4f59-afa0-64bc0fdbaca5/datanode-0/data/ratis/5f663258-cb29-48a6-b858-3ac93d609cbe/current/log_inprogress_0
2019-09-26 13:14:09,679 [4df03a29-c5ad-4e89-af92-e85e0e749186@group-A9B152752091:LeaderElection12] INFO  impl.LeaderElection (LeaderElection.java:askForVotes(182)) - 4df03a29-c5ad-4e89-af92-e85e0e749186@group-A9B152752091:LeaderElection12: begin an election at term 1 for -1: [4df03a29-c5ad-4e89-af92-e85e0e749186:192.168.164.238:44045], old=null
2019-09-26 13:14:09,679 [4df03a29-c5ad-4e89-af92-e85e0e749186@group-C97FD57289DA:LeaderElection11] INFO  impl.LeaderElection (LeaderElection.java:askForVotes(182)) - 4df03a29-c5ad-4e89-af92-e85e0e749186@group-C97FD57289DA:LeaderElection11: begin an election at term 1 for -1: [4df03a29-c5ad-4e89-af92-e85e0e749186:192.168.164.238:44045], old=null
2019-09-26 13:14:09,679 [4df03a29-c5ad-4e89-af92-e85e0e749186@group-A9B152752091:LeaderElection12] INFO  impl.RoleInfo (RoleInfo.java:shutdownLeaderElection(134)) - 4df03a29-c5ad-4e89-af92-e85e0e749186: shutdown LeaderElection
2019-09-26 13:14:09,679 [4df03a29-c5ad-4e89-af92-e85e0e749186@group-C97FD57289DA:LeaderElection11] INFO  impl.RoleInfo (RoleInfo.java:shutdownLeaderElection(134)) - 4df03a29-c5ad-4e89-af92-e85e0e749186: shutdown LeaderElection
2019-09-26 13:14:09,679 [4df03a29-c5ad-4e89-af92-e85e0e749186@group-A9B152752091:LeaderElection12] INFO  impl.RaftServerImpl (RaftServerImpl.java:setRole(174)) - 4df03a29-c5ad-4e89-af92-e85e0e749186@group-A9B152752091: changes role from CANDIDATE to LEADER at term 1 for changeToLeader
2019-09-26 13:14:09,679 [4df03a29-c5ad-4e89-af92-e85e0e749186@group-C97FD57289DA:LeaderElection11] INFO  impl.RaftServerImpl (RaftServerImpl.java:setRole(174)) - 4df03a29-c5ad-4e89-af92-e85e0e749186@group-C97FD57289DA: changes role from CANDIDATE to LEADER at term 1 for changeToLeader
2019-09-26 13:14:09,680 [4df03a29-c5ad-4e89-af92-e85e0e749186@group-A9B152752091:LeaderElection12] INFO  impl.RaftServerImpl (ServerState.java:setLeader(253)) - 4df03a29-c5ad-4e89-af92-e85e0e749186@group-A9B152752091: change Leader from null to 4df03a29-c5ad-4e89-af92-e85e0e749186 at term 1 for becomeLeader, leader elected after 5137ms
2019-09-26 13:14:09,680 [4df03a29-c5ad-4e89-af92-e85e0e749186@group-C97FD57289DA:LeaderElection11] INFO  impl.RaftServerImpl (ServerState.java:setLeader(253)) - 4df03a29-c5ad-4e89-af92-e85e0e749186@group-C97FD57289DA: change Leader from null to 4df03a29-c5ad-4e89-af92-e85e0e749186 at term 1 for becomeLeader, leader elected after 5084ms
2019-09-26 13:14:09,680 [4df03a29-c5ad-4e89-af92-e85e0e749186@group-A9B152752091:LeaderElection12] INFO  server.RaftServerConfigKeys (ConfUtils.java:logGet(43)) - raft.server.staging.catchup.gap = 1000 (default)
2019-09-26 13:14:09,680 [4df03a29-c5ad-4e89-af92-e85e0e749186@group-C97FD57289DA:LeaderElection11] INFO  server.RaftServerConfigKeys (ConfUtils.java:logGet(43)) - raft.server.staging.catchup.gap = 1000 (default)
2019-09-26 13:14:09,680 [4df03a29-c5ad-4e89-af92-e85e0e749186@group-A9B152752091:LeaderElection12] INFO  server.RaftServerConfigKeys (ConfUtils.java:logGet(43)) - raft.server.rpc.sleep.time = 25ms (default)
2019-09-26 13:14:09,680 [4df03a29-c5ad-4e89-af92-e85e0e749186@group-C97FD57289DA:LeaderElection11] INFO  server.RaftServerConfigKeys (ConfUtils.java:logGet(43)) - raft.server.rpc.sleep.time = 25ms (default)
2019-09-26 13:14:09,680 [4df03a29-c5ad-4e89-af92-e85e0e749186@group-A9B152752091:LeaderElection12] INFO  server.RaftServerConfigKeys (ConfUtils.java:logGet(43)) - raft.server.write.element-limit = 4096 (default)
2019-09-26 13:14:09,681 [4df03a29-c5ad-4e89-af92-e85e0e749186@group-C97FD57289DA:LeaderElection11] INFO  server.RaftServerConfigKeys (ConfUtils.java:logGet(43)) - raft.server.write.element-limit = 4096 (default)
2019-09-26 13:14:09,681 [4df03a29-c5ad-4e89-af92-e85e0e749186@group-A9B152752091:LeaderElection12] INFO  server.RaftServerConfigKeys (ConfUtils.java:logGet(43)) - raft.server.watch.timeout = 10s (default)
2019-09-26 13:14:09,681 [4df03a29-c5ad-4e89-af92-e85e0e749186@group-C97FD57289DA:LeaderElection11] INFO  server.RaftServerConfigKeys (ConfUtils.java:logGet(43)) - raft.server.watch.timeout = 10s (default)
2019-09-26 13:14:09,681 [4df03a29-c5ad-4e89-af92-e85e0e749186@group-A9B152752091:LeaderElection12] INFO  server.RaftServerConfigKeys (ConfUtils.java:logGet(43)) - raft.server.watch.timeout.denomination = 1s (default)
2019-09-26 13:14:09,681 [4df03a29-c5ad-4e89-af92-e85e0e749186@group-C97FD57289DA:LeaderElection11] INFO  server.RaftServerConfigKeys (ConfUtils.java:logGet(43)) - raft.server.watch.timeout.denomination = 1s (default)
2019-09-26 13:14:09,681 [4df03a29-c5ad-4e89-af92-e85e0e749186@group-A9B152752091:LeaderElection12] INFO  server.RaftServerConfigKeys (ConfUtils.java:logGet(43)) - raft.server.watch.element-limit = 65536 (default)
2019-09-26 13:14:09,681 [4df03a29-c5ad-4e89-af92-e85e0e749186@group-C97FD57289DA:LeaderElection11] INFO  server.RaftServerConfigKeys (ConfUtils.java:logGet(43)) - raft.server.watch.element-limit = 65536 (default)
2019-09-26 13:14:09,686 [4df03a29-c5ad-4e89-af92-e85e0e749186@group-A9B152752091:LeaderElection12] INFO  impl.RoleInfo (RoleInfo.java:updateAndGet(143)) - 4df03a29-c5ad-4e89-af92-e85e0e749186: start LeaderState
2019-09-26 13:14:09,686 [4df03a29-c5ad-4e89-af92-e85e0e749186@group-A9B152752091:LeaderElection12] INFO  segmented.SegmentedRaftLogWorker (SegmentedRaftLogWorker.java:startLogSegment(380)) - 4df03a29-c5ad-4e89-af92-e85e0e749186@group-A9B152752091-SegmentedRaftLogWorker: Starting segment from index:0
2019-09-26 13:14:09,686 [4df03a29-c5ad-4e89-af92-e85e0e749186@group-C97FD57289DA:LeaderElection11] INFO  impl.RoleInfo (RoleInfo.java:updateAndGet(143)) - 4df03a29-c5ad-4e89-af92-e85e0e749186: start LeaderState
2019-09-26 13:14:09,687 [4df03a29-c5ad-4e89-af92-e85e0e749186@group-A9B152752091:LeaderElection12] INFO  impl.RaftServerImpl (ServerState.java:setRaftConf(354)) - 4df03a29-c5ad-4e89-af92-e85e0e749186@group-A9B152752091: set configuration 0: [4df03a29-c5ad-4e89-af92-e85e0e749186:192.168.164.238:44045], old=null at 0
2019-09-26 13:14:09,687 [4df03a29-c5ad-4e89-af92-e85e0e749186@group-C97FD57289DA:LeaderElection11] INFO  segmented.SegmentedRaftLogWorker (SegmentedRaftLogWorker.java:startLogSegment(380)) - 4df03a29-c5ad-4e89-af92-e85e0e749186@group-C97FD57289DA-SegmentedRaftLogWorker: Starting segment from index:0
2019-09-26 13:14:09,726 [Thread-216] INFO  impl.FollowerState (FollowerState.java:run(106)) - 4df03a29-c5ad-4e89-af92-e85e0e749186:group-98FFD98FB4F9 changes to CANDIDATE, lastRpcTime:5064, electionTimeout:5056ms
2019-09-26 13:14:09,733 [Thread-216] INFO  impl.RoleInfo (RoleInfo.java:shutdownFollowerState(121)) - 4df03a29-c5ad-4e89-af92-e85e0e749186: shutdown FollowerState
2019-09-26 13:14:09,733 [4df03a29-c5ad-4e89-af92-e85e0e749186@group-C97FD57289DA:LeaderElection11] INFO  impl.RaftServerImpl (ServerState.java:setRaftConf(354)) - 4df03a29-c5ad-4e89-af92-e85e0e749186@group-C97FD57289DA: set configuration 0: [4df03a29-c5ad-4e89-af92-e85e0e749186:192.168.164.238:44045], old=null at 0
2019-09-26 13:14:09,733 [Thread-216] INFO  impl.RaftServerImpl (RaftServerImpl.java:setRole(174)) - 4df03a29-c5ad-4e89-af92-e85e0e749186@group-98FFD98FB4F9: changes role from  FOLLOWER to CANDIDATE at term 0 for changeToCandidate
2019-09-26 13:14:09,763 [4df03a29-c5ad-4e89-af92-e85e0e749186@group-A9B152752091-SegmentedRaftLogWorker] INFO  segmented.SegmentedRaftLogWorker (SegmentedRaftLogWorker.java:execute(569)) - 4df03a29-c5ad-4e89-af92-e85e0e749186@group-A9B152752091-SegmentedRaftLogWorker: created new log segment /workdir/hadoop-ozone/integration-test/target/test-dir/MiniOzoneClusterImpl-ed2f9e77-5d43-4f59-afa0-64bc0fdbaca5/datanode-2/data/ratis/51f9c4be-625f-41e7-b0ba-a9b152752091/current/log_inprogress_0
2019-09-26 13:14:09,763 [Thread-216] INFO  impl.RoleInfo (RoleInfo.java:updateAndGet(143)) - 4df03a29-c5ad-4e89-af92-e85e0e749186: start LeaderElection
2019-09-26 13:14:09,775 [4df03a29-c5ad-4e89-af92-e85e0e749186@group-C97FD57289DA-SegmentedRaftLogWorker] INFO  segmented.SegmentedRaftLogWorker (SegmentedRaftLogWorker.java:execute(569)) - 4df03a29-c5ad-4e89-af92-e85e0e749186@group-C97FD57289DA-SegmentedRaftLogWorker: created new log segment /workdir/hadoop-ozone/integration-test/target/test-dir/MiniOzoneClusterImpl-ed2f9e77-5d43-4f59-afa0-64bc0fdbaca5/datanode-2/data/ratis/304ab606-b9cb-4b6f-bded-c97fd57289da/current/log_inprogress_0
2019-09-26 13:14:09,775 [4df03a29-c5ad-4e89-af92-e85e0e749186@group-98FFD98FB4F9:LeaderElection13] INFO  impl.LeaderElection (LeaderElection.java:askForVotes(182)) - 4df03a29-c5ad-4e89-af92-e85e0e749186@group-98FFD98FB4F9:LeaderElection13: begin an election at term 1 for -1: [4df03a29-c5ad-4e89-af92-e85e0e749186:192.168.164.238:44045], old=null
2019-09-26 13:14:09,776 [4df03a29-c5ad-4e89-af92-e85e0e749186@group-98FFD98FB4F9:LeaderElection13] INFO  impl.RoleInfo (RoleInfo.java:shutdownLeaderElection(134)) - 4df03a29-c5ad-4e89-af92-e85e0e749186: shutdown LeaderElection
2019-09-26 13:14:09,776 [4df03a29-c5ad-4e89-af92-e85e0e749186@group-98FFD98FB4F9:LeaderElection13] INFO  impl.RaftServerImpl (RaftServerImpl.java:setRole(174)) - 4df03a29-c5ad-4e89-af92-e85e0e749186@group-98FFD98FB4F9: changes role from CANDIDATE to LEADER at term 1 for changeToLeader
2019-09-26 13:14:09,776 [4df03a29-c5ad-4e89-af92-e85e0e749186@group-98FFD98FB4F9:LeaderElection13] INFO  impl.RaftServerImpl (ServerState.java:setLeader(253)) - 4df03a29-c5ad-4e89-af92-e85e0e749186@group-98FFD98FB4F9: change Leader from null to 4df03a29-c5ad-4e89-af92-e85e0e749186 at term 1 for becomeLeader, leader elected after 5120ms
2019-09-26 13:14:09,776 [4df03a29-c5ad-4e89-af92-e85e0e749186@group-98FFD98FB4F9:LeaderElection13] INFO  server.RaftServerConfigKeys (ConfUtils.java:logGet(43)) - raft.server.staging.catchup.gap = 1000 (default)
2019-09-26 13:14:09,776 [4df03a29-c5ad-4e89-af92-e85e0e749186@group-98FFD98FB4F9:LeaderElection13] INFO  server.RaftServerConfigKeys (ConfUtils.java:logGet(43)) - raft.server.rpc.sleep.time = 25ms (default)
2019-09-26 13:14:09,777 [4df03a29-c5ad-4e89-af92-e85e0e749186@group-98FFD98FB4F9:LeaderElection13] INFO  server.RaftServerConfigKeys (ConfUtils.java:logGet(43)) - raft.server.write.element-limit = 4096 (default)
2019-09-26 13:14:09,777 [4df03a29-c5ad-4e89-af92-e85e0e749186@group-98FFD98FB4F9:LeaderElection13] INFO  server.RaftServerConfigKeys (ConfUtils.java:logGet(43)) - raft.server.watch.timeout = 10s (default)
2019-09-26 13:14:09,777 [4df03a29-c5ad-4e89-af92-e85e0e749186@group-98FFD98FB4F9:LeaderElection13] INFO  server.RaftServerConfigKeys (ConfUtils.java:logGet(43)) - raft.server.watch.timeout.denomination = 1s (default)
2019-09-26 13:14:09,777 [4df03a29-c5ad-4e89-af92-e85e0e749186@group-98FFD98FB4F9:LeaderElection13] INFO  server.RaftServerConfigKeys (ConfUtils.java:logGet(43)) - raft.server.watch.element-limit = 65536 (default)
2019-09-26 13:14:09,781 [4df03a29-c5ad-4e89-af92-e85e0e749186@group-98FFD98FB4F9:LeaderElection13] INFO  impl.RoleInfo (RoleInfo.java:updateAndGet(143)) - 4df03a29-c5ad-4e89-af92-e85e0e749186: start LeaderState
2019-09-26 13:14:09,781 [4df03a29-c5ad-4e89-af92-e85e0e749186@group-98FFD98FB4F9:LeaderElection13] INFO  segmented.SegmentedRaftLogWorker (SegmentedRaftLogWorker.java:startLogSegment(380)) - 4df03a29-c5ad-4e89-af92-e85e0e749186@group-98FFD98FB4F9-SegmentedRaftLogWorker: Starting segment from index:0
2019-09-26 13:14:09,782 [4df03a29-c5ad-4e89-af92-e85e0e749186@group-98FFD98FB4F9:LeaderElection13] INFO  impl.RaftServerImpl (ServerState.java:setRaftConf(354)) - 4df03a29-c5ad-4e89-af92-e85e0e749186@group-98FFD98FB4F9: set configuration 0: [4df03a29-c5ad-4e89-af92-e85e0e749186:192.168.164.238:44045], old=null at 0
2019-09-26 13:14:09,830 [4df03a29-c5ad-4e89-af92-e85e0e749186@group-98FFD98FB4F9-SegmentedRaftLogWorker] INFO  segmented.SegmentedRaftLogWorker (SegmentedRaftLogWorker.java:execute(569)) - 4df03a29-c5ad-4e89-af92-e85e0e749186@group-98FFD98FB4F9-SegmentedRaftLogWorker: created new log segment /workdir/hadoop-ozone/integration-test/target/test-dir/MiniOzoneClusterImpl-ed2f9e77-5d43-4f59-afa0-64bc0fdbaca5/datanode-2/data/ratis/3e084c2a-af9c-4f48-b645-98ffd98fb4f9/current/log_inprogress_0
2019-09-26 13:14:09,882 [Thread-219] INFO  impl.FollowerState (FollowerState.java:run(106)) - ac8be7af-2201-47bb-9c92-ad25922e5522:group-E91D936561E5 changes to CANDIDATE, lastRpcTime:5165, electionTimeout:5165ms
2019-09-26 13:14:09,882 [Thread-219] INFO  impl.RoleInfo (RoleInfo.java:shutdownFollowerState(121)) - ac8be7af-2201-47bb-9c92-ad25922e5522: shutdown FollowerState
2019-09-26 13:14:09,882 [Thread-219] INFO  impl.RaftServerImpl (RaftServerImpl.java:setRole(174)) - ac8be7af-2201-47bb-9c92-ad25922e5522@group-E91D936561E5: changes role from  FOLLOWER to CANDIDATE at term 0 for changeToCandidate
2019-09-26 13:14:09,883 [Thread-219] INFO  impl.RoleInfo (RoleInfo.java:updateAndGet(143)) - ac8be7af-2201-47bb-9c92-ad25922e5522: start LeaderElection
2019-09-26 13:14:09,891 [Thread-222] INFO  impl.FollowerState (FollowerState.java:run(106)) - ac8be7af-2201-47bb-9c92-ad25922e5522:group-E51BC2B7889A changes to CANDIDATE, lastRpcTime:5121, electionTimeout:5121ms
2019-09-26 13:14:09,891 [Thread-222] INFO  impl.RoleInfo (RoleInfo.java:shutdownFollowerState(121)) - ac8be7af-2201-47bb-9c92-ad25922e5522: shutdown FollowerState
2019-09-26 13:14:09,891 [Thread-222] INFO  impl.RaftServerImpl (RaftServerImpl.java:setRole(174)) - ac8be7af-2201-47bb-9c92-ad25922e5522@group-E51BC2B7889A: changes role from  FOLLOWER to CANDIDATE at term 0 for changeToCandidate
2019-09-26 13:14:09,892 [Thread-222] INFO  impl.RoleInfo (RoleInfo.java:updateAndGet(143)) - ac8be7af-2201-47bb-9c92-ad25922e5522: start LeaderElection
2019-09-26 13:14:09,899 [ac8be7af-2201-47bb-9c92-ad25922e5522@group-E51BC2B7889A:LeaderElection15] INFO  impl.LeaderElection (LeaderElection.java:askForVotes(182)) - ac8be7af-2201-47bb-9c92-ad25922e5522@group-E51BC2B7889A:LeaderElection15: begin an election at term 1 for -1: [ac8be7af-2201-47bb-9c92-ad25922e5522:192.168.164.238:45961], old=null
2019-09-26 13:14:09,899 [ac8be7af-2201-47bb-9c92-ad25922e5522@group-E91D936561E5:LeaderElection14] INFO  impl.LeaderElection (LeaderElection.java:askForVotes(182)) - ac8be7af-2201-47bb-9c92-ad25922e5522@group-E91D936561E5:LeaderElection14: begin an election at term 1 for -1: [ac8be7af-2201-47bb-9c92-ad25922e5522:192.168.164.238:45961], old=null
2019-09-26 13:14:09,900 [ac8be7af-2201-47bb-9c92-ad25922e5522@group-E51BC2B7889A:LeaderElection15] INFO  impl.RoleInfo (RoleInfo.java:shutdownLeaderElection(134)) - ac8be7af-2201-47bb-9c92-ad25922e5522: shutdown LeaderElection
2019-09-26 13:14:09,900 [ac8be7af-2201-47bb-9c92-ad25922e5522@group-E91D936561E5:LeaderElection14] INFO  impl.RoleInfo (RoleInfo.java:shutdownLeaderElection(134)) - ac8be7af-2201-47bb-9c92-ad25922e5522: shutdown LeaderElection
2019-09-26 13:14:09,900 [ac8be7af-2201-47bb-9c92-ad25922e5522@group-E51BC2B7889A:LeaderElection15] INFO  impl.RaftServerImpl (RaftServerImpl.java:setRole(174)) - ac8be7af-2201-47bb-9c92-ad25922e5522@group-E51BC2B7889A: changes role from CANDIDATE to LEADER at term 1 for changeToLeader
2019-09-26 13:14:09,900 [ac8be7af-2201-47bb-9c92-ad25922e5522@group-E91D936561E5:LeaderElection14] INFO  impl.RaftServerImpl (RaftServerImpl.java:setRole(174)) - ac8be7af-2201-47bb-9c92-ad25922e5522@group-E91D936561E5: changes role from CANDIDATE to LEADER at term 1 for changeToLeader
2019-09-26 13:14:09,900 [ac8be7af-2201-47bb-9c92-ad25922e5522@group-E51BC2B7889A:LeaderElection15] INFO  impl.RaftServerImpl (ServerState.java:setLeader(253)) - ac8be7af-2201-47bb-9c92-ad25922e5522@group-E51BC2B7889A: change Leader from null to ac8be7af-2201-47bb-9c92-ad25922e5522 at term 1 for becomeLeader, leader elected after 5135ms
2019-09-26 13:14:09,900 [ac8be7af-2201-47bb-9c92-ad25922e5522@group-E91D936561E5:LeaderElection14] INFO  impl.RaftServerImpl (ServerState.java:setLeader(253)) - ac8be7af-2201-47bb-9c92-ad25922e5522@group-E91D936561E5: change Leader from null to ac8be7af-2201-47bb-9c92-ad25922e5522 at term 1 for becomeLeader, leader elected after 5189ms
2019-09-26 13:14:09,900 [ac8be7af-2201-47bb-9c92-ad25922e5522@group-E51BC2B7889A:LeaderElection15] INFO  server.RaftServerConfigKeys (ConfUtils.java:logGet(43)) - raft.server.staging.catchup.gap = 1000 (default)
2019-09-26 13:14:09,900 [ac8be7af-2201-47bb-9c92-ad25922e5522@group-E91D936561E5:LeaderElection14] INFO  server.RaftServerConfigKeys (ConfUtils.java:logGet(43)) - raft.server.staging.catchup.gap = 1000 (default)
2019-09-26 13:14:09,900 [ac8be7af-2201-47bb-9c92-ad25922e5522@group-E51BC2B7889A:LeaderElection15] INFO  server.RaftServerConfigKeys (ConfUtils.java:logGet(43)) - raft.server.rpc.sleep.time = 25ms (default)
2019-09-26 13:14:09,901 [ac8be7af-2201-47bb-9c92-ad25922e5522@group-E91D936561E5:LeaderElection14] INFO  server.RaftServerConfigKeys (ConfUtils.java:logGet(43)) - raft.server.rpc.sleep.time = 25ms (default)
2019-09-26 13:14:09,901 [ac8be7af-2201-47bb-9c92-ad25922e5522@group-E51BC2B7889A:LeaderElection15] INFO  server.RaftServerConfigKeys (ConfUtils.java:logGet(43)) - raft.server.write.element-limit = 4096 (default)
2019-09-26 13:14:09,901 [ac8be7af-2201-47bb-9c92-ad25922e5522@group-E91D936561E5:LeaderElection14] INFO  server.RaftServerConfigKeys (ConfUtils.java:logGet(43)) - raft.server.write.element-limit = 4096 (default)
2019-09-26 13:14:09,901 [ac8be7af-2201-47bb-9c92-ad25922e5522@group-E51BC2B7889A:LeaderElection15] INFO  server.RaftServerConfigKeys (ConfUtils.java:logGet(43)) - raft.server.watch.timeout = 10s (default)
2019-09-26 13:14:09,901 [ac8be7af-2201-47bb-9c92-ad25922e5522@group-E91D936561E5:LeaderElection14] INFO  server.RaftServerConfigKeys (ConfUtils.java:logGet(43)) - raft.server.watch.timeout = 10s (default)
2019-09-26 13:14:09,901 [ac8be7af-2201-47bb-9c92-ad25922e5522@group-E51BC2B7889A:LeaderElection15] INFO  server.RaftServerConfigKeys (ConfUtils.java:logGet(43)) - raft.server.watch.timeout.denomination = 1s (default)
2019-09-26 13:14:09,902 [ac8be7af-2201-47bb-9c92-ad25922e5522@group-E91D936561E5:LeaderElection14] INFO  server.RaftServerConfigKeys (ConfUtils.java:logGet(43)) - raft.server.watch.timeout.denomination = 1s (default)
2019-09-26 13:14:09,902 [ac8be7af-2201-47bb-9c92-ad25922e5522@group-E51BC2B7889A:LeaderElection15] INFO  server.RaftServerConfigKeys (ConfUtils.java:logGet(43)) - raft.server.watch.element-limit = 65536 (default)
2019-09-26 13:14:09,902 [ac8be7af-2201-47bb-9c92-ad25922e5522@group-E91D936561E5:LeaderElection14] INFO  server.RaftServerConfigKeys (ConfUtils.java:logGet(43)) - raft.server.watch.element-limit = 65536 (default)
2019-09-26 13:14:09,906 [ac8be7af-2201-47bb-9c92-ad25922e5522@group-E51BC2B7889A:LeaderElection15] INFO  impl.RoleInfo (RoleInfo.java:updateAndGet(143)) - ac8be7af-2201-47bb-9c92-ad25922e5522: start LeaderState
2019-09-26 13:14:09,907 [ac8be7af-2201-47bb-9c92-ad25922e5522@group-E91D936561E5:LeaderElection14] INFO  impl.RoleInfo (RoleInfo.java:updateAndGet(143)) - ac8be7af-2201-47bb-9c92-ad25922e5522: start LeaderState
2019-09-26 13:14:09,907 [ac8be7af-2201-47bb-9c92-ad25922e5522@group-E51BC2B7889A:LeaderElection15] INFO  segmented.SegmentedRaftLogWorker (SegmentedRaftLogWorker.java:startLogSegment(380)) - ac8be7af-2201-47bb-9c92-ad25922e5522@group-E51BC2B7889A-SegmentedRaftLogWorker: Starting segment from index:0
2019-09-26 13:14:09,907 [ac8be7af-2201-47bb-9c92-ad25922e5522@group-E91D936561E5:LeaderElection14] INFO  segmented.SegmentedRaftLogWorker (SegmentedRaftLogWorker.java:startLogSegment(380)) - ac8be7af-2201-47bb-9c92-ad25922e5522@group-E91D936561E5-SegmentedRaftLogWorker: Starting segment from index:0
2019-09-26 13:14:09,908 [ac8be7af-2201-47bb-9c92-ad25922e5522@group-E51BC2B7889A:LeaderElection15] INFO  impl.RaftServerImpl (ServerState.java:setRaftConf(354)) - ac8be7af-2201-47bb-9c92-ad25922e5522@group-E51BC2B7889A: set configuration 0: [ac8be7af-2201-47bb-9c92-ad25922e5522:192.168.164.238:45961], old=null at 0
2019-09-26 13:14:09,908 [ac8be7af-2201-47bb-9c92-ad25922e5522@group-E91D936561E5:LeaderElection14] INFO  impl.RaftServerImpl (ServerState.java:setRaftConf(354)) - ac8be7af-2201-47bb-9c92-ad25922e5522@group-E91D936561E5: set configuration 0: [ac8be7af-2201-47bb-9c92-ad25922e5522:192.168.164.238:45961], old=null at 0
2019-09-26 13:14:09,946 [Thread-225] INFO  impl.FollowerState (FollowerState.java:run(106)) - 4df03a29-c5ad-4e89-af92-e85e0e749186:group-9D8A31E69910 changes to CANDIDATE, lastRpcTime:5119, electionTimeout:5082ms
2019-09-26 13:14:09,947 [Thread-225] INFO  impl.RoleInfo (RoleInfo.java:shutdownFollowerState(121)) - 4df03a29-c5ad-4e89-af92-e85e0e749186: shutdown FollowerState
2019-09-26 13:14:09,948 [Thread-225] INFO  impl.RaftServerImpl (RaftServerImpl.java:setRole(174)) - 4df03a29-c5ad-4e89-af92-e85e0e749186@group-9D8A31E69910: changes role from  FOLLOWER to CANDIDATE at term 0 for changeToCandidate
2019-09-26 13:14:09,948 [Thread-225] INFO  impl.RoleInfo (RoleInfo.java:updateAndGet(143)) - 4df03a29-c5ad-4e89-af92-e85e0e749186: start LeaderElection
2019-09-26 13:14:09,959 [ac8be7af-2201-47bb-9c92-ad25922e5522@group-E91D936561E5-SegmentedRaftLogWorker] INFO  segmented.SegmentedRaftLogWorker (SegmentedRaftLogWorker.java:execute(569)) - ac8be7af-2201-47bb-9c92-ad25922e5522@group-E91D936561E5-SegmentedRaftLogWorker: created new log segment /workdir/hadoop-ozone/integration-test/target/test-dir/MiniOzoneClusterImpl-ed2f9e77-5d43-4f59-afa0-64bc0fdbaca5/datanode-0/data/ratis/ed7ac8b0-b86e-4cac-8197-e91d936561e5/current/log_inprogress_0
2019-09-26 13:14:09,959 [4df03a29-c5ad-4e89-af92-e85e0e749186@group-9D8A31E69910:LeaderElection16] INFO  impl.LeaderElection (LeaderElection.java:askForVotes(182)) - 4df03a29-c5ad-4e89-af92-e85e0e749186@group-9D8A31E69910:LeaderElection16: begin an election at term 1 for -1: [4df03a29-c5ad-4e89-af92-e85e0e749186:192.168.164.238:44045], old=null
2019-09-26 13:14:09,959 [ac8be7af-2201-47bb-9c92-ad25922e5522@group-E51BC2B7889A-SegmentedRaftLogWorker] INFO  segmented.SegmentedRaftLogWorker (SegmentedRaftLogWorker.java:execute(569)) - ac8be7af-2201-47bb-9c92-ad25922e5522@group-E51BC2B7889A-SegmentedRaftLogWorker: created new log segment /workdir/hadoop-ozone/integration-test/target/test-dir/MiniOzoneClusterImpl-ed2f9e77-5d43-4f59-afa0-64bc0fdbaca5/datanode-0/data/ratis/511414df-9daa-4967-b66b-e51bc2b7889a/current/log_inprogress_0
2019-09-26 13:14:09,959 [4df03a29-c5ad-4e89-af92-e85e0e749186@group-9D8A31E69910:LeaderElection16] INFO  impl.RoleInfo (RoleInfo.java:shutdownLeaderElection(134)) - 4df03a29-c5ad-4e89-af92-e85e0e749186: shutdown LeaderElection
2019-09-26 13:14:09,959 [4df03a29-c5ad-4e89-af92-e85e0e749186@group-9D8A31E69910:LeaderElection16] INFO  impl.RaftServerImpl (RaftServerImpl.java:setRole(174)) - 4df03a29-c5ad-4e89-af92-e85e0e749186@group-9D8A31E69910: changes role from CANDIDATE to LEADER at term 1 for changeToLeader
2019-09-26 13:14:09,960 [4df03a29-c5ad-4e89-af92-e85e0e749186@group-9D8A31E69910:LeaderElection16] INFO  impl.RaftServerImpl (ServerState.java:setLeader(253)) - 4df03a29-c5ad-4e89-af92-e85e0e749186@group-9D8A31E69910: change Leader from null to 4df03a29-c5ad-4e89-af92-e85e0e749186 at term 1 for becomeLeader, leader elected after 5138ms
2019-09-26 13:14:09,960 [4df03a29-c5ad-4e89-af92-e85e0e749186@group-9D8A31E69910:LeaderElection16] INFO  server.RaftServerConfigKeys (ConfUtils.java:logGet(43)) - raft.server.staging.catchup.gap = 1000 (default)
2019-09-26 13:14:09,960 [4df03a29-c5ad-4e89-af92-e85e0e749186@group-9D8A31E69910:LeaderElection16] INFO  server.RaftServerConfigKeys (ConfUtils.java:logGet(43)) - raft.server.rpc.sleep.time = 25ms (default)
2019-09-26 13:14:09,960 [4df03a29-c5ad-4e89-af92-e85e0e749186@group-9D8A31E69910:LeaderElection16] INFO  server.RaftServerConfigKeys (ConfUtils.java:logGet(43)) - raft.server.write.element-limit = 4096 (default)
2019-09-26 13:14:09,960 [4df03a29-c5ad-4e89-af92-e85e0e749186@group-9D8A31E69910:LeaderElection16] INFO  server.RaftServerConfigKeys (ConfUtils.java:logGet(43)) - raft.server.watch.timeout = 10s (default)
2019-09-26 13:14:09,961 [4df03a29-c5ad-4e89-af92-e85e0e749186@group-9D8A31E69910:LeaderElection16] INFO  server.RaftServerConfigKeys (ConfUtils.java:logGet(43)) - raft.server.watch.timeout.denomination = 1s (default)
2019-09-26 13:14:09,961 [4df03a29-c5ad-4e89-af92-e85e0e749186@group-9D8A31E69910:LeaderElection16] INFO  server.RaftServerConfigKeys (ConfUtils.java:logGet(43)) - raft.server.watch.element-limit = 65536 (default)
2019-09-26 13:14:09,964 [4df03a29-c5ad-4e89-af92-e85e0e749186@group-9D8A31E69910:LeaderElection16] INFO  impl.RoleInfo (RoleInfo.java:updateAndGet(143)) - 4df03a29-c5ad-4e89-af92-e85e0e749186: start LeaderState
2019-09-26 13:14:09,964 [4df03a29-c5ad-4e89-af92-e85e0e749186@group-9D8A31E69910:LeaderElection16] INFO  segmented.SegmentedRaftLogWorker (SegmentedRaftLogWorker.java:startLogSegment(380)) - 4df03a29-c5ad-4e89-af92-e85e0e749186@group-9D8A31E69910-SegmentedRaftLogWorker: Starting segment from index:0
2019-09-26 13:14:09,965 [4df03a29-c5ad-4e89-af92-e85e0e749186@group-9D8A31E69910:LeaderElection16] INFO  impl.RaftServerImpl (ServerState.java:setRaftConf(354)) - 4df03a29-c5ad-4e89-af92-e85e0e749186@group-9D8A31E69910: set configuration 0: [4df03a29-c5ad-4e89-af92-e85e0e749186:192.168.164.238:44045], old=null at 0
2019-09-26 13:14:09,996 [main] INFO  ozoneimpl.OzoneContainer (OzoneContainer.java:stop(231)) - Attempting to stop container services.
2019-09-26 13:14:09,996 [ForkJoinPool.commonPool-worker-1] INFO  ozoneimpl.OzoneContainer (OzoneContainer.java:stop(231)) - Attempting to stop container services.
2019-09-26 13:14:09,997 [ForkJoinPool.commonPool-worker-1] INFO  impl.RaftServerProxy (RaftServerProxy.java:lambda$close$4(314)) - ac8be7af-2201-47bb-9c92-ad25922e5522: close
2019-09-26 13:14:09,997 [main] INFO  impl.RaftServerProxy (RaftServerProxy.java:lambda$close$4(314)) - 14ea3107-d91f-437f-ad5f-c829a9f29dfc: close
2019-09-26 13:14:09,999 [main] INFO  impl.RaftServerImpl (RaftServerImpl.java:lambda$shutdown$3(251)) - 14ea3107-d91f-437f-ad5f-c829a9f29dfc@group-78D82F752D7E: shutdown
2019-09-26 13:14:09,999 [ForkJoinPool.commonPool-worker-1] INFO  impl.RaftServerImpl (RaftServerImpl.java:lambda$shutdown$3(251)) - ac8be7af-2201-47bb-9c92-ad25922e5522@group-7F8018A926FE: shutdown
2019-09-26 13:14:09,999 [main] INFO  util.JmxRegister (JmxRegister.java:unregister(73)) - Successfully un-registered JMX Bean with object name Ratis:service=RaftServer,group=group-78D82F752D7E,id=14ea3107-d91f-437f-ad5f-c829a9f29dfc
2019-09-26 13:14:09,999 [ForkJoinPool.commonPool-worker-1] INFO  util.JmxRegister (JmxRegister.java:unregister(73)) - Successfully un-registered JMX Bean with object name Ratis:service=RaftServer,group=group-7F8018A926FE,id=ac8be7af-2201-47bb-9c92-ad25922e5522
2019-09-26 13:14:10,000 [main] INFO  impl.RoleInfo (RoleInfo.java:shutdownLeaderState(104)) - 14ea3107-d91f-437f-ad5f-c829a9f29dfc: shutdown LeaderState
2019-09-26 13:14:10,000 [ForkJoinPool.commonPool-worker-1] INFO  impl.RoleInfo (RoleInfo.java:shutdownLeaderState(104)) - ac8be7af-2201-47bb-9c92-ad25922e5522: shutdown LeaderState
2019-09-26 13:14:10,001 [ForkJoinPool.commonPool-worker-1] INFO  impl.PendingRequests (PendingRequests.java:sendNotLeaderResponses(202)) - ac8be7af-2201-47bb-9c92-ad25922e5522-PendingRequests: sendNotLeaderResponses
2019-09-26 13:14:10,001 [main] INFO  impl.PendingRequests (PendingRequests.java:sendNotLeaderResponses(202)) - 14ea3107-d91f-437f-ad5f-c829a9f29dfc-PendingRequests: sendNotLeaderResponses
2019-09-26 13:14:10,004 [ForkJoinPool.commonPool-worker-1] INFO  impl.StateMachineUpdater (StateMachineUpdater.java:stopAndJoin(125)) - ac8be7af-2201-47bb-9c92-ad25922e5522@group-7F8018A926FE-StateMachineUpdater: set stopIndex = 0
2019-09-26 13:14:10,004 [main] INFO  impl.StateMachineUpdater (StateMachineUpdater.java:stopAndJoin(125)) - 14ea3107-d91f-437f-ad5f-c829a9f29dfc@group-78D82F752D7E-StateMachineUpdater: set stopIndex = 0
2019-09-26 13:14:10,006 [ForkJoinPool.commonPool-worker-1] INFO  impl.RaftServerImpl (ServerState.java:close(385)) - ac8be7af-2201-47bb-9c92-ad25922e5522@group-7F8018A926FE: closes. applyIndex: 0
2019-09-26 13:14:10,006 [main] INFO  impl.RaftServerImpl (ServerState.java:close(385)) - 14ea3107-d91f-437f-ad5f-c829a9f29dfc@group-78D82F752D7E: closes. applyIndex: 0
2019-09-26 13:14:10,007 [4df03a29-c5ad-4e89-af92-e85e0e749186@group-9D8A31E69910-SegmentedRaftLogWorker] INFO  segmented.SegmentedRaftLogWorker (SegmentedRaftLogWorker.java:execute(569)) - 4df03a29-c5ad-4e89-af92-e85e0e749186@group-9D8A31E69910-SegmentedRaftLogWorker: created new log segment /workdir/hadoop-ozone/integration-test/target/test-dir/MiniOzoneClusterImpl-ed2f9e77-5d43-4f59-afa0-64bc0fdbaca5/datanode-2/data/ratis/78edaa47-898a-4bd3-a004-9d8a31e69910/current/log_inprogress_0
2019-09-26 13:14:10,008 [14ea3107-d91f-437f-ad5f-c829a9f29dfc@group-78D82F752D7E-SegmentedRaftLogWorker] INFO  segmented.SegmentedRaftLogWorker (SegmentedRaftLogWorker.java:run(313)) - 14ea3107-d91f-437f-ad5f-c829a9f29dfc@group-78D82F752D7E-SegmentedRaftLogWorker was interrupted, exiting. There are 0 tasks remaining in the queue.
2019-09-26 13:14:10,008 [ac8be7af-2201-47bb-9c92-ad25922e5522@group-7F8018A926FE-SegmentedRaftLogWorker] INFO  segmented.SegmentedRaftLogWorker (SegmentedRaftLogWorker.java:run(313)) - ac8be7af-2201-47bb-9c92-ad25922e5522@group-7F8018A926FE-SegmentedRaftLogWorker was interrupted, exiting. There are 0 tasks remaining in the queue.
2019-09-26 13:14:10,016 [main] INFO  segmented.SegmentedRaftLogWorker (SegmentedRaftLogWorker.java:close(228)) - 14ea3107-d91f-437f-ad5f-c829a9f29dfc@group-78D82F752D7E-SegmentedRaftLogWorker close()
2019-09-26 13:14:10,016 [ForkJoinPool.commonPool-worker-1] INFO  segmented.SegmentedRaftLogWorker (SegmentedRaftLogWorker.java:close(228)) - ac8be7af-2201-47bb-9c92-ad25922e5522@group-7F8018A926FE-SegmentedRaftLogWorker close()
2019-09-26 13:14:10,021 [ForkJoinPool.commonPool-worker-1] INFO  impl.RaftServerImpl (RaftServerImpl.java:lambda$shutdown$3(251)) - ac8be7af-2201-47bb-9c92-ad25922e5522@group-E91D936561E5: shutdown
2019-09-26 13:14:10,021 [main] INFO  impl.RaftServerImpl (RaftServerImpl.java:lambda$shutdown$3(251)) - 14ea3107-d91f-437f-ad5f-c829a9f29dfc@group-8AA580D7F120: shutdown
2019-09-26 13:14:10,021 [ForkJoinPool.commonPool-worker-1] INFO  util.JmxRegister (JmxRegister.java:unregister(73)) - Successfully un-registered JMX Bean with object name Ratis:service=RaftServer,group=group-E91D936561E5,id=ac8be7af-2201-47bb-9c92-ad25922e5522
2019-09-26 13:14:10,021 [main] INFO  util.JmxRegister (JmxRegister.java:unregister(73)) - Successfully un-registered JMX Bean with object name Ratis:service=RaftServer,group=group-8AA580D7F120,id=14ea3107-d91f-437f-ad5f-c829a9f29dfc
2019-09-26 13:14:10,022 [ForkJoinPool.commonPool-worker-1] INFO  impl.RoleInfo (RoleInfo.java:shutdownLeaderState(104)) - ac8be7af-2201-47bb-9c92-ad25922e5522: shutdown LeaderState
2019-09-26 13:14:10,022 [main] INFO  impl.RoleInfo (RoleInfo.java:shutdownLeaderState(104)) - 14ea3107-d91f-437f-ad5f-c829a9f29dfc: shutdown LeaderState
2019-09-26 13:14:10,022 [ForkJoinPool.commonPool-worker-1] INFO  impl.PendingRequests (PendingRequests.java:sendNotLeaderResponses(202)) - ac8be7af-2201-47bb-9c92-ad25922e5522-PendingRequests: sendNotLeaderResponses
2019-09-26 13:14:10,022 [main] INFO  impl.PendingRequests (PendingRequests.java:sendNotLeaderResponses(202)) - 14ea3107-d91f-437f-ad5f-c829a9f29dfc-PendingRequests: sendNotLeaderResponses
2019-09-26 13:14:10,023 [ForkJoinPool.commonPool-worker-1] INFO  impl.StateMachineUpdater (StateMachineUpdater.java:stopAndJoin(125)) - ac8be7af-2201-47bb-9c92-ad25922e5522@group-E91D936561E5-StateMachineUpdater: set stopIndex = 0
2019-09-26 13:14:10,023 [main] INFO  impl.StateMachineUpdater (StateMachineUpdater.java:stopAndJoin(125)) - 14ea3107-d91f-437f-ad5f-c829a9f29dfc@group-8AA580D7F120-StateMachineUpdater: set stopIndex = 0
2019-09-26 13:14:10,027 [ForkJoinPool.commonPool-worker-1] INFO  impl.RaftServerImpl (ServerState.java:close(385)) - ac8be7af-2201-47bb-9c92-ad25922e5522@group-E91D936561E5: closes. applyIndex: 0
2019-09-26 13:14:10,029 [main] INFO  impl.RaftServerImpl (ServerState.java:close(385)) - 14ea3107-d91f-437f-ad5f-c829a9f29dfc@group-8AA580D7F120: closes. applyIndex: 0
2019-09-26 13:14:10,029 [ac8be7af-2201-47bb-9c92-ad25922e5522@group-E91D936561E5-SegmentedRaftLogWorker] INFO  segmented.SegmentedRaftLogWorker (SegmentedRaftLogWorker.java:run(313)) - ac8be7af-2201-47bb-9c92-ad25922e5522@group-E91D936561E5-SegmentedRaftLogWorker was interrupted, exiting. There are 0 tasks remaining in the queue.
2019-09-26 13:14:10,029 [14ea3107-d91f-437f-ad5f-c829a9f29dfc@group-8AA580D7F120-SegmentedRaftLogWorker] INFO  segmented.SegmentedRaftLogWorker (SegmentedRaftLogWorker.java:run(313)) - 14ea3107-d91f-437f-ad5f-c829a9f29dfc@group-8AA580D7F120-SegmentedRaftLogWorker was interrupted, exiting. There are 0 tasks remaining in the queue.
2019-09-26 13:14:10,031 [Thread-231] INFO  impl.FollowerState (FollowerState.java:run(106)) - 4df03a29-c5ad-4e89-af92-e85e0e749186:group-E358126F0CCF changes to CANDIDATE, lastRpcTime:5089, electionTimeout:5088ms
2019-09-26 13:14:10,034 [main] INFO  segmented.SegmentedRaftLogWorker (SegmentedRaftLogWorker.java:close(228)) - 14ea3107-d91f-437f-ad5f-c829a9f29dfc@group-8AA580D7F120-SegmentedRaftLogWorker close()
2019-09-26 13:14:10,034 [Thread-231] INFO  impl.RoleInfo (RoleInfo.java:shutdownFollowerState(121)) - 4df03a29-c5ad-4e89-af92-e85e0e749186: shutdown FollowerState
2019-09-26 13:14:10,036 [Thread-228] INFO  impl.FollowerState (FollowerState.java:run(106)) - ac8be7af-2201-47bb-9c92-ad25922e5522:group-1F54C5BC0F74 changes to CANDIDATE, lastRpcTime:5142, electionTimeout:5142ms
2019-09-26 13:14:10,034 [ForkJoinPool.commonPool-worker-1] INFO  segmented.SegmentedRaftLogWorker (SegmentedRaftLogWorker.java:close(228)) - ac8be7af-2201-47bb-9c92-ad25922e5522@group-E91D936561E5-SegmentedRaftLogWorker close()
2019-09-26 13:14:10,036 [Thread-228] INFO  impl.RoleInfo (RoleInfo.java:shutdownFollowerState(121)) - ac8be7af-2201-47bb-9c92-ad25922e5522: shutdown FollowerState
2019-09-26 13:14:10,038 [ForkJoinPool.commonPool-worker-1] INFO  impl.RaftServerImpl (RaftServerImpl.java:lambda$shutdown$3(251)) - ac8be7af-2201-47bb-9c92-ad25922e5522@group-C73AF30BD411: shutdown
2019-09-26 13:14:10,036 [Thread-231] INFO  impl.RaftServerImpl (RaftServerImpl.java:setRole(174)) - 4df03a29-c5ad-4e89-af92-e85e0e749186@group-E358126F0CCF: changes role from  FOLLOWER to CANDIDATE at term 0 for changeToCandidate
2019-09-26 13:14:10,036 [main] INFO  impl.RaftServerImpl (RaftServerImpl.java:lambda$shutdown$3(251)) - 14ea3107-d91f-437f-ad5f-c829a9f29dfc@group-E79737A26A31: shutdown
2019-09-26 13:14:10,038 [Thread-231] INFO  impl.RoleInfo (RoleInfo.java:updateAndGet(143)) - 4df03a29-c5ad-4e89-af92-e85e0e749186: start LeaderElection
2019-09-26 13:14:10,038 [ForkJoinPool.commonPool-worker-1] INFO  util.JmxRegister (JmxRegister.java:unregister(73)) - Successfully un-registered JMX Bean with object name Ratis:service=RaftServer,group=group-C73AF30BD411,id=ac8be7af-2201-47bb-9c92-ad25922e5522
2019-09-26 13:14:10,038 [Thread-228] INFO  impl.RaftServerImpl (RaftServerImpl.java:setRole(174)) - ac8be7af-2201-47bb-9c92-ad25922e5522@group-1F54C5BC0F74: changes role from  FOLLOWER to CANDIDATE at term 0 for changeToCandidate
2019-09-26 13:14:10,041 [ForkJoinPool.commonPool-worker-1] INFO  impl.RoleInfo (RoleInfo.java:shutdownLeaderState(104)) - ac8be7af-2201-47bb-9c92-ad25922e5522: shutdown LeaderState
2019-09-26 13:14:10,038 [main] INFO  util.JmxRegister (JmxRegister.java:unregister(73)) - Successfully un-registered JMX Bean with object name Ratis:service=RaftServer,group=group-E79737A26A31,id=14ea3107-d91f-437f-ad5f-c829a9f29dfc
2019-09-26 13:14:10,041 [ForkJoinPool.commonPool-worker-1] INFO  impl.PendingRequests (PendingRequests.java:sendNotLeaderResponses(202)) - ac8be7af-2201-47bb-9c92-ad25922e5522-PendingRequests: sendNotLeaderResponses
2019-09-26 13:14:10,041 [Thread-228] INFO  impl.RoleInfo (RoleInfo.java:updateAndGet(143)) - ac8be7af-2201-47bb-9c92-ad25922e5522: start LeaderElection
2019-09-26 13:14:10,042 [ForkJoinPool.commonPool-worker-1] INFO  impl.StateMachineUpdater (StateMachineUpdater.java:stopAndJoin(125)) - ac8be7af-2201-47bb-9c92-ad25922e5522@group-C73AF30BD411-StateMachineUpdater: set stopIndex = 0
2019-09-26 13:14:10,042 [main] INFO  impl.RoleInfo (RoleInfo.java:shutdownLeaderState(104)) - 14ea3107-d91f-437f-ad5f-c829a9f29dfc: shutdown LeaderState
2019-09-26 13:14:10,042 [ForkJoinPool.commonPool-worker-1] INFO  impl.RaftServerImpl (ServerState.java:close(385)) - ac8be7af-2201-47bb-9c92-ad25922e5522@group-C73AF30BD411: closes. applyIndex: 0
2019-09-26 13:14:10,044 [main] INFO  impl.PendingRequests (PendingRequests.java:sendNotLeaderResponses(202)) - 14ea3107-d91f-437f-ad5f-c829a9f29dfc-PendingRequests: sendNotLeaderResponses
2019-09-26 13:14:10,045 [ac8be7af-2201-47bb-9c92-ad25922e5522@group-C73AF30BD411-SegmentedRaftLogWorker] INFO  segmented.SegmentedRaftLogWorker (SegmentedRaftLogWorker.java:run(313)) - ac8be7af-2201-47bb-9c92-ad25922e5522@group-C73AF30BD411-SegmentedRaftLogWorker was interrupted, exiting. There are 0 tasks remaining in the queue.
2019-09-26 13:14:10,045 [main] INFO  impl.StateMachineUpdater (StateMachineUpdater.java:stopAndJoin(125)) - 14ea3107-d91f-437f-ad5f-c829a9f29dfc@group-E79737A26A31-StateMachineUpdater: set stopIndex = 0
2019-09-26 13:14:10,046 [ForkJoinPool.commonPool-worker-1] INFO  segmented.SegmentedRaftLogWorker (SegmentedRaftLogWorker.java:close(228)) - ac8be7af-2201-47bb-9c92-ad25922e5522@group-C73AF30BD411-SegmentedRaftLogWorker close()
2019-09-26 13:14:10,046 [main] INFO  impl.RaftServerImpl (ServerState.java:close(385)) - 14ea3107-d91f-437f-ad5f-c829a9f29dfc@group-E79737A26A31: closes. applyIndex: 0
2019-09-26 13:14:10,048 [ForkJoinPool.commonPool-worker-1] INFO  impl.RaftServerImpl (RaftServerImpl.java:lambda$shutdown$3(251)) - ac8be7af-2201-47bb-9c92-ad25922e5522@group-E51BC2B7889A: shutdown
2019-09-26 13:14:10,048 [14ea3107-d91f-437f-ad5f-c829a9f29dfc@group-E79737A26A31-SegmentedRaftLogWorker] INFO  segmented.SegmentedRaftLogWorker (SegmentedRaftLogWorker.java:run(313)) - 14ea3107-d91f-437f-ad5f-c829a9f29dfc@group-E79737A26A31-SegmentedRaftLogWorker was interrupted, exiting. There are 0 tasks remaining in the queue.
2019-09-26 13:14:10,048 [ForkJoinPool.commonPool-worker-1] INFO  util.JmxRegister (JmxRegister.java:unregister(73)) - Successfully un-registered JMX Bean with object name Ratis:service=RaftServer,group=group-E51BC2B7889A,id=ac8be7af-2201-47bb-9c92-ad25922e5522
2019-09-26 13:14:10,049 [main] INFO  segmented.SegmentedRaftLogWorker (SegmentedRaftLogWorker.java:close(228)) - 14ea3107-d91f-437f-ad5f-c829a9f29dfc@group-E79737A26A31-SegmentedRaftLogWorker close()
2019-09-26 13:14:10,049 [ForkJoinPool.commonPool-worker-1] INFO  impl.RoleInfo (RoleInfo.java:shutdownLeaderState(104)) - ac8be7af-2201-47bb-9c92-ad25922e5522: shutdown LeaderState
2019-09-26 13:14:10,051 [main] INFO  impl.RaftServerImpl (RaftServerImpl.java:lambda$shutdown$3(251)) - 14ea3107-d91f-437f-ad5f-c829a9f29dfc@group-C44DB8792557: shutdown
2019-09-26 13:14:10,051 [ForkJoinPool.commonPool-worker-1] INFO  impl.PendingRequests (PendingRequests.java:sendNotLeaderResponses(202)) - ac8be7af-2201-47bb-9c92-ad25922e5522-PendingRequests: sendNotLeaderResponses
2019-09-26 13:14:10,051 [main] INFO  util.JmxRegister (JmxRegister.java:unregister(73)) - Successfully un-registered JMX Bean with object name Ratis:service=RaftServer,group=group-C44DB8792557,id=14ea3107-d91f-437f-ad5f-c829a9f29dfc
2019-09-26 13:14:10,052 [ForkJoinPool.commonPool-worker-1] INFO  impl.StateMachineUpdater (StateMachineUpdater.java:stopAndJoin(125)) - ac8be7af-2201-47bb-9c92-ad25922e5522@group-E51BC2B7889A-StateMachineUpdater: set stopIndex = 0
2019-09-26 13:14:10,052 [main] INFO  impl.RoleInfo (RoleInfo.java:shutdownLeaderState(104)) - 14ea3107-d91f-437f-ad5f-c829a9f29dfc: shutdown LeaderState
2019-09-26 13:14:10,052 [ForkJoinPool.commonPool-worker-1] INFO  impl.RaftServerImpl (ServerState.java:close(385)) - ac8be7af-2201-47bb-9c92-ad25922e5522@group-E51BC2B7889A: closes. applyIndex: 0
2019-09-26 13:14:10,052 [main] INFO  impl.PendingRequests (PendingRequests.java:sendNotLeaderResponses(202)) - 14ea3107-d91f-437f-ad5f-c829a9f29dfc-PendingRequests: sendNotLeaderResponses
2019-09-26 13:14:10,053 [ac8be7af-2201-47bb-9c92-ad25922e5522@group-E51BC2B7889A-SegmentedRaftLogWorker] INFO  segmented.SegmentedRaftLogWorker (SegmentedRaftLogWorker.java:run(313)) - ac8be7af-2201-47bb-9c92-ad25922e5522@group-E51BC2B7889A-SegmentedRaftLogWorker was interrupted, exiting. There are 0 tasks remaining in the queue.
2019-09-26 13:14:10,053 [main] INFO  impl.StateMachineUpdater (StateMachineUpdater.java:stopAndJoin(125)) - 14ea3107-d91f-437f-ad5f-c829a9f29dfc@group-C44DB8792557-StateMachineUpdater: set stopIndex = 0
2019-09-26 13:14:10,054 [ForkJoinPool.commonPool-worker-1] INFO  segmented.SegmentedRaftLogWorker (SegmentedRaftLogWorker.java:close(228)) - ac8be7af-2201-47bb-9c92-ad25922e5522@group-E51BC2B7889A-SegmentedRaftLogWorker close()
2019-09-26 13:14:10,055 [main] INFO  impl.RaftServerImpl (ServerState.java:close(385)) - 14ea3107-d91f-437f-ad5f-c829a9f29dfc@group-C44DB8792557: closes. applyIndex: 0
2019-09-26 13:14:10,057 [ForkJoinPool.commonPool-worker-1] INFO  impl.RaftServerImpl (RaftServerImpl.java:lambda$shutdown$3(251)) - ac8be7af-2201-47bb-9c92-ad25922e5522@group-1F54C5BC0F74: shutdown
2019-09-26 13:14:10,057 [14ea3107-d91f-437f-ad5f-c829a9f29dfc@group-C44DB8792557-SegmentedRaftLogWorker] INFO  segmented.SegmentedRaftLogWorker (SegmentedRaftLogWorker.java:run(313)) - 14ea3107-d91f-437f-ad5f-c829a9f29dfc@group-C44DB8792557-SegmentedRaftLogWorker was interrupted, exiting. There are 0 tasks remaining in the queue.
2019-09-26 13:14:10,058 [ForkJoinPool.commonPool-worker-1] INFO  util.JmxRegister (JmxRegister.java:unregister(73)) - Successfully un-registered JMX Bean with object name Ratis:service=RaftServer,group=group-1F54C5BC0F74,id=ac8be7af-2201-47bb-9c92-ad25922e5522
2019-09-26 13:14:10,058 [main] INFO  segmented.SegmentedRaftLogWorker (SegmentedRaftLogWorker.java:close(228)) - 14ea3107-d91f-437f-ad5f-c829a9f29dfc@group-C44DB8792557-SegmentedRaftLogWorker close()
2019-09-26 13:14:10,059 [ForkJoinPool.commonPool-worker-1] INFO  impl.RoleInfo (RoleInfo.java:shutdownLeaderElection(134)) - ac8be7af-2201-47bb-9c92-ad25922e5522: shutdown LeaderElection
2019-09-26 13:14:10,060 [main] INFO  impl.RaftServerImpl (RaftServerImpl.java:lambda$shutdown$3(251)) - 14ea3107-d91f-437f-ad5f-c829a9f29dfc@group-347FCD2D7E36: shutdown
2019-09-26 13:14:10,060 [ForkJoinPool.commonPool-worker-1] INFO  impl.StateMachineUpdater (StateMachineUpdater.java:stopAndJoin(125)) - ac8be7af-2201-47bb-9c92-ad25922e5522@group-1F54C5BC0F74-StateMachineUpdater: set stopIndex = -1
2019-09-26 13:14:10,061 [main] INFO  util.JmxRegister (JmxRegister.java:unregister(73)) - Successfully un-registered JMX Bean with object name Ratis:service=RaftServer,group=group-347FCD2D7E36,id=14ea3107-d91f-437f-ad5f-c829a9f29dfc
2019-09-26 13:14:10,061 [ForkJoinPool.commonPool-worker-1] INFO  impl.RaftServerImpl (ServerState.java:close(385)) - ac8be7af-2201-47bb-9c92-ad25922e5522@group-1F54C5BC0F74: closes. applyIndex: -1
2019-09-26 13:14:10,061 [main] INFO  impl.RoleInfo (RoleInfo.java:shutdownLeaderState(104)) - 14ea3107-d91f-437f-ad5f-c829a9f29dfc: shutdown LeaderState
2019-09-26 13:14:10,062 [ac8be7af-2201-47bb-9c92-ad25922e5522@group-1F54C5BC0F74-SegmentedRaftLogWorker] INFO  segmented.SegmentedRaftLogWorker (SegmentedRaftLogWorker.java:run(313)) - ac8be7af-2201-47bb-9c92-ad25922e5522@group-1F54C5BC0F74-SegmentedRaftLogWorker was interrupted, exiting. There are 0 tasks remaining in the queue.
2019-09-26 13:14:10,062 [main] INFO  impl.PendingRequests (PendingRequests.java:sendNotLeaderResponses(202)) - 14ea3107-d91f-437f-ad5f-c829a9f29dfc-PendingRequests: sendNotLeaderResponses
2019-09-26 13:14:10,062 [ForkJoinPool.commonPool-worker-1] INFO  segmented.SegmentedRaftLogWorker (SegmentedRaftLogWorker.java:close(228)) - ac8be7af-2201-47bb-9c92-ad25922e5522@group-1F54C5BC0F74-SegmentedRaftLogWorker close()
2019-09-26 13:14:10,062 [main] INFO  impl.StateMachineUpdater (StateMachineUpdater.java:stopAndJoin(125)) - 14ea3107-d91f-437f-ad5f-c829a9f29dfc@group-347FCD2D7E36-StateMachineUpdater: set stopIndex = 0
2019-09-26 13:14:10,064 [ForkJoinPool.commonPool-worker-1] INFO  impl.RaftServerImpl (RaftServerImpl.java:lambda$shutdown$3(251)) - ac8be7af-2201-47bb-9c92-ad25922e5522@group-3AC93D609CBE: shutdown
2019-09-26 13:14:10,064 [main] INFO  impl.RaftServerImpl (ServerState.java:close(385)) - 14ea3107-d91f-437f-ad5f-c829a9f29dfc@group-347FCD2D7E36: closes. applyIndex: 0
2019-09-26 13:14:10,064 [ForkJoinPool.commonPool-worker-1] INFO  util.JmxRegister (JmxRegister.java:unregister(73)) - Successfully un-registered JMX Bean with object name Ratis:service=RaftServer,group=group-3AC93D609CBE,id=ac8be7af-2201-47bb-9c92-ad25922e5522
2019-09-26 13:14:10,065 [14ea3107-d91f-437f-ad5f-c829a9f29dfc@group-347FCD2D7E36-SegmentedRaftLogWorker] INFO  segmented.SegmentedRaftLogWorker (SegmentedRaftLogWorker.java:run(313)) - 14ea3107-d91f-437f-ad5f-c829a9f29dfc@group-347FCD2D7E36-SegmentedRaftLogWorker was interrupted, exiting. There are 0 tasks remaining in the queue.
2019-09-26 13:14:10,065 [ForkJoinPool.commonPool-worker-1] INFO  impl.RoleInfo (RoleInfo.java:shutdownLeaderState(104)) - ac8be7af-2201-47bb-9c92-ad25922e5522: shutdown LeaderState
2019-09-26 13:14:10,066 [main] INFO  segmented.SegmentedRaftLogWorker (SegmentedRaftLogWorker.java:close(228)) - 14ea3107-d91f-437f-ad5f-c829a9f29dfc@group-347FCD2D7E36-SegmentedRaftLogWorker close()
2019-09-26 13:14:10,066 [ForkJoinPool.commonPool-worker-1] INFO  impl.PendingRequests (PendingRequests.java:sendNotLeaderResponses(202)) - ac8be7af-2201-47bb-9c92-ad25922e5522-PendingRequests: sendNotLeaderResponses
2019-09-26 13:14:10,068 [main] INFO  impl.RaftServerImpl (RaftServerImpl.java:lambda$shutdown$3(251)) - 14ea3107-d91f-437f-ad5f-c829a9f29dfc@group-0AE2E89A81FD: shutdown
2019-09-26 13:14:10,068 [ForkJoinPool.commonPool-worker-1] INFO  impl.StateMachineUpdater (StateMachineUpdater.java:stopAndJoin(125)) - ac8be7af-2201-47bb-9c92-ad25922e5522@group-3AC93D609CBE-StateMachineUpdater: set stopIndex = 0
2019-09-26 13:14:10,068 [main] INFO  util.JmxRegister (JmxRegister.java:unregister(73)) - Successfully un-registered JMX Bean with object name Ratis:service=RaftServer,group=group-0AE2E89A81FD,id=14ea3107-d91f-437f-ad5f-c829a9f29dfc
2019-09-26 13:14:10,068 [ForkJoinPool.commonPool-worker-1] INFO  impl.RaftServerImpl (ServerState.java:close(385)) - ac8be7af-2201-47bb-9c92-ad25922e5522@group-3AC93D609CBE: closes. applyIndex: 0
2019-09-26 13:14:10,069 [main] INFO  impl.RoleInfo (RoleInfo.java:shutdownLeaderState(104)) - 14ea3107-d91f-437f-ad5f-c829a9f29dfc: shutdown LeaderState
2019-09-26 13:14:10,069 [ac8be7af-2201-47bb-9c92-ad25922e5522@group-3AC93D609CBE-SegmentedRaftLogWorker] INFO  segmented.SegmentedRaftLogWorker (SegmentedRaftLogWorker.java:run(313)) - ac8be7af-2201-47bb-9c92-ad25922e5522@group-3AC93D609CBE-SegmentedRaftLogWorker was interrupted, exiting. There are 0 tasks remaining in the queue.
2019-09-26 13:14:10,069 [main] INFO  impl.PendingRequests (PendingRequests.java:sendNotLeaderResponses(202)) - 14ea3107-d91f-437f-ad5f-c829a9f29dfc-PendingRequests: sendNotLeaderResponses
2019-09-26 13:14:10,073 [ac8be7af-2201-47bb-9c92-ad25922e5522@group-1F54C5BC0F74:LeaderElection18] INFO  impl.LeaderElection (LeaderElection.java:askForVotes(182)) - ac8be7af-2201-47bb-9c92-ad25922e5522@group-1F54C5BC0F74:LeaderElection18: begin an election at term 1 for -1: [ac8be7af-2201-47bb-9c92-ad25922e5522:192.168.164.238:45961], old=null
2019-09-26 13:14:10,072 [4df03a29-c5ad-4e89-af92-e85e0e749186@group-E358126F0CCF:LeaderElection17] INFO  impl.LeaderElection (LeaderElection.java:askForVotes(182)) - 4df03a29-c5ad-4e89-af92-e85e0e749186@group-E358126F0CCF:LeaderElection17: begin an election at term 1 for -1: [4df03a29-c5ad-4e89-af92-e85e0e749186:192.168.164.238:44045], old=null
2019-09-26 13:14:10,072 [ForkJoinPool.commonPool-worker-1] INFO  segmented.SegmentedRaftLogWorker (SegmentedRaftLogWorker.java:close(228)) - ac8be7af-2201-47bb-9c92-ad25922e5522@group-3AC93D609CBE-SegmentedRaftLogWorker close()
2019-09-26 13:14:10,073 [4df03a29-c5ad-4e89-af92-e85e0e749186@group-E358126F0CCF:LeaderElection17] INFO  impl.RoleInfo (RoleInfo.java:shutdownLeaderElection(134)) - 4df03a29-c5ad-4e89-af92-e85e0e749186: shutdown LeaderElection
2019-09-26 13:14:10,073 [main] INFO  impl.StateMachineUpdater (StateMachineUpdater.java:stopAndJoin(125)) - 14ea3107-d91f-437f-ad5f-c829a9f29dfc@group-0AE2E89A81FD-StateMachineUpdater: set stopIndex = 0
2019-09-26 13:14:10,074 [4df03a29-c5ad-4e89-af92-e85e0e749186@group-E358126F0CCF:LeaderElection17] INFO  impl.RaftServerImpl (RaftServerImpl.java:setRole(174)) - 4df03a29-c5ad-4e89-af92-e85e0e749186@group-E358126F0CCF: changes role from CANDIDATE to LEADER at term 1 for changeToLeader
2019-09-26 13:14:10,074 [main] INFO  impl.RaftServerImpl (ServerState.java:close(385)) - 14ea3107-d91f-437f-ad5f-c829a9f29dfc@group-0AE2E89A81FD: closes. applyIndex: 0
2019-09-26 13:14:10,074 [ForkJoinPool.commonPool-worker-1] INFO  server.GrpcService (GrpcService.java:closeImpl(164)) - ac8be7af-2201-47bb-9c92-ad25922e5522: shutdown server with port 45961 now
2019-09-26 13:14:10,074 [ac8be7af-2201-47bb-9c92-ad25922e5522@group-1F54C5BC0F74:LeaderElection18] INFO  impl.LeaderElection (LogUtils.java:infoOrTrace(149)) - Failed ac8be7af-2201-47bb-9c92-ad25922e5522@group-1F54C5BC0F74:LeaderElection18, state=CLOSING: {}
java.lang.IllegalArgumentException: ac8be7af-2201-47bb-9c92-ad25922e5522@group-1F54C5BC0F74-SegmentedRaftLog is expected to be opened but it is CLOSED
	at org.apache.ratis.util.OpenCloseState.assertOpen(OpenCloseState.java:63)
	at org.apache.ratis.server.raftlog.RaftLog.checkLogState(RaftLog.java:102)
	at org.apache.ratis.server.raftlog.segmented.SegmentedRaftLog.getLastEntryTermIndex(SegmentedRaftLog.java:324)
	at org.apache.ratis.server.impl.LeaderElection.askForVotes(LeaderElection.java:184)
	at org.apache.ratis.server.impl.LeaderElection.run(LeaderElection.java:133)
	at java.lang.Thread.run(Thread.java:748)
Caused by: org.apache.ratis.util.OpenCloseState$CloseTrace: Close ac8be7af-2201-47bb-9c92-ad25922e5522@group-1F54C5BC0F74-SegmentedRaftLog
	at org.apache.ratis.util.OpenCloseState.lambda$close$1(OpenCloseState.java:109)
	at java.util.concurrent.atomic.AtomicReference.getAndUpdate(AtomicReference.java:160)
	at org.apache.ratis.util.OpenCloseState.close(OpenCloseState.java:109)
	at org.apache.ratis.server.raftlog.RaftLog.close(RaftLog.java:437)
	at org.apache.ratis.server.raftlog.segmented.SegmentedRaftLog.close(SegmentedRaftLog.java:476)
	at org.apache.ratis.server.impl.ServerState.close(ServerState.java:387)
	at org.apache.ratis.server.impl.RaftServerImpl.lambda$shutdown$3(RaftServerImpl.java:273)
	at org.apache.ratis.util.LifeCycle.lambda$checkStateAndClose$2(LifeCycle.java:231)
	at org.apache.ratis.util.LifeCycle.checkStateAndClose(LifeCycle.java:251)
	at org.apache.ratis.util.LifeCycle.checkStateAndClose(LifeCycle.java:229)
	at org.apache.ratis.server.impl.RaftServerImpl.shutdown(RaftServerImpl.java:250)
	at org.apache.ratis.server.impl.RaftServerProxy$ImplMap.lambda$close$0(RaftServerProxy.java:107)
	at java.util.stream.ForEachOps$ForEachOp$OfRef.accept(ForEachOps.java:184)
	at java.util.stream.ReferencePipeline$3$1.accept(ReferencePipeline.java:193)
	at java.util.concurrent.ConcurrentHashMap$ValueSpliterator.forEachRemaining(ConcurrentHashMap.java:3566)
	at java.util.stream.AbstractPipeline.copyInto(AbstractPipeline.java:482)
	at java.util.stream.ForEachOps$ForEachTask.compute(ForEachOps.java:291)
	at java.util.concurrent.CountedCompleter.exec(CountedCompleter.java:731)
	at java.util.concurrent.ForkJoinTask.doExec(ForkJoinTask.java:289)
	at java.util.concurrent.ForkJoinPool.helpComplete(ForkJoinPool.java:1870)
	at java.util.concurrent.ForkJoinPool.awaitJoin(ForkJoinPool.java:2045)
	at java.util.concurrent.ForkJoinTask.doInvoke(ForkJoinTask.java:404)
	at java.util.concurrent.ForkJoinTask.invoke(ForkJoinTask.java:734)
	at java.util.stream.ForEachOps$ForEachOp.evaluateParallel(ForEachOps.java:160)
	at java.util.stream.ForEachOps$ForEachOp$OfRef.evaluateParallel(ForEachOps.java:174)
	at java.util.stream.AbstractPipeline.evaluate(AbstractPipeline.java:233)
	at java.util.stream.ReferencePipeline.forEach(ReferencePipeline.java:418)
	at org.apache.ratis.server.impl.RaftServerProxy$ImplMap.close(RaftServerProxy.java:107)
	at org.apache.ratis.server.impl.RaftServerProxy.lambda$close$4(RaftServerProxy.java:315)
	at org.apache.ratis.util.LifeCycle.lambda$checkStateAndClose$2(LifeCycle.java:231)
	at org.apache.ratis.util.LifeCycle.checkStateAndClose(LifeCycle.java:251)
	at org.apache.ratis.util.LifeCycle.checkStateAndClose(LifeCycle.java:229)
	at org.apache.ratis.server.impl.RaftServerProxy.close(RaftServerProxy.java:313)
	at org.apache.hadoop.ozone.container.common.transport.server.ratis.XceiverServerRatis.stop(XceiverServerRatis.java:441)
	at org.apache.hadoop.ozone.container.ozoneimpl.OzoneContainer.stop(OzoneContainer.java:233)
	at org.apache.hadoop.ozone.container.common.statemachine.DatanodeStateMachine.close(DatanodeStateMachine.java:270)
	at org.apache.hadoop.ozone.container.common.statemachine.DatanodeStateMachine.stopDaemon(DatanodeStateMachine.java:394)
	at org.apache.hadoop.ozone.HddsDatanodeService.stop(HddsDatanodeService.java:457)
	at org.apache.hadoop.ozone.MiniOzoneClusterImpl.stopDatanode(MiniOzoneClusterImpl.java:385)
	at java.util.stream.ForEachOps$ForEachOp$OfRef.accept(ForEachOps.java:184)
	at java.util.ArrayList$ArrayListSpliterator.forEachRemaining(ArrayList.java:1382)
	at java.util.stream.AbstractPipeline.copyInto(AbstractPipeline.java:482)
	at java.util.stream.ForEachOps$ForEachTask.compute(ForEachOps.java:291)
	at java.util.concurrent.CountedCompleter.exec(CountedCompleter.java:731)
	at java.util.concurrent.ForkJoinTask.doExec(ForkJoinTask.java:289)
	at java.util.concurrent.ForkJoinPool$WorkQueue.runTask(ForkJoinPool.java:1056)
	at java.util.concurrent.ForkJoinPool.runWorker(ForkJoinPool.java:1692)
	at java.util.concurrent.ForkJoinWorkerThread.run(ForkJoinWorkerThread.java:157)
2019-09-26 13:14:10,076 [ac8be7af-2201-47bb-9c92-ad25922e5522@group-1F54C5BC0F74:LeaderElection18] INFO  impl.LeaderElection (LeaderElection.java:run(140)) - ac8be7af-2201-47bb-9c92-ad25922e5522@group-1F54C5BC0F74:LeaderElection18: IllegalArgumentException is safely ignored since this is already CLOSING
2019-09-26 13:14:10,074 [4df03a29-c5ad-4e89-af92-e85e0e749186@group-E358126F0CCF:LeaderElection17] INFO  impl.RaftServerImpl (ServerState.java:setLeader(253)) - 4df03a29-c5ad-4e89-af92-e85e0e749186@group-E358126F0CCF: change Leader from null to 4df03a29-c5ad-4e89-af92-e85e0e749186 at term 1 for becomeLeader, leader elected after 5138ms
2019-09-26 13:14:10,075 [14ea3107-d91f-437f-ad5f-c829a9f29dfc@group-0AE2E89A81FD-SegmentedRaftLogWorker] INFO  segmented.SegmentedRaftLogWorker (SegmentedRaftLogWorker.java:run(313)) - 14ea3107-d91f-437f-ad5f-c829a9f29dfc@group-0AE2E89A81FD-SegmentedRaftLogWorker was interrupted, exiting. There are 0 tasks remaining in the queue.
2019-09-26 13:14:10,077 [4df03a29-c5ad-4e89-af92-e85e0e749186@group-E358126F0CCF:LeaderElection17] INFO  server.RaftServerConfigKeys (ConfUtils.java:logGet(43)) - raft.server.staging.catchup.gap = 1000 (default)
2019-09-26 13:14:10,077 [main] INFO  segmented.SegmentedRaftLogWorker (SegmentedRaftLogWorker.java:close(228)) - 14ea3107-d91f-437f-ad5f-c829a9f29dfc@group-0AE2E89A81FD-SegmentedRaftLogWorker close()
2019-09-26 13:14:10,078 [ForkJoinPool.commonPool-worker-1] INFO  server.GrpcService (GrpcService.java:closeImpl(172)) - ac8be7af-2201-47bb-9c92-ad25922e5522: shutdown server with port 45961 successfully
2019-09-26 13:14:10,078 [4df03a29-c5ad-4e89-af92-e85e0e749186@group-E358126F0CCF:LeaderElection17] INFO  server.RaftServerConfigKeys (ConfUtils.java:logGet(43)) - raft.server.rpc.sleep.time = 25ms (default)
2019-09-26 13:14:10,079 [main] INFO  server.GrpcService (GrpcService.java:closeImpl(164)) - 14ea3107-d91f-437f-ad5f-c829a9f29dfc: shutdown server with port 43234 now
2019-09-26 13:14:10,079 [4df03a29-c5ad-4e89-af92-e85e0e749186@group-E358126F0CCF:LeaderElection17] INFO  server.RaftServerConfigKeys (ConfUtils.java:logGet(43)) - raft.server.write.element-limit = 4096 (default)
2019-09-26 13:14:10,080 [main] INFO  server.GrpcService (GrpcService.java:closeImpl(172)) - 14ea3107-d91f-437f-ad5f-c829a9f29dfc: shutdown server with port 43234 successfully
2019-09-26 13:14:10,080 [4df03a29-c5ad-4e89-af92-e85e0e749186@group-E358126F0CCF:LeaderElection17] INFO  server.RaftServerConfigKeys (ConfUtils.java:logGet(43)) - raft.server.watch.timeout = 10s (default)
2019-09-26 13:14:10,081 [4df03a29-c5ad-4e89-af92-e85e0e749186@group-E358126F0CCF:LeaderElection17] INFO  server.RaftServerConfigKeys (ConfUtils.java:logGet(43)) - raft.server.watch.timeout.denomination = 1s (default)
2019-09-26 13:14:10,081 [4df03a29-c5ad-4e89-af92-e85e0e749186@group-E358126F0CCF:LeaderElection17] INFO  server.RaftServerConfigKeys (ConfUtils.java:logGet(43)) - raft.server.watch.element-limit = 65536 (default)
2019-09-26 13:14:10,082 [refreshUsed-/workdir/hadoop-ozone/integration-test/target/test-dir/MiniOzoneClusterImpl-ed2f9e77-5d43-4f59-afa0-64bc0fdbaca5/datanode-0/data/containers] WARN  fs.CachingGetSpaceUsed (CachingGetSpaceUsed.java:run(183)) - Thread Interrupted waiting to refresh disk information: sleep interrupted
2019-09-26 13:14:10,088 [refreshUsed-/workdir/hadoop-ozone/integration-test/target/test-dir/MiniOzoneClusterImpl-ed2f9e77-5d43-4f59-afa0-64bc0fdbaca5/datanode-1/data/containers] WARN  fs.CachingGetSpaceUsed (CachingGetSpaceUsed.java:run(183)) - Thread Interrupted waiting to refresh disk information: sleep interrupted
2019-09-26 13:14:10,090 [4df03a29-c5ad-4e89-af92-e85e0e749186@group-E358126F0CCF:LeaderElection17] INFO  impl.RoleInfo (RoleInfo.java:updateAndGet(143)) - 4df03a29-c5ad-4e89-af92-e85e0e749186: start LeaderState
2019-09-26 13:14:10,090 [4df03a29-c5ad-4e89-af92-e85e0e749186@group-E358126F0CCF:LeaderElection17] INFO  segmented.SegmentedRaftLogWorker (SegmentedRaftLogWorker.java:startLogSegment(380)) - 4df03a29-c5ad-4e89-af92-e85e0e749186@group-E358126F0CCF-SegmentedRaftLogWorker: Starting segment from index:0
2019-09-26 13:14:10,091 [4df03a29-c5ad-4e89-af92-e85e0e749186@group-E358126F0CCF:LeaderElection17] INFO  impl.RaftServerImpl (ServerState.java:setRaftConf(354)) - 4df03a29-c5ad-4e89-af92-e85e0e749186@group-E358126F0CCF: set configuration 0: [4df03a29-c5ad-4e89-af92-e85e0e749186:192.168.164.238:44045], old=null at 0
2019-09-26 13:14:10,129 [4df03a29-c5ad-4e89-af92-e85e0e749186@group-E358126F0CCF-SegmentedRaftLogWorker] INFO  segmented.SegmentedRaftLogWorker (SegmentedRaftLogWorker.java:execute(569)) - 4df03a29-c5ad-4e89-af92-e85e0e749186@group-E358126F0CCF-SegmentedRaftLogWorker: created new log segment /workdir/hadoop-ozone/integration-test/target/test-dir/MiniOzoneClusterImpl-ed2f9e77-5d43-4f59-afa0-64bc0fdbaca5/datanode-2/data/ratis/984342e1-ede5-45fd-8957-e358126f0ccf/current/log_inprogress_0
2019-09-26 13:14:10,133 [main] INFO  utils.BackgroundService (BackgroundService.java:shutdown(148)) - Shutting down service BlockDeletingService
2019-09-26 13:14:10,134 [ForkJoinPool.commonPool-worker-1] INFO  utils.BackgroundService (BackgroundService.java:shutdown(148)) - Shutting down service BlockDeletingService
2019-09-26 13:14:10,137 [ForkJoinPool.commonPool-worker-1] INFO  statemachine.DatanodeStateMachine (DatanodeStateMachine.java:stopDaemon(395)) - Ozone container server stopped.
2019-09-26 13:14:10,137 [main] INFO  statemachine.DatanodeStateMachine (DatanodeStateMachine.java:stopDaemon(395)) - Ozone container server stopped.
2019-09-26 13:14:10,140 [ForkJoinPool.commonPool-worker-1] INFO  handler.ContextHandler (ContextHandler.java:doStop(910)) - Stopped o.e.j.w.WebAppContext@3c5dbdf8{/,null,UNAVAILABLE}{/hddsDatanode}
2019-09-26 13:14:10,140 [main] INFO  handler.ContextHandler (ContextHandler.java:doStop(910)) - Stopped o.e.j.w.WebAppContext@1422ac7f{/,null,UNAVAILABLE}{/hddsDatanode}
2019-09-26 13:14:10,141 [ForkJoinPool.commonPool-worker-1] INFO  server.AbstractConnector (AbstractConnector.java:doStop(318)) - Stopped ServerConnector@352c44a8{HTTP/1.1,[http/1.1]}{0.0.0.0:0}
2019-09-26 13:14:10,141 [main] INFO  server.AbstractConnector (AbstractConnector.java:doStop(318)) - Stopped ServerConnector@5e519ad3{HTTP/1.1,[http/1.1]}{0.0.0.0:0}
2019-09-26 13:14:10,142 [ForkJoinPool.commonPool-worker-1] INFO  handler.ContextHandler (ContextHandler.java:doStop(910)) - Stopped o.e.j.s.ServletContextHandler@433348bc{/static,jar:file:/home/user/.m2/repository/org/apache/hadoop/hadoop-hdds-container-service/0.5.0-SNAPSHOT/hadoop-hdds-container-service-0.5.0-SNAPSHOT.jar!/webapps/static,UNAVAILABLE}
2019-09-26 13:14:10,143 [main] INFO  handler.ContextHandler (ContextHandler.java:doStop(910)) - Stopped o.e.j.s.ServletContextHandler@277b8fa4{/static,jar:file:/home/user/.m2/repository/org/apache/hadoop/hadoop-hdds-container-service/0.5.0-SNAPSHOT/hadoop-hdds-container-service-0.5.0-SNAPSHOT.jar!/webapps/static,UNAVAILABLE}
2019-09-26 13:14:10,143 [ForkJoinPool.commonPool-worker-1] INFO  handler.ContextHandler (ContextHandler.java:doStop(910)) - Stopped o.e.j.s.ServletContextHandler@5fa23c{/logs,file:///workdir/hadoop-ozone/integration-test/target/log,UNAVAILABLE}
2019-09-26 13:14:10,143 [main] INFO  handler.ContextHandler (ContextHandler.java:doStop(910)) - Stopped o.e.j.s.ServletContextHandler@625d9132{/logs,file:///workdir/hadoop-ozone/integration-test/target/log,UNAVAILABLE}
2019-09-26 13:14:10,957 [Datanode State Machine Thread - 0] INFO  statemachine.DatanodeStateMachine (DatanodeStateMachine.java:lambda$startDaemon$0(350)) - Ozone container server started.
2019-09-26 13:14:15,145 [ForkJoinPool.commonPool-worker-1] INFO  ozoneimpl.OzoneContainer (OzoneContainer.java:stop(231)) - Attempting to stop container services.
2019-09-26 13:14:15,145 [ForkJoinPool.commonPool-worker-1] INFO  impl.RaftServerProxy (RaftServerProxy.java:lambda$close$4(314)) - 4df03a29-c5ad-4e89-af92-e85e0e749186: close
2019-09-26 13:14:15,146 [ForkJoinPool.commonPool-worker-1] INFO  impl.RaftServerImpl (RaftServerImpl.java:lambda$shutdown$3(251)) - 4df03a29-c5ad-4e89-af92-e85e0e749186@group-E358126F0CCF: shutdown
2019-09-26 13:14:15,146 [ForkJoinPool.commonPool-worker-1] INFO  util.JmxRegister (JmxRegister.java:unregister(73)) - Successfully un-registered JMX Bean with object name Ratis:service=RaftServer,group=group-E358126F0CCF,id=4df03a29-c5ad-4e89-af92-e85e0e749186
2019-09-26 13:14:15,146 [ForkJoinPool.commonPool-worker-1] INFO  impl.RoleInfo (RoleInfo.java:shutdownLeaderState(104)) - 4df03a29-c5ad-4e89-af92-e85e0e749186: shutdown LeaderState
2019-09-26 13:14:15,147 [ForkJoinPool.commonPool-worker-1] INFO  impl.PendingRequests (PendingRequests.java:sendNotLeaderResponses(202)) - 4df03a29-c5ad-4e89-af92-e85e0e749186-PendingRequests: sendNotLeaderResponses
2019-09-26 13:14:15,147 [ForkJoinPool.commonPool-worker-1] INFO  impl.StateMachineUpdater (StateMachineUpdater.java:stopAndJoin(125)) - 4df03a29-c5ad-4e89-af92-e85e0e749186@group-E358126F0CCF-StateMachineUpdater: set stopIndex = 0
2019-09-26 13:14:15,148 [ForkJoinPool.commonPool-worker-1] INFO  impl.RaftServerImpl (ServerState.java:close(385)) - 4df03a29-c5ad-4e89-af92-e85e0e749186@group-E358126F0CCF: closes. applyIndex: 0
2019-09-26 13:14:15,148 [4df03a29-c5ad-4e89-af92-e85e0e749186@group-E358126F0CCF-SegmentedRaftLogWorker] INFO  segmented.SegmentedRaftLogWorker (SegmentedRaftLogWorker.java:run(313)) - 4df03a29-c5ad-4e89-af92-e85e0e749186@group-E358126F0CCF-SegmentedRaftLogWorker was interrupted, exiting. There are 0 tasks remaining in the queue.
2019-09-26 13:14:15,150 [ForkJoinPool.commonPool-worker-1] INFO  segmented.SegmentedRaftLogWorker (SegmentedRaftLogWorker.java:close(228)) - 4df03a29-c5ad-4e89-af92-e85e0e749186@group-E358126F0CCF-SegmentedRaftLogWorker close()
2019-09-26 13:14:15,151 [ForkJoinPool.commonPool-worker-1] INFO  impl.RaftServerImpl (RaftServerImpl.java:lambda$shutdown$3(251)) - 4df03a29-c5ad-4e89-af92-e85e0e749186@group-A9B152752091: shutdown
2019-09-26 13:14:15,152 [ForkJoinPool.commonPool-worker-1] INFO  util.JmxRegister (JmxRegister.java:unregister(73)) - Successfully un-registered JMX Bean with object name Ratis:service=RaftServer,group=group-A9B152752091,id=4df03a29-c5ad-4e89-af92-e85e0e749186
2019-09-26 13:14:15,152 [ForkJoinPool.commonPool-worker-1] INFO  impl.RoleInfo (RoleInfo.java:shutdownLeaderState(104)) - 4df03a29-c5ad-4e89-af92-e85e0e749186: shutdown LeaderState
2019-09-26 13:14:15,152 [ForkJoinPool.commonPool-worker-1] INFO  impl.PendingRequests (PendingRequests.java:sendNotLeaderResponses(202)) - 4df03a29-c5ad-4e89-af92-e85e0e749186-PendingRequests: sendNotLeaderResponses
2019-09-26 13:14:15,152 [ForkJoinPool.commonPool-worker-1] INFO  impl.StateMachineUpdater (StateMachineUpdater.java:stopAndJoin(125)) - 4df03a29-c5ad-4e89-af92-e85e0e749186@group-A9B152752091-StateMachineUpdater: set stopIndex = 0
2019-09-26 13:14:15,153 [ForkJoinPool.commonPool-worker-1] INFO  impl.RaftServerImpl (ServerState.java:close(385)) - 4df03a29-c5ad-4e89-af92-e85e0e749186@group-A9B152752091: closes. applyIndex: 0
2019-09-26 13:14:15,153 [4df03a29-c5ad-4e89-af92-e85e0e749186@group-A9B152752091-SegmentedRaftLogWorker] INFO  segmented.SegmentedRaftLogWorker (SegmentedRaftLogWorker.java:run(313)) - 4df03a29-c5ad-4e89-af92-e85e0e749186@group-A9B152752091-SegmentedRaftLogWorker was interrupted, exiting. There are 0 tasks remaining in the queue.
2019-09-26 13:14:15,155 [ForkJoinPool.commonPool-worker-1] INFO  segmented.SegmentedRaftLogWorker (SegmentedRaftLogWorker.java:close(228)) - 4df03a29-c5ad-4e89-af92-e85e0e749186@group-A9B152752091-SegmentedRaftLogWorker close()
2019-09-26 13:14:15,156 [ForkJoinPool.commonPool-worker-1] INFO  impl.RaftServerImpl (RaftServerImpl.java:lambda$shutdown$3(251)) - 4df03a29-c5ad-4e89-af92-e85e0e749186@group-C97FD57289DA: shutdown
2019-09-26 13:14:15,156 [ForkJoinPool.commonPool-worker-1] INFO  util.JmxRegister (JmxRegister.java:unregister(73)) - Successfully un-registered JMX Bean with object name Ratis:service=RaftServer,group=group-C97FD57289DA,id=4df03a29-c5ad-4e89-af92-e85e0e749186
2019-09-26 13:14:15,156 [ForkJoinPool.commonPool-worker-1] INFO  impl.RoleInfo (RoleInfo.java:shutdownLeaderState(104)) - 4df03a29-c5ad-4e89-af92-e85e0e749186: shutdown LeaderState
2019-09-26 13:14:15,156 [ForkJoinPool.commonPool-worker-1] INFO  impl.PendingRequests (PendingRequests.java:sendNotLeaderResponses(202)) - 4df03a29-c5ad-4e89-af92-e85e0e749186-PendingRequests: sendNotLeaderResponses
2019-09-26 13:14:15,157 [ForkJoinPool.commonPool-worker-1] INFO  impl.StateMachineUpdater (StateMachineUpdater.java:stopAndJoin(125)) - 4df03a29-c5ad-4e89-af92-e85e0e749186@group-C97FD57289DA-StateMachineUpdater: set stopIndex = 0
2019-09-26 13:14:15,157 [ForkJoinPool.commonPool-worker-1] INFO  impl.RaftServerImpl (ServerState.java:close(385)) - 4df03a29-c5ad-4e89-af92-e85e0e749186@group-C97FD57289DA: closes. applyIndex: 0
2019-09-26 13:14:15,157 [4df03a29-c5ad-4e89-af92-e85e0e749186@group-C97FD57289DA-SegmentedRaftLogWorker] INFO  segmented.SegmentedRaftLogWorker (SegmentedRaftLogWorker.java:run(313)) - 4df03a29-c5ad-4e89-af92-e85e0e749186@group-C97FD57289DA-SegmentedRaftLogWorker was interrupted, exiting. There are 0 tasks remaining in the queue.
2019-09-26 13:14:15,158 [ForkJoinPool.commonPool-worker-1] INFO  segmented.SegmentedRaftLogWorker (SegmentedRaftLogWorker.java:close(228)) - 4df03a29-c5ad-4e89-af92-e85e0e749186@group-C97FD57289DA-SegmentedRaftLogWorker close()
2019-09-26 13:14:15,159 [ForkJoinPool.commonPool-worker-1] INFO  impl.RaftServerImpl (RaftServerImpl.java:lambda$shutdown$3(251)) - 4df03a29-c5ad-4e89-af92-e85e0e749186@group-98FFD98FB4F9: shutdown
2019-09-26 13:14:15,159 [ForkJoinPool.commonPool-worker-1] INFO  util.JmxRegister (JmxRegister.java:unregister(73)) - Successfully un-registered JMX Bean with object name Ratis:service=RaftServer,group=group-98FFD98FB4F9,id=4df03a29-c5ad-4e89-af92-e85e0e749186
2019-09-26 13:14:15,159 [ForkJoinPool.commonPool-worker-1] INFO  impl.RoleInfo (RoleInfo.java:shutdownLeaderState(104)) - 4df03a29-c5ad-4e89-af92-e85e0e749186: shutdown LeaderState
2019-09-26 13:14:15,159 [ForkJoinPool.commonPool-worker-1] INFO  impl.PendingRequests (PendingRequests.java:sendNotLeaderResponses(202)) - 4df03a29-c5ad-4e89-af92-e85e0e749186-PendingRequests: sendNotLeaderResponses
2019-09-26 13:14:15,160 [ForkJoinPool.commonPool-worker-1] INFO  impl.StateMachineUpdater (StateMachineUpdater.java:stopAndJoin(125)) - 4df03a29-c5ad-4e89-af92-e85e0e749186@group-98FFD98FB4F9-StateMachineUpdater: set stopIndex = 0
2019-09-26 13:14:15,160 [ForkJoinPool.commonPool-worker-1] INFO  impl.RaftServerImpl (ServerState.java:close(385)) - 4df03a29-c5ad-4e89-af92-e85e0e749186@group-98FFD98FB4F9: closes. applyIndex: 0
2019-09-26 13:14:15,161 [4df03a29-c5ad-4e89-af92-e85e0e749186@group-98FFD98FB4F9-SegmentedRaftLogWorker] INFO  segmented.SegmentedRaftLogWorker (SegmentedRaftLogWorker.java:run(313)) - 4df03a29-c5ad-4e89-af92-e85e0e749186@group-98FFD98FB4F9-SegmentedRaftLogWorker was interrupted, exiting. There are 0 tasks remaining in the queue.
2019-09-26 13:14:15,161 [ForkJoinPool.commonPool-worker-1] INFO  segmented.SegmentedRaftLogWorker (SegmentedRaftLogWorker.java:close(228)) - 4df03a29-c5ad-4e89-af92-e85e0e749186@group-98FFD98FB4F9-SegmentedRaftLogWorker close()
2019-09-26 13:14:15,162 [ForkJoinPool.commonPool-worker-1] INFO  impl.RaftServerImpl (RaftServerImpl.java:lambda$shutdown$3(251)) - 4df03a29-c5ad-4e89-af92-e85e0e749186@group-9D8A31E69910: shutdown
2019-09-26 13:14:15,162 [ForkJoinPool.commonPool-worker-1] INFO  util.JmxRegister (JmxRegister.java:unregister(73)) - Successfully un-registered JMX Bean with object name Ratis:service=RaftServer,group=group-9D8A31E69910,id=4df03a29-c5ad-4e89-af92-e85e0e749186
2019-09-26 13:14:15,162 [ForkJoinPool.commonPool-worker-1] INFO  impl.RoleInfo (RoleInfo.java:shutdownLeaderState(104)) - 4df03a29-c5ad-4e89-af92-e85e0e749186: shutdown LeaderState
2019-09-26 13:14:15,162 [ForkJoinPool.commonPool-worker-1] INFO  impl.PendingRequests (PendingRequests.java:sendNotLeaderResponses(202)) - 4df03a29-c5ad-4e89-af92-e85e0e749186-PendingRequests: sendNotLeaderResponses
2019-09-26 13:14:15,163 [ForkJoinPool.commonPool-worker-1] INFO  impl.StateMachineUpdater (StateMachineUpdater.java:stopAndJoin(125)) - 4df03a29-c5ad-4e89-af92-e85e0e749186@group-9D8A31E69910-StateMachineUpdater: set stopIndex = 0
2019-09-26 13:14:15,163 [ForkJoinPool.commonPool-worker-1] INFO  impl.RaftServerImpl (ServerState.java:close(385)) - 4df03a29-c5ad-4e89-af92-e85e0e749186@group-9D8A31E69910: closes. applyIndex: 0
2019-09-26 13:14:15,163 [4df03a29-c5ad-4e89-af92-e85e0e749186@group-9D8A31E69910-SegmentedRaftLogWorker] INFO  segmented.SegmentedRaftLogWorker (SegmentedRaftLogWorker.java:run(313)) - 4df03a29-c5ad-4e89-af92-e85e0e749186@group-9D8A31E69910-SegmentedRaftLogWorker was interrupted, exiting. There are 0 tasks remaining in the queue.
2019-09-26 13:14:15,164 [ForkJoinPool.commonPool-worker-1] INFO  segmented.SegmentedRaftLogWorker (SegmentedRaftLogWorker.java:close(228)) - 4df03a29-c5ad-4e89-af92-e85e0e749186@group-9D8A31E69910-SegmentedRaftLogWorker close()
2019-09-26 13:14:15,165 [ForkJoinPool.commonPool-worker-1] INFO  impl.RaftServerImpl (RaftServerImpl.java:lambda$shutdown$3(251)) - 4df03a29-c5ad-4e89-af92-e85e0e749186@group-93C74BFB84E1: shutdown
2019-09-26 13:14:15,165 [ForkJoinPool.commonPool-worker-1] INFO  util.JmxRegister (JmxRegister.java:unregister(73)) - Successfully un-registered JMX Bean with object name Ratis:service=RaftServer,group=group-93C74BFB84E1,id=4df03a29-c5ad-4e89-af92-e85e0e749186
2019-09-26 13:14:15,165 [ForkJoinPool.commonPool-worker-1] INFO  impl.RoleInfo (RoleInfo.java:shutdownLeaderState(104)) - 4df03a29-c5ad-4e89-af92-e85e0e749186: shutdown LeaderState
2019-09-26 13:14:15,165 [ForkJoinPool.commonPool-worker-1] INFO  impl.PendingRequests (PendingRequests.java:sendNotLeaderResponses(202)) - 4df03a29-c5ad-4e89-af92-e85e0e749186-PendingRequests: sendNotLeaderResponses
2019-09-26 13:14:15,166 [ForkJoinPool.commonPool-worker-1] INFO  impl.StateMachineUpdater (StateMachineUpdater.java:stopAndJoin(125)) - 4df03a29-c5ad-4e89-af92-e85e0e749186@group-93C74BFB84E1-StateMachineUpdater: set stopIndex = 0
2019-09-26 13:14:15,166 [ForkJoinPool.commonPool-worker-1] INFO  impl.RaftServerImpl (ServerState.java:close(385)) - 4df03a29-c5ad-4e89-af92-e85e0e749186@group-93C74BFB84E1: closes. applyIndex: 0
2019-09-26 13:14:15,166 [4df03a29-c5ad-4e89-af92-e85e0e749186@group-93C74BFB84E1-SegmentedRaftLogWorker] INFO  segmented.SegmentedRaftLogWorker (SegmentedRaftLogWorker.java:run(313)) - 4df03a29-c5ad-4e89-af92-e85e0e749186@group-93C74BFB84E1-SegmentedRaftLogWorker was interrupted, exiting. There are 0 tasks remaining in the queue.
2019-09-26 13:14:15,167 [ForkJoinPool.commonPool-worker-1] INFO  segmented.SegmentedRaftLogWorker (SegmentedRaftLogWorker.java:close(228)) - 4df03a29-c5ad-4e89-af92-e85e0e749186@group-93C74BFB84E1-SegmentedRaftLogWorker close()
2019-09-26 13:14:15,167 [ForkJoinPool.commonPool-worker-1] INFO  server.GrpcService (GrpcService.java:closeImpl(164)) - 4df03a29-c5ad-4e89-af92-e85e0e749186: shutdown server with port 44045 now
2019-09-26 13:14:15,169 [ForkJoinPool.commonPool-worker-1] INFO  server.GrpcService (GrpcService.java:closeImpl(172)) - 4df03a29-c5ad-4e89-af92-e85e0e749186: shutdown server with port 44045 successfully
2019-09-26 13:14:15,172 [refreshUsed-/workdir/hadoop-ozone/integration-test/target/test-dir/MiniOzoneClusterImpl-ed2f9e77-5d43-4f59-afa0-64bc0fdbaca5/datanode-2/data/containers] WARN  fs.CachingGetSpaceUsed (CachingGetSpaceUsed.java:run(183)) - Thread Interrupted waiting to refresh disk information: sleep interrupted
2019-09-26 13:14:15,192 [ForkJoinPool.commonPool-worker-1] INFO  utils.BackgroundService (BackgroundService.java:shutdown(148)) - Shutting down service BlockDeletingService
2019-09-26 13:14:15,194 [ForkJoinPool.commonPool-worker-1] INFO  statemachine.DatanodeStateMachine (DatanodeStateMachine.java:stopDaemon(395)) - Ozone container server stopped.
2019-09-26 13:14:15,197 [ForkJoinPool.commonPool-worker-1] INFO  handler.ContextHandler (ContextHandler.java:doStop(910)) - Stopped o.e.j.w.WebAppContext@fc807c1{/,null,UNAVAILABLE}{/hddsDatanode}
2019-09-26 13:14:15,198 [ForkJoinPool.commonPool-worker-1] INFO  server.AbstractConnector (AbstractConnector.java:doStop(318)) - Stopped ServerConnector@296e281a{HTTP/1.1,[http/1.1]}{0.0.0.0:0}
2019-09-26 13:14:15,199 [ForkJoinPool.commonPool-worker-1] INFO  handler.ContextHandler (ContextHandler.java:doStop(910)) - Stopped o.e.j.s.ServletContextHandler@4d95a72e{/static,jar:file:/home/user/.m2/repository/org/apache/hadoop/hadoop-hdds-container-service/0.5.0-SNAPSHOT/hadoop-hdds-container-service-0.5.0-SNAPSHOT.jar!/webapps/static,UNAVAILABLE}
2019-09-26 13:14:15,200 [ForkJoinPool.commonPool-worker-1] INFO  handler.ContextHandler (ContextHandler.java:doStop(910)) - Stopped o.e.j.s.ServletContextHandler@44536de4{/logs,file:///workdir/hadoop-ozone/integration-test/target/log,UNAVAILABLE}
2019-09-26 13:14:15,201 [main] INFO  ozone.MiniOzoneClusterImpl (MiniOzoneClusterImpl.java:stopSCM(392)) - Stopping the StorageContainerManager
2019-09-26 13:14:15,201 [main] INFO  server.StorageContainerManager (StorageContainerManager.java:stop(808)) - Stopping Replication Manager Service.
2019-09-26 13:14:15,201 [main] INFO  container.ReplicationManager (ReplicationManager.java:stop(204)) - Stopping Replication Monitor Thread.
2019-09-26 13:14:15,201 [main] INFO  server.StorageContainerManager (StorageContainerManager.java:stop(815)) - Stopping Lease Manager of the command watchers
2019-09-26 13:14:15,202 [main] INFO  server.StorageContainerManager (StorageContainerManager.java:stop(822)) - Stopping datanode service RPC server
2019-09-26 13:14:15,202 [main] INFO  server.SCMDatanodeProtocolServer (SCMDatanodeProtocolServer.java:stop(367)) - Stopping the RPC server for DataNodes
2019-09-26 13:14:15,202 [main] INFO  ipc.Server (Server.java:stop(3082)) - Stopping server on 44534
2019-09-26 13:14:15,203 [IPC Server listener on 44534] INFO  ipc.Server (Server.java:run(1185)) - Stopping IPC Server listener on 44534
2019-09-26 13:14:15,203 [IPC Server Responder] INFO  ipc.Server (Server.java:run(1319)) - Stopping IPC Server Responder
2019-09-26 13:14:15,258 [SCM Heartbeat Processing Thread - 0] WARN  node.NodeStateManager (NodeStateManager.java:scheduleNextHealthCheck(655)) - Current Thread is interrupted, shutting down HB processing thread for Node Manager.
2019-09-26 13:14:15,258 [main] INFO  server.StorageContainerManager (StorageContainerManager.java:stop(830)) - Stopping block service RPC server
2019-09-26 13:14:15,259 [main] INFO  server.SCMBlockProtocolServer (SCMBlockProtocolServer.java:stop(155)) - Stopping the RPC server for Block Protocol
2019-09-26 13:14:15,259 [main] INFO  ipc.Server (Server.java:stop(3082)) - Stopping server on 34801
2019-09-26 13:14:15,260 [main] INFO  server.StorageContainerManager (StorageContainerManager.java:stop(837)) - Stopping the StorageContainerLocationProtocol RPC server
2019-09-26 13:14:15,260 [main] INFO  server.SCMClientProtocolServer (SCMClientProtocolServer.java:stop(159)) - Stopping the RPC server for Client Protocol
2019-09-26 13:14:15,260 [IPC Server Responder] INFO  ipc.Server (Server.java:run(1319)) - Stopping IPC Server Responder
2019-09-26 13:14:15,261 [main] INFO  ipc.Server (Server.java:stop(3082)) - Stopping server on 40485
2019-09-26 13:14:15,260 [IPC Server listener on 34801] INFO  ipc.Server (Server.java:run(1185)) - Stopping IPC Server listener on 34801
2019-09-26 13:14:15,262 [IPC Server listener on 40485] INFO  ipc.Server (Server.java:run(1185)) - Stopping IPC Server listener on 40485
2019-09-26 13:14:15,262 [main] INFO  server.StorageContainerManager (StorageContainerManager.java:stop(844)) - Stopping Storage Container Manager HTTP server.
2019-09-26 13:14:15,262 [IPC Server Responder] INFO  ipc.Server (Server.java:run(1319)) - Stopping IPC Server Responder
2019-09-26 13:14:15,263 [main] INFO  handler.ContextHandler (ContextHandler.java:doStop(910)) - Stopped o.e.j.w.WebAppContext@6928f576{/,null,UNAVAILABLE}{/scm}
2019-09-26 13:14:15,264 [main] INFO  server.AbstractConnector (AbstractConnector.java:doStop(318)) - Stopped ServerConnector@548e76f1{HTTP/1.1,[http/1.1]}{0.0.0.0:0}
2019-09-26 13:14:15,264 [main] INFO  handler.ContextHandler (ContextHandler.java:doStop(910)) - Stopped o.e.j.s.ServletContextHandler@3e821657{/static,file:///workdir/hadoop-ozone/integration-test/target/test-classes/webapps/static,UNAVAILABLE}
2019-09-26 13:14:15,264 [main] INFO  handler.ContextHandler (ContextHandler.java:doStop(910)) - Stopped o.e.j.s.ServletContextHandler@6b00f608{/logs,file:///workdir/hadoop-ozone/integration-test/target/log,UNAVAILABLE}
2019-09-26 13:14:15,266 [main] INFO  server.StorageContainerManager (StorageContainerManager.java:stop(855)) - Stopping Block Manager Service.
2019-09-26 13:14:15,266 [main] INFO  utils.BackgroundService (BackgroundService.java:shutdown(148)) - Shutting down service SCMBlockDeletingService
2019-09-26 13:14:15,266 [main] INFO  utils.BackgroundService (BackgroundService.java:shutdown(148)) - Shutting down service SCMBlockDeletingService
2019-09-26 13:14:15,267 [main] INFO  server.StorageContainerManager (StorageContainerManager.java:stop(877)) - Stopping SCM Event Queue.
2019-09-26 13:14:15,272 [main] INFO  impl.MetricsSystemImpl (MetricsSystemImpl.java:stop(210)) - Stopping ratis metrics system...
2019-09-26 13:14:15,280 [prometheus] INFO  impl.MetricsSinkAdapter (MetricsSinkAdapter.java:publishMetricsFromQueue(141)) - prometheus thread interrupted.
2019-09-26 13:14:15,280 [main] INFO  impl.MetricsSystemImpl (MetricsSystemImpl.java:stop(216)) - ratis metrics system stopped.
]]></system-out>
    <system-err><![CDATA[ERROR StatusLogger No Log4j 2 configuration file found. Using default configuration (logging only errors to the console), or user programmatically provided configurations. Set system property 'log4j2.debug' to show Log4j 2 internal initialization logging. See https://logging.apache.org/log4j/2.x/manual/configuration.html for instructions on how to configure Log4j 2
]]></system-err>
  </testcase>
  <testcase name="testPipelineCloseWithOpenContainer" classname="org.apache.hadoop.hdds.scm.pipeline.TestPipelineClose" time="16.709">
    <error message="Could not allocate container. Cannot get any matching pipeline for Type:RATIS, Factor:THREE, State:PipelineState.OPEN" type="java.io.IOException">java.io.IOException: Could not allocate container. Cannot get any matching pipeline for Type:RATIS, Factor:THREE, State:PipelineState.OPEN
	at org.apache.hadoop.hdds.scm.container.ContainerStateManager.allocateContainer(ContainerStateManager.java:260)
	at org.apache.hadoop.hdds.scm.container.SCMContainerManager.allocateContainer(SCMContainerManager.java:247)
	at org.apache.hadoop.hdds.scm.pipeline.TestPipelineClose.init(TestPipelineClose.java:92)
	at sun.reflect.NativeMethodAccessorImpl.invoke0(Native Method)
	at sun.reflect.NativeMethodAccessorImpl.invoke(NativeMethodAccessorImpl.java:62)
	at sun.reflect.DelegatingMethodAccessorImpl.invoke(DelegatingMethodAccessorImpl.java:43)
	at java.lang.reflect.Method.invoke(Method.java:498)
	at org.junit.runners.model.FrameworkMethod$1.runReflectiveCall(FrameworkMethod.java:47)
	at org.junit.internal.runners.model.ReflectiveCallable.run(ReflectiveCallable.java:12)
	at org.junit.runners.model.FrameworkMethod.invokeExplosively(FrameworkMethod.java:44)
	at org.junit.internal.runners.statements.RunBefores.evaluate(RunBefores.java:24)
	at org.junit.internal.runners.statements.RunAfters.evaluate(RunAfters.java:27)
	at org.junit.runners.ParentRunner.runLeaf(ParentRunner.java:271)
	at org.junit.runners.BlockJUnit4ClassRunner.runChild(BlockJUnit4ClassRunner.java:70)
	at org.junit.runners.BlockJUnit4ClassRunner.runChild(BlockJUnit4ClassRunner.java:50)
	at org.junit.runners.ParentRunner$3.run(ParentRunner.java:238)
	at org.junit.runners.ParentRunner$1.schedule(ParentRunner.java:63)
	at org.junit.runners.ParentRunner.runChildren(ParentRunner.java:236)
	at org.junit.runners.ParentRunner.access$000(ParentRunner.java:53)
	at org.junit.runners.ParentRunner$2.evaluate(ParentRunner.java:229)
	at org.junit.runners.ParentRunner.run(ParentRunner.java:309)
	at org.apache.maven.surefire.junit4.JUnit4Provider.execute(JUnit4Provider.java:365)
	at org.apache.maven.surefire.junit4.JUnit4Provider.executeWithRerun(JUnit4Provider.java:273)
	at org.apache.maven.surefire.junit4.JUnit4Provider.executeTestSet(JUnit4Provider.java:238)
	at org.apache.maven.surefire.junit4.JUnit4Provider.invoke(JUnit4Provider.java:159)
	at org.apache.maven.surefire.booter.ForkedBooter.invokeProviderInSameClassLoader(ForkedBooter.java:384)
	at org.apache.maven.surefire.booter.ForkedBooter.runSuitesInProcess(ForkedBooter.java:345)
	at org.apache.maven.surefire.booter.ForkedBooter.execute(ForkedBooter.java:126)
	at org.apache.maven.surefire.booter.ForkedBooter.main(ForkedBooter.java:418)
</error>
    <system-out><![CDATA[2019-09-26 13:14:15,360 [main] WARN  server.ServerUtils (ServerUtils.java:getScmDbDir(145)) - ozone.scm.db.dirs is not configured. We recommend adding this setting. Falling back to ozone.metadata.dirs instead.
2019-09-26 13:14:15,365 [main] WARN  server.ServerUtils (ServerUtils.java:getScmDbDir(145)) - ozone.scm.db.dirs is not configured. We recommend adding this setting. Falling back to ozone.metadata.dirs instead.
2019-09-26 13:14:15,368 [main] WARN  server.ServerUtils (ServerUtils.java:getScmDbDir(145)) - ozone.scm.db.dirs is not configured. We recommend adding this setting. Falling back to ozone.metadata.dirs instead.
2019-09-26 13:14:15,369 [main] INFO  db.DBStoreBuilder (DBStoreBuilder.java:addTable(110)) - using custom profile for table: deletedBlocks
2019-09-26 13:14:15,369 [main] INFO  db.DBStoreBuilder (DBStoreBuilder.java:processTables(161)) - Using default column profile:DBProfile.DISK for Table:deletedBlocks
2019-09-26 13:14:15,369 [main] INFO  db.DBStoreBuilder (DBStoreBuilder.java:addTable(110)) - using custom profile for table: validCerts
2019-09-26 13:14:15,370 [main] INFO  db.DBStoreBuilder (DBStoreBuilder.java:processTables(161)) - Using default column profile:DBProfile.DISK for Table:validCerts
2019-09-26 13:14:15,370 [main] INFO  db.DBStoreBuilder (DBStoreBuilder.java:addTable(110)) - using custom profile for table: revokedCerts
2019-09-26 13:14:15,370 [main] INFO  db.DBStoreBuilder (DBStoreBuilder.java:processTables(161)) - Using default column profile:DBProfile.DISK for Table:revokedCerts
2019-09-26 13:14:15,370 [main] INFO  db.DBStoreBuilder (DBStoreBuilder.java:addTable(110)) - using custom profile for table: default
2019-09-26 13:14:15,370 [main] INFO  db.DBStoreBuilder (DBStoreBuilder.java:processTables(167)) - Using default column profile:DBProfile.DISK for Table:default
2019-09-26 13:14:15,371 [main] INFO  db.DBStoreBuilder (DBStoreBuilder.java:getDbProfile(198)) - Using default options. DBProfile.DISK
2019-09-26 13:14:15,513 [main] INFO  net.NodeSchemaLoader (NodeSchemaLoader.java:loadSchemaFromFile(125)) - Loading file from sun.misc.CompoundEnumeration@4c58255
2019-09-26 13:14:15,513 [main] INFO  net.NodeSchemaLoader (NodeSchemaLoader.java:loadSchema(171)) - Loading network topology layer schema file
2019-09-26 13:14:15,521 [main] WARN  server.ServerUtils (ServerUtils.java:sanitizeUserArgs(70)) - ozone.scm.stale.node.interval value = 300000 is larger than max = 100000 based on the key value of ozone.scm.heartbeat.thread.interval, reset to the max value 100000.
2019-09-26 13:14:15,522 [main] WARN  server.ServerUtils (ServerUtils.java:sanitizeUserArgs(70)) - ozone.scm.stale.node.interval value = 300000 is larger than max = 100000 based on the key value of ozone.scm.heartbeat.thread.interval, reset to the max value 100000.
2019-09-26 13:14:15,522 [main] INFO  node.SCMNodeManager (SCMNodeManager.java:<init>(114)) - Entering startup safe mode.
2019-09-26 13:14:15,523 [main] INFO  algorithms.ContainerPlacementPolicyFactory (ContainerPlacementPolicyFactory.java:getPolicy(59)) - Create container placement policy of type org.apache.hadoop.hdds.scm.container.placement.algorithms.SCMContainerPlacementRandom
2019-09-26 13:14:15,524 [main] WARN  server.ServerUtils (ServerUtils.java:getScmDbDir(145)) - ozone.scm.db.dirs is not configured. We recommend adding this setting. Falling back to ozone.metadata.dirs instead.
2019-09-26 13:14:15,593 [main] INFO  pipeline.SCMPipelineManager (SCMPipelineManager.java:initializePipelineState(132)) - No pipeline exists in current db
2019-09-26 13:14:15,593 [main] WARN  server.ServerUtils (ServerUtils.java:getScmDbDir(145)) - ozone.scm.db.dirs is not configured. We recommend adding this setting. Falling back to ozone.metadata.dirs instead.
2019-09-26 13:14:15,653 [main] WARN  events.EventQueue (EventQueue.java:fireEvent(183)) - No event handler registered for event TypedEvent{payloadType=SafeModeStatus, name='SafeModeStatus'}
2019-09-26 13:14:15,654 [main] INFO  ipc.CallQueueManager (CallQueueManager.java:<init>(84)) - Using callQueue: class java.util.concurrent.LinkedBlockingQueue, queueCapacity: 2000, scheduler: class org.apache.hadoop.ipc.DefaultRpcScheduler, ipcBackoff: false.
2019-09-26 13:14:15,655 [Socket Reader #1 for port 39187] INFO  ipc.Server (Server.java:run(1074)) - Starting Socket Reader #1 for port 39187
2019-09-26 13:14:15,658 [main] INFO  ipc.CallQueueManager (CallQueueManager.java:<init>(84)) - Using callQueue: class java.util.concurrent.LinkedBlockingQueue, queueCapacity: 2000, scheduler: class org.apache.hadoop.ipc.DefaultRpcScheduler, ipcBackoff: false.
2019-09-26 13:14:15,659 [Socket Reader #1 for port 42766] INFO  ipc.Server (Server.java:run(1074)) - Starting Socket Reader #1 for port 42766
2019-09-26 13:14:15,661 [main] INFO  ipc.CallQueueManager (CallQueueManager.java:<init>(84)) - Using callQueue: class java.util.concurrent.LinkedBlockingQueue, queueCapacity: 2000, scheduler: class org.apache.hadoop.ipc.DefaultRpcScheduler, ipcBackoff: false.
2019-09-26 13:14:15,662 [Socket Reader #1 for port 35309] INFO  ipc.Server (Server.java:run(1074)) - Starting Socket Reader #1 for port 35309
2019-09-26 13:14:15,665 [main] INFO  hdfs.DFSUtil (DFSUtil.java:httpServerTemplateForNNAndJN(1641)) - Starting Web-server for scm at: http://0.0.0.0:0
2019-09-26 13:14:15,668 [main] INFO  server.AuthenticationFilter (AuthenticationFilter.java:constructSecretProvider(240)) - Unable to initialize FileSignerSecretProvider, falling back to use random secrets.
2019-09-26 13:14:15,668 [main] WARN  http.HttpRequestLog (HttpRequestLog.java:getRequestLog(97)) - Jetty request log can only be enabled using Log4j
2019-09-26 13:14:15,671 [main] INFO  http.HttpServer2 (HttpServer2.java:addGlobalFilter(975)) - Added global filter 'safety' (class=org.apache.hadoop.http.HttpServer2$QuotingInputFilter)
2019-09-26 13:14:15,672 [main] INFO  http.HttpServer2 (HttpServer2.java:addFilter(948)) - Added filter static_user_filter (class=org.apache.hadoop.http.lib.StaticUserWebFilter$StaticUserFilter) to context scm
2019-09-26 13:14:15,672 [main] INFO  http.HttpServer2 (HttpServer2.java:addFilter(958)) - Added filter static_user_filter (class=org.apache.hadoop.http.lib.StaticUserWebFilter$StaticUserFilter) to context static
2019-09-26 13:14:15,673 [main] INFO  http.HttpServer2 (HttpServer2.java:addFilter(958)) - Added filter static_user_filter (class=org.apache.hadoop.http.lib.StaticUserWebFilter$StaticUserFilter) to context logs
2019-09-26 13:14:15,676 [main] INFO  server.StorageContainerManager (StorageContainerManager.java:start(770)) - StorageContainerLocationProtocol RPC server is listening at /0.0.0.0:35309
2019-09-26 13:14:15,678 [main] WARN  impl.MetricsConfig (MetricsConfig.java:loadFirst(134)) - Cannot locate configuration: tried hadoop-metrics2-storagecontainermanager.properties,hadoop-metrics2.properties
2019-09-26 13:14:15,680 [main] INFO  impl.MetricsSystemImpl (MetricsSystemImpl.java:startTimer(374)) - Scheduled Metric snapshot period at 10 second(s).
2019-09-26 13:14:15,680 [main] INFO  impl.MetricsSystemImpl (MetricsSystemImpl.java:start(191)) - StorageContainerManager metrics system started
2019-09-26 13:14:15,728 [main] WARN  impl.MetricsSystemImpl (MetricsSystemImpl.java:register(276)) - Sink prometheus already exists!
2019-09-26 13:14:15,736 [main] INFO  server.SCMClientProtocolServer (SCMClientProtocolServer.java:start(151)) - RPC server for Client  is listening at /0.0.0.0:35309
2019-09-26 13:14:15,737 [IPC Server listener on 35309] INFO  ipc.Server (Server.java:run(1153)) - IPC Server listener on 35309: starting
2019-09-26 13:14:15,737 [IPC Server Responder] INFO  ipc.Server (Server.java:run(1314)) - IPC Server Responder: starting
2019-09-26 13:14:15,741 [main] INFO  server.StorageContainerManager (StorageContainerManager.java:start(780)) - ScmBlockLocationProtocol RPC server is listening at /0.0.0.0:42766
2019-09-26 13:14:15,742 [main] INFO  server.SCMBlockProtocolServer (SCMBlockProtocolServer.java:start(146)) - RPC server for Block Protocol is listening at /0.0.0.0:42766
2019-09-26 13:14:15,742 [IPC Server Responder] INFO  ipc.Server (Server.java:run(1314)) - IPC Server Responder: starting
2019-09-26 13:14:15,742 [IPC Server listener on 42766] INFO  ipc.Server (Server.java:run(1153)) - IPC Server listener on 42766: starting
2019-09-26 13:14:15,746 [main] INFO  server.StorageContainerManager (StorageContainerManager.java:start(784)) - ScmDatanodeProtocl RPC server is listening at /0.0.0.0:39187
2019-09-26 13:14:15,746 [main] INFO  server.SCMDatanodeProtocolServer (SCMDatanodeProtocolServer.java:start(191)) - RPC server for DataNodes is listening at /0.0.0.0:39187
2019-09-26 13:14:15,747 [IPC Server Responder] INFO  ipc.Server (Server.java:run(1314)) - IPC Server Responder: starting
2019-09-26 13:14:15,747 [IPC Server listener on 39187] INFO  ipc.Server (Server.java:run(1153)) - IPC Server listener on 39187: starting
2019-09-26 13:14:15,751 [main] INFO  http.HttpServer2 (HttpServer2.java:bindListener(1191)) - Jetty bound to port 38782
2019-09-26 13:14:15,751 [main] INFO  server.Server (Server.java:doStart(351)) - jetty-9.3.25.v20180904, build timestamp: 2018-09-04T21:11:46Z, git hash: 3ce520221d0240229c862b122d2b06c12a625732
2019-09-26 13:14:15,753 [main] INFO  handler.ContextHandler (ContextHandler.java:doStart(781)) - Started o.e.j.s.ServletContextHandler@f1d0004{/logs,file:///workdir/hadoop-ozone/integration-test/target/log,AVAILABLE}
2019-09-26 13:14:15,754 [main] INFO  handler.ContextHandler (ContextHandler.java:doStart(781)) - Started o.e.j.s.ServletContextHandler@48b4a043{/static,file:///workdir/hadoop-ozone/integration-test/target/test-classes/webapps/static,AVAILABLE}
2019-09-26 13:14:15,760 [main] INFO  handler.ContextHandler (ContextHandler.java:doStart(781)) - Started o.e.j.w.WebAppContext@173a6728{/,file:///workdir/hadoop-ozone/integration-test/target/test-classes/webapps/scm/,AVAILABLE}{/scm}
2019-09-26 13:14:15,762 [main] INFO  server.AbstractConnector (AbstractConnector.java:doStart(278)) - Started ServerConnector@1a22e0ef{HTTP/1.1,[http/1.1]}{0.0.0.0:38782}
2019-09-26 13:14:15,762 [main] INFO  server.Server (Server.java:doStart(419)) - Started @22557ms
2019-09-26 13:14:15,762 [main] WARN  impl.MetricsSystemImpl (MetricsSystemImpl.java:register(276)) - Sink prometheus already exists!
2019-09-26 13:14:15,763 [main] INFO  server.BaseHttpServer (BaseHttpServer.java:updateConnectorAddress(215)) - HTTP server of SCM is listening at http://0.0.0.0:38782
2019-09-26 13:14:15,764 [main] WARN  server.ServerUtils (ServerUtils.java:getDBPath(222)) - ozone.om.db.dirs is not configured. We recommend adding this setting. Falling back to ozone.metadata.dirs instead.
2019-09-26 13:14:15,764 [org.apache.hadoop.util.JvmPauseMonitor$Monitor@3b920bdc] INFO  util.JvmPauseMonitor (JvmPauseMonitor.java:run(188)) - Starting JVM pause monitor
2019-09-26 13:14:15,802 [main] WARN  server.ServerUtils (ServerUtils.java:getDBPath(222)) - ozone.om.db.dirs is not configured. We recommend adding this setting. Falling back to ozone.metadata.dirs instead.
2019-09-26 13:14:15,803 [main] WARN  server.ServerUtils (ServerUtils.java:getDBPath(222)) - ozone.om.db.dirs is not configured. We recommend adding this setting. Falling back to ozone.metadata.dirs instead.
2019-09-26 13:14:15,803 [main] INFO  om.OzoneManager (OzoneManager.java:setOMNodeDetails(652)) - OM Service ID is not set. Setting it to the default ID: omServiceIdDefault
2019-09-26 13:14:15,804 [main] INFO  om.OzoneManager (OzoneManager.java:setOMNodeDetails(658)) - OM Node ID is not set. Setting it to the OmStorage's OmID: a15b8540-4741-415d-bfbd-d7f5ff88ef3b
2019-09-26 13:14:15,804 [main] INFO  om.OzoneManager (OzoneManager.java:loadOMHAConfigs(609)) - Found matching OM address with OMServiceId: null, OMNodeId: null, RPC Address: localhost:0 and Ratis port: 9872
2019-09-26 13:14:15,823 [main] WARN  server.ServerUtils (ServerUtils.java:getDBPath(222)) - ozone.om.db.dirs is not configured. We recommend adding this setting. Falling back to ozone.metadata.dirs instead.
2019-09-26 13:14:15,824 [main] INFO  db.DBStoreBuilder (DBStoreBuilder.java:addTable(110)) - using custom profile for table: userTable
2019-09-26 13:14:15,824 [main] INFO  db.DBStoreBuilder (DBStoreBuilder.java:processTables(161)) - Using default column profile:DBProfile.DISK for Table:userTable
2019-09-26 13:14:15,825 [main] INFO  db.DBStoreBuilder (DBStoreBuilder.java:addTable(110)) - using custom profile for table: volumeTable
2019-09-26 13:14:15,825 [main] INFO  db.DBStoreBuilder (DBStoreBuilder.java:processTables(161)) - Using default column profile:DBProfile.DISK for Table:volumeTable
2019-09-26 13:14:15,825 [main] INFO  db.DBStoreBuilder (DBStoreBuilder.java:addTable(110)) - using custom profile for table: bucketTable
2019-09-26 13:14:15,825 [main] INFO  db.DBStoreBuilder (DBStoreBuilder.java:processTables(161)) - Using default column profile:DBProfile.DISK for Table:bucketTable
2019-09-26 13:14:15,825 [main] INFO  db.DBStoreBuilder (DBStoreBuilder.java:addTable(110)) - using custom profile for table: keyTable
2019-09-26 13:14:15,826 [main] INFO  db.DBStoreBuilder (DBStoreBuilder.java:processTables(161)) - Using default column profile:DBProfile.DISK for Table:keyTable
2019-09-26 13:14:15,826 [main] INFO  db.DBStoreBuilder (DBStoreBuilder.java:addTable(110)) - using custom profile for table: deletedTable
2019-09-26 13:14:15,826 [main] INFO  db.DBStoreBuilder (DBStoreBuilder.java:processTables(161)) - Using default column profile:DBProfile.DISK for Table:deletedTable
2019-09-26 13:14:15,826 [main] INFO  db.DBStoreBuilder (DBStoreBuilder.java:addTable(110)) - using custom profile for table: openKeyTable
2019-09-26 13:14:15,826 [main] INFO  db.DBStoreBuilder (DBStoreBuilder.java:processTables(161)) - Using default column profile:DBProfile.DISK for Table:openKeyTable
2019-09-26 13:14:15,827 [main] INFO  db.DBStoreBuilder (DBStoreBuilder.java:addTable(110)) - using custom profile for table: s3Table
2019-09-26 13:14:15,827 [main] INFO  db.DBStoreBuilder (DBStoreBuilder.java:processTables(161)) - Using default column profile:DBProfile.DISK for Table:s3Table
2019-09-26 13:14:15,827 [main] INFO  db.DBStoreBuilder (DBStoreBuilder.java:addTable(110)) - using custom profile for table: multipartInfoTable
2019-09-26 13:14:15,827 [main] INFO  db.DBStoreBuilder (DBStoreBuilder.java:processTables(161)) - Using default column profile:DBProfile.DISK for Table:multipartInfoTable
2019-09-26 13:14:15,828 [main] INFO  db.DBStoreBuilder (DBStoreBuilder.java:addTable(110)) - using custom profile for table: dTokenTable
2019-09-26 13:14:15,828 [main] INFO  db.DBStoreBuilder (DBStoreBuilder.java:processTables(161)) - Using default column profile:DBProfile.DISK for Table:dTokenTable
2019-09-26 13:14:15,828 [main] INFO  db.DBStoreBuilder (DBStoreBuilder.java:addTable(110)) - using custom profile for table: s3SecretTable
2019-09-26 13:14:15,828 [main] INFO  db.DBStoreBuilder (DBStoreBuilder.java:processTables(161)) - Using default column profile:DBProfile.DISK for Table:s3SecretTable
2019-09-26 13:14:15,829 [main] INFO  db.DBStoreBuilder (DBStoreBuilder.java:addTable(110)) - using custom profile for table: prefixTable
2019-09-26 13:14:15,829 [main] INFO  db.DBStoreBuilder (DBStoreBuilder.java:processTables(161)) - Using default column profile:DBProfile.DISK for Table:prefixTable
2019-09-26 13:14:15,829 [main] INFO  db.DBStoreBuilder (DBStoreBuilder.java:addTable(110)) - using custom profile for table: default
2019-09-26 13:14:15,829 [main] INFO  db.DBStoreBuilder (DBStoreBuilder.java:processTables(167)) - Using default column profile:DBProfile.DISK for Table:default
2019-09-26 13:14:15,829 [main] INFO  db.DBStoreBuilder (DBStoreBuilder.java:getDbProfile(198)) - Using default options. DBProfile.DISK
2019-09-26 13:14:16,309 [main] INFO  ipc.CallQueueManager (CallQueueManager.java:<init>(84)) - Using callQueue: class java.util.concurrent.LinkedBlockingQueue, queueCapacity: 2000, scheduler: class org.apache.hadoop.ipc.DefaultRpcScheduler, ipcBackoff: false.
2019-09-26 13:14:16,310 [Socket Reader #1 for port 33188] INFO  ipc.Server (Server.java:run(1074)) - Starting Socket Reader #1 for port 33188
2019-09-26 13:14:16,328 [main] INFO  om.OzoneManager (OzoneManager.java:start(1243)) - OzoneManager RPC server is listening at localhost/127.0.0.1:33188
2019-09-26 13:14:16,329 [main] INFO  impl.MetricsSystemImpl (MetricsSystemImpl.java:init(158)) - OzoneManager metrics system started (again)
2019-09-26 13:14:16,329 [IPC Server Responder] INFO  ipc.Server (Server.java:run(1314)) - IPC Server Responder: starting
2019-09-26 13:14:16,329 [IPC Server listener on 33188] INFO  ipc.Server (Server.java:run(1153)) - IPC Server listener on 33188: starting
2019-09-26 13:14:16,334 [main] INFO  hdfs.DFSUtil (DFSUtil.java:httpServerTemplateForNNAndJN(1641)) - Starting Web-server for ozoneManager at: http://0.0.0.0:0
2019-09-26 13:14:16,336 [main] INFO  server.AuthenticationFilter (AuthenticationFilter.java:constructSecretProvider(240)) - Unable to initialize FileSignerSecretProvider, falling back to use random secrets.
2019-09-26 13:14:16,336 [main] WARN  http.HttpRequestLog (HttpRequestLog.java:getRequestLog(97)) - Jetty request log can only be enabled using Log4j
2019-09-26 13:14:16,338 [main] INFO  http.HttpServer2 (HttpServer2.java:addGlobalFilter(975)) - Added global filter 'safety' (class=org.apache.hadoop.http.HttpServer2$QuotingInputFilter)
2019-09-26 13:14:16,339 [main] INFO  http.HttpServer2 (HttpServer2.java:addFilter(948)) - Added filter static_user_filter (class=org.apache.hadoop.http.lib.StaticUserWebFilter$StaticUserFilter) to context ozoneManager
2019-09-26 13:14:16,339 [main] INFO  http.HttpServer2 (HttpServer2.java:addFilter(958)) - Added filter static_user_filter (class=org.apache.hadoop.http.lib.StaticUserWebFilter$StaticUserFilter) to context static
2019-09-26 13:14:16,339 [main] INFO  http.HttpServer2 (HttpServer2.java:addFilter(958)) - Added filter static_user_filter (class=org.apache.hadoop.http.lib.StaticUserWebFilter$StaticUserFilter) to context logs
2019-09-26 13:14:16,340 [main] INFO  http.HttpServer2 (HttpServer2.java:bindListener(1191)) - Jetty bound to port 42887
2019-09-26 13:14:16,340 [main] INFO  server.Server (Server.java:doStart(351)) - jetty-9.3.25.v20180904, build timestamp: 2018-09-04T21:11:46Z, git hash: 3ce520221d0240229c862b122d2b06c12a625732
2019-09-26 13:14:16,343 [main] INFO  handler.ContextHandler (ContextHandler.java:doStart(781)) - Started o.e.j.s.ServletContextHandler@1a96d94c{/logs,file:///workdir/hadoop-ozone/integration-test/target/log,AVAILABLE}
2019-09-26 13:14:16,403 [main] INFO  handler.ContextHandler (ContextHandler.java:doStart(781)) - Started o.e.j.s.ServletContextHandler@ae202c6{/static,file:///workdir/hadoop-ozone/integration-test/target/test-classes/webapps/static,AVAILABLE}
2019-09-26 13:14:16,495 [main] INFO  handler.ContextHandler (ContextHandler.java:doStart(781)) - Started o.e.j.w.WebAppContext@5f2bd6d9{/,file:///workdir/hadoop-ozone/integration-test/target/test-classes/webapps/ozoneManager/,AVAILABLE}{/ozoneManager}
2019-09-26 13:14:16,496 [main] INFO  server.AbstractConnector (AbstractConnector.java:doStart(278)) - Started ServerConnector@7c847072{HTTP/1.1,[http/1.1]}{0.0.0.0:42887}
2019-09-26 13:14:16,498 [main] INFO  server.Server (Server.java:doStart(419)) - Started @23293ms
2019-09-26 13:14:16,498 [main] WARN  impl.MetricsSystemImpl (MetricsSystemImpl.java:register(276)) - Sink prometheus already exists!
2019-09-26 13:14:16,499 [main] INFO  server.BaseHttpServer (BaseHttpServer.java:updateConnectorAddress(215)) - HTTP server of OZONEMANAGER is listening at http://0.0.0.0:42887
2019-09-26 13:14:16,518 [main] INFO  impl.MetricsSystemImpl (MetricsSystemImpl.java:init(158)) - HddsDatanode metrics system started (again)
2019-09-26 13:14:16,520 [main] INFO  ozone.HddsDatanodeService (HddsDatanodeService.java:start(184)) - HddsDatanodeService host:pr-hdds-1569-87zkn-1081879488 ip:192.168.164.238
2019-09-26 13:14:16,528 [main] INFO  volume.HddsVolume (HddsVolume.java:<init>(176)) - Creating Volume: /workdir/hadoop-ozone/integration-test/target/test-dir/MiniOzoneClusterImpl-d2415e2d-2ab8-4028-b036-3844cbbdd4ea/datanode-0/data/containers/hdds of  storage type : DISK and capacity : 1482555576320
2019-09-26 13:14:16,528 [main] INFO  volume.VolumeSet (VolumeSet.java:initializeVolumeSet(170)) - Added Volume : /workdir/hadoop-ozone/integration-test/target/test-dir/MiniOzoneClusterImpl-d2415e2d-2ab8-4028-b036-3844cbbdd4ea/datanode-0/data/containers/hdds to VolumeSet
2019-09-26 13:14:16,529 [main] INFO  volume.ThrottledAsyncChecker (ThrottledAsyncChecker.java:schedule(139)) - Scheduling a check for org.apache.hadoop.ozone.container.common.volume.HddsVolume@51ec2856
2019-09-26 13:14:16,529 [main] INFO  volume.HddsVolumeChecker (HddsVolumeChecker.java:checkAllVolumes(202)) - Scheduled health check for volume org.apache.hadoop.ozone.container.common.volume.HddsVolume@51ec2856
2019-09-26 13:14:16,545 [main] INFO  impl.RaftServerProxy (ConfUtils.java:logGet(43)) - raft.rpc.type = GRPC (default)
2019-09-26 13:14:16,545 [main] INFO  grpc.GrpcFactory (GrpcFactory.java:checkPooledByteBufAllocatorUseCacheForAllThreads(45)) - PERFORMANCE WARNING: useCacheForAllThreads is true that may cause Netty to create a lot garbage objects and, as a result, trigger GC.
	It is recommended to disable useCacheForAllThreads by setting -Dorg.apache.ratis.thirdparty.io.netty.allocator.useCacheForAllThreads=false in command line.
2019-09-26 13:14:16,545 [main] INFO  grpc.GrpcConfigKeys$Server (ConfUtils.java:logGet(43)) - raft.grpc.server.port = 0 (default)
2019-09-26 13:14:16,545 [main] INFO  server.GrpcService (ConfUtils.java:logGet(43)) - raft.grpc.message.size.max = 33570816 (custom)
2019-09-26 13:14:16,545 [main] INFO  server.RaftServerConfigKeys (ConfUtils.java:logGet(43)) - raft.server.log.appender.buffer.byte-limit = 33554432 (custom)
2019-09-26 13:14:16,546 [main] INFO  server.GrpcService (ConfUtils.java:logGet(43)) - raft.grpc.flow.control.window = 1MB (=1048576) (default)
2019-09-26 13:14:16,546 [main] INFO  server.RaftServerConfigKeys (ConfUtils.java:logGet(43)) - raft.server.rpc.request.timeout = 3000ms (default)
2019-09-26 13:14:16,547 [main] INFO  server.RaftServerConfigKeys (ConfUtils.java:logGet(43)) - raft.server.storage.dir = [/workdir/hadoop-ozone/integration-test/target/test-dir/MiniOzoneClusterImpl-d2415e2d-2ab8-4028-b036-3844cbbdd4ea/datanode-0/data/ratis] (custom)
2019-09-26 13:14:16,548 [main] INFO  hdfs.DFSUtil (DFSUtil.java:httpServerTemplateForNNAndJN(1641)) - Starting Web-server for hddsDatanode at: http://0.0.0.0:0
2019-09-26 13:14:16,549 [main] INFO  server.AuthenticationFilter (AuthenticationFilter.java:constructSecretProvider(240)) - Unable to initialize FileSignerSecretProvider, falling back to use random secrets.
2019-09-26 13:14:16,550 [main] WARN  http.HttpRequestLog (HttpRequestLog.java:getRequestLog(97)) - Jetty request log can only be enabled using Log4j
2019-09-26 13:14:16,552 [main] INFO  http.HttpServer2 (HttpServer2.java:addGlobalFilter(975)) - Added global filter 'safety' (class=org.apache.hadoop.http.HttpServer2$QuotingInputFilter)
2019-09-26 13:14:16,552 [main] INFO  http.HttpServer2 (HttpServer2.java:addFilter(948)) - Added filter static_user_filter (class=org.apache.hadoop.http.lib.StaticUserWebFilter$StaticUserFilter) to context hddsDatanode
2019-09-26 13:14:16,552 [main] INFO  http.HttpServer2 (HttpServer2.java:addFilter(958)) - Added filter static_user_filter (class=org.apache.hadoop.http.lib.StaticUserWebFilter$StaticUserFilter) to context logs
2019-09-26 13:14:16,553 [main] INFO  http.HttpServer2 (HttpServer2.java:addFilter(958)) - Added filter static_user_filter (class=org.apache.hadoop.http.lib.StaticUserWebFilter$StaticUserFilter) to context static
2019-09-26 13:14:16,553 [main] INFO  http.HttpServer2 (HttpServer2.java:bindListener(1191)) - Jetty bound to port 35687
2019-09-26 13:14:16,554 [main] INFO  server.Server (Server.java:doStart(351)) - jetty-9.3.25.v20180904, build timestamp: 2018-09-04T21:11:46Z, git hash: 3ce520221d0240229c862b122d2b06c12a625732
2019-09-26 13:14:16,555 [main] INFO  handler.ContextHandler (ContextHandler.java:doStart(781)) - Started o.e.j.s.ServletContextHandler@352ed70d{/logs,file:///workdir/hadoop-ozone/integration-test/target/log,AVAILABLE}
2019-09-26 13:14:16,556 [main] INFO  handler.ContextHandler (ContextHandler.java:doStart(781)) - Started o.e.j.s.ServletContextHandler@5793b87{/static,jar:file:/home/user/.m2/repository/org/apache/hadoop/hadoop-hdds-container-service/0.5.0-SNAPSHOT/hadoop-hdds-container-service-0.5.0-SNAPSHOT.jar!/webapps/static,AVAILABLE}
2019-09-26 13:14:16,585 [main] INFO  handler.ContextHandler (ContextHandler.java:doStart(781)) - Started o.e.j.w.WebAppContext@44032fde{/,file:///tmp/jetty-0.0.0.0-35687-hddsDatanode-_-any-6123822882128576634.dir/webapp/,AVAILABLE}{/hddsDatanode}
2019-09-26 13:14:16,585 [main] INFO  server.AbstractConnector (AbstractConnector.java:doStart(278)) - Started ServerConnector@7b676112{HTTP/1.1,[http/1.1]}{0.0.0.0:35687}
2019-09-26 13:14:16,586 [main] INFO  server.Server (Server.java:doStart(419)) - Started @23381ms
2019-09-26 13:14:16,586 [main] WARN  impl.MetricsSystemImpl (MetricsSystemImpl.java:register(276)) - Sink prometheus already exists!
2019-09-26 13:14:16,587 [main] INFO  server.BaseHttpServer (BaseHttpServer.java:updateConnectorAddress(215)) - HTTP server of HDDSDATANODE is listening at http://0.0.0.0:35687
2019-09-26 13:14:16,587 [main] INFO  impl.MetricsSystemImpl (MetricsSystemImpl.java:init(158)) - HddsDatanode metrics system started (again)
2019-09-26 13:14:16,591 [org.apache.hadoop.util.JvmPauseMonitor$Monitor@417a76f2] INFO  util.JvmPauseMonitor (JvmPauseMonitor.java:run(188)) - Starting JVM pause monitor
2019-09-26 13:14:16,591 [main] INFO  ozone.HddsDatanodeService (HddsDatanodeService.java:start(184)) - HddsDatanodeService host:pr-hdds-1569-87zkn-1081879488 ip:192.168.164.238
2019-09-26 13:14:16,593 [Datanode State Machine Thread - 0] INFO  datanode.InitDatanodeState (InitDatanodeState.java:persistContainerDatanodeDetails(140)) - DatanodeDetails is persisted to /workdir/hadoop-ozone/integration-test/target/test-dir/MiniOzoneClusterImpl-d2415e2d-2ab8-4028-b036-3844cbbdd4ea/datanode-0/meta/datanode.id
2019-09-26 13:14:16,599 [main] INFO  volume.HddsVolume (HddsVolume.java:<init>(176)) - Creating Volume: /workdir/hadoop-ozone/integration-test/target/test-dir/MiniOzoneClusterImpl-d2415e2d-2ab8-4028-b036-3844cbbdd4ea/datanode-1/data/containers/hdds of  storage type : DISK and capacity : 1482555576320
2019-09-26 13:14:16,599 [main] INFO  volume.VolumeSet (VolumeSet.java:initializeVolumeSet(170)) - Added Volume : /workdir/hadoop-ozone/integration-test/target/test-dir/MiniOzoneClusterImpl-d2415e2d-2ab8-4028-b036-3844cbbdd4ea/datanode-1/data/containers/hdds to VolumeSet
2019-09-26 13:14:16,599 [main] INFO  volume.ThrottledAsyncChecker (ThrottledAsyncChecker.java:schedule(139)) - Scheduling a check for org.apache.hadoop.ozone.container.common.volume.HddsVolume@6fa13e6
2019-09-26 13:14:16,600 [main] INFO  volume.HddsVolumeChecker (HddsVolumeChecker.java:checkAllVolumes(202)) - Scheduled health check for volume org.apache.hadoop.ozone.container.common.volume.HddsVolume@6fa13e6
2019-09-26 13:14:16,619 [main] INFO  impl.RaftServerProxy (ConfUtils.java:logGet(43)) - raft.rpc.type = GRPC (default)
2019-09-26 13:14:16,620 [main] INFO  grpc.GrpcFactory (GrpcFactory.java:checkPooledByteBufAllocatorUseCacheForAllThreads(45)) - PERFORMANCE WARNING: useCacheForAllThreads is true that may cause Netty to create a lot garbage objects and, as a result, trigger GC.
	It is recommended to disable useCacheForAllThreads by setting -Dorg.apache.ratis.thirdparty.io.netty.allocator.useCacheForAllThreads=false in command line.
2019-09-26 13:14:16,620 [main] INFO  grpc.GrpcConfigKeys$Server (ConfUtils.java:logGet(43)) - raft.grpc.server.port = 0 (default)
2019-09-26 13:14:16,620 [main] INFO  server.GrpcService (ConfUtils.java:logGet(43)) - raft.grpc.message.size.max = 33570816 (custom)
2019-09-26 13:14:16,621 [main] INFO  server.RaftServerConfigKeys (ConfUtils.java:logGet(43)) - raft.server.log.appender.buffer.byte-limit = 33554432 (custom)
2019-09-26 13:14:16,621 [main] INFO  server.GrpcService (ConfUtils.java:logGet(43)) - raft.grpc.flow.control.window = 1MB (=1048576) (default)
2019-09-26 13:14:16,621 [main] INFO  server.RaftServerConfigKeys (ConfUtils.java:logGet(43)) - raft.server.rpc.request.timeout = 3000ms (default)
2019-09-26 13:14:16,622 [main] INFO  server.RaftServerConfigKeys (ConfUtils.java:logGet(43)) - raft.server.storage.dir = [/workdir/hadoop-ozone/integration-test/target/test-dir/MiniOzoneClusterImpl-d2415e2d-2ab8-4028-b036-3844cbbdd4ea/datanode-1/data/ratis] (custom)
2019-09-26 13:14:16,624 [main] INFO  hdfs.DFSUtil (DFSUtil.java:httpServerTemplateForNNAndJN(1641)) - Starting Web-server for hddsDatanode at: http://0.0.0.0:0
2019-09-26 13:14:16,625 [main] INFO  server.AuthenticationFilter (AuthenticationFilter.java:constructSecretProvider(240)) - Unable to initialize FileSignerSecretProvider, falling back to use random secrets.
2019-09-26 13:14:16,625 [main] WARN  http.HttpRequestLog (HttpRequestLog.java:getRequestLog(97)) - Jetty request log can only be enabled using Log4j
2019-09-26 13:14:16,627 [main] INFO  http.HttpServer2 (HttpServer2.java:addGlobalFilter(975)) - Added global filter 'safety' (class=org.apache.hadoop.http.HttpServer2$QuotingInputFilter)
2019-09-26 13:14:16,627 [main] INFO  http.HttpServer2 (HttpServer2.java:addFilter(948)) - Added filter static_user_filter (class=org.apache.hadoop.http.lib.StaticUserWebFilter$StaticUserFilter) to context hddsDatanode
2019-09-26 13:14:16,628 [main] INFO  http.HttpServer2 (HttpServer2.java:addFilter(958)) - Added filter static_user_filter (class=org.apache.hadoop.http.lib.StaticUserWebFilter$StaticUserFilter) to context logs
2019-09-26 13:14:16,628 [main] INFO  http.HttpServer2 (HttpServer2.java:addFilter(958)) - Added filter static_user_filter (class=org.apache.hadoop.http.lib.StaticUserWebFilter$StaticUserFilter) to context static
2019-09-26 13:14:16,628 [main] INFO  http.HttpServer2 (HttpServer2.java:bindListener(1191)) - Jetty bound to port 39417
2019-09-26 13:14:16,629 [main] INFO  server.Server (Server.java:doStart(351)) - jetty-9.3.25.v20180904, build timestamp: 2018-09-04T21:11:46Z, git hash: 3ce520221d0240229c862b122d2b06c12a625732
2019-09-26 13:14:16,630 [main] INFO  handler.ContextHandler (ContextHandler.java:doStart(781)) - Started o.e.j.s.ServletContextHandler@3c98781a{/logs,file:///workdir/hadoop-ozone/integration-test/target/log,AVAILABLE}
2019-09-26 13:14:16,631 [main] INFO  handler.ContextHandler (ContextHandler.java:doStart(781)) - Started o.e.j.s.ServletContextHandler@4601203a{/static,jar:file:/home/user/.m2/repository/org/apache/hadoop/hadoop-hdds-container-service/0.5.0-SNAPSHOT/hadoop-hdds-container-service-0.5.0-SNAPSHOT.jar!/webapps/static,AVAILABLE}
2019-09-26 13:14:16,659 [main] INFO  handler.ContextHandler (ContextHandler.java:doStart(781)) - Started o.e.j.w.WebAppContext@432f521f{/,file:///tmp/jetty-0.0.0.0-39417-hddsDatanode-_-any-1642211679689704700.dir/webapp/,AVAILABLE}{/hddsDatanode}
2019-09-26 13:14:16,659 [main] INFO  server.AbstractConnector (AbstractConnector.java:doStart(278)) - Started ServerConnector@2d7a9786{HTTP/1.1,[http/1.1]}{0.0.0.0:39417}
2019-09-26 13:14:16,661 [main] INFO  server.Server (Server.java:doStart(419)) - Started @23456ms
2019-09-26 13:14:16,661 [main] WARN  impl.MetricsSystemImpl (MetricsSystemImpl.java:register(276)) - Sink prometheus already exists!
2019-09-26 13:14:16,661 [main] INFO  server.BaseHttpServer (BaseHttpServer.java:updateConnectorAddress(215)) - HTTP server of HDDSDATANODE is listening at http://0.0.0.0:39417
2019-09-26 13:14:16,662 [main] INFO  impl.MetricsSystemImpl (MetricsSystemImpl.java:init(158)) - HddsDatanode metrics system started (again)
2019-09-26 13:14:16,666 [main] INFO  ozone.HddsDatanodeService (HddsDatanodeService.java:start(184)) - HddsDatanodeService host:pr-hdds-1569-87zkn-1081879488 ip:192.168.164.238
2019-09-26 13:14:16,666 [org.apache.hadoop.util.JvmPauseMonitor$Monitor@6bb054ad] INFO  util.JvmPauseMonitor (JvmPauseMonitor.java:run(188)) - Starting JVM pause monitor
2019-09-26 13:14:16,670 [Datanode State Machine Thread - 0] INFO  datanode.InitDatanodeState (InitDatanodeState.java:persistContainerDatanodeDetails(140)) - DatanodeDetails is persisted to /workdir/hadoop-ozone/integration-test/target/test-dir/MiniOzoneClusterImpl-d2415e2d-2ab8-4028-b036-3844cbbdd4ea/datanode-1/meta/datanode.id
2019-09-26 13:14:16,674 [main] INFO  volume.HddsVolume (HddsVolume.java:<init>(176)) - Creating Volume: /workdir/hadoop-ozone/integration-test/target/test-dir/MiniOzoneClusterImpl-d2415e2d-2ab8-4028-b036-3844cbbdd4ea/datanode-2/data/containers/hdds of  storage type : DISK and capacity : 1482555576320
2019-09-26 13:14:16,674 [main] INFO  volume.VolumeSet (VolumeSet.java:initializeVolumeSet(170)) - Added Volume : /workdir/hadoop-ozone/integration-test/target/test-dir/MiniOzoneClusterImpl-d2415e2d-2ab8-4028-b036-3844cbbdd4ea/datanode-2/data/containers/hdds to VolumeSet
2019-09-26 13:14:16,674 [main] INFO  volume.ThrottledAsyncChecker (ThrottledAsyncChecker.java:schedule(139)) - Scheduling a check for org.apache.hadoop.ozone.container.common.volume.HddsVolume@2c88a3e8
2019-09-26 13:14:16,675 [main] INFO  volume.HddsVolumeChecker (HddsVolumeChecker.java:checkAllVolumes(202)) - Scheduled health check for volume org.apache.hadoop.ozone.container.common.volume.HddsVolume@2c88a3e8
2019-09-26 13:14:16,691 [main] INFO  impl.RaftServerProxy (ConfUtils.java:logGet(43)) - raft.rpc.type = GRPC (default)
2019-09-26 13:14:16,691 [main] INFO  grpc.GrpcFactory (GrpcFactory.java:checkPooledByteBufAllocatorUseCacheForAllThreads(45)) - PERFORMANCE WARNING: useCacheForAllThreads is true that may cause Netty to create a lot garbage objects and, as a result, trigger GC.
	It is recommended to disable useCacheForAllThreads by setting -Dorg.apache.ratis.thirdparty.io.netty.allocator.useCacheForAllThreads=false in command line.
2019-09-26 13:14:16,692 [main] INFO  grpc.GrpcConfigKeys$Server (ConfUtils.java:logGet(43)) - raft.grpc.server.port = 0 (default)
2019-09-26 13:14:16,692 [main] INFO  server.GrpcService (ConfUtils.java:logGet(43)) - raft.grpc.message.size.max = 33570816 (custom)
2019-09-26 13:14:16,692 [main] INFO  server.RaftServerConfigKeys (ConfUtils.java:logGet(43)) - raft.server.log.appender.buffer.byte-limit = 33554432 (custom)
2019-09-26 13:14:16,692 [main] INFO  server.GrpcService (ConfUtils.java:logGet(43)) - raft.grpc.flow.control.window = 1MB (=1048576) (default)
2019-09-26 13:14:16,692 [main] INFO  server.RaftServerConfigKeys (ConfUtils.java:logGet(43)) - raft.server.rpc.request.timeout = 3000ms (default)
2019-09-26 13:14:16,693 [main] INFO  server.RaftServerConfigKeys (ConfUtils.java:logGet(43)) - raft.server.storage.dir = [/workdir/hadoop-ozone/integration-test/target/test-dir/MiniOzoneClusterImpl-d2415e2d-2ab8-4028-b036-3844cbbdd4ea/datanode-2/data/ratis] (custom)
2019-09-26 13:14:16,694 [main] INFO  hdfs.DFSUtil (DFSUtil.java:httpServerTemplateForNNAndJN(1641)) - Starting Web-server for hddsDatanode at: http://0.0.0.0:0
2019-09-26 13:14:16,696 [main] INFO  server.AuthenticationFilter (AuthenticationFilter.java:constructSecretProvider(240)) - Unable to initialize FileSignerSecretProvider, falling back to use random secrets.
2019-09-26 13:14:16,696 [main] WARN  http.HttpRequestLog (HttpRequestLog.java:getRequestLog(97)) - Jetty request log can only be enabled using Log4j
2019-09-26 13:14:16,698 [main] INFO  http.HttpServer2 (HttpServer2.java:addGlobalFilter(975)) - Added global filter 'safety' (class=org.apache.hadoop.http.HttpServer2$QuotingInputFilter)
2019-09-26 13:14:16,698 [main] INFO  http.HttpServer2 (HttpServer2.java:addFilter(948)) - Added filter static_user_filter (class=org.apache.hadoop.http.lib.StaticUserWebFilter$StaticUserFilter) to context hddsDatanode
2019-09-26 13:14:16,699 [main] INFO  http.HttpServer2 (HttpServer2.java:addFilter(958)) - Added filter static_user_filter (class=org.apache.hadoop.http.lib.StaticUserWebFilter$StaticUserFilter) to context logs
2019-09-26 13:14:16,699 [main] INFO  http.HttpServer2 (HttpServer2.java:addFilter(958)) - Added filter static_user_filter (class=org.apache.hadoop.http.lib.StaticUserWebFilter$StaticUserFilter) to context static
2019-09-26 13:14:16,700 [main] INFO  http.HttpServer2 (HttpServer2.java:bindListener(1191)) - Jetty bound to port 36301
2019-09-26 13:14:16,700 [main] INFO  server.Server (Server.java:doStart(351)) - jetty-9.3.25.v20180904, build timestamp: 2018-09-04T21:11:46Z, git hash: 3ce520221d0240229c862b122d2b06c12a625732
2019-09-26 13:14:16,701 [main] INFO  handler.ContextHandler (ContextHandler.java:doStart(781)) - Started o.e.j.s.ServletContextHandler@75a0c890{/logs,file:///workdir/hadoop-ozone/integration-test/target/log,AVAILABLE}
2019-09-26 13:14:16,702 [main] INFO  handler.ContextHandler (ContextHandler.java:doStart(781)) - Started o.e.j.s.ServletContextHandler@e26af6{/static,jar:file:/home/user/.m2/repository/org/apache/hadoop/hadoop-hdds-container-service/0.5.0-SNAPSHOT/hadoop-hdds-container-service-0.5.0-SNAPSHOT.jar!/webapps/static,AVAILABLE}
2019-09-26 13:14:16,731 [main] INFO  handler.ContextHandler (ContextHandler.java:doStart(781)) - Started o.e.j.w.WebAppContext@33956d1a{/,file:///tmp/jetty-0.0.0.0-36301-hddsDatanode-_-any-1319398919941311156.dir/webapp/,AVAILABLE}{/hddsDatanode}
2019-09-26 13:14:16,732 [main] INFO  server.AbstractConnector (AbstractConnector.java:doStart(278)) - Started ServerConnector@2e1ddc90{HTTP/1.1,[http/1.1]}{0.0.0.0:36301}
2019-09-26 13:14:16,732 [main] INFO  server.Server (Server.java:doStart(419)) - Started @23528ms
2019-09-26 13:14:16,733 [main] WARN  impl.MetricsSystemImpl (MetricsSystemImpl.java:register(276)) - Sink prometheus already exists!
2019-09-26 13:14:16,733 [main] INFO  server.BaseHttpServer (BaseHttpServer.java:updateConnectorAddress(215)) - HTTP server of HDDSDATANODE is listening at http://0.0.0.0:36301
2019-09-26 13:14:16,734 [main] INFO  ozone.MiniOzoneClusterImpl (MiniOzoneClusterImpl.java:lambda$waitForClusterToBeReady$0(147)) - Waiting for cluster to be ready. Got 0 of 3 DN Heartbeats.
2019-09-26 13:14:16,736 [org.apache.hadoop.util.JvmPauseMonitor$Monitor@313e5daf] INFO  util.JvmPauseMonitor (JvmPauseMonitor.java:run(188)) - Starting JVM pause monitor
2019-09-26 13:14:16,738 [Datanode State Machine Thread - 0] INFO  datanode.InitDatanodeState (InitDatanodeState.java:persistContainerDatanodeDetails(140)) - DatanodeDetails is persisted to /workdir/hadoop-ozone/integration-test/target/test-dir/MiniOzoneClusterImpl-d2415e2d-2ab8-4028-b036-3844cbbdd4ea/datanode-2/meta/datanode.id
2019-09-26 13:14:17,735 [main] INFO  ozone.MiniOzoneClusterImpl (MiniOzoneClusterImpl.java:lambda$waitForClusterToBeReady$0(147)) - Waiting for cluster to be ready. Got 0 of 3 DN Heartbeats.
2019-09-26 13:14:18,609 [Datanode State Machine Thread - 0] INFO  ozoneimpl.OzoneContainer (OzoneContainer.java:start(217)) - Attempting to start container services.
2019-09-26 13:14:18,610 [Datanode State Machine Thread - 0] INFO  ozoneimpl.OzoneContainer (OzoneContainer.java:startContainerScrub(179)) - Background container scanner has been disabled.
2019-09-26 13:14:18,610 [Datanode State Machine Thread - 0] INFO  ratis.XceiverServerRatis (XceiverServerRatis.java:start(411)) - Starting XceiverServerRatis 1e849afe-e025-4ea1-92fc-2ba4c5aad289 at port 0
2019-09-26 13:14:18,619 [Datanode State Machine Thread - 0] INFO  impl.RaftServerProxy (RaftServerProxy.java:lambda$start$3(299)) - 1e849afe-e025-4ea1-92fc-2ba4c5aad289: start RPC server
2019-09-26 13:14:18,622 [Datanode State Machine Thread - 0] INFO  server.GrpcService (GrpcService.java:startImpl(158)) - 1e849afe-e025-4ea1-92fc-2ba4c5aad289: GrpcService started, listening on 0.0.0.0/0.0.0.0:45977
2019-09-26 13:14:18,622 [Datanode State Machine Thread - 0] INFO  ratis.XceiverServerRatis (XceiverServerRatis.java:start(421)) - XceiverServerRatis 1e849afe-e025-4ea1-92fc-2ba4c5aad289 is started using port 45977
2019-09-26 13:14:18,623 [Datanode State Machine Thread - 0] INFO  server.XceiverServerGrpc (XceiverServerGrpc.java:start(149)) - XceiverServerGrpc 1e849afe-e025-4ea1-92fc-2ba4c5aad289 is started using port 43706
2019-09-26 13:14:18,685 [Datanode State Machine Thread - 0] INFO  ozoneimpl.OzoneContainer (OzoneContainer.java:start(217)) - Attempting to start container services.
2019-09-26 13:14:18,685 [Datanode State Machine Thread - 0] INFO  ozoneimpl.OzoneContainer (OzoneContainer.java:startContainerScrub(179)) - Background container scanner has been disabled.
2019-09-26 13:14:18,686 [Datanode State Machine Thread - 0] INFO  ratis.XceiverServerRatis (XceiverServerRatis.java:start(411)) - Starting XceiverServerRatis 02fbea54-5f9c-4a3a-a32e-981146fa3872 at port 0
2019-09-26 13:14:18,694 [Datanode State Machine Thread - 0] INFO  impl.RaftServerProxy (RaftServerProxy.java:lambda$start$3(299)) - 02fbea54-5f9c-4a3a-a32e-981146fa3872: start RPC server
2019-09-26 13:14:18,695 [Datanode State Machine Thread - 0] INFO  server.GrpcService (GrpcService.java:startImpl(158)) - 02fbea54-5f9c-4a3a-a32e-981146fa3872: GrpcService started, listening on 0.0.0.0/0.0.0.0:41737
2019-09-26 13:14:18,695 [Datanode State Machine Thread - 0] INFO  ratis.XceiverServerRatis (XceiverServerRatis.java:start(421)) - XceiverServerRatis 02fbea54-5f9c-4a3a-a32e-981146fa3872 is started using port 41737
2019-09-26 13:14:18,697 [Datanode State Machine Thread - 0] INFO  server.XceiverServerGrpc (XceiverServerGrpc.java:start(149)) - XceiverServerGrpc 02fbea54-5f9c-4a3a-a32e-981146fa3872 is started using port 42963
2019-09-26 13:14:18,735 [main] INFO  ozone.MiniOzoneClusterImpl (MiniOzoneClusterImpl.java:lambda$waitForClusterToBeReady$0(147)) - Waiting for cluster to be ready. Got 0 of 3 DN Heartbeats.
2019-09-26 13:14:18,752 [Datanode State Machine Thread - 0] INFO  ozoneimpl.OzoneContainer (OzoneContainer.java:start(217)) - Attempting to start container services.
2019-09-26 13:14:18,754 [Datanode State Machine Thread - 0] INFO  ozoneimpl.OzoneContainer (OzoneContainer.java:startContainerScrub(179)) - Background container scanner has been disabled.
2019-09-26 13:14:18,754 [Datanode State Machine Thread - 0] INFO  ratis.XceiverServerRatis (XceiverServerRatis.java:start(411)) - Starting XceiverServerRatis 853d2aeb-7135-469c-ae5d-13b8b8156e53 at port 0
2019-09-26 13:14:18,761 [Datanode State Machine Thread - 0] INFO  impl.RaftServerProxy (RaftServerProxy.java:lambda$start$3(299)) - 853d2aeb-7135-469c-ae5d-13b8b8156e53: start RPC server
2019-09-26 13:14:18,762 [Datanode State Machine Thread - 0] INFO  server.GrpcService (GrpcService.java:startImpl(158)) - 853d2aeb-7135-469c-ae5d-13b8b8156e53: GrpcService started, listening on 0.0.0.0/0.0.0.0:33530
2019-09-26 13:14:18,762 [Datanode State Machine Thread - 0] INFO  ratis.XceiverServerRatis (XceiverServerRatis.java:start(421)) - XceiverServerRatis 853d2aeb-7135-469c-ae5d-13b8b8156e53 is started using port 33530
2019-09-26 13:14:18,763 [Datanode State Machine Thread - 0] INFO  server.XceiverServerGrpc (XceiverServerGrpc.java:start(149)) - XceiverServerGrpc 853d2aeb-7135-469c-ae5d-13b8b8156e53 is started using port 34406
2019-09-26 13:14:19,736 [main] INFO  ozone.MiniOzoneClusterImpl (MiniOzoneClusterImpl.java:lambda$waitForClusterToBeReady$0(147)) - Waiting for cluster to be ready. Got 0 of 3 DN Heartbeats.
2019-09-26 13:14:20,596 [IPC Server handler 0 on 39187] INFO  net.NetworkTopology (NetworkTopologyImpl.java:add(111)) - Added a new node: /default-rack/1e849afe-e025-4ea1-92fc-2ba4c5aad289
2019-09-26 13:14:20,597 [IPC Server handler 0 on 39187] INFO  node.SCMNodeManager (SCMNodeManager.java:register(266)) - Registered Data node : 1e849afe-e025-4ea1-92fc-2ba4c5aad289{ip: 192.168.164.238, host: pr-hdds-1569-87zkn-1081879488, networkLocation: /default-rack, certSerialId: null}
2019-09-26 13:14:20,600 [EventQueue-NodeRegistrationContainerReportForDataNodeSafeModeRule] INFO  safemode.SCMSafeModeManager (DataNodeSafeModeRule.java:process(71)) - SCM in safe mode. 1 DataNodes registered, 1 required.
2019-09-26 13:14:20,602 [EventQueue-NodeRegistrationContainerReportForContainerSafeModeRule] INFO  safemode.SCMSafeModeManager (SCMSafeModeManager.java:validateSafeModeExitRules(177)) - ScmSafeModeManager, all rules are successfully validated
2019-09-26 13:14:20,602 [EventQueue-NodeRegistrationContainerReportForContainerSafeModeRule] INFO  safemode.SCMSafeModeManager (SCMSafeModeManager.java:exitSafeMode(193)) - SCM exiting safe mode.
2019-09-26 13:14:20,625 [grpc-default-executor-0] INFO  impl.RaftServerProxy (RaftServerProxy.java:addNew(89)) - 1e849afe-e025-4ea1-92fc-2ba4c5aad289: addNew group-D4F467AC804B:[1e849afe-e025-4ea1-92fc-2ba4c5aad289:192.168.164.238:45977] returns group-D4F467AC804B:java.util.concurrent.CompletableFuture@49f12c16[Not completed]
2019-09-26 13:14:20,629 [pool-77-thread-1] INFO  impl.RaftServerImpl (RaftServerImpl.java:<init>(95)) - 1e849afe-e025-4ea1-92fc-2ba4c5aad289: new RaftServerImpl for group-D4F467AC804B:[1e849afe-e025-4ea1-92fc-2ba4c5aad289:192.168.164.238:45977] with ContainerStateMachine:uninitialized
2019-09-26 13:14:20,629 [pool-77-thread-1] INFO  server.RaftServerConfigKeys (ConfUtils.java:logGet(43)) - raft.server.rpc.timeout.min = 5s (custom)
2019-09-26 13:14:20,629 [pool-77-thread-1] INFO  server.RaftServerConfigKeys (ConfUtils.java:logGet(43)) - raft.server.rpc.timeout.max = 5200ms (custom)
2019-09-26 13:14:20,629 [pool-77-thread-1] INFO  server.RaftServerConfigKeys (ConfUtils.java:logGet(43)) - raft.server.rpcslowness.timeout = 120s (custom)
2019-09-26 13:14:20,629 [pool-77-thread-1] INFO  server.RaftServerConfigKeys (ConfUtils.java:logGet(43)) - raft.server.sleep.deviation.threshold = 300 (default)
2019-09-26 13:14:20,629 [pool-77-thread-1] INFO  server.RaftServerConfigKeys (ConfUtils.java:logGet(43)) - raft.server.log.appender.install.snapshot.enabled = false (custom)
2019-09-26 13:14:20,630 [pool-77-thread-1] INFO  impl.RaftServerImpl (ServerState.java:<init>(103)) - 1e849afe-e025-4ea1-92fc-2ba4c5aad289@group-D4F467AC804B: ConfigurationManager, init=-1: [1e849afe-e025-4ea1-92fc-2ba4c5aad289:192.168.164.238:45977], old=null, confs=<EMPTY_MAP>
2019-09-26 13:14:20,630 [pool-77-thread-1] INFO  server.RaftServerConfigKeys (ConfUtils.java:logGet(43)) - raft.server.storage.dir = [/workdir/hadoop-ozone/integration-test/target/test-dir/MiniOzoneClusterImpl-d2415e2d-2ab8-4028-b036-3844cbbdd4ea/datanode-0/data/ratis] (custom)
2019-09-26 13:14:20,630 [pool-77-thread-1] INFO  storage.RaftStorageDirectory (RaftStorageDirectory.java:analyzeStorage(246)) - The storage directory /workdir/hadoop-ozone/integration-test/target/test-dir/MiniOzoneClusterImpl-d2415e2d-2ab8-4028-b036-3844cbbdd4ea/datanode-0/data/ratis/c381dab2-22eb-4607-92b6-d4f467ac804b does not exist. Creating ...
2019-09-26 13:14:20,638 [pool-77-thread-1] INFO  storage.RaftStorageDirectory (RaftStorageDirectory.java:tryLock(328)) - Lock on /workdir/hadoop-ozone/integration-test/target/test-dir/MiniOzoneClusterImpl-d2415e2d-2ab8-4028-b036-3844cbbdd4ea/datanode-0/data/ratis/c381dab2-22eb-4607-92b6-d4f467ac804b/in_use.lock acquired by nodename 10026@pr-hdds-1569-87zkn-1081879488
2019-09-26 13:14:20,642 [pool-77-thread-1] INFO  storage.RaftStorage (RaftStorage.java:format(72)) - Storage directory /workdir/hadoop-ozone/integration-test/target/test-dir/MiniOzoneClusterImpl-d2415e2d-2ab8-4028-b036-3844cbbdd4ea/datanode-0/data/ratis/c381dab2-22eb-4607-92b6-d4f467ac804b has been successfully formatted.
2019-09-26 13:14:20,642 [pool-77-thread-1] INFO  ratis.ContainerStateMachine (ContainerStateMachine.java:loadSnapshot(230)) - group-D4F467AC804B: The snapshot info is null. Setting the last applied indexto:(t:0, i:~)
2019-09-26 13:14:20,642 [pool-77-thread-1] INFO  server.RaftServerConfigKeys (ConfUtils.java:logGet(43)) - raft.server.notification.no-leader.timeout = 120s (custom)
2019-09-26 13:14:20,642 [pool-77-thread-1] INFO  server.RaftServerConfigKeys (ConfUtils.java:logGet(43)) - raft.server.log.use.memory = false (default)
2019-09-26 13:14:20,643 [pool-77-thread-1] INFO  server.RaftServerConfigKeys (ConfUtils.java:logGet(43)) - raft.server.log.purge.gap = 1000000 (custom)
2019-09-26 13:14:20,643 [pool-77-thread-1] INFO  server.RaftServerConfigKeys (ConfUtils.java:logGet(43)) - raft.server.log.appender.buffer.byte-limit = 33554432 (custom)
2019-09-26 13:14:20,643 [pool-77-thread-1] INFO  server.RaftServerConfigKeys (ConfUtils.java:logGet(43)) - raft.server.log.segment.size.max = 1048576 (custom)
2019-09-26 13:14:20,643 [pool-77-thread-1] INFO  server.RaftServerConfigKeys (ConfUtils.java:logGet(43)) - raft.server.log.segment.cache.num.max = 2 (custom)
2019-09-26 13:14:20,643 [pool-77-thread-1] INFO  segmented.SegmentedRaftLogWorker (SegmentedRaftLogWorker.java:<init>(172)) - new 1e849afe-e025-4ea1-92fc-2ba4c5aad289@group-D4F467AC804B-SegmentedRaftLogWorker for RaftStorage:Storage Directory /workdir/hadoop-ozone/integration-test/target/test-dir/MiniOzoneClusterImpl-d2415e2d-2ab8-4028-b036-3844cbbdd4ea/datanode-0/data/ratis/c381dab2-22eb-4607-92b6-d4f467ac804b
2019-09-26 13:14:20,647 [pool-77-thread-1] INFO  server.RaftServerConfigKeys (ConfUtils.java:logGet(43)) - raft.server.log.queue.byte-limit = 2147483647 (custom)
2019-09-26 13:14:20,647 [pool-77-thread-1] INFO  server.RaftServerConfigKeys (ConfUtils.java:logGet(43)) - raft.server.log.queue.element-limit = 1024 (custom)
2019-09-26 13:14:20,648 [pool-77-thread-1] INFO  server.RaftServerConfigKeys (ConfUtils.java:logGet(43)) - raft.server.log.segment.size.max = 1048576 (custom)
2019-09-26 13:14:20,648 [pool-77-thread-1] INFO  server.RaftServerConfigKeys (ConfUtils.java:logGet(43)) - raft.server.log.preallocated.size = 16384 (custom)
2019-09-26 13:14:20,648 [pool-77-thread-1] INFO  server.RaftServerConfigKeys (ConfUtils.java:logGet(43)) - raft.server.log.write.buffer.size = 33554432 (custom)
2019-09-26 13:14:20,648 [pool-77-thread-1] INFO  server.RaftServerConfigKeys (ConfUtils.java:logGet(43)) - raft.server.log.force.sync.num = 128 (default)
2019-09-26 13:14:20,648 [pool-77-thread-1] INFO  server.RaftServerConfigKeys (ConfUtils.java:logGet(43)) - raft.server.log.statemachine.data.sync = true (default)
2019-09-26 13:14:20,648 [pool-77-thread-1] INFO  server.RaftServerConfigKeys (ConfUtils.java:logGet(43)) - raft.server.log.statemachine.data.sync.timeout = 10s (default)
2019-09-26 13:14:20,648 [pool-77-thread-1] INFO  server.RaftServerConfigKeys (ConfUtils.java:logGet(43)) - raft.server.log.statemachine.data.sync.timeout.retry = -1 (default)
2019-09-26 13:14:20,649 [pool-77-thread-1] INFO  server.RaftServerConfigKeys (ConfUtils.java:logGet(43)) - raft.server.log.statemachine.data.caching.enabled = true (custom)
2019-09-26 13:14:20,649 [pool-77-thread-1] INFO  segmented.SegmentedRaftLogWorker (SegmentedRaftLogWorker.java:lambda$new$0(132)) - 1e849afe-e025-4ea1-92fc-2ba4c5aad289@group-D4F467AC804B-SegmentedRaftLogWorker: flushIndex: setUnconditionally 0 -> -1
2019-09-26 13:14:20,649 [pool-77-thread-1] INFO  server.RaftServerConfigKeys (ConfUtils.java:logGet(43)) - raft.server.snapshot.auto.trigger.enabled = true (custom)
2019-09-26 13:14:20,649 [pool-77-thread-1] INFO  server.RaftServerConfigKeys (ConfUtils.java:logGet(43)) - raft.server.snapshot.auto.trigger.threshold = 10000 (custom)
2019-09-26 13:14:20,650 [pool-77-thread-1] INFO  server.RaftServerConfigKeys (ConfUtils.java:logGet(43)) - raft.server.snapshot.retention.num.files = 5 (custom)
2019-09-26 13:14:20,650 [pool-77-thread-1] INFO  server.RaftServerConfigKeys (ConfUtils.java:logGet(43)) - raft.server.retrycache.expirytime = 600000ms (custom)
2019-09-26 13:14:20,652 [pool-77-thread-1] INFO  impl.RaftServerImpl (RaftServerImpl.java:start(185)) - 1e849afe-e025-4ea1-92fc-2ba4c5aad289@group-D4F467AC804B: start as a follower, conf=-1: [1e849afe-e025-4ea1-92fc-2ba4c5aad289:192.168.164.238:45977], old=null
2019-09-26 13:14:20,652 [pool-77-thread-1] INFO  impl.RaftServerImpl (RaftServerImpl.java:setRole(174)) - 1e849afe-e025-4ea1-92fc-2ba4c5aad289@group-D4F467AC804B: changes role from      null to FOLLOWER at term 0 for startAsFollower
2019-09-26 13:14:20,652 [pool-77-thread-1] INFO  impl.RoleInfo (RoleInfo.java:updateAndGet(143)) - 1e849afe-e025-4ea1-92fc-2ba4c5aad289: start FollowerState
2019-09-26 13:14:20,653 [pool-77-thread-1] INFO  util.JmxRegister (JmxRegister.java:tryRegister(44)) - Successfully registered JMX Bean with object name Ratis:service=RaftServer,group=group-D4F467AC804B,id=1e849afe-e025-4ea1-92fc-2ba4c5aad289
2019-09-26 13:14:20,678 [IPC Server handler 2 on 39187] INFO  net.NetworkTopology (NetworkTopologyImpl.java:add(111)) - Added a new node: /default-rack/02fbea54-5f9c-4a3a-a32e-981146fa3872
2019-09-26 13:14:20,678 [IPC Server handler 2 on 39187] INFO  node.SCMNodeManager (SCMNodeManager.java:register(266)) - Registered Data node : 02fbea54-5f9c-4a3a-a32e-981146fa3872{ip: 192.168.164.238, host: pr-hdds-1569-87zkn-1081879488, networkLocation: /default-rack, certSerialId: null}
2019-09-26 13:14:20,678 [RatisPipelineUtilsThread] INFO  pipeline.PipelineStateManager (PipelineStateManager.java:addPipeline(56)) - Created pipeline Pipeline[ Id: c381dab2-22eb-4607-92b6-d4f467ac804b, Nodes: 1e849afe-e025-4ea1-92fc-2ba4c5aad289{ip: 192.168.164.238, host: pr-hdds-1569-87zkn-1081879488, networkLocation: /default-rack, certSerialId: null}, Type:RATIS, Factor:ONE, State:OPEN]
2019-09-26 13:14:20,697 [grpc-default-executor-0] INFO  impl.RaftServerProxy (RaftServerProxy.java:addNew(89)) - 02fbea54-5f9c-4a3a-a32e-981146fa3872: addNew group-5457C9D2F679:[02fbea54-5f9c-4a3a-a32e-981146fa3872:192.168.164.238:41737] returns group-5457C9D2F679:java.util.concurrent.CompletableFuture@698fd3e2[Not completed]
2019-09-26 13:14:20,701 [pool-87-thread-1] INFO  impl.RaftServerImpl (RaftServerImpl.java:<init>(95)) - 02fbea54-5f9c-4a3a-a32e-981146fa3872: new RaftServerImpl for group-5457C9D2F679:[02fbea54-5f9c-4a3a-a32e-981146fa3872:192.168.164.238:41737] with ContainerStateMachine:uninitialized
2019-09-26 13:14:20,701 [pool-87-thread-1] INFO  server.RaftServerConfigKeys (ConfUtils.java:logGet(43)) - raft.server.rpc.timeout.min = 5s (custom)
2019-09-26 13:14:20,701 [pool-87-thread-1] INFO  server.RaftServerConfigKeys (ConfUtils.java:logGet(43)) - raft.server.rpc.timeout.max = 5200ms (custom)
2019-09-26 13:14:20,702 [pool-87-thread-1] INFO  server.RaftServerConfigKeys (ConfUtils.java:logGet(43)) - raft.server.rpcslowness.timeout = 120s (custom)
2019-09-26 13:14:20,702 [pool-87-thread-1] INFO  server.RaftServerConfigKeys (ConfUtils.java:logGet(43)) - raft.server.sleep.deviation.threshold = 300 (default)
2019-09-26 13:14:20,702 [pool-87-thread-1] INFO  server.RaftServerConfigKeys (ConfUtils.java:logGet(43)) - raft.server.log.appender.install.snapshot.enabled = false (custom)
2019-09-26 13:14:20,702 [pool-87-thread-1] INFO  impl.RaftServerImpl (ServerState.java:<init>(103)) - 02fbea54-5f9c-4a3a-a32e-981146fa3872@group-5457C9D2F679: ConfigurationManager, init=-1: [02fbea54-5f9c-4a3a-a32e-981146fa3872:192.168.164.238:41737], old=null, confs=<EMPTY_MAP>
2019-09-26 13:14:20,702 [pool-87-thread-1] INFO  server.RaftServerConfigKeys (ConfUtils.java:logGet(43)) - raft.server.storage.dir = [/workdir/hadoop-ozone/integration-test/target/test-dir/MiniOzoneClusterImpl-d2415e2d-2ab8-4028-b036-3844cbbdd4ea/datanode-1/data/ratis] (custom)
2019-09-26 13:14:20,703 [pool-87-thread-1] INFO  storage.RaftStorageDirectory (RaftStorageDirectory.java:analyzeStorage(246)) - The storage directory /workdir/hadoop-ozone/integration-test/target/test-dir/MiniOzoneClusterImpl-d2415e2d-2ab8-4028-b036-3844cbbdd4ea/datanode-1/data/ratis/10191a5b-14f1-4f20-acb7-5457c9d2f679 does not exist. Creating ...
2019-09-26 13:14:20,709 [pool-87-thread-1] INFO  storage.RaftStorageDirectory (RaftStorageDirectory.java:tryLock(328)) - Lock on /workdir/hadoop-ozone/integration-test/target/test-dir/MiniOzoneClusterImpl-d2415e2d-2ab8-4028-b036-3844cbbdd4ea/datanode-1/data/ratis/10191a5b-14f1-4f20-acb7-5457c9d2f679/in_use.lock acquired by nodename 10026@pr-hdds-1569-87zkn-1081879488
2019-09-26 13:14:20,716 [pool-87-thread-1] INFO  storage.RaftStorage (RaftStorage.java:format(72)) - Storage directory /workdir/hadoop-ozone/integration-test/target/test-dir/MiniOzoneClusterImpl-d2415e2d-2ab8-4028-b036-3844cbbdd4ea/datanode-1/data/ratis/10191a5b-14f1-4f20-acb7-5457c9d2f679 has been successfully formatted.
2019-09-26 13:14:20,716 [pool-87-thread-1] INFO  ratis.ContainerStateMachine (ContainerStateMachine.java:loadSnapshot(230)) - group-5457C9D2F679: The snapshot info is null. Setting the last applied indexto:(t:0, i:~)
2019-09-26 13:14:20,716 [pool-87-thread-1] INFO  server.RaftServerConfigKeys (ConfUtils.java:logGet(43)) - raft.server.notification.no-leader.timeout = 120s (custom)
2019-09-26 13:14:20,716 [pool-87-thread-1] INFO  server.RaftServerConfigKeys (ConfUtils.java:logGet(43)) - raft.server.log.use.memory = false (default)
2019-09-26 13:14:20,717 [pool-87-thread-1] INFO  server.RaftServerConfigKeys (ConfUtils.java:logGet(43)) - raft.server.log.purge.gap = 1000000 (custom)
2019-09-26 13:14:20,717 [pool-87-thread-1] INFO  server.RaftServerConfigKeys (ConfUtils.java:logGet(43)) - raft.server.log.appender.buffer.byte-limit = 33554432 (custom)
2019-09-26 13:14:20,717 [pool-87-thread-1] INFO  server.RaftServerConfigKeys (ConfUtils.java:logGet(43)) - raft.server.log.segment.size.max = 1048576 (custom)
2019-09-26 13:14:20,717 [pool-87-thread-1] INFO  server.RaftServerConfigKeys (ConfUtils.java:logGet(43)) - raft.server.log.segment.cache.num.max = 2 (custom)
2019-09-26 13:14:20,717 [pool-87-thread-1] INFO  segmented.SegmentedRaftLogWorker (SegmentedRaftLogWorker.java:<init>(172)) - new 02fbea54-5f9c-4a3a-a32e-981146fa3872@group-5457C9D2F679-SegmentedRaftLogWorker for RaftStorage:Storage Directory /workdir/hadoop-ozone/integration-test/target/test-dir/MiniOzoneClusterImpl-d2415e2d-2ab8-4028-b036-3844cbbdd4ea/datanode-1/data/ratis/10191a5b-14f1-4f20-acb7-5457c9d2f679
2019-09-26 13:14:20,719 [pool-87-thread-1] INFO  server.RaftServerConfigKeys (ConfUtils.java:logGet(43)) - raft.server.log.queue.byte-limit = 2147483647 (custom)
2019-09-26 13:14:20,719 [pool-87-thread-1] INFO  server.RaftServerConfigKeys (ConfUtils.java:logGet(43)) - raft.server.log.queue.element-limit = 1024 (custom)
2019-09-26 13:14:20,720 [pool-87-thread-1] INFO  server.RaftServerConfigKeys (ConfUtils.java:logGet(43)) - raft.server.log.segment.size.max = 1048576 (custom)
2019-09-26 13:14:20,720 [pool-87-thread-1] INFO  server.RaftServerConfigKeys (ConfUtils.java:logGet(43)) - raft.server.log.preallocated.size = 16384 (custom)
2019-09-26 13:14:20,720 [pool-87-thread-1] INFO  server.RaftServerConfigKeys (ConfUtils.java:logGet(43)) - raft.server.log.write.buffer.size = 33554432 (custom)
2019-09-26 13:14:20,720 [pool-87-thread-1] INFO  server.RaftServerConfigKeys (ConfUtils.java:logGet(43)) - raft.server.log.force.sync.num = 128 (default)
2019-09-26 13:14:20,720 [pool-87-thread-1] INFO  server.RaftServerConfigKeys (ConfUtils.java:logGet(43)) - raft.server.log.statemachine.data.sync = true (default)
2019-09-26 13:14:20,720 [pool-87-thread-1] INFO  server.RaftServerConfigKeys (ConfUtils.java:logGet(43)) - raft.server.log.statemachine.data.sync.timeout = 10s (default)
2019-09-26 13:14:20,720 [pool-87-thread-1] INFO  server.RaftServerConfigKeys (ConfUtils.java:logGet(43)) - raft.server.log.statemachine.data.sync.timeout.retry = -1 (default)
2019-09-26 13:14:20,721 [pool-87-thread-1] INFO  server.RaftServerConfigKeys (ConfUtils.java:logGet(43)) - raft.server.log.statemachine.data.caching.enabled = true (custom)
2019-09-26 13:14:20,721 [pool-87-thread-1] INFO  segmented.SegmentedRaftLogWorker (SegmentedRaftLogWorker.java:lambda$new$0(132)) - 02fbea54-5f9c-4a3a-a32e-981146fa3872@group-5457C9D2F679-SegmentedRaftLogWorker: flushIndex: setUnconditionally 0 -> -1
2019-09-26 13:14:20,721 [pool-87-thread-1] INFO  server.RaftServerConfigKeys (ConfUtils.java:logGet(43)) - raft.server.snapshot.auto.trigger.enabled = true (custom)
2019-09-26 13:14:20,721 [pool-87-thread-1] INFO  server.RaftServerConfigKeys (ConfUtils.java:logGet(43)) - raft.server.snapshot.auto.trigger.threshold = 10000 (custom)
2019-09-26 13:14:20,721 [pool-87-thread-1] INFO  server.RaftServerConfigKeys (ConfUtils.java:logGet(43)) - raft.server.snapshot.retention.num.files = 5 (custom)
2019-09-26 13:14:20,721 [pool-87-thread-1] INFO  server.RaftServerConfigKeys (ConfUtils.java:logGet(43)) - raft.server.retrycache.expirytime = 600000ms (custom)
2019-09-26 13:14:20,723 [pool-87-thread-1] INFO  impl.RaftServerImpl (RaftServerImpl.java:start(185)) - 02fbea54-5f9c-4a3a-a32e-981146fa3872@group-5457C9D2F679: start as a follower, conf=-1: [02fbea54-5f9c-4a3a-a32e-981146fa3872:192.168.164.238:41737], old=null
2019-09-26 13:14:20,723 [pool-87-thread-1] INFO  impl.RaftServerImpl (RaftServerImpl.java:setRole(174)) - 02fbea54-5f9c-4a3a-a32e-981146fa3872@group-5457C9D2F679: changes role from      null to FOLLOWER at term 0 for startAsFollower
2019-09-26 13:14:20,724 [pool-87-thread-1] INFO  impl.RoleInfo (RoleInfo.java:updateAndGet(143)) - 02fbea54-5f9c-4a3a-a32e-981146fa3872: start FollowerState
2019-09-26 13:14:20,728 [pool-87-thread-1] INFO  util.JmxRegister (JmxRegister.java:tryRegister(44)) - Successfully registered JMX Bean with object name Ratis:service=RaftServer,group=group-5457C9D2F679,id=02fbea54-5f9c-4a3a-a32e-981146fa3872
2019-09-26 13:14:20,738 [main] INFO  ozone.MiniOzoneClusterImpl (MiniOzoneClusterImpl.java:lambda$waitForClusterToBeReady$0(147)) - Waiting for cluster to be ready. Got 2 of 3 DN Heartbeats.
2019-09-26 13:14:20,741 [RatisPipelineUtilsThread] INFO  pipeline.PipelineStateManager (PipelineStateManager.java:addPipeline(56)) - Created pipeline Pipeline[ Id: 10191a5b-14f1-4f20-acb7-5457c9d2f679, Nodes: 02fbea54-5f9c-4a3a-a32e-981146fa3872{ip: 192.168.164.238, host: pr-hdds-1569-87zkn-1081879488, networkLocation: /default-rack, certSerialId: null}, Type:RATIS, Factor:ONE, State:OPEN]
2019-09-26 13:14:20,742 [IPC Server handler 3 on 39187] INFO  net.NetworkTopology (NetworkTopologyImpl.java:add(111)) - Added a new node: /default-rack/853d2aeb-7135-469c-ae5d-13b8b8156e53
2019-09-26 13:14:20,742 [IPC Server handler 3 on 39187] INFO  node.SCMNodeManager (SCMNodeManager.java:register(266)) - Registered Data node : 853d2aeb-7135-469c-ae5d-13b8b8156e53{ip: 192.168.164.238, host: pr-hdds-1569-87zkn-1081879488, networkLocation: /default-rack, certSerialId: null}
2019-09-26 13:14:20,750 [grpc-default-executor-0] INFO  impl.RaftServerProxy (RaftServerProxy.java:addNew(89)) - 1e849afe-e025-4ea1-92fc-2ba4c5aad289: addNew group-89E0D32B6668:[1e849afe-e025-4ea1-92fc-2ba4c5aad289:192.168.164.238:45977] returns group-89E0D32B6668:java.util.concurrent.CompletableFuture@a0f165c[Not completed]
2019-09-26 13:14:20,752 [pool-77-thread-1] INFO  impl.RaftServerImpl (RaftServerImpl.java:<init>(95)) - 1e849afe-e025-4ea1-92fc-2ba4c5aad289: new RaftServerImpl for group-89E0D32B6668:[1e849afe-e025-4ea1-92fc-2ba4c5aad289:192.168.164.238:45977] with ContainerStateMachine:uninitialized
2019-09-26 13:14:20,752 [pool-77-thread-1] INFO  server.RaftServerConfigKeys (ConfUtils.java:logGet(43)) - raft.server.rpc.timeout.min = 5s (custom)
2019-09-26 13:14:20,753 [pool-77-thread-1] INFO  server.RaftServerConfigKeys (ConfUtils.java:logGet(43)) - raft.server.rpc.timeout.max = 5200ms (custom)
2019-09-26 13:14:20,753 [pool-77-thread-1] INFO  server.RaftServerConfigKeys (ConfUtils.java:logGet(43)) - raft.server.rpcslowness.timeout = 120s (custom)
2019-09-26 13:14:20,753 [pool-77-thread-1] INFO  server.RaftServerConfigKeys (ConfUtils.java:logGet(43)) - raft.server.sleep.deviation.threshold = 300 (default)
2019-09-26 13:14:20,753 [pool-77-thread-1] INFO  server.RaftServerConfigKeys (ConfUtils.java:logGet(43)) - raft.server.log.appender.install.snapshot.enabled = false (custom)
2019-09-26 13:14:20,753 [pool-77-thread-1] INFO  impl.RaftServerImpl (ServerState.java:<init>(103)) - 1e849afe-e025-4ea1-92fc-2ba4c5aad289@group-89E0D32B6668: ConfigurationManager, init=-1: [1e849afe-e025-4ea1-92fc-2ba4c5aad289:192.168.164.238:45977], old=null, confs=<EMPTY_MAP>
2019-09-26 13:14:20,754 [pool-77-thread-1] INFO  server.RaftServerConfigKeys (ConfUtils.java:logGet(43)) - raft.server.storage.dir = [/workdir/hadoop-ozone/integration-test/target/test-dir/MiniOzoneClusterImpl-d2415e2d-2ab8-4028-b036-3844cbbdd4ea/datanode-0/data/ratis] (custom)
2019-09-26 13:14:20,754 [pool-77-thread-1] INFO  storage.RaftStorageDirectory (RaftStorageDirectory.java:analyzeStorage(246)) - The storage directory /workdir/hadoop-ozone/integration-test/target/test-dir/MiniOzoneClusterImpl-d2415e2d-2ab8-4028-b036-3844cbbdd4ea/datanode-0/data/ratis/e31cfa1c-b056-4e89-946d-89e0d32b6668 does not exist. Creating ...
2019-09-26 13:14:20,767 [pool-77-thread-1] INFO  storage.RaftStorageDirectory (RaftStorageDirectory.java:tryLock(328)) - Lock on /workdir/hadoop-ozone/integration-test/target/test-dir/MiniOzoneClusterImpl-d2415e2d-2ab8-4028-b036-3844cbbdd4ea/datanode-0/data/ratis/e31cfa1c-b056-4e89-946d-89e0d32b6668/in_use.lock acquired by nodename 10026@pr-hdds-1569-87zkn-1081879488
2019-09-26 13:14:20,772 [pool-77-thread-1] INFO  storage.RaftStorage (RaftStorage.java:format(72)) - Storage directory /workdir/hadoop-ozone/integration-test/target/test-dir/MiniOzoneClusterImpl-d2415e2d-2ab8-4028-b036-3844cbbdd4ea/datanode-0/data/ratis/e31cfa1c-b056-4e89-946d-89e0d32b6668 has been successfully formatted.
2019-09-26 13:14:20,772 [pool-77-thread-1] INFO  ratis.ContainerStateMachine (ContainerStateMachine.java:loadSnapshot(230)) - group-89E0D32B6668: The snapshot info is null. Setting the last applied indexto:(t:0, i:~)
2019-09-26 13:14:20,772 [pool-77-thread-1] INFO  server.RaftServerConfigKeys (ConfUtils.java:logGet(43)) - raft.server.notification.no-leader.timeout = 120s (custom)
2019-09-26 13:14:20,773 [pool-77-thread-1] INFO  server.RaftServerConfigKeys (ConfUtils.java:logGet(43)) - raft.server.log.use.memory = false (default)
2019-09-26 13:14:20,773 [pool-77-thread-1] INFO  server.RaftServerConfigKeys (ConfUtils.java:logGet(43)) - raft.server.log.purge.gap = 1000000 (custom)
2019-09-26 13:14:20,773 [pool-77-thread-1] INFO  server.RaftServerConfigKeys (ConfUtils.java:logGet(43)) - raft.server.log.appender.buffer.byte-limit = 33554432 (custom)
2019-09-26 13:14:20,773 [pool-77-thread-1] INFO  server.RaftServerConfigKeys (ConfUtils.java:logGet(43)) - raft.server.log.segment.size.max = 1048576 (custom)
2019-09-26 13:14:20,773 [pool-77-thread-1] INFO  server.RaftServerConfigKeys (ConfUtils.java:logGet(43)) - raft.server.log.segment.cache.num.max = 2 (custom)
2019-09-26 13:14:20,773 [pool-77-thread-1] INFO  segmented.SegmentedRaftLogWorker (SegmentedRaftLogWorker.java:<init>(172)) - new 1e849afe-e025-4ea1-92fc-2ba4c5aad289@group-89E0D32B6668-SegmentedRaftLogWorker for RaftStorage:Storage Directory /workdir/hadoop-ozone/integration-test/target/test-dir/MiniOzoneClusterImpl-d2415e2d-2ab8-4028-b036-3844cbbdd4ea/datanode-0/data/ratis/e31cfa1c-b056-4e89-946d-89e0d32b6668
2019-09-26 13:14:20,773 [pool-77-thread-1] INFO  server.RaftServerConfigKeys (ConfUtils.java:logGet(43)) - raft.server.log.queue.byte-limit = 2147483647 (custom)
2019-09-26 13:14:20,774 [pool-77-thread-1] INFO  server.RaftServerConfigKeys (ConfUtils.java:logGet(43)) - raft.server.log.queue.element-limit = 1024 (custom)
2019-09-26 13:14:20,774 [pool-77-thread-1] INFO  server.RaftServerConfigKeys (ConfUtils.java:logGet(43)) - raft.server.log.segment.size.max = 1048576 (custom)
2019-09-26 13:14:20,774 [pool-77-thread-1] INFO  server.RaftServerConfigKeys (ConfUtils.java:logGet(43)) - raft.server.log.preallocated.size = 16384 (custom)
2019-09-26 13:14:20,774 [pool-77-thread-1] INFO  server.RaftServerConfigKeys (ConfUtils.java:logGet(43)) - raft.server.log.write.buffer.size = 33554432 (custom)
2019-09-26 13:14:20,774 [pool-77-thread-1] INFO  server.RaftServerConfigKeys (ConfUtils.java:logGet(43)) - raft.server.log.force.sync.num = 128 (default)
2019-09-26 13:14:20,774 [pool-77-thread-1] INFO  server.RaftServerConfigKeys (ConfUtils.java:logGet(43)) - raft.server.log.statemachine.data.sync = true (default)
2019-09-26 13:14:20,774 [pool-77-thread-1] INFO  server.RaftServerConfigKeys (ConfUtils.java:logGet(43)) - raft.server.log.statemachine.data.sync.timeout = 10s (default)
2019-09-26 13:14:20,774 [pool-77-thread-1] INFO  server.RaftServerConfigKeys (ConfUtils.java:logGet(43)) - raft.server.log.statemachine.data.sync.timeout.retry = -1 (default)
2019-09-26 13:14:20,775 [pool-77-thread-1] INFO  server.RaftServerConfigKeys (ConfUtils.java:logGet(43)) - raft.server.log.statemachine.data.caching.enabled = true (custom)
2019-09-26 13:14:20,775 [pool-77-thread-1] INFO  segmented.SegmentedRaftLogWorker (SegmentedRaftLogWorker.java:lambda$new$0(132)) - 1e849afe-e025-4ea1-92fc-2ba4c5aad289@group-89E0D32B6668-SegmentedRaftLogWorker: flushIndex: setUnconditionally 0 -> -1
2019-09-26 13:14:20,775 [pool-77-thread-1] INFO  server.RaftServerConfigKeys (ConfUtils.java:logGet(43)) - raft.server.snapshot.auto.trigger.enabled = true (custom)
2019-09-26 13:14:20,775 [pool-77-thread-1] INFO  server.RaftServerConfigKeys (ConfUtils.java:logGet(43)) - raft.server.snapshot.auto.trigger.threshold = 10000 (custom)
2019-09-26 13:14:20,776 [pool-77-thread-1] INFO  server.RaftServerConfigKeys (ConfUtils.java:logGet(43)) - raft.server.snapshot.retention.num.files = 5 (custom)
2019-09-26 13:14:20,776 [pool-77-thread-1] INFO  server.RaftServerConfigKeys (ConfUtils.java:logGet(43)) - raft.server.retrycache.expirytime = 600000ms (custom)
2019-09-26 13:14:20,778 [pool-77-thread-1] INFO  impl.RaftServerImpl (RaftServerImpl.java:start(185)) - 1e849afe-e025-4ea1-92fc-2ba4c5aad289@group-89E0D32B6668: start as a follower, conf=-1: [1e849afe-e025-4ea1-92fc-2ba4c5aad289:192.168.164.238:45977], old=null
2019-09-26 13:14:20,778 [pool-77-thread-1] INFO  impl.RaftServerImpl (RaftServerImpl.java:setRole(174)) - 1e849afe-e025-4ea1-92fc-2ba4c5aad289@group-89E0D32B6668: changes role from      null to FOLLOWER at term 0 for startAsFollower
2019-09-26 13:14:20,778 [pool-77-thread-1] INFO  impl.RoleInfo (RoleInfo.java:updateAndGet(143)) - 1e849afe-e025-4ea1-92fc-2ba4c5aad289: start FollowerState
2019-09-26 13:14:20,779 [pool-77-thread-1] INFO  util.JmxRegister (JmxRegister.java:tryRegister(44)) - Successfully registered JMX Bean with object name Ratis:service=RaftServer,group=group-89E0D32B6668,id=1e849afe-e025-4ea1-92fc-2ba4c5aad289
2019-09-26 13:14:20,784 [RatisPipelineUtilsThread] INFO  pipeline.PipelineStateManager (PipelineStateManager.java:addPipeline(56)) - Created pipeline Pipeline[ Id: e31cfa1c-b056-4e89-946d-89e0d32b6668, Nodes: 1e849afe-e025-4ea1-92fc-2ba4c5aad289{ip: 192.168.164.238, host: pr-hdds-1569-87zkn-1081879488, networkLocation: /default-rack, certSerialId: null}, Type:RATIS, Factor:ONE, State:OPEN]
2019-09-26 13:14:20,792 [grpc-default-executor-0] INFO  impl.RaftServerProxy (RaftServerProxy.java:addNew(89)) - 02fbea54-5f9c-4a3a-a32e-981146fa3872: addNew group-29CC744F10CE:[02fbea54-5f9c-4a3a-a32e-981146fa3872:192.168.164.238:41737] returns group-29CC744F10CE:java.util.concurrent.CompletableFuture@728b5f25[Not completed]
2019-09-26 13:14:20,793 [pool-87-thread-1] INFO  impl.RaftServerImpl (RaftServerImpl.java:<init>(95)) - 02fbea54-5f9c-4a3a-a32e-981146fa3872: new RaftServerImpl for group-29CC744F10CE:[02fbea54-5f9c-4a3a-a32e-981146fa3872:192.168.164.238:41737] with ContainerStateMachine:uninitialized
2019-09-26 13:14:20,794 [pool-87-thread-1] INFO  server.RaftServerConfigKeys (ConfUtils.java:logGet(43)) - raft.server.rpc.timeout.min = 5s (custom)
2019-09-26 13:14:20,794 [pool-87-thread-1] INFO  server.RaftServerConfigKeys (ConfUtils.java:logGet(43)) - raft.server.rpc.timeout.max = 5200ms (custom)
2019-09-26 13:14:20,794 [pool-87-thread-1] INFO  server.RaftServerConfigKeys (ConfUtils.java:logGet(43)) - raft.server.rpcslowness.timeout = 120s (custom)
2019-09-26 13:14:20,794 [pool-87-thread-1] INFO  server.RaftServerConfigKeys (ConfUtils.java:logGet(43)) - raft.server.sleep.deviation.threshold = 300 (default)
2019-09-26 13:14:20,794 [pool-87-thread-1] INFO  server.RaftServerConfigKeys (ConfUtils.java:logGet(43)) - raft.server.log.appender.install.snapshot.enabled = false (custom)
2019-09-26 13:14:20,794 [pool-87-thread-1] INFO  impl.RaftServerImpl (ServerState.java:<init>(103)) - 02fbea54-5f9c-4a3a-a32e-981146fa3872@group-29CC744F10CE: ConfigurationManager, init=-1: [02fbea54-5f9c-4a3a-a32e-981146fa3872:192.168.164.238:41737], old=null, confs=<EMPTY_MAP>
2019-09-26 13:14:20,794 [pool-87-thread-1] INFO  server.RaftServerConfigKeys (ConfUtils.java:logGet(43)) - raft.server.storage.dir = [/workdir/hadoop-ozone/integration-test/target/test-dir/MiniOzoneClusterImpl-d2415e2d-2ab8-4028-b036-3844cbbdd4ea/datanode-1/data/ratis] (custom)
2019-09-26 13:14:20,795 [pool-87-thread-1] INFO  storage.RaftStorageDirectory (RaftStorageDirectory.java:analyzeStorage(246)) - The storage directory /workdir/hadoop-ozone/integration-test/target/test-dir/MiniOzoneClusterImpl-d2415e2d-2ab8-4028-b036-3844cbbdd4ea/datanode-1/data/ratis/f59ff44a-014c-4734-933c-29cc744f10ce does not exist. Creating ...
2019-09-26 13:14:20,800 [pool-87-thread-1] INFO  storage.RaftStorageDirectory (RaftStorageDirectory.java:tryLock(328)) - Lock on /workdir/hadoop-ozone/integration-test/target/test-dir/MiniOzoneClusterImpl-d2415e2d-2ab8-4028-b036-3844cbbdd4ea/datanode-1/data/ratis/f59ff44a-014c-4734-933c-29cc744f10ce/in_use.lock acquired by nodename 10026@pr-hdds-1569-87zkn-1081879488
2019-09-26 13:14:20,804 [pool-87-thread-1] INFO  storage.RaftStorage (RaftStorage.java:format(72)) - Storage directory /workdir/hadoop-ozone/integration-test/target/test-dir/MiniOzoneClusterImpl-d2415e2d-2ab8-4028-b036-3844cbbdd4ea/datanode-1/data/ratis/f59ff44a-014c-4734-933c-29cc744f10ce has been successfully formatted.
2019-09-26 13:14:20,804 [pool-87-thread-1] INFO  ratis.ContainerStateMachine (ContainerStateMachine.java:loadSnapshot(230)) - group-29CC744F10CE: The snapshot info is null. Setting the last applied indexto:(t:0, i:~)
2019-09-26 13:14:20,804 [pool-87-thread-1] INFO  server.RaftServerConfigKeys (ConfUtils.java:logGet(43)) - raft.server.notification.no-leader.timeout = 120s (custom)
2019-09-26 13:14:20,805 [pool-87-thread-1] INFO  server.RaftServerConfigKeys (ConfUtils.java:logGet(43)) - raft.server.log.use.memory = false (default)
2019-09-26 13:14:20,805 [pool-87-thread-1] INFO  server.RaftServerConfigKeys (ConfUtils.java:logGet(43)) - raft.server.log.purge.gap = 1000000 (custom)
2019-09-26 13:14:20,805 [pool-87-thread-1] INFO  server.RaftServerConfigKeys (ConfUtils.java:logGet(43)) - raft.server.log.appender.buffer.byte-limit = 33554432 (custom)
2019-09-26 13:14:20,805 [pool-87-thread-1] INFO  server.RaftServerConfigKeys (ConfUtils.java:logGet(43)) - raft.server.log.segment.size.max = 1048576 (custom)
2019-09-26 13:14:20,805 [pool-87-thread-1] INFO  server.RaftServerConfigKeys (ConfUtils.java:logGet(43)) - raft.server.log.segment.cache.num.max = 2 (custom)
2019-09-26 13:14:20,805 [pool-87-thread-1] INFO  segmented.SegmentedRaftLogWorker (SegmentedRaftLogWorker.java:<init>(172)) - new 02fbea54-5f9c-4a3a-a32e-981146fa3872@group-29CC744F10CE-SegmentedRaftLogWorker for RaftStorage:Storage Directory /workdir/hadoop-ozone/integration-test/target/test-dir/MiniOzoneClusterImpl-d2415e2d-2ab8-4028-b036-3844cbbdd4ea/datanode-1/data/ratis/f59ff44a-014c-4734-933c-29cc744f10ce
2019-09-26 13:14:20,805 [pool-87-thread-1] INFO  server.RaftServerConfigKeys (ConfUtils.java:logGet(43)) - raft.server.log.queue.byte-limit = 2147483647 (custom)
2019-09-26 13:14:20,805 [pool-87-thread-1] INFO  server.RaftServerConfigKeys (ConfUtils.java:logGet(43)) - raft.server.log.queue.element-limit = 1024 (custom)
2019-09-26 13:14:20,805 [pool-87-thread-1] INFO  server.RaftServerConfigKeys (ConfUtils.java:logGet(43)) - raft.server.log.segment.size.max = 1048576 (custom)
2019-09-26 13:14:20,806 [pool-87-thread-1] INFO  server.RaftServerConfigKeys (ConfUtils.java:logGet(43)) - raft.server.log.preallocated.size = 16384 (custom)
2019-09-26 13:14:20,806 [pool-87-thread-1] INFO  server.RaftServerConfigKeys (ConfUtils.java:logGet(43)) - raft.server.log.write.buffer.size = 33554432 (custom)
2019-09-26 13:14:20,806 [pool-87-thread-1] INFO  server.RaftServerConfigKeys (ConfUtils.java:logGet(43)) - raft.server.log.force.sync.num = 128 (default)
2019-09-26 13:14:20,806 [pool-87-thread-1] INFO  server.RaftServerConfigKeys (ConfUtils.java:logGet(43)) - raft.server.log.statemachine.data.sync = true (default)
2019-09-26 13:14:20,806 [pool-87-thread-1] INFO  server.RaftServerConfigKeys (ConfUtils.java:logGet(43)) - raft.server.log.statemachine.data.sync.timeout = 10s (default)
2019-09-26 13:14:20,806 [pool-87-thread-1] INFO  server.RaftServerConfigKeys (ConfUtils.java:logGet(43)) - raft.server.log.statemachine.data.sync.timeout.retry = -1 (default)
2019-09-26 13:14:20,806 [pool-87-thread-1] INFO  server.RaftServerConfigKeys (ConfUtils.java:logGet(43)) - raft.server.log.statemachine.data.caching.enabled = true (custom)
2019-09-26 13:14:20,807 [pool-87-thread-1] INFO  segmented.SegmentedRaftLogWorker (SegmentedRaftLogWorker.java:lambda$new$0(132)) - 02fbea54-5f9c-4a3a-a32e-981146fa3872@group-29CC744F10CE-SegmentedRaftLogWorker: flushIndex: setUnconditionally 0 -> -1
2019-09-26 13:14:20,807 [pool-87-thread-1] INFO  server.RaftServerConfigKeys (ConfUtils.java:logGet(43)) - raft.server.snapshot.auto.trigger.enabled = true (custom)
2019-09-26 13:14:20,807 [pool-87-thread-1] INFO  server.RaftServerConfigKeys (ConfUtils.java:logGet(43)) - raft.server.snapshot.auto.trigger.threshold = 10000 (custom)
2019-09-26 13:14:20,807 [pool-87-thread-1] INFO  server.RaftServerConfigKeys (ConfUtils.java:logGet(43)) - raft.server.snapshot.retention.num.files = 5 (custom)
2019-09-26 13:14:20,807 [pool-87-thread-1] INFO  server.RaftServerConfigKeys (ConfUtils.java:logGet(43)) - raft.server.retrycache.expirytime = 600000ms (custom)
2019-09-26 13:14:20,809 [pool-87-thread-1] INFO  impl.RaftServerImpl (RaftServerImpl.java:start(185)) - 02fbea54-5f9c-4a3a-a32e-981146fa3872@group-29CC744F10CE: start as a follower, conf=-1: [02fbea54-5f9c-4a3a-a32e-981146fa3872:192.168.164.238:41737], old=null
2019-09-26 13:14:20,809 [pool-87-thread-1] INFO  impl.RaftServerImpl (RaftServerImpl.java:setRole(174)) - 02fbea54-5f9c-4a3a-a32e-981146fa3872@group-29CC744F10CE: changes role from      null to FOLLOWER at term 0 for startAsFollower
2019-09-26 13:14:20,809 [pool-87-thread-1] INFO  impl.RoleInfo (RoleInfo.java:updateAndGet(143)) - 02fbea54-5f9c-4a3a-a32e-981146fa3872: start FollowerState
2019-09-26 13:14:20,810 [pool-87-thread-1] INFO  util.JmxRegister (JmxRegister.java:tryRegister(44)) - Successfully registered JMX Bean with object name Ratis:service=RaftServer,group=group-29CC744F10CE,id=02fbea54-5f9c-4a3a-a32e-981146fa3872
2019-09-26 13:14:20,814 [RatisPipelineUtilsThread] INFO  pipeline.PipelineStateManager (PipelineStateManager.java:addPipeline(56)) - Created pipeline Pipeline[ Id: f59ff44a-014c-4734-933c-29cc744f10ce, Nodes: 02fbea54-5f9c-4a3a-a32e-981146fa3872{ip: 192.168.164.238, host: pr-hdds-1569-87zkn-1081879488, networkLocation: /default-rack, certSerialId: null}, Type:RATIS, Factor:ONE, State:OPEN]
2019-09-26 13:14:20,821 [grpc-default-executor-0] INFO  impl.RaftServerProxy (RaftServerProxy.java:addNew(89)) - 1e849afe-e025-4ea1-92fc-2ba4c5aad289: addNew group-59B0E446519B:[1e849afe-e025-4ea1-92fc-2ba4c5aad289:192.168.164.238:45977] returns group-59B0E446519B:java.util.concurrent.CompletableFuture@5f5f402e[Not completed]
2019-09-26 13:14:20,823 [pool-77-thread-1] INFO  impl.RaftServerImpl (RaftServerImpl.java:<init>(95)) - 1e849afe-e025-4ea1-92fc-2ba4c5aad289: new RaftServerImpl for group-59B0E446519B:[1e849afe-e025-4ea1-92fc-2ba4c5aad289:192.168.164.238:45977] with ContainerStateMachine:uninitialized
2019-09-26 13:14:20,823 [pool-77-thread-1] INFO  server.RaftServerConfigKeys (ConfUtils.java:logGet(43)) - raft.server.rpc.timeout.min = 5s (custom)
2019-09-26 13:14:20,823 [pool-77-thread-1] INFO  server.RaftServerConfigKeys (ConfUtils.java:logGet(43)) - raft.server.rpc.timeout.max = 5200ms (custom)
2019-09-26 13:14:20,824 [pool-77-thread-1] INFO  server.RaftServerConfigKeys (ConfUtils.java:logGet(43)) - raft.server.rpcslowness.timeout = 120s (custom)
2019-09-26 13:14:20,824 [pool-77-thread-1] INFO  server.RaftServerConfigKeys (ConfUtils.java:logGet(43)) - raft.server.sleep.deviation.threshold = 300 (default)
2019-09-26 13:14:20,824 [pool-77-thread-1] INFO  server.RaftServerConfigKeys (ConfUtils.java:logGet(43)) - raft.server.log.appender.install.snapshot.enabled = false (custom)
2019-09-26 13:14:20,824 [pool-77-thread-1] INFO  impl.RaftServerImpl (ServerState.java:<init>(103)) - 1e849afe-e025-4ea1-92fc-2ba4c5aad289@group-59B0E446519B: ConfigurationManager, init=-1: [1e849afe-e025-4ea1-92fc-2ba4c5aad289:192.168.164.238:45977], old=null, confs=<EMPTY_MAP>
2019-09-26 13:14:20,824 [pool-77-thread-1] INFO  server.RaftServerConfigKeys (ConfUtils.java:logGet(43)) - raft.server.storage.dir = [/workdir/hadoop-ozone/integration-test/target/test-dir/MiniOzoneClusterImpl-d2415e2d-2ab8-4028-b036-3844cbbdd4ea/datanode-0/data/ratis] (custom)
2019-09-26 13:14:20,825 [pool-77-thread-1] INFO  storage.RaftStorageDirectory (RaftStorageDirectory.java:analyzeStorage(246)) - The storage directory /workdir/hadoop-ozone/integration-test/target/test-dir/MiniOzoneClusterImpl-d2415e2d-2ab8-4028-b036-3844cbbdd4ea/datanode-0/data/ratis/b1e8e819-5653-426d-bf28-59b0e446519b does not exist. Creating ...
2019-09-26 13:14:20,840 [pool-77-thread-1] INFO  storage.RaftStorageDirectory (RaftStorageDirectory.java:tryLock(328)) - Lock on /workdir/hadoop-ozone/integration-test/target/test-dir/MiniOzoneClusterImpl-d2415e2d-2ab8-4028-b036-3844cbbdd4ea/datanode-0/data/ratis/b1e8e819-5653-426d-bf28-59b0e446519b/in_use.lock acquired by nodename 10026@pr-hdds-1569-87zkn-1081879488
2019-09-26 13:14:20,843 [pool-77-thread-1] INFO  storage.RaftStorage (RaftStorage.java:format(72)) - Storage directory /workdir/hadoop-ozone/integration-test/target/test-dir/MiniOzoneClusterImpl-d2415e2d-2ab8-4028-b036-3844cbbdd4ea/datanode-0/data/ratis/b1e8e819-5653-426d-bf28-59b0e446519b has been successfully formatted.
2019-09-26 13:14:20,843 [pool-77-thread-1] INFO  ratis.ContainerStateMachine (ContainerStateMachine.java:loadSnapshot(230)) - group-59B0E446519B: The snapshot info is null. Setting the last applied indexto:(t:0, i:~)
2019-09-26 13:14:20,843 [pool-77-thread-1] INFO  server.RaftServerConfigKeys (ConfUtils.java:logGet(43)) - raft.server.notification.no-leader.timeout = 120s (custom)
2019-09-26 13:14:20,843 [pool-77-thread-1] INFO  server.RaftServerConfigKeys (ConfUtils.java:logGet(43)) - raft.server.log.use.memory = false (default)
2019-09-26 13:14:20,844 [pool-77-thread-1] INFO  server.RaftServerConfigKeys (ConfUtils.java:logGet(43)) - raft.server.log.purge.gap = 1000000 (custom)
2019-09-26 13:14:20,844 [pool-77-thread-1] INFO  server.RaftServerConfigKeys (ConfUtils.java:logGet(43)) - raft.server.log.appender.buffer.byte-limit = 33554432 (custom)
2019-09-26 13:14:20,844 [pool-77-thread-1] INFO  server.RaftServerConfigKeys (ConfUtils.java:logGet(43)) - raft.server.log.segment.size.max = 1048576 (custom)
2019-09-26 13:14:20,844 [pool-77-thread-1] INFO  server.RaftServerConfigKeys (ConfUtils.java:logGet(43)) - raft.server.log.segment.cache.num.max = 2 (custom)
2019-09-26 13:14:20,844 [pool-77-thread-1] INFO  segmented.SegmentedRaftLogWorker (SegmentedRaftLogWorker.java:<init>(172)) - new 1e849afe-e025-4ea1-92fc-2ba4c5aad289@group-59B0E446519B-SegmentedRaftLogWorker for RaftStorage:Storage Directory /workdir/hadoop-ozone/integration-test/target/test-dir/MiniOzoneClusterImpl-d2415e2d-2ab8-4028-b036-3844cbbdd4ea/datanode-0/data/ratis/b1e8e819-5653-426d-bf28-59b0e446519b
2019-09-26 13:14:20,844 [pool-77-thread-1] INFO  server.RaftServerConfigKeys (ConfUtils.java:logGet(43)) - raft.server.log.queue.byte-limit = 2147483647 (custom)
2019-09-26 13:14:20,844 [pool-77-thread-1] INFO  server.RaftServerConfigKeys (ConfUtils.java:logGet(43)) - raft.server.log.queue.element-limit = 1024 (custom)
2019-09-26 13:14:20,844 [pool-77-thread-1] INFO  server.RaftServerConfigKeys (ConfUtils.java:logGet(43)) - raft.server.log.segment.size.max = 1048576 (custom)
2019-09-26 13:14:20,845 [pool-77-thread-1] INFO  server.RaftServerConfigKeys (ConfUtils.java:logGet(43)) - raft.server.log.preallocated.size = 16384 (custom)
2019-09-26 13:14:20,845 [pool-77-thread-1] INFO  server.RaftServerConfigKeys (ConfUtils.java:logGet(43)) - raft.server.log.write.buffer.size = 33554432 (custom)
2019-09-26 13:14:20,845 [pool-77-thread-1] INFO  server.RaftServerConfigKeys (ConfUtils.java:logGet(43)) - raft.server.log.force.sync.num = 128 (default)
2019-09-26 13:14:20,845 [pool-77-thread-1] INFO  server.RaftServerConfigKeys (ConfUtils.java:logGet(43)) - raft.server.log.statemachine.data.sync = true (default)
2019-09-26 13:14:20,845 [pool-77-thread-1] INFO  server.RaftServerConfigKeys (ConfUtils.java:logGet(43)) - raft.server.log.statemachine.data.sync.timeout = 10s (default)
2019-09-26 13:14:20,845 [pool-77-thread-1] INFO  server.RaftServerConfigKeys (ConfUtils.java:logGet(43)) - raft.server.log.statemachine.data.sync.timeout.retry = -1 (default)
2019-09-26 13:14:20,845 [pool-77-thread-1] INFO  server.RaftServerConfigKeys (ConfUtils.java:logGet(43)) - raft.server.log.statemachine.data.caching.enabled = true (custom)
2019-09-26 13:14:20,856 [pool-77-thread-1] INFO  segmented.SegmentedRaftLogWorker (SegmentedRaftLogWorker.java:lambda$new$0(132)) - 1e849afe-e025-4ea1-92fc-2ba4c5aad289@group-59B0E446519B-SegmentedRaftLogWorker: flushIndex: setUnconditionally 0 -> -1
2019-09-26 13:14:20,856 [pool-77-thread-1] INFO  server.RaftServerConfigKeys (ConfUtils.java:logGet(43)) - raft.server.snapshot.auto.trigger.enabled = true (custom)
2019-09-26 13:14:20,856 [pool-77-thread-1] INFO  server.RaftServerConfigKeys (ConfUtils.java:logGet(43)) - raft.server.snapshot.auto.trigger.threshold = 10000 (custom)
2019-09-26 13:14:20,856 [pool-77-thread-1] INFO  server.RaftServerConfigKeys (ConfUtils.java:logGet(43)) - raft.server.snapshot.retention.num.files = 5 (custom)
2019-09-26 13:14:20,857 [pool-77-thread-1] INFO  server.RaftServerConfigKeys (ConfUtils.java:logGet(43)) - raft.server.retrycache.expirytime = 600000ms (custom)
2019-09-26 13:14:20,859 [pool-77-thread-1] INFO  impl.RaftServerImpl (RaftServerImpl.java:start(185)) - 1e849afe-e025-4ea1-92fc-2ba4c5aad289@group-59B0E446519B: start as a follower, conf=-1: [1e849afe-e025-4ea1-92fc-2ba4c5aad289:192.168.164.238:45977], old=null
2019-09-26 13:14:20,859 [pool-77-thread-1] INFO  impl.RaftServerImpl (RaftServerImpl.java:setRole(174)) - 1e849afe-e025-4ea1-92fc-2ba4c5aad289@group-59B0E446519B: changes role from      null to FOLLOWER at term 0 for startAsFollower
2019-09-26 13:14:20,859 [pool-77-thread-1] INFO  impl.RoleInfo (RoleInfo.java:updateAndGet(143)) - 1e849afe-e025-4ea1-92fc-2ba4c5aad289: start FollowerState
2019-09-26 13:14:20,859 [pool-77-thread-1] INFO  util.JmxRegister (JmxRegister.java:tryRegister(44)) - Successfully registered JMX Bean with object name Ratis:service=RaftServer,group=group-59B0E446519B,id=1e849afe-e025-4ea1-92fc-2ba4c5aad289
2019-09-26 13:14:20,863 [RatisPipelineUtilsThread] INFO  pipeline.PipelineStateManager (PipelineStateManager.java:addPipeline(56)) - Created pipeline Pipeline[ Id: b1e8e819-5653-426d-bf28-59b0e446519b, Nodes: 1e849afe-e025-4ea1-92fc-2ba4c5aad289{ip: 192.168.164.238, host: pr-hdds-1569-87zkn-1081879488, networkLocation: /default-rack, certSerialId: null}, Type:RATIS, Factor:ONE, State:OPEN]
2019-09-26 13:14:20,871 [grpc-default-executor-0] INFO  impl.RaftServerProxy (RaftServerProxy.java:addNew(89)) - 1e849afe-e025-4ea1-92fc-2ba4c5aad289: addNew group-3BA5A9A97F19:[1e849afe-e025-4ea1-92fc-2ba4c5aad289:192.168.164.238:45977] returns group-3BA5A9A97F19:java.util.concurrent.CompletableFuture@768de4d0[Not completed]
2019-09-26 13:14:20,872 [pool-77-thread-1] INFO  impl.RaftServerImpl (RaftServerImpl.java:<init>(95)) - 1e849afe-e025-4ea1-92fc-2ba4c5aad289: new RaftServerImpl for group-3BA5A9A97F19:[1e849afe-e025-4ea1-92fc-2ba4c5aad289:192.168.164.238:45977] with ContainerStateMachine:uninitialized
2019-09-26 13:14:20,872 [pool-77-thread-1] INFO  server.RaftServerConfigKeys (ConfUtils.java:logGet(43)) - raft.server.rpc.timeout.min = 5s (custom)
2019-09-26 13:14:20,872 [pool-77-thread-1] INFO  server.RaftServerConfigKeys (ConfUtils.java:logGet(43)) - raft.server.rpc.timeout.max = 5200ms (custom)
2019-09-26 13:14:20,872 [pool-77-thread-1] INFO  server.RaftServerConfigKeys (ConfUtils.java:logGet(43)) - raft.server.rpcslowness.timeout = 120s (custom)
2019-09-26 13:14:20,873 [pool-77-thread-1] INFO  server.RaftServerConfigKeys (ConfUtils.java:logGet(43)) - raft.server.sleep.deviation.threshold = 300 (default)
2019-09-26 13:14:20,873 [pool-77-thread-1] INFO  server.RaftServerConfigKeys (ConfUtils.java:logGet(43)) - raft.server.log.appender.install.snapshot.enabled = false (custom)
2019-09-26 13:14:20,873 [pool-77-thread-1] INFO  impl.RaftServerImpl (ServerState.java:<init>(103)) - 1e849afe-e025-4ea1-92fc-2ba4c5aad289@group-3BA5A9A97F19: ConfigurationManager, init=-1: [1e849afe-e025-4ea1-92fc-2ba4c5aad289:192.168.164.238:45977], old=null, confs=<EMPTY_MAP>
2019-09-26 13:14:20,873 [pool-77-thread-1] INFO  server.RaftServerConfigKeys (ConfUtils.java:logGet(43)) - raft.server.storage.dir = [/workdir/hadoop-ozone/integration-test/target/test-dir/MiniOzoneClusterImpl-d2415e2d-2ab8-4028-b036-3844cbbdd4ea/datanode-0/data/ratis] (custom)
2019-09-26 13:14:20,873 [pool-77-thread-1] INFO  storage.RaftStorageDirectory (RaftStorageDirectory.java:analyzeStorage(246)) - The storage directory /workdir/hadoop-ozone/integration-test/target/test-dir/MiniOzoneClusterImpl-d2415e2d-2ab8-4028-b036-3844cbbdd4ea/datanode-0/data/ratis/dec03857-96eb-478d-9d29-3ba5a9a97f19 does not exist. Creating ...
2019-09-26 13:14:20,884 [pool-77-thread-1] INFO  storage.RaftStorageDirectory (RaftStorageDirectory.java:tryLock(328)) - Lock on /workdir/hadoop-ozone/integration-test/target/test-dir/MiniOzoneClusterImpl-d2415e2d-2ab8-4028-b036-3844cbbdd4ea/datanode-0/data/ratis/dec03857-96eb-478d-9d29-3ba5a9a97f19/in_use.lock acquired by nodename 10026@pr-hdds-1569-87zkn-1081879488
2019-09-26 13:14:20,887 [pool-77-thread-1] INFO  storage.RaftStorage (RaftStorage.java:format(72)) - Storage directory /workdir/hadoop-ozone/integration-test/target/test-dir/MiniOzoneClusterImpl-d2415e2d-2ab8-4028-b036-3844cbbdd4ea/datanode-0/data/ratis/dec03857-96eb-478d-9d29-3ba5a9a97f19 has been successfully formatted.
2019-09-26 13:14:20,888 [pool-77-thread-1] INFO  ratis.ContainerStateMachine (ContainerStateMachine.java:loadSnapshot(230)) - group-3BA5A9A97F19: The snapshot info is null. Setting the last applied indexto:(t:0, i:~)
2019-09-26 13:14:20,888 [pool-77-thread-1] INFO  server.RaftServerConfigKeys (ConfUtils.java:logGet(43)) - raft.server.notification.no-leader.timeout = 120s (custom)
2019-09-26 13:14:20,888 [pool-77-thread-1] INFO  server.RaftServerConfigKeys (ConfUtils.java:logGet(43)) - raft.server.log.use.memory = false (default)
2019-09-26 13:14:20,888 [pool-77-thread-1] INFO  server.RaftServerConfigKeys (ConfUtils.java:logGet(43)) - raft.server.log.purge.gap = 1000000 (custom)
2019-09-26 13:14:20,888 [pool-77-thread-1] INFO  server.RaftServerConfigKeys (ConfUtils.java:logGet(43)) - raft.server.log.appender.buffer.byte-limit = 33554432 (custom)
2019-09-26 13:14:20,888 [pool-77-thread-1] INFO  server.RaftServerConfigKeys (ConfUtils.java:logGet(43)) - raft.server.log.segment.size.max = 1048576 (custom)
2019-09-26 13:14:20,888 [pool-77-thread-1] INFO  server.RaftServerConfigKeys (ConfUtils.java:logGet(43)) - raft.server.log.segment.cache.num.max = 2 (custom)
2019-09-26 13:14:20,889 [pool-77-thread-1] INFO  segmented.SegmentedRaftLogWorker (SegmentedRaftLogWorker.java:<init>(172)) - new 1e849afe-e025-4ea1-92fc-2ba4c5aad289@group-3BA5A9A97F19-SegmentedRaftLogWorker for RaftStorage:Storage Directory /workdir/hadoop-ozone/integration-test/target/test-dir/MiniOzoneClusterImpl-d2415e2d-2ab8-4028-b036-3844cbbdd4ea/datanode-0/data/ratis/dec03857-96eb-478d-9d29-3ba5a9a97f19
2019-09-26 13:14:20,889 [pool-77-thread-1] INFO  server.RaftServerConfigKeys (ConfUtils.java:logGet(43)) - raft.server.log.queue.byte-limit = 2147483647 (custom)
2019-09-26 13:14:20,889 [pool-77-thread-1] INFO  server.RaftServerConfigKeys (ConfUtils.java:logGet(43)) - raft.server.log.queue.element-limit = 1024 (custom)
2019-09-26 13:14:20,889 [pool-77-thread-1] INFO  server.RaftServerConfigKeys (ConfUtils.java:logGet(43)) - raft.server.log.segment.size.max = 1048576 (custom)
2019-09-26 13:14:20,889 [pool-77-thread-1] INFO  server.RaftServerConfigKeys (ConfUtils.java:logGet(43)) - raft.server.log.preallocated.size = 16384 (custom)
2019-09-26 13:14:20,889 [pool-77-thread-1] INFO  server.RaftServerConfigKeys (ConfUtils.java:logGet(43)) - raft.server.log.write.buffer.size = 33554432 (custom)
2019-09-26 13:14:20,889 [pool-77-thread-1] INFO  server.RaftServerConfigKeys (ConfUtils.java:logGet(43)) - raft.server.log.force.sync.num = 128 (default)
2019-09-26 13:14:20,889 [pool-77-thread-1] INFO  server.RaftServerConfigKeys (ConfUtils.java:logGet(43)) - raft.server.log.statemachine.data.sync = true (default)
2019-09-26 13:14:20,889 [pool-77-thread-1] INFO  server.RaftServerConfigKeys (ConfUtils.java:logGet(43)) - raft.server.log.statemachine.data.sync.timeout = 10s (default)
2019-09-26 13:14:20,890 [pool-77-thread-1] INFO  server.RaftServerConfigKeys (ConfUtils.java:logGet(43)) - raft.server.log.statemachine.data.sync.timeout.retry = -1 (default)
2019-09-26 13:14:20,890 [pool-77-thread-1] INFO  server.RaftServerConfigKeys (ConfUtils.java:logGet(43)) - raft.server.log.statemachine.data.caching.enabled = true (custom)
2019-09-26 13:14:20,890 [pool-77-thread-1] INFO  segmented.SegmentedRaftLogWorker (SegmentedRaftLogWorker.java:lambda$new$0(132)) - 1e849afe-e025-4ea1-92fc-2ba4c5aad289@group-3BA5A9A97F19-SegmentedRaftLogWorker: flushIndex: setUnconditionally 0 -> -1
2019-09-26 13:14:20,890 [pool-77-thread-1] INFO  server.RaftServerConfigKeys (ConfUtils.java:logGet(43)) - raft.server.snapshot.auto.trigger.enabled = true (custom)
2019-09-26 13:14:20,890 [pool-77-thread-1] INFO  server.RaftServerConfigKeys (ConfUtils.java:logGet(43)) - raft.server.snapshot.auto.trigger.threshold = 10000 (custom)
2019-09-26 13:14:20,890 [pool-77-thread-1] INFO  server.RaftServerConfigKeys (ConfUtils.java:logGet(43)) - raft.server.snapshot.retention.num.files = 5 (custom)
2019-09-26 13:14:20,891 [pool-77-thread-1] INFO  server.RaftServerConfigKeys (ConfUtils.java:logGet(43)) - raft.server.retrycache.expirytime = 600000ms (custom)
2019-09-26 13:14:20,893 [pool-77-thread-1] INFO  impl.RaftServerImpl (RaftServerImpl.java:start(185)) - 1e849afe-e025-4ea1-92fc-2ba4c5aad289@group-3BA5A9A97F19: start as a follower, conf=-1: [1e849afe-e025-4ea1-92fc-2ba4c5aad289:192.168.164.238:45977], old=null
2019-09-26 13:14:20,893 [pool-77-thread-1] INFO  impl.RaftServerImpl (RaftServerImpl.java:setRole(174)) - 1e849afe-e025-4ea1-92fc-2ba4c5aad289@group-3BA5A9A97F19: changes role from      null to FOLLOWER at term 0 for startAsFollower
2019-09-26 13:14:20,893 [pool-77-thread-1] INFO  impl.RoleInfo (RoleInfo.java:updateAndGet(143)) - 1e849afe-e025-4ea1-92fc-2ba4c5aad289: start FollowerState
2019-09-26 13:14:20,893 [pool-77-thread-1] INFO  util.JmxRegister (JmxRegister.java:tryRegister(44)) - Successfully registered JMX Bean with object name Ratis:service=RaftServer,group=group-3BA5A9A97F19,id=1e849afe-e025-4ea1-92fc-2ba4c5aad289
2019-09-26 13:14:20,897 [RatisPipelineUtilsThread] INFO  pipeline.PipelineStateManager (PipelineStateManager.java:addPipeline(56)) - Created pipeline Pipeline[ Id: dec03857-96eb-478d-9d29-3ba5a9a97f19, Nodes: 1e849afe-e025-4ea1-92fc-2ba4c5aad289{ip: 192.168.164.238, host: pr-hdds-1569-87zkn-1081879488, networkLocation: /default-rack, certSerialId: null}, Type:RATIS, Factor:ONE, State:OPEN]
2019-09-26 13:14:20,904 [grpc-default-executor-0] INFO  impl.RaftServerProxy (RaftServerProxy.java:addNew(89)) - 853d2aeb-7135-469c-ae5d-13b8b8156e53: addNew group-CEB3C0333719:[853d2aeb-7135-469c-ae5d-13b8b8156e53:192.168.164.238:33530] returns group-CEB3C0333719:java.util.concurrent.CompletableFuture@1f5e605a[Not completed]
2019-09-26 13:14:20,906 [pool-97-thread-1] INFO  impl.RaftServerImpl (RaftServerImpl.java:<init>(95)) - 853d2aeb-7135-469c-ae5d-13b8b8156e53: new RaftServerImpl for group-CEB3C0333719:[853d2aeb-7135-469c-ae5d-13b8b8156e53:192.168.164.238:33530] with ContainerStateMachine:uninitialized
2019-09-26 13:14:20,907 [pool-97-thread-1] INFO  server.RaftServerConfigKeys (ConfUtils.java:logGet(43)) - raft.server.rpc.timeout.min = 5s (custom)
2019-09-26 13:14:20,907 [pool-97-thread-1] INFO  server.RaftServerConfigKeys (ConfUtils.java:logGet(43)) - raft.server.rpc.timeout.max = 5200ms (custom)
2019-09-26 13:14:20,907 [pool-97-thread-1] INFO  server.RaftServerConfigKeys (ConfUtils.java:logGet(43)) - raft.server.rpcslowness.timeout = 120s (custom)
2019-09-26 13:14:20,907 [pool-97-thread-1] INFO  server.RaftServerConfigKeys (ConfUtils.java:logGet(43)) - raft.server.sleep.deviation.threshold = 300 (default)
2019-09-26 13:14:20,907 [pool-97-thread-1] INFO  server.RaftServerConfigKeys (ConfUtils.java:logGet(43)) - raft.server.log.appender.install.snapshot.enabled = false (custom)
2019-09-26 13:14:20,908 [pool-97-thread-1] INFO  impl.RaftServerImpl (ServerState.java:<init>(103)) - 853d2aeb-7135-469c-ae5d-13b8b8156e53@group-CEB3C0333719: ConfigurationManager, init=-1: [853d2aeb-7135-469c-ae5d-13b8b8156e53:192.168.164.238:33530], old=null, confs=<EMPTY_MAP>
2019-09-26 13:14:20,908 [pool-97-thread-1] INFO  server.RaftServerConfigKeys (ConfUtils.java:logGet(43)) - raft.server.storage.dir = [/workdir/hadoop-ozone/integration-test/target/test-dir/MiniOzoneClusterImpl-d2415e2d-2ab8-4028-b036-3844cbbdd4ea/datanode-2/data/ratis] (custom)
2019-09-26 13:14:20,908 [pool-97-thread-1] INFO  storage.RaftStorageDirectory (RaftStorageDirectory.java:analyzeStorage(246)) - The storage directory /workdir/hadoop-ozone/integration-test/target/test-dir/MiniOzoneClusterImpl-d2415e2d-2ab8-4028-b036-3844cbbdd4ea/datanode-2/data/ratis/3da1e52b-72d3-4ed6-a1aa-ceb3c0333719 does not exist. Creating ...
2019-09-26 13:14:20,913 [pool-97-thread-1] INFO  storage.RaftStorageDirectory (RaftStorageDirectory.java:tryLock(328)) - Lock on /workdir/hadoop-ozone/integration-test/target/test-dir/MiniOzoneClusterImpl-d2415e2d-2ab8-4028-b036-3844cbbdd4ea/datanode-2/data/ratis/3da1e52b-72d3-4ed6-a1aa-ceb3c0333719/in_use.lock acquired by nodename 10026@pr-hdds-1569-87zkn-1081879488
2019-09-26 13:14:20,918 [pool-97-thread-1] INFO  storage.RaftStorage (RaftStorage.java:format(72)) - Storage directory /workdir/hadoop-ozone/integration-test/target/test-dir/MiniOzoneClusterImpl-d2415e2d-2ab8-4028-b036-3844cbbdd4ea/datanode-2/data/ratis/3da1e52b-72d3-4ed6-a1aa-ceb3c0333719 has been successfully formatted.
2019-09-26 13:14:20,918 [pool-97-thread-1] INFO  ratis.ContainerStateMachine (ContainerStateMachine.java:loadSnapshot(230)) - group-CEB3C0333719: The snapshot info is null. Setting the last applied indexto:(t:0, i:~)
2019-09-26 13:14:20,919 [pool-97-thread-1] INFO  server.RaftServerConfigKeys (ConfUtils.java:logGet(43)) - raft.server.notification.no-leader.timeout = 120s (custom)
2019-09-26 13:14:20,919 [pool-97-thread-1] INFO  server.RaftServerConfigKeys (ConfUtils.java:logGet(43)) - raft.server.log.use.memory = false (default)
2019-09-26 13:14:20,919 [pool-97-thread-1] INFO  server.RaftServerConfigKeys (ConfUtils.java:logGet(43)) - raft.server.log.purge.gap = 1000000 (custom)
2019-09-26 13:14:20,919 [pool-97-thread-1] INFO  server.RaftServerConfigKeys (ConfUtils.java:logGet(43)) - raft.server.log.appender.buffer.byte-limit = 33554432 (custom)
2019-09-26 13:14:20,919 [pool-97-thread-1] INFO  server.RaftServerConfigKeys (ConfUtils.java:logGet(43)) - raft.server.log.segment.size.max = 1048576 (custom)
2019-09-26 13:14:20,919 [pool-97-thread-1] INFO  server.RaftServerConfigKeys (ConfUtils.java:logGet(43)) - raft.server.log.segment.cache.num.max = 2 (custom)
2019-09-26 13:14:20,919 [pool-97-thread-1] INFO  segmented.SegmentedRaftLogWorker (SegmentedRaftLogWorker.java:<init>(172)) - new 853d2aeb-7135-469c-ae5d-13b8b8156e53@group-CEB3C0333719-SegmentedRaftLogWorker for RaftStorage:Storage Directory /workdir/hadoop-ozone/integration-test/target/test-dir/MiniOzoneClusterImpl-d2415e2d-2ab8-4028-b036-3844cbbdd4ea/datanode-2/data/ratis/3da1e52b-72d3-4ed6-a1aa-ceb3c0333719
2019-09-26 13:14:20,921 [pool-97-thread-1] INFO  server.RaftServerConfigKeys (ConfUtils.java:logGet(43)) - raft.server.log.queue.byte-limit = 2147483647 (custom)
2019-09-26 13:14:20,921 [pool-97-thread-1] INFO  server.RaftServerConfigKeys (ConfUtils.java:logGet(43)) - raft.server.log.queue.element-limit = 1024 (custom)
2019-09-26 13:14:20,921 [pool-97-thread-1] INFO  server.RaftServerConfigKeys (ConfUtils.java:logGet(43)) - raft.server.log.segment.size.max = 1048576 (custom)
2019-09-26 13:14:20,922 [pool-97-thread-1] INFO  server.RaftServerConfigKeys (ConfUtils.java:logGet(43)) - raft.server.log.preallocated.size = 16384 (custom)
2019-09-26 13:14:20,922 [pool-97-thread-1] INFO  server.RaftServerConfigKeys (ConfUtils.java:logGet(43)) - raft.server.log.write.buffer.size = 33554432 (custom)
2019-09-26 13:14:20,922 [pool-97-thread-1] INFO  server.RaftServerConfigKeys (ConfUtils.java:logGet(43)) - raft.server.log.force.sync.num = 128 (default)
2019-09-26 13:14:20,922 [pool-97-thread-1] INFO  server.RaftServerConfigKeys (ConfUtils.java:logGet(43)) - raft.server.log.statemachine.data.sync = true (default)
2019-09-26 13:14:20,922 [pool-97-thread-1] INFO  server.RaftServerConfigKeys (ConfUtils.java:logGet(43)) - raft.server.log.statemachine.data.sync.timeout = 10s (default)
2019-09-26 13:14:20,922 [pool-97-thread-1] INFO  server.RaftServerConfigKeys (ConfUtils.java:logGet(43)) - raft.server.log.statemachine.data.sync.timeout.retry = -1 (default)
2019-09-26 13:14:20,922 [pool-97-thread-1] INFO  server.RaftServerConfigKeys (ConfUtils.java:logGet(43)) - raft.server.log.statemachine.data.caching.enabled = true (custom)
2019-09-26 13:14:20,922 [pool-97-thread-1] INFO  segmented.SegmentedRaftLogWorker (SegmentedRaftLogWorker.java:lambda$new$0(132)) - 853d2aeb-7135-469c-ae5d-13b8b8156e53@group-CEB3C0333719-SegmentedRaftLogWorker: flushIndex: setUnconditionally 0 -> -1
2019-09-26 13:14:20,923 [pool-97-thread-1] INFO  server.RaftServerConfigKeys (ConfUtils.java:logGet(43)) - raft.server.snapshot.auto.trigger.enabled = true (custom)
2019-09-26 13:14:20,923 [pool-97-thread-1] INFO  server.RaftServerConfigKeys (ConfUtils.java:logGet(43)) - raft.server.snapshot.auto.trigger.threshold = 10000 (custom)
2019-09-26 13:14:20,923 [pool-97-thread-1] INFO  server.RaftServerConfigKeys (ConfUtils.java:logGet(43)) - raft.server.snapshot.retention.num.files = 5 (custom)
2019-09-26 13:14:20,923 [pool-97-thread-1] INFO  server.RaftServerConfigKeys (ConfUtils.java:logGet(43)) - raft.server.retrycache.expirytime = 600000ms (custom)
2019-09-26 13:14:20,925 [pool-97-thread-1] INFO  impl.RaftServerImpl (RaftServerImpl.java:start(185)) - 853d2aeb-7135-469c-ae5d-13b8b8156e53@group-CEB3C0333719: start as a follower, conf=-1: [853d2aeb-7135-469c-ae5d-13b8b8156e53:192.168.164.238:33530], old=null
2019-09-26 13:14:20,925 [pool-97-thread-1] INFO  impl.RaftServerImpl (RaftServerImpl.java:setRole(174)) - 853d2aeb-7135-469c-ae5d-13b8b8156e53@group-CEB3C0333719: changes role from      null to FOLLOWER at term 0 for startAsFollower
2019-09-26 13:14:20,925 [pool-97-thread-1] INFO  impl.RoleInfo (RoleInfo.java:updateAndGet(143)) - 853d2aeb-7135-469c-ae5d-13b8b8156e53: start FollowerState
2019-09-26 13:14:20,925 [pool-97-thread-1] INFO  util.JmxRegister (JmxRegister.java:tryRegister(44)) - Successfully registered JMX Bean with object name Ratis:service=RaftServer,group=group-CEB3C0333719,id=853d2aeb-7135-469c-ae5d-13b8b8156e53
2019-09-26 13:14:20,929 [RatisPipelineUtilsThread] INFO  pipeline.PipelineStateManager (PipelineStateManager.java:addPipeline(56)) - Created pipeline Pipeline[ Id: 3da1e52b-72d3-4ed6-a1aa-ceb3c0333719, Nodes: 853d2aeb-7135-469c-ae5d-13b8b8156e53{ip: 192.168.164.238, host: pr-hdds-1569-87zkn-1081879488, networkLocation: /default-rack, certSerialId: null}, Type:RATIS, Factor:ONE, State:OPEN]
2019-09-26 13:14:20,937 [grpc-default-executor-0] INFO  impl.RaftServerProxy (RaftServerProxy.java:addNew(89)) - 1e849afe-e025-4ea1-92fc-2ba4c5aad289: addNew group-2B69D319B18A:[1e849afe-e025-4ea1-92fc-2ba4c5aad289:192.168.164.238:45977] returns group-2B69D319B18A:java.util.concurrent.CompletableFuture@50573cac[Not completed]
2019-09-26 13:14:20,938 [pool-77-thread-1] INFO  impl.RaftServerImpl (RaftServerImpl.java:<init>(95)) - 1e849afe-e025-4ea1-92fc-2ba4c5aad289: new RaftServerImpl for group-2B69D319B18A:[1e849afe-e025-4ea1-92fc-2ba4c5aad289:192.168.164.238:45977] with ContainerStateMachine:uninitialized
2019-09-26 13:14:20,938 [pool-77-thread-1] INFO  server.RaftServerConfigKeys (ConfUtils.java:logGet(43)) - raft.server.rpc.timeout.min = 5s (custom)
2019-09-26 13:14:20,938 [pool-77-thread-1] INFO  server.RaftServerConfigKeys (ConfUtils.java:logGet(43)) - raft.server.rpc.timeout.max = 5200ms (custom)
2019-09-26 13:14:20,938 [pool-77-thread-1] INFO  server.RaftServerConfigKeys (ConfUtils.java:logGet(43)) - raft.server.rpcslowness.timeout = 120s (custom)
2019-09-26 13:14:20,938 [pool-77-thread-1] INFO  server.RaftServerConfigKeys (ConfUtils.java:logGet(43)) - raft.server.sleep.deviation.threshold = 300 (default)
2019-09-26 13:14:20,938 [pool-77-thread-1] INFO  server.RaftServerConfigKeys (ConfUtils.java:logGet(43)) - raft.server.log.appender.install.snapshot.enabled = false (custom)
2019-09-26 13:14:20,939 [pool-77-thread-1] INFO  impl.RaftServerImpl (ServerState.java:<init>(103)) - 1e849afe-e025-4ea1-92fc-2ba4c5aad289@group-2B69D319B18A: ConfigurationManager, init=-1: [1e849afe-e025-4ea1-92fc-2ba4c5aad289:192.168.164.238:45977], old=null, confs=<EMPTY_MAP>
2019-09-26 13:14:20,939 [pool-77-thread-1] INFO  server.RaftServerConfigKeys (ConfUtils.java:logGet(43)) - raft.server.storage.dir = [/workdir/hadoop-ozone/integration-test/target/test-dir/MiniOzoneClusterImpl-d2415e2d-2ab8-4028-b036-3844cbbdd4ea/datanode-0/data/ratis] (custom)
2019-09-26 13:14:20,939 [pool-77-thread-1] INFO  storage.RaftStorageDirectory (RaftStorageDirectory.java:analyzeStorage(246)) - The storage directory /workdir/hadoop-ozone/integration-test/target/test-dir/MiniOzoneClusterImpl-d2415e2d-2ab8-4028-b036-3844cbbdd4ea/datanode-0/data/ratis/5041db25-66bc-4f65-9a9d-2b69d319b18a does not exist. Creating ...
2019-09-26 13:14:20,943 [pool-77-thread-1] INFO  storage.RaftStorageDirectory (RaftStorageDirectory.java:tryLock(328)) - Lock on /workdir/hadoop-ozone/integration-test/target/test-dir/MiniOzoneClusterImpl-d2415e2d-2ab8-4028-b036-3844cbbdd4ea/datanode-0/data/ratis/5041db25-66bc-4f65-9a9d-2b69d319b18a/in_use.lock acquired by nodename 10026@pr-hdds-1569-87zkn-1081879488
2019-09-26 13:14:20,961 [pool-77-thread-1] INFO  storage.RaftStorage (RaftStorage.java:format(72)) - Storage directory /workdir/hadoop-ozone/integration-test/target/test-dir/MiniOzoneClusterImpl-d2415e2d-2ab8-4028-b036-3844cbbdd4ea/datanode-0/data/ratis/5041db25-66bc-4f65-9a9d-2b69d319b18a has been successfully formatted.
2019-09-26 13:14:20,962 [pool-77-thread-1] INFO  ratis.ContainerStateMachine (ContainerStateMachine.java:loadSnapshot(230)) - group-2B69D319B18A: The snapshot info is null. Setting the last applied indexto:(t:0, i:~)
2019-09-26 13:14:20,962 [pool-77-thread-1] INFO  server.RaftServerConfigKeys (ConfUtils.java:logGet(43)) - raft.server.notification.no-leader.timeout = 120s (custom)
2019-09-26 13:14:20,962 [pool-77-thread-1] INFO  server.RaftServerConfigKeys (ConfUtils.java:logGet(43)) - raft.server.log.use.memory = false (default)
2019-09-26 13:14:20,962 [pool-77-thread-1] INFO  server.RaftServerConfigKeys (ConfUtils.java:logGet(43)) - raft.server.log.purge.gap = 1000000 (custom)
2019-09-26 13:14:20,962 [pool-77-thread-1] INFO  server.RaftServerConfigKeys (ConfUtils.java:logGet(43)) - raft.server.log.appender.buffer.byte-limit = 33554432 (custom)
2019-09-26 13:14:20,962 [pool-77-thread-1] INFO  server.RaftServerConfigKeys (ConfUtils.java:logGet(43)) - raft.server.log.segment.size.max = 1048576 (custom)
2019-09-26 13:14:20,962 [pool-77-thread-1] INFO  server.RaftServerConfigKeys (ConfUtils.java:logGet(43)) - raft.server.log.segment.cache.num.max = 2 (custom)
2019-09-26 13:14:20,963 [pool-77-thread-1] INFO  segmented.SegmentedRaftLogWorker (SegmentedRaftLogWorker.java:<init>(172)) - new 1e849afe-e025-4ea1-92fc-2ba4c5aad289@group-2B69D319B18A-SegmentedRaftLogWorker for RaftStorage:Storage Directory /workdir/hadoop-ozone/integration-test/target/test-dir/MiniOzoneClusterImpl-d2415e2d-2ab8-4028-b036-3844cbbdd4ea/datanode-0/data/ratis/5041db25-66bc-4f65-9a9d-2b69d319b18a
2019-09-26 13:14:20,963 [pool-77-thread-1] INFO  server.RaftServerConfigKeys (ConfUtils.java:logGet(43)) - raft.server.log.queue.byte-limit = 2147483647 (custom)
2019-09-26 13:14:20,963 [pool-77-thread-1] INFO  server.RaftServerConfigKeys (ConfUtils.java:logGet(43)) - raft.server.log.queue.element-limit = 1024 (custom)
2019-09-26 13:14:20,963 [pool-77-thread-1] INFO  server.RaftServerConfigKeys (ConfUtils.java:logGet(43)) - raft.server.log.segment.size.max = 1048576 (custom)
2019-09-26 13:14:20,963 [pool-77-thread-1] INFO  server.RaftServerConfigKeys (ConfUtils.java:logGet(43)) - raft.server.log.preallocated.size = 16384 (custom)
2019-09-26 13:14:20,963 [pool-77-thread-1] INFO  server.RaftServerConfigKeys (ConfUtils.java:logGet(43)) - raft.server.log.write.buffer.size = 33554432 (custom)
2019-09-26 13:14:20,963 [pool-77-thread-1] INFO  server.RaftServerConfigKeys (ConfUtils.java:logGet(43)) - raft.server.log.force.sync.num = 128 (default)
2019-09-26 13:14:20,963 [pool-77-thread-1] INFO  server.RaftServerConfigKeys (ConfUtils.java:logGet(43)) - raft.server.log.statemachine.data.sync = true (default)
2019-09-26 13:14:20,963 [pool-77-thread-1] INFO  server.RaftServerConfigKeys (ConfUtils.java:logGet(43)) - raft.server.log.statemachine.data.sync.timeout = 10s (default)
2019-09-26 13:14:20,963 [pool-77-thread-1] INFO  server.RaftServerConfigKeys (ConfUtils.java:logGet(43)) - raft.server.log.statemachine.data.sync.timeout.retry = -1 (default)
2019-09-26 13:14:20,964 [pool-77-thread-1] INFO  server.RaftServerConfigKeys (ConfUtils.java:logGet(43)) - raft.server.log.statemachine.data.caching.enabled = true (custom)
2019-09-26 13:14:20,964 [pool-77-thread-1] INFO  segmented.SegmentedRaftLogWorker (SegmentedRaftLogWorker.java:lambda$new$0(132)) - 1e849afe-e025-4ea1-92fc-2ba4c5aad289@group-2B69D319B18A-SegmentedRaftLogWorker: flushIndex: setUnconditionally 0 -> -1
2019-09-26 13:14:20,964 [pool-77-thread-1] INFO  server.RaftServerConfigKeys (ConfUtils.java:logGet(43)) - raft.server.snapshot.auto.trigger.enabled = true (custom)
2019-09-26 13:14:20,964 [pool-77-thread-1] INFO  server.RaftServerConfigKeys (ConfUtils.java:logGet(43)) - raft.server.snapshot.auto.trigger.threshold = 10000 (custom)
2019-09-26 13:14:20,964 [pool-77-thread-1] INFO  server.RaftServerConfigKeys (ConfUtils.java:logGet(43)) - raft.server.snapshot.retention.num.files = 5 (custom)
2019-09-26 13:14:20,965 [pool-77-thread-1] INFO  server.RaftServerConfigKeys (ConfUtils.java:logGet(43)) - raft.server.retrycache.expirytime = 600000ms (custom)
2019-09-26 13:14:20,967 [pool-77-thread-1] INFO  impl.RaftServerImpl (RaftServerImpl.java:start(185)) - 1e849afe-e025-4ea1-92fc-2ba4c5aad289@group-2B69D319B18A: start as a follower, conf=-1: [1e849afe-e025-4ea1-92fc-2ba4c5aad289:192.168.164.238:45977], old=null
2019-09-26 13:14:20,967 [pool-77-thread-1] INFO  impl.RaftServerImpl (RaftServerImpl.java:setRole(174)) - 1e849afe-e025-4ea1-92fc-2ba4c5aad289@group-2B69D319B18A: changes role from      null to FOLLOWER at term 0 for startAsFollower
2019-09-26 13:14:20,967 [pool-77-thread-1] INFO  impl.RoleInfo (RoleInfo.java:updateAndGet(143)) - 1e849afe-e025-4ea1-92fc-2ba4c5aad289: start FollowerState
2019-09-26 13:14:20,967 [pool-77-thread-1] INFO  util.JmxRegister (JmxRegister.java:tryRegister(44)) - Successfully registered JMX Bean with object name Ratis:service=RaftServer,group=group-2B69D319B18A,id=1e849afe-e025-4ea1-92fc-2ba4c5aad289
2019-09-26 13:14:20,972 [RatisPipelineUtilsThread] INFO  pipeline.PipelineStateManager (PipelineStateManager.java:addPipeline(56)) - Created pipeline Pipeline[ Id: 5041db25-66bc-4f65-9a9d-2b69d319b18a, Nodes: 1e849afe-e025-4ea1-92fc-2ba4c5aad289{ip: 192.168.164.238, host: pr-hdds-1569-87zkn-1081879488, networkLocation: /default-rack, certSerialId: null}, Type:RATIS, Factor:ONE, State:OPEN]
2019-09-26 13:14:20,979 [grpc-default-executor-0] INFO  impl.RaftServerProxy (RaftServerProxy.java:addNew(89)) - 02fbea54-5f9c-4a3a-a32e-981146fa3872: addNew group-F3141C941E2B:[02fbea54-5f9c-4a3a-a32e-981146fa3872:192.168.164.238:41737] returns group-F3141C941E2B:java.util.concurrent.CompletableFuture@14f24003[Not completed]
2019-09-26 13:14:20,980 [pool-87-thread-1] INFO  impl.RaftServerImpl (RaftServerImpl.java:<init>(95)) - 02fbea54-5f9c-4a3a-a32e-981146fa3872: new RaftServerImpl for group-F3141C941E2B:[02fbea54-5f9c-4a3a-a32e-981146fa3872:192.168.164.238:41737] with ContainerStateMachine:uninitialized
2019-09-26 13:14:20,981 [pool-87-thread-1] INFO  server.RaftServerConfigKeys (ConfUtils.java:logGet(43)) - raft.server.rpc.timeout.min = 5s (custom)
2019-09-26 13:14:20,981 [pool-87-thread-1] INFO  server.RaftServerConfigKeys (ConfUtils.java:logGet(43)) - raft.server.rpc.timeout.max = 5200ms (custom)
2019-09-26 13:14:20,981 [pool-87-thread-1] INFO  server.RaftServerConfigKeys (ConfUtils.java:logGet(43)) - raft.server.rpcslowness.timeout = 120s (custom)
2019-09-26 13:14:20,981 [pool-87-thread-1] INFO  server.RaftServerConfigKeys (ConfUtils.java:logGet(43)) - raft.server.sleep.deviation.threshold = 300 (default)
2019-09-26 13:14:20,981 [pool-87-thread-1] INFO  server.RaftServerConfigKeys (ConfUtils.java:logGet(43)) - raft.server.log.appender.install.snapshot.enabled = false (custom)
2019-09-26 13:14:20,981 [pool-87-thread-1] INFO  impl.RaftServerImpl (ServerState.java:<init>(103)) - 02fbea54-5f9c-4a3a-a32e-981146fa3872@group-F3141C941E2B: ConfigurationManager, init=-1: [02fbea54-5f9c-4a3a-a32e-981146fa3872:192.168.164.238:41737], old=null, confs=<EMPTY_MAP>
2019-09-26 13:14:20,981 [pool-87-thread-1] INFO  server.RaftServerConfigKeys (ConfUtils.java:logGet(43)) - raft.server.storage.dir = [/workdir/hadoop-ozone/integration-test/target/test-dir/MiniOzoneClusterImpl-d2415e2d-2ab8-4028-b036-3844cbbdd4ea/datanode-1/data/ratis] (custom)
2019-09-26 13:14:20,982 [pool-87-thread-1] INFO  storage.RaftStorageDirectory (RaftStorageDirectory.java:analyzeStorage(246)) - The storage directory /workdir/hadoop-ozone/integration-test/target/test-dir/MiniOzoneClusterImpl-d2415e2d-2ab8-4028-b036-3844cbbdd4ea/datanode-1/data/ratis/335f81e9-0e45-4d5f-b016-f3141c941e2b does not exist. Creating ...
2019-09-26 13:14:21,006 [pool-87-thread-1] INFO  storage.RaftStorageDirectory (RaftStorageDirectory.java:tryLock(328)) - Lock on /workdir/hadoop-ozone/integration-test/target/test-dir/MiniOzoneClusterImpl-d2415e2d-2ab8-4028-b036-3844cbbdd4ea/datanode-1/data/ratis/335f81e9-0e45-4d5f-b016-f3141c941e2b/in_use.lock acquired by nodename 10026@pr-hdds-1569-87zkn-1081879488
2019-09-26 13:14:21,009 [pool-87-thread-1] INFO  storage.RaftStorage (RaftStorage.java:format(72)) - Storage directory /workdir/hadoop-ozone/integration-test/target/test-dir/MiniOzoneClusterImpl-d2415e2d-2ab8-4028-b036-3844cbbdd4ea/datanode-1/data/ratis/335f81e9-0e45-4d5f-b016-f3141c941e2b has been successfully formatted.
2019-09-26 13:14:21,010 [pool-87-thread-1] INFO  ratis.ContainerStateMachine (ContainerStateMachine.java:loadSnapshot(230)) - group-F3141C941E2B: The snapshot info is null. Setting the last applied indexto:(t:0, i:~)
2019-09-26 13:14:21,010 [pool-87-thread-1] INFO  server.RaftServerConfigKeys (ConfUtils.java:logGet(43)) - raft.server.notification.no-leader.timeout = 120s (custom)
2019-09-26 13:14:21,010 [pool-87-thread-1] INFO  server.RaftServerConfigKeys (ConfUtils.java:logGet(43)) - raft.server.log.use.memory = false (default)
2019-09-26 13:14:21,010 [pool-87-thread-1] INFO  server.RaftServerConfigKeys (ConfUtils.java:logGet(43)) - raft.server.log.purge.gap = 1000000 (custom)
2019-09-26 13:14:21,010 [pool-87-thread-1] INFO  server.RaftServerConfigKeys (ConfUtils.java:logGet(43)) - raft.server.log.appender.buffer.byte-limit = 33554432 (custom)
2019-09-26 13:14:21,010 [pool-87-thread-1] INFO  server.RaftServerConfigKeys (ConfUtils.java:logGet(43)) - raft.server.log.segment.size.max = 1048576 (custom)
2019-09-26 13:14:21,010 [pool-87-thread-1] INFO  server.RaftServerConfigKeys (ConfUtils.java:logGet(43)) - raft.server.log.segment.cache.num.max = 2 (custom)
2019-09-26 13:14:21,011 [pool-87-thread-1] INFO  segmented.SegmentedRaftLogWorker (SegmentedRaftLogWorker.java:<init>(172)) - new 02fbea54-5f9c-4a3a-a32e-981146fa3872@group-F3141C941E2B-SegmentedRaftLogWorker for RaftStorage:Storage Directory /workdir/hadoop-ozone/integration-test/target/test-dir/MiniOzoneClusterImpl-d2415e2d-2ab8-4028-b036-3844cbbdd4ea/datanode-1/data/ratis/335f81e9-0e45-4d5f-b016-f3141c941e2b
2019-09-26 13:14:21,011 [pool-87-thread-1] INFO  server.RaftServerConfigKeys (ConfUtils.java:logGet(43)) - raft.server.log.queue.byte-limit = 2147483647 (custom)
2019-09-26 13:14:21,011 [pool-87-thread-1] INFO  server.RaftServerConfigKeys (ConfUtils.java:logGet(43)) - raft.server.log.queue.element-limit = 1024 (custom)
2019-09-26 13:14:21,011 [pool-87-thread-1] INFO  server.RaftServerConfigKeys (ConfUtils.java:logGet(43)) - raft.server.log.segment.size.max = 1048576 (custom)
2019-09-26 13:14:21,011 [pool-87-thread-1] INFO  server.RaftServerConfigKeys (ConfUtils.java:logGet(43)) - raft.server.log.preallocated.size = 16384 (custom)
2019-09-26 13:14:21,011 [pool-87-thread-1] INFO  server.RaftServerConfigKeys (ConfUtils.java:logGet(43)) - raft.server.log.write.buffer.size = 33554432 (custom)
2019-09-26 13:14:21,011 [pool-87-thread-1] INFO  server.RaftServerConfigKeys (ConfUtils.java:logGet(43)) - raft.server.log.force.sync.num = 128 (default)
2019-09-26 13:14:21,011 [pool-87-thread-1] INFO  server.RaftServerConfigKeys (ConfUtils.java:logGet(43)) - raft.server.log.statemachine.data.sync = true (default)
2019-09-26 13:14:21,011 [pool-87-thread-1] INFO  server.RaftServerConfigKeys (ConfUtils.java:logGet(43)) - raft.server.log.statemachine.data.sync.timeout = 10s (default)
2019-09-26 13:14:21,012 [pool-87-thread-1] INFO  server.RaftServerConfigKeys (ConfUtils.java:logGet(43)) - raft.server.log.statemachine.data.sync.timeout.retry = -1 (default)
2019-09-26 13:14:21,012 [pool-87-thread-1] INFO  server.RaftServerConfigKeys (ConfUtils.java:logGet(43)) - raft.server.log.statemachine.data.caching.enabled = true (custom)
2019-09-26 13:14:21,012 [pool-87-thread-1] INFO  segmented.SegmentedRaftLogWorker (SegmentedRaftLogWorker.java:lambda$new$0(132)) - 02fbea54-5f9c-4a3a-a32e-981146fa3872@group-F3141C941E2B-SegmentedRaftLogWorker: flushIndex: setUnconditionally 0 -> -1
2019-09-26 13:14:21,012 [pool-87-thread-1] INFO  server.RaftServerConfigKeys (ConfUtils.java:logGet(43)) - raft.server.snapshot.auto.trigger.enabled = true (custom)
2019-09-26 13:14:21,012 [pool-87-thread-1] INFO  server.RaftServerConfigKeys (ConfUtils.java:logGet(43)) - raft.server.snapshot.auto.trigger.threshold = 10000 (custom)
2019-09-26 13:14:21,013 [pool-87-thread-1] INFO  server.RaftServerConfigKeys (ConfUtils.java:logGet(43)) - raft.server.snapshot.retention.num.files = 5 (custom)
2019-09-26 13:14:21,013 [pool-87-thread-1] INFO  server.RaftServerConfigKeys (ConfUtils.java:logGet(43)) - raft.server.retrycache.expirytime = 600000ms (custom)
2019-09-26 13:14:21,015 [pool-87-thread-1] INFO  impl.RaftServerImpl (RaftServerImpl.java:start(185)) - 02fbea54-5f9c-4a3a-a32e-981146fa3872@group-F3141C941E2B: start as a follower, conf=-1: [02fbea54-5f9c-4a3a-a32e-981146fa3872:192.168.164.238:41737], old=null
2019-09-26 13:14:21,015 [pool-87-thread-1] INFO  impl.RaftServerImpl (RaftServerImpl.java:setRole(174)) - 02fbea54-5f9c-4a3a-a32e-981146fa3872@group-F3141C941E2B: changes role from      null to FOLLOWER at term 0 for startAsFollower
2019-09-26 13:14:21,015 [pool-87-thread-1] INFO  impl.RoleInfo (RoleInfo.java:updateAndGet(143)) - 02fbea54-5f9c-4a3a-a32e-981146fa3872: start FollowerState
2019-09-26 13:14:21,015 [pool-87-thread-1] INFO  util.JmxRegister (JmxRegister.java:tryRegister(44)) - Successfully registered JMX Bean with object name Ratis:service=RaftServer,group=group-F3141C941E2B,id=02fbea54-5f9c-4a3a-a32e-981146fa3872
2019-09-26 13:14:21,020 [RatisPipelineUtilsThread] INFO  pipeline.PipelineStateManager (PipelineStateManager.java:addPipeline(56)) - Created pipeline Pipeline[ Id: 335f81e9-0e45-4d5f-b016-f3141c941e2b, Nodes: 02fbea54-5f9c-4a3a-a32e-981146fa3872{ip: 192.168.164.238, host: pr-hdds-1569-87zkn-1081879488, networkLocation: /default-rack, certSerialId: null}, Type:RATIS, Factor:ONE, State:OPEN]
2019-09-26 13:14:21,029 [grpc-default-executor-0] INFO  impl.RaftServerProxy (RaftServerProxy.java:addNew(89)) - 853d2aeb-7135-469c-ae5d-13b8b8156e53: addNew group-7A31025C0447:[853d2aeb-7135-469c-ae5d-13b8b8156e53:192.168.164.238:33530] returns group-7A31025C0447:java.util.concurrent.CompletableFuture@1e462a1f[Not completed]
2019-09-26 13:14:21,031 [pool-97-thread-1] INFO  impl.RaftServerImpl (RaftServerImpl.java:<init>(95)) - 853d2aeb-7135-469c-ae5d-13b8b8156e53: new RaftServerImpl for group-7A31025C0447:[853d2aeb-7135-469c-ae5d-13b8b8156e53:192.168.164.238:33530] with ContainerStateMachine:uninitialized
2019-09-26 13:14:21,031 [pool-97-thread-1] INFO  server.RaftServerConfigKeys (ConfUtils.java:logGet(43)) - raft.server.rpc.timeout.min = 5s (custom)
2019-09-26 13:14:21,031 [pool-97-thread-1] INFO  server.RaftServerConfigKeys (ConfUtils.java:logGet(43)) - raft.server.rpc.timeout.max = 5200ms (custom)
2019-09-26 13:14:21,031 [pool-97-thread-1] INFO  server.RaftServerConfigKeys (ConfUtils.java:logGet(43)) - raft.server.rpcslowness.timeout = 120s (custom)
2019-09-26 13:14:21,032 [pool-97-thread-1] INFO  server.RaftServerConfigKeys (ConfUtils.java:logGet(43)) - raft.server.sleep.deviation.threshold = 300 (default)
2019-09-26 13:14:21,032 [pool-97-thread-1] INFO  server.RaftServerConfigKeys (ConfUtils.java:logGet(43)) - raft.server.log.appender.install.snapshot.enabled = false (custom)
2019-09-26 13:14:21,032 [pool-97-thread-1] INFO  impl.RaftServerImpl (ServerState.java:<init>(103)) - 853d2aeb-7135-469c-ae5d-13b8b8156e53@group-7A31025C0447: ConfigurationManager, init=-1: [853d2aeb-7135-469c-ae5d-13b8b8156e53:192.168.164.238:33530], old=null, confs=<EMPTY_MAP>
2019-09-26 13:14:21,032 [pool-97-thread-1] INFO  server.RaftServerConfigKeys (ConfUtils.java:logGet(43)) - raft.server.storage.dir = [/workdir/hadoop-ozone/integration-test/target/test-dir/MiniOzoneClusterImpl-d2415e2d-2ab8-4028-b036-3844cbbdd4ea/datanode-2/data/ratis] (custom)
2019-09-26 13:14:21,032 [pool-97-thread-1] INFO  storage.RaftStorageDirectory (RaftStorageDirectory.java:analyzeStorage(246)) - The storage directory /workdir/hadoop-ozone/integration-test/target/test-dir/MiniOzoneClusterImpl-d2415e2d-2ab8-4028-b036-3844cbbdd4ea/datanode-2/data/ratis/1bb3ab38-d3b7-4c0b-9543-7a31025c0447 does not exist. Creating ...
2019-09-26 13:14:21,051 [pool-97-thread-1] INFO  storage.RaftStorageDirectory (RaftStorageDirectory.java:tryLock(328)) - Lock on /workdir/hadoop-ozone/integration-test/target/test-dir/MiniOzoneClusterImpl-d2415e2d-2ab8-4028-b036-3844cbbdd4ea/datanode-2/data/ratis/1bb3ab38-d3b7-4c0b-9543-7a31025c0447/in_use.lock acquired by nodename 10026@pr-hdds-1569-87zkn-1081879488
2019-09-26 13:14:21,058 [pool-97-thread-1] INFO  storage.RaftStorage (RaftStorage.java:format(72)) - Storage directory /workdir/hadoop-ozone/integration-test/target/test-dir/MiniOzoneClusterImpl-d2415e2d-2ab8-4028-b036-3844cbbdd4ea/datanode-2/data/ratis/1bb3ab38-d3b7-4c0b-9543-7a31025c0447 has been successfully formatted.
2019-09-26 13:14:21,058 [pool-97-thread-1] INFO  ratis.ContainerStateMachine (ContainerStateMachine.java:loadSnapshot(230)) - group-7A31025C0447: The snapshot info is null. Setting the last applied indexto:(t:0, i:~)
2019-09-26 13:14:21,058 [pool-97-thread-1] INFO  server.RaftServerConfigKeys (ConfUtils.java:logGet(43)) - raft.server.notification.no-leader.timeout = 120s (custom)
2019-09-26 13:14:21,058 [pool-97-thread-1] INFO  server.RaftServerConfigKeys (ConfUtils.java:logGet(43)) - raft.server.log.use.memory = false (default)
2019-09-26 13:14:21,059 [pool-97-thread-1] INFO  server.RaftServerConfigKeys (ConfUtils.java:logGet(43)) - raft.server.log.purge.gap = 1000000 (custom)
2019-09-26 13:14:21,059 [pool-97-thread-1] INFO  server.RaftServerConfigKeys (ConfUtils.java:logGet(43)) - raft.server.log.appender.buffer.byte-limit = 33554432 (custom)
2019-09-26 13:14:21,059 [pool-97-thread-1] INFO  server.RaftServerConfigKeys (ConfUtils.java:logGet(43)) - raft.server.log.segment.size.max = 1048576 (custom)
2019-09-26 13:14:21,059 [pool-97-thread-1] INFO  server.RaftServerConfigKeys (ConfUtils.java:logGet(43)) - raft.server.log.segment.cache.num.max = 2 (custom)
2019-09-26 13:14:21,059 [pool-97-thread-1] INFO  segmented.SegmentedRaftLogWorker (SegmentedRaftLogWorker.java:<init>(172)) - new 853d2aeb-7135-469c-ae5d-13b8b8156e53@group-7A31025C0447-SegmentedRaftLogWorker for RaftStorage:Storage Directory /workdir/hadoop-ozone/integration-test/target/test-dir/MiniOzoneClusterImpl-d2415e2d-2ab8-4028-b036-3844cbbdd4ea/datanode-2/data/ratis/1bb3ab38-d3b7-4c0b-9543-7a31025c0447
2019-09-26 13:14:21,059 [pool-97-thread-1] INFO  server.RaftServerConfigKeys (ConfUtils.java:logGet(43)) - raft.server.log.queue.byte-limit = 2147483647 (custom)
2019-09-26 13:14:21,060 [pool-97-thread-1] INFO  server.RaftServerConfigKeys (ConfUtils.java:logGet(43)) - raft.server.log.queue.element-limit = 1024 (custom)
2019-09-26 13:14:21,060 [pool-97-thread-1] INFO  server.RaftServerConfigKeys (ConfUtils.java:logGet(43)) - raft.server.log.segment.size.max = 1048576 (custom)
2019-09-26 13:14:21,060 [pool-97-thread-1] INFO  server.RaftServerConfigKeys (ConfUtils.java:logGet(43)) - raft.server.log.preallocated.size = 16384 (custom)
2019-09-26 13:14:21,060 [pool-97-thread-1] INFO  server.RaftServerConfigKeys (ConfUtils.java:logGet(43)) - raft.server.log.write.buffer.size = 33554432 (custom)
2019-09-26 13:14:21,060 [pool-97-thread-1] INFO  server.RaftServerConfigKeys (ConfUtils.java:logGet(43)) - raft.server.log.force.sync.num = 128 (default)
2019-09-26 13:14:21,060 [pool-97-thread-1] INFO  server.RaftServerConfigKeys (ConfUtils.java:logGet(43)) - raft.server.log.statemachine.data.sync = true (default)
2019-09-26 13:14:21,060 [pool-97-thread-1] INFO  server.RaftServerConfigKeys (ConfUtils.java:logGet(43)) - raft.server.log.statemachine.data.sync.timeout = 10s (default)
2019-09-26 13:14:21,061 [pool-97-thread-1] INFO  server.RaftServerConfigKeys (ConfUtils.java:logGet(43)) - raft.server.log.statemachine.data.sync.timeout.retry = -1 (default)
2019-09-26 13:14:21,061 [pool-97-thread-1] INFO  server.RaftServerConfigKeys (ConfUtils.java:logGet(43)) - raft.server.log.statemachine.data.caching.enabled = true (custom)
2019-09-26 13:14:21,062 [pool-97-thread-1] INFO  segmented.SegmentedRaftLogWorker (SegmentedRaftLogWorker.java:lambda$new$0(132)) - 853d2aeb-7135-469c-ae5d-13b8b8156e53@group-7A31025C0447-SegmentedRaftLogWorker: flushIndex: setUnconditionally 0 -> -1
2019-09-26 13:14:21,062 [pool-97-thread-1] INFO  server.RaftServerConfigKeys (ConfUtils.java:logGet(43)) - raft.server.snapshot.auto.trigger.enabled = true (custom)
2019-09-26 13:14:21,062 [pool-97-thread-1] INFO  server.RaftServerConfigKeys (ConfUtils.java:logGet(43)) - raft.server.snapshot.auto.trigger.threshold = 10000 (custom)
2019-09-26 13:14:21,062 [pool-97-thread-1] INFO  server.RaftServerConfigKeys (ConfUtils.java:logGet(43)) - raft.server.snapshot.retention.num.files = 5 (custom)
2019-09-26 13:14:21,062 [pool-97-thread-1] INFO  server.RaftServerConfigKeys (ConfUtils.java:logGet(43)) - raft.server.retrycache.expirytime = 600000ms (custom)
2019-09-26 13:14:21,065 [pool-97-thread-1] INFO  impl.RaftServerImpl (RaftServerImpl.java:start(185)) - 853d2aeb-7135-469c-ae5d-13b8b8156e53@group-7A31025C0447: start as a follower, conf=-1: [853d2aeb-7135-469c-ae5d-13b8b8156e53:192.168.164.238:33530], old=null
2019-09-26 13:14:21,065 [pool-97-thread-1] INFO  impl.RaftServerImpl (RaftServerImpl.java:setRole(174)) - 853d2aeb-7135-469c-ae5d-13b8b8156e53@group-7A31025C0447: changes role from      null to FOLLOWER at term 0 for startAsFollower
2019-09-26 13:14:21,065 [pool-97-thread-1] INFO  impl.RoleInfo (RoleInfo.java:updateAndGet(143)) - 853d2aeb-7135-469c-ae5d-13b8b8156e53: start FollowerState
2019-09-26 13:14:21,065 [pool-97-thread-1] INFO  util.JmxRegister (JmxRegister.java:tryRegister(44)) - Successfully registered JMX Bean with object name Ratis:service=RaftServer,group=group-7A31025C0447,id=853d2aeb-7135-469c-ae5d-13b8b8156e53
2019-09-26 13:14:21,070 [RatisPipelineUtilsThread] INFO  pipeline.PipelineStateManager (PipelineStateManager.java:addPipeline(56)) - Created pipeline Pipeline[ Id: 1bb3ab38-d3b7-4c0b-9543-7a31025c0447, Nodes: 853d2aeb-7135-469c-ae5d-13b8b8156e53{ip: 192.168.164.238, host: pr-hdds-1569-87zkn-1081879488, networkLocation: /default-rack, certSerialId: null}, Type:RATIS, Factor:ONE, State:OPEN]
2019-09-26 13:14:21,078 [grpc-default-executor-0] INFO  impl.RaftServerProxy (RaftServerProxy.java:addNew(89)) - 1e849afe-e025-4ea1-92fc-2ba4c5aad289: addNew group-FB7B1DDBC0C3:[1e849afe-e025-4ea1-92fc-2ba4c5aad289:192.168.164.238:45977] returns group-FB7B1DDBC0C3:java.util.concurrent.CompletableFuture@7502fb38[Not completed]
2019-09-26 13:14:21,080 [pool-77-thread-1] INFO  impl.RaftServerImpl (RaftServerImpl.java:<init>(95)) - 1e849afe-e025-4ea1-92fc-2ba4c5aad289: new RaftServerImpl for group-FB7B1DDBC0C3:[1e849afe-e025-4ea1-92fc-2ba4c5aad289:192.168.164.238:45977] with ContainerStateMachine:uninitialized
2019-09-26 13:14:21,080 [pool-77-thread-1] INFO  server.RaftServerConfigKeys (ConfUtils.java:logGet(43)) - raft.server.rpc.timeout.min = 5s (custom)
2019-09-26 13:14:21,080 [pool-77-thread-1] INFO  server.RaftServerConfigKeys (ConfUtils.java:logGet(43)) - raft.server.rpc.timeout.max = 5200ms (custom)
2019-09-26 13:14:21,080 [pool-77-thread-1] INFO  server.RaftServerConfigKeys (ConfUtils.java:logGet(43)) - raft.server.rpcslowness.timeout = 120s (custom)
2019-09-26 13:14:21,080 [pool-77-thread-1] INFO  server.RaftServerConfigKeys (ConfUtils.java:logGet(43)) - raft.server.sleep.deviation.threshold = 300 (default)
2019-09-26 13:14:21,080 [pool-77-thread-1] INFO  server.RaftServerConfigKeys (ConfUtils.java:logGet(43)) - raft.server.log.appender.install.snapshot.enabled = false (custom)
2019-09-26 13:14:21,081 [pool-77-thread-1] INFO  impl.RaftServerImpl (ServerState.java:<init>(103)) - 1e849afe-e025-4ea1-92fc-2ba4c5aad289@group-FB7B1DDBC0C3: ConfigurationManager, init=-1: [1e849afe-e025-4ea1-92fc-2ba4c5aad289:192.168.164.238:45977], old=null, confs=<EMPTY_MAP>
2019-09-26 13:14:21,081 [pool-77-thread-1] INFO  server.RaftServerConfigKeys (ConfUtils.java:logGet(43)) - raft.server.storage.dir = [/workdir/hadoop-ozone/integration-test/target/test-dir/MiniOzoneClusterImpl-d2415e2d-2ab8-4028-b036-3844cbbdd4ea/datanode-0/data/ratis] (custom)
2019-09-26 13:14:21,081 [pool-77-thread-1] INFO  storage.RaftStorageDirectory (RaftStorageDirectory.java:analyzeStorage(246)) - The storage directory /workdir/hadoop-ozone/integration-test/target/test-dir/MiniOzoneClusterImpl-d2415e2d-2ab8-4028-b036-3844cbbdd4ea/datanode-0/data/ratis/4275fc63-5cf7-4768-ad3a-fb7b1ddbc0c3 does not exist. Creating ...
2019-09-26 13:14:21,105 [pool-77-thread-1] INFO  storage.RaftStorageDirectory (RaftStorageDirectory.java:tryLock(328)) - Lock on /workdir/hadoop-ozone/integration-test/target/test-dir/MiniOzoneClusterImpl-d2415e2d-2ab8-4028-b036-3844cbbdd4ea/datanode-0/data/ratis/4275fc63-5cf7-4768-ad3a-fb7b1ddbc0c3/in_use.lock acquired by nodename 10026@pr-hdds-1569-87zkn-1081879488
2019-09-26 13:14:21,109 [pool-77-thread-1] INFO  storage.RaftStorage (RaftStorage.java:format(72)) - Storage directory /workdir/hadoop-ozone/integration-test/target/test-dir/MiniOzoneClusterImpl-d2415e2d-2ab8-4028-b036-3844cbbdd4ea/datanode-0/data/ratis/4275fc63-5cf7-4768-ad3a-fb7b1ddbc0c3 has been successfully formatted.
2019-09-26 13:14:21,109 [pool-77-thread-1] INFO  ratis.ContainerStateMachine (ContainerStateMachine.java:loadSnapshot(230)) - group-FB7B1DDBC0C3: The snapshot info is null. Setting the last applied indexto:(t:0, i:~)
2019-09-26 13:14:21,109 [pool-77-thread-1] INFO  server.RaftServerConfigKeys (ConfUtils.java:logGet(43)) - raft.server.notification.no-leader.timeout = 120s (custom)
2019-09-26 13:14:21,109 [pool-77-thread-1] INFO  server.RaftServerConfigKeys (ConfUtils.java:logGet(43)) - raft.server.log.use.memory = false (default)
2019-09-26 13:14:21,109 [pool-77-thread-1] INFO  server.RaftServerConfigKeys (ConfUtils.java:logGet(43)) - raft.server.log.purge.gap = 1000000 (custom)
2019-09-26 13:14:21,110 [pool-77-thread-1] INFO  server.RaftServerConfigKeys (ConfUtils.java:logGet(43)) - raft.server.log.appender.buffer.byte-limit = 33554432 (custom)
2019-09-26 13:14:21,110 [pool-77-thread-1] INFO  server.RaftServerConfigKeys (ConfUtils.java:logGet(43)) - raft.server.log.segment.size.max = 1048576 (custom)
2019-09-26 13:14:21,110 [pool-77-thread-1] INFO  server.RaftServerConfigKeys (ConfUtils.java:logGet(43)) - raft.server.log.segment.cache.num.max = 2 (custom)
2019-09-26 13:14:21,110 [pool-77-thread-1] INFO  segmented.SegmentedRaftLogWorker (SegmentedRaftLogWorker.java:<init>(172)) - new 1e849afe-e025-4ea1-92fc-2ba4c5aad289@group-FB7B1DDBC0C3-SegmentedRaftLogWorker for RaftStorage:Storage Directory /workdir/hadoop-ozone/integration-test/target/test-dir/MiniOzoneClusterImpl-d2415e2d-2ab8-4028-b036-3844cbbdd4ea/datanode-0/data/ratis/4275fc63-5cf7-4768-ad3a-fb7b1ddbc0c3
2019-09-26 13:14:21,110 [pool-77-thread-1] INFO  server.RaftServerConfigKeys (ConfUtils.java:logGet(43)) - raft.server.log.queue.byte-limit = 2147483647 (custom)
2019-09-26 13:14:21,110 [pool-77-thread-1] INFO  server.RaftServerConfigKeys (ConfUtils.java:logGet(43)) - raft.server.log.queue.element-limit = 1024 (custom)
2019-09-26 13:14:21,111 [pool-77-thread-1] INFO  server.RaftServerConfigKeys (ConfUtils.java:logGet(43)) - raft.server.log.segment.size.max = 1048576 (custom)
2019-09-26 13:14:21,111 [pool-77-thread-1] INFO  server.RaftServerConfigKeys (ConfUtils.java:logGet(43)) - raft.server.log.preallocated.size = 16384 (custom)
2019-09-26 13:14:21,111 [pool-77-thread-1] INFO  server.RaftServerConfigKeys (ConfUtils.java:logGet(43)) - raft.server.log.write.buffer.size = 33554432 (custom)
2019-09-26 13:14:21,111 [pool-77-thread-1] INFO  server.RaftServerConfigKeys (ConfUtils.java:logGet(43)) - raft.server.log.force.sync.num = 128 (default)
2019-09-26 13:14:21,111 [pool-77-thread-1] INFO  server.RaftServerConfigKeys (ConfUtils.java:logGet(43)) - raft.server.log.statemachine.data.sync = true (default)
2019-09-26 13:14:21,111 [pool-77-thread-1] INFO  server.RaftServerConfigKeys (ConfUtils.java:logGet(43)) - raft.server.log.statemachine.data.sync.timeout = 10s (default)
2019-09-26 13:14:21,111 [pool-77-thread-1] INFO  server.RaftServerConfigKeys (ConfUtils.java:logGet(43)) - raft.server.log.statemachine.data.sync.timeout.retry = -1 (default)
2019-09-26 13:14:21,112 [pool-77-thread-1] INFO  server.RaftServerConfigKeys (ConfUtils.java:logGet(43)) - raft.server.log.statemachine.data.caching.enabled = true (custom)
2019-09-26 13:14:21,113 [pool-77-thread-1] INFO  segmented.SegmentedRaftLogWorker (SegmentedRaftLogWorker.java:lambda$new$0(132)) - 1e849afe-e025-4ea1-92fc-2ba4c5aad289@group-FB7B1DDBC0C3-SegmentedRaftLogWorker: flushIndex: setUnconditionally 0 -> -1
2019-09-26 13:14:21,113 [pool-77-thread-1] INFO  server.RaftServerConfigKeys (ConfUtils.java:logGet(43)) - raft.server.snapshot.auto.trigger.enabled = true (custom)
2019-09-26 13:14:21,114 [pool-77-thread-1] INFO  server.RaftServerConfigKeys (ConfUtils.java:logGet(43)) - raft.server.snapshot.auto.trigger.threshold = 10000 (custom)
2019-09-26 13:14:21,114 [pool-77-thread-1] INFO  server.RaftServerConfigKeys (ConfUtils.java:logGet(43)) - raft.server.snapshot.retention.num.files = 5 (custom)
2019-09-26 13:14:21,114 [pool-77-thread-1] INFO  server.RaftServerConfigKeys (ConfUtils.java:logGet(43)) - raft.server.retrycache.expirytime = 600000ms (custom)
2019-09-26 13:14:21,117 [pool-77-thread-1] INFO  impl.RaftServerImpl (RaftServerImpl.java:start(185)) - 1e849afe-e025-4ea1-92fc-2ba4c5aad289@group-FB7B1DDBC0C3: start as a follower, conf=-1: [1e849afe-e025-4ea1-92fc-2ba4c5aad289:192.168.164.238:45977], old=null
2019-09-26 13:14:21,118 [pool-77-thread-1] INFO  impl.RaftServerImpl (RaftServerImpl.java:setRole(174)) - 1e849afe-e025-4ea1-92fc-2ba4c5aad289@group-FB7B1DDBC0C3: changes role from      null to FOLLOWER at term 0 for startAsFollower
2019-09-26 13:14:21,118 [pool-77-thread-1] INFO  impl.RoleInfo (RoleInfo.java:updateAndGet(143)) - 1e849afe-e025-4ea1-92fc-2ba4c5aad289: start FollowerState
2019-09-26 13:14:21,118 [pool-77-thread-1] INFO  util.JmxRegister (JmxRegister.java:tryRegister(44)) - Successfully registered JMX Bean with object name Ratis:service=RaftServer,group=group-FB7B1DDBC0C3,id=1e849afe-e025-4ea1-92fc-2ba4c5aad289
2019-09-26 13:14:21,123 [RatisPipelineUtilsThread] INFO  pipeline.PipelineStateManager (PipelineStateManager.java:addPipeline(56)) - Created pipeline Pipeline[ Id: 4275fc63-5cf7-4768-ad3a-fb7b1ddbc0c3, Nodes: 1e849afe-e025-4ea1-92fc-2ba4c5aad289{ip: 192.168.164.238, host: pr-hdds-1569-87zkn-1081879488, networkLocation: /default-rack, certSerialId: null}, Type:RATIS, Factor:ONE, State:OPEN]
2019-09-26 13:14:21,123 [RatisPipelineUtilsThread] INFO  pipeline.PipelinePlacementPolicy (PipelinePlacementPolicy.java:meetCriteria(91)) - Pipeline Placement: can't place more pipeline on heavy datanode： 1e849afe-e025-4ea1-92fc-2ba4c5aad289 Heaviness: 6 limit: 5
2019-09-26 13:14:21,131 [grpc-default-executor-0] INFO  impl.RaftServerProxy (RaftServerProxy.java:addNew(89)) - 02fbea54-5f9c-4a3a-a32e-981146fa3872: addNew group-CFCACA0032EB:[02fbea54-5f9c-4a3a-a32e-981146fa3872:192.168.164.238:41737] returns group-CFCACA0032EB:java.util.concurrent.CompletableFuture@436fcb69[Not completed]
2019-09-26 13:14:21,132 [pool-87-thread-1] INFO  impl.RaftServerImpl (RaftServerImpl.java:<init>(95)) - 02fbea54-5f9c-4a3a-a32e-981146fa3872: new RaftServerImpl for group-CFCACA0032EB:[02fbea54-5f9c-4a3a-a32e-981146fa3872:192.168.164.238:41737] with ContainerStateMachine:uninitialized
2019-09-26 13:14:21,133 [pool-87-thread-1] INFO  server.RaftServerConfigKeys (ConfUtils.java:logGet(43)) - raft.server.rpc.timeout.min = 5s (custom)
2019-09-26 13:14:21,133 [pool-87-thread-1] INFO  server.RaftServerConfigKeys (ConfUtils.java:logGet(43)) - raft.server.rpc.timeout.max = 5200ms (custom)
2019-09-26 13:14:21,133 [pool-87-thread-1] INFO  server.RaftServerConfigKeys (ConfUtils.java:logGet(43)) - raft.server.rpcslowness.timeout = 120s (custom)
2019-09-26 13:14:21,133 [pool-87-thread-1] INFO  server.RaftServerConfigKeys (ConfUtils.java:logGet(43)) - raft.server.sleep.deviation.threshold = 300 (default)
2019-09-26 13:14:21,133 [pool-87-thread-1] INFO  server.RaftServerConfigKeys (ConfUtils.java:logGet(43)) - raft.server.log.appender.install.snapshot.enabled = false (custom)
2019-09-26 13:14:21,133 [pool-87-thread-1] INFO  impl.RaftServerImpl (ServerState.java:<init>(103)) - 02fbea54-5f9c-4a3a-a32e-981146fa3872@group-CFCACA0032EB: ConfigurationManager, init=-1: [02fbea54-5f9c-4a3a-a32e-981146fa3872:192.168.164.238:41737], old=null, confs=<EMPTY_MAP>
2019-09-26 13:14:21,133 [pool-87-thread-1] INFO  server.RaftServerConfigKeys (ConfUtils.java:logGet(43)) - raft.server.storage.dir = [/workdir/hadoop-ozone/integration-test/target/test-dir/MiniOzoneClusterImpl-d2415e2d-2ab8-4028-b036-3844cbbdd4ea/datanode-1/data/ratis] (custom)
2019-09-26 13:14:21,134 [pool-87-thread-1] INFO  storage.RaftStorageDirectory (RaftStorageDirectory.java:analyzeStorage(246)) - The storage directory /workdir/hadoop-ozone/integration-test/target/test-dir/MiniOzoneClusterImpl-d2415e2d-2ab8-4028-b036-3844cbbdd4ea/datanode-1/data/ratis/b875d103-ed03-42f8-b944-cfcaca0032eb does not exist. Creating ...
2019-09-26 13:14:21,138 [pool-87-thread-1] INFO  storage.RaftStorageDirectory (RaftStorageDirectory.java:tryLock(328)) - Lock on /workdir/hadoop-ozone/integration-test/target/test-dir/MiniOzoneClusterImpl-d2415e2d-2ab8-4028-b036-3844cbbdd4ea/datanode-1/data/ratis/b875d103-ed03-42f8-b944-cfcaca0032eb/in_use.lock acquired by nodename 10026@pr-hdds-1569-87zkn-1081879488
2019-09-26 13:14:21,153 [pool-87-thread-1] INFO  storage.RaftStorage (RaftStorage.java:format(72)) - Storage directory /workdir/hadoop-ozone/integration-test/target/test-dir/MiniOzoneClusterImpl-d2415e2d-2ab8-4028-b036-3844cbbdd4ea/datanode-1/data/ratis/b875d103-ed03-42f8-b944-cfcaca0032eb has been successfully formatted.
2019-09-26 13:14:21,153 [pool-87-thread-1] INFO  ratis.ContainerStateMachine (ContainerStateMachine.java:loadSnapshot(230)) - group-CFCACA0032EB: The snapshot info is null. Setting the last applied indexto:(t:0, i:~)
2019-09-26 13:14:21,154 [pool-87-thread-1] INFO  server.RaftServerConfigKeys (ConfUtils.java:logGet(43)) - raft.server.notification.no-leader.timeout = 120s (custom)
2019-09-26 13:14:21,154 [pool-87-thread-1] INFO  server.RaftServerConfigKeys (ConfUtils.java:logGet(43)) - raft.server.log.use.memory = false (default)
2019-09-26 13:14:21,154 [pool-87-thread-1] INFO  server.RaftServerConfigKeys (ConfUtils.java:logGet(43)) - raft.server.log.purge.gap = 1000000 (custom)
2019-09-26 13:14:21,154 [pool-87-thread-1] INFO  server.RaftServerConfigKeys (ConfUtils.java:logGet(43)) - raft.server.log.appender.buffer.byte-limit = 33554432 (custom)
2019-09-26 13:14:21,154 [pool-87-thread-1] INFO  server.RaftServerConfigKeys (ConfUtils.java:logGet(43)) - raft.server.log.segment.size.max = 1048576 (custom)
2019-09-26 13:14:21,154 [pool-87-thread-1] INFO  server.RaftServerConfigKeys (ConfUtils.java:logGet(43)) - raft.server.log.segment.cache.num.max = 2 (custom)
2019-09-26 13:14:21,154 [pool-87-thread-1] INFO  segmented.SegmentedRaftLogWorker (SegmentedRaftLogWorker.java:<init>(172)) - new 02fbea54-5f9c-4a3a-a32e-981146fa3872@group-CFCACA0032EB-SegmentedRaftLogWorker for RaftStorage:Storage Directory /workdir/hadoop-ozone/integration-test/target/test-dir/MiniOzoneClusterImpl-d2415e2d-2ab8-4028-b036-3844cbbdd4ea/datanode-1/data/ratis/b875d103-ed03-42f8-b944-cfcaca0032eb
2019-09-26 13:14:21,154 [pool-87-thread-1] INFO  server.RaftServerConfigKeys (ConfUtils.java:logGet(43)) - raft.server.log.queue.byte-limit = 2147483647 (custom)
2019-09-26 13:14:21,155 [pool-87-thread-1] INFO  server.RaftServerConfigKeys (ConfUtils.java:logGet(43)) - raft.server.log.queue.element-limit = 1024 (custom)
2019-09-26 13:14:21,155 [pool-87-thread-1] INFO  server.RaftServerConfigKeys (ConfUtils.java:logGet(43)) - raft.server.log.segment.size.max = 1048576 (custom)
2019-09-26 13:14:21,155 [pool-87-thread-1] INFO  server.RaftServerConfigKeys (ConfUtils.java:logGet(43)) - raft.server.log.preallocated.size = 16384 (custom)
2019-09-26 13:14:21,155 [pool-87-thread-1] INFO  server.RaftServerConfigKeys (ConfUtils.java:logGet(43)) - raft.server.log.write.buffer.size = 33554432 (custom)
2019-09-26 13:14:21,155 [pool-87-thread-1] INFO  server.RaftServerConfigKeys (ConfUtils.java:logGet(43)) - raft.server.log.force.sync.num = 128 (default)
2019-09-26 13:14:21,155 [pool-87-thread-1] INFO  server.RaftServerConfigKeys (ConfUtils.java:logGet(43)) - raft.server.log.statemachine.data.sync = true (default)
2019-09-26 13:14:21,155 [pool-87-thread-1] INFO  server.RaftServerConfigKeys (ConfUtils.java:logGet(43)) - raft.server.log.statemachine.data.sync.timeout = 10s (default)
2019-09-26 13:14:21,155 [pool-87-thread-1] INFO  server.RaftServerConfigKeys (ConfUtils.java:logGet(43)) - raft.server.log.statemachine.data.sync.timeout.retry = -1 (default)
2019-09-26 13:14:21,156 [pool-87-thread-1] INFO  server.RaftServerConfigKeys (ConfUtils.java:logGet(43)) - raft.server.log.statemachine.data.caching.enabled = true (custom)
2019-09-26 13:14:21,157 [pool-87-thread-1] INFO  segmented.SegmentedRaftLogWorker (SegmentedRaftLogWorker.java:lambda$new$0(132)) - 02fbea54-5f9c-4a3a-a32e-981146fa3872@group-CFCACA0032EB-SegmentedRaftLogWorker: flushIndex: setUnconditionally 0 -> -1
2019-09-26 13:14:21,158 [pool-87-thread-1] INFO  server.RaftServerConfigKeys (ConfUtils.java:logGet(43)) - raft.server.snapshot.auto.trigger.enabled = true (custom)
2019-09-26 13:14:21,158 [pool-87-thread-1] INFO  server.RaftServerConfigKeys (ConfUtils.java:logGet(43)) - raft.server.snapshot.auto.trigger.threshold = 10000 (custom)
2019-09-26 13:14:21,158 [pool-87-thread-1] INFO  server.RaftServerConfigKeys (ConfUtils.java:logGet(43)) - raft.server.snapshot.retention.num.files = 5 (custom)
2019-09-26 13:14:21,158 [pool-87-thread-1] INFO  server.RaftServerConfigKeys (ConfUtils.java:logGet(43)) - raft.server.retrycache.expirytime = 600000ms (custom)
2019-09-26 13:14:21,160 [pool-87-thread-1] INFO  impl.RaftServerImpl (RaftServerImpl.java:start(185)) - 02fbea54-5f9c-4a3a-a32e-981146fa3872@group-CFCACA0032EB: start as a follower, conf=-1: [02fbea54-5f9c-4a3a-a32e-981146fa3872:192.168.164.238:41737], old=null
2019-09-26 13:14:21,161 [pool-87-thread-1] INFO  impl.RaftServerImpl (RaftServerImpl.java:setRole(174)) - 02fbea54-5f9c-4a3a-a32e-981146fa3872@group-CFCACA0032EB: changes role from      null to FOLLOWER at term 0 for startAsFollower
2019-09-26 13:14:21,161 [pool-87-thread-1] INFO  impl.RoleInfo (RoleInfo.java:updateAndGet(143)) - 02fbea54-5f9c-4a3a-a32e-981146fa3872: start FollowerState
2019-09-26 13:14:21,161 [pool-87-thread-1] INFO  util.JmxRegister (JmxRegister.java:tryRegister(44)) - Successfully registered JMX Bean with object name Ratis:service=RaftServer,group=group-CFCACA0032EB,id=02fbea54-5f9c-4a3a-a32e-981146fa3872
2019-09-26 13:14:21,165 [RatisPipelineUtilsThread] INFO  pipeline.PipelineStateManager (PipelineStateManager.java:addPipeline(56)) - Created pipeline Pipeline[ Id: b875d103-ed03-42f8-b944-cfcaca0032eb, Nodes: 02fbea54-5f9c-4a3a-a32e-981146fa3872{ip: 192.168.164.238, host: pr-hdds-1569-87zkn-1081879488, networkLocation: /default-rack, certSerialId: null}, Type:RATIS, Factor:ONE, State:OPEN]
2019-09-26 13:14:21,165 [RatisPipelineUtilsThread] INFO  pipeline.PipelinePlacementPolicy (PipelinePlacementPolicy.java:meetCriteria(91)) - Pipeline Placement: can't place more pipeline on heavy datanode： 1e849afe-e025-4ea1-92fc-2ba4c5aad289 Heaviness: 6 limit: 5
2019-09-26 13:14:21,173 [grpc-default-executor-0] INFO  impl.RaftServerProxy (RaftServerProxy.java:addNew(89)) - 02fbea54-5f9c-4a3a-a32e-981146fa3872: addNew group-986479F5BC78:[02fbea54-5f9c-4a3a-a32e-981146fa3872:192.168.164.238:41737] returns group-986479F5BC78:java.util.concurrent.CompletableFuture@60198af9[Not completed]
2019-09-26 13:14:21,174 [pool-87-thread-1] INFO  impl.RaftServerImpl (RaftServerImpl.java:<init>(95)) - 02fbea54-5f9c-4a3a-a32e-981146fa3872: new RaftServerImpl for group-986479F5BC78:[02fbea54-5f9c-4a3a-a32e-981146fa3872:192.168.164.238:41737] with ContainerStateMachine:uninitialized
2019-09-26 13:14:21,174 [pool-87-thread-1] INFO  server.RaftServerConfigKeys (ConfUtils.java:logGet(43)) - raft.server.rpc.timeout.min = 5s (custom)
2019-09-26 13:14:21,174 [pool-87-thread-1] INFO  server.RaftServerConfigKeys (ConfUtils.java:logGet(43)) - raft.server.rpc.timeout.max = 5200ms (custom)
2019-09-26 13:14:21,174 [pool-87-thread-1] INFO  server.RaftServerConfigKeys (ConfUtils.java:logGet(43)) - raft.server.rpcslowness.timeout = 120s (custom)
2019-09-26 13:14:21,174 [pool-87-thread-1] INFO  server.RaftServerConfigKeys (ConfUtils.java:logGet(43)) - raft.server.sleep.deviation.threshold = 300 (default)
2019-09-26 13:14:21,174 [pool-87-thread-1] INFO  server.RaftServerConfigKeys (ConfUtils.java:logGet(43)) - raft.server.log.appender.install.snapshot.enabled = false (custom)
2019-09-26 13:14:21,174 [pool-87-thread-1] INFO  impl.RaftServerImpl (ServerState.java:<init>(103)) - 02fbea54-5f9c-4a3a-a32e-981146fa3872@group-986479F5BC78: ConfigurationManager, init=-1: [02fbea54-5f9c-4a3a-a32e-981146fa3872:192.168.164.238:41737], old=null, confs=<EMPTY_MAP>
2019-09-26 13:14:21,174 [pool-87-thread-1] INFO  server.RaftServerConfigKeys (ConfUtils.java:logGet(43)) - raft.server.storage.dir = [/workdir/hadoop-ozone/integration-test/target/test-dir/MiniOzoneClusterImpl-d2415e2d-2ab8-4028-b036-3844cbbdd4ea/datanode-1/data/ratis] (custom)
2019-09-26 13:14:21,175 [pool-87-thread-1] INFO  storage.RaftStorageDirectory (RaftStorageDirectory.java:analyzeStorage(246)) - The storage directory /workdir/hadoop-ozone/integration-test/target/test-dir/MiniOzoneClusterImpl-d2415e2d-2ab8-4028-b036-3844cbbdd4ea/datanode-1/data/ratis/9a4f09ab-d6aa-48aa-88a5-986479f5bc78 does not exist. Creating ...
2019-09-26 13:14:21,181 [pool-87-thread-1] INFO  storage.RaftStorageDirectory (RaftStorageDirectory.java:tryLock(328)) - Lock on /workdir/hadoop-ozone/integration-test/target/test-dir/MiniOzoneClusterImpl-d2415e2d-2ab8-4028-b036-3844cbbdd4ea/datanode-1/data/ratis/9a4f09ab-d6aa-48aa-88a5-986479f5bc78/in_use.lock acquired by nodename 10026@pr-hdds-1569-87zkn-1081879488
2019-09-26 13:14:21,187 [pool-87-thread-1] INFO  storage.RaftStorage (RaftStorage.java:format(72)) - Storage directory /workdir/hadoop-ozone/integration-test/target/test-dir/MiniOzoneClusterImpl-d2415e2d-2ab8-4028-b036-3844cbbdd4ea/datanode-1/data/ratis/9a4f09ab-d6aa-48aa-88a5-986479f5bc78 has been successfully formatted.
2019-09-26 13:14:21,187 [pool-87-thread-1] INFO  ratis.ContainerStateMachine (ContainerStateMachine.java:loadSnapshot(230)) - group-986479F5BC78: The snapshot info is null. Setting the last applied indexto:(t:0, i:~)
2019-09-26 13:14:21,188 [pool-87-thread-1] INFO  server.RaftServerConfigKeys (ConfUtils.java:logGet(43)) - raft.server.notification.no-leader.timeout = 120s (custom)
2019-09-26 13:14:21,188 [pool-87-thread-1] INFO  server.RaftServerConfigKeys (ConfUtils.java:logGet(43)) - raft.server.log.use.memory = false (default)
2019-09-26 13:14:21,188 [pool-87-thread-1] INFO  server.RaftServerConfigKeys (ConfUtils.java:logGet(43)) - raft.server.log.purge.gap = 1000000 (custom)
2019-09-26 13:14:21,188 [pool-87-thread-1] INFO  server.RaftServerConfigKeys (ConfUtils.java:logGet(43)) - raft.server.log.appender.buffer.byte-limit = 33554432 (custom)
2019-09-26 13:14:21,188 [pool-87-thread-1] INFO  server.RaftServerConfigKeys (ConfUtils.java:logGet(43)) - raft.server.log.segment.size.max = 1048576 (custom)
2019-09-26 13:14:21,188 [pool-87-thread-1] INFO  server.RaftServerConfigKeys (ConfUtils.java:logGet(43)) - raft.server.log.segment.cache.num.max = 2 (custom)
2019-09-26 13:14:21,189 [pool-87-thread-1] INFO  segmented.SegmentedRaftLogWorker (SegmentedRaftLogWorker.java:<init>(172)) - new 02fbea54-5f9c-4a3a-a32e-981146fa3872@group-986479F5BC78-SegmentedRaftLogWorker for RaftStorage:Storage Directory /workdir/hadoop-ozone/integration-test/target/test-dir/MiniOzoneClusterImpl-d2415e2d-2ab8-4028-b036-3844cbbdd4ea/datanode-1/data/ratis/9a4f09ab-d6aa-48aa-88a5-986479f5bc78
2019-09-26 13:14:21,189 [pool-87-thread-1] INFO  server.RaftServerConfigKeys (ConfUtils.java:logGet(43)) - raft.server.log.queue.byte-limit = 2147483647 (custom)
2019-09-26 13:14:21,189 [pool-87-thread-1] INFO  server.RaftServerConfigKeys (ConfUtils.java:logGet(43)) - raft.server.log.queue.element-limit = 1024 (custom)
2019-09-26 13:14:21,189 [pool-87-thread-1] INFO  server.RaftServerConfigKeys (ConfUtils.java:logGet(43)) - raft.server.log.segment.size.max = 1048576 (custom)
2019-09-26 13:14:21,189 [pool-87-thread-1] INFO  server.RaftServerConfigKeys (ConfUtils.java:logGet(43)) - raft.server.log.preallocated.size = 16384 (custom)
2019-09-26 13:14:21,189 [pool-87-thread-1] INFO  server.RaftServerConfigKeys (ConfUtils.java:logGet(43)) - raft.server.log.write.buffer.size = 33554432 (custom)
2019-09-26 13:14:21,189 [pool-87-thread-1] INFO  server.RaftServerConfigKeys (ConfUtils.java:logGet(43)) - raft.server.log.force.sync.num = 128 (default)
2019-09-26 13:14:21,190 [pool-87-thread-1] INFO  server.RaftServerConfigKeys (ConfUtils.java:logGet(43)) - raft.server.log.statemachine.data.sync = true (default)
2019-09-26 13:14:21,190 [pool-87-thread-1] INFO  server.RaftServerConfigKeys (ConfUtils.java:logGet(43)) - raft.server.log.statemachine.data.sync.timeout = 10s (default)
2019-09-26 13:14:21,190 [pool-87-thread-1] INFO  server.RaftServerConfigKeys (ConfUtils.java:logGet(43)) - raft.server.log.statemachine.data.sync.timeout.retry = -1 (default)
2019-09-26 13:14:21,190 [pool-87-thread-1] INFO  server.RaftServerConfigKeys (ConfUtils.java:logGet(43)) - raft.server.log.statemachine.data.caching.enabled = true (custom)
2019-09-26 13:14:21,191 [pool-87-thread-1] INFO  segmented.SegmentedRaftLogWorker (SegmentedRaftLogWorker.java:lambda$new$0(132)) - 02fbea54-5f9c-4a3a-a32e-981146fa3872@group-986479F5BC78-SegmentedRaftLogWorker: flushIndex: setUnconditionally 0 -> -1
2019-09-26 13:14:21,191 [pool-87-thread-1] INFO  server.RaftServerConfigKeys (ConfUtils.java:logGet(43)) - raft.server.snapshot.auto.trigger.enabled = true (custom)
2019-09-26 13:14:21,192 [pool-87-thread-1] INFO  server.RaftServerConfigKeys (ConfUtils.java:logGet(43)) - raft.server.snapshot.auto.trigger.threshold = 10000 (custom)
2019-09-26 13:14:21,192 [pool-87-thread-1] INFO  server.RaftServerConfigKeys (ConfUtils.java:logGet(43)) - raft.server.snapshot.retention.num.files = 5 (custom)
2019-09-26 13:14:21,192 [pool-87-thread-1] INFO  server.RaftServerConfigKeys (ConfUtils.java:logGet(43)) - raft.server.retrycache.expirytime = 600000ms (custom)
2019-09-26 13:14:21,194 [pool-87-thread-1] INFO  impl.RaftServerImpl (RaftServerImpl.java:start(185)) - 02fbea54-5f9c-4a3a-a32e-981146fa3872@group-986479F5BC78: start as a follower, conf=-1: [02fbea54-5f9c-4a3a-a32e-981146fa3872:192.168.164.238:41737], old=null
2019-09-26 13:14:21,195 [pool-87-thread-1] INFO  impl.RaftServerImpl (RaftServerImpl.java:setRole(174)) - 02fbea54-5f9c-4a3a-a32e-981146fa3872@group-986479F5BC78: changes role from      null to FOLLOWER at term 0 for startAsFollower
2019-09-26 13:14:21,195 [pool-87-thread-1] INFO  impl.RoleInfo (RoleInfo.java:updateAndGet(143)) - 02fbea54-5f9c-4a3a-a32e-981146fa3872: start FollowerState
2019-09-26 13:14:21,195 [pool-87-thread-1] INFO  util.JmxRegister (JmxRegister.java:tryRegister(44)) - Successfully registered JMX Bean with object name Ratis:service=RaftServer,group=group-986479F5BC78,id=02fbea54-5f9c-4a3a-a32e-981146fa3872
2019-09-26 13:14:21,199 [RatisPipelineUtilsThread] INFO  pipeline.PipelineStateManager (PipelineStateManager.java:addPipeline(56)) - Created pipeline Pipeline[ Id: 9a4f09ab-d6aa-48aa-88a5-986479f5bc78, Nodes: 02fbea54-5f9c-4a3a-a32e-981146fa3872{ip: 192.168.164.238, host: pr-hdds-1569-87zkn-1081879488, networkLocation: /default-rack, certSerialId: null}, Type:RATIS, Factor:ONE, State:OPEN]
2019-09-26 13:14:21,199 [RatisPipelineUtilsThread] INFO  pipeline.PipelinePlacementPolicy (PipelinePlacementPolicy.java:meetCriteria(91)) - Pipeline Placement: can't place more pipeline on heavy datanode： 1e849afe-e025-4ea1-92fc-2ba4c5aad289 Heaviness: 6 limit: 5
2019-09-26 13:14:21,207 [grpc-default-executor-0] INFO  impl.RaftServerProxy (RaftServerProxy.java:addNew(89)) - 02fbea54-5f9c-4a3a-a32e-981146fa3872: addNew group-DD0FAF8A932A:[02fbea54-5f9c-4a3a-a32e-981146fa3872:192.168.164.238:41737] returns group-DD0FAF8A932A:java.util.concurrent.CompletableFuture@10b934c[Not completed]
2019-09-26 13:14:21,208 [pool-87-thread-1] INFO  impl.RaftServerImpl (RaftServerImpl.java:<init>(95)) - 02fbea54-5f9c-4a3a-a32e-981146fa3872: new RaftServerImpl for group-DD0FAF8A932A:[02fbea54-5f9c-4a3a-a32e-981146fa3872:192.168.164.238:41737] with ContainerStateMachine:uninitialized
2019-09-26 13:14:21,208 [pool-87-thread-1] INFO  server.RaftServerConfigKeys (ConfUtils.java:logGet(43)) - raft.server.rpc.timeout.min = 5s (custom)
2019-09-26 13:14:21,209 [pool-87-thread-1] INFO  server.RaftServerConfigKeys (ConfUtils.java:logGet(43)) - raft.server.rpc.timeout.max = 5200ms (custom)
2019-09-26 13:14:21,209 [pool-87-thread-1] INFO  server.RaftServerConfigKeys (ConfUtils.java:logGet(43)) - raft.server.rpcslowness.timeout = 120s (custom)
2019-09-26 13:14:21,209 [pool-87-thread-1] INFO  server.RaftServerConfigKeys (ConfUtils.java:logGet(43)) - raft.server.sleep.deviation.threshold = 300 (default)
2019-09-26 13:14:21,209 [pool-87-thread-1] INFO  server.RaftServerConfigKeys (ConfUtils.java:logGet(43)) - raft.server.log.appender.install.snapshot.enabled = false (custom)
2019-09-26 13:14:21,209 [pool-87-thread-1] INFO  impl.RaftServerImpl (ServerState.java:<init>(103)) - 02fbea54-5f9c-4a3a-a32e-981146fa3872@group-DD0FAF8A932A: ConfigurationManager, init=-1: [02fbea54-5f9c-4a3a-a32e-981146fa3872:192.168.164.238:41737], old=null, confs=<EMPTY_MAP>
2019-09-26 13:14:21,209 [pool-87-thread-1] INFO  server.RaftServerConfigKeys (ConfUtils.java:logGet(43)) - raft.server.storage.dir = [/workdir/hadoop-ozone/integration-test/target/test-dir/MiniOzoneClusterImpl-d2415e2d-2ab8-4028-b036-3844cbbdd4ea/datanode-1/data/ratis] (custom)
2019-09-26 13:14:21,210 [pool-87-thread-1] INFO  storage.RaftStorageDirectory (RaftStorageDirectory.java:analyzeStorage(246)) - The storage directory /workdir/hadoop-ozone/integration-test/target/test-dir/MiniOzoneClusterImpl-d2415e2d-2ab8-4028-b036-3844cbbdd4ea/datanode-1/data/ratis/fbe12113-3054-4984-82ce-dd0faf8a932a does not exist. Creating ...
2019-09-26 13:14:21,217 [pool-87-thread-1] INFO  storage.RaftStorageDirectory (RaftStorageDirectory.java:tryLock(328)) - Lock on /workdir/hadoop-ozone/integration-test/target/test-dir/MiniOzoneClusterImpl-d2415e2d-2ab8-4028-b036-3844cbbdd4ea/datanode-1/data/ratis/fbe12113-3054-4984-82ce-dd0faf8a932a/in_use.lock acquired by nodename 10026@pr-hdds-1569-87zkn-1081879488
2019-09-26 13:14:21,221 [pool-87-thread-1] INFO  storage.RaftStorage (RaftStorage.java:format(72)) - Storage directory /workdir/hadoop-ozone/integration-test/target/test-dir/MiniOzoneClusterImpl-d2415e2d-2ab8-4028-b036-3844cbbdd4ea/datanode-1/data/ratis/fbe12113-3054-4984-82ce-dd0faf8a932a has been successfully formatted.
2019-09-26 13:14:21,221 [pool-87-thread-1] INFO  ratis.ContainerStateMachine (ContainerStateMachine.java:loadSnapshot(230)) - group-DD0FAF8A932A: The snapshot info is null. Setting the last applied indexto:(t:0, i:~)
2019-09-26 13:14:21,221 [pool-87-thread-1] INFO  server.RaftServerConfigKeys (ConfUtils.java:logGet(43)) - raft.server.notification.no-leader.timeout = 120s (custom)
2019-09-26 13:14:21,221 [pool-87-thread-1] INFO  server.RaftServerConfigKeys (ConfUtils.java:logGet(43)) - raft.server.log.use.memory = false (default)
2019-09-26 13:14:21,222 [pool-87-thread-1] INFO  server.RaftServerConfigKeys (ConfUtils.java:logGet(43)) - raft.server.log.purge.gap = 1000000 (custom)
2019-09-26 13:14:21,222 [pool-87-thread-1] INFO  server.RaftServerConfigKeys (ConfUtils.java:logGet(43)) - raft.server.log.appender.buffer.byte-limit = 33554432 (custom)
2019-09-26 13:14:21,222 [pool-87-thread-1] INFO  server.RaftServerConfigKeys (ConfUtils.java:logGet(43)) - raft.server.log.segment.size.max = 1048576 (custom)
2019-09-26 13:14:21,222 [pool-87-thread-1] INFO  server.RaftServerConfigKeys (ConfUtils.java:logGet(43)) - raft.server.log.segment.cache.num.max = 2 (custom)
2019-09-26 13:14:21,222 [pool-87-thread-1] INFO  segmented.SegmentedRaftLogWorker (SegmentedRaftLogWorker.java:<init>(172)) - new 02fbea54-5f9c-4a3a-a32e-981146fa3872@group-DD0FAF8A932A-SegmentedRaftLogWorker for RaftStorage:Storage Directory /workdir/hadoop-ozone/integration-test/target/test-dir/MiniOzoneClusterImpl-d2415e2d-2ab8-4028-b036-3844cbbdd4ea/datanode-1/data/ratis/fbe12113-3054-4984-82ce-dd0faf8a932a
2019-09-26 13:14:21,222 [pool-87-thread-1] INFO  server.RaftServerConfigKeys (ConfUtils.java:logGet(43)) - raft.server.log.queue.byte-limit = 2147483647 (custom)
2019-09-26 13:14:21,222 [pool-87-thread-1] INFO  server.RaftServerConfigKeys (ConfUtils.java:logGet(43)) - raft.server.log.queue.element-limit = 1024 (custom)
2019-09-26 13:14:21,223 [pool-87-thread-1] INFO  server.RaftServerConfigKeys (ConfUtils.java:logGet(43)) - raft.server.log.segment.size.max = 1048576 (custom)
2019-09-26 13:14:21,223 [pool-87-thread-1] INFO  server.RaftServerConfigKeys (ConfUtils.java:logGet(43)) - raft.server.log.preallocated.size = 16384 (custom)
2019-09-26 13:14:21,223 [pool-87-thread-1] INFO  server.RaftServerConfigKeys (ConfUtils.java:logGet(43)) - raft.server.log.write.buffer.size = 33554432 (custom)
2019-09-26 13:14:21,223 [pool-87-thread-1] INFO  server.RaftServerConfigKeys (ConfUtils.java:logGet(43)) - raft.server.log.force.sync.num = 128 (default)
2019-09-26 13:14:21,223 [pool-87-thread-1] INFO  server.RaftServerConfigKeys (ConfUtils.java:logGet(43)) - raft.server.log.statemachine.data.sync = true (default)
2019-09-26 13:14:21,223 [pool-87-thread-1] INFO  server.RaftServerConfigKeys (ConfUtils.java:logGet(43)) - raft.server.log.statemachine.data.sync.timeout = 10s (default)
2019-09-26 13:14:21,223 [pool-87-thread-1] INFO  server.RaftServerConfigKeys (ConfUtils.java:logGet(43)) - raft.server.log.statemachine.data.sync.timeout.retry = -1 (default)
2019-09-26 13:14:21,224 [pool-87-thread-1] INFO  server.RaftServerConfigKeys (ConfUtils.java:logGet(43)) - raft.server.log.statemachine.data.caching.enabled = true (custom)
2019-09-26 13:14:21,224 [pool-87-thread-1] INFO  segmented.SegmentedRaftLogWorker (SegmentedRaftLogWorker.java:lambda$new$0(132)) - 02fbea54-5f9c-4a3a-a32e-981146fa3872@group-DD0FAF8A932A-SegmentedRaftLogWorker: flushIndex: setUnconditionally 0 -> -1
2019-09-26 13:14:21,224 [pool-87-thread-1] INFO  server.RaftServerConfigKeys (ConfUtils.java:logGet(43)) - raft.server.snapshot.auto.trigger.enabled = true (custom)
2019-09-26 13:14:21,224 [pool-87-thread-1] INFO  server.RaftServerConfigKeys (ConfUtils.java:logGet(43)) - raft.server.snapshot.auto.trigger.threshold = 10000 (custom)
2019-09-26 13:14:21,225 [pool-87-thread-1] INFO  server.RaftServerConfigKeys (ConfUtils.java:logGet(43)) - raft.server.snapshot.retention.num.files = 5 (custom)
2019-09-26 13:14:21,225 [pool-87-thread-1] INFO  server.RaftServerConfigKeys (ConfUtils.java:logGet(43)) - raft.server.retrycache.expirytime = 600000ms (custom)
2019-09-26 13:14:21,227 [pool-87-thread-1] INFO  impl.RaftServerImpl (RaftServerImpl.java:start(185)) - 02fbea54-5f9c-4a3a-a32e-981146fa3872@group-DD0FAF8A932A: start as a follower, conf=-1: [02fbea54-5f9c-4a3a-a32e-981146fa3872:192.168.164.238:41737], old=null
2019-09-26 13:14:21,227 [pool-87-thread-1] INFO  impl.RaftServerImpl (RaftServerImpl.java:setRole(174)) - 02fbea54-5f9c-4a3a-a32e-981146fa3872@group-DD0FAF8A932A: changes role from      null to FOLLOWER at term 0 for startAsFollower
2019-09-26 13:14:21,227 [pool-87-thread-1] INFO  impl.RoleInfo (RoleInfo.java:updateAndGet(143)) - 02fbea54-5f9c-4a3a-a32e-981146fa3872: start FollowerState
2019-09-26 13:14:21,228 [pool-87-thread-1] INFO  util.JmxRegister (JmxRegister.java:tryRegister(44)) - Successfully registered JMX Bean with object name Ratis:service=RaftServer,group=group-DD0FAF8A932A,id=02fbea54-5f9c-4a3a-a32e-981146fa3872
2019-09-26 13:14:21,232 [RatisPipelineUtilsThread] INFO  pipeline.PipelineStateManager (PipelineStateManager.java:addPipeline(56)) - Created pipeline Pipeline[ Id: fbe12113-3054-4984-82ce-dd0faf8a932a, Nodes: 02fbea54-5f9c-4a3a-a32e-981146fa3872{ip: 192.168.164.238, host: pr-hdds-1569-87zkn-1081879488, networkLocation: /default-rack, certSerialId: null}, Type:RATIS, Factor:ONE, State:OPEN]
2019-09-26 13:14:21,232 [RatisPipelineUtilsThread] INFO  pipeline.PipelinePlacementPolicy (PipelinePlacementPolicy.java:meetCriteria(91)) - Pipeline Placement: can't place more pipeline on heavy datanode： 1e849afe-e025-4ea1-92fc-2ba4c5aad289 Heaviness: 6 limit: 5
2019-09-26 13:14:21,232 [RatisPipelineUtilsThread] INFO  pipeline.PipelinePlacementPolicy (PipelinePlacementPolicy.java:meetCriteria(91)) - Pipeline Placement: can't place more pipeline on heavy datanode： 02fbea54-5f9c-4a3a-a32e-981146fa3872 Heaviness: 6 limit: 5
2019-09-26 13:14:21,240 [grpc-default-executor-0] INFO  impl.RaftServerProxy (RaftServerProxy.java:addNew(89)) - 853d2aeb-7135-469c-ae5d-13b8b8156e53: addNew group-88A26D533BBB:[853d2aeb-7135-469c-ae5d-13b8b8156e53:192.168.164.238:33530] returns group-88A26D533BBB:java.util.concurrent.CompletableFuture@2c9df06d[Not completed]
2019-09-26 13:14:21,241 [pool-97-thread-1] INFO  impl.RaftServerImpl (RaftServerImpl.java:<init>(95)) - 853d2aeb-7135-469c-ae5d-13b8b8156e53: new RaftServerImpl for group-88A26D533BBB:[853d2aeb-7135-469c-ae5d-13b8b8156e53:192.168.164.238:33530] with ContainerStateMachine:uninitialized
2019-09-26 13:14:21,241 [pool-97-thread-1] INFO  server.RaftServerConfigKeys (ConfUtils.java:logGet(43)) - raft.server.rpc.timeout.min = 5s (custom)
2019-09-26 13:14:21,241 [pool-97-thread-1] INFO  server.RaftServerConfigKeys (ConfUtils.java:logGet(43)) - raft.server.rpc.timeout.max = 5200ms (custom)
2019-09-26 13:14:21,241 [pool-97-thread-1] INFO  server.RaftServerConfigKeys (ConfUtils.java:logGet(43)) - raft.server.rpcslowness.timeout = 120s (custom)
2019-09-26 13:14:21,241 [pool-97-thread-1] INFO  server.RaftServerConfigKeys (ConfUtils.java:logGet(43)) - raft.server.sleep.deviation.threshold = 300 (default)
2019-09-26 13:14:21,241 [pool-97-thread-1] INFO  server.RaftServerConfigKeys (ConfUtils.java:logGet(43)) - raft.server.log.appender.install.snapshot.enabled = false (custom)
2019-09-26 13:14:21,241 [pool-97-thread-1] INFO  impl.RaftServerImpl (ServerState.java:<init>(103)) - 853d2aeb-7135-469c-ae5d-13b8b8156e53@group-88A26D533BBB: ConfigurationManager, init=-1: [853d2aeb-7135-469c-ae5d-13b8b8156e53:192.168.164.238:33530], old=null, confs=<EMPTY_MAP>
2019-09-26 13:14:21,241 [pool-97-thread-1] INFO  server.RaftServerConfigKeys (ConfUtils.java:logGet(43)) - raft.server.storage.dir = [/workdir/hadoop-ozone/integration-test/target/test-dir/MiniOzoneClusterImpl-d2415e2d-2ab8-4028-b036-3844cbbdd4ea/datanode-2/data/ratis] (custom)
2019-09-26 13:14:21,242 [pool-97-thread-1] INFO  storage.RaftStorageDirectory (RaftStorageDirectory.java:analyzeStorage(246)) - The storage directory /workdir/hadoop-ozone/integration-test/target/test-dir/MiniOzoneClusterImpl-d2415e2d-2ab8-4028-b036-3844cbbdd4ea/datanode-2/data/ratis/046a65ea-b8c1-4bd1-8e29-88a26d533bbb does not exist. Creating ...
2019-09-26 13:14:21,246 [pool-97-thread-1] INFO  storage.RaftStorageDirectory (RaftStorageDirectory.java:tryLock(328)) - Lock on /workdir/hadoop-ozone/integration-test/target/test-dir/MiniOzoneClusterImpl-d2415e2d-2ab8-4028-b036-3844cbbdd4ea/datanode-2/data/ratis/046a65ea-b8c1-4bd1-8e29-88a26d533bbb/in_use.lock acquired by nodename 10026@pr-hdds-1569-87zkn-1081879488
2019-09-26 13:14:21,249 [pool-97-thread-1] INFO  storage.RaftStorage (RaftStorage.java:format(72)) - Storage directory /workdir/hadoop-ozone/integration-test/target/test-dir/MiniOzoneClusterImpl-d2415e2d-2ab8-4028-b036-3844cbbdd4ea/datanode-2/data/ratis/046a65ea-b8c1-4bd1-8e29-88a26d533bbb has been successfully formatted.
2019-09-26 13:14:21,250 [pool-97-thread-1] INFO  ratis.ContainerStateMachine (ContainerStateMachine.java:loadSnapshot(230)) - group-88A26D533BBB: The snapshot info is null. Setting the last applied indexto:(t:0, i:~)
2019-09-26 13:14:21,250 [pool-97-thread-1] INFO  server.RaftServerConfigKeys (ConfUtils.java:logGet(43)) - raft.server.notification.no-leader.timeout = 120s (custom)
2019-09-26 13:14:21,250 [pool-97-thread-1] INFO  server.RaftServerConfigKeys (ConfUtils.java:logGet(43)) - raft.server.log.use.memory = false (default)
2019-09-26 13:14:21,250 [pool-97-thread-1] INFO  server.RaftServerConfigKeys (ConfUtils.java:logGet(43)) - raft.server.log.purge.gap = 1000000 (custom)
2019-09-26 13:14:21,250 [pool-97-thread-1] INFO  server.RaftServerConfigKeys (ConfUtils.java:logGet(43)) - raft.server.log.appender.buffer.byte-limit = 33554432 (custom)
2019-09-26 13:14:21,250 [pool-97-thread-1] INFO  server.RaftServerConfigKeys (ConfUtils.java:logGet(43)) - raft.server.log.segment.size.max = 1048576 (custom)
2019-09-26 13:14:21,250 [pool-97-thread-1] INFO  server.RaftServerConfigKeys (ConfUtils.java:logGet(43)) - raft.server.log.segment.cache.num.max = 2 (custom)
2019-09-26 13:14:21,250 [pool-97-thread-1] INFO  segmented.SegmentedRaftLogWorker (SegmentedRaftLogWorker.java:<init>(172)) - new 853d2aeb-7135-469c-ae5d-13b8b8156e53@group-88A26D533BBB-SegmentedRaftLogWorker for RaftStorage:Storage Directory /workdir/hadoop-ozone/integration-test/target/test-dir/MiniOzoneClusterImpl-d2415e2d-2ab8-4028-b036-3844cbbdd4ea/datanode-2/data/ratis/046a65ea-b8c1-4bd1-8e29-88a26d533bbb
2019-09-26 13:14:21,250 [pool-97-thread-1] INFO  server.RaftServerConfigKeys (ConfUtils.java:logGet(43)) - raft.server.log.queue.byte-limit = 2147483647 (custom)
2019-09-26 13:14:21,251 [pool-97-thread-1] INFO  server.RaftServerConfigKeys (ConfUtils.java:logGet(43)) - raft.server.log.queue.element-limit = 1024 (custom)
2019-09-26 13:14:21,251 [pool-97-thread-1] INFO  server.RaftServerConfigKeys (ConfUtils.java:logGet(43)) - raft.server.log.segment.size.max = 1048576 (custom)
2019-09-26 13:14:21,251 [pool-97-thread-1] INFO  server.RaftServerConfigKeys (ConfUtils.java:logGet(43)) - raft.server.log.preallocated.size = 16384 (custom)
2019-09-26 13:14:21,251 [pool-97-thread-1] INFO  server.RaftServerConfigKeys (ConfUtils.java:logGet(43)) - raft.server.log.write.buffer.size = 33554432 (custom)
2019-09-26 13:14:21,251 [pool-97-thread-1] INFO  server.RaftServerConfigKeys (ConfUtils.java:logGet(43)) - raft.server.log.force.sync.num = 128 (default)
2019-09-26 13:14:21,251 [pool-97-thread-1] INFO  server.RaftServerConfigKeys (ConfUtils.java:logGet(43)) - raft.server.log.statemachine.data.sync = true (default)
2019-09-26 13:14:21,251 [pool-97-thread-1] INFO  server.RaftServerConfigKeys (ConfUtils.java:logGet(43)) - raft.server.log.statemachine.data.sync.timeout = 10s (default)
2019-09-26 13:14:21,251 [pool-97-thread-1] INFO  server.RaftServerConfigKeys (ConfUtils.java:logGet(43)) - raft.server.log.statemachine.data.sync.timeout.retry = -1 (default)
2019-09-26 13:14:21,251 [pool-97-thread-1] INFO  server.RaftServerConfigKeys (ConfUtils.java:logGet(43)) - raft.server.log.statemachine.data.caching.enabled = true (custom)
2019-09-26 13:14:21,252 [pool-97-thread-1] INFO  segmented.SegmentedRaftLogWorker (SegmentedRaftLogWorker.java:lambda$new$0(132)) - 853d2aeb-7135-469c-ae5d-13b8b8156e53@group-88A26D533BBB-SegmentedRaftLogWorker: flushIndex: setUnconditionally 0 -> -1
2019-09-26 13:14:21,252 [pool-97-thread-1] INFO  server.RaftServerConfigKeys (ConfUtils.java:logGet(43)) - raft.server.snapshot.auto.trigger.enabled = true (custom)
2019-09-26 13:14:21,252 [pool-97-thread-1] INFO  server.RaftServerConfigKeys (ConfUtils.java:logGet(43)) - raft.server.snapshot.auto.trigger.threshold = 10000 (custom)
2019-09-26 13:14:21,252 [pool-97-thread-1] INFO  server.RaftServerConfigKeys (ConfUtils.java:logGet(43)) - raft.server.snapshot.retention.num.files = 5 (custom)
2019-09-26 13:14:21,252 [pool-97-thread-1] INFO  server.RaftServerConfigKeys (ConfUtils.java:logGet(43)) - raft.server.retrycache.expirytime = 600000ms (custom)
2019-09-26 13:14:21,254 [pool-97-thread-1] INFO  impl.RaftServerImpl (RaftServerImpl.java:start(185)) - 853d2aeb-7135-469c-ae5d-13b8b8156e53@group-88A26D533BBB: start as a follower, conf=-1: [853d2aeb-7135-469c-ae5d-13b8b8156e53:192.168.164.238:33530], old=null
2019-09-26 13:14:21,254 [pool-97-thread-1] INFO  impl.RaftServerImpl (RaftServerImpl.java:setRole(174)) - 853d2aeb-7135-469c-ae5d-13b8b8156e53@group-88A26D533BBB: changes role from      null to FOLLOWER at term 0 for startAsFollower
2019-09-26 13:14:21,254 [pool-97-thread-1] INFO  impl.RoleInfo (RoleInfo.java:updateAndGet(143)) - 853d2aeb-7135-469c-ae5d-13b8b8156e53: start FollowerState
2019-09-26 13:14:21,255 [pool-97-thread-1] INFO  util.JmxRegister (JmxRegister.java:tryRegister(44)) - Successfully registered JMX Bean with object name Ratis:service=RaftServer,group=group-88A26D533BBB,id=853d2aeb-7135-469c-ae5d-13b8b8156e53
2019-09-26 13:14:21,258 [RatisPipelineUtilsThread] INFO  pipeline.PipelineStateManager (PipelineStateManager.java:addPipeline(56)) - Created pipeline Pipeline[ Id: 046a65ea-b8c1-4bd1-8e29-88a26d533bbb, Nodes: 853d2aeb-7135-469c-ae5d-13b8b8156e53{ip: 192.168.164.238, host: pr-hdds-1569-87zkn-1081879488, networkLocation: /default-rack, certSerialId: null}, Type:RATIS, Factor:ONE, State:OPEN]
2019-09-26 13:14:21,259 [RatisPipelineUtilsThread] INFO  pipeline.PipelinePlacementPolicy (PipelinePlacementPolicy.java:meetCriteria(91)) - Pipeline Placement: can't place more pipeline on heavy datanode： 1e849afe-e025-4ea1-92fc-2ba4c5aad289 Heaviness: 6 limit: 5
2019-09-26 13:14:21,259 [RatisPipelineUtilsThread] INFO  pipeline.PipelinePlacementPolicy (PipelinePlacementPolicy.java:meetCriteria(91)) - Pipeline Placement: can't place more pipeline on heavy datanode： 02fbea54-5f9c-4a3a-a32e-981146fa3872 Heaviness: 6 limit: 5
2019-09-26 13:14:21,265 [grpc-default-executor-0] INFO  impl.RaftServerProxy (RaftServerProxy.java:addNew(89)) - 853d2aeb-7135-469c-ae5d-13b8b8156e53: addNew group-B6C98DAC5DE1:[853d2aeb-7135-469c-ae5d-13b8b8156e53:192.168.164.238:33530] returns group-B6C98DAC5DE1:java.util.concurrent.CompletableFuture@5ce71f51[Not completed]
2019-09-26 13:14:21,266 [pool-97-thread-1] INFO  impl.RaftServerImpl (RaftServerImpl.java:<init>(95)) - 853d2aeb-7135-469c-ae5d-13b8b8156e53: new RaftServerImpl for group-B6C98DAC5DE1:[853d2aeb-7135-469c-ae5d-13b8b8156e53:192.168.164.238:33530] with ContainerStateMachine:uninitialized
2019-09-26 13:14:21,266 [pool-97-thread-1] INFO  server.RaftServerConfigKeys (ConfUtils.java:logGet(43)) - raft.server.rpc.timeout.min = 5s (custom)
2019-09-26 13:14:21,266 [pool-97-thread-1] INFO  server.RaftServerConfigKeys (ConfUtils.java:logGet(43)) - raft.server.rpc.timeout.max = 5200ms (custom)
2019-09-26 13:14:21,266 [pool-97-thread-1] INFO  server.RaftServerConfigKeys (ConfUtils.java:logGet(43)) - raft.server.rpcslowness.timeout = 120s (custom)
2019-09-26 13:14:21,267 [pool-97-thread-1] INFO  server.RaftServerConfigKeys (ConfUtils.java:logGet(43)) - raft.server.sleep.deviation.threshold = 300 (default)
2019-09-26 13:14:21,267 [pool-97-thread-1] INFO  server.RaftServerConfigKeys (ConfUtils.java:logGet(43)) - raft.server.log.appender.install.snapshot.enabled = false (custom)
2019-09-26 13:14:21,267 [pool-97-thread-1] INFO  impl.RaftServerImpl (ServerState.java:<init>(103)) - 853d2aeb-7135-469c-ae5d-13b8b8156e53@group-B6C98DAC5DE1: ConfigurationManager, init=-1: [853d2aeb-7135-469c-ae5d-13b8b8156e53:192.168.164.238:33530], old=null, confs=<EMPTY_MAP>
2019-09-26 13:14:21,267 [pool-97-thread-1] INFO  server.RaftServerConfigKeys (ConfUtils.java:logGet(43)) - raft.server.storage.dir = [/workdir/hadoop-ozone/integration-test/target/test-dir/MiniOzoneClusterImpl-d2415e2d-2ab8-4028-b036-3844cbbdd4ea/datanode-2/data/ratis] (custom)
2019-09-26 13:14:21,267 [pool-97-thread-1] INFO  storage.RaftStorageDirectory (RaftStorageDirectory.java:analyzeStorage(246)) - The storage directory /workdir/hadoop-ozone/integration-test/target/test-dir/MiniOzoneClusterImpl-d2415e2d-2ab8-4028-b036-3844cbbdd4ea/datanode-2/data/ratis/bdb219d6-c17f-4e00-b30a-b6c98dac5de1 does not exist. Creating ...
2019-09-26 13:14:21,276 [pool-97-thread-1] INFO  storage.RaftStorageDirectory (RaftStorageDirectory.java:tryLock(328)) - Lock on /workdir/hadoop-ozone/integration-test/target/test-dir/MiniOzoneClusterImpl-d2415e2d-2ab8-4028-b036-3844cbbdd4ea/datanode-2/data/ratis/bdb219d6-c17f-4e00-b30a-b6c98dac5de1/in_use.lock acquired by nodename 10026@pr-hdds-1569-87zkn-1081879488
2019-09-26 13:14:21,280 [pool-97-thread-1] INFO  storage.RaftStorage (RaftStorage.java:format(72)) - Storage directory /workdir/hadoop-ozone/integration-test/target/test-dir/MiniOzoneClusterImpl-d2415e2d-2ab8-4028-b036-3844cbbdd4ea/datanode-2/data/ratis/bdb219d6-c17f-4e00-b30a-b6c98dac5de1 has been successfully formatted.
2019-09-26 13:14:21,280 [pool-97-thread-1] INFO  ratis.ContainerStateMachine (ContainerStateMachine.java:loadSnapshot(230)) - group-B6C98DAC5DE1: The snapshot info is null. Setting the last applied indexto:(t:0, i:~)
2019-09-26 13:14:21,281 [pool-97-thread-1] INFO  server.RaftServerConfigKeys (ConfUtils.java:logGet(43)) - raft.server.notification.no-leader.timeout = 120s (custom)
2019-09-26 13:14:21,281 [pool-97-thread-1] INFO  server.RaftServerConfigKeys (ConfUtils.java:logGet(43)) - raft.server.log.use.memory = false (default)
2019-09-26 13:14:21,281 [pool-97-thread-1] INFO  server.RaftServerConfigKeys (ConfUtils.java:logGet(43)) - raft.server.log.purge.gap = 1000000 (custom)
2019-09-26 13:14:21,281 [pool-97-thread-1] INFO  server.RaftServerConfigKeys (ConfUtils.java:logGet(43)) - raft.server.log.appender.buffer.byte-limit = 33554432 (custom)
2019-09-26 13:14:21,281 [pool-97-thread-1] INFO  server.RaftServerConfigKeys (ConfUtils.java:logGet(43)) - raft.server.log.segment.size.max = 1048576 (custom)
2019-09-26 13:14:21,281 [pool-97-thread-1] INFO  server.RaftServerConfigKeys (ConfUtils.java:logGet(43)) - raft.server.log.segment.cache.num.max = 2 (custom)
2019-09-26 13:14:21,281 [pool-97-thread-1] INFO  segmented.SegmentedRaftLogWorker (SegmentedRaftLogWorker.java:<init>(172)) - new 853d2aeb-7135-469c-ae5d-13b8b8156e53@group-B6C98DAC5DE1-SegmentedRaftLogWorker for RaftStorage:Storage Directory /workdir/hadoop-ozone/integration-test/target/test-dir/MiniOzoneClusterImpl-d2415e2d-2ab8-4028-b036-3844cbbdd4ea/datanode-2/data/ratis/bdb219d6-c17f-4e00-b30a-b6c98dac5de1
2019-09-26 13:14:21,281 [pool-97-thread-1] INFO  server.RaftServerConfigKeys (ConfUtils.java:logGet(43)) - raft.server.log.queue.byte-limit = 2147483647 (custom)
2019-09-26 13:14:21,281 [pool-97-thread-1] INFO  server.RaftServerConfigKeys (ConfUtils.java:logGet(43)) - raft.server.log.queue.element-limit = 1024 (custom)
2019-09-26 13:14:21,282 [pool-97-thread-1] INFO  server.RaftServerConfigKeys (ConfUtils.java:logGet(43)) - raft.server.log.segment.size.max = 1048576 (custom)
2019-09-26 13:14:21,282 [pool-97-thread-1] INFO  server.RaftServerConfigKeys (ConfUtils.java:logGet(43)) - raft.server.log.preallocated.size = 16384 (custom)
2019-09-26 13:14:21,282 [pool-97-thread-1] INFO  server.RaftServerConfigKeys (ConfUtils.java:logGet(43)) - raft.server.log.write.buffer.size = 33554432 (custom)
2019-09-26 13:14:21,282 [pool-97-thread-1] INFO  server.RaftServerConfigKeys (ConfUtils.java:logGet(43)) - raft.server.log.force.sync.num = 128 (default)
2019-09-26 13:14:21,282 [pool-97-thread-1] INFO  server.RaftServerConfigKeys (ConfUtils.java:logGet(43)) - raft.server.log.statemachine.data.sync = true (default)
2019-09-26 13:14:21,282 [pool-97-thread-1] INFO  server.RaftServerConfigKeys (ConfUtils.java:logGet(43)) - raft.server.log.statemachine.data.sync.timeout = 10s (default)
2019-09-26 13:14:21,282 [pool-97-thread-1] INFO  server.RaftServerConfigKeys (ConfUtils.java:logGet(43)) - raft.server.log.statemachine.data.sync.timeout.retry = -1 (default)
2019-09-26 13:14:21,282 [pool-97-thread-1] INFO  server.RaftServerConfigKeys (ConfUtils.java:logGet(43)) - raft.server.log.statemachine.data.caching.enabled = true (custom)
2019-09-26 13:14:21,283 [pool-97-thread-1] INFO  segmented.SegmentedRaftLogWorker (SegmentedRaftLogWorker.java:lambda$new$0(132)) - 853d2aeb-7135-469c-ae5d-13b8b8156e53@group-B6C98DAC5DE1-SegmentedRaftLogWorker: flushIndex: setUnconditionally 0 -> -1
2019-09-26 13:14:21,283 [pool-97-thread-1] INFO  server.RaftServerConfigKeys (ConfUtils.java:logGet(43)) - raft.server.snapshot.auto.trigger.enabled = true (custom)
2019-09-26 13:14:21,283 [pool-97-thread-1] INFO  server.RaftServerConfigKeys (ConfUtils.java:logGet(43)) - raft.server.snapshot.auto.trigger.threshold = 10000 (custom)
2019-09-26 13:14:21,283 [pool-97-thread-1] INFO  server.RaftServerConfigKeys (ConfUtils.java:logGet(43)) - raft.server.snapshot.retention.num.files = 5 (custom)
2019-09-26 13:14:21,283 [pool-97-thread-1] INFO  server.RaftServerConfigKeys (ConfUtils.java:logGet(43)) - raft.server.retrycache.expirytime = 600000ms (custom)
2019-09-26 13:14:21,285 [pool-97-thread-1] INFO  impl.RaftServerImpl (RaftServerImpl.java:start(185)) - 853d2aeb-7135-469c-ae5d-13b8b8156e53@group-B6C98DAC5DE1: start as a follower, conf=-1: [853d2aeb-7135-469c-ae5d-13b8b8156e53:192.168.164.238:33530], old=null
2019-09-26 13:14:21,285 [pool-97-thread-1] INFO  impl.RaftServerImpl (RaftServerImpl.java:setRole(174)) - 853d2aeb-7135-469c-ae5d-13b8b8156e53@group-B6C98DAC5DE1: changes role from      null to FOLLOWER at term 0 for startAsFollower
2019-09-26 13:14:21,285 [pool-97-thread-1] INFO  impl.RoleInfo (RoleInfo.java:updateAndGet(143)) - 853d2aeb-7135-469c-ae5d-13b8b8156e53: start FollowerState
2019-09-26 13:14:21,286 [pool-97-thread-1] INFO  util.JmxRegister (JmxRegister.java:tryRegister(44)) - Successfully registered JMX Bean with object name Ratis:service=RaftServer,group=group-B6C98DAC5DE1,id=853d2aeb-7135-469c-ae5d-13b8b8156e53
2019-09-26 13:14:21,289 [RatisPipelineUtilsThread] INFO  pipeline.PipelineStateManager (PipelineStateManager.java:addPipeline(56)) - Created pipeline Pipeline[ Id: bdb219d6-c17f-4e00-b30a-b6c98dac5de1, Nodes: 853d2aeb-7135-469c-ae5d-13b8b8156e53{ip: 192.168.164.238, host: pr-hdds-1569-87zkn-1081879488, networkLocation: /default-rack, certSerialId: null}, Type:RATIS, Factor:ONE, State:OPEN]
2019-09-26 13:14:21,290 [RatisPipelineUtilsThread] INFO  pipeline.PipelinePlacementPolicy (PipelinePlacementPolicy.java:meetCriteria(91)) - Pipeline Placement: can't place more pipeline on heavy datanode： 1e849afe-e025-4ea1-92fc-2ba4c5aad289 Heaviness: 6 limit: 5
2019-09-26 13:14:21,290 [RatisPipelineUtilsThread] INFO  pipeline.PipelinePlacementPolicy (PipelinePlacementPolicy.java:meetCriteria(91)) - Pipeline Placement: can't place more pipeline on heavy datanode： 02fbea54-5f9c-4a3a-a32e-981146fa3872 Heaviness: 6 limit: 5
2019-09-26 13:14:21,297 [grpc-default-executor-0] INFO  impl.RaftServerProxy (RaftServerProxy.java:addNew(89)) - 853d2aeb-7135-469c-ae5d-13b8b8156e53: addNew group-655D668B4E60:[853d2aeb-7135-469c-ae5d-13b8b8156e53:192.168.164.238:33530] returns group-655D668B4E60:java.util.concurrent.CompletableFuture@60dc2b25[Not completed]
2019-09-26 13:14:21,297 [pool-97-thread-1] INFO  impl.RaftServerImpl (RaftServerImpl.java:<init>(95)) - 853d2aeb-7135-469c-ae5d-13b8b8156e53: new RaftServerImpl for group-655D668B4E60:[853d2aeb-7135-469c-ae5d-13b8b8156e53:192.168.164.238:33530] with ContainerStateMachine:uninitialized
2019-09-26 13:14:21,298 [pool-97-thread-1] INFO  server.RaftServerConfigKeys (ConfUtils.java:logGet(43)) - raft.server.rpc.timeout.min = 5s (custom)
2019-09-26 13:14:21,298 [pool-97-thread-1] INFO  server.RaftServerConfigKeys (ConfUtils.java:logGet(43)) - raft.server.rpc.timeout.max = 5200ms (custom)
2019-09-26 13:14:21,298 [pool-97-thread-1] INFO  server.RaftServerConfigKeys (ConfUtils.java:logGet(43)) - raft.server.rpcslowness.timeout = 120s (custom)
2019-09-26 13:14:21,298 [pool-97-thread-1] INFO  server.RaftServerConfigKeys (ConfUtils.java:logGet(43)) - raft.server.sleep.deviation.threshold = 300 (default)
2019-09-26 13:14:21,298 [pool-97-thread-1] INFO  server.RaftServerConfigKeys (ConfUtils.java:logGet(43)) - raft.server.log.appender.install.snapshot.enabled = false (custom)
2019-09-26 13:14:21,298 [pool-97-thread-1] INFO  impl.RaftServerImpl (ServerState.java:<init>(103)) - 853d2aeb-7135-469c-ae5d-13b8b8156e53@group-655D668B4E60: ConfigurationManager, init=-1: [853d2aeb-7135-469c-ae5d-13b8b8156e53:192.168.164.238:33530], old=null, confs=<EMPTY_MAP>
2019-09-26 13:14:21,298 [pool-97-thread-1] INFO  server.RaftServerConfigKeys (ConfUtils.java:logGet(43)) - raft.server.storage.dir = [/workdir/hadoop-ozone/integration-test/target/test-dir/MiniOzoneClusterImpl-d2415e2d-2ab8-4028-b036-3844cbbdd4ea/datanode-2/data/ratis] (custom)
2019-09-26 13:14:21,298 [pool-97-thread-1] INFO  storage.RaftStorageDirectory (RaftStorageDirectory.java:analyzeStorage(246)) - The storage directory /workdir/hadoop-ozone/integration-test/target/test-dir/MiniOzoneClusterImpl-d2415e2d-2ab8-4028-b036-3844cbbdd4ea/datanode-2/data/ratis/faa8fc35-001f-44d0-8ce6-655d668b4e60 does not exist. Creating ...
2019-09-26 13:14:21,312 [pool-97-thread-1] INFO  storage.RaftStorageDirectory (RaftStorageDirectory.java:tryLock(328)) - Lock on /workdir/hadoop-ozone/integration-test/target/test-dir/MiniOzoneClusterImpl-d2415e2d-2ab8-4028-b036-3844cbbdd4ea/datanode-2/data/ratis/faa8fc35-001f-44d0-8ce6-655d668b4e60/in_use.lock acquired by nodename 10026@pr-hdds-1569-87zkn-1081879488
2019-09-26 13:14:21,318 [pool-97-thread-1] INFO  storage.RaftStorage (RaftStorage.java:format(72)) - Storage directory /workdir/hadoop-ozone/integration-test/target/test-dir/MiniOzoneClusterImpl-d2415e2d-2ab8-4028-b036-3844cbbdd4ea/datanode-2/data/ratis/faa8fc35-001f-44d0-8ce6-655d668b4e60 has been successfully formatted.
2019-09-26 13:14:21,318 [pool-97-thread-1] INFO  ratis.ContainerStateMachine (ContainerStateMachine.java:loadSnapshot(230)) - group-655D668B4E60: The snapshot info is null. Setting the last applied indexto:(t:0, i:~)
2019-09-26 13:14:21,318 [pool-97-thread-1] INFO  server.RaftServerConfigKeys (ConfUtils.java:logGet(43)) - raft.server.notification.no-leader.timeout = 120s (custom)
2019-09-26 13:14:21,318 [pool-97-thread-1] INFO  server.RaftServerConfigKeys (ConfUtils.java:logGet(43)) - raft.server.log.use.memory = false (default)
2019-09-26 13:14:21,318 [pool-97-thread-1] INFO  server.RaftServerConfigKeys (ConfUtils.java:logGet(43)) - raft.server.log.purge.gap = 1000000 (custom)
2019-09-26 13:14:21,319 [pool-97-thread-1] INFO  server.RaftServerConfigKeys (ConfUtils.java:logGet(43)) - raft.server.log.appender.buffer.byte-limit = 33554432 (custom)
2019-09-26 13:14:21,319 [pool-97-thread-1] INFO  server.RaftServerConfigKeys (ConfUtils.java:logGet(43)) - raft.server.log.segment.size.max = 1048576 (custom)
2019-09-26 13:14:21,319 [pool-97-thread-1] INFO  server.RaftServerConfigKeys (ConfUtils.java:logGet(43)) - raft.server.log.segment.cache.num.max = 2 (custom)
2019-09-26 13:14:21,319 [pool-97-thread-1] INFO  segmented.SegmentedRaftLogWorker (SegmentedRaftLogWorker.java:<init>(172)) - new 853d2aeb-7135-469c-ae5d-13b8b8156e53@group-655D668B4E60-SegmentedRaftLogWorker for RaftStorage:Storage Directory /workdir/hadoop-ozone/integration-test/target/test-dir/MiniOzoneClusterImpl-d2415e2d-2ab8-4028-b036-3844cbbdd4ea/datanode-2/data/ratis/faa8fc35-001f-44d0-8ce6-655d668b4e60
2019-09-26 13:14:21,319 [pool-97-thread-1] INFO  server.RaftServerConfigKeys (ConfUtils.java:logGet(43)) - raft.server.log.queue.byte-limit = 2147483647 (custom)
2019-09-26 13:14:21,319 [pool-97-thread-1] INFO  server.RaftServerConfigKeys (ConfUtils.java:logGet(43)) - raft.server.log.queue.element-limit = 1024 (custom)
2019-09-26 13:14:21,319 [pool-97-thread-1] INFO  server.RaftServerConfigKeys (ConfUtils.java:logGet(43)) - raft.server.log.segment.size.max = 1048576 (custom)
2019-09-26 13:14:21,320 [pool-97-thread-1] INFO  server.RaftServerConfigKeys (ConfUtils.java:logGet(43)) - raft.server.log.preallocated.size = 16384 (custom)
2019-09-26 13:14:21,320 [pool-97-thread-1] INFO  server.RaftServerConfigKeys (ConfUtils.java:logGet(43)) - raft.server.log.write.buffer.size = 33554432 (custom)
2019-09-26 13:14:21,320 [pool-97-thread-1] INFO  server.RaftServerConfigKeys (ConfUtils.java:logGet(43)) - raft.server.log.force.sync.num = 128 (default)
2019-09-26 13:14:21,320 [pool-97-thread-1] INFO  server.RaftServerConfigKeys (ConfUtils.java:logGet(43)) - raft.server.log.statemachine.data.sync = true (default)
2019-09-26 13:14:21,320 [pool-97-thread-1] INFO  server.RaftServerConfigKeys (ConfUtils.java:logGet(43)) - raft.server.log.statemachine.data.sync.timeout = 10s (default)
2019-09-26 13:14:21,320 [pool-97-thread-1] INFO  server.RaftServerConfigKeys (ConfUtils.java:logGet(43)) - raft.server.log.statemachine.data.sync.timeout.retry = -1 (default)
2019-09-26 13:14:21,320 [pool-97-thread-1] INFO  server.RaftServerConfigKeys (ConfUtils.java:logGet(43)) - raft.server.log.statemachine.data.caching.enabled = true (custom)
2019-09-26 13:14:21,321 [pool-97-thread-1] INFO  segmented.SegmentedRaftLogWorker (SegmentedRaftLogWorker.java:lambda$new$0(132)) - 853d2aeb-7135-469c-ae5d-13b8b8156e53@group-655D668B4E60-SegmentedRaftLogWorker: flushIndex: setUnconditionally 0 -> -1
2019-09-26 13:14:21,321 [pool-97-thread-1] INFO  server.RaftServerConfigKeys (ConfUtils.java:logGet(43)) - raft.server.snapshot.auto.trigger.enabled = true (custom)
2019-09-26 13:14:21,321 [pool-97-thread-1] INFO  server.RaftServerConfigKeys (ConfUtils.java:logGet(43)) - raft.server.snapshot.auto.trigger.threshold = 10000 (custom)
2019-09-26 13:14:21,321 [pool-97-thread-1] INFO  server.RaftServerConfigKeys (ConfUtils.java:logGet(43)) - raft.server.snapshot.retention.num.files = 5 (custom)
2019-09-26 13:14:21,321 [pool-97-thread-1] INFO  server.RaftServerConfigKeys (ConfUtils.java:logGet(43)) - raft.server.retrycache.expirytime = 600000ms (custom)
2019-09-26 13:14:21,324 [pool-97-thread-1] INFO  impl.RaftServerImpl (RaftServerImpl.java:start(185)) - 853d2aeb-7135-469c-ae5d-13b8b8156e53@group-655D668B4E60: start as a follower, conf=-1: [853d2aeb-7135-469c-ae5d-13b8b8156e53:192.168.164.238:33530], old=null
2019-09-26 13:14:21,324 [pool-97-thread-1] INFO  impl.RaftServerImpl (RaftServerImpl.java:setRole(174)) - 853d2aeb-7135-469c-ae5d-13b8b8156e53@group-655D668B4E60: changes role from      null to FOLLOWER at term 0 for startAsFollower
2019-09-26 13:14:21,324 [pool-97-thread-1] INFO  impl.RoleInfo (RoleInfo.java:updateAndGet(143)) - 853d2aeb-7135-469c-ae5d-13b8b8156e53: start FollowerState
2019-09-26 13:14:21,324 [pool-97-thread-1] INFO  util.JmxRegister (JmxRegister.java:tryRegister(44)) - Successfully registered JMX Bean with object name Ratis:service=RaftServer,group=group-655D668B4E60,id=853d2aeb-7135-469c-ae5d-13b8b8156e53
2019-09-26 13:14:21,328 [RatisPipelineUtilsThread] INFO  pipeline.PipelineStateManager (PipelineStateManager.java:addPipeline(56)) - Created pipeline Pipeline[ Id: faa8fc35-001f-44d0-8ce6-655d668b4e60, Nodes: 853d2aeb-7135-469c-ae5d-13b8b8156e53{ip: 192.168.164.238, host: pr-hdds-1569-87zkn-1081879488, networkLocation: /default-rack, certSerialId: null}, Type:RATIS, Factor:ONE, State:OPEN]
2019-09-26 13:14:21,329 [RatisPipelineUtilsThread] INFO  pipeline.PipelinePlacementPolicy (PipelinePlacementPolicy.java:meetCriteria(91)) - Pipeline Placement: can't place more pipeline on heavy datanode： 1e849afe-e025-4ea1-92fc-2ba4c5aad289 Heaviness: 6 limit: 5
2019-09-26 13:14:21,329 [RatisPipelineUtilsThread] INFO  pipeline.PipelinePlacementPolicy (PipelinePlacementPolicy.java:meetCriteria(91)) - Pipeline Placement: can't place more pipeline on heavy datanode： 02fbea54-5f9c-4a3a-a32e-981146fa3872 Heaviness: 6 limit: 5
2019-09-26 13:14:21,335 [grpc-default-executor-0] INFO  impl.RaftServerProxy (RaftServerProxy.java:addNew(89)) - 853d2aeb-7135-469c-ae5d-13b8b8156e53: addNew group-5F3DE8D8430E:[853d2aeb-7135-469c-ae5d-13b8b8156e53:192.168.164.238:33530] returns group-5F3DE8D8430E:java.util.concurrent.CompletableFuture@5ebacace[Not completed]
2019-09-26 13:14:21,336 [pool-97-thread-1] INFO  impl.RaftServerImpl (RaftServerImpl.java:<init>(95)) - 853d2aeb-7135-469c-ae5d-13b8b8156e53: new RaftServerImpl for group-5F3DE8D8430E:[853d2aeb-7135-469c-ae5d-13b8b8156e53:192.168.164.238:33530] with ContainerStateMachine:uninitialized
2019-09-26 13:14:21,336 [pool-97-thread-1] INFO  server.RaftServerConfigKeys (ConfUtils.java:logGet(43)) - raft.server.rpc.timeout.min = 5s (custom)
2019-09-26 13:14:21,336 [pool-97-thread-1] INFO  server.RaftServerConfigKeys (ConfUtils.java:logGet(43)) - raft.server.rpc.timeout.max = 5200ms (custom)
2019-09-26 13:14:21,337 [pool-97-thread-1] INFO  server.RaftServerConfigKeys (ConfUtils.java:logGet(43)) - raft.server.rpcslowness.timeout = 120s (custom)
2019-09-26 13:14:21,337 [pool-97-thread-1] INFO  server.RaftServerConfigKeys (ConfUtils.java:logGet(43)) - raft.server.sleep.deviation.threshold = 300 (default)
2019-09-26 13:14:21,337 [pool-97-thread-1] INFO  server.RaftServerConfigKeys (ConfUtils.java:logGet(43)) - raft.server.log.appender.install.snapshot.enabled = false (custom)
2019-09-26 13:14:21,337 [pool-97-thread-1] INFO  impl.RaftServerImpl (ServerState.java:<init>(103)) - 853d2aeb-7135-469c-ae5d-13b8b8156e53@group-5F3DE8D8430E: ConfigurationManager, init=-1: [853d2aeb-7135-469c-ae5d-13b8b8156e53:192.168.164.238:33530], old=null, confs=<EMPTY_MAP>
2019-09-26 13:14:21,337 [pool-97-thread-1] INFO  server.RaftServerConfigKeys (ConfUtils.java:logGet(43)) - raft.server.storage.dir = [/workdir/hadoop-ozone/integration-test/target/test-dir/MiniOzoneClusterImpl-d2415e2d-2ab8-4028-b036-3844cbbdd4ea/datanode-2/data/ratis] (custom)
2019-09-26 13:14:21,337 [pool-97-thread-1] INFO  storage.RaftStorageDirectory (RaftStorageDirectory.java:analyzeStorage(246)) - The storage directory /workdir/hadoop-ozone/integration-test/target/test-dir/MiniOzoneClusterImpl-d2415e2d-2ab8-4028-b036-3844cbbdd4ea/datanode-2/data/ratis/96dfaec3-b70c-46ad-990a-5f3de8d8430e does not exist. Creating ...
2019-09-26 13:14:21,360 [pool-97-thread-1] INFO  storage.RaftStorageDirectory (RaftStorageDirectory.java:tryLock(328)) - Lock on /workdir/hadoop-ozone/integration-test/target/test-dir/MiniOzoneClusterImpl-d2415e2d-2ab8-4028-b036-3844cbbdd4ea/datanode-2/data/ratis/96dfaec3-b70c-46ad-990a-5f3de8d8430e/in_use.lock acquired by nodename 10026@pr-hdds-1569-87zkn-1081879488
2019-09-26 13:14:21,374 [pool-97-thread-1] INFO  storage.RaftStorage (RaftStorage.java:format(72)) - Storage directory /workdir/hadoop-ozone/integration-test/target/test-dir/MiniOzoneClusterImpl-d2415e2d-2ab8-4028-b036-3844cbbdd4ea/datanode-2/data/ratis/96dfaec3-b70c-46ad-990a-5f3de8d8430e has been successfully formatted.
2019-09-26 13:14:21,374 [pool-97-thread-1] INFO  ratis.ContainerStateMachine (ContainerStateMachine.java:loadSnapshot(230)) - group-5F3DE8D8430E: The snapshot info is null. Setting the last applied indexto:(t:0, i:~)
2019-09-26 13:14:21,374 [pool-97-thread-1] INFO  server.RaftServerConfigKeys (ConfUtils.java:logGet(43)) - raft.server.notification.no-leader.timeout = 120s (custom)
2019-09-26 13:14:21,374 [pool-97-thread-1] INFO  server.RaftServerConfigKeys (ConfUtils.java:logGet(43)) - raft.server.log.use.memory = false (default)
2019-09-26 13:14:21,375 [pool-97-thread-1] INFO  server.RaftServerConfigKeys (ConfUtils.java:logGet(43)) - raft.server.log.purge.gap = 1000000 (custom)
2019-09-26 13:14:21,375 [pool-97-thread-1] INFO  server.RaftServerConfigKeys (ConfUtils.java:logGet(43)) - raft.server.log.appender.buffer.byte-limit = 33554432 (custom)
2019-09-26 13:14:21,375 [pool-97-thread-1] INFO  server.RaftServerConfigKeys (ConfUtils.java:logGet(43)) - raft.server.log.segment.size.max = 1048576 (custom)
2019-09-26 13:14:21,375 [pool-97-thread-1] INFO  server.RaftServerConfigKeys (ConfUtils.java:logGet(43)) - raft.server.log.segment.cache.num.max = 2 (custom)
2019-09-26 13:14:21,375 [pool-97-thread-1] INFO  segmented.SegmentedRaftLogWorker (SegmentedRaftLogWorker.java:<init>(172)) - new 853d2aeb-7135-469c-ae5d-13b8b8156e53@group-5F3DE8D8430E-SegmentedRaftLogWorker for RaftStorage:Storage Directory /workdir/hadoop-ozone/integration-test/target/test-dir/MiniOzoneClusterImpl-d2415e2d-2ab8-4028-b036-3844cbbdd4ea/datanode-2/data/ratis/96dfaec3-b70c-46ad-990a-5f3de8d8430e
2019-09-26 13:14:21,375 [pool-97-thread-1] INFO  server.RaftServerConfigKeys (ConfUtils.java:logGet(43)) - raft.server.log.queue.byte-limit = 2147483647 (custom)
2019-09-26 13:14:21,375 [pool-97-thread-1] INFO  server.RaftServerConfigKeys (ConfUtils.java:logGet(43)) - raft.server.log.queue.element-limit = 1024 (custom)
2019-09-26 13:14:21,375 [pool-97-thread-1] INFO  server.RaftServerConfigKeys (ConfUtils.java:logGet(43)) - raft.server.log.segment.size.max = 1048576 (custom)
2019-09-26 13:14:21,375 [pool-97-thread-1] INFO  server.RaftServerConfigKeys (ConfUtils.java:logGet(43)) - raft.server.log.preallocated.size = 16384 (custom)
2019-09-26 13:14:21,376 [pool-97-thread-1] INFO  server.RaftServerConfigKeys (ConfUtils.java:logGet(43)) - raft.server.log.write.buffer.size = 33554432 (custom)
2019-09-26 13:14:21,376 [pool-97-thread-1] INFO  server.RaftServerConfigKeys (ConfUtils.java:logGet(43)) - raft.server.log.force.sync.num = 128 (default)
2019-09-26 13:14:21,376 [pool-97-thread-1] INFO  server.RaftServerConfigKeys (ConfUtils.java:logGet(43)) - raft.server.log.statemachine.data.sync = true (default)
2019-09-26 13:14:21,376 [pool-97-thread-1] INFO  server.RaftServerConfigKeys (ConfUtils.java:logGet(43)) - raft.server.log.statemachine.data.sync.timeout = 10s (default)
2019-09-26 13:14:21,376 [pool-97-thread-1] INFO  server.RaftServerConfigKeys (ConfUtils.java:logGet(43)) - raft.server.log.statemachine.data.sync.timeout.retry = -1 (default)
2019-09-26 13:14:21,376 [pool-97-thread-1] INFO  server.RaftServerConfigKeys (ConfUtils.java:logGet(43)) - raft.server.log.statemachine.data.caching.enabled = true (custom)
2019-09-26 13:14:21,376 [pool-97-thread-1] INFO  segmented.SegmentedRaftLogWorker (SegmentedRaftLogWorker.java:lambda$new$0(132)) - 853d2aeb-7135-469c-ae5d-13b8b8156e53@group-5F3DE8D8430E-SegmentedRaftLogWorker: flushIndex: setUnconditionally 0 -> -1
2019-09-26 13:14:21,377 [pool-97-thread-1] INFO  server.RaftServerConfigKeys (ConfUtils.java:logGet(43)) - raft.server.snapshot.auto.trigger.enabled = true (custom)
2019-09-26 13:14:21,377 [pool-97-thread-1] INFO  server.RaftServerConfigKeys (ConfUtils.java:logGet(43)) - raft.server.snapshot.auto.trigger.threshold = 10000 (custom)
2019-09-26 13:14:21,377 [pool-97-thread-1] INFO  server.RaftServerConfigKeys (ConfUtils.java:logGet(43)) - raft.server.snapshot.retention.num.files = 5 (custom)
2019-09-26 13:14:21,377 [pool-97-thread-1] INFO  server.RaftServerConfigKeys (ConfUtils.java:logGet(43)) - raft.server.retrycache.expirytime = 600000ms (custom)
2019-09-26 13:14:21,379 [pool-97-thread-1] INFO  impl.RaftServerImpl (RaftServerImpl.java:start(185)) - 853d2aeb-7135-469c-ae5d-13b8b8156e53@group-5F3DE8D8430E: start as a follower, conf=-1: [853d2aeb-7135-469c-ae5d-13b8b8156e53:192.168.164.238:33530], old=null
2019-09-26 13:14:21,379 [pool-97-thread-1] INFO  impl.RaftServerImpl (RaftServerImpl.java:setRole(174)) - 853d2aeb-7135-469c-ae5d-13b8b8156e53@group-5F3DE8D8430E: changes role from      null to FOLLOWER at term 0 for startAsFollower
2019-09-26 13:14:21,379 [pool-97-thread-1] INFO  impl.RoleInfo (RoleInfo.java:updateAndGet(143)) - 853d2aeb-7135-469c-ae5d-13b8b8156e53: start FollowerState
2019-09-26 13:14:21,379 [pool-97-thread-1] INFO  util.JmxRegister (JmxRegister.java:tryRegister(44)) - Successfully registered JMX Bean with object name Ratis:service=RaftServer,group=group-5F3DE8D8430E,id=853d2aeb-7135-469c-ae5d-13b8b8156e53
2019-09-26 13:14:21,384 [RatisPipelineUtilsThread] INFO  pipeline.PipelineStateManager (PipelineStateManager.java:addPipeline(56)) - Created pipeline Pipeline[ Id: 96dfaec3-b70c-46ad-990a-5f3de8d8430e, Nodes: 853d2aeb-7135-469c-ae5d-13b8b8156e53{ip: 192.168.164.238, host: pr-hdds-1569-87zkn-1081879488, networkLocation: /default-rack, certSerialId: null}, Type:RATIS, Factor:ONE, State:OPEN]
2019-09-26 13:14:21,384 [RatisPipelineUtilsThread] INFO  pipeline.PipelinePlacementPolicy (PipelinePlacementPolicy.java:meetCriteria(91)) - Pipeline Placement: can't place more pipeline on heavy datanode： 1e849afe-e025-4ea1-92fc-2ba4c5aad289 Heaviness: 6 limit: 5
2019-09-26 13:14:21,384 [RatisPipelineUtilsThread] INFO  pipeline.PipelinePlacementPolicy (PipelinePlacementPolicy.java:meetCriteria(91)) - Pipeline Placement: can't place more pipeline on heavy datanode： 853d2aeb-7135-469c-ae5d-13b8b8156e53 Heaviness: 6 limit: 5
2019-09-26 13:14:21,384 [RatisPipelineUtilsThread] INFO  pipeline.PipelinePlacementPolicy (PipelinePlacementPolicy.java:meetCriteria(91)) - Pipeline Placement: can't place more pipeline on heavy datanode： 02fbea54-5f9c-4a3a-a32e-981146fa3872 Heaviness: 6 limit: 5
2019-09-26 13:14:21,385 [RatisPipelineUtilsThread] ERROR pipeline.PipelinePlacementPolicy (PipelinePlacementPolicy.java:filterViableNodes(148)) - Unable to find enough nodes that meet the criteria that cannot engage in more than 5 pipelines. Nodes required: 1 Found: 0, healthy nodes count inNodeManager: 3.
2019-09-26 13:14:21,385 [RatisPipelineUtilsThread] ERROR pipeline.SCMPipelineManager (SCMPipelineManager.java:createPipeline(167)) - Pipeline creation failed.
org.apache.hadoop.hdds.scm.exceptions.SCMException: Unable to find enough nodes that meet the criteria that cannot engage in more than 5 pipelines. Nodes required: 1 Found: 0, healthy nodes count inNodeManager: 3.
	at org.apache.hadoop.hdds.scm.pipeline.PipelinePlacementPolicy.filterViableNodes(PipelinePlacementPolicy.java:149)
	at org.apache.hadoop.hdds.scm.pipeline.PipelinePlacementPolicy.chooseDatanodes(PipelinePlacementPolicy.java:172)
	at org.apache.hadoop.hdds.scm.pipeline.RatisPipelineProvider.create(RatisPipelineProvider.java:93)
	at org.apache.hadoop.hdds.scm.pipeline.PipelineFactory.create(PipelineFactory.java:58)
	at org.apache.hadoop.hdds.scm.pipeline.SCMPipelineManager.createPipeline(SCMPipelineManager.java:155)
	at org.apache.hadoop.hdds.scm.pipeline.BackgroundPipelineCreator.createPipelines(BackgroundPipelineCreator.java:99)
	at java.util.concurrent.Executors$RunnableAdapter.call(Executors.java:511)
	at java.util.concurrent.FutureTask.run(FutureTask.java:266)
	at java.util.concurrent.ScheduledThreadPoolExecutor$ScheduledFutureTask.access$201(ScheduledThreadPoolExecutor.java:180)
	at java.util.concurrent.ScheduledThreadPoolExecutor$ScheduledFutureTask.run(ScheduledThreadPoolExecutor.java:293)
	at java.util.concurrent.ThreadPoolExecutor.runWorker(ThreadPoolExecutor.java:1149)
	at java.util.concurrent.ThreadPoolExecutor$Worker.run(ThreadPoolExecutor.java:624)
	at java.lang.Thread.run(Thread.java:748)
2019-09-26 13:14:21,385 [RatisPipelineUtilsThread] INFO  pipeline.PipelinePlacementPolicy (PipelinePlacementPolicy.java:meetCriteria(91)) - Pipeline Placement: can't place more pipeline on heavy datanode： 1e849afe-e025-4ea1-92fc-2ba4c5aad289 Heaviness: 6 limit: 5
2019-09-26 13:14:21,385 [RatisPipelineUtilsThread] INFO  pipeline.PipelinePlacementPolicy (PipelinePlacementPolicy.java:meetCriteria(91)) - Pipeline Placement: can't place more pipeline on heavy datanode： 853d2aeb-7135-469c-ae5d-13b8b8156e53 Heaviness: 6 limit: 5
2019-09-26 13:14:21,385 [RatisPipelineUtilsThread] INFO  pipeline.PipelinePlacementPolicy (PipelinePlacementPolicy.java:meetCriteria(91)) - Pipeline Placement: can't place more pipeline on heavy datanode： 02fbea54-5f9c-4a3a-a32e-981146fa3872 Heaviness: 6 limit: 5
2019-09-26 13:14:21,385 [RatisPipelineUtilsThread] ERROR pipeline.PipelinePlacementPolicy (PipelinePlacementPolicy.java:filterViableNodes(148)) - Unable to find enough nodes that meet the criteria that cannot engage in more than 5 pipelines. Nodes required: 3 Found: 0, healthy nodes count inNodeManager: 3.
2019-09-26 13:14:21,385 [RatisPipelineUtilsThread] ERROR pipeline.SCMPipelineManager (SCMPipelineManager.java:createPipeline(167)) - Pipeline creation failed.
org.apache.hadoop.hdds.scm.exceptions.SCMException: Unable to find enough nodes that meet the criteria that cannot engage in more than 5 pipelines. Nodes required: 3 Found: 0, healthy nodes count inNodeManager: 3.
	at org.apache.hadoop.hdds.scm.pipeline.PipelinePlacementPolicy.filterViableNodes(PipelinePlacementPolicy.java:149)
	at org.apache.hadoop.hdds.scm.pipeline.PipelinePlacementPolicy.chooseDatanodes(PipelinePlacementPolicy.java:172)
	at org.apache.hadoop.hdds.scm.pipeline.RatisPipelineProvider.create(RatisPipelineProvider.java:93)
	at org.apache.hadoop.hdds.scm.pipeline.PipelineFactory.create(PipelineFactory.java:58)
	at org.apache.hadoop.hdds.scm.pipeline.SCMPipelineManager.createPipeline(SCMPipelineManager.java:155)
	at org.apache.hadoop.hdds.scm.pipeline.BackgroundPipelineCreator.createPipelines(BackgroundPipelineCreator.java:99)
	at java.util.concurrent.Executors$RunnableAdapter.call(Executors.java:511)
	at java.util.concurrent.FutureTask.run(FutureTask.java:266)
	at java.util.concurrent.ScheduledThreadPoolExecutor$ScheduledFutureTask.access$201(ScheduledThreadPoolExecutor.java:180)
	at java.util.concurrent.ScheduledThreadPoolExecutor$ScheduledFutureTask.run(ScheduledThreadPoolExecutor.java:293)
	at java.util.concurrent.ThreadPoolExecutor.runWorker(ThreadPoolExecutor.java:1149)
	at java.util.concurrent.ThreadPoolExecutor$Worker.run(ThreadPoolExecutor.java:624)
	at java.lang.Thread.run(Thread.java:748)
2019-09-26 13:14:21,386 [RatisPipelineUtilsThread] INFO  pipeline.PipelinePlacementPolicy (PipelinePlacementPolicy.java:meetCriteria(91)) - Pipeline Placement: can't place more pipeline on heavy datanode： 1e849afe-e025-4ea1-92fc-2ba4c5aad289 Heaviness: 6 limit: 5
2019-09-26 13:14:21,386 [RatisPipelineUtilsThread] INFO  pipeline.PipelinePlacementPolicy (PipelinePlacementPolicy.java:meetCriteria(91)) - Pipeline Placement: can't place more pipeline on heavy datanode： 853d2aeb-7135-469c-ae5d-13b8b8156e53 Heaviness: 6 limit: 5
2019-09-26 13:14:21,386 [RatisPipelineUtilsThread] INFO  pipeline.PipelinePlacementPolicy (PipelinePlacementPolicy.java:meetCriteria(91)) - Pipeline Placement: can't place more pipeline on heavy datanode： 02fbea54-5f9c-4a3a-a32e-981146fa3872 Heaviness: 6 limit: 5
2019-09-26 13:14:21,386 [RatisPipelineUtilsThread] ERROR pipeline.PipelinePlacementPolicy (PipelinePlacementPolicy.java:filterViableNodes(148)) - Unable to find enough nodes that meet the criteria that cannot engage in more than 5 pipelines. Nodes required: 1 Found: 0, healthy nodes count inNodeManager: 3.
2019-09-26 13:14:21,386 [RatisPipelineUtilsThread] ERROR pipeline.SCMPipelineManager (SCMPipelineManager.java:createPipeline(167)) - Pipeline creation failed.
org.apache.hadoop.hdds.scm.exceptions.SCMException: Unable to find enough nodes that meet the criteria that cannot engage in more than 5 pipelines. Nodes required: 1 Found: 0, healthy nodes count inNodeManager: 3.
	at org.apache.hadoop.hdds.scm.pipeline.PipelinePlacementPolicy.filterViableNodes(PipelinePlacementPolicy.java:149)
	at org.apache.hadoop.hdds.scm.pipeline.PipelinePlacementPolicy.chooseDatanodes(PipelinePlacementPolicy.java:172)
	at org.apache.hadoop.hdds.scm.pipeline.RatisPipelineProvider.create(RatisPipelineProvider.java:93)
	at org.apache.hadoop.hdds.scm.pipeline.PipelineFactory.create(PipelineFactory.java:58)
	at org.apache.hadoop.hdds.scm.pipeline.SCMPipelineManager.createPipeline(SCMPipelineManager.java:155)
	at org.apache.hadoop.hdds.scm.pipeline.BackgroundPipelineCreator.createPipelines(BackgroundPipelineCreator.java:99)
	at org.apache.hadoop.hdds.scm.pipeline.BackgroundPipelineCreator.lambda$startFixedIntervalPipelineCreator$0(BackgroundPipelineCreator.java:70)
	at java.util.concurrent.Executors$RunnableAdapter.call(Executors.java:511)
	at java.util.concurrent.FutureTask.runAndReset(FutureTask.java:308)
	at java.util.concurrent.ScheduledThreadPoolExecutor$ScheduledFutureTask.access$301(ScheduledThreadPoolExecutor.java:180)
	at java.util.concurrent.ScheduledThreadPoolExecutor$ScheduledFutureTask.run(ScheduledThreadPoolExecutor.java:294)
	at java.util.concurrent.ThreadPoolExecutor.runWorker(ThreadPoolExecutor.java:1149)
	at java.util.concurrent.ThreadPoolExecutor$Worker.run(ThreadPoolExecutor.java:624)
	at java.lang.Thread.run(Thread.java:748)
2019-09-26 13:14:21,386 [RatisPipelineUtilsThread] INFO  pipeline.PipelinePlacementPolicy (PipelinePlacementPolicy.java:meetCriteria(91)) - Pipeline Placement: can't place more pipeline on heavy datanode： 1e849afe-e025-4ea1-92fc-2ba4c5aad289 Heaviness: 6 limit: 5
2019-09-26 13:14:21,386 [RatisPipelineUtilsThread] INFO  pipeline.PipelinePlacementPolicy (PipelinePlacementPolicy.java:meetCriteria(91)) - Pipeline Placement: can't place more pipeline on heavy datanode： 853d2aeb-7135-469c-ae5d-13b8b8156e53 Heaviness: 6 limit: 5
2019-09-26 13:14:21,387 [RatisPipelineUtilsThread] INFO  pipeline.PipelinePlacementPolicy (PipelinePlacementPolicy.java:meetCriteria(91)) - Pipeline Placement: can't place more pipeline on heavy datanode： 02fbea54-5f9c-4a3a-a32e-981146fa3872 Heaviness: 6 limit: 5
2019-09-26 13:14:21,387 [RatisPipelineUtilsThread] ERROR pipeline.PipelinePlacementPolicy (PipelinePlacementPolicy.java:filterViableNodes(148)) - Unable to find enough nodes that meet the criteria that cannot engage in more than 5 pipelines. Nodes required: 3 Found: 0, healthy nodes count inNodeManager: 3.
2019-09-26 13:14:21,387 [RatisPipelineUtilsThread] ERROR pipeline.SCMPipelineManager (SCMPipelineManager.java:createPipeline(167)) - Pipeline creation failed.
org.apache.hadoop.hdds.scm.exceptions.SCMException: Unable to find enough nodes that meet the criteria that cannot engage in more than 5 pipelines. Nodes required: 3 Found: 0, healthy nodes count inNodeManager: 3.
	at org.apache.hadoop.hdds.scm.pipeline.PipelinePlacementPolicy.filterViableNodes(PipelinePlacementPolicy.java:149)
	at org.apache.hadoop.hdds.scm.pipeline.PipelinePlacementPolicy.chooseDatanodes(PipelinePlacementPolicy.java:172)
	at org.apache.hadoop.hdds.scm.pipeline.RatisPipelineProvider.create(RatisPipelineProvider.java:93)
	at org.apache.hadoop.hdds.scm.pipeline.PipelineFactory.create(PipelineFactory.java:58)
	at org.apache.hadoop.hdds.scm.pipeline.SCMPipelineManager.createPipeline(SCMPipelineManager.java:155)
	at org.apache.hadoop.hdds.scm.pipeline.BackgroundPipelineCreator.createPipelines(BackgroundPipelineCreator.java:99)
	at org.apache.hadoop.hdds.scm.pipeline.BackgroundPipelineCreator.lambda$startFixedIntervalPipelineCreator$0(BackgroundPipelineCreator.java:70)
	at java.util.concurrent.Executors$RunnableAdapter.call(Executors.java:511)
	at java.util.concurrent.FutureTask.runAndReset(FutureTask.java:308)
	at java.util.concurrent.ScheduledThreadPoolExecutor$ScheduledFutureTask.access$301(ScheduledThreadPoolExecutor.java:180)
	at java.util.concurrent.ScheduledThreadPoolExecutor$ScheduledFutureTask.run(ScheduledThreadPoolExecutor.java:294)
	at java.util.concurrent.ThreadPoolExecutor.runWorker(ThreadPoolExecutor.java:1149)
	at java.util.concurrent.ThreadPoolExecutor$Worker.run(ThreadPoolExecutor.java:624)
	at java.lang.Thread.run(Thread.java:748)
2019-09-26 13:14:21,738 [main] INFO  ozone.MiniOzoneClusterImpl (MiniOzoneClusterImpl.java:lambda$waitForClusterToBeReady$0(147)) - Cluster is ready. Got 3 of 3 DN Heartbeats.
2019-09-26 13:14:21,739 [main] INFO  pipeline.PipelinePlacementPolicy (PipelinePlacementPolicy.java:meetCriteria(91)) - Pipeline Placement: can't place more pipeline on heavy datanode： 1e849afe-e025-4ea1-92fc-2ba4c5aad289 Heaviness: 6 limit: 5
2019-09-26 13:14:21,739 [main] INFO  pipeline.PipelinePlacementPolicy (PipelinePlacementPolicy.java:meetCriteria(91)) - Pipeline Placement: can't place more pipeline on heavy datanode： 853d2aeb-7135-469c-ae5d-13b8b8156e53 Heaviness: 6 limit: 5
2019-09-26 13:14:21,739 [main] INFO  pipeline.PipelinePlacementPolicy (PipelinePlacementPolicy.java:meetCriteria(91)) - Pipeline Placement: can't place more pipeline on heavy datanode： 02fbea54-5f9c-4a3a-a32e-981146fa3872 Heaviness: 6 limit: 5
2019-09-26 13:14:21,740 [main] ERROR pipeline.PipelinePlacementPolicy (PipelinePlacementPolicy.java:filterViableNodes(148)) - Unable to find enough nodes that meet the criteria that cannot engage in more than 5 pipelines. Nodes required: 3 Found: 0, healthy nodes count inNodeManager: 3.
2019-09-26 13:14:21,740 [main] ERROR pipeline.SCMPipelineManager (SCMPipelineManager.java:createPipeline(167)) - Pipeline creation failed.
org.apache.hadoop.hdds.scm.exceptions.SCMException: Unable to find enough nodes that meet the criteria that cannot engage in more than 5 pipelines. Nodes required: 3 Found: 0, healthy nodes count inNodeManager: 3.
	at org.apache.hadoop.hdds.scm.pipeline.PipelinePlacementPolicy.filterViableNodes(PipelinePlacementPolicy.java:149)
	at org.apache.hadoop.hdds.scm.pipeline.PipelinePlacementPolicy.chooseDatanodes(PipelinePlacementPolicy.java:172)
	at org.apache.hadoop.hdds.scm.pipeline.RatisPipelineProvider.create(RatisPipelineProvider.java:93)
	at org.apache.hadoop.hdds.scm.pipeline.PipelineFactory.create(PipelineFactory.java:58)
	at org.apache.hadoop.hdds.scm.pipeline.SCMPipelineManager.createPipeline(SCMPipelineManager.java:155)
	at org.apache.hadoop.hdds.scm.container.ContainerStateManager.allocateContainer(ContainerStateManager.java:255)
	at org.apache.hadoop.hdds.scm.container.SCMContainerManager.allocateContainer(SCMContainerManager.java:247)
	at org.apache.hadoop.hdds.scm.pipeline.TestPipelineClose.init(TestPipelineClose.java:92)
	at sun.reflect.NativeMethodAccessorImpl.invoke0(Native Method)
	at sun.reflect.NativeMethodAccessorImpl.invoke(NativeMethodAccessorImpl.java:62)
	at sun.reflect.DelegatingMethodAccessorImpl.invoke(DelegatingMethodAccessorImpl.java:43)
	at java.lang.reflect.Method.invoke(Method.java:498)
	at org.junit.runners.model.FrameworkMethod$1.runReflectiveCall(FrameworkMethod.java:47)
	at org.junit.internal.runners.model.ReflectiveCallable.run(ReflectiveCallable.java:12)
	at org.junit.runners.model.FrameworkMethod.invokeExplosively(FrameworkMethod.java:44)
	at org.junit.internal.runners.statements.RunBefores.evaluate(RunBefores.java:24)
	at org.junit.internal.runners.statements.RunAfters.evaluate(RunAfters.java:27)
	at org.junit.runners.ParentRunner.runLeaf(ParentRunner.java:271)
	at org.junit.runners.BlockJUnit4ClassRunner.runChild(BlockJUnit4ClassRunner.java:70)
	at org.junit.runners.BlockJUnit4ClassRunner.runChild(BlockJUnit4ClassRunner.java:50)
	at org.junit.runners.ParentRunner$3.run(ParentRunner.java:238)
	at org.junit.runners.ParentRunner$1.schedule(ParentRunner.java:63)
	at org.junit.runners.ParentRunner.runChildren(ParentRunner.java:236)
	at org.junit.runners.ParentRunner.access$000(ParentRunner.java:53)
	at org.junit.runners.ParentRunner$2.evaluate(ParentRunner.java:229)
	at org.junit.runners.ParentRunner.run(ParentRunner.java:309)
	at org.apache.maven.surefire.junit4.JUnit4Provider.execute(JUnit4Provider.java:365)
	at org.apache.maven.surefire.junit4.JUnit4Provider.executeWithRerun(JUnit4Provider.java:273)
	at org.apache.maven.surefire.junit4.JUnit4Provider.executeTestSet(JUnit4Provider.java:238)
	at org.apache.maven.surefire.junit4.JUnit4Provider.invoke(JUnit4Provider.java:159)
	at org.apache.maven.surefire.booter.ForkedBooter.invokeProviderInSameClassLoader(ForkedBooter.java:384)
	at org.apache.maven.surefire.booter.ForkedBooter.runSuitesInProcess(ForkedBooter.java:345)
	at org.apache.maven.surefire.booter.ForkedBooter.execute(ForkedBooter.java:126)
	at org.apache.maven.surefire.booter.ForkedBooter.main(ForkedBooter.java:418)
2019-09-26 13:14:21,741 [main] INFO  ozone.MiniOzoneClusterImpl (MiniOzoneClusterImpl.java:shutdown(314)) - Shutting down the Mini Ozone Cluster
2019-09-26 13:14:21,741 [main] INFO  ozone.MiniOzoneClusterImpl (MiniOzoneClusterImpl.java:stop(330)) - Stopping the Mini Ozone Cluster
2019-09-26 13:14:21,741 [main] INFO  ozone.MiniOzoneClusterImpl (MiniOzoneClusterImpl.java:stopOM(400)) - Stopping the OzoneManager
2019-09-26 13:14:21,741 [main] INFO  ipc.Server (Server.java:stop(3082)) - Stopping server on 33188
2019-09-26 13:14:21,747 [main] INFO  ratis.OzoneManagerDoubleBuffer (OzoneManagerDoubleBuffer.java:stop(248)) - Stopping OMDoubleBuffer flush thread
2019-09-26 13:14:21,747 [IPC Server Responder] INFO  ipc.Server (Server.java:run(1319)) - Stopping IPC Server Responder
2019-09-26 13:14:21,748 [IPC Server listener on 33188] INFO  ipc.Server (Server.java:run(1185)) - Stopping IPC Server listener on 33188
2019-09-26 13:14:21,752 [OMDoubleBufferFlushThread] INFO  ratis.OzoneManagerDoubleBuffer (OzoneManagerDoubleBuffer.java:flushTransactions(191)) - OMDoubleBuffer flush thread OMDoubleBufferFlushThread is interrupted and will exit. OMDoubleBufferFlushThread
2019-09-26 13:14:21,761 [main] INFO  utils.BackgroundService (BackgroundService.java:shutdown(148)) - Shutting down service KeyDeletingService
2019-09-26 13:14:21,762 [main] INFO  handler.ContextHandler (ContextHandler.java:doStop(910)) - Stopped o.e.j.w.WebAppContext@5f2bd6d9{/,null,UNAVAILABLE}{/ozoneManager}
2019-09-26 13:14:21,762 [main] INFO  server.AbstractConnector (AbstractConnector.java:doStop(318)) - Stopped ServerConnector@7c847072{HTTP/1.1,[http/1.1]}{0.0.0.0:0}
2019-09-26 13:14:21,763 [main] INFO  handler.ContextHandler (ContextHandler.java:doStop(910)) - Stopped o.e.j.s.ServletContextHandler@ae202c6{/static,file:///workdir/hadoop-ozone/integration-test/target/test-classes/webapps/static,UNAVAILABLE}
2019-09-26 13:14:21,763 [main] INFO  handler.ContextHandler (ContextHandler.java:doStop(910)) - Stopped o.e.j.s.ServletContextHandler@1a96d94c{/logs,file:///workdir/hadoop-ozone/integration-test/target/log,UNAVAILABLE}
2019-09-26 13:14:21,765 [main] INFO  ozone.MiniOzoneClusterImpl (MiniOzoneClusterImpl.java:stopDatanodes(377)) - Stopping the HddsDatanodes
2019-09-26 13:14:22,591 [Datanode State Machine Thread - 0] INFO  statemachine.DatanodeStateMachine (DatanodeStateMachine.java:lambda$startDaemon$0(350)) - Ozone container server started.
2019-09-26 13:14:22,666 [Datanode State Machine Thread - 0] INFO  statemachine.DatanodeStateMachine (DatanodeStateMachine.java:lambda$startDaemon$0(350)) - Ozone container server started.
2019-09-26 13:14:23,606 [Thread-440] INFO  container.ReplicationManager (ReplicationManager.java:start(163)) - Starting Replication Monitor Thread.
2019-09-26 13:14:23,609 [ReplicationMonitor] INFO  container.ReplicationManager (ReplicationManager.java:run(226)) - Replication Monitor Thread took 0 milliseconds for processing 0 containers.
2019-09-26 13:14:25,824 [Thread-448] INFO  impl.FollowerState (FollowerState.java:run(106)) - 1e849afe-e025-4ea1-92fc-2ba4c5aad289:group-89E0D32B6668 changes to CANDIDATE, lastRpcTime:5045, electionTimeout:5045ms
2019-09-26 13:14:25,824 [Thread-448] INFO  impl.RoleInfo (RoleInfo.java:shutdownFollowerState(121)) - 1e849afe-e025-4ea1-92fc-2ba4c5aad289: shutdown FollowerState
2019-09-26 13:14:25,825 [Thread-448] INFO  impl.RaftServerImpl (RaftServerImpl.java:setRole(174)) - 1e849afe-e025-4ea1-92fc-2ba4c5aad289@group-89E0D32B6668: changes role from  FOLLOWER to CANDIDATE at term 0 for changeToCandidate
2019-09-26 13:14:25,825 [Thread-448] INFO  impl.RoleInfo (RoleInfo.java:updateAndGet(143)) - 1e849afe-e025-4ea1-92fc-2ba4c5aad289: start LeaderElection
2019-09-26 13:14:25,846 [Thread-442] INFO  impl.FollowerState (FollowerState.java:run(106)) - 1e849afe-e025-4ea1-92fc-2ba4c5aad289:group-D4F467AC804B changes to CANDIDATE, lastRpcTime:5193, electionTimeout:5193ms
2019-09-26 13:14:25,846 [Thread-442] INFO  impl.RoleInfo (RoleInfo.java:shutdownFollowerState(121)) - 1e849afe-e025-4ea1-92fc-2ba4c5aad289: shutdown FollowerState
2019-09-26 13:14:25,846 [Thread-442] INFO  impl.RaftServerImpl (RaftServerImpl.java:setRole(174)) - 1e849afe-e025-4ea1-92fc-2ba4c5aad289@group-D4F467AC804B: changes role from  FOLLOWER to CANDIDATE at term 0 for changeToCandidate
2019-09-26 13:14:25,846 [Thread-442] INFO  impl.RoleInfo (RoleInfo.java:updateAndGet(143)) - 1e849afe-e025-4ea1-92fc-2ba4c5aad289: start LeaderElection
2019-09-26 13:14:25,893 [Thread-445] INFO  impl.FollowerState (FollowerState.java:run(106)) - 02fbea54-5f9c-4a3a-a32e-981146fa3872:group-5457C9D2F679 changes to CANDIDATE, lastRpcTime:5169, electionTimeout:5169ms
2019-09-26 13:14:25,893 [Thread-445] INFO  impl.RoleInfo (RoleInfo.java:shutdownFollowerState(121)) - 02fbea54-5f9c-4a3a-a32e-981146fa3872: shutdown FollowerState
2019-09-26 13:14:25,894 [Thread-445] INFO  impl.RaftServerImpl (RaftServerImpl.java:setRole(174)) - 02fbea54-5f9c-4a3a-a32e-981146fa3872@group-5457C9D2F679: changes role from  FOLLOWER to CANDIDATE at term 0 for changeToCandidate
2019-09-26 13:14:25,894 [Thread-445] INFO  impl.RoleInfo (RoleInfo.java:updateAndGet(143)) - 02fbea54-5f9c-4a3a-a32e-981146fa3872: start LeaderElection
2019-09-26 13:14:25,908 [Thread-454] INFO  impl.FollowerState (FollowerState.java:run(106)) - 1e849afe-e025-4ea1-92fc-2ba4c5aad289:group-59B0E446519B changes to CANDIDATE, lastRpcTime:5049, electionTimeout:5049ms
2019-09-26 13:14:25,909 [Thread-454] INFO  impl.RoleInfo (RoleInfo.java:shutdownFollowerState(121)) - 1e849afe-e025-4ea1-92fc-2ba4c5aad289: shutdown FollowerState
2019-09-26 13:14:25,909 [Thread-454] INFO  impl.RaftServerImpl (RaftServerImpl.java:setRole(174)) - 1e849afe-e025-4ea1-92fc-2ba4c5aad289@group-59B0E446519B: changes role from  FOLLOWER to CANDIDATE at term 0 for changeToCandidate
2019-09-26 13:14:25,909 [Thread-454] INFO  impl.RoleInfo (RoleInfo.java:updateAndGet(143)) - 1e849afe-e025-4ea1-92fc-2ba4c5aad289: start LeaderElection
2019-09-26 13:14:25,938 [Thread-460] INFO  impl.FollowerState (FollowerState.java:run(106)) - 853d2aeb-7135-469c-ae5d-13b8b8156e53:group-CEB3C0333719 changes to CANDIDATE, lastRpcTime:5012, electionTimeout:5012ms
2019-09-26 13:14:25,938 [Thread-460] INFO  impl.RoleInfo (RoleInfo.java:shutdownFollowerState(121)) - 853d2aeb-7135-469c-ae5d-13b8b8156e53: shutdown FollowerState
2019-09-26 13:14:25,938 [Thread-460] INFO  impl.RaftServerImpl (RaftServerImpl.java:setRole(174)) - 853d2aeb-7135-469c-ae5d-13b8b8156e53@group-CEB3C0333719: changes role from  FOLLOWER to CANDIDATE at term 0 for changeToCandidate
2019-09-26 13:14:25,938 [Thread-460] INFO  impl.RoleInfo (RoleInfo.java:updateAndGet(143)) - 853d2aeb-7135-469c-ae5d-13b8b8156e53: start LeaderElection
2019-09-26 13:14:25,992 [Thread-451] INFO  impl.FollowerState (FollowerState.java:run(106)) - 02fbea54-5f9c-4a3a-a32e-981146fa3872:group-29CC744F10CE changes to CANDIDATE, lastRpcTime:5182, electionTimeout:5182ms
2019-09-26 13:14:25,992 [Thread-451] INFO  impl.RoleInfo (RoleInfo.java:shutdownFollowerState(121)) - 02fbea54-5f9c-4a3a-a32e-981146fa3872: shutdown FollowerState
2019-09-26 13:14:25,992 [Thread-451] INFO  impl.RaftServerImpl (RaftServerImpl.java:setRole(174)) - 02fbea54-5f9c-4a3a-a32e-981146fa3872@group-29CC744F10CE: changes role from  FOLLOWER to CANDIDATE at term 0 for changeToCandidate
2019-09-26 13:14:25,993 [Thread-451] INFO  impl.RoleInfo (RoleInfo.java:updateAndGet(143)) - 02fbea54-5f9c-4a3a-a32e-981146fa3872: start LeaderElection
2019-09-26 13:14:26,010 [02fbea54-5f9c-4a3a-a32e-981146fa3872@group-5457C9D2F679:LeaderElection21] INFO  impl.LeaderElection (LeaderElection.java:askForVotes(182)) - 02fbea54-5f9c-4a3a-a32e-981146fa3872@group-5457C9D2F679:LeaderElection21: begin an election at term 1 for -1: [02fbea54-5f9c-4a3a-a32e-981146fa3872:192.168.164.238:41737], old=null
2019-09-26 13:14:26,010 [1e849afe-e025-4ea1-92fc-2ba4c5aad289@group-89E0D32B6668:LeaderElection19] INFO  impl.LeaderElection (LeaderElection.java:askForVotes(182)) - 1e849afe-e025-4ea1-92fc-2ba4c5aad289@group-89E0D32B6668:LeaderElection19: begin an election at term 1 for -1: [1e849afe-e025-4ea1-92fc-2ba4c5aad289:192.168.164.238:45977], old=null
2019-09-26 13:14:26,011 [02fbea54-5f9c-4a3a-a32e-981146fa3872@group-5457C9D2F679:LeaderElection21] INFO  impl.RoleInfo (RoleInfo.java:shutdownLeaderElection(134)) - 02fbea54-5f9c-4a3a-a32e-981146fa3872: shutdown LeaderElection
2019-09-26 13:14:26,011 [1e849afe-e025-4ea1-92fc-2ba4c5aad289@group-89E0D32B6668:LeaderElection19] INFO  impl.RoleInfo (RoleInfo.java:shutdownLeaderElection(134)) - 1e849afe-e025-4ea1-92fc-2ba4c5aad289: shutdown LeaderElection
2019-09-26 13:14:26,010 [1e849afe-e025-4ea1-92fc-2ba4c5aad289@group-D4F467AC804B:LeaderElection20] INFO  impl.LeaderElection (LeaderElection.java:askForVotes(182)) - 1e849afe-e025-4ea1-92fc-2ba4c5aad289@group-D4F467AC804B:LeaderElection20: begin an election at term 1 for -1: [1e849afe-e025-4ea1-92fc-2ba4c5aad289:192.168.164.238:45977], old=null
2019-09-26 13:14:26,011 [1e849afe-e025-4ea1-92fc-2ba4c5aad289@group-89E0D32B6668:LeaderElection19] INFO  impl.RaftServerImpl (RaftServerImpl.java:setRole(174)) - 1e849afe-e025-4ea1-92fc-2ba4c5aad289@group-89E0D32B6668: changes role from CANDIDATE to LEADER at term 1 for changeToLeader
2019-09-26 13:14:26,011 [02fbea54-5f9c-4a3a-a32e-981146fa3872@group-5457C9D2F679:LeaderElection21] INFO  impl.RaftServerImpl (RaftServerImpl.java:setRole(174)) - 02fbea54-5f9c-4a3a-a32e-981146fa3872@group-5457C9D2F679: changes role from CANDIDATE to LEADER at term 1 for changeToLeader
2019-09-26 13:14:26,011 [1e849afe-e025-4ea1-92fc-2ba4c5aad289@group-89E0D32B6668:LeaderElection19] INFO  impl.RaftServerImpl (ServerState.java:setLeader(253)) - 1e849afe-e025-4ea1-92fc-2ba4c5aad289@group-89E0D32B6668: change Leader from null to 1e849afe-e025-4ea1-92fc-2ba4c5aad289 at term 1 for becomeLeader, leader elected after 5238ms
2019-09-26 13:14:26,011 [1e849afe-e025-4ea1-92fc-2ba4c5aad289@group-D4F467AC804B:LeaderElection20] INFO  impl.RoleInfo (RoleInfo.java:shutdownLeaderElection(134)) - 1e849afe-e025-4ea1-92fc-2ba4c5aad289: shutdown LeaderElection
2019-09-26 13:14:26,011 [02fbea54-5f9c-4a3a-a32e-981146fa3872@group-5457C9D2F679:LeaderElection21] INFO  impl.RaftServerImpl (ServerState.java:setLeader(253)) - 02fbea54-5f9c-4a3a-a32e-981146fa3872@group-5457C9D2F679: change Leader from null to 02fbea54-5f9c-4a3a-a32e-981146fa3872 at term 1 for becomeLeader, leader elected after 5295ms
2019-09-26 13:14:26,013 [1e849afe-e025-4ea1-92fc-2ba4c5aad289@group-D4F467AC804B:LeaderElection20] INFO  impl.RaftServerImpl (RaftServerImpl.java:setRole(174)) - 1e849afe-e025-4ea1-92fc-2ba4c5aad289@group-D4F467AC804B: changes role from CANDIDATE to LEADER at term 1 for changeToLeader
2019-09-26 13:14:26,013 [1e849afe-e025-4ea1-92fc-2ba4c5aad289@group-89E0D32B6668:LeaderElection19] INFO  server.RaftServerConfigKeys (ConfUtils.java:logGet(43)) - raft.server.staging.catchup.gap = 1000 (default)
2019-09-26 13:14:26,015 [1e849afe-e025-4ea1-92fc-2ba4c5aad289@group-D4F467AC804B:LeaderElection20] INFO  impl.RaftServerImpl (ServerState.java:setLeader(253)) - 1e849afe-e025-4ea1-92fc-2ba4c5aad289@group-D4F467AC804B: change Leader from null to 1e849afe-e025-4ea1-92fc-2ba4c5aad289 at term 1 for becomeLeader, leader elected after 5372ms
2019-09-26 13:14:26,015 [02fbea54-5f9c-4a3a-a32e-981146fa3872@group-5457C9D2F679:LeaderElection21] INFO  server.RaftServerConfigKeys (ConfUtils.java:logGet(43)) - raft.server.staging.catchup.gap = 1000 (default)
2019-09-26 13:14:26,015 [1e849afe-e025-4ea1-92fc-2ba4c5aad289@group-D4F467AC804B:LeaderElection20] INFO  server.RaftServerConfigKeys (ConfUtils.java:logGet(43)) - raft.server.staging.catchup.gap = 1000 (default)
2019-09-26 13:14:26,015 [1e849afe-e025-4ea1-92fc-2ba4c5aad289@group-89E0D32B6668:LeaderElection19] INFO  server.RaftServerConfigKeys (ConfUtils.java:logGet(43)) - raft.server.rpc.sleep.time = 25ms (default)
2019-09-26 13:14:26,015 [1e849afe-e025-4ea1-92fc-2ba4c5aad289@group-D4F467AC804B:LeaderElection20] INFO  server.RaftServerConfigKeys (ConfUtils.java:logGet(43)) - raft.server.rpc.sleep.time = 25ms (default)
2019-09-26 13:14:26,015 [02fbea54-5f9c-4a3a-a32e-981146fa3872@group-5457C9D2F679:LeaderElection21] INFO  server.RaftServerConfigKeys (ConfUtils.java:logGet(43)) - raft.server.rpc.sleep.time = 25ms (default)
2019-09-26 13:14:26,016 [1e849afe-e025-4ea1-92fc-2ba4c5aad289@group-89E0D32B6668:LeaderElection19] INFO  server.RaftServerConfigKeys (ConfUtils.java:logGet(43)) - raft.server.write.element-limit = 4096 (default)
2019-09-26 13:14:26,016 [1e849afe-e025-4ea1-92fc-2ba4c5aad289@group-D4F467AC804B:LeaderElection20] INFO  server.RaftServerConfigKeys (ConfUtils.java:logGet(43)) - raft.server.write.element-limit = 4096 (default)
2019-09-26 13:14:26,016 [1e849afe-e025-4ea1-92fc-2ba4c5aad289@group-89E0D32B6668:LeaderElection19] INFO  server.RaftServerConfigKeys (ConfUtils.java:logGet(43)) - raft.server.watch.timeout = 10s (default)
2019-09-26 13:14:26,016 [02fbea54-5f9c-4a3a-a32e-981146fa3872@group-5457C9D2F679:LeaderElection21] INFO  server.RaftServerConfigKeys (ConfUtils.java:logGet(43)) - raft.server.write.element-limit = 4096 (default)
2019-09-26 13:14:26,016 [1e849afe-e025-4ea1-92fc-2ba4c5aad289@group-89E0D32B6668:LeaderElection19] INFO  server.RaftServerConfigKeys (ConfUtils.java:logGet(43)) - raft.server.watch.timeout.denomination = 1s (default)
2019-09-26 13:14:26,016 [1e849afe-e025-4ea1-92fc-2ba4c5aad289@group-D4F467AC804B:LeaderElection20] INFO  server.RaftServerConfigKeys (ConfUtils.java:logGet(43)) - raft.server.watch.timeout = 10s (default)
2019-09-26 13:14:26,017 [1e849afe-e025-4ea1-92fc-2ba4c5aad289@group-89E0D32B6668:LeaderElection19] INFO  server.RaftServerConfigKeys (ConfUtils.java:logGet(43)) - raft.server.watch.element-limit = 65536 (default)
2019-09-26 13:14:26,016 [02fbea54-5f9c-4a3a-a32e-981146fa3872@group-5457C9D2F679:LeaderElection21] INFO  server.RaftServerConfigKeys (ConfUtils.java:logGet(43)) - raft.server.watch.timeout = 10s (default)
2019-09-26 13:14:26,017 [1e849afe-e025-4ea1-92fc-2ba4c5aad289@group-D4F467AC804B:LeaderElection20] INFO  server.RaftServerConfigKeys (ConfUtils.java:logGet(43)) - raft.server.watch.timeout.denomination = 1s (default)
2019-09-26 13:14:26,017 [02fbea54-5f9c-4a3a-a32e-981146fa3872@group-5457C9D2F679:LeaderElection21] INFO  server.RaftServerConfigKeys (ConfUtils.java:logGet(43)) - raft.server.watch.timeout.denomination = 1s (default)
2019-09-26 13:14:26,017 [1e849afe-e025-4ea1-92fc-2ba4c5aad289@group-D4F467AC804B:LeaderElection20] INFO  server.RaftServerConfigKeys (ConfUtils.java:logGet(43)) - raft.server.watch.element-limit = 65536 (default)
2019-09-26 13:14:26,017 [02fbea54-5f9c-4a3a-a32e-981146fa3872@group-5457C9D2F679:LeaderElection21] INFO  server.RaftServerConfigKeys (ConfUtils.java:logGet(43)) - raft.server.watch.element-limit = 65536 (default)
2019-09-26 13:14:26,022 [1e849afe-e025-4ea1-92fc-2ba4c5aad289@group-59B0E446519B:LeaderElection22] INFO  impl.LeaderElection (LeaderElection.java:askForVotes(182)) - 1e849afe-e025-4ea1-92fc-2ba4c5aad289@group-59B0E446519B:LeaderElection22: begin an election at term 1 for -1: [1e849afe-e025-4ea1-92fc-2ba4c5aad289:192.168.164.238:45977], old=null
2019-09-26 13:14:26,022 [853d2aeb-7135-469c-ae5d-13b8b8156e53@group-CEB3C0333719:LeaderElection23] INFO  impl.LeaderElection (LeaderElection.java:askForVotes(182)) - 853d2aeb-7135-469c-ae5d-13b8b8156e53@group-CEB3C0333719:LeaderElection23: begin an election at term 1 for -1: [853d2aeb-7135-469c-ae5d-13b8b8156e53:192.168.164.238:33530], old=null
2019-09-26 13:14:26,022 [02fbea54-5f9c-4a3a-a32e-981146fa3872@group-29CC744F10CE:LeaderElection24] INFO  impl.LeaderElection (LeaderElection.java:askForVotes(182)) - 02fbea54-5f9c-4a3a-a32e-981146fa3872@group-29CC744F10CE:LeaderElection24: begin an election at term 1 for -1: [02fbea54-5f9c-4a3a-a32e-981146fa3872:192.168.164.238:41737], old=null
2019-09-26 13:14:26,022 [853d2aeb-7135-469c-ae5d-13b8b8156e53@group-CEB3C0333719:LeaderElection23] INFO  impl.RoleInfo (RoleInfo.java:shutdownLeaderElection(134)) - 853d2aeb-7135-469c-ae5d-13b8b8156e53: shutdown LeaderElection
2019-09-26 13:14:26,022 [1e849afe-e025-4ea1-92fc-2ba4c5aad289@group-59B0E446519B:LeaderElection22] INFO  impl.RoleInfo (RoleInfo.java:shutdownLeaderElection(134)) - 1e849afe-e025-4ea1-92fc-2ba4c5aad289: shutdown LeaderElection
2019-09-26 13:14:26,022 [853d2aeb-7135-469c-ae5d-13b8b8156e53@group-CEB3C0333719:LeaderElection23] INFO  impl.RaftServerImpl (RaftServerImpl.java:setRole(174)) - 853d2aeb-7135-469c-ae5d-13b8b8156e53@group-CEB3C0333719: changes role from CANDIDATE to LEADER at term 1 for changeToLeader
2019-09-26 13:14:26,022 [02fbea54-5f9c-4a3a-a32e-981146fa3872@group-29CC744F10CE:LeaderElection24] INFO  impl.RoleInfo (RoleInfo.java:shutdownLeaderElection(134)) - 02fbea54-5f9c-4a3a-a32e-981146fa3872: shutdown LeaderElection
2019-09-26 13:14:26,022 [853d2aeb-7135-469c-ae5d-13b8b8156e53@group-CEB3C0333719:LeaderElection23] INFO  impl.RaftServerImpl (ServerState.java:setLeader(253)) - 853d2aeb-7135-469c-ae5d-13b8b8156e53@group-CEB3C0333719: change Leader from null to 853d2aeb-7135-469c-ae5d-13b8b8156e53 at term 1 for becomeLeader, leader elected after 5103ms
2019-09-26 13:14:26,022 [1e849afe-e025-4ea1-92fc-2ba4c5aad289@group-59B0E446519B:LeaderElection22] INFO  impl.RaftServerImpl (RaftServerImpl.java:setRole(174)) - 1e849afe-e025-4ea1-92fc-2ba4c5aad289@group-59B0E446519B: changes role from CANDIDATE to LEADER at term 1 for changeToLeader
2019-09-26 13:14:26,023 [853d2aeb-7135-469c-ae5d-13b8b8156e53@group-CEB3C0333719:LeaderElection23] INFO  server.RaftServerConfigKeys (ConfUtils.java:logGet(43)) - raft.server.staging.catchup.gap = 1000 (default)
2019-09-26 13:14:26,023 [1e849afe-e025-4ea1-92fc-2ba4c5aad289@group-59B0E446519B:LeaderElection22] INFO  impl.RaftServerImpl (ServerState.java:setLeader(253)) - 1e849afe-e025-4ea1-92fc-2ba4c5aad289@group-59B0E446519B: change Leader from null to 1e849afe-e025-4ea1-92fc-2ba4c5aad289 at term 1 for becomeLeader, leader elected after 5179ms
2019-09-26 13:14:26,023 [02fbea54-5f9c-4a3a-a32e-981146fa3872@group-29CC744F10CE:LeaderElection24] INFO  impl.RaftServerImpl (RaftServerImpl.java:setRole(174)) - 02fbea54-5f9c-4a3a-a32e-981146fa3872@group-29CC744F10CE: changes role from CANDIDATE to LEADER at term 1 for changeToLeader
2019-09-26 13:14:26,023 [1e849afe-e025-4ea1-92fc-2ba4c5aad289@group-89E0D32B6668:LeaderElection19] INFO  impl.RoleInfo (RoleInfo.java:updateAndGet(143)) - 1e849afe-e025-4ea1-92fc-2ba4c5aad289: start LeaderState
2019-09-26 13:14:26,023 [1e849afe-e025-4ea1-92fc-2ba4c5aad289@group-59B0E446519B:LeaderElection22] INFO  server.RaftServerConfigKeys (ConfUtils.java:logGet(43)) - raft.server.staging.catchup.gap = 1000 (default)
2019-09-26 13:14:26,023 [853d2aeb-7135-469c-ae5d-13b8b8156e53@group-CEB3C0333719:LeaderElection23] INFO  server.RaftServerConfigKeys (ConfUtils.java:logGet(43)) - raft.server.rpc.sleep.time = 25ms (default)
2019-09-26 13:14:26,024 [1e849afe-e025-4ea1-92fc-2ba4c5aad289@group-59B0E446519B:LeaderElection22] INFO  server.RaftServerConfigKeys (ConfUtils.java:logGet(43)) - raft.server.rpc.sleep.time = 25ms (default)
2019-09-26 13:14:26,024 [1e849afe-e025-4ea1-92fc-2ba4c5aad289@group-89E0D32B6668:LeaderElection19] INFO  segmented.SegmentedRaftLogWorker (SegmentedRaftLogWorker.java:startLogSegment(380)) - 1e849afe-e025-4ea1-92fc-2ba4c5aad289@group-89E0D32B6668-SegmentedRaftLogWorker: Starting segment from index:0
2019-09-26 13:14:26,024 [02fbea54-5f9c-4a3a-a32e-981146fa3872@group-5457C9D2F679:LeaderElection21] INFO  impl.RoleInfo (RoleInfo.java:updateAndGet(143)) - 02fbea54-5f9c-4a3a-a32e-981146fa3872: start LeaderState
2019-09-26 13:14:26,024 [1e849afe-e025-4ea1-92fc-2ba4c5aad289@group-D4F467AC804B:LeaderElection20] INFO  impl.RoleInfo (RoleInfo.java:updateAndGet(143)) - 1e849afe-e025-4ea1-92fc-2ba4c5aad289: start LeaderState
2019-09-26 13:14:26,023 [02fbea54-5f9c-4a3a-a32e-981146fa3872@group-29CC744F10CE:LeaderElection24] INFO  impl.RaftServerImpl (ServerState.java:setLeader(253)) - 02fbea54-5f9c-4a3a-a32e-981146fa3872@group-29CC744F10CE: change Leader from null to 02fbea54-5f9c-4a3a-a32e-981146fa3872 at term 1 for becomeLeader, leader elected after 5218ms
2019-09-26 13:14:26,024 [1e849afe-e025-4ea1-92fc-2ba4c5aad289@group-89E0D32B6668:LeaderElection19] INFO  impl.RaftServerImpl (ServerState.java:setRaftConf(354)) - 1e849afe-e025-4ea1-92fc-2ba4c5aad289@group-89E0D32B6668: set configuration 0: [1e849afe-e025-4ea1-92fc-2ba4c5aad289:192.168.164.238:45977], old=null at 0
2019-09-26 13:14:26,024 [1e849afe-e025-4ea1-92fc-2ba4c5aad289@group-D4F467AC804B:LeaderElection20] INFO  segmented.SegmentedRaftLogWorker (SegmentedRaftLogWorker.java:startLogSegment(380)) - 1e849afe-e025-4ea1-92fc-2ba4c5aad289@group-D4F467AC804B-SegmentedRaftLogWorker: Starting segment from index:0
2019-09-26 13:14:26,024 [02fbea54-5f9c-4a3a-a32e-981146fa3872@group-5457C9D2F679:LeaderElection21] INFO  segmented.SegmentedRaftLogWorker (SegmentedRaftLogWorker.java:startLogSegment(380)) - 02fbea54-5f9c-4a3a-a32e-981146fa3872@group-5457C9D2F679-SegmentedRaftLogWorker: Starting segment from index:0
2019-09-26 13:14:26,024 [1e849afe-e025-4ea1-92fc-2ba4c5aad289@group-59B0E446519B:LeaderElection22] INFO  server.RaftServerConfigKeys (ConfUtils.java:logGet(43)) - raft.server.write.element-limit = 4096 (default)
2019-09-26 13:14:26,024 [853d2aeb-7135-469c-ae5d-13b8b8156e53@group-CEB3C0333719:LeaderElection23] INFO  server.RaftServerConfigKeys (ConfUtils.java:logGet(43)) - raft.server.write.element-limit = 4096 (default)
2019-09-26 13:14:26,057 [02fbea54-5f9c-4a3a-a32e-981146fa3872@group-5457C9D2F679:LeaderElection21] INFO  impl.RaftServerImpl (ServerState.java:setRaftConf(354)) - 02fbea54-5f9c-4a3a-a32e-981146fa3872@group-5457C9D2F679: set configuration 0: [02fbea54-5f9c-4a3a-a32e-981146fa3872:192.168.164.238:41737], old=null at 0
2019-09-26 13:14:26,057 [853d2aeb-7135-469c-ae5d-13b8b8156e53@group-CEB3C0333719:LeaderElection23] INFO  server.RaftServerConfigKeys (ConfUtils.java:logGet(43)) - raft.server.watch.timeout = 10s (default)
2019-09-26 13:14:26,056 [1e849afe-e025-4ea1-92fc-2ba4c5aad289@group-59B0E446519B:LeaderElection22] INFO  server.RaftServerConfigKeys (ConfUtils.java:logGet(43)) - raft.server.watch.timeout = 10s (default)
2019-09-26 13:14:26,056 [1e849afe-e025-4ea1-92fc-2ba4c5aad289@group-D4F467AC804B:LeaderElection20] INFO  impl.RaftServerImpl (ServerState.java:setRaftConf(354)) - 1e849afe-e025-4ea1-92fc-2ba4c5aad289@group-D4F467AC804B: set configuration 0: [1e849afe-e025-4ea1-92fc-2ba4c5aad289:192.168.164.238:45977], old=null at 0
2019-09-26 13:14:26,055 [Thread-466] INFO  impl.FollowerState (FollowerState.java:run(106)) - 02fbea54-5f9c-4a3a-a32e-981146fa3872:group-F3141C941E2B changes to CANDIDATE, lastRpcTime:5040, electionTimeout:5018ms
2019-09-26 13:14:26,025 [02fbea54-5f9c-4a3a-a32e-981146fa3872@group-29CC744F10CE:LeaderElection24] INFO  server.RaftServerConfigKeys (ConfUtils.java:logGet(43)) - raft.server.staging.catchup.gap = 1000 (default)
2019-09-26 13:14:26,085 [Thread-466] INFO  impl.RoleInfo (RoleInfo.java:shutdownFollowerState(121)) - 02fbea54-5f9c-4a3a-a32e-981146fa3872: shutdown FollowerState
2019-09-26 13:14:26,084 [1e849afe-e025-4ea1-92fc-2ba4c5aad289@group-59B0E446519B:LeaderElection22] INFO  server.RaftServerConfigKeys (ConfUtils.java:logGet(43)) - raft.server.watch.timeout.denomination = 1s (default)
2019-09-26 13:14:26,083 [853d2aeb-7135-469c-ae5d-13b8b8156e53@group-CEB3C0333719:LeaderElection23] INFO  server.RaftServerConfigKeys (ConfUtils.java:logGet(43)) - raft.server.watch.timeout.denomination = 1s (default)
2019-09-26 13:14:26,083 [1e849afe-e025-4ea1-92fc-2ba4c5aad289@group-89E0D32B6668-SegmentedRaftLogWorker] INFO  segmented.SegmentedRaftLogWorker (SegmentedRaftLogWorker.java:execute(569)) - 1e849afe-e025-4ea1-92fc-2ba4c5aad289@group-89E0D32B6668-SegmentedRaftLogWorker: created new log segment /workdir/hadoop-ozone/integration-test/target/test-dir/MiniOzoneClusterImpl-d2415e2d-2ab8-4028-b036-3844cbbdd4ea/datanode-0/data/ratis/e31cfa1c-b056-4e89-946d-89e0d32b6668/current/log_inprogress_0
2019-09-26 13:14:26,086 [853d2aeb-7135-469c-ae5d-13b8b8156e53@group-CEB3C0333719:LeaderElection23] INFO  server.RaftServerConfigKeys (ConfUtils.java:logGet(43)) - raft.server.watch.element-limit = 65536 (default)
2019-09-26 13:14:26,085 [1e849afe-e025-4ea1-92fc-2ba4c5aad289@group-59B0E446519B:LeaderElection22] INFO  server.RaftServerConfigKeys (ConfUtils.java:logGet(43)) - raft.server.watch.element-limit = 65536 (default)
2019-09-26 13:14:26,085 [Thread-466] INFO  impl.RaftServerImpl (RaftServerImpl.java:setRole(174)) - 02fbea54-5f9c-4a3a-a32e-981146fa3872@group-F3141C941E2B: changes role from  FOLLOWER to CANDIDATE at term 0 for changeToCandidate
2019-09-26 13:14:26,085 [02fbea54-5f9c-4a3a-a32e-981146fa3872@group-29CC744F10CE:LeaderElection24] INFO  server.RaftServerConfigKeys (ConfUtils.java:logGet(43)) - raft.server.rpc.sleep.time = 25ms (default)
2019-09-26 13:14:26,087 [Thread-466] INFO  impl.RoleInfo (RoleInfo.java:updateAndGet(143)) - 02fbea54-5f9c-4a3a-a32e-981146fa3872: start LeaderElection
2019-09-26 13:14:26,087 [02fbea54-5f9c-4a3a-a32e-981146fa3872@group-29CC744F10CE:LeaderElection24] INFO  server.RaftServerConfigKeys (ConfUtils.java:logGet(43)) - raft.server.write.element-limit = 4096 (default)
2019-09-26 13:14:26,087 [02fbea54-5f9c-4a3a-a32e-981146fa3872@group-29CC744F10CE:LeaderElection24] INFO  server.RaftServerConfigKeys (ConfUtils.java:logGet(43)) - raft.server.watch.timeout = 10s (default)
2019-09-26 13:14:26,087 [02fbea54-5f9c-4a3a-a32e-981146fa3872@group-29CC744F10CE:LeaderElection24] INFO  server.RaftServerConfigKeys (ConfUtils.java:logGet(43)) - raft.server.watch.timeout.denomination = 1s (default)
2019-09-26 13:14:26,087 [02fbea54-5f9c-4a3a-a32e-981146fa3872@group-29CC744F10CE:LeaderElection24] INFO  server.RaftServerConfigKeys (ConfUtils.java:logGet(43)) - raft.server.watch.element-limit = 65536 (default)
2019-09-26 13:14:26,092 [Thread-457] INFO  impl.FollowerState (FollowerState.java:run(106)) - 1e849afe-e025-4ea1-92fc-2ba4c5aad289:group-3BA5A9A97F19 changes to CANDIDATE, lastRpcTime:5199, electionTimeout:5199ms
2019-09-26 13:14:26,093 [853d2aeb-7135-469c-ae5d-13b8b8156e53@group-CEB3C0333719:LeaderElection23] INFO  impl.RoleInfo (RoleInfo.java:updateAndGet(143)) - 853d2aeb-7135-469c-ae5d-13b8b8156e53: start LeaderState
2019-09-26 13:14:26,093 [Thread-457] INFO  impl.RoleInfo (RoleInfo.java:shutdownFollowerState(121)) - 1e849afe-e025-4ea1-92fc-2ba4c5aad289: shutdown FollowerState
2019-09-26 13:14:26,093 [853d2aeb-7135-469c-ae5d-13b8b8156e53@group-CEB3C0333719:LeaderElection23] INFO  segmented.SegmentedRaftLogWorker (SegmentedRaftLogWorker.java:startLogSegment(380)) - 853d2aeb-7135-469c-ae5d-13b8b8156e53@group-CEB3C0333719-SegmentedRaftLogWorker: Starting segment from index:0
2019-09-26 13:14:26,093 [Thread-457] INFO  impl.RaftServerImpl (RaftServerImpl.java:setRole(174)) - 1e849afe-e025-4ea1-92fc-2ba4c5aad289@group-3BA5A9A97F19: changes role from  FOLLOWER to CANDIDATE at term 0 for changeToCandidate
2019-09-26 13:14:26,093 [Thread-457] INFO  impl.RoleInfo (RoleInfo.java:updateAndGet(143)) - 1e849afe-e025-4ea1-92fc-2ba4c5aad289: start LeaderElection
2019-09-26 13:14:26,093 [853d2aeb-7135-469c-ae5d-13b8b8156e53@group-CEB3C0333719:LeaderElection23] INFO  impl.RaftServerImpl (ServerState.java:setRaftConf(354)) - 853d2aeb-7135-469c-ae5d-13b8b8156e53@group-CEB3C0333719: set configuration 0: [853d2aeb-7135-469c-ae5d-13b8b8156e53:192.168.164.238:33530], old=null at 0
2019-09-26 13:14:26,095 [02fbea54-5f9c-4a3a-a32e-981146fa3872@group-29CC744F10CE:LeaderElection24] INFO  impl.RoleInfo (RoleInfo.java:updateAndGet(143)) - 02fbea54-5f9c-4a3a-a32e-981146fa3872: start LeaderState
2019-09-26 13:14:26,096 [02fbea54-5f9c-4a3a-a32e-981146fa3872@group-29CC744F10CE:LeaderElection24] INFO  segmented.SegmentedRaftLogWorker (SegmentedRaftLogWorker.java:startLogSegment(380)) - 02fbea54-5f9c-4a3a-a32e-981146fa3872@group-29CC744F10CE-SegmentedRaftLogWorker: Starting segment from index:0
2019-09-26 13:14:26,096 [02fbea54-5f9c-4a3a-a32e-981146fa3872@group-5457C9D2F679-SegmentedRaftLogWorker] INFO  segmented.SegmentedRaftLogWorker (SegmentedRaftLogWorker.java:execute(569)) - 02fbea54-5f9c-4a3a-a32e-981146fa3872@group-5457C9D2F679-SegmentedRaftLogWorker: created new log segment /workdir/hadoop-ozone/integration-test/target/test-dir/MiniOzoneClusterImpl-d2415e2d-2ab8-4028-b036-3844cbbdd4ea/datanode-1/data/ratis/10191a5b-14f1-4f20-acb7-5457c9d2f679/current/log_inprogress_0
2019-09-26 13:14:26,096 [1e849afe-e025-4ea1-92fc-2ba4c5aad289@group-D4F467AC804B-SegmentedRaftLogWorker] INFO  segmented.SegmentedRaftLogWorker (SegmentedRaftLogWorker.java:execute(569)) - 1e849afe-e025-4ea1-92fc-2ba4c5aad289@group-D4F467AC804B-SegmentedRaftLogWorker: created new log segment /workdir/hadoop-ozone/integration-test/target/test-dir/MiniOzoneClusterImpl-d2415e2d-2ab8-4028-b036-3844cbbdd4ea/datanode-0/data/ratis/c381dab2-22eb-4607-92b6-d4f467ac804b/current/log_inprogress_0
2019-09-26 13:14:26,096 [02fbea54-5f9c-4a3a-a32e-981146fa3872@group-29CC744F10CE:LeaderElection24] INFO  impl.RaftServerImpl (ServerState.java:setRaftConf(354)) - 02fbea54-5f9c-4a3a-a32e-981146fa3872@group-29CC744F10CE: set configuration 0: [02fbea54-5f9c-4a3a-a32e-981146fa3872:192.168.164.238:41737], old=null at 0
2019-09-26 13:14:26,096 [1e849afe-e025-4ea1-92fc-2ba4c5aad289@group-59B0E446519B:LeaderElection22] INFO  impl.RoleInfo (RoleInfo.java:updateAndGet(143)) - 1e849afe-e025-4ea1-92fc-2ba4c5aad289: start LeaderState
2019-09-26 13:14:26,096 [02fbea54-5f9c-4a3a-a32e-981146fa3872@group-F3141C941E2B:LeaderElection25] INFO  impl.LeaderElection (LeaderElection.java:askForVotes(182)) - 02fbea54-5f9c-4a3a-a32e-981146fa3872@group-F3141C941E2B:LeaderElection25: begin an election at term 1 for -1: [02fbea54-5f9c-4a3a-a32e-981146fa3872:192.168.164.238:41737], old=null
2019-09-26 13:14:26,129 [1e849afe-e025-4ea1-92fc-2ba4c5aad289@group-59B0E446519B:LeaderElection22] INFO  segmented.SegmentedRaftLogWorker (SegmentedRaftLogWorker.java:startLogSegment(380)) - 1e849afe-e025-4ea1-92fc-2ba4c5aad289@group-59B0E446519B-SegmentedRaftLogWorker: Starting segment from index:0
2019-09-26 13:14:26,129 [1e849afe-e025-4ea1-92fc-2ba4c5aad289@group-3BA5A9A97F19:LeaderElection26] INFO  impl.LeaderElection (LeaderElection.java:askForVotes(182)) - 1e849afe-e025-4ea1-92fc-2ba4c5aad289@group-3BA5A9A97F19:LeaderElection26: begin an election at term 1 for -1: [1e849afe-e025-4ea1-92fc-2ba4c5aad289:192.168.164.238:45977], old=null
2019-09-26 13:14:26,129 [Thread-463] INFO  impl.FollowerState (FollowerState.java:run(106)) - 1e849afe-e025-4ea1-92fc-2ba4c5aad289:group-2B69D319B18A changes to CANDIDATE, lastRpcTime:5161, electionTimeout:5131ms
2019-09-26 13:14:26,129 [1e849afe-e025-4ea1-92fc-2ba4c5aad289@group-3BA5A9A97F19:LeaderElection26] INFO  impl.RoleInfo (RoleInfo.java:shutdownLeaderElection(134)) - 1e849afe-e025-4ea1-92fc-2ba4c5aad289: shutdown LeaderElection
2019-09-26 13:14:26,129 [02fbea54-5f9c-4a3a-a32e-981146fa3872@group-F3141C941E2B:LeaderElection25] INFO  impl.RoleInfo (RoleInfo.java:shutdownLeaderElection(134)) - 02fbea54-5f9c-4a3a-a32e-981146fa3872: shutdown LeaderElection
2019-09-26 13:14:26,130 [1e849afe-e025-4ea1-92fc-2ba4c5aad289@group-59B0E446519B:LeaderElection22] INFO  impl.RaftServerImpl (ServerState.java:setRaftConf(354)) - 1e849afe-e025-4ea1-92fc-2ba4c5aad289@group-59B0E446519B: set configuration 0: [1e849afe-e025-4ea1-92fc-2ba4c5aad289:192.168.164.238:45977], old=null at 0
2019-09-26 13:14:26,130 [Thread-463] INFO  impl.RoleInfo (RoleInfo.java:shutdownFollowerState(121)) - 1e849afe-e025-4ea1-92fc-2ba4c5aad289: shutdown FollowerState
2019-09-26 13:14:26,130 [1e849afe-e025-4ea1-92fc-2ba4c5aad289@group-3BA5A9A97F19:LeaderElection26] INFO  impl.RaftServerImpl (RaftServerImpl.java:setRole(174)) - 1e849afe-e025-4ea1-92fc-2ba4c5aad289@group-3BA5A9A97F19: changes role from CANDIDATE to LEADER at term 1 for changeToLeader
2019-09-26 13:14:26,155 [Thread-463] INFO  impl.RaftServerImpl (RaftServerImpl.java:setRole(174)) - 1e849afe-e025-4ea1-92fc-2ba4c5aad289@group-2B69D319B18A: changes role from  FOLLOWER to CANDIDATE at term 0 for changeToCandidate
2019-09-26 13:14:26,155 [853d2aeb-7135-469c-ae5d-13b8b8156e53@group-CEB3C0333719-SegmentedRaftLogWorker] INFO  segmented.SegmentedRaftLogWorker (SegmentedRaftLogWorker.java:execute(569)) - 853d2aeb-7135-469c-ae5d-13b8b8156e53@group-CEB3C0333719-SegmentedRaftLogWorker: created new log segment /workdir/hadoop-ozone/integration-test/target/test-dir/MiniOzoneClusterImpl-d2415e2d-2ab8-4028-b036-3844cbbdd4ea/datanode-2/data/ratis/3da1e52b-72d3-4ed6-a1aa-ceb3c0333719/current/log_inprogress_0
2019-09-26 13:14:26,155 [02fbea54-5f9c-4a3a-a32e-981146fa3872@group-29CC744F10CE-SegmentedRaftLogWorker] INFO  segmented.SegmentedRaftLogWorker (SegmentedRaftLogWorker.java:execute(569)) - 02fbea54-5f9c-4a3a-a32e-981146fa3872@group-29CC744F10CE-SegmentedRaftLogWorker: created new log segment /workdir/hadoop-ozone/integration-test/target/test-dir/MiniOzoneClusterImpl-d2415e2d-2ab8-4028-b036-3844cbbdd4ea/datanode-1/data/ratis/f59ff44a-014c-4734-933c-29cc744f10ce/current/log_inprogress_0
2019-09-26 13:14:26,130 [02fbea54-5f9c-4a3a-a32e-981146fa3872@group-F3141C941E2B:LeaderElection25] INFO  impl.RaftServerImpl (RaftServerImpl.java:setRole(174)) - 02fbea54-5f9c-4a3a-a32e-981146fa3872@group-F3141C941E2B: changes role from CANDIDATE to LEADER at term 1 for changeToLeader
2019-09-26 13:14:26,155 [Thread-463] INFO  impl.RoleInfo (RoleInfo.java:updateAndGet(143)) - 1e849afe-e025-4ea1-92fc-2ba4c5aad289: start LeaderElection
2019-09-26 13:14:26,155 [1e849afe-e025-4ea1-92fc-2ba4c5aad289@group-3BA5A9A97F19:LeaderElection26] INFO  impl.RaftServerImpl (ServerState.java:setLeader(253)) - 1e849afe-e025-4ea1-92fc-2ba4c5aad289@group-3BA5A9A97F19: change Leader from null to 1e849afe-e025-4ea1-92fc-2ba4c5aad289 at term 1 for becomeLeader, leader elected after 5267ms
2019-09-26 13:14:26,156 [02fbea54-5f9c-4a3a-a32e-981146fa3872@group-F3141C941E2B:LeaderElection25] INFO  impl.RaftServerImpl (ServerState.java:setLeader(253)) - 02fbea54-5f9c-4a3a-a32e-981146fa3872@group-F3141C941E2B: change Leader from null to 02fbea54-5f9c-4a3a-a32e-981146fa3872 at term 1 for becomeLeader, leader elected after 5145ms
2019-09-26 13:14:26,156 [1e849afe-e025-4ea1-92fc-2ba4c5aad289@group-3BA5A9A97F19:LeaderElection26] INFO  server.RaftServerConfigKeys (ConfUtils.java:logGet(43)) - raft.server.staging.catchup.gap = 1000 (default)
2019-09-26 13:14:26,157 [02fbea54-5f9c-4a3a-a32e-981146fa3872@group-F3141C941E2B:LeaderElection25] INFO  server.RaftServerConfigKeys (ConfUtils.java:logGet(43)) - raft.server.staging.catchup.gap = 1000 (default)
2019-09-26 13:14:26,157 [1e849afe-e025-4ea1-92fc-2ba4c5aad289@group-3BA5A9A97F19:LeaderElection26] INFO  server.RaftServerConfigKeys (ConfUtils.java:logGet(43)) - raft.server.rpc.sleep.time = 25ms (default)
2019-09-26 13:14:26,158 [02fbea54-5f9c-4a3a-a32e-981146fa3872@group-F3141C941E2B:LeaderElection25] INFO  server.RaftServerConfigKeys (ConfUtils.java:logGet(43)) - raft.server.rpc.sleep.time = 25ms (default)
2019-09-26 13:14:26,158 [02fbea54-5f9c-4a3a-a32e-981146fa3872@group-F3141C941E2B:LeaderElection25] INFO  server.RaftServerConfigKeys (ConfUtils.java:logGet(43)) - raft.server.write.element-limit = 4096 (default)
2019-09-26 13:14:26,158 [1e849afe-e025-4ea1-92fc-2ba4c5aad289@group-3BA5A9A97F19:LeaderElection26] INFO  server.RaftServerConfigKeys (ConfUtils.java:logGet(43)) - raft.server.write.element-limit = 4096 (default)
2019-09-26 13:14:26,158 [02fbea54-5f9c-4a3a-a32e-981146fa3872@group-F3141C941E2B:LeaderElection25] INFO  server.RaftServerConfigKeys (ConfUtils.java:logGet(43)) - raft.server.watch.timeout = 10s (default)
2019-09-26 13:14:26,158 [1e849afe-e025-4ea1-92fc-2ba4c5aad289@group-3BA5A9A97F19:LeaderElection26] INFO  server.RaftServerConfigKeys (ConfUtils.java:logGet(43)) - raft.server.watch.timeout = 10s (default)
2019-09-26 13:14:26,158 [02fbea54-5f9c-4a3a-a32e-981146fa3872@group-F3141C941E2B:LeaderElection25] INFO  server.RaftServerConfigKeys (ConfUtils.java:logGet(43)) - raft.server.watch.timeout.denomination = 1s (default)
2019-09-26 13:14:26,158 [1e849afe-e025-4ea1-92fc-2ba4c5aad289@group-3BA5A9A97F19:LeaderElection26] INFO  server.RaftServerConfigKeys (ConfUtils.java:logGet(43)) - raft.server.watch.timeout.denomination = 1s (default)
2019-09-26 13:14:26,159 [02fbea54-5f9c-4a3a-a32e-981146fa3872@group-F3141C941E2B:LeaderElection25] INFO  server.RaftServerConfigKeys (ConfUtils.java:logGet(43)) - raft.server.watch.element-limit = 65536 (default)
2019-09-26 13:14:26,159 [1e849afe-e025-4ea1-92fc-2ba4c5aad289@group-3BA5A9A97F19:LeaderElection26] INFO  server.RaftServerConfigKeys (ConfUtils.java:logGet(43)) - raft.server.watch.element-limit = 65536 (default)
2019-09-26 13:14:26,163 [02fbea54-5f9c-4a3a-a32e-981146fa3872@group-F3141C941E2B:LeaderElection25] INFO  impl.RoleInfo (RoleInfo.java:updateAndGet(143)) - 02fbea54-5f9c-4a3a-a32e-981146fa3872: start LeaderState
2019-09-26 13:14:26,163 [02fbea54-5f9c-4a3a-a32e-981146fa3872@group-F3141C941E2B:LeaderElection25] INFO  segmented.SegmentedRaftLogWorker (SegmentedRaftLogWorker.java:startLogSegment(380)) - 02fbea54-5f9c-4a3a-a32e-981146fa3872@group-F3141C941E2B-SegmentedRaftLogWorker: Starting segment from index:0
2019-09-26 13:14:26,163 [1e849afe-e025-4ea1-92fc-2ba4c5aad289@group-3BA5A9A97F19:LeaderElection26] INFO  impl.RoleInfo (RoleInfo.java:updateAndGet(143)) - 1e849afe-e025-4ea1-92fc-2ba4c5aad289: start LeaderState
2019-09-26 13:14:26,164 [1e849afe-e025-4ea1-92fc-2ba4c5aad289@group-3BA5A9A97F19:LeaderElection26] INFO  segmented.SegmentedRaftLogWorker (SegmentedRaftLogWorker.java:startLogSegment(380)) - 1e849afe-e025-4ea1-92fc-2ba4c5aad289@group-3BA5A9A97F19-SegmentedRaftLogWorker: Starting segment from index:0
2019-09-26 13:14:26,164 [02fbea54-5f9c-4a3a-a32e-981146fa3872@group-F3141C941E2B:LeaderElection25] INFO  impl.RaftServerImpl (ServerState.java:setRaftConf(354)) - 02fbea54-5f9c-4a3a-a32e-981146fa3872@group-F3141C941E2B: set configuration 0: [02fbea54-5f9c-4a3a-a32e-981146fa3872:192.168.164.238:41737], old=null at 0
2019-09-26 13:14:26,196 [1e849afe-e025-4ea1-92fc-2ba4c5aad289@group-59B0E446519B-SegmentedRaftLogWorker] INFO  segmented.SegmentedRaftLogWorker (SegmentedRaftLogWorker.java:execute(569)) - 1e849afe-e025-4ea1-92fc-2ba4c5aad289@group-59B0E446519B-SegmentedRaftLogWorker: created new log segment /workdir/hadoop-ozone/integration-test/target/test-dir/MiniOzoneClusterImpl-d2415e2d-2ab8-4028-b036-3844cbbdd4ea/datanode-0/data/ratis/b1e8e819-5653-426d-bf28-59b0e446519b/current/log_inprogress_0
2019-09-26 13:14:26,196 [1e849afe-e025-4ea1-92fc-2ba4c5aad289@group-3BA5A9A97F19:LeaderElection26] INFO  impl.RaftServerImpl (ServerState.java:setRaftConf(354)) - 1e849afe-e025-4ea1-92fc-2ba4c5aad289@group-3BA5A9A97F19: set configuration 0: [1e849afe-e025-4ea1-92fc-2ba4c5aad289:192.168.164.238:45977], old=null at 0
2019-09-26 13:14:26,196 [1e849afe-e025-4ea1-92fc-2ba4c5aad289@group-2B69D319B18A:LeaderElection27] INFO  impl.LeaderElection (LeaderElection.java:askForVotes(182)) - 1e849afe-e025-4ea1-92fc-2ba4c5aad289@group-2B69D319B18A:LeaderElection27: begin an election at term 1 for -1: [1e849afe-e025-4ea1-92fc-2ba4c5aad289:192.168.164.238:45977], old=null
2019-09-26 13:14:26,223 [02fbea54-5f9c-4a3a-a32e-981146fa3872@group-F3141C941E2B-SegmentedRaftLogWorker] INFO  segmented.SegmentedRaftLogWorker (SegmentedRaftLogWorker.java:execute(569)) - 02fbea54-5f9c-4a3a-a32e-981146fa3872@group-F3141C941E2B-SegmentedRaftLogWorker: created new log segment /workdir/hadoop-ozone/integration-test/target/test-dir/MiniOzoneClusterImpl-d2415e2d-2ab8-4028-b036-3844cbbdd4ea/datanode-1/data/ratis/335f81e9-0e45-4d5f-b016-f3141c941e2b/current/log_inprogress_0
2019-09-26 13:14:26,223 [Thread-469] INFO  impl.FollowerState (FollowerState.java:run(106)) - 853d2aeb-7135-469c-ae5d-13b8b8156e53:group-7A31025C0447 changes to CANDIDATE, lastRpcTime:5158, electionTimeout:5136ms
2019-09-26 13:14:26,223 [1e849afe-e025-4ea1-92fc-2ba4c5aad289@group-2B69D319B18A:LeaderElection27] INFO  impl.RoleInfo (RoleInfo.java:shutdownLeaderElection(134)) - 1e849afe-e025-4ea1-92fc-2ba4c5aad289: shutdown LeaderElection
2019-09-26 13:14:26,224 [Thread-469] INFO  impl.RoleInfo (RoleInfo.java:shutdownFollowerState(121)) - 853d2aeb-7135-469c-ae5d-13b8b8156e53: shutdown FollowerState
2019-09-26 13:14:26,224 [1e849afe-e025-4ea1-92fc-2ba4c5aad289@group-2B69D319B18A:LeaderElection27] INFO  impl.RaftServerImpl (RaftServerImpl.java:setRole(174)) - 1e849afe-e025-4ea1-92fc-2ba4c5aad289@group-2B69D319B18A: changes role from CANDIDATE to LEADER at term 1 for changeToLeader
2019-09-26 13:14:26,224 [Thread-469] INFO  impl.RaftServerImpl (RaftServerImpl.java:setRole(174)) - 853d2aeb-7135-469c-ae5d-13b8b8156e53@group-7A31025C0447: changes role from  FOLLOWER to CANDIDATE at term 0 for changeToCandidate
2019-09-26 13:14:26,224 [1e849afe-e025-4ea1-92fc-2ba4c5aad289@group-2B69D319B18A:LeaderElection27] INFO  impl.RaftServerImpl (ServerState.java:setLeader(253)) - 1e849afe-e025-4ea1-92fc-2ba4c5aad289@group-2B69D319B18A: change Leader from null to 1e849afe-e025-4ea1-92fc-2ba4c5aad289 at term 1 for becomeLeader, leader elected after 5262ms
2019-09-26 13:14:26,224 [Thread-469] INFO  impl.RoleInfo (RoleInfo.java:updateAndGet(143)) - 853d2aeb-7135-469c-ae5d-13b8b8156e53: start LeaderElection
2019-09-26 13:14:26,224 [1e849afe-e025-4ea1-92fc-2ba4c5aad289@group-2B69D319B18A:LeaderElection27] INFO  server.RaftServerConfigKeys (ConfUtils.java:logGet(43)) - raft.server.staging.catchup.gap = 1000 (default)
2019-09-26 13:14:26,224 [1e849afe-e025-4ea1-92fc-2ba4c5aad289@group-2B69D319B18A:LeaderElection27] INFO  server.RaftServerConfigKeys (ConfUtils.java:logGet(43)) - raft.server.rpc.sleep.time = 25ms (default)
2019-09-26 13:14:26,224 [1e849afe-e025-4ea1-92fc-2ba4c5aad289@group-2B69D319B18A:LeaderElection27] INFO  server.RaftServerConfigKeys (ConfUtils.java:logGet(43)) - raft.server.write.element-limit = 4096 (default)
2019-09-26 13:14:26,226 [1e849afe-e025-4ea1-92fc-2ba4c5aad289@group-2B69D319B18A:LeaderElection27] INFO  server.RaftServerConfigKeys (ConfUtils.java:logGet(43)) - raft.server.watch.timeout = 10s (default)
2019-09-26 13:14:26,226 [1e849afe-e025-4ea1-92fc-2ba4c5aad289@group-2B69D319B18A:LeaderElection27] INFO  server.RaftServerConfigKeys (ConfUtils.java:logGet(43)) - raft.server.watch.timeout.denomination = 1s (default)
2019-09-26 13:14:26,226 [1e849afe-e025-4ea1-92fc-2ba4c5aad289@group-2B69D319B18A:LeaderElection27] INFO  server.RaftServerConfigKeys (ConfUtils.java:logGet(43)) - raft.server.watch.element-limit = 65536 (default)
2019-09-26 13:14:26,229 [1e849afe-e025-4ea1-92fc-2ba4c5aad289@group-2B69D319B18A:LeaderElection27] INFO  impl.RoleInfo (RoleInfo.java:updateAndGet(143)) - 1e849afe-e025-4ea1-92fc-2ba4c5aad289: start LeaderState
2019-09-26 13:14:26,229 [1e849afe-e025-4ea1-92fc-2ba4c5aad289@group-2B69D319B18A:LeaderElection27] INFO  segmented.SegmentedRaftLogWorker (SegmentedRaftLogWorker.java:startLogSegment(380)) - 1e849afe-e025-4ea1-92fc-2ba4c5aad289@group-2B69D319B18A-SegmentedRaftLogWorker: Starting segment from index:0
2019-09-26 13:14:26,229 [1e849afe-e025-4ea1-92fc-2ba4c5aad289@group-2B69D319B18A:LeaderElection27] INFO  impl.RaftServerImpl (ServerState.java:setRaftConf(354)) - 1e849afe-e025-4ea1-92fc-2ba4c5aad289@group-2B69D319B18A: set configuration 0: [1e849afe-e025-4ea1-92fc-2ba4c5aad289:192.168.164.238:45977], old=null at 0
2019-09-26 13:14:26,259 [1e849afe-e025-4ea1-92fc-2ba4c5aad289@group-3BA5A9A97F19-SegmentedRaftLogWorker] INFO  segmented.SegmentedRaftLogWorker (SegmentedRaftLogWorker.java:execute(569)) - 1e849afe-e025-4ea1-92fc-2ba4c5aad289@group-3BA5A9A97F19-SegmentedRaftLogWorker: created new log segment /workdir/hadoop-ozone/integration-test/target/test-dir/MiniOzoneClusterImpl-d2415e2d-2ab8-4028-b036-3844cbbdd4ea/datanode-0/data/ratis/dec03857-96eb-478d-9d29-3ba5a9a97f19/current/log_inprogress_0
2019-09-26 13:14:26,259 [853d2aeb-7135-469c-ae5d-13b8b8156e53@group-7A31025C0447:LeaderElection28] INFO  impl.LeaderElection (LeaderElection.java:askForVotes(182)) - 853d2aeb-7135-469c-ae5d-13b8b8156e53@group-7A31025C0447:LeaderElection28: begin an election at term 1 for -1: [853d2aeb-7135-469c-ae5d-13b8b8156e53:192.168.164.238:33530], old=null
2019-09-26 13:14:26,259 [853d2aeb-7135-469c-ae5d-13b8b8156e53@group-7A31025C0447:LeaderElection28] INFO  impl.RoleInfo (RoleInfo.java:shutdownLeaderElection(134)) - 853d2aeb-7135-469c-ae5d-13b8b8156e53: shutdown LeaderElection
2019-09-26 13:14:26,259 [853d2aeb-7135-469c-ae5d-13b8b8156e53@group-7A31025C0447:LeaderElection28] INFO  impl.RaftServerImpl (RaftServerImpl.java:setRole(174)) - 853d2aeb-7135-469c-ae5d-13b8b8156e53@group-7A31025C0447: changes role from CANDIDATE to LEADER at term 1 for changeToLeader
2019-09-26 13:14:26,259 [853d2aeb-7135-469c-ae5d-13b8b8156e53@group-7A31025C0447:LeaderElection28] INFO  impl.RaftServerImpl (ServerState.java:setLeader(253)) - 853d2aeb-7135-469c-ae5d-13b8b8156e53@group-7A31025C0447: change Leader from null to 853d2aeb-7135-469c-ae5d-13b8b8156e53 at term 1 for becomeLeader, leader elected after 5201ms
2019-09-26 13:14:26,259 [Thread-472] INFO  impl.FollowerState (FollowerState.java:run(106)) - 1e849afe-e025-4ea1-92fc-2ba4c5aad289:group-FB7B1DDBC0C3 changes to CANDIDATE, lastRpcTime:5141, electionTimeout:5141ms
2019-09-26 13:14:26,259 [853d2aeb-7135-469c-ae5d-13b8b8156e53@group-7A31025C0447:LeaderElection28] INFO  server.RaftServerConfigKeys (ConfUtils.java:logGet(43)) - raft.server.staging.catchup.gap = 1000 (default)
2019-09-26 13:14:26,260 [Thread-472] INFO  impl.RoleInfo (RoleInfo.java:shutdownFollowerState(121)) - 1e849afe-e025-4ea1-92fc-2ba4c5aad289: shutdown FollowerState
2019-09-26 13:14:26,260 [853d2aeb-7135-469c-ae5d-13b8b8156e53@group-7A31025C0447:LeaderElection28] INFO  server.RaftServerConfigKeys (ConfUtils.java:logGet(43)) - raft.server.rpc.sleep.time = 25ms (default)
2019-09-26 13:14:26,260 [Thread-472] INFO  impl.RaftServerImpl (RaftServerImpl.java:setRole(174)) - 1e849afe-e025-4ea1-92fc-2ba4c5aad289@group-FB7B1DDBC0C3: changes role from  FOLLOWER to CANDIDATE at term 0 for changeToCandidate
2019-09-26 13:14:26,260 [853d2aeb-7135-469c-ae5d-13b8b8156e53@group-7A31025C0447:LeaderElection28] INFO  server.RaftServerConfigKeys (ConfUtils.java:logGet(43)) - raft.server.write.element-limit = 4096 (default)
2019-09-26 13:14:26,260 [Thread-472] INFO  impl.RoleInfo (RoleInfo.java:updateAndGet(143)) - 1e849afe-e025-4ea1-92fc-2ba4c5aad289: start LeaderElection
2019-09-26 13:14:26,260 [853d2aeb-7135-469c-ae5d-13b8b8156e53@group-7A31025C0447:LeaderElection28] INFO  server.RaftServerConfigKeys (ConfUtils.java:logGet(43)) - raft.server.watch.timeout = 10s (default)
2019-09-26 13:14:26,260 [853d2aeb-7135-469c-ae5d-13b8b8156e53@group-7A31025C0447:LeaderElection28] INFO  server.RaftServerConfigKeys (ConfUtils.java:logGet(43)) - raft.server.watch.timeout.denomination = 1s (default)
2019-09-26 13:14:26,260 [853d2aeb-7135-469c-ae5d-13b8b8156e53@group-7A31025C0447:LeaderElection28] INFO  server.RaftServerConfigKeys (ConfUtils.java:logGet(43)) - raft.server.watch.element-limit = 65536 (default)
2019-09-26 13:14:26,264 [853d2aeb-7135-469c-ae5d-13b8b8156e53@group-7A31025C0447:LeaderElection28] INFO  impl.RoleInfo (RoleInfo.java:updateAndGet(143)) - 853d2aeb-7135-469c-ae5d-13b8b8156e53: start LeaderState
2019-09-26 13:14:26,264 [853d2aeb-7135-469c-ae5d-13b8b8156e53@group-7A31025C0447:LeaderElection28] INFO  segmented.SegmentedRaftLogWorker (SegmentedRaftLogWorker.java:startLogSegment(380)) - 853d2aeb-7135-469c-ae5d-13b8b8156e53@group-7A31025C0447-SegmentedRaftLogWorker: Starting segment from index:0
2019-09-26 13:14:26,264 [853d2aeb-7135-469c-ae5d-13b8b8156e53@group-7A31025C0447:LeaderElection28] INFO  impl.RaftServerImpl (ServerState.java:setRaftConf(354)) - 853d2aeb-7135-469c-ae5d-13b8b8156e53@group-7A31025C0447: set configuration 0: [853d2aeb-7135-469c-ae5d-13b8b8156e53:192.168.164.238:33530], old=null at 0
2019-09-26 13:14:26,290 [1e849afe-e025-4ea1-92fc-2ba4c5aad289@group-2B69D319B18A-SegmentedRaftLogWorker] INFO  segmented.SegmentedRaftLogWorker (SegmentedRaftLogWorker.java:execute(569)) - 1e849afe-e025-4ea1-92fc-2ba4c5aad289@group-2B69D319B18A-SegmentedRaftLogWorker: created new log segment /workdir/hadoop-ozone/integration-test/target/test-dir/MiniOzoneClusterImpl-d2415e2d-2ab8-4028-b036-3844cbbdd4ea/datanode-0/data/ratis/5041db25-66bc-4f65-9a9d-2b69d319b18a/current/log_inprogress_0
2019-09-26 13:14:26,290 [1e849afe-e025-4ea1-92fc-2ba4c5aad289@group-FB7B1DDBC0C3:LeaderElection29] INFO  impl.LeaderElection (LeaderElection.java:askForVotes(182)) - 1e849afe-e025-4ea1-92fc-2ba4c5aad289@group-FB7B1DDBC0C3:LeaderElection29: begin an election at term 1 for -1: [1e849afe-e025-4ea1-92fc-2ba4c5aad289:192.168.164.238:45977], old=null
2019-09-26 13:14:26,291 [1e849afe-e025-4ea1-92fc-2ba4c5aad289@group-FB7B1DDBC0C3:LeaderElection29] INFO  impl.RoleInfo (RoleInfo.java:shutdownLeaderElection(134)) - 1e849afe-e025-4ea1-92fc-2ba4c5aad289: shutdown LeaderElection
2019-09-26 13:14:26,291 [1e849afe-e025-4ea1-92fc-2ba4c5aad289@group-FB7B1DDBC0C3:LeaderElection29] INFO  impl.RaftServerImpl (RaftServerImpl.java:setRole(174)) - 1e849afe-e025-4ea1-92fc-2ba4c5aad289@group-FB7B1DDBC0C3: changes role from CANDIDATE to LEADER at term 1 for changeToLeader
2019-09-26 13:14:26,291 [1e849afe-e025-4ea1-92fc-2ba4c5aad289@group-FB7B1DDBC0C3:LeaderElection29] INFO  impl.RaftServerImpl (ServerState.java:setLeader(253)) - 1e849afe-e025-4ea1-92fc-2ba4c5aad289@group-FB7B1DDBC0C3: change Leader from null to 1e849afe-e025-4ea1-92fc-2ba4c5aad289 at term 1 for becomeLeader, leader elected after 5181ms
2019-09-26 13:14:26,291 [1e849afe-e025-4ea1-92fc-2ba4c5aad289@group-FB7B1DDBC0C3:LeaderElection29] INFO  server.RaftServerConfigKeys (ConfUtils.java:logGet(43)) - raft.server.staging.catchup.gap = 1000 (default)
2019-09-26 13:14:26,291 [1e849afe-e025-4ea1-92fc-2ba4c5aad289@group-FB7B1DDBC0C3:LeaderElection29] INFO  server.RaftServerConfigKeys (ConfUtils.java:logGet(43)) - raft.server.rpc.sleep.time = 25ms (default)
2019-09-26 13:14:26,291 [1e849afe-e025-4ea1-92fc-2ba4c5aad289@group-FB7B1DDBC0C3:LeaderElection29] INFO  server.RaftServerConfigKeys (ConfUtils.java:logGet(43)) - raft.server.write.element-limit = 4096 (default)
2019-09-26 13:14:26,292 [1e849afe-e025-4ea1-92fc-2ba4c5aad289@group-FB7B1DDBC0C3:LeaderElection29] INFO  server.RaftServerConfigKeys (ConfUtils.java:logGet(43)) - raft.server.watch.timeout = 10s (default)
2019-09-26 13:14:26,292 [1e849afe-e025-4ea1-92fc-2ba4c5aad289@group-FB7B1DDBC0C3:LeaderElection29] INFO  server.RaftServerConfigKeys (ConfUtils.java:logGet(43)) - raft.server.watch.timeout.denomination = 1s (default)
2019-09-26 13:14:26,292 [1e849afe-e025-4ea1-92fc-2ba4c5aad289@group-FB7B1DDBC0C3:LeaderElection29] INFO  server.RaftServerConfigKeys (ConfUtils.java:logGet(43)) - raft.server.watch.element-limit = 65536 (default)
2019-09-26 13:14:26,293 [853d2aeb-7135-469c-ae5d-13b8b8156e53@group-7A31025C0447-SegmentedRaftLogWorker] INFO  segmented.SegmentedRaftLogWorker (SegmentedRaftLogWorker.java:execute(569)) - 853d2aeb-7135-469c-ae5d-13b8b8156e53@group-7A31025C0447-SegmentedRaftLogWorker: created new log segment /workdir/hadoop-ozone/integration-test/target/test-dir/MiniOzoneClusterImpl-d2415e2d-2ab8-4028-b036-3844cbbdd4ea/datanode-2/data/ratis/1bb3ab38-d3b7-4c0b-9543-7a31025c0447/current/log_inprogress_0
2019-09-26 13:14:26,295 [1e849afe-e025-4ea1-92fc-2ba4c5aad289@group-FB7B1DDBC0C3:LeaderElection29] INFO  impl.RoleInfo (RoleInfo.java:updateAndGet(143)) - 1e849afe-e025-4ea1-92fc-2ba4c5aad289: start LeaderState
2019-09-26 13:14:26,295 [1e849afe-e025-4ea1-92fc-2ba4c5aad289@group-FB7B1DDBC0C3:LeaderElection29] INFO  segmented.SegmentedRaftLogWorker (SegmentedRaftLogWorker.java:startLogSegment(380)) - 1e849afe-e025-4ea1-92fc-2ba4c5aad289@group-FB7B1DDBC0C3-SegmentedRaftLogWorker: Starting segment from index:0
2019-09-26 13:14:26,295 [1e849afe-e025-4ea1-92fc-2ba4c5aad289@group-FB7B1DDBC0C3:LeaderElection29] INFO  impl.RaftServerImpl (ServerState.java:setRaftConf(354)) - 1e849afe-e025-4ea1-92fc-2ba4c5aad289@group-FB7B1DDBC0C3: set configuration 0: [1e849afe-e025-4ea1-92fc-2ba4c5aad289:192.168.164.238:45977], old=null at 0
2019-09-26 13:14:26,321 [Thread-481] INFO  impl.FollowerState (FollowerState.java:run(106)) - 02fbea54-5f9c-4a3a-a32e-981146fa3872:group-DD0FAF8A932A changes to CANDIDATE, lastRpcTime:5093, electionTimeout:5074ms
2019-09-26 13:14:26,321 [Thread-481] INFO  impl.RoleInfo (RoleInfo.java:shutdownFollowerState(121)) - 02fbea54-5f9c-4a3a-a32e-981146fa3872: shutdown FollowerState
2019-09-26 13:14:26,321 [Thread-481] INFO  impl.RaftServerImpl (RaftServerImpl.java:setRole(174)) - 02fbea54-5f9c-4a3a-a32e-981146fa3872@group-DD0FAF8A932A: changes role from  FOLLOWER to CANDIDATE at term 0 for changeToCandidate
2019-09-26 13:14:26,321 [Thread-481] INFO  impl.RoleInfo (RoleInfo.java:updateAndGet(143)) - 02fbea54-5f9c-4a3a-a32e-981146fa3872: start LeaderElection
2019-09-26 13:14:26,336 [Thread-478] INFO  impl.FollowerState (FollowerState.java:run(106)) - 02fbea54-5f9c-4a3a-a32e-981146fa3872:group-986479F5BC78 changes to CANDIDATE, lastRpcTime:5141, electionTimeout:5141ms
2019-09-26 13:14:26,336 [Thread-478] INFO  impl.RoleInfo (RoleInfo.java:shutdownFollowerState(121)) - 02fbea54-5f9c-4a3a-a32e-981146fa3872: shutdown FollowerState
2019-09-26 13:14:26,336 [Thread-478] INFO  impl.RaftServerImpl (RaftServerImpl.java:setRole(174)) - 02fbea54-5f9c-4a3a-a32e-981146fa3872@group-986479F5BC78: changes role from  FOLLOWER to CANDIDATE at term 0 for changeToCandidate
2019-09-26 13:14:26,337 [Thread-478] INFO  impl.RoleInfo (RoleInfo.java:updateAndGet(143)) - 02fbea54-5f9c-4a3a-a32e-981146fa3872: start LeaderElection
2019-09-26 13:14:26,350 [Thread-475] INFO  impl.FollowerState (FollowerState.java:run(106)) - 02fbea54-5f9c-4a3a-a32e-981146fa3872:group-CFCACA0032EB changes to CANDIDATE, lastRpcTime:5189, electionTimeout:5189ms
2019-09-26 13:14:26,350 [Thread-475] INFO  impl.RoleInfo (RoleInfo.java:shutdownFollowerState(121)) - 02fbea54-5f9c-4a3a-a32e-981146fa3872: shutdown FollowerState
2019-09-26 13:14:26,350 [Thread-475] INFO  impl.RaftServerImpl (RaftServerImpl.java:setRole(174)) - 02fbea54-5f9c-4a3a-a32e-981146fa3872@group-CFCACA0032EB: changes role from  FOLLOWER to CANDIDATE at term 0 for changeToCandidate
2019-09-26 13:14:26,351 [Thread-475] INFO  impl.RoleInfo (RoleInfo.java:updateAndGet(143)) - 02fbea54-5f9c-4a3a-a32e-981146fa3872: start LeaderElection
2019-09-26 13:14:26,352 [1e849afe-e025-4ea1-92fc-2ba4c5aad289@group-FB7B1DDBC0C3-SegmentedRaftLogWorker] INFO  segmented.SegmentedRaftLogWorker (SegmentedRaftLogWorker.java:execute(569)) - 1e849afe-e025-4ea1-92fc-2ba4c5aad289@group-FB7B1DDBC0C3-SegmentedRaftLogWorker: created new log segment /workdir/hadoop-ozone/integration-test/target/test-dir/MiniOzoneClusterImpl-d2415e2d-2ab8-4028-b036-3844cbbdd4ea/datanode-0/data/ratis/4275fc63-5cf7-4768-ad3a-fb7b1ddbc0c3/current/log_inprogress_0
2019-09-26 13:14:26,353 [02fbea54-5f9c-4a3a-a32e-981146fa3872@group-986479F5BC78:LeaderElection31] INFO  impl.LeaderElection (LeaderElection.java:askForVotes(182)) - 02fbea54-5f9c-4a3a-a32e-981146fa3872@group-986479F5BC78:LeaderElection31: begin an election at term 1 for -1: [02fbea54-5f9c-4a3a-a32e-981146fa3872:192.168.164.238:41737], old=null
2019-09-26 13:14:26,353 [02fbea54-5f9c-4a3a-a32e-981146fa3872@group-DD0FAF8A932A:LeaderElection30] INFO  impl.LeaderElection (LeaderElection.java:askForVotes(182)) - 02fbea54-5f9c-4a3a-a32e-981146fa3872@group-DD0FAF8A932A:LeaderElection30: begin an election at term 1 for -1: [02fbea54-5f9c-4a3a-a32e-981146fa3872:192.168.164.238:41737], old=null
2019-09-26 13:14:26,353 [02fbea54-5f9c-4a3a-a32e-981146fa3872@group-986479F5BC78:LeaderElection31] INFO  impl.RoleInfo (RoleInfo.java:shutdownLeaderElection(134)) - 02fbea54-5f9c-4a3a-a32e-981146fa3872: shutdown LeaderElection
2019-09-26 13:14:26,353 [02fbea54-5f9c-4a3a-a32e-981146fa3872@group-DD0FAF8A932A:LeaderElection30] INFO  impl.RoleInfo (RoleInfo.java:shutdownLeaderElection(134)) - 02fbea54-5f9c-4a3a-a32e-981146fa3872: shutdown LeaderElection
2019-09-26 13:14:26,353 [02fbea54-5f9c-4a3a-a32e-981146fa3872@group-986479F5BC78:LeaderElection31] INFO  impl.RaftServerImpl (RaftServerImpl.java:setRole(174)) - 02fbea54-5f9c-4a3a-a32e-981146fa3872@group-986479F5BC78: changes role from CANDIDATE to LEADER at term 1 for changeToLeader
2019-09-26 13:14:26,353 [02fbea54-5f9c-4a3a-a32e-981146fa3872@group-DD0FAF8A932A:LeaderElection30] INFO  impl.RaftServerImpl (RaftServerImpl.java:setRole(174)) - 02fbea54-5f9c-4a3a-a32e-981146fa3872@group-DD0FAF8A932A: changes role from CANDIDATE to LEADER at term 1 for changeToLeader
2019-09-26 13:14:26,353 [02fbea54-5f9c-4a3a-a32e-981146fa3872@group-986479F5BC78:LeaderElection31] INFO  impl.RaftServerImpl (ServerState.java:setLeader(253)) - 02fbea54-5f9c-4a3a-a32e-981146fa3872@group-986479F5BC78: change Leader from null to 02fbea54-5f9c-4a3a-a32e-981146fa3872 at term 1 for becomeLeader, leader elected after 5165ms
2019-09-26 13:14:26,353 [02fbea54-5f9c-4a3a-a32e-981146fa3872@group-DD0FAF8A932A:LeaderElection30] INFO  impl.RaftServerImpl (ServerState.java:setLeader(253)) - 02fbea54-5f9c-4a3a-a32e-981146fa3872@group-DD0FAF8A932A: change Leader from null to 02fbea54-5f9c-4a3a-a32e-981146fa3872 at term 1 for becomeLeader, leader elected after 5131ms
2019-09-26 13:14:26,353 [02fbea54-5f9c-4a3a-a32e-981146fa3872@group-986479F5BC78:LeaderElection31] INFO  server.RaftServerConfigKeys (ConfUtils.java:logGet(43)) - raft.server.staging.catchup.gap = 1000 (default)
2019-09-26 13:14:26,354 [02fbea54-5f9c-4a3a-a32e-981146fa3872@group-DD0FAF8A932A:LeaderElection30] INFO  server.RaftServerConfigKeys (ConfUtils.java:logGet(43)) - raft.server.staging.catchup.gap = 1000 (default)
2019-09-26 13:14:26,354 [02fbea54-5f9c-4a3a-a32e-981146fa3872@group-986479F5BC78:LeaderElection31] INFO  server.RaftServerConfigKeys (ConfUtils.java:logGet(43)) - raft.server.rpc.sleep.time = 25ms (default)
2019-09-26 13:14:26,354 [02fbea54-5f9c-4a3a-a32e-981146fa3872@group-DD0FAF8A932A:LeaderElection30] INFO  server.RaftServerConfigKeys (ConfUtils.java:logGet(43)) - raft.server.rpc.sleep.time = 25ms (default)
2019-09-26 13:14:26,354 [02fbea54-5f9c-4a3a-a32e-981146fa3872@group-986479F5BC78:LeaderElection31] INFO  server.RaftServerConfigKeys (ConfUtils.java:logGet(43)) - raft.server.write.element-limit = 4096 (default)
2019-09-26 13:14:26,354 [02fbea54-5f9c-4a3a-a32e-981146fa3872@group-DD0FAF8A932A:LeaderElection30] INFO  server.RaftServerConfigKeys (ConfUtils.java:logGet(43)) - raft.server.write.element-limit = 4096 (default)
2019-09-26 13:14:26,354 [02fbea54-5f9c-4a3a-a32e-981146fa3872@group-986479F5BC78:LeaderElection31] INFO  server.RaftServerConfigKeys (ConfUtils.java:logGet(43)) - raft.server.watch.timeout = 10s (default)
2019-09-26 13:14:26,354 [02fbea54-5f9c-4a3a-a32e-981146fa3872@group-DD0FAF8A932A:LeaderElection30] INFO  server.RaftServerConfigKeys (ConfUtils.java:logGet(43)) - raft.server.watch.timeout = 10s (default)
2019-09-26 13:14:26,354 [02fbea54-5f9c-4a3a-a32e-981146fa3872@group-986479F5BC78:LeaderElection31] INFO  server.RaftServerConfigKeys (ConfUtils.java:logGet(43)) - raft.server.watch.timeout.denomination = 1s (default)
2019-09-26 13:14:26,354 [02fbea54-5f9c-4a3a-a32e-981146fa3872@group-DD0FAF8A932A:LeaderElection30] INFO  server.RaftServerConfigKeys (ConfUtils.java:logGet(43)) - raft.server.watch.timeout.denomination = 1s (default)
2019-09-26 13:14:26,354 [02fbea54-5f9c-4a3a-a32e-981146fa3872@group-986479F5BC78:LeaderElection31] INFO  server.RaftServerConfigKeys (ConfUtils.java:logGet(43)) - raft.server.watch.element-limit = 65536 (default)
2019-09-26 13:14:26,355 [02fbea54-5f9c-4a3a-a32e-981146fa3872@group-DD0FAF8A932A:LeaderElection30] INFO  server.RaftServerConfigKeys (ConfUtils.java:logGet(43)) - raft.server.watch.element-limit = 65536 (default)
2019-09-26 13:14:26,357 [02fbea54-5f9c-4a3a-a32e-981146fa3872@group-986479F5BC78:LeaderElection31] INFO  impl.RoleInfo (RoleInfo.java:updateAndGet(143)) - 02fbea54-5f9c-4a3a-a32e-981146fa3872: start LeaderState
2019-09-26 13:14:26,358 [02fbea54-5f9c-4a3a-a32e-981146fa3872@group-986479F5BC78:LeaderElection31] INFO  segmented.SegmentedRaftLogWorker (SegmentedRaftLogWorker.java:startLogSegment(380)) - 02fbea54-5f9c-4a3a-a32e-981146fa3872@group-986479F5BC78-SegmentedRaftLogWorker: Starting segment from index:0
2019-09-26 13:14:26,358 [02fbea54-5f9c-4a3a-a32e-981146fa3872@group-986479F5BC78:LeaderElection31] INFO  impl.RaftServerImpl (ServerState.java:setRaftConf(354)) - 02fbea54-5f9c-4a3a-a32e-981146fa3872@group-986479F5BC78: set configuration 0: [02fbea54-5f9c-4a3a-a32e-981146fa3872:192.168.164.238:41737], old=null at 0
2019-09-26 13:14:26,358 [02fbea54-5f9c-4a3a-a32e-981146fa3872@group-DD0FAF8A932A:LeaderElection30] INFO  impl.RoleInfo (RoleInfo.java:updateAndGet(143)) - 02fbea54-5f9c-4a3a-a32e-981146fa3872: start LeaderState
2019-09-26 13:14:26,384 [02fbea54-5f9c-4a3a-a32e-981146fa3872@group-CFCACA0032EB:LeaderElection32] INFO  impl.LeaderElection (LeaderElection.java:askForVotes(182)) - 02fbea54-5f9c-4a3a-a32e-981146fa3872@group-CFCACA0032EB:LeaderElection32: begin an election at term 1 for -1: [02fbea54-5f9c-4a3a-a32e-981146fa3872:192.168.164.238:41737], old=null
2019-09-26 13:14:26,385 [02fbea54-5f9c-4a3a-a32e-981146fa3872@group-DD0FAF8A932A:LeaderElection30] INFO  segmented.SegmentedRaftLogWorker (SegmentedRaftLogWorker.java:startLogSegment(380)) - 02fbea54-5f9c-4a3a-a32e-981146fa3872@group-DD0FAF8A932A-SegmentedRaftLogWorker: Starting segment from index:0
2019-09-26 13:14:26,385 [02fbea54-5f9c-4a3a-a32e-981146fa3872@group-CFCACA0032EB:LeaderElection32] INFO  impl.RoleInfo (RoleInfo.java:shutdownLeaderElection(134)) - 02fbea54-5f9c-4a3a-a32e-981146fa3872: shutdown LeaderElection
2019-09-26 13:14:26,385 [02fbea54-5f9c-4a3a-a32e-981146fa3872@group-CFCACA0032EB:LeaderElection32] INFO  impl.RaftServerImpl (RaftServerImpl.java:setRole(174)) - 02fbea54-5f9c-4a3a-a32e-981146fa3872@group-CFCACA0032EB: changes role from CANDIDATE to LEADER at term 1 for changeToLeader
2019-09-26 13:14:26,385 [02fbea54-5f9c-4a3a-a32e-981146fa3872@group-CFCACA0032EB:LeaderElection32] INFO  impl.RaftServerImpl (ServerState.java:setLeader(253)) - 02fbea54-5f9c-4a3a-a32e-981146fa3872@group-CFCACA0032EB: change Leader from null to 02fbea54-5f9c-4a3a-a32e-981146fa3872 at term 1 for becomeLeader, leader elected after 5231ms
2019-09-26 13:14:26,385 [02fbea54-5f9c-4a3a-a32e-981146fa3872@group-DD0FAF8A932A:LeaderElection30] INFO  impl.RaftServerImpl (ServerState.java:setRaftConf(354)) - 02fbea54-5f9c-4a3a-a32e-981146fa3872@group-DD0FAF8A932A: set configuration 0: [02fbea54-5f9c-4a3a-a32e-981146fa3872:192.168.164.238:41737], old=null at 0
2019-09-26 13:14:26,385 [02fbea54-5f9c-4a3a-a32e-981146fa3872@group-CFCACA0032EB:LeaderElection32] INFO  server.RaftServerConfigKeys (ConfUtils.java:logGet(43)) - raft.server.staging.catchup.gap = 1000 (default)
2019-09-26 13:14:26,411 [Thread-484] INFO  impl.FollowerState (FollowerState.java:run(106)) - 853d2aeb-7135-469c-ae5d-13b8b8156e53:group-88A26D533BBB changes to CANDIDATE, lastRpcTime:5157, electionTimeout:5142ms
2019-09-26 13:14:26,411 [02fbea54-5f9c-4a3a-a32e-981146fa3872@group-986479F5BC78-SegmentedRaftLogWorker] INFO  segmented.SegmentedRaftLogWorker (SegmentedRaftLogWorker.java:execute(569)) - 02fbea54-5f9c-4a3a-a32e-981146fa3872@group-986479F5BC78-SegmentedRaftLogWorker: created new log segment /workdir/hadoop-ozone/integration-test/target/test-dir/MiniOzoneClusterImpl-d2415e2d-2ab8-4028-b036-3844cbbdd4ea/datanode-1/data/ratis/9a4f09ab-d6aa-48aa-88a5-986479f5bc78/current/log_inprogress_0
2019-09-26 13:14:26,412 [Thread-484] INFO  impl.RoleInfo (RoleInfo.java:shutdownFollowerState(121)) - 853d2aeb-7135-469c-ae5d-13b8b8156e53: shutdown FollowerState
2019-09-26 13:14:26,412 [02fbea54-5f9c-4a3a-a32e-981146fa3872@group-CFCACA0032EB:LeaderElection32] INFO  server.RaftServerConfigKeys (ConfUtils.java:logGet(43)) - raft.server.rpc.sleep.time = 25ms (default)
2019-09-26 13:14:26,412 [Thread-484] INFO  impl.RaftServerImpl (RaftServerImpl.java:setRole(174)) - 853d2aeb-7135-469c-ae5d-13b8b8156e53@group-88A26D533BBB: changes role from  FOLLOWER to CANDIDATE at term 0 for changeToCandidate
2019-09-26 13:14:26,412 [02fbea54-5f9c-4a3a-a32e-981146fa3872@group-CFCACA0032EB:LeaderElection32] INFO  server.RaftServerConfigKeys (ConfUtils.java:logGet(43)) - raft.server.write.element-limit = 4096 (default)
2019-09-26 13:14:26,412 [Thread-484] INFO  impl.RoleInfo (RoleInfo.java:updateAndGet(143)) - 853d2aeb-7135-469c-ae5d-13b8b8156e53: start LeaderElection
2019-09-26 13:14:26,412 [02fbea54-5f9c-4a3a-a32e-981146fa3872@group-CFCACA0032EB:LeaderElection32] INFO  server.RaftServerConfigKeys (ConfUtils.java:logGet(43)) - raft.server.watch.timeout = 10s (default)
2019-09-26 13:14:26,412 [02fbea54-5f9c-4a3a-a32e-981146fa3872@group-CFCACA0032EB:LeaderElection32] INFO  server.RaftServerConfigKeys (ConfUtils.java:logGet(43)) - raft.server.watch.timeout.denomination = 1s (default)
2019-09-26 13:14:26,413 [02fbea54-5f9c-4a3a-a32e-981146fa3872@group-CFCACA0032EB:LeaderElection32] INFO  server.RaftServerConfigKeys (ConfUtils.java:logGet(43)) - raft.server.watch.element-limit = 65536 (default)
2019-09-26 13:14:26,416 [02fbea54-5f9c-4a3a-a32e-981146fa3872@group-DD0FAF8A932A-SegmentedRaftLogWorker] INFO  segmented.SegmentedRaftLogWorker (SegmentedRaftLogWorker.java:execute(569)) - 02fbea54-5f9c-4a3a-a32e-981146fa3872@group-DD0FAF8A932A-SegmentedRaftLogWorker: created new log segment /workdir/hadoop-ozone/integration-test/target/test-dir/MiniOzoneClusterImpl-d2415e2d-2ab8-4028-b036-3844cbbdd4ea/datanode-1/data/ratis/fbe12113-3054-4984-82ce-dd0faf8a932a/current/log_inprogress_0
2019-09-26 13:14:26,416 [02fbea54-5f9c-4a3a-a32e-981146fa3872@group-CFCACA0032EB:LeaderElection32] INFO  impl.RoleInfo (RoleInfo.java:updateAndGet(143)) - 02fbea54-5f9c-4a3a-a32e-981146fa3872: start LeaderState
2019-09-26 13:14:26,416 [02fbea54-5f9c-4a3a-a32e-981146fa3872@group-CFCACA0032EB:LeaderElection32] INFO  segmented.SegmentedRaftLogWorker (SegmentedRaftLogWorker.java:startLogSegment(380)) - 02fbea54-5f9c-4a3a-a32e-981146fa3872@group-CFCACA0032EB-SegmentedRaftLogWorker: Starting segment from index:0
2019-09-26 13:14:26,417 [02fbea54-5f9c-4a3a-a32e-981146fa3872@group-CFCACA0032EB:LeaderElection32] INFO  impl.RaftServerImpl (ServerState.java:setRaftConf(354)) - 02fbea54-5f9c-4a3a-a32e-981146fa3872@group-CFCACA0032EB: set configuration 0: [02fbea54-5f9c-4a3a-a32e-981146fa3872:192.168.164.238:41737], old=null at 0
2019-09-26 13:14:26,420 [853d2aeb-7135-469c-ae5d-13b8b8156e53@group-88A26D533BBB:LeaderElection33] INFO  impl.LeaderElection (LeaderElection.java:askForVotes(182)) - 853d2aeb-7135-469c-ae5d-13b8b8156e53@group-88A26D533BBB:LeaderElection33: begin an election at term 1 for -1: [853d2aeb-7135-469c-ae5d-13b8b8156e53:192.168.164.238:33530], old=null
2019-09-26 13:14:26,420 [853d2aeb-7135-469c-ae5d-13b8b8156e53@group-88A26D533BBB:LeaderElection33] INFO  impl.RoleInfo (RoleInfo.java:shutdownLeaderElection(134)) - 853d2aeb-7135-469c-ae5d-13b8b8156e53: shutdown LeaderElection
2019-09-26 13:14:26,420 [853d2aeb-7135-469c-ae5d-13b8b8156e53@group-88A26D533BBB:LeaderElection33] INFO  impl.RaftServerImpl (RaftServerImpl.java:setRole(174)) - 853d2aeb-7135-469c-ae5d-13b8b8156e53@group-88A26D533BBB: changes role from CANDIDATE to LEADER at term 1 for changeToLeader
2019-09-26 13:14:26,420 [853d2aeb-7135-469c-ae5d-13b8b8156e53@group-88A26D533BBB:LeaderElection33] INFO  impl.RaftServerImpl (ServerState.java:setLeader(253)) - 853d2aeb-7135-469c-ae5d-13b8b8156e53@group-88A26D533BBB: change Leader from null to 853d2aeb-7135-469c-ae5d-13b8b8156e53 at term 1 for becomeLeader, leader elected after 5170ms
2019-09-26 13:14:26,420 [853d2aeb-7135-469c-ae5d-13b8b8156e53@group-88A26D533BBB:LeaderElection33] INFO  server.RaftServerConfigKeys (ConfUtils.java:logGet(43)) - raft.server.staging.catchup.gap = 1000 (default)
2019-09-26 13:14:26,420 [853d2aeb-7135-469c-ae5d-13b8b8156e53@group-88A26D533BBB:LeaderElection33] INFO  server.RaftServerConfigKeys (ConfUtils.java:logGet(43)) - raft.server.rpc.sleep.time = 25ms (default)
2019-09-26 13:14:26,421 [853d2aeb-7135-469c-ae5d-13b8b8156e53@group-88A26D533BBB:LeaderElection33] INFO  server.RaftServerConfigKeys (ConfUtils.java:logGet(43)) - raft.server.write.element-limit = 4096 (default)
2019-09-26 13:14:26,421 [853d2aeb-7135-469c-ae5d-13b8b8156e53@group-88A26D533BBB:LeaderElection33] INFO  server.RaftServerConfigKeys (ConfUtils.java:logGet(43)) - raft.server.watch.timeout = 10s (default)
2019-09-26 13:14:26,421 [853d2aeb-7135-469c-ae5d-13b8b8156e53@group-88A26D533BBB:LeaderElection33] INFO  server.RaftServerConfigKeys (ConfUtils.java:logGet(43)) - raft.server.watch.timeout.denomination = 1s (default)
2019-09-26 13:14:26,421 [853d2aeb-7135-469c-ae5d-13b8b8156e53@group-88A26D533BBB:LeaderElection33] INFO  server.RaftServerConfigKeys (ConfUtils.java:logGet(43)) - raft.server.watch.element-limit = 65536 (default)
2019-09-26 13:14:26,423 [853d2aeb-7135-469c-ae5d-13b8b8156e53@group-88A26D533BBB:LeaderElection33] INFO  impl.RoleInfo (RoleInfo.java:updateAndGet(143)) - 853d2aeb-7135-469c-ae5d-13b8b8156e53: start LeaderState
2019-09-26 13:14:26,423 [853d2aeb-7135-469c-ae5d-13b8b8156e53@group-88A26D533BBB:LeaderElection33] INFO  segmented.SegmentedRaftLogWorker (SegmentedRaftLogWorker.java:startLogSegment(380)) - 853d2aeb-7135-469c-ae5d-13b8b8156e53@group-88A26D533BBB-SegmentedRaftLogWorker: Starting segment from index:0
2019-09-26 13:14:26,424 [853d2aeb-7135-469c-ae5d-13b8b8156e53@group-88A26D533BBB:LeaderElection33] INFO  impl.RaftServerImpl (ServerState.java:setRaftConf(354)) - 853d2aeb-7135-469c-ae5d-13b8b8156e53@group-88A26D533BBB: set configuration 0: [853d2aeb-7135-469c-ae5d-13b8b8156e53:192.168.164.238:33530], old=null at 0
2019-09-26 13:14:26,454 [853d2aeb-7135-469c-ae5d-13b8b8156e53@group-88A26D533BBB-SegmentedRaftLogWorker] INFO  segmented.SegmentedRaftLogWorker (SegmentedRaftLogWorker.java:execute(569)) - 853d2aeb-7135-469c-ae5d-13b8b8156e53@group-88A26D533BBB-SegmentedRaftLogWorker: created new log segment /workdir/hadoop-ozone/integration-test/target/test-dir/MiniOzoneClusterImpl-d2415e2d-2ab8-4028-b036-3844cbbdd4ea/datanode-2/data/ratis/046a65ea-b8c1-4bd1-8e29-88a26d533bbb/current/log_inprogress_0
2019-09-26 13:14:26,454 [02fbea54-5f9c-4a3a-a32e-981146fa3872@group-CFCACA0032EB-SegmentedRaftLogWorker] INFO  segmented.SegmentedRaftLogWorker (SegmentedRaftLogWorker.java:execute(569)) - 02fbea54-5f9c-4a3a-a32e-981146fa3872@group-CFCACA0032EB-SegmentedRaftLogWorker: created new log segment /workdir/hadoop-ozone/integration-test/target/test-dir/MiniOzoneClusterImpl-d2415e2d-2ab8-4028-b036-3844cbbdd4ea/datanode-1/data/ratis/b875d103-ed03-42f8-b944-cfcaca0032eb/current/log_inprogress_0
2019-09-26 13:14:26,459 [Thread-487] INFO  impl.FollowerState (FollowerState.java:run(106)) - 853d2aeb-7135-469c-ae5d-13b8b8156e53:group-B6C98DAC5DE1 changes to CANDIDATE, lastRpcTime:5173, electionTimeout:5173ms
2019-09-26 13:14:26,459 [Thread-487] INFO  impl.RoleInfo (RoleInfo.java:shutdownFollowerState(121)) - 853d2aeb-7135-469c-ae5d-13b8b8156e53: shutdown FollowerState
2019-09-26 13:14:26,459 [Thread-487] INFO  impl.RaftServerImpl (RaftServerImpl.java:setRole(174)) - 853d2aeb-7135-469c-ae5d-13b8b8156e53@group-B6C98DAC5DE1: changes role from  FOLLOWER to CANDIDATE at term 0 for changeToCandidate
2019-09-26 13:14:26,459 [Thread-487] INFO  impl.RoleInfo (RoleInfo.java:updateAndGet(143)) - 853d2aeb-7135-469c-ae5d-13b8b8156e53: start LeaderElection
2019-09-26 13:14:26,466 [853d2aeb-7135-469c-ae5d-13b8b8156e53@group-B6C98DAC5DE1:LeaderElection34] INFO  impl.LeaderElection (LeaderElection.java:askForVotes(182)) - 853d2aeb-7135-469c-ae5d-13b8b8156e53@group-B6C98DAC5DE1:LeaderElection34: begin an election at term 1 for -1: [853d2aeb-7135-469c-ae5d-13b8b8156e53:192.168.164.238:33530], old=null
2019-09-26 13:14:26,466 [853d2aeb-7135-469c-ae5d-13b8b8156e53@group-B6C98DAC5DE1:LeaderElection34] INFO  impl.RoleInfo (RoleInfo.java:shutdownLeaderElection(134)) - 853d2aeb-7135-469c-ae5d-13b8b8156e53: shutdown LeaderElection
2019-09-26 13:14:26,466 [853d2aeb-7135-469c-ae5d-13b8b8156e53@group-B6C98DAC5DE1:LeaderElection34] INFO  impl.RaftServerImpl (RaftServerImpl.java:setRole(174)) - 853d2aeb-7135-469c-ae5d-13b8b8156e53@group-B6C98DAC5DE1: changes role from CANDIDATE to LEADER at term 1 for changeToLeader
2019-09-26 13:14:26,467 [853d2aeb-7135-469c-ae5d-13b8b8156e53@group-B6C98DAC5DE1:LeaderElection34] INFO  impl.RaftServerImpl (ServerState.java:setLeader(253)) - 853d2aeb-7135-469c-ae5d-13b8b8156e53@group-B6C98DAC5DE1: change Leader from null to 853d2aeb-7135-469c-ae5d-13b8b8156e53 at term 1 for becomeLeader, leader elected after 5185ms
2019-09-26 13:14:26,467 [853d2aeb-7135-469c-ae5d-13b8b8156e53@group-B6C98DAC5DE1:LeaderElection34] INFO  server.RaftServerConfigKeys (ConfUtils.java:logGet(43)) - raft.server.staging.catchup.gap = 1000 (default)
2019-09-26 13:14:26,467 [853d2aeb-7135-469c-ae5d-13b8b8156e53@group-B6C98DAC5DE1:LeaderElection34] INFO  server.RaftServerConfigKeys (ConfUtils.java:logGet(43)) - raft.server.rpc.sleep.time = 25ms (default)
2019-09-26 13:14:26,467 [853d2aeb-7135-469c-ae5d-13b8b8156e53@group-B6C98DAC5DE1:LeaderElection34] INFO  server.RaftServerConfigKeys (ConfUtils.java:logGet(43)) - raft.server.write.element-limit = 4096 (default)
2019-09-26 13:14:26,467 [853d2aeb-7135-469c-ae5d-13b8b8156e53@group-B6C98DAC5DE1:LeaderElection34] INFO  server.RaftServerConfigKeys (ConfUtils.java:logGet(43)) - raft.server.watch.timeout = 10s (default)
2019-09-26 13:14:26,467 [853d2aeb-7135-469c-ae5d-13b8b8156e53@group-B6C98DAC5DE1:LeaderElection34] INFO  server.RaftServerConfigKeys (ConfUtils.java:logGet(43)) - raft.server.watch.timeout.denomination = 1s (default)
2019-09-26 13:14:26,467 [853d2aeb-7135-469c-ae5d-13b8b8156e53@group-B6C98DAC5DE1:LeaderElection34] INFO  server.RaftServerConfigKeys (ConfUtils.java:logGet(43)) - raft.server.watch.element-limit = 65536 (default)
2019-09-26 13:14:26,470 [853d2aeb-7135-469c-ae5d-13b8b8156e53@group-B6C98DAC5DE1:LeaderElection34] INFO  impl.RoleInfo (RoleInfo.java:updateAndGet(143)) - 853d2aeb-7135-469c-ae5d-13b8b8156e53: start LeaderState
2019-09-26 13:14:26,470 [853d2aeb-7135-469c-ae5d-13b8b8156e53@group-B6C98DAC5DE1:LeaderElection34] INFO  segmented.SegmentedRaftLogWorker (SegmentedRaftLogWorker.java:startLogSegment(380)) - 853d2aeb-7135-469c-ae5d-13b8b8156e53@group-B6C98DAC5DE1-SegmentedRaftLogWorker: Starting segment from index:0
2019-09-26 13:14:26,470 [853d2aeb-7135-469c-ae5d-13b8b8156e53@group-B6C98DAC5DE1:LeaderElection34] INFO  impl.RaftServerImpl (ServerState.java:setRaftConf(354)) - 853d2aeb-7135-469c-ae5d-13b8b8156e53@group-B6C98DAC5DE1: set configuration 0: [853d2aeb-7135-469c-ae5d-13b8b8156e53:192.168.164.238:33530], old=null at 0
2019-09-26 13:14:26,501 [853d2aeb-7135-469c-ae5d-13b8b8156e53@group-B6C98DAC5DE1-SegmentedRaftLogWorker] INFO  segmented.SegmentedRaftLogWorker (SegmentedRaftLogWorker.java:execute(569)) - 853d2aeb-7135-469c-ae5d-13b8b8156e53@group-B6C98DAC5DE1-SegmentedRaftLogWorker: created new log segment /workdir/hadoop-ozone/integration-test/target/test-dir/MiniOzoneClusterImpl-d2415e2d-2ab8-4028-b036-3844cbbdd4ea/datanode-2/data/ratis/bdb219d6-c17f-4e00-b30a-b6c98dac5de1/current/log_inprogress_0
2019-09-26 13:14:26,505 [Thread-490] INFO  impl.FollowerState (FollowerState.java:run(106)) - 853d2aeb-7135-469c-ae5d-13b8b8156e53:group-655D668B4E60 changes to CANDIDATE, lastRpcTime:5180, electionTimeout:5180ms
2019-09-26 13:14:26,505 [Thread-490] INFO  impl.RoleInfo (RoleInfo.java:shutdownFollowerState(121)) - 853d2aeb-7135-469c-ae5d-13b8b8156e53: shutdown FollowerState
2019-09-26 13:14:26,505 [Thread-490] INFO  impl.RaftServerImpl (RaftServerImpl.java:setRole(174)) - 853d2aeb-7135-469c-ae5d-13b8b8156e53@group-655D668B4E60: changes role from  FOLLOWER to CANDIDATE at term 0 for changeToCandidate
2019-09-26 13:14:26,505 [Thread-490] INFO  impl.RoleInfo (RoleInfo.java:updateAndGet(143)) - 853d2aeb-7135-469c-ae5d-13b8b8156e53: start LeaderElection
2019-09-26 13:14:26,514 [Thread-493] INFO  impl.FollowerState (FollowerState.java:run(106)) - 853d2aeb-7135-469c-ae5d-13b8b8156e53:group-5F3DE8D8430E changes to CANDIDATE, lastRpcTime:5135, electionTimeout:5135ms
2019-09-26 13:14:26,515 [Thread-493] INFO  impl.RoleInfo (RoleInfo.java:shutdownFollowerState(121)) - 853d2aeb-7135-469c-ae5d-13b8b8156e53: shutdown FollowerState
2019-09-26 13:14:26,515 [Thread-493] INFO  impl.RaftServerImpl (RaftServerImpl.java:setRole(174)) - 853d2aeb-7135-469c-ae5d-13b8b8156e53@group-5F3DE8D8430E: changes role from  FOLLOWER to CANDIDATE at term 0 for changeToCandidate
2019-09-26 13:14:26,515 [Thread-493] INFO  impl.RoleInfo (RoleInfo.java:updateAndGet(143)) - 853d2aeb-7135-469c-ae5d-13b8b8156e53: start LeaderElection
2019-09-26 13:14:26,516 [853d2aeb-7135-469c-ae5d-13b8b8156e53@group-655D668B4E60:LeaderElection35] INFO  impl.LeaderElection (LeaderElection.java:askForVotes(182)) - 853d2aeb-7135-469c-ae5d-13b8b8156e53@group-655D668B4E60:LeaderElection35: begin an election at term 1 for -1: [853d2aeb-7135-469c-ae5d-13b8b8156e53:192.168.164.238:33530], old=null
2019-09-26 13:14:26,516 [853d2aeb-7135-469c-ae5d-13b8b8156e53@group-655D668B4E60:LeaderElection35] INFO  impl.RoleInfo (RoleInfo.java:shutdownLeaderElection(134)) - 853d2aeb-7135-469c-ae5d-13b8b8156e53: shutdown LeaderElection
2019-09-26 13:14:26,516 [853d2aeb-7135-469c-ae5d-13b8b8156e53@group-655D668B4E60:LeaderElection35] INFO  impl.RaftServerImpl (RaftServerImpl.java:setRole(174)) - 853d2aeb-7135-469c-ae5d-13b8b8156e53@group-655D668B4E60: changes role from CANDIDATE to LEADER at term 1 for changeToLeader
2019-09-26 13:14:26,516 [853d2aeb-7135-469c-ae5d-13b8b8156e53@group-655D668B4E60:LeaderElection35] INFO  impl.RaftServerImpl (ServerState.java:setLeader(253)) - 853d2aeb-7135-469c-ae5d-13b8b8156e53@group-655D668B4E60: change Leader from null to 853d2aeb-7135-469c-ae5d-13b8b8156e53 at term 1 for becomeLeader, leader elected after 5198ms
2019-09-26 13:14:26,517 [853d2aeb-7135-469c-ae5d-13b8b8156e53@group-655D668B4E60:LeaderElection35] INFO  server.RaftServerConfigKeys (ConfUtils.java:logGet(43)) - raft.server.staging.catchup.gap = 1000 (default)
2019-09-26 13:14:26,517 [853d2aeb-7135-469c-ae5d-13b8b8156e53@group-655D668B4E60:LeaderElection35] INFO  server.RaftServerConfigKeys (ConfUtils.java:logGet(43)) - raft.server.rpc.sleep.time = 25ms (default)
2019-09-26 13:14:26,517 [853d2aeb-7135-469c-ae5d-13b8b8156e53@group-655D668B4E60:LeaderElection35] INFO  server.RaftServerConfigKeys (ConfUtils.java:logGet(43)) - raft.server.write.element-limit = 4096 (default)
2019-09-26 13:14:26,517 [853d2aeb-7135-469c-ae5d-13b8b8156e53@group-655D668B4E60:LeaderElection35] INFO  server.RaftServerConfigKeys (ConfUtils.java:logGet(43)) - raft.server.watch.timeout = 10s (default)
2019-09-26 13:14:26,517 [853d2aeb-7135-469c-ae5d-13b8b8156e53@group-655D668B4E60:LeaderElection35] INFO  server.RaftServerConfigKeys (ConfUtils.java:logGet(43)) - raft.server.watch.timeout.denomination = 1s (default)
2019-09-26 13:14:26,517 [853d2aeb-7135-469c-ae5d-13b8b8156e53@group-655D668B4E60:LeaderElection35] INFO  server.RaftServerConfigKeys (ConfUtils.java:logGet(43)) - raft.server.watch.element-limit = 65536 (default)
2019-09-26 13:14:26,519 [853d2aeb-7135-469c-ae5d-13b8b8156e53@group-655D668B4E60:LeaderElection35] INFO  impl.RoleInfo (RoleInfo.java:updateAndGet(143)) - 853d2aeb-7135-469c-ae5d-13b8b8156e53: start LeaderState
2019-09-26 13:14:26,520 [853d2aeb-7135-469c-ae5d-13b8b8156e53@group-655D668B4E60:LeaderElection35] INFO  segmented.SegmentedRaftLogWorker (SegmentedRaftLogWorker.java:startLogSegment(380)) - 853d2aeb-7135-469c-ae5d-13b8b8156e53@group-655D668B4E60-SegmentedRaftLogWorker: Starting segment from index:0
2019-09-26 13:14:26,520 [853d2aeb-7135-469c-ae5d-13b8b8156e53@group-655D668B4E60:LeaderElection35] INFO  impl.RaftServerImpl (ServerState.java:setRaftConf(354)) - 853d2aeb-7135-469c-ae5d-13b8b8156e53@group-655D668B4E60: set configuration 0: [853d2aeb-7135-469c-ae5d-13b8b8156e53:192.168.164.238:33530], old=null at 0
2019-09-26 13:14:26,551 [853d2aeb-7135-469c-ae5d-13b8b8156e53@group-5F3DE8D8430E:LeaderElection36] INFO  impl.LeaderElection (LeaderElection.java:askForVotes(182)) - 853d2aeb-7135-469c-ae5d-13b8b8156e53@group-5F3DE8D8430E:LeaderElection36: begin an election at term 1 for -1: [853d2aeb-7135-469c-ae5d-13b8b8156e53:192.168.164.238:33530], old=null
2019-09-26 13:14:26,551 [853d2aeb-7135-469c-ae5d-13b8b8156e53@group-5F3DE8D8430E:LeaderElection36] INFO  impl.RoleInfo (RoleInfo.java:shutdownLeaderElection(134)) - 853d2aeb-7135-469c-ae5d-13b8b8156e53: shutdown LeaderElection
2019-09-26 13:14:26,551 [853d2aeb-7135-469c-ae5d-13b8b8156e53@group-5F3DE8D8430E:LeaderElection36] INFO  impl.RaftServerImpl (RaftServerImpl.java:setRole(174)) - 853d2aeb-7135-469c-ae5d-13b8b8156e53@group-5F3DE8D8430E: changes role from CANDIDATE to LEADER at term 1 for changeToLeader
2019-09-26 13:14:26,551 [853d2aeb-7135-469c-ae5d-13b8b8156e53@group-5F3DE8D8430E:LeaderElection36] INFO  impl.RaftServerImpl (ServerState.java:setLeader(253)) - 853d2aeb-7135-469c-ae5d-13b8b8156e53@group-5F3DE8D8430E: change Leader from null to 853d2aeb-7135-469c-ae5d-13b8b8156e53 at term 1 for becomeLeader, leader elected after 5176ms
2019-09-26 13:14:26,551 [853d2aeb-7135-469c-ae5d-13b8b8156e53@group-5F3DE8D8430E:LeaderElection36] INFO  server.RaftServerConfigKeys (ConfUtils.java:logGet(43)) - raft.server.staging.catchup.gap = 1000 (default)
2019-09-26 13:14:26,551 [853d2aeb-7135-469c-ae5d-13b8b8156e53@group-5F3DE8D8430E:LeaderElection36] INFO  server.RaftServerConfigKeys (ConfUtils.java:logGet(43)) - raft.server.rpc.sleep.time = 25ms (default)
2019-09-26 13:14:26,551 [853d2aeb-7135-469c-ae5d-13b8b8156e53@group-5F3DE8D8430E:LeaderElection36] INFO  server.RaftServerConfigKeys (ConfUtils.java:logGet(43)) - raft.server.write.element-limit = 4096 (default)
2019-09-26 13:14:26,552 [853d2aeb-7135-469c-ae5d-13b8b8156e53@group-5F3DE8D8430E:LeaderElection36] INFO  server.RaftServerConfigKeys (ConfUtils.java:logGet(43)) - raft.server.watch.timeout = 10s (default)
2019-09-26 13:14:26,552 [853d2aeb-7135-469c-ae5d-13b8b8156e53@group-5F3DE8D8430E:LeaderElection36] INFO  server.RaftServerConfigKeys (ConfUtils.java:logGet(43)) - raft.server.watch.timeout.denomination = 1s (default)
2019-09-26 13:14:26,552 [853d2aeb-7135-469c-ae5d-13b8b8156e53@group-5F3DE8D8430E:LeaderElection36] INFO  server.RaftServerConfigKeys (ConfUtils.java:logGet(43)) - raft.server.watch.element-limit = 65536 (default)
2019-09-26 13:14:26,554 [853d2aeb-7135-469c-ae5d-13b8b8156e53@group-5F3DE8D8430E:LeaderElection36] INFO  impl.RoleInfo (RoleInfo.java:updateAndGet(143)) - 853d2aeb-7135-469c-ae5d-13b8b8156e53: start LeaderState
2019-09-26 13:14:26,554 [853d2aeb-7135-469c-ae5d-13b8b8156e53@group-5F3DE8D8430E:LeaderElection36] INFO  segmented.SegmentedRaftLogWorker (SegmentedRaftLogWorker.java:startLogSegment(380)) - 853d2aeb-7135-469c-ae5d-13b8b8156e53@group-5F3DE8D8430E-SegmentedRaftLogWorker: Starting segment from index:0
2019-09-26 13:14:26,555 [853d2aeb-7135-469c-ae5d-13b8b8156e53@group-5F3DE8D8430E:LeaderElection36] INFO  impl.RaftServerImpl (ServerState.java:setRaftConf(354)) - 853d2aeb-7135-469c-ae5d-13b8b8156e53@group-5F3DE8D8430E: set configuration 0: [853d2aeb-7135-469c-ae5d-13b8b8156e53:192.168.164.238:33530], old=null at 0
2019-09-26 13:14:26,555 [853d2aeb-7135-469c-ae5d-13b8b8156e53@group-655D668B4E60-SegmentedRaftLogWorker] INFO  segmented.SegmentedRaftLogWorker (SegmentedRaftLogWorker.java:execute(569)) - 853d2aeb-7135-469c-ae5d-13b8b8156e53@group-655D668B4E60-SegmentedRaftLogWorker: created new log segment /workdir/hadoop-ozone/integration-test/target/test-dir/MiniOzoneClusterImpl-d2415e2d-2ab8-4028-b036-3844cbbdd4ea/datanode-2/data/ratis/faa8fc35-001f-44d0-8ce6-655d668b4e60/current/log_inprogress_0
2019-09-26 13:14:26,586 [853d2aeb-7135-469c-ae5d-13b8b8156e53@group-5F3DE8D8430E-SegmentedRaftLogWorker] INFO  segmented.SegmentedRaftLogWorker (SegmentedRaftLogWorker.java:execute(569)) - 853d2aeb-7135-469c-ae5d-13b8b8156e53@group-5F3DE8D8430E-SegmentedRaftLogWorker: created new log segment /workdir/hadoop-ozone/integration-test/target/test-dir/MiniOzoneClusterImpl-d2415e2d-2ab8-4028-b036-3844cbbdd4ea/datanode-2/data/ratis/96dfaec3-b70c-46ad-990a-5f3de8d8430e/current/log_inprogress_0
2019-09-26 13:14:26,766 [main] INFO  ozoneimpl.OzoneContainer (OzoneContainer.java:stop(231)) - Attempting to stop container services.
2019-09-26 13:14:26,766 [ForkJoinPool.commonPool-worker-0] INFO  ozoneimpl.OzoneContainer (OzoneContainer.java:stop(231)) - Attempting to stop container services.
2019-09-26 13:14:26,767 [main] INFO  impl.RaftServerProxy (RaftServerProxy.java:lambda$close$4(314)) - 02fbea54-5f9c-4a3a-a32e-981146fa3872: close
2019-09-26 13:14:26,767 [ForkJoinPool.commonPool-worker-0] INFO  impl.RaftServerProxy (RaftServerProxy.java:lambda$close$4(314)) - 1e849afe-e025-4ea1-92fc-2ba4c5aad289: close
2019-09-26 13:14:26,767 [main] INFO  impl.RaftServerImpl (RaftServerImpl.java:lambda$shutdown$3(251)) - 02fbea54-5f9c-4a3a-a32e-981146fa3872@group-F3141C941E2B: shutdown
2019-09-26 13:14:26,767 [ForkJoinPool.commonPool-worker-0] INFO  impl.RaftServerImpl (RaftServerImpl.java:lambda$shutdown$3(251)) - 1e849afe-e025-4ea1-92fc-2ba4c5aad289@group-FB7B1DDBC0C3: shutdown
2019-09-26 13:14:26,767 [main] INFO  util.JmxRegister (JmxRegister.java:unregister(73)) - Successfully un-registered JMX Bean with object name Ratis:service=RaftServer,group=group-F3141C941E2B,id=02fbea54-5f9c-4a3a-a32e-981146fa3872
2019-09-26 13:14:26,768 [ForkJoinPool.commonPool-worker-0] INFO  util.JmxRegister (JmxRegister.java:unregister(73)) - Successfully un-registered JMX Bean with object name Ratis:service=RaftServer,group=group-FB7B1DDBC0C3,id=1e849afe-e025-4ea1-92fc-2ba4c5aad289
2019-09-26 13:14:26,768 [main] INFO  impl.RoleInfo (RoleInfo.java:shutdownLeaderState(104)) - 02fbea54-5f9c-4a3a-a32e-981146fa3872: shutdown LeaderState
2019-09-26 13:14:26,768 [ForkJoinPool.commonPool-worker-0] INFO  impl.RoleInfo (RoleInfo.java:shutdownLeaderState(104)) - 1e849afe-e025-4ea1-92fc-2ba4c5aad289: shutdown LeaderState
2019-09-26 13:14:26,768 [main] INFO  impl.PendingRequests (PendingRequests.java:sendNotLeaderResponses(202)) - 02fbea54-5f9c-4a3a-a32e-981146fa3872-PendingRequests: sendNotLeaderResponses
2019-09-26 13:14:26,769 [ForkJoinPool.commonPool-worker-0] INFO  impl.PendingRequests (PendingRequests.java:sendNotLeaderResponses(202)) - 1e849afe-e025-4ea1-92fc-2ba4c5aad289-PendingRequests: sendNotLeaderResponses
2019-09-26 13:14:26,769 [main] INFO  impl.StateMachineUpdater (StateMachineUpdater.java:stopAndJoin(125)) - 02fbea54-5f9c-4a3a-a32e-981146fa3872@group-F3141C941E2B-StateMachineUpdater: set stopIndex = 0
2019-09-26 13:14:26,769 [ForkJoinPool.commonPool-worker-0] INFO  impl.StateMachineUpdater (StateMachineUpdater.java:stopAndJoin(125)) - 1e849afe-e025-4ea1-92fc-2ba4c5aad289@group-FB7B1DDBC0C3-StateMachineUpdater: set stopIndex = 0
2019-09-26 13:14:26,770 [main] INFO  impl.RaftServerImpl (ServerState.java:close(385)) - 02fbea54-5f9c-4a3a-a32e-981146fa3872@group-F3141C941E2B: closes. applyIndex: 0
2019-09-26 13:14:26,770 [ForkJoinPool.commonPool-worker-0] INFO  impl.RaftServerImpl (ServerState.java:close(385)) - 1e849afe-e025-4ea1-92fc-2ba4c5aad289@group-FB7B1DDBC0C3: closes. applyIndex: 0
2019-09-26 13:14:26,770 [02fbea54-5f9c-4a3a-a32e-981146fa3872@group-F3141C941E2B-SegmentedRaftLogWorker] INFO  segmented.SegmentedRaftLogWorker (SegmentedRaftLogWorker.java:run(313)) - 02fbea54-5f9c-4a3a-a32e-981146fa3872@group-F3141C941E2B-SegmentedRaftLogWorker was interrupted, exiting. There are 0 tasks remaining in the queue.
2019-09-26 13:14:26,771 [1e849afe-e025-4ea1-92fc-2ba4c5aad289@group-FB7B1DDBC0C3-SegmentedRaftLogWorker] INFO  segmented.SegmentedRaftLogWorker (SegmentedRaftLogWorker.java:run(313)) - 1e849afe-e025-4ea1-92fc-2ba4c5aad289@group-FB7B1DDBC0C3-SegmentedRaftLogWorker was interrupted, exiting. There are 0 tasks remaining in the queue.
2019-09-26 13:14:26,773 [main] INFO  segmented.SegmentedRaftLogWorker (SegmentedRaftLogWorker.java:close(228)) - 02fbea54-5f9c-4a3a-a32e-981146fa3872@group-F3141C941E2B-SegmentedRaftLogWorker close()
2019-09-26 13:14:26,773 [ForkJoinPool.commonPool-worker-0] INFO  segmented.SegmentedRaftLogWorker (SegmentedRaftLogWorker.java:close(228)) - 1e849afe-e025-4ea1-92fc-2ba4c5aad289@group-FB7B1DDBC0C3-SegmentedRaftLogWorker close()
2019-09-26 13:14:26,775 [main] INFO  impl.RaftServerImpl (RaftServerImpl.java:lambda$shutdown$3(251)) - 02fbea54-5f9c-4a3a-a32e-981146fa3872@group-DD0FAF8A932A: shutdown
2019-09-26 13:14:26,780 [ForkJoinPool.commonPool-worker-0] INFO  impl.RaftServerImpl (RaftServerImpl.java:lambda$shutdown$3(251)) - 1e849afe-e025-4ea1-92fc-2ba4c5aad289@group-89E0D32B6668: shutdown
2019-09-26 13:14:26,780 [main] INFO  util.JmxRegister (JmxRegister.java:unregister(73)) - Successfully un-registered JMX Bean with object name Ratis:service=RaftServer,group=group-DD0FAF8A932A,id=02fbea54-5f9c-4a3a-a32e-981146fa3872
2019-09-26 13:14:26,780 [ForkJoinPool.commonPool-worker-0] INFO  util.JmxRegister (JmxRegister.java:unregister(73)) - Successfully un-registered JMX Bean with object name Ratis:service=RaftServer,group=group-89E0D32B6668,id=1e849afe-e025-4ea1-92fc-2ba4c5aad289
2019-09-26 13:14:26,780 [main] INFO  impl.RoleInfo (RoleInfo.java:shutdownLeaderState(104)) - 02fbea54-5f9c-4a3a-a32e-981146fa3872: shutdown LeaderState
2019-09-26 13:14:26,781 [ForkJoinPool.commonPool-worker-0] INFO  impl.RoleInfo (RoleInfo.java:shutdownLeaderState(104)) - 1e849afe-e025-4ea1-92fc-2ba4c5aad289: shutdown LeaderState
2019-09-26 13:14:26,781 [main] INFO  impl.PendingRequests (PendingRequests.java:sendNotLeaderResponses(202)) - 02fbea54-5f9c-4a3a-a32e-981146fa3872-PendingRequests: sendNotLeaderResponses
2019-09-26 13:14:26,781 [ForkJoinPool.commonPool-worker-0] INFO  impl.PendingRequests (PendingRequests.java:sendNotLeaderResponses(202)) - 1e849afe-e025-4ea1-92fc-2ba4c5aad289-PendingRequests: sendNotLeaderResponses
2019-09-26 13:14:26,781 [main] INFO  impl.StateMachineUpdater (StateMachineUpdater.java:stopAndJoin(125)) - 02fbea54-5f9c-4a3a-a32e-981146fa3872@group-DD0FAF8A932A-StateMachineUpdater: set stopIndex = 0
2019-09-26 13:14:26,782 [ForkJoinPool.commonPool-worker-0] INFO  impl.StateMachineUpdater (StateMachineUpdater.java:stopAndJoin(125)) - 1e849afe-e025-4ea1-92fc-2ba4c5aad289@group-89E0D32B6668-StateMachineUpdater: set stopIndex = 0
2019-09-26 13:14:26,782 [main] INFO  impl.RaftServerImpl (ServerState.java:close(385)) - 02fbea54-5f9c-4a3a-a32e-981146fa3872@group-DD0FAF8A932A: closes. applyIndex: 0
2019-09-26 13:14:26,782 [ForkJoinPool.commonPool-worker-0] INFO  impl.RaftServerImpl (ServerState.java:close(385)) - 1e849afe-e025-4ea1-92fc-2ba4c5aad289@group-89E0D32B6668: closes. applyIndex: 0
2019-09-26 13:14:26,782 [02fbea54-5f9c-4a3a-a32e-981146fa3872@group-DD0FAF8A932A-SegmentedRaftLogWorker] INFO  segmented.SegmentedRaftLogWorker (SegmentedRaftLogWorker.java:run(313)) - 02fbea54-5f9c-4a3a-a32e-981146fa3872@group-DD0FAF8A932A-SegmentedRaftLogWorker was interrupted, exiting. There are 0 tasks remaining in the queue.
2019-09-26 13:14:26,783 [1e849afe-e025-4ea1-92fc-2ba4c5aad289@group-89E0D32B6668-SegmentedRaftLogWorker] INFO  segmented.SegmentedRaftLogWorker (SegmentedRaftLogWorker.java:run(313)) - 1e849afe-e025-4ea1-92fc-2ba4c5aad289@group-89E0D32B6668-SegmentedRaftLogWorker was interrupted, exiting. There are 0 tasks remaining in the queue.
2019-09-26 13:14:26,784 [main] INFO  segmented.SegmentedRaftLogWorker (SegmentedRaftLogWorker.java:close(228)) - 02fbea54-5f9c-4a3a-a32e-981146fa3872@group-DD0FAF8A932A-SegmentedRaftLogWorker close()
2019-09-26 13:14:26,785 [ForkJoinPool.commonPool-worker-0] INFO  segmented.SegmentedRaftLogWorker (SegmentedRaftLogWorker.java:close(228)) - 1e849afe-e025-4ea1-92fc-2ba4c5aad289@group-89E0D32B6668-SegmentedRaftLogWorker close()
2019-09-26 13:14:26,786 [main] INFO  impl.RaftServerImpl (RaftServerImpl.java:lambda$shutdown$3(251)) - 02fbea54-5f9c-4a3a-a32e-981146fa3872@group-5457C9D2F679: shutdown
2019-09-26 13:14:26,787 [ForkJoinPool.commonPool-worker-0] INFO  impl.RaftServerImpl (RaftServerImpl.java:lambda$shutdown$3(251)) - 1e849afe-e025-4ea1-92fc-2ba4c5aad289@group-D4F467AC804B: shutdown
2019-09-26 13:14:26,787 [main] INFO  util.JmxRegister (JmxRegister.java:unregister(73)) - Successfully un-registered JMX Bean with object name Ratis:service=RaftServer,group=group-5457C9D2F679,id=02fbea54-5f9c-4a3a-a32e-981146fa3872
2019-09-26 13:14:26,787 [ForkJoinPool.commonPool-worker-0] INFO  util.JmxRegister (JmxRegister.java:unregister(73)) - Successfully un-registered JMX Bean with object name Ratis:service=RaftServer,group=group-D4F467AC804B,id=1e849afe-e025-4ea1-92fc-2ba4c5aad289
2019-09-26 13:14:26,787 [main] INFO  impl.RoleInfo (RoleInfo.java:shutdownLeaderState(104)) - 02fbea54-5f9c-4a3a-a32e-981146fa3872: shutdown LeaderState
2019-09-26 13:14:26,788 [ForkJoinPool.commonPool-worker-0] INFO  impl.RoleInfo (RoleInfo.java:shutdownLeaderState(104)) - 1e849afe-e025-4ea1-92fc-2ba4c5aad289: shutdown LeaderState
2019-09-26 13:14:26,788 [main] INFO  impl.PendingRequests (PendingRequests.java:sendNotLeaderResponses(202)) - 02fbea54-5f9c-4a3a-a32e-981146fa3872-PendingRequests: sendNotLeaderResponses
2019-09-26 13:14:26,788 [ForkJoinPool.commonPool-worker-0] INFO  impl.PendingRequests (PendingRequests.java:sendNotLeaderResponses(202)) - 1e849afe-e025-4ea1-92fc-2ba4c5aad289-PendingRequests: sendNotLeaderResponses
2019-09-26 13:14:26,789 [main] INFO  impl.StateMachineUpdater (StateMachineUpdater.java:stopAndJoin(125)) - 02fbea54-5f9c-4a3a-a32e-981146fa3872@group-5457C9D2F679-StateMachineUpdater: set stopIndex = 0
2019-09-26 13:14:26,789 [ForkJoinPool.commonPool-worker-0] INFO  impl.StateMachineUpdater (StateMachineUpdater.java:stopAndJoin(125)) - 1e849afe-e025-4ea1-92fc-2ba4c5aad289@group-D4F467AC804B-StateMachineUpdater: set stopIndex = 0
2019-09-26 13:14:26,789 [main] INFO  impl.RaftServerImpl (ServerState.java:close(385)) - 02fbea54-5f9c-4a3a-a32e-981146fa3872@group-5457C9D2F679: closes. applyIndex: 0
2019-09-26 13:14:26,789 [ForkJoinPool.commonPool-worker-0] INFO  impl.RaftServerImpl (ServerState.java:close(385)) - 1e849afe-e025-4ea1-92fc-2ba4c5aad289@group-D4F467AC804B: closes. applyIndex: 0
2019-09-26 13:14:26,790 [02fbea54-5f9c-4a3a-a32e-981146fa3872@group-5457C9D2F679-SegmentedRaftLogWorker] INFO  segmented.SegmentedRaftLogWorker (SegmentedRaftLogWorker.java:run(313)) - 02fbea54-5f9c-4a3a-a32e-981146fa3872@group-5457C9D2F679-SegmentedRaftLogWorker was interrupted, exiting. There are 0 tasks remaining in the queue.
2019-09-26 13:14:26,790 [1e849afe-e025-4ea1-92fc-2ba4c5aad289@group-D4F467AC804B-SegmentedRaftLogWorker] INFO  segmented.SegmentedRaftLogWorker (SegmentedRaftLogWorker.java:run(313)) - 1e849afe-e025-4ea1-92fc-2ba4c5aad289@group-D4F467AC804B-SegmentedRaftLogWorker was interrupted, exiting. There are 0 tasks remaining in the queue.
2019-09-26 13:14:26,792 [main] INFO  segmented.SegmentedRaftLogWorker (SegmentedRaftLogWorker.java:close(228)) - 02fbea54-5f9c-4a3a-a32e-981146fa3872@group-5457C9D2F679-SegmentedRaftLogWorker close()
2019-09-26 13:14:26,792 [ForkJoinPool.commonPool-worker-0] INFO  segmented.SegmentedRaftLogWorker (SegmentedRaftLogWorker.java:close(228)) - 1e849afe-e025-4ea1-92fc-2ba4c5aad289@group-D4F467AC804B-SegmentedRaftLogWorker close()
2019-09-26 13:14:26,793 [main] INFO  impl.RaftServerImpl (RaftServerImpl.java:lambda$shutdown$3(251)) - 02fbea54-5f9c-4a3a-a32e-981146fa3872@group-CFCACA0032EB: shutdown
2019-09-26 13:14:26,794 [ForkJoinPool.commonPool-worker-0] INFO  impl.RaftServerImpl (RaftServerImpl.java:lambda$shutdown$3(251)) - 1e849afe-e025-4ea1-92fc-2ba4c5aad289@group-59B0E446519B: shutdown
2019-09-26 13:14:26,794 [main] INFO  util.JmxRegister (JmxRegister.java:unregister(73)) - Successfully un-registered JMX Bean with object name Ratis:service=RaftServer,group=group-CFCACA0032EB,id=02fbea54-5f9c-4a3a-a32e-981146fa3872
2019-09-26 13:14:26,794 [ForkJoinPool.commonPool-worker-0] INFO  util.JmxRegister (JmxRegister.java:unregister(73)) - Successfully un-registered JMX Bean with object name Ratis:service=RaftServer,group=group-59B0E446519B,id=1e849afe-e025-4ea1-92fc-2ba4c5aad289
2019-09-26 13:14:26,795 [main] INFO  impl.RoleInfo (RoleInfo.java:shutdownLeaderState(104)) - 02fbea54-5f9c-4a3a-a32e-981146fa3872: shutdown LeaderState
2019-09-26 13:14:26,795 [ForkJoinPool.commonPool-worker-0] INFO  impl.RoleInfo (RoleInfo.java:shutdownLeaderState(104)) - 1e849afe-e025-4ea1-92fc-2ba4c5aad289: shutdown LeaderState
2019-09-26 13:14:26,795 [main] INFO  impl.PendingRequests (PendingRequests.java:sendNotLeaderResponses(202)) - 02fbea54-5f9c-4a3a-a32e-981146fa3872-PendingRequests: sendNotLeaderResponses
2019-09-26 13:14:26,795 [ForkJoinPool.commonPool-worker-0] INFO  impl.PendingRequests (PendingRequests.java:sendNotLeaderResponses(202)) - 1e849afe-e025-4ea1-92fc-2ba4c5aad289-PendingRequests: sendNotLeaderResponses
2019-09-26 13:14:26,796 [main] INFO  impl.StateMachineUpdater (StateMachineUpdater.java:stopAndJoin(125)) - 02fbea54-5f9c-4a3a-a32e-981146fa3872@group-CFCACA0032EB-StateMachineUpdater: set stopIndex = 0
2019-09-26 13:14:26,796 [main] INFO  impl.RaftServerImpl (ServerState.java:close(385)) - 02fbea54-5f9c-4a3a-a32e-981146fa3872@group-CFCACA0032EB: closes. applyIndex: 0
2019-09-26 13:14:26,796 [ForkJoinPool.commonPool-worker-0] INFO  impl.StateMachineUpdater (StateMachineUpdater.java:stopAndJoin(125)) - 1e849afe-e025-4ea1-92fc-2ba4c5aad289@group-59B0E446519B-StateMachineUpdater: set stopIndex = 0
2019-09-26 13:14:26,797 [02fbea54-5f9c-4a3a-a32e-981146fa3872@group-CFCACA0032EB-SegmentedRaftLogWorker] INFO  segmented.SegmentedRaftLogWorker (SegmentedRaftLogWorker.java:run(313)) - 02fbea54-5f9c-4a3a-a32e-981146fa3872@group-CFCACA0032EB-SegmentedRaftLogWorker was interrupted, exiting. There are 0 tasks remaining in the queue.
2019-09-26 13:14:26,797 [ForkJoinPool.commonPool-worker-0] INFO  impl.RaftServerImpl (ServerState.java:close(385)) - 1e849afe-e025-4ea1-92fc-2ba4c5aad289@group-59B0E446519B: closes. applyIndex: 0
2019-09-26 13:14:26,798 [main] INFO  segmented.SegmentedRaftLogWorker (SegmentedRaftLogWorker.java:close(228)) - 02fbea54-5f9c-4a3a-a32e-981146fa3872@group-CFCACA0032EB-SegmentedRaftLogWorker close()
2019-09-26 13:14:26,798 [1e849afe-e025-4ea1-92fc-2ba4c5aad289@group-59B0E446519B-SegmentedRaftLogWorker] INFO  segmented.SegmentedRaftLogWorker (SegmentedRaftLogWorker.java:run(313)) - 1e849afe-e025-4ea1-92fc-2ba4c5aad289@group-59B0E446519B-SegmentedRaftLogWorker was interrupted, exiting. There are 0 tasks remaining in the queue.
2019-09-26 13:14:26,799 [main] INFO  impl.RaftServerImpl (RaftServerImpl.java:lambda$shutdown$3(251)) - 02fbea54-5f9c-4a3a-a32e-981146fa3872@group-986479F5BC78: shutdown
2019-09-26 13:14:26,800 [ForkJoinPool.commonPool-worker-0] INFO  segmented.SegmentedRaftLogWorker (SegmentedRaftLogWorker.java:close(228)) - 1e849afe-e025-4ea1-92fc-2ba4c5aad289@group-59B0E446519B-SegmentedRaftLogWorker close()
2019-09-26 13:14:26,800 [main] INFO  util.JmxRegister (JmxRegister.java:unregister(73)) - Successfully un-registered JMX Bean with object name Ratis:service=RaftServer,group=group-986479F5BC78,id=02fbea54-5f9c-4a3a-a32e-981146fa3872
2019-09-26 13:14:26,801 [ForkJoinPool.commonPool-worker-0] INFO  impl.RaftServerImpl (RaftServerImpl.java:lambda$shutdown$3(251)) - 1e849afe-e025-4ea1-92fc-2ba4c5aad289@group-2B69D319B18A: shutdown
2019-09-26 13:14:26,801 [main] INFO  impl.RoleInfo (RoleInfo.java:shutdownLeaderState(104)) - 02fbea54-5f9c-4a3a-a32e-981146fa3872: shutdown LeaderState
2019-09-26 13:14:26,801 [ForkJoinPool.commonPool-worker-0] INFO  util.JmxRegister (JmxRegister.java:unregister(73)) - Successfully un-registered JMX Bean with object name Ratis:service=RaftServer,group=group-2B69D319B18A,id=1e849afe-e025-4ea1-92fc-2ba4c5aad289
2019-09-26 13:14:26,802 [main] INFO  impl.PendingRequests (PendingRequests.java:sendNotLeaderResponses(202)) - 02fbea54-5f9c-4a3a-a32e-981146fa3872-PendingRequests: sendNotLeaderResponses
2019-09-26 13:14:26,802 [ForkJoinPool.commonPool-worker-0] INFO  impl.RoleInfo (RoleInfo.java:shutdownLeaderState(104)) - 1e849afe-e025-4ea1-92fc-2ba4c5aad289: shutdown LeaderState
2019-09-26 13:14:26,802 [main] INFO  impl.StateMachineUpdater (StateMachineUpdater.java:stopAndJoin(125)) - 02fbea54-5f9c-4a3a-a32e-981146fa3872@group-986479F5BC78-StateMachineUpdater: set stopIndex = 0
2019-09-26 13:14:26,803 [main] INFO  impl.RaftServerImpl (ServerState.java:close(385)) - 02fbea54-5f9c-4a3a-a32e-981146fa3872@group-986479F5BC78: closes. applyIndex: 0
2019-09-26 13:14:26,803 [ForkJoinPool.commonPool-worker-0] INFO  impl.PendingRequests (PendingRequests.java:sendNotLeaderResponses(202)) - 1e849afe-e025-4ea1-92fc-2ba4c5aad289-PendingRequests: sendNotLeaderResponses
2019-09-26 13:14:26,803 [02fbea54-5f9c-4a3a-a32e-981146fa3872@group-986479F5BC78-SegmentedRaftLogWorker] INFO  segmented.SegmentedRaftLogWorker (SegmentedRaftLogWorker.java:run(313)) - 02fbea54-5f9c-4a3a-a32e-981146fa3872@group-986479F5BC78-SegmentedRaftLogWorker was interrupted, exiting. There are 0 tasks remaining in the queue.
2019-09-26 13:14:26,803 [ForkJoinPool.commonPool-worker-0] INFO  impl.StateMachineUpdater (StateMachineUpdater.java:stopAndJoin(125)) - 1e849afe-e025-4ea1-92fc-2ba4c5aad289@group-2B69D319B18A-StateMachineUpdater: set stopIndex = 0
2019-09-26 13:14:26,804 [main] INFO  segmented.SegmentedRaftLogWorker (SegmentedRaftLogWorker.java:close(228)) - 02fbea54-5f9c-4a3a-a32e-981146fa3872@group-986479F5BC78-SegmentedRaftLogWorker close()
2019-09-26 13:14:26,805 [ForkJoinPool.commonPool-worker-0] INFO  impl.RaftServerImpl (ServerState.java:close(385)) - 1e849afe-e025-4ea1-92fc-2ba4c5aad289@group-2B69D319B18A: closes. applyIndex: 0
2019-09-26 13:14:26,806 [main] INFO  impl.RaftServerImpl (RaftServerImpl.java:lambda$shutdown$3(251)) - 02fbea54-5f9c-4a3a-a32e-981146fa3872@group-29CC744F10CE: shutdown
2019-09-26 13:14:26,806 [1e849afe-e025-4ea1-92fc-2ba4c5aad289@group-2B69D319B18A-SegmentedRaftLogWorker] INFO  segmented.SegmentedRaftLogWorker (SegmentedRaftLogWorker.java:run(313)) - 1e849afe-e025-4ea1-92fc-2ba4c5aad289@group-2B69D319B18A-SegmentedRaftLogWorker was interrupted, exiting. There are 0 tasks remaining in the queue.
2019-09-26 13:14:26,806 [main] INFO  util.JmxRegister (JmxRegister.java:unregister(73)) - Successfully un-registered JMX Bean with object name Ratis:service=RaftServer,group=group-29CC744F10CE,id=02fbea54-5f9c-4a3a-a32e-981146fa3872
2019-09-26 13:14:26,810 [ForkJoinPool.commonPool-worker-0] INFO  segmented.SegmentedRaftLogWorker (SegmentedRaftLogWorker.java:close(228)) - 1e849afe-e025-4ea1-92fc-2ba4c5aad289@group-2B69D319B18A-SegmentedRaftLogWorker close()
2019-09-26 13:14:26,811 [main] INFO  impl.RoleInfo (RoleInfo.java:shutdownLeaderState(104)) - 02fbea54-5f9c-4a3a-a32e-981146fa3872: shutdown LeaderState
2019-09-26 13:14:26,811 [ForkJoinPool.commonPool-worker-0] INFO  impl.RaftServerImpl (RaftServerImpl.java:lambda$shutdown$3(251)) - 1e849afe-e025-4ea1-92fc-2ba4c5aad289@group-3BA5A9A97F19: shutdown
2019-09-26 13:14:26,811 [main] INFO  impl.PendingRequests (PendingRequests.java:sendNotLeaderResponses(202)) - 02fbea54-5f9c-4a3a-a32e-981146fa3872-PendingRequests: sendNotLeaderResponses
2019-09-26 13:14:26,811 [ForkJoinPool.commonPool-worker-0] INFO  util.JmxRegister (JmxRegister.java:unregister(73)) - Successfully un-registered JMX Bean with object name Ratis:service=RaftServer,group=group-3BA5A9A97F19,id=1e849afe-e025-4ea1-92fc-2ba4c5aad289
2019-09-26 13:14:26,811 [main] INFO  impl.StateMachineUpdater (StateMachineUpdater.java:stopAndJoin(125)) - 02fbea54-5f9c-4a3a-a32e-981146fa3872@group-29CC744F10CE-StateMachineUpdater: set stopIndex = 0
2019-09-26 13:14:26,812 [ForkJoinPool.commonPool-worker-0] INFO  impl.RoleInfo (RoleInfo.java:shutdownLeaderState(104)) - 1e849afe-e025-4ea1-92fc-2ba4c5aad289: shutdown LeaderState
2019-09-26 13:14:26,812 [main] INFO  impl.RaftServerImpl (ServerState.java:close(385)) - 02fbea54-5f9c-4a3a-a32e-981146fa3872@group-29CC744F10CE: closes. applyIndex: 0
2019-09-26 13:14:26,812 [ForkJoinPool.commonPool-worker-0] INFO  impl.PendingRequests (PendingRequests.java:sendNotLeaderResponses(202)) - 1e849afe-e025-4ea1-92fc-2ba4c5aad289-PendingRequests: sendNotLeaderResponses
2019-09-26 13:14:26,812 [02fbea54-5f9c-4a3a-a32e-981146fa3872@group-29CC744F10CE-SegmentedRaftLogWorker] INFO  segmented.SegmentedRaftLogWorker (SegmentedRaftLogWorker.java:run(313)) - 02fbea54-5f9c-4a3a-a32e-981146fa3872@group-29CC744F10CE-SegmentedRaftLogWorker was interrupted, exiting. There are 0 tasks remaining in the queue.
2019-09-26 13:14:26,813 [ForkJoinPool.commonPool-worker-0] INFO  impl.StateMachineUpdater (StateMachineUpdater.java:stopAndJoin(125)) - 1e849afe-e025-4ea1-92fc-2ba4c5aad289@group-3BA5A9A97F19-StateMachineUpdater: set stopIndex = 0
2019-09-26 13:14:26,813 [ForkJoinPool.commonPool-worker-0] INFO  impl.RaftServerImpl (ServerState.java:close(385)) - 1e849afe-e025-4ea1-92fc-2ba4c5aad289@group-3BA5A9A97F19: closes. applyIndex: 0
2019-09-26 13:14:26,813 [main] INFO  segmented.SegmentedRaftLogWorker (SegmentedRaftLogWorker.java:close(228)) - 02fbea54-5f9c-4a3a-a32e-981146fa3872@group-29CC744F10CE-SegmentedRaftLogWorker close()
2019-09-26 13:14:26,813 [1e849afe-e025-4ea1-92fc-2ba4c5aad289@group-3BA5A9A97F19-SegmentedRaftLogWorker] INFO  segmented.SegmentedRaftLogWorker (SegmentedRaftLogWorker.java:run(313)) - 1e849afe-e025-4ea1-92fc-2ba4c5aad289@group-3BA5A9A97F19-SegmentedRaftLogWorker was interrupted, exiting. There are 0 tasks remaining in the queue.
2019-09-26 13:14:26,813 [main] INFO  server.GrpcService (GrpcService.java:closeImpl(164)) - 02fbea54-5f9c-4a3a-a32e-981146fa3872: shutdown server with port 41737 now
2019-09-26 13:14:26,814 [ForkJoinPool.commonPool-worker-0] INFO  segmented.SegmentedRaftLogWorker (SegmentedRaftLogWorker.java:close(228)) - 1e849afe-e025-4ea1-92fc-2ba4c5aad289@group-3BA5A9A97F19-SegmentedRaftLogWorker close()
2019-09-26 13:14:26,815 [ForkJoinPool.commonPool-worker-0] INFO  server.GrpcService (GrpcService.java:closeImpl(164)) - 1e849afe-e025-4ea1-92fc-2ba4c5aad289: shutdown server with port 45977 now
2019-09-26 13:14:26,815 [main] INFO  server.GrpcService (GrpcService.java:closeImpl(172)) - 02fbea54-5f9c-4a3a-a32e-981146fa3872: shutdown server with port 41737 successfully
2019-09-26 13:14:26,816 [ForkJoinPool.commonPool-worker-0] INFO  server.GrpcService (GrpcService.java:closeImpl(172)) - 1e849afe-e025-4ea1-92fc-2ba4c5aad289: shutdown server with port 45977 successfully
2019-09-26 13:14:26,817 [refreshUsed-/workdir/hadoop-ozone/integration-test/target/test-dir/MiniOzoneClusterImpl-d2415e2d-2ab8-4028-b036-3844cbbdd4ea/datanode-1/data/containers] WARN  fs.CachingGetSpaceUsed (CachingGetSpaceUsed.java:run(183)) - Thread Interrupted waiting to refresh disk information: sleep interrupted
2019-09-26 13:14:26,818 [refreshUsed-/workdir/hadoop-ozone/integration-test/target/test-dir/MiniOzoneClusterImpl-d2415e2d-2ab8-4028-b036-3844cbbdd4ea/datanode-0/data/containers] WARN  fs.CachingGetSpaceUsed (CachingGetSpaceUsed.java:run(183)) - Thread Interrupted waiting to refresh disk information: sleep interrupted
2019-09-26 13:14:26,835 [main] INFO  utils.BackgroundService (BackgroundService.java:shutdown(148)) - Shutting down service BlockDeletingService
2019-09-26 13:14:26,835 [ForkJoinPool.commonPool-worker-0] INFO  utils.BackgroundService (BackgroundService.java:shutdown(148)) - Shutting down service BlockDeletingService
2019-09-26 13:14:26,839 [ForkJoinPool.commonPool-worker-0] INFO  statemachine.DatanodeStateMachine (DatanodeStateMachine.java:stopDaemon(395)) - Ozone container server stopped.
2019-09-26 13:14:26,839 [main] INFO  statemachine.DatanodeStateMachine (DatanodeStateMachine.java:stopDaemon(395)) - Ozone container server stopped.
2019-09-26 13:14:26,842 [main] INFO  handler.ContextHandler (ContextHandler.java:doStop(910)) - Stopped o.e.j.w.WebAppContext@432f521f{/,null,UNAVAILABLE}{/hddsDatanode}
2019-09-26 13:14:26,842 [ForkJoinPool.commonPool-worker-0] INFO  handler.ContextHandler (ContextHandler.java:doStop(910)) - Stopped o.e.j.w.WebAppContext@44032fde{/,null,UNAVAILABLE}{/hddsDatanode}
2019-09-26 13:14:26,842 [main] INFO  server.AbstractConnector (AbstractConnector.java:doStop(318)) - Stopped ServerConnector@2d7a9786{HTTP/1.1,[http/1.1]}{0.0.0.0:0}
2019-09-26 13:14:26,843 [ForkJoinPool.commonPool-worker-0] INFO  server.AbstractConnector (AbstractConnector.java:doStop(318)) - Stopped ServerConnector@7b676112{HTTP/1.1,[http/1.1]}{0.0.0.0:0}
2019-09-26 13:14:26,843 [main] INFO  handler.ContextHandler (ContextHandler.java:doStop(910)) - Stopped o.e.j.s.ServletContextHandler@4601203a{/static,jar:file:/home/user/.m2/repository/org/apache/hadoop/hadoop-hdds-container-service/0.5.0-SNAPSHOT/hadoop-hdds-container-service-0.5.0-SNAPSHOT.jar!/webapps/static,UNAVAILABLE}
2019-09-26 13:14:26,844 [ForkJoinPool.commonPool-worker-0] INFO  handler.ContextHandler (ContextHandler.java:doStop(910)) - Stopped o.e.j.s.ServletContextHandler@5793b87{/static,jar:file:/home/user/.m2/repository/org/apache/hadoop/hadoop-hdds-container-service/0.5.0-SNAPSHOT/hadoop-hdds-container-service-0.5.0-SNAPSHOT.jar!/webapps/static,UNAVAILABLE}
2019-09-26 13:14:26,844 [main] INFO  handler.ContextHandler (ContextHandler.java:doStop(910)) - Stopped o.e.j.s.ServletContextHandler@3c98781a{/logs,file:///workdir/hadoop-ozone/integration-test/target/log,UNAVAILABLE}
2019-09-26 13:14:26,845 [ForkJoinPool.commonPool-worker-0] INFO  handler.ContextHandler (ContextHandler.java:doStop(910)) - Stopped o.e.j.s.ServletContextHandler@352ed70d{/logs,file:///workdir/hadoop-ozone/integration-test/target/log,UNAVAILABLE}
2019-09-26 13:14:27,739 [Datanode State Machine Thread - 0] INFO  statemachine.DatanodeStateMachine (DatanodeStateMachine.java:lambda$startDaemon$0(350)) - Ozone container server started.
2019-09-26 13:14:31,846 [main] INFO  ozoneimpl.OzoneContainer (OzoneContainer.java:stop(231)) - Attempting to stop container services.
2019-09-26 13:14:31,847 [main] INFO  impl.RaftServerProxy (RaftServerProxy.java:lambda$close$4(314)) - 853d2aeb-7135-469c-ae5d-13b8b8156e53: close
2019-09-26 13:14:31,847 [main] INFO  impl.RaftServerImpl (RaftServerImpl.java:lambda$shutdown$3(251)) - 853d2aeb-7135-469c-ae5d-13b8b8156e53@group-B6C98DAC5DE1: shutdown
2019-09-26 13:14:31,848 [ForkJoinPool.commonPool-worker-1] INFO  impl.RaftServerImpl (RaftServerImpl.java:lambda$shutdown$3(251)) - 853d2aeb-7135-469c-ae5d-13b8b8156e53@group-CEB3C0333719: shutdown
2019-09-26 13:14:31,848 [main] INFO  util.JmxRegister (JmxRegister.java:unregister(73)) - Successfully un-registered JMX Bean with object name Ratis:service=RaftServer,group=group-B6C98DAC5DE1,id=853d2aeb-7135-469c-ae5d-13b8b8156e53
2019-09-26 13:14:31,849 [main] INFO  impl.RoleInfo (RoleInfo.java:shutdownLeaderState(104)) - 853d2aeb-7135-469c-ae5d-13b8b8156e53: shutdown LeaderState
2019-09-26 13:14:31,848 [ForkJoinPool.commonPool-worker-1] INFO  util.JmxRegister (JmxRegister.java:unregister(73)) - Successfully un-registered JMX Bean with object name Ratis:service=RaftServer,group=group-CEB3C0333719,id=853d2aeb-7135-469c-ae5d-13b8b8156e53
2019-09-26 13:14:31,849 [main] INFO  impl.PendingRequests (PendingRequests.java:sendNotLeaderResponses(202)) - 853d2aeb-7135-469c-ae5d-13b8b8156e53-PendingRequests: sendNotLeaderResponses
2019-09-26 13:14:31,849 [ForkJoinPool.commonPool-worker-1] INFO  impl.RoleInfo (RoleInfo.java:shutdownLeaderState(104)) - 853d2aeb-7135-469c-ae5d-13b8b8156e53: shutdown LeaderState
2019-09-26 13:14:31,851 [ForkJoinPool.commonPool-worker-1] INFO  impl.PendingRequests (PendingRequests.java:sendNotLeaderResponses(202)) - 853d2aeb-7135-469c-ae5d-13b8b8156e53-PendingRequests: sendNotLeaderResponses
2019-09-26 13:14:31,851 [ForkJoinPool.commonPool-worker-1] INFO  impl.StateMachineUpdater (StateMachineUpdater.java:stopAndJoin(125)) - 853d2aeb-7135-469c-ae5d-13b8b8156e53@group-CEB3C0333719-StateMachineUpdater: set stopIndex = 0
2019-09-26 13:14:31,852 [ForkJoinPool.commonPool-worker-1] INFO  impl.RaftServerImpl (ServerState.java:close(385)) - 853d2aeb-7135-469c-ae5d-13b8b8156e53@group-CEB3C0333719: closes. applyIndex: 0
2019-09-26 13:14:31,853 [853d2aeb-7135-469c-ae5d-13b8b8156e53@group-CEB3C0333719-SegmentedRaftLogWorker] INFO  segmented.SegmentedRaftLogWorker (SegmentedRaftLogWorker.java:run(313)) - 853d2aeb-7135-469c-ae5d-13b8b8156e53@group-CEB3C0333719-SegmentedRaftLogWorker was interrupted, exiting. There are 0 tasks remaining in the queue.
2019-09-26 13:14:31,853 [ForkJoinPool.commonPool-worker-1] INFO  segmented.SegmentedRaftLogWorker (SegmentedRaftLogWorker.java:close(228)) - 853d2aeb-7135-469c-ae5d-13b8b8156e53@group-CEB3C0333719-SegmentedRaftLogWorker close()
2019-09-26 13:14:31,850 [main] INFO  impl.StateMachineUpdater (StateMachineUpdater.java:stopAndJoin(125)) - 853d2aeb-7135-469c-ae5d-13b8b8156e53@group-B6C98DAC5DE1-StateMachineUpdater: set stopIndex = 0
2019-09-26 13:14:31,853 [ForkJoinPool.commonPool-worker-1] INFO  impl.RaftServerImpl (RaftServerImpl.java:lambda$shutdown$3(251)) - 853d2aeb-7135-469c-ae5d-13b8b8156e53@group-5F3DE8D8430E: shutdown
2019-09-26 13:14:31,854 [main] INFO  impl.RaftServerImpl (ServerState.java:close(385)) - 853d2aeb-7135-469c-ae5d-13b8b8156e53@group-B6C98DAC5DE1: closes. applyIndex: 0
2019-09-26 13:14:31,854 [ForkJoinPool.commonPool-worker-1] INFO  util.JmxRegister (JmxRegister.java:unregister(73)) - Successfully un-registered JMX Bean with object name Ratis:service=RaftServer,group=group-5F3DE8D8430E,id=853d2aeb-7135-469c-ae5d-13b8b8156e53
2019-09-26 13:14:31,855 [853d2aeb-7135-469c-ae5d-13b8b8156e53@group-B6C98DAC5DE1-SegmentedRaftLogWorker] INFO  segmented.SegmentedRaftLogWorker (SegmentedRaftLogWorker.java:run(313)) - 853d2aeb-7135-469c-ae5d-13b8b8156e53@group-B6C98DAC5DE1-SegmentedRaftLogWorker was interrupted, exiting. There are 0 tasks remaining in the queue.
2019-09-26 13:14:31,855 [ForkJoinPool.commonPool-worker-1] INFO  impl.RoleInfo (RoleInfo.java:shutdownLeaderState(104)) - 853d2aeb-7135-469c-ae5d-13b8b8156e53: shutdown LeaderState
2019-09-26 13:14:31,855 [main] INFO  segmented.SegmentedRaftLogWorker (SegmentedRaftLogWorker.java:close(228)) - 853d2aeb-7135-469c-ae5d-13b8b8156e53@group-B6C98DAC5DE1-SegmentedRaftLogWorker close()
2019-09-26 13:14:31,855 [ForkJoinPool.commonPool-worker-1] INFO  impl.PendingRequests (PendingRequests.java:sendNotLeaderResponses(202)) - 853d2aeb-7135-469c-ae5d-13b8b8156e53-PendingRequests: sendNotLeaderResponses
2019-09-26 13:14:31,856 [main] INFO  impl.RaftServerImpl (RaftServerImpl.java:lambda$shutdown$3(251)) - 853d2aeb-7135-469c-ae5d-13b8b8156e53@group-655D668B4E60: shutdown
2019-09-26 13:14:31,856 [ForkJoinPool.commonPool-worker-1] INFO  impl.StateMachineUpdater (StateMachineUpdater.java:stopAndJoin(125)) - 853d2aeb-7135-469c-ae5d-13b8b8156e53@group-5F3DE8D8430E-StateMachineUpdater: set stopIndex = 0
2019-09-26 13:14:31,857 [main] INFO  util.JmxRegister (JmxRegister.java:unregister(73)) - Successfully un-registered JMX Bean with object name Ratis:service=RaftServer,group=group-655D668B4E60,id=853d2aeb-7135-469c-ae5d-13b8b8156e53
2019-09-26 13:14:31,857 [main] INFO  impl.RoleInfo (RoleInfo.java:shutdownLeaderState(104)) - 853d2aeb-7135-469c-ae5d-13b8b8156e53: shutdown LeaderState
2019-09-26 13:14:31,857 [ForkJoinPool.commonPool-worker-1] INFO  impl.RaftServerImpl (ServerState.java:close(385)) - 853d2aeb-7135-469c-ae5d-13b8b8156e53@group-5F3DE8D8430E: closes. applyIndex: 0
2019-09-26 13:14:31,858 [main] INFO  impl.PendingRequests (PendingRequests.java:sendNotLeaderResponses(202)) - 853d2aeb-7135-469c-ae5d-13b8b8156e53-PendingRequests: sendNotLeaderResponses
2019-09-26 13:14:31,858 [853d2aeb-7135-469c-ae5d-13b8b8156e53@group-5F3DE8D8430E-SegmentedRaftLogWorker] INFO  segmented.SegmentedRaftLogWorker (SegmentedRaftLogWorker.java:run(313)) - 853d2aeb-7135-469c-ae5d-13b8b8156e53@group-5F3DE8D8430E-SegmentedRaftLogWorker was interrupted, exiting. There are 0 tasks remaining in the queue.
2019-09-26 13:14:31,858 [main] INFO  impl.StateMachineUpdater (StateMachineUpdater.java:stopAndJoin(125)) - 853d2aeb-7135-469c-ae5d-13b8b8156e53@group-655D668B4E60-StateMachineUpdater: set stopIndex = 0
2019-09-26 13:14:31,858 [ForkJoinPool.commonPool-worker-1] INFO  segmented.SegmentedRaftLogWorker (SegmentedRaftLogWorker.java:close(228)) - 853d2aeb-7135-469c-ae5d-13b8b8156e53@group-5F3DE8D8430E-SegmentedRaftLogWorker close()
2019-09-26 13:14:31,859 [main] INFO  impl.RaftServerImpl (ServerState.java:close(385)) - 853d2aeb-7135-469c-ae5d-13b8b8156e53@group-655D668B4E60: closes. applyIndex: 0
2019-09-26 13:14:31,859 [ForkJoinPool.commonPool-worker-1] INFO  impl.RaftServerImpl (RaftServerImpl.java:lambda$shutdown$3(251)) - 853d2aeb-7135-469c-ae5d-13b8b8156e53@group-7A31025C0447: shutdown
2019-09-26 13:14:31,860 [853d2aeb-7135-469c-ae5d-13b8b8156e53@group-655D668B4E60-SegmentedRaftLogWorker] INFO  segmented.SegmentedRaftLogWorker (SegmentedRaftLogWorker.java:run(313)) - 853d2aeb-7135-469c-ae5d-13b8b8156e53@group-655D668B4E60-SegmentedRaftLogWorker was interrupted, exiting. There are 0 tasks remaining in the queue.
2019-09-26 13:14:31,860 [ForkJoinPool.commonPool-worker-1] INFO  util.JmxRegister (JmxRegister.java:unregister(73)) - Successfully un-registered JMX Bean with object name Ratis:service=RaftServer,group=group-7A31025C0447,id=853d2aeb-7135-469c-ae5d-13b8b8156e53
2019-09-26 13:14:31,860 [main] INFO  segmented.SegmentedRaftLogWorker (SegmentedRaftLogWorker.java:close(228)) - 853d2aeb-7135-469c-ae5d-13b8b8156e53@group-655D668B4E60-SegmentedRaftLogWorker close()
2019-09-26 13:14:31,871 [ForkJoinPool.commonPool-worker-1] INFO  impl.RoleInfo (RoleInfo.java:shutdownLeaderState(104)) - 853d2aeb-7135-469c-ae5d-13b8b8156e53: shutdown LeaderState
2019-09-26 13:14:31,872 [main] INFO  impl.RaftServerImpl (RaftServerImpl.java:lambda$shutdown$3(251)) - 853d2aeb-7135-469c-ae5d-13b8b8156e53@group-88A26D533BBB: shutdown
2019-09-26 13:14:31,872 [ForkJoinPool.commonPool-worker-1] INFO  impl.PendingRequests (PendingRequests.java:sendNotLeaderResponses(202)) - 853d2aeb-7135-469c-ae5d-13b8b8156e53-PendingRequests: sendNotLeaderResponses
2019-09-26 13:14:31,872 [main] INFO  util.JmxRegister (JmxRegister.java:unregister(73)) - Successfully un-registered JMX Bean with object name Ratis:service=RaftServer,group=group-88A26D533BBB,id=853d2aeb-7135-469c-ae5d-13b8b8156e53
2019-09-26 13:14:31,872 [ForkJoinPool.commonPool-worker-1] INFO  impl.StateMachineUpdater (StateMachineUpdater.java:stopAndJoin(125)) - 853d2aeb-7135-469c-ae5d-13b8b8156e53@group-7A31025C0447-StateMachineUpdater: set stopIndex = 0
2019-09-26 13:14:31,873 [main] INFO  impl.RoleInfo (RoleInfo.java:shutdownLeaderState(104)) - 853d2aeb-7135-469c-ae5d-13b8b8156e53: shutdown LeaderState
2019-09-26 13:14:31,873 [ForkJoinPool.commonPool-worker-1] INFO  impl.RaftServerImpl (ServerState.java:close(385)) - 853d2aeb-7135-469c-ae5d-13b8b8156e53@group-7A31025C0447: closes. applyIndex: 0
2019-09-26 13:14:31,873 [main] INFO  impl.PendingRequests (PendingRequests.java:sendNotLeaderResponses(202)) - 853d2aeb-7135-469c-ae5d-13b8b8156e53-PendingRequests: sendNotLeaderResponses
2019-09-26 13:14:31,873 [853d2aeb-7135-469c-ae5d-13b8b8156e53@group-7A31025C0447-SegmentedRaftLogWorker] INFO  segmented.SegmentedRaftLogWorker (SegmentedRaftLogWorker.java:run(313)) - 853d2aeb-7135-469c-ae5d-13b8b8156e53@group-7A31025C0447-SegmentedRaftLogWorker was interrupted, exiting. There are 0 tasks remaining in the queue.
2019-09-26 13:14:31,874 [main] INFO  impl.StateMachineUpdater (StateMachineUpdater.java:stopAndJoin(125)) - 853d2aeb-7135-469c-ae5d-13b8b8156e53@group-88A26D533BBB-StateMachineUpdater: set stopIndex = 0
2019-09-26 13:14:31,874 [ForkJoinPool.commonPool-worker-1] INFO  segmented.SegmentedRaftLogWorker (SegmentedRaftLogWorker.java:close(228)) - 853d2aeb-7135-469c-ae5d-13b8b8156e53@group-7A31025C0447-SegmentedRaftLogWorker close()
2019-09-26 13:14:31,874 [main] INFO  impl.RaftServerImpl (ServerState.java:close(385)) - 853d2aeb-7135-469c-ae5d-13b8b8156e53@group-88A26D533BBB: closes. applyIndex: 0
2019-09-26 13:14:31,875 [853d2aeb-7135-469c-ae5d-13b8b8156e53@group-88A26D533BBB-SegmentedRaftLogWorker] INFO  segmented.SegmentedRaftLogWorker (SegmentedRaftLogWorker.java:run(313)) - 853d2aeb-7135-469c-ae5d-13b8b8156e53@group-88A26D533BBB-SegmentedRaftLogWorker was interrupted, exiting. There are 0 tasks remaining in the queue.
2019-09-26 13:14:31,875 [main] INFO  segmented.SegmentedRaftLogWorker (SegmentedRaftLogWorker.java:close(228)) - 853d2aeb-7135-469c-ae5d-13b8b8156e53@group-88A26D533BBB-SegmentedRaftLogWorker close()
2019-09-26 13:14:31,875 [main] INFO  server.GrpcService (GrpcService.java:closeImpl(164)) - 853d2aeb-7135-469c-ae5d-13b8b8156e53: shutdown server with port 33530 now
2019-09-26 13:14:31,878 [main] INFO  server.GrpcService (GrpcService.java:closeImpl(172)) - 853d2aeb-7135-469c-ae5d-13b8b8156e53: shutdown server with port 33530 successfully
2019-09-26 13:14:31,880 [refreshUsed-/workdir/hadoop-ozone/integration-test/target/test-dir/MiniOzoneClusterImpl-d2415e2d-2ab8-4028-b036-3844cbbdd4ea/datanode-2/data/containers] WARN  fs.CachingGetSpaceUsed (CachingGetSpaceUsed.java:run(183)) - Thread Interrupted waiting to refresh disk information: sleep interrupted
2019-09-26 13:14:31,896 [main] INFO  utils.BackgroundService (BackgroundService.java:shutdown(148)) - Shutting down service BlockDeletingService
2019-09-26 13:14:31,899 [main] INFO  statemachine.DatanodeStateMachine (DatanodeStateMachine.java:stopDaemon(395)) - Ozone container server stopped.
2019-09-26 13:14:31,900 [main] INFO  handler.ContextHandler (ContextHandler.java:doStop(910)) - Stopped o.e.j.w.WebAppContext@33956d1a{/,null,UNAVAILABLE}{/hddsDatanode}
2019-09-26 13:14:31,900 [main] INFO  server.AbstractConnector (AbstractConnector.java:doStop(318)) - Stopped ServerConnector@2e1ddc90{HTTP/1.1,[http/1.1]}{0.0.0.0:0}
2019-09-26 13:14:31,901 [main] INFO  handler.ContextHandler (ContextHandler.java:doStop(910)) - Stopped o.e.j.s.ServletContextHandler@e26af6{/static,jar:file:/home/user/.m2/repository/org/apache/hadoop/hadoop-hdds-container-service/0.5.0-SNAPSHOT/hadoop-hdds-container-service-0.5.0-SNAPSHOT.jar!/webapps/static,UNAVAILABLE}
2019-09-26 13:14:31,901 [main] INFO  handler.ContextHandler (ContextHandler.java:doStop(910)) - Stopped o.e.j.s.ServletContextHandler@75a0c890{/logs,file:///workdir/hadoop-ozone/integration-test/target/log,UNAVAILABLE}
2019-09-26 13:14:31,902 [main] INFO  ozone.MiniOzoneClusterImpl (MiniOzoneClusterImpl.java:stopSCM(392)) - Stopping the StorageContainerManager
2019-09-26 13:14:31,903 [main] INFO  server.StorageContainerManager (StorageContainerManager.java:stop(808)) - Stopping Replication Manager Service.
2019-09-26 13:14:31,903 [main] INFO  container.ReplicationManager (ReplicationManager.java:stop(204)) - Stopping Replication Monitor Thread.
2019-09-26 13:14:31,903 [main] INFO  server.StorageContainerManager (StorageContainerManager.java:stop(815)) - Stopping Lease Manager of the command watchers
2019-09-26 13:14:31,903 [main] INFO  server.StorageContainerManager (StorageContainerManager.java:stop(822)) - Stopping datanode service RPC server
2019-09-26 13:14:31,904 [main] INFO  server.SCMDatanodeProtocolServer (SCMDatanodeProtocolServer.java:stop(367)) - Stopping the RPC server for DataNodes
2019-09-26 13:14:31,904 [main] INFO  ipc.Server (Server.java:stop(3082)) - Stopping server on 39187
2019-09-26 13:14:31,905 [IPC Server listener on 39187] INFO  ipc.Server (Server.java:run(1185)) - Stopping IPC Server listener on 39187
2019-09-26 13:14:31,906 [IPC Server Responder] INFO  ipc.Server (Server.java:run(1319)) - Stopping IPC Server Responder
2019-09-26 13:14:32,006 [SCM Heartbeat Processing Thread - 0] WARN  node.NodeStateManager (NodeStateManager.java:scheduleNextHealthCheck(655)) - Current Thread is interrupted, shutting down HB processing thread for Node Manager.
2019-09-26 13:14:32,006 [main] INFO  server.StorageContainerManager (StorageContainerManager.java:stop(830)) - Stopping block service RPC server
2019-09-26 13:14:32,007 [main] INFO  server.SCMBlockProtocolServer (SCMBlockProtocolServer.java:stop(155)) - Stopping the RPC server for Block Protocol
2019-09-26 13:14:32,007 [main] INFO  ipc.Server (Server.java:stop(3082)) - Stopping server on 42766
2019-09-26 13:14:32,009 [IPC Server listener on 42766] INFO  ipc.Server (Server.java:run(1185)) - Stopping IPC Server listener on 42766
2019-09-26 13:14:32,009 [main] INFO  server.StorageContainerManager (StorageContainerManager.java:stop(837)) - Stopping the StorageContainerLocationProtocol RPC server
2019-09-26 13:14:32,009 [IPC Server Responder] INFO  ipc.Server (Server.java:run(1319)) - Stopping IPC Server Responder
2019-09-26 13:14:32,011 [main] INFO  server.SCMClientProtocolServer (SCMClientProtocolServer.java:stop(159)) - Stopping the RPC server for Client Protocol
2019-09-26 13:14:32,011 [main] INFO  ipc.Server (Server.java:stop(3082)) - Stopping server on 35309
2019-09-26 13:14:32,013 [IPC Server Responder] INFO  ipc.Server (Server.java:run(1319)) - Stopping IPC Server Responder
2019-09-26 13:14:32,013 [main] INFO  server.StorageContainerManager (StorageContainerManager.java:stop(844)) - Stopping Storage Container Manager HTTP server.
2019-09-26 13:14:32,013 [IPC Server listener on 35309] INFO  ipc.Server (Server.java:run(1185)) - Stopping IPC Server listener on 35309
2019-09-26 13:14:32,015 [main] INFO  handler.ContextHandler (ContextHandler.java:doStop(910)) - Stopped o.e.j.w.WebAppContext@173a6728{/,null,UNAVAILABLE}{/scm}
2019-09-26 13:14:32,016 [main] INFO  server.AbstractConnector (AbstractConnector.java:doStop(318)) - Stopped ServerConnector@1a22e0ef{HTTP/1.1,[http/1.1]}{0.0.0.0:0}
2019-09-26 13:14:32,016 [main] INFO  handler.ContextHandler (ContextHandler.java:doStop(910)) - Stopped o.e.j.s.ServletContextHandler@48b4a043{/static,file:///workdir/hadoop-ozone/integration-test/target/test-classes/webapps/static,UNAVAILABLE}
2019-09-26 13:14:32,017 [main] INFO  handler.ContextHandler (ContextHandler.java:doStop(910)) - Stopped o.e.j.s.ServletContextHandler@f1d0004{/logs,file:///workdir/hadoop-ozone/integration-test/target/log,UNAVAILABLE}
2019-09-26 13:14:32,018 [main] INFO  server.StorageContainerManager (StorageContainerManager.java:stop(855)) - Stopping Block Manager Service.
2019-09-26 13:14:32,018 [main] INFO  utils.BackgroundService (BackgroundService.java:shutdown(148)) - Shutting down service SCMBlockDeletingService
2019-09-26 13:14:32,018 [main] INFO  utils.BackgroundService (BackgroundService.java:shutdown(148)) - Shutting down service SCMBlockDeletingService
2019-09-26 13:14:32,019 [main] INFO  server.StorageContainerManager (StorageContainerManager.java:stop(877)) - Stopping SCM Event Queue.
2019-09-26 13:14:32,021 [main] INFO  impl.MetricsSystemImpl (MetricsSystemImpl.java:stop(210)) - Stopping HddsDatanode metrics system...
2019-09-26 13:14:32,034 [main] INFO  impl.MetricsSystemImpl (MetricsSystemImpl.java:stop(216)) - HddsDatanode metrics system stopped.
]]></system-out>
  </testcase>
  <testcase name="testPipelineCloseWithClosedContainer" classname="org.apache.hadoop.hdds.scm.pipeline.TestPipelineClose" time="16.646">
    <error message="Could not allocate container. Cannot get any matching pipeline for Type:RATIS, Factor:THREE, State:PipelineState.OPEN" type="java.io.IOException">java.io.IOException: Could not allocate container. Cannot get any matching pipeline for Type:RATIS, Factor:THREE, State:PipelineState.OPEN
	at org.apache.hadoop.hdds.scm.container.ContainerStateManager.allocateContainer(ContainerStateManager.java:260)
	at org.apache.hadoop.hdds.scm.container.SCMContainerManager.allocateContainer(SCMContainerManager.java:247)
	at org.apache.hadoop.hdds.scm.pipeline.TestPipelineClose.init(TestPipelineClose.java:92)
	at sun.reflect.NativeMethodAccessorImpl.invoke0(Native Method)
	at sun.reflect.NativeMethodAccessorImpl.invoke(NativeMethodAccessorImpl.java:62)
	at sun.reflect.DelegatingMethodAccessorImpl.invoke(DelegatingMethodAccessorImpl.java:43)
	at java.lang.reflect.Method.invoke(Method.java:498)
	at org.junit.runners.model.FrameworkMethod$1.runReflectiveCall(FrameworkMethod.java:47)
	at org.junit.internal.runners.model.ReflectiveCallable.run(ReflectiveCallable.java:12)
	at org.junit.runners.model.FrameworkMethod.invokeExplosively(FrameworkMethod.java:44)
	at org.junit.internal.runners.statements.RunBefores.evaluate(RunBefores.java:24)
	at org.junit.internal.runners.statements.RunAfters.evaluate(RunAfters.java:27)
	at org.junit.runners.ParentRunner.runLeaf(ParentRunner.java:271)
	at org.junit.runners.BlockJUnit4ClassRunner.runChild(BlockJUnit4ClassRunner.java:70)
	at org.junit.runners.BlockJUnit4ClassRunner.runChild(BlockJUnit4ClassRunner.java:50)
	at org.junit.runners.ParentRunner$3.run(ParentRunner.java:238)
	at org.junit.runners.ParentRunner$1.schedule(ParentRunner.java:63)
	at org.junit.runners.ParentRunner.runChildren(ParentRunner.java:236)
	at org.junit.runners.ParentRunner.access$000(ParentRunner.java:53)
	at org.junit.runners.ParentRunner$2.evaluate(ParentRunner.java:229)
	at org.junit.runners.ParentRunner.run(ParentRunner.java:309)
	at org.apache.maven.surefire.junit4.JUnit4Provider.execute(JUnit4Provider.java:365)
	at org.apache.maven.surefire.junit4.JUnit4Provider.executeWithRerun(JUnit4Provider.java:273)
	at org.apache.maven.surefire.junit4.JUnit4Provider.executeTestSet(JUnit4Provider.java:238)
	at org.apache.maven.surefire.junit4.JUnit4Provider.invoke(JUnit4Provider.java:159)
	at org.apache.maven.surefire.booter.ForkedBooter.invokeProviderInSameClassLoader(ForkedBooter.java:384)
	at org.apache.maven.surefire.booter.ForkedBooter.runSuitesInProcess(ForkedBooter.java:345)
	at org.apache.maven.surefire.booter.ForkedBooter.execute(ForkedBooter.java:126)
	at org.apache.maven.surefire.booter.ForkedBooter.main(ForkedBooter.java:418)
</error>
    <system-out><![CDATA[2019-09-26 13:14:32,072 [main] WARN  server.ServerUtils (ServerUtils.java:getScmDbDir(145)) - ozone.scm.db.dirs is not configured. We recommend adding this setting. Falling back to ozone.metadata.dirs instead.
2019-09-26 13:14:32,087 [main] WARN  server.ServerUtils (ServerUtils.java:getScmDbDir(145)) - ozone.scm.db.dirs is not configured. We recommend adding this setting. Falling back to ozone.metadata.dirs instead.
2019-09-26 13:14:32,087 [main] WARN  server.ServerUtils (ServerUtils.java:getScmDbDir(145)) - ozone.scm.db.dirs is not configured. We recommend adding this setting. Falling back to ozone.metadata.dirs instead.
2019-09-26 13:14:32,088 [main] INFO  db.DBStoreBuilder (DBStoreBuilder.java:addTable(110)) - using custom profile for table: deletedBlocks
2019-09-26 13:14:32,088 [main] INFO  db.DBStoreBuilder (DBStoreBuilder.java:processTables(161)) - Using default column profile:DBProfile.DISK for Table:deletedBlocks
2019-09-26 13:14:32,088 [main] INFO  db.DBStoreBuilder (DBStoreBuilder.java:addTable(110)) - using custom profile for table: validCerts
2019-09-26 13:14:32,088 [main] INFO  db.DBStoreBuilder (DBStoreBuilder.java:processTables(161)) - Using default column profile:DBProfile.DISK for Table:validCerts
2019-09-26 13:14:32,088 [main] INFO  db.DBStoreBuilder (DBStoreBuilder.java:addTable(110)) - using custom profile for table: revokedCerts
2019-09-26 13:14:32,089 [main] INFO  db.DBStoreBuilder (DBStoreBuilder.java:processTables(161)) - Using default column profile:DBProfile.DISK for Table:revokedCerts
2019-09-26 13:14:32,089 [main] INFO  db.DBStoreBuilder (DBStoreBuilder.java:addTable(110)) - using custom profile for table: default
2019-09-26 13:14:32,089 [main] INFO  db.DBStoreBuilder (DBStoreBuilder.java:processTables(167)) - Using default column profile:DBProfile.DISK for Table:default
2019-09-26 13:14:32,089 [main] INFO  db.DBStoreBuilder (DBStoreBuilder.java:getDbProfile(198)) - Using default options. DBProfile.DISK
2019-09-26 13:14:32,413 [main] INFO  net.NodeSchemaLoader (NodeSchemaLoader.java:loadSchemaFromFile(125)) - Loading file from sun.misc.CompoundEnumeration@17461db
2019-09-26 13:14:32,414 [main] INFO  net.NodeSchemaLoader (NodeSchemaLoader.java:loadSchema(171)) - Loading network topology layer schema file
2019-09-26 13:14:32,418 [main] WARN  server.ServerUtils (ServerUtils.java:sanitizeUserArgs(70)) - ozone.scm.stale.node.interval value = 300000 is larger than max = 100000 based on the key value of ozone.scm.heartbeat.thread.interval, reset to the max value 100000.
2019-09-26 13:14:32,418 [main] WARN  server.ServerUtils (ServerUtils.java:sanitizeUserArgs(70)) - ozone.scm.stale.node.interval value = 300000 is larger than max = 100000 based on the key value of ozone.scm.heartbeat.thread.interval, reset to the max value 100000.
2019-09-26 13:14:32,418 [main] INFO  node.SCMNodeManager (SCMNodeManager.java:<init>(114)) - Entering startup safe mode.
2019-09-26 13:14:32,419 [main] INFO  algorithms.ContainerPlacementPolicyFactory (ContainerPlacementPolicyFactory.java:getPolicy(59)) - Create container placement policy of type org.apache.hadoop.hdds.scm.container.placement.algorithms.SCMContainerPlacementRandom
2019-09-26 13:14:32,420 [main] WARN  server.ServerUtils (ServerUtils.java:getScmDbDir(145)) - ozone.scm.db.dirs is not configured. We recommend adding this setting. Falling back to ozone.metadata.dirs instead.
2019-09-26 13:14:32,515 [main] INFO  pipeline.SCMPipelineManager (SCMPipelineManager.java:initializePipelineState(132)) - No pipeline exists in current db
2019-09-26 13:14:32,516 [main] WARN  server.ServerUtils (ServerUtils.java:getScmDbDir(145)) - ozone.scm.db.dirs is not configured. We recommend adding this setting. Falling back to ozone.metadata.dirs instead.
2019-09-26 13:14:32,570 [main] WARN  events.EventQueue (EventQueue.java:fireEvent(183)) - No event handler registered for event TypedEvent{payloadType=SafeModeStatus, name='SafeModeStatus'}
2019-09-26 13:14:32,571 [main] INFO  ipc.CallQueueManager (CallQueueManager.java:<init>(84)) - Using callQueue: class java.util.concurrent.LinkedBlockingQueue, queueCapacity: 2000, scheduler: class org.apache.hadoop.ipc.DefaultRpcScheduler, ipcBackoff: false.
2019-09-26 13:14:32,573 [Socket Reader #1 for port 38329] INFO  ipc.Server (Server.java:run(1074)) - Starting Socket Reader #1 for port 38329
2019-09-26 13:14:32,575 [main] INFO  ipc.CallQueueManager (CallQueueManager.java:<init>(84)) - Using callQueue: class java.util.concurrent.LinkedBlockingQueue, queueCapacity: 2000, scheduler: class org.apache.hadoop.ipc.DefaultRpcScheduler, ipcBackoff: false.
2019-09-26 13:14:32,576 [Socket Reader #1 for port 43075] INFO  ipc.Server (Server.java:run(1074)) - Starting Socket Reader #1 for port 43075
2019-09-26 13:14:32,578 [main] INFO  ipc.CallQueueManager (CallQueueManager.java:<init>(84)) - Using callQueue: class java.util.concurrent.LinkedBlockingQueue, queueCapacity: 2000, scheduler: class org.apache.hadoop.ipc.DefaultRpcScheduler, ipcBackoff: false.
2019-09-26 13:14:32,578 [Socket Reader #1 for port 41628] INFO  ipc.Server (Server.java:run(1074)) - Starting Socket Reader #1 for port 41628
2019-09-26 13:14:32,581 [main] INFO  hdfs.DFSUtil (DFSUtil.java:httpServerTemplateForNNAndJN(1641)) - Starting Web-server for scm at: http://0.0.0.0:0
2019-09-26 13:14:32,584 [main] INFO  server.AuthenticationFilter (AuthenticationFilter.java:constructSecretProvider(240)) - Unable to initialize FileSignerSecretProvider, falling back to use random secrets.
2019-09-26 13:14:32,584 [main] WARN  http.HttpRequestLog (HttpRequestLog.java:getRequestLog(97)) - Jetty request log can only be enabled using Log4j
2019-09-26 13:14:32,587 [main] INFO  http.HttpServer2 (HttpServer2.java:addGlobalFilter(975)) - Added global filter 'safety' (class=org.apache.hadoop.http.HttpServer2$QuotingInputFilter)
2019-09-26 13:14:32,589 [main] INFO  http.HttpServer2 (HttpServer2.java:addFilter(948)) - Added filter static_user_filter (class=org.apache.hadoop.http.lib.StaticUserWebFilter$StaticUserFilter) to context scm
2019-09-26 13:14:32,589 [main] INFO  http.HttpServer2 (HttpServer2.java:addFilter(958)) - Added filter static_user_filter (class=org.apache.hadoop.http.lib.StaticUserWebFilter$StaticUserFilter) to context logs
2019-09-26 13:14:32,589 [main] INFO  http.HttpServer2 (HttpServer2.java:addFilter(958)) - Added filter static_user_filter (class=org.apache.hadoop.http.lib.StaticUserWebFilter$StaticUserFilter) to context static
2019-09-26 13:14:32,593 [main] INFO  server.StorageContainerManager (StorageContainerManager.java:start(770)) - StorageContainerLocationProtocol RPC server is listening at /0.0.0.0:41628
2019-09-26 13:14:32,597 [main] WARN  impl.MetricsConfig (MetricsConfig.java:loadFirst(134)) - Cannot locate configuration: tried hadoop-metrics2-storagecontainermanager.properties,hadoop-metrics2.properties
2019-09-26 13:14:32,598 [main] INFO  impl.MetricsSystemImpl (MetricsSystemImpl.java:startTimer(374)) - Scheduled Metric snapshot period at 10 second(s).
2019-09-26 13:14:32,599 [main] INFO  impl.MetricsSystemImpl (MetricsSystemImpl.java:start(191)) - StorageContainerManager metrics system started
2019-09-26 13:14:32,662 [main] WARN  impl.MetricsSystemImpl (MetricsSystemImpl.java:register(276)) - Sink prometheus already exists!
2019-09-26 13:14:32,668 [main] INFO  server.SCMClientProtocolServer (SCMClientProtocolServer.java:start(151)) - RPC server for Client  is listening at /0.0.0.0:41628
2019-09-26 13:14:32,669 [IPC Server Responder] INFO  ipc.Server (Server.java:run(1314)) - IPC Server Responder: starting
2019-09-26 13:14:32,669 [IPC Server listener on 41628] INFO  ipc.Server (Server.java:run(1153)) - IPC Server listener on 41628: starting
2019-09-26 13:14:32,673 [main] INFO  server.StorageContainerManager (StorageContainerManager.java:start(780)) - ScmBlockLocationProtocol RPC server is listening at /0.0.0.0:43075
2019-09-26 13:14:32,673 [main] INFO  server.SCMBlockProtocolServer (SCMBlockProtocolServer.java:start(146)) - RPC server for Block Protocol is listening at /0.0.0.0:43075
2019-09-26 13:14:32,674 [IPC Server Responder] INFO  ipc.Server (Server.java:run(1314)) - IPC Server Responder: starting
2019-09-26 13:14:32,674 [IPC Server listener on 43075] INFO  ipc.Server (Server.java:run(1153)) - IPC Server listener on 43075: starting
2019-09-26 13:14:32,677 [main] INFO  server.StorageContainerManager (StorageContainerManager.java:start(784)) - ScmDatanodeProtocl RPC server is listening at /0.0.0.0:38329
2019-09-26 13:14:32,678 [main] INFO  server.SCMDatanodeProtocolServer (SCMDatanodeProtocolServer.java:start(191)) - RPC server for DataNodes is listening at /0.0.0.0:38329
2019-09-26 13:14:32,678 [IPC Server Responder] INFO  ipc.Server (Server.java:run(1314)) - IPC Server Responder: starting
2019-09-26 13:14:32,678 [IPC Server listener on 38329] INFO  ipc.Server (Server.java:run(1153)) - IPC Server listener on 38329: starting
2019-09-26 13:14:32,683 [main] INFO  http.HttpServer2 (HttpServer2.java:bindListener(1191)) - Jetty bound to port 40550
2019-09-26 13:14:32,683 [main] INFO  server.Server (Server.java:doStart(351)) - jetty-9.3.25.v20180904, build timestamp: 2018-09-04T21:11:46Z, git hash: 3ce520221d0240229c862b122d2b06c12a625732
2019-09-26 13:14:32,685 [main] INFO  handler.ContextHandler (ContextHandler.java:doStart(781)) - Started o.e.j.s.ServletContextHandler@3d64c581{/logs,file:///workdir/hadoop-ozone/integration-test/target/log,AVAILABLE}
2019-09-26 13:14:32,686 [main] INFO  handler.ContextHandler (ContextHandler.java:doStart(781)) - Started o.e.j.s.ServletContextHandler@4190bc8a{/static,file:///workdir/hadoop-ozone/integration-test/target/test-classes/webapps/static,AVAILABLE}
2019-09-26 13:14:32,691 [main] INFO  handler.ContextHandler (ContextHandler.java:doStart(781)) - Started o.e.j.w.WebAppContext@7add838c{/,file:///workdir/hadoop-ozone/integration-test/target/test-classes/webapps/scm/,AVAILABLE}{/scm}
2019-09-26 13:14:32,691 [main] INFO  server.AbstractConnector (AbstractConnector.java:doStart(278)) - Started ServerConnector@3662bdff{HTTP/1.1,[http/1.1]}{0.0.0.0:40550}
2019-09-26 13:14:32,692 [main] INFO  server.Server (Server.java:doStart(419)) - Started @39487ms
2019-09-26 13:14:32,692 [main] WARN  impl.MetricsSystemImpl (MetricsSystemImpl.java:register(276)) - Sink prometheus already exists!
2019-09-26 13:14:32,693 [main] INFO  server.BaseHttpServer (BaseHttpServer.java:updateConnectorAddress(215)) - HTTP server of SCM is listening at http://0.0.0.0:40550
2019-09-26 13:14:32,694 [main] WARN  server.ServerUtils (ServerUtils.java:getDBPath(222)) - ozone.om.db.dirs is not configured. We recommend adding this setting. Falling back to ozone.metadata.dirs instead.
2019-09-26 13:14:32,694 [org.apache.hadoop.util.JvmPauseMonitor$Monitor@4fa822ad] INFO  util.JvmPauseMonitor (JvmPauseMonitor.java:run(188)) - Starting JVM pause monitor
2019-09-26 13:14:32,752 [main] WARN  server.ServerUtils (ServerUtils.java:getDBPath(222)) - ozone.om.db.dirs is not configured. We recommend adding this setting. Falling back to ozone.metadata.dirs instead.
2019-09-26 13:14:32,752 [main] WARN  server.ServerUtils (ServerUtils.java:getDBPath(222)) - ozone.om.db.dirs is not configured. We recommend adding this setting. Falling back to ozone.metadata.dirs instead.
2019-09-26 13:14:32,752 [main] INFO  om.OzoneManager (OzoneManager.java:setOMNodeDetails(652)) - OM Service ID is not set. Setting it to the default ID: omServiceIdDefault
2019-09-26 13:14:32,753 [main] INFO  om.OzoneManager (OzoneManager.java:setOMNodeDetails(658)) - OM Node ID is not set. Setting it to the OmStorage's OmID: ee83f7bb-72e8-49cc-88b7-4452dec8a1e6
2019-09-26 13:14:32,753 [main] INFO  om.OzoneManager (OzoneManager.java:loadOMHAConfigs(609)) - Found matching OM address with OMServiceId: null, OMNodeId: null, RPC Address: localhost:0 and Ratis port: 9872
2019-09-26 13:14:32,760 [main] WARN  server.ServerUtils (ServerUtils.java:getDBPath(222)) - ozone.om.db.dirs is not configured. We recommend adding this setting. Falling back to ozone.metadata.dirs instead.
2019-09-26 13:14:32,760 [main] INFO  db.DBStoreBuilder (DBStoreBuilder.java:addTable(110)) - using custom profile for table: userTable
2019-09-26 13:14:32,760 [main] INFO  db.DBStoreBuilder (DBStoreBuilder.java:processTables(161)) - Using default column profile:DBProfile.DISK for Table:userTable
2019-09-26 13:14:32,761 [main] INFO  db.DBStoreBuilder (DBStoreBuilder.java:addTable(110)) - using custom profile for table: volumeTable
2019-09-26 13:14:32,761 [main] INFO  db.DBStoreBuilder (DBStoreBuilder.java:processTables(161)) - Using default column profile:DBProfile.DISK for Table:volumeTable
2019-09-26 13:14:32,761 [main] INFO  db.DBStoreBuilder (DBStoreBuilder.java:addTable(110)) - using custom profile for table: bucketTable
2019-09-26 13:14:32,761 [main] INFO  db.DBStoreBuilder (DBStoreBuilder.java:processTables(161)) - Using default column profile:DBProfile.DISK for Table:bucketTable
2019-09-26 13:14:32,762 [main] INFO  db.DBStoreBuilder (DBStoreBuilder.java:addTable(110)) - using custom profile for table: keyTable
2019-09-26 13:14:32,762 [main] INFO  db.DBStoreBuilder (DBStoreBuilder.java:processTables(161)) - Using default column profile:DBProfile.DISK for Table:keyTable
2019-09-26 13:14:32,762 [main] INFO  db.DBStoreBuilder (DBStoreBuilder.java:addTable(110)) - using custom profile for table: deletedTable
2019-09-26 13:14:32,762 [main] INFO  db.DBStoreBuilder (DBStoreBuilder.java:processTables(161)) - Using default column profile:DBProfile.DISK for Table:deletedTable
2019-09-26 13:14:32,762 [main] INFO  db.DBStoreBuilder (DBStoreBuilder.java:addTable(110)) - using custom profile for table: openKeyTable
2019-09-26 13:14:32,762 [main] INFO  db.DBStoreBuilder (DBStoreBuilder.java:processTables(161)) - Using default column profile:DBProfile.DISK for Table:openKeyTable
2019-09-26 13:14:32,763 [main] INFO  db.DBStoreBuilder (DBStoreBuilder.java:addTable(110)) - using custom profile for table: s3Table
2019-09-26 13:14:32,763 [main] INFO  db.DBStoreBuilder (DBStoreBuilder.java:processTables(161)) - Using default column profile:DBProfile.DISK for Table:s3Table
2019-09-26 13:14:32,763 [main] INFO  db.DBStoreBuilder (DBStoreBuilder.java:addTable(110)) - using custom profile for table: multipartInfoTable
2019-09-26 13:14:32,763 [main] INFO  db.DBStoreBuilder (DBStoreBuilder.java:processTables(161)) - Using default column profile:DBProfile.DISK for Table:multipartInfoTable
2019-09-26 13:14:32,763 [main] INFO  db.DBStoreBuilder (DBStoreBuilder.java:addTable(110)) - using custom profile for table: dTokenTable
2019-09-26 13:14:32,764 [main] INFO  db.DBStoreBuilder (DBStoreBuilder.java:processTables(161)) - Using default column profile:DBProfile.DISK for Table:dTokenTable
2019-09-26 13:14:32,764 [main] INFO  db.DBStoreBuilder (DBStoreBuilder.java:addTable(110)) - using custom profile for table: s3SecretTable
2019-09-26 13:14:32,764 [main] INFO  db.DBStoreBuilder (DBStoreBuilder.java:processTables(161)) - Using default column profile:DBProfile.DISK for Table:s3SecretTable
2019-09-26 13:14:32,764 [main] INFO  db.DBStoreBuilder (DBStoreBuilder.java:addTable(110)) - using custom profile for table: prefixTable
2019-09-26 13:14:32,764 [main] INFO  db.DBStoreBuilder (DBStoreBuilder.java:processTables(161)) - Using default column profile:DBProfile.DISK for Table:prefixTable
2019-09-26 13:14:32,765 [main] INFO  db.DBStoreBuilder (DBStoreBuilder.java:addTable(110)) - using custom profile for table: default
2019-09-26 13:14:32,765 [main] INFO  db.DBStoreBuilder (DBStoreBuilder.java:processTables(167)) - Using default column profile:DBProfile.DISK for Table:default
2019-09-26 13:14:32,765 [main] INFO  db.DBStoreBuilder (DBStoreBuilder.java:getDbProfile(198)) - Using default options. DBProfile.DISK
2019-09-26 13:14:33,213 [main] INFO  ipc.CallQueueManager (CallQueueManager.java:<init>(84)) - Using callQueue: class java.util.concurrent.LinkedBlockingQueue, queueCapacity: 2000, scheduler: class org.apache.hadoop.ipc.DefaultRpcScheduler, ipcBackoff: false.
2019-09-26 13:14:33,214 [Socket Reader #1 for port 36163] INFO  ipc.Server (Server.java:run(1074)) - Starting Socket Reader #1 for port 36163
2019-09-26 13:14:33,227 [main] INFO  om.OzoneManager (OzoneManager.java:start(1243)) - OzoneManager RPC server is listening at localhost/127.0.0.1:36163
2019-09-26 13:14:33,227 [main] INFO  impl.MetricsSystemImpl (MetricsSystemImpl.java:init(158)) - OzoneManager metrics system started (again)
2019-09-26 13:14:33,228 [IPC Server Responder] INFO  ipc.Server (Server.java:run(1314)) - IPC Server Responder: starting
2019-09-26 13:14:33,228 [IPC Server listener on 36163] INFO  ipc.Server (Server.java:run(1153)) - IPC Server listener on 36163: starting
2019-09-26 13:14:33,232 [main] INFO  hdfs.DFSUtil (DFSUtil.java:httpServerTemplateForNNAndJN(1641)) - Starting Web-server for ozoneManager at: http://0.0.0.0:0
2019-09-26 13:14:33,234 [main] INFO  server.AuthenticationFilter (AuthenticationFilter.java:constructSecretProvider(240)) - Unable to initialize FileSignerSecretProvider, falling back to use random secrets.
2019-09-26 13:14:33,235 [main] WARN  http.HttpRequestLog (HttpRequestLog.java:getRequestLog(97)) - Jetty request log can only be enabled using Log4j
2019-09-26 13:14:33,236 [main] INFO  http.HttpServer2 (HttpServer2.java:addGlobalFilter(975)) - Added global filter 'safety' (class=org.apache.hadoop.http.HttpServer2$QuotingInputFilter)
2019-09-26 13:14:33,237 [main] INFO  http.HttpServer2 (HttpServer2.java:addFilter(948)) - Added filter static_user_filter (class=org.apache.hadoop.http.lib.StaticUserWebFilter$StaticUserFilter) to context ozoneManager
2019-09-26 13:14:33,237 [main] INFO  http.HttpServer2 (HttpServer2.java:addFilter(958)) - Added filter static_user_filter (class=org.apache.hadoop.http.lib.StaticUserWebFilter$StaticUserFilter) to context static
2019-09-26 13:14:33,237 [main] INFO  http.HttpServer2 (HttpServer2.java:addFilter(958)) - Added filter static_user_filter (class=org.apache.hadoop.http.lib.StaticUserWebFilter$StaticUserFilter) to context logs
2019-09-26 13:14:33,238 [main] INFO  http.HttpServer2 (HttpServer2.java:bindListener(1191)) - Jetty bound to port 41987
2019-09-26 13:14:33,238 [main] INFO  server.Server (Server.java:doStart(351)) - jetty-9.3.25.v20180904, build timestamp: 2018-09-04T21:11:46Z, git hash: 3ce520221d0240229c862b122d2b06c12a625732
2019-09-26 13:14:33,240 [main] INFO  handler.ContextHandler (ContextHandler.java:doStart(781)) - Started o.e.j.s.ServletContextHandler@65383667{/logs,file:///workdir/hadoop-ozone/integration-test/target/log,AVAILABLE}
2019-09-26 13:14:33,241 [main] INFO  handler.ContextHandler (ContextHandler.java:doStart(781)) - Started o.e.j.s.ServletContextHandler@557a84fe{/static,file:///workdir/hadoop-ozone/integration-test/target/test-classes/webapps/static,AVAILABLE}
2019-09-26 13:14:33,247 [main] INFO  handler.ContextHandler (ContextHandler.java:doStart(781)) - Started o.e.j.w.WebAppContext@45cd7bc5{/,file:///workdir/hadoop-ozone/integration-test/target/test-classes/webapps/ozoneManager/,AVAILABLE}{/ozoneManager}
2019-09-26 13:14:33,249 [main] INFO  server.AbstractConnector (AbstractConnector.java:doStart(278)) - Started ServerConnector@6504a875{HTTP/1.1,[http/1.1]}{0.0.0.0:41987}
2019-09-26 13:14:33,249 [main] INFO  server.Server (Server.java:doStart(419)) - Started @40044ms
2019-09-26 13:14:33,249 [main] WARN  impl.MetricsSystemImpl (MetricsSystemImpl.java:register(276)) - Sink prometheus already exists!
2019-09-26 13:14:33,250 [main] INFO  server.BaseHttpServer (BaseHttpServer.java:updateConnectorAddress(215)) - HTTP server of OZONEMANAGER is listening at http://0.0.0.0:41987
2019-09-26 13:14:33,260 [main] INFO  impl.MetricsSystemImpl (MetricsSystemImpl.java:init(158)) - HddsDatanode metrics system started (again)
2019-09-26 13:14:33,263 [main] INFO  ozone.HddsDatanodeService (HddsDatanodeService.java:start(184)) - HddsDatanodeService host:pr-hdds-1569-87zkn-1081879488 ip:192.168.164.238
2019-09-26 13:14:33,269 [main] INFO  volume.HddsVolume (HddsVolume.java:<init>(176)) - Creating Volume: /workdir/hadoop-ozone/integration-test/target/test-dir/MiniOzoneClusterImpl-f1012d8c-e23c-4237-834a-d6b3ac6768a8/datanode-0/data/containers/hdds of  storage type : DISK and capacity : 1482555576320
2019-09-26 13:14:33,269 [main] INFO  volume.VolumeSet (VolumeSet.java:initializeVolumeSet(170)) - Added Volume : /workdir/hadoop-ozone/integration-test/target/test-dir/MiniOzoneClusterImpl-f1012d8c-e23c-4237-834a-d6b3ac6768a8/datanode-0/data/containers/hdds to VolumeSet
2019-09-26 13:14:33,270 [main] INFO  volume.ThrottledAsyncChecker (ThrottledAsyncChecker.java:schedule(139)) - Scheduling a check for org.apache.hadoop.ozone.container.common.volume.HddsVolume@61ab89b0
2019-09-26 13:14:33,270 [main] INFO  volume.HddsVolumeChecker (HddsVolumeChecker.java:checkAllVolumes(202)) - Scheduled health check for volume org.apache.hadoop.ozone.container.common.volume.HddsVolume@61ab89b0
2019-09-26 13:14:33,288 [main] INFO  impl.RaftServerProxy (ConfUtils.java:logGet(43)) - raft.rpc.type = GRPC (default)
2019-09-26 13:14:33,288 [main] INFO  grpc.GrpcFactory (GrpcFactory.java:checkPooledByteBufAllocatorUseCacheForAllThreads(45)) - PERFORMANCE WARNING: useCacheForAllThreads is true that may cause Netty to create a lot garbage objects and, as a result, trigger GC.
	It is recommended to disable useCacheForAllThreads by setting -Dorg.apache.ratis.thirdparty.io.netty.allocator.useCacheForAllThreads=false in command line.
2019-09-26 13:14:33,289 [main] INFO  grpc.GrpcConfigKeys$Server (ConfUtils.java:logGet(43)) - raft.grpc.server.port = 0 (default)
2019-09-26 13:14:33,289 [main] INFO  server.GrpcService (ConfUtils.java:logGet(43)) - raft.grpc.message.size.max = 33570816 (custom)
2019-09-26 13:14:33,289 [main] INFO  server.RaftServerConfigKeys (ConfUtils.java:logGet(43)) - raft.server.log.appender.buffer.byte-limit = 33554432 (custom)
2019-09-26 13:14:33,289 [main] INFO  server.GrpcService (ConfUtils.java:logGet(43)) - raft.grpc.flow.control.window = 1MB (=1048576) (default)
2019-09-26 13:14:33,289 [main] INFO  server.RaftServerConfigKeys (ConfUtils.java:logGet(43)) - raft.server.rpc.request.timeout = 3000ms (default)
2019-09-26 13:14:33,290 [main] INFO  server.RaftServerConfigKeys (ConfUtils.java:logGet(43)) - raft.server.storage.dir = [/workdir/hadoop-ozone/integration-test/target/test-dir/MiniOzoneClusterImpl-f1012d8c-e23c-4237-834a-d6b3ac6768a8/datanode-0/data/ratis] (custom)
2019-09-26 13:14:33,292 [main] INFO  hdfs.DFSUtil (DFSUtil.java:httpServerTemplateForNNAndJN(1641)) - Starting Web-server for hddsDatanode at: http://0.0.0.0:0
2019-09-26 13:14:33,293 [main] INFO  server.AuthenticationFilter (AuthenticationFilter.java:constructSecretProvider(240)) - Unable to initialize FileSignerSecretProvider, falling back to use random secrets.
2019-09-26 13:14:33,294 [main] WARN  http.HttpRequestLog (HttpRequestLog.java:getRequestLog(97)) - Jetty request log can only be enabled using Log4j
2019-09-26 13:14:33,295 [main] INFO  http.HttpServer2 (HttpServer2.java:addGlobalFilter(975)) - Added global filter 'safety' (class=org.apache.hadoop.http.HttpServer2$QuotingInputFilter)
2019-09-26 13:14:33,296 [main] INFO  http.HttpServer2 (HttpServer2.java:addFilter(948)) - Added filter static_user_filter (class=org.apache.hadoop.http.lib.StaticUserWebFilter$StaticUserFilter) to context hddsDatanode
2019-09-26 13:14:33,296 [main] INFO  http.HttpServer2 (HttpServer2.java:addFilter(958)) - Added filter static_user_filter (class=org.apache.hadoop.http.lib.StaticUserWebFilter$StaticUserFilter) to context logs
2019-09-26 13:14:33,296 [main] INFO  http.HttpServer2 (HttpServer2.java:addFilter(958)) - Added filter static_user_filter (class=org.apache.hadoop.http.lib.StaticUserWebFilter$StaticUserFilter) to context static
2019-09-26 13:14:33,297 [main] INFO  http.HttpServer2 (HttpServer2.java:bindListener(1191)) - Jetty bound to port 43418
2019-09-26 13:14:33,297 [main] INFO  server.Server (Server.java:doStart(351)) - jetty-9.3.25.v20180904, build timestamp: 2018-09-04T21:11:46Z, git hash: 3ce520221d0240229c862b122d2b06c12a625732
2019-09-26 13:14:33,299 [main] INFO  handler.ContextHandler (ContextHandler.java:doStart(781)) - Started o.e.j.s.ServletContextHandler@869d87c{/logs,file:///workdir/hadoop-ozone/integration-test/target/log,AVAILABLE}
2019-09-26 13:14:33,300 [main] INFO  handler.ContextHandler (ContextHandler.java:doStart(781)) - Started o.e.j.s.ServletContextHandler@37637a24{/static,jar:file:/home/user/.m2/repository/org/apache/hadoop/hadoop-hdds-container-service/0.5.0-SNAPSHOT/hadoop-hdds-container-service-0.5.0-SNAPSHOT.jar!/webapps/static,AVAILABLE}
2019-09-26 13:14:33,328 [main] INFO  handler.ContextHandler (ContextHandler.java:doStart(781)) - Started o.e.j.w.WebAppContext@46383a78{/,file:///tmp/jetty-0.0.0.0-43418-hddsDatanode-_-any-3700075111954007028.dir/webapp/,AVAILABLE}{/hddsDatanode}
2019-09-26 13:14:33,330 [main] INFO  server.AbstractConnector (AbstractConnector.java:doStart(278)) - Started ServerConnector@36c281ed{HTTP/1.1,[http/1.1]}{0.0.0.0:43418}
2019-09-26 13:14:33,330 [main] INFO  server.Server (Server.java:doStart(419)) - Started @40125ms
2019-09-26 13:14:33,330 [main] WARN  impl.MetricsSystemImpl (MetricsSystemImpl.java:register(276)) - Sink prometheus already exists!
2019-09-26 13:14:33,331 [main] INFO  server.BaseHttpServer (BaseHttpServer.java:updateConnectorAddress(215)) - HTTP server of HDDSDATANODE is listening at http://0.0.0.0:43418
2019-09-26 13:14:33,331 [main] INFO  impl.MetricsSystemImpl (MetricsSystemImpl.java:init(158)) - HddsDatanode metrics system started (again)
2019-09-26 13:14:33,334 [org.apache.hadoop.util.JvmPauseMonitor$Monitor@2fe47d6d] INFO  util.JvmPauseMonitor (JvmPauseMonitor.java:run(188)) - Starting JVM pause monitor
2019-09-26 13:14:33,335 [main] INFO  ozone.HddsDatanodeService (HddsDatanodeService.java:start(184)) - HddsDatanodeService host:pr-hdds-1569-87zkn-1081879488 ip:192.168.164.238
2019-09-26 13:14:33,337 [Datanode State Machine Thread - 0] INFO  datanode.InitDatanodeState (InitDatanodeState.java:persistContainerDatanodeDetails(140)) - DatanodeDetails is persisted to /workdir/hadoop-ozone/integration-test/target/test-dir/MiniOzoneClusterImpl-f1012d8c-e23c-4237-834a-d6b3ac6768a8/datanode-0/meta/datanode.id
2019-09-26 13:14:33,340 [main] INFO  volume.HddsVolume (HddsVolume.java:<init>(176)) - Creating Volume: /workdir/hadoop-ozone/integration-test/target/test-dir/MiniOzoneClusterImpl-f1012d8c-e23c-4237-834a-d6b3ac6768a8/datanode-1/data/containers/hdds of  storage type : DISK and capacity : 1482555576320
2019-09-26 13:14:33,340 [main] INFO  volume.VolumeSet (VolumeSet.java:initializeVolumeSet(170)) - Added Volume : /workdir/hadoop-ozone/integration-test/target/test-dir/MiniOzoneClusterImpl-f1012d8c-e23c-4237-834a-d6b3ac6768a8/datanode-1/data/containers/hdds to VolumeSet
2019-09-26 13:14:33,340 [main] INFO  volume.ThrottledAsyncChecker (ThrottledAsyncChecker.java:schedule(139)) - Scheduling a check for org.apache.hadoop.ozone.container.common.volume.HddsVolume@6f2e1024
2019-09-26 13:14:33,341 [main] INFO  volume.HddsVolumeChecker (HddsVolumeChecker.java:checkAllVolumes(202)) - Scheduled health check for volume org.apache.hadoop.ozone.container.common.volume.HddsVolume@6f2e1024
2019-09-26 13:14:33,355 [main] INFO  impl.RaftServerProxy (ConfUtils.java:logGet(43)) - raft.rpc.type = GRPC (default)
2019-09-26 13:14:33,355 [main] INFO  grpc.GrpcFactory (GrpcFactory.java:checkPooledByteBufAllocatorUseCacheForAllThreads(45)) - PERFORMANCE WARNING: useCacheForAllThreads is true that may cause Netty to create a lot garbage objects and, as a result, trigger GC.
	It is recommended to disable useCacheForAllThreads by setting -Dorg.apache.ratis.thirdparty.io.netty.allocator.useCacheForAllThreads=false in command line.
2019-09-26 13:14:33,355 [main] INFO  grpc.GrpcConfigKeys$Server (ConfUtils.java:logGet(43)) - raft.grpc.server.port = 0 (default)
2019-09-26 13:14:33,355 [main] INFO  server.GrpcService (ConfUtils.java:logGet(43)) - raft.grpc.message.size.max = 33570816 (custom)
2019-09-26 13:14:33,356 [main] INFO  server.RaftServerConfigKeys (ConfUtils.java:logGet(43)) - raft.server.log.appender.buffer.byte-limit = 33554432 (custom)
2019-09-26 13:14:33,356 [main] INFO  server.GrpcService (ConfUtils.java:logGet(43)) - raft.grpc.flow.control.window = 1MB (=1048576) (default)
2019-09-26 13:14:33,356 [main] INFO  server.RaftServerConfigKeys (ConfUtils.java:logGet(43)) - raft.server.rpc.request.timeout = 3000ms (default)
2019-09-26 13:14:33,356 [main] INFO  server.RaftServerConfigKeys (ConfUtils.java:logGet(43)) - raft.server.storage.dir = [/workdir/hadoop-ozone/integration-test/target/test-dir/MiniOzoneClusterImpl-f1012d8c-e23c-4237-834a-d6b3ac6768a8/datanode-1/data/ratis] (custom)
2019-09-26 13:14:33,358 [main] INFO  hdfs.DFSUtil (DFSUtil.java:httpServerTemplateForNNAndJN(1641)) - Starting Web-server for hddsDatanode at: http://0.0.0.0:0
2019-09-26 13:14:33,359 [main] INFO  server.AuthenticationFilter (AuthenticationFilter.java:constructSecretProvider(240)) - Unable to initialize FileSignerSecretProvider, falling back to use random secrets.
2019-09-26 13:14:33,359 [main] WARN  http.HttpRequestLog (HttpRequestLog.java:getRequestLog(97)) - Jetty request log can only be enabled using Log4j
2019-09-26 13:14:33,361 [main] INFO  http.HttpServer2 (HttpServer2.java:addGlobalFilter(975)) - Added global filter 'safety' (class=org.apache.hadoop.http.HttpServer2$QuotingInputFilter)
2019-09-26 13:14:33,361 [main] INFO  http.HttpServer2 (HttpServer2.java:addFilter(948)) - Added filter static_user_filter (class=org.apache.hadoop.http.lib.StaticUserWebFilter$StaticUserFilter) to context hddsDatanode
2019-09-26 13:14:33,361 [main] INFO  http.HttpServer2 (HttpServer2.java:addFilter(958)) - Added filter static_user_filter (class=org.apache.hadoop.http.lib.StaticUserWebFilter$StaticUserFilter) to context logs
2019-09-26 13:14:33,362 [main] INFO  http.HttpServer2 (HttpServer2.java:addFilter(958)) - Added filter static_user_filter (class=org.apache.hadoop.http.lib.StaticUserWebFilter$StaticUserFilter) to context static
2019-09-26 13:14:33,362 [main] INFO  http.HttpServer2 (HttpServer2.java:bindListener(1191)) - Jetty bound to port 32798
2019-09-26 13:14:33,362 [main] INFO  server.Server (Server.java:doStart(351)) - jetty-9.3.25.v20180904, build timestamp: 2018-09-04T21:11:46Z, git hash: 3ce520221d0240229c862b122d2b06c12a625732
2019-09-26 13:14:33,364 [main] INFO  handler.ContextHandler (ContextHandler.java:doStart(781)) - Started o.e.j.s.ServletContextHandler@68ee3b6d{/logs,file:///workdir/hadoop-ozone/integration-test/target/log,AVAILABLE}
2019-09-26 13:14:33,365 [main] INFO  handler.ContextHandler (ContextHandler.java:doStart(781)) - Started o.e.j.s.ServletContextHandler@2be95d31{/static,jar:file:/home/user/.m2/repository/org/apache/hadoop/hadoop-hdds-container-service/0.5.0-SNAPSHOT/hadoop-hdds-container-service-0.5.0-SNAPSHOT.jar!/webapps/static,AVAILABLE}
2019-09-26 13:14:33,393 [main] INFO  handler.ContextHandler (ContextHandler.java:doStart(781)) - Started o.e.j.w.WebAppContext@404eca05{/,file:///tmp/jetty-0.0.0.0-32798-hddsDatanode-_-any-4703575359422159604.dir/webapp/,AVAILABLE}{/hddsDatanode}
2019-09-26 13:14:33,393 [main] INFO  server.AbstractConnector (AbstractConnector.java:doStart(278)) - Started ServerConnector@58b91d57{HTTP/1.1,[http/1.1]}{0.0.0.0:32798}
2019-09-26 13:14:33,394 [main] INFO  server.Server (Server.java:doStart(419)) - Started @40190ms
2019-09-26 13:14:33,395 [main] WARN  impl.MetricsSystemImpl (MetricsSystemImpl.java:register(276)) - Sink prometheus already exists!
2019-09-26 13:14:33,395 [main] INFO  server.BaseHttpServer (BaseHttpServer.java:updateConnectorAddress(215)) - HTTP server of HDDSDATANODE is listening at http://0.0.0.0:32798
2019-09-26 13:14:33,396 [main] INFO  impl.MetricsSystemImpl (MetricsSystemImpl.java:init(158)) - HddsDatanode metrics system started (again)
2019-09-26 13:14:33,401 [org.apache.hadoop.util.JvmPauseMonitor$Monitor@1a0530f6] INFO  util.JvmPauseMonitor (JvmPauseMonitor.java:run(188)) - Starting JVM pause monitor
2019-09-26 13:14:33,401 [main] INFO  ozone.HddsDatanodeService (HddsDatanodeService.java:start(184)) - HddsDatanodeService host:pr-hdds-1569-87zkn-1081879488 ip:192.168.164.238
2019-09-26 13:14:33,402 [Datanode State Machine Thread - 0] INFO  datanode.InitDatanodeState (InitDatanodeState.java:persistContainerDatanodeDetails(140)) - DatanodeDetails is persisted to /workdir/hadoop-ozone/integration-test/target/test-dir/MiniOzoneClusterImpl-f1012d8c-e23c-4237-834a-d6b3ac6768a8/datanode-1/meta/datanode.id
2019-09-26 13:14:33,406 [main] INFO  volume.HddsVolume (HddsVolume.java:<init>(176)) - Creating Volume: /workdir/hadoop-ozone/integration-test/target/test-dir/MiniOzoneClusterImpl-f1012d8c-e23c-4237-834a-d6b3ac6768a8/datanode-2/data/containers/hdds of  storage type : DISK and capacity : 1482555576320
2019-09-26 13:14:33,406 [main] INFO  volume.VolumeSet (VolumeSet.java:initializeVolumeSet(170)) - Added Volume : /workdir/hadoop-ozone/integration-test/target/test-dir/MiniOzoneClusterImpl-f1012d8c-e23c-4237-834a-d6b3ac6768a8/datanode-2/data/containers/hdds to VolumeSet
2019-09-26 13:14:33,406 [main] INFO  volume.ThrottledAsyncChecker (ThrottledAsyncChecker.java:schedule(139)) - Scheduling a check for org.apache.hadoop.ozone.container.common.volume.HddsVolume@43982337
2019-09-26 13:14:33,407 [main] INFO  volume.HddsVolumeChecker (HddsVolumeChecker.java:checkAllVolumes(202)) - Scheduled health check for volume org.apache.hadoop.ozone.container.common.volume.HddsVolume@43982337
2019-09-26 13:14:33,422 [main] INFO  impl.RaftServerProxy (ConfUtils.java:logGet(43)) - raft.rpc.type = GRPC (default)
2019-09-26 13:14:33,422 [main] INFO  grpc.GrpcFactory (GrpcFactory.java:checkPooledByteBufAllocatorUseCacheForAllThreads(45)) - PERFORMANCE WARNING: useCacheForAllThreads is true that may cause Netty to create a lot garbage objects and, as a result, trigger GC.
	It is recommended to disable useCacheForAllThreads by setting -Dorg.apache.ratis.thirdparty.io.netty.allocator.useCacheForAllThreads=false in command line.
2019-09-26 13:14:33,422 [main] INFO  grpc.GrpcConfigKeys$Server (ConfUtils.java:logGet(43)) - raft.grpc.server.port = 0 (default)
2019-09-26 13:14:33,422 [main] INFO  server.GrpcService (ConfUtils.java:logGet(43)) - raft.grpc.message.size.max = 33570816 (custom)
2019-09-26 13:14:33,422 [main] INFO  server.RaftServerConfigKeys (ConfUtils.java:logGet(43)) - raft.server.log.appender.buffer.byte-limit = 33554432 (custom)
2019-09-26 13:14:33,423 [main] INFO  server.GrpcService (ConfUtils.java:logGet(43)) - raft.grpc.flow.control.window = 1MB (=1048576) (default)
2019-09-26 13:14:33,423 [main] INFO  server.RaftServerConfigKeys (ConfUtils.java:logGet(43)) - raft.server.rpc.request.timeout = 3000ms (default)
2019-09-26 13:14:33,423 [main] INFO  server.RaftServerConfigKeys (ConfUtils.java:logGet(43)) - raft.server.storage.dir = [/workdir/hadoop-ozone/integration-test/target/test-dir/MiniOzoneClusterImpl-f1012d8c-e23c-4237-834a-d6b3ac6768a8/datanode-2/data/ratis] (custom)
2019-09-26 13:14:33,425 [main] INFO  hdfs.DFSUtil (DFSUtil.java:httpServerTemplateForNNAndJN(1641)) - Starting Web-server for hddsDatanode at: http://0.0.0.0:0
2019-09-26 13:14:33,426 [main] INFO  server.AuthenticationFilter (AuthenticationFilter.java:constructSecretProvider(240)) - Unable to initialize FileSignerSecretProvider, falling back to use random secrets.
2019-09-26 13:14:33,427 [main] WARN  http.HttpRequestLog (HttpRequestLog.java:getRequestLog(97)) - Jetty request log can only be enabled using Log4j
2019-09-26 13:14:33,428 [main] INFO  http.HttpServer2 (HttpServer2.java:addGlobalFilter(975)) - Added global filter 'safety' (class=org.apache.hadoop.http.HttpServer2$QuotingInputFilter)
2019-09-26 13:14:33,429 [main] INFO  http.HttpServer2 (HttpServer2.java:addFilter(948)) - Added filter static_user_filter (class=org.apache.hadoop.http.lib.StaticUserWebFilter$StaticUserFilter) to context hddsDatanode
2019-09-26 13:14:33,429 [main] INFO  http.HttpServer2 (HttpServer2.java:addFilter(958)) - Added filter static_user_filter (class=org.apache.hadoop.http.lib.StaticUserWebFilter$StaticUserFilter) to context static
2019-09-26 13:14:33,429 [main] INFO  http.HttpServer2 (HttpServer2.java:addFilter(958)) - Added filter static_user_filter (class=org.apache.hadoop.http.lib.StaticUserWebFilter$StaticUserFilter) to context logs
2019-09-26 13:14:33,430 [main] INFO  http.HttpServer2 (HttpServer2.java:bindListener(1191)) - Jetty bound to port 42063
2019-09-26 13:14:33,430 [main] INFO  server.Server (Server.java:doStart(351)) - jetty-9.3.25.v20180904, build timestamp: 2018-09-04T21:11:46Z, git hash: 3ce520221d0240229c862b122d2b06c12a625732
2019-09-26 13:14:33,432 [main] INFO  handler.ContextHandler (ContextHandler.java:doStart(781)) - Started o.e.j.s.ServletContextHandler@43984213{/logs,file:///workdir/hadoop-ozone/integration-test/target/log,AVAILABLE}
2019-09-26 13:14:33,432 [main] INFO  handler.ContextHandler (ContextHandler.java:doStart(781)) - Started o.e.j.s.ServletContextHandler@38830ea{/static,jar:file:/home/user/.m2/repository/org/apache/hadoop/hadoop-hdds-container-service/0.5.0-SNAPSHOT/hadoop-hdds-container-service-0.5.0-SNAPSHOT.jar!/webapps/static,AVAILABLE}
2019-09-26 13:14:33,459 [main] INFO  handler.ContextHandler (ContextHandler.java:doStart(781)) - Started o.e.j.w.WebAppContext@135a8c6f{/,file:///tmp/jetty-0.0.0.0-42063-hddsDatanode-_-any-7163367914595489408.dir/webapp/,AVAILABLE}{/hddsDatanode}
2019-09-26 13:14:33,460 [main] INFO  server.AbstractConnector (AbstractConnector.java:doStart(278)) - Started ServerConnector@6419a0e1{HTTP/1.1,[http/1.1]}{0.0.0.0:42063}
2019-09-26 13:14:33,461 [main] INFO  server.Server (Server.java:doStart(419)) - Started @40257ms
2019-09-26 13:14:33,461 [main] WARN  impl.MetricsSystemImpl (MetricsSystemImpl.java:register(276)) - Sink prometheus already exists!
2019-09-26 13:14:33,462 [main] INFO  server.BaseHttpServer (BaseHttpServer.java:updateConnectorAddress(215)) - HTTP server of HDDSDATANODE is listening at http://0.0.0.0:42063
2019-09-26 13:14:33,462 [main] INFO  ozone.MiniOzoneClusterImpl (MiniOzoneClusterImpl.java:lambda$waitForClusterToBeReady$0(147)) - Waiting for cluster to be ready. Got 0 of 3 DN Heartbeats.
2019-09-26 13:14:33,463 [org.apache.hadoop.util.JvmPauseMonitor$Monitor@76516fa6] INFO  util.JvmPauseMonitor (JvmPauseMonitor.java:run(188)) - Starting JVM pause monitor
2019-09-26 13:14:33,465 [Datanode State Machine Thread - 0] INFO  datanode.InitDatanodeState (InitDatanodeState.java:persistContainerDatanodeDetails(140)) - DatanodeDetails is persisted to /workdir/hadoop-ozone/integration-test/target/test-dir/MiniOzoneClusterImpl-f1012d8c-e23c-4237-834a-d6b3ac6768a8/datanode-2/meta/datanode.id
2019-09-26 13:14:34,463 [main] INFO  ozone.MiniOzoneClusterImpl (MiniOzoneClusterImpl.java:lambda$waitForClusterToBeReady$0(147)) - Waiting for cluster to be ready. Got 0 of 3 DN Heartbeats.
2019-09-26 13:14:35,400 [Datanode State Machine Thread - 0] INFO  ozoneimpl.OzoneContainer (OzoneContainer.java:start(217)) - Attempting to start container services.
2019-09-26 13:14:35,401 [Datanode State Machine Thread - 0] INFO  ozoneimpl.OzoneContainer (OzoneContainer.java:startContainerScrub(179)) - Background container scanner has been disabled.
2019-09-26 13:14:35,401 [Datanode State Machine Thread - 0] INFO  ratis.XceiverServerRatis (XceiverServerRatis.java:start(411)) - Starting XceiverServerRatis 889b6bd5-667f-4014-9c6a-1d248de10fa9 at port 0
2019-09-26 13:14:35,412 [Datanode State Machine Thread - 0] INFO  impl.RaftServerProxy (RaftServerProxy.java:lambda$start$3(299)) - 889b6bd5-667f-4014-9c6a-1d248de10fa9: start RPC server
2019-09-26 13:14:35,415 [Datanode State Machine Thread - 0] INFO  server.GrpcService (GrpcService.java:startImpl(158)) - 889b6bd5-667f-4014-9c6a-1d248de10fa9: GrpcService started, listening on 0.0.0.0/0.0.0.0:35860
2019-09-26 13:14:35,416 [Datanode State Machine Thread - 0] INFO  ratis.XceiverServerRatis (XceiverServerRatis.java:start(421)) - XceiverServerRatis 889b6bd5-667f-4014-9c6a-1d248de10fa9 is started using port 35860
2019-09-26 13:14:35,418 [Datanode State Machine Thread - 0] INFO  server.XceiverServerGrpc (XceiverServerGrpc.java:start(149)) - XceiverServerGrpc 889b6bd5-667f-4014-9c6a-1d248de10fa9 is started using port 38924
2019-09-26 13:14:35,422 [Datanode State Machine Thread - 0] INFO  ozoneimpl.OzoneContainer (OzoneContainer.java:start(217)) - Attempting to start container services.
2019-09-26 13:14:35,423 [Datanode State Machine Thread - 0] INFO  ozoneimpl.OzoneContainer (OzoneContainer.java:startContainerScrub(179)) - Background container scanner has been disabled.
2019-09-26 13:14:35,423 [Datanode State Machine Thread - 0] INFO  ratis.XceiverServerRatis (XceiverServerRatis.java:start(411)) - Starting XceiverServerRatis 7356840b-7827-4030-93dd-688c3f051915 at port 0
2019-09-26 13:14:35,430 [Datanode State Machine Thread - 0] INFO  impl.RaftServerProxy (RaftServerProxy.java:lambda$start$3(299)) - 7356840b-7827-4030-93dd-688c3f051915: start RPC server
2019-09-26 13:14:35,431 [Datanode State Machine Thread - 0] INFO  server.GrpcService (GrpcService.java:startImpl(158)) - 7356840b-7827-4030-93dd-688c3f051915: GrpcService started, listening on 0.0.0.0/0.0.0.0:38100
2019-09-26 13:14:35,431 [Datanode State Machine Thread - 0] INFO  ratis.XceiverServerRatis (XceiverServerRatis.java:start(421)) - XceiverServerRatis 7356840b-7827-4030-93dd-688c3f051915 is started using port 38100
2019-09-26 13:14:35,432 [Datanode State Machine Thread - 0] INFO  server.XceiverServerGrpc (XceiverServerGrpc.java:start(149)) - XceiverServerGrpc 7356840b-7827-4030-93dd-688c3f051915 is started using port 43604
2019-09-26 13:14:35,463 [main] INFO  ozone.MiniOzoneClusterImpl (MiniOzoneClusterImpl.java:lambda$waitForClusterToBeReady$0(147)) - Waiting for cluster to be ready. Got 0 of 3 DN Heartbeats.
2019-09-26 13:14:35,481 [Datanode State Machine Thread - 0] INFO  ozoneimpl.OzoneContainer (OzoneContainer.java:start(217)) - Attempting to start container services.
2019-09-26 13:14:35,481 [Datanode State Machine Thread - 0] INFO  ozoneimpl.OzoneContainer (OzoneContainer.java:startContainerScrub(179)) - Background container scanner has been disabled.
2019-09-26 13:14:35,482 [Datanode State Machine Thread - 0] INFO  ratis.XceiverServerRatis (XceiverServerRatis.java:start(411)) - Starting XceiverServerRatis c4e1b93a-90f2-4165-be12-1b771b331b8e at port 0
2019-09-26 13:14:35,488 [Datanode State Machine Thread - 0] INFO  impl.RaftServerProxy (RaftServerProxy.java:lambda$start$3(299)) - c4e1b93a-90f2-4165-be12-1b771b331b8e: start RPC server
2019-09-26 13:14:35,491 [Datanode State Machine Thread - 0] INFO  server.GrpcService (GrpcService.java:startImpl(158)) - c4e1b93a-90f2-4165-be12-1b771b331b8e: GrpcService started, listening on 0.0.0.0/0.0.0.0:35258
2019-09-26 13:14:35,491 [Datanode State Machine Thread - 0] INFO  ratis.XceiverServerRatis (XceiverServerRatis.java:start(421)) - XceiverServerRatis c4e1b93a-90f2-4165-be12-1b771b331b8e is started using port 35258
2019-09-26 13:14:35,500 [Datanode State Machine Thread - 0] INFO  server.XceiverServerGrpc (XceiverServerGrpc.java:start(149)) - XceiverServerGrpc c4e1b93a-90f2-4165-be12-1b771b331b8e is started using port 44259
2019-09-26 13:14:36,463 [main] INFO  ozone.MiniOzoneClusterImpl (MiniOzoneClusterImpl.java:lambda$waitForClusterToBeReady$0(147)) - Waiting for cluster to be ready. Got 0 of 3 DN Heartbeats.
2019-09-26 13:14:37,339 [IPC Server handler 0 on 38329] INFO  net.NetworkTopology (NetworkTopologyImpl.java:add(111)) - Added a new node: /default-rack/889b6bd5-667f-4014-9c6a-1d248de10fa9
2019-09-26 13:14:37,340 [IPC Server handler 0 on 38329] INFO  node.SCMNodeManager (SCMNodeManager.java:register(266)) - Registered Data node : 889b6bd5-667f-4014-9c6a-1d248de10fa9{ip: 192.168.164.238, host: pr-hdds-1569-87zkn-1081879488, networkLocation: /default-rack, certSerialId: null}
2019-09-26 13:14:37,341 [EventQueue-NodeRegistrationContainerReportForDataNodeSafeModeRule] INFO  safemode.SCMSafeModeManager (DataNodeSafeModeRule.java:process(71)) - SCM in safe mode. 1 DataNodes registered, 1 required.
2019-09-26 13:14:37,342 [EventQueue-NodeRegistrationContainerReportForDataNodeSafeModeRule] INFO  safemode.SCMSafeModeManager (SCMSafeModeManager.java:validateSafeModeExitRules(177)) - ScmSafeModeManager, all rules are successfully validated
2019-09-26 13:14:37,342 [EventQueue-NodeRegistrationContainerReportForDataNodeSafeModeRule] INFO  safemode.SCMSafeModeManager (SCMSafeModeManager.java:exitSafeMode(193)) - SCM exiting safe mode.
2019-09-26 13:14:37,356 [grpc-default-executor-0] INFO  impl.RaftServerProxy (RaftServerProxy.java:addNew(89)) - 889b6bd5-667f-4014-9c6a-1d248de10fa9: addNew group-E9911691E33A:[889b6bd5-667f-4014-9c6a-1d248de10fa9:192.168.164.238:35860] returns group-E9911691E33A:java.util.concurrent.CompletableFuture@6238c8db[Not completed]
2019-09-26 13:14:37,358 [pool-127-thread-1] INFO  impl.RaftServerImpl (RaftServerImpl.java:<init>(95)) - 889b6bd5-667f-4014-9c6a-1d248de10fa9: new RaftServerImpl for group-E9911691E33A:[889b6bd5-667f-4014-9c6a-1d248de10fa9:192.168.164.238:35860] with ContainerStateMachine:uninitialized
2019-09-26 13:14:37,358 [pool-127-thread-1] INFO  server.RaftServerConfigKeys (ConfUtils.java:logGet(43)) - raft.server.rpc.timeout.min = 5s (custom)
2019-09-26 13:14:37,358 [pool-127-thread-1] INFO  server.RaftServerConfigKeys (ConfUtils.java:logGet(43)) - raft.server.rpc.timeout.max = 5200ms (custom)
2019-09-26 13:14:37,358 [pool-127-thread-1] INFO  server.RaftServerConfigKeys (ConfUtils.java:logGet(43)) - raft.server.rpcslowness.timeout = 120s (custom)
2019-09-26 13:14:37,359 [pool-127-thread-1] INFO  server.RaftServerConfigKeys (ConfUtils.java:logGet(43)) - raft.server.sleep.deviation.threshold = 300 (default)
2019-09-26 13:14:37,359 [pool-127-thread-1] INFO  server.RaftServerConfigKeys (ConfUtils.java:logGet(43)) - raft.server.log.appender.install.snapshot.enabled = false (custom)
2019-09-26 13:14:37,359 [pool-127-thread-1] INFO  impl.RaftServerImpl (ServerState.java:<init>(103)) - 889b6bd5-667f-4014-9c6a-1d248de10fa9@group-E9911691E33A: ConfigurationManager, init=-1: [889b6bd5-667f-4014-9c6a-1d248de10fa9:192.168.164.238:35860], old=null, confs=<EMPTY_MAP>
2019-09-26 13:14:37,359 [pool-127-thread-1] INFO  server.RaftServerConfigKeys (ConfUtils.java:logGet(43)) - raft.server.storage.dir = [/workdir/hadoop-ozone/integration-test/target/test-dir/MiniOzoneClusterImpl-f1012d8c-e23c-4237-834a-d6b3ac6768a8/datanode-0/data/ratis] (custom)
2019-09-26 13:14:37,359 [pool-127-thread-1] INFO  storage.RaftStorageDirectory (RaftStorageDirectory.java:analyzeStorage(246)) - The storage directory /workdir/hadoop-ozone/integration-test/target/test-dir/MiniOzoneClusterImpl-f1012d8c-e23c-4237-834a-d6b3ac6768a8/datanode-0/data/ratis/e0009087-c53b-4b45-8d20-e9911691e33a does not exist. Creating ...
2019-09-26 13:14:37,372 [pool-127-thread-1] INFO  storage.RaftStorageDirectory (RaftStorageDirectory.java:tryLock(328)) - Lock on /workdir/hadoop-ozone/integration-test/target/test-dir/MiniOzoneClusterImpl-f1012d8c-e23c-4237-834a-d6b3ac6768a8/datanode-0/data/ratis/e0009087-c53b-4b45-8d20-e9911691e33a/in_use.lock acquired by nodename 10026@pr-hdds-1569-87zkn-1081879488
2019-09-26 13:14:37,398 [pool-127-thread-1] INFO  storage.RaftStorage (RaftStorage.java:format(72)) - Storage directory /workdir/hadoop-ozone/integration-test/target/test-dir/MiniOzoneClusterImpl-f1012d8c-e23c-4237-834a-d6b3ac6768a8/datanode-0/data/ratis/e0009087-c53b-4b45-8d20-e9911691e33a has been successfully formatted.
2019-09-26 13:14:37,398 [pool-127-thread-1] INFO  ratis.ContainerStateMachine (ContainerStateMachine.java:loadSnapshot(230)) - group-E9911691E33A: The snapshot info is null. Setting the last applied indexto:(t:0, i:~)
2019-09-26 13:14:37,398 [pool-127-thread-1] INFO  server.RaftServerConfigKeys (ConfUtils.java:logGet(43)) - raft.server.notification.no-leader.timeout = 120s (custom)
2019-09-26 13:14:37,399 [pool-127-thread-1] INFO  server.RaftServerConfigKeys (ConfUtils.java:logGet(43)) - raft.server.log.use.memory = false (default)
2019-09-26 13:14:37,399 [pool-127-thread-1] INFO  server.RaftServerConfigKeys (ConfUtils.java:logGet(43)) - raft.server.log.purge.gap = 1000000 (custom)
2019-09-26 13:14:37,399 [pool-127-thread-1] INFO  server.RaftServerConfigKeys (ConfUtils.java:logGet(43)) - raft.server.log.appender.buffer.byte-limit = 33554432 (custom)
2019-09-26 13:14:37,399 [pool-127-thread-1] INFO  server.RaftServerConfigKeys (ConfUtils.java:logGet(43)) - raft.server.log.segment.size.max = 1048576 (custom)
2019-09-26 13:14:37,399 [pool-127-thread-1] INFO  server.RaftServerConfigKeys (ConfUtils.java:logGet(43)) - raft.server.log.segment.cache.num.max = 2 (custom)
2019-09-26 13:14:37,400 [pool-127-thread-1] INFO  segmented.SegmentedRaftLogWorker (SegmentedRaftLogWorker.java:<init>(172)) - new 889b6bd5-667f-4014-9c6a-1d248de10fa9@group-E9911691E33A-SegmentedRaftLogWorker for RaftStorage:Storage Directory /workdir/hadoop-ozone/integration-test/target/test-dir/MiniOzoneClusterImpl-f1012d8c-e23c-4237-834a-d6b3ac6768a8/datanode-0/data/ratis/e0009087-c53b-4b45-8d20-e9911691e33a
2019-09-26 13:14:37,404 [pool-127-thread-1] INFO  server.RaftServerConfigKeys (ConfUtils.java:logGet(43)) - raft.server.log.queue.byte-limit = 2147483647 (custom)
2019-09-26 13:14:37,404 [pool-127-thread-1] INFO  server.RaftServerConfigKeys (ConfUtils.java:logGet(43)) - raft.server.log.queue.element-limit = 1024 (custom)
2019-09-26 13:14:37,404 [IPC Server handler 1 on 38329] INFO  net.NetworkTopology (NetworkTopologyImpl.java:add(111)) - Added a new node: /default-rack/7356840b-7827-4030-93dd-688c3f051915
2019-09-26 13:14:37,404 [pool-127-thread-1] INFO  server.RaftServerConfigKeys (ConfUtils.java:logGet(43)) - raft.server.log.segment.size.max = 1048576 (custom)
2019-09-26 13:14:37,405 [IPC Server handler 1 on 38329] INFO  node.SCMNodeManager (SCMNodeManager.java:register(266)) - Registered Data node : 7356840b-7827-4030-93dd-688c3f051915{ip: 192.168.164.238, host: pr-hdds-1569-87zkn-1081879488, networkLocation: /default-rack, certSerialId: null}
2019-09-26 13:14:37,405 [pool-127-thread-1] INFO  server.RaftServerConfigKeys (ConfUtils.java:logGet(43)) - raft.server.log.preallocated.size = 16384 (custom)
2019-09-26 13:14:37,405 [pool-127-thread-1] INFO  server.RaftServerConfigKeys (ConfUtils.java:logGet(43)) - raft.server.log.write.buffer.size = 33554432 (custom)
2019-09-26 13:14:37,405 [pool-127-thread-1] INFO  server.RaftServerConfigKeys (ConfUtils.java:logGet(43)) - raft.server.log.force.sync.num = 128 (default)
2019-09-26 13:14:37,405 [pool-127-thread-1] INFO  server.RaftServerConfigKeys (ConfUtils.java:logGet(43)) - raft.server.log.statemachine.data.sync = true (default)
2019-09-26 13:14:37,405 [pool-127-thread-1] INFO  server.RaftServerConfigKeys (ConfUtils.java:logGet(43)) - raft.server.log.statemachine.data.sync.timeout = 10s (default)
2019-09-26 13:14:37,405 [pool-127-thread-1] INFO  server.RaftServerConfigKeys (ConfUtils.java:logGet(43)) - raft.server.log.statemachine.data.sync.timeout.retry = -1 (default)
2019-09-26 13:14:37,406 [pool-127-thread-1] INFO  server.RaftServerConfigKeys (ConfUtils.java:logGet(43)) - raft.server.log.statemachine.data.caching.enabled = true (custom)
2019-09-26 13:14:37,406 [pool-127-thread-1] INFO  segmented.SegmentedRaftLogWorker (SegmentedRaftLogWorker.java:lambda$new$0(132)) - 889b6bd5-667f-4014-9c6a-1d248de10fa9@group-E9911691E33A-SegmentedRaftLogWorker: flushIndex: setUnconditionally 0 -> -1
2019-09-26 13:14:37,406 [pool-127-thread-1] INFO  server.RaftServerConfigKeys (ConfUtils.java:logGet(43)) - raft.server.snapshot.auto.trigger.enabled = true (custom)
2019-09-26 13:14:37,406 [pool-127-thread-1] INFO  server.RaftServerConfigKeys (ConfUtils.java:logGet(43)) - raft.server.snapshot.auto.trigger.threshold = 10000 (custom)
2019-09-26 13:14:37,407 [pool-127-thread-1] INFO  server.RaftServerConfigKeys (ConfUtils.java:logGet(43)) - raft.server.snapshot.retention.num.files = 5 (custom)
2019-09-26 13:14:37,407 [pool-127-thread-1] INFO  server.RaftServerConfigKeys (ConfUtils.java:logGet(43)) - raft.server.retrycache.expirytime = 600000ms (custom)
2019-09-26 13:14:37,409 [pool-127-thread-1] INFO  impl.RaftServerImpl (RaftServerImpl.java:start(185)) - 889b6bd5-667f-4014-9c6a-1d248de10fa9@group-E9911691E33A: start as a follower, conf=-1: [889b6bd5-667f-4014-9c6a-1d248de10fa9:192.168.164.238:35860], old=null
2019-09-26 13:14:37,409 [pool-127-thread-1] INFO  impl.RaftServerImpl (RaftServerImpl.java:setRole(174)) - 889b6bd5-667f-4014-9c6a-1d248de10fa9@group-E9911691E33A: changes role from      null to FOLLOWER at term 0 for startAsFollower
2019-09-26 13:14:37,409 [pool-127-thread-1] INFO  impl.RoleInfo (RoleInfo.java:updateAndGet(143)) - 889b6bd5-667f-4014-9c6a-1d248de10fa9: start FollowerState
2019-09-26 13:14:37,409 [pool-127-thread-1] INFO  util.JmxRegister (JmxRegister.java:tryRegister(44)) - Successfully registered JMX Bean with object name Ratis:service=RaftServer,group=group-E9911691E33A,id=889b6bd5-667f-4014-9c6a-1d248de10fa9
2019-09-26 13:14:37,428 [RatisPipelineUtilsThread] INFO  pipeline.PipelineStateManager (PipelineStateManager.java:addPipeline(56)) - Created pipeline Pipeline[ Id: e0009087-c53b-4b45-8d20-e9911691e33a, Nodes: 889b6bd5-667f-4014-9c6a-1d248de10fa9{ip: 192.168.164.238, host: pr-hdds-1569-87zkn-1081879488, networkLocation: /default-rack, certSerialId: null}, Type:RATIS, Factor:ONE, State:OPEN]
2019-09-26 13:14:37,437 [grpc-default-executor-0] INFO  impl.RaftServerProxy (RaftServerProxy.java:addNew(89)) - 889b6bd5-667f-4014-9c6a-1d248de10fa9: addNew group-CAF3EF1F9B55:[889b6bd5-667f-4014-9c6a-1d248de10fa9:192.168.164.238:35860] returns group-CAF3EF1F9B55:java.util.concurrent.CompletableFuture@53906d2e[Not completed]
2019-09-26 13:14:37,438 [pool-127-thread-1] INFO  impl.RaftServerImpl (RaftServerImpl.java:<init>(95)) - 889b6bd5-667f-4014-9c6a-1d248de10fa9: new RaftServerImpl for group-CAF3EF1F9B55:[889b6bd5-667f-4014-9c6a-1d248de10fa9:192.168.164.238:35860] with ContainerStateMachine:uninitialized
2019-09-26 13:14:37,438 [pool-127-thread-1] INFO  server.RaftServerConfigKeys (ConfUtils.java:logGet(43)) - raft.server.rpc.timeout.min = 5s (custom)
2019-09-26 13:14:37,438 [pool-127-thread-1] INFO  server.RaftServerConfigKeys (ConfUtils.java:logGet(43)) - raft.server.rpc.timeout.max = 5200ms (custom)
2019-09-26 13:14:37,438 [pool-127-thread-1] INFO  server.RaftServerConfigKeys (ConfUtils.java:logGet(43)) - raft.server.rpcslowness.timeout = 120s (custom)
2019-09-26 13:14:37,438 [pool-127-thread-1] INFO  server.RaftServerConfigKeys (ConfUtils.java:logGet(43)) - raft.server.sleep.deviation.threshold = 300 (default)
2019-09-26 13:14:37,438 [pool-127-thread-1] INFO  server.RaftServerConfigKeys (ConfUtils.java:logGet(43)) - raft.server.log.appender.install.snapshot.enabled = false (custom)
2019-09-26 13:14:37,439 [pool-127-thread-1] INFO  impl.RaftServerImpl (ServerState.java:<init>(103)) - 889b6bd5-667f-4014-9c6a-1d248de10fa9@group-CAF3EF1F9B55: ConfigurationManager, init=-1: [889b6bd5-667f-4014-9c6a-1d248de10fa9:192.168.164.238:35860], old=null, confs=<EMPTY_MAP>
2019-09-26 13:14:37,439 [pool-127-thread-1] INFO  server.RaftServerConfigKeys (ConfUtils.java:logGet(43)) - raft.server.storage.dir = [/workdir/hadoop-ozone/integration-test/target/test-dir/MiniOzoneClusterImpl-f1012d8c-e23c-4237-834a-d6b3ac6768a8/datanode-0/data/ratis] (custom)
2019-09-26 13:14:37,439 [pool-127-thread-1] INFO  storage.RaftStorageDirectory (RaftStorageDirectory.java:analyzeStorage(246)) - The storage directory /workdir/hadoop-ozone/integration-test/target/test-dir/MiniOzoneClusterImpl-f1012d8c-e23c-4237-834a-d6b3ac6768a8/datanode-0/data/ratis/82f7a86e-676c-4c6e-9bfe-caf3ef1f9b55 does not exist. Creating ...
2019-09-26 13:14:37,444 [pool-127-thread-1] INFO  storage.RaftStorageDirectory (RaftStorageDirectory.java:tryLock(328)) - Lock on /workdir/hadoop-ozone/integration-test/target/test-dir/MiniOzoneClusterImpl-f1012d8c-e23c-4237-834a-d6b3ac6768a8/datanode-0/data/ratis/82f7a86e-676c-4c6e-9bfe-caf3ef1f9b55/in_use.lock acquired by nodename 10026@pr-hdds-1569-87zkn-1081879488
2019-09-26 13:14:37,454 [pool-127-thread-1] INFO  storage.RaftStorage (RaftStorage.java:format(72)) - Storage directory /workdir/hadoop-ozone/integration-test/target/test-dir/MiniOzoneClusterImpl-f1012d8c-e23c-4237-834a-d6b3ac6768a8/datanode-0/data/ratis/82f7a86e-676c-4c6e-9bfe-caf3ef1f9b55 has been successfully formatted.
2019-09-26 13:14:37,454 [pool-127-thread-1] INFO  ratis.ContainerStateMachine (ContainerStateMachine.java:loadSnapshot(230)) - group-CAF3EF1F9B55: The snapshot info is null. Setting the last applied indexto:(t:0, i:~)
2019-09-26 13:14:37,454 [pool-127-thread-1] INFO  server.RaftServerConfigKeys (ConfUtils.java:logGet(43)) - raft.server.notification.no-leader.timeout = 120s (custom)
2019-09-26 13:14:37,455 [pool-127-thread-1] INFO  server.RaftServerConfigKeys (ConfUtils.java:logGet(43)) - raft.server.log.use.memory = false (default)
2019-09-26 13:14:37,455 [pool-127-thread-1] INFO  server.RaftServerConfigKeys (ConfUtils.java:logGet(43)) - raft.server.log.purge.gap = 1000000 (custom)
2019-09-26 13:14:37,455 [pool-127-thread-1] INFO  server.RaftServerConfigKeys (ConfUtils.java:logGet(43)) - raft.server.log.appender.buffer.byte-limit = 33554432 (custom)
2019-09-26 13:14:37,455 [pool-127-thread-1] INFO  server.RaftServerConfigKeys (ConfUtils.java:logGet(43)) - raft.server.log.segment.size.max = 1048576 (custom)
2019-09-26 13:14:37,455 [pool-127-thread-1] INFO  server.RaftServerConfigKeys (ConfUtils.java:logGet(43)) - raft.server.log.segment.cache.num.max = 2 (custom)
2019-09-26 13:14:37,455 [pool-127-thread-1] INFO  segmented.SegmentedRaftLogWorker (SegmentedRaftLogWorker.java:<init>(172)) - new 889b6bd5-667f-4014-9c6a-1d248de10fa9@group-CAF3EF1F9B55-SegmentedRaftLogWorker for RaftStorage:Storage Directory /workdir/hadoop-ozone/integration-test/target/test-dir/MiniOzoneClusterImpl-f1012d8c-e23c-4237-834a-d6b3ac6768a8/datanode-0/data/ratis/82f7a86e-676c-4c6e-9bfe-caf3ef1f9b55
2019-09-26 13:14:37,455 [pool-127-thread-1] INFO  server.RaftServerConfigKeys (ConfUtils.java:logGet(43)) - raft.server.log.queue.byte-limit = 2147483647 (custom)
2019-09-26 13:14:37,455 [pool-127-thread-1] INFO  server.RaftServerConfigKeys (ConfUtils.java:logGet(43)) - raft.server.log.queue.element-limit = 1024 (custom)
2019-09-26 13:14:37,456 [pool-127-thread-1] INFO  server.RaftServerConfigKeys (ConfUtils.java:logGet(43)) - raft.server.log.segment.size.max = 1048576 (custom)
2019-09-26 13:14:37,456 [pool-127-thread-1] INFO  server.RaftServerConfigKeys (ConfUtils.java:logGet(43)) - raft.server.log.preallocated.size = 16384 (custom)
2019-09-26 13:14:37,456 [pool-127-thread-1] INFO  server.RaftServerConfigKeys (ConfUtils.java:logGet(43)) - raft.server.log.write.buffer.size = 33554432 (custom)
2019-09-26 13:14:37,456 [pool-127-thread-1] INFO  server.RaftServerConfigKeys (ConfUtils.java:logGet(43)) - raft.server.log.force.sync.num = 128 (default)
2019-09-26 13:14:37,456 [pool-127-thread-1] INFO  server.RaftServerConfigKeys (ConfUtils.java:logGet(43)) - raft.server.log.statemachine.data.sync = true (default)
2019-09-26 13:14:37,456 [pool-127-thread-1] INFO  server.RaftServerConfigKeys (ConfUtils.java:logGet(43)) - raft.server.log.statemachine.data.sync.timeout = 10s (default)
2019-09-26 13:14:37,456 [pool-127-thread-1] INFO  server.RaftServerConfigKeys (ConfUtils.java:logGet(43)) - raft.server.log.statemachine.data.sync.timeout.retry = -1 (default)
2019-09-26 13:14:37,456 [pool-127-thread-1] INFO  server.RaftServerConfigKeys (ConfUtils.java:logGet(43)) - raft.server.log.statemachine.data.caching.enabled = true (custom)
2019-09-26 13:14:37,457 [pool-127-thread-1] INFO  segmented.SegmentedRaftLogWorker (SegmentedRaftLogWorker.java:lambda$new$0(132)) - 889b6bd5-667f-4014-9c6a-1d248de10fa9@group-CAF3EF1F9B55-SegmentedRaftLogWorker: flushIndex: setUnconditionally 0 -> -1
2019-09-26 13:14:37,457 [pool-127-thread-1] INFO  server.RaftServerConfigKeys (ConfUtils.java:logGet(43)) - raft.server.snapshot.auto.trigger.enabled = true (custom)
2019-09-26 13:14:37,457 [pool-127-thread-1] INFO  server.RaftServerConfigKeys (ConfUtils.java:logGet(43)) - raft.server.snapshot.auto.trigger.threshold = 10000 (custom)
2019-09-26 13:14:37,457 [pool-127-thread-1] INFO  server.RaftServerConfigKeys (ConfUtils.java:logGet(43)) - raft.server.snapshot.retention.num.files = 5 (custom)
2019-09-26 13:14:37,457 [pool-127-thread-1] INFO  server.RaftServerConfigKeys (ConfUtils.java:logGet(43)) - raft.server.retrycache.expirytime = 600000ms (custom)
2019-09-26 13:14:37,459 [pool-127-thread-1] INFO  impl.RaftServerImpl (RaftServerImpl.java:start(185)) - 889b6bd5-667f-4014-9c6a-1d248de10fa9@group-CAF3EF1F9B55: start as a follower, conf=-1: [889b6bd5-667f-4014-9c6a-1d248de10fa9:192.168.164.238:35860], old=null
2019-09-26 13:14:37,459 [pool-127-thread-1] INFO  impl.RaftServerImpl (RaftServerImpl.java:setRole(174)) - 889b6bd5-667f-4014-9c6a-1d248de10fa9@group-CAF3EF1F9B55: changes role from      null to FOLLOWER at term 0 for startAsFollower
2019-09-26 13:14:37,459 [pool-127-thread-1] INFO  impl.RoleInfo (RoleInfo.java:updateAndGet(143)) - 889b6bd5-667f-4014-9c6a-1d248de10fa9: start FollowerState
2019-09-26 13:14:37,459 [pool-127-thread-1] INFO  util.JmxRegister (JmxRegister.java:tryRegister(44)) - Successfully registered JMX Bean with object name Ratis:service=RaftServer,group=group-CAF3EF1F9B55,id=889b6bd5-667f-4014-9c6a-1d248de10fa9
2019-09-26 13:14:37,463 [RatisPipelineUtilsThread] INFO  pipeline.PipelineStateManager (PipelineStateManager.java:addPipeline(56)) - Created pipeline Pipeline[ Id: 82f7a86e-676c-4c6e-9bfe-caf3ef1f9b55, Nodes: 889b6bd5-667f-4014-9c6a-1d248de10fa9{ip: 192.168.164.238, host: pr-hdds-1569-87zkn-1081879488, networkLocation: /default-rack, certSerialId: null}, Type:RATIS, Factor:ONE, State:OPEN]
2019-09-26 13:14:37,464 [main] INFO  ozone.MiniOzoneClusterImpl (MiniOzoneClusterImpl.java:lambda$waitForClusterToBeReady$0(147)) - Waiting for cluster to be ready. Got 2 of 3 DN Heartbeats.
2019-09-26 13:14:37,473 [IPC Server handler 4 on 38329] INFO  net.NetworkTopology (NetworkTopologyImpl.java:add(111)) - Added a new node: /default-rack/c4e1b93a-90f2-4165-be12-1b771b331b8e
2019-09-26 13:14:37,473 [IPC Server handler 4 on 38329] INFO  node.SCMNodeManager (SCMNodeManager.java:register(266)) - Registered Data node : c4e1b93a-90f2-4165-be12-1b771b331b8e{ip: 192.168.164.238, host: pr-hdds-1569-87zkn-1081879488, networkLocation: /default-rack, certSerialId: null}
2019-09-26 13:14:37,478 [grpc-default-executor-0] INFO  impl.RaftServerProxy (RaftServerProxy.java:addNew(89)) - 7356840b-7827-4030-93dd-688c3f051915: addNew group-D57DC693E806:[7356840b-7827-4030-93dd-688c3f051915:192.168.164.238:38100] returns group-D57DC693E806:java.util.concurrent.CompletableFuture@218dc0d5[Not completed]
2019-09-26 13:14:37,479 [pool-137-thread-1] INFO  impl.RaftServerImpl (RaftServerImpl.java:<init>(95)) - 7356840b-7827-4030-93dd-688c3f051915: new RaftServerImpl for group-D57DC693E806:[7356840b-7827-4030-93dd-688c3f051915:192.168.164.238:38100] with ContainerStateMachine:uninitialized
2019-09-26 13:14:37,479 [pool-137-thread-1] INFO  server.RaftServerConfigKeys (ConfUtils.java:logGet(43)) - raft.server.rpc.timeout.min = 5s (custom)
2019-09-26 13:14:37,479 [pool-137-thread-1] INFO  server.RaftServerConfigKeys (ConfUtils.java:logGet(43)) - raft.server.rpc.timeout.max = 5200ms (custom)
2019-09-26 13:14:37,480 [pool-137-thread-1] INFO  server.RaftServerConfigKeys (ConfUtils.java:logGet(43)) - raft.server.rpcslowness.timeout = 120s (custom)
2019-09-26 13:14:37,480 [pool-137-thread-1] INFO  server.RaftServerConfigKeys (ConfUtils.java:logGet(43)) - raft.server.sleep.deviation.threshold = 300 (default)
2019-09-26 13:14:37,480 [pool-137-thread-1] INFO  server.RaftServerConfigKeys (ConfUtils.java:logGet(43)) - raft.server.log.appender.install.snapshot.enabled = false (custom)
2019-09-26 13:14:37,480 [pool-137-thread-1] INFO  impl.RaftServerImpl (ServerState.java:<init>(103)) - 7356840b-7827-4030-93dd-688c3f051915@group-D57DC693E806: ConfigurationManager, init=-1: [7356840b-7827-4030-93dd-688c3f051915:192.168.164.238:38100], old=null, confs=<EMPTY_MAP>
2019-09-26 13:14:37,480 [pool-137-thread-1] INFO  server.RaftServerConfigKeys (ConfUtils.java:logGet(43)) - raft.server.storage.dir = [/workdir/hadoop-ozone/integration-test/target/test-dir/MiniOzoneClusterImpl-f1012d8c-e23c-4237-834a-d6b3ac6768a8/datanode-1/data/ratis] (custom)
2019-09-26 13:14:37,480 [pool-137-thread-1] INFO  storage.RaftStorageDirectory (RaftStorageDirectory.java:analyzeStorage(246)) - The storage directory /workdir/hadoop-ozone/integration-test/target/test-dir/MiniOzoneClusterImpl-f1012d8c-e23c-4237-834a-d6b3ac6768a8/datanode-1/data/ratis/43cc4977-fb15-4416-8479-d57dc693e806 does not exist. Creating ...
2019-09-26 13:14:37,500 [pool-137-thread-1] INFO  storage.RaftStorageDirectory (RaftStorageDirectory.java:tryLock(328)) - Lock on /workdir/hadoop-ozone/integration-test/target/test-dir/MiniOzoneClusterImpl-f1012d8c-e23c-4237-834a-d6b3ac6768a8/datanode-1/data/ratis/43cc4977-fb15-4416-8479-d57dc693e806/in_use.lock acquired by nodename 10026@pr-hdds-1569-87zkn-1081879488
2019-09-26 13:14:37,528 [pool-137-thread-1] INFO  storage.RaftStorage (RaftStorage.java:format(72)) - Storage directory /workdir/hadoop-ozone/integration-test/target/test-dir/MiniOzoneClusterImpl-f1012d8c-e23c-4237-834a-d6b3ac6768a8/datanode-1/data/ratis/43cc4977-fb15-4416-8479-d57dc693e806 has been successfully formatted.
2019-09-26 13:14:37,529 [pool-137-thread-1] INFO  ratis.ContainerStateMachine (ContainerStateMachine.java:loadSnapshot(230)) - group-D57DC693E806: The snapshot info is null. Setting the last applied indexto:(t:0, i:~)
2019-09-26 13:14:37,529 [pool-137-thread-1] INFO  server.RaftServerConfigKeys (ConfUtils.java:logGet(43)) - raft.server.notification.no-leader.timeout = 120s (custom)
2019-09-26 13:14:37,529 [pool-137-thread-1] INFO  server.RaftServerConfigKeys (ConfUtils.java:logGet(43)) - raft.server.log.use.memory = false (default)
2019-09-26 13:14:37,529 [pool-137-thread-1] INFO  server.RaftServerConfigKeys (ConfUtils.java:logGet(43)) - raft.server.log.purge.gap = 1000000 (custom)
2019-09-26 13:14:37,529 [pool-137-thread-1] INFO  server.RaftServerConfigKeys (ConfUtils.java:logGet(43)) - raft.server.log.appender.buffer.byte-limit = 33554432 (custom)
2019-09-26 13:14:37,529 [pool-137-thread-1] INFO  server.RaftServerConfigKeys (ConfUtils.java:logGet(43)) - raft.server.log.segment.size.max = 1048576 (custom)
2019-09-26 13:14:37,530 [pool-137-thread-1] INFO  server.RaftServerConfigKeys (ConfUtils.java:logGet(43)) - raft.server.log.segment.cache.num.max = 2 (custom)
2019-09-26 13:14:37,530 [pool-137-thread-1] INFO  segmented.SegmentedRaftLogWorker (SegmentedRaftLogWorker.java:<init>(172)) - new 7356840b-7827-4030-93dd-688c3f051915@group-D57DC693E806-SegmentedRaftLogWorker for RaftStorage:Storage Directory /workdir/hadoop-ozone/integration-test/target/test-dir/MiniOzoneClusterImpl-f1012d8c-e23c-4237-834a-d6b3ac6768a8/datanode-1/data/ratis/43cc4977-fb15-4416-8479-d57dc693e806
2019-09-26 13:14:37,532 [pool-137-thread-1] INFO  server.RaftServerConfigKeys (ConfUtils.java:logGet(43)) - raft.server.log.queue.byte-limit = 2147483647 (custom)
2019-09-26 13:14:37,532 [pool-137-thread-1] INFO  server.RaftServerConfigKeys (ConfUtils.java:logGet(43)) - raft.server.log.queue.element-limit = 1024 (custom)
2019-09-26 13:14:37,532 [pool-137-thread-1] INFO  server.RaftServerConfigKeys (ConfUtils.java:logGet(43)) - raft.server.log.segment.size.max = 1048576 (custom)
2019-09-26 13:14:37,532 [pool-137-thread-1] INFO  server.RaftServerConfigKeys (ConfUtils.java:logGet(43)) - raft.server.log.preallocated.size = 16384 (custom)
2019-09-26 13:14:37,532 [pool-137-thread-1] INFO  server.RaftServerConfigKeys (ConfUtils.java:logGet(43)) - raft.server.log.write.buffer.size = 33554432 (custom)
2019-09-26 13:14:37,532 [pool-137-thread-1] INFO  server.RaftServerConfigKeys (ConfUtils.java:logGet(43)) - raft.server.log.force.sync.num = 128 (default)
2019-09-26 13:14:37,532 [pool-137-thread-1] INFO  server.RaftServerConfigKeys (ConfUtils.java:logGet(43)) - raft.server.log.statemachine.data.sync = true (default)
2019-09-26 13:14:37,533 [pool-137-thread-1] INFO  server.RaftServerConfigKeys (ConfUtils.java:logGet(43)) - raft.server.log.statemachine.data.sync.timeout = 10s (default)
2019-09-26 13:14:37,533 [pool-137-thread-1] INFO  server.RaftServerConfigKeys (ConfUtils.java:logGet(43)) - raft.server.log.statemachine.data.sync.timeout.retry = -1 (default)
2019-09-26 13:14:37,533 [pool-137-thread-1] INFO  server.RaftServerConfigKeys (ConfUtils.java:logGet(43)) - raft.server.log.statemachine.data.caching.enabled = true (custom)
2019-09-26 13:14:37,533 [pool-137-thread-1] INFO  segmented.SegmentedRaftLogWorker (SegmentedRaftLogWorker.java:lambda$new$0(132)) - 7356840b-7827-4030-93dd-688c3f051915@group-D57DC693E806-SegmentedRaftLogWorker: flushIndex: setUnconditionally 0 -> -1
2019-09-26 13:14:37,533 [pool-137-thread-1] INFO  server.RaftServerConfigKeys (ConfUtils.java:logGet(43)) - raft.server.snapshot.auto.trigger.enabled = true (custom)
2019-09-26 13:14:37,534 [pool-137-thread-1] INFO  server.RaftServerConfigKeys (ConfUtils.java:logGet(43)) - raft.server.snapshot.auto.trigger.threshold = 10000 (custom)
2019-09-26 13:14:37,534 [pool-137-thread-1] INFO  server.RaftServerConfigKeys (ConfUtils.java:logGet(43)) - raft.server.snapshot.retention.num.files = 5 (custom)
2019-09-26 13:14:37,534 [pool-137-thread-1] INFO  server.RaftServerConfigKeys (ConfUtils.java:logGet(43)) - raft.server.retrycache.expirytime = 600000ms (custom)
2019-09-26 13:14:37,535 [pool-137-thread-1] INFO  impl.RaftServerImpl (RaftServerImpl.java:start(185)) - 7356840b-7827-4030-93dd-688c3f051915@group-D57DC693E806: start as a follower, conf=-1: [7356840b-7827-4030-93dd-688c3f051915:192.168.164.238:38100], old=null
2019-09-26 13:14:37,535 [pool-137-thread-1] INFO  impl.RaftServerImpl (RaftServerImpl.java:setRole(174)) - 7356840b-7827-4030-93dd-688c3f051915@group-D57DC693E806: changes role from      null to FOLLOWER at term 0 for startAsFollower
2019-09-26 13:14:37,536 [pool-137-thread-1] INFO  impl.RoleInfo (RoleInfo.java:updateAndGet(143)) - 7356840b-7827-4030-93dd-688c3f051915: start FollowerState
2019-09-26 13:14:37,536 [pool-137-thread-1] INFO  util.JmxRegister (JmxRegister.java:tryRegister(44)) - Successfully registered JMX Bean with object name Ratis:service=RaftServer,group=group-D57DC693E806,id=7356840b-7827-4030-93dd-688c3f051915
2019-09-26 13:14:37,540 [RatisPipelineUtilsThread] INFO  pipeline.PipelineStateManager (PipelineStateManager.java:addPipeline(56)) - Created pipeline Pipeline[ Id: 43cc4977-fb15-4416-8479-d57dc693e806, Nodes: 7356840b-7827-4030-93dd-688c3f051915{ip: 192.168.164.238, host: pr-hdds-1569-87zkn-1081879488, networkLocation: /default-rack, certSerialId: null}, Type:RATIS, Factor:ONE, State:OPEN]
2019-09-26 13:14:37,554 [grpc-default-executor-0] INFO  impl.RaftServerProxy (RaftServerProxy.java:addNew(89)) - 7356840b-7827-4030-93dd-688c3f051915: addNew group-707BFB4992F8:[7356840b-7827-4030-93dd-688c3f051915:192.168.164.238:38100] returns group-707BFB4992F8:java.util.concurrent.CompletableFuture@3d497298[Not completed]
2019-09-26 13:14:37,555 [pool-137-thread-1] INFO  impl.RaftServerImpl (RaftServerImpl.java:<init>(95)) - 7356840b-7827-4030-93dd-688c3f051915: new RaftServerImpl for group-707BFB4992F8:[7356840b-7827-4030-93dd-688c3f051915:192.168.164.238:38100] with ContainerStateMachine:uninitialized
2019-09-26 13:14:37,555 [pool-137-thread-1] INFO  server.RaftServerConfigKeys (ConfUtils.java:logGet(43)) - raft.server.rpc.timeout.min = 5s (custom)
2019-09-26 13:14:37,555 [pool-137-thread-1] INFO  server.RaftServerConfigKeys (ConfUtils.java:logGet(43)) - raft.server.rpc.timeout.max = 5200ms (custom)
2019-09-26 13:14:37,555 [pool-137-thread-1] INFO  server.RaftServerConfigKeys (ConfUtils.java:logGet(43)) - raft.server.rpcslowness.timeout = 120s (custom)
2019-09-26 13:14:37,555 [pool-137-thread-1] INFO  server.RaftServerConfigKeys (ConfUtils.java:logGet(43)) - raft.server.sleep.deviation.threshold = 300 (default)
2019-09-26 13:14:37,555 [pool-137-thread-1] INFO  server.RaftServerConfigKeys (ConfUtils.java:logGet(43)) - raft.server.log.appender.install.snapshot.enabled = false (custom)
2019-09-26 13:14:37,555 [pool-137-thread-1] INFO  impl.RaftServerImpl (ServerState.java:<init>(103)) - 7356840b-7827-4030-93dd-688c3f051915@group-707BFB4992F8: ConfigurationManager, init=-1: [7356840b-7827-4030-93dd-688c3f051915:192.168.164.238:38100], old=null, confs=<EMPTY_MAP>
2019-09-26 13:14:37,555 [pool-137-thread-1] INFO  server.RaftServerConfigKeys (ConfUtils.java:logGet(43)) - raft.server.storage.dir = [/workdir/hadoop-ozone/integration-test/target/test-dir/MiniOzoneClusterImpl-f1012d8c-e23c-4237-834a-d6b3ac6768a8/datanode-1/data/ratis] (custom)
2019-09-26 13:14:37,556 [pool-137-thread-1] INFO  storage.RaftStorageDirectory (RaftStorageDirectory.java:analyzeStorage(246)) - The storage directory /workdir/hadoop-ozone/integration-test/target/test-dir/MiniOzoneClusterImpl-f1012d8c-e23c-4237-834a-d6b3ac6768a8/datanode-1/data/ratis/9ffd68aa-a5a8-47c4-9c69-707bfb4992f8 does not exist. Creating ...
2019-09-26 13:14:37,572 [pool-137-thread-1] INFO  storage.RaftStorageDirectory (RaftStorageDirectory.java:tryLock(328)) - Lock on /workdir/hadoop-ozone/integration-test/target/test-dir/MiniOzoneClusterImpl-f1012d8c-e23c-4237-834a-d6b3ac6768a8/datanode-1/data/ratis/9ffd68aa-a5a8-47c4-9c69-707bfb4992f8/in_use.lock acquired by nodename 10026@pr-hdds-1569-87zkn-1081879488
2019-09-26 13:14:37,588 [pool-137-thread-1] INFO  storage.RaftStorage (RaftStorage.java:format(72)) - Storage directory /workdir/hadoop-ozone/integration-test/target/test-dir/MiniOzoneClusterImpl-f1012d8c-e23c-4237-834a-d6b3ac6768a8/datanode-1/data/ratis/9ffd68aa-a5a8-47c4-9c69-707bfb4992f8 has been successfully formatted.
2019-09-26 13:14:37,588 [pool-137-thread-1] INFO  ratis.ContainerStateMachine (ContainerStateMachine.java:loadSnapshot(230)) - group-707BFB4992F8: The snapshot info is null. Setting the last applied indexto:(t:0, i:~)
2019-09-26 13:14:37,588 [pool-137-thread-1] INFO  server.RaftServerConfigKeys (ConfUtils.java:logGet(43)) - raft.server.notification.no-leader.timeout = 120s (custom)
2019-09-26 13:14:37,588 [pool-137-thread-1] INFO  server.RaftServerConfigKeys (ConfUtils.java:logGet(43)) - raft.server.log.use.memory = false (default)
2019-09-26 13:14:37,589 [pool-137-thread-1] INFO  server.RaftServerConfigKeys (ConfUtils.java:logGet(43)) - raft.server.log.purge.gap = 1000000 (custom)
2019-09-26 13:14:37,589 [pool-137-thread-1] INFO  server.RaftServerConfigKeys (ConfUtils.java:logGet(43)) - raft.server.log.appender.buffer.byte-limit = 33554432 (custom)
2019-09-26 13:14:37,589 [pool-137-thread-1] INFO  server.RaftServerConfigKeys (ConfUtils.java:logGet(43)) - raft.server.log.segment.size.max = 1048576 (custom)
2019-09-26 13:14:37,589 [pool-137-thread-1] INFO  server.RaftServerConfigKeys (ConfUtils.java:logGet(43)) - raft.server.log.segment.cache.num.max = 2 (custom)
2019-09-26 13:14:37,589 [pool-137-thread-1] INFO  segmented.SegmentedRaftLogWorker (SegmentedRaftLogWorker.java:<init>(172)) - new 7356840b-7827-4030-93dd-688c3f051915@group-707BFB4992F8-SegmentedRaftLogWorker for RaftStorage:Storage Directory /workdir/hadoop-ozone/integration-test/target/test-dir/MiniOzoneClusterImpl-f1012d8c-e23c-4237-834a-d6b3ac6768a8/datanode-1/data/ratis/9ffd68aa-a5a8-47c4-9c69-707bfb4992f8
2019-09-26 13:14:37,589 [pool-137-thread-1] INFO  server.RaftServerConfigKeys (ConfUtils.java:logGet(43)) - raft.server.log.queue.byte-limit = 2147483647 (custom)
2019-09-26 13:14:37,589 [pool-137-thread-1] INFO  server.RaftServerConfigKeys (ConfUtils.java:logGet(43)) - raft.server.log.queue.element-limit = 1024 (custom)
2019-09-26 13:14:37,589 [pool-137-thread-1] INFO  server.RaftServerConfigKeys (ConfUtils.java:logGet(43)) - raft.server.log.segment.size.max = 1048576 (custom)
2019-09-26 13:14:37,589 [pool-137-thread-1] INFO  server.RaftServerConfigKeys (ConfUtils.java:logGet(43)) - raft.server.log.preallocated.size = 16384 (custom)
2019-09-26 13:14:37,590 [pool-137-thread-1] INFO  server.RaftServerConfigKeys (ConfUtils.java:logGet(43)) - raft.server.log.write.buffer.size = 33554432 (custom)
2019-09-26 13:14:37,590 [pool-137-thread-1] INFO  server.RaftServerConfigKeys (ConfUtils.java:logGet(43)) - raft.server.log.force.sync.num = 128 (default)
2019-09-26 13:14:37,590 [pool-137-thread-1] INFO  server.RaftServerConfigKeys (ConfUtils.java:logGet(43)) - raft.server.log.statemachine.data.sync = true (default)
2019-09-26 13:14:37,590 [pool-137-thread-1] INFO  server.RaftServerConfigKeys (ConfUtils.java:logGet(43)) - raft.server.log.statemachine.data.sync.timeout = 10s (default)
2019-09-26 13:14:37,590 [pool-137-thread-1] INFO  server.RaftServerConfigKeys (ConfUtils.java:logGet(43)) - raft.server.log.statemachine.data.sync.timeout.retry = -1 (default)
2019-09-26 13:14:37,590 [pool-137-thread-1] INFO  server.RaftServerConfigKeys (ConfUtils.java:logGet(43)) - raft.server.log.statemachine.data.caching.enabled = true (custom)
2019-09-26 13:14:37,590 [pool-137-thread-1] INFO  segmented.SegmentedRaftLogWorker (SegmentedRaftLogWorker.java:lambda$new$0(132)) - 7356840b-7827-4030-93dd-688c3f051915@group-707BFB4992F8-SegmentedRaftLogWorker: flushIndex: setUnconditionally 0 -> -1
2019-09-26 13:14:37,591 [pool-137-thread-1] INFO  server.RaftServerConfigKeys (ConfUtils.java:logGet(43)) - raft.server.snapshot.auto.trigger.enabled = true (custom)
2019-09-26 13:14:37,591 [pool-137-thread-1] INFO  server.RaftServerConfigKeys (ConfUtils.java:logGet(43)) - raft.server.snapshot.auto.trigger.threshold = 10000 (custom)
2019-09-26 13:14:37,591 [pool-137-thread-1] INFO  server.RaftServerConfigKeys (ConfUtils.java:logGet(43)) - raft.server.snapshot.retention.num.files = 5 (custom)
2019-09-26 13:14:37,591 [pool-137-thread-1] INFO  server.RaftServerConfigKeys (ConfUtils.java:logGet(43)) - raft.server.retrycache.expirytime = 600000ms (custom)
2019-09-26 13:14:37,593 [pool-137-thread-1] INFO  impl.RaftServerImpl (RaftServerImpl.java:start(185)) - 7356840b-7827-4030-93dd-688c3f051915@group-707BFB4992F8: start as a follower, conf=-1: [7356840b-7827-4030-93dd-688c3f051915:192.168.164.238:38100], old=null
2019-09-26 13:14:37,593 [pool-137-thread-1] INFO  impl.RaftServerImpl (RaftServerImpl.java:setRole(174)) - 7356840b-7827-4030-93dd-688c3f051915@group-707BFB4992F8: changes role from      null to FOLLOWER at term 0 for startAsFollower
2019-09-26 13:14:37,593 [pool-137-thread-1] INFO  impl.RoleInfo (RoleInfo.java:updateAndGet(143)) - 7356840b-7827-4030-93dd-688c3f051915: start FollowerState
2019-09-26 13:14:37,601 [pool-137-thread-1] INFO  util.JmxRegister (JmxRegister.java:tryRegister(44)) - Successfully registered JMX Bean with object name Ratis:service=RaftServer,group=group-707BFB4992F8,id=7356840b-7827-4030-93dd-688c3f051915
2019-09-26 13:14:37,615 [RatisPipelineUtilsThread] INFO  pipeline.PipelineStateManager (PipelineStateManager.java:addPipeline(56)) - Created pipeline Pipeline[ Id: 9ffd68aa-a5a8-47c4-9c69-707bfb4992f8, Nodes: 7356840b-7827-4030-93dd-688c3f051915{ip: 192.168.164.238, host: pr-hdds-1569-87zkn-1081879488, networkLocation: /default-rack, certSerialId: null}, Type:RATIS, Factor:ONE, State:OPEN]
2019-09-26 13:14:37,624 [grpc-default-executor-0] INFO  impl.RaftServerProxy (RaftServerProxy.java:addNew(89)) - c4e1b93a-90f2-4165-be12-1b771b331b8e: addNew group-EAA5B26CB526:[c4e1b93a-90f2-4165-be12-1b771b331b8e:192.168.164.238:35258] returns group-EAA5B26CB526:java.util.concurrent.CompletableFuture@196f1938[Not completed]
2019-09-26 13:14:37,625 [pool-147-thread-1] INFO  impl.RaftServerImpl (RaftServerImpl.java:<init>(95)) - c4e1b93a-90f2-4165-be12-1b771b331b8e: new RaftServerImpl for group-EAA5B26CB526:[c4e1b93a-90f2-4165-be12-1b771b331b8e:192.168.164.238:35258] with ContainerStateMachine:uninitialized
2019-09-26 13:14:37,625 [pool-147-thread-1] INFO  server.RaftServerConfigKeys (ConfUtils.java:logGet(43)) - raft.server.rpc.timeout.min = 5s (custom)
2019-09-26 13:14:37,625 [pool-147-thread-1] INFO  server.RaftServerConfigKeys (ConfUtils.java:logGet(43)) - raft.server.rpc.timeout.max = 5200ms (custom)
2019-09-26 13:14:37,625 [pool-147-thread-1] INFO  server.RaftServerConfigKeys (ConfUtils.java:logGet(43)) - raft.server.rpcslowness.timeout = 120s (custom)
2019-09-26 13:14:37,625 [pool-147-thread-1] INFO  server.RaftServerConfigKeys (ConfUtils.java:logGet(43)) - raft.server.sleep.deviation.threshold = 300 (default)
2019-09-26 13:14:37,626 [pool-147-thread-1] INFO  server.RaftServerConfigKeys (ConfUtils.java:logGet(43)) - raft.server.log.appender.install.snapshot.enabled = false (custom)
2019-09-26 13:14:37,626 [pool-147-thread-1] INFO  impl.RaftServerImpl (ServerState.java:<init>(103)) - c4e1b93a-90f2-4165-be12-1b771b331b8e@group-EAA5B26CB526: ConfigurationManager, init=-1: [c4e1b93a-90f2-4165-be12-1b771b331b8e:192.168.164.238:35258], old=null, confs=<EMPTY_MAP>
2019-09-26 13:14:37,626 [pool-147-thread-1] INFO  server.RaftServerConfigKeys (ConfUtils.java:logGet(43)) - raft.server.storage.dir = [/workdir/hadoop-ozone/integration-test/target/test-dir/MiniOzoneClusterImpl-f1012d8c-e23c-4237-834a-d6b3ac6768a8/datanode-2/data/ratis] (custom)
2019-09-26 13:14:37,626 [pool-147-thread-1] INFO  storage.RaftStorageDirectory (RaftStorageDirectory.java:analyzeStorage(246)) - The storage directory /workdir/hadoop-ozone/integration-test/target/test-dir/MiniOzoneClusterImpl-f1012d8c-e23c-4237-834a-d6b3ac6768a8/datanode-2/data/ratis/399230f1-3a70-4bf6-9173-eaa5b26cb526 does not exist. Creating ...
2019-09-26 13:14:37,633 [pool-147-thread-1] INFO  storage.RaftStorageDirectory (RaftStorageDirectory.java:tryLock(328)) - Lock on /workdir/hadoop-ozone/integration-test/target/test-dir/MiniOzoneClusterImpl-f1012d8c-e23c-4237-834a-d6b3ac6768a8/datanode-2/data/ratis/399230f1-3a70-4bf6-9173-eaa5b26cb526/in_use.lock acquired by nodename 10026@pr-hdds-1569-87zkn-1081879488
2019-09-26 13:14:37,637 [pool-147-thread-1] INFO  storage.RaftStorage (RaftStorage.java:format(72)) - Storage directory /workdir/hadoop-ozone/integration-test/target/test-dir/MiniOzoneClusterImpl-f1012d8c-e23c-4237-834a-d6b3ac6768a8/datanode-2/data/ratis/399230f1-3a70-4bf6-9173-eaa5b26cb526 has been successfully formatted.
2019-09-26 13:14:37,637 [pool-147-thread-1] INFO  ratis.ContainerStateMachine (ContainerStateMachine.java:loadSnapshot(230)) - group-EAA5B26CB526: The snapshot info is null. Setting the last applied indexto:(t:0, i:~)
2019-09-26 13:14:37,638 [pool-147-thread-1] INFO  server.RaftServerConfigKeys (ConfUtils.java:logGet(43)) - raft.server.notification.no-leader.timeout = 120s (custom)
2019-09-26 13:14:37,638 [pool-147-thread-1] INFO  server.RaftServerConfigKeys (ConfUtils.java:logGet(43)) - raft.server.log.use.memory = false (default)
2019-09-26 13:14:37,638 [pool-147-thread-1] INFO  server.RaftServerConfigKeys (ConfUtils.java:logGet(43)) - raft.server.log.purge.gap = 1000000 (custom)
2019-09-26 13:14:37,638 [pool-147-thread-1] INFO  server.RaftServerConfigKeys (ConfUtils.java:logGet(43)) - raft.server.log.appender.buffer.byte-limit = 33554432 (custom)
2019-09-26 13:14:37,638 [pool-147-thread-1] INFO  server.RaftServerConfigKeys (ConfUtils.java:logGet(43)) - raft.server.log.segment.size.max = 1048576 (custom)
2019-09-26 13:14:37,638 [pool-147-thread-1] INFO  server.RaftServerConfigKeys (ConfUtils.java:logGet(43)) - raft.server.log.segment.cache.num.max = 2 (custom)
2019-09-26 13:14:37,638 [pool-147-thread-1] INFO  segmented.SegmentedRaftLogWorker (SegmentedRaftLogWorker.java:<init>(172)) - new c4e1b93a-90f2-4165-be12-1b771b331b8e@group-EAA5B26CB526-SegmentedRaftLogWorker for RaftStorage:Storage Directory /workdir/hadoop-ozone/integration-test/target/test-dir/MiniOzoneClusterImpl-f1012d8c-e23c-4237-834a-d6b3ac6768a8/datanode-2/data/ratis/399230f1-3a70-4bf6-9173-eaa5b26cb526
2019-09-26 13:14:37,640 [pool-147-thread-1] INFO  server.RaftServerConfigKeys (ConfUtils.java:logGet(43)) - raft.server.log.queue.byte-limit = 2147483647 (custom)
2019-09-26 13:14:37,641 [pool-147-thread-1] INFO  server.RaftServerConfigKeys (ConfUtils.java:logGet(43)) - raft.server.log.queue.element-limit = 1024 (custom)
2019-09-26 13:14:37,641 [pool-147-thread-1] INFO  server.RaftServerConfigKeys (ConfUtils.java:logGet(43)) - raft.server.log.segment.size.max = 1048576 (custom)
2019-09-26 13:14:37,641 [pool-147-thread-1] INFO  server.RaftServerConfigKeys (ConfUtils.java:logGet(43)) - raft.server.log.preallocated.size = 16384 (custom)
2019-09-26 13:14:37,641 [pool-147-thread-1] INFO  server.RaftServerConfigKeys (ConfUtils.java:logGet(43)) - raft.server.log.write.buffer.size = 33554432 (custom)
2019-09-26 13:14:37,641 [pool-147-thread-1] INFO  server.RaftServerConfigKeys (ConfUtils.java:logGet(43)) - raft.server.log.force.sync.num = 128 (default)
2019-09-26 13:14:37,641 [pool-147-thread-1] INFO  server.RaftServerConfigKeys (ConfUtils.java:logGet(43)) - raft.server.log.statemachine.data.sync = true (default)
2019-09-26 13:14:37,641 [pool-147-thread-1] INFO  server.RaftServerConfigKeys (ConfUtils.java:logGet(43)) - raft.server.log.statemachine.data.sync.timeout = 10s (default)
2019-09-26 13:14:37,641 [pool-147-thread-1] INFO  server.RaftServerConfigKeys (ConfUtils.java:logGet(43)) - raft.server.log.statemachine.data.sync.timeout.retry = -1 (default)
2019-09-26 13:14:37,642 [pool-147-thread-1] INFO  server.RaftServerConfigKeys (ConfUtils.java:logGet(43)) - raft.server.log.statemachine.data.caching.enabled = true (custom)
2019-09-26 13:14:37,642 [pool-147-thread-1] INFO  segmented.SegmentedRaftLogWorker (SegmentedRaftLogWorker.java:lambda$new$0(132)) - c4e1b93a-90f2-4165-be12-1b771b331b8e@group-EAA5B26CB526-SegmentedRaftLogWorker: flushIndex: setUnconditionally 0 -> -1
2019-09-26 13:14:37,642 [pool-147-thread-1] INFO  server.RaftServerConfigKeys (ConfUtils.java:logGet(43)) - raft.server.snapshot.auto.trigger.enabled = true (custom)
2019-09-26 13:14:37,642 [pool-147-thread-1] INFO  server.RaftServerConfigKeys (ConfUtils.java:logGet(43)) - raft.server.snapshot.auto.trigger.threshold = 10000 (custom)
2019-09-26 13:14:37,642 [pool-147-thread-1] INFO  server.RaftServerConfigKeys (ConfUtils.java:logGet(43)) - raft.server.snapshot.retention.num.files = 5 (custom)
2019-09-26 13:14:37,642 [pool-147-thread-1] INFO  server.RaftServerConfigKeys (ConfUtils.java:logGet(43)) - raft.server.retrycache.expirytime = 600000ms (custom)
2019-09-26 13:14:37,644 [pool-147-thread-1] INFO  impl.RaftServerImpl (RaftServerImpl.java:start(185)) - c4e1b93a-90f2-4165-be12-1b771b331b8e@group-EAA5B26CB526: start as a follower, conf=-1: [c4e1b93a-90f2-4165-be12-1b771b331b8e:192.168.164.238:35258], old=null
2019-09-26 13:14:37,644 [pool-147-thread-1] INFO  impl.RaftServerImpl (RaftServerImpl.java:setRole(174)) - c4e1b93a-90f2-4165-be12-1b771b331b8e@group-EAA5B26CB526: changes role from      null to FOLLOWER at term 0 for startAsFollower
2019-09-26 13:14:37,644 [pool-147-thread-1] INFO  impl.RoleInfo (RoleInfo.java:updateAndGet(143)) - c4e1b93a-90f2-4165-be12-1b771b331b8e: start FollowerState
2019-09-26 13:14:37,644 [pool-147-thread-1] INFO  util.JmxRegister (JmxRegister.java:tryRegister(44)) - Successfully registered JMX Bean with object name Ratis:service=RaftServer,group=group-EAA5B26CB526,id=c4e1b93a-90f2-4165-be12-1b771b331b8e
2019-09-26 13:14:37,647 [RatisPipelineUtilsThread] INFO  pipeline.PipelineStateManager (PipelineStateManager.java:addPipeline(56)) - Created pipeline Pipeline[ Id: 399230f1-3a70-4bf6-9173-eaa5b26cb526, Nodes: c4e1b93a-90f2-4165-be12-1b771b331b8e{ip: 192.168.164.238, host: pr-hdds-1569-87zkn-1081879488, networkLocation: /default-rack, certSerialId: null}, Type:RATIS, Factor:ONE, State:OPEN]
2019-09-26 13:14:37,652 [grpc-default-executor-0] INFO  impl.RaftServerProxy (RaftServerProxy.java:addNew(89)) - 7356840b-7827-4030-93dd-688c3f051915: addNew group-96404195A97A:[7356840b-7827-4030-93dd-688c3f051915:192.168.164.238:38100] returns group-96404195A97A:java.util.concurrent.CompletableFuture@2398b12c[Not completed]
2019-09-26 13:14:37,653 [pool-137-thread-1] INFO  impl.RaftServerImpl (RaftServerImpl.java:<init>(95)) - 7356840b-7827-4030-93dd-688c3f051915: new RaftServerImpl for group-96404195A97A:[7356840b-7827-4030-93dd-688c3f051915:192.168.164.238:38100] with ContainerStateMachine:uninitialized
2019-09-26 13:14:37,654 [pool-137-thread-1] INFO  server.RaftServerConfigKeys (ConfUtils.java:logGet(43)) - raft.server.rpc.timeout.min = 5s (custom)
2019-09-26 13:14:37,654 [pool-137-thread-1] INFO  server.RaftServerConfigKeys (ConfUtils.java:logGet(43)) - raft.server.rpc.timeout.max = 5200ms (custom)
2019-09-26 13:14:37,654 [pool-137-thread-1] INFO  server.RaftServerConfigKeys (ConfUtils.java:logGet(43)) - raft.server.rpcslowness.timeout = 120s (custom)
2019-09-26 13:14:37,654 [pool-137-thread-1] INFO  server.RaftServerConfigKeys (ConfUtils.java:logGet(43)) - raft.server.sleep.deviation.threshold = 300 (default)
2019-09-26 13:14:37,654 [pool-137-thread-1] INFO  server.RaftServerConfigKeys (ConfUtils.java:logGet(43)) - raft.server.log.appender.install.snapshot.enabled = false (custom)
2019-09-26 13:14:37,654 [pool-137-thread-1] INFO  impl.RaftServerImpl (ServerState.java:<init>(103)) - 7356840b-7827-4030-93dd-688c3f051915@group-96404195A97A: ConfigurationManager, init=-1: [7356840b-7827-4030-93dd-688c3f051915:192.168.164.238:38100], old=null, confs=<EMPTY_MAP>
2019-09-26 13:14:37,654 [pool-137-thread-1] INFO  server.RaftServerConfigKeys (ConfUtils.java:logGet(43)) - raft.server.storage.dir = [/workdir/hadoop-ozone/integration-test/target/test-dir/MiniOzoneClusterImpl-f1012d8c-e23c-4237-834a-d6b3ac6768a8/datanode-1/data/ratis] (custom)
2019-09-26 13:14:37,655 [pool-137-thread-1] INFO  storage.RaftStorageDirectory (RaftStorageDirectory.java:analyzeStorage(246)) - The storage directory /workdir/hadoop-ozone/integration-test/target/test-dir/MiniOzoneClusterImpl-f1012d8c-e23c-4237-834a-d6b3ac6768a8/datanode-1/data/ratis/794286e2-018f-4aef-be52-96404195a97a does not exist. Creating ...
2019-09-26 13:14:37,669 [pool-137-thread-1] INFO  storage.RaftStorageDirectory (RaftStorageDirectory.java:tryLock(328)) - Lock on /workdir/hadoop-ozone/integration-test/target/test-dir/MiniOzoneClusterImpl-f1012d8c-e23c-4237-834a-d6b3ac6768a8/datanode-1/data/ratis/794286e2-018f-4aef-be52-96404195a97a/in_use.lock acquired by nodename 10026@pr-hdds-1569-87zkn-1081879488
2019-09-26 13:14:37,672 [pool-137-thread-1] INFO  storage.RaftStorage (RaftStorage.java:format(72)) - Storage directory /workdir/hadoop-ozone/integration-test/target/test-dir/MiniOzoneClusterImpl-f1012d8c-e23c-4237-834a-d6b3ac6768a8/datanode-1/data/ratis/794286e2-018f-4aef-be52-96404195a97a has been successfully formatted.
2019-09-26 13:14:37,672 [pool-137-thread-1] INFO  ratis.ContainerStateMachine (ContainerStateMachine.java:loadSnapshot(230)) - group-96404195A97A: The snapshot info is null. Setting the last applied indexto:(t:0, i:~)
2019-09-26 13:14:37,672 [pool-137-thread-1] INFO  server.RaftServerConfigKeys (ConfUtils.java:logGet(43)) - raft.server.notification.no-leader.timeout = 120s (custom)
2019-09-26 13:14:37,672 [pool-137-thread-1] INFO  server.RaftServerConfigKeys (ConfUtils.java:logGet(43)) - raft.server.log.use.memory = false (default)
2019-09-26 13:14:37,672 [pool-137-thread-1] INFO  server.RaftServerConfigKeys (ConfUtils.java:logGet(43)) - raft.server.log.purge.gap = 1000000 (custom)
2019-09-26 13:14:37,673 [pool-137-thread-1] INFO  server.RaftServerConfigKeys (ConfUtils.java:logGet(43)) - raft.server.log.appender.buffer.byte-limit = 33554432 (custom)
2019-09-26 13:14:37,673 [pool-137-thread-1] INFO  server.RaftServerConfigKeys (ConfUtils.java:logGet(43)) - raft.server.log.segment.size.max = 1048576 (custom)
2019-09-26 13:14:37,673 [pool-137-thread-1] INFO  server.RaftServerConfigKeys (ConfUtils.java:logGet(43)) - raft.server.log.segment.cache.num.max = 2 (custom)
2019-09-26 13:14:37,673 [pool-137-thread-1] INFO  segmented.SegmentedRaftLogWorker (SegmentedRaftLogWorker.java:<init>(172)) - new 7356840b-7827-4030-93dd-688c3f051915@group-96404195A97A-SegmentedRaftLogWorker for RaftStorage:Storage Directory /workdir/hadoop-ozone/integration-test/target/test-dir/MiniOzoneClusterImpl-f1012d8c-e23c-4237-834a-d6b3ac6768a8/datanode-1/data/ratis/794286e2-018f-4aef-be52-96404195a97a
2019-09-26 13:14:37,673 [pool-137-thread-1] INFO  server.RaftServerConfigKeys (ConfUtils.java:logGet(43)) - raft.server.log.queue.byte-limit = 2147483647 (custom)
2019-09-26 13:14:37,673 [pool-137-thread-1] INFO  server.RaftServerConfigKeys (ConfUtils.java:logGet(43)) - raft.server.log.queue.element-limit = 1024 (custom)
2019-09-26 13:14:37,673 [pool-137-thread-1] INFO  server.RaftServerConfigKeys (ConfUtils.java:logGet(43)) - raft.server.log.segment.size.max = 1048576 (custom)
2019-09-26 13:14:37,673 [pool-137-thread-1] INFO  server.RaftServerConfigKeys (ConfUtils.java:logGet(43)) - raft.server.log.preallocated.size = 16384 (custom)
2019-09-26 13:14:37,673 [pool-137-thread-1] INFO  server.RaftServerConfigKeys (ConfUtils.java:logGet(43)) - raft.server.log.write.buffer.size = 33554432 (custom)
2019-09-26 13:14:37,673 [pool-137-thread-1] INFO  server.RaftServerConfigKeys (ConfUtils.java:logGet(43)) - raft.server.log.force.sync.num = 128 (default)
2019-09-26 13:14:37,674 [pool-137-thread-1] INFO  server.RaftServerConfigKeys (ConfUtils.java:logGet(43)) - raft.server.log.statemachine.data.sync = true (default)
2019-09-26 13:14:37,674 [pool-137-thread-1] INFO  server.RaftServerConfigKeys (ConfUtils.java:logGet(43)) - raft.server.log.statemachine.data.sync.timeout = 10s (default)
2019-09-26 13:14:37,674 [pool-137-thread-1] INFO  server.RaftServerConfigKeys (ConfUtils.java:logGet(43)) - raft.server.log.statemachine.data.sync.timeout.retry = -1 (default)
2019-09-26 13:14:37,674 [pool-137-thread-1] INFO  server.RaftServerConfigKeys (ConfUtils.java:logGet(43)) - raft.server.log.statemachine.data.caching.enabled = true (custom)
2019-09-26 13:14:37,674 [pool-137-thread-1] INFO  segmented.SegmentedRaftLogWorker (SegmentedRaftLogWorker.java:lambda$new$0(132)) - 7356840b-7827-4030-93dd-688c3f051915@group-96404195A97A-SegmentedRaftLogWorker: flushIndex: setUnconditionally 0 -> -1
2019-09-26 13:14:37,674 [pool-137-thread-1] INFO  server.RaftServerConfigKeys (ConfUtils.java:logGet(43)) - raft.server.snapshot.auto.trigger.enabled = true (custom)
2019-09-26 13:14:37,674 [pool-137-thread-1] INFO  server.RaftServerConfigKeys (ConfUtils.java:logGet(43)) - raft.server.snapshot.auto.trigger.threshold = 10000 (custom)
2019-09-26 13:14:37,675 [pool-137-thread-1] INFO  server.RaftServerConfigKeys (ConfUtils.java:logGet(43)) - raft.server.snapshot.retention.num.files = 5 (custom)
2019-09-26 13:14:37,675 [pool-137-thread-1] INFO  server.RaftServerConfigKeys (ConfUtils.java:logGet(43)) - raft.server.retrycache.expirytime = 600000ms (custom)
2019-09-26 13:14:37,676 [pool-137-thread-1] INFO  impl.RaftServerImpl (RaftServerImpl.java:start(185)) - 7356840b-7827-4030-93dd-688c3f051915@group-96404195A97A: start as a follower, conf=-1: [7356840b-7827-4030-93dd-688c3f051915:192.168.164.238:38100], old=null
2019-09-26 13:14:37,677 [pool-137-thread-1] INFO  impl.RaftServerImpl (RaftServerImpl.java:setRole(174)) - 7356840b-7827-4030-93dd-688c3f051915@group-96404195A97A: changes role from      null to FOLLOWER at term 0 for startAsFollower
2019-09-26 13:14:37,677 [pool-137-thread-1] INFO  impl.RoleInfo (RoleInfo.java:updateAndGet(143)) - 7356840b-7827-4030-93dd-688c3f051915: start FollowerState
2019-09-26 13:14:37,677 [pool-137-thread-1] INFO  util.JmxRegister (JmxRegister.java:tryRegister(44)) - Successfully registered JMX Bean with object name Ratis:service=RaftServer,group=group-96404195A97A,id=7356840b-7827-4030-93dd-688c3f051915
2019-09-26 13:14:37,679 [RatisPipelineUtilsThread] INFO  pipeline.PipelineStateManager (PipelineStateManager.java:addPipeline(56)) - Created pipeline Pipeline[ Id: 794286e2-018f-4aef-be52-96404195a97a, Nodes: 7356840b-7827-4030-93dd-688c3f051915{ip: 192.168.164.238, host: pr-hdds-1569-87zkn-1081879488, networkLocation: /default-rack, certSerialId: null}, Type:RATIS, Factor:ONE, State:OPEN]
2019-09-26 13:14:37,684 [grpc-default-executor-0] INFO  impl.RaftServerProxy (RaftServerProxy.java:addNew(89)) - 889b6bd5-667f-4014-9c6a-1d248de10fa9: addNew group-A092BDA40742:[889b6bd5-667f-4014-9c6a-1d248de10fa9:192.168.164.238:35860] returns group-A092BDA40742:java.util.concurrent.CompletableFuture@66348f9e[Not completed]
2019-09-26 13:14:37,686 [pool-127-thread-1] INFO  impl.RaftServerImpl (RaftServerImpl.java:<init>(95)) - 889b6bd5-667f-4014-9c6a-1d248de10fa9: new RaftServerImpl for group-A092BDA40742:[889b6bd5-667f-4014-9c6a-1d248de10fa9:192.168.164.238:35860] with ContainerStateMachine:uninitialized
2019-09-26 13:14:37,686 [pool-127-thread-1] INFO  server.RaftServerConfigKeys (ConfUtils.java:logGet(43)) - raft.server.rpc.timeout.min = 5s (custom)
2019-09-26 13:14:37,686 [pool-127-thread-1] INFO  server.RaftServerConfigKeys (ConfUtils.java:logGet(43)) - raft.server.rpc.timeout.max = 5200ms (custom)
2019-09-26 13:14:37,686 [pool-127-thread-1] INFO  server.RaftServerConfigKeys (ConfUtils.java:logGet(43)) - raft.server.rpcslowness.timeout = 120s (custom)
2019-09-26 13:14:37,686 [pool-127-thread-1] INFO  server.RaftServerConfigKeys (ConfUtils.java:logGet(43)) - raft.server.sleep.deviation.threshold = 300 (default)
2019-09-26 13:14:37,686 [pool-127-thread-1] INFO  server.RaftServerConfigKeys (ConfUtils.java:logGet(43)) - raft.server.log.appender.install.snapshot.enabled = false (custom)
2019-09-26 13:14:37,686 [pool-127-thread-1] INFO  impl.RaftServerImpl (ServerState.java:<init>(103)) - 889b6bd5-667f-4014-9c6a-1d248de10fa9@group-A092BDA40742: ConfigurationManager, init=-1: [889b6bd5-667f-4014-9c6a-1d248de10fa9:192.168.164.238:35860], old=null, confs=<EMPTY_MAP>
2019-09-26 13:14:37,686 [pool-127-thread-1] INFO  server.RaftServerConfigKeys (ConfUtils.java:logGet(43)) - raft.server.storage.dir = [/workdir/hadoop-ozone/integration-test/target/test-dir/MiniOzoneClusterImpl-f1012d8c-e23c-4237-834a-d6b3ac6768a8/datanode-0/data/ratis] (custom)
2019-09-26 13:14:37,687 [pool-127-thread-1] INFO  storage.RaftStorageDirectory (RaftStorageDirectory.java:analyzeStorage(246)) - The storage directory /workdir/hadoop-ozone/integration-test/target/test-dir/MiniOzoneClusterImpl-f1012d8c-e23c-4237-834a-d6b3ac6768a8/datanode-0/data/ratis/3ef90c5e-32eb-4cf5-8418-a092bda40742 does not exist. Creating ...
2019-09-26 13:14:37,720 [pool-127-thread-1] INFO  storage.RaftStorageDirectory (RaftStorageDirectory.java:tryLock(328)) - Lock on /workdir/hadoop-ozone/integration-test/target/test-dir/MiniOzoneClusterImpl-f1012d8c-e23c-4237-834a-d6b3ac6768a8/datanode-0/data/ratis/3ef90c5e-32eb-4cf5-8418-a092bda40742/in_use.lock acquired by nodename 10026@pr-hdds-1569-87zkn-1081879488
2019-09-26 13:14:37,745 [pool-127-thread-1] INFO  storage.RaftStorage (RaftStorage.java:format(72)) - Storage directory /workdir/hadoop-ozone/integration-test/target/test-dir/MiniOzoneClusterImpl-f1012d8c-e23c-4237-834a-d6b3ac6768a8/datanode-0/data/ratis/3ef90c5e-32eb-4cf5-8418-a092bda40742 has been successfully formatted.
2019-09-26 13:14:37,745 [pool-127-thread-1] INFO  ratis.ContainerStateMachine (ContainerStateMachine.java:loadSnapshot(230)) - group-A092BDA40742: The snapshot info is null. Setting the last applied indexto:(t:0, i:~)
2019-09-26 13:14:37,745 [pool-127-thread-1] INFO  server.RaftServerConfigKeys (ConfUtils.java:logGet(43)) - raft.server.notification.no-leader.timeout = 120s (custom)
2019-09-26 13:14:37,745 [pool-127-thread-1] INFO  server.RaftServerConfigKeys (ConfUtils.java:logGet(43)) - raft.server.log.use.memory = false (default)
2019-09-26 13:14:37,746 [pool-127-thread-1] INFO  server.RaftServerConfigKeys (ConfUtils.java:logGet(43)) - raft.server.log.purge.gap = 1000000 (custom)
2019-09-26 13:14:37,746 [pool-127-thread-1] INFO  server.RaftServerConfigKeys (ConfUtils.java:logGet(43)) - raft.server.log.appender.buffer.byte-limit = 33554432 (custom)
2019-09-26 13:14:37,746 [pool-127-thread-1] INFO  server.RaftServerConfigKeys (ConfUtils.java:logGet(43)) - raft.server.log.segment.size.max = 1048576 (custom)
2019-09-26 13:14:37,746 [pool-127-thread-1] INFO  server.RaftServerConfigKeys (ConfUtils.java:logGet(43)) - raft.server.log.segment.cache.num.max = 2 (custom)
2019-09-26 13:14:37,746 [pool-127-thread-1] INFO  segmented.SegmentedRaftLogWorker (SegmentedRaftLogWorker.java:<init>(172)) - new 889b6bd5-667f-4014-9c6a-1d248de10fa9@group-A092BDA40742-SegmentedRaftLogWorker for RaftStorage:Storage Directory /workdir/hadoop-ozone/integration-test/target/test-dir/MiniOzoneClusterImpl-f1012d8c-e23c-4237-834a-d6b3ac6768a8/datanode-0/data/ratis/3ef90c5e-32eb-4cf5-8418-a092bda40742
2019-09-26 13:14:37,746 [pool-127-thread-1] INFO  server.RaftServerConfigKeys (ConfUtils.java:logGet(43)) - raft.server.log.queue.byte-limit = 2147483647 (custom)
2019-09-26 13:14:37,746 [pool-127-thread-1] INFO  server.RaftServerConfigKeys (ConfUtils.java:logGet(43)) - raft.server.log.queue.element-limit = 1024 (custom)
2019-09-26 13:14:37,746 [pool-127-thread-1] INFO  server.RaftServerConfigKeys (ConfUtils.java:logGet(43)) - raft.server.log.segment.size.max = 1048576 (custom)
2019-09-26 13:14:37,747 [pool-127-thread-1] INFO  server.RaftServerConfigKeys (ConfUtils.java:logGet(43)) - raft.server.log.preallocated.size = 16384 (custom)
2019-09-26 13:14:37,747 [pool-127-thread-1] INFO  server.RaftServerConfigKeys (ConfUtils.java:logGet(43)) - raft.server.log.write.buffer.size = 33554432 (custom)
2019-09-26 13:14:37,747 [pool-127-thread-1] INFO  server.RaftServerConfigKeys (ConfUtils.java:logGet(43)) - raft.server.log.force.sync.num = 128 (default)
2019-09-26 13:14:37,747 [pool-127-thread-1] INFO  server.RaftServerConfigKeys (ConfUtils.java:logGet(43)) - raft.server.log.statemachine.data.sync = true (default)
2019-09-26 13:14:37,747 [pool-127-thread-1] INFO  server.RaftServerConfigKeys (ConfUtils.java:logGet(43)) - raft.server.log.statemachine.data.sync.timeout = 10s (default)
2019-09-26 13:14:37,747 [pool-127-thread-1] INFO  server.RaftServerConfigKeys (ConfUtils.java:logGet(43)) - raft.server.log.statemachine.data.sync.timeout.retry = -1 (default)
2019-09-26 13:14:37,747 [pool-127-thread-1] INFO  server.RaftServerConfigKeys (ConfUtils.java:logGet(43)) - raft.server.log.statemachine.data.caching.enabled = true (custom)
2019-09-26 13:14:37,747 [pool-127-thread-1] INFO  segmented.SegmentedRaftLogWorker (SegmentedRaftLogWorker.java:lambda$new$0(132)) - 889b6bd5-667f-4014-9c6a-1d248de10fa9@group-A092BDA40742-SegmentedRaftLogWorker: flushIndex: setUnconditionally 0 -> -1
2019-09-26 13:14:37,748 [pool-127-thread-1] INFO  server.RaftServerConfigKeys (ConfUtils.java:logGet(43)) - raft.server.snapshot.auto.trigger.enabled = true (custom)
2019-09-26 13:14:37,748 [pool-127-thread-1] INFO  server.RaftServerConfigKeys (ConfUtils.java:logGet(43)) - raft.server.snapshot.auto.trigger.threshold = 10000 (custom)
2019-09-26 13:14:37,748 [pool-127-thread-1] INFO  server.RaftServerConfigKeys (ConfUtils.java:logGet(43)) - raft.server.snapshot.retention.num.files = 5 (custom)
2019-09-26 13:14:37,748 [pool-127-thread-1] INFO  server.RaftServerConfigKeys (ConfUtils.java:logGet(43)) - raft.server.retrycache.expirytime = 600000ms (custom)
2019-09-26 13:14:37,750 [pool-127-thread-1] INFO  impl.RaftServerImpl (RaftServerImpl.java:start(185)) - 889b6bd5-667f-4014-9c6a-1d248de10fa9@group-A092BDA40742: start as a follower, conf=-1: [889b6bd5-667f-4014-9c6a-1d248de10fa9:192.168.164.238:35860], old=null
2019-09-26 13:14:37,750 [pool-127-thread-1] INFO  impl.RaftServerImpl (RaftServerImpl.java:setRole(174)) - 889b6bd5-667f-4014-9c6a-1d248de10fa9@group-A092BDA40742: changes role from      null to FOLLOWER at term 0 for startAsFollower
2019-09-26 13:14:37,750 [pool-127-thread-1] INFO  impl.RoleInfo (RoleInfo.java:updateAndGet(143)) - 889b6bd5-667f-4014-9c6a-1d248de10fa9: start FollowerState
2019-09-26 13:14:37,750 [pool-127-thread-1] INFO  util.JmxRegister (JmxRegister.java:tryRegister(44)) - Successfully registered JMX Bean with object name Ratis:service=RaftServer,group=group-A092BDA40742,id=889b6bd5-667f-4014-9c6a-1d248de10fa9
2019-09-26 13:14:37,754 [RatisPipelineUtilsThread] INFO  pipeline.PipelineStateManager (PipelineStateManager.java:addPipeline(56)) - Created pipeline Pipeline[ Id: 3ef90c5e-32eb-4cf5-8418-a092bda40742, Nodes: 889b6bd5-667f-4014-9c6a-1d248de10fa9{ip: 192.168.164.238, host: pr-hdds-1569-87zkn-1081879488, networkLocation: /default-rack, certSerialId: null}, Type:RATIS, Factor:ONE, State:OPEN]
2019-09-26 13:14:37,760 [grpc-default-executor-0] INFO  impl.RaftServerProxy (RaftServerProxy.java:addNew(89)) - 7356840b-7827-4030-93dd-688c3f051915: addNew group-9E06F409AC47:[7356840b-7827-4030-93dd-688c3f051915:192.168.164.238:38100] returns group-9E06F409AC47:java.util.concurrent.CompletableFuture@4ce2a655[Not completed]
2019-09-26 13:14:37,761 [pool-137-thread-1] INFO  impl.RaftServerImpl (RaftServerImpl.java:<init>(95)) - 7356840b-7827-4030-93dd-688c3f051915: new RaftServerImpl for group-9E06F409AC47:[7356840b-7827-4030-93dd-688c3f051915:192.168.164.238:38100] with ContainerStateMachine:uninitialized
2019-09-26 13:14:37,761 [pool-137-thread-1] INFO  server.RaftServerConfigKeys (ConfUtils.java:logGet(43)) - raft.server.rpc.timeout.min = 5s (custom)
2019-09-26 13:14:37,761 [pool-137-thread-1] INFO  server.RaftServerConfigKeys (ConfUtils.java:logGet(43)) - raft.server.rpc.timeout.max = 5200ms (custom)
2019-09-26 13:14:37,761 [pool-137-thread-1] INFO  server.RaftServerConfigKeys (ConfUtils.java:logGet(43)) - raft.server.rpcslowness.timeout = 120s (custom)
2019-09-26 13:14:37,761 [pool-137-thread-1] INFO  server.RaftServerConfigKeys (ConfUtils.java:logGet(43)) - raft.server.sleep.deviation.threshold = 300 (default)
2019-09-26 13:14:37,761 [pool-137-thread-1] INFO  server.RaftServerConfigKeys (ConfUtils.java:logGet(43)) - raft.server.log.appender.install.snapshot.enabled = false (custom)
2019-09-26 13:14:37,761 [pool-137-thread-1] INFO  impl.RaftServerImpl (ServerState.java:<init>(103)) - 7356840b-7827-4030-93dd-688c3f051915@group-9E06F409AC47: ConfigurationManager, init=-1: [7356840b-7827-4030-93dd-688c3f051915:192.168.164.238:38100], old=null, confs=<EMPTY_MAP>
2019-09-26 13:14:37,761 [pool-137-thread-1] INFO  server.RaftServerConfigKeys (ConfUtils.java:logGet(43)) - raft.server.storage.dir = [/workdir/hadoop-ozone/integration-test/target/test-dir/MiniOzoneClusterImpl-f1012d8c-e23c-4237-834a-d6b3ac6768a8/datanode-1/data/ratis] (custom)
2019-09-26 13:14:37,762 [pool-137-thread-1] INFO  storage.RaftStorageDirectory (RaftStorageDirectory.java:analyzeStorage(246)) - The storage directory /workdir/hadoop-ozone/integration-test/target/test-dir/MiniOzoneClusterImpl-f1012d8c-e23c-4237-834a-d6b3ac6768a8/datanode-1/data/ratis/512f2c65-6bd1-4dee-ac6c-9e06f409ac47 does not exist. Creating ...
2019-09-26 13:14:37,783 [pool-137-thread-1] INFO  storage.RaftStorageDirectory (RaftStorageDirectory.java:tryLock(328)) - Lock on /workdir/hadoop-ozone/integration-test/target/test-dir/MiniOzoneClusterImpl-f1012d8c-e23c-4237-834a-d6b3ac6768a8/datanode-1/data/ratis/512f2c65-6bd1-4dee-ac6c-9e06f409ac47/in_use.lock acquired by nodename 10026@pr-hdds-1569-87zkn-1081879488
2019-09-26 13:14:37,812 [pool-137-thread-1] INFO  storage.RaftStorage (RaftStorage.java:format(72)) - Storage directory /workdir/hadoop-ozone/integration-test/target/test-dir/MiniOzoneClusterImpl-f1012d8c-e23c-4237-834a-d6b3ac6768a8/datanode-1/data/ratis/512f2c65-6bd1-4dee-ac6c-9e06f409ac47 has been successfully formatted.
2019-09-26 13:14:37,812 [pool-137-thread-1] INFO  ratis.ContainerStateMachine (ContainerStateMachine.java:loadSnapshot(230)) - group-9E06F409AC47: The snapshot info is null. Setting the last applied indexto:(t:0, i:~)
2019-09-26 13:14:37,812 [pool-137-thread-1] INFO  server.RaftServerConfigKeys (ConfUtils.java:logGet(43)) - raft.server.notification.no-leader.timeout = 120s (custom)
2019-09-26 13:14:37,812 [pool-137-thread-1] INFO  server.RaftServerConfigKeys (ConfUtils.java:logGet(43)) - raft.server.log.use.memory = false (default)
2019-09-26 13:14:37,813 [pool-137-thread-1] INFO  server.RaftServerConfigKeys (ConfUtils.java:logGet(43)) - raft.server.log.purge.gap = 1000000 (custom)
2019-09-26 13:14:37,813 [pool-137-thread-1] INFO  server.RaftServerConfigKeys (ConfUtils.java:logGet(43)) - raft.server.log.appender.buffer.byte-limit = 33554432 (custom)
2019-09-26 13:14:37,813 [pool-137-thread-1] INFO  server.RaftServerConfigKeys (ConfUtils.java:logGet(43)) - raft.server.log.segment.size.max = 1048576 (custom)
2019-09-26 13:14:37,813 [pool-137-thread-1] INFO  server.RaftServerConfigKeys (ConfUtils.java:logGet(43)) - raft.server.log.segment.cache.num.max = 2 (custom)
2019-09-26 13:14:37,813 [pool-137-thread-1] INFO  segmented.SegmentedRaftLogWorker (SegmentedRaftLogWorker.java:<init>(172)) - new 7356840b-7827-4030-93dd-688c3f051915@group-9E06F409AC47-SegmentedRaftLogWorker for RaftStorage:Storage Directory /workdir/hadoop-ozone/integration-test/target/test-dir/MiniOzoneClusterImpl-f1012d8c-e23c-4237-834a-d6b3ac6768a8/datanode-1/data/ratis/512f2c65-6bd1-4dee-ac6c-9e06f409ac47
2019-09-26 13:14:37,814 [pool-137-thread-1] INFO  server.RaftServerConfigKeys (ConfUtils.java:logGet(43)) - raft.server.log.queue.byte-limit = 2147483647 (custom)
2019-09-26 13:14:37,814 [pool-137-thread-1] INFO  server.RaftServerConfigKeys (ConfUtils.java:logGet(43)) - raft.server.log.queue.element-limit = 1024 (custom)
2019-09-26 13:14:37,814 [pool-137-thread-1] INFO  server.RaftServerConfigKeys (ConfUtils.java:logGet(43)) - raft.server.log.segment.size.max = 1048576 (custom)
2019-09-26 13:14:37,814 [pool-137-thread-1] INFO  server.RaftServerConfigKeys (ConfUtils.java:logGet(43)) - raft.server.log.preallocated.size = 16384 (custom)
2019-09-26 13:14:37,814 [pool-137-thread-1] INFO  server.RaftServerConfigKeys (ConfUtils.java:logGet(43)) - raft.server.log.write.buffer.size = 33554432 (custom)
2019-09-26 13:14:37,814 [pool-137-thread-1] INFO  server.RaftServerConfigKeys (ConfUtils.java:logGet(43)) - raft.server.log.force.sync.num = 128 (default)
2019-09-26 13:14:37,814 [pool-137-thread-1] INFO  server.RaftServerConfigKeys (ConfUtils.java:logGet(43)) - raft.server.log.statemachine.data.sync = true (default)
2019-09-26 13:14:37,815 [pool-137-thread-1] INFO  server.RaftServerConfigKeys (ConfUtils.java:logGet(43)) - raft.server.log.statemachine.data.sync.timeout = 10s (default)
2019-09-26 13:14:37,815 [pool-137-thread-1] INFO  server.RaftServerConfigKeys (ConfUtils.java:logGet(43)) - raft.server.log.statemachine.data.sync.timeout.retry = -1 (default)
2019-09-26 13:14:37,815 [pool-137-thread-1] INFO  server.RaftServerConfigKeys (ConfUtils.java:logGet(43)) - raft.server.log.statemachine.data.caching.enabled = true (custom)
2019-09-26 13:14:37,815 [pool-137-thread-1] INFO  segmented.SegmentedRaftLogWorker (SegmentedRaftLogWorker.java:lambda$new$0(132)) - 7356840b-7827-4030-93dd-688c3f051915@group-9E06F409AC47-SegmentedRaftLogWorker: flushIndex: setUnconditionally 0 -> -1
2019-09-26 13:14:37,816 [pool-137-thread-1] INFO  server.RaftServerConfigKeys (ConfUtils.java:logGet(43)) - raft.server.snapshot.auto.trigger.enabled = true (custom)
2019-09-26 13:14:37,816 [pool-137-thread-1] INFO  server.RaftServerConfigKeys (ConfUtils.java:logGet(43)) - raft.server.snapshot.auto.trigger.threshold = 10000 (custom)
2019-09-26 13:14:37,816 [pool-137-thread-1] INFO  server.RaftServerConfigKeys (ConfUtils.java:logGet(43)) - raft.server.snapshot.retention.num.files = 5 (custom)
2019-09-26 13:14:37,816 [pool-137-thread-1] INFO  server.RaftServerConfigKeys (ConfUtils.java:logGet(43)) - raft.server.retrycache.expirytime = 600000ms (custom)
2019-09-26 13:14:37,819 [pool-137-thread-1] INFO  impl.RaftServerImpl (RaftServerImpl.java:start(185)) - 7356840b-7827-4030-93dd-688c3f051915@group-9E06F409AC47: start as a follower, conf=-1: [7356840b-7827-4030-93dd-688c3f051915:192.168.164.238:38100], old=null
2019-09-26 13:14:37,819 [pool-137-thread-1] INFO  impl.RaftServerImpl (RaftServerImpl.java:setRole(174)) - 7356840b-7827-4030-93dd-688c3f051915@group-9E06F409AC47: changes role from      null to FOLLOWER at term 0 for startAsFollower
2019-09-26 13:14:37,819 [pool-137-thread-1] INFO  impl.RoleInfo (RoleInfo.java:updateAndGet(143)) - 7356840b-7827-4030-93dd-688c3f051915: start FollowerState
2019-09-26 13:14:37,820 [pool-137-thread-1] INFO  util.JmxRegister (JmxRegister.java:tryRegister(44)) - Successfully registered JMX Bean with object name Ratis:service=RaftServer,group=group-9E06F409AC47,id=7356840b-7827-4030-93dd-688c3f051915
2019-09-26 13:14:37,823 [RatisPipelineUtilsThread] INFO  pipeline.PipelineStateManager (PipelineStateManager.java:addPipeline(56)) - Created pipeline Pipeline[ Id: 512f2c65-6bd1-4dee-ac6c-9e06f409ac47, Nodes: 7356840b-7827-4030-93dd-688c3f051915{ip: 192.168.164.238, host: pr-hdds-1569-87zkn-1081879488, networkLocation: /default-rack, certSerialId: null}, Type:RATIS, Factor:ONE, State:OPEN]
2019-09-26 13:14:37,829 [grpc-default-executor-0] INFO  impl.RaftServerProxy (RaftServerProxy.java:addNew(89)) - 7356840b-7827-4030-93dd-688c3f051915: addNew group-DE85FC3FFF15:[7356840b-7827-4030-93dd-688c3f051915:192.168.164.238:38100] returns group-DE85FC3FFF15:java.util.concurrent.CompletableFuture@16078dc0[Not completed]
2019-09-26 13:14:37,830 [pool-137-thread-1] INFO  impl.RaftServerImpl (RaftServerImpl.java:<init>(95)) - 7356840b-7827-4030-93dd-688c3f051915: new RaftServerImpl for group-DE85FC3FFF15:[7356840b-7827-4030-93dd-688c3f051915:192.168.164.238:38100] with ContainerStateMachine:uninitialized
2019-09-26 13:14:37,830 [pool-137-thread-1] INFO  server.RaftServerConfigKeys (ConfUtils.java:logGet(43)) - raft.server.rpc.timeout.min = 5s (custom)
2019-09-26 13:14:37,830 [pool-137-thread-1] INFO  server.RaftServerConfigKeys (ConfUtils.java:logGet(43)) - raft.server.rpc.timeout.max = 5200ms (custom)
2019-09-26 13:14:37,830 [pool-137-thread-1] INFO  server.RaftServerConfigKeys (ConfUtils.java:logGet(43)) - raft.server.rpcslowness.timeout = 120s (custom)
2019-09-26 13:14:37,830 [pool-137-thread-1] INFO  server.RaftServerConfigKeys (ConfUtils.java:logGet(43)) - raft.server.sleep.deviation.threshold = 300 (default)
2019-09-26 13:14:37,831 [pool-137-thread-1] INFO  server.RaftServerConfigKeys (ConfUtils.java:logGet(43)) - raft.server.log.appender.install.snapshot.enabled = false (custom)
2019-09-26 13:14:37,831 [pool-137-thread-1] INFO  impl.RaftServerImpl (ServerState.java:<init>(103)) - 7356840b-7827-4030-93dd-688c3f051915@group-DE85FC3FFF15: ConfigurationManager, init=-1: [7356840b-7827-4030-93dd-688c3f051915:192.168.164.238:38100], old=null, confs=<EMPTY_MAP>
2019-09-26 13:14:37,831 [pool-137-thread-1] INFO  server.RaftServerConfigKeys (ConfUtils.java:logGet(43)) - raft.server.storage.dir = [/workdir/hadoop-ozone/integration-test/target/test-dir/MiniOzoneClusterImpl-f1012d8c-e23c-4237-834a-d6b3ac6768a8/datanode-1/data/ratis] (custom)
2019-09-26 13:14:37,831 [pool-137-thread-1] INFO  storage.RaftStorageDirectory (RaftStorageDirectory.java:analyzeStorage(246)) - The storage directory /workdir/hadoop-ozone/integration-test/target/test-dir/MiniOzoneClusterImpl-f1012d8c-e23c-4237-834a-d6b3ac6768a8/datanode-1/data/ratis/f893cf26-c242-4c2e-af65-de85fc3fff15 does not exist. Creating ...
2019-09-26 13:14:37,853 [pool-137-thread-1] INFO  storage.RaftStorageDirectory (RaftStorageDirectory.java:tryLock(328)) - Lock on /workdir/hadoop-ozone/integration-test/target/test-dir/MiniOzoneClusterImpl-f1012d8c-e23c-4237-834a-d6b3ac6768a8/datanode-1/data/ratis/f893cf26-c242-4c2e-af65-de85fc3fff15/in_use.lock acquired by nodename 10026@pr-hdds-1569-87zkn-1081879488
2019-09-26 13:14:37,866 [pool-137-thread-1] INFO  storage.RaftStorage (RaftStorage.java:format(72)) - Storage directory /workdir/hadoop-ozone/integration-test/target/test-dir/MiniOzoneClusterImpl-f1012d8c-e23c-4237-834a-d6b3ac6768a8/datanode-1/data/ratis/f893cf26-c242-4c2e-af65-de85fc3fff15 has been successfully formatted.
2019-09-26 13:14:37,866 [pool-137-thread-1] INFO  ratis.ContainerStateMachine (ContainerStateMachine.java:loadSnapshot(230)) - group-DE85FC3FFF15: The snapshot info is null. Setting the last applied indexto:(t:0, i:~)
2019-09-26 13:14:37,866 [pool-137-thread-1] INFO  server.RaftServerConfigKeys (ConfUtils.java:logGet(43)) - raft.server.notification.no-leader.timeout = 120s (custom)
2019-09-26 13:14:37,866 [pool-137-thread-1] INFO  server.RaftServerConfigKeys (ConfUtils.java:logGet(43)) - raft.server.log.use.memory = false (default)
2019-09-26 13:14:37,866 [pool-137-thread-1] INFO  server.RaftServerConfigKeys (ConfUtils.java:logGet(43)) - raft.server.log.purge.gap = 1000000 (custom)
2019-09-26 13:14:37,866 [pool-137-thread-1] INFO  server.RaftServerConfigKeys (ConfUtils.java:logGet(43)) - raft.server.log.appender.buffer.byte-limit = 33554432 (custom)
2019-09-26 13:14:37,867 [pool-137-thread-1] INFO  server.RaftServerConfigKeys (ConfUtils.java:logGet(43)) - raft.server.log.segment.size.max = 1048576 (custom)
2019-09-26 13:14:37,867 [pool-137-thread-1] INFO  server.RaftServerConfigKeys (ConfUtils.java:logGet(43)) - raft.server.log.segment.cache.num.max = 2 (custom)
2019-09-26 13:14:37,867 [pool-137-thread-1] INFO  segmented.SegmentedRaftLogWorker (SegmentedRaftLogWorker.java:<init>(172)) - new 7356840b-7827-4030-93dd-688c3f051915@group-DE85FC3FFF15-SegmentedRaftLogWorker for RaftStorage:Storage Directory /workdir/hadoop-ozone/integration-test/target/test-dir/MiniOzoneClusterImpl-f1012d8c-e23c-4237-834a-d6b3ac6768a8/datanode-1/data/ratis/f893cf26-c242-4c2e-af65-de85fc3fff15
2019-09-26 13:14:37,867 [pool-137-thread-1] INFO  server.RaftServerConfigKeys (ConfUtils.java:logGet(43)) - raft.server.log.queue.byte-limit = 2147483647 (custom)
2019-09-26 13:14:37,867 [pool-137-thread-1] INFO  server.RaftServerConfigKeys (ConfUtils.java:logGet(43)) - raft.server.log.queue.element-limit = 1024 (custom)
2019-09-26 13:14:37,867 [pool-137-thread-1] INFO  server.RaftServerConfigKeys (ConfUtils.java:logGet(43)) - raft.server.log.segment.size.max = 1048576 (custom)
2019-09-26 13:14:37,867 [pool-137-thread-1] INFO  server.RaftServerConfigKeys (ConfUtils.java:logGet(43)) - raft.server.log.preallocated.size = 16384 (custom)
2019-09-26 13:14:37,868 [pool-137-thread-1] INFO  server.RaftServerConfigKeys (ConfUtils.java:logGet(43)) - raft.server.log.write.buffer.size = 33554432 (custom)
2019-09-26 13:14:37,868 [pool-137-thread-1] INFO  server.RaftServerConfigKeys (ConfUtils.java:logGet(43)) - raft.server.log.force.sync.num = 128 (default)
2019-09-26 13:14:37,868 [pool-137-thread-1] INFO  server.RaftServerConfigKeys (ConfUtils.java:logGet(43)) - raft.server.log.statemachine.data.sync = true (default)
2019-09-26 13:14:37,868 [pool-137-thread-1] INFO  server.RaftServerConfigKeys (ConfUtils.java:logGet(43)) - raft.server.log.statemachine.data.sync.timeout = 10s (default)
2019-09-26 13:14:37,868 [pool-137-thread-1] INFO  server.RaftServerConfigKeys (ConfUtils.java:logGet(43)) - raft.server.log.statemachine.data.sync.timeout.retry = -1 (default)
2019-09-26 13:14:37,868 [pool-137-thread-1] INFO  server.RaftServerConfigKeys (ConfUtils.java:logGet(43)) - raft.server.log.statemachine.data.caching.enabled = true (custom)
2019-09-26 13:14:37,868 [pool-137-thread-1] INFO  segmented.SegmentedRaftLogWorker (SegmentedRaftLogWorker.java:lambda$new$0(132)) - 7356840b-7827-4030-93dd-688c3f051915@group-DE85FC3FFF15-SegmentedRaftLogWorker: flushIndex: setUnconditionally 0 -> -1
2019-09-26 13:14:37,869 [pool-137-thread-1] INFO  server.RaftServerConfigKeys (ConfUtils.java:logGet(43)) - raft.server.snapshot.auto.trigger.enabled = true (custom)
2019-09-26 13:14:37,869 [pool-137-thread-1] INFO  server.RaftServerConfigKeys (ConfUtils.java:logGet(43)) - raft.server.snapshot.auto.trigger.threshold = 10000 (custom)
2019-09-26 13:14:37,869 [pool-137-thread-1] INFO  server.RaftServerConfigKeys (ConfUtils.java:logGet(43)) - raft.server.snapshot.retention.num.files = 5 (custom)
2019-09-26 13:14:37,869 [pool-137-thread-1] INFO  server.RaftServerConfigKeys (ConfUtils.java:logGet(43)) - raft.server.retrycache.expirytime = 600000ms (custom)
2019-09-26 13:14:37,871 [pool-137-thread-1] INFO  impl.RaftServerImpl (RaftServerImpl.java:start(185)) - 7356840b-7827-4030-93dd-688c3f051915@group-DE85FC3FFF15: start as a follower, conf=-1: [7356840b-7827-4030-93dd-688c3f051915:192.168.164.238:38100], old=null
2019-09-26 13:14:37,871 [pool-137-thread-1] INFO  impl.RaftServerImpl (RaftServerImpl.java:setRole(174)) - 7356840b-7827-4030-93dd-688c3f051915@group-DE85FC3FFF15: changes role from      null to FOLLOWER at term 0 for startAsFollower
2019-09-26 13:14:37,872 [pool-137-thread-1] INFO  impl.RoleInfo (RoleInfo.java:updateAndGet(143)) - 7356840b-7827-4030-93dd-688c3f051915: start FollowerState
2019-09-26 13:14:37,872 [pool-137-thread-1] INFO  util.JmxRegister (JmxRegister.java:tryRegister(44)) - Successfully registered JMX Bean with object name Ratis:service=RaftServer,group=group-DE85FC3FFF15,id=7356840b-7827-4030-93dd-688c3f051915
2019-09-26 13:14:37,875 [RatisPipelineUtilsThread] INFO  pipeline.PipelineStateManager (PipelineStateManager.java:addPipeline(56)) - Created pipeline Pipeline[ Id: f893cf26-c242-4c2e-af65-de85fc3fff15, Nodes: 7356840b-7827-4030-93dd-688c3f051915{ip: 192.168.164.238, host: pr-hdds-1569-87zkn-1081879488, networkLocation: /default-rack, certSerialId: null}, Type:RATIS, Factor:ONE, State:OPEN]
2019-09-26 13:14:37,881 [grpc-default-executor-0] INFO  impl.RaftServerProxy (RaftServerProxy.java:addNew(89)) - 7356840b-7827-4030-93dd-688c3f051915: addNew group-057047096F71:[7356840b-7827-4030-93dd-688c3f051915:192.168.164.238:38100] returns group-057047096F71:java.util.concurrent.CompletableFuture@4e05fa63[Not completed]
2019-09-26 13:14:37,882 [pool-137-thread-1] INFO  impl.RaftServerImpl (RaftServerImpl.java:<init>(95)) - 7356840b-7827-4030-93dd-688c3f051915: new RaftServerImpl for group-057047096F71:[7356840b-7827-4030-93dd-688c3f051915:192.168.164.238:38100] with ContainerStateMachine:uninitialized
2019-09-26 13:14:37,883 [pool-137-thread-1] INFO  server.RaftServerConfigKeys (ConfUtils.java:logGet(43)) - raft.server.rpc.timeout.min = 5s (custom)
2019-09-26 13:14:37,883 [pool-137-thread-1] INFO  server.RaftServerConfigKeys (ConfUtils.java:logGet(43)) - raft.server.rpc.timeout.max = 5200ms (custom)
2019-09-26 13:14:37,883 [pool-137-thread-1] INFO  server.RaftServerConfigKeys (ConfUtils.java:logGet(43)) - raft.server.rpcslowness.timeout = 120s (custom)
2019-09-26 13:14:37,883 [pool-137-thread-1] INFO  server.RaftServerConfigKeys (ConfUtils.java:logGet(43)) - raft.server.sleep.deviation.threshold = 300 (default)
2019-09-26 13:14:37,883 [pool-137-thread-1] INFO  server.RaftServerConfigKeys (ConfUtils.java:logGet(43)) - raft.server.log.appender.install.snapshot.enabled = false (custom)
2019-09-26 13:14:37,883 [pool-137-thread-1] INFO  impl.RaftServerImpl (ServerState.java:<init>(103)) - 7356840b-7827-4030-93dd-688c3f051915@group-057047096F71: ConfigurationManager, init=-1: [7356840b-7827-4030-93dd-688c3f051915:192.168.164.238:38100], old=null, confs=<EMPTY_MAP>
2019-09-26 13:14:37,883 [pool-137-thread-1] INFO  server.RaftServerConfigKeys (ConfUtils.java:logGet(43)) - raft.server.storage.dir = [/workdir/hadoop-ozone/integration-test/target/test-dir/MiniOzoneClusterImpl-f1012d8c-e23c-4237-834a-d6b3ac6768a8/datanode-1/data/ratis] (custom)
2019-09-26 13:14:37,884 [pool-137-thread-1] INFO  storage.RaftStorageDirectory (RaftStorageDirectory.java:analyzeStorage(246)) - The storage directory /workdir/hadoop-ozone/integration-test/target/test-dir/MiniOzoneClusterImpl-f1012d8c-e23c-4237-834a-d6b3ac6768a8/datanode-1/data/ratis/bf425141-c5c3-44c9-9b43-057047096f71 does not exist. Creating ...
2019-09-26 13:14:37,899 [pool-137-thread-1] INFO  storage.RaftStorageDirectory (RaftStorageDirectory.java:tryLock(328)) - Lock on /workdir/hadoop-ozone/integration-test/target/test-dir/MiniOzoneClusterImpl-f1012d8c-e23c-4237-834a-d6b3ac6768a8/datanode-1/data/ratis/bf425141-c5c3-44c9-9b43-057047096f71/in_use.lock acquired by nodename 10026@pr-hdds-1569-87zkn-1081879488
2019-09-26 13:14:37,912 [pool-137-thread-1] INFO  storage.RaftStorage (RaftStorage.java:format(72)) - Storage directory /workdir/hadoop-ozone/integration-test/target/test-dir/MiniOzoneClusterImpl-f1012d8c-e23c-4237-834a-d6b3ac6768a8/datanode-1/data/ratis/bf425141-c5c3-44c9-9b43-057047096f71 has been successfully formatted.
2019-09-26 13:14:37,912 [pool-137-thread-1] INFO  ratis.ContainerStateMachine (ContainerStateMachine.java:loadSnapshot(230)) - group-057047096F71: The snapshot info is null. Setting the last applied indexto:(t:0, i:~)
2019-09-26 13:14:37,912 [pool-137-thread-1] INFO  server.RaftServerConfigKeys (ConfUtils.java:logGet(43)) - raft.server.notification.no-leader.timeout = 120s (custom)
2019-09-26 13:14:37,913 [pool-137-thread-1] INFO  server.RaftServerConfigKeys (ConfUtils.java:logGet(43)) - raft.server.log.use.memory = false (default)
2019-09-26 13:14:37,913 [pool-137-thread-1] INFO  server.RaftServerConfigKeys (ConfUtils.java:logGet(43)) - raft.server.log.purge.gap = 1000000 (custom)
2019-09-26 13:14:37,913 [pool-137-thread-1] INFO  server.RaftServerConfigKeys (ConfUtils.java:logGet(43)) - raft.server.log.appender.buffer.byte-limit = 33554432 (custom)
2019-09-26 13:14:37,913 [pool-137-thread-1] INFO  server.RaftServerConfigKeys (ConfUtils.java:logGet(43)) - raft.server.log.segment.size.max = 1048576 (custom)
2019-09-26 13:14:37,913 [pool-137-thread-1] INFO  server.RaftServerConfigKeys (ConfUtils.java:logGet(43)) - raft.server.log.segment.cache.num.max = 2 (custom)
2019-09-26 13:14:37,913 [pool-137-thread-1] INFO  segmented.SegmentedRaftLogWorker (SegmentedRaftLogWorker.java:<init>(172)) - new 7356840b-7827-4030-93dd-688c3f051915@group-057047096F71-SegmentedRaftLogWorker for RaftStorage:Storage Directory /workdir/hadoop-ozone/integration-test/target/test-dir/MiniOzoneClusterImpl-f1012d8c-e23c-4237-834a-d6b3ac6768a8/datanode-1/data/ratis/bf425141-c5c3-44c9-9b43-057047096f71
2019-09-26 13:14:37,913 [pool-137-thread-1] INFO  server.RaftServerConfigKeys (ConfUtils.java:logGet(43)) - raft.server.log.queue.byte-limit = 2147483647 (custom)
2019-09-26 13:14:37,914 [pool-137-thread-1] INFO  server.RaftServerConfigKeys (ConfUtils.java:logGet(43)) - raft.server.log.queue.element-limit = 1024 (custom)
2019-09-26 13:14:37,914 [pool-137-thread-1] INFO  server.RaftServerConfigKeys (ConfUtils.java:logGet(43)) - raft.server.log.segment.size.max = 1048576 (custom)
2019-09-26 13:14:37,914 [pool-137-thread-1] INFO  server.RaftServerConfigKeys (ConfUtils.java:logGet(43)) - raft.server.log.preallocated.size = 16384 (custom)
2019-09-26 13:14:37,914 [pool-137-thread-1] INFO  server.RaftServerConfigKeys (ConfUtils.java:logGet(43)) - raft.server.log.write.buffer.size = 33554432 (custom)
2019-09-26 13:14:37,914 [pool-137-thread-1] INFO  server.RaftServerConfigKeys (ConfUtils.java:logGet(43)) - raft.server.log.force.sync.num = 128 (default)
2019-09-26 13:14:37,914 [pool-137-thread-1] INFO  server.RaftServerConfigKeys (ConfUtils.java:logGet(43)) - raft.server.log.statemachine.data.sync = true (default)
2019-09-26 13:14:37,914 [pool-137-thread-1] INFO  server.RaftServerConfigKeys (ConfUtils.java:logGet(43)) - raft.server.log.statemachine.data.sync.timeout = 10s (default)
2019-09-26 13:14:37,914 [pool-137-thread-1] INFO  server.RaftServerConfigKeys (ConfUtils.java:logGet(43)) - raft.server.log.statemachine.data.sync.timeout.retry = -1 (default)
2019-09-26 13:14:37,915 [pool-137-thread-1] INFO  server.RaftServerConfigKeys (ConfUtils.java:logGet(43)) - raft.server.log.statemachine.data.caching.enabled = true (custom)
2019-09-26 13:14:37,915 [pool-137-thread-1] INFO  segmented.SegmentedRaftLogWorker (SegmentedRaftLogWorker.java:lambda$new$0(132)) - 7356840b-7827-4030-93dd-688c3f051915@group-057047096F71-SegmentedRaftLogWorker: flushIndex: setUnconditionally 0 -> -1
2019-09-26 13:14:37,915 [pool-137-thread-1] INFO  server.RaftServerConfigKeys (ConfUtils.java:logGet(43)) - raft.server.snapshot.auto.trigger.enabled = true (custom)
2019-09-26 13:14:37,915 [pool-137-thread-1] INFO  server.RaftServerConfigKeys (ConfUtils.java:logGet(43)) - raft.server.snapshot.auto.trigger.threshold = 10000 (custom)
2019-09-26 13:14:37,916 [pool-137-thread-1] INFO  server.RaftServerConfigKeys (ConfUtils.java:logGet(43)) - raft.server.snapshot.retention.num.files = 5 (custom)
2019-09-26 13:14:37,916 [pool-137-thread-1] INFO  server.RaftServerConfigKeys (ConfUtils.java:logGet(43)) - raft.server.retrycache.expirytime = 600000ms (custom)
2019-09-26 13:14:37,918 [pool-137-thread-1] INFO  impl.RaftServerImpl (RaftServerImpl.java:start(185)) - 7356840b-7827-4030-93dd-688c3f051915@group-057047096F71: start as a follower, conf=-1: [7356840b-7827-4030-93dd-688c3f051915:192.168.164.238:38100], old=null
2019-09-26 13:14:37,918 [pool-137-thread-1] INFO  impl.RaftServerImpl (RaftServerImpl.java:setRole(174)) - 7356840b-7827-4030-93dd-688c3f051915@group-057047096F71: changes role from      null to FOLLOWER at term 0 for startAsFollower
2019-09-26 13:14:37,918 [pool-137-thread-1] INFO  impl.RoleInfo (RoleInfo.java:updateAndGet(143)) - 7356840b-7827-4030-93dd-688c3f051915: start FollowerState
2019-09-26 13:14:37,918 [pool-137-thread-1] INFO  util.JmxRegister (JmxRegister.java:tryRegister(44)) - Successfully registered JMX Bean with object name Ratis:service=RaftServer,group=group-057047096F71,id=7356840b-7827-4030-93dd-688c3f051915
2019-09-26 13:14:37,921 [RatisPipelineUtilsThread] INFO  pipeline.PipelineStateManager (PipelineStateManager.java:addPipeline(56)) - Created pipeline Pipeline[ Id: bf425141-c5c3-44c9-9b43-057047096f71, Nodes: 7356840b-7827-4030-93dd-688c3f051915{ip: 192.168.164.238, host: pr-hdds-1569-87zkn-1081879488, networkLocation: /default-rack, certSerialId: null}, Type:RATIS, Factor:ONE, State:OPEN]
2019-09-26 13:14:37,922 [RatisPipelineUtilsThread] INFO  pipeline.PipelinePlacementPolicy (PipelinePlacementPolicy.java:meetCriteria(91)) - Pipeline Placement: can't place more pipeline on heavy datanode： 7356840b-7827-4030-93dd-688c3f051915 Heaviness: 6 limit: 5
2019-09-26 13:14:37,927 [grpc-default-executor-0] INFO  impl.RaftServerProxy (RaftServerProxy.java:addNew(89)) - 889b6bd5-667f-4014-9c6a-1d248de10fa9: addNew group-4AC971CDE5C2:[889b6bd5-667f-4014-9c6a-1d248de10fa9:192.168.164.238:35860] returns group-4AC971CDE5C2:java.util.concurrent.CompletableFuture@5df72108[Not completed]
2019-09-26 13:14:37,929 [pool-127-thread-1] INFO  impl.RaftServerImpl (RaftServerImpl.java:<init>(95)) - 889b6bd5-667f-4014-9c6a-1d248de10fa9: new RaftServerImpl for group-4AC971CDE5C2:[889b6bd5-667f-4014-9c6a-1d248de10fa9:192.168.164.238:35860] with ContainerStateMachine:uninitialized
2019-09-26 13:14:37,929 [pool-127-thread-1] INFO  server.RaftServerConfigKeys (ConfUtils.java:logGet(43)) - raft.server.rpc.timeout.min = 5s (custom)
2019-09-26 13:14:37,929 [pool-127-thread-1] INFO  server.RaftServerConfigKeys (ConfUtils.java:logGet(43)) - raft.server.rpc.timeout.max = 5200ms (custom)
2019-09-26 13:14:37,930 [pool-127-thread-1] INFO  server.RaftServerConfigKeys (ConfUtils.java:logGet(43)) - raft.server.rpcslowness.timeout = 120s (custom)
2019-09-26 13:14:37,930 [pool-127-thread-1] INFO  server.RaftServerConfigKeys (ConfUtils.java:logGet(43)) - raft.server.sleep.deviation.threshold = 300 (default)
2019-09-26 13:14:37,930 [pool-127-thread-1] INFO  server.RaftServerConfigKeys (ConfUtils.java:logGet(43)) - raft.server.log.appender.install.snapshot.enabled = false (custom)
2019-09-26 13:14:37,930 [pool-127-thread-1] INFO  impl.RaftServerImpl (ServerState.java:<init>(103)) - 889b6bd5-667f-4014-9c6a-1d248de10fa9@group-4AC971CDE5C2: ConfigurationManager, init=-1: [889b6bd5-667f-4014-9c6a-1d248de10fa9:192.168.164.238:35860], old=null, confs=<EMPTY_MAP>
2019-09-26 13:14:37,930 [pool-127-thread-1] INFO  server.RaftServerConfigKeys (ConfUtils.java:logGet(43)) - raft.server.storage.dir = [/workdir/hadoop-ozone/integration-test/target/test-dir/MiniOzoneClusterImpl-f1012d8c-e23c-4237-834a-d6b3ac6768a8/datanode-0/data/ratis] (custom)
2019-09-26 13:14:37,931 [pool-127-thread-1] INFO  storage.RaftStorageDirectory (RaftStorageDirectory.java:analyzeStorage(246)) - The storage directory /workdir/hadoop-ozone/integration-test/target/test-dir/MiniOzoneClusterImpl-f1012d8c-e23c-4237-834a-d6b3ac6768a8/datanode-0/data/ratis/92362ef9-1158-4f64-9ddf-4ac971cde5c2 does not exist. Creating ...
2019-09-26 13:14:37,944 [pool-127-thread-1] INFO  storage.RaftStorageDirectory (RaftStorageDirectory.java:tryLock(328)) - Lock on /workdir/hadoop-ozone/integration-test/target/test-dir/MiniOzoneClusterImpl-f1012d8c-e23c-4237-834a-d6b3ac6768a8/datanode-0/data/ratis/92362ef9-1158-4f64-9ddf-4ac971cde5c2/in_use.lock acquired by nodename 10026@pr-hdds-1569-87zkn-1081879488
2019-09-26 13:14:37,956 [pool-127-thread-1] INFO  storage.RaftStorage (RaftStorage.java:format(72)) - Storage directory /workdir/hadoop-ozone/integration-test/target/test-dir/MiniOzoneClusterImpl-f1012d8c-e23c-4237-834a-d6b3ac6768a8/datanode-0/data/ratis/92362ef9-1158-4f64-9ddf-4ac971cde5c2 has been successfully formatted.
2019-09-26 13:14:37,957 [pool-127-thread-1] INFO  ratis.ContainerStateMachine (ContainerStateMachine.java:loadSnapshot(230)) - group-4AC971CDE5C2: The snapshot info is null. Setting the last applied indexto:(t:0, i:~)
2019-09-26 13:14:37,957 [pool-127-thread-1] INFO  server.RaftServerConfigKeys (ConfUtils.java:logGet(43)) - raft.server.notification.no-leader.timeout = 120s (custom)
2019-09-26 13:14:37,957 [pool-127-thread-1] INFO  server.RaftServerConfigKeys (ConfUtils.java:logGet(43)) - raft.server.log.use.memory = false (default)
2019-09-26 13:14:37,958 [pool-127-thread-1] INFO  server.RaftServerConfigKeys (ConfUtils.java:logGet(43)) - raft.server.log.purge.gap = 1000000 (custom)
2019-09-26 13:14:37,958 [pool-127-thread-1] INFO  server.RaftServerConfigKeys (ConfUtils.java:logGet(43)) - raft.server.log.appender.buffer.byte-limit = 33554432 (custom)
2019-09-26 13:14:37,958 [pool-127-thread-1] INFO  server.RaftServerConfigKeys (ConfUtils.java:logGet(43)) - raft.server.log.segment.size.max = 1048576 (custom)
2019-09-26 13:14:37,958 [pool-127-thread-1] INFO  server.RaftServerConfigKeys (ConfUtils.java:logGet(43)) - raft.server.log.segment.cache.num.max = 2 (custom)
2019-09-26 13:14:37,958 [pool-127-thread-1] INFO  segmented.SegmentedRaftLogWorker (SegmentedRaftLogWorker.java:<init>(172)) - new 889b6bd5-667f-4014-9c6a-1d248de10fa9@group-4AC971CDE5C2-SegmentedRaftLogWorker for RaftStorage:Storage Directory /workdir/hadoop-ozone/integration-test/target/test-dir/MiniOzoneClusterImpl-f1012d8c-e23c-4237-834a-d6b3ac6768a8/datanode-0/data/ratis/92362ef9-1158-4f64-9ddf-4ac971cde5c2
2019-09-26 13:14:37,958 [pool-127-thread-1] INFO  server.RaftServerConfigKeys (ConfUtils.java:logGet(43)) - raft.server.log.queue.byte-limit = 2147483647 (custom)
2019-09-26 13:14:37,959 [pool-127-thread-1] INFO  server.RaftServerConfigKeys (ConfUtils.java:logGet(43)) - raft.server.log.queue.element-limit = 1024 (custom)
2019-09-26 13:14:37,959 [pool-127-thread-1] INFO  server.RaftServerConfigKeys (ConfUtils.java:logGet(43)) - raft.server.log.segment.size.max = 1048576 (custom)
2019-09-26 13:14:37,959 [pool-127-thread-1] INFO  server.RaftServerConfigKeys (ConfUtils.java:logGet(43)) - raft.server.log.preallocated.size = 16384 (custom)
2019-09-26 13:14:37,959 [pool-127-thread-1] INFO  server.RaftServerConfigKeys (ConfUtils.java:logGet(43)) - raft.server.log.write.buffer.size = 33554432 (custom)
2019-09-26 13:14:37,959 [pool-127-thread-1] INFO  server.RaftServerConfigKeys (ConfUtils.java:logGet(43)) - raft.server.log.force.sync.num = 128 (default)
2019-09-26 13:14:37,959 [pool-127-thread-1] INFO  server.RaftServerConfigKeys (ConfUtils.java:logGet(43)) - raft.server.log.statemachine.data.sync = true (default)
2019-09-26 13:14:37,960 [pool-127-thread-1] INFO  server.RaftServerConfigKeys (ConfUtils.java:logGet(43)) - raft.server.log.statemachine.data.sync.timeout = 10s (default)
2019-09-26 13:14:37,960 [pool-127-thread-1] INFO  server.RaftServerConfigKeys (ConfUtils.java:logGet(43)) - raft.server.log.statemachine.data.sync.timeout.retry = -1 (default)
2019-09-26 13:14:37,960 [pool-127-thread-1] INFO  server.RaftServerConfigKeys (ConfUtils.java:logGet(43)) - raft.server.log.statemachine.data.caching.enabled = true (custom)
2019-09-26 13:14:37,960 [pool-127-thread-1] INFO  segmented.SegmentedRaftLogWorker (SegmentedRaftLogWorker.java:lambda$new$0(132)) - 889b6bd5-667f-4014-9c6a-1d248de10fa9@group-4AC971CDE5C2-SegmentedRaftLogWorker: flushIndex: setUnconditionally 0 -> -1
2019-09-26 13:14:37,961 [pool-127-thread-1] INFO  server.RaftServerConfigKeys (ConfUtils.java:logGet(43)) - raft.server.snapshot.auto.trigger.enabled = true (custom)
2019-09-26 13:14:37,961 [pool-127-thread-1] INFO  server.RaftServerConfigKeys (ConfUtils.java:logGet(43)) - raft.server.snapshot.auto.trigger.threshold = 10000 (custom)
2019-09-26 13:14:37,961 [pool-127-thread-1] INFO  server.RaftServerConfigKeys (ConfUtils.java:logGet(43)) - raft.server.snapshot.retention.num.files = 5 (custom)
2019-09-26 13:14:37,961 [pool-127-thread-1] INFO  server.RaftServerConfigKeys (ConfUtils.java:logGet(43)) - raft.server.retrycache.expirytime = 600000ms (custom)
2019-09-26 13:14:37,963 [pool-127-thread-1] INFO  impl.RaftServerImpl (RaftServerImpl.java:start(185)) - 889b6bd5-667f-4014-9c6a-1d248de10fa9@group-4AC971CDE5C2: start as a follower, conf=-1: [889b6bd5-667f-4014-9c6a-1d248de10fa9:192.168.164.238:35860], old=null
2019-09-26 13:14:37,963 [pool-127-thread-1] INFO  impl.RaftServerImpl (RaftServerImpl.java:setRole(174)) - 889b6bd5-667f-4014-9c6a-1d248de10fa9@group-4AC971CDE5C2: changes role from      null to FOLLOWER at term 0 for startAsFollower
2019-09-26 13:14:37,963 [pool-127-thread-1] INFO  impl.RoleInfo (RoleInfo.java:updateAndGet(143)) - 889b6bd5-667f-4014-9c6a-1d248de10fa9: start FollowerState
2019-09-26 13:14:37,963 [pool-127-thread-1] INFO  util.JmxRegister (JmxRegister.java:tryRegister(44)) - Successfully registered JMX Bean with object name Ratis:service=RaftServer,group=group-4AC971CDE5C2,id=889b6bd5-667f-4014-9c6a-1d248de10fa9
2019-09-26 13:14:37,966 [RatisPipelineUtilsThread] INFO  pipeline.PipelineStateManager (PipelineStateManager.java:addPipeline(56)) - Created pipeline Pipeline[ Id: 92362ef9-1158-4f64-9ddf-4ac971cde5c2, Nodes: 889b6bd5-667f-4014-9c6a-1d248de10fa9{ip: 192.168.164.238, host: pr-hdds-1569-87zkn-1081879488, networkLocation: /default-rack, certSerialId: null}, Type:RATIS, Factor:ONE, State:OPEN]
2019-09-26 13:14:37,966 [RatisPipelineUtilsThread] INFO  pipeline.PipelinePlacementPolicy (PipelinePlacementPolicy.java:meetCriteria(91)) - Pipeline Placement: can't place more pipeline on heavy datanode： 7356840b-7827-4030-93dd-688c3f051915 Heaviness: 6 limit: 5
2019-09-26 13:14:37,972 [grpc-default-executor-0] INFO  impl.RaftServerProxy (RaftServerProxy.java:addNew(89)) - c4e1b93a-90f2-4165-be12-1b771b331b8e: addNew group-0CD0E9DF6582:[c4e1b93a-90f2-4165-be12-1b771b331b8e:192.168.164.238:35258] returns group-0CD0E9DF6582:java.util.concurrent.CompletableFuture@4a8ccff7[Not completed]
2019-09-26 13:14:37,973 [pool-147-thread-1] INFO  impl.RaftServerImpl (RaftServerImpl.java:<init>(95)) - c4e1b93a-90f2-4165-be12-1b771b331b8e: new RaftServerImpl for group-0CD0E9DF6582:[c4e1b93a-90f2-4165-be12-1b771b331b8e:192.168.164.238:35258] with ContainerStateMachine:uninitialized
2019-09-26 13:14:37,973 [pool-147-thread-1] INFO  server.RaftServerConfigKeys (ConfUtils.java:logGet(43)) - raft.server.rpc.timeout.min = 5s (custom)
2019-09-26 13:14:37,973 [pool-147-thread-1] INFO  server.RaftServerConfigKeys (ConfUtils.java:logGet(43)) - raft.server.rpc.timeout.max = 5200ms (custom)
2019-09-26 13:14:37,974 [pool-147-thread-1] INFO  server.RaftServerConfigKeys (ConfUtils.java:logGet(43)) - raft.server.rpcslowness.timeout = 120s (custom)
2019-09-26 13:14:37,974 [pool-147-thread-1] INFO  server.RaftServerConfigKeys (ConfUtils.java:logGet(43)) - raft.server.sleep.deviation.threshold = 300 (default)
2019-09-26 13:14:37,974 [pool-147-thread-1] INFO  server.RaftServerConfigKeys (ConfUtils.java:logGet(43)) - raft.server.log.appender.install.snapshot.enabled = false (custom)
2019-09-26 13:14:37,974 [pool-147-thread-1] INFO  impl.RaftServerImpl (ServerState.java:<init>(103)) - c4e1b93a-90f2-4165-be12-1b771b331b8e@group-0CD0E9DF6582: ConfigurationManager, init=-1: [c4e1b93a-90f2-4165-be12-1b771b331b8e:192.168.164.238:35258], old=null, confs=<EMPTY_MAP>
2019-09-26 13:14:37,974 [pool-147-thread-1] INFO  server.RaftServerConfigKeys (ConfUtils.java:logGet(43)) - raft.server.storage.dir = [/workdir/hadoop-ozone/integration-test/target/test-dir/MiniOzoneClusterImpl-f1012d8c-e23c-4237-834a-d6b3ac6768a8/datanode-2/data/ratis] (custom)
2019-09-26 13:14:37,974 [pool-147-thread-1] INFO  storage.RaftStorageDirectory (RaftStorageDirectory.java:analyzeStorage(246)) - The storage directory /workdir/hadoop-ozone/integration-test/target/test-dir/MiniOzoneClusterImpl-f1012d8c-e23c-4237-834a-d6b3ac6768a8/datanode-2/data/ratis/09fa9364-8f3d-4d6a-aa43-0cd0e9df6582 does not exist. Creating ...
2019-09-26 13:14:37,987 [pool-147-thread-1] INFO  storage.RaftStorageDirectory (RaftStorageDirectory.java:tryLock(328)) - Lock on /workdir/hadoop-ozone/integration-test/target/test-dir/MiniOzoneClusterImpl-f1012d8c-e23c-4237-834a-d6b3ac6768a8/datanode-2/data/ratis/09fa9364-8f3d-4d6a-aa43-0cd0e9df6582/in_use.lock acquired by nodename 10026@pr-hdds-1569-87zkn-1081879488
2019-09-26 13:14:38,000 [pool-147-thread-1] INFO  storage.RaftStorage (RaftStorage.java:format(72)) - Storage directory /workdir/hadoop-ozone/integration-test/target/test-dir/MiniOzoneClusterImpl-f1012d8c-e23c-4237-834a-d6b3ac6768a8/datanode-2/data/ratis/09fa9364-8f3d-4d6a-aa43-0cd0e9df6582 has been successfully formatted.
2019-09-26 13:14:38,000 [pool-147-thread-1] INFO  ratis.ContainerStateMachine (ContainerStateMachine.java:loadSnapshot(230)) - group-0CD0E9DF6582: The snapshot info is null. Setting the last applied indexto:(t:0, i:~)
2019-09-26 13:14:38,000 [pool-147-thread-1] INFO  server.RaftServerConfigKeys (ConfUtils.java:logGet(43)) - raft.server.notification.no-leader.timeout = 120s (custom)
2019-09-26 13:14:38,000 [pool-147-thread-1] INFO  server.RaftServerConfigKeys (ConfUtils.java:logGet(43)) - raft.server.log.use.memory = false (default)
2019-09-26 13:14:38,000 [pool-147-thread-1] INFO  server.RaftServerConfigKeys (ConfUtils.java:logGet(43)) - raft.server.log.purge.gap = 1000000 (custom)
2019-09-26 13:14:38,000 [pool-147-thread-1] INFO  server.RaftServerConfigKeys (ConfUtils.java:logGet(43)) - raft.server.log.appender.buffer.byte-limit = 33554432 (custom)
2019-09-26 13:14:38,001 [pool-147-thread-1] INFO  server.RaftServerConfigKeys (ConfUtils.java:logGet(43)) - raft.server.log.segment.size.max = 1048576 (custom)
2019-09-26 13:14:38,001 [pool-147-thread-1] INFO  server.RaftServerConfigKeys (ConfUtils.java:logGet(43)) - raft.server.log.segment.cache.num.max = 2 (custom)
2019-09-26 13:14:38,001 [pool-147-thread-1] INFO  segmented.SegmentedRaftLogWorker (SegmentedRaftLogWorker.java:<init>(172)) - new c4e1b93a-90f2-4165-be12-1b771b331b8e@group-0CD0E9DF6582-SegmentedRaftLogWorker for RaftStorage:Storage Directory /workdir/hadoop-ozone/integration-test/target/test-dir/MiniOzoneClusterImpl-f1012d8c-e23c-4237-834a-d6b3ac6768a8/datanode-2/data/ratis/09fa9364-8f3d-4d6a-aa43-0cd0e9df6582
2019-09-26 13:14:38,001 [pool-147-thread-1] INFO  server.RaftServerConfigKeys (ConfUtils.java:logGet(43)) - raft.server.log.queue.byte-limit = 2147483647 (custom)
2019-09-26 13:14:38,001 [pool-147-thread-1] INFO  server.RaftServerConfigKeys (ConfUtils.java:logGet(43)) - raft.server.log.queue.element-limit = 1024 (custom)
2019-09-26 13:14:38,001 [pool-147-thread-1] INFO  server.RaftServerConfigKeys (ConfUtils.java:logGet(43)) - raft.server.log.segment.size.max = 1048576 (custom)
2019-09-26 13:14:38,001 [pool-147-thread-1] INFO  server.RaftServerConfigKeys (ConfUtils.java:logGet(43)) - raft.server.log.preallocated.size = 16384 (custom)
2019-09-26 13:14:38,001 [pool-147-thread-1] INFO  server.RaftServerConfigKeys (ConfUtils.java:logGet(43)) - raft.server.log.write.buffer.size = 33554432 (custom)
2019-09-26 13:14:38,001 [pool-147-thread-1] INFO  server.RaftServerConfigKeys (ConfUtils.java:logGet(43)) - raft.server.log.force.sync.num = 128 (default)
2019-09-26 13:14:38,001 [pool-147-thread-1] INFO  server.RaftServerConfigKeys (ConfUtils.java:logGet(43)) - raft.server.log.statemachine.data.sync = true (default)
2019-09-26 13:14:38,002 [pool-147-thread-1] INFO  server.RaftServerConfigKeys (ConfUtils.java:logGet(43)) - raft.server.log.statemachine.data.sync.timeout = 10s (default)
2019-09-26 13:14:38,002 [pool-147-thread-1] INFO  server.RaftServerConfigKeys (ConfUtils.java:logGet(43)) - raft.server.log.statemachine.data.sync.timeout.retry = -1 (default)
2019-09-26 13:14:38,002 [pool-147-thread-1] INFO  server.RaftServerConfigKeys (ConfUtils.java:logGet(43)) - raft.server.log.statemachine.data.caching.enabled = true (custom)
2019-09-26 13:14:38,002 [pool-147-thread-1] INFO  segmented.SegmentedRaftLogWorker (SegmentedRaftLogWorker.java:lambda$new$0(132)) - c4e1b93a-90f2-4165-be12-1b771b331b8e@group-0CD0E9DF6582-SegmentedRaftLogWorker: flushIndex: setUnconditionally 0 -> -1
2019-09-26 13:14:38,002 [pool-147-thread-1] INFO  server.RaftServerConfigKeys (ConfUtils.java:logGet(43)) - raft.server.snapshot.auto.trigger.enabled = true (custom)
2019-09-26 13:14:38,002 [pool-147-thread-1] INFO  server.RaftServerConfigKeys (ConfUtils.java:logGet(43)) - raft.server.snapshot.auto.trigger.threshold = 10000 (custom)
2019-09-26 13:14:38,003 [pool-147-thread-1] INFO  server.RaftServerConfigKeys (ConfUtils.java:logGet(43)) - raft.server.snapshot.retention.num.files = 5 (custom)
2019-09-26 13:14:38,003 [pool-147-thread-1] INFO  server.RaftServerConfigKeys (ConfUtils.java:logGet(43)) - raft.server.retrycache.expirytime = 600000ms (custom)
2019-09-26 13:14:38,005 [pool-147-thread-1] INFO  impl.RaftServerImpl (RaftServerImpl.java:start(185)) - c4e1b93a-90f2-4165-be12-1b771b331b8e@group-0CD0E9DF6582: start as a follower, conf=-1: [c4e1b93a-90f2-4165-be12-1b771b331b8e:192.168.164.238:35258], old=null
2019-09-26 13:14:38,005 [pool-147-thread-1] INFO  impl.RaftServerImpl (RaftServerImpl.java:setRole(174)) - c4e1b93a-90f2-4165-be12-1b771b331b8e@group-0CD0E9DF6582: changes role from      null to FOLLOWER at term 0 for startAsFollower
2019-09-26 13:14:38,005 [pool-147-thread-1] INFO  impl.RoleInfo (RoleInfo.java:updateAndGet(143)) - c4e1b93a-90f2-4165-be12-1b771b331b8e: start FollowerState
2019-09-26 13:14:38,005 [pool-147-thread-1] INFO  util.JmxRegister (JmxRegister.java:tryRegister(44)) - Successfully registered JMX Bean with object name Ratis:service=RaftServer,group=group-0CD0E9DF6582,id=c4e1b93a-90f2-4165-be12-1b771b331b8e
2019-09-26 13:14:38,008 [RatisPipelineUtilsThread] INFO  pipeline.PipelineStateManager (PipelineStateManager.java:addPipeline(56)) - Created pipeline Pipeline[ Id: 09fa9364-8f3d-4d6a-aa43-0cd0e9df6582, Nodes: c4e1b93a-90f2-4165-be12-1b771b331b8e{ip: 192.168.164.238, host: pr-hdds-1569-87zkn-1081879488, networkLocation: /default-rack, certSerialId: null}, Type:RATIS, Factor:ONE, State:OPEN]
2019-09-26 13:14:38,008 [RatisPipelineUtilsThread] INFO  pipeline.PipelinePlacementPolicy (PipelinePlacementPolicy.java:meetCriteria(91)) - Pipeline Placement: can't place more pipeline on heavy datanode： 7356840b-7827-4030-93dd-688c3f051915 Heaviness: 6 limit: 5
2019-09-26 13:14:38,014 [grpc-default-executor-0] INFO  impl.RaftServerProxy (RaftServerProxy.java:addNew(89)) - 889b6bd5-667f-4014-9c6a-1d248de10fa9: addNew group-3EAA89309123:[889b6bd5-667f-4014-9c6a-1d248de10fa9:192.168.164.238:35860] returns group-3EAA89309123:java.util.concurrent.CompletableFuture@7faff159[Not completed]
2019-09-26 13:14:38,015 [pool-127-thread-1] INFO  impl.RaftServerImpl (RaftServerImpl.java:<init>(95)) - 889b6bd5-667f-4014-9c6a-1d248de10fa9: new RaftServerImpl for group-3EAA89309123:[889b6bd5-667f-4014-9c6a-1d248de10fa9:192.168.164.238:35860] with ContainerStateMachine:uninitialized
2019-09-26 13:14:38,016 [pool-127-thread-1] INFO  server.RaftServerConfigKeys (ConfUtils.java:logGet(43)) - raft.server.rpc.timeout.min = 5s (custom)
2019-09-26 13:14:38,016 [pool-127-thread-1] INFO  server.RaftServerConfigKeys (ConfUtils.java:logGet(43)) - raft.server.rpc.timeout.max = 5200ms (custom)
2019-09-26 13:14:38,016 [pool-127-thread-1] INFO  server.RaftServerConfigKeys (ConfUtils.java:logGet(43)) - raft.server.rpcslowness.timeout = 120s (custom)
2019-09-26 13:14:38,016 [pool-127-thread-1] INFO  server.RaftServerConfigKeys (ConfUtils.java:logGet(43)) - raft.server.sleep.deviation.threshold = 300 (default)
2019-09-26 13:14:38,016 [pool-127-thread-1] INFO  server.RaftServerConfigKeys (ConfUtils.java:logGet(43)) - raft.server.log.appender.install.snapshot.enabled = false (custom)
2019-09-26 13:14:38,016 [pool-127-thread-1] INFO  impl.RaftServerImpl (ServerState.java:<init>(103)) - 889b6bd5-667f-4014-9c6a-1d248de10fa9@group-3EAA89309123: ConfigurationManager, init=-1: [889b6bd5-667f-4014-9c6a-1d248de10fa9:192.168.164.238:35860], old=null, confs=<EMPTY_MAP>
2019-09-26 13:14:38,016 [pool-127-thread-1] INFO  server.RaftServerConfigKeys (ConfUtils.java:logGet(43)) - raft.server.storage.dir = [/workdir/hadoop-ozone/integration-test/target/test-dir/MiniOzoneClusterImpl-f1012d8c-e23c-4237-834a-d6b3ac6768a8/datanode-0/data/ratis] (custom)
2019-09-26 13:14:38,016 [pool-127-thread-1] INFO  storage.RaftStorageDirectory (RaftStorageDirectory.java:analyzeStorage(246)) - The storage directory /workdir/hadoop-ozone/integration-test/target/test-dir/MiniOzoneClusterImpl-f1012d8c-e23c-4237-834a-d6b3ac6768a8/datanode-0/data/ratis/dde0113e-0f39-4c91-9ee0-3eaa89309123 does not exist. Creating ...
2019-09-26 13:14:38,029 [pool-127-thread-1] INFO  storage.RaftStorageDirectory (RaftStorageDirectory.java:tryLock(328)) - Lock on /workdir/hadoop-ozone/integration-test/target/test-dir/MiniOzoneClusterImpl-f1012d8c-e23c-4237-834a-d6b3ac6768a8/datanode-0/data/ratis/dde0113e-0f39-4c91-9ee0-3eaa89309123/in_use.lock acquired by nodename 10026@pr-hdds-1569-87zkn-1081879488
2019-09-26 13:14:38,050 [pool-127-thread-1] INFO  storage.RaftStorage (RaftStorage.java:format(72)) - Storage directory /workdir/hadoop-ozone/integration-test/target/test-dir/MiniOzoneClusterImpl-f1012d8c-e23c-4237-834a-d6b3ac6768a8/datanode-0/data/ratis/dde0113e-0f39-4c91-9ee0-3eaa89309123 has been successfully formatted.
2019-09-26 13:14:38,050 [pool-127-thread-1] INFO  ratis.ContainerStateMachine (ContainerStateMachine.java:loadSnapshot(230)) - group-3EAA89309123: The snapshot info is null. Setting the last applied indexto:(t:0, i:~)
2019-09-26 13:14:38,050 [pool-127-thread-1] INFO  server.RaftServerConfigKeys (ConfUtils.java:logGet(43)) - raft.server.notification.no-leader.timeout = 120s (custom)
2019-09-26 13:14:38,050 [pool-127-thread-1] INFO  server.RaftServerConfigKeys (ConfUtils.java:logGet(43)) - raft.server.log.use.memory = false (default)
2019-09-26 13:14:38,050 [pool-127-thread-1] INFO  server.RaftServerConfigKeys (ConfUtils.java:logGet(43)) - raft.server.log.purge.gap = 1000000 (custom)
2019-09-26 13:14:38,051 [pool-127-thread-1] INFO  server.RaftServerConfigKeys (ConfUtils.java:logGet(43)) - raft.server.log.appender.buffer.byte-limit = 33554432 (custom)
2019-09-26 13:14:38,051 [pool-127-thread-1] INFO  server.RaftServerConfigKeys (ConfUtils.java:logGet(43)) - raft.server.log.segment.size.max = 1048576 (custom)
2019-09-26 13:14:38,051 [pool-127-thread-1] INFO  server.RaftServerConfigKeys (ConfUtils.java:logGet(43)) - raft.server.log.segment.cache.num.max = 2 (custom)
2019-09-26 13:14:38,051 [pool-127-thread-1] INFO  segmented.SegmentedRaftLogWorker (SegmentedRaftLogWorker.java:<init>(172)) - new 889b6bd5-667f-4014-9c6a-1d248de10fa9@group-3EAA89309123-SegmentedRaftLogWorker for RaftStorage:Storage Directory /workdir/hadoop-ozone/integration-test/target/test-dir/MiniOzoneClusterImpl-f1012d8c-e23c-4237-834a-d6b3ac6768a8/datanode-0/data/ratis/dde0113e-0f39-4c91-9ee0-3eaa89309123
2019-09-26 13:14:38,051 [pool-127-thread-1] INFO  server.RaftServerConfigKeys (ConfUtils.java:logGet(43)) - raft.server.log.queue.byte-limit = 2147483647 (custom)
2019-09-26 13:14:38,051 [pool-127-thread-1] INFO  server.RaftServerConfigKeys (ConfUtils.java:logGet(43)) - raft.server.log.queue.element-limit = 1024 (custom)
2019-09-26 13:14:38,051 [pool-127-thread-1] INFO  server.RaftServerConfigKeys (ConfUtils.java:logGet(43)) - raft.server.log.segment.size.max = 1048576 (custom)
2019-09-26 13:14:38,051 [pool-127-thread-1] INFO  server.RaftServerConfigKeys (ConfUtils.java:logGet(43)) - raft.server.log.preallocated.size = 16384 (custom)
2019-09-26 13:14:38,051 [pool-127-thread-1] INFO  server.RaftServerConfigKeys (ConfUtils.java:logGet(43)) - raft.server.log.write.buffer.size = 33554432 (custom)
2019-09-26 13:14:38,051 [pool-127-thread-1] INFO  server.RaftServerConfigKeys (ConfUtils.java:logGet(43)) - raft.server.log.force.sync.num = 128 (default)
2019-09-26 13:14:38,052 [pool-127-thread-1] INFO  server.RaftServerConfigKeys (ConfUtils.java:logGet(43)) - raft.server.log.statemachine.data.sync = true (default)
2019-09-26 13:14:38,052 [pool-127-thread-1] INFO  server.RaftServerConfigKeys (ConfUtils.java:logGet(43)) - raft.server.log.statemachine.data.sync.timeout = 10s (default)
2019-09-26 13:14:38,052 [pool-127-thread-1] INFO  server.RaftServerConfigKeys (ConfUtils.java:logGet(43)) - raft.server.log.statemachine.data.sync.timeout.retry = -1 (default)
2019-09-26 13:14:38,052 [pool-127-thread-1] INFO  server.RaftServerConfigKeys (ConfUtils.java:logGet(43)) - raft.server.log.statemachine.data.caching.enabled = true (custom)
2019-09-26 13:14:38,052 [pool-127-thread-1] INFO  segmented.SegmentedRaftLogWorker (SegmentedRaftLogWorker.java:lambda$new$0(132)) - 889b6bd5-667f-4014-9c6a-1d248de10fa9@group-3EAA89309123-SegmentedRaftLogWorker: flushIndex: setUnconditionally 0 -> -1
2019-09-26 13:14:38,052 [pool-127-thread-1] INFO  server.RaftServerConfigKeys (ConfUtils.java:logGet(43)) - raft.server.snapshot.auto.trigger.enabled = true (custom)
2019-09-26 13:14:38,053 [pool-127-thread-1] INFO  server.RaftServerConfigKeys (ConfUtils.java:logGet(43)) - raft.server.snapshot.auto.trigger.threshold = 10000 (custom)
2019-09-26 13:14:38,053 [pool-127-thread-1] INFO  server.RaftServerConfigKeys (ConfUtils.java:logGet(43)) - raft.server.snapshot.retention.num.files = 5 (custom)
2019-09-26 13:14:38,053 [pool-127-thread-1] INFO  server.RaftServerConfigKeys (ConfUtils.java:logGet(43)) - raft.server.retrycache.expirytime = 600000ms (custom)
2019-09-26 13:14:38,054 [pool-127-thread-1] INFO  impl.RaftServerImpl (RaftServerImpl.java:start(185)) - 889b6bd5-667f-4014-9c6a-1d248de10fa9@group-3EAA89309123: start as a follower, conf=-1: [889b6bd5-667f-4014-9c6a-1d248de10fa9:192.168.164.238:35860], old=null
2019-09-26 13:14:38,054 [pool-127-thread-1] INFO  impl.RaftServerImpl (RaftServerImpl.java:setRole(174)) - 889b6bd5-667f-4014-9c6a-1d248de10fa9@group-3EAA89309123: changes role from      null to FOLLOWER at term 0 for startAsFollower
2019-09-26 13:14:38,055 [pool-127-thread-1] INFO  impl.RoleInfo (RoleInfo.java:updateAndGet(143)) - 889b6bd5-667f-4014-9c6a-1d248de10fa9: start FollowerState
2019-09-26 13:14:38,055 [pool-127-thread-1] INFO  util.JmxRegister (JmxRegister.java:tryRegister(44)) - Successfully registered JMX Bean with object name Ratis:service=RaftServer,group=group-3EAA89309123,id=889b6bd5-667f-4014-9c6a-1d248de10fa9
2019-09-26 13:14:38,058 [RatisPipelineUtilsThread] INFO  pipeline.PipelineStateManager (PipelineStateManager.java:addPipeline(56)) - Created pipeline Pipeline[ Id: dde0113e-0f39-4c91-9ee0-3eaa89309123, Nodes: 889b6bd5-667f-4014-9c6a-1d248de10fa9{ip: 192.168.164.238, host: pr-hdds-1569-87zkn-1081879488, networkLocation: /default-rack, certSerialId: null}, Type:RATIS, Factor:ONE, State:OPEN]
2019-09-26 13:14:38,058 [RatisPipelineUtilsThread] INFO  pipeline.PipelinePlacementPolicy (PipelinePlacementPolicy.java:meetCriteria(91)) - Pipeline Placement: can't place more pipeline on heavy datanode： 7356840b-7827-4030-93dd-688c3f051915 Heaviness: 6 limit: 5
2019-09-26 13:14:38,063 [grpc-default-executor-0] INFO  impl.RaftServerProxy (RaftServerProxy.java:addNew(89)) - 889b6bd5-667f-4014-9c6a-1d248de10fa9: addNew group-70C884933E1F:[889b6bd5-667f-4014-9c6a-1d248de10fa9:192.168.164.238:35860] returns group-70C884933E1F:java.util.concurrent.CompletableFuture@274fd639[Not completed]
2019-09-26 13:14:38,064 [pool-127-thread-1] INFO  impl.RaftServerImpl (RaftServerImpl.java:<init>(95)) - 889b6bd5-667f-4014-9c6a-1d248de10fa9: new RaftServerImpl for group-70C884933E1F:[889b6bd5-667f-4014-9c6a-1d248de10fa9:192.168.164.238:35860] with ContainerStateMachine:uninitialized
2019-09-26 13:14:38,064 [pool-127-thread-1] INFO  server.RaftServerConfigKeys (ConfUtils.java:logGet(43)) - raft.server.rpc.timeout.min = 5s (custom)
2019-09-26 13:14:38,065 [pool-127-thread-1] INFO  server.RaftServerConfigKeys (ConfUtils.java:logGet(43)) - raft.server.rpc.timeout.max = 5200ms (custom)
2019-09-26 13:14:38,065 [pool-127-thread-1] INFO  server.RaftServerConfigKeys (ConfUtils.java:logGet(43)) - raft.server.rpcslowness.timeout = 120s (custom)
2019-09-26 13:14:38,065 [pool-127-thread-1] INFO  server.RaftServerConfigKeys (ConfUtils.java:logGet(43)) - raft.server.sleep.deviation.threshold = 300 (default)
2019-09-26 13:14:38,065 [pool-127-thread-1] INFO  server.RaftServerConfigKeys (ConfUtils.java:logGet(43)) - raft.server.log.appender.install.snapshot.enabled = false (custom)
2019-09-26 13:14:38,065 [pool-127-thread-1] INFO  impl.RaftServerImpl (ServerState.java:<init>(103)) - 889b6bd5-667f-4014-9c6a-1d248de10fa9@group-70C884933E1F: ConfigurationManager, init=-1: [889b6bd5-667f-4014-9c6a-1d248de10fa9:192.168.164.238:35860], old=null, confs=<EMPTY_MAP>
2019-09-26 13:14:38,065 [pool-127-thread-1] INFO  server.RaftServerConfigKeys (ConfUtils.java:logGet(43)) - raft.server.storage.dir = [/workdir/hadoop-ozone/integration-test/target/test-dir/MiniOzoneClusterImpl-f1012d8c-e23c-4237-834a-d6b3ac6768a8/datanode-0/data/ratis] (custom)
2019-09-26 13:14:38,065 [pool-127-thread-1] INFO  storage.RaftStorageDirectory (RaftStorageDirectory.java:analyzeStorage(246)) - The storage directory /workdir/hadoop-ozone/integration-test/target/test-dir/MiniOzoneClusterImpl-f1012d8c-e23c-4237-834a-d6b3ac6768a8/datanode-0/data/ratis/0463a19f-577b-47a3-9024-70c884933e1f does not exist. Creating ...
2019-09-26 13:14:38,068 [pool-127-thread-1] INFO  storage.RaftStorageDirectory (RaftStorageDirectory.java:tryLock(328)) - Lock on /workdir/hadoop-ozone/integration-test/target/test-dir/MiniOzoneClusterImpl-f1012d8c-e23c-4237-834a-d6b3ac6768a8/datanode-0/data/ratis/0463a19f-577b-47a3-9024-70c884933e1f/in_use.lock acquired by nodename 10026@pr-hdds-1569-87zkn-1081879488
2019-09-26 13:14:38,083 [pool-127-thread-1] INFO  storage.RaftStorage (RaftStorage.java:format(72)) - Storage directory /workdir/hadoop-ozone/integration-test/target/test-dir/MiniOzoneClusterImpl-f1012d8c-e23c-4237-834a-d6b3ac6768a8/datanode-0/data/ratis/0463a19f-577b-47a3-9024-70c884933e1f has been successfully formatted.
2019-09-26 13:14:38,083 [pool-127-thread-1] INFO  ratis.ContainerStateMachine (ContainerStateMachine.java:loadSnapshot(230)) - group-70C884933E1F: The snapshot info is null. Setting the last applied indexto:(t:0, i:~)
2019-09-26 13:14:38,084 [pool-127-thread-1] INFO  server.RaftServerConfigKeys (ConfUtils.java:logGet(43)) - raft.server.notification.no-leader.timeout = 120s (custom)
2019-09-26 13:14:38,084 [pool-127-thread-1] INFO  server.RaftServerConfigKeys (ConfUtils.java:logGet(43)) - raft.server.log.use.memory = false (default)
2019-09-26 13:14:38,084 [pool-127-thread-1] INFO  server.RaftServerConfigKeys (ConfUtils.java:logGet(43)) - raft.server.log.purge.gap = 1000000 (custom)
2019-09-26 13:14:38,084 [pool-127-thread-1] INFO  server.RaftServerConfigKeys (ConfUtils.java:logGet(43)) - raft.server.log.appender.buffer.byte-limit = 33554432 (custom)
2019-09-26 13:14:38,084 [pool-127-thread-1] INFO  server.RaftServerConfigKeys (ConfUtils.java:logGet(43)) - raft.server.log.segment.size.max = 1048576 (custom)
2019-09-26 13:14:38,084 [pool-127-thread-1] INFO  server.RaftServerConfigKeys (ConfUtils.java:logGet(43)) - raft.server.log.segment.cache.num.max = 2 (custom)
2019-09-26 13:14:38,084 [pool-127-thread-1] INFO  segmented.SegmentedRaftLogWorker (SegmentedRaftLogWorker.java:<init>(172)) - new 889b6bd5-667f-4014-9c6a-1d248de10fa9@group-70C884933E1F-SegmentedRaftLogWorker for RaftStorage:Storage Directory /workdir/hadoop-ozone/integration-test/target/test-dir/MiniOzoneClusterImpl-f1012d8c-e23c-4237-834a-d6b3ac6768a8/datanode-0/data/ratis/0463a19f-577b-47a3-9024-70c884933e1f
2019-09-26 13:14:38,084 [pool-127-thread-1] INFO  server.RaftServerConfigKeys (ConfUtils.java:logGet(43)) - raft.server.log.queue.byte-limit = 2147483647 (custom)
2019-09-26 13:14:38,084 [pool-127-thread-1] INFO  server.RaftServerConfigKeys (ConfUtils.java:logGet(43)) - raft.server.log.queue.element-limit = 1024 (custom)
2019-09-26 13:14:38,085 [pool-127-thread-1] INFO  server.RaftServerConfigKeys (ConfUtils.java:logGet(43)) - raft.server.log.segment.size.max = 1048576 (custom)
2019-09-26 13:14:38,085 [pool-127-thread-1] INFO  server.RaftServerConfigKeys (ConfUtils.java:logGet(43)) - raft.server.log.preallocated.size = 16384 (custom)
2019-09-26 13:14:38,085 [pool-127-thread-1] INFO  server.RaftServerConfigKeys (ConfUtils.java:logGet(43)) - raft.server.log.write.buffer.size = 33554432 (custom)
2019-09-26 13:14:38,085 [pool-127-thread-1] INFO  server.RaftServerConfigKeys (ConfUtils.java:logGet(43)) - raft.server.log.force.sync.num = 128 (default)
2019-09-26 13:14:38,085 [pool-127-thread-1] INFO  server.RaftServerConfigKeys (ConfUtils.java:logGet(43)) - raft.server.log.statemachine.data.sync = true (default)
2019-09-26 13:14:38,085 [pool-127-thread-1] INFO  server.RaftServerConfigKeys (ConfUtils.java:logGet(43)) - raft.server.log.statemachine.data.sync.timeout = 10s (default)
2019-09-26 13:14:38,085 [pool-127-thread-1] INFO  server.RaftServerConfigKeys (ConfUtils.java:logGet(43)) - raft.server.log.statemachine.data.sync.timeout.retry = -1 (default)
2019-09-26 13:14:38,085 [pool-127-thread-1] INFO  server.RaftServerConfigKeys (ConfUtils.java:logGet(43)) - raft.server.log.statemachine.data.caching.enabled = true (custom)
2019-09-26 13:14:38,085 [pool-127-thread-1] INFO  segmented.SegmentedRaftLogWorker (SegmentedRaftLogWorker.java:lambda$new$0(132)) - 889b6bd5-667f-4014-9c6a-1d248de10fa9@group-70C884933E1F-SegmentedRaftLogWorker: flushIndex: setUnconditionally 0 -> -1
2019-09-26 13:14:38,086 [pool-127-thread-1] INFO  server.RaftServerConfigKeys (ConfUtils.java:logGet(43)) - raft.server.snapshot.auto.trigger.enabled = true (custom)
2019-09-26 13:14:38,086 [pool-127-thread-1] INFO  server.RaftServerConfigKeys (ConfUtils.java:logGet(43)) - raft.server.snapshot.auto.trigger.threshold = 10000 (custom)
2019-09-26 13:14:38,086 [pool-127-thread-1] INFO  server.RaftServerConfigKeys (ConfUtils.java:logGet(43)) - raft.server.snapshot.retention.num.files = 5 (custom)
2019-09-26 13:14:38,086 [pool-127-thread-1] INFO  server.RaftServerConfigKeys (ConfUtils.java:logGet(43)) - raft.server.retrycache.expirytime = 600000ms (custom)
2019-09-26 13:14:38,087 [pool-127-thread-1] INFO  impl.RaftServerImpl (RaftServerImpl.java:start(185)) - 889b6bd5-667f-4014-9c6a-1d248de10fa9@group-70C884933E1F: start as a follower, conf=-1: [889b6bd5-667f-4014-9c6a-1d248de10fa9:192.168.164.238:35860], old=null
2019-09-26 13:14:38,088 [pool-127-thread-1] INFO  impl.RaftServerImpl (RaftServerImpl.java:setRole(174)) - 889b6bd5-667f-4014-9c6a-1d248de10fa9@group-70C884933E1F: changes role from      null to FOLLOWER at term 0 for startAsFollower
2019-09-26 13:14:38,088 [pool-127-thread-1] INFO  impl.RoleInfo (RoleInfo.java:updateAndGet(143)) - 889b6bd5-667f-4014-9c6a-1d248de10fa9: start FollowerState
2019-09-26 13:14:38,088 [pool-127-thread-1] INFO  util.JmxRegister (JmxRegister.java:tryRegister(44)) - Successfully registered JMX Bean with object name Ratis:service=RaftServer,group=group-70C884933E1F,id=889b6bd5-667f-4014-9c6a-1d248de10fa9
2019-09-26 13:14:38,090 [RatisPipelineUtilsThread] INFO  pipeline.PipelineStateManager (PipelineStateManager.java:addPipeline(56)) - Created pipeline Pipeline[ Id: 0463a19f-577b-47a3-9024-70c884933e1f, Nodes: 889b6bd5-667f-4014-9c6a-1d248de10fa9{ip: 192.168.164.238, host: pr-hdds-1569-87zkn-1081879488, networkLocation: /default-rack, certSerialId: null}, Type:RATIS, Factor:ONE, State:OPEN]
2019-09-26 13:14:38,091 [RatisPipelineUtilsThread] INFO  pipeline.PipelinePlacementPolicy (PipelinePlacementPolicy.java:meetCriteria(91)) - Pipeline Placement: can't place more pipeline on heavy datanode： 889b6bd5-667f-4014-9c6a-1d248de10fa9 Heaviness: 6 limit: 5
2019-09-26 13:14:38,091 [RatisPipelineUtilsThread] INFO  pipeline.PipelinePlacementPolicy (PipelinePlacementPolicy.java:meetCriteria(91)) - Pipeline Placement: can't place more pipeline on heavy datanode： 7356840b-7827-4030-93dd-688c3f051915 Heaviness: 6 limit: 5
2019-09-26 13:14:38,096 [grpc-default-executor-0] INFO  impl.RaftServerProxy (RaftServerProxy.java:addNew(89)) - c4e1b93a-90f2-4165-be12-1b771b331b8e: addNew group-5CCDAA3609F7:[c4e1b93a-90f2-4165-be12-1b771b331b8e:192.168.164.238:35258] returns group-5CCDAA3609F7:java.util.concurrent.CompletableFuture@1f04d75e[Not completed]
2019-09-26 13:14:38,097 [pool-147-thread-1] INFO  impl.RaftServerImpl (RaftServerImpl.java:<init>(95)) - c4e1b93a-90f2-4165-be12-1b771b331b8e: new RaftServerImpl for group-5CCDAA3609F7:[c4e1b93a-90f2-4165-be12-1b771b331b8e:192.168.164.238:35258] with ContainerStateMachine:uninitialized
2019-09-26 13:14:38,097 [pool-147-thread-1] INFO  server.RaftServerConfigKeys (ConfUtils.java:logGet(43)) - raft.server.rpc.timeout.min = 5s (custom)
2019-09-26 13:14:38,098 [pool-147-thread-1] INFO  server.RaftServerConfigKeys (ConfUtils.java:logGet(43)) - raft.server.rpc.timeout.max = 5200ms (custom)
2019-09-26 13:14:38,098 [pool-147-thread-1] INFO  server.RaftServerConfigKeys (ConfUtils.java:logGet(43)) - raft.server.rpcslowness.timeout = 120s (custom)
2019-09-26 13:14:38,098 [pool-147-thread-1] INFO  server.RaftServerConfigKeys (ConfUtils.java:logGet(43)) - raft.server.sleep.deviation.threshold = 300 (default)
2019-09-26 13:14:38,098 [pool-147-thread-1] INFO  server.RaftServerConfigKeys (ConfUtils.java:logGet(43)) - raft.server.log.appender.install.snapshot.enabled = false (custom)
2019-09-26 13:14:38,098 [pool-147-thread-1] INFO  impl.RaftServerImpl (ServerState.java:<init>(103)) - c4e1b93a-90f2-4165-be12-1b771b331b8e@group-5CCDAA3609F7: ConfigurationManager, init=-1: [c4e1b93a-90f2-4165-be12-1b771b331b8e:192.168.164.238:35258], old=null, confs=<EMPTY_MAP>
2019-09-26 13:14:38,098 [pool-147-thread-1] INFO  server.RaftServerConfigKeys (ConfUtils.java:logGet(43)) - raft.server.storage.dir = [/workdir/hadoop-ozone/integration-test/target/test-dir/MiniOzoneClusterImpl-f1012d8c-e23c-4237-834a-d6b3ac6768a8/datanode-2/data/ratis] (custom)
2019-09-26 13:14:38,099 [pool-147-thread-1] INFO  storage.RaftStorageDirectory (RaftStorageDirectory.java:analyzeStorage(246)) - The storage directory /workdir/hadoop-ozone/integration-test/target/test-dir/MiniOzoneClusterImpl-f1012d8c-e23c-4237-834a-d6b3ac6768a8/datanode-2/data/ratis/284632a2-e519-418f-8587-5ccdaa3609f7 does not exist. Creating ...
2019-09-26 13:14:38,112 [pool-147-thread-1] INFO  storage.RaftStorageDirectory (RaftStorageDirectory.java:tryLock(328)) - Lock on /workdir/hadoop-ozone/integration-test/target/test-dir/MiniOzoneClusterImpl-f1012d8c-e23c-4237-834a-d6b3ac6768a8/datanode-2/data/ratis/284632a2-e519-418f-8587-5ccdaa3609f7/in_use.lock acquired by nodename 10026@pr-hdds-1569-87zkn-1081879488
2019-09-26 13:14:38,128 [pool-147-thread-1] INFO  storage.RaftStorage (RaftStorage.java:format(72)) - Storage directory /workdir/hadoop-ozone/integration-test/target/test-dir/MiniOzoneClusterImpl-f1012d8c-e23c-4237-834a-d6b3ac6768a8/datanode-2/data/ratis/284632a2-e519-418f-8587-5ccdaa3609f7 has been successfully formatted.
2019-09-26 13:14:38,128 [pool-147-thread-1] INFO  ratis.ContainerStateMachine (ContainerStateMachine.java:loadSnapshot(230)) - group-5CCDAA3609F7: The snapshot info is null. Setting the last applied indexto:(t:0, i:~)
2019-09-26 13:14:38,128 [pool-147-thread-1] INFO  server.RaftServerConfigKeys (ConfUtils.java:logGet(43)) - raft.server.notification.no-leader.timeout = 120s (custom)
2019-09-26 13:14:38,128 [pool-147-thread-1] INFO  server.RaftServerConfigKeys (ConfUtils.java:logGet(43)) - raft.server.log.use.memory = false (default)
2019-09-26 13:14:38,129 [pool-147-thread-1] INFO  server.RaftServerConfigKeys (ConfUtils.java:logGet(43)) - raft.server.log.purge.gap = 1000000 (custom)
2019-09-26 13:14:38,129 [pool-147-thread-1] INFO  server.RaftServerConfigKeys (ConfUtils.java:logGet(43)) - raft.server.log.appender.buffer.byte-limit = 33554432 (custom)
2019-09-26 13:14:38,129 [pool-147-thread-1] INFO  server.RaftServerConfigKeys (ConfUtils.java:logGet(43)) - raft.server.log.segment.size.max = 1048576 (custom)
2019-09-26 13:14:38,129 [pool-147-thread-1] INFO  server.RaftServerConfigKeys (ConfUtils.java:logGet(43)) - raft.server.log.segment.cache.num.max = 2 (custom)
2019-09-26 13:14:38,129 [pool-147-thread-1] INFO  segmented.SegmentedRaftLogWorker (SegmentedRaftLogWorker.java:<init>(172)) - new c4e1b93a-90f2-4165-be12-1b771b331b8e@group-5CCDAA3609F7-SegmentedRaftLogWorker for RaftStorage:Storage Directory /workdir/hadoop-ozone/integration-test/target/test-dir/MiniOzoneClusterImpl-f1012d8c-e23c-4237-834a-d6b3ac6768a8/datanode-2/data/ratis/284632a2-e519-418f-8587-5ccdaa3609f7
2019-09-26 13:14:38,129 [pool-147-thread-1] INFO  server.RaftServerConfigKeys (ConfUtils.java:logGet(43)) - raft.server.log.queue.byte-limit = 2147483647 (custom)
2019-09-26 13:14:38,130 [pool-147-thread-1] INFO  server.RaftServerConfigKeys (ConfUtils.java:logGet(43)) - raft.server.log.queue.element-limit = 1024 (custom)
2019-09-26 13:14:38,130 [pool-147-thread-1] INFO  server.RaftServerConfigKeys (ConfUtils.java:logGet(43)) - raft.server.log.segment.size.max = 1048576 (custom)
2019-09-26 13:14:38,130 [pool-147-thread-1] INFO  server.RaftServerConfigKeys (ConfUtils.java:logGet(43)) - raft.server.log.preallocated.size = 16384 (custom)
2019-09-26 13:14:38,130 [pool-147-thread-1] INFO  server.RaftServerConfigKeys (ConfUtils.java:logGet(43)) - raft.server.log.write.buffer.size = 33554432 (custom)
2019-09-26 13:14:38,130 [pool-147-thread-1] INFO  server.RaftServerConfigKeys (ConfUtils.java:logGet(43)) - raft.server.log.force.sync.num = 128 (default)
2019-09-26 13:14:38,131 [pool-147-thread-1] INFO  server.RaftServerConfigKeys (ConfUtils.java:logGet(43)) - raft.server.log.statemachine.data.sync = true (default)
2019-09-26 13:14:38,131 [pool-147-thread-1] INFO  server.RaftServerConfigKeys (ConfUtils.java:logGet(43)) - raft.server.log.statemachine.data.sync.timeout = 10s (default)
2019-09-26 13:14:38,131 [pool-147-thread-1] INFO  server.RaftServerConfigKeys (ConfUtils.java:logGet(43)) - raft.server.log.statemachine.data.sync.timeout.retry = -1 (default)
2019-09-26 13:14:38,131 [pool-147-thread-1] INFO  server.RaftServerConfigKeys (ConfUtils.java:logGet(43)) - raft.server.log.statemachine.data.caching.enabled = true (custom)
2019-09-26 13:14:38,132 [pool-147-thread-1] INFO  segmented.SegmentedRaftLogWorker (SegmentedRaftLogWorker.java:lambda$new$0(132)) - c4e1b93a-90f2-4165-be12-1b771b331b8e@group-5CCDAA3609F7-SegmentedRaftLogWorker: flushIndex: setUnconditionally 0 -> -1
2019-09-26 13:14:38,132 [pool-147-thread-1] INFO  server.RaftServerConfigKeys (ConfUtils.java:logGet(43)) - raft.server.snapshot.auto.trigger.enabled = true (custom)
2019-09-26 13:14:38,132 [pool-147-thread-1] INFO  server.RaftServerConfigKeys (ConfUtils.java:logGet(43)) - raft.server.snapshot.auto.trigger.threshold = 10000 (custom)
2019-09-26 13:14:38,132 [pool-147-thread-1] INFO  server.RaftServerConfigKeys (ConfUtils.java:logGet(43)) - raft.server.snapshot.retention.num.files = 5 (custom)
2019-09-26 13:14:38,132 [pool-147-thread-1] INFO  server.RaftServerConfigKeys (ConfUtils.java:logGet(43)) - raft.server.retrycache.expirytime = 600000ms (custom)
2019-09-26 13:14:38,135 [pool-147-thread-1] INFO  impl.RaftServerImpl (RaftServerImpl.java:start(185)) - c4e1b93a-90f2-4165-be12-1b771b331b8e@group-5CCDAA3609F7: start as a follower, conf=-1: [c4e1b93a-90f2-4165-be12-1b771b331b8e:192.168.164.238:35258], old=null
2019-09-26 13:14:38,135 [pool-147-thread-1] INFO  impl.RaftServerImpl (RaftServerImpl.java:setRole(174)) - c4e1b93a-90f2-4165-be12-1b771b331b8e@group-5CCDAA3609F7: changes role from      null to FOLLOWER at term 0 for startAsFollower
2019-09-26 13:14:38,136 [pool-147-thread-1] INFO  impl.RoleInfo (RoleInfo.java:updateAndGet(143)) - c4e1b93a-90f2-4165-be12-1b771b331b8e: start FollowerState
2019-09-26 13:14:38,136 [pool-147-thread-1] INFO  util.JmxRegister (JmxRegister.java:tryRegister(44)) - Successfully registered JMX Bean with object name Ratis:service=RaftServer,group=group-5CCDAA3609F7,id=c4e1b93a-90f2-4165-be12-1b771b331b8e
2019-09-26 13:14:38,139 [RatisPipelineUtilsThread] INFO  pipeline.PipelineStateManager (PipelineStateManager.java:addPipeline(56)) - Created pipeline Pipeline[ Id: 284632a2-e519-418f-8587-5ccdaa3609f7, Nodes: c4e1b93a-90f2-4165-be12-1b771b331b8e{ip: 192.168.164.238, host: pr-hdds-1569-87zkn-1081879488, networkLocation: /default-rack, certSerialId: null}, Type:RATIS, Factor:ONE, State:OPEN]
2019-09-26 13:14:38,139 [RatisPipelineUtilsThread] INFO  pipeline.PipelinePlacementPolicy (PipelinePlacementPolicy.java:meetCriteria(91)) - Pipeline Placement: can't place more pipeline on heavy datanode： 889b6bd5-667f-4014-9c6a-1d248de10fa9 Heaviness: 6 limit: 5
2019-09-26 13:14:38,139 [RatisPipelineUtilsThread] INFO  pipeline.PipelinePlacementPolicy (PipelinePlacementPolicy.java:meetCriteria(91)) - Pipeline Placement: can't place more pipeline on heavy datanode： 7356840b-7827-4030-93dd-688c3f051915 Heaviness: 6 limit: 5
2019-09-26 13:14:38,145 [grpc-default-executor-0] INFO  impl.RaftServerProxy (RaftServerProxy.java:addNew(89)) - c4e1b93a-90f2-4165-be12-1b771b331b8e: addNew group-DAAB05F8EF94:[c4e1b93a-90f2-4165-be12-1b771b331b8e:192.168.164.238:35258] returns group-DAAB05F8EF94:java.util.concurrent.CompletableFuture@4fa4a399[Not completed]
2019-09-26 13:14:38,147 [pool-147-thread-1] INFO  impl.RaftServerImpl (RaftServerImpl.java:<init>(95)) - c4e1b93a-90f2-4165-be12-1b771b331b8e: new RaftServerImpl for group-DAAB05F8EF94:[c4e1b93a-90f2-4165-be12-1b771b331b8e:192.168.164.238:35258] with ContainerStateMachine:uninitialized
2019-09-26 13:14:38,147 [pool-147-thread-1] INFO  server.RaftServerConfigKeys (ConfUtils.java:logGet(43)) - raft.server.rpc.timeout.min = 5s (custom)
2019-09-26 13:14:38,147 [pool-147-thread-1] INFO  server.RaftServerConfigKeys (ConfUtils.java:logGet(43)) - raft.server.rpc.timeout.max = 5200ms (custom)
2019-09-26 13:14:38,147 [pool-147-thread-1] INFO  server.RaftServerConfigKeys (ConfUtils.java:logGet(43)) - raft.server.rpcslowness.timeout = 120s (custom)
2019-09-26 13:14:38,147 [pool-147-thread-1] INFO  server.RaftServerConfigKeys (ConfUtils.java:logGet(43)) - raft.server.sleep.deviation.threshold = 300 (default)
2019-09-26 13:14:38,147 [pool-147-thread-1] INFO  server.RaftServerConfigKeys (ConfUtils.java:logGet(43)) - raft.server.log.appender.install.snapshot.enabled = false (custom)
2019-09-26 13:14:38,148 [pool-147-thread-1] INFO  impl.RaftServerImpl (ServerState.java:<init>(103)) - c4e1b93a-90f2-4165-be12-1b771b331b8e@group-DAAB05F8EF94: ConfigurationManager, init=-1: [c4e1b93a-90f2-4165-be12-1b771b331b8e:192.168.164.238:35258], old=null, confs=<EMPTY_MAP>
2019-09-26 13:14:38,148 [pool-147-thread-1] INFO  server.RaftServerConfigKeys (ConfUtils.java:logGet(43)) - raft.server.storage.dir = [/workdir/hadoop-ozone/integration-test/target/test-dir/MiniOzoneClusterImpl-f1012d8c-e23c-4237-834a-d6b3ac6768a8/datanode-2/data/ratis] (custom)
2019-09-26 13:14:38,148 [pool-147-thread-1] INFO  storage.RaftStorageDirectory (RaftStorageDirectory.java:analyzeStorage(246)) - The storage directory /workdir/hadoop-ozone/integration-test/target/test-dir/MiniOzoneClusterImpl-f1012d8c-e23c-4237-834a-d6b3ac6768a8/datanode-2/data/ratis/1a56d47c-5f8b-42d2-a92a-daab05f8ef94 does not exist. Creating ...
2019-09-26 13:14:38,163 [pool-147-thread-1] INFO  storage.RaftStorageDirectory (RaftStorageDirectory.java:tryLock(328)) - Lock on /workdir/hadoop-ozone/integration-test/target/test-dir/MiniOzoneClusterImpl-f1012d8c-e23c-4237-834a-d6b3ac6768a8/datanode-2/data/ratis/1a56d47c-5f8b-42d2-a92a-daab05f8ef94/in_use.lock acquired by nodename 10026@pr-hdds-1569-87zkn-1081879488
2019-09-26 13:14:38,176 [pool-147-thread-1] INFO  storage.RaftStorage (RaftStorage.java:format(72)) - Storage directory /workdir/hadoop-ozone/integration-test/target/test-dir/MiniOzoneClusterImpl-f1012d8c-e23c-4237-834a-d6b3ac6768a8/datanode-2/data/ratis/1a56d47c-5f8b-42d2-a92a-daab05f8ef94 has been successfully formatted.
2019-09-26 13:14:38,176 [pool-147-thread-1] INFO  ratis.ContainerStateMachine (ContainerStateMachine.java:loadSnapshot(230)) - group-DAAB05F8EF94: The snapshot info is null. Setting the last applied indexto:(t:0, i:~)
2019-09-26 13:14:38,176 [pool-147-thread-1] INFO  server.RaftServerConfigKeys (ConfUtils.java:logGet(43)) - raft.server.notification.no-leader.timeout = 120s (custom)
2019-09-26 13:14:38,176 [pool-147-thread-1] INFO  server.RaftServerConfigKeys (ConfUtils.java:logGet(43)) - raft.server.log.use.memory = false (default)
2019-09-26 13:14:38,177 [pool-147-thread-1] INFO  server.RaftServerConfigKeys (ConfUtils.java:logGet(43)) - raft.server.log.purge.gap = 1000000 (custom)
2019-09-26 13:14:38,177 [pool-147-thread-1] INFO  server.RaftServerConfigKeys (ConfUtils.java:logGet(43)) - raft.server.log.appender.buffer.byte-limit = 33554432 (custom)
2019-09-26 13:14:38,177 [pool-147-thread-1] INFO  server.RaftServerConfigKeys (ConfUtils.java:logGet(43)) - raft.server.log.segment.size.max = 1048576 (custom)
2019-09-26 13:14:38,177 [pool-147-thread-1] INFO  server.RaftServerConfigKeys (ConfUtils.java:logGet(43)) - raft.server.log.segment.cache.num.max = 2 (custom)
2019-09-26 13:14:38,177 [pool-147-thread-1] INFO  segmented.SegmentedRaftLogWorker (SegmentedRaftLogWorker.java:<init>(172)) - new c4e1b93a-90f2-4165-be12-1b771b331b8e@group-DAAB05F8EF94-SegmentedRaftLogWorker for RaftStorage:Storage Directory /workdir/hadoop-ozone/integration-test/target/test-dir/MiniOzoneClusterImpl-f1012d8c-e23c-4237-834a-d6b3ac6768a8/datanode-2/data/ratis/1a56d47c-5f8b-42d2-a92a-daab05f8ef94
2019-09-26 13:14:38,177 [pool-147-thread-1] INFO  server.RaftServerConfigKeys (ConfUtils.java:logGet(43)) - raft.server.log.queue.byte-limit = 2147483647 (custom)
2019-09-26 13:14:38,178 [pool-147-thread-1] INFO  server.RaftServerConfigKeys (ConfUtils.java:logGet(43)) - raft.server.log.queue.element-limit = 1024 (custom)
2019-09-26 13:14:38,178 [pool-147-thread-1] INFO  server.RaftServerConfigKeys (ConfUtils.java:logGet(43)) - raft.server.log.segment.size.max = 1048576 (custom)
2019-09-26 13:14:38,178 [pool-147-thread-1] INFO  server.RaftServerConfigKeys (ConfUtils.java:logGet(43)) - raft.server.log.preallocated.size = 16384 (custom)
2019-09-26 13:14:38,178 [pool-147-thread-1] INFO  server.RaftServerConfigKeys (ConfUtils.java:logGet(43)) - raft.server.log.write.buffer.size = 33554432 (custom)
2019-09-26 13:14:38,178 [pool-147-thread-1] INFO  server.RaftServerConfigKeys (ConfUtils.java:logGet(43)) - raft.server.log.force.sync.num = 128 (default)
2019-09-26 13:14:38,178 [pool-147-thread-1] INFO  server.RaftServerConfigKeys (ConfUtils.java:logGet(43)) - raft.server.log.statemachine.data.sync = true (default)
2019-09-26 13:14:38,179 [pool-147-thread-1] INFO  server.RaftServerConfigKeys (ConfUtils.java:logGet(43)) - raft.server.log.statemachine.data.sync.timeout = 10s (default)
2019-09-26 13:14:38,179 [pool-147-thread-1] INFO  server.RaftServerConfigKeys (ConfUtils.java:logGet(43)) - raft.server.log.statemachine.data.sync.timeout.retry = -1 (default)
2019-09-26 13:14:38,179 [pool-147-thread-1] INFO  server.RaftServerConfigKeys (ConfUtils.java:logGet(43)) - raft.server.log.statemachine.data.caching.enabled = true (custom)
2019-09-26 13:14:38,179 [pool-147-thread-1] INFO  segmented.SegmentedRaftLogWorker (SegmentedRaftLogWorker.java:lambda$new$0(132)) - c4e1b93a-90f2-4165-be12-1b771b331b8e@group-DAAB05F8EF94-SegmentedRaftLogWorker: flushIndex: setUnconditionally 0 -> -1
2019-09-26 13:14:38,180 [pool-147-thread-1] INFO  server.RaftServerConfigKeys (ConfUtils.java:logGet(43)) - raft.server.snapshot.auto.trigger.enabled = true (custom)
2019-09-26 13:14:38,180 [pool-147-thread-1] INFO  server.RaftServerConfigKeys (ConfUtils.java:logGet(43)) - raft.server.snapshot.auto.trigger.threshold = 10000 (custom)
2019-09-26 13:14:38,180 [pool-147-thread-1] INFO  server.RaftServerConfigKeys (ConfUtils.java:logGet(43)) - raft.server.snapshot.retention.num.files = 5 (custom)
2019-09-26 13:14:38,180 [pool-147-thread-1] INFO  server.RaftServerConfigKeys (ConfUtils.java:logGet(43)) - raft.server.retrycache.expirytime = 600000ms (custom)
2019-09-26 13:14:38,183 [pool-147-thread-1] INFO  impl.RaftServerImpl (RaftServerImpl.java:start(185)) - c4e1b93a-90f2-4165-be12-1b771b331b8e@group-DAAB05F8EF94: start as a follower, conf=-1: [c4e1b93a-90f2-4165-be12-1b771b331b8e:192.168.164.238:35258], old=null
2019-09-26 13:14:38,183 [pool-147-thread-1] INFO  impl.RaftServerImpl (RaftServerImpl.java:setRole(174)) - c4e1b93a-90f2-4165-be12-1b771b331b8e@group-DAAB05F8EF94: changes role from      null to FOLLOWER at term 0 for startAsFollower
2019-09-26 13:14:38,183 [pool-147-thread-1] INFO  impl.RoleInfo (RoleInfo.java:updateAndGet(143)) - c4e1b93a-90f2-4165-be12-1b771b331b8e: start FollowerState
2019-09-26 13:14:38,184 [pool-147-thread-1] INFO  util.JmxRegister (JmxRegister.java:tryRegister(44)) - Successfully registered JMX Bean with object name Ratis:service=RaftServer,group=group-DAAB05F8EF94,id=c4e1b93a-90f2-4165-be12-1b771b331b8e
2019-09-26 13:14:38,187 [RatisPipelineUtilsThread] INFO  pipeline.PipelineStateManager (PipelineStateManager.java:addPipeline(56)) - Created pipeline Pipeline[ Id: 1a56d47c-5f8b-42d2-a92a-daab05f8ef94, Nodes: c4e1b93a-90f2-4165-be12-1b771b331b8e{ip: 192.168.164.238, host: pr-hdds-1569-87zkn-1081879488, networkLocation: /default-rack, certSerialId: null}, Type:RATIS, Factor:ONE, State:OPEN]
2019-09-26 13:14:38,187 [RatisPipelineUtilsThread] INFO  pipeline.PipelinePlacementPolicy (PipelinePlacementPolicy.java:meetCriteria(91)) - Pipeline Placement: can't place more pipeline on heavy datanode： 889b6bd5-667f-4014-9c6a-1d248de10fa9 Heaviness: 6 limit: 5
2019-09-26 13:14:38,187 [RatisPipelineUtilsThread] INFO  pipeline.PipelinePlacementPolicy (PipelinePlacementPolicy.java:meetCriteria(91)) - Pipeline Placement: can't place more pipeline on heavy datanode： 7356840b-7827-4030-93dd-688c3f051915 Heaviness: 6 limit: 5
2019-09-26 13:14:38,192 [grpc-default-executor-0] INFO  impl.RaftServerProxy (RaftServerProxy.java:addNew(89)) - c4e1b93a-90f2-4165-be12-1b771b331b8e: addNew group-B007EDF525BC:[c4e1b93a-90f2-4165-be12-1b771b331b8e:192.168.164.238:35258] returns group-B007EDF525BC:java.util.concurrent.CompletableFuture@67d5c71c[Not completed]
2019-09-26 13:14:38,194 [pool-147-thread-1] INFO  impl.RaftServerImpl (RaftServerImpl.java:<init>(95)) - c4e1b93a-90f2-4165-be12-1b771b331b8e: new RaftServerImpl for group-B007EDF525BC:[c4e1b93a-90f2-4165-be12-1b771b331b8e:192.168.164.238:35258] with ContainerStateMachine:uninitialized
2019-09-26 13:14:38,194 [pool-147-thread-1] INFO  server.RaftServerConfigKeys (ConfUtils.java:logGet(43)) - raft.server.rpc.timeout.min = 5s (custom)
2019-09-26 13:14:38,194 [pool-147-thread-1] INFO  server.RaftServerConfigKeys (ConfUtils.java:logGet(43)) - raft.server.rpc.timeout.max = 5200ms (custom)
2019-09-26 13:14:38,194 [pool-147-thread-1] INFO  server.RaftServerConfigKeys (ConfUtils.java:logGet(43)) - raft.server.rpcslowness.timeout = 120s (custom)
2019-09-26 13:14:38,194 [pool-147-thread-1] INFO  server.RaftServerConfigKeys (ConfUtils.java:logGet(43)) - raft.server.sleep.deviation.threshold = 300 (default)
2019-09-26 13:14:38,195 [pool-147-thread-1] INFO  server.RaftServerConfigKeys (ConfUtils.java:logGet(43)) - raft.server.log.appender.install.snapshot.enabled = false (custom)
2019-09-26 13:14:38,195 [pool-147-thread-1] INFO  impl.RaftServerImpl (ServerState.java:<init>(103)) - c4e1b93a-90f2-4165-be12-1b771b331b8e@group-B007EDF525BC: ConfigurationManager, init=-1: [c4e1b93a-90f2-4165-be12-1b771b331b8e:192.168.164.238:35258], old=null, confs=<EMPTY_MAP>
2019-09-26 13:14:38,195 [pool-147-thread-1] INFO  server.RaftServerConfigKeys (ConfUtils.java:logGet(43)) - raft.server.storage.dir = [/workdir/hadoop-ozone/integration-test/target/test-dir/MiniOzoneClusterImpl-f1012d8c-e23c-4237-834a-d6b3ac6768a8/datanode-2/data/ratis] (custom)
2019-09-26 13:14:38,195 [pool-147-thread-1] INFO  storage.RaftStorageDirectory (RaftStorageDirectory.java:analyzeStorage(246)) - The storage directory /workdir/hadoop-ozone/integration-test/target/test-dir/MiniOzoneClusterImpl-f1012d8c-e23c-4237-834a-d6b3ac6768a8/datanode-2/data/ratis/7eb7218f-f642-42ff-bf81-b007edf525bc does not exist. Creating ...
2019-09-26 13:14:38,208 [pool-147-thread-1] INFO  storage.RaftStorageDirectory (RaftStorageDirectory.java:tryLock(328)) - Lock on /workdir/hadoop-ozone/integration-test/target/test-dir/MiniOzoneClusterImpl-f1012d8c-e23c-4237-834a-d6b3ac6768a8/datanode-2/data/ratis/7eb7218f-f642-42ff-bf81-b007edf525bc/in_use.lock acquired by nodename 10026@pr-hdds-1569-87zkn-1081879488
2019-09-26 13:14:38,224 [pool-147-thread-1] INFO  storage.RaftStorage (RaftStorage.java:format(72)) - Storage directory /workdir/hadoop-ozone/integration-test/target/test-dir/MiniOzoneClusterImpl-f1012d8c-e23c-4237-834a-d6b3ac6768a8/datanode-2/data/ratis/7eb7218f-f642-42ff-bf81-b007edf525bc has been successfully formatted.
2019-09-26 13:14:38,224 [pool-147-thread-1] INFO  ratis.ContainerStateMachine (ContainerStateMachine.java:loadSnapshot(230)) - group-B007EDF525BC: The snapshot info is null. Setting the last applied indexto:(t:0, i:~)
2019-09-26 13:14:38,224 [pool-147-thread-1] INFO  server.RaftServerConfigKeys (ConfUtils.java:logGet(43)) - raft.server.notification.no-leader.timeout = 120s (custom)
2019-09-26 13:14:38,225 [pool-147-thread-1] INFO  server.RaftServerConfigKeys (ConfUtils.java:logGet(43)) - raft.server.log.use.memory = false (default)
2019-09-26 13:14:38,225 [pool-147-thread-1] INFO  server.RaftServerConfigKeys (ConfUtils.java:logGet(43)) - raft.server.log.purge.gap = 1000000 (custom)
2019-09-26 13:14:38,225 [pool-147-thread-1] INFO  server.RaftServerConfigKeys (ConfUtils.java:logGet(43)) - raft.server.log.appender.buffer.byte-limit = 33554432 (custom)
2019-09-26 13:14:38,225 [pool-147-thread-1] INFO  server.RaftServerConfigKeys (ConfUtils.java:logGet(43)) - raft.server.log.segment.size.max = 1048576 (custom)
2019-09-26 13:14:38,225 [pool-147-thread-1] INFO  server.RaftServerConfigKeys (ConfUtils.java:logGet(43)) - raft.server.log.segment.cache.num.max = 2 (custom)
2019-09-26 13:14:38,225 [pool-147-thread-1] INFO  segmented.SegmentedRaftLogWorker (SegmentedRaftLogWorker.java:<init>(172)) - new c4e1b93a-90f2-4165-be12-1b771b331b8e@group-B007EDF525BC-SegmentedRaftLogWorker for RaftStorage:Storage Directory /workdir/hadoop-ozone/integration-test/target/test-dir/MiniOzoneClusterImpl-f1012d8c-e23c-4237-834a-d6b3ac6768a8/datanode-2/data/ratis/7eb7218f-f642-42ff-bf81-b007edf525bc
2019-09-26 13:14:38,226 [pool-147-thread-1] INFO  server.RaftServerConfigKeys (ConfUtils.java:logGet(43)) - raft.server.log.queue.byte-limit = 2147483647 (custom)
2019-09-26 13:14:38,226 [pool-147-thread-1] INFO  server.RaftServerConfigKeys (ConfUtils.java:logGet(43)) - raft.server.log.queue.element-limit = 1024 (custom)
2019-09-26 13:14:38,226 [pool-147-thread-1] INFO  server.RaftServerConfigKeys (ConfUtils.java:logGet(43)) - raft.server.log.segment.size.max = 1048576 (custom)
2019-09-26 13:14:38,226 [pool-147-thread-1] INFO  server.RaftServerConfigKeys (ConfUtils.java:logGet(43)) - raft.server.log.preallocated.size = 16384 (custom)
2019-09-26 13:14:38,226 [pool-147-thread-1] INFO  server.RaftServerConfigKeys (ConfUtils.java:logGet(43)) - raft.server.log.write.buffer.size = 33554432 (custom)
2019-09-26 13:14:38,226 [pool-147-thread-1] INFO  server.RaftServerConfigKeys (ConfUtils.java:logGet(43)) - raft.server.log.force.sync.num = 128 (default)
2019-09-26 13:14:38,226 [pool-147-thread-1] INFO  server.RaftServerConfigKeys (ConfUtils.java:logGet(43)) - raft.server.log.statemachine.data.sync = true (default)
2019-09-26 13:14:38,227 [pool-147-thread-1] INFO  server.RaftServerConfigKeys (ConfUtils.java:logGet(43)) - raft.server.log.statemachine.data.sync.timeout = 10s (default)
2019-09-26 13:14:38,227 [pool-147-thread-1] INFO  server.RaftServerConfigKeys (ConfUtils.java:logGet(43)) - raft.server.log.statemachine.data.sync.timeout.retry = -1 (default)
2019-09-26 13:14:38,227 [pool-147-thread-1] INFO  server.RaftServerConfigKeys (ConfUtils.java:logGet(43)) - raft.server.log.statemachine.data.caching.enabled = true (custom)
2019-09-26 13:14:38,237 [pool-147-thread-1] INFO  segmented.SegmentedRaftLogWorker (SegmentedRaftLogWorker.java:lambda$new$0(132)) - c4e1b93a-90f2-4165-be12-1b771b331b8e@group-B007EDF525BC-SegmentedRaftLogWorker: flushIndex: setUnconditionally 0 -> -1
2019-09-26 13:14:38,238 [pool-147-thread-1] INFO  server.RaftServerConfigKeys (ConfUtils.java:logGet(43)) - raft.server.snapshot.auto.trigger.enabled = true (custom)
2019-09-26 13:14:38,238 [pool-147-thread-1] INFO  server.RaftServerConfigKeys (ConfUtils.java:logGet(43)) - raft.server.snapshot.auto.trigger.threshold = 10000 (custom)
2019-09-26 13:14:38,238 [pool-147-thread-1] INFO  server.RaftServerConfigKeys (ConfUtils.java:logGet(43)) - raft.server.snapshot.retention.num.files = 5 (custom)
2019-09-26 13:14:38,238 [pool-147-thread-1] INFO  server.RaftServerConfigKeys (ConfUtils.java:logGet(43)) - raft.server.retrycache.expirytime = 600000ms (custom)
2019-09-26 13:14:38,240 [pool-147-thread-1] INFO  impl.RaftServerImpl (RaftServerImpl.java:start(185)) - c4e1b93a-90f2-4165-be12-1b771b331b8e@group-B007EDF525BC: start as a follower, conf=-1: [c4e1b93a-90f2-4165-be12-1b771b331b8e:192.168.164.238:35258], old=null
2019-09-26 13:14:38,240 [pool-147-thread-1] INFO  impl.RaftServerImpl (RaftServerImpl.java:setRole(174)) - c4e1b93a-90f2-4165-be12-1b771b331b8e@group-B007EDF525BC: changes role from      null to FOLLOWER at term 0 for startAsFollower
2019-09-26 13:14:38,240 [pool-147-thread-1] INFO  impl.RoleInfo (RoleInfo.java:updateAndGet(143)) - c4e1b93a-90f2-4165-be12-1b771b331b8e: start FollowerState
2019-09-26 13:14:38,240 [pool-147-thread-1] INFO  util.JmxRegister (JmxRegister.java:tryRegister(44)) - Successfully registered JMX Bean with object name Ratis:service=RaftServer,group=group-B007EDF525BC,id=c4e1b93a-90f2-4165-be12-1b771b331b8e
2019-09-26 13:14:38,243 [RatisPipelineUtilsThread] INFO  pipeline.PipelineStateManager (PipelineStateManager.java:addPipeline(56)) - Created pipeline Pipeline[ Id: 7eb7218f-f642-42ff-bf81-b007edf525bc, Nodes: c4e1b93a-90f2-4165-be12-1b771b331b8e{ip: 192.168.164.238, host: pr-hdds-1569-87zkn-1081879488, networkLocation: /default-rack, certSerialId: null}, Type:RATIS, Factor:ONE, State:OPEN]
2019-09-26 13:14:38,243 [RatisPipelineUtilsThread] INFO  pipeline.PipelinePlacementPolicy (PipelinePlacementPolicy.java:meetCriteria(91)) - Pipeline Placement: can't place more pipeline on heavy datanode： 889b6bd5-667f-4014-9c6a-1d248de10fa9 Heaviness: 6 limit: 5
2019-09-26 13:14:38,244 [RatisPipelineUtilsThread] INFO  pipeline.PipelinePlacementPolicy (PipelinePlacementPolicy.java:meetCriteria(91)) - Pipeline Placement: can't place more pipeline on heavy datanode： 7356840b-7827-4030-93dd-688c3f051915 Heaviness: 6 limit: 5
2019-09-26 13:14:38,249 [grpc-default-executor-0] INFO  impl.RaftServerProxy (RaftServerProxy.java:addNew(89)) - c4e1b93a-90f2-4165-be12-1b771b331b8e: addNew group-1332FE1AC90E:[c4e1b93a-90f2-4165-be12-1b771b331b8e:192.168.164.238:35258] returns group-1332FE1AC90E:java.util.concurrent.CompletableFuture@1832c31[Not completed]
2019-09-26 13:14:38,250 [pool-147-thread-1] INFO  impl.RaftServerImpl (RaftServerImpl.java:<init>(95)) - c4e1b93a-90f2-4165-be12-1b771b331b8e: new RaftServerImpl for group-1332FE1AC90E:[c4e1b93a-90f2-4165-be12-1b771b331b8e:192.168.164.238:35258] with ContainerStateMachine:uninitialized
2019-09-26 13:14:38,250 [pool-147-thread-1] INFO  server.RaftServerConfigKeys (ConfUtils.java:logGet(43)) - raft.server.rpc.timeout.min = 5s (custom)
2019-09-26 13:14:38,250 [pool-147-thread-1] INFO  server.RaftServerConfigKeys (ConfUtils.java:logGet(43)) - raft.server.rpc.timeout.max = 5200ms (custom)
2019-09-26 13:14:38,250 [pool-147-thread-1] INFO  server.RaftServerConfigKeys (ConfUtils.java:logGet(43)) - raft.server.rpcslowness.timeout = 120s (custom)
2019-09-26 13:14:38,250 [pool-147-thread-1] INFO  server.RaftServerConfigKeys (ConfUtils.java:logGet(43)) - raft.server.sleep.deviation.threshold = 300 (default)
2019-09-26 13:14:38,250 [pool-147-thread-1] INFO  server.RaftServerConfigKeys (ConfUtils.java:logGet(43)) - raft.server.log.appender.install.snapshot.enabled = false (custom)
2019-09-26 13:14:38,250 [pool-147-thread-1] INFO  impl.RaftServerImpl (ServerState.java:<init>(103)) - c4e1b93a-90f2-4165-be12-1b771b331b8e@group-1332FE1AC90E: ConfigurationManager, init=-1: [c4e1b93a-90f2-4165-be12-1b771b331b8e:192.168.164.238:35258], old=null, confs=<EMPTY_MAP>
2019-09-26 13:14:38,250 [pool-147-thread-1] INFO  server.RaftServerConfigKeys (ConfUtils.java:logGet(43)) - raft.server.storage.dir = [/workdir/hadoop-ozone/integration-test/target/test-dir/MiniOzoneClusterImpl-f1012d8c-e23c-4237-834a-d6b3ac6768a8/datanode-2/data/ratis] (custom)
2019-09-26 13:14:38,251 [pool-147-thread-1] INFO  storage.RaftStorageDirectory (RaftStorageDirectory.java:analyzeStorage(246)) - The storage directory /workdir/hadoop-ozone/integration-test/target/test-dir/MiniOzoneClusterImpl-f1012d8c-e23c-4237-834a-d6b3ac6768a8/datanode-2/data/ratis/da6b45e5-8bd5-4507-918e-1332fe1ac90e does not exist. Creating ...
2019-09-26 13:14:38,262 [pool-147-thread-1] INFO  storage.RaftStorageDirectory (RaftStorageDirectory.java:tryLock(328)) - Lock on /workdir/hadoop-ozone/integration-test/target/test-dir/MiniOzoneClusterImpl-f1012d8c-e23c-4237-834a-d6b3ac6768a8/datanode-2/data/ratis/da6b45e5-8bd5-4507-918e-1332fe1ac90e/in_use.lock acquired by nodename 10026@pr-hdds-1569-87zkn-1081879488
2019-09-26 13:14:38,287 [pool-147-thread-1] INFO  storage.RaftStorage (RaftStorage.java:format(72)) - Storage directory /workdir/hadoop-ozone/integration-test/target/test-dir/MiniOzoneClusterImpl-f1012d8c-e23c-4237-834a-d6b3ac6768a8/datanode-2/data/ratis/da6b45e5-8bd5-4507-918e-1332fe1ac90e has been successfully formatted.
2019-09-26 13:14:38,287 [pool-147-thread-1] INFO  ratis.ContainerStateMachine (ContainerStateMachine.java:loadSnapshot(230)) - group-1332FE1AC90E: The snapshot info is null. Setting the last applied indexto:(t:0, i:~)
2019-09-26 13:14:38,287 [pool-147-thread-1] INFO  server.RaftServerConfigKeys (ConfUtils.java:logGet(43)) - raft.server.notification.no-leader.timeout = 120s (custom)
2019-09-26 13:14:38,287 [pool-147-thread-1] INFO  server.RaftServerConfigKeys (ConfUtils.java:logGet(43)) - raft.server.log.use.memory = false (default)
2019-09-26 13:14:38,287 [pool-147-thread-1] INFO  server.RaftServerConfigKeys (ConfUtils.java:logGet(43)) - raft.server.log.purge.gap = 1000000 (custom)
2019-09-26 13:14:38,288 [pool-147-thread-1] INFO  server.RaftServerConfigKeys (ConfUtils.java:logGet(43)) - raft.server.log.appender.buffer.byte-limit = 33554432 (custom)
2019-09-26 13:14:38,288 [pool-147-thread-1] INFO  server.RaftServerConfigKeys (ConfUtils.java:logGet(43)) - raft.server.log.segment.size.max = 1048576 (custom)
2019-09-26 13:14:38,288 [pool-147-thread-1] INFO  server.RaftServerConfigKeys (ConfUtils.java:logGet(43)) - raft.server.log.segment.cache.num.max = 2 (custom)
2019-09-26 13:14:38,288 [pool-147-thread-1] INFO  segmented.SegmentedRaftLogWorker (SegmentedRaftLogWorker.java:<init>(172)) - new c4e1b93a-90f2-4165-be12-1b771b331b8e@group-1332FE1AC90E-SegmentedRaftLogWorker for RaftStorage:Storage Directory /workdir/hadoop-ozone/integration-test/target/test-dir/MiniOzoneClusterImpl-f1012d8c-e23c-4237-834a-d6b3ac6768a8/datanode-2/data/ratis/da6b45e5-8bd5-4507-918e-1332fe1ac90e
2019-09-26 13:14:38,288 [pool-147-thread-1] INFO  server.RaftServerConfigKeys (ConfUtils.java:logGet(43)) - raft.server.log.queue.byte-limit = 2147483647 (custom)
2019-09-26 13:14:38,288 [pool-147-thread-1] INFO  server.RaftServerConfigKeys (ConfUtils.java:logGet(43)) - raft.server.log.queue.element-limit = 1024 (custom)
2019-09-26 13:14:38,288 [pool-147-thread-1] INFO  server.RaftServerConfigKeys (ConfUtils.java:logGet(43)) - raft.server.log.segment.size.max = 1048576 (custom)
2019-09-26 13:14:38,288 [pool-147-thread-1] INFO  server.RaftServerConfigKeys (ConfUtils.java:logGet(43)) - raft.server.log.preallocated.size = 16384 (custom)
2019-09-26 13:14:38,288 [pool-147-thread-1] INFO  server.RaftServerConfigKeys (ConfUtils.java:logGet(43)) - raft.server.log.write.buffer.size = 33554432 (custom)
2019-09-26 13:14:38,288 [pool-147-thread-1] INFO  server.RaftServerConfigKeys (ConfUtils.java:logGet(43)) - raft.server.log.force.sync.num = 128 (default)
2019-09-26 13:14:38,288 [pool-147-thread-1] INFO  server.RaftServerConfigKeys (ConfUtils.java:logGet(43)) - raft.server.log.statemachine.data.sync = true (default)
2019-09-26 13:14:38,289 [pool-147-thread-1] INFO  server.RaftServerConfigKeys (ConfUtils.java:logGet(43)) - raft.server.log.statemachine.data.sync.timeout = 10s (default)
2019-09-26 13:14:38,289 [pool-147-thread-1] INFO  server.RaftServerConfigKeys (ConfUtils.java:logGet(43)) - raft.server.log.statemachine.data.sync.timeout.retry = -1 (default)
2019-09-26 13:14:38,289 [pool-147-thread-1] INFO  server.RaftServerConfigKeys (ConfUtils.java:logGet(43)) - raft.server.log.statemachine.data.caching.enabled = true (custom)
2019-09-26 13:14:38,289 [pool-147-thread-1] INFO  segmented.SegmentedRaftLogWorker (SegmentedRaftLogWorker.java:lambda$new$0(132)) - c4e1b93a-90f2-4165-be12-1b771b331b8e@group-1332FE1AC90E-SegmentedRaftLogWorker: flushIndex: setUnconditionally 0 -> -1
2019-09-26 13:14:38,289 [pool-147-thread-1] INFO  server.RaftServerConfigKeys (ConfUtils.java:logGet(43)) - raft.server.snapshot.auto.trigger.enabled = true (custom)
2019-09-26 13:14:38,289 [pool-147-thread-1] INFO  server.RaftServerConfigKeys (ConfUtils.java:logGet(43)) - raft.server.snapshot.auto.trigger.threshold = 10000 (custom)
2019-09-26 13:14:38,290 [pool-147-thread-1] INFO  server.RaftServerConfigKeys (ConfUtils.java:logGet(43)) - raft.server.snapshot.retention.num.files = 5 (custom)
2019-09-26 13:14:38,290 [pool-147-thread-1] INFO  server.RaftServerConfigKeys (ConfUtils.java:logGet(43)) - raft.server.retrycache.expirytime = 600000ms (custom)
2019-09-26 13:14:38,291 [pool-147-thread-1] INFO  impl.RaftServerImpl (RaftServerImpl.java:start(185)) - c4e1b93a-90f2-4165-be12-1b771b331b8e@group-1332FE1AC90E: start as a follower, conf=-1: [c4e1b93a-90f2-4165-be12-1b771b331b8e:192.168.164.238:35258], old=null
2019-09-26 13:14:38,291 [pool-147-thread-1] INFO  impl.RaftServerImpl (RaftServerImpl.java:setRole(174)) - c4e1b93a-90f2-4165-be12-1b771b331b8e@group-1332FE1AC90E: changes role from      null to FOLLOWER at term 0 for startAsFollower
2019-09-26 13:14:38,291 [pool-147-thread-1] INFO  impl.RoleInfo (RoleInfo.java:updateAndGet(143)) - c4e1b93a-90f2-4165-be12-1b771b331b8e: start FollowerState
2019-09-26 13:14:38,292 [pool-147-thread-1] INFO  util.JmxRegister (JmxRegister.java:tryRegister(44)) - Successfully registered JMX Bean with object name Ratis:service=RaftServer,group=group-1332FE1AC90E,id=c4e1b93a-90f2-4165-be12-1b771b331b8e
2019-09-26 13:14:38,294 [RatisPipelineUtilsThread] INFO  pipeline.PipelineStateManager (PipelineStateManager.java:addPipeline(56)) - Created pipeline Pipeline[ Id: da6b45e5-8bd5-4507-918e-1332fe1ac90e, Nodes: c4e1b93a-90f2-4165-be12-1b771b331b8e{ip: 192.168.164.238, host: pr-hdds-1569-87zkn-1081879488, networkLocation: /default-rack, certSerialId: null}, Type:RATIS, Factor:ONE, State:OPEN]
2019-09-26 13:14:38,294 [RatisPipelineUtilsThread] INFO  pipeline.PipelinePlacementPolicy (PipelinePlacementPolicy.java:meetCriteria(91)) - Pipeline Placement: can't place more pipeline on heavy datanode： 889b6bd5-667f-4014-9c6a-1d248de10fa9 Heaviness: 6 limit: 5
2019-09-26 13:14:38,295 [RatisPipelineUtilsThread] INFO  pipeline.PipelinePlacementPolicy (PipelinePlacementPolicy.java:meetCriteria(91)) - Pipeline Placement: can't place more pipeline on heavy datanode： c4e1b93a-90f2-4165-be12-1b771b331b8e Heaviness: 6 limit: 5
2019-09-26 13:14:38,295 [RatisPipelineUtilsThread] INFO  pipeline.PipelinePlacementPolicy (PipelinePlacementPolicy.java:meetCriteria(91)) - Pipeline Placement: can't place more pipeline on heavy datanode： 7356840b-7827-4030-93dd-688c3f051915 Heaviness: 6 limit: 5
2019-09-26 13:14:38,295 [RatisPipelineUtilsThread] ERROR pipeline.PipelinePlacementPolicy (PipelinePlacementPolicy.java:filterViableNodes(148)) - Unable to find enough nodes that meet the criteria that cannot engage in more than 5 pipelines. Nodes required: 1 Found: 0, healthy nodes count inNodeManager: 3.
2019-09-26 13:14:38,295 [RatisPipelineUtilsThread] ERROR pipeline.SCMPipelineManager (SCMPipelineManager.java:createPipeline(167)) - Pipeline creation failed.
org.apache.hadoop.hdds.scm.exceptions.SCMException: Unable to find enough nodes that meet the criteria that cannot engage in more than 5 pipelines. Nodes required: 1 Found: 0, healthy nodes count inNodeManager: 3.
	at org.apache.hadoop.hdds.scm.pipeline.PipelinePlacementPolicy.filterViableNodes(PipelinePlacementPolicy.java:149)
	at org.apache.hadoop.hdds.scm.pipeline.PipelinePlacementPolicy.chooseDatanodes(PipelinePlacementPolicy.java:172)
	at org.apache.hadoop.hdds.scm.pipeline.RatisPipelineProvider.create(RatisPipelineProvider.java:93)
	at org.apache.hadoop.hdds.scm.pipeline.PipelineFactory.create(PipelineFactory.java:58)
	at org.apache.hadoop.hdds.scm.pipeline.SCMPipelineManager.createPipeline(SCMPipelineManager.java:155)
	at org.apache.hadoop.hdds.scm.pipeline.BackgroundPipelineCreator.createPipelines(BackgroundPipelineCreator.java:99)
	at java.util.concurrent.Executors$RunnableAdapter.call(Executors.java:511)
	at java.util.concurrent.FutureTask.run(FutureTask.java:266)
	at java.util.concurrent.ScheduledThreadPoolExecutor$ScheduledFutureTask.access$201(ScheduledThreadPoolExecutor.java:180)
	at java.util.concurrent.ScheduledThreadPoolExecutor$ScheduledFutureTask.run(ScheduledThreadPoolExecutor.java:293)
	at java.util.concurrent.ThreadPoolExecutor.runWorker(ThreadPoolExecutor.java:1149)
	at java.util.concurrent.ThreadPoolExecutor$Worker.run(ThreadPoolExecutor.java:624)
	at java.lang.Thread.run(Thread.java:748)
2019-09-26 13:14:38,296 [RatisPipelineUtilsThread] INFO  pipeline.PipelinePlacementPolicy (PipelinePlacementPolicy.java:meetCriteria(91)) - Pipeline Placement: can't place more pipeline on heavy datanode： 889b6bd5-667f-4014-9c6a-1d248de10fa9 Heaviness: 6 limit: 5
2019-09-26 13:14:38,296 [RatisPipelineUtilsThread] INFO  pipeline.PipelinePlacementPolicy (PipelinePlacementPolicy.java:meetCriteria(91)) - Pipeline Placement: can't place more pipeline on heavy datanode： c4e1b93a-90f2-4165-be12-1b771b331b8e Heaviness: 6 limit: 5
2019-09-26 13:14:38,296 [RatisPipelineUtilsThread] INFO  pipeline.PipelinePlacementPolicy (PipelinePlacementPolicy.java:meetCriteria(91)) - Pipeline Placement: can't place more pipeline on heavy datanode： 7356840b-7827-4030-93dd-688c3f051915 Heaviness: 6 limit: 5
2019-09-26 13:14:38,296 [RatisPipelineUtilsThread] ERROR pipeline.PipelinePlacementPolicy (PipelinePlacementPolicy.java:filterViableNodes(148)) - Unable to find enough nodes that meet the criteria that cannot engage in more than 5 pipelines. Nodes required: 3 Found: 0, healthy nodes count inNodeManager: 3.
2019-09-26 13:14:38,297 [RatisPipelineUtilsThread] ERROR pipeline.SCMPipelineManager (SCMPipelineManager.java:createPipeline(167)) - Pipeline creation failed.
org.apache.hadoop.hdds.scm.exceptions.SCMException: Unable to find enough nodes that meet the criteria that cannot engage in more than 5 pipelines. Nodes required: 3 Found: 0, healthy nodes count inNodeManager: 3.
	at org.apache.hadoop.hdds.scm.pipeline.PipelinePlacementPolicy.filterViableNodes(PipelinePlacementPolicy.java:149)
	at org.apache.hadoop.hdds.scm.pipeline.PipelinePlacementPolicy.chooseDatanodes(PipelinePlacementPolicy.java:172)
	at org.apache.hadoop.hdds.scm.pipeline.RatisPipelineProvider.create(RatisPipelineProvider.java:93)
	at org.apache.hadoop.hdds.scm.pipeline.PipelineFactory.create(PipelineFactory.java:58)
	at org.apache.hadoop.hdds.scm.pipeline.SCMPipelineManager.createPipeline(SCMPipelineManager.java:155)
	at org.apache.hadoop.hdds.scm.pipeline.BackgroundPipelineCreator.createPipelines(BackgroundPipelineCreator.java:99)
	at java.util.concurrent.Executors$RunnableAdapter.call(Executors.java:511)
	at java.util.concurrent.FutureTask.run(FutureTask.java:266)
	at java.util.concurrent.ScheduledThreadPoolExecutor$ScheduledFutureTask.access$201(ScheduledThreadPoolExecutor.java:180)
	at java.util.concurrent.ScheduledThreadPoolExecutor$ScheduledFutureTask.run(ScheduledThreadPoolExecutor.java:293)
	at java.util.concurrent.ThreadPoolExecutor.runWorker(ThreadPoolExecutor.java:1149)
	at java.util.concurrent.ThreadPoolExecutor$Worker.run(ThreadPoolExecutor.java:624)
	at java.lang.Thread.run(Thread.java:748)
2019-09-26 13:14:38,297 [RatisPipelineUtilsThread] INFO  pipeline.PipelinePlacementPolicy (PipelinePlacementPolicy.java:meetCriteria(91)) - Pipeline Placement: can't place more pipeline on heavy datanode： 889b6bd5-667f-4014-9c6a-1d248de10fa9 Heaviness: 6 limit: 5
2019-09-26 13:14:38,297 [RatisPipelineUtilsThread] INFO  pipeline.PipelinePlacementPolicy (PipelinePlacementPolicy.java:meetCriteria(91)) - Pipeline Placement: can't place more pipeline on heavy datanode： c4e1b93a-90f2-4165-be12-1b771b331b8e Heaviness: 6 limit: 5
2019-09-26 13:14:38,297 [RatisPipelineUtilsThread] INFO  pipeline.PipelinePlacementPolicy (PipelinePlacementPolicy.java:meetCriteria(91)) - Pipeline Placement: can't place more pipeline on heavy datanode： 7356840b-7827-4030-93dd-688c3f051915 Heaviness: 6 limit: 5
2019-09-26 13:14:38,298 [RatisPipelineUtilsThread] ERROR pipeline.PipelinePlacementPolicy (PipelinePlacementPolicy.java:filterViableNodes(148)) - Unable to find enough nodes that meet the criteria that cannot engage in more than 5 pipelines. Nodes required: 1 Found: 0, healthy nodes count inNodeManager: 3.
2019-09-26 13:14:38,298 [RatisPipelineUtilsThread] ERROR pipeline.SCMPipelineManager (SCMPipelineManager.java:createPipeline(167)) - Pipeline creation failed.
org.apache.hadoop.hdds.scm.exceptions.SCMException: Unable to find enough nodes that meet the criteria that cannot engage in more than 5 pipelines. Nodes required: 1 Found: 0, healthy nodes count inNodeManager: 3.
	at org.apache.hadoop.hdds.scm.pipeline.PipelinePlacementPolicy.filterViableNodes(PipelinePlacementPolicy.java:149)
	at org.apache.hadoop.hdds.scm.pipeline.PipelinePlacementPolicy.chooseDatanodes(PipelinePlacementPolicy.java:172)
	at org.apache.hadoop.hdds.scm.pipeline.RatisPipelineProvider.create(RatisPipelineProvider.java:93)
	at org.apache.hadoop.hdds.scm.pipeline.PipelineFactory.create(PipelineFactory.java:58)
	at org.apache.hadoop.hdds.scm.pipeline.SCMPipelineManager.createPipeline(SCMPipelineManager.java:155)
	at org.apache.hadoop.hdds.scm.pipeline.BackgroundPipelineCreator.createPipelines(BackgroundPipelineCreator.java:99)
	at org.apache.hadoop.hdds.scm.pipeline.BackgroundPipelineCreator.lambda$startFixedIntervalPipelineCreator$0(BackgroundPipelineCreator.java:70)
	at java.util.concurrent.Executors$RunnableAdapter.call(Executors.java:511)
	at java.util.concurrent.FutureTask.runAndReset(FutureTask.java:308)
	at java.util.concurrent.ScheduledThreadPoolExecutor$ScheduledFutureTask.access$301(ScheduledThreadPoolExecutor.java:180)
	at java.util.concurrent.ScheduledThreadPoolExecutor$ScheduledFutureTask.run(ScheduledThreadPoolExecutor.java:294)
	at java.util.concurrent.ThreadPoolExecutor.runWorker(ThreadPoolExecutor.java:1149)
	at java.util.concurrent.ThreadPoolExecutor$Worker.run(ThreadPoolExecutor.java:624)
	at java.lang.Thread.run(Thread.java:748)
2019-09-26 13:14:38,298 [RatisPipelineUtilsThread] INFO  pipeline.PipelinePlacementPolicy (PipelinePlacementPolicy.java:meetCriteria(91)) - Pipeline Placement: can't place more pipeline on heavy datanode： 889b6bd5-667f-4014-9c6a-1d248de10fa9 Heaviness: 6 limit: 5
2019-09-26 13:14:38,298 [RatisPipelineUtilsThread] INFO  pipeline.PipelinePlacementPolicy (PipelinePlacementPolicy.java:meetCriteria(91)) - Pipeline Placement: can't place more pipeline on heavy datanode： c4e1b93a-90f2-4165-be12-1b771b331b8e Heaviness: 6 limit: 5
2019-09-26 13:14:38,299 [RatisPipelineUtilsThread] INFO  pipeline.PipelinePlacementPolicy (PipelinePlacementPolicy.java:meetCriteria(91)) - Pipeline Placement: can't place more pipeline on heavy datanode： 7356840b-7827-4030-93dd-688c3f051915 Heaviness: 6 limit: 5
2019-09-26 13:14:38,299 [RatisPipelineUtilsThread] ERROR pipeline.PipelinePlacementPolicy (PipelinePlacementPolicy.java:filterViableNodes(148)) - Unable to find enough nodes that meet the criteria that cannot engage in more than 5 pipelines. Nodes required: 3 Found: 0, healthy nodes count inNodeManager: 3.
2019-09-26 13:14:38,299 [RatisPipelineUtilsThread] ERROR pipeline.SCMPipelineManager (SCMPipelineManager.java:createPipeline(167)) - Pipeline creation failed.
org.apache.hadoop.hdds.scm.exceptions.SCMException: Unable to find enough nodes that meet the criteria that cannot engage in more than 5 pipelines. Nodes required: 3 Found: 0, healthy nodes count inNodeManager: 3.
	at org.apache.hadoop.hdds.scm.pipeline.PipelinePlacementPolicy.filterViableNodes(PipelinePlacementPolicy.java:149)
	at org.apache.hadoop.hdds.scm.pipeline.PipelinePlacementPolicy.chooseDatanodes(PipelinePlacementPolicy.java:172)
	at org.apache.hadoop.hdds.scm.pipeline.RatisPipelineProvider.create(RatisPipelineProvider.java:93)
	at org.apache.hadoop.hdds.scm.pipeline.PipelineFactory.create(PipelineFactory.java:58)
	at org.apache.hadoop.hdds.scm.pipeline.SCMPipelineManager.createPipeline(SCMPipelineManager.java:155)
	at org.apache.hadoop.hdds.scm.pipeline.BackgroundPipelineCreator.createPipelines(BackgroundPipelineCreator.java:99)
	at org.apache.hadoop.hdds.scm.pipeline.BackgroundPipelineCreator.lambda$startFixedIntervalPipelineCreator$0(BackgroundPipelineCreator.java:70)
	at java.util.concurrent.Executors$RunnableAdapter.call(Executors.java:511)
	at java.util.concurrent.FutureTask.runAndReset(FutureTask.java:308)
	at java.util.concurrent.ScheduledThreadPoolExecutor$ScheduledFutureTask.access$301(ScheduledThreadPoolExecutor.java:180)
	at java.util.concurrent.ScheduledThreadPoolExecutor$ScheduledFutureTask.run(ScheduledThreadPoolExecutor.java:294)
	at java.util.concurrent.ThreadPoolExecutor.runWorker(ThreadPoolExecutor.java:1149)
	at java.util.concurrent.ThreadPoolExecutor$Worker.run(ThreadPoolExecutor.java:624)
	at java.lang.Thread.run(Thread.java:748)
2019-09-26 13:14:38,464 [main] INFO  ozone.MiniOzoneClusterImpl (MiniOzoneClusterImpl.java:lambda$waitForClusterToBeReady$0(147)) - Cluster is ready. Got 3 of 3 DN Heartbeats.
2019-09-26 13:14:38,465 [main] INFO  pipeline.PipelinePlacementPolicy (PipelinePlacementPolicy.java:meetCriteria(91)) - Pipeline Placement: can't place more pipeline on heavy datanode： 889b6bd5-667f-4014-9c6a-1d248de10fa9 Heaviness: 6 limit: 5
2019-09-26 13:14:38,465 [main] INFO  pipeline.PipelinePlacementPolicy (PipelinePlacementPolicy.java:meetCriteria(91)) - Pipeline Placement: can't place more pipeline on heavy datanode： c4e1b93a-90f2-4165-be12-1b771b331b8e Heaviness: 6 limit: 5
2019-09-26 13:14:38,465 [main] INFO  pipeline.PipelinePlacementPolicy (PipelinePlacementPolicy.java:meetCriteria(91)) - Pipeline Placement: can't place more pipeline on heavy datanode： 7356840b-7827-4030-93dd-688c3f051915 Heaviness: 6 limit: 5
2019-09-26 13:14:38,466 [main] ERROR pipeline.PipelinePlacementPolicy (PipelinePlacementPolicy.java:filterViableNodes(148)) - Unable to find enough nodes that meet the criteria that cannot engage in more than 5 pipelines. Nodes required: 3 Found: 0, healthy nodes count inNodeManager: 3.
2019-09-26 13:14:38,466 [main] ERROR pipeline.SCMPipelineManager (SCMPipelineManager.java:createPipeline(167)) - Pipeline creation failed.
org.apache.hadoop.hdds.scm.exceptions.SCMException: Unable to find enough nodes that meet the criteria that cannot engage in more than 5 pipelines. Nodes required: 3 Found: 0, healthy nodes count inNodeManager: 3.
	at org.apache.hadoop.hdds.scm.pipeline.PipelinePlacementPolicy.filterViableNodes(PipelinePlacementPolicy.java:149)
	at org.apache.hadoop.hdds.scm.pipeline.PipelinePlacementPolicy.chooseDatanodes(PipelinePlacementPolicy.java:172)
	at org.apache.hadoop.hdds.scm.pipeline.RatisPipelineProvider.create(RatisPipelineProvider.java:93)
	at org.apache.hadoop.hdds.scm.pipeline.PipelineFactory.create(PipelineFactory.java:58)
	at org.apache.hadoop.hdds.scm.pipeline.SCMPipelineManager.createPipeline(SCMPipelineManager.java:155)
	at org.apache.hadoop.hdds.scm.container.ContainerStateManager.allocateContainer(ContainerStateManager.java:255)
	at org.apache.hadoop.hdds.scm.container.SCMContainerManager.allocateContainer(SCMContainerManager.java:247)
	at org.apache.hadoop.hdds.scm.pipeline.TestPipelineClose.init(TestPipelineClose.java:92)
	at sun.reflect.NativeMethodAccessorImpl.invoke0(Native Method)
	at sun.reflect.NativeMethodAccessorImpl.invoke(NativeMethodAccessorImpl.java:62)
	at sun.reflect.DelegatingMethodAccessorImpl.invoke(DelegatingMethodAccessorImpl.java:43)
	at java.lang.reflect.Method.invoke(Method.java:498)
	at org.junit.runners.model.FrameworkMethod$1.runReflectiveCall(FrameworkMethod.java:47)
	at org.junit.internal.runners.model.ReflectiveCallable.run(ReflectiveCallable.java:12)
	at org.junit.runners.model.FrameworkMethod.invokeExplosively(FrameworkMethod.java:44)
	at org.junit.internal.runners.statements.RunBefores.evaluate(RunBefores.java:24)
	at org.junit.internal.runners.statements.RunAfters.evaluate(RunAfters.java:27)
	at org.junit.runners.ParentRunner.runLeaf(ParentRunner.java:271)
	at org.junit.runners.BlockJUnit4ClassRunner.runChild(BlockJUnit4ClassRunner.java:70)
	at org.junit.runners.BlockJUnit4ClassRunner.runChild(BlockJUnit4ClassRunner.java:50)
	at org.junit.runners.ParentRunner$3.run(ParentRunner.java:238)
	at org.junit.runners.ParentRunner$1.schedule(ParentRunner.java:63)
	at org.junit.runners.ParentRunner.runChildren(ParentRunner.java:236)
	at org.junit.runners.ParentRunner.access$000(ParentRunner.java:53)
	at org.junit.runners.ParentRunner$2.evaluate(ParentRunner.java:229)
	at org.junit.runners.ParentRunner.run(ParentRunner.java:309)
	at org.apache.maven.surefire.junit4.JUnit4Provider.execute(JUnit4Provider.java:365)
	at org.apache.maven.surefire.junit4.JUnit4Provider.executeWithRerun(JUnit4Provider.java:273)
	at org.apache.maven.surefire.junit4.JUnit4Provider.executeTestSet(JUnit4Provider.java:238)
	at org.apache.maven.surefire.junit4.JUnit4Provider.invoke(JUnit4Provider.java:159)
	at org.apache.maven.surefire.booter.ForkedBooter.invokeProviderInSameClassLoader(ForkedBooter.java:384)
	at org.apache.maven.surefire.booter.ForkedBooter.runSuitesInProcess(ForkedBooter.java:345)
	at org.apache.maven.surefire.booter.ForkedBooter.execute(ForkedBooter.java:126)
	at org.apache.maven.surefire.booter.ForkedBooter.main(ForkedBooter.java:418)
2019-09-26 13:14:38,466 [main] INFO  ozone.MiniOzoneClusterImpl (MiniOzoneClusterImpl.java:shutdown(314)) - Shutting down the Mini Ozone Cluster
2019-09-26 13:14:38,467 [main] INFO  ozone.MiniOzoneClusterImpl (MiniOzoneClusterImpl.java:stop(330)) - Stopping the Mini Ozone Cluster
2019-09-26 13:14:38,467 [main] INFO  ozone.MiniOzoneClusterImpl (MiniOzoneClusterImpl.java:stopOM(400)) - Stopping the OzoneManager
2019-09-26 13:14:38,467 [main] INFO  ipc.Server (Server.java:stop(3082)) - Stopping server on 36163
2019-09-26 13:14:38,472 [IPC Server listener on 36163] INFO  ipc.Server (Server.java:run(1185)) - Stopping IPC Server listener on 36163
2019-09-26 13:14:38,472 [IPC Server Responder] INFO  ipc.Server (Server.java:run(1319)) - Stopping IPC Server Responder
2019-09-26 13:14:38,472 [main] INFO  ratis.OzoneManagerDoubleBuffer (OzoneManagerDoubleBuffer.java:stop(248)) - Stopping OMDoubleBuffer flush thread
2019-09-26 13:14:38,474 [OMDoubleBufferFlushThread] INFO  ratis.OzoneManagerDoubleBuffer (OzoneManagerDoubleBuffer.java:flushTransactions(191)) - OMDoubleBuffer flush thread OMDoubleBufferFlushThread is interrupted and will exit. OMDoubleBufferFlushThread
2019-09-26 13:14:38,474 [main] INFO  utils.BackgroundService (BackgroundService.java:shutdown(148)) - Shutting down service KeyDeletingService
2019-09-26 13:14:38,476 [main] INFO  handler.ContextHandler (ContextHandler.java:doStop(910)) - Stopped o.e.j.w.WebAppContext@45cd7bc5{/,null,UNAVAILABLE}{/ozoneManager}
2019-09-26 13:14:38,476 [main] INFO  server.AbstractConnector (AbstractConnector.java:doStop(318)) - Stopped ServerConnector@6504a875{HTTP/1.1,[http/1.1]}{0.0.0.0:0}
2019-09-26 13:14:38,477 [main] INFO  handler.ContextHandler (ContextHandler.java:doStop(910)) - Stopped o.e.j.s.ServletContextHandler@557a84fe{/static,file:///workdir/hadoop-ozone/integration-test/target/test-classes/webapps/static,UNAVAILABLE}
2019-09-26 13:14:38,477 [main] INFO  handler.ContextHandler (ContextHandler.java:doStop(910)) - Stopped o.e.j.s.ServletContextHandler@65383667{/logs,file:///workdir/hadoop-ozone/integration-test/target/log,UNAVAILABLE}
2019-09-26 13:14:38,479 [main] INFO  ozone.MiniOzoneClusterImpl (MiniOzoneClusterImpl.java:stopDatanodes(377)) - Stopping the HddsDatanodes
2019-09-26 13:14:39,335 [Datanode State Machine Thread - 0] INFO  statemachine.DatanodeStateMachine (DatanodeStateMachine.java:lambda$startDaemon$0(350)) - Ozone container server started.
2019-09-26 13:14:39,401 [Datanode State Machine Thread - 0] INFO  statemachine.DatanodeStateMachine (DatanodeStateMachine.java:lambda$startDaemon$0(350)) - Ozone container server started.
2019-09-26 13:14:40,343 [Thread-703] INFO  container.ReplicationManager (ReplicationManager.java:start(163)) - Starting Replication Monitor Thread.
2019-09-26 13:14:40,345 [ReplicationMonitor] INFO  container.ReplicationManager (ReplicationManager.java:run(226)) - Replication Monitor Thread took 0 milliseconds for processing 0 containers.
2019-09-26 13:14:42,480 [Thread-705] INFO  impl.FollowerState (FollowerState.java:run(106)) - 889b6bd5-667f-4014-9c6a-1d248de10fa9:group-E9911691E33A changes to CANDIDATE, lastRpcTime:5071, electionTimeout:5071ms
2019-09-26 13:14:42,481 [Thread-705] INFO  impl.RoleInfo (RoleInfo.java:shutdownFollowerState(121)) - 889b6bd5-667f-4014-9c6a-1d248de10fa9: shutdown FollowerState
2019-09-26 13:14:42,481 [Thread-705] INFO  impl.RaftServerImpl (RaftServerImpl.java:setRole(174)) - 889b6bd5-667f-4014-9c6a-1d248de10fa9@group-E9911691E33A: changes role from  FOLLOWER to CANDIDATE at term 0 for changeToCandidate
2019-09-26 13:14:42,481 [Thread-705] INFO  impl.RoleInfo (RoleInfo.java:updateAndGet(143)) - 889b6bd5-667f-4014-9c6a-1d248de10fa9: start LeaderElection
2019-09-26 13:14:42,492 [889b6bd5-667f-4014-9c6a-1d248de10fa9@group-E9911691E33A:LeaderElection37] INFO  impl.LeaderElection (LeaderElection.java:askForVotes(182)) - 889b6bd5-667f-4014-9c6a-1d248de10fa9@group-E9911691E33A:LeaderElection37: begin an election at term 1 for -1: [889b6bd5-667f-4014-9c6a-1d248de10fa9:192.168.164.238:35860], old=null
2019-09-26 13:14:42,492 [889b6bd5-667f-4014-9c6a-1d248de10fa9@group-E9911691E33A:LeaderElection37] INFO  impl.RoleInfo (RoleInfo.java:shutdownLeaderElection(134)) - 889b6bd5-667f-4014-9c6a-1d248de10fa9: shutdown LeaderElection
2019-09-26 13:14:42,493 [889b6bd5-667f-4014-9c6a-1d248de10fa9@group-E9911691E33A:LeaderElection37] INFO  impl.RaftServerImpl (RaftServerImpl.java:setRole(174)) - 889b6bd5-667f-4014-9c6a-1d248de10fa9@group-E9911691E33A: changes role from CANDIDATE to LEADER at term 1 for changeToLeader
2019-09-26 13:14:42,493 [889b6bd5-667f-4014-9c6a-1d248de10fa9@group-E9911691E33A:LeaderElection37] INFO  impl.RaftServerImpl (ServerState.java:setLeader(253)) - 889b6bd5-667f-4014-9c6a-1d248de10fa9@group-E9911691E33A: change Leader from null to 889b6bd5-667f-4014-9c6a-1d248de10fa9 at term 1 for becomeLeader, leader elected after 5094ms
2019-09-26 13:14:42,493 [889b6bd5-667f-4014-9c6a-1d248de10fa9@group-E9911691E33A:LeaderElection37] INFO  server.RaftServerConfigKeys (ConfUtils.java:logGet(43)) - raft.server.staging.catchup.gap = 1000 (default)
2019-09-26 13:14:42,493 [889b6bd5-667f-4014-9c6a-1d248de10fa9@group-E9911691E33A:LeaderElection37] INFO  server.RaftServerConfigKeys (ConfUtils.java:logGet(43)) - raft.server.rpc.sleep.time = 25ms (default)
2019-09-26 13:14:42,494 [889b6bd5-667f-4014-9c6a-1d248de10fa9@group-E9911691E33A:LeaderElection37] INFO  server.RaftServerConfigKeys (ConfUtils.java:logGet(43)) - raft.server.write.element-limit = 4096 (default)
2019-09-26 13:14:42,494 [889b6bd5-667f-4014-9c6a-1d248de10fa9@group-E9911691E33A:LeaderElection37] INFO  server.RaftServerConfigKeys (ConfUtils.java:logGet(43)) - raft.server.watch.timeout = 10s (default)
2019-09-26 13:14:42,494 [889b6bd5-667f-4014-9c6a-1d248de10fa9@group-E9911691E33A:LeaderElection37] INFO  server.RaftServerConfigKeys (ConfUtils.java:logGet(43)) - raft.server.watch.timeout.denomination = 1s (default)
2019-09-26 13:14:42,495 [889b6bd5-667f-4014-9c6a-1d248de10fa9@group-E9911691E33A:LeaderElection37] INFO  server.RaftServerConfigKeys (ConfUtils.java:logGet(43)) - raft.server.watch.element-limit = 65536 (default)
2019-09-26 13:14:42,497 [889b6bd5-667f-4014-9c6a-1d248de10fa9@group-E9911691E33A:LeaderElection37] INFO  impl.RoleInfo (RoleInfo.java:updateAndGet(143)) - 889b6bd5-667f-4014-9c6a-1d248de10fa9: start LeaderState
2019-09-26 13:14:42,498 [889b6bd5-667f-4014-9c6a-1d248de10fa9@group-E9911691E33A:LeaderElection37] INFO  segmented.SegmentedRaftLogWorker (SegmentedRaftLogWorker.java:startLogSegment(380)) - 889b6bd5-667f-4014-9c6a-1d248de10fa9@group-E9911691E33A-SegmentedRaftLogWorker: Starting segment from index:0
2019-09-26 13:14:42,499 [889b6bd5-667f-4014-9c6a-1d248de10fa9@group-E9911691E33A:LeaderElection37] INFO  impl.RaftServerImpl (ServerState.java:setRaftConf(354)) - 889b6bd5-667f-4014-9c6a-1d248de10fa9@group-E9911691E33A: set configuration 0: [889b6bd5-667f-4014-9c6a-1d248de10fa9:192.168.164.238:35860], old=null at 0
2019-09-26 13:14:42,538 [889b6bd5-667f-4014-9c6a-1d248de10fa9@group-E9911691E33A-SegmentedRaftLogWorker] INFO  segmented.SegmentedRaftLogWorker (SegmentedRaftLogWorker.java:execute(569)) - 889b6bd5-667f-4014-9c6a-1d248de10fa9@group-E9911691E33A-SegmentedRaftLogWorker: created new log segment /workdir/hadoop-ozone/integration-test/target/test-dir/MiniOzoneClusterImpl-f1012d8c-e23c-4237-834a-d6b3ac6768a8/datanode-0/data/ratis/e0009087-c53b-4b45-8d20-e9911691e33a/current/log_inprogress_0
2019-09-26 13:14:42,540 [Thread-711] INFO  impl.FollowerState (FollowerState.java:run(106)) - 7356840b-7827-4030-93dd-688c3f051915:group-D57DC693E806 changes to CANDIDATE, lastRpcTime:5004, electionTimeout:5004ms
2019-09-26 13:14:42,540 [Thread-711] INFO  impl.RoleInfo (RoleInfo.java:shutdownFollowerState(121)) - 7356840b-7827-4030-93dd-688c3f051915: shutdown FollowerState
2019-09-26 13:14:42,541 [Thread-711] INFO  impl.RaftServerImpl (RaftServerImpl.java:setRole(174)) - 7356840b-7827-4030-93dd-688c3f051915@group-D57DC693E806: changes role from  FOLLOWER to CANDIDATE at term 0 for changeToCandidate
2019-09-26 13:14:42,541 [Thread-711] INFO  impl.RoleInfo (RoleInfo.java:updateAndGet(143)) - 7356840b-7827-4030-93dd-688c3f051915: start LeaderElection
2019-09-26 13:14:42,553 [7356840b-7827-4030-93dd-688c3f051915@group-D57DC693E806:LeaderElection38] INFO  impl.LeaderElection (LeaderElection.java:askForVotes(182)) - 7356840b-7827-4030-93dd-688c3f051915@group-D57DC693E806:LeaderElection38: begin an election at term 1 for -1: [7356840b-7827-4030-93dd-688c3f051915:192.168.164.238:38100], old=null
2019-09-26 13:14:42,553 [7356840b-7827-4030-93dd-688c3f051915@group-D57DC693E806:LeaderElection38] INFO  impl.RoleInfo (RoleInfo.java:shutdownLeaderElection(134)) - 7356840b-7827-4030-93dd-688c3f051915: shutdown LeaderElection
2019-09-26 13:14:42,553 [7356840b-7827-4030-93dd-688c3f051915@group-D57DC693E806:LeaderElection38] INFO  impl.RaftServerImpl (RaftServerImpl.java:setRole(174)) - 7356840b-7827-4030-93dd-688c3f051915@group-D57DC693E806: changes role from CANDIDATE to LEADER at term 1 for changeToLeader
2019-09-26 13:14:42,553 [7356840b-7827-4030-93dd-688c3f051915@group-D57DC693E806:LeaderElection38] INFO  impl.RaftServerImpl (ServerState.java:setLeader(253)) - 7356840b-7827-4030-93dd-688c3f051915@group-D57DC693E806: change Leader from null to 7356840b-7827-4030-93dd-688c3f051915 at term 1 for becomeLeader, leader elected after 5024ms
2019-09-26 13:14:42,553 [7356840b-7827-4030-93dd-688c3f051915@group-D57DC693E806:LeaderElection38] INFO  server.RaftServerConfigKeys (ConfUtils.java:logGet(43)) - raft.server.staging.catchup.gap = 1000 (default)
2019-09-26 13:14:42,553 [7356840b-7827-4030-93dd-688c3f051915@group-D57DC693E806:LeaderElection38] INFO  server.RaftServerConfigKeys (ConfUtils.java:logGet(43)) - raft.server.rpc.sleep.time = 25ms (default)
2019-09-26 13:14:42,554 [7356840b-7827-4030-93dd-688c3f051915@group-D57DC693E806:LeaderElection38] INFO  server.RaftServerConfigKeys (ConfUtils.java:logGet(43)) - raft.server.write.element-limit = 4096 (default)
2019-09-26 13:14:42,554 [7356840b-7827-4030-93dd-688c3f051915@group-D57DC693E806:LeaderElection38] INFO  server.RaftServerConfigKeys (ConfUtils.java:logGet(43)) - raft.server.watch.timeout = 10s (default)
2019-09-26 13:14:42,554 [7356840b-7827-4030-93dd-688c3f051915@group-D57DC693E806:LeaderElection38] INFO  server.RaftServerConfigKeys (ConfUtils.java:logGet(43)) - raft.server.watch.timeout.denomination = 1s (default)
2019-09-26 13:14:42,554 [7356840b-7827-4030-93dd-688c3f051915@group-D57DC693E806:LeaderElection38] INFO  server.RaftServerConfigKeys (ConfUtils.java:logGet(43)) - raft.server.watch.element-limit = 65536 (default)
2019-09-26 13:14:42,556 [7356840b-7827-4030-93dd-688c3f051915@group-D57DC693E806:LeaderElection38] INFO  impl.RoleInfo (RoleInfo.java:updateAndGet(143)) - 7356840b-7827-4030-93dd-688c3f051915: start LeaderState
2019-09-26 13:14:42,556 [7356840b-7827-4030-93dd-688c3f051915@group-D57DC693E806:LeaderElection38] INFO  segmented.SegmentedRaftLogWorker (SegmentedRaftLogWorker.java:startLogSegment(380)) - 7356840b-7827-4030-93dd-688c3f051915@group-D57DC693E806-SegmentedRaftLogWorker: Starting segment from index:0
2019-09-26 13:14:42,557 [7356840b-7827-4030-93dd-688c3f051915@group-D57DC693E806:LeaderElection38] INFO  impl.RaftServerImpl (ServerState.java:setRaftConf(354)) - 7356840b-7827-4030-93dd-688c3f051915@group-D57DC693E806: set configuration 0: [7356840b-7827-4030-93dd-688c3f051915:192.168.164.238:38100], old=null at 0
2019-09-26 13:14:42,593 [7356840b-7827-4030-93dd-688c3f051915@group-D57DC693E806-SegmentedRaftLogWorker] INFO  segmented.SegmentedRaftLogWorker (SegmentedRaftLogWorker.java:execute(569)) - 7356840b-7827-4030-93dd-688c3f051915@group-D57DC693E806-SegmentedRaftLogWorker: created new log segment /workdir/hadoop-ozone/integration-test/target/test-dir/MiniOzoneClusterImpl-f1012d8c-e23c-4237-834a-d6b3ac6768a8/datanode-1/data/ratis/43cc4977-fb15-4416-8479-d57dc693e806/current/log_inprogress_0
2019-09-26 13:14:42,598 [Thread-708] INFO  impl.FollowerState (FollowerState.java:run(106)) - 889b6bd5-667f-4014-9c6a-1d248de10fa9:group-CAF3EF1F9B55 changes to CANDIDATE, lastRpcTime:5139, electionTimeout:5139ms
2019-09-26 13:14:42,599 [Thread-708] INFO  impl.RoleInfo (RoleInfo.java:shutdownFollowerState(121)) - 889b6bd5-667f-4014-9c6a-1d248de10fa9: shutdown FollowerState
2019-09-26 13:14:42,599 [Thread-708] INFO  impl.RaftServerImpl (RaftServerImpl.java:setRole(174)) - 889b6bd5-667f-4014-9c6a-1d248de10fa9@group-CAF3EF1F9B55: changes role from  FOLLOWER to CANDIDATE at term 0 for changeToCandidate
2019-09-26 13:14:42,599 [Thread-708] INFO  impl.RoleInfo (RoleInfo.java:updateAndGet(143)) - 889b6bd5-667f-4014-9c6a-1d248de10fa9: start LeaderElection
2019-09-26 13:14:42,609 [Thread-714] INFO  impl.FollowerState (FollowerState.java:run(106)) - 7356840b-7827-4030-93dd-688c3f051915:group-707BFB4992F8 changes to CANDIDATE, lastRpcTime:5016, electionTimeout:5010ms
2019-09-26 13:14:42,609 [Thread-714] INFO  impl.RoleInfo (RoleInfo.java:shutdownFollowerState(121)) - 7356840b-7827-4030-93dd-688c3f051915: shutdown FollowerState
2019-09-26 13:14:42,609 [Thread-714] INFO  impl.RaftServerImpl (RaftServerImpl.java:setRole(174)) - 7356840b-7827-4030-93dd-688c3f051915@group-707BFB4992F8: changes role from  FOLLOWER to CANDIDATE at term 0 for changeToCandidate
2019-09-26 13:14:42,610 [Thread-714] INFO  impl.RoleInfo (RoleInfo.java:updateAndGet(143)) - 7356840b-7827-4030-93dd-688c3f051915: start LeaderElection
2019-09-26 13:14:42,616 [7356840b-7827-4030-93dd-688c3f051915@group-707BFB4992F8:LeaderElection40] INFO  impl.LeaderElection (LeaderElection.java:askForVotes(182)) - 7356840b-7827-4030-93dd-688c3f051915@group-707BFB4992F8:LeaderElection40: begin an election at term 1 for -1: [7356840b-7827-4030-93dd-688c3f051915:192.168.164.238:38100], old=null
2019-09-26 13:14:42,616 [889b6bd5-667f-4014-9c6a-1d248de10fa9@group-CAF3EF1F9B55:LeaderElection39] INFO  impl.LeaderElection (LeaderElection.java:askForVotes(182)) - 889b6bd5-667f-4014-9c6a-1d248de10fa9@group-CAF3EF1F9B55:LeaderElection39: begin an election at term 1 for -1: [889b6bd5-667f-4014-9c6a-1d248de10fa9:192.168.164.238:35860], old=null
2019-09-26 13:14:42,616 [7356840b-7827-4030-93dd-688c3f051915@group-707BFB4992F8:LeaderElection40] INFO  impl.RoleInfo (RoleInfo.java:shutdownLeaderElection(134)) - 7356840b-7827-4030-93dd-688c3f051915: shutdown LeaderElection
2019-09-26 13:14:42,616 [889b6bd5-667f-4014-9c6a-1d248de10fa9@group-CAF3EF1F9B55:LeaderElection39] INFO  impl.RoleInfo (RoleInfo.java:shutdownLeaderElection(134)) - 889b6bd5-667f-4014-9c6a-1d248de10fa9: shutdown LeaderElection
2019-09-26 13:14:42,616 [7356840b-7827-4030-93dd-688c3f051915@group-707BFB4992F8:LeaderElection40] INFO  impl.RaftServerImpl (RaftServerImpl.java:setRole(174)) - 7356840b-7827-4030-93dd-688c3f051915@group-707BFB4992F8: changes role from CANDIDATE to LEADER at term 1 for changeToLeader
2019-09-26 13:14:42,616 [889b6bd5-667f-4014-9c6a-1d248de10fa9@group-CAF3EF1F9B55:LeaderElection39] INFO  impl.RaftServerImpl (RaftServerImpl.java:setRole(174)) - 889b6bd5-667f-4014-9c6a-1d248de10fa9@group-CAF3EF1F9B55: changes role from CANDIDATE to LEADER at term 1 for changeToLeader
2019-09-26 13:14:42,616 [7356840b-7827-4030-93dd-688c3f051915@group-707BFB4992F8:LeaderElection40] INFO  impl.RaftServerImpl (ServerState.java:setLeader(253)) - 7356840b-7827-4030-93dd-688c3f051915@group-707BFB4992F8: change Leader from null to 7356840b-7827-4030-93dd-688c3f051915 at term 1 for becomeLeader, leader elected after 5028ms
2019-09-26 13:14:42,617 [889b6bd5-667f-4014-9c6a-1d248de10fa9@group-CAF3EF1F9B55:LeaderElection39] INFO  impl.RaftServerImpl (ServerState.java:setLeader(253)) - 889b6bd5-667f-4014-9c6a-1d248de10fa9@group-CAF3EF1F9B55: change Leader from null to 889b6bd5-667f-4014-9c6a-1d248de10fa9 at term 1 for becomeLeader, leader elected after 5162ms
2019-09-26 13:14:42,617 [7356840b-7827-4030-93dd-688c3f051915@group-707BFB4992F8:LeaderElection40] INFO  server.RaftServerConfigKeys (ConfUtils.java:logGet(43)) - raft.server.staging.catchup.gap = 1000 (default)
2019-09-26 13:14:42,617 [889b6bd5-667f-4014-9c6a-1d248de10fa9@group-CAF3EF1F9B55:LeaderElection39] INFO  server.RaftServerConfigKeys (ConfUtils.java:logGet(43)) - raft.server.staging.catchup.gap = 1000 (default)
2019-09-26 13:14:42,617 [7356840b-7827-4030-93dd-688c3f051915@group-707BFB4992F8:LeaderElection40] INFO  server.RaftServerConfigKeys (ConfUtils.java:logGet(43)) - raft.server.rpc.sleep.time = 25ms (default)
2019-09-26 13:14:42,617 [889b6bd5-667f-4014-9c6a-1d248de10fa9@group-CAF3EF1F9B55:LeaderElection39] INFO  server.RaftServerConfigKeys (ConfUtils.java:logGet(43)) - raft.server.rpc.sleep.time = 25ms (default)
2019-09-26 13:14:42,617 [7356840b-7827-4030-93dd-688c3f051915@group-707BFB4992F8:LeaderElection40] INFO  server.RaftServerConfigKeys (ConfUtils.java:logGet(43)) - raft.server.write.element-limit = 4096 (default)
2019-09-26 13:14:42,617 [889b6bd5-667f-4014-9c6a-1d248de10fa9@group-CAF3EF1F9B55:LeaderElection39] INFO  server.RaftServerConfigKeys (ConfUtils.java:logGet(43)) - raft.server.write.element-limit = 4096 (default)
2019-09-26 13:14:42,618 [7356840b-7827-4030-93dd-688c3f051915@group-707BFB4992F8:LeaderElection40] INFO  server.RaftServerConfigKeys (ConfUtils.java:logGet(43)) - raft.server.watch.timeout = 10s (default)
2019-09-26 13:14:42,618 [889b6bd5-667f-4014-9c6a-1d248de10fa9@group-CAF3EF1F9B55:LeaderElection39] INFO  server.RaftServerConfigKeys (ConfUtils.java:logGet(43)) - raft.server.watch.timeout = 10s (default)
2019-09-26 13:14:42,618 [7356840b-7827-4030-93dd-688c3f051915@group-707BFB4992F8:LeaderElection40] INFO  server.RaftServerConfigKeys (ConfUtils.java:logGet(43)) - raft.server.watch.timeout.denomination = 1s (default)
2019-09-26 13:14:42,618 [889b6bd5-667f-4014-9c6a-1d248de10fa9@group-CAF3EF1F9B55:LeaderElection39] INFO  server.RaftServerConfigKeys (ConfUtils.java:logGet(43)) - raft.server.watch.timeout.denomination = 1s (default)
2019-09-26 13:14:42,618 [7356840b-7827-4030-93dd-688c3f051915@group-707BFB4992F8:LeaderElection40] INFO  server.RaftServerConfigKeys (ConfUtils.java:logGet(43)) - raft.server.watch.element-limit = 65536 (default)
2019-09-26 13:14:42,618 [889b6bd5-667f-4014-9c6a-1d248de10fa9@group-CAF3EF1F9B55:LeaderElection39] INFO  server.RaftServerConfigKeys (ConfUtils.java:logGet(43)) - raft.server.watch.element-limit = 65536 (default)
2019-09-26 13:14:42,621 [7356840b-7827-4030-93dd-688c3f051915@group-707BFB4992F8:LeaderElection40] INFO  impl.RoleInfo (RoleInfo.java:updateAndGet(143)) - 7356840b-7827-4030-93dd-688c3f051915: start LeaderState
2019-09-26 13:14:42,621 [7356840b-7827-4030-93dd-688c3f051915@group-707BFB4992F8:LeaderElection40] INFO  segmented.SegmentedRaftLogWorker (SegmentedRaftLogWorker.java:startLogSegment(380)) - 7356840b-7827-4030-93dd-688c3f051915@group-707BFB4992F8-SegmentedRaftLogWorker: Starting segment from index:0
2019-09-26 13:14:42,622 [7356840b-7827-4030-93dd-688c3f051915@group-707BFB4992F8:LeaderElection40] INFO  impl.RaftServerImpl (ServerState.java:setRaftConf(354)) - 7356840b-7827-4030-93dd-688c3f051915@group-707BFB4992F8: set configuration 0: [7356840b-7827-4030-93dd-688c3f051915:192.168.164.238:38100], old=null at 0
2019-09-26 13:14:42,622 [889b6bd5-667f-4014-9c6a-1d248de10fa9@group-CAF3EF1F9B55:LeaderElection39] INFO  impl.RoleInfo (RoleInfo.java:updateAndGet(143)) - 889b6bd5-667f-4014-9c6a-1d248de10fa9: start LeaderState
2019-09-26 13:14:42,622 [889b6bd5-667f-4014-9c6a-1d248de10fa9@group-CAF3EF1F9B55:LeaderElection39] INFO  segmented.SegmentedRaftLogWorker (SegmentedRaftLogWorker.java:startLogSegment(380)) - 889b6bd5-667f-4014-9c6a-1d248de10fa9@group-CAF3EF1F9B55-SegmentedRaftLogWorker: Starting segment from index:0
2019-09-26 13:14:42,623 [889b6bd5-667f-4014-9c6a-1d248de10fa9@group-CAF3EF1F9B55:LeaderElection39] INFO  impl.RaftServerImpl (ServerState.java:setRaftConf(354)) - 889b6bd5-667f-4014-9c6a-1d248de10fa9@group-CAF3EF1F9B55: set configuration 0: [889b6bd5-667f-4014-9c6a-1d248de10fa9:192.168.164.238:35860], old=null at 0
2019-09-26 13:14:42,652 [7356840b-7827-4030-93dd-688c3f051915@group-707BFB4992F8-SegmentedRaftLogWorker] INFO  segmented.SegmentedRaftLogWorker (SegmentedRaftLogWorker.java:execute(569)) - 7356840b-7827-4030-93dd-688c3f051915@group-707BFB4992F8-SegmentedRaftLogWorker: created new log segment /workdir/hadoop-ozone/integration-test/target/test-dir/MiniOzoneClusterImpl-f1012d8c-e23c-4237-834a-d6b3ac6768a8/datanode-1/data/ratis/9ffd68aa-a5a8-47c4-9c69-707bfb4992f8/current/log_inprogress_0
2019-09-26 13:14:42,667 [889b6bd5-667f-4014-9c6a-1d248de10fa9@group-CAF3EF1F9B55-SegmentedRaftLogWorker] INFO  segmented.SegmentedRaftLogWorker (SegmentedRaftLogWorker.java:execute(569)) - 889b6bd5-667f-4014-9c6a-1d248de10fa9@group-CAF3EF1F9B55-SegmentedRaftLogWorker: created new log segment /workdir/hadoop-ozone/integration-test/target/test-dir/MiniOzoneClusterImpl-f1012d8c-e23c-4237-834a-d6b3ac6768a8/datanode-0/data/ratis/82f7a86e-676c-4c6e-9bfe-caf3ef1f9b55/current/log_inprogress_0
2019-09-26 13:14:42,789 [Thread-717] INFO  impl.FollowerState (FollowerState.java:run(106)) - c4e1b93a-90f2-4165-be12-1b771b331b8e:group-EAA5B26CB526 changes to CANDIDATE, lastRpcTime:5144, electionTimeout:5144ms
2019-09-26 13:14:42,789 [Thread-717] INFO  impl.RoleInfo (RoleInfo.java:shutdownFollowerState(121)) - c4e1b93a-90f2-4165-be12-1b771b331b8e: shutdown FollowerState
2019-09-26 13:14:42,789 [Thread-717] INFO  impl.RaftServerImpl (RaftServerImpl.java:setRole(174)) - c4e1b93a-90f2-4165-be12-1b771b331b8e@group-EAA5B26CB526: changes role from  FOLLOWER to CANDIDATE at term 0 for changeToCandidate
2019-09-26 13:14:42,789 [Thread-717] INFO  impl.RoleInfo (RoleInfo.java:updateAndGet(143)) - c4e1b93a-90f2-4165-be12-1b771b331b8e: start LeaderElection
2019-09-26 13:14:42,805 [c4e1b93a-90f2-4165-be12-1b771b331b8e@group-EAA5B26CB526:LeaderElection41] INFO  impl.LeaderElection (LeaderElection.java:askForVotes(182)) - c4e1b93a-90f2-4165-be12-1b771b331b8e@group-EAA5B26CB526:LeaderElection41: begin an election at term 1 for -1: [c4e1b93a-90f2-4165-be12-1b771b331b8e:192.168.164.238:35258], old=null
2019-09-26 13:14:42,805 [c4e1b93a-90f2-4165-be12-1b771b331b8e@group-EAA5B26CB526:LeaderElection41] INFO  impl.RoleInfo (RoleInfo.java:shutdownLeaderElection(134)) - c4e1b93a-90f2-4165-be12-1b771b331b8e: shutdown LeaderElection
2019-09-26 13:14:42,805 [c4e1b93a-90f2-4165-be12-1b771b331b8e@group-EAA5B26CB526:LeaderElection41] INFO  impl.RaftServerImpl (RaftServerImpl.java:setRole(174)) - c4e1b93a-90f2-4165-be12-1b771b331b8e@group-EAA5B26CB526: changes role from CANDIDATE to LEADER at term 1 for changeToLeader
2019-09-26 13:14:42,805 [c4e1b93a-90f2-4165-be12-1b771b331b8e@group-EAA5B26CB526:LeaderElection41] INFO  impl.RaftServerImpl (ServerState.java:setLeader(253)) - c4e1b93a-90f2-4165-be12-1b771b331b8e@group-EAA5B26CB526: change Leader from null to c4e1b93a-90f2-4165-be12-1b771b331b8e at term 1 for becomeLeader, leader elected after 5167ms
2019-09-26 13:14:42,806 [c4e1b93a-90f2-4165-be12-1b771b331b8e@group-EAA5B26CB526:LeaderElection41] INFO  server.RaftServerConfigKeys (ConfUtils.java:logGet(43)) - raft.server.staging.catchup.gap = 1000 (default)
2019-09-26 13:14:42,806 [c4e1b93a-90f2-4165-be12-1b771b331b8e@group-EAA5B26CB526:LeaderElection41] INFO  server.RaftServerConfigKeys (ConfUtils.java:logGet(43)) - raft.server.rpc.sleep.time = 25ms (default)
2019-09-26 13:14:42,806 [c4e1b93a-90f2-4165-be12-1b771b331b8e@group-EAA5B26CB526:LeaderElection41] INFO  server.RaftServerConfigKeys (ConfUtils.java:logGet(43)) - raft.server.write.element-limit = 4096 (default)
2019-09-26 13:14:42,806 [c4e1b93a-90f2-4165-be12-1b771b331b8e@group-EAA5B26CB526:LeaderElection41] INFO  server.RaftServerConfigKeys (ConfUtils.java:logGet(43)) - raft.server.watch.timeout = 10s (default)
2019-09-26 13:14:42,806 [c4e1b93a-90f2-4165-be12-1b771b331b8e@group-EAA5B26CB526:LeaderElection41] INFO  server.RaftServerConfigKeys (ConfUtils.java:logGet(43)) - raft.server.watch.timeout.denomination = 1s (default)
2019-09-26 13:14:42,807 [c4e1b93a-90f2-4165-be12-1b771b331b8e@group-EAA5B26CB526:LeaderElection41] INFO  server.RaftServerConfigKeys (ConfUtils.java:logGet(43)) - raft.server.watch.element-limit = 65536 (default)
2019-09-26 13:14:42,809 [c4e1b93a-90f2-4165-be12-1b771b331b8e@group-EAA5B26CB526:LeaderElection41] INFO  impl.RoleInfo (RoleInfo.java:updateAndGet(143)) - c4e1b93a-90f2-4165-be12-1b771b331b8e: start LeaderState
2019-09-26 13:14:42,810 [c4e1b93a-90f2-4165-be12-1b771b331b8e@group-EAA5B26CB526:LeaderElection41] INFO  segmented.SegmentedRaftLogWorker (SegmentedRaftLogWorker.java:startLogSegment(380)) - c4e1b93a-90f2-4165-be12-1b771b331b8e@group-EAA5B26CB526-SegmentedRaftLogWorker: Starting segment from index:0
2019-09-26 13:14:42,810 [c4e1b93a-90f2-4165-be12-1b771b331b8e@group-EAA5B26CB526:LeaderElection41] INFO  impl.RaftServerImpl (ServerState.java:setRaftConf(354)) - c4e1b93a-90f2-4165-be12-1b771b331b8e@group-EAA5B26CB526: set configuration 0: [c4e1b93a-90f2-4165-be12-1b771b331b8e:192.168.164.238:35258], old=null at 0
2019-09-26 13:14:42,824 [Thread-720] INFO  impl.FollowerState (FollowerState.java:run(106)) - 7356840b-7827-4030-93dd-688c3f051915:group-96404195A97A changes to CANDIDATE, lastRpcTime:5147, electionTimeout:5147ms
2019-09-26 13:14:42,824 [Thread-720] INFO  impl.RoleInfo (RoleInfo.java:shutdownFollowerState(121)) - 7356840b-7827-4030-93dd-688c3f051915: shutdown FollowerState
2019-09-26 13:14:42,825 [Thread-720] INFO  impl.RaftServerImpl (RaftServerImpl.java:setRole(174)) - 7356840b-7827-4030-93dd-688c3f051915@group-96404195A97A: changes role from  FOLLOWER to CANDIDATE at term 0 for changeToCandidate
2019-09-26 13:14:42,825 [Thread-720] INFO  impl.RoleInfo (RoleInfo.java:updateAndGet(143)) - 7356840b-7827-4030-93dd-688c3f051915: start LeaderElection
2019-09-26 13:14:42,855 [c4e1b93a-90f2-4165-be12-1b771b331b8e@group-EAA5B26CB526-SegmentedRaftLogWorker] INFO  segmented.SegmentedRaftLogWorker (SegmentedRaftLogWorker.java:execute(569)) - c4e1b93a-90f2-4165-be12-1b771b331b8e@group-EAA5B26CB526-SegmentedRaftLogWorker: created new log segment /workdir/hadoop-ozone/integration-test/target/test-dir/MiniOzoneClusterImpl-f1012d8c-e23c-4237-834a-d6b3ac6768a8/datanode-2/data/ratis/399230f1-3a70-4bf6-9173-eaa5b26cb526/current/log_inprogress_0
2019-09-26 13:14:42,857 [7356840b-7827-4030-93dd-688c3f051915@group-96404195A97A:LeaderElection42] INFO  impl.LeaderElection (LeaderElection.java:askForVotes(182)) - 7356840b-7827-4030-93dd-688c3f051915@group-96404195A97A:LeaderElection42: begin an election at term 1 for -1: [7356840b-7827-4030-93dd-688c3f051915:192.168.164.238:38100], old=null
2019-09-26 13:14:42,858 [7356840b-7827-4030-93dd-688c3f051915@group-96404195A97A:LeaderElection42] INFO  impl.RoleInfo (RoleInfo.java:shutdownLeaderElection(134)) - 7356840b-7827-4030-93dd-688c3f051915: shutdown LeaderElection
2019-09-26 13:14:42,858 [7356840b-7827-4030-93dd-688c3f051915@group-96404195A97A:LeaderElection42] INFO  impl.RaftServerImpl (RaftServerImpl.java:setRole(174)) - 7356840b-7827-4030-93dd-688c3f051915@group-96404195A97A: changes role from CANDIDATE to LEADER at term 1 for changeToLeader
2019-09-26 13:14:42,858 [7356840b-7827-4030-93dd-688c3f051915@group-96404195A97A:LeaderElection42] INFO  impl.RaftServerImpl (ServerState.java:setLeader(253)) - 7356840b-7827-4030-93dd-688c3f051915@group-96404195A97A: change Leader from null to 7356840b-7827-4030-93dd-688c3f051915 at term 1 for becomeLeader, leader elected after 5185ms
2019-09-26 13:14:42,858 [7356840b-7827-4030-93dd-688c3f051915@group-96404195A97A:LeaderElection42] INFO  server.RaftServerConfigKeys (ConfUtils.java:logGet(43)) - raft.server.staging.catchup.gap = 1000 (default)
2019-09-26 13:14:42,858 [7356840b-7827-4030-93dd-688c3f051915@group-96404195A97A:LeaderElection42] INFO  server.RaftServerConfigKeys (ConfUtils.java:logGet(43)) - raft.server.rpc.sleep.time = 25ms (default)
2019-09-26 13:14:42,858 [7356840b-7827-4030-93dd-688c3f051915@group-96404195A97A:LeaderElection42] INFO  server.RaftServerConfigKeys (ConfUtils.java:logGet(43)) - raft.server.write.element-limit = 4096 (default)
2019-09-26 13:14:42,858 [7356840b-7827-4030-93dd-688c3f051915@group-96404195A97A:LeaderElection42] INFO  server.RaftServerConfigKeys (ConfUtils.java:logGet(43)) - raft.server.watch.timeout = 10s (default)
2019-09-26 13:14:42,858 [7356840b-7827-4030-93dd-688c3f051915@group-96404195A97A:LeaderElection42] INFO  server.RaftServerConfigKeys (ConfUtils.java:logGet(43)) - raft.server.watch.timeout.denomination = 1s (default)
2019-09-26 13:14:42,859 [7356840b-7827-4030-93dd-688c3f051915@group-96404195A97A:LeaderElection42] INFO  server.RaftServerConfigKeys (ConfUtils.java:logGet(43)) - raft.server.watch.element-limit = 65536 (default)
2019-09-26 13:14:42,860 [7356840b-7827-4030-93dd-688c3f051915@group-96404195A97A:LeaderElection42] INFO  impl.RoleInfo (RoleInfo.java:updateAndGet(143)) - 7356840b-7827-4030-93dd-688c3f051915: start LeaderState
2019-09-26 13:14:42,860 [7356840b-7827-4030-93dd-688c3f051915@group-96404195A97A:LeaderElection42] INFO  segmented.SegmentedRaftLogWorker (SegmentedRaftLogWorker.java:startLogSegment(380)) - 7356840b-7827-4030-93dd-688c3f051915@group-96404195A97A-SegmentedRaftLogWorker: Starting segment from index:0
2019-09-26 13:14:42,861 [7356840b-7827-4030-93dd-688c3f051915@group-96404195A97A:LeaderElection42] INFO  impl.RaftServerImpl (ServerState.java:setRaftConf(354)) - 7356840b-7827-4030-93dd-688c3f051915@group-96404195A97A: set configuration 0: [7356840b-7827-4030-93dd-688c3f051915:192.168.164.238:38100], old=null at 0
2019-09-26 13:14:42,898 [7356840b-7827-4030-93dd-688c3f051915@group-96404195A97A-SegmentedRaftLogWorker] INFO  segmented.SegmentedRaftLogWorker (SegmentedRaftLogWorker.java:execute(569)) - 7356840b-7827-4030-93dd-688c3f051915@group-96404195A97A-SegmentedRaftLogWorker: created new log segment /workdir/hadoop-ozone/integration-test/target/test-dir/MiniOzoneClusterImpl-f1012d8c-e23c-4237-834a-d6b3ac6768a8/datanode-1/data/ratis/794286e2-018f-4aef-be52-96404195a97a/current/log_inprogress_0
2019-09-26 13:14:42,918 [Thread-723] INFO  impl.FollowerState (FollowerState.java:run(106)) - 889b6bd5-667f-4014-9c6a-1d248de10fa9:group-A092BDA40742 changes to CANDIDATE, lastRpcTime:5168, electionTimeout:5168ms
2019-09-26 13:14:42,919 [Thread-723] INFO  impl.RoleInfo (RoleInfo.java:shutdownFollowerState(121)) - 889b6bd5-667f-4014-9c6a-1d248de10fa9: shutdown FollowerState
2019-09-26 13:14:42,919 [Thread-723] INFO  impl.RaftServerImpl (RaftServerImpl.java:setRole(174)) - 889b6bd5-667f-4014-9c6a-1d248de10fa9@group-A092BDA40742: changes role from  FOLLOWER to CANDIDATE at term 0 for changeToCandidate
2019-09-26 13:14:42,919 [Thread-723] INFO  impl.RoleInfo (RoleInfo.java:updateAndGet(143)) - 889b6bd5-667f-4014-9c6a-1d248de10fa9: start LeaderElection
2019-09-26 13:14:42,927 [889b6bd5-667f-4014-9c6a-1d248de10fa9@group-A092BDA40742:LeaderElection43] INFO  impl.LeaderElection (LeaderElection.java:askForVotes(182)) - 889b6bd5-667f-4014-9c6a-1d248de10fa9@group-A092BDA40742:LeaderElection43: begin an election at term 1 for -1: [889b6bd5-667f-4014-9c6a-1d248de10fa9:192.168.164.238:35860], old=null
2019-09-26 13:14:42,927 [889b6bd5-667f-4014-9c6a-1d248de10fa9@group-A092BDA40742:LeaderElection43] INFO  impl.RoleInfo (RoleInfo.java:shutdownLeaderElection(134)) - 889b6bd5-667f-4014-9c6a-1d248de10fa9: shutdown LeaderElection
2019-09-26 13:14:42,927 [889b6bd5-667f-4014-9c6a-1d248de10fa9@group-A092BDA40742:LeaderElection43] INFO  impl.RaftServerImpl (RaftServerImpl.java:setRole(174)) - 889b6bd5-667f-4014-9c6a-1d248de10fa9@group-A092BDA40742: changes role from CANDIDATE to LEADER at term 1 for changeToLeader
2019-09-26 13:14:42,927 [889b6bd5-667f-4014-9c6a-1d248de10fa9@group-A092BDA40742:LeaderElection43] INFO  impl.RaftServerImpl (ServerState.java:setLeader(253)) - 889b6bd5-667f-4014-9c6a-1d248de10fa9@group-A092BDA40742: change Leader from null to 889b6bd5-667f-4014-9c6a-1d248de10fa9 at term 1 for becomeLeader, leader elected after 5181ms
2019-09-26 13:14:42,927 [889b6bd5-667f-4014-9c6a-1d248de10fa9@group-A092BDA40742:LeaderElection43] INFO  server.RaftServerConfigKeys (ConfUtils.java:logGet(43)) - raft.server.staging.catchup.gap = 1000 (default)
2019-09-26 13:14:42,927 [889b6bd5-667f-4014-9c6a-1d248de10fa9@group-A092BDA40742:LeaderElection43] INFO  server.RaftServerConfigKeys (ConfUtils.java:logGet(43)) - raft.server.rpc.sleep.time = 25ms (default)
2019-09-26 13:14:42,927 [889b6bd5-667f-4014-9c6a-1d248de10fa9@group-A092BDA40742:LeaderElection43] INFO  server.RaftServerConfigKeys (ConfUtils.java:logGet(43)) - raft.server.write.element-limit = 4096 (default)
2019-09-26 13:14:42,927 [889b6bd5-667f-4014-9c6a-1d248de10fa9@group-A092BDA40742:LeaderElection43] INFO  server.RaftServerConfigKeys (ConfUtils.java:logGet(43)) - raft.server.watch.timeout = 10s (default)
2019-09-26 13:14:42,928 [889b6bd5-667f-4014-9c6a-1d248de10fa9@group-A092BDA40742:LeaderElection43] INFO  server.RaftServerConfigKeys (ConfUtils.java:logGet(43)) - raft.server.watch.timeout.denomination = 1s (default)
2019-09-26 13:14:42,928 [889b6bd5-667f-4014-9c6a-1d248de10fa9@group-A092BDA40742:LeaderElection43] INFO  server.RaftServerConfigKeys (ConfUtils.java:logGet(43)) - raft.server.watch.element-limit = 65536 (default)
2019-09-26 13:14:42,929 [889b6bd5-667f-4014-9c6a-1d248de10fa9@group-A092BDA40742:LeaderElection43] INFO  impl.RoleInfo (RoleInfo.java:updateAndGet(143)) - 889b6bd5-667f-4014-9c6a-1d248de10fa9: start LeaderState
2019-09-26 13:14:42,929 [889b6bd5-667f-4014-9c6a-1d248de10fa9@group-A092BDA40742:LeaderElection43] INFO  segmented.SegmentedRaftLogWorker (SegmentedRaftLogWorker.java:startLogSegment(380)) - 889b6bd5-667f-4014-9c6a-1d248de10fa9@group-A092BDA40742-SegmentedRaftLogWorker: Starting segment from index:0
2019-09-26 13:14:42,930 [889b6bd5-667f-4014-9c6a-1d248de10fa9@group-A092BDA40742:LeaderElection43] INFO  impl.RaftServerImpl (ServerState.java:setRaftConf(354)) - 889b6bd5-667f-4014-9c6a-1d248de10fa9@group-A092BDA40742: set configuration 0: [889b6bd5-667f-4014-9c6a-1d248de10fa9:192.168.164.238:35860], old=null at 0
2019-09-26 13:14:42,961 [889b6bd5-667f-4014-9c6a-1d248de10fa9@group-A092BDA40742-SegmentedRaftLogWorker] INFO  segmented.SegmentedRaftLogWorker (SegmentedRaftLogWorker.java:execute(569)) - 889b6bd5-667f-4014-9c6a-1d248de10fa9@group-A092BDA40742-SegmentedRaftLogWorker: created new log segment /workdir/hadoop-ozone/integration-test/target/test-dir/MiniOzoneClusterImpl-f1012d8c-e23c-4237-834a-d6b3ac6768a8/datanode-0/data/ratis/3ef90c5e-32eb-4cf5-8418-a092bda40742/current/log_inprogress_0
2019-09-26 13:14:43,003 [Thread-726] INFO  impl.FollowerState (FollowerState.java:run(106)) - 7356840b-7827-4030-93dd-688c3f051915:group-9E06F409AC47 changes to CANDIDATE, lastRpcTime:5183, electionTimeout:5183ms
2019-09-26 13:14:43,003 [Thread-726] INFO  impl.RoleInfo (RoleInfo.java:shutdownFollowerState(121)) - 7356840b-7827-4030-93dd-688c3f051915: shutdown FollowerState
2019-09-26 13:14:43,003 [Thread-726] INFO  impl.RaftServerImpl (RaftServerImpl.java:setRole(174)) - 7356840b-7827-4030-93dd-688c3f051915@group-9E06F409AC47: changes role from  FOLLOWER to CANDIDATE at term 0 for changeToCandidate
2019-09-26 13:14:43,003 [Thread-726] INFO  impl.RoleInfo (RoleInfo.java:updateAndGet(143)) - 7356840b-7827-4030-93dd-688c3f051915: start LeaderElection
2019-09-26 13:14:43,011 [7356840b-7827-4030-93dd-688c3f051915@group-9E06F409AC47:LeaderElection44] INFO  impl.LeaderElection (LeaderElection.java:askForVotes(182)) - 7356840b-7827-4030-93dd-688c3f051915@group-9E06F409AC47:LeaderElection44: begin an election at term 1 for -1: [7356840b-7827-4030-93dd-688c3f051915:192.168.164.238:38100], old=null
2019-09-26 13:14:43,011 [7356840b-7827-4030-93dd-688c3f051915@group-9E06F409AC47:LeaderElection44] INFO  impl.RoleInfo (RoleInfo.java:shutdownLeaderElection(134)) - 7356840b-7827-4030-93dd-688c3f051915: shutdown LeaderElection
2019-09-26 13:14:43,011 [7356840b-7827-4030-93dd-688c3f051915@group-9E06F409AC47:LeaderElection44] INFO  impl.RaftServerImpl (RaftServerImpl.java:setRole(174)) - 7356840b-7827-4030-93dd-688c3f051915@group-9E06F409AC47: changes role from CANDIDATE to LEADER at term 1 for changeToLeader
2019-09-26 13:14:43,011 [7356840b-7827-4030-93dd-688c3f051915@group-9E06F409AC47:LeaderElection44] INFO  impl.RaftServerImpl (ServerState.java:setLeader(253)) - 7356840b-7827-4030-93dd-688c3f051915@group-9E06F409AC47: change Leader from null to 7356840b-7827-4030-93dd-688c3f051915 at term 1 for becomeLeader, leader elected after 5198ms
2019-09-26 13:14:43,011 [7356840b-7827-4030-93dd-688c3f051915@group-9E06F409AC47:LeaderElection44] INFO  server.RaftServerConfigKeys (ConfUtils.java:logGet(43)) - raft.server.staging.catchup.gap = 1000 (default)
2019-09-26 13:14:43,011 [7356840b-7827-4030-93dd-688c3f051915@group-9E06F409AC47:LeaderElection44] INFO  server.RaftServerConfigKeys (ConfUtils.java:logGet(43)) - raft.server.rpc.sleep.time = 25ms (default)
2019-09-26 13:14:43,011 [7356840b-7827-4030-93dd-688c3f051915@group-9E06F409AC47:LeaderElection44] INFO  server.RaftServerConfigKeys (ConfUtils.java:logGet(43)) - raft.server.write.element-limit = 4096 (default)
2019-09-26 13:14:43,012 [7356840b-7827-4030-93dd-688c3f051915@group-9E06F409AC47:LeaderElection44] INFO  server.RaftServerConfigKeys (ConfUtils.java:logGet(43)) - raft.server.watch.timeout = 10s (default)
2019-09-26 13:14:43,012 [7356840b-7827-4030-93dd-688c3f051915@group-9E06F409AC47:LeaderElection44] INFO  server.RaftServerConfigKeys (ConfUtils.java:logGet(43)) - raft.server.watch.timeout.denomination = 1s (default)
2019-09-26 13:14:43,012 [7356840b-7827-4030-93dd-688c3f051915@group-9E06F409AC47:LeaderElection44] INFO  server.RaftServerConfigKeys (ConfUtils.java:logGet(43)) - raft.server.watch.element-limit = 65536 (default)
2019-09-26 13:14:43,014 [7356840b-7827-4030-93dd-688c3f051915@group-9E06F409AC47:LeaderElection44] INFO  impl.RoleInfo (RoleInfo.java:updateAndGet(143)) - 7356840b-7827-4030-93dd-688c3f051915: start LeaderState
2019-09-26 13:14:43,014 [7356840b-7827-4030-93dd-688c3f051915@group-9E06F409AC47:LeaderElection44] INFO  segmented.SegmentedRaftLogWorker (SegmentedRaftLogWorker.java:startLogSegment(380)) - 7356840b-7827-4030-93dd-688c3f051915@group-9E06F409AC47-SegmentedRaftLogWorker: Starting segment from index:0
2019-09-26 13:14:43,014 [7356840b-7827-4030-93dd-688c3f051915@group-9E06F409AC47:LeaderElection44] INFO  impl.RaftServerImpl (ServerState.java:setRaftConf(354)) - 7356840b-7827-4030-93dd-688c3f051915@group-9E06F409AC47: set configuration 0: [7356840b-7827-4030-93dd-688c3f051915:192.168.164.238:38100], old=null at 0
2019-09-26 13:14:43,042 [Thread-729] INFO  impl.FollowerState (FollowerState.java:run(106)) - 7356840b-7827-4030-93dd-688c3f051915:group-DE85FC3FFF15 changes to CANDIDATE, lastRpcTime:5170, electionTimeout:5170ms
2019-09-26 13:14:43,042 [Thread-729] INFO  impl.RoleInfo (RoleInfo.java:shutdownFollowerState(121)) - 7356840b-7827-4030-93dd-688c3f051915: shutdown FollowerState
2019-09-26 13:14:43,042 [Thread-729] INFO  impl.RaftServerImpl (RaftServerImpl.java:setRole(174)) - 7356840b-7827-4030-93dd-688c3f051915@group-DE85FC3FFF15: changes role from  FOLLOWER to CANDIDATE at term 0 for changeToCandidate
2019-09-26 13:14:43,043 [Thread-729] INFO  impl.RoleInfo (RoleInfo.java:updateAndGet(143)) - 7356840b-7827-4030-93dd-688c3f051915: start LeaderElection
2019-09-26 13:14:43,045 [7356840b-7827-4030-93dd-688c3f051915@group-9E06F409AC47-SegmentedRaftLogWorker] INFO  segmented.SegmentedRaftLogWorker (SegmentedRaftLogWorker.java:execute(569)) - 7356840b-7827-4030-93dd-688c3f051915@group-9E06F409AC47-SegmentedRaftLogWorker: created new log segment /workdir/hadoop-ozone/integration-test/target/test-dir/MiniOzoneClusterImpl-f1012d8c-e23c-4237-834a-d6b3ac6768a8/datanode-1/data/ratis/512f2c65-6bd1-4dee-ac6c-9e06f409ac47/current/log_inprogress_0
2019-09-26 13:14:43,049 [7356840b-7827-4030-93dd-688c3f051915@group-DE85FC3FFF15:LeaderElection45] INFO  impl.LeaderElection (LeaderElection.java:askForVotes(182)) - 7356840b-7827-4030-93dd-688c3f051915@group-DE85FC3FFF15:LeaderElection45: begin an election at term 1 for -1: [7356840b-7827-4030-93dd-688c3f051915:192.168.164.238:38100], old=null
2019-09-26 13:14:43,050 [7356840b-7827-4030-93dd-688c3f051915@group-DE85FC3FFF15:LeaderElection45] INFO  impl.RoleInfo (RoleInfo.java:shutdownLeaderElection(134)) - 7356840b-7827-4030-93dd-688c3f051915: shutdown LeaderElection
2019-09-26 13:14:43,050 [7356840b-7827-4030-93dd-688c3f051915@group-DE85FC3FFF15:LeaderElection45] INFO  impl.RaftServerImpl (RaftServerImpl.java:setRole(174)) - 7356840b-7827-4030-93dd-688c3f051915@group-DE85FC3FFF15: changes role from CANDIDATE to LEADER at term 1 for changeToLeader
2019-09-26 13:14:43,050 [7356840b-7827-4030-93dd-688c3f051915@group-DE85FC3FFF15:LeaderElection45] INFO  impl.RaftServerImpl (ServerState.java:setLeader(253)) - 7356840b-7827-4030-93dd-688c3f051915@group-DE85FC3FFF15: change Leader from null to 7356840b-7827-4030-93dd-688c3f051915 at term 1 for becomeLeader, leader elected after 5183ms
2019-09-26 13:14:43,050 [7356840b-7827-4030-93dd-688c3f051915@group-DE85FC3FFF15:LeaderElection45] INFO  server.RaftServerConfigKeys (ConfUtils.java:logGet(43)) - raft.server.staging.catchup.gap = 1000 (default)
2019-09-26 13:14:43,050 [7356840b-7827-4030-93dd-688c3f051915@group-DE85FC3FFF15:LeaderElection45] INFO  server.RaftServerConfigKeys (ConfUtils.java:logGet(43)) - raft.server.rpc.sleep.time = 25ms (default)
2019-09-26 13:14:43,050 [7356840b-7827-4030-93dd-688c3f051915@group-DE85FC3FFF15:LeaderElection45] INFO  server.RaftServerConfigKeys (ConfUtils.java:logGet(43)) - raft.server.write.element-limit = 4096 (default)
2019-09-26 13:14:43,050 [7356840b-7827-4030-93dd-688c3f051915@group-DE85FC3FFF15:LeaderElection45] INFO  server.RaftServerConfigKeys (ConfUtils.java:logGet(43)) - raft.server.watch.timeout = 10s (default)
2019-09-26 13:14:43,050 [7356840b-7827-4030-93dd-688c3f051915@group-DE85FC3FFF15:LeaderElection45] INFO  server.RaftServerConfigKeys (ConfUtils.java:logGet(43)) - raft.server.watch.timeout.denomination = 1s (default)
2019-09-26 13:14:43,050 [7356840b-7827-4030-93dd-688c3f051915@group-DE85FC3FFF15:LeaderElection45] INFO  server.RaftServerConfigKeys (ConfUtils.java:logGet(43)) - raft.server.watch.element-limit = 65536 (default)
2019-09-26 13:14:43,052 [7356840b-7827-4030-93dd-688c3f051915@group-DE85FC3FFF15:LeaderElection45] INFO  impl.RoleInfo (RoleInfo.java:updateAndGet(143)) - 7356840b-7827-4030-93dd-688c3f051915: start LeaderState
2019-09-26 13:14:43,052 [7356840b-7827-4030-93dd-688c3f051915@group-DE85FC3FFF15:LeaderElection45] INFO  segmented.SegmentedRaftLogWorker (SegmentedRaftLogWorker.java:startLogSegment(380)) - 7356840b-7827-4030-93dd-688c3f051915@group-DE85FC3FFF15-SegmentedRaftLogWorker: Starting segment from index:0
2019-09-26 13:14:43,053 [7356840b-7827-4030-93dd-688c3f051915@group-DE85FC3FFF15:LeaderElection45] INFO  impl.RaftServerImpl (ServerState.java:setRaftConf(354)) - 7356840b-7827-4030-93dd-688c3f051915@group-DE85FC3FFF15: set configuration 0: [7356840b-7827-4030-93dd-688c3f051915:192.168.164.238:38100], old=null at 0
2019-09-26 13:14:43,081 [7356840b-7827-4030-93dd-688c3f051915@group-DE85FC3FFF15-SegmentedRaftLogWorker] INFO  segmented.SegmentedRaftLogWorker (SegmentedRaftLogWorker.java:execute(569)) - 7356840b-7827-4030-93dd-688c3f051915@group-DE85FC3FFF15-SegmentedRaftLogWorker: created new log segment /workdir/hadoop-ozone/integration-test/target/test-dir/MiniOzoneClusterImpl-f1012d8c-e23c-4237-834a-d6b3ac6768a8/datanode-1/data/ratis/f893cf26-c242-4c2e-af65-de85fc3fff15/current/log_inprogress_0
2019-09-26 13:14:43,089 [Thread-744] INFO  impl.FollowerState (FollowerState.java:run(106)) - 889b6bd5-667f-4014-9c6a-1d248de10fa9:group-70C884933E1F changes to CANDIDATE, lastRpcTime:5001, electionTimeout:5001ms
2019-09-26 13:14:43,089 [Thread-744] INFO  impl.RoleInfo (RoleInfo.java:shutdownFollowerState(121)) - 889b6bd5-667f-4014-9c6a-1d248de10fa9: shutdown FollowerState
2019-09-26 13:14:43,089 [Thread-744] INFO  impl.RaftServerImpl (RaftServerImpl.java:setRole(174)) - 889b6bd5-667f-4014-9c6a-1d248de10fa9@group-70C884933E1F: changes role from  FOLLOWER to CANDIDATE at term 0 for changeToCandidate
2019-09-26 13:14:43,090 [Thread-744] INFO  impl.RoleInfo (RoleInfo.java:updateAndGet(143)) - 889b6bd5-667f-4014-9c6a-1d248de10fa9: start LeaderElection
2019-09-26 13:14:43,099 [889b6bd5-667f-4014-9c6a-1d248de10fa9@group-70C884933E1F:LeaderElection46] INFO  impl.LeaderElection (LeaderElection.java:askForVotes(182)) - 889b6bd5-667f-4014-9c6a-1d248de10fa9@group-70C884933E1F:LeaderElection46: begin an election at term 1 for -1: [889b6bd5-667f-4014-9c6a-1d248de10fa9:192.168.164.238:35860], old=null
2019-09-26 13:14:43,099 [889b6bd5-667f-4014-9c6a-1d248de10fa9@group-70C884933E1F:LeaderElection46] INFO  impl.RoleInfo (RoleInfo.java:shutdownLeaderElection(134)) - 889b6bd5-667f-4014-9c6a-1d248de10fa9: shutdown LeaderElection
2019-09-26 13:14:43,099 [889b6bd5-667f-4014-9c6a-1d248de10fa9@group-70C884933E1F:LeaderElection46] INFO  impl.RaftServerImpl (RaftServerImpl.java:setRole(174)) - 889b6bd5-667f-4014-9c6a-1d248de10fa9@group-70C884933E1F: changes role from CANDIDATE to LEADER at term 1 for changeToLeader
2019-09-26 13:14:43,099 [889b6bd5-667f-4014-9c6a-1d248de10fa9@group-70C884933E1F:LeaderElection46] INFO  impl.RaftServerImpl (ServerState.java:setLeader(253)) - 889b6bd5-667f-4014-9c6a-1d248de10fa9@group-70C884933E1F: change Leader from null to 889b6bd5-667f-4014-9c6a-1d248de10fa9 at term 1 for becomeLeader, leader elected after 5015ms
2019-09-26 13:14:43,099 [889b6bd5-667f-4014-9c6a-1d248de10fa9@group-70C884933E1F:LeaderElection46] INFO  server.RaftServerConfigKeys (ConfUtils.java:logGet(43)) - raft.server.staging.catchup.gap = 1000 (default)
2019-09-26 13:14:43,099 [Thread-741] INFO  impl.FollowerState (FollowerState.java:run(106)) - 889b6bd5-667f-4014-9c6a-1d248de10fa9:group-3EAA89309123 changes to CANDIDATE, lastRpcTime:5044, electionTimeout:5044ms
2019-09-26 13:14:43,099 [889b6bd5-667f-4014-9c6a-1d248de10fa9@group-70C884933E1F:LeaderElection46] INFO  server.RaftServerConfigKeys (ConfUtils.java:logGet(43)) - raft.server.rpc.sleep.time = 25ms (default)
2019-09-26 13:14:43,099 [Thread-741] INFO  impl.RoleInfo (RoleInfo.java:shutdownFollowerState(121)) - 889b6bd5-667f-4014-9c6a-1d248de10fa9: shutdown FollowerState
2019-09-26 13:14:43,099 [889b6bd5-667f-4014-9c6a-1d248de10fa9@group-70C884933E1F:LeaderElection46] INFO  server.RaftServerConfigKeys (ConfUtils.java:logGet(43)) - raft.server.write.element-limit = 4096 (default)
2019-09-26 13:14:43,100 [Thread-741] INFO  impl.RaftServerImpl (RaftServerImpl.java:setRole(174)) - 889b6bd5-667f-4014-9c6a-1d248de10fa9@group-3EAA89309123: changes role from  FOLLOWER to CANDIDATE at term 0 for changeToCandidate
2019-09-26 13:14:43,100 [889b6bd5-667f-4014-9c6a-1d248de10fa9@group-70C884933E1F:LeaderElection46] INFO  server.RaftServerConfigKeys (ConfUtils.java:logGet(43)) - raft.server.watch.timeout = 10s (default)
2019-09-26 13:14:43,100 [Thread-741] INFO  impl.RoleInfo (RoleInfo.java:updateAndGet(143)) - 889b6bd5-667f-4014-9c6a-1d248de10fa9: start LeaderElection
2019-09-26 13:14:43,100 [889b6bd5-667f-4014-9c6a-1d248de10fa9@group-70C884933E1F:LeaderElection46] INFO  server.RaftServerConfigKeys (ConfUtils.java:logGet(43)) - raft.server.watch.timeout.denomination = 1s (default)
2019-09-26 13:14:43,100 [889b6bd5-667f-4014-9c6a-1d248de10fa9@group-70C884933E1F:LeaderElection46] INFO  server.RaftServerConfigKeys (ConfUtils.java:logGet(43)) - raft.server.watch.element-limit = 65536 (default)
2019-09-26 13:14:43,101 [Thread-732] INFO  impl.FollowerState (FollowerState.java:run(106)) - 7356840b-7827-4030-93dd-688c3f051915:group-057047096F71 changes to CANDIDATE, lastRpcTime:5183, electionTimeout:5182ms
2019-09-26 13:14:43,101 [Thread-732] INFO  impl.RoleInfo (RoleInfo.java:shutdownFollowerState(121)) - 7356840b-7827-4030-93dd-688c3f051915: shutdown FollowerState
2019-09-26 13:14:43,101 [Thread-732] INFO  impl.RaftServerImpl (RaftServerImpl.java:setRole(174)) - 7356840b-7827-4030-93dd-688c3f051915@group-057047096F71: changes role from  FOLLOWER to CANDIDATE at term 0 for changeToCandidate
2019-09-26 13:14:43,102 [Thread-732] INFO  impl.RoleInfo (RoleInfo.java:updateAndGet(143)) - 7356840b-7827-4030-93dd-688c3f051915: start LeaderElection
2019-09-26 13:14:43,104 [889b6bd5-667f-4014-9c6a-1d248de10fa9@group-70C884933E1F:LeaderElection46] INFO  impl.RoleInfo (RoleInfo.java:updateAndGet(143)) - 889b6bd5-667f-4014-9c6a-1d248de10fa9: start LeaderState
2019-09-26 13:14:43,104 [889b6bd5-667f-4014-9c6a-1d248de10fa9@group-70C884933E1F:LeaderElection46] INFO  segmented.SegmentedRaftLogWorker (SegmentedRaftLogWorker.java:startLogSegment(380)) - 889b6bd5-667f-4014-9c6a-1d248de10fa9@group-70C884933E1F-SegmentedRaftLogWorker: Starting segment from index:0
2019-09-26 13:14:43,105 [889b6bd5-667f-4014-9c6a-1d248de10fa9@group-70C884933E1F:LeaderElection46] INFO  impl.RaftServerImpl (ServerState.java:setRaftConf(354)) - 889b6bd5-667f-4014-9c6a-1d248de10fa9@group-70C884933E1F: set configuration 0: [889b6bd5-667f-4014-9c6a-1d248de10fa9:192.168.164.238:35860], old=null at 0
2019-09-26 13:14:43,108 [7356840b-7827-4030-93dd-688c3f051915@group-057047096F71:LeaderElection48] INFO  impl.LeaderElection (LeaderElection.java:askForVotes(182)) - 7356840b-7827-4030-93dd-688c3f051915@group-057047096F71:LeaderElection48: begin an election at term 1 for -1: [7356840b-7827-4030-93dd-688c3f051915:192.168.164.238:38100], old=null
2019-09-26 13:14:43,108 [889b6bd5-667f-4014-9c6a-1d248de10fa9@group-3EAA89309123:LeaderElection47] INFO  impl.LeaderElection (LeaderElection.java:askForVotes(182)) - 889b6bd5-667f-4014-9c6a-1d248de10fa9@group-3EAA89309123:LeaderElection47: begin an election at term 1 for -1: [889b6bd5-667f-4014-9c6a-1d248de10fa9:192.168.164.238:35860], old=null
2019-09-26 13:14:43,108 [7356840b-7827-4030-93dd-688c3f051915@group-057047096F71:LeaderElection48] INFO  impl.RoleInfo (RoleInfo.java:shutdownLeaderElection(134)) - 7356840b-7827-4030-93dd-688c3f051915: shutdown LeaderElection
2019-09-26 13:14:43,108 [889b6bd5-667f-4014-9c6a-1d248de10fa9@group-3EAA89309123:LeaderElection47] INFO  impl.RoleInfo (RoleInfo.java:shutdownLeaderElection(134)) - 889b6bd5-667f-4014-9c6a-1d248de10fa9: shutdown LeaderElection
2019-09-26 13:14:43,108 [7356840b-7827-4030-93dd-688c3f051915@group-057047096F71:LeaderElection48] INFO  impl.RaftServerImpl (RaftServerImpl.java:setRole(174)) - 7356840b-7827-4030-93dd-688c3f051915@group-057047096F71: changes role from CANDIDATE to LEADER at term 1 for changeToLeader
2019-09-26 13:14:43,108 [889b6bd5-667f-4014-9c6a-1d248de10fa9@group-3EAA89309123:LeaderElection47] INFO  impl.RaftServerImpl (RaftServerImpl.java:setRole(174)) - 889b6bd5-667f-4014-9c6a-1d248de10fa9@group-3EAA89309123: changes role from CANDIDATE to LEADER at term 1 for changeToLeader
2019-09-26 13:14:43,108 [7356840b-7827-4030-93dd-688c3f051915@group-057047096F71:LeaderElection48] INFO  impl.RaftServerImpl (ServerState.java:setLeader(253)) - 7356840b-7827-4030-93dd-688c3f051915@group-057047096F71: change Leader from null to 7356840b-7827-4030-93dd-688c3f051915 at term 1 for becomeLeader, leader elected after 5195ms
2019-09-26 13:14:43,108 [889b6bd5-667f-4014-9c6a-1d248de10fa9@group-3EAA89309123:LeaderElection47] INFO  impl.RaftServerImpl (ServerState.java:setLeader(253)) - 889b6bd5-667f-4014-9c6a-1d248de10fa9@group-3EAA89309123: change Leader from null to 889b6bd5-667f-4014-9c6a-1d248de10fa9 at term 1 for becomeLeader, leader elected after 5058ms
2019-09-26 13:14:43,108 [7356840b-7827-4030-93dd-688c3f051915@group-057047096F71:LeaderElection48] INFO  server.RaftServerConfigKeys (ConfUtils.java:logGet(43)) - raft.server.staging.catchup.gap = 1000 (default)
2019-09-26 13:14:43,108 [7356840b-7827-4030-93dd-688c3f051915@group-057047096F71:LeaderElection48] INFO  server.RaftServerConfigKeys (ConfUtils.java:logGet(43)) - raft.server.rpc.sleep.time = 25ms (default)
2019-09-26 13:14:43,109 [889b6bd5-667f-4014-9c6a-1d248de10fa9@group-3EAA89309123:LeaderElection47] INFO  server.RaftServerConfigKeys (ConfUtils.java:logGet(43)) - raft.server.staging.catchup.gap = 1000 (default)
2019-09-26 13:14:43,109 [7356840b-7827-4030-93dd-688c3f051915@group-057047096F71:LeaderElection48] INFO  server.RaftServerConfigKeys (ConfUtils.java:logGet(43)) - raft.server.write.element-limit = 4096 (default)
2019-09-26 13:14:43,109 [889b6bd5-667f-4014-9c6a-1d248de10fa9@group-3EAA89309123:LeaderElection47] INFO  server.RaftServerConfigKeys (ConfUtils.java:logGet(43)) - raft.server.rpc.sleep.time = 25ms (default)
2019-09-26 13:14:43,109 [7356840b-7827-4030-93dd-688c3f051915@group-057047096F71:LeaderElection48] INFO  server.RaftServerConfigKeys (ConfUtils.java:logGet(43)) - raft.server.watch.timeout = 10s (default)
2019-09-26 13:14:43,109 [889b6bd5-667f-4014-9c6a-1d248de10fa9@group-3EAA89309123:LeaderElection47] INFO  server.RaftServerConfigKeys (ConfUtils.java:logGet(43)) - raft.server.write.element-limit = 4096 (default)
2019-09-26 13:14:43,109 [7356840b-7827-4030-93dd-688c3f051915@group-057047096F71:LeaderElection48] INFO  server.RaftServerConfigKeys (ConfUtils.java:logGet(43)) - raft.server.watch.timeout.denomination = 1s (default)
2019-09-26 13:14:43,109 [889b6bd5-667f-4014-9c6a-1d248de10fa9@group-3EAA89309123:LeaderElection47] INFO  server.RaftServerConfigKeys (ConfUtils.java:logGet(43)) - raft.server.watch.timeout = 10s (default)
2019-09-26 13:14:43,109 [7356840b-7827-4030-93dd-688c3f051915@group-057047096F71:LeaderElection48] INFO  server.RaftServerConfigKeys (ConfUtils.java:logGet(43)) - raft.server.watch.element-limit = 65536 (default)
2019-09-26 13:14:43,109 [889b6bd5-667f-4014-9c6a-1d248de10fa9@group-3EAA89309123:LeaderElection47] INFO  server.RaftServerConfigKeys (ConfUtils.java:logGet(43)) - raft.server.watch.timeout.denomination = 1s (default)
2019-09-26 13:14:43,110 [889b6bd5-667f-4014-9c6a-1d248de10fa9@group-3EAA89309123:LeaderElection47] INFO  server.RaftServerConfigKeys (ConfUtils.java:logGet(43)) - raft.server.watch.element-limit = 65536 (default)
2019-09-26 13:14:43,112 [7356840b-7827-4030-93dd-688c3f051915@group-057047096F71:LeaderElection48] INFO  impl.RoleInfo (RoleInfo.java:updateAndGet(143)) - 7356840b-7827-4030-93dd-688c3f051915: start LeaderState
2019-09-26 13:14:43,112 [7356840b-7827-4030-93dd-688c3f051915@group-057047096F71:LeaderElection48] INFO  segmented.SegmentedRaftLogWorker (SegmentedRaftLogWorker.java:startLogSegment(380)) - 7356840b-7827-4030-93dd-688c3f051915@group-057047096F71-SegmentedRaftLogWorker: Starting segment from index:0
2019-09-26 13:14:43,112 [889b6bd5-667f-4014-9c6a-1d248de10fa9@group-3EAA89309123:LeaderElection47] INFO  impl.RoleInfo (RoleInfo.java:updateAndGet(143)) - 889b6bd5-667f-4014-9c6a-1d248de10fa9: start LeaderState
2019-09-26 13:14:43,112 [7356840b-7827-4030-93dd-688c3f051915@group-057047096F71:LeaderElection48] INFO  impl.RaftServerImpl (ServerState.java:setRaftConf(354)) - 7356840b-7827-4030-93dd-688c3f051915@group-057047096F71: set configuration 0: [7356840b-7827-4030-93dd-688c3f051915:192.168.164.238:38100], old=null at 0
2019-09-26 13:14:43,113 [889b6bd5-667f-4014-9c6a-1d248de10fa9@group-3EAA89309123:LeaderElection47] INFO  segmented.SegmentedRaftLogWorker (SegmentedRaftLogWorker.java:startLogSegment(380)) - 889b6bd5-667f-4014-9c6a-1d248de10fa9@group-3EAA89309123-SegmentedRaftLogWorker: Starting segment from index:0
2019-09-26 13:14:43,113 [889b6bd5-667f-4014-9c6a-1d248de10fa9@group-3EAA89309123:LeaderElection47] INFO  impl.RaftServerImpl (ServerState.java:setRaftConf(354)) - 889b6bd5-667f-4014-9c6a-1d248de10fa9@group-3EAA89309123: set configuration 0: [889b6bd5-667f-4014-9c6a-1d248de10fa9:192.168.164.238:35860], old=null at 0
2019-09-26 13:14:43,138 [889b6bd5-667f-4014-9c6a-1d248de10fa9@group-70C884933E1F-SegmentedRaftLogWorker] INFO  segmented.SegmentedRaftLogWorker (SegmentedRaftLogWorker.java:execute(569)) - 889b6bd5-667f-4014-9c6a-1d248de10fa9@group-70C884933E1F-SegmentedRaftLogWorker: created new log segment /workdir/hadoop-ozone/integration-test/target/test-dir/MiniOzoneClusterImpl-f1012d8c-e23c-4237-834a-d6b3ac6768a8/datanode-0/data/ratis/0463a19f-577b-47a3-9024-70c884933e1f/current/log_inprogress_0
2019-09-26 13:14:43,143 [7356840b-7827-4030-93dd-688c3f051915@group-057047096F71-SegmentedRaftLogWorker] INFO  segmented.SegmentedRaftLogWorker (SegmentedRaftLogWorker.java:execute(569)) - 7356840b-7827-4030-93dd-688c3f051915@group-057047096F71-SegmentedRaftLogWorker: created new log segment /workdir/hadoop-ozone/integration-test/target/test-dir/MiniOzoneClusterImpl-f1012d8c-e23c-4237-834a-d6b3ac6768a8/datanode-1/data/ratis/bf425141-c5c3-44c9-9b43-057047096f71/current/log_inprogress_0
2019-09-26 13:14:43,143 [889b6bd5-667f-4014-9c6a-1d248de10fa9@group-3EAA89309123-SegmentedRaftLogWorker] INFO  segmented.SegmentedRaftLogWorker (SegmentedRaftLogWorker.java:execute(569)) - 889b6bd5-667f-4014-9c6a-1d248de10fa9@group-3EAA89309123-SegmentedRaftLogWorker: created new log segment /workdir/hadoop-ozone/integration-test/target/test-dir/MiniOzoneClusterImpl-f1012d8c-e23c-4237-834a-d6b3ac6768a8/datanode-0/data/ratis/dde0113e-0f39-4c91-9ee0-3eaa89309123/current/log_inprogress_0
2019-09-26 13:14:43,145 [Thread-735] INFO  impl.FollowerState (FollowerState.java:run(106)) - 889b6bd5-667f-4014-9c6a-1d248de10fa9:group-4AC971CDE5C2 changes to CANDIDATE, lastRpcTime:5181, electionTimeout:5181ms
2019-09-26 13:14:43,145 [Thread-735] INFO  impl.RoleInfo (RoleInfo.java:shutdownFollowerState(121)) - 889b6bd5-667f-4014-9c6a-1d248de10fa9: shutdown FollowerState
2019-09-26 13:14:43,145 [Thread-735] INFO  impl.RaftServerImpl (RaftServerImpl.java:setRole(174)) - 889b6bd5-667f-4014-9c6a-1d248de10fa9@group-4AC971CDE5C2: changes role from  FOLLOWER to CANDIDATE at term 0 for changeToCandidate
2019-09-26 13:14:43,145 [Thread-735] INFO  impl.RoleInfo (RoleInfo.java:updateAndGet(143)) - 889b6bd5-667f-4014-9c6a-1d248de10fa9: start LeaderElection
2019-09-26 13:14:43,153 [889b6bd5-667f-4014-9c6a-1d248de10fa9@group-4AC971CDE5C2:LeaderElection49] INFO  impl.LeaderElection (LeaderElection.java:askForVotes(182)) - 889b6bd5-667f-4014-9c6a-1d248de10fa9@group-4AC971CDE5C2:LeaderElection49: begin an election at term 1 for -1: [889b6bd5-667f-4014-9c6a-1d248de10fa9:192.168.164.238:35860], old=null
2019-09-26 13:14:43,153 [889b6bd5-667f-4014-9c6a-1d248de10fa9@group-4AC971CDE5C2:LeaderElection49] INFO  impl.RoleInfo (RoleInfo.java:shutdownLeaderElection(134)) - 889b6bd5-667f-4014-9c6a-1d248de10fa9: shutdown LeaderElection
2019-09-26 13:14:43,153 [889b6bd5-667f-4014-9c6a-1d248de10fa9@group-4AC971CDE5C2:LeaderElection49] INFO  impl.RaftServerImpl (RaftServerImpl.java:setRole(174)) - 889b6bd5-667f-4014-9c6a-1d248de10fa9@group-4AC971CDE5C2: changes role from CANDIDATE to LEADER at term 1 for changeToLeader
2019-09-26 13:14:43,153 [889b6bd5-667f-4014-9c6a-1d248de10fa9@group-4AC971CDE5C2:LeaderElection49] INFO  impl.RaftServerImpl (ServerState.java:setLeader(253)) - 889b6bd5-667f-4014-9c6a-1d248de10fa9@group-4AC971CDE5C2: change Leader from null to 889b6bd5-667f-4014-9c6a-1d248de10fa9 at term 1 for becomeLeader, leader elected after 5195ms
2019-09-26 13:14:43,153 [889b6bd5-667f-4014-9c6a-1d248de10fa9@group-4AC971CDE5C2:LeaderElection49] INFO  server.RaftServerConfigKeys (ConfUtils.java:logGet(43)) - raft.server.staging.catchup.gap = 1000 (default)
2019-09-26 13:14:43,153 [889b6bd5-667f-4014-9c6a-1d248de10fa9@group-4AC971CDE5C2:LeaderElection49] INFO  server.RaftServerConfigKeys (ConfUtils.java:logGet(43)) - raft.server.rpc.sleep.time = 25ms (default)
2019-09-26 13:14:43,153 [889b6bd5-667f-4014-9c6a-1d248de10fa9@group-4AC971CDE5C2:LeaderElection49] INFO  server.RaftServerConfigKeys (ConfUtils.java:logGet(43)) - raft.server.write.element-limit = 4096 (default)
2019-09-26 13:14:43,154 [889b6bd5-667f-4014-9c6a-1d248de10fa9@group-4AC971CDE5C2:LeaderElection49] INFO  server.RaftServerConfigKeys (ConfUtils.java:logGet(43)) - raft.server.watch.timeout = 10s (default)
2019-09-26 13:14:43,154 [889b6bd5-667f-4014-9c6a-1d248de10fa9@group-4AC971CDE5C2:LeaderElection49] INFO  server.RaftServerConfigKeys (ConfUtils.java:logGet(43)) - raft.server.watch.timeout.denomination = 1s (default)
2019-09-26 13:14:43,154 [889b6bd5-667f-4014-9c6a-1d248de10fa9@group-4AC971CDE5C2:LeaderElection49] INFO  server.RaftServerConfigKeys (ConfUtils.java:logGet(43)) - raft.server.watch.element-limit = 65536 (default)
2019-09-26 13:14:43,155 [889b6bd5-667f-4014-9c6a-1d248de10fa9@group-4AC971CDE5C2:LeaderElection49] INFO  impl.RoleInfo (RoleInfo.java:updateAndGet(143)) - 889b6bd5-667f-4014-9c6a-1d248de10fa9: start LeaderState
2019-09-26 13:14:43,156 [889b6bd5-667f-4014-9c6a-1d248de10fa9@group-4AC971CDE5C2:LeaderElection49] INFO  segmented.SegmentedRaftLogWorker (SegmentedRaftLogWorker.java:startLogSegment(380)) - 889b6bd5-667f-4014-9c6a-1d248de10fa9@group-4AC971CDE5C2-SegmentedRaftLogWorker: Starting segment from index:0
2019-09-26 13:14:43,156 [889b6bd5-667f-4014-9c6a-1d248de10fa9@group-4AC971CDE5C2:LeaderElection49] INFO  impl.RaftServerImpl (ServerState.java:setRaftConf(354)) - 889b6bd5-667f-4014-9c6a-1d248de10fa9@group-4AC971CDE5C2: set configuration 0: [889b6bd5-667f-4014-9c6a-1d248de10fa9:192.168.164.238:35860], old=null at 0
2019-09-26 13:14:43,159 [Thread-738] INFO  impl.FollowerState (FollowerState.java:run(106)) - c4e1b93a-90f2-4165-be12-1b771b331b8e:group-0CD0E9DF6582 changes to CANDIDATE, lastRpcTime:5154, electionTimeout:5154ms
2019-09-26 13:14:43,159 [Thread-738] INFO  impl.RoleInfo (RoleInfo.java:shutdownFollowerState(121)) - c4e1b93a-90f2-4165-be12-1b771b331b8e: shutdown FollowerState
2019-09-26 13:14:43,160 [Thread-738] INFO  impl.RaftServerImpl (RaftServerImpl.java:setRole(174)) - c4e1b93a-90f2-4165-be12-1b771b331b8e@group-0CD0E9DF6582: changes role from  FOLLOWER to CANDIDATE at term 0 for changeToCandidate
2019-09-26 13:14:43,160 [Thread-738] INFO  impl.RoleInfo (RoleInfo.java:updateAndGet(143)) - c4e1b93a-90f2-4165-be12-1b771b331b8e: start LeaderElection
2019-09-26 13:14:43,187 [889b6bd5-667f-4014-9c6a-1d248de10fa9@group-4AC971CDE5C2-SegmentedRaftLogWorker] INFO  segmented.SegmentedRaftLogWorker (SegmentedRaftLogWorker.java:execute(569)) - 889b6bd5-667f-4014-9c6a-1d248de10fa9@group-4AC971CDE5C2-SegmentedRaftLogWorker: created new log segment /workdir/hadoop-ozone/integration-test/target/test-dir/MiniOzoneClusterImpl-f1012d8c-e23c-4237-834a-d6b3ac6768a8/datanode-0/data/ratis/92362ef9-1158-4f64-9ddf-4ac971cde5c2/current/log_inprogress_0
2019-09-26 13:14:43,187 [c4e1b93a-90f2-4165-be12-1b771b331b8e@group-0CD0E9DF6582:LeaderElection50] INFO  impl.LeaderElection (LeaderElection.java:askForVotes(182)) - c4e1b93a-90f2-4165-be12-1b771b331b8e@group-0CD0E9DF6582:LeaderElection50: begin an election at term 1 for -1: [c4e1b93a-90f2-4165-be12-1b771b331b8e:192.168.164.238:35258], old=null
2019-09-26 13:14:43,187 [c4e1b93a-90f2-4165-be12-1b771b331b8e@group-0CD0E9DF6582:LeaderElection50] INFO  impl.RoleInfo (RoleInfo.java:shutdownLeaderElection(134)) - c4e1b93a-90f2-4165-be12-1b771b331b8e: shutdown LeaderElection
2019-09-26 13:14:43,187 [c4e1b93a-90f2-4165-be12-1b771b331b8e@group-0CD0E9DF6582:LeaderElection50] INFO  impl.RaftServerImpl (RaftServerImpl.java:setRole(174)) - c4e1b93a-90f2-4165-be12-1b771b331b8e@group-0CD0E9DF6582: changes role from CANDIDATE to LEADER at term 1 for changeToLeader
2019-09-26 13:14:43,187 [c4e1b93a-90f2-4165-be12-1b771b331b8e@group-0CD0E9DF6582:LeaderElection50] INFO  impl.RaftServerImpl (ServerState.java:setLeader(253)) - c4e1b93a-90f2-4165-be12-1b771b331b8e@group-0CD0E9DF6582: change Leader from null to c4e1b93a-90f2-4165-be12-1b771b331b8e at term 1 for becomeLeader, leader elected after 5187ms
2019-09-26 13:14:43,187 [c4e1b93a-90f2-4165-be12-1b771b331b8e@group-0CD0E9DF6582:LeaderElection50] INFO  server.RaftServerConfigKeys (ConfUtils.java:logGet(43)) - raft.server.staging.catchup.gap = 1000 (default)
2019-09-26 13:14:43,188 [c4e1b93a-90f2-4165-be12-1b771b331b8e@group-0CD0E9DF6582:LeaderElection50] INFO  server.RaftServerConfigKeys (ConfUtils.java:logGet(43)) - raft.server.rpc.sleep.time = 25ms (default)
2019-09-26 13:14:43,188 [c4e1b93a-90f2-4165-be12-1b771b331b8e@group-0CD0E9DF6582:LeaderElection50] INFO  server.RaftServerConfigKeys (ConfUtils.java:logGet(43)) - raft.server.write.element-limit = 4096 (default)
2019-09-26 13:14:43,188 [c4e1b93a-90f2-4165-be12-1b771b331b8e@group-0CD0E9DF6582:LeaderElection50] INFO  server.RaftServerConfigKeys (ConfUtils.java:logGet(43)) - raft.server.watch.timeout = 10s (default)
2019-09-26 13:14:43,188 [c4e1b93a-90f2-4165-be12-1b771b331b8e@group-0CD0E9DF6582:LeaderElection50] INFO  server.RaftServerConfigKeys (ConfUtils.java:logGet(43)) - raft.server.watch.timeout.denomination = 1s (default)
2019-09-26 13:14:43,188 [c4e1b93a-90f2-4165-be12-1b771b331b8e@group-0CD0E9DF6582:LeaderElection50] INFO  server.RaftServerConfigKeys (ConfUtils.java:logGet(43)) - raft.server.watch.element-limit = 65536 (default)
2019-09-26 13:14:43,189 [c4e1b93a-90f2-4165-be12-1b771b331b8e@group-0CD0E9DF6582:LeaderElection50] INFO  impl.RoleInfo (RoleInfo.java:updateAndGet(143)) - c4e1b93a-90f2-4165-be12-1b771b331b8e: start LeaderState
2019-09-26 13:14:43,190 [c4e1b93a-90f2-4165-be12-1b771b331b8e@group-0CD0E9DF6582:LeaderElection50] INFO  segmented.SegmentedRaftLogWorker (SegmentedRaftLogWorker.java:startLogSegment(380)) - c4e1b93a-90f2-4165-be12-1b771b331b8e@group-0CD0E9DF6582-SegmentedRaftLogWorker: Starting segment from index:0
2019-09-26 13:14:43,190 [c4e1b93a-90f2-4165-be12-1b771b331b8e@group-0CD0E9DF6582:LeaderElection50] INFO  impl.RaftServerImpl (ServerState.java:setRaftConf(354)) - c4e1b93a-90f2-4165-be12-1b771b331b8e@group-0CD0E9DF6582: set configuration 0: [c4e1b93a-90f2-4165-be12-1b771b331b8e:192.168.164.238:35258], old=null at 0
2019-09-26 13:14:43,226 [c4e1b93a-90f2-4165-be12-1b771b331b8e@group-0CD0E9DF6582-SegmentedRaftLogWorker] INFO  segmented.SegmentedRaftLogWorker (SegmentedRaftLogWorker.java:execute(569)) - c4e1b93a-90f2-4165-be12-1b771b331b8e@group-0CD0E9DF6582-SegmentedRaftLogWorker: created new log segment /workdir/hadoop-ozone/integration-test/target/test-dir/MiniOzoneClusterImpl-f1012d8c-e23c-4237-834a-d6b3ac6768a8/datanode-2/data/ratis/09fa9364-8f3d-4d6a-aa43-0cd0e9df6582/current/log_inprogress_0
2019-09-26 13:14:43,258 [Thread-750] INFO  impl.FollowerState (FollowerState.java:run(106)) - c4e1b93a-90f2-4165-be12-1b771b331b8e:group-DAAB05F8EF94 changes to CANDIDATE, lastRpcTime:5074, electionTimeout:5074ms
2019-09-26 13:14:43,258 [Thread-750] INFO  impl.RoleInfo (RoleInfo.java:shutdownFollowerState(121)) - c4e1b93a-90f2-4165-be12-1b771b331b8e: shutdown FollowerState
2019-09-26 13:14:43,258 [Thread-750] INFO  impl.RaftServerImpl (RaftServerImpl.java:setRole(174)) - c4e1b93a-90f2-4165-be12-1b771b331b8e@group-DAAB05F8EF94: changes role from  FOLLOWER to CANDIDATE at term 0 for changeToCandidate
2019-09-26 13:14:43,258 [Thread-750] INFO  impl.RoleInfo (RoleInfo.java:updateAndGet(143)) - c4e1b93a-90f2-4165-be12-1b771b331b8e: start LeaderElection
2019-09-26 13:14:43,274 [c4e1b93a-90f2-4165-be12-1b771b331b8e@group-DAAB05F8EF94:LeaderElection51] INFO  impl.LeaderElection (LeaderElection.java:askForVotes(182)) - c4e1b93a-90f2-4165-be12-1b771b331b8e@group-DAAB05F8EF94:LeaderElection51: begin an election at term 1 for -1: [c4e1b93a-90f2-4165-be12-1b771b331b8e:192.168.164.238:35258], old=null
2019-09-26 13:14:43,274 [c4e1b93a-90f2-4165-be12-1b771b331b8e@group-DAAB05F8EF94:LeaderElection51] INFO  impl.RoleInfo (RoleInfo.java:shutdownLeaderElection(134)) - c4e1b93a-90f2-4165-be12-1b771b331b8e: shutdown LeaderElection
2019-09-26 13:14:43,274 [c4e1b93a-90f2-4165-be12-1b771b331b8e@group-DAAB05F8EF94:LeaderElection51] INFO  impl.RaftServerImpl (RaftServerImpl.java:setRole(174)) - c4e1b93a-90f2-4165-be12-1b771b331b8e@group-DAAB05F8EF94: changes role from CANDIDATE to LEADER at term 1 for changeToLeader
2019-09-26 13:14:43,274 [c4e1b93a-90f2-4165-be12-1b771b331b8e@group-DAAB05F8EF94:LeaderElection51] INFO  impl.RaftServerImpl (ServerState.java:setLeader(253)) - c4e1b93a-90f2-4165-be12-1b771b331b8e@group-DAAB05F8EF94: change Leader from null to c4e1b93a-90f2-4165-be12-1b771b331b8e at term 1 for becomeLeader, leader elected after 5097ms
2019-09-26 13:14:43,274 [c4e1b93a-90f2-4165-be12-1b771b331b8e@group-DAAB05F8EF94:LeaderElection51] INFO  server.RaftServerConfigKeys (ConfUtils.java:logGet(43)) - raft.server.staging.catchup.gap = 1000 (default)
2019-09-26 13:14:43,274 [c4e1b93a-90f2-4165-be12-1b771b331b8e@group-DAAB05F8EF94:LeaderElection51] INFO  server.RaftServerConfigKeys (ConfUtils.java:logGet(43)) - raft.server.rpc.sleep.time = 25ms (default)
2019-09-26 13:14:43,274 [c4e1b93a-90f2-4165-be12-1b771b331b8e@group-DAAB05F8EF94:LeaderElection51] INFO  server.RaftServerConfigKeys (ConfUtils.java:logGet(43)) - raft.server.write.element-limit = 4096 (default)
2019-09-26 13:14:43,275 [c4e1b93a-90f2-4165-be12-1b771b331b8e@group-DAAB05F8EF94:LeaderElection51] INFO  server.RaftServerConfigKeys (ConfUtils.java:logGet(43)) - raft.server.watch.timeout = 10s (default)
2019-09-26 13:14:43,275 [c4e1b93a-90f2-4165-be12-1b771b331b8e@group-DAAB05F8EF94:LeaderElection51] INFO  server.RaftServerConfigKeys (ConfUtils.java:logGet(43)) - raft.server.watch.timeout.denomination = 1s (default)
2019-09-26 13:14:43,275 [c4e1b93a-90f2-4165-be12-1b771b331b8e@group-DAAB05F8EF94:LeaderElection51] INFO  server.RaftServerConfigKeys (ConfUtils.java:logGet(43)) - raft.server.watch.element-limit = 65536 (default)
2019-09-26 13:14:43,276 [c4e1b93a-90f2-4165-be12-1b771b331b8e@group-DAAB05F8EF94:LeaderElection51] INFO  impl.RoleInfo (RoleInfo.java:updateAndGet(143)) - c4e1b93a-90f2-4165-be12-1b771b331b8e: start LeaderState
2019-09-26 13:14:43,276 [c4e1b93a-90f2-4165-be12-1b771b331b8e@group-DAAB05F8EF94:LeaderElection51] INFO  segmented.SegmentedRaftLogWorker (SegmentedRaftLogWorker.java:startLogSegment(380)) - c4e1b93a-90f2-4165-be12-1b771b331b8e@group-DAAB05F8EF94-SegmentedRaftLogWorker: Starting segment from index:0
2019-09-26 13:14:43,277 [c4e1b93a-90f2-4165-be12-1b771b331b8e@group-DAAB05F8EF94:LeaderElection51] INFO  impl.RaftServerImpl (ServerState.java:setRaftConf(354)) - c4e1b93a-90f2-4165-be12-1b771b331b8e@group-DAAB05F8EF94: set configuration 0: [c4e1b93a-90f2-4165-be12-1b771b331b8e:192.168.164.238:35258], old=null at 0
2019-09-26 13:14:43,306 [Thread-753] INFO  impl.FollowerState (FollowerState.java:run(106)) - c4e1b93a-90f2-4165-be12-1b771b331b8e:group-B007EDF525BC changes to CANDIDATE, lastRpcTime:5065, electionTimeout:5065ms
2019-09-26 13:14:43,306 [Thread-753] INFO  impl.RoleInfo (RoleInfo.java:shutdownFollowerState(121)) - c4e1b93a-90f2-4165-be12-1b771b331b8e: shutdown FollowerState
2019-09-26 13:14:43,306 [Thread-753] INFO  impl.RaftServerImpl (RaftServerImpl.java:setRole(174)) - c4e1b93a-90f2-4165-be12-1b771b331b8e@group-B007EDF525BC: changes role from  FOLLOWER to CANDIDATE at term 0 for changeToCandidate
2019-09-26 13:14:43,306 [Thread-753] INFO  impl.RoleInfo (RoleInfo.java:updateAndGet(143)) - c4e1b93a-90f2-4165-be12-1b771b331b8e: start LeaderElection
2019-09-26 13:14:43,308 [c4e1b93a-90f2-4165-be12-1b771b331b8e@group-DAAB05F8EF94-SegmentedRaftLogWorker] INFO  segmented.SegmentedRaftLogWorker (SegmentedRaftLogWorker.java:execute(569)) - c4e1b93a-90f2-4165-be12-1b771b331b8e@group-DAAB05F8EF94-SegmentedRaftLogWorker: created new log segment /workdir/hadoop-ozone/integration-test/target/test-dir/MiniOzoneClusterImpl-f1012d8c-e23c-4237-834a-d6b3ac6768a8/datanode-2/data/ratis/1a56d47c-5f8b-42d2-a92a-daab05f8ef94/current/log_inprogress_0
2019-09-26 13:14:43,312 [Thread-747] INFO  impl.FollowerState (FollowerState.java:run(106)) - c4e1b93a-90f2-4165-be12-1b771b331b8e:group-5CCDAA3609F7 changes to CANDIDATE, lastRpcTime:5176, electionTimeout:5176ms
2019-09-26 13:14:43,312 [Thread-747] INFO  impl.RoleInfo (RoleInfo.java:shutdownFollowerState(121)) - c4e1b93a-90f2-4165-be12-1b771b331b8e: shutdown FollowerState
2019-09-26 13:14:43,312 [Thread-747] INFO  impl.RaftServerImpl (RaftServerImpl.java:setRole(174)) - c4e1b93a-90f2-4165-be12-1b771b331b8e@group-5CCDAA3609F7: changes role from  FOLLOWER to CANDIDATE at term 0 for changeToCandidate
2019-09-26 13:14:43,312 [Thread-747] INFO  impl.RoleInfo (RoleInfo.java:updateAndGet(143)) - c4e1b93a-90f2-4165-be12-1b771b331b8e: start LeaderElection
2019-09-26 13:14:43,314 [c4e1b93a-90f2-4165-be12-1b771b331b8e@group-B007EDF525BC:LeaderElection52] INFO  impl.LeaderElection (LeaderElection.java:askForVotes(182)) - c4e1b93a-90f2-4165-be12-1b771b331b8e@group-B007EDF525BC:LeaderElection52: begin an election at term 1 for -1: [c4e1b93a-90f2-4165-be12-1b771b331b8e:192.168.164.238:35258], old=null
2019-09-26 13:14:43,314 [c4e1b93a-90f2-4165-be12-1b771b331b8e@group-B007EDF525BC:LeaderElection52] INFO  impl.RoleInfo (RoleInfo.java:shutdownLeaderElection(134)) - c4e1b93a-90f2-4165-be12-1b771b331b8e: shutdown LeaderElection
2019-09-26 13:14:43,314 [c4e1b93a-90f2-4165-be12-1b771b331b8e@group-B007EDF525BC:LeaderElection52] INFO  impl.RaftServerImpl (RaftServerImpl.java:setRole(174)) - c4e1b93a-90f2-4165-be12-1b771b331b8e@group-B007EDF525BC: changes role from CANDIDATE to LEADER at term 1 for changeToLeader
2019-09-26 13:14:43,314 [c4e1b93a-90f2-4165-be12-1b771b331b8e@group-B007EDF525BC:LeaderElection52] INFO  impl.RaftServerImpl (ServerState.java:setLeader(253)) - c4e1b93a-90f2-4165-be12-1b771b331b8e@group-B007EDF525BC: change Leader from null to c4e1b93a-90f2-4165-be12-1b771b331b8e at term 1 for becomeLeader, leader elected after 5089ms
2019-09-26 13:14:43,314 [c4e1b93a-90f2-4165-be12-1b771b331b8e@group-B007EDF525BC:LeaderElection52] INFO  server.RaftServerConfigKeys (ConfUtils.java:logGet(43)) - raft.server.staging.catchup.gap = 1000 (default)
2019-09-26 13:14:43,314 [c4e1b93a-90f2-4165-be12-1b771b331b8e@group-B007EDF525BC:LeaderElection52] INFO  server.RaftServerConfigKeys (ConfUtils.java:logGet(43)) - raft.server.rpc.sleep.time = 25ms (default)
2019-09-26 13:14:43,314 [c4e1b93a-90f2-4165-be12-1b771b331b8e@group-B007EDF525BC:LeaderElection52] INFO  server.RaftServerConfigKeys (ConfUtils.java:logGet(43)) - raft.server.write.element-limit = 4096 (default)
2019-09-26 13:14:43,314 [c4e1b93a-90f2-4165-be12-1b771b331b8e@group-B007EDF525BC:LeaderElection52] INFO  server.RaftServerConfigKeys (ConfUtils.java:logGet(43)) - raft.server.watch.timeout = 10s (default)
2019-09-26 13:14:43,315 [c4e1b93a-90f2-4165-be12-1b771b331b8e@group-B007EDF525BC:LeaderElection52] INFO  server.RaftServerConfigKeys (ConfUtils.java:logGet(43)) - raft.server.watch.timeout.denomination = 1s (default)
2019-09-26 13:14:43,315 [c4e1b93a-90f2-4165-be12-1b771b331b8e@group-B007EDF525BC:LeaderElection52] INFO  server.RaftServerConfigKeys (ConfUtils.java:logGet(43)) - raft.server.watch.element-limit = 65536 (default)
2019-09-26 13:14:43,316 [c4e1b93a-90f2-4165-be12-1b771b331b8e@group-B007EDF525BC:LeaderElection52] INFO  impl.RoleInfo (RoleInfo.java:updateAndGet(143)) - c4e1b93a-90f2-4165-be12-1b771b331b8e: start LeaderState
2019-09-26 13:14:43,316 [c4e1b93a-90f2-4165-be12-1b771b331b8e@group-B007EDF525BC:LeaderElection52] INFO  segmented.SegmentedRaftLogWorker (SegmentedRaftLogWorker.java:startLogSegment(380)) - c4e1b93a-90f2-4165-be12-1b771b331b8e@group-B007EDF525BC-SegmentedRaftLogWorker: Starting segment from index:0
2019-09-26 13:14:43,317 [c4e1b93a-90f2-4165-be12-1b771b331b8e@group-B007EDF525BC:LeaderElection52] INFO  impl.RaftServerImpl (ServerState.java:setRaftConf(354)) - c4e1b93a-90f2-4165-be12-1b771b331b8e@group-B007EDF525BC: set configuration 0: [c4e1b93a-90f2-4165-be12-1b771b331b8e:192.168.164.238:35258], old=null at 0
2019-09-26 13:14:43,329 [c4e1b93a-90f2-4165-be12-1b771b331b8e@group-5CCDAA3609F7:LeaderElection53] INFO  impl.LeaderElection (LeaderElection.java:askForVotes(182)) - c4e1b93a-90f2-4165-be12-1b771b331b8e@group-5CCDAA3609F7:LeaderElection53: begin an election at term 1 for -1: [c4e1b93a-90f2-4165-be12-1b771b331b8e:192.168.164.238:35258], old=null
2019-09-26 13:14:43,329 [c4e1b93a-90f2-4165-be12-1b771b331b8e@group-5CCDAA3609F7:LeaderElection53] INFO  impl.RoleInfo (RoleInfo.java:shutdownLeaderElection(134)) - c4e1b93a-90f2-4165-be12-1b771b331b8e: shutdown LeaderElection
2019-09-26 13:14:43,330 [c4e1b93a-90f2-4165-be12-1b771b331b8e@group-5CCDAA3609F7:LeaderElection53] INFO  impl.RaftServerImpl (RaftServerImpl.java:setRole(174)) - c4e1b93a-90f2-4165-be12-1b771b331b8e@group-5CCDAA3609F7: changes role from CANDIDATE to LEADER at term 1 for changeToLeader
2019-09-26 13:14:43,330 [c4e1b93a-90f2-4165-be12-1b771b331b8e@group-5CCDAA3609F7:LeaderElection53] INFO  impl.RaftServerImpl (ServerState.java:setLeader(253)) - c4e1b93a-90f2-4165-be12-1b771b331b8e@group-5CCDAA3609F7: change Leader from null to c4e1b93a-90f2-4165-be12-1b771b331b8e at term 1 for becomeLeader, leader elected after 5201ms
2019-09-26 13:14:43,330 [c4e1b93a-90f2-4165-be12-1b771b331b8e@group-5CCDAA3609F7:LeaderElection53] INFO  server.RaftServerConfigKeys (ConfUtils.java:logGet(43)) - raft.server.staging.catchup.gap = 1000 (default)
2019-09-26 13:14:43,330 [c4e1b93a-90f2-4165-be12-1b771b331b8e@group-5CCDAA3609F7:LeaderElection53] INFO  server.RaftServerConfigKeys (ConfUtils.java:logGet(43)) - raft.server.rpc.sleep.time = 25ms (default)
2019-09-26 13:14:43,330 [c4e1b93a-90f2-4165-be12-1b771b331b8e@group-5CCDAA3609F7:LeaderElection53] INFO  server.RaftServerConfigKeys (ConfUtils.java:logGet(43)) - raft.server.write.element-limit = 4096 (default)
2019-09-26 13:14:43,330 [c4e1b93a-90f2-4165-be12-1b771b331b8e@group-5CCDAA3609F7:LeaderElection53] INFO  server.RaftServerConfigKeys (ConfUtils.java:logGet(43)) - raft.server.watch.timeout = 10s (default)
2019-09-26 13:14:43,330 [c4e1b93a-90f2-4165-be12-1b771b331b8e@group-5CCDAA3609F7:LeaderElection53] INFO  server.RaftServerConfigKeys (ConfUtils.java:logGet(43)) - raft.server.watch.timeout.denomination = 1s (default)
2019-09-26 13:14:43,331 [c4e1b93a-90f2-4165-be12-1b771b331b8e@group-5CCDAA3609F7:LeaderElection53] INFO  server.RaftServerConfigKeys (ConfUtils.java:logGet(43)) - raft.server.watch.element-limit = 65536 (default)
2019-09-26 13:14:43,332 [c4e1b93a-90f2-4165-be12-1b771b331b8e@group-5CCDAA3609F7:LeaderElection53] INFO  impl.RoleInfo (RoleInfo.java:updateAndGet(143)) - c4e1b93a-90f2-4165-be12-1b771b331b8e: start LeaderState
2019-09-26 13:14:43,333 [c4e1b93a-90f2-4165-be12-1b771b331b8e@group-5CCDAA3609F7:LeaderElection53] INFO  segmented.SegmentedRaftLogWorker (SegmentedRaftLogWorker.java:startLogSegment(380)) - c4e1b93a-90f2-4165-be12-1b771b331b8e@group-5CCDAA3609F7-SegmentedRaftLogWorker: Starting segment from index:0
2019-09-26 13:14:43,333 [c4e1b93a-90f2-4165-be12-1b771b331b8e@group-5CCDAA3609F7:LeaderElection53] INFO  impl.RaftServerImpl (ServerState.java:setRaftConf(354)) - c4e1b93a-90f2-4165-be12-1b771b331b8e@group-5CCDAA3609F7: set configuration 0: [c4e1b93a-90f2-4165-be12-1b771b331b8e:192.168.164.238:35258], old=null at 0
2019-09-26 13:14:43,337 [Thread-756] INFO  impl.FollowerState (FollowerState.java:run(106)) - c4e1b93a-90f2-4165-be12-1b771b331b8e:group-1332FE1AC90E changes to CANDIDATE, lastRpcTime:5045, electionTimeout:5045ms
2019-09-26 13:14:43,337 [Thread-756] INFO  impl.RoleInfo (RoleInfo.java:shutdownFollowerState(121)) - c4e1b93a-90f2-4165-be12-1b771b331b8e: shutdown FollowerState
2019-09-26 13:14:43,337 [Thread-756] INFO  impl.RaftServerImpl (RaftServerImpl.java:setRole(174)) - c4e1b93a-90f2-4165-be12-1b771b331b8e@group-1332FE1AC90E: changes role from  FOLLOWER to CANDIDATE at term 0 for changeToCandidate
2019-09-26 13:14:43,337 [Thread-756] INFO  impl.RoleInfo (RoleInfo.java:updateAndGet(143)) - c4e1b93a-90f2-4165-be12-1b771b331b8e: start LeaderElection
2019-09-26 13:14:43,374 [c4e1b93a-90f2-4165-be12-1b771b331b8e@group-B007EDF525BC-SegmentedRaftLogWorker] INFO  segmented.SegmentedRaftLogWorker (SegmentedRaftLogWorker.java:execute(569)) - c4e1b93a-90f2-4165-be12-1b771b331b8e@group-B007EDF525BC-SegmentedRaftLogWorker: created new log segment /workdir/hadoop-ozone/integration-test/target/test-dir/MiniOzoneClusterImpl-f1012d8c-e23c-4237-834a-d6b3ac6768a8/datanode-2/data/ratis/7eb7218f-f642-42ff-bf81-b007edf525bc/current/log_inprogress_0
2019-09-26 13:14:43,374 [c4e1b93a-90f2-4165-be12-1b771b331b8e@group-1332FE1AC90E:LeaderElection54] INFO  impl.LeaderElection (LeaderElection.java:askForVotes(182)) - c4e1b93a-90f2-4165-be12-1b771b331b8e@group-1332FE1AC90E:LeaderElection54: begin an election at term 1 for -1: [c4e1b93a-90f2-4165-be12-1b771b331b8e:192.168.164.238:35258], old=null
2019-09-26 13:14:43,374 [c4e1b93a-90f2-4165-be12-1b771b331b8e@group-5CCDAA3609F7-SegmentedRaftLogWorker] INFO  segmented.SegmentedRaftLogWorker (SegmentedRaftLogWorker.java:execute(569)) - c4e1b93a-90f2-4165-be12-1b771b331b8e@group-5CCDAA3609F7-SegmentedRaftLogWorker: created new log segment /workdir/hadoop-ozone/integration-test/target/test-dir/MiniOzoneClusterImpl-f1012d8c-e23c-4237-834a-d6b3ac6768a8/datanode-2/data/ratis/284632a2-e519-418f-8587-5ccdaa3609f7/current/log_inprogress_0
2019-09-26 13:14:43,374 [c4e1b93a-90f2-4165-be12-1b771b331b8e@group-1332FE1AC90E:LeaderElection54] INFO  impl.RoleInfo (RoleInfo.java:shutdownLeaderElection(134)) - c4e1b93a-90f2-4165-be12-1b771b331b8e: shutdown LeaderElection
2019-09-26 13:14:43,375 [c4e1b93a-90f2-4165-be12-1b771b331b8e@group-1332FE1AC90E:LeaderElection54] INFO  impl.RaftServerImpl (RaftServerImpl.java:setRole(174)) - c4e1b93a-90f2-4165-be12-1b771b331b8e@group-1332FE1AC90E: changes role from CANDIDATE to LEADER at term 1 for changeToLeader
2019-09-26 13:14:43,375 [c4e1b93a-90f2-4165-be12-1b771b331b8e@group-1332FE1AC90E:LeaderElection54] INFO  impl.RaftServerImpl (ServerState.java:setLeader(253)) - c4e1b93a-90f2-4165-be12-1b771b331b8e@group-1332FE1AC90E: change Leader from null to c4e1b93a-90f2-4165-be12-1b771b331b8e at term 1 for becomeLeader, leader elected after 5087ms
2019-09-26 13:14:43,375 [c4e1b93a-90f2-4165-be12-1b771b331b8e@group-1332FE1AC90E:LeaderElection54] INFO  server.RaftServerConfigKeys (ConfUtils.java:logGet(43)) - raft.server.staging.catchup.gap = 1000 (default)
2019-09-26 13:14:43,375 [c4e1b93a-90f2-4165-be12-1b771b331b8e@group-1332FE1AC90E:LeaderElection54] INFO  server.RaftServerConfigKeys (ConfUtils.java:logGet(43)) - raft.server.rpc.sleep.time = 25ms (default)
2019-09-26 13:14:43,375 [c4e1b93a-90f2-4165-be12-1b771b331b8e@group-1332FE1AC90E:LeaderElection54] INFO  server.RaftServerConfigKeys (ConfUtils.java:logGet(43)) - raft.server.write.element-limit = 4096 (default)
2019-09-26 13:14:43,375 [c4e1b93a-90f2-4165-be12-1b771b331b8e@group-1332FE1AC90E:LeaderElection54] INFO  server.RaftServerConfigKeys (ConfUtils.java:logGet(43)) - raft.server.watch.timeout = 10s (default)
2019-09-26 13:14:43,375 [c4e1b93a-90f2-4165-be12-1b771b331b8e@group-1332FE1AC90E:LeaderElection54] INFO  server.RaftServerConfigKeys (ConfUtils.java:logGet(43)) - raft.server.watch.timeout.denomination = 1s (default)
2019-09-26 13:14:43,376 [c4e1b93a-90f2-4165-be12-1b771b331b8e@group-1332FE1AC90E:LeaderElection54] INFO  server.RaftServerConfigKeys (ConfUtils.java:logGet(43)) - raft.server.watch.element-limit = 65536 (default)
2019-09-26 13:14:43,377 [c4e1b93a-90f2-4165-be12-1b771b331b8e@group-1332FE1AC90E:LeaderElection54] INFO  impl.RoleInfo (RoleInfo.java:updateAndGet(143)) - c4e1b93a-90f2-4165-be12-1b771b331b8e: start LeaderState
2019-09-26 13:14:43,377 [c4e1b93a-90f2-4165-be12-1b771b331b8e@group-1332FE1AC90E:LeaderElection54] INFO  segmented.SegmentedRaftLogWorker (SegmentedRaftLogWorker.java:startLogSegment(380)) - c4e1b93a-90f2-4165-be12-1b771b331b8e@group-1332FE1AC90E-SegmentedRaftLogWorker: Starting segment from index:0
2019-09-26 13:14:43,378 [c4e1b93a-90f2-4165-be12-1b771b331b8e@group-1332FE1AC90E:LeaderElection54] INFO  impl.RaftServerImpl (ServerState.java:setRaftConf(354)) - c4e1b93a-90f2-4165-be12-1b771b331b8e@group-1332FE1AC90E: set configuration 0: [c4e1b93a-90f2-4165-be12-1b771b331b8e:192.168.164.238:35258], old=null at 0
2019-09-26 13:14:43,408 [c4e1b93a-90f2-4165-be12-1b771b331b8e@group-1332FE1AC90E-SegmentedRaftLogWorker] INFO  segmented.SegmentedRaftLogWorker (SegmentedRaftLogWorker.java:execute(569)) - c4e1b93a-90f2-4165-be12-1b771b331b8e@group-1332FE1AC90E-SegmentedRaftLogWorker: created new log segment /workdir/hadoop-ozone/integration-test/target/test-dir/MiniOzoneClusterImpl-f1012d8c-e23c-4237-834a-d6b3ac6768a8/datanode-2/data/ratis/da6b45e5-8bd5-4507-918e-1332fe1ac90e/current/log_inprogress_0
2019-09-26 13:14:43,481 [main] INFO  ozoneimpl.OzoneContainer (OzoneContainer.java:stop(231)) - Attempting to stop container services.
2019-09-26 13:14:43,481 [ForkJoinPool.commonPool-worker-0] INFO  ozoneimpl.OzoneContainer (OzoneContainer.java:stop(231)) - Attempting to stop container services.
2019-09-26 13:14:43,481 [main] INFO  impl.RaftServerProxy (RaftServerProxy.java:lambda$close$4(314)) - 7356840b-7827-4030-93dd-688c3f051915: close
2019-09-26 13:14:43,481 [ForkJoinPool.commonPool-worker-0] INFO  impl.RaftServerProxy (RaftServerProxy.java:lambda$close$4(314)) - 889b6bd5-667f-4014-9c6a-1d248de10fa9: close
2019-09-26 13:14:43,482 [main] INFO  impl.RaftServerImpl (RaftServerImpl.java:lambda$shutdown$3(251)) - 7356840b-7827-4030-93dd-688c3f051915@group-9E06F409AC47: shutdown
2019-09-26 13:14:43,482 [ForkJoinPool.commonPool-worker-0] INFO  impl.RaftServerImpl (RaftServerImpl.java:lambda$shutdown$3(251)) - 889b6bd5-667f-4014-9c6a-1d248de10fa9@group-70C884933E1F: shutdown
2019-09-26 13:14:43,482 [main] INFO  util.JmxRegister (JmxRegister.java:unregister(73)) - Successfully un-registered JMX Bean with object name Ratis:service=RaftServer,group=group-9E06F409AC47,id=7356840b-7827-4030-93dd-688c3f051915
2019-09-26 13:14:43,482 [ForkJoinPool.commonPool-worker-0] INFO  util.JmxRegister (JmxRegister.java:unregister(73)) - Successfully un-registered JMX Bean with object name Ratis:service=RaftServer,group=group-70C884933E1F,id=889b6bd5-667f-4014-9c6a-1d248de10fa9
2019-09-26 13:14:43,483 [main] INFO  impl.RoleInfo (RoleInfo.java:shutdownLeaderState(104)) - 7356840b-7827-4030-93dd-688c3f051915: shutdown LeaderState
2019-09-26 13:14:43,483 [ForkJoinPool.commonPool-worker-0] INFO  impl.RoleInfo (RoleInfo.java:shutdownLeaderState(104)) - 889b6bd5-667f-4014-9c6a-1d248de10fa9: shutdown LeaderState
2019-09-26 13:14:43,483 [main] INFO  impl.PendingRequests (PendingRequests.java:sendNotLeaderResponses(202)) - 7356840b-7827-4030-93dd-688c3f051915-PendingRequests: sendNotLeaderResponses
2019-09-26 13:14:43,483 [ForkJoinPool.commonPool-worker-0] INFO  impl.PendingRequests (PendingRequests.java:sendNotLeaderResponses(202)) - 889b6bd5-667f-4014-9c6a-1d248de10fa9-PendingRequests: sendNotLeaderResponses
2019-09-26 13:14:43,484 [ForkJoinPool.commonPool-worker-0] INFO  impl.StateMachineUpdater (StateMachineUpdater.java:stopAndJoin(125)) - 889b6bd5-667f-4014-9c6a-1d248de10fa9@group-70C884933E1F-StateMachineUpdater: set stopIndex = 0
2019-09-26 13:14:43,484 [main] INFO  impl.StateMachineUpdater (StateMachineUpdater.java:stopAndJoin(125)) - 7356840b-7827-4030-93dd-688c3f051915@group-9E06F409AC47-StateMachineUpdater: set stopIndex = 0
2019-09-26 13:14:43,484 [ForkJoinPool.commonPool-worker-0] INFO  impl.RaftServerImpl (ServerState.java:close(385)) - 889b6bd5-667f-4014-9c6a-1d248de10fa9@group-70C884933E1F: closes. applyIndex: 0
2019-09-26 13:14:43,484 [main] INFO  impl.RaftServerImpl (ServerState.java:close(385)) - 7356840b-7827-4030-93dd-688c3f051915@group-9E06F409AC47: closes. applyIndex: 0
2019-09-26 13:14:43,485 [889b6bd5-667f-4014-9c6a-1d248de10fa9@group-70C884933E1F-SegmentedRaftLogWorker] INFO  segmented.SegmentedRaftLogWorker (SegmentedRaftLogWorker.java:run(313)) - 889b6bd5-667f-4014-9c6a-1d248de10fa9@group-70C884933E1F-SegmentedRaftLogWorker was interrupted, exiting. There are 0 tasks remaining in the queue.
2019-09-26 13:14:43,485 [7356840b-7827-4030-93dd-688c3f051915@group-9E06F409AC47-SegmentedRaftLogWorker] INFO  segmented.SegmentedRaftLogWorker (SegmentedRaftLogWorker.java:run(313)) - 7356840b-7827-4030-93dd-688c3f051915@group-9E06F409AC47-SegmentedRaftLogWorker was interrupted, exiting. There are 0 tasks remaining in the queue.
2019-09-26 13:14:43,485 [main] INFO  segmented.SegmentedRaftLogWorker (SegmentedRaftLogWorker.java:close(228)) - 7356840b-7827-4030-93dd-688c3f051915@group-9E06F409AC47-SegmentedRaftLogWorker close()
2019-09-26 13:14:43,485 [ForkJoinPool.commonPool-worker-0] INFO  segmented.SegmentedRaftLogWorker (SegmentedRaftLogWorker.java:close(228)) - 889b6bd5-667f-4014-9c6a-1d248de10fa9@group-70C884933E1F-SegmentedRaftLogWorker close()
2019-09-26 13:14:43,486 [main] INFO  impl.RaftServerImpl (RaftServerImpl.java:lambda$shutdown$3(251)) - 7356840b-7827-4030-93dd-688c3f051915@group-057047096F71: shutdown
2019-09-26 13:14:43,487 [ForkJoinPool.commonPool-worker-0] INFO  impl.RaftServerImpl (RaftServerImpl.java:lambda$shutdown$3(251)) - 889b6bd5-667f-4014-9c6a-1d248de10fa9@group-A092BDA40742: shutdown
2019-09-26 13:14:43,488 [main] INFO  util.JmxRegister (JmxRegister.java:unregister(73)) - Successfully un-registered JMX Bean with object name Ratis:service=RaftServer,group=group-057047096F71,id=7356840b-7827-4030-93dd-688c3f051915
2019-09-26 13:14:43,488 [main] INFO  impl.RoleInfo (RoleInfo.java:shutdownLeaderState(104)) - 7356840b-7827-4030-93dd-688c3f051915: shutdown LeaderState
2019-09-26 13:14:43,488 [ForkJoinPool.commonPool-worker-0] INFO  util.JmxRegister (JmxRegister.java:unregister(73)) - Successfully un-registered JMX Bean with object name Ratis:service=RaftServer,group=group-A092BDA40742,id=889b6bd5-667f-4014-9c6a-1d248de10fa9
2019-09-26 13:14:43,488 [main] INFO  impl.PendingRequests (PendingRequests.java:sendNotLeaderResponses(202)) - 7356840b-7827-4030-93dd-688c3f051915-PendingRequests: sendNotLeaderResponses
2019-09-26 13:14:43,489 [ForkJoinPool.commonPool-worker-0] INFO  impl.RoleInfo (RoleInfo.java:shutdownLeaderState(104)) - 889b6bd5-667f-4014-9c6a-1d248de10fa9: shutdown LeaderState
2019-09-26 13:14:43,489 [main] INFO  impl.StateMachineUpdater (StateMachineUpdater.java:stopAndJoin(125)) - 7356840b-7827-4030-93dd-688c3f051915@group-057047096F71-StateMachineUpdater: set stopIndex = 0
2019-09-26 13:14:43,489 [ForkJoinPool.commonPool-worker-0] INFO  impl.PendingRequests (PendingRequests.java:sendNotLeaderResponses(202)) - 889b6bd5-667f-4014-9c6a-1d248de10fa9-PendingRequests: sendNotLeaderResponses
2019-09-26 13:14:43,489 [main] INFO  impl.RaftServerImpl (ServerState.java:close(385)) - 7356840b-7827-4030-93dd-688c3f051915@group-057047096F71: closes. applyIndex: 0
2019-09-26 13:14:43,490 [ForkJoinPool.commonPool-worker-0] INFO  impl.StateMachineUpdater (StateMachineUpdater.java:stopAndJoin(125)) - 889b6bd5-667f-4014-9c6a-1d248de10fa9@group-A092BDA40742-StateMachineUpdater: set stopIndex = 0
2019-09-26 13:14:43,490 [7356840b-7827-4030-93dd-688c3f051915@group-057047096F71-SegmentedRaftLogWorker] INFO  segmented.SegmentedRaftLogWorker (SegmentedRaftLogWorker.java:run(313)) - 7356840b-7827-4030-93dd-688c3f051915@group-057047096F71-SegmentedRaftLogWorker was interrupted, exiting. There are 0 tasks remaining in the queue.
2019-09-26 13:14:43,490 [ForkJoinPool.commonPool-worker-0] INFO  impl.RaftServerImpl (ServerState.java:close(385)) - 889b6bd5-667f-4014-9c6a-1d248de10fa9@group-A092BDA40742: closes. applyIndex: 0
2019-09-26 13:14:43,490 [main] INFO  segmented.SegmentedRaftLogWorker (SegmentedRaftLogWorker.java:close(228)) - 7356840b-7827-4030-93dd-688c3f051915@group-057047096F71-SegmentedRaftLogWorker close()
2019-09-26 13:14:43,490 [889b6bd5-667f-4014-9c6a-1d248de10fa9@group-A092BDA40742-SegmentedRaftLogWorker] INFO  segmented.SegmentedRaftLogWorker (SegmentedRaftLogWorker.java:run(313)) - 889b6bd5-667f-4014-9c6a-1d248de10fa9@group-A092BDA40742-SegmentedRaftLogWorker was interrupted, exiting. There are 0 tasks remaining in the queue.
2019-09-26 13:14:43,493 [ForkJoinPool.commonPool-worker-0] INFO  segmented.SegmentedRaftLogWorker (SegmentedRaftLogWorker.java:close(228)) - 889b6bd5-667f-4014-9c6a-1d248de10fa9@group-A092BDA40742-SegmentedRaftLogWorker close()
2019-09-26 13:14:43,493 [main] INFO  impl.RaftServerImpl (RaftServerImpl.java:lambda$shutdown$3(251)) - 7356840b-7827-4030-93dd-688c3f051915@group-DE85FC3FFF15: shutdown
2019-09-26 13:14:43,494 [ForkJoinPool.commonPool-worker-0] INFO  impl.RaftServerImpl (RaftServerImpl.java:lambda$shutdown$3(251)) - 889b6bd5-667f-4014-9c6a-1d248de10fa9@group-E9911691E33A: shutdown
2019-09-26 13:14:43,494 [ForkJoinPool.commonPool-worker-0] INFO  util.JmxRegister (JmxRegister.java:unregister(73)) - Successfully un-registered JMX Bean with object name Ratis:service=RaftServer,group=group-E9911691E33A,id=889b6bd5-667f-4014-9c6a-1d248de10fa9
2019-09-26 13:14:43,494 [main] INFO  util.JmxRegister (JmxRegister.java:unregister(73)) - Successfully un-registered JMX Bean with object name Ratis:service=RaftServer,group=group-DE85FC3FFF15,id=7356840b-7827-4030-93dd-688c3f051915
2019-09-26 13:14:43,495 [ForkJoinPool.commonPool-worker-0] INFO  impl.RoleInfo (RoleInfo.java:shutdownLeaderState(104)) - 889b6bd5-667f-4014-9c6a-1d248de10fa9: shutdown LeaderState
2019-09-26 13:14:43,495 [main] INFO  impl.RoleInfo (RoleInfo.java:shutdownLeaderState(104)) - 7356840b-7827-4030-93dd-688c3f051915: shutdown LeaderState
2019-09-26 13:14:43,495 [ForkJoinPool.commonPool-worker-0] INFO  impl.PendingRequests (PendingRequests.java:sendNotLeaderResponses(202)) - 889b6bd5-667f-4014-9c6a-1d248de10fa9-PendingRequests: sendNotLeaderResponses
2019-09-26 13:14:43,495 [main] INFO  impl.PendingRequests (PendingRequests.java:sendNotLeaderResponses(202)) - 7356840b-7827-4030-93dd-688c3f051915-PendingRequests: sendNotLeaderResponses
2019-09-26 13:14:43,496 [ForkJoinPool.commonPool-worker-0] INFO  impl.StateMachineUpdater (StateMachineUpdater.java:stopAndJoin(125)) - 889b6bd5-667f-4014-9c6a-1d248de10fa9@group-E9911691E33A-StateMachineUpdater: set stopIndex = 0
2019-09-26 13:14:43,496 [main] INFO  impl.StateMachineUpdater (StateMachineUpdater.java:stopAndJoin(125)) - 7356840b-7827-4030-93dd-688c3f051915@group-DE85FC3FFF15-StateMachineUpdater: set stopIndex = 0
2019-09-26 13:14:43,496 [ForkJoinPool.commonPool-worker-0] INFO  impl.RaftServerImpl (ServerState.java:close(385)) - 889b6bd5-667f-4014-9c6a-1d248de10fa9@group-E9911691E33A: closes. applyIndex: 0
2019-09-26 13:14:43,496 [main] INFO  impl.RaftServerImpl (ServerState.java:close(385)) - 7356840b-7827-4030-93dd-688c3f051915@group-DE85FC3FFF15: closes. applyIndex: 0
2019-09-26 13:14:43,496 [889b6bd5-667f-4014-9c6a-1d248de10fa9@group-E9911691E33A-SegmentedRaftLogWorker] INFO  segmented.SegmentedRaftLogWorker (SegmentedRaftLogWorker.java:run(313)) - 889b6bd5-667f-4014-9c6a-1d248de10fa9@group-E9911691E33A-SegmentedRaftLogWorker was interrupted, exiting. There are 0 tasks remaining in the queue.
2019-09-26 13:14:43,497 [7356840b-7827-4030-93dd-688c3f051915@group-DE85FC3FFF15-SegmentedRaftLogWorker] INFO  segmented.SegmentedRaftLogWorker (SegmentedRaftLogWorker.java:run(313)) - 7356840b-7827-4030-93dd-688c3f051915@group-DE85FC3FFF15-SegmentedRaftLogWorker was interrupted, exiting. There are 0 tasks remaining in the queue.
2019-09-26 13:14:43,497 [ForkJoinPool.commonPool-worker-0] INFO  segmented.SegmentedRaftLogWorker (SegmentedRaftLogWorker.java:close(228)) - 889b6bd5-667f-4014-9c6a-1d248de10fa9@group-E9911691E33A-SegmentedRaftLogWorker close()
2019-09-26 13:14:43,497 [main] INFO  segmented.SegmentedRaftLogWorker (SegmentedRaftLogWorker.java:close(228)) - 7356840b-7827-4030-93dd-688c3f051915@group-DE85FC3FFF15-SegmentedRaftLogWorker close()
2019-09-26 13:14:43,498 [ForkJoinPool.commonPool-worker-0] INFO  impl.RaftServerImpl (RaftServerImpl.java:lambda$shutdown$3(251)) - 889b6bd5-667f-4014-9c6a-1d248de10fa9@group-4AC971CDE5C2: shutdown
2019-09-26 13:14:43,499 [main] INFO  impl.RaftServerImpl (RaftServerImpl.java:lambda$shutdown$3(251)) - 7356840b-7827-4030-93dd-688c3f051915@group-707BFB4992F8: shutdown
2019-09-26 13:14:43,499 [ForkJoinPool.commonPool-worker-0] INFO  util.JmxRegister (JmxRegister.java:unregister(73)) - Successfully un-registered JMX Bean with object name Ratis:service=RaftServer,group=group-4AC971CDE5C2,id=889b6bd5-667f-4014-9c6a-1d248de10fa9
2019-09-26 13:14:43,500 [main] INFO  util.JmxRegister (JmxRegister.java:unregister(73)) - Successfully un-registered JMX Bean with object name Ratis:service=RaftServer,group=group-707BFB4992F8,id=7356840b-7827-4030-93dd-688c3f051915
2019-09-26 13:14:43,500 [ForkJoinPool.commonPool-worker-0] INFO  impl.RoleInfo (RoleInfo.java:shutdownLeaderState(104)) - 889b6bd5-667f-4014-9c6a-1d248de10fa9: shutdown LeaderState
2019-09-26 13:14:43,500 [main] INFO  impl.RoleInfo (RoleInfo.java:shutdownLeaderState(104)) - 7356840b-7827-4030-93dd-688c3f051915: shutdown LeaderState
2019-09-26 13:14:43,500 [ForkJoinPool.commonPool-worker-0] INFO  impl.PendingRequests (PendingRequests.java:sendNotLeaderResponses(202)) - 889b6bd5-667f-4014-9c6a-1d248de10fa9-PendingRequests: sendNotLeaderResponses
2019-09-26 13:14:43,500 [main] INFO  impl.PendingRequests (PendingRequests.java:sendNotLeaderResponses(202)) - 7356840b-7827-4030-93dd-688c3f051915-PendingRequests: sendNotLeaderResponses
2019-09-26 13:14:43,501 [ForkJoinPool.commonPool-worker-0] INFO  impl.StateMachineUpdater (StateMachineUpdater.java:stopAndJoin(125)) - 889b6bd5-667f-4014-9c6a-1d248de10fa9@group-4AC971CDE5C2-StateMachineUpdater: set stopIndex = 0
2019-09-26 13:14:43,501 [ForkJoinPool.commonPool-worker-0] INFO  impl.RaftServerImpl (ServerState.java:close(385)) - 889b6bd5-667f-4014-9c6a-1d248de10fa9@group-4AC971CDE5C2: closes. applyIndex: 0
2019-09-26 13:14:43,501 [main] INFO  impl.StateMachineUpdater (StateMachineUpdater.java:stopAndJoin(125)) - 7356840b-7827-4030-93dd-688c3f051915@group-707BFB4992F8-StateMachineUpdater: set stopIndex = 0
2019-09-26 13:14:43,501 [889b6bd5-667f-4014-9c6a-1d248de10fa9@group-4AC971CDE5C2-SegmentedRaftLogWorker] INFO  segmented.SegmentedRaftLogWorker (SegmentedRaftLogWorker.java:run(313)) - 889b6bd5-667f-4014-9c6a-1d248de10fa9@group-4AC971CDE5C2-SegmentedRaftLogWorker was interrupted, exiting. There are 0 tasks remaining in the queue.
2019-09-26 13:14:43,501 [main] INFO  impl.RaftServerImpl (ServerState.java:close(385)) - 7356840b-7827-4030-93dd-688c3f051915@group-707BFB4992F8: closes. applyIndex: 0
2019-09-26 13:14:43,502 [ForkJoinPool.commonPool-worker-0] INFO  segmented.SegmentedRaftLogWorker (SegmentedRaftLogWorker.java:close(228)) - 889b6bd5-667f-4014-9c6a-1d248de10fa9@group-4AC971CDE5C2-SegmentedRaftLogWorker close()
2019-09-26 13:14:43,502 [7356840b-7827-4030-93dd-688c3f051915@group-707BFB4992F8-SegmentedRaftLogWorker] INFO  segmented.SegmentedRaftLogWorker (SegmentedRaftLogWorker.java:run(313)) - 7356840b-7827-4030-93dd-688c3f051915@group-707BFB4992F8-SegmentedRaftLogWorker was interrupted, exiting. There are 0 tasks remaining in the queue.
2019-09-26 13:14:43,503 [ForkJoinPool.commonPool-worker-0] INFO  impl.RaftServerImpl (RaftServerImpl.java:lambda$shutdown$3(251)) - 889b6bd5-667f-4014-9c6a-1d248de10fa9@group-CAF3EF1F9B55: shutdown
2019-09-26 13:14:43,503 [main] INFO  segmented.SegmentedRaftLogWorker (SegmentedRaftLogWorker.java:close(228)) - 7356840b-7827-4030-93dd-688c3f051915@group-707BFB4992F8-SegmentedRaftLogWorker close()
2019-09-26 13:14:43,503 [ForkJoinPool.commonPool-worker-0] INFO  util.JmxRegister (JmxRegister.java:unregister(73)) - Successfully un-registered JMX Bean with object name Ratis:service=RaftServer,group=group-CAF3EF1F9B55,id=889b6bd5-667f-4014-9c6a-1d248de10fa9
2019-09-26 13:14:43,504 [main] INFO  impl.RaftServerImpl (RaftServerImpl.java:lambda$shutdown$3(251)) - 7356840b-7827-4030-93dd-688c3f051915@group-D57DC693E806: shutdown
2019-09-26 13:14:43,504 [ForkJoinPool.commonPool-worker-0] INFO  impl.RoleInfo (RoleInfo.java:shutdownLeaderState(104)) - 889b6bd5-667f-4014-9c6a-1d248de10fa9: shutdown LeaderState
2019-09-26 13:14:43,505 [main] INFO  util.JmxRegister (JmxRegister.java:unregister(73)) - Successfully un-registered JMX Bean with object name Ratis:service=RaftServer,group=group-D57DC693E806,id=7356840b-7827-4030-93dd-688c3f051915
2019-09-26 13:14:43,505 [ForkJoinPool.commonPool-worker-0] INFO  impl.PendingRequests (PendingRequests.java:sendNotLeaderResponses(202)) - 889b6bd5-667f-4014-9c6a-1d248de10fa9-PendingRequests: sendNotLeaderResponses
2019-09-26 13:14:43,505 [main] INFO  impl.RoleInfo (RoleInfo.java:shutdownLeaderState(104)) - 7356840b-7827-4030-93dd-688c3f051915: shutdown LeaderState
2019-09-26 13:14:43,505 [ForkJoinPool.commonPool-worker-0] INFO  impl.StateMachineUpdater (StateMachineUpdater.java:stopAndJoin(125)) - 889b6bd5-667f-4014-9c6a-1d248de10fa9@group-CAF3EF1F9B55-StateMachineUpdater: set stopIndex = 0
2019-09-26 13:14:43,505 [main] INFO  impl.PendingRequests (PendingRequests.java:sendNotLeaderResponses(202)) - 7356840b-7827-4030-93dd-688c3f051915-PendingRequests: sendNotLeaderResponses
2019-09-26 13:14:43,506 [ForkJoinPool.commonPool-worker-0] INFO  impl.RaftServerImpl (ServerState.java:close(385)) - 889b6bd5-667f-4014-9c6a-1d248de10fa9@group-CAF3EF1F9B55: closes. applyIndex: 0
2019-09-26 13:14:43,506 [main] INFO  impl.StateMachineUpdater (StateMachineUpdater.java:stopAndJoin(125)) - 7356840b-7827-4030-93dd-688c3f051915@group-D57DC693E806-StateMachineUpdater: set stopIndex = 0
2019-09-26 13:14:43,506 [main] INFO  impl.RaftServerImpl (ServerState.java:close(385)) - 7356840b-7827-4030-93dd-688c3f051915@group-D57DC693E806: closes. applyIndex: 0
2019-09-26 13:14:43,506 [889b6bd5-667f-4014-9c6a-1d248de10fa9@group-CAF3EF1F9B55-SegmentedRaftLogWorker] INFO  segmented.SegmentedRaftLogWorker (SegmentedRaftLogWorker.java:run(313)) - 889b6bd5-667f-4014-9c6a-1d248de10fa9@group-CAF3EF1F9B55-SegmentedRaftLogWorker was interrupted, exiting. There are 0 tasks remaining in the queue.
2019-09-26 13:14:43,507 [7356840b-7827-4030-93dd-688c3f051915@group-D57DC693E806-SegmentedRaftLogWorker] INFO  segmented.SegmentedRaftLogWorker (SegmentedRaftLogWorker.java:run(313)) - 7356840b-7827-4030-93dd-688c3f051915@group-D57DC693E806-SegmentedRaftLogWorker was interrupted, exiting. There are 0 tasks remaining in the queue.
2019-09-26 13:14:43,507 [ForkJoinPool.commonPool-worker-0] INFO  segmented.SegmentedRaftLogWorker (SegmentedRaftLogWorker.java:close(228)) - 889b6bd5-667f-4014-9c6a-1d248de10fa9@group-CAF3EF1F9B55-SegmentedRaftLogWorker close()
2019-09-26 13:14:43,507 [main] INFO  segmented.SegmentedRaftLogWorker (SegmentedRaftLogWorker.java:close(228)) - 7356840b-7827-4030-93dd-688c3f051915@group-D57DC693E806-SegmentedRaftLogWorker close()
2019-09-26 13:14:43,508 [ForkJoinPool.commonPool-worker-0] INFO  impl.RaftServerImpl (RaftServerImpl.java:lambda$shutdown$3(251)) - 889b6bd5-667f-4014-9c6a-1d248de10fa9@group-3EAA89309123: shutdown
2019-09-26 13:14:43,509 [main] INFO  impl.RaftServerImpl (RaftServerImpl.java:lambda$shutdown$3(251)) - 7356840b-7827-4030-93dd-688c3f051915@group-96404195A97A: shutdown
2019-09-26 13:14:43,509 [ForkJoinPool.commonPool-worker-0] INFO  util.JmxRegister (JmxRegister.java:unregister(73)) - Successfully un-registered JMX Bean with object name Ratis:service=RaftServer,group=group-3EAA89309123,id=889b6bd5-667f-4014-9c6a-1d248de10fa9
2019-09-26 13:14:43,509 [main] INFO  util.JmxRegister (JmxRegister.java:unregister(73)) - Successfully un-registered JMX Bean with object name Ratis:service=RaftServer,group=group-96404195A97A,id=7356840b-7827-4030-93dd-688c3f051915
2019-09-26 13:14:43,510 [ForkJoinPool.commonPool-worker-0] INFO  impl.RoleInfo (RoleInfo.java:shutdownLeaderState(104)) - 889b6bd5-667f-4014-9c6a-1d248de10fa9: shutdown LeaderState
2019-09-26 13:14:43,510 [main] INFO  impl.RoleInfo (RoleInfo.java:shutdownLeaderState(104)) - 7356840b-7827-4030-93dd-688c3f051915: shutdown LeaderState
2019-09-26 13:14:43,510 [ForkJoinPool.commonPool-worker-0] INFO  impl.PendingRequests (PendingRequests.java:sendNotLeaderResponses(202)) - 889b6bd5-667f-4014-9c6a-1d248de10fa9-PendingRequests: sendNotLeaderResponses
2019-09-26 13:14:43,510 [main] INFO  impl.PendingRequests (PendingRequests.java:sendNotLeaderResponses(202)) - 7356840b-7827-4030-93dd-688c3f051915-PendingRequests: sendNotLeaderResponses
2019-09-26 13:14:43,510 [ForkJoinPool.commonPool-worker-0] INFO  impl.StateMachineUpdater (StateMachineUpdater.java:stopAndJoin(125)) - 889b6bd5-667f-4014-9c6a-1d248de10fa9@group-3EAA89309123-StateMachineUpdater: set stopIndex = 0
2019-09-26 13:14:43,511 [main] INFO  impl.StateMachineUpdater (StateMachineUpdater.java:stopAndJoin(125)) - 7356840b-7827-4030-93dd-688c3f051915@group-96404195A97A-StateMachineUpdater: set stopIndex = 0
2019-09-26 13:14:43,511 [ForkJoinPool.commonPool-worker-0] INFO  impl.RaftServerImpl (ServerState.java:close(385)) - 889b6bd5-667f-4014-9c6a-1d248de10fa9@group-3EAA89309123: closes. applyIndex: 0
2019-09-26 13:14:43,511 [main] INFO  impl.RaftServerImpl (ServerState.java:close(385)) - 7356840b-7827-4030-93dd-688c3f051915@group-96404195A97A: closes. applyIndex: 0
2019-09-26 13:14:43,511 [889b6bd5-667f-4014-9c6a-1d248de10fa9@group-3EAA89309123-SegmentedRaftLogWorker] INFO  segmented.SegmentedRaftLogWorker (SegmentedRaftLogWorker.java:run(313)) - 889b6bd5-667f-4014-9c6a-1d248de10fa9@group-3EAA89309123-SegmentedRaftLogWorker was interrupted, exiting. There are 0 tasks remaining in the queue.
2019-09-26 13:14:43,512 [7356840b-7827-4030-93dd-688c3f051915@group-96404195A97A-SegmentedRaftLogWorker] INFO  segmented.SegmentedRaftLogWorker (SegmentedRaftLogWorker.java:run(313)) - 7356840b-7827-4030-93dd-688c3f051915@group-96404195A97A-SegmentedRaftLogWorker was interrupted, exiting. There are 0 tasks remaining in the queue.
2019-09-26 13:14:43,512 [ForkJoinPool.commonPool-worker-0] INFO  segmented.SegmentedRaftLogWorker (SegmentedRaftLogWorker.java:close(228)) - 889b6bd5-667f-4014-9c6a-1d248de10fa9@group-3EAA89309123-SegmentedRaftLogWorker close()
2019-09-26 13:14:43,512 [main] INFO  segmented.SegmentedRaftLogWorker (SegmentedRaftLogWorker.java:close(228)) - 7356840b-7827-4030-93dd-688c3f051915@group-96404195A97A-SegmentedRaftLogWorker close()
2019-09-26 13:14:43,514 [main] INFO  server.GrpcService (GrpcService.java:closeImpl(164)) - 7356840b-7827-4030-93dd-688c3f051915: shutdown server with port 38100 now
2019-09-26 13:14:43,514 [ForkJoinPool.commonPool-worker-0] INFO  server.GrpcService (GrpcService.java:closeImpl(164)) - 889b6bd5-667f-4014-9c6a-1d248de10fa9: shutdown server with port 35860 now
2019-09-26 13:14:43,516 [main] INFO  server.GrpcService (GrpcService.java:closeImpl(172)) - 7356840b-7827-4030-93dd-688c3f051915: shutdown server with port 38100 successfully
2019-09-26 13:14:43,517 [ForkJoinPool.commonPool-worker-0] INFO  server.GrpcService (GrpcService.java:closeImpl(172)) - 889b6bd5-667f-4014-9c6a-1d248de10fa9: shutdown server with port 35860 successfully
2019-09-26 13:14:43,519 [refreshUsed-/workdir/hadoop-ozone/integration-test/target/test-dir/MiniOzoneClusterImpl-f1012d8c-e23c-4237-834a-d6b3ac6768a8/datanode-0/data/containers] WARN  fs.CachingGetSpaceUsed (CachingGetSpaceUsed.java:run(183)) - Thread Interrupted waiting to refresh disk information: sleep interrupted
2019-09-26 13:14:43,519 [refreshUsed-/workdir/hadoop-ozone/integration-test/target/test-dir/MiniOzoneClusterImpl-f1012d8c-e23c-4237-834a-d6b3ac6768a8/datanode-1/data/containers] WARN  fs.CachingGetSpaceUsed (CachingGetSpaceUsed.java:run(183)) - Thread Interrupted waiting to refresh disk information: sleep interrupted
2019-09-26 13:14:43,535 [main] INFO  utils.BackgroundService (BackgroundService.java:shutdown(148)) - Shutting down service BlockDeletingService
2019-09-26 13:14:43,537 [main] INFO  statemachine.DatanodeStateMachine (DatanodeStateMachine.java:stopDaemon(395)) - Ozone container server stopped.
2019-09-26 13:14:43,538 [ForkJoinPool.commonPool-worker-0] INFO  utils.BackgroundService (BackgroundService.java:shutdown(148)) - Shutting down service BlockDeletingService
2019-09-26 13:14:43,540 [ForkJoinPool.commonPool-worker-0] INFO  statemachine.DatanodeStateMachine (DatanodeStateMachine.java:stopDaemon(395)) - Ozone container server stopped.
2019-09-26 13:14:43,540 [main] INFO  handler.ContextHandler (ContextHandler.java:doStop(910)) - Stopped o.e.j.w.WebAppContext@404eca05{/,null,UNAVAILABLE}{/hddsDatanode}
2019-09-26 13:14:43,543 [ForkJoinPool.commonPool-worker-0] INFO  handler.ContextHandler (ContextHandler.java:doStop(910)) - Stopped o.e.j.w.WebAppContext@46383a78{/,null,UNAVAILABLE}{/hddsDatanode}
2019-09-26 13:14:43,543 [main] INFO  server.AbstractConnector (AbstractConnector.java:doStop(318)) - Stopped ServerConnector@58b91d57{HTTP/1.1,[http/1.1]}{0.0.0.0:0}
2019-09-26 13:14:43,543 [ForkJoinPool.commonPool-worker-0] INFO  server.AbstractConnector (AbstractConnector.java:doStop(318)) - Stopped ServerConnector@36c281ed{HTTP/1.1,[http/1.1]}{0.0.0.0:0}
2019-09-26 13:14:43,543 [main] INFO  handler.ContextHandler (ContextHandler.java:doStop(910)) - Stopped o.e.j.s.ServletContextHandler@2be95d31{/static,jar:file:/home/user/.m2/repository/org/apache/hadoop/hadoop-hdds-container-service/0.5.0-SNAPSHOT/hadoop-hdds-container-service-0.5.0-SNAPSHOT.jar!/webapps/static,UNAVAILABLE}
2019-09-26 13:14:43,544 [ForkJoinPool.commonPool-worker-0] INFO  handler.ContextHandler (ContextHandler.java:doStop(910)) - Stopped o.e.j.s.ServletContextHandler@37637a24{/static,jar:file:/home/user/.m2/repository/org/apache/hadoop/hadoop-hdds-container-service/0.5.0-SNAPSHOT/hadoop-hdds-container-service-0.5.0-SNAPSHOT.jar!/webapps/static,UNAVAILABLE}
2019-09-26 13:14:43,544 [main] INFO  handler.ContextHandler (ContextHandler.java:doStop(910)) - Stopped o.e.j.s.ServletContextHandler@68ee3b6d{/logs,file:///workdir/hadoop-ozone/integration-test/target/log,UNAVAILABLE}
2019-09-26 13:14:43,545 [ForkJoinPool.commonPool-worker-0] INFO  handler.ContextHandler (ContextHandler.java:doStop(910)) - Stopped o.e.j.s.ServletContextHandler@869d87c{/logs,file:///workdir/hadoop-ozone/integration-test/target/log,UNAVAILABLE}
2019-09-26 13:14:44,472 [Datanode State Machine Thread - 0] INFO  statemachine.DatanodeStateMachine (DatanodeStateMachine.java:lambda$startDaemon$0(350)) - Ozone container server started.
2019-09-26 13:14:48,548 [ForkJoinPool.commonPool-worker-0] INFO  ozoneimpl.OzoneContainer (OzoneContainer.java:stop(231)) - Attempting to stop container services.
2019-09-26 13:14:48,548 [ForkJoinPool.commonPool-worker-0] INFO  impl.RaftServerProxy (RaftServerProxy.java:lambda$close$4(314)) - c4e1b93a-90f2-4165-be12-1b771b331b8e: close
2019-09-26 13:14:48,549 [ForkJoinPool.commonPool-worker-0] INFO  impl.RaftServerImpl (RaftServerImpl.java:lambda$shutdown$3(251)) - c4e1b93a-90f2-4165-be12-1b771b331b8e@group-1332FE1AC90E: shutdown
2019-09-26 13:14:48,549 [ForkJoinPool.commonPool-worker-0] INFO  util.JmxRegister (JmxRegister.java:unregister(73)) - Successfully un-registered JMX Bean with object name Ratis:service=RaftServer,group=group-1332FE1AC90E,id=c4e1b93a-90f2-4165-be12-1b771b331b8e
2019-09-26 13:14:48,549 [ForkJoinPool.commonPool-worker-0] INFO  impl.RoleInfo (RoleInfo.java:shutdownLeaderState(104)) - c4e1b93a-90f2-4165-be12-1b771b331b8e: shutdown LeaderState
2019-09-26 13:14:48,550 [ForkJoinPool.commonPool-worker-0] INFO  impl.PendingRequests (PendingRequests.java:sendNotLeaderResponses(202)) - c4e1b93a-90f2-4165-be12-1b771b331b8e-PendingRequests: sendNotLeaderResponses
2019-09-26 13:14:48,550 [ForkJoinPool.commonPool-worker-0] INFO  impl.StateMachineUpdater (StateMachineUpdater.java:stopAndJoin(125)) - c4e1b93a-90f2-4165-be12-1b771b331b8e@group-1332FE1AC90E-StateMachineUpdater: set stopIndex = 0
2019-09-26 13:14:48,550 [ForkJoinPool.commonPool-worker-0] INFO  impl.RaftServerImpl (ServerState.java:close(385)) - c4e1b93a-90f2-4165-be12-1b771b331b8e@group-1332FE1AC90E: closes. applyIndex: 0
2019-09-26 13:14:48,551 [c4e1b93a-90f2-4165-be12-1b771b331b8e@group-1332FE1AC90E-SegmentedRaftLogWorker] INFO  segmented.SegmentedRaftLogWorker (SegmentedRaftLogWorker.java:run(313)) - c4e1b93a-90f2-4165-be12-1b771b331b8e@group-1332FE1AC90E-SegmentedRaftLogWorker was interrupted, exiting. There are 0 tasks remaining in the queue.
2019-09-26 13:14:48,551 [ForkJoinPool.commonPool-worker-0] INFO  segmented.SegmentedRaftLogWorker (SegmentedRaftLogWorker.java:close(228)) - c4e1b93a-90f2-4165-be12-1b771b331b8e@group-1332FE1AC90E-SegmentedRaftLogWorker close()
2019-09-26 13:14:48,553 [ForkJoinPool.commonPool-worker-0] INFO  impl.RaftServerImpl (RaftServerImpl.java:lambda$shutdown$3(251)) - c4e1b93a-90f2-4165-be12-1b771b331b8e@group-0CD0E9DF6582: shutdown
2019-09-26 13:14:48,553 [ForkJoinPool.commonPool-worker-0] INFO  util.JmxRegister (JmxRegister.java:unregister(73)) - Successfully un-registered JMX Bean with object name Ratis:service=RaftServer,group=group-0CD0E9DF6582,id=c4e1b93a-90f2-4165-be12-1b771b331b8e
2019-09-26 13:14:48,554 [ForkJoinPool.commonPool-worker-0] INFO  impl.RoleInfo (RoleInfo.java:shutdownLeaderState(104)) - c4e1b93a-90f2-4165-be12-1b771b331b8e: shutdown LeaderState
2019-09-26 13:14:48,554 [ForkJoinPool.commonPool-worker-0] INFO  impl.PendingRequests (PendingRequests.java:sendNotLeaderResponses(202)) - c4e1b93a-90f2-4165-be12-1b771b331b8e-PendingRequests: sendNotLeaderResponses
2019-09-26 13:14:48,554 [ForkJoinPool.commonPool-worker-0] INFO  impl.StateMachineUpdater (StateMachineUpdater.java:stopAndJoin(125)) - c4e1b93a-90f2-4165-be12-1b771b331b8e@group-0CD0E9DF6582-StateMachineUpdater: set stopIndex = 0
2019-09-26 13:14:48,554 [ForkJoinPool.commonPool-worker-0] INFO  impl.RaftServerImpl (ServerState.java:close(385)) - c4e1b93a-90f2-4165-be12-1b771b331b8e@group-0CD0E9DF6582: closes. applyIndex: 0
2019-09-26 13:14:48,555 [c4e1b93a-90f2-4165-be12-1b771b331b8e@group-0CD0E9DF6582-SegmentedRaftLogWorker] INFO  segmented.SegmentedRaftLogWorker (SegmentedRaftLogWorker.java:run(313)) - c4e1b93a-90f2-4165-be12-1b771b331b8e@group-0CD0E9DF6582-SegmentedRaftLogWorker was interrupted, exiting. There are 0 tasks remaining in the queue.
2019-09-26 13:14:48,564 [ForkJoinPool.commonPool-worker-0] INFO  segmented.SegmentedRaftLogWorker (SegmentedRaftLogWorker.java:close(228)) - c4e1b93a-90f2-4165-be12-1b771b331b8e@group-0CD0E9DF6582-SegmentedRaftLogWorker close()
2019-09-26 13:14:48,565 [ForkJoinPool.commonPool-worker-0] INFO  impl.RaftServerImpl (RaftServerImpl.java:lambda$shutdown$3(251)) - c4e1b93a-90f2-4165-be12-1b771b331b8e@group-EAA5B26CB526: shutdown
2019-09-26 13:14:48,566 [ForkJoinPool.commonPool-worker-0] INFO  util.JmxRegister (JmxRegister.java:unregister(73)) - Successfully un-registered JMX Bean with object name Ratis:service=RaftServer,group=group-EAA5B26CB526,id=c4e1b93a-90f2-4165-be12-1b771b331b8e
2019-09-26 13:14:48,566 [ForkJoinPool.commonPool-worker-0] INFO  impl.RoleInfo (RoleInfo.java:shutdownLeaderState(104)) - c4e1b93a-90f2-4165-be12-1b771b331b8e: shutdown LeaderState
2019-09-26 13:14:48,566 [ForkJoinPool.commonPool-worker-0] INFO  impl.PendingRequests (PendingRequests.java:sendNotLeaderResponses(202)) - c4e1b93a-90f2-4165-be12-1b771b331b8e-PendingRequests: sendNotLeaderResponses
2019-09-26 13:14:48,566 [ForkJoinPool.commonPool-worker-0] INFO  impl.StateMachineUpdater (StateMachineUpdater.java:stopAndJoin(125)) - c4e1b93a-90f2-4165-be12-1b771b331b8e@group-EAA5B26CB526-StateMachineUpdater: set stopIndex = 0
2019-09-26 13:14:48,567 [ForkJoinPool.commonPool-worker-0] INFO  impl.RaftServerImpl (ServerState.java:close(385)) - c4e1b93a-90f2-4165-be12-1b771b331b8e@group-EAA5B26CB526: closes. applyIndex: 0
2019-09-26 13:14:48,567 [c4e1b93a-90f2-4165-be12-1b771b331b8e@group-EAA5B26CB526-SegmentedRaftLogWorker] INFO  segmented.SegmentedRaftLogWorker (SegmentedRaftLogWorker.java:run(313)) - c4e1b93a-90f2-4165-be12-1b771b331b8e@group-EAA5B26CB526-SegmentedRaftLogWorker was interrupted, exiting. There are 0 tasks remaining in the queue.
2019-09-26 13:14:48,567 [ForkJoinPool.commonPool-worker-0] INFO  segmented.SegmentedRaftLogWorker (SegmentedRaftLogWorker.java:close(228)) - c4e1b93a-90f2-4165-be12-1b771b331b8e@group-EAA5B26CB526-SegmentedRaftLogWorker close()
2019-09-26 13:14:48,569 [ForkJoinPool.commonPool-worker-0] INFO  impl.RaftServerImpl (RaftServerImpl.java:lambda$shutdown$3(251)) - c4e1b93a-90f2-4165-be12-1b771b331b8e@group-5CCDAA3609F7: shutdown
2019-09-26 13:14:48,569 [ForkJoinPool.commonPool-worker-0] INFO  util.JmxRegister (JmxRegister.java:unregister(73)) - Successfully un-registered JMX Bean with object name Ratis:service=RaftServer,group=group-5CCDAA3609F7,id=c4e1b93a-90f2-4165-be12-1b771b331b8e
2019-09-26 13:14:48,569 [ForkJoinPool.commonPool-worker-0] INFO  impl.RoleInfo (RoleInfo.java:shutdownLeaderState(104)) - c4e1b93a-90f2-4165-be12-1b771b331b8e: shutdown LeaderState
2019-09-26 13:14:48,570 [ForkJoinPool.commonPool-worker-0] INFO  impl.PendingRequests (PendingRequests.java:sendNotLeaderResponses(202)) - c4e1b93a-90f2-4165-be12-1b771b331b8e-PendingRequests: sendNotLeaderResponses
2019-09-26 13:14:48,570 [ForkJoinPool.commonPool-worker-0] INFO  impl.StateMachineUpdater (StateMachineUpdater.java:stopAndJoin(125)) - c4e1b93a-90f2-4165-be12-1b771b331b8e@group-5CCDAA3609F7-StateMachineUpdater: set stopIndex = 0
2019-09-26 13:14:48,570 [ForkJoinPool.commonPool-worker-0] INFO  impl.RaftServerImpl (ServerState.java:close(385)) - c4e1b93a-90f2-4165-be12-1b771b331b8e@group-5CCDAA3609F7: closes. applyIndex: 0
2019-09-26 13:14:48,571 [c4e1b93a-90f2-4165-be12-1b771b331b8e@group-5CCDAA3609F7-SegmentedRaftLogWorker] INFO  segmented.SegmentedRaftLogWorker (SegmentedRaftLogWorker.java:run(313)) - c4e1b93a-90f2-4165-be12-1b771b331b8e@group-5CCDAA3609F7-SegmentedRaftLogWorker was interrupted, exiting. There are 0 tasks remaining in the queue.
2019-09-26 13:14:48,571 [ForkJoinPool.commonPool-worker-0] INFO  segmented.SegmentedRaftLogWorker (SegmentedRaftLogWorker.java:close(228)) - c4e1b93a-90f2-4165-be12-1b771b331b8e@group-5CCDAA3609F7-SegmentedRaftLogWorker close()
2019-09-26 13:14:48,572 [ForkJoinPool.commonPool-worker-0] INFO  impl.RaftServerImpl (RaftServerImpl.java:lambda$shutdown$3(251)) - c4e1b93a-90f2-4165-be12-1b771b331b8e@group-B007EDF525BC: shutdown
2019-09-26 13:14:48,572 [ForkJoinPool.commonPool-worker-0] INFO  util.JmxRegister (JmxRegister.java:unregister(73)) - Successfully un-registered JMX Bean with object name Ratis:service=RaftServer,group=group-B007EDF525BC,id=c4e1b93a-90f2-4165-be12-1b771b331b8e
2019-09-26 13:14:48,572 [ForkJoinPool.commonPool-worker-0] INFO  impl.RoleInfo (RoleInfo.java:shutdownLeaderState(104)) - c4e1b93a-90f2-4165-be12-1b771b331b8e: shutdown LeaderState
2019-09-26 13:14:48,573 [ForkJoinPool.commonPool-worker-0] INFO  impl.PendingRequests (PendingRequests.java:sendNotLeaderResponses(202)) - c4e1b93a-90f2-4165-be12-1b771b331b8e-PendingRequests: sendNotLeaderResponses
2019-09-26 13:14:48,573 [ForkJoinPool.commonPool-worker-0] INFO  impl.StateMachineUpdater (StateMachineUpdater.java:stopAndJoin(125)) - c4e1b93a-90f2-4165-be12-1b771b331b8e@group-B007EDF525BC-StateMachineUpdater: set stopIndex = 0
2019-09-26 13:14:48,573 [ForkJoinPool.commonPool-worker-0] INFO  impl.RaftServerImpl (ServerState.java:close(385)) - c4e1b93a-90f2-4165-be12-1b771b331b8e@group-B007EDF525BC: closes. applyIndex: 0
2019-09-26 13:14:48,574 [c4e1b93a-90f2-4165-be12-1b771b331b8e@group-B007EDF525BC-SegmentedRaftLogWorker] INFO  segmented.SegmentedRaftLogWorker (SegmentedRaftLogWorker.java:run(313)) - c4e1b93a-90f2-4165-be12-1b771b331b8e@group-B007EDF525BC-SegmentedRaftLogWorker was interrupted, exiting. There are 0 tasks remaining in the queue.
2019-09-26 13:14:48,574 [ForkJoinPool.commonPool-worker-0] INFO  segmented.SegmentedRaftLogWorker (SegmentedRaftLogWorker.java:close(228)) - c4e1b93a-90f2-4165-be12-1b771b331b8e@group-B007EDF525BC-SegmentedRaftLogWorker close()
2019-09-26 13:14:48,575 [ForkJoinPool.commonPool-worker-0] INFO  impl.RaftServerImpl (RaftServerImpl.java:lambda$shutdown$3(251)) - c4e1b93a-90f2-4165-be12-1b771b331b8e@group-DAAB05F8EF94: shutdown
2019-09-26 13:14:48,575 [ForkJoinPool.commonPool-worker-0] INFO  util.JmxRegister (JmxRegister.java:unregister(73)) - Successfully un-registered JMX Bean with object name Ratis:service=RaftServer,group=group-DAAB05F8EF94,id=c4e1b93a-90f2-4165-be12-1b771b331b8e
2019-09-26 13:14:48,576 [ForkJoinPool.commonPool-worker-0] INFO  impl.RoleInfo (RoleInfo.java:shutdownLeaderState(104)) - c4e1b93a-90f2-4165-be12-1b771b331b8e: shutdown LeaderState
2019-09-26 13:14:48,576 [ForkJoinPool.commonPool-worker-0] INFO  impl.PendingRequests (PendingRequests.java:sendNotLeaderResponses(202)) - c4e1b93a-90f2-4165-be12-1b771b331b8e-PendingRequests: sendNotLeaderResponses
2019-09-26 13:14:48,577 [ForkJoinPool.commonPool-worker-0] INFO  impl.StateMachineUpdater (StateMachineUpdater.java:stopAndJoin(125)) - c4e1b93a-90f2-4165-be12-1b771b331b8e@group-DAAB05F8EF94-StateMachineUpdater: set stopIndex = 0
2019-09-26 13:14:48,578 [ForkJoinPool.commonPool-worker-0] INFO  impl.RaftServerImpl (ServerState.java:close(385)) - c4e1b93a-90f2-4165-be12-1b771b331b8e@group-DAAB05F8EF94: closes. applyIndex: 0
2019-09-26 13:14:48,578 [c4e1b93a-90f2-4165-be12-1b771b331b8e@group-DAAB05F8EF94-SegmentedRaftLogWorker] INFO  segmented.SegmentedRaftLogWorker (SegmentedRaftLogWorker.java:run(313)) - c4e1b93a-90f2-4165-be12-1b771b331b8e@group-DAAB05F8EF94-SegmentedRaftLogWorker was interrupted, exiting. There are 0 tasks remaining in the queue.
2019-09-26 13:14:48,578 [ForkJoinPool.commonPool-worker-0] INFO  segmented.SegmentedRaftLogWorker (SegmentedRaftLogWorker.java:close(228)) - c4e1b93a-90f2-4165-be12-1b771b331b8e@group-DAAB05F8EF94-SegmentedRaftLogWorker close()
2019-09-26 13:14:48,579 [ForkJoinPool.commonPool-worker-0] INFO  server.GrpcService (GrpcService.java:closeImpl(164)) - c4e1b93a-90f2-4165-be12-1b771b331b8e: shutdown server with port 35258 now
2019-09-26 13:14:48,580 [ForkJoinPool.commonPool-worker-0] INFO  server.GrpcService (GrpcService.java:closeImpl(172)) - c4e1b93a-90f2-4165-be12-1b771b331b8e: shutdown server with port 35258 successfully
2019-09-26 13:14:48,584 [refreshUsed-/workdir/hadoop-ozone/integration-test/target/test-dir/MiniOzoneClusterImpl-f1012d8c-e23c-4237-834a-d6b3ac6768a8/datanode-2/data/containers] WARN  fs.CachingGetSpaceUsed (CachingGetSpaceUsed.java:run(183)) - Thread Interrupted waiting to refresh disk information: sleep interrupted
2019-09-26 13:14:48,596 [ForkJoinPool.commonPool-worker-0] INFO  utils.BackgroundService (BackgroundService.java:shutdown(148)) - Shutting down service BlockDeletingService
2019-09-26 13:14:48,599 [ForkJoinPool.commonPool-worker-0] INFO  statemachine.DatanodeStateMachine (DatanodeStateMachine.java:stopDaemon(395)) - Ozone container server stopped.
2019-09-26 13:14:48,602 [ForkJoinPool.commonPool-worker-0] INFO  handler.ContextHandler (ContextHandler.java:doStop(910)) - Stopped o.e.j.w.WebAppContext@135a8c6f{/,null,UNAVAILABLE}{/hddsDatanode}
2019-09-26 13:14:48,603 [ForkJoinPool.commonPool-worker-0] INFO  server.AbstractConnector (AbstractConnector.java:doStop(318)) - Stopped ServerConnector@6419a0e1{HTTP/1.1,[http/1.1]}{0.0.0.0:0}
2019-09-26 13:14:48,604 [ForkJoinPool.commonPool-worker-0] INFO  handler.ContextHandler (ContextHandler.java:doStop(910)) - Stopped o.e.j.s.ServletContextHandler@38830ea{/static,jar:file:/home/user/.m2/repository/org/apache/hadoop/hadoop-hdds-container-service/0.5.0-SNAPSHOT/hadoop-hdds-container-service-0.5.0-SNAPSHOT.jar!/webapps/static,UNAVAILABLE}
2019-09-26 13:14:48,604 [ForkJoinPool.commonPool-worker-0] INFO  handler.ContextHandler (ContextHandler.java:doStop(910)) - Stopped o.e.j.s.ServletContextHandler@43984213{/logs,file:///workdir/hadoop-ozone/integration-test/target/log,UNAVAILABLE}
2019-09-26 13:14:48,606 [main] INFO  ozone.MiniOzoneClusterImpl (MiniOzoneClusterImpl.java:stopSCM(392)) - Stopping the StorageContainerManager
2019-09-26 13:14:48,606 [main] INFO  server.StorageContainerManager (StorageContainerManager.java:stop(808)) - Stopping Replication Manager Service.
2019-09-26 13:14:48,606 [main] INFO  container.ReplicationManager (ReplicationManager.java:stop(204)) - Stopping Replication Monitor Thread.
2019-09-26 13:14:48,606 [main] INFO  server.StorageContainerManager (StorageContainerManager.java:stop(815)) - Stopping Lease Manager of the command watchers
2019-09-26 13:14:48,606 [main] INFO  server.StorageContainerManager (StorageContainerManager.java:stop(822)) - Stopping datanode service RPC server
2019-09-26 13:14:48,607 [main] INFO  server.SCMDatanodeProtocolServer (SCMDatanodeProtocolServer.java:stop(367)) - Stopping the RPC server for DataNodes
2019-09-26 13:14:48,607 [main] INFO  ipc.Server (Server.java:stop(3082)) - Stopping server on 38329
2019-09-26 13:14:48,608 [IPC Server listener on 38329] INFO  ipc.Server (Server.java:run(1185)) - Stopping IPC Server listener on 38329
2019-09-26 13:14:48,608 [IPC Server Responder] INFO  ipc.Server (Server.java:run(1319)) - Stopping IPC Server Responder
2019-09-26 13:14:48,667 [SCM Heartbeat Processing Thread - 0] WARN  node.NodeStateManager (NodeStateManager.java:scheduleNextHealthCheck(655)) - Current Thread is interrupted, shutting down HB processing thread for Node Manager.
2019-09-26 13:14:48,667 [main] INFO  server.StorageContainerManager (StorageContainerManager.java:stop(830)) - Stopping block service RPC server
2019-09-26 13:14:48,668 [main] INFO  server.SCMBlockProtocolServer (SCMBlockProtocolServer.java:stop(155)) - Stopping the RPC server for Block Protocol
2019-09-26 13:14:48,668 [main] INFO  ipc.Server (Server.java:stop(3082)) - Stopping server on 43075
2019-09-26 13:14:48,670 [main] INFO  server.StorageContainerManager (StorageContainerManager.java:stop(837)) - Stopping the StorageContainerLocationProtocol RPC server
2019-09-26 13:14:48,670 [IPC Server listener on 43075] INFO  ipc.Server (Server.java:run(1185)) - Stopping IPC Server listener on 43075
2019-09-26 13:14:48,670 [IPC Server Responder] INFO  ipc.Server (Server.java:run(1319)) - Stopping IPC Server Responder
2019-09-26 13:14:48,670 [main] INFO  server.SCMClientProtocolServer (SCMClientProtocolServer.java:stop(159)) - Stopping the RPC server for Client Protocol
2019-09-26 13:14:48,671 [main] INFO  ipc.Server (Server.java:stop(3082)) - Stopping server on 41628
2019-09-26 13:14:48,673 [IPC Server listener on 41628] INFO  ipc.Server (Server.java:run(1185)) - Stopping IPC Server listener on 41628
2019-09-26 13:14:48,673 [main] INFO  server.StorageContainerManager (StorageContainerManager.java:stop(844)) - Stopping Storage Container Manager HTTP server.
2019-09-26 13:14:48,674 [IPC Server Responder] INFO  ipc.Server (Server.java:run(1319)) - Stopping IPC Server Responder
2019-09-26 13:14:48,676 [main] INFO  handler.ContextHandler (ContextHandler.java:doStop(910)) - Stopped o.e.j.w.WebAppContext@7add838c{/,null,UNAVAILABLE}{/scm}
2019-09-26 13:14:48,677 [main] INFO  server.AbstractConnector (AbstractConnector.java:doStop(318)) - Stopped ServerConnector@3662bdff{HTTP/1.1,[http/1.1]}{0.0.0.0:0}
2019-09-26 13:14:48,677 [main] INFO  handler.ContextHandler (ContextHandler.java:doStop(910)) - Stopped o.e.j.s.ServletContextHandler@4190bc8a{/static,file:///workdir/hadoop-ozone/integration-test/target/test-classes/webapps/static,UNAVAILABLE}
2019-09-26 13:14:48,678 [main] INFO  handler.ContextHandler (ContextHandler.java:doStop(910)) - Stopped o.e.j.s.ServletContextHandler@3d64c581{/logs,file:///workdir/hadoop-ozone/integration-test/target/log,UNAVAILABLE}
2019-09-26 13:14:48,679 [main] INFO  server.StorageContainerManager (StorageContainerManager.java:stop(855)) - Stopping Block Manager Service.
2019-09-26 13:14:48,679 [main] INFO  utils.BackgroundService (BackgroundService.java:shutdown(148)) - Shutting down service SCMBlockDeletingService
2019-09-26 13:14:48,680 [main] INFO  utils.BackgroundService (BackgroundService.java:shutdown(148)) - Shutting down service SCMBlockDeletingService
2019-09-26 13:14:48,681 [main] INFO  server.StorageContainerManager (StorageContainerManager.java:stop(877)) - Stopping SCM Event Queue.
2019-09-26 13:14:48,684 [main] INFO  impl.MetricsSystemImpl (MetricsSystemImpl.java:stop(210)) - Stopping HddsDatanode metrics system...
2019-09-26 13:14:48,688 [main] INFO  impl.MetricsSystemImpl (MetricsSystemImpl.java:stop(216)) - HddsDatanode metrics system stopped.
]]></system-out>
  </testcase>
  <testcase name="testPipelineCloseWithLogFailure" classname="org.apache.hadoop.hdds.scm.pipeline.TestPipelineClose" time="16.284">
    <error message="Could not allocate container. Cannot get any matching pipeline for Type:RATIS, Factor:THREE, State:PipelineState.OPEN" type="java.io.IOException">java.io.IOException: Could not allocate container. Cannot get any matching pipeline for Type:RATIS, Factor:THREE, State:PipelineState.OPEN
	at org.apache.hadoop.hdds.scm.container.ContainerStateManager.allocateContainer(ContainerStateManager.java:260)
	at org.apache.hadoop.hdds.scm.container.SCMContainerManager.allocateContainer(SCMContainerManager.java:247)
	at org.apache.hadoop.hdds.scm.pipeline.TestPipelineClose.init(TestPipelineClose.java:92)
	at sun.reflect.NativeMethodAccessorImpl.invoke0(Native Method)
	at sun.reflect.NativeMethodAccessorImpl.invoke(NativeMethodAccessorImpl.java:62)
	at sun.reflect.DelegatingMethodAccessorImpl.invoke(DelegatingMethodAccessorImpl.java:43)
	at java.lang.reflect.Method.invoke(Method.java:498)
	at org.junit.runners.model.FrameworkMethod$1.runReflectiveCall(FrameworkMethod.java:47)
	at org.junit.internal.runners.model.ReflectiveCallable.run(ReflectiveCallable.java:12)
	at org.junit.runners.model.FrameworkMethod.invokeExplosively(FrameworkMethod.java:44)
	at org.junit.internal.runners.statements.RunBefores.evaluate(RunBefores.java:24)
	at org.junit.internal.runners.statements.RunAfters.evaluate(RunAfters.java:27)
	at org.junit.runners.ParentRunner.runLeaf(ParentRunner.java:271)
	at org.junit.runners.BlockJUnit4ClassRunner.runChild(BlockJUnit4ClassRunner.java:70)
	at org.junit.runners.BlockJUnit4ClassRunner.runChild(BlockJUnit4ClassRunner.java:50)
	at org.junit.runners.ParentRunner$3.run(ParentRunner.java:238)
	at org.junit.runners.ParentRunner$1.schedule(ParentRunner.java:63)
	at org.junit.runners.ParentRunner.runChildren(ParentRunner.java:236)
	at org.junit.runners.ParentRunner.access$000(ParentRunner.java:53)
	at org.junit.runners.ParentRunner$2.evaluate(ParentRunner.java:229)
	at org.junit.runners.ParentRunner.run(ParentRunner.java:309)
	at org.apache.maven.surefire.junit4.JUnit4Provider.execute(JUnit4Provider.java:365)
	at org.apache.maven.surefire.junit4.JUnit4Provider.executeWithRerun(JUnit4Provider.java:273)
	at org.apache.maven.surefire.junit4.JUnit4Provider.executeTestSet(JUnit4Provider.java:238)
	at org.apache.maven.surefire.junit4.JUnit4Provider.invoke(JUnit4Provider.java:159)
	at org.apache.maven.surefire.booter.ForkedBooter.invokeProviderInSameClassLoader(ForkedBooter.java:384)
	at org.apache.maven.surefire.booter.ForkedBooter.runSuitesInProcess(ForkedBooter.java:345)
	at org.apache.maven.surefire.booter.ForkedBooter.execute(ForkedBooter.java:126)
	at org.apache.maven.surefire.booter.ForkedBooter.main(ForkedBooter.java:418)
</error>
    <system-out><![CDATA[2019-09-26 13:14:48,716 [main] WARN  server.ServerUtils (ServerUtils.java:getScmDbDir(145)) - ozone.scm.db.dirs is not configured. We recommend adding this setting. Falling back to ozone.metadata.dirs instead.
2019-09-26 13:14:48,732 [main] WARN  server.ServerUtils (ServerUtils.java:getScmDbDir(145)) - ozone.scm.db.dirs is not configured. We recommend adding this setting. Falling back to ozone.metadata.dirs instead.
2019-09-26 13:14:48,732 [main] WARN  server.ServerUtils (ServerUtils.java:getScmDbDir(145)) - ozone.scm.db.dirs is not configured. We recommend adding this setting. Falling back to ozone.metadata.dirs instead.
2019-09-26 13:14:48,733 [main] INFO  db.DBStoreBuilder (DBStoreBuilder.java:addTable(110)) - using custom profile for table: deletedBlocks
2019-09-26 13:14:48,733 [main] INFO  db.DBStoreBuilder (DBStoreBuilder.java:processTables(161)) - Using default column profile:DBProfile.DISK for Table:deletedBlocks
2019-09-26 13:14:48,733 [main] INFO  db.DBStoreBuilder (DBStoreBuilder.java:addTable(110)) - using custom profile for table: validCerts
2019-09-26 13:14:48,733 [main] INFO  db.DBStoreBuilder (DBStoreBuilder.java:processTables(161)) - Using default column profile:DBProfile.DISK for Table:validCerts
2019-09-26 13:14:48,733 [main] INFO  db.DBStoreBuilder (DBStoreBuilder.java:addTable(110)) - using custom profile for table: revokedCerts
2019-09-26 13:14:48,733 [main] INFO  db.DBStoreBuilder (DBStoreBuilder.java:processTables(161)) - Using default column profile:DBProfile.DISK for Table:revokedCerts
2019-09-26 13:14:48,734 [main] INFO  db.DBStoreBuilder (DBStoreBuilder.java:addTable(110)) - using custom profile for table: default
2019-09-26 13:14:48,734 [main] INFO  db.DBStoreBuilder (DBStoreBuilder.java:processTables(167)) - Using default column profile:DBProfile.DISK for Table:default
2019-09-26 13:14:48,734 [main] INFO  db.DBStoreBuilder (DBStoreBuilder.java:getDbProfile(198)) - Using default options. DBProfile.DISK
2019-09-26 13:14:48,888 [main] INFO  net.NodeSchemaLoader (NodeSchemaLoader.java:loadSchemaFromFile(125)) - Loading file from sun.misc.CompoundEnumeration@4462efe1
2019-09-26 13:14:48,889 [main] INFO  net.NodeSchemaLoader (NodeSchemaLoader.java:loadSchema(171)) - Loading network topology layer schema file
2019-09-26 13:14:48,893 [main] WARN  server.ServerUtils (ServerUtils.java:sanitizeUserArgs(70)) - ozone.scm.stale.node.interval value = 300000 is larger than max = 100000 based on the key value of ozone.scm.heartbeat.thread.interval, reset to the max value 100000.
2019-09-26 13:14:48,893 [main] WARN  server.ServerUtils (ServerUtils.java:sanitizeUserArgs(70)) - ozone.scm.stale.node.interval value = 300000 is larger than max = 100000 based on the key value of ozone.scm.heartbeat.thread.interval, reset to the max value 100000.
2019-09-26 13:14:48,894 [main] INFO  node.SCMNodeManager (SCMNodeManager.java:<init>(114)) - Entering startup safe mode.
2019-09-26 13:14:48,894 [main] INFO  algorithms.ContainerPlacementPolicyFactory (ContainerPlacementPolicyFactory.java:getPolicy(59)) - Create container placement policy of type org.apache.hadoop.hdds.scm.container.placement.algorithms.SCMContainerPlacementRandom
2019-09-26 13:14:48,895 [main] WARN  server.ServerUtils (ServerUtils.java:getScmDbDir(145)) - ozone.scm.db.dirs is not configured. We recommend adding this setting. Falling back to ozone.metadata.dirs instead.
2019-09-26 13:14:48,943 [main] INFO  pipeline.SCMPipelineManager (SCMPipelineManager.java:initializePipelineState(132)) - No pipeline exists in current db
2019-09-26 13:14:48,944 [main] WARN  server.ServerUtils (ServerUtils.java:getScmDbDir(145)) - ozone.scm.db.dirs is not configured. We recommend adding this setting. Falling back to ozone.metadata.dirs instead.
2019-09-26 13:14:48,976 [main] WARN  events.EventQueue (EventQueue.java:fireEvent(183)) - No event handler registered for event TypedEvent{payloadType=SafeModeStatus, name='SafeModeStatus'}
2019-09-26 13:14:48,977 [main] INFO  ipc.CallQueueManager (CallQueueManager.java:<init>(84)) - Using callQueue: class java.util.concurrent.LinkedBlockingQueue, queueCapacity: 2000, scheduler: class org.apache.hadoop.ipc.DefaultRpcScheduler, ipcBackoff: false.
2019-09-26 13:14:48,978 [Socket Reader #1 for port 37847] INFO  ipc.Server (Server.java:run(1074)) - Starting Socket Reader #1 for port 37847
2019-09-26 13:14:48,980 [main] INFO  ipc.CallQueueManager (CallQueueManager.java:<init>(84)) - Using callQueue: class java.util.concurrent.LinkedBlockingQueue, queueCapacity: 2000, scheduler: class org.apache.hadoop.ipc.DefaultRpcScheduler, ipcBackoff: false.
2019-09-26 13:14:48,980 [Socket Reader #1 for port 37015] INFO  ipc.Server (Server.java:run(1074)) - Starting Socket Reader #1 for port 37015
2019-09-26 13:14:48,981 [main] INFO  ipc.CallQueueManager (CallQueueManager.java:<init>(84)) - Using callQueue: class java.util.concurrent.LinkedBlockingQueue, queueCapacity: 2000, scheduler: class org.apache.hadoop.ipc.DefaultRpcScheduler, ipcBackoff: false.
2019-09-26 13:14:48,982 [Socket Reader #1 for port 34485] INFO  ipc.Server (Server.java:run(1074)) - Starting Socket Reader #1 for port 34485
2019-09-26 13:14:48,984 [main] INFO  hdfs.DFSUtil (DFSUtil.java:httpServerTemplateForNNAndJN(1641)) - Starting Web-server for scm at: http://0.0.0.0:0
2019-09-26 13:14:48,986 [main] INFO  server.AuthenticationFilter (AuthenticationFilter.java:constructSecretProvider(240)) - Unable to initialize FileSignerSecretProvider, falling back to use random secrets.
2019-09-26 13:14:48,986 [main] WARN  http.HttpRequestLog (HttpRequestLog.java:getRequestLog(97)) - Jetty request log can only be enabled using Log4j
2019-09-26 13:14:48,988 [main] INFO  http.HttpServer2 (HttpServer2.java:addGlobalFilter(975)) - Added global filter 'safety' (class=org.apache.hadoop.http.HttpServer2$QuotingInputFilter)
2019-09-26 13:14:48,989 [main] INFO  http.HttpServer2 (HttpServer2.java:addFilter(948)) - Added filter static_user_filter (class=org.apache.hadoop.http.lib.StaticUserWebFilter$StaticUserFilter) to context scm
2019-09-26 13:14:48,989 [main] INFO  http.HttpServer2 (HttpServer2.java:addFilter(958)) - Added filter static_user_filter (class=org.apache.hadoop.http.lib.StaticUserWebFilter$StaticUserFilter) to context static
2019-09-26 13:14:48,989 [main] INFO  http.HttpServer2 (HttpServer2.java:addFilter(958)) - Added filter static_user_filter (class=org.apache.hadoop.http.lib.StaticUserWebFilter$StaticUserFilter) to context logs
2019-09-26 13:14:48,991 [main] INFO  server.StorageContainerManager (StorageContainerManager.java:start(770)) - StorageContainerLocationProtocol RPC server is listening at /0.0.0.0:34485
2019-09-26 13:14:48,993 [main] WARN  impl.MetricsConfig (MetricsConfig.java:loadFirst(134)) - Cannot locate configuration: tried hadoop-metrics2-storagecontainermanager.properties,hadoop-metrics2.properties
2019-09-26 13:14:48,996 [main] INFO  impl.MetricsSystemImpl (MetricsSystemImpl.java:startTimer(374)) - Scheduled Metric snapshot period at 10 second(s).
2019-09-26 13:14:48,996 [main] INFO  impl.MetricsSystemImpl (MetricsSystemImpl.java:start(191)) - StorageContainerManager metrics system started
2019-09-26 13:14:49,014 [main] WARN  impl.MetricsSystemImpl (MetricsSystemImpl.java:register(276)) - Sink prometheus already exists!
2019-09-26 13:14:49,052 [main] INFO  server.SCMClientProtocolServer (SCMClientProtocolServer.java:start(151)) - RPC server for Client  is listening at /0.0.0.0:34485
2019-09-26 13:14:49,053 [IPC Server listener on 34485] INFO  ipc.Server (Server.java:run(1153)) - IPC Server listener on 34485: starting
2019-09-26 13:14:49,053 [IPC Server Responder] INFO  ipc.Server (Server.java:run(1314)) - IPC Server Responder: starting
2019-09-26 13:14:49,057 [main] INFO  server.StorageContainerManager (StorageContainerManager.java:start(780)) - ScmBlockLocationProtocol RPC server is listening at /0.0.0.0:37015
2019-09-26 13:14:49,058 [main] INFO  server.SCMBlockProtocolServer (SCMBlockProtocolServer.java:start(146)) - RPC server for Block Protocol is listening at /0.0.0.0:37015
2019-09-26 13:14:49,058 [IPC Server Responder] INFO  ipc.Server (Server.java:run(1314)) - IPC Server Responder: starting
2019-09-26 13:14:49,058 [IPC Server listener on 37015] INFO  ipc.Server (Server.java:run(1153)) - IPC Server listener on 37015: starting
2019-09-26 13:14:49,062 [main] INFO  server.StorageContainerManager (StorageContainerManager.java:start(784)) - ScmDatanodeProtocl RPC server is listening at /0.0.0.0:37847
2019-09-26 13:14:49,063 [main] INFO  server.SCMDatanodeProtocolServer (SCMDatanodeProtocolServer.java:start(191)) - RPC server for DataNodes is listening at /0.0.0.0:37847
2019-09-26 13:14:49,063 [IPC Server Responder] INFO  ipc.Server (Server.java:run(1314)) - IPC Server Responder: starting
2019-09-26 13:14:49,064 [IPC Server listener on 37847] INFO  ipc.Server (Server.java:run(1153)) - IPC Server listener on 37847: starting
2019-09-26 13:14:49,067 [main] INFO  http.HttpServer2 (HttpServer2.java:bindListener(1191)) - Jetty bound to port 35032
2019-09-26 13:14:49,067 [main] INFO  server.Server (Server.java:doStart(351)) - jetty-9.3.25.v20180904, build timestamp: 2018-09-04T21:11:46Z, git hash: 3ce520221d0240229c862b122d2b06c12a625732
2019-09-26 13:14:49,069 [main] INFO  handler.ContextHandler (ContextHandler.java:doStart(781)) - Started o.e.j.s.ServletContextHandler@66933239{/logs,file:///workdir/hadoop-ozone/integration-test/target/log,AVAILABLE}
2019-09-26 13:14:49,069 [main] INFO  handler.ContextHandler (ContextHandler.java:doStart(781)) - Started o.e.j.s.ServletContextHandler@41ad373{/static,file:///workdir/hadoop-ozone/integration-test/target/test-classes/webapps/static,AVAILABLE}
2019-09-26 13:14:49,075 [main] INFO  handler.ContextHandler (ContextHandler.java:doStart(781)) - Started o.e.j.w.WebAppContext@7c781c42{/,file:///workdir/hadoop-ozone/integration-test/target/test-classes/webapps/scm/,AVAILABLE}{/scm}
2019-09-26 13:14:49,075 [main] INFO  server.AbstractConnector (AbstractConnector.java:doStart(278)) - Started ServerConnector@795f8317{HTTP/1.1,[http/1.1]}{0.0.0.0:35032}
2019-09-26 13:14:49,076 [main] INFO  server.Server (Server.java:doStart(419)) - Started @55871ms
2019-09-26 13:14:49,076 [main] WARN  impl.MetricsSystemImpl (MetricsSystemImpl.java:register(276)) - Sink prometheus already exists!
2019-09-26 13:14:49,077 [main] INFO  server.BaseHttpServer (BaseHttpServer.java:updateConnectorAddress(215)) - HTTP server of SCM is listening at http://0.0.0.0:35032
2019-09-26 13:14:49,077 [main] WARN  server.ServerUtils (ServerUtils.java:getDBPath(222)) - ozone.om.db.dirs is not configured. We recommend adding this setting. Falling back to ozone.metadata.dirs instead.
2019-09-26 13:14:49,078 [org.apache.hadoop.util.JvmPauseMonitor$Monitor@355c94be] INFO  util.JvmPauseMonitor (JvmPauseMonitor.java:run(188)) - Starting JVM pause monitor
2019-09-26 13:14:49,090 [main] WARN  server.ServerUtils (ServerUtils.java:getDBPath(222)) - ozone.om.db.dirs is not configured. We recommend adding this setting. Falling back to ozone.metadata.dirs instead.
2019-09-26 13:14:49,091 [main] WARN  server.ServerUtils (ServerUtils.java:getDBPath(222)) - ozone.om.db.dirs is not configured. We recommend adding this setting. Falling back to ozone.metadata.dirs instead.
2019-09-26 13:14:49,091 [main] INFO  om.OzoneManager (OzoneManager.java:setOMNodeDetails(652)) - OM Service ID is not set. Setting it to the default ID: omServiceIdDefault
2019-09-26 13:14:49,091 [main] INFO  om.OzoneManager (OzoneManager.java:setOMNodeDetails(658)) - OM Node ID is not set. Setting it to the OmStorage's OmID: 7e11852e-37b2-4971-9bc3-8eb8603fb56d
2019-09-26 13:14:49,091 [main] INFO  om.OzoneManager (OzoneManager.java:loadOMHAConfigs(609)) - Found matching OM address with OMServiceId: null, OMNodeId: null, RPC Address: localhost:0 and Ratis port: 9872
2019-09-26 13:14:49,098 [main] WARN  server.ServerUtils (ServerUtils.java:getDBPath(222)) - ozone.om.db.dirs is not configured. We recommend adding this setting. Falling back to ozone.metadata.dirs instead.
2019-09-26 13:14:49,099 [main] INFO  db.DBStoreBuilder (DBStoreBuilder.java:addTable(110)) - using custom profile for table: userTable
2019-09-26 13:14:49,099 [main] INFO  db.DBStoreBuilder (DBStoreBuilder.java:processTables(161)) - Using default column profile:DBProfile.DISK for Table:userTable
2019-09-26 13:14:49,099 [main] INFO  db.DBStoreBuilder (DBStoreBuilder.java:addTable(110)) - using custom profile for table: volumeTable
2019-09-26 13:14:49,099 [main] INFO  db.DBStoreBuilder (DBStoreBuilder.java:processTables(161)) - Using default column profile:DBProfile.DISK for Table:volumeTable
2019-09-26 13:14:49,099 [main] INFO  db.DBStoreBuilder (DBStoreBuilder.java:addTable(110)) - using custom profile for table: bucketTable
2019-09-26 13:14:49,100 [main] INFO  db.DBStoreBuilder (DBStoreBuilder.java:processTables(161)) - Using default column profile:DBProfile.DISK for Table:bucketTable
2019-09-26 13:14:49,100 [main] INFO  db.DBStoreBuilder (DBStoreBuilder.java:addTable(110)) - using custom profile for table: keyTable
2019-09-26 13:14:49,100 [main] INFO  db.DBStoreBuilder (DBStoreBuilder.java:processTables(161)) - Using default column profile:DBProfile.DISK for Table:keyTable
2019-09-26 13:14:49,100 [main] INFO  db.DBStoreBuilder (DBStoreBuilder.java:addTable(110)) - using custom profile for table: deletedTable
2019-09-26 13:14:49,100 [main] INFO  db.DBStoreBuilder (DBStoreBuilder.java:processTables(161)) - Using default column profile:DBProfile.DISK for Table:deletedTable
2019-09-26 13:14:49,101 [main] INFO  db.DBStoreBuilder (DBStoreBuilder.java:addTable(110)) - using custom profile for table: openKeyTable
2019-09-26 13:14:49,101 [main] INFO  db.DBStoreBuilder (DBStoreBuilder.java:processTables(161)) - Using default column profile:DBProfile.DISK for Table:openKeyTable
2019-09-26 13:14:49,101 [main] INFO  db.DBStoreBuilder (DBStoreBuilder.java:addTable(110)) - using custom profile for table: s3Table
2019-09-26 13:14:49,101 [main] INFO  db.DBStoreBuilder (DBStoreBuilder.java:processTables(161)) - Using default column profile:DBProfile.DISK for Table:s3Table
2019-09-26 13:14:49,102 [main] INFO  db.DBStoreBuilder (DBStoreBuilder.java:addTable(110)) - using custom profile for table: multipartInfoTable
2019-09-26 13:14:49,102 [main] INFO  db.DBStoreBuilder (DBStoreBuilder.java:processTables(161)) - Using default column profile:DBProfile.DISK for Table:multipartInfoTable
2019-09-26 13:14:49,102 [main] INFO  db.DBStoreBuilder (DBStoreBuilder.java:addTable(110)) - using custom profile for table: dTokenTable
2019-09-26 13:14:49,102 [main] INFO  db.DBStoreBuilder (DBStoreBuilder.java:processTables(161)) - Using default column profile:DBProfile.DISK for Table:dTokenTable
2019-09-26 13:14:49,103 [main] INFO  db.DBStoreBuilder (DBStoreBuilder.java:addTable(110)) - using custom profile for table: s3SecretTable
2019-09-26 13:14:49,103 [main] INFO  db.DBStoreBuilder (DBStoreBuilder.java:processTables(161)) - Using default column profile:DBProfile.DISK for Table:s3SecretTable
2019-09-26 13:14:49,103 [main] INFO  db.DBStoreBuilder (DBStoreBuilder.java:addTable(110)) - using custom profile for table: prefixTable
2019-09-26 13:14:49,103 [main] INFO  db.DBStoreBuilder (DBStoreBuilder.java:processTables(161)) - Using default column profile:DBProfile.DISK for Table:prefixTable
2019-09-26 13:14:49,104 [main] INFO  db.DBStoreBuilder (DBStoreBuilder.java:addTable(110)) - using custom profile for table: default
2019-09-26 13:14:49,104 [main] INFO  db.DBStoreBuilder (DBStoreBuilder.java:processTables(167)) - Using default column profile:DBProfile.DISK for Table:default
2019-09-26 13:14:49,104 [main] INFO  db.DBStoreBuilder (DBStoreBuilder.java:getDbProfile(198)) - Using default options. DBProfile.DISK
2019-09-26 13:14:49,470 [main] INFO  ipc.CallQueueManager (CallQueueManager.java:<init>(84)) - Using callQueue: class java.util.concurrent.LinkedBlockingQueue, queueCapacity: 2000, scheduler: class org.apache.hadoop.ipc.DefaultRpcScheduler, ipcBackoff: false.
2019-09-26 13:14:49,471 [Socket Reader #1 for port 37722] INFO  ipc.Server (Server.java:run(1074)) - Starting Socket Reader #1 for port 37722
2019-09-26 13:14:49,484 [main] INFO  om.OzoneManager (OzoneManager.java:start(1243)) - OzoneManager RPC server is listening at localhost/127.0.0.1:37722
2019-09-26 13:14:49,484 [main] INFO  impl.MetricsSystemImpl (MetricsSystemImpl.java:init(158)) - OzoneManager metrics system started (again)
2019-09-26 13:14:49,485 [IPC Server Responder] INFO  ipc.Server (Server.java:run(1314)) - IPC Server Responder: starting
2019-09-26 13:14:49,485 [IPC Server listener on 37722] INFO  ipc.Server (Server.java:run(1153)) - IPC Server listener on 37722: starting
2019-09-26 13:14:49,490 [main] INFO  hdfs.DFSUtil (DFSUtil.java:httpServerTemplateForNNAndJN(1641)) - Starting Web-server for ozoneManager at: http://0.0.0.0:0
2019-09-26 13:14:49,492 [main] INFO  server.AuthenticationFilter (AuthenticationFilter.java:constructSecretProvider(240)) - Unable to initialize FileSignerSecretProvider, falling back to use random secrets.
2019-09-26 13:14:49,493 [main] WARN  http.HttpRequestLog (HttpRequestLog.java:getRequestLog(97)) - Jetty request log can only be enabled using Log4j
2019-09-26 13:14:49,496 [main] INFO  http.HttpServer2 (HttpServer2.java:addGlobalFilter(975)) - Added global filter 'safety' (class=org.apache.hadoop.http.HttpServer2$QuotingInputFilter)
2019-09-26 13:14:49,497 [main] INFO  http.HttpServer2 (HttpServer2.java:addFilter(948)) - Added filter static_user_filter (class=org.apache.hadoop.http.lib.StaticUserWebFilter$StaticUserFilter) to context ozoneManager
2019-09-26 13:14:49,497 [main] INFO  http.HttpServer2 (HttpServer2.java:addFilter(958)) - Added filter static_user_filter (class=org.apache.hadoop.http.lib.StaticUserWebFilter$StaticUserFilter) to context logs
2019-09-26 13:14:49,497 [main] INFO  http.HttpServer2 (HttpServer2.java:addFilter(958)) - Added filter static_user_filter (class=org.apache.hadoop.http.lib.StaticUserWebFilter$StaticUserFilter) to context static
2019-09-26 13:14:49,498 [main] INFO  http.HttpServer2 (HttpServer2.java:bindListener(1191)) - Jetty bound to port 40727
2019-09-26 13:14:49,499 [main] INFO  server.Server (Server.java:doStart(351)) - jetty-9.3.25.v20180904, build timestamp: 2018-09-04T21:11:46Z, git hash: 3ce520221d0240229c862b122d2b06c12a625732
2019-09-26 13:14:49,501 [main] INFO  handler.ContextHandler (ContextHandler.java:doStart(781)) - Started o.e.j.s.ServletContextHandler@7219ac49{/logs,file:///workdir/hadoop-ozone/integration-test/target/log,AVAILABLE}
2019-09-26 13:14:49,502 [main] INFO  handler.ContextHandler (ContextHandler.java:doStart(781)) - Started o.e.j.s.ServletContextHandler@551e4c6d{/static,file:///workdir/hadoop-ozone/integration-test/target/test-classes/webapps/static,AVAILABLE}
2019-09-26 13:14:49,508 [main] INFO  handler.ContextHandler (ContextHandler.java:doStart(781)) - Started o.e.j.w.WebAppContext@21a02556{/,file:///workdir/hadoop-ozone/integration-test/target/test-classes/webapps/ozoneManager/,AVAILABLE}{/ozoneManager}
2019-09-26 13:14:49,509 [main] INFO  server.AbstractConnector (AbstractConnector.java:doStart(278)) - Started ServerConnector@3c8a7e38{HTTP/1.1,[http/1.1]}{0.0.0.0:40727}
2019-09-26 13:14:49,510 [main] INFO  server.Server (Server.java:doStart(419)) - Started @56305ms
2019-09-26 13:14:49,510 [main] WARN  impl.MetricsSystemImpl (MetricsSystemImpl.java:register(276)) - Sink prometheus already exists!
2019-09-26 13:14:49,511 [main] INFO  server.BaseHttpServer (BaseHttpServer.java:updateConnectorAddress(215)) - HTTP server of OZONEMANAGER is listening at http://0.0.0.0:40727
2019-09-26 13:14:49,523 [main] INFO  impl.MetricsSystemImpl (MetricsSystemImpl.java:init(158)) - HddsDatanode metrics system started (again)
2019-09-26 13:14:49,526 [main] INFO  ozone.HddsDatanodeService (HddsDatanodeService.java:start(184)) - HddsDatanodeService host:pr-hdds-1569-87zkn-1081879488 ip:192.168.164.238
2019-09-26 13:14:49,533 [main] INFO  volume.HddsVolume (HddsVolume.java:<init>(176)) - Creating Volume: /workdir/hadoop-ozone/integration-test/target/test-dir/MiniOzoneClusterImpl-0e2f22a8-0633-4b2c-b0b3-4fc7cc6db949/datanode-0/data/containers/hdds of  storage type : DISK and capacity : 1482555576320
2019-09-26 13:14:49,534 [main] INFO  volume.VolumeSet (VolumeSet.java:initializeVolumeSet(170)) - Added Volume : /workdir/hadoop-ozone/integration-test/target/test-dir/MiniOzoneClusterImpl-0e2f22a8-0633-4b2c-b0b3-4fc7cc6db949/datanode-0/data/containers/hdds to VolumeSet
2019-09-26 13:14:49,534 [main] INFO  volume.ThrottledAsyncChecker (ThrottledAsyncChecker.java:schedule(139)) - Scheduling a check for org.apache.hadoop.ozone.container.common.volume.HddsVolume@53ed80d3
2019-09-26 13:14:49,535 [main] INFO  volume.HddsVolumeChecker (HddsVolumeChecker.java:checkAllVolumes(202)) - Scheduled health check for volume org.apache.hadoop.ozone.container.common.volume.HddsVolume@53ed80d3
2019-09-26 13:14:49,550 [main] INFO  impl.RaftServerProxy (ConfUtils.java:logGet(43)) - raft.rpc.type = GRPC (default)
2019-09-26 13:14:49,550 [main] INFO  grpc.GrpcFactory (GrpcFactory.java:checkPooledByteBufAllocatorUseCacheForAllThreads(45)) - PERFORMANCE WARNING: useCacheForAllThreads is true that may cause Netty to create a lot garbage objects and, as a result, trigger GC.
	It is recommended to disable useCacheForAllThreads by setting -Dorg.apache.ratis.thirdparty.io.netty.allocator.useCacheForAllThreads=false in command line.
2019-09-26 13:14:49,550 [main] INFO  grpc.GrpcConfigKeys$Server (ConfUtils.java:logGet(43)) - raft.grpc.server.port = 0 (default)
2019-09-26 13:14:49,551 [main] INFO  server.GrpcService (ConfUtils.java:logGet(43)) - raft.grpc.message.size.max = 33570816 (custom)
2019-09-26 13:14:49,551 [main] INFO  server.RaftServerConfigKeys (ConfUtils.java:logGet(43)) - raft.server.log.appender.buffer.byte-limit = 33554432 (custom)
2019-09-26 13:14:49,551 [main] INFO  server.GrpcService (ConfUtils.java:logGet(43)) - raft.grpc.flow.control.window = 1MB (=1048576) (default)
2019-09-26 13:14:49,551 [main] INFO  server.RaftServerConfigKeys (ConfUtils.java:logGet(43)) - raft.server.rpc.request.timeout = 3000ms (default)
2019-09-26 13:14:49,552 [main] INFO  server.RaftServerConfigKeys (ConfUtils.java:logGet(43)) - raft.server.storage.dir = [/workdir/hadoop-ozone/integration-test/target/test-dir/MiniOzoneClusterImpl-0e2f22a8-0633-4b2c-b0b3-4fc7cc6db949/datanode-0/data/ratis] (custom)
2019-09-26 13:14:49,553 [main] INFO  hdfs.DFSUtil (DFSUtil.java:httpServerTemplateForNNAndJN(1641)) - Starting Web-server for hddsDatanode at: http://0.0.0.0:0
2019-09-26 13:14:49,555 [main] INFO  server.AuthenticationFilter (AuthenticationFilter.java:constructSecretProvider(240)) - Unable to initialize FileSignerSecretProvider, falling back to use random secrets.
2019-09-26 13:14:49,555 [main] WARN  http.HttpRequestLog (HttpRequestLog.java:getRequestLog(97)) - Jetty request log can only be enabled using Log4j
2019-09-26 13:14:49,557 [main] INFO  http.HttpServer2 (HttpServer2.java:addGlobalFilter(975)) - Added global filter 'safety' (class=org.apache.hadoop.http.HttpServer2$QuotingInputFilter)
2019-09-26 13:14:49,558 [main] INFO  http.HttpServer2 (HttpServer2.java:addFilter(948)) - Added filter static_user_filter (class=org.apache.hadoop.http.lib.StaticUserWebFilter$StaticUserFilter) to context hddsDatanode
2019-09-26 13:14:49,558 [main] INFO  http.HttpServer2 (HttpServer2.java:addFilter(958)) - Added filter static_user_filter (class=org.apache.hadoop.http.lib.StaticUserWebFilter$StaticUserFilter) to context logs
2019-09-26 13:14:49,558 [main] INFO  http.HttpServer2 (HttpServer2.java:addFilter(958)) - Added filter static_user_filter (class=org.apache.hadoop.http.lib.StaticUserWebFilter$StaticUserFilter) to context static
2019-09-26 13:14:49,559 [main] INFO  http.HttpServer2 (HttpServer2.java:bindListener(1191)) - Jetty bound to port 32849
2019-09-26 13:14:49,559 [main] INFO  server.Server (Server.java:doStart(351)) - jetty-9.3.25.v20180904, build timestamp: 2018-09-04T21:11:46Z, git hash: 3ce520221d0240229c862b122d2b06c12a625732
2019-09-26 13:14:49,561 [main] INFO  handler.ContextHandler (ContextHandler.java:doStart(781)) - Started o.e.j.s.ServletContextHandler@53a84ff4{/logs,file:///workdir/hadoop-ozone/integration-test/target/log,AVAILABLE}
2019-09-26 13:14:49,562 [main] INFO  handler.ContextHandler (ContextHandler.java:doStart(781)) - Started o.e.j.s.ServletContextHandler@316acbb5{/static,jar:file:/home/user/.m2/repository/org/apache/hadoop/hadoop-hdds-container-service/0.5.0-SNAPSHOT/hadoop-hdds-container-service-0.5.0-SNAPSHOT.jar!/webapps/static,AVAILABLE}
2019-09-26 13:14:49,597 [main] INFO  handler.ContextHandler (ContextHandler.java:doStart(781)) - Started o.e.j.w.WebAppContext@4833eff3{/,file:///tmp/jetty-0.0.0.0-32849-hddsDatanode-_-any-3451940764622868000.dir/webapp/,AVAILABLE}{/hddsDatanode}
2019-09-26 13:14:49,598 [main] INFO  server.AbstractConnector (AbstractConnector.java:doStart(278)) - Started ServerConnector@4694f434{HTTP/1.1,[http/1.1]}{0.0.0.0:32849}
2019-09-26 13:14:49,599 [main] INFO  server.Server (Server.java:doStart(419)) - Started @56394ms
2019-09-26 13:14:49,599 [main] WARN  impl.MetricsSystemImpl (MetricsSystemImpl.java:register(276)) - Sink prometheus already exists!
2019-09-26 13:14:49,600 [main] INFO  server.BaseHttpServer (BaseHttpServer.java:updateConnectorAddress(215)) - HTTP server of HDDSDATANODE is listening at http://0.0.0.0:32849
2019-09-26 13:14:49,600 [main] INFO  impl.MetricsSystemImpl (MetricsSystemImpl.java:init(158)) - HddsDatanode metrics system started (again)
2019-09-26 13:14:49,603 [main] INFO  ozone.HddsDatanodeService (HddsDatanodeService.java:start(184)) - HddsDatanodeService host:pr-hdds-1569-87zkn-1081879488 ip:192.168.164.238
2019-09-26 13:14:49,603 [org.apache.hadoop.util.JvmPauseMonitor$Monitor@38ff22c] INFO  util.JvmPauseMonitor (JvmPauseMonitor.java:run(188)) - Starting JVM pause monitor
2019-09-26 13:14:49,607 [Datanode State Machine Thread - 0] INFO  datanode.InitDatanodeState (InitDatanodeState.java:persistContainerDatanodeDetails(140)) - DatanodeDetails is persisted to /workdir/hadoop-ozone/integration-test/target/test-dir/MiniOzoneClusterImpl-0e2f22a8-0633-4b2c-b0b3-4fc7cc6db949/datanode-0/meta/datanode.id
2019-09-26 13:14:49,610 [main] INFO  volume.HddsVolume (HddsVolume.java:<init>(176)) - Creating Volume: /workdir/hadoop-ozone/integration-test/target/test-dir/MiniOzoneClusterImpl-0e2f22a8-0633-4b2c-b0b3-4fc7cc6db949/datanode-1/data/containers/hdds of  storage type : DISK and capacity : 1482555576320
2019-09-26 13:14:49,610 [main] INFO  volume.VolumeSet (VolumeSet.java:initializeVolumeSet(170)) - Added Volume : /workdir/hadoop-ozone/integration-test/target/test-dir/MiniOzoneClusterImpl-0e2f22a8-0633-4b2c-b0b3-4fc7cc6db949/datanode-1/data/containers/hdds to VolumeSet
2019-09-26 13:14:49,610 [main] INFO  volume.ThrottledAsyncChecker (ThrottledAsyncChecker.java:schedule(139)) - Scheduling a check for org.apache.hadoop.ozone.container.common.volume.HddsVolume@e38f0b7
2019-09-26 13:14:49,611 [main] INFO  volume.HddsVolumeChecker (HddsVolumeChecker.java:checkAllVolumes(202)) - Scheduled health check for volume org.apache.hadoop.ozone.container.common.volume.HddsVolume@e38f0b7
2019-09-26 13:14:49,625 [main] INFO  impl.RaftServerProxy (ConfUtils.java:logGet(43)) - raft.rpc.type = GRPC (default)
2019-09-26 13:14:49,625 [main] INFO  grpc.GrpcFactory (GrpcFactory.java:checkPooledByteBufAllocatorUseCacheForAllThreads(45)) - PERFORMANCE WARNING: useCacheForAllThreads is true that may cause Netty to create a lot garbage objects and, as a result, trigger GC.
	It is recommended to disable useCacheForAllThreads by setting -Dorg.apache.ratis.thirdparty.io.netty.allocator.useCacheForAllThreads=false in command line.
2019-09-26 13:14:49,625 [main] INFO  grpc.GrpcConfigKeys$Server (ConfUtils.java:logGet(43)) - raft.grpc.server.port = 0 (default)
2019-09-26 13:14:49,626 [main] INFO  server.GrpcService (ConfUtils.java:logGet(43)) - raft.grpc.message.size.max = 33570816 (custom)
2019-09-26 13:14:49,626 [main] INFO  server.RaftServerConfigKeys (ConfUtils.java:logGet(43)) - raft.server.log.appender.buffer.byte-limit = 33554432 (custom)
2019-09-26 13:14:49,626 [main] INFO  server.GrpcService (ConfUtils.java:logGet(43)) - raft.grpc.flow.control.window = 1MB (=1048576) (default)
2019-09-26 13:14:49,626 [main] INFO  server.RaftServerConfigKeys (ConfUtils.java:logGet(43)) - raft.server.rpc.request.timeout = 3000ms (default)
2019-09-26 13:14:49,627 [main] INFO  server.RaftServerConfigKeys (ConfUtils.java:logGet(43)) - raft.server.storage.dir = [/workdir/hadoop-ozone/integration-test/target/test-dir/MiniOzoneClusterImpl-0e2f22a8-0633-4b2c-b0b3-4fc7cc6db949/datanode-1/data/ratis] (custom)
2019-09-26 13:14:49,628 [main] INFO  hdfs.DFSUtil (DFSUtil.java:httpServerTemplateForNNAndJN(1641)) - Starting Web-server for hddsDatanode at: http://0.0.0.0:0
2019-09-26 13:14:49,629 [main] INFO  server.AuthenticationFilter (AuthenticationFilter.java:constructSecretProvider(240)) - Unable to initialize FileSignerSecretProvider, falling back to use random secrets.
2019-09-26 13:14:49,630 [main] WARN  http.HttpRequestLog (HttpRequestLog.java:getRequestLog(97)) - Jetty request log can only be enabled using Log4j
2019-09-26 13:14:49,631 [main] INFO  http.HttpServer2 (HttpServer2.java:addGlobalFilter(975)) - Added global filter 'safety' (class=org.apache.hadoop.http.HttpServer2$QuotingInputFilter)
2019-09-26 13:14:49,631 [main] INFO  http.HttpServer2 (HttpServer2.java:addFilter(948)) - Added filter static_user_filter (class=org.apache.hadoop.http.lib.StaticUserWebFilter$StaticUserFilter) to context hddsDatanode
2019-09-26 13:14:49,632 [main] INFO  http.HttpServer2 (HttpServer2.java:addFilter(958)) - Added filter static_user_filter (class=org.apache.hadoop.http.lib.StaticUserWebFilter$StaticUserFilter) to context static
2019-09-26 13:14:49,632 [main] INFO  http.HttpServer2 (HttpServer2.java:addFilter(958)) - Added filter static_user_filter (class=org.apache.hadoop.http.lib.StaticUserWebFilter$StaticUserFilter) to context logs
2019-09-26 13:14:49,632 [main] INFO  http.HttpServer2 (HttpServer2.java:bindListener(1191)) - Jetty bound to port 40560
2019-09-26 13:14:49,633 [main] INFO  server.Server (Server.java:doStart(351)) - jetty-9.3.25.v20180904, build timestamp: 2018-09-04T21:11:46Z, git hash: 3ce520221d0240229c862b122d2b06c12a625732
2019-09-26 13:14:49,634 [main] INFO  handler.ContextHandler (ContextHandler.java:doStart(781)) - Started o.e.j.s.ServletContextHandler@751ae8a4{/logs,file:///workdir/hadoop-ozone/integration-test/target/log,AVAILABLE}
2019-09-26 13:14:49,635 [main] INFO  handler.ContextHandler (ContextHandler.java:doStart(781)) - Started o.e.j.s.ServletContextHandler@4232b34a{/static,jar:file:/home/user/.m2/repository/org/apache/hadoop/hadoop-hdds-container-service/0.5.0-SNAPSHOT/hadoop-hdds-container-service-0.5.0-SNAPSHOT.jar!/webapps/static,AVAILABLE}
2019-09-26 13:14:49,662 [main] INFO  handler.ContextHandler (ContextHandler.java:doStart(781)) - Started o.e.j.w.WebAppContext@31b7d869{/,file:///tmp/jetty-0.0.0.0-40560-hddsDatanode-_-any-3021015520164948426.dir/webapp/,AVAILABLE}{/hddsDatanode}
2019-09-26 13:14:49,663 [main] INFO  server.AbstractConnector (AbstractConnector.java:doStart(278)) - Started ServerConnector@6a916402{HTTP/1.1,[http/1.1]}{0.0.0.0:40560}
2019-09-26 13:14:49,664 [main] INFO  server.Server (Server.java:doStart(419)) - Started @56459ms
2019-09-26 13:14:49,664 [main] WARN  impl.MetricsSystemImpl (MetricsSystemImpl.java:register(276)) - Sink prometheus already exists!
2019-09-26 13:14:49,665 [main] INFO  server.BaseHttpServer (BaseHttpServer.java:updateConnectorAddress(215)) - HTTP server of HDDSDATANODE is listening at http://0.0.0.0:40560
2019-09-26 13:14:49,666 [main] INFO  impl.MetricsSystemImpl (MetricsSystemImpl.java:init(158)) - HddsDatanode metrics system started (again)
2019-09-26 13:14:49,670 [org.apache.hadoop.util.JvmPauseMonitor$Monitor@478dea92] INFO  util.JvmPauseMonitor (JvmPauseMonitor.java:run(188)) - Starting JVM pause monitor
2019-09-26 13:14:49,670 [main] INFO  ozone.HddsDatanodeService (HddsDatanodeService.java:start(184)) - HddsDatanodeService host:pr-hdds-1569-87zkn-1081879488 ip:192.168.164.238
2019-09-26 13:14:49,672 [Datanode State Machine Thread - 0] INFO  datanode.InitDatanodeState (InitDatanodeState.java:persistContainerDatanodeDetails(140)) - DatanodeDetails is persisted to /workdir/hadoop-ozone/integration-test/target/test-dir/MiniOzoneClusterImpl-0e2f22a8-0633-4b2c-b0b3-4fc7cc6db949/datanode-1/meta/datanode.id
2019-09-26 13:14:49,677 [main] INFO  volume.HddsVolume (HddsVolume.java:<init>(176)) - Creating Volume: /workdir/hadoop-ozone/integration-test/target/test-dir/MiniOzoneClusterImpl-0e2f22a8-0633-4b2c-b0b3-4fc7cc6db949/datanode-2/data/containers/hdds of  storage type : DISK and capacity : 1482555576320
2019-09-26 13:14:49,678 [main] INFO  volume.VolumeSet (VolumeSet.java:initializeVolumeSet(170)) - Added Volume : /workdir/hadoop-ozone/integration-test/target/test-dir/MiniOzoneClusterImpl-0e2f22a8-0633-4b2c-b0b3-4fc7cc6db949/datanode-2/data/containers/hdds to VolumeSet
2019-09-26 13:14:49,678 [main] INFO  volume.ThrottledAsyncChecker (ThrottledAsyncChecker.java:schedule(139)) - Scheduling a check for org.apache.hadoop.ozone.container.common.volume.HddsVolume@40d60f2
2019-09-26 13:14:49,679 [main] INFO  volume.HddsVolumeChecker (HddsVolumeChecker.java:checkAllVolumes(202)) - Scheduled health check for volume org.apache.hadoop.ozone.container.common.volume.HddsVolume@40d60f2
2019-09-26 13:14:49,699 [main] INFO  impl.RaftServerProxy (ConfUtils.java:logGet(43)) - raft.rpc.type = GRPC (default)
2019-09-26 13:14:49,699 [main] INFO  grpc.GrpcFactory (GrpcFactory.java:checkPooledByteBufAllocatorUseCacheForAllThreads(45)) - PERFORMANCE WARNING: useCacheForAllThreads is true that may cause Netty to create a lot garbage objects and, as a result, trigger GC.
	It is recommended to disable useCacheForAllThreads by setting -Dorg.apache.ratis.thirdparty.io.netty.allocator.useCacheForAllThreads=false in command line.
2019-09-26 13:14:49,699 [main] INFO  grpc.GrpcConfigKeys$Server (ConfUtils.java:logGet(43)) - raft.grpc.server.port = 0 (default)
2019-09-26 13:14:49,699 [main] INFO  server.GrpcService (ConfUtils.java:logGet(43)) - raft.grpc.message.size.max = 33570816 (custom)
2019-09-26 13:14:49,700 [main] INFO  server.RaftServerConfigKeys (ConfUtils.java:logGet(43)) - raft.server.log.appender.buffer.byte-limit = 33554432 (custom)
2019-09-26 13:14:49,700 [main] INFO  server.GrpcService (ConfUtils.java:logGet(43)) - raft.grpc.flow.control.window = 1MB (=1048576) (default)
2019-09-26 13:14:49,700 [main] INFO  server.RaftServerConfigKeys (ConfUtils.java:logGet(43)) - raft.server.rpc.request.timeout = 3000ms (default)
2019-09-26 13:14:49,701 [main] INFO  server.RaftServerConfigKeys (ConfUtils.java:logGet(43)) - raft.server.storage.dir = [/workdir/hadoop-ozone/integration-test/target/test-dir/MiniOzoneClusterImpl-0e2f22a8-0633-4b2c-b0b3-4fc7cc6db949/datanode-2/data/ratis] (custom)
2019-09-26 13:14:49,703 [main] INFO  hdfs.DFSUtil (DFSUtil.java:httpServerTemplateForNNAndJN(1641)) - Starting Web-server for hddsDatanode at: http://0.0.0.0:0
2019-09-26 13:14:49,705 [main] INFO  server.AuthenticationFilter (AuthenticationFilter.java:constructSecretProvider(240)) - Unable to initialize FileSignerSecretProvider, falling back to use random secrets.
2019-09-26 13:14:49,705 [main] WARN  http.HttpRequestLog (HttpRequestLog.java:getRequestLog(97)) - Jetty request log can only be enabled using Log4j
2019-09-26 13:14:49,707 [main] INFO  http.HttpServer2 (HttpServer2.java:addGlobalFilter(975)) - Added global filter 'safety' (class=org.apache.hadoop.http.HttpServer2$QuotingInputFilter)
2019-09-26 13:14:49,708 [main] INFO  http.HttpServer2 (HttpServer2.java:addFilter(948)) - Added filter static_user_filter (class=org.apache.hadoop.http.lib.StaticUserWebFilter$StaticUserFilter) to context hddsDatanode
2019-09-26 13:14:49,708 [main] INFO  http.HttpServer2 (HttpServer2.java:addFilter(958)) - Added filter static_user_filter (class=org.apache.hadoop.http.lib.StaticUserWebFilter$StaticUserFilter) to context static
2019-09-26 13:14:49,709 [main] INFO  http.HttpServer2 (HttpServer2.java:addFilter(958)) - Added filter static_user_filter (class=org.apache.hadoop.http.lib.StaticUserWebFilter$StaticUserFilter) to context logs
2019-09-26 13:14:49,709 [main] INFO  http.HttpServer2 (HttpServer2.java:bindListener(1191)) - Jetty bound to port 43058
2019-09-26 13:14:49,710 [main] INFO  server.Server (Server.java:doStart(351)) - jetty-9.3.25.v20180904, build timestamp: 2018-09-04T21:11:46Z, git hash: 3ce520221d0240229c862b122d2b06c12a625732
2019-09-26 13:14:49,712 [main] INFO  handler.ContextHandler (ContextHandler.java:doStart(781)) - Started o.e.j.s.ServletContextHandler@203d1d93{/logs,file:///workdir/hadoop-ozone/integration-test/target/log,AVAILABLE}
2019-09-26 13:14:49,713 [main] INFO  handler.ContextHandler (ContextHandler.java:doStart(781)) - Started o.e.j.s.ServletContextHandler@118dcbbd{/static,jar:file:/home/user/.m2/repository/org/apache/hadoop/hadoop-hdds-container-service/0.5.0-SNAPSHOT/hadoop-hdds-container-service-0.5.0-SNAPSHOT.jar!/webapps/static,AVAILABLE}
2019-09-26 13:14:49,748 [main] INFO  handler.ContextHandler (ContextHandler.java:doStart(781)) - Started o.e.j.w.WebAppContext@2721044{/,file:///tmp/jetty-0.0.0.0-43058-hddsDatanode-_-any-5788538724728208668.dir/webapp/,AVAILABLE}{/hddsDatanode}
2019-09-26 13:14:49,748 [main] INFO  server.AbstractConnector (AbstractConnector.java:doStart(278)) - Started ServerConnector@205df5dc{HTTP/1.1,[http/1.1]}{0.0.0.0:43058}
2019-09-26 13:14:49,750 [main] INFO  server.Server (Server.java:doStart(419)) - Started @56545ms
2019-09-26 13:14:49,750 [main] WARN  impl.MetricsSystemImpl (MetricsSystemImpl.java:register(276)) - Sink prometheus already exists!
2019-09-26 13:14:49,751 [main] INFO  server.BaseHttpServer (BaseHttpServer.java:updateConnectorAddress(215)) - HTTP server of HDDSDATANODE is listening at http://0.0.0.0:43058
2019-09-26 13:14:49,751 [main] INFO  ozone.MiniOzoneClusterImpl (MiniOzoneClusterImpl.java:lambda$waitForClusterToBeReady$0(147)) - Waiting for cluster to be ready. Got 0 of 3 DN Heartbeats.
2019-09-26 13:14:49,752 [org.apache.hadoop.util.JvmPauseMonitor$Monitor@79287345] INFO  util.JvmPauseMonitor (JvmPauseMonitor.java:run(188)) - Starting JVM pause monitor
2019-09-26 13:14:49,755 [Datanode State Machine Thread - 0] INFO  datanode.InitDatanodeState (InitDatanodeState.java:persistContainerDatanodeDetails(140)) - DatanodeDetails is persisted to /workdir/hadoop-ozone/integration-test/target/test-dir/MiniOzoneClusterImpl-0e2f22a8-0633-4b2c-b0b3-4fc7cc6db949/datanode-2/meta/datanode.id
2019-09-26 13:14:50,752 [main] INFO  ozone.MiniOzoneClusterImpl (MiniOzoneClusterImpl.java:lambda$waitForClusterToBeReady$0(147)) - Waiting for cluster to be ready. Got 0 of 3 DN Heartbeats.
2019-09-26 13:14:51,627 [Datanode State Machine Thread - 0] INFO  ozoneimpl.OzoneContainer (OzoneContainer.java:start(217)) - Attempting to start container services.
2019-09-26 13:14:51,627 [Datanode State Machine Thread - 0] INFO  ozoneimpl.OzoneContainer (OzoneContainer.java:startContainerScrub(179)) - Background container scanner has been disabled.
2019-09-26 13:14:51,627 [Datanode State Machine Thread - 0] INFO  ratis.XceiverServerRatis (XceiverServerRatis.java:start(411)) - Starting XceiverServerRatis f059e689-8059-4932-82a3-6235693dbd82 at port 0
2019-09-26 13:14:51,635 [Datanode State Machine Thread - 0] INFO  impl.RaftServerProxy (RaftServerProxy.java:lambda$start$3(299)) - f059e689-8059-4932-82a3-6235693dbd82: start RPC server
2019-09-26 13:14:51,638 [Datanode State Machine Thread - 0] INFO  server.GrpcService (GrpcService.java:startImpl(158)) - f059e689-8059-4932-82a3-6235693dbd82: GrpcService started, listening on 0.0.0.0/0.0.0.0:46474
2019-09-26 13:14:51,638 [Datanode State Machine Thread - 0] INFO  ratis.XceiverServerRatis (XceiverServerRatis.java:start(421)) - XceiverServerRatis f059e689-8059-4932-82a3-6235693dbd82 is started using port 46474
2019-09-26 13:14:51,644 [Datanode State Machine Thread - 0] INFO  server.XceiverServerGrpc (XceiverServerGrpc.java:start(149)) - XceiverServerGrpc f059e689-8059-4932-82a3-6235693dbd82 is started using port 38028
2019-09-26 13:14:51,680 [Datanode State Machine Thread - 0] INFO  ozoneimpl.OzoneContainer (OzoneContainer.java:start(217)) - Attempting to start container services.
2019-09-26 13:14:51,680 [Datanode State Machine Thread - 0] INFO  ozoneimpl.OzoneContainer (OzoneContainer.java:startContainerScrub(179)) - Background container scanner has been disabled.
2019-09-26 13:14:51,680 [Datanode State Machine Thread - 0] INFO  ratis.XceiverServerRatis (XceiverServerRatis.java:start(411)) - Starting XceiverServerRatis d322b207-7882-4642-9c83-3568d3f94364 at port 0
2019-09-26 13:14:51,687 [Datanode State Machine Thread - 0] INFO  impl.RaftServerProxy (RaftServerProxy.java:lambda$start$3(299)) - d322b207-7882-4642-9c83-3568d3f94364: start RPC server
2019-09-26 13:14:51,689 [Datanode State Machine Thread - 0] INFO  server.GrpcService (GrpcService.java:startImpl(158)) - d322b207-7882-4642-9c83-3568d3f94364: GrpcService started, listening on 0.0.0.0/0.0.0.0:46290
2019-09-26 13:14:51,690 [Datanode State Machine Thread - 0] INFO  ratis.XceiverServerRatis (XceiverServerRatis.java:start(421)) - XceiverServerRatis d322b207-7882-4642-9c83-3568d3f94364 is started using port 46290
2019-09-26 13:14:51,690 [Datanode State Machine Thread - 0] INFO  server.XceiverServerGrpc (XceiverServerGrpc.java:start(149)) - XceiverServerGrpc d322b207-7882-4642-9c83-3568d3f94364 is started using port 36854
2019-09-26 13:14:51,752 [main] INFO  ozone.MiniOzoneClusterImpl (MiniOzoneClusterImpl.java:lambda$waitForClusterToBeReady$0(147)) - Waiting for cluster to be ready. Got 0 of 3 DN Heartbeats.
2019-09-26 13:14:51,770 [Datanode State Machine Thread - 0] INFO  ozoneimpl.OzoneContainer (OzoneContainer.java:start(217)) - Attempting to start container services.
2019-09-26 13:14:51,770 [Datanode State Machine Thread - 0] INFO  ozoneimpl.OzoneContainer (OzoneContainer.java:startContainerScrub(179)) - Background container scanner has been disabled.
2019-09-26 13:14:51,770 [Datanode State Machine Thread - 0] INFO  ratis.XceiverServerRatis (XceiverServerRatis.java:start(411)) - Starting XceiverServerRatis 96923b3f-1fe6-4c59-8fb3-c24db2dce8a2 at port 0
2019-09-26 13:14:51,776 [Datanode State Machine Thread - 0] INFO  impl.RaftServerProxy (RaftServerProxy.java:lambda$start$3(299)) - 96923b3f-1fe6-4c59-8fb3-c24db2dce8a2: start RPC server
2019-09-26 13:14:51,777 [Datanode State Machine Thread - 0] INFO  server.GrpcService (GrpcService.java:startImpl(158)) - 96923b3f-1fe6-4c59-8fb3-c24db2dce8a2: GrpcService started, listening on 0.0.0.0/0.0.0.0:32830
2019-09-26 13:14:51,777 [Datanode State Machine Thread - 0] INFO  ratis.XceiverServerRatis (XceiverServerRatis.java:start(421)) - XceiverServerRatis 96923b3f-1fe6-4c59-8fb3-c24db2dce8a2 is started using port 32830
2019-09-26 13:14:51,779 [Datanode State Machine Thread - 0] INFO  server.XceiverServerGrpc (XceiverServerGrpc.java:start(149)) - XceiverServerGrpc 96923b3f-1fe6-4c59-8fb3-c24db2dce8a2 is started using port 36287
2019-09-26 13:14:52,753 [main] INFO  ozone.MiniOzoneClusterImpl (MiniOzoneClusterImpl.java:lambda$waitForClusterToBeReady$0(147)) - Waiting for cluster to be ready. Got 0 of 3 DN Heartbeats.
2019-09-26 13:14:53,611 [IPC Server handler 0 on 37847] INFO  net.NetworkTopology (NetworkTopologyImpl.java:add(111)) - Added a new node: /default-rack/f059e689-8059-4932-82a3-6235693dbd82
2019-09-26 13:14:53,612 [IPC Server handler 0 on 37847] INFO  node.SCMNodeManager (SCMNodeManager.java:register(266)) - Registered Data node : f059e689-8059-4932-82a3-6235693dbd82{ip: 192.168.164.238, host: pr-hdds-1569-87zkn-1081879488, networkLocation: /default-rack, certSerialId: null}
2019-09-26 13:14:53,613 [EventQueue-NodeRegistrationContainerReportForDataNodeSafeModeRule] INFO  safemode.SCMSafeModeManager (DataNodeSafeModeRule.java:process(71)) - SCM in safe mode. 1 DataNodes registered, 1 required.
2019-09-26 13:14:53,615 [EventQueue-NodeRegistrationContainerReportForDataNodeSafeModeRule] INFO  safemode.SCMSafeModeManager (SCMSafeModeManager.java:validateSafeModeExitRules(177)) - ScmSafeModeManager, all rules are successfully validated
2019-09-26 13:14:53,615 [EventQueue-NodeRegistrationContainerReportForDataNodeSafeModeRule] INFO  safemode.SCMSafeModeManager (SCMSafeModeManager.java:exitSafeMode(193)) - SCM exiting safe mode.
2019-09-26 13:14:53,629 [grpc-default-executor-0] INFO  impl.RaftServerProxy (RaftServerProxy.java:addNew(89)) - f059e689-8059-4932-82a3-6235693dbd82: addNew group-0BDCF2940E13:[f059e689-8059-4932-82a3-6235693dbd82:192.168.164.238:46474] returns group-0BDCF2940E13:java.util.concurrent.CompletableFuture@1e82309f[Not completed]
2019-09-26 13:14:53,631 [pool-177-thread-1] INFO  impl.RaftServerImpl (RaftServerImpl.java:<init>(95)) - f059e689-8059-4932-82a3-6235693dbd82: new RaftServerImpl for group-0BDCF2940E13:[f059e689-8059-4932-82a3-6235693dbd82:192.168.164.238:46474] with ContainerStateMachine:uninitialized
2019-09-26 13:14:53,631 [pool-177-thread-1] INFO  server.RaftServerConfigKeys (ConfUtils.java:logGet(43)) - raft.server.rpc.timeout.min = 5s (custom)
2019-09-26 13:14:53,631 [pool-177-thread-1] INFO  server.RaftServerConfigKeys (ConfUtils.java:logGet(43)) - raft.server.rpc.timeout.max = 5200ms (custom)
2019-09-26 13:14:53,631 [pool-177-thread-1] INFO  server.RaftServerConfigKeys (ConfUtils.java:logGet(43)) - raft.server.rpcslowness.timeout = 120s (custom)
2019-09-26 13:14:53,631 [pool-177-thread-1] INFO  server.RaftServerConfigKeys (ConfUtils.java:logGet(43)) - raft.server.sleep.deviation.threshold = 300 (default)
2019-09-26 13:14:53,632 [pool-177-thread-1] INFO  server.RaftServerConfigKeys (ConfUtils.java:logGet(43)) - raft.server.log.appender.install.snapshot.enabled = false (custom)
2019-09-26 13:14:53,632 [pool-177-thread-1] INFO  impl.RaftServerImpl (ServerState.java:<init>(103)) - f059e689-8059-4932-82a3-6235693dbd82@group-0BDCF2940E13: ConfigurationManager, init=-1: [f059e689-8059-4932-82a3-6235693dbd82:192.168.164.238:46474], old=null, confs=<EMPTY_MAP>
2019-09-26 13:14:53,632 [pool-177-thread-1] INFO  server.RaftServerConfigKeys (ConfUtils.java:logGet(43)) - raft.server.storage.dir = [/workdir/hadoop-ozone/integration-test/target/test-dir/MiniOzoneClusterImpl-0e2f22a8-0633-4b2c-b0b3-4fc7cc6db949/datanode-0/data/ratis] (custom)
2019-09-26 13:14:53,632 [pool-177-thread-1] INFO  storage.RaftStorageDirectory (RaftStorageDirectory.java:analyzeStorage(246)) - The storage directory /workdir/hadoop-ozone/integration-test/target/test-dir/MiniOzoneClusterImpl-0e2f22a8-0633-4b2c-b0b3-4fc7cc6db949/datanode-0/data/ratis/7f508210-1c3f-4def-aa76-0bdcf2940e13 does not exist. Creating ...
2019-09-26 13:14:53,673 [IPC Server handler 2 on 37847] INFO  net.NetworkTopology (NetworkTopologyImpl.java:add(111)) - Added a new node: /default-rack/d322b207-7882-4642-9c83-3568d3f94364
2019-09-26 13:14:53,673 [IPC Server handler 2 on 37847] INFO  node.SCMNodeManager (SCMNodeManager.java:register(266)) - Registered Data node : d322b207-7882-4642-9c83-3568d3f94364{ip: 192.168.164.238, host: pr-hdds-1569-87zkn-1081879488, networkLocation: /default-rack, certSerialId: null}
2019-09-26 13:14:53,679 [pool-177-thread-1] INFO  storage.RaftStorageDirectory (RaftStorageDirectory.java:tryLock(328)) - Lock on /workdir/hadoop-ozone/integration-test/target/test-dir/MiniOzoneClusterImpl-0e2f22a8-0633-4b2c-b0b3-4fc7cc6db949/datanode-0/data/ratis/7f508210-1c3f-4def-aa76-0bdcf2940e13/in_use.lock acquired by nodename 10026@pr-hdds-1569-87zkn-1081879488
2019-09-26 13:14:53,683 [pool-177-thread-1] INFO  storage.RaftStorage (RaftStorage.java:format(72)) - Storage directory /workdir/hadoop-ozone/integration-test/target/test-dir/MiniOzoneClusterImpl-0e2f22a8-0633-4b2c-b0b3-4fc7cc6db949/datanode-0/data/ratis/7f508210-1c3f-4def-aa76-0bdcf2940e13 has been successfully formatted.
2019-09-26 13:14:53,683 [pool-177-thread-1] INFO  ratis.ContainerStateMachine (ContainerStateMachine.java:loadSnapshot(230)) - group-0BDCF2940E13: The snapshot info is null. Setting the last applied indexto:(t:0, i:~)
2019-09-26 13:14:53,683 [pool-177-thread-1] INFO  server.RaftServerConfigKeys (ConfUtils.java:logGet(43)) - raft.server.notification.no-leader.timeout = 120s (custom)
2019-09-26 13:14:53,684 [pool-177-thread-1] INFO  server.RaftServerConfigKeys (ConfUtils.java:logGet(43)) - raft.server.log.use.memory = false (default)
2019-09-26 13:14:53,684 [pool-177-thread-1] INFO  server.RaftServerConfigKeys (ConfUtils.java:logGet(43)) - raft.server.log.purge.gap = 1000000 (custom)
2019-09-26 13:14:53,684 [pool-177-thread-1] INFO  server.RaftServerConfigKeys (ConfUtils.java:logGet(43)) - raft.server.log.appender.buffer.byte-limit = 33554432 (custom)
2019-09-26 13:14:53,684 [pool-177-thread-1] INFO  server.RaftServerConfigKeys (ConfUtils.java:logGet(43)) - raft.server.log.segment.size.max = 1048576 (custom)
2019-09-26 13:14:53,684 [pool-177-thread-1] INFO  server.RaftServerConfigKeys (ConfUtils.java:logGet(43)) - raft.server.log.segment.cache.num.max = 2 (custom)
2019-09-26 13:14:53,684 [pool-177-thread-1] INFO  segmented.SegmentedRaftLogWorker (SegmentedRaftLogWorker.java:<init>(172)) - new f059e689-8059-4932-82a3-6235693dbd82@group-0BDCF2940E13-SegmentedRaftLogWorker for RaftStorage:Storage Directory /workdir/hadoop-ozone/integration-test/target/test-dir/MiniOzoneClusterImpl-0e2f22a8-0633-4b2c-b0b3-4fc7cc6db949/datanode-0/data/ratis/7f508210-1c3f-4def-aa76-0bdcf2940e13
2019-09-26 13:14:53,686 [pool-177-thread-1] INFO  server.RaftServerConfigKeys (ConfUtils.java:logGet(43)) - raft.server.log.queue.byte-limit = 2147483647 (custom)
2019-09-26 13:14:53,686 [pool-177-thread-1] INFO  server.RaftServerConfigKeys (ConfUtils.java:logGet(43)) - raft.server.log.queue.element-limit = 1024 (custom)
2019-09-26 13:14:53,687 [pool-177-thread-1] INFO  server.RaftServerConfigKeys (ConfUtils.java:logGet(43)) - raft.server.log.segment.size.max = 1048576 (custom)
2019-09-26 13:14:53,687 [pool-177-thread-1] INFO  server.RaftServerConfigKeys (ConfUtils.java:logGet(43)) - raft.server.log.preallocated.size = 16384 (custom)
2019-09-26 13:14:53,687 [pool-177-thread-1] INFO  server.RaftServerConfigKeys (ConfUtils.java:logGet(43)) - raft.server.log.write.buffer.size = 33554432 (custom)
2019-09-26 13:14:53,687 [pool-177-thread-1] INFO  server.RaftServerConfigKeys (ConfUtils.java:logGet(43)) - raft.server.log.force.sync.num = 128 (default)
2019-09-26 13:14:53,687 [pool-177-thread-1] INFO  server.RaftServerConfigKeys (ConfUtils.java:logGet(43)) - raft.server.log.statemachine.data.sync = true (default)
2019-09-26 13:14:53,687 [pool-177-thread-1] INFO  server.RaftServerConfigKeys (ConfUtils.java:logGet(43)) - raft.server.log.statemachine.data.sync.timeout = 10s (default)
2019-09-26 13:14:53,687 [pool-177-thread-1] INFO  server.RaftServerConfigKeys (ConfUtils.java:logGet(43)) - raft.server.log.statemachine.data.sync.timeout.retry = -1 (default)
2019-09-26 13:14:53,688 [pool-177-thread-1] INFO  server.RaftServerConfigKeys (ConfUtils.java:logGet(43)) - raft.server.log.statemachine.data.caching.enabled = true (custom)
2019-09-26 13:14:53,688 [pool-177-thread-1] INFO  segmented.SegmentedRaftLogWorker (SegmentedRaftLogWorker.java:lambda$new$0(132)) - f059e689-8059-4932-82a3-6235693dbd82@group-0BDCF2940E13-SegmentedRaftLogWorker: flushIndex: setUnconditionally 0 -> -1
2019-09-26 13:14:53,688 [pool-177-thread-1] INFO  server.RaftServerConfigKeys (ConfUtils.java:logGet(43)) - raft.server.snapshot.auto.trigger.enabled = true (custom)
2019-09-26 13:14:53,689 [pool-177-thread-1] INFO  server.RaftServerConfigKeys (ConfUtils.java:logGet(43)) - raft.server.snapshot.auto.trigger.threshold = 10000 (custom)
2019-09-26 13:14:53,689 [pool-177-thread-1] INFO  server.RaftServerConfigKeys (ConfUtils.java:logGet(43)) - raft.server.snapshot.retention.num.files = 5 (custom)
2019-09-26 13:14:53,689 [pool-177-thread-1] INFO  server.RaftServerConfigKeys (ConfUtils.java:logGet(43)) - raft.server.retrycache.expirytime = 600000ms (custom)
2019-09-26 13:14:53,691 [pool-177-thread-1] INFO  impl.RaftServerImpl (RaftServerImpl.java:start(185)) - f059e689-8059-4932-82a3-6235693dbd82@group-0BDCF2940E13: start as a follower, conf=-1: [f059e689-8059-4932-82a3-6235693dbd82:192.168.164.238:46474], old=null
2019-09-26 13:14:53,691 [pool-177-thread-1] INFO  impl.RaftServerImpl (RaftServerImpl.java:setRole(174)) - f059e689-8059-4932-82a3-6235693dbd82@group-0BDCF2940E13: changes role from      null to FOLLOWER at term 0 for startAsFollower
2019-09-26 13:14:53,691 [pool-177-thread-1] INFO  impl.RoleInfo (RoleInfo.java:updateAndGet(143)) - f059e689-8059-4932-82a3-6235693dbd82: start FollowerState
2019-09-26 13:14:53,691 [pool-177-thread-1] INFO  util.JmxRegister (JmxRegister.java:tryRegister(44)) - Successfully registered JMX Bean with object name Ratis:service=RaftServer,group=group-0BDCF2940E13,id=f059e689-8059-4932-82a3-6235693dbd82
2019-09-26 13:14:53,713 [RatisPipelineUtilsThread] INFO  pipeline.PipelineStateManager (PipelineStateManager.java:addPipeline(56)) - Created pipeline Pipeline[ Id: 7f508210-1c3f-4def-aa76-0bdcf2940e13, Nodes: f059e689-8059-4932-82a3-6235693dbd82{ip: 192.168.164.238, host: pr-hdds-1569-87zkn-1081879488, networkLocation: /default-rack, certSerialId: null}, Type:RATIS, Factor:ONE, State:OPEN]
2019-09-26 13:14:53,723 [grpc-default-executor-0] INFO  impl.RaftServerProxy (RaftServerProxy.java:addNew(89)) - d322b207-7882-4642-9c83-3568d3f94364: addNew group-BB51646A0D40:[d322b207-7882-4642-9c83-3568d3f94364:192.168.164.238:46290] returns group-BB51646A0D40:java.util.concurrent.CompletableFuture@71241fa3[Not completed]
2019-09-26 13:14:53,724 [pool-187-thread-1] INFO  impl.RaftServerImpl (RaftServerImpl.java:<init>(95)) - d322b207-7882-4642-9c83-3568d3f94364: new RaftServerImpl for group-BB51646A0D40:[d322b207-7882-4642-9c83-3568d3f94364:192.168.164.238:46290] with ContainerStateMachine:uninitialized
2019-09-26 13:14:53,725 [pool-187-thread-1] INFO  server.RaftServerConfigKeys (ConfUtils.java:logGet(43)) - raft.server.rpc.timeout.min = 5s (custom)
2019-09-26 13:14:53,725 [pool-187-thread-1] INFO  server.RaftServerConfigKeys (ConfUtils.java:logGet(43)) - raft.server.rpc.timeout.max = 5200ms (custom)
2019-09-26 13:14:53,725 [pool-187-thread-1] INFO  server.RaftServerConfigKeys (ConfUtils.java:logGet(43)) - raft.server.rpcslowness.timeout = 120s (custom)
2019-09-26 13:14:53,725 [pool-187-thread-1] INFO  server.RaftServerConfigKeys (ConfUtils.java:logGet(43)) - raft.server.sleep.deviation.threshold = 300 (default)
2019-09-26 13:14:53,726 [pool-187-thread-1] INFO  server.RaftServerConfigKeys (ConfUtils.java:logGet(43)) - raft.server.log.appender.install.snapshot.enabled = false (custom)
2019-09-26 13:14:53,726 [pool-187-thread-1] INFO  impl.RaftServerImpl (ServerState.java:<init>(103)) - d322b207-7882-4642-9c83-3568d3f94364@group-BB51646A0D40: ConfigurationManager, init=-1: [d322b207-7882-4642-9c83-3568d3f94364:192.168.164.238:46290], old=null, confs=<EMPTY_MAP>
2019-09-26 13:14:53,726 [pool-187-thread-1] INFO  server.RaftServerConfigKeys (ConfUtils.java:logGet(43)) - raft.server.storage.dir = [/workdir/hadoop-ozone/integration-test/target/test-dir/MiniOzoneClusterImpl-0e2f22a8-0633-4b2c-b0b3-4fc7cc6db949/datanode-1/data/ratis] (custom)
2019-09-26 13:14:53,727 [pool-187-thread-1] INFO  storage.RaftStorageDirectory (RaftStorageDirectory.java:analyzeStorage(246)) - The storage directory /workdir/hadoop-ozone/integration-test/target/test-dir/MiniOzoneClusterImpl-0e2f22a8-0633-4b2c-b0b3-4fc7cc6db949/datanode-1/data/ratis/f5131ab7-247b-4a3c-b146-bb51646a0d40 does not exist. Creating ...
2019-09-26 13:14:53,740 [pool-187-thread-1] INFO  storage.RaftStorageDirectory (RaftStorageDirectory.java:tryLock(328)) - Lock on /workdir/hadoop-ozone/integration-test/target/test-dir/MiniOzoneClusterImpl-0e2f22a8-0633-4b2c-b0b3-4fc7cc6db949/datanode-1/data/ratis/f5131ab7-247b-4a3c-b146-bb51646a0d40/in_use.lock acquired by nodename 10026@pr-hdds-1569-87zkn-1081879488
2019-09-26 13:14:53,753 [pool-187-thread-1] INFO  storage.RaftStorage (RaftStorage.java:format(72)) - Storage directory /workdir/hadoop-ozone/integration-test/target/test-dir/MiniOzoneClusterImpl-0e2f22a8-0633-4b2c-b0b3-4fc7cc6db949/datanode-1/data/ratis/f5131ab7-247b-4a3c-b146-bb51646a0d40 has been successfully formatted.
2019-09-26 13:14:53,753 [pool-187-thread-1] INFO  ratis.ContainerStateMachine (ContainerStateMachine.java:loadSnapshot(230)) - group-BB51646A0D40: The snapshot info is null. Setting the last applied indexto:(t:0, i:~)
2019-09-26 13:14:53,753 [main] INFO  ozone.MiniOzoneClusterImpl (MiniOzoneClusterImpl.java:lambda$waitForClusterToBeReady$0(147)) - Waiting for cluster to be ready. Got 2 of 3 DN Heartbeats.
2019-09-26 13:14:53,753 [pool-187-thread-1] INFO  server.RaftServerConfigKeys (ConfUtils.java:logGet(43)) - raft.server.notification.no-leader.timeout = 120s (custom)
2019-09-26 13:14:53,754 [pool-187-thread-1] INFO  server.RaftServerConfigKeys (ConfUtils.java:logGet(43)) - raft.server.log.use.memory = false (default)
2019-09-26 13:14:53,754 [pool-187-thread-1] INFO  server.RaftServerConfigKeys (ConfUtils.java:logGet(43)) - raft.server.log.purge.gap = 1000000 (custom)
2019-09-26 13:14:53,757 [pool-187-thread-1] INFO  server.RaftServerConfigKeys (ConfUtils.java:logGet(43)) - raft.server.log.appender.buffer.byte-limit = 33554432 (custom)
2019-09-26 13:14:53,757 [pool-187-thread-1] INFO  server.RaftServerConfigKeys (ConfUtils.java:logGet(43)) - raft.server.log.segment.size.max = 1048576 (custom)
2019-09-26 13:14:53,757 [pool-187-thread-1] INFO  server.RaftServerConfigKeys (ConfUtils.java:logGet(43)) - raft.server.log.segment.cache.num.max = 2 (custom)
2019-09-26 13:14:53,757 [pool-187-thread-1] INFO  segmented.SegmentedRaftLogWorker (SegmentedRaftLogWorker.java:<init>(172)) - new d322b207-7882-4642-9c83-3568d3f94364@group-BB51646A0D40-SegmentedRaftLogWorker for RaftStorage:Storage Directory /workdir/hadoop-ozone/integration-test/target/test-dir/MiniOzoneClusterImpl-0e2f22a8-0633-4b2c-b0b3-4fc7cc6db949/datanode-1/data/ratis/f5131ab7-247b-4a3c-b146-bb51646a0d40
2019-09-26 13:14:53,757 [IPC Server handler 1 on 37847] INFO  net.NetworkTopology (NetworkTopologyImpl.java:add(111)) - Added a new node: /default-rack/96923b3f-1fe6-4c59-8fb3-c24db2dce8a2
2019-09-26 13:14:53,758 [IPC Server handler 1 on 37847] INFO  node.SCMNodeManager (SCMNodeManager.java:register(266)) - Registered Data node : 96923b3f-1fe6-4c59-8fb3-c24db2dce8a2{ip: 192.168.164.238, host: pr-hdds-1569-87zkn-1081879488, networkLocation: /default-rack, certSerialId: null}
2019-09-26 13:14:53,759 [pool-187-thread-1] INFO  server.RaftServerConfigKeys (ConfUtils.java:logGet(43)) - raft.server.log.queue.byte-limit = 2147483647 (custom)
2019-09-26 13:14:53,759 [pool-187-thread-1] INFO  server.RaftServerConfigKeys (ConfUtils.java:logGet(43)) - raft.server.log.queue.element-limit = 1024 (custom)
2019-09-26 13:14:53,760 [pool-187-thread-1] INFO  server.RaftServerConfigKeys (ConfUtils.java:logGet(43)) - raft.server.log.segment.size.max = 1048576 (custom)
2019-09-26 13:14:53,760 [pool-187-thread-1] INFO  server.RaftServerConfigKeys (ConfUtils.java:logGet(43)) - raft.server.log.preallocated.size = 16384 (custom)
2019-09-26 13:14:53,760 [pool-187-thread-1] INFO  server.RaftServerConfigKeys (ConfUtils.java:logGet(43)) - raft.server.log.write.buffer.size = 33554432 (custom)
2019-09-26 13:14:53,760 [pool-187-thread-1] INFO  server.RaftServerConfigKeys (ConfUtils.java:logGet(43)) - raft.server.log.force.sync.num = 128 (default)
2019-09-26 13:14:53,760 [pool-187-thread-1] INFO  server.RaftServerConfigKeys (ConfUtils.java:logGet(43)) - raft.server.log.statemachine.data.sync = true (default)
2019-09-26 13:14:53,760 [pool-187-thread-1] INFO  server.RaftServerConfigKeys (ConfUtils.java:logGet(43)) - raft.server.log.statemachine.data.sync.timeout = 10s (default)
2019-09-26 13:14:53,761 [pool-187-thread-1] INFO  server.RaftServerConfigKeys (ConfUtils.java:logGet(43)) - raft.server.log.statemachine.data.sync.timeout.retry = -1 (default)
2019-09-26 13:14:53,761 [pool-187-thread-1] INFO  server.RaftServerConfigKeys (ConfUtils.java:logGet(43)) - raft.server.log.statemachine.data.caching.enabled = true (custom)
2019-09-26 13:14:53,761 [pool-187-thread-1] INFO  segmented.SegmentedRaftLogWorker (SegmentedRaftLogWorker.java:lambda$new$0(132)) - d322b207-7882-4642-9c83-3568d3f94364@group-BB51646A0D40-SegmentedRaftLogWorker: flushIndex: setUnconditionally 0 -> -1
2019-09-26 13:14:53,762 [pool-187-thread-1] INFO  server.RaftServerConfigKeys (ConfUtils.java:logGet(43)) - raft.server.snapshot.auto.trigger.enabled = true (custom)
2019-09-26 13:14:53,762 [pool-187-thread-1] INFO  server.RaftServerConfigKeys (ConfUtils.java:logGet(43)) - raft.server.snapshot.auto.trigger.threshold = 10000 (custom)
2019-09-26 13:14:53,762 [pool-187-thread-1] INFO  server.RaftServerConfigKeys (ConfUtils.java:logGet(43)) - raft.server.snapshot.retention.num.files = 5 (custom)
2019-09-26 13:14:53,762 [pool-187-thread-1] INFO  server.RaftServerConfigKeys (ConfUtils.java:logGet(43)) - raft.server.retrycache.expirytime = 600000ms (custom)
2019-09-26 13:14:53,764 [pool-187-thread-1] INFO  impl.RaftServerImpl (RaftServerImpl.java:start(185)) - d322b207-7882-4642-9c83-3568d3f94364@group-BB51646A0D40: start as a follower, conf=-1: [d322b207-7882-4642-9c83-3568d3f94364:192.168.164.238:46290], old=null
2019-09-26 13:14:53,764 [pool-187-thread-1] INFO  impl.RaftServerImpl (RaftServerImpl.java:setRole(174)) - d322b207-7882-4642-9c83-3568d3f94364@group-BB51646A0D40: changes role from      null to FOLLOWER at term 0 for startAsFollower
2019-09-26 13:14:53,764 [pool-187-thread-1] INFO  impl.RoleInfo (RoleInfo.java:updateAndGet(143)) - d322b207-7882-4642-9c83-3568d3f94364: start FollowerState
2019-09-26 13:14:53,765 [pool-187-thread-1] INFO  util.JmxRegister (JmxRegister.java:tryRegister(44)) - Successfully registered JMX Bean with object name Ratis:service=RaftServer,group=group-BB51646A0D40,id=d322b207-7882-4642-9c83-3568d3f94364
2019-09-26 13:14:53,768 [RatisPipelineUtilsThread] INFO  pipeline.PipelineStateManager (PipelineStateManager.java:addPipeline(56)) - Created pipeline Pipeline[ Id: f5131ab7-247b-4a3c-b146-bb51646a0d40, Nodes: d322b207-7882-4642-9c83-3568d3f94364{ip: 192.168.164.238, host: pr-hdds-1569-87zkn-1081879488, networkLocation: /default-rack, certSerialId: null}, Type:RATIS, Factor:ONE, State:OPEN]
2019-09-26 13:14:53,774 [grpc-default-executor-0] INFO  impl.RaftServerProxy (RaftServerProxy.java:addNew(89)) - f059e689-8059-4932-82a3-6235693dbd82: addNew group-099F1A8C1455:[f059e689-8059-4932-82a3-6235693dbd82:192.168.164.238:46474] returns group-099F1A8C1455:java.util.concurrent.CompletableFuture@26ba258d[Not completed]
2019-09-26 13:14:53,777 [pool-177-thread-1] INFO  impl.RaftServerImpl (RaftServerImpl.java:<init>(95)) - f059e689-8059-4932-82a3-6235693dbd82: new RaftServerImpl for group-099F1A8C1455:[f059e689-8059-4932-82a3-6235693dbd82:192.168.164.238:46474] with ContainerStateMachine:uninitialized
2019-09-26 13:14:53,777 [pool-177-thread-1] INFO  server.RaftServerConfigKeys (ConfUtils.java:logGet(43)) - raft.server.rpc.timeout.min = 5s (custom)
2019-09-26 13:14:53,777 [pool-177-thread-1] INFO  server.RaftServerConfigKeys (ConfUtils.java:logGet(43)) - raft.server.rpc.timeout.max = 5200ms (custom)
2019-09-26 13:14:53,777 [pool-177-thread-1] INFO  server.RaftServerConfigKeys (ConfUtils.java:logGet(43)) - raft.server.rpcslowness.timeout = 120s (custom)
2019-09-26 13:14:53,778 [pool-177-thread-1] INFO  server.RaftServerConfigKeys (ConfUtils.java:logGet(43)) - raft.server.sleep.deviation.threshold = 300 (default)
2019-09-26 13:14:53,778 [pool-177-thread-1] INFO  server.RaftServerConfigKeys (ConfUtils.java:logGet(43)) - raft.server.log.appender.install.snapshot.enabled = false (custom)
2019-09-26 13:14:53,778 [pool-177-thread-1] INFO  impl.RaftServerImpl (ServerState.java:<init>(103)) - f059e689-8059-4932-82a3-6235693dbd82@group-099F1A8C1455: ConfigurationManager, init=-1: [f059e689-8059-4932-82a3-6235693dbd82:192.168.164.238:46474], old=null, confs=<EMPTY_MAP>
2019-09-26 13:14:53,778 [pool-177-thread-1] INFO  server.RaftServerConfigKeys (ConfUtils.java:logGet(43)) - raft.server.storage.dir = [/workdir/hadoop-ozone/integration-test/target/test-dir/MiniOzoneClusterImpl-0e2f22a8-0633-4b2c-b0b3-4fc7cc6db949/datanode-0/data/ratis] (custom)
2019-09-26 13:14:53,779 [pool-177-thread-1] INFO  storage.RaftStorageDirectory (RaftStorageDirectory.java:analyzeStorage(246)) - The storage directory /workdir/hadoop-ozone/integration-test/target/test-dir/MiniOzoneClusterImpl-0e2f22a8-0633-4b2c-b0b3-4fc7cc6db949/datanode-0/data/ratis/7dae5f53-c43f-4e0e-a610-099f1a8c1455 does not exist. Creating ...
2019-09-26 13:14:53,792 [pool-177-thread-1] INFO  storage.RaftStorageDirectory (RaftStorageDirectory.java:tryLock(328)) - Lock on /workdir/hadoop-ozone/integration-test/target/test-dir/MiniOzoneClusterImpl-0e2f22a8-0633-4b2c-b0b3-4fc7cc6db949/datanode-0/data/ratis/7dae5f53-c43f-4e0e-a610-099f1a8c1455/in_use.lock acquired by nodename 10026@pr-hdds-1569-87zkn-1081879488
2019-09-26 13:14:53,804 [pool-177-thread-1] INFO  storage.RaftStorage (RaftStorage.java:format(72)) - Storage directory /workdir/hadoop-ozone/integration-test/target/test-dir/MiniOzoneClusterImpl-0e2f22a8-0633-4b2c-b0b3-4fc7cc6db949/datanode-0/data/ratis/7dae5f53-c43f-4e0e-a610-099f1a8c1455 has been successfully formatted.
2019-09-26 13:14:53,805 [pool-177-thread-1] INFO  ratis.ContainerStateMachine (ContainerStateMachine.java:loadSnapshot(230)) - group-099F1A8C1455: The snapshot info is null. Setting the last applied indexto:(t:0, i:~)
2019-09-26 13:14:53,805 [pool-177-thread-1] INFO  server.RaftServerConfigKeys (ConfUtils.java:logGet(43)) - raft.server.notification.no-leader.timeout = 120s (custom)
2019-09-26 13:14:53,805 [pool-177-thread-1] INFO  server.RaftServerConfigKeys (ConfUtils.java:logGet(43)) - raft.server.log.use.memory = false (default)
2019-09-26 13:14:53,805 [pool-177-thread-1] INFO  server.RaftServerConfigKeys (ConfUtils.java:logGet(43)) - raft.server.log.purge.gap = 1000000 (custom)
2019-09-26 13:14:53,805 [pool-177-thread-1] INFO  server.RaftServerConfigKeys (ConfUtils.java:logGet(43)) - raft.server.log.appender.buffer.byte-limit = 33554432 (custom)
2019-09-26 13:14:53,806 [pool-177-thread-1] INFO  server.RaftServerConfigKeys (ConfUtils.java:logGet(43)) - raft.server.log.segment.size.max = 1048576 (custom)
2019-09-26 13:14:53,806 [pool-177-thread-1] INFO  server.RaftServerConfigKeys (ConfUtils.java:logGet(43)) - raft.server.log.segment.cache.num.max = 2 (custom)
2019-09-26 13:14:53,806 [pool-177-thread-1] INFO  segmented.SegmentedRaftLogWorker (SegmentedRaftLogWorker.java:<init>(172)) - new f059e689-8059-4932-82a3-6235693dbd82@group-099F1A8C1455-SegmentedRaftLogWorker for RaftStorage:Storage Directory /workdir/hadoop-ozone/integration-test/target/test-dir/MiniOzoneClusterImpl-0e2f22a8-0633-4b2c-b0b3-4fc7cc6db949/datanode-0/data/ratis/7dae5f53-c43f-4e0e-a610-099f1a8c1455
2019-09-26 13:14:53,806 [pool-177-thread-1] INFO  server.RaftServerConfigKeys (ConfUtils.java:logGet(43)) - raft.server.log.queue.byte-limit = 2147483647 (custom)
2019-09-26 13:14:53,806 [pool-177-thread-1] INFO  server.RaftServerConfigKeys (ConfUtils.java:logGet(43)) - raft.server.log.queue.element-limit = 1024 (custom)
2019-09-26 13:14:53,806 [pool-177-thread-1] INFO  server.RaftServerConfigKeys (ConfUtils.java:logGet(43)) - raft.server.log.segment.size.max = 1048576 (custom)
2019-09-26 13:14:53,806 [pool-177-thread-1] INFO  server.RaftServerConfigKeys (ConfUtils.java:logGet(43)) - raft.server.log.preallocated.size = 16384 (custom)
2019-09-26 13:14:53,806 [pool-177-thread-1] INFO  server.RaftServerConfigKeys (ConfUtils.java:logGet(43)) - raft.server.log.write.buffer.size = 33554432 (custom)
2019-09-26 13:14:53,807 [pool-177-thread-1] INFO  server.RaftServerConfigKeys (ConfUtils.java:logGet(43)) - raft.server.log.force.sync.num = 128 (default)
2019-09-26 13:14:53,807 [pool-177-thread-1] INFO  server.RaftServerConfigKeys (ConfUtils.java:logGet(43)) - raft.server.log.statemachine.data.sync = true (default)
2019-09-26 13:14:53,807 [pool-177-thread-1] INFO  server.RaftServerConfigKeys (ConfUtils.java:logGet(43)) - raft.server.log.statemachine.data.sync.timeout = 10s (default)
2019-09-26 13:14:53,807 [pool-177-thread-1] INFO  server.RaftServerConfigKeys (ConfUtils.java:logGet(43)) - raft.server.log.statemachine.data.sync.timeout.retry = -1 (default)
2019-09-26 13:14:53,807 [pool-177-thread-1] INFO  server.RaftServerConfigKeys (ConfUtils.java:logGet(43)) - raft.server.log.statemachine.data.caching.enabled = true (custom)
2019-09-26 13:14:53,807 [pool-177-thread-1] INFO  segmented.SegmentedRaftLogWorker (SegmentedRaftLogWorker.java:lambda$new$0(132)) - f059e689-8059-4932-82a3-6235693dbd82@group-099F1A8C1455-SegmentedRaftLogWorker: flushIndex: setUnconditionally 0 -> -1
2019-09-26 13:14:53,808 [pool-177-thread-1] INFO  server.RaftServerConfigKeys (ConfUtils.java:logGet(43)) - raft.server.snapshot.auto.trigger.enabled = true (custom)
2019-09-26 13:14:53,808 [pool-177-thread-1] INFO  server.RaftServerConfigKeys (ConfUtils.java:logGet(43)) - raft.server.snapshot.auto.trigger.threshold = 10000 (custom)
2019-09-26 13:14:53,808 [pool-177-thread-1] INFO  server.RaftServerConfigKeys (ConfUtils.java:logGet(43)) - raft.server.snapshot.retention.num.files = 5 (custom)
2019-09-26 13:14:53,808 [pool-177-thread-1] INFO  server.RaftServerConfigKeys (ConfUtils.java:logGet(43)) - raft.server.retrycache.expirytime = 600000ms (custom)
2019-09-26 13:14:53,810 [pool-177-thread-1] INFO  impl.RaftServerImpl (RaftServerImpl.java:start(185)) - f059e689-8059-4932-82a3-6235693dbd82@group-099F1A8C1455: start as a follower, conf=-1: [f059e689-8059-4932-82a3-6235693dbd82:192.168.164.238:46474], old=null
2019-09-26 13:14:53,810 [pool-177-thread-1] INFO  impl.RaftServerImpl (RaftServerImpl.java:setRole(174)) - f059e689-8059-4932-82a3-6235693dbd82@group-099F1A8C1455: changes role from      null to FOLLOWER at term 0 for startAsFollower
2019-09-26 13:14:53,810 [pool-177-thread-1] INFO  impl.RoleInfo (RoleInfo.java:updateAndGet(143)) - f059e689-8059-4932-82a3-6235693dbd82: start FollowerState
2019-09-26 13:14:53,810 [pool-177-thread-1] INFO  util.JmxRegister (JmxRegister.java:tryRegister(44)) - Successfully registered JMX Bean with object name Ratis:service=RaftServer,group=group-099F1A8C1455,id=f059e689-8059-4932-82a3-6235693dbd82
2019-09-26 13:14:53,814 [RatisPipelineUtilsThread] INFO  pipeline.PipelineStateManager (PipelineStateManager.java:addPipeline(56)) - Created pipeline Pipeline[ Id: 7dae5f53-c43f-4e0e-a610-099f1a8c1455, Nodes: f059e689-8059-4932-82a3-6235693dbd82{ip: 192.168.164.238, host: pr-hdds-1569-87zkn-1081879488, networkLocation: /default-rack, certSerialId: null}, Type:RATIS, Factor:ONE, State:OPEN]
2019-09-26 13:14:53,823 [grpc-default-executor-0] INFO  impl.RaftServerProxy (RaftServerProxy.java:addNew(89)) - 96923b3f-1fe6-4c59-8fb3-c24db2dce8a2: addNew group-B8E86F474D25:[96923b3f-1fe6-4c59-8fb3-c24db2dce8a2:192.168.164.238:32830] returns group-B8E86F474D25:java.util.concurrent.CompletableFuture@7ae3d5cc[Not completed]
2019-09-26 13:14:53,824 [pool-197-thread-1] INFO  impl.RaftServerImpl (RaftServerImpl.java:<init>(95)) - 96923b3f-1fe6-4c59-8fb3-c24db2dce8a2: new RaftServerImpl for group-B8E86F474D25:[96923b3f-1fe6-4c59-8fb3-c24db2dce8a2:192.168.164.238:32830] with ContainerStateMachine:uninitialized
2019-09-26 13:14:53,824 [pool-197-thread-1] INFO  server.RaftServerConfigKeys (ConfUtils.java:logGet(43)) - raft.server.rpc.timeout.min = 5s (custom)
2019-09-26 13:14:53,825 [pool-197-thread-1] INFO  server.RaftServerConfigKeys (ConfUtils.java:logGet(43)) - raft.server.rpc.timeout.max = 5200ms (custom)
2019-09-26 13:14:53,825 [pool-197-thread-1] INFO  server.RaftServerConfigKeys (ConfUtils.java:logGet(43)) - raft.server.rpcslowness.timeout = 120s (custom)
2019-09-26 13:14:53,825 [pool-197-thread-1] INFO  server.RaftServerConfigKeys (ConfUtils.java:logGet(43)) - raft.server.sleep.deviation.threshold = 300 (default)
2019-09-26 13:14:53,825 [pool-197-thread-1] INFO  server.RaftServerConfigKeys (ConfUtils.java:logGet(43)) - raft.server.log.appender.install.snapshot.enabled = false (custom)
2019-09-26 13:14:53,825 [pool-197-thread-1] INFO  impl.RaftServerImpl (ServerState.java:<init>(103)) - 96923b3f-1fe6-4c59-8fb3-c24db2dce8a2@group-B8E86F474D25: ConfigurationManager, init=-1: [96923b3f-1fe6-4c59-8fb3-c24db2dce8a2:192.168.164.238:32830], old=null, confs=<EMPTY_MAP>
2019-09-26 13:14:53,825 [pool-197-thread-1] INFO  server.RaftServerConfigKeys (ConfUtils.java:logGet(43)) - raft.server.storage.dir = [/workdir/hadoop-ozone/integration-test/target/test-dir/MiniOzoneClusterImpl-0e2f22a8-0633-4b2c-b0b3-4fc7cc6db949/datanode-2/data/ratis] (custom)
2019-09-26 13:14:53,826 [pool-197-thread-1] INFO  storage.RaftStorageDirectory (RaftStorageDirectory.java:analyzeStorage(246)) - The storage directory /workdir/hadoop-ozone/integration-test/target/test-dir/MiniOzoneClusterImpl-0e2f22a8-0633-4b2c-b0b3-4fc7cc6db949/datanode-2/data/ratis/550d855a-0cd6-4754-8dcf-b8e86f474d25 does not exist. Creating ...
2019-09-26 13:14:53,839 [pool-197-thread-1] INFO  storage.RaftStorageDirectory (RaftStorageDirectory.java:tryLock(328)) - Lock on /workdir/hadoop-ozone/integration-test/target/test-dir/MiniOzoneClusterImpl-0e2f22a8-0633-4b2c-b0b3-4fc7cc6db949/datanode-2/data/ratis/550d855a-0cd6-4754-8dcf-b8e86f474d25/in_use.lock acquired by nodename 10026@pr-hdds-1569-87zkn-1081879488
2019-09-26 13:14:53,851 [pool-197-thread-1] INFO  storage.RaftStorage (RaftStorage.java:format(72)) - Storage directory /workdir/hadoop-ozone/integration-test/target/test-dir/MiniOzoneClusterImpl-0e2f22a8-0633-4b2c-b0b3-4fc7cc6db949/datanode-2/data/ratis/550d855a-0cd6-4754-8dcf-b8e86f474d25 has been successfully formatted.
2019-09-26 13:14:53,852 [pool-197-thread-1] INFO  ratis.ContainerStateMachine (ContainerStateMachine.java:loadSnapshot(230)) - group-B8E86F474D25: The snapshot info is null. Setting the last applied indexto:(t:0, i:~)
2019-09-26 13:14:53,852 [pool-197-thread-1] INFO  server.RaftServerConfigKeys (ConfUtils.java:logGet(43)) - raft.server.notification.no-leader.timeout = 120s (custom)
2019-09-26 13:14:53,852 [pool-197-thread-1] INFO  server.RaftServerConfigKeys (ConfUtils.java:logGet(43)) - raft.server.log.use.memory = false (default)
2019-09-26 13:14:53,852 [pool-197-thread-1] INFO  server.RaftServerConfigKeys (ConfUtils.java:logGet(43)) - raft.server.log.purge.gap = 1000000 (custom)
2019-09-26 13:14:53,852 [pool-197-thread-1] INFO  server.RaftServerConfigKeys (ConfUtils.java:logGet(43)) - raft.server.log.appender.buffer.byte-limit = 33554432 (custom)
2019-09-26 13:14:53,852 [pool-197-thread-1] INFO  server.RaftServerConfigKeys (ConfUtils.java:logGet(43)) - raft.server.log.segment.size.max = 1048576 (custom)
2019-09-26 13:14:53,852 [pool-197-thread-1] INFO  server.RaftServerConfigKeys (ConfUtils.java:logGet(43)) - raft.server.log.segment.cache.num.max = 2 (custom)
2019-09-26 13:14:53,852 [pool-197-thread-1] INFO  segmented.SegmentedRaftLogWorker (SegmentedRaftLogWorker.java:<init>(172)) - new 96923b3f-1fe6-4c59-8fb3-c24db2dce8a2@group-B8E86F474D25-SegmentedRaftLogWorker for RaftStorage:Storage Directory /workdir/hadoop-ozone/integration-test/target/test-dir/MiniOzoneClusterImpl-0e2f22a8-0633-4b2c-b0b3-4fc7cc6db949/datanode-2/data/ratis/550d855a-0cd6-4754-8dcf-b8e86f474d25
2019-09-26 13:14:53,854 [pool-197-thread-1] INFO  server.RaftServerConfigKeys (ConfUtils.java:logGet(43)) - raft.server.log.queue.byte-limit = 2147483647 (custom)
2019-09-26 13:14:53,854 [pool-197-thread-1] INFO  server.RaftServerConfigKeys (ConfUtils.java:logGet(43)) - raft.server.log.queue.element-limit = 1024 (custom)
2019-09-26 13:14:53,854 [pool-197-thread-1] INFO  server.RaftServerConfigKeys (ConfUtils.java:logGet(43)) - raft.server.log.segment.size.max = 1048576 (custom)
2019-09-26 13:14:53,854 [pool-197-thread-1] INFO  server.RaftServerConfigKeys (ConfUtils.java:logGet(43)) - raft.server.log.preallocated.size = 16384 (custom)
2019-09-26 13:14:53,854 [pool-197-thread-1] INFO  server.RaftServerConfigKeys (ConfUtils.java:logGet(43)) - raft.server.log.write.buffer.size = 33554432 (custom)
2019-09-26 13:14:53,854 [pool-197-thread-1] INFO  server.RaftServerConfigKeys (ConfUtils.java:logGet(43)) - raft.server.log.force.sync.num = 128 (default)
2019-09-26 13:14:53,854 [pool-197-thread-1] INFO  server.RaftServerConfigKeys (ConfUtils.java:logGet(43)) - raft.server.log.statemachine.data.sync = true (default)
2019-09-26 13:14:53,854 [pool-197-thread-1] INFO  server.RaftServerConfigKeys (ConfUtils.java:logGet(43)) - raft.server.log.statemachine.data.sync.timeout = 10s (default)
2019-09-26 13:14:53,854 [pool-197-thread-1] INFO  server.RaftServerConfigKeys (ConfUtils.java:logGet(43)) - raft.server.log.statemachine.data.sync.timeout.retry = -1 (default)
2019-09-26 13:14:53,855 [pool-197-thread-1] INFO  server.RaftServerConfigKeys (ConfUtils.java:logGet(43)) - raft.server.log.statemachine.data.caching.enabled = true (custom)
2019-09-26 13:14:53,855 [pool-197-thread-1] INFO  segmented.SegmentedRaftLogWorker (SegmentedRaftLogWorker.java:lambda$new$0(132)) - 96923b3f-1fe6-4c59-8fb3-c24db2dce8a2@group-B8E86F474D25-SegmentedRaftLogWorker: flushIndex: setUnconditionally 0 -> -1
2019-09-26 13:14:53,855 [pool-197-thread-1] INFO  server.RaftServerConfigKeys (ConfUtils.java:logGet(43)) - raft.server.snapshot.auto.trigger.enabled = true (custom)
2019-09-26 13:14:53,855 [pool-197-thread-1] INFO  server.RaftServerConfigKeys (ConfUtils.java:logGet(43)) - raft.server.snapshot.auto.trigger.threshold = 10000 (custom)
2019-09-26 13:14:53,855 [pool-197-thread-1] INFO  server.RaftServerConfigKeys (ConfUtils.java:logGet(43)) - raft.server.snapshot.retention.num.files = 5 (custom)
2019-09-26 13:14:53,855 [pool-197-thread-1] INFO  server.RaftServerConfigKeys (ConfUtils.java:logGet(43)) - raft.server.retrycache.expirytime = 600000ms (custom)
2019-09-26 13:14:53,857 [pool-197-thread-1] INFO  impl.RaftServerImpl (RaftServerImpl.java:start(185)) - 96923b3f-1fe6-4c59-8fb3-c24db2dce8a2@group-B8E86F474D25: start as a follower, conf=-1: [96923b3f-1fe6-4c59-8fb3-c24db2dce8a2:192.168.164.238:32830], old=null
2019-09-26 13:14:53,857 [pool-197-thread-1] INFO  impl.RaftServerImpl (RaftServerImpl.java:setRole(174)) - 96923b3f-1fe6-4c59-8fb3-c24db2dce8a2@group-B8E86F474D25: changes role from      null to FOLLOWER at term 0 for startAsFollower
2019-09-26 13:14:53,857 [pool-197-thread-1] INFO  impl.RoleInfo (RoleInfo.java:updateAndGet(143)) - 96923b3f-1fe6-4c59-8fb3-c24db2dce8a2: start FollowerState
2019-09-26 13:14:53,857 [pool-197-thread-1] INFO  util.JmxRegister (JmxRegister.java:tryRegister(44)) - Successfully registered JMX Bean with object name Ratis:service=RaftServer,group=group-B8E86F474D25,id=96923b3f-1fe6-4c59-8fb3-c24db2dce8a2
2019-09-26 13:14:53,860 [RatisPipelineUtilsThread] INFO  pipeline.PipelineStateManager (PipelineStateManager.java:addPipeline(56)) - Created pipeline Pipeline[ Id: 550d855a-0cd6-4754-8dcf-b8e86f474d25, Nodes: 96923b3f-1fe6-4c59-8fb3-c24db2dce8a2{ip: 192.168.164.238, host: pr-hdds-1569-87zkn-1081879488, networkLocation: /default-rack, certSerialId: null}, Type:RATIS, Factor:ONE, State:OPEN]
2019-09-26 13:14:53,866 [grpc-default-executor-0] INFO  impl.RaftServerProxy (RaftServerProxy.java:addNew(89)) - 96923b3f-1fe6-4c59-8fb3-c24db2dce8a2: addNew group-AC5B0A99D85C:[96923b3f-1fe6-4c59-8fb3-c24db2dce8a2:192.168.164.238:32830] returns group-AC5B0A99D85C:java.util.concurrent.CompletableFuture@723b7b1b[Not completed]
2019-09-26 13:14:53,867 [pool-197-thread-1] INFO  impl.RaftServerImpl (RaftServerImpl.java:<init>(95)) - 96923b3f-1fe6-4c59-8fb3-c24db2dce8a2: new RaftServerImpl for group-AC5B0A99D85C:[96923b3f-1fe6-4c59-8fb3-c24db2dce8a2:192.168.164.238:32830] with ContainerStateMachine:uninitialized
2019-09-26 13:14:53,867 [pool-197-thread-1] INFO  server.RaftServerConfigKeys (ConfUtils.java:logGet(43)) - raft.server.rpc.timeout.min = 5s (custom)
2019-09-26 13:14:53,867 [pool-197-thread-1] INFO  server.RaftServerConfigKeys (ConfUtils.java:logGet(43)) - raft.server.rpc.timeout.max = 5200ms (custom)
2019-09-26 13:14:53,867 [pool-197-thread-1] INFO  server.RaftServerConfigKeys (ConfUtils.java:logGet(43)) - raft.server.rpcslowness.timeout = 120s (custom)
2019-09-26 13:14:53,867 [pool-197-thread-1] INFO  server.RaftServerConfigKeys (ConfUtils.java:logGet(43)) - raft.server.sleep.deviation.threshold = 300 (default)
2019-09-26 13:14:53,868 [pool-197-thread-1] INFO  server.RaftServerConfigKeys (ConfUtils.java:logGet(43)) - raft.server.log.appender.install.snapshot.enabled = false (custom)
2019-09-26 13:14:53,868 [pool-197-thread-1] INFO  impl.RaftServerImpl (ServerState.java:<init>(103)) - 96923b3f-1fe6-4c59-8fb3-c24db2dce8a2@group-AC5B0A99D85C: ConfigurationManager, init=-1: [96923b3f-1fe6-4c59-8fb3-c24db2dce8a2:192.168.164.238:32830], old=null, confs=<EMPTY_MAP>
2019-09-26 13:14:53,868 [pool-197-thread-1] INFO  server.RaftServerConfigKeys (ConfUtils.java:logGet(43)) - raft.server.storage.dir = [/workdir/hadoop-ozone/integration-test/target/test-dir/MiniOzoneClusterImpl-0e2f22a8-0633-4b2c-b0b3-4fc7cc6db949/datanode-2/data/ratis] (custom)
2019-09-26 13:14:53,868 [pool-197-thread-1] INFO  storage.RaftStorageDirectory (RaftStorageDirectory.java:analyzeStorage(246)) - The storage directory /workdir/hadoop-ozone/integration-test/target/test-dir/MiniOzoneClusterImpl-0e2f22a8-0633-4b2c-b0b3-4fc7cc6db949/datanode-2/data/ratis/1585d096-ee10-4d42-ac60-ac5b0a99d85c does not exist. Creating ...
2019-09-26 13:14:53,881 [pool-197-thread-1] INFO  storage.RaftStorageDirectory (RaftStorageDirectory.java:tryLock(328)) - Lock on /workdir/hadoop-ozone/integration-test/target/test-dir/MiniOzoneClusterImpl-0e2f22a8-0633-4b2c-b0b3-4fc7cc6db949/datanode-2/data/ratis/1585d096-ee10-4d42-ac60-ac5b0a99d85c/in_use.lock acquired by nodename 10026@pr-hdds-1569-87zkn-1081879488
2019-09-26 13:14:53,893 [pool-197-thread-1] INFO  storage.RaftStorage (RaftStorage.java:format(72)) - Storage directory /workdir/hadoop-ozone/integration-test/target/test-dir/MiniOzoneClusterImpl-0e2f22a8-0633-4b2c-b0b3-4fc7cc6db949/datanode-2/data/ratis/1585d096-ee10-4d42-ac60-ac5b0a99d85c has been successfully formatted.
2019-09-26 13:14:53,894 [pool-197-thread-1] INFO  ratis.ContainerStateMachine (ContainerStateMachine.java:loadSnapshot(230)) - group-AC5B0A99D85C: The snapshot info is null. Setting the last applied indexto:(t:0, i:~)
2019-09-26 13:14:53,894 [pool-197-thread-1] INFO  server.RaftServerConfigKeys (ConfUtils.java:logGet(43)) - raft.server.notification.no-leader.timeout = 120s (custom)
2019-09-26 13:14:53,894 [pool-197-thread-1] INFO  server.RaftServerConfigKeys (ConfUtils.java:logGet(43)) - raft.server.log.use.memory = false (default)
2019-09-26 13:14:53,894 [pool-197-thread-1] INFO  server.RaftServerConfigKeys (ConfUtils.java:logGet(43)) - raft.server.log.purge.gap = 1000000 (custom)
2019-09-26 13:14:53,894 [pool-197-thread-1] INFO  server.RaftServerConfigKeys (ConfUtils.java:logGet(43)) - raft.server.log.appender.buffer.byte-limit = 33554432 (custom)
2019-09-26 13:14:53,894 [pool-197-thread-1] INFO  server.RaftServerConfigKeys (ConfUtils.java:logGet(43)) - raft.server.log.segment.size.max = 1048576 (custom)
2019-09-26 13:14:53,894 [pool-197-thread-1] INFO  server.RaftServerConfigKeys (ConfUtils.java:logGet(43)) - raft.server.log.segment.cache.num.max = 2 (custom)
2019-09-26 13:14:53,895 [pool-197-thread-1] INFO  segmented.SegmentedRaftLogWorker (SegmentedRaftLogWorker.java:<init>(172)) - new 96923b3f-1fe6-4c59-8fb3-c24db2dce8a2@group-AC5B0A99D85C-SegmentedRaftLogWorker for RaftStorage:Storage Directory /workdir/hadoop-ozone/integration-test/target/test-dir/MiniOzoneClusterImpl-0e2f22a8-0633-4b2c-b0b3-4fc7cc6db949/datanode-2/data/ratis/1585d096-ee10-4d42-ac60-ac5b0a99d85c
2019-09-26 13:14:53,895 [pool-197-thread-1] INFO  server.RaftServerConfigKeys (ConfUtils.java:logGet(43)) - raft.server.log.queue.byte-limit = 2147483647 (custom)
2019-09-26 13:14:53,895 [pool-197-thread-1] INFO  server.RaftServerConfigKeys (ConfUtils.java:logGet(43)) - raft.server.log.queue.element-limit = 1024 (custom)
2019-09-26 13:14:53,895 [pool-197-thread-1] INFO  server.RaftServerConfigKeys (ConfUtils.java:logGet(43)) - raft.server.log.segment.size.max = 1048576 (custom)
2019-09-26 13:14:53,895 [pool-197-thread-1] INFO  server.RaftServerConfigKeys (ConfUtils.java:logGet(43)) - raft.server.log.preallocated.size = 16384 (custom)
2019-09-26 13:14:53,895 [pool-197-thread-1] INFO  server.RaftServerConfigKeys (ConfUtils.java:logGet(43)) - raft.server.log.write.buffer.size = 33554432 (custom)
2019-09-26 13:14:53,895 [pool-197-thread-1] INFO  server.RaftServerConfigKeys (ConfUtils.java:logGet(43)) - raft.server.log.force.sync.num = 128 (default)
2019-09-26 13:14:53,895 [pool-197-thread-1] INFO  server.RaftServerConfigKeys (ConfUtils.java:logGet(43)) - raft.server.log.statemachine.data.sync = true (default)
2019-09-26 13:14:53,895 [pool-197-thread-1] INFO  server.RaftServerConfigKeys (ConfUtils.java:logGet(43)) - raft.server.log.statemachine.data.sync.timeout = 10s (default)
2019-09-26 13:14:53,895 [pool-197-thread-1] INFO  server.RaftServerConfigKeys (ConfUtils.java:logGet(43)) - raft.server.log.statemachine.data.sync.timeout.retry = -1 (default)
2019-09-26 13:14:53,896 [pool-197-thread-1] INFO  server.RaftServerConfigKeys (ConfUtils.java:logGet(43)) - raft.server.log.statemachine.data.caching.enabled = true (custom)
2019-09-26 13:14:53,896 [pool-197-thread-1] INFO  segmented.SegmentedRaftLogWorker (SegmentedRaftLogWorker.java:lambda$new$0(132)) - 96923b3f-1fe6-4c59-8fb3-c24db2dce8a2@group-AC5B0A99D85C-SegmentedRaftLogWorker: flushIndex: setUnconditionally 0 -> -1
2019-09-26 13:14:53,896 [pool-197-thread-1] INFO  server.RaftServerConfigKeys (ConfUtils.java:logGet(43)) - raft.server.snapshot.auto.trigger.enabled = true (custom)
2019-09-26 13:14:53,896 [pool-197-thread-1] INFO  server.RaftServerConfigKeys (ConfUtils.java:logGet(43)) - raft.server.snapshot.auto.trigger.threshold = 10000 (custom)
2019-09-26 13:14:53,896 [pool-197-thread-1] INFO  server.RaftServerConfigKeys (ConfUtils.java:logGet(43)) - raft.server.snapshot.retention.num.files = 5 (custom)
2019-09-26 13:14:53,896 [pool-197-thread-1] INFO  server.RaftServerConfigKeys (ConfUtils.java:logGet(43)) - raft.server.retrycache.expirytime = 600000ms (custom)
2019-09-26 13:14:53,898 [pool-197-thread-1] INFO  impl.RaftServerImpl (RaftServerImpl.java:start(185)) - 96923b3f-1fe6-4c59-8fb3-c24db2dce8a2@group-AC5B0A99D85C: start as a follower, conf=-1: [96923b3f-1fe6-4c59-8fb3-c24db2dce8a2:192.168.164.238:32830], old=null
2019-09-26 13:14:53,898 [pool-197-thread-1] INFO  impl.RaftServerImpl (RaftServerImpl.java:setRole(174)) - 96923b3f-1fe6-4c59-8fb3-c24db2dce8a2@group-AC5B0A99D85C: changes role from      null to FOLLOWER at term 0 for startAsFollower
2019-09-26 13:14:53,898 [pool-197-thread-1] INFO  impl.RoleInfo (RoleInfo.java:updateAndGet(143)) - 96923b3f-1fe6-4c59-8fb3-c24db2dce8a2: start FollowerState
2019-09-26 13:14:53,898 [pool-197-thread-1] INFO  util.JmxRegister (JmxRegister.java:tryRegister(44)) - Successfully registered JMX Bean with object name Ratis:service=RaftServer,group=group-AC5B0A99D85C,id=96923b3f-1fe6-4c59-8fb3-c24db2dce8a2
2019-09-26 13:14:53,902 [RatisPipelineUtilsThread] INFO  pipeline.PipelineStateManager (PipelineStateManager.java:addPipeline(56)) - Created pipeline Pipeline[ Id: 1585d096-ee10-4d42-ac60-ac5b0a99d85c, Nodes: 96923b3f-1fe6-4c59-8fb3-c24db2dce8a2{ip: 192.168.164.238, host: pr-hdds-1569-87zkn-1081879488, networkLocation: /default-rack, certSerialId: null}, Type:RATIS, Factor:ONE, State:OPEN]
2019-09-26 13:14:53,908 [grpc-default-executor-0] INFO  impl.RaftServerProxy (RaftServerProxy.java:addNew(89)) - f059e689-8059-4932-82a3-6235693dbd82: addNew group-4DF1CBCBF88C:[f059e689-8059-4932-82a3-6235693dbd82:192.168.164.238:46474] returns group-4DF1CBCBF88C:java.util.concurrent.CompletableFuture@7efaf294[Not completed]
2019-09-26 13:14:53,909 [pool-177-thread-1] INFO  impl.RaftServerImpl (RaftServerImpl.java:<init>(95)) - f059e689-8059-4932-82a3-6235693dbd82: new RaftServerImpl for group-4DF1CBCBF88C:[f059e689-8059-4932-82a3-6235693dbd82:192.168.164.238:46474] with ContainerStateMachine:uninitialized
2019-09-26 13:14:53,909 [pool-177-thread-1] INFO  server.RaftServerConfigKeys (ConfUtils.java:logGet(43)) - raft.server.rpc.timeout.min = 5s (custom)
2019-09-26 13:14:53,909 [pool-177-thread-1] INFO  server.RaftServerConfigKeys (ConfUtils.java:logGet(43)) - raft.server.rpc.timeout.max = 5200ms (custom)
2019-09-26 13:14:53,910 [pool-177-thread-1] INFO  server.RaftServerConfigKeys (ConfUtils.java:logGet(43)) - raft.server.rpcslowness.timeout = 120s (custom)
2019-09-26 13:14:53,910 [pool-177-thread-1] INFO  server.RaftServerConfigKeys (ConfUtils.java:logGet(43)) - raft.server.sleep.deviation.threshold = 300 (default)
2019-09-26 13:14:53,910 [pool-177-thread-1] INFO  server.RaftServerConfigKeys (ConfUtils.java:logGet(43)) - raft.server.log.appender.install.snapshot.enabled = false (custom)
2019-09-26 13:14:53,910 [pool-177-thread-1] INFO  impl.RaftServerImpl (ServerState.java:<init>(103)) - f059e689-8059-4932-82a3-6235693dbd82@group-4DF1CBCBF88C: ConfigurationManager, init=-1: [f059e689-8059-4932-82a3-6235693dbd82:192.168.164.238:46474], old=null, confs=<EMPTY_MAP>
2019-09-26 13:14:53,910 [pool-177-thread-1] INFO  server.RaftServerConfigKeys (ConfUtils.java:logGet(43)) - raft.server.storage.dir = [/workdir/hadoop-ozone/integration-test/target/test-dir/MiniOzoneClusterImpl-0e2f22a8-0633-4b2c-b0b3-4fc7cc6db949/datanode-0/data/ratis] (custom)
2019-09-26 13:14:53,910 [pool-177-thread-1] INFO  storage.RaftStorageDirectory (RaftStorageDirectory.java:analyzeStorage(246)) - The storage directory /workdir/hadoop-ozone/integration-test/target/test-dir/MiniOzoneClusterImpl-0e2f22a8-0633-4b2c-b0b3-4fc7cc6db949/datanode-0/data/ratis/2e973b90-dae7-41e6-b00f-4df1cbcbf88c does not exist. Creating ...
2019-09-26 13:14:53,923 [pool-177-thread-1] INFO  storage.RaftStorageDirectory (RaftStorageDirectory.java:tryLock(328)) - Lock on /workdir/hadoop-ozone/integration-test/target/test-dir/MiniOzoneClusterImpl-0e2f22a8-0633-4b2c-b0b3-4fc7cc6db949/datanode-0/data/ratis/2e973b90-dae7-41e6-b00f-4df1cbcbf88c/in_use.lock acquired by nodename 10026@pr-hdds-1569-87zkn-1081879488
2019-09-26 13:14:53,926 [pool-177-thread-1] INFO  storage.RaftStorage (RaftStorage.java:format(72)) - Storage directory /workdir/hadoop-ozone/integration-test/target/test-dir/MiniOzoneClusterImpl-0e2f22a8-0633-4b2c-b0b3-4fc7cc6db949/datanode-0/data/ratis/2e973b90-dae7-41e6-b00f-4df1cbcbf88c has been successfully formatted.
2019-09-26 13:14:53,926 [pool-177-thread-1] INFO  ratis.ContainerStateMachine (ContainerStateMachine.java:loadSnapshot(230)) - group-4DF1CBCBF88C: The snapshot info is null. Setting the last applied indexto:(t:0, i:~)
2019-09-26 13:14:53,926 [pool-177-thread-1] INFO  server.RaftServerConfigKeys (ConfUtils.java:logGet(43)) - raft.server.notification.no-leader.timeout = 120s (custom)
2019-09-26 13:14:53,926 [pool-177-thread-1] INFO  server.RaftServerConfigKeys (ConfUtils.java:logGet(43)) - raft.server.log.use.memory = false (default)
2019-09-26 13:14:53,926 [pool-177-thread-1] INFO  server.RaftServerConfigKeys (ConfUtils.java:logGet(43)) - raft.server.log.purge.gap = 1000000 (custom)
2019-09-26 13:14:53,926 [pool-177-thread-1] INFO  server.RaftServerConfigKeys (ConfUtils.java:logGet(43)) - raft.server.log.appender.buffer.byte-limit = 33554432 (custom)
2019-09-26 13:14:53,926 [pool-177-thread-1] INFO  server.RaftServerConfigKeys (ConfUtils.java:logGet(43)) - raft.server.log.segment.size.max = 1048576 (custom)
2019-09-26 13:14:53,926 [pool-177-thread-1] INFO  server.RaftServerConfigKeys (ConfUtils.java:logGet(43)) - raft.server.log.segment.cache.num.max = 2 (custom)
2019-09-26 13:14:53,927 [pool-177-thread-1] INFO  segmented.SegmentedRaftLogWorker (SegmentedRaftLogWorker.java:<init>(172)) - new f059e689-8059-4932-82a3-6235693dbd82@group-4DF1CBCBF88C-SegmentedRaftLogWorker for RaftStorage:Storage Directory /workdir/hadoop-ozone/integration-test/target/test-dir/MiniOzoneClusterImpl-0e2f22a8-0633-4b2c-b0b3-4fc7cc6db949/datanode-0/data/ratis/2e973b90-dae7-41e6-b00f-4df1cbcbf88c
2019-09-26 13:14:53,927 [pool-177-thread-1] INFO  server.RaftServerConfigKeys (ConfUtils.java:logGet(43)) - raft.server.log.queue.byte-limit = 2147483647 (custom)
2019-09-26 13:14:53,927 [pool-177-thread-1] INFO  server.RaftServerConfigKeys (ConfUtils.java:logGet(43)) - raft.server.log.queue.element-limit = 1024 (custom)
2019-09-26 13:14:53,927 [pool-177-thread-1] INFO  server.RaftServerConfigKeys (ConfUtils.java:logGet(43)) - raft.server.log.segment.size.max = 1048576 (custom)
2019-09-26 13:14:53,927 [pool-177-thread-1] INFO  server.RaftServerConfigKeys (ConfUtils.java:logGet(43)) - raft.server.log.preallocated.size = 16384 (custom)
2019-09-26 13:14:53,927 [pool-177-thread-1] INFO  server.RaftServerConfigKeys (ConfUtils.java:logGet(43)) - raft.server.log.write.buffer.size = 33554432 (custom)
2019-09-26 13:14:53,927 [pool-177-thread-1] INFO  server.RaftServerConfigKeys (ConfUtils.java:logGet(43)) - raft.server.log.force.sync.num = 128 (default)
2019-09-26 13:14:53,927 [pool-177-thread-1] INFO  server.RaftServerConfigKeys (ConfUtils.java:logGet(43)) - raft.server.log.statemachine.data.sync = true (default)
2019-09-26 13:14:53,927 [pool-177-thread-1] INFO  server.RaftServerConfigKeys (ConfUtils.java:logGet(43)) - raft.server.log.statemachine.data.sync.timeout = 10s (default)
2019-09-26 13:14:53,927 [pool-177-thread-1] INFO  server.RaftServerConfigKeys (ConfUtils.java:logGet(43)) - raft.server.log.statemachine.data.sync.timeout.retry = -1 (default)
2019-09-26 13:14:53,928 [pool-177-thread-1] INFO  server.RaftServerConfigKeys (ConfUtils.java:logGet(43)) - raft.server.log.statemachine.data.caching.enabled = true (custom)
2019-09-26 13:14:53,928 [pool-177-thread-1] INFO  segmented.SegmentedRaftLogWorker (SegmentedRaftLogWorker.java:lambda$new$0(132)) - f059e689-8059-4932-82a3-6235693dbd82@group-4DF1CBCBF88C-SegmentedRaftLogWorker: flushIndex: setUnconditionally 0 -> -1
2019-09-26 13:14:53,928 [pool-177-thread-1] INFO  server.RaftServerConfigKeys (ConfUtils.java:logGet(43)) - raft.server.snapshot.auto.trigger.enabled = true (custom)
2019-09-26 13:14:53,928 [pool-177-thread-1] INFO  server.RaftServerConfigKeys (ConfUtils.java:logGet(43)) - raft.server.snapshot.auto.trigger.threshold = 10000 (custom)
2019-09-26 13:14:53,928 [pool-177-thread-1] INFO  server.RaftServerConfigKeys (ConfUtils.java:logGet(43)) - raft.server.snapshot.retention.num.files = 5 (custom)
2019-09-26 13:14:53,928 [pool-177-thread-1] INFO  server.RaftServerConfigKeys (ConfUtils.java:logGet(43)) - raft.server.retrycache.expirytime = 600000ms (custom)
2019-09-26 13:14:53,930 [pool-177-thread-1] INFO  impl.RaftServerImpl (RaftServerImpl.java:start(185)) - f059e689-8059-4932-82a3-6235693dbd82@group-4DF1CBCBF88C: start as a follower, conf=-1: [f059e689-8059-4932-82a3-6235693dbd82:192.168.164.238:46474], old=null
2019-09-26 13:14:53,930 [pool-177-thread-1] INFO  impl.RaftServerImpl (RaftServerImpl.java:setRole(174)) - f059e689-8059-4932-82a3-6235693dbd82@group-4DF1CBCBF88C: changes role from      null to FOLLOWER at term 0 for startAsFollower
2019-09-26 13:14:53,930 [pool-177-thread-1] INFO  impl.RoleInfo (RoleInfo.java:updateAndGet(143)) - f059e689-8059-4932-82a3-6235693dbd82: start FollowerState
2019-09-26 13:14:53,930 [pool-177-thread-1] INFO  util.JmxRegister (JmxRegister.java:tryRegister(44)) - Successfully registered JMX Bean with object name Ratis:service=RaftServer,group=group-4DF1CBCBF88C,id=f059e689-8059-4932-82a3-6235693dbd82
2019-09-26 13:14:53,933 [RatisPipelineUtilsThread] INFO  pipeline.PipelineStateManager (PipelineStateManager.java:addPipeline(56)) - Created pipeline Pipeline[ Id: 2e973b90-dae7-41e6-b00f-4df1cbcbf88c, Nodes: f059e689-8059-4932-82a3-6235693dbd82{ip: 192.168.164.238, host: pr-hdds-1569-87zkn-1081879488, networkLocation: /default-rack, certSerialId: null}, Type:RATIS, Factor:ONE, State:OPEN]
2019-09-26 13:14:53,939 [grpc-default-executor-0] INFO  impl.RaftServerProxy (RaftServerProxy.java:addNew(89)) - f059e689-8059-4932-82a3-6235693dbd82: addNew group-42B2305F2E43:[f059e689-8059-4932-82a3-6235693dbd82:192.168.164.238:46474] returns group-42B2305F2E43:java.util.concurrent.CompletableFuture@4a25b84f[Not completed]
2019-09-26 13:14:53,940 [pool-177-thread-1] INFO  impl.RaftServerImpl (RaftServerImpl.java:<init>(95)) - f059e689-8059-4932-82a3-6235693dbd82: new RaftServerImpl for group-42B2305F2E43:[f059e689-8059-4932-82a3-6235693dbd82:192.168.164.238:46474] with ContainerStateMachine:uninitialized
2019-09-26 13:14:53,940 [pool-177-thread-1] INFO  server.RaftServerConfigKeys (ConfUtils.java:logGet(43)) - raft.server.rpc.timeout.min = 5s (custom)
2019-09-26 13:14:53,940 [pool-177-thread-1] INFO  server.RaftServerConfigKeys (ConfUtils.java:logGet(43)) - raft.server.rpc.timeout.max = 5200ms (custom)
2019-09-26 13:14:53,940 [pool-177-thread-1] INFO  server.RaftServerConfigKeys (ConfUtils.java:logGet(43)) - raft.server.rpcslowness.timeout = 120s (custom)
2019-09-26 13:14:53,940 [pool-177-thread-1] INFO  server.RaftServerConfigKeys (ConfUtils.java:logGet(43)) - raft.server.sleep.deviation.threshold = 300 (default)
2019-09-26 13:14:53,940 [pool-177-thread-1] INFO  server.RaftServerConfigKeys (ConfUtils.java:logGet(43)) - raft.server.log.appender.install.snapshot.enabled = false (custom)
2019-09-26 13:14:53,940 [pool-177-thread-1] INFO  impl.RaftServerImpl (ServerState.java:<init>(103)) - f059e689-8059-4932-82a3-6235693dbd82@group-42B2305F2E43: ConfigurationManager, init=-1: [f059e689-8059-4932-82a3-6235693dbd82:192.168.164.238:46474], old=null, confs=<EMPTY_MAP>
2019-09-26 13:14:53,940 [pool-177-thread-1] INFO  server.RaftServerConfigKeys (ConfUtils.java:logGet(43)) - raft.server.storage.dir = [/workdir/hadoop-ozone/integration-test/target/test-dir/MiniOzoneClusterImpl-0e2f22a8-0633-4b2c-b0b3-4fc7cc6db949/datanode-0/data/ratis] (custom)
2019-09-26 13:14:53,941 [pool-177-thread-1] INFO  storage.RaftStorageDirectory (RaftStorageDirectory.java:analyzeStorage(246)) - The storage directory /workdir/hadoop-ozone/integration-test/target/test-dir/MiniOzoneClusterImpl-0e2f22a8-0633-4b2c-b0b3-4fc7cc6db949/datanode-0/data/ratis/1b698c7f-5a23-4084-ae25-42b2305f2e43 does not exist. Creating ...
2019-09-26 13:14:53,944 [pool-177-thread-1] INFO  storage.RaftStorageDirectory (RaftStorageDirectory.java:tryLock(328)) - Lock on /workdir/hadoop-ozone/integration-test/target/test-dir/MiniOzoneClusterImpl-0e2f22a8-0633-4b2c-b0b3-4fc7cc6db949/datanode-0/data/ratis/1b698c7f-5a23-4084-ae25-42b2305f2e43/in_use.lock acquired by nodename 10026@pr-hdds-1569-87zkn-1081879488
2019-09-26 13:14:53,947 [pool-177-thread-1] INFO  storage.RaftStorage (RaftStorage.java:format(72)) - Storage directory /workdir/hadoop-ozone/integration-test/target/test-dir/MiniOzoneClusterImpl-0e2f22a8-0633-4b2c-b0b3-4fc7cc6db949/datanode-0/data/ratis/1b698c7f-5a23-4084-ae25-42b2305f2e43 has been successfully formatted.
2019-09-26 13:14:53,948 [pool-177-thread-1] INFO  ratis.ContainerStateMachine (ContainerStateMachine.java:loadSnapshot(230)) - group-42B2305F2E43: The snapshot info is null. Setting the last applied indexto:(t:0, i:~)
2019-09-26 13:14:53,948 [pool-177-thread-1] INFO  server.RaftServerConfigKeys (ConfUtils.java:logGet(43)) - raft.server.notification.no-leader.timeout = 120s (custom)
2019-09-26 13:14:53,948 [pool-177-thread-1] INFO  server.RaftServerConfigKeys (ConfUtils.java:logGet(43)) - raft.server.log.use.memory = false (default)
2019-09-26 13:14:53,948 [pool-177-thread-1] INFO  server.RaftServerConfigKeys (ConfUtils.java:logGet(43)) - raft.server.log.purge.gap = 1000000 (custom)
2019-09-26 13:14:53,948 [pool-177-thread-1] INFO  server.RaftServerConfigKeys (ConfUtils.java:logGet(43)) - raft.server.log.appender.buffer.byte-limit = 33554432 (custom)
2019-09-26 13:14:53,948 [pool-177-thread-1] INFO  server.RaftServerConfigKeys (ConfUtils.java:logGet(43)) - raft.server.log.segment.size.max = 1048576 (custom)
2019-09-26 13:14:53,948 [pool-177-thread-1] INFO  server.RaftServerConfigKeys (ConfUtils.java:logGet(43)) - raft.server.log.segment.cache.num.max = 2 (custom)
2019-09-26 13:14:53,948 [pool-177-thread-1] INFO  segmented.SegmentedRaftLogWorker (SegmentedRaftLogWorker.java:<init>(172)) - new f059e689-8059-4932-82a3-6235693dbd82@group-42B2305F2E43-SegmentedRaftLogWorker for RaftStorage:Storage Directory /workdir/hadoop-ozone/integration-test/target/test-dir/MiniOzoneClusterImpl-0e2f22a8-0633-4b2c-b0b3-4fc7cc6db949/datanode-0/data/ratis/1b698c7f-5a23-4084-ae25-42b2305f2e43
2019-09-26 13:14:53,948 [pool-177-thread-1] INFO  server.RaftServerConfigKeys (ConfUtils.java:logGet(43)) - raft.server.log.queue.byte-limit = 2147483647 (custom)
2019-09-26 13:14:53,949 [pool-177-thread-1] INFO  server.RaftServerConfigKeys (ConfUtils.java:logGet(43)) - raft.server.log.queue.element-limit = 1024 (custom)
2019-09-26 13:14:53,949 [pool-177-thread-1] INFO  server.RaftServerConfigKeys (ConfUtils.java:logGet(43)) - raft.server.log.segment.size.max = 1048576 (custom)
2019-09-26 13:14:53,949 [pool-177-thread-1] INFO  server.RaftServerConfigKeys (ConfUtils.java:logGet(43)) - raft.server.log.preallocated.size = 16384 (custom)
2019-09-26 13:14:53,949 [pool-177-thread-1] INFO  server.RaftServerConfigKeys (ConfUtils.java:logGet(43)) - raft.server.log.write.buffer.size = 33554432 (custom)
2019-09-26 13:14:53,949 [pool-177-thread-1] INFO  server.RaftServerConfigKeys (ConfUtils.java:logGet(43)) - raft.server.log.force.sync.num = 128 (default)
2019-09-26 13:14:53,949 [pool-177-thread-1] INFO  server.RaftServerConfigKeys (ConfUtils.java:logGet(43)) - raft.server.log.statemachine.data.sync = true (default)
2019-09-26 13:14:53,949 [pool-177-thread-1] INFO  server.RaftServerConfigKeys (ConfUtils.java:logGet(43)) - raft.server.log.statemachine.data.sync.timeout = 10s (default)
2019-09-26 13:14:53,949 [pool-177-thread-1] INFO  server.RaftServerConfigKeys (ConfUtils.java:logGet(43)) - raft.server.log.statemachine.data.sync.timeout.retry = -1 (default)
2019-09-26 13:14:53,949 [pool-177-thread-1] INFO  server.RaftServerConfigKeys (ConfUtils.java:logGet(43)) - raft.server.log.statemachine.data.caching.enabled = true (custom)
2019-09-26 13:14:53,950 [pool-177-thread-1] INFO  segmented.SegmentedRaftLogWorker (SegmentedRaftLogWorker.java:lambda$new$0(132)) - f059e689-8059-4932-82a3-6235693dbd82@group-42B2305F2E43-SegmentedRaftLogWorker: flushIndex: setUnconditionally 0 -> -1
2019-09-26 13:14:53,950 [pool-177-thread-1] INFO  server.RaftServerConfigKeys (ConfUtils.java:logGet(43)) - raft.server.snapshot.auto.trigger.enabled = true (custom)
2019-09-26 13:14:53,950 [pool-177-thread-1] INFO  server.RaftServerConfigKeys (ConfUtils.java:logGet(43)) - raft.server.snapshot.auto.trigger.threshold = 10000 (custom)
2019-09-26 13:14:53,950 [pool-177-thread-1] INFO  server.RaftServerConfigKeys (ConfUtils.java:logGet(43)) - raft.server.snapshot.retention.num.files = 5 (custom)
2019-09-26 13:14:53,950 [pool-177-thread-1] INFO  server.RaftServerConfigKeys (ConfUtils.java:logGet(43)) - raft.server.retrycache.expirytime = 600000ms (custom)
2019-09-26 13:14:53,951 [pool-177-thread-1] INFO  impl.RaftServerImpl (RaftServerImpl.java:start(185)) - f059e689-8059-4932-82a3-6235693dbd82@group-42B2305F2E43: start as a follower, conf=-1: [f059e689-8059-4932-82a3-6235693dbd82:192.168.164.238:46474], old=null
2019-09-26 13:14:53,951 [pool-177-thread-1] INFO  impl.RaftServerImpl (RaftServerImpl.java:setRole(174)) - f059e689-8059-4932-82a3-6235693dbd82@group-42B2305F2E43: changes role from      null to FOLLOWER at term 0 for startAsFollower
2019-09-26 13:14:53,951 [pool-177-thread-1] INFO  impl.RoleInfo (RoleInfo.java:updateAndGet(143)) - f059e689-8059-4932-82a3-6235693dbd82: start FollowerState
2019-09-26 13:14:53,952 [pool-177-thread-1] INFO  util.JmxRegister (JmxRegister.java:tryRegister(44)) - Successfully registered JMX Bean with object name Ratis:service=RaftServer,group=group-42B2305F2E43,id=f059e689-8059-4932-82a3-6235693dbd82
2019-09-26 13:14:53,955 [RatisPipelineUtilsThread] INFO  pipeline.PipelineStateManager (PipelineStateManager.java:addPipeline(56)) - Created pipeline Pipeline[ Id: 1b698c7f-5a23-4084-ae25-42b2305f2e43, Nodes: f059e689-8059-4932-82a3-6235693dbd82{ip: 192.168.164.238, host: pr-hdds-1569-87zkn-1081879488, networkLocation: /default-rack, certSerialId: null}, Type:RATIS, Factor:ONE, State:OPEN]
2019-09-26 13:14:53,960 [grpc-default-executor-0] INFO  impl.RaftServerProxy (RaftServerProxy.java:addNew(89)) - f059e689-8059-4932-82a3-6235693dbd82: addNew group-0F1503254F77:[f059e689-8059-4932-82a3-6235693dbd82:192.168.164.238:46474] returns group-0F1503254F77:java.util.concurrent.CompletableFuture@61febb4c[Not completed]
2019-09-26 13:14:53,961 [pool-177-thread-1] INFO  impl.RaftServerImpl (RaftServerImpl.java:<init>(95)) - f059e689-8059-4932-82a3-6235693dbd82: new RaftServerImpl for group-0F1503254F77:[f059e689-8059-4932-82a3-6235693dbd82:192.168.164.238:46474] with ContainerStateMachine:uninitialized
2019-09-26 13:14:53,961 [pool-177-thread-1] INFO  server.RaftServerConfigKeys (ConfUtils.java:logGet(43)) - raft.server.rpc.timeout.min = 5s (custom)
2019-09-26 13:14:53,961 [pool-177-thread-1] INFO  server.RaftServerConfigKeys (ConfUtils.java:logGet(43)) - raft.server.rpc.timeout.max = 5200ms (custom)
2019-09-26 13:14:53,961 [pool-177-thread-1] INFO  server.RaftServerConfigKeys (ConfUtils.java:logGet(43)) - raft.server.rpcslowness.timeout = 120s (custom)
2019-09-26 13:14:53,961 [pool-177-thread-1] INFO  server.RaftServerConfigKeys (ConfUtils.java:logGet(43)) - raft.server.sleep.deviation.threshold = 300 (default)
2019-09-26 13:14:53,961 [pool-177-thread-1] INFO  server.RaftServerConfigKeys (ConfUtils.java:logGet(43)) - raft.server.log.appender.install.snapshot.enabled = false (custom)
2019-09-26 13:14:53,961 [pool-177-thread-1] INFO  impl.RaftServerImpl (ServerState.java:<init>(103)) - f059e689-8059-4932-82a3-6235693dbd82@group-0F1503254F77: ConfigurationManager, init=-1: [f059e689-8059-4932-82a3-6235693dbd82:192.168.164.238:46474], old=null, confs=<EMPTY_MAP>
2019-09-26 13:14:53,961 [pool-177-thread-1] INFO  server.RaftServerConfigKeys (ConfUtils.java:logGet(43)) - raft.server.storage.dir = [/workdir/hadoop-ozone/integration-test/target/test-dir/MiniOzoneClusterImpl-0e2f22a8-0633-4b2c-b0b3-4fc7cc6db949/datanode-0/data/ratis] (custom)
2019-09-26 13:14:53,962 [pool-177-thread-1] INFO  storage.RaftStorageDirectory (RaftStorageDirectory.java:analyzeStorage(246)) - The storage directory /workdir/hadoop-ozone/integration-test/target/test-dir/MiniOzoneClusterImpl-0e2f22a8-0633-4b2c-b0b3-4fc7cc6db949/datanode-0/data/ratis/491bb90d-1350-47a6-bb63-0f1503254f77 does not exist. Creating ...
2019-09-26 13:14:53,971 [pool-177-thread-1] INFO  storage.RaftStorageDirectory (RaftStorageDirectory.java:tryLock(328)) - Lock on /workdir/hadoop-ozone/integration-test/target/test-dir/MiniOzoneClusterImpl-0e2f22a8-0633-4b2c-b0b3-4fc7cc6db949/datanode-0/data/ratis/491bb90d-1350-47a6-bb63-0f1503254f77/in_use.lock acquired by nodename 10026@pr-hdds-1569-87zkn-1081879488
2019-09-26 13:14:53,984 [pool-177-thread-1] INFO  storage.RaftStorage (RaftStorage.java:format(72)) - Storage directory /workdir/hadoop-ozone/integration-test/target/test-dir/MiniOzoneClusterImpl-0e2f22a8-0633-4b2c-b0b3-4fc7cc6db949/datanode-0/data/ratis/491bb90d-1350-47a6-bb63-0f1503254f77 has been successfully formatted.
2019-09-26 13:14:53,985 [pool-177-thread-1] INFO  ratis.ContainerStateMachine (ContainerStateMachine.java:loadSnapshot(230)) - group-0F1503254F77: The snapshot info is null. Setting the last applied indexto:(t:0, i:~)
2019-09-26 13:14:53,985 [pool-177-thread-1] INFO  server.RaftServerConfigKeys (ConfUtils.java:logGet(43)) - raft.server.notification.no-leader.timeout = 120s (custom)
2019-09-26 13:14:53,985 [pool-177-thread-1] INFO  server.RaftServerConfigKeys (ConfUtils.java:logGet(43)) - raft.server.log.use.memory = false (default)
2019-09-26 13:14:53,985 [pool-177-thread-1] INFO  server.RaftServerConfigKeys (ConfUtils.java:logGet(43)) - raft.server.log.purge.gap = 1000000 (custom)
2019-09-26 13:14:53,985 [pool-177-thread-1] INFO  server.RaftServerConfigKeys (ConfUtils.java:logGet(43)) - raft.server.log.appender.buffer.byte-limit = 33554432 (custom)
2019-09-26 13:14:53,985 [pool-177-thread-1] INFO  server.RaftServerConfigKeys (ConfUtils.java:logGet(43)) - raft.server.log.segment.size.max = 1048576 (custom)
2019-09-26 13:14:53,985 [pool-177-thread-1] INFO  server.RaftServerConfigKeys (ConfUtils.java:logGet(43)) - raft.server.log.segment.cache.num.max = 2 (custom)
2019-09-26 13:14:53,985 [pool-177-thread-1] INFO  segmented.SegmentedRaftLogWorker (SegmentedRaftLogWorker.java:<init>(172)) - new f059e689-8059-4932-82a3-6235693dbd82@group-0F1503254F77-SegmentedRaftLogWorker for RaftStorage:Storage Directory /workdir/hadoop-ozone/integration-test/target/test-dir/MiniOzoneClusterImpl-0e2f22a8-0633-4b2c-b0b3-4fc7cc6db949/datanode-0/data/ratis/491bb90d-1350-47a6-bb63-0f1503254f77
2019-09-26 13:14:53,986 [pool-177-thread-1] INFO  server.RaftServerConfigKeys (ConfUtils.java:logGet(43)) - raft.server.log.queue.byte-limit = 2147483647 (custom)
2019-09-26 13:14:53,986 [pool-177-thread-1] INFO  server.RaftServerConfigKeys (ConfUtils.java:logGet(43)) - raft.server.log.queue.element-limit = 1024 (custom)
2019-09-26 13:14:53,986 [pool-177-thread-1] INFO  server.RaftServerConfigKeys (ConfUtils.java:logGet(43)) - raft.server.log.segment.size.max = 1048576 (custom)
2019-09-26 13:14:53,986 [pool-177-thread-1] INFO  server.RaftServerConfigKeys (ConfUtils.java:logGet(43)) - raft.server.log.preallocated.size = 16384 (custom)
2019-09-26 13:14:53,986 [pool-177-thread-1] INFO  server.RaftServerConfigKeys (ConfUtils.java:logGet(43)) - raft.server.log.write.buffer.size = 33554432 (custom)
2019-09-26 13:14:53,986 [pool-177-thread-1] INFO  server.RaftServerConfigKeys (ConfUtils.java:logGet(43)) - raft.server.log.force.sync.num = 128 (default)
2019-09-26 13:14:53,986 [pool-177-thread-1] INFO  server.RaftServerConfigKeys (ConfUtils.java:logGet(43)) - raft.server.log.statemachine.data.sync = true (default)
2019-09-26 13:14:53,986 [pool-177-thread-1] INFO  server.RaftServerConfigKeys (ConfUtils.java:logGet(43)) - raft.server.log.statemachine.data.sync.timeout = 10s (default)
2019-09-26 13:14:53,986 [pool-177-thread-1] INFO  server.RaftServerConfigKeys (ConfUtils.java:logGet(43)) - raft.server.log.statemachine.data.sync.timeout.retry = -1 (default)
2019-09-26 13:14:53,987 [pool-177-thread-1] INFO  server.RaftServerConfigKeys (ConfUtils.java:logGet(43)) - raft.server.log.statemachine.data.caching.enabled = true (custom)
2019-09-26 13:14:53,987 [pool-177-thread-1] INFO  segmented.SegmentedRaftLogWorker (SegmentedRaftLogWorker.java:lambda$new$0(132)) - f059e689-8059-4932-82a3-6235693dbd82@group-0F1503254F77-SegmentedRaftLogWorker: flushIndex: setUnconditionally 0 -> -1
2019-09-26 13:14:53,987 [pool-177-thread-1] INFO  server.RaftServerConfigKeys (ConfUtils.java:logGet(43)) - raft.server.snapshot.auto.trigger.enabled = true (custom)
2019-09-26 13:14:53,987 [pool-177-thread-1] INFO  server.RaftServerConfigKeys (ConfUtils.java:logGet(43)) - raft.server.snapshot.auto.trigger.threshold = 10000 (custom)
2019-09-26 13:14:53,987 [pool-177-thread-1] INFO  server.RaftServerConfigKeys (ConfUtils.java:logGet(43)) - raft.server.snapshot.retention.num.files = 5 (custom)
2019-09-26 13:14:53,987 [pool-177-thread-1] INFO  server.RaftServerConfigKeys (ConfUtils.java:logGet(43)) - raft.server.retrycache.expirytime = 600000ms (custom)
2019-09-26 13:14:53,989 [pool-177-thread-1] INFO  impl.RaftServerImpl (RaftServerImpl.java:start(185)) - f059e689-8059-4932-82a3-6235693dbd82@group-0F1503254F77: start as a follower, conf=-1: [f059e689-8059-4932-82a3-6235693dbd82:192.168.164.238:46474], old=null
2019-09-26 13:14:53,989 [pool-177-thread-1] INFO  impl.RaftServerImpl (RaftServerImpl.java:setRole(174)) - f059e689-8059-4932-82a3-6235693dbd82@group-0F1503254F77: changes role from      null to FOLLOWER at term 0 for startAsFollower
2019-09-26 13:14:53,989 [pool-177-thread-1] INFO  impl.RoleInfo (RoleInfo.java:updateAndGet(143)) - f059e689-8059-4932-82a3-6235693dbd82: start FollowerState
2019-09-26 13:14:53,989 [pool-177-thread-1] INFO  util.JmxRegister (JmxRegister.java:tryRegister(44)) - Successfully registered JMX Bean with object name Ratis:service=RaftServer,group=group-0F1503254F77,id=f059e689-8059-4932-82a3-6235693dbd82
2019-09-26 13:14:53,992 [RatisPipelineUtilsThread] INFO  pipeline.PipelineStateManager (PipelineStateManager.java:addPipeline(56)) - Created pipeline Pipeline[ Id: 491bb90d-1350-47a6-bb63-0f1503254f77, Nodes: f059e689-8059-4932-82a3-6235693dbd82{ip: 192.168.164.238, host: pr-hdds-1569-87zkn-1081879488, networkLocation: /default-rack, certSerialId: null}, Type:RATIS, Factor:ONE, State:OPEN]
2019-09-26 13:14:53,998 [grpc-default-executor-0] INFO  impl.RaftServerProxy (RaftServerProxy.java:addNew(89)) - d322b207-7882-4642-9c83-3568d3f94364: addNew group-96ED37217155:[d322b207-7882-4642-9c83-3568d3f94364:192.168.164.238:46290] returns group-96ED37217155:java.util.concurrent.CompletableFuture@1a297067[Not completed]
2019-09-26 13:14:53,999 [pool-187-thread-1] INFO  impl.RaftServerImpl (RaftServerImpl.java:<init>(95)) - d322b207-7882-4642-9c83-3568d3f94364: new RaftServerImpl for group-96ED37217155:[d322b207-7882-4642-9c83-3568d3f94364:192.168.164.238:46290] with ContainerStateMachine:uninitialized
2019-09-26 13:14:53,999 [pool-187-thread-1] INFO  server.RaftServerConfigKeys (ConfUtils.java:logGet(43)) - raft.server.rpc.timeout.min = 5s (custom)
2019-09-26 13:14:54,000 [pool-187-thread-1] INFO  server.RaftServerConfigKeys (ConfUtils.java:logGet(43)) - raft.server.rpc.timeout.max = 5200ms (custom)
2019-09-26 13:14:54,000 [pool-187-thread-1] INFO  server.RaftServerConfigKeys (ConfUtils.java:logGet(43)) - raft.server.rpcslowness.timeout = 120s (custom)
2019-09-26 13:14:54,000 [pool-187-thread-1] INFO  server.RaftServerConfigKeys (ConfUtils.java:logGet(43)) - raft.server.sleep.deviation.threshold = 300 (default)
2019-09-26 13:14:54,000 [pool-187-thread-1] INFO  server.RaftServerConfigKeys (ConfUtils.java:logGet(43)) - raft.server.log.appender.install.snapshot.enabled = false (custom)
2019-09-26 13:14:54,000 [pool-187-thread-1] INFO  impl.RaftServerImpl (ServerState.java:<init>(103)) - d322b207-7882-4642-9c83-3568d3f94364@group-96ED37217155: ConfigurationManager, init=-1: [d322b207-7882-4642-9c83-3568d3f94364:192.168.164.238:46290], old=null, confs=<EMPTY_MAP>
2019-09-26 13:14:54,000 [pool-187-thread-1] INFO  server.RaftServerConfigKeys (ConfUtils.java:logGet(43)) - raft.server.storage.dir = [/workdir/hadoop-ozone/integration-test/target/test-dir/MiniOzoneClusterImpl-0e2f22a8-0633-4b2c-b0b3-4fc7cc6db949/datanode-1/data/ratis] (custom)
2019-09-26 13:14:54,001 [pool-187-thread-1] INFO  storage.RaftStorageDirectory (RaftStorageDirectory.java:analyzeStorage(246)) - The storage directory /workdir/hadoop-ozone/integration-test/target/test-dir/MiniOzoneClusterImpl-0e2f22a8-0633-4b2c-b0b3-4fc7cc6db949/datanode-1/data/ratis/b0432ec7-0f53-4ee5-89a1-96ed37217155 does not exist. Creating ...
2019-09-26 13:14:54,014 [pool-187-thread-1] INFO  storage.RaftStorageDirectory (RaftStorageDirectory.java:tryLock(328)) - Lock on /workdir/hadoop-ozone/integration-test/target/test-dir/MiniOzoneClusterImpl-0e2f22a8-0633-4b2c-b0b3-4fc7cc6db949/datanode-1/data/ratis/b0432ec7-0f53-4ee5-89a1-96ed37217155/in_use.lock acquired by nodename 10026@pr-hdds-1569-87zkn-1081879488
2019-09-26 13:14:54,027 [pool-187-thread-1] INFO  storage.RaftStorage (RaftStorage.java:format(72)) - Storage directory /workdir/hadoop-ozone/integration-test/target/test-dir/MiniOzoneClusterImpl-0e2f22a8-0633-4b2c-b0b3-4fc7cc6db949/datanode-1/data/ratis/b0432ec7-0f53-4ee5-89a1-96ed37217155 has been successfully formatted.
2019-09-26 13:14:54,028 [pool-187-thread-1] INFO  ratis.ContainerStateMachine (ContainerStateMachine.java:loadSnapshot(230)) - group-96ED37217155: The snapshot info is null. Setting the last applied indexto:(t:0, i:~)
2019-09-26 13:14:54,028 [pool-187-thread-1] INFO  server.RaftServerConfigKeys (ConfUtils.java:logGet(43)) - raft.server.notification.no-leader.timeout = 120s (custom)
2019-09-26 13:14:54,028 [pool-187-thread-1] INFO  server.RaftServerConfigKeys (ConfUtils.java:logGet(43)) - raft.server.log.use.memory = false (default)
2019-09-26 13:14:54,028 [pool-187-thread-1] INFO  server.RaftServerConfigKeys (ConfUtils.java:logGet(43)) - raft.server.log.purge.gap = 1000000 (custom)
2019-09-26 13:14:54,028 [pool-187-thread-1] INFO  server.RaftServerConfigKeys (ConfUtils.java:logGet(43)) - raft.server.log.appender.buffer.byte-limit = 33554432 (custom)
2019-09-26 13:14:54,029 [pool-187-thread-1] INFO  server.RaftServerConfigKeys (ConfUtils.java:logGet(43)) - raft.server.log.segment.size.max = 1048576 (custom)
2019-09-26 13:14:54,029 [pool-187-thread-1] INFO  server.RaftServerConfigKeys (ConfUtils.java:logGet(43)) - raft.server.log.segment.cache.num.max = 2 (custom)
2019-09-26 13:14:54,029 [pool-187-thread-1] INFO  segmented.SegmentedRaftLogWorker (SegmentedRaftLogWorker.java:<init>(172)) - new d322b207-7882-4642-9c83-3568d3f94364@group-96ED37217155-SegmentedRaftLogWorker for RaftStorage:Storage Directory /workdir/hadoop-ozone/integration-test/target/test-dir/MiniOzoneClusterImpl-0e2f22a8-0633-4b2c-b0b3-4fc7cc6db949/datanode-1/data/ratis/b0432ec7-0f53-4ee5-89a1-96ed37217155
2019-09-26 13:14:54,029 [pool-187-thread-1] INFO  server.RaftServerConfigKeys (ConfUtils.java:logGet(43)) - raft.server.log.queue.byte-limit = 2147483647 (custom)
2019-09-26 13:14:54,029 [pool-187-thread-1] INFO  server.RaftServerConfigKeys (ConfUtils.java:logGet(43)) - raft.server.log.queue.element-limit = 1024 (custom)
2019-09-26 13:14:54,029 [pool-187-thread-1] INFO  server.RaftServerConfigKeys (ConfUtils.java:logGet(43)) - raft.server.log.segment.size.max = 1048576 (custom)
2019-09-26 13:14:54,030 [pool-187-thread-1] INFO  server.RaftServerConfigKeys (ConfUtils.java:logGet(43)) - raft.server.log.preallocated.size = 16384 (custom)
2019-09-26 13:14:54,030 [pool-187-thread-1] INFO  server.RaftServerConfigKeys (ConfUtils.java:logGet(43)) - raft.server.log.write.buffer.size = 33554432 (custom)
2019-09-26 13:14:54,030 [pool-187-thread-1] INFO  server.RaftServerConfigKeys (ConfUtils.java:logGet(43)) - raft.server.log.force.sync.num = 128 (default)
2019-09-26 13:14:54,030 [pool-187-thread-1] INFO  server.RaftServerConfigKeys (ConfUtils.java:logGet(43)) - raft.server.log.statemachine.data.sync = true (default)
2019-09-26 13:14:54,030 [pool-187-thread-1] INFO  server.RaftServerConfigKeys (ConfUtils.java:logGet(43)) - raft.server.log.statemachine.data.sync.timeout = 10s (default)
2019-09-26 13:14:54,030 [pool-187-thread-1] INFO  server.RaftServerConfigKeys (ConfUtils.java:logGet(43)) - raft.server.log.statemachine.data.sync.timeout.retry = -1 (default)
2019-09-26 13:14:54,031 [pool-187-thread-1] INFO  server.RaftServerConfigKeys (ConfUtils.java:logGet(43)) - raft.server.log.statemachine.data.caching.enabled = true (custom)
2019-09-26 13:14:54,031 [pool-187-thread-1] INFO  segmented.SegmentedRaftLogWorker (SegmentedRaftLogWorker.java:lambda$new$0(132)) - d322b207-7882-4642-9c83-3568d3f94364@group-96ED37217155-SegmentedRaftLogWorker: flushIndex: setUnconditionally 0 -> -1
2019-09-26 13:14:54,031 [pool-187-thread-1] INFO  server.RaftServerConfigKeys (ConfUtils.java:logGet(43)) - raft.server.snapshot.auto.trigger.enabled = true (custom)
2019-09-26 13:14:54,031 [pool-187-thread-1] INFO  server.RaftServerConfigKeys (ConfUtils.java:logGet(43)) - raft.server.snapshot.auto.trigger.threshold = 10000 (custom)
2019-09-26 13:14:54,032 [pool-187-thread-1] INFO  server.RaftServerConfigKeys (ConfUtils.java:logGet(43)) - raft.server.snapshot.retention.num.files = 5 (custom)
2019-09-26 13:14:54,032 [pool-187-thread-1] INFO  server.RaftServerConfigKeys (ConfUtils.java:logGet(43)) - raft.server.retrycache.expirytime = 600000ms (custom)
2019-09-26 13:14:54,034 [pool-187-thread-1] INFO  impl.RaftServerImpl (RaftServerImpl.java:start(185)) - d322b207-7882-4642-9c83-3568d3f94364@group-96ED37217155: start as a follower, conf=-1: [d322b207-7882-4642-9c83-3568d3f94364:192.168.164.238:46290], old=null
2019-09-26 13:14:54,034 [pool-187-thread-1] INFO  impl.RaftServerImpl (RaftServerImpl.java:setRole(174)) - d322b207-7882-4642-9c83-3568d3f94364@group-96ED37217155: changes role from      null to FOLLOWER at term 0 for startAsFollower
2019-09-26 13:14:54,034 [pool-187-thread-1] INFO  impl.RoleInfo (RoleInfo.java:updateAndGet(143)) - d322b207-7882-4642-9c83-3568d3f94364: start FollowerState
2019-09-26 13:14:54,035 [pool-187-thread-1] INFO  util.JmxRegister (JmxRegister.java:tryRegister(44)) - Successfully registered JMX Bean with object name Ratis:service=RaftServer,group=group-96ED37217155,id=d322b207-7882-4642-9c83-3568d3f94364
2019-09-26 13:14:54,037 [RatisPipelineUtilsThread] INFO  pipeline.PipelineStateManager (PipelineStateManager.java:addPipeline(56)) - Created pipeline Pipeline[ Id: b0432ec7-0f53-4ee5-89a1-96ed37217155, Nodes: d322b207-7882-4642-9c83-3568d3f94364{ip: 192.168.164.238, host: pr-hdds-1569-87zkn-1081879488, networkLocation: /default-rack, certSerialId: null}, Type:RATIS, Factor:ONE, State:OPEN]
2019-09-26 13:14:54,044 [grpc-default-executor-0] INFO  impl.RaftServerProxy (RaftServerProxy.java:addNew(89)) - f059e689-8059-4932-82a3-6235693dbd82: addNew group-910702523A32:[f059e689-8059-4932-82a3-6235693dbd82:192.168.164.238:46474] returns group-910702523A32:java.util.concurrent.CompletableFuture@a50b492[Not completed]
2019-09-26 13:14:54,045 [pool-177-thread-1] INFO  impl.RaftServerImpl (RaftServerImpl.java:<init>(95)) - f059e689-8059-4932-82a3-6235693dbd82: new RaftServerImpl for group-910702523A32:[f059e689-8059-4932-82a3-6235693dbd82:192.168.164.238:46474] with ContainerStateMachine:uninitialized
2019-09-26 13:14:54,045 [pool-177-thread-1] INFO  server.RaftServerConfigKeys (ConfUtils.java:logGet(43)) - raft.server.rpc.timeout.min = 5s (custom)
2019-09-26 13:14:54,045 [pool-177-thread-1] INFO  server.RaftServerConfigKeys (ConfUtils.java:logGet(43)) - raft.server.rpc.timeout.max = 5200ms (custom)
2019-09-26 13:14:54,045 [pool-177-thread-1] INFO  server.RaftServerConfigKeys (ConfUtils.java:logGet(43)) - raft.server.rpcslowness.timeout = 120s (custom)
2019-09-26 13:14:54,045 [pool-177-thread-1] INFO  server.RaftServerConfigKeys (ConfUtils.java:logGet(43)) - raft.server.sleep.deviation.threshold = 300 (default)
2019-09-26 13:14:54,045 [pool-177-thread-1] INFO  server.RaftServerConfigKeys (ConfUtils.java:logGet(43)) - raft.server.log.appender.install.snapshot.enabled = false (custom)
2019-09-26 13:14:54,046 [pool-177-thread-1] INFO  impl.RaftServerImpl (ServerState.java:<init>(103)) - f059e689-8059-4932-82a3-6235693dbd82@group-910702523A32: ConfigurationManager, init=-1: [f059e689-8059-4932-82a3-6235693dbd82:192.168.164.238:46474], old=null, confs=<EMPTY_MAP>
2019-09-26 13:14:54,046 [pool-177-thread-1] INFO  server.RaftServerConfigKeys (ConfUtils.java:logGet(43)) - raft.server.storage.dir = [/workdir/hadoop-ozone/integration-test/target/test-dir/MiniOzoneClusterImpl-0e2f22a8-0633-4b2c-b0b3-4fc7cc6db949/datanode-0/data/ratis] (custom)
2019-09-26 13:14:54,046 [pool-177-thread-1] INFO  storage.RaftStorageDirectory (RaftStorageDirectory.java:analyzeStorage(246)) - The storage directory /workdir/hadoop-ozone/integration-test/target/test-dir/MiniOzoneClusterImpl-0e2f22a8-0633-4b2c-b0b3-4fc7cc6db949/datanode-0/data/ratis/63b5edec-6944-4229-acd1-910702523a32 does not exist. Creating ...
2019-09-26 13:14:54,058 [pool-177-thread-1] INFO  storage.RaftStorageDirectory (RaftStorageDirectory.java:tryLock(328)) - Lock on /workdir/hadoop-ozone/integration-test/target/test-dir/MiniOzoneClusterImpl-0e2f22a8-0633-4b2c-b0b3-4fc7cc6db949/datanode-0/data/ratis/63b5edec-6944-4229-acd1-910702523a32/in_use.lock acquired by nodename 10026@pr-hdds-1569-87zkn-1081879488
2019-09-26 13:14:54,072 [pool-177-thread-1] INFO  storage.RaftStorage (RaftStorage.java:format(72)) - Storage directory /workdir/hadoop-ozone/integration-test/target/test-dir/MiniOzoneClusterImpl-0e2f22a8-0633-4b2c-b0b3-4fc7cc6db949/datanode-0/data/ratis/63b5edec-6944-4229-acd1-910702523a32 has been successfully formatted.
2019-09-26 13:14:54,072 [pool-177-thread-1] INFO  ratis.ContainerStateMachine (ContainerStateMachine.java:loadSnapshot(230)) - group-910702523A32: The snapshot info is null. Setting the last applied indexto:(t:0, i:~)
2019-09-26 13:14:54,072 [pool-177-thread-1] INFO  server.RaftServerConfigKeys (ConfUtils.java:logGet(43)) - raft.server.notification.no-leader.timeout = 120s (custom)
2019-09-26 13:14:54,072 [pool-177-thread-1] INFO  server.RaftServerConfigKeys (ConfUtils.java:logGet(43)) - raft.server.log.use.memory = false (default)
2019-09-26 13:14:54,072 [pool-177-thread-1] INFO  server.RaftServerConfigKeys (ConfUtils.java:logGet(43)) - raft.server.log.purge.gap = 1000000 (custom)
2019-09-26 13:14:54,072 [pool-177-thread-1] INFO  server.RaftServerConfigKeys (ConfUtils.java:logGet(43)) - raft.server.log.appender.buffer.byte-limit = 33554432 (custom)
2019-09-26 13:14:54,072 [pool-177-thread-1] INFO  server.RaftServerConfigKeys (ConfUtils.java:logGet(43)) - raft.server.log.segment.size.max = 1048576 (custom)
2019-09-26 13:14:54,073 [pool-177-thread-1] INFO  server.RaftServerConfigKeys (ConfUtils.java:logGet(43)) - raft.server.log.segment.cache.num.max = 2 (custom)
2019-09-26 13:14:54,073 [pool-177-thread-1] INFO  segmented.SegmentedRaftLogWorker (SegmentedRaftLogWorker.java:<init>(172)) - new f059e689-8059-4932-82a3-6235693dbd82@group-910702523A32-SegmentedRaftLogWorker for RaftStorage:Storage Directory /workdir/hadoop-ozone/integration-test/target/test-dir/MiniOzoneClusterImpl-0e2f22a8-0633-4b2c-b0b3-4fc7cc6db949/datanode-0/data/ratis/63b5edec-6944-4229-acd1-910702523a32
2019-09-26 13:14:54,073 [pool-177-thread-1] INFO  server.RaftServerConfigKeys (ConfUtils.java:logGet(43)) - raft.server.log.queue.byte-limit = 2147483647 (custom)
2019-09-26 13:14:54,073 [pool-177-thread-1] INFO  server.RaftServerConfigKeys (ConfUtils.java:logGet(43)) - raft.server.log.queue.element-limit = 1024 (custom)
2019-09-26 13:14:54,073 [pool-177-thread-1] INFO  server.RaftServerConfigKeys (ConfUtils.java:logGet(43)) - raft.server.log.segment.size.max = 1048576 (custom)
2019-09-26 13:14:54,073 [pool-177-thread-1] INFO  server.RaftServerConfigKeys (ConfUtils.java:logGet(43)) - raft.server.log.preallocated.size = 16384 (custom)
2019-09-26 13:14:54,073 [pool-177-thread-1] INFO  server.RaftServerConfigKeys (ConfUtils.java:logGet(43)) - raft.server.log.write.buffer.size = 33554432 (custom)
2019-09-26 13:14:54,073 [pool-177-thread-1] INFO  server.RaftServerConfigKeys (ConfUtils.java:logGet(43)) - raft.server.log.force.sync.num = 128 (default)
2019-09-26 13:14:54,073 [pool-177-thread-1] INFO  server.RaftServerConfigKeys (ConfUtils.java:logGet(43)) - raft.server.log.statemachine.data.sync = true (default)
2019-09-26 13:14:54,074 [pool-177-thread-1] INFO  server.RaftServerConfigKeys (ConfUtils.java:logGet(43)) - raft.server.log.statemachine.data.sync.timeout = 10s (default)
2019-09-26 13:14:54,074 [pool-177-thread-1] INFO  server.RaftServerConfigKeys (ConfUtils.java:logGet(43)) - raft.server.log.statemachine.data.sync.timeout.retry = -1 (default)
2019-09-26 13:14:54,074 [pool-177-thread-1] INFO  server.RaftServerConfigKeys (ConfUtils.java:logGet(43)) - raft.server.log.statemachine.data.caching.enabled = true (custom)
2019-09-26 13:14:54,074 [pool-177-thread-1] INFO  segmented.SegmentedRaftLogWorker (SegmentedRaftLogWorker.java:lambda$new$0(132)) - f059e689-8059-4932-82a3-6235693dbd82@group-910702523A32-SegmentedRaftLogWorker: flushIndex: setUnconditionally 0 -> -1
2019-09-26 13:14:54,074 [pool-177-thread-1] INFO  server.RaftServerConfigKeys (ConfUtils.java:logGet(43)) - raft.server.snapshot.auto.trigger.enabled = true (custom)
2019-09-26 13:14:54,074 [pool-177-thread-1] INFO  server.RaftServerConfigKeys (ConfUtils.java:logGet(43)) - raft.server.snapshot.auto.trigger.threshold = 10000 (custom)
2019-09-26 13:14:54,075 [pool-177-thread-1] INFO  server.RaftServerConfigKeys (ConfUtils.java:logGet(43)) - raft.server.snapshot.retention.num.files = 5 (custom)
2019-09-26 13:14:54,075 [pool-177-thread-1] INFO  server.RaftServerConfigKeys (ConfUtils.java:logGet(43)) - raft.server.retrycache.expirytime = 600000ms (custom)
2019-09-26 13:14:54,077 [pool-177-thread-1] INFO  impl.RaftServerImpl (RaftServerImpl.java:start(185)) - f059e689-8059-4932-82a3-6235693dbd82@group-910702523A32: start as a follower, conf=-1: [f059e689-8059-4932-82a3-6235693dbd82:192.168.164.238:46474], old=null
2019-09-26 13:14:54,077 [pool-177-thread-1] INFO  impl.RaftServerImpl (RaftServerImpl.java:setRole(174)) - f059e689-8059-4932-82a3-6235693dbd82@group-910702523A32: changes role from      null to FOLLOWER at term 0 for startAsFollower
2019-09-26 13:14:54,077 [pool-177-thread-1] INFO  impl.RoleInfo (RoleInfo.java:updateAndGet(143)) - f059e689-8059-4932-82a3-6235693dbd82: start FollowerState
2019-09-26 13:14:54,077 [pool-177-thread-1] INFO  util.JmxRegister (JmxRegister.java:tryRegister(44)) - Successfully registered JMX Bean with object name Ratis:service=RaftServer,group=group-910702523A32,id=f059e689-8059-4932-82a3-6235693dbd82
2019-09-26 13:14:54,082 [RatisPipelineUtilsThread] INFO  pipeline.PipelineStateManager (PipelineStateManager.java:addPipeline(56)) - Created pipeline Pipeline[ Id: 63b5edec-6944-4229-acd1-910702523a32, Nodes: f059e689-8059-4932-82a3-6235693dbd82{ip: 192.168.164.238, host: pr-hdds-1569-87zkn-1081879488, networkLocation: /default-rack, certSerialId: null}, Type:RATIS, Factor:ONE, State:OPEN]
2019-09-26 13:14:54,082 [RatisPipelineUtilsThread] INFO  pipeline.PipelinePlacementPolicy (PipelinePlacementPolicy.java:meetCriteria(91)) - Pipeline Placement: can't place more pipeline on heavy datanode： f059e689-8059-4932-82a3-6235693dbd82 Heaviness: 6 limit: 5
2019-09-26 13:14:54,088 [grpc-default-executor-0] INFO  impl.RaftServerProxy (RaftServerProxy.java:addNew(89)) - d322b207-7882-4642-9c83-3568d3f94364: addNew group-D83DECD4878B:[d322b207-7882-4642-9c83-3568d3f94364:192.168.164.238:46290] returns group-D83DECD4878B:java.util.concurrent.CompletableFuture@6c770bab[Not completed]
2019-09-26 13:14:54,089 [pool-187-thread-1] INFO  impl.RaftServerImpl (RaftServerImpl.java:<init>(95)) - d322b207-7882-4642-9c83-3568d3f94364: new RaftServerImpl for group-D83DECD4878B:[d322b207-7882-4642-9c83-3568d3f94364:192.168.164.238:46290] with ContainerStateMachine:uninitialized
2019-09-26 13:14:54,089 [pool-187-thread-1] INFO  server.RaftServerConfigKeys (ConfUtils.java:logGet(43)) - raft.server.rpc.timeout.min = 5s (custom)
2019-09-26 13:14:54,089 [pool-187-thread-1] INFO  server.RaftServerConfigKeys (ConfUtils.java:logGet(43)) - raft.server.rpc.timeout.max = 5200ms (custom)
2019-09-26 13:14:54,089 [pool-187-thread-1] INFO  server.RaftServerConfigKeys (ConfUtils.java:logGet(43)) - raft.server.rpcslowness.timeout = 120s (custom)
2019-09-26 13:14:54,090 [pool-187-thread-1] INFO  server.RaftServerConfigKeys (ConfUtils.java:logGet(43)) - raft.server.sleep.deviation.threshold = 300 (default)
2019-09-26 13:14:54,090 [pool-187-thread-1] INFO  server.RaftServerConfigKeys (ConfUtils.java:logGet(43)) - raft.server.log.appender.install.snapshot.enabled = false (custom)
2019-09-26 13:14:54,090 [pool-187-thread-1] INFO  impl.RaftServerImpl (ServerState.java:<init>(103)) - d322b207-7882-4642-9c83-3568d3f94364@group-D83DECD4878B: ConfigurationManager, init=-1: [d322b207-7882-4642-9c83-3568d3f94364:192.168.164.238:46290], old=null, confs=<EMPTY_MAP>
2019-09-26 13:14:54,090 [pool-187-thread-1] INFO  server.RaftServerConfigKeys (ConfUtils.java:logGet(43)) - raft.server.storage.dir = [/workdir/hadoop-ozone/integration-test/target/test-dir/MiniOzoneClusterImpl-0e2f22a8-0633-4b2c-b0b3-4fc7cc6db949/datanode-1/data/ratis] (custom)
2019-09-26 13:14:54,090 [pool-187-thread-1] INFO  storage.RaftStorageDirectory (RaftStorageDirectory.java:analyzeStorage(246)) - The storage directory /workdir/hadoop-ozone/integration-test/target/test-dir/MiniOzoneClusterImpl-0e2f22a8-0633-4b2c-b0b3-4fc7cc6db949/datanode-1/data/ratis/f39305d7-137b-43c5-b2f3-d83decd4878b does not exist. Creating ...
2019-09-26 13:14:54,103 [pool-187-thread-1] INFO  storage.RaftStorageDirectory (RaftStorageDirectory.java:tryLock(328)) - Lock on /workdir/hadoop-ozone/integration-test/target/test-dir/MiniOzoneClusterImpl-0e2f22a8-0633-4b2c-b0b3-4fc7cc6db949/datanode-1/data/ratis/f39305d7-137b-43c5-b2f3-d83decd4878b/in_use.lock acquired by nodename 10026@pr-hdds-1569-87zkn-1081879488
2019-09-26 13:14:54,116 [pool-187-thread-1] INFO  storage.RaftStorage (RaftStorage.java:format(72)) - Storage directory /workdir/hadoop-ozone/integration-test/target/test-dir/MiniOzoneClusterImpl-0e2f22a8-0633-4b2c-b0b3-4fc7cc6db949/datanode-1/data/ratis/f39305d7-137b-43c5-b2f3-d83decd4878b has been successfully formatted.
2019-09-26 13:14:54,116 [pool-187-thread-1] INFO  ratis.ContainerStateMachine (ContainerStateMachine.java:loadSnapshot(230)) - group-D83DECD4878B: The snapshot info is null. Setting the last applied indexto:(t:0, i:~)
2019-09-26 13:14:54,116 [pool-187-thread-1] INFO  server.RaftServerConfigKeys (ConfUtils.java:logGet(43)) - raft.server.notification.no-leader.timeout = 120s (custom)
2019-09-26 13:14:54,116 [pool-187-thread-1] INFO  server.RaftServerConfigKeys (ConfUtils.java:logGet(43)) - raft.server.log.use.memory = false (default)
2019-09-26 13:14:54,117 [pool-187-thread-1] INFO  server.RaftServerConfigKeys (ConfUtils.java:logGet(43)) - raft.server.log.purge.gap = 1000000 (custom)
2019-09-26 13:14:54,117 [pool-187-thread-1] INFO  server.RaftServerConfigKeys (ConfUtils.java:logGet(43)) - raft.server.log.appender.buffer.byte-limit = 33554432 (custom)
2019-09-26 13:14:54,117 [pool-187-thread-1] INFO  server.RaftServerConfigKeys (ConfUtils.java:logGet(43)) - raft.server.log.segment.size.max = 1048576 (custom)
2019-09-26 13:14:54,117 [pool-187-thread-1] INFO  server.RaftServerConfigKeys (ConfUtils.java:logGet(43)) - raft.server.log.segment.cache.num.max = 2 (custom)
2019-09-26 13:14:54,117 [pool-187-thread-1] INFO  segmented.SegmentedRaftLogWorker (SegmentedRaftLogWorker.java:<init>(172)) - new d322b207-7882-4642-9c83-3568d3f94364@group-D83DECD4878B-SegmentedRaftLogWorker for RaftStorage:Storage Directory /workdir/hadoop-ozone/integration-test/target/test-dir/MiniOzoneClusterImpl-0e2f22a8-0633-4b2c-b0b3-4fc7cc6db949/datanode-1/data/ratis/f39305d7-137b-43c5-b2f3-d83decd4878b
2019-09-26 13:14:54,117 [pool-187-thread-1] INFO  server.RaftServerConfigKeys (ConfUtils.java:logGet(43)) - raft.server.log.queue.byte-limit = 2147483647 (custom)
2019-09-26 13:14:54,117 [pool-187-thread-1] INFO  server.RaftServerConfigKeys (ConfUtils.java:logGet(43)) - raft.server.log.queue.element-limit = 1024 (custom)
2019-09-26 13:14:54,117 [pool-187-thread-1] INFO  server.RaftServerConfigKeys (ConfUtils.java:logGet(43)) - raft.server.log.segment.size.max = 1048576 (custom)
2019-09-26 13:14:54,118 [pool-187-thread-1] INFO  server.RaftServerConfigKeys (ConfUtils.java:logGet(43)) - raft.server.log.preallocated.size = 16384 (custom)
2019-09-26 13:14:54,118 [pool-187-thread-1] INFO  server.RaftServerConfigKeys (ConfUtils.java:logGet(43)) - raft.server.log.write.buffer.size = 33554432 (custom)
2019-09-26 13:14:54,118 [pool-187-thread-1] INFO  server.RaftServerConfigKeys (ConfUtils.java:logGet(43)) - raft.server.log.force.sync.num = 128 (default)
2019-09-26 13:14:54,118 [pool-187-thread-1] INFO  server.RaftServerConfigKeys (ConfUtils.java:logGet(43)) - raft.server.log.statemachine.data.sync = true (default)
2019-09-26 13:14:54,118 [pool-187-thread-1] INFO  server.RaftServerConfigKeys (ConfUtils.java:logGet(43)) - raft.server.log.statemachine.data.sync.timeout = 10s (default)
2019-09-26 13:14:54,118 [pool-187-thread-1] INFO  server.RaftServerConfigKeys (ConfUtils.java:logGet(43)) - raft.server.log.statemachine.data.sync.timeout.retry = -1 (default)
2019-09-26 13:14:54,118 [pool-187-thread-1] INFO  server.RaftServerConfigKeys (ConfUtils.java:logGet(43)) - raft.server.log.statemachine.data.caching.enabled = true (custom)
2019-09-26 13:14:54,119 [pool-187-thread-1] INFO  segmented.SegmentedRaftLogWorker (SegmentedRaftLogWorker.java:lambda$new$0(132)) - d322b207-7882-4642-9c83-3568d3f94364@group-D83DECD4878B-SegmentedRaftLogWorker: flushIndex: setUnconditionally 0 -> -1
2019-09-26 13:14:54,119 [pool-187-thread-1] INFO  server.RaftServerConfigKeys (ConfUtils.java:logGet(43)) - raft.server.snapshot.auto.trigger.enabled = true (custom)
2019-09-26 13:14:54,119 [pool-187-thread-1] INFO  server.RaftServerConfigKeys (ConfUtils.java:logGet(43)) - raft.server.snapshot.auto.trigger.threshold = 10000 (custom)
2019-09-26 13:14:54,119 [pool-187-thread-1] INFO  server.RaftServerConfigKeys (ConfUtils.java:logGet(43)) - raft.server.snapshot.retention.num.files = 5 (custom)
2019-09-26 13:14:54,119 [pool-187-thread-1] INFO  server.RaftServerConfigKeys (ConfUtils.java:logGet(43)) - raft.server.retrycache.expirytime = 600000ms (custom)
2019-09-26 13:14:54,121 [pool-187-thread-1] INFO  impl.RaftServerImpl (RaftServerImpl.java:start(185)) - d322b207-7882-4642-9c83-3568d3f94364@group-D83DECD4878B: start as a follower, conf=-1: [d322b207-7882-4642-9c83-3568d3f94364:192.168.164.238:46290], old=null
2019-09-26 13:14:54,121 [pool-187-thread-1] INFO  impl.RaftServerImpl (RaftServerImpl.java:setRole(174)) - d322b207-7882-4642-9c83-3568d3f94364@group-D83DECD4878B: changes role from      null to FOLLOWER at term 0 for startAsFollower
2019-09-26 13:14:54,122 [pool-187-thread-1] INFO  impl.RoleInfo (RoleInfo.java:updateAndGet(143)) - d322b207-7882-4642-9c83-3568d3f94364: start FollowerState
2019-09-26 13:14:54,122 [pool-187-thread-1] INFO  util.JmxRegister (JmxRegister.java:tryRegister(44)) - Successfully registered JMX Bean with object name Ratis:service=RaftServer,group=group-D83DECD4878B,id=d322b207-7882-4642-9c83-3568d3f94364
2019-09-26 13:14:54,125 [RatisPipelineUtilsThread] INFO  pipeline.PipelineStateManager (PipelineStateManager.java:addPipeline(56)) - Created pipeline Pipeline[ Id: f39305d7-137b-43c5-b2f3-d83decd4878b, Nodes: d322b207-7882-4642-9c83-3568d3f94364{ip: 192.168.164.238, host: pr-hdds-1569-87zkn-1081879488, networkLocation: /default-rack, certSerialId: null}, Type:RATIS, Factor:ONE, State:OPEN]
2019-09-26 13:14:54,125 [RatisPipelineUtilsThread] INFO  pipeline.PipelinePlacementPolicy (PipelinePlacementPolicy.java:meetCriteria(91)) - Pipeline Placement: can't place more pipeline on heavy datanode： f059e689-8059-4932-82a3-6235693dbd82 Heaviness: 6 limit: 5
2019-09-26 13:14:54,131 [grpc-default-executor-0] INFO  impl.RaftServerProxy (RaftServerProxy.java:addNew(89)) - d322b207-7882-4642-9c83-3568d3f94364: addNew group-6204704EF93D:[d322b207-7882-4642-9c83-3568d3f94364:192.168.164.238:46290] returns group-6204704EF93D:java.util.concurrent.CompletableFuture@7fb67e43[Not completed]
2019-09-26 13:14:54,132 [pool-187-thread-1] INFO  impl.RaftServerImpl (RaftServerImpl.java:<init>(95)) - d322b207-7882-4642-9c83-3568d3f94364: new RaftServerImpl for group-6204704EF93D:[d322b207-7882-4642-9c83-3568d3f94364:192.168.164.238:46290] with ContainerStateMachine:uninitialized
2019-09-26 13:14:54,132 [pool-187-thread-1] INFO  server.RaftServerConfigKeys (ConfUtils.java:logGet(43)) - raft.server.rpc.timeout.min = 5s (custom)
2019-09-26 13:14:54,133 [pool-187-thread-1] INFO  server.RaftServerConfigKeys (ConfUtils.java:logGet(43)) - raft.server.rpc.timeout.max = 5200ms (custom)
2019-09-26 13:14:54,133 [pool-187-thread-1] INFO  server.RaftServerConfigKeys (ConfUtils.java:logGet(43)) - raft.server.rpcslowness.timeout = 120s (custom)
2019-09-26 13:14:54,133 [pool-187-thread-1] INFO  server.RaftServerConfigKeys (ConfUtils.java:logGet(43)) - raft.server.sleep.deviation.threshold = 300 (default)
2019-09-26 13:14:54,133 [pool-187-thread-1] INFO  server.RaftServerConfigKeys (ConfUtils.java:logGet(43)) - raft.server.log.appender.install.snapshot.enabled = false (custom)
2019-09-26 13:14:54,133 [pool-187-thread-1] INFO  impl.RaftServerImpl (ServerState.java:<init>(103)) - d322b207-7882-4642-9c83-3568d3f94364@group-6204704EF93D: ConfigurationManager, init=-1: [d322b207-7882-4642-9c83-3568d3f94364:192.168.164.238:46290], old=null, confs=<EMPTY_MAP>
2019-09-26 13:14:54,133 [pool-187-thread-1] INFO  server.RaftServerConfigKeys (ConfUtils.java:logGet(43)) - raft.server.storage.dir = [/workdir/hadoop-ozone/integration-test/target/test-dir/MiniOzoneClusterImpl-0e2f22a8-0633-4b2c-b0b3-4fc7cc6db949/datanode-1/data/ratis] (custom)
2019-09-26 13:14:54,133 [pool-187-thread-1] INFO  storage.RaftStorageDirectory (RaftStorageDirectory.java:analyzeStorage(246)) - The storage directory /workdir/hadoop-ozone/integration-test/target/test-dir/MiniOzoneClusterImpl-0e2f22a8-0633-4b2c-b0b3-4fc7cc6db949/datanode-1/data/ratis/b307660e-fbd6-4cbc-82a3-6204704ef93d does not exist. Creating ...
2019-09-26 13:14:54,146 [pool-187-thread-1] INFO  storage.RaftStorageDirectory (RaftStorageDirectory.java:tryLock(328)) - Lock on /workdir/hadoop-ozone/integration-test/target/test-dir/MiniOzoneClusterImpl-0e2f22a8-0633-4b2c-b0b3-4fc7cc6db949/datanode-1/data/ratis/b307660e-fbd6-4cbc-82a3-6204704ef93d/in_use.lock acquired by nodename 10026@pr-hdds-1569-87zkn-1081879488
2019-09-26 13:14:54,159 [pool-187-thread-1] INFO  storage.RaftStorage (RaftStorage.java:format(72)) - Storage directory /workdir/hadoop-ozone/integration-test/target/test-dir/MiniOzoneClusterImpl-0e2f22a8-0633-4b2c-b0b3-4fc7cc6db949/datanode-1/data/ratis/b307660e-fbd6-4cbc-82a3-6204704ef93d has been successfully formatted.
2019-09-26 13:14:54,160 [pool-187-thread-1] INFO  ratis.ContainerStateMachine (ContainerStateMachine.java:loadSnapshot(230)) - group-6204704EF93D: The snapshot info is null. Setting the last applied indexto:(t:0, i:~)
2019-09-26 13:14:54,160 [pool-187-thread-1] INFO  server.RaftServerConfigKeys (ConfUtils.java:logGet(43)) - raft.server.notification.no-leader.timeout = 120s (custom)
2019-09-26 13:14:54,160 [pool-187-thread-1] INFO  server.RaftServerConfigKeys (ConfUtils.java:logGet(43)) - raft.server.log.use.memory = false (default)
2019-09-26 13:14:54,160 [pool-187-thread-1] INFO  server.RaftServerConfigKeys (ConfUtils.java:logGet(43)) - raft.server.log.purge.gap = 1000000 (custom)
2019-09-26 13:14:54,160 [pool-187-thread-1] INFO  server.RaftServerConfigKeys (ConfUtils.java:logGet(43)) - raft.server.log.appender.buffer.byte-limit = 33554432 (custom)
2019-09-26 13:14:54,160 [pool-187-thread-1] INFO  server.RaftServerConfigKeys (ConfUtils.java:logGet(43)) - raft.server.log.segment.size.max = 1048576 (custom)
2019-09-26 13:14:54,161 [pool-187-thread-1] INFO  server.RaftServerConfigKeys (ConfUtils.java:logGet(43)) - raft.server.log.segment.cache.num.max = 2 (custom)
2019-09-26 13:14:54,161 [pool-187-thread-1] INFO  segmented.SegmentedRaftLogWorker (SegmentedRaftLogWorker.java:<init>(172)) - new d322b207-7882-4642-9c83-3568d3f94364@group-6204704EF93D-SegmentedRaftLogWorker for RaftStorage:Storage Directory /workdir/hadoop-ozone/integration-test/target/test-dir/MiniOzoneClusterImpl-0e2f22a8-0633-4b2c-b0b3-4fc7cc6db949/datanode-1/data/ratis/b307660e-fbd6-4cbc-82a3-6204704ef93d
2019-09-26 13:14:54,161 [pool-187-thread-1] INFO  server.RaftServerConfigKeys (ConfUtils.java:logGet(43)) - raft.server.log.queue.byte-limit = 2147483647 (custom)
2019-09-26 13:14:54,161 [pool-187-thread-1] INFO  server.RaftServerConfigKeys (ConfUtils.java:logGet(43)) - raft.server.log.queue.element-limit = 1024 (custom)
2019-09-26 13:14:54,161 [pool-187-thread-1] INFO  server.RaftServerConfigKeys (ConfUtils.java:logGet(43)) - raft.server.log.segment.size.max = 1048576 (custom)
2019-09-26 13:14:54,161 [pool-187-thread-1] INFO  server.RaftServerConfigKeys (ConfUtils.java:logGet(43)) - raft.server.log.preallocated.size = 16384 (custom)
2019-09-26 13:14:54,162 [pool-187-thread-1] INFO  server.RaftServerConfigKeys (ConfUtils.java:logGet(43)) - raft.server.log.write.buffer.size = 33554432 (custom)
2019-09-26 13:14:54,162 [pool-187-thread-1] INFO  server.RaftServerConfigKeys (ConfUtils.java:logGet(43)) - raft.server.log.force.sync.num = 128 (default)
2019-09-26 13:14:54,162 [pool-187-thread-1] INFO  server.RaftServerConfigKeys (ConfUtils.java:logGet(43)) - raft.server.log.statemachine.data.sync = true (default)
2019-09-26 13:14:54,162 [pool-187-thread-1] INFO  server.RaftServerConfigKeys (ConfUtils.java:logGet(43)) - raft.server.log.statemachine.data.sync.timeout = 10s (default)
2019-09-26 13:14:54,162 [pool-187-thread-1] INFO  server.RaftServerConfigKeys (ConfUtils.java:logGet(43)) - raft.server.log.statemachine.data.sync.timeout.retry = -1 (default)
2019-09-26 13:14:54,162 [pool-187-thread-1] INFO  server.RaftServerConfigKeys (ConfUtils.java:logGet(43)) - raft.server.log.statemachine.data.caching.enabled = true (custom)
2019-09-26 13:14:54,163 [pool-187-thread-1] INFO  segmented.SegmentedRaftLogWorker (SegmentedRaftLogWorker.java:lambda$new$0(132)) - d322b207-7882-4642-9c83-3568d3f94364@group-6204704EF93D-SegmentedRaftLogWorker: flushIndex: setUnconditionally 0 -> -1
2019-09-26 13:14:54,163 [pool-187-thread-1] INFO  server.RaftServerConfigKeys (ConfUtils.java:logGet(43)) - raft.server.snapshot.auto.trigger.enabled = true (custom)
2019-09-26 13:14:54,163 [pool-187-thread-1] INFO  server.RaftServerConfigKeys (ConfUtils.java:logGet(43)) - raft.server.snapshot.auto.trigger.threshold = 10000 (custom)
2019-09-26 13:14:54,163 [pool-187-thread-1] INFO  server.RaftServerConfigKeys (ConfUtils.java:logGet(43)) - raft.server.snapshot.retention.num.files = 5 (custom)
2019-09-26 13:14:54,164 [pool-187-thread-1] INFO  server.RaftServerConfigKeys (ConfUtils.java:logGet(43)) - raft.server.retrycache.expirytime = 600000ms (custom)
2019-09-26 13:14:54,165 [pool-187-thread-1] INFO  impl.RaftServerImpl (RaftServerImpl.java:start(185)) - d322b207-7882-4642-9c83-3568d3f94364@group-6204704EF93D: start as a follower, conf=-1: [d322b207-7882-4642-9c83-3568d3f94364:192.168.164.238:46290], old=null
2019-09-26 13:14:54,166 [pool-187-thread-1] INFO  impl.RaftServerImpl (RaftServerImpl.java:setRole(174)) - d322b207-7882-4642-9c83-3568d3f94364@group-6204704EF93D: changes role from      null to FOLLOWER at term 0 for startAsFollower
2019-09-26 13:14:54,166 [pool-187-thread-1] INFO  impl.RoleInfo (RoleInfo.java:updateAndGet(143)) - d322b207-7882-4642-9c83-3568d3f94364: start FollowerState
2019-09-26 13:14:54,166 [pool-187-thread-1] INFO  util.JmxRegister (JmxRegister.java:tryRegister(44)) - Successfully registered JMX Bean with object name Ratis:service=RaftServer,group=group-6204704EF93D,id=d322b207-7882-4642-9c83-3568d3f94364
2019-09-26 13:14:54,169 [RatisPipelineUtilsThread] INFO  pipeline.PipelineStateManager (PipelineStateManager.java:addPipeline(56)) - Created pipeline Pipeline[ Id: b307660e-fbd6-4cbc-82a3-6204704ef93d, Nodes: d322b207-7882-4642-9c83-3568d3f94364{ip: 192.168.164.238, host: pr-hdds-1569-87zkn-1081879488, networkLocation: /default-rack, certSerialId: null}, Type:RATIS, Factor:ONE, State:OPEN]
2019-09-26 13:14:54,170 [RatisPipelineUtilsThread] INFO  pipeline.PipelinePlacementPolicy (PipelinePlacementPolicy.java:meetCriteria(91)) - Pipeline Placement: can't place more pipeline on heavy datanode： f059e689-8059-4932-82a3-6235693dbd82 Heaviness: 6 limit: 5
2019-09-26 13:14:54,176 [grpc-default-executor-0] INFO  impl.RaftServerProxy (RaftServerProxy.java:addNew(89)) - 96923b3f-1fe6-4c59-8fb3-c24db2dce8a2: addNew group-07452E076A73:[96923b3f-1fe6-4c59-8fb3-c24db2dce8a2:192.168.164.238:32830] returns group-07452E076A73:java.util.concurrent.CompletableFuture@71efb71c[Not completed]
2019-09-26 13:14:54,178 [pool-197-thread-1] INFO  impl.RaftServerImpl (RaftServerImpl.java:<init>(95)) - 96923b3f-1fe6-4c59-8fb3-c24db2dce8a2: new RaftServerImpl for group-07452E076A73:[96923b3f-1fe6-4c59-8fb3-c24db2dce8a2:192.168.164.238:32830] with ContainerStateMachine:uninitialized
2019-09-26 13:14:54,178 [pool-197-thread-1] INFO  server.RaftServerConfigKeys (ConfUtils.java:logGet(43)) - raft.server.rpc.timeout.min = 5s (custom)
2019-09-26 13:14:54,178 [pool-197-thread-1] INFO  server.RaftServerConfigKeys (ConfUtils.java:logGet(43)) - raft.server.rpc.timeout.max = 5200ms (custom)
2019-09-26 13:14:54,178 [pool-197-thread-1] INFO  server.RaftServerConfigKeys (ConfUtils.java:logGet(43)) - raft.server.rpcslowness.timeout = 120s (custom)
2019-09-26 13:14:54,178 [pool-197-thread-1] INFO  server.RaftServerConfigKeys (ConfUtils.java:logGet(43)) - raft.server.sleep.deviation.threshold = 300 (default)
2019-09-26 13:14:54,178 [pool-197-thread-1] INFO  server.RaftServerConfigKeys (ConfUtils.java:logGet(43)) - raft.server.log.appender.install.snapshot.enabled = false (custom)
2019-09-26 13:14:54,178 [pool-197-thread-1] INFO  impl.RaftServerImpl (ServerState.java:<init>(103)) - 96923b3f-1fe6-4c59-8fb3-c24db2dce8a2@group-07452E076A73: ConfigurationManager, init=-1: [96923b3f-1fe6-4c59-8fb3-c24db2dce8a2:192.168.164.238:32830], old=null, confs=<EMPTY_MAP>
2019-09-26 13:14:54,179 [pool-197-thread-1] INFO  server.RaftServerConfigKeys (ConfUtils.java:logGet(43)) - raft.server.storage.dir = [/workdir/hadoop-ozone/integration-test/target/test-dir/MiniOzoneClusterImpl-0e2f22a8-0633-4b2c-b0b3-4fc7cc6db949/datanode-2/data/ratis] (custom)
2019-09-26 13:14:54,179 [pool-197-thread-1] INFO  storage.RaftStorageDirectory (RaftStorageDirectory.java:analyzeStorage(246)) - The storage directory /workdir/hadoop-ozone/integration-test/target/test-dir/MiniOzoneClusterImpl-0e2f22a8-0633-4b2c-b0b3-4fc7cc6db949/datanode-2/data/ratis/df238beb-1b9f-4c7c-b46b-07452e076a73 does not exist. Creating ...
2019-09-26 13:14:54,192 [pool-197-thread-1] INFO  storage.RaftStorageDirectory (RaftStorageDirectory.java:tryLock(328)) - Lock on /workdir/hadoop-ozone/integration-test/target/test-dir/MiniOzoneClusterImpl-0e2f22a8-0633-4b2c-b0b3-4fc7cc6db949/datanode-2/data/ratis/df238beb-1b9f-4c7c-b46b-07452e076a73/in_use.lock acquired by nodename 10026@pr-hdds-1569-87zkn-1081879488
2019-09-26 13:14:54,216 [pool-197-thread-1] INFO  storage.RaftStorage (RaftStorage.java:format(72)) - Storage directory /workdir/hadoop-ozone/integration-test/target/test-dir/MiniOzoneClusterImpl-0e2f22a8-0633-4b2c-b0b3-4fc7cc6db949/datanode-2/data/ratis/df238beb-1b9f-4c7c-b46b-07452e076a73 has been successfully formatted.
2019-09-26 13:14:54,216 [pool-197-thread-1] INFO  ratis.ContainerStateMachine (ContainerStateMachine.java:loadSnapshot(230)) - group-07452E076A73: The snapshot info is null. Setting the last applied indexto:(t:0, i:~)
2019-09-26 13:14:54,216 [pool-197-thread-1] INFO  server.RaftServerConfigKeys (ConfUtils.java:logGet(43)) - raft.server.notification.no-leader.timeout = 120s (custom)
2019-09-26 13:14:54,216 [pool-197-thread-1] INFO  server.RaftServerConfigKeys (ConfUtils.java:logGet(43)) - raft.server.log.use.memory = false (default)
2019-09-26 13:14:54,217 [pool-197-thread-1] INFO  server.RaftServerConfigKeys (ConfUtils.java:logGet(43)) - raft.server.log.purge.gap = 1000000 (custom)
2019-09-26 13:14:54,217 [pool-197-thread-1] INFO  server.RaftServerConfigKeys (ConfUtils.java:logGet(43)) - raft.server.log.appender.buffer.byte-limit = 33554432 (custom)
2019-09-26 13:14:54,217 [pool-197-thread-1] INFO  server.RaftServerConfigKeys (ConfUtils.java:logGet(43)) - raft.server.log.segment.size.max = 1048576 (custom)
2019-09-26 13:14:54,217 [pool-197-thread-1] INFO  server.RaftServerConfigKeys (ConfUtils.java:logGet(43)) - raft.server.log.segment.cache.num.max = 2 (custom)
2019-09-26 13:14:54,217 [pool-197-thread-1] INFO  segmented.SegmentedRaftLogWorker (SegmentedRaftLogWorker.java:<init>(172)) - new 96923b3f-1fe6-4c59-8fb3-c24db2dce8a2@group-07452E076A73-SegmentedRaftLogWorker for RaftStorage:Storage Directory /workdir/hadoop-ozone/integration-test/target/test-dir/MiniOzoneClusterImpl-0e2f22a8-0633-4b2c-b0b3-4fc7cc6db949/datanode-2/data/ratis/df238beb-1b9f-4c7c-b46b-07452e076a73
2019-09-26 13:14:54,217 [pool-197-thread-1] INFO  server.RaftServerConfigKeys (ConfUtils.java:logGet(43)) - raft.server.log.queue.byte-limit = 2147483647 (custom)
2019-09-26 13:14:54,217 [pool-197-thread-1] INFO  server.RaftServerConfigKeys (ConfUtils.java:logGet(43)) - raft.server.log.queue.element-limit = 1024 (custom)
2019-09-26 13:14:54,217 [pool-197-thread-1] INFO  server.RaftServerConfigKeys (ConfUtils.java:logGet(43)) - raft.server.log.segment.size.max = 1048576 (custom)
2019-09-26 13:14:54,218 [pool-197-thread-1] INFO  server.RaftServerConfigKeys (ConfUtils.java:logGet(43)) - raft.server.log.preallocated.size = 16384 (custom)
2019-09-26 13:14:54,218 [pool-197-thread-1] INFO  server.RaftServerConfigKeys (ConfUtils.java:logGet(43)) - raft.server.log.write.buffer.size = 33554432 (custom)
2019-09-26 13:14:54,218 [pool-197-thread-1] INFO  server.RaftServerConfigKeys (ConfUtils.java:logGet(43)) - raft.server.log.force.sync.num = 128 (default)
2019-09-26 13:14:54,218 [pool-197-thread-1] INFO  server.RaftServerConfigKeys (ConfUtils.java:logGet(43)) - raft.server.log.statemachine.data.sync = true (default)
2019-09-26 13:14:54,218 [pool-197-thread-1] INFO  server.RaftServerConfigKeys (ConfUtils.java:logGet(43)) - raft.server.log.statemachine.data.sync.timeout = 10s (default)
2019-09-26 13:14:54,218 [pool-197-thread-1] INFO  server.RaftServerConfigKeys (ConfUtils.java:logGet(43)) - raft.server.log.statemachine.data.sync.timeout.retry = -1 (default)
2019-09-26 13:14:54,218 [pool-197-thread-1] INFO  server.RaftServerConfigKeys (ConfUtils.java:logGet(43)) - raft.server.log.statemachine.data.caching.enabled = true (custom)
2019-09-26 13:14:54,219 [pool-197-thread-1] INFO  segmented.SegmentedRaftLogWorker (SegmentedRaftLogWorker.java:lambda$new$0(132)) - 96923b3f-1fe6-4c59-8fb3-c24db2dce8a2@group-07452E076A73-SegmentedRaftLogWorker: flushIndex: setUnconditionally 0 -> -1
2019-09-26 13:14:54,219 [pool-197-thread-1] INFO  server.RaftServerConfigKeys (ConfUtils.java:logGet(43)) - raft.server.snapshot.auto.trigger.enabled = true (custom)
2019-09-26 13:14:54,219 [pool-197-thread-1] INFO  server.RaftServerConfigKeys (ConfUtils.java:logGet(43)) - raft.server.snapshot.auto.trigger.threshold = 10000 (custom)
2019-09-26 13:14:54,219 [pool-197-thread-1] INFO  server.RaftServerConfigKeys (ConfUtils.java:logGet(43)) - raft.server.snapshot.retention.num.files = 5 (custom)
2019-09-26 13:14:54,219 [pool-197-thread-1] INFO  server.RaftServerConfigKeys (ConfUtils.java:logGet(43)) - raft.server.retrycache.expirytime = 600000ms (custom)
2019-09-26 13:14:54,221 [pool-197-thread-1] INFO  impl.RaftServerImpl (RaftServerImpl.java:start(185)) - 96923b3f-1fe6-4c59-8fb3-c24db2dce8a2@group-07452E076A73: start as a follower, conf=-1: [96923b3f-1fe6-4c59-8fb3-c24db2dce8a2:192.168.164.238:32830], old=null
2019-09-26 13:14:54,221 [pool-197-thread-1] INFO  impl.RaftServerImpl (RaftServerImpl.java:setRole(174)) - 96923b3f-1fe6-4c59-8fb3-c24db2dce8a2@group-07452E076A73: changes role from      null to FOLLOWER at term 0 for startAsFollower
2019-09-26 13:14:54,221 [pool-197-thread-1] INFO  impl.RoleInfo (RoleInfo.java:updateAndGet(143)) - 96923b3f-1fe6-4c59-8fb3-c24db2dce8a2: start FollowerState
2019-09-26 13:14:54,221 [pool-197-thread-1] INFO  util.JmxRegister (JmxRegister.java:tryRegister(44)) - Successfully registered JMX Bean with object name Ratis:service=RaftServer,group=group-07452E076A73,id=96923b3f-1fe6-4c59-8fb3-c24db2dce8a2
2019-09-26 13:14:54,225 [RatisPipelineUtilsThread] INFO  pipeline.PipelineStateManager (PipelineStateManager.java:addPipeline(56)) - Created pipeline Pipeline[ Id: df238beb-1b9f-4c7c-b46b-07452e076a73, Nodes: 96923b3f-1fe6-4c59-8fb3-c24db2dce8a2{ip: 192.168.164.238, host: pr-hdds-1569-87zkn-1081879488, networkLocation: /default-rack, certSerialId: null}, Type:RATIS, Factor:ONE, State:OPEN]
2019-09-26 13:14:54,225 [RatisPipelineUtilsThread] INFO  pipeline.PipelinePlacementPolicy (PipelinePlacementPolicy.java:meetCriteria(91)) - Pipeline Placement: can't place more pipeline on heavy datanode： f059e689-8059-4932-82a3-6235693dbd82 Heaviness: 6 limit: 5
2019-09-26 13:14:54,230 [grpc-default-executor-0] INFO  impl.RaftServerProxy (RaftServerProxy.java:addNew(89)) - 96923b3f-1fe6-4c59-8fb3-c24db2dce8a2: addNew group-583E6DB6D1ED:[96923b3f-1fe6-4c59-8fb3-c24db2dce8a2:192.168.164.238:32830] returns group-583E6DB6D1ED:java.util.concurrent.CompletableFuture@20309c2f[Not completed]
2019-09-26 13:14:54,232 [pool-197-thread-1] INFO  impl.RaftServerImpl (RaftServerImpl.java:<init>(95)) - 96923b3f-1fe6-4c59-8fb3-c24db2dce8a2: new RaftServerImpl for group-583E6DB6D1ED:[96923b3f-1fe6-4c59-8fb3-c24db2dce8a2:192.168.164.238:32830] with ContainerStateMachine:uninitialized
2019-09-26 13:14:54,232 [pool-197-thread-1] INFO  server.RaftServerConfigKeys (ConfUtils.java:logGet(43)) - raft.server.rpc.timeout.min = 5s (custom)
2019-09-26 13:14:54,232 [pool-197-thread-1] INFO  server.RaftServerConfigKeys (ConfUtils.java:logGet(43)) - raft.server.rpc.timeout.max = 5200ms (custom)
2019-09-26 13:14:54,232 [pool-197-thread-1] INFO  server.RaftServerConfigKeys (ConfUtils.java:logGet(43)) - raft.server.rpcslowness.timeout = 120s (custom)
2019-09-26 13:14:54,233 [pool-197-thread-1] INFO  server.RaftServerConfigKeys (ConfUtils.java:logGet(43)) - raft.server.sleep.deviation.threshold = 300 (default)
2019-09-26 13:14:54,233 [pool-197-thread-1] INFO  server.RaftServerConfigKeys (ConfUtils.java:logGet(43)) - raft.server.log.appender.install.snapshot.enabled = false (custom)
2019-09-26 13:14:54,233 [pool-197-thread-1] INFO  impl.RaftServerImpl (ServerState.java:<init>(103)) - 96923b3f-1fe6-4c59-8fb3-c24db2dce8a2@group-583E6DB6D1ED: ConfigurationManager, init=-1: [96923b3f-1fe6-4c59-8fb3-c24db2dce8a2:192.168.164.238:32830], old=null, confs=<EMPTY_MAP>
2019-09-26 13:14:54,233 [pool-197-thread-1] INFO  server.RaftServerConfigKeys (ConfUtils.java:logGet(43)) - raft.server.storage.dir = [/workdir/hadoop-ozone/integration-test/target/test-dir/MiniOzoneClusterImpl-0e2f22a8-0633-4b2c-b0b3-4fc7cc6db949/datanode-2/data/ratis] (custom)
2019-09-26 13:14:54,233 [pool-197-thread-1] INFO  storage.RaftStorageDirectory (RaftStorageDirectory.java:analyzeStorage(246)) - The storage directory /workdir/hadoop-ozone/integration-test/target/test-dir/MiniOzoneClusterImpl-0e2f22a8-0633-4b2c-b0b3-4fc7cc6db949/datanode-2/data/ratis/e3b47aea-4547-4e7f-85d3-583e6db6d1ed does not exist. Creating ...
2019-09-26 13:14:54,247 [pool-197-thread-1] INFO  storage.RaftStorageDirectory (RaftStorageDirectory.java:tryLock(328)) - Lock on /workdir/hadoop-ozone/integration-test/target/test-dir/MiniOzoneClusterImpl-0e2f22a8-0633-4b2c-b0b3-4fc7cc6db949/datanode-2/data/ratis/e3b47aea-4547-4e7f-85d3-583e6db6d1ed/in_use.lock acquired by nodename 10026@pr-hdds-1569-87zkn-1081879488
2019-09-26 13:14:54,260 [pool-197-thread-1] INFO  storage.RaftStorage (RaftStorage.java:format(72)) - Storage directory /workdir/hadoop-ozone/integration-test/target/test-dir/MiniOzoneClusterImpl-0e2f22a8-0633-4b2c-b0b3-4fc7cc6db949/datanode-2/data/ratis/e3b47aea-4547-4e7f-85d3-583e6db6d1ed has been successfully formatted.
2019-09-26 13:14:54,260 [pool-197-thread-1] INFO  ratis.ContainerStateMachine (ContainerStateMachine.java:loadSnapshot(230)) - group-583E6DB6D1ED: The snapshot info is null. Setting the last applied indexto:(t:0, i:~)
2019-09-26 13:14:54,261 [pool-197-thread-1] INFO  server.RaftServerConfigKeys (ConfUtils.java:logGet(43)) - raft.server.notification.no-leader.timeout = 120s (custom)
2019-09-26 13:14:54,261 [pool-197-thread-1] INFO  server.RaftServerConfigKeys (ConfUtils.java:logGet(43)) - raft.server.log.use.memory = false (default)
2019-09-26 13:14:54,261 [pool-197-thread-1] INFO  server.RaftServerConfigKeys (ConfUtils.java:logGet(43)) - raft.server.log.purge.gap = 1000000 (custom)
2019-09-26 13:14:54,261 [pool-197-thread-1] INFO  server.RaftServerConfigKeys (ConfUtils.java:logGet(43)) - raft.server.log.appender.buffer.byte-limit = 33554432 (custom)
2019-09-26 13:14:54,261 [pool-197-thread-1] INFO  server.RaftServerConfigKeys (ConfUtils.java:logGet(43)) - raft.server.log.segment.size.max = 1048576 (custom)
2019-09-26 13:14:54,261 [pool-197-thread-1] INFO  server.RaftServerConfigKeys (ConfUtils.java:logGet(43)) - raft.server.log.segment.cache.num.max = 2 (custom)
2019-09-26 13:14:54,261 [pool-197-thread-1] INFO  segmented.SegmentedRaftLogWorker (SegmentedRaftLogWorker.java:<init>(172)) - new 96923b3f-1fe6-4c59-8fb3-c24db2dce8a2@group-583E6DB6D1ED-SegmentedRaftLogWorker for RaftStorage:Storage Directory /workdir/hadoop-ozone/integration-test/target/test-dir/MiniOzoneClusterImpl-0e2f22a8-0633-4b2c-b0b3-4fc7cc6db949/datanode-2/data/ratis/e3b47aea-4547-4e7f-85d3-583e6db6d1ed
2019-09-26 13:14:54,262 [pool-197-thread-1] INFO  server.RaftServerConfigKeys (ConfUtils.java:logGet(43)) - raft.server.log.queue.byte-limit = 2147483647 (custom)
2019-09-26 13:14:54,262 [pool-197-thread-1] INFO  server.RaftServerConfigKeys (ConfUtils.java:logGet(43)) - raft.server.log.queue.element-limit = 1024 (custom)
2019-09-26 13:14:54,262 [pool-197-thread-1] INFO  server.RaftServerConfigKeys (ConfUtils.java:logGet(43)) - raft.server.log.segment.size.max = 1048576 (custom)
2019-09-26 13:14:54,262 [pool-197-thread-1] INFO  server.RaftServerConfigKeys (ConfUtils.java:logGet(43)) - raft.server.log.preallocated.size = 16384 (custom)
2019-09-26 13:14:54,262 [pool-197-thread-1] INFO  server.RaftServerConfigKeys (ConfUtils.java:logGet(43)) - raft.server.log.write.buffer.size = 33554432 (custom)
2019-09-26 13:14:54,262 [pool-197-thread-1] INFO  server.RaftServerConfigKeys (ConfUtils.java:logGet(43)) - raft.server.log.force.sync.num = 128 (default)
2019-09-26 13:14:54,262 [pool-197-thread-1] INFO  server.RaftServerConfigKeys (ConfUtils.java:logGet(43)) - raft.server.log.statemachine.data.sync = true (default)
2019-09-26 13:14:54,262 [pool-197-thread-1] INFO  server.RaftServerConfigKeys (ConfUtils.java:logGet(43)) - raft.server.log.statemachine.data.sync.timeout = 10s (default)
2019-09-26 13:14:54,262 [pool-197-thread-1] INFO  server.RaftServerConfigKeys (ConfUtils.java:logGet(43)) - raft.server.log.statemachine.data.sync.timeout.retry = -1 (default)
2019-09-26 13:14:54,263 [pool-197-thread-1] INFO  server.RaftServerConfigKeys (ConfUtils.java:logGet(43)) - raft.server.log.statemachine.data.caching.enabled = true (custom)
2019-09-26 13:14:54,263 [pool-197-thread-1] INFO  segmented.SegmentedRaftLogWorker (SegmentedRaftLogWorker.java:lambda$new$0(132)) - 96923b3f-1fe6-4c59-8fb3-c24db2dce8a2@group-583E6DB6D1ED-SegmentedRaftLogWorker: flushIndex: setUnconditionally 0 -> -1
2019-09-26 13:14:54,263 [pool-197-thread-1] INFO  server.RaftServerConfigKeys (ConfUtils.java:logGet(43)) - raft.server.snapshot.auto.trigger.enabled = true (custom)
2019-09-26 13:14:54,263 [pool-197-thread-1] INFO  server.RaftServerConfigKeys (ConfUtils.java:logGet(43)) - raft.server.snapshot.auto.trigger.threshold = 10000 (custom)
2019-09-26 13:14:54,263 [pool-197-thread-1] INFO  server.RaftServerConfigKeys (ConfUtils.java:logGet(43)) - raft.server.snapshot.retention.num.files = 5 (custom)
2019-09-26 13:14:54,264 [pool-197-thread-1] INFO  server.RaftServerConfigKeys (ConfUtils.java:logGet(43)) - raft.server.retrycache.expirytime = 600000ms (custom)
2019-09-26 13:14:54,265 [pool-197-thread-1] INFO  impl.RaftServerImpl (RaftServerImpl.java:start(185)) - 96923b3f-1fe6-4c59-8fb3-c24db2dce8a2@group-583E6DB6D1ED: start as a follower, conf=-1: [96923b3f-1fe6-4c59-8fb3-c24db2dce8a2:192.168.164.238:32830], old=null
2019-09-26 13:14:54,265 [pool-197-thread-1] INFO  impl.RaftServerImpl (RaftServerImpl.java:setRole(174)) - 96923b3f-1fe6-4c59-8fb3-c24db2dce8a2@group-583E6DB6D1ED: changes role from      null to FOLLOWER at term 0 for startAsFollower
2019-09-26 13:14:54,266 [pool-197-thread-1] INFO  impl.RoleInfo (RoleInfo.java:updateAndGet(143)) - 96923b3f-1fe6-4c59-8fb3-c24db2dce8a2: start FollowerState
2019-09-26 13:14:54,266 [pool-197-thread-1] INFO  util.JmxRegister (JmxRegister.java:tryRegister(44)) - Successfully registered JMX Bean with object name Ratis:service=RaftServer,group=group-583E6DB6D1ED,id=96923b3f-1fe6-4c59-8fb3-c24db2dce8a2
2019-09-26 13:14:54,269 [RatisPipelineUtilsThread] INFO  pipeline.PipelineStateManager (PipelineStateManager.java:addPipeline(56)) - Created pipeline Pipeline[ Id: e3b47aea-4547-4e7f-85d3-583e6db6d1ed, Nodes: 96923b3f-1fe6-4c59-8fb3-c24db2dce8a2{ip: 192.168.164.238, host: pr-hdds-1569-87zkn-1081879488, networkLocation: /default-rack, certSerialId: null}, Type:RATIS, Factor:ONE, State:OPEN]
2019-09-26 13:14:54,269 [RatisPipelineUtilsThread] INFO  pipeline.PipelinePlacementPolicy (PipelinePlacementPolicy.java:meetCriteria(91)) - Pipeline Placement: can't place more pipeline on heavy datanode： f059e689-8059-4932-82a3-6235693dbd82 Heaviness: 6 limit: 5
2019-09-26 13:14:54,274 [grpc-default-executor-0] INFO  impl.RaftServerProxy (RaftServerProxy.java:addNew(89)) - d322b207-7882-4642-9c83-3568d3f94364: addNew group-7BB9E5B3A965:[d322b207-7882-4642-9c83-3568d3f94364:192.168.164.238:46290] returns group-7BB9E5B3A965:java.util.concurrent.CompletableFuture@7033025[Not completed]
2019-09-26 13:14:54,275 [pool-187-thread-1] INFO  impl.RaftServerImpl (RaftServerImpl.java:<init>(95)) - d322b207-7882-4642-9c83-3568d3f94364: new RaftServerImpl for group-7BB9E5B3A965:[d322b207-7882-4642-9c83-3568d3f94364:192.168.164.238:46290] with ContainerStateMachine:uninitialized
2019-09-26 13:14:54,275 [pool-187-thread-1] INFO  server.RaftServerConfigKeys (ConfUtils.java:logGet(43)) - raft.server.rpc.timeout.min = 5s (custom)
2019-09-26 13:14:54,276 [pool-187-thread-1] INFO  server.RaftServerConfigKeys (ConfUtils.java:logGet(43)) - raft.server.rpc.timeout.max = 5200ms (custom)
2019-09-26 13:14:54,276 [pool-187-thread-1] INFO  server.RaftServerConfigKeys (ConfUtils.java:logGet(43)) - raft.server.rpcslowness.timeout = 120s (custom)
2019-09-26 13:14:54,276 [pool-187-thread-1] INFO  server.RaftServerConfigKeys (ConfUtils.java:logGet(43)) - raft.server.sleep.deviation.threshold = 300 (default)
2019-09-26 13:14:54,276 [pool-187-thread-1] INFO  server.RaftServerConfigKeys (ConfUtils.java:logGet(43)) - raft.server.log.appender.install.snapshot.enabled = false (custom)
2019-09-26 13:14:54,276 [pool-187-thread-1] INFO  impl.RaftServerImpl (ServerState.java:<init>(103)) - d322b207-7882-4642-9c83-3568d3f94364@group-7BB9E5B3A965: ConfigurationManager, init=-1: [d322b207-7882-4642-9c83-3568d3f94364:192.168.164.238:46290], old=null, confs=<EMPTY_MAP>
2019-09-26 13:14:54,276 [pool-187-thread-1] INFO  server.RaftServerConfigKeys (ConfUtils.java:logGet(43)) - raft.server.storage.dir = [/workdir/hadoop-ozone/integration-test/target/test-dir/MiniOzoneClusterImpl-0e2f22a8-0633-4b2c-b0b3-4fc7cc6db949/datanode-1/data/ratis] (custom)
2019-09-26 13:14:54,276 [pool-187-thread-1] INFO  storage.RaftStorageDirectory (RaftStorageDirectory.java:analyzeStorage(246)) - The storage directory /workdir/hadoop-ozone/integration-test/target/test-dir/MiniOzoneClusterImpl-0e2f22a8-0633-4b2c-b0b3-4fc7cc6db949/datanode-1/data/ratis/bb944137-fa14-4a97-8d6e-7bb9e5b3a965 does not exist. Creating ...
2019-09-26 13:14:54,289 [pool-187-thread-1] INFO  storage.RaftStorageDirectory (RaftStorageDirectory.java:tryLock(328)) - Lock on /workdir/hadoop-ozone/integration-test/target/test-dir/MiniOzoneClusterImpl-0e2f22a8-0633-4b2c-b0b3-4fc7cc6db949/datanode-1/data/ratis/bb944137-fa14-4a97-8d6e-7bb9e5b3a965/in_use.lock acquired by nodename 10026@pr-hdds-1569-87zkn-1081879488
2019-09-26 13:14:54,302 [pool-187-thread-1] INFO  storage.RaftStorage (RaftStorage.java:format(72)) - Storage directory /workdir/hadoop-ozone/integration-test/target/test-dir/MiniOzoneClusterImpl-0e2f22a8-0633-4b2c-b0b3-4fc7cc6db949/datanode-1/data/ratis/bb944137-fa14-4a97-8d6e-7bb9e5b3a965 has been successfully formatted.
2019-09-26 13:14:54,303 [pool-187-thread-1] INFO  ratis.ContainerStateMachine (ContainerStateMachine.java:loadSnapshot(230)) - group-7BB9E5B3A965: The snapshot info is null. Setting the last applied indexto:(t:0, i:~)
2019-09-26 13:14:54,303 [pool-187-thread-1] INFO  server.RaftServerConfigKeys (ConfUtils.java:logGet(43)) - raft.server.notification.no-leader.timeout = 120s (custom)
2019-09-26 13:14:54,303 [pool-187-thread-1] INFO  server.RaftServerConfigKeys (ConfUtils.java:logGet(43)) - raft.server.log.use.memory = false (default)
2019-09-26 13:14:54,303 [pool-187-thread-1] INFO  server.RaftServerConfigKeys (ConfUtils.java:logGet(43)) - raft.server.log.purge.gap = 1000000 (custom)
2019-09-26 13:14:54,303 [pool-187-thread-1] INFO  server.RaftServerConfigKeys (ConfUtils.java:logGet(43)) - raft.server.log.appender.buffer.byte-limit = 33554432 (custom)
2019-09-26 13:14:54,303 [pool-187-thread-1] INFO  server.RaftServerConfigKeys (ConfUtils.java:logGet(43)) - raft.server.log.segment.size.max = 1048576 (custom)
2019-09-26 13:14:54,304 [pool-187-thread-1] INFO  server.RaftServerConfigKeys (ConfUtils.java:logGet(43)) - raft.server.log.segment.cache.num.max = 2 (custom)
2019-09-26 13:14:54,304 [pool-187-thread-1] INFO  segmented.SegmentedRaftLogWorker (SegmentedRaftLogWorker.java:<init>(172)) - new d322b207-7882-4642-9c83-3568d3f94364@group-7BB9E5B3A965-SegmentedRaftLogWorker for RaftStorage:Storage Directory /workdir/hadoop-ozone/integration-test/target/test-dir/MiniOzoneClusterImpl-0e2f22a8-0633-4b2c-b0b3-4fc7cc6db949/datanode-1/data/ratis/bb944137-fa14-4a97-8d6e-7bb9e5b3a965
2019-09-26 13:14:54,304 [pool-187-thread-1] INFO  server.RaftServerConfigKeys (ConfUtils.java:logGet(43)) - raft.server.log.queue.byte-limit = 2147483647 (custom)
2019-09-26 13:14:54,304 [pool-187-thread-1] INFO  server.RaftServerConfigKeys (ConfUtils.java:logGet(43)) - raft.server.log.queue.element-limit = 1024 (custom)
2019-09-26 13:14:54,304 [pool-187-thread-1] INFO  server.RaftServerConfigKeys (ConfUtils.java:logGet(43)) - raft.server.log.segment.size.max = 1048576 (custom)
2019-09-26 13:14:54,304 [pool-187-thread-1] INFO  server.RaftServerConfigKeys (ConfUtils.java:logGet(43)) - raft.server.log.preallocated.size = 16384 (custom)
2019-09-26 13:14:54,304 [pool-187-thread-1] INFO  server.RaftServerConfigKeys (ConfUtils.java:logGet(43)) - raft.server.log.write.buffer.size = 33554432 (custom)
2019-09-26 13:14:54,304 [pool-187-thread-1] INFO  server.RaftServerConfigKeys (ConfUtils.java:logGet(43)) - raft.server.log.force.sync.num = 128 (default)
2019-09-26 13:14:54,305 [pool-187-thread-1] INFO  server.RaftServerConfigKeys (ConfUtils.java:logGet(43)) - raft.server.log.statemachine.data.sync = true (default)
2019-09-26 13:14:54,305 [pool-187-thread-1] INFO  server.RaftServerConfigKeys (ConfUtils.java:logGet(43)) - raft.server.log.statemachine.data.sync.timeout = 10s (default)
2019-09-26 13:14:54,305 [pool-187-thread-1] INFO  server.RaftServerConfigKeys (ConfUtils.java:logGet(43)) - raft.server.log.statemachine.data.sync.timeout.retry = -1 (default)
2019-09-26 13:14:54,305 [pool-187-thread-1] INFO  server.RaftServerConfigKeys (ConfUtils.java:logGet(43)) - raft.server.log.statemachine.data.caching.enabled = true (custom)
2019-09-26 13:14:54,305 [pool-187-thread-1] INFO  segmented.SegmentedRaftLogWorker (SegmentedRaftLogWorker.java:lambda$new$0(132)) - d322b207-7882-4642-9c83-3568d3f94364@group-7BB9E5B3A965-SegmentedRaftLogWorker: flushIndex: setUnconditionally 0 -> -1
2019-09-26 13:14:54,306 [pool-187-thread-1] INFO  server.RaftServerConfigKeys (ConfUtils.java:logGet(43)) - raft.server.snapshot.auto.trigger.enabled = true (custom)
2019-09-26 13:14:54,306 [pool-187-thread-1] INFO  server.RaftServerConfigKeys (ConfUtils.java:logGet(43)) - raft.server.snapshot.auto.trigger.threshold = 10000 (custom)
2019-09-26 13:14:54,306 [pool-187-thread-1] INFO  server.RaftServerConfigKeys (ConfUtils.java:logGet(43)) - raft.server.snapshot.retention.num.files = 5 (custom)
2019-09-26 13:14:54,306 [pool-187-thread-1] INFO  server.RaftServerConfigKeys (ConfUtils.java:logGet(43)) - raft.server.retrycache.expirytime = 600000ms (custom)
2019-09-26 13:14:54,308 [pool-187-thread-1] INFO  impl.RaftServerImpl (RaftServerImpl.java:start(185)) - d322b207-7882-4642-9c83-3568d3f94364@group-7BB9E5B3A965: start as a follower, conf=-1: [d322b207-7882-4642-9c83-3568d3f94364:192.168.164.238:46290], old=null
2019-09-26 13:14:54,308 [pool-187-thread-1] INFO  impl.RaftServerImpl (RaftServerImpl.java:setRole(174)) - d322b207-7882-4642-9c83-3568d3f94364@group-7BB9E5B3A965: changes role from      null to FOLLOWER at term 0 for startAsFollower
2019-09-26 13:14:54,308 [pool-187-thread-1] INFO  impl.RoleInfo (RoleInfo.java:updateAndGet(143)) - d322b207-7882-4642-9c83-3568d3f94364: start FollowerState
2019-09-26 13:14:54,308 [pool-187-thread-1] INFO  util.JmxRegister (JmxRegister.java:tryRegister(44)) - Successfully registered JMX Bean with object name Ratis:service=RaftServer,group=group-7BB9E5B3A965,id=d322b207-7882-4642-9c83-3568d3f94364
2019-09-26 13:14:54,311 [RatisPipelineUtilsThread] INFO  pipeline.PipelineStateManager (PipelineStateManager.java:addPipeline(56)) - Created pipeline Pipeline[ Id: bb944137-fa14-4a97-8d6e-7bb9e5b3a965, Nodes: d322b207-7882-4642-9c83-3568d3f94364{ip: 192.168.164.238, host: pr-hdds-1569-87zkn-1081879488, networkLocation: /default-rack, certSerialId: null}, Type:RATIS, Factor:ONE, State:OPEN]
2019-09-26 13:14:54,311 [RatisPipelineUtilsThread] INFO  pipeline.PipelinePlacementPolicy (PipelinePlacementPolicy.java:meetCriteria(91)) - Pipeline Placement: can't place more pipeline on heavy datanode： f059e689-8059-4932-82a3-6235693dbd82 Heaviness: 6 limit: 5
2019-09-26 13:14:54,316 [grpc-default-executor-0] INFO  impl.RaftServerProxy (RaftServerProxy.java:addNew(89)) - d322b207-7882-4642-9c83-3568d3f94364: addNew group-624C5C7D760E:[d322b207-7882-4642-9c83-3568d3f94364:192.168.164.238:46290] returns group-624C5C7D760E:java.util.concurrent.CompletableFuture@a7b6f19[Not completed]
2019-09-26 13:14:54,317 [pool-187-thread-1] INFO  impl.RaftServerImpl (RaftServerImpl.java:<init>(95)) - d322b207-7882-4642-9c83-3568d3f94364: new RaftServerImpl for group-624C5C7D760E:[d322b207-7882-4642-9c83-3568d3f94364:192.168.164.238:46290] with ContainerStateMachine:uninitialized
2019-09-26 13:14:54,317 [pool-187-thread-1] INFO  server.RaftServerConfigKeys (ConfUtils.java:logGet(43)) - raft.server.rpc.timeout.min = 5s (custom)
2019-09-26 13:14:54,317 [pool-187-thread-1] INFO  server.RaftServerConfigKeys (ConfUtils.java:logGet(43)) - raft.server.rpc.timeout.max = 5200ms (custom)
2019-09-26 13:14:54,317 [pool-187-thread-1] INFO  server.RaftServerConfigKeys (ConfUtils.java:logGet(43)) - raft.server.rpcslowness.timeout = 120s (custom)
2019-09-26 13:14:54,318 [pool-187-thread-1] INFO  server.RaftServerConfigKeys (ConfUtils.java:logGet(43)) - raft.server.sleep.deviation.threshold = 300 (default)
2019-09-26 13:14:54,318 [pool-187-thread-1] INFO  server.RaftServerConfigKeys (ConfUtils.java:logGet(43)) - raft.server.log.appender.install.snapshot.enabled = false (custom)
2019-09-26 13:14:54,318 [pool-187-thread-1] INFO  impl.RaftServerImpl (ServerState.java:<init>(103)) - d322b207-7882-4642-9c83-3568d3f94364@group-624C5C7D760E: ConfigurationManager, init=-1: [d322b207-7882-4642-9c83-3568d3f94364:192.168.164.238:46290], old=null, confs=<EMPTY_MAP>
2019-09-26 13:14:54,318 [pool-187-thread-1] INFO  server.RaftServerConfigKeys (ConfUtils.java:logGet(43)) - raft.server.storage.dir = [/workdir/hadoop-ozone/integration-test/target/test-dir/MiniOzoneClusterImpl-0e2f22a8-0633-4b2c-b0b3-4fc7cc6db949/datanode-1/data/ratis] (custom)
2019-09-26 13:14:54,318 [pool-187-thread-1] INFO  storage.RaftStorageDirectory (RaftStorageDirectory.java:analyzeStorage(246)) - The storage directory /workdir/hadoop-ozone/integration-test/target/test-dir/MiniOzoneClusterImpl-0e2f22a8-0633-4b2c-b0b3-4fc7cc6db949/datanode-1/data/ratis/ea16e48c-58f0-4f6c-8d7d-624c5c7d760e does not exist. Creating ...
2019-09-26 13:14:54,331 [pool-187-thread-1] INFO  storage.RaftStorageDirectory (RaftStorageDirectory.java:tryLock(328)) - Lock on /workdir/hadoop-ozone/integration-test/target/test-dir/MiniOzoneClusterImpl-0e2f22a8-0633-4b2c-b0b3-4fc7cc6db949/datanode-1/data/ratis/ea16e48c-58f0-4f6c-8d7d-624c5c7d760e/in_use.lock acquired by nodename 10026@pr-hdds-1569-87zkn-1081879488
2019-09-26 13:14:54,344 [pool-187-thread-1] INFO  storage.RaftStorage (RaftStorage.java:format(72)) - Storage directory /workdir/hadoop-ozone/integration-test/target/test-dir/MiniOzoneClusterImpl-0e2f22a8-0633-4b2c-b0b3-4fc7cc6db949/datanode-1/data/ratis/ea16e48c-58f0-4f6c-8d7d-624c5c7d760e has been successfully formatted.
2019-09-26 13:14:54,344 [pool-187-thread-1] INFO  ratis.ContainerStateMachine (ContainerStateMachine.java:loadSnapshot(230)) - group-624C5C7D760E: The snapshot info is null. Setting the last applied indexto:(t:0, i:~)
2019-09-26 13:14:54,344 [pool-187-thread-1] INFO  server.RaftServerConfigKeys (ConfUtils.java:logGet(43)) - raft.server.notification.no-leader.timeout = 120s (custom)
2019-09-26 13:14:54,344 [pool-187-thread-1] INFO  server.RaftServerConfigKeys (ConfUtils.java:logGet(43)) - raft.server.log.use.memory = false (default)
2019-09-26 13:14:54,344 [pool-187-thread-1] INFO  server.RaftServerConfigKeys (ConfUtils.java:logGet(43)) - raft.server.log.purge.gap = 1000000 (custom)
2019-09-26 13:14:54,344 [pool-187-thread-1] INFO  server.RaftServerConfigKeys (ConfUtils.java:logGet(43)) - raft.server.log.appender.buffer.byte-limit = 33554432 (custom)
2019-09-26 13:14:54,344 [pool-187-thread-1] INFO  server.RaftServerConfigKeys (ConfUtils.java:logGet(43)) - raft.server.log.segment.size.max = 1048576 (custom)
2019-09-26 13:14:54,345 [pool-187-thread-1] INFO  server.RaftServerConfigKeys (ConfUtils.java:logGet(43)) - raft.server.log.segment.cache.num.max = 2 (custom)
2019-09-26 13:14:54,345 [pool-187-thread-1] INFO  segmented.SegmentedRaftLogWorker (SegmentedRaftLogWorker.java:<init>(172)) - new d322b207-7882-4642-9c83-3568d3f94364@group-624C5C7D760E-SegmentedRaftLogWorker for RaftStorage:Storage Directory /workdir/hadoop-ozone/integration-test/target/test-dir/MiniOzoneClusterImpl-0e2f22a8-0633-4b2c-b0b3-4fc7cc6db949/datanode-1/data/ratis/ea16e48c-58f0-4f6c-8d7d-624c5c7d760e
2019-09-26 13:14:54,345 [pool-187-thread-1] INFO  server.RaftServerConfigKeys (ConfUtils.java:logGet(43)) - raft.server.log.queue.byte-limit = 2147483647 (custom)
2019-09-26 13:14:54,345 [pool-187-thread-1] INFO  server.RaftServerConfigKeys (ConfUtils.java:logGet(43)) - raft.server.log.queue.element-limit = 1024 (custom)
2019-09-26 13:14:54,345 [pool-187-thread-1] INFO  server.RaftServerConfigKeys (ConfUtils.java:logGet(43)) - raft.server.log.segment.size.max = 1048576 (custom)
2019-09-26 13:14:54,345 [pool-187-thread-1] INFO  server.RaftServerConfigKeys (ConfUtils.java:logGet(43)) - raft.server.log.preallocated.size = 16384 (custom)
2019-09-26 13:14:54,345 [pool-187-thread-1] INFO  server.RaftServerConfigKeys (ConfUtils.java:logGet(43)) - raft.server.log.write.buffer.size = 33554432 (custom)
2019-09-26 13:14:54,345 [pool-187-thread-1] INFO  server.RaftServerConfigKeys (ConfUtils.java:logGet(43)) - raft.server.log.force.sync.num = 128 (default)
2019-09-26 13:14:54,345 [pool-187-thread-1] INFO  server.RaftServerConfigKeys (ConfUtils.java:logGet(43)) - raft.server.log.statemachine.data.sync = true (default)
2019-09-26 13:14:54,345 [pool-187-thread-1] INFO  server.RaftServerConfigKeys (ConfUtils.java:logGet(43)) - raft.server.log.statemachine.data.sync.timeout = 10s (default)
2019-09-26 13:14:54,345 [pool-187-thread-1] INFO  server.RaftServerConfigKeys (ConfUtils.java:logGet(43)) - raft.server.log.statemachine.data.sync.timeout.retry = -1 (default)
2019-09-26 13:14:54,346 [pool-187-thread-1] INFO  server.RaftServerConfigKeys (ConfUtils.java:logGet(43)) - raft.server.log.statemachine.data.caching.enabled = true (custom)
2019-09-26 13:14:54,346 [pool-187-thread-1] INFO  segmented.SegmentedRaftLogWorker (SegmentedRaftLogWorker.java:lambda$new$0(132)) - d322b207-7882-4642-9c83-3568d3f94364@group-624C5C7D760E-SegmentedRaftLogWorker: flushIndex: setUnconditionally 0 -> -1
2019-09-26 13:14:54,346 [pool-187-thread-1] INFO  server.RaftServerConfigKeys (ConfUtils.java:logGet(43)) - raft.server.snapshot.auto.trigger.enabled = true (custom)
2019-09-26 13:14:54,346 [pool-187-thread-1] INFO  server.RaftServerConfigKeys (ConfUtils.java:logGet(43)) - raft.server.snapshot.auto.trigger.threshold = 10000 (custom)
2019-09-26 13:14:54,346 [pool-187-thread-1] INFO  server.RaftServerConfigKeys (ConfUtils.java:logGet(43)) - raft.server.snapshot.retention.num.files = 5 (custom)
2019-09-26 13:14:54,346 [pool-187-thread-1] INFO  server.RaftServerConfigKeys (ConfUtils.java:logGet(43)) - raft.server.retrycache.expirytime = 600000ms (custom)
2019-09-26 13:14:54,348 [pool-187-thread-1] INFO  impl.RaftServerImpl (RaftServerImpl.java:start(185)) - d322b207-7882-4642-9c83-3568d3f94364@group-624C5C7D760E: start as a follower, conf=-1: [d322b207-7882-4642-9c83-3568d3f94364:192.168.164.238:46290], old=null
2019-09-26 13:14:54,348 [pool-187-thread-1] INFO  impl.RaftServerImpl (RaftServerImpl.java:setRole(174)) - d322b207-7882-4642-9c83-3568d3f94364@group-624C5C7D760E: changes role from      null to FOLLOWER at term 0 for startAsFollower
2019-09-26 13:14:54,348 [pool-187-thread-1] INFO  impl.RoleInfo (RoleInfo.java:updateAndGet(143)) - d322b207-7882-4642-9c83-3568d3f94364: start FollowerState
2019-09-26 13:14:54,348 [pool-187-thread-1] INFO  util.JmxRegister (JmxRegister.java:tryRegister(44)) - Successfully registered JMX Bean with object name Ratis:service=RaftServer,group=group-624C5C7D760E,id=d322b207-7882-4642-9c83-3568d3f94364
2019-09-26 13:14:54,351 [RatisPipelineUtilsThread] INFO  pipeline.PipelineStateManager (PipelineStateManager.java:addPipeline(56)) - Created pipeline Pipeline[ Id: ea16e48c-58f0-4f6c-8d7d-624c5c7d760e, Nodes: d322b207-7882-4642-9c83-3568d3f94364{ip: 192.168.164.238, host: pr-hdds-1569-87zkn-1081879488, networkLocation: /default-rack, certSerialId: null}, Type:RATIS, Factor:ONE, State:OPEN]
2019-09-26 13:14:54,352 [RatisPipelineUtilsThread] INFO  pipeline.PipelinePlacementPolicy (PipelinePlacementPolicy.java:meetCriteria(91)) - Pipeline Placement: can't place more pipeline on heavy datanode： f059e689-8059-4932-82a3-6235693dbd82 Heaviness: 6 limit: 5
2019-09-26 13:14:54,352 [RatisPipelineUtilsThread] INFO  pipeline.PipelinePlacementPolicy (PipelinePlacementPolicy.java:meetCriteria(91)) - Pipeline Placement: can't place more pipeline on heavy datanode： d322b207-7882-4642-9c83-3568d3f94364 Heaviness: 6 limit: 5
2019-09-26 13:14:54,357 [grpc-default-executor-0] INFO  impl.RaftServerProxy (RaftServerProxy.java:addNew(89)) - 96923b3f-1fe6-4c59-8fb3-c24db2dce8a2: addNew group-814D2A4C1D31:[96923b3f-1fe6-4c59-8fb3-c24db2dce8a2:192.168.164.238:32830] returns group-814D2A4C1D31:java.util.concurrent.CompletableFuture@5efd257b[Not completed]
2019-09-26 13:14:54,359 [pool-197-thread-1] INFO  impl.RaftServerImpl (RaftServerImpl.java:<init>(95)) - 96923b3f-1fe6-4c59-8fb3-c24db2dce8a2: new RaftServerImpl for group-814D2A4C1D31:[96923b3f-1fe6-4c59-8fb3-c24db2dce8a2:192.168.164.238:32830] with ContainerStateMachine:uninitialized
2019-09-26 13:14:54,360 [pool-197-thread-1] INFO  server.RaftServerConfigKeys (ConfUtils.java:logGet(43)) - raft.server.rpc.timeout.min = 5s (custom)
2019-09-26 13:14:54,360 [pool-197-thread-1] INFO  server.RaftServerConfigKeys (ConfUtils.java:logGet(43)) - raft.server.rpc.timeout.max = 5200ms (custom)
2019-09-26 13:14:54,360 [pool-197-thread-1] INFO  server.RaftServerConfigKeys (ConfUtils.java:logGet(43)) - raft.server.rpcslowness.timeout = 120s (custom)
2019-09-26 13:14:54,360 [pool-197-thread-1] INFO  server.RaftServerConfigKeys (ConfUtils.java:logGet(43)) - raft.server.sleep.deviation.threshold = 300 (default)
2019-09-26 13:14:54,360 [pool-197-thread-1] INFO  server.RaftServerConfigKeys (ConfUtils.java:logGet(43)) - raft.server.log.appender.install.snapshot.enabled = false (custom)
2019-09-26 13:14:54,361 [pool-197-thread-1] INFO  impl.RaftServerImpl (ServerState.java:<init>(103)) - 96923b3f-1fe6-4c59-8fb3-c24db2dce8a2@group-814D2A4C1D31: ConfigurationManager, init=-1: [96923b3f-1fe6-4c59-8fb3-c24db2dce8a2:192.168.164.238:32830], old=null, confs=<EMPTY_MAP>
2019-09-26 13:14:54,361 [pool-197-thread-1] INFO  server.RaftServerConfigKeys (ConfUtils.java:logGet(43)) - raft.server.storage.dir = [/workdir/hadoop-ozone/integration-test/target/test-dir/MiniOzoneClusterImpl-0e2f22a8-0633-4b2c-b0b3-4fc7cc6db949/datanode-2/data/ratis] (custom)
2019-09-26 13:14:54,361 [pool-197-thread-1] INFO  storage.RaftStorageDirectory (RaftStorageDirectory.java:analyzeStorage(246)) - The storage directory /workdir/hadoop-ozone/integration-test/target/test-dir/MiniOzoneClusterImpl-0e2f22a8-0633-4b2c-b0b3-4fc7cc6db949/datanode-2/data/ratis/359ceb21-48d1-4323-9b30-814d2a4c1d31 does not exist. Creating ...
2019-09-26 13:14:54,374 [pool-197-thread-1] INFO  storage.RaftStorageDirectory (RaftStorageDirectory.java:tryLock(328)) - Lock on /workdir/hadoop-ozone/integration-test/target/test-dir/MiniOzoneClusterImpl-0e2f22a8-0633-4b2c-b0b3-4fc7cc6db949/datanode-2/data/ratis/359ceb21-48d1-4323-9b30-814d2a4c1d31/in_use.lock acquired by nodename 10026@pr-hdds-1569-87zkn-1081879488
2019-09-26 13:14:54,387 [pool-197-thread-1] INFO  storage.RaftStorage (RaftStorage.java:format(72)) - Storage directory /workdir/hadoop-ozone/integration-test/target/test-dir/MiniOzoneClusterImpl-0e2f22a8-0633-4b2c-b0b3-4fc7cc6db949/datanode-2/data/ratis/359ceb21-48d1-4323-9b30-814d2a4c1d31 has been successfully formatted.
2019-09-26 13:14:54,388 [pool-197-thread-1] INFO  ratis.ContainerStateMachine (ContainerStateMachine.java:loadSnapshot(230)) - group-814D2A4C1D31: The snapshot info is null. Setting the last applied indexto:(t:0, i:~)
2019-09-26 13:14:54,388 [pool-197-thread-1] INFO  server.RaftServerConfigKeys (ConfUtils.java:logGet(43)) - raft.server.notification.no-leader.timeout = 120s (custom)
2019-09-26 13:14:54,388 [pool-197-thread-1] INFO  server.RaftServerConfigKeys (ConfUtils.java:logGet(43)) - raft.server.log.use.memory = false (default)
2019-09-26 13:14:54,388 [pool-197-thread-1] INFO  server.RaftServerConfigKeys (ConfUtils.java:logGet(43)) - raft.server.log.purge.gap = 1000000 (custom)
2019-09-26 13:14:54,388 [pool-197-thread-1] INFO  server.RaftServerConfigKeys (ConfUtils.java:logGet(43)) - raft.server.log.appender.buffer.byte-limit = 33554432 (custom)
2019-09-26 13:14:54,388 [pool-197-thread-1] INFO  server.RaftServerConfigKeys (ConfUtils.java:logGet(43)) - raft.server.log.segment.size.max = 1048576 (custom)
2019-09-26 13:14:54,389 [pool-197-thread-1] INFO  server.RaftServerConfigKeys (ConfUtils.java:logGet(43)) - raft.server.log.segment.cache.num.max = 2 (custom)
2019-09-26 13:14:54,389 [pool-197-thread-1] INFO  segmented.SegmentedRaftLogWorker (SegmentedRaftLogWorker.java:<init>(172)) - new 96923b3f-1fe6-4c59-8fb3-c24db2dce8a2@group-814D2A4C1D31-SegmentedRaftLogWorker for RaftStorage:Storage Directory /workdir/hadoop-ozone/integration-test/target/test-dir/MiniOzoneClusterImpl-0e2f22a8-0633-4b2c-b0b3-4fc7cc6db949/datanode-2/data/ratis/359ceb21-48d1-4323-9b30-814d2a4c1d31
2019-09-26 13:14:54,389 [pool-197-thread-1] INFO  server.RaftServerConfigKeys (ConfUtils.java:logGet(43)) - raft.server.log.queue.byte-limit = 2147483647 (custom)
2019-09-26 13:14:54,389 [pool-197-thread-1] INFO  server.RaftServerConfigKeys (ConfUtils.java:logGet(43)) - raft.server.log.queue.element-limit = 1024 (custom)
2019-09-26 13:14:54,389 [pool-197-thread-1] INFO  server.RaftServerConfigKeys (ConfUtils.java:logGet(43)) - raft.server.log.segment.size.max = 1048576 (custom)
2019-09-26 13:14:54,389 [pool-197-thread-1] INFO  server.RaftServerConfigKeys (ConfUtils.java:logGet(43)) - raft.server.log.preallocated.size = 16384 (custom)
2019-09-26 13:14:54,390 [pool-197-thread-1] INFO  server.RaftServerConfigKeys (ConfUtils.java:logGet(43)) - raft.server.log.write.buffer.size = 33554432 (custom)
2019-09-26 13:14:54,390 [pool-197-thread-1] INFO  server.RaftServerConfigKeys (ConfUtils.java:logGet(43)) - raft.server.log.force.sync.num = 128 (default)
2019-09-26 13:14:54,390 [pool-197-thread-1] INFO  server.RaftServerConfigKeys (ConfUtils.java:logGet(43)) - raft.server.log.statemachine.data.sync = true (default)
2019-09-26 13:14:54,390 [pool-197-thread-1] INFO  server.RaftServerConfigKeys (ConfUtils.java:logGet(43)) - raft.server.log.statemachine.data.sync.timeout = 10s (default)
2019-09-26 13:14:54,390 [pool-197-thread-1] INFO  server.RaftServerConfigKeys (ConfUtils.java:logGet(43)) - raft.server.log.statemachine.data.sync.timeout.retry = -1 (default)
2019-09-26 13:14:54,390 [pool-197-thread-1] INFO  server.RaftServerConfigKeys (ConfUtils.java:logGet(43)) - raft.server.log.statemachine.data.caching.enabled = true (custom)
2019-09-26 13:14:54,391 [pool-197-thread-1] INFO  segmented.SegmentedRaftLogWorker (SegmentedRaftLogWorker.java:lambda$new$0(132)) - 96923b3f-1fe6-4c59-8fb3-c24db2dce8a2@group-814D2A4C1D31-SegmentedRaftLogWorker: flushIndex: setUnconditionally 0 -> -1
2019-09-26 13:14:54,391 [pool-197-thread-1] INFO  server.RaftServerConfigKeys (ConfUtils.java:logGet(43)) - raft.server.snapshot.auto.trigger.enabled = true (custom)
2019-09-26 13:14:54,391 [pool-197-thread-1] INFO  server.RaftServerConfigKeys (ConfUtils.java:logGet(43)) - raft.server.snapshot.auto.trigger.threshold = 10000 (custom)
2019-09-26 13:14:54,391 [pool-197-thread-1] INFO  server.RaftServerConfigKeys (ConfUtils.java:logGet(43)) - raft.server.snapshot.retention.num.files = 5 (custom)
2019-09-26 13:14:54,392 [pool-197-thread-1] INFO  server.RaftServerConfigKeys (ConfUtils.java:logGet(43)) - raft.server.retrycache.expirytime = 600000ms (custom)
2019-09-26 13:14:54,394 [pool-197-thread-1] INFO  impl.RaftServerImpl (RaftServerImpl.java:start(185)) - 96923b3f-1fe6-4c59-8fb3-c24db2dce8a2@group-814D2A4C1D31: start as a follower, conf=-1: [96923b3f-1fe6-4c59-8fb3-c24db2dce8a2:192.168.164.238:32830], old=null
2019-09-26 13:14:54,394 [pool-197-thread-1] INFO  impl.RaftServerImpl (RaftServerImpl.java:setRole(174)) - 96923b3f-1fe6-4c59-8fb3-c24db2dce8a2@group-814D2A4C1D31: changes role from      null to FOLLOWER at term 0 for startAsFollower
2019-09-26 13:14:54,394 [pool-197-thread-1] INFO  impl.RoleInfo (RoleInfo.java:updateAndGet(143)) - 96923b3f-1fe6-4c59-8fb3-c24db2dce8a2: start FollowerState
2019-09-26 13:14:54,394 [pool-197-thread-1] INFO  util.JmxRegister (JmxRegister.java:tryRegister(44)) - Successfully registered JMX Bean with object name Ratis:service=RaftServer,group=group-814D2A4C1D31,id=96923b3f-1fe6-4c59-8fb3-c24db2dce8a2
2019-09-26 13:14:54,397 [RatisPipelineUtilsThread] INFO  pipeline.PipelineStateManager (PipelineStateManager.java:addPipeline(56)) - Created pipeline Pipeline[ Id: 359ceb21-48d1-4323-9b30-814d2a4c1d31, Nodes: 96923b3f-1fe6-4c59-8fb3-c24db2dce8a2{ip: 192.168.164.238, host: pr-hdds-1569-87zkn-1081879488, networkLocation: /default-rack, certSerialId: null}, Type:RATIS, Factor:ONE, State:OPEN]
2019-09-26 13:14:54,397 [RatisPipelineUtilsThread] INFO  pipeline.PipelinePlacementPolicy (PipelinePlacementPolicy.java:meetCriteria(91)) - Pipeline Placement: can't place more pipeline on heavy datanode： f059e689-8059-4932-82a3-6235693dbd82 Heaviness: 6 limit: 5
2019-09-26 13:14:54,398 [RatisPipelineUtilsThread] INFO  pipeline.PipelinePlacementPolicy (PipelinePlacementPolicy.java:meetCriteria(91)) - Pipeline Placement: can't place more pipeline on heavy datanode： d322b207-7882-4642-9c83-3568d3f94364 Heaviness: 6 limit: 5
2019-09-26 13:14:54,403 [grpc-default-executor-0] INFO  impl.RaftServerProxy (RaftServerProxy.java:addNew(89)) - 96923b3f-1fe6-4c59-8fb3-c24db2dce8a2: addNew group-B4B706C6A159:[96923b3f-1fe6-4c59-8fb3-c24db2dce8a2:192.168.164.238:32830] returns group-B4B706C6A159:java.util.concurrent.CompletableFuture@53853b14[Not completed]
2019-09-26 13:14:54,404 [pool-197-thread-1] INFO  impl.RaftServerImpl (RaftServerImpl.java:<init>(95)) - 96923b3f-1fe6-4c59-8fb3-c24db2dce8a2: new RaftServerImpl for group-B4B706C6A159:[96923b3f-1fe6-4c59-8fb3-c24db2dce8a2:192.168.164.238:32830] with ContainerStateMachine:uninitialized
2019-09-26 13:14:54,405 [pool-197-thread-1] INFO  server.RaftServerConfigKeys (ConfUtils.java:logGet(43)) - raft.server.rpc.timeout.min = 5s (custom)
2019-09-26 13:14:54,405 [pool-197-thread-1] INFO  server.RaftServerConfigKeys (ConfUtils.java:logGet(43)) - raft.server.rpc.timeout.max = 5200ms (custom)
2019-09-26 13:14:54,405 [pool-197-thread-1] INFO  server.RaftServerConfigKeys (ConfUtils.java:logGet(43)) - raft.server.rpcslowness.timeout = 120s (custom)
2019-09-26 13:14:54,405 [pool-197-thread-1] INFO  server.RaftServerConfigKeys (ConfUtils.java:logGet(43)) - raft.server.sleep.deviation.threshold = 300 (default)
2019-09-26 13:14:54,405 [pool-197-thread-1] INFO  server.RaftServerConfigKeys (ConfUtils.java:logGet(43)) - raft.server.log.appender.install.snapshot.enabled = false (custom)
2019-09-26 13:14:54,405 [pool-197-thread-1] INFO  impl.RaftServerImpl (ServerState.java:<init>(103)) - 96923b3f-1fe6-4c59-8fb3-c24db2dce8a2@group-B4B706C6A159: ConfigurationManager, init=-1: [96923b3f-1fe6-4c59-8fb3-c24db2dce8a2:192.168.164.238:32830], old=null, confs=<EMPTY_MAP>
2019-09-26 13:14:54,405 [pool-197-thread-1] INFO  server.RaftServerConfigKeys (ConfUtils.java:logGet(43)) - raft.server.storage.dir = [/workdir/hadoop-ozone/integration-test/target/test-dir/MiniOzoneClusterImpl-0e2f22a8-0633-4b2c-b0b3-4fc7cc6db949/datanode-2/data/ratis] (custom)
2019-09-26 13:14:54,406 [pool-197-thread-1] INFO  storage.RaftStorageDirectory (RaftStorageDirectory.java:analyzeStorage(246)) - The storage directory /workdir/hadoop-ozone/integration-test/target/test-dir/MiniOzoneClusterImpl-0e2f22a8-0633-4b2c-b0b3-4fc7cc6db949/datanode-2/data/ratis/1051c09b-6a98-4992-abd7-b4b706c6a159 does not exist. Creating ...
2019-09-26 13:14:54,419 [pool-197-thread-1] INFO  storage.RaftStorageDirectory (RaftStorageDirectory.java:tryLock(328)) - Lock on /workdir/hadoop-ozone/integration-test/target/test-dir/MiniOzoneClusterImpl-0e2f22a8-0633-4b2c-b0b3-4fc7cc6db949/datanode-2/data/ratis/1051c09b-6a98-4992-abd7-b4b706c6a159/in_use.lock acquired by nodename 10026@pr-hdds-1569-87zkn-1081879488
2019-09-26 13:14:54,423 [pool-197-thread-1] INFO  storage.RaftStorage (RaftStorage.java:format(72)) - Storage directory /workdir/hadoop-ozone/integration-test/target/test-dir/MiniOzoneClusterImpl-0e2f22a8-0633-4b2c-b0b3-4fc7cc6db949/datanode-2/data/ratis/1051c09b-6a98-4992-abd7-b4b706c6a159 has been successfully formatted.
2019-09-26 13:14:54,423 [pool-197-thread-1] INFO  ratis.ContainerStateMachine (ContainerStateMachine.java:loadSnapshot(230)) - group-B4B706C6A159: The snapshot info is null. Setting the last applied indexto:(t:0, i:~)
2019-09-26 13:14:54,423 [pool-197-thread-1] INFO  server.RaftServerConfigKeys (ConfUtils.java:logGet(43)) - raft.server.notification.no-leader.timeout = 120s (custom)
2019-09-26 13:14:54,423 [pool-197-thread-1] INFO  server.RaftServerConfigKeys (ConfUtils.java:logGet(43)) - raft.server.log.use.memory = false (default)
2019-09-26 13:14:54,424 [pool-197-thread-1] INFO  server.RaftServerConfigKeys (ConfUtils.java:logGet(43)) - raft.server.log.purge.gap = 1000000 (custom)
2019-09-26 13:14:54,424 [pool-197-thread-1] INFO  server.RaftServerConfigKeys (ConfUtils.java:logGet(43)) - raft.server.log.appender.buffer.byte-limit = 33554432 (custom)
2019-09-26 13:14:54,424 [pool-197-thread-1] INFO  server.RaftServerConfigKeys (ConfUtils.java:logGet(43)) - raft.server.log.segment.size.max = 1048576 (custom)
2019-09-26 13:14:54,424 [pool-197-thread-1] INFO  server.RaftServerConfigKeys (ConfUtils.java:logGet(43)) - raft.server.log.segment.cache.num.max = 2 (custom)
2019-09-26 13:14:54,424 [pool-197-thread-1] INFO  segmented.SegmentedRaftLogWorker (SegmentedRaftLogWorker.java:<init>(172)) - new 96923b3f-1fe6-4c59-8fb3-c24db2dce8a2@group-B4B706C6A159-SegmentedRaftLogWorker for RaftStorage:Storage Directory /workdir/hadoop-ozone/integration-test/target/test-dir/MiniOzoneClusterImpl-0e2f22a8-0633-4b2c-b0b3-4fc7cc6db949/datanode-2/data/ratis/1051c09b-6a98-4992-abd7-b4b706c6a159
2019-09-26 13:14:54,425 [pool-197-thread-1] INFO  server.RaftServerConfigKeys (ConfUtils.java:logGet(43)) - raft.server.log.queue.byte-limit = 2147483647 (custom)
2019-09-26 13:14:54,425 [pool-197-thread-1] INFO  server.RaftServerConfigKeys (ConfUtils.java:logGet(43)) - raft.server.log.queue.element-limit = 1024 (custom)
2019-09-26 13:14:54,425 [pool-197-thread-1] INFO  server.RaftServerConfigKeys (ConfUtils.java:logGet(43)) - raft.server.log.segment.size.max = 1048576 (custom)
2019-09-26 13:14:54,425 [pool-197-thread-1] INFO  server.RaftServerConfigKeys (ConfUtils.java:logGet(43)) - raft.server.log.preallocated.size = 16384 (custom)
2019-09-26 13:14:54,425 [pool-197-thread-1] INFO  server.RaftServerConfigKeys (ConfUtils.java:logGet(43)) - raft.server.log.write.buffer.size = 33554432 (custom)
2019-09-26 13:14:54,425 [pool-197-thread-1] INFO  server.RaftServerConfigKeys (ConfUtils.java:logGet(43)) - raft.server.log.force.sync.num = 128 (default)
2019-09-26 13:14:54,425 [pool-197-thread-1] INFO  server.RaftServerConfigKeys (ConfUtils.java:logGet(43)) - raft.server.log.statemachine.data.sync = true (default)
2019-09-26 13:14:54,425 [pool-197-thread-1] INFO  server.RaftServerConfigKeys (ConfUtils.java:logGet(43)) - raft.server.log.statemachine.data.sync.timeout = 10s (default)
2019-09-26 13:14:54,426 [pool-197-thread-1] INFO  server.RaftServerConfigKeys (ConfUtils.java:logGet(43)) - raft.server.log.statemachine.data.sync.timeout.retry = -1 (default)
2019-09-26 13:14:54,426 [pool-197-thread-1] INFO  server.RaftServerConfigKeys (ConfUtils.java:logGet(43)) - raft.server.log.statemachine.data.caching.enabled = true (custom)
2019-09-26 13:14:54,426 [pool-197-thread-1] INFO  segmented.SegmentedRaftLogWorker (SegmentedRaftLogWorker.java:lambda$new$0(132)) - 96923b3f-1fe6-4c59-8fb3-c24db2dce8a2@group-B4B706C6A159-SegmentedRaftLogWorker: flushIndex: setUnconditionally 0 -> -1
2019-09-26 13:14:54,426 [pool-197-thread-1] INFO  server.RaftServerConfigKeys (ConfUtils.java:logGet(43)) - raft.server.snapshot.auto.trigger.enabled = true (custom)
2019-09-26 13:14:54,427 [pool-197-thread-1] INFO  server.RaftServerConfigKeys (ConfUtils.java:logGet(43)) - raft.server.snapshot.auto.trigger.threshold = 10000 (custom)
2019-09-26 13:14:54,427 [pool-197-thread-1] INFO  server.RaftServerConfigKeys (ConfUtils.java:logGet(43)) - raft.server.snapshot.retention.num.files = 5 (custom)
2019-09-26 13:14:54,427 [pool-197-thread-1] INFO  server.RaftServerConfigKeys (ConfUtils.java:logGet(43)) - raft.server.retrycache.expirytime = 600000ms (custom)
2019-09-26 13:14:54,429 [pool-197-thread-1] INFO  impl.RaftServerImpl (RaftServerImpl.java:start(185)) - 96923b3f-1fe6-4c59-8fb3-c24db2dce8a2@group-B4B706C6A159: start as a follower, conf=-1: [96923b3f-1fe6-4c59-8fb3-c24db2dce8a2:192.168.164.238:32830], old=null
2019-09-26 13:14:54,429 [pool-197-thread-1] INFO  impl.RaftServerImpl (RaftServerImpl.java:setRole(174)) - 96923b3f-1fe6-4c59-8fb3-c24db2dce8a2@group-B4B706C6A159: changes role from      null to FOLLOWER at term 0 for startAsFollower
2019-09-26 13:14:54,429 [pool-197-thread-1] INFO  impl.RoleInfo (RoleInfo.java:updateAndGet(143)) - 96923b3f-1fe6-4c59-8fb3-c24db2dce8a2: start FollowerState
2019-09-26 13:14:54,429 [pool-197-thread-1] INFO  util.JmxRegister (JmxRegister.java:tryRegister(44)) - Successfully registered JMX Bean with object name Ratis:service=RaftServer,group=group-B4B706C6A159,id=96923b3f-1fe6-4c59-8fb3-c24db2dce8a2
2019-09-26 13:14:54,432 [RatisPipelineUtilsThread] INFO  pipeline.PipelineStateManager (PipelineStateManager.java:addPipeline(56)) - Created pipeline Pipeline[ Id: 1051c09b-6a98-4992-abd7-b4b706c6a159, Nodes: 96923b3f-1fe6-4c59-8fb3-c24db2dce8a2{ip: 192.168.164.238, host: pr-hdds-1569-87zkn-1081879488, networkLocation: /default-rack, certSerialId: null}, Type:RATIS, Factor:ONE, State:OPEN]
2019-09-26 13:14:54,433 [RatisPipelineUtilsThread] INFO  pipeline.PipelinePlacementPolicy (PipelinePlacementPolicy.java:meetCriteria(91)) - Pipeline Placement: can't place more pipeline on heavy datanode： f059e689-8059-4932-82a3-6235693dbd82 Heaviness: 6 limit: 5
2019-09-26 13:14:54,433 [RatisPipelineUtilsThread] INFO  pipeline.PipelinePlacementPolicy (PipelinePlacementPolicy.java:meetCriteria(91)) - Pipeline Placement: can't place more pipeline on heavy datanode： 96923b3f-1fe6-4c59-8fb3-c24db2dce8a2 Heaviness: 6 limit: 5
2019-09-26 13:14:54,433 [RatisPipelineUtilsThread] INFO  pipeline.PipelinePlacementPolicy (PipelinePlacementPolicy.java:meetCriteria(91)) - Pipeline Placement: can't place more pipeline on heavy datanode： d322b207-7882-4642-9c83-3568d3f94364 Heaviness: 6 limit: 5
2019-09-26 13:14:54,433 [RatisPipelineUtilsThread] ERROR pipeline.PipelinePlacementPolicy (PipelinePlacementPolicy.java:filterViableNodes(148)) - Unable to find enough nodes that meet the criteria that cannot engage in more than 5 pipelines. Nodes required: 1 Found: 0, healthy nodes count inNodeManager: 3.
2019-09-26 13:14:54,433 [RatisPipelineUtilsThread] ERROR pipeline.SCMPipelineManager (SCMPipelineManager.java:createPipeline(167)) - Pipeline creation failed.
org.apache.hadoop.hdds.scm.exceptions.SCMException: Unable to find enough nodes that meet the criteria that cannot engage in more than 5 pipelines. Nodes required: 1 Found: 0, healthy nodes count inNodeManager: 3.
	at org.apache.hadoop.hdds.scm.pipeline.PipelinePlacementPolicy.filterViableNodes(PipelinePlacementPolicy.java:149)
	at org.apache.hadoop.hdds.scm.pipeline.PipelinePlacementPolicy.chooseDatanodes(PipelinePlacementPolicy.java:172)
	at org.apache.hadoop.hdds.scm.pipeline.RatisPipelineProvider.create(RatisPipelineProvider.java:93)
	at org.apache.hadoop.hdds.scm.pipeline.PipelineFactory.create(PipelineFactory.java:58)
	at org.apache.hadoop.hdds.scm.pipeline.SCMPipelineManager.createPipeline(SCMPipelineManager.java:155)
	at org.apache.hadoop.hdds.scm.pipeline.BackgroundPipelineCreator.createPipelines(BackgroundPipelineCreator.java:99)
	at java.util.concurrent.Executors$RunnableAdapter.call(Executors.java:511)
	at java.util.concurrent.FutureTask.run(FutureTask.java:266)
	at java.util.concurrent.ScheduledThreadPoolExecutor$ScheduledFutureTask.access$201(ScheduledThreadPoolExecutor.java:180)
	at java.util.concurrent.ScheduledThreadPoolExecutor$ScheduledFutureTask.run(ScheduledThreadPoolExecutor.java:293)
	at java.util.concurrent.ThreadPoolExecutor.runWorker(ThreadPoolExecutor.java:1149)
	at java.util.concurrent.ThreadPoolExecutor$Worker.run(ThreadPoolExecutor.java:624)
	at java.lang.Thread.run(Thread.java:748)
2019-09-26 13:14:54,434 [RatisPipelineUtilsThread] INFO  pipeline.PipelinePlacementPolicy (PipelinePlacementPolicy.java:meetCriteria(91)) - Pipeline Placement: can't place more pipeline on heavy datanode： f059e689-8059-4932-82a3-6235693dbd82 Heaviness: 6 limit: 5
2019-09-26 13:14:54,434 [RatisPipelineUtilsThread] INFO  pipeline.PipelinePlacementPolicy (PipelinePlacementPolicy.java:meetCriteria(91)) - Pipeline Placement: can't place more pipeline on heavy datanode： 96923b3f-1fe6-4c59-8fb3-c24db2dce8a2 Heaviness: 6 limit: 5
2019-09-26 13:14:54,434 [RatisPipelineUtilsThread] INFO  pipeline.PipelinePlacementPolicy (PipelinePlacementPolicy.java:meetCriteria(91)) - Pipeline Placement: can't place more pipeline on heavy datanode： d322b207-7882-4642-9c83-3568d3f94364 Heaviness: 6 limit: 5
2019-09-26 13:14:54,434 [RatisPipelineUtilsThread] ERROR pipeline.PipelinePlacementPolicy (PipelinePlacementPolicy.java:filterViableNodes(148)) - Unable to find enough nodes that meet the criteria that cannot engage in more than 5 pipelines. Nodes required: 3 Found: 0, healthy nodes count inNodeManager: 3.
2019-09-26 13:14:54,434 [RatisPipelineUtilsThread] ERROR pipeline.SCMPipelineManager (SCMPipelineManager.java:createPipeline(167)) - Pipeline creation failed.
org.apache.hadoop.hdds.scm.exceptions.SCMException: Unable to find enough nodes that meet the criteria that cannot engage in more than 5 pipelines. Nodes required: 3 Found: 0, healthy nodes count inNodeManager: 3.
	at org.apache.hadoop.hdds.scm.pipeline.PipelinePlacementPolicy.filterViableNodes(PipelinePlacementPolicy.java:149)
	at org.apache.hadoop.hdds.scm.pipeline.PipelinePlacementPolicy.chooseDatanodes(PipelinePlacementPolicy.java:172)
	at org.apache.hadoop.hdds.scm.pipeline.RatisPipelineProvider.create(RatisPipelineProvider.java:93)
	at org.apache.hadoop.hdds.scm.pipeline.PipelineFactory.create(PipelineFactory.java:58)
	at org.apache.hadoop.hdds.scm.pipeline.SCMPipelineManager.createPipeline(SCMPipelineManager.java:155)
	at org.apache.hadoop.hdds.scm.pipeline.BackgroundPipelineCreator.createPipelines(BackgroundPipelineCreator.java:99)
	at java.util.concurrent.Executors$RunnableAdapter.call(Executors.java:511)
	at java.util.concurrent.FutureTask.run(FutureTask.java:266)
	at java.util.concurrent.ScheduledThreadPoolExecutor$ScheduledFutureTask.access$201(ScheduledThreadPoolExecutor.java:180)
	at java.util.concurrent.ScheduledThreadPoolExecutor$ScheduledFutureTask.run(ScheduledThreadPoolExecutor.java:293)
	at java.util.concurrent.ThreadPoolExecutor.runWorker(ThreadPoolExecutor.java:1149)
	at java.util.concurrent.ThreadPoolExecutor$Worker.run(ThreadPoolExecutor.java:624)
	at java.lang.Thread.run(Thread.java:748)
2019-09-26 13:14:54,435 [RatisPipelineUtilsThread] INFO  pipeline.PipelinePlacementPolicy (PipelinePlacementPolicy.java:meetCriteria(91)) - Pipeline Placement: can't place more pipeline on heavy datanode： f059e689-8059-4932-82a3-6235693dbd82 Heaviness: 6 limit: 5
2019-09-26 13:14:54,435 [RatisPipelineUtilsThread] INFO  pipeline.PipelinePlacementPolicy (PipelinePlacementPolicy.java:meetCriteria(91)) - Pipeline Placement: can't place more pipeline on heavy datanode： 96923b3f-1fe6-4c59-8fb3-c24db2dce8a2 Heaviness: 6 limit: 5
2019-09-26 13:14:54,435 [RatisPipelineUtilsThread] INFO  pipeline.PipelinePlacementPolicy (PipelinePlacementPolicy.java:meetCriteria(91)) - Pipeline Placement: can't place more pipeline on heavy datanode： d322b207-7882-4642-9c83-3568d3f94364 Heaviness: 6 limit: 5
2019-09-26 13:14:54,435 [RatisPipelineUtilsThread] ERROR pipeline.PipelinePlacementPolicy (PipelinePlacementPolicy.java:filterViableNodes(148)) - Unable to find enough nodes that meet the criteria that cannot engage in more than 5 pipelines. Nodes required: 1 Found: 0, healthy nodes count inNodeManager: 3.
2019-09-26 13:14:54,436 [RatisPipelineUtilsThread] ERROR pipeline.SCMPipelineManager (SCMPipelineManager.java:createPipeline(167)) - Pipeline creation failed.
org.apache.hadoop.hdds.scm.exceptions.SCMException: Unable to find enough nodes that meet the criteria that cannot engage in more than 5 pipelines. Nodes required: 1 Found: 0, healthy nodes count inNodeManager: 3.
	at org.apache.hadoop.hdds.scm.pipeline.PipelinePlacementPolicy.filterViableNodes(PipelinePlacementPolicy.java:149)
	at org.apache.hadoop.hdds.scm.pipeline.PipelinePlacementPolicy.chooseDatanodes(PipelinePlacementPolicy.java:172)
	at org.apache.hadoop.hdds.scm.pipeline.RatisPipelineProvider.create(RatisPipelineProvider.java:93)
	at org.apache.hadoop.hdds.scm.pipeline.PipelineFactory.create(PipelineFactory.java:58)
	at org.apache.hadoop.hdds.scm.pipeline.SCMPipelineManager.createPipeline(SCMPipelineManager.java:155)
	at org.apache.hadoop.hdds.scm.pipeline.BackgroundPipelineCreator.createPipelines(BackgroundPipelineCreator.java:99)
	at org.apache.hadoop.hdds.scm.pipeline.BackgroundPipelineCreator.lambda$startFixedIntervalPipelineCreator$0(BackgroundPipelineCreator.java:70)
	at java.util.concurrent.Executors$RunnableAdapter.call(Executors.java:511)
	at java.util.concurrent.FutureTask.runAndReset(FutureTask.java:308)
	at java.util.concurrent.ScheduledThreadPoolExecutor$ScheduledFutureTask.access$301(ScheduledThreadPoolExecutor.java:180)
	at java.util.concurrent.ScheduledThreadPoolExecutor$ScheduledFutureTask.run(ScheduledThreadPoolExecutor.java:294)
	at java.util.concurrent.ThreadPoolExecutor.runWorker(ThreadPoolExecutor.java:1149)
	at java.util.concurrent.ThreadPoolExecutor$Worker.run(ThreadPoolExecutor.java:624)
	at java.lang.Thread.run(Thread.java:748)
2019-09-26 13:14:54,436 [RatisPipelineUtilsThread] INFO  pipeline.PipelinePlacementPolicy (PipelinePlacementPolicy.java:meetCriteria(91)) - Pipeline Placement: can't place more pipeline on heavy datanode： f059e689-8059-4932-82a3-6235693dbd82 Heaviness: 6 limit: 5
2019-09-26 13:14:54,436 [RatisPipelineUtilsThread] INFO  pipeline.PipelinePlacementPolicy (PipelinePlacementPolicy.java:meetCriteria(91)) - Pipeline Placement: can't place more pipeline on heavy datanode： 96923b3f-1fe6-4c59-8fb3-c24db2dce8a2 Heaviness: 6 limit: 5
2019-09-26 13:14:54,436 [RatisPipelineUtilsThread] INFO  pipeline.PipelinePlacementPolicy (PipelinePlacementPolicy.java:meetCriteria(91)) - Pipeline Placement: can't place more pipeline on heavy datanode： d322b207-7882-4642-9c83-3568d3f94364 Heaviness: 6 limit: 5
2019-09-26 13:14:54,436 [RatisPipelineUtilsThread] ERROR pipeline.PipelinePlacementPolicy (PipelinePlacementPolicy.java:filterViableNodes(148)) - Unable to find enough nodes that meet the criteria that cannot engage in more than 5 pipelines. Nodes required: 3 Found: 0, healthy nodes count inNodeManager: 3.
2019-09-26 13:14:54,437 [RatisPipelineUtilsThread] ERROR pipeline.SCMPipelineManager (SCMPipelineManager.java:createPipeline(167)) - Pipeline creation failed.
org.apache.hadoop.hdds.scm.exceptions.SCMException: Unable to find enough nodes that meet the criteria that cannot engage in more than 5 pipelines. Nodes required: 3 Found: 0, healthy nodes count inNodeManager: 3.
	at org.apache.hadoop.hdds.scm.pipeline.PipelinePlacementPolicy.filterViableNodes(PipelinePlacementPolicy.java:149)
	at org.apache.hadoop.hdds.scm.pipeline.PipelinePlacementPolicy.chooseDatanodes(PipelinePlacementPolicy.java:172)
	at org.apache.hadoop.hdds.scm.pipeline.RatisPipelineProvider.create(RatisPipelineProvider.java:93)
	at org.apache.hadoop.hdds.scm.pipeline.PipelineFactory.create(PipelineFactory.java:58)
	at org.apache.hadoop.hdds.scm.pipeline.SCMPipelineManager.createPipeline(SCMPipelineManager.java:155)
	at org.apache.hadoop.hdds.scm.pipeline.BackgroundPipelineCreator.createPipelines(BackgroundPipelineCreator.java:99)
	at org.apache.hadoop.hdds.scm.pipeline.BackgroundPipelineCreator.lambda$startFixedIntervalPipelineCreator$0(BackgroundPipelineCreator.java:70)
	at java.util.concurrent.Executors$RunnableAdapter.call(Executors.java:511)
	at java.util.concurrent.FutureTask.runAndReset(FutureTask.java:308)
	at java.util.concurrent.ScheduledThreadPoolExecutor$ScheduledFutureTask.access$301(ScheduledThreadPoolExecutor.java:180)
	at java.util.concurrent.ScheduledThreadPoolExecutor$ScheduledFutureTask.run(ScheduledThreadPoolExecutor.java:294)
	at java.util.concurrent.ThreadPoolExecutor.runWorker(ThreadPoolExecutor.java:1149)
	at java.util.concurrent.ThreadPoolExecutor$Worker.run(ThreadPoolExecutor.java:624)
	at java.lang.Thread.run(Thread.java:748)
2019-09-26 13:14:54,754 [main] INFO  ozone.MiniOzoneClusterImpl (MiniOzoneClusterImpl.java:lambda$waitForClusterToBeReady$0(147)) - Cluster is ready. Got 3 of 3 DN Heartbeats.
2019-09-26 13:14:54,754 [main] INFO  pipeline.PipelinePlacementPolicy (PipelinePlacementPolicy.java:meetCriteria(91)) - Pipeline Placement: can't place more pipeline on heavy datanode： f059e689-8059-4932-82a3-6235693dbd82 Heaviness: 6 limit: 5
2019-09-26 13:14:54,754 [main] INFO  pipeline.PipelinePlacementPolicy (PipelinePlacementPolicy.java:meetCriteria(91)) - Pipeline Placement: can't place more pipeline on heavy datanode： 96923b3f-1fe6-4c59-8fb3-c24db2dce8a2 Heaviness: 6 limit: 5
2019-09-26 13:14:54,754 [main] INFO  pipeline.PipelinePlacementPolicy (PipelinePlacementPolicy.java:meetCriteria(91)) - Pipeline Placement: can't place more pipeline on heavy datanode： d322b207-7882-4642-9c83-3568d3f94364 Heaviness: 6 limit: 5
2019-09-26 13:14:54,755 [main] ERROR pipeline.PipelinePlacementPolicy (PipelinePlacementPolicy.java:filterViableNodes(148)) - Unable to find enough nodes that meet the criteria that cannot engage in more than 5 pipelines. Nodes required: 3 Found: 0, healthy nodes count inNodeManager: 3.
2019-09-26 13:14:54,755 [main] ERROR pipeline.SCMPipelineManager (SCMPipelineManager.java:createPipeline(167)) - Pipeline creation failed.
org.apache.hadoop.hdds.scm.exceptions.SCMException: Unable to find enough nodes that meet the criteria that cannot engage in more than 5 pipelines. Nodes required: 3 Found: 0, healthy nodes count inNodeManager: 3.
	at org.apache.hadoop.hdds.scm.pipeline.PipelinePlacementPolicy.filterViableNodes(PipelinePlacementPolicy.java:149)
	at org.apache.hadoop.hdds.scm.pipeline.PipelinePlacementPolicy.chooseDatanodes(PipelinePlacementPolicy.java:172)
	at org.apache.hadoop.hdds.scm.pipeline.RatisPipelineProvider.create(RatisPipelineProvider.java:93)
	at org.apache.hadoop.hdds.scm.pipeline.PipelineFactory.create(PipelineFactory.java:58)
	at org.apache.hadoop.hdds.scm.pipeline.SCMPipelineManager.createPipeline(SCMPipelineManager.java:155)
	at org.apache.hadoop.hdds.scm.container.ContainerStateManager.allocateContainer(ContainerStateManager.java:255)
	at org.apache.hadoop.hdds.scm.container.SCMContainerManager.allocateContainer(SCMContainerManager.java:247)
	at org.apache.hadoop.hdds.scm.pipeline.TestPipelineClose.init(TestPipelineClose.java:92)
	at sun.reflect.NativeMethodAccessorImpl.invoke0(Native Method)
	at sun.reflect.NativeMethodAccessorImpl.invoke(NativeMethodAccessorImpl.java:62)
	at sun.reflect.DelegatingMethodAccessorImpl.invoke(DelegatingMethodAccessorImpl.java:43)
	at java.lang.reflect.Method.invoke(Method.java:498)
	at org.junit.runners.model.FrameworkMethod$1.runReflectiveCall(FrameworkMethod.java:47)
	at org.junit.internal.runners.model.ReflectiveCallable.run(ReflectiveCallable.java:12)
	at org.junit.runners.model.FrameworkMethod.invokeExplosively(FrameworkMethod.java:44)
	at org.junit.internal.runners.statements.RunBefores.evaluate(RunBefores.java:24)
	at org.junit.internal.runners.statements.RunAfters.evaluate(RunAfters.java:27)
	at org.junit.runners.ParentRunner.runLeaf(ParentRunner.java:271)
	at org.junit.runners.BlockJUnit4ClassRunner.runChild(BlockJUnit4ClassRunner.java:70)
	at org.junit.runners.BlockJUnit4ClassRunner.runChild(BlockJUnit4ClassRunner.java:50)
	at org.junit.runners.ParentRunner$3.run(ParentRunner.java:238)
	at org.junit.runners.ParentRunner$1.schedule(ParentRunner.java:63)
	at org.junit.runners.ParentRunner.runChildren(ParentRunner.java:236)
	at org.junit.runners.ParentRunner.access$000(ParentRunner.java:53)
	at org.junit.runners.ParentRunner$2.evaluate(ParentRunner.java:229)
	at org.junit.runners.ParentRunner.run(ParentRunner.java:309)
	at org.apache.maven.surefire.junit4.JUnit4Provider.execute(JUnit4Provider.java:365)
	at org.apache.maven.surefire.junit4.JUnit4Provider.executeWithRerun(JUnit4Provider.java:273)
	at org.apache.maven.surefire.junit4.JUnit4Provider.executeTestSet(JUnit4Provider.java:238)
	at org.apache.maven.surefire.junit4.JUnit4Provider.invoke(JUnit4Provider.java:159)
	at org.apache.maven.surefire.booter.ForkedBooter.invokeProviderInSameClassLoader(ForkedBooter.java:384)
	at org.apache.maven.surefire.booter.ForkedBooter.runSuitesInProcess(ForkedBooter.java:345)
	at org.apache.maven.surefire.booter.ForkedBooter.execute(ForkedBooter.java:126)
	at org.apache.maven.surefire.booter.ForkedBooter.main(ForkedBooter.java:418)
2019-09-26 13:14:54,761 [main] INFO  ozone.MiniOzoneClusterImpl (MiniOzoneClusterImpl.java:shutdown(314)) - Shutting down the Mini Ozone Cluster
2019-09-26 13:14:54,761 [main] INFO  ozone.MiniOzoneClusterImpl (MiniOzoneClusterImpl.java:stop(330)) - Stopping the Mini Ozone Cluster
2019-09-26 13:14:54,761 [main] INFO  ozone.MiniOzoneClusterImpl (MiniOzoneClusterImpl.java:stopOM(400)) - Stopping the OzoneManager
2019-09-26 13:14:54,761 [main] INFO  ipc.Server (Server.java:stop(3082)) - Stopping server on 37722
2019-09-26 13:14:54,764 [IPC Server listener on 37722] INFO  ipc.Server (Server.java:run(1185)) - Stopping IPC Server listener on 37722
2019-09-26 13:14:54,764 [main] INFO  ratis.OzoneManagerDoubleBuffer (OzoneManagerDoubleBuffer.java:stop(248)) - Stopping OMDoubleBuffer flush thread
2019-09-26 13:14:54,765 [IPC Server Responder] INFO  ipc.Server (Server.java:run(1319)) - Stopping IPC Server Responder
2019-09-26 13:14:54,767 [OMDoubleBufferFlushThread] INFO  ratis.OzoneManagerDoubleBuffer (OzoneManagerDoubleBuffer.java:flushTransactions(191)) - OMDoubleBuffer flush thread OMDoubleBufferFlushThread is interrupted and will exit. OMDoubleBufferFlushThread
2019-09-26 13:14:54,767 [main] INFO  utils.BackgroundService (BackgroundService.java:shutdown(148)) - Shutting down service KeyDeletingService
2019-09-26 13:14:54,768 [main] INFO  handler.ContextHandler (ContextHandler.java:doStop(910)) - Stopped o.e.j.w.WebAppContext@21a02556{/,null,UNAVAILABLE}{/ozoneManager}
2019-09-26 13:14:54,769 [main] INFO  server.AbstractConnector (AbstractConnector.java:doStop(318)) - Stopped ServerConnector@3c8a7e38{HTTP/1.1,[http/1.1]}{0.0.0.0:0}
2019-09-26 13:14:54,769 [main] INFO  handler.ContextHandler (ContextHandler.java:doStop(910)) - Stopped o.e.j.s.ServletContextHandler@551e4c6d{/static,file:///workdir/hadoop-ozone/integration-test/target/test-classes/webapps/static,UNAVAILABLE}
2019-09-26 13:14:54,769 [main] INFO  handler.ContextHandler (ContextHandler.java:doStop(910)) - Stopped o.e.j.s.ServletContextHandler@7219ac49{/logs,file:///workdir/hadoop-ozone/integration-test/target/log,UNAVAILABLE}
2019-09-26 13:14:54,771 [main] INFO  ozone.MiniOzoneClusterImpl (MiniOzoneClusterImpl.java:stopDatanodes(377)) - Stopping the HddsDatanodes
2019-09-26 13:14:55,604 [Datanode State Machine Thread - 0] INFO  statemachine.DatanodeStateMachine (DatanodeStateMachine.java:lambda$startDaemon$0(350)) - Ozone container server started.
2019-09-26 13:14:55,670 [Datanode State Machine Thread - 0] INFO  statemachine.DatanodeStateMachine (DatanodeStateMachine.java:lambda$startDaemon$0(350)) - Ozone container server started.
2019-09-26 13:14:56,617 [Thread-966] INFO  container.ReplicationManager (ReplicationManager.java:start(163)) - Starting Replication Monitor Thread.
2019-09-26 13:14:56,620 [ReplicationMonitor] INFO  container.ReplicationManager (ReplicationManager.java:run(226)) - Replication Monitor Thread took 0 milliseconds for processing 0 containers.
2019-09-26 13:14:58,769 [Thread-968] INFO  impl.FollowerState (FollowerState.java:run(106)) - f059e689-8059-4932-82a3-6235693dbd82:group-0BDCF2940E13 changes to CANDIDATE, lastRpcTime:5078, electionTimeout:5078ms
2019-09-26 13:14:58,770 [Thread-968] INFO  impl.RoleInfo (RoleInfo.java:shutdownFollowerState(121)) - f059e689-8059-4932-82a3-6235693dbd82: shutdown FollowerState
2019-09-26 13:14:58,770 [Thread-968] INFO  impl.RaftServerImpl (RaftServerImpl.java:setRole(174)) - f059e689-8059-4932-82a3-6235693dbd82@group-0BDCF2940E13: changes role from  FOLLOWER to CANDIDATE at term 0 for changeToCandidate
2019-09-26 13:14:58,771 [Thread-968] INFO  impl.RoleInfo (RoleInfo.java:updateAndGet(143)) - f059e689-8059-4932-82a3-6235693dbd82: start LeaderElection
2019-09-26 13:14:58,786 [f059e689-8059-4932-82a3-6235693dbd82@group-0BDCF2940E13:LeaderElection55] INFO  impl.LeaderElection (LeaderElection.java:askForVotes(182)) - f059e689-8059-4932-82a3-6235693dbd82@group-0BDCF2940E13:LeaderElection55: begin an election at term 1 for -1: [f059e689-8059-4932-82a3-6235693dbd82:192.168.164.238:46474], old=null
2019-09-26 13:14:58,786 [f059e689-8059-4932-82a3-6235693dbd82@group-0BDCF2940E13:LeaderElection55] INFO  impl.RoleInfo (RoleInfo.java:shutdownLeaderElection(134)) - f059e689-8059-4932-82a3-6235693dbd82: shutdown LeaderElection
2019-09-26 13:14:58,787 [f059e689-8059-4932-82a3-6235693dbd82@group-0BDCF2940E13:LeaderElection55] INFO  impl.RaftServerImpl (RaftServerImpl.java:setRole(174)) - f059e689-8059-4932-82a3-6235693dbd82@group-0BDCF2940E13: changes role from CANDIDATE to LEADER at term 1 for changeToLeader
2019-09-26 13:14:58,787 [f059e689-8059-4932-82a3-6235693dbd82@group-0BDCF2940E13:LeaderElection55] INFO  impl.RaftServerImpl (ServerState.java:setLeader(253)) - f059e689-8059-4932-82a3-6235693dbd82@group-0BDCF2940E13: change Leader from null to f059e689-8059-4932-82a3-6235693dbd82 at term 1 for becomeLeader, leader elected after 5103ms
2019-09-26 13:14:58,787 [f059e689-8059-4932-82a3-6235693dbd82@group-0BDCF2940E13:LeaderElection55] INFO  server.RaftServerConfigKeys (ConfUtils.java:logGet(43)) - raft.server.staging.catchup.gap = 1000 (default)
2019-09-26 13:14:58,787 [f059e689-8059-4932-82a3-6235693dbd82@group-0BDCF2940E13:LeaderElection55] INFO  server.RaftServerConfigKeys (ConfUtils.java:logGet(43)) - raft.server.rpc.sleep.time = 25ms (default)
2019-09-26 13:14:58,787 [f059e689-8059-4932-82a3-6235693dbd82@group-0BDCF2940E13:LeaderElection55] INFO  server.RaftServerConfigKeys (ConfUtils.java:logGet(43)) - raft.server.write.element-limit = 4096 (default)
2019-09-26 13:14:58,787 [f059e689-8059-4932-82a3-6235693dbd82@group-0BDCF2940E13:LeaderElection55] INFO  server.RaftServerConfigKeys (ConfUtils.java:logGet(43)) - raft.server.watch.timeout = 10s (default)
2019-09-26 13:14:58,788 [f059e689-8059-4932-82a3-6235693dbd82@group-0BDCF2940E13:LeaderElection55] INFO  server.RaftServerConfigKeys (ConfUtils.java:logGet(43)) - raft.server.watch.timeout.denomination = 1s (default)
2019-09-26 13:14:58,788 [f059e689-8059-4932-82a3-6235693dbd82@group-0BDCF2940E13:LeaderElection55] INFO  server.RaftServerConfigKeys (ConfUtils.java:logGet(43)) - raft.server.watch.element-limit = 65536 (default)
2019-09-26 13:14:58,790 [f059e689-8059-4932-82a3-6235693dbd82@group-0BDCF2940E13:LeaderElection55] INFO  impl.RoleInfo (RoleInfo.java:updateAndGet(143)) - f059e689-8059-4932-82a3-6235693dbd82: start LeaderState
2019-09-26 13:14:58,790 [f059e689-8059-4932-82a3-6235693dbd82@group-0BDCF2940E13:LeaderElection55] INFO  segmented.SegmentedRaftLogWorker (SegmentedRaftLogWorker.java:startLogSegment(380)) - f059e689-8059-4932-82a3-6235693dbd82@group-0BDCF2940E13-SegmentedRaftLogWorker: Starting segment from index:0
2019-09-26 13:14:58,791 [f059e689-8059-4932-82a3-6235693dbd82@group-0BDCF2940E13:LeaderElection55] INFO  impl.RaftServerImpl (ServerState.java:setRaftConf(354)) - f059e689-8059-4932-82a3-6235693dbd82@group-0BDCF2940E13: set configuration 0: [f059e689-8059-4932-82a3-6235693dbd82:192.168.164.238:46474], old=null at 0
2019-09-26 13:14:58,828 [Thread-971] INFO  impl.FollowerState (FollowerState.java:run(106)) - d322b207-7882-4642-9c83-3568d3f94364:group-BB51646A0D40 changes to CANDIDATE, lastRpcTime:5063, electionTimeout:5063ms
2019-09-26 13:14:58,828 [Thread-971] INFO  impl.RoleInfo (RoleInfo.java:shutdownFollowerState(121)) - d322b207-7882-4642-9c83-3568d3f94364: shutdown FollowerState
2019-09-26 13:14:58,829 [Thread-971] INFO  impl.RaftServerImpl (RaftServerImpl.java:setRole(174)) - d322b207-7882-4642-9c83-3568d3f94364@group-BB51646A0D40: changes role from  FOLLOWER to CANDIDATE at term 0 for changeToCandidate
2019-09-26 13:14:58,829 [Thread-971] INFO  impl.RoleInfo (RoleInfo.java:updateAndGet(143)) - d322b207-7882-4642-9c83-3568d3f94364: start LeaderElection
2019-09-26 13:14:58,844 [Thread-974] INFO  impl.FollowerState (FollowerState.java:run(106)) - f059e689-8059-4932-82a3-6235693dbd82:group-099F1A8C1455 changes to CANDIDATE, lastRpcTime:5033, electionTimeout:5033ms
2019-09-26 13:14:58,844 [Thread-974] INFO  impl.RoleInfo (RoleInfo.java:shutdownFollowerState(121)) - f059e689-8059-4932-82a3-6235693dbd82: shutdown FollowerState
2019-09-26 13:14:58,844 [Thread-974] INFO  impl.RaftServerImpl (RaftServerImpl.java:setRole(174)) - f059e689-8059-4932-82a3-6235693dbd82@group-099F1A8C1455: changes role from  FOLLOWER to CANDIDATE at term 0 for changeToCandidate
2019-09-26 13:14:58,844 [Thread-974] INFO  impl.RoleInfo (RoleInfo.java:updateAndGet(143)) - f059e689-8059-4932-82a3-6235693dbd82: start LeaderElection
2019-09-26 13:14:58,848 [f059e689-8059-4932-82a3-6235693dbd82@group-0BDCF2940E13-SegmentedRaftLogWorker] INFO  segmented.SegmentedRaftLogWorker (SegmentedRaftLogWorker.java:execute(569)) - f059e689-8059-4932-82a3-6235693dbd82@group-0BDCF2940E13-SegmentedRaftLogWorker: created new log segment /workdir/hadoop-ozone/integration-test/target/test-dir/MiniOzoneClusterImpl-0e2f22a8-0633-4b2c-b0b3-4fc7cc6db949/datanode-0/data/ratis/7f508210-1c3f-4def-aa76-0bdcf2940e13/current/log_inprogress_0
2019-09-26 13:14:58,848 [d322b207-7882-4642-9c83-3568d3f94364@group-BB51646A0D40:LeaderElection56] INFO  impl.LeaderElection (LeaderElection.java:askForVotes(182)) - d322b207-7882-4642-9c83-3568d3f94364@group-BB51646A0D40:LeaderElection56: begin an election at term 1 for -1: [d322b207-7882-4642-9c83-3568d3f94364:192.168.164.238:46290], old=null
2019-09-26 13:14:58,848 [d322b207-7882-4642-9c83-3568d3f94364@group-BB51646A0D40:LeaderElection56] INFO  impl.RoleInfo (RoleInfo.java:shutdownLeaderElection(134)) - d322b207-7882-4642-9c83-3568d3f94364: shutdown LeaderElection
2019-09-26 13:14:58,849 [d322b207-7882-4642-9c83-3568d3f94364@group-BB51646A0D40:LeaderElection56] INFO  impl.RaftServerImpl (RaftServerImpl.java:setRole(174)) - d322b207-7882-4642-9c83-3568d3f94364@group-BB51646A0D40: changes role from CANDIDATE to LEADER at term 1 for changeToLeader
2019-09-26 13:14:58,849 [d322b207-7882-4642-9c83-3568d3f94364@group-BB51646A0D40:LeaderElection56] INFO  impl.RaftServerImpl (ServerState.java:setLeader(253)) - d322b207-7882-4642-9c83-3568d3f94364@group-BB51646A0D40: change Leader from null to d322b207-7882-4642-9c83-3568d3f94364 at term 1 for becomeLeader, leader elected after 5095ms
2019-09-26 13:14:58,849 [d322b207-7882-4642-9c83-3568d3f94364@group-BB51646A0D40:LeaderElection56] INFO  server.RaftServerConfigKeys (ConfUtils.java:logGet(43)) - raft.server.staging.catchup.gap = 1000 (default)
2019-09-26 13:14:58,849 [d322b207-7882-4642-9c83-3568d3f94364@group-BB51646A0D40:LeaderElection56] INFO  server.RaftServerConfigKeys (ConfUtils.java:logGet(43)) - raft.server.rpc.sleep.time = 25ms (default)
2019-09-26 13:14:58,850 [d322b207-7882-4642-9c83-3568d3f94364@group-BB51646A0D40:LeaderElection56] INFO  server.RaftServerConfigKeys (ConfUtils.java:logGet(43)) - raft.server.write.element-limit = 4096 (default)
2019-09-26 13:14:58,850 [d322b207-7882-4642-9c83-3568d3f94364@group-BB51646A0D40:LeaderElection56] INFO  server.RaftServerConfigKeys (ConfUtils.java:logGet(43)) - raft.server.watch.timeout = 10s (default)
2019-09-26 13:14:58,850 [d322b207-7882-4642-9c83-3568d3f94364@group-BB51646A0D40:LeaderElection56] INFO  server.RaftServerConfigKeys (ConfUtils.java:logGet(43)) - raft.server.watch.timeout.denomination = 1s (default)
2019-09-26 13:14:58,850 [d322b207-7882-4642-9c83-3568d3f94364@group-BB51646A0D40:LeaderElection56] INFO  server.RaftServerConfigKeys (ConfUtils.java:logGet(43)) - raft.server.watch.element-limit = 65536 (default)
2019-09-26 13:14:58,852 [d322b207-7882-4642-9c83-3568d3f94364@group-BB51646A0D40:LeaderElection56] INFO  impl.RoleInfo (RoleInfo.java:updateAndGet(143)) - d322b207-7882-4642-9c83-3568d3f94364: start LeaderState
2019-09-26 13:14:58,852 [d322b207-7882-4642-9c83-3568d3f94364@group-BB51646A0D40:LeaderElection56] INFO  segmented.SegmentedRaftLogWorker (SegmentedRaftLogWorker.java:startLogSegment(380)) - d322b207-7882-4642-9c83-3568d3f94364@group-BB51646A0D40-SegmentedRaftLogWorker: Starting segment from index:0
2019-09-26 13:14:58,853 [d322b207-7882-4642-9c83-3568d3f94364@group-BB51646A0D40:LeaderElection56] INFO  impl.RaftServerImpl (ServerState.java:setRaftConf(354)) - d322b207-7882-4642-9c83-3568d3f94364@group-BB51646A0D40: set configuration 0: [d322b207-7882-4642-9c83-3568d3f94364:192.168.164.238:46290], old=null at 0
2019-09-26 13:14:58,862 [f059e689-8059-4932-82a3-6235693dbd82@group-099F1A8C1455:LeaderElection57] INFO  impl.LeaderElection (LeaderElection.java:askForVotes(182)) - f059e689-8059-4932-82a3-6235693dbd82@group-099F1A8C1455:LeaderElection57: begin an election at term 1 for -1: [f059e689-8059-4932-82a3-6235693dbd82:192.168.164.238:46474], old=null
2019-09-26 13:14:58,862 [f059e689-8059-4932-82a3-6235693dbd82@group-099F1A8C1455:LeaderElection57] INFO  impl.RoleInfo (RoleInfo.java:shutdownLeaderElection(134)) - f059e689-8059-4932-82a3-6235693dbd82: shutdown LeaderElection
2019-09-26 13:14:58,862 [f059e689-8059-4932-82a3-6235693dbd82@group-099F1A8C1455:LeaderElection57] INFO  impl.RaftServerImpl (RaftServerImpl.java:setRole(174)) - f059e689-8059-4932-82a3-6235693dbd82@group-099F1A8C1455: changes role from CANDIDATE to LEADER at term 1 for changeToLeader
2019-09-26 13:14:58,862 [f059e689-8059-4932-82a3-6235693dbd82@group-099F1A8C1455:LeaderElection57] INFO  impl.RaftServerImpl (ServerState.java:setLeader(253)) - f059e689-8059-4932-82a3-6235693dbd82@group-099F1A8C1455: change Leader from null to f059e689-8059-4932-82a3-6235693dbd82 at term 1 for becomeLeader, leader elected after 5057ms
2019-09-26 13:14:58,862 [f059e689-8059-4932-82a3-6235693dbd82@group-099F1A8C1455:LeaderElection57] INFO  server.RaftServerConfigKeys (ConfUtils.java:logGet(43)) - raft.server.staging.catchup.gap = 1000 (default)
2019-09-26 13:14:58,862 [f059e689-8059-4932-82a3-6235693dbd82@group-099F1A8C1455:LeaderElection57] INFO  server.RaftServerConfigKeys (ConfUtils.java:logGet(43)) - raft.server.rpc.sleep.time = 25ms (default)
2019-09-26 13:14:58,862 [f059e689-8059-4932-82a3-6235693dbd82@group-099F1A8C1455:LeaderElection57] INFO  server.RaftServerConfigKeys (ConfUtils.java:logGet(43)) - raft.server.write.element-limit = 4096 (default)
2019-09-26 13:14:58,863 [f059e689-8059-4932-82a3-6235693dbd82@group-099F1A8C1455:LeaderElection57] INFO  server.RaftServerConfigKeys (ConfUtils.java:logGet(43)) - raft.server.watch.timeout = 10s (default)
2019-09-26 13:14:58,863 [f059e689-8059-4932-82a3-6235693dbd82@group-099F1A8C1455:LeaderElection57] INFO  server.RaftServerConfigKeys (ConfUtils.java:logGet(43)) - raft.server.watch.timeout.denomination = 1s (default)
2019-09-26 13:14:58,863 [f059e689-8059-4932-82a3-6235693dbd82@group-099F1A8C1455:LeaderElection57] INFO  server.RaftServerConfigKeys (ConfUtils.java:logGet(43)) - raft.server.watch.element-limit = 65536 (default)
2019-09-26 13:14:58,891 [f059e689-8059-4932-82a3-6235693dbd82@group-099F1A8C1455:LeaderElection57] INFO  impl.RoleInfo (RoleInfo.java:updateAndGet(143)) - f059e689-8059-4932-82a3-6235693dbd82: start LeaderState
2019-09-26 13:14:58,891 [f059e689-8059-4932-82a3-6235693dbd82@group-099F1A8C1455:LeaderElection57] INFO  segmented.SegmentedRaftLogWorker (SegmentedRaftLogWorker.java:startLogSegment(380)) - f059e689-8059-4932-82a3-6235693dbd82@group-099F1A8C1455-SegmentedRaftLogWorker: Starting segment from index:0
2019-09-26 13:14:58,892 [f059e689-8059-4932-82a3-6235693dbd82@group-099F1A8C1455:LeaderElection57] INFO  impl.RaftServerImpl (ServerState.java:setRaftConf(354)) - f059e689-8059-4932-82a3-6235693dbd82@group-099F1A8C1455: set configuration 0: [f059e689-8059-4932-82a3-6235693dbd82:192.168.164.238:46474], old=null at 0
2019-09-26 13:14:58,932 [Thread-983] INFO  impl.FollowerState (FollowerState.java:run(106)) - f059e689-8059-4932-82a3-6235693dbd82:group-4DF1CBCBF88C changes to CANDIDATE, lastRpcTime:5002, electionTimeout:5002ms
2019-09-26 13:14:58,933 [Thread-983] INFO  impl.RoleInfo (RoleInfo.java:shutdownFollowerState(121)) - f059e689-8059-4932-82a3-6235693dbd82: shutdown FollowerState
2019-09-26 13:14:58,933 [Thread-983] INFO  impl.RaftServerImpl (RaftServerImpl.java:setRole(174)) - f059e689-8059-4932-82a3-6235693dbd82@group-4DF1CBCBF88C: changes role from  FOLLOWER to CANDIDATE at term 0 for changeToCandidate
2019-09-26 13:14:58,933 [Thread-983] INFO  impl.RoleInfo (RoleInfo.java:updateAndGet(143)) - f059e689-8059-4932-82a3-6235693dbd82: start LeaderElection
2019-09-26 13:14:58,965 [Thread-986] INFO  impl.FollowerState (FollowerState.java:run(106)) - f059e689-8059-4932-82a3-6235693dbd82:group-42B2305F2E43 changes to CANDIDATE, lastRpcTime:5013, electionTimeout:5013ms
2019-09-26 13:14:58,965 [Thread-986] INFO  impl.RoleInfo (RoleInfo.java:shutdownFollowerState(121)) - f059e689-8059-4932-82a3-6235693dbd82: shutdown FollowerState
2019-09-26 13:14:58,966 [Thread-986] INFO  impl.RaftServerImpl (RaftServerImpl.java:setRole(174)) - f059e689-8059-4932-82a3-6235693dbd82@group-42B2305F2E43: changes role from  FOLLOWER to CANDIDATE at term 0 for changeToCandidate
2019-09-26 13:14:58,966 [Thread-986] INFO  impl.RoleInfo (RoleInfo.java:updateAndGet(143)) - f059e689-8059-4932-82a3-6235693dbd82: start LeaderElection
2019-09-26 13:14:58,989 [Thread-980] INFO  impl.FollowerState (FollowerState.java:run(106)) - 96923b3f-1fe6-4c59-8fb3-c24db2dce8a2:group-AC5B0A99D85C changes to CANDIDATE, lastRpcTime:5091, electionTimeout:5091ms
2019-09-26 13:14:58,990 [Thread-980] INFO  impl.RoleInfo (RoleInfo.java:shutdownFollowerState(121)) - 96923b3f-1fe6-4c59-8fb3-c24db2dce8a2: shutdown FollowerState
2019-09-26 13:14:58,990 [Thread-980] INFO  impl.RaftServerImpl (RaftServerImpl.java:setRole(174)) - 96923b3f-1fe6-4c59-8fb3-c24db2dce8a2@group-AC5B0A99D85C: changes role from  FOLLOWER to CANDIDATE at term 0 for changeToCandidate
2019-09-26 13:14:58,990 [Thread-980] INFO  impl.RoleInfo (RoleInfo.java:updateAndGet(143)) - 96923b3f-1fe6-4c59-8fb3-c24db2dce8a2: start LeaderElection
2019-09-26 13:14:59,041 [Thread-977] INFO  impl.FollowerState (FollowerState.java:run(106)) - 96923b3f-1fe6-4c59-8fb3-c24db2dce8a2:group-B8E86F474D25 changes to CANDIDATE, lastRpcTime:5184, electionTimeout:5184ms
2019-09-26 13:14:59,042 [Thread-977] INFO  impl.RoleInfo (RoleInfo.java:shutdownFollowerState(121)) - 96923b3f-1fe6-4c59-8fb3-c24db2dce8a2: shutdown FollowerState
2019-09-26 13:14:59,042 [Thread-977] INFO  impl.RaftServerImpl (RaftServerImpl.java:setRole(174)) - 96923b3f-1fe6-4c59-8fb3-c24db2dce8a2@group-B8E86F474D25: changes role from  FOLLOWER to CANDIDATE at term 0 for changeToCandidate
2019-09-26 13:14:59,042 [Thread-977] INFO  impl.RoleInfo (RoleInfo.java:updateAndGet(143)) - 96923b3f-1fe6-4c59-8fb3-c24db2dce8a2: start LeaderElection
2019-09-26 13:14:59,075 [Thread-992] INFO  impl.FollowerState (FollowerState.java:run(106)) - d322b207-7882-4642-9c83-3568d3f94364:group-96ED37217155 changes to CANDIDATE, lastRpcTime:5040, electionTimeout:5040ms
2019-09-26 13:14:59,075 [Thread-992] INFO  impl.RoleInfo (RoleInfo.java:shutdownFollowerState(121)) - d322b207-7882-4642-9c83-3568d3f94364: shutdown FollowerState
2019-09-26 13:14:59,075 [Thread-992] INFO  impl.RaftServerImpl (RaftServerImpl.java:setRole(174)) - d322b207-7882-4642-9c83-3568d3f94364@group-96ED37217155: changes role from  FOLLOWER to CANDIDATE at term 0 for changeToCandidate
2019-09-26 13:14:59,075 [Thread-992] INFO  impl.RoleInfo (RoleInfo.java:updateAndGet(143)) - d322b207-7882-4642-9c83-3568d3f94364: start LeaderElection
2019-09-26 13:14:59,099 [Thread-989] INFO  impl.FollowerState (FollowerState.java:run(106)) - f059e689-8059-4932-82a3-6235693dbd82:group-0F1503254F77 changes to CANDIDATE, lastRpcTime:5110, electionTimeout:5110ms
2019-09-26 13:14:59,100 [Thread-989] INFO  impl.RoleInfo (RoleInfo.java:shutdownFollowerState(121)) - f059e689-8059-4932-82a3-6235693dbd82: shutdown FollowerState
2019-09-26 13:14:59,100 [Thread-989] INFO  impl.RaftServerImpl (RaftServerImpl.java:setRole(174)) - f059e689-8059-4932-82a3-6235693dbd82@group-0F1503254F77: changes role from  FOLLOWER to CANDIDATE at term 0 for changeToCandidate
2019-09-26 13:14:59,100 [Thread-989] INFO  impl.RoleInfo (RoleInfo.java:updateAndGet(143)) - f059e689-8059-4932-82a3-6235693dbd82: start LeaderElection
2019-09-26 13:14:59,116 [f059e689-8059-4932-82a3-6235693dbd82@group-099F1A8C1455-SegmentedRaftLogWorker] INFO  segmented.SegmentedRaftLogWorker (SegmentedRaftLogWorker.java:execute(569)) - f059e689-8059-4932-82a3-6235693dbd82@group-099F1A8C1455-SegmentedRaftLogWorker: created new log segment /workdir/hadoop-ozone/integration-test/target/test-dir/MiniOzoneClusterImpl-0e2f22a8-0633-4b2c-b0b3-4fc7cc6db949/datanode-0/data/ratis/7dae5f53-c43f-4e0e-a610-099f1a8c1455/current/log_inprogress_0
2019-09-26 13:14:59,116 [d322b207-7882-4642-9c83-3568d3f94364@group-BB51646A0D40-SegmentedRaftLogWorker] INFO  segmented.SegmentedRaftLogWorker (SegmentedRaftLogWorker.java:execute(569)) - d322b207-7882-4642-9c83-3568d3f94364@group-BB51646A0D40-SegmentedRaftLogWorker: created new log segment /workdir/hadoop-ozone/integration-test/target/test-dir/MiniOzoneClusterImpl-0e2f22a8-0633-4b2c-b0b3-4fc7cc6db949/datanode-1/data/ratis/f5131ab7-247b-4a3c-b146-bb51646a0d40/current/log_inprogress_0
2019-09-26 13:14:59,116 [f059e689-8059-4932-82a3-6235693dbd82@group-4DF1CBCBF88C:LeaderElection58] INFO  impl.LeaderElection (LeaderElection.java:askForVotes(182)) - f059e689-8059-4932-82a3-6235693dbd82@group-4DF1CBCBF88C:LeaderElection58: begin an election at term 1 for -1: [f059e689-8059-4932-82a3-6235693dbd82:192.168.164.238:46474], old=null
2019-09-26 13:14:59,117 [f059e689-8059-4932-82a3-6235693dbd82@group-4DF1CBCBF88C:LeaderElection58] INFO  impl.RoleInfo (RoleInfo.java:shutdownLeaderElection(134)) - f059e689-8059-4932-82a3-6235693dbd82: shutdown LeaderElection
2019-09-26 13:14:59,117 [f059e689-8059-4932-82a3-6235693dbd82@group-4DF1CBCBF88C:LeaderElection58] INFO  impl.RaftServerImpl (RaftServerImpl.java:setRole(174)) - f059e689-8059-4932-82a3-6235693dbd82@group-4DF1CBCBF88C: changes role from CANDIDATE to LEADER at term 1 for changeToLeader
2019-09-26 13:14:59,117 [f059e689-8059-4932-82a3-6235693dbd82@group-4DF1CBCBF88C:LeaderElection58] INFO  impl.RaftServerImpl (ServerState.java:setLeader(253)) - f059e689-8059-4932-82a3-6235693dbd82@group-4DF1CBCBF88C: change Leader from null to f059e689-8059-4932-82a3-6235693dbd82 at term 1 for becomeLeader, leader elected after 5191ms
2019-09-26 13:14:59,117 [f059e689-8059-4932-82a3-6235693dbd82@group-4DF1CBCBF88C:LeaderElection58] INFO  server.RaftServerConfigKeys (ConfUtils.java:logGet(43)) - raft.server.staging.catchup.gap = 1000 (default)
2019-09-26 13:14:59,117 [f059e689-8059-4932-82a3-6235693dbd82@group-4DF1CBCBF88C:LeaderElection58] INFO  server.RaftServerConfigKeys (ConfUtils.java:logGet(43)) - raft.server.rpc.sleep.time = 25ms (default)
2019-09-26 13:14:59,117 [f059e689-8059-4932-82a3-6235693dbd82@group-4DF1CBCBF88C:LeaderElection58] INFO  server.RaftServerConfigKeys (ConfUtils.java:logGet(43)) - raft.server.write.element-limit = 4096 (default)
2019-09-26 13:14:59,118 [f059e689-8059-4932-82a3-6235693dbd82@group-4DF1CBCBF88C:LeaderElection58] INFO  server.RaftServerConfigKeys (ConfUtils.java:logGet(43)) - raft.server.watch.timeout = 10s (default)
2019-09-26 13:14:59,118 [f059e689-8059-4932-82a3-6235693dbd82@group-4DF1CBCBF88C:LeaderElection58] INFO  server.RaftServerConfigKeys (ConfUtils.java:logGet(43)) - raft.server.watch.timeout.denomination = 1s (default)
2019-09-26 13:14:59,118 [f059e689-8059-4932-82a3-6235693dbd82@group-4DF1CBCBF88C:LeaderElection58] INFO  server.RaftServerConfigKeys (ConfUtils.java:logGet(43)) - raft.server.watch.element-limit = 65536 (default)
2019-09-26 13:14:59,120 [f059e689-8059-4932-82a3-6235693dbd82@group-4DF1CBCBF88C:LeaderElection58] INFO  impl.RoleInfo (RoleInfo.java:updateAndGet(143)) - f059e689-8059-4932-82a3-6235693dbd82: start LeaderState
2019-09-26 13:14:59,120 [f059e689-8059-4932-82a3-6235693dbd82@group-4DF1CBCBF88C:LeaderElection58] INFO  segmented.SegmentedRaftLogWorker (SegmentedRaftLogWorker.java:startLogSegment(380)) - f059e689-8059-4932-82a3-6235693dbd82@group-4DF1CBCBF88C-SegmentedRaftLogWorker: Starting segment from index:0
2019-09-26 13:14:59,121 [f059e689-8059-4932-82a3-6235693dbd82@group-4DF1CBCBF88C:LeaderElection58] INFO  impl.RaftServerImpl (ServerState.java:setRaftConf(354)) - f059e689-8059-4932-82a3-6235693dbd82@group-4DF1CBCBF88C: set configuration 0: [f059e689-8059-4932-82a3-6235693dbd82:192.168.164.238:46474], old=null at 0
2019-09-26 13:14:59,131 [f059e689-8059-4932-82a3-6235693dbd82@group-42B2305F2E43:LeaderElection59] INFO  impl.LeaderElection (LeaderElection.java:askForVotes(182)) - f059e689-8059-4932-82a3-6235693dbd82@group-42B2305F2E43:LeaderElection59: begin an election at term 1 for -1: [f059e689-8059-4932-82a3-6235693dbd82:192.168.164.238:46474], old=null
2019-09-26 13:14:59,131 [f059e689-8059-4932-82a3-6235693dbd82@group-0F1503254F77:LeaderElection63] INFO  impl.LeaderElection (LeaderElection.java:askForVotes(182)) - f059e689-8059-4932-82a3-6235693dbd82@group-0F1503254F77:LeaderElection63: begin an election at term 1 for -1: [f059e689-8059-4932-82a3-6235693dbd82:192.168.164.238:46474], old=null
2019-09-26 13:14:59,131 [d322b207-7882-4642-9c83-3568d3f94364@group-96ED37217155:LeaderElection62] INFO  impl.LeaderElection (LeaderElection.java:askForVotes(182)) - d322b207-7882-4642-9c83-3568d3f94364@group-96ED37217155:LeaderElection62: begin an election at term 1 for -1: [d322b207-7882-4642-9c83-3568d3f94364:192.168.164.238:46290], old=null
2019-09-26 13:14:59,131 [96923b3f-1fe6-4c59-8fb3-c24db2dce8a2@group-AC5B0A99D85C:LeaderElection60] INFO  impl.LeaderElection (LeaderElection.java:askForVotes(182)) - 96923b3f-1fe6-4c59-8fb3-c24db2dce8a2@group-AC5B0A99D85C:LeaderElection60: begin an election at term 1 for -1: [96923b3f-1fe6-4c59-8fb3-c24db2dce8a2:192.168.164.238:32830], old=null
2019-09-26 13:14:59,132 [d322b207-7882-4642-9c83-3568d3f94364@group-96ED37217155:LeaderElection62] INFO  impl.RoleInfo (RoleInfo.java:shutdownLeaderElection(134)) - d322b207-7882-4642-9c83-3568d3f94364: shutdown LeaderElection
2019-09-26 13:14:59,132 [f059e689-8059-4932-82a3-6235693dbd82@group-0F1503254F77:LeaderElection63] INFO  impl.RoleInfo (RoleInfo.java:shutdownLeaderElection(134)) - f059e689-8059-4932-82a3-6235693dbd82: shutdown LeaderElection
2019-09-26 13:14:59,131 [96923b3f-1fe6-4c59-8fb3-c24db2dce8a2@group-B8E86F474D25:LeaderElection61] INFO  impl.LeaderElection (LeaderElection.java:askForVotes(182)) - 96923b3f-1fe6-4c59-8fb3-c24db2dce8a2@group-B8E86F474D25:LeaderElection61: begin an election at term 1 for -1: [96923b3f-1fe6-4c59-8fb3-c24db2dce8a2:192.168.164.238:32830], old=null
2019-09-26 13:14:59,131 [f059e689-8059-4932-82a3-6235693dbd82@group-42B2305F2E43:LeaderElection59] INFO  impl.RoleInfo (RoleInfo.java:shutdownLeaderElection(134)) - f059e689-8059-4932-82a3-6235693dbd82: shutdown LeaderElection
2019-09-26 13:14:59,132 [96923b3f-1fe6-4c59-8fb3-c24db2dce8a2@group-B8E86F474D25:LeaderElection61] INFO  impl.RoleInfo (RoleInfo.java:shutdownLeaderElection(134)) - 96923b3f-1fe6-4c59-8fb3-c24db2dce8a2: shutdown LeaderElection
2019-09-26 13:14:59,132 [f059e689-8059-4932-82a3-6235693dbd82@group-0F1503254F77:LeaderElection63] INFO  impl.RaftServerImpl (RaftServerImpl.java:setRole(174)) - f059e689-8059-4932-82a3-6235693dbd82@group-0F1503254F77: changes role from CANDIDATE to LEADER at term 1 for changeToLeader
2019-09-26 13:14:59,132 [d322b207-7882-4642-9c83-3568d3f94364@group-96ED37217155:LeaderElection62] INFO  impl.RaftServerImpl (RaftServerImpl.java:setRole(174)) - d322b207-7882-4642-9c83-3568d3f94364@group-96ED37217155: changes role from CANDIDATE to LEADER at term 1 for changeToLeader
2019-09-26 13:14:59,133 [d322b207-7882-4642-9c83-3568d3f94364@group-96ED37217155:LeaderElection62] INFO  impl.RaftServerImpl (ServerState.java:setLeader(253)) - d322b207-7882-4642-9c83-3568d3f94364@group-96ED37217155: change Leader from null to d322b207-7882-4642-9c83-3568d3f94364 at term 1 for becomeLeader, leader elected after 5104ms
2019-09-26 13:14:59,132 [96923b3f-1fe6-4c59-8fb3-c24db2dce8a2@group-AC5B0A99D85C:LeaderElection60] INFO  impl.RoleInfo (RoleInfo.java:shutdownLeaderElection(134)) - 96923b3f-1fe6-4c59-8fb3-c24db2dce8a2: shutdown LeaderElection
2019-09-26 13:14:59,133 [d322b207-7882-4642-9c83-3568d3f94364@group-96ED37217155:LeaderElection62] INFO  server.RaftServerConfigKeys (ConfUtils.java:logGet(43)) - raft.server.staging.catchup.gap = 1000 (default)
2019-09-26 13:14:59,132 [f059e689-8059-4932-82a3-6235693dbd82@group-0F1503254F77:LeaderElection63] INFO  impl.RaftServerImpl (ServerState.java:setLeader(253)) - f059e689-8059-4932-82a3-6235693dbd82@group-0F1503254F77: change Leader from null to f059e689-8059-4932-82a3-6235693dbd82 at term 1 for becomeLeader, leader elected after 5147ms
2019-09-26 13:14:59,132 [96923b3f-1fe6-4c59-8fb3-c24db2dce8a2@group-B8E86F474D25:LeaderElection61] INFO  impl.RaftServerImpl (RaftServerImpl.java:setRole(174)) - 96923b3f-1fe6-4c59-8fb3-c24db2dce8a2@group-B8E86F474D25: changes role from CANDIDATE to LEADER at term 1 for changeToLeader
2019-09-26 13:14:59,132 [f059e689-8059-4932-82a3-6235693dbd82@group-42B2305F2E43:LeaderElection59] INFO  impl.RaftServerImpl (RaftServerImpl.java:setRole(174)) - f059e689-8059-4932-82a3-6235693dbd82@group-42B2305F2E43: changes role from CANDIDATE to LEADER at term 1 for changeToLeader
2019-09-26 13:14:59,133 [96923b3f-1fe6-4c59-8fb3-c24db2dce8a2@group-B8E86F474D25:LeaderElection61] INFO  impl.RaftServerImpl (ServerState.java:setLeader(253)) - 96923b3f-1fe6-4c59-8fb3-c24db2dce8a2@group-B8E86F474D25: change Leader from null to 96923b3f-1fe6-4c59-8fb3-c24db2dce8a2 at term 1 for becomeLeader, leader elected after 5281ms
2019-09-26 13:14:59,133 [f059e689-8059-4932-82a3-6235693dbd82@group-0F1503254F77:LeaderElection63] INFO  server.RaftServerConfigKeys (ConfUtils.java:logGet(43)) - raft.server.staging.catchup.gap = 1000 (default)
2019-09-26 13:14:59,133 [d322b207-7882-4642-9c83-3568d3f94364@group-96ED37217155:LeaderElection62] INFO  server.RaftServerConfigKeys (ConfUtils.java:logGet(43)) - raft.server.rpc.sleep.time = 25ms (default)
2019-09-26 13:14:59,133 [96923b3f-1fe6-4c59-8fb3-c24db2dce8a2@group-AC5B0A99D85C:LeaderElection60] INFO  impl.RaftServerImpl (RaftServerImpl.java:setRole(174)) - 96923b3f-1fe6-4c59-8fb3-c24db2dce8a2@group-AC5B0A99D85C: changes role from CANDIDATE to LEADER at term 1 for changeToLeader
2019-09-26 13:14:59,134 [d322b207-7882-4642-9c83-3568d3f94364@group-96ED37217155:LeaderElection62] INFO  server.RaftServerConfigKeys (ConfUtils.java:logGet(43)) - raft.server.write.element-limit = 4096 (default)
2019-09-26 13:14:59,134 [f059e689-8059-4932-82a3-6235693dbd82@group-0F1503254F77:LeaderElection63] INFO  server.RaftServerConfigKeys (ConfUtils.java:logGet(43)) - raft.server.rpc.sleep.time = 25ms (default)
2019-09-26 13:14:59,133 [96923b3f-1fe6-4c59-8fb3-c24db2dce8a2@group-B8E86F474D25:LeaderElection61] INFO  server.RaftServerConfigKeys (ConfUtils.java:logGet(43)) - raft.server.staging.catchup.gap = 1000 (default)
2019-09-26 13:14:59,133 [f059e689-8059-4932-82a3-6235693dbd82@group-42B2305F2E43:LeaderElection59] INFO  impl.RaftServerImpl (ServerState.java:setLeader(253)) - f059e689-8059-4932-82a3-6235693dbd82@group-42B2305F2E43: change Leader from null to f059e689-8059-4932-82a3-6235693dbd82 at term 1 for becomeLeader, leader elected after 5185ms
2019-09-26 13:14:59,134 [96923b3f-1fe6-4c59-8fb3-c24db2dce8a2@group-B8E86F474D25:LeaderElection61] INFO  server.RaftServerConfigKeys (ConfUtils.java:logGet(43)) - raft.server.rpc.sleep.time = 25ms (default)
2019-09-26 13:14:59,134 [f059e689-8059-4932-82a3-6235693dbd82@group-0F1503254F77:LeaderElection63] INFO  server.RaftServerConfigKeys (ConfUtils.java:logGet(43)) - raft.server.write.element-limit = 4096 (default)
2019-09-26 13:14:59,134 [d322b207-7882-4642-9c83-3568d3f94364@group-96ED37217155:LeaderElection62] INFO  server.RaftServerConfigKeys (ConfUtils.java:logGet(43)) - raft.server.watch.timeout = 10s (default)
2019-09-26 13:14:59,134 [96923b3f-1fe6-4c59-8fb3-c24db2dce8a2@group-AC5B0A99D85C:LeaderElection60] INFO  impl.RaftServerImpl (ServerState.java:setLeader(253)) - 96923b3f-1fe6-4c59-8fb3-c24db2dce8a2@group-AC5B0A99D85C: change Leader from null to 96923b3f-1fe6-4c59-8fb3-c24db2dce8a2 at term 1 for becomeLeader, leader elected after 5239ms
2019-09-26 13:14:59,135 [d322b207-7882-4642-9c83-3568d3f94364@group-96ED37217155:LeaderElection62] INFO  server.RaftServerConfigKeys (ConfUtils.java:logGet(43)) - raft.server.watch.timeout.denomination = 1s (default)
2019-09-26 13:14:59,135 [f059e689-8059-4932-82a3-6235693dbd82@group-0F1503254F77:LeaderElection63] INFO  server.RaftServerConfigKeys (ConfUtils.java:logGet(43)) - raft.server.watch.timeout = 10s (default)
2019-09-26 13:14:59,134 [96923b3f-1fe6-4c59-8fb3-c24db2dce8a2@group-B8E86F474D25:LeaderElection61] INFO  server.RaftServerConfigKeys (ConfUtils.java:logGet(43)) - raft.server.write.element-limit = 4096 (default)
2019-09-26 13:14:59,134 [f059e689-8059-4932-82a3-6235693dbd82@group-42B2305F2E43:LeaderElection59] INFO  server.RaftServerConfigKeys (ConfUtils.java:logGet(43)) - raft.server.staging.catchup.gap = 1000 (default)
2019-09-26 13:14:59,135 [96923b3f-1fe6-4c59-8fb3-c24db2dce8a2@group-B8E86F474D25:LeaderElection61] INFO  server.RaftServerConfigKeys (ConfUtils.java:logGet(43)) - raft.server.watch.timeout = 10s (default)
2019-09-26 13:14:59,135 [f059e689-8059-4932-82a3-6235693dbd82@group-0F1503254F77:LeaderElection63] INFO  server.RaftServerConfigKeys (ConfUtils.java:logGet(43)) - raft.server.watch.timeout.denomination = 1s (default)
2019-09-26 13:14:59,135 [d322b207-7882-4642-9c83-3568d3f94364@group-96ED37217155:LeaderElection62] INFO  server.RaftServerConfigKeys (ConfUtils.java:logGet(43)) - raft.server.watch.element-limit = 65536 (default)
2019-09-26 13:14:59,135 [96923b3f-1fe6-4c59-8fb3-c24db2dce8a2@group-AC5B0A99D85C:LeaderElection60] INFO  server.RaftServerConfigKeys (ConfUtils.java:logGet(43)) - raft.server.staging.catchup.gap = 1000 (default)
2019-09-26 13:14:59,136 [f059e689-8059-4932-82a3-6235693dbd82@group-0F1503254F77:LeaderElection63] INFO  server.RaftServerConfigKeys (ConfUtils.java:logGet(43)) - raft.server.watch.element-limit = 65536 (default)
2019-09-26 13:14:59,135 [96923b3f-1fe6-4c59-8fb3-c24db2dce8a2@group-B8E86F474D25:LeaderElection61] INFO  server.RaftServerConfigKeys (ConfUtils.java:logGet(43)) - raft.server.watch.timeout.denomination = 1s (default)
2019-09-26 13:14:59,136 [96923b3f-1fe6-4c59-8fb3-c24db2dce8a2@group-B8E86F474D25:LeaderElection61] INFO  server.RaftServerConfigKeys (ConfUtils.java:logGet(43)) - raft.server.watch.element-limit = 65536 (default)
2019-09-26 13:14:59,135 [f059e689-8059-4932-82a3-6235693dbd82@group-42B2305F2E43:LeaderElection59] INFO  server.RaftServerConfigKeys (ConfUtils.java:logGet(43)) - raft.server.rpc.sleep.time = 25ms (default)
2019-09-26 13:14:59,136 [96923b3f-1fe6-4c59-8fb3-c24db2dce8a2@group-AC5B0A99D85C:LeaderElection60] INFO  server.RaftServerConfigKeys (ConfUtils.java:logGet(43)) - raft.server.rpc.sleep.time = 25ms (default)
2019-09-26 13:14:59,136 [f059e689-8059-4932-82a3-6235693dbd82@group-42B2305F2E43:LeaderElection59] INFO  server.RaftServerConfigKeys (ConfUtils.java:logGet(43)) - raft.server.write.element-limit = 4096 (default)
2019-09-26 13:14:59,137 [96923b3f-1fe6-4c59-8fb3-c24db2dce8a2@group-AC5B0A99D85C:LeaderElection60] INFO  server.RaftServerConfigKeys (ConfUtils.java:logGet(43)) - raft.server.write.element-limit = 4096 (default)
2019-09-26 13:14:59,137 [f059e689-8059-4932-82a3-6235693dbd82@group-42B2305F2E43:LeaderElection59] INFO  server.RaftServerConfigKeys (ConfUtils.java:logGet(43)) - raft.server.watch.timeout = 10s (default)
2019-09-26 13:14:59,137 [96923b3f-1fe6-4c59-8fb3-c24db2dce8a2@group-AC5B0A99D85C:LeaderElection60] INFO  server.RaftServerConfigKeys (ConfUtils.java:logGet(43)) - raft.server.watch.timeout = 10s (default)
2019-09-26 13:14:59,137 [f059e689-8059-4932-82a3-6235693dbd82@group-42B2305F2E43:LeaderElection59] INFO  server.RaftServerConfigKeys (ConfUtils.java:logGet(43)) - raft.server.watch.timeout.denomination = 1s (default)
2019-09-26 13:14:59,137 [96923b3f-1fe6-4c59-8fb3-c24db2dce8a2@group-AC5B0A99D85C:LeaderElection60] INFO  server.RaftServerConfigKeys (ConfUtils.java:logGet(43)) - raft.server.watch.timeout.denomination = 1s (default)
2019-09-26 13:14:59,137 [f059e689-8059-4932-82a3-6235693dbd82@group-42B2305F2E43:LeaderElection59] INFO  server.RaftServerConfigKeys (ConfUtils.java:logGet(43)) - raft.server.watch.element-limit = 65536 (default)
2019-09-26 13:14:59,137 [96923b3f-1fe6-4c59-8fb3-c24db2dce8a2@group-AC5B0A99D85C:LeaderElection60] INFO  server.RaftServerConfigKeys (ConfUtils.java:logGet(43)) - raft.server.watch.element-limit = 65536 (default)
2019-09-26 13:14:59,140 [d322b207-7882-4642-9c83-3568d3f94364@group-96ED37217155:LeaderElection62] INFO  impl.RoleInfo (RoleInfo.java:updateAndGet(143)) - d322b207-7882-4642-9c83-3568d3f94364: start LeaderState
2019-09-26 13:14:59,140 [d322b207-7882-4642-9c83-3568d3f94364@group-96ED37217155:LeaderElection62] INFO  segmented.SegmentedRaftLogWorker (SegmentedRaftLogWorker.java:startLogSegment(380)) - d322b207-7882-4642-9c83-3568d3f94364@group-96ED37217155-SegmentedRaftLogWorker: Starting segment from index:0
2019-09-26 13:14:59,141 [d322b207-7882-4642-9c83-3568d3f94364@group-96ED37217155:LeaderElection62] INFO  impl.RaftServerImpl (ServerState.java:setRaftConf(354)) - d322b207-7882-4642-9c83-3568d3f94364@group-96ED37217155: set configuration 0: [d322b207-7882-4642-9c83-3568d3f94364:192.168.164.238:46290], old=null at 0
2019-09-26 13:14:59,144 [f059e689-8059-4932-82a3-6235693dbd82@group-0F1503254F77:LeaderElection63] INFO  impl.RoleInfo (RoleInfo.java:updateAndGet(143)) - f059e689-8059-4932-82a3-6235693dbd82: start LeaderState
2019-09-26 13:14:59,144 [96923b3f-1fe6-4c59-8fb3-c24db2dce8a2@group-B8E86F474D25:LeaderElection61] INFO  impl.RoleInfo (RoleInfo.java:updateAndGet(143)) - 96923b3f-1fe6-4c59-8fb3-c24db2dce8a2: start LeaderState
2019-09-26 13:14:59,145 [f059e689-8059-4932-82a3-6235693dbd82@group-42B2305F2E43:LeaderElection59] INFO  impl.RoleInfo (RoleInfo.java:updateAndGet(143)) - f059e689-8059-4932-82a3-6235693dbd82: start LeaderState
2019-09-26 13:14:59,145 [f059e689-8059-4932-82a3-6235693dbd82@group-0F1503254F77:LeaderElection63] INFO  segmented.SegmentedRaftLogWorker (SegmentedRaftLogWorker.java:startLogSegment(380)) - f059e689-8059-4932-82a3-6235693dbd82@group-0F1503254F77-SegmentedRaftLogWorker: Starting segment from index:0
2019-09-26 13:14:59,145 [96923b3f-1fe6-4c59-8fb3-c24db2dce8a2@group-B8E86F474D25:LeaderElection61] INFO  segmented.SegmentedRaftLogWorker (SegmentedRaftLogWorker.java:startLogSegment(380)) - 96923b3f-1fe6-4c59-8fb3-c24db2dce8a2@group-B8E86F474D25-SegmentedRaftLogWorker: Starting segment from index:0
2019-09-26 13:14:59,145 [96923b3f-1fe6-4c59-8fb3-c24db2dce8a2@group-AC5B0A99D85C:LeaderElection60] INFO  impl.RoleInfo (RoleInfo.java:updateAndGet(143)) - 96923b3f-1fe6-4c59-8fb3-c24db2dce8a2: start LeaderState
2019-09-26 13:14:59,145 [f059e689-8059-4932-82a3-6235693dbd82@group-42B2305F2E43:LeaderElection59] INFO  segmented.SegmentedRaftLogWorker (SegmentedRaftLogWorker.java:startLogSegment(380)) - f059e689-8059-4932-82a3-6235693dbd82@group-42B2305F2E43-SegmentedRaftLogWorker: Starting segment from index:0
2019-09-26 13:14:59,145 [96923b3f-1fe6-4c59-8fb3-c24db2dce8a2@group-AC5B0A99D85C:LeaderElection60] INFO  segmented.SegmentedRaftLogWorker (SegmentedRaftLogWorker.java:startLogSegment(380)) - 96923b3f-1fe6-4c59-8fb3-c24db2dce8a2@group-AC5B0A99D85C-SegmentedRaftLogWorker: Starting segment from index:0
2019-09-26 13:14:59,145 [f059e689-8059-4932-82a3-6235693dbd82@group-0F1503254F77:LeaderElection63] INFO  impl.RaftServerImpl (ServerState.java:setRaftConf(354)) - f059e689-8059-4932-82a3-6235693dbd82@group-0F1503254F77: set configuration 0: [f059e689-8059-4932-82a3-6235693dbd82:192.168.164.238:46474], old=null at 0
2019-09-26 13:14:59,146 [96923b3f-1fe6-4c59-8fb3-c24db2dce8a2@group-B8E86F474D25:LeaderElection61] INFO  impl.RaftServerImpl (ServerState.java:setRaftConf(354)) - 96923b3f-1fe6-4c59-8fb3-c24db2dce8a2@group-B8E86F474D25: set configuration 0: [96923b3f-1fe6-4c59-8fb3-c24db2dce8a2:192.168.164.238:32830], old=null at 0
2019-09-26 13:14:59,146 [f059e689-8059-4932-82a3-6235693dbd82@group-42B2305F2E43:LeaderElection59] INFO  impl.RaftServerImpl (ServerState.java:setRaftConf(354)) - f059e689-8059-4932-82a3-6235693dbd82@group-42B2305F2E43: set configuration 0: [f059e689-8059-4932-82a3-6235693dbd82:192.168.164.238:46474], old=null at 0
2019-09-26 13:14:59,146 [96923b3f-1fe6-4c59-8fb3-c24db2dce8a2@group-AC5B0A99D85C:LeaderElection60] INFO  impl.RaftServerImpl (ServerState.java:setRaftConf(354)) - 96923b3f-1fe6-4c59-8fb3-c24db2dce8a2@group-AC5B0A99D85C: set configuration 0: [96923b3f-1fe6-4c59-8fb3-c24db2dce8a2:192.168.164.238:32830], old=null at 0
2019-09-26 13:14:59,194 [d322b207-7882-4642-9c83-3568d3f94364@group-96ED37217155-SegmentedRaftLogWorker] INFO  segmented.SegmentedRaftLogWorker (SegmentedRaftLogWorker.java:execute(569)) - d322b207-7882-4642-9c83-3568d3f94364@group-96ED37217155-SegmentedRaftLogWorker: created new log segment /workdir/hadoop-ozone/integration-test/target/test-dir/MiniOzoneClusterImpl-0e2f22a8-0633-4b2c-b0b3-4fc7cc6db949/datanode-1/data/ratis/b0432ec7-0f53-4ee5-89a1-96ed37217155/current/log_inprogress_0
2019-09-26 13:14:59,194 [f059e689-8059-4932-82a3-6235693dbd82@group-4DF1CBCBF88C-SegmentedRaftLogWorker] INFO  segmented.SegmentedRaftLogWorker (SegmentedRaftLogWorker.java:execute(569)) - f059e689-8059-4932-82a3-6235693dbd82@group-4DF1CBCBF88C-SegmentedRaftLogWorker: created new log segment /workdir/hadoop-ozone/integration-test/target/test-dir/MiniOzoneClusterImpl-0e2f22a8-0633-4b2c-b0b3-4fc7cc6db949/datanode-0/data/ratis/2e973b90-dae7-41e6-b00f-4df1cbcbf88c/current/log_inprogress_0
2019-09-26 13:14:59,194 [f059e689-8059-4932-82a3-6235693dbd82@group-0F1503254F77-SegmentedRaftLogWorker] INFO  segmented.SegmentedRaftLogWorker (SegmentedRaftLogWorker.java:execute(569)) - f059e689-8059-4932-82a3-6235693dbd82@group-0F1503254F77-SegmentedRaftLogWorker: created new log segment /workdir/hadoop-ozone/integration-test/target/test-dir/MiniOzoneClusterImpl-0e2f22a8-0633-4b2c-b0b3-4fc7cc6db949/datanode-0/data/ratis/491bb90d-1350-47a6-bb63-0f1503254f77/current/log_inprogress_0
2019-09-26 13:14:59,194 [96923b3f-1fe6-4c59-8fb3-c24db2dce8a2@group-AC5B0A99D85C-SegmentedRaftLogWorker] INFO  segmented.SegmentedRaftLogWorker (SegmentedRaftLogWorker.java:execute(569)) - 96923b3f-1fe6-4c59-8fb3-c24db2dce8a2@group-AC5B0A99D85C-SegmentedRaftLogWorker: created new log segment /workdir/hadoop-ozone/integration-test/target/test-dir/MiniOzoneClusterImpl-0e2f22a8-0633-4b2c-b0b3-4fc7cc6db949/datanode-2/data/ratis/1585d096-ee10-4d42-ac60-ac5b0a99d85c/current/log_inprogress_0
2019-09-26 13:14:59,194 [96923b3f-1fe6-4c59-8fb3-c24db2dce8a2@group-B8E86F474D25-SegmentedRaftLogWorker] INFO  segmented.SegmentedRaftLogWorker (SegmentedRaftLogWorker.java:execute(569)) - 96923b3f-1fe6-4c59-8fb3-c24db2dce8a2@group-B8E86F474D25-SegmentedRaftLogWorker: created new log segment /workdir/hadoop-ozone/integration-test/target/test-dir/MiniOzoneClusterImpl-0e2f22a8-0633-4b2c-b0b3-4fc7cc6db949/datanode-2/data/ratis/550d855a-0cd6-4754-8dcf-b8e86f474d25/current/log_inprogress_0
2019-09-26 13:14:59,196 [f059e689-8059-4932-82a3-6235693dbd82@group-42B2305F2E43-SegmentedRaftLogWorker] INFO  segmented.SegmentedRaftLogWorker (SegmentedRaftLogWorker.java:execute(569)) - f059e689-8059-4932-82a3-6235693dbd82@group-42B2305F2E43-SegmentedRaftLogWorker: created new log segment /workdir/hadoop-ozone/integration-test/target/test-dir/MiniOzoneClusterImpl-0e2f22a8-0633-4b2c-b0b3-4fc7cc6db949/datanode-0/data/ratis/1b698c7f-5a23-4084-ae25-42b2305f2e43/current/log_inprogress_0
2019-09-26 13:14:59,225 [Thread-998] INFO  impl.FollowerState (FollowerState.java:run(106)) - d322b207-7882-4642-9c83-3568d3f94364:group-D83DECD4878B changes to CANDIDATE, lastRpcTime:5103, electionTimeout:5103ms
2019-09-26 13:14:59,225 [Thread-998] INFO  impl.RoleInfo (RoleInfo.java:shutdownFollowerState(121)) - d322b207-7882-4642-9c83-3568d3f94364: shutdown FollowerState
2019-09-26 13:14:59,226 [Thread-998] INFO  impl.RaftServerImpl (RaftServerImpl.java:setRole(174)) - d322b207-7882-4642-9c83-3568d3f94364@group-D83DECD4878B: changes role from  FOLLOWER to CANDIDATE at term 0 for changeToCandidate
2019-09-26 13:14:59,226 [Thread-998] INFO  impl.RoleInfo (RoleInfo.java:updateAndGet(143)) - d322b207-7882-4642-9c83-3568d3f94364: start LeaderElection
2019-09-26 13:14:59,246 [d322b207-7882-4642-9c83-3568d3f94364@group-D83DECD4878B:LeaderElection64] INFO  impl.LeaderElection (LeaderElection.java:askForVotes(182)) - d322b207-7882-4642-9c83-3568d3f94364@group-D83DECD4878B:LeaderElection64: begin an election at term 1 for -1: [d322b207-7882-4642-9c83-3568d3f94364:192.168.164.238:46290], old=null
2019-09-26 13:14:59,246 [d322b207-7882-4642-9c83-3568d3f94364@group-D83DECD4878B:LeaderElection64] INFO  impl.RoleInfo (RoleInfo.java:shutdownLeaderElection(134)) - d322b207-7882-4642-9c83-3568d3f94364: shutdown LeaderElection
2019-09-26 13:14:59,246 [d322b207-7882-4642-9c83-3568d3f94364@group-D83DECD4878B:LeaderElection64] INFO  impl.RaftServerImpl (RaftServerImpl.java:setRole(174)) - d322b207-7882-4642-9c83-3568d3f94364@group-D83DECD4878B: changes role from CANDIDATE to LEADER at term 1 for changeToLeader
2019-09-26 13:14:59,246 [d322b207-7882-4642-9c83-3568d3f94364@group-D83DECD4878B:LeaderElection64] INFO  impl.RaftServerImpl (ServerState.java:setLeader(253)) - d322b207-7882-4642-9c83-3568d3f94364@group-D83DECD4878B: change Leader from null to d322b207-7882-4642-9c83-3568d3f94364 at term 1 for becomeLeader, leader elected after 5130ms
2019-09-26 13:14:59,246 [d322b207-7882-4642-9c83-3568d3f94364@group-D83DECD4878B:LeaderElection64] INFO  server.RaftServerConfigKeys (ConfUtils.java:logGet(43)) - raft.server.staging.catchup.gap = 1000 (default)
2019-09-26 13:14:59,247 [d322b207-7882-4642-9c83-3568d3f94364@group-D83DECD4878B:LeaderElection64] INFO  server.RaftServerConfigKeys (ConfUtils.java:logGet(43)) - raft.server.rpc.sleep.time = 25ms (default)
2019-09-26 13:14:59,247 [d322b207-7882-4642-9c83-3568d3f94364@group-D83DECD4878B:LeaderElection64] INFO  server.RaftServerConfigKeys (ConfUtils.java:logGet(43)) - raft.server.write.element-limit = 4096 (default)
2019-09-26 13:14:59,247 [d322b207-7882-4642-9c83-3568d3f94364@group-D83DECD4878B:LeaderElection64] INFO  server.RaftServerConfigKeys (ConfUtils.java:logGet(43)) - raft.server.watch.timeout = 10s (default)
2019-09-26 13:14:59,247 [d322b207-7882-4642-9c83-3568d3f94364@group-D83DECD4878B:LeaderElection64] INFO  server.RaftServerConfigKeys (ConfUtils.java:logGet(43)) - raft.server.watch.timeout.denomination = 1s (default)
2019-09-26 13:14:59,247 [d322b207-7882-4642-9c83-3568d3f94364@group-D83DECD4878B:LeaderElection64] INFO  server.RaftServerConfigKeys (ConfUtils.java:logGet(43)) - raft.server.watch.element-limit = 65536 (default)
2019-09-26 13:14:59,248 [d322b207-7882-4642-9c83-3568d3f94364@group-D83DECD4878B:LeaderElection64] INFO  impl.RoleInfo (RoleInfo.java:updateAndGet(143)) - d322b207-7882-4642-9c83-3568d3f94364: start LeaderState
2019-09-26 13:14:59,249 [d322b207-7882-4642-9c83-3568d3f94364@group-D83DECD4878B:LeaderElection64] INFO  segmented.SegmentedRaftLogWorker (SegmentedRaftLogWorker.java:startLogSegment(380)) - d322b207-7882-4642-9c83-3568d3f94364@group-D83DECD4878B-SegmentedRaftLogWorker: Starting segment from index:0
2019-09-26 13:14:59,249 [d322b207-7882-4642-9c83-3568d3f94364@group-D83DECD4878B:LeaderElection64] INFO  impl.RaftServerImpl (ServerState.java:setRaftConf(354)) - d322b207-7882-4642-9c83-3568d3f94364@group-D83DECD4878B: set configuration 0: [d322b207-7882-4642-9c83-3568d3f94364:192.168.164.238:46290], old=null at 0
2019-09-26 13:14:59,269 [Thread-995] INFO  impl.FollowerState (FollowerState.java:run(106)) - f059e689-8059-4932-82a3-6235693dbd82:group-910702523A32 changes to CANDIDATE, lastRpcTime:5192, electionTimeout:5192ms
2019-09-26 13:14:59,270 [Thread-995] INFO  impl.RoleInfo (RoleInfo.java:shutdownFollowerState(121)) - f059e689-8059-4932-82a3-6235693dbd82: shutdown FollowerState
2019-09-26 13:14:59,270 [Thread-995] INFO  impl.RaftServerImpl (RaftServerImpl.java:setRole(174)) - f059e689-8059-4932-82a3-6235693dbd82@group-910702523A32: changes role from  FOLLOWER to CANDIDATE at term 0 for changeToCandidate
2019-09-26 13:14:59,270 [Thread-995] INFO  impl.RoleInfo (RoleInfo.java:updateAndGet(143)) - f059e689-8059-4932-82a3-6235693dbd82: start LeaderElection
2019-09-26 13:14:59,276 [Thread-1001] INFO  impl.FollowerState (FollowerState.java:run(106)) - d322b207-7882-4642-9c83-3568d3f94364:group-6204704EF93D changes to CANDIDATE, lastRpcTime:5109, electionTimeout:5107ms
2019-09-26 13:14:59,276 [Thread-1001] INFO  impl.RoleInfo (RoleInfo.java:shutdownFollowerState(121)) - d322b207-7882-4642-9c83-3568d3f94364: shutdown FollowerState
2019-09-26 13:14:59,276 [Thread-1001] INFO  impl.RaftServerImpl (RaftServerImpl.java:setRole(174)) - d322b207-7882-4642-9c83-3568d3f94364@group-6204704EF93D: changes role from  FOLLOWER to CANDIDATE at term 0 for changeToCandidate
2019-09-26 13:14:59,276 [Thread-1001] INFO  impl.RoleInfo (RoleInfo.java:updateAndGet(143)) - d322b207-7882-4642-9c83-3568d3f94364: start LeaderElection
2019-09-26 13:14:59,281 [Thread-1007] INFO  impl.FollowerState (FollowerState.java:run(106)) - 96923b3f-1fe6-4c59-8fb3-c24db2dce8a2:group-583E6DB6D1ED changes to CANDIDATE, lastRpcTime:5015, electionTimeout:5015ms
2019-09-26 13:14:59,281 [Thread-1007] INFO  impl.RoleInfo (RoleInfo.java:shutdownFollowerState(121)) - 96923b3f-1fe6-4c59-8fb3-c24db2dce8a2: shutdown FollowerState
2019-09-26 13:14:59,281 [Thread-1007] INFO  impl.RaftServerImpl (RaftServerImpl.java:setRole(174)) - 96923b3f-1fe6-4c59-8fb3-c24db2dce8a2@group-583E6DB6D1ED: changes role from  FOLLOWER to CANDIDATE at term 0 for changeToCandidate
2019-09-26 13:14:59,282 [Thread-1007] INFO  impl.RoleInfo (RoleInfo.java:updateAndGet(143)) - 96923b3f-1fe6-4c59-8fb3-c24db2dce8a2: start LeaderElection
2019-09-26 13:14:59,291 [d322b207-7882-4642-9c83-3568d3f94364@group-D83DECD4878B-SegmentedRaftLogWorker] INFO  segmented.SegmentedRaftLogWorker (SegmentedRaftLogWorker.java:execute(569)) - d322b207-7882-4642-9c83-3568d3f94364@group-D83DECD4878B-SegmentedRaftLogWorker: created new log segment /workdir/hadoop-ozone/integration-test/target/test-dir/MiniOzoneClusterImpl-0e2f22a8-0633-4b2c-b0b3-4fc7cc6db949/datanode-1/data/ratis/f39305d7-137b-43c5-b2f3-d83decd4878b/current/log_inprogress_0
2019-09-26 13:14:59,291 [f059e689-8059-4932-82a3-6235693dbd82@group-910702523A32:LeaderElection65] INFO  impl.LeaderElection (LeaderElection.java:askForVotes(182)) - f059e689-8059-4932-82a3-6235693dbd82@group-910702523A32:LeaderElection65: begin an election at term 1 for -1: [f059e689-8059-4932-82a3-6235693dbd82:192.168.164.238:46474], old=null
2019-09-26 13:14:59,291 [96923b3f-1fe6-4c59-8fb3-c24db2dce8a2@group-583E6DB6D1ED:LeaderElection67] INFO  impl.LeaderElection (LeaderElection.java:askForVotes(182)) - 96923b3f-1fe6-4c59-8fb3-c24db2dce8a2@group-583E6DB6D1ED:LeaderElection67: begin an election at term 1 for -1: [96923b3f-1fe6-4c59-8fb3-c24db2dce8a2:192.168.164.238:32830], old=null
2019-09-26 13:14:59,291 [d322b207-7882-4642-9c83-3568d3f94364@group-6204704EF93D:LeaderElection66] INFO  impl.LeaderElection (LeaderElection.java:askForVotes(182)) - d322b207-7882-4642-9c83-3568d3f94364@group-6204704EF93D:LeaderElection66: begin an election at term 1 for -1: [d322b207-7882-4642-9c83-3568d3f94364:192.168.164.238:46290], old=null
2019-09-26 13:14:59,291 [96923b3f-1fe6-4c59-8fb3-c24db2dce8a2@group-583E6DB6D1ED:LeaderElection67] INFO  impl.RoleInfo (RoleInfo.java:shutdownLeaderElection(134)) - 96923b3f-1fe6-4c59-8fb3-c24db2dce8a2: shutdown LeaderElection
2019-09-26 13:14:59,291 [f059e689-8059-4932-82a3-6235693dbd82@group-910702523A32:LeaderElection65] INFO  impl.RoleInfo (RoleInfo.java:shutdownLeaderElection(134)) - f059e689-8059-4932-82a3-6235693dbd82: shutdown LeaderElection
2019-09-26 13:14:59,291 [96923b3f-1fe6-4c59-8fb3-c24db2dce8a2@group-583E6DB6D1ED:LeaderElection67] INFO  impl.RaftServerImpl (RaftServerImpl.java:setRole(174)) - 96923b3f-1fe6-4c59-8fb3-c24db2dce8a2@group-583E6DB6D1ED: changes role from CANDIDATE to LEADER at term 1 for changeToLeader
2019-09-26 13:14:59,292 [96923b3f-1fe6-4c59-8fb3-c24db2dce8a2@group-583E6DB6D1ED:LeaderElection67] INFO  impl.RaftServerImpl (ServerState.java:setLeader(253)) - 96923b3f-1fe6-4c59-8fb3-c24db2dce8a2@group-583E6DB6D1ED: change Leader from null to 96923b3f-1fe6-4c59-8fb3-c24db2dce8a2 at term 1 for becomeLeader, leader elected after 5030ms
2019-09-26 13:14:59,291 [d322b207-7882-4642-9c83-3568d3f94364@group-6204704EF93D:LeaderElection66] INFO  impl.RoleInfo (RoleInfo.java:shutdownLeaderElection(134)) - d322b207-7882-4642-9c83-3568d3f94364: shutdown LeaderElection
2019-09-26 13:14:59,292 [96923b3f-1fe6-4c59-8fb3-c24db2dce8a2@group-583E6DB6D1ED:LeaderElection67] INFO  server.RaftServerConfigKeys (ConfUtils.java:logGet(43)) - raft.server.staging.catchup.gap = 1000 (default)
2019-09-26 13:14:59,292 [f059e689-8059-4932-82a3-6235693dbd82@group-910702523A32:LeaderElection65] INFO  impl.RaftServerImpl (RaftServerImpl.java:setRole(174)) - f059e689-8059-4932-82a3-6235693dbd82@group-910702523A32: changes role from CANDIDATE to LEADER at term 1 for changeToLeader
2019-09-26 13:14:59,292 [96923b3f-1fe6-4c59-8fb3-c24db2dce8a2@group-583E6DB6D1ED:LeaderElection67] INFO  server.RaftServerConfigKeys (ConfUtils.java:logGet(43)) - raft.server.rpc.sleep.time = 25ms (default)
2019-09-26 13:14:59,292 [d322b207-7882-4642-9c83-3568d3f94364@group-6204704EF93D:LeaderElection66] INFO  impl.RaftServerImpl (RaftServerImpl.java:setRole(174)) - d322b207-7882-4642-9c83-3568d3f94364@group-6204704EF93D: changes role from CANDIDATE to LEADER at term 1 for changeToLeader
2019-09-26 13:14:59,292 [96923b3f-1fe6-4c59-8fb3-c24db2dce8a2@group-583E6DB6D1ED:LeaderElection67] INFO  server.RaftServerConfigKeys (ConfUtils.java:logGet(43)) - raft.server.write.element-limit = 4096 (default)
2019-09-26 13:14:59,292 [f059e689-8059-4932-82a3-6235693dbd82@group-910702523A32:LeaderElection65] INFO  impl.RaftServerImpl (ServerState.java:setLeader(253)) - f059e689-8059-4932-82a3-6235693dbd82@group-910702523A32: change Leader from null to f059e689-8059-4932-82a3-6235693dbd82 at term 1 for becomeLeader, leader elected after 5220ms
2019-09-26 13:14:59,292 [96923b3f-1fe6-4c59-8fb3-c24db2dce8a2@group-583E6DB6D1ED:LeaderElection67] INFO  server.RaftServerConfigKeys (ConfUtils.java:logGet(43)) - raft.server.watch.timeout = 10s (default)
2019-09-26 13:14:59,292 [d322b207-7882-4642-9c83-3568d3f94364@group-6204704EF93D:LeaderElection66] INFO  impl.RaftServerImpl (ServerState.java:setLeader(253)) - d322b207-7882-4642-9c83-3568d3f94364@group-6204704EF93D: change Leader from null to d322b207-7882-4642-9c83-3568d3f94364 at term 1 for becomeLeader, leader elected after 5132ms
2019-09-26 13:14:59,293 [96923b3f-1fe6-4c59-8fb3-c24db2dce8a2@group-583E6DB6D1ED:LeaderElection67] INFO  server.RaftServerConfigKeys (ConfUtils.java:logGet(43)) - raft.server.watch.timeout.denomination = 1s (default)
2019-09-26 13:14:59,293 [f059e689-8059-4932-82a3-6235693dbd82@group-910702523A32:LeaderElection65] INFO  server.RaftServerConfigKeys (ConfUtils.java:logGet(43)) - raft.server.staging.catchup.gap = 1000 (default)
2019-09-26 13:14:59,293 [96923b3f-1fe6-4c59-8fb3-c24db2dce8a2@group-583E6DB6D1ED:LeaderElection67] INFO  server.RaftServerConfigKeys (ConfUtils.java:logGet(43)) - raft.server.watch.element-limit = 65536 (default)
2019-09-26 13:14:59,293 [d322b207-7882-4642-9c83-3568d3f94364@group-6204704EF93D:LeaderElection66] INFO  server.RaftServerConfigKeys (ConfUtils.java:logGet(43)) - raft.server.staging.catchup.gap = 1000 (default)
2019-09-26 13:14:59,293 [f059e689-8059-4932-82a3-6235693dbd82@group-910702523A32:LeaderElection65] INFO  server.RaftServerConfigKeys (ConfUtils.java:logGet(43)) - raft.server.rpc.sleep.time = 25ms (default)
2019-09-26 13:14:59,293 [d322b207-7882-4642-9c83-3568d3f94364@group-6204704EF93D:LeaderElection66] INFO  server.RaftServerConfigKeys (ConfUtils.java:logGet(43)) - raft.server.rpc.sleep.time = 25ms (default)
2019-09-26 13:14:59,293 [f059e689-8059-4932-82a3-6235693dbd82@group-910702523A32:LeaderElection65] INFO  server.RaftServerConfigKeys (ConfUtils.java:logGet(43)) - raft.server.write.element-limit = 4096 (default)
2019-09-26 13:14:59,293 [d322b207-7882-4642-9c83-3568d3f94364@group-6204704EF93D:LeaderElection66] INFO  server.RaftServerConfigKeys (ConfUtils.java:logGet(43)) - raft.server.write.element-limit = 4096 (default)
2019-09-26 13:14:59,293 [f059e689-8059-4932-82a3-6235693dbd82@group-910702523A32:LeaderElection65] INFO  server.RaftServerConfigKeys (ConfUtils.java:logGet(43)) - raft.server.watch.timeout = 10s (default)
2019-09-26 13:14:59,294 [d322b207-7882-4642-9c83-3568d3f94364@group-6204704EF93D:LeaderElection66] INFO  server.RaftServerConfigKeys (ConfUtils.java:logGet(43)) - raft.server.watch.timeout = 10s (default)
2019-09-26 13:14:59,294 [f059e689-8059-4932-82a3-6235693dbd82@group-910702523A32:LeaderElection65] INFO  server.RaftServerConfigKeys (ConfUtils.java:logGet(43)) - raft.server.watch.timeout.denomination = 1s (default)
2019-09-26 13:14:59,294 [d322b207-7882-4642-9c83-3568d3f94364@group-6204704EF93D:LeaderElection66] INFO  server.RaftServerConfigKeys (ConfUtils.java:logGet(43)) - raft.server.watch.timeout.denomination = 1s (default)
2019-09-26 13:14:59,294 [f059e689-8059-4932-82a3-6235693dbd82@group-910702523A32:LeaderElection65] INFO  server.RaftServerConfigKeys (ConfUtils.java:logGet(43)) - raft.server.watch.element-limit = 65536 (default)
2019-09-26 13:14:59,294 [d322b207-7882-4642-9c83-3568d3f94364@group-6204704EF93D:LeaderElection66] INFO  server.RaftServerConfigKeys (ConfUtils.java:logGet(43)) - raft.server.watch.element-limit = 65536 (default)
2019-09-26 13:14:59,294 [96923b3f-1fe6-4c59-8fb3-c24db2dce8a2@group-583E6DB6D1ED:LeaderElection67] INFO  impl.RoleInfo (RoleInfo.java:updateAndGet(143)) - 96923b3f-1fe6-4c59-8fb3-c24db2dce8a2: start LeaderState
2019-09-26 13:14:59,294 [96923b3f-1fe6-4c59-8fb3-c24db2dce8a2@group-583E6DB6D1ED:LeaderElection67] INFO  segmented.SegmentedRaftLogWorker (SegmentedRaftLogWorker.java:startLogSegment(380)) - 96923b3f-1fe6-4c59-8fb3-c24db2dce8a2@group-583E6DB6D1ED-SegmentedRaftLogWorker: Starting segment from index:0
2019-09-26 13:14:59,295 [96923b3f-1fe6-4c59-8fb3-c24db2dce8a2@group-583E6DB6D1ED:LeaderElection67] INFO  impl.RaftServerImpl (ServerState.java:setRaftConf(354)) - 96923b3f-1fe6-4c59-8fb3-c24db2dce8a2@group-583E6DB6D1ED: set configuration 0: [96923b3f-1fe6-4c59-8fb3-c24db2dce8a2:192.168.164.238:32830], old=null at 0
2019-09-26 13:14:59,296 [f059e689-8059-4932-82a3-6235693dbd82@group-910702523A32:LeaderElection65] INFO  impl.RoleInfo (RoleInfo.java:updateAndGet(143)) - f059e689-8059-4932-82a3-6235693dbd82: start LeaderState
2019-09-26 13:14:59,296 [d322b207-7882-4642-9c83-3568d3f94364@group-6204704EF93D:LeaderElection66] INFO  impl.RoleInfo (RoleInfo.java:updateAndGet(143)) - d322b207-7882-4642-9c83-3568d3f94364: start LeaderState
2019-09-26 13:14:59,297 [f059e689-8059-4932-82a3-6235693dbd82@group-910702523A32:LeaderElection65] INFO  segmented.SegmentedRaftLogWorker (SegmentedRaftLogWorker.java:startLogSegment(380)) - f059e689-8059-4932-82a3-6235693dbd82@group-910702523A32-SegmentedRaftLogWorker: Starting segment from index:0
2019-09-26 13:14:59,297 [d322b207-7882-4642-9c83-3568d3f94364@group-6204704EF93D:LeaderElection66] INFO  segmented.SegmentedRaftLogWorker (SegmentedRaftLogWorker.java:startLogSegment(380)) - d322b207-7882-4642-9c83-3568d3f94364@group-6204704EF93D-SegmentedRaftLogWorker: Starting segment from index:0
2019-09-26 13:14:59,297 [f059e689-8059-4932-82a3-6235693dbd82@group-910702523A32:LeaderElection65] INFO  impl.RaftServerImpl (ServerState.java:setRaftConf(354)) - f059e689-8059-4932-82a3-6235693dbd82@group-910702523A32: set configuration 0: [f059e689-8059-4932-82a3-6235693dbd82:192.168.164.238:46474], old=null at 0
2019-09-26 13:14:59,297 [d322b207-7882-4642-9c83-3568d3f94364@group-6204704EF93D:LeaderElection66] INFO  impl.RaftServerImpl (ServerState.java:setRaftConf(354)) - d322b207-7882-4642-9c83-3568d3f94364@group-6204704EF93D: set configuration 0: [d322b207-7882-4642-9c83-3568d3f94364:192.168.164.238:46290], old=null at 0
2019-09-26 13:14:59,301 [Thread-1004] INFO  impl.FollowerState (FollowerState.java:run(106)) - 96923b3f-1fe6-4c59-8fb3-c24db2dce8a2:group-07452E076A73 changes to CANDIDATE, lastRpcTime:5079, electionTimeout:5079ms
2019-09-26 13:14:59,301 [Thread-1004] INFO  impl.RoleInfo (RoleInfo.java:shutdownFollowerState(121)) - 96923b3f-1fe6-4c59-8fb3-c24db2dce8a2: shutdown FollowerState
2019-09-26 13:14:59,301 [Thread-1004] INFO  impl.RaftServerImpl (RaftServerImpl.java:setRole(174)) - 96923b3f-1fe6-4c59-8fb3-c24db2dce8a2@group-07452E076A73: changes role from  FOLLOWER to CANDIDATE at term 0 for changeToCandidate
2019-09-26 13:14:59,301 [Thread-1004] INFO  impl.RoleInfo (RoleInfo.java:updateAndGet(143)) - 96923b3f-1fe6-4c59-8fb3-c24db2dce8a2: start LeaderElection
2019-09-26 13:14:59,339 [f059e689-8059-4932-82a3-6235693dbd82@group-910702523A32-SegmentedRaftLogWorker] INFO  segmented.SegmentedRaftLogWorker (SegmentedRaftLogWorker.java:execute(569)) - f059e689-8059-4932-82a3-6235693dbd82@group-910702523A32-SegmentedRaftLogWorker: created new log segment /workdir/hadoop-ozone/integration-test/target/test-dir/MiniOzoneClusterImpl-0e2f22a8-0633-4b2c-b0b3-4fc7cc6db949/datanode-0/data/ratis/63b5edec-6944-4229-acd1-910702523a32/current/log_inprogress_0
2019-09-26 13:14:59,340 [96923b3f-1fe6-4c59-8fb3-c24db2dce8a2@group-07452E076A73:LeaderElection68] INFO  impl.LeaderElection (LeaderElection.java:askForVotes(182)) - 96923b3f-1fe6-4c59-8fb3-c24db2dce8a2@group-07452E076A73:LeaderElection68: begin an election at term 1 for -1: [96923b3f-1fe6-4c59-8fb3-c24db2dce8a2:192.168.164.238:32830], old=null
2019-09-26 13:14:59,339 [96923b3f-1fe6-4c59-8fb3-c24db2dce8a2@group-583E6DB6D1ED-SegmentedRaftLogWorker] INFO  segmented.SegmentedRaftLogWorker (SegmentedRaftLogWorker.java:execute(569)) - 96923b3f-1fe6-4c59-8fb3-c24db2dce8a2@group-583E6DB6D1ED-SegmentedRaftLogWorker: created new log segment /workdir/hadoop-ozone/integration-test/target/test-dir/MiniOzoneClusterImpl-0e2f22a8-0633-4b2c-b0b3-4fc7cc6db949/datanode-2/data/ratis/e3b47aea-4547-4e7f-85d3-583e6db6d1ed/current/log_inprogress_0
2019-09-26 13:14:59,339 [d322b207-7882-4642-9c83-3568d3f94364@group-6204704EF93D-SegmentedRaftLogWorker] INFO  segmented.SegmentedRaftLogWorker (SegmentedRaftLogWorker.java:execute(569)) - d322b207-7882-4642-9c83-3568d3f94364@group-6204704EF93D-SegmentedRaftLogWorker: created new log segment /workdir/hadoop-ozone/integration-test/target/test-dir/MiniOzoneClusterImpl-0e2f22a8-0633-4b2c-b0b3-4fc7cc6db949/datanode-1/data/ratis/b307660e-fbd6-4cbc-82a3-6204704ef93d/current/log_inprogress_0
2019-09-26 13:14:59,340 [96923b3f-1fe6-4c59-8fb3-c24db2dce8a2@group-07452E076A73:LeaderElection68] INFO  impl.RoleInfo (RoleInfo.java:shutdownLeaderElection(134)) - 96923b3f-1fe6-4c59-8fb3-c24db2dce8a2: shutdown LeaderElection
2019-09-26 13:14:59,340 [96923b3f-1fe6-4c59-8fb3-c24db2dce8a2@group-07452E076A73:LeaderElection68] INFO  impl.RaftServerImpl (RaftServerImpl.java:setRole(174)) - 96923b3f-1fe6-4c59-8fb3-c24db2dce8a2@group-07452E076A73: changes role from CANDIDATE to LEADER at term 1 for changeToLeader
2019-09-26 13:14:59,340 [96923b3f-1fe6-4c59-8fb3-c24db2dce8a2@group-07452E076A73:LeaderElection68] INFO  impl.RaftServerImpl (ServerState.java:setLeader(253)) - 96923b3f-1fe6-4c59-8fb3-c24db2dce8a2@group-07452E076A73: change Leader from null to 96923b3f-1fe6-4c59-8fb3-c24db2dce8a2 at term 1 for becomeLeader, leader elected after 5123ms
2019-09-26 13:14:59,340 [96923b3f-1fe6-4c59-8fb3-c24db2dce8a2@group-07452E076A73:LeaderElection68] INFO  server.RaftServerConfigKeys (ConfUtils.java:logGet(43)) - raft.server.staging.catchup.gap = 1000 (default)
2019-09-26 13:14:59,340 [96923b3f-1fe6-4c59-8fb3-c24db2dce8a2@group-07452E076A73:LeaderElection68] INFO  server.RaftServerConfigKeys (ConfUtils.java:logGet(43)) - raft.server.rpc.sleep.time = 25ms (default)
2019-09-26 13:14:59,341 [96923b3f-1fe6-4c59-8fb3-c24db2dce8a2@group-07452E076A73:LeaderElection68] INFO  server.RaftServerConfigKeys (ConfUtils.java:logGet(43)) - raft.server.write.element-limit = 4096 (default)
2019-09-26 13:14:59,341 [96923b3f-1fe6-4c59-8fb3-c24db2dce8a2@group-07452E076A73:LeaderElection68] INFO  server.RaftServerConfigKeys (ConfUtils.java:logGet(43)) - raft.server.watch.timeout = 10s (default)
2019-09-26 13:14:59,341 [96923b3f-1fe6-4c59-8fb3-c24db2dce8a2@group-07452E076A73:LeaderElection68] INFO  server.RaftServerConfigKeys (ConfUtils.java:logGet(43)) - raft.server.watch.timeout.denomination = 1s (default)
2019-09-26 13:14:59,341 [96923b3f-1fe6-4c59-8fb3-c24db2dce8a2@group-07452E076A73:LeaderElection68] INFO  server.RaftServerConfigKeys (ConfUtils.java:logGet(43)) - raft.server.watch.element-limit = 65536 (default)
2019-09-26 13:14:59,343 [96923b3f-1fe6-4c59-8fb3-c24db2dce8a2@group-07452E076A73:LeaderElection68] INFO  impl.RoleInfo (RoleInfo.java:updateAndGet(143)) - 96923b3f-1fe6-4c59-8fb3-c24db2dce8a2: start LeaderState
2019-09-26 13:14:59,343 [96923b3f-1fe6-4c59-8fb3-c24db2dce8a2@group-07452E076A73:LeaderElection68] INFO  segmented.SegmentedRaftLogWorker (SegmentedRaftLogWorker.java:startLogSegment(380)) - 96923b3f-1fe6-4c59-8fb3-c24db2dce8a2@group-07452E076A73-SegmentedRaftLogWorker: Starting segment from index:0
2019-09-26 13:14:59,343 [96923b3f-1fe6-4c59-8fb3-c24db2dce8a2@group-07452E076A73:LeaderElection68] INFO  impl.RaftServerImpl (ServerState.java:setRaftConf(354)) - 96923b3f-1fe6-4c59-8fb3-c24db2dce8a2@group-07452E076A73: set configuration 0: [96923b3f-1fe6-4c59-8fb3-c24db2dce8a2:192.168.164.238:32830], old=null at 0
2019-09-26 13:14:59,356 [Thread-1010] INFO  impl.FollowerState (FollowerState.java:run(106)) - d322b207-7882-4642-9c83-3568d3f94364:group-7BB9E5B3A965 changes to CANDIDATE, lastRpcTime:5048, electionTimeout:5048ms
2019-09-26 13:14:59,357 [Thread-1010] INFO  impl.RoleInfo (RoleInfo.java:shutdownFollowerState(121)) - d322b207-7882-4642-9c83-3568d3f94364: shutdown FollowerState
2019-09-26 13:14:59,357 [Thread-1010] INFO  impl.RaftServerImpl (RaftServerImpl.java:setRole(174)) - d322b207-7882-4642-9c83-3568d3f94364@group-7BB9E5B3A965: changes role from  FOLLOWER to CANDIDATE at term 0 for changeToCandidate
2019-09-26 13:14:59,357 [Thread-1010] INFO  impl.RoleInfo (RoleInfo.java:updateAndGet(143)) - d322b207-7882-4642-9c83-3568d3f94364: start LeaderElection
2019-09-26 13:14:59,370 [Thread-1013] INFO  impl.FollowerState (FollowerState.java:run(106)) - d322b207-7882-4642-9c83-3568d3f94364:group-624C5C7D760E changes to CANDIDATE, lastRpcTime:5021, electionTimeout:5009ms
2019-09-26 13:14:59,370 [Thread-1013] INFO  impl.RoleInfo (RoleInfo.java:shutdownFollowerState(121)) - d322b207-7882-4642-9c83-3568d3f94364: shutdown FollowerState
2019-09-26 13:14:59,370 [Thread-1013] INFO  impl.RaftServerImpl (RaftServerImpl.java:setRole(174)) - d322b207-7882-4642-9c83-3568d3f94364@group-624C5C7D760E: changes role from  FOLLOWER to CANDIDATE at term 0 for changeToCandidate
2019-09-26 13:14:59,370 [Thread-1013] INFO  impl.RoleInfo (RoleInfo.java:updateAndGet(143)) - d322b207-7882-4642-9c83-3568d3f94364: start LeaderElection
2019-09-26 13:14:59,386 [96923b3f-1fe6-4c59-8fb3-c24db2dce8a2@group-07452E076A73-SegmentedRaftLogWorker] INFO  segmented.SegmentedRaftLogWorker (SegmentedRaftLogWorker.java:execute(569)) - 96923b3f-1fe6-4c59-8fb3-c24db2dce8a2@group-07452E076A73-SegmentedRaftLogWorker: created new log segment /workdir/hadoop-ozone/integration-test/target/test-dir/MiniOzoneClusterImpl-0e2f22a8-0633-4b2c-b0b3-4fc7cc6db949/datanode-2/data/ratis/df238beb-1b9f-4c7c-b46b-07452e076a73/current/log_inprogress_0
2019-09-26 13:14:59,386 [d322b207-7882-4642-9c83-3568d3f94364@group-624C5C7D760E:LeaderElection70] INFO  impl.LeaderElection (LeaderElection.java:askForVotes(182)) - d322b207-7882-4642-9c83-3568d3f94364@group-624C5C7D760E:LeaderElection70: begin an election at term 1 for -1: [d322b207-7882-4642-9c83-3568d3f94364:192.168.164.238:46290], old=null
2019-09-26 13:14:59,386 [d322b207-7882-4642-9c83-3568d3f94364@group-7BB9E5B3A965:LeaderElection69] INFO  impl.LeaderElection (LeaderElection.java:askForVotes(182)) - d322b207-7882-4642-9c83-3568d3f94364@group-7BB9E5B3A965:LeaderElection69: begin an election at term 1 for -1: [d322b207-7882-4642-9c83-3568d3f94364:192.168.164.238:46290], old=null
2019-09-26 13:14:59,387 [d322b207-7882-4642-9c83-3568d3f94364@group-624C5C7D760E:LeaderElection70] INFO  impl.RoleInfo (RoleInfo.java:shutdownLeaderElection(134)) - d322b207-7882-4642-9c83-3568d3f94364: shutdown LeaderElection
2019-09-26 13:14:59,387 [d322b207-7882-4642-9c83-3568d3f94364@group-7BB9E5B3A965:LeaderElection69] INFO  impl.RoleInfo (RoleInfo.java:shutdownLeaderElection(134)) - d322b207-7882-4642-9c83-3568d3f94364: shutdown LeaderElection
2019-09-26 13:14:59,387 [d322b207-7882-4642-9c83-3568d3f94364@group-624C5C7D760E:LeaderElection70] INFO  impl.RaftServerImpl (RaftServerImpl.java:setRole(174)) - d322b207-7882-4642-9c83-3568d3f94364@group-624C5C7D760E: changes role from CANDIDATE to LEADER at term 1 for changeToLeader
2019-09-26 13:14:59,387 [d322b207-7882-4642-9c83-3568d3f94364@group-7BB9E5B3A965:LeaderElection69] INFO  impl.RaftServerImpl (RaftServerImpl.java:setRole(174)) - d322b207-7882-4642-9c83-3568d3f94364@group-7BB9E5B3A965: changes role from CANDIDATE to LEADER at term 1 for changeToLeader
2019-09-26 13:14:59,387 [d322b207-7882-4642-9c83-3568d3f94364@group-624C5C7D760E:LeaderElection70] INFO  impl.RaftServerImpl (ServerState.java:setLeader(253)) - d322b207-7882-4642-9c83-3568d3f94364@group-624C5C7D760E: change Leader from null to d322b207-7882-4642-9c83-3568d3f94364 at term 1 for becomeLeader, leader elected after 5042ms
2019-09-26 13:14:59,387 [d322b207-7882-4642-9c83-3568d3f94364@group-7BB9E5B3A965:LeaderElection69] INFO  impl.RaftServerImpl (ServerState.java:setLeader(253)) - d322b207-7882-4642-9c83-3568d3f94364@group-7BB9E5B3A965: change Leader from null to d322b207-7882-4642-9c83-3568d3f94364 at term 1 for becomeLeader, leader elected after 5084ms
2019-09-26 13:14:59,387 [d322b207-7882-4642-9c83-3568d3f94364@group-624C5C7D760E:LeaderElection70] INFO  server.RaftServerConfigKeys (ConfUtils.java:logGet(43)) - raft.server.staging.catchup.gap = 1000 (default)
2019-09-26 13:14:59,387 [d322b207-7882-4642-9c83-3568d3f94364@group-7BB9E5B3A965:LeaderElection69] INFO  server.RaftServerConfigKeys (ConfUtils.java:logGet(43)) - raft.server.staging.catchup.gap = 1000 (default)
2019-09-26 13:14:59,387 [d322b207-7882-4642-9c83-3568d3f94364@group-624C5C7D760E:LeaderElection70] INFO  server.RaftServerConfigKeys (ConfUtils.java:logGet(43)) - raft.server.rpc.sleep.time = 25ms (default)
2019-09-26 13:14:59,388 [d322b207-7882-4642-9c83-3568d3f94364@group-7BB9E5B3A965:LeaderElection69] INFO  server.RaftServerConfigKeys (ConfUtils.java:logGet(43)) - raft.server.rpc.sleep.time = 25ms (default)
2019-09-26 13:14:59,388 [d322b207-7882-4642-9c83-3568d3f94364@group-624C5C7D760E:LeaderElection70] INFO  server.RaftServerConfigKeys (ConfUtils.java:logGet(43)) - raft.server.write.element-limit = 4096 (default)
2019-09-26 13:14:59,388 [d322b207-7882-4642-9c83-3568d3f94364@group-7BB9E5B3A965:LeaderElection69] INFO  server.RaftServerConfigKeys (ConfUtils.java:logGet(43)) - raft.server.write.element-limit = 4096 (default)
2019-09-26 13:14:59,388 [d322b207-7882-4642-9c83-3568d3f94364@group-624C5C7D760E:LeaderElection70] INFO  server.RaftServerConfigKeys (ConfUtils.java:logGet(43)) - raft.server.watch.timeout = 10s (default)
2019-09-26 13:14:59,388 [d322b207-7882-4642-9c83-3568d3f94364@group-7BB9E5B3A965:LeaderElection69] INFO  server.RaftServerConfigKeys (ConfUtils.java:logGet(43)) - raft.server.watch.timeout = 10s (default)
2019-09-26 13:14:59,388 [d322b207-7882-4642-9c83-3568d3f94364@group-624C5C7D760E:LeaderElection70] INFO  server.RaftServerConfigKeys (ConfUtils.java:logGet(43)) - raft.server.watch.timeout.denomination = 1s (default)
2019-09-26 13:14:59,388 [d322b207-7882-4642-9c83-3568d3f94364@group-7BB9E5B3A965:LeaderElection69] INFO  server.RaftServerConfigKeys (ConfUtils.java:logGet(43)) - raft.server.watch.timeout.denomination = 1s (default)
2019-09-26 13:14:59,388 [d322b207-7882-4642-9c83-3568d3f94364@group-624C5C7D760E:LeaderElection70] INFO  server.RaftServerConfigKeys (ConfUtils.java:logGet(43)) - raft.server.watch.element-limit = 65536 (default)
2019-09-26 13:14:59,389 [d322b207-7882-4642-9c83-3568d3f94364@group-7BB9E5B3A965:LeaderElection69] INFO  server.RaftServerConfigKeys (ConfUtils.java:logGet(43)) - raft.server.watch.element-limit = 65536 (default)
2019-09-26 13:14:59,392 [d322b207-7882-4642-9c83-3568d3f94364@group-624C5C7D760E:LeaderElection70] INFO  impl.RoleInfo (RoleInfo.java:updateAndGet(143)) - d322b207-7882-4642-9c83-3568d3f94364: start LeaderState
2019-09-26 13:14:59,392 [d322b207-7882-4642-9c83-3568d3f94364@group-7BB9E5B3A965:LeaderElection69] INFO  impl.RoleInfo (RoleInfo.java:updateAndGet(143)) - d322b207-7882-4642-9c83-3568d3f94364: start LeaderState
2019-09-26 13:14:59,392 [d322b207-7882-4642-9c83-3568d3f94364@group-624C5C7D760E:LeaderElection70] INFO  segmented.SegmentedRaftLogWorker (SegmentedRaftLogWorker.java:startLogSegment(380)) - d322b207-7882-4642-9c83-3568d3f94364@group-624C5C7D760E-SegmentedRaftLogWorker: Starting segment from index:0
2019-09-26 13:14:59,392 [d322b207-7882-4642-9c83-3568d3f94364@group-7BB9E5B3A965:LeaderElection69] INFO  segmented.SegmentedRaftLogWorker (SegmentedRaftLogWorker.java:startLogSegment(380)) - d322b207-7882-4642-9c83-3568d3f94364@group-7BB9E5B3A965-SegmentedRaftLogWorker: Starting segment from index:0
2019-09-26 13:14:59,393 [d322b207-7882-4642-9c83-3568d3f94364@group-624C5C7D760E:LeaderElection70] INFO  impl.RaftServerImpl (ServerState.java:setRaftConf(354)) - d322b207-7882-4642-9c83-3568d3f94364@group-624C5C7D760E: set configuration 0: [d322b207-7882-4642-9c83-3568d3f94364:192.168.164.238:46290], old=null at 0
2019-09-26 13:14:59,393 [d322b207-7882-4642-9c83-3568d3f94364@group-7BB9E5B3A965:LeaderElection69] INFO  impl.RaftServerImpl (ServerState.java:setRaftConf(354)) - d322b207-7882-4642-9c83-3568d3f94364@group-7BB9E5B3A965: set configuration 0: [d322b207-7882-4642-9c83-3568d3f94364:192.168.164.238:46290], old=null at 0
2019-09-26 13:14:59,438 [d322b207-7882-4642-9c83-3568d3f94364@group-624C5C7D760E-SegmentedRaftLogWorker] INFO  segmented.SegmentedRaftLogWorker (SegmentedRaftLogWorker.java:execute(569)) - d322b207-7882-4642-9c83-3568d3f94364@group-624C5C7D760E-SegmentedRaftLogWorker: created new log segment /workdir/hadoop-ozone/integration-test/target/test-dir/MiniOzoneClusterImpl-0e2f22a8-0633-4b2c-b0b3-4fc7cc6db949/datanode-1/data/ratis/ea16e48c-58f0-4f6c-8d7d-624c5c7d760e/current/log_inprogress_0
2019-09-26 13:14:59,438 [d322b207-7882-4642-9c83-3568d3f94364@group-7BB9E5B3A965-SegmentedRaftLogWorker] INFO  segmented.SegmentedRaftLogWorker (SegmentedRaftLogWorker.java:execute(569)) - d322b207-7882-4642-9c83-3568d3f94364@group-7BB9E5B3A965-SegmentedRaftLogWorker: created new log segment /workdir/hadoop-ozone/integration-test/target/test-dir/MiniOzoneClusterImpl-0e2f22a8-0633-4b2c-b0b3-4fc7cc6db949/datanode-1/data/ratis/bb944137-fa14-4a97-8d6e-7bb9e5b3a965/current/log_inprogress_0
2019-09-26 13:14:59,479 [Thread-1016] INFO  impl.FollowerState (FollowerState.java:run(106)) - 96923b3f-1fe6-4c59-8fb3-c24db2dce8a2:group-814D2A4C1D31 changes to CANDIDATE, lastRpcTime:5085, electionTimeout:5085ms
2019-09-26 13:14:59,480 [Thread-1016] INFO  impl.RoleInfo (RoleInfo.java:shutdownFollowerState(121)) - 96923b3f-1fe6-4c59-8fb3-c24db2dce8a2: shutdown FollowerState
2019-09-26 13:14:59,480 [Thread-1016] INFO  impl.RaftServerImpl (RaftServerImpl.java:setRole(174)) - 96923b3f-1fe6-4c59-8fb3-c24db2dce8a2@group-814D2A4C1D31: changes role from  FOLLOWER to CANDIDATE at term 0 for changeToCandidate
2019-09-26 13:14:59,480 [Thread-1016] INFO  impl.RoleInfo (RoleInfo.java:updateAndGet(143)) - 96923b3f-1fe6-4c59-8fb3-c24db2dce8a2: start LeaderElection
2019-09-26 13:14:59,497 [96923b3f-1fe6-4c59-8fb3-c24db2dce8a2@group-814D2A4C1D31:LeaderElection71] INFO  impl.LeaderElection (LeaderElection.java:askForVotes(182)) - 96923b3f-1fe6-4c59-8fb3-c24db2dce8a2@group-814D2A4C1D31:LeaderElection71: begin an election at term 1 for -1: [96923b3f-1fe6-4c59-8fb3-c24db2dce8a2:192.168.164.238:32830], old=null
2019-09-26 13:14:59,497 [96923b3f-1fe6-4c59-8fb3-c24db2dce8a2@group-814D2A4C1D31:LeaderElection71] INFO  impl.RoleInfo (RoleInfo.java:shutdownLeaderElection(134)) - 96923b3f-1fe6-4c59-8fb3-c24db2dce8a2: shutdown LeaderElection
2019-09-26 13:14:59,497 [96923b3f-1fe6-4c59-8fb3-c24db2dce8a2@group-814D2A4C1D31:LeaderElection71] INFO  impl.RaftServerImpl (RaftServerImpl.java:setRole(174)) - 96923b3f-1fe6-4c59-8fb3-c24db2dce8a2@group-814D2A4C1D31: changes role from CANDIDATE to LEADER at term 1 for changeToLeader
2019-09-26 13:14:59,497 [96923b3f-1fe6-4c59-8fb3-c24db2dce8a2@group-814D2A4C1D31:LeaderElection71] INFO  impl.RaftServerImpl (ServerState.java:setLeader(253)) - 96923b3f-1fe6-4c59-8fb3-c24db2dce8a2@group-814D2A4C1D31: change Leader from null to 96923b3f-1fe6-4c59-8fb3-c24db2dce8a2 at term 1 for becomeLeader, leader elected after 5109ms
2019-09-26 13:14:59,498 [96923b3f-1fe6-4c59-8fb3-c24db2dce8a2@group-814D2A4C1D31:LeaderElection71] INFO  server.RaftServerConfigKeys (ConfUtils.java:logGet(43)) - raft.server.staging.catchup.gap = 1000 (default)
2019-09-26 13:14:59,498 [96923b3f-1fe6-4c59-8fb3-c24db2dce8a2@group-814D2A4C1D31:LeaderElection71] INFO  server.RaftServerConfigKeys (ConfUtils.java:logGet(43)) - raft.server.rpc.sleep.time = 25ms (default)
2019-09-26 13:14:59,498 [96923b3f-1fe6-4c59-8fb3-c24db2dce8a2@group-814D2A4C1D31:LeaderElection71] INFO  server.RaftServerConfigKeys (ConfUtils.java:logGet(43)) - raft.server.write.element-limit = 4096 (default)
2019-09-26 13:14:59,498 [96923b3f-1fe6-4c59-8fb3-c24db2dce8a2@group-814D2A4C1D31:LeaderElection71] INFO  server.RaftServerConfigKeys (ConfUtils.java:logGet(43)) - raft.server.watch.timeout = 10s (default)
2019-09-26 13:14:59,498 [96923b3f-1fe6-4c59-8fb3-c24db2dce8a2@group-814D2A4C1D31:LeaderElection71] INFO  server.RaftServerConfigKeys (ConfUtils.java:logGet(43)) - raft.server.watch.timeout.denomination = 1s (default)
2019-09-26 13:14:59,498 [96923b3f-1fe6-4c59-8fb3-c24db2dce8a2@group-814D2A4C1D31:LeaderElection71] INFO  server.RaftServerConfigKeys (ConfUtils.java:logGet(43)) - raft.server.watch.element-limit = 65536 (default)
2019-09-26 13:14:59,501 [96923b3f-1fe6-4c59-8fb3-c24db2dce8a2@group-814D2A4C1D31:LeaderElection71] INFO  impl.RoleInfo (RoleInfo.java:updateAndGet(143)) - 96923b3f-1fe6-4c59-8fb3-c24db2dce8a2: start LeaderState
2019-09-26 13:14:59,501 [96923b3f-1fe6-4c59-8fb3-c24db2dce8a2@group-814D2A4C1D31:LeaderElection71] INFO  segmented.SegmentedRaftLogWorker (SegmentedRaftLogWorker.java:startLogSegment(380)) - 96923b3f-1fe6-4c59-8fb3-c24db2dce8a2@group-814D2A4C1D31-SegmentedRaftLogWorker: Starting segment from index:0
2019-09-26 13:14:59,501 [96923b3f-1fe6-4c59-8fb3-c24db2dce8a2@group-814D2A4C1D31:LeaderElection71] INFO  impl.RaftServerImpl (ServerState.java:setRaftConf(354)) - 96923b3f-1fe6-4c59-8fb3-c24db2dce8a2@group-814D2A4C1D31: set configuration 0: [96923b3f-1fe6-4c59-8fb3-c24db2dce8a2:192.168.164.238:32830], old=null at 0
2019-09-26 13:14:59,549 [96923b3f-1fe6-4c59-8fb3-c24db2dce8a2@group-814D2A4C1D31-SegmentedRaftLogWorker] INFO  segmented.SegmentedRaftLogWorker (SegmentedRaftLogWorker.java:execute(569)) - 96923b3f-1fe6-4c59-8fb3-c24db2dce8a2@group-814D2A4C1D31-SegmentedRaftLogWorker: created new log segment /workdir/hadoop-ozone/integration-test/target/test-dir/MiniOzoneClusterImpl-0e2f22a8-0633-4b2c-b0b3-4fc7cc6db949/datanode-2/data/ratis/359ceb21-48d1-4323-9b30-814d2a4c1d31/current/log_inprogress_0
2019-09-26 13:14:59,552 [Thread-1019] INFO  impl.FollowerState (FollowerState.java:run(106)) - 96923b3f-1fe6-4c59-8fb3-c24db2dce8a2:group-B4B706C6A159 changes to CANDIDATE, lastRpcTime:5122, electionTimeout:5122ms
2019-09-26 13:14:59,552 [Thread-1019] INFO  impl.RoleInfo (RoleInfo.java:shutdownFollowerState(121)) - 96923b3f-1fe6-4c59-8fb3-c24db2dce8a2: shutdown FollowerState
2019-09-26 13:14:59,552 [Thread-1019] INFO  impl.RaftServerImpl (RaftServerImpl.java:setRole(174)) - 96923b3f-1fe6-4c59-8fb3-c24db2dce8a2@group-B4B706C6A159: changes role from  FOLLOWER to CANDIDATE at term 0 for changeToCandidate
2019-09-26 13:14:59,552 [Thread-1019] INFO  impl.RoleInfo (RoleInfo.java:updateAndGet(143)) - 96923b3f-1fe6-4c59-8fb3-c24db2dce8a2: start LeaderElection
2019-09-26 13:14:59,562 [96923b3f-1fe6-4c59-8fb3-c24db2dce8a2@group-B4B706C6A159:LeaderElection72] INFO  impl.LeaderElection (LeaderElection.java:askForVotes(182)) - 96923b3f-1fe6-4c59-8fb3-c24db2dce8a2@group-B4B706C6A159:LeaderElection72: begin an election at term 1 for -1: [96923b3f-1fe6-4c59-8fb3-c24db2dce8a2:192.168.164.238:32830], old=null
2019-09-26 13:14:59,562 [96923b3f-1fe6-4c59-8fb3-c24db2dce8a2@group-B4B706C6A159:LeaderElection72] INFO  impl.RoleInfo (RoleInfo.java:shutdownLeaderElection(134)) - 96923b3f-1fe6-4c59-8fb3-c24db2dce8a2: shutdown LeaderElection
2019-09-26 13:14:59,562 [96923b3f-1fe6-4c59-8fb3-c24db2dce8a2@group-B4B706C6A159:LeaderElection72] INFO  impl.RaftServerImpl (RaftServerImpl.java:setRole(174)) - 96923b3f-1fe6-4c59-8fb3-c24db2dce8a2@group-B4B706C6A159: changes role from CANDIDATE to LEADER at term 1 for changeToLeader
2019-09-26 13:14:59,562 [96923b3f-1fe6-4c59-8fb3-c24db2dce8a2@group-B4B706C6A159:LeaderElection72] INFO  impl.RaftServerImpl (ServerState.java:setLeader(253)) - 96923b3f-1fe6-4c59-8fb3-c24db2dce8a2@group-B4B706C6A159: change Leader from null to 96923b3f-1fe6-4c59-8fb3-c24db2dce8a2 at term 1 for becomeLeader, leader elected after 5139ms
2019-09-26 13:14:59,562 [96923b3f-1fe6-4c59-8fb3-c24db2dce8a2@group-B4B706C6A159:LeaderElection72] INFO  server.RaftServerConfigKeys (ConfUtils.java:logGet(43)) - raft.server.staging.catchup.gap = 1000 (default)
2019-09-26 13:14:59,563 [96923b3f-1fe6-4c59-8fb3-c24db2dce8a2@group-B4B706C6A159:LeaderElection72] INFO  server.RaftServerConfigKeys (ConfUtils.java:logGet(43)) - raft.server.rpc.sleep.time = 25ms (default)
2019-09-26 13:14:59,563 [96923b3f-1fe6-4c59-8fb3-c24db2dce8a2@group-B4B706C6A159:LeaderElection72] INFO  server.RaftServerConfigKeys (ConfUtils.java:logGet(43)) - raft.server.write.element-limit = 4096 (default)
2019-09-26 13:14:59,563 [96923b3f-1fe6-4c59-8fb3-c24db2dce8a2@group-B4B706C6A159:LeaderElection72] INFO  server.RaftServerConfigKeys (ConfUtils.java:logGet(43)) - raft.server.watch.timeout = 10s (default)
2019-09-26 13:14:59,563 [96923b3f-1fe6-4c59-8fb3-c24db2dce8a2@group-B4B706C6A159:LeaderElection72] INFO  server.RaftServerConfigKeys (ConfUtils.java:logGet(43)) - raft.server.watch.timeout.denomination = 1s (default)
2019-09-26 13:14:59,563 [96923b3f-1fe6-4c59-8fb3-c24db2dce8a2@group-B4B706C6A159:LeaderElection72] INFO  server.RaftServerConfigKeys (ConfUtils.java:logGet(43)) - raft.server.watch.element-limit = 65536 (default)
2019-09-26 13:14:59,565 [96923b3f-1fe6-4c59-8fb3-c24db2dce8a2@group-B4B706C6A159:LeaderElection72] INFO  impl.RoleInfo (RoleInfo.java:updateAndGet(143)) - 96923b3f-1fe6-4c59-8fb3-c24db2dce8a2: start LeaderState
2019-09-26 13:14:59,565 [96923b3f-1fe6-4c59-8fb3-c24db2dce8a2@group-B4B706C6A159:LeaderElection72] INFO  segmented.SegmentedRaftLogWorker (SegmentedRaftLogWorker.java:startLogSegment(380)) - 96923b3f-1fe6-4c59-8fb3-c24db2dce8a2@group-B4B706C6A159-SegmentedRaftLogWorker: Starting segment from index:0
2019-09-26 13:14:59,566 [96923b3f-1fe6-4c59-8fb3-c24db2dce8a2@group-B4B706C6A159:LeaderElection72] INFO  impl.RaftServerImpl (ServerState.java:setRaftConf(354)) - 96923b3f-1fe6-4c59-8fb3-c24db2dce8a2@group-B4B706C6A159: set configuration 0: [96923b3f-1fe6-4c59-8fb3-c24db2dce8a2:192.168.164.238:32830], old=null at 0
2019-09-26 13:14:59,607 [96923b3f-1fe6-4c59-8fb3-c24db2dce8a2@group-B4B706C6A159-SegmentedRaftLogWorker] INFO  segmented.SegmentedRaftLogWorker (SegmentedRaftLogWorker.java:execute(569)) - 96923b3f-1fe6-4c59-8fb3-c24db2dce8a2@group-B4B706C6A159-SegmentedRaftLogWorker: created new log segment /workdir/hadoop-ozone/integration-test/target/test-dir/MiniOzoneClusterImpl-0e2f22a8-0633-4b2c-b0b3-4fc7cc6db949/datanode-2/data/ratis/1051c09b-6a98-4992-abd7-b4b706c6a159/current/log_inprogress_0
2019-09-26 13:14:59,772 [main] INFO  ozoneimpl.OzoneContainer (OzoneContainer.java:stop(231)) - Attempting to stop container services.
2019-09-26 13:14:59,772 [ForkJoinPool.commonPool-worker-1] INFO  ozoneimpl.OzoneContainer (OzoneContainer.java:stop(231)) - Attempting to stop container services.
2019-09-26 13:14:59,772 [main] INFO  impl.RaftServerProxy (RaftServerProxy.java:lambda$close$4(314)) - d322b207-7882-4642-9c83-3568d3f94364: close
2019-09-26 13:14:59,772 [ForkJoinPool.commonPool-worker-1] INFO  impl.RaftServerProxy (RaftServerProxy.java:lambda$close$4(314)) - f059e689-8059-4932-82a3-6235693dbd82: close
2019-09-26 13:14:59,773 [main] INFO  impl.RaftServerImpl (RaftServerImpl.java:lambda$shutdown$3(251)) - d322b207-7882-4642-9c83-3568d3f94364@group-624C5C7D760E: shutdown
2019-09-26 13:14:59,773 [ForkJoinPool.commonPool-worker-1] INFO  impl.RaftServerImpl (RaftServerImpl.java:lambda$shutdown$3(251)) - f059e689-8059-4932-82a3-6235693dbd82@group-0F1503254F77: shutdown
2019-09-26 13:14:59,773 [main] INFO  util.JmxRegister (JmxRegister.java:unregister(73)) - Successfully un-registered JMX Bean with object name Ratis:service=RaftServer,group=group-624C5C7D760E,id=d322b207-7882-4642-9c83-3568d3f94364
2019-09-26 13:14:59,773 [ForkJoinPool.commonPool-worker-1] INFO  util.JmxRegister (JmxRegister.java:unregister(73)) - Successfully un-registered JMX Bean with object name Ratis:service=RaftServer,group=group-0F1503254F77,id=f059e689-8059-4932-82a3-6235693dbd82
2019-09-26 13:14:59,774 [main] INFO  impl.RoleInfo (RoleInfo.java:shutdownLeaderState(104)) - d322b207-7882-4642-9c83-3568d3f94364: shutdown LeaderState
2019-09-26 13:14:59,774 [ForkJoinPool.commonPool-worker-1] INFO  impl.RoleInfo (RoleInfo.java:shutdownLeaderState(104)) - f059e689-8059-4932-82a3-6235693dbd82: shutdown LeaderState
2019-09-26 13:14:59,774 [main] INFO  impl.PendingRequests (PendingRequests.java:sendNotLeaderResponses(202)) - d322b207-7882-4642-9c83-3568d3f94364-PendingRequests: sendNotLeaderResponses
2019-09-26 13:14:59,775 [ForkJoinPool.commonPool-worker-1] INFO  impl.PendingRequests (PendingRequests.java:sendNotLeaderResponses(202)) - f059e689-8059-4932-82a3-6235693dbd82-PendingRequests: sendNotLeaderResponses
2019-09-26 13:14:59,775 [main] INFO  impl.StateMachineUpdater (StateMachineUpdater.java:stopAndJoin(125)) - d322b207-7882-4642-9c83-3568d3f94364@group-624C5C7D760E-StateMachineUpdater: set stopIndex = 0
2019-09-26 13:14:59,776 [main] INFO  impl.RaftServerImpl (ServerState.java:close(385)) - d322b207-7882-4642-9c83-3568d3f94364@group-624C5C7D760E: closes. applyIndex: 0
2019-09-26 13:14:59,775 [ForkJoinPool.commonPool-worker-1] INFO  impl.StateMachineUpdater (StateMachineUpdater.java:stopAndJoin(125)) - f059e689-8059-4932-82a3-6235693dbd82@group-0F1503254F77-StateMachineUpdater: set stopIndex = 0
2019-09-26 13:14:59,776 [d322b207-7882-4642-9c83-3568d3f94364@group-624C5C7D760E-SegmentedRaftLogWorker] INFO  segmented.SegmentedRaftLogWorker (SegmentedRaftLogWorker.java:run(313)) - d322b207-7882-4642-9c83-3568d3f94364@group-624C5C7D760E-SegmentedRaftLogWorker was interrupted, exiting. There are 0 tasks remaining in the queue.
2019-09-26 13:14:59,776 [ForkJoinPool.commonPool-worker-1] INFO  impl.RaftServerImpl (ServerState.java:close(385)) - f059e689-8059-4932-82a3-6235693dbd82@group-0F1503254F77: closes. applyIndex: 0
2019-09-26 13:14:59,776 [main] INFO  segmented.SegmentedRaftLogWorker (SegmentedRaftLogWorker.java:close(228)) - d322b207-7882-4642-9c83-3568d3f94364@group-624C5C7D760E-SegmentedRaftLogWorker close()
2019-09-26 13:14:59,777 [f059e689-8059-4932-82a3-6235693dbd82@group-0F1503254F77-SegmentedRaftLogWorker] INFO  segmented.SegmentedRaftLogWorker (SegmentedRaftLogWorker.java:run(313)) - f059e689-8059-4932-82a3-6235693dbd82@group-0F1503254F77-SegmentedRaftLogWorker was interrupted, exiting. There are 0 tasks remaining in the queue.
2019-09-26 13:14:59,779 [main] INFO  impl.RaftServerImpl (RaftServerImpl.java:lambda$shutdown$3(251)) - d322b207-7882-4642-9c83-3568d3f94364@group-6204704EF93D: shutdown
2019-09-26 13:14:59,779 [ForkJoinPool.commonPool-worker-1] INFO  segmented.SegmentedRaftLogWorker (SegmentedRaftLogWorker.java:close(228)) - f059e689-8059-4932-82a3-6235693dbd82@group-0F1503254F77-SegmentedRaftLogWorker close()
2019-09-26 13:14:59,779 [main] INFO  util.JmxRegister (JmxRegister.java:unregister(73)) - Successfully un-registered JMX Bean with object name Ratis:service=RaftServer,group=group-6204704EF93D,id=d322b207-7882-4642-9c83-3568d3f94364
2019-09-26 13:14:59,781 [ForkJoinPool.commonPool-worker-1] INFO  impl.RaftServerImpl (RaftServerImpl.java:lambda$shutdown$3(251)) - f059e689-8059-4932-82a3-6235693dbd82@group-910702523A32: shutdown
2019-09-26 13:14:59,781 [main] INFO  impl.RoleInfo (RoleInfo.java:shutdownLeaderState(104)) - d322b207-7882-4642-9c83-3568d3f94364: shutdown LeaderState
2019-09-26 13:14:59,781 [ForkJoinPool.commonPool-worker-1] INFO  util.JmxRegister (JmxRegister.java:unregister(73)) - Successfully un-registered JMX Bean with object name Ratis:service=RaftServer,group=group-910702523A32,id=f059e689-8059-4932-82a3-6235693dbd82
2019-09-26 13:14:59,782 [main] INFO  impl.PendingRequests (PendingRequests.java:sendNotLeaderResponses(202)) - d322b207-7882-4642-9c83-3568d3f94364-PendingRequests: sendNotLeaderResponses
2019-09-26 13:14:59,782 [ForkJoinPool.commonPool-worker-1] INFO  impl.RoleInfo (RoleInfo.java:shutdownLeaderState(104)) - f059e689-8059-4932-82a3-6235693dbd82: shutdown LeaderState
2019-09-26 13:14:59,782 [main] INFO  impl.StateMachineUpdater (StateMachineUpdater.java:stopAndJoin(125)) - d322b207-7882-4642-9c83-3568d3f94364@group-6204704EF93D-StateMachineUpdater: set stopIndex = 0
2019-09-26 13:14:59,782 [ForkJoinPool.commonPool-worker-1] INFO  impl.PendingRequests (PendingRequests.java:sendNotLeaderResponses(202)) - f059e689-8059-4932-82a3-6235693dbd82-PendingRequests: sendNotLeaderResponses
2019-09-26 13:14:59,783 [main] INFO  impl.RaftServerImpl (ServerState.java:close(385)) - d322b207-7882-4642-9c83-3568d3f94364@group-6204704EF93D: closes. applyIndex: 0
2019-09-26 13:14:59,783 [ForkJoinPool.commonPool-worker-1] INFO  impl.StateMachineUpdater (StateMachineUpdater.java:stopAndJoin(125)) - f059e689-8059-4932-82a3-6235693dbd82@group-910702523A32-StateMachineUpdater: set stopIndex = 0
2019-09-26 13:14:59,783 [ForkJoinPool.commonPool-worker-1] INFO  impl.RaftServerImpl (ServerState.java:close(385)) - f059e689-8059-4932-82a3-6235693dbd82@group-910702523A32: closes. applyIndex: 0
2019-09-26 13:14:59,783 [d322b207-7882-4642-9c83-3568d3f94364@group-6204704EF93D-SegmentedRaftLogWorker] INFO  segmented.SegmentedRaftLogWorker (SegmentedRaftLogWorker.java:run(313)) - d322b207-7882-4642-9c83-3568d3f94364@group-6204704EF93D-SegmentedRaftLogWorker was interrupted, exiting. There are 0 tasks remaining in the queue.
2019-09-26 13:14:59,784 [f059e689-8059-4932-82a3-6235693dbd82@group-910702523A32-SegmentedRaftLogWorker] INFO  segmented.SegmentedRaftLogWorker (SegmentedRaftLogWorker.java:run(313)) - f059e689-8059-4932-82a3-6235693dbd82@group-910702523A32-SegmentedRaftLogWorker was interrupted, exiting. There are 0 tasks remaining in the queue.
2019-09-26 13:14:59,784 [main] INFO  segmented.SegmentedRaftLogWorker (SegmentedRaftLogWorker.java:close(228)) - d322b207-7882-4642-9c83-3568d3f94364@group-6204704EF93D-SegmentedRaftLogWorker close()
2019-09-26 13:14:59,784 [ForkJoinPool.commonPool-worker-1] INFO  segmented.SegmentedRaftLogWorker (SegmentedRaftLogWorker.java:close(228)) - f059e689-8059-4932-82a3-6235693dbd82@group-910702523A32-SegmentedRaftLogWorker close()
2019-09-26 13:14:59,786 [main] INFO  impl.RaftServerImpl (RaftServerImpl.java:lambda$shutdown$3(251)) - d322b207-7882-4642-9c83-3568d3f94364@group-7BB9E5B3A965: shutdown
2019-09-26 13:14:59,787 [ForkJoinPool.commonPool-worker-1] INFO  impl.RaftServerImpl (RaftServerImpl.java:lambda$shutdown$3(251)) - f059e689-8059-4932-82a3-6235693dbd82@group-099F1A8C1455: shutdown
2019-09-26 13:14:59,787 [main] INFO  util.JmxRegister (JmxRegister.java:unregister(73)) - Successfully un-registered JMX Bean with object name Ratis:service=RaftServer,group=group-7BB9E5B3A965,id=d322b207-7882-4642-9c83-3568d3f94364
2019-09-26 13:14:59,788 [main] INFO  impl.RoleInfo (RoleInfo.java:shutdownLeaderState(104)) - d322b207-7882-4642-9c83-3568d3f94364: shutdown LeaderState
2019-09-26 13:14:59,787 [ForkJoinPool.commonPool-worker-1] INFO  util.JmxRegister (JmxRegister.java:unregister(73)) - Successfully un-registered JMX Bean with object name Ratis:service=RaftServer,group=group-099F1A8C1455,id=f059e689-8059-4932-82a3-6235693dbd82
2019-09-26 13:14:59,788 [main] INFO  impl.PendingRequests (PendingRequests.java:sendNotLeaderResponses(202)) - d322b207-7882-4642-9c83-3568d3f94364-PendingRequests: sendNotLeaderResponses
2019-09-26 13:14:59,788 [ForkJoinPool.commonPool-worker-1] INFO  impl.RoleInfo (RoleInfo.java:shutdownLeaderState(104)) - f059e689-8059-4932-82a3-6235693dbd82: shutdown LeaderState
2019-09-26 13:14:59,789 [main] INFO  impl.StateMachineUpdater (StateMachineUpdater.java:stopAndJoin(125)) - d322b207-7882-4642-9c83-3568d3f94364@group-7BB9E5B3A965-StateMachineUpdater: set stopIndex = 0
2019-09-26 13:14:59,789 [ForkJoinPool.commonPool-worker-1] INFO  impl.PendingRequests (PendingRequests.java:sendNotLeaderResponses(202)) - f059e689-8059-4932-82a3-6235693dbd82-PendingRequests: sendNotLeaderResponses
2019-09-26 13:14:59,789 [main] INFO  impl.RaftServerImpl (ServerState.java:close(385)) - d322b207-7882-4642-9c83-3568d3f94364@group-7BB9E5B3A965: closes. applyIndex: 0
2019-09-26 13:14:59,790 [ForkJoinPool.commonPool-worker-1] INFO  impl.StateMachineUpdater (StateMachineUpdater.java:stopAndJoin(125)) - f059e689-8059-4932-82a3-6235693dbd82@group-099F1A8C1455-StateMachineUpdater: set stopIndex = 0
2019-09-26 13:14:59,790 [ForkJoinPool.commonPool-worker-1] INFO  impl.RaftServerImpl (ServerState.java:close(385)) - f059e689-8059-4932-82a3-6235693dbd82@group-099F1A8C1455: closes. applyIndex: 0
2019-09-26 13:14:59,790 [d322b207-7882-4642-9c83-3568d3f94364@group-7BB9E5B3A965-SegmentedRaftLogWorker] INFO  segmented.SegmentedRaftLogWorker (SegmentedRaftLogWorker.java:run(313)) - d322b207-7882-4642-9c83-3568d3f94364@group-7BB9E5B3A965-SegmentedRaftLogWorker was interrupted, exiting. There are 0 tasks remaining in the queue.
2019-09-26 13:14:59,790 [f059e689-8059-4932-82a3-6235693dbd82@group-099F1A8C1455-SegmentedRaftLogWorker] INFO  segmented.SegmentedRaftLogWorker (SegmentedRaftLogWorker.java:run(313)) - f059e689-8059-4932-82a3-6235693dbd82@group-099F1A8C1455-SegmentedRaftLogWorker was interrupted, exiting. There are 0 tasks remaining in the queue.
2019-09-26 13:14:59,791 [main] INFO  segmented.SegmentedRaftLogWorker (SegmentedRaftLogWorker.java:close(228)) - d322b207-7882-4642-9c83-3568d3f94364@group-7BB9E5B3A965-SegmentedRaftLogWorker close()
2019-09-26 13:14:59,791 [ForkJoinPool.commonPool-worker-1] INFO  segmented.SegmentedRaftLogWorker (SegmentedRaftLogWorker.java:close(228)) - f059e689-8059-4932-82a3-6235693dbd82@group-099F1A8C1455-SegmentedRaftLogWorker close()
2019-09-26 13:14:59,793 [main] INFO  impl.RaftServerImpl (RaftServerImpl.java:lambda$shutdown$3(251)) - d322b207-7882-4642-9c83-3568d3f94364@group-96ED37217155: shutdown
2019-09-26 13:14:59,794 [ForkJoinPool.commonPool-worker-1] INFO  impl.RaftServerImpl (RaftServerImpl.java:lambda$shutdown$3(251)) - f059e689-8059-4932-82a3-6235693dbd82@group-42B2305F2E43: shutdown
2019-09-26 13:14:59,795 [main] INFO  util.JmxRegister (JmxRegister.java:unregister(73)) - Successfully un-registered JMX Bean with object name Ratis:service=RaftServer,group=group-96ED37217155,id=d322b207-7882-4642-9c83-3568d3f94364
2019-09-26 13:14:59,795 [main] INFO  impl.RoleInfo (RoleInfo.java:shutdownLeaderState(104)) - d322b207-7882-4642-9c83-3568d3f94364: shutdown LeaderState
2019-09-26 13:14:59,795 [ForkJoinPool.commonPool-worker-1] INFO  util.JmxRegister (JmxRegister.java:unregister(73)) - Successfully un-registered JMX Bean with object name Ratis:service=RaftServer,group=group-42B2305F2E43,id=f059e689-8059-4932-82a3-6235693dbd82
2019-09-26 13:14:59,796 [main] INFO  impl.PendingRequests (PendingRequests.java:sendNotLeaderResponses(202)) - d322b207-7882-4642-9c83-3568d3f94364-PendingRequests: sendNotLeaderResponses
2019-09-26 13:14:59,796 [ForkJoinPool.commonPool-worker-1] INFO  impl.RoleInfo (RoleInfo.java:shutdownLeaderState(104)) - f059e689-8059-4932-82a3-6235693dbd82: shutdown LeaderState
2019-09-26 13:14:59,796 [main] INFO  impl.StateMachineUpdater (StateMachineUpdater.java:stopAndJoin(125)) - d322b207-7882-4642-9c83-3568d3f94364@group-96ED37217155-StateMachineUpdater: set stopIndex = 0
2019-09-26 13:14:59,796 [ForkJoinPool.commonPool-worker-1] INFO  impl.PendingRequests (PendingRequests.java:sendNotLeaderResponses(202)) - f059e689-8059-4932-82a3-6235693dbd82-PendingRequests: sendNotLeaderResponses
2019-09-26 13:14:59,797 [main] INFO  impl.RaftServerImpl (ServerState.java:close(385)) - d322b207-7882-4642-9c83-3568d3f94364@group-96ED37217155: closes. applyIndex: 0
2019-09-26 13:14:59,797 [ForkJoinPool.commonPool-worker-1] INFO  impl.StateMachineUpdater (StateMachineUpdater.java:stopAndJoin(125)) - f059e689-8059-4932-82a3-6235693dbd82@group-42B2305F2E43-StateMachineUpdater: set stopIndex = 0
2019-09-26 13:14:59,797 [d322b207-7882-4642-9c83-3568d3f94364@group-96ED37217155-SegmentedRaftLogWorker] INFO  segmented.SegmentedRaftLogWorker (SegmentedRaftLogWorker.java:run(313)) - d322b207-7882-4642-9c83-3568d3f94364@group-96ED37217155-SegmentedRaftLogWorker was interrupted, exiting. There are 0 tasks remaining in the queue.
2019-09-26 13:14:59,797 [ForkJoinPool.commonPool-worker-1] INFO  impl.RaftServerImpl (ServerState.java:close(385)) - f059e689-8059-4932-82a3-6235693dbd82@group-42B2305F2E43: closes. applyIndex: 0
2019-09-26 13:14:59,798 [main] INFO  segmented.SegmentedRaftLogWorker (SegmentedRaftLogWorker.java:close(228)) - d322b207-7882-4642-9c83-3568d3f94364@group-96ED37217155-SegmentedRaftLogWorker close()
2019-09-26 13:14:59,798 [f059e689-8059-4932-82a3-6235693dbd82@group-42B2305F2E43-SegmentedRaftLogWorker] INFO  segmented.SegmentedRaftLogWorker (SegmentedRaftLogWorker.java:run(313)) - f059e689-8059-4932-82a3-6235693dbd82@group-42B2305F2E43-SegmentedRaftLogWorker was interrupted, exiting. There are 0 tasks remaining in the queue.
2019-09-26 13:14:59,800 [main] INFO  impl.RaftServerImpl (RaftServerImpl.java:lambda$shutdown$3(251)) - d322b207-7882-4642-9c83-3568d3f94364@group-D83DECD4878B: shutdown
2019-09-26 13:14:59,800 [ForkJoinPool.commonPool-worker-1] INFO  segmented.SegmentedRaftLogWorker (SegmentedRaftLogWorker.java:close(228)) - f059e689-8059-4932-82a3-6235693dbd82@group-42B2305F2E43-SegmentedRaftLogWorker close()
2019-09-26 13:14:59,800 [main] INFO  util.JmxRegister (JmxRegister.java:unregister(73)) - Successfully un-registered JMX Bean with object name Ratis:service=RaftServer,group=group-D83DECD4878B,id=d322b207-7882-4642-9c83-3568d3f94364
2019-09-26 13:14:59,802 [main] INFO  impl.RoleInfo (RoleInfo.java:shutdownLeaderState(104)) - d322b207-7882-4642-9c83-3568d3f94364: shutdown LeaderState
2019-09-26 13:14:59,802 [ForkJoinPool.commonPool-worker-1] INFO  impl.RaftServerImpl (RaftServerImpl.java:lambda$shutdown$3(251)) - f059e689-8059-4932-82a3-6235693dbd82@group-0BDCF2940E13: shutdown
2019-09-26 13:14:59,803 [main] INFO  impl.PendingRequests (PendingRequests.java:sendNotLeaderResponses(202)) - d322b207-7882-4642-9c83-3568d3f94364-PendingRequests: sendNotLeaderResponses
2019-09-26 13:14:59,803 [ForkJoinPool.commonPool-worker-1] INFO  util.JmxRegister (JmxRegister.java:unregister(73)) - Successfully un-registered JMX Bean with object name Ratis:service=RaftServer,group=group-0BDCF2940E13,id=f059e689-8059-4932-82a3-6235693dbd82
2019-09-26 13:14:59,803 [main] INFO  impl.StateMachineUpdater (StateMachineUpdater.java:stopAndJoin(125)) - d322b207-7882-4642-9c83-3568d3f94364@group-D83DECD4878B-StateMachineUpdater: set stopIndex = 0
2019-09-26 13:14:59,804 [main] INFO  impl.RaftServerImpl (ServerState.java:close(385)) - d322b207-7882-4642-9c83-3568d3f94364@group-D83DECD4878B: closes. applyIndex: 0
2019-09-26 13:14:59,804 [ForkJoinPool.commonPool-worker-1] INFO  impl.RoleInfo (RoleInfo.java:shutdownLeaderState(104)) - f059e689-8059-4932-82a3-6235693dbd82: shutdown LeaderState
2019-09-26 13:14:59,804 [d322b207-7882-4642-9c83-3568d3f94364@group-D83DECD4878B-SegmentedRaftLogWorker] INFO  segmented.SegmentedRaftLogWorker (SegmentedRaftLogWorker.java:run(313)) - d322b207-7882-4642-9c83-3568d3f94364@group-D83DECD4878B-SegmentedRaftLogWorker was interrupted, exiting. There are 0 tasks remaining in the queue.
2019-09-26 13:14:59,804 [ForkJoinPool.commonPool-worker-1] INFO  impl.PendingRequests (PendingRequests.java:sendNotLeaderResponses(202)) - f059e689-8059-4932-82a3-6235693dbd82-PendingRequests: sendNotLeaderResponses
2019-09-26 13:14:59,805 [main] INFO  segmented.SegmentedRaftLogWorker (SegmentedRaftLogWorker.java:close(228)) - d322b207-7882-4642-9c83-3568d3f94364@group-D83DECD4878B-SegmentedRaftLogWorker close()
2019-09-26 13:14:59,805 [ForkJoinPool.commonPool-worker-1] INFO  impl.StateMachineUpdater (StateMachineUpdater.java:stopAndJoin(125)) - f059e689-8059-4932-82a3-6235693dbd82@group-0BDCF2940E13-StateMachineUpdater: set stopIndex = 0
2019-09-26 13:14:59,807 [main] INFO  impl.RaftServerImpl (RaftServerImpl.java:lambda$shutdown$3(251)) - d322b207-7882-4642-9c83-3568d3f94364@group-BB51646A0D40: shutdown
2019-09-26 13:14:59,807 [ForkJoinPool.commonPool-worker-1] INFO  impl.RaftServerImpl (ServerState.java:close(385)) - f059e689-8059-4932-82a3-6235693dbd82@group-0BDCF2940E13: closes. applyIndex: 0
2019-09-26 13:14:59,808 [main] INFO  util.JmxRegister (JmxRegister.java:unregister(73)) - Successfully un-registered JMX Bean with object name Ratis:service=RaftServer,group=group-BB51646A0D40,id=d322b207-7882-4642-9c83-3568d3f94364
2019-09-26 13:14:59,808 [f059e689-8059-4932-82a3-6235693dbd82@group-0BDCF2940E13-SegmentedRaftLogWorker] INFO  segmented.SegmentedRaftLogWorker (SegmentedRaftLogWorker.java:run(313)) - f059e689-8059-4932-82a3-6235693dbd82@group-0BDCF2940E13-SegmentedRaftLogWorker was interrupted, exiting. There are 0 tasks remaining in the queue.
2019-09-26 13:14:59,808 [main] INFO  impl.RoleInfo (RoleInfo.java:shutdownLeaderState(104)) - d322b207-7882-4642-9c83-3568d3f94364: shutdown LeaderState
2019-09-26 13:14:59,808 [ForkJoinPool.commonPool-worker-1] INFO  segmented.SegmentedRaftLogWorker (SegmentedRaftLogWorker.java:close(228)) - f059e689-8059-4932-82a3-6235693dbd82@group-0BDCF2940E13-SegmentedRaftLogWorker close()
2019-09-26 13:14:59,809 [main] INFO  impl.PendingRequests (PendingRequests.java:sendNotLeaderResponses(202)) - d322b207-7882-4642-9c83-3568d3f94364-PendingRequests: sendNotLeaderResponses
2019-09-26 13:14:59,810 [ForkJoinPool.commonPool-worker-1] INFO  impl.RaftServerImpl (RaftServerImpl.java:lambda$shutdown$3(251)) - f059e689-8059-4932-82a3-6235693dbd82@group-4DF1CBCBF88C: shutdown
2019-09-26 13:14:59,810 [main] INFO  impl.StateMachineUpdater (StateMachineUpdater.java:stopAndJoin(125)) - d322b207-7882-4642-9c83-3568d3f94364@group-BB51646A0D40-StateMachineUpdater: set stopIndex = 0
2019-09-26 13:14:59,810 [ForkJoinPool.commonPool-worker-1] INFO  util.JmxRegister (JmxRegister.java:unregister(73)) - Successfully un-registered JMX Bean with object name Ratis:service=RaftServer,group=group-4DF1CBCBF88C,id=f059e689-8059-4932-82a3-6235693dbd82
2019-09-26 13:14:59,811 [main] INFO  impl.RaftServerImpl (ServerState.java:close(385)) - d322b207-7882-4642-9c83-3568d3f94364@group-BB51646A0D40: closes. applyIndex: 0
2019-09-26 13:14:59,811 [ForkJoinPool.commonPool-worker-1] INFO  impl.RoleInfo (RoleInfo.java:shutdownLeaderState(104)) - f059e689-8059-4932-82a3-6235693dbd82: shutdown LeaderState
2019-09-26 13:14:59,811 [d322b207-7882-4642-9c83-3568d3f94364@group-BB51646A0D40-SegmentedRaftLogWorker] INFO  segmented.SegmentedRaftLogWorker (SegmentedRaftLogWorker.java:run(313)) - d322b207-7882-4642-9c83-3568d3f94364@group-BB51646A0D40-SegmentedRaftLogWorker was interrupted, exiting. There are 0 tasks remaining in the queue.
2019-09-26 13:14:59,811 [ForkJoinPool.commonPool-worker-1] INFO  impl.PendingRequests (PendingRequests.java:sendNotLeaderResponses(202)) - f059e689-8059-4932-82a3-6235693dbd82-PendingRequests: sendNotLeaderResponses
2019-09-26 13:14:59,812 [main] INFO  segmented.SegmentedRaftLogWorker (SegmentedRaftLogWorker.java:close(228)) - d322b207-7882-4642-9c83-3568d3f94364@group-BB51646A0D40-SegmentedRaftLogWorker close()
2019-09-26 13:14:59,812 [ForkJoinPool.commonPool-worker-1] INFO  impl.StateMachineUpdater (StateMachineUpdater.java:stopAndJoin(125)) - f059e689-8059-4932-82a3-6235693dbd82@group-4DF1CBCBF88C-StateMachineUpdater: set stopIndex = 0
2019-09-26 13:14:59,813 [main] INFO  server.GrpcService (GrpcService.java:closeImpl(164)) - d322b207-7882-4642-9c83-3568d3f94364: shutdown server with port 46290 now
2019-09-26 13:14:59,813 [ForkJoinPool.commonPool-worker-1] INFO  impl.RaftServerImpl (ServerState.java:close(385)) - f059e689-8059-4932-82a3-6235693dbd82@group-4DF1CBCBF88C: closes. applyIndex: 0
2019-09-26 13:14:59,814 [f059e689-8059-4932-82a3-6235693dbd82@group-4DF1CBCBF88C-SegmentedRaftLogWorker] INFO  segmented.SegmentedRaftLogWorker (SegmentedRaftLogWorker.java:run(313)) - f059e689-8059-4932-82a3-6235693dbd82@group-4DF1CBCBF88C-SegmentedRaftLogWorker was interrupted, exiting. There are 0 tasks remaining in the queue.
2019-09-26 13:14:59,815 [main] INFO  server.GrpcService (GrpcService.java:closeImpl(172)) - d322b207-7882-4642-9c83-3568d3f94364: shutdown server with port 46290 successfully
2019-09-26 13:14:59,815 [ForkJoinPool.commonPool-worker-1] INFO  segmented.SegmentedRaftLogWorker (SegmentedRaftLogWorker.java:close(228)) - f059e689-8059-4932-82a3-6235693dbd82@group-4DF1CBCBF88C-SegmentedRaftLogWorker close()
2019-09-26 13:14:59,817 [ForkJoinPool.commonPool-worker-1] INFO  server.GrpcService (GrpcService.java:closeImpl(164)) - f059e689-8059-4932-82a3-6235693dbd82: shutdown server with port 46474 now
2019-09-26 13:14:59,818 [ForkJoinPool.commonPool-worker-1] INFO  server.GrpcService (GrpcService.java:closeImpl(172)) - f059e689-8059-4932-82a3-6235693dbd82: shutdown server with port 46474 successfully
2019-09-26 13:14:59,819 [refreshUsed-/workdir/hadoop-ozone/integration-test/target/test-dir/MiniOzoneClusterImpl-0e2f22a8-0633-4b2c-b0b3-4fc7cc6db949/datanode-1/data/containers] WARN  fs.CachingGetSpaceUsed (CachingGetSpaceUsed.java:run(183)) - Thread Interrupted waiting to refresh disk information: sleep interrupted
2019-09-26 13:14:59,820 [refreshUsed-/workdir/hadoop-ozone/integration-test/target/test-dir/MiniOzoneClusterImpl-0e2f22a8-0633-4b2c-b0b3-4fc7cc6db949/datanode-0/data/containers] WARN  fs.CachingGetSpaceUsed (CachingGetSpaceUsed.java:run(183)) - Thread Interrupted waiting to refresh disk information: sleep interrupted
2019-09-26 13:14:59,835 [main] INFO  utils.BackgroundService (BackgroundService.java:shutdown(148)) - Shutting down service BlockDeletingService
2019-09-26 13:14:59,838 [main] INFO  statemachine.DatanodeStateMachine (DatanodeStateMachine.java:stopDaemon(395)) - Ozone container server stopped.
2019-09-26 13:14:59,839 [main] INFO  handler.ContextHandler (ContextHandler.java:doStop(910)) - Stopped o.e.j.w.WebAppContext@31b7d869{/,null,UNAVAILABLE}{/hddsDatanode}
2019-09-26 13:14:59,840 [main] INFO  server.AbstractConnector (AbstractConnector.java:doStop(318)) - Stopped ServerConnector@6a916402{HTTP/1.1,[http/1.1]}{0.0.0.0:0}
2019-09-26 13:14:59,840 [main] INFO  handler.ContextHandler (ContextHandler.java:doStop(910)) - Stopped o.e.j.s.ServletContextHandler@4232b34a{/static,jar:file:/home/user/.m2/repository/org/apache/hadoop/hadoop-hdds-container-service/0.5.0-SNAPSHOT/hadoop-hdds-container-service-0.5.0-SNAPSHOT.jar!/webapps/static,UNAVAILABLE}
2019-09-26 13:14:59,840 [main] INFO  handler.ContextHandler (ContextHandler.java:doStop(910)) - Stopped o.e.j.s.ServletContextHandler@751ae8a4{/logs,file:///workdir/hadoop-ozone/integration-test/target/log,UNAVAILABLE}
2019-09-26 13:14:59,842 [ForkJoinPool.commonPool-worker-1] INFO  utils.BackgroundService (BackgroundService.java:shutdown(148)) - Shutting down service BlockDeletingService
2019-09-26 13:14:59,845 [ForkJoinPool.commonPool-worker-1] INFO  statemachine.DatanodeStateMachine (DatanodeStateMachine.java:stopDaemon(395)) - Ozone container server stopped.
2019-09-26 13:14:59,848 [ForkJoinPool.commonPool-worker-1] INFO  handler.ContextHandler (ContextHandler.java:doStop(910)) - Stopped o.e.j.w.WebAppContext@4833eff3{/,null,UNAVAILABLE}{/hddsDatanode}
2019-09-26 13:14:59,849 [ForkJoinPool.commonPool-worker-1] INFO  server.AbstractConnector (AbstractConnector.java:doStop(318)) - Stopped ServerConnector@4694f434{HTTP/1.1,[http/1.1]}{0.0.0.0:0}
2019-09-26 13:14:59,850 [ForkJoinPool.commonPool-worker-1] INFO  handler.ContextHandler (ContextHandler.java:doStop(910)) - Stopped o.e.j.s.ServletContextHandler@316acbb5{/static,jar:file:/home/user/.m2/repository/org/apache/hadoop/hadoop-hdds-container-service/0.5.0-SNAPSHOT/hadoop-hdds-container-service-0.5.0-SNAPSHOT.jar!/webapps/static,UNAVAILABLE}
2019-09-26 13:14:59,851 [ForkJoinPool.commonPool-worker-1] INFO  handler.ContextHandler (ContextHandler.java:doStop(910)) - Stopped o.e.j.s.ServletContextHandler@53a84ff4{/logs,file:///workdir/hadoop-ozone/integration-test/target/log,UNAVAILABLE}
2019-09-26 13:15:00,753 [Datanode State Machine Thread - 0] INFO  statemachine.DatanodeStateMachine (DatanodeStateMachine.java:lambda$startDaemon$0(350)) - Ozone container server started.
2019-09-26 13:15:04,842 [main] INFO  ozoneimpl.OzoneContainer (OzoneContainer.java:stop(231)) - Attempting to stop container services.
2019-09-26 13:15:04,843 [main] INFO  impl.RaftServerProxy (RaftServerProxy.java:lambda$close$4(314)) - 96923b3f-1fe6-4c59-8fb3-c24db2dce8a2: close
2019-09-26 13:15:04,844 [main] INFO  impl.RaftServerImpl (RaftServerImpl.java:lambda$shutdown$3(251)) - 96923b3f-1fe6-4c59-8fb3-c24db2dce8a2@group-B8E86F474D25: shutdown
2019-09-26 13:15:04,844 [ForkJoinPool.commonPool-worker-0] INFO  impl.RaftServerImpl (RaftServerImpl.java:lambda$shutdown$3(251)) - 96923b3f-1fe6-4c59-8fb3-c24db2dce8a2@group-AC5B0A99D85C: shutdown
2019-09-26 13:15:04,844 [main] INFO  util.JmxRegister (JmxRegister.java:unregister(73)) - Successfully un-registered JMX Bean with object name Ratis:service=RaftServer,group=group-B8E86F474D25,id=96923b3f-1fe6-4c59-8fb3-c24db2dce8a2
2019-09-26 13:15:04,844 [ForkJoinPool.commonPool-worker-0] INFO  util.JmxRegister (JmxRegister.java:unregister(73)) - Successfully un-registered JMX Bean with object name Ratis:service=RaftServer,group=group-AC5B0A99D85C,id=96923b3f-1fe6-4c59-8fb3-c24db2dce8a2
2019-09-26 13:15:04,845 [main] INFO  impl.RoleInfo (RoleInfo.java:shutdownLeaderState(104)) - 96923b3f-1fe6-4c59-8fb3-c24db2dce8a2: shutdown LeaderState
2019-09-26 13:15:04,845 [ForkJoinPool.commonPool-worker-0] INFO  impl.RoleInfo (RoleInfo.java:shutdownLeaderState(104)) - 96923b3f-1fe6-4c59-8fb3-c24db2dce8a2: shutdown LeaderState
2019-09-26 13:15:04,846 [main] INFO  impl.PendingRequests (PendingRequests.java:sendNotLeaderResponses(202)) - 96923b3f-1fe6-4c59-8fb3-c24db2dce8a2-PendingRequests: sendNotLeaderResponses
2019-09-26 13:15:04,846 [ForkJoinPool.commonPool-worker-0] INFO  impl.PendingRequests (PendingRequests.java:sendNotLeaderResponses(202)) - 96923b3f-1fe6-4c59-8fb3-c24db2dce8a2-PendingRequests: sendNotLeaderResponses
2019-09-26 13:15:04,846 [main] INFO  impl.StateMachineUpdater (StateMachineUpdater.java:stopAndJoin(125)) - 96923b3f-1fe6-4c59-8fb3-c24db2dce8a2@group-B8E86F474D25-StateMachineUpdater: set stopIndex = 0
2019-09-26 13:15:04,846 [ForkJoinPool.commonPool-worker-0] INFO  impl.StateMachineUpdater (StateMachineUpdater.java:stopAndJoin(125)) - 96923b3f-1fe6-4c59-8fb3-c24db2dce8a2@group-AC5B0A99D85C-StateMachineUpdater: set stopIndex = 0
2019-09-26 13:15:04,847 [main] INFO  impl.RaftServerImpl (ServerState.java:close(385)) - 96923b3f-1fe6-4c59-8fb3-c24db2dce8a2@group-B8E86F474D25: closes. applyIndex: 0
2019-09-26 13:15:04,847 [ForkJoinPool.commonPool-worker-0] INFO  impl.RaftServerImpl (ServerState.java:close(385)) - 96923b3f-1fe6-4c59-8fb3-c24db2dce8a2@group-AC5B0A99D85C: closes. applyIndex: 0
2019-09-26 13:15:04,848 [96923b3f-1fe6-4c59-8fb3-c24db2dce8a2@group-B8E86F474D25-SegmentedRaftLogWorker] INFO  segmented.SegmentedRaftLogWorker (SegmentedRaftLogWorker.java:run(313)) - 96923b3f-1fe6-4c59-8fb3-c24db2dce8a2@group-B8E86F474D25-SegmentedRaftLogWorker was interrupted, exiting. There are 0 tasks remaining in the queue.
2019-09-26 13:15:04,848 [96923b3f-1fe6-4c59-8fb3-c24db2dce8a2@group-AC5B0A99D85C-SegmentedRaftLogWorker] INFO  segmented.SegmentedRaftLogWorker (SegmentedRaftLogWorker.java:run(313)) - 96923b3f-1fe6-4c59-8fb3-c24db2dce8a2@group-AC5B0A99D85C-SegmentedRaftLogWorker was interrupted, exiting. There are 0 tasks remaining in the queue.
2019-09-26 13:15:04,848 [main] INFO  segmented.SegmentedRaftLogWorker (SegmentedRaftLogWorker.java:close(228)) - 96923b3f-1fe6-4c59-8fb3-c24db2dce8a2@group-B8E86F474D25-SegmentedRaftLogWorker close()
2019-09-26 13:15:04,848 [ForkJoinPool.commonPool-worker-0] INFO  segmented.SegmentedRaftLogWorker (SegmentedRaftLogWorker.java:close(228)) - 96923b3f-1fe6-4c59-8fb3-c24db2dce8a2@group-AC5B0A99D85C-SegmentedRaftLogWorker close()
2019-09-26 13:15:04,850 [main] INFO  impl.RaftServerImpl (RaftServerImpl.java:lambda$shutdown$3(251)) - 96923b3f-1fe6-4c59-8fb3-c24db2dce8a2@group-583E6DB6D1ED: shutdown
2019-09-26 13:15:04,852 [ForkJoinPool.commonPool-worker-0] INFO  impl.RaftServerImpl (RaftServerImpl.java:lambda$shutdown$3(251)) - 96923b3f-1fe6-4c59-8fb3-c24db2dce8a2@group-814D2A4C1D31: shutdown
2019-09-26 13:15:04,852 [main] INFO  util.JmxRegister (JmxRegister.java:unregister(73)) - Successfully un-registered JMX Bean with object name Ratis:service=RaftServer,group=group-583E6DB6D1ED,id=96923b3f-1fe6-4c59-8fb3-c24db2dce8a2
2019-09-26 13:15:04,853 [main] INFO  impl.RoleInfo (RoleInfo.java:shutdownLeaderState(104)) - 96923b3f-1fe6-4c59-8fb3-c24db2dce8a2: shutdown LeaderState
2019-09-26 13:15:04,852 [ForkJoinPool.commonPool-worker-0] INFO  util.JmxRegister (JmxRegister.java:unregister(73)) - Successfully un-registered JMX Bean with object name Ratis:service=RaftServer,group=group-814D2A4C1D31,id=96923b3f-1fe6-4c59-8fb3-c24db2dce8a2
2019-09-26 13:15:04,853 [main] INFO  impl.PendingRequests (PendingRequests.java:sendNotLeaderResponses(202)) - 96923b3f-1fe6-4c59-8fb3-c24db2dce8a2-PendingRequests: sendNotLeaderResponses
2019-09-26 13:15:04,853 [ForkJoinPool.commonPool-worker-0] INFO  impl.RoleInfo (RoleInfo.java:shutdownLeaderState(104)) - 96923b3f-1fe6-4c59-8fb3-c24db2dce8a2: shutdown LeaderState
2019-09-26 13:15:04,854 [main] INFO  impl.StateMachineUpdater (StateMachineUpdater.java:stopAndJoin(125)) - 96923b3f-1fe6-4c59-8fb3-c24db2dce8a2@group-583E6DB6D1ED-StateMachineUpdater: set stopIndex = 0
2019-09-26 13:15:04,854 [ForkJoinPool.commonPool-worker-0] INFO  impl.PendingRequests (PendingRequests.java:sendNotLeaderResponses(202)) - 96923b3f-1fe6-4c59-8fb3-c24db2dce8a2-PendingRequests: sendNotLeaderResponses
2019-09-26 13:15:04,854 [main] INFO  impl.RaftServerImpl (ServerState.java:close(385)) - 96923b3f-1fe6-4c59-8fb3-c24db2dce8a2@group-583E6DB6D1ED: closes. applyIndex: 0
2019-09-26 13:15:04,855 [ForkJoinPool.commonPool-worker-0] INFO  impl.StateMachineUpdater (StateMachineUpdater.java:stopAndJoin(125)) - 96923b3f-1fe6-4c59-8fb3-c24db2dce8a2@group-814D2A4C1D31-StateMachineUpdater: set stopIndex = 0
2019-09-26 13:15:04,855 [96923b3f-1fe6-4c59-8fb3-c24db2dce8a2@group-583E6DB6D1ED-SegmentedRaftLogWorker] INFO  segmented.SegmentedRaftLogWorker (SegmentedRaftLogWorker.java:run(313)) - 96923b3f-1fe6-4c59-8fb3-c24db2dce8a2@group-583E6DB6D1ED-SegmentedRaftLogWorker was interrupted, exiting. There are 0 tasks remaining in the queue.
2019-09-26 13:15:04,855 [ForkJoinPool.commonPool-worker-0] INFO  impl.RaftServerImpl (ServerState.java:close(385)) - 96923b3f-1fe6-4c59-8fb3-c24db2dce8a2@group-814D2A4C1D31: closes. applyIndex: 0
2019-09-26 13:15:04,855 [main] INFO  segmented.SegmentedRaftLogWorker (SegmentedRaftLogWorker.java:close(228)) - 96923b3f-1fe6-4c59-8fb3-c24db2dce8a2@group-583E6DB6D1ED-SegmentedRaftLogWorker close()
2019-09-26 13:15:04,855 [96923b3f-1fe6-4c59-8fb3-c24db2dce8a2@group-814D2A4C1D31-SegmentedRaftLogWorker] INFO  segmented.SegmentedRaftLogWorker (SegmentedRaftLogWorker.java:run(313)) - 96923b3f-1fe6-4c59-8fb3-c24db2dce8a2@group-814D2A4C1D31-SegmentedRaftLogWorker was interrupted, exiting. There are 0 tasks remaining in the queue.
2019-09-26 13:15:04,857 [main] INFO  impl.RaftServerImpl (RaftServerImpl.java:lambda$shutdown$3(251)) - 96923b3f-1fe6-4c59-8fb3-c24db2dce8a2@group-07452E076A73: shutdown
2019-09-26 13:15:04,857 [ForkJoinPool.commonPool-worker-0] INFO  segmented.SegmentedRaftLogWorker (SegmentedRaftLogWorker.java:close(228)) - 96923b3f-1fe6-4c59-8fb3-c24db2dce8a2@group-814D2A4C1D31-SegmentedRaftLogWorker close()
2019-09-26 13:15:04,858 [main] INFO  util.JmxRegister (JmxRegister.java:unregister(73)) - Successfully un-registered JMX Bean with object name Ratis:service=RaftServer,group=group-07452E076A73,id=96923b3f-1fe6-4c59-8fb3-c24db2dce8a2
2019-09-26 13:15:04,859 [ForkJoinPool.commonPool-worker-0] INFO  impl.RaftServerImpl (RaftServerImpl.java:lambda$shutdown$3(251)) - 96923b3f-1fe6-4c59-8fb3-c24db2dce8a2@group-B4B706C6A159: shutdown
2019-09-26 13:15:04,859 [main] INFO  impl.RoleInfo (RoleInfo.java:shutdownLeaderState(104)) - 96923b3f-1fe6-4c59-8fb3-c24db2dce8a2: shutdown LeaderState
2019-09-26 13:15:04,860 [ForkJoinPool.commonPool-worker-0] INFO  util.JmxRegister (JmxRegister.java:unregister(73)) - Successfully un-registered JMX Bean with object name Ratis:service=RaftServer,group=group-B4B706C6A159,id=96923b3f-1fe6-4c59-8fb3-c24db2dce8a2
2019-09-26 13:15:04,860 [main] INFO  impl.PendingRequests (PendingRequests.java:sendNotLeaderResponses(202)) - 96923b3f-1fe6-4c59-8fb3-c24db2dce8a2-PendingRequests: sendNotLeaderResponses
2019-09-26 13:15:04,860 [ForkJoinPool.commonPool-worker-0] INFO  impl.RoleInfo (RoleInfo.java:shutdownLeaderState(104)) - 96923b3f-1fe6-4c59-8fb3-c24db2dce8a2: shutdown LeaderState
2019-09-26 13:15:04,861 [main] INFO  impl.StateMachineUpdater (StateMachineUpdater.java:stopAndJoin(125)) - 96923b3f-1fe6-4c59-8fb3-c24db2dce8a2@group-07452E076A73-StateMachineUpdater: set stopIndex = 0
2019-09-26 13:15:04,861 [main] INFO  impl.RaftServerImpl (ServerState.java:close(385)) - 96923b3f-1fe6-4c59-8fb3-c24db2dce8a2@group-07452E076A73: closes. applyIndex: 0
2019-09-26 13:15:04,861 [ForkJoinPool.commonPool-worker-0] INFO  impl.PendingRequests (PendingRequests.java:sendNotLeaderResponses(202)) - 96923b3f-1fe6-4c59-8fb3-c24db2dce8a2-PendingRequests: sendNotLeaderResponses
2019-09-26 13:15:04,862 [96923b3f-1fe6-4c59-8fb3-c24db2dce8a2@group-07452E076A73-SegmentedRaftLogWorker] INFO  segmented.SegmentedRaftLogWorker (SegmentedRaftLogWorker.java:run(313)) - 96923b3f-1fe6-4c59-8fb3-c24db2dce8a2@group-07452E076A73-SegmentedRaftLogWorker was interrupted, exiting. There are 0 tasks remaining in the queue.
2019-09-26 13:15:04,862 [ForkJoinPool.commonPool-worker-0] INFO  impl.StateMachineUpdater (StateMachineUpdater.java:stopAndJoin(125)) - 96923b3f-1fe6-4c59-8fb3-c24db2dce8a2@group-B4B706C6A159-StateMachineUpdater: set stopIndex = 0
2019-09-26 13:15:04,862 [main] INFO  segmented.SegmentedRaftLogWorker (SegmentedRaftLogWorker.java:close(228)) - 96923b3f-1fe6-4c59-8fb3-c24db2dce8a2@group-07452E076A73-SegmentedRaftLogWorker close()
2019-09-26 13:15:04,862 [ForkJoinPool.commonPool-worker-0] INFO  impl.RaftServerImpl (ServerState.java:close(385)) - 96923b3f-1fe6-4c59-8fb3-c24db2dce8a2@group-B4B706C6A159: closes. applyIndex: 0
2019-09-26 13:15:04,864 [96923b3f-1fe6-4c59-8fb3-c24db2dce8a2@group-B4B706C6A159-SegmentedRaftLogWorker] INFO  segmented.SegmentedRaftLogWorker (SegmentedRaftLogWorker.java:run(313)) - 96923b3f-1fe6-4c59-8fb3-c24db2dce8a2@group-B4B706C6A159-SegmentedRaftLogWorker was interrupted, exiting. There are 0 tasks remaining in the queue.
2019-09-26 13:15:04,864 [ForkJoinPool.commonPool-worker-0] INFO  segmented.SegmentedRaftLogWorker (SegmentedRaftLogWorker.java:close(228)) - 96923b3f-1fe6-4c59-8fb3-c24db2dce8a2@group-B4B706C6A159-SegmentedRaftLogWorker close()
2019-09-26 13:15:04,866 [main] INFO  server.GrpcService (GrpcService.java:closeImpl(164)) - 96923b3f-1fe6-4c59-8fb3-c24db2dce8a2: shutdown server with port 32830 now
2019-09-26 13:15:04,868 [main] INFO  server.GrpcService (GrpcService.java:closeImpl(172)) - 96923b3f-1fe6-4c59-8fb3-c24db2dce8a2: shutdown server with port 32830 successfully
2019-09-26 13:15:04,871 [refreshUsed-/workdir/hadoop-ozone/integration-test/target/test-dir/MiniOzoneClusterImpl-0e2f22a8-0633-4b2c-b0b3-4fc7cc6db949/datanode-2/data/containers] WARN  fs.CachingGetSpaceUsed (CachingGetSpaceUsed.java:run(183)) - Thread Interrupted waiting to refresh disk information: sleep interrupted
2019-09-26 13:15:04,890 [main] INFO  utils.BackgroundService (BackgroundService.java:shutdown(148)) - Shutting down service BlockDeletingService
2019-09-26 13:15:04,893 [main] INFO  statemachine.DatanodeStateMachine (DatanodeStateMachine.java:stopDaemon(395)) - Ozone container server stopped.
2019-09-26 13:15:04,894 [main] INFO  handler.ContextHandler (ContextHandler.java:doStop(910)) - Stopped o.e.j.w.WebAppContext@2721044{/,null,UNAVAILABLE}{/hddsDatanode}
2019-09-26 13:15:04,895 [main] INFO  server.AbstractConnector (AbstractConnector.java:doStop(318)) - Stopped ServerConnector@205df5dc{HTTP/1.1,[http/1.1]}{0.0.0.0:0}
2019-09-26 13:15:04,896 [main] INFO  handler.ContextHandler (ContextHandler.java:doStop(910)) - Stopped o.e.j.s.ServletContextHandler@118dcbbd{/static,jar:file:/home/user/.m2/repository/org/apache/hadoop/hadoop-hdds-container-service/0.5.0-SNAPSHOT/hadoop-hdds-container-service-0.5.0-SNAPSHOT.jar!/webapps/static,UNAVAILABLE}
2019-09-26 13:15:04,896 [main] INFO  handler.ContextHandler (ContextHandler.java:doStop(910)) - Stopped o.e.j.s.ServletContextHandler@203d1d93{/logs,file:///workdir/hadoop-ozone/integration-test/target/log,UNAVAILABLE}
2019-09-26 13:15:04,897 [main] INFO  ozone.MiniOzoneClusterImpl (MiniOzoneClusterImpl.java:stopSCM(392)) - Stopping the StorageContainerManager
2019-09-26 13:15:04,897 [main] INFO  server.StorageContainerManager (StorageContainerManager.java:stop(808)) - Stopping Replication Manager Service.
2019-09-26 13:15:04,897 [main] INFO  container.ReplicationManager (ReplicationManager.java:stop(204)) - Stopping Replication Monitor Thread.
2019-09-26 13:15:04,898 [main] INFO  server.StorageContainerManager (StorageContainerManager.java:stop(815)) - Stopping Lease Manager of the command watchers
2019-09-26 13:15:04,898 [main] INFO  server.StorageContainerManager (StorageContainerManager.java:stop(822)) - Stopping datanode service RPC server
2019-09-26 13:15:04,898 [main] INFO  server.SCMDatanodeProtocolServer (SCMDatanodeProtocolServer.java:stop(367)) - Stopping the RPC server for DataNodes
2019-09-26 13:15:04,898 [main] INFO  ipc.Server (Server.java:stop(3082)) - Stopping server on 37847
2019-09-26 13:15:04,900 [IPC Server listener on 37847] INFO  ipc.Server (Server.java:run(1185)) - Stopping IPC Server listener on 37847
2019-09-26 13:15:04,900 [IPC Server Responder] INFO  ipc.Server (Server.java:run(1319)) - Stopping IPC Server Responder
2019-09-26 13:15:04,937 [SCM Heartbeat Processing Thread - 0] WARN  node.NodeStateManager (NodeStateManager.java:scheduleNextHealthCheck(655)) - Current Thread is interrupted, shutting down HB processing thread for Node Manager.
2019-09-26 13:15:04,938 [main] INFO  server.StorageContainerManager (StorageContainerManager.java:stop(830)) - Stopping block service RPC server
2019-09-26 13:15:04,938 [main] INFO  server.SCMBlockProtocolServer (SCMBlockProtocolServer.java:stop(155)) - Stopping the RPC server for Block Protocol
2019-09-26 13:15:04,938 [main] INFO  ipc.Server (Server.java:stop(3082)) - Stopping server on 37015
2019-09-26 13:15:04,940 [IPC Server listener on 37015] INFO  ipc.Server (Server.java:run(1185)) - Stopping IPC Server listener on 37015
2019-09-26 13:15:04,941 [IPC Server Responder] INFO  ipc.Server (Server.java:run(1319)) - Stopping IPC Server Responder
2019-09-26 13:15:04,940 [main] INFO  server.StorageContainerManager (StorageContainerManager.java:stop(837)) - Stopping the StorageContainerLocationProtocol RPC server
2019-09-26 13:15:04,943 [main] INFO  server.SCMClientProtocolServer (SCMClientProtocolServer.java:stop(159)) - Stopping the RPC server for Client Protocol
2019-09-26 13:15:04,944 [main] INFO  ipc.Server (Server.java:stop(3082)) - Stopping server on 34485
2019-09-26 13:15:04,946 [IPC Server listener on 34485] INFO  ipc.Server (Server.java:run(1185)) - Stopping IPC Server listener on 34485
2019-09-26 13:15:04,946 [IPC Server Responder] INFO  ipc.Server (Server.java:run(1319)) - Stopping IPC Server Responder
2019-09-26 13:15:04,946 [main] INFO  server.StorageContainerManager (StorageContainerManager.java:stop(844)) - Stopping Storage Container Manager HTTP server.
2019-09-26 13:15:04,949 [main] INFO  handler.ContextHandler (ContextHandler.java:doStop(910)) - Stopped o.e.j.w.WebAppContext@7c781c42{/,null,UNAVAILABLE}{/scm}
2019-09-26 13:15:04,950 [main] INFO  server.AbstractConnector (AbstractConnector.java:doStop(318)) - Stopped ServerConnector@795f8317{HTTP/1.1,[http/1.1]}{0.0.0.0:0}
2019-09-26 13:15:04,950 [main] INFO  handler.ContextHandler (ContextHandler.java:doStop(910)) - Stopped o.e.j.s.ServletContextHandler@41ad373{/static,file:///workdir/hadoop-ozone/integration-test/target/test-classes/webapps/static,UNAVAILABLE}
2019-09-26 13:15:04,951 [main] INFO  handler.ContextHandler (ContextHandler.java:doStop(910)) - Stopped o.e.j.s.ServletContextHandler@66933239{/logs,file:///workdir/hadoop-ozone/integration-test/target/log,UNAVAILABLE}
2019-09-26 13:15:04,951 [main] INFO  server.StorageContainerManager (StorageContainerManager.java:stop(855)) - Stopping Block Manager Service.
2019-09-26 13:15:04,952 [main] INFO  utils.BackgroundService (BackgroundService.java:shutdown(148)) - Shutting down service SCMBlockDeletingService
2019-09-26 13:15:04,952 [main] INFO  utils.BackgroundService (BackgroundService.java:shutdown(148)) - Shutting down service SCMBlockDeletingService
2019-09-26 13:15:04,953 [main] INFO  server.StorageContainerManager (StorageContainerManager.java:stop(877)) - Stopping SCM Event Queue.
2019-09-26 13:15:04,960 [main] INFO  impl.MetricsSystemImpl (MetricsSystemImpl.java:stop(210)) - Stopping HddsDatanode metrics system...
2019-09-26 13:15:04,968 [main] INFO  impl.MetricsSystemImpl (MetricsSystemImpl.java:stop(216)) - HddsDatanode metrics system stopped.
]]></system-out>
  </testcase>
</testsuite>