<?xml version="1.0" encoding="UTF-8"?>
<testsuite xmlns:xsi="http://www.w3.org/2001/XMLSchema-instance" xsi:noNamespaceSchemaLocation="https://maven.apache.org/surefire/maven-surefire-plugin/xsd/surefire-test-report.xsd" name="org.apache.hadoop.hdds.scm.pipeline.TestNode2PipelineMap" time="27.604" tests="1" errors="1" skipped="0" failures="0">
  <properties>
    <property name="awt.toolkit" value="sun.awt.X11.XToolkit"/>
    <property name="file.encoding.pkg" value="sun.io"/>
    <property name="java.specification.version" value="1.8"/>
    <property name="sun.cpu.isalist" value=""/>
    <property name="sun.jnu.encoding" value="UTF-8"/>
    <property name="java.class.path" value="/workdir/hadoop-ozone/integration-test/target/test-classes:/workdir/hadoop-ozone/integration-test/target/classes:/home/user/.m2/repository/org/apache/hadoop/hadoop-ozone-common/0.5.0-SNAPSHOT/hadoop-ozone-common-0.5.0-SNAPSHOT.jar:/home/user/.m2/repository/org/apache/commons/commons-compress/1.4.1/commons-compress-1.4.1.jar:/home/user/.m2/repository/org/tukaani/xz/1.0/xz-1.0.jar:/home/user/.m2/repository/org/apache/hadoop/hadoop-common/3.2.0/hadoop-common-3.2.0.jar:/home/user/.m2/repository/org/apache/hadoop/hadoop-hdfs/3.2.0/hadoop-hdfs-3.2.0.jar:/home/user/.m2/repository/org/apache/hadoop/hadoop-hdfs-client/3.2.0/hadoop-hdfs-client-3.2.0.jar:/home/user/.m2/repository/com/fasterxml/jackson/core/jackson-annotations/2.9.9/jackson-annotations-2.9.9.jar:/home/user/.m2/repository/org/apache/hadoop/hadoop-hdds-common/0.5.0-SNAPSHOT/hadoop-hdds-common-0.5.0-SNAPSHOT.jar:/home/user/.m2/repository/javax/annotation/javax.annotation-api/1.2/javax.annotation-api-1.2.jar:/home/user/.m2/repository/org/apache/ratis/ratis-server/0.4.0/ratis-server-0.4.0.jar:/home/user/.m2/repository/org/apache/ratis/ratis-thirdparty-misc/0.2.0/ratis-thirdparty-misc-0.2.0.jar:/home/user/.m2/repository/org/apache/ratis/ratis-proto/0.4.0/ratis-proto-0.4.0.jar:/home/user/.m2/repository/org/apache/ratis/ratis-common/0.4.0/ratis-common-0.4.0.jar:/home/user/.m2/repository/org/apache/ratis/ratis-client/0.4.0/ratis-client-0.4.0.jar:/home/user/.m2/repository/org/apache/ratis/ratis-metrics/0.4.0/ratis-metrics-0.4.0.jar:/home/user/.m2/repository/com/github/joshelser/dropwizard-metrics-hadoop-metrics2-reporter/0.1.2/dropwizard-metrics-hadoop-metrics2-reporter-0.1.2.jar:/home/user/.m2/repository/io/dropwizard/metrics/metrics-jvm/3.2.5/metrics-jvm-3.2.5.jar:/home/user/.m2/repository/io/dropwizard/metrics/metrics-ganglia/3.2.5/metrics-ganglia-3.2.5.jar:/home/user/.m2/repository/info/ganglia/gmetric4j/gmetric4j/1.0.7/gmetric4j-1.0.7.jar:/home/user/.m2/repository/org/apache/ratis/ratis-netty/0.4.0/ratis-netty-0.4.0.jar:/home/user/.m2/repository/org/apache/ratis/ratis-grpc/0.4.0/ratis-grpc-0.4.0.jar:/home/user/.m2/repository/org/rocksdb/rocksdbjni/6.0.1/rocksdbjni-6.0.1.jar:/home/user/.m2/repository/org/apache/logging/log4j/log4j-api/2.11.0/log4j-api-2.11.0.jar:/home/user/.m2/repository/org/apache/logging/log4j/log4j-core/2.11.0/log4j-core-2.11.0.jar:/home/user/.m2/repository/com/lmax/disruptor/3.4.2/disruptor-3.4.2.jar:/home/user/.m2/repository/org/apache/commons/commons-pool2/2.6.0/commons-pool2-2.6.0.jar:/home/user/.m2/repository/org/bouncycastle/bcpkix-jdk15on/1.60/bcpkix-jdk15on-1.60.jar:/home/user/.m2/repository/commons-validator/commons-validator/1.6/commons-validator-1.6.jar:/home/user/.m2/repository/commons-digester/commons-digester/1.8.1/commons-digester-1.8.1.jar:/home/user/.m2/repository/io/jaegertracing/jaeger-client/0.34.0/jaeger-client-0.34.0.jar:/home/user/.m2/repository/io/jaegertracing/jaeger-thrift/0.34.0/jaeger-thrift-0.34.0.jar:/home/user/.m2/repository/org/apache/thrift/libthrift/0.12.0/libthrift-0.12.0.jar:/home/user/.m2/repository/com/squareup/okhttp3/okhttp/3.9.0/okhttp-3.9.0.jar:/home/user/.m2/repository/com/squareup/okio/okio/1.13.0/okio-1.13.0.jar:/home/user/.m2/repository/io/jaegertracing/jaeger-core/0.34.0/jaeger-core-0.34.0.jar:/home/user/.m2/repository/io/jaegertracing/jaeger-tracerresolver/0.34.0/jaeger-tracerresolver-0.34.0.jar:/home/user/.m2/repository/io/opentracing/contrib/opentracing-tracerresolver/0.1.5/opentracing-tracerresolver-0.1.5.jar:/home/user/.m2/repository/io/opentracing/opentracing-util/0.31.0/opentracing-util-0.31.0.jar:/home/user/.m2/repository/io/opentracing/opentracing-api/0.31.0/opentracing-api-0.31.0.jar:/home/user/.m2/repository/io/opentracing/opentracing-noop/0.31.0/opentracing-noop-0.31.0.jar:/home/user/.m2/repository/org/apache/hadoop/hadoop-hdds-server-framework/0.5.0-SNAPSHOT/hadoop-hdds-server-framework-0.5.0-SNAPSHOT.jar:/home/user/.m2/repository/org/apache/hadoop/hadoop-hdds-container-service/0.5.0-SNAPSHOT/hadoop-hdds-container-service-0.5.0-SNAPSHOT.jar:/home/user/.m2/repository/org/apache/hadoop/hadoop-hdds-client/0.5.0-SNAPSHOT/hadoop-hdds-client-0.5.0-SNAPSHOT.jar:/home/user/.m2/repository/org/apache/hadoop/hadoop-hdds-tools/0.5.0-SNAPSHOT/hadoop-hdds-tools-0.5.0-SNAPSHOT.jar:/home/user/.m2/repository/org/apache/hadoop/hadoop-hdds-server-scm/0.5.0-SNAPSHOT/hadoop-hdds-server-scm-0.5.0-SNAPSHOT.jar:/home/user/.m2/repository/org/apache/hadoop/hadoop-hdds-docs/0.5.0-SNAPSHOT/hadoop-hdds-docs-0.5.0-SNAPSHOT.jar:/home/user/.m2/repository/io/dropwizard/metrics/metrics-core/3.2.4/metrics-core-3.2.4.jar:/home/user/.m2/repository/org/hamcrest/hamcrest-all/1.3/hamcrest-all-1.3.jar:/home/user/.m2/repository/org/bouncycastle/bcprov-jdk15on/1.60/bcprov-jdk15on-1.60.jar:/home/user/.m2/repository/info/picocli/picocli/3.9.6/picocli-3.9.6.jar:/home/user/.m2/repository/com/google/protobuf/protobuf-java/2.5.0/protobuf-java-2.5.0.jar:/home/user/.m2/repository/com/google/guava/guava/11.0.2/guava-11.0.2.jar:/home/user/.m2/repository/org/apache/hadoop/hadoop-ozone-ozone-manager/0.5.0-SNAPSHOT/hadoop-ozone-ozone-manager-0.5.0-SNAPSHOT.jar:/home/user/.m2/repository/org/apache/hadoop/hadoop-minikdc/3.2.0/hadoop-minikdc-3.2.0.jar:/home/user/.m2/repository/commons-io/commons-io/2.5/commons-io-2.5.jar:/home/user/.m2/repository/org/apache/kerby/kerb-simplekdc/1.0.1/kerb-simplekdc-1.0.1.jar:/home/user/.m2/repository/org/apache/kerby/kerb-client/1.0.1/kerb-client-1.0.1.jar:/home/user/.m2/repository/org/apache/kerby/kerby-config/1.0.1/kerby-config-1.0.1.jar:/home/user/.m2/repository/org/apache/kerby/kerb-core/1.0.1/kerb-core-1.0.1.jar:/home/user/.m2/repository/org/apache/kerby/kerby-pkix/1.0.1/kerby-pkix-1.0.1.jar:/home/user/.m2/repository/org/apache/kerby/kerby-asn1/1.0.1/kerby-asn1-1.0.1.jar:/home/user/.m2/repository/org/apache/kerby/kerby-util/1.0.1/kerby-util-1.0.1.jar:/home/user/.m2/repository/org/apache/kerby/kerb-common/1.0.1/kerb-common-1.0.1.jar:/home/user/.m2/repository/org/apache/kerby/kerb-crypto/1.0.1/kerb-crypto-1.0.1.jar:/home/user/.m2/repository/org/apache/kerby/kerb-util/1.0.1/kerb-util-1.0.1.jar:/home/user/.m2/repository/org/apache/kerby/token-provider/1.0.1/token-provider-1.0.1.jar:/home/user/.m2/repository/org/apache/kerby/kerb-admin/1.0.1/kerb-admin-1.0.1.jar:/home/user/.m2/repository/org/apache/kerby/kerb-server/1.0.1/kerb-server-1.0.1.jar:/home/user/.m2/repository/org/apache/kerby/kerb-identity/1.0.1/kerb-identity-1.0.1.jar:/home/user/.m2/repository/org/apache/kerby/kerby-xdr/1.0.1/kerby-xdr-1.0.1.jar:/home/user/.m2/repository/org/slf4j/slf4j-log4j12/1.7.25/slf4j-log4j12-1.7.25.jar:/home/user/.m2/repository/org/apache/hadoop/hadoop-ozone-s3gateway/0.5.0-SNAPSHOT/hadoop-ozone-s3gateway-0.5.0-SNAPSHOT.jar:/home/user/.m2/repository/org/jboss/weld/servlet/weld-servlet/2.4.7.Final/weld-servlet-2.4.7.Final.jar:/home/user/.m2/repository/org/glassfish/jersey/containers/jersey-container-servlet-core/2.27/jersey-container-servlet-core-2.27.jar:/home/user/.m2/repository/org/glassfish/hk2/external/javax.inject/2.5.0-b42/javax.inject-2.5.0-b42.jar:/home/user/.m2/repository/org/glassfish/jersey/core/jersey-common/2.27/jersey-common-2.27.jar:/home/user/.m2/repository/org/glassfish/hk2/osgi-resource-locator/1.0.1/osgi-resource-locator-1.0.1.jar:/home/user/.m2/repository/javax/ws/rs/javax.ws.rs-api/2.1/javax.ws.rs-api-2.1.jar:/home/user/.m2/repository/org/glassfish/jersey/ext/cdi/jersey-cdi1x/2.27/jersey-cdi1x-2.27.jar:/home/user/.m2/repository/org/glassfish/jersey/inject/jersey-hk2/2.27/jersey-hk2-2.27.jar:/home/user/.m2/repository/org/glassfish/hk2/hk2-locator/2.5.0-b42/hk2-locator-2.5.0-b42.jar:/home/user/.m2/repository/org/javassist/javassist/3.22.0-CR2/javassist-3.22.0-CR2.jar:/home/user/.m2/repository/org/glassfish/hk2/hk2-api/2.5.0/hk2-api-2.5.0.jar:/home/user/.m2/repository/org/glassfish/hk2/external/jakarta.inject/2.5.0/jakarta.inject-2.5.0.jar:/home/user/.m2/repository/org/glassfish/hk2/hk2-utils/2.5.0/hk2-utils-2.5.0.jar:/home/user/.m2/repository/jakarta/annotation/jakarta.annotation-api/1.3.4/jakarta.annotation-api-1.3.4.jar:/home/user/.m2/repository/org/glassfish/hk2/external/aopalliance-repackaged/2.5.0/aopalliance-repackaged-2.5.0.jar:/home/user/.m2/repository/com/fasterxml/jackson/dataformat/jackson-dataformat-xml/2.9.0/jackson-dataformat-xml-2.9.0.jar:/home/user/.m2/repository/com/fasterxml/jackson/core/jackson-core/2.9.9/jackson-core-2.9.9.jar:/home/user/.m2/repository/com/fasterxml/jackson/module/jackson-module-jaxb-annotations/2.9.9/jackson-module-jaxb-annotations-2.9.9.jar:/home/user/.m2/repository/javax/enterprise/cdi-api/1.2/cdi-api-1.2.jar:/home/user/.m2/repository/javax/el/javax.el-api/3.0.0/javax.el-api-3.0.0.jar:/home/user/.m2/repository/javax/interceptor/javax.interceptor-api/1.2/javax.interceptor-api-1.2.jar:/home/user/.m2/repository/javax/inject/javax.inject/1/javax.inject-1.jar:/home/user/.m2/repository/com/sun/xml/bind/jaxb-impl/2.3.0.1/jaxb-impl-2.3.0.1.jar:/home/user/.m2/repository/com/sun/xml/bind/jaxb-core/2.3.0.1/jaxb-core-2.3.0.1.jar:/home/user/.m2/repository/javax/xml/bind/jaxb-api/2.3.0/jaxb-api-2.3.0.jar:/home/user/.m2/repository/javax/activation/activation/1.1.1/activation-1.1.1.jar:/home/user/.m2/repository/org/apache/hadoop/hadoop-ozone-csi/0.5.0-SNAPSHOT/hadoop-ozone-csi-0.5.0-SNAPSHOT.jar:/home/user/.m2/repository/com/google/protobuf/protobuf-java-util/3.5.1/protobuf-java-util-3.5.1.jar:/home/user/.m2/repository/org/apache/hadoop/hadoop-hdds-config/0.5.0-SNAPSHOT/hadoop-hdds-config-0.5.0-SNAPSHOT.jar:/home/user/.m2/repository/io/grpc/grpc-netty/1.17.1/grpc-netty-1.17.1.jar:/home/user/.m2/repository/io/grpc/grpc-core/1.17.1/grpc-core-1.17.1.jar:/home/user/.m2/repository/io/grpc/grpc-context/1.17.1/grpc-context-1.17.1.jar:/home/user/.m2/repository/com/google/errorprone/error_prone_annotations/2.2.0/error_prone_annotations-2.2.0.jar:/home/user/.m2/repository/org/codehaus/mojo/animal-sniffer-annotations/1.17/animal-sniffer-annotations-1.17.jar:/home/user/.m2/repository/io/opencensus/opencensus-api/0.17.0/opencensus-api-0.17.0.jar:/home/user/.m2/repository/io/opencensus/opencensus-contrib-grpc-metrics/0.17.0/opencensus-contrib-grpc-metrics-0.17.0.jar:/home/user/.m2/repository/io/netty/netty-codec-http2/4.1.30.Final/netty-codec-http2-4.1.30.Final.jar:/home/user/.m2/repository/io/netty/netty-codec-http/4.1.30.Final/netty-codec-http-4.1.30.Final.jar:/home/user/.m2/repository/io/netty/netty-codec/4.1.30.Final/netty-codec-4.1.30.Final.jar:/home/user/.m2/repository/io/netty/netty-handler/4.1.30.Final/netty-handler-4.1.30.Final.jar:/home/user/.m2/repository/io/netty/netty-handler-proxy/4.1.30.Final/netty-handler-proxy-4.1.30.Final.jar:/home/user/.m2/repository/io/netty/netty-codec-socks/4.1.30.Final/netty-codec-socks-4.1.30.Final.jar:/home/user/.m2/repository/io/netty/netty-transport-native-epoll/4.1.30.Final/netty-transport-native-epoll-4.1.30.Final.jar:/home/user/.m2/repository/io/netty/netty-common/4.1.30.Final/netty-common-4.1.30.Final.jar:/home/user/.m2/repository/io/netty/netty-buffer/4.1.30.Final/netty-buffer-4.1.30.Final.jar:/home/user/.m2/repository/io/netty/netty-transport/4.1.30.Final/netty-transport-4.1.30.Final.jar:/home/user/.m2/repository/io/netty/netty-resolver/4.1.30.Final/netty-resolver-4.1.30.Final.jar:/home/user/.m2/repository/io/netty/netty-transport-native-unix-common/4.1.30.Final/netty-transport-native-unix-common-4.1.30.Final.jar:/home/user/.m2/repository/io/grpc/grpc-protobuf/1.17.1/grpc-protobuf-1.17.1.jar:/home/user/.m2/repository/com/google/api/grpc/proto-google-common-protos/1.0.0/proto-google-common-protos-1.0.0.jar:/home/user/.m2/repository/io/grpc/grpc-protobuf-lite/1.17.1/grpc-protobuf-lite-1.17.1.jar:/home/user/.m2/repository/io/grpc/grpc-stub/1.17.1/grpc-stub-1.17.1.jar:/home/user/.m2/repository/org/apache/hadoop/hadoop-ozone-recon/0.5.0-SNAPSHOT/hadoop-ozone-recon-0.5.0-SNAPSHOT.jar:/home/user/.m2/repository/org/apache/hadoop/hadoop-ozone-reconcodegen/0.5.0-SNAPSHOT/hadoop-ozone-reconcodegen-0.5.0-SNAPSHOT.jar:/home/user/.m2/repository/com/google/inject/extensions/guice-multibindings/4.0/guice-multibindings-4.0.jar:/home/user/.m2/repository/com/google/inject/guice/4.0/guice-4.0.jar:/home/user/.m2/repository/aopalliance/aopalliance/1.0/aopalliance-1.0.jar:/home/user/.m2/repository/com/google/inject/extensions/guice-servlet/4.0/guice-servlet-4.0.jar:/home/user/.m2/repository/org/glassfish/jersey/containers/jersey-container-servlet/2.27/jersey-container-servlet-2.27.jar:/home/user/.m2/repository/org/glassfish/hk2/guice-bridge/2.5.0/guice-bridge-2.5.0.jar:/home/user/.m2/repository/org/glassfish/jersey/core/jersey-server/2.27/jersey-server-2.27.jar:/home/user/.m2/repository/org/glassfish/jersey/core/jersey-client/2.27/jersey-client-2.27.jar:/home/user/.m2/repository/org/glassfish/jersey/media/jersey-media-jaxb/2.27/jersey-media-jaxb-2.27.jar:/home/user/.m2/repository/javax/validation/validation-api/1.1.0.Final/validation-api-1.1.0.Final.jar:/home/user/.m2/repository/org/glassfish/jersey/media/jersey-media-json-jackson/2.27/jersey-media-json-jackson-2.27.jar:/home/user/.m2/repository/org/glassfish/jersey/ext/jersey-entity-filtering/2.27/jersey-entity-filtering-2.27.jar:/home/user/.m2/repository/com/google/inject/extensions/guice-assistedinject/4.0/guice-assistedinject-4.0.jar:/home/user/.m2/repository/org/jooq/jooq/3.11.10/jooq-3.11.10.jar:/home/user/.m2/repository/org/jooq/jooq-meta/3.11.10/jooq-meta-3.11.10.jar:/home/user/.m2/repository/org/jooq/jooq-codegen/3.11.10/jooq-codegen-3.11.10.jar:/home/user/.m2/repository/com/jolbox/bonecp/0.8.0.RELEASE/bonecp-0.8.0.RELEASE.jar:/home/user/.m2/repository/org/xerial/sqlite-jdbc/3.25.2/sqlite-jdbc-3.25.2.jar:/home/user/.m2/repository/org/springframework/spring-jdbc/5.1.3.RELEASE/spring-jdbc-5.1.3.RELEASE.jar:/home/user/.m2/repository/org/springframework/spring-beans/5.1.3.RELEASE/spring-beans-5.1.3.RELEASE.jar:/home/user/.m2/repository/org/springframework/spring-core/5.1.3.RELEASE/spring-core-5.1.3.RELEASE.jar:/home/user/.m2/repository/org/springframework/spring-jcl/5.1.3.RELEASE/spring-jcl-5.1.3.RELEASE.jar:/home/user/.m2/repository/org/springframework/spring-tx/5.1.3.RELEASE/spring-tx-5.1.3.RELEASE.jar:/home/user/.m2/repository/org/apache/hadoop/hadoop-ozone-client/0.5.0-SNAPSHOT/hadoop-ozone-client-0.5.0-SNAPSHOT.jar:/home/user/.m2/repository/commons-lang/commons-lang/2.6/commons-lang-2.6.jar:/home/user/.m2/repository/org/apache/hadoop/hadoop-ozone-ozone-manager/0.5.0-SNAPSHOT/hadoop-ozone-ozone-manager-0.5.0-SNAPSHOT-tests.jar:/home/user/.m2/repository/junit/junit/4.11/junit-4.11.jar:/home/user/.m2/repository/org/hamcrest/hamcrest-core/1.3/hamcrest-core-1.3.jar:/home/user/.m2/repository/org/openjdk/jmh/jmh-core/1.19/jmh-core-1.19.jar:/home/user/.m2/repository/net/sf/jopt-simple/jopt-simple/4.6/jopt-simple-4.6.jar:/home/user/.m2/repository/org/apache/commons/commons-math3/3.1.1/commons-math3-3.1.1.jar:/home/user/.m2/repository/org/openjdk/jmh/jmh-generator-annprocess/1.19/jmh-generator-annprocess-1.19.jar:/home/user/.m2/repository/org/mockito/mockito-all/1.8.5/mockito-all-1.8.5.jar:/home/user/.m2/repository/org/apache/hadoop/hadoop-kms/3.2.0/hadoop-kms-3.2.0.jar:/home/user/.m2/repository/org/apache/hadoop/hadoop-auth/3.2.0/hadoop-auth-3.2.0.jar:/home/user/.m2/repository/com/nimbusds/nimbus-jose-jwt/4.41.1/nimbus-jose-jwt-4.41.1.jar:/home/user/.m2/repository/com/github/stephenc/jcip/jcip-annotations/1.0-1/jcip-annotations-1.0-1.jar:/home/user/.m2/repository/net/minidev/json-smart/2.3/json-smart-2.3.jar:/home/user/.m2/repository/net/minidev/accessors-smart/1.2/accessors-smart-1.2.jar:/home/user/.m2/repository/org/ow2/asm/asm/5.0.4/asm-5.0.4.jar:/home/user/.m2/repository/org/apache/curator/curator-framework/2.12.0/curator-framework-2.12.0.jar:/home/user/.m2/repository/com/sun/jersey/jersey-core/1.19/jersey-core-1.19.jar:/home/user/.m2/repository/javax/ws/rs/jsr311-api/1.1.1/jsr311-api-1.1.1.jar:/home/user/.m2/repository/com/sun/jersey/jersey-server/1.19/jersey-server-1.19.jar:/home/user/.m2/repository/javax/servlet/javax.servlet-api/3.1.0/javax.servlet-api-3.1.0.jar:/home/user/.m2/repository/org/eclipse/jetty/jetty-server/9.3.25.v20180904/jetty-server-9.3.25.v20180904.jar:/home/user/.m2/repository/org/eclipse/jetty/jetty-http/9.3.25.v20180904/jetty-http-9.3.25.v20180904.jar:/home/user/.m2/repository/org/eclipse/jetty/jetty-io/9.3.25.v20180904/jetty-io-9.3.25.v20180904.jar:/home/user/.m2/repository/org/eclipse/jetty/jetty-webapp/9.3.25.v20180904/jetty-webapp-9.3.25.v20180904.jar:/home/user/.m2/repository/org/eclipse/jetty/jetty-xml/9.3.25.v20180904/jetty-xml-9.3.25.v20180904.jar:/home/user/.m2/repository/log4j/log4j/1.2.17/log4j-1.2.17.jar:/home/user/.m2/repository/org/slf4j/slf4j-api/1.7.25/slf4j-api-1.7.25.jar:/home/user/.m2/repository/org/slf4j/jul-to-slf4j/1.7.25/jul-to-slf4j-1.7.25.jar:/home/user/.m2/repository/org/eclipse/jetty/jetty-util/9.3.25.v20180904/jetty-util-9.3.25.v20180904.jar:/home/user/.m2/repository/com/fasterxml/jackson/core/jackson-databind/2.9.9/jackson-databind-2.9.9.jar:/home/user/.m2/repository/org/apache/hadoop/hadoop-kms/3.2.0/hadoop-kms-3.2.0-tests.jar:/home/user/.m2/repository/org/apache/hadoop/hadoop-hdds-server-scm/0.5.0-SNAPSHOT/hadoop-hdds-server-scm-0.5.0-SNAPSHOT-tests.jar:/home/user/.m2/repository/org/apache/hadoop/hadoop-hdds-container-service/0.5.0-SNAPSHOT/hadoop-hdds-container-service-0.5.0-SNAPSHOT-tests.jar:/home/user/.m2/repository/org/yaml/snakeyaml/1.16/snakeyaml-1.16.jar:/home/user/.m2/repository/org/apache/hadoop/hadoop-common/3.2.0/hadoop-common-3.2.0-tests.jar:/home/user/.m2/repository/org/apache/hadoop/hadoop-annotations/3.2.0/hadoop-annotations-3.2.0.jar:/usr/lib/jvm/java-1.8-openjdk/jre/../lib/tools.jar:/home/user/.m2/repository/commons-cli/commons-cli/1.2/commons-cli-1.2.jar:/home/user/.m2/repository/org/apache/httpcomponents/httpclient/4.5.2/httpclient-4.5.2.jar:/home/user/.m2/repository/org/apache/httpcomponents/httpcore/4.4.4/httpcore-4.4.4.jar:/home/user/.m2/repository/commons-codec/commons-codec/1.11/commons-codec-1.11.jar:/home/user/.m2/repository/commons-net/commons-net/3.6/commons-net-3.6.jar:/home/user/.m2/repository/commons-collections/commons-collections/3.2.2/commons-collections-3.2.2.jar:/home/user/.m2/repository/org/eclipse/jetty/jetty-servlet/9.3.25.v20180904/jetty-servlet-9.3.25.v20180904.jar:/home/user/.m2/repository/org/eclipse/jetty/jetty-security/9.3.25.v20180904/jetty-security-9.3.25.v20180904.jar:/home/user/.m2/repository/javax/servlet/jsp/jsp-api/2.1/jsp-api-2.1.jar:/home/user/.m2/repository/com/sun/jersey/jersey-servlet/1.19/jersey-servlet-1.19.jar:/home/user/.m2/repository/com/sun/jersey/jersey-json/1.19/jersey-json-1.19.jar:/home/user/.m2/repository/org/codehaus/jettison/jettison/1.1/jettison-1.1.jar:/home/user/.m2/repository/org/codehaus/jackson/jackson-core-asl/1.9.13/jackson-core-asl-1.9.13.jar:/home/user/.m2/repository/org/codehaus/jackson/jackson-mapper-asl/1.9.13/jackson-mapper-asl-1.9.13.jar:/home/user/.m2/repository/org/codehaus/jackson/jackson-jaxrs/1.9.13/jackson-jaxrs-1.9.13.jar:/home/user/.m2/repository/org/codehaus/jackson/jackson-xc/1.9.13/jackson-xc-1.9.13.jar:/home/user/.m2/repository/commons-logging/commons-logging/1.1.3/commons-logging-1.1.3.jar:/home/user/.m2/repository/commons-beanutils/commons-beanutils/1.9.4/commons-beanutils-1.9.4.jar:/home/user/.m2/repository/org/apache/commons/commons-configuration2/2.1.1/commons-configuration2-2.1.1.jar:/home/user/.m2/repository/org/apache/commons/commons-lang3/3.7/commons-lang3-3.7.jar:/home/user/.m2/repository/org/apache/commons/commons-text/1.4/commons-text-1.4.jar:/home/user/.m2/repository/org/apache/avro/avro/1.7.7/avro-1.7.7.jar:/home/user/.m2/repository/com/thoughtworks/paranamer/paranamer/2.3/paranamer-2.3.jar:/home/user/.m2/repository/org/xerial/snappy/snappy-java/1.0.5/snappy-java-1.0.5.jar:/home/user/.m2/repository/com/google/re2j/re2j/1.1/re2j-1.1.jar:/home/user/.m2/repository/com/google/code/gson/gson/2.2.4/gson-2.2.4.jar:/home/user/.m2/repository/com/jcraft/jsch/0.1.54/jsch-0.1.54.jar:/home/user/.m2/repository/org/apache/curator/curator-client/2.12.0/curator-client-2.12.0.jar:/home/user/.m2/repository/org/apache/curator/curator-recipes/2.12.0/curator-recipes-2.12.0.jar:/home/user/.m2/repository/com/google/code/findbugs/jsr305/3.0.0/jsr305-3.0.0.jar:/home/user/.m2/repository/org/apache/htrace/htrace-core4/4.1.0-incubating/htrace-core4-4.1.0-incubating.jar:/home/user/.m2/repository/org/apache/zookeeper/zookeeper/3.4.13/zookeeper-3.4.13.jar:/home/user/.m2/repository/jline/jline/0.9.94/jline-0.9.94.jar:/home/user/.m2/repository/org/apache/yetus/audience-annotations/0.5.0/audience-annotations-0.5.0.jar:/home/user/.m2/repository/org/codehaus/woodstox/stax2-api/3.1.4/stax2-api-3.1.4.jar:/home/user/.m2/repository/com/fasterxml/woodstox/woodstox-core/5.0.3/woodstox-core-5.0.3.jar:/home/user/.m2/repository/dnsjava/dnsjava/2.1.7/dnsjava-2.1.7.jar:/home/user/.m2/repository/org/apache/hadoop/hadoop-hdfs/3.2.0/hadoop-hdfs-3.2.0-tests.jar:/home/user/.m2/repository/org/eclipse/jetty/jetty-util-ajax/9.3.25.v20180904/jetty-util-ajax-9.3.25.v20180904.jar:/home/user/.m2/repository/commons-daemon/commons-daemon/1.0.13/commons-daemon-1.0.13.jar:/home/user/.m2/repository/io/netty/netty/3.10.5.Final/netty-3.10.5.Final.jar:/home/user/.m2/repository/io/netty/netty-all/4.0.52.Final/netty-all-4.0.52.Final.jar:/home/user/.m2/repository/org/fusesource/leveldbjni/leveldbjni-all/1.8/leveldbjni-all-1.8.jar:"/>
    <property name="java.vm.vendor" value="IcedTea"/>
    <property name="sun.arch.data.model" value="64"/>
    <property name="test.build.dir" value="/workdir/hadoop-ozone/integration-test/target/test-dir"/>
    <property name="test.cache.data" value=""/>
    <property name="java.vendor.url" value="https://icedtea.classpath.org"/>
    <property name="user.timezone" value=""/>
    <property name="java.vm.specification.version" value="1.8"/>
    <property name="os.name" value="Linux"/>
    <property name="test.build.data" value="/workdir/hadoop-ozone/integration-test/target/test-dir"/>
    <property name="user.country" value="US"/>
    <property name="sun.java.launcher" value="SUN_STANDARD"/>
    <property name="sun.boot.library.path" value="/usr/lib/jvm/java-1.8-openjdk/jre/lib/amd64"/>
    <property name="sun.java.command" value="/workdir/hadoop-ozone/integration-test/target/surefire/surefirebooter3247177893914067875.jar /workdir/hadoop-ozone/integration-test/target/surefire 2019-09-26T11-49-28_115-jvmRun1 surefire5396368194802916694tmp surefire_843772376848246363159tmp"/>
    <property name="test" value="!TestMiniChaosOzoneCluster"/>
    <property name="surefire.test.class.path" value="/workdir/hadoop-ozone/integration-test/target/test-classes:/workdir/hadoop-ozone/integration-test/target/classes:/home/user/.m2/repository/org/apache/hadoop/hadoop-ozone-common/0.5.0-SNAPSHOT/hadoop-ozone-common-0.5.0-SNAPSHOT.jar:/home/user/.m2/repository/org/apache/commons/commons-compress/1.4.1/commons-compress-1.4.1.jar:/home/user/.m2/repository/org/tukaani/xz/1.0/xz-1.0.jar:/home/user/.m2/repository/org/apache/hadoop/hadoop-common/3.2.0/hadoop-common-3.2.0.jar:/home/user/.m2/repository/org/apache/hadoop/hadoop-hdfs/3.2.0/hadoop-hdfs-3.2.0.jar:/home/user/.m2/repository/org/apache/hadoop/hadoop-hdfs-client/3.2.0/hadoop-hdfs-client-3.2.0.jar:/home/user/.m2/repository/com/fasterxml/jackson/core/jackson-annotations/2.9.9/jackson-annotations-2.9.9.jar:/home/user/.m2/repository/org/apache/hadoop/hadoop-hdds-common/0.5.0-SNAPSHOT/hadoop-hdds-common-0.5.0-SNAPSHOT.jar:/home/user/.m2/repository/javax/annotation/javax.annotation-api/1.2/javax.annotation-api-1.2.jar:/home/user/.m2/repository/org/apache/ratis/ratis-server/0.4.0/ratis-server-0.4.0.jar:/home/user/.m2/repository/org/apache/ratis/ratis-thirdparty-misc/0.2.0/ratis-thirdparty-misc-0.2.0.jar:/home/user/.m2/repository/org/apache/ratis/ratis-proto/0.4.0/ratis-proto-0.4.0.jar:/home/user/.m2/repository/org/apache/ratis/ratis-common/0.4.0/ratis-common-0.4.0.jar:/home/user/.m2/repository/org/apache/ratis/ratis-client/0.4.0/ratis-client-0.4.0.jar:/home/user/.m2/repository/org/apache/ratis/ratis-metrics/0.4.0/ratis-metrics-0.4.0.jar:/home/user/.m2/repository/com/github/joshelser/dropwizard-metrics-hadoop-metrics2-reporter/0.1.2/dropwizard-metrics-hadoop-metrics2-reporter-0.1.2.jar:/home/user/.m2/repository/io/dropwizard/metrics/metrics-jvm/3.2.5/metrics-jvm-3.2.5.jar:/home/user/.m2/repository/io/dropwizard/metrics/metrics-ganglia/3.2.5/metrics-ganglia-3.2.5.jar:/home/user/.m2/repository/info/ganglia/gmetric4j/gmetric4j/1.0.7/gmetric4j-1.0.7.jar:/home/user/.m2/repository/org/apache/ratis/ratis-netty/0.4.0/ratis-netty-0.4.0.jar:/home/user/.m2/repository/org/apache/ratis/ratis-grpc/0.4.0/ratis-grpc-0.4.0.jar:/home/user/.m2/repository/org/rocksdb/rocksdbjni/6.0.1/rocksdbjni-6.0.1.jar:/home/user/.m2/repository/org/apache/logging/log4j/log4j-api/2.11.0/log4j-api-2.11.0.jar:/home/user/.m2/repository/org/apache/logging/log4j/log4j-core/2.11.0/log4j-core-2.11.0.jar:/home/user/.m2/repository/com/lmax/disruptor/3.4.2/disruptor-3.4.2.jar:/home/user/.m2/repository/org/apache/commons/commons-pool2/2.6.0/commons-pool2-2.6.0.jar:/home/user/.m2/repository/org/bouncycastle/bcpkix-jdk15on/1.60/bcpkix-jdk15on-1.60.jar:/home/user/.m2/repository/commons-validator/commons-validator/1.6/commons-validator-1.6.jar:/home/user/.m2/repository/commons-digester/commons-digester/1.8.1/commons-digester-1.8.1.jar:/home/user/.m2/repository/io/jaegertracing/jaeger-client/0.34.0/jaeger-client-0.34.0.jar:/home/user/.m2/repository/io/jaegertracing/jaeger-thrift/0.34.0/jaeger-thrift-0.34.0.jar:/home/user/.m2/repository/org/apache/thrift/libthrift/0.12.0/libthrift-0.12.0.jar:/home/user/.m2/repository/com/squareup/okhttp3/okhttp/3.9.0/okhttp-3.9.0.jar:/home/user/.m2/repository/com/squareup/okio/okio/1.13.0/okio-1.13.0.jar:/home/user/.m2/repository/io/jaegertracing/jaeger-core/0.34.0/jaeger-core-0.34.0.jar:/home/user/.m2/repository/io/jaegertracing/jaeger-tracerresolver/0.34.0/jaeger-tracerresolver-0.34.0.jar:/home/user/.m2/repository/io/opentracing/contrib/opentracing-tracerresolver/0.1.5/opentracing-tracerresolver-0.1.5.jar:/home/user/.m2/repository/io/opentracing/opentracing-util/0.31.0/opentracing-util-0.31.0.jar:/home/user/.m2/repository/io/opentracing/opentracing-api/0.31.0/opentracing-api-0.31.0.jar:/home/user/.m2/repository/io/opentracing/opentracing-noop/0.31.0/opentracing-noop-0.31.0.jar:/home/user/.m2/repository/org/apache/hadoop/hadoop-hdds-server-framework/0.5.0-SNAPSHOT/hadoop-hdds-server-framework-0.5.0-SNAPSHOT.jar:/home/user/.m2/repository/org/apache/hadoop/hadoop-hdds-container-service/0.5.0-SNAPSHOT/hadoop-hdds-container-service-0.5.0-SNAPSHOT.jar:/home/user/.m2/repository/org/apache/hadoop/hadoop-hdds-client/0.5.0-SNAPSHOT/hadoop-hdds-client-0.5.0-SNAPSHOT.jar:/home/user/.m2/repository/org/apache/hadoop/hadoop-hdds-tools/0.5.0-SNAPSHOT/hadoop-hdds-tools-0.5.0-SNAPSHOT.jar:/home/user/.m2/repository/org/apache/hadoop/hadoop-hdds-server-scm/0.5.0-SNAPSHOT/hadoop-hdds-server-scm-0.5.0-SNAPSHOT.jar:/home/user/.m2/repository/org/apache/hadoop/hadoop-hdds-docs/0.5.0-SNAPSHOT/hadoop-hdds-docs-0.5.0-SNAPSHOT.jar:/home/user/.m2/repository/io/dropwizard/metrics/metrics-core/3.2.4/metrics-core-3.2.4.jar:/home/user/.m2/repository/org/hamcrest/hamcrest-all/1.3/hamcrest-all-1.3.jar:/home/user/.m2/repository/org/bouncycastle/bcprov-jdk15on/1.60/bcprov-jdk15on-1.60.jar:/home/user/.m2/repository/info/picocli/picocli/3.9.6/picocli-3.9.6.jar:/home/user/.m2/repository/com/google/protobuf/protobuf-java/2.5.0/protobuf-java-2.5.0.jar:/home/user/.m2/repository/com/google/guava/guava/11.0.2/guava-11.0.2.jar:/home/user/.m2/repository/org/apache/hadoop/hadoop-ozone-ozone-manager/0.5.0-SNAPSHOT/hadoop-ozone-ozone-manager-0.5.0-SNAPSHOT.jar:/home/user/.m2/repository/org/apache/hadoop/hadoop-minikdc/3.2.0/hadoop-minikdc-3.2.0.jar:/home/user/.m2/repository/commons-io/commons-io/2.5/commons-io-2.5.jar:/home/user/.m2/repository/org/apache/kerby/kerb-simplekdc/1.0.1/kerb-simplekdc-1.0.1.jar:/home/user/.m2/repository/org/apache/kerby/kerb-client/1.0.1/kerb-client-1.0.1.jar:/home/user/.m2/repository/org/apache/kerby/kerby-config/1.0.1/kerby-config-1.0.1.jar:/home/user/.m2/repository/org/apache/kerby/kerb-core/1.0.1/kerb-core-1.0.1.jar:/home/user/.m2/repository/org/apache/kerby/kerby-pkix/1.0.1/kerby-pkix-1.0.1.jar:/home/user/.m2/repository/org/apache/kerby/kerby-asn1/1.0.1/kerby-asn1-1.0.1.jar:/home/user/.m2/repository/org/apache/kerby/kerby-util/1.0.1/kerby-util-1.0.1.jar:/home/user/.m2/repository/org/apache/kerby/kerb-common/1.0.1/kerb-common-1.0.1.jar:/home/user/.m2/repository/org/apache/kerby/kerb-crypto/1.0.1/kerb-crypto-1.0.1.jar:/home/user/.m2/repository/org/apache/kerby/kerb-util/1.0.1/kerb-util-1.0.1.jar:/home/user/.m2/repository/org/apache/kerby/token-provider/1.0.1/token-provider-1.0.1.jar:/home/user/.m2/repository/org/apache/kerby/kerb-admin/1.0.1/kerb-admin-1.0.1.jar:/home/user/.m2/repository/org/apache/kerby/kerb-server/1.0.1/kerb-server-1.0.1.jar:/home/user/.m2/repository/org/apache/kerby/kerb-identity/1.0.1/kerb-identity-1.0.1.jar:/home/user/.m2/repository/org/apache/kerby/kerby-xdr/1.0.1/kerby-xdr-1.0.1.jar:/home/user/.m2/repository/org/slf4j/slf4j-log4j12/1.7.25/slf4j-log4j12-1.7.25.jar:/home/user/.m2/repository/org/apache/hadoop/hadoop-ozone-s3gateway/0.5.0-SNAPSHOT/hadoop-ozone-s3gateway-0.5.0-SNAPSHOT.jar:/home/user/.m2/repository/org/jboss/weld/servlet/weld-servlet/2.4.7.Final/weld-servlet-2.4.7.Final.jar:/home/user/.m2/repository/org/glassfish/jersey/containers/jersey-container-servlet-core/2.27/jersey-container-servlet-core-2.27.jar:/home/user/.m2/repository/org/glassfish/hk2/external/javax.inject/2.5.0-b42/javax.inject-2.5.0-b42.jar:/home/user/.m2/repository/org/glassfish/jersey/core/jersey-common/2.27/jersey-common-2.27.jar:/home/user/.m2/repository/org/glassfish/hk2/osgi-resource-locator/1.0.1/osgi-resource-locator-1.0.1.jar:/home/user/.m2/repository/javax/ws/rs/javax.ws.rs-api/2.1/javax.ws.rs-api-2.1.jar:/home/user/.m2/repository/org/glassfish/jersey/ext/cdi/jersey-cdi1x/2.27/jersey-cdi1x-2.27.jar:/home/user/.m2/repository/org/glassfish/jersey/inject/jersey-hk2/2.27/jersey-hk2-2.27.jar:/home/user/.m2/repository/org/glassfish/hk2/hk2-locator/2.5.0-b42/hk2-locator-2.5.0-b42.jar:/home/user/.m2/repository/org/javassist/javassist/3.22.0-CR2/javassist-3.22.0-CR2.jar:/home/user/.m2/repository/org/glassfish/hk2/hk2-api/2.5.0/hk2-api-2.5.0.jar:/home/user/.m2/repository/org/glassfish/hk2/external/jakarta.inject/2.5.0/jakarta.inject-2.5.0.jar:/home/user/.m2/repository/org/glassfish/hk2/hk2-utils/2.5.0/hk2-utils-2.5.0.jar:/home/user/.m2/repository/jakarta/annotation/jakarta.annotation-api/1.3.4/jakarta.annotation-api-1.3.4.jar:/home/user/.m2/repository/org/glassfish/hk2/external/aopalliance-repackaged/2.5.0/aopalliance-repackaged-2.5.0.jar:/home/user/.m2/repository/com/fasterxml/jackson/dataformat/jackson-dataformat-xml/2.9.0/jackson-dataformat-xml-2.9.0.jar:/home/user/.m2/repository/com/fasterxml/jackson/core/jackson-core/2.9.9/jackson-core-2.9.9.jar:/home/user/.m2/repository/com/fasterxml/jackson/module/jackson-module-jaxb-annotations/2.9.9/jackson-module-jaxb-annotations-2.9.9.jar:/home/user/.m2/repository/javax/enterprise/cdi-api/1.2/cdi-api-1.2.jar:/home/user/.m2/repository/javax/el/javax.el-api/3.0.0/javax.el-api-3.0.0.jar:/home/user/.m2/repository/javax/interceptor/javax.interceptor-api/1.2/javax.interceptor-api-1.2.jar:/home/user/.m2/repository/javax/inject/javax.inject/1/javax.inject-1.jar:/home/user/.m2/repository/com/sun/xml/bind/jaxb-impl/2.3.0.1/jaxb-impl-2.3.0.1.jar:/home/user/.m2/repository/com/sun/xml/bind/jaxb-core/2.3.0.1/jaxb-core-2.3.0.1.jar:/home/user/.m2/repository/javax/xml/bind/jaxb-api/2.3.0/jaxb-api-2.3.0.jar:/home/user/.m2/repository/javax/activation/activation/1.1.1/activation-1.1.1.jar:/home/user/.m2/repository/org/apache/hadoop/hadoop-ozone-csi/0.5.0-SNAPSHOT/hadoop-ozone-csi-0.5.0-SNAPSHOT.jar:/home/user/.m2/repository/com/google/protobuf/protobuf-java-util/3.5.1/protobuf-java-util-3.5.1.jar:/home/user/.m2/repository/org/apache/hadoop/hadoop-hdds-config/0.5.0-SNAPSHOT/hadoop-hdds-config-0.5.0-SNAPSHOT.jar:/home/user/.m2/repository/io/grpc/grpc-netty/1.17.1/grpc-netty-1.17.1.jar:/home/user/.m2/repository/io/grpc/grpc-core/1.17.1/grpc-core-1.17.1.jar:/home/user/.m2/repository/io/grpc/grpc-context/1.17.1/grpc-context-1.17.1.jar:/home/user/.m2/repository/com/google/errorprone/error_prone_annotations/2.2.0/error_prone_annotations-2.2.0.jar:/home/user/.m2/repository/org/codehaus/mojo/animal-sniffer-annotations/1.17/animal-sniffer-annotations-1.17.jar:/home/user/.m2/repository/io/opencensus/opencensus-api/0.17.0/opencensus-api-0.17.0.jar:/home/user/.m2/repository/io/opencensus/opencensus-contrib-grpc-metrics/0.17.0/opencensus-contrib-grpc-metrics-0.17.0.jar:/home/user/.m2/repository/io/netty/netty-codec-http2/4.1.30.Final/netty-codec-http2-4.1.30.Final.jar:/home/user/.m2/repository/io/netty/netty-codec-http/4.1.30.Final/netty-codec-http-4.1.30.Final.jar:/home/user/.m2/repository/io/netty/netty-codec/4.1.30.Final/netty-codec-4.1.30.Final.jar:/home/user/.m2/repository/io/netty/netty-handler/4.1.30.Final/netty-handler-4.1.30.Final.jar:/home/user/.m2/repository/io/netty/netty-handler-proxy/4.1.30.Final/netty-handler-proxy-4.1.30.Final.jar:/home/user/.m2/repository/io/netty/netty-codec-socks/4.1.30.Final/netty-codec-socks-4.1.30.Final.jar:/home/user/.m2/repository/io/netty/netty-transport-native-epoll/4.1.30.Final/netty-transport-native-epoll-4.1.30.Final.jar:/home/user/.m2/repository/io/netty/netty-common/4.1.30.Final/netty-common-4.1.30.Final.jar:/home/user/.m2/repository/io/netty/netty-buffer/4.1.30.Final/netty-buffer-4.1.30.Final.jar:/home/user/.m2/repository/io/netty/netty-transport/4.1.30.Final/netty-transport-4.1.30.Final.jar:/home/user/.m2/repository/io/netty/netty-resolver/4.1.30.Final/netty-resolver-4.1.30.Final.jar:/home/user/.m2/repository/io/netty/netty-transport-native-unix-common/4.1.30.Final/netty-transport-native-unix-common-4.1.30.Final.jar:/home/user/.m2/repository/io/grpc/grpc-protobuf/1.17.1/grpc-protobuf-1.17.1.jar:/home/user/.m2/repository/com/google/api/grpc/proto-google-common-protos/1.0.0/proto-google-common-protos-1.0.0.jar:/home/user/.m2/repository/io/grpc/grpc-protobuf-lite/1.17.1/grpc-protobuf-lite-1.17.1.jar:/home/user/.m2/repository/io/grpc/grpc-stub/1.17.1/grpc-stub-1.17.1.jar:/home/user/.m2/repository/org/apache/hadoop/hadoop-ozone-recon/0.5.0-SNAPSHOT/hadoop-ozone-recon-0.5.0-SNAPSHOT.jar:/home/user/.m2/repository/org/apache/hadoop/hadoop-ozone-reconcodegen/0.5.0-SNAPSHOT/hadoop-ozone-reconcodegen-0.5.0-SNAPSHOT.jar:/home/user/.m2/repository/com/google/inject/extensions/guice-multibindings/4.0/guice-multibindings-4.0.jar:/home/user/.m2/repository/com/google/inject/guice/4.0/guice-4.0.jar:/home/user/.m2/repository/aopalliance/aopalliance/1.0/aopalliance-1.0.jar:/home/user/.m2/repository/com/google/inject/extensions/guice-servlet/4.0/guice-servlet-4.0.jar:/home/user/.m2/repository/org/glassfish/jersey/containers/jersey-container-servlet/2.27/jersey-container-servlet-2.27.jar:/home/user/.m2/repository/org/glassfish/hk2/guice-bridge/2.5.0/guice-bridge-2.5.0.jar:/home/user/.m2/repository/org/glassfish/jersey/core/jersey-server/2.27/jersey-server-2.27.jar:/home/user/.m2/repository/org/glassfish/jersey/core/jersey-client/2.27/jersey-client-2.27.jar:/home/user/.m2/repository/org/glassfish/jersey/media/jersey-media-jaxb/2.27/jersey-media-jaxb-2.27.jar:/home/user/.m2/repository/javax/validation/validation-api/1.1.0.Final/validation-api-1.1.0.Final.jar:/home/user/.m2/repository/org/glassfish/jersey/media/jersey-media-json-jackson/2.27/jersey-media-json-jackson-2.27.jar:/home/user/.m2/repository/org/glassfish/jersey/ext/jersey-entity-filtering/2.27/jersey-entity-filtering-2.27.jar:/home/user/.m2/repository/com/google/inject/extensions/guice-assistedinject/4.0/guice-assistedinject-4.0.jar:/home/user/.m2/repository/org/jooq/jooq/3.11.10/jooq-3.11.10.jar:/home/user/.m2/repository/org/jooq/jooq-meta/3.11.10/jooq-meta-3.11.10.jar:/home/user/.m2/repository/org/jooq/jooq-codegen/3.11.10/jooq-codegen-3.11.10.jar:/home/user/.m2/repository/com/jolbox/bonecp/0.8.0.RELEASE/bonecp-0.8.0.RELEASE.jar:/home/user/.m2/repository/org/xerial/sqlite-jdbc/3.25.2/sqlite-jdbc-3.25.2.jar:/home/user/.m2/repository/org/springframework/spring-jdbc/5.1.3.RELEASE/spring-jdbc-5.1.3.RELEASE.jar:/home/user/.m2/repository/org/springframework/spring-beans/5.1.3.RELEASE/spring-beans-5.1.3.RELEASE.jar:/home/user/.m2/repository/org/springframework/spring-core/5.1.3.RELEASE/spring-core-5.1.3.RELEASE.jar:/home/user/.m2/repository/org/springframework/spring-jcl/5.1.3.RELEASE/spring-jcl-5.1.3.RELEASE.jar:/home/user/.m2/repository/org/springframework/spring-tx/5.1.3.RELEASE/spring-tx-5.1.3.RELEASE.jar:/home/user/.m2/repository/org/apache/hadoop/hadoop-ozone-client/0.5.0-SNAPSHOT/hadoop-ozone-client-0.5.0-SNAPSHOT.jar:/home/user/.m2/repository/commons-lang/commons-lang/2.6/commons-lang-2.6.jar:/home/user/.m2/repository/org/apache/hadoop/hadoop-ozone-ozone-manager/0.5.0-SNAPSHOT/hadoop-ozone-ozone-manager-0.5.0-SNAPSHOT-tests.jar:/home/user/.m2/repository/junit/junit/4.11/junit-4.11.jar:/home/user/.m2/repository/org/hamcrest/hamcrest-core/1.3/hamcrest-core-1.3.jar:/home/user/.m2/repository/org/openjdk/jmh/jmh-core/1.19/jmh-core-1.19.jar:/home/user/.m2/repository/net/sf/jopt-simple/jopt-simple/4.6/jopt-simple-4.6.jar:/home/user/.m2/repository/org/apache/commons/commons-math3/3.1.1/commons-math3-3.1.1.jar:/home/user/.m2/repository/org/openjdk/jmh/jmh-generator-annprocess/1.19/jmh-generator-annprocess-1.19.jar:/home/user/.m2/repository/org/mockito/mockito-all/1.8.5/mockito-all-1.8.5.jar:/home/user/.m2/repository/org/apache/hadoop/hadoop-kms/3.2.0/hadoop-kms-3.2.0.jar:/home/user/.m2/repository/org/apache/hadoop/hadoop-auth/3.2.0/hadoop-auth-3.2.0.jar:/home/user/.m2/repository/com/nimbusds/nimbus-jose-jwt/4.41.1/nimbus-jose-jwt-4.41.1.jar:/home/user/.m2/repository/com/github/stephenc/jcip/jcip-annotations/1.0-1/jcip-annotations-1.0-1.jar:/home/user/.m2/repository/net/minidev/json-smart/2.3/json-smart-2.3.jar:/home/user/.m2/repository/net/minidev/accessors-smart/1.2/accessors-smart-1.2.jar:/home/user/.m2/repository/org/ow2/asm/asm/5.0.4/asm-5.0.4.jar:/home/user/.m2/repository/org/apache/curator/curator-framework/2.12.0/curator-framework-2.12.0.jar:/home/user/.m2/repository/com/sun/jersey/jersey-core/1.19/jersey-core-1.19.jar:/home/user/.m2/repository/javax/ws/rs/jsr311-api/1.1.1/jsr311-api-1.1.1.jar:/home/user/.m2/repository/com/sun/jersey/jersey-server/1.19/jersey-server-1.19.jar:/home/user/.m2/repository/javax/servlet/javax.servlet-api/3.1.0/javax.servlet-api-3.1.0.jar:/home/user/.m2/repository/org/eclipse/jetty/jetty-server/9.3.25.v20180904/jetty-server-9.3.25.v20180904.jar:/home/user/.m2/repository/org/eclipse/jetty/jetty-http/9.3.25.v20180904/jetty-http-9.3.25.v20180904.jar:/home/user/.m2/repository/org/eclipse/jetty/jetty-io/9.3.25.v20180904/jetty-io-9.3.25.v20180904.jar:/home/user/.m2/repository/org/eclipse/jetty/jetty-webapp/9.3.25.v20180904/jetty-webapp-9.3.25.v20180904.jar:/home/user/.m2/repository/org/eclipse/jetty/jetty-xml/9.3.25.v20180904/jetty-xml-9.3.25.v20180904.jar:/home/user/.m2/repository/log4j/log4j/1.2.17/log4j-1.2.17.jar:/home/user/.m2/repository/org/slf4j/slf4j-api/1.7.25/slf4j-api-1.7.25.jar:/home/user/.m2/repository/org/slf4j/jul-to-slf4j/1.7.25/jul-to-slf4j-1.7.25.jar:/home/user/.m2/repository/org/eclipse/jetty/jetty-util/9.3.25.v20180904/jetty-util-9.3.25.v20180904.jar:/home/user/.m2/repository/com/fasterxml/jackson/core/jackson-databind/2.9.9/jackson-databind-2.9.9.jar:/home/user/.m2/repository/org/apache/hadoop/hadoop-kms/3.2.0/hadoop-kms-3.2.0-tests.jar:/home/user/.m2/repository/org/apache/hadoop/hadoop-hdds-server-scm/0.5.0-SNAPSHOT/hadoop-hdds-server-scm-0.5.0-SNAPSHOT-tests.jar:/home/user/.m2/repository/org/apache/hadoop/hadoop-hdds-container-service/0.5.0-SNAPSHOT/hadoop-hdds-container-service-0.5.0-SNAPSHOT-tests.jar:/home/user/.m2/repository/org/yaml/snakeyaml/1.16/snakeyaml-1.16.jar:/home/user/.m2/repository/org/apache/hadoop/hadoop-common/3.2.0/hadoop-common-3.2.0-tests.jar:/home/user/.m2/repository/org/apache/hadoop/hadoop-annotations/3.2.0/hadoop-annotations-3.2.0.jar:/usr/lib/jvm/java-1.8-openjdk/jre/../lib/tools.jar:/home/user/.m2/repository/commons-cli/commons-cli/1.2/commons-cli-1.2.jar:/home/user/.m2/repository/org/apache/httpcomponents/httpclient/4.5.2/httpclient-4.5.2.jar:/home/user/.m2/repository/org/apache/httpcomponents/httpcore/4.4.4/httpcore-4.4.4.jar:/home/user/.m2/repository/commons-codec/commons-codec/1.11/commons-codec-1.11.jar:/home/user/.m2/repository/commons-net/commons-net/3.6/commons-net-3.6.jar:/home/user/.m2/repository/commons-collections/commons-collections/3.2.2/commons-collections-3.2.2.jar:/home/user/.m2/repository/org/eclipse/jetty/jetty-servlet/9.3.25.v20180904/jetty-servlet-9.3.25.v20180904.jar:/home/user/.m2/repository/org/eclipse/jetty/jetty-security/9.3.25.v20180904/jetty-security-9.3.25.v20180904.jar:/home/user/.m2/repository/javax/servlet/jsp/jsp-api/2.1/jsp-api-2.1.jar:/home/user/.m2/repository/com/sun/jersey/jersey-servlet/1.19/jersey-servlet-1.19.jar:/home/user/.m2/repository/com/sun/jersey/jersey-json/1.19/jersey-json-1.19.jar:/home/user/.m2/repository/org/codehaus/jettison/jettison/1.1/jettison-1.1.jar:/home/user/.m2/repository/org/codehaus/jackson/jackson-core-asl/1.9.13/jackson-core-asl-1.9.13.jar:/home/user/.m2/repository/org/codehaus/jackson/jackson-mapper-asl/1.9.13/jackson-mapper-asl-1.9.13.jar:/home/user/.m2/repository/org/codehaus/jackson/jackson-jaxrs/1.9.13/jackson-jaxrs-1.9.13.jar:/home/user/.m2/repository/org/codehaus/jackson/jackson-xc/1.9.13/jackson-xc-1.9.13.jar:/home/user/.m2/repository/commons-logging/commons-logging/1.1.3/commons-logging-1.1.3.jar:/home/user/.m2/repository/commons-beanutils/commons-beanutils/1.9.4/commons-beanutils-1.9.4.jar:/home/user/.m2/repository/org/apache/commons/commons-configuration2/2.1.1/commons-configuration2-2.1.1.jar:/home/user/.m2/repository/org/apache/commons/commons-lang3/3.7/commons-lang3-3.7.jar:/home/user/.m2/repository/org/apache/commons/commons-text/1.4/commons-text-1.4.jar:/home/user/.m2/repository/org/apache/avro/avro/1.7.7/avro-1.7.7.jar:/home/user/.m2/repository/com/thoughtworks/paranamer/paranamer/2.3/paranamer-2.3.jar:/home/user/.m2/repository/org/xerial/snappy/snappy-java/1.0.5/snappy-java-1.0.5.jar:/home/user/.m2/repository/com/google/re2j/re2j/1.1/re2j-1.1.jar:/home/user/.m2/repository/com/google/code/gson/gson/2.2.4/gson-2.2.4.jar:/home/user/.m2/repository/com/jcraft/jsch/0.1.54/jsch-0.1.54.jar:/home/user/.m2/repository/org/apache/curator/curator-client/2.12.0/curator-client-2.12.0.jar:/home/user/.m2/repository/org/apache/curator/curator-recipes/2.12.0/curator-recipes-2.12.0.jar:/home/user/.m2/repository/com/google/code/findbugs/jsr305/3.0.0/jsr305-3.0.0.jar:/home/user/.m2/repository/org/apache/htrace/htrace-core4/4.1.0-incubating/htrace-core4-4.1.0-incubating.jar:/home/user/.m2/repository/org/apache/zookeeper/zookeeper/3.4.13/zookeeper-3.4.13.jar:/home/user/.m2/repository/jline/jline/0.9.94/jline-0.9.94.jar:/home/user/.m2/repository/org/apache/yetus/audience-annotations/0.5.0/audience-annotations-0.5.0.jar:/home/user/.m2/repository/org/codehaus/woodstox/stax2-api/3.1.4/stax2-api-3.1.4.jar:/home/user/.m2/repository/com/fasterxml/woodstox/woodstox-core/5.0.3/woodstox-core-5.0.3.jar:/home/user/.m2/repository/dnsjava/dnsjava/2.1.7/dnsjava-2.1.7.jar:/home/user/.m2/repository/org/apache/hadoop/hadoop-hdfs/3.2.0/hadoop-hdfs-3.2.0-tests.jar:/home/user/.m2/repository/org/eclipse/jetty/jetty-util-ajax/9.3.25.v20180904/jetty-util-ajax-9.3.25.v20180904.jar:/home/user/.m2/repository/commons-daemon/commons-daemon/1.0.13/commons-daemon-1.0.13.jar:/home/user/.m2/repository/io/netty/netty/3.10.5.Final/netty-3.10.5.Final.jar:/home/user/.m2/repository/io/netty/netty-all/4.0.52.Final/netty-all-4.0.52.Final.jar:/home/user/.m2/repository/org/fusesource/leveldbjni/leveldbjni-all/1.8/leveldbjni-all-1.8.jar:"/>
    <property name="sun.cpu.endian" value="little"/>
    <property name="user.home" value="/home/user"/>
    <property name="user.language" value="en"/>
    <property name="java.specification.vendor" value="Oracle Corporation"/>
    <property name="java.home" value="/usr/lib/jvm/java-1.8-openjdk/jre"/>
    <property name="java.security.krb5.conf" value="/workdir/hadoop-ozone/integration-test/target/test-classes/krb5.conf"/>
    <property name="basedir" value="/workdir/hadoop-ozone/integration-test"/>
    <property name="file.separator" value="/"/>
    <property name="line.separator" value="&#10;"/>
    <property name="java.vm.specification.vendor" value="Oracle Corporation"/>
    <property name="java.specification.name" value="Java Platform API Specification"/>
    <property name="java.awt.graphicsenv" value="sun.awt.X11GraphicsEnvironment"/>
    <property name="surefire.real.class.path" value="/workdir/hadoop-ozone/integration-test/target/surefire/surefirebooter3247177893914067875.jar"/>
    <property name="hadoop.log.dir" value="/workdir/hadoop-ozone/integration-test/target/log"/>
    <property name="sun.boot.class.path" value="/usr/lib/jvm/java-1.8-openjdk/jre/lib/resources.jar:/usr/lib/jvm/java-1.8-openjdk/jre/lib/rt.jar:/usr/lib/jvm/java-1.8-openjdk/jre/lib/sunrsasign.jar:/usr/lib/jvm/java-1.8-openjdk/jre/lib/jsse.jar:/usr/lib/jvm/java-1.8-openjdk/jre/lib/jce.jar:/usr/lib/jvm/java-1.8-openjdk/jre/lib/charsets.jar:/usr/lib/jvm/java-1.8-openjdk/jre/lib/jfr.jar:/usr/lib/jvm/java-1.8-openjdk/jre/classes"/>
    <property name="sun.management.compiler" value="HotSpot 64-Bit Tiered Compilers"/>
    <property name="java.runtime.version" value="1.8.0_212-b04"/>
    <property name="java.net.preferIPv4Stack" value="true"/>
    <property name="user.name" value="jenkins1000"/>
    <property name="path.separator" value=":"/>
    <property name="java.security.egd" value="file:///dev/urandom"/>
    <property name="os.version" value="3.10.0-957.12.2.el7.x86_64"/>
    <property name="java.endorsed.dirs" value="/usr/lib/jvm/java-1.8-openjdk/jre/lib/endorsed"/>
    <property name="java.runtime.name" value="OpenJDK Runtime Environment"/>
    <property name="file.encoding" value="UTF-8"/>
    <property name="java.vm.name" value="OpenJDK 64-Bit Server VM"/>
    <property name="test.build.webapps" value=""/>
    <property name="localRepository" value="/home/user/.m2/repository"/>
    <property name="java.vendor.url.bug" value="https://icedtea.classpath.org/bugzilla"/>
    <property name="java.io.tmpdir" value="/tmp"/>
    <property name="require.test.libhadoop" value=""/>
    <property name="java.version" value="1.8.0_212"/>
    <property name="user.dir" value="/workdir/hadoop-ozone/integration-test"/>
    <property name="os.arch" value="amd64"/>
    <property name="java.vm.specification.name" value="Java Virtual Machine Specification"/>
    <property name="test.build.classes" value="/workdir/hadoop-ozone/integration-test/target/test-classes"/>
    <property name="java.awt.printerjob" value="sun.print.PSPrinterJob"/>
    <property name="sun.os.patch.level" value="unknown"/>
    <property name="hadoop.tmp.dir" value="/workdir/hadoop-ozone/integration-test/target/tmp"/>
    <property name="java.library.path" value="/usr/lib/jvm/java-1.8-openjdk/jre/lib/amd64/server:/usr/lib/jvm/java-1.8-openjdk/jre/lib/amd64:/usr/lib/jvm/java-1.8-openjdk/jre/../lib/amd64:/workdir/hadoop-ozone/integration-test/target/native/target/usr/local/lib:/workdir/hadoop-ozone/integration-test/../../hadoop-common-project/hadoop-common/target/native/target/usr/local/lib:/usr/java/packages/lib/amd64:/usr/lib64:/lib64:/lib:/usr/lib"/>
    <property name="java.vm.info" value="mixed mode"/>
    <property name="java.vendor" value="IcedTea"/>
    <property name="java.vm.version" value="25.212-b04"/>
    <property name="java.ext.dirs" value="/usr/lib/jvm/java-1.8-openjdk/jre/lib/ext:/usr/java/packages/lib/ext"/>
    <property name="sun.io.unicode.encoding" value="UnicodeLittle"/>
    <property name="java.class.version" value="52.0"/>
  </properties>
  <testcase name="testPipelineMap" classname="org.apache.hadoop.hdds.scm.pipeline.TestNode2PipelineMap" time="27.54">
    <error message="Could not allocate container. Cannot get any matching pipeline for Type:RATIS, Factor:THREE, State:PipelineState.OPEN" type="java.io.IOException">java.io.IOException: Could not allocate container. Cannot get any matching pipeline for Type:RATIS, Factor:THREE, State:PipelineState.OPEN
	at org.apache.hadoop.hdds.scm.container.ContainerStateManager.allocateContainer(ContainerStateManager.java:260)
	at org.apache.hadoop.hdds.scm.container.SCMContainerManager.allocateContainer(SCMContainerManager.java:247)
	at org.apache.hadoop.hdds.scm.pipeline.TestNode2PipelineMap.init(TestNode2PipelineMap.java:69)
	at sun.reflect.NativeMethodAccessorImpl.invoke0(Native Method)
	at sun.reflect.NativeMethodAccessorImpl.invoke(NativeMethodAccessorImpl.java:62)
	at sun.reflect.DelegatingMethodAccessorImpl.invoke(DelegatingMethodAccessorImpl.java:43)
	at java.lang.reflect.Method.invoke(Method.java:498)
	at org.junit.runners.model.FrameworkMethod$1.runReflectiveCall(FrameworkMethod.java:47)
	at org.junit.internal.runners.model.ReflectiveCallable.run(ReflectiveCallable.java:12)
	at org.junit.runners.model.FrameworkMethod.invokeExplosively(FrameworkMethod.java:44)
	at org.junit.internal.runners.statements.RunBefores.evaluate(RunBefores.java:24)
	at org.junit.internal.runners.statements.RunAfters.evaluate(RunAfters.java:27)
	at org.junit.runners.ParentRunner.runLeaf(ParentRunner.java:271)
	at org.junit.runners.BlockJUnit4ClassRunner.runChild(BlockJUnit4ClassRunner.java:70)
	at org.junit.runners.BlockJUnit4ClassRunner.runChild(BlockJUnit4ClassRunner.java:50)
	at org.junit.runners.ParentRunner$3.run(ParentRunner.java:238)
	at org.junit.runners.ParentRunner$1.schedule(ParentRunner.java:63)
	at org.junit.runners.ParentRunner.runChildren(ParentRunner.java:236)
	at org.junit.runners.ParentRunner.access$000(ParentRunner.java:53)
	at org.junit.runners.ParentRunner$2.evaluate(ParentRunner.java:229)
	at org.junit.runners.ParentRunner.run(ParentRunner.java:309)
	at org.apache.maven.surefire.junit4.JUnit4Provider.execute(JUnit4Provider.java:365)
	at org.apache.maven.surefire.junit4.JUnit4Provider.executeWithRerun(JUnit4Provider.java:273)
	at org.apache.maven.surefire.junit4.JUnit4Provider.executeTestSet(JUnit4Provider.java:238)
	at org.apache.maven.surefire.junit4.JUnit4Provider.invoke(JUnit4Provider.java:159)
	at org.apache.maven.surefire.booter.ForkedBooter.invokeProviderInSameClassLoader(ForkedBooter.java:384)
	at org.apache.maven.surefire.booter.ForkedBooter.runSuitesInProcess(ForkedBooter.java:345)
	at org.apache.maven.surefire.booter.ForkedBooter.execute(ForkedBooter.java:126)
	at org.apache.maven.surefire.booter.ForkedBooter.main(ForkedBooter.java:418)
</error>
    <system-out><![CDATA[2019-09-26 13:15:07,817 [main] WARN  server.ServerUtils (ServerUtils.java:getScmDbDir(145)) - ozone.scm.db.dirs is not configured. We recommend adding this setting. Falling back to ozone.metadata.dirs instead.
2019-09-26 13:15:07,990 [main] WARN  server.ServerUtils (ServerUtils.java:getScmDbDir(145)) - ozone.scm.db.dirs is not configured. We recommend adding this setting. Falling back to ozone.metadata.dirs instead.
2019-09-26 13:15:07,993 [main] WARN  server.ServerUtils (ServerUtils.java:getScmDbDir(145)) - ozone.scm.db.dirs is not configured. We recommend adding this setting. Falling back to ozone.metadata.dirs instead.
2019-09-26 13:15:08,012 [main] INFO  util.log (Log.java:initialized(192)) - Logging initialized @1021ms
2019-09-26 13:15:08,120 [main] INFO  db.DBStoreBuilder (DBStoreBuilder.java:addTable(110)) - using custom profile for table: deletedBlocks
2019-09-26 13:15:08,121 [main] INFO  db.DBStoreBuilder (DBStoreBuilder.java:processTables(161)) - Using default column profile:DBProfile.DISK for Table:deletedBlocks
2019-09-26 13:15:08,121 [main] INFO  db.DBStoreBuilder (DBStoreBuilder.java:addTable(110)) - using custom profile for table: validCerts
2019-09-26 13:15:08,122 [main] INFO  db.DBStoreBuilder (DBStoreBuilder.java:processTables(161)) - Using default column profile:DBProfile.DISK for Table:validCerts
2019-09-26 13:15:08,122 [main] INFO  db.DBStoreBuilder (DBStoreBuilder.java:addTable(110)) - using custom profile for table: revokedCerts
2019-09-26 13:15:08,122 [main] INFO  db.DBStoreBuilder (DBStoreBuilder.java:processTables(161)) - Using default column profile:DBProfile.DISK for Table:revokedCerts
2019-09-26 13:15:08,135 [main] INFO  db.DBStoreBuilder (DBStoreBuilder.java:addTable(110)) - using custom profile for table: default
2019-09-26 13:15:08,135 [main] INFO  db.DBStoreBuilder (DBStoreBuilder.java:processTables(167)) - Using default column profile:DBProfile.DISK for Table:default
2019-09-26 13:15:08,137 [main] INFO  db.DBStoreBuilder (DBStoreBuilder.java:getDbProfile(198)) - Using default options. DBProfile.DISK
2019-09-26 13:15:08,610 [main] INFO  net.NodeSchemaLoader (NodeSchemaLoader.java:loadSchemaFromFile(125)) - Loading file from sun.misc.CompoundEnumeration@55182842
2019-09-26 13:15:08,612 [main] INFO  net.NodeSchemaLoader (NodeSchemaLoader.java:loadSchema(171)) - Loading network topology layer schema file
2019-09-26 13:15:08,706 [main] WARN  server.ServerUtils (ServerUtils.java:sanitizeUserArgs(70)) - ozone.scm.stale.node.interval value = 300000 is larger than max = 100000 based on the key value of ozone.scm.heartbeat.thread.interval, reset to the max value 100000.
2019-09-26 13:15:08,708 [main] WARN  server.ServerUtils (ServerUtils.java:sanitizeUserArgs(70)) - ozone.scm.stale.node.interval value = 300000 is larger than max = 100000 based on the key value of ozone.scm.heartbeat.thread.interval, reset to the max value 100000.
2019-09-26 13:15:08,711 [main] INFO  node.SCMNodeManager (SCMNodeManager.java:<init>(114)) - Entering startup safe mode.
2019-09-26 13:15:08,785 [main] INFO  algorithms.ContainerPlacementPolicyFactory (ContainerPlacementPolicyFactory.java:getPolicy(59)) - Create container placement policy of type org.apache.hadoop.hdds.scm.container.placement.algorithms.SCMContainerPlacementRandom
2019-09-26 13:15:08,800 [main] WARN  server.ServerUtils (ServerUtils.java:getScmDbDir(145)) - ozone.scm.db.dirs is not configured. We recommend adding this setting. Falling back to ozone.metadata.dirs instead.
2019-09-26 13:15:08,864 [main] INFO  pipeline.SCMPipelineManager (SCMPipelineManager.java:initializePipelineState(132)) - No pipeline exists in current db
2019-09-26 13:15:08,869 [main] WARN  server.ServerUtils (ServerUtils.java:getScmDbDir(145)) - ozone.scm.db.dirs is not configured. We recommend adding this setting. Falling back to ozone.metadata.dirs instead.
2019-09-26 13:15:08,989 [main] WARN  events.EventQueue (EventQueue.java:fireEvent(183)) - No event handler registered for event TypedEvent{payloadType=SafeModeStatus, name='SafeModeStatus'}
2019-09-26 13:15:09,404 [main] INFO  ipc.CallQueueManager (CallQueueManager.java:<init>(84)) - Using callQueue: class java.util.concurrent.LinkedBlockingQueue, queueCapacity: 2000, scheduler: class org.apache.hadoop.ipc.DefaultRpcScheduler, ipcBackoff: false.
2019-09-26 13:15:09,434 [Socket Reader #1 for port 44777] INFO  ipc.Server (Server.java:run(1074)) - Starting Socket Reader #1 for port 44777
2019-09-26 13:15:09,581 [main] INFO  ipc.CallQueueManager (CallQueueManager.java:<init>(84)) - Using callQueue: class java.util.concurrent.LinkedBlockingQueue, queueCapacity: 2000, scheduler: class org.apache.hadoop.ipc.DefaultRpcScheduler, ipcBackoff: false.
2019-09-26 13:15:09,582 [Socket Reader #1 for port 36041] INFO  ipc.Server (Server.java:run(1074)) - Starting Socket Reader #1 for port 36041
2019-09-26 13:15:09,591 [main] INFO  ipc.CallQueueManager (CallQueueManager.java:<init>(84)) - Using callQueue: class java.util.concurrent.LinkedBlockingQueue, queueCapacity: 2000, scheduler: class org.apache.hadoop.ipc.DefaultRpcScheduler, ipcBackoff: false.
2019-09-26 13:15:09,592 [Socket Reader #1 for port 35125] INFO  ipc.Server (Server.java:run(1074)) - Starting Socket Reader #1 for port 35125
2019-09-26 13:15:09,613 [main] INFO  hdfs.DFSUtil (DFSUtil.java:httpServerTemplateForNNAndJN(1641)) - Starting Web-server for scm at: http://0.0.0.0:0
2019-09-26 13:15:09,785 [main] INFO  server.AuthenticationFilter (AuthenticationFilter.java:constructSecretProvider(240)) - Unable to initialize FileSignerSecretProvider, falling back to use random secrets.
2019-09-26 13:15:09,796 [main] WARN  http.HttpRequestLog (HttpRequestLog.java:getRequestLog(97)) - Jetty request log can only be enabled using Log4j
2019-09-26 13:15:09,807 [main] INFO  http.HttpServer2 (HttpServer2.java:addGlobalFilter(975)) - Added global filter 'safety' (class=org.apache.hadoop.http.HttpServer2$QuotingInputFilter)
2019-09-26 13:15:09,810 [main] INFO  http.HttpServer2 (HttpServer2.java:addFilter(948)) - Added filter static_user_filter (class=org.apache.hadoop.http.lib.StaticUserWebFilter$StaticUserFilter) to context scm
2019-09-26 13:15:09,810 [main] INFO  http.HttpServer2 (HttpServer2.java:addFilter(958)) - Added filter static_user_filter (class=org.apache.hadoop.http.lib.StaticUserWebFilter$StaticUserFilter) to context static
2019-09-26 13:15:09,811 [main] INFO  http.HttpServer2 (HttpServer2.java:addFilter(958)) - Added filter static_user_filter (class=org.apache.hadoop.http.lib.StaticUserWebFilter$StaticUserFilter) to context logs
2019-09-26 13:15:09,846 [main] INFO  server.StorageContainerManager (StorageContainerManager.java:start(770)) - StorageContainerLocationProtocol RPC server is listening at /0.0.0.0:35125
2019-09-26 13:15:09,915 [main] WARN  impl.MetricsConfig (MetricsConfig.java:loadFirst(134)) - Cannot locate configuration: tried hadoop-metrics2-storagecontainermanager.properties,hadoop-metrics2.properties
2019-09-26 13:15:09,929 [main] INFO  impl.MetricsSystemImpl (MetricsSystemImpl.java:startTimer(374)) - Scheduled Metric snapshot period at 10 second(s).
2019-09-26 13:15:09,929 [main] INFO  impl.MetricsSystemImpl (MetricsSystemImpl.java:start(191)) - StorageContainerManager metrics system started
2019-09-26 13:15:10,199 [main] INFO  server.SCMClientProtocolServer (SCMClientProtocolServer.java:start(151)) - RPC server for Client  is listening at /0.0.0.0:35125
2019-09-26 13:15:10,200 [IPC Server Responder] INFO  ipc.Server (Server.java:run(1314)) - IPC Server Responder: starting
2019-09-26 13:15:10,200 [IPC Server listener on 35125] INFO  ipc.Server (Server.java:run(1153)) - IPC Server listener on 35125: starting
2019-09-26 13:15:10,203 [main] INFO  server.StorageContainerManager (StorageContainerManager.java:start(780)) - ScmBlockLocationProtocol RPC server is listening at /0.0.0.0:36041
2019-09-26 13:15:10,204 [main] INFO  server.SCMBlockProtocolServer (SCMBlockProtocolServer.java:start(146)) - RPC server for Block Protocol is listening at /0.0.0.0:36041
2019-09-26 13:15:10,205 [IPC Server Responder] INFO  ipc.Server (Server.java:run(1314)) - IPC Server Responder: starting
2019-09-26 13:15:10,205 [IPC Server listener on 36041] INFO  ipc.Server (Server.java:run(1153)) - IPC Server listener on 36041: starting
2019-09-26 13:15:10,208 [main] INFO  server.StorageContainerManager (StorageContainerManager.java:start(784)) - ScmDatanodeProtocl RPC server is listening at /0.0.0.0:44777
2019-09-26 13:15:10,208 [main] INFO  server.SCMDatanodeProtocolServer (SCMDatanodeProtocolServer.java:start(191)) - RPC server for DataNodes is listening at /0.0.0.0:44777
2019-09-26 13:15:10,208 [IPC Server Responder] INFO  ipc.Server (Server.java:run(1314)) - IPC Server Responder: starting
2019-09-26 13:15:10,209 [IPC Server listener on 44777] INFO  ipc.Server (Server.java:run(1153)) - IPC Server listener on 44777: starting
2019-09-26 13:15:10,212 [main] INFO  http.HttpServer2 (HttpServer2.java:bindListener(1191)) - Jetty bound to port 43867
2019-09-26 13:15:10,214 [main] INFO  server.Server (Server.java:doStart(351)) - jetty-9.3.25.v20180904, build timestamp: 2018-09-04T21:11:46Z, git hash: 3ce520221d0240229c862b122d2b06c12a625732
2019-09-26 13:15:10,253 [main] INFO  handler.ContextHandler (ContextHandler.java:doStart(781)) - Started o.e.j.s.ServletContextHandler@23fb172e{/logs,file:///workdir/hadoop-ozone/integration-test/target/log,AVAILABLE}
2019-09-26 13:15:10,254 [main] INFO  handler.ContextHandler (ContextHandler.java:doStart(781)) - Started o.e.j.s.ServletContextHandler@158a3b2e{/static,file:///workdir/hadoop-ozone/integration-test/target/test-classes/webapps/static,AVAILABLE}
2019-09-26 13:15:10,287 [main] INFO  handler.ContextHandler (ContextHandler.java:doStart(781)) - Started o.e.j.w.WebAppContext@b5cc23a{/,file:///workdir/hadoop-ozone/integration-test/target/test-classes/webapps/scm/,AVAILABLE}{/scm}
2019-09-26 13:15:10,293 [main] INFO  server.AbstractConnector (AbstractConnector.java:doStart(278)) - Started ServerConnector@61a002b1{HTTP/1.1,[http/1.1]}{0.0.0.0:43867}
2019-09-26 13:15:10,294 [main] INFO  server.Server (Server.java:doStart(419)) - Started @3302ms
2019-09-26 13:15:10,296 [main] INFO  impl.MetricsSinkAdapter (MetricsSinkAdapter.java:start(204)) - Sink prometheus started
2019-09-26 13:15:10,296 [main] INFO  impl.MetricsSystemImpl (MetricsSystemImpl.java:registerSink(301)) - Registered sink prometheus
2019-09-26 13:15:10,298 [main] INFO  server.BaseHttpServer (BaseHttpServer.java:updateConnectorAddress(215)) - HTTP server of SCM is listening at http://0.0.0.0:43867
2019-09-26 13:15:10,305 [org.apache.hadoop.util.JvmPauseMonitor$Monitor@58c540cf] INFO  util.JvmPauseMonitor (JvmPauseMonitor.java:run(188)) - Starting JVM pause monitor
2019-09-26 13:15:10,309 [main] WARN  server.ServerUtils (ServerUtils.java:getDBPath(222)) - ozone.om.db.dirs is not configured. We recommend adding this setting. Falling back to ozone.metadata.dirs instead.
2019-09-26 13:15:10,419 [main] WARN  server.ServerUtils (ServerUtils.java:getDBPath(222)) - ozone.om.db.dirs is not configured. We recommend adding this setting. Falling back to ozone.metadata.dirs instead.
2019-09-26 13:15:10,420 [main] WARN  server.ServerUtils (ServerUtils.java:getDBPath(222)) - ozone.om.db.dirs is not configured. We recommend adding this setting. Falling back to ozone.metadata.dirs instead.
2019-09-26 13:15:10,421 [main] INFO  om.OzoneManager (OzoneManager.java:setOMNodeDetails(652)) - OM Service ID is not set. Setting it to the default ID: omServiceIdDefault
2019-09-26 13:15:10,421 [main] INFO  om.OzoneManager (OzoneManager.java:setOMNodeDetails(658)) - OM Node ID is not set. Setting it to the OmStorage's OmID: 3ae2c263-26c1-4800-9493-99ce96c7a505
2019-09-26 13:15:10,422 [main] INFO  om.OzoneManager (OzoneManager.java:loadOMHAConfigs(609)) - Found matching OM address with OMServiceId: null, OMNodeId: null, RPC Address: localhost:0 and Ratis port: 9872
2019-09-26 13:15:11,180 [main] WARN  server.ServerUtils (ServerUtils.java:getDBPath(222)) - ozone.om.db.dirs is not configured. We recommend adding this setting. Falling back to ozone.metadata.dirs instead.
2019-09-26 13:15:11,188 [main] INFO  db.DBStoreBuilder (DBStoreBuilder.java:addTable(110)) - using custom profile for table: userTable
2019-09-26 13:15:11,188 [main] INFO  db.DBStoreBuilder (DBStoreBuilder.java:processTables(161)) - Using default column profile:DBProfile.DISK for Table:userTable
2019-09-26 13:15:11,189 [main] INFO  db.DBStoreBuilder (DBStoreBuilder.java:addTable(110)) - using custom profile for table: volumeTable
2019-09-26 13:15:11,189 [main] INFO  db.DBStoreBuilder (DBStoreBuilder.java:processTables(161)) - Using default column profile:DBProfile.DISK for Table:volumeTable
2019-09-26 13:15:11,189 [main] INFO  db.DBStoreBuilder (DBStoreBuilder.java:addTable(110)) - using custom profile for table: bucketTable
2019-09-26 13:15:11,189 [main] INFO  db.DBStoreBuilder (DBStoreBuilder.java:processTables(161)) - Using default column profile:DBProfile.DISK for Table:bucketTable
2019-09-26 13:15:11,190 [main] INFO  db.DBStoreBuilder (DBStoreBuilder.java:addTable(110)) - using custom profile for table: keyTable
2019-09-26 13:15:11,190 [main] INFO  db.DBStoreBuilder (DBStoreBuilder.java:processTables(161)) - Using default column profile:DBProfile.DISK for Table:keyTable
2019-09-26 13:15:11,191 [main] INFO  db.DBStoreBuilder (DBStoreBuilder.java:addTable(110)) - using custom profile for table: deletedTable
2019-09-26 13:15:11,191 [main] INFO  db.DBStoreBuilder (DBStoreBuilder.java:processTables(161)) - Using default column profile:DBProfile.DISK for Table:deletedTable
2019-09-26 13:15:11,191 [main] INFO  db.DBStoreBuilder (DBStoreBuilder.java:addTable(110)) - using custom profile for table: openKeyTable
2019-09-26 13:15:11,192 [main] INFO  db.DBStoreBuilder (DBStoreBuilder.java:processTables(161)) - Using default column profile:DBProfile.DISK for Table:openKeyTable
2019-09-26 13:15:11,192 [main] INFO  db.DBStoreBuilder (DBStoreBuilder.java:addTable(110)) - using custom profile for table: s3Table
2019-09-26 13:15:11,192 [main] INFO  db.DBStoreBuilder (DBStoreBuilder.java:processTables(161)) - Using default column profile:DBProfile.DISK for Table:s3Table
2019-09-26 13:15:11,193 [main] INFO  db.DBStoreBuilder (DBStoreBuilder.java:addTable(110)) - using custom profile for table: multipartInfoTable
2019-09-26 13:15:11,193 [main] INFO  db.DBStoreBuilder (DBStoreBuilder.java:processTables(161)) - Using default column profile:DBProfile.DISK for Table:multipartInfoTable
2019-09-26 13:15:11,194 [main] INFO  db.DBStoreBuilder (DBStoreBuilder.java:addTable(110)) - using custom profile for table: dTokenTable
2019-09-26 13:15:11,194 [main] INFO  db.DBStoreBuilder (DBStoreBuilder.java:processTables(161)) - Using default column profile:DBProfile.DISK for Table:dTokenTable
2019-09-26 13:15:11,194 [main] INFO  db.DBStoreBuilder (DBStoreBuilder.java:addTable(110)) - using custom profile for table: s3SecretTable
2019-09-26 13:15:11,195 [main] INFO  db.DBStoreBuilder (DBStoreBuilder.java:processTables(161)) - Using default column profile:DBProfile.DISK for Table:s3SecretTable
2019-09-26 13:15:11,195 [main] INFO  db.DBStoreBuilder (DBStoreBuilder.java:addTable(110)) - using custom profile for table: prefixTable
2019-09-26 13:15:11,195 [main] INFO  db.DBStoreBuilder (DBStoreBuilder.java:processTables(161)) - Using default column profile:DBProfile.DISK for Table:prefixTable
2019-09-26 13:15:11,196 [main] INFO  db.DBStoreBuilder (DBStoreBuilder.java:addTable(110)) - using custom profile for table: default
2019-09-26 13:15:11,196 [main] INFO  db.DBStoreBuilder (DBStoreBuilder.java:processTables(167)) - Using default column profile:DBProfile.DISK for Table:default
2019-09-26 13:15:11,196 [main] INFO  db.DBStoreBuilder (DBStoreBuilder.java:getDbProfile(198)) - Using default options. DBProfile.DISK
2019-09-26 13:15:11,625 [main] INFO  ipc.CallQueueManager (CallQueueManager.java:<init>(84)) - Using callQueue: class java.util.concurrent.LinkedBlockingQueue, queueCapacity: 2000, scheduler: class org.apache.hadoop.ipc.DefaultRpcScheduler, ipcBackoff: false.
2019-09-26 13:15:11,626 [Socket Reader #1 for port 45259] INFO  ipc.Server (Server.java:run(1074)) - Starting Socket Reader #1 for port 45259
2019-09-26 13:15:11,650 [main] INFO  om.OzoneManager (OzoneManager.java:start(1243)) - OzoneManager RPC server is listening at localhost/127.0.0.1:45259
2019-09-26 13:15:11,651 [main] INFO  impl.MetricsSystemImpl (MetricsSystemImpl.java:init(158)) - OzoneManager metrics system started (again)
2019-09-26 13:15:11,652 [IPC Server Responder] INFO  ipc.Server (Server.java:run(1314)) - IPC Server Responder: starting
2019-09-26 13:15:11,653 [IPC Server listener on 45259] INFO  ipc.Server (Server.java:run(1153)) - IPC Server listener on 45259: starting
2019-09-26 13:15:11,658 [main] INFO  hdfs.DFSUtil (DFSUtil.java:httpServerTemplateForNNAndJN(1641)) - Starting Web-server for ozoneManager at: http://0.0.0.0:0
2019-09-26 13:15:11,662 [main] INFO  server.AuthenticationFilter (AuthenticationFilter.java:constructSecretProvider(240)) - Unable to initialize FileSignerSecretProvider, falling back to use random secrets.
2019-09-26 13:15:11,663 [main] WARN  http.HttpRequestLog (HttpRequestLog.java:getRequestLog(97)) - Jetty request log can only be enabled using Log4j
2019-09-26 13:15:11,667 [main] INFO  http.HttpServer2 (HttpServer2.java:addGlobalFilter(975)) - Added global filter 'safety' (class=org.apache.hadoop.http.HttpServer2$QuotingInputFilter)
2019-09-26 13:15:11,669 [main] INFO  http.HttpServer2 (HttpServer2.java:addFilter(948)) - Added filter static_user_filter (class=org.apache.hadoop.http.lib.StaticUserWebFilter$StaticUserFilter) to context ozoneManager
2019-09-26 13:15:11,669 [main] INFO  http.HttpServer2 (HttpServer2.java:addFilter(958)) - Added filter static_user_filter (class=org.apache.hadoop.http.lib.StaticUserWebFilter$StaticUserFilter) to context logs
2019-09-26 13:15:11,669 [main] INFO  http.HttpServer2 (HttpServer2.java:addFilter(958)) - Added filter static_user_filter (class=org.apache.hadoop.http.lib.StaticUserWebFilter$StaticUserFilter) to context static
2019-09-26 13:15:11,672 [main] INFO  http.HttpServer2 (HttpServer2.java:bindListener(1191)) - Jetty bound to port 46089
2019-09-26 13:15:11,672 [main] INFO  server.Server (Server.java:doStart(351)) - jetty-9.3.25.v20180904, build timestamp: 2018-09-04T21:11:46Z, git hash: 3ce520221d0240229c862b122d2b06c12a625732
2019-09-26 13:15:11,675 [main] INFO  handler.ContextHandler (ContextHandler.java:doStart(781)) - Started o.e.j.s.ServletContextHandler@677b8e13{/logs,file:///workdir/hadoop-ozone/integration-test/target/log,AVAILABLE}
2019-09-26 13:15:11,676 [main] INFO  handler.ContextHandler (ContextHandler.java:doStart(781)) - Started o.e.j.s.ServletContextHandler@4c27d39d{/static,file:///workdir/hadoop-ozone/integration-test/target/test-classes/webapps/static,AVAILABLE}
2019-09-26 13:15:11,682 [main] INFO  handler.ContextHandler (ContextHandler.java:doStart(781)) - Started o.e.j.w.WebAppContext@3a022576{/,file:///workdir/hadoop-ozone/integration-test/target/test-classes/webapps/ozoneManager/,AVAILABLE}{/ozoneManager}
2019-09-26 13:15:11,684 [main] INFO  server.AbstractConnector (AbstractConnector.java:doStart(278)) - Started ServerConnector@2dbd803f{HTTP/1.1,[http/1.1]}{0.0.0.0:46089}
2019-09-26 13:15:11,685 [main] INFO  server.Server (Server.java:doStart(419)) - Started @4693ms
2019-09-26 13:15:11,685 [main] WARN  impl.MetricsSystemImpl (MetricsSystemImpl.java:register(276)) - Sink prometheus already exists!
2019-09-26 13:15:11,686 [main] INFO  server.BaseHttpServer (BaseHttpServer.java:updateConnectorAddress(215)) - HTTP server of OZONEMANAGER is listening at http://0.0.0.0:46089
2019-09-26 13:15:11,999 [main] INFO  impl.MetricsSystemImpl (MetricsSystemImpl.java:init(158)) - HddsDatanode metrics system started (again)
2019-09-26 13:15:12,048 [main] INFO  ozone.HddsDatanodeService (HddsDatanodeService.java:start(184)) - HddsDatanodeService host:pr-hdds-1569-87zkn-1081879488 ip:192.168.164.238
2019-09-26 13:15:12,082 [main] INFO  volume.HddsVolume (HddsVolume.java:<init>(176)) - Creating Volume: /workdir/hadoop-ozone/integration-test/target/test-dir/MiniOzoneClusterImpl-a863f920-e703-48bd-ac3b-b0b5d168c43d/datanode-0/data/containers/hdds of  storage type : DISK and capacity : 1482555576320
2019-09-26 13:15:12,084 [main] INFO  volume.VolumeSet (VolumeSet.java:initializeVolumeSet(170)) - Added Volume : /workdir/hadoop-ozone/integration-test/target/test-dir/MiniOzoneClusterImpl-a863f920-e703-48bd-ac3b-b0b5d168c43d/datanode-0/data/containers/hdds to VolumeSet
2019-09-26 13:15:12,088 [main] INFO  volume.ThrottledAsyncChecker (ThrottledAsyncChecker.java:schedule(139)) - Scheduling a check for org.apache.hadoop.ozone.container.common.volume.HddsVolume@7e2f86e6
2019-09-26 13:15:12,105 [main] INFO  volume.HddsVolumeChecker (HddsVolumeChecker.java:checkAllVolumes(202)) - Scheduled health check for volume org.apache.hadoop.ozone.container.common.volume.HddsVolume@7e2f86e6
2019-09-26 13:15:12,211 [main] INFO  impl.RaftServerProxy (ConfUtils.java:logGet(43)) - raft.rpc.type = GRPC (default)
2019-09-26 13:15:12,273 [main] INFO  grpc.GrpcFactory (GrpcFactory.java:checkPooledByteBufAllocatorUseCacheForAllThreads(45)) - PERFORMANCE WARNING: useCacheForAllThreads is true that may cause Netty to create a lot garbage objects and, as a result, trigger GC.
	It is recommended to disable useCacheForAllThreads by setting -Dorg.apache.ratis.thirdparty.io.netty.allocator.useCacheForAllThreads=false in command line.
2019-09-26 13:15:12,278 [main] INFO  grpc.GrpcConfigKeys$Server (ConfUtils.java:logGet(43)) - raft.grpc.server.port = 0 (default)
2019-09-26 13:15:12,279 [main] INFO  server.GrpcService (ConfUtils.java:logGet(43)) - raft.grpc.message.size.max = 33570816 (custom)
2019-09-26 13:15:12,280 [main] INFO  server.RaftServerConfigKeys (ConfUtils.java:logGet(43)) - raft.server.log.appender.buffer.byte-limit = 33554432 (custom)
2019-09-26 13:15:12,281 [main] INFO  server.GrpcService (ConfUtils.java:logGet(43)) - raft.grpc.flow.control.window = 1MB (=1048576) (default)
2019-09-26 13:15:12,282 [main] INFO  server.RaftServerConfigKeys (ConfUtils.java:logGet(43)) - raft.server.rpc.request.timeout = 3000ms (default)
2019-09-26 13:15:12,429 [main] INFO  server.RaftServerConfigKeys (ConfUtils.java:logGet(43)) - raft.server.storage.dir = [/workdir/hadoop-ozone/integration-test/target/test-dir/MiniOzoneClusterImpl-a863f920-e703-48bd-ac3b-b0b5d168c43d/datanode-0/data/ratis] (custom)
2019-09-26 13:15:12,482 [main] INFO  hdfs.DFSUtil (DFSUtil.java:httpServerTemplateForNNAndJN(1641)) - Starting Web-server for hddsDatanode at: http://0.0.0.0:0
2019-09-26 13:15:12,484 [main] INFO  server.AuthenticationFilter (AuthenticationFilter.java:constructSecretProvider(240)) - Unable to initialize FileSignerSecretProvider, falling back to use random secrets.
2019-09-26 13:15:12,485 [main] WARN  http.HttpRequestLog (HttpRequestLog.java:getRequestLog(97)) - Jetty request log can only be enabled using Log4j
2019-09-26 13:15:12,488 [main] INFO  http.HttpServer2 (HttpServer2.java:addGlobalFilter(975)) - Added global filter 'safety' (class=org.apache.hadoop.http.HttpServer2$QuotingInputFilter)
2019-09-26 13:15:12,490 [main] INFO  http.HttpServer2 (HttpServer2.java:addFilter(948)) - Added filter static_user_filter (class=org.apache.hadoop.http.lib.StaticUserWebFilter$StaticUserFilter) to context hddsDatanode
2019-09-26 13:15:12,490 [main] INFO  http.HttpServer2 (HttpServer2.java:addFilter(958)) - Added filter static_user_filter (class=org.apache.hadoop.http.lib.StaticUserWebFilter$StaticUserFilter) to context static
2019-09-26 13:15:12,490 [main] INFO  http.HttpServer2 (HttpServer2.java:addFilter(958)) - Added filter static_user_filter (class=org.apache.hadoop.http.lib.StaticUserWebFilter$StaticUserFilter) to context logs
2019-09-26 13:15:12,492 [main] INFO  http.HttpServer2 (HttpServer2.java:bindListener(1191)) - Jetty bound to port 45575
2019-09-26 13:15:12,492 [main] INFO  server.Server (Server.java:doStart(351)) - jetty-9.3.25.v20180904, build timestamp: 2018-09-04T21:11:46Z, git hash: 3ce520221d0240229c862b122d2b06c12a625732
2019-09-26 13:15:12,495 [main] INFO  handler.ContextHandler (ContextHandler.java:doStart(781)) - Started o.e.j.s.ServletContextHandler@46c269e0{/logs,file:///workdir/hadoop-ozone/integration-test/target/log,AVAILABLE}
2019-09-26 13:15:12,496 [main] INFO  handler.ContextHandler (ContextHandler.java:doStart(781)) - Started o.e.j.s.ServletContextHandler@6069dd38{/static,jar:file:/home/user/.m2/repository/org/apache/hadoop/hadoop-hdds-container-service/0.5.0-SNAPSHOT/hadoop-hdds-container-service-0.5.0-SNAPSHOT.jar!/webapps/static,AVAILABLE}
2019-09-26 13:15:12,544 [main] INFO  handler.ContextHandler (ContextHandler.java:doStart(781)) - Started o.e.j.w.WebAppContext@7a0e7ecd{/,file:///tmp/jetty-0.0.0.0-45575-hddsDatanode-_-any-3753226107607935950.dir/webapp/,AVAILABLE}{/hddsDatanode}
2019-09-26 13:15:12,546 [main] INFO  server.AbstractConnector (AbstractConnector.java:doStart(278)) - Started ServerConnector@54e3658c{HTTP/1.1,[http/1.1]}{0.0.0.0:45575}
2019-09-26 13:15:12,547 [main] INFO  server.Server (Server.java:doStart(419)) - Started @5555ms
2019-09-26 13:15:12,547 [main] WARN  impl.MetricsSystemImpl (MetricsSystemImpl.java:register(276)) - Sink prometheus already exists!
2019-09-26 13:15:12,548 [main] INFO  server.BaseHttpServer (BaseHttpServer.java:updateConnectorAddress(215)) - HTTP server of HDDSDATANODE is listening at http://0.0.0.0:45575
2019-09-26 13:15:12,549 [main] INFO  impl.MetricsSystemImpl (MetricsSystemImpl.java:init(158)) - HddsDatanode metrics system started (again)
2019-09-26 13:15:12,552 [main] INFO  ozone.HddsDatanodeService (HddsDatanodeService.java:start(184)) - HddsDatanodeService host:pr-hdds-1569-87zkn-1081879488 ip:192.168.164.238
2019-09-26 13:15:12,556 [org.apache.hadoop.util.JvmPauseMonitor$Monitor@7f57622e] INFO  util.JvmPauseMonitor (JvmPauseMonitor.java:run(188)) - Starting JVM pause monitor
2019-09-26 13:15:12,561 [main] INFO  volume.HddsVolume (HddsVolume.java:<init>(176)) - Creating Volume: /workdir/hadoop-ozone/integration-test/target/test-dir/MiniOzoneClusterImpl-a863f920-e703-48bd-ac3b-b0b5d168c43d/datanode-1/data/containers/hdds of  storage type : DISK and capacity : 1482555576320
2019-09-26 13:15:12,562 [main] INFO  volume.VolumeSet (VolumeSet.java:initializeVolumeSet(170)) - Added Volume : /workdir/hadoop-ozone/integration-test/target/test-dir/MiniOzoneClusterImpl-a863f920-e703-48bd-ac3b-b0b5d168c43d/datanode-1/data/containers/hdds to VolumeSet
2019-09-26 13:15:12,562 [main] INFO  volume.ThrottledAsyncChecker (ThrottledAsyncChecker.java:schedule(139)) - Scheduling a check for org.apache.hadoop.ozone.container.common.volume.HddsVolume@e84fb85
2019-09-26 13:15:12,564 [main] INFO  volume.HddsVolumeChecker (HddsVolumeChecker.java:checkAllVolumes(202)) - Scheduled health check for volume org.apache.hadoop.ozone.container.common.volume.HddsVolume@e84fb85
2019-09-26 13:15:12,588 [main] INFO  impl.RaftServerProxy (ConfUtils.java:logGet(43)) - raft.rpc.type = GRPC (default)
2019-09-26 13:15:12,588 [main] INFO  grpc.GrpcFactory (GrpcFactory.java:checkPooledByteBufAllocatorUseCacheForAllThreads(45)) - PERFORMANCE WARNING: useCacheForAllThreads is true that may cause Netty to create a lot garbage objects and, as a result, trigger GC.
	It is recommended to disable useCacheForAllThreads by setting -Dorg.apache.ratis.thirdparty.io.netty.allocator.useCacheForAllThreads=false in command line.
2019-09-26 13:15:12,589 [main] INFO  grpc.GrpcConfigKeys$Server (ConfUtils.java:logGet(43)) - raft.grpc.server.port = 0 (default)
2019-09-26 13:15:12,589 [main] INFO  server.GrpcService (ConfUtils.java:logGet(43)) - raft.grpc.message.size.max = 33570816 (custom)
2019-09-26 13:15:12,590 [main] INFO  server.RaftServerConfigKeys (ConfUtils.java:logGet(43)) - raft.server.log.appender.buffer.byte-limit = 33554432 (custom)
2019-09-26 13:15:12,590 [main] INFO  server.GrpcService (ConfUtils.java:logGet(43)) - raft.grpc.flow.control.window = 1MB (=1048576) (default)
2019-09-26 13:15:12,591 [main] INFO  server.RaftServerConfigKeys (ConfUtils.java:logGet(43)) - raft.server.rpc.request.timeout = 3000ms (default)
2019-09-26 13:15:12,591 [main] INFO  server.RaftServerConfigKeys (ConfUtils.java:logGet(43)) - raft.server.storage.dir = [/workdir/hadoop-ozone/integration-test/target/test-dir/MiniOzoneClusterImpl-a863f920-e703-48bd-ac3b-b0b5d168c43d/datanode-1/data/ratis] (custom)
2019-09-26 13:15:12,594 [main] INFO  hdfs.DFSUtil (DFSUtil.java:httpServerTemplateForNNAndJN(1641)) - Starting Web-server for hddsDatanode at: http://0.0.0.0:0
2019-09-26 13:15:12,596 [main] INFO  server.AuthenticationFilter (AuthenticationFilter.java:constructSecretProvider(240)) - Unable to initialize FileSignerSecretProvider, falling back to use random secrets.
2019-09-26 13:15:12,597 [main] WARN  http.HttpRequestLog (HttpRequestLog.java:getRequestLog(97)) - Jetty request log can only be enabled using Log4j
2019-09-26 13:15:12,601 [main] INFO  http.HttpServer2 (HttpServer2.java:addGlobalFilter(975)) - Added global filter 'safety' (class=org.apache.hadoop.http.HttpServer2$QuotingInputFilter)
2019-09-26 13:15:12,602 [main] INFO  http.HttpServer2 (HttpServer2.java:addFilter(948)) - Added filter static_user_filter (class=org.apache.hadoop.http.lib.StaticUserWebFilter$StaticUserFilter) to context hddsDatanode
2019-09-26 13:15:12,602 [main] INFO  http.HttpServer2 (HttpServer2.java:addFilter(958)) - Added filter static_user_filter (class=org.apache.hadoop.http.lib.StaticUserWebFilter$StaticUserFilter) to context static
2019-09-26 13:15:12,602 [main] INFO  http.HttpServer2 (HttpServer2.java:addFilter(958)) - Added filter static_user_filter (class=org.apache.hadoop.http.lib.StaticUserWebFilter$StaticUserFilter) to context logs
2019-09-26 13:15:12,604 [main] INFO  http.HttpServer2 (HttpServer2.java:bindListener(1191)) - Jetty bound to port 33262
2019-09-26 13:15:12,604 [main] INFO  server.Server (Server.java:doStart(351)) - jetty-9.3.25.v20180904, build timestamp: 2018-09-04T21:11:46Z, git hash: 3ce520221d0240229c862b122d2b06c12a625732
2019-09-26 13:15:12,608 [main] INFO  handler.ContextHandler (ContextHandler.java:doStart(781)) - Started o.e.j.s.ServletContextHandler@15400fff{/logs,file:///workdir/hadoop-ozone/integration-test/target/log,AVAILABLE}
2019-09-26 13:15:12,609 [main] INFO  handler.ContextHandler (ContextHandler.java:doStart(781)) - Started o.e.j.s.ServletContextHandler@1e7ab390{/static,jar:file:/home/user/.m2/repository/org/apache/hadoop/hadoop-hdds-container-service/0.5.0-SNAPSHOT/hadoop-hdds-container-service-0.5.0-SNAPSHOT.jar!/webapps/static,AVAILABLE}
2019-09-26 13:15:12,654 [main] INFO  handler.ContextHandler (ContextHandler.java:doStart(781)) - Started o.e.j.w.WebAppContext@6f94a5a5{/,file:///tmp/jetty-0.0.0.0-33262-hddsDatanode-_-any-5415196532211998877.dir/webapp/,AVAILABLE}{/hddsDatanode}
2019-09-26 13:15:12,655 [main] INFO  server.AbstractConnector (AbstractConnector.java:doStart(278)) - Started ServerConnector@455c1d8c{HTTP/1.1,[http/1.1]}{0.0.0.0:33262}
2019-09-26 13:15:12,655 [main] INFO  server.Server (Server.java:doStart(419)) - Started @5664ms
2019-09-26 13:15:12,656 [main] WARN  impl.MetricsSystemImpl (MetricsSystemImpl.java:register(276)) - Sink prometheus already exists!
2019-09-26 13:15:12,657 [main] INFO  server.BaseHttpServer (BaseHttpServer.java:updateConnectorAddress(215)) - HTTP server of HDDSDATANODE is listening at http://0.0.0.0:33262
2019-09-26 13:15:12,658 [main] INFO  impl.MetricsSystemImpl (MetricsSystemImpl.java:init(158)) - HddsDatanode metrics system started (again)
2019-09-26 13:15:12,662 [org.apache.hadoop.util.JvmPauseMonitor$Monitor@ab9dce1] INFO  util.JvmPauseMonitor (JvmPauseMonitor.java:run(188)) - Starting JVM pause monitor
2019-09-26 13:15:12,663 [main] INFO  ozone.HddsDatanodeService (HddsDatanodeService.java:start(184)) - HddsDatanodeService host:pr-hdds-1569-87zkn-1081879488 ip:192.168.164.238
2019-09-26 13:15:12,668 [Datanode State Machine Thread - 0] INFO  datanode.InitDatanodeState (InitDatanodeState.java:persistContainerDatanodeDetails(140)) - DatanodeDetails is persisted to /workdir/hadoop-ozone/integration-test/target/test-dir/MiniOzoneClusterImpl-a863f920-e703-48bd-ac3b-b0b5d168c43d/datanode-0/meta/datanode.id
2019-09-26 13:15:12,673 [main] INFO  volume.HddsVolume (HddsVolume.java:<init>(176)) - Creating Volume: /workdir/hadoop-ozone/integration-test/target/test-dir/MiniOzoneClusterImpl-a863f920-e703-48bd-ac3b-b0b5d168c43d/datanode-2/data/containers/hdds of  storage type : DISK and capacity : 1482555576320
2019-09-26 13:15:12,674 [main] INFO  volume.VolumeSet (VolumeSet.java:initializeVolumeSet(170)) - Added Volume : /workdir/hadoop-ozone/integration-test/target/test-dir/MiniOzoneClusterImpl-a863f920-e703-48bd-ac3b-b0b5d168c43d/datanode-2/data/containers/hdds to VolumeSet
2019-09-26 13:15:12,674 [main] INFO  volume.ThrottledAsyncChecker (ThrottledAsyncChecker.java:schedule(139)) - Scheduling a check for org.apache.hadoop.ozone.container.common.volume.HddsVolume@5b5e7036
2019-09-26 13:15:12,674 [Datanode State Machine Thread - 0] INFO  datanode.InitDatanodeState (InitDatanodeState.java:persistContainerDatanodeDetails(140)) - DatanodeDetails is persisted to /workdir/hadoop-ozone/integration-test/target/test-dir/MiniOzoneClusterImpl-a863f920-e703-48bd-ac3b-b0b5d168c43d/datanode-1/meta/datanode.id
2019-09-26 13:15:12,675 [main] INFO  volume.HddsVolumeChecker (HddsVolumeChecker.java:checkAllVolumes(202)) - Scheduled health check for volume org.apache.hadoop.ozone.container.common.volume.HddsVolume@5b5e7036
2019-09-26 13:15:12,693 [main] INFO  impl.RaftServerProxy (ConfUtils.java:logGet(43)) - raft.rpc.type = GRPC (default)
2019-09-26 13:15:12,694 [main] INFO  grpc.GrpcFactory (GrpcFactory.java:checkPooledByteBufAllocatorUseCacheForAllThreads(45)) - PERFORMANCE WARNING: useCacheForAllThreads is true that may cause Netty to create a lot garbage objects and, as a result, trigger GC.
	It is recommended to disable useCacheForAllThreads by setting -Dorg.apache.ratis.thirdparty.io.netty.allocator.useCacheForAllThreads=false in command line.
2019-09-26 13:15:12,694 [main] INFO  grpc.GrpcConfigKeys$Server (ConfUtils.java:logGet(43)) - raft.grpc.server.port = 0 (default)
2019-09-26 13:15:12,694 [main] INFO  server.GrpcService (ConfUtils.java:logGet(43)) - raft.grpc.message.size.max = 33570816 (custom)
2019-09-26 13:15:12,695 [main] INFO  server.RaftServerConfigKeys (ConfUtils.java:logGet(43)) - raft.server.log.appender.buffer.byte-limit = 33554432 (custom)
2019-09-26 13:15:12,695 [main] INFO  server.GrpcService (ConfUtils.java:logGet(43)) - raft.grpc.flow.control.window = 1MB (=1048576) (default)
2019-09-26 13:15:12,695 [main] INFO  server.RaftServerConfigKeys (ConfUtils.java:logGet(43)) - raft.server.rpc.request.timeout = 3000ms (default)
2019-09-26 13:15:12,696 [main] INFO  server.RaftServerConfigKeys (ConfUtils.java:logGet(43)) - raft.server.storage.dir = [/workdir/hadoop-ozone/integration-test/target/test-dir/MiniOzoneClusterImpl-a863f920-e703-48bd-ac3b-b0b5d168c43d/datanode-2/data/ratis] (custom)
2019-09-26 13:15:12,699 [main] INFO  hdfs.DFSUtil (DFSUtil.java:httpServerTemplateForNNAndJN(1641)) - Starting Web-server for hddsDatanode at: http://0.0.0.0:0
2019-09-26 13:15:12,700 [main] INFO  server.AuthenticationFilter (AuthenticationFilter.java:constructSecretProvider(240)) - Unable to initialize FileSignerSecretProvider, falling back to use random secrets.
2019-09-26 13:15:12,701 [main] WARN  http.HttpRequestLog (HttpRequestLog.java:getRequestLog(97)) - Jetty request log can only be enabled using Log4j
2019-09-26 13:15:12,703 [main] INFO  http.HttpServer2 (HttpServer2.java:addGlobalFilter(975)) - Added global filter 'safety' (class=org.apache.hadoop.http.HttpServer2$QuotingInputFilter)
2019-09-26 13:15:12,704 [main] INFO  http.HttpServer2 (HttpServer2.java:addFilter(948)) - Added filter static_user_filter (class=org.apache.hadoop.http.lib.StaticUserWebFilter$StaticUserFilter) to context hddsDatanode
2019-09-26 13:15:12,704 [main] INFO  http.HttpServer2 (HttpServer2.java:addFilter(958)) - Added filter static_user_filter (class=org.apache.hadoop.http.lib.StaticUserWebFilter$StaticUserFilter) to context logs
2019-09-26 13:15:12,704 [main] INFO  http.HttpServer2 (HttpServer2.java:addFilter(958)) - Added filter static_user_filter (class=org.apache.hadoop.http.lib.StaticUserWebFilter$StaticUserFilter) to context static
2019-09-26 13:15:12,705 [main] INFO  http.HttpServer2 (HttpServer2.java:bindListener(1191)) - Jetty bound to port 45986
2019-09-26 13:15:12,705 [main] INFO  server.Server (Server.java:doStart(351)) - jetty-9.3.25.v20180904, build timestamp: 2018-09-04T21:11:46Z, git hash: 3ce520221d0240229c862b122d2b06c12a625732
2019-09-26 13:15:12,707 [main] INFO  handler.ContextHandler (ContextHandler.java:doStart(781)) - Started o.e.j.s.ServletContextHandler@54d8c20d{/logs,file:///workdir/hadoop-ozone/integration-test/target/log,AVAILABLE}
2019-09-26 13:15:12,708 [main] INFO  handler.ContextHandler (ContextHandler.java:doStart(781)) - Started o.e.j.s.ServletContextHandler@44536de4{/static,jar:file:/home/user/.m2/repository/org/apache/hadoop/hadoop-hdds-container-service/0.5.0-SNAPSHOT/hadoop-hdds-container-service-0.5.0-SNAPSHOT.jar!/webapps/static,AVAILABLE}
2019-09-26 13:15:12,740 [main] INFO  handler.ContextHandler (ContextHandler.java:doStart(781)) - Started o.e.j.w.WebAppContext@2f2bff16{/,file:///tmp/jetty-0.0.0.0-45986-hddsDatanode-_-any-1533887129253548390.dir/webapp/,AVAILABLE}{/hddsDatanode}
2019-09-26 13:15:12,741 [main] INFO  server.AbstractConnector (AbstractConnector.java:doStart(278)) - Started ServerConnector@75de29c0{HTTP/1.1,[http/1.1]}{0.0.0.0:45986}
2019-09-26 13:15:12,742 [main] INFO  server.Server (Server.java:doStart(419)) - Started @5750ms
2019-09-26 13:15:12,743 [main] WARN  impl.MetricsSystemImpl (MetricsSystemImpl.java:register(276)) - Sink prometheus already exists!
2019-09-26 13:15:12,744 [main] INFO  server.BaseHttpServer (BaseHttpServer.java:updateConnectorAddress(215)) - HTTP server of HDDSDATANODE is listening at http://0.0.0.0:45986
2019-09-26 13:15:12,744 [main] INFO  impl.MetricsSystemImpl (MetricsSystemImpl.java:init(158)) - HddsDatanode metrics system started (again)
2019-09-26 13:15:12,747 [org.apache.hadoop.util.JvmPauseMonitor$Monitor@5f3d8ba0] INFO  util.JvmPauseMonitor (JvmPauseMonitor.java:run(188)) - Starting JVM pause monitor
2019-09-26 13:15:12,748 [main] INFO  ozone.HddsDatanodeService (HddsDatanodeService.java:start(184)) - HddsDatanodeService host:pr-hdds-1569-87zkn-1081879488 ip:192.168.164.238
2019-09-26 13:15:12,750 [Datanode State Machine Thread - 0] INFO  datanode.InitDatanodeState (InitDatanodeState.java:persistContainerDatanodeDetails(140)) - DatanodeDetails is persisted to /workdir/hadoop-ozone/integration-test/target/test-dir/MiniOzoneClusterImpl-a863f920-e703-48bd-ac3b-b0b5d168c43d/datanode-2/meta/datanode.id
2019-09-26 13:15:12,756 [main] INFO  volume.HddsVolume (HddsVolume.java:<init>(176)) - Creating Volume: /workdir/hadoop-ozone/integration-test/target/test-dir/MiniOzoneClusterImpl-a863f920-e703-48bd-ac3b-b0b5d168c43d/datanode-3/data/containers/hdds of  storage type : DISK and capacity : 1482555576320
2019-09-26 13:15:12,756 [main] INFO  volume.VolumeSet (VolumeSet.java:initializeVolumeSet(170)) - Added Volume : /workdir/hadoop-ozone/integration-test/target/test-dir/MiniOzoneClusterImpl-a863f920-e703-48bd-ac3b-b0b5d168c43d/datanode-3/data/containers/hdds to VolumeSet
2019-09-26 13:15:12,756 [main] INFO  volume.ThrottledAsyncChecker (ThrottledAsyncChecker.java:schedule(139)) - Scheduling a check for org.apache.hadoop.ozone.container.common.volume.HddsVolume@dc4a691
2019-09-26 13:15:12,757 [main] INFO  volume.HddsVolumeChecker (HddsVolumeChecker.java:checkAllVolumes(202)) - Scheduled health check for volume org.apache.hadoop.ozone.container.common.volume.HddsVolume@dc4a691
2019-09-26 13:15:12,771 [main] INFO  impl.RaftServerProxy (ConfUtils.java:logGet(43)) - raft.rpc.type = GRPC (default)
2019-09-26 13:15:12,771 [main] INFO  grpc.GrpcFactory (GrpcFactory.java:checkPooledByteBufAllocatorUseCacheForAllThreads(45)) - PERFORMANCE WARNING: useCacheForAllThreads is true that may cause Netty to create a lot garbage objects and, as a result, trigger GC.
	It is recommended to disable useCacheForAllThreads by setting -Dorg.apache.ratis.thirdparty.io.netty.allocator.useCacheForAllThreads=false in command line.
2019-09-26 13:15:12,771 [main] INFO  grpc.GrpcConfigKeys$Server (ConfUtils.java:logGet(43)) - raft.grpc.server.port = 0 (default)
2019-09-26 13:15:12,772 [main] INFO  server.GrpcService (ConfUtils.java:logGet(43)) - raft.grpc.message.size.max = 33570816 (custom)
2019-09-26 13:15:12,772 [main] INFO  server.RaftServerConfigKeys (ConfUtils.java:logGet(43)) - raft.server.log.appender.buffer.byte-limit = 33554432 (custom)
2019-09-26 13:15:12,772 [main] INFO  server.GrpcService (ConfUtils.java:logGet(43)) - raft.grpc.flow.control.window = 1MB (=1048576) (default)
2019-09-26 13:15:12,772 [main] INFO  server.RaftServerConfigKeys (ConfUtils.java:logGet(43)) - raft.server.rpc.request.timeout = 3000ms (default)
2019-09-26 13:15:12,773 [main] INFO  server.RaftServerConfigKeys (ConfUtils.java:logGet(43)) - raft.server.storage.dir = [/workdir/hadoop-ozone/integration-test/target/test-dir/MiniOzoneClusterImpl-a863f920-e703-48bd-ac3b-b0b5d168c43d/datanode-3/data/ratis] (custom)
2019-09-26 13:15:12,774 [main] INFO  hdfs.DFSUtil (DFSUtil.java:httpServerTemplateForNNAndJN(1641)) - Starting Web-server for hddsDatanode at: http://0.0.0.0:0
2019-09-26 13:15:12,776 [main] INFO  server.AuthenticationFilter (AuthenticationFilter.java:constructSecretProvider(240)) - Unable to initialize FileSignerSecretProvider, falling back to use random secrets.
2019-09-26 13:15:12,776 [main] WARN  http.HttpRequestLog (HttpRequestLog.java:getRequestLog(97)) - Jetty request log can only be enabled using Log4j
2019-09-26 13:15:12,778 [main] INFO  http.HttpServer2 (HttpServer2.java:addGlobalFilter(975)) - Added global filter 'safety' (class=org.apache.hadoop.http.HttpServer2$QuotingInputFilter)
2019-09-26 13:15:12,778 [main] INFO  http.HttpServer2 (HttpServer2.java:addFilter(948)) - Added filter static_user_filter (class=org.apache.hadoop.http.lib.StaticUserWebFilter$StaticUserFilter) to context hddsDatanode
2019-09-26 13:15:12,779 [main] INFO  http.HttpServer2 (HttpServer2.java:addFilter(958)) - Added filter static_user_filter (class=org.apache.hadoop.http.lib.StaticUserWebFilter$StaticUserFilter) to context static
2019-09-26 13:15:12,779 [main] INFO  http.HttpServer2 (HttpServer2.java:addFilter(958)) - Added filter static_user_filter (class=org.apache.hadoop.http.lib.StaticUserWebFilter$StaticUserFilter) to context logs
2019-09-26 13:15:12,780 [main] INFO  http.HttpServer2 (HttpServer2.java:bindListener(1191)) - Jetty bound to port 43019
2019-09-26 13:15:12,780 [main] INFO  server.Server (Server.java:doStart(351)) - jetty-9.3.25.v20180904, build timestamp: 2018-09-04T21:11:46Z, git hash: 3ce520221d0240229c862b122d2b06c12a625732
2019-09-26 13:15:12,786 [main] INFO  handler.ContextHandler (ContextHandler.java:doStart(781)) - Started o.e.j.s.ServletContextHandler@517a2b0{/logs,file:///workdir/hadoop-ozone/integration-test/target/log,AVAILABLE}
2019-09-26 13:15:12,787 [main] INFO  handler.ContextHandler (ContextHandler.java:doStart(781)) - Started o.e.j.s.ServletContextHandler@36480b2d{/static,jar:file:/home/user/.m2/repository/org/apache/hadoop/hadoop-hdds-container-service/0.5.0-SNAPSHOT/hadoop-hdds-container-service-0.5.0-SNAPSHOT.jar!/webapps/static,AVAILABLE}
2019-09-26 13:15:12,817 [main] INFO  handler.ContextHandler (ContextHandler.java:doStart(781)) - Started o.e.j.w.WebAppContext@1fb2d5e{/,file:///tmp/jetty-0.0.0.0-43019-hddsDatanode-_-any-8641041394170047971.dir/webapp/,AVAILABLE}{/hddsDatanode}
2019-09-26 13:15:12,817 [main] INFO  server.AbstractConnector (AbstractConnector.java:doStart(278)) - Started ServerConnector@1716e8c5{HTTP/1.1,[http/1.1]}{0.0.0.0:43019}
2019-09-26 13:15:12,818 [main] INFO  server.Server (Server.java:doStart(419)) - Started @5827ms
2019-09-26 13:15:12,818 [main] WARN  impl.MetricsSystemImpl (MetricsSystemImpl.java:register(276)) - Sink prometheus already exists!
2019-09-26 13:15:12,820 [main] INFO  server.BaseHttpServer (BaseHttpServer.java:updateConnectorAddress(215)) - HTTP server of HDDSDATANODE is listening at http://0.0.0.0:43019
2019-09-26 13:15:12,821 [main] INFO  impl.MetricsSystemImpl (MetricsSystemImpl.java:init(158)) - HddsDatanode metrics system started (again)
2019-09-26 13:15:12,825 [org.apache.hadoop.util.JvmPauseMonitor$Monitor@347c326c] INFO  util.JvmPauseMonitor (JvmPauseMonitor.java:run(188)) - Starting JVM pause monitor
2019-09-26 13:15:12,825 [main] INFO  ozone.HddsDatanodeService (HddsDatanodeService.java:start(184)) - HddsDatanodeService host:pr-hdds-1569-87zkn-1081879488 ip:192.168.164.238
2019-09-26 13:15:12,829 [Datanode State Machine Thread - 0] INFO  datanode.InitDatanodeState (InitDatanodeState.java:persistContainerDatanodeDetails(140)) - DatanodeDetails is persisted to /workdir/hadoop-ozone/integration-test/target/test-dir/MiniOzoneClusterImpl-a863f920-e703-48bd-ac3b-b0b5d168c43d/datanode-3/meta/datanode.id
2019-09-26 13:15:12,836 [main] INFO  volume.HddsVolume (HddsVolume.java:<init>(176)) - Creating Volume: /workdir/hadoop-ozone/integration-test/target/test-dir/MiniOzoneClusterImpl-a863f920-e703-48bd-ac3b-b0b5d168c43d/datanode-4/data/containers/hdds of  storage type : DISK and capacity : 1482555576320
2019-09-26 13:15:12,837 [main] INFO  volume.VolumeSet (VolumeSet.java:initializeVolumeSet(170)) - Added Volume : /workdir/hadoop-ozone/integration-test/target/test-dir/MiniOzoneClusterImpl-a863f920-e703-48bd-ac3b-b0b5d168c43d/datanode-4/data/containers/hdds to VolumeSet
2019-09-26 13:15:12,837 [main] INFO  volume.ThrottledAsyncChecker (ThrottledAsyncChecker.java:schedule(139)) - Scheduling a check for org.apache.hadoop.ozone.container.common.volume.HddsVolume@44f24a20
2019-09-26 13:15:12,838 [main] INFO  volume.HddsVolumeChecker (HddsVolumeChecker.java:checkAllVolumes(202)) - Scheduled health check for volume org.apache.hadoop.ozone.container.common.volume.HddsVolume@44f24a20
2019-09-26 13:15:12,853 [main] INFO  impl.RaftServerProxy (ConfUtils.java:logGet(43)) - raft.rpc.type = GRPC (default)
2019-09-26 13:15:12,853 [main] INFO  grpc.GrpcFactory (GrpcFactory.java:checkPooledByteBufAllocatorUseCacheForAllThreads(45)) - PERFORMANCE WARNING: useCacheForAllThreads is true that may cause Netty to create a lot garbage objects and, as a result, trigger GC.
	It is recommended to disable useCacheForAllThreads by setting -Dorg.apache.ratis.thirdparty.io.netty.allocator.useCacheForAllThreads=false in command line.
2019-09-26 13:15:12,853 [main] INFO  grpc.GrpcConfigKeys$Server (ConfUtils.java:logGet(43)) - raft.grpc.server.port = 0 (default)
2019-09-26 13:15:12,854 [main] INFO  server.GrpcService (ConfUtils.java:logGet(43)) - raft.grpc.message.size.max = 33570816 (custom)
2019-09-26 13:15:12,854 [main] INFO  server.RaftServerConfigKeys (ConfUtils.java:logGet(43)) - raft.server.log.appender.buffer.byte-limit = 33554432 (custom)
2019-09-26 13:15:12,854 [main] INFO  server.GrpcService (ConfUtils.java:logGet(43)) - raft.grpc.flow.control.window = 1MB (=1048576) (default)
2019-09-26 13:15:12,854 [main] INFO  server.RaftServerConfigKeys (ConfUtils.java:logGet(43)) - raft.server.rpc.request.timeout = 3000ms (default)
2019-09-26 13:15:12,855 [main] INFO  server.RaftServerConfigKeys (ConfUtils.java:logGet(43)) - raft.server.storage.dir = [/workdir/hadoop-ozone/integration-test/target/test-dir/MiniOzoneClusterImpl-a863f920-e703-48bd-ac3b-b0b5d168c43d/datanode-4/data/ratis] (custom)
2019-09-26 13:15:12,857 [main] INFO  hdfs.DFSUtil (DFSUtil.java:httpServerTemplateForNNAndJN(1641)) - Starting Web-server for hddsDatanode at: http://0.0.0.0:0
2019-09-26 13:15:12,858 [main] INFO  server.AuthenticationFilter (AuthenticationFilter.java:constructSecretProvider(240)) - Unable to initialize FileSignerSecretProvider, falling back to use random secrets.
2019-09-26 13:15:12,859 [main] WARN  http.HttpRequestLog (HttpRequestLog.java:getRequestLog(97)) - Jetty request log can only be enabled using Log4j
2019-09-26 13:15:12,861 [main] INFO  http.HttpServer2 (HttpServer2.java:addGlobalFilter(975)) - Added global filter 'safety' (class=org.apache.hadoop.http.HttpServer2$QuotingInputFilter)
2019-09-26 13:15:12,861 [main] INFO  http.HttpServer2 (HttpServer2.java:addFilter(948)) - Added filter static_user_filter (class=org.apache.hadoop.http.lib.StaticUserWebFilter$StaticUserFilter) to context hddsDatanode
2019-09-26 13:15:12,862 [main] INFO  http.HttpServer2 (HttpServer2.java:addFilter(958)) - Added filter static_user_filter (class=org.apache.hadoop.http.lib.StaticUserWebFilter$StaticUserFilter) to context static
2019-09-26 13:15:12,862 [main] INFO  http.HttpServer2 (HttpServer2.java:addFilter(958)) - Added filter static_user_filter (class=org.apache.hadoop.http.lib.StaticUserWebFilter$StaticUserFilter) to context logs
2019-09-26 13:15:12,863 [main] INFO  http.HttpServer2 (HttpServer2.java:bindListener(1191)) - Jetty bound to port 42840
2019-09-26 13:15:12,863 [main] INFO  server.Server (Server.java:doStart(351)) - jetty-9.3.25.v20180904, build timestamp: 2018-09-04T21:11:46Z, git hash: 3ce520221d0240229c862b122d2b06c12a625732
2019-09-26 13:15:12,865 [main] INFO  handler.ContextHandler (ContextHandler.java:doStart(781)) - Started o.e.j.s.ServletContextHandler@333c8791{/logs,file:///workdir/hadoop-ozone/integration-test/target/log,AVAILABLE}
2019-09-26 13:15:12,866 [main] INFO  handler.ContextHandler (ContextHandler.java:doStart(781)) - Started o.e.j.s.ServletContextHandler@22eaa86e{/static,jar:file:/home/user/.m2/repository/org/apache/hadoop/hadoop-hdds-container-service/0.5.0-SNAPSHOT/hadoop-hdds-container-service-0.5.0-SNAPSHOT.jar!/webapps/static,AVAILABLE}
2019-09-26 13:15:12,909 [main] INFO  handler.ContextHandler (ContextHandler.java:doStart(781)) - Started o.e.j.w.WebAppContext@a5272be{/,file:///tmp/jetty-0.0.0.0-42840-hddsDatanode-_-any-7771840241143744579.dir/webapp/,AVAILABLE}{/hddsDatanode}
2019-09-26 13:15:12,910 [main] INFO  server.AbstractConnector (AbstractConnector.java:doStart(278)) - Started ServerConnector@58ba5b30{HTTP/1.1,[http/1.1]}{0.0.0.0:42840}
2019-09-26 13:15:12,911 [main] INFO  server.Server (Server.java:doStart(419)) - Started @5920ms
2019-09-26 13:15:12,912 [main] WARN  impl.MetricsSystemImpl (MetricsSystemImpl.java:register(276)) - Sink prometheus already exists!
2019-09-26 13:15:12,912 [main] INFO  server.BaseHttpServer (BaseHttpServer.java:updateConnectorAddress(215)) - HTTP server of HDDSDATANODE is listening at http://0.0.0.0:42840
2019-09-26 13:15:12,915 [main] INFO  ozone.MiniOzoneClusterImpl (MiniOzoneClusterImpl.java:lambda$waitForClusterToBeReady$0(147)) - Waiting for cluster to be ready. Got 0 of 5 DN Heartbeats.
2019-09-26 13:15:12,916 [org.apache.hadoop.util.JvmPauseMonitor$Monitor@4ed0f1fc] INFO  util.JvmPauseMonitor (JvmPauseMonitor.java:run(188)) - Starting JVM pause monitor
2019-09-26 13:15:12,919 [Datanode State Machine Thread - 0] INFO  datanode.InitDatanodeState (InitDatanodeState.java:persistContainerDatanodeDetails(140)) - DatanodeDetails is persisted to /workdir/hadoop-ozone/integration-test/target/test-dir/MiniOzoneClusterImpl-a863f920-e703-48bd-ac3b-b0b5d168c43d/datanode-4/meta/datanode.id
2019-09-26 13:15:13,915 [main] INFO  ozone.MiniOzoneClusterImpl (MiniOzoneClusterImpl.java:lambda$waitForClusterToBeReady$0(147)) - Waiting for cluster to be ready. Got 0 of 5 DN Heartbeats.
2019-09-26 13:15:14,617 [Datanode State Machine Thread - 0] INFO  ozoneimpl.OzoneContainer (OzoneContainer.java:start(217)) - Attempting to start container services.
2019-09-26 13:15:14,620 [Datanode State Machine Thread - 0] INFO  ozoneimpl.OzoneContainer (OzoneContainer.java:startContainerScrub(179)) - Background container scanner has been disabled.
2019-09-26 13:15:14,620 [Datanode State Machine Thread - 0] INFO  ratis.XceiverServerRatis (XceiverServerRatis.java:start(411)) - Starting XceiverServerRatis d09ba3db-71ae-4cc1-a070-460d4ee804eb at port 0
2019-09-26 13:15:14,649 [Datanode State Machine Thread - 0] INFO  impl.RaftServerProxy (RaftServerProxy.java:lambda$start$3(299)) - d09ba3db-71ae-4cc1-a070-460d4ee804eb: start RPC server
2019-09-26 13:15:14,678 [Datanode State Machine Thread - 0] INFO  ozoneimpl.OzoneContainer (OzoneContainer.java:start(217)) - Attempting to start container services.
2019-09-26 13:15:14,684 [Datanode State Machine Thread - 0] INFO  ozoneimpl.OzoneContainer (OzoneContainer.java:startContainerScrub(179)) - Background container scanner has been disabled.
2019-09-26 13:15:14,684 [Datanode State Machine Thread - 0] INFO  ratis.XceiverServerRatis (XceiverServerRatis.java:start(411)) - Starting XceiverServerRatis 4e306e3f-25ae-4809-b976-e74c1f449d85 at port 0
2019-09-26 13:15:14,691 [Datanode State Machine Thread - 0] INFO  impl.RaftServerProxy (RaftServerProxy.java:lambda$start$3(299)) - 4e306e3f-25ae-4809-b976-e74c1f449d85: start RPC server
2019-09-26 13:15:14,763 [Datanode State Machine Thread - 0] INFO  ozoneimpl.OzoneContainer (OzoneContainer.java:start(217)) - Attempting to start container services.
2019-09-26 13:15:14,765 [Datanode State Machine Thread - 0] INFO  ozoneimpl.OzoneContainer (OzoneContainer.java:startContainerScrub(179)) - Background container scanner has been disabled.
2019-09-26 13:15:14,765 [Datanode State Machine Thread - 0] INFO  ratis.XceiverServerRatis (XceiverServerRatis.java:start(411)) - Starting XceiverServerRatis b4fa65ea-f6d5-4876-b0ba-3a338b93c219 at port 0
2019-09-26 13:15:14,775 [Datanode State Machine Thread - 0] INFO  impl.RaftServerProxy (RaftServerProxy.java:lambda$start$3(299)) - b4fa65ea-f6d5-4876-b0ba-3a338b93c219: start RPC server
2019-09-26 13:15:14,791 [Datanode State Machine Thread - 0] INFO  server.GrpcService (GrpcService.java:startImpl(158)) - b4fa65ea-f6d5-4876-b0ba-3a338b93c219: GrpcService started, listening on 0.0.0.0/0.0.0.0:37845
2019-09-26 13:15:14,791 [Datanode State Machine Thread - 0] INFO  server.GrpcService (GrpcService.java:startImpl(158)) - d09ba3db-71ae-4cc1-a070-460d4ee804eb: GrpcService started, listening on 0.0.0.0/0.0.0.0:40638
2019-09-26 13:15:14,791 [Datanode State Machine Thread - 0] INFO  server.GrpcService (GrpcService.java:startImpl(158)) - 4e306e3f-25ae-4809-b976-e74c1f449d85: GrpcService started, listening on 0.0.0.0/0.0.0.0:46846
2019-09-26 13:15:14,792 [Datanode State Machine Thread - 0] INFO  ratis.XceiverServerRatis (XceiverServerRatis.java:start(421)) - XceiverServerRatis d09ba3db-71ae-4cc1-a070-460d4ee804eb is started using port 40638
2019-09-26 13:15:14,791 [Datanode State Machine Thread - 0] INFO  ratis.XceiverServerRatis (XceiverServerRatis.java:start(421)) - XceiverServerRatis b4fa65ea-f6d5-4876-b0ba-3a338b93c219 is started using port 37845
2019-09-26 13:15:14,792 [Datanode State Machine Thread - 0] INFO  ratis.XceiverServerRatis (XceiverServerRatis.java:start(421)) - XceiverServerRatis 4e306e3f-25ae-4809-b976-e74c1f449d85 is started using port 46846
2019-09-26 13:15:14,797 [Datanode State Machine Thread - 0] INFO  server.XceiverServerGrpc (XceiverServerGrpc.java:start(149)) - XceiverServerGrpc b4fa65ea-f6d5-4876-b0ba-3a338b93c219 is started using port 33478
2019-09-26 13:15:14,797 [Datanode State Machine Thread - 0] INFO  server.XceiverServerGrpc (XceiverServerGrpc.java:start(149)) - XceiverServerGrpc d09ba3db-71ae-4cc1-a070-460d4ee804eb is started using port 38928
2019-09-26 13:15:14,797 [Datanode State Machine Thread - 0] INFO  server.XceiverServerGrpc (XceiverServerGrpc.java:start(149)) - XceiverServerGrpc 4e306e3f-25ae-4809-b976-e74c1f449d85 is started using port 38460
2019-09-26 13:15:14,841 [Datanode State Machine Thread - 0] INFO  ozoneimpl.OzoneContainer (OzoneContainer.java:start(217)) - Attempting to start container services.
2019-09-26 13:15:14,843 [Datanode State Machine Thread - 0] INFO  ozoneimpl.OzoneContainer (OzoneContainer.java:startContainerScrub(179)) - Background container scanner has been disabled.
2019-09-26 13:15:14,843 [Datanode State Machine Thread - 0] INFO  ratis.XceiverServerRatis (XceiverServerRatis.java:start(411)) - Starting XceiverServerRatis c0aad3f7-4454-4d6f-ae69-988c2d0f48a4 at port 0
2019-09-26 13:15:14,849 [Datanode State Machine Thread - 0] INFO  impl.RaftServerProxy (RaftServerProxy.java:lambda$start$3(299)) - c0aad3f7-4454-4d6f-ae69-988c2d0f48a4: start RPC server
2019-09-26 13:15:14,851 [Datanode State Machine Thread - 0] INFO  server.GrpcService (GrpcService.java:startImpl(158)) - c0aad3f7-4454-4d6f-ae69-988c2d0f48a4: GrpcService started, listening on 0.0.0.0/0.0.0.0:38334
2019-09-26 13:15:14,852 [Datanode State Machine Thread - 0] INFO  ratis.XceiverServerRatis (XceiverServerRatis.java:start(421)) - XceiverServerRatis c0aad3f7-4454-4d6f-ae69-988c2d0f48a4 is started using port 38334
2019-09-26 13:15:14,854 [Datanode State Machine Thread - 0] INFO  server.XceiverServerGrpc (XceiverServerGrpc.java:start(149)) - XceiverServerGrpc c0aad3f7-4454-4d6f-ae69-988c2d0f48a4 is started using port 35477
2019-09-26 13:15:14,916 [main] INFO  ozone.MiniOzoneClusterImpl (MiniOzoneClusterImpl.java:lambda$waitForClusterToBeReady$0(147)) - Waiting for cluster to be ready. Got 0 of 5 DN Heartbeats.
2019-09-26 13:15:14,933 [Datanode State Machine Thread - 0] INFO  ozoneimpl.OzoneContainer (OzoneContainer.java:start(217)) - Attempting to start container services.
2019-09-26 13:15:14,938 [Datanode State Machine Thread - 0] INFO  ozoneimpl.OzoneContainer (OzoneContainer.java:startContainerScrub(179)) - Background container scanner has been disabled.
2019-09-26 13:15:14,938 [Datanode State Machine Thread - 0] INFO  ratis.XceiverServerRatis (XceiverServerRatis.java:start(411)) - Starting XceiverServerRatis 93c1ba8e-47f4-467f-954e-a2b5e39419a0 at port 0
2019-09-26 13:15:14,949 [Datanode State Machine Thread - 0] INFO  impl.RaftServerProxy (RaftServerProxy.java:lambda$start$3(299)) - 93c1ba8e-47f4-467f-954e-a2b5e39419a0: start RPC server
2019-09-26 13:15:14,952 [Datanode State Machine Thread - 0] INFO  server.GrpcService (GrpcService.java:startImpl(158)) - 93c1ba8e-47f4-467f-954e-a2b5e39419a0: GrpcService started, listening on 0.0.0.0/0.0.0.0:42902
2019-09-26 13:15:14,952 [Datanode State Machine Thread - 0] INFO  ratis.XceiverServerRatis (XceiverServerRatis.java:start(421)) - XceiverServerRatis 93c1ba8e-47f4-467f-954e-a2b5e39419a0 is started using port 42902
2019-09-26 13:15:14,954 [Datanode State Machine Thread - 0] INFO  server.XceiverServerGrpc (XceiverServerGrpc.java:start(149)) - XceiverServerGrpc 93c1ba8e-47f4-467f-954e-a2b5e39419a0 is started using port 34363
2019-09-26 13:15:15,918 [main] INFO  ozone.MiniOzoneClusterImpl (MiniOzoneClusterImpl.java:lambda$waitForClusterToBeReady$0(147)) - Waiting for cluster to be ready. Got 0 of 5 DN Heartbeats.
2019-09-26 13:15:16,588 [IPC Server handler 1 on 44777] INFO  net.NetworkTopology (NetworkTopologyImpl.java:add(111)) - Added a new node: /default-rack/d09ba3db-71ae-4cc1-a070-460d4ee804eb
2019-09-26 13:15:16,589 [IPC Server handler 1 on 44777] INFO  node.SCMNodeManager (SCMNodeManager.java:register(266)) - Registered Data node : d09ba3db-71ae-4cc1-a070-460d4ee804eb{ip: 192.168.164.238, host: pr-hdds-1569-87zkn-1081879488, networkLocation: /default-rack, certSerialId: null}
2019-09-26 13:15:16,593 [EventQueue-NodeRegistrationContainerReportForDataNodeSafeModeRule] INFO  safemode.SCMSafeModeManager (DataNodeSafeModeRule.java:process(71)) - SCM in safe mode. 1 DataNodes registered, 1 required.
2019-09-26 13:15:16,593 [EventQueue-NodeRegistrationContainerReportForContainerSafeModeRule] INFO  safemode.SCMSafeModeManager (SCMSafeModeManager.java:validateSafeModeExitRules(177)) - ScmSafeModeManager, all rules are successfully validated
2019-09-26 13:15:16,594 [EventQueue-NodeRegistrationContainerReportForContainerSafeModeRule] INFO  safemode.SCMSafeModeManager (SCMSafeModeManager.java:exitSafeMode(193)) - SCM exiting safe mode.
2019-09-26 13:15:16,665 [IPC Server handler 2 on 44777] INFO  net.NetworkTopology (NetworkTopologyImpl.java:add(111)) - Added a new node: /default-rack/4e306e3f-25ae-4809-b976-e74c1f449d85
2019-09-26 13:15:16,665 [IPC Server handler 2 on 44777] INFO  node.SCMNodeManager (SCMNodeManager.java:register(266)) - Registered Data node : 4e306e3f-25ae-4809-b976-e74c1f449d85{ip: 192.168.164.238, host: pr-hdds-1569-87zkn-1081879488, networkLocation: /default-rack, certSerialId: null}
2019-09-26 13:15:16,750 [IPC Server handler 3 on 44777] INFO  net.NetworkTopology (NetworkTopologyImpl.java:add(111)) - Added a new node: /default-rack/b4fa65ea-f6d5-4876-b0ba-3a338b93c219
2019-09-26 13:15:16,750 [IPC Server handler 3 on 44777] INFO  node.SCMNodeManager (SCMNodeManager.java:register(266)) - Registered Data node : b4fa65ea-f6d5-4876-b0ba-3a338b93c219{ip: 192.168.164.238, host: pr-hdds-1569-87zkn-1081879488, networkLocation: /default-rack, certSerialId: null}
2019-09-26 13:15:16,829 [IPC Server handler 4 on 44777] INFO  net.NetworkTopology (NetworkTopologyImpl.java:add(111)) - Added a new node: /default-rack/c0aad3f7-4454-4d6f-ae69-988c2d0f48a4
2019-09-26 13:15:16,829 [IPC Server handler 4 on 44777] INFO  node.SCMNodeManager (SCMNodeManager.java:register(266)) - Registered Data node : c0aad3f7-4454-4d6f-ae69-988c2d0f48a4{ip: 192.168.164.238, host: pr-hdds-1569-87zkn-1081879488, networkLocation: /default-rack, certSerialId: null}
2019-09-26 13:15:16,918 [main] INFO  ozone.MiniOzoneClusterImpl (MiniOzoneClusterImpl.java:lambda$waitForClusterToBeReady$0(147)) - Waiting for cluster to be ready. Got 4 of 5 DN Heartbeats.
2019-09-26 13:15:16,919 [IPC Server handler 5 on 44777] INFO  net.NetworkTopology (NetworkTopologyImpl.java:add(111)) - Added a new node: /default-rack/93c1ba8e-47f4-467f-954e-a2b5e39419a0
2019-09-26 13:15:16,920 [IPC Server handler 5 on 44777] INFO  node.SCMNodeManager (SCMNodeManager.java:register(266)) - Registered Data node : 93c1ba8e-47f4-467f-954e-a2b5e39419a0{ip: 192.168.164.238, host: pr-hdds-1569-87zkn-1081879488, networkLocation: /default-rack, certSerialId: null}
2019-09-26 13:15:17,155 [grpc-default-executor-0] INFO  impl.RaftServerProxy (RaftServerProxy.java:addNew(89)) - d09ba3db-71ae-4cc1-a070-460d4ee804eb: addNew group-0C74AE79F52D:[d09ba3db-71ae-4cc1-a070-460d4ee804eb:192.168.164.238:40638] returns group-0C74AE79F52D:java.util.concurrent.CompletableFuture@4d4edab1[Not completed]
2019-09-26 13:15:17,170 [pool-27-thread-1] INFO  impl.RaftServerImpl (RaftServerImpl.java:<init>(95)) - d09ba3db-71ae-4cc1-a070-460d4ee804eb: new RaftServerImpl for group-0C74AE79F52D:[d09ba3db-71ae-4cc1-a070-460d4ee804eb:192.168.164.238:40638] with ContainerStateMachine:uninitialized
2019-09-26 13:15:17,171 [pool-27-thread-1] INFO  server.RaftServerConfigKeys (ConfUtils.java:logGet(43)) - raft.server.rpc.timeout.min = 5s (custom)
2019-09-26 13:15:17,172 [pool-27-thread-1] INFO  server.RaftServerConfigKeys (ConfUtils.java:logGet(43)) - raft.server.rpc.timeout.max = 5200ms (custom)
2019-09-26 13:15:17,172 [pool-27-thread-1] INFO  server.RaftServerConfigKeys (ConfUtils.java:logGet(43)) - raft.server.rpcslowness.timeout = 120s (custom)
2019-09-26 13:15:17,173 [pool-27-thread-1] INFO  server.RaftServerConfigKeys (ConfUtils.java:logGet(43)) - raft.server.sleep.deviation.threshold = 300 (default)
2019-09-26 13:15:17,174 [pool-27-thread-1] INFO  server.RaftServerConfigKeys (ConfUtils.java:logGet(43)) - raft.server.log.appender.install.snapshot.enabled = false (custom)
2019-09-26 13:15:17,181 [pool-27-thread-1] INFO  impl.RaftServerImpl (ServerState.java:<init>(103)) - d09ba3db-71ae-4cc1-a070-460d4ee804eb@group-0C74AE79F52D: ConfigurationManager, init=-1: [d09ba3db-71ae-4cc1-a070-460d4ee804eb:192.168.164.238:40638], old=null, confs=<EMPTY_MAP>
2019-09-26 13:15:17,181 [pool-27-thread-1] INFO  server.RaftServerConfigKeys (ConfUtils.java:logGet(43)) - raft.server.storage.dir = [/workdir/hadoop-ozone/integration-test/target/test-dir/MiniOzoneClusterImpl-a863f920-e703-48bd-ac3b-b0b5d168c43d/datanode-0/data/ratis] (custom)
2019-09-26 13:15:17,188 [pool-27-thread-1] INFO  storage.RaftStorageDirectory (RaftStorageDirectory.java:analyzeStorage(246)) - The storage directory /workdir/hadoop-ozone/integration-test/target/test-dir/MiniOzoneClusterImpl-a863f920-e703-48bd-ac3b-b0b5d168c43d/datanode-0/data/ratis/f2c0766b-d801-4a7d-972c-0c74ae79f52d does not exist. Creating ...
2019-09-26 13:15:17,205 [pool-27-thread-1] INFO  storage.RaftStorageDirectory (RaftStorageDirectory.java:tryLock(328)) - Lock on /workdir/hadoop-ozone/integration-test/target/test-dir/MiniOzoneClusterImpl-a863f920-e703-48bd-ac3b-b0b5d168c43d/datanode-0/data/ratis/f2c0766b-d801-4a7d-972c-0c74ae79f52d/in_use.lock acquired by nodename 12747@pr-hdds-1569-87zkn-1081879488
2019-09-26 13:15:17,220 [pool-27-thread-1] INFO  storage.RaftStorage (RaftStorage.java:format(72)) - Storage directory /workdir/hadoop-ozone/integration-test/target/test-dir/MiniOzoneClusterImpl-a863f920-e703-48bd-ac3b-b0b5d168c43d/datanode-0/data/ratis/f2c0766b-d801-4a7d-972c-0c74ae79f52d has been successfully formatted.
2019-09-26 13:15:17,222 [pool-27-thread-1] INFO  ratis.ContainerStateMachine (ContainerStateMachine.java:loadSnapshot(230)) - group-0C74AE79F52D: The snapshot info is null. Setting the last applied indexto:(t:0, i:~)
2019-09-26 13:15:17,222 [pool-27-thread-1] INFO  server.RaftServerConfigKeys (ConfUtils.java:logGet(43)) - raft.server.notification.no-leader.timeout = 120s (custom)
2019-09-26 13:15:17,224 [pool-27-thread-1] INFO  server.RaftServerConfigKeys (ConfUtils.java:logGet(43)) - raft.server.log.use.memory = false (default)
2019-09-26 13:15:17,230 [pool-27-thread-1] INFO  server.RaftServerConfigKeys (ConfUtils.java:logGet(43)) - raft.server.log.purge.gap = 1000000 (custom)
2019-09-26 13:15:17,230 [pool-27-thread-1] INFO  server.RaftServerConfigKeys (ConfUtils.java:logGet(43)) - raft.server.log.appender.buffer.byte-limit = 33554432 (custom)
2019-09-26 13:15:17,232 [pool-27-thread-1] INFO  server.RaftServerConfigKeys (ConfUtils.java:logGet(43)) - raft.server.log.segment.size.max = 1048576 (custom)
2019-09-26 13:15:17,236 [pool-27-thread-1] INFO  server.RaftServerConfigKeys (ConfUtils.java:logGet(43)) - raft.server.log.segment.cache.num.max = 2 (custom)
2019-09-26 13:15:17,241 [pool-27-thread-1] INFO  segmented.SegmentedRaftLogWorker (SegmentedRaftLogWorker.java:<init>(172)) - new d09ba3db-71ae-4cc1-a070-460d4ee804eb@group-0C74AE79F52D-SegmentedRaftLogWorker for RaftStorage:Storage Directory /workdir/hadoop-ozone/integration-test/target/test-dir/MiniOzoneClusterImpl-a863f920-e703-48bd-ac3b-b0b5d168c43d/datanode-0/data/ratis/f2c0766b-d801-4a7d-972c-0c74ae79f52d
2019-09-26 13:15:17,242 [pool-27-thread-1] INFO  impl.MetricsSystemImpl (MetricsSystemImpl.java:init(158)) - ratis metrics system started (again)
2019-09-26 13:15:17,248 [pool-27-thread-1] INFO  metrics.MetricRegistries (MetricRegistriesLoader.java:load(64)) - Loaded MetricRegistries class org.apache.ratis.metrics.impl.MetricRegistriesImpl
2019-09-26 13:15:17,278 [pool-27-thread-1] INFO  server.RaftServerConfigKeys (ConfUtils.java:logGet(43)) - raft.server.log.queue.byte-limit = 2147483647 (custom)
2019-09-26 13:15:17,278 [pool-27-thread-1] INFO  server.RaftServerConfigKeys (ConfUtils.java:logGet(43)) - raft.server.log.queue.element-limit = 1024 (custom)
2019-09-26 13:15:17,282 [pool-27-thread-1] INFO  server.RaftServerConfigKeys (ConfUtils.java:logGet(43)) - raft.server.log.segment.size.max = 1048576 (custom)
2019-09-26 13:15:17,282 [pool-27-thread-1] INFO  server.RaftServerConfigKeys (ConfUtils.java:logGet(43)) - raft.server.log.preallocated.size = 16384 (custom)
2019-09-26 13:15:17,282 [pool-27-thread-1] INFO  server.RaftServerConfigKeys (ConfUtils.java:logGet(43)) - raft.server.log.write.buffer.size = 33554432 (custom)
2019-09-26 13:15:17,283 [pool-27-thread-1] INFO  server.RaftServerConfigKeys (ConfUtils.java:logGet(43)) - raft.server.log.force.sync.num = 128 (default)
2019-09-26 13:15:17,284 [pool-27-thread-1] INFO  server.RaftServerConfigKeys (ConfUtils.java:logGet(43)) - raft.server.log.statemachine.data.sync = true (default)
2019-09-26 13:15:17,284 [pool-27-thread-1] INFO  server.RaftServerConfigKeys (ConfUtils.java:logGet(43)) - raft.server.log.statemachine.data.sync.timeout = 10s (default)
2019-09-26 13:15:17,284 [pool-27-thread-1] INFO  server.RaftServerConfigKeys (ConfUtils.java:logGet(43)) - raft.server.log.statemachine.data.sync.timeout.retry = -1 (default)
2019-09-26 13:15:17,292 [pool-27-thread-1] INFO  server.RaftServerConfigKeys (ConfUtils.java:logGet(43)) - raft.server.log.statemachine.data.caching.enabled = true (custom)
2019-09-26 13:15:17,297 [pool-27-thread-1] INFO  segmented.SegmentedRaftLogWorker (SegmentedRaftLogWorker.java:lambda$new$0(132)) - d09ba3db-71ae-4cc1-a070-460d4ee804eb@group-0C74AE79F52D-SegmentedRaftLogWorker: flushIndex: setUnconditionally 0 -> -1
2019-09-26 13:15:17,301 [pool-27-thread-1] INFO  server.RaftServerConfigKeys (ConfUtils.java:logGet(43)) - raft.server.snapshot.auto.trigger.enabled = true (custom)
2019-09-26 13:15:17,302 [pool-27-thread-1] INFO  server.RaftServerConfigKeys (ConfUtils.java:logGet(43)) - raft.server.snapshot.auto.trigger.threshold = 10000 (custom)
2019-09-26 13:15:17,303 [pool-27-thread-1] INFO  server.RaftServerConfigKeys (ConfUtils.java:logGet(43)) - raft.server.snapshot.retention.num.files = 5 (custom)
2019-09-26 13:15:17,303 [pool-27-thread-1] INFO  server.RaftServerConfigKeys (ConfUtils.java:logGet(43)) - raft.server.retrycache.expirytime = 600000ms (custom)
2019-09-26 13:15:17,330 [pool-27-thread-1] INFO  impl.RaftServerImpl (RaftServerImpl.java:start(185)) - d09ba3db-71ae-4cc1-a070-460d4ee804eb@group-0C74AE79F52D: start as a follower, conf=-1: [d09ba3db-71ae-4cc1-a070-460d4ee804eb:192.168.164.238:40638], old=null
2019-09-26 13:15:17,331 [pool-27-thread-1] INFO  impl.RaftServerImpl (RaftServerImpl.java:setRole(174)) - d09ba3db-71ae-4cc1-a070-460d4ee804eb@group-0C74AE79F52D: changes role from      null to FOLLOWER at term 0 for startAsFollower
2019-09-26 13:15:17,332 [pool-27-thread-1] INFO  impl.RoleInfo (RoleInfo.java:updateAndGet(143)) - d09ba3db-71ae-4cc1-a070-460d4ee804eb: start FollowerState
2019-09-26 13:15:17,334 [pool-27-thread-1] INFO  util.JmxRegister (JmxRegister.java:tryRegister(44)) - Successfully registered JMX Bean with object name Ratis:service=RaftServer,group=group-0C74AE79F52D,id=d09ba3db-71ae-4cc1-a070-460d4ee804eb
2019-09-26 13:15:17,438 [RatisPipelineUtilsThread] INFO  pipeline.PipelineStateManager (PipelineStateManager.java:addPipeline(56)) - Created pipeline Pipeline[ Id: f2c0766b-d801-4a7d-972c-0c74ae79f52d, Nodes: d09ba3db-71ae-4cc1-a070-460d4ee804eb{ip: 192.168.164.238, host: pr-hdds-1569-87zkn-1081879488, networkLocation: /default-rack, certSerialId: null}, Type:RATIS, Factor:ONE, State:OPEN]
2019-09-26 13:15:17,460 [grpc-default-executor-0] INFO  impl.RaftServerProxy (RaftServerProxy.java:addNew(89)) - d09ba3db-71ae-4cc1-a070-460d4ee804eb: addNew group-8991F0DFBAA3:[d09ba3db-71ae-4cc1-a070-460d4ee804eb:192.168.164.238:40638] returns group-8991F0DFBAA3:java.util.concurrent.CompletableFuture@667649cc[Not completed]
2019-09-26 13:15:17,463 [pool-27-thread-1] INFO  impl.RaftServerImpl (RaftServerImpl.java:<init>(95)) - d09ba3db-71ae-4cc1-a070-460d4ee804eb: new RaftServerImpl for group-8991F0DFBAA3:[d09ba3db-71ae-4cc1-a070-460d4ee804eb:192.168.164.238:40638] with ContainerStateMachine:uninitialized
2019-09-26 13:15:17,463 [pool-27-thread-1] INFO  server.RaftServerConfigKeys (ConfUtils.java:logGet(43)) - raft.server.rpc.timeout.min = 5s (custom)
2019-09-26 13:15:17,464 [pool-27-thread-1] INFO  server.RaftServerConfigKeys (ConfUtils.java:logGet(43)) - raft.server.rpc.timeout.max = 5200ms (custom)
2019-09-26 13:15:17,464 [pool-27-thread-1] INFO  server.RaftServerConfigKeys (ConfUtils.java:logGet(43)) - raft.server.rpcslowness.timeout = 120s (custom)
2019-09-26 13:15:17,464 [pool-27-thread-1] INFO  server.RaftServerConfigKeys (ConfUtils.java:logGet(43)) - raft.server.sleep.deviation.threshold = 300 (default)
2019-09-26 13:15:17,464 [pool-27-thread-1] INFO  server.RaftServerConfigKeys (ConfUtils.java:logGet(43)) - raft.server.log.appender.install.snapshot.enabled = false (custom)
2019-09-26 13:15:17,464 [pool-27-thread-1] INFO  impl.RaftServerImpl (ServerState.java:<init>(103)) - d09ba3db-71ae-4cc1-a070-460d4ee804eb@group-8991F0DFBAA3: ConfigurationManager, init=-1: [d09ba3db-71ae-4cc1-a070-460d4ee804eb:192.168.164.238:40638], old=null, confs=<EMPTY_MAP>
2019-09-26 13:15:17,465 [pool-27-thread-1] INFO  server.RaftServerConfigKeys (ConfUtils.java:logGet(43)) - raft.server.storage.dir = [/workdir/hadoop-ozone/integration-test/target/test-dir/MiniOzoneClusterImpl-a863f920-e703-48bd-ac3b-b0b5d168c43d/datanode-0/data/ratis] (custom)
2019-09-26 13:15:17,465 [pool-27-thread-1] INFO  storage.RaftStorageDirectory (RaftStorageDirectory.java:analyzeStorage(246)) - The storage directory /workdir/hadoop-ozone/integration-test/target/test-dir/MiniOzoneClusterImpl-a863f920-e703-48bd-ac3b-b0b5d168c43d/datanode-0/data/ratis/aa6d70ee-3cc3-4e26-a29b-8991f0dfbaa3 does not exist. Creating ...
2019-09-26 13:15:17,479 [pool-27-thread-1] INFO  storage.RaftStorageDirectory (RaftStorageDirectory.java:tryLock(328)) - Lock on /workdir/hadoop-ozone/integration-test/target/test-dir/MiniOzoneClusterImpl-a863f920-e703-48bd-ac3b-b0b5d168c43d/datanode-0/data/ratis/aa6d70ee-3cc3-4e26-a29b-8991f0dfbaa3/in_use.lock acquired by nodename 12747@pr-hdds-1569-87zkn-1081879488
2019-09-26 13:15:17,493 [pool-27-thread-1] INFO  storage.RaftStorage (RaftStorage.java:format(72)) - Storage directory /workdir/hadoop-ozone/integration-test/target/test-dir/MiniOzoneClusterImpl-a863f920-e703-48bd-ac3b-b0b5d168c43d/datanode-0/data/ratis/aa6d70ee-3cc3-4e26-a29b-8991f0dfbaa3 has been successfully formatted.
2019-09-26 13:15:17,493 [pool-27-thread-1] INFO  ratis.ContainerStateMachine (ContainerStateMachine.java:loadSnapshot(230)) - group-8991F0DFBAA3: The snapshot info is null. Setting the last applied indexto:(t:0, i:~)
2019-09-26 13:15:17,494 [pool-27-thread-1] INFO  server.RaftServerConfigKeys (ConfUtils.java:logGet(43)) - raft.server.notification.no-leader.timeout = 120s (custom)
2019-09-26 13:15:17,494 [pool-27-thread-1] INFO  server.RaftServerConfigKeys (ConfUtils.java:logGet(43)) - raft.server.log.use.memory = false (default)
2019-09-26 13:15:17,494 [pool-27-thread-1] INFO  server.RaftServerConfigKeys (ConfUtils.java:logGet(43)) - raft.server.log.purge.gap = 1000000 (custom)
2019-09-26 13:15:17,494 [pool-27-thread-1] INFO  server.RaftServerConfigKeys (ConfUtils.java:logGet(43)) - raft.server.log.appender.buffer.byte-limit = 33554432 (custom)
2019-09-26 13:15:17,495 [pool-27-thread-1] INFO  server.RaftServerConfigKeys (ConfUtils.java:logGet(43)) - raft.server.log.segment.size.max = 1048576 (custom)
2019-09-26 13:15:17,495 [pool-27-thread-1] INFO  server.RaftServerConfigKeys (ConfUtils.java:logGet(43)) - raft.server.log.segment.cache.num.max = 2 (custom)
2019-09-26 13:15:17,495 [pool-27-thread-1] INFO  segmented.SegmentedRaftLogWorker (SegmentedRaftLogWorker.java:<init>(172)) - new d09ba3db-71ae-4cc1-a070-460d4ee804eb@group-8991F0DFBAA3-SegmentedRaftLogWorker for RaftStorage:Storage Directory /workdir/hadoop-ozone/integration-test/target/test-dir/MiniOzoneClusterImpl-a863f920-e703-48bd-ac3b-b0b5d168c43d/datanode-0/data/ratis/aa6d70ee-3cc3-4e26-a29b-8991f0dfbaa3
2019-09-26 13:15:17,495 [pool-27-thread-1] INFO  server.RaftServerConfigKeys (ConfUtils.java:logGet(43)) - raft.server.log.queue.byte-limit = 2147483647 (custom)
2019-09-26 13:15:17,496 [pool-27-thread-1] INFO  server.RaftServerConfigKeys (ConfUtils.java:logGet(43)) - raft.server.log.queue.element-limit = 1024 (custom)
2019-09-26 13:15:17,496 [pool-27-thread-1] INFO  server.RaftServerConfigKeys (ConfUtils.java:logGet(43)) - raft.server.log.segment.size.max = 1048576 (custom)
2019-09-26 13:15:17,496 [pool-27-thread-1] INFO  server.RaftServerConfigKeys (ConfUtils.java:logGet(43)) - raft.server.log.preallocated.size = 16384 (custom)
2019-09-26 13:15:17,496 [pool-27-thread-1] INFO  server.RaftServerConfigKeys (ConfUtils.java:logGet(43)) - raft.server.log.write.buffer.size = 33554432 (custom)
2019-09-26 13:15:17,496 [pool-27-thread-1] INFO  server.RaftServerConfigKeys (ConfUtils.java:logGet(43)) - raft.server.log.force.sync.num = 128 (default)
2019-09-26 13:15:17,496 [pool-27-thread-1] INFO  server.RaftServerConfigKeys (ConfUtils.java:logGet(43)) - raft.server.log.statemachine.data.sync = true (default)
2019-09-26 13:15:17,497 [pool-27-thread-1] INFO  server.RaftServerConfigKeys (ConfUtils.java:logGet(43)) - raft.server.log.statemachine.data.sync.timeout = 10s (default)
2019-09-26 13:15:17,497 [pool-27-thread-1] INFO  server.RaftServerConfigKeys (ConfUtils.java:logGet(43)) - raft.server.log.statemachine.data.sync.timeout.retry = -1 (default)
2019-09-26 13:15:17,497 [pool-27-thread-1] INFO  server.RaftServerConfigKeys (ConfUtils.java:logGet(43)) - raft.server.log.statemachine.data.caching.enabled = true (custom)
2019-09-26 13:15:17,498 [pool-27-thread-1] INFO  segmented.SegmentedRaftLogWorker (SegmentedRaftLogWorker.java:lambda$new$0(132)) - d09ba3db-71ae-4cc1-a070-460d4ee804eb@group-8991F0DFBAA3-SegmentedRaftLogWorker: flushIndex: setUnconditionally 0 -> -1
2019-09-26 13:15:17,498 [pool-27-thread-1] INFO  server.RaftServerConfigKeys (ConfUtils.java:logGet(43)) - raft.server.snapshot.auto.trigger.enabled = true (custom)
2019-09-26 13:15:17,498 [pool-27-thread-1] INFO  server.RaftServerConfigKeys (ConfUtils.java:logGet(43)) - raft.server.snapshot.auto.trigger.threshold = 10000 (custom)
2019-09-26 13:15:17,498 [pool-27-thread-1] INFO  server.RaftServerConfigKeys (ConfUtils.java:logGet(43)) - raft.server.snapshot.retention.num.files = 5 (custom)
2019-09-26 13:15:17,499 [pool-27-thread-1] INFO  server.RaftServerConfigKeys (ConfUtils.java:logGet(43)) - raft.server.retrycache.expirytime = 600000ms (custom)
2019-09-26 13:15:17,504 [pool-27-thread-1] INFO  impl.RaftServerImpl (RaftServerImpl.java:start(185)) - d09ba3db-71ae-4cc1-a070-460d4ee804eb@group-8991F0DFBAA3: start as a follower, conf=-1: [d09ba3db-71ae-4cc1-a070-460d4ee804eb:192.168.164.238:40638], old=null
2019-09-26 13:15:17,504 [pool-27-thread-1] INFO  impl.RaftServerImpl (RaftServerImpl.java:setRole(174)) - d09ba3db-71ae-4cc1-a070-460d4ee804eb@group-8991F0DFBAA3: changes role from      null to FOLLOWER at term 0 for startAsFollower
2019-09-26 13:15:17,505 [pool-27-thread-1] INFO  impl.RoleInfo (RoleInfo.java:updateAndGet(143)) - d09ba3db-71ae-4cc1-a070-460d4ee804eb: start FollowerState
2019-09-26 13:15:17,505 [pool-27-thread-1] INFO  util.JmxRegister (JmxRegister.java:tryRegister(44)) - Successfully registered JMX Bean with object name Ratis:service=RaftServer,group=group-8991F0DFBAA3,id=d09ba3db-71ae-4cc1-a070-460d4ee804eb
2019-09-26 13:15:17,521 [RatisPipelineUtilsThread] INFO  pipeline.PipelineStateManager (PipelineStateManager.java:addPipeline(56)) - Created pipeline Pipeline[ Id: aa6d70ee-3cc3-4e26-a29b-8991f0dfbaa3, Nodes: d09ba3db-71ae-4cc1-a070-460d4ee804eb{ip: 192.168.164.238, host: pr-hdds-1569-87zkn-1081879488, networkLocation: /default-rack, certSerialId: null}, Type:RATIS, Factor:ONE, State:OPEN]
2019-09-26 13:15:17,536 [grpc-default-executor-0] INFO  impl.RaftServerProxy (RaftServerProxy.java:addNew(89)) - c0aad3f7-4454-4d6f-ae69-988c2d0f48a4: addNew group-40C3FBC0E2C2:[c0aad3f7-4454-4d6f-ae69-988c2d0f48a4:192.168.164.238:38334] returns group-40C3FBC0E2C2:java.util.concurrent.CompletableFuture@17dc951a[Not completed]
2019-09-26 13:15:17,567 [pool-57-thread-1] INFO  impl.RaftServerImpl (RaftServerImpl.java:<init>(95)) - c0aad3f7-4454-4d6f-ae69-988c2d0f48a4: new RaftServerImpl for group-40C3FBC0E2C2:[c0aad3f7-4454-4d6f-ae69-988c2d0f48a4:192.168.164.238:38334] with ContainerStateMachine:uninitialized
2019-09-26 13:15:17,568 [pool-57-thread-1] INFO  server.RaftServerConfigKeys (ConfUtils.java:logGet(43)) - raft.server.rpc.timeout.min = 5s (custom)
2019-09-26 13:15:17,568 [pool-57-thread-1] INFO  server.RaftServerConfigKeys (ConfUtils.java:logGet(43)) - raft.server.rpc.timeout.max = 5200ms (custom)
2019-09-26 13:15:17,568 [pool-57-thread-1] INFO  server.RaftServerConfigKeys (ConfUtils.java:logGet(43)) - raft.server.rpcslowness.timeout = 120s (custom)
2019-09-26 13:15:17,568 [pool-57-thread-1] INFO  server.RaftServerConfigKeys (ConfUtils.java:logGet(43)) - raft.server.sleep.deviation.threshold = 300 (default)
2019-09-26 13:15:17,568 [pool-57-thread-1] INFO  server.RaftServerConfigKeys (ConfUtils.java:logGet(43)) - raft.server.log.appender.install.snapshot.enabled = false (custom)
2019-09-26 13:15:17,569 [pool-57-thread-1] INFO  impl.RaftServerImpl (ServerState.java:<init>(103)) - c0aad3f7-4454-4d6f-ae69-988c2d0f48a4@group-40C3FBC0E2C2: ConfigurationManager, init=-1: [c0aad3f7-4454-4d6f-ae69-988c2d0f48a4:192.168.164.238:38334], old=null, confs=<EMPTY_MAP>
2019-09-26 13:15:17,569 [pool-57-thread-1] INFO  server.RaftServerConfigKeys (ConfUtils.java:logGet(43)) - raft.server.storage.dir = [/workdir/hadoop-ozone/integration-test/target/test-dir/MiniOzoneClusterImpl-a863f920-e703-48bd-ac3b-b0b5d168c43d/datanode-3/data/ratis] (custom)
2019-09-26 13:15:17,569 [pool-57-thread-1] INFO  storage.RaftStorageDirectory (RaftStorageDirectory.java:analyzeStorage(246)) - The storage directory /workdir/hadoop-ozone/integration-test/target/test-dir/MiniOzoneClusterImpl-a863f920-e703-48bd-ac3b-b0b5d168c43d/datanode-3/data/ratis/689e9510-f12e-458c-96f4-40c3fbc0e2c2 does not exist. Creating ...
2019-09-26 13:15:17,583 [pool-57-thread-1] INFO  storage.RaftStorageDirectory (RaftStorageDirectory.java:tryLock(328)) - Lock on /workdir/hadoop-ozone/integration-test/target/test-dir/MiniOzoneClusterImpl-a863f920-e703-48bd-ac3b-b0b5d168c43d/datanode-3/data/ratis/689e9510-f12e-458c-96f4-40c3fbc0e2c2/in_use.lock acquired by nodename 12747@pr-hdds-1569-87zkn-1081879488
2019-09-26 13:15:17,597 [pool-57-thread-1] INFO  storage.RaftStorage (RaftStorage.java:format(72)) - Storage directory /workdir/hadoop-ozone/integration-test/target/test-dir/MiniOzoneClusterImpl-a863f920-e703-48bd-ac3b-b0b5d168c43d/datanode-3/data/ratis/689e9510-f12e-458c-96f4-40c3fbc0e2c2 has been successfully formatted.
2019-09-26 13:15:17,598 [pool-57-thread-1] INFO  ratis.ContainerStateMachine (ContainerStateMachine.java:loadSnapshot(230)) - group-40C3FBC0E2C2: The snapshot info is null. Setting the last applied indexto:(t:0, i:~)
2019-09-26 13:15:17,600 [pool-57-thread-1] INFO  server.RaftServerConfigKeys (ConfUtils.java:logGet(43)) - raft.server.notification.no-leader.timeout = 120s (custom)
2019-09-26 13:15:17,600 [pool-57-thread-1] INFO  server.RaftServerConfigKeys (ConfUtils.java:logGet(43)) - raft.server.log.use.memory = false (default)
2019-09-26 13:15:17,600 [pool-57-thread-1] INFO  server.RaftServerConfigKeys (ConfUtils.java:logGet(43)) - raft.server.log.purge.gap = 1000000 (custom)
2019-09-26 13:15:17,601 [pool-57-thread-1] INFO  server.RaftServerConfigKeys (ConfUtils.java:logGet(43)) - raft.server.log.appender.buffer.byte-limit = 33554432 (custom)
2019-09-26 13:15:17,601 [pool-57-thread-1] INFO  server.RaftServerConfigKeys (ConfUtils.java:logGet(43)) - raft.server.log.segment.size.max = 1048576 (custom)
2019-09-26 13:15:17,601 [pool-57-thread-1] INFO  server.RaftServerConfigKeys (ConfUtils.java:logGet(43)) - raft.server.log.segment.cache.num.max = 2 (custom)
2019-09-26 13:15:17,601 [pool-57-thread-1] INFO  segmented.SegmentedRaftLogWorker (SegmentedRaftLogWorker.java:<init>(172)) - new c0aad3f7-4454-4d6f-ae69-988c2d0f48a4@group-40C3FBC0E2C2-SegmentedRaftLogWorker for RaftStorage:Storage Directory /workdir/hadoop-ozone/integration-test/target/test-dir/MiniOzoneClusterImpl-a863f920-e703-48bd-ac3b-b0b5d168c43d/datanode-3/data/ratis/689e9510-f12e-458c-96f4-40c3fbc0e2c2
2019-09-26 13:15:17,608 [pool-57-thread-1] INFO  server.RaftServerConfigKeys (ConfUtils.java:logGet(43)) - raft.server.log.queue.byte-limit = 2147483647 (custom)
2019-09-26 13:15:17,608 [pool-57-thread-1] INFO  server.RaftServerConfigKeys (ConfUtils.java:logGet(43)) - raft.server.log.queue.element-limit = 1024 (custom)
2019-09-26 13:15:17,608 [pool-57-thread-1] INFO  server.RaftServerConfigKeys (ConfUtils.java:logGet(43)) - raft.server.log.segment.size.max = 1048576 (custom)
2019-09-26 13:15:17,608 [pool-57-thread-1] INFO  server.RaftServerConfigKeys (ConfUtils.java:logGet(43)) - raft.server.log.preallocated.size = 16384 (custom)
2019-09-26 13:15:17,609 [pool-57-thread-1] INFO  server.RaftServerConfigKeys (ConfUtils.java:logGet(43)) - raft.server.log.write.buffer.size = 33554432 (custom)
2019-09-26 13:15:17,609 [pool-57-thread-1] INFO  server.RaftServerConfigKeys (ConfUtils.java:logGet(43)) - raft.server.log.force.sync.num = 128 (default)
2019-09-26 13:15:17,609 [pool-57-thread-1] INFO  server.RaftServerConfigKeys (ConfUtils.java:logGet(43)) - raft.server.log.statemachine.data.sync = true (default)
2019-09-26 13:15:17,609 [pool-57-thread-1] INFO  server.RaftServerConfigKeys (ConfUtils.java:logGet(43)) - raft.server.log.statemachine.data.sync.timeout = 10s (default)
2019-09-26 13:15:17,609 [pool-57-thread-1] INFO  server.RaftServerConfigKeys (ConfUtils.java:logGet(43)) - raft.server.log.statemachine.data.sync.timeout.retry = -1 (default)
2019-09-26 13:15:17,610 [pool-57-thread-1] INFO  server.RaftServerConfigKeys (ConfUtils.java:logGet(43)) - raft.server.log.statemachine.data.caching.enabled = true (custom)
2019-09-26 13:15:17,610 [pool-57-thread-1] INFO  segmented.SegmentedRaftLogWorker (SegmentedRaftLogWorker.java:lambda$new$0(132)) - c0aad3f7-4454-4d6f-ae69-988c2d0f48a4@group-40C3FBC0E2C2-SegmentedRaftLogWorker: flushIndex: setUnconditionally 0 -> -1
2019-09-26 13:15:17,610 [pool-57-thread-1] INFO  server.RaftServerConfigKeys (ConfUtils.java:logGet(43)) - raft.server.snapshot.auto.trigger.enabled = true (custom)
2019-09-26 13:15:17,611 [pool-57-thread-1] INFO  server.RaftServerConfigKeys (ConfUtils.java:logGet(43)) - raft.server.snapshot.auto.trigger.threshold = 10000 (custom)
2019-09-26 13:15:17,611 [pool-57-thread-1] INFO  server.RaftServerConfigKeys (ConfUtils.java:logGet(43)) - raft.server.snapshot.retention.num.files = 5 (custom)
2019-09-26 13:15:17,611 [pool-57-thread-1] INFO  server.RaftServerConfigKeys (ConfUtils.java:logGet(43)) - raft.server.retrycache.expirytime = 600000ms (custom)
2019-09-26 13:15:17,616 [pool-57-thread-1] INFO  impl.RaftServerImpl (RaftServerImpl.java:start(185)) - c0aad3f7-4454-4d6f-ae69-988c2d0f48a4@group-40C3FBC0E2C2: start as a follower, conf=-1: [c0aad3f7-4454-4d6f-ae69-988c2d0f48a4:192.168.164.238:38334], old=null
2019-09-26 13:15:17,616 [pool-57-thread-1] INFO  impl.RaftServerImpl (RaftServerImpl.java:setRole(174)) - c0aad3f7-4454-4d6f-ae69-988c2d0f48a4@group-40C3FBC0E2C2: changes role from      null to FOLLOWER at term 0 for startAsFollower
2019-09-26 13:15:17,616 [pool-57-thread-1] INFO  impl.RoleInfo (RoleInfo.java:updateAndGet(143)) - c0aad3f7-4454-4d6f-ae69-988c2d0f48a4: start FollowerState
2019-09-26 13:15:17,618 [pool-57-thread-1] INFO  util.JmxRegister (JmxRegister.java:tryRegister(44)) - Successfully registered JMX Bean with object name Ratis:service=RaftServer,group=group-40C3FBC0E2C2,id=c0aad3f7-4454-4d6f-ae69-988c2d0f48a4
2019-09-26 13:15:17,628 [RatisPipelineUtilsThread] INFO  pipeline.PipelineStateManager (PipelineStateManager.java:addPipeline(56)) - Created pipeline Pipeline[ Id: 689e9510-f12e-458c-96f4-40c3fbc0e2c2, Nodes: c0aad3f7-4454-4d6f-ae69-988c2d0f48a4{ip: 192.168.164.238, host: pr-hdds-1569-87zkn-1081879488, networkLocation: /default-rack, certSerialId: null}, Type:RATIS, Factor:ONE, State:OPEN]
2019-09-26 13:15:17,644 [grpc-default-executor-0] INFO  impl.RaftServerProxy (RaftServerProxy.java:addNew(89)) - b4fa65ea-f6d5-4876-b0ba-3a338b93c219: addNew group-97C7900DF39B:[b4fa65ea-f6d5-4876-b0ba-3a338b93c219:192.168.164.238:37845] returns group-97C7900DF39B:java.util.concurrent.CompletableFuture@14314dc0[Not completed]
2019-09-26 13:15:17,661 [pool-47-thread-1] INFO  impl.RaftServerImpl (RaftServerImpl.java:<init>(95)) - b4fa65ea-f6d5-4876-b0ba-3a338b93c219: new RaftServerImpl for group-97C7900DF39B:[b4fa65ea-f6d5-4876-b0ba-3a338b93c219:192.168.164.238:37845] with ContainerStateMachine:uninitialized
2019-09-26 13:15:17,662 [pool-47-thread-1] INFO  server.RaftServerConfigKeys (ConfUtils.java:logGet(43)) - raft.server.rpc.timeout.min = 5s (custom)
2019-09-26 13:15:17,662 [pool-47-thread-1] INFO  server.RaftServerConfigKeys (ConfUtils.java:logGet(43)) - raft.server.rpc.timeout.max = 5200ms (custom)
2019-09-26 13:15:17,662 [pool-47-thread-1] INFO  server.RaftServerConfigKeys (ConfUtils.java:logGet(43)) - raft.server.rpcslowness.timeout = 120s (custom)
2019-09-26 13:15:17,662 [pool-47-thread-1] INFO  server.RaftServerConfigKeys (ConfUtils.java:logGet(43)) - raft.server.sleep.deviation.threshold = 300 (default)
2019-09-26 13:15:17,663 [pool-47-thread-1] INFO  server.RaftServerConfigKeys (ConfUtils.java:logGet(43)) - raft.server.log.appender.install.snapshot.enabled = false (custom)
2019-09-26 13:15:17,663 [pool-47-thread-1] INFO  impl.RaftServerImpl (ServerState.java:<init>(103)) - b4fa65ea-f6d5-4876-b0ba-3a338b93c219@group-97C7900DF39B: ConfigurationManager, init=-1: [b4fa65ea-f6d5-4876-b0ba-3a338b93c219:192.168.164.238:37845], old=null, confs=<EMPTY_MAP>
2019-09-26 13:15:17,663 [pool-47-thread-1] INFO  server.RaftServerConfigKeys (ConfUtils.java:logGet(43)) - raft.server.storage.dir = [/workdir/hadoop-ozone/integration-test/target/test-dir/MiniOzoneClusterImpl-a863f920-e703-48bd-ac3b-b0b5d168c43d/datanode-2/data/ratis] (custom)
2019-09-26 13:15:17,664 [pool-47-thread-1] INFO  storage.RaftStorageDirectory (RaftStorageDirectory.java:analyzeStorage(246)) - The storage directory /workdir/hadoop-ozone/integration-test/target/test-dir/MiniOzoneClusterImpl-a863f920-e703-48bd-ac3b-b0b5d168c43d/datanode-2/data/ratis/3da44512-2528-4a64-b42b-97c7900df39b does not exist. Creating ...
2019-09-26 13:15:17,676 [pool-47-thread-1] INFO  storage.RaftStorageDirectory (RaftStorageDirectory.java:tryLock(328)) - Lock on /workdir/hadoop-ozone/integration-test/target/test-dir/MiniOzoneClusterImpl-a863f920-e703-48bd-ac3b-b0b5d168c43d/datanode-2/data/ratis/3da44512-2528-4a64-b42b-97c7900df39b/in_use.lock acquired by nodename 12747@pr-hdds-1569-87zkn-1081879488
2019-09-26 13:15:17,694 [pool-47-thread-1] INFO  storage.RaftStorage (RaftStorage.java:format(72)) - Storage directory /workdir/hadoop-ozone/integration-test/target/test-dir/MiniOzoneClusterImpl-a863f920-e703-48bd-ac3b-b0b5d168c43d/datanode-2/data/ratis/3da44512-2528-4a64-b42b-97c7900df39b has been successfully formatted.
2019-09-26 13:15:17,695 [pool-47-thread-1] INFO  ratis.ContainerStateMachine (ContainerStateMachine.java:loadSnapshot(230)) - group-97C7900DF39B: The snapshot info is null. Setting the last applied indexto:(t:0, i:~)
2019-09-26 13:15:17,695 [pool-47-thread-1] INFO  server.RaftServerConfigKeys (ConfUtils.java:logGet(43)) - raft.server.notification.no-leader.timeout = 120s (custom)
2019-09-26 13:15:17,695 [pool-47-thread-1] INFO  server.RaftServerConfigKeys (ConfUtils.java:logGet(43)) - raft.server.log.use.memory = false (default)
2019-09-26 13:15:17,696 [pool-47-thread-1] INFO  server.RaftServerConfigKeys (ConfUtils.java:logGet(43)) - raft.server.log.purge.gap = 1000000 (custom)
2019-09-26 13:15:17,696 [pool-47-thread-1] INFO  server.RaftServerConfigKeys (ConfUtils.java:logGet(43)) - raft.server.log.appender.buffer.byte-limit = 33554432 (custom)
2019-09-26 13:15:17,696 [pool-47-thread-1] INFO  server.RaftServerConfigKeys (ConfUtils.java:logGet(43)) - raft.server.log.segment.size.max = 1048576 (custom)
2019-09-26 13:15:17,696 [pool-47-thread-1] INFO  server.RaftServerConfigKeys (ConfUtils.java:logGet(43)) - raft.server.log.segment.cache.num.max = 2 (custom)
2019-09-26 13:15:17,696 [pool-47-thread-1] INFO  segmented.SegmentedRaftLogWorker (SegmentedRaftLogWorker.java:<init>(172)) - new b4fa65ea-f6d5-4876-b0ba-3a338b93c219@group-97C7900DF39B-SegmentedRaftLogWorker for RaftStorage:Storage Directory /workdir/hadoop-ozone/integration-test/target/test-dir/MiniOzoneClusterImpl-a863f920-e703-48bd-ac3b-b0b5d168c43d/datanode-2/data/ratis/3da44512-2528-4a64-b42b-97c7900df39b
2019-09-26 13:15:17,721 [pool-47-thread-1] INFO  server.RaftServerConfigKeys (ConfUtils.java:logGet(43)) - raft.server.log.queue.byte-limit = 2147483647 (custom)
2019-09-26 13:15:17,722 [pool-47-thread-1] INFO  server.RaftServerConfigKeys (ConfUtils.java:logGet(43)) - raft.server.log.queue.element-limit = 1024 (custom)
2019-09-26 13:15:17,722 [pool-47-thread-1] INFO  server.RaftServerConfigKeys (ConfUtils.java:logGet(43)) - raft.server.log.segment.size.max = 1048576 (custom)
2019-09-26 13:15:17,722 [pool-47-thread-1] INFO  server.RaftServerConfigKeys (ConfUtils.java:logGet(43)) - raft.server.log.preallocated.size = 16384 (custom)
2019-09-26 13:15:17,722 [pool-47-thread-1] INFO  server.RaftServerConfigKeys (ConfUtils.java:logGet(43)) - raft.server.log.write.buffer.size = 33554432 (custom)
2019-09-26 13:15:17,722 [pool-47-thread-1] INFO  server.RaftServerConfigKeys (ConfUtils.java:logGet(43)) - raft.server.log.force.sync.num = 128 (default)
2019-09-26 13:15:17,723 [pool-47-thread-1] INFO  server.RaftServerConfigKeys (ConfUtils.java:logGet(43)) - raft.server.log.statemachine.data.sync = true (default)
2019-09-26 13:15:17,723 [pool-47-thread-1] INFO  server.RaftServerConfigKeys (ConfUtils.java:logGet(43)) - raft.server.log.statemachine.data.sync.timeout = 10s (default)
2019-09-26 13:15:17,723 [pool-47-thread-1] INFO  server.RaftServerConfigKeys (ConfUtils.java:logGet(43)) - raft.server.log.statemachine.data.sync.timeout.retry = -1 (default)
2019-09-26 13:15:17,723 [pool-47-thread-1] INFO  server.RaftServerConfigKeys (ConfUtils.java:logGet(43)) - raft.server.log.statemachine.data.caching.enabled = true (custom)
2019-09-26 13:15:17,724 [pool-47-thread-1] INFO  segmented.SegmentedRaftLogWorker (SegmentedRaftLogWorker.java:lambda$new$0(132)) - b4fa65ea-f6d5-4876-b0ba-3a338b93c219@group-97C7900DF39B-SegmentedRaftLogWorker: flushIndex: setUnconditionally 0 -> -1
2019-09-26 13:15:17,724 [pool-47-thread-1] INFO  server.RaftServerConfigKeys (ConfUtils.java:logGet(43)) - raft.server.snapshot.auto.trigger.enabled = true (custom)
2019-09-26 13:15:17,724 [pool-47-thread-1] INFO  server.RaftServerConfigKeys (ConfUtils.java:logGet(43)) - raft.server.snapshot.auto.trigger.threshold = 10000 (custom)
2019-09-26 13:15:17,725 [pool-47-thread-1] INFO  server.RaftServerConfigKeys (ConfUtils.java:logGet(43)) - raft.server.snapshot.retention.num.files = 5 (custom)
2019-09-26 13:15:17,725 [pool-47-thread-1] INFO  server.RaftServerConfigKeys (ConfUtils.java:logGet(43)) - raft.server.retrycache.expirytime = 600000ms (custom)
2019-09-26 13:15:17,731 [pool-47-thread-1] INFO  impl.RaftServerImpl (RaftServerImpl.java:start(185)) - b4fa65ea-f6d5-4876-b0ba-3a338b93c219@group-97C7900DF39B: start as a follower, conf=-1: [b4fa65ea-f6d5-4876-b0ba-3a338b93c219:192.168.164.238:37845], old=null
2019-09-26 13:15:17,731 [pool-47-thread-1] INFO  impl.RaftServerImpl (RaftServerImpl.java:setRole(174)) - b4fa65ea-f6d5-4876-b0ba-3a338b93c219@group-97C7900DF39B: changes role from      null to FOLLOWER at term 0 for startAsFollower
2019-09-26 13:15:17,731 [pool-47-thread-1] INFO  impl.RoleInfo (RoleInfo.java:updateAndGet(143)) - b4fa65ea-f6d5-4876-b0ba-3a338b93c219: start FollowerState
2019-09-26 13:15:17,732 [pool-47-thread-1] INFO  util.JmxRegister (JmxRegister.java:tryRegister(44)) - Successfully registered JMX Bean with object name Ratis:service=RaftServer,group=group-97C7900DF39B,id=b4fa65ea-f6d5-4876-b0ba-3a338b93c219
2019-09-26 13:15:17,741 [RatisPipelineUtilsThread] INFO  pipeline.PipelineStateManager (PipelineStateManager.java:addPipeline(56)) - Created pipeline Pipeline[ Id: 3da44512-2528-4a64-b42b-97c7900df39b, Nodes: b4fa65ea-f6d5-4876-b0ba-3a338b93c219{ip: 192.168.164.238, host: pr-hdds-1569-87zkn-1081879488, networkLocation: /default-rack, certSerialId: null}, Type:RATIS, Factor:ONE, State:OPEN]
2019-09-26 13:15:17,759 [grpc-default-executor-0] INFO  impl.RaftServerProxy (RaftServerProxy.java:addNew(89)) - 93c1ba8e-47f4-467f-954e-a2b5e39419a0: addNew group-5A8338344D8E:[93c1ba8e-47f4-467f-954e-a2b5e39419a0:192.168.164.238:42902] returns group-5A8338344D8E:java.util.concurrent.CompletableFuture@7c97fb5[Not completed]
2019-09-26 13:15:17,761 [pool-67-thread-1] INFO  impl.RaftServerImpl (RaftServerImpl.java:<init>(95)) - 93c1ba8e-47f4-467f-954e-a2b5e39419a0: new RaftServerImpl for group-5A8338344D8E:[93c1ba8e-47f4-467f-954e-a2b5e39419a0:192.168.164.238:42902] with ContainerStateMachine:uninitialized
2019-09-26 13:15:17,762 [pool-67-thread-1] INFO  server.RaftServerConfigKeys (ConfUtils.java:logGet(43)) - raft.server.rpc.timeout.min = 5s (custom)
2019-09-26 13:15:17,762 [pool-67-thread-1] INFO  server.RaftServerConfigKeys (ConfUtils.java:logGet(43)) - raft.server.rpc.timeout.max = 5200ms (custom)
2019-09-26 13:15:17,763 [pool-67-thread-1] INFO  server.RaftServerConfigKeys (ConfUtils.java:logGet(43)) - raft.server.rpcslowness.timeout = 120s (custom)
2019-09-26 13:15:17,763 [pool-67-thread-1] INFO  server.RaftServerConfigKeys (ConfUtils.java:logGet(43)) - raft.server.sleep.deviation.threshold = 300 (default)
2019-09-26 13:15:17,763 [pool-67-thread-1] INFO  server.RaftServerConfigKeys (ConfUtils.java:logGet(43)) - raft.server.log.appender.install.snapshot.enabled = false (custom)
2019-09-26 13:15:17,763 [pool-67-thread-1] INFO  impl.RaftServerImpl (ServerState.java:<init>(103)) - 93c1ba8e-47f4-467f-954e-a2b5e39419a0@group-5A8338344D8E: ConfigurationManager, init=-1: [93c1ba8e-47f4-467f-954e-a2b5e39419a0:192.168.164.238:42902], old=null, confs=<EMPTY_MAP>
2019-09-26 13:15:17,764 [pool-67-thread-1] INFO  server.RaftServerConfigKeys (ConfUtils.java:logGet(43)) - raft.server.storage.dir = [/workdir/hadoop-ozone/integration-test/target/test-dir/MiniOzoneClusterImpl-a863f920-e703-48bd-ac3b-b0b5d168c43d/datanode-4/data/ratis] (custom)
2019-09-26 13:15:17,764 [pool-67-thread-1] INFO  storage.RaftStorageDirectory (RaftStorageDirectory.java:analyzeStorage(246)) - The storage directory /workdir/hadoop-ozone/integration-test/target/test-dir/MiniOzoneClusterImpl-a863f920-e703-48bd-ac3b-b0b5d168c43d/datanode-4/data/ratis/88a97082-cf75-44a9-a626-5a8338344d8e does not exist. Creating ...
2019-09-26 13:15:17,778 [pool-67-thread-1] INFO  storage.RaftStorageDirectory (RaftStorageDirectory.java:tryLock(328)) - Lock on /workdir/hadoop-ozone/integration-test/target/test-dir/MiniOzoneClusterImpl-a863f920-e703-48bd-ac3b-b0b5d168c43d/datanode-4/data/ratis/88a97082-cf75-44a9-a626-5a8338344d8e/in_use.lock acquired by nodename 12747@pr-hdds-1569-87zkn-1081879488
2019-09-26 13:15:17,791 [pool-67-thread-1] INFO  storage.RaftStorage (RaftStorage.java:format(72)) - Storage directory /workdir/hadoop-ozone/integration-test/target/test-dir/MiniOzoneClusterImpl-a863f920-e703-48bd-ac3b-b0b5d168c43d/datanode-4/data/ratis/88a97082-cf75-44a9-a626-5a8338344d8e has been successfully formatted.
2019-09-26 13:15:17,792 [pool-67-thread-1] INFO  ratis.ContainerStateMachine (ContainerStateMachine.java:loadSnapshot(230)) - group-5A8338344D8E: The snapshot info is null. Setting the last applied indexto:(t:0, i:~)
2019-09-26 13:15:17,792 [pool-67-thread-1] INFO  server.RaftServerConfigKeys (ConfUtils.java:logGet(43)) - raft.server.notification.no-leader.timeout = 120s (custom)
2019-09-26 13:15:17,792 [pool-67-thread-1] INFO  server.RaftServerConfigKeys (ConfUtils.java:logGet(43)) - raft.server.log.use.memory = false (default)
2019-09-26 13:15:17,792 [pool-67-thread-1] INFO  server.RaftServerConfigKeys (ConfUtils.java:logGet(43)) - raft.server.log.purge.gap = 1000000 (custom)
2019-09-26 13:15:17,792 [pool-67-thread-1] INFO  server.RaftServerConfigKeys (ConfUtils.java:logGet(43)) - raft.server.log.appender.buffer.byte-limit = 33554432 (custom)
2019-09-26 13:15:17,793 [pool-67-thread-1] INFO  server.RaftServerConfigKeys (ConfUtils.java:logGet(43)) - raft.server.log.segment.size.max = 1048576 (custom)
2019-09-26 13:15:17,793 [pool-67-thread-1] INFO  server.RaftServerConfigKeys (ConfUtils.java:logGet(43)) - raft.server.log.segment.cache.num.max = 2 (custom)
2019-09-26 13:15:17,793 [pool-67-thread-1] INFO  segmented.SegmentedRaftLogWorker (SegmentedRaftLogWorker.java:<init>(172)) - new 93c1ba8e-47f4-467f-954e-a2b5e39419a0@group-5A8338344D8E-SegmentedRaftLogWorker for RaftStorage:Storage Directory /workdir/hadoop-ozone/integration-test/target/test-dir/MiniOzoneClusterImpl-a863f920-e703-48bd-ac3b-b0b5d168c43d/datanode-4/data/ratis/88a97082-cf75-44a9-a626-5a8338344d8e
2019-09-26 13:15:17,798 [pool-67-thread-1] INFO  server.RaftServerConfigKeys (ConfUtils.java:logGet(43)) - raft.server.log.queue.byte-limit = 2147483647 (custom)
2019-09-26 13:15:17,798 [pool-67-thread-1] INFO  server.RaftServerConfigKeys (ConfUtils.java:logGet(43)) - raft.server.log.queue.element-limit = 1024 (custom)
2019-09-26 13:15:17,799 [pool-67-thread-1] INFO  server.RaftServerConfigKeys (ConfUtils.java:logGet(43)) - raft.server.log.segment.size.max = 1048576 (custom)
2019-09-26 13:15:17,799 [pool-67-thread-1] INFO  server.RaftServerConfigKeys (ConfUtils.java:logGet(43)) - raft.server.log.preallocated.size = 16384 (custom)
2019-09-26 13:15:17,799 [pool-67-thread-1] INFO  server.RaftServerConfigKeys (ConfUtils.java:logGet(43)) - raft.server.log.write.buffer.size = 33554432 (custom)
2019-09-26 13:15:17,799 [pool-67-thread-1] INFO  server.RaftServerConfigKeys (ConfUtils.java:logGet(43)) - raft.server.log.force.sync.num = 128 (default)
2019-09-26 13:15:17,799 [pool-67-thread-1] INFO  server.RaftServerConfigKeys (ConfUtils.java:logGet(43)) - raft.server.log.statemachine.data.sync = true (default)
2019-09-26 13:15:17,799 [pool-67-thread-1] INFO  server.RaftServerConfigKeys (ConfUtils.java:logGet(43)) - raft.server.log.statemachine.data.sync.timeout = 10s (default)
2019-09-26 13:15:17,800 [pool-67-thread-1] INFO  server.RaftServerConfigKeys (ConfUtils.java:logGet(43)) - raft.server.log.statemachine.data.sync.timeout.retry = -1 (default)
2019-09-26 13:15:17,800 [pool-67-thread-1] INFO  server.RaftServerConfigKeys (ConfUtils.java:logGet(43)) - raft.server.log.statemachine.data.caching.enabled = true (custom)
2019-09-26 13:15:17,801 [pool-67-thread-1] INFO  segmented.SegmentedRaftLogWorker (SegmentedRaftLogWorker.java:lambda$new$0(132)) - 93c1ba8e-47f4-467f-954e-a2b5e39419a0@group-5A8338344D8E-SegmentedRaftLogWorker: flushIndex: setUnconditionally 0 -> -1
2019-09-26 13:15:17,801 [pool-67-thread-1] INFO  server.RaftServerConfigKeys (ConfUtils.java:logGet(43)) - raft.server.snapshot.auto.trigger.enabled = true (custom)
2019-09-26 13:15:17,801 [pool-67-thread-1] INFO  server.RaftServerConfigKeys (ConfUtils.java:logGet(43)) - raft.server.snapshot.auto.trigger.threshold = 10000 (custom)
2019-09-26 13:15:17,802 [pool-67-thread-1] INFO  server.RaftServerConfigKeys (ConfUtils.java:logGet(43)) - raft.server.snapshot.retention.num.files = 5 (custom)
2019-09-26 13:15:17,802 [pool-67-thread-1] INFO  server.RaftServerConfigKeys (ConfUtils.java:logGet(43)) - raft.server.retrycache.expirytime = 600000ms (custom)
2019-09-26 13:15:17,806 [pool-67-thread-1] INFO  impl.RaftServerImpl (RaftServerImpl.java:start(185)) - 93c1ba8e-47f4-467f-954e-a2b5e39419a0@group-5A8338344D8E: start as a follower, conf=-1: [93c1ba8e-47f4-467f-954e-a2b5e39419a0:192.168.164.238:42902], old=null
2019-09-26 13:15:17,806 [pool-67-thread-1] INFO  impl.RaftServerImpl (RaftServerImpl.java:setRole(174)) - 93c1ba8e-47f4-467f-954e-a2b5e39419a0@group-5A8338344D8E: changes role from      null to FOLLOWER at term 0 for startAsFollower
2019-09-26 13:15:17,806 [pool-67-thread-1] INFO  impl.RoleInfo (RoleInfo.java:updateAndGet(143)) - 93c1ba8e-47f4-467f-954e-a2b5e39419a0: start FollowerState
2019-09-26 13:15:17,807 [pool-67-thread-1] INFO  util.JmxRegister (JmxRegister.java:tryRegister(44)) - Successfully registered JMX Bean with object name Ratis:service=RaftServer,group=group-5A8338344D8E,id=93c1ba8e-47f4-467f-954e-a2b5e39419a0
2019-09-26 13:15:17,817 [RatisPipelineUtilsThread] INFO  pipeline.PipelineStateManager (PipelineStateManager.java:addPipeline(56)) - Created pipeline Pipeline[ Id: 88a97082-cf75-44a9-a626-5a8338344d8e, Nodes: 93c1ba8e-47f4-467f-954e-a2b5e39419a0{ip: 192.168.164.238, host: pr-hdds-1569-87zkn-1081879488, networkLocation: /default-rack, certSerialId: null}, Type:RATIS, Factor:ONE, State:OPEN]
2019-09-26 13:15:17,838 [grpc-default-executor-0] INFO  impl.RaftServerProxy (RaftServerProxy.java:addNew(89)) - d09ba3db-71ae-4cc1-a070-460d4ee804eb: addNew group-6E8D35AEE757:[d09ba3db-71ae-4cc1-a070-460d4ee804eb:192.168.164.238:40638] returns group-6E8D35AEE757:java.util.concurrent.CompletableFuture@4d1a0e4f[Not completed]
2019-09-26 13:15:17,841 [pool-27-thread-1] INFO  impl.RaftServerImpl (RaftServerImpl.java:<init>(95)) - d09ba3db-71ae-4cc1-a070-460d4ee804eb: new RaftServerImpl for group-6E8D35AEE757:[d09ba3db-71ae-4cc1-a070-460d4ee804eb:192.168.164.238:40638] with ContainerStateMachine:uninitialized
2019-09-26 13:15:17,842 [pool-27-thread-1] INFO  server.RaftServerConfigKeys (ConfUtils.java:logGet(43)) - raft.server.rpc.timeout.min = 5s (custom)
2019-09-26 13:15:17,842 [pool-27-thread-1] INFO  server.RaftServerConfigKeys (ConfUtils.java:logGet(43)) - raft.server.rpc.timeout.max = 5200ms (custom)
2019-09-26 13:15:17,842 [pool-27-thread-1] INFO  server.RaftServerConfigKeys (ConfUtils.java:logGet(43)) - raft.server.rpcslowness.timeout = 120s (custom)
2019-09-26 13:15:17,842 [pool-27-thread-1] INFO  server.RaftServerConfigKeys (ConfUtils.java:logGet(43)) - raft.server.sleep.deviation.threshold = 300 (default)
2019-09-26 13:15:17,842 [pool-27-thread-1] INFO  server.RaftServerConfigKeys (ConfUtils.java:logGet(43)) - raft.server.log.appender.install.snapshot.enabled = false (custom)
2019-09-26 13:15:17,843 [pool-27-thread-1] INFO  impl.RaftServerImpl (ServerState.java:<init>(103)) - d09ba3db-71ae-4cc1-a070-460d4ee804eb@group-6E8D35AEE757: ConfigurationManager, init=-1: [d09ba3db-71ae-4cc1-a070-460d4ee804eb:192.168.164.238:40638], old=null, confs=<EMPTY_MAP>
2019-09-26 13:15:17,843 [pool-27-thread-1] INFO  server.RaftServerConfigKeys (ConfUtils.java:logGet(43)) - raft.server.storage.dir = [/workdir/hadoop-ozone/integration-test/target/test-dir/MiniOzoneClusterImpl-a863f920-e703-48bd-ac3b-b0b5d168c43d/datanode-0/data/ratis] (custom)
2019-09-26 13:15:17,843 [pool-27-thread-1] INFO  storage.RaftStorageDirectory (RaftStorageDirectory.java:analyzeStorage(246)) - The storage directory /workdir/hadoop-ozone/integration-test/target/test-dir/MiniOzoneClusterImpl-a863f920-e703-48bd-ac3b-b0b5d168c43d/datanode-0/data/ratis/7aabcfaf-1813-46ee-9b0c-6e8d35aee757 does not exist. Creating ...
2019-09-26 13:15:17,856 [pool-27-thread-1] INFO  storage.RaftStorageDirectory (RaftStorageDirectory.java:tryLock(328)) - Lock on /workdir/hadoop-ozone/integration-test/target/test-dir/MiniOzoneClusterImpl-a863f920-e703-48bd-ac3b-b0b5d168c43d/datanode-0/data/ratis/7aabcfaf-1813-46ee-9b0c-6e8d35aee757/in_use.lock acquired by nodename 12747@pr-hdds-1569-87zkn-1081879488
2019-09-26 13:15:17,870 [pool-27-thread-1] INFO  storage.RaftStorage (RaftStorage.java:format(72)) - Storage directory /workdir/hadoop-ozone/integration-test/target/test-dir/MiniOzoneClusterImpl-a863f920-e703-48bd-ac3b-b0b5d168c43d/datanode-0/data/ratis/7aabcfaf-1813-46ee-9b0c-6e8d35aee757 has been successfully formatted.
2019-09-26 13:15:17,871 [pool-27-thread-1] INFO  ratis.ContainerStateMachine (ContainerStateMachine.java:loadSnapshot(230)) - group-6E8D35AEE757: The snapshot info is null. Setting the last applied indexto:(t:0, i:~)
2019-09-26 13:15:17,871 [pool-27-thread-1] INFO  server.RaftServerConfigKeys (ConfUtils.java:logGet(43)) - raft.server.notification.no-leader.timeout = 120s (custom)
2019-09-26 13:15:17,871 [pool-27-thread-1] INFO  server.RaftServerConfigKeys (ConfUtils.java:logGet(43)) - raft.server.log.use.memory = false (default)
2019-09-26 13:15:17,871 [pool-27-thread-1] INFO  server.RaftServerConfigKeys (ConfUtils.java:logGet(43)) - raft.server.log.purge.gap = 1000000 (custom)
2019-09-26 13:15:17,871 [pool-27-thread-1] INFO  server.RaftServerConfigKeys (ConfUtils.java:logGet(43)) - raft.server.log.appender.buffer.byte-limit = 33554432 (custom)
2019-09-26 13:15:17,871 [pool-27-thread-1] INFO  server.RaftServerConfigKeys (ConfUtils.java:logGet(43)) - raft.server.log.segment.size.max = 1048576 (custom)
2019-09-26 13:15:17,872 [pool-27-thread-1] INFO  server.RaftServerConfigKeys (ConfUtils.java:logGet(43)) - raft.server.log.segment.cache.num.max = 2 (custom)
2019-09-26 13:15:17,872 [pool-27-thread-1] INFO  segmented.SegmentedRaftLogWorker (SegmentedRaftLogWorker.java:<init>(172)) - new d09ba3db-71ae-4cc1-a070-460d4ee804eb@group-6E8D35AEE757-SegmentedRaftLogWorker for RaftStorage:Storage Directory /workdir/hadoop-ozone/integration-test/target/test-dir/MiniOzoneClusterImpl-a863f920-e703-48bd-ac3b-b0b5d168c43d/datanode-0/data/ratis/7aabcfaf-1813-46ee-9b0c-6e8d35aee757
2019-09-26 13:15:17,872 [pool-27-thread-1] INFO  server.RaftServerConfigKeys (ConfUtils.java:logGet(43)) - raft.server.log.queue.byte-limit = 2147483647 (custom)
2019-09-26 13:15:17,872 [pool-27-thread-1] INFO  server.RaftServerConfigKeys (ConfUtils.java:logGet(43)) - raft.server.log.queue.element-limit = 1024 (custom)
2019-09-26 13:15:17,872 [pool-27-thread-1] INFO  server.RaftServerConfigKeys (ConfUtils.java:logGet(43)) - raft.server.log.segment.size.max = 1048576 (custom)
2019-09-26 13:15:17,872 [pool-27-thread-1] INFO  server.RaftServerConfigKeys (ConfUtils.java:logGet(43)) - raft.server.log.preallocated.size = 16384 (custom)
2019-09-26 13:15:17,872 [pool-27-thread-1] INFO  server.RaftServerConfigKeys (ConfUtils.java:logGet(43)) - raft.server.log.write.buffer.size = 33554432 (custom)
2019-09-26 13:15:17,872 [pool-27-thread-1] INFO  server.RaftServerConfigKeys (ConfUtils.java:logGet(43)) - raft.server.log.force.sync.num = 128 (default)
2019-09-26 13:15:17,872 [pool-27-thread-1] INFO  server.RaftServerConfigKeys (ConfUtils.java:logGet(43)) - raft.server.log.statemachine.data.sync = true (default)
2019-09-26 13:15:17,873 [pool-27-thread-1] INFO  server.RaftServerConfigKeys (ConfUtils.java:logGet(43)) - raft.server.log.statemachine.data.sync.timeout = 10s (default)
2019-09-26 13:15:17,873 [pool-27-thread-1] INFO  server.RaftServerConfigKeys (ConfUtils.java:logGet(43)) - raft.server.log.statemachine.data.sync.timeout.retry = -1 (default)
2019-09-26 13:15:17,873 [pool-27-thread-1] INFO  server.RaftServerConfigKeys (ConfUtils.java:logGet(43)) - raft.server.log.statemachine.data.caching.enabled = true (custom)
2019-09-26 13:15:17,873 [pool-27-thread-1] INFO  segmented.SegmentedRaftLogWorker (SegmentedRaftLogWorker.java:lambda$new$0(132)) - d09ba3db-71ae-4cc1-a070-460d4ee804eb@group-6E8D35AEE757-SegmentedRaftLogWorker: flushIndex: setUnconditionally 0 -> -1
2019-09-26 13:15:17,874 [pool-27-thread-1] INFO  server.RaftServerConfigKeys (ConfUtils.java:logGet(43)) - raft.server.snapshot.auto.trigger.enabled = true (custom)
2019-09-26 13:15:17,874 [pool-27-thread-1] INFO  server.RaftServerConfigKeys (ConfUtils.java:logGet(43)) - raft.server.snapshot.auto.trigger.threshold = 10000 (custom)
2019-09-26 13:15:17,874 [pool-27-thread-1] INFO  server.RaftServerConfigKeys (ConfUtils.java:logGet(43)) - raft.server.snapshot.retention.num.files = 5 (custom)
2019-09-26 13:15:17,874 [pool-27-thread-1] INFO  server.RaftServerConfigKeys (ConfUtils.java:logGet(43)) - raft.server.retrycache.expirytime = 600000ms (custom)
2019-09-26 13:15:17,877 [pool-27-thread-1] INFO  impl.RaftServerImpl (RaftServerImpl.java:start(185)) - d09ba3db-71ae-4cc1-a070-460d4ee804eb@group-6E8D35AEE757: start as a follower, conf=-1: [d09ba3db-71ae-4cc1-a070-460d4ee804eb:192.168.164.238:40638], old=null
2019-09-26 13:15:17,878 [pool-27-thread-1] INFO  impl.RaftServerImpl (RaftServerImpl.java:setRole(174)) - d09ba3db-71ae-4cc1-a070-460d4ee804eb@group-6E8D35AEE757: changes role from      null to FOLLOWER at term 0 for startAsFollower
2019-09-26 13:15:17,878 [pool-27-thread-1] INFO  impl.RoleInfo (RoleInfo.java:updateAndGet(143)) - d09ba3db-71ae-4cc1-a070-460d4ee804eb: start FollowerState
2019-09-26 13:15:17,878 [pool-27-thread-1] INFO  util.JmxRegister (JmxRegister.java:tryRegister(44)) - Successfully registered JMX Bean with object name Ratis:service=RaftServer,group=group-6E8D35AEE757,id=d09ba3db-71ae-4cc1-a070-460d4ee804eb
2019-09-26 13:15:17,895 [RatisPipelineUtilsThread] INFO  pipeline.PipelineStateManager (PipelineStateManager.java:addPipeline(56)) - Created pipeline Pipeline[ Id: 7aabcfaf-1813-46ee-9b0c-6e8d35aee757, Nodes: d09ba3db-71ae-4cc1-a070-460d4ee804eb{ip: 192.168.164.238, host: pr-hdds-1569-87zkn-1081879488, networkLocation: /default-rack, certSerialId: null}, Type:RATIS, Factor:ONE, State:OPEN]
2019-09-26 13:15:17,907 [grpc-default-executor-0] INFO  impl.RaftServerProxy (RaftServerProxy.java:addNew(89)) - b4fa65ea-f6d5-4876-b0ba-3a338b93c219: addNew group-BE2F2009F18F:[b4fa65ea-f6d5-4876-b0ba-3a338b93c219:192.168.164.238:37845] returns group-BE2F2009F18F:java.util.concurrent.CompletableFuture@2b9b9703[Not completed]
2019-09-26 13:15:17,908 [pool-47-thread-1] INFO  impl.RaftServerImpl (RaftServerImpl.java:<init>(95)) - b4fa65ea-f6d5-4876-b0ba-3a338b93c219: new RaftServerImpl for group-BE2F2009F18F:[b4fa65ea-f6d5-4876-b0ba-3a338b93c219:192.168.164.238:37845] with ContainerStateMachine:uninitialized
2019-09-26 13:15:17,908 [pool-47-thread-1] INFO  server.RaftServerConfigKeys (ConfUtils.java:logGet(43)) - raft.server.rpc.timeout.min = 5s (custom)
2019-09-26 13:15:17,908 [pool-47-thread-1] INFO  server.RaftServerConfigKeys (ConfUtils.java:logGet(43)) - raft.server.rpc.timeout.max = 5200ms (custom)
2019-09-26 13:15:17,909 [pool-47-thread-1] INFO  server.RaftServerConfigKeys (ConfUtils.java:logGet(43)) - raft.server.rpcslowness.timeout = 120s (custom)
2019-09-26 13:15:17,909 [pool-47-thread-1] INFO  server.RaftServerConfigKeys (ConfUtils.java:logGet(43)) - raft.server.sleep.deviation.threshold = 300 (default)
2019-09-26 13:15:17,909 [pool-47-thread-1] INFO  server.RaftServerConfigKeys (ConfUtils.java:logGet(43)) - raft.server.log.appender.install.snapshot.enabled = false (custom)
2019-09-26 13:15:17,909 [pool-47-thread-1] INFO  impl.RaftServerImpl (ServerState.java:<init>(103)) - b4fa65ea-f6d5-4876-b0ba-3a338b93c219@group-BE2F2009F18F: ConfigurationManager, init=-1: [b4fa65ea-f6d5-4876-b0ba-3a338b93c219:192.168.164.238:37845], old=null, confs=<EMPTY_MAP>
2019-09-26 13:15:17,909 [pool-47-thread-1] INFO  server.RaftServerConfigKeys (ConfUtils.java:logGet(43)) - raft.server.storage.dir = [/workdir/hadoop-ozone/integration-test/target/test-dir/MiniOzoneClusterImpl-a863f920-e703-48bd-ac3b-b0b5d168c43d/datanode-2/data/ratis] (custom)
2019-09-26 13:15:17,909 [pool-47-thread-1] INFO  storage.RaftStorageDirectory (RaftStorageDirectory.java:analyzeStorage(246)) - The storage directory /workdir/hadoop-ozone/integration-test/target/test-dir/MiniOzoneClusterImpl-a863f920-e703-48bd-ac3b-b0b5d168c43d/datanode-2/data/ratis/d62b0338-713d-4a6f-ad18-be2f2009f18f does not exist. Creating ...
2019-09-26 13:15:17,919 [main] INFO  ozone.MiniOzoneClusterImpl (MiniOzoneClusterImpl.java:lambda$waitForClusterToBeReady$0(147)) - Cluster is ready. Got 5 of 5 DN Heartbeats.
2019-09-26 13:15:17,922 [pool-47-thread-1] INFO  storage.RaftStorageDirectory (RaftStorageDirectory.java:tryLock(328)) - Lock on /workdir/hadoop-ozone/integration-test/target/test-dir/MiniOzoneClusterImpl-a863f920-e703-48bd-ac3b-b0b5d168c43d/datanode-2/data/ratis/d62b0338-713d-4a6f-ad18-be2f2009f18f/in_use.lock acquired by nodename 12747@pr-hdds-1569-87zkn-1081879488
2019-09-26 13:15:17,934 [pool-47-thread-1] INFO  storage.RaftStorage (RaftStorage.java:format(72)) - Storage directory /workdir/hadoop-ozone/integration-test/target/test-dir/MiniOzoneClusterImpl-a863f920-e703-48bd-ac3b-b0b5d168c43d/datanode-2/data/ratis/d62b0338-713d-4a6f-ad18-be2f2009f18f has been successfully formatted.
2019-09-26 13:15:17,935 [pool-47-thread-1] INFO  ratis.ContainerStateMachine (ContainerStateMachine.java:loadSnapshot(230)) - group-BE2F2009F18F: The snapshot info is null. Setting the last applied indexto:(t:0, i:~)
2019-09-26 13:15:17,935 [pool-47-thread-1] INFO  server.RaftServerConfigKeys (ConfUtils.java:logGet(43)) - raft.server.notification.no-leader.timeout = 120s (custom)
2019-09-26 13:15:17,935 [pool-47-thread-1] INFO  server.RaftServerConfigKeys (ConfUtils.java:logGet(43)) - raft.server.log.use.memory = false (default)
2019-09-26 13:15:17,935 [pool-47-thread-1] INFO  server.RaftServerConfigKeys (ConfUtils.java:logGet(43)) - raft.server.log.purge.gap = 1000000 (custom)
2019-09-26 13:15:17,935 [pool-47-thread-1] INFO  server.RaftServerConfigKeys (ConfUtils.java:logGet(43)) - raft.server.log.appender.buffer.byte-limit = 33554432 (custom)
2019-09-26 13:15:17,935 [pool-47-thread-1] INFO  server.RaftServerConfigKeys (ConfUtils.java:logGet(43)) - raft.server.log.segment.size.max = 1048576 (custom)
2019-09-26 13:15:17,935 [pool-47-thread-1] INFO  server.RaftServerConfigKeys (ConfUtils.java:logGet(43)) - raft.server.log.segment.cache.num.max = 2 (custom)
2019-09-26 13:15:17,935 [pool-47-thread-1] INFO  segmented.SegmentedRaftLogWorker (SegmentedRaftLogWorker.java:<init>(172)) - new b4fa65ea-f6d5-4876-b0ba-3a338b93c219@group-BE2F2009F18F-SegmentedRaftLogWorker for RaftStorage:Storage Directory /workdir/hadoop-ozone/integration-test/target/test-dir/MiniOzoneClusterImpl-a863f920-e703-48bd-ac3b-b0b5d168c43d/datanode-2/data/ratis/d62b0338-713d-4a6f-ad18-be2f2009f18f
2019-09-26 13:15:17,936 [pool-47-thread-1] INFO  server.RaftServerConfigKeys (ConfUtils.java:logGet(43)) - raft.server.log.queue.byte-limit = 2147483647 (custom)
2019-09-26 13:15:17,936 [pool-47-thread-1] INFO  server.RaftServerConfigKeys (ConfUtils.java:logGet(43)) - raft.server.log.queue.element-limit = 1024 (custom)
2019-09-26 13:15:17,936 [pool-47-thread-1] INFO  server.RaftServerConfigKeys (ConfUtils.java:logGet(43)) - raft.server.log.segment.size.max = 1048576 (custom)
2019-09-26 13:15:17,936 [pool-47-thread-1] INFO  server.RaftServerConfigKeys (ConfUtils.java:logGet(43)) - raft.server.log.preallocated.size = 16384 (custom)
2019-09-26 13:15:17,936 [pool-47-thread-1] INFO  server.RaftServerConfigKeys (ConfUtils.java:logGet(43)) - raft.server.log.write.buffer.size = 33554432 (custom)
2019-09-26 13:15:17,936 [pool-47-thread-1] INFO  server.RaftServerConfigKeys (ConfUtils.java:logGet(43)) - raft.server.log.force.sync.num = 128 (default)
2019-09-26 13:15:17,936 [pool-47-thread-1] INFO  server.RaftServerConfigKeys (ConfUtils.java:logGet(43)) - raft.server.log.statemachine.data.sync = true (default)
2019-09-26 13:15:17,936 [pool-47-thread-1] INFO  server.RaftServerConfigKeys (ConfUtils.java:logGet(43)) - raft.server.log.statemachine.data.sync.timeout = 10s (default)
2019-09-26 13:15:17,937 [pool-47-thread-1] INFO  server.RaftServerConfigKeys (ConfUtils.java:logGet(43)) - raft.server.log.statemachine.data.sync.timeout.retry = -1 (default)
2019-09-26 13:15:17,937 [pool-47-thread-1] INFO  server.RaftServerConfigKeys (ConfUtils.java:logGet(43)) - raft.server.log.statemachine.data.caching.enabled = true (custom)
2019-09-26 13:15:17,937 [pool-47-thread-1] INFO  segmented.SegmentedRaftLogWorker (SegmentedRaftLogWorker.java:lambda$new$0(132)) - b4fa65ea-f6d5-4876-b0ba-3a338b93c219@group-BE2F2009F18F-SegmentedRaftLogWorker: flushIndex: setUnconditionally 0 -> -1
2019-09-26 13:15:17,937 [pool-47-thread-1] INFO  server.RaftServerConfigKeys (ConfUtils.java:logGet(43)) - raft.server.snapshot.auto.trigger.enabled = true (custom)
2019-09-26 13:15:17,937 [pool-47-thread-1] INFO  server.RaftServerConfigKeys (ConfUtils.java:logGet(43)) - raft.server.snapshot.auto.trigger.threshold = 10000 (custom)
2019-09-26 13:15:17,937 [pool-47-thread-1] INFO  server.RaftServerConfigKeys (ConfUtils.java:logGet(43)) - raft.server.snapshot.retention.num.files = 5 (custom)
2019-09-26 13:15:17,938 [pool-47-thread-1] INFO  server.RaftServerConfigKeys (ConfUtils.java:logGet(43)) - raft.server.retrycache.expirytime = 600000ms (custom)
2019-09-26 13:15:17,940 [pool-47-thread-1] INFO  impl.RaftServerImpl (RaftServerImpl.java:start(185)) - b4fa65ea-f6d5-4876-b0ba-3a338b93c219@group-BE2F2009F18F: start as a follower, conf=-1: [b4fa65ea-f6d5-4876-b0ba-3a338b93c219:192.168.164.238:37845], old=null
2019-09-26 13:15:17,941 [pool-47-thread-1] INFO  impl.RaftServerImpl (RaftServerImpl.java:setRole(174)) - b4fa65ea-f6d5-4876-b0ba-3a338b93c219@group-BE2F2009F18F: changes role from      null to FOLLOWER at term 0 for startAsFollower
2019-09-26 13:15:17,941 [pool-47-thread-1] INFO  impl.RoleInfo (RoleInfo.java:updateAndGet(143)) - b4fa65ea-f6d5-4876-b0ba-3a338b93c219: start FollowerState
2019-09-26 13:15:17,941 [pool-47-thread-1] INFO  util.JmxRegister (JmxRegister.java:tryRegister(44)) - Successfully registered JMX Bean with object name Ratis:service=RaftServer,group=group-BE2F2009F18F,id=b4fa65ea-f6d5-4876-b0ba-3a338b93c219
2019-09-26 13:15:17,956 [RatisPipelineUtilsThread] INFO  pipeline.PipelineStateManager (PipelineStateManager.java:addPipeline(56)) - Created pipeline Pipeline[ Id: d62b0338-713d-4a6f-ad18-be2f2009f18f, Nodes: b4fa65ea-f6d5-4876-b0ba-3a338b93c219{ip: 192.168.164.238, host: pr-hdds-1569-87zkn-1081879488, networkLocation: /default-rack, certSerialId: null}, Type:RATIS, Factor:ONE, State:OPEN]
2019-09-26 13:15:17,968 [grpc-default-executor-0] INFO  impl.RaftServerProxy (RaftServerProxy.java:addNew(89)) - d09ba3db-71ae-4cc1-a070-460d4ee804eb: addNew group-6A4CFF1ACEFA:[d09ba3db-71ae-4cc1-a070-460d4ee804eb:192.168.164.238:40638] returns group-6A4CFF1ACEFA:java.util.concurrent.CompletableFuture@6c5211d9[Not completed]
2019-09-26 13:15:17,971 [pool-27-thread-1] INFO  impl.RaftServerImpl (RaftServerImpl.java:<init>(95)) - d09ba3db-71ae-4cc1-a070-460d4ee804eb: new RaftServerImpl for group-6A4CFF1ACEFA:[d09ba3db-71ae-4cc1-a070-460d4ee804eb:192.168.164.238:40638] with ContainerStateMachine:uninitialized
2019-09-26 13:15:17,971 [pool-27-thread-1] INFO  server.RaftServerConfigKeys (ConfUtils.java:logGet(43)) - raft.server.rpc.timeout.min = 5s (custom)
2019-09-26 13:15:17,971 [pool-27-thread-1] INFO  server.RaftServerConfigKeys (ConfUtils.java:logGet(43)) - raft.server.rpc.timeout.max = 5200ms (custom)
2019-09-26 13:15:17,971 [pool-27-thread-1] INFO  server.RaftServerConfigKeys (ConfUtils.java:logGet(43)) - raft.server.rpcslowness.timeout = 120s (custom)
2019-09-26 13:15:17,971 [pool-27-thread-1] INFO  server.RaftServerConfigKeys (ConfUtils.java:logGet(43)) - raft.server.sleep.deviation.threshold = 300 (default)
2019-09-26 13:15:17,972 [pool-27-thread-1] INFO  server.RaftServerConfigKeys (ConfUtils.java:logGet(43)) - raft.server.log.appender.install.snapshot.enabled = false (custom)
2019-09-26 13:15:17,972 [pool-27-thread-1] INFO  impl.RaftServerImpl (ServerState.java:<init>(103)) - d09ba3db-71ae-4cc1-a070-460d4ee804eb@group-6A4CFF1ACEFA: ConfigurationManager, init=-1: [d09ba3db-71ae-4cc1-a070-460d4ee804eb:192.168.164.238:40638], old=null, confs=<EMPTY_MAP>
2019-09-26 13:15:17,972 [pool-27-thread-1] INFO  server.RaftServerConfigKeys (ConfUtils.java:logGet(43)) - raft.server.storage.dir = [/workdir/hadoop-ozone/integration-test/target/test-dir/MiniOzoneClusterImpl-a863f920-e703-48bd-ac3b-b0b5d168c43d/datanode-0/data/ratis] (custom)
2019-09-26 13:15:17,972 [pool-27-thread-1] INFO  storage.RaftStorageDirectory (RaftStorageDirectory.java:analyzeStorage(246)) - The storage directory /workdir/hadoop-ozone/integration-test/target/test-dir/MiniOzoneClusterImpl-a863f920-e703-48bd-ac3b-b0b5d168c43d/datanode-0/data/ratis/fb1e9e47-b820-4eb6-8756-6a4cff1acefa does not exist. Creating ...
2019-09-26 13:15:17,985 [pool-27-thread-1] INFO  storage.RaftStorageDirectory (RaftStorageDirectory.java:tryLock(328)) - Lock on /workdir/hadoop-ozone/integration-test/target/test-dir/MiniOzoneClusterImpl-a863f920-e703-48bd-ac3b-b0b5d168c43d/datanode-0/data/ratis/fb1e9e47-b820-4eb6-8756-6a4cff1acefa/in_use.lock acquired by nodename 12747@pr-hdds-1569-87zkn-1081879488
2019-09-26 13:15:17,999 [pool-27-thread-1] INFO  storage.RaftStorage (RaftStorage.java:format(72)) - Storage directory /workdir/hadoop-ozone/integration-test/target/test-dir/MiniOzoneClusterImpl-a863f920-e703-48bd-ac3b-b0b5d168c43d/datanode-0/data/ratis/fb1e9e47-b820-4eb6-8756-6a4cff1acefa has been successfully formatted.
2019-09-26 13:15:17,999 [pool-27-thread-1] INFO  ratis.ContainerStateMachine (ContainerStateMachine.java:loadSnapshot(230)) - group-6A4CFF1ACEFA: The snapshot info is null. Setting the last applied indexto:(t:0, i:~)
2019-09-26 13:15:17,999 [pool-27-thread-1] INFO  server.RaftServerConfigKeys (ConfUtils.java:logGet(43)) - raft.server.notification.no-leader.timeout = 120s (custom)
2019-09-26 13:15:18,000 [pool-27-thread-1] INFO  server.RaftServerConfigKeys (ConfUtils.java:logGet(43)) - raft.server.log.use.memory = false (default)
2019-09-26 13:15:18,002 [pool-27-thread-1] INFO  server.RaftServerConfigKeys (ConfUtils.java:logGet(43)) - raft.server.log.purge.gap = 1000000 (custom)
2019-09-26 13:15:18,002 [pool-27-thread-1] INFO  server.RaftServerConfigKeys (ConfUtils.java:logGet(43)) - raft.server.log.appender.buffer.byte-limit = 33554432 (custom)
2019-09-26 13:15:18,002 [pool-27-thread-1] INFO  server.RaftServerConfigKeys (ConfUtils.java:logGet(43)) - raft.server.log.segment.size.max = 1048576 (custom)
2019-09-26 13:15:18,003 [pool-27-thread-1] INFO  server.RaftServerConfigKeys (ConfUtils.java:logGet(43)) - raft.server.log.segment.cache.num.max = 2 (custom)
2019-09-26 13:15:18,003 [pool-27-thread-1] INFO  segmented.SegmentedRaftLogWorker (SegmentedRaftLogWorker.java:<init>(172)) - new d09ba3db-71ae-4cc1-a070-460d4ee804eb@group-6A4CFF1ACEFA-SegmentedRaftLogWorker for RaftStorage:Storage Directory /workdir/hadoop-ozone/integration-test/target/test-dir/MiniOzoneClusterImpl-a863f920-e703-48bd-ac3b-b0b5d168c43d/datanode-0/data/ratis/fb1e9e47-b820-4eb6-8756-6a4cff1acefa
2019-09-26 13:15:18,003 [pool-27-thread-1] INFO  server.RaftServerConfigKeys (ConfUtils.java:logGet(43)) - raft.server.log.queue.byte-limit = 2147483647 (custom)
2019-09-26 13:15:18,003 [pool-27-thread-1] INFO  server.RaftServerConfigKeys (ConfUtils.java:logGet(43)) - raft.server.log.queue.element-limit = 1024 (custom)
2019-09-26 13:15:18,003 [pool-27-thread-1] INFO  server.RaftServerConfigKeys (ConfUtils.java:logGet(43)) - raft.server.log.segment.size.max = 1048576 (custom)
2019-09-26 13:15:18,003 [pool-27-thread-1] INFO  server.RaftServerConfigKeys (ConfUtils.java:logGet(43)) - raft.server.log.preallocated.size = 16384 (custom)
2019-09-26 13:15:18,003 [pool-27-thread-1] INFO  server.RaftServerConfigKeys (ConfUtils.java:logGet(43)) - raft.server.log.write.buffer.size = 33554432 (custom)
2019-09-26 13:15:18,004 [pool-27-thread-1] INFO  server.RaftServerConfigKeys (ConfUtils.java:logGet(43)) - raft.server.log.force.sync.num = 128 (default)
2019-09-26 13:15:18,004 [pool-27-thread-1] INFO  server.RaftServerConfigKeys (ConfUtils.java:logGet(43)) - raft.server.log.statemachine.data.sync = true (default)
2019-09-26 13:15:18,004 [pool-27-thread-1] INFO  server.RaftServerConfigKeys (ConfUtils.java:logGet(43)) - raft.server.log.statemachine.data.sync.timeout = 10s (default)
2019-09-26 13:15:18,004 [pool-27-thread-1] INFO  server.RaftServerConfigKeys (ConfUtils.java:logGet(43)) - raft.server.log.statemachine.data.sync.timeout.retry = -1 (default)
2019-09-26 13:15:18,004 [pool-27-thread-1] INFO  server.RaftServerConfigKeys (ConfUtils.java:logGet(43)) - raft.server.log.statemachine.data.caching.enabled = true (custom)
2019-09-26 13:15:18,005 [pool-27-thread-1] INFO  segmented.SegmentedRaftLogWorker (SegmentedRaftLogWorker.java:lambda$new$0(132)) - d09ba3db-71ae-4cc1-a070-460d4ee804eb@group-6A4CFF1ACEFA-SegmentedRaftLogWorker: flushIndex: setUnconditionally 0 -> -1
2019-09-26 13:15:18,005 [pool-27-thread-1] INFO  server.RaftServerConfigKeys (ConfUtils.java:logGet(43)) - raft.server.snapshot.auto.trigger.enabled = true (custom)
2019-09-26 13:15:18,005 [pool-27-thread-1] INFO  server.RaftServerConfigKeys (ConfUtils.java:logGet(43)) - raft.server.snapshot.auto.trigger.threshold = 10000 (custom)
2019-09-26 13:15:18,005 [pool-27-thread-1] INFO  server.RaftServerConfigKeys (ConfUtils.java:logGet(43)) - raft.server.snapshot.retention.num.files = 5 (custom)
2019-09-26 13:15:18,005 [pool-27-thread-1] INFO  server.RaftServerConfigKeys (ConfUtils.java:logGet(43)) - raft.server.retrycache.expirytime = 600000ms (custom)
2019-09-26 13:15:18,008 [pool-27-thread-1] INFO  impl.RaftServerImpl (RaftServerImpl.java:start(185)) - d09ba3db-71ae-4cc1-a070-460d4ee804eb@group-6A4CFF1ACEFA: start as a follower, conf=-1: [d09ba3db-71ae-4cc1-a070-460d4ee804eb:192.168.164.238:40638], old=null
2019-09-26 13:15:18,009 [pool-27-thread-1] INFO  impl.RaftServerImpl (RaftServerImpl.java:setRole(174)) - d09ba3db-71ae-4cc1-a070-460d4ee804eb@group-6A4CFF1ACEFA: changes role from      null to FOLLOWER at term 0 for startAsFollower
2019-09-26 13:15:18,009 [pool-27-thread-1] INFO  impl.RoleInfo (RoleInfo.java:updateAndGet(143)) - d09ba3db-71ae-4cc1-a070-460d4ee804eb: start FollowerState
2019-09-26 13:15:18,009 [pool-27-thread-1] INFO  util.JmxRegister (JmxRegister.java:tryRegister(44)) - Successfully registered JMX Bean with object name Ratis:service=RaftServer,group=group-6A4CFF1ACEFA,id=d09ba3db-71ae-4cc1-a070-460d4ee804eb
2019-09-26 13:15:18,019 [RatisPipelineUtilsThread] INFO  pipeline.PipelineStateManager (PipelineStateManager.java:addPipeline(56)) - Created pipeline Pipeline[ Id: fb1e9e47-b820-4eb6-8756-6a4cff1acefa, Nodes: d09ba3db-71ae-4cc1-a070-460d4ee804eb{ip: 192.168.164.238, host: pr-hdds-1569-87zkn-1081879488, networkLocation: /default-rack, certSerialId: null}, Type:RATIS, Factor:ONE, State:OPEN]
2019-09-26 13:15:18,032 [grpc-default-executor-0] INFO  impl.RaftServerProxy (RaftServerProxy.java:addNew(89)) - d09ba3db-71ae-4cc1-a070-460d4ee804eb: addNew group-0320AC82605E:[d09ba3db-71ae-4cc1-a070-460d4ee804eb:192.168.164.238:40638] returns group-0320AC82605E:java.util.concurrent.CompletableFuture@675d8543[Not completed]
2019-09-26 13:15:18,034 [pool-27-thread-1] INFO  impl.RaftServerImpl (RaftServerImpl.java:<init>(95)) - d09ba3db-71ae-4cc1-a070-460d4ee804eb: new RaftServerImpl for group-0320AC82605E:[d09ba3db-71ae-4cc1-a070-460d4ee804eb:192.168.164.238:40638] with ContainerStateMachine:uninitialized
2019-09-26 13:15:18,034 [pool-27-thread-1] INFO  server.RaftServerConfigKeys (ConfUtils.java:logGet(43)) - raft.server.rpc.timeout.min = 5s (custom)
2019-09-26 13:15:18,034 [pool-27-thread-1] INFO  server.RaftServerConfigKeys (ConfUtils.java:logGet(43)) - raft.server.rpc.timeout.max = 5200ms (custom)
2019-09-26 13:15:18,034 [pool-27-thread-1] INFO  server.RaftServerConfigKeys (ConfUtils.java:logGet(43)) - raft.server.rpcslowness.timeout = 120s (custom)
2019-09-26 13:15:18,034 [pool-27-thread-1] INFO  server.RaftServerConfigKeys (ConfUtils.java:logGet(43)) - raft.server.sleep.deviation.threshold = 300 (default)
2019-09-26 13:15:18,034 [pool-27-thread-1] INFO  server.RaftServerConfigKeys (ConfUtils.java:logGet(43)) - raft.server.log.appender.install.snapshot.enabled = false (custom)
2019-09-26 13:15:18,034 [pool-27-thread-1] INFO  impl.RaftServerImpl (ServerState.java:<init>(103)) - d09ba3db-71ae-4cc1-a070-460d4ee804eb@group-0320AC82605E: ConfigurationManager, init=-1: [d09ba3db-71ae-4cc1-a070-460d4ee804eb:192.168.164.238:40638], old=null, confs=<EMPTY_MAP>
2019-09-26 13:15:18,035 [pool-27-thread-1] INFO  server.RaftServerConfigKeys (ConfUtils.java:logGet(43)) - raft.server.storage.dir = [/workdir/hadoop-ozone/integration-test/target/test-dir/MiniOzoneClusterImpl-a863f920-e703-48bd-ac3b-b0b5d168c43d/datanode-0/data/ratis] (custom)
2019-09-26 13:15:18,035 [pool-27-thread-1] INFO  storage.RaftStorageDirectory (RaftStorageDirectory.java:analyzeStorage(246)) - The storage directory /workdir/hadoop-ozone/integration-test/target/test-dir/MiniOzoneClusterImpl-a863f920-e703-48bd-ac3b-b0b5d168c43d/datanode-0/data/ratis/9d15d13e-a973-4c10-9e9c-0320ac82605e does not exist. Creating ...
2019-09-26 13:15:18,049 [pool-27-thread-1] INFO  storage.RaftStorageDirectory (RaftStorageDirectory.java:tryLock(328)) - Lock on /workdir/hadoop-ozone/integration-test/target/test-dir/MiniOzoneClusterImpl-a863f920-e703-48bd-ac3b-b0b5d168c43d/datanode-0/data/ratis/9d15d13e-a973-4c10-9e9c-0320ac82605e/in_use.lock acquired by nodename 12747@pr-hdds-1569-87zkn-1081879488
2019-09-26 13:15:18,062 [pool-27-thread-1] INFO  storage.RaftStorage (RaftStorage.java:format(72)) - Storage directory /workdir/hadoop-ozone/integration-test/target/test-dir/MiniOzoneClusterImpl-a863f920-e703-48bd-ac3b-b0b5d168c43d/datanode-0/data/ratis/9d15d13e-a973-4c10-9e9c-0320ac82605e has been successfully formatted.
2019-09-26 13:15:18,062 [pool-27-thread-1] INFO  ratis.ContainerStateMachine (ContainerStateMachine.java:loadSnapshot(230)) - group-0320AC82605E: The snapshot info is null. Setting the last applied indexto:(t:0, i:~)
2019-09-26 13:15:18,062 [pool-27-thread-1] INFO  server.RaftServerConfigKeys (ConfUtils.java:logGet(43)) - raft.server.notification.no-leader.timeout = 120s (custom)
2019-09-26 13:15:18,062 [pool-27-thread-1] INFO  server.RaftServerConfigKeys (ConfUtils.java:logGet(43)) - raft.server.log.use.memory = false (default)
2019-09-26 13:15:18,063 [pool-27-thread-1] INFO  server.RaftServerConfigKeys (ConfUtils.java:logGet(43)) - raft.server.log.purge.gap = 1000000 (custom)
2019-09-26 13:15:18,063 [pool-27-thread-1] INFO  server.RaftServerConfigKeys (ConfUtils.java:logGet(43)) - raft.server.log.appender.buffer.byte-limit = 33554432 (custom)
2019-09-26 13:15:18,063 [pool-27-thread-1] INFO  server.RaftServerConfigKeys (ConfUtils.java:logGet(43)) - raft.server.log.segment.size.max = 1048576 (custom)
2019-09-26 13:15:18,063 [pool-27-thread-1] INFO  server.RaftServerConfigKeys (ConfUtils.java:logGet(43)) - raft.server.log.segment.cache.num.max = 2 (custom)
2019-09-26 13:15:18,063 [pool-27-thread-1] INFO  segmented.SegmentedRaftLogWorker (SegmentedRaftLogWorker.java:<init>(172)) - new d09ba3db-71ae-4cc1-a070-460d4ee804eb@group-0320AC82605E-SegmentedRaftLogWorker for RaftStorage:Storage Directory /workdir/hadoop-ozone/integration-test/target/test-dir/MiniOzoneClusterImpl-a863f920-e703-48bd-ac3b-b0b5d168c43d/datanode-0/data/ratis/9d15d13e-a973-4c10-9e9c-0320ac82605e
2019-09-26 13:15:18,063 [pool-27-thread-1] INFO  server.RaftServerConfigKeys (ConfUtils.java:logGet(43)) - raft.server.log.queue.byte-limit = 2147483647 (custom)
2019-09-26 13:15:18,063 [pool-27-thread-1] INFO  server.RaftServerConfigKeys (ConfUtils.java:logGet(43)) - raft.server.log.queue.element-limit = 1024 (custom)
2019-09-26 13:15:18,064 [pool-27-thread-1] INFO  server.RaftServerConfigKeys (ConfUtils.java:logGet(43)) - raft.server.log.segment.size.max = 1048576 (custom)
2019-09-26 13:15:18,064 [pool-27-thread-1] INFO  server.RaftServerConfigKeys (ConfUtils.java:logGet(43)) - raft.server.log.preallocated.size = 16384 (custom)
2019-09-26 13:15:18,064 [pool-27-thread-1] INFO  server.RaftServerConfigKeys (ConfUtils.java:logGet(43)) - raft.server.log.write.buffer.size = 33554432 (custom)
2019-09-26 13:15:18,064 [pool-27-thread-1] INFO  server.RaftServerConfigKeys (ConfUtils.java:logGet(43)) - raft.server.log.force.sync.num = 128 (default)
2019-09-26 13:15:18,064 [pool-27-thread-1] INFO  server.RaftServerConfigKeys (ConfUtils.java:logGet(43)) - raft.server.log.statemachine.data.sync = true (default)
2019-09-26 13:15:18,064 [pool-27-thread-1] INFO  server.RaftServerConfigKeys (ConfUtils.java:logGet(43)) - raft.server.log.statemachine.data.sync.timeout = 10s (default)
2019-09-26 13:15:18,064 [pool-27-thread-1] INFO  server.RaftServerConfigKeys (ConfUtils.java:logGet(43)) - raft.server.log.statemachine.data.sync.timeout.retry = -1 (default)
2019-09-26 13:15:18,064 [pool-27-thread-1] INFO  server.RaftServerConfigKeys (ConfUtils.java:logGet(43)) - raft.server.log.statemachine.data.caching.enabled = true (custom)
2019-09-26 13:15:18,065 [pool-27-thread-1] INFO  segmented.SegmentedRaftLogWorker (SegmentedRaftLogWorker.java:lambda$new$0(132)) - d09ba3db-71ae-4cc1-a070-460d4ee804eb@group-0320AC82605E-SegmentedRaftLogWorker: flushIndex: setUnconditionally 0 -> -1
2019-09-26 13:15:18,065 [pool-27-thread-1] INFO  server.RaftServerConfigKeys (ConfUtils.java:logGet(43)) - raft.server.snapshot.auto.trigger.enabled = true (custom)
2019-09-26 13:15:18,065 [pool-27-thread-1] INFO  server.RaftServerConfigKeys (ConfUtils.java:logGet(43)) - raft.server.snapshot.auto.trigger.threshold = 10000 (custom)
2019-09-26 13:15:18,066 [pool-27-thread-1] INFO  server.RaftServerConfigKeys (ConfUtils.java:logGet(43)) - raft.server.snapshot.retention.num.files = 5 (custom)
2019-09-26 13:15:18,066 [pool-27-thread-1] INFO  server.RaftServerConfigKeys (ConfUtils.java:logGet(43)) - raft.server.retrycache.expirytime = 600000ms (custom)
2019-09-26 13:15:18,070 [pool-27-thread-1] INFO  impl.RaftServerImpl (RaftServerImpl.java:start(185)) - d09ba3db-71ae-4cc1-a070-460d4ee804eb@group-0320AC82605E: start as a follower, conf=-1: [d09ba3db-71ae-4cc1-a070-460d4ee804eb:192.168.164.238:40638], old=null
2019-09-26 13:15:18,070 [pool-27-thread-1] INFO  impl.RaftServerImpl (RaftServerImpl.java:setRole(174)) - d09ba3db-71ae-4cc1-a070-460d4ee804eb@group-0320AC82605E: changes role from      null to FOLLOWER at term 0 for startAsFollower
2019-09-26 13:15:18,070 [pool-27-thread-1] INFO  impl.RoleInfo (RoleInfo.java:updateAndGet(143)) - d09ba3db-71ae-4cc1-a070-460d4ee804eb: start FollowerState
2019-09-26 13:15:18,071 [pool-27-thread-1] INFO  util.JmxRegister (JmxRegister.java:tryRegister(44)) - Successfully registered JMX Bean with object name Ratis:service=RaftServer,group=group-0320AC82605E,id=d09ba3db-71ae-4cc1-a070-460d4ee804eb
2019-09-26 13:15:18,081 [RatisPipelineUtilsThread] INFO  pipeline.PipelineStateManager (PipelineStateManager.java:addPipeline(56)) - Created pipeline Pipeline[ Id: 9d15d13e-a973-4c10-9e9c-0320ac82605e, Nodes: d09ba3db-71ae-4cc1-a070-460d4ee804eb{ip: 192.168.164.238, host: pr-hdds-1569-87zkn-1081879488, networkLocation: /default-rack, certSerialId: null}, Type:RATIS, Factor:ONE, State:OPEN]
2019-09-26 13:15:18,094 [grpc-default-executor-0] INFO  impl.RaftServerProxy (RaftServerProxy.java:addNew(89)) - d09ba3db-71ae-4cc1-a070-460d4ee804eb: addNew group-6E7FE6DC70B6:[d09ba3db-71ae-4cc1-a070-460d4ee804eb:192.168.164.238:40638] returns group-6E7FE6DC70B6:java.util.concurrent.CompletableFuture@521d818a[Not completed]
2019-09-26 13:15:18,095 [pool-27-thread-1] INFO  impl.RaftServerImpl (RaftServerImpl.java:<init>(95)) - d09ba3db-71ae-4cc1-a070-460d4ee804eb: new RaftServerImpl for group-6E7FE6DC70B6:[d09ba3db-71ae-4cc1-a070-460d4ee804eb:192.168.164.238:40638] with ContainerStateMachine:uninitialized
2019-09-26 13:15:18,096 [pool-27-thread-1] INFO  server.RaftServerConfigKeys (ConfUtils.java:logGet(43)) - raft.server.rpc.timeout.min = 5s (custom)
2019-09-26 13:15:18,096 [pool-27-thread-1] INFO  server.RaftServerConfigKeys (ConfUtils.java:logGet(43)) - raft.server.rpc.timeout.max = 5200ms (custom)
2019-09-26 13:15:18,096 [pool-27-thread-1] INFO  server.RaftServerConfigKeys (ConfUtils.java:logGet(43)) - raft.server.rpcslowness.timeout = 120s (custom)
2019-09-26 13:15:18,096 [pool-27-thread-1] INFO  server.RaftServerConfigKeys (ConfUtils.java:logGet(43)) - raft.server.sleep.deviation.threshold = 300 (default)
2019-09-26 13:15:18,096 [pool-27-thread-1] INFO  server.RaftServerConfigKeys (ConfUtils.java:logGet(43)) - raft.server.log.appender.install.snapshot.enabled = false (custom)
2019-09-26 13:15:18,096 [pool-27-thread-1] INFO  impl.RaftServerImpl (ServerState.java:<init>(103)) - d09ba3db-71ae-4cc1-a070-460d4ee804eb@group-6E7FE6DC70B6: ConfigurationManager, init=-1: [d09ba3db-71ae-4cc1-a070-460d4ee804eb:192.168.164.238:40638], old=null, confs=<EMPTY_MAP>
2019-09-26 13:15:18,096 [pool-27-thread-1] INFO  server.RaftServerConfigKeys (ConfUtils.java:logGet(43)) - raft.server.storage.dir = [/workdir/hadoop-ozone/integration-test/target/test-dir/MiniOzoneClusterImpl-a863f920-e703-48bd-ac3b-b0b5d168c43d/datanode-0/data/ratis] (custom)
2019-09-26 13:15:18,097 [pool-27-thread-1] INFO  storage.RaftStorageDirectory (RaftStorageDirectory.java:analyzeStorage(246)) - The storage directory /workdir/hadoop-ozone/integration-test/target/test-dir/MiniOzoneClusterImpl-a863f920-e703-48bd-ac3b-b0b5d168c43d/datanode-0/data/ratis/69330351-2229-4e4c-9638-6e7fe6dc70b6 does not exist. Creating ...
2019-09-26 13:15:18,109 [pool-27-thread-1] INFO  storage.RaftStorageDirectory (RaftStorageDirectory.java:tryLock(328)) - Lock on /workdir/hadoop-ozone/integration-test/target/test-dir/MiniOzoneClusterImpl-a863f920-e703-48bd-ac3b-b0b5d168c43d/datanode-0/data/ratis/69330351-2229-4e4c-9638-6e7fe6dc70b6/in_use.lock acquired by nodename 12747@pr-hdds-1569-87zkn-1081879488
2019-09-26 13:15:18,122 [pool-27-thread-1] INFO  storage.RaftStorage (RaftStorage.java:format(72)) - Storage directory /workdir/hadoop-ozone/integration-test/target/test-dir/MiniOzoneClusterImpl-a863f920-e703-48bd-ac3b-b0b5d168c43d/datanode-0/data/ratis/69330351-2229-4e4c-9638-6e7fe6dc70b6 has been successfully formatted.
2019-09-26 13:15:18,123 [pool-27-thread-1] INFO  ratis.ContainerStateMachine (ContainerStateMachine.java:loadSnapshot(230)) - group-6E7FE6DC70B6: The snapshot info is null. Setting the last applied indexto:(t:0, i:~)
2019-09-26 13:15:18,123 [pool-27-thread-1] INFO  server.RaftServerConfigKeys (ConfUtils.java:logGet(43)) - raft.server.notification.no-leader.timeout = 120s (custom)
2019-09-26 13:15:18,123 [pool-27-thread-1] INFO  server.RaftServerConfigKeys (ConfUtils.java:logGet(43)) - raft.server.log.use.memory = false (default)
2019-09-26 13:15:18,124 [pool-27-thread-1] INFO  server.RaftServerConfigKeys (ConfUtils.java:logGet(43)) - raft.server.log.purge.gap = 1000000 (custom)
2019-09-26 13:15:18,124 [pool-27-thread-1] INFO  server.RaftServerConfigKeys (ConfUtils.java:logGet(43)) - raft.server.log.appender.buffer.byte-limit = 33554432 (custom)
2019-09-26 13:15:18,124 [pool-27-thread-1] INFO  server.RaftServerConfigKeys (ConfUtils.java:logGet(43)) - raft.server.log.segment.size.max = 1048576 (custom)
2019-09-26 13:15:18,124 [pool-27-thread-1] INFO  server.RaftServerConfigKeys (ConfUtils.java:logGet(43)) - raft.server.log.segment.cache.num.max = 2 (custom)
2019-09-26 13:15:18,124 [pool-27-thread-1] INFO  segmented.SegmentedRaftLogWorker (SegmentedRaftLogWorker.java:<init>(172)) - new d09ba3db-71ae-4cc1-a070-460d4ee804eb@group-6E7FE6DC70B6-SegmentedRaftLogWorker for RaftStorage:Storage Directory /workdir/hadoop-ozone/integration-test/target/test-dir/MiniOzoneClusterImpl-a863f920-e703-48bd-ac3b-b0b5d168c43d/datanode-0/data/ratis/69330351-2229-4e4c-9638-6e7fe6dc70b6
2019-09-26 13:15:18,124 [pool-27-thread-1] INFO  server.RaftServerConfigKeys (ConfUtils.java:logGet(43)) - raft.server.log.queue.byte-limit = 2147483647 (custom)
2019-09-26 13:15:18,124 [pool-27-thread-1] INFO  server.RaftServerConfigKeys (ConfUtils.java:logGet(43)) - raft.server.log.queue.element-limit = 1024 (custom)
2019-09-26 13:15:18,125 [pool-27-thread-1] INFO  server.RaftServerConfigKeys (ConfUtils.java:logGet(43)) - raft.server.log.segment.size.max = 1048576 (custom)
2019-09-26 13:15:18,125 [pool-27-thread-1] INFO  server.RaftServerConfigKeys (ConfUtils.java:logGet(43)) - raft.server.log.preallocated.size = 16384 (custom)
2019-09-26 13:15:18,125 [pool-27-thread-1] INFO  server.RaftServerConfigKeys (ConfUtils.java:logGet(43)) - raft.server.log.write.buffer.size = 33554432 (custom)
2019-09-26 13:15:18,125 [pool-27-thread-1] INFO  server.RaftServerConfigKeys (ConfUtils.java:logGet(43)) - raft.server.log.force.sync.num = 128 (default)
2019-09-26 13:15:18,126 [pool-27-thread-1] INFO  server.RaftServerConfigKeys (ConfUtils.java:logGet(43)) - raft.server.log.statemachine.data.sync = true (default)
2019-09-26 13:15:18,126 [pool-27-thread-1] INFO  server.RaftServerConfigKeys (ConfUtils.java:logGet(43)) - raft.server.log.statemachine.data.sync.timeout = 10s (default)
2019-09-26 13:15:18,126 [pool-27-thread-1] INFO  server.RaftServerConfigKeys (ConfUtils.java:logGet(43)) - raft.server.log.statemachine.data.sync.timeout.retry = -1 (default)
2019-09-26 13:15:18,126 [pool-27-thread-1] INFO  server.RaftServerConfigKeys (ConfUtils.java:logGet(43)) - raft.server.log.statemachine.data.caching.enabled = true (custom)
2019-09-26 13:15:18,127 [pool-27-thread-1] INFO  segmented.SegmentedRaftLogWorker (SegmentedRaftLogWorker.java:lambda$new$0(132)) - d09ba3db-71ae-4cc1-a070-460d4ee804eb@group-6E7FE6DC70B6-SegmentedRaftLogWorker: flushIndex: setUnconditionally 0 -> -1
2019-09-26 13:15:18,127 [pool-27-thread-1] INFO  server.RaftServerConfigKeys (ConfUtils.java:logGet(43)) - raft.server.snapshot.auto.trigger.enabled = true (custom)
2019-09-26 13:15:18,127 [pool-27-thread-1] INFO  server.RaftServerConfigKeys (ConfUtils.java:logGet(43)) - raft.server.snapshot.auto.trigger.threshold = 10000 (custom)
2019-09-26 13:15:18,127 [pool-27-thread-1] INFO  server.RaftServerConfigKeys (ConfUtils.java:logGet(43)) - raft.server.snapshot.retention.num.files = 5 (custom)
2019-09-26 13:15:18,127 [pool-27-thread-1] INFO  server.RaftServerConfigKeys (ConfUtils.java:logGet(43)) - raft.server.retrycache.expirytime = 600000ms (custom)
2019-09-26 13:15:18,130 [pool-27-thread-1] INFO  impl.RaftServerImpl (RaftServerImpl.java:start(185)) - d09ba3db-71ae-4cc1-a070-460d4ee804eb@group-6E7FE6DC70B6: start as a follower, conf=-1: [d09ba3db-71ae-4cc1-a070-460d4ee804eb:192.168.164.238:40638], old=null
2019-09-26 13:15:18,131 [pool-27-thread-1] INFO  impl.RaftServerImpl (RaftServerImpl.java:setRole(174)) - d09ba3db-71ae-4cc1-a070-460d4ee804eb@group-6E7FE6DC70B6: changes role from      null to FOLLOWER at term 0 for startAsFollower
2019-09-26 13:15:18,131 [pool-27-thread-1] INFO  impl.RoleInfo (RoleInfo.java:updateAndGet(143)) - d09ba3db-71ae-4cc1-a070-460d4ee804eb: start FollowerState
2019-09-26 13:15:18,131 [pool-27-thread-1] INFO  util.JmxRegister (JmxRegister.java:tryRegister(44)) - Successfully registered JMX Bean with object name Ratis:service=RaftServer,group=group-6E7FE6DC70B6,id=d09ba3db-71ae-4cc1-a070-460d4ee804eb
2019-09-26 13:15:18,139 [RatisPipelineUtilsThread] INFO  pipeline.PipelineStateManager (PipelineStateManager.java:addPipeline(56)) - Created pipeline Pipeline[ Id: 69330351-2229-4e4c-9638-6e7fe6dc70b6, Nodes: d09ba3db-71ae-4cc1-a070-460d4ee804eb{ip: 192.168.164.238, host: pr-hdds-1569-87zkn-1081879488, networkLocation: /default-rack, certSerialId: null}, Type:RATIS, Factor:ONE, State:OPEN]
2019-09-26 13:15:18,140 [RatisPipelineUtilsThread] INFO  pipeline.PipelinePlacementPolicy (PipelinePlacementPolicy.java:meetCriteria(91)) - Pipeline Placement: can't place more pipeline on heavy datanode： d09ba3db-71ae-4cc1-a070-460d4ee804eb Heaviness: 6 limit: 5
2019-09-26 13:15:18,151 [grpc-default-executor-0] INFO  impl.RaftServerProxy (RaftServerProxy.java:addNew(89)) - 4e306e3f-25ae-4809-b976-e74c1f449d85: addNew group-CDC09BA6C402:[4e306e3f-25ae-4809-b976-e74c1f449d85:192.168.164.238:46846] returns group-CDC09BA6C402:java.util.concurrent.CompletableFuture@429a22d9[Not completed]
2019-09-26 13:15:18,153 [pool-37-thread-1] INFO  impl.RaftServerImpl (RaftServerImpl.java:<init>(95)) - 4e306e3f-25ae-4809-b976-e74c1f449d85: new RaftServerImpl for group-CDC09BA6C402:[4e306e3f-25ae-4809-b976-e74c1f449d85:192.168.164.238:46846] with ContainerStateMachine:uninitialized
2019-09-26 13:15:18,153 [pool-37-thread-1] INFO  server.RaftServerConfigKeys (ConfUtils.java:logGet(43)) - raft.server.rpc.timeout.min = 5s (custom)
2019-09-26 13:15:18,154 [pool-37-thread-1] INFO  server.RaftServerConfigKeys (ConfUtils.java:logGet(43)) - raft.server.rpc.timeout.max = 5200ms (custom)
2019-09-26 13:15:18,154 [pool-37-thread-1] INFO  server.RaftServerConfigKeys (ConfUtils.java:logGet(43)) - raft.server.rpcslowness.timeout = 120s (custom)
2019-09-26 13:15:18,154 [pool-37-thread-1] INFO  server.RaftServerConfigKeys (ConfUtils.java:logGet(43)) - raft.server.sleep.deviation.threshold = 300 (default)
2019-09-26 13:15:18,154 [pool-37-thread-1] INFO  server.RaftServerConfigKeys (ConfUtils.java:logGet(43)) - raft.server.log.appender.install.snapshot.enabled = false (custom)
2019-09-26 13:15:18,154 [pool-37-thread-1] INFO  impl.RaftServerImpl (ServerState.java:<init>(103)) - 4e306e3f-25ae-4809-b976-e74c1f449d85@group-CDC09BA6C402: ConfigurationManager, init=-1: [4e306e3f-25ae-4809-b976-e74c1f449d85:192.168.164.238:46846], old=null, confs=<EMPTY_MAP>
2019-09-26 13:15:18,154 [pool-37-thread-1] INFO  server.RaftServerConfigKeys (ConfUtils.java:logGet(43)) - raft.server.storage.dir = [/workdir/hadoop-ozone/integration-test/target/test-dir/MiniOzoneClusterImpl-a863f920-e703-48bd-ac3b-b0b5d168c43d/datanode-1/data/ratis] (custom)
2019-09-26 13:15:18,155 [pool-37-thread-1] INFO  storage.RaftStorageDirectory (RaftStorageDirectory.java:analyzeStorage(246)) - The storage directory /workdir/hadoop-ozone/integration-test/target/test-dir/MiniOzoneClusterImpl-a863f920-e703-48bd-ac3b-b0b5d168c43d/datanode-1/data/ratis/a052bd12-0fd5-449d-84cf-cdc09ba6c402 does not exist. Creating ...
2019-09-26 13:15:18,176 [pool-37-thread-1] INFO  storage.RaftStorageDirectory (RaftStorageDirectory.java:tryLock(328)) - Lock on /workdir/hadoop-ozone/integration-test/target/test-dir/MiniOzoneClusterImpl-a863f920-e703-48bd-ac3b-b0b5d168c43d/datanode-1/data/ratis/a052bd12-0fd5-449d-84cf-cdc09ba6c402/in_use.lock acquired by nodename 12747@pr-hdds-1569-87zkn-1081879488
2019-09-26 13:15:18,190 [pool-37-thread-1] INFO  storage.RaftStorage (RaftStorage.java:format(72)) - Storage directory /workdir/hadoop-ozone/integration-test/target/test-dir/MiniOzoneClusterImpl-a863f920-e703-48bd-ac3b-b0b5d168c43d/datanode-1/data/ratis/a052bd12-0fd5-449d-84cf-cdc09ba6c402 has been successfully formatted.
2019-09-26 13:15:18,190 [pool-37-thread-1] INFO  ratis.ContainerStateMachine (ContainerStateMachine.java:loadSnapshot(230)) - group-CDC09BA6C402: The snapshot info is null. Setting the last applied indexto:(t:0, i:~)
2019-09-26 13:15:18,190 [pool-37-thread-1] INFO  server.RaftServerConfigKeys (ConfUtils.java:logGet(43)) - raft.server.notification.no-leader.timeout = 120s (custom)
2019-09-26 13:15:18,190 [pool-37-thread-1] INFO  server.RaftServerConfigKeys (ConfUtils.java:logGet(43)) - raft.server.log.use.memory = false (default)
2019-09-26 13:15:18,191 [pool-37-thread-1] INFO  server.RaftServerConfigKeys (ConfUtils.java:logGet(43)) - raft.server.log.purge.gap = 1000000 (custom)
2019-09-26 13:15:18,191 [pool-37-thread-1] INFO  server.RaftServerConfigKeys (ConfUtils.java:logGet(43)) - raft.server.log.appender.buffer.byte-limit = 33554432 (custom)
2019-09-26 13:15:18,191 [pool-37-thread-1] INFO  server.RaftServerConfigKeys (ConfUtils.java:logGet(43)) - raft.server.log.segment.size.max = 1048576 (custom)
2019-09-26 13:15:18,191 [pool-37-thread-1] INFO  server.RaftServerConfigKeys (ConfUtils.java:logGet(43)) - raft.server.log.segment.cache.num.max = 2 (custom)
2019-09-26 13:15:18,191 [pool-37-thread-1] INFO  segmented.SegmentedRaftLogWorker (SegmentedRaftLogWorker.java:<init>(172)) - new 4e306e3f-25ae-4809-b976-e74c1f449d85@group-CDC09BA6C402-SegmentedRaftLogWorker for RaftStorage:Storage Directory /workdir/hadoop-ozone/integration-test/target/test-dir/MiniOzoneClusterImpl-a863f920-e703-48bd-ac3b-b0b5d168c43d/datanode-1/data/ratis/a052bd12-0fd5-449d-84cf-cdc09ba6c402
2019-09-26 13:15:18,194 [pool-37-thread-1] INFO  server.RaftServerConfigKeys (ConfUtils.java:logGet(43)) - raft.server.log.queue.byte-limit = 2147483647 (custom)
2019-09-26 13:15:18,194 [pool-37-thread-1] INFO  server.RaftServerConfigKeys (ConfUtils.java:logGet(43)) - raft.server.log.queue.element-limit = 1024 (custom)
2019-09-26 13:15:18,195 [pool-37-thread-1] INFO  server.RaftServerConfigKeys (ConfUtils.java:logGet(43)) - raft.server.log.segment.size.max = 1048576 (custom)
2019-09-26 13:15:18,195 [pool-37-thread-1] INFO  server.RaftServerConfigKeys (ConfUtils.java:logGet(43)) - raft.server.log.preallocated.size = 16384 (custom)
2019-09-26 13:15:18,195 [pool-37-thread-1] INFO  server.RaftServerConfigKeys (ConfUtils.java:logGet(43)) - raft.server.log.write.buffer.size = 33554432 (custom)
2019-09-26 13:15:18,195 [pool-37-thread-1] INFO  server.RaftServerConfigKeys (ConfUtils.java:logGet(43)) - raft.server.log.force.sync.num = 128 (default)
2019-09-26 13:15:18,195 [pool-37-thread-1] INFO  server.RaftServerConfigKeys (ConfUtils.java:logGet(43)) - raft.server.log.statemachine.data.sync = true (default)
2019-09-26 13:15:18,195 [pool-37-thread-1] INFO  server.RaftServerConfigKeys (ConfUtils.java:logGet(43)) - raft.server.log.statemachine.data.sync.timeout = 10s (default)
2019-09-26 13:15:18,195 [pool-37-thread-1] INFO  server.RaftServerConfigKeys (ConfUtils.java:logGet(43)) - raft.server.log.statemachine.data.sync.timeout.retry = -1 (default)
2019-09-26 13:15:18,196 [pool-37-thread-1] INFO  server.RaftServerConfigKeys (ConfUtils.java:logGet(43)) - raft.server.log.statemachine.data.caching.enabled = true (custom)
2019-09-26 13:15:18,196 [pool-37-thread-1] INFO  segmented.SegmentedRaftLogWorker (SegmentedRaftLogWorker.java:lambda$new$0(132)) - 4e306e3f-25ae-4809-b976-e74c1f449d85@group-CDC09BA6C402-SegmentedRaftLogWorker: flushIndex: setUnconditionally 0 -> -1
2019-09-26 13:15:18,196 [pool-37-thread-1] INFO  server.RaftServerConfigKeys (ConfUtils.java:logGet(43)) - raft.server.snapshot.auto.trigger.enabled = true (custom)
2019-09-26 13:15:18,196 [pool-37-thread-1] INFO  server.RaftServerConfigKeys (ConfUtils.java:logGet(43)) - raft.server.snapshot.auto.trigger.threshold = 10000 (custom)
2019-09-26 13:15:18,196 [pool-37-thread-1] INFO  server.RaftServerConfigKeys (ConfUtils.java:logGet(43)) - raft.server.snapshot.retention.num.files = 5 (custom)
2019-09-26 13:15:18,196 [pool-37-thread-1] INFO  server.RaftServerConfigKeys (ConfUtils.java:logGet(43)) - raft.server.retrycache.expirytime = 600000ms (custom)
2019-09-26 13:15:18,199 [pool-37-thread-1] INFO  impl.RaftServerImpl (RaftServerImpl.java:start(185)) - 4e306e3f-25ae-4809-b976-e74c1f449d85@group-CDC09BA6C402: start as a follower, conf=-1: [4e306e3f-25ae-4809-b976-e74c1f449d85:192.168.164.238:46846], old=null
2019-09-26 13:15:18,199 [pool-37-thread-1] INFO  impl.RaftServerImpl (RaftServerImpl.java:setRole(174)) - 4e306e3f-25ae-4809-b976-e74c1f449d85@group-CDC09BA6C402: changes role from      null to FOLLOWER at term 0 for startAsFollower
2019-09-26 13:15:18,199 [pool-37-thread-1] INFO  impl.RoleInfo (RoleInfo.java:updateAndGet(143)) - 4e306e3f-25ae-4809-b976-e74c1f449d85: start FollowerState
2019-09-26 13:15:18,199 [pool-37-thread-1] INFO  util.JmxRegister (JmxRegister.java:tryRegister(44)) - Successfully registered JMX Bean with object name Ratis:service=RaftServer,group=group-CDC09BA6C402,id=4e306e3f-25ae-4809-b976-e74c1f449d85
2019-09-26 13:15:18,209 [RatisPipelineUtilsThread] INFO  pipeline.PipelineStateManager (PipelineStateManager.java:addPipeline(56)) - Created pipeline Pipeline[ Id: a052bd12-0fd5-449d-84cf-cdc09ba6c402, Nodes: 4e306e3f-25ae-4809-b976-e74c1f449d85{ip: 192.168.164.238, host: pr-hdds-1569-87zkn-1081879488, networkLocation: /default-rack, certSerialId: null}, Type:RATIS, Factor:ONE, State:OPEN]
2019-09-26 13:15:18,210 [RatisPipelineUtilsThread] INFO  pipeline.PipelinePlacementPolicy (PipelinePlacementPolicy.java:meetCriteria(91)) - Pipeline Placement: can't place more pipeline on heavy datanode： d09ba3db-71ae-4cc1-a070-460d4ee804eb Heaviness: 6 limit: 5
2019-09-26 13:15:18,222 [grpc-default-executor-0] INFO  impl.RaftServerProxy (RaftServerProxy.java:addNew(89)) - 93c1ba8e-47f4-467f-954e-a2b5e39419a0: addNew group-66614F6DCA8D:[93c1ba8e-47f4-467f-954e-a2b5e39419a0:192.168.164.238:42902] returns group-66614F6DCA8D:java.util.concurrent.CompletableFuture@6f8baf7c[Not completed]
2019-09-26 13:15:18,223 [pool-67-thread-1] INFO  impl.RaftServerImpl (RaftServerImpl.java:<init>(95)) - 93c1ba8e-47f4-467f-954e-a2b5e39419a0: new RaftServerImpl for group-66614F6DCA8D:[93c1ba8e-47f4-467f-954e-a2b5e39419a0:192.168.164.238:42902] with ContainerStateMachine:uninitialized
2019-09-26 13:15:18,223 [pool-67-thread-1] INFO  server.RaftServerConfigKeys (ConfUtils.java:logGet(43)) - raft.server.rpc.timeout.min = 5s (custom)
2019-09-26 13:15:18,223 [pool-67-thread-1] INFO  server.RaftServerConfigKeys (ConfUtils.java:logGet(43)) - raft.server.rpc.timeout.max = 5200ms (custom)
2019-09-26 13:15:18,224 [pool-67-thread-1] INFO  server.RaftServerConfigKeys (ConfUtils.java:logGet(43)) - raft.server.rpcslowness.timeout = 120s (custom)
2019-09-26 13:15:18,224 [pool-67-thread-1] INFO  server.RaftServerConfigKeys (ConfUtils.java:logGet(43)) - raft.server.sleep.deviation.threshold = 300 (default)
2019-09-26 13:15:18,224 [pool-67-thread-1] INFO  server.RaftServerConfigKeys (ConfUtils.java:logGet(43)) - raft.server.log.appender.install.snapshot.enabled = false (custom)
2019-09-26 13:15:18,224 [pool-67-thread-1] INFO  impl.RaftServerImpl (ServerState.java:<init>(103)) - 93c1ba8e-47f4-467f-954e-a2b5e39419a0@group-66614F6DCA8D: ConfigurationManager, init=-1: [93c1ba8e-47f4-467f-954e-a2b5e39419a0:192.168.164.238:42902], old=null, confs=<EMPTY_MAP>
2019-09-26 13:15:18,224 [pool-67-thread-1] INFO  server.RaftServerConfigKeys (ConfUtils.java:logGet(43)) - raft.server.storage.dir = [/workdir/hadoop-ozone/integration-test/target/test-dir/MiniOzoneClusterImpl-a863f920-e703-48bd-ac3b-b0b5d168c43d/datanode-4/data/ratis] (custom)
2019-09-26 13:15:18,224 [pool-67-thread-1] INFO  storage.RaftStorageDirectory (RaftStorageDirectory.java:analyzeStorage(246)) - The storage directory /workdir/hadoop-ozone/integration-test/target/test-dir/MiniOzoneClusterImpl-a863f920-e703-48bd-ac3b-b0b5d168c43d/datanode-4/data/ratis/a16b33d4-2cd9-482d-8f79-66614f6dca8d does not exist. Creating ...
2019-09-26 13:15:18,238 [pool-67-thread-1] INFO  storage.RaftStorageDirectory (RaftStorageDirectory.java:tryLock(328)) - Lock on /workdir/hadoop-ozone/integration-test/target/test-dir/MiniOzoneClusterImpl-a863f920-e703-48bd-ac3b-b0b5d168c43d/datanode-4/data/ratis/a16b33d4-2cd9-482d-8f79-66614f6dca8d/in_use.lock acquired by nodename 12747@pr-hdds-1569-87zkn-1081879488
2019-09-26 13:15:18,252 [pool-67-thread-1] INFO  storage.RaftStorage (RaftStorage.java:format(72)) - Storage directory /workdir/hadoop-ozone/integration-test/target/test-dir/MiniOzoneClusterImpl-a863f920-e703-48bd-ac3b-b0b5d168c43d/datanode-4/data/ratis/a16b33d4-2cd9-482d-8f79-66614f6dca8d has been successfully formatted.
2019-09-26 13:15:18,252 [pool-67-thread-1] INFO  ratis.ContainerStateMachine (ContainerStateMachine.java:loadSnapshot(230)) - group-66614F6DCA8D: The snapshot info is null. Setting the last applied indexto:(t:0, i:~)
2019-09-26 13:15:18,252 [pool-67-thread-1] INFO  server.RaftServerConfigKeys (ConfUtils.java:logGet(43)) - raft.server.notification.no-leader.timeout = 120s (custom)
2019-09-26 13:15:18,252 [pool-67-thread-1] INFO  server.RaftServerConfigKeys (ConfUtils.java:logGet(43)) - raft.server.log.use.memory = false (default)
2019-09-26 13:15:18,253 [pool-67-thread-1] INFO  server.RaftServerConfigKeys (ConfUtils.java:logGet(43)) - raft.server.log.purge.gap = 1000000 (custom)
2019-09-26 13:15:18,253 [pool-67-thread-1] INFO  server.RaftServerConfigKeys (ConfUtils.java:logGet(43)) - raft.server.log.appender.buffer.byte-limit = 33554432 (custom)
2019-09-26 13:15:18,253 [pool-67-thread-1] INFO  server.RaftServerConfigKeys (ConfUtils.java:logGet(43)) - raft.server.log.segment.size.max = 1048576 (custom)
2019-09-26 13:15:18,253 [pool-67-thread-1] INFO  server.RaftServerConfigKeys (ConfUtils.java:logGet(43)) - raft.server.log.segment.cache.num.max = 2 (custom)
2019-09-26 13:15:18,253 [pool-67-thread-1] INFO  segmented.SegmentedRaftLogWorker (SegmentedRaftLogWorker.java:<init>(172)) - new 93c1ba8e-47f4-467f-954e-a2b5e39419a0@group-66614F6DCA8D-SegmentedRaftLogWorker for RaftStorage:Storage Directory /workdir/hadoop-ozone/integration-test/target/test-dir/MiniOzoneClusterImpl-a863f920-e703-48bd-ac3b-b0b5d168c43d/datanode-4/data/ratis/a16b33d4-2cd9-482d-8f79-66614f6dca8d
2019-09-26 13:15:18,253 [pool-67-thread-1] INFO  server.RaftServerConfigKeys (ConfUtils.java:logGet(43)) - raft.server.log.queue.byte-limit = 2147483647 (custom)
2019-09-26 13:15:18,253 [pool-67-thread-1] INFO  server.RaftServerConfigKeys (ConfUtils.java:logGet(43)) - raft.server.log.queue.element-limit = 1024 (custom)
2019-09-26 13:15:18,253 [pool-67-thread-1] INFO  server.RaftServerConfigKeys (ConfUtils.java:logGet(43)) - raft.server.log.segment.size.max = 1048576 (custom)
2019-09-26 13:15:18,254 [pool-67-thread-1] INFO  server.RaftServerConfigKeys (ConfUtils.java:logGet(43)) - raft.server.log.preallocated.size = 16384 (custom)
2019-09-26 13:15:18,254 [pool-67-thread-1] INFO  server.RaftServerConfigKeys (ConfUtils.java:logGet(43)) - raft.server.log.write.buffer.size = 33554432 (custom)
2019-09-26 13:15:18,254 [pool-67-thread-1] INFO  server.RaftServerConfigKeys (ConfUtils.java:logGet(43)) - raft.server.log.force.sync.num = 128 (default)
2019-09-26 13:15:18,254 [pool-67-thread-1] INFO  server.RaftServerConfigKeys (ConfUtils.java:logGet(43)) - raft.server.log.statemachine.data.sync = true (default)
2019-09-26 13:15:18,254 [pool-67-thread-1] INFO  server.RaftServerConfigKeys (ConfUtils.java:logGet(43)) - raft.server.log.statemachine.data.sync.timeout = 10s (default)
2019-09-26 13:15:18,254 [pool-67-thread-1] INFO  server.RaftServerConfigKeys (ConfUtils.java:logGet(43)) - raft.server.log.statemachine.data.sync.timeout.retry = -1 (default)
2019-09-26 13:15:18,254 [pool-67-thread-1] INFO  server.RaftServerConfigKeys (ConfUtils.java:logGet(43)) - raft.server.log.statemachine.data.caching.enabled = true (custom)
2019-09-26 13:15:18,255 [pool-67-thread-1] INFO  segmented.SegmentedRaftLogWorker (SegmentedRaftLogWorker.java:lambda$new$0(132)) - 93c1ba8e-47f4-467f-954e-a2b5e39419a0@group-66614F6DCA8D-SegmentedRaftLogWorker: flushIndex: setUnconditionally 0 -> -1
2019-09-26 13:15:18,255 [pool-67-thread-1] INFO  server.RaftServerConfigKeys (ConfUtils.java:logGet(43)) - raft.server.snapshot.auto.trigger.enabled = true (custom)
2019-09-26 13:15:18,255 [pool-67-thread-1] INFO  server.RaftServerConfigKeys (ConfUtils.java:logGet(43)) - raft.server.snapshot.auto.trigger.threshold = 10000 (custom)
2019-09-26 13:15:18,255 [pool-67-thread-1] INFO  server.RaftServerConfigKeys (ConfUtils.java:logGet(43)) - raft.server.snapshot.retention.num.files = 5 (custom)
2019-09-26 13:15:18,255 [pool-67-thread-1] INFO  server.RaftServerConfigKeys (ConfUtils.java:logGet(43)) - raft.server.retrycache.expirytime = 600000ms (custom)
2019-09-26 13:15:18,258 [pool-67-thread-1] INFO  impl.RaftServerImpl (RaftServerImpl.java:start(185)) - 93c1ba8e-47f4-467f-954e-a2b5e39419a0@group-66614F6DCA8D: start as a follower, conf=-1: [93c1ba8e-47f4-467f-954e-a2b5e39419a0:192.168.164.238:42902], old=null
2019-09-26 13:15:18,258 [pool-67-thread-1] INFO  impl.RaftServerImpl (RaftServerImpl.java:setRole(174)) - 93c1ba8e-47f4-467f-954e-a2b5e39419a0@group-66614F6DCA8D: changes role from      null to FOLLOWER at term 0 for startAsFollower
2019-09-26 13:15:18,258 [pool-67-thread-1] INFO  impl.RoleInfo (RoleInfo.java:updateAndGet(143)) - 93c1ba8e-47f4-467f-954e-a2b5e39419a0: start FollowerState
2019-09-26 13:15:18,259 [pool-67-thread-1] INFO  util.JmxRegister (JmxRegister.java:tryRegister(44)) - Successfully registered JMX Bean with object name Ratis:service=RaftServer,group=group-66614F6DCA8D,id=93c1ba8e-47f4-467f-954e-a2b5e39419a0
2019-09-26 13:15:18,268 [RatisPipelineUtilsThread] INFO  pipeline.PipelineStateManager (PipelineStateManager.java:addPipeline(56)) - Created pipeline Pipeline[ Id: a16b33d4-2cd9-482d-8f79-66614f6dca8d, Nodes: 93c1ba8e-47f4-467f-954e-a2b5e39419a0{ip: 192.168.164.238, host: pr-hdds-1569-87zkn-1081879488, networkLocation: /default-rack, certSerialId: null}, Type:RATIS, Factor:ONE, State:OPEN]
2019-09-26 13:15:18,268 [RatisPipelineUtilsThread] INFO  pipeline.PipelinePlacementPolicy (PipelinePlacementPolicy.java:meetCriteria(91)) - Pipeline Placement: can't place more pipeline on heavy datanode： d09ba3db-71ae-4cc1-a070-460d4ee804eb Heaviness: 6 limit: 5
2019-09-26 13:15:18,278 [grpc-default-executor-0] INFO  impl.RaftServerProxy (RaftServerProxy.java:addNew(89)) - 4e306e3f-25ae-4809-b976-e74c1f449d85: addNew group-05441FB5FEA6:[4e306e3f-25ae-4809-b976-e74c1f449d85:192.168.164.238:46846] returns group-05441FB5FEA6:java.util.concurrent.CompletableFuture@367b6ad[Not completed]
2019-09-26 13:15:18,280 [pool-37-thread-1] INFO  impl.RaftServerImpl (RaftServerImpl.java:<init>(95)) - 4e306e3f-25ae-4809-b976-e74c1f449d85: new RaftServerImpl for group-05441FB5FEA6:[4e306e3f-25ae-4809-b976-e74c1f449d85:192.168.164.238:46846] with ContainerStateMachine:uninitialized
2019-09-26 13:15:18,280 [pool-37-thread-1] INFO  server.RaftServerConfigKeys (ConfUtils.java:logGet(43)) - raft.server.rpc.timeout.min = 5s (custom)
2019-09-26 13:15:18,280 [pool-37-thread-1] INFO  server.RaftServerConfigKeys (ConfUtils.java:logGet(43)) - raft.server.rpc.timeout.max = 5200ms (custom)
2019-09-26 13:15:18,280 [pool-37-thread-1] INFO  server.RaftServerConfigKeys (ConfUtils.java:logGet(43)) - raft.server.rpcslowness.timeout = 120s (custom)
2019-09-26 13:15:18,280 [pool-37-thread-1] INFO  server.RaftServerConfigKeys (ConfUtils.java:logGet(43)) - raft.server.sleep.deviation.threshold = 300 (default)
2019-09-26 13:15:18,280 [pool-37-thread-1] INFO  server.RaftServerConfigKeys (ConfUtils.java:logGet(43)) - raft.server.log.appender.install.snapshot.enabled = false (custom)
2019-09-26 13:15:18,280 [pool-37-thread-1] INFO  impl.RaftServerImpl (ServerState.java:<init>(103)) - 4e306e3f-25ae-4809-b976-e74c1f449d85@group-05441FB5FEA6: ConfigurationManager, init=-1: [4e306e3f-25ae-4809-b976-e74c1f449d85:192.168.164.238:46846], old=null, confs=<EMPTY_MAP>
2019-09-26 13:15:18,281 [pool-37-thread-1] INFO  server.RaftServerConfigKeys (ConfUtils.java:logGet(43)) - raft.server.storage.dir = [/workdir/hadoop-ozone/integration-test/target/test-dir/MiniOzoneClusterImpl-a863f920-e703-48bd-ac3b-b0b5d168c43d/datanode-1/data/ratis] (custom)
2019-09-26 13:15:18,281 [pool-37-thread-1] INFO  storage.RaftStorageDirectory (RaftStorageDirectory.java:analyzeStorage(246)) - The storage directory /workdir/hadoop-ozone/integration-test/target/test-dir/MiniOzoneClusterImpl-a863f920-e703-48bd-ac3b-b0b5d168c43d/datanode-1/data/ratis/35d0ab55-9b18-4e2b-978f-05441fb5fea6 does not exist. Creating ...
2019-09-26 13:15:18,295 [pool-37-thread-1] INFO  storage.RaftStorageDirectory (RaftStorageDirectory.java:tryLock(328)) - Lock on /workdir/hadoop-ozone/integration-test/target/test-dir/MiniOzoneClusterImpl-a863f920-e703-48bd-ac3b-b0b5d168c43d/datanode-1/data/ratis/35d0ab55-9b18-4e2b-978f-05441fb5fea6/in_use.lock acquired by nodename 12747@pr-hdds-1569-87zkn-1081879488
2019-09-26 13:15:18,308 [pool-37-thread-1] INFO  storage.RaftStorage (RaftStorage.java:format(72)) - Storage directory /workdir/hadoop-ozone/integration-test/target/test-dir/MiniOzoneClusterImpl-a863f920-e703-48bd-ac3b-b0b5d168c43d/datanode-1/data/ratis/35d0ab55-9b18-4e2b-978f-05441fb5fea6 has been successfully formatted.
2019-09-26 13:15:18,308 [pool-37-thread-1] INFO  ratis.ContainerStateMachine (ContainerStateMachine.java:loadSnapshot(230)) - group-05441FB5FEA6: The snapshot info is null. Setting the last applied indexto:(t:0, i:~)
2019-09-26 13:15:18,308 [pool-37-thread-1] INFO  server.RaftServerConfigKeys (ConfUtils.java:logGet(43)) - raft.server.notification.no-leader.timeout = 120s (custom)
2019-09-26 13:15:18,308 [pool-37-thread-1] INFO  server.RaftServerConfigKeys (ConfUtils.java:logGet(43)) - raft.server.log.use.memory = false (default)
2019-09-26 13:15:18,308 [pool-37-thread-1] INFO  server.RaftServerConfigKeys (ConfUtils.java:logGet(43)) - raft.server.log.purge.gap = 1000000 (custom)
2019-09-26 13:15:18,309 [pool-37-thread-1] INFO  server.RaftServerConfigKeys (ConfUtils.java:logGet(43)) - raft.server.log.appender.buffer.byte-limit = 33554432 (custom)
2019-09-26 13:15:18,309 [pool-37-thread-1] INFO  server.RaftServerConfigKeys (ConfUtils.java:logGet(43)) - raft.server.log.segment.size.max = 1048576 (custom)
2019-09-26 13:15:18,309 [pool-37-thread-1] INFO  server.RaftServerConfigKeys (ConfUtils.java:logGet(43)) - raft.server.log.segment.cache.num.max = 2 (custom)
2019-09-26 13:15:18,309 [pool-37-thread-1] INFO  segmented.SegmentedRaftLogWorker (SegmentedRaftLogWorker.java:<init>(172)) - new 4e306e3f-25ae-4809-b976-e74c1f449d85@group-05441FB5FEA6-SegmentedRaftLogWorker for RaftStorage:Storage Directory /workdir/hadoop-ozone/integration-test/target/test-dir/MiniOzoneClusterImpl-a863f920-e703-48bd-ac3b-b0b5d168c43d/datanode-1/data/ratis/35d0ab55-9b18-4e2b-978f-05441fb5fea6
2019-09-26 13:15:18,309 [pool-37-thread-1] INFO  server.RaftServerConfigKeys (ConfUtils.java:logGet(43)) - raft.server.log.queue.byte-limit = 2147483647 (custom)
2019-09-26 13:15:18,309 [pool-37-thread-1] INFO  server.RaftServerConfigKeys (ConfUtils.java:logGet(43)) - raft.server.log.queue.element-limit = 1024 (custom)
2019-09-26 13:15:18,310 [pool-37-thread-1] INFO  server.RaftServerConfigKeys (ConfUtils.java:logGet(43)) - raft.server.log.segment.size.max = 1048576 (custom)
2019-09-26 13:15:18,310 [pool-37-thread-1] INFO  server.RaftServerConfigKeys (ConfUtils.java:logGet(43)) - raft.server.log.preallocated.size = 16384 (custom)
2019-09-26 13:15:18,310 [pool-37-thread-1] INFO  server.RaftServerConfigKeys (ConfUtils.java:logGet(43)) - raft.server.log.write.buffer.size = 33554432 (custom)
2019-09-26 13:15:18,310 [pool-37-thread-1] INFO  server.RaftServerConfigKeys (ConfUtils.java:logGet(43)) - raft.server.log.force.sync.num = 128 (default)
2019-09-26 13:15:18,310 [pool-37-thread-1] INFO  server.RaftServerConfigKeys (ConfUtils.java:logGet(43)) - raft.server.log.statemachine.data.sync = true (default)
2019-09-26 13:15:18,310 [pool-37-thread-1] INFO  server.RaftServerConfigKeys (ConfUtils.java:logGet(43)) - raft.server.log.statemachine.data.sync.timeout = 10s (default)
2019-09-26 13:15:18,310 [pool-37-thread-1] INFO  server.RaftServerConfigKeys (ConfUtils.java:logGet(43)) - raft.server.log.statemachine.data.sync.timeout.retry = -1 (default)
2019-09-26 13:15:18,311 [pool-37-thread-1] INFO  server.RaftServerConfigKeys (ConfUtils.java:logGet(43)) - raft.server.log.statemachine.data.caching.enabled = true (custom)
2019-09-26 13:15:18,311 [pool-37-thread-1] INFO  segmented.SegmentedRaftLogWorker (SegmentedRaftLogWorker.java:lambda$new$0(132)) - 4e306e3f-25ae-4809-b976-e74c1f449d85@group-05441FB5FEA6-SegmentedRaftLogWorker: flushIndex: setUnconditionally 0 -> -1
2019-09-26 13:15:18,311 [pool-37-thread-1] INFO  server.RaftServerConfigKeys (ConfUtils.java:logGet(43)) - raft.server.snapshot.auto.trigger.enabled = true (custom)
2019-09-26 13:15:18,311 [pool-37-thread-1] INFO  server.RaftServerConfigKeys (ConfUtils.java:logGet(43)) - raft.server.snapshot.auto.trigger.threshold = 10000 (custom)
2019-09-26 13:15:18,311 [pool-37-thread-1] INFO  server.RaftServerConfigKeys (ConfUtils.java:logGet(43)) - raft.server.snapshot.retention.num.files = 5 (custom)
2019-09-26 13:15:18,312 [pool-37-thread-1] INFO  server.RaftServerConfigKeys (ConfUtils.java:logGet(43)) - raft.server.retrycache.expirytime = 600000ms (custom)
2019-09-26 13:15:18,314 [pool-37-thread-1] INFO  impl.RaftServerImpl (RaftServerImpl.java:start(185)) - 4e306e3f-25ae-4809-b976-e74c1f449d85@group-05441FB5FEA6: start as a follower, conf=-1: [4e306e3f-25ae-4809-b976-e74c1f449d85:192.168.164.238:46846], old=null
2019-09-26 13:15:18,314 [pool-37-thread-1] INFO  impl.RaftServerImpl (RaftServerImpl.java:setRole(174)) - 4e306e3f-25ae-4809-b976-e74c1f449d85@group-05441FB5FEA6: changes role from      null to FOLLOWER at term 0 for startAsFollower
2019-09-26 13:15:18,314 [pool-37-thread-1] INFO  impl.RoleInfo (RoleInfo.java:updateAndGet(143)) - 4e306e3f-25ae-4809-b976-e74c1f449d85: start FollowerState
2019-09-26 13:15:18,315 [pool-37-thread-1] INFO  util.JmxRegister (JmxRegister.java:tryRegister(44)) - Successfully registered JMX Bean with object name Ratis:service=RaftServer,group=group-05441FB5FEA6,id=4e306e3f-25ae-4809-b976-e74c1f449d85
2019-09-26 13:15:18,322 [RatisPipelineUtilsThread] INFO  pipeline.PipelineStateManager (PipelineStateManager.java:addPipeline(56)) - Created pipeline Pipeline[ Id: 35d0ab55-9b18-4e2b-978f-05441fb5fea6, Nodes: 4e306e3f-25ae-4809-b976-e74c1f449d85{ip: 192.168.164.238, host: pr-hdds-1569-87zkn-1081879488, networkLocation: /default-rack, certSerialId: null}, Type:RATIS, Factor:ONE, State:OPEN]
2019-09-26 13:15:18,322 [RatisPipelineUtilsThread] INFO  pipeline.PipelinePlacementPolicy (PipelinePlacementPolicy.java:meetCriteria(91)) - Pipeline Placement: can't place more pipeline on heavy datanode： d09ba3db-71ae-4cc1-a070-460d4ee804eb Heaviness: 6 limit: 5
2019-09-26 13:15:18,332 [grpc-default-executor-0] INFO  impl.RaftServerProxy (RaftServerProxy.java:addNew(89)) - b4fa65ea-f6d5-4876-b0ba-3a338b93c219: addNew group-352AC03C8FEC:[b4fa65ea-f6d5-4876-b0ba-3a338b93c219:192.168.164.238:37845] returns group-352AC03C8FEC:java.util.concurrent.CompletableFuture@6215924b[Not completed]
2019-09-26 13:15:18,334 [pool-47-thread-1] INFO  impl.RaftServerImpl (RaftServerImpl.java:<init>(95)) - b4fa65ea-f6d5-4876-b0ba-3a338b93c219: new RaftServerImpl for group-352AC03C8FEC:[b4fa65ea-f6d5-4876-b0ba-3a338b93c219:192.168.164.238:37845] with ContainerStateMachine:uninitialized
2019-09-26 13:15:18,334 [pool-47-thread-1] INFO  server.RaftServerConfigKeys (ConfUtils.java:logGet(43)) - raft.server.rpc.timeout.min = 5s (custom)
2019-09-26 13:15:18,334 [pool-47-thread-1] INFO  server.RaftServerConfigKeys (ConfUtils.java:logGet(43)) - raft.server.rpc.timeout.max = 5200ms (custom)
2019-09-26 13:15:18,334 [pool-47-thread-1] INFO  server.RaftServerConfigKeys (ConfUtils.java:logGet(43)) - raft.server.rpcslowness.timeout = 120s (custom)
2019-09-26 13:15:18,334 [pool-47-thread-1] INFO  server.RaftServerConfigKeys (ConfUtils.java:logGet(43)) - raft.server.sleep.deviation.threshold = 300 (default)
2019-09-26 13:15:18,334 [pool-47-thread-1] INFO  server.RaftServerConfigKeys (ConfUtils.java:logGet(43)) - raft.server.log.appender.install.snapshot.enabled = false (custom)
2019-09-26 13:15:18,334 [pool-47-thread-1] INFO  impl.RaftServerImpl (ServerState.java:<init>(103)) - b4fa65ea-f6d5-4876-b0ba-3a338b93c219@group-352AC03C8FEC: ConfigurationManager, init=-1: [b4fa65ea-f6d5-4876-b0ba-3a338b93c219:192.168.164.238:37845], old=null, confs=<EMPTY_MAP>
2019-09-26 13:15:18,334 [pool-47-thread-1] INFO  server.RaftServerConfigKeys (ConfUtils.java:logGet(43)) - raft.server.storage.dir = [/workdir/hadoop-ozone/integration-test/target/test-dir/MiniOzoneClusterImpl-a863f920-e703-48bd-ac3b-b0b5d168c43d/datanode-2/data/ratis] (custom)
2019-09-26 13:15:18,335 [pool-47-thread-1] INFO  storage.RaftStorageDirectory (RaftStorageDirectory.java:analyzeStorage(246)) - The storage directory /workdir/hadoop-ozone/integration-test/target/test-dir/MiniOzoneClusterImpl-a863f920-e703-48bd-ac3b-b0b5d168c43d/datanode-2/data/ratis/f382ea5f-4f57-41e4-9df7-352ac03c8fec does not exist. Creating ...
2019-09-26 13:15:18,347 [pool-47-thread-1] INFO  storage.RaftStorageDirectory (RaftStorageDirectory.java:tryLock(328)) - Lock on /workdir/hadoop-ozone/integration-test/target/test-dir/MiniOzoneClusterImpl-a863f920-e703-48bd-ac3b-b0b5d168c43d/datanode-2/data/ratis/f382ea5f-4f57-41e4-9df7-352ac03c8fec/in_use.lock acquired by nodename 12747@pr-hdds-1569-87zkn-1081879488
2019-09-26 13:15:18,360 [pool-47-thread-1] INFO  storage.RaftStorage (RaftStorage.java:format(72)) - Storage directory /workdir/hadoop-ozone/integration-test/target/test-dir/MiniOzoneClusterImpl-a863f920-e703-48bd-ac3b-b0b5d168c43d/datanode-2/data/ratis/f382ea5f-4f57-41e4-9df7-352ac03c8fec has been successfully formatted.
2019-09-26 13:15:18,360 [pool-47-thread-1] INFO  ratis.ContainerStateMachine (ContainerStateMachine.java:loadSnapshot(230)) - group-352AC03C8FEC: The snapshot info is null. Setting the last applied indexto:(t:0, i:~)
2019-09-26 13:15:18,360 [pool-47-thread-1] INFO  server.RaftServerConfigKeys (ConfUtils.java:logGet(43)) - raft.server.notification.no-leader.timeout = 120s (custom)
2019-09-26 13:15:18,360 [pool-47-thread-1] INFO  server.RaftServerConfigKeys (ConfUtils.java:logGet(43)) - raft.server.log.use.memory = false (default)
2019-09-26 13:15:18,360 [pool-47-thread-1] INFO  server.RaftServerConfigKeys (ConfUtils.java:logGet(43)) - raft.server.log.purge.gap = 1000000 (custom)
2019-09-26 13:15:18,360 [pool-47-thread-1] INFO  server.RaftServerConfigKeys (ConfUtils.java:logGet(43)) - raft.server.log.appender.buffer.byte-limit = 33554432 (custom)
2019-09-26 13:15:18,361 [pool-47-thread-1] INFO  server.RaftServerConfigKeys (ConfUtils.java:logGet(43)) - raft.server.log.segment.size.max = 1048576 (custom)
2019-09-26 13:15:18,361 [pool-47-thread-1] INFO  server.RaftServerConfigKeys (ConfUtils.java:logGet(43)) - raft.server.log.segment.cache.num.max = 2 (custom)
2019-09-26 13:15:18,361 [pool-47-thread-1] INFO  segmented.SegmentedRaftLogWorker (SegmentedRaftLogWorker.java:<init>(172)) - new b4fa65ea-f6d5-4876-b0ba-3a338b93c219@group-352AC03C8FEC-SegmentedRaftLogWorker for RaftStorage:Storage Directory /workdir/hadoop-ozone/integration-test/target/test-dir/MiniOzoneClusterImpl-a863f920-e703-48bd-ac3b-b0b5d168c43d/datanode-2/data/ratis/f382ea5f-4f57-41e4-9df7-352ac03c8fec
2019-09-26 13:15:18,361 [pool-47-thread-1] INFO  server.RaftServerConfigKeys (ConfUtils.java:logGet(43)) - raft.server.log.queue.byte-limit = 2147483647 (custom)
2019-09-26 13:15:18,361 [pool-47-thread-1] INFO  server.RaftServerConfigKeys (ConfUtils.java:logGet(43)) - raft.server.log.queue.element-limit = 1024 (custom)
2019-09-26 13:15:18,361 [pool-47-thread-1] INFO  server.RaftServerConfigKeys (ConfUtils.java:logGet(43)) - raft.server.log.segment.size.max = 1048576 (custom)
2019-09-26 13:15:18,361 [pool-47-thread-1] INFO  server.RaftServerConfigKeys (ConfUtils.java:logGet(43)) - raft.server.log.preallocated.size = 16384 (custom)
2019-09-26 13:15:18,361 [pool-47-thread-1] INFO  server.RaftServerConfigKeys (ConfUtils.java:logGet(43)) - raft.server.log.write.buffer.size = 33554432 (custom)
2019-09-26 13:15:18,362 [pool-47-thread-1] INFO  server.RaftServerConfigKeys (ConfUtils.java:logGet(43)) - raft.server.log.force.sync.num = 128 (default)
2019-09-26 13:15:18,362 [pool-47-thread-1] INFO  server.RaftServerConfigKeys (ConfUtils.java:logGet(43)) - raft.server.log.statemachine.data.sync = true (default)
2019-09-26 13:15:18,362 [pool-47-thread-1] INFO  server.RaftServerConfigKeys (ConfUtils.java:logGet(43)) - raft.server.log.statemachine.data.sync.timeout = 10s (default)
2019-09-26 13:15:18,362 [pool-47-thread-1] INFO  server.RaftServerConfigKeys (ConfUtils.java:logGet(43)) - raft.server.log.statemachine.data.sync.timeout.retry = -1 (default)
2019-09-26 13:15:18,362 [pool-47-thread-1] INFO  server.RaftServerConfigKeys (ConfUtils.java:logGet(43)) - raft.server.log.statemachine.data.caching.enabled = true (custom)
2019-09-26 13:15:18,362 [pool-47-thread-1] INFO  segmented.SegmentedRaftLogWorker (SegmentedRaftLogWorker.java:lambda$new$0(132)) - b4fa65ea-f6d5-4876-b0ba-3a338b93c219@group-352AC03C8FEC-SegmentedRaftLogWorker: flushIndex: setUnconditionally 0 -> -1
2019-09-26 13:15:18,363 [pool-47-thread-1] INFO  server.RaftServerConfigKeys (ConfUtils.java:logGet(43)) - raft.server.snapshot.auto.trigger.enabled = true (custom)
2019-09-26 13:15:18,363 [pool-47-thread-1] INFO  server.RaftServerConfigKeys (ConfUtils.java:logGet(43)) - raft.server.snapshot.auto.trigger.threshold = 10000 (custom)
2019-09-26 13:15:18,363 [pool-47-thread-1] INFO  server.RaftServerConfigKeys (ConfUtils.java:logGet(43)) - raft.server.snapshot.retention.num.files = 5 (custom)
2019-09-26 13:15:18,363 [pool-47-thread-1] INFO  server.RaftServerConfigKeys (ConfUtils.java:logGet(43)) - raft.server.retrycache.expirytime = 600000ms (custom)
2019-09-26 13:15:18,365 [pool-47-thread-1] INFO  impl.RaftServerImpl (RaftServerImpl.java:start(185)) - b4fa65ea-f6d5-4876-b0ba-3a338b93c219@group-352AC03C8FEC: start as a follower, conf=-1: [b4fa65ea-f6d5-4876-b0ba-3a338b93c219:192.168.164.238:37845], old=null
2019-09-26 13:15:18,366 [pool-47-thread-1] INFO  impl.RaftServerImpl (RaftServerImpl.java:setRole(174)) - b4fa65ea-f6d5-4876-b0ba-3a338b93c219@group-352AC03C8FEC: changes role from      null to FOLLOWER at term 0 for startAsFollower
2019-09-26 13:15:18,366 [pool-47-thread-1] INFO  impl.RoleInfo (RoleInfo.java:updateAndGet(143)) - b4fa65ea-f6d5-4876-b0ba-3a338b93c219: start FollowerState
2019-09-26 13:15:18,366 [pool-47-thread-1] INFO  util.JmxRegister (JmxRegister.java:tryRegister(44)) - Successfully registered JMX Bean with object name Ratis:service=RaftServer,group=group-352AC03C8FEC,id=b4fa65ea-f6d5-4876-b0ba-3a338b93c219
2019-09-26 13:15:18,375 [RatisPipelineUtilsThread] INFO  pipeline.PipelineStateManager (PipelineStateManager.java:addPipeline(56)) - Created pipeline Pipeline[ Id: f382ea5f-4f57-41e4-9df7-352ac03c8fec, Nodes: b4fa65ea-f6d5-4876-b0ba-3a338b93c219{ip: 192.168.164.238, host: pr-hdds-1569-87zkn-1081879488, networkLocation: /default-rack, certSerialId: null}, Type:RATIS, Factor:ONE, State:OPEN]
2019-09-26 13:15:18,376 [RatisPipelineUtilsThread] INFO  pipeline.PipelinePlacementPolicy (PipelinePlacementPolicy.java:meetCriteria(91)) - Pipeline Placement: can't place more pipeline on heavy datanode： d09ba3db-71ae-4cc1-a070-460d4ee804eb Heaviness: 6 limit: 5
2019-09-26 13:15:18,389 [grpc-default-executor-0] INFO  impl.RaftServerProxy (RaftServerProxy.java:addNew(89)) - b4fa65ea-f6d5-4876-b0ba-3a338b93c219: addNew group-87A756879FDB:[b4fa65ea-f6d5-4876-b0ba-3a338b93c219:192.168.164.238:37845] returns group-87A756879FDB:java.util.concurrent.CompletableFuture@a433234[Not completed]
2019-09-26 13:15:18,391 [pool-47-thread-1] INFO  impl.RaftServerImpl (RaftServerImpl.java:<init>(95)) - b4fa65ea-f6d5-4876-b0ba-3a338b93c219: new RaftServerImpl for group-87A756879FDB:[b4fa65ea-f6d5-4876-b0ba-3a338b93c219:192.168.164.238:37845] with ContainerStateMachine:uninitialized
2019-09-26 13:15:18,391 [pool-47-thread-1] INFO  server.RaftServerConfigKeys (ConfUtils.java:logGet(43)) - raft.server.rpc.timeout.min = 5s (custom)
2019-09-26 13:15:18,391 [pool-47-thread-1] INFO  server.RaftServerConfigKeys (ConfUtils.java:logGet(43)) - raft.server.rpc.timeout.max = 5200ms (custom)
2019-09-26 13:15:18,391 [pool-47-thread-1] INFO  server.RaftServerConfigKeys (ConfUtils.java:logGet(43)) - raft.server.rpcslowness.timeout = 120s (custom)
2019-09-26 13:15:18,391 [pool-47-thread-1] INFO  server.RaftServerConfigKeys (ConfUtils.java:logGet(43)) - raft.server.sleep.deviation.threshold = 300 (default)
2019-09-26 13:15:18,391 [pool-47-thread-1] INFO  server.RaftServerConfigKeys (ConfUtils.java:logGet(43)) - raft.server.log.appender.install.snapshot.enabled = false (custom)
2019-09-26 13:15:18,391 [pool-47-thread-1] INFO  impl.RaftServerImpl (ServerState.java:<init>(103)) - b4fa65ea-f6d5-4876-b0ba-3a338b93c219@group-87A756879FDB: ConfigurationManager, init=-1: [b4fa65ea-f6d5-4876-b0ba-3a338b93c219:192.168.164.238:37845], old=null, confs=<EMPTY_MAP>
2019-09-26 13:15:18,392 [pool-47-thread-1] INFO  server.RaftServerConfigKeys (ConfUtils.java:logGet(43)) - raft.server.storage.dir = [/workdir/hadoop-ozone/integration-test/target/test-dir/MiniOzoneClusterImpl-a863f920-e703-48bd-ac3b-b0b5d168c43d/datanode-2/data/ratis] (custom)
2019-09-26 13:15:18,392 [pool-47-thread-1] INFO  storage.RaftStorageDirectory (RaftStorageDirectory.java:analyzeStorage(246)) - The storage directory /workdir/hadoop-ozone/integration-test/target/test-dir/MiniOzoneClusterImpl-a863f920-e703-48bd-ac3b-b0b5d168c43d/datanode-2/data/ratis/400c58e5-1534-4e2d-8195-87a756879fdb does not exist. Creating ...
2019-09-26 13:15:18,405 [pool-47-thread-1] INFO  storage.RaftStorageDirectory (RaftStorageDirectory.java:tryLock(328)) - Lock on /workdir/hadoop-ozone/integration-test/target/test-dir/MiniOzoneClusterImpl-a863f920-e703-48bd-ac3b-b0b5d168c43d/datanode-2/data/ratis/400c58e5-1534-4e2d-8195-87a756879fdb/in_use.lock acquired by nodename 12747@pr-hdds-1569-87zkn-1081879488
2019-09-26 13:15:18,418 [pool-47-thread-1] INFO  storage.RaftStorage (RaftStorage.java:format(72)) - Storage directory /workdir/hadoop-ozone/integration-test/target/test-dir/MiniOzoneClusterImpl-a863f920-e703-48bd-ac3b-b0b5d168c43d/datanode-2/data/ratis/400c58e5-1534-4e2d-8195-87a756879fdb has been successfully formatted.
2019-09-26 13:15:18,418 [pool-47-thread-1] INFO  ratis.ContainerStateMachine (ContainerStateMachine.java:loadSnapshot(230)) - group-87A756879FDB: The snapshot info is null. Setting the last applied indexto:(t:0, i:~)
2019-09-26 13:15:18,418 [pool-47-thread-1] INFO  server.RaftServerConfigKeys (ConfUtils.java:logGet(43)) - raft.server.notification.no-leader.timeout = 120s (custom)
2019-09-26 13:15:18,418 [pool-47-thread-1] INFO  server.RaftServerConfigKeys (ConfUtils.java:logGet(43)) - raft.server.log.use.memory = false (default)
2019-09-26 13:15:18,418 [pool-47-thread-1] INFO  server.RaftServerConfigKeys (ConfUtils.java:logGet(43)) - raft.server.log.purge.gap = 1000000 (custom)
2019-09-26 13:15:18,419 [pool-47-thread-1] INFO  server.RaftServerConfigKeys (ConfUtils.java:logGet(43)) - raft.server.log.appender.buffer.byte-limit = 33554432 (custom)
2019-09-26 13:15:18,419 [pool-47-thread-1] INFO  server.RaftServerConfigKeys (ConfUtils.java:logGet(43)) - raft.server.log.segment.size.max = 1048576 (custom)
2019-09-26 13:15:18,419 [pool-47-thread-1] INFO  server.RaftServerConfigKeys (ConfUtils.java:logGet(43)) - raft.server.log.segment.cache.num.max = 2 (custom)
2019-09-26 13:15:18,419 [pool-47-thread-1] INFO  segmented.SegmentedRaftLogWorker (SegmentedRaftLogWorker.java:<init>(172)) - new b4fa65ea-f6d5-4876-b0ba-3a338b93c219@group-87A756879FDB-SegmentedRaftLogWorker for RaftStorage:Storage Directory /workdir/hadoop-ozone/integration-test/target/test-dir/MiniOzoneClusterImpl-a863f920-e703-48bd-ac3b-b0b5d168c43d/datanode-2/data/ratis/400c58e5-1534-4e2d-8195-87a756879fdb
2019-09-26 13:15:18,419 [pool-47-thread-1] INFO  server.RaftServerConfigKeys (ConfUtils.java:logGet(43)) - raft.server.log.queue.byte-limit = 2147483647 (custom)
2019-09-26 13:15:18,419 [pool-47-thread-1] INFO  server.RaftServerConfigKeys (ConfUtils.java:logGet(43)) - raft.server.log.queue.element-limit = 1024 (custom)
2019-09-26 13:15:18,419 [pool-47-thread-1] INFO  server.RaftServerConfigKeys (ConfUtils.java:logGet(43)) - raft.server.log.segment.size.max = 1048576 (custom)
2019-09-26 13:15:18,419 [pool-47-thread-1] INFO  server.RaftServerConfigKeys (ConfUtils.java:logGet(43)) - raft.server.log.preallocated.size = 16384 (custom)
2019-09-26 13:15:18,420 [pool-47-thread-1] INFO  server.RaftServerConfigKeys (ConfUtils.java:logGet(43)) - raft.server.log.write.buffer.size = 33554432 (custom)
2019-09-26 13:15:18,420 [pool-47-thread-1] INFO  server.RaftServerConfigKeys (ConfUtils.java:logGet(43)) - raft.server.log.force.sync.num = 128 (default)
2019-09-26 13:15:18,420 [pool-47-thread-1] INFO  server.RaftServerConfigKeys (ConfUtils.java:logGet(43)) - raft.server.log.statemachine.data.sync = true (default)
2019-09-26 13:15:18,420 [pool-47-thread-1] INFO  server.RaftServerConfigKeys (ConfUtils.java:logGet(43)) - raft.server.log.statemachine.data.sync.timeout = 10s (default)
2019-09-26 13:15:18,420 [pool-47-thread-1] INFO  server.RaftServerConfigKeys (ConfUtils.java:logGet(43)) - raft.server.log.statemachine.data.sync.timeout.retry = -1 (default)
2019-09-26 13:15:18,420 [pool-47-thread-1] INFO  server.RaftServerConfigKeys (ConfUtils.java:logGet(43)) - raft.server.log.statemachine.data.caching.enabled = true (custom)
2019-09-26 13:15:18,420 [pool-47-thread-1] INFO  segmented.SegmentedRaftLogWorker (SegmentedRaftLogWorker.java:lambda$new$0(132)) - b4fa65ea-f6d5-4876-b0ba-3a338b93c219@group-87A756879FDB-SegmentedRaftLogWorker: flushIndex: setUnconditionally 0 -> -1
2019-09-26 13:15:18,421 [pool-47-thread-1] INFO  server.RaftServerConfigKeys (ConfUtils.java:logGet(43)) - raft.server.snapshot.auto.trigger.enabled = true (custom)
2019-09-26 13:15:18,421 [pool-47-thread-1] INFO  server.RaftServerConfigKeys (ConfUtils.java:logGet(43)) - raft.server.snapshot.auto.trigger.threshold = 10000 (custom)
2019-09-26 13:15:18,421 [pool-47-thread-1] INFO  server.RaftServerConfigKeys (ConfUtils.java:logGet(43)) - raft.server.snapshot.retention.num.files = 5 (custom)
2019-09-26 13:15:18,421 [pool-47-thread-1] INFO  server.RaftServerConfigKeys (ConfUtils.java:logGet(43)) - raft.server.retrycache.expirytime = 600000ms (custom)
2019-09-26 13:15:18,423 [pool-47-thread-1] INFO  impl.RaftServerImpl (RaftServerImpl.java:start(185)) - b4fa65ea-f6d5-4876-b0ba-3a338b93c219@group-87A756879FDB: start as a follower, conf=-1: [b4fa65ea-f6d5-4876-b0ba-3a338b93c219:192.168.164.238:37845], old=null
2019-09-26 13:15:18,424 [pool-47-thread-1] INFO  impl.RaftServerImpl (RaftServerImpl.java:setRole(174)) - b4fa65ea-f6d5-4876-b0ba-3a338b93c219@group-87A756879FDB: changes role from      null to FOLLOWER at term 0 for startAsFollower
2019-09-26 13:15:18,424 [pool-47-thread-1] INFO  impl.RoleInfo (RoleInfo.java:updateAndGet(143)) - b4fa65ea-f6d5-4876-b0ba-3a338b93c219: start FollowerState
2019-09-26 13:15:18,424 [pool-47-thread-1] INFO  util.JmxRegister (JmxRegister.java:tryRegister(44)) - Successfully registered JMX Bean with object name Ratis:service=RaftServer,group=group-87A756879FDB,id=b4fa65ea-f6d5-4876-b0ba-3a338b93c219
2019-09-26 13:15:18,430 [RatisPipelineUtilsThread] INFO  pipeline.PipelineStateManager (PipelineStateManager.java:addPipeline(56)) - Created pipeline Pipeline[ Id: 400c58e5-1534-4e2d-8195-87a756879fdb, Nodes: b4fa65ea-f6d5-4876-b0ba-3a338b93c219{ip: 192.168.164.238, host: pr-hdds-1569-87zkn-1081879488, networkLocation: /default-rack, certSerialId: null}, Type:RATIS, Factor:ONE, State:OPEN]
2019-09-26 13:15:18,430 [RatisPipelineUtilsThread] INFO  pipeline.PipelinePlacementPolicy (PipelinePlacementPolicy.java:meetCriteria(91)) - Pipeline Placement: can't place more pipeline on heavy datanode： d09ba3db-71ae-4cc1-a070-460d4ee804eb Heaviness: 6 limit: 5
2019-09-26 13:15:18,442 [grpc-default-executor-0] INFO  impl.RaftServerProxy (RaftServerProxy.java:addNew(89)) - 4e306e3f-25ae-4809-b976-e74c1f449d85: addNew group-B6D63BD859F2:[4e306e3f-25ae-4809-b976-e74c1f449d85:192.168.164.238:46846] returns group-B6D63BD859F2:java.util.concurrent.CompletableFuture@73ea31b8[Not completed]
2019-09-26 13:15:18,444 [pool-37-thread-1] INFO  impl.RaftServerImpl (RaftServerImpl.java:<init>(95)) - 4e306e3f-25ae-4809-b976-e74c1f449d85: new RaftServerImpl for group-B6D63BD859F2:[4e306e3f-25ae-4809-b976-e74c1f449d85:192.168.164.238:46846] with ContainerStateMachine:uninitialized
2019-09-26 13:15:18,444 [pool-37-thread-1] INFO  server.RaftServerConfigKeys (ConfUtils.java:logGet(43)) - raft.server.rpc.timeout.min = 5s (custom)
2019-09-26 13:15:18,444 [pool-37-thread-1] INFO  server.RaftServerConfigKeys (ConfUtils.java:logGet(43)) - raft.server.rpc.timeout.max = 5200ms (custom)
2019-09-26 13:15:18,444 [pool-37-thread-1] INFO  server.RaftServerConfigKeys (ConfUtils.java:logGet(43)) - raft.server.rpcslowness.timeout = 120s (custom)
2019-09-26 13:15:18,444 [pool-37-thread-1] INFO  server.RaftServerConfigKeys (ConfUtils.java:logGet(43)) - raft.server.sleep.deviation.threshold = 300 (default)
2019-09-26 13:15:18,444 [pool-37-thread-1] INFO  server.RaftServerConfigKeys (ConfUtils.java:logGet(43)) - raft.server.log.appender.install.snapshot.enabled = false (custom)
2019-09-26 13:15:18,445 [pool-37-thread-1] INFO  impl.RaftServerImpl (ServerState.java:<init>(103)) - 4e306e3f-25ae-4809-b976-e74c1f449d85@group-B6D63BD859F2: ConfigurationManager, init=-1: [4e306e3f-25ae-4809-b976-e74c1f449d85:192.168.164.238:46846], old=null, confs=<EMPTY_MAP>
2019-09-26 13:15:18,445 [pool-37-thread-1] INFO  server.RaftServerConfigKeys (ConfUtils.java:logGet(43)) - raft.server.storage.dir = [/workdir/hadoop-ozone/integration-test/target/test-dir/MiniOzoneClusterImpl-a863f920-e703-48bd-ac3b-b0b5d168c43d/datanode-1/data/ratis] (custom)
2019-09-26 13:15:18,445 [pool-37-thread-1] INFO  storage.RaftStorageDirectory (RaftStorageDirectory.java:analyzeStorage(246)) - The storage directory /workdir/hadoop-ozone/integration-test/target/test-dir/MiniOzoneClusterImpl-a863f920-e703-48bd-ac3b-b0b5d168c43d/datanode-1/data/ratis/51854e5b-4649-4edc-ba75-b6d63bd859f2 does not exist. Creating ...
2019-09-26 13:15:18,458 [pool-37-thread-1] INFO  storage.RaftStorageDirectory (RaftStorageDirectory.java:tryLock(328)) - Lock on /workdir/hadoop-ozone/integration-test/target/test-dir/MiniOzoneClusterImpl-a863f920-e703-48bd-ac3b-b0b5d168c43d/datanode-1/data/ratis/51854e5b-4649-4edc-ba75-b6d63bd859f2/in_use.lock acquired by nodename 12747@pr-hdds-1569-87zkn-1081879488
2019-09-26 13:15:18,471 [pool-37-thread-1] INFO  storage.RaftStorage (RaftStorage.java:format(72)) - Storage directory /workdir/hadoop-ozone/integration-test/target/test-dir/MiniOzoneClusterImpl-a863f920-e703-48bd-ac3b-b0b5d168c43d/datanode-1/data/ratis/51854e5b-4649-4edc-ba75-b6d63bd859f2 has been successfully formatted.
2019-09-26 13:15:18,471 [pool-37-thread-1] INFO  ratis.ContainerStateMachine (ContainerStateMachine.java:loadSnapshot(230)) - group-B6D63BD859F2: The snapshot info is null. Setting the last applied indexto:(t:0, i:~)
2019-09-26 13:15:18,471 [pool-37-thread-1] INFO  server.RaftServerConfigKeys (ConfUtils.java:logGet(43)) - raft.server.notification.no-leader.timeout = 120s (custom)
2019-09-26 13:15:18,471 [pool-37-thread-1] INFO  server.RaftServerConfigKeys (ConfUtils.java:logGet(43)) - raft.server.log.use.memory = false (default)
2019-09-26 13:15:18,471 [pool-37-thread-1] INFO  server.RaftServerConfigKeys (ConfUtils.java:logGet(43)) - raft.server.log.purge.gap = 1000000 (custom)
2019-09-26 13:15:18,472 [pool-37-thread-1] INFO  server.RaftServerConfigKeys (ConfUtils.java:logGet(43)) - raft.server.log.appender.buffer.byte-limit = 33554432 (custom)
2019-09-26 13:15:18,472 [pool-37-thread-1] INFO  server.RaftServerConfigKeys (ConfUtils.java:logGet(43)) - raft.server.log.segment.size.max = 1048576 (custom)
2019-09-26 13:15:18,472 [pool-37-thread-1] INFO  server.RaftServerConfigKeys (ConfUtils.java:logGet(43)) - raft.server.log.segment.cache.num.max = 2 (custom)
2019-09-26 13:15:18,472 [pool-37-thread-1] INFO  segmented.SegmentedRaftLogWorker (SegmentedRaftLogWorker.java:<init>(172)) - new 4e306e3f-25ae-4809-b976-e74c1f449d85@group-B6D63BD859F2-SegmentedRaftLogWorker for RaftStorage:Storage Directory /workdir/hadoop-ozone/integration-test/target/test-dir/MiniOzoneClusterImpl-a863f920-e703-48bd-ac3b-b0b5d168c43d/datanode-1/data/ratis/51854e5b-4649-4edc-ba75-b6d63bd859f2
2019-09-26 13:15:18,472 [pool-37-thread-1] INFO  server.RaftServerConfigKeys (ConfUtils.java:logGet(43)) - raft.server.log.queue.byte-limit = 2147483647 (custom)
2019-09-26 13:15:18,472 [pool-37-thread-1] INFO  server.RaftServerConfigKeys (ConfUtils.java:logGet(43)) - raft.server.log.queue.element-limit = 1024 (custom)
2019-09-26 13:15:18,472 [pool-37-thread-1] INFO  server.RaftServerConfigKeys (ConfUtils.java:logGet(43)) - raft.server.log.segment.size.max = 1048576 (custom)
2019-09-26 13:15:18,473 [pool-37-thread-1] INFO  server.RaftServerConfigKeys (ConfUtils.java:logGet(43)) - raft.server.log.preallocated.size = 16384 (custom)
2019-09-26 13:15:18,473 [pool-37-thread-1] INFO  server.RaftServerConfigKeys (ConfUtils.java:logGet(43)) - raft.server.log.write.buffer.size = 33554432 (custom)
2019-09-26 13:15:18,473 [pool-37-thread-1] INFO  server.RaftServerConfigKeys (ConfUtils.java:logGet(43)) - raft.server.log.force.sync.num = 128 (default)
2019-09-26 13:15:18,473 [pool-37-thread-1] INFO  server.RaftServerConfigKeys (ConfUtils.java:logGet(43)) - raft.server.log.statemachine.data.sync = true (default)
2019-09-26 13:15:18,473 [pool-37-thread-1] INFO  server.RaftServerConfigKeys (ConfUtils.java:logGet(43)) - raft.server.log.statemachine.data.sync.timeout = 10s (default)
2019-09-26 13:15:18,473 [pool-37-thread-1] INFO  server.RaftServerConfigKeys (ConfUtils.java:logGet(43)) - raft.server.log.statemachine.data.sync.timeout.retry = -1 (default)
2019-09-26 13:15:18,473 [pool-37-thread-1] INFO  server.RaftServerConfigKeys (ConfUtils.java:logGet(43)) - raft.server.log.statemachine.data.caching.enabled = true (custom)
2019-09-26 13:15:18,474 [pool-37-thread-1] INFO  segmented.SegmentedRaftLogWorker (SegmentedRaftLogWorker.java:lambda$new$0(132)) - 4e306e3f-25ae-4809-b976-e74c1f449d85@group-B6D63BD859F2-SegmentedRaftLogWorker: flushIndex: setUnconditionally 0 -> -1
2019-09-26 13:15:18,474 [pool-37-thread-1] INFO  server.RaftServerConfigKeys (ConfUtils.java:logGet(43)) - raft.server.snapshot.auto.trigger.enabled = true (custom)
2019-09-26 13:15:18,474 [pool-37-thread-1] INFO  server.RaftServerConfigKeys (ConfUtils.java:logGet(43)) - raft.server.snapshot.auto.trigger.threshold = 10000 (custom)
2019-09-26 13:15:18,474 [pool-37-thread-1] INFO  server.RaftServerConfigKeys (ConfUtils.java:logGet(43)) - raft.server.snapshot.retention.num.files = 5 (custom)
2019-09-26 13:15:18,474 [pool-37-thread-1] INFO  server.RaftServerConfigKeys (ConfUtils.java:logGet(43)) - raft.server.retrycache.expirytime = 600000ms (custom)
2019-09-26 13:15:18,477 [pool-37-thread-1] INFO  impl.RaftServerImpl (RaftServerImpl.java:start(185)) - 4e306e3f-25ae-4809-b976-e74c1f449d85@group-B6D63BD859F2: start as a follower, conf=-1: [4e306e3f-25ae-4809-b976-e74c1f449d85:192.168.164.238:46846], old=null
2019-09-26 13:15:18,477 [pool-37-thread-1] INFO  impl.RaftServerImpl (RaftServerImpl.java:setRole(174)) - 4e306e3f-25ae-4809-b976-e74c1f449d85@group-B6D63BD859F2: changes role from      null to FOLLOWER at term 0 for startAsFollower
2019-09-26 13:15:18,477 [pool-37-thread-1] INFO  impl.RoleInfo (RoleInfo.java:updateAndGet(143)) - 4e306e3f-25ae-4809-b976-e74c1f449d85: start FollowerState
2019-09-26 13:15:18,478 [pool-37-thread-1] INFO  util.JmxRegister (JmxRegister.java:tryRegister(44)) - Successfully registered JMX Bean with object name Ratis:service=RaftServer,group=group-B6D63BD859F2,id=4e306e3f-25ae-4809-b976-e74c1f449d85
2019-09-26 13:15:18,484 [RatisPipelineUtilsThread] INFO  pipeline.PipelineStateManager (PipelineStateManager.java:addPipeline(56)) - Created pipeline Pipeline[ Id: 51854e5b-4649-4edc-ba75-b6d63bd859f2, Nodes: 4e306e3f-25ae-4809-b976-e74c1f449d85{ip: 192.168.164.238, host: pr-hdds-1569-87zkn-1081879488, networkLocation: /default-rack, certSerialId: null}, Type:RATIS, Factor:ONE, State:OPEN]
2019-09-26 13:15:18,484 [RatisPipelineUtilsThread] INFO  pipeline.PipelinePlacementPolicy (PipelinePlacementPolicy.java:meetCriteria(91)) - Pipeline Placement: can't place more pipeline on heavy datanode： d09ba3db-71ae-4cc1-a070-460d4ee804eb Heaviness: 6 limit: 5
2019-09-26 13:15:18,495 [grpc-default-executor-0] INFO  impl.RaftServerProxy (RaftServerProxy.java:addNew(89)) - 4e306e3f-25ae-4809-b976-e74c1f449d85: addNew group-A455A09226CE:[4e306e3f-25ae-4809-b976-e74c1f449d85:192.168.164.238:46846] returns group-A455A09226CE:java.util.concurrent.CompletableFuture@77287442[Not completed]
2019-09-26 13:15:18,500 [pool-37-thread-1] INFO  impl.RaftServerImpl (RaftServerImpl.java:<init>(95)) - 4e306e3f-25ae-4809-b976-e74c1f449d85: new RaftServerImpl for group-A455A09226CE:[4e306e3f-25ae-4809-b976-e74c1f449d85:192.168.164.238:46846] with ContainerStateMachine:uninitialized
2019-09-26 13:15:18,500 [pool-37-thread-1] INFO  server.RaftServerConfigKeys (ConfUtils.java:logGet(43)) - raft.server.rpc.timeout.min = 5s (custom)
2019-09-26 13:15:18,500 [pool-37-thread-1] INFO  server.RaftServerConfigKeys (ConfUtils.java:logGet(43)) - raft.server.rpc.timeout.max = 5200ms (custom)
2019-09-26 13:15:18,500 [pool-37-thread-1] INFO  server.RaftServerConfigKeys (ConfUtils.java:logGet(43)) - raft.server.rpcslowness.timeout = 120s (custom)
2019-09-26 13:15:18,500 [pool-37-thread-1] INFO  server.RaftServerConfigKeys (ConfUtils.java:logGet(43)) - raft.server.sleep.deviation.threshold = 300 (default)
2019-09-26 13:15:18,500 [pool-37-thread-1] INFO  server.RaftServerConfigKeys (ConfUtils.java:logGet(43)) - raft.server.log.appender.install.snapshot.enabled = false (custom)
2019-09-26 13:15:18,501 [pool-37-thread-1] INFO  impl.RaftServerImpl (ServerState.java:<init>(103)) - 4e306e3f-25ae-4809-b976-e74c1f449d85@group-A455A09226CE: ConfigurationManager, init=-1: [4e306e3f-25ae-4809-b976-e74c1f449d85:192.168.164.238:46846], old=null, confs=<EMPTY_MAP>
2019-09-26 13:15:18,501 [pool-37-thread-1] INFO  server.RaftServerConfigKeys (ConfUtils.java:logGet(43)) - raft.server.storage.dir = [/workdir/hadoop-ozone/integration-test/target/test-dir/MiniOzoneClusterImpl-a863f920-e703-48bd-ac3b-b0b5d168c43d/datanode-1/data/ratis] (custom)
2019-09-26 13:15:18,501 [pool-37-thread-1] INFO  storage.RaftStorageDirectory (RaftStorageDirectory.java:analyzeStorage(246)) - The storage directory /workdir/hadoop-ozone/integration-test/target/test-dir/MiniOzoneClusterImpl-a863f920-e703-48bd-ac3b-b0b5d168c43d/datanode-1/data/ratis/26f8cba9-2999-4609-a1a2-a455a09226ce does not exist. Creating ...
2019-09-26 13:15:18,515 [pool-37-thread-1] INFO  storage.RaftStorageDirectory (RaftStorageDirectory.java:tryLock(328)) - Lock on /workdir/hadoop-ozone/integration-test/target/test-dir/MiniOzoneClusterImpl-a863f920-e703-48bd-ac3b-b0b5d168c43d/datanode-1/data/ratis/26f8cba9-2999-4609-a1a2-a455a09226ce/in_use.lock acquired by nodename 12747@pr-hdds-1569-87zkn-1081879488
2019-09-26 13:15:18,528 [pool-37-thread-1] INFO  storage.RaftStorage (RaftStorage.java:format(72)) - Storage directory /workdir/hadoop-ozone/integration-test/target/test-dir/MiniOzoneClusterImpl-a863f920-e703-48bd-ac3b-b0b5d168c43d/datanode-1/data/ratis/26f8cba9-2999-4609-a1a2-a455a09226ce has been successfully formatted.
2019-09-26 13:15:18,529 [pool-37-thread-1] INFO  ratis.ContainerStateMachine (ContainerStateMachine.java:loadSnapshot(230)) - group-A455A09226CE: The snapshot info is null. Setting the last applied indexto:(t:0, i:~)
2019-09-26 13:15:18,529 [pool-37-thread-1] INFO  server.RaftServerConfigKeys (ConfUtils.java:logGet(43)) - raft.server.notification.no-leader.timeout = 120s (custom)
2019-09-26 13:15:18,529 [pool-37-thread-1] INFO  server.RaftServerConfigKeys (ConfUtils.java:logGet(43)) - raft.server.log.use.memory = false (default)
2019-09-26 13:15:18,529 [pool-37-thread-1] INFO  server.RaftServerConfigKeys (ConfUtils.java:logGet(43)) - raft.server.log.purge.gap = 1000000 (custom)
2019-09-26 13:15:18,529 [pool-37-thread-1] INFO  server.RaftServerConfigKeys (ConfUtils.java:logGet(43)) - raft.server.log.appender.buffer.byte-limit = 33554432 (custom)
2019-09-26 13:15:18,529 [pool-37-thread-1] INFO  server.RaftServerConfigKeys (ConfUtils.java:logGet(43)) - raft.server.log.segment.size.max = 1048576 (custom)
2019-09-26 13:15:18,529 [pool-37-thread-1] INFO  server.RaftServerConfigKeys (ConfUtils.java:logGet(43)) - raft.server.log.segment.cache.num.max = 2 (custom)
2019-09-26 13:15:18,529 [pool-37-thread-1] INFO  segmented.SegmentedRaftLogWorker (SegmentedRaftLogWorker.java:<init>(172)) - new 4e306e3f-25ae-4809-b976-e74c1f449d85@group-A455A09226CE-SegmentedRaftLogWorker for RaftStorage:Storage Directory /workdir/hadoop-ozone/integration-test/target/test-dir/MiniOzoneClusterImpl-a863f920-e703-48bd-ac3b-b0b5d168c43d/datanode-1/data/ratis/26f8cba9-2999-4609-a1a2-a455a09226ce
2019-09-26 13:15:18,530 [pool-37-thread-1] INFO  server.RaftServerConfigKeys (ConfUtils.java:logGet(43)) - raft.server.log.queue.byte-limit = 2147483647 (custom)
2019-09-26 13:15:18,530 [pool-37-thread-1] INFO  server.RaftServerConfigKeys (ConfUtils.java:logGet(43)) - raft.server.log.queue.element-limit = 1024 (custom)
2019-09-26 13:15:18,530 [pool-37-thread-1] INFO  server.RaftServerConfigKeys (ConfUtils.java:logGet(43)) - raft.server.log.segment.size.max = 1048576 (custom)
2019-09-26 13:15:18,530 [pool-37-thread-1] INFO  server.RaftServerConfigKeys (ConfUtils.java:logGet(43)) - raft.server.log.preallocated.size = 16384 (custom)
2019-09-26 13:15:18,530 [pool-37-thread-1] INFO  server.RaftServerConfigKeys (ConfUtils.java:logGet(43)) - raft.server.log.write.buffer.size = 33554432 (custom)
2019-09-26 13:15:18,530 [pool-37-thread-1] INFO  server.RaftServerConfigKeys (ConfUtils.java:logGet(43)) - raft.server.log.force.sync.num = 128 (default)
2019-09-26 13:15:18,530 [pool-37-thread-1] INFO  server.RaftServerConfigKeys (ConfUtils.java:logGet(43)) - raft.server.log.statemachine.data.sync = true (default)
2019-09-26 13:15:18,531 [pool-37-thread-1] INFO  server.RaftServerConfigKeys (ConfUtils.java:logGet(43)) - raft.server.log.statemachine.data.sync.timeout = 10s (default)
2019-09-26 13:15:18,531 [pool-37-thread-1] INFO  server.RaftServerConfigKeys (ConfUtils.java:logGet(43)) - raft.server.log.statemachine.data.sync.timeout.retry = -1 (default)
2019-09-26 13:15:18,531 [pool-37-thread-1] INFO  server.RaftServerConfigKeys (ConfUtils.java:logGet(43)) - raft.server.log.statemachine.data.caching.enabled = true (custom)
2019-09-26 13:15:18,531 [pool-37-thread-1] INFO  segmented.SegmentedRaftLogWorker (SegmentedRaftLogWorker.java:lambda$new$0(132)) - 4e306e3f-25ae-4809-b976-e74c1f449d85@group-A455A09226CE-SegmentedRaftLogWorker: flushIndex: setUnconditionally 0 -> -1
2019-09-26 13:15:18,531 [pool-37-thread-1] INFO  server.RaftServerConfigKeys (ConfUtils.java:logGet(43)) - raft.server.snapshot.auto.trigger.enabled = true (custom)
2019-09-26 13:15:18,532 [pool-37-thread-1] INFO  server.RaftServerConfigKeys (ConfUtils.java:logGet(43)) - raft.server.snapshot.auto.trigger.threshold = 10000 (custom)
2019-09-26 13:15:18,532 [pool-37-thread-1] INFO  server.RaftServerConfigKeys (ConfUtils.java:logGet(43)) - raft.server.snapshot.retention.num.files = 5 (custom)
2019-09-26 13:15:18,532 [pool-37-thread-1] INFO  server.RaftServerConfigKeys (ConfUtils.java:logGet(43)) - raft.server.retrycache.expirytime = 600000ms (custom)
2019-09-26 13:15:18,534 [pool-37-thread-1] INFO  impl.RaftServerImpl (RaftServerImpl.java:start(185)) - 4e306e3f-25ae-4809-b976-e74c1f449d85@group-A455A09226CE: start as a follower, conf=-1: [4e306e3f-25ae-4809-b976-e74c1f449d85:192.168.164.238:46846], old=null
2019-09-26 13:15:18,535 [pool-37-thread-1] INFO  impl.RaftServerImpl (RaftServerImpl.java:setRole(174)) - 4e306e3f-25ae-4809-b976-e74c1f449d85@group-A455A09226CE: changes role from      null to FOLLOWER at term 0 for startAsFollower
2019-09-26 13:15:18,535 [pool-37-thread-1] INFO  impl.RoleInfo (RoleInfo.java:updateAndGet(143)) - 4e306e3f-25ae-4809-b976-e74c1f449d85: start FollowerState
2019-09-26 13:15:18,535 [pool-37-thread-1] INFO  util.JmxRegister (JmxRegister.java:tryRegister(44)) - Successfully registered JMX Bean with object name Ratis:service=RaftServer,group=group-A455A09226CE,id=4e306e3f-25ae-4809-b976-e74c1f449d85
2019-09-26 13:15:18,540 [RatisPipelineUtilsThread] INFO  pipeline.PipelineStateManager (PipelineStateManager.java:addPipeline(56)) - Created pipeline Pipeline[ Id: 26f8cba9-2999-4609-a1a2-a455a09226ce, Nodes: 4e306e3f-25ae-4809-b976-e74c1f449d85{ip: 192.168.164.238, host: pr-hdds-1569-87zkn-1081879488, networkLocation: /default-rack, certSerialId: null}, Type:RATIS, Factor:ONE, State:OPEN]
2019-09-26 13:15:18,540 [RatisPipelineUtilsThread] INFO  pipeline.PipelinePlacementPolicy (PipelinePlacementPolicy.java:meetCriteria(91)) - Pipeline Placement: can't place more pipeline on heavy datanode： d09ba3db-71ae-4cc1-a070-460d4ee804eb Heaviness: 6 limit: 5
2019-09-26 13:15:18,550 [grpc-default-executor-0] INFO  impl.RaftServerProxy (RaftServerProxy.java:addNew(89)) - c0aad3f7-4454-4d6f-ae69-988c2d0f48a4: addNew group-C4E473C967FB:[c0aad3f7-4454-4d6f-ae69-988c2d0f48a4:192.168.164.238:38334] returns group-C4E473C967FB:java.util.concurrent.CompletableFuture@6e95834a[Not completed]
2019-09-26 13:15:18,552 [pool-57-thread-1] INFO  impl.RaftServerImpl (RaftServerImpl.java:<init>(95)) - c0aad3f7-4454-4d6f-ae69-988c2d0f48a4: new RaftServerImpl for group-C4E473C967FB:[c0aad3f7-4454-4d6f-ae69-988c2d0f48a4:192.168.164.238:38334] with ContainerStateMachine:uninitialized
2019-09-26 13:15:18,553 [pool-57-thread-1] INFO  server.RaftServerConfigKeys (ConfUtils.java:logGet(43)) - raft.server.rpc.timeout.min = 5s (custom)
2019-09-26 13:15:18,553 [pool-57-thread-1] INFO  server.RaftServerConfigKeys (ConfUtils.java:logGet(43)) - raft.server.rpc.timeout.max = 5200ms (custom)
2019-09-26 13:15:18,553 [pool-57-thread-1] INFO  server.RaftServerConfigKeys (ConfUtils.java:logGet(43)) - raft.server.rpcslowness.timeout = 120s (custom)
2019-09-26 13:15:18,553 [pool-57-thread-1] INFO  server.RaftServerConfigKeys (ConfUtils.java:logGet(43)) - raft.server.sleep.deviation.threshold = 300 (default)
2019-09-26 13:15:18,553 [pool-57-thread-1] INFO  server.RaftServerConfigKeys (ConfUtils.java:logGet(43)) - raft.server.log.appender.install.snapshot.enabled = false (custom)
2019-09-26 13:15:18,553 [pool-57-thread-1] INFO  impl.RaftServerImpl (ServerState.java:<init>(103)) - c0aad3f7-4454-4d6f-ae69-988c2d0f48a4@group-C4E473C967FB: ConfigurationManager, init=-1: [c0aad3f7-4454-4d6f-ae69-988c2d0f48a4:192.168.164.238:38334], old=null, confs=<EMPTY_MAP>
2019-09-26 13:15:18,554 [pool-57-thread-1] INFO  server.RaftServerConfigKeys (ConfUtils.java:logGet(43)) - raft.server.storage.dir = [/workdir/hadoop-ozone/integration-test/target/test-dir/MiniOzoneClusterImpl-a863f920-e703-48bd-ac3b-b0b5d168c43d/datanode-3/data/ratis] (custom)
2019-09-26 13:15:18,554 [pool-57-thread-1] INFO  storage.RaftStorageDirectory (RaftStorageDirectory.java:analyzeStorage(246)) - The storage directory /workdir/hadoop-ozone/integration-test/target/test-dir/MiniOzoneClusterImpl-a863f920-e703-48bd-ac3b-b0b5d168c43d/datanode-3/data/ratis/07c49a64-26f3-418d-8857-c4e473c967fb does not exist. Creating ...
2019-09-26 13:15:18,568 [pool-57-thread-1] INFO  storage.RaftStorageDirectory (RaftStorageDirectory.java:tryLock(328)) - Lock on /workdir/hadoop-ozone/integration-test/target/test-dir/MiniOzoneClusterImpl-a863f920-e703-48bd-ac3b-b0b5d168c43d/datanode-3/data/ratis/07c49a64-26f3-418d-8857-c4e473c967fb/in_use.lock acquired by nodename 12747@pr-hdds-1569-87zkn-1081879488
2019-09-26 13:15:18,581 [pool-57-thread-1] INFO  storage.RaftStorage (RaftStorage.java:format(72)) - Storage directory /workdir/hadoop-ozone/integration-test/target/test-dir/MiniOzoneClusterImpl-a863f920-e703-48bd-ac3b-b0b5d168c43d/datanode-3/data/ratis/07c49a64-26f3-418d-8857-c4e473c967fb has been successfully formatted.
2019-09-26 13:15:18,582 [pool-57-thread-1] INFO  ratis.ContainerStateMachine (ContainerStateMachine.java:loadSnapshot(230)) - group-C4E473C967FB: The snapshot info is null. Setting the last applied indexto:(t:0, i:~)
2019-09-26 13:15:18,582 [pool-57-thread-1] INFO  server.RaftServerConfigKeys (ConfUtils.java:logGet(43)) - raft.server.notification.no-leader.timeout = 120s (custom)
2019-09-26 13:15:18,582 [pool-57-thread-1] INFO  server.RaftServerConfigKeys (ConfUtils.java:logGet(43)) - raft.server.log.use.memory = false (default)
2019-09-26 13:15:18,582 [pool-57-thread-1] INFO  server.RaftServerConfigKeys (ConfUtils.java:logGet(43)) - raft.server.log.purge.gap = 1000000 (custom)
2019-09-26 13:15:18,582 [pool-57-thread-1] INFO  server.RaftServerConfigKeys (ConfUtils.java:logGet(43)) - raft.server.log.appender.buffer.byte-limit = 33554432 (custom)
2019-09-26 13:15:18,583 [pool-57-thread-1] INFO  server.RaftServerConfigKeys (ConfUtils.java:logGet(43)) - raft.server.log.segment.size.max = 1048576 (custom)
2019-09-26 13:15:18,583 [pool-57-thread-1] INFO  server.RaftServerConfigKeys (ConfUtils.java:logGet(43)) - raft.server.log.segment.cache.num.max = 2 (custom)
2019-09-26 13:15:18,583 [pool-57-thread-1] INFO  segmented.SegmentedRaftLogWorker (SegmentedRaftLogWorker.java:<init>(172)) - new c0aad3f7-4454-4d6f-ae69-988c2d0f48a4@group-C4E473C967FB-SegmentedRaftLogWorker for RaftStorage:Storage Directory /workdir/hadoop-ozone/integration-test/target/test-dir/MiniOzoneClusterImpl-a863f920-e703-48bd-ac3b-b0b5d168c43d/datanode-3/data/ratis/07c49a64-26f3-418d-8857-c4e473c967fb
2019-09-26 13:15:18,583 [pool-57-thread-1] INFO  server.RaftServerConfigKeys (ConfUtils.java:logGet(43)) - raft.server.log.queue.byte-limit = 2147483647 (custom)
2019-09-26 13:15:18,583 [pool-57-thread-1] INFO  server.RaftServerConfigKeys (ConfUtils.java:logGet(43)) - raft.server.log.queue.element-limit = 1024 (custom)
2019-09-26 13:15:18,584 [pool-57-thread-1] INFO  server.RaftServerConfigKeys (ConfUtils.java:logGet(43)) - raft.server.log.segment.size.max = 1048576 (custom)
2019-09-26 13:15:18,584 [pool-57-thread-1] INFO  server.RaftServerConfigKeys (ConfUtils.java:logGet(43)) - raft.server.log.preallocated.size = 16384 (custom)
2019-09-26 13:15:18,584 [pool-57-thread-1] INFO  server.RaftServerConfigKeys (ConfUtils.java:logGet(43)) - raft.server.log.write.buffer.size = 33554432 (custom)
2019-09-26 13:15:18,584 [pool-57-thread-1] INFO  server.RaftServerConfigKeys (ConfUtils.java:logGet(43)) - raft.server.log.force.sync.num = 128 (default)
2019-09-26 13:15:18,584 [pool-57-thread-1] INFO  server.RaftServerConfigKeys (ConfUtils.java:logGet(43)) - raft.server.log.statemachine.data.sync = true (default)
2019-09-26 13:15:18,584 [pool-57-thread-1] INFO  server.RaftServerConfigKeys (ConfUtils.java:logGet(43)) - raft.server.log.statemachine.data.sync.timeout = 10s (default)
2019-09-26 13:15:18,584 [pool-57-thread-1] INFO  server.RaftServerConfigKeys (ConfUtils.java:logGet(43)) - raft.server.log.statemachine.data.sync.timeout.retry = -1 (default)
2019-09-26 13:15:18,585 [pool-57-thread-1] INFO  server.RaftServerConfigKeys (ConfUtils.java:logGet(43)) - raft.server.log.statemachine.data.caching.enabled = true (custom)
2019-09-26 13:15:18,585 [pool-57-thread-1] INFO  segmented.SegmentedRaftLogWorker (SegmentedRaftLogWorker.java:lambda$new$0(132)) - c0aad3f7-4454-4d6f-ae69-988c2d0f48a4@group-C4E473C967FB-SegmentedRaftLogWorker: flushIndex: setUnconditionally 0 -> -1
2019-09-26 13:15:18,585 [pool-57-thread-1] INFO  server.RaftServerConfigKeys (ConfUtils.java:logGet(43)) - raft.server.snapshot.auto.trigger.enabled = true (custom)
2019-09-26 13:15:18,586 [pool-57-thread-1] INFO  server.RaftServerConfigKeys (ConfUtils.java:logGet(43)) - raft.server.snapshot.auto.trigger.threshold = 10000 (custom)
2019-09-26 13:15:18,586 [pool-57-thread-1] INFO  server.RaftServerConfigKeys (ConfUtils.java:logGet(43)) - raft.server.snapshot.retention.num.files = 5 (custom)
2019-09-26 13:15:18,586 [pool-57-thread-1] INFO  server.RaftServerConfigKeys (ConfUtils.java:logGet(43)) - raft.server.retrycache.expirytime = 600000ms (custom)
2019-09-26 13:15:18,589 [pool-57-thread-1] INFO  impl.RaftServerImpl (RaftServerImpl.java:start(185)) - c0aad3f7-4454-4d6f-ae69-988c2d0f48a4@group-C4E473C967FB: start as a follower, conf=-1: [c0aad3f7-4454-4d6f-ae69-988c2d0f48a4:192.168.164.238:38334], old=null
2019-09-26 13:15:18,589 [pool-57-thread-1] INFO  impl.RaftServerImpl (RaftServerImpl.java:setRole(174)) - c0aad3f7-4454-4d6f-ae69-988c2d0f48a4@group-C4E473C967FB: changes role from      null to FOLLOWER at term 0 for startAsFollower
2019-09-26 13:15:18,590 [pool-57-thread-1] INFO  impl.RoleInfo (RoleInfo.java:updateAndGet(143)) - c0aad3f7-4454-4d6f-ae69-988c2d0f48a4: start FollowerState
2019-09-26 13:15:18,590 [pool-57-thread-1] INFO  util.JmxRegister (JmxRegister.java:tryRegister(44)) - Successfully registered JMX Bean with object name Ratis:service=RaftServer,group=group-C4E473C967FB,id=c0aad3f7-4454-4d6f-ae69-988c2d0f48a4
2019-09-26 13:15:18,595 [RatisPipelineUtilsThread] INFO  pipeline.PipelineStateManager (PipelineStateManager.java:addPipeline(56)) - Created pipeline Pipeline[ Id: 07c49a64-26f3-418d-8857-c4e473c967fb, Nodes: c0aad3f7-4454-4d6f-ae69-988c2d0f48a4{ip: 192.168.164.238, host: pr-hdds-1569-87zkn-1081879488, networkLocation: /default-rack, certSerialId: null}, Type:RATIS, Factor:ONE, State:OPEN]
2019-09-26 13:15:18,595 [RatisPipelineUtilsThread] INFO  pipeline.PipelinePlacementPolicy (PipelinePlacementPolicy.java:meetCriteria(91)) - Pipeline Placement: can't place more pipeline on heavy datanode： d09ba3db-71ae-4cc1-a070-460d4ee804eb Heaviness: 6 limit: 5
2019-09-26 13:15:18,605 [grpc-default-executor-0] INFO  impl.RaftServerProxy (RaftServerProxy.java:addNew(89)) - 4e306e3f-25ae-4809-b976-e74c1f449d85: addNew group-33CC4E9A74FC:[4e306e3f-25ae-4809-b976-e74c1f449d85:192.168.164.238:46846] returns group-33CC4E9A74FC:java.util.concurrent.CompletableFuture@15bb47be[Not completed]
2019-09-26 13:15:18,607 [pool-37-thread-1] INFO  impl.RaftServerImpl (RaftServerImpl.java:<init>(95)) - 4e306e3f-25ae-4809-b976-e74c1f449d85: new RaftServerImpl for group-33CC4E9A74FC:[4e306e3f-25ae-4809-b976-e74c1f449d85:192.168.164.238:46846] with ContainerStateMachine:uninitialized
2019-09-26 13:15:18,608 [pool-37-thread-1] INFO  server.RaftServerConfigKeys (ConfUtils.java:logGet(43)) - raft.server.rpc.timeout.min = 5s (custom)
2019-09-26 13:15:18,608 [pool-37-thread-1] INFO  server.RaftServerConfigKeys (ConfUtils.java:logGet(43)) - raft.server.rpc.timeout.max = 5200ms (custom)
2019-09-26 13:15:18,608 [pool-37-thread-1] INFO  server.RaftServerConfigKeys (ConfUtils.java:logGet(43)) - raft.server.rpcslowness.timeout = 120s (custom)
2019-09-26 13:15:18,608 [pool-37-thread-1] INFO  server.RaftServerConfigKeys (ConfUtils.java:logGet(43)) - raft.server.sleep.deviation.threshold = 300 (default)
2019-09-26 13:15:18,610 [pool-37-thread-1] INFO  server.RaftServerConfigKeys (ConfUtils.java:logGet(43)) - raft.server.log.appender.install.snapshot.enabled = false (custom)
2019-09-26 13:15:18,610 [pool-37-thread-1] INFO  impl.RaftServerImpl (ServerState.java:<init>(103)) - 4e306e3f-25ae-4809-b976-e74c1f449d85@group-33CC4E9A74FC: ConfigurationManager, init=-1: [4e306e3f-25ae-4809-b976-e74c1f449d85:192.168.164.238:46846], old=null, confs=<EMPTY_MAP>
2019-09-26 13:15:18,610 [pool-37-thread-1] INFO  server.RaftServerConfigKeys (ConfUtils.java:logGet(43)) - raft.server.storage.dir = [/workdir/hadoop-ozone/integration-test/target/test-dir/MiniOzoneClusterImpl-a863f920-e703-48bd-ac3b-b0b5d168c43d/datanode-1/data/ratis] (custom)
2019-09-26 13:15:18,611 [pool-37-thread-1] INFO  storage.RaftStorageDirectory (RaftStorageDirectory.java:analyzeStorage(246)) - The storage directory /workdir/hadoop-ozone/integration-test/target/test-dir/MiniOzoneClusterImpl-a863f920-e703-48bd-ac3b-b0b5d168c43d/datanode-1/data/ratis/6a9060a9-8578-4384-9507-33cc4e9a74fc does not exist. Creating ...
2019-09-26 13:15:18,616 [pool-37-thread-1] INFO  storage.RaftStorageDirectory (RaftStorageDirectory.java:tryLock(328)) - Lock on /workdir/hadoop-ozone/integration-test/target/test-dir/MiniOzoneClusterImpl-a863f920-e703-48bd-ac3b-b0b5d168c43d/datanode-1/data/ratis/6a9060a9-8578-4384-9507-33cc4e9a74fc/in_use.lock acquired by nodename 12747@pr-hdds-1569-87zkn-1081879488
2019-09-26 13:15:18,619 [pool-37-thread-1] INFO  storage.RaftStorage (RaftStorage.java:format(72)) - Storage directory /workdir/hadoop-ozone/integration-test/target/test-dir/MiniOzoneClusterImpl-a863f920-e703-48bd-ac3b-b0b5d168c43d/datanode-1/data/ratis/6a9060a9-8578-4384-9507-33cc4e9a74fc has been successfully formatted.
2019-09-26 13:15:18,620 [pool-37-thread-1] INFO  ratis.ContainerStateMachine (ContainerStateMachine.java:loadSnapshot(230)) - group-33CC4E9A74FC: The snapshot info is null. Setting the last applied indexto:(t:0, i:~)
2019-09-26 13:15:18,620 [pool-37-thread-1] INFO  server.RaftServerConfigKeys (ConfUtils.java:logGet(43)) - raft.server.notification.no-leader.timeout = 120s (custom)
2019-09-26 13:15:18,620 [pool-37-thread-1] INFO  server.RaftServerConfigKeys (ConfUtils.java:logGet(43)) - raft.server.log.use.memory = false (default)
2019-09-26 13:15:18,620 [pool-37-thread-1] INFO  server.RaftServerConfigKeys (ConfUtils.java:logGet(43)) - raft.server.log.purge.gap = 1000000 (custom)
2019-09-26 13:15:18,621 [pool-37-thread-1] INFO  server.RaftServerConfigKeys (ConfUtils.java:logGet(43)) - raft.server.log.appender.buffer.byte-limit = 33554432 (custom)
2019-09-26 13:15:18,621 [pool-37-thread-1] INFO  server.RaftServerConfigKeys (ConfUtils.java:logGet(43)) - raft.server.log.segment.size.max = 1048576 (custom)
2019-09-26 13:15:18,621 [pool-37-thread-1] INFO  server.RaftServerConfigKeys (ConfUtils.java:logGet(43)) - raft.server.log.segment.cache.num.max = 2 (custom)
2019-09-26 13:15:18,621 [pool-37-thread-1] INFO  segmented.SegmentedRaftLogWorker (SegmentedRaftLogWorker.java:<init>(172)) - new 4e306e3f-25ae-4809-b976-e74c1f449d85@group-33CC4E9A74FC-SegmentedRaftLogWorker for RaftStorage:Storage Directory /workdir/hadoop-ozone/integration-test/target/test-dir/MiniOzoneClusterImpl-a863f920-e703-48bd-ac3b-b0b5d168c43d/datanode-1/data/ratis/6a9060a9-8578-4384-9507-33cc4e9a74fc
2019-09-26 13:15:18,621 [pool-37-thread-1] INFO  server.RaftServerConfigKeys (ConfUtils.java:logGet(43)) - raft.server.log.queue.byte-limit = 2147483647 (custom)
2019-09-26 13:15:18,622 [pool-37-thread-1] INFO  server.RaftServerConfigKeys (ConfUtils.java:logGet(43)) - raft.server.log.queue.element-limit = 1024 (custom)
2019-09-26 13:15:18,622 [pool-37-thread-1] INFO  server.RaftServerConfigKeys (ConfUtils.java:logGet(43)) - raft.server.log.segment.size.max = 1048576 (custom)
2019-09-26 13:15:18,622 [pool-37-thread-1] INFO  server.RaftServerConfigKeys (ConfUtils.java:logGet(43)) - raft.server.log.preallocated.size = 16384 (custom)
2019-09-26 13:15:18,622 [pool-37-thread-1] INFO  server.RaftServerConfigKeys (ConfUtils.java:logGet(43)) - raft.server.log.write.buffer.size = 33554432 (custom)
2019-09-26 13:15:18,622 [pool-37-thread-1] INFO  server.RaftServerConfigKeys (ConfUtils.java:logGet(43)) - raft.server.log.force.sync.num = 128 (default)
2019-09-26 13:15:18,622 [pool-37-thread-1] INFO  server.RaftServerConfigKeys (ConfUtils.java:logGet(43)) - raft.server.log.statemachine.data.sync = true (default)
2019-09-26 13:15:18,623 [pool-37-thread-1] INFO  server.RaftServerConfigKeys (ConfUtils.java:logGet(43)) - raft.server.log.statemachine.data.sync.timeout = 10s (default)
2019-09-26 13:15:18,623 [pool-37-thread-1] INFO  server.RaftServerConfigKeys (ConfUtils.java:logGet(43)) - raft.server.log.statemachine.data.sync.timeout.retry = -1 (default)
2019-09-26 13:15:18,623 [pool-37-thread-1] INFO  server.RaftServerConfigKeys (ConfUtils.java:logGet(43)) - raft.server.log.statemachine.data.caching.enabled = true (custom)
2019-09-26 13:15:18,624 [pool-37-thread-1] INFO  segmented.SegmentedRaftLogWorker (SegmentedRaftLogWorker.java:lambda$new$0(132)) - 4e306e3f-25ae-4809-b976-e74c1f449d85@group-33CC4E9A74FC-SegmentedRaftLogWorker: flushIndex: setUnconditionally 0 -> -1
2019-09-26 13:15:18,624 [pool-37-thread-1] INFO  server.RaftServerConfigKeys (ConfUtils.java:logGet(43)) - raft.server.snapshot.auto.trigger.enabled = true (custom)
2019-09-26 13:15:18,624 [pool-37-thread-1] INFO  server.RaftServerConfigKeys (ConfUtils.java:logGet(43)) - raft.server.snapshot.auto.trigger.threshold = 10000 (custom)
2019-09-26 13:15:18,624 [pool-37-thread-1] INFO  server.RaftServerConfigKeys (ConfUtils.java:logGet(43)) - raft.server.snapshot.retention.num.files = 5 (custom)
2019-09-26 13:15:18,625 [pool-37-thread-1] INFO  server.RaftServerConfigKeys (ConfUtils.java:logGet(43)) - raft.server.retrycache.expirytime = 600000ms (custom)
2019-09-26 13:15:18,628 [pool-37-thread-1] INFO  impl.RaftServerImpl (RaftServerImpl.java:start(185)) - 4e306e3f-25ae-4809-b976-e74c1f449d85@group-33CC4E9A74FC: start as a follower, conf=-1: [4e306e3f-25ae-4809-b976-e74c1f449d85:192.168.164.238:46846], old=null
2019-09-26 13:15:18,630 [pool-37-thread-1] INFO  impl.RaftServerImpl (RaftServerImpl.java:setRole(174)) - 4e306e3f-25ae-4809-b976-e74c1f449d85@group-33CC4E9A74FC: changes role from      null to FOLLOWER at term 0 for startAsFollower
2019-09-26 13:15:18,630 [pool-37-thread-1] INFO  impl.RoleInfo (RoleInfo.java:updateAndGet(143)) - 4e306e3f-25ae-4809-b976-e74c1f449d85: start FollowerState
2019-09-26 13:15:18,631 [pool-37-thread-1] INFO  util.JmxRegister (JmxRegister.java:tryRegister(44)) - Successfully registered JMX Bean with object name Ratis:service=RaftServer,group=group-33CC4E9A74FC,id=4e306e3f-25ae-4809-b976-e74c1f449d85
2019-09-26 13:15:18,636 [RatisPipelineUtilsThread] INFO  pipeline.PipelineStateManager (PipelineStateManager.java:addPipeline(56)) - Created pipeline Pipeline[ Id: 6a9060a9-8578-4384-9507-33cc4e9a74fc, Nodes: 4e306e3f-25ae-4809-b976-e74c1f449d85{ip: 192.168.164.238, host: pr-hdds-1569-87zkn-1081879488, networkLocation: /default-rack, certSerialId: null}, Type:RATIS, Factor:ONE, State:OPEN]
2019-09-26 13:15:18,636 [RatisPipelineUtilsThread] INFO  pipeline.PipelinePlacementPolicy (PipelinePlacementPolicy.java:meetCriteria(91)) - Pipeline Placement: can't place more pipeline on heavy datanode： d09ba3db-71ae-4cc1-a070-460d4ee804eb Heaviness: 6 limit: 5
2019-09-26 13:15:18,659 [grpc-default-executor-0] INFO  impl.RaftServerProxy (RaftServerProxy.java:addNew(89)) - 4e306e3f-25ae-4809-b976-e74c1f449d85: addNew group-5361F9257442:[4e306e3f-25ae-4809-b976-e74c1f449d85:192.168.164.238:46846] returns group-5361F9257442:java.util.concurrent.CompletableFuture@1b8e6265[Not completed]
2019-09-26 13:15:18,662 [pool-37-thread-1] INFO  impl.RaftServerImpl (RaftServerImpl.java:<init>(95)) - 4e306e3f-25ae-4809-b976-e74c1f449d85: new RaftServerImpl for group-5361F9257442:[4e306e3f-25ae-4809-b976-e74c1f449d85:192.168.164.238:46846] with ContainerStateMachine:uninitialized
2019-09-26 13:15:18,664 [pool-37-thread-1] INFO  server.RaftServerConfigKeys (ConfUtils.java:logGet(43)) - raft.server.rpc.timeout.min = 5s (custom)
2019-09-26 13:15:18,664 [pool-37-thread-1] INFO  server.RaftServerConfigKeys (ConfUtils.java:logGet(43)) - raft.server.rpc.timeout.max = 5200ms (custom)
2019-09-26 13:15:18,664 [pool-37-thread-1] INFO  server.RaftServerConfigKeys (ConfUtils.java:logGet(43)) - raft.server.rpcslowness.timeout = 120s (custom)
2019-09-26 13:15:18,664 [pool-37-thread-1] INFO  server.RaftServerConfigKeys (ConfUtils.java:logGet(43)) - raft.server.sleep.deviation.threshold = 300 (default)
2019-09-26 13:15:18,664 [pool-37-thread-1] INFO  server.RaftServerConfigKeys (ConfUtils.java:logGet(43)) - raft.server.log.appender.install.snapshot.enabled = false (custom)
2019-09-26 13:15:18,665 [pool-37-thread-1] INFO  impl.RaftServerImpl (ServerState.java:<init>(103)) - 4e306e3f-25ae-4809-b976-e74c1f449d85@group-5361F9257442: ConfigurationManager, init=-1: [4e306e3f-25ae-4809-b976-e74c1f449d85:192.168.164.238:46846], old=null, confs=<EMPTY_MAP>
2019-09-26 13:15:18,665 [pool-37-thread-1] INFO  server.RaftServerConfigKeys (ConfUtils.java:logGet(43)) - raft.server.storage.dir = [/workdir/hadoop-ozone/integration-test/target/test-dir/MiniOzoneClusterImpl-a863f920-e703-48bd-ac3b-b0b5d168c43d/datanode-1/data/ratis] (custom)
2019-09-26 13:15:18,665 [pool-37-thread-1] INFO  storage.RaftStorageDirectory (RaftStorageDirectory.java:analyzeStorage(246)) - The storage directory /workdir/hadoop-ozone/integration-test/target/test-dir/MiniOzoneClusterImpl-a863f920-e703-48bd-ac3b-b0b5d168c43d/datanode-1/data/ratis/2aa37ae7-ea47-4372-8536-5361f9257442 does not exist. Creating ...
2019-09-26 13:15:18,678 [pool-37-thread-1] INFO  storage.RaftStorageDirectory (RaftStorageDirectory.java:tryLock(328)) - Lock on /workdir/hadoop-ozone/integration-test/target/test-dir/MiniOzoneClusterImpl-a863f920-e703-48bd-ac3b-b0b5d168c43d/datanode-1/data/ratis/2aa37ae7-ea47-4372-8536-5361f9257442/in_use.lock acquired by nodename 12747@pr-hdds-1569-87zkn-1081879488
2019-09-26 13:15:18,692 [pool-37-thread-1] INFO  storage.RaftStorage (RaftStorage.java:format(72)) - Storage directory /workdir/hadoop-ozone/integration-test/target/test-dir/MiniOzoneClusterImpl-a863f920-e703-48bd-ac3b-b0b5d168c43d/datanode-1/data/ratis/2aa37ae7-ea47-4372-8536-5361f9257442 has been successfully formatted.
2019-09-26 13:15:18,695 [pool-37-thread-1] INFO  ratis.ContainerStateMachine (ContainerStateMachine.java:loadSnapshot(230)) - group-5361F9257442: The snapshot info is null. Setting the last applied indexto:(t:0, i:~)
2019-09-26 13:15:18,695 [pool-37-thread-1] INFO  server.RaftServerConfigKeys (ConfUtils.java:logGet(43)) - raft.server.notification.no-leader.timeout = 120s (custom)
2019-09-26 13:15:18,695 [pool-37-thread-1] INFO  server.RaftServerConfigKeys (ConfUtils.java:logGet(43)) - raft.server.log.use.memory = false (default)
2019-09-26 13:15:18,695 [pool-37-thread-1] INFO  server.RaftServerConfigKeys (ConfUtils.java:logGet(43)) - raft.server.log.purge.gap = 1000000 (custom)
2019-09-26 13:15:18,695 [pool-37-thread-1] INFO  server.RaftServerConfigKeys (ConfUtils.java:logGet(43)) - raft.server.log.appender.buffer.byte-limit = 33554432 (custom)
2019-09-26 13:15:18,696 [pool-37-thread-1] INFO  server.RaftServerConfigKeys (ConfUtils.java:logGet(43)) - raft.server.log.segment.size.max = 1048576 (custom)
2019-09-26 13:15:18,696 [pool-37-thread-1] INFO  server.RaftServerConfigKeys (ConfUtils.java:logGet(43)) - raft.server.log.segment.cache.num.max = 2 (custom)
2019-09-26 13:15:18,696 [pool-37-thread-1] INFO  segmented.SegmentedRaftLogWorker (SegmentedRaftLogWorker.java:<init>(172)) - new 4e306e3f-25ae-4809-b976-e74c1f449d85@group-5361F9257442-SegmentedRaftLogWorker for RaftStorage:Storage Directory /workdir/hadoop-ozone/integration-test/target/test-dir/MiniOzoneClusterImpl-a863f920-e703-48bd-ac3b-b0b5d168c43d/datanode-1/data/ratis/2aa37ae7-ea47-4372-8536-5361f9257442
2019-09-26 13:15:18,696 [pool-37-thread-1] INFO  server.RaftServerConfigKeys (ConfUtils.java:logGet(43)) - raft.server.log.queue.byte-limit = 2147483647 (custom)
2019-09-26 13:15:18,696 [pool-37-thread-1] INFO  server.RaftServerConfigKeys (ConfUtils.java:logGet(43)) - raft.server.log.queue.element-limit = 1024 (custom)
2019-09-26 13:15:18,697 [pool-37-thread-1] INFO  server.RaftServerConfigKeys (ConfUtils.java:logGet(43)) - raft.server.log.segment.size.max = 1048576 (custom)
2019-09-26 13:15:18,697 [pool-37-thread-1] INFO  server.RaftServerConfigKeys (ConfUtils.java:logGet(43)) - raft.server.log.preallocated.size = 16384 (custom)
2019-09-26 13:15:18,697 [pool-37-thread-1] INFO  server.RaftServerConfigKeys (ConfUtils.java:logGet(43)) - raft.server.log.write.buffer.size = 33554432 (custom)
2019-09-26 13:15:18,697 [pool-37-thread-1] INFO  server.RaftServerConfigKeys (ConfUtils.java:logGet(43)) - raft.server.log.force.sync.num = 128 (default)
2019-09-26 13:15:18,697 [pool-37-thread-1] INFO  server.RaftServerConfigKeys (ConfUtils.java:logGet(43)) - raft.server.log.statemachine.data.sync = true (default)
2019-09-26 13:15:18,699 [pool-37-thread-1] INFO  server.RaftServerConfigKeys (ConfUtils.java:logGet(43)) - raft.server.log.statemachine.data.sync.timeout = 10s (default)
2019-09-26 13:15:18,699 [pool-37-thread-1] INFO  server.RaftServerConfigKeys (ConfUtils.java:logGet(43)) - raft.server.log.statemachine.data.sync.timeout.retry = -1 (default)
2019-09-26 13:15:18,700 [pool-37-thread-1] INFO  server.RaftServerConfigKeys (ConfUtils.java:logGet(43)) - raft.server.log.statemachine.data.caching.enabled = true (custom)
2019-09-26 13:15:18,700 [pool-37-thread-1] INFO  segmented.SegmentedRaftLogWorker (SegmentedRaftLogWorker.java:lambda$new$0(132)) - 4e306e3f-25ae-4809-b976-e74c1f449d85@group-5361F9257442-SegmentedRaftLogWorker: flushIndex: setUnconditionally 0 -> -1
2019-09-26 13:15:18,700 [pool-37-thread-1] INFO  server.RaftServerConfigKeys (ConfUtils.java:logGet(43)) - raft.server.snapshot.auto.trigger.enabled = true (custom)
2019-09-26 13:15:18,701 [pool-37-thread-1] INFO  server.RaftServerConfigKeys (ConfUtils.java:logGet(43)) - raft.server.snapshot.auto.trigger.threshold = 10000 (custom)
2019-09-26 13:15:18,701 [pool-37-thread-1] INFO  server.RaftServerConfigKeys (ConfUtils.java:logGet(43)) - raft.server.snapshot.retention.num.files = 5 (custom)
2019-09-26 13:15:18,701 [pool-37-thread-1] INFO  server.RaftServerConfigKeys (ConfUtils.java:logGet(43)) - raft.server.retrycache.expirytime = 600000ms (custom)
2019-09-26 13:15:18,704 [pool-37-thread-1] INFO  impl.RaftServerImpl (RaftServerImpl.java:start(185)) - 4e306e3f-25ae-4809-b976-e74c1f449d85@group-5361F9257442: start as a follower, conf=-1: [4e306e3f-25ae-4809-b976-e74c1f449d85:192.168.164.238:46846], old=null
2019-09-26 13:15:18,705 [pool-37-thread-1] INFO  impl.RaftServerImpl (RaftServerImpl.java:setRole(174)) - 4e306e3f-25ae-4809-b976-e74c1f449d85@group-5361F9257442: changes role from      null to FOLLOWER at term 0 for startAsFollower
2019-09-26 13:15:18,705 [pool-37-thread-1] INFO  impl.RoleInfo (RoleInfo.java:updateAndGet(143)) - 4e306e3f-25ae-4809-b976-e74c1f449d85: start FollowerState
2019-09-26 13:15:18,711 [pool-37-thread-1] INFO  util.JmxRegister (JmxRegister.java:tryRegister(44)) - Successfully registered JMX Bean with object name Ratis:service=RaftServer,group=group-5361F9257442,id=4e306e3f-25ae-4809-b976-e74c1f449d85
2019-09-26 13:15:18,726 [RatisPipelineUtilsThread] INFO  pipeline.PipelineStateManager (PipelineStateManager.java:addPipeline(56)) - Created pipeline Pipeline[ Id: 2aa37ae7-ea47-4372-8536-5361f9257442, Nodes: 4e306e3f-25ae-4809-b976-e74c1f449d85{ip: 192.168.164.238, host: pr-hdds-1569-87zkn-1081879488, networkLocation: /default-rack, certSerialId: null}, Type:RATIS, Factor:ONE, State:OPEN]
2019-09-26 13:15:18,726 [RatisPipelineUtilsThread] INFO  pipeline.PipelinePlacementPolicy (PipelinePlacementPolicy.java:meetCriteria(91)) - Pipeline Placement: can't place more pipeline on heavy datanode： d09ba3db-71ae-4cc1-a070-460d4ee804eb Heaviness: 6 limit: 5
2019-09-26 13:15:18,727 [RatisPipelineUtilsThread] INFO  pipeline.PipelinePlacementPolicy (PipelinePlacementPolicy.java:meetCriteria(91)) - Pipeline Placement: can't place more pipeline on heavy datanode： 4e306e3f-25ae-4809-b976-e74c1f449d85 Heaviness: 6 limit: 5
2019-09-26 13:15:18,737 [grpc-default-executor-0] INFO  impl.RaftServerProxy (RaftServerProxy.java:addNew(89)) - b4fa65ea-f6d5-4876-b0ba-3a338b93c219: addNew group-3DCF1FE7EB40:[b4fa65ea-f6d5-4876-b0ba-3a338b93c219:192.168.164.238:37845] returns group-3DCF1FE7EB40:java.util.concurrent.CompletableFuture@58a357b5[Not completed]
2019-09-26 13:15:18,739 [pool-47-thread-1] INFO  impl.RaftServerImpl (RaftServerImpl.java:<init>(95)) - b4fa65ea-f6d5-4876-b0ba-3a338b93c219: new RaftServerImpl for group-3DCF1FE7EB40:[b4fa65ea-f6d5-4876-b0ba-3a338b93c219:192.168.164.238:37845] with ContainerStateMachine:uninitialized
2019-09-26 13:15:18,740 [pool-47-thread-1] INFO  server.RaftServerConfigKeys (ConfUtils.java:logGet(43)) - raft.server.rpc.timeout.min = 5s (custom)
2019-09-26 13:15:18,740 [pool-47-thread-1] INFO  server.RaftServerConfigKeys (ConfUtils.java:logGet(43)) - raft.server.rpc.timeout.max = 5200ms (custom)
2019-09-26 13:15:18,740 [pool-47-thread-1] INFO  server.RaftServerConfigKeys (ConfUtils.java:logGet(43)) - raft.server.rpcslowness.timeout = 120s (custom)
2019-09-26 13:15:18,740 [pool-47-thread-1] INFO  server.RaftServerConfigKeys (ConfUtils.java:logGet(43)) - raft.server.sleep.deviation.threshold = 300 (default)
2019-09-26 13:15:18,740 [pool-47-thread-1] INFO  server.RaftServerConfigKeys (ConfUtils.java:logGet(43)) - raft.server.log.appender.install.snapshot.enabled = false (custom)
2019-09-26 13:15:18,740 [pool-47-thread-1] INFO  impl.RaftServerImpl (ServerState.java:<init>(103)) - b4fa65ea-f6d5-4876-b0ba-3a338b93c219@group-3DCF1FE7EB40: ConfigurationManager, init=-1: [b4fa65ea-f6d5-4876-b0ba-3a338b93c219:192.168.164.238:37845], old=null, confs=<EMPTY_MAP>
2019-09-26 13:15:18,741 [pool-47-thread-1] INFO  server.RaftServerConfigKeys (ConfUtils.java:logGet(43)) - raft.server.storage.dir = [/workdir/hadoop-ozone/integration-test/target/test-dir/MiniOzoneClusterImpl-a863f920-e703-48bd-ac3b-b0b5d168c43d/datanode-2/data/ratis] (custom)
2019-09-26 13:15:18,741 [pool-47-thread-1] INFO  storage.RaftStorageDirectory (RaftStorageDirectory.java:analyzeStorage(246)) - The storage directory /workdir/hadoop-ozone/integration-test/target/test-dir/MiniOzoneClusterImpl-a863f920-e703-48bd-ac3b-b0b5d168c43d/datanode-2/data/ratis/cc0f4eb4-c79f-4ee5-9d87-3dcf1fe7eb40 does not exist. Creating ...
2019-09-26 13:15:18,758 [pool-47-thread-1] INFO  storage.RaftStorageDirectory (RaftStorageDirectory.java:tryLock(328)) - Lock on /workdir/hadoop-ozone/integration-test/target/test-dir/MiniOzoneClusterImpl-a863f920-e703-48bd-ac3b-b0b5d168c43d/datanode-2/data/ratis/cc0f4eb4-c79f-4ee5-9d87-3dcf1fe7eb40/in_use.lock acquired by nodename 12747@pr-hdds-1569-87zkn-1081879488
2019-09-26 13:15:18,770 [pool-47-thread-1] INFO  storage.RaftStorage (RaftStorage.java:format(72)) - Storage directory /workdir/hadoop-ozone/integration-test/target/test-dir/MiniOzoneClusterImpl-a863f920-e703-48bd-ac3b-b0b5d168c43d/datanode-2/data/ratis/cc0f4eb4-c79f-4ee5-9d87-3dcf1fe7eb40 has been successfully formatted.
2019-09-26 13:15:18,771 [pool-47-thread-1] INFO  ratis.ContainerStateMachine (ContainerStateMachine.java:loadSnapshot(230)) - group-3DCF1FE7EB40: The snapshot info is null. Setting the last applied indexto:(t:0, i:~)
2019-09-26 13:15:18,771 [pool-47-thread-1] INFO  server.RaftServerConfigKeys (ConfUtils.java:logGet(43)) - raft.server.notification.no-leader.timeout = 120s (custom)
2019-09-26 13:15:18,771 [pool-47-thread-1] INFO  server.RaftServerConfigKeys (ConfUtils.java:logGet(43)) - raft.server.log.use.memory = false (default)
2019-09-26 13:15:18,771 [pool-47-thread-1] INFO  server.RaftServerConfigKeys (ConfUtils.java:logGet(43)) - raft.server.log.purge.gap = 1000000 (custom)
2019-09-26 13:15:18,771 [pool-47-thread-1] INFO  server.RaftServerConfigKeys (ConfUtils.java:logGet(43)) - raft.server.log.appender.buffer.byte-limit = 33554432 (custom)
2019-09-26 13:15:18,771 [pool-47-thread-1] INFO  server.RaftServerConfigKeys (ConfUtils.java:logGet(43)) - raft.server.log.segment.size.max = 1048576 (custom)
2019-09-26 13:15:18,772 [pool-47-thread-1] INFO  server.RaftServerConfigKeys (ConfUtils.java:logGet(43)) - raft.server.log.segment.cache.num.max = 2 (custom)
2019-09-26 13:15:18,772 [pool-47-thread-1] INFO  segmented.SegmentedRaftLogWorker (SegmentedRaftLogWorker.java:<init>(172)) - new b4fa65ea-f6d5-4876-b0ba-3a338b93c219@group-3DCF1FE7EB40-SegmentedRaftLogWorker for RaftStorage:Storage Directory /workdir/hadoop-ozone/integration-test/target/test-dir/MiniOzoneClusterImpl-a863f920-e703-48bd-ac3b-b0b5d168c43d/datanode-2/data/ratis/cc0f4eb4-c79f-4ee5-9d87-3dcf1fe7eb40
2019-09-26 13:15:18,772 [pool-47-thread-1] INFO  server.RaftServerConfigKeys (ConfUtils.java:logGet(43)) - raft.server.log.queue.byte-limit = 2147483647 (custom)
2019-09-26 13:15:18,772 [pool-47-thread-1] INFO  server.RaftServerConfigKeys (ConfUtils.java:logGet(43)) - raft.server.log.queue.element-limit = 1024 (custom)
2019-09-26 13:15:18,772 [pool-47-thread-1] INFO  server.RaftServerConfigKeys (ConfUtils.java:logGet(43)) - raft.server.log.segment.size.max = 1048576 (custom)
2019-09-26 13:15:18,772 [pool-47-thread-1] INFO  server.RaftServerConfigKeys (ConfUtils.java:logGet(43)) - raft.server.log.preallocated.size = 16384 (custom)
2019-09-26 13:15:18,772 [pool-47-thread-1] INFO  server.RaftServerConfigKeys (ConfUtils.java:logGet(43)) - raft.server.log.write.buffer.size = 33554432 (custom)
2019-09-26 13:15:18,772 [pool-47-thread-1] INFO  server.RaftServerConfigKeys (ConfUtils.java:logGet(43)) - raft.server.log.force.sync.num = 128 (default)
2019-09-26 13:15:18,773 [pool-47-thread-1] INFO  server.RaftServerConfigKeys (ConfUtils.java:logGet(43)) - raft.server.log.statemachine.data.sync = true (default)
2019-09-26 13:15:18,773 [pool-47-thread-1] INFO  server.RaftServerConfigKeys (ConfUtils.java:logGet(43)) - raft.server.log.statemachine.data.sync.timeout = 10s (default)
2019-09-26 13:15:18,773 [pool-47-thread-1] INFO  server.RaftServerConfigKeys (ConfUtils.java:logGet(43)) - raft.server.log.statemachine.data.sync.timeout.retry = -1 (default)
2019-09-26 13:15:18,773 [pool-47-thread-1] INFO  server.RaftServerConfigKeys (ConfUtils.java:logGet(43)) - raft.server.log.statemachine.data.caching.enabled = true (custom)
2019-09-26 13:15:18,773 [pool-47-thread-1] INFO  segmented.SegmentedRaftLogWorker (SegmentedRaftLogWorker.java:lambda$new$0(132)) - b4fa65ea-f6d5-4876-b0ba-3a338b93c219@group-3DCF1FE7EB40-SegmentedRaftLogWorker: flushIndex: setUnconditionally 0 -> -1
2019-09-26 13:15:18,774 [pool-47-thread-1] INFO  server.RaftServerConfigKeys (ConfUtils.java:logGet(43)) - raft.server.snapshot.auto.trigger.enabled = true (custom)
2019-09-26 13:15:18,774 [pool-47-thread-1] INFO  server.RaftServerConfigKeys (ConfUtils.java:logGet(43)) - raft.server.snapshot.auto.trigger.threshold = 10000 (custom)
2019-09-26 13:15:18,774 [pool-47-thread-1] INFO  server.RaftServerConfigKeys (ConfUtils.java:logGet(43)) - raft.server.snapshot.retention.num.files = 5 (custom)
2019-09-26 13:15:18,774 [pool-47-thread-1] INFO  server.RaftServerConfigKeys (ConfUtils.java:logGet(43)) - raft.server.retrycache.expirytime = 600000ms (custom)
2019-09-26 13:15:18,777 [pool-47-thread-1] INFO  impl.RaftServerImpl (RaftServerImpl.java:start(185)) - b4fa65ea-f6d5-4876-b0ba-3a338b93c219@group-3DCF1FE7EB40: start as a follower, conf=-1: [b4fa65ea-f6d5-4876-b0ba-3a338b93c219:192.168.164.238:37845], old=null
2019-09-26 13:15:18,777 [pool-47-thread-1] INFO  impl.RaftServerImpl (RaftServerImpl.java:setRole(174)) - b4fa65ea-f6d5-4876-b0ba-3a338b93c219@group-3DCF1FE7EB40: changes role from      null to FOLLOWER at term 0 for startAsFollower
2019-09-26 13:15:18,777 [pool-47-thread-1] INFO  impl.RoleInfo (RoleInfo.java:updateAndGet(143)) - b4fa65ea-f6d5-4876-b0ba-3a338b93c219: start FollowerState
2019-09-26 13:15:18,777 [pool-47-thread-1] INFO  util.JmxRegister (JmxRegister.java:tryRegister(44)) - Successfully registered JMX Bean with object name Ratis:service=RaftServer,group=group-3DCF1FE7EB40,id=b4fa65ea-f6d5-4876-b0ba-3a338b93c219
2019-09-26 13:15:18,783 [RatisPipelineUtilsThread] INFO  pipeline.PipelineStateManager (PipelineStateManager.java:addPipeline(56)) - Created pipeline Pipeline[ Id: cc0f4eb4-c79f-4ee5-9d87-3dcf1fe7eb40, Nodes: b4fa65ea-f6d5-4876-b0ba-3a338b93c219{ip: 192.168.164.238, host: pr-hdds-1569-87zkn-1081879488, networkLocation: /default-rack, certSerialId: null}, Type:RATIS, Factor:ONE, State:OPEN]
2019-09-26 13:15:18,783 [RatisPipelineUtilsThread] INFO  pipeline.PipelinePlacementPolicy (PipelinePlacementPolicy.java:meetCriteria(91)) - Pipeline Placement: can't place more pipeline on heavy datanode： d09ba3db-71ae-4cc1-a070-460d4ee804eb Heaviness: 6 limit: 5
2019-09-26 13:15:18,783 [RatisPipelineUtilsThread] INFO  pipeline.PipelinePlacementPolicy (PipelinePlacementPolicy.java:meetCriteria(91)) - Pipeline Placement: can't place more pipeline on heavy datanode： 4e306e3f-25ae-4809-b976-e74c1f449d85 Heaviness: 6 limit: 5
2019-09-26 13:15:18,795 [grpc-default-executor-0] INFO  impl.RaftServerProxy (RaftServerProxy.java:addNew(89)) - b4fa65ea-f6d5-4876-b0ba-3a338b93c219: addNew group-B1E4C4B93623:[b4fa65ea-f6d5-4876-b0ba-3a338b93c219:192.168.164.238:37845] returns group-B1E4C4B93623:java.util.concurrent.CompletableFuture@707b705e[Not completed]
2019-09-26 13:15:18,796 [pool-47-thread-1] INFO  impl.RaftServerImpl (RaftServerImpl.java:<init>(95)) - b4fa65ea-f6d5-4876-b0ba-3a338b93c219: new RaftServerImpl for group-B1E4C4B93623:[b4fa65ea-f6d5-4876-b0ba-3a338b93c219:192.168.164.238:37845] with ContainerStateMachine:uninitialized
2019-09-26 13:15:18,796 [pool-47-thread-1] INFO  server.RaftServerConfigKeys (ConfUtils.java:logGet(43)) - raft.server.rpc.timeout.min = 5s (custom)
2019-09-26 13:15:18,796 [pool-47-thread-1] INFO  server.RaftServerConfigKeys (ConfUtils.java:logGet(43)) - raft.server.rpc.timeout.max = 5200ms (custom)
2019-09-26 13:15:18,797 [pool-47-thread-1] INFO  server.RaftServerConfigKeys (ConfUtils.java:logGet(43)) - raft.server.rpcslowness.timeout = 120s (custom)
2019-09-26 13:15:18,797 [pool-47-thread-1] INFO  server.RaftServerConfigKeys (ConfUtils.java:logGet(43)) - raft.server.sleep.deviation.threshold = 300 (default)
2019-09-26 13:15:18,797 [pool-47-thread-1] INFO  server.RaftServerConfigKeys (ConfUtils.java:logGet(43)) - raft.server.log.appender.install.snapshot.enabled = false (custom)
2019-09-26 13:15:18,797 [pool-47-thread-1] INFO  impl.RaftServerImpl (ServerState.java:<init>(103)) - b4fa65ea-f6d5-4876-b0ba-3a338b93c219@group-B1E4C4B93623: ConfigurationManager, init=-1: [b4fa65ea-f6d5-4876-b0ba-3a338b93c219:192.168.164.238:37845], old=null, confs=<EMPTY_MAP>
2019-09-26 13:15:18,797 [pool-47-thread-1] INFO  server.RaftServerConfigKeys (ConfUtils.java:logGet(43)) - raft.server.storage.dir = [/workdir/hadoop-ozone/integration-test/target/test-dir/MiniOzoneClusterImpl-a863f920-e703-48bd-ac3b-b0b5d168c43d/datanode-2/data/ratis] (custom)
2019-09-26 13:15:18,798 [pool-47-thread-1] INFO  storage.RaftStorageDirectory (RaftStorageDirectory.java:analyzeStorage(246)) - The storage directory /workdir/hadoop-ozone/integration-test/target/test-dir/MiniOzoneClusterImpl-a863f920-e703-48bd-ac3b-b0b5d168c43d/datanode-2/data/ratis/4c6c5e5d-10cc-419e-83ca-b1e4c4b93623 does not exist. Creating ...
2019-09-26 13:15:18,811 [pool-47-thread-1] INFO  storage.RaftStorageDirectory (RaftStorageDirectory.java:tryLock(328)) - Lock on /workdir/hadoop-ozone/integration-test/target/test-dir/MiniOzoneClusterImpl-a863f920-e703-48bd-ac3b-b0b5d168c43d/datanode-2/data/ratis/4c6c5e5d-10cc-419e-83ca-b1e4c4b93623/in_use.lock acquired by nodename 12747@pr-hdds-1569-87zkn-1081879488
2019-09-26 13:15:18,825 [pool-47-thread-1] INFO  storage.RaftStorage (RaftStorage.java:format(72)) - Storage directory /workdir/hadoop-ozone/integration-test/target/test-dir/MiniOzoneClusterImpl-a863f920-e703-48bd-ac3b-b0b5d168c43d/datanode-2/data/ratis/4c6c5e5d-10cc-419e-83ca-b1e4c4b93623 has been successfully formatted.
2019-09-26 13:15:18,825 [pool-47-thread-1] INFO  ratis.ContainerStateMachine (ContainerStateMachine.java:loadSnapshot(230)) - group-B1E4C4B93623: The snapshot info is null. Setting the last applied indexto:(t:0, i:~)
2019-09-26 13:15:18,825 [pool-47-thread-1] INFO  server.RaftServerConfigKeys (ConfUtils.java:logGet(43)) - raft.server.notification.no-leader.timeout = 120s (custom)
2019-09-26 13:15:18,825 [pool-47-thread-1] INFO  server.RaftServerConfigKeys (ConfUtils.java:logGet(43)) - raft.server.log.use.memory = false (default)
2019-09-26 13:15:18,827 [pool-47-thread-1] INFO  server.RaftServerConfigKeys (ConfUtils.java:logGet(43)) - raft.server.log.purge.gap = 1000000 (custom)
2019-09-26 13:15:18,827 [pool-47-thread-1] INFO  server.RaftServerConfigKeys (ConfUtils.java:logGet(43)) - raft.server.log.appender.buffer.byte-limit = 33554432 (custom)
2019-09-26 13:15:18,827 [pool-47-thread-1] INFO  server.RaftServerConfigKeys (ConfUtils.java:logGet(43)) - raft.server.log.segment.size.max = 1048576 (custom)
2019-09-26 13:15:18,827 [pool-47-thread-1] INFO  server.RaftServerConfigKeys (ConfUtils.java:logGet(43)) - raft.server.log.segment.cache.num.max = 2 (custom)
2019-09-26 13:15:18,828 [pool-47-thread-1] INFO  segmented.SegmentedRaftLogWorker (SegmentedRaftLogWorker.java:<init>(172)) - new b4fa65ea-f6d5-4876-b0ba-3a338b93c219@group-B1E4C4B93623-SegmentedRaftLogWorker for RaftStorage:Storage Directory /workdir/hadoop-ozone/integration-test/target/test-dir/MiniOzoneClusterImpl-a863f920-e703-48bd-ac3b-b0b5d168c43d/datanode-2/data/ratis/4c6c5e5d-10cc-419e-83ca-b1e4c4b93623
2019-09-26 13:15:18,828 [pool-47-thread-1] INFO  server.RaftServerConfigKeys (ConfUtils.java:logGet(43)) - raft.server.log.queue.byte-limit = 2147483647 (custom)
2019-09-26 13:15:18,828 [pool-47-thread-1] INFO  server.RaftServerConfigKeys (ConfUtils.java:logGet(43)) - raft.server.log.queue.element-limit = 1024 (custom)
2019-09-26 13:15:18,828 [pool-47-thread-1] INFO  server.RaftServerConfigKeys (ConfUtils.java:logGet(43)) - raft.server.log.segment.size.max = 1048576 (custom)
2019-09-26 13:15:18,828 [pool-47-thread-1] INFO  server.RaftServerConfigKeys (ConfUtils.java:logGet(43)) - raft.server.log.preallocated.size = 16384 (custom)
2019-09-26 13:15:18,828 [pool-47-thread-1] INFO  server.RaftServerConfigKeys (ConfUtils.java:logGet(43)) - raft.server.log.write.buffer.size = 33554432 (custom)
2019-09-26 13:15:18,829 [pool-47-thread-1] INFO  server.RaftServerConfigKeys (ConfUtils.java:logGet(43)) - raft.server.log.force.sync.num = 128 (default)
2019-09-26 13:15:18,829 [pool-47-thread-1] INFO  server.RaftServerConfigKeys (ConfUtils.java:logGet(43)) - raft.server.log.statemachine.data.sync = true (default)
2019-09-26 13:15:18,829 [pool-47-thread-1] INFO  server.RaftServerConfigKeys (ConfUtils.java:logGet(43)) - raft.server.log.statemachine.data.sync.timeout = 10s (default)
2019-09-26 13:15:18,829 [pool-47-thread-1] INFO  server.RaftServerConfigKeys (ConfUtils.java:logGet(43)) - raft.server.log.statemachine.data.sync.timeout.retry = -1 (default)
2019-09-26 13:15:18,829 [pool-47-thread-1] INFO  server.RaftServerConfigKeys (ConfUtils.java:logGet(43)) - raft.server.log.statemachine.data.caching.enabled = true (custom)
2019-09-26 13:15:18,830 [pool-47-thread-1] INFO  segmented.SegmentedRaftLogWorker (SegmentedRaftLogWorker.java:lambda$new$0(132)) - b4fa65ea-f6d5-4876-b0ba-3a338b93c219@group-B1E4C4B93623-SegmentedRaftLogWorker: flushIndex: setUnconditionally 0 -> -1
2019-09-26 13:15:18,830 [pool-47-thread-1] INFO  server.RaftServerConfigKeys (ConfUtils.java:logGet(43)) - raft.server.snapshot.auto.trigger.enabled = true (custom)
2019-09-26 13:15:18,830 [pool-47-thread-1] INFO  server.RaftServerConfigKeys (ConfUtils.java:logGet(43)) - raft.server.snapshot.auto.trigger.threshold = 10000 (custom)
2019-09-26 13:15:18,830 [pool-47-thread-1] INFO  server.RaftServerConfigKeys (ConfUtils.java:logGet(43)) - raft.server.snapshot.retention.num.files = 5 (custom)
2019-09-26 13:15:18,830 [pool-47-thread-1] INFO  server.RaftServerConfigKeys (ConfUtils.java:logGet(43)) - raft.server.retrycache.expirytime = 600000ms (custom)
2019-09-26 13:15:18,833 [pool-47-thread-1] INFO  impl.RaftServerImpl (RaftServerImpl.java:start(185)) - b4fa65ea-f6d5-4876-b0ba-3a338b93c219@group-B1E4C4B93623: start as a follower, conf=-1: [b4fa65ea-f6d5-4876-b0ba-3a338b93c219:192.168.164.238:37845], old=null
2019-09-26 13:15:18,834 [pool-47-thread-1] INFO  impl.RaftServerImpl (RaftServerImpl.java:setRole(174)) - b4fa65ea-f6d5-4876-b0ba-3a338b93c219@group-B1E4C4B93623: changes role from      null to FOLLOWER at term 0 for startAsFollower
2019-09-26 13:15:18,834 [pool-47-thread-1] INFO  impl.RoleInfo (RoleInfo.java:updateAndGet(143)) - b4fa65ea-f6d5-4876-b0ba-3a338b93c219: start FollowerState
2019-09-26 13:15:18,834 [pool-47-thread-1] INFO  util.JmxRegister (JmxRegister.java:tryRegister(44)) - Successfully registered JMX Bean with object name Ratis:service=RaftServer,group=group-B1E4C4B93623,id=b4fa65ea-f6d5-4876-b0ba-3a338b93c219
2019-09-26 13:15:18,839 [RatisPipelineUtilsThread] INFO  pipeline.PipelineStateManager (PipelineStateManager.java:addPipeline(56)) - Created pipeline Pipeline[ Id: 4c6c5e5d-10cc-419e-83ca-b1e4c4b93623, Nodes: b4fa65ea-f6d5-4876-b0ba-3a338b93c219{ip: 192.168.164.238, host: pr-hdds-1569-87zkn-1081879488, networkLocation: /default-rack, certSerialId: null}, Type:RATIS, Factor:ONE, State:OPEN]
2019-09-26 13:15:18,840 [RatisPipelineUtilsThread] INFO  pipeline.PipelinePlacementPolicy (PipelinePlacementPolicy.java:meetCriteria(91)) - Pipeline Placement: can't place more pipeline on heavy datanode： b4fa65ea-f6d5-4876-b0ba-3a338b93c219 Heaviness: 6 limit: 5
2019-09-26 13:15:18,840 [RatisPipelineUtilsThread] INFO  pipeline.PipelinePlacementPolicy (PipelinePlacementPolicy.java:meetCriteria(91)) - Pipeline Placement: can't place more pipeline on heavy datanode： d09ba3db-71ae-4cc1-a070-460d4ee804eb Heaviness: 6 limit: 5
2019-09-26 13:15:18,840 [RatisPipelineUtilsThread] INFO  pipeline.PipelinePlacementPolicy (PipelinePlacementPolicy.java:meetCriteria(91)) - Pipeline Placement: can't place more pipeline on heavy datanode： 4e306e3f-25ae-4809-b976-e74c1f449d85 Heaviness: 6 limit: 5
2019-09-26 13:15:18,851 [grpc-default-executor-0] INFO  impl.RaftServerProxy (RaftServerProxy.java:addNew(89)) - c0aad3f7-4454-4d6f-ae69-988c2d0f48a4: addNew group-2DDFB9980CEF:[c0aad3f7-4454-4d6f-ae69-988c2d0f48a4:192.168.164.238:38334] returns group-2DDFB9980CEF:java.util.concurrent.CompletableFuture@762b3d28[Not completed]
2019-09-26 13:15:18,853 [pool-57-thread-1] INFO  impl.RaftServerImpl (RaftServerImpl.java:<init>(95)) - c0aad3f7-4454-4d6f-ae69-988c2d0f48a4: new RaftServerImpl for group-2DDFB9980CEF:[c0aad3f7-4454-4d6f-ae69-988c2d0f48a4:192.168.164.238:38334] with ContainerStateMachine:uninitialized
2019-09-26 13:15:18,853 [pool-57-thread-1] INFO  server.RaftServerConfigKeys (ConfUtils.java:logGet(43)) - raft.server.rpc.timeout.min = 5s (custom)
2019-09-26 13:15:18,853 [pool-57-thread-1] INFO  server.RaftServerConfigKeys (ConfUtils.java:logGet(43)) - raft.server.rpc.timeout.max = 5200ms (custom)
2019-09-26 13:15:18,853 [pool-57-thread-1] INFO  server.RaftServerConfigKeys (ConfUtils.java:logGet(43)) - raft.server.rpcslowness.timeout = 120s (custom)
2019-09-26 13:15:18,853 [pool-57-thread-1] INFO  server.RaftServerConfigKeys (ConfUtils.java:logGet(43)) - raft.server.sleep.deviation.threshold = 300 (default)
2019-09-26 13:15:18,853 [pool-57-thread-1] INFO  server.RaftServerConfigKeys (ConfUtils.java:logGet(43)) - raft.server.log.appender.install.snapshot.enabled = false (custom)
2019-09-26 13:15:18,853 [pool-57-thread-1] INFO  impl.RaftServerImpl (ServerState.java:<init>(103)) - c0aad3f7-4454-4d6f-ae69-988c2d0f48a4@group-2DDFB9980CEF: ConfigurationManager, init=-1: [c0aad3f7-4454-4d6f-ae69-988c2d0f48a4:192.168.164.238:38334], old=null, confs=<EMPTY_MAP>
2019-09-26 13:15:18,854 [pool-57-thread-1] INFO  server.RaftServerConfigKeys (ConfUtils.java:logGet(43)) - raft.server.storage.dir = [/workdir/hadoop-ozone/integration-test/target/test-dir/MiniOzoneClusterImpl-a863f920-e703-48bd-ac3b-b0b5d168c43d/datanode-3/data/ratis] (custom)
2019-09-26 13:15:18,854 [pool-57-thread-1] INFO  storage.RaftStorageDirectory (RaftStorageDirectory.java:analyzeStorage(246)) - The storage directory /workdir/hadoop-ozone/integration-test/target/test-dir/MiniOzoneClusterImpl-a863f920-e703-48bd-ac3b-b0b5d168c43d/datanode-3/data/ratis/06a1cf3f-3ef6-410d-89ee-2ddfb9980cef does not exist. Creating ...
2019-09-26 13:15:18,867 [pool-57-thread-1] INFO  storage.RaftStorageDirectory (RaftStorageDirectory.java:tryLock(328)) - Lock on /workdir/hadoop-ozone/integration-test/target/test-dir/MiniOzoneClusterImpl-a863f920-e703-48bd-ac3b-b0b5d168c43d/datanode-3/data/ratis/06a1cf3f-3ef6-410d-89ee-2ddfb9980cef/in_use.lock acquired by nodename 12747@pr-hdds-1569-87zkn-1081879488
2019-09-26 13:15:18,879 [pool-57-thread-1] INFO  storage.RaftStorage (RaftStorage.java:format(72)) - Storage directory /workdir/hadoop-ozone/integration-test/target/test-dir/MiniOzoneClusterImpl-a863f920-e703-48bd-ac3b-b0b5d168c43d/datanode-3/data/ratis/06a1cf3f-3ef6-410d-89ee-2ddfb9980cef has been successfully formatted.
2019-09-26 13:15:18,880 [pool-57-thread-1] INFO  ratis.ContainerStateMachine (ContainerStateMachine.java:loadSnapshot(230)) - group-2DDFB9980CEF: The snapshot info is null. Setting the last applied indexto:(t:0, i:~)
2019-09-26 13:15:18,880 [pool-57-thread-1] INFO  server.RaftServerConfigKeys (ConfUtils.java:logGet(43)) - raft.server.notification.no-leader.timeout = 120s (custom)
2019-09-26 13:15:18,880 [pool-57-thread-1] INFO  server.RaftServerConfigKeys (ConfUtils.java:logGet(43)) - raft.server.log.use.memory = false (default)
2019-09-26 13:15:18,880 [pool-57-thread-1] INFO  server.RaftServerConfigKeys (ConfUtils.java:logGet(43)) - raft.server.log.purge.gap = 1000000 (custom)
2019-09-26 13:15:18,880 [pool-57-thread-1] INFO  server.RaftServerConfigKeys (ConfUtils.java:logGet(43)) - raft.server.log.appender.buffer.byte-limit = 33554432 (custom)
2019-09-26 13:15:18,880 [pool-57-thread-1] INFO  server.RaftServerConfigKeys (ConfUtils.java:logGet(43)) - raft.server.log.segment.size.max = 1048576 (custom)
2019-09-26 13:15:18,880 [pool-57-thread-1] INFO  server.RaftServerConfigKeys (ConfUtils.java:logGet(43)) - raft.server.log.segment.cache.num.max = 2 (custom)
2019-09-26 13:15:18,881 [pool-57-thread-1] INFO  segmented.SegmentedRaftLogWorker (SegmentedRaftLogWorker.java:<init>(172)) - new c0aad3f7-4454-4d6f-ae69-988c2d0f48a4@group-2DDFB9980CEF-SegmentedRaftLogWorker for RaftStorage:Storage Directory /workdir/hadoop-ozone/integration-test/target/test-dir/MiniOzoneClusterImpl-a863f920-e703-48bd-ac3b-b0b5d168c43d/datanode-3/data/ratis/06a1cf3f-3ef6-410d-89ee-2ddfb9980cef
2019-09-26 13:15:18,881 [pool-57-thread-1] INFO  server.RaftServerConfigKeys (ConfUtils.java:logGet(43)) - raft.server.log.queue.byte-limit = 2147483647 (custom)
2019-09-26 13:15:18,881 [pool-57-thread-1] INFO  server.RaftServerConfigKeys (ConfUtils.java:logGet(43)) - raft.server.log.queue.element-limit = 1024 (custom)
2019-09-26 13:15:18,881 [pool-57-thread-1] INFO  server.RaftServerConfigKeys (ConfUtils.java:logGet(43)) - raft.server.log.segment.size.max = 1048576 (custom)
2019-09-26 13:15:18,881 [pool-57-thread-1] INFO  server.RaftServerConfigKeys (ConfUtils.java:logGet(43)) - raft.server.log.preallocated.size = 16384 (custom)
2019-09-26 13:15:18,881 [pool-57-thread-1] INFO  server.RaftServerConfigKeys (ConfUtils.java:logGet(43)) - raft.server.log.write.buffer.size = 33554432 (custom)
2019-09-26 13:15:18,881 [pool-57-thread-1] INFO  server.RaftServerConfigKeys (ConfUtils.java:logGet(43)) - raft.server.log.force.sync.num = 128 (default)
2019-09-26 13:15:18,881 [pool-57-thread-1] INFO  server.RaftServerConfigKeys (ConfUtils.java:logGet(43)) - raft.server.log.statemachine.data.sync = true (default)
2019-09-26 13:15:18,882 [pool-57-thread-1] INFO  server.RaftServerConfigKeys (ConfUtils.java:logGet(43)) - raft.server.log.statemachine.data.sync.timeout = 10s (default)
2019-09-26 13:15:18,882 [pool-57-thread-1] INFO  server.RaftServerConfigKeys (ConfUtils.java:logGet(43)) - raft.server.log.statemachine.data.sync.timeout.retry = -1 (default)
2019-09-26 13:15:18,882 [pool-57-thread-1] INFO  server.RaftServerConfigKeys (ConfUtils.java:logGet(43)) - raft.server.log.statemachine.data.caching.enabled = true (custom)
2019-09-26 13:15:18,882 [pool-57-thread-1] INFO  segmented.SegmentedRaftLogWorker (SegmentedRaftLogWorker.java:lambda$new$0(132)) - c0aad3f7-4454-4d6f-ae69-988c2d0f48a4@group-2DDFB9980CEF-SegmentedRaftLogWorker: flushIndex: setUnconditionally 0 -> -1
2019-09-26 13:15:18,882 [pool-57-thread-1] INFO  server.RaftServerConfigKeys (ConfUtils.java:logGet(43)) - raft.server.snapshot.auto.trigger.enabled = true (custom)
2019-09-26 13:15:18,883 [pool-57-thread-1] INFO  server.RaftServerConfigKeys (ConfUtils.java:logGet(43)) - raft.server.snapshot.auto.trigger.threshold = 10000 (custom)
2019-09-26 13:15:18,883 [pool-57-thread-1] INFO  server.RaftServerConfigKeys (ConfUtils.java:logGet(43)) - raft.server.snapshot.retention.num.files = 5 (custom)
2019-09-26 13:15:18,883 [pool-57-thread-1] INFO  server.RaftServerConfigKeys (ConfUtils.java:logGet(43)) - raft.server.retrycache.expirytime = 600000ms (custom)
2019-09-26 13:15:18,885 [pool-57-thread-1] INFO  impl.RaftServerImpl (RaftServerImpl.java:start(185)) - c0aad3f7-4454-4d6f-ae69-988c2d0f48a4@group-2DDFB9980CEF: start as a follower, conf=-1: [c0aad3f7-4454-4d6f-ae69-988c2d0f48a4:192.168.164.238:38334], old=null
2019-09-26 13:15:18,885 [pool-57-thread-1] INFO  impl.RaftServerImpl (RaftServerImpl.java:setRole(174)) - c0aad3f7-4454-4d6f-ae69-988c2d0f48a4@group-2DDFB9980CEF: changes role from      null to FOLLOWER at term 0 for startAsFollower
2019-09-26 13:15:18,886 [pool-57-thread-1] INFO  impl.RoleInfo (RoleInfo.java:updateAndGet(143)) - c0aad3f7-4454-4d6f-ae69-988c2d0f48a4: start FollowerState
2019-09-26 13:15:18,886 [pool-57-thread-1] INFO  util.JmxRegister (JmxRegister.java:tryRegister(44)) - Successfully registered JMX Bean with object name Ratis:service=RaftServer,group=group-2DDFB9980CEF,id=c0aad3f7-4454-4d6f-ae69-988c2d0f48a4
2019-09-26 13:15:18,891 [RatisPipelineUtilsThread] INFO  pipeline.PipelineStateManager (PipelineStateManager.java:addPipeline(56)) - Created pipeline Pipeline[ Id: 06a1cf3f-3ef6-410d-89ee-2ddfb9980cef, Nodes: c0aad3f7-4454-4d6f-ae69-988c2d0f48a4{ip: 192.168.164.238, host: pr-hdds-1569-87zkn-1081879488, networkLocation: /default-rack, certSerialId: null}, Type:RATIS, Factor:ONE, State:OPEN]
2019-09-26 13:15:18,891 [RatisPipelineUtilsThread] INFO  pipeline.PipelinePlacementPolicy (PipelinePlacementPolicy.java:meetCriteria(91)) - Pipeline Placement: can't place more pipeline on heavy datanode： b4fa65ea-f6d5-4876-b0ba-3a338b93c219 Heaviness: 6 limit: 5
2019-09-26 13:15:18,892 [RatisPipelineUtilsThread] INFO  pipeline.PipelinePlacementPolicy (PipelinePlacementPolicy.java:meetCriteria(91)) - Pipeline Placement: can't place more pipeline on heavy datanode： d09ba3db-71ae-4cc1-a070-460d4ee804eb Heaviness: 6 limit: 5
2019-09-26 13:15:18,892 [RatisPipelineUtilsThread] INFO  pipeline.PipelinePlacementPolicy (PipelinePlacementPolicy.java:meetCriteria(91)) - Pipeline Placement: can't place more pipeline on heavy datanode： 4e306e3f-25ae-4809-b976-e74c1f449d85 Heaviness: 6 limit: 5
2019-09-26 13:15:18,901 [grpc-default-executor-0] INFO  impl.RaftServerProxy (RaftServerProxy.java:addNew(89)) - 93c1ba8e-47f4-467f-954e-a2b5e39419a0: addNew group-4EF98053AAC5:[93c1ba8e-47f4-467f-954e-a2b5e39419a0:192.168.164.238:42902] returns group-4EF98053AAC5:java.util.concurrent.CompletableFuture@3039c09a[Not completed]
2019-09-26 13:15:18,904 [pool-67-thread-1] INFO  impl.RaftServerImpl (RaftServerImpl.java:<init>(95)) - 93c1ba8e-47f4-467f-954e-a2b5e39419a0: new RaftServerImpl for group-4EF98053AAC5:[93c1ba8e-47f4-467f-954e-a2b5e39419a0:192.168.164.238:42902] with ContainerStateMachine:uninitialized
2019-09-26 13:15:18,904 [pool-67-thread-1] INFO  server.RaftServerConfigKeys (ConfUtils.java:logGet(43)) - raft.server.rpc.timeout.min = 5s (custom)
2019-09-26 13:15:18,904 [pool-67-thread-1] INFO  server.RaftServerConfigKeys (ConfUtils.java:logGet(43)) - raft.server.rpc.timeout.max = 5200ms (custom)
2019-09-26 13:15:18,904 [pool-67-thread-1] INFO  server.RaftServerConfigKeys (ConfUtils.java:logGet(43)) - raft.server.rpcslowness.timeout = 120s (custom)
2019-09-26 13:15:18,904 [pool-67-thread-1] INFO  server.RaftServerConfigKeys (ConfUtils.java:logGet(43)) - raft.server.sleep.deviation.threshold = 300 (default)
2019-09-26 13:15:18,904 [pool-67-thread-1] INFO  server.RaftServerConfigKeys (ConfUtils.java:logGet(43)) - raft.server.log.appender.install.snapshot.enabled = false (custom)
2019-09-26 13:15:18,905 [pool-67-thread-1] INFO  impl.RaftServerImpl (ServerState.java:<init>(103)) - 93c1ba8e-47f4-467f-954e-a2b5e39419a0@group-4EF98053AAC5: ConfigurationManager, init=-1: [93c1ba8e-47f4-467f-954e-a2b5e39419a0:192.168.164.238:42902], old=null, confs=<EMPTY_MAP>
2019-09-26 13:15:18,905 [pool-67-thread-1] INFO  server.RaftServerConfigKeys (ConfUtils.java:logGet(43)) - raft.server.storage.dir = [/workdir/hadoop-ozone/integration-test/target/test-dir/MiniOzoneClusterImpl-a863f920-e703-48bd-ac3b-b0b5d168c43d/datanode-4/data/ratis] (custom)
2019-09-26 13:15:18,905 [pool-67-thread-1] INFO  storage.RaftStorageDirectory (RaftStorageDirectory.java:analyzeStorage(246)) - The storage directory /workdir/hadoop-ozone/integration-test/target/test-dir/MiniOzoneClusterImpl-a863f920-e703-48bd-ac3b-b0b5d168c43d/datanode-4/data/ratis/208c70b5-eae7-4439-9432-4ef98053aac5 does not exist. Creating ...
2019-09-26 13:15:18,919 [pool-67-thread-1] INFO  storage.RaftStorageDirectory (RaftStorageDirectory.java:tryLock(328)) - Lock on /workdir/hadoop-ozone/integration-test/target/test-dir/MiniOzoneClusterImpl-a863f920-e703-48bd-ac3b-b0b5d168c43d/datanode-4/data/ratis/208c70b5-eae7-4439-9432-4ef98053aac5/in_use.lock acquired by nodename 12747@pr-hdds-1569-87zkn-1081879488
2019-09-26 13:15:18,933 [pool-67-thread-1] INFO  storage.RaftStorage (RaftStorage.java:format(72)) - Storage directory /workdir/hadoop-ozone/integration-test/target/test-dir/MiniOzoneClusterImpl-a863f920-e703-48bd-ac3b-b0b5d168c43d/datanode-4/data/ratis/208c70b5-eae7-4439-9432-4ef98053aac5 has been successfully formatted.
2019-09-26 13:15:18,934 [pool-67-thread-1] INFO  ratis.ContainerStateMachine (ContainerStateMachine.java:loadSnapshot(230)) - group-4EF98053AAC5: The snapshot info is null. Setting the last applied indexto:(t:0, i:~)
2019-09-26 13:15:18,934 [pool-67-thread-1] INFO  server.RaftServerConfigKeys (ConfUtils.java:logGet(43)) - raft.server.notification.no-leader.timeout = 120s (custom)
2019-09-26 13:15:18,934 [pool-67-thread-1] INFO  server.RaftServerConfigKeys (ConfUtils.java:logGet(43)) - raft.server.log.use.memory = false (default)
2019-09-26 13:15:18,934 [pool-67-thread-1] INFO  server.RaftServerConfigKeys (ConfUtils.java:logGet(43)) - raft.server.log.purge.gap = 1000000 (custom)
2019-09-26 13:15:18,934 [pool-67-thread-1] INFO  server.RaftServerConfigKeys (ConfUtils.java:logGet(43)) - raft.server.log.appender.buffer.byte-limit = 33554432 (custom)
2019-09-26 13:15:18,935 [pool-67-thread-1] INFO  server.RaftServerConfigKeys (ConfUtils.java:logGet(43)) - raft.server.log.segment.size.max = 1048576 (custom)
2019-09-26 13:15:18,935 [pool-67-thread-1] INFO  server.RaftServerConfigKeys (ConfUtils.java:logGet(43)) - raft.server.log.segment.cache.num.max = 2 (custom)
2019-09-26 13:15:18,935 [pool-67-thread-1] INFO  segmented.SegmentedRaftLogWorker (SegmentedRaftLogWorker.java:<init>(172)) - new 93c1ba8e-47f4-467f-954e-a2b5e39419a0@group-4EF98053AAC5-SegmentedRaftLogWorker for RaftStorage:Storage Directory /workdir/hadoop-ozone/integration-test/target/test-dir/MiniOzoneClusterImpl-a863f920-e703-48bd-ac3b-b0b5d168c43d/datanode-4/data/ratis/208c70b5-eae7-4439-9432-4ef98053aac5
2019-09-26 13:15:18,935 [pool-67-thread-1] INFO  server.RaftServerConfigKeys (ConfUtils.java:logGet(43)) - raft.server.log.queue.byte-limit = 2147483647 (custom)
2019-09-26 13:15:18,935 [pool-67-thread-1] INFO  server.RaftServerConfigKeys (ConfUtils.java:logGet(43)) - raft.server.log.queue.element-limit = 1024 (custom)
2019-09-26 13:15:18,935 [pool-67-thread-1] INFO  server.RaftServerConfigKeys (ConfUtils.java:logGet(43)) - raft.server.log.segment.size.max = 1048576 (custom)
2019-09-26 13:15:18,935 [pool-67-thread-1] INFO  server.RaftServerConfigKeys (ConfUtils.java:logGet(43)) - raft.server.log.preallocated.size = 16384 (custom)
2019-09-26 13:15:18,935 [pool-67-thread-1] INFO  server.RaftServerConfigKeys (ConfUtils.java:logGet(43)) - raft.server.log.write.buffer.size = 33554432 (custom)
2019-09-26 13:15:18,936 [pool-67-thread-1] INFO  server.RaftServerConfigKeys (ConfUtils.java:logGet(43)) - raft.server.log.force.sync.num = 128 (default)
2019-09-26 13:15:18,936 [pool-67-thread-1] INFO  server.RaftServerConfigKeys (ConfUtils.java:logGet(43)) - raft.server.log.statemachine.data.sync = true (default)
2019-09-26 13:15:18,936 [pool-67-thread-1] INFO  server.RaftServerConfigKeys (ConfUtils.java:logGet(43)) - raft.server.log.statemachine.data.sync.timeout = 10s (default)
2019-09-26 13:15:18,936 [pool-67-thread-1] INFO  server.RaftServerConfigKeys (ConfUtils.java:logGet(43)) - raft.server.log.statemachine.data.sync.timeout.retry = -1 (default)
2019-09-26 13:15:18,936 [pool-67-thread-1] INFO  server.RaftServerConfigKeys (ConfUtils.java:logGet(43)) - raft.server.log.statemachine.data.caching.enabled = true (custom)
2019-09-26 13:15:18,936 [pool-67-thread-1] INFO  segmented.SegmentedRaftLogWorker (SegmentedRaftLogWorker.java:lambda$new$0(132)) - 93c1ba8e-47f4-467f-954e-a2b5e39419a0@group-4EF98053AAC5-SegmentedRaftLogWorker: flushIndex: setUnconditionally 0 -> -1
2019-09-26 13:15:18,937 [pool-67-thread-1] INFO  server.RaftServerConfigKeys (ConfUtils.java:logGet(43)) - raft.server.snapshot.auto.trigger.enabled = true (custom)
2019-09-26 13:15:18,937 [pool-67-thread-1] INFO  server.RaftServerConfigKeys (ConfUtils.java:logGet(43)) - raft.server.snapshot.auto.trigger.threshold = 10000 (custom)
2019-09-26 13:15:18,937 [pool-67-thread-1] INFO  server.RaftServerConfigKeys (ConfUtils.java:logGet(43)) - raft.server.snapshot.retention.num.files = 5 (custom)
2019-09-26 13:15:18,937 [pool-67-thread-1] INFO  server.RaftServerConfigKeys (ConfUtils.java:logGet(43)) - raft.server.retrycache.expirytime = 600000ms (custom)
2019-09-26 13:15:18,940 [pool-67-thread-1] INFO  impl.RaftServerImpl (RaftServerImpl.java:start(185)) - 93c1ba8e-47f4-467f-954e-a2b5e39419a0@group-4EF98053AAC5: start as a follower, conf=-1: [93c1ba8e-47f4-467f-954e-a2b5e39419a0:192.168.164.238:42902], old=null
2019-09-26 13:15:18,940 [pool-67-thread-1] INFO  impl.RaftServerImpl (RaftServerImpl.java:setRole(174)) - 93c1ba8e-47f4-467f-954e-a2b5e39419a0@group-4EF98053AAC5: changes role from      null to FOLLOWER at term 0 for startAsFollower
2019-09-26 13:15:18,940 [pool-67-thread-1] INFO  impl.RoleInfo (RoleInfo.java:updateAndGet(143)) - 93c1ba8e-47f4-467f-954e-a2b5e39419a0: start FollowerState
2019-09-26 13:15:18,940 [pool-67-thread-1] INFO  util.JmxRegister (JmxRegister.java:tryRegister(44)) - Successfully registered JMX Bean with object name Ratis:service=RaftServer,group=group-4EF98053AAC5,id=93c1ba8e-47f4-467f-954e-a2b5e39419a0
2019-09-26 13:15:18,945 [RatisPipelineUtilsThread] INFO  pipeline.PipelineStateManager (PipelineStateManager.java:addPipeline(56)) - Created pipeline Pipeline[ Id: 208c70b5-eae7-4439-9432-4ef98053aac5, Nodes: 93c1ba8e-47f4-467f-954e-a2b5e39419a0{ip: 192.168.164.238, host: pr-hdds-1569-87zkn-1081879488, networkLocation: /default-rack, certSerialId: null}, Type:RATIS, Factor:ONE, State:OPEN]
2019-09-26 13:15:18,945 [RatisPipelineUtilsThread] INFO  pipeline.PipelinePlacementPolicy (PipelinePlacementPolicy.java:meetCriteria(91)) - Pipeline Placement: can't place more pipeline on heavy datanode： b4fa65ea-f6d5-4876-b0ba-3a338b93c219 Heaviness: 6 limit: 5
2019-09-26 13:15:18,946 [RatisPipelineUtilsThread] INFO  pipeline.PipelinePlacementPolicy (PipelinePlacementPolicy.java:meetCriteria(91)) - Pipeline Placement: can't place more pipeline on heavy datanode： d09ba3db-71ae-4cc1-a070-460d4ee804eb Heaviness: 6 limit: 5
2019-09-26 13:15:18,946 [RatisPipelineUtilsThread] INFO  pipeline.PipelinePlacementPolicy (PipelinePlacementPolicy.java:meetCriteria(91)) - Pipeline Placement: can't place more pipeline on heavy datanode： 4e306e3f-25ae-4809-b976-e74c1f449d85 Heaviness: 6 limit: 5
2019-09-26 13:15:18,954 [grpc-default-executor-0] INFO  impl.RaftServerProxy (RaftServerProxy.java:addNew(89)) - c0aad3f7-4454-4d6f-ae69-988c2d0f48a4: addNew group-06DAF1C5F0CF:[c0aad3f7-4454-4d6f-ae69-988c2d0f48a4:192.168.164.238:38334] returns group-06DAF1C5F0CF:java.util.concurrent.CompletableFuture@157ef4cc[Not completed]
2019-09-26 13:15:18,956 [pool-57-thread-1] INFO  impl.RaftServerImpl (RaftServerImpl.java:<init>(95)) - c0aad3f7-4454-4d6f-ae69-988c2d0f48a4: new RaftServerImpl for group-06DAF1C5F0CF:[c0aad3f7-4454-4d6f-ae69-988c2d0f48a4:192.168.164.238:38334] with ContainerStateMachine:uninitialized
2019-09-26 13:15:18,956 [pool-57-thread-1] INFO  server.RaftServerConfigKeys (ConfUtils.java:logGet(43)) - raft.server.rpc.timeout.min = 5s (custom)
2019-09-26 13:15:18,956 [pool-57-thread-1] INFO  server.RaftServerConfigKeys (ConfUtils.java:logGet(43)) - raft.server.rpc.timeout.max = 5200ms (custom)
2019-09-26 13:15:18,956 [pool-57-thread-1] INFO  server.RaftServerConfigKeys (ConfUtils.java:logGet(43)) - raft.server.rpcslowness.timeout = 120s (custom)
2019-09-26 13:15:18,956 [pool-57-thread-1] INFO  server.RaftServerConfigKeys (ConfUtils.java:logGet(43)) - raft.server.sleep.deviation.threshold = 300 (default)
2019-09-26 13:15:18,956 [pool-57-thread-1] INFO  server.RaftServerConfigKeys (ConfUtils.java:logGet(43)) - raft.server.log.appender.install.snapshot.enabled = false (custom)
2019-09-26 13:15:18,956 [pool-57-thread-1] INFO  impl.RaftServerImpl (ServerState.java:<init>(103)) - c0aad3f7-4454-4d6f-ae69-988c2d0f48a4@group-06DAF1C5F0CF: ConfigurationManager, init=-1: [c0aad3f7-4454-4d6f-ae69-988c2d0f48a4:192.168.164.238:38334], old=null, confs=<EMPTY_MAP>
2019-09-26 13:15:18,957 [pool-57-thread-1] INFO  server.RaftServerConfigKeys (ConfUtils.java:logGet(43)) - raft.server.storage.dir = [/workdir/hadoop-ozone/integration-test/target/test-dir/MiniOzoneClusterImpl-a863f920-e703-48bd-ac3b-b0b5d168c43d/datanode-3/data/ratis] (custom)
2019-09-26 13:15:18,957 [pool-57-thread-1] INFO  storage.RaftStorageDirectory (RaftStorageDirectory.java:analyzeStorage(246)) - The storage directory /workdir/hadoop-ozone/integration-test/target/test-dir/MiniOzoneClusterImpl-a863f920-e703-48bd-ac3b-b0b5d168c43d/datanode-3/data/ratis/70ff41e1-0ba8-4f16-a95a-06daf1c5f0cf does not exist. Creating ...
2019-09-26 13:15:18,969 [pool-57-thread-1] INFO  storage.RaftStorageDirectory (RaftStorageDirectory.java:tryLock(328)) - Lock on /workdir/hadoop-ozone/integration-test/target/test-dir/MiniOzoneClusterImpl-a863f920-e703-48bd-ac3b-b0b5d168c43d/datanode-3/data/ratis/70ff41e1-0ba8-4f16-a95a-06daf1c5f0cf/in_use.lock acquired by nodename 12747@pr-hdds-1569-87zkn-1081879488
2019-09-26 13:15:18,994 [pool-57-thread-1] INFO  storage.RaftStorage (RaftStorage.java:format(72)) - Storage directory /workdir/hadoop-ozone/integration-test/target/test-dir/MiniOzoneClusterImpl-a863f920-e703-48bd-ac3b-b0b5d168c43d/datanode-3/data/ratis/70ff41e1-0ba8-4f16-a95a-06daf1c5f0cf has been successfully formatted.
2019-09-26 13:15:18,995 [pool-57-thread-1] INFO  ratis.ContainerStateMachine (ContainerStateMachine.java:loadSnapshot(230)) - group-06DAF1C5F0CF: The snapshot info is null. Setting the last applied indexto:(t:0, i:~)
2019-09-26 13:15:18,995 [pool-57-thread-1] INFO  server.RaftServerConfigKeys (ConfUtils.java:logGet(43)) - raft.server.notification.no-leader.timeout = 120s (custom)
2019-09-26 13:15:18,995 [pool-57-thread-1] INFO  server.RaftServerConfigKeys (ConfUtils.java:logGet(43)) - raft.server.log.use.memory = false (default)
2019-09-26 13:15:18,995 [pool-57-thread-1] INFO  server.RaftServerConfigKeys (ConfUtils.java:logGet(43)) - raft.server.log.purge.gap = 1000000 (custom)
2019-09-26 13:15:18,995 [pool-57-thread-1] INFO  server.RaftServerConfigKeys (ConfUtils.java:logGet(43)) - raft.server.log.appender.buffer.byte-limit = 33554432 (custom)
2019-09-26 13:15:18,995 [pool-57-thread-1] INFO  server.RaftServerConfigKeys (ConfUtils.java:logGet(43)) - raft.server.log.segment.size.max = 1048576 (custom)
2019-09-26 13:15:18,995 [pool-57-thread-1] INFO  server.RaftServerConfigKeys (ConfUtils.java:logGet(43)) - raft.server.log.segment.cache.num.max = 2 (custom)
2019-09-26 13:15:18,996 [pool-57-thread-1] INFO  segmented.SegmentedRaftLogWorker (SegmentedRaftLogWorker.java:<init>(172)) - new c0aad3f7-4454-4d6f-ae69-988c2d0f48a4@group-06DAF1C5F0CF-SegmentedRaftLogWorker for RaftStorage:Storage Directory /workdir/hadoop-ozone/integration-test/target/test-dir/MiniOzoneClusterImpl-a863f920-e703-48bd-ac3b-b0b5d168c43d/datanode-3/data/ratis/70ff41e1-0ba8-4f16-a95a-06daf1c5f0cf
2019-09-26 13:15:18,996 [pool-57-thread-1] INFO  server.RaftServerConfigKeys (ConfUtils.java:logGet(43)) - raft.server.log.queue.byte-limit = 2147483647 (custom)
2019-09-26 13:15:18,996 [pool-57-thread-1] INFO  server.RaftServerConfigKeys (ConfUtils.java:logGet(43)) - raft.server.log.queue.element-limit = 1024 (custom)
2019-09-26 13:15:18,996 [pool-57-thread-1] INFO  server.RaftServerConfigKeys (ConfUtils.java:logGet(43)) - raft.server.log.segment.size.max = 1048576 (custom)
2019-09-26 13:15:18,996 [pool-57-thread-1] INFO  server.RaftServerConfigKeys (ConfUtils.java:logGet(43)) - raft.server.log.preallocated.size = 16384 (custom)
2019-09-26 13:15:18,996 [pool-57-thread-1] INFO  server.RaftServerConfigKeys (ConfUtils.java:logGet(43)) - raft.server.log.write.buffer.size = 33554432 (custom)
2019-09-26 13:15:18,996 [pool-57-thread-1] INFO  server.RaftServerConfigKeys (ConfUtils.java:logGet(43)) - raft.server.log.force.sync.num = 128 (default)
2019-09-26 13:15:18,996 [pool-57-thread-1] INFO  server.RaftServerConfigKeys (ConfUtils.java:logGet(43)) - raft.server.log.statemachine.data.sync = true (default)
2019-09-26 13:15:18,997 [pool-57-thread-1] INFO  server.RaftServerConfigKeys (ConfUtils.java:logGet(43)) - raft.server.log.statemachine.data.sync.timeout = 10s (default)
2019-09-26 13:15:18,997 [pool-57-thread-1] INFO  server.RaftServerConfigKeys (ConfUtils.java:logGet(43)) - raft.server.log.statemachine.data.sync.timeout.retry = -1 (default)
2019-09-26 13:15:18,997 [pool-57-thread-1] INFO  server.RaftServerConfigKeys (ConfUtils.java:logGet(43)) - raft.server.log.statemachine.data.caching.enabled = true (custom)
2019-09-26 13:15:18,997 [pool-57-thread-1] INFO  segmented.SegmentedRaftLogWorker (SegmentedRaftLogWorker.java:lambda$new$0(132)) - c0aad3f7-4454-4d6f-ae69-988c2d0f48a4@group-06DAF1C5F0CF-SegmentedRaftLogWorker: flushIndex: setUnconditionally 0 -> -1
2019-09-26 13:15:18,998 [pool-57-thread-1] INFO  server.RaftServerConfigKeys (ConfUtils.java:logGet(43)) - raft.server.snapshot.auto.trigger.enabled = true (custom)
2019-09-26 13:15:18,998 [pool-57-thread-1] INFO  server.RaftServerConfigKeys (ConfUtils.java:logGet(43)) - raft.server.snapshot.auto.trigger.threshold = 10000 (custom)
2019-09-26 13:15:18,998 [pool-57-thread-1] INFO  server.RaftServerConfigKeys (ConfUtils.java:logGet(43)) - raft.server.snapshot.retention.num.files = 5 (custom)
2019-09-26 13:15:18,998 [pool-57-thread-1] INFO  server.RaftServerConfigKeys (ConfUtils.java:logGet(43)) - raft.server.retrycache.expirytime = 600000ms (custom)
2019-09-26 13:15:19,001 [pool-57-thread-1] INFO  impl.RaftServerImpl (RaftServerImpl.java:start(185)) - c0aad3f7-4454-4d6f-ae69-988c2d0f48a4@group-06DAF1C5F0CF: start as a follower, conf=-1: [c0aad3f7-4454-4d6f-ae69-988c2d0f48a4:192.168.164.238:38334], old=null
2019-09-26 13:15:19,001 [pool-57-thread-1] INFO  impl.RaftServerImpl (RaftServerImpl.java:setRole(174)) - c0aad3f7-4454-4d6f-ae69-988c2d0f48a4@group-06DAF1C5F0CF: changes role from      null to FOLLOWER at term 0 for startAsFollower
2019-09-26 13:15:19,002 [pool-57-thread-1] INFO  impl.RoleInfo (RoleInfo.java:updateAndGet(143)) - c0aad3f7-4454-4d6f-ae69-988c2d0f48a4: start FollowerState
2019-09-26 13:15:19,002 [pool-57-thread-1] INFO  util.JmxRegister (JmxRegister.java:tryRegister(44)) - Successfully registered JMX Bean with object name Ratis:service=RaftServer,group=group-06DAF1C5F0CF,id=c0aad3f7-4454-4d6f-ae69-988c2d0f48a4
2019-09-26 13:15:19,011 [RatisPipelineUtilsThread] INFO  pipeline.PipelineStateManager (PipelineStateManager.java:addPipeline(56)) - Created pipeline Pipeline[ Id: 70ff41e1-0ba8-4f16-a95a-06daf1c5f0cf, Nodes: c0aad3f7-4454-4d6f-ae69-988c2d0f48a4{ip: 192.168.164.238, host: pr-hdds-1569-87zkn-1081879488, networkLocation: /default-rack, certSerialId: null}, Type:RATIS, Factor:ONE, State:OPEN]
2019-09-26 13:15:19,011 [RatisPipelineUtilsThread] INFO  pipeline.PipelinePlacementPolicy (PipelinePlacementPolicy.java:meetCriteria(91)) - Pipeline Placement: can't place more pipeline on heavy datanode： b4fa65ea-f6d5-4876-b0ba-3a338b93c219 Heaviness: 6 limit: 5
2019-09-26 13:15:19,011 [RatisPipelineUtilsThread] INFO  pipeline.PipelinePlacementPolicy (PipelinePlacementPolicy.java:meetCriteria(91)) - Pipeline Placement: can't place more pipeline on heavy datanode： d09ba3db-71ae-4cc1-a070-460d4ee804eb Heaviness: 6 limit: 5
2019-09-26 13:15:19,011 [RatisPipelineUtilsThread] INFO  pipeline.PipelinePlacementPolicy (PipelinePlacementPolicy.java:meetCriteria(91)) - Pipeline Placement: can't place more pipeline on heavy datanode： 4e306e3f-25ae-4809-b976-e74c1f449d85 Heaviness: 6 limit: 5
2019-09-26 13:15:19,021 [grpc-default-executor-1] INFO  impl.RaftServerProxy (RaftServerProxy.java:addNew(89)) - c0aad3f7-4454-4d6f-ae69-988c2d0f48a4: addNew group-2D5EF03037D1:[c0aad3f7-4454-4d6f-ae69-988c2d0f48a4:192.168.164.238:38334] returns group-2D5EF03037D1:java.util.concurrent.CompletableFuture@be7022f[Not completed]
2019-09-26 13:15:19,022 [pool-57-thread-1] INFO  impl.RaftServerImpl (RaftServerImpl.java:<init>(95)) - c0aad3f7-4454-4d6f-ae69-988c2d0f48a4: new RaftServerImpl for group-2D5EF03037D1:[c0aad3f7-4454-4d6f-ae69-988c2d0f48a4:192.168.164.238:38334] with ContainerStateMachine:uninitialized
2019-09-26 13:15:19,023 [pool-57-thread-1] INFO  server.RaftServerConfigKeys (ConfUtils.java:logGet(43)) - raft.server.rpc.timeout.min = 5s (custom)
2019-09-26 13:15:19,023 [pool-57-thread-1] INFO  server.RaftServerConfigKeys (ConfUtils.java:logGet(43)) - raft.server.rpc.timeout.max = 5200ms (custom)
2019-09-26 13:15:19,023 [pool-57-thread-1] INFO  server.RaftServerConfigKeys (ConfUtils.java:logGet(43)) - raft.server.rpcslowness.timeout = 120s (custom)
2019-09-26 13:15:19,023 [pool-57-thread-1] INFO  server.RaftServerConfigKeys (ConfUtils.java:logGet(43)) - raft.server.sleep.deviation.threshold = 300 (default)
2019-09-26 13:15:19,023 [pool-57-thread-1] INFO  server.RaftServerConfigKeys (ConfUtils.java:logGet(43)) - raft.server.log.appender.install.snapshot.enabled = false (custom)
2019-09-26 13:15:19,023 [pool-57-thread-1] INFO  impl.RaftServerImpl (ServerState.java:<init>(103)) - c0aad3f7-4454-4d6f-ae69-988c2d0f48a4@group-2D5EF03037D1: ConfigurationManager, init=-1: [c0aad3f7-4454-4d6f-ae69-988c2d0f48a4:192.168.164.238:38334], old=null, confs=<EMPTY_MAP>
2019-09-26 13:15:19,023 [pool-57-thread-1] INFO  server.RaftServerConfigKeys (ConfUtils.java:logGet(43)) - raft.server.storage.dir = [/workdir/hadoop-ozone/integration-test/target/test-dir/MiniOzoneClusterImpl-a863f920-e703-48bd-ac3b-b0b5d168c43d/datanode-3/data/ratis] (custom)
2019-09-26 13:15:19,024 [pool-57-thread-1] INFO  storage.RaftStorageDirectory (RaftStorageDirectory.java:analyzeStorage(246)) - The storage directory /workdir/hadoop-ozone/integration-test/target/test-dir/MiniOzoneClusterImpl-a863f920-e703-48bd-ac3b-b0b5d168c43d/datanode-3/data/ratis/6391ba77-af2a-4707-884c-2d5ef03037d1 does not exist. Creating ...
2019-09-26 13:15:19,037 [pool-57-thread-1] INFO  storage.RaftStorageDirectory (RaftStorageDirectory.java:tryLock(328)) - Lock on /workdir/hadoop-ozone/integration-test/target/test-dir/MiniOzoneClusterImpl-a863f920-e703-48bd-ac3b-b0b5d168c43d/datanode-3/data/ratis/6391ba77-af2a-4707-884c-2d5ef03037d1/in_use.lock acquired by nodename 12747@pr-hdds-1569-87zkn-1081879488
2019-09-26 13:15:19,050 [pool-57-thread-1] INFO  storage.RaftStorage (RaftStorage.java:format(72)) - Storage directory /workdir/hadoop-ozone/integration-test/target/test-dir/MiniOzoneClusterImpl-a863f920-e703-48bd-ac3b-b0b5d168c43d/datanode-3/data/ratis/6391ba77-af2a-4707-884c-2d5ef03037d1 has been successfully formatted.
2019-09-26 13:15:19,051 [pool-57-thread-1] INFO  ratis.ContainerStateMachine (ContainerStateMachine.java:loadSnapshot(230)) - group-2D5EF03037D1: The snapshot info is null. Setting the last applied indexto:(t:0, i:~)
2019-09-26 13:15:19,051 [pool-57-thread-1] INFO  server.RaftServerConfigKeys (ConfUtils.java:logGet(43)) - raft.server.notification.no-leader.timeout = 120s (custom)
2019-09-26 13:15:19,051 [pool-57-thread-1] INFO  server.RaftServerConfigKeys (ConfUtils.java:logGet(43)) - raft.server.log.use.memory = false (default)
2019-09-26 13:15:19,051 [pool-57-thread-1] INFO  server.RaftServerConfigKeys (ConfUtils.java:logGet(43)) - raft.server.log.purge.gap = 1000000 (custom)
2019-09-26 13:15:19,051 [pool-57-thread-1] INFO  server.RaftServerConfigKeys (ConfUtils.java:logGet(43)) - raft.server.log.appender.buffer.byte-limit = 33554432 (custom)
2019-09-26 13:15:19,051 [pool-57-thread-1] INFO  server.RaftServerConfigKeys (ConfUtils.java:logGet(43)) - raft.server.log.segment.size.max = 1048576 (custom)
2019-09-26 13:15:19,051 [pool-57-thread-1] INFO  server.RaftServerConfigKeys (ConfUtils.java:logGet(43)) - raft.server.log.segment.cache.num.max = 2 (custom)
2019-09-26 13:15:19,052 [pool-57-thread-1] INFO  segmented.SegmentedRaftLogWorker (SegmentedRaftLogWorker.java:<init>(172)) - new c0aad3f7-4454-4d6f-ae69-988c2d0f48a4@group-2D5EF03037D1-SegmentedRaftLogWorker for RaftStorage:Storage Directory /workdir/hadoop-ozone/integration-test/target/test-dir/MiniOzoneClusterImpl-a863f920-e703-48bd-ac3b-b0b5d168c43d/datanode-3/data/ratis/6391ba77-af2a-4707-884c-2d5ef03037d1
2019-09-26 13:15:19,052 [pool-57-thread-1] INFO  server.RaftServerConfigKeys (ConfUtils.java:logGet(43)) - raft.server.log.queue.byte-limit = 2147483647 (custom)
2019-09-26 13:15:19,052 [pool-57-thread-1] INFO  server.RaftServerConfigKeys (ConfUtils.java:logGet(43)) - raft.server.log.queue.element-limit = 1024 (custom)
2019-09-26 13:15:19,052 [pool-57-thread-1] INFO  server.RaftServerConfigKeys (ConfUtils.java:logGet(43)) - raft.server.log.segment.size.max = 1048576 (custom)
2019-09-26 13:15:19,052 [pool-57-thread-1] INFO  server.RaftServerConfigKeys (ConfUtils.java:logGet(43)) - raft.server.log.preallocated.size = 16384 (custom)
2019-09-26 13:15:19,052 [pool-57-thread-1] INFO  server.RaftServerConfigKeys (ConfUtils.java:logGet(43)) - raft.server.log.write.buffer.size = 33554432 (custom)
2019-09-26 13:15:19,052 [pool-57-thread-1] INFO  server.RaftServerConfigKeys (ConfUtils.java:logGet(43)) - raft.server.log.force.sync.num = 128 (default)
2019-09-26 13:15:19,052 [pool-57-thread-1] INFO  server.RaftServerConfigKeys (ConfUtils.java:logGet(43)) - raft.server.log.statemachine.data.sync = true (default)
2019-09-26 13:15:19,053 [pool-57-thread-1] INFO  server.RaftServerConfigKeys (ConfUtils.java:logGet(43)) - raft.server.log.statemachine.data.sync.timeout = 10s (default)
2019-09-26 13:15:19,053 [pool-57-thread-1] INFO  server.RaftServerConfigKeys (ConfUtils.java:logGet(43)) - raft.server.log.statemachine.data.sync.timeout.retry = -1 (default)
2019-09-26 13:15:19,053 [pool-57-thread-1] INFO  server.RaftServerConfigKeys (ConfUtils.java:logGet(43)) - raft.server.log.statemachine.data.caching.enabled = true (custom)
2019-09-26 13:15:19,053 [pool-57-thread-1] INFO  segmented.SegmentedRaftLogWorker (SegmentedRaftLogWorker.java:lambda$new$0(132)) - c0aad3f7-4454-4d6f-ae69-988c2d0f48a4@group-2D5EF03037D1-SegmentedRaftLogWorker: flushIndex: setUnconditionally 0 -> -1
2019-09-26 13:15:19,054 [pool-57-thread-1] INFO  server.RaftServerConfigKeys (ConfUtils.java:logGet(43)) - raft.server.snapshot.auto.trigger.enabled = true (custom)
2019-09-26 13:15:19,054 [pool-57-thread-1] INFO  server.RaftServerConfigKeys (ConfUtils.java:logGet(43)) - raft.server.snapshot.auto.trigger.threshold = 10000 (custom)
2019-09-26 13:15:19,054 [pool-57-thread-1] INFO  server.RaftServerConfigKeys (ConfUtils.java:logGet(43)) - raft.server.snapshot.retention.num.files = 5 (custom)
2019-09-26 13:15:19,054 [pool-57-thread-1] INFO  server.RaftServerConfigKeys (ConfUtils.java:logGet(43)) - raft.server.retrycache.expirytime = 600000ms (custom)
2019-09-26 13:15:19,056 [pool-57-thread-1] INFO  impl.RaftServerImpl (RaftServerImpl.java:start(185)) - c0aad3f7-4454-4d6f-ae69-988c2d0f48a4@group-2D5EF03037D1: start as a follower, conf=-1: [c0aad3f7-4454-4d6f-ae69-988c2d0f48a4:192.168.164.238:38334], old=null
2019-09-26 13:15:19,057 [pool-57-thread-1] INFO  impl.RaftServerImpl (RaftServerImpl.java:setRole(174)) - c0aad3f7-4454-4d6f-ae69-988c2d0f48a4@group-2D5EF03037D1: changes role from      null to FOLLOWER at term 0 for startAsFollower
2019-09-26 13:15:19,057 [pool-57-thread-1] INFO  impl.RoleInfo (RoleInfo.java:updateAndGet(143)) - c0aad3f7-4454-4d6f-ae69-988c2d0f48a4: start FollowerState
2019-09-26 13:15:19,057 [pool-57-thread-1] INFO  util.JmxRegister (JmxRegister.java:tryRegister(44)) - Successfully registered JMX Bean with object name Ratis:service=RaftServer,group=group-2D5EF03037D1,id=c0aad3f7-4454-4d6f-ae69-988c2d0f48a4
2019-09-26 13:15:19,062 [RatisPipelineUtilsThread] INFO  pipeline.PipelineStateManager (PipelineStateManager.java:addPipeline(56)) - Created pipeline Pipeline[ Id: 6391ba77-af2a-4707-884c-2d5ef03037d1, Nodes: c0aad3f7-4454-4d6f-ae69-988c2d0f48a4{ip: 192.168.164.238, host: pr-hdds-1569-87zkn-1081879488, networkLocation: /default-rack, certSerialId: null}, Type:RATIS, Factor:ONE, State:OPEN]
2019-09-26 13:15:19,062 [RatisPipelineUtilsThread] INFO  pipeline.PipelinePlacementPolicy (PipelinePlacementPolicy.java:meetCriteria(91)) - Pipeline Placement: can't place more pipeline on heavy datanode： b4fa65ea-f6d5-4876-b0ba-3a338b93c219 Heaviness: 6 limit: 5
2019-09-26 13:15:19,062 [RatisPipelineUtilsThread] INFO  pipeline.PipelinePlacementPolicy (PipelinePlacementPolicy.java:meetCriteria(91)) - Pipeline Placement: can't place more pipeline on heavy datanode： d09ba3db-71ae-4cc1-a070-460d4ee804eb Heaviness: 6 limit: 5
2019-09-26 13:15:19,062 [RatisPipelineUtilsThread] INFO  pipeline.PipelinePlacementPolicy (PipelinePlacementPolicy.java:meetCriteria(91)) - Pipeline Placement: can't place more pipeline on heavy datanode： 4e306e3f-25ae-4809-b976-e74c1f449d85 Heaviness: 6 limit: 5
2019-09-26 13:15:19,071 [grpc-default-executor-1] INFO  impl.RaftServerProxy (RaftServerProxy.java:addNew(89)) - c0aad3f7-4454-4d6f-ae69-988c2d0f48a4: addNew group-190272F2B3F7:[c0aad3f7-4454-4d6f-ae69-988c2d0f48a4:192.168.164.238:38334] returns group-190272F2B3F7:java.util.concurrent.CompletableFuture@11f695f[Not completed]
2019-09-26 13:15:19,072 [pool-57-thread-1] INFO  impl.RaftServerImpl (RaftServerImpl.java:<init>(95)) - c0aad3f7-4454-4d6f-ae69-988c2d0f48a4: new RaftServerImpl for group-190272F2B3F7:[c0aad3f7-4454-4d6f-ae69-988c2d0f48a4:192.168.164.238:38334] with ContainerStateMachine:uninitialized
2019-09-26 13:15:19,072 [pool-57-thread-1] INFO  server.RaftServerConfigKeys (ConfUtils.java:logGet(43)) - raft.server.rpc.timeout.min = 5s (custom)
2019-09-26 13:15:19,072 [pool-57-thread-1] INFO  server.RaftServerConfigKeys (ConfUtils.java:logGet(43)) - raft.server.rpc.timeout.max = 5200ms (custom)
2019-09-26 13:15:19,072 [pool-57-thread-1] INFO  server.RaftServerConfigKeys (ConfUtils.java:logGet(43)) - raft.server.rpcslowness.timeout = 120s (custom)
2019-09-26 13:15:19,073 [pool-57-thread-1] INFO  server.RaftServerConfigKeys (ConfUtils.java:logGet(43)) - raft.server.sleep.deviation.threshold = 300 (default)
2019-09-26 13:15:19,073 [pool-57-thread-1] INFO  server.RaftServerConfigKeys (ConfUtils.java:logGet(43)) - raft.server.log.appender.install.snapshot.enabled = false (custom)
2019-09-26 13:15:19,073 [pool-57-thread-1] INFO  impl.RaftServerImpl (ServerState.java:<init>(103)) - c0aad3f7-4454-4d6f-ae69-988c2d0f48a4@group-190272F2B3F7: ConfigurationManager, init=-1: [c0aad3f7-4454-4d6f-ae69-988c2d0f48a4:192.168.164.238:38334], old=null, confs=<EMPTY_MAP>
2019-09-26 13:15:19,073 [pool-57-thread-1] INFO  server.RaftServerConfigKeys (ConfUtils.java:logGet(43)) - raft.server.storage.dir = [/workdir/hadoop-ozone/integration-test/target/test-dir/MiniOzoneClusterImpl-a863f920-e703-48bd-ac3b-b0b5d168c43d/datanode-3/data/ratis] (custom)
2019-09-26 13:15:19,073 [pool-57-thread-1] INFO  storage.RaftStorageDirectory (RaftStorageDirectory.java:analyzeStorage(246)) - The storage directory /workdir/hadoop-ozone/integration-test/target/test-dir/MiniOzoneClusterImpl-a863f920-e703-48bd-ac3b-b0b5d168c43d/datanode-3/data/ratis/68f6d58d-440c-4022-9b50-190272f2b3f7 does not exist. Creating ...
2019-09-26 13:15:19,086 [pool-57-thread-1] INFO  storage.RaftStorageDirectory (RaftStorageDirectory.java:tryLock(328)) - Lock on /workdir/hadoop-ozone/integration-test/target/test-dir/MiniOzoneClusterImpl-a863f920-e703-48bd-ac3b-b0b5d168c43d/datanode-3/data/ratis/68f6d58d-440c-4022-9b50-190272f2b3f7/in_use.lock acquired by nodename 12747@pr-hdds-1569-87zkn-1081879488
2019-09-26 13:15:19,099 [pool-57-thread-1] INFO  storage.RaftStorage (RaftStorage.java:format(72)) - Storage directory /workdir/hadoop-ozone/integration-test/target/test-dir/MiniOzoneClusterImpl-a863f920-e703-48bd-ac3b-b0b5d168c43d/datanode-3/data/ratis/68f6d58d-440c-4022-9b50-190272f2b3f7 has been successfully formatted.
2019-09-26 13:15:19,099 [pool-57-thread-1] INFO  ratis.ContainerStateMachine (ContainerStateMachine.java:loadSnapshot(230)) - group-190272F2B3F7: The snapshot info is null. Setting the last applied indexto:(t:0, i:~)
2019-09-26 13:15:19,099 [pool-57-thread-1] INFO  server.RaftServerConfigKeys (ConfUtils.java:logGet(43)) - raft.server.notification.no-leader.timeout = 120s (custom)
2019-09-26 13:15:19,099 [pool-57-thread-1] INFO  server.RaftServerConfigKeys (ConfUtils.java:logGet(43)) - raft.server.log.use.memory = false (default)
2019-09-26 13:15:19,100 [pool-57-thread-1] INFO  server.RaftServerConfigKeys (ConfUtils.java:logGet(43)) - raft.server.log.purge.gap = 1000000 (custom)
2019-09-26 13:15:19,100 [pool-57-thread-1] INFO  server.RaftServerConfigKeys (ConfUtils.java:logGet(43)) - raft.server.log.appender.buffer.byte-limit = 33554432 (custom)
2019-09-26 13:15:19,100 [pool-57-thread-1] INFO  server.RaftServerConfigKeys (ConfUtils.java:logGet(43)) - raft.server.log.segment.size.max = 1048576 (custom)
2019-09-26 13:15:19,100 [pool-57-thread-1] INFO  server.RaftServerConfigKeys (ConfUtils.java:logGet(43)) - raft.server.log.segment.cache.num.max = 2 (custom)
2019-09-26 13:15:19,100 [pool-57-thread-1] INFO  segmented.SegmentedRaftLogWorker (SegmentedRaftLogWorker.java:<init>(172)) - new c0aad3f7-4454-4d6f-ae69-988c2d0f48a4@group-190272F2B3F7-SegmentedRaftLogWorker for RaftStorage:Storage Directory /workdir/hadoop-ozone/integration-test/target/test-dir/MiniOzoneClusterImpl-a863f920-e703-48bd-ac3b-b0b5d168c43d/datanode-3/data/ratis/68f6d58d-440c-4022-9b50-190272f2b3f7
2019-09-26 13:15:19,100 [pool-57-thread-1] INFO  server.RaftServerConfigKeys (ConfUtils.java:logGet(43)) - raft.server.log.queue.byte-limit = 2147483647 (custom)
2019-09-26 13:15:19,100 [pool-57-thread-1] INFO  server.RaftServerConfigKeys (ConfUtils.java:logGet(43)) - raft.server.log.queue.element-limit = 1024 (custom)
2019-09-26 13:15:19,100 [pool-57-thread-1] INFO  server.RaftServerConfigKeys (ConfUtils.java:logGet(43)) - raft.server.log.segment.size.max = 1048576 (custom)
2019-09-26 13:15:19,101 [pool-57-thread-1] INFO  server.RaftServerConfigKeys (ConfUtils.java:logGet(43)) - raft.server.log.preallocated.size = 16384 (custom)
2019-09-26 13:15:19,101 [pool-57-thread-1] INFO  server.RaftServerConfigKeys (ConfUtils.java:logGet(43)) - raft.server.log.write.buffer.size = 33554432 (custom)
2019-09-26 13:15:19,101 [pool-57-thread-1] INFO  server.RaftServerConfigKeys (ConfUtils.java:logGet(43)) - raft.server.log.force.sync.num = 128 (default)
2019-09-26 13:15:19,101 [pool-57-thread-1] INFO  server.RaftServerConfigKeys (ConfUtils.java:logGet(43)) - raft.server.log.statemachine.data.sync = true (default)
2019-09-26 13:15:19,101 [pool-57-thread-1] INFO  server.RaftServerConfigKeys (ConfUtils.java:logGet(43)) - raft.server.log.statemachine.data.sync.timeout = 10s (default)
2019-09-26 13:15:19,101 [pool-57-thread-1] INFO  server.RaftServerConfigKeys (ConfUtils.java:logGet(43)) - raft.server.log.statemachine.data.sync.timeout.retry = -1 (default)
2019-09-26 13:15:19,101 [pool-57-thread-1] INFO  server.RaftServerConfigKeys (ConfUtils.java:logGet(43)) - raft.server.log.statemachine.data.caching.enabled = true (custom)
2019-09-26 13:15:19,102 [pool-57-thread-1] INFO  segmented.SegmentedRaftLogWorker (SegmentedRaftLogWorker.java:lambda$new$0(132)) - c0aad3f7-4454-4d6f-ae69-988c2d0f48a4@group-190272F2B3F7-SegmentedRaftLogWorker: flushIndex: setUnconditionally 0 -> -1
2019-09-26 13:15:19,102 [pool-57-thread-1] INFO  server.RaftServerConfigKeys (ConfUtils.java:logGet(43)) - raft.server.snapshot.auto.trigger.enabled = true (custom)
2019-09-26 13:15:19,102 [pool-57-thread-1] INFO  server.RaftServerConfigKeys (ConfUtils.java:logGet(43)) - raft.server.snapshot.auto.trigger.threshold = 10000 (custom)
2019-09-26 13:15:19,102 [pool-57-thread-1] INFO  server.RaftServerConfigKeys (ConfUtils.java:logGet(43)) - raft.server.snapshot.retention.num.files = 5 (custom)
2019-09-26 13:15:19,102 [pool-57-thread-1] INFO  server.RaftServerConfigKeys (ConfUtils.java:logGet(43)) - raft.server.retrycache.expirytime = 600000ms (custom)
2019-09-26 13:15:19,105 [pool-57-thread-1] INFO  impl.RaftServerImpl (RaftServerImpl.java:start(185)) - c0aad3f7-4454-4d6f-ae69-988c2d0f48a4@group-190272F2B3F7: start as a follower, conf=-1: [c0aad3f7-4454-4d6f-ae69-988c2d0f48a4:192.168.164.238:38334], old=null
2019-09-26 13:15:19,105 [pool-57-thread-1] INFO  impl.RaftServerImpl (RaftServerImpl.java:setRole(174)) - c0aad3f7-4454-4d6f-ae69-988c2d0f48a4@group-190272F2B3F7: changes role from      null to FOLLOWER at term 0 for startAsFollower
2019-09-26 13:15:19,105 [pool-57-thread-1] INFO  impl.RoleInfo (RoleInfo.java:updateAndGet(143)) - c0aad3f7-4454-4d6f-ae69-988c2d0f48a4: start FollowerState
2019-09-26 13:15:19,106 [pool-57-thread-1] INFO  util.JmxRegister (JmxRegister.java:tryRegister(44)) - Successfully registered JMX Bean with object name Ratis:service=RaftServer,group=group-190272F2B3F7,id=c0aad3f7-4454-4d6f-ae69-988c2d0f48a4
2019-09-26 13:15:19,111 [RatisPipelineUtilsThread] INFO  pipeline.PipelineStateManager (PipelineStateManager.java:addPipeline(56)) - Created pipeline Pipeline[ Id: 68f6d58d-440c-4022-9b50-190272f2b3f7, Nodes: c0aad3f7-4454-4d6f-ae69-988c2d0f48a4{ip: 192.168.164.238, host: pr-hdds-1569-87zkn-1081879488, networkLocation: /default-rack, certSerialId: null}, Type:RATIS, Factor:ONE, State:OPEN]
2019-09-26 13:15:19,111 [RatisPipelineUtilsThread] INFO  pipeline.PipelinePlacementPolicy (PipelinePlacementPolicy.java:meetCriteria(91)) - Pipeline Placement: can't place more pipeline on heavy datanode： b4fa65ea-f6d5-4876-b0ba-3a338b93c219 Heaviness: 6 limit: 5
2019-09-26 13:15:19,111 [RatisPipelineUtilsThread] INFO  pipeline.PipelinePlacementPolicy (PipelinePlacementPolicy.java:meetCriteria(91)) - Pipeline Placement: can't place more pipeline on heavy datanode： d09ba3db-71ae-4cc1-a070-460d4ee804eb Heaviness: 6 limit: 5
2019-09-26 13:15:19,111 [RatisPipelineUtilsThread] INFO  pipeline.PipelinePlacementPolicy (PipelinePlacementPolicy.java:meetCriteria(91)) - Pipeline Placement: can't place more pipeline on heavy datanode： 4e306e3f-25ae-4809-b976-e74c1f449d85 Heaviness: 6 limit: 5
2019-09-26 13:15:19,111 [RatisPipelineUtilsThread] INFO  pipeline.PipelinePlacementPolicy (PipelinePlacementPolicy.java:meetCriteria(91)) - Pipeline Placement: can't place more pipeline on heavy datanode： c0aad3f7-4454-4d6f-ae69-988c2d0f48a4 Heaviness: 6 limit: 5
2019-09-26 13:15:19,121 [grpc-default-executor-1] INFO  impl.RaftServerProxy (RaftServerProxy.java:addNew(89)) - 93c1ba8e-47f4-467f-954e-a2b5e39419a0: addNew group-052C3D0273EE:[93c1ba8e-47f4-467f-954e-a2b5e39419a0:192.168.164.238:42902] returns group-052C3D0273EE:java.util.concurrent.CompletableFuture@77d863ce[Not completed]
2019-09-26 13:15:19,122 [pool-67-thread-1] INFO  impl.RaftServerImpl (RaftServerImpl.java:<init>(95)) - 93c1ba8e-47f4-467f-954e-a2b5e39419a0: new RaftServerImpl for group-052C3D0273EE:[93c1ba8e-47f4-467f-954e-a2b5e39419a0:192.168.164.238:42902] with ContainerStateMachine:uninitialized
2019-09-26 13:15:19,122 [pool-67-thread-1] INFO  server.RaftServerConfigKeys (ConfUtils.java:logGet(43)) - raft.server.rpc.timeout.min = 5s (custom)
2019-09-26 13:15:19,122 [pool-67-thread-1] INFO  server.RaftServerConfigKeys (ConfUtils.java:logGet(43)) - raft.server.rpc.timeout.max = 5200ms (custom)
2019-09-26 13:15:19,123 [pool-67-thread-1] INFO  server.RaftServerConfigKeys (ConfUtils.java:logGet(43)) - raft.server.rpcslowness.timeout = 120s (custom)
2019-09-26 13:15:19,123 [pool-67-thread-1] INFO  server.RaftServerConfigKeys (ConfUtils.java:logGet(43)) - raft.server.sleep.deviation.threshold = 300 (default)
2019-09-26 13:15:19,123 [pool-67-thread-1] INFO  server.RaftServerConfigKeys (ConfUtils.java:logGet(43)) - raft.server.log.appender.install.snapshot.enabled = false (custom)
2019-09-26 13:15:19,123 [pool-67-thread-1] INFO  impl.RaftServerImpl (ServerState.java:<init>(103)) - 93c1ba8e-47f4-467f-954e-a2b5e39419a0@group-052C3D0273EE: ConfigurationManager, init=-1: [93c1ba8e-47f4-467f-954e-a2b5e39419a0:192.168.164.238:42902], old=null, confs=<EMPTY_MAP>
2019-09-26 13:15:19,123 [pool-67-thread-1] INFO  server.RaftServerConfigKeys (ConfUtils.java:logGet(43)) - raft.server.storage.dir = [/workdir/hadoop-ozone/integration-test/target/test-dir/MiniOzoneClusterImpl-a863f920-e703-48bd-ac3b-b0b5d168c43d/datanode-4/data/ratis] (custom)
2019-09-26 13:15:19,123 [pool-67-thread-1] INFO  storage.RaftStorageDirectory (RaftStorageDirectory.java:analyzeStorage(246)) - The storage directory /workdir/hadoop-ozone/integration-test/target/test-dir/MiniOzoneClusterImpl-a863f920-e703-48bd-ac3b-b0b5d168c43d/datanode-4/data/ratis/5d6d0877-5a85-423c-8c74-052c3d0273ee does not exist. Creating ...
2019-09-26 13:15:19,136 [pool-67-thread-1] INFO  storage.RaftStorageDirectory (RaftStorageDirectory.java:tryLock(328)) - Lock on /workdir/hadoop-ozone/integration-test/target/test-dir/MiniOzoneClusterImpl-a863f920-e703-48bd-ac3b-b0b5d168c43d/datanode-4/data/ratis/5d6d0877-5a85-423c-8c74-052c3d0273ee/in_use.lock acquired by nodename 12747@pr-hdds-1569-87zkn-1081879488
2019-09-26 13:15:19,148 [pool-67-thread-1] INFO  storage.RaftStorage (RaftStorage.java:format(72)) - Storage directory /workdir/hadoop-ozone/integration-test/target/test-dir/MiniOzoneClusterImpl-a863f920-e703-48bd-ac3b-b0b5d168c43d/datanode-4/data/ratis/5d6d0877-5a85-423c-8c74-052c3d0273ee has been successfully formatted.
2019-09-26 13:15:19,148 [pool-67-thread-1] INFO  ratis.ContainerStateMachine (ContainerStateMachine.java:loadSnapshot(230)) - group-052C3D0273EE: The snapshot info is null. Setting the last applied indexto:(t:0, i:~)
2019-09-26 13:15:19,149 [pool-67-thread-1] INFO  server.RaftServerConfigKeys (ConfUtils.java:logGet(43)) - raft.server.notification.no-leader.timeout = 120s (custom)
2019-09-26 13:15:19,149 [pool-67-thread-1] INFO  server.RaftServerConfigKeys (ConfUtils.java:logGet(43)) - raft.server.log.use.memory = false (default)
2019-09-26 13:15:19,149 [pool-67-thread-1] INFO  server.RaftServerConfigKeys (ConfUtils.java:logGet(43)) - raft.server.log.purge.gap = 1000000 (custom)
2019-09-26 13:15:19,149 [pool-67-thread-1] INFO  server.RaftServerConfigKeys (ConfUtils.java:logGet(43)) - raft.server.log.appender.buffer.byte-limit = 33554432 (custom)
2019-09-26 13:15:19,149 [pool-67-thread-1] INFO  server.RaftServerConfigKeys (ConfUtils.java:logGet(43)) - raft.server.log.segment.size.max = 1048576 (custom)
2019-09-26 13:15:19,149 [pool-67-thread-1] INFO  server.RaftServerConfigKeys (ConfUtils.java:logGet(43)) - raft.server.log.segment.cache.num.max = 2 (custom)
2019-09-26 13:15:19,149 [pool-67-thread-1] INFO  segmented.SegmentedRaftLogWorker (SegmentedRaftLogWorker.java:<init>(172)) - new 93c1ba8e-47f4-467f-954e-a2b5e39419a0@group-052C3D0273EE-SegmentedRaftLogWorker for RaftStorage:Storage Directory /workdir/hadoop-ozone/integration-test/target/test-dir/MiniOzoneClusterImpl-a863f920-e703-48bd-ac3b-b0b5d168c43d/datanode-4/data/ratis/5d6d0877-5a85-423c-8c74-052c3d0273ee
2019-09-26 13:15:19,149 [pool-67-thread-1] INFO  server.RaftServerConfigKeys (ConfUtils.java:logGet(43)) - raft.server.log.queue.byte-limit = 2147483647 (custom)
2019-09-26 13:15:19,150 [pool-67-thread-1] INFO  server.RaftServerConfigKeys (ConfUtils.java:logGet(43)) - raft.server.log.queue.element-limit = 1024 (custom)
2019-09-26 13:15:19,150 [pool-67-thread-1] INFO  server.RaftServerConfigKeys (ConfUtils.java:logGet(43)) - raft.server.log.segment.size.max = 1048576 (custom)
2019-09-26 13:15:19,150 [pool-67-thread-1] INFO  server.RaftServerConfigKeys (ConfUtils.java:logGet(43)) - raft.server.log.preallocated.size = 16384 (custom)
2019-09-26 13:15:19,150 [pool-67-thread-1] INFO  server.RaftServerConfigKeys (ConfUtils.java:logGet(43)) - raft.server.log.write.buffer.size = 33554432 (custom)
2019-09-26 13:15:19,150 [pool-67-thread-1] INFO  server.RaftServerConfigKeys (ConfUtils.java:logGet(43)) - raft.server.log.force.sync.num = 128 (default)
2019-09-26 13:15:19,150 [pool-67-thread-1] INFO  server.RaftServerConfigKeys (ConfUtils.java:logGet(43)) - raft.server.log.statemachine.data.sync = true (default)
2019-09-26 13:15:19,150 [pool-67-thread-1] INFO  server.RaftServerConfigKeys (ConfUtils.java:logGet(43)) - raft.server.log.statemachine.data.sync.timeout = 10s (default)
2019-09-26 13:15:19,150 [pool-67-thread-1] INFO  server.RaftServerConfigKeys (ConfUtils.java:logGet(43)) - raft.server.log.statemachine.data.sync.timeout.retry = -1 (default)
2019-09-26 13:15:19,150 [pool-67-thread-1] INFO  server.RaftServerConfigKeys (ConfUtils.java:logGet(43)) - raft.server.log.statemachine.data.caching.enabled = true (custom)
2019-09-26 13:15:19,151 [pool-67-thread-1] INFO  segmented.SegmentedRaftLogWorker (SegmentedRaftLogWorker.java:lambda$new$0(132)) - 93c1ba8e-47f4-467f-954e-a2b5e39419a0@group-052C3D0273EE-SegmentedRaftLogWorker: flushIndex: setUnconditionally 0 -> -1
2019-09-26 13:15:19,151 [pool-67-thread-1] INFO  server.RaftServerConfigKeys (ConfUtils.java:logGet(43)) - raft.server.snapshot.auto.trigger.enabled = true (custom)
2019-09-26 13:15:19,151 [pool-67-thread-1] INFO  server.RaftServerConfigKeys (ConfUtils.java:logGet(43)) - raft.server.snapshot.auto.trigger.threshold = 10000 (custom)
2019-09-26 13:15:19,151 [pool-67-thread-1] INFO  server.RaftServerConfigKeys (ConfUtils.java:logGet(43)) - raft.server.snapshot.retention.num.files = 5 (custom)
2019-09-26 13:15:19,151 [pool-67-thread-1] INFO  server.RaftServerConfigKeys (ConfUtils.java:logGet(43)) - raft.server.retrycache.expirytime = 600000ms (custom)
2019-09-26 13:15:19,154 [pool-67-thread-1] INFO  impl.RaftServerImpl (RaftServerImpl.java:start(185)) - 93c1ba8e-47f4-467f-954e-a2b5e39419a0@group-052C3D0273EE: start as a follower, conf=-1: [93c1ba8e-47f4-467f-954e-a2b5e39419a0:192.168.164.238:42902], old=null
2019-09-26 13:15:19,154 [pool-67-thread-1] INFO  impl.RaftServerImpl (RaftServerImpl.java:setRole(174)) - 93c1ba8e-47f4-467f-954e-a2b5e39419a0@group-052C3D0273EE: changes role from      null to FOLLOWER at term 0 for startAsFollower
2019-09-26 13:15:19,154 [pool-67-thread-1] INFO  impl.RoleInfo (RoleInfo.java:updateAndGet(143)) - 93c1ba8e-47f4-467f-954e-a2b5e39419a0: start FollowerState
2019-09-26 13:15:19,154 [pool-67-thread-1] INFO  util.JmxRegister (JmxRegister.java:tryRegister(44)) - Successfully registered JMX Bean with object name Ratis:service=RaftServer,group=group-052C3D0273EE,id=93c1ba8e-47f4-467f-954e-a2b5e39419a0
2019-09-26 13:15:19,159 [RatisPipelineUtilsThread] INFO  pipeline.PipelineStateManager (PipelineStateManager.java:addPipeline(56)) - Created pipeline Pipeline[ Id: 5d6d0877-5a85-423c-8c74-052c3d0273ee, Nodes: 93c1ba8e-47f4-467f-954e-a2b5e39419a0{ip: 192.168.164.238, host: pr-hdds-1569-87zkn-1081879488, networkLocation: /default-rack, certSerialId: null}, Type:RATIS, Factor:ONE, State:OPEN]
2019-09-26 13:15:19,160 [RatisPipelineUtilsThread] INFO  pipeline.PipelinePlacementPolicy (PipelinePlacementPolicy.java:meetCriteria(91)) - Pipeline Placement: can't place more pipeline on heavy datanode： b4fa65ea-f6d5-4876-b0ba-3a338b93c219 Heaviness: 6 limit: 5
2019-09-26 13:15:19,160 [RatisPipelineUtilsThread] INFO  pipeline.PipelinePlacementPolicy (PipelinePlacementPolicy.java:meetCriteria(91)) - Pipeline Placement: can't place more pipeline on heavy datanode： d09ba3db-71ae-4cc1-a070-460d4ee804eb Heaviness: 6 limit: 5
2019-09-26 13:15:19,160 [RatisPipelineUtilsThread] INFO  pipeline.PipelinePlacementPolicy (PipelinePlacementPolicy.java:meetCriteria(91)) - Pipeline Placement: can't place more pipeline on heavy datanode： 4e306e3f-25ae-4809-b976-e74c1f449d85 Heaviness: 6 limit: 5
2019-09-26 13:15:19,160 [RatisPipelineUtilsThread] INFO  pipeline.PipelinePlacementPolicy (PipelinePlacementPolicy.java:meetCriteria(91)) - Pipeline Placement: can't place more pipeline on heavy datanode： c0aad3f7-4454-4d6f-ae69-988c2d0f48a4 Heaviness: 6 limit: 5
2019-09-26 13:15:19,170 [grpc-default-executor-1] INFO  impl.RaftServerProxy (RaftServerProxy.java:addNew(89)) - 93c1ba8e-47f4-467f-954e-a2b5e39419a0: addNew group-4FA5B806344B:[93c1ba8e-47f4-467f-954e-a2b5e39419a0:192.168.164.238:42902] returns group-4FA5B806344B:java.util.concurrent.CompletableFuture@fbc9b8f[Not completed]
2019-09-26 13:15:19,171 [pool-67-thread-1] INFO  impl.RaftServerImpl (RaftServerImpl.java:<init>(95)) - 93c1ba8e-47f4-467f-954e-a2b5e39419a0: new RaftServerImpl for group-4FA5B806344B:[93c1ba8e-47f4-467f-954e-a2b5e39419a0:192.168.164.238:42902] with ContainerStateMachine:uninitialized
2019-09-26 13:15:19,171 [pool-67-thread-1] INFO  server.RaftServerConfigKeys (ConfUtils.java:logGet(43)) - raft.server.rpc.timeout.min = 5s (custom)
2019-09-26 13:15:19,171 [pool-67-thread-1] INFO  server.RaftServerConfigKeys (ConfUtils.java:logGet(43)) - raft.server.rpc.timeout.max = 5200ms (custom)
2019-09-26 13:15:19,171 [pool-67-thread-1] INFO  server.RaftServerConfigKeys (ConfUtils.java:logGet(43)) - raft.server.rpcslowness.timeout = 120s (custom)
2019-09-26 13:15:19,171 [pool-67-thread-1] INFO  server.RaftServerConfigKeys (ConfUtils.java:logGet(43)) - raft.server.sleep.deviation.threshold = 300 (default)
2019-09-26 13:15:19,171 [pool-67-thread-1] INFO  server.RaftServerConfigKeys (ConfUtils.java:logGet(43)) - raft.server.log.appender.install.snapshot.enabled = false (custom)
2019-09-26 13:15:19,172 [pool-67-thread-1] INFO  impl.RaftServerImpl (ServerState.java:<init>(103)) - 93c1ba8e-47f4-467f-954e-a2b5e39419a0@group-4FA5B806344B: ConfigurationManager, init=-1: [93c1ba8e-47f4-467f-954e-a2b5e39419a0:192.168.164.238:42902], old=null, confs=<EMPTY_MAP>
2019-09-26 13:15:19,172 [pool-67-thread-1] INFO  server.RaftServerConfigKeys (ConfUtils.java:logGet(43)) - raft.server.storage.dir = [/workdir/hadoop-ozone/integration-test/target/test-dir/MiniOzoneClusterImpl-a863f920-e703-48bd-ac3b-b0b5d168c43d/datanode-4/data/ratis] (custom)
2019-09-26 13:15:19,172 [pool-67-thread-1] INFO  storage.RaftStorageDirectory (RaftStorageDirectory.java:analyzeStorage(246)) - The storage directory /workdir/hadoop-ozone/integration-test/target/test-dir/MiniOzoneClusterImpl-a863f920-e703-48bd-ac3b-b0b5d168c43d/datanode-4/data/ratis/ed47ba14-5699-4ad9-9428-4fa5b806344b does not exist. Creating ...
2019-09-26 13:15:19,185 [pool-67-thread-1] INFO  storage.RaftStorageDirectory (RaftStorageDirectory.java:tryLock(328)) - Lock on /workdir/hadoop-ozone/integration-test/target/test-dir/MiniOzoneClusterImpl-a863f920-e703-48bd-ac3b-b0b5d168c43d/datanode-4/data/ratis/ed47ba14-5699-4ad9-9428-4fa5b806344b/in_use.lock acquired by nodename 12747@pr-hdds-1569-87zkn-1081879488
2019-09-26 13:15:19,198 [pool-67-thread-1] INFO  storage.RaftStorage (RaftStorage.java:format(72)) - Storage directory /workdir/hadoop-ozone/integration-test/target/test-dir/MiniOzoneClusterImpl-a863f920-e703-48bd-ac3b-b0b5d168c43d/datanode-4/data/ratis/ed47ba14-5699-4ad9-9428-4fa5b806344b has been successfully formatted.
2019-09-26 13:15:19,199 [pool-67-thread-1] INFO  ratis.ContainerStateMachine (ContainerStateMachine.java:loadSnapshot(230)) - group-4FA5B806344B: The snapshot info is null. Setting the last applied indexto:(t:0, i:~)
2019-09-26 13:15:19,199 [pool-67-thread-1] INFO  server.RaftServerConfigKeys (ConfUtils.java:logGet(43)) - raft.server.notification.no-leader.timeout = 120s (custom)
2019-09-26 13:15:19,199 [pool-67-thread-1] INFO  server.RaftServerConfigKeys (ConfUtils.java:logGet(43)) - raft.server.log.use.memory = false (default)
2019-09-26 13:15:19,199 [pool-67-thread-1] INFO  server.RaftServerConfigKeys (ConfUtils.java:logGet(43)) - raft.server.log.purge.gap = 1000000 (custom)
2019-09-26 13:15:19,199 [pool-67-thread-1] INFO  server.RaftServerConfigKeys (ConfUtils.java:logGet(43)) - raft.server.log.appender.buffer.byte-limit = 33554432 (custom)
2019-09-26 13:15:19,199 [pool-67-thread-1] INFO  server.RaftServerConfigKeys (ConfUtils.java:logGet(43)) - raft.server.log.segment.size.max = 1048576 (custom)
2019-09-26 13:15:19,199 [pool-67-thread-1] INFO  server.RaftServerConfigKeys (ConfUtils.java:logGet(43)) - raft.server.log.segment.cache.num.max = 2 (custom)
2019-09-26 13:15:19,199 [pool-67-thread-1] INFO  segmented.SegmentedRaftLogWorker (SegmentedRaftLogWorker.java:<init>(172)) - new 93c1ba8e-47f4-467f-954e-a2b5e39419a0@group-4FA5B806344B-SegmentedRaftLogWorker for RaftStorage:Storage Directory /workdir/hadoop-ozone/integration-test/target/test-dir/MiniOzoneClusterImpl-a863f920-e703-48bd-ac3b-b0b5d168c43d/datanode-4/data/ratis/ed47ba14-5699-4ad9-9428-4fa5b806344b
2019-09-26 13:15:19,200 [pool-67-thread-1] INFO  server.RaftServerConfigKeys (ConfUtils.java:logGet(43)) - raft.server.log.queue.byte-limit = 2147483647 (custom)
2019-09-26 13:15:19,200 [pool-67-thread-1] INFO  server.RaftServerConfigKeys (ConfUtils.java:logGet(43)) - raft.server.log.queue.element-limit = 1024 (custom)
2019-09-26 13:15:19,200 [pool-67-thread-1] INFO  server.RaftServerConfigKeys (ConfUtils.java:logGet(43)) - raft.server.log.segment.size.max = 1048576 (custom)
2019-09-26 13:15:19,200 [pool-67-thread-1] INFO  server.RaftServerConfigKeys (ConfUtils.java:logGet(43)) - raft.server.log.preallocated.size = 16384 (custom)
2019-09-26 13:15:19,200 [pool-67-thread-1] INFO  server.RaftServerConfigKeys (ConfUtils.java:logGet(43)) - raft.server.log.write.buffer.size = 33554432 (custom)
2019-09-26 13:15:19,200 [pool-67-thread-1] INFO  server.RaftServerConfigKeys (ConfUtils.java:logGet(43)) - raft.server.log.force.sync.num = 128 (default)
2019-09-26 13:15:19,200 [pool-67-thread-1] INFO  server.RaftServerConfigKeys (ConfUtils.java:logGet(43)) - raft.server.log.statemachine.data.sync = true (default)
2019-09-26 13:15:19,200 [pool-67-thread-1] INFO  server.RaftServerConfigKeys (ConfUtils.java:logGet(43)) - raft.server.log.statemachine.data.sync.timeout = 10s (default)
2019-09-26 13:15:19,200 [pool-67-thread-1] INFO  server.RaftServerConfigKeys (ConfUtils.java:logGet(43)) - raft.server.log.statemachine.data.sync.timeout.retry = -1 (default)
2019-09-26 13:15:19,201 [pool-67-thread-1] INFO  server.RaftServerConfigKeys (ConfUtils.java:logGet(43)) - raft.server.log.statemachine.data.caching.enabled = true (custom)
2019-09-26 13:15:19,201 [pool-67-thread-1] INFO  segmented.SegmentedRaftLogWorker (SegmentedRaftLogWorker.java:lambda$new$0(132)) - 93c1ba8e-47f4-467f-954e-a2b5e39419a0@group-4FA5B806344B-SegmentedRaftLogWorker: flushIndex: setUnconditionally 0 -> -1
2019-09-26 13:15:19,201 [pool-67-thread-1] INFO  server.RaftServerConfigKeys (ConfUtils.java:logGet(43)) - raft.server.snapshot.auto.trigger.enabled = true (custom)
2019-09-26 13:15:19,201 [pool-67-thread-1] INFO  server.RaftServerConfigKeys (ConfUtils.java:logGet(43)) - raft.server.snapshot.auto.trigger.threshold = 10000 (custom)
2019-09-26 13:15:19,201 [pool-67-thread-1] INFO  server.RaftServerConfigKeys (ConfUtils.java:logGet(43)) - raft.server.snapshot.retention.num.files = 5 (custom)
2019-09-26 13:15:19,202 [pool-67-thread-1] INFO  server.RaftServerConfigKeys (ConfUtils.java:logGet(43)) - raft.server.retrycache.expirytime = 600000ms (custom)
2019-09-26 13:15:19,204 [pool-67-thread-1] INFO  impl.RaftServerImpl (RaftServerImpl.java:start(185)) - 93c1ba8e-47f4-467f-954e-a2b5e39419a0@group-4FA5B806344B: start as a follower, conf=-1: [93c1ba8e-47f4-467f-954e-a2b5e39419a0:192.168.164.238:42902], old=null
2019-09-26 13:15:19,205 [pool-67-thread-1] INFO  impl.RaftServerImpl (RaftServerImpl.java:setRole(174)) - 93c1ba8e-47f4-467f-954e-a2b5e39419a0@group-4FA5B806344B: changes role from      null to FOLLOWER at term 0 for startAsFollower
2019-09-26 13:15:19,205 [pool-67-thread-1] INFO  impl.RoleInfo (RoleInfo.java:updateAndGet(143)) - 93c1ba8e-47f4-467f-954e-a2b5e39419a0: start FollowerState
2019-09-26 13:15:19,206 [pool-67-thread-1] INFO  util.JmxRegister (JmxRegister.java:tryRegister(44)) - Successfully registered JMX Bean with object name Ratis:service=RaftServer,group=group-4FA5B806344B,id=93c1ba8e-47f4-467f-954e-a2b5e39419a0
2019-09-26 13:15:19,210 [RatisPipelineUtilsThread] INFO  pipeline.PipelineStateManager (PipelineStateManager.java:addPipeline(56)) - Created pipeline Pipeline[ Id: ed47ba14-5699-4ad9-9428-4fa5b806344b, Nodes: 93c1ba8e-47f4-467f-954e-a2b5e39419a0{ip: 192.168.164.238, host: pr-hdds-1569-87zkn-1081879488, networkLocation: /default-rack, certSerialId: null}, Type:RATIS, Factor:ONE, State:OPEN]
2019-09-26 13:15:19,211 [RatisPipelineUtilsThread] INFO  pipeline.PipelinePlacementPolicy (PipelinePlacementPolicy.java:meetCriteria(91)) - Pipeline Placement: can't place more pipeline on heavy datanode： b4fa65ea-f6d5-4876-b0ba-3a338b93c219 Heaviness: 6 limit: 5
2019-09-26 13:15:19,211 [RatisPipelineUtilsThread] INFO  pipeline.PipelinePlacementPolicy (PipelinePlacementPolicy.java:meetCriteria(91)) - Pipeline Placement: can't place more pipeline on heavy datanode： d09ba3db-71ae-4cc1-a070-460d4ee804eb Heaviness: 6 limit: 5
2019-09-26 13:15:19,211 [RatisPipelineUtilsThread] INFO  pipeline.PipelinePlacementPolicy (PipelinePlacementPolicy.java:meetCriteria(91)) - Pipeline Placement: can't place more pipeline on heavy datanode： 4e306e3f-25ae-4809-b976-e74c1f449d85 Heaviness: 6 limit: 5
2019-09-26 13:15:19,212 [RatisPipelineUtilsThread] INFO  pipeline.PipelinePlacementPolicy (PipelinePlacementPolicy.java:meetCriteria(91)) - Pipeline Placement: can't place more pipeline on heavy datanode： c0aad3f7-4454-4d6f-ae69-988c2d0f48a4 Heaviness: 6 limit: 5
2019-09-26 13:15:19,219 [grpc-default-executor-1] INFO  impl.RaftServerProxy (RaftServerProxy.java:addNew(89)) - 93c1ba8e-47f4-467f-954e-a2b5e39419a0: addNew group-698B3E75E95C:[93c1ba8e-47f4-467f-954e-a2b5e39419a0:192.168.164.238:42902] returns group-698B3E75E95C:java.util.concurrent.CompletableFuture@10c0d90c[Not completed]
2019-09-26 13:15:19,221 [pool-67-thread-1] INFO  impl.RaftServerImpl (RaftServerImpl.java:<init>(95)) - 93c1ba8e-47f4-467f-954e-a2b5e39419a0: new RaftServerImpl for group-698B3E75E95C:[93c1ba8e-47f4-467f-954e-a2b5e39419a0:192.168.164.238:42902] with ContainerStateMachine:uninitialized
2019-09-26 13:15:19,221 [pool-67-thread-1] INFO  server.RaftServerConfigKeys (ConfUtils.java:logGet(43)) - raft.server.rpc.timeout.min = 5s (custom)
2019-09-26 13:15:19,221 [pool-67-thread-1] INFO  server.RaftServerConfigKeys (ConfUtils.java:logGet(43)) - raft.server.rpc.timeout.max = 5200ms (custom)
2019-09-26 13:15:19,222 [pool-67-thread-1] INFO  server.RaftServerConfigKeys (ConfUtils.java:logGet(43)) - raft.server.rpcslowness.timeout = 120s (custom)
2019-09-26 13:15:19,222 [pool-67-thread-1] INFO  server.RaftServerConfigKeys (ConfUtils.java:logGet(43)) - raft.server.sleep.deviation.threshold = 300 (default)
2019-09-26 13:15:19,222 [pool-67-thread-1] INFO  server.RaftServerConfigKeys (ConfUtils.java:logGet(43)) - raft.server.log.appender.install.snapshot.enabled = false (custom)
2019-09-26 13:15:19,222 [pool-67-thread-1] INFO  impl.RaftServerImpl (ServerState.java:<init>(103)) - 93c1ba8e-47f4-467f-954e-a2b5e39419a0@group-698B3E75E95C: ConfigurationManager, init=-1: [93c1ba8e-47f4-467f-954e-a2b5e39419a0:192.168.164.238:42902], old=null, confs=<EMPTY_MAP>
2019-09-26 13:15:19,222 [pool-67-thread-1] INFO  server.RaftServerConfigKeys (ConfUtils.java:logGet(43)) - raft.server.storage.dir = [/workdir/hadoop-ozone/integration-test/target/test-dir/MiniOzoneClusterImpl-a863f920-e703-48bd-ac3b-b0b5d168c43d/datanode-4/data/ratis] (custom)
2019-09-26 13:15:19,223 [pool-67-thread-1] INFO  storage.RaftStorageDirectory (RaftStorageDirectory.java:analyzeStorage(246)) - The storage directory /workdir/hadoop-ozone/integration-test/target/test-dir/MiniOzoneClusterImpl-a863f920-e703-48bd-ac3b-b0b5d168c43d/datanode-4/data/ratis/cf9df108-dc63-4e10-9112-698b3e75e95c does not exist. Creating ...
2019-09-26 13:15:19,236 [pool-67-thread-1] INFO  storage.RaftStorageDirectory (RaftStorageDirectory.java:tryLock(328)) - Lock on /workdir/hadoop-ozone/integration-test/target/test-dir/MiniOzoneClusterImpl-a863f920-e703-48bd-ac3b-b0b5d168c43d/datanode-4/data/ratis/cf9df108-dc63-4e10-9112-698b3e75e95c/in_use.lock acquired by nodename 12747@pr-hdds-1569-87zkn-1081879488
2019-09-26 13:15:19,258 [pool-67-thread-1] INFO  storage.RaftStorage (RaftStorage.java:format(72)) - Storage directory /workdir/hadoop-ozone/integration-test/target/test-dir/MiniOzoneClusterImpl-a863f920-e703-48bd-ac3b-b0b5d168c43d/datanode-4/data/ratis/cf9df108-dc63-4e10-9112-698b3e75e95c has been successfully formatted.
2019-09-26 13:15:19,259 [pool-67-thread-1] INFO  ratis.ContainerStateMachine (ContainerStateMachine.java:loadSnapshot(230)) - group-698B3E75E95C: The snapshot info is null. Setting the last applied indexto:(t:0, i:~)
2019-09-26 13:15:19,259 [pool-67-thread-1] INFO  server.RaftServerConfigKeys (ConfUtils.java:logGet(43)) - raft.server.notification.no-leader.timeout = 120s (custom)
2019-09-26 13:15:19,259 [pool-67-thread-1] INFO  server.RaftServerConfigKeys (ConfUtils.java:logGet(43)) - raft.server.log.use.memory = false (default)
2019-09-26 13:15:19,260 [pool-67-thread-1] INFO  server.RaftServerConfigKeys (ConfUtils.java:logGet(43)) - raft.server.log.purge.gap = 1000000 (custom)
2019-09-26 13:15:19,260 [pool-67-thread-1] INFO  server.RaftServerConfigKeys (ConfUtils.java:logGet(43)) - raft.server.log.appender.buffer.byte-limit = 33554432 (custom)
2019-09-26 13:15:19,260 [pool-67-thread-1] INFO  server.RaftServerConfigKeys (ConfUtils.java:logGet(43)) - raft.server.log.segment.size.max = 1048576 (custom)
2019-09-26 13:15:19,260 [pool-67-thread-1] INFO  server.RaftServerConfigKeys (ConfUtils.java:logGet(43)) - raft.server.log.segment.cache.num.max = 2 (custom)
2019-09-26 13:15:19,260 [pool-67-thread-1] INFO  segmented.SegmentedRaftLogWorker (SegmentedRaftLogWorker.java:<init>(172)) - new 93c1ba8e-47f4-467f-954e-a2b5e39419a0@group-698B3E75E95C-SegmentedRaftLogWorker for RaftStorage:Storage Directory /workdir/hadoop-ozone/integration-test/target/test-dir/MiniOzoneClusterImpl-a863f920-e703-48bd-ac3b-b0b5d168c43d/datanode-4/data/ratis/cf9df108-dc63-4e10-9112-698b3e75e95c
2019-09-26 13:15:19,260 [pool-67-thread-1] INFO  server.RaftServerConfigKeys (ConfUtils.java:logGet(43)) - raft.server.log.queue.byte-limit = 2147483647 (custom)
2019-09-26 13:15:19,261 [pool-67-thread-1] INFO  server.RaftServerConfigKeys (ConfUtils.java:logGet(43)) - raft.server.log.queue.element-limit = 1024 (custom)
2019-09-26 13:15:19,261 [pool-67-thread-1] INFO  server.RaftServerConfigKeys (ConfUtils.java:logGet(43)) - raft.server.log.segment.size.max = 1048576 (custom)
2019-09-26 13:15:19,261 [pool-67-thread-1] INFO  server.RaftServerConfigKeys (ConfUtils.java:logGet(43)) - raft.server.log.preallocated.size = 16384 (custom)
2019-09-26 13:15:19,261 [pool-67-thread-1] INFO  server.RaftServerConfigKeys (ConfUtils.java:logGet(43)) - raft.server.log.write.buffer.size = 33554432 (custom)
2019-09-26 13:15:19,261 [pool-67-thread-1] INFO  server.RaftServerConfigKeys (ConfUtils.java:logGet(43)) - raft.server.log.force.sync.num = 128 (default)
2019-09-26 13:15:19,261 [pool-67-thread-1] INFO  server.RaftServerConfigKeys (ConfUtils.java:logGet(43)) - raft.server.log.statemachine.data.sync = true (default)
2019-09-26 13:15:19,262 [pool-67-thread-1] INFO  server.RaftServerConfigKeys (ConfUtils.java:logGet(43)) - raft.server.log.statemachine.data.sync.timeout = 10s (default)
2019-09-26 13:15:19,262 [pool-67-thread-1] INFO  server.RaftServerConfigKeys (ConfUtils.java:logGet(43)) - raft.server.log.statemachine.data.sync.timeout.retry = -1 (default)
2019-09-26 13:15:19,262 [pool-67-thread-1] INFO  server.RaftServerConfigKeys (ConfUtils.java:logGet(43)) - raft.server.log.statemachine.data.caching.enabled = true (custom)
2019-09-26 13:15:19,262 [pool-67-thread-1] INFO  segmented.SegmentedRaftLogWorker (SegmentedRaftLogWorker.java:lambda$new$0(132)) - 93c1ba8e-47f4-467f-954e-a2b5e39419a0@group-698B3E75E95C-SegmentedRaftLogWorker: flushIndex: setUnconditionally 0 -> -1
2019-09-26 13:15:19,263 [pool-67-thread-1] INFO  server.RaftServerConfigKeys (ConfUtils.java:logGet(43)) - raft.server.snapshot.auto.trigger.enabled = true (custom)
2019-09-26 13:15:19,263 [pool-67-thread-1] INFO  server.RaftServerConfigKeys (ConfUtils.java:logGet(43)) - raft.server.snapshot.auto.trigger.threshold = 10000 (custom)
2019-09-26 13:15:19,263 [pool-67-thread-1] INFO  server.RaftServerConfigKeys (ConfUtils.java:logGet(43)) - raft.server.snapshot.retention.num.files = 5 (custom)
2019-09-26 13:15:19,264 [pool-67-thread-1] INFO  server.RaftServerConfigKeys (ConfUtils.java:logGet(43)) - raft.server.retrycache.expirytime = 600000ms (custom)
2019-09-26 13:15:19,268 [pool-67-thread-1] INFO  impl.RaftServerImpl (RaftServerImpl.java:start(185)) - 93c1ba8e-47f4-467f-954e-a2b5e39419a0@group-698B3E75E95C: start as a follower, conf=-1: [93c1ba8e-47f4-467f-954e-a2b5e39419a0:192.168.164.238:42902], old=null
2019-09-26 13:15:19,268 [pool-67-thread-1] INFO  impl.RaftServerImpl (RaftServerImpl.java:setRole(174)) - 93c1ba8e-47f4-467f-954e-a2b5e39419a0@group-698B3E75E95C: changes role from      null to FOLLOWER at term 0 for startAsFollower
2019-09-26 13:15:19,269 [pool-67-thread-1] INFO  impl.RoleInfo (RoleInfo.java:updateAndGet(143)) - 93c1ba8e-47f4-467f-954e-a2b5e39419a0: start FollowerState
2019-09-26 13:15:19,269 [pool-67-thread-1] INFO  util.JmxRegister (JmxRegister.java:tryRegister(44)) - Successfully registered JMX Bean with object name Ratis:service=RaftServer,group=group-698B3E75E95C,id=93c1ba8e-47f4-467f-954e-a2b5e39419a0
2019-09-26 13:15:19,275 [RatisPipelineUtilsThread] INFO  pipeline.PipelineStateManager (PipelineStateManager.java:addPipeline(56)) - Created pipeline Pipeline[ Id: cf9df108-dc63-4e10-9112-698b3e75e95c, Nodes: 93c1ba8e-47f4-467f-954e-a2b5e39419a0{ip: 192.168.164.238, host: pr-hdds-1569-87zkn-1081879488, networkLocation: /default-rack, certSerialId: null}, Type:RATIS, Factor:ONE, State:OPEN]
2019-09-26 13:15:19,275 [RatisPipelineUtilsThread] INFO  pipeline.PipelinePlacementPolicy (PipelinePlacementPolicy.java:meetCriteria(91)) - Pipeline Placement: can't place more pipeline on heavy datanode： b4fa65ea-f6d5-4876-b0ba-3a338b93c219 Heaviness: 6 limit: 5
2019-09-26 13:15:19,275 [RatisPipelineUtilsThread] INFO  pipeline.PipelinePlacementPolicy (PipelinePlacementPolicy.java:meetCriteria(91)) - Pipeline Placement: can't place more pipeline on heavy datanode： d09ba3db-71ae-4cc1-a070-460d4ee804eb Heaviness: 6 limit: 5
2019-09-26 13:15:19,275 [RatisPipelineUtilsThread] INFO  pipeline.PipelinePlacementPolicy (PipelinePlacementPolicy.java:meetCriteria(91)) - Pipeline Placement: can't place more pipeline on heavy datanode： 4e306e3f-25ae-4809-b976-e74c1f449d85 Heaviness: 6 limit: 5
2019-09-26 13:15:19,276 [RatisPipelineUtilsThread] INFO  pipeline.PipelinePlacementPolicy (PipelinePlacementPolicy.java:meetCriteria(91)) - Pipeline Placement: can't place more pipeline on heavy datanode： c0aad3f7-4454-4d6f-ae69-988c2d0f48a4 Heaviness: 6 limit: 5
2019-09-26 13:15:19,276 [RatisPipelineUtilsThread] INFO  pipeline.PipelinePlacementPolicy (PipelinePlacementPolicy.java:meetCriteria(91)) - Pipeline Placement: can't place more pipeline on heavy datanode： 93c1ba8e-47f4-467f-954e-a2b5e39419a0 Heaviness: 6 limit: 5
2019-09-26 13:15:19,276 [RatisPipelineUtilsThread] ERROR pipeline.PipelinePlacementPolicy (PipelinePlacementPolicy.java:filterViableNodes(148)) - Unable to find enough nodes that meet the criteria that cannot engage in more than 5 pipelines. Nodes required: 1 Found: 0, healthy nodes count inNodeManager: 5.
2019-09-26 13:15:19,279 [RatisPipelineUtilsThread] ERROR pipeline.SCMPipelineManager (SCMPipelineManager.java:createPipeline(167)) - Pipeline creation failed.
org.apache.hadoop.hdds.scm.exceptions.SCMException: Unable to find enough nodes that meet the criteria that cannot engage in more than 5 pipelines. Nodes required: 1 Found: 0, healthy nodes count inNodeManager: 5.
	at org.apache.hadoop.hdds.scm.pipeline.PipelinePlacementPolicy.filterViableNodes(PipelinePlacementPolicy.java:149)
	at org.apache.hadoop.hdds.scm.pipeline.PipelinePlacementPolicy.chooseDatanodes(PipelinePlacementPolicy.java:172)
	at org.apache.hadoop.hdds.scm.pipeline.RatisPipelineProvider.create(RatisPipelineProvider.java:93)
	at org.apache.hadoop.hdds.scm.pipeline.PipelineFactory.create(PipelineFactory.java:58)
	at org.apache.hadoop.hdds.scm.pipeline.SCMPipelineManager.createPipeline(SCMPipelineManager.java:155)
	at org.apache.hadoop.hdds.scm.pipeline.BackgroundPipelineCreator.createPipelines(BackgroundPipelineCreator.java:99)
	at java.util.concurrent.Executors$RunnableAdapter.call(Executors.java:511)
	at java.util.concurrent.FutureTask.run(FutureTask.java:266)
	at java.util.concurrent.ScheduledThreadPoolExecutor$ScheduledFutureTask.access$201(ScheduledThreadPoolExecutor.java:180)
	at java.util.concurrent.ScheduledThreadPoolExecutor$ScheduledFutureTask.run(ScheduledThreadPoolExecutor.java:293)
	at java.util.concurrent.ThreadPoolExecutor.runWorker(ThreadPoolExecutor.java:1149)
	at java.util.concurrent.ThreadPoolExecutor$Worker.run(ThreadPoolExecutor.java:624)
	at java.lang.Thread.run(Thread.java:748)
2019-09-26 13:15:19,281 [RatisPipelineUtilsThread] INFO  pipeline.PipelinePlacementPolicy (PipelinePlacementPolicy.java:meetCriteria(91)) - Pipeline Placement: can't place more pipeline on heavy datanode： b4fa65ea-f6d5-4876-b0ba-3a338b93c219 Heaviness: 6 limit: 5
2019-09-26 13:15:19,281 [RatisPipelineUtilsThread] INFO  pipeline.PipelinePlacementPolicy (PipelinePlacementPolicy.java:meetCriteria(91)) - Pipeline Placement: can't place more pipeline on heavy datanode： d09ba3db-71ae-4cc1-a070-460d4ee804eb Heaviness: 6 limit: 5
2019-09-26 13:15:19,281 [RatisPipelineUtilsThread] INFO  pipeline.PipelinePlacementPolicy (PipelinePlacementPolicy.java:meetCriteria(91)) - Pipeline Placement: can't place more pipeline on heavy datanode： 4e306e3f-25ae-4809-b976-e74c1f449d85 Heaviness: 6 limit: 5
2019-09-26 13:15:19,282 [RatisPipelineUtilsThread] INFO  pipeline.PipelinePlacementPolicy (PipelinePlacementPolicy.java:meetCriteria(91)) - Pipeline Placement: can't place more pipeline on heavy datanode： c0aad3f7-4454-4d6f-ae69-988c2d0f48a4 Heaviness: 6 limit: 5
2019-09-26 13:15:19,282 [RatisPipelineUtilsThread] INFO  pipeline.PipelinePlacementPolicy (PipelinePlacementPolicy.java:meetCriteria(91)) - Pipeline Placement: can't place more pipeline on heavy datanode： 93c1ba8e-47f4-467f-954e-a2b5e39419a0 Heaviness: 6 limit: 5
2019-09-26 13:15:19,282 [RatisPipelineUtilsThread] ERROR pipeline.PipelinePlacementPolicy (PipelinePlacementPolicy.java:filterViableNodes(148)) - Unable to find enough nodes that meet the criteria that cannot engage in more than 5 pipelines. Nodes required: 3 Found: 0, healthy nodes count inNodeManager: 5.
2019-09-26 13:15:19,282 [RatisPipelineUtilsThread] ERROR pipeline.SCMPipelineManager (SCMPipelineManager.java:createPipeline(167)) - Pipeline creation failed.
org.apache.hadoop.hdds.scm.exceptions.SCMException: Unable to find enough nodes that meet the criteria that cannot engage in more than 5 pipelines. Nodes required: 3 Found: 0, healthy nodes count inNodeManager: 5.
	at org.apache.hadoop.hdds.scm.pipeline.PipelinePlacementPolicy.filterViableNodes(PipelinePlacementPolicy.java:149)
	at org.apache.hadoop.hdds.scm.pipeline.PipelinePlacementPolicy.chooseDatanodes(PipelinePlacementPolicy.java:172)
	at org.apache.hadoop.hdds.scm.pipeline.RatisPipelineProvider.create(RatisPipelineProvider.java:93)
	at org.apache.hadoop.hdds.scm.pipeline.PipelineFactory.create(PipelineFactory.java:58)
	at org.apache.hadoop.hdds.scm.pipeline.SCMPipelineManager.createPipeline(SCMPipelineManager.java:155)
	at org.apache.hadoop.hdds.scm.pipeline.BackgroundPipelineCreator.createPipelines(BackgroundPipelineCreator.java:99)
	at java.util.concurrent.Executors$RunnableAdapter.call(Executors.java:511)
	at java.util.concurrent.FutureTask.run(FutureTask.java:266)
	at java.util.concurrent.ScheduledThreadPoolExecutor$ScheduledFutureTask.access$201(ScheduledThreadPoolExecutor.java:180)
	at java.util.concurrent.ScheduledThreadPoolExecutor$ScheduledFutureTask.run(ScheduledThreadPoolExecutor.java:293)
	at java.util.concurrent.ThreadPoolExecutor.runWorker(ThreadPoolExecutor.java:1149)
	at java.util.concurrent.ThreadPoolExecutor$Worker.run(ThreadPoolExecutor.java:624)
	at java.lang.Thread.run(Thread.java:748)
2019-09-26 13:15:19,282 [main] INFO  pipeline.PipelinePlacementPolicy (PipelinePlacementPolicy.java:meetCriteria(91)) - Pipeline Placement: can't place more pipeline on heavy datanode： b4fa65ea-f6d5-4876-b0ba-3a338b93c219 Heaviness: 6 limit: 5
2019-09-26 13:15:19,283 [main] INFO  pipeline.PipelinePlacementPolicy (PipelinePlacementPolicy.java:meetCriteria(91)) - Pipeline Placement: can't place more pipeline on heavy datanode： d09ba3db-71ae-4cc1-a070-460d4ee804eb Heaviness: 6 limit: 5
2019-09-26 13:15:19,283 [main] INFO  pipeline.PipelinePlacementPolicy (PipelinePlacementPolicy.java:meetCriteria(91)) - Pipeline Placement: can't place more pipeline on heavy datanode： 4e306e3f-25ae-4809-b976-e74c1f449d85 Heaviness: 6 limit: 5
2019-09-26 13:15:19,283 [main] INFO  pipeline.PipelinePlacementPolicy (PipelinePlacementPolicy.java:meetCriteria(91)) - Pipeline Placement: can't place more pipeline on heavy datanode： c0aad3f7-4454-4d6f-ae69-988c2d0f48a4 Heaviness: 6 limit: 5
2019-09-26 13:15:19,284 [main] INFO  pipeline.PipelinePlacementPolicy (PipelinePlacementPolicy.java:meetCriteria(91)) - Pipeline Placement: can't place more pipeline on heavy datanode： 93c1ba8e-47f4-467f-954e-a2b5e39419a0 Heaviness: 6 limit: 5
2019-09-26 13:15:19,284 [main] ERROR pipeline.PipelinePlacementPolicy (PipelinePlacementPolicy.java:filterViableNodes(148)) - Unable to find enough nodes that meet the criteria that cannot engage in more than 5 pipelines. Nodes required: 3 Found: 0, healthy nodes count inNodeManager: 5.
2019-09-26 13:15:19,284 [main] ERROR pipeline.SCMPipelineManager (SCMPipelineManager.java:createPipeline(167)) - Pipeline creation failed.
org.apache.hadoop.hdds.scm.exceptions.SCMException: Unable to find enough nodes that meet the criteria that cannot engage in more than 5 pipelines. Nodes required: 3 Found: 0, healthy nodes count inNodeManager: 5.
	at org.apache.hadoop.hdds.scm.pipeline.PipelinePlacementPolicy.filterViableNodes(PipelinePlacementPolicy.java:149)
	at org.apache.hadoop.hdds.scm.pipeline.PipelinePlacementPolicy.chooseDatanodes(PipelinePlacementPolicy.java:172)
	at org.apache.hadoop.hdds.scm.pipeline.RatisPipelineProvider.create(RatisPipelineProvider.java:93)
	at org.apache.hadoop.hdds.scm.pipeline.PipelineFactory.create(PipelineFactory.java:58)
	at org.apache.hadoop.hdds.scm.pipeline.SCMPipelineManager.createPipeline(SCMPipelineManager.java:155)
	at org.apache.hadoop.hdds.scm.container.ContainerStateManager.allocateContainer(ContainerStateManager.java:255)
	at org.apache.hadoop.hdds.scm.container.SCMContainerManager.allocateContainer(SCMContainerManager.java:247)
	at org.apache.hadoop.hdds.scm.pipeline.TestNode2PipelineMap.init(TestNode2PipelineMap.java:69)
	at sun.reflect.NativeMethodAccessorImpl.invoke0(Native Method)
	at sun.reflect.NativeMethodAccessorImpl.invoke(NativeMethodAccessorImpl.java:62)
	at sun.reflect.DelegatingMethodAccessorImpl.invoke(DelegatingMethodAccessorImpl.java:43)
	at java.lang.reflect.Method.invoke(Method.java:498)
	at org.junit.runners.model.FrameworkMethod$1.runReflectiveCall(FrameworkMethod.java:47)
	at org.junit.internal.runners.model.ReflectiveCallable.run(ReflectiveCallable.java:12)
	at org.junit.runners.model.FrameworkMethod.invokeExplosively(FrameworkMethod.java:44)
	at org.junit.internal.runners.statements.RunBefores.evaluate(RunBefores.java:24)
	at org.junit.internal.runners.statements.RunAfters.evaluate(RunAfters.java:27)
	at org.junit.runners.ParentRunner.runLeaf(ParentRunner.java:271)
	at org.junit.runners.BlockJUnit4ClassRunner.runChild(BlockJUnit4ClassRunner.java:70)
	at org.junit.runners.BlockJUnit4ClassRunner.runChild(BlockJUnit4ClassRunner.java:50)
	at org.junit.runners.ParentRunner$3.run(ParentRunner.java:238)
	at org.junit.runners.ParentRunner$1.schedule(ParentRunner.java:63)
	at org.junit.runners.ParentRunner.runChildren(ParentRunner.java:236)
	at org.junit.runners.ParentRunner.access$000(ParentRunner.java:53)
	at org.junit.runners.ParentRunner$2.evaluate(ParentRunner.java:229)
	at org.junit.runners.ParentRunner.run(ParentRunner.java:309)
	at org.apache.maven.surefire.junit4.JUnit4Provider.execute(JUnit4Provider.java:365)
	at org.apache.maven.surefire.junit4.JUnit4Provider.executeWithRerun(JUnit4Provider.java:273)
	at org.apache.maven.surefire.junit4.JUnit4Provider.executeTestSet(JUnit4Provider.java:238)
	at org.apache.maven.surefire.junit4.JUnit4Provider.invoke(JUnit4Provider.java:159)
	at org.apache.maven.surefire.booter.ForkedBooter.invokeProviderInSameClassLoader(ForkedBooter.java:384)
	at org.apache.maven.surefire.booter.ForkedBooter.runSuitesInProcess(ForkedBooter.java:345)
	at org.apache.maven.surefire.booter.ForkedBooter.execute(ForkedBooter.java:126)
	at org.apache.maven.surefire.booter.ForkedBooter.main(ForkedBooter.java:418)
2019-09-26 13:15:19,285 [RatisPipelineUtilsThread] INFO  pipeline.PipelinePlacementPolicy (PipelinePlacementPolicy.java:meetCriteria(91)) - Pipeline Placement: can't place more pipeline on heavy datanode： b4fa65ea-f6d5-4876-b0ba-3a338b93c219 Heaviness: 6 limit: 5
2019-09-26 13:15:19,286 [RatisPipelineUtilsThread] INFO  pipeline.PipelinePlacementPolicy (PipelinePlacementPolicy.java:meetCriteria(91)) - Pipeline Placement: can't place more pipeline on heavy datanode： d09ba3db-71ae-4cc1-a070-460d4ee804eb Heaviness: 6 limit: 5
2019-09-26 13:15:19,286 [RatisPipelineUtilsThread] INFO  pipeline.PipelinePlacementPolicy (PipelinePlacementPolicy.java:meetCriteria(91)) - Pipeline Placement: can't place more pipeline on heavy datanode： 4e306e3f-25ae-4809-b976-e74c1f449d85 Heaviness: 6 limit: 5
2019-09-26 13:15:19,286 [RatisPipelineUtilsThread] INFO  pipeline.PipelinePlacementPolicy (PipelinePlacementPolicy.java:meetCriteria(91)) - Pipeline Placement: can't place more pipeline on heavy datanode： c0aad3f7-4454-4d6f-ae69-988c2d0f48a4 Heaviness: 6 limit: 5
2019-09-26 13:15:19,286 [RatisPipelineUtilsThread] INFO  pipeline.PipelinePlacementPolicy (PipelinePlacementPolicy.java:meetCriteria(91)) - Pipeline Placement: can't place more pipeline on heavy datanode： 93c1ba8e-47f4-467f-954e-a2b5e39419a0 Heaviness: 6 limit: 5
2019-09-26 13:15:19,286 [RatisPipelineUtilsThread] ERROR pipeline.PipelinePlacementPolicy (PipelinePlacementPolicy.java:filterViableNodes(148)) - Unable to find enough nodes that meet the criteria that cannot engage in more than 5 pipelines. Nodes required: 1 Found: 0, healthy nodes count inNodeManager: 5.
2019-09-26 13:15:19,286 [RatisPipelineUtilsThread] ERROR pipeline.SCMPipelineManager (SCMPipelineManager.java:createPipeline(167)) - Pipeline creation failed.
org.apache.hadoop.hdds.scm.exceptions.SCMException: Unable to find enough nodes that meet the criteria that cannot engage in more than 5 pipelines. Nodes required: 1 Found: 0, healthy nodes count inNodeManager: 5.
	at org.apache.hadoop.hdds.scm.pipeline.PipelinePlacementPolicy.filterViableNodes(PipelinePlacementPolicy.java:149)
	at org.apache.hadoop.hdds.scm.pipeline.PipelinePlacementPolicy.chooseDatanodes(PipelinePlacementPolicy.java:172)
	at org.apache.hadoop.hdds.scm.pipeline.RatisPipelineProvider.create(RatisPipelineProvider.java:93)
	at org.apache.hadoop.hdds.scm.pipeline.PipelineFactory.create(PipelineFactory.java:58)
	at org.apache.hadoop.hdds.scm.pipeline.SCMPipelineManager.createPipeline(SCMPipelineManager.java:155)
	at org.apache.hadoop.hdds.scm.pipeline.BackgroundPipelineCreator.createPipelines(BackgroundPipelineCreator.java:99)
	at org.apache.hadoop.hdds.scm.pipeline.BackgroundPipelineCreator.lambda$startFixedIntervalPipelineCreator$0(BackgroundPipelineCreator.java:70)
	at java.util.concurrent.Executors$RunnableAdapter.call(Executors.java:511)
	at java.util.concurrent.FutureTask.runAndReset(FutureTask.java:308)
	at java.util.concurrent.ScheduledThreadPoolExecutor$ScheduledFutureTask.access$301(ScheduledThreadPoolExecutor.java:180)
	at java.util.concurrent.ScheduledThreadPoolExecutor$ScheduledFutureTask.run(ScheduledThreadPoolExecutor.java:294)
	at java.util.concurrent.ThreadPoolExecutor.runWorker(ThreadPoolExecutor.java:1149)
	at java.util.concurrent.ThreadPoolExecutor$Worker.run(ThreadPoolExecutor.java:624)
	at java.lang.Thread.run(Thread.java:748)
2019-09-26 13:15:19,287 [RatisPipelineUtilsThread] INFO  pipeline.PipelinePlacementPolicy (PipelinePlacementPolicy.java:meetCriteria(91)) - Pipeline Placement: can't place more pipeline on heavy datanode： b4fa65ea-f6d5-4876-b0ba-3a338b93c219 Heaviness: 6 limit: 5
2019-09-26 13:15:19,287 [RatisPipelineUtilsThread] INFO  pipeline.PipelinePlacementPolicy (PipelinePlacementPolicy.java:meetCriteria(91)) - Pipeline Placement: can't place more pipeline on heavy datanode： d09ba3db-71ae-4cc1-a070-460d4ee804eb Heaviness: 6 limit: 5
2019-09-26 13:15:19,287 [RatisPipelineUtilsThread] INFO  pipeline.PipelinePlacementPolicy (PipelinePlacementPolicy.java:meetCriteria(91)) - Pipeline Placement: can't place more pipeline on heavy datanode： 4e306e3f-25ae-4809-b976-e74c1f449d85 Heaviness: 6 limit: 5
2019-09-26 13:15:19,287 [RatisPipelineUtilsThread] INFO  pipeline.PipelinePlacementPolicy (PipelinePlacementPolicy.java:meetCriteria(91)) - Pipeline Placement: can't place more pipeline on heavy datanode： c0aad3f7-4454-4d6f-ae69-988c2d0f48a4 Heaviness: 6 limit: 5
2019-09-26 13:15:19,287 [RatisPipelineUtilsThread] INFO  pipeline.PipelinePlacementPolicy (PipelinePlacementPolicy.java:meetCriteria(91)) - Pipeline Placement: can't place more pipeline on heavy datanode： 93c1ba8e-47f4-467f-954e-a2b5e39419a0 Heaviness: 6 limit: 5
2019-09-26 13:15:19,287 [RatisPipelineUtilsThread] ERROR pipeline.PipelinePlacementPolicy (PipelinePlacementPolicy.java:filterViableNodes(148)) - Unable to find enough nodes that meet the criteria that cannot engage in more than 5 pipelines. Nodes required: 3 Found: 0, healthy nodes count inNodeManager: 5.
2019-09-26 13:15:19,287 [RatisPipelineUtilsThread] ERROR pipeline.SCMPipelineManager (SCMPipelineManager.java:createPipeline(167)) - Pipeline creation failed.
org.apache.hadoop.hdds.scm.exceptions.SCMException: Unable to find enough nodes that meet the criteria that cannot engage in more than 5 pipelines. Nodes required: 3 Found: 0, healthy nodes count inNodeManager: 5.
	at org.apache.hadoop.hdds.scm.pipeline.PipelinePlacementPolicy.filterViableNodes(PipelinePlacementPolicy.java:149)
	at org.apache.hadoop.hdds.scm.pipeline.PipelinePlacementPolicy.chooseDatanodes(PipelinePlacementPolicy.java:172)
	at org.apache.hadoop.hdds.scm.pipeline.RatisPipelineProvider.create(RatisPipelineProvider.java:93)
	at org.apache.hadoop.hdds.scm.pipeline.PipelineFactory.create(PipelineFactory.java:58)
	at org.apache.hadoop.hdds.scm.pipeline.SCMPipelineManager.createPipeline(SCMPipelineManager.java:155)
	at org.apache.hadoop.hdds.scm.pipeline.BackgroundPipelineCreator.createPipelines(BackgroundPipelineCreator.java:99)
	at org.apache.hadoop.hdds.scm.pipeline.BackgroundPipelineCreator.lambda$startFixedIntervalPipelineCreator$0(BackgroundPipelineCreator.java:70)
	at java.util.concurrent.Executors$RunnableAdapter.call(Executors.java:511)
	at java.util.concurrent.FutureTask.runAndReset(FutureTask.java:308)
	at java.util.concurrent.ScheduledThreadPoolExecutor$ScheduledFutureTask.access$301(ScheduledThreadPoolExecutor.java:180)
	at java.util.concurrent.ScheduledThreadPoolExecutor$ScheduledFutureTask.run(ScheduledThreadPoolExecutor.java:294)
	at java.util.concurrent.ThreadPoolExecutor.runWorker(ThreadPoolExecutor.java:1149)
	at java.util.concurrent.ThreadPoolExecutor$Worker.run(ThreadPoolExecutor.java:624)
	at java.lang.Thread.run(Thread.java:748)
2019-09-26 13:15:19,288 [main] INFO  ozone.MiniOzoneClusterImpl (MiniOzoneClusterImpl.java:shutdown(314)) - Shutting down the Mini Ozone Cluster
2019-09-26 13:15:19,289 [main] INFO  ozone.MiniOzoneClusterImpl (MiniOzoneClusterImpl.java:stop(330)) - Stopping the Mini Ozone Cluster
2019-09-26 13:15:19,289 [main] INFO  ozone.MiniOzoneClusterImpl (MiniOzoneClusterImpl.java:stopOM(400)) - Stopping the OzoneManager
2019-09-26 13:15:19,289 [main] INFO  ipc.Server (Server.java:stop(3082)) - Stopping server on 45259
2019-09-26 13:15:19,301 [IPC Server listener on 45259] INFO  ipc.Server (Server.java:run(1185)) - Stopping IPC Server listener on 45259
2019-09-26 13:15:19,303 [main] INFO  ratis.OzoneManagerDoubleBuffer (OzoneManagerDoubleBuffer.java:stop(248)) - Stopping OMDoubleBuffer flush thread
2019-09-26 13:15:19,305 [IPC Server Responder] INFO  ipc.Server (Server.java:run(1319)) - Stopping IPC Server Responder
2019-09-26 13:15:19,312 [OMDoubleBufferFlushThread] INFO  ratis.OzoneManagerDoubleBuffer (OzoneManagerDoubleBuffer.java:flushTransactions(191)) - OMDoubleBuffer flush thread OMDoubleBufferFlushThread is interrupted and will exit. OMDoubleBufferFlushThread
2019-09-26 13:15:19,313 [main] INFO  utils.BackgroundService (BackgroundService.java:shutdown(148)) - Shutting down service KeyDeletingService
2019-09-26 13:15:19,318 [main] INFO  handler.ContextHandler (ContextHandler.java:doStop(910)) - Stopped o.e.j.w.WebAppContext@3a022576{/,null,UNAVAILABLE}{/ozoneManager}
2019-09-26 13:15:19,323 [main] INFO  server.AbstractConnector (AbstractConnector.java:doStop(318)) - Stopped ServerConnector@2dbd803f{HTTP/1.1,[http/1.1]}{0.0.0.0:0}
2019-09-26 13:15:19,323 [main] INFO  handler.ContextHandler (ContextHandler.java:doStop(910)) - Stopped o.e.j.s.ServletContextHandler@4c27d39d{/static,file:///workdir/hadoop-ozone/integration-test/target/test-classes/webapps/static,UNAVAILABLE}
2019-09-26 13:15:19,324 [main] INFO  handler.ContextHandler (ContextHandler.java:doStop(910)) - Stopped o.e.j.s.ServletContextHandler@677b8e13{/logs,file:///workdir/hadoop-ozone/integration-test/target/log,UNAVAILABLE}
2019-09-26 13:15:19,329 [main] INFO  ozone.MiniOzoneClusterImpl (MiniOzoneClusterImpl.java:stopDatanodes(377)) - Stopping the HddsDatanodes
2019-09-26 13:15:19,600 [Thread-208] INFO  container.ReplicationManager (ReplicationManager.java:start(163)) - Starting Replication Monitor Thread.
2019-09-26 13:15:19,602 [ReplicationMonitor] INFO  container.ReplicationManager (ReplicationManager.java:run(226)) - Replication Monitor Thread took 1 milliseconds for processing 0 containers.
2019-09-26 13:15:19,662 [Datanode State Machine Thread - 0] INFO  statemachine.DatanodeStateMachine (DatanodeStateMachine.java:lambda$startDaemon$0(350)) - Ozone container server started.
2019-09-26 13:15:19,747 [Datanode State Machine Thread - 0] INFO  statemachine.DatanodeStateMachine (DatanodeStateMachine.java:lambda$startDaemon$0(350)) - Ozone container server started.
2019-09-26 13:15:22,517 [Thread-210] INFO  impl.FollowerState (FollowerState.java:run(106)) - d09ba3db-71ae-4cc1-a070-460d4ee804eb:group-0C74AE79F52D changes to CANDIDATE, lastRpcTime:5185, electionTimeout:5184ms
2019-09-26 13:15:22,520 [Thread-210] INFO  impl.RoleInfo (RoleInfo.java:shutdownFollowerState(121)) - d09ba3db-71ae-4cc1-a070-460d4ee804eb: shutdown FollowerState
2019-09-26 13:15:22,521 [Thread-210] INFO  impl.RaftServerImpl (RaftServerImpl.java:setRole(174)) - d09ba3db-71ae-4cc1-a070-460d4ee804eb@group-0C74AE79F52D: changes role from  FOLLOWER to CANDIDATE at term 0 for changeToCandidate
2019-09-26 13:15:22,530 [Thread-210] INFO  impl.RoleInfo (RoleInfo.java:updateAndGet(143)) - d09ba3db-71ae-4cc1-a070-460d4ee804eb: start LeaderElection
2019-09-26 13:15:22,555 [d09ba3db-71ae-4cc1-a070-460d4ee804eb@group-0C74AE79F52D:LeaderElection1] INFO  impl.LeaderElection (LeaderElection.java:askForVotes(182)) - d09ba3db-71ae-4cc1-a070-460d4ee804eb@group-0C74AE79F52D:LeaderElection1: begin an election at term 1 for -1: [d09ba3db-71ae-4cc1-a070-460d4ee804eb:192.168.164.238:40638], old=null
2019-09-26 13:15:22,557 [d09ba3db-71ae-4cc1-a070-460d4ee804eb@group-0C74AE79F52D:LeaderElection1] INFO  impl.RoleInfo (RoleInfo.java:shutdownLeaderElection(134)) - d09ba3db-71ae-4cc1-a070-460d4ee804eb: shutdown LeaderElection
2019-09-26 13:15:22,558 [d09ba3db-71ae-4cc1-a070-460d4ee804eb@group-0C74AE79F52D:LeaderElection1] INFO  impl.RaftServerImpl (RaftServerImpl.java:setRole(174)) - d09ba3db-71ae-4cc1-a070-460d4ee804eb@group-0C74AE79F52D: changes role from CANDIDATE to LEADER at term 1 for changeToLeader
2019-09-26 13:15:22,559 [d09ba3db-71ae-4cc1-a070-460d4ee804eb@group-0C74AE79F52D:LeaderElection1] INFO  impl.RaftServerImpl (ServerState.java:setLeader(253)) - d09ba3db-71ae-4cc1-a070-460d4ee804eb@group-0C74AE79F52D: change Leader from null to d09ba3db-71ae-4cc1-a070-460d4ee804eb at term 1 for becomeLeader, leader elected after 5335ms
2019-09-26 13:15:22,568 [d09ba3db-71ae-4cc1-a070-460d4ee804eb@group-0C74AE79F52D:LeaderElection1] INFO  server.RaftServerConfigKeys (ConfUtils.java:logGet(43)) - raft.server.staging.catchup.gap = 1000 (default)
2019-09-26 13:15:22,569 [d09ba3db-71ae-4cc1-a070-460d4ee804eb@group-0C74AE79F52D:LeaderElection1] INFO  server.RaftServerConfigKeys (ConfUtils.java:logGet(43)) - raft.server.rpc.sleep.time = 25ms (default)
2019-09-26 13:15:22,572 [d09ba3db-71ae-4cc1-a070-460d4ee804eb@group-0C74AE79F52D:LeaderElection1] INFO  server.RaftServerConfigKeys (ConfUtils.java:logGet(43)) - raft.server.write.element-limit = 4096 (default)
2019-09-26 13:15:22,576 [d09ba3db-71ae-4cc1-a070-460d4ee804eb@group-0C74AE79F52D:LeaderElection1] INFO  server.RaftServerConfigKeys (ConfUtils.java:logGet(43)) - raft.server.watch.timeout = 10s (default)
2019-09-26 13:15:22,576 [d09ba3db-71ae-4cc1-a070-460d4ee804eb@group-0C74AE79F52D:LeaderElection1] INFO  server.RaftServerConfigKeys (ConfUtils.java:logGet(43)) - raft.server.watch.timeout.denomination = 1s (default)
2019-09-26 13:15:22,577 [d09ba3db-71ae-4cc1-a070-460d4ee804eb@group-0C74AE79F52D:LeaderElection1] INFO  server.RaftServerConfigKeys (ConfUtils.java:logGet(43)) - raft.server.watch.element-limit = 65536 (default)
2019-09-26 13:15:22,591 [d09ba3db-71ae-4cc1-a070-460d4ee804eb@group-0C74AE79F52D:LeaderElection1] INFO  impl.RoleInfo (RoleInfo.java:updateAndGet(143)) - d09ba3db-71ae-4cc1-a070-460d4ee804eb: start LeaderState
2019-09-26 13:15:22,613 [d09ba3db-71ae-4cc1-a070-460d4ee804eb@group-0C74AE79F52D:LeaderElection1] INFO  segmented.SegmentedRaftLogWorker (SegmentedRaftLogWorker.java:startLogSegment(380)) - d09ba3db-71ae-4cc1-a070-460d4ee804eb@group-0C74AE79F52D-SegmentedRaftLogWorker: Starting segment from index:0
2019-09-26 13:15:22,622 [d09ba3db-71ae-4cc1-a070-460d4ee804eb@group-0C74AE79F52D:LeaderElection1] INFO  impl.RaftServerImpl (ServerState.java:setRaftConf(354)) - d09ba3db-71ae-4cc1-a070-460d4ee804eb@group-0C74AE79F52D: set configuration 0: [d09ba3db-71ae-4cc1-a070-460d4ee804eb:192.168.164.238:40638], old=null at 0
2019-09-26 13:15:22,630 [Thread-213] INFO  impl.FollowerState (FollowerState.java:run(106)) - d09ba3db-71ae-4cc1-a070-460d4ee804eb:group-8991F0DFBAA3 changes to CANDIDATE, lastRpcTime:5125, electionTimeout:5125ms
2019-09-26 13:15:22,639 [Thread-213] INFO  impl.RoleInfo (RoleInfo.java:shutdownFollowerState(121)) - d09ba3db-71ae-4cc1-a070-460d4ee804eb: shutdown FollowerState
2019-09-26 13:15:22,639 [Thread-213] INFO  impl.RaftServerImpl (RaftServerImpl.java:setRole(174)) - d09ba3db-71ae-4cc1-a070-460d4ee804eb@group-8991F0DFBAA3: changes role from  FOLLOWER to CANDIDATE at term 0 for changeToCandidate
2019-09-26 13:15:22,639 [Thread-213] INFO  impl.RoleInfo (RoleInfo.java:updateAndGet(143)) - d09ba3db-71ae-4cc1-a070-460d4ee804eb: start LeaderElection
2019-09-26 13:15:22,656 [d09ba3db-71ae-4cc1-a070-460d4ee804eb@group-8991F0DFBAA3:LeaderElection2] INFO  impl.LeaderElection (LeaderElection.java:askForVotes(182)) - d09ba3db-71ae-4cc1-a070-460d4ee804eb@group-8991F0DFBAA3:LeaderElection2: begin an election at term 1 for -1: [d09ba3db-71ae-4cc1-a070-460d4ee804eb:192.168.164.238:40638], old=null
2019-09-26 13:15:22,657 [d09ba3db-71ae-4cc1-a070-460d4ee804eb@group-8991F0DFBAA3:LeaderElection2] INFO  impl.RoleInfo (RoleInfo.java:shutdownLeaderElection(134)) - d09ba3db-71ae-4cc1-a070-460d4ee804eb: shutdown LeaderElection
2019-09-26 13:15:22,657 [d09ba3db-71ae-4cc1-a070-460d4ee804eb@group-8991F0DFBAA3:LeaderElection2] INFO  impl.RaftServerImpl (RaftServerImpl.java:setRole(174)) - d09ba3db-71ae-4cc1-a070-460d4ee804eb@group-8991F0DFBAA3: changes role from CANDIDATE to LEADER at term 1 for changeToLeader
2019-09-26 13:15:22,657 [d09ba3db-71ae-4cc1-a070-460d4ee804eb@group-8991F0DFBAA3:LeaderElection2] INFO  impl.RaftServerImpl (ServerState.java:setLeader(253)) - d09ba3db-71ae-4cc1-a070-460d4ee804eb@group-8991F0DFBAA3: change Leader from null to d09ba3db-71ae-4cc1-a070-460d4ee804eb at term 1 for becomeLeader, leader elected after 5163ms
2019-09-26 13:15:22,657 [d09ba3db-71ae-4cc1-a070-460d4ee804eb@group-8991F0DFBAA3:LeaderElection2] INFO  server.RaftServerConfigKeys (ConfUtils.java:logGet(43)) - raft.server.staging.catchup.gap = 1000 (default)
2019-09-26 13:15:22,657 [d09ba3db-71ae-4cc1-a070-460d4ee804eb@group-8991F0DFBAA3:LeaderElection2] INFO  server.RaftServerConfigKeys (ConfUtils.java:logGet(43)) - raft.server.rpc.sleep.time = 25ms (default)
2019-09-26 13:15:22,657 [d09ba3db-71ae-4cc1-a070-460d4ee804eb@group-8991F0DFBAA3:LeaderElection2] INFO  server.RaftServerConfigKeys (ConfUtils.java:logGet(43)) - raft.server.write.element-limit = 4096 (default)
2019-09-26 13:15:22,658 [d09ba3db-71ae-4cc1-a070-460d4ee804eb@group-8991F0DFBAA3:LeaderElection2] INFO  server.RaftServerConfigKeys (ConfUtils.java:logGet(43)) - raft.server.watch.timeout = 10s (default)
2019-09-26 13:15:22,658 [d09ba3db-71ae-4cc1-a070-460d4ee804eb@group-8991F0DFBAA3:LeaderElection2] INFO  server.RaftServerConfigKeys (ConfUtils.java:logGet(43)) - raft.server.watch.timeout.denomination = 1s (default)
2019-09-26 13:15:22,658 [d09ba3db-71ae-4cc1-a070-460d4ee804eb@group-8991F0DFBAA3:LeaderElection2] INFO  server.RaftServerConfigKeys (ConfUtils.java:logGet(43)) - raft.server.watch.element-limit = 65536 (default)
2019-09-26 13:15:22,662 [d09ba3db-71ae-4cc1-a070-460d4ee804eb@group-8991F0DFBAA3:LeaderElection2] INFO  impl.RoleInfo (RoleInfo.java:updateAndGet(143)) - d09ba3db-71ae-4cc1-a070-460d4ee804eb: start LeaderState
2019-09-26 13:15:22,662 [d09ba3db-71ae-4cc1-a070-460d4ee804eb@group-8991F0DFBAA3:LeaderElection2] INFO  segmented.SegmentedRaftLogWorker (SegmentedRaftLogWorker.java:startLogSegment(380)) - d09ba3db-71ae-4cc1-a070-460d4ee804eb@group-8991F0DFBAA3-SegmentedRaftLogWorker: Starting segment from index:0
2019-09-26 13:15:22,663 [d09ba3db-71ae-4cc1-a070-460d4ee804eb@group-8991F0DFBAA3:LeaderElection2] INFO  impl.RaftServerImpl (ServerState.java:setRaftConf(354)) - d09ba3db-71ae-4cc1-a070-460d4ee804eb@group-8991F0DFBAA3: set configuration 0: [d09ba3db-71ae-4cc1-a070-460d4ee804eb:192.168.164.238:40638], old=null at 0
2019-09-26 13:15:22,665 [Thread-216] INFO  impl.FollowerState (FollowerState.java:run(106)) - c0aad3f7-4454-4d6f-ae69-988c2d0f48a4:group-40C3FBC0E2C2 changes to CANDIDATE, lastRpcTime:5048, electionTimeout:5047ms
2019-09-26 13:15:22,666 [Thread-216] INFO  impl.RoleInfo (RoleInfo.java:shutdownFollowerState(121)) - c0aad3f7-4454-4d6f-ae69-988c2d0f48a4: shutdown FollowerState
2019-09-26 13:15:22,666 [Thread-216] INFO  impl.RaftServerImpl (RaftServerImpl.java:setRole(174)) - c0aad3f7-4454-4d6f-ae69-988c2d0f48a4@group-40C3FBC0E2C2: changes role from  FOLLOWER to CANDIDATE at term 0 for changeToCandidate
2019-09-26 13:15:22,667 [Thread-216] INFO  impl.RoleInfo (RoleInfo.java:updateAndGet(143)) - c0aad3f7-4454-4d6f-ae69-988c2d0f48a4: start LeaderElection
2019-09-26 13:15:22,684 [c0aad3f7-4454-4d6f-ae69-988c2d0f48a4@group-40C3FBC0E2C2:LeaderElection3] INFO  impl.LeaderElection (LeaderElection.java:askForVotes(182)) - c0aad3f7-4454-4d6f-ae69-988c2d0f48a4@group-40C3FBC0E2C2:LeaderElection3: begin an election at term 1 for -1: [c0aad3f7-4454-4d6f-ae69-988c2d0f48a4:192.168.164.238:38334], old=null
2019-09-26 13:15:22,686 [c0aad3f7-4454-4d6f-ae69-988c2d0f48a4@group-40C3FBC0E2C2:LeaderElection3] INFO  impl.RoleInfo (RoleInfo.java:shutdownLeaderElection(134)) - c0aad3f7-4454-4d6f-ae69-988c2d0f48a4: shutdown LeaderElection
2019-09-26 13:15:22,686 [c0aad3f7-4454-4d6f-ae69-988c2d0f48a4@group-40C3FBC0E2C2:LeaderElection3] INFO  impl.RaftServerImpl (RaftServerImpl.java:setRole(174)) - c0aad3f7-4454-4d6f-ae69-988c2d0f48a4@group-40C3FBC0E2C2: changes role from CANDIDATE to LEADER at term 1 for changeToLeader
2019-09-26 13:15:22,686 [c0aad3f7-4454-4d6f-ae69-988c2d0f48a4@group-40C3FBC0E2C2:LeaderElection3] INFO  impl.RaftServerImpl (ServerState.java:setLeader(253)) - c0aad3f7-4454-4d6f-ae69-988c2d0f48a4@group-40C3FBC0E2C2: change Leader from null to c0aad3f7-4454-4d6f-ae69-988c2d0f48a4 at term 1 for becomeLeader, leader elected after 5085ms
2019-09-26 13:15:22,687 [c0aad3f7-4454-4d6f-ae69-988c2d0f48a4@group-40C3FBC0E2C2:LeaderElection3] INFO  server.RaftServerConfigKeys (ConfUtils.java:logGet(43)) - raft.server.staging.catchup.gap = 1000 (default)
2019-09-26 13:15:22,687 [c0aad3f7-4454-4d6f-ae69-988c2d0f48a4@group-40C3FBC0E2C2:LeaderElection3] INFO  server.RaftServerConfigKeys (ConfUtils.java:logGet(43)) - raft.server.rpc.sleep.time = 25ms (default)
2019-09-26 13:15:22,687 [c0aad3f7-4454-4d6f-ae69-988c2d0f48a4@group-40C3FBC0E2C2:LeaderElection3] INFO  server.RaftServerConfigKeys (ConfUtils.java:logGet(43)) - raft.server.write.element-limit = 4096 (default)
2019-09-26 13:15:22,687 [c0aad3f7-4454-4d6f-ae69-988c2d0f48a4@group-40C3FBC0E2C2:LeaderElection3] INFO  server.RaftServerConfigKeys (ConfUtils.java:logGet(43)) - raft.server.watch.timeout = 10s (default)
2019-09-26 13:15:22,688 [c0aad3f7-4454-4d6f-ae69-988c2d0f48a4@group-40C3FBC0E2C2:LeaderElection3] INFO  server.RaftServerConfigKeys (ConfUtils.java:logGet(43)) - raft.server.watch.timeout.denomination = 1s (default)
2019-09-26 13:15:22,688 [c0aad3f7-4454-4d6f-ae69-988c2d0f48a4@group-40C3FBC0E2C2:LeaderElection3] INFO  server.RaftServerConfigKeys (ConfUtils.java:logGet(43)) - raft.server.watch.element-limit = 65536 (default)
2019-09-26 13:15:22,691 [c0aad3f7-4454-4d6f-ae69-988c2d0f48a4@group-40C3FBC0E2C2:LeaderElection3] INFO  impl.RoleInfo (RoleInfo.java:updateAndGet(143)) - c0aad3f7-4454-4d6f-ae69-988c2d0f48a4: start LeaderState
2019-09-26 13:15:22,691 [c0aad3f7-4454-4d6f-ae69-988c2d0f48a4@group-40C3FBC0E2C2:LeaderElection3] INFO  segmented.SegmentedRaftLogWorker (SegmentedRaftLogWorker.java:startLogSegment(380)) - c0aad3f7-4454-4d6f-ae69-988c2d0f48a4@group-40C3FBC0E2C2-SegmentedRaftLogWorker: Starting segment from index:0
2019-09-26 13:15:22,692 [c0aad3f7-4454-4d6f-ae69-988c2d0f48a4@group-40C3FBC0E2C2:LeaderElection3] INFO  impl.RaftServerImpl (ServerState.java:setRaftConf(354)) - c0aad3f7-4454-4d6f-ae69-988c2d0f48a4@group-40C3FBC0E2C2: set configuration 0: [c0aad3f7-4454-4d6f-ae69-988c2d0f48a4:192.168.164.238:38334], old=null at 0
2019-09-26 13:15:22,771 [Thread-219] INFO  impl.FollowerState (FollowerState.java:run(106)) - b4fa65ea-f6d5-4876-b0ba-3a338b93c219:group-97C7900DF39B changes to CANDIDATE, lastRpcTime:5039, electionTimeout:5039ms
2019-09-26 13:15:22,771 [Thread-219] INFO  impl.RoleInfo (RoleInfo.java:shutdownFollowerState(121)) - b4fa65ea-f6d5-4876-b0ba-3a338b93c219: shutdown FollowerState
2019-09-26 13:15:22,771 [Thread-219] INFO  impl.RaftServerImpl (RaftServerImpl.java:setRole(174)) - b4fa65ea-f6d5-4876-b0ba-3a338b93c219@group-97C7900DF39B: changes role from  FOLLOWER to CANDIDATE at term 0 for changeToCandidate
2019-09-26 13:15:22,771 [Thread-219] INFO  impl.RoleInfo (RoleInfo.java:updateAndGet(143)) - b4fa65ea-f6d5-4876-b0ba-3a338b93c219: start LeaderElection
2019-09-26 13:15:22,788 [b4fa65ea-f6d5-4876-b0ba-3a338b93c219@group-97C7900DF39B:LeaderElection4] INFO  impl.LeaderElection (LeaderElection.java:askForVotes(182)) - b4fa65ea-f6d5-4876-b0ba-3a338b93c219@group-97C7900DF39B:LeaderElection4: begin an election at term 1 for -1: [b4fa65ea-f6d5-4876-b0ba-3a338b93c219:192.168.164.238:37845], old=null
2019-09-26 13:15:22,789 [b4fa65ea-f6d5-4876-b0ba-3a338b93c219@group-97C7900DF39B:LeaderElection4] INFO  impl.RoleInfo (RoleInfo.java:shutdownLeaderElection(134)) - b4fa65ea-f6d5-4876-b0ba-3a338b93c219: shutdown LeaderElection
2019-09-26 13:15:22,789 [b4fa65ea-f6d5-4876-b0ba-3a338b93c219@group-97C7900DF39B:LeaderElection4] INFO  impl.RaftServerImpl (RaftServerImpl.java:setRole(174)) - b4fa65ea-f6d5-4876-b0ba-3a338b93c219@group-97C7900DF39B: changes role from CANDIDATE to LEADER at term 1 for changeToLeader
2019-09-26 13:15:22,789 [b4fa65ea-f6d5-4876-b0ba-3a338b93c219@group-97C7900DF39B:LeaderElection4] INFO  impl.RaftServerImpl (ServerState.java:setLeader(253)) - b4fa65ea-f6d5-4876-b0ba-3a338b93c219@group-97C7900DF39B: change Leader from null to b4fa65ea-f6d5-4876-b0ba-3a338b93c219 at term 1 for becomeLeader, leader elected after 5093ms
2019-09-26 13:15:22,790 [b4fa65ea-f6d5-4876-b0ba-3a338b93c219@group-97C7900DF39B:LeaderElection4] INFO  server.RaftServerConfigKeys (ConfUtils.java:logGet(43)) - raft.server.staging.catchup.gap = 1000 (default)
2019-09-26 13:15:22,791 [b4fa65ea-f6d5-4876-b0ba-3a338b93c219@group-97C7900DF39B:LeaderElection4] INFO  server.RaftServerConfigKeys (ConfUtils.java:logGet(43)) - raft.server.rpc.sleep.time = 25ms (default)
2019-09-26 13:15:22,791 [b4fa65ea-f6d5-4876-b0ba-3a338b93c219@group-97C7900DF39B:LeaderElection4] INFO  server.RaftServerConfigKeys (ConfUtils.java:logGet(43)) - raft.server.write.element-limit = 4096 (default)
2019-09-26 13:15:22,791 [b4fa65ea-f6d5-4876-b0ba-3a338b93c219@group-97C7900DF39B:LeaderElection4] INFO  server.RaftServerConfigKeys (ConfUtils.java:logGet(43)) - raft.server.watch.timeout = 10s (default)
2019-09-26 13:15:22,791 [b4fa65ea-f6d5-4876-b0ba-3a338b93c219@group-97C7900DF39B:LeaderElection4] INFO  server.RaftServerConfigKeys (ConfUtils.java:logGet(43)) - raft.server.watch.timeout.denomination = 1s (default)
2019-09-26 13:15:22,791 [b4fa65ea-f6d5-4876-b0ba-3a338b93c219@group-97C7900DF39B:LeaderElection4] INFO  server.RaftServerConfigKeys (ConfUtils.java:logGet(43)) - raft.server.watch.element-limit = 65536 (default)
2019-09-26 13:15:22,794 [b4fa65ea-f6d5-4876-b0ba-3a338b93c219@group-97C7900DF39B:LeaderElection4] INFO  impl.RoleInfo (RoleInfo.java:updateAndGet(143)) - b4fa65ea-f6d5-4876-b0ba-3a338b93c219: start LeaderState
2019-09-26 13:15:22,794 [b4fa65ea-f6d5-4876-b0ba-3a338b93c219@group-97C7900DF39B:LeaderElection4] INFO  segmented.SegmentedRaftLogWorker (SegmentedRaftLogWorker.java:startLogSegment(380)) - b4fa65ea-f6d5-4876-b0ba-3a338b93c219@group-97C7900DF39B-SegmentedRaftLogWorker: Starting segment from index:0
2019-09-26 13:15:22,795 [b4fa65ea-f6d5-4876-b0ba-3a338b93c219@group-97C7900DF39B:LeaderElection4] INFO  impl.RaftServerImpl (ServerState.java:setRaftConf(354)) - b4fa65ea-f6d5-4876-b0ba-3a338b93c219@group-97C7900DF39B: set configuration 0: [b4fa65ea-f6d5-4876-b0ba-3a338b93c219:192.168.164.238:37845], old=null at 0
2019-09-26 13:15:22,887 [d09ba3db-71ae-4cc1-a070-460d4ee804eb@group-8991F0DFBAA3-SegmentedRaftLogWorker] INFO  segmented.SegmentedRaftLogWorker (SegmentedRaftLogWorker.java:execute(569)) - d09ba3db-71ae-4cc1-a070-460d4ee804eb@group-8991F0DFBAA3-SegmentedRaftLogWorker: created new log segment /workdir/hadoop-ozone/integration-test/target/test-dir/MiniOzoneClusterImpl-a863f920-e703-48bd-ac3b-b0b5d168c43d/datanode-0/data/ratis/aa6d70ee-3cc3-4e26-a29b-8991f0dfbaa3/current/log_inprogress_0
2019-09-26 13:15:22,887 [c0aad3f7-4454-4d6f-ae69-988c2d0f48a4@group-40C3FBC0E2C2-SegmentedRaftLogWorker] INFO  segmented.SegmentedRaftLogWorker (SegmentedRaftLogWorker.java:execute(569)) - c0aad3f7-4454-4d6f-ae69-988c2d0f48a4@group-40C3FBC0E2C2-SegmentedRaftLogWorker: created new log segment /workdir/hadoop-ozone/integration-test/target/test-dir/MiniOzoneClusterImpl-a863f920-e703-48bd-ac3b-b0b5d168c43d/datanode-3/data/ratis/689e9510-f12e-458c-96f4-40c3fbc0e2c2/current/log_inprogress_0
2019-09-26 13:15:22,887 [d09ba3db-71ae-4cc1-a070-460d4ee804eb@group-0C74AE79F52D-SegmentedRaftLogWorker] INFO  segmented.SegmentedRaftLogWorker (SegmentedRaftLogWorker.java:execute(569)) - d09ba3db-71ae-4cc1-a070-460d4ee804eb@group-0C74AE79F52D-SegmentedRaftLogWorker: created new log segment /workdir/hadoop-ozone/integration-test/target/test-dir/MiniOzoneClusterImpl-a863f920-e703-48bd-ac3b-b0b5d168c43d/datanode-0/data/ratis/f2c0766b-d801-4a7d-972c-0c74ae79f52d/current/log_inprogress_0
2019-09-26 13:15:22,887 [b4fa65ea-f6d5-4876-b0ba-3a338b93c219@group-97C7900DF39B-SegmentedRaftLogWorker] INFO  segmented.SegmentedRaftLogWorker (SegmentedRaftLogWorker.java:execute(569)) - b4fa65ea-f6d5-4876-b0ba-3a338b93c219@group-97C7900DF39B-SegmentedRaftLogWorker: created new log segment /workdir/hadoop-ozone/integration-test/target/test-dir/MiniOzoneClusterImpl-a863f920-e703-48bd-ac3b-b0b5d168c43d/datanode-2/data/ratis/3da44512-2528-4a64-b42b-97c7900df39b/current/log_inprogress_0
2019-09-26 13:15:22,945 [Thread-228] INFO  impl.FollowerState (FollowerState.java:run(106)) - b4fa65ea-f6d5-4876-b0ba-3a338b93c219:group-BE2F2009F18F changes to CANDIDATE, lastRpcTime:5004, electionTimeout:5004ms
2019-09-26 13:15:22,946 [Thread-228] INFO  impl.RoleInfo (RoleInfo.java:shutdownFollowerState(121)) - b4fa65ea-f6d5-4876-b0ba-3a338b93c219: shutdown FollowerState
2019-09-26 13:15:22,946 [Thread-228] INFO  impl.RaftServerImpl (RaftServerImpl.java:setRole(174)) - b4fa65ea-f6d5-4876-b0ba-3a338b93c219@group-BE2F2009F18F: changes role from  FOLLOWER to CANDIDATE at term 0 for changeToCandidate
2019-09-26 13:15:22,946 [Thread-228] INFO  impl.RoleInfo (RoleInfo.java:updateAndGet(143)) - b4fa65ea-f6d5-4876-b0ba-3a338b93c219: start LeaderElection
2019-09-26 13:15:22,963 [b4fa65ea-f6d5-4876-b0ba-3a338b93c219@group-BE2F2009F18F:LeaderElection5] INFO  impl.LeaderElection (LeaderElection.java:askForVotes(182)) - b4fa65ea-f6d5-4876-b0ba-3a338b93c219@group-BE2F2009F18F:LeaderElection5: begin an election at term 1 for -1: [b4fa65ea-f6d5-4876-b0ba-3a338b93c219:192.168.164.238:37845], old=null
2019-09-26 13:15:22,963 [b4fa65ea-f6d5-4876-b0ba-3a338b93c219@group-BE2F2009F18F:LeaderElection5] INFO  impl.RoleInfo (RoleInfo.java:shutdownLeaderElection(134)) - b4fa65ea-f6d5-4876-b0ba-3a338b93c219: shutdown LeaderElection
2019-09-26 13:15:22,963 [b4fa65ea-f6d5-4876-b0ba-3a338b93c219@group-BE2F2009F18F:LeaderElection5] INFO  impl.RaftServerImpl (RaftServerImpl.java:setRole(174)) - b4fa65ea-f6d5-4876-b0ba-3a338b93c219@group-BE2F2009F18F: changes role from CANDIDATE to LEADER at term 1 for changeToLeader
2019-09-26 13:15:22,964 [b4fa65ea-f6d5-4876-b0ba-3a338b93c219@group-BE2F2009F18F:LeaderElection5] INFO  impl.RaftServerImpl (ServerState.java:setLeader(253)) - b4fa65ea-f6d5-4876-b0ba-3a338b93c219@group-BE2F2009F18F: change Leader from null to b4fa65ea-f6d5-4876-b0ba-3a338b93c219 at term 1 for becomeLeader, leader elected after 5028ms
2019-09-26 13:15:22,964 [b4fa65ea-f6d5-4876-b0ba-3a338b93c219@group-BE2F2009F18F:LeaderElection5] INFO  server.RaftServerConfigKeys (ConfUtils.java:logGet(43)) - raft.server.staging.catchup.gap = 1000 (default)
2019-09-26 13:15:22,964 [b4fa65ea-f6d5-4876-b0ba-3a338b93c219@group-BE2F2009F18F:LeaderElection5] INFO  server.RaftServerConfigKeys (ConfUtils.java:logGet(43)) - raft.server.rpc.sleep.time = 25ms (default)
2019-09-26 13:15:22,964 [b4fa65ea-f6d5-4876-b0ba-3a338b93c219@group-BE2F2009F18F:LeaderElection5] INFO  server.RaftServerConfigKeys (ConfUtils.java:logGet(43)) - raft.server.write.element-limit = 4096 (default)
2019-09-26 13:15:22,964 [b4fa65ea-f6d5-4876-b0ba-3a338b93c219@group-BE2F2009F18F:LeaderElection5] INFO  server.RaftServerConfigKeys (ConfUtils.java:logGet(43)) - raft.server.watch.timeout = 10s (default)
2019-09-26 13:15:22,964 [b4fa65ea-f6d5-4876-b0ba-3a338b93c219@group-BE2F2009F18F:LeaderElection5] INFO  server.RaftServerConfigKeys (ConfUtils.java:logGet(43)) - raft.server.watch.timeout.denomination = 1s (default)
2019-09-26 13:15:22,964 [b4fa65ea-f6d5-4876-b0ba-3a338b93c219@group-BE2F2009F18F:LeaderElection5] INFO  server.RaftServerConfigKeys (ConfUtils.java:logGet(43)) - raft.server.watch.element-limit = 65536 (default)
2019-09-26 13:15:22,967 [b4fa65ea-f6d5-4876-b0ba-3a338b93c219@group-BE2F2009F18F:LeaderElection5] INFO  impl.RoleInfo (RoleInfo.java:updateAndGet(143)) - b4fa65ea-f6d5-4876-b0ba-3a338b93c219: start LeaderState
2019-09-26 13:15:22,967 [b4fa65ea-f6d5-4876-b0ba-3a338b93c219@group-BE2F2009F18F:LeaderElection5] INFO  segmented.SegmentedRaftLogWorker (SegmentedRaftLogWorker.java:startLogSegment(380)) - b4fa65ea-f6d5-4876-b0ba-3a338b93c219@group-BE2F2009F18F-SegmentedRaftLogWorker: Starting segment from index:0
2019-09-26 13:15:22,968 [b4fa65ea-f6d5-4876-b0ba-3a338b93c219@group-BE2F2009F18F:LeaderElection5] INFO  impl.RaftServerImpl (ServerState.java:setRaftConf(354)) - b4fa65ea-f6d5-4876-b0ba-3a338b93c219@group-BE2F2009F18F: set configuration 0: [b4fa65ea-f6d5-4876-b0ba-3a338b93c219:192.168.164.238:37845], old=null at 0
2019-09-26 13:15:22,996 [Thread-222] INFO  impl.FollowerState (FollowerState.java:run(106)) - 93c1ba8e-47f4-467f-954e-a2b5e39419a0:group-5A8338344D8E changes to CANDIDATE, lastRpcTime:5190, electionTimeout:5179ms
2019-09-26 13:15:22,997 [Thread-222] INFO  impl.RoleInfo (RoleInfo.java:shutdownFollowerState(121)) - 93c1ba8e-47f4-467f-954e-a2b5e39419a0: shutdown FollowerState
2019-09-26 13:15:22,997 [Thread-222] INFO  impl.RaftServerImpl (RaftServerImpl.java:setRole(174)) - 93c1ba8e-47f4-467f-954e-a2b5e39419a0@group-5A8338344D8E: changes role from  FOLLOWER to CANDIDATE at term 0 for changeToCandidate
2019-09-26 13:15:22,997 [Thread-222] INFO  impl.RoleInfo (RoleInfo.java:updateAndGet(143)) - 93c1ba8e-47f4-467f-954e-a2b5e39419a0: start LeaderElection
2019-09-26 13:15:23,010 [b4fa65ea-f6d5-4876-b0ba-3a338b93c219@group-BE2F2009F18F-SegmentedRaftLogWorker] INFO  segmented.SegmentedRaftLogWorker (SegmentedRaftLogWorker.java:execute(569)) - b4fa65ea-f6d5-4876-b0ba-3a338b93c219@group-BE2F2009F18F-SegmentedRaftLogWorker: created new log segment /workdir/hadoop-ozone/integration-test/target/test-dir/MiniOzoneClusterImpl-a863f920-e703-48bd-ac3b-b0b5d168c43d/datanode-2/data/ratis/d62b0338-713d-4a6f-ad18-be2f2009f18f/current/log_inprogress_0
2019-09-26 13:15:23,010 [93c1ba8e-47f4-467f-954e-a2b5e39419a0@group-5A8338344D8E:LeaderElection6] INFO  impl.LeaderElection (LeaderElection.java:askForVotes(182)) - 93c1ba8e-47f4-467f-954e-a2b5e39419a0@group-5A8338344D8E:LeaderElection6: begin an election at term 1 for -1: [93c1ba8e-47f4-467f-954e-a2b5e39419a0:192.168.164.238:42902], old=null
2019-09-26 13:15:23,010 [93c1ba8e-47f4-467f-954e-a2b5e39419a0@group-5A8338344D8E:LeaderElection6] INFO  impl.RoleInfo (RoleInfo.java:shutdownLeaderElection(134)) - 93c1ba8e-47f4-467f-954e-a2b5e39419a0: shutdown LeaderElection
2019-09-26 13:15:23,010 [93c1ba8e-47f4-467f-954e-a2b5e39419a0@group-5A8338344D8E:LeaderElection6] INFO  impl.RaftServerImpl (RaftServerImpl.java:setRole(174)) - 93c1ba8e-47f4-467f-954e-a2b5e39419a0@group-5A8338344D8E: changes role from CANDIDATE to LEADER at term 1 for changeToLeader
2019-09-26 13:15:23,010 [93c1ba8e-47f4-467f-954e-a2b5e39419a0@group-5A8338344D8E:LeaderElection6] INFO  impl.RaftServerImpl (ServerState.java:setLeader(253)) - 93c1ba8e-47f4-467f-954e-a2b5e39419a0@group-5A8338344D8E: change Leader from null to 93c1ba8e-47f4-467f-954e-a2b5e39419a0 at term 1 for becomeLeader, leader elected after 5218ms
2019-09-26 13:15:23,012 [93c1ba8e-47f4-467f-954e-a2b5e39419a0@group-5A8338344D8E:LeaderElection6] INFO  server.RaftServerConfigKeys (ConfUtils.java:logGet(43)) - raft.server.staging.catchup.gap = 1000 (default)
2019-09-26 13:15:23,013 [93c1ba8e-47f4-467f-954e-a2b5e39419a0@group-5A8338344D8E:LeaderElection6] INFO  server.RaftServerConfigKeys (ConfUtils.java:logGet(43)) - raft.server.rpc.sleep.time = 25ms (default)
2019-09-26 13:15:23,013 [93c1ba8e-47f4-467f-954e-a2b5e39419a0@group-5A8338344D8E:LeaderElection6] INFO  server.RaftServerConfigKeys (ConfUtils.java:logGet(43)) - raft.server.write.element-limit = 4096 (default)
2019-09-26 13:15:23,013 [93c1ba8e-47f4-467f-954e-a2b5e39419a0@group-5A8338344D8E:LeaderElection6] INFO  server.RaftServerConfigKeys (ConfUtils.java:logGet(43)) - raft.server.watch.timeout = 10s (default)
2019-09-26 13:15:23,013 [93c1ba8e-47f4-467f-954e-a2b5e39419a0@group-5A8338344D8E:LeaderElection6] INFO  server.RaftServerConfigKeys (ConfUtils.java:logGet(43)) - raft.server.watch.timeout.denomination = 1s (default)
2019-09-26 13:15:23,013 [93c1ba8e-47f4-467f-954e-a2b5e39419a0@group-5A8338344D8E:LeaderElection6] INFO  server.RaftServerConfigKeys (ConfUtils.java:logGet(43)) - raft.server.watch.element-limit = 65536 (default)
2019-09-26 13:15:23,017 [93c1ba8e-47f4-467f-954e-a2b5e39419a0@group-5A8338344D8E:LeaderElection6] INFO  impl.RoleInfo (RoleInfo.java:updateAndGet(143)) - 93c1ba8e-47f4-467f-954e-a2b5e39419a0: start LeaderState
2019-09-26 13:15:23,017 [93c1ba8e-47f4-467f-954e-a2b5e39419a0@group-5A8338344D8E:LeaderElection6] INFO  segmented.SegmentedRaftLogWorker (SegmentedRaftLogWorker.java:startLogSegment(380)) - 93c1ba8e-47f4-467f-954e-a2b5e39419a0@group-5A8338344D8E-SegmentedRaftLogWorker: Starting segment from index:0
2019-09-26 13:15:23,018 [93c1ba8e-47f4-467f-954e-a2b5e39419a0@group-5A8338344D8E:LeaderElection6] INFO  impl.RaftServerImpl (ServerState.java:setRaftConf(354)) - 93c1ba8e-47f4-467f-954e-a2b5e39419a0@group-5A8338344D8E: set configuration 0: [93c1ba8e-47f4-467f-954e-a2b5e39419a0:192.168.164.238:42902], old=null at 0
2019-09-26 13:15:23,059 [Thread-225] INFO  impl.FollowerState (FollowerState.java:run(106)) - d09ba3db-71ae-4cc1-a070-460d4ee804eb:group-6E8D35AEE757 changes to CANDIDATE, lastRpcTime:5181, electionTimeout:5158ms
2019-09-26 13:15:23,060 [Thread-225] INFO  impl.RoleInfo (RoleInfo.java:shutdownFollowerState(121)) - d09ba3db-71ae-4cc1-a070-460d4ee804eb: shutdown FollowerState
2019-09-26 13:15:23,060 [Thread-225] INFO  impl.RaftServerImpl (RaftServerImpl.java:setRole(174)) - d09ba3db-71ae-4cc1-a070-460d4ee804eb@group-6E8D35AEE757: changes role from  FOLLOWER to CANDIDATE at term 0 for changeToCandidate
2019-09-26 13:15:23,060 [Thread-225] INFO  impl.RoleInfo (RoleInfo.java:updateAndGet(143)) - d09ba3db-71ae-4cc1-a070-460d4ee804eb: start LeaderElection
2019-09-26 13:15:23,072 [93c1ba8e-47f4-467f-954e-a2b5e39419a0@group-5A8338344D8E-SegmentedRaftLogWorker] INFO  segmented.SegmentedRaftLogWorker (SegmentedRaftLogWorker.java:execute(569)) - 93c1ba8e-47f4-467f-954e-a2b5e39419a0@group-5A8338344D8E-SegmentedRaftLogWorker: created new log segment /workdir/hadoop-ozone/integration-test/target/test-dir/MiniOzoneClusterImpl-a863f920-e703-48bd-ac3b-b0b5d168c43d/datanode-4/data/ratis/88a97082-cf75-44a9-a626-5a8338344d8e/current/log_inprogress_0
2019-09-26 13:15:23,072 [d09ba3db-71ae-4cc1-a070-460d4ee804eb@group-6E8D35AEE757:LeaderElection7] INFO  impl.LeaderElection (LeaderElection.java:askForVotes(182)) - d09ba3db-71ae-4cc1-a070-460d4ee804eb@group-6E8D35AEE757:LeaderElection7: begin an election at term 1 for -1: [d09ba3db-71ae-4cc1-a070-460d4ee804eb:192.168.164.238:40638], old=null
2019-09-26 13:15:23,073 [d09ba3db-71ae-4cc1-a070-460d4ee804eb@group-6E8D35AEE757:LeaderElection7] INFO  impl.RoleInfo (RoleInfo.java:shutdownLeaderElection(134)) - d09ba3db-71ae-4cc1-a070-460d4ee804eb: shutdown LeaderElection
2019-09-26 13:15:23,073 [d09ba3db-71ae-4cc1-a070-460d4ee804eb@group-6E8D35AEE757:LeaderElection7] INFO  impl.RaftServerImpl (RaftServerImpl.java:setRole(174)) - d09ba3db-71ae-4cc1-a070-460d4ee804eb@group-6E8D35AEE757: changes role from CANDIDATE to LEADER at term 1 for changeToLeader
2019-09-26 13:15:23,073 [d09ba3db-71ae-4cc1-a070-460d4ee804eb@group-6E8D35AEE757:LeaderElection7] INFO  impl.RaftServerImpl (ServerState.java:setLeader(253)) - d09ba3db-71ae-4cc1-a070-460d4ee804eb@group-6E8D35AEE757: change Leader from null to d09ba3db-71ae-4cc1-a070-460d4ee804eb at term 1 for becomeLeader, leader elected after 5202ms
2019-09-26 13:15:23,073 [d09ba3db-71ae-4cc1-a070-460d4ee804eb@group-6E8D35AEE757:LeaderElection7] INFO  server.RaftServerConfigKeys (ConfUtils.java:logGet(43)) - raft.server.staging.catchup.gap = 1000 (default)
2019-09-26 13:15:23,074 [d09ba3db-71ae-4cc1-a070-460d4ee804eb@group-6E8D35AEE757:LeaderElection7] INFO  server.RaftServerConfigKeys (ConfUtils.java:logGet(43)) - raft.server.rpc.sleep.time = 25ms (default)
2019-09-26 13:15:23,074 [d09ba3db-71ae-4cc1-a070-460d4ee804eb@group-6E8D35AEE757:LeaderElection7] INFO  server.RaftServerConfigKeys (ConfUtils.java:logGet(43)) - raft.server.write.element-limit = 4096 (default)
2019-09-26 13:15:23,074 [d09ba3db-71ae-4cc1-a070-460d4ee804eb@group-6E8D35AEE757:LeaderElection7] INFO  server.RaftServerConfigKeys (ConfUtils.java:logGet(43)) - raft.server.watch.timeout = 10s (default)
2019-09-26 13:15:23,074 [d09ba3db-71ae-4cc1-a070-460d4ee804eb@group-6E8D35AEE757:LeaderElection7] INFO  server.RaftServerConfigKeys (ConfUtils.java:logGet(43)) - raft.server.watch.timeout.denomination = 1s (default)
2019-09-26 13:15:23,074 [d09ba3db-71ae-4cc1-a070-460d4ee804eb@group-6E8D35AEE757:LeaderElection7] INFO  server.RaftServerConfigKeys (ConfUtils.java:logGet(43)) - raft.server.watch.element-limit = 65536 (default)
2019-09-26 13:15:23,078 [d09ba3db-71ae-4cc1-a070-460d4ee804eb@group-6E8D35AEE757:LeaderElection7] INFO  impl.RoleInfo (RoleInfo.java:updateAndGet(143)) - d09ba3db-71ae-4cc1-a070-460d4ee804eb: start LeaderState
2019-09-26 13:15:23,079 [d09ba3db-71ae-4cc1-a070-460d4ee804eb@group-6E8D35AEE757:LeaderElection7] INFO  segmented.SegmentedRaftLogWorker (SegmentedRaftLogWorker.java:startLogSegment(380)) - d09ba3db-71ae-4cc1-a070-460d4ee804eb@group-6E8D35AEE757-SegmentedRaftLogWorker: Starting segment from index:0
2019-09-26 13:15:23,079 [d09ba3db-71ae-4cc1-a070-460d4ee804eb@group-6E8D35AEE757:LeaderElection7] INFO  impl.RaftServerImpl (ServerState.java:setRaftConf(354)) - d09ba3db-71ae-4cc1-a070-460d4ee804eb@group-6E8D35AEE757: set configuration 0: [d09ba3db-71ae-4cc1-a070-460d4ee804eb:192.168.164.238:40638], old=null at 0
2019-09-26 13:15:23,135 [Thread-234] INFO  impl.FollowerState (FollowerState.java:run(106)) - d09ba3db-71ae-4cc1-a070-460d4ee804eb:group-0320AC82605E changes to CANDIDATE, lastRpcTime:5064, electionTimeout:5064ms
2019-09-26 13:15:23,135 [d09ba3db-71ae-4cc1-a070-460d4ee804eb@group-6E8D35AEE757-SegmentedRaftLogWorker] INFO  segmented.SegmentedRaftLogWorker (SegmentedRaftLogWorker.java:execute(569)) - d09ba3db-71ae-4cc1-a070-460d4ee804eb@group-6E8D35AEE757-SegmentedRaftLogWorker: created new log segment /workdir/hadoop-ozone/integration-test/target/test-dir/MiniOzoneClusterImpl-a863f920-e703-48bd-ac3b-b0b5d168c43d/datanode-0/data/ratis/7aabcfaf-1813-46ee-9b0c-6e8d35aee757/current/log_inprogress_0
2019-09-26 13:15:23,135 [Thread-234] INFO  impl.RoleInfo (RoleInfo.java:shutdownFollowerState(121)) - d09ba3db-71ae-4cc1-a070-460d4ee804eb: shutdown FollowerState
2019-09-26 13:15:23,135 [Thread-234] INFO  impl.RaftServerImpl (RaftServerImpl.java:setRole(174)) - d09ba3db-71ae-4cc1-a070-460d4ee804eb@group-0320AC82605E: changes role from  FOLLOWER to CANDIDATE at term 0 for changeToCandidate
2019-09-26 13:15:23,136 [Thread-234] INFO  impl.RoleInfo (RoleInfo.java:updateAndGet(143)) - d09ba3db-71ae-4cc1-a070-460d4ee804eb: start LeaderElection
2019-09-26 13:15:23,149 [d09ba3db-71ae-4cc1-a070-460d4ee804eb@group-0320AC82605E:LeaderElection8] INFO  impl.LeaderElection (LeaderElection.java:askForVotes(182)) - d09ba3db-71ae-4cc1-a070-460d4ee804eb@group-0320AC82605E:LeaderElection8: begin an election at term 1 for -1: [d09ba3db-71ae-4cc1-a070-460d4ee804eb:192.168.164.238:40638], old=null
2019-09-26 13:15:23,149 [d09ba3db-71ae-4cc1-a070-460d4ee804eb@group-0320AC82605E:LeaderElection8] INFO  impl.RoleInfo (RoleInfo.java:shutdownLeaderElection(134)) - d09ba3db-71ae-4cc1-a070-460d4ee804eb: shutdown LeaderElection
2019-09-26 13:15:23,149 [d09ba3db-71ae-4cc1-a070-460d4ee804eb@group-0320AC82605E:LeaderElection8] INFO  impl.RaftServerImpl (RaftServerImpl.java:setRole(174)) - d09ba3db-71ae-4cc1-a070-460d4ee804eb@group-0320AC82605E: changes role from CANDIDATE to LEADER at term 1 for changeToLeader
2019-09-26 13:15:23,149 [d09ba3db-71ae-4cc1-a070-460d4ee804eb@group-0320AC82605E:LeaderElection8] INFO  impl.RaftServerImpl (ServerState.java:setLeader(253)) - d09ba3db-71ae-4cc1-a070-460d4ee804eb@group-0320AC82605E: change Leader from null to d09ba3db-71ae-4cc1-a070-460d4ee804eb at term 1 for becomeLeader, leader elected after 5087ms
2019-09-26 13:15:23,149 [d09ba3db-71ae-4cc1-a070-460d4ee804eb@group-0320AC82605E:LeaderElection8] INFO  server.RaftServerConfigKeys (ConfUtils.java:logGet(43)) - raft.server.staging.catchup.gap = 1000 (default)
2019-09-26 13:15:23,150 [d09ba3db-71ae-4cc1-a070-460d4ee804eb@group-0320AC82605E:LeaderElection8] INFO  server.RaftServerConfigKeys (ConfUtils.java:logGet(43)) - raft.server.rpc.sleep.time = 25ms (default)
2019-09-26 13:15:23,150 [d09ba3db-71ae-4cc1-a070-460d4ee804eb@group-0320AC82605E:LeaderElection8] INFO  server.RaftServerConfigKeys (ConfUtils.java:logGet(43)) - raft.server.write.element-limit = 4096 (default)
2019-09-26 13:15:23,150 [d09ba3db-71ae-4cc1-a070-460d4ee804eb@group-0320AC82605E:LeaderElection8] INFO  server.RaftServerConfigKeys (ConfUtils.java:logGet(43)) - raft.server.watch.timeout = 10s (default)
2019-09-26 13:15:23,150 [d09ba3db-71ae-4cc1-a070-460d4ee804eb@group-0320AC82605E:LeaderElection8] INFO  server.RaftServerConfigKeys (ConfUtils.java:logGet(43)) - raft.server.watch.timeout.denomination = 1s (default)
2019-09-26 13:15:23,150 [d09ba3db-71ae-4cc1-a070-460d4ee804eb@group-0320AC82605E:LeaderElection8] INFO  server.RaftServerConfigKeys (ConfUtils.java:logGet(43)) - raft.server.watch.element-limit = 65536 (default)
2019-09-26 13:15:23,153 [Thread-231] INFO  impl.FollowerState (FollowerState.java:run(106)) - d09ba3db-71ae-4cc1-a070-460d4ee804eb:group-6A4CFF1ACEFA changes to CANDIDATE, lastRpcTime:5144, electionTimeout:5144ms
2019-09-26 13:15:23,154 [Thread-231] INFO  impl.RoleInfo (RoleInfo.java:shutdownFollowerState(121)) - d09ba3db-71ae-4cc1-a070-460d4ee804eb: shutdown FollowerState
2019-09-26 13:15:23,154 [Thread-231] INFO  impl.RaftServerImpl (RaftServerImpl.java:setRole(174)) - d09ba3db-71ae-4cc1-a070-460d4ee804eb@group-6A4CFF1ACEFA: changes role from  FOLLOWER to CANDIDATE at term 0 for changeToCandidate
2019-09-26 13:15:23,154 [d09ba3db-71ae-4cc1-a070-460d4ee804eb@group-0320AC82605E:LeaderElection8] INFO  impl.RoleInfo (RoleInfo.java:updateAndGet(143)) - d09ba3db-71ae-4cc1-a070-460d4ee804eb: start LeaderState
2019-09-26 13:15:23,154 [Thread-231] INFO  impl.RoleInfo (RoleInfo.java:updateAndGet(143)) - d09ba3db-71ae-4cc1-a070-460d4ee804eb: start LeaderElection
2019-09-26 13:15:23,154 [d09ba3db-71ae-4cc1-a070-460d4ee804eb@group-0320AC82605E:LeaderElection8] INFO  segmented.SegmentedRaftLogWorker (SegmentedRaftLogWorker.java:startLogSegment(380)) - d09ba3db-71ae-4cc1-a070-460d4ee804eb@group-0320AC82605E-SegmentedRaftLogWorker: Starting segment from index:0
2019-09-26 13:15:23,157 [d09ba3db-71ae-4cc1-a070-460d4ee804eb@group-0320AC82605E:LeaderElection8] INFO  impl.RaftServerImpl (ServerState.java:setRaftConf(354)) - d09ba3db-71ae-4cc1-a070-460d4ee804eb@group-0320AC82605E: set configuration 0: [d09ba3db-71ae-4cc1-a070-460d4ee804eb:192.168.164.238:40638], old=null at 0
2019-09-26 13:15:23,198 [Thread-237] INFO  impl.FollowerState (FollowerState.java:run(106)) - d09ba3db-71ae-4cc1-a070-460d4ee804eb:group-6E7FE6DC70B6 changes to CANDIDATE, lastRpcTime:5064, electionTimeout:5043ms
2019-09-26 13:15:23,199 [Thread-237] INFO  impl.RoleInfo (RoleInfo.java:shutdownFollowerState(121)) - d09ba3db-71ae-4cc1-a070-460d4ee804eb: shutdown FollowerState
2019-09-26 13:15:23,199 [Thread-237] INFO  impl.RaftServerImpl (RaftServerImpl.java:setRole(174)) - d09ba3db-71ae-4cc1-a070-460d4ee804eb@group-6E7FE6DC70B6: changes role from  FOLLOWER to CANDIDATE at term 0 for changeToCandidate
2019-09-26 13:15:23,199 [Thread-237] INFO  impl.RoleInfo (RoleInfo.java:updateAndGet(143)) - d09ba3db-71ae-4cc1-a070-460d4ee804eb: start LeaderElection
2019-09-26 13:15:23,212 [d09ba3db-71ae-4cc1-a070-460d4ee804eb@group-0320AC82605E-SegmentedRaftLogWorker] INFO  segmented.SegmentedRaftLogWorker (SegmentedRaftLogWorker.java:execute(569)) - d09ba3db-71ae-4cc1-a070-460d4ee804eb@group-0320AC82605E-SegmentedRaftLogWorker: created new log segment /workdir/hadoop-ozone/integration-test/target/test-dir/MiniOzoneClusterImpl-a863f920-e703-48bd-ac3b-b0b5d168c43d/datanode-0/data/ratis/9d15d13e-a973-4c10-9e9c-0320ac82605e/current/log_inprogress_0
2019-09-26 13:15:23,212 [d09ba3db-71ae-4cc1-a070-460d4ee804eb@group-6E7FE6DC70B6:LeaderElection10] INFO  impl.LeaderElection (LeaderElection.java:askForVotes(182)) - d09ba3db-71ae-4cc1-a070-460d4ee804eb@group-6E7FE6DC70B6:LeaderElection10: begin an election at term 1 for -1: [d09ba3db-71ae-4cc1-a070-460d4ee804eb:192.168.164.238:40638], old=null
2019-09-26 13:15:23,212 [d09ba3db-71ae-4cc1-a070-460d4ee804eb@group-6A4CFF1ACEFA:LeaderElection9] INFO  impl.LeaderElection (LeaderElection.java:askForVotes(182)) - d09ba3db-71ae-4cc1-a070-460d4ee804eb@group-6A4CFF1ACEFA:LeaderElection9: begin an election at term 1 for -1: [d09ba3db-71ae-4cc1-a070-460d4ee804eb:192.168.164.238:40638], old=null
2019-09-26 13:15:23,212 [d09ba3db-71ae-4cc1-a070-460d4ee804eb@group-6E7FE6DC70B6:LeaderElection10] INFO  impl.RoleInfo (RoleInfo.java:shutdownLeaderElection(134)) - d09ba3db-71ae-4cc1-a070-460d4ee804eb: shutdown LeaderElection
2019-09-26 13:15:23,212 [d09ba3db-71ae-4cc1-a070-460d4ee804eb@group-6A4CFF1ACEFA:LeaderElection9] INFO  impl.RoleInfo (RoleInfo.java:shutdownLeaderElection(134)) - d09ba3db-71ae-4cc1-a070-460d4ee804eb: shutdown LeaderElection
2019-09-26 13:15:23,212 [d09ba3db-71ae-4cc1-a070-460d4ee804eb@group-6E7FE6DC70B6:LeaderElection10] INFO  impl.RaftServerImpl (RaftServerImpl.java:setRole(174)) - d09ba3db-71ae-4cc1-a070-460d4ee804eb@group-6E7FE6DC70B6: changes role from CANDIDATE to LEADER at term 1 for changeToLeader
2019-09-26 13:15:23,213 [d09ba3db-71ae-4cc1-a070-460d4ee804eb@group-6A4CFF1ACEFA:LeaderElection9] INFO  impl.RaftServerImpl (RaftServerImpl.java:setRole(174)) - d09ba3db-71ae-4cc1-a070-460d4ee804eb@group-6A4CFF1ACEFA: changes role from CANDIDATE to LEADER at term 1 for changeToLeader
2019-09-26 13:15:23,213 [d09ba3db-71ae-4cc1-a070-460d4ee804eb@group-6E7FE6DC70B6:LeaderElection10] INFO  impl.RaftServerImpl (ServerState.java:setLeader(253)) - d09ba3db-71ae-4cc1-a070-460d4ee804eb@group-6E7FE6DC70B6: change Leader from null to d09ba3db-71ae-4cc1-a070-460d4ee804eb at term 1 for becomeLeader, leader elected after 5089ms
2019-09-26 13:15:23,213 [d09ba3db-71ae-4cc1-a070-460d4ee804eb@group-6A4CFF1ACEFA:LeaderElection9] INFO  impl.RaftServerImpl (ServerState.java:setLeader(253)) - d09ba3db-71ae-4cc1-a070-460d4ee804eb@group-6A4CFF1ACEFA: change Leader from null to d09ba3db-71ae-4cc1-a070-460d4ee804eb at term 1 for becomeLeader, leader elected after 5213ms
2019-09-26 13:15:23,213 [d09ba3db-71ae-4cc1-a070-460d4ee804eb@group-6E7FE6DC70B6:LeaderElection10] INFO  server.RaftServerConfigKeys (ConfUtils.java:logGet(43)) - raft.server.staging.catchup.gap = 1000 (default)
2019-09-26 13:15:23,213 [d09ba3db-71ae-4cc1-a070-460d4ee804eb@group-6A4CFF1ACEFA:LeaderElection9] INFO  server.RaftServerConfigKeys (ConfUtils.java:logGet(43)) - raft.server.staging.catchup.gap = 1000 (default)
2019-09-26 13:15:23,213 [d09ba3db-71ae-4cc1-a070-460d4ee804eb@group-6E7FE6DC70B6:LeaderElection10] INFO  server.RaftServerConfigKeys (ConfUtils.java:logGet(43)) - raft.server.rpc.sleep.time = 25ms (default)
2019-09-26 13:15:23,213 [d09ba3db-71ae-4cc1-a070-460d4ee804eb@group-6A4CFF1ACEFA:LeaderElection9] INFO  server.RaftServerConfigKeys (ConfUtils.java:logGet(43)) - raft.server.rpc.sleep.time = 25ms (default)
2019-09-26 13:15:23,213 [d09ba3db-71ae-4cc1-a070-460d4ee804eb@group-6E7FE6DC70B6:LeaderElection10] INFO  server.RaftServerConfigKeys (ConfUtils.java:logGet(43)) - raft.server.write.element-limit = 4096 (default)
2019-09-26 13:15:23,214 [d09ba3db-71ae-4cc1-a070-460d4ee804eb@group-6A4CFF1ACEFA:LeaderElection9] INFO  server.RaftServerConfigKeys (ConfUtils.java:logGet(43)) - raft.server.write.element-limit = 4096 (default)
2019-09-26 13:15:23,214 [d09ba3db-71ae-4cc1-a070-460d4ee804eb@group-6E7FE6DC70B6:LeaderElection10] INFO  server.RaftServerConfigKeys (ConfUtils.java:logGet(43)) - raft.server.watch.timeout = 10s (default)
2019-09-26 13:15:23,214 [d09ba3db-71ae-4cc1-a070-460d4ee804eb@group-6A4CFF1ACEFA:LeaderElection9] INFO  server.RaftServerConfigKeys (ConfUtils.java:logGet(43)) - raft.server.watch.timeout = 10s (default)
2019-09-26 13:15:23,214 [d09ba3db-71ae-4cc1-a070-460d4ee804eb@group-6E7FE6DC70B6:LeaderElection10] INFO  server.RaftServerConfigKeys (ConfUtils.java:logGet(43)) - raft.server.watch.timeout.denomination = 1s (default)
2019-09-26 13:15:23,214 [d09ba3db-71ae-4cc1-a070-460d4ee804eb@group-6A4CFF1ACEFA:LeaderElection9] INFO  server.RaftServerConfigKeys (ConfUtils.java:logGet(43)) - raft.server.watch.timeout.denomination = 1s (default)
2019-09-26 13:15:23,214 [d09ba3db-71ae-4cc1-a070-460d4ee804eb@group-6E7FE6DC70B6:LeaderElection10] INFO  server.RaftServerConfigKeys (ConfUtils.java:logGet(43)) - raft.server.watch.element-limit = 65536 (default)
2019-09-26 13:15:23,214 [d09ba3db-71ae-4cc1-a070-460d4ee804eb@group-6A4CFF1ACEFA:LeaderElection9] INFO  server.RaftServerConfigKeys (ConfUtils.java:logGet(43)) - raft.server.watch.element-limit = 65536 (default)
2019-09-26 13:15:23,218 [d09ba3db-71ae-4cc1-a070-460d4ee804eb@group-6E7FE6DC70B6:LeaderElection10] INFO  impl.RoleInfo (RoleInfo.java:updateAndGet(143)) - d09ba3db-71ae-4cc1-a070-460d4ee804eb: start LeaderState
2019-09-26 13:15:23,218 [d09ba3db-71ae-4cc1-a070-460d4ee804eb@group-6E7FE6DC70B6:LeaderElection10] INFO  segmented.SegmentedRaftLogWorker (SegmentedRaftLogWorker.java:startLogSegment(380)) - d09ba3db-71ae-4cc1-a070-460d4ee804eb@group-6E7FE6DC70B6-SegmentedRaftLogWorker: Starting segment from index:0
2019-09-26 13:15:23,218 [d09ba3db-71ae-4cc1-a070-460d4ee804eb@group-6A4CFF1ACEFA:LeaderElection9] INFO  impl.RoleInfo (RoleInfo.java:updateAndGet(143)) - d09ba3db-71ae-4cc1-a070-460d4ee804eb: start LeaderState
2019-09-26 13:15:23,219 [d09ba3db-71ae-4cc1-a070-460d4ee804eb@group-6A4CFF1ACEFA:LeaderElection9] INFO  segmented.SegmentedRaftLogWorker (SegmentedRaftLogWorker.java:startLogSegment(380)) - d09ba3db-71ae-4cc1-a070-460d4ee804eb@group-6A4CFF1ACEFA-SegmentedRaftLogWorker: Starting segment from index:0
2019-09-26 13:15:23,219 [d09ba3db-71ae-4cc1-a070-460d4ee804eb@group-6E7FE6DC70B6:LeaderElection10] INFO  impl.RaftServerImpl (ServerState.java:setRaftConf(354)) - d09ba3db-71ae-4cc1-a070-460d4ee804eb@group-6E7FE6DC70B6: set configuration 0: [d09ba3db-71ae-4cc1-a070-460d4ee804eb:192.168.164.238:40638], old=null at 0
2019-09-26 13:15:23,257 [d09ba3db-71ae-4cc1-a070-460d4ee804eb@group-6A4CFF1ACEFA:LeaderElection9] INFO  impl.RaftServerImpl (ServerState.java:setRaftConf(354)) - d09ba3db-71ae-4cc1-a070-460d4ee804eb@group-6A4CFF1ACEFA: set configuration 0: [d09ba3db-71ae-4cc1-a070-460d4ee804eb:192.168.164.238:40638], old=null at 0
2019-09-26 13:15:23,291 [d09ba3db-71ae-4cc1-a070-460d4ee804eb@group-6E7FE6DC70B6-SegmentedRaftLogWorker] INFO  segmented.SegmentedRaftLogWorker (SegmentedRaftLogWorker.java:execute(569)) - d09ba3db-71ae-4cc1-a070-460d4ee804eb@group-6E7FE6DC70B6-SegmentedRaftLogWorker: created new log segment /workdir/hadoop-ozone/integration-test/target/test-dir/MiniOzoneClusterImpl-a863f920-e703-48bd-ac3b-b0b5d168c43d/datanode-0/data/ratis/69330351-2229-4e4c-9638-6e7fe6dc70b6/current/log_inprogress_0
2019-09-26 13:15:23,304 [d09ba3db-71ae-4cc1-a070-460d4ee804eb@group-6A4CFF1ACEFA-SegmentedRaftLogWorker] INFO  segmented.SegmentedRaftLogWorker (SegmentedRaftLogWorker.java:execute(569)) - d09ba3db-71ae-4cc1-a070-460d4ee804eb@group-6A4CFF1ACEFA-SegmentedRaftLogWorker: created new log segment /workdir/hadoop-ozone/integration-test/target/test-dir/MiniOzoneClusterImpl-a863f920-e703-48bd-ac3b-b0b5d168c43d/datanode-0/data/ratis/fb1e9e47-b820-4eb6-8756-6a4cff1acefa/current/log_inprogress_0
2019-09-26 13:15:23,323 [Thread-243] INFO  impl.FollowerState (FollowerState.java:run(106)) - 93c1ba8e-47f4-467f-954e-a2b5e39419a0:group-66614F6DCA8D changes to CANDIDATE, lastRpcTime:5064, electionTimeout:5064ms
2019-09-26 13:15:23,323 [Thread-243] INFO  impl.RoleInfo (RoleInfo.java:shutdownFollowerState(121)) - 93c1ba8e-47f4-467f-954e-a2b5e39419a0: shutdown FollowerState
2019-09-26 13:15:23,323 [Thread-243] INFO  impl.RaftServerImpl (RaftServerImpl.java:setRole(174)) - 93c1ba8e-47f4-467f-954e-a2b5e39419a0@group-66614F6DCA8D: changes role from  FOLLOWER to CANDIDATE at term 0 for changeToCandidate
2019-09-26 13:15:23,324 [Thread-243] INFO  impl.RoleInfo (RoleInfo.java:updateAndGet(143)) - 93c1ba8e-47f4-467f-954e-a2b5e39419a0: start LeaderElection
2019-09-26 13:15:23,340 [Thread-240] INFO  impl.FollowerState (FollowerState.java:run(106)) - 4e306e3f-25ae-4809-b976-e74c1f449d85:group-CDC09BA6C402 changes to CANDIDATE, lastRpcTime:5140, electionTimeout:5140ms
2019-09-26 13:15:23,340 [Thread-240] INFO  impl.RoleInfo (RoleInfo.java:shutdownFollowerState(121)) - 4e306e3f-25ae-4809-b976-e74c1f449d85: shutdown FollowerState
2019-09-26 13:15:23,340 [Thread-240] INFO  impl.RaftServerImpl (RaftServerImpl.java:setRole(174)) - 4e306e3f-25ae-4809-b976-e74c1f449d85@group-CDC09BA6C402: changes role from  FOLLOWER to CANDIDATE at term 0 for changeToCandidate
2019-09-26 13:15:23,340 [Thread-240] INFO  impl.RoleInfo (RoleInfo.java:updateAndGet(143)) - 4e306e3f-25ae-4809-b976-e74c1f449d85: start LeaderElection
2019-09-26 13:15:23,344 [93c1ba8e-47f4-467f-954e-a2b5e39419a0@group-66614F6DCA8D:LeaderElection11] INFO  impl.LeaderElection (LeaderElection.java:askForVotes(182)) - 93c1ba8e-47f4-467f-954e-a2b5e39419a0@group-66614F6DCA8D:LeaderElection11: begin an election at term 1 for -1: [93c1ba8e-47f4-467f-954e-a2b5e39419a0:192.168.164.238:42902], old=null
2019-09-26 13:15:23,344 [93c1ba8e-47f4-467f-954e-a2b5e39419a0@group-66614F6DCA8D:LeaderElection11] INFO  impl.RoleInfo (RoleInfo.java:shutdownLeaderElection(134)) - 93c1ba8e-47f4-467f-954e-a2b5e39419a0: shutdown LeaderElection
2019-09-26 13:15:23,344 [93c1ba8e-47f4-467f-954e-a2b5e39419a0@group-66614F6DCA8D:LeaderElection11] INFO  impl.RaftServerImpl (RaftServerImpl.java:setRole(174)) - 93c1ba8e-47f4-467f-954e-a2b5e39419a0@group-66614F6DCA8D: changes role from CANDIDATE to LEADER at term 1 for changeToLeader
2019-09-26 13:15:23,344 [93c1ba8e-47f4-467f-954e-a2b5e39419a0@group-66614F6DCA8D:LeaderElection11] INFO  impl.RaftServerImpl (ServerState.java:setLeader(253)) - 93c1ba8e-47f4-467f-954e-a2b5e39419a0@group-66614F6DCA8D: change Leader from null to 93c1ba8e-47f4-467f-954e-a2b5e39419a0 at term 1 for becomeLeader, leader elected after 5092ms
2019-09-26 13:15:23,344 [93c1ba8e-47f4-467f-954e-a2b5e39419a0@group-66614F6DCA8D:LeaderElection11] INFO  server.RaftServerConfigKeys (ConfUtils.java:logGet(43)) - raft.server.staging.catchup.gap = 1000 (default)
2019-09-26 13:15:23,345 [93c1ba8e-47f4-467f-954e-a2b5e39419a0@group-66614F6DCA8D:LeaderElection11] INFO  server.RaftServerConfigKeys (ConfUtils.java:logGet(43)) - raft.server.rpc.sleep.time = 25ms (default)
2019-09-26 13:15:23,345 [93c1ba8e-47f4-467f-954e-a2b5e39419a0@group-66614F6DCA8D:LeaderElection11] INFO  server.RaftServerConfigKeys (ConfUtils.java:logGet(43)) - raft.server.write.element-limit = 4096 (default)
2019-09-26 13:15:23,345 [93c1ba8e-47f4-467f-954e-a2b5e39419a0@group-66614F6DCA8D:LeaderElection11] INFO  server.RaftServerConfigKeys (ConfUtils.java:logGet(43)) - raft.server.watch.timeout = 10s (default)
2019-09-26 13:15:23,345 [93c1ba8e-47f4-467f-954e-a2b5e39419a0@group-66614F6DCA8D:LeaderElection11] INFO  server.RaftServerConfigKeys (ConfUtils.java:logGet(43)) - raft.server.watch.timeout.denomination = 1s (default)
2019-09-26 13:15:23,345 [93c1ba8e-47f4-467f-954e-a2b5e39419a0@group-66614F6DCA8D:LeaderElection11] INFO  server.RaftServerConfigKeys (ConfUtils.java:logGet(43)) - raft.server.watch.element-limit = 65536 (default)
2019-09-26 13:15:23,347 [Thread-246] INFO  impl.FollowerState (FollowerState.java:run(106)) - 4e306e3f-25ae-4809-b976-e74c1f449d85:group-05441FB5FEA6 changes to CANDIDATE, lastRpcTime:5032, electionTimeout:5032ms
2019-09-26 13:15:23,347 [Thread-246] INFO  impl.RoleInfo (RoleInfo.java:shutdownFollowerState(121)) - 4e306e3f-25ae-4809-b976-e74c1f449d85: shutdown FollowerState
2019-09-26 13:15:23,347 [Thread-246] INFO  impl.RaftServerImpl (RaftServerImpl.java:setRole(174)) - 4e306e3f-25ae-4809-b976-e74c1f449d85@group-05441FB5FEA6: changes role from  FOLLOWER to CANDIDATE at term 0 for changeToCandidate
2019-09-26 13:15:23,347 [Thread-246] INFO  impl.RoleInfo (RoleInfo.java:updateAndGet(143)) - 4e306e3f-25ae-4809-b976-e74c1f449d85: start LeaderElection
2019-09-26 13:15:23,352 [93c1ba8e-47f4-467f-954e-a2b5e39419a0@group-66614F6DCA8D:LeaderElection11] INFO  impl.RoleInfo (RoleInfo.java:updateAndGet(143)) - 93c1ba8e-47f4-467f-954e-a2b5e39419a0: start LeaderState
2019-09-26 13:15:23,352 [93c1ba8e-47f4-467f-954e-a2b5e39419a0@group-66614F6DCA8D:LeaderElection11] INFO  segmented.SegmentedRaftLogWorker (SegmentedRaftLogWorker.java:startLogSegment(380)) - 93c1ba8e-47f4-467f-954e-a2b5e39419a0@group-66614F6DCA8D-SegmentedRaftLogWorker: Starting segment from index:0
2019-09-26 13:15:23,352 [93c1ba8e-47f4-467f-954e-a2b5e39419a0@group-66614F6DCA8D:LeaderElection11] INFO  impl.RaftServerImpl (ServerState.java:setRaftConf(354)) - 93c1ba8e-47f4-467f-954e-a2b5e39419a0@group-66614F6DCA8D: set configuration 0: [93c1ba8e-47f4-467f-954e-a2b5e39419a0:192.168.164.238:42902], old=null at 0
2019-09-26 13:15:23,392 [4e306e3f-25ae-4809-b976-e74c1f449d85@group-CDC09BA6C402:LeaderElection12] INFO  impl.LeaderElection (LeaderElection.java:askForVotes(182)) - 4e306e3f-25ae-4809-b976-e74c1f449d85@group-CDC09BA6C402:LeaderElection12: begin an election at term 1 for -1: [4e306e3f-25ae-4809-b976-e74c1f449d85:192.168.164.238:46846], old=null
2019-09-26 13:15:23,392 [4e306e3f-25ae-4809-b976-e74c1f449d85@group-05441FB5FEA6:LeaderElection13] INFO  impl.LeaderElection (LeaderElection.java:askForVotes(182)) - 4e306e3f-25ae-4809-b976-e74c1f449d85@group-05441FB5FEA6:LeaderElection13: begin an election at term 1 for -1: [4e306e3f-25ae-4809-b976-e74c1f449d85:192.168.164.238:46846], old=null
2019-09-26 13:15:23,392 [4e306e3f-25ae-4809-b976-e74c1f449d85@group-CDC09BA6C402:LeaderElection12] INFO  impl.RoleInfo (RoleInfo.java:shutdownLeaderElection(134)) - 4e306e3f-25ae-4809-b976-e74c1f449d85: shutdown LeaderElection
2019-09-26 13:15:23,392 [4e306e3f-25ae-4809-b976-e74c1f449d85@group-05441FB5FEA6:LeaderElection13] INFO  impl.RoleInfo (RoleInfo.java:shutdownLeaderElection(134)) - 4e306e3f-25ae-4809-b976-e74c1f449d85: shutdown LeaderElection
2019-09-26 13:15:23,392 [4e306e3f-25ae-4809-b976-e74c1f449d85@group-CDC09BA6C402:LeaderElection12] INFO  impl.RaftServerImpl (RaftServerImpl.java:setRole(174)) - 4e306e3f-25ae-4809-b976-e74c1f449d85@group-CDC09BA6C402: changes role from CANDIDATE to LEADER at term 1 for changeToLeader
2019-09-26 13:15:23,392 [4e306e3f-25ae-4809-b976-e74c1f449d85@group-05441FB5FEA6:LeaderElection13] INFO  impl.RaftServerImpl (RaftServerImpl.java:setRole(174)) - 4e306e3f-25ae-4809-b976-e74c1f449d85@group-05441FB5FEA6: changes role from CANDIDATE to LEADER at term 1 for changeToLeader
2019-09-26 13:15:23,393 [4e306e3f-25ae-4809-b976-e74c1f449d85@group-CDC09BA6C402:LeaderElection12] INFO  impl.RaftServerImpl (ServerState.java:setLeader(253)) - 4e306e3f-25ae-4809-b976-e74c1f449d85@group-CDC09BA6C402: change Leader from null to 4e306e3f-25ae-4809-b976-e74c1f449d85 at term 1 for becomeLeader, leader elected after 5202ms
2019-09-26 13:15:23,393 [4e306e3f-25ae-4809-b976-e74c1f449d85@group-05441FB5FEA6:LeaderElection13] INFO  impl.RaftServerImpl (ServerState.java:setLeader(253)) - 4e306e3f-25ae-4809-b976-e74c1f449d85@group-05441FB5FEA6: change Leader from null to 4e306e3f-25ae-4809-b976-e74c1f449d85 at term 1 for becomeLeader, leader elected after 5084ms
2019-09-26 13:15:23,394 [4e306e3f-25ae-4809-b976-e74c1f449d85@group-CDC09BA6C402:LeaderElection12] INFO  server.RaftServerConfigKeys (ConfUtils.java:logGet(43)) - raft.server.staging.catchup.gap = 1000 (default)
2019-09-26 13:15:23,394 [4e306e3f-25ae-4809-b976-e74c1f449d85@group-05441FB5FEA6:LeaderElection13] INFO  server.RaftServerConfigKeys (ConfUtils.java:logGet(43)) - raft.server.staging.catchup.gap = 1000 (default)
2019-09-26 13:15:23,394 [4e306e3f-25ae-4809-b976-e74c1f449d85@group-CDC09BA6C402:LeaderElection12] INFO  server.RaftServerConfigKeys (ConfUtils.java:logGet(43)) - raft.server.rpc.sleep.time = 25ms (default)
2019-09-26 13:15:23,395 [4e306e3f-25ae-4809-b976-e74c1f449d85@group-05441FB5FEA6:LeaderElection13] INFO  server.RaftServerConfigKeys (ConfUtils.java:logGet(43)) - raft.server.rpc.sleep.time = 25ms (default)
2019-09-26 13:15:23,395 [4e306e3f-25ae-4809-b976-e74c1f449d85@group-CDC09BA6C402:LeaderElection12] INFO  server.RaftServerConfigKeys (ConfUtils.java:logGet(43)) - raft.server.write.element-limit = 4096 (default)
2019-09-26 13:15:23,395 [4e306e3f-25ae-4809-b976-e74c1f449d85@group-05441FB5FEA6:LeaderElection13] INFO  server.RaftServerConfigKeys (ConfUtils.java:logGet(43)) - raft.server.write.element-limit = 4096 (default)
2019-09-26 13:15:23,395 [4e306e3f-25ae-4809-b976-e74c1f449d85@group-CDC09BA6C402:LeaderElection12] INFO  server.RaftServerConfigKeys (ConfUtils.java:logGet(43)) - raft.server.watch.timeout = 10s (default)
2019-09-26 13:15:23,395 [4e306e3f-25ae-4809-b976-e74c1f449d85@group-05441FB5FEA6:LeaderElection13] INFO  server.RaftServerConfigKeys (ConfUtils.java:logGet(43)) - raft.server.watch.timeout = 10s (default)
2019-09-26 13:15:23,395 [4e306e3f-25ae-4809-b976-e74c1f449d85@group-CDC09BA6C402:LeaderElection12] INFO  server.RaftServerConfigKeys (ConfUtils.java:logGet(43)) - raft.server.watch.timeout.denomination = 1s (default)
2019-09-26 13:15:23,395 [4e306e3f-25ae-4809-b976-e74c1f449d85@group-05441FB5FEA6:LeaderElection13] INFO  server.RaftServerConfigKeys (ConfUtils.java:logGet(43)) - raft.server.watch.timeout.denomination = 1s (default)
2019-09-26 13:15:23,395 [4e306e3f-25ae-4809-b976-e74c1f449d85@group-CDC09BA6C402:LeaderElection12] INFO  server.RaftServerConfigKeys (ConfUtils.java:logGet(43)) - raft.server.watch.element-limit = 65536 (default)
2019-09-26 13:15:23,396 [4e306e3f-25ae-4809-b976-e74c1f449d85@group-05441FB5FEA6:LeaderElection13] INFO  server.RaftServerConfigKeys (ConfUtils.java:logGet(43)) - raft.server.watch.element-limit = 65536 (default)
2019-09-26 13:15:23,399 [4e306e3f-25ae-4809-b976-e74c1f449d85@group-CDC09BA6C402:LeaderElection12] INFO  impl.RoleInfo (RoleInfo.java:updateAndGet(143)) - 4e306e3f-25ae-4809-b976-e74c1f449d85: start LeaderState
2019-09-26 13:15:23,400 [4e306e3f-25ae-4809-b976-e74c1f449d85@group-CDC09BA6C402:LeaderElection12] INFO  segmented.SegmentedRaftLogWorker (SegmentedRaftLogWorker.java:startLogSegment(380)) - 4e306e3f-25ae-4809-b976-e74c1f449d85@group-CDC09BA6C402-SegmentedRaftLogWorker: Starting segment from index:0
2019-09-26 13:15:23,400 [4e306e3f-25ae-4809-b976-e74c1f449d85@group-05441FB5FEA6:LeaderElection13] INFO  impl.RoleInfo (RoleInfo.java:updateAndGet(143)) - 4e306e3f-25ae-4809-b976-e74c1f449d85: start LeaderState
2019-09-26 13:15:23,400 [4e306e3f-25ae-4809-b976-e74c1f449d85@group-05441FB5FEA6:LeaderElection13] INFO  segmented.SegmentedRaftLogWorker (SegmentedRaftLogWorker.java:startLogSegment(380)) - 4e306e3f-25ae-4809-b976-e74c1f449d85@group-05441FB5FEA6-SegmentedRaftLogWorker: Starting segment from index:0
2019-09-26 13:15:23,400 [4e306e3f-25ae-4809-b976-e74c1f449d85@group-CDC09BA6C402:LeaderElection12] INFO  impl.RaftServerImpl (ServerState.java:setRaftConf(354)) - 4e306e3f-25ae-4809-b976-e74c1f449d85@group-CDC09BA6C402: set configuration 0: [4e306e3f-25ae-4809-b976-e74c1f449d85:192.168.164.238:46846], old=null at 0
2019-09-26 13:15:23,435 [Thread-249] INFO  impl.FollowerState (FollowerState.java:run(106)) - b4fa65ea-f6d5-4876-b0ba-3a338b93c219:group-352AC03C8FEC changes to CANDIDATE, lastRpcTime:5068, electionTimeout:5068ms
2019-09-26 13:15:23,435 [93c1ba8e-47f4-467f-954e-a2b5e39419a0@group-66614F6DCA8D-SegmentedRaftLogWorker] INFO  segmented.SegmentedRaftLogWorker (SegmentedRaftLogWorker.java:execute(569)) - 93c1ba8e-47f4-467f-954e-a2b5e39419a0@group-66614F6DCA8D-SegmentedRaftLogWorker: created new log segment /workdir/hadoop-ozone/integration-test/target/test-dir/MiniOzoneClusterImpl-a863f920-e703-48bd-ac3b-b0b5d168c43d/datanode-4/data/ratis/a16b33d4-2cd9-482d-8f79-66614f6dca8d/current/log_inprogress_0
2019-09-26 13:15:23,435 [4e306e3f-25ae-4809-b976-e74c1f449d85@group-05441FB5FEA6:LeaderElection13] INFO  impl.RaftServerImpl (ServerState.java:setRaftConf(354)) - 4e306e3f-25ae-4809-b976-e74c1f449d85@group-05441FB5FEA6: set configuration 0: [4e306e3f-25ae-4809-b976-e74c1f449d85:192.168.164.238:46846], old=null at 0
2019-09-26 13:15:23,435 [Thread-249] INFO  impl.RoleInfo (RoleInfo.java:shutdownFollowerState(121)) - b4fa65ea-f6d5-4876-b0ba-3a338b93c219: shutdown FollowerState
2019-09-26 13:15:23,435 [Thread-249] INFO  impl.RaftServerImpl (RaftServerImpl.java:setRole(174)) - b4fa65ea-f6d5-4876-b0ba-3a338b93c219@group-352AC03C8FEC: changes role from  FOLLOWER to CANDIDATE at term 0 for changeToCandidate
2019-09-26 13:15:23,437 [Thread-249] INFO  impl.RoleInfo (RoleInfo.java:updateAndGet(143)) - b4fa65ea-f6d5-4876-b0ba-3a338b93c219: start LeaderElection
2019-09-26 13:15:23,448 [4e306e3f-25ae-4809-b976-e74c1f449d85@group-CDC09BA6C402-SegmentedRaftLogWorker] INFO  segmented.SegmentedRaftLogWorker (SegmentedRaftLogWorker.java:execute(569)) - 4e306e3f-25ae-4809-b976-e74c1f449d85@group-CDC09BA6C402-SegmentedRaftLogWorker: created new log segment /workdir/hadoop-ozone/integration-test/target/test-dir/MiniOzoneClusterImpl-a863f920-e703-48bd-ac3b-b0b5d168c43d/datanode-1/data/ratis/a052bd12-0fd5-449d-84cf-cdc09ba6c402/current/log_inprogress_0
2019-09-26 13:15:23,448 [4e306e3f-25ae-4809-b976-e74c1f449d85@group-05441FB5FEA6-SegmentedRaftLogWorker] INFO  segmented.SegmentedRaftLogWorker (SegmentedRaftLogWorker.java:execute(569)) - 4e306e3f-25ae-4809-b976-e74c1f449d85@group-05441FB5FEA6-SegmentedRaftLogWorker: created new log segment /workdir/hadoop-ozone/integration-test/target/test-dir/MiniOzoneClusterImpl-a863f920-e703-48bd-ac3b-b0b5d168c43d/datanode-1/data/ratis/35d0ab55-9b18-4e2b-978f-05441fb5fea6/current/log_inprogress_0
2019-09-26 13:15:23,448 [b4fa65ea-f6d5-4876-b0ba-3a338b93c219@group-352AC03C8FEC:LeaderElection14] INFO  impl.LeaderElection (LeaderElection.java:askForVotes(182)) - b4fa65ea-f6d5-4876-b0ba-3a338b93c219@group-352AC03C8FEC:LeaderElection14: begin an election at term 1 for -1: [b4fa65ea-f6d5-4876-b0ba-3a338b93c219:192.168.164.238:37845], old=null
2019-09-26 13:15:23,449 [b4fa65ea-f6d5-4876-b0ba-3a338b93c219@group-352AC03C8FEC:LeaderElection14] INFO  impl.RoleInfo (RoleInfo.java:shutdownLeaderElection(134)) - b4fa65ea-f6d5-4876-b0ba-3a338b93c219: shutdown LeaderElection
2019-09-26 13:15:23,449 [b4fa65ea-f6d5-4876-b0ba-3a338b93c219@group-352AC03C8FEC:LeaderElection14] INFO  impl.RaftServerImpl (RaftServerImpl.java:setRole(174)) - b4fa65ea-f6d5-4876-b0ba-3a338b93c219@group-352AC03C8FEC: changes role from CANDIDATE to LEADER at term 1 for changeToLeader
2019-09-26 13:15:23,449 [b4fa65ea-f6d5-4876-b0ba-3a338b93c219@group-352AC03C8FEC:LeaderElection14] INFO  impl.RaftServerImpl (ServerState.java:setLeader(253)) - b4fa65ea-f6d5-4876-b0ba-3a338b93c219@group-352AC03C8FEC: change Leader from null to b4fa65ea-f6d5-4876-b0ba-3a338b93c219 at term 1 for becomeLeader, leader elected after 5088ms
2019-09-26 13:15:23,449 [b4fa65ea-f6d5-4876-b0ba-3a338b93c219@group-352AC03C8FEC:LeaderElection14] INFO  server.RaftServerConfigKeys (ConfUtils.java:logGet(43)) - raft.server.staging.catchup.gap = 1000 (default)
2019-09-26 13:15:23,449 [b4fa65ea-f6d5-4876-b0ba-3a338b93c219@group-352AC03C8FEC:LeaderElection14] INFO  server.RaftServerConfigKeys (ConfUtils.java:logGet(43)) - raft.server.rpc.sleep.time = 25ms (default)
2019-09-26 13:15:23,450 [b4fa65ea-f6d5-4876-b0ba-3a338b93c219@group-352AC03C8FEC:LeaderElection14] INFO  server.RaftServerConfigKeys (ConfUtils.java:logGet(43)) - raft.server.write.element-limit = 4096 (default)
2019-09-26 13:15:23,450 [b4fa65ea-f6d5-4876-b0ba-3a338b93c219@group-352AC03C8FEC:LeaderElection14] INFO  server.RaftServerConfigKeys (ConfUtils.java:logGet(43)) - raft.server.watch.timeout = 10s (default)
2019-09-26 13:15:23,450 [b4fa65ea-f6d5-4876-b0ba-3a338b93c219@group-352AC03C8FEC:LeaderElection14] INFO  server.RaftServerConfigKeys (ConfUtils.java:logGet(43)) - raft.server.watch.timeout.denomination = 1s (default)
2019-09-26 13:15:23,450 [b4fa65ea-f6d5-4876-b0ba-3a338b93c219@group-352AC03C8FEC:LeaderElection14] INFO  server.RaftServerConfigKeys (ConfUtils.java:logGet(43)) - raft.server.watch.element-limit = 65536 (default)
2019-09-26 13:15:23,453 [b4fa65ea-f6d5-4876-b0ba-3a338b93c219@group-352AC03C8FEC:LeaderElection14] INFO  impl.RoleInfo (RoleInfo.java:updateAndGet(143)) - b4fa65ea-f6d5-4876-b0ba-3a338b93c219: start LeaderState
2019-09-26 13:15:23,454 [b4fa65ea-f6d5-4876-b0ba-3a338b93c219@group-352AC03C8FEC:LeaderElection14] INFO  segmented.SegmentedRaftLogWorker (SegmentedRaftLogWorker.java:startLogSegment(380)) - b4fa65ea-f6d5-4876-b0ba-3a338b93c219@group-352AC03C8FEC-SegmentedRaftLogWorker: Starting segment from index:0
2019-09-26 13:15:23,454 [b4fa65ea-f6d5-4876-b0ba-3a338b93c219@group-352AC03C8FEC:LeaderElection14] INFO  impl.RaftServerImpl (ServerState.java:setRaftConf(354)) - b4fa65ea-f6d5-4876-b0ba-3a338b93c219@group-352AC03C8FEC: set configuration 0: [b4fa65ea-f6d5-4876-b0ba-3a338b93c219:192.168.164.238:37845], old=null at 0
2019-09-26 13:15:23,505 [b4fa65ea-f6d5-4876-b0ba-3a338b93c219@group-352AC03C8FEC-SegmentedRaftLogWorker] INFO  segmented.SegmentedRaftLogWorker (SegmentedRaftLogWorker.java:execute(569)) - b4fa65ea-f6d5-4876-b0ba-3a338b93c219@group-352AC03C8FEC-SegmentedRaftLogWorker: created new log segment /workdir/hadoop-ozone/integration-test/target/test-dir/MiniOzoneClusterImpl-a863f920-e703-48bd-ac3b-b0b5d168c43d/datanode-2/data/ratis/f382ea5f-4f57-41e4-9df7-352ac03c8fec/current/log_inprogress_0
2019-09-26 13:15:23,522 [Thread-255] INFO  impl.FollowerState (FollowerState.java:run(106)) - 4e306e3f-25ae-4809-b976-e74c1f449d85:group-B6D63BD859F2 changes to CANDIDATE, lastRpcTime:5044, electionTimeout:5044ms
2019-09-26 13:15:23,522 [Thread-255] INFO  impl.RoleInfo (RoleInfo.java:shutdownFollowerState(121)) - 4e306e3f-25ae-4809-b976-e74c1f449d85: shutdown FollowerState
2019-09-26 13:15:23,523 [Thread-255] INFO  impl.RaftServerImpl (RaftServerImpl.java:setRole(174)) - 4e306e3f-25ae-4809-b976-e74c1f449d85@group-B6D63BD859F2: changes role from  FOLLOWER to CANDIDATE at term 0 for changeToCandidate
2019-09-26 13:15:23,523 [Thread-255] INFO  impl.RoleInfo (RoleInfo.java:updateAndGet(143)) - 4e306e3f-25ae-4809-b976-e74c1f449d85: start LeaderElection
2019-09-26 13:15:23,539 [4e306e3f-25ae-4809-b976-e74c1f449d85@group-B6D63BD859F2:LeaderElection15] INFO  impl.LeaderElection (LeaderElection.java:askForVotes(182)) - 4e306e3f-25ae-4809-b976-e74c1f449d85@group-B6D63BD859F2:LeaderElection15: begin an election at term 1 for -1: [4e306e3f-25ae-4809-b976-e74c1f449d85:192.168.164.238:46846], old=null
2019-09-26 13:15:23,539 [4e306e3f-25ae-4809-b976-e74c1f449d85@group-B6D63BD859F2:LeaderElection15] INFO  impl.RoleInfo (RoleInfo.java:shutdownLeaderElection(134)) - 4e306e3f-25ae-4809-b976-e74c1f449d85: shutdown LeaderElection
2019-09-26 13:15:23,539 [4e306e3f-25ae-4809-b976-e74c1f449d85@group-B6D63BD859F2:LeaderElection15] INFO  impl.RaftServerImpl (RaftServerImpl.java:setRole(174)) - 4e306e3f-25ae-4809-b976-e74c1f449d85@group-B6D63BD859F2: changes role from CANDIDATE to LEADER at term 1 for changeToLeader
2019-09-26 13:15:23,539 [4e306e3f-25ae-4809-b976-e74c1f449d85@group-B6D63BD859F2:LeaderElection15] INFO  impl.RaftServerImpl (ServerState.java:setLeader(253)) - 4e306e3f-25ae-4809-b976-e74c1f449d85@group-B6D63BD859F2: change Leader from null to 4e306e3f-25ae-4809-b976-e74c1f449d85 at term 1 for becomeLeader, leader elected after 5067ms
2019-09-26 13:15:23,539 [4e306e3f-25ae-4809-b976-e74c1f449d85@group-B6D63BD859F2:LeaderElection15] INFO  server.RaftServerConfigKeys (ConfUtils.java:logGet(43)) - raft.server.staging.catchup.gap = 1000 (default)
2019-09-26 13:15:23,539 [4e306e3f-25ae-4809-b976-e74c1f449d85@group-B6D63BD859F2:LeaderElection15] INFO  server.RaftServerConfigKeys (ConfUtils.java:logGet(43)) - raft.server.rpc.sleep.time = 25ms (default)
2019-09-26 13:15:23,539 [4e306e3f-25ae-4809-b976-e74c1f449d85@group-B6D63BD859F2:LeaderElection15] INFO  server.RaftServerConfigKeys (ConfUtils.java:logGet(43)) - raft.server.write.element-limit = 4096 (default)
2019-09-26 13:15:23,540 [4e306e3f-25ae-4809-b976-e74c1f449d85@group-B6D63BD859F2:LeaderElection15] INFO  server.RaftServerConfigKeys (ConfUtils.java:logGet(43)) - raft.server.watch.timeout = 10s (default)
2019-09-26 13:15:23,540 [4e306e3f-25ae-4809-b976-e74c1f449d85@group-B6D63BD859F2:LeaderElection15] INFO  server.RaftServerConfigKeys (ConfUtils.java:logGet(43)) - raft.server.watch.timeout.denomination = 1s (default)
2019-09-26 13:15:23,540 [4e306e3f-25ae-4809-b976-e74c1f449d85@group-B6D63BD859F2:LeaderElection15] INFO  server.RaftServerConfigKeys (ConfUtils.java:logGet(43)) - raft.server.watch.element-limit = 65536 (default)
2019-09-26 13:15:23,543 [4e306e3f-25ae-4809-b976-e74c1f449d85@group-B6D63BD859F2:LeaderElection15] INFO  impl.RoleInfo (RoleInfo.java:updateAndGet(143)) - 4e306e3f-25ae-4809-b976-e74c1f449d85: start LeaderState
2019-09-26 13:15:23,543 [4e306e3f-25ae-4809-b976-e74c1f449d85@group-B6D63BD859F2:LeaderElection15] INFO  segmented.SegmentedRaftLogWorker (SegmentedRaftLogWorker.java:startLogSegment(380)) - 4e306e3f-25ae-4809-b976-e74c1f449d85@group-B6D63BD859F2-SegmentedRaftLogWorker: Starting segment from index:0
2019-09-26 13:15:23,543 [4e306e3f-25ae-4809-b976-e74c1f449d85@group-B6D63BD859F2:LeaderElection15] INFO  impl.RaftServerImpl (ServerState.java:setRaftConf(354)) - 4e306e3f-25ae-4809-b976-e74c1f449d85@group-B6D63BD859F2: set configuration 0: [4e306e3f-25ae-4809-b976-e74c1f449d85:192.168.164.238:46846], old=null at 0
2019-09-26 13:15:23,586 [4e306e3f-25ae-4809-b976-e74c1f449d85@group-B6D63BD859F2-SegmentedRaftLogWorker] INFO  segmented.SegmentedRaftLogWorker (SegmentedRaftLogWorker.java:execute(569)) - 4e306e3f-25ae-4809-b976-e74c1f449d85@group-B6D63BD859F2-SegmentedRaftLogWorker: created new log segment /workdir/hadoop-ozone/integration-test/target/test-dir/MiniOzoneClusterImpl-a863f920-e703-48bd-ac3b-b0b5d168c43d/datanode-1/data/ratis/51854e5b-4649-4edc-ba75-b6d63bd859f2/current/log_inprogress_0
2019-09-26 13:15:23,610 [Thread-252] INFO  impl.FollowerState (FollowerState.java:run(106)) - b4fa65ea-f6d5-4876-b0ba-3a338b93c219:group-87A756879FDB changes to CANDIDATE, lastRpcTime:5186, electionTimeout:5186ms
2019-09-26 13:15:23,610 [Thread-252] INFO  impl.RoleInfo (RoleInfo.java:shutdownFollowerState(121)) - b4fa65ea-f6d5-4876-b0ba-3a338b93c219: shutdown FollowerState
2019-09-26 13:15:23,611 [Thread-252] INFO  impl.RaftServerImpl (RaftServerImpl.java:setRole(174)) - b4fa65ea-f6d5-4876-b0ba-3a338b93c219@group-87A756879FDB: changes role from  FOLLOWER to CANDIDATE at term 0 for changeToCandidate
2019-09-26 13:15:23,611 [Thread-252] INFO  impl.RoleInfo (RoleInfo.java:updateAndGet(143)) - b4fa65ea-f6d5-4876-b0ba-3a338b93c219: start LeaderElection
2019-09-26 13:15:23,627 [b4fa65ea-f6d5-4876-b0ba-3a338b93c219@group-87A756879FDB:LeaderElection16] INFO  impl.LeaderElection (LeaderElection.java:askForVotes(182)) - b4fa65ea-f6d5-4876-b0ba-3a338b93c219@group-87A756879FDB:LeaderElection16: begin an election at term 1 for -1: [b4fa65ea-f6d5-4876-b0ba-3a338b93c219:192.168.164.238:37845], old=null
2019-09-26 13:15:23,628 [b4fa65ea-f6d5-4876-b0ba-3a338b93c219@group-87A756879FDB:LeaderElection16] INFO  impl.RoleInfo (RoleInfo.java:shutdownLeaderElection(134)) - b4fa65ea-f6d5-4876-b0ba-3a338b93c219: shutdown LeaderElection
2019-09-26 13:15:23,628 [b4fa65ea-f6d5-4876-b0ba-3a338b93c219@group-87A756879FDB:LeaderElection16] INFO  impl.RaftServerImpl (RaftServerImpl.java:setRole(174)) - b4fa65ea-f6d5-4876-b0ba-3a338b93c219@group-87A756879FDB: changes role from CANDIDATE to LEADER at term 1 for changeToLeader
2019-09-26 13:15:23,628 [b4fa65ea-f6d5-4876-b0ba-3a338b93c219@group-87A756879FDB:LeaderElection16] INFO  impl.RaftServerImpl (ServerState.java:setLeader(253)) - b4fa65ea-f6d5-4876-b0ba-3a338b93c219@group-87A756879FDB: change Leader from null to b4fa65ea-f6d5-4876-b0ba-3a338b93c219 at term 1 for becomeLeader, leader elected after 5209ms
2019-09-26 13:15:23,628 [b4fa65ea-f6d5-4876-b0ba-3a338b93c219@group-87A756879FDB:LeaderElection16] INFO  server.RaftServerConfigKeys (ConfUtils.java:logGet(43)) - raft.server.staging.catchup.gap = 1000 (default)
2019-09-26 13:15:23,628 [b4fa65ea-f6d5-4876-b0ba-3a338b93c219@group-87A756879FDB:LeaderElection16] INFO  server.RaftServerConfigKeys (ConfUtils.java:logGet(43)) - raft.server.rpc.sleep.time = 25ms (default)
2019-09-26 13:15:23,629 [b4fa65ea-f6d5-4876-b0ba-3a338b93c219@group-87A756879FDB:LeaderElection16] INFO  server.RaftServerConfigKeys (ConfUtils.java:logGet(43)) - raft.server.write.element-limit = 4096 (default)
2019-09-26 13:15:23,629 [b4fa65ea-f6d5-4876-b0ba-3a338b93c219@group-87A756879FDB:LeaderElection16] INFO  server.RaftServerConfigKeys (ConfUtils.java:logGet(43)) - raft.server.watch.timeout = 10s (default)
2019-09-26 13:15:23,629 [b4fa65ea-f6d5-4876-b0ba-3a338b93c219@group-87A756879FDB:LeaderElection16] INFO  server.RaftServerConfigKeys (ConfUtils.java:logGet(43)) - raft.server.watch.timeout.denomination = 1s (default)
2019-09-26 13:15:23,630 [b4fa65ea-f6d5-4876-b0ba-3a338b93c219@group-87A756879FDB:LeaderElection16] INFO  server.RaftServerConfigKeys (ConfUtils.java:logGet(43)) - raft.server.watch.element-limit = 65536 (default)
2019-09-26 13:15:23,634 [Thread-258] INFO  impl.FollowerState (FollowerState.java:run(106)) - 4e306e3f-25ae-4809-b976-e74c1f449d85:group-A455A09226CE changes to CANDIDATE, lastRpcTime:5099, electionTimeout:5099ms
2019-09-26 13:15:23,635 [Thread-258] INFO  impl.RoleInfo (RoleInfo.java:shutdownFollowerState(121)) - 4e306e3f-25ae-4809-b976-e74c1f449d85: shutdown FollowerState
2019-09-26 13:15:23,635 [b4fa65ea-f6d5-4876-b0ba-3a338b93c219@group-87A756879FDB:LeaderElection16] INFO  impl.RoleInfo (RoleInfo.java:updateAndGet(143)) - b4fa65ea-f6d5-4876-b0ba-3a338b93c219: start LeaderState
2019-09-26 13:15:23,635 [Thread-258] INFO  impl.RaftServerImpl (RaftServerImpl.java:setRole(174)) - 4e306e3f-25ae-4809-b976-e74c1f449d85@group-A455A09226CE: changes role from  FOLLOWER to CANDIDATE at term 0 for changeToCandidate
2019-09-26 13:15:23,635 [b4fa65ea-f6d5-4876-b0ba-3a338b93c219@group-87A756879FDB:LeaderElection16] INFO  segmented.SegmentedRaftLogWorker (SegmentedRaftLogWorker.java:startLogSegment(380)) - b4fa65ea-f6d5-4876-b0ba-3a338b93c219@group-87A756879FDB-SegmentedRaftLogWorker: Starting segment from index:0
2019-09-26 13:15:23,635 [Thread-258] INFO  impl.RoleInfo (RoleInfo.java:updateAndGet(143)) - 4e306e3f-25ae-4809-b976-e74c1f449d85: start LeaderElection
2019-09-26 13:15:23,678 [b4fa65ea-f6d5-4876-b0ba-3a338b93c219@group-87A756879FDB:LeaderElection16] INFO  impl.RaftServerImpl (ServerState.java:setRaftConf(354)) - b4fa65ea-f6d5-4876-b0ba-3a338b93c219@group-87A756879FDB: set configuration 0: [b4fa65ea-f6d5-4876-b0ba-3a338b93c219:192.168.164.238:37845], old=null at 0
2019-09-26 13:15:23,678 [Thread-261] INFO  impl.FollowerState (FollowerState.java:run(106)) - c0aad3f7-4454-4d6f-ae69-988c2d0f48a4:group-C4E473C967FB changes to CANDIDATE, lastRpcTime:5088, electionTimeout:5087ms
2019-09-26 13:15:23,680 [Thread-261] INFO  impl.RoleInfo (RoleInfo.java:shutdownFollowerState(121)) - c0aad3f7-4454-4d6f-ae69-988c2d0f48a4: shutdown FollowerState
2019-09-26 13:15:23,680 [Thread-261] INFO  impl.RaftServerImpl (RaftServerImpl.java:setRole(174)) - c0aad3f7-4454-4d6f-ae69-988c2d0f48a4@group-C4E473C967FB: changes role from  FOLLOWER to CANDIDATE at term 0 for changeToCandidate
2019-09-26 13:15:23,681 [Thread-261] INFO  impl.RoleInfo (RoleInfo.java:updateAndGet(143)) - c0aad3f7-4454-4d6f-ae69-988c2d0f48a4: start LeaderElection
2019-09-26 13:15:23,685 [b4fa65ea-f6d5-4876-b0ba-3a338b93c219@group-87A756879FDB-SegmentedRaftLogWorker] INFO  segmented.SegmentedRaftLogWorker (SegmentedRaftLogWorker.java:execute(569)) - b4fa65ea-f6d5-4876-b0ba-3a338b93c219@group-87A756879FDB-SegmentedRaftLogWorker: created new log segment /workdir/hadoop-ozone/integration-test/target/test-dir/MiniOzoneClusterImpl-a863f920-e703-48bd-ac3b-b0b5d168c43d/datanode-2/data/ratis/400c58e5-1534-4e2d-8195-87a756879fdb/current/log_inprogress_0
2019-09-26 13:15:23,685 [4e306e3f-25ae-4809-b976-e74c1f449d85@group-A455A09226CE:LeaderElection17] INFO  impl.LeaderElection (LeaderElection.java:askForVotes(182)) - 4e306e3f-25ae-4809-b976-e74c1f449d85@group-A455A09226CE:LeaderElection17: begin an election at term 1 for -1: [4e306e3f-25ae-4809-b976-e74c1f449d85:192.168.164.238:46846], old=null
2019-09-26 13:15:23,686 [4e306e3f-25ae-4809-b976-e74c1f449d85@group-A455A09226CE:LeaderElection17] INFO  impl.RoleInfo (RoleInfo.java:shutdownLeaderElection(134)) - 4e306e3f-25ae-4809-b976-e74c1f449d85: shutdown LeaderElection
2019-09-26 13:15:23,686 [4e306e3f-25ae-4809-b976-e74c1f449d85@group-A455A09226CE:LeaderElection17] INFO  impl.RaftServerImpl (RaftServerImpl.java:setRole(174)) - 4e306e3f-25ae-4809-b976-e74c1f449d85@group-A455A09226CE: changes role from CANDIDATE to LEADER at term 1 for changeToLeader
2019-09-26 13:15:23,686 [4e306e3f-25ae-4809-b976-e74c1f449d85@group-A455A09226CE:LeaderElection17] INFO  impl.RaftServerImpl (ServerState.java:setLeader(253)) - 4e306e3f-25ae-4809-b976-e74c1f449d85@group-A455A09226CE: change Leader from null to 4e306e3f-25ae-4809-b976-e74c1f449d85 at term 1 for becomeLeader, leader elected after 5157ms
2019-09-26 13:15:23,686 [4e306e3f-25ae-4809-b976-e74c1f449d85@group-A455A09226CE:LeaderElection17] INFO  server.RaftServerConfigKeys (ConfUtils.java:logGet(43)) - raft.server.staging.catchup.gap = 1000 (default)
2019-09-26 13:15:23,686 [4e306e3f-25ae-4809-b976-e74c1f449d85@group-A455A09226CE:LeaderElection17] INFO  server.RaftServerConfigKeys (ConfUtils.java:logGet(43)) - raft.server.rpc.sleep.time = 25ms (default)
2019-09-26 13:15:23,686 [4e306e3f-25ae-4809-b976-e74c1f449d85@group-A455A09226CE:LeaderElection17] INFO  server.RaftServerConfigKeys (ConfUtils.java:logGet(43)) - raft.server.write.element-limit = 4096 (default)
2019-09-26 13:15:23,687 [4e306e3f-25ae-4809-b976-e74c1f449d85@group-A455A09226CE:LeaderElection17] INFO  server.RaftServerConfigKeys (ConfUtils.java:logGet(43)) - raft.server.watch.timeout = 10s (default)
2019-09-26 13:15:23,687 [4e306e3f-25ae-4809-b976-e74c1f449d85@group-A455A09226CE:LeaderElection17] INFO  server.RaftServerConfigKeys (ConfUtils.java:logGet(43)) - raft.server.watch.timeout.denomination = 1s (default)
2019-09-26 13:15:23,687 [4e306e3f-25ae-4809-b976-e74c1f449d85@group-A455A09226CE:LeaderElection17] INFO  server.RaftServerConfigKeys (ConfUtils.java:logGet(43)) - raft.server.watch.element-limit = 65536 (default)
2019-09-26 13:15:23,690 [4e306e3f-25ae-4809-b976-e74c1f449d85@group-A455A09226CE:LeaderElection17] INFO  impl.RoleInfo (RoleInfo.java:updateAndGet(143)) - 4e306e3f-25ae-4809-b976-e74c1f449d85: start LeaderState
2019-09-26 13:15:23,690 [4e306e3f-25ae-4809-b976-e74c1f449d85@group-A455A09226CE:LeaderElection17] INFO  segmented.SegmentedRaftLogWorker (SegmentedRaftLogWorker.java:startLogSegment(380)) - 4e306e3f-25ae-4809-b976-e74c1f449d85@group-A455A09226CE-SegmentedRaftLogWorker: Starting segment from index:0
2019-09-26 13:15:23,691 [4e306e3f-25ae-4809-b976-e74c1f449d85@group-A455A09226CE:LeaderElection17] INFO  impl.RaftServerImpl (ServerState.java:setRaftConf(354)) - 4e306e3f-25ae-4809-b976-e74c1f449d85@group-A455A09226CE: set configuration 0: [4e306e3f-25ae-4809-b976-e74c1f449d85:192.168.164.238:46846], old=null at 0
2019-09-26 13:15:23,720 [Thread-267] INFO  impl.FollowerState (FollowerState.java:run(106)) - 4e306e3f-25ae-4809-b976-e74c1f449d85:group-5361F9257442 changes to CANDIDATE, lastRpcTime:5014, electionTimeout:5011ms
2019-09-26 13:15:23,720 [Thread-267] INFO  impl.RoleInfo (RoleInfo.java:shutdownFollowerState(121)) - 4e306e3f-25ae-4809-b976-e74c1f449d85: shutdown FollowerState
2019-09-26 13:15:23,720 [c0aad3f7-4454-4d6f-ae69-988c2d0f48a4@group-C4E473C967FB:LeaderElection18] INFO  impl.LeaderElection (LeaderElection.java:askForVotes(182)) - c0aad3f7-4454-4d6f-ae69-988c2d0f48a4@group-C4E473C967FB:LeaderElection18: begin an election at term 1 for -1: [c0aad3f7-4454-4d6f-ae69-988c2d0f48a4:192.168.164.238:38334], old=null
2019-09-26 13:15:23,720 [Thread-267] INFO  impl.RaftServerImpl (RaftServerImpl.java:setRole(174)) - 4e306e3f-25ae-4809-b976-e74c1f449d85@group-5361F9257442: changes role from  FOLLOWER to CANDIDATE at term 0 for changeToCandidate
2019-09-26 13:15:23,721 [c0aad3f7-4454-4d6f-ae69-988c2d0f48a4@group-C4E473C967FB:LeaderElection18] INFO  impl.RoleInfo (RoleInfo.java:shutdownLeaderElection(134)) - c0aad3f7-4454-4d6f-ae69-988c2d0f48a4: shutdown LeaderElection
2019-09-26 13:15:23,721 [Thread-267] INFO  impl.RoleInfo (RoleInfo.java:updateAndGet(143)) - 4e306e3f-25ae-4809-b976-e74c1f449d85: start LeaderElection
2019-09-26 13:15:23,721 [c0aad3f7-4454-4d6f-ae69-988c2d0f48a4@group-C4E473C967FB:LeaderElection18] INFO  impl.RaftServerImpl (RaftServerImpl.java:setRole(174)) - c0aad3f7-4454-4d6f-ae69-988c2d0f48a4@group-C4E473C967FB: changes role from CANDIDATE to LEADER at term 1 for changeToLeader
2019-09-26 13:15:23,721 [c0aad3f7-4454-4d6f-ae69-988c2d0f48a4@group-C4E473C967FB:LeaderElection18] INFO  impl.RaftServerImpl (ServerState.java:setLeader(253)) - c0aad3f7-4454-4d6f-ae69-988c2d0f48a4@group-C4E473C967FB: change Leader from null to c0aad3f7-4454-4d6f-ae69-988c2d0f48a4 at term 1 for becomeLeader, leader elected after 5139ms
2019-09-26 13:15:23,723 [c0aad3f7-4454-4d6f-ae69-988c2d0f48a4@group-C4E473C967FB:LeaderElection18] INFO  server.RaftServerConfigKeys (ConfUtils.java:logGet(43)) - raft.server.staging.catchup.gap = 1000 (default)
2019-09-26 13:15:23,725 [c0aad3f7-4454-4d6f-ae69-988c2d0f48a4@group-C4E473C967FB:LeaderElection18] INFO  server.RaftServerConfigKeys (ConfUtils.java:logGet(43)) - raft.server.rpc.sleep.time = 25ms (default)
2019-09-26 13:15:23,726 [c0aad3f7-4454-4d6f-ae69-988c2d0f48a4@group-C4E473C967FB:LeaderElection18] INFO  server.RaftServerConfigKeys (ConfUtils.java:logGet(43)) - raft.server.write.element-limit = 4096 (default)
2019-09-26 13:15:23,726 [c0aad3f7-4454-4d6f-ae69-988c2d0f48a4@group-C4E473C967FB:LeaderElection18] INFO  server.RaftServerConfigKeys (ConfUtils.java:logGet(43)) - raft.server.watch.timeout = 10s (default)
2019-09-26 13:15:23,726 [c0aad3f7-4454-4d6f-ae69-988c2d0f48a4@group-C4E473C967FB:LeaderElection18] INFO  server.RaftServerConfigKeys (ConfUtils.java:logGet(43)) - raft.server.watch.timeout.denomination = 1s (default)
2019-09-26 13:15:23,726 [c0aad3f7-4454-4d6f-ae69-988c2d0f48a4@group-C4E473C967FB:LeaderElection18] INFO  server.RaftServerConfigKeys (ConfUtils.java:logGet(43)) - raft.server.watch.element-limit = 65536 (default)
2019-09-26 13:15:23,729 [c0aad3f7-4454-4d6f-ae69-988c2d0f48a4@group-C4E473C967FB:LeaderElection18] INFO  impl.RoleInfo (RoleInfo.java:updateAndGet(143)) - c0aad3f7-4454-4d6f-ae69-988c2d0f48a4: start LeaderState
2019-09-26 13:15:23,730 [c0aad3f7-4454-4d6f-ae69-988c2d0f48a4@group-C4E473C967FB:LeaderElection18] INFO  segmented.SegmentedRaftLogWorker (SegmentedRaftLogWorker.java:startLogSegment(380)) - c0aad3f7-4454-4d6f-ae69-988c2d0f48a4@group-C4E473C967FB-SegmentedRaftLogWorker: Starting segment from index:0
2019-09-26 13:15:23,730 [c0aad3f7-4454-4d6f-ae69-988c2d0f48a4@group-C4E473C967FB:LeaderElection18] INFO  impl.RaftServerImpl (ServerState.java:setRaftConf(354)) - c0aad3f7-4454-4d6f-ae69-988c2d0f48a4@group-C4E473C967FB: set configuration 0: [c0aad3f7-4454-4d6f-ae69-988c2d0f48a4:192.168.164.238:38334], old=null at 0
2019-09-26 13:15:23,769 [4e306e3f-25ae-4809-b976-e74c1f449d85@group-A455A09226CE-SegmentedRaftLogWorker] INFO  segmented.SegmentedRaftLogWorker (SegmentedRaftLogWorker.java:execute(569)) - 4e306e3f-25ae-4809-b976-e74c1f449d85@group-A455A09226CE-SegmentedRaftLogWorker: created new log segment /workdir/hadoop-ozone/integration-test/target/test-dir/MiniOzoneClusterImpl-a863f920-e703-48bd-ac3b-b0b5d168c43d/datanode-1/data/ratis/26f8cba9-2999-4609-a1a2-a455a09226ce/current/log_inprogress_0
2019-09-26 13:15:23,769 [4e306e3f-25ae-4809-b976-e74c1f449d85@group-5361F9257442:LeaderElection19] INFO  impl.LeaderElection (LeaderElection.java:askForVotes(182)) - 4e306e3f-25ae-4809-b976-e74c1f449d85@group-5361F9257442:LeaderElection19: begin an election at term 1 for -1: [4e306e3f-25ae-4809-b976-e74c1f449d85:192.168.164.238:46846], old=null
2019-09-26 13:15:23,770 [4e306e3f-25ae-4809-b976-e74c1f449d85@group-5361F9257442:LeaderElection19] INFO  impl.RoleInfo (RoleInfo.java:shutdownLeaderElection(134)) - 4e306e3f-25ae-4809-b976-e74c1f449d85: shutdown LeaderElection
2019-09-26 13:15:23,770 [4e306e3f-25ae-4809-b976-e74c1f449d85@group-5361F9257442:LeaderElection19] INFO  impl.RaftServerImpl (RaftServerImpl.java:setRole(174)) - 4e306e3f-25ae-4809-b976-e74c1f449d85@group-5361F9257442: changes role from CANDIDATE to LEADER at term 1 for changeToLeader
2019-09-26 13:15:23,770 [4e306e3f-25ae-4809-b976-e74c1f449d85@group-5361F9257442:LeaderElection19] INFO  impl.RaftServerImpl (ServerState.java:setLeader(253)) - 4e306e3f-25ae-4809-b976-e74c1f449d85@group-5361F9257442: change Leader from null to 4e306e3f-25ae-4809-b976-e74c1f449d85 at term 1 for becomeLeader, leader elected after 5075ms
2019-09-26 13:15:23,770 [4e306e3f-25ae-4809-b976-e74c1f449d85@group-5361F9257442:LeaderElection19] INFO  server.RaftServerConfigKeys (ConfUtils.java:logGet(43)) - raft.server.staging.catchup.gap = 1000 (default)
2019-09-26 13:15:23,771 [4e306e3f-25ae-4809-b976-e74c1f449d85@group-5361F9257442:LeaderElection19] INFO  server.RaftServerConfigKeys (ConfUtils.java:logGet(43)) - raft.server.rpc.sleep.time = 25ms (default)
2019-09-26 13:15:23,771 [4e306e3f-25ae-4809-b976-e74c1f449d85@group-5361F9257442:LeaderElection19] INFO  server.RaftServerConfigKeys (ConfUtils.java:logGet(43)) - raft.server.write.element-limit = 4096 (default)
2019-09-26 13:15:23,771 [4e306e3f-25ae-4809-b976-e74c1f449d85@group-5361F9257442:LeaderElection19] INFO  server.RaftServerConfigKeys (ConfUtils.java:logGet(43)) - raft.server.watch.timeout = 10s (default)
2019-09-26 13:15:23,771 [4e306e3f-25ae-4809-b976-e74c1f449d85@group-5361F9257442:LeaderElection19] INFO  server.RaftServerConfigKeys (ConfUtils.java:logGet(43)) - raft.server.watch.timeout.denomination = 1s (default)
2019-09-26 13:15:23,772 [4e306e3f-25ae-4809-b976-e74c1f449d85@group-5361F9257442:LeaderElection19] INFO  server.RaftServerConfigKeys (ConfUtils.java:logGet(43)) - raft.server.watch.element-limit = 65536 (default)
2019-09-26 13:15:23,775 [4e306e3f-25ae-4809-b976-e74c1f449d85@group-5361F9257442:LeaderElection19] INFO  impl.RoleInfo (RoleInfo.java:updateAndGet(143)) - 4e306e3f-25ae-4809-b976-e74c1f449d85: start LeaderState
2019-09-26 13:15:23,775 [4e306e3f-25ae-4809-b976-e74c1f449d85@group-5361F9257442:LeaderElection19] INFO  segmented.SegmentedRaftLogWorker (SegmentedRaftLogWorker.java:startLogSegment(380)) - 4e306e3f-25ae-4809-b976-e74c1f449d85@group-5361F9257442-SegmentedRaftLogWorker: Starting segment from index:0
2019-09-26 13:15:23,776 [4e306e3f-25ae-4809-b976-e74c1f449d85@group-5361F9257442:LeaderElection19] INFO  impl.RaftServerImpl (ServerState.java:setRaftConf(354)) - 4e306e3f-25ae-4809-b976-e74c1f449d85@group-5361F9257442: set configuration 0: [4e306e3f-25ae-4809-b976-e74c1f449d85:192.168.164.238:46846], old=null at 0
2019-09-26 13:15:23,816 [Thread-264] INFO  impl.FollowerState (FollowerState.java:run(106)) - 4e306e3f-25ae-4809-b976-e74c1f449d85:group-33CC4E9A74FC changes to CANDIDATE, lastRpcTime:5185, electionTimeout:5170ms
2019-09-26 13:15:23,816 [c0aad3f7-4454-4d6f-ae69-988c2d0f48a4@group-C4E473C967FB-SegmentedRaftLogWorker] INFO  segmented.SegmentedRaftLogWorker (SegmentedRaftLogWorker.java:execute(569)) - c0aad3f7-4454-4d6f-ae69-988c2d0f48a4@group-C4E473C967FB-SegmentedRaftLogWorker: created new log segment /workdir/hadoop-ozone/integration-test/target/test-dir/MiniOzoneClusterImpl-a863f920-e703-48bd-ac3b-b0b5d168c43d/datanode-3/data/ratis/07c49a64-26f3-418d-8857-c4e473c967fb/current/log_inprogress_0
2019-09-26 13:15:23,816 [Thread-264] INFO  impl.RoleInfo (RoleInfo.java:shutdownFollowerState(121)) - 4e306e3f-25ae-4809-b976-e74c1f449d85: shutdown FollowerState
2019-09-26 13:15:23,816 [Thread-264] INFO  impl.RaftServerImpl (RaftServerImpl.java:setRole(174)) - 4e306e3f-25ae-4809-b976-e74c1f449d85@group-33CC4E9A74FC: changes role from  FOLLOWER to CANDIDATE at term 0 for changeToCandidate
2019-09-26 13:15:23,817 [Thread-264] INFO  impl.RoleInfo (RoleInfo.java:updateAndGet(143)) - 4e306e3f-25ae-4809-b976-e74c1f449d85: start LeaderElection
2019-09-26 13:15:23,835 [4e306e3f-25ae-4809-b976-e74c1f449d85@group-5361F9257442-SegmentedRaftLogWorker] INFO  segmented.SegmentedRaftLogWorker (SegmentedRaftLogWorker.java:execute(569)) - 4e306e3f-25ae-4809-b976-e74c1f449d85@group-5361F9257442-SegmentedRaftLogWorker: created new log segment /workdir/hadoop-ozone/integration-test/target/test-dir/MiniOzoneClusterImpl-a863f920-e703-48bd-ac3b-b0b5d168c43d/datanode-1/data/ratis/2aa37ae7-ea47-4372-8536-5361f9257442/current/log_inprogress_0
2019-09-26 13:15:23,848 [4e306e3f-25ae-4809-b976-e74c1f449d85@group-33CC4E9A74FC:LeaderElection20] INFO  impl.LeaderElection (LeaderElection.java:askForVotes(182)) - 4e306e3f-25ae-4809-b976-e74c1f449d85@group-33CC4E9A74FC:LeaderElection20: begin an election at term 1 for -1: [4e306e3f-25ae-4809-b976-e74c1f449d85:192.168.164.238:46846], old=null
2019-09-26 13:15:23,848 [4e306e3f-25ae-4809-b976-e74c1f449d85@group-33CC4E9A74FC:LeaderElection20] INFO  impl.RoleInfo (RoleInfo.java:shutdownLeaderElection(134)) - 4e306e3f-25ae-4809-b976-e74c1f449d85: shutdown LeaderElection
2019-09-26 13:15:23,849 [4e306e3f-25ae-4809-b976-e74c1f449d85@group-33CC4E9A74FC:LeaderElection20] INFO  impl.RaftServerImpl (RaftServerImpl.java:setRole(174)) - 4e306e3f-25ae-4809-b976-e74c1f449d85@group-33CC4E9A74FC: changes role from CANDIDATE to LEADER at term 1 for changeToLeader
2019-09-26 13:15:23,849 [4e306e3f-25ae-4809-b976-e74c1f449d85@group-33CC4E9A74FC:LeaderElection20] INFO  impl.RaftServerImpl (ServerState.java:setLeader(253)) - 4e306e3f-25ae-4809-b976-e74c1f449d85@group-33CC4E9A74FC: change Leader from null to 4e306e3f-25ae-4809-b976-e74c1f449d85 at term 1 for becomeLeader, leader elected after 5228ms
2019-09-26 13:15:23,849 [4e306e3f-25ae-4809-b976-e74c1f449d85@group-33CC4E9A74FC:LeaderElection20] INFO  server.RaftServerConfigKeys (ConfUtils.java:logGet(43)) - raft.server.staging.catchup.gap = 1000 (default)
2019-09-26 13:15:23,849 [4e306e3f-25ae-4809-b976-e74c1f449d85@group-33CC4E9A74FC:LeaderElection20] INFO  server.RaftServerConfigKeys (ConfUtils.java:logGet(43)) - raft.server.rpc.sleep.time = 25ms (default)
2019-09-26 13:15:23,849 [4e306e3f-25ae-4809-b976-e74c1f449d85@group-33CC4E9A74FC:LeaderElection20] INFO  server.RaftServerConfigKeys (ConfUtils.java:logGet(43)) - raft.server.write.element-limit = 4096 (default)
2019-09-26 13:15:23,849 [4e306e3f-25ae-4809-b976-e74c1f449d85@group-33CC4E9A74FC:LeaderElection20] INFO  server.RaftServerConfigKeys (ConfUtils.java:logGet(43)) - raft.server.watch.timeout = 10s (default)
2019-09-26 13:15:23,850 [4e306e3f-25ae-4809-b976-e74c1f449d85@group-33CC4E9A74FC:LeaderElection20] INFO  server.RaftServerConfigKeys (ConfUtils.java:logGet(43)) - raft.server.watch.timeout.denomination = 1s (default)
2019-09-26 13:15:23,850 [4e306e3f-25ae-4809-b976-e74c1f449d85@group-33CC4E9A74FC:LeaderElection20] INFO  server.RaftServerConfigKeys (ConfUtils.java:logGet(43)) - raft.server.watch.element-limit = 65536 (default)
2019-09-26 13:15:23,853 [4e306e3f-25ae-4809-b976-e74c1f449d85@group-33CC4E9A74FC:LeaderElection20] INFO  impl.RoleInfo (RoleInfo.java:updateAndGet(143)) - 4e306e3f-25ae-4809-b976-e74c1f449d85: start LeaderState
2019-09-26 13:15:23,853 [4e306e3f-25ae-4809-b976-e74c1f449d85@group-33CC4E9A74FC:LeaderElection20] INFO  segmented.SegmentedRaftLogWorker (SegmentedRaftLogWorker.java:startLogSegment(380)) - 4e306e3f-25ae-4809-b976-e74c1f449d85@group-33CC4E9A74FC-SegmentedRaftLogWorker: Starting segment from index:0
2019-09-26 13:15:23,854 [4e306e3f-25ae-4809-b976-e74c1f449d85@group-33CC4E9A74FC:LeaderElection20] INFO  impl.RaftServerImpl (ServerState.java:setRaftConf(354)) - 4e306e3f-25ae-4809-b976-e74c1f449d85@group-33CC4E9A74FC: set configuration 0: [4e306e3f-25ae-4809-b976-e74c1f449d85:192.168.164.238:46846], old=null at 0
2019-09-26 13:15:23,886 [Thread-270] INFO  impl.FollowerState (FollowerState.java:run(106)) - b4fa65ea-f6d5-4876-b0ba-3a338b93c219:group-3DCF1FE7EB40 changes to CANDIDATE, lastRpcTime:5108, electionTimeout:5079ms
2019-09-26 13:15:23,888 [Thread-270] INFO  impl.RoleInfo (RoleInfo.java:shutdownFollowerState(121)) - b4fa65ea-f6d5-4876-b0ba-3a338b93c219: shutdown FollowerState
2019-09-26 13:15:23,888 [Thread-270] INFO  impl.RaftServerImpl (RaftServerImpl.java:setRole(174)) - b4fa65ea-f6d5-4876-b0ba-3a338b93c219@group-3DCF1FE7EB40: changes role from  FOLLOWER to CANDIDATE at term 0 for changeToCandidate
2019-09-26 13:15:23,888 [Thread-270] INFO  impl.RoleInfo (RoleInfo.java:updateAndGet(143)) - b4fa65ea-f6d5-4876-b0ba-3a338b93c219: start LeaderElection
2019-09-26 13:15:23,899 [4e306e3f-25ae-4809-b976-e74c1f449d85@group-33CC4E9A74FC-SegmentedRaftLogWorker] INFO  segmented.SegmentedRaftLogWorker (SegmentedRaftLogWorker.java:execute(569)) - 4e306e3f-25ae-4809-b976-e74c1f449d85@group-33CC4E9A74FC-SegmentedRaftLogWorker: created new log segment /workdir/hadoop-ozone/integration-test/target/test-dir/MiniOzoneClusterImpl-a863f920-e703-48bd-ac3b-b0b5d168c43d/datanode-1/data/ratis/6a9060a9-8578-4384-9507-33cc4e9a74fc/current/log_inprogress_0
2019-09-26 13:15:23,899 [b4fa65ea-f6d5-4876-b0ba-3a338b93c219@group-3DCF1FE7EB40:LeaderElection21] INFO  impl.LeaderElection (LeaderElection.java:askForVotes(182)) - b4fa65ea-f6d5-4876-b0ba-3a338b93c219@group-3DCF1FE7EB40:LeaderElection21: begin an election at term 1 for -1: [b4fa65ea-f6d5-4876-b0ba-3a338b93c219:192.168.164.238:37845], old=null
2019-09-26 13:15:23,899 [b4fa65ea-f6d5-4876-b0ba-3a338b93c219@group-3DCF1FE7EB40:LeaderElection21] INFO  impl.RoleInfo (RoleInfo.java:shutdownLeaderElection(134)) - b4fa65ea-f6d5-4876-b0ba-3a338b93c219: shutdown LeaderElection
2019-09-26 13:15:23,899 [b4fa65ea-f6d5-4876-b0ba-3a338b93c219@group-3DCF1FE7EB40:LeaderElection21] INFO  impl.RaftServerImpl (RaftServerImpl.java:setRole(174)) - b4fa65ea-f6d5-4876-b0ba-3a338b93c219@group-3DCF1FE7EB40: changes role from CANDIDATE to LEADER at term 1 for changeToLeader
2019-09-26 13:15:23,899 [b4fa65ea-f6d5-4876-b0ba-3a338b93c219@group-3DCF1FE7EB40:LeaderElection21] INFO  impl.RaftServerImpl (ServerState.java:setLeader(253)) - b4fa65ea-f6d5-4876-b0ba-3a338b93c219@group-3DCF1FE7EB40: change Leader from null to b4fa65ea-f6d5-4876-b0ba-3a338b93c219 at term 1 for becomeLeader, leader elected after 5128ms
2019-09-26 13:15:23,899 [b4fa65ea-f6d5-4876-b0ba-3a338b93c219@group-3DCF1FE7EB40:LeaderElection21] INFO  server.RaftServerConfigKeys (ConfUtils.java:logGet(43)) - raft.server.staging.catchup.gap = 1000 (default)
2019-09-26 13:15:23,900 [b4fa65ea-f6d5-4876-b0ba-3a338b93c219@group-3DCF1FE7EB40:LeaderElection21] INFO  server.RaftServerConfigKeys (ConfUtils.java:logGet(43)) - raft.server.rpc.sleep.time = 25ms (default)
2019-09-26 13:15:23,900 [b4fa65ea-f6d5-4876-b0ba-3a338b93c219@group-3DCF1FE7EB40:LeaderElection21] INFO  server.RaftServerConfigKeys (ConfUtils.java:logGet(43)) - raft.server.write.element-limit = 4096 (default)
2019-09-26 13:15:23,900 [b4fa65ea-f6d5-4876-b0ba-3a338b93c219@group-3DCF1FE7EB40:LeaderElection21] INFO  server.RaftServerConfigKeys (ConfUtils.java:logGet(43)) - raft.server.watch.timeout = 10s (default)
2019-09-26 13:15:23,900 [b4fa65ea-f6d5-4876-b0ba-3a338b93c219@group-3DCF1FE7EB40:LeaderElection21] INFO  server.RaftServerConfigKeys (ConfUtils.java:logGet(43)) - raft.server.watch.timeout.denomination = 1s (default)
2019-09-26 13:15:23,900 [b4fa65ea-f6d5-4876-b0ba-3a338b93c219@group-3DCF1FE7EB40:LeaderElection21] INFO  server.RaftServerConfigKeys (ConfUtils.java:logGet(43)) - raft.server.watch.element-limit = 65536 (default)
2019-09-26 13:15:23,903 [b4fa65ea-f6d5-4876-b0ba-3a338b93c219@group-3DCF1FE7EB40:LeaderElection21] INFO  impl.RoleInfo (RoleInfo.java:updateAndGet(143)) - b4fa65ea-f6d5-4876-b0ba-3a338b93c219: start LeaderState
2019-09-26 13:15:23,903 [b4fa65ea-f6d5-4876-b0ba-3a338b93c219@group-3DCF1FE7EB40:LeaderElection21] INFO  segmented.SegmentedRaftLogWorker (SegmentedRaftLogWorker.java:startLogSegment(380)) - b4fa65ea-f6d5-4876-b0ba-3a338b93c219@group-3DCF1FE7EB40-SegmentedRaftLogWorker: Starting segment from index:0
2019-09-26 13:15:23,904 [b4fa65ea-f6d5-4876-b0ba-3a338b93c219@group-3DCF1FE7EB40:LeaderElection21] INFO  impl.RaftServerImpl (ServerState.java:setRaftConf(354)) - b4fa65ea-f6d5-4876-b0ba-3a338b93c219@group-3DCF1FE7EB40: set configuration 0: [b4fa65ea-f6d5-4876-b0ba-3a338b93c219:192.168.164.238:37845], old=null at 0
2019-09-26 13:15:23,940 [Thread-276] INFO  impl.FollowerState (FollowerState.java:run(106)) - c0aad3f7-4454-4d6f-ae69-988c2d0f48a4:group-2DDFB9980CEF changes to CANDIDATE, lastRpcTime:5054, electionTimeout:5053ms
2019-09-26 13:15:23,940 [Thread-276] INFO  impl.RoleInfo (RoleInfo.java:shutdownFollowerState(121)) - c0aad3f7-4454-4d6f-ae69-988c2d0f48a4: shutdown FollowerState
2019-09-26 13:15:23,940 [Thread-276] INFO  impl.RaftServerImpl (RaftServerImpl.java:setRole(174)) - c0aad3f7-4454-4d6f-ae69-988c2d0f48a4@group-2DDFB9980CEF: changes role from  FOLLOWER to CANDIDATE at term 0 for changeToCandidate
2019-09-26 13:15:23,941 [Thread-276] INFO  impl.RoleInfo (RoleInfo.java:updateAndGet(143)) - c0aad3f7-4454-4d6f-ae69-988c2d0f48a4: start LeaderElection
2019-09-26 13:15:23,950 [b4fa65ea-f6d5-4876-b0ba-3a338b93c219@group-3DCF1FE7EB40-SegmentedRaftLogWorker] INFO  segmented.SegmentedRaftLogWorker (SegmentedRaftLogWorker.java:execute(569)) - b4fa65ea-f6d5-4876-b0ba-3a338b93c219@group-3DCF1FE7EB40-SegmentedRaftLogWorker: created new log segment /workdir/hadoop-ozone/integration-test/target/test-dir/MiniOzoneClusterImpl-a863f920-e703-48bd-ac3b-b0b5d168c43d/datanode-2/data/ratis/cc0f4eb4-c79f-4ee5-9d87-3dcf1fe7eb40/current/log_inprogress_0
2019-09-26 13:15:23,950 [c0aad3f7-4454-4d6f-ae69-988c2d0f48a4@group-2DDFB9980CEF:LeaderElection22] INFO  impl.LeaderElection (LeaderElection.java:askForVotes(182)) - c0aad3f7-4454-4d6f-ae69-988c2d0f48a4@group-2DDFB9980CEF:LeaderElection22: begin an election at term 1 for -1: [c0aad3f7-4454-4d6f-ae69-988c2d0f48a4:192.168.164.238:38334], old=null
2019-09-26 13:15:23,950 [c0aad3f7-4454-4d6f-ae69-988c2d0f48a4@group-2DDFB9980CEF:LeaderElection22] INFO  impl.RoleInfo (RoleInfo.java:shutdownLeaderElection(134)) - c0aad3f7-4454-4d6f-ae69-988c2d0f48a4: shutdown LeaderElection
2019-09-26 13:15:23,951 [c0aad3f7-4454-4d6f-ae69-988c2d0f48a4@group-2DDFB9980CEF:LeaderElection22] INFO  impl.RaftServerImpl (RaftServerImpl.java:setRole(174)) - c0aad3f7-4454-4d6f-ae69-988c2d0f48a4@group-2DDFB9980CEF: changes role from CANDIDATE to LEADER at term 1 for changeToLeader
2019-09-26 13:15:23,951 [c0aad3f7-4454-4d6f-ae69-988c2d0f48a4@group-2DDFB9980CEF:LeaderElection22] INFO  impl.RaftServerImpl (ServerState.java:setLeader(253)) - c0aad3f7-4454-4d6f-ae69-988c2d0f48a4@group-2DDFB9980CEF: change Leader from null to c0aad3f7-4454-4d6f-ae69-988c2d0f48a4 at term 1 for becomeLeader, leader elected after 5070ms
2019-09-26 13:15:23,951 [c0aad3f7-4454-4d6f-ae69-988c2d0f48a4@group-2DDFB9980CEF:LeaderElection22] INFO  server.RaftServerConfigKeys (ConfUtils.java:logGet(43)) - raft.server.staging.catchup.gap = 1000 (default)
2019-09-26 13:15:23,951 [c0aad3f7-4454-4d6f-ae69-988c2d0f48a4@group-2DDFB9980CEF:LeaderElection22] INFO  server.RaftServerConfigKeys (ConfUtils.java:logGet(43)) - raft.server.rpc.sleep.time = 25ms (default)
2019-09-26 13:15:23,951 [c0aad3f7-4454-4d6f-ae69-988c2d0f48a4@group-2DDFB9980CEF:LeaderElection22] INFO  server.RaftServerConfigKeys (ConfUtils.java:logGet(43)) - raft.server.write.element-limit = 4096 (default)
2019-09-26 13:15:23,951 [c0aad3f7-4454-4d6f-ae69-988c2d0f48a4@group-2DDFB9980CEF:LeaderElection22] INFO  server.RaftServerConfigKeys (ConfUtils.java:logGet(43)) - raft.server.watch.timeout = 10s (default)
2019-09-26 13:15:23,951 [c0aad3f7-4454-4d6f-ae69-988c2d0f48a4@group-2DDFB9980CEF:LeaderElection22] INFO  server.RaftServerConfigKeys (ConfUtils.java:logGet(43)) - raft.server.watch.timeout.denomination = 1s (default)
2019-09-26 13:15:23,951 [c0aad3f7-4454-4d6f-ae69-988c2d0f48a4@group-2DDFB9980CEF:LeaderElection22] INFO  server.RaftServerConfigKeys (ConfUtils.java:logGet(43)) - raft.server.watch.element-limit = 65536 (default)
2019-09-26 13:15:23,954 [c0aad3f7-4454-4d6f-ae69-988c2d0f48a4@group-2DDFB9980CEF:LeaderElection22] INFO  impl.RoleInfo (RoleInfo.java:updateAndGet(143)) - c0aad3f7-4454-4d6f-ae69-988c2d0f48a4: start LeaderState
2019-09-26 13:15:23,954 [c0aad3f7-4454-4d6f-ae69-988c2d0f48a4@group-2DDFB9980CEF:LeaderElection22] INFO  segmented.SegmentedRaftLogWorker (SegmentedRaftLogWorker.java:startLogSegment(380)) - c0aad3f7-4454-4d6f-ae69-988c2d0f48a4@group-2DDFB9980CEF-SegmentedRaftLogWorker: Starting segment from index:0
2019-09-26 13:15:23,954 [c0aad3f7-4454-4d6f-ae69-988c2d0f48a4@group-2DDFB9980CEF:LeaderElection22] INFO  impl.RaftServerImpl (ServerState.java:setRaftConf(354)) - c0aad3f7-4454-4d6f-ae69-988c2d0f48a4@group-2DDFB9980CEF: set configuration 0: [c0aad3f7-4454-4d6f-ae69-988c2d0f48a4:192.168.164.238:38334], old=null at 0
2019-09-26 13:15:23,995 [c0aad3f7-4454-4d6f-ae69-988c2d0f48a4@group-2DDFB9980CEF-SegmentedRaftLogWorker] INFO  segmented.SegmentedRaftLogWorker (SegmentedRaftLogWorker.java:execute(569)) - c0aad3f7-4454-4d6f-ae69-988c2d0f48a4@group-2DDFB9980CEF-SegmentedRaftLogWorker: created new log segment /workdir/hadoop-ozone/integration-test/target/test-dir/MiniOzoneClusterImpl-a863f920-e703-48bd-ac3b-b0b5d168c43d/datanode-3/data/ratis/06a1cf3f-3ef6-410d-89ee-2ddfb9980cef/current/log_inprogress_0
2019-09-26 13:15:24,010 [Thread-279] INFO  impl.FollowerState (FollowerState.java:run(106)) - 93c1ba8e-47f4-467f-954e-a2b5e39419a0:group-4EF98053AAC5 changes to CANDIDATE, lastRpcTime:5069, electionTimeout:5069ms
2019-09-26 13:15:24,010 [Thread-279] INFO  impl.RoleInfo (RoleInfo.java:shutdownFollowerState(121)) - 93c1ba8e-47f4-467f-954e-a2b5e39419a0: shutdown FollowerState
2019-09-26 13:15:24,010 [Thread-279] INFO  impl.RaftServerImpl (RaftServerImpl.java:setRole(174)) - 93c1ba8e-47f4-467f-954e-a2b5e39419a0@group-4EF98053AAC5: changes role from  FOLLOWER to CANDIDATE at term 0 for changeToCandidate
2019-09-26 13:15:24,010 [Thread-273] INFO  impl.FollowerState (FollowerState.java:run(106)) - b4fa65ea-f6d5-4876-b0ba-3a338b93c219:group-B1E4C4B93623 changes to CANDIDATE, lastRpcTime:5176, electionTimeout:5176ms
2019-09-26 13:15:24,010 [Thread-279] INFO  impl.RoleInfo (RoleInfo.java:updateAndGet(143)) - 93c1ba8e-47f4-467f-954e-a2b5e39419a0: start LeaderElection
2019-09-26 13:15:24,010 [Thread-273] INFO  impl.RoleInfo (RoleInfo.java:shutdownFollowerState(121)) - b4fa65ea-f6d5-4876-b0ba-3a338b93c219: shutdown FollowerState
2019-09-26 13:15:24,011 [Thread-273] INFO  impl.RaftServerImpl (RaftServerImpl.java:setRole(174)) - b4fa65ea-f6d5-4876-b0ba-3a338b93c219@group-B1E4C4B93623: changes role from  FOLLOWER to CANDIDATE at term 0 for changeToCandidate
2019-09-26 13:15:24,011 [Thread-273] INFO  impl.RoleInfo (RoleInfo.java:updateAndGet(143)) - b4fa65ea-f6d5-4876-b0ba-3a338b93c219: start LeaderElection
2019-09-26 13:15:24,021 [Thread-282] INFO  impl.FollowerState (FollowerState.java:run(106)) - c0aad3f7-4454-4d6f-ae69-988c2d0f48a4:group-06DAF1C5F0CF changes to CANDIDATE, lastRpcTime:5019, electionTimeout:5019ms
2019-09-26 13:15:24,022 [Thread-282] INFO  impl.RoleInfo (RoleInfo.java:shutdownFollowerState(121)) - c0aad3f7-4454-4d6f-ae69-988c2d0f48a4: shutdown FollowerState
2019-09-26 13:15:24,022 [Thread-282] INFO  impl.RaftServerImpl (RaftServerImpl.java:setRole(174)) - c0aad3f7-4454-4d6f-ae69-988c2d0f48a4@group-06DAF1C5F0CF: changes role from  FOLLOWER to CANDIDATE at term 0 for changeToCandidate
2019-09-26 13:15:24,023 [Thread-282] INFO  impl.RoleInfo (RoleInfo.java:updateAndGet(143)) - c0aad3f7-4454-4d6f-ae69-988c2d0f48a4: start LeaderElection
2019-09-26 13:15:24,030 [93c1ba8e-47f4-467f-954e-a2b5e39419a0@group-4EF98053AAC5:LeaderElection23] INFO  impl.LeaderElection (LeaderElection.java:askForVotes(182)) - 93c1ba8e-47f4-467f-954e-a2b5e39419a0@group-4EF98053AAC5:LeaderElection23: begin an election at term 1 for -1: [93c1ba8e-47f4-467f-954e-a2b5e39419a0:192.168.164.238:42902], old=null
2019-09-26 13:15:24,030 [b4fa65ea-f6d5-4876-b0ba-3a338b93c219@group-B1E4C4B93623:LeaderElection24] INFO  impl.LeaderElection (LeaderElection.java:askForVotes(182)) - b4fa65ea-f6d5-4876-b0ba-3a338b93c219@group-B1E4C4B93623:LeaderElection24: begin an election at term 1 for -1: [b4fa65ea-f6d5-4876-b0ba-3a338b93c219:192.168.164.238:37845], old=null
2019-09-26 13:15:24,030 [c0aad3f7-4454-4d6f-ae69-988c2d0f48a4@group-06DAF1C5F0CF:LeaderElection25] INFO  impl.LeaderElection (LeaderElection.java:askForVotes(182)) - c0aad3f7-4454-4d6f-ae69-988c2d0f48a4@group-06DAF1C5F0CF:LeaderElection25: begin an election at term 1 for -1: [c0aad3f7-4454-4d6f-ae69-988c2d0f48a4:192.168.164.238:38334], old=null
2019-09-26 13:15:24,030 [93c1ba8e-47f4-467f-954e-a2b5e39419a0@group-4EF98053AAC5:LeaderElection23] INFO  impl.RoleInfo (RoleInfo.java:shutdownLeaderElection(134)) - 93c1ba8e-47f4-467f-954e-a2b5e39419a0: shutdown LeaderElection
2019-09-26 13:15:24,030 [b4fa65ea-f6d5-4876-b0ba-3a338b93c219@group-B1E4C4B93623:LeaderElection24] INFO  impl.RoleInfo (RoleInfo.java:shutdownLeaderElection(134)) - b4fa65ea-f6d5-4876-b0ba-3a338b93c219: shutdown LeaderElection
2019-09-26 13:15:24,030 [93c1ba8e-47f4-467f-954e-a2b5e39419a0@group-4EF98053AAC5:LeaderElection23] INFO  impl.RaftServerImpl (RaftServerImpl.java:setRole(174)) - 93c1ba8e-47f4-467f-954e-a2b5e39419a0@group-4EF98053AAC5: changes role from CANDIDATE to LEADER at term 1 for changeToLeader
2019-09-26 13:15:24,030 [93c1ba8e-47f4-467f-954e-a2b5e39419a0@group-4EF98053AAC5:LeaderElection23] INFO  impl.RaftServerImpl (ServerState.java:setLeader(253)) - 93c1ba8e-47f4-467f-954e-a2b5e39419a0@group-4EF98053AAC5: change Leader from null to 93c1ba8e-47f4-467f-954e-a2b5e39419a0 at term 1 for becomeLeader, leader elected after 5096ms
2019-09-26 13:15:24,030 [c0aad3f7-4454-4d6f-ae69-988c2d0f48a4@group-06DAF1C5F0CF:LeaderElection25] INFO  impl.RoleInfo (RoleInfo.java:shutdownLeaderElection(134)) - c0aad3f7-4454-4d6f-ae69-988c2d0f48a4: shutdown LeaderElection
2019-09-26 13:15:24,031 [93c1ba8e-47f4-467f-954e-a2b5e39419a0@group-4EF98053AAC5:LeaderElection23] INFO  server.RaftServerConfigKeys (ConfUtils.java:logGet(43)) - raft.server.staging.catchup.gap = 1000 (default)
2019-09-26 13:15:24,030 [b4fa65ea-f6d5-4876-b0ba-3a338b93c219@group-B1E4C4B93623:LeaderElection24] INFO  impl.RaftServerImpl (RaftServerImpl.java:setRole(174)) - b4fa65ea-f6d5-4876-b0ba-3a338b93c219@group-B1E4C4B93623: changes role from CANDIDATE to LEADER at term 1 for changeToLeader
2019-09-26 13:15:24,031 [93c1ba8e-47f4-467f-954e-a2b5e39419a0@group-4EF98053AAC5:LeaderElection23] INFO  server.RaftServerConfigKeys (ConfUtils.java:logGet(43)) - raft.server.rpc.sleep.time = 25ms (default)
2019-09-26 13:15:24,031 [c0aad3f7-4454-4d6f-ae69-988c2d0f48a4@group-06DAF1C5F0CF:LeaderElection25] INFO  impl.RaftServerImpl (RaftServerImpl.java:setRole(174)) - c0aad3f7-4454-4d6f-ae69-988c2d0f48a4@group-06DAF1C5F0CF: changes role from CANDIDATE to LEADER at term 1 for changeToLeader
2019-09-26 13:15:24,031 [93c1ba8e-47f4-467f-954e-a2b5e39419a0@group-4EF98053AAC5:LeaderElection23] INFO  server.RaftServerConfigKeys (ConfUtils.java:logGet(43)) - raft.server.write.element-limit = 4096 (default)
2019-09-26 13:15:24,031 [b4fa65ea-f6d5-4876-b0ba-3a338b93c219@group-B1E4C4B93623:LeaderElection24] INFO  impl.RaftServerImpl (ServerState.java:setLeader(253)) - b4fa65ea-f6d5-4876-b0ba-3a338b93c219@group-B1E4C4B93623: change Leader from null to b4fa65ea-f6d5-4876-b0ba-3a338b93c219 at term 1 for becomeLeader, leader elected after 5205ms
2019-09-26 13:15:24,031 [93c1ba8e-47f4-467f-954e-a2b5e39419a0@group-4EF98053AAC5:LeaderElection23] INFO  server.RaftServerConfigKeys (ConfUtils.java:logGet(43)) - raft.server.watch.timeout = 10s (default)
2019-09-26 13:15:24,031 [c0aad3f7-4454-4d6f-ae69-988c2d0f48a4@group-06DAF1C5F0CF:LeaderElection25] INFO  impl.RaftServerImpl (ServerState.java:setLeader(253)) - c0aad3f7-4454-4d6f-ae69-988c2d0f48a4@group-06DAF1C5F0CF: change Leader from null to c0aad3f7-4454-4d6f-ae69-988c2d0f48a4 at term 1 for becomeLeader, leader elected after 5036ms
2019-09-26 13:15:24,031 [93c1ba8e-47f4-467f-954e-a2b5e39419a0@group-4EF98053AAC5:LeaderElection23] INFO  server.RaftServerConfigKeys (ConfUtils.java:logGet(43)) - raft.server.watch.timeout.denomination = 1s (default)
2019-09-26 13:15:24,031 [b4fa65ea-f6d5-4876-b0ba-3a338b93c219@group-B1E4C4B93623:LeaderElection24] INFO  server.RaftServerConfigKeys (ConfUtils.java:logGet(43)) - raft.server.staging.catchup.gap = 1000 (default)
2019-09-26 13:15:24,032 [93c1ba8e-47f4-467f-954e-a2b5e39419a0@group-4EF98053AAC5:LeaderElection23] INFO  server.RaftServerConfigKeys (ConfUtils.java:logGet(43)) - raft.server.watch.element-limit = 65536 (default)
2019-09-26 13:15:24,032 [c0aad3f7-4454-4d6f-ae69-988c2d0f48a4@group-06DAF1C5F0CF:LeaderElection25] INFO  server.RaftServerConfigKeys (ConfUtils.java:logGet(43)) - raft.server.staging.catchup.gap = 1000 (default)
2019-09-26 13:15:24,032 [b4fa65ea-f6d5-4876-b0ba-3a338b93c219@group-B1E4C4B93623:LeaderElection24] INFO  server.RaftServerConfigKeys (ConfUtils.java:logGet(43)) - raft.server.rpc.sleep.time = 25ms (default)
2019-09-26 13:15:24,032 [c0aad3f7-4454-4d6f-ae69-988c2d0f48a4@group-06DAF1C5F0CF:LeaderElection25] INFO  server.RaftServerConfigKeys (ConfUtils.java:logGet(43)) - raft.server.rpc.sleep.time = 25ms (default)
2019-09-26 13:15:24,032 [b4fa65ea-f6d5-4876-b0ba-3a338b93c219@group-B1E4C4B93623:LeaderElection24] INFO  server.RaftServerConfigKeys (ConfUtils.java:logGet(43)) - raft.server.write.element-limit = 4096 (default)
2019-09-26 13:15:24,032 [c0aad3f7-4454-4d6f-ae69-988c2d0f48a4@group-06DAF1C5F0CF:LeaderElection25] INFO  server.RaftServerConfigKeys (ConfUtils.java:logGet(43)) - raft.server.write.element-limit = 4096 (default)
2019-09-26 13:15:24,032 [b4fa65ea-f6d5-4876-b0ba-3a338b93c219@group-B1E4C4B93623:LeaderElection24] INFO  server.RaftServerConfigKeys (ConfUtils.java:logGet(43)) - raft.server.watch.timeout = 10s (default)
2019-09-26 13:15:24,033 [c0aad3f7-4454-4d6f-ae69-988c2d0f48a4@group-06DAF1C5F0CF:LeaderElection25] INFO  server.RaftServerConfigKeys (ConfUtils.java:logGet(43)) - raft.server.watch.timeout = 10s (default)
2019-09-26 13:15:24,033 [b4fa65ea-f6d5-4876-b0ba-3a338b93c219@group-B1E4C4B93623:LeaderElection24] INFO  server.RaftServerConfigKeys (ConfUtils.java:logGet(43)) - raft.server.watch.timeout.denomination = 1s (default)
2019-09-26 13:15:24,033 [c0aad3f7-4454-4d6f-ae69-988c2d0f48a4@group-06DAF1C5F0CF:LeaderElection25] INFO  server.RaftServerConfigKeys (ConfUtils.java:logGet(43)) - raft.server.watch.timeout.denomination = 1s (default)
2019-09-26 13:15:24,033 [b4fa65ea-f6d5-4876-b0ba-3a338b93c219@group-B1E4C4B93623:LeaderElection24] INFO  server.RaftServerConfigKeys (ConfUtils.java:logGet(43)) - raft.server.watch.element-limit = 65536 (default)
2019-09-26 13:15:24,033 [c0aad3f7-4454-4d6f-ae69-988c2d0f48a4@group-06DAF1C5F0CF:LeaderElection25] INFO  server.RaftServerConfigKeys (ConfUtils.java:logGet(43)) - raft.server.watch.element-limit = 65536 (default)
2019-09-26 13:15:24,038 [93c1ba8e-47f4-467f-954e-a2b5e39419a0@group-4EF98053AAC5:LeaderElection23] INFO  impl.RoleInfo (RoleInfo.java:updateAndGet(143)) - 93c1ba8e-47f4-467f-954e-a2b5e39419a0: start LeaderState
2019-09-26 13:15:24,038 [93c1ba8e-47f4-467f-954e-a2b5e39419a0@group-4EF98053AAC5:LeaderElection23] INFO  segmented.SegmentedRaftLogWorker (SegmentedRaftLogWorker.java:startLogSegment(380)) - 93c1ba8e-47f4-467f-954e-a2b5e39419a0@group-4EF98053AAC5-SegmentedRaftLogWorker: Starting segment from index:0
2019-09-26 13:15:24,039 [c0aad3f7-4454-4d6f-ae69-988c2d0f48a4@group-06DAF1C5F0CF:LeaderElection25] INFO  impl.RoleInfo (RoleInfo.java:updateAndGet(143)) - c0aad3f7-4454-4d6f-ae69-988c2d0f48a4: start LeaderState
2019-09-26 13:15:24,039 [b4fa65ea-f6d5-4876-b0ba-3a338b93c219@group-B1E4C4B93623:LeaderElection24] INFO  impl.RoleInfo (RoleInfo.java:updateAndGet(143)) - b4fa65ea-f6d5-4876-b0ba-3a338b93c219: start LeaderState
2019-09-26 13:15:24,039 [c0aad3f7-4454-4d6f-ae69-988c2d0f48a4@group-06DAF1C5F0CF:LeaderElection25] INFO  segmented.SegmentedRaftLogWorker (SegmentedRaftLogWorker.java:startLogSegment(380)) - c0aad3f7-4454-4d6f-ae69-988c2d0f48a4@group-06DAF1C5F0CF-SegmentedRaftLogWorker: Starting segment from index:0
2019-09-26 13:15:24,039 [b4fa65ea-f6d5-4876-b0ba-3a338b93c219@group-B1E4C4B93623:LeaderElection24] INFO  segmented.SegmentedRaftLogWorker (SegmentedRaftLogWorker.java:startLogSegment(380)) - b4fa65ea-f6d5-4876-b0ba-3a338b93c219@group-B1E4C4B93623-SegmentedRaftLogWorker: Starting segment from index:0
2019-09-26 13:15:24,039 [93c1ba8e-47f4-467f-954e-a2b5e39419a0@group-4EF98053AAC5:LeaderElection23] INFO  impl.RaftServerImpl (ServerState.java:setRaftConf(354)) - 93c1ba8e-47f4-467f-954e-a2b5e39419a0@group-4EF98053AAC5: set configuration 0: [93c1ba8e-47f4-467f-954e-a2b5e39419a0:192.168.164.238:42902], old=null at 0
2019-09-26 13:15:24,078 [c0aad3f7-4454-4d6f-ae69-988c2d0f48a4@group-06DAF1C5F0CF:LeaderElection25] INFO  impl.RaftServerImpl (ServerState.java:setRaftConf(354)) - c0aad3f7-4454-4d6f-ae69-988c2d0f48a4@group-06DAF1C5F0CF: set configuration 0: [c0aad3f7-4454-4d6f-ae69-988c2d0f48a4:192.168.164.238:38334], old=null at 0
2019-09-26 13:15:24,078 [b4fa65ea-f6d5-4876-b0ba-3a338b93c219@group-B1E4C4B93623:LeaderElection24] INFO  impl.RaftServerImpl (ServerState.java:setRaftConf(354)) - b4fa65ea-f6d5-4876-b0ba-3a338b93c219@group-B1E4C4B93623: set configuration 0: [b4fa65ea-f6d5-4876-b0ba-3a338b93c219:192.168.164.238:37845], old=null at 0
2019-09-26 13:15:24,117 [93c1ba8e-47f4-467f-954e-a2b5e39419a0@group-4EF98053AAC5-SegmentedRaftLogWorker] INFO  segmented.SegmentedRaftLogWorker (SegmentedRaftLogWorker.java:execute(569)) - 93c1ba8e-47f4-467f-954e-a2b5e39419a0@group-4EF98053AAC5-SegmentedRaftLogWorker: created new log segment /workdir/hadoop-ozone/integration-test/target/test-dir/MiniOzoneClusterImpl-a863f920-e703-48bd-ac3b-b0b5d168c43d/datanode-4/data/ratis/208c70b5-eae7-4439-9432-4ef98053aac5/current/log_inprogress_0
2019-09-26 13:15:24,117 [Thread-285] INFO  impl.FollowerState (FollowerState.java:run(106)) - c0aad3f7-4454-4d6f-ae69-988c2d0f48a4:group-2D5EF03037D1 changes to CANDIDATE, lastRpcTime:5060, electionTimeout:5056ms
2019-09-26 13:15:24,121 [Thread-285] INFO  impl.RoleInfo (RoleInfo.java:shutdownFollowerState(121)) - c0aad3f7-4454-4d6f-ae69-988c2d0f48a4: shutdown FollowerState
2019-09-26 13:15:24,121 [Thread-285] INFO  impl.RaftServerImpl (RaftServerImpl.java:setRole(174)) - c0aad3f7-4454-4d6f-ae69-988c2d0f48a4@group-2D5EF03037D1: changes role from  FOLLOWER to CANDIDATE at term 0 for changeToCandidate
2019-09-26 13:15:24,121 [Thread-285] INFO  impl.RoleInfo (RoleInfo.java:updateAndGet(143)) - c0aad3f7-4454-4d6f-ae69-988c2d0f48a4: start LeaderElection
2019-09-26 13:15:24,130 [b4fa65ea-f6d5-4876-b0ba-3a338b93c219@group-B1E4C4B93623-SegmentedRaftLogWorker] INFO  segmented.SegmentedRaftLogWorker (SegmentedRaftLogWorker.java:execute(569)) - b4fa65ea-f6d5-4876-b0ba-3a338b93c219@group-B1E4C4B93623-SegmentedRaftLogWorker: created new log segment /workdir/hadoop-ozone/integration-test/target/test-dir/MiniOzoneClusterImpl-a863f920-e703-48bd-ac3b-b0b5d168c43d/datanode-2/data/ratis/4c6c5e5d-10cc-419e-83ca-b1e4c4b93623/current/log_inprogress_0
2019-09-26 13:15:24,130 [c0aad3f7-4454-4d6f-ae69-988c2d0f48a4@group-06DAF1C5F0CF-SegmentedRaftLogWorker] INFO  segmented.SegmentedRaftLogWorker (SegmentedRaftLogWorker.java:execute(569)) - c0aad3f7-4454-4d6f-ae69-988c2d0f48a4@group-06DAF1C5F0CF-SegmentedRaftLogWorker: created new log segment /workdir/hadoop-ozone/integration-test/target/test-dir/MiniOzoneClusterImpl-a863f920-e703-48bd-ac3b-b0b5d168c43d/datanode-3/data/ratis/70ff41e1-0ba8-4f16-a95a-06daf1c5f0cf/current/log_inprogress_0
2019-09-26 13:15:24,130 [c0aad3f7-4454-4d6f-ae69-988c2d0f48a4@group-2D5EF03037D1:LeaderElection26] INFO  impl.LeaderElection (LeaderElection.java:askForVotes(182)) - c0aad3f7-4454-4d6f-ae69-988c2d0f48a4@group-2D5EF03037D1:LeaderElection26: begin an election at term 1 for -1: [c0aad3f7-4454-4d6f-ae69-988c2d0f48a4:192.168.164.238:38334], old=null
2019-09-26 13:15:24,131 [c0aad3f7-4454-4d6f-ae69-988c2d0f48a4@group-2D5EF03037D1:LeaderElection26] INFO  impl.RoleInfo (RoleInfo.java:shutdownLeaderElection(134)) - c0aad3f7-4454-4d6f-ae69-988c2d0f48a4: shutdown LeaderElection
2019-09-26 13:15:24,131 [c0aad3f7-4454-4d6f-ae69-988c2d0f48a4@group-2D5EF03037D1:LeaderElection26] INFO  impl.RaftServerImpl (RaftServerImpl.java:setRole(174)) - c0aad3f7-4454-4d6f-ae69-988c2d0f48a4@group-2D5EF03037D1: changes role from CANDIDATE to LEADER at term 1 for changeToLeader
2019-09-26 13:15:24,131 [c0aad3f7-4454-4d6f-ae69-988c2d0f48a4@group-2D5EF03037D1:LeaderElection26] INFO  impl.RaftServerImpl (ServerState.java:setLeader(253)) - c0aad3f7-4454-4d6f-ae69-988c2d0f48a4@group-2D5EF03037D1: change Leader from null to c0aad3f7-4454-4d6f-ae69-988c2d0f48a4 at term 1 for becomeLeader, leader elected after 5080ms
2019-09-26 13:15:24,131 [c0aad3f7-4454-4d6f-ae69-988c2d0f48a4@group-2D5EF03037D1:LeaderElection26] INFO  server.RaftServerConfigKeys (ConfUtils.java:logGet(43)) - raft.server.staging.catchup.gap = 1000 (default)
2019-09-26 13:15:24,131 [c0aad3f7-4454-4d6f-ae69-988c2d0f48a4@group-2D5EF03037D1:LeaderElection26] INFO  server.RaftServerConfigKeys (ConfUtils.java:logGet(43)) - raft.server.rpc.sleep.time = 25ms (default)
2019-09-26 13:15:24,132 [c0aad3f7-4454-4d6f-ae69-988c2d0f48a4@group-2D5EF03037D1:LeaderElection26] INFO  server.RaftServerConfigKeys (ConfUtils.java:logGet(43)) - raft.server.write.element-limit = 4096 (default)
2019-09-26 13:15:24,132 [c0aad3f7-4454-4d6f-ae69-988c2d0f48a4@group-2D5EF03037D1:LeaderElection26] INFO  server.RaftServerConfigKeys (ConfUtils.java:logGet(43)) - raft.server.watch.timeout = 10s (default)
2019-09-26 13:15:24,132 [c0aad3f7-4454-4d6f-ae69-988c2d0f48a4@group-2D5EF03037D1:LeaderElection26] INFO  server.RaftServerConfigKeys (ConfUtils.java:logGet(43)) - raft.server.watch.timeout.denomination = 1s (default)
2019-09-26 13:15:24,132 [c0aad3f7-4454-4d6f-ae69-988c2d0f48a4@group-2D5EF03037D1:LeaderElection26] INFO  server.RaftServerConfigKeys (ConfUtils.java:logGet(43)) - raft.server.watch.element-limit = 65536 (default)
2019-09-26 13:15:24,136 [c0aad3f7-4454-4d6f-ae69-988c2d0f48a4@group-2D5EF03037D1:LeaderElection26] INFO  impl.RoleInfo (RoleInfo.java:updateAndGet(143)) - c0aad3f7-4454-4d6f-ae69-988c2d0f48a4: start LeaderState
2019-09-26 13:15:24,136 [c0aad3f7-4454-4d6f-ae69-988c2d0f48a4@group-2D5EF03037D1:LeaderElection26] INFO  segmented.SegmentedRaftLogWorker (SegmentedRaftLogWorker.java:startLogSegment(380)) - c0aad3f7-4454-4d6f-ae69-988c2d0f48a4@group-2D5EF03037D1-SegmentedRaftLogWorker: Starting segment from index:0
2019-09-26 13:15:24,137 [c0aad3f7-4454-4d6f-ae69-988c2d0f48a4@group-2D5EF03037D1:LeaderElection26] INFO  impl.RaftServerImpl (ServerState.java:setRaftConf(354)) - c0aad3f7-4454-4d6f-ae69-988c2d0f48a4@group-2D5EF03037D1: set configuration 0: [c0aad3f7-4454-4d6f-ae69-988c2d0f48a4:192.168.164.238:38334], old=null at 0
2019-09-26 13:15:24,165 [Thread-288] INFO  impl.FollowerState (FollowerState.java:run(106)) - c0aad3f7-4454-4d6f-ae69-988c2d0f48a4:group-190272F2B3F7 changes to CANDIDATE, lastRpcTime:5059, electionTimeout:5051ms
2019-09-26 13:15:24,165 [Thread-288] INFO  impl.RoleInfo (RoleInfo.java:shutdownFollowerState(121)) - c0aad3f7-4454-4d6f-ae69-988c2d0f48a4: shutdown FollowerState
2019-09-26 13:15:24,165 [Thread-288] INFO  impl.RaftServerImpl (RaftServerImpl.java:setRole(174)) - c0aad3f7-4454-4d6f-ae69-988c2d0f48a4@group-190272F2B3F7: changes role from  FOLLOWER to CANDIDATE at term 0 for changeToCandidate
2019-09-26 13:15:24,166 [Thread-288] INFO  impl.RoleInfo (RoleInfo.java:updateAndGet(143)) - c0aad3f7-4454-4d6f-ae69-988c2d0f48a4: start LeaderElection
2019-09-26 13:15:24,178 [c0aad3f7-4454-4d6f-ae69-988c2d0f48a4@group-2D5EF03037D1-SegmentedRaftLogWorker] INFO  segmented.SegmentedRaftLogWorker (SegmentedRaftLogWorker.java:execute(569)) - c0aad3f7-4454-4d6f-ae69-988c2d0f48a4@group-2D5EF03037D1-SegmentedRaftLogWorker: created new log segment /workdir/hadoop-ozone/integration-test/target/test-dir/MiniOzoneClusterImpl-a863f920-e703-48bd-ac3b-b0b5d168c43d/datanode-3/data/ratis/6391ba77-af2a-4707-884c-2d5ef03037d1/current/log_inprogress_0
2019-09-26 13:15:24,178 [c0aad3f7-4454-4d6f-ae69-988c2d0f48a4@group-190272F2B3F7:LeaderElection27] INFO  impl.LeaderElection (LeaderElection.java:askForVotes(182)) - c0aad3f7-4454-4d6f-ae69-988c2d0f48a4@group-190272F2B3F7:LeaderElection27: begin an election at term 1 for -1: [c0aad3f7-4454-4d6f-ae69-988c2d0f48a4:192.168.164.238:38334], old=null
2019-09-26 13:15:24,178 [c0aad3f7-4454-4d6f-ae69-988c2d0f48a4@group-190272F2B3F7:LeaderElection27] INFO  impl.RoleInfo (RoleInfo.java:shutdownLeaderElection(134)) - c0aad3f7-4454-4d6f-ae69-988c2d0f48a4: shutdown LeaderElection
2019-09-26 13:15:24,178 [c0aad3f7-4454-4d6f-ae69-988c2d0f48a4@group-190272F2B3F7:LeaderElection27] INFO  impl.RaftServerImpl (RaftServerImpl.java:setRole(174)) - c0aad3f7-4454-4d6f-ae69-988c2d0f48a4@group-190272F2B3F7: changes role from CANDIDATE to LEADER at term 1 for changeToLeader
2019-09-26 13:15:24,178 [c0aad3f7-4454-4d6f-ae69-988c2d0f48a4@group-190272F2B3F7:LeaderElection27] INFO  impl.RaftServerImpl (ServerState.java:setLeader(253)) - c0aad3f7-4454-4d6f-ae69-988c2d0f48a4@group-190272F2B3F7: change Leader from null to c0aad3f7-4454-4d6f-ae69-988c2d0f48a4 at term 1 for becomeLeader, leader elected after 5079ms
2019-09-26 13:15:24,179 [c0aad3f7-4454-4d6f-ae69-988c2d0f48a4@group-190272F2B3F7:LeaderElection27] INFO  server.RaftServerConfigKeys (ConfUtils.java:logGet(43)) - raft.server.staging.catchup.gap = 1000 (default)
2019-09-26 13:15:24,179 [c0aad3f7-4454-4d6f-ae69-988c2d0f48a4@group-190272F2B3F7:LeaderElection27] INFO  server.RaftServerConfigKeys (ConfUtils.java:logGet(43)) - raft.server.rpc.sleep.time = 25ms (default)
2019-09-26 13:15:24,179 [c0aad3f7-4454-4d6f-ae69-988c2d0f48a4@group-190272F2B3F7:LeaderElection27] INFO  server.RaftServerConfigKeys (ConfUtils.java:logGet(43)) - raft.server.write.element-limit = 4096 (default)
2019-09-26 13:15:24,179 [c0aad3f7-4454-4d6f-ae69-988c2d0f48a4@group-190272F2B3F7:LeaderElection27] INFO  server.RaftServerConfigKeys (ConfUtils.java:logGet(43)) - raft.server.watch.timeout = 10s (default)
2019-09-26 13:15:24,179 [c0aad3f7-4454-4d6f-ae69-988c2d0f48a4@group-190272F2B3F7:LeaderElection27] INFO  server.RaftServerConfigKeys (ConfUtils.java:logGet(43)) - raft.server.watch.timeout.denomination = 1s (default)
2019-09-26 13:15:24,179 [c0aad3f7-4454-4d6f-ae69-988c2d0f48a4@group-190272F2B3F7:LeaderElection27] INFO  server.RaftServerConfigKeys (ConfUtils.java:logGet(43)) - raft.server.watch.element-limit = 65536 (default)
2019-09-26 13:15:24,182 [c0aad3f7-4454-4d6f-ae69-988c2d0f48a4@group-190272F2B3F7:LeaderElection27] INFO  impl.RoleInfo (RoleInfo.java:updateAndGet(143)) - c0aad3f7-4454-4d6f-ae69-988c2d0f48a4: start LeaderState
2019-09-26 13:15:24,182 [c0aad3f7-4454-4d6f-ae69-988c2d0f48a4@group-190272F2B3F7:LeaderElection27] INFO  segmented.SegmentedRaftLogWorker (SegmentedRaftLogWorker.java:startLogSegment(380)) - c0aad3f7-4454-4d6f-ae69-988c2d0f48a4@group-190272F2B3F7-SegmentedRaftLogWorker: Starting segment from index:0
2019-09-26 13:15:24,182 [c0aad3f7-4454-4d6f-ae69-988c2d0f48a4@group-190272F2B3F7:LeaderElection27] INFO  impl.RaftServerImpl (ServerState.java:setRaftConf(354)) - c0aad3f7-4454-4d6f-ae69-988c2d0f48a4@group-190272F2B3F7: set configuration 0: [c0aad3f7-4454-4d6f-ae69-988c2d0f48a4:192.168.164.238:38334], old=null at 0
2019-09-26 13:15:24,222 [c0aad3f7-4454-4d6f-ae69-988c2d0f48a4@group-190272F2B3F7-SegmentedRaftLogWorker] INFO  segmented.SegmentedRaftLogWorker (SegmentedRaftLogWorker.java:execute(569)) - c0aad3f7-4454-4d6f-ae69-988c2d0f48a4@group-190272F2B3F7-SegmentedRaftLogWorker: created new log segment /workdir/hadoop-ozone/integration-test/target/test-dir/MiniOzoneClusterImpl-a863f920-e703-48bd-ac3b-b0b5d168c43d/datanode-3/data/ratis/68f6d58d-440c-4022-9b50-190272f2b3f7/current/log_inprogress_0
2019-09-26 13:15:24,279 [Thread-291] INFO  impl.FollowerState (FollowerState.java:run(106)) - 93c1ba8e-47f4-467f-954e-a2b5e39419a0:group-052C3D0273EE changes to CANDIDATE, lastRpcTime:5125, electionTimeout:5125ms
2019-09-26 13:15:24,280 [Thread-291] INFO  impl.RoleInfo (RoleInfo.java:shutdownFollowerState(121)) - 93c1ba8e-47f4-467f-954e-a2b5e39419a0: shutdown FollowerState
2019-09-26 13:15:24,280 [Thread-291] INFO  impl.RaftServerImpl (RaftServerImpl.java:setRole(174)) - 93c1ba8e-47f4-467f-954e-a2b5e39419a0@group-052C3D0273EE: changes role from  FOLLOWER to CANDIDATE at term 0 for changeToCandidate
2019-09-26 13:15:24,280 [Thread-291] INFO  impl.RoleInfo (RoleInfo.java:updateAndGet(143)) - 93c1ba8e-47f4-467f-954e-a2b5e39419a0: start LeaderElection
2019-09-26 13:15:24,296 [93c1ba8e-47f4-467f-954e-a2b5e39419a0@group-052C3D0273EE:LeaderElection28] INFO  impl.LeaderElection (LeaderElection.java:askForVotes(182)) - 93c1ba8e-47f4-467f-954e-a2b5e39419a0@group-052C3D0273EE:LeaderElection28: begin an election at term 1 for -1: [93c1ba8e-47f4-467f-954e-a2b5e39419a0:192.168.164.238:42902], old=null
2019-09-26 13:15:24,296 [93c1ba8e-47f4-467f-954e-a2b5e39419a0@group-052C3D0273EE:LeaderElection28] INFO  impl.RoleInfo (RoleInfo.java:shutdownLeaderElection(134)) - 93c1ba8e-47f4-467f-954e-a2b5e39419a0: shutdown LeaderElection
2019-09-26 13:15:24,296 [93c1ba8e-47f4-467f-954e-a2b5e39419a0@group-052C3D0273EE:LeaderElection28] INFO  impl.RaftServerImpl (RaftServerImpl.java:setRole(174)) - 93c1ba8e-47f4-467f-954e-a2b5e39419a0@group-052C3D0273EE: changes role from CANDIDATE to LEADER at term 1 for changeToLeader
2019-09-26 13:15:24,297 [93c1ba8e-47f4-467f-954e-a2b5e39419a0@group-052C3D0273EE:LeaderElection28] INFO  impl.RaftServerImpl (ServerState.java:setLeader(253)) - 93c1ba8e-47f4-467f-954e-a2b5e39419a0@group-052C3D0273EE: change Leader from null to 93c1ba8e-47f4-467f-954e-a2b5e39419a0 at term 1 for becomeLeader, leader elected after 5148ms
2019-09-26 13:15:24,297 [93c1ba8e-47f4-467f-954e-a2b5e39419a0@group-052C3D0273EE:LeaderElection28] INFO  server.RaftServerConfigKeys (ConfUtils.java:logGet(43)) - raft.server.staging.catchup.gap = 1000 (default)
2019-09-26 13:15:24,297 [93c1ba8e-47f4-467f-954e-a2b5e39419a0@group-052C3D0273EE:LeaderElection28] INFO  server.RaftServerConfigKeys (ConfUtils.java:logGet(43)) - raft.server.rpc.sleep.time = 25ms (default)
2019-09-26 13:15:24,297 [93c1ba8e-47f4-467f-954e-a2b5e39419a0@group-052C3D0273EE:LeaderElection28] INFO  server.RaftServerConfigKeys (ConfUtils.java:logGet(43)) - raft.server.write.element-limit = 4096 (default)
2019-09-26 13:15:24,297 [93c1ba8e-47f4-467f-954e-a2b5e39419a0@group-052C3D0273EE:LeaderElection28] INFO  server.RaftServerConfigKeys (ConfUtils.java:logGet(43)) - raft.server.watch.timeout = 10s (default)
2019-09-26 13:15:24,297 [93c1ba8e-47f4-467f-954e-a2b5e39419a0@group-052C3D0273EE:LeaderElection28] INFO  server.RaftServerConfigKeys (ConfUtils.java:logGet(43)) - raft.server.watch.timeout.denomination = 1s (default)
2019-09-26 13:15:24,297 [93c1ba8e-47f4-467f-954e-a2b5e39419a0@group-052C3D0273EE:LeaderElection28] INFO  server.RaftServerConfigKeys (ConfUtils.java:logGet(43)) - raft.server.watch.element-limit = 65536 (default)
2019-09-26 13:15:24,300 [93c1ba8e-47f4-467f-954e-a2b5e39419a0@group-052C3D0273EE:LeaderElection28] INFO  impl.RoleInfo (RoleInfo.java:updateAndGet(143)) - 93c1ba8e-47f4-467f-954e-a2b5e39419a0: start LeaderState
2019-09-26 13:15:24,300 [93c1ba8e-47f4-467f-954e-a2b5e39419a0@group-052C3D0273EE:LeaderElection28] INFO  segmented.SegmentedRaftLogWorker (SegmentedRaftLogWorker.java:startLogSegment(380)) - 93c1ba8e-47f4-467f-954e-a2b5e39419a0@group-052C3D0273EE-SegmentedRaftLogWorker: Starting segment from index:0
2019-09-26 13:15:24,300 [93c1ba8e-47f4-467f-954e-a2b5e39419a0@group-052C3D0273EE:LeaderElection28] INFO  impl.RaftServerImpl (ServerState.java:setRaftConf(354)) - 93c1ba8e-47f4-467f-954e-a2b5e39419a0@group-052C3D0273EE: set configuration 0: [93c1ba8e-47f4-467f-954e-a2b5e39419a0:192.168.164.238:42902], old=null at 0
2019-09-26 13:15:24,333 [main] INFO  ozoneimpl.OzoneContainer (OzoneContainer.java:stop(231)) - Attempting to stop container services.
2019-09-26 13:15:24,333 [ForkJoinPool.commonPool-worker-1] INFO  ozoneimpl.OzoneContainer (OzoneContainer.java:stop(231)) - Attempting to stop container services.
2019-09-26 13:15:24,334 [main] INFO  impl.RaftServerProxy (RaftServerProxy.java:lambda$close$4(314)) - b4fa65ea-f6d5-4876-b0ba-3a338b93c219: close
2019-09-26 13:15:24,334 [ForkJoinPool.commonPool-worker-1] INFO  impl.RaftServerProxy (RaftServerProxy.java:lambda$close$4(314)) - 4e306e3f-25ae-4809-b976-e74c1f449d85: close
2019-09-26 13:15:24,337 [ForkJoinPool.commonPool-worker-1] INFO  impl.RaftServerImpl (RaftServerImpl.java:lambda$shutdown$3(251)) - 4e306e3f-25ae-4809-b976-e74c1f449d85@group-5361F9257442: shutdown
2019-09-26 13:15:24,337 [main] INFO  impl.RaftServerImpl (RaftServerImpl.java:lambda$shutdown$3(251)) - b4fa65ea-f6d5-4876-b0ba-3a338b93c219@group-B1E4C4B93623: shutdown
2019-09-26 13:15:24,337 [ForkJoinPool.commonPool-worker-1] INFO  util.JmxRegister (JmxRegister.java:unregister(73)) - Successfully un-registered JMX Bean with object name Ratis:service=RaftServer,group=group-5361F9257442,id=4e306e3f-25ae-4809-b976-e74c1f449d85
2019-09-26 13:15:24,338 [main] INFO  util.JmxRegister (JmxRegister.java:unregister(73)) - Successfully un-registered JMX Bean with object name Ratis:service=RaftServer,group=group-B1E4C4B93623,id=b4fa65ea-f6d5-4876-b0ba-3a338b93c219
2019-09-26 13:15:24,338 [ForkJoinPool.commonPool-worker-1] INFO  impl.RoleInfo (RoleInfo.java:shutdownLeaderState(104)) - 4e306e3f-25ae-4809-b976-e74c1f449d85: shutdown LeaderState
2019-09-26 13:15:24,338 [main] INFO  impl.RoleInfo (RoleInfo.java:shutdownLeaderState(104)) - b4fa65ea-f6d5-4876-b0ba-3a338b93c219: shutdown LeaderState
2019-09-26 13:15:24,339 [ForkJoinPool.commonPool-worker-1] INFO  impl.PendingRequests (PendingRequests.java:sendNotLeaderResponses(202)) - 4e306e3f-25ae-4809-b976-e74c1f449d85-PendingRequests: sendNotLeaderResponses
2019-09-26 13:15:24,339 [main] INFO  impl.PendingRequests (PendingRequests.java:sendNotLeaderResponses(202)) - b4fa65ea-f6d5-4876-b0ba-3a338b93c219-PendingRequests: sendNotLeaderResponses
2019-09-26 13:15:24,342 [93c1ba8e-47f4-467f-954e-a2b5e39419a0@group-052C3D0273EE-SegmentedRaftLogWorker] INFO  segmented.SegmentedRaftLogWorker (SegmentedRaftLogWorker.java:execute(569)) - 93c1ba8e-47f4-467f-954e-a2b5e39419a0@group-052C3D0273EE-SegmentedRaftLogWorker: created new log segment /workdir/hadoop-ozone/integration-test/target/test-dir/MiniOzoneClusterImpl-a863f920-e703-48bd-ac3b-b0b5d168c43d/datanode-4/data/ratis/5d6d0877-5a85-423c-8c74-052c3d0273ee/current/log_inprogress_0
2019-09-26 13:15:24,343 [ForkJoinPool.commonPool-worker-1] INFO  impl.StateMachineUpdater (StateMachineUpdater.java:stopAndJoin(125)) - 4e306e3f-25ae-4809-b976-e74c1f449d85@group-5361F9257442-StateMachineUpdater: set stopIndex = 0
2019-09-26 13:15:24,343 [main] INFO  impl.StateMachineUpdater (StateMachineUpdater.java:stopAndJoin(125)) - b4fa65ea-f6d5-4876-b0ba-3a338b93c219@group-B1E4C4B93623-StateMachineUpdater: set stopIndex = 0
2019-09-26 13:15:24,345 [ForkJoinPool.commonPool-worker-1] INFO  impl.RaftServerImpl (ServerState.java:close(385)) - 4e306e3f-25ae-4809-b976-e74c1f449d85@group-5361F9257442: closes. applyIndex: 0
2019-09-26 13:15:24,345 [main] INFO  impl.RaftServerImpl (ServerState.java:close(385)) - b4fa65ea-f6d5-4876-b0ba-3a338b93c219@group-B1E4C4B93623: closes. applyIndex: 0
2019-09-26 13:15:24,347 [4e306e3f-25ae-4809-b976-e74c1f449d85@group-5361F9257442-SegmentedRaftLogWorker] INFO  segmented.SegmentedRaftLogWorker (SegmentedRaftLogWorker.java:run(313)) - 4e306e3f-25ae-4809-b976-e74c1f449d85@group-5361F9257442-SegmentedRaftLogWorker was interrupted, exiting. There are 0 tasks remaining in the queue.
2019-09-26 13:15:24,347 [b4fa65ea-f6d5-4876-b0ba-3a338b93c219@group-B1E4C4B93623-SegmentedRaftLogWorker] INFO  segmented.SegmentedRaftLogWorker (SegmentedRaftLogWorker.java:run(313)) - b4fa65ea-f6d5-4876-b0ba-3a338b93c219@group-B1E4C4B93623-SegmentedRaftLogWorker was interrupted, exiting. There are 0 tasks remaining in the queue.
2019-09-26 13:15:24,352 [ForkJoinPool.commonPool-worker-1] INFO  segmented.SegmentedRaftLogWorker (SegmentedRaftLogWorker.java:close(228)) - 4e306e3f-25ae-4809-b976-e74c1f449d85@group-5361F9257442-SegmentedRaftLogWorker close()
2019-09-26 13:15:24,352 [main] INFO  segmented.SegmentedRaftLogWorker (SegmentedRaftLogWorker.java:close(228)) - b4fa65ea-f6d5-4876-b0ba-3a338b93c219@group-B1E4C4B93623-SegmentedRaftLogWorker close()
2019-09-26 13:15:24,357 [ForkJoinPool.commonPool-worker-1] INFO  impl.RaftServerImpl (RaftServerImpl.java:lambda$shutdown$3(251)) - 4e306e3f-25ae-4809-b976-e74c1f449d85@group-B6D63BD859F2: shutdown
2019-09-26 13:15:24,365 [main] INFO  impl.RaftServerImpl (RaftServerImpl.java:lambda$shutdown$3(251)) - b4fa65ea-f6d5-4876-b0ba-3a338b93c219@group-97C7900DF39B: shutdown
2019-09-26 13:15:24,365 [ForkJoinPool.commonPool-worker-1] INFO  util.JmxRegister (JmxRegister.java:unregister(73)) - Successfully un-registered JMX Bean with object name Ratis:service=RaftServer,group=group-B6D63BD859F2,id=4e306e3f-25ae-4809-b976-e74c1f449d85
2019-09-26 13:15:24,366 [main] INFO  util.JmxRegister (JmxRegister.java:unregister(73)) - Successfully un-registered JMX Bean with object name Ratis:service=RaftServer,group=group-97C7900DF39B,id=b4fa65ea-f6d5-4876-b0ba-3a338b93c219
2019-09-26 13:15:24,367 [main] INFO  impl.RoleInfo (RoleInfo.java:shutdownLeaderState(104)) - b4fa65ea-f6d5-4876-b0ba-3a338b93c219: shutdown LeaderState
2019-09-26 13:15:24,366 [ForkJoinPool.commonPool-worker-1] INFO  impl.RoleInfo (RoleInfo.java:shutdownLeaderState(104)) - 4e306e3f-25ae-4809-b976-e74c1f449d85: shutdown LeaderState
2019-09-26 13:15:24,367 [main] INFO  impl.PendingRequests (PendingRequests.java:sendNotLeaderResponses(202)) - b4fa65ea-f6d5-4876-b0ba-3a338b93c219-PendingRequests: sendNotLeaderResponses
2019-09-26 13:15:24,367 [ForkJoinPool.commonPool-worker-1] INFO  impl.PendingRequests (PendingRequests.java:sendNotLeaderResponses(202)) - 4e306e3f-25ae-4809-b976-e74c1f449d85-PendingRequests: sendNotLeaderResponses
2019-09-26 13:15:24,368 [main] INFO  impl.StateMachineUpdater (StateMachineUpdater.java:stopAndJoin(125)) - b4fa65ea-f6d5-4876-b0ba-3a338b93c219@group-97C7900DF39B-StateMachineUpdater: set stopIndex = 0
2019-09-26 13:15:24,368 [ForkJoinPool.commonPool-worker-1] INFO  impl.StateMachineUpdater (StateMachineUpdater.java:stopAndJoin(125)) - 4e306e3f-25ae-4809-b976-e74c1f449d85@group-B6D63BD859F2-StateMachineUpdater: set stopIndex = 0
2019-09-26 13:15:24,369 [main] INFO  impl.RaftServerImpl (ServerState.java:close(385)) - b4fa65ea-f6d5-4876-b0ba-3a338b93c219@group-97C7900DF39B: closes. applyIndex: 0
2019-09-26 13:15:24,369 [ForkJoinPool.commonPool-worker-1] INFO  impl.RaftServerImpl (ServerState.java:close(385)) - 4e306e3f-25ae-4809-b976-e74c1f449d85@group-B6D63BD859F2: closes. applyIndex: 0
2019-09-26 13:15:24,369 [b4fa65ea-f6d5-4876-b0ba-3a338b93c219@group-97C7900DF39B-SegmentedRaftLogWorker] INFO  segmented.SegmentedRaftLogWorker (SegmentedRaftLogWorker.java:run(313)) - b4fa65ea-f6d5-4876-b0ba-3a338b93c219@group-97C7900DF39B-SegmentedRaftLogWorker was interrupted, exiting. There are 0 tasks remaining in the queue.
2019-09-26 13:15:24,370 [4e306e3f-25ae-4809-b976-e74c1f449d85@group-B6D63BD859F2-SegmentedRaftLogWorker] INFO  segmented.SegmentedRaftLogWorker (SegmentedRaftLogWorker.java:run(313)) - 4e306e3f-25ae-4809-b976-e74c1f449d85@group-B6D63BD859F2-SegmentedRaftLogWorker was interrupted, exiting. There are 0 tasks remaining in the queue.
2019-09-26 13:15:24,372 [main] INFO  segmented.SegmentedRaftLogWorker (SegmentedRaftLogWorker.java:close(228)) - b4fa65ea-f6d5-4876-b0ba-3a338b93c219@group-97C7900DF39B-SegmentedRaftLogWorker close()
2019-09-26 13:15:24,372 [ForkJoinPool.commonPool-worker-1] INFO  segmented.SegmentedRaftLogWorker (SegmentedRaftLogWorker.java:close(228)) - 4e306e3f-25ae-4809-b976-e74c1f449d85@group-B6D63BD859F2-SegmentedRaftLogWorker close()
2019-09-26 13:15:24,375 [main] INFO  impl.RaftServerImpl (RaftServerImpl.java:lambda$shutdown$3(251)) - b4fa65ea-f6d5-4876-b0ba-3a338b93c219@group-BE2F2009F18F: shutdown
2019-09-26 13:15:24,377 [ForkJoinPool.commonPool-worker-1] INFO  impl.RaftServerImpl (RaftServerImpl.java:lambda$shutdown$3(251)) - 4e306e3f-25ae-4809-b976-e74c1f449d85@group-CDC09BA6C402: shutdown
2019-09-26 13:15:24,378 [main] INFO  util.JmxRegister (JmxRegister.java:unregister(73)) - Successfully un-registered JMX Bean with object name Ratis:service=RaftServer,group=group-BE2F2009F18F,id=b4fa65ea-f6d5-4876-b0ba-3a338b93c219
2019-09-26 13:15:24,378 [ForkJoinPool.commonPool-worker-1] INFO  util.JmxRegister (JmxRegister.java:unregister(73)) - Successfully un-registered JMX Bean with object name Ratis:service=RaftServer,group=group-CDC09BA6C402,id=4e306e3f-25ae-4809-b976-e74c1f449d85
2019-09-26 13:15:24,378 [main] INFO  impl.RoleInfo (RoleInfo.java:shutdownLeaderState(104)) - b4fa65ea-f6d5-4876-b0ba-3a338b93c219: shutdown LeaderState
2019-09-26 13:15:24,378 [ForkJoinPool.commonPool-worker-1] INFO  impl.RoleInfo (RoleInfo.java:shutdownLeaderState(104)) - 4e306e3f-25ae-4809-b976-e74c1f449d85: shutdown LeaderState
2019-09-26 13:15:24,379 [main] INFO  impl.PendingRequests (PendingRequests.java:sendNotLeaderResponses(202)) - b4fa65ea-f6d5-4876-b0ba-3a338b93c219-PendingRequests: sendNotLeaderResponses
2019-09-26 13:15:24,379 [ForkJoinPool.commonPool-worker-1] INFO  impl.PendingRequests (PendingRequests.java:sendNotLeaderResponses(202)) - 4e306e3f-25ae-4809-b976-e74c1f449d85-PendingRequests: sendNotLeaderResponses
2019-09-26 13:15:24,380 [main] INFO  impl.StateMachineUpdater (StateMachineUpdater.java:stopAndJoin(125)) - b4fa65ea-f6d5-4876-b0ba-3a338b93c219@group-BE2F2009F18F-StateMachineUpdater: set stopIndex = 0
2019-09-26 13:15:24,380 [main] INFO  impl.RaftServerImpl (ServerState.java:close(385)) - b4fa65ea-f6d5-4876-b0ba-3a338b93c219@group-BE2F2009F18F: closes. applyIndex: 0
2019-09-26 13:15:24,380 [ForkJoinPool.commonPool-worker-1] INFO  impl.StateMachineUpdater (StateMachineUpdater.java:stopAndJoin(125)) - 4e306e3f-25ae-4809-b976-e74c1f449d85@group-CDC09BA6C402-StateMachineUpdater: set stopIndex = 0
2019-09-26 13:15:24,381 [b4fa65ea-f6d5-4876-b0ba-3a338b93c219@group-BE2F2009F18F-SegmentedRaftLogWorker] INFO  segmented.SegmentedRaftLogWorker (SegmentedRaftLogWorker.java:run(313)) - b4fa65ea-f6d5-4876-b0ba-3a338b93c219@group-BE2F2009F18F-SegmentedRaftLogWorker was interrupted, exiting. There are 0 tasks remaining in the queue.
2019-09-26 13:15:24,381 [ForkJoinPool.commonPool-worker-1] INFO  impl.RaftServerImpl (ServerState.java:close(385)) - 4e306e3f-25ae-4809-b976-e74c1f449d85@group-CDC09BA6C402: closes. applyIndex: 0
2019-09-26 13:15:24,382 [main] INFO  segmented.SegmentedRaftLogWorker (SegmentedRaftLogWorker.java:close(228)) - b4fa65ea-f6d5-4876-b0ba-3a338b93c219@group-BE2F2009F18F-SegmentedRaftLogWorker close()
2019-09-26 13:15:24,382 [4e306e3f-25ae-4809-b976-e74c1f449d85@group-CDC09BA6C402-SegmentedRaftLogWorker] INFO  segmented.SegmentedRaftLogWorker (SegmentedRaftLogWorker.java:run(313)) - 4e306e3f-25ae-4809-b976-e74c1f449d85@group-CDC09BA6C402-SegmentedRaftLogWorker was interrupted, exiting. There are 0 tasks remaining in the queue.
2019-09-26 13:15:24,386 [main] INFO  impl.RaftServerImpl (RaftServerImpl.java:lambda$shutdown$3(251)) - b4fa65ea-f6d5-4876-b0ba-3a338b93c219@group-352AC03C8FEC: shutdown
2019-09-26 13:15:24,386 [ForkJoinPool.commonPool-worker-1] INFO  segmented.SegmentedRaftLogWorker (SegmentedRaftLogWorker.java:close(228)) - 4e306e3f-25ae-4809-b976-e74c1f449d85@group-CDC09BA6C402-SegmentedRaftLogWorker close()
2019-09-26 13:15:24,386 [main] INFO  util.JmxRegister (JmxRegister.java:unregister(73)) - Successfully un-registered JMX Bean with object name Ratis:service=RaftServer,group=group-352AC03C8FEC,id=b4fa65ea-f6d5-4876-b0ba-3a338b93c219
2019-09-26 13:15:24,389 [ForkJoinPool.commonPool-worker-1] INFO  impl.RaftServerImpl (RaftServerImpl.java:lambda$shutdown$3(251)) - 4e306e3f-25ae-4809-b976-e74c1f449d85@group-33CC4E9A74FC: shutdown
2019-09-26 13:15:24,389 [main] INFO  impl.RoleInfo (RoleInfo.java:shutdownLeaderState(104)) - b4fa65ea-f6d5-4876-b0ba-3a338b93c219: shutdown LeaderState
2019-09-26 13:15:24,389 [ForkJoinPool.commonPool-worker-1] INFO  util.JmxRegister (JmxRegister.java:unregister(73)) - Successfully un-registered JMX Bean with object name Ratis:service=RaftServer,group=group-33CC4E9A74FC,id=4e306e3f-25ae-4809-b976-e74c1f449d85
2019-09-26 13:15:24,389 [main] INFO  impl.PendingRequests (PendingRequests.java:sendNotLeaderResponses(202)) - b4fa65ea-f6d5-4876-b0ba-3a338b93c219-PendingRequests: sendNotLeaderResponses
2019-09-26 13:15:24,390 [ForkJoinPool.commonPool-worker-1] INFO  impl.RoleInfo (RoleInfo.java:shutdownLeaderState(104)) - 4e306e3f-25ae-4809-b976-e74c1f449d85: shutdown LeaderState
2019-09-26 13:15:24,390 [main] INFO  impl.StateMachineUpdater (StateMachineUpdater.java:stopAndJoin(125)) - b4fa65ea-f6d5-4876-b0ba-3a338b93c219@group-352AC03C8FEC-StateMachineUpdater: set stopIndex = 0
2019-09-26 13:15:24,390 [ForkJoinPool.commonPool-worker-1] INFO  impl.PendingRequests (PendingRequests.java:sendNotLeaderResponses(202)) - 4e306e3f-25ae-4809-b976-e74c1f449d85-PendingRequests: sendNotLeaderResponses
2019-09-26 13:15:24,391 [main] INFO  impl.RaftServerImpl (ServerState.java:close(385)) - b4fa65ea-f6d5-4876-b0ba-3a338b93c219@group-352AC03C8FEC: closes. applyIndex: 0
2019-09-26 13:15:24,391 [ForkJoinPool.commonPool-worker-1] INFO  impl.StateMachineUpdater (StateMachineUpdater.java:stopAndJoin(125)) - 4e306e3f-25ae-4809-b976-e74c1f449d85@group-33CC4E9A74FC-StateMachineUpdater: set stopIndex = 0
2019-09-26 13:15:24,391 [b4fa65ea-f6d5-4876-b0ba-3a338b93c219@group-352AC03C8FEC-SegmentedRaftLogWorker] INFO  segmented.SegmentedRaftLogWorker (SegmentedRaftLogWorker.java:run(313)) - b4fa65ea-f6d5-4876-b0ba-3a338b93c219@group-352AC03C8FEC-SegmentedRaftLogWorker was interrupted, exiting. There are 0 tasks remaining in the queue.
2019-09-26 13:15:24,391 [ForkJoinPool.commonPool-worker-1] INFO  impl.RaftServerImpl (ServerState.java:close(385)) - 4e306e3f-25ae-4809-b976-e74c1f449d85@group-33CC4E9A74FC: closes. applyIndex: 0
2019-09-26 13:15:24,393 [main] INFO  segmented.SegmentedRaftLogWorker (SegmentedRaftLogWorker.java:close(228)) - b4fa65ea-f6d5-4876-b0ba-3a338b93c219@group-352AC03C8FEC-SegmentedRaftLogWorker close()
2019-09-26 13:15:24,393 [4e306e3f-25ae-4809-b976-e74c1f449d85@group-33CC4E9A74FC-SegmentedRaftLogWorker] INFO  segmented.SegmentedRaftLogWorker (SegmentedRaftLogWorker.java:run(313)) - 4e306e3f-25ae-4809-b976-e74c1f449d85@group-33CC4E9A74FC-SegmentedRaftLogWorker was interrupted, exiting. There are 0 tasks remaining in the queue.
2019-09-26 13:15:24,397 [main] INFO  impl.RaftServerImpl (RaftServerImpl.java:lambda$shutdown$3(251)) - b4fa65ea-f6d5-4876-b0ba-3a338b93c219@group-87A756879FDB: shutdown
2019-09-26 13:15:24,399 [ForkJoinPool.commonPool-worker-1] INFO  segmented.SegmentedRaftLogWorker (SegmentedRaftLogWorker.java:close(228)) - 4e306e3f-25ae-4809-b976-e74c1f449d85@group-33CC4E9A74FC-SegmentedRaftLogWorker close()
2019-09-26 13:15:24,399 [Thread-294] INFO  impl.FollowerState (FollowerState.java:run(106)) - 93c1ba8e-47f4-467f-954e-a2b5e39419a0:group-4FA5B806344B changes to CANDIDATE, lastRpcTime:5193, electionTimeout:5193ms
2019-09-26 13:15:24,402 [ForkJoinPool.commonPool-worker-1] INFO  impl.RaftServerImpl (RaftServerImpl.java:lambda$shutdown$3(251)) - 4e306e3f-25ae-4809-b976-e74c1f449d85@group-A455A09226CE: shutdown
2019-09-26 13:15:24,399 [main] INFO  util.JmxRegister (JmxRegister.java:unregister(73)) - Successfully un-registered JMX Bean with object name Ratis:service=RaftServer,group=group-87A756879FDB,id=b4fa65ea-f6d5-4876-b0ba-3a338b93c219
2019-09-26 13:15:24,403 [ForkJoinPool.commonPool-worker-1] INFO  util.JmxRegister (JmxRegister.java:unregister(73)) - Successfully un-registered JMX Bean with object name Ratis:service=RaftServer,group=group-A455A09226CE,id=4e306e3f-25ae-4809-b976-e74c1f449d85
2019-09-26 13:15:24,403 [ForkJoinPool.commonPool-worker-1] INFO  impl.RoleInfo (RoleInfo.java:shutdownLeaderState(104)) - 4e306e3f-25ae-4809-b976-e74c1f449d85: shutdown LeaderState
2019-09-26 13:15:24,402 [Thread-294] INFO  impl.RoleInfo (RoleInfo.java:shutdownFollowerState(121)) - 93c1ba8e-47f4-467f-954e-a2b5e39419a0: shutdown FollowerState
2019-09-26 13:15:24,403 [ForkJoinPool.commonPool-worker-1] INFO  impl.PendingRequests (PendingRequests.java:sendNotLeaderResponses(202)) - 4e306e3f-25ae-4809-b976-e74c1f449d85-PendingRequests: sendNotLeaderResponses
2019-09-26 13:15:24,403 [main] INFO  impl.RoleInfo (RoleInfo.java:shutdownLeaderState(104)) - b4fa65ea-f6d5-4876-b0ba-3a338b93c219: shutdown LeaderState
2019-09-26 13:15:24,403 [ForkJoinPool.commonPool-worker-1] INFO  impl.StateMachineUpdater (StateMachineUpdater.java:stopAndJoin(125)) - 4e306e3f-25ae-4809-b976-e74c1f449d85@group-A455A09226CE-StateMachineUpdater: set stopIndex = 0
2019-09-26 13:15:24,403 [Thread-294] INFO  impl.RaftServerImpl (RaftServerImpl.java:setRole(174)) - 93c1ba8e-47f4-467f-954e-a2b5e39419a0@group-4FA5B806344B: changes role from  FOLLOWER to CANDIDATE at term 0 for changeToCandidate
2019-09-26 13:15:24,404 [ForkJoinPool.commonPool-worker-1] INFO  impl.RaftServerImpl (ServerState.java:close(385)) - 4e306e3f-25ae-4809-b976-e74c1f449d85@group-A455A09226CE: closes. applyIndex: 0
2019-09-26 13:15:24,404 [main] INFO  impl.PendingRequests (PendingRequests.java:sendNotLeaderResponses(202)) - b4fa65ea-f6d5-4876-b0ba-3a338b93c219-PendingRequests: sendNotLeaderResponses
2019-09-26 13:15:24,404 [4e306e3f-25ae-4809-b976-e74c1f449d85@group-A455A09226CE-SegmentedRaftLogWorker] INFO  segmented.SegmentedRaftLogWorker (SegmentedRaftLogWorker.java:run(313)) - 4e306e3f-25ae-4809-b976-e74c1f449d85@group-A455A09226CE-SegmentedRaftLogWorker was interrupted, exiting. There are 0 tasks remaining in the queue.
2019-09-26 13:15:24,404 [Thread-294] INFO  impl.RoleInfo (RoleInfo.java:updateAndGet(143)) - 93c1ba8e-47f4-467f-954e-a2b5e39419a0: start LeaderElection
2019-09-26 13:15:24,404 [main] INFO  impl.StateMachineUpdater (StateMachineUpdater.java:stopAndJoin(125)) - b4fa65ea-f6d5-4876-b0ba-3a338b93c219@group-87A756879FDB-StateMachineUpdater: set stopIndex = 0
2019-09-26 13:15:24,406 [main] INFO  impl.RaftServerImpl (ServerState.java:close(385)) - b4fa65ea-f6d5-4876-b0ba-3a338b93c219@group-87A756879FDB: closes. applyIndex: 0
2019-09-26 13:15:24,406 [ForkJoinPool.commonPool-worker-1] INFO  segmented.SegmentedRaftLogWorker (SegmentedRaftLogWorker.java:close(228)) - 4e306e3f-25ae-4809-b976-e74c1f449d85@group-A455A09226CE-SegmentedRaftLogWorker close()
2019-09-26 13:15:24,408 [b4fa65ea-f6d5-4876-b0ba-3a338b93c219@group-87A756879FDB-SegmentedRaftLogWorker] INFO  segmented.SegmentedRaftLogWorker (SegmentedRaftLogWorker.java:run(313)) - b4fa65ea-f6d5-4876-b0ba-3a338b93c219@group-87A756879FDB-SegmentedRaftLogWorker was interrupted, exiting. There are 0 tasks remaining in the queue.
2019-09-26 13:15:24,411 [ForkJoinPool.commonPool-worker-1] INFO  impl.RaftServerImpl (RaftServerImpl.java:lambda$shutdown$3(251)) - 4e306e3f-25ae-4809-b976-e74c1f449d85@group-05441FB5FEA6: shutdown
2019-09-26 13:15:24,413 [main] INFO  segmented.SegmentedRaftLogWorker (SegmentedRaftLogWorker.java:close(228)) - b4fa65ea-f6d5-4876-b0ba-3a338b93c219@group-87A756879FDB-SegmentedRaftLogWorker close()
2019-09-26 13:15:24,413 [ForkJoinPool.commonPool-worker-1] INFO  util.JmxRegister (JmxRegister.java:unregister(73)) - Successfully un-registered JMX Bean with object name Ratis:service=RaftServer,group=group-05441FB5FEA6,id=4e306e3f-25ae-4809-b976-e74c1f449d85
2019-09-26 13:15:24,422 [main] INFO  impl.RaftServerImpl (RaftServerImpl.java:lambda$shutdown$3(251)) - b4fa65ea-f6d5-4876-b0ba-3a338b93c219@group-3DCF1FE7EB40: shutdown
2019-09-26 13:15:24,422 [ForkJoinPool.commonPool-worker-1] INFO  impl.RoleInfo (RoleInfo.java:shutdownLeaderState(104)) - 4e306e3f-25ae-4809-b976-e74c1f449d85: shutdown LeaderState
2019-09-26 13:15:24,422 [main] INFO  util.JmxRegister (JmxRegister.java:unregister(73)) - Successfully un-registered JMX Bean with object name Ratis:service=RaftServer,group=group-3DCF1FE7EB40,id=b4fa65ea-f6d5-4876-b0ba-3a338b93c219
2019-09-26 13:15:24,422 [ForkJoinPool.commonPool-worker-1] INFO  impl.PendingRequests (PendingRequests.java:sendNotLeaderResponses(202)) - 4e306e3f-25ae-4809-b976-e74c1f449d85-PendingRequests: sendNotLeaderResponses
2019-09-26 13:15:24,423 [main] INFO  impl.RoleInfo (RoleInfo.java:shutdownLeaderState(104)) - b4fa65ea-f6d5-4876-b0ba-3a338b93c219: shutdown LeaderState
2019-09-26 13:15:24,423 [ForkJoinPool.commonPool-worker-1] INFO  impl.StateMachineUpdater (StateMachineUpdater.java:stopAndJoin(125)) - 4e306e3f-25ae-4809-b976-e74c1f449d85@group-05441FB5FEA6-StateMachineUpdater: set stopIndex = 0
2019-09-26 13:15:24,423 [main] INFO  impl.PendingRequests (PendingRequests.java:sendNotLeaderResponses(202)) - b4fa65ea-f6d5-4876-b0ba-3a338b93c219-PendingRequests: sendNotLeaderResponses
2019-09-26 13:15:24,423 [ForkJoinPool.commonPool-worker-1] INFO  impl.RaftServerImpl (ServerState.java:close(385)) - 4e306e3f-25ae-4809-b976-e74c1f449d85@group-05441FB5FEA6: closes. applyIndex: 0
2019-09-26 13:15:24,424 [main] INFO  impl.StateMachineUpdater (StateMachineUpdater.java:stopAndJoin(125)) - b4fa65ea-f6d5-4876-b0ba-3a338b93c219@group-3DCF1FE7EB40-StateMachineUpdater: set stopIndex = 0
2019-09-26 13:15:24,424 [main] INFO  impl.RaftServerImpl (ServerState.java:close(385)) - b4fa65ea-f6d5-4876-b0ba-3a338b93c219@group-3DCF1FE7EB40: closes. applyIndex: 0
2019-09-26 13:15:24,424 [4e306e3f-25ae-4809-b976-e74c1f449d85@group-05441FB5FEA6-SegmentedRaftLogWorker] INFO  segmented.SegmentedRaftLogWorker (SegmentedRaftLogWorker.java:run(313)) - 4e306e3f-25ae-4809-b976-e74c1f449d85@group-05441FB5FEA6-SegmentedRaftLogWorker was interrupted, exiting. There are 0 tasks remaining in the queue.
2019-09-26 13:15:24,424 [b4fa65ea-f6d5-4876-b0ba-3a338b93c219@group-3DCF1FE7EB40-SegmentedRaftLogWorker] INFO  segmented.SegmentedRaftLogWorker (SegmentedRaftLogWorker.java:run(313)) - b4fa65ea-f6d5-4876-b0ba-3a338b93c219@group-3DCF1FE7EB40-SegmentedRaftLogWorker was interrupted, exiting. There are 0 tasks remaining in the queue.
2019-09-26 13:15:24,426 [ForkJoinPool.commonPool-worker-1] INFO  segmented.SegmentedRaftLogWorker (SegmentedRaftLogWorker.java:close(228)) - 4e306e3f-25ae-4809-b976-e74c1f449d85@group-05441FB5FEA6-SegmentedRaftLogWorker close()
2019-09-26 13:15:24,426 [main] INFO  segmented.SegmentedRaftLogWorker (SegmentedRaftLogWorker.java:close(228)) - b4fa65ea-f6d5-4876-b0ba-3a338b93c219@group-3DCF1FE7EB40-SegmentedRaftLogWorker close()
2019-09-26 13:15:24,427 [93c1ba8e-47f4-467f-954e-a2b5e39419a0@group-4FA5B806344B:LeaderElection29] INFO  impl.LeaderElection (LeaderElection.java:askForVotes(182)) - 93c1ba8e-47f4-467f-954e-a2b5e39419a0@group-4FA5B806344B:LeaderElection29: begin an election at term 1 for -1: [93c1ba8e-47f4-467f-954e-a2b5e39419a0:192.168.164.238:42902], old=null
2019-09-26 13:15:24,428 [main] INFO  server.GrpcService (GrpcService.java:closeImpl(164)) - b4fa65ea-f6d5-4876-b0ba-3a338b93c219: shutdown server with port 37845 now
2019-09-26 13:15:24,428 [93c1ba8e-47f4-467f-954e-a2b5e39419a0@group-4FA5B806344B:LeaderElection29] INFO  impl.RoleInfo (RoleInfo.java:shutdownLeaderElection(134)) - 93c1ba8e-47f4-467f-954e-a2b5e39419a0: shutdown LeaderElection
2019-09-26 13:15:24,428 [ForkJoinPool.commonPool-worker-1] INFO  server.GrpcService (GrpcService.java:closeImpl(164)) - 4e306e3f-25ae-4809-b976-e74c1f449d85: shutdown server with port 46846 now
2019-09-26 13:15:24,429 [93c1ba8e-47f4-467f-954e-a2b5e39419a0@group-4FA5B806344B:LeaderElection29] INFO  impl.RaftServerImpl (RaftServerImpl.java:setRole(174)) - 93c1ba8e-47f4-467f-954e-a2b5e39419a0@group-4FA5B806344B: changes role from CANDIDATE to LEADER at term 1 for changeToLeader
2019-09-26 13:15:24,429 [93c1ba8e-47f4-467f-954e-a2b5e39419a0@group-4FA5B806344B:LeaderElection29] INFO  impl.RaftServerImpl (ServerState.java:setLeader(253)) - 93c1ba8e-47f4-467f-954e-a2b5e39419a0@group-4FA5B806344B: change Leader from null to 93c1ba8e-47f4-467f-954e-a2b5e39419a0 at term 1 for becomeLeader, leader elected after 5230ms
2019-09-26 13:15:24,429 [93c1ba8e-47f4-467f-954e-a2b5e39419a0@group-4FA5B806344B:LeaderElection29] INFO  server.RaftServerConfigKeys (ConfUtils.java:logGet(43)) - raft.server.staging.catchup.gap = 1000 (default)
2019-09-26 13:15:24,429 [93c1ba8e-47f4-467f-954e-a2b5e39419a0@group-4FA5B806344B:LeaderElection29] INFO  server.RaftServerConfigKeys (ConfUtils.java:logGet(43)) - raft.server.rpc.sleep.time = 25ms (default)
2019-09-26 13:15:24,429 [93c1ba8e-47f4-467f-954e-a2b5e39419a0@group-4FA5B806344B:LeaderElection29] INFO  server.RaftServerConfigKeys (ConfUtils.java:logGet(43)) - raft.server.write.element-limit = 4096 (default)
2019-09-26 13:15:24,430 [93c1ba8e-47f4-467f-954e-a2b5e39419a0@group-4FA5B806344B:LeaderElection29] INFO  server.RaftServerConfigKeys (ConfUtils.java:logGet(43)) - raft.server.watch.timeout = 10s (default)
2019-09-26 13:15:24,430 [93c1ba8e-47f4-467f-954e-a2b5e39419a0@group-4FA5B806344B:LeaderElection29] INFO  server.RaftServerConfigKeys (ConfUtils.java:logGet(43)) - raft.server.watch.timeout.denomination = 1s (default)
2019-09-26 13:15:24,430 [93c1ba8e-47f4-467f-954e-a2b5e39419a0@group-4FA5B806344B:LeaderElection29] INFO  server.RaftServerConfigKeys (ConfUtils.java:logGet(43)) - raft.server.watch.element-limit = 65536 (default)
2019-09-26 13:15:24,432 [ForkJoinPool.commonPool-worker-1] INFO  server.GrpcService (GrpcService.java:closeImpl(172)) - 4e306e3f-25ae-4809-b976-e74c1f449d85: shutdown server with port 46846 successfully
2019-09-26 13:15:24,433 [main] INFO  server.GrpcService (GrpcService.java:closeImpl(172)) - b4fa65ea-f6d5-4876-b0ba-3a338b93c219: shutdown server with port 37845 successfully
2019-09-26 13:15:24,434 [93c1ba8e-47f4-467f-954e-a2b5e39419a0@group-4FA5B806344B:LeaderElection29] INFO  impl.RoleInfo (RoleInfo.java:updateAndGet(143)) - 93c1ba8e-47f4-467f-954e-a2b5e39419a0: start LeaderState
2019-09-26 13:15:24,434 [93c1ba8e-47f4-467f-954e-a2b5e39419a0@group-4FA5B806344B:LeaderElection29] INFO  segmented.SegmentedRaftLogWorker (SegmentedRaftLogWorker.java:startLogSegment(380)) - 93c1ba8e-47f4-467f-954e-a2b5e39419a0@group-4FA5B806344B-SegmentedRaftLogWorker: Starting segment from index:0
2019-09-26 13:15:24,435 [93c1ba8e-47f4-467f-954e-a2b5e39419a0@group-4FA5B806344B:LeaderElection29] INFO  impl.RaftServerImpl (ServerState.java:setRaftConf(354)) - 93c1ba8e-47f4-467f-954e-a2b5e39419a0@group-4FA5B806344B: set configuration 0: [93c1ba8e-47f4-467f-954e-a2b5e39419a0:192.168.164.238:42902], old=null at 0
2019-09-26 13:15:24,460 [Thread-297] INFO  impl.FollowerState (FollowerState.java:run(106)) - 93c1ba8e-47f4-467f-954e-a2b5e39419a0:group-698B3E75E95C changes to CANDIDATE, lastRpcTime:5191, electionTimeout:5176ms
2019-09-26 13:15:24,461 [Thread-297] INFO  impl.RoleInfo (RoleInfo.java:shutdownFollowerState(121)) - 93c1ba8e-47f4-467f-954e-a2b5e39419a0: shutdown FollowerState
2019-09-26 13:15:24,461 [Thread-297] INFO  impl.RaftServerImpl (RaftServerImpl.java:setRole(174)) - 93c1ba8e-47f4-467f-954e-a2b5e39419a0@group-698B3E75E95C: changes role from  FOLLOWER to CANDIDATE at term 0 for changeToCandidate
2019-09-26 13:15:24,461 [Thread-297] INFO  impl.RoleInfo (RoleInfo.java:updateAndGet(143)) - 93c1ba8e-47f4-467f-954e-a2b5e39419a0: start LeaderElection
2019-09-26 13:15:24,461 [refreshUsed-/workdir/hadoop-ozone/integration-test/target/test-dir/MiniOzoneClusterImpl-a863f920-e703-48bd-ac3b-b0b5d168c43d/datanode-2/data/containers] WARN  fs.CachingGetSpaceUsed (CachingGetSpaceUsed.java:run(183)) - Thread Interrupted waiting to refresh disk information: sleep interrupted
2019-09-26 13:15:24,476 [93c1ba8e-47f4-467f-954e-a2b5e39419a0@group-4FA5B806344B-SegmentedRaftLogWorker] INFO  segmented.SegmentedRaftLogWorker (SegmentedRaftLogWorker.java:execute(569)) - 93c1ba8e-47f4-467f-954e-a2b5e39419a0@group-4FA5B806344B-SegmentedRaftLogWorker: created new log segment /workdir/hadoop-ozone/integration-test/target/test-dir/MiniOzoneClusterImpl-a863f920-e703-48bd-ac3b-b0b5d168c43d/datanode-4/data/ratis/ed47ba14-5699-4ad9-9428-4fa5b806344b/current/log_inprogress_0
2019-09-26 13:15:24,476 [93c1ba8e-47f4-467f-954e-a2b5e39419a0@group-698B3E75E95C:LeaderElection30] INFO  impl.LeaderElection (LeaderElection.java:askForVotes(182)) - 93c1ba8e-47f4-467f-954e-a2b5e39419a0@group-698B3E75E95C:LeaderElection30: begin an election at term 1 for -1: [93c1ba8e-47f4-467f-954e-a2b5e39419a0:192.168.164.238:42902], old=null
2019-09-26 13:15:24,477 [93c1ba8e-47f4-467f-954e-a2b5e39419a0@group-698B3E75E95C:LeaderElection30] INFO  impl.RoleInfo (RoleInfo.java:shutdownLeaderElection(134)) - 93c1ba8e-47f4-467f-954e-a2b5e39419a0: shutdown LeaderElection
2019-09-26 13:15:24,477 [93c1ba8e-47f4-467f-954e-a2b5e39419a0@group-698B3E75E95C:LeaderElection30] INFO  impl.RaftServerImpl (RaftServerImpl.java:setRole(174)) - 93c1ba8e-47f4-467f-954e-a2b5e39419a0@group-698B3E75E95C: changes role from CANDIDATE to LEADER at term 1 for changeToLeader
2019-09-26 13:15:24,477 [refreshUsed-/workdir/hadoop-ozone/integration-test/target/test-dir/MiniOzoneClusterImpl-a863f920-e703-48bd-ac3b-b0b5d168c43d/datanode-1/data/containers] WARN  fs.CachingGetSpaceUsed (CachingGetSpaceUsed.java:run(183)) - Thread Interrupted waiting to refresh disk information: sleep interrupted
2019-09-26 13:15:24,478 [93c1ba8e-47f4-467f-954e-a2b5e39419a0@group-698B3E75E95C:LeaderElection30] INFO  impl.RaftServerImpl (ServerState.java:setLeader(253)) - 93c1ba8e-47f4-467f-954e-a2b5e39419a0@group-698B3E75E95C: change Leader from null to 93c1ba8e-47f4-467f-954e-a2b5e39419a0 at term 1 for becomeLeader, leader elected after 5218ms
2019-09-26 13:15:24,478 [93c1ba8e-47f4-467f-954e-a2b5e39419a0@group-698B3E75E95C:LeaderElection30] INFO  server.RaftServerConfigKeys (ConfUtils.java:logGet(43)) - raft.server.staging.catchup.gap = 1000 (default)
2019-09-26 13:15:24,478 [93c1ba8e-47f4-467f-954e-a2b5e39419a0@group-698B3E75E95C:LeaderElection30] INFO  server.RaftServerConfigKeys (ConfUtils.java:logGet(43)) - raft.server.rpc.sleep.time = 25ms (default)
2019-09-26 13:15:24,478 [93c1ba8e-47f4-467f-954e-a2b5e39419a0@group-698B3E75E95C:LeaderElection30] INFO  server.RaftServerConfigKeys (ConfUtils.java:logGet(43)) - raft.server.write.element-limit = 4096 (default)
2019-09-26 13:15:24,478 [93c1ba8e-47f4-467f-954e-a2b5e39419a0@group-698B3E75E95C:LeaderElection30] INFO  server.RaftServerConfigKeys (ConfUtils.java:logGet(43)) - raft.server.watch.timeout = 10s (default)
2019-09-26 13:15:24,479 [93c1ba8e-47f4-467f-954e-a2b5e39419a0@group-698B3E75E95C:LeaderElection30] INFO  server.RaftServerConfigKeys (ConfUtils.java:logGet(43)) - raft.server.watch.timeout.denomination = 1s (default)
2019-09-26 13:15:24,479 [93c1ba8e-47f4-467f-954e-a2b5e39419a0@group-698B3E75E95C:LeaderElection30] INFO  server.RaftServerConfigKeys (ConfUtils.java:logGet(43)) - raft.server.watch.element-limit = 65536 (default)
2019-09-26 13:15:24,481 [93c1ba8e-47f4-467f-954e-a2b5e39419a0@group-698B3E75E95C:LeaderElection30] INFO  impl.RoleInfo (RoleInfo.java:updateAndGet(143)) - 93c1ba8e-47f4-467f-954e-a2b5e39419a0: start LeaderState
2019-09-26 13:15:24,485 [93c1ba8e-47f4-467f-954e-a2b5e39419a0@group-698B3E75E95C:LeaderElection30] INFO  segmented.SegmentedRaftLogWorker (SegmentedRaftLogWorker.java:startLogSegment(380)) - 93c1ba8e-47f4-467f-954e-a2b5e39419a0@group-698B3E75E95C-SegmentedRaftLogWorker: Starting segment from index:0
2019-09-26 13:15:24,485 [93c1ba8e-47f4-467f-954e-a2b5e39419a0@group-698B3E75E95C:LeaderElection30] INFO  impl.RaftServerImpl (ServerState.java:setRaftConf(354)) - 93c1ba8e-47f4-467f-954e-a2b5e39419a0@group-698B3E75E95C: set configuration 0: [93c1ba8e-47f4-467f-954e-a2b5e39419a0:192.168.164.238:42902], old=null at 0
2019-09-26 13:15:24,615 [93c1ba8e-47f4-467f-954e-a2b5e39419a0@group-698B3E75E95C-SegmentedRaftLogWorker] INFO  segmented.SegmentedRaftLogWorker (SegmentedRaftLogWorker.java:execute(569)) - 93c1ba8e-47f4-467f-954e-a2b5e39419a0@group-698B3E75E95C-SegmentedRaftLogWorker: created new log segment /workdir/hadoop-ozone/integration-test/target/test-dir/MiniOzoneClusterImpl-a863f920-e703-48bd-ac3b-b0b5d168c43d/datanode-4/data/ratis/cf9df108-dc63-4e10-9112-698b3e75e95c/current/log_inprogress_0
2019-09-26 13:15:24,651 [main] INFO  utils.BackgroundService (BackgroundService.java:shutdown(148)) - Shutting down service BlockDeletingService
2019-09-26 13:15:24,673 [main] INFO  statemachine.DatanodeStateMachine (DatanodeStateMachine.java:stopDaemon(395)) - Ozone container server stopped.
2019-09-26 13:15:24,674 [main] INFO  handler.ContextHandler (ContextHandler.java:doStop(910)) - Stopped o.e.j.w.WebAppContext@2f2bff16{/,null,UNAVAILABLE}{/hddsDatanode}
2019-09-26 13:15:24,675 [main] INFO  server.AbstractConnector (AbstractConnector.java:doStop(318)) - Stopped ServerConnector@75de29c0{HTTP/1.1,[http/1.1]}{0.0.0.0:0}
2019-09-26 13:15:24,675 [main] INFO  handler.ContextHandler (ContextHandler.java:doStop(910)) - Stopped o.e.j.s.ServletContextHandler@44536de4{/static,jar:file:/home/user/.m2/repository/org/apache/hadoop/hadoop-hdds-container-service/0.5.0-SNAPSHOT/hadoop-hdds-container-service-0.5.0-SNAPSHOT.jar!/webapps/static,UNAVAILABLE}
2019-09-26 13:15:24,676 [ForkJoinPool.commonPool-worker-1] INFO  utils.BackgroundService (BackgroundService.java:shutdown(148)) - Shutting down service BlockDeletingService
2019-09-26 13:15:24,676 [main] INFO  handler.ContextHandler (ContextHandler.java:doStop(910)) - Stopped o.e.j.s.ServletContextHandler@54d8c20d{/logs,file:///workdir/hadoop-ozone/integration-test/target/log,UNAVAILABLE}
2019-09-26 13:15:24,680 [ForkJoinPool.commonPool-worker-1] INFO  statemachine.DatanodeStateMachine (DatanodeStateMachine.java:stopDaemon(395)) - Ozone container server stopped.
2019-09-26 13:15:24,684 [ForkJoinPool.commonPool-worker-1] INFO  handler.ContextHandler (ContextHandler.java:doStop(910)) - Stopped o.e.j.w.WebAppContext@6f94a5a5{/,null,UNAVAILABLE}{/hddsDatanode}
2019-09-26 13:15:24,685 [ForkJoinPool.commonPool-worker-1] INFO  server.AbstractConnector (AbstractConnector.java:doStop(318)) - Stopped ServerConnector@455c1d8c{HTTP/1.1,[http/1.1]}{0.0.0.0:0}
2019-09-26 13:15:24,686 [ForkJoinPool.commonPool-worker-1] INFO  handler.ContextHandler (ContextHandler.java:doStop(910)) - Stopped o.e.j.s.ServletContextHandler@1e7ab390{/static,jar:file:/home/user/.m2/repository/org/apache/hadoop/hadoop-hdds-container-service/0.5.0-SNAPSHOT/hadoop-hdds-container-service-0.5.0-SNAPSHOT.jar!/webapps/static,UNAVAILABLE}
2019-09-26 13:15:24,688 [ForkJoinPool.commonPool-worker-1] INFO  handler.ContextHandler (ContextHandler.java:doStop(910)) - Stopped o.e.j.s.ServletContextHandler@15400fff{/logs,file:///workdir/hadoop-ozone/integration-test/target/log,UNAVAILABLE}
2019-09-26 13:15:24,938 [Datanode State Machine Thread - 0] INFO  statemachine.DatanodeStateMachine (DatanodeStateMachine.java:lambda$startDaemon$0(350)) - Ozone container server started.
2019-09-26 13:15:25,577 [Datanode State Machine Thread - 0] INFO  statemachine.DatanodeStateMachine (DatanodeStateMachine.java:lambda$startDaemon$0(350)) - Ozone container server started.
2019-09-26 13:15:29,685 [main] INFO  ozoneimpl.OzoneContainer (OzoneContainer.java:stop(231)) - Attempting to stop container services.
2019-09-26 13:15:29,686 [main] INFO  impl.RaftServerProxy (RaftServerProxy.java:lambda$close$4(314)) - 93c1ba8e-47f4-467f-954e-a2b5e39419a0: close
2019-09-26 13:15:29,687 [main] INFO  impl.RaftServerImpl (RaftServerImpl.java:lambda$shutdown$3(251)) - 93c1ba8e-47f4-467f-954e-a2b5e39419a0@group-698B3E75E95C: shutdown
2019-09-26 13:15:29,688 [main] INFO  util.JmxRegister (JmxRegister.java:unregister(73)) - Successfully un-registered JMX Bean with object name Ratis:service=RaftServer,group=group-698B3E75E95C,id=93c1ba8e-47f4-467f-954e-a2b5e39419a0
2019-09-26 13:15:29,688 [main] INFO  impl.RoleInfo (RoleInfo.java:shutdownLeaderState(104)) - 93c1ba8e-47f4-467f-954e-a2b5e39419a0: shutdown LeaderState
2019-09-26 13:15:29,689 [main] INFO  impl.PendingRequests (PendingRequests.java:sendNotLeaderResponses(202)) - 93c1ba8e-47f4-467f-954e-a2b5e39419a0-PendingRequests: sendNotLeaderResponses
2019-09-26 13:15:29,689 [main] INFO  impl.StateMachineUpdater (StateMachineUpdater.java:stopAndJoin(125)) - 93c1ba8e-47f4-467f-954e-a2b5e39419a0@group-698B3E75E95C-StateMachineUpdater: set stopIndex = 0
2019-09-26 13:15:29,690 [ForkJoinPool.commonPool-worker-1] INFO  ozoneimpl.OzoneContainer (OzoneContainer.java:stop(231)) - Attempting to stop container services.
2019-09-26 13:15:29,692 [main] INFO  impl.RaftServerImpl (ServerState.java:close(385)) - 93c1ba8e-47f4-467f-954e-a2b5e39419a0@group-698B3E75E95C: closes. applyIndex: 0
2019-09-26 13:15:29,692 [ForkJoinPool.commonPool-worker-1] INFO  impl.RaftServerProxy (RaftServerProxy.java:lambda$close$4(314)) - d09ba3db-71ae-4cc1-a070-460d4ee804eb: close
2019-09-26 13:15:29,693 [93c1ba8e-47f4-467f-954e-a2b5e39419a0@group-698B3E75E95C-SegmentedRaftLogWorker] INFO  segmented.SegmentedRaftLogWorker (SegmentedRaftLogWorker.java:run(313)) - 93c1ba8e-47f4-467f-954e-a2b5e39419a0@group-698B3E75E95C-SegmentedRaftLogWorker was interrupted, exiting. There are 0 tasks remaining in the queue.
2019-09-26 13:15:29,693 [ForkJoinPool.commonPool-worker-1] INFO  impl.RaftServerImpl (RaftServerImpl.java:lambda$shutdown$3(251)) - d09ba3db-71ae-4cc1-a070-460d4ee804eb@group-6A4CFF1ACEFA: shutdown
2019-09-26 13:15:29,696 [main] INFO  segmented.SegmentedRaftLogWorker (SegmentedRaftLogWorker.java:close(228)) - 93c1ba8e-47f4-467f-954e-a2b5e39419a0@group-698B3E75E95C-SegmentedRaftLogWorker close()
2019-09-26 13:15:29,696 [ForkJoinPool.commonPool-worker-1] INFO  util.JmxRegister (JmxRegister.java:unregister(73)) - Successfully un-registered JMX Bean with object name Ratis:service=RaftServer,group=group-6A4CFF1ACEFA,id=d09ba3db-71ae-4cc1-a070-460d4ee804eb
2019-09-26 13:15:29,698 [main] INFO  impl.RaftServerImpl (RaftServerImpl.java:lambda$shutdown$3(251)) - 93c1ba8e-47f4-467f-954e-a2b5e39419a0@group-052C3D0273EE: shutdown
2019-09-26 13:15:29,698 [ForkJoinPool.commonPool-worker-1] INFO  impl.RoleInfo (RoleInfo.java:shutdownLeaderState(104)) - d09ba3db-71ae-4cc1-a070-460d4ee804eb: shutdown LeaderState
2019-09-26 13:15:29,698 [main] INFO  util.JmxRegister (JmxRegister.java:unregister(73)) - Successfully un-registered JMX Bean with object name Ratis:service=RaftServer,group=group-052C3D0273EE,id=93c1ba8e-47f4-467f-954e-a2b5e39419a0
2019-09-26 13:15:29,699 [ForkJoinPool.commonPool-worker-1] INFO  impl.PendingRequests (PendingRequests.java:sendNotLeaderResponses(202)) - d09ba3db-71ae-4cc1-a070-460d4ee804eb-PendingRequests: sendNotLeaderResponses
2019-09-26 13:15:29,699 [main] INFO  impl.RoleInfo (RoleInfo.java:shutdownLeaderState(104)) - 93c1ba8e-47f4-467f-954e-a2b5e39419a0: shutdown LeaderState
2019-09-26 13:15:29,700 [ForkJoinPool.commonPool-worker-1] INFO  impl.StateMachineUpdater (StateMachineUpdater.java:stopAndJoin(125)) - d09ba3db-71ae-4cc1-a070-460d4ee804eb@group-6A4CFF1ACEFA-StateMachineUpdater: set stopIndex = 0
2019-09-26 13:15:29,700 [main] INFO  impl.PendingRequests (PendingRequests.java:sendNotLeaderResponses(202)) - 93c1ba8e-47f4-467f-954e-a2b5e39419a0-PendingRequests: sendNotLeaderResponses
2019-09-26 13:15:29,700 [ForkJoinPool.commonPool-worker-1] INFO  impl.RaftServerImpl (ServerState.java:close(385)) - d09ba3db-71ae-4cc1-a070-460d4ee804eb@group-6A4CFF1ACEFA: closes. applyIndex: 0
2019-09-26 13:15:29,701 [main] INFO  impl.StateMachineUpdater (StateMachineUpdater.java:stopAndJoin(125)) - 93c1ba8e-47f4-467f-954e-a2b5e39419a0@group-052C3D0273EE-StateMachineUpdater: set stopIndex = 0
2019-09-26 13:15:29,701 [main] INFO  impl.RaftServerImpl (ServerState.java:close(385)) - 93c1ba8e-47f4-467f-954e-a2b5e39419a0@group-052C3D0273EE: closes. applyIndex: 0
2019-09-26 13:15:29,701 [d09ba3db-71ae-4cc1-a070-460d4ee804eb@group-6A4CFF1ACEFA-SegmentedRaftLogWorker] INFO  segmented.SegmentedRaftLogWorker (SegmentedRaftLogWorker.java:run(313)) - d09ba3db-71ae-4cc1-a070-460d4ee804eb@group-6A4CFF1ACEFA-SegmentedRaftLogWorker was interrupted, exiting. There are 0 tasks remaining in the queue.
2019-09-26 13:15:29,702 [93c1ba8e-47f4-467f-954e-a2b5e39419a0@group-052C3D0273EE-SegmentedRaftLogWorker] INFO  segmented.SegmentedRaftLogWorker (SegmentedRaftLogWorker.java:run(313)) - 93c1ba8e-47f4-467f-954e-a2b5e39419a0@group-052C3D0273EE-SegmentedRaftLogWorker was interrupted, exiting. There are 0 tasks remaining in the queue.
2019-09-26 13:15:29,702 [ForkJoinPool.commonPool-worker-1] INFO  segmented.SegmentedRaftLogWorker (SegmentedRaftLogWorker.java:close(228)) - d09ba3db-71ae-4cc1-a070-460d4ee804eb@group-6A4CFF1ACEFA-SegmentedRaftLogWorker close()
2019-09-26 13:15:29,702 [main] INFO  segmented.SegmentedRaftLogWorker (SegmentedRaftLogWorker.java:close(228)) - 93c1ba8e-47f4-467f-954e-a2b5e39419a0@group-052C3D0273EE-SegmentedRaftLogWorker close()
2019-09-26 13:15:29,704 [ForkJoinPool.commonPool-worker-1] INFO  impl.RaftServerImpl (RaftServerImpl.java:lambda$shutdown$3(251)) - d09ba3db-71ae-4cc1-a070-460d4ee804eb@group-8991F0DFBAA3: shutdown
2019-09-26 13:15:29,705 [main] INFO  impl.RaftServerImpl (RaftServerImpl.java:lambda$shutdown$3(251)) - 93c1ba8e-47f4-467f-954e-a2b5e39419a0@group-66614F6DCA8D: shutdown
2019-09-26 13:15:29,706 [ForkJoinPool.commonPool-worker-1] INFO  util.JmxRegister (JmxRegister.java:unregister(73)) - Successfully un-registered JMX Bean with object name Ratis:service=RaftServer,group=group-8991F0DFBAA3,id=d09ba3db-71ae-4cc1-a070-460d4ee804eb
2019-09-26 13:15:29,706 [main] INFO  util.JmxRegister (JmxRegister.java:unregister(73)) - Successfully un-registered JMX Bean with object name Ratis:service=RaftServer,group=group-66614F6DCA8D,id=93c1ba8e-47f4-467f-954e-a2b5e39419a0
2019-09-26 13:15:29,706 [ForkJoinPool.commonPool-worker-1] INFO  impl.RoleInfo (RoleInfo.java:shutdownLeaderState(104)) - d09ba3db-71ae-4cc1-a070-460d4ee804eb: shutdown LeaderState
2019-09-26 13:15:29,707 [main] INFO  impl.RoleInfo (RoleInfo.java:shutdownLeaderState(104)) - 93c1ba8e-47f4-467f-954e-a2b5e39419a0: shutdown LeaderState
2019-09-26 13:15:29,707 [ForkJoinPool.commonPool-worker-1] INFO  impl.PendingRequests (PendingRequests.java:sendNotLeaderResponses(202)) - d09ba3db-71ae-4cc1-a070-460d4ee804eb-PendingRequests: sendNotLeaderResponses
2019-09-26 13:15:29,712 [main] INFO  impl.PendingRequests (PendingRequests.java:sendNotLeaderResponses(202)) - 93c1ba8e-47f4-467f-954e-a2b5e39419a0-PendingRequests: sendNotLeaderResponses
2019-09-26 13:15:29,712 [ForkJoinPool.commonPool-worker-1] INFO  impl.StateMachineUpdater (StateMachineUpdater.java:stopAndJoin(125)) - d09ba3db-71ae-4cc1-a070-460d4ee804eb@group-8991F0DFBAA3-StateMachineUpdater: set stopIndex = 0
2019-09-26 13:15:29,713 [main] INFO  impl.StateMachineUpdater (StateMachineUpdater.java:stopAndJoin(125)) - 93c1ba8e-47f4-467f-954e-a2b5e39419a0@group-66614F6DCA8D-StateMachineUpdater: set stopIndex = 0
2019-09-26 13:15:29,713 [ForkJoinPool.commonPool-worker-1] INFO  impl.RaftServerImpl (ServerState.java:close(385)) - d09ba3db-71ae-4cc1-a070-460d4ee804eb@group-8991F0DFBAA3: closes. applyIndex: 0
2019-09-26 13:15:29,713 [main] INFO  impl.RaftServerImpl (ServerState.java:close(385)) - 93c1ba8e-47f4-467f-954e-a2b5e39419a0@group-66614F6DCA8D: closes. applyIndex: 0
2019-09-26 13:15:29,714 [d09ba3db-71ae-4cc1-a070-460d4ee804eb@group-8991F0DFBAA3-SegmentedRaftLogWorker] INFO  segmented.SegmentedRaftLogWorker (SegmentedRaftLogWorker.java:run(313)) - d09ba3db-71ae-4cc1-a070-460d4ee804eb@group-8991F0DFBAA3-SegmentedRaftLogWorker was interrupted, exiting. There are 0 tasks remaining in the queue.
2019-09-26 13:15:29,714 [93c1ba8e-47f4-467f-954e-a2b5e39419a0@group-66614F6DCA8D-SegmentedRaftLogWorker] INFO  segmented.SegmentedRaftLogWorker (SegmentedRaftLogWorker.java:run(313)) - 93c1ba8e-47f4-467f-954e-a2b5e39419a0@group-66614F6DCA8D-SegmentedRaftLogWorker was interrupted, exiting. There are 0 tasks remaining in the queue.
2019-09-26 13:15:29,714 [ForkJoinPool.commonPool-worker-1] INFO  segmented.SegmentedRaftLogWorker (SegmentedRaftLogWorker.java:close(228)) - d09ba3db-71ae-4cc1-a070-460d4ee804eb@group-8991F0DFBAA3-SegmentedRaftLogWorker close()
2019-09-26 13:15:29,715 [main] INFO  segmented.SegmentedRaftLogWorker (SegmentedRaftLogWorker.java:close(228)) - 93c1ba8e-47f4-467f-954e-a2b5e39419a0@group-66614F6DCA8D-SegmentedRaftLogWorker close()
2019-09-26 13:15:29,716 [ForkJoinPool.commonPool-worker-1] INFO  impl.RaftServerImpl (RaftServerImpl.java:lambda$shutdown$3(251)) - d09ba3db-71ae-4cc1-a070-460d4ee804eb@group-6E8D35AEE757: shutdown
2019-09-26 13:15:29,717 [main] INFO  impl.RaftServerImpl (RaftServerImpl.java:lambda$shutdown$3(251)) - 93c1ba8e-47f4-467f-954e-a2b5e39419a0@group-4FA5B806344B: shutdown
2019-09-26 13:15:29,718 [ForkJoinPool.commonPool-worker-1] INFO  util.JmxRegister (JmxRegister.java:unregister(73)) - Successfully un-registered JMX Bean with object name Ratis:service=RaftServer,group=group-6E8D35AEE757,id=d09ba3db-71ae-4cc1-a070-460d4ee804eb
2019-09-26 13:15:29,718 [main] INFO  util.JmxRegister (JmxRegister.java:unregister(73)) - Successfully un-registered JMX Bean with object name Ratis:service=RaftServer,group=group-4FA5B806344B,id=93c1ba8e-47f4-467f-954e-a2b5e39419a0
2019-09-26 13:15:29,718 [ForkJoinPool.commonPool-worker-1] INFO  impl.RoleInfo (RoleInfo.java:shutdownLeaderState(104)) - d09ba3db-71ae-4cc1-a070-460d4ee804eb: shutdown LeaderState
2019-09-26 13:15:29,719 [main] INFO  impl.RoleInfo (RoleInfo.java:shutdownLeaderState(104)) - 93c1ba8e-47f4-467f-954e-a2b5e39419a0: shutdown LeaderState
2019-09-26 13:15:29,719 [ForkJoinPool.commonPool-worker-1] INFO  impl.PendingRequests (PendingRequests.java:sendNotLeaderResponses(202)) - d09ba3db-71ae-4cc1-a070-460d4ee804eb-PendingRequests: sendNotLeaderResponses
2019-09-26 13:15:29,719 [main] INFO  impl.PendingRequests (PendingRequests.java:sendNotLeaderResponses(202)) - 93c1ba8e-47f4-467f-954e-a2b5e39419a0-PendingRequests: sendNotLeaderResponses
2019-09-26 13:15:29,720 [ForkJoinPool.commonPool-worker-1] INFO  impl.StateMachineUpdater (StateMachineUpdater.java:stopAndJoin(125)) - d09ba3db-71ae-4cc1-a070-460d4ee804eb@group-6E8D35AEE757-StateMachineUpdater: set stopIndex = 0
2019-09-26 13:15:29,720 [main] INFO  impl.StateMachineUpdater (StateMachineUpdater.java:stopAndJoin(125)) - 93c1ba8e-47f4-467f-954e-a2b5e39419a0@group-4FA5B806344B-StateMachineUpdater: set stopIndex = 0
2019-09-26 13:15:29,721 [ForkJoinPool.commonPool-worker-1] INFO  impl.RaftServerImpl (ServerState.java:close(385)) - d09ba3db-71ae-4cc1-a070-460d4ee804eb@group-6E8D35AEE757: closes. applyIndex: 0
2019-09-26 13:15:29,721 [main] INFO  impl.RaftServerImpl (ServerState.java:close(385)) - 93c1ba8e-47f4-467f-954e-a2b5e39419a0@group-4FA5B806344B: closes. applyIndex: 0
2019-09-26 13:15:29,721 [d09ba3db-71ae-4cc1-a070-460d4ee804eb@group-6E8D35AEE757-SegmentedRaftLogWorker] INFO  segmented.SegmentedRaftLogWorker (SegmentedRaftLogWorker.java:run(313)) - d09ba3db-71ae-4cc1-a070-460d4ee804eb@group-6E8D35AEE757-SegmentedRaftLogWorker was interrupted, exiting. There are 0 tasks remaining in the queue.
2019-09-26 13:15:29,722 [93c1ba8e-47f4-467f-954e-a2b5e39419a0@group-4FA5B806344B-SegmentedRaftLogWorker] INFO  segmented.SegmentedRaftLogWorker (SegmentedRaftLogWorker.java:run(313)) - 93c1ba8e-47f4-467f-954e-a2b5e39419a0@group-4FA5B806344B-SegmentedRaftLogWorker was interrupted, exiting. There are 0 tasks remaining in the queue.
2019-09-26 13:15:29,722 [ForkJoinPool.commonPool-worker-1] INFO  segmented.SegmentedRaftLogWorker (SegmentedRaftLogWorker.java:close(228)) - d09ba3db-71ae-4cc1-a070-460d4ee804eb@group-6E8D35AEE757-SegmentedRaftLogWorker close()
2019-09-26 13:15:29,724 [main] INFO  segmented.SegmentedRaftLogWorker (SegmentedRaftLogWorker.java:close(228)) - 93c1ba8e-47f4-467f-954e-a2b5e39419a0@group-4FA5B806344B-SegmentedRaftLogWorker close()
2019-09-26 13:15:29,726 [ForkJoinPool.commonPool-worker-1] INFO  impl.RaftServerImpl (RaftServerImpl.java:lambda$shutdown$3(251)) - d09ba3db-71ae-4cc1-a070-460d4ee804eb@group-0320AC82605E: shutdown
2019-09-26 13:15:29,727 [main] INFO  impl.RaftServerImpl (RaftServerImpl.java:lambda$shutdown$3(251)) - 93c1ba8e-47f4-467f-954e-a2b5e39419a0@group-5A8338344D8E: shutdown
2019-09-26 13:15:29,727 [ForkJoinPool.commonPool-worker-1] INFO  util.JmxRegister (JmxRegister.java:unregister(73)) - Successfully un-registered JMX Bean with object name Ratis:service=RaftServer,group=group-0320AC82605E,id=d09ba3db-71ae-4cc1-a070-460d4ee804eb
2019-09-26 13:15:29,728 [main] INFO  util.JmxRegister (JmxRegister.java:unregister(73)) - Successfully un-registered JMX Bean with object name Ratis:service=RaftServer,group=group-5A8338344D8E,id=93c1ba8e-47f4-467f-954e-a2b5e39419a0
2019-09-26 13:15:29,728 [ForkJoinPool.commonPool-worker-1] INFO  impl.RoleInfo (RoleInfo.java:shutdownLeaderState(104)) - d09ba3db-71ae-4cc1-a070-460d4ee804eb: shutdown LeaderState
2019-09-26 13:15:29,728 [main] INFO  impl.RoleInfo (RoleInfo.java:shutdownLeaderState(104)) - 93c1ba8e-47f4-467f-954e-a2b5e39419a0: shutdown LeaderState
2019-09-26 13:15:29,729 [ForkJoinPool.commonPool-worker-1] INFO  impl.PendingRequests (PendingRequests.java:sendNotLeaderResponses(202)) - d09ba3db-71ae-4cc1-a070-460d4ee804eb-PendingRequests: sendNotLeaderResponses
2019-09-26 13:15:29,729 [main] INFO  impl.PendingRequests (PendingRequests.java:sendNotLeaderResponses(202)) - 93c1ba8e-47f4-467f-954e-a2b5e39419a0-PendingRequests: sendNotLeaderResponses
2019-09-26 13:15:29,730 [ForkJoinPool.commonPool-worker-1] INFO  impl.StateMachineUpdater (StateMachineUpdater.java:stopAndJoin(125)) - d09ba3db-71ae-4cc1-a070-460d4ee804eb@group-0320AC82605E-StateMachineUpdater: set stopIndex = 0
2019-09-26 13:15:29,730 [main] INFO  impl.StateMachineUpdater (StateMachineUpdater.java:stopAndJoin(125)) - 93c1ba8e-47f4-467f-954e-a2b5e39419a0@group-5A8338344D8E-StateMachineUpdater: set stopIndex = 0
2019-09-26 13:15:29,731 [main] INFO  impl.RaftServerImpl (ServerState.java:close(385)) - 93c1ba8e-47f4-467f-954e-a2b5e39419a0@group-5A8338344D8E: closes. applyIndex: 0
2019-09-26 13:15:29,730 [ForkJoinPool.commonPool-worker-1] INFO  impl.RaftServerImpl (ServerState.java:close(385)) - d09ba3db-71ae-4cc1-a070-460d4ee804eb@group-0320AC82605E: closes. applyIndex: 0
2019-09-26 13:15:29,731 [93c1ba8e-47f4-467f-954e-a2b5e39419a0@group-5A8338344D8E-SegmentedRaftLogWorker] INFO  segmented.SegmentedRaftLogWorker (SegmentedRaftLogWorker.java:run(313)) - 93c1ba8e-47f4-467f-954e-a2b5e39419a0@group-5A8338344D8E-SegmentedRaftLogWorker was interrupted, exiting. There are 0 tasks remaining in the queue.
2019-09-26 13:15:29,732 [d09ba3db-71ae-4cc1-a070-460d4ee804eb@group-0320AC82605E-SegmentedRaftLogWorker] INFO  segmented.SegmentedRaftLogWorker (SegmentedRaftLogWorker.java:run(313)) - d09ba3db-71ae-4cc1-a070-460d4ee804eb@group-0320AC82605E-SegmentedRaftLogWorker was interrupted, exiting. There are 0 tasks remaining in the queue.
2019-09-26 13:15:29,732 [main] INFO  segmented.SegmentedRaftLogWorker (SegmentedRaftLogWorker.java:close(228)) - 93c1ba8e-47f4-467f-954e-a2b5e39419a0@group-5A8338344D8E-SegmentedRaftLogWorker close()
2019-09-26 13:15:29,732 [ForkJoinPool.commonPool-worker-1] INFO  segmented.SegmentedRaftLogWorker (SegmentedRaftLogWorker.java:close(228)) - d09ba3db-71ae-4cc1-a070-460d4ee804eb@group-0320AC82605E-SegmentedRaftLogWorker close()
2019-09-26 13:15:29,738 [main] INFO  impl.RaftServerImpl (RaftServerImpl.java:lambda$shutdown$3(251)) - 93c1ba8e-47f4-467f-954e-a2b5e39419a0@group-4EF98053AAC5: shutdown
2019-09-26 13:15:29,738 [ForkJoinPool.commonPool-worker-1] INFO  impl.RaftServerImpl (RaftServerImpl.java:lambda$shutdown$3(251)) - d09ba3db-71ae-4cc1-a070-460d4ee804eb@group-6E7FE6DC70B6: shutdown
2019-09-26 13:15:29,738 [main] INFO  util.JmxRegister (JmxRegister.java:unregister(73)) - Successfully un-registered JMX Bean with object name Ratis:service=RaftServer,group=group-4EF98053AAC5,id=93c1ba8e-47f4-467f-954e-a2b5e39419a0
2019-09-26 13:15:29,739 [ForkJoinPool.commonPool-worker-1] INFO  util.JmxRegister (JmxRegister.java:unregister(73)) - Successfully un-registered JMX Bean with object name Ratis:service=RaftServer,group=group-6E7FE6DC70B6,id=d09ba3db-71ae-4cc1-a070-460d4ee804eb
2019-09-26 13:15:29,739 [main] INFO  impl.RoleInfo (RoleInfo.java:shutdownLeaderState(104)) - 93c1ba8e-47f4-467f-954e-a2b5e39419a0: shutdown LeaderState
2019-09-26 13:15:29,739 [ForkJoinPool.commonPool-worker-1] INFO  impl.RoleInfo (RoleInfo.java:shutdownLeaderState(104)) - d09ba3db-71ae-4cc1-a070-460d4ee804eb: shutdown LeaderState
2019-09-26 13:15:29,740 [main] INFO  impl.PendingRequests (PendingRequests.java:sendNotLeaderResponses(202)) - 93c1ba8e-47f4-467f-954e-a2b5e39419a0-PendingRequests: sendNotLeaderResponses
2019-09-26 13:15:29,740 [ForkJoinPool.commonPool-worker-1] INFO  impl.PendingRequests (PendingRequests.java:sendNotLeaderResponses(202)) - d09ba3db-71ae-4cc1-a070-460d4ee804eb-PendingRequests: sendNotLeaderResponses
2019-09-26 13:15:29,740 [main] INFO  impl.StateMachineUpdater (StateMachineUpdater.java:stopAndJoin(125)) - 93c1ba8e-47f4-467f-954e-a2b5e39419a0@group-4EF98053AAC5-StateMachineUpdater: set stopIndex = 0
2019-09-26 13:15:29,741 [ForkJoinPool.commonPool-worker-1] INFO  impl.StateMachineUpdater (StateMachineUpdater.java:stopAndJoin(125)) - d09ba3db-71ae-4cc1-a070-460d4ee804eb@group-6E7FE6DC70B6-StateMachineUpdater: set stopIndex = 0
2019-09-26 13:15:29,741 [ForkJoinPool.commonPool-worker-1] INFO  impl.RaftServerImpl (ServerState.java:close(385)) - d09ba3db-71ae-4cc1-a070-460d4ee804eb@group-6E7FE6DC70B6: closes. applyIndex: 0
2019-09-26 13:15:29,741 [main] INFO  impl.RaftServerImpl (ServerState.java:close(385)) - 93c1ba8e-47f4-467f-954e-a2b5e39419a0@group-4EF98053AAC5: closes. applyIndex: 0
2019-09-26 13:15:29,741 [d09ba3db-71ae-4cc1-a070-460d4ee804eb@group-6E7FE6DC70B6-SegmentedRaftLogWorker] INFO  segmented.SegmentedRaftLogWorker (SegmentedRaftLogWorker.java:run(313)) - d09ba3db-71ae-4cc1-a070-460d4ee804eb@group-6E7FE6DC70B6-SegmentedRaftLogWorker was interrupted, exiting. There are 0 tasks remaining in the queue.
2019-09-26 13:15:29,742 [93c1ba8e-47f4-467f-954e-a2b5e39419a0@group-4EF98053AAC5-SegmentedRaftLogWorker] INFO  segmented.SegmentedRaftLogWorker (SegmentedRaftLogWorker.java:run(313)) - 93c1ba8e-47f4-467f-954e-a2b5e39419a0@group-4EF98053AAC5-SegmentedRaftLogWorker was interrupted, exiting. There are 0 tasks remaining in the queue.
2019-09-26 13:15:29,742 [ForkJoinPool.commonPool-worker-1] INFO  segmented.SegmentedRaftLogWorker (SegmentedRaftLogWorker.java:close(228)) - d09ba3db-71ae-4cc1-a070-460d4ee804eb@group-6E7FE6DC70B6-SegmentedRaftLogWorker close()
2019-09-26 13:15:29,742 [main] INFO  segmented.SegmentedRaftLogWorker (SegmentedRaftLogWorker.java:close(228)) - 93c1ba8e-47f4-467f-954e-a2b5e39419a0@group-4EF98053AAC5-SegmentedRaftLogWorker close()
2019-09-26 13:15:29,742 [ForkJoinPool.commonPool-worker-1] INFO  impl.RaftServerImpl (RaftServerImpl.java:lambda$shutdown$3(251)) - d09ba3db-71ae-4cc1-a070-460d4ee804eb@group-0C74AE79F52D: shutdown
2019-09-26 13:15:29,743 [main] INFO  server.GrpcService (GrpcService.java:closeImpl(164)) - 93c1ba8e-47f4-467f-954e-a2b5e39419a0: shutdown server with port 42902 now
2019-09-26 13:15:29,743 [ForkJoinPool.commonPool-worker-1] INFO  util.JmxRegister (JmxRegister.java:unregister(73)) - Successfully un-registered JMX Bean with object name Ratis:service=RaftServer,group=group-0C74AE79F52D,id=d09ba3db-71ae-4cc1-a070-460d4ee804eb
2019-09-26 13:15:29,745 [ForkJoinPool.commonPool-worker-1] INFO  impl.RoleInfo (RoleInfo.java:shutdownLeaderState(104)) - d09ba3db-71ae-4cc1-a070-460d4ee804eb: shutdown LeaderState
2019-09-26 13:15:29,745 [main] INFO  server.GrpcService (GrpcService.java:closeImpl(172)) - 93c1ba8e-47f4-467f-954e-a2b5e39419a0: shutdown server with port 42902 successfully
2019-09-26 13:15:29,745 [ForkJoinPool.commonPool-worker-1] INFO  impl.PendingRequests (PendingRequests.java:sendNotLeaderResponses(202)) - d09ba3db-71ae-4cc1-a070-460d4ee804eb-PendingRequests: sendNotLeaderResponses
2019-09-26 13:15:29,746 [ForkJoinPool.commonPool-worker-1] INFO  impl.StateMachineUpdater (StateMachineUpdater.java:stopAndJoin(125)) - d09ba3db-71ae-4cc1-a070-460d4ee804eb@group-0C74AE79F52D-StateMachineUpdater: set stopIndex = 0
2019-09-26 13:15:29,748 [ForkJoinPool.commonPool-worker-1] INFO  impl.RaftServerImpl (ServerState.java:close(385)) - d09ba3db-71ae-4cc1-a070-460d4ee804eb@group-0C74AE79F52D: closes. applyIndex: 0
2019-09-26 13:15:29,748 [d09ba3db-71ae-4cc1-a070-460d4ee804eb@group-0C74AE79F52D-SegmentedRaftLogWorker] INFO  segmented.SegmentedRaftLogWorker (SegmentedRaftLogWorker.java:run(313)) - d09ba3db-71ae-4cc1-a070-460d4ee804eb@group-0C74AE79F52D-SegmentedRaftLogWorker was interrupted, exiting. There are 0 tasks remaining in the queue.
2019-09-26 13:15:29,749 [ForkJoinPool.commonPool-worker-1] INFO  segmented.SegmentedRaftLogWorker (SegmentedRaftLogWorker.java:close(228)) - d09ba3db-71ae-4cc1-a070-460d4ee804eb@group-0C74AE79F52D-SegmentedRaftLogWorker close()
2019-09-26 13:15:29,749 [refreshUsed-/workdir/hadoop-ozone/integration-test/target/test-dir/MiniOzoneClusterImpl-a863f920-e703-48bd-ac3b-b0b5d168c43d/datanode-4/data/containers] WARN  fs.CachingGetSpaceUsed (CachingGetSpaceUsed.java:run(183)) - Thread Interrupted waiting to refresh disk information: sleep interrupted
2019-09-26 13:15:29,749 [ForkJoinPool.commonPool-worker-1] INFO  server.GrpcService (GrpcService.java:closeImpl(164)) - d09ba3db-71ae-4cc1-a070-460d4ee804eb: shutdown server with port 40638 now
2019-09-26 13:15:29,751 [ForkJoinPool.commonPool-worker-1] INFO  server.GrpcService (GrpcService.java:closeImpl(172)) - d09ba3db-71ae-4cc1-a070-460d4ee804eb: shutdown server with port 40638 successfully
2019-09-26 13:15:29,756 [refreshUsed-/workdir/hadoop-ozone/integration-test/target/test-dir/MiniOzoneClusterImpl-a863f920-e703-48bd-ac3b-b0b5d168c43d/datanode-0/data/containers] WARN  fs.CachingGetSpaceUsed (CachingGetSpaceUsed.java:run(183)) - Thread Interrupted waiting to refresh disk information: sleep interrupted
2019-09-26 13:15:29,772 [main] INFO  utils.BackgroundService (BackgroundService.java:shutdown(148)) - Shutting down service BlockDeletingService
2019-09-26 13:15:29,775 [main] INFO  statemachine.DatanodeStateMachine (DatanodeStateMachine.java:stopDaemon(395)) - Ozone container server stopped.
2019-09-26 13:15:29,776 [main] INFO  handler.ContextHandler (ContextHandler.java:doStop(910)) - Stopped o.e.j.w.WebAppContext@a5272be{/,null,UNAVAILABLE}{/hddsDatanode}
2019-09-26 13:15:29,777 [main] INFO  server.AbstractConnector (AbstractConnector.java:doStop(318)) - Stopped ServerConnector@58ba5b30{HTTP/1.1,[http/1.1]}{0.0.0.0:0}
2019-09-26 13:15:29,777 [main] INFO  handler.ContextHandler (ContextHandler.java:doStop(910)) - Stopped o.e.j.s.ServletContextHandler@22eaa86e{/static,jar:file:/home/user/.m2/repository/org/apache/hadoop/hadoop-hdds-container-service/0.5.0-SNAPSHOT/hadoop-hdds-container-service-0.5.0-SNAPSHOT.jar!/webapps/static,UNAVAILABLE}
2019-09-26 13:15:29,777 [main] INFO  handler.ContextHandler (ContextHandler.java:doStop(910)) - Stopped o.e.j.s.ServletContextHandler@333c8791{/logs,file:///workdir/hadoop-ozone/integration-test/target/log,UNAVAILABLE}
2019-09-26 13:15:29,781 [ForkJoinPool.commonPool-worker-1] INFO  utils.BackgroundService (BackgroundService.java:shutdown(148)) - Shutting down service BlockDeletingService
2019-09-26 13:15:29,783 [ForkJoinPool.commonPool-worker-1] INFO  statemachine.DatanodeStateMachine (DatanodeStateMachine.java:stopDaemon(395)) - Ozone container server stopped.
2019-09-26 13:15:29,786 [ForkJoinPool.commonPool-worker-1] INFO  handler.ContextHandler (ContextHandler.java:doStop(910)) - Stopped o.e.j.w.WebAppContext@7a0e7ecd{/,null,UNAVAILABLE}{/hddsDatanode}
2019-09-26 13:15:29,787 [ForkJoinPool.commonPool-worker-1] INFO  server.AbstractConnector (AbstractConnector.java:doStop(318)) - Stopped ServerConnector@54e3658c{HTTP/1.1,[http/1.1]}{0.0.0.0:0}
2019-09-26 13:15:29,788 [ForkJoinPool.commonPool-worker-1] INFO  handler.ContextHandler (ContextHandler.java:doStop(910)) - Stopped o.e.j.s.ServletContextHandler@6069dd38{/static,jar:file:/home/user/.m2/repository/org/apache/hadoop/hadoop-hdds-container-service/0.5.0-SNAPSHOT/hadoop-hdds-container-service-0.5.0-SNAPSHOT.jar!/webapps/static,UNAVAILABLE}
2019-09-26 13:15:29,789 [ForkJoinPool.commonPool-worker-1] INFO  handler.ContextHandler (ContextHandler.java:doStop(910)) - Stopped o.e.j.s.ServletContextHandler@46c269e0{/logs,file:///workdir/hadoop-ozone/integration-test/target/log,UNAVAILABLE}
2019-09-26 13:15:29,835 [Datanode State Machine Thread - 0] INFO  statemachine.DatanodeStateMachine (DatanodeStateMachine.java:lambda$startDaemon$0(350)) - Ozone container server started.
2019-09-26 13:15:34,780 [main] INFO  ozoneimpl.OzoneContainer (OzoneContainer.java:stop(231)) - Attempting to stop container services.
2019-09-26 13:15:34,781 [main] INFO  impl.RaftServerProxy (RaftServerProxy.java:lambda$close$4(314)) - c0aad3f7-4454-4d6f-ae69-988c2d0f48a4: close
2019-09-26 13:15:34,781 [main] INFO  impl.RaftServerImpl (RaftServerImpl.java:lambda$shutdown$3(251)) - c0aad3f7-4454-4d6f-ae69-988c2d0f48a4@group-190272F2B3F7: shutdown
2019-09-26 13:15:34,782 [ForkJoinPool.commonPool-worker-0] INFO  impl.RaftServerImpl (RaftServerImpl.java:lambda$shutdown$3(251)) - c0aad3f7-4454-4d6f-ae69-988c2d0f48a4@group-2D5EF03037D1: shutdown
2019-09-26 13:15:34,782 [main] INFO  util.JmxRegister (JmxRegister.java:unregister(73)) - Successfully un-registered JMX Bean with object name Ratis:service=RaftServer,group=group-190272F2B3F7,id=c0aad3f7-4454-4d6f-ae69-988c2d0f48a4
2019-09-26 13:15:34,783 [main] INFO  impl.RoleInfo (RoleInfo.java:shutdownLeaderState(104)) - c0aad3f7-4454-4d6f-ae69-988c2d0f48a4: shutdown LeaderState
2019-09-26 13:15:34,782 [ForkJoinPool.commonPool-worker-0] INFO  util.JmxRegister (JmxRegister.java:unregister(73)) - Successfully un-registered JMX Bean with object name Ratis:service=RaftServer,group=group-2D5EF03037D1,id=c0aad3f7-4454-4d6f-ae69-988c2d0f48a4
2019-09-26 13:15:34,783 [main] INFO  impl.PendingRequests (PendingRequests.java:sendNotLeaderResponses(202)) - c0aad3f7-4454-4d6f-ae69-988c2d0f48a4-PendingRequests: sendNotLeaderResponses
2019-09-26 13:15:34,783 [ForkJoinPool.commonPool-worker-0] INFO  impl.RoleInfo (RoleInfo.java:shutdownLeaderState(104)) - c0aad3f7-4454-4d6f-ae69-988c2d0f48a4: shutdown LeaderState
2019-09-26 13:15:34,784 [main] INFO  impl.StateMachineUpdater (StateMachineUpdater.java:stopAndJoin(125)) - c0aad3f7-4454-4d6f-ae69-988c2d0f48a4@group-190272F2B3F7-StateMachineUpdater: set stopIndex = 0
2019-09-26 13:15:34,784 [main] INFO  impl.RaftServerImpl (ServerState.java:close(385)) - c0aad3f7-4454-4d6f-ae69-988c2d0f48a4@group-190272F2B3F7: closes. applyIndex: 0
2019-09-26 13:15:34,784 [ForkJoinPool.commonPool-worker-0] INFO  impl.PendingRequests (PendingRequests.java:sendNotLeaderResponses(202)) - c0aad3f7-4454-4d6f-ae69-988c2d0f48a4-PendingRequests: sendNotLeaderResponses
2019-09-26 13:15:34,785 [c0aad3f7-4454-4d6f-ae69-988c2d0f48a4@group-190272F2B3F7-SegmentedRaftLogWorker] INFO  segmented.SegmentedRaftLogWorker (SegmentedRaftLogWorker.java:run(313)) - c0aad3f7-4454-4d6f-ae69-988c2d0f48a4@group-190272F2B3F7-SegmentedRaftLogWorker was interrupted, exiting. There are 0 tasks remaining in the queue.
2019-09-26 13:15:34,785 [ForkJoinPool.commonPool-worker-0] INFO  impl.StateMachineUpdater (StateMachineUpdater.java:stopAndJoin(125)) - c0aad3f7-4454-4d6f-ae69-988c2d0f48a4@group-2D5EF03037D1-StateMachineUpdater: set stopIndex = 0
2019-09-26 13:15:34,785 [main] INFO  segmented.SegmentedRaftLogWorker (SegmentedRaftLogWorker.java:close(228)) - c0aad3f7-4454-4d6f-ae69-988c2d0f48a4@group-190272F2B3F7-SegmentedRaftLogWorker close()
2019-09-26 13:15:34,785 [ForkJoinPool.commonPool-worker-0] INFO  impl.RaftServerImpl (ServerState.java:close(385)) - c0aad3f7-4454-4d6f-ae69-988c2d0f48a4@group-2D5EF03037D1: closes. applyIndex: 0
2019-09-26 13:15:34,786 [main] INFO  impl.RaftServerImpl (RaftServerImpl.java:lambda$shutdown$3(251)) - c0aad3f7-4454-4d6f-ae69-988c2d0f48a4@group-2DDFB9980CEF: shutdown
2019-09-26 13:15:34,786 [c0aad3f7-4454-4d6f-ae69-988c2d0f48a4@group-2D5EF03037D1-SegmentedRaftLogWorker] INFO  segmented.SegmentedRaftLogWorker (SegmentedRaftLogWorker.java:run(313)) - c0aad3f7-4454-4d6f-ae69-988c2d0f48a4@group-2D5EF03037D1-SegmentedRaftLogWorker was interrupted, exiting. There are 0 tasks remaining in the queue.
2019-09-26 13:15:34,786 [main] INFO  util.JmxRegister (JmxRegister.java:unregister(73)) - Successfully un-registered JMX Bean with object name Ratis:service=RaftServer,group=group-2DDFB9980CEF,id=c0aad3f7-4454-4d6f-ae69-988c2d0f48a4
2019-09-26 13:15:34,787 [main] INFO  impl.RoleInfo (RoleInfo.java:shutdownLeaderState(104)) - c0aad3f7-4454-4d6f-ae69-988c2d0f48a4: shutdown LeaderState
2019-09-26 13:15:34,786 [ForkJoinPool.commonPool-worker-0] INFO  segmented.SegmentedRaftLogWorker (SegmentedRaftLogWorker.java:close(228)) - c0aad3f7-4454-4d6f-ae69-988c2d0f48a4@group-2D5EF03037D1-SegmentedRaftLogWorker close()
2019-09-26 13:15:34,787 [main] INFO  impl.PendingRequests (PendingRequests.java:sendNotLeaderResponses(202)) - c0aad3f7-4454-4d6f-ae69-988c2d0f48a4-PendingRequests: sendNotLeaderResponses
2019-09-26 13:15:34,787 [ForkJoinPool.commonPool-worker-0] INFO  impl.RaftServerImpl (RaftServerImpl.java:lambda$shutdown$3(251)) - c0aad3f7-4454-4d6f-ae69-988c2d0f48a4@group-40C3FBC0E2C2: shutdown
2019-09-26 13:15:34,788 [main] INFO  impl.StateMachineUpdater (StateMachineUpdater.java:stopAndJoin(125)) - c0aad3f7-4454-4d6f-ae69-988c2d0f48a4@group-2DDFB9980CEF-StateMachineUpdater: set stopIndex = 0
2019-09-26 13:15:34,788 [ForkJoinPool.commonPool-worker-0] INFO  util.JmxRegister (JmxRegister.java:unregister(73)) - Successfully un-registered JMX Bean with object name Ratis:service=RaftServer,group=group-40C3FBC0E2C2,id=c0aad3f7-4454-4d6f-ae69-988c2d0f48a4
2019-09-26 13:15:34,788 [main] INFO  impl.RaftServerImpl (ServerState.java:close(385)) - c0aad3f7-4454-4d6f-ae69-988c2d0f48a4@group-2DDFB9980CEF: closes. applyIndex: 0
2019-09-26 13:15:34,788 [ForkJoinPool.commonPool-worker-0] INFO  impl.RoleInfo (RoleInfo.java:shutdownLeaderState(104)) - c0aad3f7-4454-4d6f-ae69-988c2d0f48a4: shutdown LeaderState
2019-09-26 13:15:34,789 [c0aad3f7-4454-4d6f-ae69-988c2d0f48a4@group-2DDFB9980CEF-SegmentedRaftLogWorker] INFO  segmented.SegmentedRaftLogWorker (SegmentedRaftLogWorker.java:run(313)) - c0aad3f7-4454-4d6f-ae69-988c2d0f48a4@group-2DDFB9980CEF-SegmentedRaftLogWorker was interrupted, exiting. There are 0 tasks remaining in the queue.
2019-09-26 13:15:34,789 [ForkJoinPool.commonPool-worker-0] INFO  impl.PendingRequests (PendingRequests.java:sendNotLeaderResponses(202)) - c0aad3f7-4454-4d6f-ae69-988c2d0f48a4-PendingRequests: sendNotLeaderResponses
2019-09-26 13:15:34,789 [main] INFO  segmented.SegmentedRaftLogWorker (SegmentedRaftLogWorker.java:close(228)) - c0aad3f7-4454-4d6f-ae69-988c2d0f48a4@group-2DDFB9980CEF-SegmentedRaftLogWorker close()
2019-09-26 13:15:34,790 [ForkJoinPool.commonPool-worker-0] INFO  impl.StateMachineUpdater (StateMachineUpdater.java:stopAndJoin(125)) - c0aad3f7-4454-4d6f-ae69-988c2d0f48a4@group-40C3FBC0E2C2-StateMachineUpdater: set stopIndex = 0
2019-09-26 13:15:34,790 [main] INFO  impl.RaftServerImpl (RaftServerImpl.java:lambda$shutdown$3(251)) - c0aad3f7-4454-4d6f-ae69-988c2d0f48a4@group-C4E473C967FB: shutdown
2019-09-26 13:15:34,790 [ForkJoinPool.commonPool-worker-0] INFO  impl.RaftServerImpl (ServerState.java:close(385)) - c0aad3f7-4454-4d6f-ae69-988c2d0f48a4@group-40C3FBC0E2C2: closes. applyIndex: 0
2019-09-26 13:15:34,790 [main] INFO  util.JmxRegister (JmxRegister.java:unregister(73)) - Successfully un-registered JMX Bean with object name Ratis:service=RaftServer,group=group-C4E473C967FB,id=c0aad3f7-4454-4d6f-ae69-988c2d0f48a4
2019-09-26 13:15:34,791 [main] INFO  impl.RoleInfo (RoleInfo.java:shutdownLeaderState(104)) - c0aad3f7-4454-4d6f-ae69-988c2d0f48a4: shutdown LeaderState
2019-09-26 13:15:34,791 [c0aad3f7-4454-4d6f-ae69-988c2d0f48a4@group-40C3FBC0E2C2-SegmentedRaftLogWorker] INFO  segmented.SegmentedRaftLogWorker (SegmentedRaftLogWorker.java:run(313)) - c0aad3f7-4454-4d6f-ae69-988c2d0f48a4@group-40C3FBC0E2C2-SegmentedRaftLogWorker was interrupted, exiting. There are 0 tasks remaining in the queue.
2019-09-26 13:15:34,791 [main] INFO  impl.PendingRequests (PendingRequests.java:sendNotLeaderResponses(202)) - c0aad3f7-4454-4d6f-ae69-988c2d0f48a4-PendingRequests: sendNotLeaderResponses
2019-09-26 13:15:34,792 [ForkJoinPool.commonPool-worker-0] INFO  segmented.SegmentedRaftLogWorker (SegmentedRaftLogWorker.java:close(228)) - c0aad3f7-4454-4d6f-ae69-988c2d0f48a4@group-40C3FBC0E2C2-SegmentedRaftLogWorker close()
2019-09-26 13:15:34,792 [main] INFO  impl.StateMachineUpdater (StateMachineUpdater.java:stopAndJoin(125)) - c0aad3f7-4454-4d6f-ae69-988c2d0f48a4@group-C4E473C967FB-StateMachineUpdater: set stopIndex = 0
2019-09-26 13:15:34,792 [ForkJoinPool.commonPool-worker-0] INFO  impl.RaftServerImpl (RaftServerImpl.java:lambda$shutdown$3(251)) - c0aad3f7-4454-4d6f-ae69-988c2d0f48a4@group-06DAF1C5F0CF: shutdown
2019-09-26 13:15:34,793 [main] INFO  impl.RaftServerImpl (ServerState.java:close(385)) - c0aad3f7-4454-4d6f-ae69-988c2d0f48a4@group-C4E473C967FB: closes. applyIndex: 0
2019-09-26 13:15:34,793 [ForkJoinPool.commonPool-worker-0] INFO  util.JmxRegister (JmxRegister.java:unregister(73)) - Successfully un-registered JMX Bean with object name Ratis:service=RaftServer,group=group-06DAF1C5F0CF,id=c0aad3f7-4454-4d6f-ae69-988c2d0f48a4
2019-09-26 13:15:34,793 [c0aad3f7-4454-4d6f-ae69-988c2d0f48a4@group-C4E473C967FB-SegmentedRaftLogWorker] INFO  segmented.SegmentedRaftLogWorker (SegmentedRaftLogWorker.java:run(313)) - c0aad3f7-4454-4d6f-ae69-988c2d0f48a4@group-C4E473C967FB-SegmentedRaftLogWorker was interrupted, exiting. There are 0 tasks remaining in the queue.
2019-09-26 13:15:34,793 [ForkJoinPool.commonPool-worker-0] INFO  impl.RoleInfo (RoleInfo.java:shutdownLeaderState(104)) - c0aad3f7-4454-4d6f-ae69-988c2d0f48a4: shutdown LeaderState
2019-09-26 13:15:34,794 [main] INFO  segmented.SegmentedRaftLogWorker (SegmentedRaftLogWorker.java:close(228)) - c0aad3f7-4454-4d6f-ae69-988c2d0f48a4@group-C4E473C967FB-SegmentedRaftLogWorker close()
2019-09-26 13:15:34,794 [ForkJoinPool.commonPool-worker-0] INFO  impl.PendingRequests (PendingRequests.java:sendNotLeaderResponses(202)) - c0aad3f7-4454-4d6f-ae69-988c2d0f48a4-PendingRequests: sendNotLeaderResponses
2019-09-26 13:15:34,794 [ForkJoinPool.commonPool-worker-0] INFO  impl.StateMachineUpdater (StateMachineUpdater.java:stopAndJoin(125)) - c0aad3f7-4454-4d6f-ae69-988c2d0f48a4@group-06DAF1C5F0CF-StateMachineUpdater: set stopIndex = 0
2019-09-26 13:15:34,795 [ForkJoinPool.commonPool-worker-0] INFO  impl.RaftServerImpl (ServerState.java:close(385)) - c0aad3f7-4454-4d6f-ae69-988c2d0f48a4@group-06DAF1C5F0CF: closes. applyIndex: 0
2019-09-26 13:15:34,795 [c0aad3f7-4454-4d6f-ae69-988c2d0f48a4@group-06DAF1C5F0CF-SegmentedRaftLogWorker] INFO  segmented.SegmentedRaftLogWorker (SegmentedRaftLogWorker.java:run(313)) - c0aad3f7-4454-4d6f-ae69-988c2d0f48a4@group-06DAF1C5F0CF-SegmentedRaftLogWorker was interrupted, exiting. There are 0 tasks remaining in the queue.
2019-09-26 13:15:34,795 [ForkJoinPool.commonPool-worker-0] INFO  segmented.SegmentedRaftLogWorker (SegmentedRaftLogWorker.java:close(228)) - c0aad3f7-4454-4d6f-ae69-988c2d0f48a4@group-06DAF1C5F0CF-SegmentedRaftLogWorker close()
2019-09-26 13:15:34,796 [main] INFO  server.GrpcService (GrpcService.java:closeImpl(164)) - c0aad3f7-4454-4d6f-ae69-988c2d0f48a4: shutdown server with port 38334 now
2019-09-26 13:15:34,797 [main] INFO  server.GrpcService (GrpcService.java:closeImpl(172)) - c0aad3f7-4454-4d6f-ae69-988c2d0f48a4: shutdown server with port 38334 successfully
2019-09-26 13:15:34,800 [refreshUsed-/workdir/hadoop-ozone/integration-test/target/test-dir/MiniOzoneClusterImpl-a863f920-e703-48bd-ac3b-b0b5d168c43d/datanode-3/data/containers] WARN  fs.CachingGetSpaceUsed (CachingGetSpaceUsed.java:run(183)) - Thread Interrupted waiting to refresh disk information: sleep interrupted
2019-09-26 13:15:34,819 [main] INFO  utils.BackgroundService (BackgroundService.java:shutdown(148)) - Shutting down service BlockDeletingService
2019-09-26 13:15:34,822 [main] INFO  statemachine.DatanodeStateMachine (DatanodeStateMachine.java:stopDaemon(395)) - Ozone container server stopped.
2019-09-26 13:15:34,823 [main] INFO  handler.ContextHandler (ContextHandler.java:doStop(910)) - Stopped o.e.j.w.WebAppContext@1fb2d5e{/,null,UNAVAILABLE}{/hddsDatanode}
2019-09-26 13:15:34,824 [main] INFO  server.AbstractConnector (AbstractConnector.java:doStop(318)) - Stopped ServerConnector@1716e8c5{HTTP/1.1,[http/1.1]}{0.0.0.0:0}
2019-09-26 13:15:34,824 [main] INFO  handler.ContextHandler (ContextHandler.java:doStop(910)) - Stopped o.e.j.s.ServletContextHandler@36480b2d{/static,jar:file:/home/user/.m2/repository/org/apache/hadoop/hadoop-hdds-container-service/0.5.0-SNAPSHOT/hadoop-hdds-container-service-0.5.0-SNAPSHOT.jar!/webapps/static,UNAVAILABLE}
2019-09-26 13:15:34,825 [main] INFO  handler.ContextHandler (ContextHandler.java:doStop(910)) - Stopped o.e.j.s.ServletContextHandler@517a2b0{/logs,file:///workdir/hadoop-ozone/integration-test/target/log,UNAVAILABLE}
2019-09-26 13:15:34,826 [main] INFO  ozone.MiniOzoneClusterImpl (MiniOzoneClusterImpl.java:stopSCM(392)) - Stopping the StorageContainerManager
2019-09-26 13:15:34,826 [main] INFO  server.StorageContainerManager (StorageContainerManager.java:stop(808)) - Stopping Replication Manager Service.
2019-09-26 13:15:34,826 [main] INFO  container.ReplicationManager (ReplicationManager.java:stop(204)) - Stopping Replication Monitor Thread.
2019-09-26 13:15:34,827 [main] INFO  server.StorageContainerManager (StorageContainerManager.java:stop(815)) - Stopping Lease Manager of the command watchers
2019-09-26 13:15:34,827 [main] INFO  server.StorageContainerManager (StorageContainerManager.java:stop(822)) - Stopping datanode service RPC server
2019-09-26 13:15:34,827 [main] INFO  server.SCMDatanodeProtocolServer (SCMDatanodeProtocolServer.java:stop(367)) - Stopping the RPC server for DataNodes
2019-09-26 13:15:34,827 [main] INFO  ipc.Server (Server.java:stop(3082)) - Stopping server on 44777
2019-09-26 13:15:34,830 [IPC Server listener on 44777] INFO  ipc.Server (Server.java:run(1185)) - Stopping IPC Server listener on 44777
2019-09-26 13:15:34,830 [IPC Server Responder] INFO  ipc.Server (Server.java:run(1319)) - Stopping IPC Server Responder
2019-09-26 13:15:34,908 [SCM Heartbeat Processing Thread - 0] WARN  node.NodeStateManager (NodeStateManager.java:scheduleNextHealthCheck(655)) - Current Thread is interrupted, shutting down HB processing thread for Node Manager.
2019-09-26 13:15:34,908 [main] INFO  server.StorageContainerManager (StorageContainerManager.java:stop(830)) - Stopping block service RPC server
2019-09-26 13:15:34,909 [main] INFO  server.SCMBlockProtocolServer (SCMBlockProtocolServer.java:stop(155)) - Stopping the RPC server for Block Protocol
2019-09-26 13:15:34,909 [main] INFO  ipc.Server (Server.java:stop(3082)) - Stopping server on 36041
2019-09-26 13:15:34,911 [main] INFO  server.StorageContainerManager (StorageContainerManager.java:stop(837)) - Stopping the StorageContainerLocationProtocol RPC server
2019-09-26 13:15:34,912 [main] INFO  server.SCMClientProtocolServer (SCMClientProtocolServer.java:stop(159)) - Stopping the RPC server for Client Protocol
2019-09-26 13:15:34,912 [IPC Server Responder] INFO  ipc.Server (Server.java:run(1319)) - Stopping IPC Server Responder
2019-09-26 13:15:34,912 [main] INFO  ipc.Server (Server.java:stop(3082)) - Stopping server on 35125
2019-09-26 13:15:34,912 [IPC Server listener on 36041] INFO  ipc.Server (Server.java:run(1185)) - Stopping IPC Server listener on 36041
2019-09-26 13:15:34,915 [main] INFO  server.StorageContainerManager (StorageContainerManager.java:stop(844)) - Stopping Storage Container Manager HTTP server.
2019-09-26 13:15:34,915 [IPC Server listener on 35125] INFO  ipc.Server (Server.java:run(1185)) - Stopping IPC Server listener on 35125
2019-09-26 13:15:34,915 [IPC Server Responder] INFO  ipc.Server (Server.java:run(1319)) - Stopping IPC Server Responder
2019-09-26 13:15:34,916 [main] INFO  handler.ContextHandler (ContextHandler.java:doStop(910)) - Stopped o.e.j.w.WebAppContext@b5cc23a{/,null,UNAVAILABLE}{/scm}
2019-09-26 13:15:34,917 [main] INFO  server.AbstractConnector (AbstractConnector.java:doStop(318)) - Stopped ServerConnector@61a002b1{HTTP/1.1,[http/1.1]}{0.0.0.0:0}
2019-09-26 13:15:34,917 [main] INFO  handler.ContextHandler (ContextHandler.java:doStop(910)) - Stopped o.e.j.s.ServletContextHandler@158a3b2e{/static,file:///workdir/hadoop-ozone/integration-test/target/test-classes/webapps/static,UNAVAILABLE}
2019-09-26 13:15:34,917 [main] INFO  handler.ContextHandler (ContextHandler.java:doStop(910)) - Stopped o.e.j.s.ServletContextHandler@23fb172e{/logs,file:///workdir/hadoop-ozone/integration-test/target/log,UNAVAILABLE}
2019-09-26 13:15:34,919 [main] INFO  server.StorageContainerManager (StorageContainerManager.java:stop(855)) - Stopping Block Manager Service.
2019-09-26 13:15:34,919 [main] INFO  utils.BackgroundService (BackgroundService.java:shutdown(148)) - Shutting down service SCMBlockDeletingService
2019-09-26 13:15:34,919 [main] INFO  utils.BackgroundService (BackgroundService.java:shutdown(148)) - Shutting down service SCMBlockDeletingService
2019-09-26 13:15:34,920 [main] INFO  server.StorageContainerManager (StorageContainerManager.java:stop(877)) - Stopping SCM Event Queue.
2019-09-26 13:15:34,925 [main] INFO  impl.MetricsSystemImpl (MetricsSystemImpl.java:stop(210)) - Stopping ratis metrics system...
2019-09-26 13:15:34,936 [prometheus] INFO  impl.MetricsSinkAdapter (MetricsSinkAdapter.java:publishMetricsFromQueue(141)) - prometheus thread interrupted.
2019-09-26 13:15:34,936 [main] INFO  impl.MetricsSystemImpl (MetricsSystemImpl.java:stop(216)) - ratis metrics system stopped.
]]></system-out>
    <system-err><![CDATA[ERROR StatusLogger No Log4j 2 configuration file found. Using default configuration (logging only errors to the console), or user programmatically provided configurations. Set system property 'log4j2.debug' to show Log4j 2 internal initialization logging. See https://logging.apache.org/log4j/2.x/manual/configuration.html for instructions on how to configure Log4j 2
]]></system-err>
  </testcase>
</testsuite>