<?xml version="1.0" encoding="UTF-8"?>
<testsuite xmlns:xsi="http://www.w3.org/2001/XMLSchema-instance" xsi:noNamespaceSchemaLocation="https://maven.apache.org/surefire/maven-surefire-plugin/xsd/surefire-test-report.xsd" name="org.apache.hadoop.ozone.client.rpc.TestHybridPipelineOnDatanode" time="28.469" tests="1" errors="1" skipped="0" failures="0">
  <properties>
    <property name="awt.toolkit" value="sun.awt.X11.XToolkit"/>
    <property name="file.encoding.pkg" value="sun.io"/>
    <property name="java.specification.version" value="1.8"/>
    <property name="sun.cpu.isalist" value=""/>
    <property name="sun.jnu.encoding" value="UTF-8"/>
    <property name="java.class.path" value="/workdir/hadoop-ozone/integration-test/target/test-classes:/workdir/hadoop-ozone/integration-test/target/classes:/home/user/.m2/repository/org/apache/hadoop/hadoop-ozone-common/0.5.0-SNAPSHOT/hadoop-ozone-common-0.5.0-SNAPSHOT.jar:/home/user/.m2/repository/org/apache/commons/commons-compress/1.4.1/commons-compress-1.4.1.jar:/home/user/.m2/repository/org/tukaani/xz/1.0/xz-1.0.jar:/home/user/.m2/repository/org/apache/hadoop/hadoop-common/3.2.0/hadoop-common-3.2.0.jar:/home/user/.m2/repository/org/apache/hadoop/hadoop-hdfs/3.2.0/hadoop-hdfs-3.2.0.jar:/home/user/.m2/repository/org/apache/hadoop/hadoop-hdfs-client/3.2.0/hadoop-hdfs-client-3.2.0.jar:/home/user/.m2/repository/com/fasterxml/jackson/core/jackson-annotations/2.9.9/jackson-annotations-2.9.9.jar:/home/user/.m2/repository/org/apache/hadoop/hadoop-hdds-common/0.5.0-SNAPSHOT/hadoop-hdds-common-0.5.0-SNAPSHOT.jar:/home/user/.m2/repository/javax/annotation/javax.annotation-api/1.2/javax.annotation-api-1.2.jar:/home/user/.m2/repository/org/apache/ratis/ratis-server/0.4.0/ratis-server-0.4.0.jar:/home/user/.m2/repository/org/apache/ratis/ratis-thirdparty-misc/0.2.0/ratis-thirdparty-misc-0.2.0.jar:/home/user/.m2/repository/org/apache/ratis/ratis-proto/0.4.0/ratis-proto-0.4.0.jar:/home/user/.m2/repository/org/apache/ratis/ratis-common/0.4.0/ratis-common-0.4.0.jar:/home/user/.m2/repository/org/apache/ratis/ratis-client/0.4.0/ratis-client-0.4.0.jar:/home/user/.m2/repository/org/apache/ratis/ratis-metrics/0.4.0/ratis-metrics-0.4.0.jar:/home/user/.m2/repository/com/github/joshelser/dropwizard-metrics-hadoop-metrics2-reporter/0.1.2/dropwizard-metrics-hadoop-metrics2-reporter-0.1.2.jar:/home/user/.m2/repository/io/dropwizard/metrics/metrics-jvm/3.2.5/metrics-jvm-3.2.5.jar:/home/user/.m2/repository/io/dropwizard/metrics/metrics-ganglia/3.2.5/metrics-ganglia-3.2.5.jar:/home/user/.m2/repository/info/ganglia/gmetric4j/gmetric4j/1.0.7/gmetric4j-1.0.7.jar:/home/user/.m2/repository/org/apache/ratis/ratis-netty/0.4.0/ratis-netty-0.4.0.jar:/home/user/.m2/repository/org/apache/ratis/ratis-grpc/0.4.0/ratis-grpc-0.4.0.jar:/home/user/.m2/repository/org/rocksdb/rocksdbjni/6.0.1/rocksdbjni-6.0.1.jar:/home/user/.m2/repository/org/apache/logging/log4j/log4j-api/2.11.0/log4j-api-2.11.0.jar:/home/user/.m2/repository/org/apache/logging/log4j/log4j-core/2.11.0/log4j-core-2.11.0.jar:/home/user/.m2/repository/com/lmax/disruptor/3.4.2/disruptor-3.4.2.jar:/home/user/.m2/repository/org/apache/commons/commons-pool2/2.6.0/commons-pool2-2.6.0.jar:/home/user/.m2/repository/org/bouncycastle/bcpkix-jdk15on/1.60/bcpkix-jdk15on-1.60.jar:/home/user/.m2/repository/commons-validator/commons-validator/1.6/commons-validator-1.6.jar:/home/user/.m2/repository/commons-digester/commons-digester/1.8.1/commons-digester-1.8.1.jar:/home/user/.m2/repository/io/jaegertracing/jaeger-client/0.34.0/jaeger-client-0.34.0.jar:/home/user/.m2/repository/io/jaegertracing/jaeger-thrift/0.34.0/jaeger-thrift-0.34.0.jar:/home/user/.m2/repository/org/apache/thrift/libthrift/0.12.0/libthrift-0.12.0.jar:/home/user/.m2/repository/com/squareup/okhttp3/okhttp/3.9.0/okhttp-3.9.0.jar:/home/user/.m2/repository/com/squareup/okio/okio/1.13.0/okio-1.13.0.jar:/home/user/.m2/repository/io/jaegertracing/jaeger-core/0.34.0/jaeger-core-0.34.0.jar:/home/user/.m2/repository/io/jaegertracing/jaeger-tracerresolver/0.34.0/jaeger-tracerresolver-0.34.0.jar:/home/user/.m2/repository/io/opentracing/contrib/opentracing-tracerresolver/0.1.5/opentracing-tracerresolver-0.1.5.jar:/home/user/.m2/repository/io/opentracing/opentracing-util/0.31.0/opentracing-util-0.31.0.jar:/home/user/.m2/repository/io/opentracing/opentracing-api/0.31.0/opentracing-api-0.31.0.jar:/home/user/.m2/repository/io/opentracing/opentracing-noop/0.31.0/opentracing-noop-0.31.0.jar:/home/user/.m2/repository/org/apache/hadoop/hadoop-hdds-server-framework/0.5.0-SNAPSHOT/hadoop-hdds-server-framework-0.5.0-SNAPSHOT.jar:/home/user/.m2/repository/org/apache/hadoop/hadoop-hdds-container-service/0.5.0-SNAPSHOT/hadoop-hdds-container-service-0.5.0-SNAPSHOT.jar:/home/user/.m2/repository/org/apache/hadoop/hadoop-hdds-client/0.5.0-SNAPSHOT/hadoop-hdds-client-0.5.0-SNAPSHOT.jar:/home/user/.m2/repository/org/apache/hadoop/hadoop-hdds-tools/0.5.0-SNAPSHOT/hadoop-hdds-tools-0.5.0-SNAPSHOT.jar:/home/user/.m2/repository/org/apache/hadoop/hadoop-hdds-server-scm/0.5.0-SNAPSHOT/hadoop-hdds-server-scm-0.5.0-SNAPSHOT.jar:/home/user/.m2/repository/org/apache/hadoop/hadoop-hdds-docs/0.5.0-SNAPSHOT/hadoop-hdds-docs-0.5.0-SNAPSHOT.jar:/home/user/.m2/repository/io/dropwizard/metrics/metrics-core/3.2.4/metrics-core-3.2.4.jar:/home/user/.m2/repository/org/hamcrest/hamcrest-all/1.3/hamcrest-all-1.3.jar:/home/user/.m2/repository/org/bouncycastle/bcprov-jdk15on/1.60/bcprov-jdk15on-1.60.jar:/home/user/.m2/repository/info/picocli/picocli/3.9.6/picocli-3.9.6.jar:/home/user/.m2/repository/com/google/protobuf/protobuf-java/2.5.0/protobuf-java-2.5.0.jar:/home/user/.m2/repository/com/google/guava/guava/11.0.2/guava-11.0.2.jar:/home/user/.m2/repository/org/apache/hadoop/hadoop-ozone-ozone-manager/0.5.0-SNAPSHOT/hadoop-ozone-ozone-manager-0.5.0-SNAPSHOT.jar:/home/user/.m2/repository/org/apache/hadoop/hadoop-minikdc/3.2.0/hadoop-minikdc-3.2.0.jar:/home/user/.m2/repository/commons-io/commons-io/2.5/commons-io-2.5.jar:/home/user/.m2/repository/org/apache/kerby/kerb-simplekdc/1.0.1/kerb-simplekdc-1.0.1.jar:/home/user/.m2/repository/org/apache/kerby/kerb-client/1.0.1/kerb-client-1.0.1.jar:/home/user/.m2/repository/org/apache/kerby/kerby-config/1.0.1/kerby-config-1.0.1.jar:/home/user/.m2/repository/org/apache/kerby/kerb-core/1.0.1/kerb-core-1.0.1.jar:/home/user/.m2/repository/org/apache/kerby/kerby-pkix/1.0.1/kerby-pkix-1.0.1.jar:/home/user/.m2/repository/org/apache/kerby/kerby-asn1/1.0.1/kerby-asn1-1.0.1.jar:/home/user/.m2/repository/org/apache/kerby/kerby-util/1.0.1/kerby-util-1.0.1.jar:/home/user/.m2/repository/org/apache/kerby/kerb-common/1.0.1/kerb-common-1.0.1.jar:/home/user/.m2/repository/org/apache/kerby/kerb-crypto/1.0.1/kerb-crypto-1.0.1.jar:/home/user/.m2/repository/org/apache/kerby/kerb-util/1.0.1/kerb-util-1.0.1.jar:/home/user/.m2/repository/org/apache/kerby/token-provider/1.0.1/token-provider-1.0.1.jar:/home/user/.m2/repository/org/apache/kerby/kerb-admin/1.0.1/kerb-admin-1.0.1.jar:/home/user/.m2/repository/org/apache/kerby/kerb-server/1.0.1/kerb-server-1.0.1.jar:/home/user/.m2/repository/org/apache/kerby/kerb-identity/1.0.1/kerb-identity-1.0.1.jar:/home/user/.m2/repository/org/apache/kerby/kerby-xdr/1.0.1/kerby-xdr-1.0.1.jar:/home/user/.m2/repository/org/slf4j/slf4j-log4j12/1.7.25/slf4j-log4j12-1.7.25.jar:/home/user/.m2/repository/org/apache/hadoop/hadoop-ozone-s3gateway/0.5.0-SNAPSHOT/hadoop-ozone-s3gateway-0.5.0-SNAPSHOT.jar:/home/user/.m2/repository/org/jboss/weld/servlet/weld-servlet/2.4.7.Final/weld-servlet-2.4.7.Final.jar:/home/user/.m2/repository/org/glassfish/jersey/containers/jersey-container-servlet-core/2.27/jersey-container-servlet-core-2.27.jar:/home/user/.m2/repository/org/glassfish/hk2/external/javax.inject/2.5.0-b42/javax.inject-2.5.0-b42.jar:/home/user/.m2/repository/org/glassfish/jersey/core/jersey-common/2.27/jersey-common-2.27.jar:/home/user/.m2/repository/org/glassfish/hk2/osgi-resource-locator/1.0.1/osgi-resource-locator-1.0.1.jar:/home/user/.m2/repository/javax/ws/rs/javax.ws.rs-api/2.1/javax.ws.rs-api-2.1.jar:/home/user/.m2/repository/org/glassfish/jersey/ext/cdi/jersey-cdi1x/2.27/jersey-cdi1x-2.27.jar:/home/user/.m2/repository/org/glassfish/jersey/inject/jersey-hk2/2.27/jersey-hk2-2.27.jar:/home/user/.m2/repository/org/glassfish/hk2/hk2-locator/2.5.0-b42/hk2-locator-2.5.0-b42.jar:/home/user/.m2/repository/org/javassist/javassist/3.22.0-CR2/javassist-3.22.0-CR2.jar:/home/user/.m2/repository/org/glassfish/hk2/hk2-api/2.5.0/hk2-api-2.5.0.jar:/home/user/.m2/repository/org/glassfish/hk2/external/jakarta.inject/2.5.0/jakarta.inject-2.5.0.jar:/home/user/.m2/repository/org/glassfish/hk2/hk2-utils/2.5.0/hk2-utils-2.5.0.jar:/home/user/.m2/repository/jakarta/annotation/jakarta.annotation-api/1.3.4/jakarta.annotation-api-1.3.4.jar:/home/user/.m2/repository/org/glassfish/hk2/external/aopalliance-repackaged/2.5.0/aopalliance-repackaged-2.5.0.jar:/home/user/.m2/repository/com/fasterxml/jackson/dataformat/jackson-dataformat-xml/2.9.0/jackson-dataformat-xml-2.9.0.jar:/home/user/.m2/repository/com/fasterxml/jackson/core/jackson-core/2.9.9/jackson-core-2.9.9.jar:/home/user/.m2/repository/com/fasterxml/jackson/module/jackson-module-jaxb-annotations/2.9.9/jackson-module-jaxb-annotations-2.9.9.jar:/home/user/.m2/repository/javax/enterprise/cdi-api/1.2/cdi-api-1.2.jar:/home/user/.m2/repository/javax/el/javax.el-api/3.0.0/javax.el-api-3.0.0.jar:/home/user/.m2/repository/javax/interceptor/javax.interceptor-api/1.2/javax.interceptor-api-1.2.jar:/home/user/.m2/repository/javax/inject/javax.inject/1/javax.inject-1.jar:/home/user/.m2/repository/com/sun/xml/bind/jaxb-impl/2.3.0.1/jaxb-impl-2.3.0.1.jar:/home/user/.m2/repository/com/sun/xml/bind/jaxb-core/2.3.0.1/jaxb-core-2.3.0.1.jar:/home/user/.m2/repository/javax/xml/bind/jaxb-api/2.3.0/jaxb-api-2.3.0.jar:/home/user/.m2/repository/javax/activation/activation/1.1.1/activation-1.1.1.jar:/home/user/.m2/repository/org/apache/hadoop/hadoop-ozone-csi/0.5.0-SNAPSHOT/hadoop-ozone-csi-0.5.0-SNAPSHOT.jar:/home/user/.m2/repository/com/google/protobuf/protobuf-java-util/3.5.1/protobuf-java-util-3.5.1.jar:/home/user/.m2/repository/org/apache/hadoop/hadoop-hdds-config/0.5.0-SNAPSHOT/hadoop-hdds-config-0.5.0-SNAPSHOT.jar:/home/user/.m2/repository/io/grpc/grpc-netty/1.17.1/grpc-netty-1.17.1.jar:/home/user/.m2/repository/io/grpc/grpc-core/1.17.1/grpc-core-1.17.1.jar:/home/user/.m2/repository/io/grpc/grpc-context/1.17.1/grpc-context-1.17.1.jar:/home/user/.m2/repository/com/google/errorprone/error_prone_annotations/2.2.0/error_prone_annotations-2.2.0.jar:/home/user/.m2/repository/org/codehaus/mojo/animal-sniffer-annotations/1.17/animal-sniffer-annotations-1.17.jar:/home/user/.m2/repository/io/opencensus/opencensus-api/0.17.0/opencensus-api-0.17.0.jar:/home/user/.m2/repository/io/opencensus/opencensus-contrib-grpc-metrics/0.17.0/opencensus-contrib-grpc-metrics-0.17.0.jar:/home/user/.m2/repository/io/netty/netty-codec-http2/4.1.30.Final/netty-codec-http2-4.1.30.Final.jar:/home/user/.m2/repository/io/netty/netty-codec-http/4.1.30.Final/netty-codec-http-4.1.30.Final.jar:/home/user/.m2/repository/io/netty/netty-codec/4.1.30.Final/netty-codec-4.1.30.Final.jar:/home/user/.m2/repository/io/netty/netty-handler/4.1.30.Final/netty-handler-4.1.30.Final.jar:/home/user/.m2/repository/io/netty/netty-handler-proxy/4.1.30.Final/netty-handler-proxy-4.1.30.Final.jar:/home/user/.m2/repository/io/netty/netty-codec-socks/4.1.30.Final/netty-codec-socks-4.1.30.Final.jar:/home/user/.m2/repository/io/netty/netty-transport-native-epoll/4.1.30.Final/netty-transport-native-epoll-4.1.30.Final.jar:/home/user/.m2/repository/io/netty/netty-common/4.1.30.Final/netty-common-4.1.30.Final.jar:/home/user/.m2/repository/io/netty/netty-buffer/4.1.30.Final/netty-buffer-4.1.30.Final.jar:/home/user/.m2/repository/io/netty/netty-transport/4.1.30.Final/netty-transport-4.1.30.Final.jar:/home/user/.m2/repository/io/netty/netty-resolver/4.1.30.Final/netty-resolver-4.1.30.Final.jar:/home/user/.m2/repository/io/netty/netty-transport-native-unix-common/4.1.30.Final/netty-transport-native-unix-common-4.1.30.Final.jar:/home/user/.m2/repository/io/grpc/grpc-protobuf/1.17.1/grpc-protobuf-1.17.1.jar:/home/user/.m2/repository/com/google/api/grpc/proto-google-common-protos/1.0.0/proto-google-common-protos-1.0.0.jar:/home/user/.m2/repository/io/grpc/grpc-protobuf-lite/1.17.1/grpc-protobuf-lite-1.17.1.jar:/home/user/.m2/repository/io/grpc/grpc-stub/1.17.1/grpc-stub-1.17.1.jar:/home/user/.m2/repository/org/apache/hadoop/hadoop-ozone-recon/0.5.0-SNAPSHOT/hadoop-ozone-recon-0.5.0-SNAPSHOT.jar:/home/user/.m2/repository/org/apache/hadoop/hadoop-ozone-reconcodegen/0.5.0-SNAPSHOT/hadoop-ozone-reconcodegen-0.5.0-SNAPSHOT.jar:/home/user/.m2/repository/com/google/inject/extensions/guice-multibindings/4.0/guice-multibindings-4.0.jar:/home/user/.m2/repository/com/google/inject/guice/4.0/guice-4.0.jar:/home/user/.m2/repository/aopalliance/aopalliance/1.0/aopalliance-1.0.jar:/home/user/.m2/repository/com/google/inject/extensions/guice-servlet/4.0/guice-servlet-4.0.jar:/home/user/.m2/repository/org/glassfish/jersey/containers/jersey-container-servlet/2.27/jersey-container-servlet-2.27.jar:/home/user/.m2/repository/org/glassfish/hk2/guice-bridge/2.5.0/guice-bridge-2.5.0.jar:/home/user/.m2/repository/org/glassfish/jersey/core/jersey-server/2.27/jersey-server-2.27.jar:/home/user/.m2/repository/org/glassfish/jersey/core/jersey-client/2.27/jersey-client-2.27.jar:/home/user/.m2/repository/org/glassfish/jersey/media/jersey-media-jaxb/2.27/jersey-media-jaxb-2.27.jar:/home/user/.m2/repository/javax/validation/validation-api/1.1.0.Final/validation-api-1.1.0.Final.jar:/home/user/.m2/repository/org/glassfish/jersey/media/jersey-media-json-jackson/2.27/jersey-media-json-jackson-2.27.jar:/home/user/.m2/repository/org/glassfish/jersey/ext/jersey-entity-filtering/2.27/jersey-entity-filtering-2.27.jar:/home/user/.m2/repository/com/google/inject/extensions/guice-assistedinject/4.0/guice-assistedinject-4.0.jar:/home/user/.m2/repository/org/jooq/jooq/3.11.10/jooq-3.11.10.jar:/home/user/.m2/repository/org/jooq/jooq-meta/3.11.10/jooq-meta-3.11.10.jar:/home/user/.m2/repository/org/jooq/jooq-codegen/3.11.10/jooq-codegen-3.11.10.jar:/home/user/.m2/repository/com/jolbox/bonecp/0.8.0.RELEASE/bonecp-0.8.0.RELEASE.jar:/home/user/.m2/repository/org/xerial/sqlite-jdbc/3.25.2/sqlite-jdbc-3.25.2.jar:/home/user/.m2/repository/org/springframework/spring-jdbc/5.1.3.RELEASE/spring-jdbc-5.1.3.RELEASE.jar:/home/user/.m2/repository/org/springframework/spring-beans/5.1.3.RELEASE/spring-beans-5.1.3.RELEASE.jar:/home/user/.m2/repository/org/springframework/spring-core/5.1.3.RELEASE/spring-core-5.1.3.RELEASE.jar:/home/user/.m2/repository/org/springframework/spring-jcl/5.1.3.RELEASE/spring-jcl-5.1.3.RELEASE.jar:/home/user/.m2/repository/org/springframework/spring-tx/5.1.3.RELEASE/spring-tx-5.1.3.RELEASE.jar:/home/user/.m2/repository/org/apache/hadoop/hadoop-ozone-client/0.5.0-SNAPSHOT/hadoop-ozone-client-0.5.0-SNAPSHOT.jar:/home/user/.m2/repository/commons-lang/commons-lang/2.6/commons-lang-2.6.jar:/home/user/.m2/repository/org/apache/hadoop/hadoop-ozone-ozone-manager/0.5.0-SNAPSHOT/hadoop-ozone-ozone-manager-0.5.0-SNAPSHOT-tests.jar:/home/user/.m2/repository/junit/junit/4.11/junit-4.11.jar:/home/user/.m2/repository/org/hamcrest/hamcrest-core/1.3/hamcrest-core-1.3.jar:/home/user/.m2/repository/org/openjdk/jmh/jmh-core/1.19/jmh-core-1.19.jar:/home/user/.m2/repository/net/sf/jopt-simple/jopt-simple/4.6/jopt-simple-4.6.jar:/home/user/.m2/repository/org/apache/commons/commons-math3/3.1.1/commons-math3-3.1.1.jar:/home/user/.m2/repository/org/openjdk/jmh/jmh-generator-annprocess/1.19/jmh-generator-annprocess-1.19.jar:/home/user/.m2/repository/org/mockito/mockito-all/1.8.5/mockito-all-1.8.5.jar:/home/user/.m2/repository/org/apache/hadoop/hadoop-kms/3.2.0/hadoop-kms-3.2.0.jar:/home/user/.m2/repository/org/apache/hadoop/hadoop-auth/3.2.0/hadoop-auth-3.2.0.jar:/home/user/.m2/repository/com/nimbusds/nimbus-jose-jwt/4.41.1/nimbus-jose-jwt-4.41.1.jar:/home/user/.m2/repository/com/github/stephenc/jcip/jcip-annotations/1.0-1/jcip-annotations-1.0-1.jar:/home/user/.m2/repository/net/minidev/json-smart/2.3/json-smart-2.3.jar:/home/user/.m2/repository/net/minidev/accessors-smart/1.2/accessors-smart-1.2.jar:/home/user/.m2/repository/org/ow2/asm/asm/5.0.4/asm-5.0.4.jar:/home/user/.m2/repository/org/apache/curator/curator-framework/2.12.0/curator-framework-2.12.0.jar:/home/user/.m2/repository/com/sun/jersey/jersey-core/1.19/jersey-core-1.19.jar:/home/user/.m2/repository/javax/ws/rs/jsr311-api/1.1.1/jsr311-api-1.1.1.jar:/home/user/.m2/repository/com/sun/jersey/jersey-server/1.19/jersey-server-1.19.jar:/home/user/.m2/repository/javax/servlet/javax.servlet-api/3.1.0/javax.servlet-api-3.1.0.jar:/home/user/.m2/repository/org/eclipse/jetty/jetty-server/9.3.25.v20180904/jetty-server-9.3.25.v20180904.jar:/home/user/.m2/repository/org/eclipse/jetty/jetty-http/9.3.25.v20180904/jetty-http-9.3.25.v20180904.jar:/home/user/.m2/repository/org/eclipse/jetty/jetty-io/9.3.25.v20180904/jetty-io-9.3.25.v20180904.jar:/home/user/.m2/repository/org/eclipse/jetty/jetty-webapp/9.3.25.v20180904/jetty-webapp-9.3.25.v20180904.jar:/home/user/.m2/repository/org/eclipse/jetty/jetty-xml/9.3.25.v20180904/jetty-xml-9.3.25.v20180904.jar:/home/user/.m2/repository/log4j/log4j/1.2.17/log4j-1.2.17.jar:/home/user/.m2/repository/org/slf4j/slf4j-api/1.7.25/slf4j-api-1.7.25.jar:/home/user/.m2/repository/org/slf4j/jul-to-slf4j/1.7.25/jul-to-slf4j-1.7.25.jar:/home/user/.m2/repository/org/eclipse/jetty/jetty-util/9.3.25.v20180904/jetty-util-9.3.25.v20180904.jar:/home/user/.m2/repository/com/fasterxml/jackson/core/jackson-databind/2.9.9/jackson-databind-2.9.9.jar:/home/user/.m2/repository/org/apache/hadoop/hadoop-kms/3.2.0/hadoop-kms-3.2.0-tests.jar:/home/user/.m2/repository/org/apache/hadoop/hadoop-hdds-server-scm/0.5.0-SNAPSHOT/hadoop-hdds-server-scm-0.5.0-SNAPSHOT-tests.jar:/home/user/.m2/repository/org/apache/hadoop/hadoop-hdds-container-service/0.5.0-SNAPSHOT/hadoop-hdds-container-service-0.5.0-SNAPSHOT-tests.jar:/home/user/.m2/repository/org/yaml/snakeyaml/1.16/snakeyaml-1.16.jar:/home/user/.m2/repository/org/apache/hadoop/hadoop-common/3.2.0/hadoop-common-3.2.0-tests.jar:/home/user/.m2/repository/org/apache/hadoop/hadoop-annotations/3.2.0/hadoop-annotations-3.2.0.jar:/usr/lib/jvm/java-1.8-openjdk/jre/../lib/tools.jar:/home/user/.m2/repository/commons-cli/commons-cli/1.2/commons-cli-1.2.jar:/home/user/.m2/repository/org/apache/httpcomponents/httpclient/4.5.2/httpclient-4.5.2.jar:/home/user/.m2/repository/org/apache/httpcomponents/httpcore/4.4.4/httpcore-4.4.4.jar:/home/user/.m2/repository/commons-codec/commons-codec/1.11/commons-codec-1.11.jar:/home/user/.m2/repository/commons-net/commons-net/3.6/commons-net-3.6.jar:/home/user/.m2/repository/commons-collections/commons-collections/3.2.2/commons-collections-3.2.2.jar:/home/user/.m2/repository/org/eclipse/jetty/jetty-servlet/9.3.25.v20180904/jetty-servlet-9.3.25.v20180904.jar:/home/user/.m2/repository/org/eclipse/jetty/jetty-security/9.3.25.v20180904/jetty-security-9.3.25.v20180904.jar:/home/user/.m2/repository/javax/servlet/jsp/jsp-api/2.1/jsp-api-2.1.jar:/home/user/.m2/repository/com/sun/jersey/jersey-servlet/1.19/jersey-servlet-1.19.jar:/home/user/.m2/repository/com/sun/jersey/jersey-json/1.19/jersey-json-1.19.jar:/home/user/.m2/repository/org/codehaus/jettison/jettison/1.1/jettison-1.1.jar:/home/user/.m2/repository/org/codehaus/jackson/jackson-core-asl/1.9.13/jackson-core-asl-1.9.13.jar:/home/user/.m2/repository/org/codehaus/jackson/jackson-mapper-asl/1.9.13/jackson-mapper-asl-1.9.13.jar:/home/user/.m2/repository/org/codehaus/jackson/jackson-jaxrs/1.9.13/jackson-jaxrs-1.9.13.jar:/home/user/.m2/repository/org/codehaus/jackson/jackson-xc/1.9.13/jackson-xc-1.9.13.jar:/home/user/.m2/repository/commons-logging/commons-logging/1.1.3/commons-logging-1.1.3.jar:/home/user/.m2/repository/commons-beanutils/commons-beanutils/1.9.4/commons-beanutils-1.9.4.jar:/home/user/.m2/repository/org/apache/commons/commons-configuration2/2.1.1/commons-configuration2-2.1.1.jar:/home/user/.m2/repository/org/apache/commons/commons-lang3/3.7/commons-lang3-3.7.jar:/home/user/.m2/repository/org/apache/commons/commons-text/1.4/commons-text-1.4.jar:/home/user/.m2/repository/org/apache/avro/avro/1.7.7/avro-1.7.7.jar:/home/user/.m2/repository/com/thoughtworks/paranamer/paranamer/2.3/paranamer-2.3.jar:/home/user/.m2/repository/org/xerial/snappy/snappy-java/1.0.5/snappy-java-1.0.5.jar:/home/user/.m2/repository/com/google/re2j/re2j/1.1/re2j-1.1.jar:/home/user/.m2/repository/com/google/code/gson/gson/2.2.4/gson-2.2.4.jar:/home/user/.m2/repository/com/jcraft/jsch/0.1.54/jsch-0.1.54.jar:/home/user/.m2/repository/org/apache/curator/curator-client/2.12.0/curator-client-2.12.0.jar:/home/user/.m2/repository/org/apache/curator/curator-recipes/2.12.0/curator-recipes-2.12.0.jar:/home/user/.m2/repository/com/google/code/findbugs/jsr305/3.0.0/jsr305-3.0.0.jar:/home/user/.m2/repository/org/apache/htrace/htrace-core4/4.1.0-incubating/htrace-core4-4.1.0-incubating.jar:/home/user/.m2/repository/org/apache/zookeeper/zookeeper/3.4.13/zookeeper-3.4.13.jar:/home/user/.m2/repository/jline/jline/0.9.94/jline-0.9.94.jar:/home/user/.m2/repository/org/apache/yetus/audience-annotations/0.5.0/audience-annotations-0.5.0.jar:/home/user/.m2/repository/org/codehaus/woodstox/stax2-api/3.1.4/stax2-api-3.1.4.jar:/home/user/.m2/repository/com/fasterxml/woodstox/woodstox-core/5.0.3/woodstox-core-5.0.3.jar:/home/user/.m2/repository/dnsjava/dnsjava/2.1.7/dnsjava-2.1.7.jar:/home/user/.m2/repository/org/apache/hadoop/hadoop-hdfs/3.2.0/hadoop-hdfs-3.2.0-tests.jar:/home/user/.m2/repository/org/eclipse/jetty/jetty-util-ajax/9.3.25.v20180904/jetty-util-ajax-9.3.25.v20180904.jar:/home/user/.m2/repository/commons-daemon/commons-daemon/1.0.13/commons-daemon-1.0.13.jar:/home/user/.m2/repository/io/netty/netty/3.10.5.Final/netty-3.10.5.Final.jar:/home/user/.m2/repository/io/netty/netty-all/4.0.52.Final/netty-all-4.0.52.Final.jar:/home/user/.m2/repository/org/fusesource/leveldbjni/leveldbjni-all/1.8/leveldbjni-all-1.8.jar:"/>
    <property name="java.vm.vendor" value="IcedTea"/>
    <property name="sun.arch.data.model" value="64"/>
    <property name="test.build.dir" value="/workdir/hadoop-ozone/integration-test/target/test-dir"/>
    <property name="test.cache.data" value=""/>
    <property name="java.vendor.url" value="https://icedtea.classpath.org"/>
    <property name="user.timezone" value=""/>
    <property name="java.vm.specification.version" value="1.8"/>
    <property name="os.name" value="Linux"/>
    <property name="test.build.data" value="/workdir/hadoop-ozone/integration-test/target/test-dir"/>
    <property name="user.country" value="US"/>
    <property name="sun.java.launcher" value="SUN_STANDARD"/>
    <property name="sun.boot.library.path" value="/usr/lib/jvm/java-1.8-openjdk/jre/lib/amd64"/>
    <property name="sun.java.command" value="/workdir/hadoop-ozone/integration-test/target/surefire/surefirebooter1445870343135515599.jar /workdir/hadoop-ozone/integration-test/target/surefire 2019-09-26T11-49-28_115-jvmRun1 surefire509272111225281465tmp surefire_618183680277395032659tmp"/>
    <property name="test" value="!TestMiniChaosOzoneCluster"/>
    <property name="surefire.test.class.path" value="/workdir/hadoop-ozone/integration-test/target/test-classes:/workdir/hadoop-ozone/integration-test/target/classes:/home/user/.m2/repository/org/apache/hadoop/hadoop-ozone-common/0.5.0-SNAPSHOT/hadoop-ozone-common-0.5.0-SNAPSHOT.jar:/home/user/.m2/repository/org/apache/commons/commons-compress/1.4.1/commons-compress-1.4.1.jar:/home/user/.m2/repository/org/tukaani/xz/1.0/xz-1.0.jar:/home/user/.m2/repository/org/apache/hadoop/hadoop-common/3.2.0/hadoop-common-3.2.0.jar:/home/user/.m2/repository/org/apache/hadoop/hadoop-hdfs/3.2.0/hadoop-hdfs-3.2.0.jar:/home/user/.m2/repository/org/apache/hadoop/hadoop-hdfs-client/3.2.0/hadoop-hdfs-client-3.2.0.jar:/home/user/.m2/repository/com/fasterxml/jackson/core/jackson-annotations/2.9.9/jackson-annotations-2.9.9.jar:/home/user/.m2/repository/org/apache/hadoop/hadoop-hdds-common/0.5.0-SNAPSHOT/hadoop-hdds-common-0.5.0-SNAPSHOT.jar:/home/user/.m2/repository/javax/annotation/javax.annotation-api/1.2/javax.annotation-api-1.2.jar:/home/user/.m2/repository/org/apache/ratis/ratis-server/0.4.0/ratis-server-0.4.0.jar:/home/user/.m2/repository/org/apache/ratis/ratis-thirdparty-misc/0.2.0/ratis-thirdparty-misc-0.2.0.jar:/home/user/.m2/repository/org/apache/ratis/ratis-proto/0.4.0/ratis-proto-0.4.0.jar:/home/user/.m2/repository/org/apache/ratis/ratis-common/0.4.0/ratis-common-0.4.0.jar:/home/user/.m2/repository/org/apache/ratis/ratis-client/0.4.0/ratis-client-0.4.0.jar:/home/user/.m2/repository/org/apache/ratis/ratis-metrics/0.4.0/ratis-metrics-0.4.0.jar:/home/user/.m2/repository/com/github/joshelser/dropwizard-metrics-hadoop-metrics2-reporter/0.1.2/dropwizard-metrics-hadoop-metrics2-reporter-0.1.2.jar:/home/user/.m2/repository/io/dropwizard/metrics/metrics-jvm/3.2.5/metrics-jvm-3.2.5.jar:/home/user/.m2/repository/io/dropwizard/metrics/metrics-ganglia/3.2.5/metrics-ganglia-3.2.5.jar:/home/user/.m2/repository/info/ganglia/gmetric4j/gmetric4j/1.0.7/gmetric4j-1.0.7.jar:/home/user/.m2/repository/org/apache/ratis/ratis-netty/0.4.0/ratis-netty-0.4.0.jar:/home/user/.m2/repository/org/apache/ratis/ratis-grpc/0.4.0/ratis-grpc-0.4.0.jar:/home/user/.m2/repository/org/rocksdb/rocksdbjni/6.0.1/rocksdbjni-6.0.1.jar:/home/user/.m2/repository/org/apache/logging/log4j/log4j-api/2.11.0/log4j-api-2.11.0.jar:/home/user/.m2/repository/org/apache/logging/log4j/log4j-core/2.11.0/log4j-core-2.11.0.jar:/home/user/.m2/repository/com/lmax/disruptor/3.4.2/disruptor-3.4.2.jar:/home/user/.m2/repository/org/apache/commons/commons-pool2/2.6.0/commons-pool2-2.6.0.jar:/home/user/.m2/repository/org/bouncycastle/bcpkix-jdk15on/1.60/bcpkix-jdk15on-1.60.jar:/home/user/.m2/repository/commons-validator/commons-validator/1.6/commons-validator-1.6.jar:/home/user/.m2/repository/commons-digester/commons-digester/1.8.1/commons-digester-1.8.1.jar:/home/user/.m2/repository/io/jaegertracing/jaeger-client/0.34.0/jaeger-client-0.34.0.jar:/home/user/.m2/repository/io/jaegertracing/jaeger-thrift/0.34.0/jaeger-thrift-0.34.0.jar:/home/user/.m2/repository/org/apache/thrift/libthrift/0.12.0/libthrift-0.12.0.jar:/home/user/.m2/repository/com/squareup/okhttp3/okhttp/3.9.0/okhttp-3.9.0.jar:/home/user/.m2/repository/com/squareup/okio/okio/1.13.0/okio-1.13.0.jar:/home/user/.m2/repository/io/jaegertracing/jaeger-core/0.34.0/jaeger-core-0.34.0.jar:/home/user/.m2/repository/io/jaegertracing/jaeger-tracerresolver/0.34.0/jaeger-tracerresolver-0.34.0.jar:/home/user/.m2/repository/io/opentracing/contrib/opentracing-tracerresolver/0.1.5/opentracing-tracerresolver-0.1.5.jar:/home/user/.m2/repository/io/opentracing/opentracing-util/0.31.0/opentracing-util-0.31.0.jar:/home/user/.m2/repository/io/opentracing/opentracing-api/0.31.0/opentracing-api-0.31.0.jar:/home/user/.m2/repository/io/opentracing/opentracing-noop/0.31.0/opentracing-noop-0.31.0.jar:/home/user/.m2/repository/org/apache/hadoop/hadoop-hdds-server-framework/0.5.0-SNAPSHOT/hadoop-hdds-server-framework-0.5.0-SNAPSHOT.jar:/home/user/.m2/repository/org/apache/hadoop/hadoop-hdds-container-service/0.5.0-SNAPSHOT/hadoop-hdds-container-service-0.5.0-SNAPSHOT.jar:/home/user/.m2/repository/org/apache/hadoop/hadoop-hdds-client/0.5.0-SNAPSHOT/hadoop-hdds-client-0.5.0-SNAPSHOT.jar:/home/user/.m2/repository/org/apache/hadoop/hadoop-hdds-tools/0.5.0-SNAPSHOT/hadoop-hdds-tools-0.5.0-SNAPSHOT.jar:/home/user/.m2/repository/org/apache/hadoop/hadoop-hdds-server-scm/0.5.0-SNAPSHOT/hadoop-hdds-server-scm-0.5.0-SNAPSHOT.jar:/home/user/.m2/repository/org/apache/hadoop/hadoop-hdds-docs/0.5.0-SNAPSHOT/hadoop-hdds-docs-0.5.0-SNAPSHOT.jar:/home/user/.m2/repository/io/dropwizard/metrics/metrics-core/3.2.4/metrics-core-3.2.4.jar:/home/user/.m2/repository/org/hamcrest/hamcrest-all/1.3/hamcrest-all-1.3.jar:/home/user/.m2/repository/org/bouncycastle/bcprov-jdk15on/1.60/bcprov-jdk15on-1.60.jar:/home/user/.m2/repository/info/picocli/picocli/3.9.6/picocli-3.9.6.jar:/home/user/.m2/repository/com/google/protobuf/protobuf-java/2.5.0/protobuf-java-2.5.0.jar:/home/user/.m2/repository/com/google/guava/guava/11.0.2/guava-11.0.2.jar:/home/user/.m2/repository/org/apache/hadoop/hadoop-ozone-ozone-manager/0.5.0-SNAPSHOT/hadoop-ozone-ozone-manager-0.5.0-SNAPSHOT.jar:/home/user/.m2/repository/org/apache/hadoop/hadoop-minikdc/3.2.0/hadoop-minikdc-3.2.0.jar:/home/user/.m2/repository/commons-io/commons-io/2.5/commons-io-2.5.jar:/home/user/.m2/repository/org/apache/kerby/kerb-simplekdc/1.0.1/kerb-simplekdc-1.0.1.jar:/home/user/.m2/repository/org/apache/kerby/kerb-client/1.0.1/kerb-client-1.0.1.jar:/home/user/.m2/repository/org/apache/kerby/kerby-config/1.0.1/kerby-config-1.0.1.jar:/home/user/.m2/repository/org/apache/kerby/kerb-core/1.0.1/kerb-core-1.0.1.jar:/home/user/.m2/repository/org/apache/kerby/kerby-pkix/1.0.1/kerby-pkix-1.0.1.jar:/home/user/.m2/repository/org/apache/kerby/kerby-asn1/1.0.1/kerby-asn1-1.0.1.jar:/home/user/.m2/repository/org/apache/kerby/kerby-util/1.0.1/kerby-util-1.0.1.jar:/home/user/.m2/repository/org/apache/kerby/kerb-common/1.0.1/kerb-common-1.0.1.jar:/home/user/.m2/repository/org/apache/kerby/kerb-crypto/1.0.1/kerb-crypto-1.0.1.jar:/home/user/.m2/repository/org/apache/kerby/kerb-util/1.0.1/kerb-util-1.0.1.jar:/home/user/.m2/repository/org/apache/kerby/token-provider/1.0.1/token-provider-1.0.1.jar:/home/user/.m2/repository/org/apache/kerby/kerb-admin/1.0.1/kerb-admin-1.0.1.jar:/home/user/.m2/repository/org/apache/kerby/kerb-server/1.0.1/kerb-server-1.0.1.jar:/home/user/.m2/repository/org/apache/kerby/kerb-identity/1.0.1/kerb-identity-1.0.1.jar:/home/user/.m2/repository/org/apache/kerby/kerby-xdr/1.0.1/kerby-xdr-1.0.1.jar:/home/user/.m2/repository/org/slf4j/slf4j-log4j12/1.7.25/slf4j-log4j12-1.7.25.jar:/home/user/.m2/repository/org/apache/hadoop/hadoop-ozone-s3gateway/0.5.0-SNAPSHOT/hadoop-ozone-s3gateway-0.5.0-SNAPSHOT.jar:/home/user/.m2/repository/org/jboss/weld/servlet/weld-servlet/2.4.7.Final/weld-servlet-2.4.7.Final.jar:/home/user/.m2/repository/org/glassfish/jersey/containers/jersey-container-servlet-core/2.27/jersey-container-servlet-core-2.27.jar:/home/user/.m2/repository/org/glassfish/hk2/external/javax.inject/2.5.0-b42/javax.inject-2.5.0-b42.jar:/home/user/.m2/repository/org/glassfish/jersey/core/jersey-common/2.27/jersey-common-2.27.jar:/home/user/.m2/repository/org/glassfish/hk2/osgi-resource-locator/1.0.1/osgi-resource-locator-1.0.1.jar:/home/user/.m2/repository/javax/ws/rs/javax.ws.rs-api/2.1/javax.ws.rs-api-2.1.jar:/home/user/.m2/repository/org/glassfish/jersey/ext/cdi/jersey-cdi1x/2.27/jersey-cdi1x-2.27.jar:/home/user/.m2/repository/org/glassfish/jersey/inject/jersey-hk2/2.27/jersey-hk2-2.27.jar:/home/user/.m2/repository/org/glassfish/hk2/hk2-locator/2.5.0-b42/hk2-locator-2.5.0-b42.jar:/home/user/.m2/repository/org/javassist/javassist/3.22.0-CR2/javassist-3.22.0-CR2.jar:/home/user/.m2/repository/org/glassfish/hk2/hk2-api/2.5.0/hk2-api-2.5.0.jar:/home/user/.m2/repository/org/glassfish/hk2/external/jakarta.inject/2.5.0/jakarta.inject-2.5.0.jar:/home/user/.m2/repository/org/glassfish/hk2/hk2-utils/2.5.0/hk2-utils-2.5.0.jar:/home/user/.m2/repository/jakarta/annotation/jakarta.annotation-api/1.3.4/jakarta.annotation-api-1.3.4.jar:/home/user/.m2/repository/org/glassfish/hk2/external/aopalliance-repackaged/2.5.0/aopalliance-repackaged-2.5.0.jar:/home/user/.m2/repository/com/fasterxml/jackson/dataformat/jackson-dataformat-xml/2.9.0/jackson-dataformat-xml-2.9.0.jar:/home/user/.m2/repository/com/fasterxml/jackson/core/jackson-core/2.9.9/jackson-core-2.9.9.jar:/home/user/.m2/repository/com/fasterxml/jackson/module/jackson-module-jaxb-annotations/2.9.9/jackson-module-jaxb-annotations-2.9.9.jar:/home/user/.m2/repository/javax/enterprise/cdi-api/1.2/cdi-api-1.2.jar:/home/user/.m2/repository/javax/el/javax.el-api/3.0.0/javax.el-api-3.0.0.jar:/home/user/.m2/repository/javax/interceptor/javax.interceptor-api/1.2/javax.interceptor-api-1.2.jar:/home/user/.m2/repository/javax/inject/javax.inject/1/javax.inject-1.jar:/home/user/.m2/repository/com/sun/xml/bind/jaxb-impl/2.3.0.1/jaxb-impl-2.3.0.1.jar:/home/user/.m2/repository/com/sun/xml/bind/jaxb-core/2.3.0.1/jaxb-core-2.3.0.1.jar:/home/user/.m2/repository/javax/xml/bind/jaxb-api/2.3.0/jaxb-api-2.3.0.jar:/home/user/.m2/repository/javax/activation/activation/1.1.1/activation-1.1.1.jar:/home/user/.m2/repository/org/apache/hadoop/hadoop-ozone-csi/0.5.0-SNAPSHOT/hadoop-ozone-csi-0.5.0-SNAPSHOT.jar:/home/user/.m2/repository/com/google/protobuf/protobuf-java-util/3.5.1/protobuf-java-util-3.5.1.jar:/home/user/.m2/repository/org/apache/hadoop/hadoop-hdds-config/0.5.0-SNAPSHOT/hadoop-hdds-config-0.5.0-SNAPSHOT.jar:/home/user/.m2/repository/io/grpc/grpc-netty/1.17.1/grpc-netty-1.17.1.jar:/home/user/.m2/repository/io/grpc/grpc-core/1.17.1/grpc-core-1.17.1.jar:/home/user/.m2/repository/io/grpc/grpc-context/1.17.1/grpc-context-1.17.1.jar:/home/user/.m2/repository/com/google/errorprone/error_prone_annotations/2.2.0/error_prone_annotations-2.2.0.jar:/home/user/.m2/repository/org/codehaus/mojo/animal-sniffer-annotations/1.17/animal-sniffer-annotations-1.17.jar:/home/user/.m2/repository/io/opencensus/opencensus-api/0.17.0/opencensus-api-0.17.0.jar:/home/user/.m2/repository/io/opencensus/opencensus-contrib-grpc-metrics/0.17.0/opencensus-contrib-grpc-metrics-0.17.0.jar:/home/user/.m2/repository/io/netty/netty-codec-http2/4.1.30.Final/netty-codec-http2-4.1.30.Final.jar:/home/user/.m2/repository/io/netty/netty-codec-http/4.1.30.Final/netty-codec-http-4.1.30.Final.jar:/home/user/.m2/repository/io/netty/netty-codec/4.1.30.Final/netty-codec-4.1.30.Final.jar:/home/user/.m2/repository/io/netty/netty-handler/4.1.30.Final/netty-handler-4.1.30.Final.jar:/home/user/.m2/repository/io/netty/netty-handler-proxy/4.1.30.Final/netty-handler-proxy-4.1.30.Final.jar:/home/user/.m2/repository/io/netty/netty-codec-socks/4.1.30.Final/netty-codec-socks-4.1.30.Final.jar:/home/user/.m2/repository/io/netty/netty-transport-native-epoll/4.1.30.Final/netty-transport-native-epoll-4.1.30.Final.jar:/home/user/.m2/repository/io/netty/netty-common/4.1.30.Final/netty-common-4.1.30.Final.jar:/home/user/.m2/repository/io/netty/netty-buffer/4.1.30.Final/netty-buffer-4.1.30.Final.jar:/home/user/.m2/repository/io/netty/netty-transport/4.1.30.Final/netty-transport-4.1.30.Final.jar:/home/user/.m2/repository/io/netty/netty-resolver/4.1.30.Final/netty-resolver-4.1.30.Final.jar:/home/user/.m2/repository/io/netty/netty-transport-native-unix-common/4.1.30.Final/netty-transport-native-unix-common-4.1.30.Final.jar:/home/user/.m2/repository/io/grpc/grpc-protobuf/1.17.1/grpc-protobuf-1.17.1.jar:/home/user/.m2/repository/com/google/api/grpc/proto-google-common-protos/1.0.0/proto-google-common-protos-1.0.0.jar:/home/user/.m2/repository/io/grpc/grpc-protobuf-lite/1.17.1/grpc-protobuf-lite-1.17.1.jar:/home/user/.m2/repository/io/grpc/grpc-stub/1.17.1/grpc-stub-1.17.1.jar:/home/user/.m2/repository/org/apache/hadoop/hadoop-ozone-recon/0.5.0-SNAPSHOT/hadoop-ozone-recon-0.5.0-SNAPSHOT.jar:/home/user/.m2/repository/org/apache/hadoop/hadoop-ozone-reconcodegen/0.5.0-SNAPSHOT/hadoop-ozone-reconcodegen-0.5.0-SNAPSHOT.jar:/home/user/.m2/repository/com/google/inject/extensions/guice-multibindings/4.0/guice-multibindings-4.0.jar:/home/user/.m2/repository/com/google/inject/guice/4.0/guice-4.0.jar:/home/user/.m2/repository/aopalliance/aopalliance/1.0/aopalliance-1.0.jar:/home/user/.m2/repository/com/google/inject/extensions/guice-servlet/4.0/guice-servlet-4.0.jar:/home/user/.m2/repository/org/glassfish/jersey/containers/jersey-container-servlet/2.27/jersey-container-servlet-2.27.jar:/home/user/.m2/repository/org/glassfish/hk2/guice-bridge/2.5.0/guice-bridge-2.5.0.jar:/home/user/.m2/repository/org/glassfish/jersey/core/jersey-server/2.27/jersey-server-2.27.jar:/home/user/.m2/repository/org/glassfish/jersey/core/jersey-client/2.27/jersey-client-2.27.jar:/home/user/.m2/repository/org/glassfish/jersey/media/jersey-media-jaxb/2.27/jersey-media-jaxb-2.27.jar:/home/user/.m2/repository/javax/validation/validation-api/1.1.0.Final/validation-api-1.1.0.Final.jar:/home/user/.m2/repository/org/glassfish/jersey/media/jersey-media-json-jackson/2.27/jersey-media-json-jackson-2.27.jar:/home/user/.m2/repository/org/glassfish/jersey/ext/jersey-entity-filtering/2.27/jersey-entity-filtering-2.27.jar:/home/user/.m2/repository/com/google/inject/extensions/guice-assistedinject/4.0/guice-assistedinject-4.0.jar:/home/user/.m2/repository/org/jooq/jooq/3.11.10/jooq-3.11.10.jar:/home/user/.m2/repository/org/jooq/jooq-meta/3.11.10/jooq-meta-3.11.10.jar:/home/user/.m2/repository/org/jooq/jooq-codegen/3.11.10/jooq-codegen-3.11.10.jar:/home/user/.m2/repository/com/jolbox/bonecp/0.8.0.RELEASE/bonecp-0.8.0.RELEASE.jar:/home/user/.m2/repository/org/xerial/sqlite-jdbc/3.25.2/sqlite-jdbc-3.25.2.jar:/home/user/.m2/repository/org/springframework/spring-jdbc/5.1.3.RELEASE/spring-jdbc-5.1.3.RELEASE.jar:/home/user/.m2/repository/org/springframework/spring-beans/5.1.3.RELEASE/spring-beans-5.1.3.RELEASE.jar:/home/user/.m2/repository/org/springframework/spring-core/5.1.3.RELEASE/spring-core-5.1.3.RELEASE.jar:/home/user/.m2/repository/org/springframework/spring-jcl/5.1.3.RELEASE/spring-jcl-5.1.3.RELEASE.jar:/home/user/.m2/repository/org/springframework/spring-tx/5.1.3.RELEASE/spring-tx-5.1.3.RELEASE.jar:/home/user/.m2/repository/org/apache/hadoop/hadoop-ozone-client/0.5.0-SNAPSHOT/hadoop-ozone-client-0.5.0-SNAPSHOT.jar:/home/user/.m2/repository/commons-lang/commons-lang/2.6/commons-lang-2.6.jar:/home/user/.m2/repository/org/apache/hadoop/hadoop-ozone-ozone-manager/0.5.0-SNAPSHOT/hadoop-ozone-ozone-manager-0.5.0-SNAPSHOT-tests.jar:/home/user/.m2/repository/junit/junit/4.11/junit-4.11.jar:/home/user/.m2/repository/org/hamcrest/hamcrest-core/1.3/hamcrest-core-1.3.jar:/home/user/.m2/repository/org/openjdk/jmh/jmh-core/1.19/jmh-core-1.19.jar:/home/user/.m2/repository/net/sf/jopt-simple/jopt-simple/4.6/jopt-simple-4.6.jar:/home/user/.m2/repository/org/apache/commons/commons-math3/3.1.1/commons-math3-3.1.1.jar:/home/user/.m2/repository/org/openjdk/jmh/jmh-generator-annprocess/1.19/jmh-generator-annprocess-1.19.jar:/home/user/.m2/repository/org/mockito/mockito-all/1.8.5/mockito-all-1.8.5.jar:/home/user/.m2/repository/org/apache/hadoop/hadoop-kms/3.2.0/hadoop-kms-3.2.0.jar:/home/user/.m2/repository/org/apache/hadoop/hadoop-auth/3.2.0/hadoop-auth-3.2.0.jar:/home/user/.m2/repository/com/nimbusds/nimbus-jose-jwt/4.41.1/nimbus-jose-jwt-4.41.1.jar:/home/user/.m2/repository/com/github/stephenc/jcip/jcip-annotations/1.0-1/jcip-annotations-1.0-1.jar:/home/user/.m2/repository/net/minidev/json-smart/2.3/json-smart-2.3.jar:/home/user/.m2/repository/net/minidev/accessors-smart/1.2/accessors-smart-1.2.jar:/home/user/.m2/repository/org/ow2/asm/asm/5.0.4/asm-5.0.4.jar:/home/user/.m2/repository/org/apache/curator/curator-framework/2.12.0/curator-framework-2.12.0.jar:/home/user/.m2/repository/com/sun/jersey/jersey-core/1.19/jersey-core-1.19.jar:/home/user/.m2/repository/javax/ws/rs/jsr311-api/1.1.1/jsr311-api-1.1.1.jar:/home/user/.m2/repository/com/sun/jersey/jersey-server/1.19/jersey-server-1.19.jar:/home/user/.m2/repository/javax/servlet/javax.servlet-api/3.1.0/javax.servlet-api-3.1.0.jar:/home/user/.m2/repository/org/eclipse/jetty/jetty-server/9.3.25.v20180904/jetty-server-9.3.25.v20180904.jar:/home/user/.m2/repository/org/eclipse/jetty/jetty-http/9.3.25.v20180904/jetty-http-9.3.25.v20180904.jar:/home/user/.m2/repository/org/eclipse/jetty/jetty-io/9.3.25.v20180904/jetty-io-9.3.25.v20180904.jar:/home/user/.m2/repository/org/eclipse/jetty/jetty-webapp/9.3.25.v20180904/jetty-webapp-9.3.25.v20180904.jar:/home/user/.m2/repository/org/eclipse/jetty/jetty-xml/9.3.25.v20180904/jetty-xml-9.3.25.v20180904.jar:/home/user/.m2/repository/log4j/log4j/1.2.17/log4j-1.2.17.jar:/home/user/.m2/repository/org/slf4j/slf4j-api/1.7.25/slf4j-api-1.7.25.jar:/home/user/.m2/repository/org/slf4j/jul-to-slf4j/1.7.25/jul-to-slf4j-1.7.25.jar:/home/user/.m2/repository/org/eclipse/jetty/jetty-util/9.3.25.v20180904/jetty-util-9.3.25.v20180904.jar:/home/user/.m2/repository/com/fasterxml/jackson/core/jackson-databind/2.9.9/jackson-databind-2.9.9.jar:/home/user/.m2/repository/org/apache/hadoop/hadoop-kms/3.2.0/hadoop-kms-3.2.0-tests.jar:/home/user/.m2/repository/org/apache/hadoop/hadoop-hdds-server-scm/0.5.0-SNAPSHOT/hadoop-hdds-server-scm-0.5.0-SNAPSHOT-tests.jar:/home/user/.m2/repository/org/apache/hadoop/hadoop-hdds-container-service/0.5.0-SNAPSHOT/hadoop-hdds-container-service-0.5.0-SNAPSHOT-tests.jar:/home/user/.m2/repository/org/yaml/snakeyaml/1.16/snakeyaml-1.16.jar:/home/user/.m2/repository/org/apache/hadoop/hadoop-common/3.2.0/hadoop-common-3.2.0-tests.jar:/home/user/.m2/repository/org/apache/hadoop/hadoop-annotations/3.2.0/hadoop-annotations-3.2.0.jar:/usr/lib/jvm/java-1.8-openjdk/jre/../lib/tools.jar:/home/user/.m2/repository/commons-cli/commons-cli/1.2/commons-cli-1.2.jar:/home/user/.m2/repository/org/apache/httpcomponents/httpclient/4.5.2/httpclient-4.5.2.jar:/home/user/.m2/repository/org/apache/httpcomponents/httpcore/4.4.4/httpcore-4.4.4.jar:/home/user/.m2/repository/commons-codec/commons-codec/1.11/commons-codec-1.11.jar:/home/user/.m2/repository/commons-net/commons-net/3.6/commons-net-3.6.jar:/home/user/.m2/repository/commons-collections/commons-collections/3.2.2/commons-collections-3.2.2.jar:/home/user/.m2/repository/org/eclipse/jetty/jetty-servlet/9.3.25.v20180904/jetty-servlet-9.3.25.v20180904.jar:/home/user/.m2/repository/org/eclipse/jetty/jetty-security/9.3.25.v20180904/jetty-security-9.3.25.v20180904.jar:/home/user/.m2/repository/javax/servlet/jsp/jsp-api/2.1/jsp-api-2.1.jar:/home/user/.m2/repository/com/sun/jersey/jersey-servlet/1.19/jersey-servlet-1.19.jar:/home/user/.m2/repository/com/sun/jersey/jersey-json/1.19/jersey-json-1.19.jar:/home/user/.m2/repository/org/codehaus/jettison/jettison/1.1/jettison-1.1.jar:/home/user/.m2/repository/org/codehaus/jackson/jackson-core-asl/1.9.13/jackson-core-asl-1.9.13.jar:/home/user/.m2/repository/org/codehaus/jackson/jackson-mapper-asl/1.9.13/jackson-mapper-asl-1.9.13.jar:/home/user/.m2/repository/org/codehaus/jackson/jackson-jaxrs/1.9.13/jackson-jaxrs-1.9.13.jar:/home/user/.m2/repository/org/codehaus/jackson/jackson-xc/1.9.13/jackson-xc-1.9.13.jar:/home/user/.m2/repository/commons-logging/commons-logging/1.1.3/commons-logging-1.1.3.jar:/home/user/.m2/repository/commons-beanutils/commons-beanutils/1.9.4/commons-beanutils-1.9.4.jar:/home/user/.m2/repository/org/apache/commons/commons-configuration2/2.1.1/commons-configuration2-2.1.1.jar:/home/user/.m2/repository/org/apache/commons/commons-lang3/3.7/commons-lang3-3.7.jar:/home/user/.m2/repository/org/apache/commons/commons-text/1.4/commons-text-1.4.jar:/home/user/.m2/repository/org/apache/avro/avro/1.7.7/avro-1.7.7.jar:/home/user/.m2/repository/com/thoughtworks/paranamer/paranamer/2.3/paranamer-2.3.jar:/home/user/.m2/repository/org/xerial/snappy/snappy-java/1.0.5/snappy-java-1.0.5.jar:/home/user/.m2/repository/com/google/re2j/re2j/1.1/re2j-1.1.jar:/home/user/.m2/repository/com/google/code/gson/gson/2.2.4/gson-2.2.4.jar:/home/user/.m2/repository/com/jcraft/jsch/0.1.54/jsch-0.1.54.jar:/home/user/.m2/repository/org/apache/curator/curator-client/2.12.0/curator-client-2.12.0.jar:/home/user/.m2/repository/org/apache/curator/curator-recipes/2.12.0/curator-recipes-2.12.0.jar:/home/user/.m2/repository/com/google/code/findbugs/jsr305/3.0.0/jsr305-3.0.0.jar:/home/user/.m2/repository/org/apache/htrace/htrace-core4/4.1.0-incubating/htrace-core4-4.1.0-incubating.jar:/home/user/.m2/repository/org/apache/zookeeper/zookeeper/3.4.13/zookeeper-3.4.13.jar:/home/user/.m2/repository/jline/jline/0.9.94/jline-0.9.94.jar:/home/user/.m2/repository/org/apache/yetus/audience-annotations/0.5.0/audience-annotations-0.5.0.jar:/home/user/.m2/repository/org/codehaus/woodstox/stax2-api/3.1.4/stax2-api-3.1.4.jar:/home/user/.m2/repository/com/fasterxml/woodstox/woodstox-core/5.0.3/woodstox-core-5.0.3.jar:/home/user/.m2/repository/dnsjava/dnsjava/2.1.7/dnsjava-2.1.7.jar:/home/user/.m2/repository/org/apache/hadoop/hadoop-hdfs/3.2.0/hadoop-hdfs-3.2.0-tests.jar:/home/user/.m2/repository/org/eclipse/jetty/jetty-util-ajax/9.3.25.v20180904/jetty-util-ajax-9.3.25.v20180904.jar:/home/user/.m2/repository/commons-daemon/commons-daemon/1.0.13/commons-daemon-1.0.13.jar:/home/user/.m2/repository/io/netty/netty/3.10.5.Final/netty-3.10.5.Final.jar:/home/user/.m2/repository/io/netty/netty-all/4.0.52.Final/netty-all-4.0.52.Final.jar:/home/user/.m2/repository/org/fusesource/leveldbjni/leveldbjni-all/1.8/leveldbjni-all-1.8.jar:"/>
    <property name="sun.cpu.endian" value="little"/>
    <property name="user.home" value="/home/user"/>
    <property name="user.language" value="en"/>
    <property name="java.specification.vendor" value="Oracle Corporation"/>
    <property name="java.home" value="/usr/lib/jvm/java-1.8-openjdk/jre"/>
    <property name="java.security.krb5.conf" value="/workdir/hadoop-ozone/integration-test/target/test-classes/krb5.conf"/>
    <property name="basedir" value="/workdir/hadoop-ozone/integration-test"/>
    <property name="file.separator" value="/"/>
    <property name="line.separator" value="&#10;"/>
    <property name="java.vm.specification.vendor" value="Oracle Corporation"/>
    <property name="java.specification.name" value="Java Platform API Specification"/>
    <property name="java.awt.graphicsenv" value="sun.awt.X11GraphicsEnvironment"/>
    <property name="surefire.real.class.path" value="/workdir/hadoop-ozone/integration-test/target/surefire/surefirebooter1445870343135515599.jar"/>
    <property name="hadoop.log.dir" value="/workdir/hadoop-ozone/integration-test/target/log"/>
    <property name="sun.boot.class.path" value="/usr/lib/jvm/java-1.8-openjdk/jre/lib/resources.jar:/usr/lib/jvm/java-1.8-openjdk/jre/lib/rt.jar:/usr/lib/jvm/java-1.8-openjdk/jre/lib/sunrsasign.jar:/usr/lib/jvm/java-1.8-openjdk/jre/lib/jsse.jar:/usr/lib/jvm/java-1.8-openjdk/jre/lib/jce.jar:/usr/lib/jvm/java-1.8-openjdk/jre/lib/charsets.jar:/usr/lib/jvm/java-1.8-openjdk/jre/lib/jfr.jar:/usr/lib/jvm/java-1.8-openjdk/jre/classes"/>
    <property name="sun.management.compiler" value="HotSpot 64-Bit Tiered Compilers"/>
    <property name="java.runtime.version" value="1.8.0_212-b04"/>
    <property name="java.net.preferIPv4Stack" value="true"/>
    <property name="user.name" value="jenkins1000"/>
    <property name="path.separator" value=":"/>
    <property name="java.security.egd" value="file:///dev/urandom"/>
    <property name="os.version" value="3.10.0-957.12.2.el7.x86_64"/>
    <property name="java.endorsed.dirs" value="/usr/lib/jvm/java-1.8-openjdk/jre/lib/endorsed"/>
    <property name="java.runtime.name" value="OpenJDK Runtime Environment"/>
    <property name="file.encoding" value="UTF-8"/>
    <property name="java.vm.name" value="OpenJDK 64-Bit Server VM"/>
    <property name="test.build.webapps" value=""/>
    <property name="localRepository" value="/home/user/.m2/repository"/>
    <property name="java.vendor.url.bug" value="https://icedtea.classpath.org/bugzilla"/>
    <property name="java.io.tmpdir" value="/tmp"/>
    <property name="require.test.libhadoop" value=""/>
    <property name="java.version" value="1.8.0_212"/>
    <property name="user.dir" value="/workdir/hadoop-ozone/integration-test"/>
    <property name="os.arch" value="amd64"/>
    <property name="java.vm.specification.name" value="Java Virtual Machine Specification"/>
    <property name="test.build.classes" value="/workdir/hadoop-ozone/integration-test/target/test-classes"/>
    <property name="java.awt.printerjob" value="sun.print.PSPrinterJob"/>
    <property name="sun.os.patch.level" value="unknown"/>
    <property name="hadoop.tmp.dir" value="/workdir/hadoop-ozone/integration-test/target/tmp"/>
    <property name="java.library.path" value="/usr/lib/jvm/java-1.8-openjdk/jre/lib/amd64/server:/usr/lib/jvm/java-1.8-openjdk/jre/lib/amd64:/usr/lib/jvm/java-1.8-openjdk/jre/../lib/amd64:/workdir/hadoop-ozone/integration-test/target/native/target/usr/local/lib:/workdir/hadoop-ozone/integration-test/../../hadoop-common-project/hadoop-common/target/native/target/usr/local/lib:/usr/java/packages/lib/amd64:/usr/lib64:/lib64:/lib:/usr/lib"/>
    <property name="java.vm.info" value="mixed mode"/>
    <property name="java.vendor" value="IcedTea"/>
    <property name="java.vm.version" value="25.212-b04"/>
    <property name="java.ext.dirs" value="/usr/lib/jvm/java-1.8-openjdk/jre/lib/ext:/usr/java/packages/lib/ext"/>
    <property name="sun.io.unicode.encoding" value="UnicodeLittle"/>
    <property name="java.class.version" value="52.0"/>
  </properties>
  <testcase name="testHybridPipelineOnDatanode" classname="org.apache.hadoop.ozone.client.rpc.TestHybridPipelineOnDatanode" time="8.445">
    <error message="Allocated 0 blocks. Requested 1 blocks" type="INTERNAL_ERROR org.apache.hadoop.ozone.om.exceptions.OMException">INTERNAL_ERROR org.apache.hadoop.ozone.om.exceptions.OMException: Allocated 0 blocks. Requested 1 blocks
	at org.apache.hadoop.ozone.om.protocolPB.OzoneManagerProtocolClientSideTranslatorPB.handleError(OzoneManagerProtocolClientSideTranslatorPB.java:732)
	at org.apache.hadoop.ozone.om.protocolPB.OzoneManagerProtocolClientSideTranslatorPB.openKey(OzoneManagerProtocolClientSideTranslatorPB.java:723)
	at sun.reflect.NativeMethodAccessorImpl.invoke0(Native Method)
	at sun.reflect.NativeMethodAccessorImpl.invoke(NativeMethodAccessorImpl.java:62)
	at sun.reflect.DelegatingMethodAccessorImpl.invoke(DelegatingMethodAccessorImpl.java:43)
	at java.lang.reflect.Method.invoke(Method.java:498)
	at org.apache.hadoop.hdds.tracing.TraceAllMethod.invoke(TraceAllMethod.java:66)
	at com.sun.proxy.$Proxy37.openKey(Unknown Source)
	at org.apache.hadoop.ozone.client.rpc.RpcClient.createKey(RpcClient.java:614)
	at org.apache.hadoop.ozone.client.OzoneBucket.createKey(OzoneBucket.java:325)
	at org.apache.hadoop.ozone.client.rpc.TestHybridPipelineOnDatanode.testHybridPipelineOnDatanode(TestHybridPipelineOnDatanode.java:115)
	at sun.reflect.NativeMethodAccessorImpl.invoke0(Native Method)
	at sun.reflect.NativeMethodAccessorImpl.invoke(NativeMethodAccessorImpl.java:62)
	at sun.reflect.DelegatingMethodAccessorImpl.invoke(DelegatingMethodAccessorImpl.java:43)
	at java.lang.reflect.Method.invoke(Method.java:498)
	at org.junit.runners.model.FrameworkMethod$1.runReflectiveCall(FrameworkMethod.java:47)
	at org.junit.internal.runners.model.ReflectiveCallable.run(ReflectiveCallable.java:12)
	at org.junit.runners.model.FrameworkMethod.invokeExplosively(FrameworkMethod.java:44)
	at org.junit.internal.runners.statements.InvokeMethod.evaluate(InvokeMethod.java:17)
	at org.junit.runners.ParentRunner.runLeaf(ParentRunner.java:271)
	at org.junit.runners.BlockJUnit4ClassRunner.runChild(BlockJUnit4ClassRunner.java:70)
	at org.junit.runners.BlockJUnit4ClassRunner.runChild(BlockJUnit4ClassRunner.java:50)
	at org.junit.runners.ParentRunner$3.run(ParentRunner.java:238)
	at org.junit.runners.ParentRunner$1.schedule(ParentRunner.java:63)
	at org.junit.runners.ParentRunner.runChildren(ParentRunner.java:236)
	at org.junit.runners.ParentRunner.access$000(ParentRunner.java:53)
	at org.junit.runners.ParentRunner$2.evaluate(ParentRunner.java:229)
	at org.junit.internal.runners.statements.RunBefores.evaluate(RunBefores.java:26)
	at org.junit.internal.runners.statements.RunAfters.evaluate(RunAfters.java:27)
	at org.junit.runners.ParentRunner.run(ParentRunner.java:309)
	at org.apache.maven.surefire.junit4.JUnit4Provider.execute(JUnit4Provider.java:365)
	at org.apache.maven.surefire.junit4.JUnit4Provider.executeWithRerun(JUnit4Provider.java:273)
	at org.apache.maven.surefire.junit4.JUnit4Provider.executeTestSet(JUnit4Provider.java:238)
	at org.apache.maven.surefire.junit4.JUnit4Provider.invoke(JUnit4Provider.java:159)
	at org.apache.maven.surefire.booter.ForkedBooter.invokeProviderInSameClassLoader(ForkedBooter.java:384)
	at org.apache.maven.surefire.booter.ForkedBooter.runSuitesInProcess(ForkedBooter.java:345)
	at org.apache.maven.surefire.booter.ForkedBooter.execute(ForkedBooter.java:126)
	at org.apache.maven.surefire.booter.ForkedBooter.main(ForkedBooter.java:418)
</error>
    <system-out><![CDATA[2019-09-26 12:48:25,310 [main] WARN  server.ServerUtils (ServerUtils.java:getScmDbDir(145)) - ozone.scm.db.dirs is not configured. We recommend adding this setting. Falling back to ozone.metadata.dirs instead.
2019-09-26 12:48:25,432 [main] WARN  server.ServerUtils (ServerUtils.java:getScmDbDir(145)) - ozone.scm.db.dirs is not configured. We recommend adding this setting. Falling back to ozone.metadata.dirs instead.
2019-09-26 12:48:25,435 [main] WARN  server.ServerUtils (ServerUtils.java:getScmDbDir(145)) - ozone.scm.db.dirs is not configured. We recommend adding this setting. Falling back to ozone.metadata.dirs instead.
2019-09-26 12:48:25,454 [main] INFO  util.log (Log.java:initialized(192)) - Logging initialized @946ms
2019-09-26 12:48:25,586 [main] INFO  db.DBStoreBuilder (DBStoreBuilder.java:addTable(110)) - using custom profile for table: deletedBlocks
2019-09-26 12:48:25,586 [main] INFO  db.DBStoreBuilder (DBStoreBuilder.java:processTables(161)) - Using default column profile:DBProfile.DISK for Table:deletedBlocks
2019-09-26 12:48:25,587 [main] INFO  db.DBStoreBuilder (DBStoreBuilder.java:addTable(110)) - using custom profile for table: validCerts
2019-09-26 12:48:25,587 [main] INFO  db.DBStoreBuilder (DBStoreBuilder.java:processTables(161)) - Using default column profile:DBProfile.DISK for Table:validCerts
2019-09-26 12:48:25,587 [main] INFO  db.DBStoreBuilder (DBStoreBuilder.java:addTable(110)) - using custom profile for table: revokedCerts
2019-09-26 12:48:25,588 [main] INFO  db.DBStoreBuilder (DBStoreBuilder.java:processTables(161)) - Using default column profile:DBProfile.DISK for Table:revokedCerts
2019-09-26 12:48:25,601 [main] INFO  db.DBStoreBuilder (DBStoreBuilder.java:addTable(110)) - using custom profile for table: default
2019-09-26 12:48:25,601 [main] INFO  db.DBStoreBuilder (DBStoreBuilder.java:processTables(167)) - Using default column profile:DBProfile.DISK for Table:default
2019-09-26 12:48:25,603 [main] INFO  db.DBStoreBuilder (DBStoreBuilder.java:getDbProfile(198)) - Using default options. DBProfile.DISK
2019-09-26 12:48:25,886 [main] INFO  net.NodeSchemaLoader (NodeSchemaLoader.java:loadSchemaFromFile(125)) - Loading file from sun.misc.CompoundEnumeration@7b2bbc3
2019-09-26 12:48:25,888 [main] INFO  net.NodeSchemaLoader (NodeSchemaLoader.java:loadSchema(171)) - Loading network topology layer schema file
2019-09-26 12:48:25,959 [main] WARN  server.ServerUtils (ServerUtils.java:sanitizeUserArgs(70)) - ozone.scm.stale.node.interval value = 300000 is larger than max = 100000 based on the key value of ozone.scm.heartbeat.thread.interval, reset to the max value 100000.
2019-09-26 12:48:25,961 [main] WARN  server.ServerUtils (ServerUtils.java:sanitizeUserArgs(70)) - ozone.scm.stale.node.interval value = 300000 is larger than max = 100000 based on the key value of ozone.scm.heartbeat.thread.interval, reset to the max value 100000.
2019-09-26 12:48:25,963 [main] INFO  node.SCMNodeManager (SCMNodeManager.java:<init>(114)) - Entering startup safe mode.
2019-09-26 12:48:26,036 [main] INFO  algorithms.ContainerPlacementPolicyFactory (ContainerPlacementPolicyFactory.java:getPolicy(59)) - Create container placement policy of type org.apache.hadoop.hdds.scm.container.placement.algorithms.SCMContainerPlacementRandom
2019-09-26 12:48:26,052 [main] WARN  server.ServerUtils (ServerUtils.java:getScmDbDir(145)) - ozone.scm.db.dirs is not configured. We recommend adding this setting. Falling back to ozone.metadata.dirs instead.
2019-09-26 12:48:26,135 [main] INFO  pipeline.SCMPipelineManager (SCMPipelineManager.java:initializePipelineState(132)) - No pipeline exists in current db
2019-09-26 12:48:26,138 [main] WARN  server.ServerUtils (ServerUtils.java:getScmDbDir(145)) - ozone.scm.db.dirs is not configured. We recommend adding this setting. Falling back to ozone.metadata.dirs instead.
2019-09-26 12:48:26,252 [main] WARN  events.EventQueue (EventQueue.java:fireEvent(183)) - No event handler registered for event TypedEvent{payloadType=SafeModeStatus, name='SafeModeStatus'}
2019-09-26 12:48:26,639 [main] INFO  ipc.CallQueueManager (CallQueueManager.java:<init>(84)) - Using callQueue: class java.util.concurrent.LinkedBlockingQueue, queueCapacity: 2000, scheduler: class org.apache.hadoop.ipc.DefaultRpcScheduler, ipcBackoff: false.
2019-09-26 12:48:26,667 [Socket Reader #1 for port 45634] INFO  ipc.Server (Server.java:run(1074)) - Starting Socket Reader #1 for port 45634
2019-09-26 12:48:26,823 [main] INFO  ipc.CallQueueManager (CallQueueManager.java:<init>(84)) - Using callQueue: class java.util.concurrent.LinkedBlockingQueue, queueCapacity: 2000, scheduler: class org.apache.hadoop.ipc.DefaultRpcScheduler, ipcBackoff: false.
2019-09-26 12:48:26,824 [Socket Reader #1 for port 39966] INFO  ipc.Server (Server.java:run(1074)) - Starting Socket Reader #1 for port 39966
2019-09-26 12:48:26,833 [main] INFO  ipc.CallQueueManager (CallQueueManager.java:<init>(84)) - Using callQueue: class java.util.concurrent.LinkedBlockingQueue, queueCapacity: 2000, scheduler: class org.apache.hadoop.ipc.DefaultRpcScheduler, ipcBackoff: false.
2019-09-26 12:48:26,834 [Socket Reader #1 for port 36500] INFO  ipc.Server (Server.java:run(1074)) - Starting Socket Reader #1 for port 36500
2019-09-26 12:48:26,855 [main] INFO  hdfs.DFSUtil (DFSUtil.java:httpServerTemplateForNNAndJN(1641)) - Starting Web-server for scm at: http://0.0.0.0:0
2019-09-26 12:48:27,032 [main] INFO  server.AuthenticationFilter (AuthenticationFilter.java:constructSecretProvider(240)) - Unable to initialize FileSignerSecretProvider, falling back to use random secrets.
2019-09-26 12:48:27,041 [main] WARN  http.HttpRequestLog (HttpRequestLog.java:getRequestLog(97)) - Jetty request log can only be enabled using Log4j
2019-09-26 12:48:27,049 [main] INFO  http.HttpServer2 (HttpServer2.java:addGlobalFilter(975)) - Added global filter 'safety' (class=org.apache.hadoop.http.HttpServer2$QuotingInputFilter)
2019-09-26 12:48:27,052 [main] INFO  http.HttpServer2 (HttpServer2.java:addFilter(948)) - Added filter static_user_filter (class=org.apache.hadoop.http.lib.StaticUserWebFilter$StaticUserFilter) to context scm
2019-09-26 12:48:27,052 [main] INFO  http.HttpServer2 (HttpServer2.java:addFilter(958)) - Added filter static_user_filter (class=org.apache.hadoop.http.lib.StaticUserWebFilter$StaticUserFilter) to context static
2019-09-26 12:48:27,052 [main] INFO  http.HttpServer2 (HttpServer2.java:addFilter(958)) - Added filter static_user_filter (class=org.apache.hadoop.http.lib.StaticUserWebFilter$StaticUserFilter) to context logs
2019-09-26 12:48:27,083 [main] INFO  server.StorageContainerManager (StorageContainerManager.java:start(770)) - StorageContainerLocationProtocol RPC server is listening at /0.0.0.0:36500
2019-09-26 12:48:27,145 [main] WARN  impl.MetricsConfig (MetricsConfig.java:loadFirst(134)) - Cannot locate configuration: tried hadoop-metrics2-storagecontainermanager.properties,hadoop-metrics2.properties
2019-09-26 12:48:27,158 [main] INFO  impl.MetricsSystemImpl (MetricsSystemImpl.java:startTimer(374)) - Scheduled Metric snapshot period at 10 second(s).
2019-09-26 12:48:27,159 [main] INFO  impl.MetricsSystemImpl (MetricsSystemImpl.java:start(191)) - StorageContainerManager metrics system started
2019-09-26 12:48:27,401 [main] INFO  server.SCMClientProtocolServer (SCMClientProtocolServer.java:start(151)) - RPC server for Client  is listening at /0.0.0.0:36500
2019-09-26 12:48:27,402 [IPC Server Responder] INFO  ipc.Server (Server.java:run(1314)) - IPC Server Responder: starting
2019-09-26 12:48:27,402 [IPC Server listener on 36500] INFO  ipc.Server (Server.java:run(1153)) - IPC Server listener on 36500: starting
2019-09-26 12:48:27,405 [main] INFO  server.StorageContainerManager (StorageContainerManager.java:start(780)) - ScmBlockLocationProtocol RPC server is listening at /0.0.0.0:39966
2019-09-26 12:48:27,406 [main] INFO  server.SCMBlockProtocolServer (SCMBlockProtocolServer.java:start(146)) - RPC server for Block Protocol is listening at /0.0.0.0:39966
2019-09-26 12:48:27,407 [IPC Server Responder] INFO  ipc.Server (Server.java:run(1314)) - IPC Server Responder: starting
2019-09-26 12:48:27,407 [IPC Server listener on 39966] INFO  ipc.Server (Server.java:run(1153)) - IPC Server listener on 39966: starting
2019-09-26 12:48:27,409 [main] INFO  server.StorageContainerManager (StorageContainerManager.java:start(784)) - ScmDatanodeProtocl RPC server is listening at /0.0.0.0:45634
2019-09-26 12:48:27,409 [main] INFO  server.SCMDatanodeProtocolServer (SCMDatanodeProtocolServer.java:start(191)) - RPC server for DataNodes is listening at /0.0.0.0:45634
2019-09-26 12:48:27,410 [IPC Server Responder] INFO  ipc.Server (Server.java:run(1314)) - IPC Server Responder: starting
2019-09-26 12:48:27,410 [IPC Server listener on 45634] INFO  ipc.Server (Server.java:run(1153)) - IPC Server listener on 45634: starting
2019-09-26 12:48:27,413 [main] INFO  http.HttpServer2 (HttpServer2.java:bindListener(1191)) - Jetty bound to port 45889
2019-09-26 12:48:27,415 [main] INFO  server.Server (Server.java:doStart(351)) - jetty-9.3.25.v20180904, build timestamp: 2018-09-04T21:11:46Z, git hash: 3ce520221d0240229c862b122d2b06c12a625732
2019-09-26 12:48:27,455 [main] INFO  handler.ContextHandler (ContextHandler.java:doStart(781)) - Started o.e.j.s.ServletContextHandler@d3957fe{/logs,file:///workdir/hadoop-ozone/integration-test/target/log,AVAILABLE}
2019-09-26 12:48:27,455 [main] INFO  handler.ContextHandler (ContextHandler.java:doStart(781)) - Started o.e.j.s.ServletContextHandler@299321e2{/static,file:///workdir/hadoop-ozone/integration-test/target/test-classes/webapps/static,AVAILABLE}
2019-09-26 12:48:27,490 [main] INFO  handler.ContextHandler (ContextHandler.java:doStart(781)) - Started o.e.j.w.WebAppContext@4152d38d{/,file:///workdir/hadoop-ozone/integration-test/target/test-classes/webapps/scm/,AVAILABLE}{/scm}
2019-09-26 12:48:27,496 [main] INFO  server.AbstractConnector (AbstractConnector.java:doStart(278)) - Started ServerConnector@db44aa2{HTTP/1.1,[http/1.1]}{0.0.0.0:45889}
2019-09-26 12:48:27,496 [main] INFO  server.Server (Server.java:doStart(419)) - Started @2989ms
2019-09-26 12:48:27,499 [main] INFO  impl.MetricsSinkAdapter (MetricsSinkAdapter.java:start(204)) - Sink prometheus started
2019-09-26 12:48:27,499 [main] INFO  impl.MetricsSystemImpl (MetricsSystemImpl.java:registerSink(301)) - Registered sink prometheus
2019-09-26 12:48:27,502 [main] INFO  server.BaseHttpServer (BaseHttpServer.java:updateConnectorAddress(215)) - HTTP server of SCM is listening at http://0.0.0.0:45889
2019-09-26 12:48:27,511 [org.apache.hadoop.util.JvmPauseMonitor$Monitor@544630b7] INFO  util.JvmPauseMonitor (JvmPauseMonitor.java:run(188)) - Starting JVM pause monitor
2019-09-26 12:48:27,517 [main] WARN  server.ServerUtils (ServerUtils.java:getDBPath(222)) - ozone.om.db.dirs is not configured. We recommend adding this setting. Falling back to ozone.metadata.dirs instead.
2019-09-26 12:48:27,643 [main] WARN  server.ServerUtils (ServerUtils.java:getDBPath(222)) - ozone.om.db.dirs is not configured. We recommend adding this setting. Falling back to ozone.metadata.dirs instead.
2019-09-26 12:48:27,644 [main] WARN  server.ServerUtils (ServerUtils.java:getDBPath(222)) - ozone.om.db.dirs is not configured. We recommend adding this setting. Falling back to ozone.metadata.dirs instead.
2019-09-26 12:48:27,647 [main] INFO  om.OzoneManager (OzoneManager.java:setOMNodeDetails(652)) - OM Service ID is not set. Setting it to the default ID: omServiceIdDefault
2019-09-26 12:48:27,647 [main] INFO  om.OzoneManager (OzoneManager.java:setOMNodeDetails(658)) - OM Node ID is not set. Setting it to the OmStorage's OmID: 2df5a027-d5a0-491d-b26d-1c3778c0d876
2019-09-26 12:48:27,651 [main] INFO  om.OzoneManager (OzoneManager.java:loadOMHAConfigs(609)) - Found matching OM address with OMServiceId: null, OMNodeId: null, RPC Address: localhost:0 and Ratis port: 9872
2019-09-26 12:48:28,407 [main] WARN  server.ServerUtils (ServerUtils.java:getDBPath(222)) - ozone.om.db.dirs is not configured. We recommend adding this setting. Falling back to ozone.metadata.dirs instead.
2019-09-26 12:48:28,415 [main] INFO  db.DBStoreBuilder (DBStoreBuilder.java:addTable(110)) - using custom profile for table: userTable
2019-09-26 12:48:28,415 [main] INFO  db.DBStoreBuilder (DBStoreBuilder.java:processTables(161)) - Using default column profile:DBProfile.DISK for Table:userTable
2019-09-26 12:48:28,415 [main] INFO  db.DBStoreBuilder (DBStoreBuilder.java:addTable(110)) - using custom profile for table: volumeTable
2019-09-26 12:48:28,416 [main] INFO  db.DBStoreBuilder (DBStoreBuilder.java:processTables(161)) - Using default column profile:DBProfile.DISK for Table:volumeTable
2019-09-26 12:48:28,416 [main] INFO  db.DBStoreBuilder (DBStoreBuilder.java:addTable(110)) - using custom profile for table: bucketTable
2019-09-26 12:48:28,416 [main] INFO  db.DBStoreBuilder (DBStoreBuilder.java:processTables(161)) - Using default column profile:DBProfile.DISK for Table:bucketTable
2019-09-26 12:48:28,416 [main] INFO  db.DBStoreBuilder (DBStoreBuilder.java:addTable(110)) - using custom profile for table: keyTable
2019-09-26 12:48:28,416 [main] INFO  db.DBStoreBuilder (DBStoreBuilder.java:processTables(161)) - Using default column profile:DBProfile.DISK for Table:keyTable
2019-09-26 12:48:28,417 [main] INFO  db.DBStoreBuilder (DBStoreBuilder.java:addTable(110)) - using custom profile for table: deletedTable
2019-09-26 12:48:28,417 [main] INFO  db.DBStoreBuilder (DBStoreBuilder.java:processTables(161)) - Using default column profile:DBProfile.DISK for Table:deletedTable
2019-09-26 12:48:28,417 [main] INFO  db.DBStoreBuilder (DBStoreBuilder.java:addTable(110)) - using custom profile for table: openKeyTable
2019-09-26 12:48:28,417 [main] INFO  db.DBStoreBuilder (DBStoreBuilder.java:processTables(161)) - Using default column profile:DBProfile.DISK for Table:openKeyTable
2019-09-26 12:48:28,418 [main] INFO  db.DBStoreBuilder (DBStoreBuilder.java:addTable(110)) - using custom profile for table: s3Table
2019-09-26 12:48:28,418 [main] INFO  db.DBStoreBuilder (DBStoreBuilder.java:processTables(161)) - Using default column profile:DBProfile.DISK for Table:s3Table
2019-09-26 12:48:28,418 [main] INFO  db.DBStoreBuilder (DBStoreBuilder.java:addTable(110)) - using custom profile for table: multipartInfoTable
2019-09-26 12:48:28,418 [main] INFO  db.DBStoreBuilder (DBStoreBuilder.java:processTables(161)) - Using default column profile:DBProfile.DISK for Table:multipartInfoTable
2019-09-26 12:48:28,419 [main] INFO  db.DBStoreBuilder (DBStoreBuilder.java:addTable(110)) - using custom profile for table: dTokenTable
2019-09-26 12:48:28,419 [main] INFO  db.DBStoreBuilder (DBStoreBuilder.java:processTables(161)) - Using default column profile:DBProfile.DISK for Table:dTokenTable
2019-09-26 12:48:28,419 [main] INFO  db.DBStoreBuilder (DBStoreBuilder.java:addTable(110)) - using custom profile for table: s3SecretTable
2019-09-26 12:48:28,419 [main] INFO  db.DBStoreBuilder (DBStoreBuilder.java:processTables(161)) - Using default column profile:DBProfile.DISK for Table:s3SecretTable
2019-09-26 12:48:28,420 [main] INFO  db.DBStoreBuilder (DBStoreBuilder.java:addTable(110)) - using custom profile for table: prefixTable
2019-09-26 12:48:28,420 [main] INFO  db.DBStoreBuilder (DBStoreBuilder.java:processTables(161)) - Using default column profile:DBProfile.DISK for Table:prefixTable
2019-09-26 12:48:28,420 [main] INFO  db.DBStoreBuilder (DBStoreBuilder.java:addTable(110)) - using custom profile for table: default
2019-09-26 12:48:28,420 [main] INFO  db.DBStoreBuilder (DBStoreBuilder.java:processTables(167)) - Using default column profile:DBProfile.DISK for Table:default
2019-09-26 12:48:28,420 [main] INFO  db.DBStoreBuilder (DBStoreBuilder.java:getDbProfile(198)) - Using default options. DBProfile.DISK
2019-09-26 12:48:28,969 [main] INFO  ipc.CallQueueManager (CallQueueManager.java:<init>(84)) - Using callQueue: class java.util.concurrent.LinkedBlockingQueue, queueCapacity: 2000, scheduler: class org.apache.hadoop.ipc.DefaultRpcScheduler, ipcBackoff: false.
2019-09-26 12:48:28,970 [Socket Reader #1 for port 35896] INFO  ipc.Server (Server.java:run(1074)) - Starting Socket Reader #1 for port 35896
2019-09-26 12:48:28,992 [main] INFO  om.OzoneManager (OzoneManager.java:start(1243)) - OzoneManager RPC server is listening at localhost/127.0.0.1:35896
2019-09-26 12:48:28,992 [main] INFO  impl.MetricsSystemImpl (MetricsSystemImpl.java:init(158)) - OzoneManager metrics system started (again)
2019-09-26 12:48:28,994 [IPC Server Responder] INFO  ipc.Server (Server.java:run(1314)) - IPC Server Responder: starting
2019-09-26 12:48:28,994 [IPC Server listener on 35896] INFO  ipc.Server (Server.java:run(1153)) - IPC Server listener on 35896: starting
2019-09-26 12:48:28,999 [main] INFO  hdfs.DFSUtil (DFSUtil.java:httpServerTemplateForNNAndJN(1641)) - Starting Web-server for ozoneManager at: http://0.0.0.0:0
2019-09-26 12:48:29,002 [main] INFO  server.AuthenticationFilter (AuthenticationFilter.java:constructSecretProvider(240)) - Unable to initialize FileSignerSecretProvider, falling back to use random secrets.
2019-09-26 12:48:29,003 [main] WARN  http.HttpRequestLog (HttpRequestLog.java:getRequestLog(97)) - Jetty request log can only be enabled using Log4j
2019-09-26 12:48:29,006 [main] INFO  http.HttpServer2 (HttpServer2.java:addGlobalFilter(975)) - Added global filter 'safety' (class=org.apache.hadoop.http.HttpServer2$QuotingInputFilter)
2019-09-26 12:48:29,007 [main] INFO  http.HttpServer2 (HttpServer2.java:addFilter(948)) - Added filter static_user_filter (class=org.apache.hadoop.http.lib.StaticUserWebFilter$StaticUserFilter) to context ozoneManager
2019-09-26 12:48:29,007 [main] INFO  http.HttpServer2 (HttpServer2.java:addFilter(958)) - Added filter static_user_filter (class=org.apache.hadoop.http.lib.StaticUserWebFilter$StaticUserFilter) to context static
2019-09-26 12:48:29,007 [main] INFO  http.HttpServer2 (HttpServer2.java:addFilter(958)) - Added filter static_user_filter (class=org.apache.hadoop.http.lib.StaticUserWebFilter$StaticUserFilter) to context logs
2019-09-26 12:48:29,010 [main] INFO  http.HttpServer2 (HttpServer2.java:bindListener(1191)) - Jetty bound to port 42412
2019-09-26 12:48:29,010 [main] INFO  server.Server (Server.java:doStart(351)) - jetty-9.3.25.v20180904, build timestamp: 2018-09-04T21:11:46Z, git hash: 3ce520221d0240229c862b122d2b06c12a625732
2019-09-26 12:48:29,013 [main] INFO  handler.ContextHandler (ContextHandler.java:doStart(781)) - Started o.e.j.s.ServletContextHandler@4fe875be{/logs,file:///workdir/hadoop-ozone/integration-test/target/log,AVAILABLE}
2019-09-26 12:48:29,013 [main] INFO  handler.ContextHandler (ContextHandler.java:doStart(781)) - Started o.e.j.s.ServletContextHandler@4a9486c0{/static,file:///workdir/hadoop-ozone/integration-test/target/test-classes/webapps/static,AVAILABLE}
2019-09-26 12:48:29,019 [main] INFO  handler.ContextHandler (ContextHandler.java:doStart(781)) - Started o.e.j.w.WebAppContext@3b569985{/,file:///workdir/hadoop-ozone/integration-test/target/test-classes/webapps/ozoneManager/,AVAILABLE}{/ozoneManager}
2019-09-26 12:48:29,020 [main] INFO  server.AbstractConnector (AbstractConnector.java:doStart(278)) - Started ServerConnector@3a022576{HTTP/1.1,[http/1.1]}{0.0.0.0:42412}
2019-09-26 12:48:29,021 [main] INFO  server.Server (Server.java:doStart(419)) - Started @4513ms
2019-09-26 12:48:29,022 [main] WARN  impl.MetricsSystemImpl (MetricsSystemImpl.java:register(276)) - Sink prometheus already exists!
2019-09-26 12:48:29,022 [main] INFO  server.BaseHttpServer (BaseHttpServer.java:updateConnectorAddress(215)) - HTTP server of OZONEMANAGER is listening at http://0.0.0.0:42412
2019-09-26 12:48:29,287 [main] INFO  impl.MetricsSystemImpl (MetricsSystemImpl.java:init(158)) - HddsDatanode metrics system started (again)
2019-09-26 12:48:29,347 [main] INFO  ozone.HddsDatanodeService (HddsDatanodeService.java:start(184)) - HddsDatanodeService host:pr-hdds-1569-87zkn-1081879488 ip:192.168.164.238
2019-09-26 12:48:29,381 [main] INFO  volume.HddsVolume (HddsVolume.java:<init>(176)) - Creating Volume: /workdir/hadoop-ozone/integration-test/target/test-dir/MiniOzoneClusterImpl-081de17b-1a38-412a-aff9-ce4303794a7e/datanode-0/data/containers/hdds of  storage type : DISK and capacity : 1482555576320
2019-09-26 12:48:29,383 [main] INFO  volume.VolumeSet (VolumeSet.java:initializeVolumeSet(170)) - Added Volume : /workdir/hadoop-ozone/integration-test/target/test-dir/MiniOzoneClusterImpl-081de17b-1a38-412a-aff9-ce4303794a7e/datanode-0/data/containers/hdds to VolumeSet
2019-09-26 12:48:29,386 [main] INFO  volume.ThrottledAsyncChecker (ThrottledAsyncChecker.java:schedule(139)) - Scheduling a check for org.apache.hadoop.ozone.container.common.volume.HddsVolume@7ce9e05a
2019-09-26 12:48:29,403 [main] INFO  volume.HddsVolumeChecker (HddsVolumeChecker.java:checkAllVolumes(202)) - Scheduled health check for volume org.apache.hadoop.ozone.container.common.volume.HddsVolume@7ce9e05a
2019-09-26 12:48:29,508 [main] INFO  impl.RaftServerProxy (ConfUtils.java:logGet(43)) - raft.rpc.type = GRPC (default)
2019-09-26 12:48:29,567 [main] INFO  grpc.GrpcFactory (GrpcFactory.java:checkPooledByteBufAllocatorUseCacheForAllThreads(45)) - PERFORMANCE WARNING: useCacheForAllThreads is true that may cause Netty to create a lot garbage objects and, as a result, trigger GC.
	It is recommended to disable useCacheForAllThreads by setting -Dorg.apache.ratis.thirdparty.io.netty.allocator.useCacheForAllThreads=false in command line.
2019-09-26 12:48:29,572 [main] INFO  grpc.GrpcConfigKeys$Server (ConfUtils.java:logGet(43)) - raft.grpc.server.port = 0 (default)
2019-09-26 12:48:29,573 [main] INFO  server.GrpcService (ConfUtils.java:logGet(43)) - raft.grpc.message.size.max = 33570816 (custom)
2019-09-26 12:48:29,574 [main] INFO  server.RaftServerConfigKeys (ConfUtils.java:logGet(43)) - raft.server.log.appender.buffer.byte-limit = 33554432 (custom)
2019-09-26 12:48:29,575 [main] INFO  server.GrpcService (ConfUtils.java:logGet(43)) - raft.grpc.flow.control.window = 1MB (=1048576) (default)
2019-09-26 12:48:29,576 [main] INFO  server.RaftServerConfigKeys (ConfUtils.java:logGet(43)) - raft.server.rpc.request.timeout = 3000ms (default)
2019-09-26 12:48:29,722 [main] INFO  server.RaftServerConfigKeys (ConfUtils.java:logGet(43)) - raft.server.storage.dir = [/workdir/hadoop-ozone/integration-test/target/test-dir/MiniOzoneClusterImpl-081de17b-1a38-412a-aff9-ce4303794a7e/datanode-0/data/ratis] (custom)
2019-09-26 12:48:29,772 [main] INFO  hdfs.DFSUtil (DFSUtil.java:httpServerTemplateForNNAndJN(1641)) - Starting Web-server for hddsDatanode at: http://0.0.0.0:0
2019-09-26 12:48:29,777 [main] INFO  server.AuthenticationFilter (AuthenticationFilter.java:constructSecretProvider(240)) - Unable to initialize FileSignerSecretProvider, falling back to use random secrets.
2019-09-26 12:48:29,778 [main] WARN  http.HttpRequestLog (HttpRequestLog.java:getRequestLog(97)) - Jetty request log can only be enabled using Log4j
2019-09-26 12:48:29,782 [main] INFO  http.HttpServer2 (HttpServer2.java:addGlobalFilter(975)) - Added global filter 'safety' (class=org.apache.hadoop.http.HttpServer2$QuotingInputFilter)
2019-09-26 12:48:29,783 [main] INFO  http.HttpServer2 (HttpServer2.java:addFilter(948)) - Added filter static_user_filter (class=org.apache.hadoop.http.lib.StaticUserWebFilter$StaticUserFilter) to context hddsDatanode
2019-09-26 12:48:29,784 [main] INFO  http.HttpServer2 (HttpServer2.java:addFilter(958)) - Added filter static_user_filter (class=org.apache.hadoop.http.lib.StaticUserWebFilter$StaticUserFilter) to context static
2019-09-26 12:48:29,784 [main] INFO  http.HttpServer2 (HttpServer2.java:addFilter(958)) - Added filter static_user_filter (class=org.apache.hadoop.http.lib.StaticUserWebFilter$StaticUserFilter) to context logs
2019-09-26 12:48:29,787 [main] INFO  http.HttpServer2 (HttpServer2.java:bindListener(1191)) - Jetty bound to port 36417
2019-09-26 12:48:29,787 [main] INFO  server.Server (Server.java:doStart(351)) - jetty-9.3.25.v20180904, build timestamp: 2018-09-04T21:11:46Z, git hash: 3ce520221d0240229c862b122d2b06c12a625732
2019-09-26 12:48:29,790 [main] INFO  handler.ContextHandler (ContextHandler.java:doStart(781)) - Started o.e.j.s.ServletContextHandler@31ee2fdb{/logs,file:///workdir/hadoop-ozone/integration-test/target/log,AVAILABLE}
2019-09-26 12:48:29,792 [main] INFO  handler.ContextHandler (ContextHandler.java:doStart(781)) - Started o.e.j.s.ServletContextHandler@1effd53c{/static,jar:file:/home/user/.m2/repository/org/apache/hadoop/hadoop-hdds-container-service/0.5.0-SNAPSHOT/hadoop-hdds-container-service-0.5.0-SNAPSHOT.jar!/webapps/static,AVAILABLE}
2019-09-26 12:48:29,841 [main] INFO  handler.ContextHandler (ContextHandler.java:doStart(781)) - Started o.e.j.w.WebAppContext@65b97f47{/,file:///tmp/jetty-0.0.0.0-36417-hddsDatanode-_-any-806805479909462496.dir/webapp/,AVAILABLE}{/hddsDatanode}
2019-09-26 12:48:29,842 [main] INFO  server.AbstractConnector (AbstractConnector.java:doStart(278)) - Started ServerConnector@255eaa6b{HTTP/1.1,[http/1.1]}{0.0.0.0:36417}
2019-09-26 12:48:29,844 [main] INFO  server.Server (Server.java:doStart(419)) - Started @5337ms
2019-09-26 12:48:29,845 [main] WARN  impl.MetricsSystemImpl (MetricsSystemImpl.java:register(276)) - Sink prometheus already exists!
2019-09-26 12:48:29,845 [main] INFO  server.BaseHttpServer (BaseHttpServer.java:updateConnectorAddress(215)) - HTTP server of HDDSDATANODE is listening at http://0.0.0.0:36417
2019-09-26 12:48:29,847 [main] INFO  impl.MetricsSystemImpl (MetricsSystemImpl.java:init(158)) - HddsDatanode metrics system started (again)
2019-09-26 12:48:29,851 [main] INFO  ozone.HddsDatanodeService (HddsDatanodeService.java:start(184)) - HddsDatanodeService host:pr-hdds-1569-87zkn-1081879488 ip:192.168.164.238
2019-09-26 12:48:29,855 [org.apache.hadoop.util.JvmPauseMonitor$Monitor@4a45f138] INFO  util.JvmPauseMonitor (JvmPauseMonitor.java:run(188)) - Starting JVM pause monitor
2019-09-26 12:48:29,859 [main] INFO  volume.HddsVolume (HddsVolume.java:<init>(176)) - Creating Volume: /workdir/hadoop-ozone/integration-test/target/test-dir/MiniOzoneClusterImpl-081de17b-1a38-412a-aff9-ce4303794a7e/datanode-1/data/containers/hdds of  storage type : DISK and capacity : 1482555576320
2019-09-26 12:48:29,860 [main] INFO  volume.VolumeSet (VolumeSet.java:initializeVolumeSet(170)) - Added Volume : /workdir/hadoop-ozone/integration-test/target/test-dir/MiniOzoneClusterImpl-081de17b-1a38-412a-aff9-ce4303794a7e/datanode-1/data/containers/hdds to VolumeSet
2019-09-26 12:48:29,861 [main] INFO  volume.ThrottledAsyncChecker (ThrottledAsyncChecker.java:schedule(139)) - Scheduling a check for org.apache.hadoop.ozone.container.common.volume.HddsVolume@3e33d73e
2019-09-26 12:48:29,862 [main] INFO  volume.HddsVolumeChecker (HddsVolumeChecker.java:checkAllVolumes(202)) - Scheduled health check for volume org.apache.hadoop.ozone.container.common.volume.HddsVolume@3e33d73e
2019-09-26 12:48:29,884 [main] INFO  impl.RaftServerProxy (ConfUtils.java:logGet(43)) - raft.rpc.type = GRPC (default)
2019-09-26 12:48:29,884 [main] INFO  grpc.GrpcFactory (GrpcFactory.java:checkPooledByteBufAllocatorUseCacheForAllThreads(45)) - PERFORMANCE WARNING: useCacheForAllThreads is true that may cause Netty to create a lot garbage objects and, as a result, trigger GC.
	It is recommended to disable useCacheForAllThreads by setting -Dorg.apache.ratis.thirdparty.io.netty.allocator.useCacheForAllThreads=false in command line.
2019-09-26 12:48:29,885 [main] INFO  grpc.GrpcConfigKeys$Server (ConfUtils.java:logGet(43)) - raft.grpc.server.port = 0 (default)
2019-09-26 12:48:29,885 [main] INFO  server.GrpcService (ConfUtils.java:logGet(43)) - raft.grpc.message.size.max = 33570816 (custom)
2019-09-26 12:48:29,885 [main] INFO  server.RaftServerConfigKeys (ConfUtils.java:logGet(43)) - raft.server.log.appender.buffer.byte-limit = 33554432 (custom)
2019-09-26 12:48:29,886 [main] INFO  server.GrpcService (ConfUtils.java:logGet(43)) - raft.grpc.flow.control.window = 1MB (=1048576) (default)
2019-09-26 12:48:29,886 [main] INFO  server.RaftServerConfigKeys (ConfUtils.java:logGet(43)) - raft.server.rpc.request.timeout = 3000ms (default)
2019-09-26 12:48:29,887 [main] INFO  server.RaftServerConfigKeys (ConfUtils.java:logGet(43)) - raft.server.storage.dir = [/workdir/hadoop-ozone/integration-test/target/test-dir/MiniOzoneClusterImpl-081de17b-1a38-412a-aff9-ce4303794a7e/datanode-1/data/ratis] (custom)
2019-09-26 12:48:29,889 [main] INFO  hdfs.DFSUtil (DFSUtil.java:httpServerTemplateForNNAndJN(1641)) - Starting Web-server for hddsDatanode at: http://0.0.0.0:0
2019-09-26 12:48:29,891 [main] INFO  server.AuthenticationFilter (AuthenticationFilter.java:constructSecretProvider(240)) - Unable to initialize FileSignerSecretProvider, falling back to use random secrets.
2019-09-26 12:48:29,892 [main] WARN  http.HttpRequestLog (HttpRequestLog.java:getRequestLog(97)) - Jetty request log can only be enabled using Log4j
2019-09-26 12:48:29,894 [main] INFO  http.HttpServer2 (HttpServer2.java:addGlobalFilter(975)) - Added global filter 'safety' (class=org.apache.hadoop.http.HttpServer2$QuotingInputFilter)
2019-09-26 12:48:29,895 [main] INFO  http.HttpServer2 (HttpServer2.java:addFilter(948)) - Added filter static_user_filter (class=org.apache.hadoop.http.lib.StaticUserWebFilter$StaticUserFilter) to context hddsDatanode
2019-09-26 12:48:29,895 [main] INFO  http.HttpServer2 (HttpServer2.java:addFilter(958)) - Added filter static_user_filter (class=org.apache.hadoop.http.lib.StaticUserWebFilter$StaticUserFilter) to context static
2019-09-26 12:48:29,895 [main] INFO  http.HttpServer2 (HttpServer2.java:addFilter(958)) - Added filter static_user_filter (class=org.apache.hadoop.http.lib.StaticUserWebFilter$StaticUserFilter) to context logs
2019-09-26 12:48:29,896 [main] INFO  http.HttpServer2 (HttpServer2.java:bindListener(1191)) - Jetty bound to port 43716
2019-09-26 12:48:29,896 [main] INFO  server.Server (Server.java:doStart(351)) - jetty-9.3.25.v20180904, build timestamp: 2018-09-04T21:11:46Z, git hash: 3ce520221d0240229c862b122d2b06c12a625732
2019-09-26 12:48:29,901 [main] INFO  handler.ContextHandler (ContextHandler.java:doStart(781)) - Started o.e.j.s.ServletContextHandler@4b6e1c0{/logs,file:///workdir/hadoop-ozone/integration-test/target/log,AVAILABLE}
2019-09-26 12:48:29,902 [main] INFO  handler.ContextHandler (ContextHandler.java:doStart(781)) - Started o.e.j.s.ServletContextHandler@654c7d2d{/static,jar:file:/home/user/.m2/repository/org/apache/hadoop/hadoop-hdds-container-service/0.5.0-SNAPSHOT/hadoop-hdds-container-service-0.5.0-SNAPSHOT.jar!/webapps/static,AVAILABLE}
2019-09-26 12:48:29,942 [main] INFO  handler.ContextHandler (ContextHandler.java:doStart(781)) - Started o.e.j.w.WebAppContext@7ceb4478{/,file:///tmp/jetty-0.0.0.0-43716-hddsDatanode-_-any-3088311501226789841.dir/webapp/,AVAILABLE}{/hddsDatanode}
2019-09-26 12:48:29,943 [main] INFO  server.AbstractConnector (AbstractConnector.java:doStart(278)) - Started ServerConnector@7fdab70c{HTTP/1.1,[http/1.1]}{0.0.0.0:43716}
2019-09-26 12:48:29,944 [main] INFO  server.Server (Server.java:doStart(419)) - Started @5437ms
2019-09-26 12:48:29,944 [main] WARN  impl.MetricsSystemImpl (MetricsSystemImpl.java:register(276)) - Sink prometheus already exists!
2019-09-26 12:48:29,945 [main] INFO  server.BaseHttpServer (BaseHttpServer.java:updateConnectorAddress(215)) - HTTP server of HDDSDATANODE is listening at http://0.0.0.0:43716
2019-09-26 12:48:29,946 [main] INFO  impl.MetricsSystemImpl (MetricsSystemImpl.java:init(158)) - HddsDatanode metrics system started (again)
2019-09-26 12:48:29,948 [org.apache.hadoop.util.JvmPauseMonitor$Monitor@65e4dc93] INFO  util.JvmPauseMonitor (JvmPauseMonitor.java:run(188)) - Starting JVM pause monitor
2019-09-26 12:48:29,950 [main] INFO  ozone.HddsDatanodeService (HddsDatanodeService.java:start(184)) - HddsDatanodeService host:pr-hdds-1569-87zkn-1081879488 ip:192.168.164.238
2019-09-26 12:48:29,957 [main] INFO  volume.HddsVolume (HddsVolume.java:<init>(176)) - Creating Volume: /workdir/hadoop-ozone/integration-test/target/test-dir/MiniOzoneClusterImpl-081de17b-1a38-412a-aff9-ce4303794a7e/datanode-2/data/containers/hdds of  storage type : DISK and capacity : 1482555576320
2019-09-26 12:48:29,958 [main] INFO  volume.VolumeSet (VolumeSet.java:initializeVolumeSet(170)) - Added Volume : /workdir/hadoop-ozone/integration-test/target/test-dir/MiniOzoneClusterImpl-081de17b-1a38-412a-aff9-ce4303794a7e/datanode-2/data/containers/hdds to VolumeSet
2019-09-26 12:48:29,958 [main] INFO  volume.ThrottledAsyncChecker (ThrottledAsyncChecker.java:schedule(139)) - Scheduling a check for org.apache.hadoop.ozone.container.common.volume.HddsVolume@30b131b2
2019-09-26 12:48:29,959 [main] INFO  volume.HddsVolumeChecker (HddsVolumeChecker.java:checkAllVolumes(202)) - Scheduled health check for volume org.apache.hadoop.ozone.container.common.volume.HddsVolume@30b131b2
2019-09-26 12:48:29,964 [Datanode State Machine Thread - 0] INFO  datanode.InitDatanodeState (InitDatanodeState.java:persistContainerDatanodeDetails(140)) - DatanodeDetails is persisted to /workdir/hadoop-ozone/integration-test/target/test-dir/MiniOzoneClusterImpl-081de17b-1a38-412a-aff9-ce4303794a7e/datanode-0/meta/datanode.id
2019-09-26 12:48:29,968 [Datanode State Machine Thread - 0] INFO  datanode.InitDatanodeState (InitDatanodeState.java:persistContainerDatanodeDetails(140)) - DatanodeDetails is persisted to /workdir/hadoop-ozone/integration-test/target/test-dir/MiniOzoneClusterImpl-081de17b-1a38-412a-aff9-ce4303794a7e/datanode-1/meta/datanode.id
2019-09-26 12:48:29,975 [main] INFO  impl.RaftServerProxy (ConfUtils.java:logGet(43)) - raft.rpc.type = GRPC (default)
2019-09-26 12:48:29,975 [main] INFO  grpc.GrpcFactory (GrpcFactory.java:checkPooledByteBufAllocatorUseCacheForAllThreads(45)) - PERFORMANCE WARNING: useCacheForAllThreads is true that may cause Netty to create a lot garbage objects and, as a result, trigger GC.
	It is recommended to disable useCacheForAllThreads by setting -Dorg.apache.ratis.thirdparty.io.netty.allocator.useCacheForAllThreads=false in command line.
2019-09-26 12:48:29,976 [main] INFO  grpc.GrpcConfigKeys$Server (ConfUtils.java:logGet(43)) - raft.grpc.server.port = 0 (default)
2019-09-26 12:48:29,976 [main] INFO  server.GrpcService (ConfUtils.java:logGet(43)) - raft.grpc.message.size.max = 33570816 (custom)
2019-09-26 12:48:29,976 [main] INFO  server.RaftServerConfigKeys (ConfUtils.java:logGet(43)) - raft.server.log.appender.buffer.byte-limit = 33554432 (custom)
2019-09-26 12:48:29,977 [main] INFO  server.GrpcService (ConfUtils.java:logGet(43)) - raft.grpc.flow.control.window = 1MB (=1048576) (default)
2019-09-26 12:48:29,977 [main] INFO  server.RaftServerConfigKeys (ConfUtils.java:logGet(43)) - raft.server.rpc.request.timeout = 3000ms (default)
2019-09-26 12:48:29,977 [main] INFO  server.RaftServerConfigKeys (ConfUtils.java:logGet(43)) - raft.server.storage.dir = [/workdir/hadoop-ozone/integration-test/target/test-dir/MiniOzoneClusterImpl-081de17b-1a38-412a-aff9-ce4303794a7e/datanode-2/data/ratis] (custom)
2019-09-26 12:48:29,979 [main] INFO  hdfs.DFSUtil (DFSUtil.java:httpServerTemplateForNNAndJN(1641)) - Starting Web-server for hddsDatanode at: http://0.0.0.0:0
2019-09-26 12:48:29,981 [main] INFO  server.AuthenticationFilter (AuthenticationFilter.java:constructSecretProvider(240)) - Unable to initialize FileSignerSecretProvider, falling back to use random secrets.
2019-09-26 12:48:29,981 [main] WARN  http.HttpRequestLog (HttpRequestLog.java:getRequestLog(97)) - Jetty request log can only be enabled using Log4j
2019-09-26 12:48:29,983 [main] INFO  http.HttpServer2 (HttpServer2.java:addGlobalFilter(975)) - Added global filter 'safety' (class=org.apache.hadoop.http.HttpServer2$QuotingInputFilter)
2019-09-26 12:48:29,983 [main] INFO  http.HttpServer2 (HttpServer2.java:addFilter(948)) - Added filter static_user_filter (class=org.apache.hadoop.http.lib.StaticUserWebFilter$StaticUserFilter) to context hddsDatanode
2019-09-26 12:48:29,983 [main] INFO  http.HttpServer2 (HttpServer2.java:addFilter(958)) - Added filter static_user_filter (class=org.apache.hadoop.http.lib.StaticUserWebFilter$StaticUserFilter) to context static
2019-09-26 12:48:29,984 [main] INFO  http.HttpServer2 (HttpServer2.java:addFilter(958)) - Added filter static_user_filter (class=org.apache.hadoop.http.lib.StaticUserWebFilter$StaticUserFilter) to context logs
2019-09-26 12:48:29,984 [main] INFO  http.HttpServer2 (HttpServer2.java:bindListener(1191)) - Jetty bound to port 43549
2019-09-26 12:48:29,984 [main] INFO  server.Server (Server.java:doStart(351)) - jetty-9.3.25.v20180904, build timestamp: 2018-09-04T21:11:46Z, git hash: 3ce520221d0240229c862b122d2b06c12a625732
2019-09-26 12:48:29,986 [main] INFO  handler.ContextHandler (ContextHandler.java:doStart(781)) - Started o.e.j.s.ServletContextHandler@5af8bb51{/logs,file:///workdir/hadoop-ozone/integration-test/target/log,AVAILABLE}
2019-09-26 12:48:29,987 [main] INFO  handler.ContextHandler (ContextHandler.java:doStart(781)) - Started o.e.j.s.ServletContextHandler@2e66bc32{/static,jar:file:/home/user/.m2/repository/org/apache/hadoop/hadoop-hdds-container-service/0.5.0-SNAPSHOT/hadoop-hdds-container-service-0.5.0-SNAPSHOT.jar!/webapps/static,AVAILABLE}
2019-09-26 12:48:30,024 [main] INFO  handler.ContextHandler (ContextHandler.java:doStart(781)) - Started o.e.j.w.WebAppContext@328d044f{/,file:///tmp/jetty-0.0.0.0-43549-hddsDatanode-_-any-8439901654296411168.dir/webapp/,AVAILABLE}{/hddsDatanode}
2019-09-26 12:48:30,026 [main] INFO  server.AbstractConnector (AbstractConnector.java:doStart(278)) - Started ServerConnector@10f7c76{HTTP/1.1,[http/1.1]}{0.0.0.0:43549}
2019-09-26 12:48:30,027 [main] INFO  server.Server (Server.java:doStart(419)) - Started @5519ms
2019-09-26 12:48:30,027 [main] WARN  impl.MetricsSystemImpl (MetricsSystemImpl.java:register(276)) - Sink prometheus already exists!
2019-09-26 12:48:30,028 [main] INFO  server.BaseHttpServer (BaseHttpServer.java:updateConnectorAddress(215)) - HTTP server of HDDSDATANODE is listening at http://0.0.0.0:43549
2019-09-26 12:48:30,030 [main] INFO  ozone.MiniOzoneClusterImpl (MiniOzoneClusterImpl.java:lambda$waitForClusterToBeReady$0(147)) - Waiting for cluster to be ready. Got 0 of 3 DN Heartbeats.
2019-09-26 12:48:30,031 [org.apache.hadoop.util.JvmPauseMonitor$Monitor@3bccd0cd] INFO  util.JvmPauseMonitor (JvmPauseMonitor.java:run(188)) - Starting JVM pause monitor
2019-09-26 12:48:30,035 [Datanode State Machine Thread - 0] INFO  datanode.InitDatanodeState (InitDatanodeState.java:persistContainerDatanodeDetails(140)) - DatanodeDetails is persisted to /workdir/hadoop-ozone/integration-test/target/test-dir/MiniOzoneClusterImpl-081de17b-1a38-412a-aff9-ce4303794a7e/datanode-2/meta/datanode.id
2019-09-26 12:48:31,031 [main] INFO  ozone.MiniOzoneClusterImpl (MiniOzoneClusterImpl.java:lambda$waitForClusterToBeReady$0(147)) - Waiting for cluster to be ready. Got 0 of 3 DN Heartbeats.
2019-09-26 12:48:31,939 [Datanode State Machine Thread - 0] INFO  ozoneimpl.OzoneContainer (OzoneContainer.java:start(217)) - Attempting to start container services.
2019-09-26 12:48:31,942 [Datanode State Machine Thread - 0] INFO  ozoneimpl.OzoneContainer (OzoneContainer.java:startContainerScrub(179)) - Background container scanner has been disabled.
2019-09-26 12:48:31,942 [Datanode State Machine Thread - 0] INFO  ratis.XceiverServerRatis (XceiverServerRatis.java:start(411)) - Starting XceiverServerRatis 20e591b8-fc6c-46b8-8fe6-42f3b5d430cb at port 0
2019-09-26 12:48:31,966 [Datanode State Machine Thread - 0] INFO  ozoneimpl.OzoneContainer (OzoneContainer.java:start(217)) - Attempting to start container services.
2019-09-26 12:48:31,973 [Datanode State Machine Thread - 0] INFO  ozoneimpl.OzoneContainer (OzoneContainer.java:startContainerScrub(179)) - Background container scanner has been disabled.
2019-09-26 12:48:31,973 [Datanode State Machine Thread - 0] INFO  ratis.XceiverServerRatis (XceiverServerRatis.java:start(411)) - Starting XceiverServerRatis 820851e1-bdcd-45a0-8164-1185e4eb16e4 at port 0
2019-09-26 12:48:31,977 [Datanode State Machine Thread - 0] INFO  impl.RaftServerProxy (RaftServerProxy.java:lambda$start$3(299)) - 20e591b8-fc6c-46b8-8fe6-42f3b5d430cb: start RPC server
2019-09-26 12:48:31,991 [Datanode State Machine Thread - 0] INFO  impl.RaftServerProxy (RaftServerProxy.java:lambda$start$3(299)) - 820851e1-bdcd-45a0-8164-1185e4eb16e4: start RPC server
2019-09-26 12:48:32,033 [main] INFO  ozone.MiniOzoneClusterImpl (MiniOzoneClusterImpl.java:lambda$waitForClusterToBeReady$0(147)) - Waiting for cluster to be ready. Got 0 of 3 DN Heartbeats.
2019-09-26 12:48:32,048 [Datanode State Machine Thread - 0] INFO  ozoneimpl.OzoneContainer (OzoneContainer.java:start(217)) - Attempting to start container services.
2019-09-26 12:48:32,050 [Datanode State Machine Thread - 0] INFO  ozoneimpl.OzoneContainer (OzoneContainer.java:startContainerScrub(179)) - Background container scanner has been disabled.
2019-09-26 12:48:32,051 [Datanode State Machine Thread - 0] INFO  ratis.XceiverServerRatis (XceiverServerRatis.java:start(411)) - Starting XceiverServerRatis 6058261b-904a-43cb-870c-12000dee09bb at port 0
2019-09-26 12:48:32,062 [Datanode State Machine Thread - 0] INFO  impl.RaftServerProxy (RaftServerProxy.java:lambda$start$3(299)) - 6058261b-904a-43cb-870c-12000dee09bb: start RPC server
2019-09-26 12:48:32,139 [Datanode State Machine Thread - 0] INFO  server.GrpcService (GrpcService.java:startImpl(158)) - 6058261b-904a-43cb-870c-12000dee09bb: GrpcService started, listening on 0.0.0.0/0.0.0.0:34662
2019-09-26 12:48:32,139 [Datanode State Machine Thread - 0] INFO  server.GrpcService (GrpcService.java:startImpl(158)) - 20e591b8-fc6c-46b8-8fe6-42f3b5d430cb: GrpcService started, listening on 0.0.0.0/0.0.0.0:44054
2019-09-26 12:48:32,139 [Datanode State Machine Thread - 0] INFO  server.GrpcService (GrpcService.java:startImpl(158)) - 820851e1-bdcd-45a0-8164-1185e4eb16e4: GrpcService started, listening on 0.0.0.0/0.0.0.0:44266
2019-09-26 12:48:32,140 [Datanode State Machine Thread - 0] INFO  ratis.XceiverServerRatis (XceiverServerRatis.java:start(421)) - XceiverServerRatis 20e591b8-fc6c-46b8-8fe6-42f3b5d430cb is started using port 44054
2019-09-26 12:48:32,140 [Datanode State Machine Thread - 0] INFO  ratis.XceiverServerRatis (XceiverServerRatis.java:start(421)) - XceiverServerRatis 6058261b-904a-43cb-870c-12000dee09bb is started using port 34662
2019-09-26 12:48:32,141 [Datanode State Machine Thread - 0] INFO  ratis.XceiverServerRatis (XceiverServerRatis.java:start(421)) - XceiverServerRatis 820851e1-bdcd-45a0-8164-1185e4eb16e4 is started using port 44266
2019-09-26 12:48:32,146 [Datanode State Machine Thread - 0] INFO  server.XceiverServerGrpc (XceiverServerGrpc.java:start(149)) - XceiverServerGrpc 6058261b-904a-43cb-870c-12000dee09bb is started using port 46626
2019-09-26 12:48:32,147 [Datanode State Machine Thread - 0] INFO  server.XceiverServerGrpc (XceiverServerGrpc.java:start(149)) - XceiverServerGrpc 20e591b8-fc6c-46b8-8fe6-42f3b5d430cb is started using port 36803
2019-09-26 12:48:32,146 [Datanode State Machine Thread - 0] INFO  server.XceiverServerGrpc (XceiverServerGrpc.java:start(149)) - XceiverServerGrpc 820851e1-bdcd-45a0-8164-1185e4eb16e4 is started using port 40584
2019-09-26 12:48:33,034 [main] INFO  ozone.MiniOzoneClusterImpl (MiniOzoneClusterImpl.java:lambda$waitForClusterToBeReady$0(147)) - Waiting for cluster to be ready. Got 0 of 3 DN Heartbeats.
2019-09-26 12:48:33,903 [IPC Server handler 0 on 45634] INFO  net.NetworkTopology (NetworkTopologyImpl.java:add(111)) - Added a new node: /default-rack/20e591b8-fc6c-46b8-8fe6-42f3b5d430cb
2019-09-26 12:48:33,904 [IPC Server handler 0 on 45634] INFO  node.SCMNodeManager (SCMNodeManager.java:register(266)) - Registered Data node : 20e591b8-fc6c-46b8-8fe6-42f3b5d430cb{ip: 192.168.164.238, host: pr-hdds-1569-87zkn-1081879488, networkLocation: /default-rack, certSerialId: null}
2019-09-26 12:48:33,909 [EventQueue-NodeRegistrationContainerReportForDataNodeSafeModeRule] INFO  safemode.SCMSafeModeManager (DataNodeSafeModeRule.java:process(71)) - SCM in safe mode. 1 DataNodes registered, 1 required.
2019-09-26 12:48:33,909 [EventQueue-NodeRegistrationContainerReportForDataNodeSafeModeRule] INFO  safemode.SCMSafeModeManager (SCMSafeModeManager.java:validateSafeModeExitRules(177)) - ScmSafeModeManager, all rules are successfully validated
2019-09-26 12:48:33,909 [EventQueue-NodeRegistrationContainerReportForDataNodeSafeModeRule] INFO  safemode.SCMSafeModeManager (SCMSafeModeManager.java:exitSafeMode(193)) - SCM exiting safe mode.
2019-09-26 12:48:33,951 [IPC Server handler 1 on 45634] INFO  net.NetworkTopology (NetworkTopologyImpl.java:add(111)) - Added a new node: /default-rack/820851e1-bdcd-45a0-8164-1185e4eb16e4
2019-09-26 12:48:33,951 [IPC Server handler 1 on 45634] INFO  node.SCMNodeManager (SCMNodeManager.java:register(266)) - Registered Data node : 820851e1-bdcd-45a0-8164-1185e4eb16e4{ip: 192.168.164.238, host: pr-hdds-1569-87zkn-1081879488, networkLocation: /default-rack, certSerialId: null}
2019-09-26 12:48:34,034 [IPC Server handler 4 on 45634] INFO  net.NetworkTopology (NetworkTopologyImpl.java:add(111)) - Added a new node: /default-rack/6058261b-904a-43cb-870c-12000dee09bb
2019-09-26 12:48:34,035 [main] INFO  ozone.MiniOzoneClusterImpl (MiniOzoneClusterImpl.java:lambda$waitForClusterToBeReady$0(147)) - Cluster is ready. Got 3 of 3 DN Heartbeats.
2019-09-26 12:48:34,035 [IPC Server handler 4 on 45634] INFO  node.SCMNodeManager (SCMNodeManager.java:register(266)) - Registered Data node : 6058261b-904a-43cb-870c-12000dee09bb{ip: 192.168.164.238, host: pr-hdds-1569-87zkn-1081879488, networkLocation: /default-rack, certSerialId: null}
2019-09-26 12:48:34,408 [grpc-default-executor-0] INFO  impl.RaftServerProxy (RaftServerProxy.java:addNew(89)) - 20e591b8-fc6c-46b8-8fe6-42f3b5d430cb: addNew group-8ECCC4468ADB:[20e591b8-fc6c-46b8-8fe6-42f3b5d430cb:192.168.164.238:44054] returns group-8ECCC4468ADB:java.util.concurrent.CompletableFuture@4d2fe469[Not completed]
2019-09-26 12:48:34,419 [pool-27-thread-1] INFO  impl.RaftServerImpl (RaftServerImpl.java:<init>(95)) - 20e591b8-fc6c-46b8-8fe6-42f3b5d430cb: new RaftServerImpl for group-8ECCC4468ADB:[20e591b8-fc6c-46b8-8fe6-42f3b5d430cb:192.168.164.238:44054] with ContainerStateMachine:uninitialized
2019-09-26 12:48:34,426 [pool-27-thread-1] INFO  server.RaftServerConfigKeys (ConfUtils.java:logGet(43)) - raft.server.rpc.timeout.min = 5s (custom)
2019-09-26 12:48:34,427 [pool-27-thread-1] INFO  server.RaftServerConfigKeys (ConfUtils.java:logGet(43)) - raft.server.rpc.timeout.max = 5200ms (custom)
2019-09-26 12:48:34,427 [pool-27-thread-1] INFO  server.RaftServerConfigKeys (ConfUtils.java:logGet(43)) - raft.server.rpcslowness.timeout = 120s (custom)
2019-09-26 12:48:34,428 [pool-27-thread-1] INFO  server.RaftServerConfigKeys (ConfUtils.java:logGet(43)) - raft.server.sleep.deviation.threshold = 300 (default)
2019-09-26 12:48:34,429 [pool-27-thread-1] INFO  server.RaftServerConfigKeys (ConfUtils.java:logGet(43)) - raft.server.log.appender.install.snapshot.enabled = false (custom)
2019-09-26 12:48:34,437 [pool-27-thread-1] INFO  impl.RaftServerImpl (ServerState.java:<init>(103)) - 20e591b8-fc6c-46b8-8fe6-42f3b5d430cb@group-8ECCC4468ADB: ConfigurationManager, init=-1: [20e591b8-fc6c-46b8-8fe6-42f3b5d430cb:192.168.164.238:44054], old=null, confs=<EMPTY_MAP>
2019-09-26 12:48:34,437 [pool-27-thread-1] INFO  server.RaftServerConfigKeys (ConfUtils.java:logGet(43)) - raft.server.storage.dir = [/workdir/hadoop-ozone/integration-test/target/test-dir/MiniOzoneClusterImpl-081de17b-1a38-412a-aff9-ce4303794a7e/datanode-0/data/ratis] (custom)
2019-09-26 12:48:34,445 [pool-27-thread-1] INFO  storage.RaftStorageDirectory (RaftStorageDirectory.java:analyzeStorage(246)) - The storage directory /workdir/hadoop-ozone/integration-test/target/test-dir/MiniOzoneClusterImpl-081de17b-1a38-412a-aff9-ce4303794a7e/datanode-0/data/ratis/3e67ce16-e8a2-45e8-8e5d-8eccc4468adb does not exist. Creating ...
2019-09-26 12:48:34,470 [pool-27-thread-1] INFO  storage.RaftStorageDirectory (RaftStorageDirectory.java:tryLock(328)) - Lock on /workdir/hadoop-ozone/integration-test/target/test-dir/MiniOzoneClusterImpl-081de17b-1a38-412a-aff9-ce4303794a7e/datanode-0/data/ratis/3e67ce16-e8a2-45e8-8e5d-8eccc4468adb/in_use.lock acquired by nodename 6225@pr-hdds-1569-87zkn-1081879488
2019-09-26 12:48:34,488 [pool-27-thread-1] INFO  storage.RaftStorage (RaftStorage.java:format(72)) - Storage directory /workdir/hadoop-ozone/integration-test/target/test-dir/MiniOzoneClusterImpl-081de17b-1a38-412a-aff9-ce4303794a7e/datanode-0/data/ratis/3e67ce16-e8a2-45e8-8e5d-8eccc4468adb has been successfully formatted.
2019-09-26 12:48:34,490 [pool-27-thread-1] INFO  ratis.ContainerStateMachine (ContainerStateMachine.java:loadSnapshot(230)) - group-8ECCC4468ADB: The snapshot info is null. Setting the last applied indexto:(t:0, i:~)
2019-09-26 12:48:34,491 [pool-27-thread-1] INFO  server.RaftServerConfigKeys (ConfUtils.java:logGet(43)) - raft.server.notification.no-leader.timeout = 120s (custom)
2019-09-26 12:48:34,492 [pool-27-thread-1] INFO  server.RaftServerConfigKeys (ConfUtils.java:logGet(43)) - raft.server.log.use.memory = false (default)
2019-09-26 12:48:34,501 [pool-27-thread-1] INFO  server.RaftServerConfigKeys (ConfUtils.java:logGet(43)) - raft.server.log.purge.gap = 1000000 (custom)
2019-09-26 12:48:34,501 [pool-27-thread-1] INFO  server.RaftServerConfigKeys (ConfUtils.java:logGet(43)) - raft.server.log.appender.buffer.byte-limit = 33554432 (custom)
2019-09-26 12:48:34,503 [pool-27-thread-1] INFO  server.RaftServerConfigKeys (ConfUtils.java:logGet(43)) - raft.server.log.segment.size.max = 1048576 (custom)
2019-09-26 12:48:34,511 [pool-27-thread-1] INFO  server.RaftServerConfigKeys (ConfUtils.java:logGet(43)) - raft.server.log.segment.cache.num.max = 2 (custom)
2019-09-26 12:48:34,516 [pool-27-thread-1] INFO  segmented.SegmentedRaftLogWorker (SegmentedRaftLogWorker.java:<init>(172)) - new 20e591b8-fc6c-46b8-8fe6-42f3b5d430cb@group-8ECCC4468ADB-SegmentedRaftLogWorker for RaftStorage:Storage Directory /workdir/hadoop-ozone/integration-test/target/test-dir/MiniOzoneClusterImpl-081de17b-1a38-412a-aff9-ce4303794a7e/datanode-0/data/ratis/3e67ce16-e8a2-45e8-8e5d-8eccc4468adb
2019-09-26 12:48:34,517 [pool-27-thread-1] INFO  impl.MetricsSystemImpl (MetricsSystemImpl.java:init(158)) - ratis metrics system started (again)
2019-09-26 12:48:34,523 [pool-27-thread-1] INFO  metrics.MetricRegistries (MetricRegistriesLoader.java:load(64)) - Loaded MetricRegistries class org.apache.ratis.metrics.impl.MetricRegistriesImpl
2019-09-26 12:48:34,547 [main] INFO  rpc.RpcClient (RpcClient.java:createVolume(276)) - Creating Volume: 43903046-76e1-41a2-a434-466cc9eb3682, with jenkins1000 as owner.
2019-09-26 12:48:34,554 [pool-27-thread-1] INFO  server.RaftServerConfigKeys (ConfUtils.java:logGet(43)) - raft.server.log.queue.byte-limit = 2147483647 (custom)
2019-09-26 12:48:34,555 [pool-27-thread-1] INFO  server.RaftServerConfigKeys (ConfUtils.java:logGet(43)) - raft.server.log.queue.element-limit = 1024 (custom)
2019-09-26 12:48:34,558 [pool-27-thread-1] INFO  server.RaftServerConfigKeys (ConfUtils.java:logGet(43)) - raft.server.log.segment.size.max = 1048576 (custom)
2019-09-26 12:48:34,558 [pool-27-thread-1] INFO  server.RaftServerConfigKeys (ConfUtils.java:logGet(43)) - raft.server.log.preallocated.size = 16384 (custom)
2019-09-26 12:48:34,558 [pool-27-thread-1] INFO  server.RaftServerConfigKeys (ConfUtils.java:logGet(43)) - raft.server.log.write.buffer.size = 33554432 (custom)
2019-09-26 12:48:34,559 [pool-27-thread-1] INFO  server.RaftServerConfigKeys (ConfUtils.java:logGet(43)) - raft.server.log.force.sync.num = 128 (default)
2019-09-26 12:48:34,560 [pool-27-thread-1] INFO  server.RaftServerConfigKeys (ConfUtils.java:logGet(43)) - raft.server.log.statemachine.data.sync = true (default)
2019-09-26 12:48:34,560 [pool-27-thread-1] INFO  server.RaftServerConfigKeys (ConfUtils.java:logGet(43)) - raft.server.log.statemachine.data.sync.timeout = 10s (default)
2019-09-26 12:48:34,560 [pool-27-thread-1] INFO  server.RaftServerConfigKeys (ConfUtils.java:logGet(43)) - raft.server.log.statemachine.data.sync.timeout.retry = -1 (default)
2019-09-26 12:48:34,567 [pool-27-thread-1] INFO  server.RaftServerConfigKeys (ConfUtils.java:logGet(43)) - raft.server.log.statemachine.data.caching.enabled = true (custom)
2019-09-26 12:48:34,571 [pool-27-thread-1] INFO  segmented.SegmentedRaftLogWorker (SegmentedRaftLogWorker.java:lambda$new$0(132)) - 20e591b8-fc6c-46b8-8fe6-42f3b5d430cb@group-8ECCC4468ADB-SegmentedRaftLogWorker: flushIndex: setUnconditionally 0 -> -1
2019-09-26 12:48:34,575 [pool-27-thread-1] INFO  server.RaftServerConfigKeys (ConfUtils.java:logGet(43)) - raft.server.snapshot.auto.trigger.enabled = true (custom)
2019-09-26 12:48:34,576 [pool-27-thread-1] INFO  server.RaftServerConfigKeys (ConfUtils.java:logGet(43)) - raft.server.snapshot.auto.trigger.threshold = 10000 (custom)
2019-09-26 12:48:34,577 [pool-27-thread-1] INFO  server.RaftServerConfigKeys (ConfUtils.java:logGet(43)) - raft.server.snapshot.retention.num.files = 5 (custom)
2019-09-26 12:48:34,577 [pool-27-thread-1] INFO  server.RaftServerConfigKeys (ConfUtils.java:logGet(43)) - raft.server.retrycache.expirytime = 600000ms (custom)
2019-09-26 12:48:34,603 [pool-27-thread-1] INFO  impl.RaftServerImpl (RaftServerImpl.java:start(185)) - 20e591b8-fc6c-46b8-8fe6-42f3b5d430cb@group-8ECCC4468ADB: start as a follower, conf=-1: [20e591b8-fc6c-46b8-8fe6-42f3b5d430cb:192.168.164.238:44054], old=null
2019-09-26 12:48:34,604 [pool-27-thread-1] INFO  impl.RaftServerImpl (RaftServerImpl.java:setRole(174)) - 20e591b8-fc6c-46b8-8fe6-42f3b5d430cb@group-8ECCC4468ADB: changes role from      null to FOLLOWER at term 0 for startAsFollower
2019-09-26 12:48:34,606 [pool-27-thread-1] INFO  impl.RoleInfo (RoleInfo.java:updateAndGet(143)) - 20e591b8-fc6c-46b8-8fe6-42f3b5d430cb: start FollowerState
2019-09-26 12:48:34,607 [pool-27-thread-1] INFO  util.JmxRegister (JmxRegister.java:tryRegister(44)) - Successfully registered JMX Bean with object name Ratis:service=RaftServer,group=group-8ECCC4468ADB,id=20e591b8-fc6c-46b8-8fe6-42f3b5d430cb
2019-09-26 12:48:34,641 [IPC Server handler 1 on 35896] INFO  volume.OMVolumeCreateRequest (OMVolumeCreateRequest.java:validateAndUpdateCache(189)) - created volume:43903046-76e1-41a2-a434-466cc9eb3682 for user:jenkins1000
2019-09-26 12:48:34,654 [RatisPipelineUtilsThread] INFO  pipeline.PipelineStateManager (PipelineStateManager.java:addPipeline(56)) - Created pipeline Pipeline[ Id: 3e67ce16-e8a2-45e8-8e5d-8eccc4468adb, Nodes: 20e591b8-fc6c-46b8-8fe6-42f3b5d430cb{ip: 192.168.164.238, host: pr-hdds-1569-87zkn-1081879488, networkLocation: /default-rack, certSerialId: null}, Type:RATIS, Factor:ONE, State:OPEN]
2019-09-26 12:48:34,666 [main] INFO  rpc.RpcClient (RpcClient.java:createBucket(415)) - Creating Bucket: 43903046-76e1-41a2-a434-466cc9eb3682/a4c71f69-7806-40e6-bcc5-49ee0a7e5723, with Versioning false and Storage Type set to DISK and Encryption set to false 
2019-09-26 12:48:34,675 [grpc-default-executor-0] INFO  impl.RaftServerProxy (RaftServerProxy.java:addNew(89)) - 820851e1-bdcd-45a0-8164-1185e4eb16e4: addNew group-AFE61F2F5FC3:[820851e1-bdcd-45a0-8164-1185e4eb16e4:192.168.164.238:44266] returns group-AFE61F2F5FC3:java.util.concurrent.CompletableFuture@64e1468c[Not completed]
2019-09-26 12:48:34,706 [pool-37-thread-1] INFO  impl.RaftServerImpl (RaftServerImpl.java:<init>(95)) - 820851e1-bdcd-45a0-8164-1185e4eb16e4: new RaftServerImpl for group-AFE61F2F5FC3:[820851e1-bdcd-45a0-8164-1185e4eb16e4:192.168.164.238:44266] with ContainerStateMachine:uninitialized
2019-09-26 12:48:34,708 [pool-37-thread-1] INFO  server.RaftServerConfigKeys (ConfUtils.java:logGet(43)) - raft.server.rpc.timeout.min = 5s (custom)
2019-09-26 12:48:34,708 [pool-37-thread-1] INFO  server.RaftServerConfigKeys (ConfUtils.java:logGet(43)) - raft.server.rpc.timeout.max = 5200ms (custom)
2019-09-26 12:48:34,708 [pool-37-thread-1] INFO  server.RaftServerConfigKeys (ConfUtils.java:logGet(43)) - raft.server.rpcslowness.timeout = 120s (custom)
2019-09-26 12:48:34,708 [pool-37-thread-1] INFO  server.RaftServerConfigKeys (ConfUtils.java:logGet(43)) - raft.server.sleep.deviation.threshold = 300 (default)
2019-09-26 12:48:34,708 [pool-37-thread-1] INFO  server.RaftServerConfigKeys (ConfUtils.java:logGet(43)) - raft.server.log.appender.install.snapshot.enabled = false (custom)
2019-09-26 12:48:34,709 [pool-37-thread-1] INFO  impl.RaftServerImpl (ServerState.java:<init>(103)) - 820851e1-bdcd-45a0-8164-1185e4eb16e4@group-AFE61F2F5FC3: ConfigurationManager, init=-1: [820851e1-bdcd-45a0-8164-1185e4eb16e4:192.168.164.238:44266], old=null, confs=<EMPTY_MAP>
2019-09-26 12:48:34,709 [pool-37-thread-1] INFO  server.RaftServerConfigKeys (ConfUtils.java:logGet(43)) - raft.server.storage.dir = [/workdir/hadoop-ozone/integration-test/target/test-dir/MiniOzoneClusterImpl-081de17b-1a38-412a-aff9-ce4303794a7e/datanode-1/data/ratis] (custom)
2019-09-26 12:48:34,709 [pool-37-thread-1] INFO  storage.RaftStorageDirectory (RaftStorageDirectory.java:analyzeStorage(246)) - The storage directory /workdir/hadoop-ozone/integration-test/target/test-dir/MiniOzoneClusterImpl-081de17b-1a38-412a-aff9-ce4303794a7e/datanode-1/data/ratis/77847834-9108-4efe-a8c3-afe61f2f5fc3 does not exist. Creating ...
2019-09-26 12:48:34,730 [pool-37-thread-1] INFO  storage.RaftStorageDirectory (RaftStorageDirectory.java:tryLock(328)) - Lock on /workdir/hadoop-ozone/integration-test/target/test-dir/MiniOzoneClusterImpl-081de17b-1a38-412a-aff9-ce4303794a7e/datanode-1/data/ratis/77847834-9108-4efe-a8c3-afe61f2f5fc3/in_use.lock acquired by nodename 6225@pr-hdds-1569-87zkn-1081879488
2019-09-26 12:48:34,755 [pool-37-thread-1] INFO  storage.RaftStorage (RaftStorage.java:format(72)) - Storage directory /workdir/hadoop-ozone/integration-test/target/test-dir/MiniOzoneClusterImpl-081de17b-1a38-412a-aff9-ce4303794a7e/datanode-1/data/ratis/77847834-9108-4efe-a8c3-afe61f2f5fc3 has been successfully formatted.
2019-09-26 12:48:34,756 [pool-37-thread-1] INFO  ratis.ContainerStateMachine (ContainerStateMachine.java:loadSnapshot(230)) - group-AFE61F2F5FC3: The snapshot info is null. Setting the last applied indexto:(t:0, i:~)
2019-09-26 12:48:34,757 [pool-37-thread-1] INFO  server.RaftServerConfigKeys (ConfUtils.java:logGet(43)) - raft.server.notification.no-leader.timeout = 120s (custom)
2019-09-26 12:48:34,757 [pool-37-thread-1] INFO  server.RaftServerConfigKeys (ConfUtils.java:logGet(43)) - raft.server.log.use.memory = false (default)
2019-09-26 12:48:34,757 [pool-37-thread-1] INFO  server.RaftServerConfigKeys (ConfUtils.java:logGet(43)) - raft.server.log.purge.gap = 1000000 (custom)
2019-09-26 12:48:34,757 [pool-37-thread-1] INFO  server.RaftServerConfigKeys (ConfUtils.java:logGet(43)) - raft.server.log.appender.buffer.byte-limit = 33554432 (custom)
2019-09-26 12:48:34,758 [pool-37-thread-1] INFO  server.RaftServerConfigKeys (ConfUtils.java:logGet(43)) - raft.server.log.segment.size.max = 1048576 (custom)
2019-09-26 12:48:34,758 [pool-37-thread-1] INFO  server.RaftServerConfigKeys (ConfUtils.java:logGet(43)) - raft.server.log.segment.cache.num.max = 2 (custom)
2019-09-26 12:48:34,758 [pool-37-thread-1] INFO  segmented.SegmentedRaftLogWorker (SegmentedRaftLogWorker.java:<init>(172)) - new 820851e1-bdcd-45a0-8164-1185e4eb16e4@group-AFE61F2F5FC3-SegmentedRaftLogWorker for RaftStorage:Storage Directory /workdir/hadoop-ozone/integration-test/target/test-dir/MiniOzoneClusterImpl-081de17b-1a38-412a-aff9-ce4303794a7e/datanode-1/data/ratis/77847834-9108-4efe-a8c3-afe61f2f5fc3
2019-09-26 12:48:34,763 [pool-37-thread-1] INFO  server.RaftServerConfigKeys (ConfUtils.java:logGet(43)) - raft.server.log.queue.byte-limit = 2147483647 (custom)
2019-09-26 12:48:34,763 [pool-37-thread-1] INFO  server.RaftServerConfigKeys (ConfUtils.java:logGet(43)) - raft.server.log.queue.element-limit = 1024 (custom)
2019-09-26 12:48:34,763 [pool-37-thread-1] INFO  server.RaftServerConfigKeys (ConfUtils.java:logGet(43)) - raft.server.log.segment.size.max = 1048576 (custom)
2019-09-26 12:48:34,763 [pool-37-thread-1] INFO  server.RaftServerConfigKeys (ConfUtils.java:logGet(43)) - raft.server.log.preallocated.size = 16384 (custom)
2019-09-26 12:48:34,764 [pool-37-thread-1] INFO  server.RaftServerConfigKeys (ConfUtils.java:logGet(43)) - raft.server.log.write.buffer.size = 33554432 (custom)
2019-09-26 12:48:34,764 [pool-37-thread-1] INFO  server.RaftServerConfigKeys (ConfUtils.java:logGet(43)) - raft.server.log.force.sync.num = 128 (default)
2019-09-26 12:48:34,764 [pool-37-thread-1] INFO  server.RaftServerConfigKeys (ConfUtils.java:logGet(43)) - raft.server.log.statemachine.data.sync = true (default)
2019-09-26 12:48:34,764 [pool-37-thread-1] INFO  server.RaftServerConfigKeys (ConfUtils.java:logGet(43)) - raft.server.log.statemachine.data.sync.timeout = 10s (default)
2019-09-26 12:48:34,764 [pool-37-thread-1] INFO  server.RaftServerConfigKeys (ConfUtils.java:logGet(43)) - raft.server.log.statemachine.data.sync.timeout.retry = -1 (default)
2019-09-26 12:48:34,765 [pool-37-thread-1] INFO  server.RaftServerConfigKeys (ConfUtils.java:logGet(43)) - raft.server.log.statemachine.data.caching.enabled = true (custom)
2019-09-26 12:48:34,765 [pool-37-thread-1] INFO  segmented.SegmentedRaftLogWorker (SegmentedRaftLogWorker.java:lambda$new$0(132)) - 820851e1-bdcd-45a0-8164-1185e4eb16e4@group-AFE61F2F5FC3-SegmentedRaftLogWorker: flushIndex: setUnconditionally 0 -> -1
2019-09-26 12:48:34,765 [pool-37-thread-1] INFO  server.RaftServerConfigKeys (ConfUtils.java:logGet(43)) - raft.server.snapshot.auto.trigger.enabled = true (custom)
2019-09-26 12:48:34,765 [pool-37-thread-1] INFO  server.RaftServerConfigKeys (ConfUtils.java:logGet(43)) - raft.server.snapshot.auto.trigger.threshold = 10000 (custom)
2019-09-26 12:48:34,766 [pool-37-thread-1] INFO  server.RaftServerConfigKeys (ConfUtils.java:logGet(43)) - raft.server.snapshot.retention.num.files = 5 (custom)
2019-09-26 12:48:34,766 [pool-37-thread-1] INFO  server.RaftServerConfigKeys (ConfUtils.java:logGet(43)) - raft.server.retrycache.expirytime = 600000ms (custom)
2019-09-26 12:48:34,770 [pool-37-thread-1] INFO  impl.RaftServerImpl (RaftServerImpl.java:start(185)) - 820851e1-bdcd-45a0-8164-1185e4eb16e4@group-AFE61F2F5FC3: start as a follower, conf=-1: [820851e1-bdcd-45a0-8164-1185e4eb16e4:192.168.164.238:44266], old=null
2019-09-26 12:48:34,770 [pool-37-thread-1] INFO  impl.RaftServerImpl (RaftServerImpl.java:setRole(174)) - 820851e1-bdcd-45a0-8164-1185e4eb16e4@group-AFE61F2F5FC3: changes role from      null to FOLLOWER at term 0 for startAsFollower
2019-09-26 12:48:34,770 [pool-37-thread-1] INFO  impl.RoleInfo (RoleInfo.java:updateAndGet(143)) - 820851e1-bdcd-45a0-8164-1185e4eb16e4: start FollowerState
2019-09-26 12:48:34,771 [pool-37-thread-1] INFO  util.JmxRegister (JmxRegister.java:tryRegister(44)) - Successfully registered JMX Bean with object name Ratis:service=RaftServer,group=group-AFE61F2F5FC3,id=820851e1-bdcd-45a0-8164-1185e4eb16e4
2019-09-26 12:48:34,781 [RatisPipelineUtilsThread] INFO  pipeline.PipelineStateManager (PipelineStateManager.java:addPipeline(56)) - Created pipeline Pipeline[ Id: 77847834-9108-4efe-a8c3-afe61f2f5fc3, Nodes: 820851e1-bdcd-45a0-8164-1185e4eb16e4{ip: 192.168.164.238, host: pr-hdds-1569-87zkn-1081879488, networkLocation: /default-rack, certSerialId: null}, Type:RATIS, Factor:ONE, State:OPEN]
2019-09-26 12:48:34,796 [grpc-default-executor-0] INFO  impl.RaftServerProxy (RaftServerProxy.java:addNew(89)) - 20e591b8-fc6c-46b8-8fe6-42f3b5d430cb: addNew group-BD317DC8FD59:[20e591b8-fc6c-46b8-8fe6-42f3b5d430cb:192.168.164.238:44054] returns group-BD317DC8FD59:java.util.concurrent.CompletableFuture@1521051a[Not completed]
2019-09-26 12:48:34,812 [pool-27-thread-1] INFO  impl.RaftServerImpl (RaftServerImpl.java:<init>(95)) - 20e591b8-fc6c-46b8-8fe6-42f3b5d430cb: new RaftServerImpl for group-BD317DC8FD59:[20e591b8-fc6c-46b8-8fe6-42f3b5d430cb:192.168.164.238:44054] with ContainerStateMachine:uninitialized
2019-09-26 12:48:34,812 [pool-27-thread-1] INFO  server.RaftServerConfigKeys (ConfUtils.java:logGet(43)) - raft.server.rpc.timeout.min = 5s (custom)
2019-09-26 12:48:34,813 [pool-27-thread-1] INFO  server.RaftServerConfigKeys (ConfUtils.java:logGet(43)) - raft.server.rpc.timeout.max = 5200ms (custom)
2019-09-26 12:48:34,813 [pool-27-thread-1] INFO  server.RaftServerConfigKeys (ConfUtils.java:logGet(43)) - raft.server.rpcslowness.timeout = 120s (custom)
2019-09-26 12:48:34,813 [pool-27-thread-1] INFO  server.RaftServerConfigKeys (ConfUtils.java:logGet(43)) - raft.server.sleep.deviation.threshold = 300 (default)
2019-09-26 12:48:34,814 [pool-27-thread-1] INFO  server.RaftServerConfigKeys (ConfUtils.java:logGet(43)) - raft.server.log.appender.install.snapshot.enabled = false (custom)
2019-09-26 12:48:34,814 [pool-27-thread-1] INFO  impl.RaftServerImpl (ServerState.java:<init>(103)) - 20e591b8-fc6c-46b8-8fe6-42f3b5d430cb@group-BD317DC8FD59: ConfigurationManager, init=-1: [20e591b8-fc6c-46b8-8fe6-42f3b5d430cb:192.168.164.238:44054], old=null, confs=<EMPTY_MAP>
2019-09-26 12:48:34,814 [pool-27-thread-1] INFO  server.RaftServerConfigKeys (ConfUtils.java:logGet(43)) - raft.server.storage.dir = [/workdir/hadoop-ozone/integration-test/target/test-dir/MiniOzoneClusterImpl-081de17b-1a38-412a-aff9-ce4303794a7e/datanode-0/data/ratis] (custom)
2019-09-26 12:48:34,815 [pool-27-thread-1] INFO  storage.RaftStorageDirectory (RaftStorageDirectory.java:analyzeStorage(246)) - The storage directory /workdir/hadoop-ozone/integration-test/target/test-dir/MiniOzoneClusterImpl-081de17b-1a38-412a-aff9-ce4303794a7e/datanode-0/data/ratis/8518cb61-3c7e-4402-ac66-bd317dc8fd59 does not exist. Creating ...
2019-09-26 12:48:34,828 [pool-27-thread-1] INFO  storage.RaftStorageDirectory (RaftStorageDirectory.java:tryLock(328)) - Lock on /workdir/hadoop-ozone/integration-test/target/test-dir/MiniOzoneClusterImpl-081de17b-1a38-412a-aff9-ce4303794a7e/datanode-0/data/ratis/8518cb61-3c7e-4402-ac66-bd317dc8fd59/in_use.lock acquired by nodename 6225@pr-hdds-1569-87zkn-1081879488
2019-09-26 12:48:34,841 [pool-27-thread-1] INFO  storage.RaftStorage (RaftStorage.java:format(72)) - Storage directory /workdir/hadoop-ozone/integration-test/target/test-dir/MiniOzoneClusterImpl-081de17b-1a38-412a-aff9-ce4303794a7e/datanode-0/data/ratis/8518cb61-3c7e-4402-ac66-bd317dc8fd59 has been successfully formatted.
2019-09-26 12:48:34,842 [pool-27-thread-1] INFO  ratis.ContainerStateMachine (ContainerStateMachine.java:loadSnapshot(230)) - group-BD317DC8FD59: The snapshot info is null. Setting the last applied indexto:(t:0, i:~)
2019-09-26 12:48:34,842 [pool-27-thread-1] INFO  server.RaftServerConfigKeys (ConfUtils.java:logGet(43)) - raft.server.notification.no-leader.timeout = 120s (custom)
2019-09-26 12:48:34,842 [pool-27-thread-1] INFO  server.RaftServerConfigKeys (ConfUtils.java:logGet(43)) - raft.server.log.use.memory = false (default)
2019-09-26 12:48:34,842 [pool-27-thread-1] INFO  server.RaftServerConfigKeys (ConfUtils.java:logGet(43)) - raft.server.log.purge.gap = 1000000 (custom)
2019-09-26 12:48:34,842 [pool-27-thread-1] INFO  server.RaftServerConfigKeys (ConfUtils.java:logGet(43)) - raft.server.log.appender.buffer.byte-limit = 33554432 (custom)
2019-09-26 12:48:34,842 [pool-27-thread-1] INFO  server.RaftServerConfigKeys (ConfUtils.java:logGet(43)) - raft.server.log.segment.size.max = 1048576 (custom)
2019-09-26 12:48:34,843 [pool-27-thread-1] INFO  server.RaftServerConfigKeys (ConfUtils.java:logGet(43)) - raft.server.log.segment.cache.num.max = 2 (custom)
2019-09-26 12:48:34,843 [pool-27-thread-1] INFO  segmented.SegmentedRaftLogWorker (SegmentedRaftLogWorker.java:<init>(172)) - new 20e591b8-fc6c-46b8-8fe6-42f3b5d430cb@group-BD317DC8FD59-SegmentedRaftLogWorker for RaftStorage:Storage Directory /workdir/hadoop-ozone/integration-test/target/test-dir/MiniOzoneClusterImpl-081de17b-1a38-412a-aff9-ce4303794a7e/datanode-0/data/ratis/8518cb61-3c7e-4402-ac66-bd317dc8fd59
2019-09-26 12:48:34,843 [pool-27-thread-1] INFO  server.RaftServerConfigKeys (ConfUtils.java:logGet(43)) - raft.server.log.queue.byte-limit = 2147483647 (custom)
2019-09-26 12:48:34,843 [pool-27-thread-1] INFO  server.RaftServerConfigKeys (ConfUtils.java:logGet(43)) - raft.server.log.queue.element-limit = 1024 (custom)
2019-09-26 12:48:34,843 [pool-27-thread-1] INFO  server.RaftServerConfigKeys (ConfUtils.java:logGet(43)) - raft.server.log.segment.size.max = 1048576 (custom)
2019-09-26 12:48:34,843 [pool-27-thread-1] INFO  server.RaftServerConfigKeys (ConfUtils.java:logGet(43)) - raft.server.log.preallocated.size = 16384 (custom)
2019-09-26 12:48:34,844 [pool-27-thread-1] INFO  server.RaftServerConfigKeys (ConfUtils.java:logGet(43)) - raft.server.log.write.buffer.size = 33554432 (custom)
2019-09-26 12:48:34,844 [pool-27-thread-1] INFO  server.RaftServerConfigKeys (ConfUtils.java:logGet(43)) - raft.server.log.force.sync.num = 128 (default)
2019-09-26 12:48:34,844 [pool-27-thread-1] INFO  server.RaftServerConfigKeys (ConfUtils.java:logGet(43)) - raft.server.log.statemachine.data.sync = true (default)
2019-09-26 12:48:34,844 [pool-27-thread-1] INFO  server.RaftServerConfigKeys (ConfUtils.java:logGet(43)) - raft.server.log.statemachine.data.sync.timeout = 10s (default)
2019-09-26 12:48:34,844 [pool-27-thread-1] INFO  server.RaftServerConfigKeys (ConfUtils.java:logGet(43)) - raft.server.log.statemachine.data.sync.timeout.retry = -1 (default)
2019-09-26 12:48:34,845 [pool-27-thread-1] INFO  server.RaftServerConfigKeys (ConfUtils.java:logGet(43)) - raft.server.log.statemachine.data.caching.enabled = true (custom)
2019-09-26 12:48:34,845 [pool-27-thread-1] INFO  segmented.SegmentedRaftLogWorker (SegmentedRaftLogWorker.java:lambda$new$0(132)) - 20e591b8-fc6c-46b8-8fe6-42f3b5d430cb@group-BD317DC8FD59-SegmentedRaftLogWorker: flushIndex: setUnconditionally 0 -> -1
2019-09-26 12:48:34,845 [pool-27-thread-1] INFO  server.RaftServerConfigKeys (ConfUtils.java:logGet(43)) - raft.server.snapshot.auto.trigger.enabled = true (custom)
2019-09-26 12:48:34,845 [pool-27-thread-1] INFO  server.RaftServerConfigKeys (ConfUtils.java:logGet(43)) - raft.server.snapshot.auto.trigger.threshold = 10000 (custom)
2019-09-26 12:48:34,845 [pool-27-thread-1] INFO  server.RaftServerConfigKeys (ConfUtils.java:logGet(43)) - raft.server.snapshot.retention.num.files = 5 (custom)
2019-09-26 12:48:34,846 [pool-27-thread-1] INFO  server.RaftServerConfigKeys (ConfUtils.java:logGet(43)) - raft.server.retrycache.expirytime = 600000ms (custom)
2019-09-26 12:48:34,865 [pool-27-thread-1] INFO  impl.RaftServerImpl (RaftServerImpl.java:start(185)) - 20e591b8-fc6c-46b8-8fe6-42f3b5d430cb@group-BD317DC8FD59: start as a follower, conf=-1: [20e591b8-fc6c-46b8-8fe6-42f3b5d430cb:192.168.164.238:44054], old=null
2019-09-26 12:48:34,865 [pool-27-thread-1] INFO  impl.RaftServerImpl (RaftServerImpl.java:setRole(174)) - 20e591b8-fc6c-46b8-8fe6-42f3b5d430cb@group-BD317DC8FD59: changes role from      null to FOLLOWER at term 0 for startAsFollower
2019-09-26 12:48:34,865 [pool-27-thread-1] INFO  impl.RoleInfo (RoleInfo.java:updateAndGet(143)) - 20e591b8-fc6c-46b8-8fe6-42f3b5d430cb: start FollowerState
2019-09-26 12:48:34,866 [pool-27-thread-1] INFO  util.JmxRegister (JmxRegister.java:tryRegister(44)) - Successfully registered JMX Bean with object name Ratis:service=RaftServer,group=group-BD317DC8FD59,id=20e591b8-fc6c-46b8-8fe6-42f3b5d430cb
2019-09-26 12:48:34,875 [RatisPipelineUtilsThread] INFO  pipeline.PipelineStateManager (PipelineStateManager.java:addPipeline(56)) - Created pipeline Pipeline[ Id: 8518cb61-3c7e-4402-ac66-bd317dc8fd59, Nodes: 20e591b8-fc6c-46b8-8fe6-42f3b5d430cb{ip: 192.168.164.238, host: pr-hdds-1569-87zkn-1081879488, networkLocation: /default-rack, certSerialId: null}, Type:RATIS, Factor:ONE, State:OPEN]
2019-09-26 12:48:34,888 [grpc-default-executor-0] INFO  impl.RaftServerProxy (RaftServerProxy.java:addNew(89)) - 20e591b8-fc6c-46b8-8fe6-42f3b5d430cb: addNew group-AAFE6478843F:[20e591b8-fc6c-46b8-8fe6-42f3b5d430cb:192.168.164.238:44054] returns group-AAFE6478843F:java.util.concurrent.CompletableFuture@4982784f[Not completed]
2019-09-26 12:48:34,890 [pool-27-thread-1] INFO  impl.RaftServerImpl (RaftServerImpl.java:<init>(95)) - 20e591b8-fc6c-46b8-8fe6-42f3b5d430cb: new RaftServerImpl for group-AAFE6478843F:[20e591b8-fc6c-46b8-8fe6-42f3b5d430cb:192.168.164.238:44054] with ContainerStateMachine:uninitialized
2019-09-26 12:48:34,891 [pool-27-thread-1] INFO  server.RaftServerConfigKeys (ConfUtils.java:logGet(43)) - raft.server.rpc.timeout.min = 5s (custom)
2019-09-26 12:48:34,891 [pool-27-thread-1] INFO  server.RaftServerConfigKeys (ConfUtils.java:logGet(43)) - raft.server.rpc.timeout.max = 5200ms (custom)
2019-09-26 12:48:34,891 [pool-27-thread-1] INFO  server.RaftServerConfigKeys (ConfUtils.java:logGet(43)) - raft.server.rpcslowness.timeout = 120s (custom)
2019-09-26 12:48:34,891 [pool-27-thread-1] INFO  server.RaftServerConfigKeys (ConfUtils.java:logGet(43)) - raft.server.sleep.deviation.threshold = 300 (default)
2019-09-26 12:48:34,892 [pool-27-thread-1] INFO  server.RaftServerConfigKeys (ConfUtils.java:logGet(43)) - raft.server.log.appender.install.snapshot.enabled = false (custom)
2019-09-26 12:48:34,892 [pool-27-thread-1] INFO  impl.RaftServerImpl (ServerState.java:<init>(103)) - 20e591b8-fc6c-46b8-8fe6-42f3b5d430cb@group-AAFE6478843F: ConfigurationManager, init=-1: [20e591b8-fc6c-46b8-8fe6-42f3b5d430cb:192.168.164.238:44054], old=null, confs=<EMPTY_MAP>
2019-09-26 12:48:34,892 [pool-27-thread-1] INFO  server.RaftServerConfigKeys (ConfUtils.java:logGet(43)) - raft.server.storage.dir = [/workdir/hadoop-ozone/integration-test/target/test-dir/MiniOzoneClusterImpl-081de17b-1a38-412a-aff9-ce4303794a7e/datanode-0/data/ratis] (custom)
2019-09-26 12:48:34,893 [pool-27-thread-1] INFO  storage.RaftStorageDirectory (RaftStorageDirectory.java:analyzeStorage(246)) - The storage directory /workdir/hadoop-ozone/integration-test/target/test-dir/MiniOzoneClusterImpl-081de17b-1a38-412a-aff9-ce4303794a7e/datanode-0/data/ratis/67a8baa5-8b74-4d2d-b237-aafe6478843f does not exist. Creating ...
2019-09-26 12:48:34,906 [pool-27-thread-1] INFO  storage.RaftStorageDirectory (RaftStorageDirectory.java:tryLock(328)) - Lock on /workdir/hadoop-ozone/integration-test/target/test-dir/MiniOzoneClusterImpl-081de17b-1a38-412a-aff9-ce4303794a7e/datanode-0/data/ratis/67a8baa5-8b74-4d2d-b237-aafe6478843f/in_use.lock acquired by nodename 6225@pr-hdds-1569-87zkn-1081879488
2019-09-26 12:48:34,919 [pool-27-thread-1] INFO  storage.RaftStorage (RaftStorage.java:format(72)) - Storage directory /workdir/hadoop-ozone/integration-test/target/test-dir/MiniOzoneClusterImpl-081de17b-1a38-412a-aff9-ce4303794a7e/datanode-0/data/ratis/67a8baa5-8b74-4d2d-b237-aafe6478843f has been successfully formatted.
2019-09-26 12:48:34,919 [pool-27-thread-1] INFO  ratis.ContainerStateMachine (ContainerStateMachine.java:loadSnapshot(230)) - group-AAFE6478843F: The snapshot info is null. Setting the last applied indexto:(t:0, i:~)
2019-09-26 12:48:34,919 [pool-27-thread-1] INFO  server.RaftServerConfigKeys (ConfUtils.java:logGet(43)) - raft.server.notification.no-leader.timeout = 120s (custom)
2019-09-26 12:48:34,919 [pool-27-thread-1] INFO  server.RaftServerConfigKeys (ConfUtils.java:logGet(43)) - raft.server.log.use.memory = false (default)
2019-09-26 12:48:34,919 [pool-27-thread-1] INFO  server.RaftServerConfigKeys (ConfUtils.java:logGet(43)) - raft.server.log.purge.gap = 1000000 (custom)
2019-09-26 12:48:34,919 [pool-27-thread-1] INFO  server.RaftServerConfigKeys (ConfUtils.java:logGet(43)) - raft.server.log.appender.buffer.byte-limit = 33554432 (custom)
2019-09-26 12:48:34,920 [pool-27-thread-1] INFO  server.RaftServerConfigKeys (ConfUtils.java:logGet(43)) - raft.server.log.segment.size.max = 1048576 (custom)
2019-09-26 12:48:34,920 [pool-27-thread-1] INFO  server.RaftServerConfigKeys (ConfUtils.java:logGet(43)) - raft.server.log.segment.cache.num.max = 2 (custom)
2019-09-26 12:48:34,920 [pool-27-thread-1] INFO  segmented.SegmentedRaftLogWorker (SegmentedRaftLogWorker.java:<init>(172)) - new 20e591b8-fc6c-46b8-8fe6-42f3b5d430cb@group-AAFE6478843F-SegmentedRaftLogWorker for RaftStorage:Storage Directory /workdir/hadoop-ozone/integration-test/target/test-dir/MiniOzoneClusterImpl-081de17b-1a38-412a-aff9-ce4303794a7e/datanode-0/data/ratis/67a8baa5-8b74-4d2d-b237-aafe6478843f
2019-09-26 12:48:34,920 [pool-27-thread-1] INFO  server.RaftServerConfigKeys (ConfUtils.java:logGet(43)) - raft.server.log.queue.byte-limit = 2147483647 (custom)
2019-09-26 12:48:34,920 [pool-27-thread-1] INFO  server.RaftServerConfigKeys (ConfUtils.java:logGet(43)) - raft.server.log.queue.element-limit = 1024 (custom)
2019-09-26 12:48:34,920 [pool-27-thread-1] INFO  server.RaftServerConfigKeys (ConfUtils.java:logGet(43)) - raft.server.log.segment.size.max = 1048576 (custom)
2019-09-26 12:48:34,921 [pool-27-thread-1] INFO  server.RaftServerConfigKeys (ConfUtils.java:logGet(43)) - raft.server.log.preallocated.size = 16384 (custom)
2019-09-26 12:48:34,921 [pool-27-thread-1] INFO  server.RaftServerConfigKeys (ConfUtils.java:logGet(43)) - raft.server.log.write.buffer.size = 33554432 (custom)
2019-09-26 12:48:34,921 [pool-27-thread-1] INFO  server.RaftServerConfigKeys (ConfUtils.java:logGet(43)) - raft.server.log.force.sync.num = 128 (default)
2019-09-26 12:48:34,921 [pool-27-thread-1] INFO  server.RaftServerConfigKeys (ConfUtils.java:logGet(43)) - raft.server.log.statemachine.data.sync = true (default)
2019-09-26 12:48:34,921 [pool-27-thread-1] INFO  server.RaftServerConfigKeys (ConfUtils.java:logGet(43)) - raft.server.log.statemachine.data.sync.timeout = 10s (default)
2019-09-26 12:48:34,921 [pool-27-thread-1] INFO  server.RaftServerConfigKeys (ConfUtils.java:logGet(43)) - raft.server.log.statemachine.data.sync.timeout.retry = -1 (default)
2019-09-26 12:48:34,921 [pool-27-thread-1] INFO  server.RaftServerConfigKeys (ConfUtils.java:logGet(43)) - raft.server.log.statemachine.data.caching.enabled = true (custom)
2019-09-26 12:48:34,921 [pool-27-thread-1] INFO  segmented.SegmentedRaftLogWorker (SegmentedRaftLogWorker.java:lambda$new$0(132)) - 20e591b8-fc6c-46b8-8fe6-42f3b5d430cb@group-AAFE6478843F-SegmentedRaftLogWorker: flushIndex: setUnconditionally 0 -> -1
2019-09-26 12:48:34,922 [pool-27-thread-1] INFO  server.RaftServerConfigKeys (ConfUtils.java:logGet(43)) - raft.server.snapshot.auto.trigger.enabled = true (custom)
2019-09-26 12:48:34,922 [pool-27-thread-1] INFO  server.RaftServerConfigKeys (ConfUtils.java:logGet(43)) - raft.server.snapshot.auto.trigger.threshold = 10000 (custom)
2019-09-26 12:48:34,922 [pool-27-thread-1] INFO  server.RaftServerConfigKeys (ConfUtils.java:logGet(43)) - raft.server.snapshot.retention.num.files = 5 (custom)
2019-09-26 12:48:34,922 [pool-27-thread-1] INFO  server.RaftServerConfigKeys (ConfUtils.java:logGet(43)) - raft.server.retrycache.expirytime = 600000ms (custom)
2019-09-26 12:48:34,926 [pool-27-thread-1] INFO  impl.RaftServerImpl (RaftServerImpl.java:start(185)) - 20e591b8-fc6c-46b8-8fe6-42f3b5d430cb@group-AAFE6478843F: start as a follower, conf=-1: [20e591b8-fc6c-46b8-8fe6-42f3b5d430cb:192.168.164.238:44054], old=null
2019-09-26 12:48:34,926 [pool-27-thread-1] INFO  impl.RaftServerImpl (RaftServerImpl.java:setRole(174)) - 20e591b8-fc6c-46b8-8fe6-42f3b5d430cb@group-AAFE6478843F: changes role from      null to FOLLOWER at term 0 for startAsFollower
2019-09-26 12:48:34,926 [pool-27-thread-1] INFO  impl.RoleInfo (RoleInfo.java:updateAndGet(143)) - 20e591b8-fc6c-46b8-8fe6-42f3b5d430cb: start FollowerState
2019-09-26 12:48:34,926 [pool-27-thread-1] INFO  util.JmxRegister (JmxRegister.java:tryRegister(44)) - Successfully registered JMX Bean with object name Ratis:service=RaftServer,group=group-AAFE6478843F,id=20e591b8-fc6c-46b8-8fe6-42f3b5d430cb
2019-09-26 12:48:34,938 [RatisPipelineUtilsThread] INFO  pipeline.PipelineStateManager (PipelineStateManager.java:addPipeline(56)) - Created pipeline Pipeline[ Id: 67a8baa5-8b74-4d2d-b237-aafe6478843f, Nodes: 20e591b8-fc6c-46b8-8fe6-42f3b5d430cb{ip: 192.168.164.238, host: pr-hdds-1569-87zkn-1081879488, networkLocation: /default-rack, certSerialId: null}, Type:RATIS, Factor:ONE, State:OPEN]
2019-09-26 12:48:34,958 [grpc-default-executor-0] INFO  impl.RaftServerProxy (RaftServerProxy.java:addNew(89)) - 6058261b-904a-43cb-870c-12000dee09bb: addNew group-0E834DFC1AF9:[6058261b-904a-43cb-870c-12000dee09bb:192.168.164.238:34662] returns group-0E834DFC1AF9:java.util.concurrent.CompletableFuture@61f7b14e[Not completed]
2019-09-26 12:48:34,961 [pool-47-thread-1] INFO  impl.RaftServerImpl (RaftServerImpl.java:<init>(95)) - 6058261b-904a-43cb-870c-12000dee09bb: new RaftServerImpl for group-0E834DFC1AF9:[6058261b-904a-43cb-870c-12000dee09bb:192.168.164.238:34662] with ContainerStateMachine:uninitialized
2019-09-26 12:48:34,962 [pool-47-thread-1] INFO  server.RaftServerConfigKeys (ConfUtils.java:logGet(43)) - raft.server.rpc.timeout.min = 5s (custom)
2019-09-26 12:48:34,963 [pool-47-thread-1] INFO  server.RaftServerConfigKeys (ConfUtils.java:logGet(43)) - raft.server.rpc.timeout.max = 5200ms (custom)
2019-09-26 12:48:34,963 [pool-47-thread-1] INFO  server.RaftServerConfigKeys (ConfUtils.java:logGet(43)) - raft.server.rpcslowness.timeout = 120s (custom)
2019-09-26 12:48:34,963 [pool-47-thread-1] INFO  server.RaftServerConfigKeys (ConfUtils.java:logGet(43)) - raft.server.sleep.deviation.threshold = 300 (default)
2019-09-26 12:48:34,964 [pool-47-thread-1] INFO  server.RaftServerConfigKeys (ConfUtils.java:logGet(43)) - raft.server.log.appender.install.snapshot.enabled = false (custom)
2019-09-26 12:48:34,964 [pool-47-thread-1] INFO  impl.RaftServerImpl (ServerState.java:<init>(103)) - 6058261b-904a-43cb-870c-12000dee09bb@group-0E834DFC1AF9: ConfigurationManager, init=-1: [6058261b-904a-43cb-870c-12000dee09bb:192.168.164.238:34662], old=null, confs=<EMPTY_MAP>
2019-09-26 12:48:34,964 [pool-47-thread-1] INFO  server.RaftServerConfigKeys (ConfUtils.java:logGet(43)) - raft.server.storage.dir = [/workdir/hadoop-ozone/integration-test/target/test-dir/MiniOzoneClusterImpl-081de17b-1a38-412a-aff9-ce4303794a7e/datanode-2/data/ratis] (custom)
2019-09-26 12:48:34,965 [pool-47-thread-1] INFO  storage.RaftStorageDirectory (RaftStorageDirectory.java:analyzeStorage(246)) - The storage directory /workdir/hadoop-ozone/integration-test/target/test-dir/MiniOzoneClusterImpl-081de17b-1a38-412a-aff9-ce4303794a7e/datanode-2/data/ratis/7b83239f-b040-4afc-a643-0e834dfc1af9 does not exist. Creating ...
2019-09-26 12:48:34,979 [pool-47-thread-1] INFO  storage.RaftStorageDirectory (RaftStorageDirectory.java:tryLock(328)) - Lock on /workdir/hadoop-ozone/integration-test/target/test-dir/MiniOzoneClusterImpl-081de17b-1a38-412a-aff9-ce4303794a7e/datanode-2/data/ratis/7b83239f-b040-4afc-a643-0e834dfc1af9/in_use.lock acquired by nodename 6225@pr-hdds-1569-87zkn-1081879488
2019-09-26 12:48:34,993 [pool-47-thread-1] INFO  storage.RaftStorage (RaftStorage.java:format(72)) - Storage directory /workdir/hadoop-ozone/integration-test/target/test-dir/MiniOzoneClusterImpl-081de17b-1a38-412a-aff9-ce4303794a7e/datanode-2/data/ratis/7b83239f-b040-4afc-a643-0e834dfc1af9 has been successfully formatted.
2019-09-26 12:48:34,993 [pool-47-thread-1] INFO  ratis.ContainerStateMachine (ContainerStateMachine.java:loadSnapshot(230)) - group-0E834DFC1AF9: The snapshot info is null. Setting the last applied indexto:(t:0, i:~)
2019-09-26 12:48:34,994 [pool-47-thread-1] INFO  server.RaftServerConfigKeys (ConfUtils.java:logGet(43)) - raft.server.notification.no-leader.timeout = 120s (custom)
2019-09-26 12:48:34,994 [pool-47-thread-1] INFO  server.RaftServerConfigKeys (ConfUtils.java:logGet(43)) - raft.server.log.use.memory = false (default)
2019-09-26 12:48:34,994 [pool-47-thread-1] INFO  server.RaftServerConfigKeys (ConfUtils.java:logGet(43)) - raft.server.log.purge.gap = 1000000 (custom)
2019-09-26 12:48:34,994 [pool-47-thread-1] INFO  server.RaftServerConfigKeys (ConfUtils.java:logGet(43)) - raft.server.log.appender.buffer.byte-limit = 33554432 (custom)
2019-09-26 12:48:34,995 [pool-47-thread-1] INFO  server.RaftServerConfigKeys (ConfUtils.java:logGet(43)) - raft.server.log.segment.size.max = 1048576 (custom)
2019-09-26 12:48:34,995 [pool-47-thread-1] INFO  server.RaftServerConfigKeys (ConfUtils.java:logGet(43)) - raft.server.log.segment.cache.num.max = 2 (custom)
2019-09-26 12:48:34,996 [pool-47-thread-1] INFO  segmented.SegmentedRaftLogWorker (SegmentedRaftLogWorker.java:<init>(172)) - new 6058261b-904a-43cb-870c-12000dee09bb@group-0E834DFC1AF9-SegmentedRaftLogWorker for RaftStorage:Storage Directory /workdir/hadoop-ozone/integration-test/target/test-dir/MiniOzoneClusterImpl-081de17b-1a38-412a-aff9-ce4303794a7e/datanode-2/data/ratis/7b83239f-b040-4afc-a643-0e834dfc1af9
2019-09-26 12:48:35,002 [pool-47-thread-1] INFO  server.RaftServerConfigKeys (ConfUtils.java:logGet(43)) - raft.server.log.queue.byte-limit = 2147483647 (custom)
2019-09-26 12:48:35,003 [pool-47-thread-1] INFO  server.RaftServerConfigKeys (ConfUtils.java:logGet(43)) - raft.server.log.queue.element-limit = 1024 (custom)
2019-09-26 12:48:35,003 [pool-47-thread-1] INFO  server.RaftServerConfigKeys (ConfUtils.java:logGet(43)) - raft.server.log.segment.size.max = 1048576 (custom)
2019-09-26 12:48:35,003 [pool-47-thread-1] INFO  server.RaftServerConfigKeys (ConfUtils.java:logGet(43)) - raft.server.log.preallocated.size = 16384 (custom)
2019-09-26 12:48:35,003 [pool-47-thread-1] INFO  server.RaftServerConfigKeys (ConfUtils.java:logGet(43)) - raft.server.log.write.buffer.size = 33554432 (custom)
2019-09-26 12:48:35,004 [pool-47-thread-1] INFO  server.RaftServerConfigKeys (ConfUtils.java:logGet(43)) - raft.server.log.force.sync.num = 128 (default)
2019-09-26 12:48:35,004 [pool-47-thread-1] INFO  server.RaftServerConfigKeys (ConfUtils.java:logGet(43)) - raft.server.log.statemachine.data.sync = true (default)
2019-09-26 12:48:35,004 [pool-47-thread-1] INFO  server.RaftServerConfigKeys (ConfUtils.java:logGet(43)) - raft.server.log.statemachine.data.sync.timeout = 10s (default)
2019-09-26 12:48:35,004 [pool-47-thread-1] INFO  server.RaftServerConfigKeys (ConfUtils.java:logGet(43)) - raft.server.log.statemachine.data.sync.timeout.retry = -1 (default)
2019-09-26 12:48:35,005 [pool-47-thread-1] INFO  server.RaftServerConfigKeys (ConfUtils.java:logGet(43)) - raft.server.log.statemachine.data.caching.enabled = true (custom)
2019-09-26 12:48:35,005 [pool-47-thread-1] INFO  segmented.SegmentedRaftLogWorker (SegmentedRaftLogWorker.java:lambda$new$0(132)) - 6058261b-904a-43cb-870c-12000dee09bb@group-0E834DFC1AF9-SegmentedRaftLogWorker: flushIndex: setUnconditionally 0 -> -1
2019-09-26 12:48:35,006 [pool-47-thread-1] INFO  server.RaftServerConfigKeys (ConfUtils.java:logGet(43)) - raft.server.snapshot.auto.trigger.enabled = true (custom)
2019-09-26 12:48:35,006 [pool-47-thread-1] INFO  server.RaftServerConfigKeys (ConfUtils.java:logGet(43)) - raft.server.snapshot.auto.trigger.threshold = 10000 (custom)
2019-09-26 12:48:35,006 [pool-47-thread-1] INFO  server.RaftServerConfigKeys (ConfUtils.java:logGet(43)) - raft.server.snapshot.retention.num.files = 5 (custom)
2019-09-26 12:48:35,006 [pool-47-thread-1] INFO  server.RaftServerConfigKeys (ConfUtils.java:logGet(43)) - raft.server.retrycache.expirytime = 600000ms (custom)
2019-09-26 12:48:35,012 [pool-47-thread-1] INFO  impl.RaftServerImpl (RaftServerImpl.java:start(185)) - 6058261b-904a-43cb-870c-12000dee09bb@group-0E834DFC1AF9: start as a follower, conf=-1: [6058261b-904a-43cb-870c-12000dee09bb:192.168.164.238:34662], old=null
2019-09-26 12:48:35,012 [pool-47-thread-1] INFO  impl.RaftServerImpl (RaftServerImpl.java:setRole(174)) - 6058261b-904a-43cb-870c-12000dee09bb@group-0E834DFC1AF9: changes role from      null to FOLLOWER at term 0 for startAsFollower
2019-09-26 12:48:35,012 [pool-47-thread-1] INFO  impl.RoleInfo (RoleInfo.java:updateAndGet(143)) - 6058261b-904a-43cb-870c-12000dee09bb: start FollowerState
2019-09-26 12:48:35,013 [pool-47-thread-1] INFO  util.JmxRegister (JmxRegister.java:tryRegister(44)) - Successfully registered JMX Bean with object name Ratis:service=RaftServer,group=group-0E834DFC1AF9,id=6058261b-904a-43cb-870c-12000dee09bb
2019-09-26 12:48:35,026 [RatisPipelineUtilsThread] INFO  pipeline.PipelineStateManager (PipelineStateManager.java:addPipeline(56)) - Created pipeline Pipeline[ Id: 7b83239f-b040-4afc-a643-0e834dfc1af9, Nodes: 6058261b-904a-43cb-870c-12000dee09bb{ip: 192.168.164.238, host: pr-hdds-1569-87zkn-1081879488, networkLocation: /default-rack, certSerialId: null}, Type:RATIS, Factor:ONE, State:OPEN]
2019-09-26 12:48:35,045 [grpc-default-executor-0] INFO  impl.RaftServerProxy (RaftServerProxy.java:addNew(89)) - 20e591b8-fc6c-46b8-8fe6-42f3b5d430cb: addNew group-0DE24F8FFEFC:[20e591b8-fc6c-46b8-8fe6-42f3b5d430cb:192.168.164.238:44054] returns group-0DE24F8FFEFC:java.util.concurrent.CompletableFuture@65ff662c[Not completed]
2019-09-26 12:48:35,048 [pool-27-thread-1] INFO  impl.RaftServerImpl (RaftServerImpl.java:<init>(95)) - 20e591b8-fc6c-46b8-8fe6-42f3b5d430cb: new RaftServerImpl for group-0DE24F8FFEFC:[20e591b8-fc6c-46b8-8fe6-42f3b5d430cb:192.168.164.238:44054] with ContainerStateMachine:uninitialized
2019-09-26 12:48:35,048 [pool-27-thread-1] INFO  server.RaftServerConfigKeys (ConfUtils.java:logGet(43)) - raft.server.rpc.timeout.min = 5s (custom)
2019-09-26 12:48:35,048 [pool-27-thread-1] INFO  server.RaftServerConfigKeys (ConfUtils.java:logGet(43)) - raft.server.rpc.timeout.max = 5200ms (custom)
2019-09-26 12:48:35,049 [pool-27-thread-1] INFO  server.RaftServerConfigKeys (ConfUtils.java:logGet(43)) - raft.server.rpcslowness.timeout = 120s (custom)
2019-09-26 12:48:35,049 [pool-27-thread-1] INFO  server.RaftServerConfigKeys (ConfUtils.java:logGet(43)) - raft.server.sleep.deviation.threshold = 300 (default)
2019-09-26 12:48:35,049 [pool-27-thread-1] INFO  server.RaftServerConfigKeys (ConfUtils.java:logGet(43)) - raft.server.log.appender.install.snapshot.enabled = false (custom)
2019-09-26 12:48:35,049 [pool-27-thread-1] INFO  impl.RaftServerImpl (ServerState.java:<init>(103)) - 20e591b8-fc6c-46b8-8fe6-42f3b5d430cb@group-0DE24F8FFEFC: ConfigurationManager, init=-1: [20e591b8-fc6c-46b8-8fe6-42f3b5d430cb:192.168.164.238:44054], old=null, confs=<EMPTY_MAP>
2019-09-26 12:48:35,049 [pool-27-thread-1] INFO  server.RaftServerConfigKeys (ConfUtils.java:logGet(43)) - raft.server.storage.dir = [/workdir/hadoop-ozone/integration-test/target/test-dir/MiniOzoneClusterImpl-081de17b-1a38-412a-aff9-ce4303794a7e/datanode-0/data/ratis] (custom)
2019-09-26 12:48:35,050 [pool-27-thread-1] INFO  storage.RaftStorageDirectory (RaftStorageDirectory.java:analyzeStorage(246)) - The storage directory /workdir/hadoop-ozone/integration-test/target/test-dir/MiniOzoneClusterImpl-081de17b-1a38-412a-aff9-ce4303794a7e/datanode-0/data/ratis/edbdef99-8e16-4900-b006-0de24f8ffefc does not exist. Creating ...
2019-09-26 12:48:35,063 [pool-27-thread-1] INFO  storage.RaftStorageDirectory (RaftStorageDirectory.java:tryLock(328)) - Lock on /workdir/hadoop-ozone/integration-test/target/test-dir/MiniOzoneClusterImpl-081de17b-1a38-412a-aff9-ce4303794a7e/datanode-0/data/ratis/edbdef99-8e16-4900-b006-0de24f8ffefc/in_use.lock acquired by nodename 6225@pr-hdds-1569-87zkn-1081879488
2019-09-26 12:48:35,076 [pool-27-thread-1] INFO  storage.RaftStorage (RaftStorage.java:format(72)) - Storage directory /workdir/hadoop-ozone/integration-test/target/test-dir/MiniOzoneClusterImpl-081de17b-1a38-412a-aff9-ce4303794a7e/datanode-0/data/ratis/edbdef99-8e16-4900-b006-0de24f8ffefc has been successfully formatted.
2019-09-26 12:48:35,077 [pool-27-thread-1] INFO  ratis.ContainerStateMachine (ContainerStateMachine.java:loadSnapshot(230)) - group-0DE24F8FFEFC: The snapshot info is null. Setting the last applied indexto:(t:0, i:~)
2019-09-26 12:48:35,077 [pool-27-thread-1] INFO  server.RaftServerConfigKeys (ConfUtils.java:logGet(43)) - raft.server.notification.no-leader.timeout = 120s (custom)
2019-09-26 12:48:35,077 [pool-27-thread-1] INFO  server.RaftServerConfigKeys (ConfUtils.java:logGet(43)) - raft.server.log.use.memory = false (default)
2019-09-26 12:48:35,077 [pool-27-thread-1] INFO  server.RaftServerConfigKeys (ConfUtils.java:logGet(43)) - raft.server.log.purge.gap = 1000000 (custom)
2019-09-26 12:48:35,077 [pool-27-thread-1] INFO  server.RaftServerConfigKeys (ConfUtils.java:logGet(43)) - raft.server.log.appender.buffer.byte-limit = 33554432 (custom)
2019-09-26 12:48:35,078 [pool-27-thread-1] INFO  server.RaftServerConfigKeys (ConfUtils.java:logGet(43)) - raft.server.log.segment.size.max = 1048576 (custom)
2019-09-26 12:48:35,078 [pool-27-thread-1] INFO  server.RaftServerConfigKeys (ConfUtils.java:logGet(43)) - raft.server.log.segment.cache.num.max = 2 (custom)
2019-09-26 12:48:35,078 [pool-27-thread-1] INFO  segmented.SegmentedRaftLogWorker (SegmentedRaftLogWorker.java:<init>(172)) - new 20e591b8-fc6c-46b8-8fe6-42f3b5d430cb@group-0DE24F8FFEFC-SegmentedRaftLogWorker for RaftStorage:Storage Directory /workdir/hadoop-ozone/integration-test/target/test-dir/MiniOzoneClusterImpl-081de17b-1a38-412a-aff9-ce4303794a7e/datanode-0/data/ratis/edbdef99-8e16-4900-b006-0de24f8ffefc
2019-09-26 12:48:35,078 [pool-27-thread-1] INFO  server.RaftServerConfigKeys (ConfUtils.java:logGet(43)) - raft.server.log.queue.byte-limit = 2147483647 (custom)
2019-09-26 12:48:35,078 [pool-27-thread-1] INFO  server.RaftServerConfigKeys (ConfUtils.java:logGet(43)) - raft.server.log.queue.element-limit = 1024 (custom)
2019-09-26 12:48:35,079 [pool-27-thread-1] INFO  server.RaftServerConfigKeys (ConfUtils.java:logGet(43)) - raft.server.log.segment.size.max = 1048576 (custom)
2019-09-26 12:48:35,079 [pool-27-thread-1] INFO  server.RaftServerConfigKeys (ConfUtils.java:logGet(43)) - raft.server.log.preallocated.size = 16384 (custom)
2019-09-26 12:48:35,079 [pool-27-thread-1] INFO  server.RaftServerConfigKeys (ConfUtils.java:logGet(43)) - raft.server.log.write.buffer.size = 33554432 (custom)
2019-09-26 12:48:35,079 [pool-27-thread-1] INFO  server.RaftServerConfigKeys (ConfUtils.java:logGet(43)) - raft.server.log.force.sync.num = 128 (default)
2019-09-26 12:48:35,079 [pool-27-thread-1] INFO  server.RaftServerConfigKeys (ConfUtils.java:logGet(43)) - raft.server.log.statemachine.data.sync = true (default)
2019-09-26 12:48:35,080 [pool-27-thread-1] INFO  server.RaftServerConfigKeys (ConfUtils.java:logGet(43)) - raft.server.log.statemachine.data.sync.timeout = 10s (default)
2019-09-26 12:48:35,080 [pool-27-thread-1] INFO  server.RaftServerConfigKeys (ConfUtils.java:logGet(43)) - raft.server.log.statemachine.data.sync.timeout.retry = -1 (default)
2019-09-26 12:48:35,080 [pool-27-thread-1] INFO  server.RaftServerConfigKeys (ConfUtils.java:logGet(43)) - raft.server.log.statemachine.data.caching.enabled = true (custom)
2019-09-26 12:48:35,080 [pool-27-thread-1] INFO  segmented.SegmentedRaftLogWorker (SegmentedRaftLogWorker.java:lambda$new$0(132)) - 20e591b8-fc6c-46b8-8fe6-42f3b5d430cb@group-0DE24F8FFEFC-SegmentedRaftLogWorker: flushIndex: setUnconditionally 0 -> -1
2019-09-26 12:48:35,081 [pool-27-thread-1] INFO  server.RaftServerConfigKeys (ConfUtils.java:logGet(43)) - raft.server.snapshot.auto.trigger.enabled = true (custom)
2019-09-26 12:48:35,081 [pool-27-thread-1] INFO  server.RaftServerConfigKeys (ConfUtils.java:logGet(43)) - raft.server.snapshot.auto.trigger.threshold = 10000 (custom)
2019-09-26 12:48:35,081 [pool-27-thread-1] INFO  server.RaftServerConfigKeys (ConfUtils.java:logGet(43)) - raft.server.snapshot.retention.num.files = 5 (custom)
2019-09-26 12:48:35,082 [pool-27-thread-1] INFO  server.RaftServerConfigKeys (ConfUtils.java:logGet(43)) - raft.server.retrycache.expirytime = 600000ms (custom)
2019-09-26 12:48:35,086 [pool-27-thread-1] INFO  impl.RaftServerImpl (RaftServerImpl.java:start(185)) - 20e591b8-fc6c-46b8-8fe6-42f3b5d430cb@group-0DE24F8FFEFC: start as a follower, conf=-1: [20e591b8-fc6c-46b8-8fe6-42f3b5d430cb:192.168.164.238:44054], old=null
2019-09-26 12:48:35,086 [pool-27-thread-1] INFO  impl.RaftServerImpl (RaftServerImpl.java:setRole(174)) - 20e591b8-fc6c-46b8-8fe6-42f3b5d430cb@group-0DE24F8FFEFC: changes role from      null to FOLLOWER at term 0 for startAsFollower
2019-09-26 12:48:35,087 [pool-27-thread-1] INFO  impl.RoleInfo (RoleInfo.java:updateAndGet(143)) - 20e591b8-fc6c-46b8-8fe6-42f3b5d430cb: start FollowerState
2019-09-26 12:48:35,087 [pool-27-thread-1] INFO  util.JmxRegister (JmxRegister.java:tryRegister(44)) - Successfully registered JMX Bean with object name Ratis:service=RaftServer,group=group-0DE24F8FFEFC,id=20e591b8-fc6c-46b8-8fe6-42f3b5d430cb
2019-09-26 12:48:35,100 [RatisPipelineUtilsThread] INFO  pipeline.PipelineStateManager (PipelineStateManager.java:addPipeline(56)) - Created pipeline Pipeline[ Id: edbdef99-8e16-4900-b006-0de24f8ffefc, Nodes: 20e591b8-fc6c-46b8-8fe6-42f3b5d430cb{ip: 192.168.164.238, host: pr-hdds-1569-87zkn-1081879488, networkLocation: /default-rack, certSerialId: null}, Type:RATIS, Factor:ONE, State:OPEN]
2019-09-26 12:48:35,125 [grpc-default-executor-0] INFO  impl.RaftServerProxy (RaftServerProxy.java:addNew(89)) - 6058261b-904a-43cb-870c-12000dee09bb: addNew group-B451D3115E7C:[6058261b-904a-43cb-870c-12000dee09bb:192.168.164.238:34662] returns group-B451D3115E7C:java.util.concurrent.CompletableFuture@5c12d13c[Not completed]
2019-09-26 12:48:35,128 [pool-47-thread-1] INFO  impl.RaftServerImpl (RaftServerImpl.java:<init>(95)) - 6058261b-904a-43cb-870c-12000dee09bb: new RaftServerImpl for group-B451D3115E7C:[6058261b-904a-43cb-870c-12000dee09bb:192.168.164.238:34662] with ContainerStateMachine:uninitialized
2019-09-26 12:48:35,128 [pool-47-thread-1] INFO  server.RaftServerConfigKeys (ConfUtils.java:logGet(43)) - raft.server.rpc.timeout.min = 5s (custom)
2019-09-26 12:48:35,128 [pool-47-thread-1] INFO  server.RaftServerConfigKeys (ConfUtils.java:logGet(43)) - raft.server.rpc.timeout.max = 5200ms (custom)
2019-09-26 12:48:35,128 [pool-47-thread-1] INFO  server.RaftServerConfigKeys (ConfUtils.java:logGet(43)) - raft.server.rpcslowness.timeout = 120s (custom)
2019-09-26 12:48:35,129 [pool-47-thread-1] INFO  server.RaftServerConfigKeys (ConfUtils.java:logGet(43)) - raft.server.sleep.deviation.threshold = 300 (default)
2019-09-26 12:48:35,129 [pool-47-thread-1] INFO  server.RaftServerConfigKeys (ConfUtils.java:logGet(43)) - raft.server.log.appender.install.snapshot.enabled = false (custom)
2019-09-26 12:48:35,129 [pool-47-thread-1] INFO  impl.RaftServerImpl (ServerState.java:<init>(103)) - 6058261b-904a-43cb-870c-12000dee09bb@group-B451D3115E7C: ConfigurationManager, init=-1: [6058261b-904a-43cb-870c-12000dee09bb:192.168.164.238:34662], old=null, confs=<EMPTY_MAP>
2019-09-26 12:48:35,129 [pool-47-thread-1] INFO  server.RaftServerConfigKeys (ConfUtils.java:logGet(43)) - raft.server.storage.dir = [/workdir/hadoop-ozone/integration-test/target/test-dir/MiniOzoneClusterImpl-081de17b-1a38-412a-aff9-ce4303794a7e/datanode-2/data/ratis] (custom)
2019-09-26 12:48:35,130 [pool-47-thread-1] INFO  storage.RaftStorageDirectory (RaftStorageDirectory.java:analyzeStorage(246)) - The storage directory /workdir/hadoop-ozone/integration-test/target/test-dir/MiniOzoneClusterImpl-081de17b-1a38-412a-aff9-ce4303794a7e/datanode-2/data/ratis/2df9048b-79ea-4aa4-a427-b451d3115e7c does not exist. Creating ...
2019-09-26 12:48:35,144 [pool-47-thread-1] INFO  storage.RaftStorageDirectory (RaftStorageDirectory.java:tryLock(328)) - Lock on /workdir/hadoop-ozone/integration-test/target/test-dir/MiniOzoneClusterImpl-081de17b-1a38-412a-aff9-ce4303794a7e/datanode-2/data/ratis/2df9048b-79ea-4aa4-a427-b451d3115e7c/in_use.lock acquired by nodename 6225@pr-hdds-1569-87zkn-1081879488
2019-09-26 12:48:35,157 [pool-47-thread-1] INFO  storage.RaftStorage (RaftStorage.java:format(72)) - Storage directory /workdir/hadoop-ozone/integration-test/target/test-dir/MiniOzoneClusterImpl-081de17b-1a38-412a-aff9-ce4303794a7e/datanode-2/data/ratis/2df9048b-79ea-4aa4-a427-b451d3115e7c has been successfully formatted.
2019-09-26 12:48:35,157 [pool-47-thread-1] INFO  ratis.ContainerStateMachine (ContainerStateMachine.java:loadSnapshot(230)) - group-B451D3115E7C: The snapshot info is null. Setting the last applied indexto:(t:0, i:~)
2019-09-26 12:48:35,158 [pool-47-thread-1] INFO  server.RaftServerConfigKeys (ConfUtils.java:logGet(43)) - raft.server.notification.no-leader.timeout = 120s (custom)
2019-09-26 12:48:35,158 [pool-47-thread-1] INFO  server.RaftServerConfigKeys (ConfUtils.java:logGet(43)) - raft.server.log.use.memory = false (default)
2019-09-26 12:48:35,158 [pool-47-thread-1] INFO  server.RaftServerConfigKeys (ConfUtils.java:logGet(43)) - raft.server.log.purge.gap = 1000000 (custom)
2019-09-26 12:48:35,158 [pool-47-thread-1] INFO  server.RaftServerConfigKeys (ConfUtils.java:logGet(43)) - raft.server.log.appender.buffer.byte-limit = 33554432 (custom)
2019-09-26 12:48:35,158 [pool-47-thread-1] INFO  server.RaftServerConfigKeys (ConfUtils.java:logGet(43)) - raft.server.log.segment.size.max = 1048576 (custom)
2019-09-26 12:48:35,159 [pool-47-thread-1] INFO  server.RaftServerConfigKeys (ConfUtils.java:logGet(43)) - raft.server.log.segment.cache.num.max = 2 (custom)
2019-09-26 12:48:35,159 [pool-47-thread-1] INFO  segmented.SegmentedRaftLogWorker (SegmentedRaftLogWorker.java:<init>(172)) - new 6058261b-904a-43cb-870c-12000dee09bb@group-B451D3115E7C-SegmentedRaftLogWorker for RaftStorage:Storage Directory /workdir/hadoop-ozone/integration-test/target/test-dir/MiniOzoneClusterImpl-081de17b-1a38-412a-aff9-ce4303794a7e/datanode-2/data/ratis/2df9048b-79ea-4aa4-a427-b451d3115e7c
2019-09-26 12:48:35,159 [pool-47-thread-1] INFO  server.RaftServerConfigKeys (ConfUtils.java:logGet(43)) - raft.server.log.queue.byte-limit = 2147483647 (custom)
2019-09-26 12:48:35,159 [pool-47-thread-1] INFO  server.RaftServerConfigKeys (ConfUtils.java:logGet(43)) - raft.server.log.queue.element-limit = 1024 (custom)
2019-09-26 12:48:35,160 [pool-47-thread-1] INFO  server.RaftServerConfigKeys (ConfUtils.java:logGet(43)) - raft.server.log.segment.size.max = 1048576 (custom)
2019-09-26 12:48:35,160 [pool-47-thread-1] INFO  server.RaftServerConfigKeys (ConfUtils.java:logGet(43)) - raft.server.log.preallocated.size = 16384 (custom)
2019-09-26 12:48:35,160 [pool-47-thread-1] INFO  server.RaftServerConfigKeys (ConfUtils.java:logGet(43)) - raft.server.log.write.buffer.size = 33554432 (custom)
2019-09-26 12:48:35,160 [pool-47-thread-1] INFO  server.RaftServerConfigKeys (ConfUtils.java:logGet(43)) - raft.server.log.force.sync.num = 128 (default)
2019-09-26 12:48:35,160 [pool-47-thread-1] INFO  server.RaftServerConfigKeys (ConfUtils.java:logGet(43)) - raft.server.log.statemachine.data.sync = true (default)
2019-09-26 12:48:35,160 [pool-47-thread-1] INFO  server.RaftServerConfigKeys (ConfUtils.java:logGet(43)) - raft.server.log.statemachine.data.sync.timeout = 10s (default)
2019-09-26 12:48:35,161 [pool-47-thread-1] INFO  server.RaftServerConfigKeys (ConfUtils.java:logGet(43)) - raft.server.log.statemachine.data.sync.timeout.retry = -1 (default)
2019-09-26 12:48:35,161 [pool-47-thread-1] INFO  server.RaftServerConfigKeys (ConfUtils.java:logGet(43)) - raft.server.log.statemachine.data.caching.enabled = true (custom)
2019-09-26 12:48:35,161 [pool-47-thread-1] INFO  segmented.SegmentedRaftLogWorker (SegmentedRaftLogWorker.java:lambda$new$0(132)) - 6058261b-904a-43cb-870c-12000dee09bb@group-B451D3115E7C-SegmentedRaftLogWorker: flushIndex: setUnconditionally 0 -> -1
2019-09-26 12:48:35,162 [pool-47-thread-1] INFO  server.RaftServerConfigKeys (ConfUtils.java:logGet(43)) - raft.server.snapshot.auto.trigger.enabled = true (custom)
2019-09-26 12:48:35,162 [pool-47-thread-1] INFO  server.RaftServerConfigKeys (ConfUtils.java:logGet(43)) - raft.server.snapshot.auto.trigger.threshold = 10000 (custom)
2019-09-26 12:48:35,162 [pool-47-thread-1] INFO  server.RaftServerConfigKeys (ConfUtils.java:logGet(43)) - raft.server.snapshot.retention.num.files = 5 (custom)
2019-09-26 12:48:35,162 [pool-47-thread-1] INFO  server.RaftServerConfigKeys (ConfUtils.java:logGet(43)) - raft.server.retrycache.expirytime = 600000ms (custom)
2019-09-26 12:48:35,166 [pool-47-thread-1] INFO  impl.RaftServerImpl (RaftServerImpl.java:start(185)) - 6058261b-904a-43cb-870c-12000dee09bb@group-B451D3115E7C: start as a follower, conf=-1: [6058261b-904a-43cb-870c-12000dee09bb:192.168.164.238:34662], old=null
2019-09-26 12:48:35,167 [pool-47-thread-1] INFO  impl.RaftServerImpl (RaftServerImpl.java:setRole(174)) - 6058261b-904a-43cb-870c-12000dee09bb@group-B451D3115E7C: changes role from      null to FOLLOWER at term 0 for startAsFollower
2019-09-26 12:48:35,167 [pool-47-thread-1] INFO  impl.RoleInfo (RoleInfo.java:updateAndGet(143)) - 6058261b-904a-43cb-870c-12000dee09bb: start FollowerState
2019-09-26 12:48:35,167 [pool-47-thread-1] INFO  util.JmxRegister (JmxRegister.java:tryRegister(44)) - Successfully registered JMX Bean with object name Ratis:service=RaftServer,group=group-B451D3115E7C,id=6058261b-904a-43cb-870c-12000dee09bb
2019-09-26 12:48:35,178 [RatisPipelineUtilsThread] INFO  pipeline.PipelineStateManager (PipelineStateManager.java:addPipeline(56)) - Created pipeline Pipeline[ Id: 2df9048b-79ea-4aa4-a427-b451d3115e7c, Nodes: 6058261b-904a-43cb-870c-12000dee09bb{ip: 192.168.164.238, host: pr-hdds-1569-87zkn-1081879488, networkLocation: /default-rack, certSerialId: null}, Type:RATIS, Factor:ONE, State:OPEN]
2019-09-26 12:48:35,190 [grpc-default-executor-0] INFO  impl.RaftServerProxy (RaftServerProxy.java:addNew(89)) - 820851e1-bdcd-45a0-8164-1185e4eb16e4: addNew group-8FEC1F7E0952:[820851e1-bdcd-45a0-8164-1185e4eb16e4:192.168.164.238:44266] returns group-8FEC1F7E0952:java.util.concurrent.CompletableFuture@161282a6[Not completed]
2019-09-26 12:48:35,192 [pool-37-thread-1] INFO  impl.RaftServerImpl (RaftServerImpl.java:<init>(95)) - 820851e1-bdcd-45a0-8164-1185e4eb16e4: new RaftServerImpl for group-8FEC1F7E0952:[820851e1-bdcd-45a0-8164-1185e4eb16e4:192.168.164.238:44266] with ContainerStateMachine:uninitialized
2019-09-26 12:48:35,193 [pool-37-thread-1] INFO  server.RaftServerConfigKeys (ConfUtils.java:logGet(43)) - raft.server.rpc.timeout.min = 5s (custom)
2019-09-26 12:48:35,193 [pool-37-thread-1] INFO  server.RaftServerConfigKeys (ConfUtils.java:logGet(43)) - raft.server.rpc.timeout.max = 5200ms (custom)
2019-09-26 12:48:35,193 [pool-37-thread-1] INFO  server.RaftServerConfigKeys (ConfUtils.java:logGet(43)) - raft.server.rpcslowness.timeout = 120s (custom)
2019-09-26 12:48:35,193 [pool-37-thread-1] INFO  server.RaftServerConfigKeys (ConfUtils.java:logGet(43)) - raft.server.sleep.deviation.threshold = 300 (default)
2019-09-26 12:48:35,193 [pool-37-thread-1] INFO  server.RaftServerConfigKeys (ConfUtils.java:logGet(43)) - raft.server.log.appender.install.snapshot.enabled = false (custom)
2019-09-26 12:48:35,194 [pool-37-thread-1] INFO  impl.RaftServerImpl (ServerState.java:<init>(103)) - 820851e1-bdcd-45a0-8164-1185e4eb16e4@group-8FEC1F7E0952: ConfigurationManager, init=-1: [820851e1-bdcd-45a0-8164-1185e4eb16e4:192.168.164.238:44266], old=null, confs=<EMPTY_MAP>
2019-09-26 12:48:35,194 [pool-37-thread-1] INFO  server.RaftServerConfigKeys (ConfUtils.java:logGet(43)) - raft.server.storage.dir = [/workdir/hadoop-ozone/integration-test/target/test-dir/MiniOzoneClusterImpl-081de17b-1a38-412a-aff9-ce4303794a7e/datanode-1/data/ratis] (custom)
2019-09-26 12:48:35,194 [pool-37-thread-1] INFO  storage.RaftStorageDirectory (RaftStorageDirectory.java:analyzeStorage(246)) - The storage directory /workdir/hadoop-ozone/integration-test/target/test-dir/MiniOzoneClusterImpl-081de17b-1a38-412a-aff9-ce4303794a7e/datanode-1/data/ratis/0b9849ab-f00f-4bb6-9ddf-8fec1f7e0952 does not exist. Creating ...
2019-09-26 12:48:35,207 [pool-37-thread-1] INFO  storage.RaftStorageDirectory (RaftStorageDirectory.java:tryLock(328)) - Lock on /workdir/hadoop-ozone/integration-test/target/test-dir/MiniOzoneClusterImpl-081de17b-1a38-412a-aff9-ce4303794a7e/datanode-1/data/ratis/0b9849ab-f00f-4bb6-9ddf-8fec1f7e0952/in_use.lock acquired by nodename 6225@pr-hdds-1569-87zkn-1081879488
2019-09-26 12:48:35,221 [pool-37-thread-1] INFO  storage.RaftStorage (RaftStorage.java:format(72)) - Storage directory /workdir/hadoop-ozone/integration-test/target/test-dir/MiniOzoneClusterImpl-081de17b-1a38-412a-aff9-ce4303794a7e/datanode-1/data/ratis/0b9849ab-f00f-4bb6-9ddf-8fec1f7e0952 has been successfully formatted.
2019-09-26 12:48:35,221 [pool-37-thread-1] INFO  ratis.ContainerStateMachine (ContainerStateMachine.java:loadSnapshot(230)) - group-8FEC1F7E0952: The snapshot info is null. Setting the last applied indexto:(t:0, i:~)
2019-09-26 12:48:35,221 [pool-37-thread-1] INFO  server.RaftServerConfigKeys (ConfUtils.java:logGet(43)) - raft.server.notification.no-leader.timeout = 120s (custom)
2019-09-26 12:48:35,221 [pool-37-thread-1] INFO  server.RaftServerConfigKeys (ConfUtils.java:logGet(43)) - raft.server.log.use.memory = false (default)
2019-09-26 12:48:35,222 [pool-37-thread-1] INFO  server.RaftServerConfigKeys (ConfUtils.java:logGet(43)) - raft.server.log.purge.gap = 1000000 (custom)
2019-09-26 12:48:35,222 [pool-37-thread-1] INFO  server.RaftServerConfigKeys (ConfUtils.java:logGet(43)) - raft.server.log.appender.buffer.byte-limit = 33554432 (custom)
2019-09-26 12:48:35,222 [pool-37-thread-1] INFO  server.RaftServerConfigKeys (ConfUtils.java:logGet(43)) - raft.server.log.segment.size.max = 1048576 (custom)
2019-09-26 12:48:35,222 [pool-37-thread-1] INFO  server.RaftServerConfigKeys (ConfUtils.java:logGet(43)) - raft.server.log.segment.cache.num.max = 2 (custom)
2019-09-26 12:48:35,222 [pool-37-thread-1] INFO  segmented.SegmentedRaftLogWorker (SegmentedRaftLogWorker.java:<init>(172)) - new 820851e1-bdcd-45a0-8164-1185e4eb16e4@group-8FEC1F7E0952-SegmentedRaftLogWorker for RaftStorage:Storage Directory /workdir/hadoop-ozone/integration-test/target/test-dir/MiniOzoneClusterImpl-081de17b-1a38-412a-aff9-ce4303794a7e/datanode-1/data/ratis/0b9849ab-f00f-4bb6-9ddf-8fec1f7e0952
2019-09-26 12:48:35,222 [pool-37-thread-1] INFO  server.RaftServerConfigKeys (ConfUtils.java:logGet(43)) - raft.server.log.queue.byte-limit = 2147483647 (custom)
2019-09-26 12:48:35,223 [pool-37-thread-1] INFO  server.RaftServerConfigKeys (ConfUtils.java:logGet(43)) - raft.server.log.queue.element-limit = 1024 (custom)
2019-09-26 12:48:35,223 [pool-37-thread-1] INFO  server.RaftServerConfigKeys (ConfUtils.java:logGet(43)) - raft.server.log.segment.size.max = 1048576 (custom)
2019-09-26 12:48:35,223 [pool-37-thread-1] INFO  server.RaftServerConfigKeys (ConfUtils.java:logGet(43)) - raft.server.log.preallocated.size = 16384 (custom)
2019-09-26 12:48:35,223 [pool-37-thread-1] INFO  server.RaftServerConfigKeys (ConfUtils.java:logGet(43)) - raft.server.log.write.buffer.size = 33554432 (custom)
2019-09-26 12:48:35,223 [pool-37-thread-1] INFO  server.RaftServerConfigKeys (ConfUtils.java:logGet(43)) - raft.server.log.force.sync.num = 128 (default)
2019-09-26 12:48:35,223 [pool-37-thread-1] INFO  server.RaftServerConfigKeys (ConfUtils.java:logGet(43)) - raft.server.log.statemachine.data.sync = true (default)
2019-09-26 12:48:35,224 [pool-37-thread-1] INFO  server.RaftServerConfigKeys (ConfUtils.java:logGet(43)) - raft.server.log.statemachine.data.sync.timeout = 10s (default)
2019-09-26 12:48:35,224 [pool-37-thread-1] INFO  server.RaftServerConfigKeys (ConfUtils.java:logGet(43)) - raft.server.log.statemachine.data.sync.timeout.retry = -1 (default)
2019-09-26 12:48:35,224 [pool-37-thread-1] INFO  server.RaftServerConfigKeys (ConfUtils.java:logGet(43)) - raft.server.log.statemachine.data.caching.enabled = true (custom)
2019-09-26 12:48:35,225 [pool-37-thread-1] INFO  segmented.SegmentedRaftLogWorker (SegmentedRaftLogWorker.java:lambda$new$0(132)) - 820851e1-bdcd-45a0-8164-1185e4eb16e4@group-8FEC1F7E0952-SegmentedRaftLogWorker: flushIndex: setUnconditionally 0 -> -1
2019-09-26 12:48:35,225 [pool-37-thread-1] INFO  server.RaftServerConfigKeys (ConfUtils.java:logGet(43)) - raft.server.snapshot.auto.trigger.enabled = true (custom)
2019-09-26 12:48:35,225 [pool-37-thread-1] INFO  server.RaftServerConfigKeys (ConfUtils.java:logGet(43)) - raft.server.snapshot.auto.trigger.threshold = 10000 (custom)
2019-09-26 12:48:35,225 [pool-37-thread-1] INFO  server.RaftServerConfigKeys (ConfUtils.java:logGet(43)) - raft.server.snapshot.retention.num.files = 5 (custom)
2019-09-26 12:48:35,226 [pool-37-thread-1] INFO  server.RaftServerConfigKeys (ConfUtils.java:logGet(43)) - raft.server.retrycache.expirytime = 600000ms (custom)
2019-09-26 12:48:35,230 [pool-37-thread-1] INFO  impl.RaftServerImpl (RaftServerImpl.java:start(185)) - 820851e1-bdcd-45a0-8164-1185e4eb16e4@group-8FEC1F7E0952: start as a follower, conf=-1: [820851e1-bdcd-45a0-8164-1185e4eb16e4:192.168.164.238:44266], old=null
2019-09-26 12:48:35,230 [pool-37-thread-1] INFO  impl.RaftServerImpl (RaftServerImpl.java:setRole(174)) - 820851e1-bdcd-45a0-8164-1185e4eb16e4@group-8FEC1F7E0952: changes role from      null to FOLLOWER at term 0 for startAsFollower
2019-09-26 12:48:35,230 [pool-37-thread-1] INFO  impl.RoleInfo (RoleInfo.java:updateAndGet(143)) - 820851e1-bdcd-45a0-8164-1185e4eb16e4: start FollowerState
2019-09-26 12:48:35,230 [pool-37-thread-1] INFO  util.JmxRegister (JmxRegister.java:tryRegister(44)) - Successfully registered JMX Bean with object name Ratis:service=RaftServer,group=group-8FEC1F7E0952,id=820851e1-bdcd-45a0-8164-1185e4eb16e4
2019-09-26 12:48:35,239 [RatisPipelineUtilsThread] INFO  pipeline.PipelineStateManager (PipelineStateManager.java:addPipeline(56)) - Created pipeline Pipeline[ Id: 0b9849ab-f00f-4bb6-9ddf-8fec1f7e0952, Nodes: 820851e1-bdcd-45a0-8164-1185e4eb16e4{ip: 192.168.164.238, host: pr-hdds-1569-87zkn-1081879488, networkLocation: /default-rack, certSerialId: null}, Type:RATIS, Factor:ONE, State:OPEN]
2019-09-26 12:48:35,250 [grpc-default-executor-0] INFO  impl.RaftServerProxy (RaftServerProxy.java:addNew(89)) - 6058261b-904a-43cb-870c-12000dee09bb: addNew group-A22C8FA75807:[6058261b-904a-43cb-870c-12000dee09bb:192.168.164.238:34662] returns group-A22C8FA75807:java.util.concurrent.CompletableFuture@47062033[Not completed]
2019-09-26 12:48:35,252 [pool-47-thread-1] INFO  impl.RaftServerImpl (RaftServerImpl.java:<init>(95)) - 6058261b-904a-43cb-870c-12000dee09bb: new RaftServerImpl for group-A22C8FA75807:[6058261b-904a-43cb-870c-12000dee09bb:192.168.164.238:34662] with ContainerStateMachine:uninitialized
2019-09-26 12:48:35,252 [pool-47-thread-1] INFO  server.RaftServerConfigKeys (ConfUtils.java:logGet(43)) - raft.server.rpc.timeout.min = 5s (custom)
2019-09-26 12:48:35,252 [pool-47-thread-1] INFO  server.RaftServerConfigKeys (ConfUtils.java:logGet(43)) - raft.server.rpc.timeout.max = 5200ms (custom)
2019-09-26 12:48:35,252 [pool-47-thread-1] INFO  server.RaftServerConfigKeys (ConfUtils.java:logGet(43)) - raft.server.rpcslowness.timeout = 120s (custom)
2019-09-26 12:48:35,252 [pool-47-thread-1] INFO  server.RaftServerConfigKeys (ConfUtils.java:logGet(43)) - raft.server.sleep.deviation.threshold = 300 (default)
2019-09-26 12:48:35,252 [pool-47-thread-1] INFO  server.RaftServerConfigKeys (ConfUtils.java:logGet(43)) - raft.server.log.appender.install.snapshot.enabled = false (custom)
2019-09-26 12:48:35,253 [pool-47-thread-1] INFO  impl.RaftServerImpl (ServerState.java:<init>(103)) - 6058261b-904a-43cb-870c-12000dee09bb@group-A22C8FA75807: ConfigurationManager, init=-1: [6058261b-904a-43cb-870c-12000dee09bb:192.168.164.238:34662], old=null, confs=<EMPTY_MAP>
2019-09-26 12:48:35,253 [pool-47-thread-1] INFO  server.RaftServerConfigKeys (ConfUtils.java:logGet(43)) - raft.server.storage.dir = [/workdir/hadoop-ozone/integration-test/target/test-dir/MiniOzoneClusterImpl-081de17b-1a38-412a-aff9-ce4303794a7e/datanode-2/data/ratis] (custom)
2019-09-26 12:48:35,253 [pool-47-thread-1] INFO  storage.RaftStorageDirectory (RaftStorageDirectory.java:analyzeStorage(246)) - The storage directory /workdir/hadoop-ozone/integration-test/target/test-dir/MiniOzoneClusterImpl-081de17b-1a38-412a-aff9-ce4303794a7e/datanode-2/data/ratis/776eb18a-e18a-4ef8-a2af-a22c8fa75807 does not exist. Creating ...
2019-09-26 12:48:35,279 [pool-47-thread-1] INFO  storage.RaftStorageDirectory (RaftStorageDirectory.java:tryLock(328)) - Lock on /workdir/hadoop-ozone/integration-test/target/test-dir/MiniOzoneClusterImpl-081de17b-1a38-412a-aff9-ce4303794a7e/datanode-2/data/ratis/776eb18a-e18a-4ef8-a2af-a22c8fa75807/in_use.lock acquired by nodename 6225@pr-hdds-1569-87zkn-1081879488
2019-09-26 12:48:35,293 [pool-47-thread-1] INFO  storage.RaftStorage (RaftStorage.java:format(72)) - Storage directory /workdir/hadoop-ozone/integration-test/target/test-dir/MiniOzoneClusterImpl-081de17b-1a38-412a-aff9-ce4303794a7e/datanode-2/data/ratis/776eb18a-e18a-4ef8-a2af-a22c8fa75807 has been successfully formatted.
2019-09-26 12:48:35,293 [pool-47-thread-1] INFO  ratis.ContainerStateMachine (ContainerStateMachine.java:loadSnapshot(230)) - group-A22C8FA75807: The snapshot info is null. Setting the last applied indexto:(t:0, i:~)
2019-09-26 12:48:35,294 [pool-47-thread-1] INFO  server.RaftServerConfigKeys (ConfUtils.java:logGet(43)) - raft.server.notification.no-leader.timeout = 120s (custom)
2019-09-26 12:48:35,294 [pool-47-thread-1] INFO  server.RaftServerConfigKeys (ConfUtils.java:logGet(43)) - raft.server.log.use.memory = false (default)
2019-09-26 12:48:35,294 [pool-47-thread-1] INFO  server.RaftServerConfigKeys (ConfUtils.java:logGet(43)) - raft.server.log.purge.gap = 1000000 (custom)
2019-09-26 12:48:35,294 [pool-47-thread-1] INFO  server.RaftServerConfigKeys (ConfUtils.java:logGet(43)) - raft.server.log.appender.buffer.byte-limit = 33554432 (custom)
2019-09-26 12:48:35,294 [pool-47-thread-1] INFO  server.RaftServerConfigKeys (ConfUtils.java:logGet(43)) - raft.server.log.segment.size.max = 1048576 (custom)
2019-09-26 12:48:35,295 [pool-47-thread-1] INFO  server.RaftServerConfigKeys (ConfUtils.java:logGet(43)) - raft.server.log.segment.cache.num.max = 2 (custom)
2019-09-26 12:48:35,295 [pool-47-thread-1] INFO  segmented.SegmentedRaftLogWorker (SegmentedRaftLogWorker.java:<init>(172)) - new 6058261b-904a-43cb-870c-12000dee09bb@group-A22C8FA75807-SegmentedRaftLogWorker for RaftStorage:Storage Directory /workdir/hadoop-ozone/integration-test/target/test-dir/MiniOzoneClusterImpl-081de17b-1a38-412a-aff9-ce4303794a7e/datanode-2/data/ratis/776eb18a-e18a-4ef8-a2af-a22c8fa75807
2019-09-26 12:48:35,295 [pool-47-thread-1] INFO  server.RaftServerConfigKeys (ConfUtils.java:logGet(43)) - raft.server.log.queue.byte-limit = 2147483647 (custom)
2019-09-26 12:48:35,295 [pool-47-thread-1] INFO  server.RaftServerConfigKeys (ConfUtils.java:logGet(43)) - raft.server.log.queue.element-limit = 1024 (custom)
2019-09-26 12:48:35,296 [pool-47-thread-1] INFO  server.RaftServerConfigKeys (ConfUtils.java:logGet(43)) - raft.server.log.segment.size.max = 1048576 (custom)
2019-09-26 12:48:35,296 [pool-47-thread-1] INFO  server.RaftServerConfigKeys (ConfUtils.java:logGet(43)) - raft.server.log.preallocated.size = 16384 (custom)
2019-09-26 12:48:35,296 [pool-47-thread-1] INFO  server.RaftServerConfigKeys (ConfUtils.java:logGet(43)) - raft.server.log.write.buffer.size = 33554432 (custom)
2019-09-26 12:48:35,296 [pool-47-thread-1] INFO  server.RaftServerConfigKeys (ConfUtils.java:logGet(43)) - raft.server.log.force.sync.num = 128 (default)
2019-09-26 12:48:35,296 [pool-47-thread-1] INFO  server.RaftServerConfigKeys (ConfUtils.java:logGet(43)) - raft.server.log.statemachine.data.sync = true (default)
2019-09-26 12:48:35,297 [pool-47-thread-1] INFO  server.RaftServerConfigKeys (ConfUtils.java:logGet(43)) - raft.server.log.statemachine.data.sync.timeout = 10s (default)
2019-09-26 12:48:35,297 [pool-47-thread-1] INFO  server.RaftServerConfigKeys (ConfUtils.java:logGet(43)) - raft.server.log.statemachine.data.sync.timeout.retry = -1 (default)
2019-09-26 12:48:35,297 [pool-47-thread-1] INFO  server.RaftServerConfigKeys (ConfUtils.java:logGet(43)) - raft.server.log.statemachine.data.caching.enabled = true (custom)
2019-09-26 12:48:35,298 [pool-47-thread-1] INFO  segmented.SegmentedRaftLogWorker (SegmentedRaftLogWorker.java:lambda$new$0(132)) - 6058261b-904a-43cb-870c-12000dee09bb@group-A22C8FA75807-SegmentedRaftLogWorker: flushIndex: setUnconditionally 0 -> -1
2019-09-26 12:48:35,298 [pool-47-thread-1] INFO  server.RaftServerConfigKeys (ConfUtils.java:logGet(43)) - raft.server.snapshot.auto.trigger.enabled = true (custom)
2019-09-26 12:48:35,298 [pool-47-thread-1] INFO  server.RaftServerConfigKeys (ConfUtils.java:logGet(43)) - raft.server.snapshot.auto.trigger.threshold = 10000 (custom)
2019-09-26 12:48:35,299 [pool-47-thread-1] INFO  server.RaftServerConfigKeys (ConfUtils.java:logGet(43)) - raft.server.snapshot.retention.num.files = 5 (custom)
2019-09-26 12:48:35,299 [pool-47-thread-1] INFO  server.RaftServerConfigKeys (ConfUtils.java:logGet(43)) - raft.server.retrycache.expirytime = 600000ms (custom)
2019-09-26 12:48:35,304 [pool-47-thread-1] INFO  impl.RaftServerImpl (RaftServerImpl.java:start(185)) - 6058261b-904a-43cb-870c-12000dee09bb@group-A22C8FA75807: start as a follower, conf=-1: [6058261b-904a-43cb-870c-12000dee09bb:192.168.164.238:34662], old=null
2019-09-26 12:48:35,304 [pool-47-thread-1] INFO  impl.RaftServerImpl (RaftServerImpl.java:setRole(174)) - 6058261b-904a-43cb-870c-12000dee09bb@group-A22C8FA75807: changes role from      null to FOLLOWER at term 0 for startAsFollower
2019-09-26 12:48:35,305 [pool-47-thread-1] INFO  impl.RoleInfo (RoleInfo.java:updateAndGet(143)) - 6058261b-904a-43cb-870c-12000dee09bb: start FollowerState
2019-09-26 12:48:35,305 [pool-47-thread-1] INFO  util.JmxRegister (JmxRegister.java:tryRegister(44)) - Successfully registered JMX Bean with object name Ratis:service=RaftServer,group=group-A22C8FA75807,id=6058261b-904a-43cb-870c-12000dee09bb
2019-09-26 12:48:35,314 [RatisPipelineUtilsThread] INFO  pipeline.PipelineStateManager (PipelineStateManager.java:addPipeline(56)) - Created pipeline Pipeline[ Id: 776eb18a-e18a-4ef8-a2af-a22c8fa75807, Nodes: 6058261b-904a-43cb-870c-12000dee09bb{ip: 192.168.164.238, host: pr-hdds-1569-87zkn-1081879488, networkLocation: /default-rack, certSerialId: null}, Type:RATIS, Factor:ONE, State:OPEN]
2019-09-26 12:48:35,326 [grpc-default-executor-0] INFO  impl.RaftServerProxy (RaftServerProxy.java:addNew(89)) - 20e591b8-fc6c-46b8-8fe6-42f3b5d430cb: addNew group-1D3868A21B83:[20e591b8-fc6c-46b8-8fe6-42f3b5d430cb:192.168.164.238:44054] returns group-1D3868A21B83:java.util.concurrent.CompletableFuture@5f876398[Not completed]
2019-09-26 12:48:35,328 [pool-27-thread-1] INFO  impl.RaftServerImpl (RaftServerImpl.java:<init>(95)) - 20e591b8-fc6c-46b8-8fe6-42f3b5d430cb: new RaftServerImpl for group-1D3868A21B83:[20e591b8-fc6c-46b8-8fe6-42f3b5d430cb:192.168.164.238:44054] with ContainerStateMachine:uninitialized
2019-09-26 12:48:35,329 [pool-27-thread-1] INFO  server.RaftServerConfigKeys (ConfUtils.java:logGet(43)) - raft.server.rpc.timeout.min = 5s (custom)
2019-09-26 12:48:35,329 [pool-27-thread-1] INFO  server.RaftServerConfigKeys (ConfUtils.java:logGet(43)) - raft.server.rpc.timeout.max = 5200ms (custom)
2019-09-26 12:48:35,329 [pool-27-thread-1] INFO  server.RaftServerConfigKeys (ConfUtils.java:logGet(43)) - raft.server.rpcslowness.timeout = 120s (custom)
2019-09-26 12:48:35,329 [pool-27-thread-1] INFO  server.RaftServerConfigKeys (ConfUtils.java:logGet(43)) - raft.server.sleep.deviation.threshold = 300 (default)
2019-09-26 12:48:35,329 [pool-27-thread-1] INFO  server.RaftServerConfigKeys (ConfUtils.java:logGet(43)) - raft.server.log.appender.install.snapshot.enabled = false (custom)
2019-09-26 12:48:35,330 [pool-27-thread-1] INFO  impl.RaftServerImpl (ServerState.java:<init>(103)) - 20e591b8-fc6c-46b8-8fe6-42f3b5d430cb@group-1D3868A21B83: ConfigurationManager, init=-1: [20e591b8-fc6c-46b8-8fe6-42f3b5d430cb:192.168.164.238:44054], old=null, confs=<EMPTY_MAP>
2019-09-26 12:48:35,330 [pool-27-thread-1] INFO  server.RaftServerConfigKeys (ConfUtils.java:logGet(43)) - raft.server.storage.dir = [/workdir/hadoop-ozone/integration-test/target/test-dir/MiniOzoneClusterImpl-081de17b-1a38-412a-aff9-ce4303794a7e/datanode-0/data/ratis] (custom)
2019-09-26 12:48:35,331 [pool-27-thread-1] INFO  storage.RaftStorageDirectory (RaftStorageDirectory.java:analyzeStorage(246)) - The storage directory /workdir/hadoop-ozone/integration-test/target/test-dir/MiniOzoneClusterImpl-081de17b-1a38-412a-aff9-ce4303794a7e/datanode-0/data/ratis/597cad54-891c-4239-bf69-1d3868a21b83 does not exist. Creating ...
2019-09-26 12:48:35,343 [pool-27-thread-1] INFO  storage.RaftStorageDirectory (RaftStorageDirectory.java:tryLock(328)) - Lock on /workdir/hadoop-ozone/integration-test/target/test-dir/MiniOzoneClusterImpl-081de17b-1a38-412a-aff9-ce4303794a7e/datanode-0/data/ratis/597cad54-891c-4239-bf69-1d3868a21b83/in_use.lock acquired by nodename 6225@pr-hdds-1569-87zkn-1081879488
2019-09-26 12:48:35,357 [pool-27-thread-1] INFO  storage.RaftStorage (RaftStorage.java:format(72)) - Storage directory /workdir/hadoop-ozone/integration-test/target/test-dir/MiniOzoneClusterImpl-081de17b-1a38-412a-aff9-ce4303794a7e/datanode-0/data/ratis/597cad54-891c-4239-bf69-1d3868a21b83 has been successfully formatted.
2019-09-26 12:48:35,357 [pool-27-thread-1] INFO  ratis.ContainerStateMachine (ContainerStateMachine.java:loadSnapshot(230)) - group-1D3868A21B83: The snapshot info is null. Setting the last applied indexto:(t:0, i:~)
2019-09-26 12:48:35,357 [pool-27-thread-1] INFO  server.RaftServerConfigKeys (ConfUtils.java:logGet(43)) - raft.server.notification.no-leader.timeout = 120s (custom)
2019-09-26 12:48:35,358 [pool-27-thread-1] INFO  server.RaftServerConfigKeys (ConfUtils.java:logGet(43)) - raft.server.log.use.memory = false (default)
2019-09-26 12:48:35,358 [pool-27-thread-1] INFO  server.RaftServerConfigKeys (ConfUtils.java:logGet(43)) - raft.server.log.purge.gap = 1000000 (custom)
2019-09-26 12:48:35,358 [pool-27-thread-1] INFO  server.RaftServerConfigKeys (ConfUtils.java:logGet(43)) - raft.server.log.appender.buffer.byte-limit = 33554432 (custom)
2019-09-26 12:48:35,358 [pool-27-thread-1] INFO  server.RaftServerConfigKeys (ConfUtils.java:logGet(43)) - raft.server.log.segment.size.max = 1048576 (custom)
2019-09-26 12:48:35,358 [pool-27-thread-1] INFO  server.RaftServerConfigKeys (ConfUtils.java:logGet(43)) - raft.server.log.segment.cache.num.max = 2 (custom)
2019-09-26 12:48:35,359 [pool-27-thread-1] INFO  segmented.SegmentedRaftLogWorker (SegmentedRaftLogWorker.java:<init>(172)) - new 20e591b8-fc6c-46b8-8fe6-42f3b5d430cb@group-1D3868A21B83-SegmentedRaftLogWorker for RaftStorage:Storage Directory /workdir/hadoop-ozone/integration-test/target/test-dir/MiniOzoneClusterImpl-081de17b-1a38-412a-aff9-ce4303794a7e/datanode-0/data/ratis/597cad54-891c-4239-bf69-1d3868a21b83
2019-09-26 12:48:35,359 [pool-27-thread-1] INFO  server.RaftServerConfigKeys (ConfUtils.java:logGet(43)) - raft.server.log.queue.byte-limit = 2147483647 (custom)
2019-09-26 12:48:35,359 [pool-27-thread-1] INFO  server.RaftServerConfigKeys (ConfUtils.java:logGet(43)) - raft.server.log.queue.element-limit = 1024 (custom)
2019-09-26 12:48:35,359 [pool-27-thread-1] INFO  server.RaftServerConfigKeys (ConfUtils.java:logGet(43)) - raft.server.log.segment.size.max = 1048576 (custom)
2019-09-26 12:48:35,360 [pool-27-thread-1] INFO  server.RaftServerConfigKeys (ConfUtils.java:logGet(43)) - raft.server.log.preallocated.size = 16384 (custom)
2019-09-26 12:48:35,360 [pool-27-thread-1] INFO  server.RaftServerConfigKeys (ConfUtils.java:logGet(43)) - raft.server.log.write.buffer.size = 33554432 (custom)
2019-09-26 12:48:35,360 [pool-27-thread-1] INFO  server.RaftServerConfigKeys (ConfUtils.java:logGet(43)) - raft.server.log.force.sync.num = 128 (default)
2019-09-26 12:48:35,360 [pool-27-thread-1] INFO  server.RaftServerConfigKeys (ConfUtils.java:logGet(43)) - raft.server.log.statemachine.data.sync = true (default)
2019-09-26 12:48:35,360 [pool-27-thread-1] INFO  server.RaftServerConfigKeys (ConfUtils.java:logGet(43)) - raft.server.log.statemachine.data.sync.timeout = 10s (default)
2019-09-26 12:48:35,361 [pool-27-thread-1] INFO  server.RaftServerConfigKeys (ConfUtils.java:logGet(43)) - raft.server.log.statemachine.data.sync.timeout.retry = -1 (default)
2019-09-26 12:48:35,361 [pool-27-thread-1] INFO  server.RaftServerConfigKeys (ConfUtils.java:logGet(43)) - raft.server.log.statemachine.data.caching.enabled = true (custom)
2019-09-26 12:48:35,361 [pool-27-thread-1] INFO  segmented.SegmentedRaftLogWorker (SegmentedRaftLogWorker.java:lambda$new$0(132)) - 20e591b8-fc6c-46b8-8fe6-42f3b5d430cb@group-1D3868A21B83-SegmentedRaftLogWorker: flushIndex: setUnconditionally 0 -> -1
2019-09-26 12:48:35,363 [pool-27-thread-1] INFO  server.RaftServerConfigKeys (ConfUtils.java:logGet(43)) - raft.server.snapshot.auto.trigger.enabled = true (custom)
2019-09-26 12:48:35,363 [pool-27-thread-1] INFO  server.RaftServerConfigKeys (ConfUtils.java:logGet(43)) - raft.server.snapshot.auto.trigger.threshold = 10000 (custom)
2019-09-26 12:48:35,364 [pool-27-thread-1] INFO  server.RaftServerConfigKeys (ConfUtils.java:logGet(43)) - raft.server.snapshot.retention.num.files = 5 (custom)
2019-09-26 12:48:35,364 [pool-27-thread-1] INFO  server.RaftServerConfigKeys (ConfUtils.java:logGet(43)) - raft.server.retrycache.expirytime = 600000ms (custom)
2019-09-26 12:48:35,368 [pool-27-thread-1] INFO  impl.RaftServerImpl (RaftServerImpl.java:start(185)) - 20e591b8-fc6c-46b8-8fe6-42f3b5d430cb@group-1D3868A21B83: start as a follower, conf=-1: [20e591b8-fc6c-46b8-8fe6-42f3b5d430cb:192.168.164.238:44054], old=null
2019-09-26 12:48:35,368 [pool-27-thread-1] INFO  impl.RaftServerImpl (RaftServerImpl.java:setRole(174)) - 20e591b8-fc6c-46b8-8fe6-42f3b5d430cb@group-1D3868A21B83: changes role from      null to FOLLOWER at term 0 for startAsFollower
2019-09-26 12:48:35,368 [pool-27-thread-1] INFO  impl.RoleInfo (RoleInfo.java:updateAndGet(143)) - 20e591b8-fc6c-46b8-8fe6-42f3b5d430cb: start FollowerState
2019-09-26 12:48:35,369 [pool-27-thread-1] INFO  util.JmxRegister (JmxRegister.java:tryRegister(44)) - Successfully registered JMX Bean with object name Ratis:service=RaftServer,group=group-1D3868A21B83,id=20e591b8-fc6c-46b8-8fe6-42f3b5d430cb
2019-09-26 12:48:35,377 [RatisPipelineUtilsThread] INFO  pipeline.PipelineStateManager (PipelineStateManager.java:addPipeline(56)) - Created pipeline Pipeline[ Id: 597cad54-891c-4239-bf69-1d3868a21b83, Nodes: 20e591b8-fc6c-46b8-8fe6-42f3b5d430cb{ip: 192.168.164.238, host: pr-hdds-1569-87zkn-1081879488, networkLocation: /default-rack, certSerialId: null}, Type:RATIS, Factor:ONE, State:OPEN]
2019-09-26 12:48:35,391 [grpc-default-executor-0] INFO  impl.RaftServerProxy (RaftServerProxy.java:addNew(89)) - 820851e1-bdcd-45a0-8164-1185e4eb16e4: addNew group-92122131105B:[820851e1-bdcd-45a0-8164-1185e4eb16e4:192.168.164.238:44266] returns group-92122131105B:java.util.concurrent.CompletableFuture@18ccea9b[Not completed]
2019-09-26 12:48:35,393 [pool-37-thread-1] INFO  impl.RaftServerImpl (RaftServerImpl.java:<init>(95)) - 820851e1-bdcd-45a0-8164-1185e4eb16e4: new RaftServerImpl for group-92122131105B:[820851e1-bdcd-45a0-8164-1185e4eb16e4:192.168.164.238:44266] with ContainerStateMachine:uninitialized
2019-09-26 12:48:35,393 [pool-37-thread-1] INFO  server.RaftServerConfigKeys (ConfUtils.java:logGet(43)) - raft.server.rpc.timeout.min = 5s (custom)
2019-09-26 12:48:35,393 [pool-37-thread-1] INFO  server.RaftServerConfigKeys (ConfUtils.java:logGet(43)) - raft.server.rpc.timeout.max = 5200ms (custom)
2019-09-26 12:48:35,394 [pool-37-thread-1] INFO  server.RaftServerConfigKeys (ConfUtils.java:logGet(43)) - raft.server.rpcslowness.timeout = 120s (custom)
2019-09-26 12:48:35,394 [pool-37-thread-1] INFO  server.RaftServerConfigKeys (ConfUtils.java:logGet(43)) - raft.server.sleep.deviation.threshold = 300 (default)
2019-09-26 12:48:35,394 [pool-37-thread-1] INFO  server.RaftServerConfigKeys (ConfUtils.java:logGet(43)) - raft.server.log.appender.install.snapshot.enabled = false (custom)
2019-09-26 12:48:35,394 [pool-37-thread-1] INFO  impl.RaftServerImpl (ServerState.java:<init>(103)) - 820851e1-bdcd-45a0-8164-1185e4eb16e4@group-92122131105B: ConfigurationManager, init=-1: [820851e1-bdcd-45a0-8164-1185e4eb16e4:192.168.164.238:44266], old=null, confs=<EMPTY_MAP>
2019-09-26 12:48:35,394 [pool-37-thread-1] INFO  server.RaftServerConfigKeys (ConfUtils.java:logGet(43)) - raft.server.storage.dir = [/workdir/hadoop-ozone/integration-test/target/test-dir/MiniOzoneClusterImpl-081de17b-1a38-412a-aff9-ce4303794a7e/datanode-1/data/ratis] (custom)
2019-09-26 12:48:35,395 [pool-37-thread-1] INFO  storage.RaftStorageDirectory (RaftStorageDirectory.java:analyzeStorage(246)) - The storage directory /workdir/hadoop-ozone/integration-test/target/test-dir/MiniOzoneClusterImpl-081de17b-1a38-412a-aff9-ce4303794a7e/datanode-1/data/ratis/4333c5f5-e327-4cdc-a229-92122131105b does not exist. Creating ...
2019-09-26 12:48:35,408 [pool-37-thread-1] INFO  storage.RaftStorageDirectory (RaftStorageDirectory.java:tryLock(328)) - Lock on /workdir/hadoop-ozone/integration-test/target/test-dir/MiniOzoneClusterImpl-081de17b-1a38-412a-aff9-ce4303794a7e/datanode-1/data/ratis/4333c5f5-e327-4cdc-a229-92122131105b/in_use.lock acquired by nodename 6225@pr-hdds-1569-87zkn-1081879488
2019-09-26 12:48:35,421 [pool-37-thread-1] INFO  storage.RaftStorage (RaftStorage.java:format(72)) - Storage directory /workdir/hadoop-ozone/integration-test/target/test-dir/MiniOzoneClusterImpl-081de17b-1a38-412a-aff9-ce4303794a7e/datanode-1/data/ratis/4333c5f5-e327-4cdc-a229-92122131105b has been successfully formatted.
2019-09-26 12:48:35,421 [pool-37-thread-1] INFO  ratis.ContainerStateMachine (ContainerStateMachine.java:loadSnapshot(230)) - group-92122131105B: The snapshot info is null. Setting the last applied indexto:(t:0, i:~)
2019-09-26 12:48:35,421 [pool-37-thread-1] INFO  server.RaftServerConfigKeys (ConfUtils.java:logGet(43)) - raft.server.notification.no-leader.timeout = 120s (custom)
2019-09-26 12:48:35,422 [pool-37-thread-1] INFO  server.RaftServerConfigKeys (ConfUtils.java:logGet(43)) - raft.server.log.use.memory = false (default)
2019-09-26 12:48:35,422 [pool-37-thread-1] INFO  server.RaftServerConfigKeys (ConfUtils.java:logGet(43)) - raft.server.log.purge.gap = 1000000 (custom)
2019-09-26 12:48:35,422 [pool-37-thread-1] INFO  server.RaftServerConfigKeys (ConfUtils.java:logGet(43)) - raft.server.log.appender.buffer.byte-limit = 33554432 (custom)
2019-09-26 12:48:35,422 [pool-37-thread-1] INFO  server.RaftServerConfigKeys (ConfUtils.java:logGet(43)) - raft.server.log.segment.size.max = 1048576 (custom)
2019-09-26 12:48:35,422 [pool-37-thread-1] INFO  server.RaftServerConfigKeys (ConfUtils.java:logGet(43)) - raft.server.log.segment.cache.num.max = 2 (custom)
2019-09-26 12:48:35,423 [pool-37-thread-1] INFO  segmented.SegmentedRaftLogWorker (SegmentedRaftLogWorker.java:<init>(172)) - new 820851e1-bdcd-45a0-8164-1185e4eb16e4@group-92122131105B-SegmentedRaftLogWorker for RaftStorage:Storage Directory /workdir/hadoop-ozone/integration-test/target/test-dir/MiniOzoneClusterImpl-081de17b-1a38-412a-aff9-ce4303794a7e/datanode-1/data/ratis/4333c5f5-e327-4cdc-a229-92122131105b
2019-09-26 12:48:35,423 [pool-37-thread-1] INFO  server.RaftServerConfigKeys (ConfUtils.java:logGet(43)) - raft.server.log.queue.byte-limit = 2147483647 (custom)
2019-09-26 12:48:35,424 [pool-37-thread-1] INFO  server.RaftServerConfigKeys (ConfUtils.java:logGet(43)) - raft.server.log.queue.element-limit = 1024 (custom)
2019-09-26 12:48:35,425 [pool-37-thread-1] INFO  server.RaftServerConfigKeys (ConfUtils.java:logGet(43)) - raft.server.log.segment.size.max = 1048576 (custom)
2019-09-26 12:48:35,425 [pool-37-thread-1] INFO  server.RaftServerConfigKeys (ConfUtils.java:logGet(43)) - raft.server.log.preallocated.size = 16384 (custom)
2019-09-26 12:48:35,425 [pool-37-thread-1] INFO  server.RaftServerConfigKeys (ConfUtils.java:logGet(43)) - raft.server.log.write.buffer.size = 33554432 (custom)
2019-09-26 12:48:35,425 [pool-37-thread-1] INFO  server.RaftServerConfigKeys (ConfUtils.java:logGet(43)) - raft.server.log.force.sync.num = 128 (default)
2019-09-26 12:48:35,425 [pool-37-thread-1] INFO  server.RaftServerConfigKeys (ConfUtils.java:logGet(43)) - raft.server.log.statemachine.data.sync = true (default)
2019-09-26 12:48:35,426 [pool-37-thread-1] INFO  server.RaftServerConfigKeys (ConfUtils.java:logGet(43)) - raft.server.log.statemachine.data.sync.timeout = 10s (default)
2019-09-26 12:48:35,426 [pool-37-thread-1] INFO  server.RaftServerConfigKeys (ConfUtils.java:logGet(43)) - raft.server.log.statemachine.data.sync.timeout.retry = -1 (default)
2019-09-26 12:48:35,426 [pool-37-thread-1] INFO  server.RaftServerConfigKeys (ConfUtils.java:logGet(43)) - raft.server.log.statemachine.data.caching.enabled = true (custom)
2019-09-26 12:48:35,426 [pool-37-thread-1] INFO  segmented.SegmentedRaftLogWorker (SegmentedRaftLogWorker.java:lambda$new$0(132)) - 820851e1-bdcd-45a0-8164-1185e4eb16e4@group-92122131105B-SegmentedRaftLogWorker: flushIndex: setUnconditionally 0 -> -1
2019-09-26 12:48:35,427 [pool-37-thread-1] INFO  server.RaftServerConfigKeys (ConfUtils.java:logGet(43)) - raft.server.snapshot.auto.trigger.enabled = true (custom)
2019-09-26 12:48:35,427 [pool-37-thread-1] INFO  server.RaftServerConfigKeys (ConfUtils.java:logGet(43)) - raft.server.snapshot.auto.trigger.threshold = 10000 (custom)
2019-09-26 12:48:35,427 [pool-37-thread-1] INFO  server.RaftServerConfigKeys (ConfUtils.java:logGet(43)) - raft.server.snapshot.retention.num.files = 5 (custom)
2019-09-26 12:48:35,428 [pool-37-thread-1] INFO  server.RaftServerConfigKeys (ConfUtils.java:logGet(43)) - raft.server.retrycache.expirytime = 600000ms (custom)
2019-09-26 12:48:35,432 [pool-37-thread-1] INFO  impl.RaftServerImpl (RaftServerImpl.java:start(185)) - 820851e1-bdcd-45a0-8164-1185e4eb16e4@group-92122131105B: start as a follower, conf=-1: [820851e1-bdcd-45a0-8164-1185e4eb16e4:192.168.164.238:44266], old=null
2019-09-26 12:48:35,433 [pool-37-thread-1] INFO  impl.RaftServerImpl (RaftServerImpl.java:setRole(174)) - 820851e1-bdcd-45a0-8164-1185e4eb16e4@group-92122131105B: changes role from      null to FOLLOWER at term 0 for startAsFollower
2019-09-26 12:48:35,433 [pool-37-thread-1] INFO  impl.RoleInfo (RoleInfo.java:updateAndGet(143)) - 820851e1-bdcd-45a0-8164-1185e4eb16e4: start FollowerState
2019-09-26 12:48:35,433 [pool-37-thread-1] INFO  util.JmxRegister (JmxRegister.java:tryRegister(44)) - Successfully registered JMX Bean with object name Ratis:service=RaftServer,group=group-92122131105B,id=820851e1-bdcd-45a0-8164-1185e4eb16e4
2019-09-26 12:48:35,442 [RatisPipelineUtilsThread] INFO  pipeline.PipelineStateManager (PipelineStateManager.java:addPipeline(56)) - Created pipeline Pipeline[ Id: 4333c5f5-e327-4cdc-a229-92122131105b, Nodes: 820851e1-bdcd-45a0-8164-1185e4eb16e4{ip: 192.168.164.238, host: pr-hdds-1569-87zkn-1081879488, networkLocation: /default-rack, certSerialId: null}, Type:RATIS, Factor:ONE, State:OPEN]
2019-09-26 12:48:35,455 [grpc-default-executor-0] INFO  impl.RaftServerProxy (RaftServerProxy.java:addNew(89)) - 6058261b-904a-43cb-870c-12000dee09bb: addNew group-F951924F8B28:[6058261b-904a-43cb-870c-12000dee09bb:192.168.164.238:34662] returns group-F951924F8B28:java.util.concurrent.CompletableFuture@37138d45[Not completed]
2019-09-26 12:48:35,457 [pool-47-thread-1] INFO  impl.RaftServerImpl (RaftServerImpl.java:<init>(95)) - 6058261b-904a-43cb-870c-12000dee09bb: new RaftServerImpl for group-F951924F8B28:[6058261b-904a-43cb-870c-12000dee09bb:192.168.164.238:34662] with ContainerStateMachine:uninitialized
2019-09-26 12:48:35,458 [pool-47-thread-1] INFO  server.RaftServerConfigKeys (ConfUtils.java:logGet(43)) - raft.server.rpc.timeout.min = 5s (custom)
2019-09-26 12:48:35,458 [pool-47-thread-1] INFO  server.RaftServerConfigKeys (ConfUtils.java:logGet(43)) - raft.server.rpc.timeout.max = 5200ms (custom)
2019-09-26 12:48:35,458 [pool-47-thread-1] INFO  server.RaftServerConfigKeys (ConfUtils.java:logGet(43)) - raft.server.rpcslowness.timeout = 120s (custom)
2019-09-26 12:48:35,458 [pool-47-thread-1] INFO  server.RaftServerConfigKeys (ConfUtils.java:logGet(43)) - raft.server.sleep.deviation.threshold = 300 (default)
2019-09-26 12:48:35,459 [pool-47-thread-1] INFO  server.RaftServerConfigKeys (ConfUtils.java:logGet(43)) - raft.server.log.appender.install.snapshot.enabled = false (custom)
2019-09-26 12:48:35,459 [pool-47-thread-1] INFO  impl.RaftServerImpl (ServerState.java:<init>(103)) - 6058261b-904a-43cb-870c-12000dee09bb@group-F951924F8B28: ConfigurationManager, init=-1: [6058261b-904a-43cb-870c-12000dee09bb:192.168.164.238:34662], old=null, confs=<EMPTY_MAP>
2019-09-26 12:48:35,459 [pool-47-thread-1] INFO  server.RaftServerConfigKeys (ConfUtils.java:logGet(43)) - raft.server.storage.dir = [/workdir/hadoop-ozone/integration-test/target/test-dir/MiniOzoneClusterImpl-081de17b-1a38-412a-aff9-ce4303794a7e/datanode-2/data/ratis] (custom)
2019-09-26 12:48:35,460 [pool-47-thread-1] INFO  storage.RaftStorageDirectory (RaftStorageDirectory.java:analyzeStorage(246)) - The storage directory /workdir/hadoop-ozone/integration-test/target/test-dir/MiniOzoneClusterImpl-081de17b-1a38-412a-aff9-ce4303794a7e/datanode-2/data/ratis/17c729a2-a392-48d9-a4ef-f951924f8b28 does not exist. Creating ...
2019-09-26 12:48:35,472 [pool-47-thread-1] INFO  storage.RaftStorageDirectory (RaftStorageDirectory.java:tryLock(328)) - Lock on /workdir/hadoop-ozone/integration-test/target/test-dir/MiniOzoneClusterImpl-081de17b-1a38-412a-aff9-ce4303794a7e/datanode-2/data/ratis/17c729a2-a392-48d9-a4ef-f951924f8b28/in_use.lock acquired by nodename 6225@pr-hdds-1569-87zkn-1081879488
2019-09-26 12:48:35,486 [pool-47-thread-1] INFO  storage.RaftStorage (RaftStorage.java:format(72)) - Storage directory /workdir/hadoop-ozone/integration-test/target/test-dir/MiniOzoneClusterImpl-081de17b-1a38-412a-aff9-ce4303794a7e/datanode-2/data/ratis/17c729a2-a392-48d9-a4ef-f951924f8b28 has been successfully formatted.
2019-09-26 12:48:35,486 [pool-47-thread-1] INFO  ratis.ContainerStateMachine (ContainerStateMachine.java:loadSnapshot(230)) - group-F951924F8B28: The snapshot info is null. Setting the last applied indexto:(t:0, i:~)
2019-09-26 12:48:35,486 [pool-47-thread-1] INFO  server.RaftServerConfigKeys (ConfUtils.java:logGet(43)) - raft.server.notification.no-leader.timeout = 120s (custom)
2019-09-26 12:48:35,487 [pool-47-thread-1] INFO  server.RaftServerConfigKeys (ConfUtils.java:logGet(43)) - raft.server.log.use.memory = false (default)
2019-09-26 12:48:35,487 [pool-47-thread-1] INFO  server.RaftServerConfigKeys (ConfUtils.java:logGet(43)) - raft.server.log.purge.gap = 1000000 (custom)
2019-09-26 12:48:35,487 [pool-47-thread-1] INFO  server.RaftServerConfigKeys (ConfUtils.java:logGet(43)) - raft.server.log.appender.buffer.byte-limit = 33554432 (custom)
2019-09-26 12:48:35,487 [pool-47-thread-1] INFO  server.RaftServerConfigKeys (ConfUtils.java:logGet(43)) - raft.server.log.segment.size.max = 1048576 (custom)
2019-09-26 12:48:35,487 [pool-47-thread-1] INFO  server.RaftServerConfigKeys (ConfUtils.java:logGet(43)) - raft.server.log.segment.cache.num.max = 2 (custom)
2019-09-26 12:48:35,488 [pool-47-thread-1] INFO  segmented.SegmentedRaftLogWorker (SegmentedRaftLogWorker.java:<init>(172)) - new 6058261b-904a-43cb-870c-12000dee09bb@group-F951924F8B28-SegmentedRaftLogWorker for RaftStorage:Storage Directory /workdir/hadoop-ozone/integration-test/target/test-dir/MiniOzoneClusterImpl-081de17b-1a38-412a-aff9-ce4303794a7e/datanode-2/data/ratis/17c729a2-a392-48d9-a4ef-f951924f8b28
2019-09-26 12:48:35,488 [pool-47-thread-1] INFO  server.RaftServerConfigKeys (ConfUtils.java:logGet(43)) - raft.server.log.queue.byte-limit = 2147483647 (custom)
2019-09-26 12:48:35,488 [pool-47-thread-1] INFO  server.RaftServerConfigKeys (ConfUtils.java:logGet(43)) - raft.server.log.queue.element-limit = 1024 (custom)
2019-09-26 12:48:35,488 [pool-47-thread-1] INFO  server.RaftServerConfigKeys (ConfUtils.java:logGet(43)) - raft.server.log.segment.size.max = 1048576 (custom)
2019-09-26 12:48:35,488 [pool-47-thread-1] INFO  server.RaftServerConfigKeys (ConfUtils.java:logGet(43)) - raft.server.log.preallocated.size = 16384 (custom)
2019-09-26 12:48:35,489 [pool-47-thread-1] INFO  server.RaftServerConfigKeys (ConfUtils.java:logGet(43)) - raft.server.log.write.buffer.size = 33554432 (custom)
2019-09-26 12:48:35,489 [pool-47-thread-1] INFO  server.RaftServerConfigKeys (ConfUtils.java:logGet(43)) - raft.server.log.force.sync.num = 128 (default)
2019-09-26 12:48:35,489 [pool-47-thread-1] INFO  server.RaftServerConfigKeys (ConfUtils.java:logGet(43)) - raft.server.log.statemachine.data.sync = true (default)
2019-09-26 12:48:35,489 [pool-47-thread-1] INFO  server.RaftServerConfigKeys (ConfUtils.java:logGet(43)) - raft.server.log.statemachine.data.sync.timeout = 10s (default)
2019-09-26 12:48:35,489 [pool-47-thread-1] INFO  server.RaftServerConfigKeys (ConfUtils.java:logGet(43)) - raft.server.log.statemachine.data.sync.timeout.retry = -1 (default)
2019-09-26 12:48:35,490 [pool-47-thread-1] INFO  server.RaftServerConfigKeys (ConfUtils.java:logGet(43)) - raft.server.log.statemachine.data.caching.enabled = true (custom)
2019-09-26 12:48:35,490 [pool-47-thread-1] INFO  segmented.SegmentedRaftLogWorker (SegmentedRaftLogWorker.java:lambda$new$0(132)) - 6058261b-904a-43cb-870c-12000dee09bb@group-F951924F8B28-SegmentedRaftLogWorker: flushIndex: setUnconditionally 0 -> -1
2019-09-26 12:48:35,491 [pool-47-thread-1] INFO  server.RaftServerConfigKeys (ConfUtils.java:logGet(43)) - raft.server.snapshot.auto.trigger.enabled = true (custom)
2019-09-26 12:48:35,491 [pool-47-thread-1] INFO  server.RaftServerConfigKeys (ConfUtils.java:logGet(43)) - raft.server.snapshot.auto.trigger.threshold = 10000 (custom)
2019-09-26 12:48:35,491 [pool-47-thread-1] INFO  server.RaftServerConfigKeys (ConfUtils.java:logGet(43)) - raft.server.snapshot.retention.num.files = 5 (custom)
2019-09-26 12:48:35,491 [pool-47-thread-1] INFO  server.RaftServerConfigKeys (ConfUtils.java:logGet(43)) - raft.server.retrycache.expirytime = 600000ms (custom)
2019-09-26 12:48:35,495 [pool-47-thread-1] INFO  impl.RaftServerImpl (RaftServerImpl.java:start(185)) - 6058261b-904a-43cb-870c-12000dee09bb@group-F951924F8B28: start as a follower, conf=-1: [6058261b-904a-43cb-870c-12000dee09bb:192.168.164.238:34662], old=null
2019-09-26 12:48:35,495 [pool-47-thread-1] INFO  impl.RaftServerImpl (RaftServerImpl.java:setRole(174)) - 6058261b-904a-43cb-870c-12000dee09bb@group-F951924F8B28: changes role from      null to FOLLOWER at term 0 for startAsFollower
2019-09-26 12:48:35,496 [pool-47-thread-1] INFO  impl.RoleInfo (RoleInfo.java:updateAndGet(143)) - 6058261b-904a-43cb-870c-12000dee09bb: start FollowerState
2019-09-26 12:48:35,496 [pool-47-thread-1] INFO  util.JmxRegister (JmxRegister.java:tryRegister(44)) - Successfully registered JMX Bean with object name Ratis:service=RaftServer,group=group-F951924F8B28,id=6058261b-904a-43cb-870c-12000dee09bb
2019-09-26 12:48:35,506 [RatisPipelineUtilsThread] INFO  pipeline.PipelineStateManager (PipelineStateManager.java:addPipeline(56)) - Created pipeline Pipeline[ Id: 17c729a2-a392-48d9-a4ef-f951924f8b28, Nodes: 6058261b-904a-43cb-870c-12000dee09bb{ip: 192.168.164.238, host: pr-hdds-1569-87zkn-1081879488, networkLocation: /default-rack, certSerialId: null}, Type:RATIS, Factor:ONE, State:OPEN]
2019-09-26 12:48:35,522 [grpc-default-executor-1] INFO  impl.RaftServerProxy (RaftServerProxy.java:addNew(89)) - 20e591b8-fc6c-46b8-8fe6-42f3b5d430cb: addNew group-1A50772A6619:[20e591b8-fc6c-46b8-8fe6-42f3b5d430cb:192.168.164.238:44054] returns group-1A50772A6619:java.util.concurrent.CompletableFuture@61921396[Not completed]
2019-09-26 12:48:35,524 [pool-27-thread-1] INFO  impl.RaftServerImpl (RaftServerImpl.java:<init>(95)) - 20e591b8-fc6c-46b8-8fe6-42f3b5d430cb: new RaftServerImpl for group-1A50772A6619:[20e591b8-fc6c-46b8-8fe6-42f3b5d430cb:192.168.164.238:44054] with ContainerStateMachine:uninitialized
2019-09-26 12:48:35,524 [pool-27-thread-1] INFO  server.RaftServerConfigKeys (ConfUtils.java:logGet(43)) - raft.server.rpc.timeout.min = 5s (custom)
2019-09-26 12:48:35,525 [pool-27-thread-1] INFO  server.RaftServerConfigKeys (ConfUtils.java:logGet(43)) - raft.server.rpc.timeout.max = 5200ms (custom)
2019-09-26 12:48:35,525 [pool-27-thread-1] INFO  server.RaftServerConfigKeys (ConfUtils.java:logGet(43)) - raft.server.rpcslowness.timeout = 120s (custom)
2019-09-26 12:48:35,525 [pool-27-thread-1] INFO  server.RaftServerConfigKeys (ConfUtils.java:logGet(43)) - raft.server.sleep.deviation.threshold = 300 (default)
2019-09-26 12:48:35,525 [pool-27-thread-1] INFO  server.RaftServerConfigKeys (ConfUtils.java:logGet(43)) - raft.server.log.appender.install.snapshot.enabled = false (custom)
2019-09-26 12:48:35,525 [pool-27-thread-1] INFO  impl.RaftServerImpl (ServerState.java:<init>(103)) - 20e591b8-fc6c-46b8-8fe6-42f3b5d430cb@group-1A50772A6619: ConfigurationManager, init=-1: [20e591b8-fc6c-46b8-8fe6-42f3b5d430cb:192.168.164.238:44054], old=null, confs=<EMPTY_MAP>
2019-09-26 12:48:35,526 [pool-27-thread-1] INFO  server.RaftServerConfigKeys (ConfUtils.java:logGet(43)) - raft.server.storage.dir = [/workdir/hadoop-ozone/integration-test/target/test-dir/MiniOzoneClusterImpl-081de17b-1a38-412a-aff9-ce4303794a7e/datanode-0/data/ratis] (custom)
2019-09-26 12:48:35,526 [pool-27-thread-1] INFO  storage.RaftStorageDirectory (RaftStorageDirectory.java:analyzeStorage(246)) - The storage directory /workdir/hadoop-ozone/integration-test/target/test-dir/MiniOzoneClusterImpl-081de17b-1a38-412a-aff9-ce4303794a7e/datanode-0/data/ratis/8c946da0-333d-42e4-8865-1a50772a6619 does not exist. Creating ...
2019-09-26 12:48:35,539 [pool-27-thread-1] INFO  storage.RaftStorageDirectory (RaftStorageDirectory.java:tryLock(328)) - Lock on /workdir/hadoop-ozone/integration-test/target/test-dir/MiniOzoneClusterImpl-081de17b-1a38-412a-aff9-ce4303794a7e/datanode-0/data/ratis/8c946da0-333d-42e4-8865-1a50772a6619/in_use.lock acquired by nodename 6225@pr-hdds-1569-87zkn-1081879488
2019-09-26 12:48:35,570 [pool-27-thread-1] INFO  storage.RaftStorage (RaftStorage.java:format(72)) - Storage directory /workdir/hadoop-ozone/integration-test/target/test-dir/MiniOzoneClusterImpl-081de17b-1a38-412a-aff9-ce4303794a7e/datanode-0/data/ratis/8c946da0-333d-42e4-8865-1a50772a6619 has been successfully formatted.
2019-09-26 12:48:35,571 [pool-27-thread-1] INFO  ratis.ContainerStateMachine (ContainerStateMachine.java:loadSnapshot(230)) - group-1A50772A6619: The snapshot info is null. Setting the last applied indexto:(t:0, i:~)
2019-09-26 12:48:35,571 [pool-27-thread-1] INFO  server.RaftServerConfigKeys (ConfUtils.java:logGet(43)) - raft.server.notification.no-leader.timeout = 120s (custom)
2019-09-26 12:48:35,571 [pool-27-thread-1] INFO  server.RaftServerConfigKeys (ConfUtils.java:logGet(43)) - raft.server.log.use.memory = false (default)
2019-09-26 12:48:35,571 [pool-27-thread-1] INFO  server.RaftServerConfigKeys (ConfUtils.java:logGet(43)) - raft.server.log.purge.gap = 1000000 (custom)
2019-09-26 12:48:35,572 [pool-27-thread-1] INFO  server.RaftServerConfigKeys (ConfUtils.java:logGet(43)) - raft.server.log.appender.buffer.byte-limit = 33554432 (custom)
2019-09-26 12:48:35,572 [pool-27-thread-1] INFO  server.RaftServerConfigKeys (ConfUtils.java:logGet(43)) - raft.server.log.segment.size.max = 1048576 (custom)
2019-09-26 12:48:35,572 [pool-27-thread-1] INFO  server.RaftServerConfigKeys (ConfUtils.java:logGet(43)) - raft.server.log.segment.cache.num.max = 2 (custom)
2019-09-26 12:48:35,572 [pool-27-thread-1] INFO  segmented.SegmentedRaftLogWorker (SegmentedRaftLogWorker.java:<init>(172)) - new 20e591b8-fc6c-46b8-8fe6-42f3b5d430cb@group-1A50772A6619-SegmentedRaftLogWorker for RaftStorage:Storage Directory /workdir/hadoop-ozone/integration-test/target/test-dir/MiniOzoneClusterImpl-081de17b-1a38-412a-aff9-ce4303794a7e/datanode-0/data/ratis/8c946da0-333d-42e4-8865-1a50772a6619
2019-09-26 12:48:35,572 [pool-27-thread-1] INFO  server.RaftServerConfigKeys (ConfUtils.java:logGet(43)) - raft.server.log.queue.byte-limit = 2147483647 (custom)
2019-09-26 12:48:35,572 [pool-27-thread-1] INFO  server.RaftServerConfigKeys (ConfUtils.java:logGet(43)) - raft.server.log.queue.element-limit = 1024 (custom)
2019-09-26 12:48:35,573 [pool-27-thread-1] INFO  server.RaftServerConfigKeys (ConfUtils.java:logGet(43)) - raft.server.log.segment.size.max = 1048576 (custom)
2019-09-26 12:48:35,573 [pool-27-thread-1] INFO  server.RaftServerConfigKeys (ConfUtils.java:logGet(43)) - raft.server.log.preallocated.size = 16384 (custom)
2019-09-26 12:48:35,573 [pool-27-thread-1] INFO  server.RaftServerConfigKeys (ConfUtils.java:logGet(43)) - raft.server.log.write.buffer.size = 33554432 (custom)
2019-09-26 12:48:35,573 [pool-27-thread-1] INFO  server.RaftServerConfigKeys (ConfUtils.java:logGet(43)) - raft.server.log.force.sync.num = 128 (default)
2019-09-26 12:48:35,573 [pool-27-thread-1] INFO  server.RaftServerConfigKeys (ConfUtils.java:logGet(43)) - raft.server.log.statemachine.data.sync = true (default)
2019-09-26 12:48:35,574 [pool-27-thread-1] INFO  server.RaftServerConfigKeys (ConfUtils.java:logGet(43)) - raft.server.log.statemachine.data.sync.timeout = 10s (default)
2019-09-26 12:48:35,574 [pool-27-thread-1] INFO  server.RaftServerConfigKeys (ConfUtils.java:logGet(43)) - raft.server.log.statemachine.data.sync.timeout.retry = -1 (default)
2019-09-26 12:48:35,574 [pool-27-thread-1] INFO  server.RaftServerConfigKeys (ConfUtils.java:logGet(43)) - raft.server.log.statemachine.data.caching.enabled = true (custom)
2019-09-26 12:48:35,574 [pool-27-thread-1] INFO  segmented.SegmentedRaftLogWorker (SegmentedRaftLogWorker.java:lambda$new$0(132)) - 20e591b8-fc6c-46b8-8fe6-42f3b5d430cb@group-1A50772A6619-SegmentedRaftLogWorker: flushIndex: setUnconditionally 0 -> -1
2019-09-26 12:48:35,575 [pool-27-thread-1] INFO  server.RaftServerConfigKeys (ConfUtils.java:logGet(43)) - raft.server.snapshot.auto.trigger.enabled = true (custom)
2019-09-26 12:48:35,575 [pool-27-thread-1] INFO  server.RaftServerConfigKeys (ConfUtils.java:logGet(43)) - raft.server.snapshot.auto.trigger.threshold = 10000 (custom)
2019-09-26 12:48:35,575 [pool-27-thread-1] INFO  server.RaftServerConfigKeys (ConfUtils.java:logGet(43)) - raft.server.snapshot.retention.num.files = 5 (custom)
2019-09-26 12:48:35,576 [pool-27-thread-1] INFO  server.RaftServerConfigKeys (ConfUtils.java:logGet(43)) - raft.server.retrycache.expirytime = 600000ms (custom)
2019-09-26 12:48:35,579 [pool-27-thread-1] INFO  impl.RaftServerImpl (RaftServerImpl.java:start(185)) - 20e591b8-fc6c-46b8-8fe6-42f3b5d430cb@group-1A50772A6619: start as a follower, conf=-1: [20e591b8-fc6c-46b8-8fe6-42f3b5d430cb:192.168.164.238:44054], old=null
2019-09-26 12:48:35,579 [pool-27-thread-1] INFO  impl.RaftServerImpl (RaftServerImpl.java:setRole(174)) - 20e591b8-fc6c-46b8-8fe6-42f3b5d430cb@group-1A50772A6619: changes role from      null to FOLLOWER at term 0 for startAsFollower
2019-09-26 12:48:35,580 [pool-27-thread-1] INFO  impl.RoleInfo (RoleInfo.java:updateAndGet(143)) - 20e591b8-fc6c-46b8-8fe6-42f3b5d430cb: start FollowerState
2019-09-26 12:48:35,580 [pool-27-thread-1] INFO  util.JmxRegister (JmxRegister.java:tryRegister(44)) - Successfully registered JMX Bean with object name Ratis:service=RaftServer,group=group-1A50772A6619,id=20e591b8-fc6c-46b8-8fe6-42f3b5d430cb
2019-09-26 12:48:35,591 [RatisPipelineUtilsThread] INFO  pipeline.PipelineStateManager (PipelineStateManager.java:addPipeline(56)) - Created pipeline Pipeline[ Id: 8c946da0-333d-42e4-8865-1a50772a6619, Nodes: 20e591b8-fc6c-46b8-8fe6-42f3b5d430cb{ip: 192.168.164.238, host: pr-hdds-1569-87zkn-1081879488, networkLocation: /default-rack, certSerialId: null}, Type:RATIS, Factor:ONE, State:OPEN]
2019-09-26 12:48:35,591 [RatisPipelineUtilsThread] INFO  pipeline.PipelinePlacementPolicy (PipelinePlacementPolicy.java:meetCriteria(91)) - Pipeline Placement: can't place more pipeline on heavy datanode： 20e591b8-fc6c-46b8-8fe6-42f3b5d430cb Heaviness: 6 limit: 5
2019-09-26 12:48:35,605 [grpc-default-executor-1] INFO  impl.RaftServerProxy (RaftServerProxy.java:addNew(89)) - 820851e1-bdcd-45a0-8164-1185e4eb16e4: addNew group-A9F43C09F6B4:[820851e1-bdcd-45a0-8164-1185e4eb16e4:192.168.164.238:44266] returns group-A9F43C09F6B4:java.util.concurrent.CompletableFuture@6b6a78e6[Not completed]
2019-09-26 12:48:35,607 [pool-37-thread-1] INFO  impl.RaftServerImpl (RaftServerImpl.java:<init>(95)) - 820851e1-bdcd-45a0-8164-1185e4eb16e4: new RaftServerImpl for group-A9F43C09F6B4:[820851e1-bdcd-45a0-8164-1185e4eb16e4:192.168.164.238:44266] with ContainerStateMachine:uninitialized
2019-09-26 12:48:35,607 [pool-37-thread-1] INFO  server.RaftServerConfigKeys (ConfUtils.java:logGet(43)) - raft.server.rpc.timeout.min = 5s (custom)
2019-09-26 12:48:35,607 [pool-37-thread-1] INFO  server.RaftServerConfigKeys (ConfUtils.java:logGet(43)) - raft.server.rpc.timeout.max = 5200ms (custom)
2019-09-26 12:48:35,608 [pool-37-thread-1] INFO  server.RaftServerConfigKeys (ConfUtils.java:logGet(43)) - raft.server.rpcslowness.timeout = 120s (custom)
2019-09-26 12:48:35,608 [pool-37-thread-1] INFO  server.RaftServerConfigKeys (ConfUtils.java:logGet(43)) - raft.server.sleep.deviation.threshold = 300 (default)
2019-09-26 12:48:35,608 [pool-37-thread-1] INFO  server.RaftServerConfigKeys (ConfUtils.java:logGet(43)) - raft.server.log.appender.install.snapshot.enabled = false (custom)
2019-09-26 12:48:35,608 [pool-37-thread-1] INFO  impl.RaftServerImpl (ServerState.java:<init>(103)) - 820851e1-bdcd-45a0-8164-1185e4eb16e4@group-A9F43C09F6B4: ConfigurationManager, init=-1: [820851e1-bdcd-45a0-8164-1185e4eb16e4:192.168.164.238:44266], old=null, confs=<EMPTY_MAP>
2019-09-26 12:48:35,608 [pool-37-thread-1] INFO  server.RaftServerConfigKeys (ConfUtils.java:logGet(43)) - raft.server.storage.dir = [/workdir/hadoop-ozone/integration-test/target/test-dir/MiniOzoneClusterImpl-081de17b-1a38-412a-aff9-ce4303794a7e/datanode-1/data/ratis] (custom)
2019-09-26 12:48:35,609 [pool-37-thread-1] INFO  storage.RaftStorageDirectory (RaftStorageDirectory.java:analyzeStorage(246)) - The storage directory /workdir/hadoop-ozone/integration-test/target/test-dir/MiniOzoneClusterImpl-081de17b-1a38-412a-aff9-ce4303794a7e/datanode-1/data/ratis/49854aa2-6629-4d99-ae5e-a9f43c09f6b4 does not exist. Creating ...
2019-09-26 12:48:35,624 [pool-37-thread-1] INFO  storage.RaftStorageDirectory (RaftStorageDirectory.java:tryLock(328)) - Lock on /workdir/hadoop-ozone/integration-test/target/test-dir/MiniOzoneClusterImpl-081de17b-1a38-412a-aff9-ce4303794a7e/datanode-1/data/ratis/49854aa2-6629-4d99-ae5e-a9f43c09f6b4/in_use.lock acquired by nodename 6225@pr-hdds-1569-87zkn-1081879488
2019-09-26 12:48:35,637 [pool-37-thread-1] INFO  storage.RaftStorage (RaftStorage.java:format(72)) - Storage directory /workdir/hadoop-ozone/integration-test/target/test-dir/MiniOzoneClusterImpl-081de17b-1a38-412a-aff9-ce4303794a7e/datanode-1/data/ratis/49854aa2-6629-4d99-ae5e-a9f43c09f6b4 has been successfully formatted.
2019-09-26 12:48:35,637 [pool-37-thread-1] INFO  ratis.ContainerStateMachine (ContainerStateMachine.java:loadSnapshot(230)) - group-A9F43C09F6B4: The snapshot info is null. Setting the last applied indexto:(t:0, i:~)
2019-09-26 12:48:35,637 [pool-37-thread-1] INFO  server.RaftServerConfigKeys (ConfUtils.java:logGet(43)) - raft.server.notification.no-leader.timeout = 120s (custom)
2019-09-26 12:48:35,638 [pool-37-thread-1] INFO  server.RaftServerConfigKeys (ConfUtils.java:logGet(43)) - raft.server.log.use.memory = false (default)
2019-09-26 12:48:35,638 [pool-37-thread-1] INFO  server.RaftServerConfigKeys (ConfUtils.java:logGet(43)) - raft.server.log.purge.gap = 1000000 (custom)
2019-09-26 12:48:35,638 [pool-37-thread-1] INFO  server.RaftServerConfigKeys (ConfUtils.java:logGet(43)) - raft.server.log.appender.buffer.byte-limit = 33554432 (custom)
2019-09-26 12:48:35,638 [pool-37-thread-1] INFO  server.RaftServerConfigKeys (ConfUtils.java:logGet(43)) - raft.server.log.segment.size.max = 1048576 (custom)
2019-09-26 12:48:35,638 [pool-37-thread-1] INFO  server.RaftServerConfigKeys (ConfUtils.java:logGet(43)) - raft.server.log.segment.cache.num.max = 2 (custom)
2019-09-26 12:48:35,639 [pool-37-thread-1] INFO  segmented.SegmentedRaftLogWorker (SegmentedRaftLogWorker.java:<init>(172)) - new 820851e1-bdcd-45a0-8164-1185e4eb16e4@group-A9F43C09F6B4-SegmentedRaftLogWorker for RaftStorage:Storage Directory /workdir/hadoop-ozone/integration-test/target/test-dir/MiniOzoneClusterImpl-081de17b-1a38-412a-aff9-ce4303794a7e/datanode-1/data/ratis/49854aa2-6629-4d99-ae5e-a9f43c09f6b4
2019-09-26 12:48:35,639 [pool-37-thread-1] INFO  server.RaftServerConfigKeys (ConfUtils.java:logGet(43)) - raft.server.log.queue.byte-limit = 2147483647 (custom)
2019-09-26 12:48:35,639 [pool-37-thread-1] INFO  server.RaftServerConfigKeys (ConfUtils.java:logGet(43)) - raft.server.log.queue.element-limit = 1024 (custom)
2019-09-26 12:48:35,639 [pool-37-thread-1] INFO  server.RaftServerConfigKeys (ConfUtils.java:logGet(43)) - raft.server.log.segment.size.max = 1048576 (custom)
2019-09-26 12:48:35,639 [pool-37-thread-1] INFO  server.RaftServerConfigKeys (ConfUtils.java:logGet(43)) - raft.server.log.preallocated.size = 16384 (custom)
2019-09-26 12:48:35,639 [pool-37-thread-1] INFO  server.RaftServerConfigKeys (ConfUtils.java:logGet(43)) - raft.server.log.write.buffer.size = 33554432 (custom)
2019-09-26 12:48:35,640 [pool-37-thread-1] INFO  server.RaftServerConfigKeys (ConfUtils.java:logGet(43)) - raft.server.log.force.sync.num = 128 (default)
2019-09-26 12:48:35,640 [pool-37-thread-1] INFO  server.RaftServerConfigKeys (ConfUtils.java:logGet(43)) - raft.server.log.statemachine.data.sync = true (default)
2019-09-26 12:48:35,640 [pool-37-thread-1] INFO  server.RaftServerConfigKeys (ConfUtils.java:logGet(43)) - raft.server.log.statemachine.data.sync.timeout = 10s (default)
2019-09-26 12:48:35,640 [pool-37-thread-1] INFO  server.RaftServerConfigKeys (ConfUtils.java:logGet(43)) - raft.server.log.statemachine.data.sync.timeout.retry = -1 (default)
2019-09-26 12:48:35,641 [pool-37-thread-1] INFO  server.RaftServerConfigKeys (ConfUtils.java:logGet(43)) - raft.server.log.statemachine.data.caching.enabled = true (custom)
2019-09-26 12:48:35,641 [pool-37-thread-1] INFO  segmented.SegmentedRaftLogWorker (SegmentedRaftLogWorker.java:lambda$new$0(132)) - 820851e1-bdcd-45a0-8164-1185e4eb16e4@group-A9F43C09F6B4-SegmentedRaftLogWorker: flushIndex: setUnconditionally 0 -> -1
2019-09-26 12:48:35,641 [pool-37-thread-1] INFO  server.RaftServerConfigKeys (ConfUtils.java:logGet(43)) - raft.server.snapshot.auto.trigger.enabled = true (custom)
2019-09-26 12:48:35,642 [pool-37-thread-1] INFO  server.RaftServerConfigKeys (ConfUtils.java:logGet(43)) - raft.server.snapshot.auto.trigger.threshold = 10000 (custom)
2019-09-26 12:48:35,642 [pool-37-thread-1] INFO  server.RaftServerConfigKeys (ConfUtils.java:logGet(43)) - raft.server.snapshot.retention.num.files = 5 (custom)
2019-09-26 12:48:35,642 [pool-37-thread-1] INFO  server.RaftServerConfigKeys (ConfUtils.java:logGet(43)) - raft.server.retrycache.expirytime = 600000ms (custom)
2019-09-26 12:48:35,645 [pool-37-thread-1] INFO  impl.RaftServerImpl (RaftServerImpl.java:start(185)) - 820851e1-bdcd-45a0-8164-1185e4eb16e4@group-A9F43C09F6B4: start as a follower, conf=-1: [820851e1-bdcd-45a0-8164-1185e4eb16e4:192.168.164.238:44266], old=null
2019-09-26 12:48:35,646 [pool-37-thread-1] INFO  impl.RaftServerImpl (RaftServerImpl.java:setRole(174)) - 820851e1-bdcd-45a0-8164-1185e4eb16e4@group-A9F43C09F6B4: changes role from      null to FOLLOWER at term 0 for startAsFollower
2019-09-26 12:48:35,646 [pool-37-thread-1] INFO  impl.RoleInfo (RoleInfo.java:updateAndGet(143)) - 820851e1-bdcd-45a0-8164-1185e4eb16e4: start FollowerState
2019-09-26 12:48:35,646 [pool-37-thread-1] INFO  util.JmxRegister (JmxRegister.java:tryRegister(44)) - Successfully registered JMX Bean with object name Ratis:service=RaftServer,group=group-A9F43C09F6B4,id=820851e1-bdcd-45a0-8164-1185e4eb16e4
2019-09-26 12:48:35,657 [RatisPipelineUtilsThread] INFO  pipeline.PipelineStateManager (PipelineStateManager.java:addPipeline(56)) - Created pipeline Pipeline[ Id: 49854aa2-6629-4d99-ae5e-a9f43c09f6b4, Nodes: 820851e1-bdcd-45a0-8164-1185e4eb16e4{ip: 192.168.164.238, host: pr-hdds-1569-87zkn-1081879488, networkLocation: /default-rack, certSerialId: null}, Type:RATIS, Factor:ONE, State:OPEN]
2019-09-26 12:48:35,657 [RatisPipelineUtilsThread] INFO  pipeline.PipelinePlacementPolicy (PipelinePlacementPolicy.java:meetCriteria(91)) - Pipeline Placement: can't place more pipeline on heavy datanode： 20e591b8-fc6c-46b8-8fe6-42f3b5d430cb Heaviness: 6 limit: 5
2019-09-26 12:48:35,672 [grpc-default-executor-1] INFO  impl.RaftServerProxy (RaftServerProxy.java:addNew(89)) - 6058261b-904a-43cb-870c-12000dee09bb: addNew group-120CF621668E:[6058261b-904a-43cb-870c-12000dee09bb:192.168.164.238:34662] returns group-120CF621668E:java.util.concurrent.CompletableFuture@5f975317[Not completed]
2019-09-26 12:48:35,675 [pool-47-thread-1] INFO  impl.RaftServerImpl (RaftServerImpl.java:<init>(95)) - 6058261b-904a-43cb-870c-12000dee09bb: new RaftServerImpl for group-120CF621668E:[6058261b-904a-43cb-870c-12000dee09bb:192.168.164.238:34662] with ContainerStateMachine:uninitialized
2019-09-26 12:48:35,675 [pool-47-thread-1] INFO  server.RaftServerConfigKeys (ConfUtils.java:logGet(43)) - raft.server.rpc.timeout.min = 5s (custom)
2019-09-26 12:48:35,675 [pool-47-thread-1] INFO  server.RaftServerConfigKeys (ConfUtils.java:logGet(43)) - raft.server.rpc.timeout.max = 5200ms (custom)
2019-09-26 12:48:35,675 [pool-47-thread-1] INFO  server.RaftServerConfigKeys (ConfUtils.java:logGet(43)) - raft.server.rpcslowness.timeout = 120s (custom)
2019-09-26 12:48:35,675 [pool-47-thread-1] INFO  server.RaftServerConfigKeys (ConfUtils.java:logGet(43)) - raft.server.sleep.deviation.threshold = 300 (default)
2019-09-26 12:48:35,675 [pool-47-thread-1] INFO  server.RaftServerConfigKeys (ConfUtils.java:logGet(43)) - raft.server.log.appender.install.snapshot.enabled = false (custom)
2019-09-26 12:48:35,676 [pool-47-thread-1] INFO  impl.RaftServerImpl (ServerState.java:<init>(103)) - 6058261b-904a-43cb-870c-12000dee09bb@group-120CF621668E: ConfigurationManager, init=-1: [6058261b-904a-43cb-870c-12000dee09bb:192.168.164.238:34662], old=null, confs=<EMPTY_MAP>
2019-09-26 12:48:35,676 [pool-47-thread-1] INFO  server.RaftServerConfigKeys (ConfUtils.java:logGet(43)) - raft.server.storage.dir = [/workdir/hadoop-ozone/integration-test/target/test-dir/MiniOzoneClusterImpl-081de17b-1a38-412a-aff9-ce4303794a7e/datanode-2/data/ratis] (custom)
2019-09-26 12:48:35,676 [pool-47-thread-1] INFO  storage.RaftStorageDirectory (RaftStorageDirectory.java:analyzeStorage(246)) - The storage directory /workdir/hadoop-ozone/integration-test/target/test-dir/MiniOzoneClusterImpl-081de17b-1a38-412a-aff9-ce4303794a7e/datanode-2/data/ratis/8370a8c6-742d-45bd-b0f2-120cf621668e does not exist. Creating ...
2019-09-26 12:48:35,689 [pool-47-thread-1] INFO  storage.RaftStorageDirectory (RaftStorageDirectory.java:tryLock(328)) - Lock on /workdir/hadoop-ozone/integration-test/target/test-dir/MiniOzoneClusterImpl-081de17b-1a38-412a-aff9-ce4303794a7e/datanode-2/data/ratis/8370a8c6-742d-45bd-b0f2-120cf621668e/in_use.lock acquired by nodename 6225@pr-hdds-1569-87zkn-1081879488
2019-09-26 12:48:35,702 [pool-47-thread-1] INFO  storage.RaftStorage (RaftStorage.java:format(72)) - Storage directory /workdir/hadoop-ozone/integration-test/target/test-dir/MiniOzoneClusterImpl-081de17b-1a38-412a-aff9-ce4303794a7e/datanode-2/data/ratis/8370a8c6-742d-45bd-b0f2-120cf621668e has been successfully formatted.
2019-09-26 12:48:35,702 [pool-47-thread-1] INFO  ratis.ContainerStateMachine (ContainerStateMachine.java:loadSnapshot(230)) - group-120CF621668E: The snapshot info is null. Setting the last applied indexto:(t:0, i:~)
2019-09-26 12:48:35,703 [pool-47-thread-1] INFO  server.RaftServerConfigKeys (ConfUtils.java:logGet(43)) - raft.server.notification.no-leader.timeout = 120s (custom)
2019-09-26 12:48:35,703 [pool-47-thread-1] INFO  server.RaftServerConfigKeys (ConfUtils.java:logGet(43)) - raft.server.log.use.memory = false (default)
2019-09-26 12:48:35,703 [pool-47-thread-1] INFO  server.RaftServerConfigKeys (ConfUtils.java:logGet(43)) - raft.server.log.purge.gap = 1000000 (custom)
2019-09-26 12:48:35,703 [pool-47-thread-1] INFO  server.RaftServerConfigKeys (ConfUtils.java:logGet(43)) - raft.server.log.appender.buffer.byte-limit = 33554432 (custom)
2019-09-26 12:48:35,704 [pool-47-thread-1] INFO  server.RaftServerConfigKeys (ConfUtils.java:logGet(43)) - raft.server.log.segment.size.max = 1048576 (custom)
2019-09-26 12:48:35,704 [pool-47-thread-1] INFO  server.RaftServerConfigKeys (ConfUtils.java:logGet(43)) - raft.server.log.segment.cache.num.max = 2 (custom)
2019-09-26 12:48:35,704 [pool-47-thread-1] INFO  segmented.SegmentedRaftLogWorker (SegmentedRaftLogWorker.java:<init>(172)) - new 6058261b-904a-43cb-870c-12000dee09bb@group-120CF621668E-SegmentedRaftLogWorker for RaftStorage:Storage Directory /workdir/hadoop-ozone/integration-test/target/test-dir/MiniOzoneClusterImpl-081de17b-1a38-412a-aff9-ce4303794a7e/datanode-2/data/ratis/8370a8c6-742d-45bd-b0f2-120cf621668e
2019-09-26 12:48:35,704 [pool-47-thread-1] INFO  server.RaftServerConfigKeys (ConfUtils.java:logGet(43)) - raft.server.log.queue.byte-limit = 2147483647 (custom)
2019-09-26 12:48:35,704 [pool-47-thread-1] INFO  server.RaftServerConfigKeys (ConfUtils.java:logGet(43)) - raft.server.log.queue.element-limit = 1024 (custom)
2019-09-26 12:48:35,705 [pool-47-thread-1] INFO  server.RaftServerConfigKeys (ConfUtils.java:logGet(43)) - raft.server.log.segment.size.max = 1048576 (custom)
2019-09-26 12:48:35,705 [pool-47-thread-1] INFO  server.RaftServerConfigKeys (ConfUtils.java:logGet(43)) - raft.server.log.preallocated.size = 16384 (custom)
2019-09-26 12:48:35,705 [pool-47-thread-1] INFO  server.RaftServerConfigKeys (ConfUtils.java:logGet(43)) - raft.server.log.write.buffer.size = 33554432 (custom)
2019-09-26 12:48:35,705 [pool-47-thread-1] INFO  server.RaftServerConfigKeys (ConfUtils.java:logGet(43)) - raft.server.log.force.sync.num = 128 (default)
2019-09-26 12:48:35,705 [pool-47-thread-1] INFO  server.RaftServerConfigKeys (ConfUtils.java:logGet(43)) - raft.server.log.statemachine.data.sync = true (default)
2019-09-26 12:48:35,706 [pool-47-thread-1] INFO  server.RaftServerConfigKeys (ConfUtils.java:logGet(43)) - raft.server.log.statemachine.data.sync.timeout = 10s (default)
2019-09-26 12:48:35,706 [pool-47-thread-1] INFO  server.RaftServerConfigKeys (ConfUtils.java:logGet(43)) - raft.server.log.statemachine.data.sync.timeout.retry = -1 (default)
2019-09-26 12:48:35,706 [pool-47-thread-1] INFO  server.RaftServerConfigKeys (ConfUtils.java:logGet(43)) - raft.server.log.statemachine.data.caching.enabled = true (custom)
2019-09-26 12:48:35,707 [pool-47-thread-1] INFO  segmented.SegmentedRaftLogWorker (SegmentedRaftLogWorker.java:lambda$new$0(132)) - 6058261b-904a-43cb-870c-12000dee09bb@group-120CF621668E-SegmentedRaftLogWorker: flushIndex: setUnconditionally 0 -> -1
2019-09-26 12:48:35,707 [pool-47-thread-1] INFO  server.RaftServerConfigKeys (ConfUtils.java:logGet(43)) - raft.server.snapshot.auto.trigger.enabled = true (custom)
2019-09-26 12:48:35,707 [pool-47-thread-1] INFO  server.RaftServerConfigKeys (ConfUtils.java:logGet(43)) - raft.server.snapshot.auto.trigger.threshold = 10000 (custom)
2019-09-26 12:48:35,707 [pool-47-thread-1] INFO  server.RaftServerConfigKeys (ConfUtils.java:logGet(43)) - raft.server.snapshot.retention.num.files = 5 (custom)
2019-09-26 12:48:35,708 [pool-47-thread-1] INFO  server.RaftServerConfigKeys (ConfUtils.java:logGet(43)) - raft.server.retrycache.expirytime = 600000ms (custom)
2019-09-26 12:48:35,711 [pool-47-thread-1] INFO  impl.RaftServerImpl (RaftServerImpl.java:start(185)) - 6058261b-904a-43cb-870c-12000dee09bb@group-120CF621668E: start as a follower, conf=-1: [6058261b-904a-43cb-870c-12000dee09bb:192.168.164.238:34662], old=null
2019-09-26 12:48:35,711 [pool-47-thread-1] INFO  impl.RaftServerImpl (RaftServerImpl.java:setRole(174)) - 6058261b-904a-43cb-870c-12000dee09bb@group-120CF621668E: changes role from      null to FOLLOWER at term 0 for startAsFollower
2019-09-26 12:48:35,711 [pool-47-thread-1] INFO  impl.RoleInfo (RoleInfo.java:updateAndGet(143)) - 6058261b-904a-43cb-870c-12000dee09bb: start FollowerState
2019-09-26 12:48:35,712 [pool-47-thread-1] INFO  util.JmxRegister (JmxRegister.java:tryRegister(44)) - Successfully registered JMX Bean with object name Ratis:service=RaftServer,group=group-120CF621668E,id=6058261b-904a-43cb-870c-12000dee09bb
2019-09-26 12:48:35,718 [RatisPipelineUtilsThread] INFO  pipeline.PipelineStateManager (PipelineStateManager.java:addPipeline(56)) - Created pipeline Pipeline[ Id: 8370a8c6-742d-45bd-b0f2-120cf621668e, Nodes: 6058261b-904a-43cb-870c-12000dee09bb{ip: 192.168.164.238, host: pr-hdds-1569-87zkn-1081879488, networkLocation: /default-rack, certSerialId: null}, Type:RATIS, Factor:ONE, State:OPEN]
2019-09-26 12:48:35,718 [RatisPipelineUtilsThread] INFO  pipeline.PipelinePlacementPolicy (PipelinePlacementPolicy.java:meetCriteria(91)) - Pipeline Placement: can't place more pipeline on heavy datanode： 20e591b8-fc6c-46b8-8fe6-42f3b5d430cb Heaviness: 6 limit: 5
2019-09-26 12:48:35,732 [grpc-default-executor-1] INFO  impl.RaftServerProxy (RaftServerProxy.java:addNew(89)) - 6058261b-904a-43cb-870c-12000dee09bb: addNew group-0BA4C2FC77F2:[6058261b-904a-43cb-870c-12000dee09bb:192.168.164.238:34662] returns group-0BA4C2FC77F2:java.util.concurrent.CompletableFuture@2badf994[Not completed]
2019-09-26 12:48:35,734 [pool-47-thread-1] INFO  impl.RaftServerImpl (RaftServerImpl.java:<init>(95)) - 6058261b-904a-43cb-870c-12000dee09bb: new RaftServerImpl for group-0BA4C2FC77F2:[6058261b-904a-43cb-870c-12000dee09bb:192.168.164.238:34662] with ContainerStateMachine:uninitialized
2019-09-26 12:48:35,735 [pool-47-thread-1] INFO  server.RaftServerConfigKeys (ConfUtils.java:logGet(43)) - raft.server.rpc.timeout.min = 5s (custom)
2019-09-26 12:48:35,735 [pool-47-thread-1] INFO  server.RaftServerConfigKeys (ConfUtils.java:logGet(43)) - raft.server.rpc.timeout.max = 5200ms (custom)
2019-09-26 12:48:35,735 [pool-47-thread-1] INFO  server.RaftServerConfigKeys (ConfUtils.java:logGet(43)) - raft.server.rpcslowness.timeout = 120s (custom)
2019-09-26 12:48:35,735 [pool-47-thread-1] INFO  server.RaftServerConfigKeys (ConfUtils.java:logGet(43)) - raft.server.sleep.deviation.threshold = 300 (default)
2019-09-26 12:48:35,735 [pool-47-thread-1] INFO  server.RaftServerConfigKeys (ConfUtils.java:logGet(43)) - raft.server.log.appender.install.snapshot.enabled = false (custom)
2019-09-26 12:48:35,735 [pool-47-thread-1] INFO  impl.RaftServerImpl (ServerState.java:<init>(103)) - 6058261b-904a-43cb-870c-12000dee09bb@group-0BA4C2FC77F2: ConfigurationManager, init=-1: [6058261b-904a-43cb-870c-12000dee09bb:192.168.164.238:34662], old=null, confs=<EMPTY_MAP>
2019-09-26 12:48:35,736 [pool-47-thread-1] INFO  server.RaftServerConfigKeys (ConfUtils.java:logGet(43)) - raft.server.storage.dir = [/workdir/hadoop-ozone/integration-test/target/test-dir/MiniOzoneClusterImpl-081de17b-1a38-412a-aff9-ce4303794a7e/datanode-2/data/ratis] (custom)
2019-09-26 12:48:35,736 [pool-47-thread-1] INFO  storage.RaftStorageDirectory (RaftStorageDirectory.java:analyzeStorage(246)) - The storage directory /workdir/hadoop-ozone/integration-test/target/test-dir/MiniOzoneClusterImpl-081de17b-1a38-412a-aff9-ce4303794a7e/datanode-2/data/ratis/dc3796e4-207f-4b35-99e5-0ba4c2fc77f2 does not exist. Creating ...
2019-09-26 12:48:35,749 [pool-47-thread-1] INFO  storage.RaftStorageDirectory (RaftStorageDirectory.java:tryLock(328)) - Lock on /workdir/hadoop-ozone/integration-test/target/test-dir/MiniOzoneClusterImpl-081de17b-1a38-412a-aff9-ce4303794a7e/datanode-2/data/ratis/dc3796e4-207f-4b35-99e5-0ba4c2fc77f2/in_use.lock acquired by nodename 6225@pr-hdds-1569-87zkn-1081879488
2019-09-26 12:48:35,763 [pool-47-thread-1] INFO  storage.RaftStorage (RaftStorage.java:format(72)) - Storage directory /workdir/hadoop-ozone/integration-test/target/test-dir/MiniOzoneClusterImpl-081de17b-1a38-412a-aff9-ce4303794a7e/datanode-2/data/ratis/dc3796e4-207f-4b35-99e5-0ba4c2fc77f2 has been successfully formatted.
2019-09-26 12:48:35,763 [pool-47-thread-1] INFO  ratis.ContainerStateMachine (ContainerStateMachine.java:loadSnapshot(230)) - group-0BA4C2FC77F2: The snapshot info is null. Setting the last applied indexto:(t:0, i:~)
2019-09-26 12:48:35,763 [pool-47-thread-1] INFO  server.RaftServerConfigKeys (ConfUtils.java:logGet(43)) - raft.server.notification.no-leader.timeout = 120s (custom)
2019-09-26 12:48:35,763 [pool-47-thread-1] INFO  server.RaftServerConfigKeys (ConfUtils.java:logGet(43)) - raft.server.log.use.memory = false (default)
2019-09-26 12:48:35,763 [pool-47-thread-1] INFO  server.RaftServerConfigKeys (ConfUtils.java:logGet(43)) - raft.server.log.purge.gap = 1000000 (custom)
2019-09-26 12:48:35,764 [pool-47-thread-1] INFO  server.RaftServerConfigKeys (ConfUtils.java:logGet(43)) - raft.server.log.appender.buffer.byte-limit = 33554432 (custom)
2019-09-26 12:48:35,764 [pool-47-thread-1] INFO  server.RaftServerConfigKeys (ConfUtils.java:logGet(43)) - raft.server.log.segment.size.max = 1048576 (custom)
2019-09-26 12:48:35,764 [pool-47-thread-1] INFO  server.RaftServerConfigKeys (ConfUtils.java:logGet(43)) - raft.server.log.segment.cache.num.max = 2 (custom)
2019-09-26 12:48:35,764 [pool-47-thread-1] INFO  segmented.SegmentedRaftLogWorker (SegmentedRaftLogWorker.java:<init>(172)) - new 6058261b-904a-43cb-870c-12000dee09bb@group-0BA4C2FC77F2-SegmentedRaftLogWorker for RaftStorage:Storage Directory /workdir/hadoop-ozone/integration-test/target/test-dir/MiniOzoneClusterImpl-081de17b-1a38-412a-aff9-ce4303794a7e/datanode-2/data/ratis/dc3796e4-207f-4b35-99e5-0ba4c2fc77f2
2019-09-26 12:48:35,764 [pool-47-thread-1] INFO  server.RaftServerConfigKeys (ConfUtils.java:logGet(43)) - raft.server.log.queue.byte-limit = 2147483647 (custom)
2019-09-26 12:48:35,764 [pool-47-thread-1] INFO  server.RaftServerConfigKeys (ConfUtils.java:logGet(43)) - raft.server.log.queue.element-limit = 1024 (custom)
2019-09-26 12:48:35,765 [pool-47-thread-1] INFO  server.RaftServerConfigKeys (ConfUtils.java:logGet(43)) - raft.server.log.segment.size.max = 1048576 (custom)
2019-09-26 12:48:35,765 [pool-47-thread-1] INFO  server.RaftServerConfigKeys (ConfUtils.java:logGet(43)) - raft.server.log.preallocated.size = 16384 (custom)
2019-09-26 12:48:35,765 [pool-47-thread-1] INFO  server.RaftServerConfigKeys (ConfUtils.java:logGet(43)) - raft.server.log.write.buffer.size = 33554432 (custom)
2019-09-26 12:48:35,765 [pool-47-thread-1] INFO  server.RaftServerConfigKeys (ConfUtils.java:logGet(43)) - raft.server.log.force.sync.num = 128 (default)
2019-09-26 12:48:35,765 [pool-47-thread-1] INFO  server.RaftServerConfigKeys (ConfUtils.java:logGet(43)) - raft.server.log.statemachine.data.sync = true (default)
2019-09-26 12:48:35,765 [pool-47-thread-1] INFO  server.RaftServerConfigKeys (ConfUtils.java:logGet(43)) - raft.server.log.statemachine.data.sync.timeout = 10s (default)
2019-09-26 12:48:35,766 [pool-47-thread-1] INFO  server.RaftServerConfigKeys (ConfUtils.java:logGet(43)) - raft.server.log.statemachine.data.sync.timeout.retry = -1 (default)
2019-09-26 12:48:35,766 [pool-47-thread-1] INFO  server.RaftServerConfigKeys (ConfUtils.java:logGet(43)) - raft.server.log.statemachine.data.caching.enabled = true (custom)
2019-09-26 12:48:35,766 [pool-47-thread-1] INFO  segmented.SegmentedRaftLogWorker (SegmentedRaftLogWorker.java:lambda$new$0(132)) - 6058261b-904a-43cb-870c-12000dee09bb@group-0BA4C2FC77F2-SegmentedRaftLogWorker: flushIndex: setUnconditionally 0 -> -1
2019-09-26 12:48:35,767 [pool-47-thread-1] INFO  server.RaftServerConfigKeys (ConfUtils.java:logGet(43)) - raft.server.snapshot.auto.trigger.enabled = true (custom)
2019-09-26 12:48:35,767 [pool-47-thread-1] INFO  server.RaftServerConfigKeys (ConfUtils.java:logGet(43)) - raft.server.snapshot.auto.trigger.threshold = 10000 (custom)
2019-09-26 12:48:35,767 [pool-47-thread-1] INFO  server.RaftServerConfigKeys (ConfUtils.java:logGet(43)) - raft.server.snapshot.retention.num.files = 5 (custom)
2019-09-26 12:48:35,767 [pool-47-thread-1] INFO  server.RaftServerConfigKeys (ConfUtils.java:logGet(43)) - raft.server.retrycache.expirytime = 600000ms (custom)
2019-09-26 12:48:35,770 [pool-47-thread-1] INFO  impl.RaftServerImpl (RaftServerImpl.java:start(185)) - 6058261b-904a-43cb-870c-12000dee09bb@group-0BA4C2FC77F2: start as a follower, conf=-1: [6058261b-904a-43cb-870c-12000dee09bb:192.168.164.238:34662], old=null
2019-09-26 12:48:35,770 [pool-47-thread-1] INFO  impl.RaftServerImpl (RaftServerImpl.java:setRole(174)) - 6058261b-904a-43cb-870c-12000dee09bb@group-0BA4C2FC77F2: changes role from      null to FOLLOWER at term 0 for startAsFollower
2019-09-26 12:48:35,770 [pool-47-thread-1] INFO  impl.RoleInfo (RoleInfo.java:updateAndGet(143)) - 6058261b-904a-43cb-870c-12000dee09bb: start FollowerState
2019-09-26 12:48:35,771 [pool-47-thread-1] INFO  util.JmxRegister (JmxRegister.java:tryRegister(44)) - Successfully registered JMX Bean with object name Ratis:service=RaftServer,group=group-0BA4C2FC77F2,id=6058261b-904a-43cb-870c-12000dee09bb
2019-09-26 12:48:35,776 [RatisPipelineUtilsThread] INFO  pipeline.PipelineStateManager (PipelineStateManager.java:addPipeline(56)) - Created pipeline Pipeline[ Id: dc3796e4-207f-4b35-99e5-0ba4c2fc77f2, Nodes: 6058261b-904a-43cb-870c-12000dee09bb{ip: 192.168.164.238, host: pr-hdds-1569-87zkn-1081879488, networkLocation: /default-rack, certSerialId: null}, Type:RATIS, Factor:ONE, State:OPEN]
2019-09-26 12:48:35,776 [RatisPipelineUtilsThread] INFO  pipeline.PipelinePlacementPolicy (PipelinePlacementPolicy.java:meetCriteria(91)) - Pipeline Placement: can't place more pipeline on heavy datanode： 20e591b8-fc6c-46b8-8fe6-42f3b5d430cb Heaviness: 6 limit: 5
2019-09-26 12:48:35,777 [RatisPipelineUtilsThread] INFO  pipeline.PipelinePlacementPolicy (PipelinePlacementPolicy.java:meetCriteria(91)) - Pipeline Placement: can't place more pipeline on heavy datanode： 6058261b-904a-43cb-870c-12000dee09bb Heaviness: 6 limit: 5
2019-09-26 12:48:35,794 [grpc-default-executor-1] INFO  impl.RaftServerProxy (RaftServerProxy.java:addNew(89)) - 820851e1-bdcd-45a0-8164-1185e4eb16e4: addNew group-F27D5AF4E09C:[820851e1-bdcd-45a0-8164-1185e4eb16e4:192.168.164.238:44266] returns group-F27D5AF4E09C:java.util.concurrent.CompletableFuture@3c9dcf69[Not completed]
2019-09-26 12:48:35,797 [pool-37-thread-1] INFO  impl.RaftServerImpl (RaftServerImpl.java:<init>(95)) - 820851e1-bdcd-45a0-8164-1185e4eb16e4: new RaftServerImpl for group-F27D5AF4E09C:[820851e1-bdcd-45a0-8164-1185e4eb16e4:192.168.164.238:44266] with ContainerStateMachine:uninitialized
2019-09-26 12:48:35,797 [pool-37-thread-1] INFO  server.RaftServerConfigKeys (ConfUtils.java:logGet(43)) - raft.server.rpc.timeout.min = 5s (custom)
2019-09-26 12:48:35,797 [pool-37-thread-1] INFO  server.RaftServerConfigKeys (ConfUtils.java:logGet(43)) - raft.server.rpc.timeout.max = 5200ms (custom)
2019-09-26 12:48:35,798 [pool-37-thread-1] INFO  server.RaftServerConfigKeys (ConfUtils.java:logGet(43)) - raft.server.rpcslowness.timeout = 120s (custom)
2019-09-26 12:48:35,798 [pool-37-thread-1] INFO  server.RaftServerConfigKeys (ConfUtils.java:logGet(43)) - raft.server.sleep.deviation.threshold = 300 (default)
2019-09-26 12:48:35,798 [pool-37-thread-1] INFO  server.RaftServerConfigKeys (ConfUtils.java:logGet(43)) - raft.server.log.appender.install.snapshot.enabled = false (custom)
2019-09-26 12:48:35,798 [pool-37-thread-1] INFO  impl.RaftServerImpl (ServerState.java:<init>(103)) - 820851e1-bdcd-45a0-8164-1185e4eb16e4@group-F27D5AF4E09C: ConfigurationManager, init=-1: [820851e1-bdcd-45a0-8164-1185e4eb16e4:192.168.164.238:44266], old=null, confs=<EMPTY_MAP>
2019-09-26 12:48:35,799 [pool-37-thread-1] INFO  server.RaftServerConfigKeys (ConfUtils.java:logGet(43)) - raft.server.storage.dir = [/workdir/hadoop-ozone/integration-test/target/test-dir/MiniOzoneClusterImpl-081de17b-1a38-412a-aff9-ce4303794a7e/datanode-1/data/ratis] (custom)
2019-09-26 12:48:35,799 [pool-37-thread-1] INFO  storage.RaftStorageDirectory (RaftStorageDirectory.java:analyzeStorage(246)) - The storage directory /workdir/hadoop-ozone/integration-test/target/test-dir/MiniOzoneClusterImpl-081de17b-1a38-412a-aff9-ce4303794a7e/datanode-1/data/ratis/4ca72dd4-0cc5-4090-879f-f27d5af4e09c does not exist. Creating ...
2019-09-26 12:48:35,822 [pool-37-thread-1] INFO  storage.RaftStorageDirectory (RaftStorageDirectory.java:tryLock(328)) - Lock on /workdir/hadoop-ozone/integration-test/target/test-dir/MiniOzoneClusterImpl-081de17b-1a38-412a-aff9-ce4303794a7e/datanode-1/data/ratis/4ca72dd4-0cc5-4090-879f-f27d5af4e09c/in_use.lock acquired by nodename 6225@pr-hdds-1569-87zkn-1081879488
2019-09-26 12:48:35,837 [pool-37-thread-1] INFO  storage.RaftStorage (RaftStorage.java:format(72)) - Storage directory /workdir/hadoop-ozone/integration-test/target/test-dir/MiniOzoneClusterImpl-081de17b-1a38-412a-aff9-ce4303794a7e/datanode-1/data/ratis/4ca72dd4-0cc5-4090-879f-f27d5af4e09c has been successfully formatted.
2019-09-26 12:48:35,838 [pool-37-thread-1] INFO  ratis.ContainerStateMachine (ContainerStateMachine.java:loadSnapshot(230)) - group-F27D5AF4E09C: The snapshot info is null. Setting the last applied indexto:(t:0, i:~)
2019-09-26 12:48:35,838 [pool-37-thread-1] INFO  server.RaftServerConfigKeys (ConfUtils.java:logGet(43)) - raft.server.notification.no-leader.timeout = 120s (custom)
2019-09-26 12:48:35,838 [pool-37-thread-1] INFO  server.RaftServerConfigKeys (ConfUtils.java:logGet(43)) - raft.server.log.use.memory = false (default)
2019-09-26 12:48:35,838 [pool-37-thread-1] INFO  server.RaftServerConfigKeys (ConfUtils.java:logGet(43)) - raft.server.log.purge.gap = 1000000 (custom)
2019-09-26 12:48:35,839 [pool-37-thread-1] INFO  server.RaftServerConfigKeys (ConfUtils.java:logGet(43)) - raft.server.log.appender.buffer.byte-limit = 33554432 (custom)
2019-09-26 12:48:35,839 [pool-37-thread-1] INFO  server.RaftServerConfigKeys (ConfUtils.java:logGet(43)) - raft.server.log.segment.size.max = 1048576 (custom)
2019-09-26 12:48:35,839 [pool-37-thread-1] INFO  server.RaftServerConfigKeys (ConfUtils.java:logGet(43)) - raft.server.log.segment.cache.num.max = 2 (custom)
2019-09-26 12:48:35,839 [pool-37-thread-1] INFO  segmented.SegmentedRaftLogWorker (SegmentedRaftLogWorker.java:<init>(172)) - new 820851e1-bdcd-45a0-8164-1185e4eb16e4@group-F27D5AF4E09C-SegmentedRaftLogWorker for RaftStorage:Storage Directory /workdir/hadoop-ozone/integration-test/target/test-dir/MiniOzoneClusterImpl-081de17b-1a38-412a-aff9-ce4303794a7e/datanode-1/data/ratis/4ca72dd4-0cc5-4090-879f-f27d5af4e09c
2019-09-26 12:48:35,840 [pool-37-thread-1] INFO  server.RaftServerConfigKeys (ConfUtils.java:logGet(43)) - raft.server.log.queue.byte-limit = 2147483647 (custom)
2019-09-26 12:48:35,840 [pool-37-thread-1] INFO  server.RaftServerConfigKeys (ConfUtils.java:logGet(43)) - raft.server.log.queue.element-limit = 1024 (custom)
2019-09-26 12:48:35,840 [pool-37-thread-1] INFO  server.RaftServerConfigKeys (ConfUtils.java:logGet(43)) - raft.server.log.segment.size.max = 1048576 (custom)
2019-09-26 12:48:35,840 [pool-37-thread-1] INFO  server.RaftServerConfigKeys (ConfUtils.java:logGet(43)) - raft.server.log.preallocated.size = 16384 (custom)
2019-09-26 12:48:35,840 [pool-37-thread-1] INFO  server.RaftServerConfigKeys (ConfUtils.java:logGet(43)) - raft.server.log.write.buffer.size = 33554432 (custom)
2019-09-26 12:48:35,841 [pool-37-thread-1] INFO  server.RaftServerConfigKeys (ConfUtils.java:logGet(43)) - raft.server.log.force.sync.num = 128 (default)
2019-09-26 12:48:35,841 [pool-37-thread-1] INFO  server.RaftServerConfigKeys (ConfUtils.java:logGet(43)) - raft.server.log.statemachine.data.sync = true (default)
2019-09-26 12:48:35,841 [pool-37-thread-1] INFO  server.RaftServerConfigKeys (ConfUtils.java:logGet(43)) - raft.server.log.statemachine.data.sync.timeout = 10s (default)
2019-09-26 12:48:35,841 [pool-37-thread-1] INFO  server.RaftServerConfigKeys (ConfUtils.java:logGet(43)) - raft.server.log.statemachine.data.sync.timeout.retry = -1 (default)
2019-09-26 12:48:35,842 [pool-37-thread-1] INFO  server.RaftServerConfigKeys (ConfUtils.java:logGet(43)) - raft.server.log.statemachine.data.caching.enabled = true (custom)
2019-09-26 12:48:35,842 [pool-37-thread-1] INFO  segmented.SegmentedRaftLogWorker (SegmentedRaftLogWorker.java:lambda$new$0(132)) - 820851e1-bdcd-45a0-8164-1185e4eb16e4@group-F27D5AF4E09C-SegmentedRaftLogWorker: flushIndex: setUnconditionally 0 -> -1
2019-09-26 12:48:35,842 [pool-37-thread-1] INFO  server.RaftServerConfigKeys (ConfUtils.java:logGet(43)) - raft.server.snapshot.auto.trigger.enabled = true (custom)
2019-09-26 12:48:35,843 [pool-37-thread-1] INFO  server.RaftServerConfigKeys (ConfUtils.java:logGet(43)) - raft.server.snapshot.auto.trigger.threshold = 10000 (custom)
2019-09-26 12:48:35,843 [pool-37-thread-1] INFO  server.RaftServerConfigKeys (ConfUtils.java:logGet(43)) - raft.server.snapshot.retention.num.files = 5 (custom)
2019-09-26 12:48:35,843 [pool-37-thread-1] INFO  server.RaftServerConfigKeys (ConfUtils.java:logGet(43)) - raft.server.retrycache.expirytime = 600000ms (custom)
2019-09-26 12:48:35,847 [pool-37-thread-1] INFO  impl.RaftServerImpl (RaftServerImpl.java:start(185)) - 820851e1-bdcd-45a0-8164-1185e4eb16e4@group-F27D5AF4E09C: start as a follower, conf=-1: [820851e1-bdcd-45a0-8164-1185e4eb16e4:192.168.164.238:44266], old=null
2019-09-26 12:48:35,848 [pool-37-thread-1] INFO  impl.RaftServerImpl (RaftServerImpl.java:setRole(174)) - 820851e1-bdcd-45a0-8164-1185e4eb16e4@group-F27D5AF4E09C: changes role from      null to FOLLOWER at term 0 for startAsFollower
2019-09-26 12:48:35,848 [pool-37-thread-1] INFO  impl.RoleInfo (RoleInfo.java:updateAndGet(143)) - 820851e1-bdcd-45a0-8164-1185e4eb16e4: start FollowerState
2019-09-26 12:48:35,849 [pool-37-thread-1] INFO  util.JmxRegister (JmxRegister.java:tryRegister(44)) - Successfully registered JMX Bean with object name Ratis:service=RaftServer,group=group-F27D5AF4E09C,id=820851e1-bdcd-45a0-8164-1185e4eb16e4
2019-09-26 12:48:35,855 [RatisPipelineUtilsThread] INFO  pipeline.PipelineStateManager (PipelineStateManager.java:addPipeline(56)) - Created pipeline Pipeline[ Id: 4ca72dd4-0cc5-4090-879f-f27d5af4e09c, Nodes: 820851e1-bdcd-45a0-8164-1185e4eb16e4{ip: 192.168.164.238, host: pr-hdds-1569-87zkn-1081879488, networkLocation: /default-rack, certSerialId: null}, Type:RATIS, Factor:ONE, State:OPEN]
2019-09-26 12:48:35,856 [RatisPipelineUtilsThread] INFO  pipeline.PipelinePlacementPolicy (PipelinePlacementPolicy.java:meetCriteria(91)) - Pipeline Placement: can't place more pipeline on heavy datanode： 20e591b8-fc6c-46b8-8fe6-42f3b5d430cb Heaviness: 6 limit: 5
2019-09-26 12:48:35,856 [RatisPipelineUtilsThread] INFO  pipeline.PipelinePlacementPolicy (PipelinePlacementPolicy.java:meetCriteria(91)) - Pipeline Placement: can't place more pipeline on heavy datanode： 6058261b-904a-43cb-870c-12000dee09bb Heaviness: 6 limit: 5
2019-09-26 12:48:35,873 [grpc-default-executor-1] INFO  impl.RaftServerProxy (RaftServerProxy.java:addNew(89)) - 820851e1-bdcd-45a0-8164-1185e4eb16e4: addNew group-BC82A538DF81:[820851e1-bdcd-45a0-8164-1185e4eb16e4:192.168.164.238:44266] returns group-BC82A538DF81:java.util.concurrent.CompletableFuture@eac0fc2[Not completed]
2019-09-26 12:48:35,875 [pool-37-thread-1] INFO  impl.RaftServerImpl (RaftServerImpl.java:<init>(95)) - 820851e1-bdcd-45a0-8164-1185e4eb16e4: new RaftServerImpl for group-BC82A538DF81:[820851e1-bdcd-45a0-8164-1185e4eb16e4:192.168.164.238:44266] with ContainerStateMachine:uninitialized
2019-09-26 12:48:35,875 [pool-37-thread-1] INFO  server.RaftServerConfigKeys (ConfUtils.java:logGet(43)) - raft.server.rpc.timeout.min = 5s (custom)
2019-09-26 12:48:35,875 [pool-37-thread-1] INFO  server.RaftServerConfigKeys (ConfUtils.java:logGet(43)) - raft.server.rpc.timeout.max = 5200ms (custom)
2019-09-26 12:48:35,875 [pool-37-thread-1] INFO  server.RaftServerConfigKeys (ConfUtils.java:logGet(43)) - raft.server.rpcslowness.timeout = 120s (custom)
2019-09-26 12:48:35,876 [pool-37-thread-1] INFO  server.RaftServerConfigKeys (ConfUtils.java:logGet(43)) - raft.server.sleep.deviation.threshold = 300 (default)
2019-09-26 12:48:35,876 [pool-37-thread-1] INFO  server.RaftServerConfigKeys (ConfUtils.java:logGet(43)) - raft.server.log.appender.install.snapshot.enabled = false (custom)
2019-09-26 12:48:35,876 [pool-37-thread-1] INFO  impl.RaftServerImpl (ServerState.java:<init>(103)) - 820851e1-bdcd-45a0-8164-1185e4eb16e4@group-BC82A538DF81: ConfigurationManager, init=-1: [820851e1-bdcd-45a0-8164-1185e4eb16e4:192.168.164.238:44266], old=null, confs=<EMPTY_MAP>
2019-09-26 12:48:35,876 [pool-37-thread-1] INFO  server.RaftServerConfigKeys (ConfUtils.java:logGet(43)) - raft.server.storage.dir = [/workdir/hadoop-ozone/integration-test/target/test-dir/MiniOzoneClusterImpl-081de17b-1a38-412a-aff9-ce4303794a7e/datanode-1/data/ratis] (custom)
2019-09-26 12:48:35,877 [pool-37-thread-1] INFO  storage.RaftStorageDirectory (RaftStorageDirectory.java:analyzeStorage(246)) - The storage directory /workdir/hadoop-ozone/integration-test/target/test-dir/MiniOzoneClusterImpl-081de17b-1a38-412a-aff9-ce4303794a7e/datanode-1/data/ratis/f85db412-9ee9-4e23-8df0-bc82a538df81 does not exist. Creating ...
2019-09-26 12:48:35,890 [pool-37-thread-1] INFO  storage.RaftStorageDirectory (RaftStorageDirectory.java:tryLock(328)) - Lock on /workdir/hadoop-ozone/integration-test/target/test-dir/MiniOzoneClusterImpl-081de17b-1a38-412a-aff9-ce4303794a7e/datanode-1/data/ratis/f85db412-9ee9-4e23-8df0-bc82a538df81/in_use.lock acquired by nodename 6225@pr-hdds-1569-87zkn-1081879488
2019-09-26 12:48:35,903 [pool-37-thread-1] INFO  storage.RaftStorage (RaftStorage.java:format(72)) - Storage directory /workdir/hadoop-ozone/integration-test/target/test-dir/MiniOzoneClusterImpl-081de17b-1a38-412a-aff9-ce4303794a7e/datanode-1/data/ratis/f85db412-9ee9-4e23-8df0-bc82a538df81 has been successfully formatted.
2019-09-26 12:48:35,904 [pool-37-thread-1] INFO  ratis.ContainerStateMachine (ContainerStateMachine.java:loadSnapshot(230)) - group-BC82A538DF81: The snapshot info is null. Setting the last applied indexto:(t:0, i:~)
2019-09-26 12:48:35,904 [pool-37-thread-1] INFO  server.RaftServerConfigKeys (ConfUtils.java:logGet(43)) - raft.server.notification.no-leader.timeout = 120s (custom)
2019-09-26 12:48:35,904 [pool-37-thread-1] INFO  server.RaftServerConfigKeys (ConfUtils.java:logGet(43)) - raft.server.log.use.memory = false (default)
2019-09-26 12:48:35,904 [pool-37-thread-1] INFO  server.RaftServerConfigKeys (ConfUtils.java:logGet(43)) - raft.server.log.purge.gap = 1000000 (custom)
2019-09-26 12:48:35,904 [pool-37-thread-1] INFO  server.RaftServerConfigKeys (ConfUtils.java:logGet(43)) - raft.server.log.appender.buffer.byte-limit = 33554432 (custom)
2019-09-26 12:48:35,904 [pool-37-thread-1] INFO  server.RaftServerConfigKeys (ConfUtils.java:logGet(43)) - raft.server.log.segment.size.max = 1048576 (custom)
2019-09-26 12:48:35,905 [pool-37-thread-1] INFO  server.RaftServerConfigKeys (ConfUtils.java:logGet(43)) - raft.server.log.segment.cache.num.max = 2 (custom)
2019-09-26 12:48:35,905 [pool-37-thread-1] INFO  segmented.SegmentedRaftLogWorker (SegmentedRaftLogWorker.java:<init>(172)) - new 820851e1-bdcd-45a0-8164-1185e4eb16e4@group-BC82A538DF81-SegmentedRaftLogWorker for RaftStorage:Storage Directory /workdir/hadoop-ozone/integration-test/target/test-dir/MiniOzoneClusterImpl-081de17b-1a38-412a-aff9-ce4303794a7e/datanode-1/data/ratis/f85db412-9ee9-4e23-8df0-bc82a538df81
2019-09-26 12:48:35,905 [pool-37-thread-1] INFO  server.RaftServerConfigKeys (ConfUtils.java:logGet(43)) - raft.server.log.queue.byte-limit = 2147483647 (custom)
2019-09-26 12:48:35,905 [pool-37-thread-1] INFO  server.RaftServerConfigKeys (ConfUtils.java:logGet(43)) - raft.server.log.queue.element-limit = 1024 (custom)
2019-09-26 12:48:35,905 [pool-37-thread-1] INFO  server.RaftServerConfigKeys (ConfUtils.java:logGet(43)) - raft.server.log.segment.size.max = 1048576 (custom)
2019-09-26 12:48:35,905 [pool-37-thread-1] INFO  server.RaftServerConfigKeys (ConfUtils.java:logGet(43)) - raft.server.log.preallocated.size = 16384 (custom)
2019-09-26 12:48:35,905 [pool-37-thread-1] INFO  server.RaftServerConfigKeys (ConfUtils.java:logGet(43)) - raft.server.log.write.buffer.size = 33554432 (custom)
2019-09-26 12:48:35,906 [pool-37-thread-1] INFO  server.RaftServerConfigKeys (ConfUtils.java:logGet(43)) - raft.server.log.force.sync.num = 128 (default)
2019-09-26 12:48:35,906 [pool-37-thread-1] INFO  server.RaftServerConfigKeys (ConfUtils.java:logGet(43)) - raft.server.log.statemachine.data.sync = true (default)
2019-09-26 12:48:35,906 [pool-37-thread-1] INFO  server.RaftServerConfigKeys (ConfUtils.java:logGet(43)) - raft.server.log.statemachine.data.sync.timeout = 10s (default)
2019-09-26 12:48:35,906 [pool-37-thread-1] INFO  server.RaftServerConfigKeys (ConfUtils.java:logGet(43)) - raft.server.log.statemachine.data.sync.timeout.retry = -1 (default)
2019-09-26 12:48:35,906 [pool-37-thread-1] INFO  server.RaftServerConfigKeys (ConfUtils.java:logGet(43)) - raft.server.log.statemachine.data.caching.enabled = true (custom)
2019-09-26 12:48:35,907 [pool-37-thread-1] INFO  segmented.SegmentedRaftLogWorker (SegmentedRaftLogWorker.java:lambda$new$0(132)) - 820851e1-bdcd-45a0-8164-1185e4eb16e4@group-BC82A538DF81-SegmentedRaftLogWorker: flushIndex: setUnconditionally 0 -> -1
2019-09-26 12:48:35,907 [pool-37-thread-1] INFO  server.RaftServerConfigKeys (ConfUtils.java:logGet(43)) - raft.server.snapshot.auto.trigger.enabled = true (custom)
2019-09-26 12:48:35,907 [pool-37-thread-1] INFO  server.RaftServerConfigKeys (ConfUtils.java:logGet(43)) - raft.server.snapshot.auto.trigger.threshold = 10000 (custom)
2019-09-26 12:48:35,907 [pool-37-thread-1] INFO  server.RaftServerConfigKeys (ConfUtils.java:logGet(43)) - raft.server.snapshot.retention.num.files = 5 (custom)
2019-09-26 12:48:35,908 [pool-37-thread-1] INFO  server.RaftServerConfigKeys (ConfUtils.java:logGet(43)) - raft.server.retrycache.expirytime = 600000ms (custom)
2019-09-26 12:48:35,911 [pool-37-thread-1] INFO  impl.RaftServerImpl (RaftServerImpl.java:start(185)) - 820851e1-bdcd-45a0-8164-1185e4eb16e4@group-BC82A538DF81: start as a follower, conf=-1: [820851e1-bdcd-45a0-8164-1185e4eb16e4:192.168.164.238:44266], old=null
2019-09-26 12:48:35,911 [pool-37-thread-1] INFO  impl.RaftServerImpl (RaftServerImpl.java:setRole(174)) - 820851e1-bdcd-45a0-8164-1185e4eb16e4@group-BC82A538DF81: changes role from      null to FOLLOWER at term 0 for startAsFollower
2019-09-26 12:48:35,911 [pool-37-thread-1] INFO  impl.RoleInfo (RoleInfo.java:updateAndGet(143)) - 820851e1-bdcd-45a0-8164-1185e4eb16e4: start FollowerState
2019-09-26 12:48:35,912 [pool-37-thread-1] INFO  util.JmxRegister (JmxRegister.java:tryRegister(44)) - Successfully registered JMX Bean with object name Ratis:service=RaftServer,group=group-BC82A538DF81,id=820851e1-bdcd-45a0-8164-1185e4eb16e4
2019-09-26 12:48:35,917 [RatisPipelineUtilsThread] INFO  pipeline.PipelineStateManager (PipelineStateManager.java:addPipeline(56)) - Created pipeline Pipeline[ Id: f85db412-9ee9-4e23-8df0-bc82a538df81, Nodes: 820851e1-bdcd-45a0-8164-1185e4eb16e4{ip: 192.168.164.238, host: pr-hdds-1569-87zkn-1081879488, networkLocation: /default-rack, certSerialId: null}, Type:RATIS, Factor:ONE, State:OPEN]
2019-09-26 12:48:35,917 [RatisPipelineUtilsThread] INFO  pipeline.PipelinePlacementPolicy (PipelinePlacementPolicy.java:meetCriteria(91)) - Pipeline Placement: can't place more pipeline on heavy datanode： 20e591b8-fc6c-46b8-8fe6-42f3b5d430cb Heaviness: 6 limit: 5
2019-09-26 12:48:35,917 [RatisPipelineUtilsThread] INFO  pipeline.PipelinePlacementPolicy (PipelinePlacementPolicy.java:meetCriteria(91)) - Pipeline Placement: can't place more pipeline on heavy datanode： 820851e1-bdcd-45a0-8164-1185e4eb16e4 Heaviness: 6 limit: 5
2019-09-26 12:48:35,917 [RatisPipelineUtilsThread] INFO  pipeline.PipelinePlacementPolicy (PipelinePlacementPolicy.java:meetCriteria(91)) - Pipeline Placement: can't place more pipeline on heavy datanode： 6058261b-904a-43cb-870c-12000dee09bb Heaviness: 6 limit: 5
2019-09-26 12:48:35,918 [RatisPipelineUtilsThread] ERROR pipeline.PipelinePlacementPolicy (PipelinePlacementPolicy.java:filterViableNodes(148)) - Unable to find enough nodes that meet the criteria that cannot engage in more than 5 pipelines. Nodes required: 1 Found: 0, healthy nodes count inNodeManager: 3.
2019-09-26 12:48:35,920 [RatisPipelineUtilsThread] ERROR pipeline.SCMPipelineManager (SCMPipelineManager.java:createPipeline(167)) - Pipeline creation failed.
org.apache.hadoop.hdds.scm.exceptions.SCMException: Unable to find enough nodes that meet the criteria that cannot engage in more than 5 pipelines. Nodes required: 1 Found: 0, healthy nodes count inNodeManager: 3.
	at org.apache.hadoop.hdds.scm.pipeline.PipelinePlacementPolicy.filterViableNodes(PipelinePlacementPolicy.java:149)
	at org.apache.hadoop.hdds.scm.pipeline.PipelinePlacementPolicy.chooseDatanodes(PipelinePlacementPolicy.java:172)
	at org.apache.hadoop.hdds.scm.pipeline.RatisPipelineProvider.create(RatisPipelineProvider.java:93)
	at org.apache.hadoop.hdds.scm.pipeline.PipelineFactory.create(PipelineFactory.java:58)
	at org.apache.hadoop.hdds.scm.pipeline.SCMPipelineManager.createPipeline(SCMPipelineManager.java:155)
	at org.apache.hadoop.hdds.scm.pipeline.BackgroundPipelineCreator.createPipelines(BackgroundPipelineCreator.java:99)
	at java.util.concurrent.Executors$RunnableAdapter.call(Executors.java:511)
	at java.util.concurrent.FutureTask.run(FutureTask.java:266)
	at java.util.concurrent.ScheduledThreadPoolExecutor$ScheduledFutureTask.access$201(ScheduledThreadPoolExecutor.java:180)
	at java.util.concurrent.ScheduledThreadPoolExecutor$ScheduledFutureTask.run(ScheduledThreadPoolExecutor.java:293)
	at java.util.concurrent.ThreadPoolExecutor.runWorker(ThreadPoolExecutor.java:1149)
	at java.util.concurrent.ThreadPoolExecutor$Worker.run(ThreadPoolExecutor.java:624)
	at java.lang.Thread.run(Thread.java:748)
2019-09-26 12:48:35,922 [RatisPipelineUtilsThread] INFO  pipeline.PipelinePlacementPolicy (PipelinePlacementPolicy.java:meetCriteria(91)) - Pipeline Placement: can't place more pipeline on heavy datanode： 20e591b8-fc6c-46b8-8fe6-42f3b5d430cb Heaviness: 6 limit: 5
2019-09-26 12:48:35,922 [RatisPipelineUtilsThread] INFO  pipeline.PipelinePlacementPolicy (PipelinePlacementPolicy.java:meetCriteria(91)) - Pipeline Placement: can't place more pipeline on heavy datanode： 820851e1-bdcd-45a0-8164-1185e4eb16e4 Heaviness: 6 limit: 5
2019-09-26 12:48:35,922 [RatisPipelineUtilsThread] INFO  pipeline.PipelinePlacementPolicy (PipelinePlacementPolicy.java:meetCriteria(91)) - Pipeline Placement: can't place more pipeline on heavy datanode： 6058261b-904a-43cb-870c-12000dee09bb Heaviness: 6 limit: 5
2019-09-26 12:48:35,922 [RatisPipelineUtilsThread] ERROR pipeline.PipelinePlacementPolicy (PipelinePlacementPolicy.java:filterViableNodes(148)) - Unable to find enough nodes that meet the criteria that cannot engage in more than 5 pipelines. Nodes required: 3 Found: 0, healthy nodes count inNodeManager: 3.
2019-09-26 12:48:35,922 [RatisPipelineUtilsThread] ERROR pipeline.SCMPipelineManager (SCMPipelineManager.java:createPipeline(167)) - Pipeline creation failed.
org.apache.hadoop.hdds.scm.exceptions.SCMException: Unable to find enough nodes that meet the criteria that cannot engage in more than 5 pipelines. Nodes required: 3 Found: 0, healthy nodes count inNodeManager: 3.
	at org.apache.hadoop.hdds.scm.pipeline.PipelinePlacementPolicy.filterViableNodes(PipelinePlacementPolicy.java:149)
	at org.apache.hadoop.hdds.scm.pipeline.PipelinePlacementPolicy.chooseDatanodes(PipelinePlacementPolicy.java:172)
	at org.apache.hadoop.hdds.scm.pipeline.RatisPipelineProvider.create(RatisPipelineProvider.java:93)
	at org.apache.hadoop.hdds.scm.pipeline.PipelineFactory.create(PipelineFactory.java:58)
	at org.apache.hadoop.hdds.scm.pipeline.SCMPipelineManager.createPipeline(SCMPipelineManager.java:155)
	at org.apache.hadoop.hdds.scm.pipeline.BackgroundPipelineCreator.createPipelines(BackgroundPipelineCreator.java:99)
	at java.util.concurrent.Executors$RunnableAdapter.call(Executors.java:511)
	at java.util.concurrent.FutureTask.run(FutureTask.java:266)
	at java.util.concurrent.ScheduledThreadPoolExecutor$ScheduledFutureTask.access$201(ScheduledThreadPoolExecutor.java:180)
	at java.util.concurrent.ScheduledThreadPoolExecutor$ScheduledFutureTask.run(ScheduledThreadPoolExecutor.java:293)
	at java.util.concurrent.ThreadPoolExecutor.runWorker(ThreadPoolExecutor.java:1149)
	at java.util.concurrent.ThreadPoolExecutor$Worker.run(ThreadPoolExecutor.java:624)
	at java.lang.Thread.run(Thread.java:748)
2019-09-26 12:48:35,926 [RatisPipelineUtilsThread] INFO  pipeline.PipelinePlacementPolicy (PipelinePlacementPolicy.java:meetCriteria(91)) - Pipeline Placement: can't place more pipeline on heavy datanode： 20e591b8-fc6c-46b8-8fe6-42f3b5d430cb Heaviness: 6 limit: 5
2019-09-26 12:48:35,926 [RatisPipelineUtilsThread] INFO  pipeline.PipelinePlacementPolicy (PipelinePlacementPolicy.java:meetCriteria(91)) - Pipeline Placement: can't place more pipeline on heavy datanode： 820851e1-bdcd-45a0-8164-1185e4eb16e4 Heaviness: 6 limit: 5
2019-09-26 12:48:35,926 [RatisPipelineUtilsThread] INFO  pipeline.PipelinePlacementPolicy (PipelinePlacementPolicy.java:meetCriteria(91)) - Pipeline Placement: can't place more pipeline on heavy datanode： 6058261b-904a-43cb-870c-12000dee09bb Heaviness: 6 limit: 5
2019-09-26 12:48:35,926 [RatisPipelineUtilsThread] ERROR pipeline.PipelinePlacementPolicy (PipelinePlacementPolicy.java:filterViableNodes(148)) - Unable to find enough nodes that meet the criteria that cannot engage in more than 5 pipelines. Nodes required: 1 Found: 0, healthy nodes count inNodeManager: 3.
2019-09-26 12:48:35,926 [RatisPipelineUtilsThread] ERROR pipeline.SCMPipelineManager (SCMPipelineManager.java:createPipeline(167)) - Pipeline creation failed.
org.apache.hadoop.hdds.scm.exceptions.SCMException: Unable to find enough nodes that meet the criteria that cannot engage in more than 5 pipelines. Nodes required: 1 Found: 0, healthy nodes count inNodeManager: 3.
	at org.apache.hadoop.hdds.scm.pipeline.PipelinePlacementPolicy.filterViableNodes(PipelinePlacementPolicy.java:149)
	at org.apache.hadoop.hdds.scm.pipeline.PipelinePlacementPolicy.chooseDatanodes(PipelinePlacementPolicy.java:172)
	at org.apache.hadoop.hdds.scm.pipeline.RatisPipelineProvider.create(RatisPipelineProvider.java:93)
	at org.apache.hadoop.hdds.scm.pipeline.PipelineFactory.create(PipelineFactory.java:58)
	at org.apache.hadoop.hdds.scm.pipeline.SCMPipelineManager.createPipeline(SCMPipelineManager.java:155)
	at org.apache.hadoop.hdds.scm.pipeline.BackgroundPipelineCreator.createPipelines(BackgroundPipelineCreator.java:99)
	at org.apache.hadoop.hdds.scm.pipeline.BackgroundPipelineCreator.lambda$startFixedIntervalPipelineCreator$0(BackgroundPipelineCreator.java:70)
	at java.util.concurrent.Executors$RunnableAdapter.call(Executors.java:511)
	at java.util.concurrent.FutureTask.runAndReset(FutureTask.java:308)
	at java.util.concurrent.ScheduledThreadPoolExecutor$ScheduledFutureTask.access$301(ScheduledThreadPoolExecutor.java:180)
	at java.util.concurrent.ScheduledThreadPoolExecutor$ScheduledFutureTask.run(ScheduledThreadPoolExecutor.java:294)
	at java.util.concurrent.ThreadPoolExecutor.runWorker(ThreadPoolExecutor.java:1149)
	at java.util.concurrent.ThreadPoolExecutor$Worker.run(ThreadPoolExecutor.java:624)
	at java.lang.Thread.run(Thread.java:748)
2019-09-26 12:48:35,927 [RatisPipelineUtilsThread] INFO  pipeline.PipelinePlacementPolicy (PipelinePlacementPolicy.java:meetCriteria(91)) - Pipeline Placement: can't place more pipeline on heavy datanode： 20e591b8-fc6c-46b8-8fe6-42f3b5d430cb Heaviness: 6 limit: 5
2019-09-26 12:48:35,927 [RatisPipelineUtilsThread] INFO  pipeline.PipelinePlacementPolicy (PipelinePlacementPolicy.java:meetCriteria(91)) - Pipeline Placement: can't place more pipeline on heavy datanode： 820851e1-bdcd-45a0-8164-1185e4eb16e4 Heaviness: 6 limit: 5
2019-09-26 12:48:35,927 [RatisPipelineUtilsThread] INFO  pipeline.PipelinePlacementPolicy (PipelinePlacementPolicy.java:meetCriteria(91)) - Pipeline Placement: can't place more pipeline on heavy datanode： 6058261b-904a-43cb-870c-12000dee09bb Heaviness: 6 limit: 5
2019-09-26 12:48:35,927 [RatisPipelineUtilsThread] ERROR pipeline.PipelinePlacementPolicy (PipelinePlacementPolicy.java:filterViableNodes(148)) - Unable to find enough nodes that meet the criteria that cannot engage in more than 5 pipelines. Nodes required: 3 Found: 0, healthy nodes count inNodeManager: 3.
2019-09-26 12:48:35,927 [RatisPipelineUtilsThread] ERROR pipeline.SCMPipelineManager (SCMPipelineManager.java:createPipeline(167)) - Pipeline creation failed.
org.apache.hadoop.hdds.scm.exceptions.SCMException: Unable to find enough nodes that meet the criteria that cannot engage in more than 5 pipelines. Nodes required: 3 Found: 0, healthy nodes count inNodeManager: 3.
	at org.apache.hadoop.hdds.scm.pipeline.PipelinePlacementPolicy.filterViableNodes(PipelinePlacementPolicy.java:149)
	at org.apache.hadoop.hdds.scm.pipeline.PipelinePlacementPolicy.chooseDatanodes(PipelinePlacementPolicy.java:172)
	at org.apache.hadoop.hdds.scm.pipeline.RatisPipelineProvider.create(RatisPipelineProvider.java:93)
	at org.apache.hadoop.hdds.scm.pipeline.PipelineFactory.create(PipelineFactory.java:58)
	at org.apache.hadoop.hdds.scm.pipeline.SCMPipelineManager.createPipeline(SCMPipelineManager.java:155)
	at org.apache.hadoop.hdds.scm.pipeline.BackgroundPipelineCreator.createPipelines(BackgroundPipelineCreator.java:99)
	at org.apache.hadoop.hdds.scm.pipeline.BackgroundPipelineCreator.lambda$startFixedIntervalPipelineCreator$0(BackgroundPipelineCreator.java:70)
	at java.util.concurrent.Executors$RunnableAdapter.call(Executors.java:511)
	at java.util.concurrent.FutureTask.runAndReset(FutureTask.java:308)
	at java.util.concurrent.ScheduledThreadPoolExecutor$ScheduledFutureTask.access$301(ScheduledThreadPoolExecutor.java:180)
	at java.util.concurrent.ScheduledThreadPoolExecutor$ScheduledFutureTask.run(ScheduledThreadPoolExecutor.java:294)
	at java.util.concurrent.ThreadPoolExecutor.runWorker(ThreadPoolExecutor.java:1149)
	at java.util.concurrent.ThreadPoolExecutor$Worker.run(ThreadPoolExecutor.java:624)
	at java.lang.Thread.run(Thread.java:748)
2019-09-26 12:48:36,380 [main] INFO  impl.MetricsSystemImpl (MetricsSystemImpl.java:init(158)) - XceiverClientMetrics metrics system started (again)
2019-09-26 12:48:36,915 [Thread-178] INFO  container.ReplicationManager (ReplicationManager.java:start(163)) - Starting Replication Monitor Thread.
2019-09-26 12:48:36,919 [ReplicationMonitor] INFO  container.ReplicationManager (ReplicationManager.java:run(226)) - Replication Monitor Thread took 3 milliseconds for processing 1 containers.
2019-09-26 12:48:39,718 [Thread-183] INFO  impl.FollowerState (FollowerState.java:run(106)) - 20e591b8-fc6c-46b8-8fe6-42f3b5d430cb:group-8ECCC4468ADB changes to CANDIDATE, lastRpcTime:5112, electionTimeout:5112ms
2019-09-26 12:48:39,722 [Thread-183] INFO  impl.RoleInfo (RoleInfo.java:shutdownFollowerState(121)) - 20e591b8-fc6c-46b8-8fe6-42f3b5d430cb: shutdown FollowerState
2019-09-26 12:48:39,722 [Thread-183] INFO  impl.RaftServerImpl (RaftServerImpl.java:setRole(174)) - 20e591b8-fc6c-46b8-8fe6-42f3b5d430cb@group-8ECCC4468ADB: changes role from  FOLLOWER to CANDIDATE at term 0 for changeToCandidate
2019-09-26 12:48:39,729 [Thread-183] INFO  impl.RoleInfo (RoleInfo.java:updateAndGet(143)) - 20e591b8-fc6c-46b8-8fe6-42f3b5d430cb: start LeaderElection
2019-09-26 12:48:39,747 [20e591b8-fc6c-46b8-8fe6-42f3b5d430cb@group-8ECCC4468ADB:LeaderElection1] INFO  impl.LeaderElection (LeaderElection.java:askForVotes(182)) - 20e591b8-fc6c-46b8-8fe6-42f3b5d430cb@group-8ECCC4468ADB:LeaderElection1: begin an election at term 1 for -1: [20e591b8-fc6c-46b8-8fe6-42f3b5d430cb:192.168.164.238:44054], old=null
2019-09-26 12:48:39,749 [20e591b8-fc6c-46b8-8fe6-42f3b5d430cb@group-8ECCC4468ADB:LeaderElection1] INFO  impl.RoleInfo (RoleInfo.java:shutdownLeaderElection(134)) - 20e591b8-fc6c-46b8-8fe6-42f3b5d430cb: shutdown LeaderElection
2019-09-26 12:48:39,749 [20e591b8-fc6c-46b8-8fe6-42f3b5d430cb@group-8ECCC4468ADB:LeaderElection1] INFO  impl.RaftServerImpl (RaftServerImpl.java:setRole(174)) - 20e591b8-fc6c-46b8-8fe6-42f3b5d430cb@group-8ECCC4468ADB: changes role from CANDIDATE to LEADER at term 1 for changeToLeader
2019-09-26 12:48:39,750 [20e591b8-fc6c-46b8-8fe6-42f3b5d430cb@group-8ECCC4468ADB:LeaderElection1] INFO  impl.RaftServerImpl (ServerState.java:setLeader(253)) - 20e591b8-fc6c-46b8-8fe6-42f3b5d430cb@group-8ECCC4468ADB: change Leader from null to 20e591b8-fc6c-46b8-8fe6-42f3b5d430cb at term 1 for becomeLeader, leader elected after 5258ms
2019-09-26 12:48:39,756 [20e591b8-fc6c-46b8-8fe6-42f3b5d430cb@group-8ECCC4468ADB:LeaderElection1] INFO  server.RaftServerConfigKeys (ConfUtils.java:logGet(43)) - raft.server.staging.catchup.gap = 1000 (default)
2019-09-26 12:48:39,757 [20e591b8-fc6c-46b8-8fe6-42f3b5d430cb@group-8ECCC4468ADB:LeaderElection1] INFO  server.RaftServerConfigKeys (ConfUtils.java:logGet(43)) - raft.server.rpc.sleep.time = 25ms (default)
2019-09-26 12:48:39,760 [20e591b8-fc6c-46b8-8fe6-42f3b5d430cb@group-8ECCC4468ADB:LeaderElection1] INFO  server.RaftServerConfigKeys (ConfUtils.java:logGet(43)) - raft.server.write.element-limit = 4096 (default)
2019-09-26 12:48:39,763 [20e591b8-fc6c-46b8-8fe6-42f3b5d430cb@group-8ECCC4468ADB:LeaderElection1] INFO  server.RaftServerConfigKeys (ConfUtils.java:logGet(43)) - raft.server.watch.timeout = 10s (default)
2019-09-26 12:48:39,763 [20e591b8-fc6c-46b8-8fe6-42f3b5d430cb@group-8ECCC4468ADB:LeaderElection1] INFO  server.RaftServerConfigKeys (ConfUtils.java:logGet(43)) - raft.server.watch.timeout.denomination = 1s (default)
2019-09-26 12:48:39,764 [20e591b8-fc6c-46b8-8fe6-42f3b5d430cb@group-8ECCC4468ADB:LeaderElection1] INFO  server.RaftServerConfigKeys (ConfUtils.java:logGet(43)) - raft.server.watch.element-limit = 65536 (default)
2019-09-26 12:48:39,776 [20e591b8-fc6c-46b8-8fe6-42f3b5d430cb@group-8ECCC4468ADB:LeaderElection1] INFO  impl.RoleInfo (RoleInfo.java:updateAndGet(143)) - 20e591b8-fc6c-46b8-8fe6-42f3b5d430cb: start LeaderState
2019-09-26 12:48:39,793 [20e591b8-fc6c-46b8-8fe6-42f3b5d430cb@group-8ECCC4468ADB:LeaderElection1] INFO  segmented.SegmentedRaftLogWorker (SegmentedRaftLogWorker.java:startLogSegment(380)) - 20e591b8-fc6c-46b8-8fe6-42f3b5d430cb@group-8ECCC4468ADB-SegmentedRaftLogWorker: Starting segment from index:0
2019-09-26 12:48:39,802 [20e591b8-fc6c-46b8-8fe6-42f3b5d430cb@group-8ECCC4468ADB:LeaderElection1] INFO  impl.RaftServerImpl (ServerState.java:setRaftConf(354)) - 20e591b8-fc6c-46b8-8fe6-42f3b5d430cb@group-8ECCC4468ADB: set configuration 0: [20e591b8-fc6c-46b8-8fe6-42f3b5d430cb:192.168.164.238:44054], old=null at 0
2019-09-26 12:48:39,847 [Thread-186] INFO  impl.FollowerState (FollowerState.java:run(106)) - 820851e1-bdcd-45a0-8164-1185e4eb16e4:group-AFE61F2F5FC3 changes to CANDIDATE, lastRpcTime:5077, electionTimeout:5076ms
2019-09-26 12:48:39,849 [Thread-186] INFO  impl.RoleInfo (RoleInfo.java:shutdownFollowerState(121)) - 820851e1-bdcd-45a0-8164-1185e4eb16e4: shutdown FollowerState
2019-09-26 12:48:39,849 [Thread-186] INFO  impl.RaftServerImpl (RaftServerImpl.java:setRole(174)) - 820851e1-bdcd-45a0-8164-1185e4eb16e4@group-AFE61F2F5FC3: changes role from  FOLLOWER to CANDIDATE at term 0 for changeToCandidate
2019-09-26 12:48:39,849 [Thread-186] INFO  impl.RoleInfo (RoleInfo.java:updateAndGet(143)) - 820851e1-bdcd-45a0-8164-1185e4eb16e4: start LeaderElection
2019-09-26 12:48:39,866 [820851e1-bdcd-45a0-8164-1185e4eb16e4@group-AFE61F2F5FC3:LeaderElection2] INFO  impl.LeaderElection (LeaderElection.java:askForVotes(182)) - 820851e1-bdcd-45a0-8164-1185e4eb16e4@group-AFE61F2F5FC3:LeaderElection2: begin an election at term 1 for -1: [820851e1-bdcd-45a0-8164-1185e4eb16e4:192.168.164.238:44266], old=null
2019-09-26 12:48:39,866 [820851e1-bdcd-45a0-8164-1185e4eb16e4@group-AFE61F2F5FC3:LeaderElection2] INFO  impl.RoleInfo (RoleInfo.java:shutdownLeaderElection(134)) - 820851e1-bdcd-45a0-8164-1185e4eb16e4: shutdown LeaderElection
2019-09-26 12:48:39,866 [820851e1-bdcd-45a0-8164-1185e4eb16e4@group-AFE61F2F5FC3:LeaderElection2] INFO  impl.RaftServerImpl (RaftServerImpl.java:setRole(174)) - 820851e1-bdcd-45a0-8164-1185e4eb16e4@group-AFE61F2F5FC3: changes role from CANDIDATE to LEADER at term 1 for changeToLeader
2019-09-26 12:48:39,866 [820851e1-bdcd-45a0-8164-1185e4eb16e4@group-AFE61F2F5FC3:LeaderElection2] INFO  impl.RaftServerImpl (ServerState.java:setLeader(253)) - 820851e1-bdcd-45a0-8164-1185e4eb16e4@group-AFE61F2F5FC3: change Leader from null to 820851e1-bdcd-45a0-8164-1185e4eb16e4 at term 1 for becomeLeader, leader elected after 5109ms
2019-09-26 12:48:39,866 [820851e1-bdcd-45a0-8164-1185e4eb16e4@group-AFE61F2F5FC3:LeaderElection2] INFO  server.RaftServerConfigKeys (ConfUtils.java:logGet(43)) - raft.server.staging.catchup.gap = 1000 (default)
2019-09-26 12:48:39,867 [820851e1-bdcd-45a0-8164-1185e4eb16e4@group-AFE61F2F5FC3:LeaderElection2] INFO  server.RaftServerConfigKeys (ConfUtils.java:logGet(43)) - raft.server.rpc.sleep.time = 25ms (default)
2019-09-26 12:48:39,867 [820851e1-bdcd-45a0-8164-1185e4eb16e4@group-AFE61F2F5FC3:LeaderElection2] INFO  server.RaftServerConfigKeys (ConfUtils.java:logGet(43)) - raft.server.write.element-limit = 4096 (default)
2019-09-26 12:48:39,867 [820851e1-bdcd-45a0-8164-1185e4eb16e4@group-AFE61F2F5FC3:LeaderElection2] INFO  server.RaftServerConfigKeys (ConfUtils.java:logGet(43)) - raft.server.watch.timeout = 10s (default)
2019-09-26 12:48:39,867 [820851e1-bdcd-45a0-8164-1185e4eb16e4@group-AFE61F2F5FC3:LeaderElection2] INFO  server.RaftServerConfigKeys (ConfUtils.java:logGet(43)) - raft.server.watch.timeout.denomination = 1s (default)
2019-09-26 12:48:39,867 [820851e1-bdcd-45a0-8164-1185e4eb16e4@group-AFE61F2F5FC3:LeaderElection2] INFO  server.RaftServerConfigKeys (ConfUtils.java:logGet(43)) - raft.server.watch.element-limit = 65536 (default)
2019-09-26 12:48:39,869 [820851e1-bdcd-45a0-8164-1185e4eb16e4@group-AFE61F2F5FC3:LeaderElection2] INFO  impl.RoleInfo (RoleInfo.java:updateAndGet(143)) - 820851e1-bdcd-45a0-8164-1185e4eb16e4: start LeaderState
2019-09-26 12:48:39,870 [820851e1-bdcd-45a0-8164-1185e4eb16e4@group-AFE61F2F5FC3:LeaderElection2] INFO  segmented.SegmentedRaftLogWorker (SegmentedRaftLogWorker.java:startLogSegment(380)) - 820851e1-bdcd-45a0-8164-1185e4eb16e4@group-AFE61F2F5FC3-SegmentedRaftLogWorker: Starting segment from index:0
2019-09-26 12:48:39,870 [820851e1-bdcd-45a0-8164-1185e4eb16e4@group-AFE61F2F5FC3:LeaderElection2] INFO  impl.RaftServerImpl (ServerState.java:setRaftConf(354)) - 820851e1-bdcd-45a0-8164-1185e4eb16e4@group-AFE61F2F5FC3: set configuration 0: [820851e1-bdcd-45a0-8164-1185e4eb16e4:192.168.164.238:44266], old=null at 0
2019-09-26 12:48:39,997 [820851e1-bdcd-45a0-8164-1185e4eb16e4@group-AFE61F2F5FC3-SegmentedRaftLogWorker] INFO  segmented.SegmentedRaftLogWorker (SegmentedRaftLogWorker.java:execute(569)) - 820851e1-bdcd-45a0-8164-1185e4eb16e4@group-AFE61F2F5FC3-SegmentedRaftLogWorker: created new log segment /workdir/hadoop-ozone/integration-test/target/test-dir/MiniOzoneClusterImpl-081de17b-1a38-412a-aff9-ce4303794a7e/datanode-1/data/ratis/77847834-9108-4efe-a8c3-afe61f2f5fc3/current/log_inprogress_0
2019-09-26 12:48:39,997 [20e591b8-fc6c-46b8-8fe6-42f3b5d430cb@group-8ECCC4468ADB-SegmentedRaftLogWorker] INFO  segmented.SegmentedRaftLogWorker (SegmentedRaftLogWorker.java:execute(569)) - 20e591b8-fc6c-46b8-8fe6-42f3b5d430cb@group-8ECCC4468ADB-SegmentedRaftLogWorker: created new log segment /workdir/hadoop-ozone/integration-test/target/test-dir/MiniOzoneClusterImpl-081de17b-1a38-412a-aff9-ce4303794a7e/datanode-0/data/ratis/3e67ce16-e8a2-45e8-8e5d-8eccc4468adb/current/log_inprogress_0
2019-09-26 12:48:40,000 [Thread-189] INFO  impl.FollowerState (FollowerState.java:run(106)) - 20e591b8-fc6c-46b8-8fe6-42f3b5d430cb:group-BD317DC8FD59 changes to CANDIDATE, lastRpcTime:5134, electionTimeout:5134ms
2019-09-26 12:48:40,000 [Thread-189] INFO  impl.RoleInfo (RoleInfo.java:shutdownFollowerState(121)) - 20e591b8-fc6c-46b8-8fe6-42f3b5d430cb: shutdown FollowerState
2019-09-26 12:48:40,000 [Thread-189] INFO  impl.RaftServerImpl (RaftServerImpl.java:setRole(174)) - 20e591b8-fc6c-46b8-8fe6-42f3b5d430cb@group-BD317DC8FD59: changes role from  FOLLOWER to CANDIDATE at term 0 for changeToCandidate
2019-09-26 12:48:40,001 [Thread-189] INFO  impl.RoleInfo (RoleInfo.java:updateAndGet(143)) - 20e591b8-fc6c-46b8-8fe6-42f3b5d430cb: start LeaderElection
2019-09-26 12:48:40,019 [20e591b8-fc6c-46b8-8fe6-42f3b5d430cb@group-BD317DC8FD59:LeaderElection3] INFO  impl.LeaderElection (LeaderElection.java:askForVotes(182)) - 20e591b8-fc6c-46b8-8fe6-42f3b5d430cb@group-BD317DC8FD59:LeaderElection3: begin an election at term 1 for -1: [20e591b8-fc6c-46b8-8fe6-42f3b5d430cb:192.168.164.238:44054], old=null
2019-09-26 12:48:40,020 [20e591b8-fc6c-46b8-8fe6-42f3b5d430cb@group-BD317DC8FD59:LeaderElection3] INFO  impl.RoleInfo (RoleInfo.java:shutdownLeaderElection(134)) - 20e591b8-fc6c-46b8-8fe6-42f3b5d430cb: shutdown LeaderElection
2019-09-26 12:48:40,021 [20e591b8-fc6c-46b8-8fe6-42f3b5d430cb@group-BD317DC8FD59:LeaderElection3] INFO  impl.RaftServerImpl (RaftServerImpl.java:setRole(174)) - 20e591b8-fc6c-46b8-8fe6-42f3b5d430cb@group-BD317DC8FD59: changes role from CANDIDATE to LEADER at term 1 for changeToLeader
2019-09-26 12:48:40,021 [20e591b8-fc6c-46b8-8fe6-42f3b5d430cb@group-BD317DC8FD59:LeaderElection3] INFO  impl.RaftServerImpl (ServerState.java:setLeader(253)) - 20e591b8-fc6c-46b8-8fe6-42f3b5d430cb@group-BD317DC8FD59: change Leader from null to 20e591b8-fc6c-46b8-8fe6-42f3b5d430cb at term 1 for becomeLeader, leader elected after 5178ms
2019-09-26 12:48:40,021 [20e591b8-fc6c-46b8-8fe6-42f3b5d430cb@group-BD317DC8FD59:LeaderElection3] INFO  server.RaftServerConfigKeys (ConfUtils.java:logGet(43)) - raft.server.staging.catchup.gap = 1000 (default)
2019-09-26 12:48:40,021 [20e591b8-fc6c-46b8-8fe6-42f3b5d430cb@group-BD317DC8FD59:LeaderElection3] INFO  server.RaftServerConfigKeys (ConfUtils.java:logGet(43)) - raft.server.rpc.sleep.time = 25ms (default)
2019-09-26 12:48:40,021 [20e591b8-fc6c-46b8-8fe6-42f3b5d430cb@group-BD317DC8FD59:LeaderElection3] INFO  server.RaftServerConfigKeys (ConfUtils.java:logGet(43)) - raft.server.write.element-limit = 4096 (default)
2019-09-26 12:48:40,021 [20e591b8-fc6c-46b8-8fe6-42f3b5d430cb@group-BD317DC8FD59:LeaderElection3] INFO  server.RaftServerConfigKeys (ConfUtils.java:logGet(43)) - raft.server.watch.timeout = 10s (default)
2019-09-26 12:48:40,021 [20e591b8-fc6c-46b8-8fe6-42f3b5d430cb@group-BD317DC8FD59:LeaderElection3] INFO  server.RaftServerConfigKeys (ConfUtils.java:logGet(43)) - raft.server.watch.timeout.denomination = 1s (default)
2019-09-26 12:48:40,021 [20e591b8-fc6c-46b8-8fe6-42f3b5d430cb@group-BD317DC8FD59:LeaderElection3] INFO  server.RaftServerConfigKeys (ConfUtils.java:logGet(43)) - raft.server.watch.element-limit = 65536 (default)
2019-09-26 12:48:40,024 [20e591b8-fc6c-46b8-8fe6-42f3b5d430cb@group-BD317DC8FD59:LeaderElection3] INFO  impl.RoleInfo (RoleInfo.java:updateAndGet(143)) - 20e591b8-fc6c-46b8-8fe6-42f3b5d430cb: start LeaderState
2019-09-26 12:48:40,024 [20e591b8-fc6c-46b8-8fe6-42f3b5d430cb@group-BD317DC8FD59:LeaderElection3] INFO  segmented.SegmentedRaftLogWorker (SegmentedRaftLogWorker.java:startLogSegment(380)) - 20e591b8-fc6c-46b8-8fe6-42f3b5d430cb@group-BD317DC8FD59-SegmentedRaftLogWorker: Starting segment from index:0
2019-09-26 12:48:40,025 [20e591b8-fc6c-46b8-8fe6-42f3b5d430cb@group-BD317DC8FD59:LeaderElection3] INFO  impl.RaftServerImpl (ServerState.java:setRaftConf(354)) - 20e591b8-fc6c-46b8-8fe6-42f3b5d430cb@group-BD317DC8FD59: set configuration 0: [20e591b8-fc6c-46b8-8fe6-42f3b5d430cb:192.168.164.238:44054], old=null at 0
2019-09-26 12:48:40,051 [Thread-192] INFO  impl.FollowerState (FollowerState.java:run(106)) - 20e591b8-fc6c-46b8-8fe6-42f3b5d430cb:group-AAFE6478843F changes to CANDIDATE, lastRpcTime:5125, electionTimeout:5124ms
2019-09-26 12:48:40,051 [Thread-192] INFO  impl.RoleInfo (RoleInfo.java:shutdownFollowerState(121)) - 20e591b8-fc6c-46b8-8fe6-42f3b5d430cb: shutdown FollowerState
2019-09-26 12:48:40,051 [Thread-192] INFO  impl.RaftServerImpl (RaftServerImpl.java:setRole(174)) - 20e591b8-fc6c-46b8-8fe6-42f3b5d430cb@group-AAFE6478843F: changes role from  FOLLOWER to CANDIDATE at term 0 for changeToCandidate
2019-09-26 12:48:40,052 [Thread-192] INFO  impl.RoleInfo (RoleInfo.java:updateAndGet(143)) - 20e591b8-fc6c-46b8-8fe6-42f3b5d430cb: start LeaderElection
2019-09-26 12:48:40,064 [20e591b8-fc6c-46b8-8fe6-42f3b5d430cb@group-BD317DC8FD59-SegmentedRaftLogWorker] INFO  segmented.SegmentedRaftLogWorker (SegmentedRaftLogWorker.java:execute(569)) - 20e591b8-fc6c-46b8-8fe6-42f3b5d430cb@group-BD317DC8FD59-SegmentedRaftLogWorker: created new log segment /workdir/hadoop-ozone/integration-test/target/test-dir/MiniOzoneClusterImpl-081de17b-1a38-412a-aff9-ce4303794a7e/datanode-0/data/ratis/8518cb61-3c7e-4402-ac66-bd317dc8fd59/current/log_inprogress_0
2019-09-26 12:48:40,064 [20e591b8-fc6c-46b8-8fe6-42f3b5d430cb@group-AAFE6478843F:LeaderElection4] INFO  impl.LeaderElection (LeaderElection.java:askForVotes(182)) - 20e591b8-fc6c-46b8-8fe6-42f3b5d430cb@group-AAFE6478843F:LeaderElection4: begin an election at term 1 for -1: [20e591b8-fc6c-46b8-8fe6-42f3b5d430cb:192.168.164.238:44054], old=null
2019-09-26 12:48:40,064 [20e591b8-fc6c-46b8-8fe6-42f3b5d430cb@group-AAFE6478843F:LeaderElection4] INFO  impl.RoleInfo (RoleInfo.java:shutdownLeaderElection(134)) - 20e591b8-fc6c-46b8-8fe6-42f3b5d430cb: shutdown LeaderElection
2019-09-26 12:48:40,065 [20e591b8-fc6c-46b8-8fe6-42f3b5d430cb@group-AAFE6478843F:LeaderElection4] INFO  impl.RaftServerImpl (RaftServerImpl.java:setRole(174)) - 20e591b8-fc6c-46b8-8fe6-42f3b5d430cb@group-AAFE6478843F: changes role from CANDIDATE to LEADER at term 1 for changeToLeader
2019-09-26 12:48:40,065 [20e591b8-fc6c-46b8-8fe6-42f3b5d430cb@group-AAFE6478843F:LeaderElection4] INFO  impl.RaftServerImpl (ServerState.java:setLeader(253)) - 20e591b8-fc6c-46b8-8fe6-42f3b5d430cb@group-AAFE6478843F: change Leader from null to 20e591b8-fc6c-46b8-8fe6-42f3b5d430cb at term 1 for becomeLeader, leader elected after 5145ms
2019-09-26 12:48:40,065 [20e591b8-fc6c-46b8-8fe6-42f3b5d430cb@group-AAFE6478843F:LeaderElection4] INFO  server.RaftServerConfigKeys (ConfUtils.java:logGet(43)) - raft.server.staging.catchup.gap = 1000 (default)
2019-09-26 12:48:40,065 [20e591b8-fc6c-46b8-8fe6-42f3b5d430cb@group-AAFE6478843F:LeaderElection4] INFO  server.RaftServerConfigKeys (ConfUtils.java:logGet(43)) - raft.server.rpc.sleep.time = 25ms (default)
2019-09-26 12:48:40,065 [20e591b8-fc6c-46b8-8fe6-42f3b5d430cb@group-AAFE6478843F:LeaderElection4] INFO  server.RaftServerConfigKeys (ConfUtils.java:logGet(43)) - raft.server.write.element-limit = 4096 (default)
2019-09-26 12:48:40,066 [20e591b8-fc6c-46b8-8fe6-42f3b5d430cb@group-AAFE6478843F:LeaderElection4] INFO  server.RaftServerConfigKeys (ConfUtils.java:logGet(43)) - raft.server.watch.timeout = 10s (default)
2019-09-26 12:48:40,066 [20e591b8-fc6c-46b8-8fe6-42f3b5d430cb@group-AAFE6478843F:LeaderElection4] INFO  server.RaftServerConfigKeys (ConfUtils.java:logGet(43)) - raft.server.watch.timeout.denomination = 1s (default)
2019-09-26 12:48:40,066 [20e591b8-fc6c-46b8-8fe6-42f3b5d430cb@group-AAFE6478843F:LeaderElection4] INFO  server.RaftServerConfigKeys (ConfUtils.java:logGet(43)) - raft.server.watch.element-limit = 65536 (default)
2019-09-26 12:48:40,069 [20e591b8-fc6c-46b8-8fe6-42f3b5d430cb@group-AAFE6478843F:LeaderElection4] INFO  impl.RoleInfo (RoleInfo.java:updateAndGet(143)) - 20e591b8-fc6c-46b8-8fe6-42f3b5d430cb: start LeaderState
2019-09-26 12:48:40,069 [20e591b8-fc6c-46b8-8fe6-42f3b5d430cb@group-AAFE6478843F:LeaderElection4] INFO  segmented.SegmentedRaftLogWorker (SegmentedRaftLogWorker.java:startLogSegment(380)) - 20e591b8-fc6c-46b8-8fe6-42f3b5d430cb@group-AAFE6478843F-SegmentedRaftLogWorker: Starting segment from index:0
2019-09-26 12:48:40,070 [20e591b8-fc6c-46b8-8fe6-42f3b5d430cb@group-AAFE6478843F:LeaderElection4] INFO  impl.RaftServerImpl (ServerState.java:setRaftConf(354)) - 20e591b8-fc6c-46b8-8fe6-42f3b5d430cb@group-AAFE6478843F: set configuration 0: [20e591b8-fc6c-46b8-8fe6-42f3b5d430cb:192.168.164.238:44054], old=null at 0
2019-09-26 12:48:40,119 [20e591b8-fc6c-46b8-8fe6-42f3b5d430cb@group-AAFE6478843F-SegmentedRaftLogWorker] INFO  segmented.SegmentedRaftLogWorker (SegmentedRaftLogWorker.java:execute(569)) - 20e591b8-fc6c-46b8-8fe6-42f3b5d430cb@group-AAFE6478843F-SegmentedRaftLogWorker: created new log segment /workdir/hadoop-ozone/integration-test/target/test-dir/MiniOzoneClusterImpl-081de17b-1a38-412a-aff9-ce4303794a7e/datanode-0/data/ratis/67a8baa5-8b74-4d2d-b237-aafe6478843f/current/log_inprogress_0
2019-09-26 12:48:40,152 [Thread-195] INFO  impl.FollowerState (FollowerState.java:run(106)) - 6058261b-904a-43cb-870c-12000dee09bb:group-0E834DFC1AF9 changes to CANDIDATE, lastRpcTime:5139, electionTimeout:5139ms
2019-09-26 12:48:40,152 [Thread-195] INFO  impl.RoleInfo (RoleInfo.java:shutdownFollowerState(121)) - 6058261b-904a-43cb-870c-12000dee09bb: shutdown FollowerState
2019-09-26 12:48:40,152 [Thread-195] INFO  impl.RaftServerImpl (RaftServerImpl.java:setRole(174)) - 6058261b-904a-43cb-870c-12000dee09bb@group-0E834DFC1AF9: changes role from  FOLLOWER to CANDIDATE at term 0 for changeToCandidate
2019-09-26 12:48:40,153 [Thread-195] INFO  impl.RoleInfo (RoleInfo.java:updateAndGet(143)) - 6058261b-904a-43cb-870c-12000dee09bb: start LeaderElection
2019-09-26 12:48:40,169 [6058261b-904a-43cb-870c-12000dee09bb@group-0E834DFC1AF9:LeaderElection5] INFO  impl.LeaderElection (LeaderElection.java:askForVotes(182)) - 6058261b-904a-43cb-870c-12000dee09bb@group-0E834DFC1AF9:LeaderElection5: begin an election at term 1 for -1: [6058261b-904a-43cb-870c-12000dee09bb:192.168.164.238:34662], old=null
2019-09-26 12:48:40,169 [6058261b-904a-43cb-870c-12000dee09bb@group-0E834DFC1AF9:LeaderElection5] INFO  impl.RoleInfo (RoleInfo.java:shutdownLeaderElection(134)) - 6058261b-904a-43cb-870c-12000dee09bb: shutdown LeaderElection
2019-09-26 12:48:40,170 [6058261b-904a-43cb-870c-12000dee09bb@group-0E834DFC1AF9:LeaderElection5] INFO  impl.RaftServerImpl (RaftServerImpl.java:setRole(174)) - 6058261b-904a-43cb-870c-12000dee09bb@group-0E834DFC1AF9: changes role from CANDIDATE to LEADER at term 1 for changeToLeader
2019-09-26 12:48:40,170 [6058261b-904a-43cb-870c-12000dee09bb@group-0E834DFC1AF9:LeaderElection5] INFO  impl.RaftServerImpl (ServerState.java:setLeader(253)) - 6058261b-904a-43cb-870c-12000dee09bb@group-0E834DFC1AF9: change Leader from null to 6058261b-904a-43cb-870c-12000dee09bb at term 1 for becomeLeader, leader elected after 5176ms
2019-09-26 12:48:40,170 [6058261b-904a-43cb-870c-12000dee09bb@group-0E834DFC1AF9:LeaderElection5] INFO  server.RaftServerConfigKeys (ConfUtils.java:logGet(43)) - raft.server.staging.catchup.gap = 1000 (default)
2019-09-26 12:48:40,170 [6058261b-904a-43cb-870c-12000dee09bb@group-0E834DFC1AF9:LeaderElection5] INFO  server.RaftServerConfigKeys (ConfUtils.java:logGet(43)) - raft.server.rpc.sleep.time = 25ms (default)
2019-09-26 12:48:40,171 [6058261b-904a-43cb-870c-12000dee09bb@group-0E834DFC1AF9:LeaderElection5] INFO  server.RaftServerConfigKeys (ConfUtils.java:logGet(43)) - raft.server.write.element-limit = 4096 (default)
2019-09-26 12:48:40,171 [6058261b-904a-43cb-870c-12000dee09bb@group-0E834DFC1AF9:LeaderElection5] INFO  server.RaftServerConfigKeys (ConfUtils.java:logGet(43)) - raft.server.watch.timeout = 10s (default)
2019-09-26 12:48:40,171 [6058261b-904a-43cb-870c-12000dee09bb@group-0E834DFC1AF9:LeaderElection5] INFO  server.RaftServerConfigKeys (ConfUtils.java:logGet(43)) - raft.server.watch.timeout.denomination = 1s (default)
2019-09-26 12:48:40,171 [6058261b-904a-43cb-870c-12000dee09bb@group-0E834DFC1AF9:LeaderElection5] INFO  server.RaftServerConfigKeys (ConfUtils.java:logGet(43)) - raft.server.watch.element-limit = 65536 (default)
2019-09-26 12:48:40,175 [6058261b-904a-43cb-870c-12000dee09bb@group-0E834DFC1AF9:LeaderElection5] INFO  impl.RoleInfo (RoleInfo.java:updateAndGet(143)) - 6058261b-904a-43cb-870c-12000dee09bb: start LeaderState
2019-09-26 12:48:40,175 [6058261b-904a-43cb-870c-12000dee09bb@group-0E834DFC1AF9:LeaderElection5] INFO  segmented.SegmentedRaftLogWorker (SegmentedRaftLogWorker.java:startLogSegment(380)) - 6058261b-904a-43cb-870c-12000dee09bb@group-0E834DFC1AF9-SegmentedRaftLogWorker: Starting segment from index:0
2019-09-26 12:48:40,176 [6058261b-904a-43cb-870c-12000dee09bb@group-0E834DFC1AF9:LeaderElection5] INFO  impl.RaftServerImpl (ServerState.java:setRaftConf(354)) - 6058261b-904a-43cb-870c-12000dee09bb@group-0E834DFC1AF9: set configuration 0: [6058261b-904a-43cb-870c-12000dee09bb:192.168.164.238:34662], old=null at 0
2019-09-26 12:48:40,220 [6058261b-904a-43cb-870c-12000dee09bb@group-0E834DFC1AF9-SegmentedRaftLogWorker] INFO  segmented.SegmentedRaftLogWorker (SegmentedRaftLogWorker.java:execute(569)) - 6058261b-904a-43cb-870c-12000dee09bb@group-0E834DFC1AF9-SegmentedRaftLogWorker: created new log segment /workdir/hadoop-ozone/integration-test/target/test-dir/MiniOzoneClusterImpl-081de17b-1a38-412a-aff9-ce4303794a7e/datanode-2/data/ratis/7b83239f-b040-4afc-a643-0e834dfc1af9/current/log_inprogress_0
2019-09-26 12:48:40,262 [Thread-201] INFO  impl.FollowerState (FollowerState.java:run(106)) - 6058261b-904a-43cb-870c-12000dee09bb:group-B451D3115E7C changes to CANDIDATE, lastRpcTime:5095, electionTimeout:5095ms
2019-09-26 12:48:40,263 [Thread-201] INFO  impl.RoleInfo (RoleInfo.java:shutdownFollowerState(121)) - 6058261b-904a-43cb-870c-12000dee09bb: shutdown FollowerState
2019-09-26 12:48:40,263 [Thread-201] INFO  impl.RaftServerImpl (RaftServerImpl.java:setRole(174)) - 6058261b-904a-43cb-870c-12000dee09bb@group-B451D3115E7C: changes role from  FOLLOWER to CANDIDATE at term 0 for changeToCandidate
2019-09-26 12:48:40,263 [Thread-201] INFO  impl.RoleInfo (RoleInfo.java:updateAndGet(143)) - 6058261b-904a-43cb-870c-12000dee09bb: start LeaderElection
2019-09-26 12:48:40,275 [Thread-204] INFO  impl.FollowerState (FollowerState.java:run(106)) - 820851e1-bdcd-45a0-8164-1185e4eb16e4:group-8FEC1F7E0952 changes to CANDIDATE, lastRpcTime:5044, electionTimeout:5044ms
2019-09-26 12:48:40,275 [Thread-204] INFO  impl.RoleInfo (RoleInfo.java:shutdownFollowerState(121)) - 820851e1-bdcd-45a0-8164-1185e4eb16e4: shutdown FollowerState
2019-09-26 12:48:40,275 [Thread-204] INFO  impl.RaftServerImpl (RaftServerImpl.java:setRole(174)) - 820851e1-bdcd-45a0-8164-1185e4eb16e4@group-8FEC1F7E0952: changes role from  FOLLOWER to CANDIDATE at term 0 for changeToCandidate
2019-09-26 12:48:40,275 [Thread-204] INFO  impl.RoleInfo (RoleInfo.java:updateAndGet(143)) - 820851e1-bdcd-45a0-8164-1185e4eb16e4: start LeaderElection
2019-09-26 12:48:40,279 [6058261b-904a-43cb-870c-12000dee09bb@group-B451D3115E7C:LeaderElection6] INFO  impl.LeaderElection (LeaderElection.java:askForVotes(182)) - 6058261b-904a-43cb-870c-12000dee09bb@group-B451D3115E7C:LeaderElection6: begin an election at term 1 for -1: [6058261b-904a-43cb-870c-12000dee09bb:192.168.164.238:34662], old=null
2019-09-26 12:48:40,279 [6058261b-904a-43cb-870c-12000dee09bb@group-B451D3115E7C:LeaderElection6] INFO  impl.RoleInfo (RoleInfo.java:shutdownLeaderElection(134)) - 6058261b-904a-43cb-870c-12000dee09bb: shutdown LeaderElection
2019-09-26 12:48:40,279 [6058261b-904a-43cb-870c-12000dee09bb@group-B451D3115E7C:LeaderElection6] INFO  impl.RaftServerImpl (RaftServerImpl.java:setRole(174)) - 6058261b-904a-43cb-870c-12000dee09bb@group-B451D3115E7C: changes role from CANDIDATE to LEADER at term 1 for changeToLeader
2019-09-26 12:48:40,279 [6058261b-904a-43cb-870c-12000dee09bb@group-B451D3115E7C:LeaderElection6] INFO  impl.RaftServerImpl (ServerState.java:setLeader(253)) - 6058261b-904a-43cb-870c-12000dee09bb@group-B451D3115E7C: change Leader from null to 6058261b-904a-43cb-870c-12000dee09bb at term 1 for becomeLeader, leader elected after 5121ms
2019-09-26 12:48:40,279 [6058261b-904a-43cb-870c-12000dee09bb@group-B451D3115E7C:LeaderElection6] INFO  server.RaftServerConfigKeys (ConfUtils.java:logGet(43)) - raft.server.staging.catchup.gap = 1000 (default)
2019-09-26 12:48:40,280 [6058261b-904a-43cb-870c-12000dee09bb@group-B451D3115E7C:LeaderElection6] INFO  server.RaftServerConfigKeys (ConfUtils.java:logGet(43)) - raft.server.rpc.sleep.time = 25ms (default)
2019-09-26 12:48:40,280 [6058261b-904a-43cb-870c-12000dee09bb@group-B451D3115E7C:LeaderElection6] INFO  server.RaftServerConfigKeys (ConfUtils.java:logGet(43)) - raft.server.write.element-limit = 4096 (default)
2019-09-26 12:48:40,280 [6058261b-904a-43cb-870c-12000dee09bb@group-B451D3115E7C:LeaderElection6] INFO  server.RaftServerConfigKeys (ConfUtils.java:logGet(43)) - raft.server.watch.timeout = 10s (default)
2019-09-26 12:48:40,280 [6058261b-904a-43cb-870c-12000dee09bb@group-B451D3115E7C:LeaderElection6] INFO  server.RaftServerConfigKeys (ConfUtils.java:logGet(43)) - raft.server.watch.timeout.denomination = 1s (default)
2019-09-26 12:48:40,280 [6058261b-904a-43cb-870c-12000dee09bb@group-B451D3115E7C:LeaderElection6] INFO  server.RaftServerConfigKeys (ConfUtils.java:logGet(43)) - raft.server.watch.element-limit = 65536 (default)
2019-09-26 12:48:40,281 [820851e1-bdcd-45a0-8164-1185e4eb16e4@group-8FEC1F7E0952:LeaderElection7] INFO  impl.LeaderElection (LeaderElection.java:askForVotes(182)) - 820851e1-bdcd-45a0-8164-1185e4eb16e4@group-8FEC1F7E0952:LeaderElection7: begin an election at term 1 for -1: [820851e1-bdcd-45a0-8164-1185e4eb16e4:192.168.164.238:44266], old=null
2019-09-26 12:48:40,281 [820851e1-bdcd-45a0-8164-1185e4eb16e4@group-8FEC1F7E0952:LeaderElection7] INFO  impl.RoleInfo (RoleInfo.java:shutdownLeaderElection(134)) - 820851e1-bdcd-45a0-8164-1185e4eb16e4: shutdown LeaderElection
2019-09-26 12:48:40,281 [820851e1-bdcd-45a0-8164-1185e4eb16e4@group-8FEC1F7E0952:LeaderElection7] INFO  impl.RaftServerImpl (RaftServerImpl.java:setRole(174)) - 820851e1-bdcd-45a0-8164-1185e4eb16e4@group-8FEC1F7E0952: changes role from CANDIDATE to LEADER at term 1 for changeToLeader
2019-09-26 12:48:40,281 [820851e1-bdcd-45a0-8164-1185e4eb16e4@group-8FEC1F7E0952:LeaderElection7] INFO  impl.RaftServerImpl (ServerState.java:setLeader(253)) - 820851e1-bdcd-45a0-8164-1185e4eb16e4@group-8FEC1F7E0952: change Leader from null to 820851e1-bdcd-45a0-8164-1185e4eb16e4 at term 1 for becomeLeader, leader elected after 5059ms
2019-09-26 12:48:40,281 [820851e1-bdcd-45a0-8164-1185e4eb16e4@group-8FEC1F7E0952:LeaderElection7] INFO  server.RaftServerConfigKeys (ConfUtils.java:logGet(43)) - raft.server.staging.catchup.gap = 1000 (default)
2019-09-26 12:48:40,281 [820851e1-bdcd-45a0-8164-1185e4eb16e4@group-8FEC1F7E0952:LeaderElection7] INFO  server.RaftServerConfigKeys (ConfUtils.java:logGet(43)) - raft.server.rpc.sleep.time = 25ms (default)
2019-09-26 12:48:40,281 [820851e1-bdcd-45a0-8164-1185e4eb16e4@group-8FEC1F7E0952:LeaderElection7] INFO  server.RaftServerConfigKeys (ConfUtils.java:logGet(43)) - raft.server.write.element-limit = 4096 (default)
2019-09-26 12:48:40,282 [820851e1-bdcd-45a0-8164-1185e4eb16e4@group-8FEC1F7E0952:LeaderElection7] INFO  server.RaftServerConfigKeys (ConfUtils.java:logGet(43)) - raft.server.watch.timeout = 10s (default)
2019-09-26 12:48:40,283 [820851e1-bdcd-45a0-8164-1185e4eb16e4@group-8FEC1F7E0952:LeaderElection7] INFO  server.RaftServerConfigKeys (ConfUtils.java:logGet(43)) - raft.server.watch.timeout.denomination = 1s (default)
2019-09-26 12:48:40,283 [820851e1-bdcd-45a0-8164-1185e4eb16e4@group-8FEC1F7E0952:LeaderElection7] INFO  server.RaftServerConfigKeys (ConfUtils.java:logGet(43)) - raft.server.watch.element-limit = 65536 (default)
2019-09-26 12:48:40,284 [Thread-198] INFO  impl.FollowerState (FollowerState.java:run(106)) - 20e591b8-fc6c-46b8-8fe6-42f3b5d430cb:group-0DE24F8FFEFC changes to CANDIDATE, lastRpcTime:5197, electionTimeout:5197ms
2019-09-26 12:48:40,285 [Thread-198] INFO  impl.RoleInfo (RoleInfo.java:shutdownFollowerState(121)) - 20e591b8-fc6c-46b8-8fe6-42f3b5d430cb: shutdown FollowerState
2019-09-26 12:48:40,285 [Thread-198] INFO  impl.RaftServerImpl (RaftServerImpl.java:setRole(174)) - 20e591b8-fc6c-46b8-8fe6-42f3b5d430cb@group-0DE24F8FFEFC: changes role from  FOLLOWER to CANDIDATE at term 0 for changeToCandidate
2019-09-26 12:48:40,285 [Thread-198] INFO  impl.RoleInfo (RoleInfo.java:updateAndGet(143)) - 20e591b8-fc6c-46b8-8fe6-42f3b5d430cb: start LeaderElection
2019-09-26 12:48:40,288 [820851e1-bdcd-45a0-8164-1185e4eb16e4@group-8FEC1F7E0952:LeaderElection7] INFO  impl.RoleInfo (RoleInfo.java:updateAndGet(143)) - 820851e1-bdcd-45a0-8164-1185e4eb16e4: start LeaderState
2019-09-26 12:48:40,288 [820851e1-bdcd-45a0-8164-1185e4eb16e4@group-8FEC1F7E0952:LeaderElection7] INFO  segmented.SegmentedRaftLogWorker (SegmentedRaftLogWorker.java:startLogSegment(380)) - 820851e1-bdcd-45a0-8164-1185e4eb16e4@group-8FEC1F7E0952-SegmentedRaftLogWorker: Starting segment from index:0
2019-09-26 12:48:40,289 [6058261b-904a-43cb-870c-12000dee09bb@group-B451D3115E7C:LeaderElection6] INFO  impl.RoleInfo (RoleInfo.java:updateAndGet(143)) - 6058261b-904a-43cb-870c-12000dee09bb: start LeaderState
2019-09-26 12:48:40,289 [820851e1-bdcd-45a0-8164-1185e4eb16e4@group-8FEC1F7E0952:LeaderElection7] INFO  impl.RaftServerImpl (ServerState.java:setRaftConf(354)) - 820851e1-bdcd-45a0-8164-1185e4eb16e4@group-8FEC1F7E0952: set configuration 0: [820851e1-bdcd-45a0-8164-1185e4eb16e4:192.168.164.238:44266], old=null at 0
2019-09-26 12:48:40,317 [20e591b8-fc6c-46b8-8fe6-42f3b5d430cb@group-0DE24F8FFEFC:LeaderElection8] INFO  impl.LeaderElection (LeaderElection.java:askForVotes(182)) - 20e591b8-fc6c-46b8-8fe6-42f3b5d430cb@group-0DE24F8FFEFC:LeaderElection8: begin an election at term 1 for -1: [20e591b8-fc6c-46b8-8fe6-42f3b5d430cb:192.168.164.238:44054], old=null
2019-09-26 12:48:40,317 [20e591b8-fc6c-46b8-8fe6-42f3b5d430cb@group-0DE24F8FFEFC:LeaderElection8] INFO  impl.RoleInfo (RoleInfo.java:shutdownLeaderElection(134)) - 20e591b8-fc6c-46b8-8fe6-42f3b5d430cb: shutdown LeaderElection
2019-09-26 12:48:40,317 [6058261b-904a-43cb-870c-12000dee09bb@group-B451D3115E7C:LeaderElection6] INFO  segmented.SegmentedRaftLogWorker (SegmentedRaftLogWorker.java:startLogSegment(380)) - 6058261b-904a-43cb-870c-12000dee09bb@group-B451D3115E7C-SegmentedRaftLogWorker: Starting segment from index:0
2019-09-26 12:48:40,317 [20e591b8-fc6c-46b8-8fe6-42f3b5d430cb@group-0DE24F8FFEFC:LeaderElection8] INFO  impl.RaftServerImpl (RaftServerImpl.java:setRole(174)) - 20e591b8-fc6c-46b8-8fe6-42f3b5d430cb@group-0DE24F8FFEFC: changes role from CANDIDATE to LEADER at term 1 for changeToLeader
2019-09-26 12:48:40,317 [20e591b8-fc6c-46b8-8fe6-42f3b5d430cb@group-0DE24F8FFEFC:LeaderElection8] INFO  impl.RaftServerImpl (ServerState.java:setLeader(253)) - 20e591b8-fc6c-46b8-8fe6-42f3b5d430cb@group-0DE24F8FFEFC: change Leader from null to 20e591b8-fc6c-46b8-8fe6-42f3b5d430cb at term 1 for becomeLeader, leader elected after 5240ms
2019-09-26 12:48:40,317 [20e591b8-fc6c-46b8-8fe6-42f3b5d430cb@group-0DE24F8FFEFC:LeaderElection8] INFO  server.RaftServerConfigKeys (ConfUtils.java:logGet(43)) - raft.server.staging.catchup.gap = 1000 (default)
2019-09-26 12:48:40,317 [20e591b8-fc6c-46b8-8fe6-42f3b5d430cb@group-0DE24F8FFEFC:LeaderElection8] INFO  server.RaftServerConfigKeys (ConfUtils.java:logGet(43)) - raft.server.rpc.sleep.time = 25ms (default)
2019-09-26 12:48:40,318 [6058261b-904a-43cb-870c-12000dee09bb@group-B451D3115E7C:LeaderElection6] INFO  impl.RaftServerImpl (ServerState.java:setRaftConf(354)) - 6058261b-904a-43cb-870c-12000dee09bb@group-B451D3115E7C: set configuration 0: [6058261b-904a-43cb-870c-12000dee09bb:192.168.164.238:34662], old=null at 0
2019-09-26 12:48:40,318 [20e591b8-fc6c-46b8-8fe6-42f3b5d430cb@group-0DE24F8FFEFC:LeaderElection8] INFO  server.RaftServerConfigKeys (ConfUtils.java:logGet(43)) - raft.server.write.element-limit = 4096 (default)
2019-09-26 12:48:40,347 [20e591b8-fc6c-46b8-8fe6-42f3b5d430cb@group-0DE24F8FFEFC:LeaderElection8] INFO  server.RaftServerConfigKeys (ConfUtils.java:logGet(43)) - raft.server.watch.timeout = 10s (default)
2019-09-26 12:48:40,347 [Thread-207] INFO  impl.FollowerState (FollowerState.java:run(106)) - 6058261b-904a-43cb-870c-12000dee09bb:group-A22C8FA75807 changes to CANDIDATE, lastRpcTime:5042, electionTimeout:5026ms
2019-09-26 12:48:40,347 [820851e1-bdcd-45a0-8164-1185e4eb16e4@group-8FEC1F7E0952-SegmentedRaftLogWorker] INFO  segmented.SegmentedRaftLogWorker (SegmentedRaftLogWorker.java:execute(569)) - 820851e1-bdcd-45a0-8164-1185e4eb16e4@group-8FEC1F7E0952-SegmentedRaftLogWorker: created new log segment /workdir/hadoop-ozone/integration-test/target/test-dir/MiniOzoneClusterImpl-081de17b-1a38-412a-aff9-ce4303794a7e/datanode-1/data/ratis/0b9849ab-f00f-4bb6-9ddf-8fec1f7e0952/current/log_inprogress_0
2019-09-26 12:48:40,347 [Thread-207] INFO  impl.RoleInfo (RoleInfo.java:shutdownFollowerState(121)) - 6058261b-904a-43cb-870c-12000dee09bb: shutdown FollowerState
2019-09-26 12:48:40,347 [20e591b8-fc6c-46b8-8fe6-42f3b5d430cb@group-0DE24F8FFEFC:LeaderElection8] INFO  server.RaftServerConfigKeys (ConfUtils.java:logGet(43)) - raft.server.watch.timeout.denomination = 1s (default)
2019-09-26 12:48:40,356 [Thread-207] INFO  impl.RaftServerImpl (RaftServerImpl.java:setRole(174)) - 6058261b-904a-43cb-870c-12000dee09bb@group-A22C8FA75807: changes role from  FOLLOWER to CANDIDATE at term 0 for changeToCandidate
2019-09-26 12:48:40,356 [20e591b8-fc6c-46b8-8fe6-42f3b5d430cb@group-0DE24F8FFEFC:LeaderElection8] INFO  server.RaftServerConfigKeys (ConfUtils.java:logGet(43)) - raft.server.watch.element-limit = 65536 (default)
2019-09-26 12:48:40,356 [Thread-207] INFO  impl.RoleInfo (RoleInfo.java:updateAndGet(143)) - 6058261b-904a-43cb-870c-12000dee09bb: start LeaderElection
2019-09-26 12:48:40,362 [6058261b-904a-43cb-870c-12000dee09bb@group-B451D3115E7C-SegmentedRaftLogWorker] INFO  segmented.SegmentedRaftLogWorker (SegmentedRaftLogWorker.java:execute(569)) - 6058261b-904a-43cb-870c-12000dee09bb@group-B451D3115E7C-SegmentedRaftLogWorker: created new log segment /workdir/hadoop-ozone/integration-test/target/test-dir/MiniOzoneClusterImpl-081de17b-1a38-412a-aff9-ce4303794a7e/datanode-2/data/ratis/2df9048b-79ea-4aa4-a427-b451d3115e7c/current/log_inprogress_0
2019-09-26 12:48:40,365 [20e591b8-fc6c-46b8-8fe6-42f3b5d430cb@group-0DE24F8FFEFC:LeaderElection8] INFO  impl.RoleInfo (RoleInfo.java:updateAndGet(143)) - 20e591b8-fc6c-46b8-8fe6-42f3b5d430cb: start LeaderState
2019-09-26 12:48:40,366 [20e591b8-fc6c-46b8-8fe6-42f3b5d430cb@group-0DE24F8FFEFC:LeaderElection8] INFO  segmented.SegmentedRaftLogWorker (SegmentedRaftLogWorker.java:startLogSegment(380)) - 20e591b8-fc6c-46b8-8fe6-42f3b5d430cb@group-0DE24F8FFEFC-SegmentedRaftLogWorker: Starting segment from index:0
2019-09-26 12:48:40,366 [20e591b8-fc6c-46b8-8fe6-42f3b5d430cb@group-0DE24F8FFEFC:LeaderElection8] INFO  impl.RaftServerImpl (ServerState.java:setRaftConf(354)) - 20e591b8-fc6c-46b8-8fe6-42f3b5d430cb@group-0DE24F8FFEFC: set configuration 0: [20e591b8-fc6c-46b8-8fe6-42f3b5d430cb:192.168.164.238:44054], old=null at 0
2019-09-26 12:48:40,392 [6058261b-904a-43cb-870c-12000dee09bb@group-A22C8FA75807:LeaderElection9] INFO  impl.LeaderElection (LeaderElection.java:askForVotes(182)) - 6058261b-904a-43cb-870c-12000dee09bb@group-A22C8FA75807:LeaderElection9: begin an election at term 1 for -1: [6058261b-904a-43cb-870c-12000dee09bb:192.168.164.238:34662], old=null
2019-09-26 12:48:40,392 [6058261b-904a-43cb-870c-12000dee09bb@group-A22C8FA75807:LeaderElection9] INFO  impl.RoleInfo (RoleInfo.java:shutdownLeaderElection(134)) - 6058261b-904a-43cb-870c-12000dee09bb: shutdown LeaderElection
2019-09-26 12:48:40,393 [6058261b-904a-43cb-870c-12000dee09bb@group-A22C8FA75807:LeaderElection9] INFO  impl.RaftServerImpl (RaftServerImpl.java:setRole(174)) - 6058261b-904a-43cb-870c-12000dee09bb@group-A22C8FA75807: changes role from CANDIDATE to LEADER at term 1 for changeToLeader
2019-09-26 12:48:40,393 [6058261b-904a-43cb-870c-12000dee09bb@group-A22C8FA75807:LeaderElection9] INFO  impl.RaftServerImpl (ServerState.java:setLeader(253)) - 6058261b-904a-43cb-870c-12000dee09bb@group-A22C8FA75807: change Leader from null to 6058261b-904a-43cb-870c-12000dee09bb at term 1 for becomeLeader, leader elected after 5099ms
2019-09-26 12:48:40,393 [6058261b-904a-43cb-870c-12000dee09bb@group-A22C8FA75807:LeaderElection9] INFO  server.RaftServerConfigKeys (ConfUtils.java:logGet(43)) - raft.server.staging.catchup.gap = 1000 (default)
2019-09-26 12:48:40,393 [6058261b-904a-43cb-870c-12000dee09bb@group-A22C8FA75807:LeaderElection9] INFO  server.RaftServerConfigKeys (ConfUtils.java:logGet(43)) - raft.server.rpc.sleep.time = 25ms (default)
2019-09-26 12:48:40,393 [6058261b-904a-43cb-870c-12000dee09bb@group-A22C8FA75807:LeaderElection9] INFO  server.RaftServerConfigKeys (ConfUtils.java:logGet(43)) - raft.server.write.element-limit = 4096 (default)
2019-09-26 12:48:40,393 [6058261b-904a-43cb-870c-12000dee09bb@group-A22C8FA75807:LeaderElection9] INFO  server.RaftServerConfigKeys (ConfUtils.java:logGet(43)) - raft.server.watch.timeout = 10s (default)
2019-09-26 12:48:40,394 [6058261b-904a-43cb-870c-12000dee09bb@group-A22C8FA75807:LeaderElection9] INFO  server.RaftServerConfigKeys (ConfUtils.java:logGet(43)) - raft.server.watch.timeout.denomination = 1s (default)
2019-09-26 12:48:40,394 [6058261b-904a-43cb-870c-12000dee09bb@group-A22C8FA75807:LeaderElection9] INFO  server.RaftServerConfigKeys (ConfUtils.java:logGet(43)) - raft.server.watch.element-limit = 65536 (default)
2019-09-26 12:48:40,397 [6058261b-904a-43cb-870c-12000dee09bb@group-A22C8FA75807:LeaderElection9] INFO  impl.RoleInfo (RoleInfo.java:updateAndGet(143)) - 6058261b-904a-43cb-870c-12000dee09bb: start LeaderState
2019-09-26 12:48:40,398 [6058261b-904a-43cb-870c-12000dee09bb@group-A22C8FA75807:LeaderElection9] INFO  segmented.SegmentedRaftLogWorker (SegmentedRaftLogWorker.java:startLogSegment(380)) - 6058261b-904a-43cb-870c-12000dee09bb@group-A22C8FA75807-SegmentedRaftLogWorker: Starting segment from index:0
2019-09-26 12:48:40,398 [6058261b-904a-43cb-870c-12000dee09bb@group-A22C8FA75807:LeaderElection9] INFO  impl.RaftServerImpl (ServerState.java:setRaftConf(354)) - 6058261b-904a-43cb-870c-12000dee09bb@group-A22C8FA75807: set configuration 0: [6058261b-904a-43cb-870c-12000dee09bb:192.168.164.238:34662], old=null at 0
2019-09-26 12:48:40,428 [20e591b8-fc6c-46b8-8fe6-42f3b5d430cb@group-0DE24F8FFEFC-SegmentedRaftLogWorker] INFO  segmented.SegmentedRaftLogWorker (SegmentedRaftLogWorker.java:execute(569)) - 20e591b8-fc6c-46b8-8fe6-42f3b5d430cb@group-0DE24F8FFEFC-SegmentedRaftLogWorker: created new log segment /workdir/hadoop-ozone/integration-test/target/test-dir/MiniOzoneClusterImpl-081de17b-1a38-412a-aff9-ce4303794a7e/datanode-0/data/ratis/edbdef99-8e16-4900-b006-0de24f8ffefc/current/log_inprogress_0
2019-09-26 12:48:40,439 [6058261b-904a-43cb-870c-12000dee09bb@group-A22C8FA75807-SegmentedRaftLogWorker] INFO  segmented.SegmentedRaftLogWorker (SegmentedRaftLogWorker.java:execute(569)) - 6058261b-904a-43cb-870c-12000dee09bb@group-A22C8FA75807-SegmentedRaftLogWorker: created new log segment /workdir/hadoop-ozone/integration-test/target/test-dir/MiniOzoneClusterImpl-081de17b-1a38-412a-aff9-ce4303794a7e/datanode-2/data/ratis/776eb18a-e18a-4ef8-a2af-a22c8fa75807/current/log_inprogress_0
2019-09-26 12:48:40,461 [Thread-210] INFO  impl.FollowerState (FollowerState.java:run(106)) - 20e591b8-fc6c-46b8-8fe6-42f3b5d430cb:group-1D3868A21B83 changes to CANDIDATE, lastRpcTime:5092, electionTimeout:5092ms
2019-09-26 12:48:40,461 [Thread-210] INFO  impl.RoleInfo (RoleInfo.java:shutdownFollowerState(121)) - 20e591b8-fc6c-46b8-8fe6-42f3b5d430cb: shutdown FollowerState
2019-09-26 12:48:40,461 [Thread-210] INFO  impl.RaftServerImpl (RaftServerImpl.java:setRole(174)) - 20e591b8-fc6c-46b8-8fe6-42f3b5d430cb@group-1D3868A21B83: changes role from  FOLLOWER to CANDIDATE at term 0 for changeToCandidate
2019-09-26 12:48:40,461 [Thread-210] INFO  impl.RoleInfo (RoleInfo.java:updateAndGet(143)) - 20e591b8-fc6c-46b8-8fe6-42f3b5d430cb: start LeaderElection
2019-09-26 12:48:40,478 [20e591b8-fc6c-46b8-8fe6-42f3b5d430cb@group-1D3868A21B83:LeaderElection10] INFO  impl.LeaderElection (LeaderElection.java:askForVotes(182)) - 20e591b8-fc6c-46b8-8fe6-42f3b5d430cb@group-1D3868A21B83:LeaderElection10: begin an election at term 1 for -1: [20e591b8-fc6c-46b8-8fe6-42f3b5d430cb:192.168.164.238:44054], old=null
2019-09-26 12:48:40,478 [20e591b8-fc6c-46b8-8fe6-42f3b5d430cb@group-1D3868A21B83:LeaderElection10] INFO  impl.RoleInfo (RoleInfo.java:shutdownLeaderElection(134)) - 20e591b8-fc6c-46b8-8fe6-42f3b5d430cb: shutdown LeaderElection
2019-09-26 12:48:40,478 [20e591b8-fc6c-46b8-8fe6-42f3b5d430cb@group-1D3868A21B83:LeaderElection10] INFO  impl.RaftServerImpl (RaftServerImpl.java:setRole(174)) - 20e591b8-fc6c-46b8-8fe6-42f3b5d430cb@group-1D3868A21B83: changes role from CANDIDATE to LEADER at term 1 for changeToLeader
2019-09-26 12:48:40,478 [20e591b8-fc6c-46b8-8fe6-42f3b5d430cb@group-1D3868A21B83:LeaderElection10] INFO  impl.RaftServerImpl (ServerState.java:setLeader(253)) - 20e591b8-fc6c-46b8-8fe6-42f3b5d430cb@group-1D3868A21B83: change Leader from null to 20e591b8-fc6c-46b8-8fe6-42f3b5d430cb at term 1 for becomeLeader, leader elected after 5121ms
2019-09-26 12:48:40,479 [20e591b8-fc6c-46b8-8fe6-42f3b5d430cb@group-1D3868A21B83:LeaderElection10] INFO  server.RaftServerConfigKeys (ConfUtils.java:logGet(43)) - raft.server.staging.catchup.gap = 1000 (default)
2019-09-26 12:48:40,479 [20e591b8-fc6c-46b8-8fe6-42f3b5d430cb@group-1D3868A21B83:LeaderElection10] INFO  server.RaftServerConfigKeys (ConfUtils.java:logGet(43)) - raft.server.rpc.sleep.time = 25ms (default)
2019-09-26 12:48:40,479 [20e591b8-fc6c-46b8-8fe6-42f3b5d430cb@group-1D3868A21B83:LeaderElection10] INFO  server.RaftServerConfigKeys (ConfUtils.java:logGet(43)) - raft.server.write.element-limit = 4096 (default)
2019-09-26 12:48:40,479 [20e591b8-fc6c-46b8-8fe6-42f3b5d430cb@group-1D3868A21B83:LeaderElection10] INFO  server.RaftServerConfigKeys (ConfUtils.java:logGet(43)) - raft.server.watch.timeout = 10s (default)
2019-09-26 12:48:40,479 [20e591b8-fc6c-46b8-8fe6-42f3b5d430cb@group-1D3868A21B83:LeaderElection10] INFO  server.RaftServerConfigKeys (ConfUtils.java:logGet(43)) - raft.server.watch.timeout.denomination = 1s (default)
2019-09-26 12:48:40,480 [20e591b8-fc6c-46b8-8fe6-42f3b5d430cb@group-1D3868A21B83:LeaderElection10] INFO  server.RaftServerConfigKeys (ConfUtils.java:logGet(43)) - raft.server.watch.element-limit = 65536 (default)
2019-09-26 12:48:40,483 [20e591b8-fc6c-46b8-8fe6-42f3b5d430cb@group-1D3868A21B83:LeaderElection10] INFO  impl.RoleInfo (RoleInfo.java:updateAndGet(143)) - 20e591b8-fc6c-46b8-8fe6-42f3b5d430cb: start LeaderState
2019-09-26 12:48:40,483 [20e591b8-fc6c-46b8-8fe6-42f3b5d430cb@group-1D3868A21B83:LeaderElection10] INFO  segmented.SegmentedRaftLogWorker (SegmentedRaftLogWorker.java:startLogSegment(380)) - 20e591b8-fc6c-46b8-8fe6-42f3b5d430cb@group-1D3868A21B83-SegmentedRaftLogWorker: Starting segment from index:0
2019-09-26 12:48:40,484 [20e591b8-fc6c-46b8-8fe6-42f3b5d430cb@group-1D3868A21B83:LeaderElection10] INFO  impl.RaftServerImpl (ServerState.java:setRaftConf(354)) - 20e591b8-fc6c-46b8-8fe6-42f3b5d430cb@group-1D3868A21B83: set configuration 0: [20e591b8-fc6c-46b8-8fe6-42f3b5d430cb:192.168.164.238:44054], old=null at 0
2019-09-26 12:48:40,521 [20e591b8-fc6c-46b8-8fe6-42f3b5d430cb@group-1D3868A21B83-SegmentedRaftLogWorker] INFO  segmented.SegmentedRaftLogWorker (SegmentedRaftLogWorker.java:execute(569)) - 20e591b8-fc6c-46b8-8fe6-42f3b5d430cb@group-1D3868A21B83-SegmentedRaftLogWorker: created new log segment /workdir/hadoop-ozone/integration-test/target/test-dir/MiniOzoneClusterImpl-081de17b-1a38-412a-aff9-ce4303794a7e/datanode-0/data/ratis/597cad54-891c-4239-bf69-1d3868a21b83/current/log_inprogress_0
2019-09-26 12:48:40,536 [Thread-213] INFO  impl.FollowerState (FollowerState.java:run(106)) - 820851e1-bdcd-45a0-8164-1185e4eb16e4:group-92122131105B changes to CANDIDATE, lastRpcTime:5103, electionTimeout:5103ms
2019-09-26 12:48:40,537 [Thread-213] INFO  impl.RoleInfo (RoleInfo.java:shutdownFollowerState(121)) - 820851e1-bdcd-45a0-8164-1185e4eb16e4: shutdown FollowerState
2019-09-26 12:48:40,537 [Thread-213] INFO  impl.RaftServerImpl (RaftServerImpl.java:setRole(174)) - 820851e1-bdcd-45a0-8164-1185e4eb16e4@group-92122131105B: changes role from  FOLLOWER to CANDIDATE at term 0 for changeToCandidate
2019-09-26 12:48:40,537 [Thread-213] INFO  impl.RoleInfo (RoleInfo.java:updateAndGet(143)) - 820851e1-bdcd-45a0-8164-1185e4eb16e4: start LeaderElection
2019-09-26 12:48:40,551 [820851e1-bdcd-45a0-8164-1185e4eb16e4@group-92122131105B:LeaderElection11] INFO  impl.LeaderElection (LeaderElection.java:askForVotes(182)) - 820851e1-bdcd-45a0-8164-1185e4eb16e4@group-92122131105B:LeaderElection11: begin an election at term 1 for -1: [820851e1-bdcd-45a0-8164-1185e4eb16e4:192.168.164.238:44266], old=null
2019-09-26 12:48:40,551 [820851e1-bdcd-45a0-8164-1185e4eb16e4@group-92122131105B:LeaderElection11] INFO  impl.RoleInfo (RoleInfo.java:shutdownLeaderElection(134)) - 820851e1-bdcd-45a0-8164-1185e4eb16e4: shutdown LeaderElection
2019-09-26 12:48:40,551 [820851e1-bdcd-45a0-8164-1185e4eb16e4@group-92122131105B:LeaderElection11] INFO  impl.RaftServerImpl (RaftServerImpl.java:setRole(174)) - 820851e1-bdcd-45a0-8164-1185e4eb16e4@group-92122131105B: changes role from CANDIDATE to LEADER at term 1 for changeToLeader
2019-09-26 12:48:40,552 [820851e1-bdcd-45a0-8164-1185e4eb16e4@group-92122131105B:LeaderElection11] INFO  impl.RaftServerImpl (ServerState.java:setLeader(253)) - 820851e1-bdcd-45a0-8164-1185e4eb16e4@group-92122131105B: change Leader from null to 820851e1-bdcd-45a0-8164-1185e4eb16e4 at term 1 for becomeLeader, leader elected after 5130ms
2019-09-26 12:48:40,552 [820851e1-bdcd-45a0-8164-1185e4eb16e4@group-92122131105B:LeaderElection11] INFO  server.RaftServerConfigKeys (ConfUtils.java:logGet(43)) - raft.server.staging.catchup.gap = 1000 (default)
2019-09-26 12:48:40,552 [820851e1-bdcd-45a0-8164-1185e4eb16e4@group-92122131105B:LeaderElection11] INFO  server.RaftServerConfigKeys (ConfUtils.java:logGet(43)) - raft.server.rpc.sleep.time = 25ms (default)
2019-09-26 12:48:40,552 [820851e1-bdcd-45a0-8164-1185e4eb16e4@group-92122131105B:LeaderElection11] INFO  server.RaftServerConfigKeys (ConfUtils.java:logGet(43)) - raft.server.write.element-limit = 4096 (default)
2019-09-26 12:48:40,552 [820851e1-bdcd-45a0-8164-1185e4eb16e4@group-92122131105B:LeaderElection11] INFO  server.RaftServerConfigKeys (ConfUtils.java:logGet(43)) - raft.server.watch.timeout = 10s (default)
2019-09-26 12:48:40,553 [820851e1-bdcd-45a0-8164-1185e4eb16e4@group-92122131105B:LeaderElection11] INFO  server.RaftServerConfigKeys (ConfUtils.java:logGet(43)) - raft.server.watch.timeout.denomination = 1s (default)
2019-09-26 12:48:40,553 [820851e1-bdcd-45a0-8164-1185e4eb16e4@group-92122131105B:LeaderElection11] INFO  server.RaftServerConfigKeys (ConfUtils.java:logGet(43)) - raft.server.watch.element-limit = 65536 (default)
2019-09-26 12:48:40,555 [820851e1-bdcd-45a0-8164-1185e4eb16e4@group-92122131105B:LeaderElection11] INFO  impl.RoleInfo (RoleInfo.java:updateAndGet(143)) - 820851e1-bdcd-45a0-8164-1185e4eb16e4: start LeaderState
2019-09-26 12:48:40,556 [820851e1-bdcd-45a0-8164-1185e4eb16e4@group-92122131105B:LeaderElection11] INFO  segmented.SegmentedRaftLogWorker (SegmentedRaftLogWorker.java:startLogSegment(380)) - 820851e1-bdcd-45a0-8164-1185e4eb16e4@group-92122131105B-SegmentedRaftLogWorker: Starting segment from index:0
2019-09-26 12:48:40,556 [820851e1-bdcd-45a0-8164-1185e4eb16e4@group-92122131105B:LeaderElection11] INFO  impl.RaftServerImpl (ServerState.java:setRaftConf(354)) - 820851e1-bdcd-45a0-8164-1185e4eb16e4@group-92122131105B: set configuration 0: [820851e1-bdcd-45a0-8164-1185e4eb16e4:192.168.164.238:44266], old=null at 0
2019-09-26 12:48:40,596 [Thread-219] INFO  impl.FollowerState (FollowerState.java:run(106)) - 20e591b8-fc6c-46b8-8fe6-42f3b5d430cb:group-1A50772A6619 changes to CANDIDATE, lastRpcTime:5016, electionTimeout:5016ms
2019-09-26 12:48:40,597 [Thread-219] INFO  impl.RoleInfo (RoleInfo.java:shutdownFollowerState(121)) - 20e591b8-fc6c-46b8-8fe6-42f3b5d430cb: shutdown FollowerState
2019-09-26 12:48:40,597 [Thread-219] INFO  impl.RaftServerImpl (RaftServerImpl.java:setRole(174)) - 20e591b8-fc6c-46b8-8fe6-42f3b5d430cb@group-1A50772A6619: changes role from  FOLLOWER to CANDIDATE at term 0 for changeToCandidate
2019-09-26 12:48:40,597 [Thread-219] INFO  impl.RoleInfo (RoleInfo.java:updateAndGet(143)) - 20e591b8-fc6c-46b8-8fe6-42f3b5d430cb: start LeaderElection
2019-09-26 12:48:40,610 [820851e1-bdcd-45a0-8164-1185e4eb16e4@group-92122131105B-SegmentedRaftLogWorker] INFO  segmented.SegmentedRaftLogWorker (SegmentedRaftLogWorker.java:execute(569)) - 820851e1-bdcd-45a0-8164-1185e4eb16e4@group-92122131105B-SegmentedRaftLogWorker: created new log segment /workdir/hadoop-ozone/integration-test/target/test-dir/MiniOzoneClusterImpl-081de17b-1a38-412a-aff9-ce4303794a7e/datanode-1/data/ratis/4333c5f5-e327-4cdc-a229-92122131105b/current/log_inprogress_0
2019-09-26 12:48:40,612 [20e591b8-fc6c-46b8-8fe6-42f3b5d430cb@group-1A50772A6619:LeaderElection12] INFO  impl.LeaderElection (LeaderElection.java:askForVotes(182)) - 20e591b8-fc6c-46b8-8fe6-42f3b5d430cb@group-1A50772A6619:LeaderElection12: begin an election at term 1 for -1: [20e591b8-fc6c-46b8-8fe6-42f3b5d430cb:192.168.164.238:44054], old=null
2019-09-26 12:48:40,612 [20e591b8-fc6c-46b8-8fe6-42f3b5d430cb@group-1A50772A6619:LeaderElection12] INFO  impl.RoleInfo (RoleInfo.java:shutdownLeaderElection(134)) - 20e591b8-fc6c-46b8-8fe6-42f3b5d430cb: shutdown LeaderElection
2019-09-26 12:48:40,612 [20e591b8-fc6c-46b8-8fe6-42f3b5d430cb@group-1A50772A6619:LeaderElection12] INFO  impl.RaftServerImpl (RaftServerImpl.java:setRole(174)) - 20e591b8-fc6c-46b8-8fe6-42f3b5d430cb@group-1A50772A6619: changes role from CANDIDATE to LEADER at term 1 for changeToLeader
2019-09-26 12:48:40,612 [20e591b8-fc6c-46b8-8fe6-42f3b5d430cb@group-1A50772A6619:LeaderElection12] INFO  impl.RaftServerImpl (ServerState.java:setLeader(253)) - 20e591b8-fc6c-46b8-8fe6-42f3b5d430cb@group-1A50772A6619: change Leader from null to 20e591b8-fc6c-46b8-8fe6-42f3b5d430cb at term 1 for becomeLeader, leader elected after 5041ms
2019-09-26 12:48:40,612 [20e591b8-fc6c-46b8-8fe6-42f3b5d430cb@group-1A50772A6619:LeaderElection12] INFO  server.RaftServerConfigKeys (ConfUtils.java:logGet(43)) - raft.server.staging.catchup.gap = 1000 (default)
2019-09-26 12:48:40,612 [20e591b8-fc6c-46b8-8fe6-42f3b5d430cb@group-1A50772A6619:LeaderElection12] INFO  server.RaftServerConfigKeys (ConfUtils.java:logGet(43)) - raft.server.rpc.sleep.time = 25ms (default)
2019-09-26 12:48:40,613 [20e591b8-fc6c-46b8-8fe6-42f3b5d430cb@group-1A50772A6619:LeaderElection12] INFO  server.RaftServerConfigKeys (ConfUtils.java:logGet(43)) - raft.server.write.element-limit = 4096 (default)
2019-09-26 12:48:40,613 [20e591b8-fc6c-46b8-8fe6-42f3b5d430cb@group-1A50772A6619:LeaderElection12] INFO  server.RaftServerConfigKeys (ConfUtils.java:logGet(43)) - raft.server.watch.timeout = 10s (default)
2019-09-26 12:48:40,613 [20e591b8-fc6c-46b8-8fe6-42f3b5d430cb@group-1A50772A6619:LeaderElection12] INFO  server.RaftServerConfigKeys (ConfUtils.java:logGet(43)) - raft.server.watch.timeout.denomination = 1s (default)
2019-09-26 12:48:40,613 [20e591b8-fc6c-46b8-8fe6-42f3b5d430cb@group-1A50772A6619:LeaderElection12] INFO  server.RaftServerConfigKeys (ConfUtils.java:logGet(43)) - raft.server.watch.element-limit = 65536 (default)
2019-09-26 12:48:40,615 [20e591b8-fc6c-46b8-8fe6-42f3b5d430cb@group-1A50772A6619:LeaderElection12] INFO  impl.RoleInfo (RoleInfo.java:updateAndGet(143)) - 20e591b8-fc6c-46b8-8fe6-42f3b5d430cb: start LeaderState
2019-09-26 12:48:40,616 [20e591b8-fc6c-46b8-8fe6-42f3b5d430cb@group-1A50772A6619:LeaderElection12] INFO  segmented.SegmentedRaftLogWorker (SegmentedRaftLogWorker.java:startLogSegment(380)) - 20e591b8-fc6c-46b8-8fe6-42f3b5d430cb@group-1A50772A6619-SegmentedRaftLogWorker: Starting segment from index:0
2019-09-26 12:48:40,616 [20e591b8-fc6c-46b8-8fe6-42f3b5d430cb@group-1A50772A6619:LeaderElection12] INFO  impl.RaftServerImpl (ServerState.java:setRaftConf(354)) - 20e591b8-fc6c-46b8-8fe6-42f3b5d430cb@group-1A50772A6619: set configuration 0: [20e591b8-fc6c-46b8-8fe6-42f3b5d430cb:192.168.164.238:44054], old=null at 0
2019-09-26 12:48:40,646 [Thread-216] INFO  impl.FollowerState (FollowerState.java:run(106)) - 6058261b-904a-43cb-870c-12000dee09bb:group-F951924F8B28 changes to CANDIDATE, lastRpcTime:5150, electionTimeout:5131ms
2019-09-26 12:48:40,647 [Thread-216] INFO  impl.RoleInfo (RoleInfo.java:shutdownFollowerState(121)) - 6058261b-904a-43cb-870c-12000dee09bb: shutdown FollowerState
2019-09-26 12:48:40,647 [Thread-216] INFO  impl.RaftServerImpl (RaftServerImpl.java:setRole(174)) - 6058261b-904a-43cb-870c-12000dee09bb@group-F951924F8B28: changes role from  FOLLOWER to CANDIDATE at term 0 for changeToCandidate
2019-09-26 12:48:40,647 [Thread-216] INFO  impl.RoleInfo (RoleInfo.java:updateAndGet(143)) - 6058261b-904a-43cb-870c-12000dee09bb: start LeaderElection
2019-09-26 12:48:40,671 [20e591b8-fc6c-46b8-8fe6-42f3b5d430cb@group-1A50772A6619-SegmentedRaftLogWorker] INFO  segmented.SegmentedRaftLogWorker (SegmentedRaftLogWorker.java:execute(569)) - 20e591b8-fc6c-46b8-8fe6-42f3b5d430cb@group-1A50772A6619-SegmentedRaftLogWorker: created new log segment /workdir/hadoop-ozone/integration-test/target/test-dir/MiniOzoneClusterImpl-081de17b-1a38-412a-aff9-ce4303794a7e/datanode-0/data/ratis/8c946da0-333d-42e4-8865-1a50772a6619/current/log_inprogress_0
2019-09-26 12:48:40,671 [6058261b-904a-43cb-870c-12000dee09bb@group-F951924F8B28:LeaderElection13] INFO  impl.LeaderElection (LeaderElection.java:askForVotes(182)) - 6058261b-904a-43cb-870c-12000dee09bb@group-F951924F8B28:LeaderElection13: begin an election at term 1 for -1: [6058261b-904a-43cb-870c-12000dee09bb:192.168.164.238:34662], old=null
2019-09-26 12:48:40,671 [6058261b-904a-43cb-870c-12000dee09bb@group-F951924F8B28:LeaderElection13] INFO  impl.RoleInfo (RoleInfo.java:shutdownLeaderElection(134)) - 6058261b-904a-43cb-870c-12000dee09bb: shutdown LeaderElection
2019-09-26 12:48:40,671 [6058261b-904a-43cb-870c-12000dee09bb@group-F951924F8B28:LeaderElection13] INFO  impl.RaftServerImpl (RaftServerImpl.java:setRole(174)) - 6058261b-904a-43cb-870c-12000dee09bb@group-F951924F8B28: changes role from CANDIDATE to LEADER at term 1 for changeToLeader
2019-09-26 12:48:40,671 [6058261b-904a-43cb-870c-12000dee09bb@group-F951924F8B28:LeaderElection13] INFO  impl.RaftServerImpl (ServerState.java:setLeader(253)) - 6058261b-904a-43cb-870c-12000dee09bb@group-F951924F8B28: change Leader from null to 6058261b-904a-43cb-870c-12000dee09bb at term 1 for becomeLeader, leader elected after 5185ms
2019-09-26 12:48:40,672 [6058261b-904a-43cb-870c-12000dee09bb@group-F951924F8B28:LeaderElection13] INFO  server.RaftServerConfigKeys (ConfUtils.java:logGet(43)) - raft.server.staging.catchup.gap = 1000 (default)
2019-09-26 12:48:40,672 [6058261b-904a-43cb-870c-12000dee09bb@group-F951924F8B28:LeaderElection13] INFO  server.RaftServerConfigKeys (ConfUtils.java:logGet(43)) - raft.server.rpc.sleep.time = 25ms (default)
2019-09-26 12:48:40,672 [6058261b-904a-43cb-870c-12000dee09bb@group-F951924F8B28:LeaderElection13] INFO  server.RaftServerConfigKeys (ConfUtils.java:logGet(43)) - raft.server.write.element-limit = 4096 (default)
2019-09-26 12:48:40,672 [6058261b-904a-43cb-870c-12000dee09bb@group-F951924F8B28:LeaderElection13] INFO  server.RaftServerConfigKeys (ConfUtils.java:logGet(43)) - raft.server.watch.timeout = 10s (default)
2019-09-26 12:48:40,672 [6058261b-904a-43cb-870c-12000dee09bb@group-F951924F8B28:LeaderElection13] INFO  server.RaftServerConfigKeys (ConfUtils.java:logGet(43)) - raft.server.watch.timeout.denomination = 1s (default)
2019-09-26 12:48:40,674 [6058261b-904a-43cb-870c-12000dee09bb@group-F951924F8B28:LeaderElection13] INFO  server.RaftServerConfigKeys (ConfUtils.java:logGet(43)) - raft.server.watch.element-limit = 65536 (default)
2019-09-26 12:48:40,677 [6058261b-904a-43cb-870c-12000dee09bb@group-F951924F8B28:LeaderElection13] INFO  impl.RoleInfo (RoleInfo.java:updateAndGet(143)) - 6058261b-904a-43cb-870c-12000dee09bb: start LeaderState
2019-09-26 12:48:40,677 [6058261b-904a-43cb-870c-12000dee09bb@group-F951924F8B28:LeaderElection13] INFO  segmented.SegmentedRaftLogWorker (SegmentedRaftLogWorker.java:startLogSegment(380)) - 6058261b-904a-43cb-870c-12000dee09bb@group-F951924F8B28-SegmentedRaftLogWorker: Starting segment from index:0
2019-09-26 12:48:40,678 [6058261b-904a-43cb-870c-12000dee09bb@group-F951924F8B28:LeaderElection13] INFO  impl.RaftServerImpl (ServerState.java:setRaftConf(354)) - 6058261b-904a-43cb-870c-12000dee09bb@group-F951924F8B28: set configuration 0: [6058261b-904a-43cb-870c-12000dee09bb:192.168.164.238:34662], old=null at 0
2019-09-26 12:48:40,715 [Thread-222] INFO  impl.FollowerState (FollowerState.java:run(106)) - 820851e1-bdcd-45a0-8164-1185e4eb16e4:group-A9F43C09F6B4 changes to CANDIDATE, lastRpcTime:5069, electionTimeout:5069ms
2019-09-26 12:48:40,716 [Thread-222] INFO  impl.RoleInfo (RoleInfo.java:shutdownFollowerState(121)) - 820851e1-bdcd-45a0-8164-1185e4eb16e4: shutdown FollowerState
2019-09-26 12:48:40,716 [Thread-222] INFO  impl.RaftServerImpl (RaftServerImpl.java:setRole(174)) - 820851e1-bdcd-45a0-8164-1185e4eb16e4@group-A9F43C09F6B4: changes role from  FOLLOWER to CANDIDATE at term 0 for changeToCandidate
2019-09-26 12:48:40,716 [Thread-222] INFO  impl.RoleInfo (RoleInfo.java:updateAndGet(143)) - 820851e1-bdcd-45a0-8164-1185e4eb16e4: start LeaderElection
2019-09-26 12:48:40,724 [6058261b-904a-43cb-870c-12000dee09bb@group-F951924F8B28-SegmentedRaftLogWorker] INFO  segmented.SegmentedRaftLogWorker (SegmentedRaftLogWorker.java:execute(569)) - 6058261b-904a-43cb-870c-12000dee09bb@group-F951924F8B28-SegmentedRaftLogWorker: created new log segment /workdir/hadoop-ozone/integration-test/target/test-dir/MiniOzoneClusterImpl-081de17b-1a38-412a-aff9-ce4303794a7e/datanode-2/data/ratis/17c729a2-a392-48d9-a4ef-f951924f8b28/current/log_inprogress_0
2019-09-26 12:48:40,724 [820851e1-bdcd-45a0-8164-1185e4eb16e4@group-A9F43C09F6B4:LeaderElection14] INFO  impl.LeaderElection (LeaderElection.java:askForVotes(182)) - 820851e1-bdcd-45a0-8164-1185e4eb16e4@group-A9F43C09F6B4:LeaderElection14: begin an election at term 1 for -1: [820851e1-bdcd-45a0-8164-1185e4eb16e4:192.168.164.238:44266], old=null
2019-09-26 12:48:40,724 [820851e1-bdcd-45a0-8164-1185e4eb16e4@group-A9F43C09F6B4:LeaderElection14] INFO  impl.RoleInfo (RoleInfo.java:shutdownLeaderElection(134)) - 820851e1-bdcd-45a0-8164-1185e4eb16e4: shutdown LeaderElection
2019-09-26 12:48:40,724 [820851e1-bdcd-45a0-8164-1185e4eb16e4@group-A9F43C09F6B4:LeaderElection14] INFO  impl.RaftServerImpl (RaftServerImpl.java:setRole(174)) - 820851e1-bdcd-45a0-8164-1185e4eb16e4@group-A9F43C09F6B4: changes role from CANDIDATE to LEADER at term 1 for changeToLeader
2019-09-26 12:48:40,724 [820851e1-bdcd-45a0-8164-1185e4eb16e4@group-A9F43C09F6B4:LeaderElection14] INFO  impl.RaftServerImpl (ServerState.java:setLeader(253)) - 820851e1-bdcd-45a0-8164-1185e4eb16e4@group-A9F43C09F6B4: change Leader from null to 820851e1-bdcd-45a0-8164-1185e4eb16e4 at term 1 for becomeLeader, leader elected after 5086ms
2019-09-26 12:48:40,724 [820851e1-bdcd-45a0-8164-1185e4eb16e4@group-A9F43C09F6B4:LeaderElection14] INFO  server.RaftServerConfigKeys (ConfUtils.java:logGet(43)) - raft.server.staging.catchup.gap = 1000 (default)
2019-09-26 12:48:40,725 [820851e1-bdcd-45a0-8164-1185e4eb16e4@group-A9F43C09F6B4:LeaderElection14] INFO  server.RaftServerConfigKeys (ConfUtils.java:logGet(43)) - raft.server.rpc.sleep.time = 25ms (default)
2019-09-26 12:48:40,725 [820851e1-bdcd-45a0-8164-1185e4eb16e4@group-A9F43C09F6B4:LeaderElection14] INFO  server.RaftServerConfigKeys (ConfUtils.java:logGet(43)) - raft.server.write.element-limit = 4096 (default)
2019-09-26 12:48:40,725 [820851e1-bdcd-45a0-8164-1185e4eb16e4@group-A9F43C09F6B4:LeaderElection14] INFO  server.RaftServerConfigKeys (ConfUtils.java:logGet(43)) - raft.server.watch.timeout = 10s (default)
2019-09-26 12:48:40,725 [820851e1-bdcd-45a0-8164-1185e4eb16e4@group-A9F43C09F6B4:LeaderElection14] INFO  server.RaftServerConfigKeys (ConfUtils.java:logGet(43)) - raft.server.watch.timeout.denomination = 1s (default)
2019-09-26 12:48:40,725 [820851e1-bdcd-45a0-8164-1185e4eb16e4@group-A9F43C09F6B4:LeaderElection14] INFO  server.RaftServerConfigKeys (ConfUtils.java:logGet(43)) - raft.server.watch.element-limit = 65536 (default)
2019-09-26 12:48:40,727 [820851e1-bdcd-45a0-8164-1185e4eb16e4@group-A9F43C09F6B4:LeaderElection14] INFO  impl.RoleInfo (RoleInfo.java:updateAndGet(143)) - 820851e1-bdcd-45a0-8164-1185e4eb16e4: start LeaderState
2019-09-26 12:48:40,727 [820851e1-bdcd-45a0-8164-1185e4eb16e4@group-A9F43C09F6B4:LeaderElection14] INFO  segmented.SegmentedRaftLogWorker (SegmentedRaftLogWorker.java:startLogSegment(380)) - 820851e1-bdcd-45a0-8164-1185e4eb16e4@group-A9F43C09F6B4-SegmentedRaftLogWorker: Starting segment from index:0
2019-09-26 12:48:40,728 [820851e1-bdcd-45a0-8164-1185e4eb16e4@group-A9F43C09F6B4:LeaderElection14] INFO  impl.RaftServerImpl (ServerState.java:setRaftConf(354)) - 820851e1-bdcd-45a0-8164-1185e4eb16e4@group-A9F43C09F6B4: set configuration 0: [820851e1-bdcd-45a0-8164-1185e4eb16e4:192.168.164.238:44266], old=null at 0
2019-09-26 12:48:40,768 [820851e1-bdcd-45a0-8164-1185e4eb16e4@group-A9F43C09F6B4-SegmentedRaftLogWorker] INFO  segmented.SegmentedRaftLogWorker (SegmentedRaftLogWorker.java:execute(569)) - 820851e1-bdcd-45a0-8164-1185e4eb16e4@group-A9F43C09F6B4-SegmentedRaftLogWorker: created new log segment /workdir/hadoop-ozone/integration-test/target/test-dir/MiniOzoneClusterImpl-081de17b-1a38-412a-aff9-ce4303794a7e/datanode-1/data/ratis/49854aa2-6629-4d99-ae5e-a9f43c09f6b4/current/log_inprogress_0
2019-09-26 12:48:40,888 [Thread-225] INFO  impl.FollowerState (FollowerState.java:run(106)) - 6058261b-904a-43cb-870c-12000dee09bb:group-120CF621668E changes to CANDIDATE, lastRpcTime:5176, electionTimeout:5176ms
2019-09-26 12:48:40,888 [Thread-225] INFO  impl.RoleInfo (RoleInfo.java:shutdownFollowerState(121)) - 6058261b-904a-43cb-870c-12000dee09bb: shutdown FollowerState
2019-09-26 12:48:40,889 [Thread-225] INFO  impl.RaftServerImpl (RaftServerImpl.java:setRole(174)) - 6058261b-904a-43cb-870c-12000dee09bb@group-120CF621668E: changes role from  FOLLOWER to CANDIDATE at term 0 for changeToCandidate
2019-09-26 12:48:40,889 [Thread-225] INFO  impl.RoleInfo (RoleInfo.java:updateAndGet(143)) - 6058261b-904a-43cb-870c-12000dee09bb: start LeaderElection
2019-09-26 12:48:40,908 [Thread-228] INFO  impl.FollowerState (FollowerState.java:run(106)) - 6058261b-904a-43cb-870c-12000dee09bb:group-0BA4C2FC77F2 changes to CANDIDATE, lastRpcTime:5137, electionTimeout:5137ms
2019-09-26 12:48:40,908 [Thread-228] INFO  impl.RoleInfo (RoleInfo.java:shutdownFollowerState(121)) - 6058261b-904a-43cb-870c-12000dee09bb: shutdown FollowerState
2019-09-26 12:48:40,908 [Thread-228] INFO  impl.RaftServerImpl (RaftServerImpl.java:setRole(174)) - 6058261b-904a-43cb-870c-12000dee09bb@group-0BA4C2FC77F2: changes role from  FOLLOWER to CANDIDATE at term 0 for changeToCandidate
2019-09-26 12:48:40,909 [Thread-228] INFO  impl.RoleInfo (RoleInfo.java:updateAndGet(143)) - 6058261b-904a-43cb-870c-12000dee09bb: start LeaderElection
2019-09-26 12:48:40,913 [6058261b-904a-43cb-870c-12000dee09bb@group-120CF621668E:LeaderElection15] INFO  impl.LeaderElection (LeaderElection.java:askForVotes(182)) - 6058261b-904a-43cb-870c-12000dee09bb@group-120CF621668E:LeaderElection15: begin an election at term 1 for -1: [6058261b-904a-43cb-870c-12000dee09bb:192.168.164.238:34662], old=null
2019-09-26 12:48:40,914 [6058261b-904a-43cb-870c-12000dee09bb@group-120CF621668E:LeaderElection15] INFO  impl.RoleInfo (RoleInfo.java:shutdownLeaderElection(134)) - 6058261b-904a-43cb-870c-12000dee09bb: shutdown LeaderElection
2019-09-26 12:48:40,914 [6058261b-904a-43cb-870c-12000dee09bb@group-120CF621668E:LeaderElection15] INFO  impl.RaftServerImpl (RaftServerImpl.java:setRole(174)) - 6058261b-904a-43cb-870c-12000dee09bb@group-120CF621668E: changes role from CANDIDATE to LEADER at term 1 for changeToLeader
2019-09-26 12:48:40,914 [6058261b-904a-43cb-870c-12000dee09bb@group-120CF621668E:LeaderElection15] INFO  impl.RaftServerImpl (ServerState.java:setLeader(253)) - 6058261b-904a-43cb-870c-12000dee09bb@group-120CF621668E: change Leader from null to 6058261b-904a-43cb-870c-12000dee09bb at term 1 for becomeLeader, leader elected after 5211ms
2019-09-26 12:48:40,914 [6058261b-904a-43cb-870c-12000dee09bb@group-120CF621668E:LeaderElection15] INFO  server.RaftServerConfigKeys (ConfUtils.java:logGet(43)) - raft.server.staging.catchup.gap = 1000 (default)
2019-09-26 12:48:40,914 [6058261b-904a-43cb-870c-12000dee09bb@group-120CF621668E:LeaderElection15] INFO  server.RaftServerConfigKeys (ConfUtils.java:logGet(43)) - raft.server.rpc.sleep.time = 25ms (default)
2019-09-26 12:48:40,914 [6058261b-904a-43cb-870c-12000dee09bb@group-120CF621668E:LeaderElection15] INFO  server.RaftServerConfigKeys (ConfUtils.java:logGet(43)) - raft.server.write.element-limit = 4096 (default)
2019-09-26 12:48:40,915 [6058261b-904a-43cb-870c-12000dee09bb@group-120CF621668E:LeaderElection15] INFO  server.RaftServerConfigKeys (ConfUtils.java:logGet(43)) - raft.server.watch.timeout = 10s (default)
2019-09-26 12:48:40,915 [6058261b-904a-43cb-870c-12000dee09bb@group-120CF621668E:LeaderElection15] INFO  server.RaftServerConfigKeys (ConfUtils.java:logGet(43)) - raft.server.watch.timeout.denomination = 1s (default)
2019-09-26 12:48:40,915 [6058261b-904a-43cb-870c-12000dee09bb@group-120CF621668E:LeaderElection15] INFO  server.RaftServerConfigKeys (ConfUtils.java:logGet(43)) - raft.server.watch.element-limit = 65536 (default)
2019-09-26 12:48:40,918 [6058261b-904a-43cb-870c-12000dee09bb@group-120CF621668E:LeaderElection15] INFO  impl.RoleInfo (RoleInfo.java:updateAndGet(143)) - 6058261b-904a-43cb-870c-12000dee09bb: start LeaderState
2019-09-26 12:48:40,918 [6058261b-904a-43cb-870c-12000dee09bb@group-120CF621668E:LeaderElection15] INFO  segmented.SegmentedRaftLogWorker (SegmentedRaftLogWorker.java:startLogSegment(380)) - 6058261b-904a-43cb-870c-12000dee09bb@group-120CF621668E-SegmentedRaftLogWorker: Starting segment from index:0
2019-09-26 12:48:40,918 [6058261b-904a-43cb-870c-12000dee09bb@group-120CF621668E:LeaderElection15] INFO  impl.RaftServerImpl (ServerState.java:setRaftConf(354)) - 6058261b-904a-43cb-870c-12000dee09bb@group-120CF621668E: set configuration 0: [6058261b-904a-43cb-870c-12000dee09bb:192.168.164.238:34662], old=null at 0
2019-09-26 12:48:40,927 [6058261b-904a-43cb-870c-12000dee09bb@group-0BA4C2FC77F2:LeaderElection16] INFO  impl.LeaderElection (LeaderElection.java:askForVotes(182)) - 6058261b-904a-43cb-870c-12000dee09bb@group-0BA4C2FC77F2:LeaderElection16: begin an election at term 1 for -1: [6058261b-904a-43cb-870c-12000dee09bb:192.168.164.238:34662], old=null
2019-09-26 12:48:40,927 [6058261b-904a-43cb-870c-12000dee09bb@group-0BA4C2FC77F2:LeaderElection16] INFO  impl.RoleInfo (RoleInfo.java:shutdownLeaderElection(134)) - 6058261b-904a-43cb-870c-12000dee09bb: shutdown LeaderElection
2019-09-26 12:48:40,927 [6058261b-904a-43cb-870c-12000dee09bb@group-0BA4C2FC77F2:LeaderElection16] INFO  impl.RaftServerImpl (RaftServerImpl.java:setRole(174)) - 6058261b-904a-43cb-870c-12000dee09bb@group-0BA4C2FC77F2: changes role from CANDIDATE to LEADER at term 1 for changeToLeader
2019-09-26 12:48:40,928 [6058261b-904a-43cb-870c-12000dee09bb@group-0BA4C2FC77F2:LeaderElection16] INFO  impl.RaftServerImpl (ServerState.java:setLeader(253)) - 6058261b-904a-43cb-870c-12000dee09bb@group-0BA4C2FC77F2: change Leader from null to 6058261b-904a-43cb-870c-12000dee09bb at term 1 for becomeLeader, leader elected after 5164ms
2019-09-26 12:48:40,928 [6058261b-904a-43cb-870c-12000dee09bb@group-0BA4C2FC77F2:LeaderElection16] INFO  server.RaftServerConfigKeys (ConfUtils.java:logGet(43)) - raft.server.staging.catchup.gap = 1000 (default)
2019-09-26 12:48:40,928 [Thread-231] INFO  impl.FollowerState (FollowerState.java:run(106)) - 820851e1-bdcd-45a0-8164-1185e4eb16e4:group-F27D5AF4E09C changes to CANDIDATE, lastRpcTime:5079, electionTimeout:5079ms
2019-09-26 12:48:40,928 [6058261b-904a-43cb-870c-12000dee09bb@group-0BA4C2FC77F2:LeaderElection16] INFO  server.RaftServerConfigKeys (ConfUtils.java:logGet(43)) - raft.server.rpc.sleep.time = 25ms (default)
2019-09-26 12:48:40,928 [Thread-231] INFO  impl.RoleInfo (RoleInfo.java:shutdownFollowerState(121)) - 820851e1-bdcd-45a0-8164-1185e4eb16e4: shutdown FollowerState
2019-09-26 12:48:40,928 [6058261b-904a-43cb-870c-12000dee09bb@group-0BA4C2FC77F2:LeaderElection16] INFO  server.RaftServerConfigKeys (ConfUtils.java:logGet(43)) - raft.server.write.element-limit = 4096 (default)
2019-09-26 12:48:40,928 [Thread-231] INFO  impl.RaftServerImpl (RaftServerImpl.java:setRole(174)) - 820851e1-bdcd-45a0-8164-1185e4eb16e4@group-F27D5AF4E09C: changes role from  FOLLOWER to CANDIDATE at term 0 for changeToCandidate
2019-09-26 12:48:40,928 [6058261b-904a-43cb-870c-12000dee09bb@group-0BA4C2FC77F2:LeaderElection16] INFO  server.RaftServerConfigKeys (ConfUtils.java:logGet(43)) - raft.server.watch.timeout = 10s (default)
2019-09-26 12:48:40,928 [Thread-231] INFO  impl.RoleInfo (RoleInfo.java:updateAndGet(143)) - 820851e1-bdcd-45a0-8164-1185e4eb16e4: start LeaderElection
2019-09-26 12:48:40,928 [6058261b-904a-43cb-870c-12000dee09bb@group-0BA4C2FC77F2:LeaderElection16] INFO  server.RaftServerConfigKeys (ConfUtils.java:logGet(43)) - raft.server.watch.timeout.denomination = 1s (default)
2019-09-26 12:48:40,929 [6058261b-904a-43cb-870c-12000dee09bb@group-0BA4C2FC77F2:LeaderElection16] INFO  server.RaftServerConfigKeys (ConfUtils.java:logGet(43)) - raft.server.watch.element-limit = 65536 (default)
2019-09-26 12:48:40,965 [6058261b-904a-43cb-870c-12000dee09bb@group-0BA4C2FC77F2:LeaderElection16] INFO  impl.RoleInfo (RoleInfo.java:updateAndGet(143)) - 6058261b-904a-43cb-870c-12000dee09bb: start LeaderState
2019-09-26 12:48:40,965 [6058261b-904a-43cb-870c-12000dee09bb@group-0BA4C2FC77F2:LeaderElection16] INFO  segmented.SegmentedRaftLogWorker (SegmentedRaftLogWorker.java:startLogSegment(380)) - 6058261b-904a-43cb-870c-12000dee09bb@group-0BA4C2FC77F2-SegmentedRaftLogWorker: Starting segment from index:0
2019-09-26 12:48:40,966 [6058261b-904a-43cb-870c-12000dee09bb@group-0BA4C2FC77F2:LeaderElection16] INFO  impl.RaftServerImpl (ServerState.java:setRaftConf(354)) - 6058261b-904a-43cb-870c-12000dee09bb@group-0BA4C2FC77F2: set configuration 0: [6058261b-904a-43cb-870c-12000dee09bb:192.168.164.238:34662], old=null at 0
2019-09-26 12:48:40,993 [Thread-234] INFO  impl.FollowerState (FollowerState.java:run(106)) - 820851e1-bdcd-45a0-8164-1185e4eb16e4:group-BC82A538DF81 changes to CANDIDATE, lastRpcTime:5080, electionTimeout:5078ms
2019-09-26 12:48:40,993 [820851e1-bdcd-45a0-8164-1185e4eb16e4@group-F27D5AF4E09C:LeaderElection17] INFO  impl.LeaderElection (LeaderElection.java:askForVotes(182)) - 820851e1-bdcd-45a0-8164-1185e4eb16e4@group-F27D5AF4E09C:LeaderElection17: begin an election at term 1 for -1: [820851e1-bdcd-45a0-8164-1185e4eb16e4:192.168.164.238:44266], old=null
2019-09-26 12:48:40,993 [6058261b-904a-43cb-870c-12000dee09bb@group-120CF621668E-SegmentedRaftLogWorker] INFO  segmented.SegmentedRaftLogWorker (SegmentedRaftLogWorker.java:execute(569)) - 6058261b-904a-43cb-870c-12000dee09bb@group-120CF621668E-SegmentedRaftLogWorker: created new log segment /workdir/hadoop-ozone/integration-test/target/test-dir/MiniOzoneClusterImpl-081de17b-1a38-412a-aff9-ce4303794a7e/datanode-2/data/ratis/8370a8c6-742d-45bd-b0f2-120cf621668e/current/log_inprogress_0
2019-09-26 12:48:40,994 [820851e1-bdcd-45a0-8164-1185e4eb16e4@group-F27D5AF4E09C:LeaderElection17] INFO  impl.RoleInfo (RoleInfo.java:shutdownLeaderElection(134)) - 820851e1-bdcd-45a0-8164-1185e4eb16e4: shutdown LeaderElection
2019-09-26 12:48:40,994 [Thread-234] INFO  impl.RoleInfo (RoleInfo.java:shutdownFollowerState(121)) - 820851e1-bdcd-45a0-8164-1185e4eb16e4: shutdown FollowerState
2019-09-26 12:48:40,994 [820851e1-bdcd-45a0-8164-1185e4eb16e4@group-F27D5AF4E09C:LeaderElection17] INFO  impl.RaftServerImpl (RaftServerImpl.java:setRole(174)) - 820851e1-bdcd-45a0-8164-1185e4eb16e4@group-F27D5AF4E09C: changes role from CANDIDATE to LEADER at term 1 for changeToLeader
2019-09-26 12:48:40,994 [Thread-234] INFO  impl.RaftServerImpl (RaftServerImpl.java:setRole(174)) - 820851e1-bdcd-45a0-8164-1185e4eb16e4@group-BC82A538DF81: changes role from  FOLLOWER to CANDIDATE at term 0 for changeToCandidate
2019-09-26 12:48:40,994 [820851e1-bdcd-45a0-8164-1185e4eb16e4@group-F27D5AF4E09C:LeaderElection17] INFO  impl.RaftServerImpl (ServerState.java:setLeader(253)) - 820851e1-bdcd-45a0-8164-1185e4eb16e4@group-F27D5AF4E09C: change Leader from null to 820851e1-bdcd-45a0-8164-1185e4eb16e4 at term 1 for becomeLeader, leader elected after 5156ms
2019-09-26 12:48:40,994 [Thread-234] INFO  impl.RoleInfo (RoleInfo.java:updateAndGet(143)) - 820851e1-bdcd-45a0-8164-1185e4eb16e4: start LeaderElection
2019-09-26 12:48:40,994 [820851e1-bdcd-45a0-8164-1185e4eb16e4@group-F27D5AF4E09C:LeaderElection17] INFO  server.RaftServerConfigKeys (ConfUtils.java:logGet(43)) - raft.server.staging.catchup.gap = 1000 (default)
2019-09-26 12:48:40,994 [820851e1-bdcd-45a0-8164-1185e4eb16e4@group-F27D5AF4E09C:LeaderElection17] INFO  server.RaftServerConfigKeys (ConfUtils.java:logGet(43)) - raft.server.rpc.sleep.time = 25ms (default)
2019-09-26 12:48:40,998 [820851e1-bdcd-45a0-8164-1185e4eb16e4@group-F27D5AF4E09C:LeaderElection17] INFO  server.RaftServerConfigKeys (ConfUtils.java:logGet(43)) - raft.server.write.element-limit = 4096 (default)
2019-09-26 12:48:40,998 [820851e1-bdcd-45a0-8164-1185e4eb16e4@group-F27D5AF4E09C:LeaderElection17] INFO  server.RaftServerConfigKeys (ConfUtils.java:logGet(43)) - raft.server.watch.timeout = 10s (default)
2019-09-26 12:48:40,998 [820851e1-bdcd-45a0-8164-1185e4eb16e4@group-F27D5AF4E09C:LeaderElection17] INFO  server.RaftServerConfigKeys (ConfUtils.java:logGet(43)) - raft.server.watch.timeout.denomination = 1s (default)
2019-09-26 12:48:40,998 [820851e1-bdcd-45a0-8164-1185e4eb16e4@group-F27D5AF4E09C:LeaderElection17] INFO  server.RaftServerConfigKeys (ConfUtils.java:logGet(43)) - raft.server.watch.element-limit = 65536 (default)
2019-09-26 12:48:41,000 [820851e1-bdcd-45a0-8164-1185e4eb16e4@group-F27D5AF4E09C:LeaderElection17] INFO  impl.RoleInfo (RoleInfo.java:updateAndGet(143)) - 820851e1-bdcd-45a0-8164-1185e4eb16e4: start LeaderState
2019-09-26 12:48:41,001 [820851e1-bdcd-45a0-8164-1185e4eb16e4@group-F27D5AF4E09C:LeaderElection17] INFO  segmented.SegmentedRaftLogWorker (SegmentedRaftLogWorker.java:startLogSegment(380)) - 820851e1-bdcd-45a0-8164-1185e4eb16e4@group-F27D5AF4E09C-SegmentedRaftLogWorker: Starting segment from index:0
2019-09-26 12:48:41,001 [820851e1-bdcd-45a0-8164-1185e4eb16e4@group-F27D5AF4E09C:LeaderElection17] INFO  impl.RaftServerImpl (ServerState.java:setRaftConf(354)) - 820851e1-bdcd-45a0-8164-1185e4eb16e4@group-F27D5AF4E09C: set configuration 0: [820851e1-bdcd-45a0-8164-1185e4eb16e4:192.168.164.238:44266], old=null at 0
2019-09-26 12:48:41,028 [6058261b-904a-43cb-870c-12000dee09bb@group-0BA4C2FC77F2-SegmentedRaftLogWorker] INFO  segmented.SegmentedRaftLogWorker (SegmentedRaftLogWorker.java:execute(569)) - 6058261b-904a-43cb-870c-12000dee09bb@group-0BA4C2FC77F2-SegmentedRaftLogWorker: created new log segment /workdir/hadoop-ozone/integration-test/target/test-dir/MiniOzoneClusterImpl-081de17b-1a38-412a-aff9-ce4303794a7e/datanode-2/data/ratis/dc3796e4-207f-4b35-99e5-0ba4c2fc77f2/current/log_inprogress_0
2019-09-26 12:48:41,028 [820851e1-bdcd-45a0-8164-1185e4eb16e4@group-BC82A538DF81:LeaderElection18] INFO  impl.LeaderElection (LeaderElection.java:askForVotes(182)) - 820851e1-bdcd-45a0-8164-1185e4eb16e4@group-BC82A538DF81:LeaderElection18: begin an election at term 1 for -1: [820851e1-bdcd-45a0-8164-1185e4eb16e4:192.168.164.238:44266], old=null
2019-09-26 12:48:41,028 [820851e1-bdcd-45a0-8164-1185e4eb16e4@group-BC82A538DF81:LeaderElection18] INFO  impl.RoleInfo (RoleInfo.java:shutdownLeaderElection(134)) - 820851e1-bdcd-45a0-8164-1185e4eb16e4: shutdown LeaderElection
2019-09-26 12:48:41,028 [820851e1-bdcd-45a0-8164-1185e4eb16e4@group-BC82A538DF81:LeaderElection18] INFO  impl.RaftServerImpl (RaftServerImpl.java:setRole(174)) - 820851e1-bdcd-45a0-8164-1185e4eb16e4@group-BC82A538DF81: changes role from CANDIDATE to LEADER at term 1 for changeToLeader
2019-09-26 12:48:41,028 [820851e1-bdcd-45a0-8164-1185e4eb16e4@group-BC82A538DF81:LeaderElection18] INFO  impl.RaftServerImpl (ServerState.java:setLeader(253)) - 820851e1-bdcd-45a0-8164-1185e4eb16e4@group-BC82A538DF81: change Leader from null to 820851e1-bdcd-45a0-8164-1185e4eb16e4 at term 1 for becomeLeader, leader elected after 5124ms
2019-09-26 12:48:41,028 [820851e1-bdcd-45a0-8164-1185e4eb16e4@group-BC82A538DF81:LeaderElection18] INFO  server.RaftServerConfigKeys (ConfUtils.java:logGet(43)) - raft.server.staging.catchup.gap = 1000 (default)
2019-09-26 12:48:41,029 [820851e1-bdcd-45a0-8164-1185e4eb16e4@group-BC82A538DF81:LeaderElection18] INFO  server.RaftServerConfigKeys (ConfUtils.java:logGet(43)) - raft.server.rpc.sleep.time = 25ms (default)
2019-09-26 12:48:41,029 [820851e1-bdcd-45a0-8164-1185e4eb16e4@group-BC82A538DF81:LeaderElection18] INFO  server.RaftServerConfigKeys (ConfUtils.java:logGet(43)) - raft.server.write.element-limit = 4096 (default)
2019-09-26 12:48:41,029 [820851e1-bdcd-45a0-8164-1185e4eb16e4@group-BC82A538DF81:LeaderElection18] INFO  server.RaftServerConfigKeys (ConfUtils.java:logGet(43)) - raft.server.watch.timeout = 10s (default)
2019-09-26 12:48:41,029 [820851e1-bdcd-45a0-8164-1185e4eb16e4@group-BC82A538DF81:LeaderElection18] INFO  server.RaftServerConfigKeys (ConfUtils.java:logGet(43)) - raft.server.watch.timeout.denomination = 1s (default)
2019-09-26 12:48:41,029 [820851e1-bdcd-45a0-8164-1185e4eb16e4@group-BC82A538DF81:LeaderElection18] INFO  server.RaftServerConfigKeys (ConfUtils.java:logGet(43)) - raft.server.watch.element-limit = 65536 (default)
2019-09-26 12:48:41,032 [820851e1-bdcd-45a0-8164-1185e4eb16e4@group-BC82A538DF81:LeaderElection18] INFO  impl.RoleInfo (RoleInfo.java:updateAndGet(143)) - 820851e1-bdcd-45a0-8164-1185e4eb16e4: start LeaderState
2019-09-26 12:48:41,032 [820851e1-bdcd-45a0-8164-1185e4eb16e4@group-BC82A538DF81:LeaderElection18] INFO  segmented.SegmentedRaftLogWorker (SegmentedRaftLogWorker.java:startLogSegment(380)) - 820851e1-bdcd-45a0-8164-1185e4eb16e4@group-BC82A538DF81-SegmentedRaftLogWorker: Starting segment from index:0
2019-09-26 12:48:41,033 [820851e1-bdcd-45a0-8164-1185e4eb16e4@group-BC82A538DF81:LeaderElection18] INFO  impl.RaftServerImpl (ServerState.java:setRaftConf(354)) - 820851e1-bdcd-45a0-8164-1185e4eb16e4@group-BC82A538DF81: set configuration 0: [820851e1-bdcd-45a0-8164-1185e4eb16e4:192.168.164.238:44266], old=null at 0
2019-09-26 12:48:41,063 [820851e1-bdcd-45a0-8164-1185e4eb16e4@group-F27D5AF4E09C-SegmentedRaftLogWorker] INFO  segmented.SegmentedRaftLogWorker (SegmentedRaftLogWorker.java:execute(569)) - 820851e1-bdcd-45a0-8164-1185e4eb16e4@group-F27D5AF4E09C-SegmentedRaftLogWorker: created new log segment /workdir/hadoop-ozone/integration-test/target/test-dir/MiniOzoneClusterImpl-081de17b-1a38-412a-aff9-ce4303794a7e/datanode-1/data/ratis/4ca72dd4-0cc5-4090-879f-f27d5af4e09c/current/log_inprogress_0
2019-09-26 12:48:41,072 [820851e1-bdcd-45a0-8164-1185e4eb16e4@group-BC82A538DF81-SegmentedRaftLogWorker] INFO  segmented.SegmentedRaftLogWorker (SegmentedRaftLogWorker.java:execute(569)) - 820851e1-bdcd-45a0-8164-1185e4eb16e4@group-BC82A538DF81-SegmentedRaftLogWorker: created new log segment /workdir/hadoop-ozone/integration-test/target/test-dir/MiniOzoneClusterImpl-081de17b-1a38-412a-aff9-ce4303794a7e/datanode-1/data/ratis/f85db412-9ee9-4e23-8df0-bc82a538df81/current/log_inprogress_0
2019-09-26 12:48:42,954 [IPC Server handler 0 on 39966] INFO  pipeline.PipelinePlacementPolicy (PipelinePlacementPolicy.java:meetCriteria(91)) - Pipeline Placement: can't place more pipeline on heavy datanode： 20e591b8-fc6c-46b8-8fe6-42f3b5d430cb Heaviness: 6 limit: 5
2019-09-26 12:48:42,954 [IPC Server handler 0 on 39966] INFO  pipeline.PipelinePlacementPolicy (PipelinePlacementPolicy.java:meetCriteria(91)) - Pipeline Placement: can't place more pipeline on heavy datanode： 820851e1-bdcd-45a0-8164-1185e4eb16e4 Heaviness: 6 limit: 5
2019-09-26 12:48:42,954 [IPC Server handler 0 on 39966] INFO  pipeline.PipelinePlacementPolicy (PipelinePlacementPolicy.java:meetCriteria(91)) - Pipeline Placement: can't place more pipeline on heavy datanode： 6058261b-904a-43cb-870c-12000dee09bb Heaviness: 6 limit: 5
2019-09-26 12:48:42,955 [IPC Server handler 0 on 39966] ERROR pipeline.PipelinePlacementPolicy (PipelinePlacementPolicy.java:filterViableNodes(148)) - Unable to find enough nodes that meet the criteria that cannot engage in more than 5 pipelines. Nodes required: 3 Found: 0, healthy nodes count inNodeManager: 3.
2019-09-26 12:48:42,955 [IPC Server handler 0 on 39966] ERROR pipeline.SCMPipelineManager (SCMPipelineManager.java:createPipeline(167)) - Pipeline creation failed.
org.apache.hadoop.hdds.scm.exceptions.SCMException: Unable to find enough nodes that meet the criteria that cannot engage in more than 5 pipelines. Nodes required: 3 Found: 0, healthy nodes count inNodeManager: 3.
	at org.apache.hadoop.hdds.scm.pipeline.PipelinePlacementPolicy.filterViableNodes(PipelinePlacementPolicy.java:149)
	at org.apache.hadoop.hdds.scm.pipeline.PipelinePlacementPolicy.chooseDatanodes(PipelinePlacementPolicy.java:172)
	at org.apache.hadoop.hdds.scm.pipeline.RatisPipelineProvider.create(RatisPipelineProvider.java:93)
	at org.apache.hadoop.hdds.scm.pipeline.PipelineFactory.create(PipelineFactory.java:58)
	at org.apache.hadoop.hdds.scm.pipeline.SCMPipelineManager.createPipeline(SCMPipelineManager.java:155)
	at org.apache.hadoop.hdds.scm.block.BlockManagerImpl.allocateBlock(BlockManagerImpl.java:190)
	at org.apache.hadoop.hdds.scm.server.SCMBlockProtocolServer.allocateBlock(SCMBlockProtocolServer.java:182)
	at org.apache.hadoop.ozone.protocolPB.ScmBlockLocationProtocolServerSideTranslatorPB.allocateScmBlock(ScmBlockLocationProtocolServerSideTranslatorPB.java:183)
	at org.apache.hadoop.ozone.protocolPB.ScmBlockLocationProtocolServerSideTranslatorPB.processMessage(ScmBlockLocationProtocolServerSideTranslatorPB.java:141)
	at org.apache.hadoop.ozone.protocolPB.ScmBlockLocationProtocolServerSideTranslatorPB.send(ScmBlockLocationProtocolServerSideTranslatorPB.java:116)
	at org.apache.hadoop.hdds.protocol.proto.ScmBlockLocationProtocolProtos$ScmBlockLocationProtocolService$2.callBlockingMethod(ScmBlockLocationProtocolProtos.java:13157)
	at org.apache.hadoop.ipc.ProtobufRpcEngine$Server$ProtoBufRpcInvoker.call(ProtobufRpcEngine.java:524)
	at org.apache.hadoop.ipc.RPC$Server.call(RPC.java:1025)
	at org.apache.hadoop.ipc.Server$RpcCall.run(Server.java:876)
	at org.apache.hadoop.ipc.Server$RpcCall.run(Server.java:822)
	at java.security.AccessController.doPrivileged(Native Method)
	at javax.security.auth.Subject.doAs(Subject.java:422)
	at org.apache.hadoop.security.UserGroupInformation.doAs(UserGroupInformation.java:1730)
	at org.apache.hadoop.ipc.Server$Handler.run(Server.java:2682)
2019-09-26 12:48:42,955 [IPC Server handler 0 on 39966] WARN  block.BlockManagerImpl (BlockManagerImpl.java:allocateBlock(192)) - Pipeline creation failed for type:RATIS factor:THREE. Retrying get pipelines call once.
org.apache.hadoop.hdds.scm.exceptions.SCMException: Unable to find enough nodes that meet the criteria that cannot engage in more than 5 pipelines. Nodes required: 3 Found: 0, healthy nodes count inNodeManager: 3.
	at org.apache.hadoop.hdds.scm.pipeline.PipelinePlacementPolicy.filterViableNodes(PipelinePlacementPolicy.java:149)
	at org.apache.hadoop.hdds.scm.pipeline.PipelinePlacementPolicy.chooseDatanodes(PipelinePlacementPolicy.java:172)
	at org.apache.hadoop.hdds.scm.pipeline.RatisPipelineProvider.create(RatisPipelineProvider.java:93)
	at org.apache.hadoop.hdds.scm.pipeline.PipelineFactory.create(PipelineFactory.java:58)
	at org.apache.hadoop.hdds.scm.pipeline.SCMPipelineManager.createPipeline(SCMPipelineManager.java:155)
	at org.apache.hadoop.hdds.scm.block.BlockManagerImpl.allocateBlock(BlockManagerImpl.java:190)
	at org.apache.hadoop.hdds.scm.server.SCMBlockProtocolServer.allocateBlock(SCMBlockProtocolServer.java:182)
	at org.apache.hadoop.ozone.protocolPB.ScmBlockLocationProtocolServerSideTranslatorPB.allocateScmBlock(ScmBlockLocationProtocolServerSideTranslatorPB.java:183)
	at org.apache.hadoop.ozone.protocolPB.ScmBlockLocationProtocolServerSideTranslatorPB.processMessage(ScmBlockLocationProtocolServerSideTranslatorPB.java:141)
	at org.apache.hadoop.ozone.protocolPB.ScmBlockLocationProtocolServerSideTranslatorPB.send(ScmBlockLocationProtocolServerSideTranslatorPB.java:116)
	at org.apache.hadoop.hdds.protocol.proto.ScmBlockLocationProtocolProtos$ScmBlockLocationProtocolService$2.callBlockingMethod(ScmBlockLocationProtocolProtos.java:13157)
	at org.apache.hadoop.ipc.ProtobufRpcEngine$Server$ProtoBufRpcInvoker.call(ProtobufRpcEngine.java:524)
	at org.apache.hadoop.ipc.RPC$Server.call(RPC.java:1025)
	at org.apache.hadoop.ipc.Server$RpcCall.run(Server.java:876)
	at org.apache.hadoop.ipc.Server$RpcCall.run(Server.java:822)
	at java.security.AccessController.doPrivileged(Native Method)
	at javax.security.auth.Subject.doAs(Subject.java:422)
	at org.apache.hadoop.security.UserGroupInformation.doAs(UserGroupInformation.java:1730)
	at org.apache.hadoop.ipc.Server$Handler.run(Server.java:2682)
2019-09-26 12:48:42,956 [IPC Server handler 0 on 39966] INFO  block.BlockManagerImpl (BlockManagerImpl.java:allocateBlock(198)) - Could not find available pipeline of type:RATIS and factor:THREE even after retrying
2019-09-26 12:48:42,956 [IPC Server handler 0 on 39966] ERROR block.BlockManagerImpl (BlockManagerImpl.java:allocateBlock(222)) - Unable to allocate a block for the size: 4194304, type: RATIS, factor: THREE
]]></system-out>
    <system-err><![CDATA[ERROR StatusLogger No Log4j 2 configuration file found. Using default configuration (logging only errors to the console), or user programmatically provided configurations. Set system property 'log4j2.debug' to show Log4j 2 internal initialization logging. See https://logging.apache.org/log4j/2.x/manual/configuration.html for instructions on how to configure Log4j 2
]]></system-err>
  </testcase>
</testsuite>