<?xml version="1.0" encoding="UTF-8"?>
<testsuite xmlns:xsi="http://www.w3.org/2001/XMLSchema-instance" xsi:noNamespaceSchemaLocation="https://maven.apache.org/surefire/maven-surefire-plugin/xsd/surefire-test-report.xsd" name="org.apache.hadoop.ozone.client.rpc.TestBlockOutputStreamWithFailures" time="687.624" tests="8" errors="0" skipped="0" failures="1">
  <properties>
    <property name="awt.toolkit" value="sun.awt.X11.XToolkit"/>
    <property name="file.encoding.pkg" value="sun.io"/>
    <property name="java.specification.version" value="1.8"/>
    <property name="sun.cpu.isalist" value=""/>
    <property name="sun.jnu.encoding" value="UTF-8"/>
    <property name="java.class.path" value="/workdir/hadoop-ozone/integration-test/target/test-classes:/workdir/hadoop-ozone/integration-test/target/classes:/home/user/.m2/repository/org/apache/hadoop/hadoop-ozone-common/0.5.0-SNAPSHOT/hadoop-ozone-common-0.5.0-SNAPSHOT.jar:/home/user/.m2/repository/org/apache/commons/commons-compress/1.4.1/commons-compress-1.4.1.jar:/home/user/.m2/repository/org/tukaani/xz/1.0/xz-1.0.jar:/home/user/.m2/repository/org/apache/hadoop/hadoop-common/3.2.0/hadoop-common-3.2.0.jar:/home/user/.m2/repository/org/apache/hadoop/hadoop-hdfs/3.2.0/hadoop-hdfs-3.2.0.jar:/home/user/.m2/repository/org/apache/hadoop/hadoop-hdfs-client/3.2.0/hadoop-hdfs-client-3.2.0.jar:/home/user/.m2/repository/com/fasterxml/jackson/core/jackson-annotations/2.9.5/jackson-annotations-2.9.5.jar:/home/user/.m2/repository/org/apache/hadoop/hadoop-hdds-common/0.5.0-SNAPSHOT/hadoop-hdds-common-0.5.0-SNAPSHOT.jar:/home/user/.m2/repository/javax/annotation/javax.annotation-api/1.2/javax.annotation-api-1.2.jar:/home/user/.m2/repository/org/apache/ratis/ratis-server/0.4.0-2337318-SNAPSHOT/ratis-server-0.4.0-2337318-SNAPSHOT.jar:/home/user/.m2/repository/org/apache/ratis/ratis-thirdparty-misc/0.2.0/ratis-thirdparty-misc-0.2.0.jar:/home/user/.m2/repository/org/apache/ratis/ratis-proto/0.4.0-2337318-SNAPSHOT/ratis-proto-0.4.0-2337318-SNAPSHOT.jar:/home/user/.m2/repository/org/apache/ratis/ratis-common/0.4.0-2337318-SNAPSHOT/ratis-common-0.4.0-2337318-SNAPSHOT.jar:/home/user/.m2/repository/org/apache/ratis/ratis-client/0.4.0-2337318-SNAPSHOT/ratis-client-0.4.0-2337318-SNAPSHOT.jar:/home/user/.m2/repository/org/apache/ratis/ratis-metrics/0.4.0-2337318-SNAPSHOT/ratis-metrics-0.4.0-2337318-SNAPSHOT.jar:/home/user/.m2/repository/org/apache/ratis/ratis-netty/0.4.0-2337318-SNAPSHOT/ratis-netty-0.4.0-2337318-SNAPSHOT.jar:/home/user/.m2/repository/org/apache/ratis/ratis-grpc/0.4.0-2337318-SNAPSHOT/ratis-grpc-0.4.0-2337318-SNAPSHOT.jar:/home/user/.m2/repository/org/rocksdb/rocksdbjni/6.0.1/rocksdbjni-6.0.1.jar:/home/user/.m2/repository/org/apache/logging/log4j/log4j-api/2.11.0/log4j-api-2.11.0.jar:/home/user/.m2/repository/org/apache/logging/log4j/log4j-core/2.11.0/log4j-core-2.11.0.jar:/home/user/.m2/repository/com/lmax/disruptor/3.4.2/disruptor-3.4.2.jar:/home/user/.m2/repository/org/apache/commons/commons-pool2/2.6.0/commons-pool2-2.6.0.jar:/home/user/.m2/repository/org/bouncycastle/bcpkix-jdk15on/1.60/bcpkix-jdk15on-1.60.jar:/home/user/.m2/repository/commons-validator/commons-validator/1.6/commons-validator-1.6.jar:/home/user/.m2/repository/commons-digester/commons-digester/1.8.1/commons-digester-1.8.1.jar:/home/user/.m2/repository/io/jaegertracing/jaeger-client/0.33.1/jaeger-client-0.33.1.jar:/home/user/.m2/repository/io/jaegertracing/jaeger-thrift/0.33.1/jaeger-thrift-0.33.1.jar:/home/user/.m2/repository/org/apache/thrift/libthrift/0.11.0/libthrift-0.11.0.jar:/home/user/.m2/repository/com/squareup/okhttp3/okhttp/3.9.0/okhttp-3.9.0.jar:/home/user/.m2/repository/com/squareup/okio/okio/1.13.0/okio-1.13.0.jar:/home/user/.m2/repository/io/jaegertracing/jaeger-core/0.33.1/jaeger-core-0.33.1.jar:/home/user/.m2/repository/io/jaegertracing/jaeger-tracerresolver/0.33.1/jaeger-tracerresolver-0.33.1.jar:/home/user/.m2/repository/io/opentracing/contrib/opentracing-tracerresolver/0.1.5/opentracing-tracerresolver-0.1.5.jar:/home/user/.m2/repository/io/opentracing/opentracing-util/0.31.0/opentracing-util-0.31.0.jar:/home/user/.m2/repository/io/opentracing/opentracing-api/0.31.0/opentracing-api-0.31.0.jar:/home/user/.m2/repository/io/opentracing/opentracing-noop/0.31.0/opentracing-noop-0.31.0.jar:/home/user/.m2/repository/org/apache/hadoop/hadoop-hdds-server-framework/0.5.0-SNAPSHOT/hadoop-hdds-server-framework-0.5.0-SNAPSHOT.jar:/home/user/.m2/repository/org/apache/hadoop/hadoop-hdds-container-service/0.5.0-SNAPSHOT/hadoop-hdds-container-service-0.5.0-SNAPSHOT.jar:/home/user/.m2/repository/org/apache/hadoop/hadoop-hdds-client/0.5.0-SNAPSHOT/hadoop-hdds-client-0.5.0-SNAPSHOT.jar:/home/user/.m2/repository/org/apache/hadoop/hadoop-hdds-tools/0.5.0-SNAPSHOT/hadoop-hdds-tools-0.5.0-SNAPSHOT.jar:/home/user/.m2/repository/org/apache/hadoop/hadoop-hdds-server-scm/0.5.0-SNAPSHOT/hadoop-hdds-server-scm-0.5.0-SNAPSHOT.jar:/home/user/.m2/repository/org/apache/hadoop/hadoop-hdds-docs/0.5.0-SNAPSHOT/hadoop-hdds-docs-0.5.0-SNAPSHOT.jar:/home/user/.m2/repository/io/dropwizard/metrics/metrics-core/3.2.4/metrics-core-3.2.4.jar:/home/user/.m2/repository/org/hamcrest/hamcrest-all/1.3/hamcrest-all-1.3.jar:/home/user/.m2/repository/org/bouncycastle/bcprov-jdk15on/1.60/bcprov-jdk15on-1.60.jar:/home/user/.m2/repository/info/picocli/picocli/3.9.6/picocli-3.9.6.jar:/home/user/.m2/repository/com/google/protobuf/protobuf-java/2.5.0/protobuf-java-2.5.0.jar:/home/user/.m2/repository/com/google/guava/guava/11.0.2/guava-11.0.2.jar:/home/user/.m2/repository/org/apache/hadoop/hadoop-ozone-ozone-manager/0.5.0-SNAPSHOT/hadoop-ozone-ozone-manager-0.5.0-SNAPSHOT.jar:/home/user/.m2/repository/org/apache/hadoop/hadoop-minikdc/3.2.0/hadoop-minikdc-3.2.0.jar:/home/user/.m2/repository/commons-io/commons-io/2.5/commons-io-2.5.jar:/home/user/.m2/repository/org/apache/kerby/kerb-simplekdc/1.0.1/kerb-simplekdc-1.0.1.jar:/home/user/.m2/repository/org/apache/kerby/kerb-client/1.0.1/kerb-client-1.0.1.jar:/home/user/.m2/repository/org/apache/kerby/kerby-config/1.0.1/kerby-config-1.0.1.jar:/home/user/.m2/repository/org/apache/kerby/kerb-core/1.0.1/kerb-core-1.0.1.jar:/home/user/.m2/repository/org/apache/kerby/kerby-pkix/1.0.1/kerby-pkix-1.0.1.jar:/home/user/.m2/repository/org/apache/kerby/kerby-asn1/1.0.1/kerby-asn1-1.0.1.jar:/home/user/.m2/repository/org/apache/kerby/kerby-util/1.0.1/kerby-util-1.0.1.jar:/home/user/.m2/repository/org/apache/kerby/kerb-common/1.0.1/kerb-common-1.0.1.jar:/home/user/.m2/repository/org/apache/kerby/kerb-crypto/1.0.1/kerb-crypto-1.0.1.jar:/home/user/.m2/repository/org/apache/kerby/kerb-util/1.0.1/kerb-util-1.0.1.jar:/home/user/.m2/repository/org/apache/kerby/token-provider/1.0.1/token-provider-1.0.1.jar:/home/user/.m2/repository/org/apache/kerby/kerb-admin/1.0.1/kerb-admin-1.0.1.jar:/home/user/.m2/repository/org/apache/kerby/kerb-server/1.0.1/kerb-server-1.0.1.jar:/home/user/.m2/repository/org/apache/kerby/kerb-identity/1.0.1/kerb-identity-1.0.1.jar:/home/user/.m2/repository/org/apache/kerby/kerby-xdr/1.0.1/kerby-xdr-1.0.1.jar:/home/user/.m2/repository/org/slf4j/slf4j-log4j12/1.7.25/slf4j-log4j12-1.7.25.jar:/home/user/.m2/repository/org/apache/hadoop/hadoop-ozone-objectstore-service/0.5.0-SNAPSHOT/hadoop-ozone-objectstore-service-0.5.0-SNAPSHOT.jar:/home/user/.m2/repository/org/apache/hadoop/hadoop-ozone-s3gateway/0.5.0-SNAPSHOT/hadoop-ozone-s3gateway-0.5.0-SNAPSHOT.jar:/home/user/.m2/repository/org/jboss/weld/servlet/weld-servlet/2.4.7.Final/weld-servlet-2.4.7.Final.jar:/home/user/.m2/repository/org/glassfish/jersey/containers/jersey-container-servlet-core/2.27/jersey-container-servlet-core-2.27.jar:/home/user/.m2/repository/org/glassfish/hk2/external/javax.inject/2.5.0-b42/javax.inject-2.5.0-b42.jar:/home/user/.m2/repository/org/glassfish/jersey/core/jersey-common/2.27/jersey-common-2.27.jar:/home/user/.m2/repository/org/glassfish/hk2/osgi-resource-locator/1.0.1/osgi-resource-locator-1.0.1.jar:/home/user/.m2/repository/javax/ws/rs/javax.ws.rs-api/2.1/javax.ws.rs-api-2.1.jar:/home/user/.m2/repository/org/glassfish/jersey/ext/cdi/jersey-cdi1x/2.27/jersey-cdi1x-2.27.jar:/home/user/.m2/repository/org/glassfish/jersey/inject/jersey-hk2/2.27/jersey-hk2-2.27.jar:/home/user/.m2/repository/org/glassfish/hk2/hk2-locator/2.5.0-b42/hk2-locator-2.5.0-b42.jar:/home/user/.m2/repository/org/javassist/javassist/3.22.0-CR2/javassist-3.22.0-CR2.jar:/home/user/.m2/repository/org/glassfish/hk2/hk2-api/2.5.0/hk2-api-2.5.0.jar:/home/user/.m2/repository/org/glassfish/hk2/external/jakarta.inject/2.5.0/jakarta.inject-2.5.0.jar:/home/user/.m2/repository/org/glassfish/hk2/hk2-utils/2.5.0/hk2-utils-2.5.0.jar:/home/user/.m2/repository/jakarta/annotation/jakarta.annotation-api/1.3.4/jakarta.annotation-api-1.3.4.jar:/home/user/.m2/repository/org/glassfish/hk2/external/aopalliance-repackaged/2.5.0/aopalliance-repackaged-2.5.0.jar:/home/user/.m2/repository/com/fasterxml/jackson/dataformat/jackson-dataformat-xml/2.9.0/jackson-dataformat-xml-2.9.0.jar:/home/user/.m2/repository/com/fasterxml/jackson/core/jackson-core/2.9.5/jackson-core-2.9.5.jar:/home/user/.m2/repository/com/fasterxml/jackson/module/jackson-module-jaxb-annotations/2.9.5/jackson-module-jaxb-annotations-2.9.5.jar:/home/user/.m2/repository/javax/enterprise/cdi-api/1.2/cdi-api-1.2.jar:/home/user/.m2/repository/javax/el/javax.el-api/3.0.0/javax.el-api-3.0.0.jar:/home/user/.m2/repository/javax/interceptor/javax.interceptor-api/1.2/javax.interceptor-api-1.2.jar:/home/user/.m2/repository/javax/inject/javax.inject/1/javax.inject-1.jar:/home/user/.m2/repository/com/sun/xml/bind/jaxb-impl/2.3.0.1/jaxb-impl-2.3.0.1.jar:/home/user/.m2/repository/com/sun/xml/bind/jaxb-core/2.3.0.1/jaxb-core-2.3.0.1.jar:/home/user/.m2/repository/javax/xml/bind/jaxb-api/2.3.0/jaxb-api-2.3.0.jar:/home/user/.m2/repository/javax/activation/activation/1.1.1/activation-1.1.1.jar:/home/user/.m2/repository/org/apache/hadoop/hadoop-ozone-csi/0.5.0-SNAPSHOT/hadoop-ozone-csi-0.5.0-SNAPSHOT.jar:/home/user/.m2/repository/com/google/protobuf/protobuf-java-util/3.5.1/protobuf-java-util-3.5.1.jar:/home/user/.m2/repository/org/apache/hadoop/hadoop-hdds-config/0.5.0-SNAPSHOT/hadoop-hdds-config-0.5.0-SNAPSHOT.jar:/home/user/.m2/repository/io/grpc/grpc-netty/1.17.1/grpc-netty-1.17.1.jar:/home/user/.m2/repository/io/grpc/grpc-core/1.17.1/grpc-core-1.17.1.jar:/home/user/.m2/repository/io/grpc/grpc-context/1.17.1/grpc-context-1.17.1.jar:/home/user/.m2/repository/com/google/errorprone/error_prone_annotations/2.2.0/error_prone_annotations-2.2.0.jar:/home/user/.m2/repository/org/codehaus/mojo/animal-sniffer-annotations/1.17/animal-sniffer-annotations-1.17.jar:/home/user/.m2/repository/io/opencensus/opencensus-api/0.17.0/opencensus-api-0.17.0.jar:/home/user/.m2/repository/io/opencensus/opencensus-contrib-grpc-metrics/0.17.0/opencensus-contrib-grpc-metrics-0.17.0.jar:/home/user/.m2/repository/io/netty/netty-codec-http2/4.1.30.Final/netty-codec-http2-4.1.30.Final.jar:/home/user/.m2/repository/io/netty/netty-codec-http/4.1.30.Final/netty-codec-http-4.1.30.Final.jar:/home/user/.m2/repository/io/netty/netty-codec/4.1.30.Final/netty-codec-4.1.30.Final.jar:/home/user/.m2/repository/io/netty/netty-handler/4.1.30.Final/netty-handler-4.1.30.Final.jar:/home/user/.m2/repository/io/netty/netty-handler-proxy/4.1.30.Final/netty-handler-proxy-4.1.30.Final.jar:/home/user/.m2/repository/io/netty/netty-codec-socks/4.1.30.Final/netty-codec-socks-4.1.30.Final.jar:/home/user/.m2/repository/io/netty/netty-transport-native-epoll/4.1.30.Final/netty-transport-native-epoll-4.1.30.Final.jar:/home/user/.m2/repository/io/netty/netty-common/4.1.30.Final/netty-common-4.1.30.Final.jar:/home/user/.m2/repository/io/netty/netty-buffer/4.1.30.Final/netty-buffer-4.1.30.Final.jar:/home/user/.m2/repository/io/netty/netty-transport/4.1.30.Final/netty-transport-4.1.30.Final.jar:/home/user/.m2/repository/io/netty/netty-resolver/4.1.30.Final/netty-resolver-4.1.30.Final.jar:/home/user/.m2/repository/io/netty/netty-transport-native-unix-common/4.1.30.Final/netty-transport-native-unix-common-4.1.30.Final.jar:/home/user/.m2/repository/io/grpc/grpc-protobuf/1.17.1/grpc-protobuf-1.17.1.jar:/home/user/.m2/repository/com/google/api/grpc/proto-google-common-protos/1.0.0/proto-google-common-protos-1.0.0.jar:/home/user/.m2/repository/io/grpc/grpc-protobuf-lite/1.17.1/grpc-protobuf-lite-1.17.1.jar:/home/user/.m2/repository/io/grpc/grpc-stub/1.17.1/grpc-stub-1.17.1.jar:/home/user/.m2/repository/org/apache/hadoop/hadoop-ozone-recon/0.5.0-SNAPSHOT/hadoop-ozone-recon-0.5.0-SNAPSHOT.jar:/home/user/.m2/repository/org/apache/hadoop/hadoop-ozone-reconcodegen/0.5.0-SNAPSHOT/hadoop-ozone-reconcodegen-0.5.0-SNAPSHOT.jar:/home/user/.m2/repository/com/google/inject/extensions/guice-multibindings/4.0/guice-multibindings-4.0.jar:/home/user/.m2/repository/com/google/inject/guice/4.0/guice-4.0.jar:/home/user/.m2/repository/aopalliance/aopalliance/1.0/aopalliance-1.0.jar:/home/user/.m2/repository/com/google/inject/extensions/guice-servlet/4.0/guice-servlet-4.0.jar:/home/user/.m2/repository/org/glassfish/jersey/containers/jersey-container-servlet/2.27/jersey-container-servlet-2.27.jar:/home/user/.m2/repository/org/glassfish/hk2/guice-bridge/2.5.0/guice-bridge-2.5.0.jar:/home/user/.m2/repository/org/glassfish/jersey/core/jersey-server/2.27/jersey-server-2.27.jar:/home/user/.m2/repository/org/glassfish/jersey/core/jersey-client/2.27/jersey-client-2.27.jar:/home/user/.m2/repository/org/glassfish/jersey/media/jersey-media-jaxb/2.27/jersey-media-jaxb-2.27.jar:/home/user/.m2/repository/javax/validation/validation-api/1.1.0.Final/validation-api-1.1.0.Final.jar:/home/user/.m2/repository/org/glassfish/jersey/media/jersey-media-json-jackson/2.27/jersey-media-json-jackson-2.27.jar:/home/user/.m2/repository/org/glassfish/jersey/ext/jersey-entity-filtering/2.27/jersey-entity-filtering-2.27.jar:/home/user/.m2/repository/com/google/inject/extensions/guice-assistedinject/4.0/guice-assistedinject-4.0.jar:/home/user/.m2/repository/org/jooq/jooq/3.11.10/jooq-3.11.10.jar:/home/user/.m2/repository/org/jooq/jooq-meta/3.11.10/jooq-meta-3.11.10.jar:/home/user/.m2/repository/org/jooq/jooq-codegen/3.11.10/jooq-codegen-3.11.10.jar:/home/user/.m2/repository/com/jolbox/bonecp/0.8.0.RELEASE/bonecp-0.8.0.RELEASE.jar:/home/user/.m2/repository/org/xerial/sqlite-jdbc/3.25.2/sqlite-jdbc-3.25.2.jar:/home/user/.m2/repository/org/springframework/spring-jdbc/5.1.3.RELEASE/spring-jdbc-5.1.3.RELEASE.jar:/home/user/.m2/repository/org/springframework/spring-beans/5.1.3.RELEASE/spring-beans-5.1.3.RELEASE.jar:/home/user/.m2/repository/org/springframework/spring-core/5.1.3.RELEASE/spring-core-5.1.3.RELEASE.jar:/home/user/.m2/repository/org/springframework/spring-jcl/5.1.3.RELEASE/spring-jcl-5.1.3.RELEASE.jar:/home/user/.m2/repository/org/springframework/spring-tx/5.1.3.RELEASE/spring-tx-5.1.3.RELEASE.jar:/home/user/.m2/repository/org/apache/hadoop/hadoop-ozone-client/0.5.0-SNAPSHOT/hadoop-ozone-client-0.5.0-SNAPSHOT.jar:/home/user/.m2/repository/commons-lang/commons-lang/2.6/commons-lang-2.6.jar:/home/user/.m2/repository/org/apache/hadoop/hadoop-ozone-ozone-manager/0.5.0-SNAPSHOT/hadoop-ozone-ozone-manager-0.5.0-SNAPSHOT-tests.jar:/home/user/.m2/repository/junit/junit/4.11/junit-4.11.jar:/home/user/.m2/repository/org/hamcrest/hamcrest-core/1.3/hamcrest-core-1.3.jar:/home/user/.m2/repository/org/openjdk/jmh/jmh-core/1.19/jmh-core-1.19.jar:/home/user/.m2/repository/net/sf/jopt-simple/jopt-simple/4.6/jopt-simple-4.6.jar:/home/user/.m2/repository/org/apache/commons/commons-math3/3.1.1/commons-math3-3.1.1.jar:/home/user/.m2/repository/org/openjdk/jmh/jmh-generator-annprocess/1.19/jmh-generator-annprocess-1.19.jar:/home/user/.m2/repository/org/mockito/mockito-all/1.8.5/mockito-all-1.8.5.jar:/home/user/.m2/repository/org/apache/hadoop/hadoop-kms/3.2.0/hadoop-kms-3.2.0.jar:/home/user/.m2/repository/org/apache/hadoop/hadoop-auth/3.2.0/hadoop-auth-3.2.0.jar:/home/user/.m2/repository/com/nimbusds/nimbus-jose-jwt/4.41.1/nimbus-jose-jwt-4.41.1.jar:/home/user/.m2/repository/com/github/stephenc/jcip/jcip-annotations/1.0-1/jcip-annotations-1.0-1.jar:/home/user/.m2/repository/net/minidev/json-smart/2.3/json-smart-2.3.jar:/home/user/.m2/repository/net/minidev/accessors-smart/1.2/accessors-smart-1.2.jar:/home/user/.m2/repository/org/ow2/asm/asm/5.0.4/asm-5.0.4.jar:/home/user/.m2/repository/org/apache/curator/curator-framework/2.12.0/curator-framework-2.12.0.jar:/home/user/.m2/repository/com/sun/jersey/jersey-core/1.19/jersey-core-1.19.jar:/home/user/.m2/repository/javax/ws/rs/jsr311-api/1.1.1/jsr311-api-1.1.1.jar:/home/user/.m2/repository/com/sun/jersey/jersey-server/1.19/jersey-server-1.19.jar:/home/user/.m2/repository/javax/servlet/javax.servlet-api/3.1.0/javax.servlet-api-3.1.0.jar:/home/user/.m2/repository/org/eclipse/jetty/jetty-server/9.3.24.v20180605/jetty-server-9.3.24.v20180605.jar:/home/user/.m2/repository/org/eclipse/jetty/jetty-http/9.3.24.v20180605/jetty-http-9.3.24.v20180605.jar:/home/user/.m2/repository/org/eclipse/jetty/jetty-io/9.3.24.v20180605/jetty-io-9.3.24.v20180605.jar:/home/user/.m2/repository/org/eclipse/jetty/jetty-webapp/9.3.24.v20180605/jetty-webapp-9.3.24.v20180605.jar:/home/user/.m2/repository/org/eclipse/jetty/jetty-xml/9.3.24.v20180605/jetty-xml-9.3.24.v20180605.jar:/home/user/.m2/repository/log4j/log4j/1.2.17/log4j-1.2.17.jar:/home/user/.m2/repository/org/slf4j/slf4j-api/1.7.25/slf4j-api-1.7.25.jar:/home/user/.m2/repository/org/slf4j/jul-to-slf4j/1.7.25/jul-to-slf4j-1.7.25.jar:/home/user/.m2/repository/org/eclipse/jetty/jetty-util/9.3.24.v20180605/jetty-util-9.3.24.v20180605.jar:/home/user/.m2/repository/com/fasterxml/jackson/core/jackson-databind/2.9.5/jackson-databind-2.9.5.jar:/home/user/.m2/repository/org/apache/hadoop/hadoop-kms/3.2.0/hadoop-kms-3.2.0-tests.jar:/home/user/.m2/repository/org/apache/hadoop/hadoop-hdds-server-scm/0.5.0-SNAPSHOT/hadoop-hdds-server-scm-0.5.0-SNAPSHOT-tests.jar:/home/user/.m2/repository/org/apache/hadoop/hadoop-hdds-container-service/0.5.0-SNAPSHOT/hadoop-hdds-container-service-0.5.0-SNAPSHOT-tests.jar:/home/user/.m2/repository/org/yaml/snakeyaml/1.16/snakeyaml-1.16.jar:/home/user/.m2/repository/org/apache/hadoop/hadoop-common/3.2.0/hadoop-common-3.2.0-tests.jar:/home/user/.m2/repository/org/apache/hadoop/hadoop-annotations/3.2.0/hadoop-annotations-3.2.0.jar:/usr/lib/jvm/java-1.8-openjdk/jre/../lib/tools.jar:/home/user/.m2/repository/commons-cli/commons-cli/1.2/commons-cli-1.2.jar:/home/user/.m2/repository/org/apache/httpcomponents/httpclient/4.5.2/httpclient-4.5.2.jar:/home/user/.m2/repository/org/apache/httpcomponents/httpcore/4.4.4/httpcore-4.4.4.jar:/home/user/.m2/repository/commons-codec/commons-codec/1.11/commons-codec-1.11.jar:/home/user/.m2/repository/commons-net/commons-net/3.6/commons-net-3.6.jar:/home/user/.m2/repository/commons-collections/commons-collections/3.2.2/commons-collections-3.2.2.jar:/home/user/.m2/repository/org/eclipse/jetty/jetty-servlet/9.3.24.v20180605/jetty-servlet-9.3.24.v20180605.jar:/home/user/.m2/repository/org/eclipse/jetty/jetty-security/9.3.24.v20180605/jetty-security-9.3.24.v20180605.jar:/home/user/.m2/repository/javax/servlet/jsp/jsp-api/2.1/jsp-api-2.1.jar:/home/user/.m2/repository/com/sun/jersey/jersey-servlet/1.19/jersey-servlet-1.19.jar:/home/user/.m2/repository/com/sun/jersey/jersey-json/1.19/jersey-json-1.19.jar:/home/user/.m2/repository/org/codehaus/jettison/jettison/1.1/jettison-1.1.jar:/home/user/.m2/repository/org/codehaus/jackson/jackson-core-asl/1.9.13/jackson-core-asl-1.9.13.jar:/home/user/.m2/repository/org/codehaus/jackson/jackson-mapper-asl/1.9.13/jackson-mapper-asl-1.9.13.jar:/home/user/.m2/repository/org/codehaus/jackson/jackson-jaxrs/1.9.13/jackson-jaxrs-1.9.13.jar:/home/user/.m2/repository/org/codehaus/jackson/jackson-xc/1.9.13/jackson-xc-1.9.13.jar:/home/user/.m2/repository/commons-logging/commons-logging/1.1.3/commons-logging-1.1.3.jar:/home/user/.m2/repository/commons-beanutils/commons-beanutils/1.9.3/commons-beanutils-1.9.3.jar:/home/user/.m2/repository/org/apache/commons/commons-configuration2/2.1.1/commons-configuration2-2.1.1.jar:/home/user/.m2/repository/org/apache/commons/commons-lang3/3.7/commons-lang3-3.7.jar:/home/user/.m2/repository/org/apache/commons/commons-text/1.4/commons-text-1.4.jar:/home/user/.m2/repository/org/apache/avro/avro/1.7.7/avro-1.7.7.jar:/home/user/.m2/repository/com/thoughtworks/paranamer/paranamer/2.3/paranamer-2.3.jar:/home/user/.m2/repository/org/xerial/snappy/snappy-java/1.0.5/snappy-java-1.0.5.jar:/home/user/.m2/repository/com/google/re2j/re2j/1.1/re2j-1.1.jar:/home/user/.m2/repository/com/google/code/gson/gson/2.2.4/gson-2.2.4.jar:/home/user/.m2/repository/com/jcraft/jsch/0.1.54/jsch-0.1.54.jar:/home/user/.m2/repository/org/apache/curator/curator-client/2.12.0/curator-client-2.12.0.jar:/home/user/.m2/repository/org/apache/curator/curator-recipes/2.12.0/curator-recipes-2.12.0.jar:/home/user/.m2/repository/com/google/code/findbugs/jsr305/3.0.0/jsr305-3.0.0.jar:/home/user/.m2/repository/org/apache/htrace/htrace-core4/4.1.0-incubating/htrace-core4-4.1.0-incubating.jar:/home/user/.m2/repository/org/apache/zookeeper/zookeeper/3.4.13/zookeeper-3.4.13.jar:/home/user/.m2/repository/org/apache/yetus/audience-annotations/0.5.0/audience-annotations-0.5.0.jar:/home/user/.m2/repository/org/codehaus/woodstox/stax2-api/3.1.4/stax2-api-3.1.4.jar:/home/user/.m2/repository/com/fasterxml/woodstox/woodstox-core/5.0.3/woodstox-core-5.0.3.jar:/home/user/.m2/repository/dnsjava/dnsjava/2.1.7/dnsjava-2.1.7.jar:/home/user/.m2/repository/org/apache/hadoop/hadoop-hdfs/3.2.0/hadoop-hdfs-3.2.0-tests.jar:/home/user/.m2/repository/org/eclipse/jetty/jetty-util-ajax/9.3.24.v20180605/jetty-util-ajax-9.3.24.v20180605.jar:/home/user/.m2/repository/commons-daemon/commons-daemon/1.0.13/commons-daemon-1.0.13.jar:/home/user/.m2/repository/io/netty/netty/3.10.5.Final/netty-3.10.5.Final.jar:/home/user/.m2/repository/io/netty/netty-all/4.0.52.Final/netty-all-4.0.52.Final.jar:/home/user/.m2/repository/org/fusesource/leveldbjni/leveldbjni-all/1.8/leveldbjni-all-1.8.jar:"/>
    <property name="java.vm.vendor" value="IcedTea"/>
    <property name="sun.arch.data.model" value="64"/>
    <property name="test.build.dir" value="/workdir/hadoop-ozone/integration-test/target/test-dir"/>
    <property name="test.cache.data" value=""/>
    <property name="java.vendor.url" value="https://icedtea.classpath.org"/>
    <property name="user.timezone" value=""/>
    <property name="java.vm.specification.version" value="1.8"/>
    <property name="os.name" value="Linux"/>
    <property name="test.build.data" value="/workdir/hadoop-ozone/integration-test/target/test-dir"/>
    <property name="user.country" value="US"/>
    <property name="sun.java.launcher" value="SUN_STANDARD"/>
    <property name="sun.boot.library.path" value="/usr/lib/jvm/java-1.8-openjdk/jre/lib/amd64"/>
    <property name="sun.java.command" value="/workdir/hadoop-ozone/integration-test/target/surefire/surefirebooter4601057214999279470.jar /workdir/hadoop-ozone/integration-test/target/surefire 2019-09-04T02-32-25_348-jvmRun1 surefire3525695394863971118tmp surefire_201647453272111061234tmp"/>
    <property name="test" value="!TestMiniChaosOzoneCluster"/>
    <property name="surefire.test.class.path" value="/workdir/hadoop-ozone/integration-test/target/test-classes:/workdir/hadoop-ozone/integration-test/target/classes:/home/user/.m2/repository/org/apache/hadoop/hadoop-ozone-common/0.5.0-SNAPSHOT/hadoop-ozone-common-0.5.0-SNAPSHOT.jar:/home/user/.m2/repository/org/apache/commons/commons-compress/1.4.1/commons-compress-1.4.1.jar:/home/user/.m2/repository/org/tukaani/xz/1.0/xz-1.0.jar:/home/user/.m2/repository/org/apache/hadoop/hadoop-common/3.2.0/hadoop-common-3.2.0.jar:/home/user/.m2/repository/org/apache/hadoop/hadoop-hdfs/3.2.0/hadoop-hdfs-3.2.0.jar:/home/user/.m2/repository/org/apache/hadoop/hadoop-hdfs-client/3.2.0/hadoop-hdfs-client-3.2.0.jar:/home/user/.m2/repository/com/fasterxml/jackson/core/jackson-annotations/2.9.5/jackson-annotations-2.9.5.jar:/home/user/.m2/repository/org/apache/hadoop/hadoop-hdds-common/0.5.0-SNAPSHOT/hadoop-hdds-common-0.5.0-SNAPSHOT.jar:/home/user/.m2/repository/javax/annotation/javax.annotation-api/1.2/javax.annotation-api-1.2.jar:/home/user/.m2/repository/org/apache/ratis/ratis-server/0.4.0-2337318-SNAPSHOT/ratis-server-0.4.0-2337318-SNAPSHOT.jar:/home/user/.m2/repository/org/apache/ratis/ratis-thirdparty-misc/0.2.0/ratis-thirdparty-misc-0.2.0.jar:/home/user/.m2/repository/org/apache/ratis/ratis-proto/0.4.0-2337318-SNAPSHOT/ratis-proto-0.4.0-2337318-SNAPSHOT.jar:/home/user/.m2/repository/org/apache/ratis/ratis-common/0.4.0-2337318-SNAPSHOT/ratis-common-0.4.0-2337318-SNAPSHOT.jar:/home/user/.m2/repository/org/apache/ratis/ratis-client/0.4.0-2337318-SNAPSHOT/ratis-client-0.4.0-2337318-SNAPSHOT.jar:/home/user/.m2/repository/org/apache/ratis/ratis-metrics/0.4.0-2337318-SNAPSHOT/ratis-metrics-0.4.0-2337318-SNAPSHOT.jar:/home/user/.m2/repository/org/apache/ratis/ratis-netty/0.4.0-2337318-SNAPSHOT/ratis-netty-0.4.0-2337318-SNAPSHOT.jar:/home/user/.m2/repository/org/apache/ratis/ratis-grpc/0.4.0-2337318-SNAPSHOT/ratis-grpc-0.4.0-2337318-SNAPSHOT.jar:/home/user/.m2/repository/org/rocksdb/rocksdbjni/6.0.1/rocksdbjni-6.0.1.jar:/home/user/.m2/repository/org/apache/logging/log4j/log4j-api/2.11.0/log4j-api-2.11.0.jar:/home/user/.m2/repository/org/apache/logging/log4j/log4j-core/2.11.0/log4j-core-2.11.0.jar:/home/user/.m2/repository/com/lmax/disruptor/3.4.2/disruptor-3.4.2.jar:/home/user/.m2/repository/org/apache/commons/commons-pool2/2.6.0/commons-pool2-2.6.0.jar:/home/user/.m2/repository/org/bouncycastle/bcpkix-jdk15on/1.60/bcpkix-jdk15on-1.60.jar:/home/user/.m2/repository/commons-validator/commons-validator/1.6/commons-validator-1.6.jar:/home/user/.m2/repository/commons-digester/commons-digester/1.8.1/commons-digester-1.8.1.jar:/home/user/.m2/repository/io/jaegertracing/jaeger-client/0.33.1/jaeger-client-0.33.1.jar:/home/user/.m2/repository/io/jaegertracing/jaeger-thrift/0.33.1/jaeger-thrift-0.33.1.jar:/home/user/.m2/repository/org/apache/thrift/libthrift/0.11.0/libthrift-0.11.0.jar:/home/user/.m2/repository/com/squareup/okhttp3/okhttp/3.9.0/okhttp-3.9.0.jar:/home/user/.m2/repository/com/squareup/okio/okio/1.13.0/okio-1.13.0.jar:/home/user/.m2/repository/io/jaegertracing/jaeger-core/0.33.1/jaeger-core-0.33.1.jar:/home/user/.m2/repository/io/jaegertracing/jaeger-tracerresolver/0.33.1/jaeger-tracerresolver-0.33.1.jar:/home/user/.m2/repository/io/opentracing/contrib/opentracing-tracerresolver/0.1.5/opentracing-tracerresolver-0.1.5.jar:/home/user/.m2/repository/io/opentracing/opentracing-util/0.31.0/opentracing-util-0.31.0.jar:/home/user/.m2/repository/io/opentracing/opentracing-api/0.31.0/opentracing-api-0.31.0.jar:/home/user/.m2/repository/io/opentracing/opentracing-noop/0.31.0/opentracing-noop-0.31.0.jar:/home/user/.m2/repository/org/apache/hadoop/hadoop-hdds-server-framework/0.5.0-SNAPSHOT/hadoop-hdds-server-framework-0.5.0-SNAPSHOT.jar:/home/user/.m2/repository/org/apache/hadoop/hadoop-hdds-container-service/0.5.0-SNAPSHOT/hadoop-hdds-container-service-0.5.0-SNAPSHOT.jar:/home/user/.m2/repository/org/apache/hadoop/hadoop-hdds-client/0.5.0-SNAPSHOT/hadoop-hdds-client-0.5.0-SNAPSHOT.jar:/home/user/.m2/repository/org/apache/hadoop/hadoop-hdds-tools/0.5.0-SNAPSHOT/hadoop-hdds-tools-0.5.0-SNAPSHOT.jar:/home/user/.m2/repository/org/apache/hadoop/hadoop-hdds-server-scm/0.5.0-SNAPSHOT/hadoop-hdds-server-scm-0.5.0-SNAPSHOT.jar:/home/user/.m2/repository/org/apache/hadoop/hadoop-hdds-docs/0.5.0-SNAPSHOT/hadoop-hdds-docs-0.5.0-SNAPSHOT.jar:/home/user/.m2/repository/io/dropwizard/metrics/metrics-core/3.2.4/metrics-core-3.2.4.jar:/home/user/.m2/repository/org/hamcrest/hamcrest-all/1.3/hamcrest-all-1.3.jar:/home/user/.m2/repository/org/bouncycastle/bcprov-jdk15on/1.60/bcprov-jdk15on-1.60.jar:/home/user/.m2/repository/info/picocli/picocli/3.9.6/picocli-3.9.6.jar:/home/user/.m2/repository/com/google/protobuf/protobuf-java/2.5.0/protobuf-java-2.5.0.jar:/home/user/.m2/repository/com/google/guava/guava/11.0.2/guava-11.0.2.jar:/home/user/.m2/repository/org/apache/hadoop/hadoop-ozone-ozone-manager/0.5.0-SNAPSHOT/hadoop-ozone-ozone-manager-0.5.0-SNAPSHOT.jar:/home/user/.m2/repository/org/apache/hadoop/hadoop-minikdc/3.2.0/hadoop-minikdc-3.2.0.jar:/home/user/.m2/repository/commons-io/commons-io/2.5/commons-io-2.5.jar:/home/user/.m2/repository/org/apache/kerby/kerb-simplekdc/1.0.1/kerb-simplekdc-1.0.1.jar:/home/user/.m2/repository/org/apache/kerby/kerb-client/1.0.1/kerb-client-1.0.1.jar:/home/user/.m2/repository/org/apache/kerby/kerby-config/1.0.1/kerby-config-1.0.1.jar:/home/user/.m2/repository/org/apache/kerby/kerb-core/1.0.1/kerb-core-1.0.1.jar:/home/user/.m2/repository/org/apache/kerby/kerby-pkix/1.0.1/kerby-pkix-1.0.1.jar:/home/user/.m2/repository/org/apache/kerby/kerby-asn1/1.0.1/kerby-asn1-1.0.1.jar:/home/user/.m2/repository/org/apache/kerby/kerby-util/1.0.1/kerby-util-1.0.1.jar:/home/user/.m2/repository/org/apache/kerby/kerb-common/1.0.1/kerb-common-1.0.1.jar:/home/user/.m2/repository/org/apache/kerby/kerb-crypto/1.0.1/kerb-crypto-1.0.1.jar:/home/user/.m2/repository/org/apache/kerby/kerb-util/1.0.1/kerb-util-1.0.1.jar:/home/user/.m2/repository/org/apache/kerby/token-provider/1.0.1/token-provider-1.0.1.jar:/home/user/.m2/repository/org/apache/kerby/kerb-admin/1.0.1/kerb-admin-1.0.1.jar:/home/user/.m2/repository/org/apache/kerby/kerb-server/1.0.1/kerb-server-1.0.1.jar:/home/user/.m2/repository/org/apache/kerby/kerb-identity/1.0.1/kerb-identity-1.0.1.jar:/home/user/.m2/repository/org/apache/kerby/kerby-xdr/1.0.1/kerby-xdr-1.0.1.jar:/home/user/.m2/repository/org/slf4j/slf4j-log4j12/1.7.25/slf4j-log4j12-1.7.25.jar:/home/user/.m2/repository/org/apache/hadoop/hadoop-ozone-objectstore-service/0.5.0-SNAPSHOT/hadoop-ozone-objectstore-service-0.5.0-SNAPSHOT.jar:/home/user/.m2/repository/org/apache/hadoop/hadoop-ozone-s3gateway/0.5.0-SNAPSHOT/hadoop-ozone-s3gateway-0.5.0-SNAPSHOT.jar:/home/user/.m2/repository/org/jboss/weld/servlet/weld-servlet/2.4.7.Final/weld-servlet-2.4.7.Final.jar:/home/user/.m2/repository/org/glassfish/jersey/containers/jersey-container-servlet-core/2.27/jersey-container-servlet-core-2.27.jar:/home/user/.m2/repository/org/glassfish/hk2/external/javax.inject/2.5.0-b42/javax.inject-2.5.0-b42.jar:/home/user/.m2/repository/org/glassfish/jersey/core/jersey-common/2.27/jersey-common-2.27.jar:/home/user/.m2/repository/org/glassfish/hk2/osgi-resource-locator/1.0.1/osgi-resource-locator-1.0.1.jar:/home/user/.m2/repository/javax/ws/rs/javax.ws.rs-api/2.1/javax.ws.rs-api-2.1.jar:/home/user/.m2/repository/org/glassfish/jersey/ext/cdi/jersey-cdi1x/2.27/jersey-cdi1x-2.27.jar:/home/user/.m2/repository/org/glassfish/jersey/inject/jersey-hk2/2.27/jersey-hk2-2.27.jar:/home/user/.m2/repository/org/glassfish/hk2/hk2-locator/2.5.0-b42/hk2-locator-2.5.0-b42.jar:/home/user/.m2/repository/org/javassist/javassist/3.22.0-CR2/javassist-3.22.0-CR2.jar:/home/user/.m2/repository/org/glassfish/hk2/hk2-api/2.5.0/hk2-api-2.5.0.jar:/home/user/.m2/repository/org/glassfish/hk2/external/jakarta.inject/2.5.0/jakarta.inject-2.5.0.jar:/home/user/.m2/repository/org/glassfish/hk2/hk2-utils/2.5.0/hk2-utils-2.5.0.jar:/home/user/.m2/repository/jakarta/annotation/jakarta.annotation-api/1.3.4/jakarta.annotation-api-1.3.4.jar:/home/user/.m2/repository/org/glassfish/hk2/external/aopalliance-repackaged/2.5.0/aopalliance-repackaged-2.5.0.jar:/home/user/.m2/repository/com/fasterxml/jackson/dataformat/jackson-dataformat-xml/2.9.0/jackson-dataformat-xml-2.9.0.jar:/home/user/.m2/repository/com/fasterxml/jackson/core/jackson-core/2.9.5/jackson-core-2.9.5.jar:/home/user/.m2/repository/com/fasterxml/jackson/module/jackson-module-jaxb-annotations/2.9.5/jackson-module-jaxb-annotations-2.9.5.jar:/home/user/.m2/repository/javax/enterprise/cdi-api/1.2/cdi-api-1.2.jar:/home/user/.m2/repository/javax/el/javax.el-api/3.0.0/javax.el-api-3.0.0.jar:/home/user/.m2/repository/javax/interceptor/javax.interceptor-api/1.2/javax.interceptor-api-1.2.jar:/home/user/.m2/repository/javax/inject/javax.inject/1/javax.inject-1.jar:/home/user/.m2/repository/com/sun/xml/bind/jaxb-impl/2.3.0.1/jaxb-impl-2.3.0.1.jar:/home/user/.m2/repository/com/sun/xml/bind/jaxb-core/2.3.0.1/jaxb-core-2.3.0.1.jar:/home/user/.m2/repository/javax/xml/bind/jaxb-api/2.3.0/jaxb-api-2.3.0.jar:/home/user/.m2/repository/javax/activation/activation/1.1.1/activation-1.1.1.jar:/home/user/.m2/repository/org/apache/hadoop/hadoop-ozone-csi/0.5.0-SNAPSHOT/hadoop-ozone-csi-0.5.0-SNAPSHOT.jar:/home/user/.m2/repository/com/google/protobuf/protobuf-java-util/3.5.1/protobuf-java-util-3.5.1.jar:/home/user/.m2/repository/org/apache/hadoop/hadoop-hdds-config/0.5.0-SNAPSHOT/hadoop-hdds-config-0.5.0-SNAPSHOT.jar:/home/user/.m2/repository/io/grpc/grpc-netty/1.17.1/grpc-netty-1.17.1.jar:/home/user/.m2/repository/io/grpc/grpc-core/1.17.1/grpc-core-1.17.1.jar:/home/user/.m2/repository/io/grpc/grpc-context/1.17.1/grpc-context-1.17.1.jar:/home/user/.m2/repository/com/google/errorprone/error_prone_annotations/2.2.0/error_prone_annotations-2.2.0.jar:/home/user/.m2/repository/org/codehaus/mojo/animal-sniffer-annotations/1.17/animal-sniffer-annotations-1.17.jar:/home/user/.m2/repository/io/opencensus/opencensus-api/0.17.0/opencensus-api-0.17.0.jar:/home/user/.m2/repository/io/opencensus/opencensus-contrib-grpc-metrics/0.17.0/opencensus-contrib-grpc-metrics-0.17.0.jar:/home/user/.m2/repository/io/netty/netty-codec-http2/4.1.30.Final/netty-codec-http2-4.1.30.Final.jar:/home/user/.m2/repository/io/netty/netty-codec-http/4.1.30.Final/netty-codec-http-4.1.30.Final.jar:/home/user/.m2/repository/io/netty/netty-codec/4.1.30.Final/netty-codec-4.1.30.Final.jar:/home/user/.m2/repository/io/netty/netty-handler/4.1.30.Final/netty-handler-4.1.30.Final.jar:/home/user/.m2/repository/io/netty/netty-handler-proxy/4.1.30.Final/netty-handler-proxy-4.1.30.Final.jar:/home/user/.m2/repository/io/netty/netty-codec-socks/4.1.30.Final/netty-codec-socks-4.1.30.Final.jar:/home/user/.m2/repository/io/netty/netty-transport-native-epoll/4.1.30.Final/netty-transport-native-epoll-4.1.30.Final.jar:/home/user/.m2/repository/io/netty/netty-common/4.1.30.Final/netty-common-4.1.30.Final.jar:/home/user/.m2/repository/io/netty/netty-buffer/4.1.30.Final/netty-buffer-4.1.30.Final.jar:/home/user/.m2/repository/io/netty/netty-transport/4.1.30.Final/netty-transport-4.1.30.Final.jar:/home/user/.m2/repository/io/netty/netty-resolver/4.1.30.Final/netty-resolver-4.1.30.Final.jar:/home/user/.m2/repository/io/netty/netty-transport-native-unix-common/4.1.30.Final/netty-transport-native-unix-common-4.1.30.Final.jar:/home/user/.m2/repository/io/grpc/grpc-protobuf/1.17.1/grpc-protobuf-1.17.1.jar:/home/user/.m2/repository/com/google/api/grpc/proto-google-common-protos/1.0.0/proto-google-common-protos-1.0.0.jar:/home/user/.m2/repository/io/grpc/grpc-protobuf-lite/1.17.1/grpc-protobuf-lite-1.17.1.jar:/home/user/.m2/repository/io/grpc/grpc-stub/1.17.1/grpc-stub-1.17.1.jar:/home/user/.m2/repository/org/apache/hadoop/hadoop-ozone-recon/0.5.0-SNAPSHOT/hadoop-ozone-recon-0.5.0-SNAPSHOT.jar:/home/user/.m2/repository/org/apache/hadoop/hadoop-ozone-reconcodegen/0.5.0-SNAPSHOT/hadoop-ozone-reconcodegen-0.5.0-SNAPSHOT.jar:/home/user/.m2/repository/com/google/inject/extensions/guice-multibindings/4.0/guice-multibindings-4.0.jar:/home/user/.m2/repository/com/google/inject/guice/4.0/guice-4.0.jar:/home/user/.m2/repository/aopalliance/aopalliance/1.0/aopalliance-1.0.jar:/home/user/.m2/repository/com/google/inject/extensions/guice-servlet/4.0/guice-servlet-4.0.jar:/home/user/.m2/repository/org/glassfish/jersey/containers/jersey-container-servlet/2.27/jersey-container-servlet-2.27.jar:/home/user/.m2/repository/org/glassfish/hk2/guice-bridge/2.5.0/guice-bridge-2.5.0.jar:/home/user/.m2/repository/org/glassfish/jersey/core/jersey-server/2.27/jersey-server-2.27.jar:/home/user/.m2/repository/org/glassfish/jersey/core/jersey-client/2.27/jersey-client-2.27.jar:/home/user/.m2/repository/org/glassfish/jersey/media/jersey-media-jaxb/2.27/jersey-media-jaxb-2.27.jar:/home/user/.m2/repository/javax/validation/validation-api/1.1.0.Final/validation-api-1.1.0.Final.jar:/home/user/.m2/repository/org/glassfish/jersey/media/jersey-media-json-jackson/2.27/jersey-media-json-jackson-2.27.jar:/home/user/.m2/repository/org/glassfish/jersey/ext/jersey-entity-filtering/2.27/jersey-entity-filtering-2.27.jar:/home/user/.m2/repository/com/google/inject/extensions/guice-assistedinject/4.0/guice-assistedinject-4.0.jar:/home/user/.m2/repository/org/jooq/jooq/3.11.10/jooq-3.11.10.jar:/home/user/.m2/repository/org/jooq/jooq-meta/3.11.10/jooq-meta-3.11.10.jar:/home/user/.m2/repository/org/jooq/jooq-codegen/3.11.10/jooq-codegen-3.11.10.jar:/home/user/.m2/repository/com/jolbox/bonecp/0.8.0.RELEASE/bonecp-0.8.0.RELEASE.jar:/home/user/.m2/repository/org/xerial/sqlite-jdbc/3.25.2/sqlite-jdbc-3.25.2.jar:/home/user/.m2/repository/org/springframework/spring-jdbc/5.1.3.RELEASE/spring-jdbc-5.1.3.RELEASE.jar:/home/user/.m2/repository/org/springframework/spring-beans/5.1.3.RELEASE/spring-beans-5.1.3.RELEASE.jar:/home/user/.m2/repository/org/springframework/spring-core/5.1.3.RELEASE/spring-core-5.1.3.RELEASE.jar:/home/user/.m2/repository/org/springframework/spring-jcl/5.1.3.RELEASE/spring-jcl-5.1.3.RELEASE.jar:/home/user/.m2/repository/org/springframework/spring-tx/5.1.3.RELEASE/spring-tx-5.1.3.RELEASE.jar:/home/user/.m2/repository/org/apache/hadoop/hadoop-ozone-client/0.5.0-SNAPSHOT/hadoop-ozone-client-0.5.0-SNAPSHOT.jar:/home/user/.m2/repository/commons-lang/commons-lang/2.6/commons-lang-2.6.jar:/home/user/.m2/repository/org/apache/hadoop/hadoop-ozone-ozone-manager/0.5.0-SNAPSHOT/hadoop-ozone-ozone-manager-0.5.0-SNAPSHOT-tests.jar:/home/user/.m2/repository/junit/junit/4.11/junit-4.11.jar:/home/user/.m2/repository/org/hamcrest/hamcrest-core/1.3/hamcrest-core-1.3.jar:/home/user/.m2/repository/org/openjdk/jmh/jmh-core/1.19/jmh-core-1.19.jar:/home/user/.m2/repository/net/sf/jopt-simple/jopt-simple/4.6/jopt-simple-4.6.jar:/home/user/.m2/repository/org/apache/commons/commons-math3/3.1.1/commons-math3-3.1.1.jar:/home/user/.m2/repository/org/openjdk/jmh/jmh-generator-annprocess/1.19/jmh-generator-annprocess-1.19.jar:/home/user/.m2/repository/org/mockito/mockito-all/1.8.5/mockito-all-1.8.5.jar:/home/user/.m2/repository/org/apache/hadoop/hadoop-kms/3.2.0/hadoop-kms-3.2.0.jar:/home/user/.m2/repository/org/apache/hadoop/hadoop-auth/3.2.0/hadoop-auth-3.2.0.jar:/home/user/.m2/repository/com/nimbusds/nimbus-jose-jwt/4.41.1/nimbus-jose-jwt-4.41.1.jar:/home/user/.m2/repository/com/github/stephenc/jcip/jcip-annotations/1.0-1/jcip-annotations-1.0-1.jar:/home/user/.m2/repository/net/minidev/json-smart/2.3/json-smart-2.3.jar:/home/user/.m2/repository/net/minidev/accessors-smart/1.2/accessors-smart-1.2.jar:/home/user/.m2/repository/org/ow2/asm/asm/5.0.4/asm-5.0.4.jar:/home/user/.m2/repository/org/apache/curator/curator-framework/2.12.0/curator-framework-2.12.0.jar:/home/user/.m2/repository/com/sun/jersey/jersey-core/1.19/jersey-core-1.19.jar:/home/user/.m2/repository/javax/ws/rs/jsr311-api/1.1.1/jsr311-api-1.1.1.jar:/home/user/.m2/repository/com/sun/jersey/jersey-server/1.19/jersey-server-1.19.jar:/home/user/.m2/repository/javax/servlet/javax.servlet-api/3.1.0/javax.servlet-api-3.1.0.jar:/home/user/.m2/repository/org/eclipse/jetty/jetty-server/9.3.24.v20180605/jetty-server-9.3.24.v20180605.jar:/home/user/.m2/repository/org/eclipse/jetty/jetty-http/9.3.24.v20180605/jetty-http-9.3.24.v20180605.jar:/home/user/.m2/repository/org/eclipse/jetty/jetty-io/9.3.24.v20180605/jetty-io-9.3.24.v20180605.jar:/home/user/.m2/repository/org/eclipse/jetty/jetty-webapp/9.3.24.v20180605/jetty-webapp-9.3.24.v20180605.jar:/home/user/.m2/repository/org/eclipse/jetty/jetty-xml/9.3.24.v20180605/jetty-xml-9.3.24.v20180605.jar:/home/user/.m2/repository/log4j/log4j/1.2.17/log4j-1.2.17.jar:/home/user/.m2/repository/org/slf4j/slf4j-api/1.7.25/slf4j-api-1.7.25.jar:/home/user/.m2/repository/org/slf4j/jul-to-slf4j/1.7.25/jul-to-slf4j-1.7.25.jar:/home/user/.m2/repository/org/eclipse/jetty/jetty-util/9.3.24.v20180605/jetty-util-9.3.24.v20180605.jar:/home/user/.m2/repository/com/fasterxml/jackson/core/jackson-databind/2.9.5/jackson-databind-2.9.5.jar:/home/user/.m2/repository/org/apache/hadoop/hadoop-kms/3.2.0/hadoop-kms-3.2.0-tests.jar:/home/user/.m2/repository/org/apache/hadoop/hadoop-hdds-server-scm/0.5.0-SNAPSHOT/hadoop-hdds-server-scm-0.5.0-SNAPSHOT-tests.jar:/home/user/.m2/repository/org/apache/hadoop/hadoop-hdds-container-service/0.5.0-SNAPSHOT/hadoop-hdds-container-service-0.5.0-SNAPSHOT-tests.jar:/home/user/.m2/repository/org/yaml/snakeyaml/1.16/snakeyaml-1.16.jar:/home/user/.m2/repository/org/apache/hadoop/hadoop-common/3.2.0/hadoop-common-3.2.0-tests.jar:/home/user/.m2/repository/org/apache/hadoop/hadoop-annotations/3.2.0/hadoop-annotations-3.2.0.jar:/usr/lib/jvm/java-1.8-openjdk/jre/../lib/tools.jar:/home/user/.m2/repository/commons-cli/commons-cli/1.2/commons-cli-1.2.jar:/home/user/.m2/repository/org/apache/httpcomponents/httpclient/4.5.2/httpclient-4.5.2.jar:/home/user/.m2/repository/org/apache/httpcomponents/httpcore/4.4.4/httpcore-4.4.4.jar:/home/user/.m2/repository/commons-codec/commons-codec/1.11/commons-codec-1.11.jar:/home/user/.m2/repository/commons-net/commons-net/3.6/commons-net-3.6.jar:/home/user/.m2/repository/commons-collections/commons-collections/3.2.2/commons-collections-3.2.2.jar:/home/user/.m2/repository/org/eclipse/jetty/jetty-servlet/9.3.24.v20180605/jetty-servlet-9.3.24.v20180605.jar:/home/user/.m2/repository/org/eclipse/jetty/jetty-security/9.3.24.v20180605/jetty-security-9.3.24.v20180605.jar:/home/user/.m2/repository/javax/servlet/jsp/jsp-api/2.1/jsp-api-2.1.jar:/home/user/.m2/repository/com/sun/jersey/jersey-servlet/1.19/jersey-servlet-1.19.jar:/home/user/.m2/repository/com/sun/jersey/jersey-json/1.19/jersey-json-1.19.jar:/home/user/.m2/repository/org/codehaus/jettison/jettison/1.1/jettison-1.1.jar:/home/user/.m2/repository/org/codehaus/jackson/jackson-core-asl/1.9.13/jackson-core-asl-1.9.13.jar:/home/user/.m2/repository/org/codehaus/jackson/jackson-mapper-asl/1.9.13/jackson-mapper-asl-1.9.13.jar:/home/user/.m2/repository/org/codehaus/jackson/jackson-jaxrs/1.9.13/jackson-jaxrs-1.9.13.jar:/home/user/.m2/repository/org/codehaus/jackson/jackson-xc/1.9.13/jackson-xc-1.9.13.jar:/home/user/.m2/repository/commons-logging/commons-logging/1.1.3/commons-logging-1.1.3.jar:/home/user/.m2/repository/commons-beanutils/commons-beanutils/1.9.3/commons-beanutils-1.9.3.jar:/home/user/.m2/repository/org/apache/commons/commons-configuration2/2.1.1/commons-configuration2-2.1.1.jar:/home/user/.m2/repository/org/apache/commons/commons-lang3/3.7/commons-lang3-3.7.jar:/home/user/.m2/repository/org/apache/commons/commons-text/1.4/commons-text-1.4.jar:/home/user/.m2/repository/org/apache/avro/avro/1.7.7/avro-1.7.7.jar:/home/user/.m2/repository/com/thoughtworks/paranamer/paranamer/2.3/paranamer-2.3.jar:/home/user/.m2/repository/org/xerial/snappy/snappy-java/1.0.5/snappy-java-1.0.5.jar:/home/user/.m2/repository/com/google/re2j/re2j/1.1/re2j-1.1.jar:/home/user/.m2/repository/com/google/code/gson/gson/2.2.4/gson-2.2.4.jar:/home/user/.m2/repository/com/jcraft/jsch/0.1.54/jsch-0.1.54.jar:/home/user/.m2/repository/org/apache/curator/curator-client/2.12.0/curator-client-2.12.0.jar:/home/user/.m2/repository/org/apache/curator/curator-recipes/2.12.0/curator-recipes-2.12.0.jar:/home/user/.m2/repository/com/google/code/findbugs/jsr305/3.0.0/jsr305-3.0.0.jar:/home/user/.m2/repository/org/apache/htrace/htrace-core4/4.1.0-incubating/htrace-core4-4.1.0-incubating.jar:/home/user/.m2/repository/org/apache/zookeeper/zookeeper/3.4.13/zookeeper-3.4.13.jar:/home/user/.m2/repository/org/apache/yetus/audience-annotations/0.5.0/audience-annotations-0.5.0.jar:/home/user/.m2/repository/org/codehaus/woodstox/stax2-api/3.1.4/stax2-api-3.1.4.jar:/home/user/.m2/repository/com/fasterxml/woodstox/woodstox-core/5.0.3/woodstox-core-5.0.3.jar:/home/user/.m2/repository/dnsjava/dnsjava/2.1.7/dnsjava-2.1.7.jar:/home/user/.m2/repository/org/apache/hadoop/hadoop-hdfs/3.2.0/hadoop-hdfs-3.2.0-tests.jar:/home/user/.m2/repository/org/eclipse/jetty/jetty-util-ajax/9.3.24.v20180605/jetty-util-ajax-9.3.24.v20180605.jar:/home/user/.m2/repository/commons-daemon/commons-daemon/1.0.13/commons-daemon-1.0.13.jar:/home/user/.m2/repository/io/netty/netty/3.10.5.Final/netty-3.10.5.Final.jar:/home/user/.m2/repository/io/netty/netty-all/4.0.52.Final/netty-all-4.0.52.Final.jar:/home/user/.m2/repository/org/fusesource/leveldbjni/leveldbjni-all/1.8/leveldbjni-all-1.8.jar:"/>
    <property name="sun.cpu.endian" value="little"/>
    <property name="user.home" value="/home/user"/>
    <property name="user.language" value="en"/>
    <property name="java.specification.vendor" value="Oracle Corporation"/>
    <property name="java.home" value="/usr/lib/jvm/java-1.8-openjdk/jre"/>
    <property name="java.security.krb5.conf" value="/workdir/hadoop-ozone/integration-test/target/test-classes/krb5.conf"/>
    <property name="basedir" value="/workdir/hadoop-ozone/integration-test"/>
    <property name="file.separator" value="/"/>
    <property name="line.separator" value="&#10;"/>
    <property name="java.vm.specification.vendor" value="Oracle Corporation"/>
    <property name="java.specification.name" value="Java Platform API Specification"/>
    <property name="java.awt.graphicsenv" value="sun.awt.X11GraphicsEnvironment"/>
    <property name="surefire.real.class.path" value="/workdir/hadoop-ozone/integration-test/target/surefire/surefirebooter4601057214999279470.jar"/>
    <property name="hadoop.log.dir" value="/workdir/hadoop-ozone/integration-test/target/log"/>
    <property name="sun.boot.class.path" value="/usr/lib/jvm/java-1.8-openjdk/jre/lib/resources.jar:/usr/lib/jvm/java-1.8-openjdk/jre/lib/rt.jar:/usr/lib/jvm/java-1.8-openjdk/jre/lib/sunrsasign.jar:/usr/lib/jvm/java-1.8-openjdk/jre/lib/jsse.jar:/usr/lib/jvm/java-1.8-openjdk/jre/lib/jce.jar:/usr/lib/jvm/java-1.8-openjdk/jre/lib/charsets.jar:/usr/lib/jvm/java-1.8-openjdk/jre/lib/jfr.jar:/usr/lib/jvm/java-1.8-openjdk/jre/classes"/>
    <property name="sun.management.compiler" value="HotSpot 64-Bit Tiered Compilers"/>
    <property name="java.runtime.version" value="1.8.0_212-b04"/>
    <property name="java.net.preferIPv4Stack" value="true"/>
    <property name="user.name" value="jenkins1000"/>
    <property name="path.separator" value=":"/>
    <property name="java.security.egd" value="file:///dev/urandom"/>
    <property name="os.version" value="3.10.0-957.12.2.el7.x86_64"/>
    <property name="java.endorsed.dirs" value="/usr/lib/jvm/java-1.8-openjdk/jre/lib/endorsed"/>
    <property name="java.runtime.name" value="OpenJDK Runtime Environment"/>
    <property name="file.encoding" value="UTF-8"/>
    <property name="java.vm.name" value="OpenJDK 64-Bit Server VM"/>
    <property name="test.build.webapps" value=""/>
    <property name="localRepository" value="/home/user/.m2/repository"/>
    <property name="java.vendor.url.bug" value="https://icedtea.classpath.org/bugzilla"/>
    <property name="java.io.tmpdir" value="/tmp"/>
    <property name="require.test.libhadoop" value=""/>
    <property name="java.version" value="1.8.0_212"/>
    <property name="user.dir" value="/workdir/hadoop-ozone/integration-test"/>
    <property name="os.arch" value="amd64"/>
    <property name="java.vm.specification.name" value="Java Virtual Machine Specification"/>
    <property name="test.build.classes" value="/workdir/hadoop-ozone/integration-test/target/test-classes"/>
    <property name="java.awt.printerjob" value="sun.print.PSPrinterJob"/>
    <property name="sun.os.patch.level" value="unknown"/>
    <property name="hadoop.tmp.dir" value="/workdir/hadoop-ozone/integration-test/target/tmp"/>
    <property name="java.library.path" value="/usr/lib/jvm/java-1.8-openjdk/jre/lib/amd64/server:/usr/lib/jvm/java-1.8-openjdk/jre/lib/amd64:/usr/lib/jvm/java-1.8-openjdk/jre/../lib/amd64:/workdir/hadoop-ozone/integration-test/target/native/target/usr/local/lib:/workdir/hadoop-ozone/integration-test/../../hadoop-common-project/hadoop-common/target/native/target/usr/local/lib:/usr/java/packages/lib/amd64:/usr/lib64:/lib64:/lib:/usr/lib"/>
    <property name="java.vm.info" value="mixed mode"/>
    <property name="java.vendor" value="IcedTea"/>
    <property name="java.vm.version" value="25.212-b04"/>
    <property name="java.ext.dirs" value="/usr/lib/jvm/java-1.8-openjdk/jre/lib/ext:/usr/java/packages/lib/ext"/>
    <property name="sun.io.unicode.encoding" value="UnicodeLittle"/>
    <property name="java.class.version" value="52.0"/>
  </properties>
  <testcase name="test2DatanodesFailure" classname="org.apache.hadoop.ozone.client.rpc.TestBlockOutputStreamWithFailures" time="51.132"/>
  <testcase name="testDatanodeFailureWithPreAllocation" classname="org.apache.hadoop.ozone.client.rpc.TestBlockOutputStreamWithFailures" time="226.116"/>
  <testcase name="testDatanodeFailureWithSingleNodeRatis" classname="org.apache.hadoop.ozone.client.rpc.TestBlockOutputStreamWithFailures" time="226.803"/>
  <testcase name="testWatchForCommitWithSingleNodeRatis" classname="org.apache.hadoop.ozone.client.rpc.TestBlockOutputStreamWithFailures" time="35.594"/>
  <testcase name="testWatchForCommitDatanodeFailure" classname="org.apache.hadoop.ozone.client.rpc.TestBlockOutputStreamWithFailures" time="36.319">
    <failure message="expected:&lt;2&gt; but was:&lt;3&gt;" type="java.lang.AssertionError"><![CDATA[java.lang.AssertionError: expected:<2> but was:<3>
	at org.junit.Assert.fail(Assert.java:88)
	at org.junit.Assert.failNotEquals(Assert.java:743)
	at org.junit.Assert.assertEquals(Assert.java:118)
	at org.junit.Assert.assertEquals(Assert.java:555)
	at org.junit.Assert.assertEquals(Assert.java:542)
	at org.apache.hadoop.ozone.client.rpc.TestBlockOutputStreamWithFailures.testWatchForCommitDatanodeFailure(TestBlockOutputStreamWithFailures.java:366)
	at sun.reflect.NativeMethodAccessorImpl.invoke0(Native Method)
	at sun.reflect.NativeMethodAccessorImpl.invoke(NativeMethodAccessorImpl.java:62)
	at sun.reflect.DelegatingMethodAccessorImpl.invoke(DelegatingMethodAccessorImpl.java:43)
	at java.lang.reflect.Method.invoke(Method.java:498)
	at org.junit.runners.model.FrameworkMethod$1.runReflectiveCall(FrameworkMethod.java:47)
	at org.junit.internal.runners.model.ReflectiveCallable.run(ReflectiveCallable.java:12)
	at org.junit.runners.model.FrameworkMethod.invokeExplosively(FrameworkMethod.java:44)
	at org.junit.internal.runners.statements.InvokeMethod.evaluate(InvokeMethod.java:17)
	at org.junit.internal.runners.statements.RunBefores.evaluate(RunBefores.java:26)
	at org.junit.internal.runners.statements.RunAfters.evaluate(RunAfters.java:27)
	at org.junit.runners.ParentRunner.runLeaf(ParentRunner.java:271)
	at org.junit.runners.BlockJUnit4ClassRunner.runChild(BlockJUnit4ClassRunner.java:70)
	at org.junit.runners.BlockJUnit4ClassRunner.runChild(BlockJUnit4ClassRunner.java:50)
	at org.junit.runners.ParentRunner$3.run(ParentRunner.java:238)
	at org.junit.runners.ParentRunner$1.schedule(ParentRunner.java:63)
	at org.junit.runners.ParentRunner.runChildren(ParentRunner.java:236)
	at org.junit.runners.ParentRunner.access$000(ParentRunner.java:53)
	at org.junit.runners.ParentRunner$2.evaluate(ParentRunner.java:229)
	at org.junit.runners.ParentRunner.run(ParentRunner.java:309)
	at org.apache.maven.surefire.junit4.JUnit4Provider.execute(JUnit4Provider.java:365)
	at org.apache.maven.surefire.junit4.JUnit4Provider.executeWithRerun(JUnit4Provider.java:273)
	at org.apache.maven.surefire.junit4.JUnit4Provider.executeTestSet(JUnit4Provider.java:238)
	at org.apache.maven.surefire.junit4.JUnit4Provider.invoke(JUnit4Provider.java:159)
	at org.apache.maven.surefire.booter.ForkedBooter.invokeProviderInSameClassLoader(ForkedBooter.java:384)
	at org.apache.maven.surefire.booter.ForkedBooter.runSuitesInProcess(ForkedBooter.java:345)
	at org.apache.maven.surefire.booter.ForkedBooter.execute(ForkedBooter.java:126)
	at org.apache.maven.surefire.booter.ForkedBooter.main(ForkedBooter.java:418)
]]></failure>
    <system-out><![CDATA[2019-09-04 02:52:00,310 [main] WARN  server.ServerUtils (ServerUtils.java:getScmDbDir(145)) - ozone.scm.db.dirs is not configured. We recommend adding this setting. Falling back to ozone.metadata.dirs instead.
2019-09-04 02:52:00,329 [main] WARN  server.ServerUtils (ServerUtils.java:getScmDbDir(145)) - ozone.scm.db.dirs is not configured. We recommend adding this setting. Falling back to ozone.metadata.dirs instead.
2019-09-04 02:52:00,329 [main] WARN  server.ServerUtils (ServerUtils.java:getScmDbDir(145)) - ozone.scm.db.dirs is not configured. We recommend adding this setting. Falling back to ozone.metadata.dirs instead.
2019-09-04 02:52:00,330 [main] INFO  db.DBStoreBuilder (DBStoreBuilder.java:addTable(110)) - using custom profile for table: deletedBlocks
2019-09-04 02:52:00,330 [main] INFO  db.DBStoreBuilder (DBStoreBuilder.java:processTables(161)) - Using default column profile:DBProfile.DISK for Table:deletedBlocks
2019-09-04 02:52:00,330 [main] INFO  db.DBStoreBuilder (DBStoreBuilder.java:addTable(110)) - using custom profile for table: validCerts
2019-09-04 02:52:00,330 [main] INFO  db.DBStoreBuilder (DBStoreBuilder.java:processTables(161)) - Using default column profile:DBProfile.DISK for Table:validCerts
2019-09-04 02:52:00,330 [main] INFO  db.DBStoreBuilder (DBStoreBuilder.java:addTable(110)) - using custom profile for table: revokedCerts
2019-09-04 02:52:00,331 [main] INFO  db.DBStoreBuilder (DBStoreBuilder.java:processTables(161)) - Using default column profile:DBProfile.DISK for Table:revokedCerts
2019-09-04 02:52:00,331 [main] INFO  db.DBStoreBuilder (DBStoreBuilder.java:addTable(110)) - using custom profile for table: default
2019-09-04 02:52:00,331 [main] INFO  db.DBStoreBuilder (DBStoreBuilder.java:processTables(167)) - Using default column profile:DBProfile.DISK for Table:default
2019-09-04 02:52:00,331 [main] INFO  db.DBStoreBuilder (DBStoreBuilder.java:getDbProfile(198)) - Using default options. DBProfile.DISK
2019-09-04 02:52:00,542 [main] INFO  net.NodeSchemaLoader (NodeSchemaLoader.java:loadSchemaFromFile(125)) - Loading file from sun.misc.CompoundEnumeration@540ac21e
2019-09-04 02:52:00,542 [main] INFO  net.NodeSchemaLoader (NodeSchemaLoader.java:loadSchema(171)) - Loading network topology layer schema file
2019-09-04 02:52:00,553 [main] INFO  node.SCMNodeManager (SCMNodeManager.java:<init>(121)) - Entering startup safe mode.
2019-09-04 02:52:00,554 [main] INFO  algorithms.ContainerPlacementPolicyFactory (ContainerPlacementPolicyFactory.java:getPolicy(56)) - Create container placement policy of type org.apache.hadoop.hdds.scm.container.placement.algorithms.SCMContainerPlacementRandom
2019-09-04 02:52:00,554 [main] WARN  server.ServerUtils (ServerUtils.java:getScmDbDir(145)) - ozone.scm.db.dirs is not configured. We recommend adding this setting. Falling back to ozone.metadata.dirs instead.
2019-09-04 02:52:00,640 [main] INFO  pipeline.SCMPipelineManager (SCMPipelineManager.java:initializePipelineState(126)) - No pipeline exists in current db
2019-09-04 02:52:00,640 [main] WARN  server.ServerUtils (ServerUtils.java:getScmDbDir(145)) - ozone.scm.db.dirs is not configured. We recommend adding this setting. Falling back to ozone.metadata.dirs instead.
2019-09-04 02:52:00,726 [main] WARN  events.EventQueue (EventQueue.java:fireEvent(175)) - No event handler registered for event TypedEvent{payloadType=SafeModeStatus, name='SafeModeStatus'}
2019-09-04 02:52:00,728 [main] INFO  ipc.CallQueueManager (CallQueueManager.java:<init>(84)) - Using callQueue: class java.util.concurrent.LinkedBlockingQueue, queueCapacity: 2000, scheduler: class org.apache.hadoop.ipc.DefaultRpcScheduler, ipcBackoff: false.
2019-09-04 02:52:00,729 [Socket Reader #1 for port 40834] INFO  ipc.Server (Server.java:run(1074)) - Starting Socket Reader #1 for port 40834
2019-09-04 02:52:00,731 [main] INFO  ipc.CallQueueManager (CallQueueManager.java:<init>(84)) - Using callQueue: class java.util.concurrent.LinkedBlockingQueue, queueCapacity: 2000, scheduler: class org.apache.hadoop.ipc.DefaultRpcScheduler, ipcBackoff: false.
2019-09-04 02:52:00,733 [Socket Reader #1 for port 40486] INFO  ipc.Server (Server.java:run(1074)) - Starting Socket Reader #1 for port 40486
2019-09-04 02:52:00,734 [main] INFO  ipc.CallQueueManager (CallQueueManager.java:<init>(84)) - Using callQueue: class java.util.concurrent.LinkedBlockingQueue, queueCapacity: 2000, scheduler: class org.apache.hadoop.ipc.DefaultRpcScheduler, ipcBackoff: false.
2019-09-04 02:52:00,735 [Socket Reader #1 for port 43798] INFO  ipc.Server (Server.java:run(1074)) - Starting Socket Reader #1 for port 43798
2019-09-04 02:52:00,740 [main] INFO  hdfs.DFSUtil (DFSUtil.java:httpServerTemplateForNNAndJN(1641)) - Starting Web-server for scm at: http://0.0.0.0:0
2019-09-04 02:52:00,742 [main] INFO  server.AuthenticationFilter (AuthenticationFilter.java:constructSecretProvider(240)) - Unable to initialize FileSignerSecretProvider, falling back to use random secrets.
2019-09-04 02:52:00,743 [main] WARN  http.HttpRequestLog (HttpRequestLog.java:getRequestLog(97)) - Jetty request log can only be enabled using Log4j
2019-09-04 02:52:00,745 [main] INFO  http.HttpServer2 (HttpServer2.java:addGlobalFilter(975)) - Added global filter 'safety' (class=org.apache.hadoop.http.HttpServer2$QuotingInputFilter)
2019-09-04 02:52:00,746 [main] INFO  http.HttpServer2 (HttpServer2.java:addFilter(948)) - Added filter static_user_filter (class=org.apache.hadoop.http.lib.StaticUserWebFilter$StaticUserFilter) to context scm
2019-09-04 02:52:00,746 [main] INFO  http.HttpServer2 (HttpServer2.java:addFilter(958)) - Added filter static_user_filter (class=org.apache.hadoop.http.lib.StaticUserWebFilter$StaticUserFilter) to context logs
2019-09-04 02:52:00,747 [main] INFO  http.HttpServer2 (HttpServer2.java:addFilter(958)) - Added filter static_user_filter (class=org.apache.hadoop.http.lib.StaticUserWebFilter$StaticUserFilter) to context static
2019-09-04 02:52:00,749 [main] INFO  server.StorageContainerManager (StorageContainerManager.java:start(759)) - StorageContainerLocationProtocol RPC server is listening at /0.0.0.0:43798
2019-09-04 02:52:00,752 [main] WARN  impl.MetricsConfig (MetricsConfig.java:loadFirst(134)) - Cannot locate configuration: tried hadoop-metrics2-storagecontainermanager.properties,hadoop-metrics2.properties
2019-09-04 02:52:00,753 [main] INFO  impl.MetricsSystemImpl (MetricsSystemImpl.java:startTimer(374)) - Scheduled Metric snapshot period at 10 second(s).
2019-09-04 02:52:00,753 [main] INFO  impl.MetricsSystemImpl (MetricsSystemImpl.java:start(191)) - StorageContainerManager metrics system started
2019-09-04 02:52:00,835 [main] INFO  server.SCMClientProtocolServer (SCMClientProtocolServer.java:start(151)) - RPC server for Client  is listening at /0.0.0.0:43798
2019-09-04 02:52:00,836 [IPC Server Responder] INFO  ipc.Server (Server.java:run(1314)) - IPC Server Responder: starting
2019-09-04 02:52:00,836 [IPC Server listener on 43798] INFO  ipc.Server (Server.java:run(1153)) - IPC Server listener on 43798: starting
2019-09-04 02:52:00,839 [main] INFO  server.StorageContainerManager (StorageContainerManager.java:start(769)) - ScmBlockLocationProtocol RPC server is listening at /0.0.0.0:40486
2019-09-04 02:52:00,840 [main] INFO  server.SCMBlockProtocolServer (SCMBlockProtocolServer.java:start(140)) - RPC server for Block Protocol is listening at /0.0.0.0:40486
2019-09-04 02:52:00,840 [IPC Server Responder] INFO  ipc.Server (Server.java:run(1314)) - IPC Server Responder: starting
2019-09-04 02:52:00,840 [IPC Server listener on 40486] INFO  ipc.Server (Server.java:run(1153)) - IPC Server listener on 40486: starting
2019-09-04 02:52:00,844 [main] INFO  server.StorageContainerManager (StorageContainerManager.java:start(773)) - ScmDatanodeProtocl RPC server is listening at /0.0.0.0:40834
2019-09-04 02:52:00,844 [main] INFO  server.SCMDatanodeProtocolServer (SCMDatanodeProtocolServer.java:start(191)) - RPC server for DataNodes is listening at /0.0.0.0:40834
2019-09-04 02:52:00,844 [IPC Server Responder] INFO  ipc.Server (Server.java:run(1314)) - IPC Server Responder: starting
2019-09-04 02:52:00,845 [IPC Server listener on 40834] INFO  ipc.Server (Server.java:run(1153)) - IPC Server listener on 40834: starting
2019-09-04 02:52:00,849 [main] INFO  http.HttpServer2 (HttpServer2.java:bindListener(1191)) - Jetty bound to port 43747
2019-09-04 02:52:00,849 [main] INFO  server.Server (Server.java:doStart(351)) - jetty-9.3.24.v20180605, build timestamp: 2018-06-05T17:11:56Z, git hash: 84205aa28f11a4f31f2a3b86d1bba2cc8ab69827
2019-09-04 02:52:00,851 [main] INFO  handler.ContextHandler (ContextHandler.java:doStart(781)) - Started o.e.j.s.ServletContextHandler@135f760a{/logs,file:///workdir/hadoop-ozone/integration-test/target/log,AVAILABLE}
2019-09-04 02:52:00,851 [main] INFO  handler.ContextHandler (ContextHandler.java:doStart(781)) - Started o.e.j.s.ServletContextHandler@730611a0{/static,file:///workdir/hadoop-ozone/integration-test/target/test-classes/webapps/static,AVAILABLE}
2019-09-04 02:52:00,855 [main] INFO  handler.ContextHandler (ContextHandler.java:doStart(781)) - Started o.e.j.w.WebAppContext@53f18591{/,file:///workdir/hadoop-ozone/integration-test/target/test-classes/webapps/scm/,AVAILABLE}{/scm}
2019-09-04 02:52:00,855 [main] INFO  server.AbstractConnector (AbstractConnector.java:doStart(278)) - Started ServerConnector@4dfbe8c2{HTTP/1.1,[http/1.1]}{0.0.0.0:43747}
2019-09-04 02:52:00,856 [main] INFO  server.Server (Server.java:doStart(419)) - Started @540786ms
2019-09-04 02:52:00,857 [main] INFO  server.BaseHttpServer (BaseHttpServer.java:updateConnectorAddress(213)) - HTTP server of SCM is listening at http://0.0.0.0:43747
2019-09-04 02:52:00,858 [main] WARN  server.ServerUtils (ServerUtils.java:getDBPath(222)) - ozone.om.db.dirs is not configured. We recommend adding this setting. Falling back to ozone.metadata.dirs instead.
2019-09-04 02:52:00,858 [org.apache.hadoop.util.JvmPauseMonitor$Monitor@78a46d7b] INFO  util.JvmPauseMonitor (JvmPauseMonitor.java:run(188)) - Starting JVM pause monitor
2019-09-04 02:52:00,881 [main] WARN  server.ServerUtils (ServerUtils.java:getDBPath(222)) - ozone.om.db.dirs is not configured. We recommend adding this setting. Falling back to ozone.metadata.dirs instead.
2019-09-04 02:52:00,882 [main] WARN  server.ServerUtils (ServerUtils.java:getDBPath(222)) - ozone.om.db.dirs is not configured. We recommend adding this setting. Falling back to ozone.metadata.dirs instead.
2019-09-04 02:52:00,883 [main] INFO  om.OzoneManager (OzoneManager.java:setOMNodeDetails(645)) - OM Service ID is not set. Setting it to the default ID: omServiceIdDefault
2019-09-04 02:52:00,883 [main] INFO  om.OzoneManager (OzoneManager.java:setOMNodeDetails(651)) - OM Node ID is not set. Setting it to the OmStorage's OmID: ea03fe8f-d68c-446a-a565-8a56f4eb7696
2019-09-04 02:52:00,883 [main] INFO  om.OzoneManager (OzoneManager.java:loadOMHAConfigs(602)) - Found matching OM address with OMServiceId: null, OMNodeId: null, RPC Address: localhost:0 and Ratis port: 9872
2019-09-04 02:52:00,890 | INFO  | SCMAudit | user=jenkins1000 | ip=192.168.69.105 | op=GET_SCM_INFO null | ret=SUCCESS |  
2019-09-04 02:52:00,892 [main] WARN  server.ServerUtils (ServerUtils.java:getDBPath(222)) - ozone.om.db.dirs is not configured. We recommend adding this setting. Falling back to ozone.metadata.dirs instead.
2019-09-04 02:52:00,893 [main] INFO  db.DBStoreBuilder (DBStoreBuilder.java:addTable(110)) - using custom profile for table: userTable
2019-09-04 02:52:00,893 [main] INFO  db.DBStoreBuilder (DBStoreBuilder.java:processTables(161)) - Using default column profile:DBProfile.DISK for Table:userTable
2019-09-04 02:52:00,893 [main] INFO  db.DBStoreBuilder (DBStoreBuilder.java:addTable(110)) - using custom profile for table: volumeTable
2019-09-04 02:52:00,893 [main] INFO  db.DBStoreBuilder (DBStoreBuilder.java:processTables(161)) - Using default column profile:DBProfile.DISK for Table:volumeTable
2019-09-04 02:52:00,894 [main] INFO  db.DBStoreBuilder (DBStoreBuilder.java:addTable(110)) - using custom profile for table: bucketTable
2019-09-04 02:52:00,894 [main] INFO  db.DBStoreBuilder (DBStoreBuilder.java:processTables(161)) - Using default column profile:DBProfile.DISK for Table:bucketTable
2019-09-04 02:52:00,894 [main] INFO  db.DBStoreBuilder (DBStoreBuilder.java:addTable(110)) - using custom profile for table: keyTable
2019-09-04 02:52:00,894 [main] INFO  db.DBStoreBuilder (DBStoreBuilder.java:processTables(161)) - Using default column profile:DBProfile.DISK for Table:keyTable
2019-09-04 02:52:00,895 [main] INFO  db.DBStoreBuilder (DBStoreBuilder.java:addTable(110)) - using custom profile for table: deletedTable
2019-09-04 02:52:00,895 [main] INFO  db.DBStoreBuilder (DBStoreBuilder.java:processTables(161)) - Using default column profile:DBProfile.DISK for Table:deletedTable
2019-09-04 02:52:00,895 [main] INFO  db.DBStoreBuilder (DBStoreBuilder.java:addTable(110)) - using custom profile for table: openKeyTable
2019-09-04 02:52:00,895 [main] INFO  db.DBStoreBuilder (DBStoreBuilder.java:processTables(161)) - Using default column profile:DBProfile.DISK for Table:openKeyTable
2019-09-04 02:52:00,896 [main] INFO  db.DBStoreBuilder (DBStoreBuilder.java:addTable(110)) - using custom profile for table: s3Table
2019-09-04 02:52:00,896 [main] INFO  db.DBStoreBuilder (DBStoreBuilder.java:processTables(161)) - Using default column profile:DBProfile.DISK for Table:s3Table
2019-09-04 02:52:00,896 [main] INFO  db.DBStoreBuilder (DBStoreBuilder.java:addTable(110)) - using custom profile for table: multipartInfoTable
2019-09-04 02:52:00,896 [main] INFO  db.DBStoreBuilder (DBStoreBuilder.java:processTables(161)) - Using default column profile:DBProfile.DISK for Table:multipartInfoTable
2019-09-04 02:52:00,897 [main] INFO  db.DBStoreBuilder (DBStoreBuilder.java:addTable(110)) - using custom profile for table: dTokenTable
2019-09-04 02:52:00,897 [main] INFO  db.DBStoreBuilder (DBStoreBuilder.java:processTables(161)) - Using default column profile:DBProfile.DISK for Table:dTokenTable
2019-09-04 02:52:00,897 [main] INFO  db.DBStoreBuilder (DBStoreBuilder.java:addTable(110)) - using custom profile for table: s3SecretTable
2019-09-04 02:52:00,897 [main] INFO  db.DBStoreBuilder (DBStoreBuilder.java:processTables(161)) - Using default column profile:DBProfile.DISK for Table:s3SecretTable
2019-09-04 02:52:00,897 [main] INFO  db.DBStoreBuilder (DBStoreBuilder.java:addTable(110)) - using custom profile for table: prefixTable
2019-09-04 02:52:00,898 [main] INFO  db.DBStoreBuilder (DBStoreBuilder.java:processTables(161)) - Using default column profile:DBProfile.DISK for Table:prefixTable
2019-09-04 02:52:00,898 [main] INFO  db.DBStoreBuilder (DBStoreBuilder.java:addTable(110)) - using custom profile for table: default
2019-09-04 02:52:00,898 [main] INFO  db.DBStoreBuilder (DBStoreBuilder.java:processTables(167)) - Using default column profile:DBProfile.DISK for Table:default
2019-09-04 02:52:00,898 [main] INFO  db.DBStoreBuilder (DBStoreBuilder.java:getDbProfile(198)) - Using default options. DBProfile.DISK
2019-09-04 02:52:01,649 [main] INFO  ipc.CallQueueManager (CallQueueManager.java:<init>(84)) - Using callQueue: class java.util.concurrent.LinkedBlockingQueue, queueCapacity: 2000, scheduler: class org.apache.hadoop.ipc.DefaultRpcScheduler, ipcBackoff: false.
2019-09-04 02:52:01,650 [Socket Reader #1 for port 46277] INFO  ipc.Server (Server.java:run(1074)) - Starting Socket Reader #1 for port 46277
2019-09-04 02:52:01,664 [main] INFO  om.OzoneManager (OzoneManager.java:start(1256)) - OzoneManager RPC server is listening at localhost/127.0.0.1:46277
2019-09-04 02:52:01,664 [main] INFO  impl.MetricsSystemImpl (MetricsSystemImpl.java:init(158)) - OzoneManager metrics system started (again)
2019-09-04 02:52:01,666 [IPC Server Responder] INFO  ipc.Server (Server.java:run(1314)) - IPC Server Responder: starting
2019-09-04 02:52:01,668 [IPC Server listener on 46277] INFO  ipc.Server (Server.java:run(1153)) - IPC Server listener on 46277: starting
2019-09-04 02:52:01,674 [main] INFO  hdfs.DFSUtil (DFSUtil.java:httpServerTemplateForNNAndJN(1641)) - Starting Web-server for ozoneManager at: http://0.0.0.0:0
2019-09-04 02:52:01,677 [main] INFO  server.AuthenticationFilter (AuthenticationFilter.java:constructSecretProvider(240)) - Unable to initialize FileSignerSecretProvider, falling back to use random secrets.
2019-09-04 02:52:01,678 [main] WARN  http.HttpRequestLog (HttpRequestLog.java:getRequestLog(97)) - Jetty request log can only be enabled using Log4j
2019-09-04 02:52:01,680 [main] INFO  http.HttpServer2 (HttpServer2.java:addGlobalFilter(975)) - Added global filter 'safety' (class=org.apache.hadoop.http.HttpServer2$QuotingInputFilter)
2019-09-04 02:52:01,681 [main] INFO  http.HttpServer2 (HttpServer2.java:addFilter(948)) - Added filter static_user_filter (class=org.apache.hadoop.http.lib.StaticUserWebFilter$StaticUserFilter) to context ozoneManager
2019-09-04 02:52:01,681 [main] INFO  http.HttpServer2 (HttpServer2.java:addFilter(958)) - Added filter static_user_filter (class=org.apache.hadoop.http.lib.StaticUserWebFilter$StaticUserFilter) to context logs
2019-09-04 02:52:01,681 [main] INFO  http.HttpServer2 (HttpServer2.java:addFilter(958)) - Added filter static_user_filter (class=org.apache.hadoop.http.lib.StaticUserWebFilter$StaticUserFilter) to context static
2019-09-04 02:52:01,682 [main] INFO  http.HttpServer2 (HttpServer2.java:bindListener(1191)) - Jetty bound to port 34708
2019-09-04 02:52:01,682 [main] INFO  server.Server (Server.java:doStart(351)) - jetty-9.3.24.v20180605, build timestamp: 2018-06-05T17:11:56Z, git hash: 84205aa28f11a4f31f2a3b86d1bba2cc8ab69827
2019-09-04 02:52:01,684 [main] INFO  handler.ContextHandler (ContextHandler.java:doStart(781)) - Started o.e.j.s.ServletContextHandler@5f910283{/logs,file:///workdir/hadoop-ozone/integration-test/target/log,AVAILABLE}
2019-09-04 02:52:01,685 [main] INFO  handler.ContextHandler (ContextHandler.java:doStart(781)) - Started o.e.j.s.ServletContextHandler@6e5106fc{/static,file:///workdir/hadoop-ozone/integration-test/target/test-classes/webapps/static,AVAILABLE}
2019-09-04 02:52:01,692 [main] INFO  handler.ContextHandler (ContextHandler.java:doStart(781)) - Started o.e.j.w.WebAppContext@64547a83{/,file:///workdir/hadoop-ozone/integration-test/target/test-classes/webapps/ozoneManager/,AVAILABLE}{/ozoneManager}
2019-09-04 02:52:01,693 [main] INFO  server.AbstractConnector (AbstractConnector.java:doStart(278)) - Started ServerConnector@2b3e2039{HTTP/1.1,[http/1.1]}{0.0.0.0:34708}
2019-09-04 02:52:01,694 [main] INFO  server.Server (Server.java:doStart(419)) - Started @541624ms
2019-09-04 02:52:01,696 [main] INFO  server.BaseHttpServer (BaseHttpServer.java:updateConnectorAddress(213)) - HTTP server of OZONEMANAGER is listening at http://0.0.0.0:34708
2019-09-04 02:52:01,717 [main] INFO  impl.MetricsSystemImpl (MetricsSystemImpl.java:init(158)) - HddsDatanode metrics system started (again)
2019-09-04 02:52:01,720 [main] INFO  ozone.HddsDatanodeService (HddsDatanodeService.java:start(184)) - HddsDatanodeService host:pr-hdds-1571-zhvv9-3536733312 ip:192.168.69.105
2019-09-04 02:52:01,729 [main] INFO  volume.HddsVolume (HddsVolume.java:<init>(176)) - Creating Volume: /workdir/hadoop-ozone/integration-test/target/test-dir/MiniOzoneClusterImpl-3bb735bc-39a8-4554-8887-bfbd0a1de759/datanode-0/data/containers/hdds of  storage type : DISK and capacity : 1482555576320
2019-09-04 02:52:01,729 [main] INFO  volume.VolumeSet (VolumeSet.java:initializeVolumeSet(170)) - Added Volume : /workdir/hadoop-ozone/integration-test/target/test-dir/MiniOzoneClusterImpl-3bb735bc-39a8-4554-8887-bfbd0a1de759/datanode-0/data/containers/hdds to VolumeSet
2019-09-04 02:52:01,730 [main] INFO  volume.ThrottledAsyncChecker (ThrottledAsyncChecker.java:schedule(140)) - Scheduling a check for org.apache.hadoop.ozone.container.common.volume.HddsVolume@5c168f98
2019-09-04 02:52:01,730 [main] INFO  volume.HddsVolumeChecker (HddsVolumeChecker.java:checkAllVolumes(203)) - Scheduled health check for volume org.apache.hadoop.ozone.container.common.volume.HddsVolume@5c168f98
2019-09-04 02:52:01,752 [main] INFO  impl.RaftServerProxy (ConfUtils.java:logGet(43)) - raft.rpc.type = GRPC (default)
2019-09-04 02:52:01,753 [main] INFO  grpc.GrpcFactory (GrpcFactory.java:checkPooledByteBufAllocatorUseCacheForAllThreads(45)) - PERFORMANCE WARNING: useCacheForAllThreads is true that may cause Netty to create a lot garbage objects and, as a result, trigger GC.
	It is recommended to disable useCacheForAllThreads by setting -Dorg.apache.ratis.thirdparty.io.netty.allocator.useCacheForAllThreads=false in command line.
2019-09-04 02:52:01,753 [main] INFO  grpc.GrpcConfigKeys$Server (ConfUtils.java:logGet(43)) - raft.grpc.server.port = 0 (default)
2019-09-04 02:52:01,753 [main] INFO  server.GrpcService (ConfUtils.java:logGet(43)) - raft.grpc.message.size.max = 33570816 (custom)
2019-09-04 02:52:01,754 [main] INFO  server.RaftServerConfigKeys (ConfUtils.java:logGet(43)) - raft.server.log.appender.buffer.byte-limit = 33554432 (custom)
2019-09-04 02:52:01,754 [main] INFO  server.GrpcService (ConfUtils.java:logGet(43)) - raft.grpc.flow.control.window = 1MB (=1048576) (default)
2019-09-04 02:52:01,755 [main] INFO  server.RaftServerConfigKeys (ConfUtils.java:logGet(43)) - raft.server.rpc.request.timeout = 3000ms (default)
2019-09-04 02:52:01,756 [main] INFO  server.RaftServerConfigKeys (ConfUtils.java:logGet(43)) - raft.server.storage.dir = [/workdir/hadoop-ozone/integration-test/target/test-dir/MiniOzoneClusterImpl-3bb735bc-39a8-4554-8887-bfbd0a1de759/datanode-0/data/ratis] (custom)
2019-09-04 02:52:01,757 [main] INFO  replication.SimpleContainerDownloader (SimpleContainerDownloader.java:<init>(72)) - Starting container downloader service to copy containers to replicate.
2019-09-04 02:52:01,758 [main] INFO  hdfs.DFSUtil (DFSUtil.java:httpServerTemplateForNNAndJN(1641)) - Starting Web-server for hddsDatanode at: http://0.0.0.0:0
2019-09-04 02:52:01,760 [main] INFO  server.AuthenticationFilter (AuthenticationFilter.java:constructSecretProvider(240)) - Unable to initialize FileSignerSecretProvider, falling back to use random secrets.
2019-09-04 02:52:01,761 [main] WARN  http.HttpRequestLog (HttpRequestLog.java:getRequestLog(97)) - Jetty request log can only be enabled using Log4j
2019-09-04 02:52:01,763 [main] INFO  http.HttpServer2 (HttpServer2.java:addGlobalFilter(975)) - Added global filter 'safety' (class=org.apache.hadoop.http.HttpServer2$QuotingInputFilter)
2019-09-04 02:52:01,764 [main] INFO  http.HttpServer2 (HttpServer2.java:addFilter(948)) - Added filter static_user_filter (class=org.apache.hadoop.http.lib.StaticUserWebFilter$StaticUserFilter) to context hddsDatanode
2019-09-04 02:52:01,764 [main] INFO  http.HttpServer2 (HttpServer2.java:addFilter(958)) - Added filter static_user_filter (class=org.apache.hadoop.http.lib.StaticUserWebFilter$StaticUserFilter) to context logs
2019-09-04 02:52:01,764 [main] INFO  http.HttpServer2 (HttpServer2.java:addFilter(958)) - Added filter static_user_filter (class=org.apache.hadoop.http.lib.StaticUserWebFilter$StaticUserFilter) to context static
2019-09-04 02:52:01,765 [main] INFO  http.HttpServer2 (HttpServer2.java:bindListener(1191)) - Jetty bound to port 43277
2019-09-04 02:52:01,765 [main] INFO  server.Server (Server.java:doStart(351)) - jetty-9.3.24.v20180605, build timestamp: 2018-06-05T17:11:56Z, git hash: 84205aa28f11a4f31f2a3b86d1bba2cc8ab69827
2019-09-04 02:52:01,768 [main] INFO  handler.ContextHandler (ContextHandler.java:doStart(781)) - Started o.e.j.s.ServletContextHandler@61b11d35{/logs,file:///workdir/hadoop-ozone/integration-test/target/log,AVAILABLE}
2019-09-04 02:52:01,768 [main] INFO  handler.ContextHandler (ContextHandler.java:doStart(781)) - Started o.e.j.s.ServletContextHandler@4b0df349{/static,jar:file:/home/user/.m2/repository/org/apache/hadoop/hadoop-hdds-container-service/0.5.0-SNAPSHOT/hadoop-hdds-container-service-0.5.0-SNAPSHOT.jar!/webapps/static,AVAILABLE}
2019-09-04 02:52:01,805 [main] INFO  handler.ContextHandler (ContextHandler.java:doStart(781)) - Started o.e.j.w.WebAppContext@10ecf244{/,file:///tmp/jetty-0.0.0.0-43277-hddsDatanode-_-any-1633549968208072139.dir/webapp/,AVAILABLE}{/hddsDatanode}
2019-09-04 02:52:01,805 [main] INFO  server.AbstractConnector (AbstractConnector.java:doStart(278)) - Started ServerConnector@28592982{HTTP/1.1,[http/1.1]}{0.0.0.0:43277}
2019-09-04 02:52:01,806 [main] INFO  server.Server (Server.java:doStart(419)) - Started @541736ms
2019-09-04 02:52:01,807 [main] INFO  server.BaseHttpServer (BaseHttpServer.java:updateConnectorAddress(213)) - HTTP server of HDDSDATANODE is listening at http://0.0.0.0:43277
2019-09-04 02:52:01,933 | INFO  | ObjectStoreRestHttpServer | Listening HDDS REST traffic on /0.0.0.0:38108 |  
2019-09-04 02:52:01,933 [main] INFO  ozone.HddsDatanodeService (HddsDatanodeService.java:startPlugins(395)) - Started plug-in org.apache.hadoop.ozone.web.OzoneHddsDatanodeService@3299e315
2019-09-04 02:52:01,934 [main] INFO  impl.MetricsSystemImpl (MetricsSystemImpl.java:init(158)) - HddsDatanode metrics system started (again)
2019-09-04 02:52:01,936 [org.apache.hadoop.util.JvmPauseMonitor$Monitor@54b83a8b] INFO  util.JvmPauseMonitor (JvmPauseMonitor.java:run(188)) - Starting JVM pause monitor
2019-09-04 02:52:01,936 [main] INFO  ozone.HddsDatanodeService (HddsDatanodeService.java:start(184)) - HddsDatanodeService host:pr-hdds-1571-zhvv9-3536733312 ip:192.168.69.105
2019-09-04 02:52:01,938 [Datanode State Machine Thread - 0] INFO  datanode.InitDatanodeState (InitDatanodeState.java:persistContainerDatanodeDetails(140)) - DatanodeDetails is persisted to /workdir/hadoop-ozone/integration-test/target/test-dir/MiniOzoneClusterImpl-3bb735bc-39a8-4554-8887-bfbd0a1de759/datanode-0/meta/datanode.id
2019-09-04 02:52:01,946 [main] INFO  volume.HddsVolume (HddsVolume.java:<init>(176)) - Creating Volume: /workdir/hadoop-ozone/integration-test/target/test-dir/MiniOzoneClusterImpl-3bb735bc-39a8-4554-8887-bfbd0a1de759/datanode-1/data/containers/hdds of  storage type : DISK and capacity : 1482555576320
2019-09-04 02:52:01,946 [main] INFO  volume.VolumeSet (VolumeSet.java:initializeVolumeSet(170)) - Added Volume : /workdir/hadoop-ozone/integration-test/target/test-dir/MiniOzoneClusterImpl-3bb735bc-39a8-4554-8887-bfbd0a1de759/datanode-1/data/containers/hdds to VolumeSet
2019-09-04 02:52:01,947 [main] INFO  volume.ThrottledAsyncChecker (ThrottledAsyncChecker.java:schedule(140)) - Scheduling a check for org.apache.hadoop.ozone.container.common.volume.HddsVolume@7ca0aa55
2019-09-04 02:52:01,947 [main] INFO  volume.HddsVolumeChecker (HddsVolumeChecker.java:checkAllVolumes(203)) - Scheduled health check for volume org.apache.hadoop.ozone.container.common.volume.HddsVolume@7ca0aa55
2019-09-04 02:52:01,960 [main] INFO  impl.RaftServerProxy (ConfUtils.java:logGet(43)) - raft.rpc.type = GRPC (default)
2019-09-04 02:52:01,960 [main] INFO  grpc.GrpcFactory (GrpcFactory.java:checkPooledByteBufAllocatorUseCacheForAllThreads(45)) - PERFORMANCE WARNING: useCacheForAllThreads is true that may cause Netty to create a lot garbage objects and, as a result, trigger GC.
	It is recommended to disable useCacheForAllThreads by setting -Dorg.apache.ratis.thirdparty.io.netty.allocator.useCacheForAllThreads=false in command line.
2019-09-04 02:52:01,961 [main] INFO  grpc.GrpcConfigKeys$Server (ConfUtils.java:logGet(43)) - raft.grpc.server.port = 0 (default)
2019-09-04 02:52:01,961 [main] INFO  server.GrpcService (ConfUtils.java:logGet(43)) - raft.grpc.message.size.max = 33570816 (custom)
2019-09-04 02:52:01,961 [main] INFO  server.RaftServerConfigKeys (ConfUtils.java:logGet(43)) - raft.server.log.appender.buffer.byte-limit = 33554432 (custom)
2019-09-04 02:52:01,961 [main] INFO  server.GrpcService (ConfUtils.java:logGet(43)) - raft.grpc.flow.control.window = 1MB (=1048576) (default)
2019-09-04 02:52:01,961 [main] INFO  server.RaftServerConfigKeys (ConfUtils.java:logGet(43)) - raft.server.rpc.request.timeout = 3000ms (default)
2019-09-04 02:52:01,962 [main] INFO  server.RaftServerConfigKeys (ConfUtils.java:logGet(43)) - raft.server.storage.dir = [/workdir/hadoop-ozone/integration-test/target/test-dir/MiniOzoneClusterImpl-3bb735bc-39a8-4554-8887-bfbd0a1de759/datanode-1/data/ratis] (custom)
2019-09-04 02:52:01,962 [main] INFO  replication.SimpleContainerDownloader (SimpleContainerDownloader.java:<init>(72)) - Starting container downloader service to copy containers to replicate.
2019-09-04 02:52:01,963 [main] INFO  hdfs.DFSUtil (DFSUtil.java:httpServerTemplateForNNAndJN(1641)) - Starting Web-server for hddsDatanode at: http://0.0.0.0:0
2019-09-04 02:52:01,965 [main] INFO  server.AuthenticationFilter (AuthenticationFilter.java:constructSecretProvider(240)) - Unable to initialize FileSignerSecretProvider, falling back to use random secrets.
2019-09-04 02:52:01,965 [main] WARN  http.HttpRequestLog (HttpRequestLog.java:getRequestLog(97)) - Jetty request log can only be enabled using Log4j
2019-09-04 02:52:01,966 [main] INFO  http.HttpServer2 (HttpServer2.java:addGlobalFilter(975)) - Added global filter 'safety' (class=org.apache.hadoop.http.HttpServer2$QuotingInputFilter)
2019-09-04 02:52:01,967 [main] INFO  http.HttpServer2 (HttpServer2.java:addFilter(948)) - Added filter static_user_filter (class=org.apache.hadoop.http.lib.StaticUserWebFilter$StaticUserFilter) to context hddsDatanode
2019-09-04 02:52:01,967 [main] INFO  http.HttpServer2 (HttpServer2.java:addFilter(958)) - Added filter static_user_filter (class=org.apache.hadoop.http.lib.StaticUserWebFilter$StaticUserFilter) to context logs
2019-09-04 02:52:01,967 [main] INFO  http.HttpServer2 (HttpServer2.java:addFilter(958)) - Added filter static_user_filter (class=org.apache.hadoop.http.lib.StaticUserWebFilter$StaticUserFilter) to context static
2019-09-04 02:52:01,967 [main] INFO  http.HttpServer2 (HttpServer2.java:bindListener(1191)) - Jetty bound to port 43915
2019-09-04 02:52:01,968 [main] INFO  server.Server (Server.java:doStart(351)) - jetty-9.3.24.v20180605, build timestamp: 2018-06-05T17:11:56Z, git hash: 84205aa28f11a4f31f2a3b86d1bba2cc8ab69827
2019-09-04 02:52:01,969 [main] INFO  handler.ContextHandler (ContextHandler.java:doStart(781)) - Started o.e.j.s.ServletContextHandler@759862a2{/logs,file:///workdir/hadoop-ozone/integration-test/target/log,AVAILABLE}
2019-09-04 02:52:01,969 [main] INFO  handler.ContextHandler (ContextHandler.java:doStart(781)) - Started o.e.j.s.ServletContextHandler@197c3101{/static,jar:file:/home/user/.m2/repository/org/apache/hadoop/hadoop-hdds-container-service/0.5.0-SNAPSHOT/hadoop-hdds-container-service-0.5.0-SNAPSHOT.jar!/webapps/static,AVAILABLE}
2019-09-04 02:52:01,997 [main] INFO  handler.ContextHandler (ContextHandler.java:doStart(781)) - Started o.e.j.w.WebAppContext@41acf2f1{/,file:///tmp/jetty-0.0.0.0-43915-hddsDatanode-_-any-8561756953566967911.dir/webapp/,AVAILABLE}{/hddsDatanode}
2019-09-04 02:52:01,997 [main] INFO  server.AbstractConnector (AbstractConnector.java:doStart(278)) - Started ServerConnector@66f88fd3{HTTP/1.1,[http/1.1]}{0.0.0.0:43915}
2019-09-04 02:52:01,997 [main] INFO  server.Server (Server.java:doStart(419)) - Started @541928ms
2019-09-04 02:52:01,999 [main] INFO  server.BaseHttpServer (BaseHttpServer.java:updateConnectorAddress(213)) - HTTP server of HDDSDATANODE is listening at http://0.0.0.0:43915
2019-09-04 02:52:02,127 | INFO  | ObjectStoreRestHttpServer | Listening HDDS REST traffic on /0.0.0.0:35370 |  
2019-09-04 02:52:02,127 [main] INFO  ozone.HddsDatanodeService (HddsDatanodeService.java:startPlugins(395)) - Started plug-in org.apache.hadoop.ozone.web.OzoneHddsDatanodeService@14cd8dfa
2019-09-04 02:52:02,128 [main] INFO  impl.MetricsSystemImpl (MetricsSystemImpl.java:init(158)) - HddsDatanode metrics system started (again)
2019-09-04 02:52:02,131 [org.apache.hadoop.util.JvmPauseMonitor$Monitor@7f26c10c] INFO  util.JvmPauseMonitor (JvmPauseMonitor.java:run(188)) - Starting JVM pause monitor
2019-09-04 02:52:02,131 [main] INFO  ozone.HddsDatanodeService (HddsDatanodeService.java:start(184)) - HddsDatanodeService host:pr-hdds-1571-zhvv9-3536733312 ip:192.168.69.105
2019-09-04 02:52:02,133 [Datanode State Machine Thread - 0] INFO  datanode.InitDatanodeState (InitDatanodeState.java:persistContainerDatanodeDetails(140)) - DatanodeDetails is persisted to /workdir/hadoop-ozone/integration-test/target/test-dir/MiniOzoneClusterImpl-3bb735bc-39a8-4554-8887-bfbd0a1de759/datanode-1/meta/datanode.id
2019-09-04 02:52:02,141 [main] INFO  volume.HddsVolume (HddsVolume.java:<init>(176)) - Creating Volume: /workdir/hadoop-ozone/integration-test/target/test-dir/MiniOzoneClusterImpl-3bb735bc-39a8-4554-8887-bfbd0a1de759/datanode-2/data/containers/hdds of  storage type : DISK and capacity : 1482555576320
2019-09-04 02:52:02,141 [main] INFO  volume.VolumeSet (VolumeSet.java:initializeVolumeSet(170)) - Added Volume : /workdir/hadoop-ozone/integration-test/target/test-dir/MiniOzoneClusterImpl-3bb735bc-39a8-4554-8887-bfbd0a1de759/datanode-2/data/containers/hdds to VolumeSet
2019-09-04 02:52:02,141 [main] INFO  volume.ThrottledAsyncChecker (ThrottledAsyncChecker.java:schedule(140)) - Scheduling a check for org.apache.hadoop.ozone.container.common.volume.HddsVolume@6870e039
2019-09-04 02:52:02,142 [main] INFO  volume.HddsVolumeChecker (HddsVolumeChecker.java:checkAllVolumes(203)) - Scheduled health check for volume org.apache.hadoop.ozone.container.common.volume.HddsVolume@6870e039
2019-09-04 02:52:02,155 [main] INFO  impl.RaftServerProxy (ConfUtils.java:logGet(43)) - raft.rpc.type = GRPC (default)
2019-09-04 02:52:02,155 [main] INFO  grpc.GrpcFactory (GrpcFactory.java:checkPooledByteBufAllocatorUseCacheForAllThreads(45)) - PERFORMANCE WARNING: useCacheForAllThreads is true that may cause Netty to create a lot garbage objects and, as a result, trigger GC.
	It is recommended to disable useCacheForAllThreads by setting -Dorg.apache.ratis.thirdparty.io.netty.allocator.useCacheForAllThreads=false in command line.
2019-09-04 02:52:02,155 [main] INFO  grpc.GrpcConfigKeys$Server (ConfUtils.java:logGet(43)) - raft.grpc.server.port = 0 (default)
2019-09-04 02:52:02,156 [main] INFO  server.GrpcService (ConfUtils.java:logGet(43)) - raft.grpc.message.size.max = 33570816 (custom)
2019-09-04 02:52:02,156 [main] INFO  server.RaftServerConfigKeys (ConfUtils.java:logGet(43)) - raft.server.log.appender.buffer.byte-limit = 33554432 (custom)
2019-09-04 02:52:02,156 [main] INFO  server.GrpcService (ConfUtils.java:logGet(43)) - raft.grpc.flow.control.window = 1MB (=1048576) (default)
2019-09-04 02:52:02,156 [main] INFO  server.RaftServerConfigKeys (ConfUtils.java:logGet(43)) - raft.server.rpc.request.timeout = 3000ms (default)
2019-09-04 02:52:02,157 [main] INFO  server.RaftServerConfigKeys (ConfUtils.java:logGet(43)) - raft.server.storage.dir = [/workdir/hadoop-ozone/integration-test/target/test-dir/MiniOzoneClusterImpl-3bb735bc-39a8-4554-8887-bfbd0a1de759/datanode-2/data/ratis] (custom)
2019-09-04 02:52:02,157 [main] INFO  replication.SimpleContainerDownloader (SimpleContainerDownloader.java:<init>(72)) - Starting container downloader service to copy containers to replicate.
2019-09-04 02:52:02,158 [main] INFO  hdfs.DFSUtil (DFSUtil.java:httpServerTemplateForNNAndJN(1641)) - Starting Web-server for hddsDatanode at: http://0.0.0.0:0
2019-09-04 02:52:02,159 [main] INFO  server.AuthenticationFilter (AuthenticationFilter.java:constructSecretProvider(240)) - Unable to initialize FileSignerSecretProvider, falling back to use random secrets.
2019-09-04 02:52:02,160 [main] WARN  http.HttpRequestLog (HttpRequestLog.java:getRequestLog(97)) - Jetty request log can only be enabled using Log4j
2019-09-04 02:52:02,161 [main] INFO  http.HttpServer2 (HttpServer2.java:addGlobalFilter(975)) - Added global filter 'safety' (class=org.apache.hadoop.http.HttpServer2$QuotingInputFilter)
2019-09-04 02:52:02,162 [main] INFO  http.HttpServer2 (HttpServer2.java:addFilter(948)) - Added filter static_user_filter (class=org.apache.hadoop.http.lib.StaticUserWebFilter$StaticUserFilter) to context hddsDatanode
2019-09-04 02:52:02,162 [main] INFO  http.HttpServer2 (HttpServer2.java:addFilter(958)) - Added filter static_user_filter (class=org.apache.hadoop.http.lib.StaticUserWebFilter$StaticUserFilter) to context static
2019-09-04 02:52:02,162 [main] INFO  http.HttpServer2 (HttpServer2.java:addFilter(958)) - Added filter static_user_filter (class=org.apache.hadoop.http.lib.StaticUserWebFilter$StaticUserFilter) to context logs
2019-09-04 02:52:02,163 [main] INFO  http.HttpServer2 (HttpServer2.java:bindListener(1191)) - Jetty bound to port 37453
2019-09-04 02:52:02,163 [main] INFO  server.Server (Server.java:doStart(351)) - jetty-9.3.24.v20180605, build timestamp: 2018-06-05T17:11:56Z, git hash: 84205aa28f11a4f31f2a3b86d1bba2cc8ab69827
2019-09-04 02:52:02,164 [main] INFO  handler.ContextHandler (ContextHandler.java:doStart(781)) - Started o.e.j.s.ServletContextHandler@4a723adf{/logs,file:///workdir/hadoop-ozone/integration-test/target/log,AVAILABLE}
2019-09-04 02:52:02,165 [main] INFO  handler.ContextHandler (ContextHandler.java:doStart(781)) - Started o.e.j.s.ServletContextHandler@22cbbe87{/static,jar:file:/home/user/.m2/repository/org/apache/hadoop/hadoop-hdds-container-service/0.5.0-SNAPSHOT/hadoop-hdds-container-service-0.5.0-SNAPSHOT.jar!/webapps/static,AVAILABLE}
2019-09-04 02:52:02,192 [main] INFO  handler.ContextHandler (ContextHandler.java:doStart(781)) - Started o.e.j.w.WebAppContext@6921ce3f{/,file:///tmp/jetty-0.0.0.0-37453-hddsDatanode-_-any-2661858111724497809.dir/webapp/,AVAILABLE}{/hddsDatanode}
2019-09-04 02:52:02,193 [main] INFO  server.AbstractConnector (AbstractConnector.java:doStart(278)) - Started ServerConnector@4f1072ee{HTTP/1.1,[http/1.1]}{0.0.0.0:37453}
2019-09-04 02:52:02,193 [main] INFO  server.Server (Server.java:doStart(419)) - Started @542123ms
2019-09-04 02:52:02,195 [main] INFO  server.BaseHttpServer (BaseHttpServer.java:updateConnectorAddress(213)) - HTTP server of HDDSDATANODE is listening at http://0.0.0.0:37453
2019-09-04 02:52:02,636 | INFO  | ObjectStoreRestHttpServer | Listening HDDS REST traffic on /0.0.0.0:39156 |  
2019-09-04 02:52:02,637 [main] INFO  ozone.HddsDatanodeService (HddsDatanodeService.java:startPlugins(395)) - Started plug-in org.apache.hadoop.ozone.web.OzoneHddsDatanodeService@5f65a6d7
2019-09-04 02:52:02,637 [main] INFO  impl.MetricsSystemImpl (MetricsSystemImpl.java:init(158)) - HddsDatanode metrics system started (again)
2019-09-04 02:52:02,646 [org.apache.hadoop.util.JvmPauseMonitor$Monitor@44266e3d] INFO  util.JvmPauseMonitor (JvmPauseMonitor.java:run(188)) - Starting JVM pause monitor
2019-09-04 02:52:02,649 [main] INFO  ozone.HddsDatanodeService (HddsDatanodeService.java:start(184)) - HddsDatanodeService host:pr-hdds-1571-zhvv9-3536733312 ip:192.168.69.105
2019-09-04 02:52:02,653 [Datanode State Machine Thread - 0] INFO  datanode.InitDatanodeState (InitDatanodeState.java:persistContainerDatanodeDetails(140)) - DatanodeDetails is persisted to /workdir/hadoop-ozone/integration-test/target/test-dir/MiniOzoneClusterImpl-3bb735bc-39a8-4554-8887-bfbd0a1de759/datanode-2/meta/datanode.id
2019-09-04 02:52:02,665 [main] INFO  volume.HddsVolume (HddsVolume.java:<init>(176)) - Creating Volume: /workdir/hadoop-ozone/integration-test/target/test-dir/MiniOzoneClusterImpl-3bb735bc-39a8-4554-8887-bfbd0a1de759/datanode-3/data/containers/hdds of  storage type : DISK and capacity : 1482555576320
2019-09-04 02:52:02,665 [main] INFO  volume.VolumeSet (VolumeSet.java:initializeVolumeSet(170)) - Added Volume : /workdir/hadoop-ozone/integration-test/target/test-dir/MiniOzoneClusterImpl-3bb735bc-39a8-4554-8887-bfbd0a1de759/datanode-3/data/containers/hdds to VolumeSet
2019-09-04 02:52:02,666 [main] INFO  volume.ThrottledAsyncChecker (ThrottledAsyncChecker.java:schedule(140)) - Scheduling a check for org.apache.hadoop.ozone.container.common.volume.HddsVolume@3a4e6da6
2019-09-04 02:52:02,666 [main] INFO  volume.HddsVolumeChecker (HddsVolumeChecker.java:checkAllVolumes(203)) - Scheduled health check for volume org.apache.hadoop.ozone.container.common.volume.HddsVolume@3a4e6da6
2019-09-04 02:52:02,689 [main] INFO  impl.RaftServerProxy (ConfUtils.java:logGet(43)) - raft.rpc.type = GRPC (default)
2019-09-04 02:52:02,690 [main] INFO  grpc.GrpcFactory (GrpcFactory.java:checkPooledByteBufAllocatorUseCacheForAllThreads(45)) - PERFORMANCE WARNING: useCacheForAllThreads is true that may cause Netty to create a lot garbage objects and, as a result, trigger GC.
	It is recommended to disable useCacheForAllThreads by setting -Dorg.apache.ratis.thirdparty.io.netty.allocator.useCacheForAllThreads=false in command line.
2019-09-04 02:52:02,690 [main] INFO  grpc.GrpcConfigKeys$Server (ConfUtils.java:logGet(43)) - raft.grpc.server.port = 0 (default)
2019-09-04 02:52:02,690 [main] INFO  server.GrpcService (ConfUtils.java:logGet(43)) - raft.grpc.message.size.max = 33570816 (custom)
2019-09-04 02:52:02,691 [main] INFO  server.RaftServerConfigKeys (ConfUtils.java:logGet(43)) - raft.server.log.appender.buffer.byte-limit = 33554432 (custom)
2019-09-04 02:52:02,691 [main] INFO  server.GrpcService (ConfUtils.java:logGet(43)) - raft.grpc.flow.control.window = 1MB (=1048576) (default)
2019-09-04 02:52:02,691 [main] INFO  server.RaftServerConfigKeys (ConfUtils.java:logGet(43)) - raft.server.rpc.request.timeout = 3000ms (default)
2019-09-04 02:52:02,692 [main] INFO  server.RaftServerConfigKeys (ConfUtils.java:logGet(43)) - raft.server.storage.dir = [/workdir/hadoop-ozone/integration-test/target/test-dir/MiniOzoneClusterImpl-3bb735bc-39a8-4554-8887-bfbd0a1de759/datanode-3/data/ratis] (custom)
2019-09-04 02:52:02,693 [main] INFO  replication.SimpleContainerDownloader (SimpleContainerDownloader.java:<init>(72)) - Starting container downloader service to copy containers to replicate.
2019-09-04 02:52:02,694 [main] INFO  hdfs.DFSUtil (DFSUtil.java:httpServerTemplateForNNAndJN(1641)) - Starting Web-server for hddsDatanode at: http://0.0.0.0:0
2019-09-04 02:52:02,696 [main] INFO  server.AuthenticationFilter (AuthenticationFilter.java:constructSecretProvider(240)) - Unable to initialize FileSignerSecretProvider, falling back to use random secrets.
2019-09-04 02:52:02,697 [main] WARN  http.HttpRequestLog (HttpRequestLog.java:getRequestLog(97)) - Jetty request log can only be enabled using Log4j
2019-09-04 02:52:02,699 [main] INFO  http.HttpServer2 (HttpServer2.java:addGlobalFilter(975)) - Added global filter 'safety' (class=org.apache.hadoop.http.HttpServer2$QuotingInputFilter)
2019-09-04 02:52:02,700 [main] INFO  http.HttpServer2 (HttpServer2.java:addFilter(948)) - Added filter static_user_filter (class=org.apache.hadoop.http.lib.StaticUserWebFilter$StaticUserFilter) to context hddsDatanode
2019-09-04 02:52:02,700 [main] INFO  http.HttpServer2 (HttpServer2.java:addFilter(958)) - Added filter static_user_filter (class=org.apache.hadoop.http.lib.StaticUserWebFilter$StaticUserFilter) to context static
2019-09-04 02:52:02,701 [main] INFO  http.HttpServer2 (HttpServer2.java:addFilter(958)) - Added filter static_user_filter (class=org.apache.hadoop.http.lib.StaticUserWebFilter$StaticUserFilter) to context logs
2019-09-04 02:52:02,704 [main] INFO  http.HttpServer2 (HttpServer2.java:bindListener(1191)) - Jetty bound to port 35072
2019-09-04 02:52:02,705 [main] INFO  server.Server (Server.java:doStart(351)) - jetty-9.3.24.v20180605, build timestamp: 2018-06-05T17:11:56Z, git hash: 84205aa28f11a4f31f2a3b86d1bba2cc8ab69827
2019-09-04 02:52:02,707 [main] INFO  handler.ContextHandler (ContextHandler.java:doStart(781)) - Started o.e.j.s.ServletContextHandler@5599f22f{/logs,file:///workdir/hadoop-ozone/integration-test/target/log,AVAILABLE}
2019-09-04 02:52:02,708 [main] INFO  handler.ContextHandler (ContextHandler.java:doStart(781)) - Started o.e.j.s.ServletContextHandler@7baf7a9d{/static,jar:file:/home/user/.m2/repository/org/apache/hadoop/hadoop-hdds-container-service/0.5.0-SNAPSHOT/hadoop-hdds-container-service-0.5.0-SNAPSHOT.jar!/webapps/static,AVAILABLE}
2019-09-04 02:52:02,748 [main] INFO  handler.ContextHandler (ContextHandler.java:doStart(781)) - Started o.e.j.w.WebAppContext@3285c141{/,file:///tmp/jetty-0.0.0.0-35072-hddsDatanode-_-any-1504576459541511533.dir/webapp/,AVAILABLE}{/hddsDatanode}
2019-09-04 02:52:02,748 [main] INFO  server.AbstractConnector (AbstractConnector.java:doStart(278)) - Started ServerConnector@440d45c5{HTTP/1.1,[http/1.1]}{0.0.0.0:35072}
2019-09-04 02:52:02,748 [main] INFO  server.Server (Server.java:doStart(419)) - Started @542678ms
2019-09-04 02:52:02,750 [main] INFO  server.BaseHttpServer (BaseHttpServer.java:updateConnectorAddress(213)) - HTTP server of HDDSDATANODE is listening at http://0.0.0.0:35072
2019-09-04 02:52:02,912 | INFO  | ObjectStoreRestHttpServer | Listening HDDS REST traffic on /0.0.0.0:34732 |  
2019-09-04 02:52:02,912 [main] INFO  ozone.HddsDatanodeService (HddsDatanodeService.java:startPlugins(395)) - Started plug-in org.apache.hadoop.ozone.web.OzoneHddsDatanodeService@291fba9
2019-09-04 02:52:02,913 [main] INFO  impl.MetricsSystemImpl (MetricsSystemImpl.java:init(158)) - HddsDatanode metrics system started (again)
2019-09-04 02:52:02,917 [org.apache.hadoop.util.JvmPauseMonitor$Monitor@2c3d0680] INFO  util.JvmPauseMonitor (JvmPauseMonitor.java:run(188)) - Starting JVM pause monitor
2019-09-04 02:52:02,918 [main] INFO  ozone.HddsDatanodeService (HddsDatanodeService.java:start(184)) - HddsDatanodeService host:pr-hdds-1571-zhvv9-3536733312 ip:192.168.69.105
2019-09-04 02:52:02,919 [Datanode State Machine Thread - 0] INFO  datanode.InitDatanodeState (InitDatanodeState.java:persistContainerDatanodeDetails(140)) - DatanodeDetails is persisted to /workdir/hadoop-ozone/integration-test/target/test-dir/MiniOzoneClusterImpl-3bb735bc-39a8-4554-8887-bfbd0a1de759/datanode-3/meta/datanode.id
2019-09-04 02:52:02,931 [main] INFO  volume.HddsVolume (HddsVolume.java:<init>(176)) - Creating Volume: /workdir/hadoop-ozone/integration-test/target/test-dir/MiniOzoneClusterImpl-3bb735bc-39a8-4554-8887-bfbd0a1de759/datanode-4/data/containers/hdds of  storage type : DISK and capacity : 1482555576320
2019-09-04 02:52:02,932 [main] INFO  volume.VolumeSet (VolumeSet.java:initializeVolumeSet(170)) - Added Volume : /workdir/hadoop-ozone/integration-test/target/test-dir/MiniOzoneClusterImpl-3bb735bc-39a8-4554-8887-bfbd0a1de759/datanode-4/data/containers/hdds to VolumeSet
2019-09-04 02:52:02,932 [main] INFO  volume.ThrottledAsyncChecker (ThrottledAsyncChecker.java:schedule(140)) - Scheduling a check for org.apache.hadoop.ozone.container.common.volume.HddsVolume@7671c02d
2019-09-04 02:52:02,933 [main] INFO  volume.HddsVolumeChecker (HddsVolumeChecker.java:checkAllVolumes(203)) - Scheduled health check for volume org.apache.hadoop.ozone.container.common.volume.HddsVolume@7671c02d
2019-09-04 02:52:02,950 [main] INFO  impl.RaftServerProxy (ConfUtils.java:logGet(43)) - raft.rpc.type = GRPC (default)
2019-09-04 02:52:02,950 [main] INFO  grpc.GrpcFactory (GrpcFactory.java:checkPooledByteBufAllocatorUseCacheForAllThreads(45)) - PERFORMANCE WARNING: useCacheForAllThreads is true that may cause Netty to create a lot garbage objects and, as a result, trigger GC.
	It is recommended to disable useCacheForAllThreads by setting -Dorg.apache.ratis.thirdparty.io.netty.allocator.useCacheForAllThreads=false in command line.
2019-09-04 02:52:02,951 [main] INFO  grpc.GrpcConfigKeys$Server (ConfUtils.java:logGet(43)) - raft.grpc.server.port = 0 (default)
2019-09-04 02:52:02,951 [main] INFO  server.GrpcService (ConfUtils.java:logGet(43)) - raft.grpc.message.size.max = 33570816 (custom)
2019-09-04 02:52:02,951 [main] INFO  server.RaftServerConfigKeys (ConfUtils.java:logGet(43)) - raft.server.log.appender.buffer.byte-limit = 33554432 (custom)
2019-09-04 02:52:02,951 [main] INFO  server.GrpcService (ConfUtils.java:logGet(43)) - raft.grpc.flow.control.window = 1MB (=1048576) (default)
2019-09-04 02:52:02,951 [main] INFO  server.RaftServerConfigKeys (ConfUtils.java:logGet(43)) - raft.server.rpc.request.timeout = 3000ms (default)
2019-09-04 02:52:02,952 [main] INFO  server.RaftServerConfigKeys (ConfUtils.java:logGet(43)) - raft.server.storage.dir = [/workdir/hadoop-ozone/integration-test/target/test-dir/MiniOzoneClusterImpl-3bb735bc-39a8-4554-8887-bfbd0a1de759/datanode-4/data/ratis] (custom)
2019-09-04 02:52:02,952 [main] INFO  replication.SimpleContainerDownloader (SimpleContainerDownloader.java:<init>(72)) - Starting container downloader service to copy containers to replicate.
2019-09-04 02:52:02,954 [main] INFO  hdfs.DFSUtil (DFSUtil.java:httpServerTemplateForNNAndJN(1641)) - Starting Web-server for hddsDatanode at: http://0.0.0.0:0
2019-09-04 02:52:02,956 [main] INFO  server.AuthenticationFilter (AuthenticationFilter.java:constructSecretProvider(240)) - Unable to initialize FileSignerSecretProvider, falling back to use random secrets.
2019-09-04 02:52:02,956 [main] WARN  http.HttpRequestLog (HttpRequestLog.java:getRequestLog(97)) - Jetty request log can only be enabled using Log4j
2019-09-04 02:52:02,958 [main] INFO  http.HttpServer2 (HttpServer2.java:addGlobalFilter(975)) - Added global filter 'safety' (class=org.apache.hadoop.http.HttpServer2$QuotingInputFilter)
2019-09-04 02:52:02,959 [main] INFO  http.HttpServer2 (HttpServer2.java:addFilter(948)) - Added filter static_user_filter (class=org.apache.hadoop.http.lib.StaticUserWebFilter$StaticUserFilter) to context hddsDatanode
2019-09-04 02:52:02,959 [main] INFO  http.HttpServer2 (HttpServer2.java:addFilter(958)) - Added filter static_user_filter (class=org.apache.hadoop.http.lib.StaticUserWebFilter$StaticUserFilter) to context static
2019-09-04 02:52:02,959 [main] INFO  http.HttpServer2 (HttpServer2.java:addFilter(958)) - Added filter static_user_filter (class=org.apache.hadoop.http.lib.StaticUserWebFilter$StaticUserFilter) to context logs
2019-09-04 02:52:02,960 [main] INFO  http.HttpServer2 (HttpServer2.java:bindListener(1191)) - Jetty bound to port 33999
2019-09-04 02:52:02,960 [main] INFO  server.Server (Server.java:doStart(351)) - jetty-9.3.24.v20180605, build timestamp: 2018-06-05T17:11:56Z, git hash: 84205aa28f11a4f31f2a3b86d1bba2cc8ab69827
2019-09-04 02:52:02,962 [main] INFO  handler.ContextHandler (ContextHandler.java:doStart(781)) - Started o.e.j.s.ServletContextHandler@13553828{/logs,file:///workdir/hadoop-ozone/integration-test/target/log,AVAILABLE}
2019-09-04 02:52:02,963 [main] INFO  handler.ContextHandler (ContextHandler.java:doStart(781)) - Started o.e.j.s.ServletContextHandler@55fb9e52{/static,jar:file:/home/user/.m2/repository/org/apache/hadoop/hadoop-hdds-container-service/0.5.0-SNAPSHOT/hadoop-hdds-container-service-0.5.0-SNAPSHOT.jar!/webapps/static,AVAILABLE}
2019-09-04 02:52:03,001 [main] INFO  handler.ContextHandler (ContextHandler.java:doStart(781)) - Started o.e.j.w.WebAppContext@18ac2dfe{/,file:///tmp/jetty-0.0.0.0-33999-hddsDatanode-_-any-29150345114840358.dir/webapp/,AVAILABLE}{/hddsDatanode}
2019-09-04 02:52:03,001 [main] INFO  server.AbstractConnector (AbstractConnector.java:doStart(278)) - Started ServerConnector@761d679f{HTTP/1.1,[http/1.1]}{0.0.0.0:33999}
2019-09-04 02:52:03,002 [main] INFO  server.Server (Server.java:doStart(419)) - Started @542933ms
2019-09-04 02:52:03,003 [main] INFO  server.BaseHttpServer (BaseHttpServer.java:updateConnectorAddress(213)) - HTTP server of HDDSDATANODE is listening at http://0.0.0.0:33999
2019-09-04 02:52:03,162 | INFO  | ObjectStoreRestHttpServer | Listening HDDS REST traffic on /0.0.0.0:42884 |  
2019-09-04 02:52:03,162 [main] INFO  ozone.HddsDatanodeService (HddsDatanodeService.java:startPlugins(395)) - Started plug-in org.apache.hadoop.ozone.web.OzoneHddsDatanodeService@5ce593bc
2019-09-04 02:52:03,163 [main] INFO  impl.MetricsSystemImpl (MetricsSystemImpl.java:init(158)) - HddsDatanode metrics system started (again)
2019-09-04 02:52:03,167 [org.apache.hadoop.util.JvmPauseMonitor$Monitor@7319a06a] INFO  util.JvmPauseMonitor (JvmPauseMonitor.java:run(188)) - Starting JVM pause monitor
2019-09-04 02:52:03,168 [main] INFO  ozone.HddsDatanodeService (HddsDatanodeService.java:start(184)) - HddsDatanodeService host:pr-hdds-1571-zhvv9-3536733312 ip:192.168.69.105
2019-09-04 02:52:03,169 [Datanode State Machine Thread - 0] INFO  datanode.InitDatanodeState (InitDatanodeState.java:persistContainerDatanodeDetails(140)) - DatanodeDetails is persisted to /workdir/hadoop-ozone/integration-test/target/test-dir/MiniOzoneClusterImpl-3bb735bc-39a8-4554-8887-bfbd0a1de759/datanode-4/meta/datanode.id
2019-09-04 02:52:03,181 [main] INFO  volume.HddsVolume (HddsVolume.java:<init>(176)) - Creating Volume: /workdir/hadoop-ozone/integration-test/target/test-dir/MiniOzoneClusterImpl-3bb735bc-39a8-4554-8887-bfbd0a1de759/datanode-5/data/containers/hdds of  storage type : DISK and capacity : 1482555576320
2019-09-04 02:52:03,181 [main] INFO  volume.VolumeSet (VolumeSet.java:initializeVolumeSet(170)) - Added Volume : /workdir/hadoop-ozone/integration-test/target/test-dir/MiniOzoneClusterImpl-3bb735bc-39a8-4554-8887-bfbd0a1de759/datanode-5/data/containers/hdds to VolumeSet
2019-09-04 02:52:03,181 [main] INFO  volume.ThrottledAsyncChecker (ThrottledAsyncChecker.java:schedule(140)) - Scheduling a check for org.apache.hadoop.ozone.container.common.volume.HddsVolume@19b7852b
2019-09-04 02:52:03,182 [main] INFO  volume.HddsVolumeChecker (HddsVolumeChecker.java:checkAllVolumes(203)) - Scheduled health check for volume org.apache.hadoop.ozone.container.common.volume.HddsVolume@19b7852b
2019-09-04 02:52:03,203 [main] INFO  impl.RaftServerProxy (ConfUtils.java:logGet(43)) - raft.rpc.type = GRPC (default)
2019-09-04 02:52:03,203 [main] INFO  grpc.GrpcFactory (GrpcFactory.java:checkPooledByteBufAllocatorUseCacheForAllThreads(45)) - PERFORMANCE WARNING: useCacheForAllThreads is true that may cause Netty to create a lot garbage objects and, as a result, trigger GC.
	It is recommended to disable useCacheForAllThreads by setting -Dorg.apache.ratis.thirdparty.io.netty.allocator.useCacheForAllThreads=false in command line.
2019-09-04 02:52:03,203 [main] INFO  grpc.GrpcConfigKeys$Server (ConfUtils.java:logGet(43)) - raft.grpc.server.port = 0 (default)
2019-09-04 02:52:03,203 [main] INFO  server.GrpcService (ConfUtils.java:logGet(43)) - raft.grpc.message.size.max = 33570816 (custom)
2019-09-04 02:52:03,203 [main] INFO  server.RaftServerConfigKeys (ConfUtils.java:logGet(43)) - raft.server.log.appender.buffer.byte-limit = 33554432 (custom)
2019-09-04 02:52:03,204 [main] INFO  server.GrpcService (ConfUtils.java:logGet(43)) - raft.grpc.flow.control.window = 1MB (=1048576) (default)
2019-09-04 02:52:03,204 [main] INFO  server.RaftServerConfigKeys (ConfUtils.java:logGet(43)) - raft.server.rpc.request.timeout = 3000ms (default)
2019-09-04 02:52:03,204 [main] INFO  server.RaftServerConfigKeys (ConfUtils.java:logGet(43)) - raft.server.storage.dir = [/workdir/hadoop-ozone/integration-test/target/test-dir/MiniOzoneClusterImpl-3bb735bc-39a8-4554-8887-bfbd0a1de759/datanode-5/data/ratis] (custom)
2019-09-04 02:52:03,205 [main] INFO  replication.SimpleContainerDownloader (SimpleContainerDownloader.java:<init>(72)) - Starting container downloader service to copy containers to replicate.
2019-09-04 02:52:03,206 [main] INFO  hdfs.DFSUtil (DFSUtil.java:httpServerTemplateForNNAndJN(1641)) - Starting Web-server for hddsDatanode at: http://0.0.0.0:0
2019-09-04 02:52:03,208 [main] INFO  server.AuthenticationFilter (AuthenticationFilter.java:constructSecretProvider(240)) - Unable to initialize FileSignerSecretProvider, falling back to use random secrets.
2019-09-04 02:52:03,209 [main] WARN  http.HttpRequestLog (HttpRequestLog.java:getRequestLog(97)) - Jetty request log can only be enabled using Log4j
2019-09-04 02:52:03,211 [main] INFO  http.HttpServer2 (HttpServer2.java:addGlobalFilter(975)) - Added global filter 'safety' (class=org.apache.hadoop.http.HttpServer2$QuotingInputFilter)
2019-09-04 02:52:03,212 [main] INFO  http.HttpServer2 (HttpServer2.java:addFilter(948)) - Added filter static_user_filter (class=org.apache.hadoop.http.lib.StaticUserWebFilter$StaticUserFilter) to context hddsDatanode
2019-09-04 02:52:03,212 [main] INFO  http.HttpServer2 (HttpServer2.java:addFilter(958)) - Added filter static_user_filter (class=org.apache.hadoop.http.lib.StaticUserWebFilter$StaticUserFilter) to context static
2019-09-04 02:52:03,213 [main] INFO  http.HttpServer2 (HttpServer2.java:addFilter(958)) - Added filter static_user_filter (class=org.apache.hadoop.http.lib.StaticUserWebFilter$StaticUserFilter) to context logs
2019-09-04 02:52:03,213 [main] INFO  http.HttpServer2 (HttpServer2.java:bindListener(1191)) - Jetty bound to port 33543
2019-09-04 02:52:03,214 [main] INFO  server.Server (Server.java:doStart(351)) - jetty-9.3.24.v20180605, build timestamp: 2018-06-05T17:11:56Z, git hash: 84205aa28f11a4f31f2a3b86d1bba2cc8ab69827
2019-09-04 02:52:03,216 [main] INFO  handler.ContextHandler (ContextHandler.java:doStart(781)) - Started o.e.j.s.ServletContextHandler@4158b72f{/logs,file:///workdir/hadoop-ozone/integration-test/target/log,AVAILABLE}
2019-09-04 02:52:03,217 [main] INFO  handler.ContextHandler (ContextHandler.java:doStart(781)) - Started o.e.j.s.ServletContextHandler@5c1605e2{/static,jar:file:/home/user/.m2/repository/org/apache/hadoop/hadoop-hdds-container-service/0.5.0-SNAPSHOT/hadoop-hdds-container-service-0.5.0-SNAPSHOT.jar!/webapps/static,AVAILABLE}
2019-09-04 02:52:03,255 [main] INFO  handler.ContextHandler (ContextHandler.java:doStart(781)) - Started o.e.j.w.WebAppContext@4fd2b418{/,file:///tmp/jetty-0.0.0.0-33543-hddsDatanode-_-any-7510595365020343852.dir/webapp/,AVAILABLE}{/hddsDatanode}
2019-09-04 02:52:03,256 [main] INFO  server.AbstractConnector (AbstractConnector.java:doStart(278)) - Started ServerConnector@dd5ea90{HTTP/1.1,[http/1.1]}{0.0.0.0:33543}
2019-09-04 02:52:03,257 [main] INFO  server.Server (Server.java:doStart(419)) - Started @543187ms
2019-09-04 02:52:03,258 [main] INFO  server.BaseHttpServer (BaseHttpServer.java:updateConnectorAddress(213)) - HTTP server of HDDSDATANODE is listening at http://0.0.0.0:33543
2019-09-04 02:52:03,395 | INFO  | ObjectStoreRestHttpServer | Listening HDDS REST traffic on /0.0.0.0:42835 |  
2019-09-04 02:52:03,395 [main] INFO  ozone.HddsDatanodeService (HddsDatanodeService.java:startPlugins(395)) - Started plug-in org.apache.hadoop.ozone.web.OzoneHddsDatanodeService@24f8ff82
2019-09-04 02:52:03,396 [main] INFO  impl.MetricsSystemImpl (MetricsSystemImpl.java:init(158)) - HddsDatanode metrics system started (again)
2019-09-04 02:52:03,400 [org.apache.hadoop.util.JvmPauseMonitor$Monitor@50b5c3c5] INFO  util.JvmPauseMonitor (JvmPauseMonitor.java:run(188)) - Starting JVM pause monitor
2019-09-04 02:52:03,400 [main] INFO  ozone.HddsDatanodeService (HddsDatanodeService.java:start(184)) - HddsDatanodeService host:pr-hdds-1571-zhvv9-3536733312 ip:192.168.69.105
2019-09-04 02:52:03,402 [Datanode State Machine Thread - 0] INFO  datanode.InitDatanodeState (InitDatanodeState.java:persistContainerDatanodeDetails(140)) - DatanodeDetails is persisted to /workdir/hadoop-ozone/integration-test/target/test-dir/MiniOzoneClusterImpl-3bb735bc-39a8-4554-8887-bfbd0a1de759/datanode-5/meta/datanode.id
2019-09-04 02:52:03,412 [main] INFO  volume.HddsVolume (HddsVolume.java:<init>(176)) - Creating Volume: /workdir/hadoop-ozone/integration-test/target/test-dir/MiniOzoneClusterImpl-3bb735bc-39a8-4554-8887-bfbd0a1de759/datanode-6/data/containers/hdds of  storage type : DISK and capacity : 1482555576320
2019-09-04 02:52:03,413 [main] INFO  volume.VolumeSet (VolumeSet.java:initializeVolumeSet(170)) - Added Volume : /workdir/hadoop-ozone/integration-test/target/test-dir/MiniOzoneClusterImpl-3bb735bc-39a8-4554-8887-bfbd0a1de759/datanode-6/data/containers/hdds to VolumeSet
2019-09-04 02:52:03,413 [main] INFO  volume.ThrottledAsyncChecker (ThrottledAsyncChecker.java:schedule(140)) - Scheduling a check for org.apache.hadoop.ozone.container.common.volume.HddsVolume@6b174aa3
2019-09-04 02:52:03,413 [main] INFO  volume.HddsVolumeChecker (HddsVolumeChecker.java:checkAllVolumes(203)) - Scheduled health check for volume org.apache.hadoop.ozone.container.common.volume.HddsVolume@6b174aa3
2019-09-04 02:52:03,429 [main] INFO  impl.RaftServerProxy (ConfUtils.java:logGet(43)) - raft.rpc.type = GRPC (default)
2019-09-04 02:52:03,430 [main] INFO  grpc.GrpcFactory (GrpcFactory.java:checkPooledByteBufAllocatorUseCacheForAllThreads(45)) - PERFORMANCE WARNING: useCacheForAllThreads is true that may cause Netty to create a lot garbage objects and, as a result, trigger GC.
	It is recommended to disable useCacheForAllThreads by setting -Dorg.apache.ratis.thirdparty.io.netty.allocator.useCacheForAllThreads=false in command line.
2019-09-04 02:52:03,430 [main] INFO  grpc.GrpcConfigKeys$Server (ConfUtils.java:logGet(43)) - raft.grpc.server.port = 0 (default)
2019-09-04 02:52:03,430 [main] INFO  server.GrpcService (ConfUtils.java:logGet(43)) - raft.grpc.message.size.max = 33570816 (custom)
2019-09-04 02:52:03,431 [main] INFO  server.RaftServerConfigKeys (ConfUtils.java:logGet(43)) - raft.server.log.appender.buffer.byte-limit = 33554432 (custom)
2019-09-04 02:52:03,431 [main] INFO  server.GrpcService (ConfUtils.java:logGet(43)) - raft.grpc.flow.control.window = 1MB (=1048576) (default)
2019-09-04 02:52:03,431 [main] INFO  server.RaftServerConfigKeys (ConfUtils.java:logGet(43)) - raft.server.rpc.request.timeout = 3000ms (default)
2019-09-04 02:52:03,432 [main] INFO  server.RaftServerConfigKeys (ConfUtils.java:logGet(43)) - raft.server.storage.dir = [/workdir/hadoop-ozone/integration-test/target/test-dir/MiniOzoneClusterImpl-3bb735bc-39a8-4554-8887-bfbd0a1de759/datanode-6/data/ratis] (custom)
2019-09-04 02:52:03,432 [main] INFO  replication.SimpleContainerDownloader (SimpleContainerDownloader.java:<init>(72)) - Starting container downloader service to copy containers to replicate.
2019-09-04 02:52:03,435 [main] INFO  hdfs.DFSUtil (DFSUtil.java:httpServerTemplateForNNAndJN(1641)) - Starting Web-server for hddsDatanode at: http://0.0.0.0:0
2019-09-04 02:52:03,438 [main] INFO  server.AuthenticationFilter (AuthenticationFilter.java:constructSecretProvider(240)) - Unable to initialize FileSignerSecretProvider, falling back to use random secrets.
2019-09-04 02:52:03,439 [main] WARN  http.HttpRequestLog (HttpRequestLog.java:getRequestLog(97)) - Jetty request log can only be enabled using Log4j
2019-09-04 02:52:03,442 [main] INFO  http.HttpServer2 (HttpServer2.java:addGlobalFilter(975)) - Added global filter 'safety' (class=org.apache.hadoop.http.HttpServer2$QuotingInputFilter)
2019-09-04 02:52:03,443 [main] INFO  http.HttpServer2 (HttpServer2.java:addFilter(948)) - Added filter static_user_filter (class=org.apache.hadoop.http.lib.StaticUserWebFilter$StaticUserFilter) to context hddsDatanode
2019-09-04 02:52:03,443 [main] INFO  http.HttpServer2 (HttpServer2.java:addFilter(958)) - Added filter static_user_filter (class=org.apache.hadoop.http.lib.StaticUserWebFilter$StaticUserFilter) to context logs
2019-09-04 02:52:03,443 [main] INFO  http.HttpServer2 (HttpServer2.java:addFilter(958)) - Added filter static_user_filter (class=org.apache.hadoop.http.lib.StaticUserWebFilter$StaticUserFilter) to context static
2019-09-04 02:52:03,444 [main] INFO  http.HttpServer2 (HttpServer2.java:bindListener(1191)) - Jetty bound to port 33996
2019-09-04 02:52:03,445 [main] INFO  server.Server (Server.java:doStart(351)) - jetty-9.3.24.v20180605, build timestamp: 2018-06-05T17:11:56Z, git hash: 84205aa28f11a4f31f2a3b86d1bba2cc8ab69827
2019-09-04 02:52:03,447 [main] INFO  handler.ContextHandler (ContextHandler.java:doStart(781)) - Started o.e.j.s.ServletContextHandler@12d76643{/logs,file:///workdir/hadoop-ozone/integration-test/target/log,AVAILABLE}
2019-09-04 02:52:03,447 [main] INFO  handler.ContextHandler (ContextHandler.java:doStart(781)) - Started o.e.j.s.ServletContextHandler@19266ca3{/static,jar:file:/home/user/.m2/repository/org/apache/hadoop/hadoop-hdds-container-service/0.5.0-SNAPSHOT/hadoop-hdds-container-service-0.5.0-SNAPSHOT.jar!/webapps/static,AVAILABLE}
2019-09-04 02:52:03,498 [main] INFO  handler.ContextHandler (ContextHandler.java:doStart(781)) - Started o.e.j.w.WebAppContext@10ef09e3{/,file:///tmp/jetty-0.0.0.0-33996-hddsDatanode-_-any-6769066933615464603.dir/webapp/,AVAILABLE}{/hddsDatanode}
2019-09-04 02:52:03,498 [main] INFO  server.AbstractConnector (AbstractConnector.java:doStart(278)) - Started ServerConnector@776d50d6{HTTP/1.1,[http/1.1]}{0.0.0.0:33996}
2019-09-04 02:52:03,503 [main] INFO  server.Server (Server.java:doStart(419)) - Started @543434ms
2019-09-04 02:52:03,504 [main] INFO  server.BaseHttpServer (BaseHttpServer.java:updateConnectorAddress(213)) - HTTP server of HDDSDATANODE is listening at http://0.0.0.0:33996
2019-09-04 02:52:03,645 | INFO  | ObjectStoreRestHttpServer | Listening HDDS REST traffic on /0.0.0.0:38881 |  
2019-09-04 02:52:03,645 [main] INFO  ozone.HddsDatanodeService (HddsDatanodeService.java:startPlugins(395)) - Started plug-in org.apache.hadoop.ozone.web.OzoneHddsDatanodeService@214fe287
2019-09-04 02:52:03,646 [main] INFO  ozone.MiniOzoneClusterImpl (MiniOzoneClusterImpl.java:lambda$waitForClusterToBeReady$0(142)) - Waiting for cluster to be ready. Got 0 of 7 DN Heartbeats.
2019-09-04 02:52:03,647 [org.apache.hadoop.util.JvmPauseMonitor$Monitor@1c1349ba] INFO  util.JvmPauseMonitor (JvmPauseMonitor.java:run(188)) - Starting JVM pause monitor
2019-09-04 02:52:03,648 [Datanode State Machine Thread - 0] INFO  datanode.InitDatanodeState (InitDatanodeState.java:persistContainerDatanodeDetails(140)) - DatanodeDetails is persisted to /workdir/hadoop-ozone/integration-test/target/test-dir/MiniOzoneClusterImpl-3bb735bc-39a8-4554-8887-bfbd0a1de759/datanode-6/meta/datanode.id
2019-09-04 02:52:03,948 | INFO  | SCMAudit | user=jenkins1000 | ip=192.168.69.105 | op=GET_VERSION null | ret=SUCCESS |  
2019-09-04 02:52:03,973 [Datanode State Machine Thread - 0] INFO  ozoneimpl.OzoneContainer (OzoneContainer.java:start(186)) - Attempting to start container services.
2019-09-04 02:52:03,974 [Datanode State Machine Thread - 0] INFO  ozoneimpl.OzoneContainer (OzoneContainer.java:startContainerScrub(160)) - Background container scrubber has been disabled by hdds.containerscrub.enabled
2019-09-04 02:52:03,974 [Datanode State Machine Thread - 0] INFO  ratis.XceiverServerRatis (XceiverServerRatis.java:start(404)) - Starting XceiverServerRatis 154d8629-f136-4e53-aadf-9bd077e86354 at port 0
2019-09-04 02:52:03,981 [Datanode State Machine Thread - 0] INFO  impl.RaftServerProxy (RaftServerProxy.java:lambda$start$3(299)) - 154d8629-f136-4e53-aadf-9bd077e86354: start RPC server
2019-09-04 02:52:03,983 [Datanode State Machine Thread - 0] INFO  server.GrpcService (GrpcService.java:startImpl(149)) - 154d8629-f136-4e53-aadf-9bd077e86354: GrpcService started, listening on 0.0.0.0/0.0.0.0:40610
2019-09-04 02:52:03,983 [Datanode State Machine Thread - 0] INFO  ratis.XceiverServerRatis (XceiverServerRatis.java:start(414)) - XceiverServerRatis 154d8629-f136-4e53-aadf-9bd077e86354 is started using port 40610
2019-09-04 02:52:03,984 [Datanode State Machine Thread - 0] INFO  server.XceiverServerGrpc (XceiverServerGrpc.java:start(163)) - XceiverServerGrpc 154d8629-f136-4e53-aadf-9bd077e86354 is started using port 33152
2019-09-04 02:52:04,132 | INFO  | SCMAudit | user=jenkins1000 | ip=192.168.69.105 | op=GET_VERSION null | ret=SUCCESS |  
2019-09-04 02:52:04,167 [Datanode State Machine Thread - 0] INFO  ozoneimpl.OzoneContainer (OzoneContainer.java:start(186)) - Attempting to start container services.
2019-09-04 02:52:04,167 [Datanode State Machine Thread - 0] INFO  ozoneimpl.OzoneContainer (OzoneContainer.java:startContainerScrub(160)) - Background container scrubber has been disabled by hdds.containerscrub.enabled
2019-09-04 02:52:04,168 [Datanode State Machine Thread - 0] INFO  ratis.XceiverServerRatis (XceiverServerRatis.java:start(404)) - Starting XceiverServerRatis dce5e157-40d9-4523-b22e-1358f0218fe7 at port 0
2019-09-04 02:52:04,180 [Datanode State Machine Thread - 0] INFO  impl.RaftServerProxy (RaftServerProxy.java:lambda$start$3(299)) - dce5e157-40d9-4523-b22e-1358f0218fe7: start RPC server
2019-09-04 02:52:04,181 [Datanode State Machine Thread - 0] INFO  server.GrpcService (GrpcService.java:startImpl(149)) - dce5e157-40d9-4523-b22e-1358f0218fe7: GrpcService started, listening on 0.0.0.0/0.0.0.0:38536
2019-09-04 02:52:04,181 [Datanode State Machine Thread - 0] INFO  ratis.XceiverServerRatis (XceiverServerRatis.java:start(414)) - XceiverServerRatis dce5e157-40d9-4523-b22e-1358f0218fe7 is started using port 38536
2019-09-04 02:52:04,181 [Datanode State Machine Thread - 0] INFO  server.XceiverServerGrpc (XceiverServerGrpc.java:start(163)) - XceiverServerGrpc dce5e157-40d9-4523-b22e-1358f0218fe7 is started using port 39488
2019-09-04 02:52:04,645 | INFO  | SCMAudit | user=jenkins1000 | ip=192.168.69.105 | op=GET_VERSION null | ret=SUCCESS |  
2019-09-04 02:52:04,646 [main] INFO  ozone.MiniOzoneClusterImpl (MiniOzoneClusterImpl.java:lambda$waitForClusterToBeReady$0(142)) - Waiting for cluster to be ready. Got 0 of 7 DN Heartbeats.
2019-09-04 02:52:04,673 [Datanode State Machine Thread - 0] INFO  ozoneimpl.OzoneContainer (OzoneContainer.java:start(186)) - Attempting to start container services.
2019-09-04 02:52:04,674 [Datanode State Machine Thread - 0] INFO  ozoneimpl.OzoneContainer (OzoneContainer.java:startContainerScrub(160)) - Background container scrubber has been disabled by hdds.containerscrub.enabled
2019-09-04 02:52:04,674 [Datanode State Machine Thread - 0] INFO  ratis.XceiverServerRatis (XceiverServerRatis.java:start(404)) - Starting XceiverServerRatis b1e4c1b6-3c4e-42d0-bbe8-a94c9c1f6655 at port 0
2019-09-04 02:52:04,684 [Datanode State Machine Thread - 0] INFO  impl.RaftServerProxy (RaftServerProxy.java:lambda$start$3(299)) - b1e4c1b6-3c4e-42d0-bbe8-a94c9c1f6655: start RPC server
2019-09-04 02:52:04,685 [Datanode State Machine Thread - 0] INFO  server.GrpcService (GrpcService.java:startImpl(149)) - b1e4c1b6-3c4e-42d0-bbe8-a94c9c1f6655: GrpcService started, listening on 0.0.0.0/0.0.0.0:40763
2019-09-04 02:52:04,685 [Datanode State Machine Thread - 0] INFO  ratis.XceiverServerRatis (XceiverServerRatis.java:start(414)) - XceiverServerRatis b1e4c1b6-3c4e-42d0-bbe8-a94c9c1f6655 is started using port 40763
2019-09-04 02:52:04,686 [Datanode State Machine Thread - 0] INFO  server.XceiverServerGrpc (XceiverServerGrpc.java:start(163)) - XceiverServerGrpc b1e4c1b6-3c4e-42d0-bbe8-a94c9c1f6655 is started using port 35560
2019-09-04 02:52:04,918 | INFO  | SCMAudit | user=jenkins1000 | ip=192.168.69.105 | op=GET_VERSION null | ret=SUCCESS |  
2019-09-04 02:52:04,959 [Datanode State Machine Thread - 0] INFO  ozoneimpl.OzoneContainer (OzoneContainer.java:start(186)) - Attempting to start container services.
2019-09-04 02:52:04,959 [Datanode State Machine Thread - 0] INFO  ozoneimpl.OzoneContainer (OzoneContainer.java:startContainerScrub(160)) - Background container scrubber has been disabled by hdds.containerscrub.enabled
2019-09-04 02:52:04,959 [Datanode State Machine Thread - 0] INFO  ratis.XceiverServerRatis (XceiverServerRatis.java:start(404)) - Starting XceiverServerRatis 52e0c0e6-3dc5-428d-bf4a-8d3652f6b397 at port 0
2019-09-04 02:52:04,971 [Datanode State Machine Thread - 0] INFO  impl.RaftServerProxy (RaftServerProxy.java:lambda$start$3(299)) - 52e0c0e6-3dc5-428d-bf4a-8d3652f6b397: start RPC server
2019-09-04 02:52:04,972 [Datanode State Machine Thread - 0] INFO  server.GrpcService (GrpcService.java:startImpl(149)) - 52e0c0e6-3dc5-428d-bf4a-8d3652f6b397: GrpcService started, listening on 0.0.0.0/0.0.0.0:45677
2019-09-04 02:52:04,972 [Datanode State Machine Thread - 0] INFO  ratis.XceiverServerRatis (XceiverServerRatis.java:start(414)) - XceiverServerRatis 52e0c0e6-3dc5-428d-bf4a-8d3652f6b397 is started using port 45677
2019-09-04 02:52:04,973 [Datanode State Machine Thread - 0] INFO  server.XceiverServerGrpc (XceiverServerGrpc.java:start(163)) - XceiverServerGrpc 52e0c0e6-3dc5-428d-bf4a-8d3652f6b397 is started using port 38826
2019-09-04 02:52:05,167 | INFO  | SCMAudit | user=jenkins1000 | ip=192.168.69.105 | op=GET_VERSION null | ret=SUCCESS |  
2019-09-04 02:52:05,191 [Datanode State Machine Thread - 0] INFO  ozoneimpl.OzoneContainer (OzoneContainer.java:start(186)) - Attempting to start container services.
2019-09-04 02:52:05,191 [Datanode State Machine Thread - 0] INFO  ozoneimpl.OzoneContainer (OzoneContainer.java:startContainerScrub(160)) - Background container scrubber has been disabled by hdds.containerscrub.enabled
2019-09-04 02:52:05,191 [Datanode State Machine Thread - 0] INFO  ratis.XceiverServerRatis (XceiverServerRatis.java:start(404)) - Starting XceiverServerRatis dc9e03c0-8020-4c07-86bb-8ce93298a35b at port 0
2019-09-04 02:52:05,201 [Datanode State Machine Thread - 0] INFO  impl.RaftServerProxy (RaftServerProxy.java:lambda$start$3(299)) - dc9e03c0-8020-4c07-86bb-8ce93298a35b: start RPC server
2019-09-04 02:52:05,202 [Datanode State Machine Thread - 0] INFO  server.GrpcService (GrpcService.java:startImpl(149)) - dc9e03c0-8020-4c07-86bb-8ce93298a35b: GrpcService started, listening on 0.0.0.0/0.0.0.0:33654
2019-09-04 02:52:05,202 [Datanode State Machine Thread - 0] INFO  ratis.XceiverServerRatis (XceiverServerRatis.java:start(414)) - XceiverServerRatis dc9e03c0-8020-4c07-86bb-8ce93298a35b is started using port 33654
2019-09-04 02:52:05,203 [Datanode State Machine Thread - 0] INFO  server.XceiverServerGrpc (XceiverServerGrpc.java:start(163)) - XceiverServerGrpc dc9e03c0-8020-4c07-86bb-8ce93298a35b is started using port 38941
2019-09-04 02:52:05,401 | INFO  | SCMAudit | user=jenkins1000 | ip=192.168.69.105 | op=GET_VERSION null | ret=SUCCESS |  
2019-09-04 02:52:05,425 [Datanode State Machine Thread - 0] INFO  ozoneimpl.OzoneContainer (OzoneContainer.java:start(186)) - Attempting to start container services.
2019-09-04 02:52:05,426 [Datanode State Machine Thread - 0] INFO  ozoneimpl.OzoneContainer (OzoneContainer.java:startContainerScrub(160)) - Background container scrubber has been disabled by hdds.containerscrub.enabled
2019-09-04 02:52:05,426 [Datanode State Machine Thread - 0] INFO  ratis.XceiverServerRatis (XceiverServerRatis.java:start(404)) - Starting XceiverServerRatis fa558e8a-2244-404c-aea9-82357d9e09e8 at port 0
2019-09-04 02:52:05,434 [Datanode State Machine Thread - 0] INFO  impl.RaftServerProxy (RaftServerProxy.java:lambda$start$3(299)) - fa558e8a-2244-404c-aea9-82357d9e09e8: start RPC server
2019-09-04 02:52:05,435 [Datanode State Machine Thread - 0] INFO  server.GrpcService (GrpcService.java:startImpl(149)) - fa558e8a-2244-404c-aea9-82357d9e09e8: GrpcService started, listening on 0.0.0.0/0.0.0.0:33838
2019-09-04 02:52:05,435 [Datanode State Machine Thread - 0] INFO  ratis.XceiverServerRatis (XceiverServerRatis.java:start(414)) - XceiverServerRatis fa558e8a-2244-404c-aea9-82357d9e09e8 is started using port 33838
2019-09-04 02:52:05,438 [Datanode State Machine Thread - 0] INFO  server.XceiverServerGrpc (XceiverServerGrpc.java:start(163)) - XceiverServerGrpc fa558e8a-2244-404c-aea9-82357d9e09e8 is started using port 45857
2019-09-04 02:52:05,647 [main] INFO  ozone.MiniOzoneClusterImpl (MiniOzoneClusterImpl.java:lambda$waitForClusterToBeReady$0(142)) - Waiting for cluster to be ready. Got 0 of 7 DN Heartbeats.
2019-09-04 02:52:05,648 | INFO  | SCMAudit | user=jenkins1000 | ip=192.168.69.105 | op=GET_VERSION null | ret=SUCCESS |  
2019-09-04 02:52:05,671 [Datanode State Machine Thread - 0] INFO  ozoneimpl.OzoneContainer (OzoneContainer.java:start(186)) - Attempting to start container services.
2019-09-04 02:52:05,672 [Datanode State Machine Thread - 0] INFO  ozoneimpl.OzoneContainer (OzoneContainer.java:startContainerScrub(160)) - Background container scrubber has been disabled by hdds.containerscrub.enabled
2019-09-04 02:52:05,672 [Datanode State Machine Thread - 0] INFO  ratis.XceiverServerRatis (XceiverServerRatis.java:start(404)) - Starting XceiverServerRatis 286cf2fc-8844-46ee-9444-4b1ba8aaca71 at port 0
2019-09-04 02:52:05,681 [Datanode State Machine Thread - 0] INFO  impl.RaftServerProxy (RaftServerProxy.java:lambda$start$3(299)) - 286cf2fc-8844-46ee-9444-4b1ba8aaca71: start RPC server
2019-09-04 02:52:05,682 [Datanode State Machine Thread - 0] INFO  server.GrpcService (GrpcService.java:startImpl(149)) - 286cf2fc-8844-46ee-9444-4b1ba8aaca71: GrpcService started, listening on 0.0.0.0/0.0.0.0:40418
2019-09-04 02:52:05,682 [Datanode State Machine Thread - 0] INFO  ratis.XceiverServerRatis (XceiverServerRatis.java:start(414)) - XceiverServerRatis 286cf2fc-8844-46ee-9444-4b1ba8aaca71 is started using port 40418
2019-09-04 02:52:05,685 [Datanode State Machine Thread - 0] INFO  server.XceiverServerGrpc (XceiverServerGrpc.java:start(163)) - XceiverServerGrpc 286cf2fc-8844-46ee-9444-4b1ba8aaca71 is started using port 42551
2019-09-04 02:52:05,942 [IPC Server handler 1 on 40834] INFO  net.NetworkTopology (NetworkTopologyImpl.java:add(110)) - Added a new node: /default-rack/154d8629-f136-4e53-aadf-9bd077e86354
2019-09-04 02:52:05,945 [IPC Server handler 1 on 40834] INFO  node.SCMNodeManager (SCMNodeManager.java:register(273)) - Registered Data node : 154d8629-f136-4e53-aadf-9bd077e86354{ip: 192.168.69.105, host: pr-hdds-1571-zhvv9-3536733312, networkLocation: /default-rack, certSerialId: null}
2019-09-04 02:52:05,946 [EventQueue-NodeRegistrationContainerReportForDataNodeSafeModeRule] INFO  safemode.SCMSafeModeManager (DataNodeSafeModeRule.java:process(71)) - SCM in safe mode. 1 DataNodes registered, 1 required.
2019-09-04 02:52:05,947 | INFO  | SCMAudit | user=jenkins1000 | ip=192.168.69.105 | op=REGISTER {datanodeDetails=154d8629-f136-4e53-aadf-9bd077e86354{ip: 192.168.69.105, host: pr-hdds-1571-zhvv9-3536733312, networkLocation: /default-rack, certSerialId: null}} | ret=SUCCESS |  
2019-09-04 02:52:05,949 [EventQueue-NodeRegistrationContainerReportForDataNodeSafeModeRule] INFO  safemode.SCMSafeModeManager (SCMSafeModeManager.java:validateSafeModeExitRules(177)) - ScmSafeModeManager, all rules are successfully validated
2019-09-04 02:52:05,949 [EventQueue-NodeRegistrationContainerReportForDataNodeSafeModeRule] INFO  safemode.SCMSafeModeManager (SCMSafeModeManager.java:exitSafeMode(193)) - SCM exiting safe mode.
2019-09-04 02:52:05,971 [grpc-default-executor-5] INFO  impl.RaftServerProxy (RaftServerProxy.java:addNew(89)) - 154d8629-f136-4e53-aadf-9bd077e86354: addNew group-5711B9F3B564:[154d8629-f136-4e53-aadf-9bd077e86354:192.168.69.105:40610] returns group-5711B9F3B564:java.util.concurrent.CompletableFuture@63889d1b[Not completed]
2019-09-04 02:52:05,973 [pool-439-thread-1] INFO  impl.RaftServerImpl (RaftServerImpl.java:<init>(93)) - 154d8629-f136-4e53-aadf-9bd077e86354: new RaftServerImpl for group-5711B9F3B564:[154d8629-f136-4e53-aadf-9bd077e86354:192.168.69.105:40610] with ContainerStateMachine:uninitialized
2019-09-04 02:52:05,973 [pool-439-thread-1] INFO  server.RaftServerConfigKeys (ConfUtils.java:logGet(43)) - raft.server.rpc.timeout.min = 5s (custom)
2019-09-04 02:52:05,973 [pool-439-thread-1] INFO  server.RaftServerConfigKeys (ConfUtils.java:logGet(43)) - raft.server.rpc.timeout.max = 5200ms (custom)
2019-09-04 02:52:05,973 [pool-439-thread-1] INFO  server.RaftServerConfigKeys (ConfUtils.java:logGet(43)) - raft.server.rpcslowness.timeout = 120s (custom)
2019-09-04 02:52:05,973 [pool-439-thread-1] INFO  server.RaftServerConfigKeys (ConfUtils.java:logGet(43)) - raft.server.sleep.deviation.threshold = 300 (default)
2019-09-04 02:52:05,974 [pool-439-thread-1] INFO  server.RaftServerConfigKeys (ConfUtils.java:logGet(43)) - raft.server.log.appender.install.snapshot.enabled = false (custom)
2019-09-04 02:52:05,974 [pool-439-thread-1] INFO  impl.RaftServerImpl (ServerState.java:<init>(105)) - 154d8629-f136-4e53-aadf-9bd077e86354:group-5711B9F3B564 ConfigurationManager, init=-1: [154d8629-f136-4e53-aadf-9bd077e86354:192.168.69.105:40610], old=null, confs=<EMPTY_MAP>
2019-09-04 02:52:05,974 [pool-439-thread-1] INFO  server.RaftServerConfigKeys (ConfUtils.java:logGet(43)) - raft.server.storage.dir = [/workdir/hadoop-ozone/integration-test/target/test-dir/MiniOzoneClusterImpl-3bb735bc-39a8-4554-8887-bfbd0a1de759/datanode-0/data/ratis] (custom)
2019-09-04 02:52:05,974 [pool-439-thread-1] INFO  storage.RaftStorageDirectory (RaftStorageDirectory.java:analyzeStorage(246)) - The storage directory /workdir/hadoop-ozone/integration-test/target/test-dir/MiniOzoneClusterImpl-3bb735bc-39a8-4554-8887-bfbd0a1de759/datanode-0/data/ratis/0f0f5b2d-3218-4403-b5b3-5711b9f3b564 does not exist. Creating ...
2019-09-04 02:52:05,998 [pool-439-thread-1] INFO  storage.RaftStorageDirectory (RaftStorageDirectory.java:tryLock(328)) - Lock on /workdir/hadoop-ozone/integration-test/target/test-dir/MiniOzoneClusterImpl-3bb735bc-39a8-4554-8887-bfbd0a1de759/datanode-0/data/ratis/0f0f5b2d-3218-4403-b5b3-5711b9f3b564/in_use.lock acquired by nodename 16972@pr-hdds-1571-zhvv9-3536733312
2019-09-04 02:52:06,013 [pool-439-thread-1] INFO  storage.RaftStorage (RaftStorage.java:format(72)) - Storage directory /workdir/hadoop-ozone/integration-test/target/test-dir/MiniOzoneClusterImpl-3bb735bc-39a8-4554-8887-bfbd0a1de759/datanode-0/data/ratis/0f0f5b2d-3218-4403-b5b3-5711b9f3b564 has been successfully formatted.
2019-09-04 02:52:06,013 [pool-439-thread-1] INFO  ratis.ContainerStateMachine (ContainerStateMachine.java:loadSnapshot(226)) - group-5711B9F3B564: The snapshot info is null. Setting the last applied indexto:(t:0, i:~)
2019-09-04 02:52:06,014 [pool-439-thread-1] INFO  server.RaftServerConfigKeys (ConfUtils.java:logGet(43)) - raft.server.leader.election.timeout = 120s (custom)
2019-09-04 02:52:06,014 [pool-439-thread-1] INFO  server.RaftServerConfigKeys (ConfUtils.java:logGet(43)) - raft.server.log.use.memory = false (default)
2019-09-04 02:52:06,014 [pool-439-thread-1] INFO  server.RaftServerConfigKeys (ConfUtils.java:logGet(43)) - raft.server.log.purge.gap = 1000000 (custom)
2019-09-04 02:52:06,015 [pool-439-thread-1] INFO  server.RaftServerConfigKeys (ConfUtils.java:logGet(43)) - raft.server.log.appender.buffer.byte-limit = 33554432 (custom)
2019-09-04 02:52:06,015 [pool-439-thread-1] INFO  server.RaftServerConfigKeys (ConfUtils.java:logGet(43)) - raft.server.log.segment.size.max = 1048576 (custom)
2019-09-04 02:52:06,015 [pool-439-thread-1] INFO  server.RaftServerConfigKeys (ConfUtils.java:logGet(43)) - raft.server.log.segment.cache.num.max = 2 (custom)
2019-09-04 02:52:06,016 [pool-439-thread-1] INFO  segmented.SegmentedRaftLogWorker (SegmentedRaftLogWorker.java:<init>(172)) - new 154d8629-f136-4e53-aadf-9bd077e86354-SegmentedRaftLogWorker:Storage Directory /workdir/hadoop-ozone/integration-test/target/test-dir/MiniOzoneClusterImpl-3bb735bc-39a8-4554-8887-bfbd0a1de759/datanode-0/data/ratis/0f0f5b2d-3218-4403-b5b3-5711b9f3b564 for RaftStorage:Storage Directory /workdir/hadoop-ozone/integration-test/target/test-dir/MiniOzoneClusterImpl-3bb735bc-39a8-4554-8887-bfbd0a1de759/datanode-0/data/ratis/0f0f5b2d-3218-4403-b5b3-5711b9f3b564
2019-09-04 02:52:06,016 [pool-439-thread-1] INFO  server.RaftServerConfigKeys (ConfUtils.java:logGet(43)) - raft.server.log.queue.byte-limit = 2147483647 (custom)
2019-09-04 02:52:06,017 [pool-439-thread-1] INFO  server.RaftServerConfigKeys (ConfUtils.java:logGet(43)) - raft.server.log.queue.element-limit = 1024 (custom)
2019-09-04 02:52:06,017 [pool-439-thread-1] INFO  server.RaftServerConfigKeys (ConfUtils.java:logGet(43)) - raft.server.log.segment.size.max = 1048576 (custom)
2019-09-04 02:52:06,018 [pool-439-thread-1] INFO  server.RaftServerConfigKeys (ConfUtils.java:logGet(43)) - raft.server.log.preallocated.size = 16384 (custom)
2019-09-04 02:52:06,018 [pool-439-thread-1] INFO  server.RaftServerConfigKeys (ConfUtils.java:logGet(43)) - raft.server.log.write.buffer.size = 33554432 (custom)
2019-09-04 02:52:06,018 [pool-439-thread-1] INFO  server.RaftServerConfigKeys (ConfUtils.java:logGet(43)) - raft.server.log.force.sync.num = 128 (default)
2019-09-04 02:52:06,018 [pool-439-thread-1] INFO  server.RaftServerConfigKeys (ConfUtils.java:logGet(43)) - raft.server.log.statemachine.data.sync = true (default)
2019-09-04 02:52:06,019 [pool-439-thread-1] INFO  server.RaftServerConfigKeys (ConfUtils.java:logGet(43)) - raft.server.log.statemachine.data.sync.timeout = 10s (default)
2019-09-04 02:52:06,019 [pool-439-thread-1] INFO  server.RaftServerConfigKeys (ConfUtils.java:logGet(43)) - raft.server.log.statemachine.data.sync.timeout.retry = -1 (default)
2019-09-04 02:52:06,020 [pool-439-thread-1] INFO  server.RaftServerConfigKeys (ConfUtils.java:logGet(43)) - raft.server.log.statemachine.data.caching.enabled = true (custom)
2019-09-04 02:52:06,020 [pool-439-thread-1] INFO  segmented.SegmentedRaftLogWorker (SegmentedRaftLogWorker.java:lambda$new$0(132)) - 154d8629-f136-4e53-aadf-9bd077e86354-SegmentedRaftLogWorker:Storage Directory /workdir/hadoop-ozone/integration-test/target/test-dir/MiniOzoneClusterImpl-3bb735bc-39a8-4554-8887-bfbd0a1de759/datanode-0/data/ratis/0f0f5b2d-3218-4403-b5b3-5711b9f3b564: flushIndex: setUnconditionally 0 -> -1
2019-09-04 02:52:06,021 [pool-439-thread-1] INFO  server.RaftServerConfigKeys (ConfUtils.java:logGet(43)) - raft.server.snapshot.auto.trigger.enabled = true (custom)
2019-09-04 02:52:06,021 [pool-439-thread-1] INFO  server.RaftServerConfigKeys (ConfUtils.java:logGet(43)) - raft.server.snapshot.auto.trigger.threshold = 10000 (custom)
2019-09-04 02:52:06,021 [pool-439-thread-1] INFO  server.RaftServerConfigKeys (ConfUtils.java:logGet(43)) - raft.server.retrycache.expirytime = 600000ms (custom)
2019-09-04 02:52:06,021 [pool-439-thread-1] INFO  impl.RaftServerImpl (RaftServerImpl.java:start(180)) - 154d8629-f136-4e53-aadf-9bd077e86354: start group-5711B9F3B564
2019-09-04 02:52:06,022 [pool-439-thread-1] INFO  impl.RaftServerImpl (RaftServerImpl.java:setRole(171)) - 154d8629-f136-4e53-aadf-9bd077e86354:group-5711B9F3B564 changes role from null to FOLLOWER at term 0 for startAsFollower
2019-09-04 02:52:06,022 [pool-439-thread-1] INFO  impl.RoleInfo (RoleInfo.java:updateAndGet(143)) - 154d8629-f136-4e53-aadf-9bd077e86354: start FollowerState
2019-09-04 02:52:06,023 [pool-439-thread-1] INFO  util.JmxRegister (JmxRegister.java:tryRegister(44)) - Successfully registered JMX Bean with object name Ratis:service=RaftServer,group=group-5711B9F3B564,id=154d8629-f136-4e53-aadf-9bd077e86354
2019-09-04 02:52:06,026 [RatisPipelineUtilsThread] INFO  pipeline.PipelineStateManager (PipelineStateManager.java:addPipeline(56)) - Created pipeline Pipeline[ Id: 0f0f5b2d-3218-4403-b5b3-5711b9f3b564, Nodes: 154d8629-f136-4e53-aadf-9bd077e86354{ip: 192.168.69.105, host: pr-hdds-1571-zhvv9-3536733312, networkLocation: /default-rack, certSerialId: null}, Type:RATIS, Factor:ONE, State:OPEN]
2019-09-04 02:52:06,132 [IPC Server handler 2 on 40834] INFO  net.NetworkTopology (NetworkTopologyImpl.java:add(110)) - Added a new node: /default-rack/dce5e157-40d9-4523-b22e-1358f0218fe7
2019-09-04 02:52:06,132 [IPC Server handler 2 on 40834] INFO  node.SCMNodeManager (SCMNodeManager.java:register(273)) - Registered Data node : dce5e157-40d9-4523-b22e-1358f0218fe7{ip: 192.168.69.105, host: pr-hdds-1571-zhvv9-3536733312, networkLocation: /default-rack, certSerialId: null}
2019-09-04 02:52:06,133 | INFO  | SCMAudit | user=jenkins1000 | ip=192.168.69.105 | op=REGISTER {datanodeDetails=dce5e157-40d9-4523-b22e-1358f0218fe7{ip: 192.168.69.105, host: pr-hdds-1571-zhvv9-3536733312, networkLocation: /default-rack, certSerialId: null}} | ret=SUCCESS |  
2019-09-04 02:52:06,141 [grpc-default-executor-5] INFO  impl.RaftServerProxy (RaftServerProxy.java:addNew(89)) - dce5e157-40d9-4523-b22e-1358f0218fe7: addNew group-61F618D539F3:[dce5e157-40d9-4523-b22e-1358f0218fe7:192.168.69.105:38536] returns group-61F618D539F3:java.util.concurrent.CompletableFuture@2f0d6cca[Not completed]
2019-09-04 02:52:06,142 [pool-450-thread-1] INFO  impl.RaftServerImpl (RaftServerImpl.java:<init>(93)) - dce5e157-40d9-4523-b22e-1358f0218fe7: new RaftServerImpl for group-61F618D539F3:[dce5e157-40d9-4523-b22e-1358f0218fe7:192.168.69.105:38536] with ContainerStateMachine:uninitialized
2019-09-04 02:52:06,143 [pool-450-thread-1] INFO  server.RaftServerConfigKeys (ConfUtils.java:logGet(43)) - raft.server.rpc.timeout.min = 5s (custom)
2019-09-04 02:52:06,143 [pool-450-thread-1] INFO  server.RaftServerConfigKeys (ConfUtils.java:logGet(43)) - raft.server.rpc.timeout.max = 5200ms (custom)
2019-09-04 02:52:06,143 [pool-450-thread-1] INFO  server.RaftServerConfigKeys (ConfUtils.java:logGet(43)) - raft.server.rpcslowness.timeout = 120s (custom)
2019-09-04 02:52:06,143 [pool-450-thread-1] INFO  server.RaftServerConfigKeys (ConfUtils.java:logGet(43)) - raft.server.sleep.deviation.threshold = 300 (default)
2019-09-04 02:52:06,143 [pool-450-thread-1] INFO  server.RaftServerConfigKeys (ConfUtils.java:logGet(43)) - raft.server.log.appender.install.snapshot.enabled = false (custom)
2019-09-04 02:52:06,143 [pool-450-thread-1] INFO  impl.RaftServerImpl (ServerState.java:<init>(105)) - dce5e157-40d9-4523-b22e-1358f0218fe7:group-61F618D539F3 ConfigurationManager, init=-1: [dce5e157-40d9-4523-b22e-1358f0218fe7:192.168.69.105:38536], old=null, confs=<EMPTY_MAP>
2019-09-04 02:52:06,143 [pool-450-thread-1] INFO  server.RaftServerConfigKeys (ConfUtils.java:logGet(43)) - raft.server.storage.dir = [/workdir/hadoop-ozone/integration-test/target/test-dir/MiniOzoneClusterImpl-3bb735bc-39a8-4554-8887-bfbd0a1de759/datanode-1/data/ratis] (custom)
2019-09-04 02:52:06,144 [pool-450-thread-1] INFO  storage.RaftStorageDirectory (RaftStorageDirectory.java:analyzeStorage(246)) - The storage directory /workdir/hadoop-ozone/integration-test/target/test-dir/MiniOzoneClusterImpl-3bb735bc-39a8-4554-8887-bfbd0a1de759/datanode-1/data/ratis/f4c544ca-887f-4c9f-a693-61f618d539f3 does not exist. Creating ...
2019-09-04 02:52:06,182 [pool-450-thread-1] INFO  storage.RaftStorageDirectory (RaftStorageDirectory.java:tryLock(328)) - Lock on /workdir/hadoop-ozone/integration-test/target/test-dir/MiniOzoneClusterImpl-3bb735bc-39a8-4554-8887-bfbd0a1de759/datanode-1/data/ratis/f4c544ca-887f-4c9f-a693-61f618d539f3/in_use.lock acquired by nodename 16972@pr-hdds-1571-zhvv9-3536733312
2019-09-04 02:52:06,208 [pool-450-thread-1] INFO  storage.RaftStorage (RaftStorage.java:format(72)) - Storage directory /workdir/hadoop-ozone/integration-test/target/test-dir/MiniOzoneClusterImpl-3bb735bc-39a8-4554-8887-bfbd0a1de759/datanode-1/data/ratis/f4c544ca-887f-4c9f-a693-61f618d539f3 has been successfully formatted.
2019-09-04 02:52:06,208 [pool-450-thread-1] INFO  ratis.ContainerStateMachine (ContainerStateMachine.java:loadSnapshot(226)) - group-61F618D539F3: The snapshot info is null. Setting the last applied indexto:(t:0, i:~)
2019-09-04 02:52:06,208 [pool-450-thread-1] INFO  server.RaftServerConfigKeys (ConfUtils.java:logGet(43)) - raft.server.leader.election.timeout = 120s (custom)
2019-09-04 02:52:06,208 [pool-450-thread-1] INFO  server.RaftServerConfigKeys (ConfUtils.java:logGet(43)) - raft.server.log.use.memory = false (default)
2019-09-04 02:52:06,209 [pool-450-thread-1] INFO  server.RaftServerConfigKeys (ConfUtils.java:logGet(43)) - raft.server.log.purge.gap = 1000000 (custom)
2019-09-04 02:52:06,209 [pool-450-thread-1] INFO  server.RaftServerConfigKeys (ConfUtils.java:logGet(43)) - raft.server.log.appender.buffer.byte-limit = 33554432 (custom)
2019-09-04 02:52:06,209 [pool-450-thread-1] INFO  server.RaftServerConfigKeys (ConfUtils.java:logGet(43)) - raft.server.log.segment.size.max = 1048576 (custom)
2019-09-04 02:52:06,209 [pool-450-thread-1] INFO  server.RaftServerConfigKeys (ConfUtils.java:logGet(43)) - raft.server.log.segment.cache.num.max = 2 (custom)
2019-09-04 02:52:06,209 [pool-450-thread-1] INFO  segmented.SegmentedRaftLogWorker (SegmentedRaftLogWorker.java:<init>(172)) - new dce5e157-40d9-4523-b22e-1358f0218fe7-SegmentedRaftLogWorker:Storage Directory /workdir/hadoop-ozone/integration-test/target/test-dir/MiniOzoneClusterImpl-3bb735bc-39a8-4554-8887-bfbd0a1de759/datanode-1/data/ratis/f4c544ca-887f-4c9f-a693-61f618d539f3 for RaftStorage:Storage Directory /workdir/hadoop-ozone/integration-test/target/test-dir/MiniOzoneClusterImpl-3bb735bc-39a8-4554-8887-bfbd0a1de759/datanode-1/data/ratis/f4c544ca-887f-4c9f-a693-61f618d539f3
2019-09-04 02:52:06,210 [pool-450-thread-1] INFO  server.RaftServerConfigKeys (ConfUtils.java:logGet(43)) - raft.server.log.queue.byte-limit = 2147483647 (custom)
2019-09-04 02:52:06,210 [pool-450-thread-1] INFO  server.RaftServerConfigKeys (ConfUtils.java:logGet(43)) - raft.server.log.queue.element-limit = 1024 (custom)
2019-09-04 02:52:06,210 [pool-450-thread-1] INFO  server.RaftServerConfigKeys (ConfUtils.java:logGet(43)) - raft.server.log.segment.size.max = 1048576 (custom)
2019-09-04 02:52:06,210 [pool-450-thread-1] INFO  server.RaftServerConfigKeys (ConfUtils.java:logGet(43)) - raft.server.log.preallocated.size = 16384 (custom)
2019-09-04 02:52:06,210 [pool-450-thread-1] INFO  server.RaftServerConfigKeys (ConfUtils.java:logGet(43)) - raft.server.log.write.buffer.size = 33554432 (custom)
2019-09-04 02:52:06,210 [pool-450-thread-1] INFO  server.RaftServerConfigKeys (ConfUtils.java:logGet(43)) - raft.server.log.force.sync.num = 128 (default)
2019-09-04 02:52:06,211 [pool-450-thread-1] INFO  server.RaftServerConfigKeys (ConfUtils.java:logGet(43)) - raft.server.log.statemachine.data.sync = true (default)
2019-09-04 02:52:06,211 [pool-450-thread-1] INFO  server.RaftServerConfigKeys (ConfUtils.java:logGet(43)) - raft.server.log.statemachine.data.sync.timeout = 10s (default)
2019-09-04 02:52:06,211 [pool-450-thread-1] INFO  server.RaftServerConfigKeys (ConfUtils.java:logGet(43)) - raft.server.log.statemachine.data.sync.timeout.retry = -1 (default)
2019-09-04 02:52:06,211 [pool-450-thread-1] INFO  server.RaftServerConfigKeys (ConfUtils.java:logGet(43)) - raft.server.log.statemachine.data.caching.enabled = true (custom)
2019-09-04 02:52:06,212 [pool-450-thread-1] INFO  segmented.SegmentedRaftLogWorker (SegmentedRaftLogWorker.java:lambda$new$0(132)) - dce5e157-40d9-4523-b22e-1358f0218fe7-SegmentedRaftLogWorker:Storage Directory /workdir/hadoop-ozone/integration-test/target/test-dir/MiniOzoneClusterImpl-3bb735bc-39a8-4554-8887-bfbd0a1de759/datanode-1/data/ratis/f4c544ca-887f-4c9f-a693-61f618d539f3: flushIndex: setUnconditionally 0 -> -1
2019-09-04 02:52:06,212 [pool-450-thread-1] INFO  server.RaftServerConfigKeys (ConfUtils.java:logGet(43)) - raft.server.snapshot.auto.trigger.enabled = true (custom)
2019-09-04 02:52:06,212 [pool-450-thread-1] INFO  server.RaftServerConfigKeys (ConfUtils.java:logGet(43)) - raft.server.snapshot.auto.trigger.threshold = 10000 (custom)
2019-09-04 02:52:06,212 [pool-450-thread-1] INFO  server.RaftServerConfigKeys (ConfUtils.java:logGet(43)) - raft.server.retrycache.expirytime = 600000ms (custom)
2019-09-04 02:52:06,213 [pool-450-thread-1] INFO  impl.RaftServerImpl (RaftServerImpl.java:start(180)) - dce5e157-40d9-4523-b22e-1358f0218fe7: start group-61F618D539F3
2019-09-04 02:52:06,213 [pool-450-thread-1] INFO  impl.RaftServerImpl (RaftServerImpl.java:setRole(171)) - dce5e157-40d9-4523-b22e-1358f0218fe7:group-61F618D539F3 changes role from null to FOLLOWER at term 0 for startAsFollower
2019-09-04 02:52:06,213 [pool-450-thread-1] INFO  impl.RoleInfo (RoleInfo.java:updateAndGet(143)) - dce5e157-40d9-4523-b22e-1358f0218fe7: start FollowerState
2019-09-04 02:52:06,213 [pool-450-thread-1] INFO  util.JmxRegister (JmxRegister.java:tryRegister(44)) - Successfully registered JMX Bean with object name Ratis:service=RaftServer,group=group-61F618D539F3,id=dce5e157-40d9-4523-b22e-1358f0218fe7
2019-09-04 02:52:06,216 [RatisPipelineUtilsThread] INFO  pipeline.PipelineStateManager (PipelineStateManager.java:addPipeline(56)) - Created pipeline Pipeline[ Id: f4c544ca-887f-4c9f-a693-61f618d539f3, Nodes: dce5e157-40d9-4523-b22e-1358f0218fe7{ip: 192.168.69.105, host: pr-hdds-1571-zhvv9-3536733312, networkLocation: /default-rack, certSerialId: null}, Type:RATIS, Factor:ONE, State:OPEN]
2019-09-04 02:52:06,644 [IPC Server handler 5 on 40834] INFO  net.NetworkTopology (NetworkTopologyImpl.java:add(110)) - Added a new node: /default-rack/b1e4c1b6-3c4e-42d0-bbe8-a94c9c1f6655
2019-09-04 02:52:06,645 [IPC Server handler 5 on 40834] INFO  node.SCMNodeManager (SCMNodeManager.java:register(273)) - Registered Data node : b1e4c1b6-3c4e-42d0-bbe8-a94c9c1f6655{ip: 192.168.69.105, host: pr-hdds-1571-zhvv9-3536733312, networkLocation: /default-rack, certSerialId: null}
2019-09-04 02:52:06,645 | INFO  | SCMAudit | user=jenkins1000 | ip=192.168.69.105 | op=REGISTER {datanodeDetails=b1e4c1b6-3c4e-42d0-bbe8-a94c9c1f6655{ip: 192.168.69.105, host: pr-hdds-1571-zhvv9-3536733312, networkLocation: /default-rack, certSerialId: null}} | ret=SUCCESS |  
2019-09-04 02:52:06,647 [main] INFO  ozone.MiniOzoneClusterImpl (MiniOzoneClusterImpl.java:lambda$waitForClusterToBeReady$0(142)) - Waiting for cluster to be ready. Got 3 of 7 DN Heartbeats.
2019-09-04 02:52:06,653 [grpc-default-executor-5] INFO  impl.RaftServerProxy (RaftServerProxy.java:addNew(89)) - b1e4c1b6-3c4e-42d0-bbe8-a94c9c1f6655: addNew group-BC1CE0112A3F:[b1e4c1b6-3c4e-42d0-bbe8-a94c9c1f6655:192.168.69.105:40763] returns group-BC1CE0112A3F:java.util.concurrent.CompletableFuture@462ee1f0[Not completed]
2019-09-04 02:52:06,654 [pool-461-thread-1] INFO  impl.RaftServerImpl (RaftServerImpl.java:<init>(93)) - b1e4c1b6-3c4e-42d0-bbe8-a94c9c1f6655: new RaftServerImpl for group-BC1CE0112A3F:[b1e4c1b6-3c4e-42d0-bbe8-a94c9c1f6655:192.168.69.105:40763] with ContainerStateMachine:uninitialized
2019-09-04 02:52:06,655 [pool-461-thread-1] INFO  server.RaftServerConfigKeys (ConfUtils.java:logGet(43)) - raft.server.rpc.timeout.min = 5s (custom)
2019-09-04 02:52:06,655 [pool-461-thread-1] INFO  server.RaftServerConfigKeys (ConfUtils.java:logGet(43)) - raft.server.rpc.timeout.max = 5200ms (custom)
2019-09-04 02:52:06,655 [pool-461-thread-1] INFO  server.RaftServerConfigKeys (ConfUtils.java:logGet(43)) - raft.server.rpcslowness.timeout = 120s (custom)
2019-09-04 02:52:06,655 [pool-461-thread-1] INFO  server.RaftServerConfigKeys (ConfUtils.java:logGet(43)) - raft.server.sleep.deviation.threshold = 300 (default)
2019-09-04 02:52:06,655 [pool-461-thread-1] INFO  server.RaftServerConfigKeys (ConfUtils.java:logGet(43)) - raft.server.log.appender.install.snapshot.enabled = false (custom)
2019-09-04 02:52:06,655 [pool-461-thread-1] INFO  impl.RaftServerImpl (ServerState.java:<init>(105)) - b1e4c1b6-3c4e-42d0-bbe8-a94c9c1f6655:group-BC1CE0112A3F ConfigurationManager, init=-1: [b1e4c1b6-3c4e-42d0-bbe8-a94c9c1f6655:192.168.69.105:40763], old=null, confs=<EMPTY_MAP>
2019-09-04 02:52:06,656 [pool-461-thread-1] INFO  server.RaftServerConfigKeys (ConfUtils.java:logGet(43)) - raft.server.storage.dir = [/workdir/hadoop-ozone/integration-test/target/test-dir/MiniOzoneClusterImpl-3bb735bc-39a8-4554-8887-bfbd0a1de759/datanode-2/data/ratis] (custom)
2019-09-04 02:52:06,656 [pool-461-thread-1] INFO  storage.RaftStorageDirectory (RaftStorageDirectory.java:analyzeStorage(246)) - The storage directory /workdir/hadoop-ozone/integration-test/target/test-dir/MiniOzoneClusterImpl-3bb735bc-39a8-4554-8887-bfbd0a1de759/datanode-2/data/ratis/4fd200c8-e765-49f2-ad3a-bc1ce0112a3f does not exist. Creating ...
2019-09-04 02:52:06,683 [pool-461-thread-1] INFO  storage.RaftStorageDirectory (RaftStorageDirectory.java:tryLock(328)) - Lock on /workdir/hadoop-ozone/integration-test/target/test-dir/MiniOzoneClusterImpl-3bb735bc-39a8-4554-8887-bfbd0a1de759/datanode-2/data/ratis/4fd200c8-e765-49f2-ad3a-bc1ce0112a3f/in_use.lock acquired by nodename 16972@pr-hdds-1571-zhvv9-3536733312
2019-09-04 02:52:06,709 [pool-461-thread-1] INFO  storage.RaftStorage (RaftStorage.java:format(72)) - Storage directory /workdir/hadoop-ozone/integration-test/target/test-dir/MiniOzoneClusterImpl-3bb735bc-39a8-4554-8887-bfbd0a1de759/datanode-2/data/ratis/4fd200c8-e765-49f2-ad3a-bc1ce0112a3f has been successfully formatted.
2019-09-04 02:52:06,709 [pool-461-thread-1] INFO  ratis.ContainerStateMachine (ContainerStateMachine.java:loadSnapshot(226)) - group-BC1CE0112A3F: The snapshot info is null. Setting the last applied indexto:(t:0, i:~)
2019-09-04 02:52:06,709 [pool-461-thread-1] INFO  server.RaftServerConfigKeys (ConfUtils.java:logGet(43)) - raft.server.leader.election.timeout = 120s (custom)
2019-09-04 02:52:06,709 [pool-461-thread-1] INFO  server.RaftServerConfigKeys (ConfUtils.java:logGet(43)) - raft.server.log.use.memory = false (default)
2019-09-04 02:52:06,709 [pool-461-thread-1] INFO  server.RaftServerConfigKeys (ConfUtils.java:logGet(43)) - raft.server.log.purge.gap = 1000000 (custom)
2019-09-04 02:52:06,709 [pool-461-thread-1] INFO  server.RaftServerConfigKeys (ConfUtils.java:logGet(43)) - raft.server.log.appender.buffer.byte-limit = 33554432 (custom)
2019-09-04 02:52:06,710 [pool-461-thread-1] INFO  server.RaftServerConfigKeys (ConfUtils.java:logGet(43)) - raft.server.log.segment.size.max = 1048576 (custom)
2019-09-04 02:52:06,710 [pool-461-thread-1] INFO  server.RaftServerConfigKeys (ConfUtils.java:logGet(43)) - raft.server.log.segment.cache.num.max = 2 (custom)
2019-09-04 02:52:06,710 [pool-461-thread-1] INFO  segmented.SegmentedRaftLogWorker (SegmentedRaftLogWorker.java:<init>(172)) - new b1e4c1b6-3c4e-42d0-bbe8-a94c9c1f6655-SegmentedRaftLogWorker:Storage Directory /workdir/hadoop-ozone/integration-test/target/test-dir/MiniOzoneClusterImpl-3bb735bc-39a8-4554-8887-bfbd0a1de759/datanode-2/data/ratis/4fd200c8-e765-49f2-ad3a-bc1ce0112a3f for RaftStorage:Storage Directory /workdir/hadoop-ozone/integration-test/target/test-dir/MiniOzoneClusterImpl-3bb735bc-39a8-4554-8887-bfbd0a1de759/datanode-2/data/ratis/4fd200c8-e765-49f2-ad3a-bc1ce0112a3f
2019-09-04 02:52:06,710 [pool-461-thread-1] INFO  server.RaftServerConfigKeys (ConfUtils.java:logGet(43)) - raft.server.log.queue.byte-limit = 2147483647 (custom)
2019-09-04 02:52:06,710 [pool-461-thread-1] INFO  server.RaftServerConfigKeys (ConfUtils.java:logGet(43)) - raft.server.log.queue.element-limit = 1024 (custom)
2019-09-04 02:52:06,711 [pool-461-thread-1] INFO  server.RaftServerConfigKeys (ConfUtils.java:logGet(43)) - raft.server.log.segment.size.max = 1048576 (custom)
2019-09-04 02:52:06,711 [pool-461-thread-1] INFO  server.RaftServerConfigKeys (ConfUtils.java:logGet(43)) - raft.server.log.preallocated.size = 16384 (custom)
2019-09-04 02:52:06,711 [pool-461-thread-1] INFO  server.RaftServerConfigKeys (ConfUtils.java:logGet(43)) - raft.server.log.write.buffer.size = 33554432 (custom)
2019-09-04 02:52:06,711 [pool-461-thread-1] INFO  server.RaftServerConfigKeys (ConfUtils.java:logGet(43)) - raft.server.log.force.sync.num = 128 (default)
2019-09-04 02:52:06,711 [pool-461-thread-1] INFO  server.RaftServerConfigKeys (ConfUtils.java:logGet(43)) - raft.server.log.statemachine.data.sync = true (default)
2019-09-04 02:52:06,711 [pool-461-thread-1] INFO  server.RaftServerConfigKeys (ConfUtils.java:logGet(43)) - raft.server.log.statemachine.data.sync.timeout = 10s (default)
2019-09-04 02:52:06,712 [pool-461-thread-1] INFO  server.RaftServerConfigKeys (ConfUtils.java:logGet(43)) - raft.server.log.statemachine.data.sync.timeout.retry = -1 (default)
2019-09-04 02:52:06,712 [pool-461-thread-1] INFO  server.RaftServerConfigKeys (ConfUtils.java:logGet(43)) - raft.server.log.statemachine.data.caching.enabled = true (custom)
2019-09-04 02:52:06,712 [pool-461-thread-1] INFO  segmented.SegmentedRaftLogWorker (SegmentedRaftLogWorker.java:lambda$new$0(132)) - b1e4c1b6-3c4e-42d0-bbe8-a94c9c1f6655-SegmentedRaftLogWorker:Storage Directory /workdir/hadoop-ozone/integration-test/target/test-dir/MiniOzoneClusterImpl-3bb735bc-39a8-4554-8887-bfbd0a1de759/datanode-2/data/ratis/4fd200c8-e765-49f2-ad3a-bc1ce0112a3f: flushIndex: setUnconditionally 0 -> -1
2019-09-04 02:52:06,713 [pool-461-thread-1] INFO  server.RaftServerConfigKeys (ConfUtils.java:logGet(43)) - raft.server.snapshot.auto.trigger.enabled = true (custom)
2019-09-04 02:52:06,713 [pool-461-thread-1] INFO  server.RaftServerConfigKeys (ConfUtils.java:logGet(43)) - raft.server.snapshot.auto.trigger.threshold = 10000 (custom)
2019-09-04 02:52:06,713 [pool-461-thread-1] INFO  server.RaftServerConfigKeys (ConfUtils.java:logGet(43)) - raft.server.retrycache.expirytime = 600000ms (custom)
2019-09-04 02:52:06,713 [pool-461-thread-1] INFO  impl.RaftServerImpl (RaftServerImpl.java:start(180)) - b1e4c1b6-3c4e-42d0-bbe8-a94c9c1f6655: start group-BC1CE0112A3F
2019-09-04 02:52:06,713 [pool-461-thread-1] INFO  impl.RaftServerImpl (RaftServerImpl.java:setRole(171)) - b1e4c1b6-3c4e-42d0-bbe8-a94c9c1f6655:group-BC1CE0112A3F changes role from null to FOLLOWER at term 0 for startAsFollower
2019-09-04 02:52:06,713 [pool-461-thread-1] INFO  impl.RoleInfo (RoleInfo.java:updateAndGet(143)) - b1e4c1b6-3c4e-42d0-bbe8-a94c9c1f6655: start FollowerState
2019-09-04 02:52:06,714 [pool-461-thread-1] INFO  util.JmxRegister (JmxRegister.java:tryRegister(44)) - Successfully registered JMX Bean with object name Ratis:service=RaftServer,group=group-BC1CE0112A3F,id=b1e4c1b6-3c4e-42d0-bbe8-a94c9c1f6655
2019-09-04 02:52:06,716 [RatisPipelineUtilsThread] INFO  pipeline.PipelineStateManager (PipelineStateManager.java:addPipeline(56)) - Created pipeline Pipeline[ Id: 4fd200c8-e765-49f2-ad3a-bc1ce0112a3f, Nodes: b1e4c1b6-3c4e-42d0-bbe8-a94c9c1f6655{ip: 192.168.69.105, host: pr-hdds-1571-zhvv9-3536733312, networkLocation: /default-rack, certSerialId: null}, Type:RATIS, Factor:ONE, State:OPEN]
2019-09-04 02:52:06,730 [grpc-default-executor-0] INFO  impl.RaftServerProxy (RaftServerProxy.java:addNew(89)) - b1e4c1b6-3c4e-42d0-bbe8-a94c9c1f6655: addNew group-806C3156DE83:[dce5e157-40d9-4523-b22e-1358f0218fe7:192.168.69.105:38536, b1e4c1b6-3c4e-42d0-bbe8-a94c9c1f6655:192.168.69.105:40763, 154d8629-f136-4e53-aadf-9bd077e86354:192.168.69.105:40610] returns group-806C3156DE83:java.util.concurrent.CompletableFuture@514934c5[Not completed]
2019-09-04 02:52:06,731 [grpc-default-executor-6] INFO  impl.RaftServerProxy (RaftServerProxy.java:addNew(89)) - 154d8629-f136-4e53-aadf-9bd077e86354: addNew group-806C3156DE83:[dce5e157-40d9-4523-b22e-1358f0218fe7:192.168.69.105:38536, b1e4c1b6-3c4e-42d0-bbe8-a94c9c1f6655:192.168.69.105:40763, 154d8629-f136-4e53-aadf-9bd077e86354:192.168.69.105:40610] returns group-806C3156DE83:java.util.concurrent.CompletableFuture@1947a925[Not completed]
2019-09-04 02:52:06,731 [grpc-default-executor-6] INFO  impl.RaftServerProxy (RaftServerProxy.java:addNew(89)) - dce5e157-40d9-4523-b22e-1358f0218fe7: addNew group-806C3156DE83:[dce5e157-40d9-4523-b22e-1358f0218fe7:192.168.69.105:38536, b1e4c1b6-3c4e-42d0-bbe8-a94c9c1f6655:192.168.69.105:40763, 154d8629-f136-4e53-aadf-9bd077e86354:192.168.69.105:40610] returns group-806C3156DE83:java.util.concurrent.CompletableFuture@7d8f90c8[Not completed]
2019-09-04 02:52:06,732 [pool-461-thread-1] INFO  impl.RaftServerImpl (RaftServerImpl.java:<init>(93)) - b1e4c1b6-3c4e-42d0-bbe8-a94c9c1f6655: new RaftServerImpl for group-806C3156DE83:[dce5e157-40d9-4523-b22e-1358f0218fe7:192.168.69.105:38536, b1e4c1b6-3c4e-42d0-bbe8-a94c9c1f6655:192.168.69.105:40763, 154d8629-f136-4e53-aadf-9bd077e86354:192.168.69.105:40610] with ContainerStateMachine:uninitialized
2019-09-04 02:52:06,732 [pool-461-thread-1] INFO  server.RaftServerConfigKeys (ConfUtils.java:logGet(43)) - raft.server.rpc.timeout.min = 5s (custom)
2019-09-04 02:52:06,732 [pool-461-thread-1] INFO  server.RaftServerConfigKeys (ConfUtils.java:logGet(43)) - raft.server.rpc.timeout.max = 5200ms (custom)
2019-09-04 02:52:06,732 [pool-461-thread-1] INFO  server.RaftServerConfigKeys (ConfUtils.java:logGet(43)) - raft.server.rpcslowness.timeout = 120s (custom)
2019-09-04 02:52:06,732 [pool-461-thread-1] INFO  server.RaftServerConfigKeys (ConfUtils.java:logGet(43)) - raft.server.sleep.deviation.threshold = 300 (default)
2019-09-04 02:52:06,732 [pool-461-thread-1] INFO  server.RaftServerConfigKeys (ConfUtils.java:logGet(43)) - raft.server.log.appender.install.snapshot.enabled = false (custom)
2019-09-04 02:52:06,732 [pool-439-thread-1] INFO  impl.RaftServerImpl (RaftServerImpl.java:<init>(93)) - 154d8629-f136-4e53-aadf-9bd077e86354: new RaftServerImpl for group-806C3156DE83:[dce5e157-40d9-4523-b22e-1358f0218fe7:192.168.69.105:38536, b1e4c1b6-3c4e-42d0-bbe8-a94c9c1f6655:192.168.69.105:40763, 154d8629-f136-4e53-aadf-9bd077e86354:192.168.69.105:40610] with ContainerStateMachine:uninitialized
2019-09-04 02:52:06,732 [pool-461-thread-1] INFO  impl.RaftServerImpl (ServerState.java:<init>(105)) - b1e4c1b6-3c4e-42d0-bbe8-a94c9c1f6655:group-806C3156DE83 ConfigurationManager, init=-1: [dce5e157-40d9-4523-b22e-1358f0218fe7:192.168.69.105:38536, b1e4c1b6-3c4e-42d0-bbe8-a94c9c1f6655:192.168.69.105:40763, 154d8629-f136-4e53-aadf-9bd077e86354:192.168.69.105:40610], old=null, confs=<EMPTY_MAP>
2019-09-04 02:52:06,733 [pool-439-thread-1] INFO  server.RaftServerConfigKeys (ConfUtils.java:logGet(43)) - raft.server.rpc.timeout.min = 5s (custom)
2019-09-04 02:52:06,733 [pool-461-thread-1] INFO  server.RaftServerConfigKeys (ConfUtils.java:logGet(43)) - raft.server.storage.dir = [/workdir/hadoop-ozone/integration-test/target/test-dir/MiniOzoneClusterImpl-3bb735bc-39a8-4554-8887-bfbd0a1de759/datanode-2/data/ratis] (custom)
2019-09-04 02:52:06,733 [pool-439-thread-1] INFO  server.RaftServerConfigKeys (ConfUtils.java:logGet(43)) - raft.server.rpc.timeout.max = 5200ms (custom)
2019-09-04 02:52:06,733 [pool-439-thread-1] INFO  server.RaftServerConfigKeys (ConfUtils.java:logGet(43)) - raft.server.rpcslowness.timeout = 120s (custom)
2019-09-04 02:52:06,733 [pool-450-thread-1] INFO  impl.RaftServerImpl (RaftServerImpl.java:<init>(93)) - dce5e157-40d9-4523-b22e-1358f0218fe7: new RaftServerImpl for group-806C3156DE83:[dce5e157-40d9-4523-b22e-1358f0218fe7:192.168.69.105:38536, b1e4c1b6-3c4e-42d0-bbe8-a94c9c1f6655:192.168.69.105:40763, 154d8629-f136-4e53-aadf-9bd077e86354:192.168.69.105:40610] with ContainerStateMachine:uninitialized
2019-09-04 02:52:06,733 [pool-461-thread-1] INFO  storage.RaftStorageDirectory (RaftStorageDirectory.java:analyzeStorage(246)) - The storage directory /workdir/hadoop-ozone/integration-test/target/test-dir/MiniOzoneClusterImpl-3bb735bc-39a8-4554-8887-bfbd0a1de759/datanode-2/data/ratis/69585f61-d2a9-436a-8f53-806c3156de83 does not exist. Creating ...
2019-09-04 02:52:06,733 [pool-439-thread-1] INFO  server.RaftServerConfigKeys (ConfUtils.java:logGet(43)) - raft.server.sleep.deviation.threshold = 300 (default)
2019-09-04 02:52:06,733 [pool-450-thread-1] INFO  server.RaftServerConfigKeys (ConfUtils.java:logGet(43)) - raft.server.rpc.timeout.min = 5s (custom)
2019-09-04 02:52:06,734 [pool-439-thread-1] INFO  server.RaftServerConfigKeys (ConfUtils.java:logGet(43)) - raft.server.log.appender.install.snapshot.enabled = false (custom)
2019-09-04 02:52:06,734 [pool-450-thread-1] INFO  server.RaftServerConfigKeys (ConfUtils.java:logGet(43)) - raft.server.rpc.timeout.max = 5200ms (custom)
2019-09-04 02:52:06,734 [pool-439-thread-1] INFO  impl.RaftServerImpl (ServerState.java:<init>(105)) - 154d8629-f136-4e53-aadf-9bd077e86354:group-806C3156DE83 ConfigurationManager, init=-1: [dce5e157-40d9-4523-b22e-1358f0218fe7:192.168.69.105:38536, b1e4c1b6-3c4e-42d0-bbe8-a94c9c1f6655:192.168.69.105:40763, 154d8629-f136-4e53-aadf-9bd077e86354:192.168.69.105:40610], old=null, confs=<EMPTY_MAP>
2019-09-04 02:52:06,734 [pool-450-thread-1] INFO  server.RaftServerConfigKeys (ConfUtils.java:logGet(43)) - raft.server.rpcslowness.timeout = 120s (custom)
2019-09-04 02:52:06,734 [pool-439-thread-1] INFO  server.RaftServerConfigKeys (ConfUtils.java:logGet(43)) - raft.server.storage.dir = [/workdir/hadoop-ozone/integration-test/target/test-dir/MiniOzoneClusterImpl-3bb735bc-39a8-4554-8887-bfbd0a1de759/datanode-0/data/ratis] (custom)
2019-09-04 02:52:06,734 [pool-450-thread-1] INFO  server.RaftServerConfigKeys (ConfUtils.java:logGet(43)) - raft.server.sleep.deviation.threshold = 300 (default)
2019-09-04 02:52:06,735 [pool-450-thread-1] INFO  server.RaftServerConfigKeys (ConfUtils.java:logGet(43)) - raft.server.log.appender.install.snapshot.enabled = false (custom)
2019-09-04 02:52:06,735 [pool-439-thread-1] INFO  storage.RaftStorageDirectory (RaftStorageDirectory.java:analyzeStorage(246)) - The storage directory /workdir/hadoop-ozone/integration-test/target/test-dir/MiniOzoneClusterImpl-3bb735bc-39a8-4554-8887-bfbd0a1de759/datanode-0/data/ratis/69585f61-d2a9-436a-8f53-806c3156de83 does not exist. Creating ...
2019-09-04 02:52:06,735 [pool-450-thread-1] INFO  impl.RaftServerImpl (ServerState.java:<init>(105)) - dce5e157-40d9-4523-b22e-1358f0218fe7:group-806C3156DE83 ConfigurationManager, init=-1: [dce5e157-40d9-4523-b22e-1358f0218fe7:192.168.69.105:38536, b1e4c1b6-3c4e-42d0-bbe8-a94c9c1f6655:192.168.69.105:40763, 154d8629-f136-4e53-aadf-9bd077e86354:192.168.69.105:40610], old=null, confs=<EMPTY_MAP>
2019-09-04 02:52:06,735 [pool-450-thread-1] INFO  server.RaftServerConfigKeys (ConfUtils.java:logGet(43)) - raft.server.storage.dir = [/workdir/hadoop-ozone/integration-test/target/test-dir/MiniOzoneClusterImpl-3bb735bc-39a8-4554-8887-bfbd0a1de759/datanode-1/data/ratis] (custom)
2019-09-04 02:52:06,736 [pool-450-thread-1] INFO  storage.RaftStorageDirectory (RaftStorageDirectory.java:analyzeStorage(246)) - The storage directory /workdir/hadoop-ozone/integration-test/target/test-dir/MiniOzoneClusterImpl-3bb735bc-39a8-4554-8887-bfbd0a1de759/datanode-1/data/ratis/69585f61-d2a9-436a-8f53-806c3156de83 does not exist. Creating ...
2019-09-04 02:52:06,759 [pool-450-thread-1] INFO  storage.RaftStorageDirectory (RaftStorageDirectory.java:tryLock(328)) - Lock on /workdir/hadoop-ozone/integration-test/target/test-dir/MiniOzoneClusterImpl-3bb735bc-39a8-4554-8887-bfbd0a1de759/datanode-1/data/ratis/69585f61-d2a9-436a-8f53-806c3156de83/in_use.lock acquired by nodename 16972@pr-hdds-1571-zhvv9-3536733312
2019-09-04 02:52:06,759 [pool-439-thread-1] INFO  storage.RaftStorageDirectory (RaftStorageDirectory.java:tryLock(328)) - Lock on /workdir/hadoop-ozone/integration-test/target/test-dir/MiniOzoneClusterImpl-3bb735bc-39a8-4554-8887-bfbd0a1de759/datanode-0/data/ratis/69585f61-d2a9-436a-8f53-806c3156de83/in_use.lock acquired by nodename 16972@pr-hdds-1571-zhvv9-3536733312
2019-09-04 02:52:06,759 [pool-461-thread-1] INFO  storage.RaftStorageDirectory (RaftStorageDirectory.java:tryLock(328)) - Lock on /workdir/hadoop-ozone/integration-test/target/test-dir/MiniOzoneClusterImpl-3bb735bc-39a8-4554-8887-bfbd0a1de759/datanode-2/data/ratis/69585f61-d2a9-436a-8f53-806c3156de83/in_use.lock acquired by nodename 16972@pr-hdds-1571-zhvv9-3536733312
2019-09-04 02:52:06,785 [pool-439-thread-1] INFO  storage.RaftStorage (RaftStorage.java:format(72)) - Storage directory /workdir/hadoop-ozone/integration-test/target/test-dir/MiniOzoneClusterImpl-3bb735bc-39a8-4554-8887-bfbd0a1de759/datanode-0/data/ratis/69585f61-d2a9-436a-8f53-806c3156de83 has been successfully formatted.
2019-09-04 02:52:06,785 [pool-450-thread-1] INFO  storage.RaftStorage (RaftStorage.java:format(72)) - Storage directory /workdir/hadoop-ozone/integration-test/target/test-dir/MiniOzoneClusterImpl-3bb735bc-39a8-4554-8887-bfbd0a1de759/datanode-1/data/ratis/69585f61-d2a9-436a-8f53-806c3156de83 has been successfully formatted.
2019-09-04 02:52:06,785 [pool-461-thread-1] INFO  storage.RaftStorage (RaftStorage.java:format(72)) - Storage directory /workdir/hadoop-ozone/integration-test/target/test-dir/MiniOzoneClusterImpl-3bb735bc-39a8-4554-8887-bfbd0a1de759/datanode-2/data/ratis/69585f61-d2a9-436a-8f53-806c3156de83 has been successfully formatted.
2019-09-04 02:52:06,786 [pool-450-thread-1] INFO  ratis.ContainerStateMachine (ContainerStateMachine.java:loadSnapshot(226)) - group-806C3156DE83: The snapshot info is null. Setting the last applied indexto:(t:0, i:~)
2019-09-04 02:52:06,786 [pool-461-thread-1] INFO  ratis.ContainerStateMachine (ContainerStateMachine.java:loadSnapshot(226)) - group-806C3156DE83: The snapshot info is null. Setting the last applied indexto:(t:0, i:~)
2019-09-04 02:52:06,786 [pool-450-thread-1] INFO  server.RaftServerConfigKeys (ConfUtils.java:logGet(43)) - raft.server.leader.election.timeout = 120s (custom)
2019-09-04 02:52:06,786 [pool-439-thread-1] INFO  ratis.ContainerStateMachine (ContainerStateMachine.java:loadSnapshot(226)) - group-806C3156DE83: The snapshot info is null. Setting the last applied indexto:(t:0, i:~)
2019-09-04 02:52:06,786 [pool-461-thread-1] INFO  server.RaftServerConfigKeys (ConfUtils.java:logGet(43)) - raft.server.leader.election.timeout = 120s (custom)
2019-09-04 02:52:06,786 [pool-439-thread-1] INFO  server.RaftServerConfigKeys (ConfUtils.java:logGet(43)) - raft.server.leader.election.timeout = 120s (custom)
2019-09-04 02:52:06,786 [pool-450-thread-1] INFO  server.RaftServerConfigKeys (ConfUtils.java:logGet(43)) - raft.server.log.use.memory = false (default)
2019-09-04 02:52:06,787 [pool-439-thread-1] INFO  server.RaftServerConfigKeys (ConfUtils.java:logGet(43)) - raft.server.log.use.memory = false (default)
2019-09-04 02:52:06,787 [pool-461-thread-1] INFO  server.RaftServerConfigKeys (ConfUtils.java:logGet(43)) - raft.server.log.use.memory = false (default)
2019-09-04 02:52:06,787 [pool-439-thread-1] INFO  server.RaftServerConfigKeys (ConfUtils.java:logGet(43)) - raft.server.log.purge.gap = 1000000 (custom)
2019-09-04 02:52:06,787 [pool-450-thread-1] INFO  server.RaftServerConfigKeys (ConfUtils.java:logGet(43)) - raft.server.log.purge.gap = 1000000 (custom)
2019-09-04 02:52:06,787 [pool-439-thread-1] INFO  server.RaftServerConfigKeys (ConfUtils.java:logGet(43)) - raft.server.log.appender.buffer.byte-limit = 33554432 (custom)
2019-09-04 02:52:06,787 [pool-461-thread-1] INFO  server.RaftServerConfigKeys (ConfUtils.java:logGet(43)) - raft.server.log.purge.gap = 1000000 (custom)
2019-09-04 02:52:06,788 [pool-439-thread-1] INFO  server.RaftServerConfigKeys (ConfUtils.java:logGet(43)) - raft.server.log.segment.size.max = 1048576 (custom)
2019-09-04 02:52:06,788 [pool-450-thread-1] INFO  server.RaftServerConfigKeys (ConfUtils.java:logGet(43)) - raft.server.log.appender.buffer.byte-limit = 33554432 (custom)
2019-09-04 02:52:06,788 [pool-439-thread-1] INFO  server.RaftServerConfigKeys (ConfUtils.java:logGet(43)) - raft.server.log.segment.cache.num.max = 2 (custom)
2019-09-04 02:52:06,788 [pool-461-thread-1] INFO  server.RaftServerConfigKeys (ConfUtils.java:logGet(43)) - raft.server.log.appender.buffer.byte-limit = 33554432 (custom)
2019-09-04 02:52:06,789 [pool-439-thread-1] INFO  segmented.SegmentedRaftLogWorker (SegmentedRaftLogWorker.java:<init>(172)) - new 154d8629-f136-4e53-aadf-9bd077e86354-SegmentedRaftLogWorker:Storage Directory /workdir/hadoop-ozone/integration-test/target/test-dir/MiniOzoneClusterImpl-3bb735bc-39a8-4554-8887-bfbd0a1de759/datanode-0/data/ratis/69585f61-d2a9-436a-8f53-806c3156de83 for RaftStorage:Storage Directory /workdir/hadoop-ozone/integration-test/target/test-dir/MiniOzoneClusterImpl-3bb735bc-39a8-4554-8887-bfbd0a1de759/datanode-0/data/ratis/69585f61-d2a9-436a-8f53-806c3156de83
2019-09-04 02:52:06,789 [pool-450-thread-1] INFO  server.RaftServerConfigKeys (ConfUtils.java:logGet(43)) - raft.server.log.segment.size.max = 1048576 (custom)
2019-09-04 02:52:06,789 [pool-439-thread-1] INFO  server.RaftServerConfigKeys (ConfUtils.java:logGet(43)) - raft.server.log.queue.byte-limit = 2147483647 (custom)
2019-09-04 02:52:06,789 [pool-461-thread-1] INFO  server.RaftServerConfigKeys (ConfUtils.java:logGet(43)) - raft.server.log.segment.size.max = 1048576 (custom)
2019-09-04 02:52:06,789 [pool-439-thread-1] INFO  server.RaftServerConfigKeys (ConfUtils.java:logGet(43)) - raft.server.log.queue.element-limit = 1024 (custom)
2019-09-04 02:52:06,789 [pool-450-thread-1] INFO  server.RaftServerConfigKeys (ConfUtils.java:logGet(43)) - raft.server.log.segment.cache.num.max = 2 (custom)
2019-09-04 02:52:06,790 [pool-439-thread-1] INFO  server.RaftServerConfigKeys (ConfUtils.java:logGet(43)) - raft.server.log.segment.size.max = 1048576 (custom)
2019-09-04 02:52:06,790 [pool-461-thread-1] INFO  server.RaftServerConfigKeys (ConfUtils.java:logGet(43)) - raft.server.log.segment.cache.num.max = 2 (custom)
2019-09-04 02:52:06,790 [pool-439-thread-1] INFO  server.RaftServerConfigKeys (ConfUtils.java:logGet(43)) - raft.server.log.preallocated.size = 16384 (custom)
2019-09-04 02:52:06,790 [pool-439-thread-1] INFO  server.RaftServerConfigKeys (ConfUtils.java:logGet(43)) - raft.server.log.write.buffer.size = 33554432 (custom)
2019-09-04 02:52:06,790 [pool-450-thread-1] INFO  segmented.SegmentedRaftLogWorker (SegmentedRaftLogWorker.java:<init>(172)) - new dce5e157-40d9-4523-b22e-1358f0218fe7-SegmentedRaftLogWorker:Storage Directory /workdir/hadoop-ozone/integration-test/target/test-dir/MiniOzoneClusterImpl-3bb735bc-39a8-4554-8887-bfbd0a1de759/datanode-1/data/ratis/69585f61-d2a9-436a-8f53-806c3156de83 for RaftStorage:Storage Directory /workdir/hadoop-ozone/integration-test/target/test-dir/MiniOzoneClusterImpl-3bb735bc-39a8-4554-8887-bfbd0a1de759/datanode-1/data/ratis/69585f61-d2a9-436a-8f53-806c3156de83
2019-09-04 02:52:06,791 [pool-439-thread-1] INFO  server.RaftServerConfigKeys (ConfUtils.java:logGet(43)) - raft.server.log.force.sync.num = 128 (default)
2019-09-04 02:52:06,791 [pool-439-thread-1] INFO  server.RaftServerConfigKeys (ConfUtils.java:logGet(43)) - raft.server.log.statemachine.data.sync = true (default)
2019-09-04 02:52:06,790 [pool-461-thread-1] INFO  segmented.SegmentedRaftLogWorker (SegmentedRaftLogWorker.java:<init>(172)) - new b1e4c1b6-3c4e-42d0-bbe8-a94c9c1f6655-SegmentedRaftLogWorker:Storage Directory /workdir/hadoop-ozone/integration-test/target/test-dir/MiniOzoneClusterImpl-3bb735bc-39a8-4554-8887-bfbd0a1de759/datanode-2/data/ratis/69585f61-d2a9-436a-8f53-806c3156de83 for RaftStorage:Storage Directory /workdir/hadoop-ozone/integration-test/target/test-dir/MiniOzoneClusterImpl-3bb735bc-39a8-4554-8887-bfbd0a1de759/datanode-2/data/ratis/69585f61-d2a9-436a-8f53-806c3156de83
2019-09-04 02:52:06,791 [pool-439-thread-1] INFO  server.RaftServerConfigKeys (ConfUtils.java:logGet(43)) - raft.server.log.statemachine.data.sync.timeout = 10s (default)
2019-09-04 02:52:06,791 [pool-439-thread-1] INFO  server.RaftServerConfigKeys (ConfUtils.java:logGet(43)) - raft.server.log.statemachine.data.sync.timeout.retry = -1 (default)
2019-09-04 02:52:06,791 [pool-450-thread-1] INFO  server.RaftServerConfigKeys (ConfUtils.java:logGet(43)) - raft.server.log.queue.byte-limit = 2147483647 (custom)
2019-09-04 02:52:06,792 [pool-439-thread-1] INFO  server.RaftServerConfigKeys (ConfUtils.java:logGet(43)) - raft.server.log.statemachine.data.caching.enabled = true (custom)
2019-09-04 02:52:06,791 [pool-461-thread-1] INFO  server.RaftServerConfigKeys (ConfUtils.java:logGet(43)) - raft.server.log.queue.byte-limit = 2147483647 (custom)
2019-09-04 02:52:06,792 [pool-439-thread-1] INFO  segmented.SegmentedRaftLogWorker (SegmentedRaftLogWorker.java:lambda$new$0(132)) - 154d8629-f136-4e53-aadf-9bd077e86354-SegmentedRaftLogWorker:Storage Directory /workdir/hadoop-ozone/integration-test/target/test-dir/MiniOzoneClusterImpl-3bb735bc-39a8-4554-8887-bfbd0a1de759/datanode-0/data/ratis/69585f61-d2a9-436a-8f53-806c3156de83: flushIndex: setUnconditionally 0 -> -1
2019-09-04 02:52:06,792 [pool-450-thread-1] INFO  server.RaftServerConfigKeys (ConfUtils.java:logGet(43)) - raft.server.log.queue.element-limit = 1024 (custom)
2019-09-04 02:52:06,793 [pool-439-thread-1] INFO  server.RaftServerConfigKeys (ConfUtils.java:logGet(43)) - raft.server.snapshot.auto.trigger.enabled = true (custom)
2019-09-04 02:52:06,792 [pool-461-thread-1] INFO  server.RaftServerConfigKeys (ConfUtils.java:logGet(43)) - raft.server.log.queue.element-limit = 1024 (custom)
2019-09-04 02:52:06,793 [pool-439-thread-1] INFO  server.RaftServerConfigKeys (ConfUtils.java:logGet(43)) - raft.server.snapshot.auto.trigger.threshold = 10000 (custom)
2019-09-04 02:52:06,793 [pool-450-thread-1] INFO  server.RaftServerConfigKeys (ConfUtils.java:logGet(43)) - raft.server.log.segment.size.max = 1048576 (custom)
2019-09-04 02:52:06,793 [pool-439-thread-1] INFO  server.RaftServerConfigKeys (ConfUtils.java:logGet(43)) - raft.server.retrycache.expirytime = 600000ms (custom)
2019-09-04 02:52:06,793 [pool-461-thread-1] INFO  server.RaftServerConfigKeys (ConfUtils.java:logGet(43)) - raft.server.log.segment.size.max = 1048576 (custom)
2019-09-04 02:52:06,794 [pool-439-thread-1] INFO  impl.RaftServerImpl (RaftServerImpl.java:start(180)) - 154d8629-f136-4e53-aadf-9bd077e86354: start group-806C3156DE83
2019-09-04 02:52:06,794 [pool-439-thread-1] INFO  impl.RaftServerImpl (RaftServerImpl.java:setRole(171)) - 154d8629-f136-4e53-aadf-9bd077e86354:group-806C3156DE83 changes role from null to FOLLOWER at term 0 for startAsFollower
2019-09-04 02:52:06,794 [pool-450-thread-1] INFO  server.RaftServerConfigKeys (ConfUtils.java:logGet(43)) - raft.server.log.preallocated.size = 16384 (custom)
2019-09-04 02:52:06,794 [pool-439-thread-1] INFO  impl.RoleInfo (RoleInfo.java:updateAndGet(143)) - 154d8629-f136-4e53-aadf-9bd077e86354: start FollowerState
2019-09-04 02:52:06,794 [pool-461-thread-1] INFO  server.RaftServerConfigKeys (ConfUtils.java:logGet(43)) - raft.server.log.preallocated.size = 16384 (custom)
2019-09-04 02:52:06,795 [pool-461-thread-1] INFO  server.RaftServerConfigKeys (ConfUtils.java:logGet(43)) - raft.server.log.write.buffer.size = 33554432 (custom)
2019-09-04 02:52:06,811 [pool-461-thread-1] INFO  server.RaftServerConfigKeys (ConfUtils.java:logGet(43)) - raft.server.log.force.sync.num = 128 (default)
2019-09-04 02:52:06,794 [pool-450-thread-1] INFO  server.RaftServerConfigKeys (ConfUtils.java:logGet(43)) - raft.server.log.write.buffer.size = 33554432 (custom)
2019-09-04 02:52:06,811 [pool-461-thread-1] INFO  server.RaftServerConfigKeys (ConfUtils.java:logGet(43)) - raft.server.log.statemachine.data.sync = true (default)
2019-09-04 02:52:06,812 [pool-461-thread-1] INFO  server.RaftServerConfigKeys (ConfUtils.java:logGet(43)) - raft.server.log.statemachine.data.sync.timeout = 10s (default)
2019-09-04 02:52:06,811 [pool-439-thread-1] INFO  util.JmxRegister (JmxRegister.java:tryRegister(44)) - Successfully registered JMX Bean with object name Ratis:service=RaftServer,group=group-806C3156DE83,id=154d8629-f136-4e53-aadf-9bd077e86354
2019-09-04 02:52:06,812 [pool-461-thread-1] INFO  server.RaftServerConfigKeys (ConfUtils.java:logGet(43)) - raft.server.log.statemachine.data.sync.timeout.retry = -1 (default)
2019-09-04 02:52:06,811 [pool-450-thread-1] INFO  server.RaftServerConfigKeys (ConfUtils.java:logGet(43)) - raft.server.log.force.sync.num = 128 (default)
2019-09-04 02:52:06,812 [pool-461-thread-1] INFO  server.RaftServerConfigKeys (ConfUtils.java:logGet(43)) - raft.server.log.statemachine.data.caching.enabled = true (custom)
2019-09-04 02:52:06,820 [pool-450-thread-1] INFO  server.RaftServerConfigKeys (ConfUtils.java:logGet(43)) - raft.server.log.statemachine.data.sync = true (default)
2019-09-04 02:52:06,820 [pool-461-thread-1] INFO  segmented.SegmentedRaftLogWorker (SegmentedRaftLogWorker.java:lambda$new$0(132)) - b1e4c1b6-3c4e-42d0-bbe8-a94c9c1f6655-SegmentedRaftLogWorker:Storage Directory /workdir/hadoop-ozone/integration-test/target/test-dir/MiniOzoneClusterImpl-3bb735bc-39a8-4554-8887-bfbd0a1de759/datanode-2/data/ratis/69585f61-d2a9-436a-8f53-806c3156de83: flushIndex: setUnconditionally 0 -> -1
2019-09-04 02:52:06,820 [pool-450-thread-1] INFO  server.RaftServerConfigKeys (ConfUtils.java:logGet(43)) - raft.server.log.statemachine.data.sync.timeout = 10s (default)
2019-09-04 02:52:06,821 [pool-450-thread-1] INFO  server.RaftServerConfigKeys (ConfUtils.java:logGet(43)) - raft.server.log.statemachine.data.sync.timeout.retry = -1 (default)
2019-09-04 02:52:06,821 [pool-461-thread-1] INFO  server.RaftServerConfigKeys (ConfUtils.java:logGet(43)) - raft.server.snapshot.auto.trigger.enabled = true (custom)
2019-09-04 02:52:06,821 [pool-450-thread-1] INFO  server.RaftServerConfigKeys (ConfUtils.java:logGet(43)) - raft.server.log.statemachine.data.caching.enabled = true (custom)
2019-09-04 02:52:06,821 [pool-461-thread-1] INFO  server.RaftServerConfigKeys (ConfUtils.java:logGet(43)) - raft.server.snapshot.auto.trigger.threshold = 10000 (custom)
2019-09-04 02:52:06,822 [pool-461-thread-1] INFO  server.RaftServerConfigKeys (ConfUtils.java:logGet(43)) - raft.server.retrycache.expirytime = 600000ms (custom)
2019-09-04 02:52:06,822 [pool-450-thread-1] INFO  segmented.SegmentedRaftLogWorker (SegmentedRaftLogWorker.java:lambda$new$0(132)) - dce5e157-40d9-4523-b22e-1358f0218fe7-SegmentedRaftLogWorker:Storage Directory /workdir/hadoop-ozone/integration-test/target/test-dir/MiniOzoneClusterImpl-3bb735bc-39a8-4554-8887-bfbd0a1de759/datanode-1/data/ratis/69585f61-d2a9-436a-8f53-806c3156de83: flushIndex: setUnconditionally 0 -> -1
2019-09-04 02:52:06,822 [pool-461-thread-1] INFO  impl.RaftServerImpl (RaftServerImpl.java:start(180)) - b1e4c1b6-3c4e-42d0-bbe8-a94c9c1f6655: start group-806C3156DE83
2019-09-04 02:52:06,822 [pool-461-thread-1] INFO  impl.RaftServerImpl (RaftServerImpl.java:setRole(171)) - b1e4c1b6-3c4e-42d0-bbe8-a94c9c1f6655:group-806C3156DE83 changes role from null to FOLLOWER at term 0 for startAsFollower
2019-09-04 02:52:06,822 [pool-450-thread-1] INFO  server.RaftServerConfigKeys (ConfUtils.java:logGet(43)) - raft.server.snapshot.auto.trigger.enabled = true (custom)
2019-09-04 02:52:06,822 [pool-461-thread-1] INFO  impl.RoleInfo (RoleInfo.java:updateAndGet(143)) - b1e4c1b6-3c4e-42d0-bbe8-a94c9c1f6655: start FollowerState
2019-09-04 02:52:06,823 [pool-450-thread-1] INFO  server.RaftServerConfigKeys (ConfUtils.java:logGet(43)) - raft.server.snapshot.auto.trigger.threshold = 10000 (custom)
2019-09-04 02:52:06,823 [pool-450-thread-1] INFO  server.RaftServerConfigKeys (ConfUtils.java:logGet(43)) - raft.server.retrycache.expirytime = 600000ms (custom)
2019-09-04 02:52:06,823 [pool-461-thread-1] INFO  util.JmxRegister (JmxRegister.java:tryRegister(44)) - Successfully registered JMX Bean with object name Ratis:service=RaftServer,group=group-806C3156DE83,id=b1e4c1b6-3c4e-42d0-bbe8-a94c9c1f6655
2019-09-04 02:52:06,823 [pool-450-thread-1] INFO  impl.RaftServerImpl (RaftServerImpl.java:start(180)) - dce5e157-40d9-4523-b22e-1358f0218fe7: start group-806C3156DE83
2019-09-04 02:52:06,823 [pool-450-thread-1] INFO  impl.RaftServerImpl (RaftServerImpl.java:setRole(171)) - dce5e157-40d9-4523-b22e-1358f0218fe7:group-806C3156DE83 changes role from null to FOLLOWER at term 0 for startAsFollower
2019-09-04 02:52:06,824 [pool-450-thread-1] INFO  impl.RoleInfo (RoleInfo.java:updateAndGet(143)) - dce5e157-40d9-4523-b22e-1358f0218fe7: start FollowerState
2019-09-04 02:52:06,824 [pool-450-thread-1] INFO  util.JmxRegister (JmxRegister.java:tryRegister(44)) - Successfully registered JMX Bean with object name Ratis:service=RaftServer,group=group-806C3156DE83,id=dce5e157-40d9-4523-b22e-1358f0218fe7
2019-09-04 02:52:06,827 [RatisPipelineUtilsThread] INFO  pipeline.PipelineStateManager (PipelineStateManager.java:addPipeline(56)) - Created pipeline Pipeline[ Id: 69585f61-d2a9-436a-8f53-806c3156de83, Nodes: 154d8629-f136-4e53-aadf-9bd077e86354{ip: 192.168.69.105, host: pr-hdds-1571-zhvv9-3536733312, networkLocation: /default-rack, certSerialId: null}b1e4c1b6-3c4e-42d0-bbe8-a94c9c1f6655{ip: 192.168.69.105, host: pr-hdds-1571-zhvv9-3536733312, networkLocation: /default-rack, certSerialId: null}dce5e157-40d9-4523-b22e-1358f0218fe7{ip: 192.168.69.105, host: pr-hdds-1571-zhvv9-3536733312, networkLocation: /default-rack, certSerialId: null}, Type:RATIS, Factor:THREE, State:OPEN]
2019-09-04 02:52:06,919 [IPC Server handler 1 on 40834] INFO  net.NetworkTopology (NetworkTopologyImpl.java:add(110)) - Added a new node: /default-rack/52e0c0e6-3dc5-428d-bf4a-8d3652f6b397
2019-09-04 02:52:06,920 [IPC Server handler 1 on 40834] INFO  node.SCMNodeManager (SCMNodeManager.java:register(273)) - Registered Data node : 52e0c0e6-3dc5-428d-bf4a-8d3652f6b397{ip: 192.168.69.105, host: pr-hdds-1571-zhvv9-3536733312, networkLocation: /default-rack, certSerialId: null}
2019-09-04 02:52:06,922 | INFO  | SCMAudit | user=jenkins1000 | ip=192.168.69.105 | op=REGISTER {datanodeDetails=52e0c0e6-3dc5-428d-bf4a-8d3652f6b397{ip: 192.168.69.105, host: pr-hdds-1571-zhvv9-3536733312, networkLocation: /default-rack, certSerialId: null}} | ret=SUCCESS |  
2019-09-04 02:52:06,930 [grpc-default-executor-6] INFO  impl.RaftServerProxy (RaftServerProxy.java:addNew(89)) - 52e0c0e6-3dc5-428d-bf4a-8d3652f6b397: addNew group-EF092C204657:[52e0c0e6-3dc5-428d-bf4a-8d3652f6b397:192.168.69.105:45677] returns group-EF092C204657:java.util.concurrent.CompletableFuture@7332ab35[Not completed]
2019-09-04 02:52:06,932 [pool-472-thread-1] INFO  impl.RaftServerImpl (RaftServerImpl.java:<init>(93)) - 52e0c0e6-3dc5-428d-bf4a-8d3652f6b397: new RaftServerImpl for group-EF092C204657:[52e0c0e6-3dc5-428d-bf4a-8d3652f6b397:192.168.69.105:45677] with ContainerStateMachine:uninitialized
2019-09-04 02:52:06,932 [pool-472-thread-1] INFO  server.RaftServerConfigKeys (ConfUtils.java:logGet(43)) - raft.server.rpc.timeout.min = 5s (custom)
2019-09-04 02:52:06,932 [pool-472-thread-1] INFO  server.RaftServerConfigKeys (ConfUtils.java:logGet(43)) - raft.server.rpc.timeout.max = 5200ms (custom)
2019-09-04 02:52:06,932 [pool-472-thread-1] INFO  server.RaftServerConfigKeys (ConfUtils.java:logGet(43)) - raft.server.rpcslowness.timeout = 120s (custom)
2019-09-04 02:52:06,932 [pool-472-thread-1] INFO  server.RaftServerConfigKeys (ConfUtils.java:logGet(43)) - raft.server.sleep.deviation.threshold = 300 (default)
2019-09-04 02:52:06,933 [pool-472-thread-1] INFO  server.RaftServerConfigKeys (ConfUtils.java:logGet(43)) - raft.server.log.appender.install.snapshot.enabled = false (custom)
2019-09-04 02:52:06,933 [pool-472-thread-1] INFO  impl.RaftServerImpl (ServerState.java:<init>(105)) - 52e0c0e6-3dc5-428d-bf4a-8d3652f6b397:group-EF092C204657 ConfigurationManager, init=-1: [52e0c0e6-3dc5-428d-bf4a-8d3652f6b397:192.168.69.105:45677], old=null, confs=<EMPTY_MAP>
2019-09-04 02:52:06,933 [pool-472-thread-1] INFO  server.RaftServerConfigKeys (ConfUtils.java:logGet(43)) - raft.server.storage.dir = [/workdir/hadoop-ozone/integration-test/target/test-dir/MiniOzoneClusterImpl-3bb735bc-39a8-4554-8887-bfbd0a1de759/datanode-3/data/ratis] (custom)
2019-09-04 02:52:06,934 [pool-472-thread-1] INFO  storage.RaftStorageDirectory (RaftStorageDirectory.java:analyzeStorage(246)) - The storage directory /workdir/hadoop-ozone/integration-test/target/test-dir/MiniOzoneClusterImpl-3bb735bc-39a8-4554-8887-bfbd0a1de759/datanode-3/data/ratis/e89fffea-2bd7-461c-986c-ef092c204657 does not exist. Creating ...
2019-09-04 02:52:06,969 [pool-472-thread-1] INFO  storage.RaftStorageDirectory (RaftStorageDirectory.java:tryLock(328)) - Lock on /workdir/hadoop-ozone/integration-test/target/test-dir/MiniOzoneClusterImpl-3bb735bc-39a8-4554-8887-bfbd0a1de759/datanode-3/data/ratis/e89fffea-2bd7-461c-986c-ef092c204657/in_use.lock acquired by nodename 16972@pr-hdds-1571-zhvv9-3536733312
2019-09-04 02:52:07,003 [pool-472-thread-1] INFO  storage.RaftStorage (RaftStorage.java:format(72)) - Storage directory /workdir/hadoop-ozone/integration-test/target/test-dir/MiniOzoneClusterImpl-3bb735bc-39a8-4554-8887-bfbd0a1de759/datanode-3/data/ratis/e89fffea-2bd7-461c-986c-ef092c204657 has been successfully formatted.
2019-09-04 02:52:07,003 [pool-472-thread-1] INFO  ratis.ContainerStateMachine (ContainerStateMachine.java:loadSnapshot(226)) - group-EF092C204657: The snapshot info is null. Setting the last applied indexto:(t:0, i:~)
2019-09-04 02:52:07,003 [pool-472-thread-1] INFO  server.RaftServerConfigKeys (ConfUtils.java:logGet(43)) - raft.server.leader.election.timeout = 120s (custom)
2019-09-04 02:52:07,003 [pool-472-thread-1] INFO  server.RaftServerConfigKeys (ConfUtils.java:logGet(43)) - raft.server.log.use.memory = false (default)
2019-09-04 02:52:07,004 [pool-472-thread-1] INFO  server.RaftServerConfigKeys (ConfUtils.java:logGet(43)) - raft.server.log.purge.gap = 1000000 (custom)
2019-09-04 02:52:07,004 [pool-472-thread-1] INFO  server.RaftServerConfigKeys (ConfUtils.java:logGet(43)) - raft.server.log.appender.buffer.byte-limit = 33554432 (custom)
2019-09-04 02:52:07,004 [pool-472-thread-1] INFO  server.RaftServerConfigKeys (ConfUtils.java:logGet(43)) - raft.server.log.segment.size.max = 1048576 (custom)
2019-09-04 02:52:07,004 [pool-472-thread-1] INFO  server.RaftServerConfigKeys (ConfUtils.java:logGet(43)) - raft.server.log.segment.cache.num.max = 2 (custom)
2019-09-04 02:52:07,004 [pool-472-thread-1] INFO  segmented.SegmentedRaftLogWorker (SegmentedRaftLogWorker.java:<init>(172)) - new 52e0c0e6-3dc5-428d-bf4a-8d3652f6b397-SegmentedRaftLogWorker:Storage Directory /workdir/hadoop-ozone/integration-test/target/test-dir/MiniOzoneClusterImpl-3bb735bc-39a8-4554-8887-bfbd0a1de759/datanode-3/data/ratis/e89fffea-2bd7-461c-986c-ef092c204657 for RaftStorage:Storage Directory /workdir/hadoop-ozone/integration-test/target/test-dir/MiniOzoneClusterImpl-3bb735bc-39a8-4554-8887-bfbd0a1de759/datanode-3/data/ratis/e89fffea-2bd7-461c-986c-ef092c204657
2019-09-04 02:52:07,004 [pool-472-thread-1] INFO  server.RaftServerConfigKeys (ConfUtils.java:logGet(43)) - raft.server.log.queue.byte-limit = 2147483647 (custom)
2019-09-04 02:52:07,005 [pool-472-thread-1] INFO  server.RaftServerConfigKeys (ConfUtils.java:logGet(43)) - raft.server.log.queue.element-limit = 1024 (custom)
2019-09-04 02:52:07,005 [pool-472-thread-1] INFO  server.RaftServerConfigKeys (ConfUtils.java:logGet(43)) - raft.server.log.segment.size.max = 1048576 (custom)
2019-09-04 02:52:07,005 [pool-472-thread-1] INFO  server.RaftServerConfigKeys (ConfUtils.java:logGet(43)) - raft.server.log.preallocated.size = 16384 (custom)
2019-09-04 02:52:07,005 [pool-472-thread-1] INFO  server.RaftServerConfigKeys (ConfUtils.java:logGet(43)) - raft.server.log.write.buffer.size = 33554432 (custom)
2019-09-04 02:52:07,005 [pool-472-thread-1] INFO  server.RaftServerConfigKeys (ConfUtils.java:logGet(43)) - raft.server.log.force.sync.num = 128 (default)
2019-09-04 02:52:07,006 [pool-472-thread-1] INFO  server.RaftServerConfigKeys (ConfUtils.java:logGet(43)) - raft.server.log.statemachine.data.sync = true (default)
2019-09-04 02:52:07,006 [pool-472-thread-1] INFO  server.RaftServerConfigKeys (ConfUtils.java:logGet(43)) - raft.server.log.statemachine.data.sync.timeout = 10s (default)
2019-09-04 02:52:07,006 [pool-472-thread-1] INFO  server.RaftServerConfigKeys (ConfUtils.java:logGet(43)) - raft.server.log.statemachine.data.sync.timeout.retry = -1 (default)
2019-09-04 02:52:07,006 [pool-472-thread-1] INFO  server.RaftServerConfigKeys (ConfUtils.java:logGet(43)) - raft.server.log.statemachine.data.caching.enabled = true (custom)
2019-09-04 02:52:07,007 [pool-472-thread-1] INFO  segmented.SegmentedRaftLogWorker (SegmentedRaftLogWorker.java:lambda$new$0(132)) - 52e0c0e6-3dc5-428d-bf4a-8d3652f6b397-SegmentedRaftLogWorker:Storage Directory /workdir/hadoop-ozone/integration-test/target/test-dir/MiniOzoneClusterImpl-3bb735bc-39a8-4554-8887-bfbd0a1de759/datanode-3/data/ratis/e89fffea-2bd7-461c-986c-ef092c204657: flushIndex: setUnconditionally 0 -> -1
2019-09-04 02:52:07,007 [pool-472-thread-1] INFO  server.RaftServerConfigKeys (ConfUtils.java:logGet(43)) - raft.server.snapshot.auto.trigger.enabled = true (custom)
2019-09-04 02:52:07,007 [pool-472-thread-1] INFO  server.RaftServerConfigKeys (ConfUtils.java:logGet(43)) - raft.server.snapshot.auto.trigger.threshold = 10000 (custom)
2019-09-04 02:52:07,007 [pool-472-thread-1] INFO  server.RaftServerConfigKeys (ConfUtils.java:logGet(43)) - raft.server.retrycache.expirytime = 600000ms (custom)
2019-09-04 02:52:07,007 [pool-472-thread-1] INFO  impl.RaftServerImpl (RaftServerImpl.java:start(180)) - 52e0c0e6-3dc5-428d-bf4a-8d3652f6b397: start group-EF092C204657
2019-09-04 02:52:07,008 [pool-472-thread-1] INFO  impl.RaftServerImpl (RaftServerImpl.java:setRole(171)) - 52e0c0e6-3dc5-428d-bf4a-8d3652f6b397:group-EF092C204657 changes role from null to FOLLOWER at term 0 for startAsFollower
2019-09-04 02:52:07,008 [pool-472-thread-1] INFO  impl.RoleInfo (RoleInfo.java:updateAndGet(143)) - 52e0c0e6-3dc5-428d-bf4a-8d3652f6b397: start FollowerState
2019-09-04 02:52:07,008 [pool-472-thread-1] INFO  util.JmxRegister (JmxRegister.java:tryRegister(44)) - Successfully registered JMX Bean with object name Ratis:service=RaftServer,group=group-EF092C204657,id=52e0c0e6-3dc5-428d-bf4a-8d3652f6b397
2019-09-04 02:52:07,012 [RatisPipelineUtilsThread] INFO  pipeline.PipelineStateManager (PipelineStateManager.java:addPipeline(56)) - Created pipeline Pipeline[ Id: e89fffea-2bd7-461c-986c-ef092c204657, Nodes: 52e0c0e6-3dc5-428d-bf4a-8d3652f6b397{ip: 192.168.69.105, host: pr-hdds-1571-zhvv9-3536733312, networkLocation: /default-rack, certSerialId: null}, Type:RATIS, Factor:ONE, State:OPEN]
2019-09-04 02:52:07,168 [IPC Server handler 4 on 40834] INFO  net.NetworkTopology (NetworkTopologyImpl.java:add(110)) - Added a new node: /default-rack/dc9e03c0-8020-4c07-86bb-8ce93298a35b
2019-09-04 02:52:07,168 [IPC Server handler 4 on 40834] INFO  node.SCMNodeManager (SCMNodeManager.java:register(273)) - Registered Data node : dc9e03c0-8020-4c07-86bb-8ce93298a35b{ip: 192.168.69.105, host: pr-hdds-1571-zhvv9-3536733312, networkLocation: /default-rack, certSerialId: null}
2019-09-04 02:52:07,169 | INFO  | SCMAudit | user=jenkins1000 | ip=192.168.69.105 | op=REGISTER {datanodeDetails=dc9e03c0-8020-4c07-86bb-8ce93298a35b{ip: 192.168.69.105, host: pr-hdds-1571-zhvv9-3536733312, networkLocation: /default-rack, certSerialId: null}} | ret=SUCCESS |  
2019-09-04 02:52:07,176 [grpc-default-executor-6] INFO  impl.RaftServerProxy (RaftServerProxy.java:addNew(89)) - dc9e03c0-8020-4c07-86bb-8ce93298a35b: addNew group-8138C468AE7D:[dc9e03c0-8020-4c07-86bb-8ce93298a35b:192.168.69.105:33654] returns group-8138C468AE7D:java.util.concurrent.CompletableFuture@5e663507[Not completed]
2019-09-04 02:52:07,177 [pool-483-thread-1] INFO  impl.RaftServerImpl (RaftServerImpl.java:<init>(93)) - dc9e03c0-8020-4c07-86bb-8ce93298a35b: new RaftServerImpl for group-8138C468AE7D:[dc9e03c0-8020-4c07-86bb-8ce93298a35b:192.168.69.105:33654] with ContainerStateMachine:uninitialized
2019-09-04 02:52:07,178 [pool-483-thread-1] INFO  server.RaftServerConfigKeys (ConfUtils.java:logGet(43)) - raft.server.rpc.timeout.min = 5s (custom)
2019-09-04 02:52:07,178 [pool-483-thread-1] INFO  server.RaftServerConfigKeys (ConfUtils.java:logGet(43)) - raft.server.rpc.timeout.max = 5200ms (custom)
2019-09-04 02:52:07,178 [pool-483-thread-1] INFO  server.RaftServerConfigKeys (ConfUtils.java:logGet(43)) - raft.server.rpcslowness.timeout = 120s (custom)
2019-09-04 02:52:07,178 [pool-483-thread-1] INFO  server.RaftServerConfigKeys (ConfUtils.java:logGet(43)) - raft.server.sleep.deviation.threshold = 300 (default)
2019-09-04 02:52:07,178 [pool-483-thread-1] INFO  server.RaftServerConfigKeys (ConfUtils.java:logGet(43)) - raft.server.log.appender.install.snapshot.enabled = false (custom)
2019-09-04 02:52:07,178 [pool-483-thread-1] INFO  impl.RaftServerImpl (ServerState.java:<init>(105)) - dc9e03c0-8020-4c07-86bb-8ce93298a35b:group-8138C468AE7D ConfigurationManager, init=-1: [dc9e03c0-8020-4c07-86bb-8ce93298a35b:192.168.69.105:33654], old=null, confs=<EMPTY_MAP>
2019-09-04 02:52:07,178 [pool-483-thread-1] INFO  server.RaftServerConfigKeys (ConfUtils.java:logGet(43)) - raft.server.storage.dir = [/workdir/hadoop-ozone/integration-test/target/test-dir/MiniOzoneClusterImpl-3bb735bc-39a8-4554-8887-bfbd0a1de759/datanode-4/data/ratis] (custom)
2019-09-04 02:52:07,179 [pool-483-thread-1] INFO  storage.RaftStorageDirectory (RaftStorageDirectory.java:analyzeStorage(246)) - The storage directory /workdir/hadoop-ozone/integration-test/target/test-dir/MiniOzoneClusterImpl-3bb735bc-39a8-4554-8887-bfbd0a1de759/datanode-4/data/ratis/9b730249-8bad-45e0-9607-8138c468ae7d does not exist. Creating ...
2019-09-04 02:52:07,195 [pool-483-thread-1] INFO  storage.RaftStorageDirectory (RaftStorageDirectory.java:tryLock(328)) - Lock on /workdir/hadoop-ozone/integration-test/target/test-dir/MiniOzoneClusterImpl-3bb735bc-39a8-4554-8887-bfbd0a1de759/datanode-4/data/ratis/9b730249-8bad-45e0-9607-8138c468ae7d/in_use.lock acquired by nodename 16972@pr-hdds-1571-zhvv9-3536733312
2019-09-04 02:52:07,221 [pool-483-thread-1] INFO  storage.RaftStorage (RaftStorage.java:format(72)) - Storage directory /workdir/hadoop-ozone/integration-test/target/test-dir/MiniOzoneClusterImpl-3bb735bc-39a8-4554-8887-bfbd0a1de759/datanode-4/data/ratis/9b730249-8bad-45e0-9607-8138c468ae7d has been successfully formatted.
2019-09-04 02:52:07,221 [pool-483-thread-1] INFO  ratis.ContainerStateMachine (ContainerStateMachine.java:loadSnapshot(226)) - group-8138C468AE7D: The snapshot info is null. Setting the last applied indexto:(t:0, i:~)
2019-09-04 02:52:07,221 [pool-483-thread-1] INFO  server.RaftServerConfigKeys (ConfUtils.java:logGet(43)) - raft.server.leader.election.timeout = 120s (custom)
2019-09-04 02:52:07,221 [pool-483-thread-1] INFO  server.RaftServerConfigKeys (ConfUtils.java:logGet(43)) - raft.server.log.use.memory = false (default)
2019-09-04 02:52:07,222 [pool-483-thread-1] INFO  server.RaftServerConfigKeys (ConfUtils.java:logGet(43)) - raft.server.log.purge.gap = 1000000 (custom)
2019-09-04 02:52:07,222 [pool-483-thread-1] INFO  server.RaftServerConfigKeys (ConfUtils.java:logGet(43)) - raft.server.log.appender.buffer.byte-limit = 33554432 (custom)
2019-09-04 02:52:07,222 [pool-483-thread-1] INFO  server.RaftServerConfigKeys (ConfUtils.java:logGet(43)) - raft.server.log.segment.size.max = 1048576 (custom)
2019-09-04 02:52:07,222 [pool-483-thread-1] INFO  server.RaftServerConfigKeys (ConfUtils.java:logGet(43)) - raft.server.log.segment.cache.num.max = 2 (custom)
2019-09-04 02:52:07,222 [pool-483-thread-1] INFO  segmented.SegmentedRaftLogWorker (SegmentedRaftLogWorker.java:<init>(172)) - new dc9e03c0-8020-4c07-86bb-8ce93298a35b-SegmentedRaftLogWorker:Storage Directory /workdir/hadoop-ozone/integration-test/target/test-dir/MiniOzoneClusterImpl-3bb735bc-39a8-4554-8887-bfbd0a1de759/datanode-4/data/ratis/9b730249-8bad-45e0-9607-8138c468ae7d for RaftStorage:Storage Directory /workdir/hadoop-ozone/integration-test/target/test-dir/MiniOzoneClusterImpl-3bb735bc-39a8-4554-8887-bfbd0a1de759/datanode-4/data/ratis/9b730249-8bad-45e0-9607-8138c468ae7d
2019-09-04 02:52:07,222 [pool-483-thread-1] INFO  server.RaftServerConfigKeys (ConfUtils.java:logGet(43)) - raft.server.log.queue.byte-limit = 2147483647 (custom)
2019-09-04 02:52:07,223 [pool-483-thread-1] INFO  server.RaftServerConfigKeys (ConfUtils.java:logGet(43)) - raft.server.log.queue.element-limit = 1024 (custom)
2019-09-04 02:52:07,223 [pool-483-thread-1] INFO  server.RaftServerConfigKeys (ConfUtils.java:logGet(43)) - raft.server.log.segment.size.max = 1048576 (custom)
2019-09-04 02:52:07,223 [pool-483-thread-1] INFO  server.RaftServerConfigKeys (ConfUtils.java:logGet(43)) - raft.server.log.preallocated.size = 16384 (custom)
2019-09-04 02:52:07,223 [pool-483-thread-1] INFO  server.RaftServerConfigKeys (ConfUtils.java:logGet(43)) - raft.server.log.write.buffer.size = 33554432 (custom)
2019-09-04 02:52:07,223 [pool-483-thread-1] INFO  server.RaftServerConfigKeys (ConfUtils.java:logGet(43)) - raft.server.log.force.sync.num = 128 (default)
2019-09-04 02:52:07,224 [pool-483-thread-1] INFO  server.RaftServerConfigKeys (ConfUtils.java:logGet(43)) - raft.server.log.statemachine.data.sync = true (default)
2019-09-04 02:52:07,224 [pool-483-thread-1] INFO  server.RaftServerConfigKeys (ConfUtils.java:logGet(43)) - raft.server.log.statemachine.data.sync.timeout = 10s (default)
2019-09-04 02:52:07,224 [pool-483-thread-1] INFO  server.RaftServerConfigKeys (ConfUtils.java:logGet(43)) - raft.server.log.statemachine.data.sync.timeout.retry = -1 (default)
2019-09-04 02:52:07,224 [pool-483-thread-1] INFO  server.RaftServerConfigKeys (ConfUtils.java:logGet(43)) - raft.server.log.statemachine.data.caching.enabled = true (custom)
2019-09-04 02:52:07,225 [pool-483-thread-1] INFO  segmented.SegmentedRaftLogWorker (SegmentedRaftLogWorker.java:lambda$new$0(132)) - dc9e03c0-8020-4c07-86bb-8ce93298a35b-SegmentedRaftLogWorker:Storage Directory /workdir/hadoop-ozone/integration-test/target/test-dir/MiniOzoneClusterImpl-3bb735bc-39a8-4554-8887-bfbd0a1de759/datanode-4/data/ratis/9b730249-8bad-45e0-9607-8138c468ae7d: flushIndex: setUnconditionally 0 -> -1
2019-09-04 02:52:07,225 [pool-483-thread-1] INFO  server.RaftServerConfigKeys (ConfUtils.java:logGet(43)) - raft.server.snapshot.auto.trigger.enabled = true (custom)
2019-09-04 02:52:07,225 [pool-483-thread-1] INFO  server.RaftServerConfigKeys (ConfUtils.java:logGet(43)) - raft.server.snapshot.auto.trigger.threshold = 10000 (custom)
2019-09-04 02:52:07,226 [pool-483-thread-1] INFO  server.RaftServerConfigKeys (ConfUtils.java:logGet(43)) - raft.server.retrycache.expirytime = 600000ms (custom)
2019-09-04 02:52:07,226 [pool-483-thread-1] INFO  impl.RaftServerImpl (RaftServerImpl.java:start(180)) - dc9e03c0-8020-4c07-86bb-8ce93298a35b: start group-8138C468AE7D
2019-09-04 02:52:07,226 [pool-483-thread-1] INFO  impl.RaftServerImpl (RaftServerImpl.java:setRole(171)) - dc9e03c0-8020-4c07-86bb-8ce93298a35b:group-8138C468AE7D changes role from null to FOLLOWER at term 0 for startAsFollower
2019-09-04 02:52:07,226 [pool-483-thread-1] INFO  impl.RoleInfo (RoleInfo.java:updateAndGet(143)) - dc9e03c0-8020-4c07-86bb-8ce93298a35b: start FollowerState
2019-09-04 02:52:07,227 [pool-483-thread-1] INFO  util.JmxRegister (JmxRegister.java:tryRegister(44)) - Successfully registered JMX Bean with object name Ratis:service=RaftServer,group=group-8138C468AE7D,id=dc9e03c0-8020-4c07-86bb-8ce93298a35b
2019-09-04 02:52:07,229 [RatisPipelineUtilsThread] INFO  pipeline.PipelineStateManager (PipelineStateManager.java:addPipeline(56)) - Created pipeline Pipeline[ Id: 9b730249-8bad-45e0-9607-8138c468ae7d, Nodes: dc9e03c0-8020-4c07-86bb-8ce93298a35b{ip: 192.168.69.105, host: pr-hdds-1571-zhvv9-3536733312, networkLocation: /default-rack, certSerialId: null}, Type:RATIS, Factor:ONE, State:OPEN]
2019-09-04 02:52:07,402 [IPC Server handler 5 on 40834] INFO  net.NetworkTopology (NetworkTopologyImpl.java:add(110)) - Added a new node: /default-rack/fa558e8a-2244-404c-aea9-82357d9e09e8
2019-09-04 02:52:07,402 [IPC Server handler 5 on 40834] INFO  node.SCMNodeManager (SCMNodeManager.java:register(273)) - Registered Data node : fa558e8a-2244-404c-aea9-82357d9e09e8{ip: 192.168.69.105, host: pr-hdds-1571-zhvv9-3536733312, networkLocation: /default-rack, certSerialId: null}
2019-09-04 02:52:07,402 | INFO  | SCMAudit | user=jenkins1000 | ip=192.168.69.105 | op=REGISTER {datanodeDetails=fa558e8a-2244-404c-aea9-82357d9e09e8{ip: 192.168.69.105, host: pr-hdds-1571-zhvv9-3536733312, networkLocation: /default-rack, certSerialId: null}} | ret=SUCCESS |  
2019-09-04 02:52:07,410 [grpc-default-executor-6] INFO  impl.RaftServerProxy (RaftServerProxy.java:addNew(89)) - fa558e8a-2244-404c-aea9-82357d9e09e8: addNew group-F71B40853D60:[fa558e8a-2244-404c-aea9-82357d9e09e8:192.168.69.105:33838] returns group-F71B40853D60:java.util.concurrent.CompletableFuture@ed446cc[Not completed]
2019-09-04 02:52:07,411 [pool-494-thread-1] INFO  impl.RaftServerImpl (RaftServerImpl.java:<init>(93)) - fa558e8a-2244-404c-aea9-82357d9e09e8: new RaftServerImpl for group-F71B40853D60:[fa558e8a-2244-404c-aea9-82357d9e09e8:192.168.69.105:33838] with ContainerStateMachine:uninitialized
2019-09-04 02:52:07,412 [pool-494-thread-1] INFO  server.RaftServerConfigKeys (ConfUtils.java:logGet(43)) - raft.server.rpc.timeout.min = 5s (custom)
2019-09-04 02:52:07,412 [pool-494-thread-1] INFO  server.RaftServerConfigKeys (ConfUtils.java:logGet(43)) - raft.server.rpc.timeout.max = 5200ms (custom)
2019-09-04 02:52:07,412 [pool-494-thread-1] INFO  server.RaftServerConfigKeys (ConfUtils.java:logGet(43)) - raft.server.rpcslowness.timeout = 120s (custom)
2019-09-04 02:52:07,412 [pool-494-thread-1] INFO  server.RaftServerConfigKeys (ConfUtils.java:logGet(43)) - raft.server.sleep.deviation.threshold = 300 (default)
2019-09-04 02:52:07,412 [pool-494-thread-1] INFO  server.RaftServerConfigKeys (ConfUtils.java:logGet(43)) - raft.server.log.appender.install.snapshot.enabled = false (custom)
2019-09-04 02:52:07,412 [pool-494-thread-1] INFO  impl.RaftServerImpl (ServerState.java:<init>(105)) - fa558e8a-2244-404c-aea9-82357d9e09e8:group-F71B40853D60 ConfigurationManager, init=-1: [fa558e8a-2244-404c-aea9-82357d9e09e8:192.168.69.105:33838], old=null, confs=<EMPTY_MAP>
2019-09-04 02:52:07,413 [pool-494-thread-1] INFO  server.RaftServerConfigKeys (ConfUtils.java:logGet(43)) - raft.server.storage.dir = [/workdir/hadoop-ozone/integration-test/target/test-dir/MiniOzoneClusterImpl-3bb735bc-39a8-4554-8887-bfbd0a1de759/datanode-5/data/ratis] (custom)
2019-09-04 02:52:07,413 [pool-494-thread-1] INFO  storage.RaftStorageDirectory (RaftStorageDirectory.java:analyzeStorage(246)) - The storage directory /workdir/hadoop-ozone/integration-test/target/test-dir/MiniOzoneClusterImpl-3bb735bc-39a8-4554-8887-bfbd0a1de759/datanode-5/data/ratis/59c021d4-47fb-4b6c-8ae6-f71b40853d60 does not exist. Creating ...
2019-09-04 02:52:07,454 [pool-494-thread-1] INFO  storage.RaftStorageDirectory (RaftStorageDirectory.java:tryLock(328)) - Lock on /workdir/hadoop-ozone/integration-test/target/test-dir/MiniOzoneClusterImpl-3bb735bc-39a8-4554-8887-bfbd0a1de759/datanode-5/data/ratis/59c021d4-47fb-4b6c-8ae6-f71b40853d60/in_use.lock acquired by nodename 16972@pr-hdds-1571-zhvv9-3536733312
2019-09-04 02:52:07,480 [pool-494-thread-1] INFO  storage.RaftStorage (RaftStorage.java:format(72)) - Storage directory /workdir/hadoop-ozone/integration-test/target/test-dir/MiniOzoneClusterImpl-3bb735bc-39a8-4554-8887-bfbd0a1de759/datanode-5/data/ratis/59c021d4-47fb-4b6c-8ae6-f71b40853d60 has been successfully formatted.
2019-09-04 02:52:07,481 [pool-494-thread-1] INFO  ratis.ContainerStateMachine (ContainerStateMachine.java:loadSnapshot(226)) - group-F71B40853D60: The snapshot info is null. Setting the last applied indexto:(t:0, i:~)
2019-09-04 02:52:07,481 [pool-494-thread-1] INFO  server.RaftServerConfigKeys (ConfUtils.java:logGet(43)) - raft.server.leader.election.timeout = 120s (custom)
2019-09-04 02:52:07,481 [pool-494-thread-1] INFO  server.RaftServerConfigKeys (ConfUtils.java:logGet(43)) - raft.server.log.use.memory = false (default)
2019-09-04 02:52:07,481 [pool-494-thread-1] INFO  server.RaftServerConfigKeys (ConfUtils.java:logGet(43)) - raft.server.log.purge.gap = 1000000 (custom)
2019-09-04 02:52:07,481 [pool-494-thread-1] INFO  server.RaftServerConfigKeys (ConfUtils.java:logGet(43)) - raft.server.log.appender.buffer.byte-limit = 33554432 (custom)
2019-09-04 02:52:07,481 [pool-494-thread-1] INFO  server.RaftServerConfigKeys (ConfUtils.java:logGet(43)) - raft.server.log.segment.size.max = 1048576 (custom)
2019-09-04 02:52:07,481 [pool-494-thread-1] INFO  server.RaftServerConfigKeys (ConfUtils.java:logGet(43)) - raft.server.log.segment.cache.num.max = 2 (custom)
2019-09-04 02:52:07,482 [pool-494-thread-1] INFO  segmented.SegmentedRaftLogWorker (SegmentedRaftLogWorker.java:<init>(172)) - new fa558e8a-2244-404c-aea9-82357d9e09e8-SegmentedRaftLogWorker:Storage Directory /workdir/hadoop-ozone/integration-test/target/test-dir/MiniOzoneClusterImpl-3bb735bc-39a8-4554-8887-bfbd0a1de759/datanode-5/data/ratis/59c021d4-47fb-4b6c-8ae6-f71b40853d60 for RaftStorage:Storage Directory /workdir/hadoop-ozone/integration-test/target/test-dir/MiniOzoneClusterImpl-3bb735bc-39a8-4554-8887-bfbd0a1de759/datanode-5/data/ratis/59c021d4-47fb-4b6c-8ae6-f71b40853d60
2019-09-04 02:52:07,482 [pool-494-thread-1] INFO  server.RaftServerConfigKeys (ConfUtils.java:logGet(43)) - raft.server.log.queue.byte-limit = 2147483647 (custom)
2019-09-04 02:52:07,482 [pool-494-thread-1] INFO  server.RaftServerConfigKeys (ConfUtils.java:logGet(43)) - raft.server.log.queue.element-limit = 1024 (custom)
2019-09-04 02:52:07,482 [pool-494-thread-1] INFO  server.RaftServerConfigKeys (ConfUtils.java:logGet(43)) - raft.server.log.segment.size.max = 1048576 (custom)
2019-09-04 02:52:07,482 [pool-494-thread-1] INFO  server.RaftServerConfigKeys (ConfUtils.java:logGet(43)) - raft.server.log.preallocated.size = 16384 (custom)
2019-09-04 02:52:07,482 [pool-494-thread-1] INFO  server.RaftServerConfigKeys (ConfUtils.java:logGet(43)) - raft.server.log.write.buffer.size = 33554432 (custom)
2019-09-04 02:52:07,483 [pool-494-thread-1] INFO  server.RaftServerConfigKeys (ConfUtils.java:logGet(43)) - raft.server.log.force.sync.num = 128 (default)
2019-09-04 02:52:07,483 [pool-494-thread-1] INFO  server.RaftServerConfigKeys (ConfUtils.java:logGet(43)) - raft.server.log.statemachine.data.sync = true (default)
2019-09-04 02:52:07,483 [pool-494-thread-1] INFO  server.RaftServerConfigKeys (ConfUtils.java:logGet(43)) - raft.server.log.statemachine.data.sync.timeout = 10s (default)
2019-09-04 02:52:07,483 [pool-494-thread-1] INFO  server.RaftServerConfigKeys (ConfUtils.java:logGet(43)) - raft.server.log.statemachine.data.sync.timeout.retry = -1 (default)
2019-09-04 02:52:07,483 [pool-494-thread-1] INFO  server.RaftServerConfigKeys (ConfUtils.java:logGet(43)) - raft.server.log.statemachine.data.caching.enabled = true (custom)
2019-09-04 02:52:07,483 [pool-494-thread-1] INFO  segmented.SegmentedRaftLogWorker (SegmentedRaftLogWorker.java:lambda$new$0(132)) - fa558e8a-2244-404c-aea9-82357d9e09e8-SegmentedRaftLogWorker:Storage Directory /workdir/hadoop-ozone/integration-test/target/test-dir/MiniOzoneClusterImpl-3bb735bc-39a8-4554-8887-bfbd0a1de759/datanode-5/data/ratis/59c021d4-47fb-4b6c-8ae6-f71b40853d60: flushIndex: setUnconditionally 0 -> -1
2019-09-04 02:52:07,484 [pool-494-thread-1] INFO  server.RaftServerConfigKeys (ConfUtils.java:logGet(43)) - raft.server.snapshot.auto.trigger.enabled = true (custom)
2019-09-04 02:52:07,484 [pool-494-thread-1] INFO  server.RaftServerConfigKeys (ConfUtils.java:logGet(43)) - raft.server.snapshot.auto.trigger.threshold = 10000 (custom)
2019-09-04 02:52:07,484 [pool-494-thread-1] INFO  server.RaftServerConfigKeys (ConfUtils.java:logGet(43)) - raft.server.retrycache.expirytime = 600000ms (custom)
2019-09-04 02:52:07,484 [pool-494-thread-1] INFO  impl.RaftServerImpl (RaftServerImpl.java:start(180)) - fa558e8a-2244-404c-aea9-82357d9e09e8: start group-F71B40853D60
2019-09-04 02:52:07,484 [pool-494-thread-1] INFO  impl.RaftServerImpl (RaftServerImpl.java:setRole(171)) - fa558e8a-2244-404c-aea9-82357d9e09e8:group-F71B40853D60 changes role from null to FOLLOWER at term 0 for startAsFollower
2019-09-04 02:52:07,484 [pool-494-thread-1] INFO  impl.RoleInfo (RoleInfo.java:updateAndGet(143)) - fa558e8a-2244-404c-aea9-82357d9e09e8: start FollowerState
2019-09-04 02:52:07,485 [pool-494-thread-1] INFO  util.JmxRegister (JmxRegister.java:tryRegister(44)) - Successfully registered JMX Bean with object name Ratis:service=RaftServer,group=group-F71B40853D60,id=fa558e8a-2244-404c-aea9-82357d9e09e8
2019-09-04 02:52:07,487 [RatisPipelineUtilsThread] INFO  pipeline.PipelineStateManager (PipelineStateManager.java:addPipeline(56)) - Created pipeline Pipeline[ Id: 59c021d4-47fb-4b6c-8ae6-f71b40853d60, Nodes: fa558e8a-2244-404c-aea9-82357d9e09e8{ip: 192.168.69.105, host: pr-hdds-1571-zhvv9-3536733312, networkLocation: /default-rack, certSerialId: null}, Type:RATIS, Factor:ONE, State:OPEN]
2019-09-04 02:52:07,500 [grpc-default-executor-5] INFO  impl.RaftServerProxy (RaftServerProxy.java:addNew(89)) - fa558e8a-2244-404c-aea9-82357d9e09e8: addNew group-6E6BBB98B26F:[fa558e8a-2244-404c-aea9-82357d9e09e8:192.168.69.105:33838, dc9e03c0-8020-4c07-86bb-8ce93298a35b:192.168.69.105:33654, 52e0c0e6-3dc5-428d-bf4a-8d3652f6b397:192.168.69.105:45677] returns group-6E6BBB98B26F:java.util.concurrent.CompletableFuture@771aecf3[Not completed]
2019-09-04 02:52:07,500 [grpc-default-executor-0] INFO  impl.RaftServerProxy (RaftServerProxy.java:addNew(89)) - 52e0c0e6-3dc5-428d-bf4a-8d3652f6b397: addNew group-6E6BBB98B26F:[fa558e8a-2244-404c-aea9-82357d9e09e8:192.168.69.105:33838, dc9e03c0-8020-4c07-86bb-8ce93298a35b:192.168.69.105:33654, 52e0c0e6-3dc5-428d-bf4a-8d3652f6b397:192.168.69.105:45677] returns group-6E6BBB98B26F:java.util.concurrent.CompletableFuture@7f9a2339[Not completed]
2019-09-04 02:52:07,500 [grpc-default-executor-6] INFO  impl.RaftServerProxy (RaftServerProxy.java:addNew(89)) - dc9e03c0-8020-4c07-86bb-8ce93298a35b: addNew group-6E6BBB98B26F:[fa558e8a-2244-404c-aea9-82357d9e09e8:192.168.69.105:33838, dc9e03c0-8020-4c07-86bb-8ce93298a35b:192.168.69.105:33654, 52e0c0e6-3dc5-428d-bf4a-8d3652f6b397:192.168.69.105:45677] returns group-6E6BBB98B26F:java.util.concurrent.CompletableFuture@3cbea71[Not completed]
2019-09-04 02:52:07,501 [pool-472-thread-1] INFO  impl.RaftServerImpl (RaftServerImpl.java:<init>(93)) - 52e0c0e6-3dc5-428d-bf4a-8d3652f6b397: new RaftServerImpl for group-6E6BBB98B26F:[fa558e8a-2244-404c-aea9-82357d9e09e8:192.168.69.105:33838, dc9e03c0-8020-4c07-86bb-8ce93298a35b:192.168.69.105:33654, 52e0c0e6-3dc5-428d-bf4a-8d3652f6b397:192.168.69.105:45677] with ContainerStateMachine:uninitialized
2019-09-04 02:52:07,501 [pool-472-thread-1] INFO  server.RaftServerConfigKeys (ConfUtils.java:logGet(43)) - raft.server.rpc.timeout.min = 5s (custom)
2019-09-04 02:52:07,502 [pool-472-thread-1] INFO  server.RaftServerConfigKeys (ConfUtils.java:logGet(43)) - raft.server.rpc.timeout.max = 5200ms (custom)
2019-09-04 02:52:07,502 [pool-472-thread-1] INFO  server.RaftServerConfigKeys (ConfUtils.java:logGet(43)) - raft.server.rpcslowness.timeout = 120s (custom)
2019-09-04 02:52:07,502 [pool-472-thread-1] INFO  server.RaftServerConfigKeys (ConfUtils.java:logGet(43)) - raft.server.sleep.deviation.threshold = 300 (default)
2019-09-04 02:52:07,502 [pool-472-thread-1] INFO  server.RaftServerConfigKeys (ConfUtils.java:logGet(43)) - raft.server.log.appender.install.snapshot.enabled = false (custom)
2019-09-04 02:52:07,502 [pool-494-thread-1] INFO  impl.RaftServerImpl (RaftServerImpl.java:<init>(93)) - fa558e8a-2244-404c-aea9-82357d9e09e8: new RaftServerImpl for group-6E6BBB98B26F:[fa558e8a-2244-404c-aea9-82357d9e09e8:192.168.69.105:33838, dc9e03c0-8020-4c07-86bb-8ce93298a35b:192.168.69.105:33654, 52e0c0e6-3dc5-428d-bf4a-8d3652f6b397:192.168.69.105:45677] with ContainerStateMachine:uninitialized
2019-09-04 02:52:07,502 [pool-472-thread-1] INFO  impl.RaftServerImpl (ServerState.java:<init>(105)) - 52e0c0e6-3dc5-428d-bf4a-8d3652f6b397:group-6E6BBB98B26F ConfigurationManager, init=-1: [fa558e8a-2244-404c-aea9-82357d9e09e8:192.168.69.105:33838, dc9e03c0-8020-4c07-86bb-8ce93298a35b:192.168.69.105:33654, 52e0c0e6-3dc5-428d-bf4a-8d3652f6b397:192.168.69.105:45677], old=null, confs=<EMPTY_MAP>
2019-09-04 02:52:07,503 [pool-494-thread-1] INFO  server.RaftServerConfigKeys (ConfUtils.java:logGet(43)) - raft.server.rpc.timeout.min = 5s (custom)
2019-09-04 02:52:07,503 [pool-483-thread-1] INFO  impl.RaftServerImpl (RaftServerImpl.java:<init>(93)) - dc9e03c0-8020-4c07-86bb-8ce93298a35b: new RaftServerImpl for group-6E6BBB98B26F:[fa558e8a-2244-404c-aea9-82357d9e09e8:192.168.69.105:33838, dc9e03c0-8020-4c07-86bb-8ce93298a35b:192.168.69.105:33654, 52e0c0e6-3dc5-428d-bf4a-8d3652f6b397:192.168.69.105:45677] with ContainerStateMachine:uninitialized
2019-09-04 02:52:07,503 [pool-472-thread-1] INFO  server.RaftServerConfigKeys (ConfUtils.java:logGet(43)) - raft.server.storage.dir = [/workdir/hadoop-ozone/integration-test/target/test-dir/MiniOzoneClusterImpl-3bb735bc-39a8-4554-8887-bfbd0a1de759/datanode-3/data/ratis] (custom)
2019-09-04 02:52:07,503 [pool-483-thread-1] INFO  server.RaftServerConfigKeys (ConfUtils.java:logGet(43)) - raft.server.rpc.timeout.min = 5s (custom)
2019-09-04 02:52:07,503 [pool-494-thread-1] INFO  server.RaftServerConfigKeys (ConfUtils.java:logGet(43)) - raft.server.rpc.timeout.max = 5200ms (custom)
2019-09-04 02:52:07,503 [pool-483-thread-1] INFO  server.RaftServerConfigKeys (ConfUtils.java:logGet(43)) - raft.server.rpc.timeout.max = 5200ms (custom)
2019-09-04 02:52:07,503 [pool-483-thread-1] INFO  server.RaftServerConfigKeys (ConfUtils.java:logGet(43)) - raft.server.rpcslowness.timeout = 120s (custom)
2019-09-04 02:52:07,503 [pool-472-thread-1] INFO  storage.RaftStorageDirectory (RaftStorageDirectory.java:analyzeStorage(246)) - The storage directory /workdir/hadoop-ozone/integration-test/target/test-dir/MiniOzoneClusterImpl-3bb735bc-39a8-4554-8887-bfbd0a1de759/datanode-3/data/ratis/59ae4df0-3e99-49ee-8001-6e6bbb98b26f does not exist. Creating ...
2019-09-04 02:52:07,503 [pool-494-thread-1] INFO  server.RaftServerConfigKeys (ConfUtils.java:logGet(43)) - raft.server.rpcslowness.timeout = 120s (custom)
2019-09-04 02:52:07,504 [pool-483-thread-1] INFO  server.RaftServerConfigKeys (ConfUtils.java:logGet(43)) - raft.server.sleep.deviation.threshold = 300 (default)
2019-09-04 02:52:07,504 [pool-494-thread-1] INFO  server.RaftServerConfigKeys (ConfUtils.java:logGet(43)) - raft.server.sleep.deviation.threshold = 300 (default)
2019-09-04 02:52:07,504 [pool-483-thread-1] INFO  server.RaftServerConfigKeys (ConfUtils.java:logGet(43)) - raft.server.log.appender.install.snapshot.enabled = false (custom)
2019-09-04 02:52:07,504 [pool-494-thread-1] INFO  server.RaftServerConfigKeys (ConfUtils.java:logGet(43)) - raft.server.log.appender.install.snapshot.enabled = false (custom)
2019-09-04 02:52:07,504 [pool-483-thread-1] INFO  impl.RaftServerImpl (ServerState.java:<init>(105)) - dc9e03c0-8020-4c07-86bb-8ce93298a35b:group-6E6BBB98B26F ConfigurationManager, init=-1: [fa558e8a-2244-404c-aea9-82357d9e09e8:192.168.69.105:33838, dc9e03c0-8020-4c07-86bb-8ce93298a35b:192.168.69.105:33654, 52e0c0e6-3dc5-428d-bf4a-8d3652f6b397:192.168.69.105:45677], old=null, confs=<EMPTY_MAP>
2019-09-04 02:52:07,504 [pool-494-thread-1] INFO  impl.RaftServerImpl (ServerState.java:<init>(105)) - fa558e8a-2244-404c-aea9-82357d9e09e8:group-6E6BBB98B26F ConfigurationManager, init=-1: [fa558e8a-2244-404c-aea9-82357d9e09e8:192.168.69.105:33838, dc9e03c0-8020-4c07-86bb-8ce93298a35b:192.168.69.105:33654, 52e0c0e6-3dc5-428d-bf4a-8d3652f6b397:192.168.69.105:45677], old=null, confs=<EMPTY_MAP>
2019-09-04 02:52:07,504 [pool-483-thread-1] INFO  server.RaftServerConfigKeys (ConfUtils.java:logGet(43)) - raft.server.storage.dir = [/workdir/hadoop-ozone/integration-test/target/test-dir/MiniOzoneClusterImpl-3bb735bc-39a8-4554-8887-bfbd0a1de759/datanode-4/data/ratis] (custom)
2019-09-04 02:52:07,505 [pool-494-thread-1] INFO  server.RaftServerConfigKeys (ConfUtils.java:logGet(43)) - raft.server.storage.dir = [/workdir/hadoop-ozone/integration-test/target/test-dir/MiniOzoneClusterImpl-3bb735bc-39a8-4554-8887-bfbd0a1de759/datanode-5/data/ratis] (custom)
2019-09-04 02:52:07,505 [pool-483-thread-1] INFO  storage.RaftStorageDirectory (RaftStorageDirectory.java:analyzeStorage(246)) - The storage directory /workdir/hadoop-ozone/integration-test/target/test-dir/MiniOzoneClusterImpl-3bb735bc-39a8-4554-8887-bfbd0a1de759/datanode-4/data/ratis/59ae4df0-3e99-49ee-8001-6e6bbb98b26f does not exist. Creating ...
2019-09-04 02:52:07,505 [pool-494-thread-1] INFO  storage.RaftStorageDirectory (RaftStorageDirectory.java:analyzeStorage(246)) - The storage directory /workdir/hadoop-ozone/integration-test/target/test-dir/MiniOzoneClusterImpl-3bb735bc-39a8-4554-8887-bfbd0a1de759/datanode-5/data/ratis/59ae4df0-3e99-49ee-8001-6e6bbb98b26f does not exist. Creating ...
2019-09-04 02:52:07,531 [pool-472-thread-1] INFO  storage.RaftStorageDirectory (RaftStorageDirectory.java:tryLock(328)) - Lock on /workdir/hadoop-ozone/integration-test/target/test-dir/MiniOzoneClusterImpl-3bb735bc-39a8-4554-8887-bfbd0a1de759/datanode-3/data/ratis/59ae4df0-3e99-49ee-8001-6e6bbb98b26f/in_use.lock acquired by nodename 16972@pr-hdds-1571-zhvv9-3536733312
2019-09-04 02:52:07,531 [pool-483-thread-1] INFO  storage.RaftStorageDirectory (RaftStorageDirectory.java:tryLock(328)) - Lock on /workdir/hadoop-ozone/integration-test/target/test-dir/MiniOzoneClusterImpl-3bb735bc-39a8-4554-8887-bfbd0a1de759/datanode-4/data/ratis/59ae4df0-3e99-49ee-8001-6e6bbb98b26f/in_use.lock acquired by nodename 16972@pr-hdds-1571-zhvv9-3536733312
2019-09-04 02:52:07,531 [pool-494-thread-1] INFO  storage.RaftStorageDirectory (RaftStorageDirectory.java:tryLock(328)) - Lock on /workdir/hadoop-ozone/integration-test/target/test-dir/MiniOzoneClusterImpl-3bb735bc-39a8-4554-8887-bfbd0a1de759/datanode-5/data/ratis/59ae4df0-3e99-49ee-8001-6e6bbb98b26f/in_use.lock acquired by nodename 16972@pr-hdds-1571-zhvv9-3536733312
2019-09-04 02:52:07,556 [pool-472-thread-1] INFO  storage.RaftStorage (RaftStorage.java:format(72)) - Storage directory /workdir/hadoop-ozone/integration-test/target/test-dir/MiniOzoneClusterImpl-3bb735bc-39a8-4554-8887-bfbd0a1de759/datanode-3/data/ratis/59ae4df0-3e99-49ee-8001-6e6bbb98b26f has been successfully formatted.
2019-09-04 02:52:07,556 [pool-483-thread-1] INFO  storage.RaftStorage (RaftStorage.java:format(72)) - Storage directory /workdir/hadoop-ozone/integration-test/target/test-dir/MiniOzoneClusterImpl-3bb735bc-39a8-4554-8887-bfbd0a1de759/datanode-4/data/ratis/59ae4df0-3e99-49ee-8001-6e6bbb98b26f has been successfully formatted.
2019-09-04 02:52:07,556 [pool-494-thread-1] INFO  storage.RaftStorage (RaftStorage.java:format(72)) - Storage directory /workdir/hadoop-ozone/integration-test/target/test-dir/MiniOzoneClusterImpl-3bb735bc-39a8-4554-8887-bfbd0a1de759/datanode-5/data/ratis/59ae4df0-3e99-49ee-8001-6e6bbb98b26f has been successfully formatted.
2019-09-04 02:52:07,557 [pool-472-thread-1] INFO  ratis.ContainerStateMachine (ContainerStateMachine.java:loadSnapshot(226)) - group-6E6BBB98B26F: The snapshot info is null. Setting the last applied indexto:(t:0, i:~)
2019-09-04 02:52:07,557 [pool-494-thread-1] INFO  ratis.ContainerStateMachine (ContainerStateMachine.java:loadSnapshot(226)) - group-6E6BBB98B26F: The snapshot info is null. Setting the last applied indexto:(t:0, i:~)
2019-09-04 02:52:07,557 [pool-483-thread-1] INFO  ratis.ContainerStateMachine (ContainerStateMachine.java:loadSnapshot(226)) - group-6E6BBB98B26F: The snapshot info is null. Setting the last applied indexto:(t:0, i:~)
2019-09-04 02:52:07,557 [pool-494-thread-1] INFO  server.RaftServerConfigKeys (ConfUtils.java:logGet(43)) - raft.server.leader.election.timeout = 120s (custom)
2019-09-04 02:52:07,557 [pool-472-thread-1] INFO  server.RaftServerConfigKeys (ConfUtils.java:logGet(43)) - raft.server.leader.election.timeout = 120s (custom)
2019-09-04 02:52:07,557 [pool-494-thread-1] INFO  server.RaftServerConfigKeys (ConfUtils.java:logGet(43)) - raft.server.log.use.memory = false (default)
2019-09-04 02:52:07,557 [pool-483-thread-1] INFO  server.RaftServerConfigKeys (ConfUtils.java:logGet(43)) - raft.server.leader.election.timeout = 120s (custom)
2019-09-04 02:52:07,558 [pool-494-thread-1] INFO  server.RaftServerConfigKeys (ConfUtils.java:logGet(43)) - raft.server.log.purge.gap = 1000000 (custom)
2019-09-04 02:52:07,558 [pool-472-thread-1] INFO  server.RaftServerConfigKeys (ConfUtils.java:logGet(43)) - raft.server.log.use.memory = false (default)
2019-09-04 02:52:07,558 [pool-494-thread-1] INFO  server.RaftServerConfigKeys (ConfUtils.java:logGet(43)) - raft.server.log.appender.buffer.byte-limit = 33554432 (custom)
2019-09-04 02:52:07,558 [pool-483-thread-1] INFO  server.RaftServerConfigKeys (ConfUtils.java:logGet(43)) - raft.server.log.use.memory = false (default)
2019-09-04 02:52:07,558 [pool-494-thread-1] INFO  server.RaftServerConfigKeys (ConfUtils.java:logGet(43)) - raft.server.log.segment.size.max = 1048576 (custom)
2019-09-04 02:52:07,558 [pool-472-thread-1] INFO  server.RaftServerConfigKeys (ConfUtils.java:logGet(43)) - raft.server.log.purge.gap = 1000000 (custom)
2019-09-04 02:52:07,559 [pool-494-thread-1] INFO  server.RaftServerConfigKeys (ConfUtils.java:logGet(43)) - raft.server.log.segment.cache.num.max = 2 (custom)
2019-09-04 02:52:07,558 [pool-483-thread-1] INFO  server.RaftServerConfigKeys (ConfUtils.java:logGet(43)) - raft.server.log.purge.gap = 1000000 (custom)
2019-09-04 02:52:07,559 [pool-494-thread-1] INFO  segmented.SegmentedRaftLogWorker (SegmentedRaftLogWorker.java:<init>(172)) - new fa558e8a-2244-404c-aea9-82357d9e09e8-SegmentedRaftLogWorker:Storage Directory /workdir/hadoop-ozone/integration-test/target/test-dir/MiniOzoneClusterImpl-3bb735bc-39a8-4554-8887-bfbd0a1de759/datanode-5/data/ratis/59ae4df0-3e99-49ee-8001-6e6bbb98b26f for RaftStorage:Storage Directory /workdir/hadoop-ozone/integration-test/target/test-dir/MiniOzoneClusterImpl-3bb735bc-39a8-4554-8887-bfbd0a1de759/datanode-5/data/ratis/59ae4df0-3e99-49ee-8001-6e6bbb98b26f
2019-09-04 02:52:07,559 [pool-472-thread-1] INFO  server.RaftServerConfigKeys (ConfUtils.java:logGet(43)) - raft.server.log.appender.buffer.byte-limit = 33554432 (custom)
2019-09-04 02:52:07,559 [pool-494-thread-1] INFO  server.RaftServerConfigKeys (ConfUtils.java:logGet(43)) - raft.server.log.queue.byte-limit = 2147483647 (custom)
2019-09-04 02:52:07,559 [pool-483-thread-1] INFO  server.RaftServerConfigKeys (ConfUtils.java:logGet(43)) - raft.server.log.appender.buffer.byte-limit = 33554432 (custom)
2019-09-04 02:52:07,559 [pool-494-thread-1] INFO  server.RaftServerConfigKeys (ConfUtils.java:logGet(43)) - raft.server.log.queue.element-limit = 1024 (custom)
2019-09-04 02:52:07,559 [pool-472-thread-1] INFO  server.RaftServerConfigKeys (ConfUtils.java:logGet(43)) - raft.server.log.segment.size.max = 1048576 (custom)
2019-09-04 02:52:07,560 [pool-494-thread-1] INFO  server.RaftServerConfigKeys (ConfUtils.java:logGet(43)) - raft.server.log.segment.size.max = 1048576 (custom)
2019-09-04 02:52:07,560 [pool-483-thread-1] INFO  server.RaftServerConfigKeys (ConfUtils.java:logGet(43)) - raft.server.log.segment.size.max = 1048576 (custom)
2019-09-04 02:52:07,560 [pool-494-thread-1] INFO  server.RaftServerConfigKeys (ConfUtils.java:logGet(43)) - raft.server.log.preallocated.size = 16384 (custom)
2019-09-04 02:52:07,560 [pool-494-thread-1] INFO  server.RaftServerConfigKeys (ConfUtils.java:logGet(43)) - raft.server.log.write.buffer.size = 33554432 (custom)
2019-09-04 02:52:07,560 [pool-472-thread-1] INFO  server.RaftServerConfigKeys (ConfUtils.java:logGet(43)) - raft.server.log.segment.cache.num.max = 2 (custom)
2019-09-04 02:52:07,560 [pool-494-thread-1] INFO  server.RaftServerConfigKeys (ConfUtils.java:logGet(43)) - raft.server.log.force.sync.num = 128 (default)
2019-09-04 02:52:07,560 [pool-483-thread-1] INFO  server.RaftServerConfigKeys (ConfUtils.java:logGet(43)) - raft.server.log.segment.cache.num.max = 2 (custom)
2019-09-04 02:52:07,561 [pool-494-thread-1] INFO  server.RaftServerConfigKeys (ConfUtils.java:logGet(43)) - raft.server.log.statemachine.data.sync = true (default)
2019-09-04 02:52:07,560 [pool-472-thread-1] INFO  segmented.SegmentedRaftLogWorker (SegmentedRaftLogWorker.java:<init>(172)) - new 52e0c0e6-3dc5-428d-bf4a-8d3652f6b397-SegmentedRaftLogWorker:Storage Directory /workdir/hadoop-ozone/integration-test/target/test-dir/MiniOzoneClusterImpl-3bb735bc-39a8-4554-8887-bfbd0a1de759/datanode-3/data/ratis/59ae4df0-3e99-49ee-8001-6e6bbb98b26f for RaftStorage:Storage Directory /workdir/hadoop-ozone/integration-test/target/test-dir/MiniOzoneClusterImpl-3bb735bc-39a8-4554-8887-bfbd0a1de759/datanode-3/data/ratis/59ae4df0-3e99-49ee-8001-6e6bbb98b26f
2019-09-04 02:52:07,561 [pool-494-thread-1] INFO  server.RaftServerConfigKeys (ConfUtils.java:logGet(43)) - raft.server.log.statemachine.data.sync.timeout = 10s (default)
2019-09-04 02:52:07,561 [pool-483-thread-1] INFO  segmented.SegmentedRaftLogWorker (SegmentedRaftLogWorker.java:<init>(172)) - new dc9e03c0-8020-4c07-86bb-8ce93298a35b-SegmentedRaftLogWorker:Storage Directory /workdir/hadoop-ozone/integration-test/target/test-dir/MiniOzoneClusterImpl-3bb735bc-39a8-4554-8887-bfbd0a1de759/datanode-4/data/ratis/59ae4df0-3e99-49ee-8001-6e6bbb98b26f for RaftStorage:Storage Directory /workdir/hadoop-ozone/integration-test/target/test-dir/MiniOzoneClusterImpl-3bb735bc-39a8-4554-8887-bfbd0a1de759/datanode-4/data/ratis/59ae4df0-3e99-49ee-8001-6e6bbb98b26f
2019-09-04 02:52:07,561 [pool-494-thread-1] INFO  server.RaftServerConfigKeys (ConfUtils.java:logGet(43)) - raft.server.log.statemachine.data.sync.timeout.retry = -1 (default)
2019-09-04 02:52:07,561 [pool-472-thread-1] INFO  server.RaftServerConfigKeys (ConfUtils.java:logGet(43)) - raft.server.log.queue.byte-limit = 2147483647 (custom)
2019-09-04 02:52:07,561 [pool-494-thread-1] INFO  server.RaftServerConfigKeys (ConfUtils.java:logGet(43)) - raft.server.log.statemachine.data.caching.enabled = true (custom)
2019-09-04 02:52:07,561 [pool-483-thread-1] INFO  server.RaftServerConfigKeys (ConfUtils.java:logGet(43)) - raft.server.log.queue.byte-limit = 2147483647 (custom)
2019-09-04 02:52:07,561 [pool-472-thread-1] INFO  server.RaftServerConfigKeys (ConfUtils.java:logGet(43)) - raft.server.log.queue.element-limit = 1024 (custom)
2019-09-04 02:52:07,562 [pool-494-thread-1] INFO  segmented.SegmentedRaftLogWorker (SegmentedRaftLogWorker.java:lambda$new$0(132)) - fa558e8a-2244-404c-aea9-82357d9e09e8-SegmentedRaftLogWorker:Storage Directory /workdir/hadoop-ozone/integration-test/target/test-dir/MiniOzoneClusterImpl-3bb735bc-39a8-4554-8887-bfbd0a1de759/datanode-5/data/ratis/59ae4df0-3e99-49ee-8001-6e6bbb98b26f: flushIndex: setUnconditionally 0 -> -1
2019-09-04 02:52:07,562 [pool-483-thread-1] INFO  server.RaftServerConfigKeys (ConfUtils.java:logGet(43)) - raft.server.log.queue.element-limit = 1024 (custom)
2019-09-04 02:52:07,562 [pool-472-thread-1] INFO  server.RaftServerConfigKeys (ConfUtils.java:logGet(43)) - raft.server.log.segment.size.max = 1048576 (custom)
2019-09-04 02:52:07,562 [pool-494-thread-1] INFO  server.RaftServerConfigKeys (ConfUtils.java:logGet(43)) - raft.server.snapshot.auto.trigger.enabled = true (custom)
2019-09-04 02:52:07,562 [pool-483-thread-1] INFO  server.RaftServerConfigKeys (ConfUtils.java:logGet(43)) - raft.server.log.segment.size.max = 1048576 (custom)
2019-09-04 02:52:07,562 [pool-494-thread-1] INFO  server.RaftServerConfigKeys (ConfUtils.java:logGet(43)) - raft.server.snapshot.auto.trigger.threshold = 10000 (custom)
2019-09-04 02:52:07,562 [pool-472-thread-1] INFO  server.RaftServerConfigKeys (ConfUtils.java:logGet(43)) - raft.server.log.preallocated.size = 16384 (custom)
2019-09-04 02:52:07,563 [pool-494-thread-1] INFO  server.RaftServerConfigKeys (ConfUtils.java:logGet(43)) - raft.server.retrycache.expirytime = 600000ms (custom)
2019-09-04 02:52:07,562 [pool-483-thread-1] INFO  server.RaftServerConfigKeys (ConfUtils.java:logGet(43)) - raft.server.log.preallocated.size = 16384 (custom)
2019-09-04 02:52:07,563 [pool-494-thread-1] INFO  impl.RaftServerImpl (RaftServerImpl.java:start(180)) - fa558e8a-2244-404c-aea9-82357d9e09e8: start group-6E6BBB98B26F
2019-09-04 02:52:07,563 [pool-494-thread-1] INFO  impl.RaftServerImpl (RaftServerImpl.java:setRole(171)) - fa558e8a-2244-404c-aea9-82357d9e09e8:group-6E6BBB98B26F changes role from null to FOLLOWER at term 0 for startAsFollower
2019-09-04 02:52:07,563 [pool-472-thread-1] INFO  server.RaftServerConfigKeys (ConfUtils.java:logGet(43)) - raft.server.log.write.buffer.size = 33554432 (custom)
2019-09-04 02:52:07,563 [pool-494-thread-1] INFO  impl.RoleInfo (RoleInfo.java:updateAndGet(143)) - fa558e8a-2244-404c-aea9-82357d9e09e8: start FollowerState
2019-09-04 02:52:07,563 [pool-483-thread-1] INFO  server.RaftServerConfigKeys (ConfUtils.java:logGet(43)) - raft.server.log.write.buffer.size = 33554432 (custom)
2019-09-04 02:52:07,564 [pool-483-thread-1] INFO  server.RaftServerConfigKeys (ConfUtils.java:logGet(43)) - raft.server.log.force.sync.num = 128 (default)
2019-09-04 02:52:07,563 [pool-472-thread-1] INFO  server.RaftServerConfigKeys (ConfUtils.java:logGet(43)) - raft.server.log.force.sync.num = 128 (default)
2019-09-04 02:52:07,564 [pool-483-thread-1] INFO  server.RaftServerConfigKeys (ConfUtils.java:logGet(43)) - raft.server.log.statemachine.data.sync = true (default)
2019-09-04 02:52:07,564 [pool-494-thread-1] INFO  util.JmxRegister (JmxRegister.java:tryRegister(44)) - Successfully registered JMX Bean with object name Ratis:service=RaftServer,group=group-6E6BBB98B26F,id=fa558e8a-2244-404c-aea9-82357d9e09e8
2019-09-04 02:52:07,564 [pool-483-thread-1] INFO  server.RaftServerConfigKeys (ConfUtils.java:logGet(43)) - raft.server.log.statemachine.data.sync.timeout = 10s (default)
2019-09-04 02:52:07,564 [pool-472-thread-1] INFO  server.RaftServerConfigKeys (ConfUtils.java:logGet(43)) - raft.server.log.statemachine.data.sync = true (default)
2019-09-04 02:52:07,565 [pool-483-thread-1] INFO  server.RaftServerConfigKeys (ConfUtils.java:logGet(43)) - raft.server.log.statemachine.data.sync.timeout.retry = -1 (default)
2019-09-04 02:52:07,565 [pool-472-thread-1] INFO  server.RaftServerConfigKeys (ConfUtils.java:logGet(43)) - raft.server.log.statemachine.data.sync.timeout = 10s (default)
2019-09-04 02:52:07,565 [pool-472-thread-1] INFO  server.RaftServerConfigKeys (ConfUtils.java:logGet(43)) - raft.server.log.statemachine.data.sync.timeout.retry = -1 (default)
2019-09-04 02:52:07,565 [pool-483-thread-1] INFO  server.RaftServerConfigKeys (ConfUtils.java:logGet(43)) - raft.server.log.statemachine.data.caching.enabled = true (custom)
2019-09-04 02:52:07,566 [pool-472-thread-1] INFO  server.RaftServerConfigKeys (ConfUtils.java:logGet(43)) - raft.server.log.statemachine.data.caching.enabled = true (custom)
2019-09-04 02:52:07,566 [pool-483-thread-1] INFO  segmented.SegmentedRaftLogWorker (SegmentedRaftLogWorker.java:lambda$new$0(132)) - dc9e03c0-8020-4c07-86bb-8ce93298a35b-SegmentedRaftLogWorker:Storage Directory /workdir/hadoop-ozone/integration-test/target/test-dir/MiniOzoneClusterImpl-3bb735bc-39a8-4554-8887-bfbd0a1de759/datanode-4/data/ratis/59ae4df0-3e99-49ee-8001-6e6bbb98b26f: flushIndex: setUnconditionally 0 -> -1
2019-09-04 02:52:07,566 [pool-472-thread-1] INFO  segmented.SegmentedRaftLogWorker (SegmentedRaftLogWorker.java:lambda$new$0(132)) - 52e0c0e6-3dc5-428d-bf4a-8d3652f6b397-SegmentedRaftLogWorker:Storage Directory /workdir/hadoop-ozone/integration-test/target/test-dir/MiniOzoneClusterImpl-3bb735bc-39a8-4554-8887-bfbd0a1de759/datanode-3/data/ratis/59ae4df0-3e99-49ee-8001-6e6bbb98b26f: flushIndex: setUnconditionally 0 -> -1
2019-09-04 02:52:07,566 [pool-483-thread-1] INFO  server.RaftServerConfigKeys (ConfUtils.java:logGet(43)) - raft.server.snapshot.auto.trigger.enabled = true (custom)
2019-09-04 02:52:07,567 [pool-472-thread-1] INFO  server.RaftServerConfigKeys (ConfUtils.java:logGet(43)) - raft.server.snapshot.auto.trigger.enabled = true (custom)
2019-09-04 02:52:07,567 [pool-483-thread-1] INFO  server.RaftServerConfigKeys (ConfUtils.java:logGet(43)) - raft.server.snapshot.auto.trigger.threshold = 10000 (custom)
2019-09-04 02:52:07,567 [pool-472-thread-1] INFO  server.RaftServerConfigKeys (ConfUtils.java:logGet(43)) - raft.server.snapshot.auto.trigger.threshold = 10000 (custom)
2019-09-04 02:52:07,567 [pool-483-thread-1] INFO  server.RaftServerConfigKeys (ConfUtils.java:logGet(43)) - raft.server.retrycache.expirytime = 600000ms (custom)
2019-09-04 02:52:07,567 [pool-472-thread-1] INFO  server.RaftServerConfigKeys (ConfUtils.java:logGet(43)) - raft.server.retrycache.expirytime = 600000ms (custom)
2019-09-04 02:52:07,567 [pool-483-thread-1] INFO  impl.RaftServerImpl (RaftServerImpl.java:start(180)) - dc9e03c0-8020-4c07-86bb-8ce93298a35b: start group-6E6BBB98B26F
2019-09-04 02:52:07,567 [pool-472-thread-1] INFO  impl.RaftServerImpl (RaftServerImpl.java:start(180)) - 52e0c0e6-3dc5-428d-bf4a-8d3652f6b397: start group-6E6BBB98B26F
2019-09-04 02:52:07,567 [pool-483-thread-1] INFO  impl.RaftServerImpl (RaftServerImpl.java:setRole(171)) - dc9e03c0-8020-4c07-86bb-8ce93298a35b:group-6E6BBB98B26F changes role from null to FOLLOWER at term 0 for startAsFollower
2019-09-04 02:52:07,568 [pool-472-thread-1] INFO  impl.RaftServerImpl (RaftServerImpl.java:setRole(171)) - 52e0c0e6-3dc5-428d-bf4a-8d3652f6b397:group-6E6BBB98B26F changes role from null to FOLLOWER at term 0 for startAsFollower
2019-09-04 02:52:07,568 [pool-483-thread-1] INFO  impl.RoleInfo (RoleInfo.java:updateAndGet(143)) - dc9e03c0-8020-4c07-86bb-8ce93298a35b: start FollowerState
2019-09-04 02:52:07,568 [pool-472-thread-1] INFO  impl.RoleInfo (RoleInfo.java:updateAndGet(143)) - 52e0c0e6-3dc5-428d-bf4a-8d3652f6b397: start FollowerState
2019-09-04 02:52:07,569 [pool-483-thread-1] INFO  util.JmxRegister (JmxRegister.java:tryRegister(44)) - Successfully registered JMX Bean with object name Ratis:service=RaftServer,group=group-6E6BBB98B26F,id=dc9e03c0-8020-4c07-86bb-8ce93298a35b
2019-09-04 02:52:07,569 [pool-472-thread-1] INFO  util.JmxRegister (JmxRegister.java:tryRegister(44)) - Successfully registered JMX Bean with object name Ratis:service=RaftServer,group=group-6E6BBB98B26F,id=52e0c0e6-3dc5-428d-bf4a-8d3652f6b397
2019-09-04 02:52:07,574 [RatisPipelineUtilsThread] INFO  pipeline.PipelineStateManager (PipelineStateManager.java:addPipeline(56)) - Created pipeline Pipeline[ Id: 59ae4df0-3e99-49ee-8001-6e6bbb98b26f, Nodes: 52e0c0e6-3dc5-428d-bf4a-8d3652f6b397{ip: 192.168.69.105, host: pr-hdds-1571-zhvv9-3536733312, networkLocation: /default-rack, certSerialId: null}dc9e03c0-8020-4c07-86bb-8ce93298a35b{ip: 192.168.69.105, host: pr-hdds-1571-zhvv9-3536733312, networkLocation: /default-rack, certSerialId: null}fa558e8a-2244-404c-aea9-82357d9e09e8{ip: 192.168.69.105, host: pr-hdds-1571-zhvv9-3536733312, networkLocation: /default-rack, certSerialId: null}, Type:RATIS, Factor:THREE, State:OPEN]
2019-09-04 02:52:07,648 [main] INFO  ozone.MiniOzoneClusterImpl (MiniOzoneClusterImpl.java:lambda$waitForClusterToBeReady$0(142)) - Waiting for cluster to be ready. Got 6 of 7 DN Heartbeats.
2019-09-04 02:52:07,648 [IPC Server handler 3 on 40834] INFO  net.NetworkTopology (NetworkTopologyImpl.java:add(110)) - Added a new node: /default-rack/286cf2fc-8844-46ee-9444-4b1ba8aaca71
2019-09-04 02:52:07,648 [IPC Server handler 3 on 40834] INFO  node.SCMNodeManager (SCMNodeManager.java:register(273)) - Registered Data node : 286cf2fc-8844-46ee-9444-4b1ba8aaca71{ip: 192.168.69.105, host: pr-hdds-1571-zhvv9-3536733312, networkLocation: /default-rack, certSerialId: null}
2019-09-04 02:52:07,649 | INFO  | SCMAudit | user=jenkins1000 | ip=192.168.69.105 | op=REGISTER {datanodeDetails=286cf2fc-8844-46ee-9444-4b1ba8aaca71{ip: 192.168.69.105, host: pr-hdds-1571-zhvv9-3536733312, networkLocation: /default-rack, certSerialId: null}} | ret=SUCCESS |  
2019-09-04 02:52:07,656 [grpc-default-executor-6] INFO  impl.RaftServerProxy (RaftServerProxy.java:addNew(89)) - 286cf2fc-8844-46ee-9444-4b1ba8aaca71: addNew group-091C0BDF9260:[286cf2fc-8844-46ee-9444-4b1ba8aaca71:192.168.69.105:40418] returns group-091C0BDF9260:java.util.concurrent.CompletableFuture@6e6fa159[Not completed]
2019-09-04 02:52:07,658 [pool-505-thread-1] INFO  impl.RaftServerImpl (RaftServerImpl.java:<init>(93)) - 286cf2fc-8844-46ee-9444-4b1ba8aaca71: new RaftServerImpl for group-091C0BDF9260:[286cf2fc-8844-46ee-9444-4b1ba8aaca71:192.168.69.105:40418] with ContainerStateMachine:uninitialized
2019-09-04 02:52:07,658 [pool-505-thread-1] INFO  server.RaftServerConfigKeys (ConfUtils.java:logGet(43)) - raft.server.rpc.timeout.min = 5s (custom)
2019-09-04 02:52:07,658 [pool-505-thread-1] INFO  server.RaftServerConfigKeys (ConfUtils.java:logGet(43)) - raft.server.rpc.timeout.max = 5200ms (custom)
2019-09-04 02:52:07,658 [pool-505-thread-1] INFO  server.RaftServerConfigKeys (ConfUtils.java:logGet(43)) - raft.server.rpcslowness.timeout = 120s (custom)
2019-09-04 02:52:07,658 [pool-505-thread-1] INFO  server.RaftServerConfigKeys (ConfUtils.java:logGet(43)) - raft.server.sleep.deviation.threshold = 300 (default)
2019-09-04 02:52:07,658 [pool-505-thread-1] INFO  server.RaftServerConfigKeys (ConfUtils.java:logGet(43)) - raft.server.log.appender.install.snapshot.enabled = false (custom)
2019-09-04 02:52:07,659 [pool-505-thread-1] INFO  impl.RaftServerImpl (ServerState.java:<init>(105)) - 286cf2fc-8844-46ee-9444-4b1ba8aaca71:group-091C0BDF9260 ConfigurationManager, init=-1: [286cf2fc-8844-46ee-9444-4b1ba8aaca71:192.168.69.105:40418], old=null, confs=<EMPTY_MAP>
2019-09-04 02:52:07,659 [pool-505-thread-1] INFO  server.RaftServerConfigKeys (ConfUtils.java:logGet(43)) - raft.server.storage.dir = [/workdir/hadoop-ozone/integration-test/target/test-dir/MiniOzoneClusterImpl-3bb735bc-39a8-4554-8887-bfbd0a1de759/datanode-6/data/ratis] (custom)
2019-09-04 02:52:07,659 [pool-505-thread-1] INFO  storage.RaftStorageDirectory (RaftStorageDirectory.java:analyzeStorage(246)) - The storage directory /workdir/hadoop-ozone/integration-test/target/test-dir/MiniOzoneClusterImpl-3bb735bc-39a8-4554-8887-bfbd0a1de759/datanode-6/data/ratis/d056f7d1-718e-4999-860e-091c0bdf9260 does not exist. Creating ...
2019-09-04 02:52:07,682 [pool-505-thread-1] INFO  storage.RaftStorageDirectory (RaftStorageDirectory.java:tryLock(328)) - Lock on /workdir/hadoop-ozone/integration-test/target/test-dir/MiniOzoneClusterImpl-3bb735bc-39a8-4554-8887-bfbd0a1de759/datanode-6/data/ratis/d056f7d1-718e-4999-860e-091c0bdf9260/in_use.lock acquired by nodename 16972@pr-hdds-1571-zhvv9-3536733312
2019-09-04 02:52:07,707 [pool-505-thread-1] INFO  storage.RaftStorage (RaftStorage.java:format(72)) - Storage directory /workdir/hadoop-ozone/integration-test/target/test-dir/MiniOzoneClusterImpl-3bb735bc-39a8-4554-8887-bfbd0a1de759/datanode-6/data/ratis/d056f7d1-718e-4999-860e-091c0bdf9260 has been successfully formatted.
2019-09-04 02:52:07,708 [pool-505-thread-1] INFO  ratis.ContainerStateMachine (ContainerStateMachine.java:loadSnapshot(226)) - group-091C0BDF9260: The snapshot info is null. Setting the last applied indexto:(t:0, i:~)
2019-09-04 02:52:07,708 [pool-505-thread-1] INFO  server.RaftServerConfigKeys (ConfUtils.java:logGet(43)) - raft.server.leader.election.timeout = 120s (custom)
2019-09-04 02:52:07,708 [pool-505-thread-1] INFO  server.RaftServerConfigKeys (ConfUtils.java:logGet(43)) - raft.server.log.use.memory = false (default)
2019-09-04 02:52:07,708 [pool-505-thread-1] INFO  server.RaftServerConfigKeys (ConfUtils.java:logGet(43)) - raft.server.log.purge.gap = 1000000 (custom)
2019-09-04 02:52:07,708 [pool-505-thread-1] INFO  server.RaftServerConfigKeys (ConfUtils.java:logGet(43)) - raft.server.log.appender.buffer.byte-limit = 33554432 (custom)
2019-09-04 02:52:07,709 [pool-505-thread-1] INFO  server.RaftServerConfigKeys (ConfUtils.java:logGet(43)) - raft.server.log.segment.size.max = 1048576 (custom)
2019-09-04 02:52:07,709 [pool-505-thread-1] INFO  server.RaftServerConfigKeys (ConfUtils.java:logGet(43)) - raft.server.log.segment.cache.num.max = 2 (custom)
2019-09-04 02:52:07,709 [pool-505-thread-1] INFO  segmented.SegmentedRaftLogWorker (SegmentedRaftLogWorker.java:<init>(172)) - new 286cf2fc-8844-46ee-9444-4b1ba8aaca71-SegmentedRaftLogWorker:Storage Directory /workdir/hadoop-ozone/integration-test/target/test-dir/MiniOzoneClusterImpl-3bb735bc-39a8-4554-8887-bfbd0a1de759/datanode-6/data/ratis/d056f7d1-718e-4999-860e-091c0bdf9260 for RaftStorage:Storage Directory /workdir/hadoop-ozone/integration-test/target/test-dir/MiniOzoneClusterImpl-3bb735bc-39a8-4554-8887-bfbd0a1de759/datanode-6/data/ratis/d056f7d1-718e-4999-860e-091c0bdf9260
2019-09-04 02:52:07,709 [pool-505-thread-1] INFO  server.RaftServerConfigKeys (ConfUtils.java:logGet(43)) - raft.server.log.queue.byte-limit = 2147483647 (custom)
2019-09-04 02:52:07,709 [pool-505-thread-1] INFO  server.RaftServerConfigKeys (ConfUtils.java:logGet(43)) - raft.server.log.queue.element-limit = 1024 (custom)
2019-09-04 02:52:07,710 [pool-505-thread-1] INFO  server.RaftServerConfigKeys (ConfUtils.java:logGet(43)) - raft.server.log.segment.size.max = 1048576 (custom)
2019-09-04 02:52:07,710 [pool-505-thread-1] INFO  server.RaftServerConfigKeys (ConfUtils.java:logGet(43)) - raft.server.log.preallocated.size = 16384 (custom)
2019-09-04 02:52:07,710 [pool-505-thread-1] INFO  server.RaftServerConfigKeys (ConfUtils.java:logGet(43)) - raft.server.log.write.buffer.size = 33554432 (custom)
2019-09-04 02:52:07,710 [pool-505-thread-1] INFO  server.RaftServerConfigKeys (ConfUtils.java:logGet(43)) - raft.server.log.force.sync.num = 128 (default)
2019-09-04 02:52:07,710 [pool-505-thread-1] INFO  server.RaftServerConfigKeys (ConfUtils.java:logGet(43)) - raft.server.log.statemachine.data.sync = true (default)
2019-09-04 02:52:07,710 [pool-505-thread-1] INFO  server.RaftServerConfigKeys (ConfUtils.java:logGet(43)) - raft.server.log.statemachine.data.sync.timeout = 10s (default)
2019-09-04 02:52:07,710 [pool-505-thread-1] INFO  server.RaftServerConfigKeys (ConfUtils.java:logGet(43)) - raft.server.log.statemachine.data.sync.timeout.retry = -1 (default)
2019-09-04 02:52:07,711 [pool-505-thread-1] INFO  server.RaftServerConfigKeys (ConfUtils.java:logGet(43)) - raft.server.log.statemachine.data.caching.enabled = true (custom)
2019-09-04 02:52:07,711 [pool-505-thread-1] INFO  segmented.SegmentedRaftLogWorker (SegmentedRaftLogWorker.java:lambda$new$0(132)) - 286cf2fc-8844-46ee-9444-4b1ba8aaca71-SegmentedRaftLogWorker:Storage Directory /workdir/hadoop-ozone/integration-test/target/test-dir/MiniOzoneClusterImpl-3bb735bc-39a8-4554-8887-bfbd0a1de759/datanode-6/data/ratis/d056f7d1-718e-4999-860e-091c0bdf9260: flushIndex: setUnconditionally 0 -> -1
2019-09-04 02:52:07,711 [pool-505-thread-1] INFO  server.RaftServerConfigKeys (ConfUtils.java:logGet(43)) - raft.server.snapshot.auto.trigger.enabled = true (custom)
2019-09-04 02:52:07,712 [pool-505-thread-1] INFO  server.RaftServerConfigKeys (ConfUtils.java:logGet(43)) - raft.server.snapshot.auto.trigger.threshold = 10000 (custom)
2019-09-04 02:52:07,712 [pool-505-thread-1] INFO  server.RaftServerConfigKeys (ConfUtils.java:logGet(43)) - raft.server.retrycache.expirytime = 600000ms (custom)
2019-09-04 02:52:07,712 [pool-505-thread-1] INFO  impl.RaftServerImpl (RaftServerImpl.java:start(180)) - 286cf2fc-8844-46ee-9444-4b1ba8aaca71: start group-091C0BDF9260
2019-09-04 02:52:07,712 [pool-505-thread-1] INFO  impl.RaftServerImpl (RaftServerImpl.java:setRole(171)) - 286cf2fc-8844-46ee-9444-4b1ba8aaca71:group-091C0BDF9260 changes role from null to FOLLOWER at term 0 for startAsFollower
2019-09-04 02:52:07,712 [pool-505-thread-1] INFO  impl.RoleInfo (RoleInfo.java:updateAndGet(143)) - 286cf2fc-8844-46ee-9444-4b1ba8aaca71: start FollowerState
2019-09-04 02:52:07,713 [pool-505-thread-1] INFO  util.JmxRegister (JmxRegister.java:tryRegister(44)) - Successfully registered JMX Bean with object name Ratis:service=RaftServer,group=group-091C0BDF9260,id=286cf2fc-8844-46ee-9444-4b1ba8aaca71
2019-09-04 02:52:07,715 [RatisPipelineUtilsThread] INFO  pipeline.PipelineStateManager (PipelineStateManager.java:addPipeline(56)) - Created pipeline Pipeline[ Id: d056f7d1-718e-4999-860e-091c0bdf9260, Nodes: 286cf2fc-8844-46ee-9444-4b1ba8aaca71{ip: 192.168.69.105, host: pr-hdds-1571-zhvv9-3536733312, networkLocation: /default-rack, certSerialId: null}, Type:RATIS, Factor:ONE, State:OPEN]
2019-09-04 02:52:07,936 | INFO  | SCMAudit | user=jenkins1000 | ip=192.168.69.105 | op=SEND_HEARTBEAT {datanodeUUID=154d8629-f136-4e53-aadf-9bd077e86354, command=[]} | ret=SUCCESS |  
2019-09-04 02:52:08,131 | INFO  | SCMAudit | user=jenkins1000 | ip=192.168.69.105 | op=SEND_HEARTBEAT {datanodeUUID=dce5e157-40d9-4523-b22e-1358f0218fe7, command=[]} | ret=SUCCESS |  
2019-09-04 02:52:08,644 | INFO  | SCMAudit | user=jenkins1000 | ip=192.168.69.105 | op=SEND_HEARTBEAT {datanodeUUID=b1e4c1b6-3c4e-42d0-bbe8-a94c9c1f6655, command=[]} | ret=SUCCESS |  
2019-09-04 02:52:08,648 [main] INFO  ozone.MiniOzoneClusterImpl (MiniOzoneClusterImpl.java:lambda$waitForClusterToBeReady$0(142)) - Cluster is ready. Got 7 of 7 DN Heartbeats.
2019-09-04 02:52:08,687 [main] INFO  rpc.RpcClient (RpcClient.java:createVolume(293)) - Creating Volume: testblockoutputstream, with jenkins1000 as owner.
2019-09-04 02:52:08,690 | INFO  | OMAudit | user=jenkins1000 | ip=127.0.0.1 | op=CREATE_VOLUME {admin=jenkins1000, owner=jenkins1000, volume=testblockoutputstream, creationTime=1567565528689, quotaInBytes=1152921504606846976} | ret=SUCCESS |  
2019-09-04 02:52:08,703 | INFO  | OMAudit | user=jenkins1000 | ip=127.0.0.1 | op=READ_VOLUME {volume=testblockoutputstream} | ret=SUCCESS |  
2019-09-04 02:52:08,704 [main] INFO  rpc.RpcClient (RpcClient.java:createBucket(432)) - Creating Bucket: testblockoutputstream/testblockoutputstream, with Versioning false and Storage Type set to DISK and Encryption set to false 
2019-09-04 02:52:08,708 | INFO  | OMAudit | user=jenkins1000 | ip=127.0.0.1 | op=CREATE_BUCKET {volume=testblockoutputstream, bucket=testblockoutputstream, acls=[user:jenkins1000:a[ACCESS], group:default:a[ACCESS]], isVersionEnabled=false, storageType=DISK, creationTime=0} | ret=SUCCESS |  
2019-09-04 02:52:08,710 | INFO  | OMAudit | user=jenkins1000 | ip=127.0.0.1 | op=READ_VOLUME {volume=testblockoutputstream} | ret=SUCCESS |  
2019-09-04 02:52:08,711 | INFO  | OMAudit | user=jenkins1000 | ip=127.0.0.1 | op=READ_BUCKET {volume=testblockoutputstream, bucket=testblockoutputstream} | ret=SUCCESS |  
2019-09-04 02:52:08,717 | INFO  | SCMAudit | user=jenkins1000 | ip=192.168.69.105 | op=ALLOCATE_BLOCK {owner=ea03fe8f-d68c-446a-a565-8a56f4eb7696, size=800, type=RATIS, factor=THREE} | ret=SUCCESS |  
2019-09-04 02:52:08,721 | INFO  | OMAudit | user=jenkins1000 | ip=127.0.0.1 | op=ALLOCATE_KEY {volume=testblockoutputstream, bucket=testblockoutputstream, key=57560b3a-3e39-4319-b808-bc988a75ea78, dataSize=0, replicationType=RATIS, replicationFactor=THREE, keyLocationInfo=null} | ret=SUCCESS |  
2019-09-04 02:52:08,736 [grpc-default-executor-6] INFO  client.GrpcClientProtocolClient (GrpcClientProtocolClient.java:onNext(255)) - client-97E3E93305C8->154d8629-f136-4e53-aadf-9bd077e86354: receive RaftClientReply:client-97E3E93305C8->154d8629-f136-4e53-aadf-9bd077e86354@group-806C3156DE83, cid=175, FAILED org.apache.ratis.protocol.NotLeaderException: Server 154d8629-f136-4e53-aadf-9bd077e86354 is not the leader (null). Request must be sent to leader., logIndex=0, commits[154d8629-f136-4e53-aadf-9bd077e86354:c-1]
2019-09-04 02:52:08,919 | INFO  | SCMAudit | user=jenkins1000 | ip=192.168.69.105 | op=SEND_HEARTBEAT {datanodeUUID=52e0c0e6-3dc5-428d-bf4a-8d3652f6b397, command=[]} | ret=SUCCESS |  
2019-09-04 02:52:08,936 | INFO  | SCMAudit | user=jenkins1000 | ip=192.168.69.105 | op=SEND_HEARTBEAT {datanodeUUID=154d8629-f136-4e53-aadf-9bd077e86354, command=[]} | ret=SUCCESS |  
2019-09-04 02:52:08,950 [Thread-3322] INFO  container.ReplicationManager (ReplicationManager.java:start(151)) - Starting Replication Monitor Thread.
2019-09-04 02:52:08,954 [ReplicationMonitor] INFO  container.ReplicationManager (ReplicationManager.java:run(214)) - Replication Monitor Thread took 0 milliseconds for processing 1 containers.
2019-09-04 02:52:09,132 | INFO  | SCMAudit | user=jenkins1000 | ip=192.168.69.105 | op=SEND_HEARTBEAT {datanodeUUID=dce5e157-40d9-4523-b22e-1358f0218fe7, command=[]} | ret=SUCCESS |  
2019-09-04 02:52:09,167 | INFO  | SCMAudit | user=jenkins1000 | ip=192.168.69.105 | op=SEND_HEARTBEAT {datanodeUUID=dc9e03c0-8020-4c07-86bb-8ce93298a35b, command=[]} | ret=SUCCESS |  
2019-09-04 02:52:09,401 | INFO  | SCMAudit | user=jenkins1000 | ip=192.168.69.105 | op=SEND_HEARTBEAT {datanodeUUID=fa558e8a-2244-404c-aea9-82357d9e09e8, command=[]} | ret=SUCCESS |  
2019-09-04 02:52:09,644 | INFO  | SCMAudit | user=jenkins1000 | ip=192.168.69.105 | op=SEND_HEARTBEAT {datanodeUUID=b1e4c1b6-3c4e-42d0-bbe8-a94c9c1f6655, command=[]} | ret=SUCCESS |  
2019-09-04 02:52:09,647 | INFO  | SCMAudit | user=jenkins1000 | ip=192.168.69.105 | op=SEND_HEARTBEAT {datanodeUUID=286cf2fc-8844-46ee-9444-4b1ba8aaca71, command=[]} | ret=SUCCESS |  
2019-09-04 02:52:09,748 [grpc-default-executor-0] INFO  client.GrpcClientProtocolClient (GrpcClientProtocolClient.java:onNext(255)) - client-97E3E93305C8->b1e4c1b6-3c4e-42d0-bbe8-a94c9c1f6655: receive RaftClientReply:client-97E3E93305C8->b1e4c1b6-3c4e-42d0-bbe8-a94c9c1f6655@group-806C3156DE83, cid=175, FAILED org.apache.ratis.protocol.NotLeaderException: Server b1e4c1b6-3c4e-42d0-bbe8-a94c9c1f6655 is not the leader (null). Request must be sent to leader., logIndex=0, commits[b1e4c1b6-3c4e-42d0-bbe8-a94c9c1f6655:c-1]
2019-09-04 02:52:09,919 | INFO  | SCMAudit | user=jenkins1000 | ip=192.168.69.105 | op=SEND_HEARTBEAT {datanodeUUID=52e0c0e6-3dc5-428d-bf4a-8d3652f6b397, command=[]} | ret=SUCCESS |  
2019-09-04 02:52:09,936 | INFO  | SCMAudit | user=jenkins1000 | ip=192.168.69.105 | op=SEND_HEARTBEAT {datanodeUUID=154d8629-f136-4e53-aadf-9bd077e86354, command=[]} | ret=SUCCESS |  
2019-09-04 02:52:10,133 | INFO  | SCMAudit | user=jenkins1000 | ip=192.168.69.105 | op=SEND_HEARTBEAT {datanodeUUID=dce5e157-40d9-4523-b22e-1358f0218fe7, command=[]} | ret=SUCCESS |  
2019-09-04 02:52:10,167 | INFO  | SCMAudit | user=jenkins1000 | ip=192.168.69.105 | op=SEND_HEARTBEAT {datanodeUUID=dc9e03c0-8020-4c07-86bb-8ce93298a35b, command=[]} | ret=SUCCESS |  
2019-09-04 02:52:10,401 | INFO  | SCMAudit | user=jenkins1000 | ip=192.168.69.105 | op=SEND_HEARTBEAT {datanodeUUID=fa558e8a-2244-404c-aea9-82357d9e09e8, command=[]} | ret=SUCCESS |  
2019-09-04 02:52:10,644 | INFO  | SCMAudit | user=jenkins1000 | ip=192.168.69.105 | op=SEND_HEARTBEAT {datanodeUUID=b1e4c1b6-3c4e-42d0-bbe8-a94c9c1f6655, command=[]} | ret=SUCCESS |  
2019-09-04 02:52:10,647 | INFO  | SCMAudit | user=jenkins1000 | ip=192.168.69.105 | op=SEND_HEARTBEAT {datanodeUUID=286cf2fc-8844-46ee-9444-4b1ba8aaca71, command=[]} | ret=SUCCESS |  
2019-09-04 02:52:10,763 [grpc-default-executor-0] INFO  client.GrpcClientProtocolClient (GrpcClientProtocolClient.java:onNext(255)) - client-97E3E93305C8->dce5e157-40d9-4523-b22e-1358f0218fe7: receive RaftClientReply:client-97E3E93305C8->dce5e157-40d9-4523-b22e-1358f0218fe7@group-806C3156DE83, cid=175, FAILED org.apache.ratis.protocol.NotLeaderException: Server dce5e157-40d9-4523-b22e-1358f0218fe7 is not the leader (null). Request must be sent to leader., logIndex=0, commits[dce5e157-40d9-4523-b22e-1358f0218fe7:c-1]
2019-09-04 02:52:10,920 | INFO  | SCMAudit | user=jenkins1000 | ip=192.168.69.105 | op=SEND_HEARTBEAT {datanodeUUID=52e0c0e6-3dc5-428d-bf4a-8d3652f6b397, command=[]} | ret=SUCCESS |  
2019-09-04 02:52:10,936 | INFO  | SCMAudit | user=jenkins1000 | ip=192.168.69.105 | op=SEND_HEARTBEAT {datanodeUUID=154d8629-f136-4e53-aadf-9bd077e86354, command=[]} | ret=SUCCESS |  
2019-09-04 02:52:11,031 [Thread-3324] INFO  impl.FollowerState (FollowerState.java:run(106)) - 154d8629-f136-4e53-aadf-9bd077e86354:group-5711B9F3B564 changes to CANDIDATE, lastRpcTime:5009, electionTimeout:5009ms
2019-09-04 02:52:11,031 [Thread-3324] INFO  impl.RoleInfo (RoleInfo.java:shutdownFollowerState(121)) - 154d8629-f136-4e53-aadf-9bd077e86354: shutdown FollowerState
2019-09-04 02:52:11,032 [Thread-3324] INFO  impl.RaftServerImpl (RaftServerImpl.java:setRole(171)) - 154d8629-f136-4e53-aadf-9bd077e86354:group-5711B9F3B564 changes role from FOLLOWER to CANDIDATE at term 0 for changeToCandidate
2019-09-04 02:52:11,032 [Thread-3324] INFO  impl.RoleInfo (RoleInfo.java:updateAndGet(143)) - 154d8629-f136-4e53-aadf-9bd077e86354: start LeaderElection
2019-09-04 02:52:11,067 [154d8629-f136-4e53-aadf-9bd077e86354:group-5711B9F3B564:LeaderElection61] INFO  impl.LeaderElection (LeaderElection.java:askForVotes(181)) - 154d8629-f136-4e53-aadf-9bd077e86354:group-5711B9F3B564:LeaderElection61: begin an election at term 1 for -1: [154d8629-f136-4e53-aadf-9bd077e86354:192.168.69.105:40610], old=null
2019-09-04 02:52:11,067 [154d8629-f136-4e53-aadf-9bd077e86354:group-5711B9F3B564:LeaderElection61] INFO  impl.RoleInfo (RoleInfo.java:shutdownLeaderElection(134)) - 154d8629-f136-4e53-aadf-9bd077e86354: shutdown LeaderElection
2019-09-04 02:52:11,067 [154d8629-f136-4e53-aadf-9bd077e86354:group-5711B9F3B564:LeaderElection61] INFO  impl.RaftServerImpl (RaftServerImpl.java:setRole(171)) - 154d8629-f136-4e53-aadf-9bd077e86354:group-5711B9F3B564 changes role from CANDIDATE to LEADER at term 1 for changeToLeader
2019-09-04 02:52:11,067 [154d8629-f136-4e53-aadf-9bd077e86354:group-5711B9F3B564:LeaderElection61] INFO  impl.RaftServerImpl (ServerState.java:setLeader(263)) - 154d8629-f136-4e53-aadf-9bd077e86354:group-5711B9F3B564 change Leader from null to 154d8629-f136-4e53-aadf-9bd077e86354 at term 1 for becomeLeader, leader elected after 5053ms
2019-09-04 02:52:11,067 [154d8629-f136-4e53-aadf-9bd077e86354:group-5711B9F3B564:LeaderElection61] INFO  server.RaftServerConfigKeys (ConfUtils.java:logGet(43)) - raft.server.staging.catchup.gap = 1000 (default)
2019-09-04 02:52:11,068 [154d8629-f136-4e53-aadf-9bd077e86354:group-5711B9F3B564:LeaderElection61] INFO  server.RaftServerConfigKeys (ConfUtils.java:logGet(43)) - raft.server.rpc.sleep.time = 25ms (default)
2019-09-04 02:52:11,068 [154d8629-f136-4e53-aadf-9bd077e86354:group-5711B9F3B564:LeaderElection61] INFO  server.RaftServerConfigKeys (ConfUtils.java:logGet(43)) - raft.server.write.element-limit = 4096 (default)
2019-09-04 02:52:11,068 [154d8629-f136-4e53-aadf-9bd077e86354:group-5711B9F3B564:LeaderElection61] INFO  server.RaftServerConfigKeys (ConfUtils.java:logGet(43)) - raft.server.watch.timeout = 10s (default)
2019-09-04 02:52:11,068 [154d8629-f136-4e53-aadf-9bd077e86354:group-5711B9F3B564:LeaderElection61] INFO  server.RaftServerConfigKeys (ConfUtils.java:logGet(43)) - raft.server.watch.timeout.denomination = 1s (default)
2019-09-04 02:52:11,068 [154d8629-f136-4e53-aadf-9bd077e86354:group-5711B9F3B564:LeaderElection61] INFO  server.RaftServerConfigKeys (ConfUtils.java:logGet(43)) - raft.server.watch.element-limit = 65536 (default)
2019-09-04 02:52:11,069 [154d8629-f136-4e53-aadf-9bd077e86354:group-5711B9F3B564:LeaderElection61] INFO  impl.RoleInfo (RoleInfo.java:updateAndGet(143)) - 154d8629-f136-4e53-aadf-9bd077e86354: start LeaderState
2019-09-04 02:52:11,069 [154d8629-f136-4e53-aadf-9bd077e86354:group-5711B9F3B564:LeaderElection61] INFO  segmented.SegmentedRaftLogWorker (SegmentedRaftLogWorker.java:startLogSegment(380)) - 154d8629-f136-4e53-aadf-9bd077e86354-SegmentedRaftLogWorker:Storage Directory /workdir/hadoop-ozone/integration-test/target/test-dir/MiniOzoneClusterImpl-3bb735bc-39a8-4554-8887-bfbd0a1de759/datanode-0/data/ratis/0f0f5b2d-3218-4403-b5b3-5711b9f3b564: Starting segment from index:0
2019-09-04 02:52:11,070 [154d8629-f136-4e53-aadf-9bd077e86354:group-5711B9F3B564:LeaderElection61] INFO  impl.RaftServerImpl (ServerState.java:setRaftConf(361)) - 154d8629-f136-4e53-aadf-9bd077e86354:group-5711B9F3B564 set configuration 0: [154d8629-f136-4e53-aadf-9bd077e86354:192.168.69.105:40610], old=null at 0
2019-09-04 02:52:11,126 [154d8629-f136-4e53-aadf-9bd077e86354-SegmentedRaftLogWorker:Storage Directory /workdir/hadoop-ozone/integration-test/target/test-dir/MiniOzoneClusterImpl-3bb735bc-39a8-4554-8887-bfbd0a1de759/datanode-0/data/ratis/0f0f5b2d-3218-4403-b5b3-5711b9f3b564] INFO  segmented.SegmentedRaftLogWorker (SegmentedRaftLogWorker.java:execute(569)) - 154d8629-f136-4e53-aadf-9bd077e86354-SegmentedRaftLogWorker:Storage Directory /workdir/hadoop-ozone/integration-test/target/test-dir/MiniOzoneClusterImpl-3bb735bc-39a8-4554-8887-bfbd0a1de759/datanode-0/data/ratis/0f0f5b2d-3218-4403-b5b3-5711b9f3b564: created new log segment /workdir/hadoop-ozone/integration-test/target/test-dir/MiniOzoneClusterImpl-3bb735bc-39a8-4554-8887-bfbd0a1de759/datanode-0/data/ratis/0f0f5b2d-3218-4403-b5b3-5711b9f3b564/current/log_inprogress_0
2019-09-04 02:52:11,133 | INFO  | SCMAudit | user=jenkins1000 | ip=192.168.69.105 | op=SEND_HEARTBEAT {datanodeUUID=dce5e157-40d9-4523-b22e-1358f0218fe7, command=[]} | ret=SUCCESS |  
2019-09-04 02:52:11,168 | INFO  | SCMAudit | user=jenkins1000 | ip=192.168.69.105 | op=SEND_HEARTBEAT {datanodeUUID=dc9e03c0-8020-4c07-86bb-8ce93298a35b, command=[]} | ret=SUCCESS |  
2019-09-04 02:52:11,331 [Thread-3327] INFO  impl.FollowerState (FollowerState.java:run(106)) - dce5e157-40d9-4523-b22e-1358f0218fe7:group-61F618D539F3 changes to CANDIDATE, lastRpcTime:5117, electionTimeout:5117ms
2019-09-04 02:52:11,331 [Thread-3327] INFO  impl.RoleInfo (RoleInfo.java:shutdownFollowerState(121)) - dce5e157-40d9-4523-b22e-1358f0218fe7: shutdown FollowerState
2019-09-04 02:52:11,331 [Thread-3327] INFO  impl.RaftServerImpl (RaftServerImpl.java:setRole(171)) - dce5e157-40d9-4523-b22e-1358f0218fe7:group-61F618D539F3 changes role from FOLLOWER to CANDIDATE at term 0 for changeToCandidate
2019-09-04 02:52:11,331 [Thread-3327] INFO  impl.RoleInfo (RoleInfo.java:updateAndGet(143)) - dce5e157-40d9-4523-b22e-1358f0218fe7: start LeaderElection
2019-09-04 02:52:11,362 [dce5e157-40d9-4523-b22e-1358f0218fe7:group-61F618D539F3:LeaderElection62] INFO  impl.LeaderElection (LeaderElection.java:askForVotes(181)) - dce5e157-40d9-4523-b22e-1358f0218fe7:group-61F618D539F3:LeaderElection62: begin an election at term 1 for -1: [dce5e157-40d9-4523-b22e-1358f0218fe7:192.168.69.105:38536], old=null
2019-09-04 02:52:11,362 [dce5e157-40d9-4523-b22e-1358f0218fe7:group-61F618D539F3:LeaderElection62] INFO  impl.RoleInfo (RoleInfo.java:shutdownLeaderElection(134)) - dce5e157-40d9-4523-b22e-1358f0218fe7: shutdown LeaderElection
2019-09-04 02:52:11,362 [dce5e157-40d9-4523-b22e-1358f0218fe7:group-61F618D539F3:LeaderElection62] INFO  impl.RaftServerImpl (RaftServerImpl.java:setRole(171)) - dce5e157-40d9-4523-b22e-1358f0218fe7:group-61F618D539F3 changes role from CANDIDATE to LEADER at term 1 for changeToLeader
2019-09-04 02:52:11,362 [dce5e157-40d9-4523-b22e-1358f0218fe7:group-61F618D539F3:LeaderElection62] INFO  impl.RaftServerImpl (ServerState.java:setLeader(263)) - dce5e157-40d9-4523-b22e-1358f0218fe7:group-61F618D539F3 change Leader from null to dce5e157-40d9-4523-b22e-1358f0218fe7 at term 1 for becomeLeader, leader elected after 5154ms
2019-09-04 02:52:11,363 [dce5e157-40d9-4523-b22e-1358f0218fe7:group-61F618D539F3:LeaderElection62] INFO  server.RaftServerConfigKeys (ConfUtils.java:logGet(43)) - raft.server.staging.catchup.gap = 1000 (default)
2019-09-04 02:52:11,363 [dce5e157-40d9-4523-b22e-1358f0218fe7:group-61F618D539F3:LeaderElection62] INFO  server.RaftServerConfigKeys (ConfUtils.java:logGet(43)) - raft.server.rpc.sleep.time = 25ms (default)
2019-09-04 02:52:11,363 [dce5e157-40d9-4523-b22e-1358f0218fe7:group-61F618D539F3:LeaderElection62] INFO  server.RaftServerConfigKeys (ConfUtils.java:logGet(43)) - raft.server.write.element-limit = 4096 (default)
2019-09-04 02:52:11,363 [dce5e157-40d9-4523-b22e-1358f0218fe7:group-61F618D539F3:LeaderElection62] INFO  server.RaftServerConfigKeys (ConfUtils.java:logGet(43)) - raft.server.watch.timeout = 10s (default)
2019-09-04 02:52:11,363 [dce5e157-40d9-4523-b22e-1358f0218fe7:group-61F618D539F3:LeaderElection62] INFO  server.RaftServerConfigKeys (ConfUtils.java:logGet(43)) - raft.server.watch.timeout.denomination = 1s (default)
2019-09-04 02:52:11,364 [dce5e157-40d9-4523-b22e-1358f0218fe7:group-61F618D539F3:LeaderElection62] INFO  server.RaftServerConfigKeys (ConfUtils.java:logGet(43)) - raft.server.watch.element-limit = 65536 (default)
2019-09-04 02:52:11,364 [dce5e157-40d9-4523-b22e-1358f0218fe7:group-61F618D539F3:LeaderElection62] INFO  impl.RoleInfo (RoleInfo.java:updateAndGet(143)) - dce5e157-40d9-4523-b22e-1358f0218fe7: start LeaderState
2019-09-04 02:52:11,364 [dce5e157-40d9-4523-b22e-1358f0218fe7:group-61F618D539F3:LeaderElection62] INFO  segmented.SegmentedRaftLogWorker (SegmentedRaftLogWorker.java:startLogSegment(380)) - dce5e157-40d9-4523-b22e-1358f0218fe7-SegmentedRaftLogWorker:Storage Directory /workdir/hadoop-ozone/integration-test/target/test-dir/MiniOzoneClusterImpl-3bb735bc-39a8-4554-8887-bfbd0a1de759/datanode-1/data/ratis/f4c544ca-887f-4c9f-a693-61f618d539f3: Starting segment from index:0
2019-09-04 02:52:11,365 [dce5e157-40d9-4523-b22e-1358f0218fe7:group-61F618D539F3:LeaderElection62] INFO  impl.RaftServerImpl (ServerState.java:setRaftConf(361)) - dce5e157-40d9-4523-b22e-1358f0218fe7:group-61F618D539F3 set configuration 0: [dce5e157-40d9-4523-b22e-1358f0218fe7:192.168.69.105:38536], old=null at 0
2019-09-04 02:52:11,402 | INFO  | SCMAudit | user=jenkins1000 | ip=192.168.69.105 | op=SEND_HEARTBEAT {datanodeUUID=fa558e8a-2244-404c-aea9-82357d9e09e8, command=[]} | ret=SUCCESS |  
2019-09-04 02:52:11,418 [dce5e157-40d9-4523-b22e-1358f0218fe7-SegmentedRaftLogWorker:Storage Directory /workdir/hadoop-ozone/integration-test/target/test-dir/MiniOzoneClusterImpl-3bb735bc-39a8-4554-8887-bfbd0a1de759/datanode-1/data/ratis/f4c544ca-887f-4c9f-a693-61f618d539f3] INFO  segmented.SegmentedRaftLogWorker (SegmentedRaftLogWorker.java:execute(569)) - dce5e157-40d9-4523-b22e-1358f0218fe7-SegmentedRaftLogWorker:Storage Directory /workdir/hadoop-ozone/integration-test/target/test-dir/MiniOzoneClusterImpl-3bb735bc-39a8-4554-8887-bfbd0a1de759/datanode-1/data/ratis/f4c544ca-887f-4c9f-a693-61f618d539f3: created new log segment /workdir/hadoop-ozone/integration-test/target/test-dir/MiniOzoneClusterImpl-3bb735bc-39a8-4554-8887-bfbd0a1de759/datanode-1/data/ratis/f4c544ca-887f-4c9f-a693-61f618d539f3/current/log_inprogress_0
2019-09-04 02:52:11,645 | INFO  | SCMAudit | user=jenkins1000 | ip=192.168.69.105 | op=SEND_HEARTBEAT {datanodeUUID=b1e4c1b6-3c4e-42d0-bbe8-a94c9c1f6655, command=[]} | ret=SUCCESS |  
2019-09-04 02:52:11,647 | INFO  | SCMAudit | user=jenkins1000 | ip=192.168.69.105 | op=SEND_HEARTBEAT {datanodeUUID=286cf2fc-8844-46ee-9444-4b1ba8aaca71, command=[]} | ret=SUCCESS |  
2019-09-04 02:52:11,772 [grpc-default-executor-0] INFO  client.GrpcClientProtocolClient (GrpcClientProtocolClient.java:onNext(255)) - client-97E3E93305C8->b1e4c1b6-3c4e-42d0-bbe8-a94c9c1f6655: receive RaftClientReply:client-97E3E93305C8->b1e4c1b6-3c4e-42d0-bbe8-a94c9c1f6655@group-806C3156DE83, cid=175, FAILED org.apache.ratis.protocol.NotLeaderException: Server b1e4c1b6-3c4e-42d0-bbe8-a94c9c1f6655 is not the leader (null). Request must be sent to leader., logIndex=0, commits[b1e4c1b6-3c4e-42d0-bbe8-a94c9c1f6655:c-1]
2019-09-04 02:52:11,847 [Thread-3339] INFO  impl.FollowerState (FollowerState.java:run(106)) - dce5e157-40d9-4523-b22e-1358f0218fe7:group-806C3156DE83 changes to CANDIDATE, lastRpcTime:5023, electionTimeout:5023ms
2019-09-04 02:52:11,847 [Thread-3339] INFO  impl.RoleInfo (RoleInfo.java:shutdownFollowerState(121)) - dce5e157-40d9-4523-b22e-1358f0218fe7: shutdown FollowerState
2019-09-04 02:52:11,848 [Thread-3339] INFO  impl.RaftServerImpl (RaftServerImpl.java:setRole(171)) - dce5e157-40d9-4523-b22e-1358f0218fe7:group-806C3156DE83 changes role from FOLLOWER to CANDIDATE at term 0 for changeToCandidate
2019-09-04 02:52:11,848 [Thread-3339] INFO  impl.RoleInfo (RoleInfo.java:updateAndGet(143)) - dce5e157-40d9-4523-b22e-1358f0218fe7: start LeaderElection
2019-09-04 02:52:11,867 [Thread-3330] INFO  impl.FollowerState (FollowerState.java:run(106)) - b1e4c1b6-3c4e-42d0-bbe8-a94c9c1f6655:group-BC1CE0112A3F changes to CANDIDATE, lastRpcTime:5153, electionTimeout:5153ms
2019-09-04 02:52:11,867 [Thread-3330] INFO  impl.RoleInfo (RoleInfo.java:shutdownFollowerState(121)) - b1e4c1b6-3c4e-42d0-bbe8-a94c9c1f6655: shutdown FollowerState
2019-09-04 02:52:11,867 [Thread-3330] INFO  impl.RaftServerImpl (RaftServerImpl.java:setRole(171)) - b1e4c1b6-3c4e-42d0-bbe8-a94c9c1f6655:group-BC1CE0112A3F changes role from FOLLOWER to CANDIDATE at term 0 for changeToCandidate
2019-09-04 02:52:11,867 [Thread-3330] INFO  impl.RoleInfo (RoleInfo.java:updateAndGet(143)) - b1e4c1b6-3c4e-42d0-bbe8-a94c9c1f6655: start LeaderElection
2019-09-04 02:52:11,876 [dce5e157-40d9-4523-b22e-1358f0218fe7:group-806C3156DE83:LeaderElection63] INFO  impl.LeaderElection (LeaderElection.java:askForVotes(181)) - dce5e157-40d9-4523-b22e-1358f0218fe7:group-806C3156DE83:LeaderElection63: begin an election at term 1 for -1: [dce5e157-40d9-4523-b22e-1358f0218fe7:192.168.69.105:38536, b1e4c1b6-3c4e-42d0-bbe8-a94c9c1f6655:192.168.69.105:40763, 154d8629-f136-4e53-aadf-9bd077e86354:192.168.69.105:40610], old=null
2019-09-04 02:52:11,880 [grpc-default-executor-6] INFO  impl.RaftServerImpl (RaftServerImpl.java:setRole(171)) - b1e4c1b6-3c4e-42d0-bbe8-a94c9c1f6655:group-806C3156DE83 changes role from FOLLOWER to FOLLOWER at term 1 for recognizeCandidate:dce5e157-40d9-4523-b22e-1358f0218fe7
2019-09-04 02:52:11,880 [grpc-default-executor-0] INFO  impl.RaftServerImpl (RaftServerImpl.java:setRole(171)) - 154d8629-f136-4e53-aadf-9bd077e86354:group-806C3156DE83 changes role from FOLLOWER to FOLLOWER at term 1 for recognizeCandidate:dce5e157-40d9-4523-b22e-1358f0218fe7
2019-09-04 02:52:11,880 [grpc-default-executor-6] INFO  impl.RoleInfo (RoleInfo.java:shutdownFollowerState(121)) - b1e4c1b6-3c4e-42d0-bbe8-a94c9c1f6655: shutdown FollowerState
2019-09-04 02:52:11,880 [grpc-default-executor-0] INFO  impl.RoleInfo (RoleInfo.java:shutdownFollowerState(121)) - 154d8629-f136-4e53-aadf-9bd077e86354: shutdown FollowerState
2019-09-04 02:52:11,880 [Thread-3336] INFO  impl.FollowerState (FollowerState.java:run(114)) - b1e4c1b6-3c4e-42d0-bbe8-a94c9c1f6655: FollowerState was interrupted: java.lang.InterruptedException: sleep interrupted
2019-09-04 02:52:11,881 [Thread-3333] INFO  impl.FollowerState (FollowerState.java:run(114)) - 154d8629-f136-4e53-aadf-9bd077e86354: FollowerState was interrupted: java.lang.InterruptedException: sleep interrupted
2019-09-04 02:52:11,880 [grpc-default-executor-6] INFO  impl.RoleInfo (RoleInfo.java:updateAndGet(143)) - b1e4c1b6-3c4e-42d0-bbe8-a94c9c1f6655: start FollowerState
2019-09-04 02:52:11,881 [grpc-default-executor-0] INFO  impl.RoleInfo (RoleInfo.java:updateAndGet(143)) - 154d8629-f136-4e53-aadf-9bd077e86354: start FollowerState
2019-09-04 02:52:11,899 [b1e4c1b6-3c4e-42d0-bbe8-a94c9c1f6655:group-BC1CE0112A3F:LeaderElection64] INFO  impl.LeaderElection (LeaderElection.java:askForVotes(181)) - b1e4c1b6-3c4e-42d0-bbe8-a94c9c1f6655:group-BC1CE0112A3F:LeaderElection64: begin an election at term 1 for -1: [b1e4c1b6-3c4e-42d0-bbe8-a94c9c1f6655:192.168.69.105:40763], old=null
2019-09-04 02:52:11,899 [b1e4c1b6-3c4e-42d0-bbe8-a94c9c1f6655:group-BC1CE0112A3F:LeaderElection64] INFO  impl.RoleInfo (RoleInfo.java:shutdownLeaderElection(134)) - b1e4c1b6-3c4e-42d0-bbe8-a94c9c1f6655: shutdown LeaderElection
2019-09-04 02:52:11,899 [b1e4c1b6-3c4e-42d0-bbe8-a94c9c1f6655:group-BC1CE0112A3F:LeaderElection64] INFO  impl.RaftServerImpl (RaftServerImpl.java:setRole(171)) - b1e4c1b6-3c4e-42d0-bbe8-a94c9c1f6655:group-BC1CE0112A3F changes role from CANDIDATE to LEADER at term 1 for changeToLeader
2019-09-04 02:52:11,900 [b1e4c1b6-3c4e-42d0-bbe8-a94c9c1f6655:group-BC1CE0112A3F:LeaderElection64] INFO  impl.RaftServerImpl (ServerState.java:setLeader(263)) - b1e4c1b6-3c4e-42d0-bbe8-a94c9c1f6655:group-BC1CE0112A3F change Leader from null to b1e4c1b6-3c4e-42d0-bbe8-a94c9c1f6655 at term 1 for becomeLeader, leader elected after 5190ms
2019-09-04 02:52:11,900 [b1e4c1b6-3c4e-42d0-bbe8-a94c9c1f6655:group-BC1CE0112A3F:LeaderElection64] INFO  server.RaftServerConfigKeys (ConfUtils.java:logGet(43)) - raft.server.staging.catchup.gap = 1000 (default)
2019-09-04 02:52:11,900 [dce5e157-40d9-4523-b22e-1358f0218fe7:group-806C3156DE83:LeaderElection63] INFO  impl.LeaderElection (LeaderElection.java:logAndReturn(56)) - dce5e157-40d9-4523-b22e-1358f0218fe7:group-806C3156DE83:LeaderElection63: Election PASSED; received 1 response(s) [dce5e157-40d9-4523-b22e-1358f0218fe7<-b1e4c1b6-3c4e-42d0-bbe8-a94c9c1f6655#0:OK-t1] and 0 exception(s); dce5e157-40d9-4523-b22e-1358f0218fe7:t1, leader=null, voted=dce5e157-40d9-4523-b22e-1358f0218fe7, raftlog=dce5e157-40d9-4523-b22e-1358f0218fe7-SegmentedRaftLog:OPENED:c-1,f-1,i0, conf=-1: [dce5e157-40d9-4523-b22e-1358f0218fe7:192.168.69.105:38536, b1e4c1b6-3c4e-42d0-bbe8-a94c9c1f6655:192.168.69.105:40763, 154d8629-f136-4e53-aadf-9bd077e86354:192.168.69.105:40610], old=null
2019-09-04 02:52:11,900 [b1e4c1b6-3c4e-42d0-bbe8-a94c9c1f6655:group-BC1CE0112A3F:LeaderElection64] INFO  server.RaftServerConfigKeys (ConfUtils.java:logGet(43)) - raft.server.rpc.sleep.time = 25ms (default)
2019-09-04 02:52:11,900 [dce5e157-40d9-4523-b22e-1358f0218fe7:group-806C3156DE83:LeaderElection63] INFO  impl.RoleInfo (RoleInfo.java:shutdownLeaderElection(134)) - dce5e157-40d9-4523-b22e-1358f0218fe7: shutdown LeaderElection
2019-09-04 02:52:11,903 [b1e4c1b6-3c4e-42d0-bbe8-a94c9c1f6655:group-BC1CE0112A3F:LeaderElection64] INFO  server.RaftServerConfigKeys (ConfUtils.java:logGet(43)) - raft.server.write.element-limit = 4096 (default)
2019-09-04 02:52:11,903 [dce5e157-40d9-4523-b22e-1358f0218fe7:group-806C3156DE83:LeaderElection63] INFO  impl.RaftServerImpl (RaftServerImpl.java:setRole(171)) - dce5e157-40d9-4523-b22e-1358f0218fe7:group-806C3156DE83 changes role from CANDIDATE to LEADER at term 1 for changeToLeader
2019-09-04 02:52:11,903 [b1e4c1b6-3c4e-42d0-bbe8-a94c9c1f6655:group-BC1CE0112A3F:LeaderElection64] INFO  server.RaftServerConfigKeys (ConfUtils.java:logGet(43)) - raft.server.watch.timeout = 10s (default)
2019-09-04 02:52:11,903 [dce5e157-40d9-4523-b22e-1358f0218fe7:group-806C3156DE83:LeaderElection63] INFO  impl.RaftServerImpl (ServerState.java:setLeader(263)) - dce5e157-40d9-4523-b22e-1358f0218fe7:group-806C3156DE83 change Leader from null to dce5e157-40d9-4523-b22e-1358f0218fe7 at term 1 for becomeLeader, leader elected after 5117ms
2019-09-04 02:52:11,903 [b1e4c1b6-3c4e-42d0-bbe8-a94c9c1f6655:group-BC1CE0112A3F:LeaderElection64] INFO  server.RaftServerConfigKeys (ConfUtils.java:logGet(43)) - raft.server.watch.timeout.denomination = 1s (default)
2019-09-04 02:52:11,904 [dce5e157-40d9-4523-b22e-1358f0218fe7:group-806C3156DE83:LeaderElection63] INFO  server.RaftServerConfigKeys (ConfUtils.java:logGet(43)) - raft.server.staging.catchup.gap = 1000 (default)
2019-09-04 02:52:11,904 [b1e4c1b6-3c4e-42d0-bbe8-a94c9c1f6655:group-BC1CE0112A3F:LeaderElection64] INFO  server.RaftServerConfigKeys (ConfUtils.java:logGet(43)) - raft.server.watch.element-limit = 65536 (default)
2019-09-04 02:52:11,904 [dce5e157-40d9-4523-b22e-1358f0218fe7:group-806C3156DE83:LeaderElection63] INFO  server.RaftServerConfigKeys (ConfUtils.java:logGet(43)) - raft.server.rpc.sleep.time = 25ms (default)
2019-09-04 02:52:11,904 [dce5e157-40d9-4523-b22e-1358f0218fe7:group-806C3156DE83:LeaderElection63] INFO  server.RaftServerConfigKeys (ConfUtils.java:logGet(43)) - raft.server.write.element-limit = 4096 (default)
2019-09-04 02:52:11,904 [b1e4c1b6-3c4e-42d0-bbe8-a94c9c1f6655:group-BC1CE0112A3F:LeaderElection64] INFO  impl.RoleInfo (RoleInfo.java:updateAndGet(143)) - b1e4c1b6-3c4e-42d0-bbe8-a94c9c1f6655: start LeaderState
2019-09-04 02:52:11,904 [dce5e157-40d9-4523-b22e-1358f0218fe7:group-806C3156DE83:LeaderElection63] INFO  server.RaftServerConfigKeys (ConfUtils.java:logGet(43)) - raft.server.watch.timeout = 10s (default)
2019-09-04 02:52:11,904 [dce5e157-40d9-4523-b22e-1358f0218fe7:group-806C3156DE83:LeaderElection63] INFO  server.RaftServerConfigKeys (ConfUtils.java:logGet(43)) - raft.server.watch.timeout.denomination = 1s (default)
2019-09-04 02:52:11,904 [b1e4c1b6-3c4e-42d0-bbe8-a94c9c1f6655:group-BC1CE0112A3F:LeaderElection64] INFO  segmented.SegmentedRaftLogWorker (SegmentedRaftLogWorker.java:startLogSegment(380)) - b1e4c1b6-3c4e-42d0-bbe8-a94c9c1f6655-SegmentedRaftLogWorker:Storage Directory /workdir/hadoop-ozone/integration-test/target/test-dir/MiniOzoneClusterImpl-3bb735bc-39a8-4554-8887-bfbd0a1de759/datanode-2/data/ratis/4fd200c8-e765-49f2-ad3a-bc1ce0112a3f: Starting segment from index:0
2019-09-04 02:52:11,904 [dce5e157-40d9-4523-b22e-1358f0218fe7:group-806C3156DE83:LeaderElection63] INFO  server.RaftServerConfigKeys (ConfUtils.java:logGet(43)) - raft.server.watch.element-limit = 65536 (default)
2019-09-04 02:52:11,905 [dce5e157-40d9-4523-b22e-1358f0218fe7:group-806C3156DE83:LeaderElection63] INFO  server.RaftServerConfigKeys (ConfUtils.java:logGet(43)) - raft.server.log.appender.snapshot.chunk.size.max = 16MB (=16777216) (default)
2019-09-04 02:52:11,905 [b1e4c1b6-3c4e-42d0-bbe8-a94c9c1f6655:group-BC1CE0112A3F:LeaderElection64] INFO  impl.RaftServerImpl (ServerState.java:setRaftConf(361)) - b1e4c1b6-3c4e-42d0-bbe8-a94c9c1f6655:group-BC1CE0112A3F set configuration 0: [b1e4c1b6-3c4e-42d0-bbe8-a94c9c1f6655:192.168.69.105:40763], old=null at 0
2019-09-04 02:52:11,905 [dce5e157-40d9-4523-b22e-1358f0218fe7:group-806C3156DE83:LeaderElection63] INFO  server.RaftServerConfigKeys (ConfUtils.java:logGet(43)) - raft.server.log.appender.buffer.byte-limit = 33554432 (custom)
2019-09-04 02:52:11,935 [dce5e157-40d9-4523-b22e-1358f0218fe7:group-806C3156DE83:LeaderElection63] INFO  server.RaftServerConfigKeys (ConfUtils.java:logGet(43)) - raft.server.log.appender.buffer.element-limit = 1 (custom)
2019-09-04 02:52:11,936 | INFO  | SCMAudit | user=jenkins1000 | ip=192.168.69.105 | op=SEND_HEARTBEAT {datanodeUUID=52e0c0e6-3dc5-428d-bf4a-8d3652f6b397, command=[]} | ret=SUCCESS |  
2019-09-04 02:52:11,936 [dce5e157-40d9-4523-b22e-1358f0218fe7:group-806C3156DE83:LeaderElection63] INFO  grpc.GrpcConfigKeys$Server (ConfUtils.java:logGet(43)) - raft.grpc.server.leader.outstanding.appends.max = 128 (default)
2019-09-04 02:52:11,936 [dce5e157-40d9-4523-b22e-1358f0218fe7:group-806C3156DE83:LeaderElection63] INFO  server.RaftServerConfigKeys (ConfUtils.java:logGet(43)) - raft.server.rpc.request.timeout = 3000ms (default)
2019-09-04 02:52:11,936 | INFO  | SCMAudit | user=jenkins1000 | ip=192.168.69.105 | op=SEND_HEARTBEAT {datanodeUUID=154d8629-f136-4e53-aadf-9bd077e86354, command=[]} | ret=SUCCESS |  
2019-09-04 02:52:11,936 [dce5e157-40d9-4523-b22e-1358f0218fe7:group-806C3156DE83:LeaderElection63] INFO  server.RaftServerConfigKeys (ConfUtils.java:logGet(43)) - raft.server.log.appender.install.snapshot.enabled = false (custom)
2019-09-04 02:52:11,936 [dce5e157-40d9-4523-b22e-1358f0218fe7:group-806C3156DE83:LeaderElection63] INFO  server.RaftServerConfigKeys (ConfUtils.java:logGet(43)) - raft.server.log.appender.snapshot.chunk.size.max = 16MB (=16777216) (default)
2019-09-04 02:52:11,937 [dce5e157-40d9-4523-b22e-1358f0218fe7:group-806C3156DE83:LeaderElection63] INFO  server.RaftServerConfigKeys (ConfUtils.java:logGet(43)) - raft.server.log.appender.buffer.byte-limit = 33554432 (custom)
2019-09-04 02:52:11,937 [dce5e157-40d9-4523-b22e-1358f0218fe7:group-806C3156DE83:LeaderElection63] INFO  server.RaftServerConfigKeys (ConfUtils.java:logGet(43)) - raft.server.log.appender.buffer.element-limit = 1 (custom)
2019-09-04 02:52:11,937 [dce5e157-40d9-4523-b22e-1358f0218fe7:group-806C3156DE83:LeaderElection63] INFO  grpc.GrpcConfigKeys$Server (ConfUtils.java:logGet(43)) - raft.grpc.server.leader.outstanding.appends.max = 128 (default)
2019-09-04 02:52:11,937 [dce5e157-40d9-4523-b22e-1358f0218fe7:group-806C3156DE83:LeaderElection63] INFO  server.RaftServerConfigKeys (ConfUtils.java:logGet(43)) - raft.server.rpc.request.timeout = 3000ms (default)
2019-09-04 02:52:11,937 [dce5e157-40d9-4523-b22e-1358f0218fe7:group-806C3156DE83:LeaderElection63] INFO  server.RaftServerConfigKeys (ConfUtils.java:logGet(43)) - raft.server.log.appender.install.snapshot.enabled = false (custom)
2019-09-04 02:52:11,938 [dce5e157-40d9-4523-b22e-1358f0218fe7:group-806C3156DE83:LeaderElection63] INFO  impl.RoleInfo (RoleInfo.java:updateAndGet(143)) - dce5e157-40d9-4523-b22e-1358f0218fe7: start LeaderState
2019-09-04 02:52:11,938 [dce5e157-40d9-4523-b22e-1358f0218fe7:group-806C3156DE83:LeaderElection63] INFO  segmented.SegmentedRaftLogWorker (SegmentedRaftLogWorker.java:startLogSegment(380)) - dce5e157-40d9-4523-b22e-1358f0218fe7-SegmentedRaftLogWorker:Storage Directory /workdir/hadoop-ozone/integration-test/target/test-dir/MiniOzoneClusterImpl-3bb735bc-39a8-4554-8887-bfbd0a1de759/datanode-1/data/ratis/69585f61-d2a9-436a-8f53-806c3156de83: Starting segment from index:0
2019-09-04 02:52:11,939 [dce5e157-40d9-4523-b22e-1358f0218fe7:group-806C3156DE83:LeaderElection63] INFO  impl.RaftServerImpl (ServerState.java:setRaftConf(361)) - dce5e157-40d9-4523-b22e-1358f0218fe7:group-806C3156DE83 set configuration 0: [dce5e157-40d9-4523-b22e-1358f0218fe7:192.168.69.105:38536, b1e4c1b6-3c4e-42d0-bbe8-a94c9c1f6655:192.168.69.105:40763, 154d8629-f136-4e53-aadf-9bd077e86354:192.168.69.105:40610], old=null at 0
2019-09-04 02:52:11,980 [b1e4c1b6-3c4e-42d0-bbe8-a94c9c1f6655-SegmentedRaftLogWorker:Storage Directory /workdir/hadoop-ozone/integration-test/target/test-dir/MiniOzoneClusterImpl-3bb735bc-39a8-4554-8887-bfbd0a1de759/datanode-2/data/ratis/4fd200c8-e765-49f2-ad3a-bc1ce0112a3f] INFO  segmented.SegmentedRaftLogWorker (SegmentedRaftLogWorker.java:execute(569)) - b1e4c1b6-3c4e-42d0-bbe8-a94c9c1f6655-SegmentedRaftLogWorker:Storage Directory /workdir/hadoop-ozone/integration-test/target/test-dir/MiniOzoneClusterImpl-3bb735bc-39a8-4554-8887-bfbd0a1de759/datanode-2/data/ratis/4fd200c8-e765-49f2-ad3a-bc1ce0112a3f: created new log segment /workdir/hadoop-ozone/integration-test/target/test-dir/MiniOzoneClusterImpl-3bb735bc-39a8-4554-8887-bfbd0a1de759/datanode-2/data/ratis/4fd200c8-e765-49f2-ad3a-bc1ce0112a3f/current/log_inprogress_0
2019-09-04 02:52:11,984 [grpc-default-executor-0] INFO  impl.RaftServerImpl (ServerState.java:setLeader(263)) - b1e4c1b6-3c4e-42d0-bbe8-a94c9c1f6655:group-806C3156DE83 change Leader from null to dce5e157-40d9-4523-b22e-1358f0218fe7 at term 1 for appendEntries, leader elected after 5197ms
2019-09-04 02:52:11,998 [grpc-default-executor-6] INFO  impl.RaftServerImpl (ServerState.java:setLeader(263)) - 154d8629-f136-4e53-aadf-9bd077e86354:group-806C3156DE83 change Leader from null to dce5e157-40d9-4523-b22e-1358f0218fe7 at term 1 for appendEntries, leader elected after 5211ms
2019-09-04 02:52:12,003 [grpc-default-executor-6] INFO  impl.RaftServerImpl (ServerState.java:setRaftConf(361)) - b1e4c1b6-3c4e-42d0-bbe8-a94c9c1f6655:group-806C3156DE83 set configuration 0: [dce5e157-40d9-4523-b22e-1358f0218fe7:192.168.69.105:38536, b1e4c1b6-3c4e-42d0-bbe8-a94c9c1f6655:192.168.69.105:40763, 154d8629-f136-4e53-aadf-9bd077e86354:192.168.69.105:40610], old=null at 0
2019-09-04 02:52:12,003 [grpc-default-executor-0] INFO  impl.RaftServerImpl (ServerState.java:setRaftConf(361)) - 154d8629-f136-4e53-aadf-9bd077e86354:group-806C3156DE83 set configuration 0: [dce5e157-40d9-4523-b22e-1358f0218fe7:192.168.69.105:38536, b1e4c1b6-3c4e-42d0-bbe8-a94c9c1f6655:192.168.69.105:40763, 154d8629-f136-4e53-aadf-9bd077e86354:192.168.69.105:40610], old=null at 0
2019-09-04 02:52:12,003 [grpc-default-executor-6] INFO  segmented.SegmentedRaftLogWorker (SegmentedRaftLogWorker.java:startLogSegment(380)) - b1e4c1b6-3c4e-42d0-bbe8-a94c9c1f6655-SegmentedRaftLogWorker:Storage Directory /workdir/hadoop-ozone/integration-test/target/test-dir/MiniOzoneClusterImpl-3bb735bc-39a8-4554-8887-bfbd0a1de759/datanode-2/data/ratis/69585f61-d2a9-436a-8f53-806c3156de83: Starting segment from index:0
2019-09-04 02:52:12,003 [grpc-default-executor-0] INFO  segmented.SegmentedRaftLogWorker (SegmentedRaftLogWorker.java:startLogSegment(380)) - 154d8629-f136-4e53-aadf-9bd077e86354-SegmentedRaftLogWorker:Storage Directory /workdir/hadoop-ozone/integration-test/target/test-dir/MiniOzoneClusterImpl-3bb735bc-39a8-4554-8887-bfbd0a1de759/datanode-0/data/ratis/69585f61-d2a9-436a-8f53-806c3156de83: Starting segment from index:0
2019-09-04 02:52:12,011 [dce5e157-40d9-4523-b22e-1358f0218fe7-SegmentedRaftLogWorker:Storage Directory /workdir/hadoop-ozone/integration-test/target/test-dir/MiniOzoneClusterImpl-3bb735bc-39a8-4554-8887-bfbd0a1de759/datanode-1/data/ratis/69585f61-d2a9-436a-8f53-806c3156de83] INFO  segmented.SegmentedRaftLogWorker (SegmentedRaftLogWorker.java:execute(569)) - dce5e157-40d9-4523-b22e-1358f0218fe7-SegmentedRaftLogWorker:Storage Directory /workdir/hadoop-ozone/integration-test/target/test-dir/MiniOzoneClusterImpl-3bb735bc-39a8-4554-8887-bfbd0a1de759/datanode-1/data/ratis/69585f61-d2a9-436a-8f53-806c3156de83: created new log segment /workdir/hadoop-ozone/integration-test/target/test-dir/MiniOzoneClusterImpl-3bb735bc-39a8-4554-8887-bfbd0a1de759/datanode-1/data/ratis/69585f61-d2a9-436a-8f53-806c3156de83/current/log_inprogress_0
2019-09-04 02:52:12,053 [b1e4c1b6-3c4e-42d0-bbe8-a94c9c1f6655-SegmentedRaftLogWorker:Storage Directory /workdir/hadoop-ozone/integration-test/target/test-dir/MiniOzoneClusterImpl-3bb735bc-39a8-4554-8887-bfbd0a1de759/datanode-2/data/ratis/69585f61-d2a9-436a-8f53-806c3156de83] INFO  segmented.SegmentedRaftLogWorker (SegmentedRaftLogWorker.java:execute(569)) - b1e4c1b6-3c4e-42d0-bbe8-a94c9c1f6655-SegmentedRaftLogWorker:Storage Directory /workdir/hadoop-ozone/integration-test/target/test-dir/MiniOzoneClusterImpl-3bb735bc-39a8-4554-8887-bfbd0a1de759/datanode-2/data/ratis/69585f61-d2a9-436a-8f53-806c3156de83: created new log segment /workdir/hadoop-ozone/integration-test/target/test-dir/MiniOzoneClusterImpl-3bb735bc-39a8-4554-8887-bfbd0a1de759/datanode-2/data/ratis/69585f61-d2a9-436a-8f53-806c3156de83/current/log_inprogress_0
2019-09-04 02:52:12,070 [154d8629-f136-4e53-aadf-9bd077e86354-SegmentedRaftLogWorker:Storage Directory /workdir/hadoop-ozone/integration-test/target/test-dir/MiniOzoneClusterImpl-3bb735bc-39a8-4554-8887-bfbd0a1de759/datanode-0/data/ratis/69585f61-d2a9-436a-8f53-806c3156de83] INFO  segmented.SegmentedRaftLogWorker (SegmentedRaftLogWorker.java:execute(569)) - 154d8629-f136-4e53-aadf-9bd077e86354-SegmentedRaftLogWorker:Storage Directory /workdir/hadoop-ozone/integration-test/target/test-dir/MiniOzoneClusterImpl-3bb735bc-39a8-4554-8887-bfbd0a1de759/datanode-0/data/ratis/69585f61-d2a9-436a-8f53-806c3156de83: created new log segment /workdir/hadoop-ozone/integration-test/target/test-dir/MiniOzoneClusterImpl-3bb735bc-39a8-4554-8887-bfbd0a1de759/datanode-0/data/ratis/69585f61-d2a9-436a-8f53-806c3156de83/current/log_inprogress_0
2019-09-04 02:52:12,134 | INFO  | SCMAudit | user=jenkins1000 | ip=192.168.69.105 | op=SEND_HEARTBEAT {datanodeUUID=dce5e157-40d9-4523-b22e-1358f0218fe7, command=[]} | ret=SUCCESS |  
2019-09-04 02:52:12,136 [Thread-3342] INFO  impl.FollowerState (FollowerState.java:run(106)) - 52e0c0e6-3dc5-428d-bf4a-8d3652f6b397:group-EF092C204657 changes to CANDIDATE, lastRpcTime:5128, electionTimeout:5128ms
2019-09-04 02:52:12,137 [Thread-3342] INFO  impl.RoleInfo (RoleInfo.java:shutdownFollowerState(121)) - 52e0c0e6-3dc5-428d-bf4a-8d3652f6b397: shutdown FollowerState
2019-09-04 02:52:12,137 [Thread-3342] INFO  impl.RaftServerImpl (RaftServerImpl.java:setRole(171)) - 52e0c0e6-3dc5-428d-bf4a-8d3652f6b397:group-EF092C204657 changes role from FOLLOWER to CANDIDATE at term 0 for changeToCandidate
2019-09-04 02:52:12,137 [Thread-3342] INFO  impl.RoleInfo (RoleInfo.java:updateAndGet(143)) - 52e0c0e6-3dc5-428d-bf4a-8d3652f6b397: start LeaderElection
2019-09-04 02:52:12,162 [52e0c0e6-3dc5-428d-bf4a-8d3652f6b397:group-EF092C204657:LeaderElection65] INFO  impl.LeaderElection (LeaderElection.java:askForVotes(181)) - 52e0c0e6-3dc5-428d-bf4a-8d3652f6b397:group-EF092C204657:LeaderElection65: begin an election at term 1 for -1: [52e0c0e6-3dc5-428d-bf4a-8d3652f6b397:192.168.69.105:45677], old=null
2019-09-04 02:52:12,163 [52e0c0e6-3dc5-428d-bf4a-8d3652f6b397:group-EF092C204657:LeaderElection65] INFO  impl.RoleInfo (RoleInfo.java:shutdownLeaderElection(134)) - 52e0c0e6-3dc5-428d-bf4a-8d3652f6b397: shutdown LeaderElection
2019-09-04 02:52:12,163 [52e0c0e6-3dc5-428d-bf4a-8d3652f6b397:group-EF092C204657:LeaderElection65] INFO  impl.RaftServerImpl (RaftServerImpl.java:setRole(171)) - 52e0c0e6-3dc5-428d-bf4a-8d3652f6b397:group-EF092C204657 changes role from CANDIDATE to LEADER at term 1 for changeToLeader
2019-09-04 02:52:12,163 [52e0c0e6-3dc5-428d-bf4a-8d3652f6b397:group-EF092C204657:LeaderElection65] INFO  impl.RaftServerImpl (ServerState.java:setLeader(263)) - 52e0c0e6-3dc5-428d-bf4a-8d3652f6b397:group-EF092C204657 change Leader from null to 52e0c0e6-3dc5-428d-bf4a-8d3652f6b397 at term 1 for becomeLeader, leader elected after 5159ms
2019-09-04 02:52:12,163 [52e0c0e6-3dc5-428d-bf4a-8d3652f6b397:group-EF092C204657:LeaderElection65] INFO  server.RaftServerConfigKeys (ConfUtils.java:logGet(43)) - raft.server.staging.catchup.gap = 1000 (default)
2019-09-04 02:52:12,163 [52e0c0e6-3dc5-428d-bf4a-8d3652f6b397:group-EF092C204657:LeaderElection65] INFO  server.RaftServerConfigKeys (ConfUtils.java:logGet(43)) - raft.server.rpc.sleep.time = 25ms (default)
2019-09-04 02:52:12,163 [52e0c0e6-3dc5-428d-bf4a-8d3652f6b397:group-EF092C204657:LeaderElection65] INFO  server.RaftServerConfigKeys (ConfUtils.java:logGet(43)) - raft.server.write.element-limit = 4096 (default)
2019-09-04 02:52:12,164 [52e0c0e6-3dc5-428d-bf4a-8d3652f6b397:group-EF092C204657:LeaderElection65] INFO  server.RaftServerConfigKeys (ConfUtils.java:logGet(43)) - raft.server.watch.timeout = 10s (default)
2019-09-04 02:52:12,164 [52e0c0e6-3dc5-428d-bf4a-8d3652f6b397:group-EF092C204657:LeaderElection65] INFO  server.RaftServerConfigKeys (ConfUtils.java:logGet(43)) - raft.server.watch.timeout.denomination = 1s (default)
2019-09-04 02:52:12,164 [52e0c0e6-3dc5-428d-bf4a-8d3652f6b397:group-EF092C204657:LeaderElection65] INFO  server.RaftServerConfigKeys (ConfUtils.java:logGet(43)) - raft.server.watch.element-limit = 65536 (default)
2019-09-04 02:52:12,164 [52e0c0e6-3dc5-428d-bf4a-8d3652f6b397:group-EF092C204657:LeaderElection65] INFO  impl.RoleInfo (RoleInfo.java:updateAndGet(143)) - 52e0c0e6-3dc5-428d-bf4a-8d3652f6b397: start LeaderState
2019-09-04 02:52:12,164 [52e0c0e6-3dc5-428d-bf4a-8d3652f6b397:group-EF092C204657:LeaderElection65] INFO  segmented.SegmentedRaftLogWorker (SegmentedRaftLogWorker.java:startLogSegment(380)) - 52e0c0e6-3dc5-428d-bf4a-8d3652f6b397-SegmentedRaftLogWorker:Storage Directory /workdir/hadoop-ozone/integration-test/target/test-dir/MiniOzoneClusterImpl-3bb735bc-39a8-4554-8887-bfbd0a1de759/datanode-3/data/ratis/e89fffea-2bd7-461c-986c-ef092c204657: Starting segment from index:0
2019-09-04 02:52:12,165 [52e0c0e6-3dc5-428d-bf4a-8d3652f6b397:group-EF092C204657:LeaderElection65] INFO  impl.RaftServerImpl (ServerState.java:setRaftConf(361)) - 52e0c0e6-3dc5-428d-bf4a-8d3652f6b397:group-EF092C204657 set configuration 0: [52e0c0e6-3dc5-428d-bf4a-8d3652f6b397:192.168.69.105:45677], old=null at 0
2019-09-04 02:52:12,210 | INFO  | SCMAudit | user=jenkins1000 | ip=192.168.69.105 | op=SEND_HEARTBEAT {datanodeUUID=dc9e03c0-8020-4c07-86bb-8ce93298a35b, command=[]} | ret=SUCCESS |  
2019-09-04 02:52:12,238 [52e0c0e6-3dc5-428d-bf4a-8d3652f6b397-SegmentedRaftLogWorker:Storage Directory /workdir/hadoop-ozone/integration-test/target/test-dir/MiniOzoneClusterImpl-3bb735bc-39a8-4554-8887-bfbd0a1de759/datanode-3/data/ratis/e89fffea-2bd7-461c-986c-ef092c204657] INFO  segmented.SegmentedRaftLogWorker (SegmentedRaftLogWorker.java:execute(569)) - 52e0c0e6-3dc5-428d-bf4a-8d3652f6b397-SegmentedRaftLogWorker:Storage Directory /workdir/hadoop-ozone/integration-test/target/test-dir/MiniOzoneClusterImpl-3bb735bc-39a8-4554-8887-bfbd0a1de759/datanode-3/data/ratis/e89fffea-2bd7-461c-986c-ef092c204657: created new log segment /workdir/hadoop-ozone/integration-test/target/test-dir/MiniOzoneClusterImpl-3bb735bc-39a8-4554-8887-bfbd0a1de759/datanode-3/data/ratis/e89fffea-2bd7-461c-986c-ef092c204657/current/log_inprogress_0
2019-09-04 02:52:12,392 [Thread-3345] INFO  impl.FollowerState (FollowerState.java:run(106)) - dc9e03c0-8020-4c07-86bb-8ce93298a35b:group-8138C468AE7D changes to CANDIDATE, lastRpcTime:5165, electionTimeout:5165ms
2019-09-04 02:52:12,392 [Thread-3345] INFO  impl.RoleInfo (RoleInfo.java:shutdownFollowerState(121)) - dc9e03c0-8020-4c07-86bb-8ce93298a35b: shutdown FollowerState
2019-09-04 02:52:12,392 [Thread-3345] INFO  impl.RaftServerImpl (RaftServerImpl.java:setRole(171)) - dc9e03c0-8020-4c07-86bb-8ce93298a35b:group-8138C468AE7D changes role from FOLLOWER to CANDIDATE at term 0 for changeToCandidate
2019-09-04 02:52:12,392 [Thread-3345] INFO  impl.RoleInfo (RoleInfo.java:updateAndGet(143)) - dc9e03c0-8020-4c07-86bb-8ce93298a35b: start LeaderElection
2019-09-04 02:52:12,401 | INFO  | SCMAudit | user=jenkins1000 | ip=192.168.69.105 | op=SEND_HEARTBEAT {datanodeUUID=fa558e8a-2244-404c-aea9-82357d9e09e8, command=[]} | ret=SUCCESS |  
2019-09-04 02:52:12,421 [dc9e03c0-8020-4c07-86bb-8ce93298a35b:group-8138C468AE7D:LeaderElection66] INFO  impl.LeaderElection (LeaderElection.java:askForVotes(181)) - dc9e03c0-8020-4c07-86bb-8ce93298a35b:group-8138C468AE7D:LeaderElection66: begin an election at term 1 for -1: [dc9e03c0-8020-4c07-86bb-8ce93298a35b:192.168.69.105:33654], old=null
2019-09-04 02:52:12,422 [dc9e03c0-8020-4c07-86bb-8ce93298a35b:group-8138C468AE7D:LeaderElection66] INFO  impl.RoleInfo (RoleInfo.java:shutdownLeaderElection(134)) - dc9e03c0-8020-4c07-86bb-8ce93298a35b: shutdown LeaderElection
2019-09-04 02:52:12,422 [dc9e03c0-8020-4c07-86bb-8ce93298a35b:group-8138C468AE7D:LeaderElection66] INFO  impl.RaftServerImpl (RaftServerImpl.java:setRole(171)) - dc9e03c0-8020-4c07-86bb-8ce93298a35b:group-8138C468AE7D changes role from CANDIDATE to LEADER at term 1 for changeToLeader
2019-09-04 02:52:12,422 [dc9e03c0-8020-4c07-86bb-8ce93298a35b:group-8138C468AE7D:LeaderElection66] INFO  impl.RaftServerImpl (ServerState.java:setLeader(263)) - dc9e03c0-8020-4c07-86bb-8ce93298a35b:group-8138C468AE7D change Leader from null to dc9e03c0-8020-4c07-86bb-8ce93298a35b at term 1 for becomeLeader, leader elected after 5200ms
2019-09-04 02:52:12,422 [dc9e03c0-8020-4c07-86bb-8ce93298a35b:group-8138C468AE7D:LeaderElection66] INFO  server.RaftServerConfigKeys (ConfUtils.java:logGet(43)) - raft.server.staging.catchup.gap = 1000 (default)
2019-09-04 02:52:12,422 [dc9e03c0-8020-4c07-86bb-8ce93298a35b:group-8138C468AE7D:LeaderElection66] INFO  server.RaftServerConfigKeys (ConfUtils.java:logGet(43)) - raft.server.rpc.sleep.time = 25ms (default)
2019-09-04 02:52:12,422 [dc9e03c0-8020-4c07-86bb-8ce93298a35b:group-8138C468AE7D:LeaderElection66] INFO  server.RaftServerConfigKeys (ConfUtils.java:logGet(43)) - raft.server.write.element-limit = 4096 (default)
2019-09-04 02:52:12,423 [dc9e03c0-8020-4c07-86bb-8ce93298a35b:group-8138C468AE7D:LeaderElection66] INFO  server.RaftServerConfigKeys (ConfUtils.java:logGet(43)) - raft.server.watch.timeout = 10s (default)
2019-09-04 02:52:12,423 [dc9e03c0-8020-4c07-86bb-8ce93298a35b:group-8138C468AE7D:LeaderElection66] INFO  server.RaftServerConfigKeys (ConfUtils.java:logGet(43)) - raft.server.watch.timeout.denomination = 1s (default)
2019-09-04 02:52:12,423 [dc9e03c0-8020-4c07-86bb-8ce93298a35b:group-8138C468AE7D:LeaderElection66] INFO  server.RaftServerConfigKeys (ConfUtils.java:logGet(43)) - raft.server.watch.element-limit = 65536 (default)
2019-09-04 02:52:12,423 [dc9e03c0-8020-4c07-86bb-8ce93298a35b:group-8138C468AE7D:LeaderElection66] INFO  impl.RoleInfo (RoleInfo.java:updateAndGet(143)) - dc9e03c0-8020-4c07-86bb-8ce93298a35b: start LeaderState
2019-09-04 02:52:12,423 [dc9e03c0-8020-4c07-86bb-8ce93298a35b:group-8138C468AE7D:LeaderElection66] INFO  segmented.SegmentedRaftLogWorker (SegmentedRaftLogWorker.java:startLogSegment(380)) - dc9e03c0-8020-4c07-86bb-8ce93298a35b-SegmentedRaftLogWorker:Storage Directory /workdir/hadoop-ozone/integration-test/target/test-dir/MiniOzoneClusterImpl-3bb735bc-39a8-4554-8887-bfbd0a1de759/datanode-4/data/ratis/9b730249-8bad-45e0-9607-8138c468ae7d: Starting segment from index:0
2019-09-04 02:52:12,424 [dc9e03c0-8020-4c07-86bb-8ce93298a35b:group-8138C468AE7D:LeaderElection66] INFO  impl.RaftServerImpl (ServerState.java:setRaftConf(361)) - dc9e03c0-8020-4c07-86bb-8ce93298a35b:group-8138C468AE7D set configuration 0: [dc9e03c0-8020-4c07-86bb-8ce93298a35b:192.168.69.105:33654], old=null at 0
2019-09-04 02:52:12,489 [dc9e03c0-8020-4c07-86bb-8ce93298a35b-SegmentedRaftLogWorker:Storage Directory /workdir/hadoop-ozone/integration-test/target/test-dir/MiniOzoneClusterImpl-3bb735bc-39a8-4554-8887-bfbd0a1de759/datanode-4/data/ratis/9b730249-8bad-45e0-9607-8138c468ae7d] INFO  segmented.SegmentedRaftLogWorker (SegmentedRaftLogWorker.java:execute(569)) - dc9e03c0-8020-4c07-86bb-8ce93298a35b-SegmentedRaftLogWorker:Storage Directory /workdir/hadoop-ozone/integration-test/target/test-dir/MiniOzoneClusterImpl-3bb735bc-39a8-4554-8887-bfbd0a1de759/datanode-4/data/ratis/9b730249-8bad-45e0-9607-8138c468ae7d: created new log segment /workdir/hadoop-ozone/integration-test/target/test-dir/MiniOzoneClusterImpl-3bb735bc-39a8-4554-8887-bfbd0a1de759/datanode-4/data/ratis/9b730249-8bad-45e0-9607-8138c468ae7d/current/log_inprogress_0
2019-09-04 02:52:12,645 | INFO  | SCMAudit | user=jenkins1000 | ip=192.168.69.105 | op=SEND_HEARTBEAT {datanodeUUID=b1e4c1b6-3c4e-42d0-bbe8-a94c9c1f6655, command=[]} | ret=SUCCESS |  
2019-09-04 02:52:12,648 | INFO  | SCMAudit | user=jenkins1000 | ip=192.168.69.105 | op=SEND_HEARTBEAT {datanodeUUID=286cf2fc-8844-46ee-9444-4b1ba8aaca71, command=[]} | ret=SUCCESS |  
2019-09-04 02:52:12,661 [Thread-3355] INFO  impl.FollowerState (FollowerState.java:run(106)) - dc9e03c0-8020-4c07-86bb-8ce93298a35b:group-6E6BBB98B26F changes to CANDIDATE, lastRpcTime:5093, electionTimeout:5093ms
2019-09-04 02:52:12,662 [Thread-3355] INFO  impl.RoleInfo (RoleInfo.java:shutdownFollowerState(121)) - dc9e03c0-8020-4c07-86bb-8ce93298a35b: shutdown FollowerState
2019-09-04 02:52:12,662 [Thread-3355] INFO  impl.RaftServerImpl (RaftServerImpl.java:setRole(171)) - dc9e03c0-8020-4c07-86bb-8ce93298a35b:group-6E6BBB98B26F changes role from FOLLOWER to CANDIDATE at term 0 for changeToCandidate
2019-09-04 02:52:12,662 [Thread-3355] INFO  impl.RoleInfo (RoleInfo.java:updateAndGet(143)) - dc9e03c0-8020-4c07-86bb-8ce93298a35b: start LeaderElection
2019-09-04 02:52:12,677 [Thread-3348] INFO  impl.FollowerState (FollowerState.java:run(106)) - fa558e8a-2244-404c-aea9-82357d9e09e8:group-F71B40853D60 changes to CANDIDATE, lastRpcTime:5192, electionTimeout:5192ms
2019-09-04 02:52:12,677 [Thread-3348] INFO  impl.RoleInfo (RoleInfo.java:shutdownFollowerState(121)) - fa558e8a-2244-404c-aea9-82357d9e09e8: shutdown FollowerState
2019-09-04 02:52:12,677 [Thread-3348] INFO  impl.RaftServerImpl (RaftServerImpl.java:setRole(171)) - fa558e8a-2244-404c-aea9-82357d9e09e8:group-F71B40853D60 changes role from FOLLOWER to CANDIDATE at term 0 for changeToCandidate
2019-09-04 02:52:12,677 [Thread-3348] INFO  impl.RoleInfo (RoleInfo.java:updateAndGet(143)) - fa558e8a-2244-404c-aea9-82357d9e09e8: start LeaderElection
2019-09-04 02:52:12,697 [dc9e03c0-8020-4c07-86bb-8ce93298a35b:group-6E6BBB98B26F:LeaderElection67] INFO  impl.LeaderElection (LeaderElection.java:askForVotes(181)) - dc9e03c0-8020-4c07-86bb-8ce93298a35b:group-6E6BBB98B26F:LeaderElection67: begin an election at term 1 for -1: [fa558e8a-2244-404c-aea9-82357d9e09e8:192.168.69.105:33838, dc9e03c0-8020-4c07-86bb-8ce93298a35b:192.168.69.105:33654, 52e0c0e6-3dc5-428d-bf4a-8d3652f6b397:192.168.69.105:45677], old=null
2019-09-04 02:52:12,712 [Thread-3351] INFO  impl.FollowerState (FollowerState.java:run(106)) - fa558e8a-2244-404c-aea9-82357d9e09e8:group-6E6BBB98B26F changes to CANDIDATE, lastRpcTime:5148, electionTimeout:5148ms
2019-09-04 02:52:12,712 [Thread-3351] INFO  impl.RoleInfo (RoleInfo.java:shutdownFollowerState(121)) - fa558e8a-2244-404c-aea9-82357d9e09e8: shutdown FollowerState
2019-09-04 02:52:12,712 [Thread-3351] INFO  impl.RaftServerImpl (RaftServerImpl.java:setRole(171)) - fa558e8a-2244-404c-aea9-82357d9e09e8:group-6E6BBB98B26F changes role from FOLLOWER to CANDIDATE at term 0 for changeToCandidate
2019-09-04 02:52:12,712 [Thread-3351] INFO  impl.RoleInfo (RoleInfo.java:updateAndGet(143)) - fa558e8a-2244-404c-aea9-82357d9e09e8: start LeaderElection
2019-09-04 02:52:12,712 [grpc-default-executor-0] INFO  impl.RaftServerImpl (RaftServerImpl.java:setRole(171)) - 52e0c0e6-3dc5-428d-bf4a-8d3652f6b397:group-6E6BBB98B26F changes role from FOLLOWER to FOLLOWER at term 1 for recognizeCandidate:dc9e03c0-8020-4c07-86bb-8ce93298a35b
2019-09-04 02:52:12,715 [fa558e8a-2244-404c-aea9-82357d9e09e8:group-F71B40853D60:LeaderElection68] INFO  impl.LeaderElection (LeaderElection.java:askForVotes(181)) - fa558e8a-2244-404c-aea9-82357d9e09e8:group-F71B40853D60:LeaderElection68: begin an election at term 1 for -1: [fa558e8a-2244-404c-aea9-82357d9e09e8:192.168.69.105:33838], old=null
2019-09-04 02:52:12,715 [grpc-default-executor-0] INFO  impl.RoleInfo (RoleInfo.java:shutdownFollowerState(121)) - 52e0c0e6-3dc5-428d-bf4a-8d3652f6b397: shutdown FollowerState
2019-09-04 02:52:12,717 [fa558e8a-2244-404c-aea9-82357d9e09e8:group-F71B40853D60:LeaderElection68] INFO  impl.RoleInfo (RoleInfo.java:shutdownLeaderElection(134)) - fa558e8a-2244-404c-aea9-82357d9e09e8: shutdown LeaderElection
2019-09-04 02:52:12,717 [grpc-default-executor-0] INFO  impl.RoleInfo (RoleInfo.java:updateAndGet(143)) - 52e0c0e6-3dc5-428d-bf4a-8d3652f6b397: start FollowerState
2019-09-04 02:52:12,718 [Thread-3356] INFO  impl.FollowerState (FollowerState.java:run(114)) - 52e0c0e6-3dc5-428d-bf4a-8d3652f6b397: FollowerState was interrupted: java.lang.InterruptedException: sleep interrupted
2019-09-04 02:52:12,718 [fa558e8a-2244-404c-aea9-82357d9e09e8:group-F71B40853D60:LeaderElection68] INFO  impl.RaftServerImpl (RaftServerImpl.java:setRole(171)) - fa558e8a-2244-404c-aea9-82357d9e09e8:group-F71B40853D60 changes role from CANDIDATE to LEADER at term 1 for changeToLeader
2019-09-04 02:52:12,720 [fa558e8a-2244-404c-aea9-82357d9e09e8:group-F71B40853D60:LeaderElection68] INFO  impl.RaftServerImpl (ServerState.java:setLeader(263)) - fa558e8a-2244-404c-aea9-82357d9e09e8:group-F71B40853D60 change Leader from null to fa558e8a-2244-404c-aea9-82357d9e09e8 at term 1 for becomeLeader, leader elected after 5239ms
2019-09-04 02:52:12,720 [fa558e8a-2244-404c-aea9-82357d9e09e8:group-F71B40853D60:LeaderElection68] INFO  server.RaftServerConfigKeys (ConfUtils.java:logGet(43)) - raft.server.staging.catchup.gap = 1000 (default)
2019-09-04 02:52:12,720 [fa558e8a-2244-404c-aea9-82357d9e09e8:group-F71B40853D60:LeaderElection68] INFO  server.RaftServerConfigKeys (ConfUtils.java:logGet(43)) - raft.server.rpc.sleep.time = 25ms (default)
2019-09-04 02:52:12,721 [fa558e8a-2244-404c-aea9-82357d9e09e8:group-F71B40853D60:LeaderElection68] INFO  server.RaftServerConfigKeys (ConfUtils.java:logGet(43)) - raft.server.write.element-limit = 4096 (default)
2019-09-04 02:52:12,721 [fa558e8a-2244-404c-aea9-82357d9e09e8:group-F71B40853D60:LeaderElection68] INFO  server.RaftServerConfigKeys (ConfUtils.java:logGet(43)) - raft.server.watch.timeout = 10s (default)
2019-09-04 02:52:12,721 [fa558e8a-2244-404c-aea9-82357d9e09e8:group-F71B40853D60:LeaderElection68] INFO  server.RaftServerConfigKeys (ConfUtils.java:logGet(43)) - raft.server.watch.timeout.denomination = 1s (default)
2019-09-04 02:52:12,721 [fa558e8a-2244-404c-aea9-82357d9e09e8:group-F71B40853D60:LeaderElection68] INFO  server.RaftServerConfigKeys (ConfUtils.java:logGet(43)) - raft.server.watch.element-limit = 65536 (default)
2019-09-04 02:52:12,721 [fa558e8a-2244-404c-aea9-82357d9e09e8:group-F71B40853D60:LeaderElection68] INFO  impl.RoleInfo (RoleInfo.java:updateAndGet(143)) - fa558e8a-2244-404c-aea9-82357d9e09e8: start LeaderState
2019-09-04 02:52:12,722 [fa558e8a-2244-404c-aea9-82357d9e09e8:group-F71B40853D60:LeaderElection68] INFO  segmented.SegmentedRaftLogWorker (SegmentedRaftLogWorker.java:startLogSegment(380)) - fa558e8a-2244-404c-aea9-82357d9e09e8-SegmentedRaftLogWorker:Storage Directory /workdir/hadoop-ozone/integration-test/target/test-dir/MiniOzoneClusterImpl-3bb735bc-39a8-4554-8887-bfbd0a1de759/datanode-5/data/ratis/59c021d4-47fb-4b6c-8ae6-f71b40853d60: Starting segment from index:0
2019-09-04 02:52:12,722 [fa558e8a-2244-404c-aea9-82357d9e09e8:group-F71B40853D60:LeaderElection68] INFO  impl.RaftServerImpl (ServerState.java:setRaftConf(361)) - fa558e8a-2244-404c-aea9-82357d9e09e8:group-F71B40853D60 set configuration 0: [fa558e8a-2244-404c-aea9-82357d9e09e8:192.168.69.105:33838], old=null at 0
2019-09-04 02:52:12,765 [fa558e8a-2244-404c-aea9-82357d9e09e8:group-6E6BBB98B26F:LeaderElection69] INFO  impl.LeaderElection (LeaderElection.java:askForVotes(181)) - fa558e8a-2244-404c-aea9-82357d9e09e8:group-6E6BBB98B26F:LeaderElection69: begin an election at term 1 for -1: [fa558e8a-2244-404c-aea9-82357d9e09e8:192.168.69.105:33838, dc9e03c0-8020-4c07-86bb-8ce93298a35b:192.168.69.105:33654, 52e0c0e6-3dc5-428d-bf4a-8d3652f6b397:192.168.69.105:45677], old=null
2019-09-04 02:52:12,769 [dc9e03c0-8020-4c07-86bb-8ce93298a35b:group-6E6BBB98B26F:LeaderElection67] INFO  impl.LeaderElection (LeaderElection.java:logAndReturn(56)) - dc9e03c0-8020-4c07-86bb-8ce93298a35b:group-6E6BBB98B26F:LeaderElection67: Election PASSED; received 1 response(s) [dc9e03c0-8020-4c07-86bb-8ce93298a35b<-52e0c0e6-3dc5-428d-bf4a-8d3652f6b397#0:OK-t1] and 0 exception(s); dc9e03c0-8020-4c07-86bb-8ce93298a35b:t1, leader=null, voted=dc9e03c0-8020-4c07-86bb-8ce93298a35b, raftlog=dc9e03c0-8020-4c07-86bb-8ce93298a35b-SegmentedRaftLog:OPENED:c-1,f-1,i0, conf=-1: [fa558e8a-2244-404c-aea9-82357d9e09e8:192.168.69.105:33838, dc9e03c0-8020-4c07-86bb-8ce93298a35b:192.168.69.105:33654, 52e0c0e6-3dc5-428d-bf4a-8d3652f6b397:192.168.69.105:45677], old=null
2019-09-04 02:52:12,769 [dc9e03c0-8020-4c07-86bb-8ce93298a35b:group-6E6BBB98B26F:LeaderElection67] INFO  impl.RoleInfo (RoleInfo.java:shutdownLeaderElection(134)) - dc9e03c0-8020-4c07-86bb-8ce93298a35b: shutdown LeaderElection
2019-09-04 02:52:12,772 [dc9e03c0-8020-4c07-86bb-8ce93298a35b:group-6E6BBB98B26F:LeaderElection67] INFO  impl.RaftServerImpl (RaftServerImpl.java:setRole(171)) - dc9e03c0-8020-4c07-86bb-8ce93298a35b:group-6E6BBB98B26F changes role from CANDIDATE to LEADER at term 1 for changeToLeader
2019-09-04 02:52:12,772 [dc9e03c0-8020-4c07-86bb-8ce93298a35b:group-6E6BBB98B26F:LeaderElection67] INFO  impl.RaftServerImpl (ServerState.java:setLeader(263)) - dc9e03c0-8020-4c07-86bb-8ce93298a35b:group-6E6BBB98B26F change Leader from null to dc9e03c0-8020-4c07-86bb-8ce93298a35b at term 1 for becomeLeader, leader elected after 5214ms
2019-09-04 02:52:12,772 [dc9e03c0-8020-4c07-86bb-8ce93298a35b:group-6E6BBB98B26F:LeaderElection67] INFO  server.RaftServerConfigKeys (ConfUtils.java:logGet(43)) - raft.server.staging.catchup.gap = 1000 (default)
2019-09-04 02:52:12,772 [dc9e03c0-8020-4c07-86bb-8ce93298a35b:group-6E6BBB98B26F:LeaderElection67] INFO  server.RaftServerConfigKeys (ConfUtils.java:logGet(43)) - raft.server.rpc.sleep.time = 25ms (default)
2019-09-04 02:52:12,773 [dc9e03c0-8020-4c07-86bb-8ce93298a35b:group-6E6BBB98B26F:LeaderElection67] INFO  server.RaftServerConfigKeys (ConfUtils.java:logGet(43)) - raft.server.write.element-limit = 4096 (default)
2019-09-04 02:52:12,773 [dc9e03c0-8020-4c07-86bb-8ce93298a35b:group-6E6BBB98B26F:LeaderElection67] INFO  server.RaftServerConfigKeys (ConfUtils.java:logGet(43)) - raft.server.watch.timeout = 10s (default)
2019-09-04 02:52:12,773 [dc9e03c0-8020-4c07-86bb-8ce93298a35b:group-6E6BBB98B26F:LeaderElection67] INFO  server.RaftServerConfigKeys (ConfUtils.java:logGet(43)) - raft.server.watch.timeout.denomination = 1s (default)
2019-09-04 02:52:12,773 [dc9e03c0-8020-4c07-86bb-8ce93298a35b:group-6E6BBB98B26F:LeaderElection67] INFO  server.RaftServerConfigKeys (ConfUtils.java:logGet(43)) - raft.server.watch.element-limit = 65536 (default)
2019-09-04 02:52:12,773 [dc9e03c0-8020-4c07-86bb-8ce93298a35b:group-6E6BBB98B26F:LeaderElection67] INFO  server.RaftServerConfigKeys (ConfUtils.java:logGet(43)) - raft.server.log.appender.snapshot.chunk.size.max = 16MB (=16777216) (default)
2019-09-04 02:52:12,774 [dc9e03c0-8020-4c07-86bb-8ce93298a35b:group-6E6BBB98B26F:LeaderElection67] INFO  server.RaftServerConfigKeys (ConfUtils.java:logGet(43)) - raft.server.log.appender.buffer.byte-limit = 33554432 (custom)
2019-09-04 02:52:12,774 [dc9e03c0-8020-4c07-86bb-8ce93298a35b:group-6E6BBB98B26F:LeaderElection67] INFO  server.RaftServerConfigKeys (ConfUtils.java:logGet(43)) - raft.server.log.appender.buffer.element-limit = 1 (custom)
2019-09-04 02:52:12,774 [dc9e03c0-8020-4c07-86bb-8ce93298a35b:group-6E6BBB98B26F:LeaderElection67] INFO  grpc.GrpcConfigKeys$Server (ConfUtils.java:logGet(43)) - raft.grpc.server.leader.outstanding.appends.max = 128 (default)
2019-09-04 02:52:12,774 [dc9e03c0-8020-4c07-86bb-8ce93298a35b:group-6E6BBB98B26F:LeaderElection67] INFO  server.RaftServerConfigKeys (ConfUtils.java:logGet(43)) - raft.server.rpc.request.timeout = 3000ms (default)
2019-09-04 02:52:12,775 [dc9e03c0-8020-4c07-86bb-8ce93298a35b:group-6E6BBB98B26F:LeaderElection67] INFO  server.RaftServerConfigKeys (ConfUtils.java:logGet(43)) - raft.server.log.appender.install.snapshot.enabled = false (custom)
2019-09-04 02:52:12,775 [dc9e03c0-8020-4c07-86bb-8ce93298a35b:group-6E6BBB98B26F:LeaderElection67] INFO  server.RaftServerConfigKeys (ConfUtils.java:logGet(43)) - raft.server.log.appender.snapshot.chunk.size.max = 16MB (=16777216) (default)
2019-09-04 02:52:12,775 [dc9e03c0-8020-4c07-86bb-8ce93298a35b:group-6E6BBB98B26F:LeaderElection67] INFO  server.RaftServerConfigKeys (ConfUtils.java:logGet(43)) - raft.server.log.appender.buffer.byte-limit = 33554432 (custom)
2019-09-04 02:52:12,775 [dc9e03c0-8020-4c07-86bb-8ce93298a35b:group-6E6BBB98B26F:LeaderElection67] INFO  server.RaftServerConfigKeys (ConfUtils.java:logGet(43)) - raft.server.log.appender.buffer.element-limit = 1 (custom)
2019-09-04 02:52:12,775 [dc9e03c0-8020-4c07-86bb-8ce93298a35b:group-6E6BBB98B26F:LeaderElection67] INFO  grpc.GrpcConfigKeys$Server (ConfUtils.java:logGet(43)) - raft.grpc.server.leader.outstanding.appends.max = 128 (default)
2019-09-04 02:52:12,776 [dc9e03c0-8020-4c07-86bb-8ce93298a35b:group-6E6BBB98B26F:LeaderElection67] INFO  server.RaftServerConfigKeys (ConfUtils.java:logGet(43)) - raft.server.rpc.request.timeout = 3000ms (default)
2019-09-04 02:52:12,781 [dc9e03c0-8020-4c07-86bb-8ce93298a35b:group-6E6BBB98B26F:LeaderElection67] INFO  server.RaftServerConfigKeys (ConfUtils.java:logGet(43)) - raft.server.log.appender.install.snapshot.enabled = false (custom)
2019-09-04 02:52:12,781 [dc9e03c0-8020-4c07-86bb-8ce93298a35b:group-6E6BBB98B26F:LeaderElection67] INFO  impl.RoleInfo (RoleInfo.java:updateAndGet(143)) - dc9e03c0-8020-4c07-86bb-8ce93298a35b: start LeaderState
2019-09-04 02:52:12,782 [dc9e03c0-8020-4c07-86bb-8ce93298a35b:group-6E6BBB98B26F:LeaderElection67] INFO  segmented.SegmentedRaftLogWorker (SegmentedRaftLogWorker.java:startLogSegment(380)) - dc9e03c0-8020-4c07-86bb-8ce93298a35b-SegmentedRaftLogWorker:Storage Directory /workdir/hadoop-ozone/integration-test/target/test-dir/MiniOzoneClusterImpl-3bb735bc-39a8-4554-8887-bfbd0a1de759/datanode-4/data/ratis/59ae4df0-3e99-49ee-8001-6e6bbb98b26f: Starting segment from index:0
2019-09-04 02:52:12,785 [dc9e03c0-8020-4c07-86bb-8ce93298a35b:group-6E6BBB98B26F:LeaderElection67] INFO  impl.RaftServerImpl (ServerState.java:setRaftConf(361)) - dc9e03c0-8020-4c07-86bb-8ce93298a35b:group-6E6BBB98B26F set configuration 0: [fa558e8a-2244-404c-aea9-82357d9e09e8:192.168.69.105:33838, dc9e03c0-8020-4c07-86bb-8ce93298a35b:192.168.69.105:33654, 52e0c0e6-3dc5-428d-bf4a-8d3652f6b397:192.168.69.105:45677], old=null at 0
2019-09-04 02:52:12,785 [grpc-default-executor-0] INFO  client.GrpcClientProtocolClient (GrpcClientProtocolClient.java:onNext(255)) - client-97E3E93305C8->154d8629-f136-4e53-aadf-9bd077e86354: receive RaftClientReply:client-97E3E93305C8->154d8629-f136-4e53-aadf-9bd077e86354@group-806C3156DE83, cid=175, FAILED org.apache.ratis.protocol.NotLeaderException: Server 154d8629-f136-4e53-aadf-9bd077e86354 is not the leader (dce5e157-40d9-4523-b22e-1358f0218fe7:192.168.69.105:38536). Request must be sent to leader., logIndex=0, commits[154d8629-f136-4e53-aadf-9bd077e86354:c-1, dce5e157-40d9-4523-b22e-1358f0218fe7:c-1, b1e4c1b6-3c4e-42d0-bbe8-a94c9c1f6655:c-1]
2019-09-04 02:52:12,829 [fa558e8a-2244-404c-aea9-82357d9e09e8-SegmentedRaftLogWorker:Storage Directory /workdir/hadoop-ozone/integration-test/target/test-dir/MiniOzoneClusterImpl-3bb735bc-39a8-4554-8887-bfbd0a1de759/datanode-5/data/ratis/59c021d4-47fb-4b6c-8ae6-f71b40853d60] INFO  segmented.SegmentedRaftLogWorker (SegmentedRaftLogWorker.java:execute(569)) - fa558e8a-2244-404c-aea9-82357d9e09e8-SegmentedRaftLogWorker:Storage Directory /workdir/hadoop-ozone/integration-test/target/test-dir/MiniOzoneClusterImpl-3bb735bc-39a8-4554-8887-bfbd0a1de759/datanode-5/data/ratis/59c021d4-47fb-4b6c-8ae6-f71b40853d60: created new log segment /workdir/hadoop-ozone/integration-test/target/test-dir/MiniOzoneClusterImpl-3bb735bc-39a8-4554-8887-bfbd0a1de759/datanode-5/data/ratis/59c021d4-47fb-4b6c-8ae6-f71b40853d60/current/log_inprogress_0
2019-09-04 02:52:12,829 [grpc-default-executor-6] INFO  impl.RaftServerImpl (RaftServerImpl.java:requestVote(754)) - dc9e03c0-8020-4c07-86bb-8ce93298a35b-LEADER: Withhold vote from candidate fa558e8a-2244-404c-aea9-82357d9e09e8 with term 1. State: leader=dc9e03c0-8020-4c07-86bb-8ce93298a35b, term=1, lastRpcElapsed=null
2019-09-04 02:52:12,833 [grpc-default-executor-6] INFO  impl.RaftServerImpl (RaftServerImpl.java:setRole(171)) - fa558e8a-2244-404c-aea9-82357d9e09e8:group-6E6BBB98B26F changes role from CANDIDATE to FOLLOWER at term 1 for appendEntries
2019-09-04 02:52:12,834 [grpc-default-executor-6] INFO  impl.RoleInfo (RoleInfo.java:shutdownLeaderElection(134)) - fa558e8a-2244-404c-aea9-82357d9e09e8: shutdown LeaderElection
2019-09-04 02:52:12,834 [grpc-default-executor-0] INFO  impl.RaftServerImpl (ServerState.java:setLeader(263)) - 52e0c0e6-3dc5-428d-bf4a-8d3652f6b397:group-6E6BBB98B26F change Leader from null to dc9e03c0-8020-4c07-86bb-8ce93298a35b at term 1 for appendEntries, leader elected after 5276ms
2019-09-04 02:52:12,834 [grpc-default-executor-6] INFO  impl.RoleInfo (RoleInfo.java:updateAndGet(143)) - fa558e8a-2244-404c-aea9-82357d9e09e8: start FollowerState
2019-09-04 02:52:12,834 [fa558e8a-2244-404c-aea9-82357d9e09e8:group-6E6BBB98B26F:LeaderElection69] INFO  impl.LeaderElection (LeaderElection.java:logAndReturn(56)) - fa558e8a-2244-404c-aea9-82357d9e09e8:group-6E6BBB98B26F:LeaderElection69: Election REJECTED; received 2 response(s) [fa558e8a-2244-404c-aea9-82357d9e09e8<-dc9e03c0-8020-4c07-86bb-8ce93298a35b#0:FAIL-t1, fa558e8a-2244-404c-aea9-82357d9e09e8<-52e0c0e6-3dc5-428d-bf4a-8d3652f6b397#0:FAIL-t1] and 0 exception(s); fa558e8a-2244-404c-aea9-82357d9e09e8:t1, leader=null, voted=fa558e8a-2244-404c-aea9-82357d9e09e8, raftlog=fa558e8a-2244-404c-aea9-82357d9e09e8-SegmentedRaftLog:OPENED:c-1,f-1,i0, conf=-1: [fa558e8a-2244-404c-aea9-82357d9e09e8:192.168.69.105:33838, dc9e03c0-8020-4c07-86bb-8ce93298a35b:192.168.69.105:33654, 52e0c0e6-3dc5-428d-bf4a-8d3652f6b397:192.168.69.105:45677], old=null
2019-09-04 02:52:12,835 [grpc-default-executor-6] INFO  impl.RaftServerImpl (ServerState.java:setLeader(263)) - fa558e8a-2244-404c-aea9-82357d9e09e8:group-6E6BBB98B26F change Leader from null to dc9e03c0-8020-4c07-86bb-8ce93298a35b at term 1 for appendEntries, leader elected after 5277ms
2019-09-04 02:52:12,841 [grpc-default-executor-6] INFO  impl.RaftServerImpl (ServerState.java:setRaftConf(361)) - 52e0c0e6-3dc5-428d-bf4a-8d3652f6b397:group-6E6BBB98B26F set configuration 0: [fa558e8a-2244-404c-aea9-82357d9e09e8:192.168.69.105:33838, dc9e03c0-8020-4c07-86bb-8ce93298a35b:192.168.69.105:33654, 52e0c0e6-3dc5-428d-bf4a-8d3652f6b397:192.168.69.105:45677], old=null at 0
2019-09-04 02:52:12,841 [grpc-default-executor-6] INFO  segmented.SegmentedRaftLogWorker (SegmentedRaftLogWorker.java:startLogSegment(380)) - 52e0c0e6-3dc5-428d-bf4a-8d3652f6b397-SegmentedRaftLogWorker:Storage Directory /workdir/hadoop-ozone/integration-test/target/test-dir/MiniOzoneClusterImpl-3bb735bc-39a8-4554-8887-bfbd0a1de759/datanode-3/data/ratis/59ae4df0-3e99-49ee-8001-6e6bbb98b26f: Starting segment from index:0
2019-09-04 02:52:12,842 [grpc-default-executor-5] INFO  impl.RaftServerImpl (ServerState.java:setRaftConf(361)) - fa558e8a-2244-404c-aea9-82357d9e09e8:group-6E6BBB98B26F set configuration 0: [fa558e8a-2244-404c-aea9-82357d9e09e8:192.168.69.105:33838, dc9e03c0-8020-4c07-86bb-8ce93298a35b:192.168.69.105:33654, 52e0c0e6-3dc5-428d-bf4a-8d3652f6b397:192.168.69.105:45677], old=null at 0
2019-09-04 02:52:12,843 [grpc-default-executor-5] INFO  segmented.SegmentedRaftLogWorker (SegmentedRaftLogWorker.java:startLogSegment(380)) - fa558e8a-2244-404c-aea9-82357d9e09e8-SegmentedRaftLogWorker:Storage Directory /workdir/hadoop-ozone/integration-test/target/test-dir/MiniOzoneClusterImpl-3bb735bc-39a8-4554-8887-bfbd0a1de759/datanode-5/data/ratis/59ae4df0-3e99-49ee-8001-6e6bbb98b26f: Starting segment from index:0
2019-09-04 02:52:12,848 [Thread-3360] INFO  impl.FollowerState (FollowerState.java:run(106)) - 286cf2fc-8844-46ee-9444-4b1ba8aaca71:group-091C0BDF9260 changes to CANDIDATE, lastRpcTime:5135, electionTimeout:5135ms
2019-09-04 02:52:12,848 [Thread-3360] INFO  impl.RoleInfo (RoleInfo.java:shutdownFollowerState(121)) - 286cf2fc-8844-46ee-9444-4b1ba8aaca71: shutdown FollowerState
2019-09-04 02:52:12,848 [Thread-3360] INFO  impl.RaftServerImpl (RaftServerImpl.java:setRole(171)) - 286cf2fc-8844-46ee-9444-4b1ba8aaca71:group-091C0BDF9260 changes role from FOLLOWER to CANDIDATE at term 0 for changeToCandidate
2019-09-04 02:52:12,848 [Thread-3360] INFO  impl.RoleInfo (RoleInfo.java:updateAndGet(143)) - 286cf2fc-8844-46ee-9444-4b1ba8aaca71: start LeaderElection
2019-09-04 02:52:12,898 [dc9e03c0-8020-4c07-86bb-8ce93298a35b-SegmentedRaftLogWorker:Storage Directory /workdir/hadoop-ozone/integration-test/target/test-dir/MiniOzoneClusterImpl-3bb735bc-39a8-4554-8887-bfbd0a1de759/datanode-4/data/ratis/59ae4df0-3e99-49ee-8001-6e6bbb98b26f] INFO  segmented.SegmentedRaftLogWorker (SegmentedRaftLogWorker.java:execute(569)) - dc9e03c0-8020-4c07-86bb-8ce93298a35b-SegmentedRaftLogWorker:Storage Directory /workdir/hadoop-ozone/integration-test/target/test-dir/MiniOzoneClusterImpl-3bb735bc-39a8-4554-8887-bfbd0a1de759/datanode-4/data/ratis/59ae4df0-3e99-49ee-8001-6e6bbb98b26f: created new log segment /workdir/hadoop-ozone/integration-test/target/test-dir/MiniOzoneClusterImpl-3bb735bc-39a8-4554-8887-bfbd0a1de759/datanode-4/data/ratis/59ae4df0-3e99-49ee-8001-6e6bbb98b26f/current/log_inprogress_0
2019-09-04 02:52:12,913 [fa558e8a-2244-404c-aea9-82357d9e09e8-SegmentedRaftLogWorker:Storage Directory /workdir/hadoop-ozone/integration-test/target/test-dir/MiniOzoneClusterImpl-3bb735bc-39a8-4554-8887-bfbd0a1de759/datanode-5/data/ratis/59ae4df0-3e99-49ee-8001-6e6bbb98b26f] INFO  segmented.SegmentedRaftLogWorker (SegmentedRaftLogWorker.java:execute(569)) - fa558e8a-2244-404c-aea9-82357d9e09e8-SegmentedRaftLogWorker:Storage Directory /workdir/hadoop-ozone/integration-test/target/test-dir/MiniOzoneClusterImpl-3bb735bc-39a8-4554-8887-bfbd0a1de759/datanode-5/data/ratis/59ae4df0-3e99-49ee-8001-6e6bbb98b26f: created new log segment /workdir/hadoop-ozone/integration-test/target/test-dir/MiniOzoneClusterImpl-3bb735bc-39a8-4554-8887-bfbd0a1de759/datanode-5/data/ratis/59ae4df0-3e99-49ee-8001-6e6bbb98b26f/current/log_inprogress_0
2019-09-04 02:52:12,913 [286cf2fc-8844-46ee-9444-4b1ba8aaca71:group-091C0BDF9260:LeaderElection70] INFO  impl.LeaderElection (LeaderElection.java:askForVotes(181)) - 286cf2fc-8844-46ee-9444-4b1ba8aaca71:group-091C0BDF9260:LeaderElection70: begin an election at term 1 for -1: [286cf2fc-8844-46ee-9444-4b1ba8aaca71:192.168.69.105:40418], old=null
2019-09-04 02:52:12,913 [52e0c0e6-3dc5-428d-bf4a-8d3652f6b397-SegmentedRaftLogWorker:Storage Directory /workdir/hadoop-ozone/integration-test/target/test-dir/MiniOzoneClusterImpl-3bb735bc-39a8-4554-8887-bfbd0a1de759/datanode-3/data/ratis/59ae4df0-3e99-49ee-8001-6e6bbb98b26f] INFO  segmented.SegmentedRaftLogWorker (SegmentedRaftLogWorker.java:execute(569)) - 52e0c0e6-3dc5-428d-bf4a-8d3652f6b397-SegmentedRaftLogWorker:Storage Directory /workdir/hadoop-ozone/integration-test/target/test-dir/MiniOzoneClusterImpl-3bb735bc-39a8-4554-8887-bfbd0a1de759/datanode-3/data/ratis/59ae4df0-3e99-49ee-8001-6e6bbb98b26f: created new log segment /workdir/hadoop-ozone/integration-test/target/test-dir/MiniOzoneClusterImpl-3bb735bc-39a8-4554-8887-bfbd0a1de759/datanode-3/data/ratis/59ae4df0-3e99-49ee-8001-6e6bbb98b26f/current/log_inprogress_0
2019-09-04 02:52:12,913 [286cf2fc-8844-46ee-9444-4b1ba8aaca71:group-091C0BDF9260:LeaderElection70] INFO  impl.RoleInfo (RoleInfo.java:shutdownLeaderElection(134)) - 286cf2fc-8844-46ee-9444-4b1ba8aaca71: shutdown LeaderElection
2019-09-04 02:52:12,914 [286cf2fc-8844-46ee-9444-4b1ba8aaca71:group-091C0BDF9260:LeaderElection70] INFO  impl.RaftServerImpl (RaftServerImpl.java:setRole(171)) - 286cf2fc-8844-46ee-9444-4b1ba8aaca71:group-091C0BDF9260 changes role from CANDIDATE to LEADER at term 1 for changeToLeader
2019-09-04 02:52:12,914 [286cf2fc-8844-46ee-9444-4b1ba8aaca71:group-091C0BDF9260:LeaderElection70] INFO  impl.RaftServerImpl (ServerState.java:setLeader(263)) - 286cf2fc-8844-46ee-9444-4b1ba8aaca71:group-091C0BDF9260 change Leader from null to 286cf2fc-8844-46ee-9444-4b1ba8aaca71 at term 1 for becomeLeader, leader elected after 5205ms
2019-09-04 02:52:12,914 [286cf2fc-8844-46ee-9444-4b1ba8aaca71:group-091C0BDF9260:LeaderElection70] INFO  server.RaftServerConfigKeys (ConfUtils.java:logGet(43)) - raft.server.staging.catchup.gap = 1000 (default)
2019-09-04 02:52:12,914 [286cf2fc-8844-46ee-9444-4b1ba8aaca71:group-091C0BDF9260:LeaderElection70] INFO  server.RaftServerConfigKeys (ConfUtils.java:logGet(43)) - raft.server.rpc.sleep.time = 25ms (default)
2019-09-04 02:52:12,914 [286cf2fc-8844-46ee-9444-4b1ba8aaca71:group-091C0BDF9260:LeaderElection70] INFO  server.RaftServerConfigKeys (ConfUtils.java:logGet(43)) - raft.server.write.element-limit = 4096 (default)
2019-09-04 02:52:12,915 [286cf2fc-8844-46ee-9444-4b1ba8aaca71:group-091C0BDF9260:LeaderElection70] INFO  server.RaftServerConfigKeys (ConfUtils.java:logGet(43)) - raft.server.watch.timeout = 10s (default)
2019-09-04 02:52:12,915 [286cf2fc-8844-46ee-9444-4b1ba8aaca71:group-091C0BDF9260:LeaderElection70] INFO  server.RaftServerConfigKeys (ConfUtils.java:logGet(43)) - raft.server.watch.timeout.denomination = 1s (default)
2019-09-04 02:52:12,915 [286cf2fc-8844-46ee-9444-4b1ba8aaca71:group-091C0BDF9260:LeaderElection70] INFO  server.RaftServerConfigKeys (ConfUtils.java:logGet(43)) - raft.server.watch.element-limit = 65536 (default)
2019-09-04 02:52:12,915 [286cf2fc-8844-46ee-9444-4b1ba8aaca71:group-091C0BDF9260:LeaderElection70] INFO  impl.RoleInfo (RoleInfo.java:updateAndGet(143)) - 286cf2fc-8844-46ee-9444-4b1ba8aaca71: start LeaderState
2019-09-04 02:52:12,915 [286cf2fc-8844-46ee-9444-4b1ba8aaca71:group-091C0BDF9260:LeaderElection70] INFO  segmented.SegmentedRaftLogWorker (SegmentedRaftLogWorker.java:startLogSegment(380)) - 286cf2fc-8844-46ee-9444-4b1ba8aaca71-SegmentedRaftLogWorker:Storage Directory /workdir/hadoop-ozone/integration-test/target/test-dir/MiniOzoneClusterImpl-3bb735bc-39a8-4554-8887-bfbd0a1de759/datanode-6/data/ratis/d056f7d1-718e-4999-860e-091c0bdf9260: Starting segment from index:0
2019-09-04 02:52:12,916 [286cf2fc-8844-46ee-9444-4b1ba8aaca71:group-091C0BDF9260:LeaderElection70] INFO  impl.RaftServerImpl (ServerState.java:setRaftConf(361)) - 286cf2fc-8844-46ee-9444-4b1ba8aaca71:group-091C0BDF9260 set configuration 0: [286cf2fc-8844-46ee-9444-4b1ba8aaca71:192.168.69.105:40418], old=null at 0
2019-09-04 02:52:12,953 | INFO  | SCMAudit | user=jenkins1000 | ip=192.168.69.105 | op=SEND_HEARTBEAT {datanodeUUID=154d8629-f136-4e53-aadf-9bd077e86354, command=[]} | ret=SUCCESS |  
2019-09-04 02:52:12,953 | INFO  | SCMAudit | user=jenkins1000 | ip=192.168.69.105 | op=SEND_HEARTBEAT {datanodeUUID=52e0c0e6-3dc5-428d-bf4a-8d3652f6b397, command=[]} | ret=SUCCESS |  
2019-09-04 02:52:12,973 [286cf2fc-8844-46ee-9444-4b1ba8aaca71-SegmentedRaftLogWorker:Storage Directory /workdir/hadoop-ozone/integration-test/target/test-dir/MiniOzoneClusterImpl-3bb735bc-39a8-4554-8887-bfbd0a1de759/datanode-6/data/ratis/d056f7d1-718e-4999-860e-091c0bdf9260] INFO  segmented.SegmentedRaftLogWorker (SegmentedRaftLogWorker.java:execute(569)) - 286cf2fc-8844-46ee-9444-4b1ba8aaca71-SegmentedRaftLogWorker:Storage Directory /workdir/hadoop-ozone/integration-test/target/test-dir/MiniOzoneClusterImpl-3bb735bc-39a8-4554-8887-bfbd0a1de759/datanode-6/data/ratis/d056f7d1-718e-4999-860e-091c0bdf9260: created new log segment /workdir/hadoop-ozone/integration-test/target/test-dir/MiniOzoneClusterImpl-3bb735bc-39a8-4554-8887-bfbd0a1de759/datanode-6/data/ratis/d056f7d1-718e-4999-860e-091c0bdf9260/current/log_inprogress_0
2019-09-04 02:52:13,067 | INFO  | DNAudit | user=null | ip=null | op=WRITE_CHUNK {blockData=conID: 1 locID: 102731974489931790 bcsId: 0} | ret=SUCCESS |  
2019-09-04 02:52:13,067 | INFO  | DNAudit | user=null | ip=null | op=WRITE_CHUNK {blockData=conID: 1 locID: 102731974489931790 bcsId: 0} | ret=SUCCESS |  
2019-09-04 02:52:13,067 | INFO  | DNAudit | user=null | ip=null | op=WRITE_CHUNK {blockData=conID: 1 locID: 102731974489931790 bcsId: 0} | ret=SUCCESS |  
2019-09-04 02:52:13,068 | INFO  | SCMAudit | user=jenkins1000 | ip=192.168.69.105 | op=SEND_HEARTBEAT {datanodeUUID=154d8629-f136-4e53-aadf-9bd077e86354, command=[]} | ret=SUCCESS |  
2019-09-04 02:52:13,068 | INFO  | SCMAudit | user=jenkins1000 | ip=192.168.69.105 | op=SEND_HEARTBEAT {datanodeUUID=dce5e157-40d9-4523-b22e-1358f0218fe7, command=[]} | ret=SUCCESS |  
2019-09-04 02:52:13,068 | INFO  | SCMAudit | user=jenkins1000 | ip=192.168.69.105 | op=SEND_HEARTBEAT {datanodeUUID=b1e4c1b6-3c4e-42d0-bbe8-a94c9c1f6655, command=[]} | ret=SUCCESS |  
2019-09-04 02:52:13,084 | INFO  | DNAudit | user=null | ip=null | op=WRITE_CHUNK {blockData=conID: 1 locID: 102731974489931790 bcsId: 0} | ret=SUCCESS |  
2019-09-04 02:52:13,089 [grpc-default-executor-5] INFO  client.GrpcClientProtocolClient (GrpcClientProtocolClient.java:onNext(255)) - client-97E3E93305C8->dce5e157-40d9-4523-b22e-1358f0218fe7: receive RaftClientReply:client-97E3E93305C8->dce5e157-40d9-4523-b22e-1358f0218fe7@group-806C3156DE83, cid=175, SUCCESS, logIndex=1, commits[dce5e157-40d9-4523-b22e-1358f0218fe7:c1, b1e4c1b6-3c4e-42d0-bbe8-a94c9c1f6655:c0, 154d8629-f136-4e53-aadf-9bd077e86354:c0]
2019-09-04 02:52:13,092 | INFO  | DNAudit | user=null | ip=null | op=WRITE_CHUNK {blockData=conID: 1 locID: 102731974489931790 bcsId: 0} | ret=SUCCESS |  
2019-09-04 02:52:13,093 | INFO  | DNAudit | user=null | ip=null | op=WRITE_CHUNK {blockData=conID: 1 locID: 102731974489931790 bcsId: 0} | ret=SUCCESS |  
2019-09-04 02:52:13,093 | INFO  | DNAudit | user=null | ip=null | op=WRITE_CHUNK {blockData=conID: 1 locID: 102731974489931790 bcsId: 0} | ret=SUCCESS |  
2019-09-04 02:52:13,094 | INFO  | DNAudit | user=null | ip=null | op=WRITE_CHUNK {blockData=conID: 1 locID: 102731974489931790 bcsId: 0} | ret=SUCCESS |  
2019-09-04 02:52:13,095 | INFO  | DNAudit | user=null | ip=null | op=WRITE_CHUNK {blockData=conID: 1 locID: 102731974489931790 bcsId: 0} | ret=SUCCESS |  
2019-09-04 02:52:13,095 | INFO  | DNAudit | user=null | ip=null | op=WRITE_CHUNK {blockData=conID: 1 locID: 102731974489931790 bcsId: 0} | ret=SUCCESS |  
2019-09-04 02:52:13,095 | INFO  | DNAudit | user=null | ip=null | op=WRITE_CHUNK {blockData=conID: 1 locID: 102731974489931790 bcsId: 0} | ret=SUCCESS |  
2019-09-04 02:52:13,096 | INFO  | DNAudit | user=null | ip=null | op=WRITE_CHUNK {blockData=conID: 1 locID: 102731974489931790 bcsId: 0} | ret=SUCCESS |  
2019-09-04 02:52:13,096 | INFO  | DNAudit | user=null | ip=null | op=WRITE_CHUNK {blockData=conID: 1 locID: 102731974489931790 bcsId: 0} | ret=SUCCESS |  
2019-09-04 02:52:13,098 | INFO  | DNAudit | user=null | ip=null | op=WRITE_CHUNK {blockData=conID: 1 locID: 102731974489931790 bcsId: 0} | ret=SUCCESS |  
2019-09-04 02:52:13,098 | INFO  | DNAudit | user=null | ip=null | op=WRITE_CHUNK {blockData=conID: 1 locID: 102731974489931790 bcsId: 0} | ret=SUCCESS |  
2019-09-04 02:52:13,112 | INFO  | DNAudit | user=null | ip=null | op=WRITE_CHUNK {blockData=conID: 1 locID: 102731974489931790 bcsId: 0} | ret=SUCCESS |  
2019-09-04 02:52:13,116 | INFO  | DNAudit | user=null | ip=null | op=WRITE_CHUNK {blockData=conID: 1 locID: 102731974489931790 bcsId: 0} | ret=SUCCESS |  
2019-09-04 02:52:13,116 [grpc-default-executor-0] INFO  client.GrpcClientProtocolClient (GrpcClientProtocolClient.java:onNext(255)) - client-97E3E93305C8->dce5e157-40d9-4523-b22e-1358f0218fe7: receive RaftClientReply:client-97E3E93305C8->dce5e157-40d9-4523-b22e-1358f0218fe7@group-806C3156DE83, cid=176, SUCCESS, logIndex=3, commits[dce5e157-40d9-4523-b22e-1358f0218fe7:c5, b1e4c1b6-3c4e-42d0-bbe8-a94c9c1f6655:c1, 154d8629-f136-4e53-aadf-9bd077e86354:c1]
2019-09-04 02:52:13,117 | INFO  | DNAudit | user=null | ip=null | op=WRITE_CHUNK {blockData=conID: 1 locID: 102731974489931790 bcsId: 0} | ret=SUCCESS |  
2019-09-04 02:52:13,176 | INFO  | DNAudit | user=null | ip=null | op=PUT_BLOCK {blockData=[blockId=conID: 1 locID: 102731974489931790 bcsId: 0,size=200]} | ret=SUCCESS |  
2019-09-04 02:52:13,177 | INFO  | DNAudit | user=null | ip=null | op=WRITE_CHUNK {blockData=conID: 1 locID: 102731974489931790 bcsId: 0} | ret=SUCCESS |  
2019-09-04 02:52:13,177 | INFO  | DNAudit | user=null | ip=null | op=WRITE_CHUNK {blockData=conID: 1 locID: 102731974489931790 bcsId: 0} | ret=SUCCESS |  
2019-09-04 02:52:13,178 [grpc-default-executor-7] INFO  client.GrpcClientProtocolClient (GrpcClientProtocolClient.java:onNext(255)) - client-97E3E93305C8->dce5e157-40d9-4523-b22e-1358f0218fe7: receive RaftClientReply:client-97E3E93305C8->dce5e157-40d9-4523-b22e-1358f0218fe7@group-806C3156DE83, cid=177, SUCCESS, logIndex=4, commits[dce5e157-40d9-4523-b22e-1358f0218fe7:c12, b1e4c1b6-3c4e-42d0-bbe8-a94c9c1f6655:c7, 154d8629-f136-4e53-aadf-9bd077e86354:c7]
2019-09-04 02:52:13,179 [grpc-default-executor-7] INFO  client.GrpcClientProtocolClient (GrpcClientProtocolClient.java:onNext(255)) - client-97E3E93305C8->dce5e157-40d9-4523-b22e-1358f0218fe7: receive RaftClientReply:client-97E3E93305C8->dce5e157-40d9-4523-b22e-1358f0218fe7@group-806C3156DE83, cid=178, SUCCESS, logIndex=5, commits[dce5e157-40d9-4523-b22e-1358f0218fe7:c12, b1e4c1b6-3c4e-42d0-bbe8-a94c9c1f6655:c7, 154d8629-f136-4e53-aadf-9bd077e86354:c7]
2019-09-04 02:52:13,180 [grpc-default-executor-7] INFO  client.GrpcClientProtocolClient (GrpcClientProtocolClient.java:onNext(255)) - client-97E3E93305C8->dce5e157-40d9-4523-b22e-1358f0218fe7: receive RaftClientReply:client-97E3E93305C8->dce5e157-40d9-4523-b22e-1358f0218fe7@group-806C3156DE83, cid=179, SUCCESS, logIndex=6, commits[dce5e157-40d9-4523-b22e-1358f0218fe7:c12, b1e4c1b6-3c4e-42d0-bbe8-a94c9c1f6655:c7, 154d8629-f136-4e53-aadf-9bd077e86354:c7]
2019-09-04 02:52:13,211 | INFO  | SCMAudit | user=jenkins1000 | ip=192.168.69.105 | op=SEND_HEARTBEAT {datanodeUUID=dc9e03c0-8020-4c07-86bb-8ce93298a35b, command=[]} | ret=SUCCESS |  
2019-09-04 02:52:13,269 | INFO  | DNAudit | user=null | ip=null | op=PUT_BLOCK {blockData=[blockId=conID: 1 locID: 102731974489931790 bcsId: 0,size=200]} | ret=SUCCESS |  
2019-09-04 02:52:13,270 | INFO  | DNAudit | user=null | ip=null | op=WRITE_CHUNK {blockData=conID: 1 locID: 102731974489931790 bcsId: 0} | ret=SUCCESS |  
2019-09-04 02:52:13,270 | INFO  | DNAudit | user=null | ip=null | op=WRITE_CHUNK {blockData=conID: 1 locID: 102731974489931790 bcsId: 0} | ret=SUCCESS |  
2019-09-04 02:52:13,349 | INFO  | DNAudit | user=null | ip=null | op=PUT_BLOCK {blockData=[blockId=conID: 1 locID: 102731974489931790 bcsId: 0,size=200]} | ret=SUCCESS |  
2019-09-04 02:52:13,349 | INFO  | DNAudit | user=null | ip=null | op=PUT_BLOCK {blockData=[blockId=conID: 1 locID: 102731974489931790 bcsId: 0,size=400]} | ret=SUCCESS |  
2019-09-04 02:52:13,349 | INFO  | DNAudit | user=null | ip=null | op=PUT_BLOCK {blockData=[blockId=conID: 1 locID: 102731974489931790 bcsId: 0,size=400]} | ret=SUCCESS |  
2019-09-04 02:52:13,350 | INFO  | DNAudit | user=null | ip=null | op=WRITE_CHUNK {blockData=conID: 1 locID: 102731974489931790 bcsId: 0} | ret=SUCCESS |  
2019-09-04 02:52:13,350 | INFO  | DNAudit | user=null | ip=null | op=WRITE_CHUNK {blockData=conID: 1 locID: 102731974489931790 bcsId: 0} | ret=SUCCESS |  
2019-09-04 02:52:13,351 | INFO  | DNAudit | user=null | ip=null | op=PUT_BLOCK {blockData=[blockId=conID: 1 locID: 102731974489931790 bcsId: 0,size=400]} | ret=SUCCESS |  
2019-09-04 02:52:13,351 [grpc-default-executor-7] INFO  client.GrpcClientProtocolClient (GrpcClientProtocolClient.java:onNext(255)) - client-97E3E93305C8->dce5e157-40d9-4523-b22e-1358f0218fe7: receive RaftClientReply:client-97E3E93305C8->dce5e157-40d9-4523-b22e-1358f0218fe7@group-806C3156DE83, cid=180, SUCCESS, logIndex=7, commits[dce5e157-40d9-4523-b22e-1358f0218fe7:c12, b1e4c1b6-3c4e-42d0-bbe8-a94c9c1f6655:c7, 154d8629-f136-4e53-aadf-9bd077e86354:c7]
2019-09-04 02:52:13,362 | INFO  | DNAudit | user=null | ip=null | op=WRITE_CHUNK {blockData=conID: 1 locID: 102731974489931790 bcsId: 7} | ret=SUCCESS |  
2019-09-04 02:52:13,363 | INFO  | DNAudit | user=null | ip=null | op=WRITE_CHUNK {blockData=conID: 1 locID: 102731974489931790 bcsId: 7} | ret=SUCCESS |  
2019-09-04 02:52:13,364 | INFO  | DNAudit | user=null | ip=null | op=WRITE_CHUNK {blockData=conID: 1 locID: 102731974489931790 bcsId: 7} | ret=SUCCESS |  
2019-09-04 02:52:13,378 | INFO  | DNAudit | user=null | ip=null | op=WRITE_CHUNK {blockData=conID: 1 locID: 102731974489931790 bcsId: 7} | ret=SUCCESS |  
2019-09-04 02:52:13,379 | INFO  | DNAudit | user=null | ip=null | op=PUT_BLOCK {blockData=[blockId=conID: 1 locID: 102731974489931790 bcsId: 0,size=450]} | ret=SUCCESS |  
2019-09-04 02:52:13,379 [grpc-default-executor-0] INFO  client.GrpcClientProtocolClient (GrpcClientProtocolClient.java:onNext(255)) - client-97E3E93305C8->dce5e157-40d9-4523-b22e-1358f0218fe7: receive RaftClientReply:client-97E3E93305C8->dce5e157-40d9-4523-b22e-1358f0218fe7@group-806C3156DE83, cid=181, SUCCESS, logIndex=13, commits[dce5e157-40d9-4523-b22e-1358f0218fe7:c14, b1e4c1b6-3c4e-42d0-bbe8-a94c9c1f6655:c12, 154d8629-f136-4e53-aadf-9bd077e86354:c12]
2019-09-04 02:52:13,380 [grpc-default-executor-0] INFO  client.GrpcClientProtocolClient (GrpcClientProtocolClient.java:onNext(255)) - client-97E3E93305C8->dce5e157-40d9-4523-b22e-1358f0218fe7: receive RaftClientReply:client-97E3E93305C8->dce5e157-40d9-4523-b22e-1358f0218fe7@group-806C3156DE83, cid=182, SUCCESS, logIndex=14, commits[dce5e157-40d9-4523-b22e-1358f0218fe7:c14, b1e4c1b6-3c4e-42d0-bbe8-a94c9c1f6655:c12, 154d8629-f136-4e53-aadf-9bd077e86354:c12]
2019-09-04 02:52:13,391 | INFO  | DNAudit | user=null | ip=null | op=WRITE_CHUNK {blockData=conID: 1 locID: 102731974489931790 bcsId: 7} | ret=SUCCESS |  
2019-09-04 02:52:13,391 | INFO  | DNAudit | user=null | ip=null | op=WRITE_CHUNK {blockData=conID: 1 locID: 102731974489931790 bcsId: 7} | ret=SUCCESS |  
2019-09-04 02:52:13,401 | INFO  | SCMAudit | user=jenkins1000 | ip=192.168.69.105 | op=SEND_HEARTBEAT {datanodeUUID=fa558e8a-2244-404c-aea9-82357d9e09e8, command=[]} | ret=SUCCESS |  
2019-09-04 02:52:13,405 | INFO  | DNAudit | user=null | ip=null | op=PUT_BLOCK {blockData=[blockId=conID: 1 locID: 102731974489931790 bcsId: 0,size=450]} | ret=SUCCESS |  
2019-09-04 02:52:13,405 | INFO  | DNAudit | user=null | ip=null | op=PUT_BLOCK {blockData=[blockId=conID: 1 locID: 102731974489931790 bcsId: 0,size=450]} | ret=SUCCESS |  
2019-09-04 02:52:13,409 [grpc-default-executor-0] INFO  client.GrpcClientProtocolClient (GrpcClientProtocolClient.java:onNext(255)) - client-97E3E93305C8->dce5e157-40d9-4523-b22e-1358f0218fe7: receive RaftClientReply:client-97E3E93305C8->dce5e157-40d9-4523-b22e-1358f0218fe7@group-806C3156DE83, cid=183, SUCCESS, logIndex=0, commits[dce5e157-40d9-4523-b22e-1358f0218fe7:c16, b1e4c1b6-3c4e-42d0-bbe8-a94c9c1f6655:c14, 154d8629-f136-4e53-aadf-9bd077e86354:c14]
2019-09-04 02:52:13,409 [main] INFO  datanode.ObjectStoreHandler (ObjectStoreHandler.java:close(155)) - Closing ObjectStoreHandler.
2019-09-04 02:52:13,410 [main] INFO  ozone.HddsDatanodeService (HddsDatanodeService.java:stop(451)) - Stopped plug-in org.apache.hadoop.ozone.web.OzoneHddsDatanodeService@3299e315
2019-09-04 02:52:13,648 | INFO  | SCMAudit | user=jenkins1000 | ip=192.168.69.105 | op=SEND_HEARTBEAT {datanodeUUID=286cf2fc-8844-46ee-9444-4b1ba8aaca71, command=[]} | ret=SUCCESS |  
2019-09-04 02:52:13,952 | INFO  | SCMAudit | user=jenkins1000 | ip=192.168.69.105 | op=SEND_HEARTBEAT {datanodeUUID=52e0c0e6-3dc5-428d-bf4a-8d3652f6b397, command=[]} | ret=SUCCESS |  
2019-09-04 02:52:14,066 [Datanode State Machine Thread - 0] INFO  statemachine.DatanodeStateMachine (DatanodeStateMachine.java:lambda$startDaemon$0(350)) - Ozone container server started.
2019-09-04 02:52:14,067 | INFO  | SCMAudit | user=jenkins1000 | ip=192.168.69.105 | op=SEND_HEARTBEAT {datanodeUUID=dce5e157-40d9-4523-b22e-1358f0218fe7, command=[]} | ret=SUCCESS |  
2019-09-04 02:52:14,067 | INFO  | SCMAudit | user=jenkins1000 | ip=192.168.69.105 | op=SEND_HEARTBEAT {datanodeUUID=b1e4c1b6-3c4e-42d0-bbe8-a94c9c1f6655, command=[]} | ret=SUCCESS |  
2019-09-04 02:52:14,211 | INFO  | SCMAudit | user=jenkins1000 | ip=192.168.69.105 | op=SEND_HEARTBEAT {datanodeUUID=dc9e03c0-8020-4c07-86bb-8ce93298a35b, command=[]} | ret=SUCCESS |  
2019-09-04 02:52:14,401 | INFO  | SCMAudit | user=jenkins1000 | ip=192.168.69.105 | op=SEND_HEARTBEAT {datanodeUUID=fa558e8a-2244-404c-aea9-82357d9e09e8, command=[]} | ret=SUCCESS |  
2019-09-04 02:52:14,648 | INFO  | SCMAudit | user=jenkins1000 | ip=192.168.69.105 | op=SEND_HEARTBEAT {datanodeUUID=286cf2fc-8844-46ee-9444-4b1ba8aaca71, command=[]} | ret=SUCCESS |  
2019-09-04 02:52:14,952 | INFO  | SCMAudit | user=jenkins1000 | ip=192.168.69.105 | op=SEND_HEARTBEAT {datanodeUUID=52e0c0e6-3dc5-428d-bf4a-8d3652f6b397, command=[]} | ret=SUCCESS |  
2019-09-04 02:52:15,067 | INFO  | SCMAudit | user=jenkins1000 | ip=192.168.69.105 | op=SEND_HEARTBEAT {datanodeUUID=dce5e157-40d9-4523-b22e-1358f0218fe7, command=[]} | ret=SUCCESS |  
2019-09-04 02:52:15,067 | INFO  | SCMAudit | user=jenkins1000 | ip=192.168.69.105 | op=SEND_HEARTBEAT {datanodeUUID=b1e4c1b6-3c4e-42d0-bbe8-a94c9c1f6655, command=[]} | ret=SUCCESS |  
2019-09-04 02:52:15,211 | INFO  | SCMAudit | user=jenkins1000 | ip=192.168.69.105 | op=SEND_HEARTBEAT {datanodeUUID=dc9e03c0-8020-4c07-86bb-8ce93298a35b, command=[]} | ret=SUCCESS |  
2019-09-04 02:52:15,402 | INFO  | SCMAudit | user=jenkins1000 | ip=192.168.69.105 | op=SEND_HEARTBEAT {datanodeUUID=fa558e8a-2244-404c-aea9-82357d9e09e8, command=[]} | ret=SUCCESS |  
2019-09-04 02:52:15,649 | INFO  | SCMAudit | user=jenkins1000 | ip=192.168.69.105 | op=SEND_HEARTBEAT {datanodeUUID=286cf2fc-8844-46ee-9444-4b1ba8aaca71, command=[]} | ret=SUCCESS |  
2019-09-04 02:52:15,952 | INFO  | SCMAudit | user=jenkins1000 | ip=192.168.69.105 | op=SEND_HEARTBEAT {datanodeUUID=52e0c0e6-3dc5-428d-bf4a-8d3652f6b397, command=[]} | ret=SUCCESS |  
2019-09-04 02:52:16,067 | INFO  | SCMAudit | user=jenkins1000 | ip=192.168.69.105 | op=SEND_HEARTBEAT {datanodeUUID=dce5e157-40d9-4523-b22e-1358f0218fe7, command=[]} | ret=SUCCESS |  
2019-09-04 02:52:16,067 | INFO  | SCMAudit | user=jenkins1000 | ip=192.168.69.105 | op=SEND_HEARTBEAT {datanodeUUID=b1e4c1b6-3c4e-42d0-bbe8-a94c9c1f6655, command=[]} | ret=SUCCESS |  
2019-09-04 02:52:16,212 | INFO  | SCMAudit | user=jenkins1000 | ip=192.168.69.105 | op=SEND_HEARTBEAT {datanodeUUID=dc9e03c0-8020-4c07-86bb-8ce93298a35b, command=[]} | ret=SUCCESS |  
2019-09-04 02:52:16,402 | INFO  | SCMAudit | user=jenkins1000 | ip=192.168.69.105 | op=SEND_HEARTBEAT {datanodeUUID=fa558e8a-2244-404c-aea9-82357d9e09e8, command=[]} | ret=SUCCESS |  
2019-09-04 02:52:16,648 | INFO  | SCMAudit | user=jenkins1000 | ip=192.168.69.105 | op=SEND_HEARTBEAT {datanodeUUID=286cf2fc-8844-46ee-9444-4b1ba8aaca71, command=[]} | ret=SUCCESS |  
2019-09-04 02:52:16,952 | INFO  | SCMAudit | user=jenkins1000 | ip=192.168.69.105 | op=SEND_HEARTBEAT {datanodeUUID=52e0c0e6-3dc5-428d-bf4a-8d3652f6b397, command=[]} | ret=SUCCESS |  
2019-09-04 02:52:17,067 | INFO  | SCMAudit | user=jenkins1000 | ip=192.168.69.105 | op=SEND_HEARTBEAT {datanodeUUID=b1e4c1b6-3c4e-42d0-bbe8-a94c9c1f6655, command=[]} | ret=SUCCESS |  
2019-09-04 02:52:17,068 | INFO  | SCMAudit | user=jenkins1000 | ip=192.168.69.105 | op=SEND_HEARTBEAT {datanodeUUID=dce5e157-40d9-4523-b22e-1358f0218fe7, command=[]} | ret=SUCCESS |  
2019-09-04 02:52:17,212 | INFO  | SCMAudit | user=jenkins1000 | ip=192.168.69.105 | op=SEND_HEARTBEAT {datanodeUUID=dc9e03c0-8020-4c07-86bb-8ce93298a35b, command=[]} | ret=SUCCESS |  
2019-09-04 02:52:17,402 | INFO  | SCMAudit | user=jenkins1000 | ip=192.168.69.105 | op=SEND_HEARTBEAT {datanodeUUID=fa558e8a-2244-404c-aea9-82357d9e09e8, command=[]} | ret=SUCCESS |  
2019-09-04 02:52:17,648 | INFO  | SCMAudit | user=jenkins1000 | ip=192.168.69.105 | op=SEND_HEARTBEAT {datanodeUUID=286cf2fc-8844-46ee-9444-4b1ba8aaca71, command=[]} | ret=SUCCESS |  
2019-09-04 02:52:17,953 | INFO  | SCMAudit | user=jenkins1000 | ip=192.168.69.105 | op=SEND_HEARTBEAT {datanodeUUID=52e0c0e6-3dc5-428d-bf4a-8d3652f6b397, command=[]} | ret=SUCCESS |  
2019-09-04 02:52:18,068 | INFO  | SCMAudit | user=jenkins1000 | ip=192.168.69.105 | op=SEND_HEARTBEAT {datanodeUUID=dce5e157-40d9-4523-b22e-1358f0218fe7, command=[]} | ret=SUCCESS |  
2019-09-04 02:52:18,068 | INFO  | SCMAudit | user=jenkins1000 | ip=192.168.69.105 | op=SEND_HEARTBEAT {datanodeUUID=b1e4c1b6-3c4e-42d0-bbe8-a94c9c1f6655, command=[]} | ret=SUCCESS |  
2019-09-04 02:52:18,105 [EventQueue-StaleNodeForStaleNodeHandler] INFO  node.StaleNodeHandler (StaleNodeHandler.java:onMessage(58)) - Datanode 154d8629-f136-4e53-aadf-9bd077e86354{ip: 192.168.69.105, host: pr-hdds-1571-zhvv9-3536733312, networkLocation: /default-rack, certSerialId: null} moved to stale state. Finalizing its pipelines [PipelineID=69585f61-d2a9-436a-8f53-806c3156de83, PipelineID=0f0f5b2d-3218-4403-b5b3-5711b9f3b564]
2019-09-04 02:52:18,105 [EventQueue-StaleNodeForStaleNodeHandler] INFO  pipeline.SCMPipelineManager (SCMPipelineManager.java:finalizeAndDestroyPipeline(309)) - destroying pipeline:Pipeline[ Id: 69585f61-d2a9-436a-8f53-806c3156de83, Nodes: 154d8629-f136-4e53-aadf-9bd077e86354{ip: 192.168.69.105, host: pr-hdds-1571-zhvv9-3536733312, networkLocation: /default-rack, certSerialId: null}b1e4c1b6-3c4e-42d0-bbe8-a94c9c1f6655{ip: 192.168.69.105, host: pr-hdds-1571-zhvv9-3536733312, networkLocation: /default-rack, certSerialId: null}dce5e157-40d9-4523-b22e-1358f0218fe7{ip: 192.168.69.105, host: pr-hdds-1571-zhvv9-3536733312, networkLocation: /default-rack, certSerialId: null}, Type:RATIS, Factor:THREE, State:OPEN]
2019-09-04 02:52:18,105 [EventQueue-StaleNodeForStaleNodeHandler] INFO  pipeline.PipelineStateManager (PipelineStateManager.java:finalizePipeline(123)) - Pipeline Pipeline[ Id: 69585f61-d2a9-436a-8f53-806c3156de83, Nodes: 154d8629-f136-4e53-aadf-9bd077e86354{ip: 192.168.69.105, host: pr-hdds-1571-zhvv9-3536733312, networkLocation: /default-rack, certSerialId: null}b1e4c1b6-3c4e-42d0-bbe8-a94c9c1f6655{ip: 192.168.69.105, host: pr-hdds-1571-zhvv9-3536733312, networkLocation: /default-rack, certSerialId: null}dce5e157-40d9-4523-b22e-1358f0218fe7{ip: 192.168.69.105, host: pr-hdds-1571-zhvv9-3536733312, networkLocation: /default-rack, certSerialId: null}, Type:RATIS, Factor:THREE, State:CLOSED] moved to CLOSED state
2019-09-04 02:52:18,106 [EventQueue-StaleNodeForStaleNodeHandler] INFO  pipeline.SCMPipelineManager (SCMPipelineManager.java:finalizeAndDestroyPipeline(309)) - destroying pipeline:Pipeline[ Id: 0f0f5b2d-3218-4403-b5b3-5711b9f3b564, Nodes: 154d8629-f136-4e53-aadf-9bd077e86354{ip: 192.168.69.105, host: pr-hdds-1571-zhvv9-3536733312, networkLocation: /default-rack, certSerialId: null}, Type:RATIS, Factor:ONE, State:OPEN]
2019-09-04 02:52:18,106 [EventQueue-CloseContainerForCloseContainerEventHandler] INFO  container.CloseContainerEventHandler (CloseContainerEventHandler.java:onMessage(61)) - Close container Event triggered for container : #1
2019-09-04 02:52:18,106 [EventQueue-StaleNodeForStaleNodeHandler] INFO  pipeline.PipelineStateManager (PipelineStateManager.java:finalizePipeline(123)) - Pipeline Pipeline[ Id: 0f0f5b2d-3218-4403-b5b3-5711b9f3b564, Nodes: 154d8629-f136-4e53-aadf-9bd077e86354{ip: 192.168.69.105, host: pr-hdds-1571-zhvv9-3536733312, networkLocation: /default-rack, certSerialId: null}, Type:RATIS, Factor:ONE, State:CLOSED] moved to CLOSED state
2019-09-04 02:52:18,212 | INFO  | SCMAudit | user=jenkins1000 | ip=192.168.69.105 | op=SEND_HEARTBEAT {datanodeUUID=dc9e03c0-8020-4c07-86bb-8ce93298a35b, command=[]} | ret=SUCCESS |  
2019-09-04 02:52:18,402 | INFO  | SCMAudit | user=jenkins1000 | ip=192.168.69.105 | op=SEND_HEARTBEAT {datanodeUUID=fa558e8a-2244-404c-aea9-82357d9e09e8, command=[]} | ret=SUCCESS |  
2019-09-04 02:52:18,413 [main] INFO  ozoneimpl.OzoneContainer (OzoneContainer.java:stop(199)) - Attempting to stop container services.
2019-09-04 02:52:18,413 [main] INFO  impl.RaftServerProxy (RaftServerProxy.java:lambda$close$4(314)) - 154d8629-f136-4e53-aadf-9bd077e86354: close
2019-09-04 02:52:18,414 [main] INFO  impl.RaftServerImpl (RaftServerImpl.java:lambda$shutdown$3(245)) - 154d8629-f136-4e53-aadf-9bd077e86354: shutdown group-806C3156DE83
2019-09-04 02:52:18,414 [ForkJoinPool.commonPool-worker-1] INFO  impl.RaftServerImpl (RaftServerImpl.java:lambda$shutdown$3(245)) - 154d8629-f136-4e53-aadf-9bd077e86354: shutdown group-5711B9F3B564
2019-09-04 02:52:18,415 [main] INFO  util.JmxRegister (JmxRegister.java:unregister(73)) - Successfully un-registered JMX Bean with object name Ratis:service=RaftServer,group=group-806C3156DE83,id=154d8629-f136-4e53-aadf-9bd077e86354
2019-09-04 02:52:18,415 [ForkJoinPool.commonPool-worker-1] INFO  util.JmxRegister (JmxRegister.java:unregister(73)) - Successfully un-registered JMX Bean with object name Ratis:service=RaftServer,group=group-5711B9F3B564,id=154d8629-f136-4e53-aadf-9bd077e86354
2019-09-04 02:52:18,415 [main] INFO  impl.RoleInfo (RoleInfo.java:shutdownFollowerState(121)) - 154d8629-f136-4e53-aadf-9bd077e86354: shutdown FollowerState
2019-09-04 02:52:18,415 [ForkJoinPool.commonPool-worker-1] INFO  impl.RoleInfo (RoleInfo.java:shutdownLeaderState(104)) - 154d8629-f136-4e53-aadf-9bd077e86354: shutdown LeaderState
2019-09-04 02:52:18,416 [Thread-3386] INFO  impl.FollowerState (FollowerState.java:run(114)) - 154d8629-f136-4e53-aadf-9bd077e86354: FollowerState was interrupted: java.lang.InterruptedException: sleep interrupted
2019-09-04 02:52:18,416 [main] INFO  impl.StateMachineUpdater (StateMachineUpdater.java:stopAndJoin(115)) - StateMachineUpdater:154d8629-f136-4e53-aadf-9bd077e86354:group-806C3156DE83: set stopIndex = 16
2019-09-04 02:52:18,416 [ForkJoinPool.commonPool-worker-1] INFO  impl.PendingRequests (PendingRequests.java:sendNotLeaderResponses(202)) - 154d8629-f136-4e53-aadf-9bd077e86354-PendingRequests: sendNotLeaderResponses
2019-09-04 02:52:18,416 [StateMachineUpdater:154d8629-f136-4e53-aadf-9bd077e86354:group-806C3156DE83] INFO  ratis.ContainerStateMachine (ContainerStateMachine.java:takeSnapshot(283)) - group-806C3156DE83: Taking a snapshot at:(t:1, i:14) file /workdir/hadoop-ozone/integration-test/target/test-dir/MiniOzoneClusterImpl-3bb735bc-39a8-4554-8887-bfbd0a1de759/datanode-0/data/ratis/69585f61-d2a9-436a-8f53-806c3156de83/sm/snapshot.1_14
2019-09-04 02:52:18,422 [ForkJoinPool.commonPool-worker-1] INFO  impl.StateMachineUpdater (StateMachineUpdater.java:stopAndJoin(115)) - StateMachineUpdater:154d8629-f136-4e53-aadf-9bd077e86354:group-5711B9F3B564: set stopIndex = 0
2019-09-04 02:52:18,425 [ForkJoinPool.commonPool-worker-1] INFO  impl.RaftServerImpl (ServerState.java:close(394)) - 154d8629-f136-4e53-aadf-9bd077e86354:group-5711B9F3B564 closes. The last applied log index is 0
2019-09-04 02:52:18,425 [154d8629-f136-4e53-aadf-9bd077e86354-SegmentedRaftLogWorker:Storage Directory /workdir/hadoop-ozone/integration-test/target/test-dir/MiniOzoneClusterImpl-3bb735bc-39a8-4554-8887-bfbd0a1de759/datanode-0/data/ratis/0f0f5b2d-3218-4403-b5b3-5711b9f3b564] INFO  segmented.SegmentedRaftLogWorker (SegmentedRaftLogWorker.java:run(313)) - 154d8629-f136-4e53-aadf-9bd077e86354-SegmentedRaftLogWorker:Storage Directory /workdir/hadoop-ozone/integration-test/target/test-dir/MiniOzoneClusterImpl-3bb735bc-39a8-4554-8887-bfbd0a1de759/datanode-0/data/ratis/0f0f5b2d-3218-4403-b5b3-5711b9f3b564 was interrupted, exiting. There are 0 tasks remaining in the queue.
2019-09-04 02:52:18,434 [ForkJoinPool.commonPool-worker-1] INFO  segmented.SegmentedRaftLogWorker (SegmentedRaftLogWorker.java:close(228)) - 154d8629-f136-4e53-aadf-9bd077e86354-SegmentedRaftLogWorker:Storage Directory /workdir/hadoop-ozone/integration-test/target/test-dir/MiniOzoneClusterImpl-3bb735bc-39a8-4554-8887-bfbd0a1de759/datanode-0/data/ratis/0f0f5b2d-3218-4403-b5b3-5711b9f3b564 close()
2019-09-04 02:52:18,467 [StateMachineUpdater:154d8629-f136-4e53-aadf-9bd077e86354:group-806C3156DE83] INFO  ratis.ContainerStateMachine (ContainerStateMachine.java:takeSnapshot(294)) - group-806C3156DE83: Finished taking a snapshot at:(t:1, i:14) file:/workdir/hadoop-ozone/integration-test/target/test-dir/MiniOzoneClusterImpl-3bb735bc-39a8-4554-8887-bfbd0a1de759/datanode-0/data/ratis/69585f61-d2a9-436a-8f53-806c3156de83/sm/snapshot.1_14 time:50
2019-09-04 02:52:18,467 [StateMachineUpdater:154d8629-f136-4e53-aadf-9bd077e86354:group-806C3156DE83] INFO  impl.StateMachineUpdater (StateMachineUpdater.java:takeSnapshot(242)) - StateMachineUpdater:154d8629-f136-4e53-aadf-9bd077e86354:group-806C3156DE83: Took a snapshot at index 14
2019-09-04 02:52:18,467 [StateMachineUpdater:154d8629-f136-4e53-aadf-9bd077e86354:group-806C3156DE83] INFO  impl.StateMachineUpdater (StateMachineUpdater.java:lambda$new$0(80)) - StateMachineUpdater:154d8629-f136-4e53-aadf-9bd077e86354:group-806C3156DE83: snapshotIndex: updateIncreasingly -1 -> 14
2019-09-04 02:52:18,468 [main] INFO  impl.RaftServerImpl (ServerState.java:close(394)) - 154d8629-f136-4e53-aadf-9bd077e86354:group-806C3156DE83 closes. The last applied log index is 16
2019-09-04 02:52:18,468 [154d8629-f136-4e53-aadf-9bd077e86354-SegmentedRaftLogWorker:Storage Directory /workdir/hadoop-ozone/integration-test/target/test-dir/MiniOzoneClusterImpl-3bb735bc-39a8-4554-8887-bfbd0a1de759/datanode-0/data/ratis/69585f61-d2a9-436a-8f53-806c3156de83] INFO  segmented.SegmentedRaftLogWorker (SegmentedRaftLogWorker.java:run(313)) - 154d8629-f136-4e53-aadf-9bd077e86354-SegmentedRaftLogWorker:Storage Directory /workdir/hadoop-ozone/integration-test/target/test-dir/MiniOzoneClusterImpl-3bb735bc-39a8-4554-8887-bfbd0a1de759/datanode-0/data/ratis/69585f61-d2a9-436a-8f53-806c3156de83 was interrupted, exiting. There are 0 tasks remaining in the queue.
2019-09-04 02:52:18,471 [main] INFO  segmented.SegmentedRaftLogWorker (SegmentedRaftLogWorker.java:close(228)) - 154d8629-f136-4e53-aadf-9bd077e86354-SegmentedRaftLogWorker:Storage Directory /workdir/hadoop-ozone/integration-test/target/test-dir/MiniOzoneClusterImpl-3bb735bc-39a8-4554-8887-bfbd0a1de759/datanode-0/data/ratis/69585f61-d2a9-436a-8f53-806c3156de83 close()
2019-09-04 02:52:18,476 [main] INFO  server.GrpcService (GrpcService.java:closeImpl(155)) - 154d8629-f136-4e53-aadf-9bd077e86354: shutdown server with port 40610 now
2019-09-04 02:52:18,477 [grpc-default-executor-7] WARN  server.GrpcServerProtocolService (LogUtils.java:warn(134)) - 154d8629-f136-4e53-aadf-9bd077e86354: appendEntries onError: org.apache.ratis.thirdparty.io.grpc.StatusRuntimeException: CANCELLED: cancelled before receiving half close
2019-09-04 02:52:18,477 [main] INFO  server.GrpcService (GrpcService.java:closeImpl(163)) - 154d8629-f136-4e53-aadf-9bd077e86354: shutdown server with port 40610 successfully
2019-09-04 02:52:18,477 [grpc-default-executor-7] WARN  server.GrpcLogAppender (LogUtils.java:warn(134)) - dce5e157-40d9-4523-b22e-1358f0218fe7->154d8629-f136-4e53-aadf-9bd077e86354: Failed appendEntries: org.apache.ratis.thirdparty.io.grpc.StatusRuntimeException: CANCELLED: HTTP/2 error code: CANCEL
Received Rst Stream
2019-09-04 02:52:18,478 [grpc-default-executor-7] INFO  impl.FollowerInfo (FollowerInfo.java:lambda$new$0(50)) - dce5e157-40d9-4523-b22e-1358f0218fe7->154d8629-f136-4e53-aadf-9bd077e86354: nextIndex: updateUnconditionally 17 -> 16
2019-09-04 02:52:18,478 [main] INFO  utils.BackgroundService (BackgroundService.java:shutdown(148)) - Shutting down service BlockDeletingService
2019-09-04 02:52:18,480 [refreshUsed-/workdir/hadoop-ozone/integration-test/target/test-dir/MiniOzoneClusterImpl-3bb735bc-39a8-4554-8887-bfbd0a1de759/datanode-0/data/containers] WARN  fs.CachingGetSpaceUsed (CachingGetSpaceUsed.java:run(183)) - Thread Interrupted waiting to refresh disk information: sleep interrupted
2019-09-04 02:52:18,508 [main] INFO  statemachine.DatanodeStateMachine (DatanodeStateMachine.java:stopDaemon(395)) - Ozone container server stopped.
2019-09-04 02:52:18,509 [main] INFO  handler.ContextHandler (ContextHandler.java:doStop(910)) - Stopped o.e.j.w.WebAppContext@10ecf244{/,null,UNAVAILABLE}{/hddsDatanode}
2019-09-04 02:52:18,510 [main] INFO  server.AbstractConnector (AbstractConnector.java:doStop(318)) - Stopped ServerConnector@28592982{HTTP/1.1,[http/1.1]}{0.0.0.0:0}
2019-09-04 02:52:18,510 [main] INFO  handler.ContextHandler (ContextHandler.java:doStop(910)) - Stopped o.e.j.s.ServletContextHandler@4b0df349{/static,jar:file:/home/user/.m2/repository/org/apache/hadoop/hadoop-hdds-container-service/0.5.0-SNAPSHOT/hadoop-hdds-container-service-0.5.0-SNAPSHOT.jar!/webapps/static,UNAVAILABLE}
2019-09-04 02:52:18,511 [main] INFO  handler.ContextHandler (ContextHandler.java:doStop(910)) - Stopped o.e.j.s.ServletContextHandler@61b11d35{/logs,file:///workdir/hadoop-ozone/integration-test/target/log,UNAVAILABLE}
2019-09-04 02:52:18,516 | INFO  | DNAudit | user=null | ip=null | op=WRITE_CHUNK {blockData=conID: 1 locID: 102731974489931790 bcsId: 14} | ret=SUCCESS |  
2019-09-04 02:52:18,517 | INFO  | DNAudit | user=null | ip=null | op=WRITE_CHUNK {blockData=conID: 1 locID: 102731974489931790 bcsId: 14} | ret=SUCCESS |  
2019-09-04 02:52:18,517 | INFO  | DNAudit | user=null | ip=null | op=WRITE_CHUNK {blockData=conID: 1 locID: 102731974489931790 bcsId: 14} | ret=SUCCESS |  
2019-09-04 02:52:18,517 [grpc-default-executor-0] WARN  server.GrpcLogAppender (LogUtils.java:warn(134)) - dce5e157-40d9-4523-b22e-1358f0218fe7->154d8629-f136-4e53-aadf-9bd077e86354: Failed appendEntries: org.apache.ratis.thirdparty.io.grpc.StatusRuntimeException: UNAVAILABLE: io exception
2019-09-04 02:52:18,518 [grpc-default-executor-0] INFO  impl.FollowerInfo (FollowerInfo.java:lambda$new$0(50)) - dce5e157-40d9-4523-b22e-1358f0218fe7->154d8629-f136-4e53-aadf-9bd077e86354: nextIndex: updateUnconditionally 17 -> 16
2019-09-04 02:52:18,518 | INFO  | DNAudit | user=null | ip=null | op=WRITE_CHUNK {blockData=conID: 1 locID: 102731974489931790 bcsId: 14} | ret=SUCCESS |  
2019-09-04 02:52:18,518 | INFO  | DNAudit | user=null | ip=null | op=WRITE_CHUNK {blockData=conID: 1 locID: 102731974489931790 bcsId: 14} | ret=SUCCESS |  
2019-09-04 02:52:18,519 | INFO  | DNAudit | user=null | ip=null | op=WRITE_CHUNK {blockData=conID: 1 locID: 102731974489931790 bcsId: 14} | ret=SUCCESS |  
2019-09-04 02:52:18,519 [grpc-default-executor-5] WARN  server.GrpcLogAppender (LogUtils.java:warn(134)) - dce5e157-40d9-4523-b22e-1358f0218fe7->154d8629-f136-4e53-aadf-9bd077e86354: Failed appendEntries: org.apache.ratis.thirdparty.io.grpc.StatusRuntimeException: UNAVAILABLE: io exception
2019-09-04 02:52:18,520 | INFO  | DNAudit | user=null | ip=null | op=WRITE_CHUNK {blockData=conID: 1 locID: 102731974489931790 bcsId: 14} | ret=SUCCESS |  
2019-09-04 02:52:18,520 [grpc-default-executor-5] INFO  impl.FollowerInfo (FollowerInfo.java:lambda$new$0(50)) - dce5e157-40d9-4523-b22e-1358f0218fe7->154d8629-f136-4e53-aadf-9bd077e86354: nextIndex: updateUnconditionally 17 -> 16
2019-09-04 02:52:18,521 | INFO  | DNAudit | user=null | ip=null | op=WRITE_CHUNK {blockData=conID: 1 locID: 102731974489931790 bcsId: 14} | ret=SUCCESS |  
2019-09-04 02:52:18,522 [grpc-default-executor-5] WARN  server.GrpcLogAppender (LogUtils.java:warn(134)) - dce5e157-40d9-4523-b22e-1358f0218fe7->154d8629-f136-4e53-aadf-9bd077e86354: Failed appendEntries: org.apache.ratis.thirdparty.io.grpc.StatusRuntimeException: UNAVAILABLE: io exception
2019-09-04 02:52:18,522 [grpc-default-executor-5] INFO  impl.FollowerInfo (FollowerInfo.java:lambda$new$0(50)) - dce5e157-40d9-4523-b22e-1358f0218fe7->154d8629-f136-4e53-aadf-9bd077e86354: nextIndex: updateUnconditionally 17 -> 16
2019-09-04 02:52:18,529 | INFO  | DNAudit | user=null | ip=null | op=WRITE_CHUNK {blockData=conID: 1 locID: 102731974489931790 bcsId: 14} | ret=SUCCESS |  
2019-09-04 02:52:18,530 | INFO  | DNAudit | user=null | ip=null | op=WRITE_CHUNK {blockData=conID: 1 locID: 102731974489931790 bcsId: 14} | ret=SUCCESS |  
2019-09-04 02:52:18,530 [grpc-default-executor-6] WARN  server.GrpcLogAppender (LogUtils.java:warn(134)) - dce5e157-40d9-4523-b22e-1358f0218fe7->154d8629-f136-4e53-aadf-9bd077e86354: Failed appendEntries: org.apache.ratis.thirdparty.io.grpc.StatusRuntimeException: UNAVAILABLE: io exception
2019-09-04 02:52:18,531 [grpc-default-executor-6] INFO  impl.FollowerInfo (FollowerInfo.java:lambda$new$0(50)) - dce5e157-40d9-4523-b22e-1358f0218fe7->154d8629-f136-4e53-aadf-9bd077e86354: nextIndex: updateUnconditionally 17 -> 16
2019-09-04 02:52:18,531 [grpc-default-executor-5] INFO  client.GrpcClientProtocolClient (GrpcClientProtocolClient.java:onNext(255)) - client-97E3E93305C8->dce5e157-40d9-4523-b22e-1358f0218fe7: receive RaftClientReply:client-97E3E93305C8->dce5e157-40d9-4523-b22e-1358f0218fe7@group-806C3156DE83, cid=184, SUCCESS, logIndex=17, commits[dce5e157-40d9-4523-b22e-1358f0218fe7:c19, b1e4c1b6-3c4e-42d0-bbe8-a94c9c1f6655:c16, 154d8629-f136-4e53-aadf-9bd077e86354:c16]
2019-09-04 02:52:18,532 | INFO  | DNAudit | user=null | ip=null | op=PUT_BLOCK {blockData=[blockId=conID: 1 locID: 102731974489931790 bcsId: 0,size=650]} | ret=SUCCESS |  
2019-09-04 02:52:18,533 | INFO  | DNAudit | user=null | ip=null | op=WRITE_CHUNK {blockData=conID: 1 locID: 102731974489931790 bcsId: 14} | ret=SUCCESS |  
2019-09-04 02:52:18,533 | INFO  | DNAudit | user=null | ip=null | op=WRITE_CHUNK {blockData=conID: 1 locID: 102731974489931790 bcsId: 14} | ret=SUCCESS |  
2019-09-04 02:52:18,534 | INFO  | DNAudit | user=null | ip=null | op=WRITE_CHUNK {blockData=conID: 1 locID: 102731974489931790 bcsId: 14} | ret=SUCCESS |  
2019-09-04 02:52:18,534 [grpc-default-executor-5] INFO  client.GrpcClientProtocolClient (GrpcClientProtocolClient.java:onNext(255)) - client-97E3E93305C8->dce5e157-40d9-4523-b22e-1358f0218fe7: receive RaftClientReply:client-97E3E93305C8->dce5e157-40d9-4523-b22e-1358f0218fe7@group-806C3156DE83, cid=185, SUCCESS, logIndex=18, commits[dce5e157-40d9-4523-b22e-1358f0218fe7:c19, b1e4c1b6-3c4e-42d0-bbe8-a94c9c1f6655:c16, 154d8629-f136-4e53-aadf-9bd077e86354:c16]
2019-09-04 02:52:18,534 | INFO  | DNAudit | user=null | ip=null | op=WRITE_CHUNK {blockData=conID: 1 locID: 102731974489931790 bcsId: 14} | ret=SUCCESS |  
2019-09-04 02:52:18,534 [grpc-default-executor-5] INFO  client.GrpcClientProtocolClient (GrpcClientProtocolClient.java:onNext(255)) - client-97E3E93305C8->dce5e157-40d9-4523-b22e-1358f0218fe7: receive RaftClientReply:client-97E3E93305C8->dce5e157-40d9-4523-b22e-1358f0218fe7@group-806C3156DE83, cid=186, SUCCESS, logIndex=19, commits[dce5e157-40d9-4523-b22e-1358f0218fe7:c19, b1e4c1b6-3c4e-42d0-bbe8-a94c9c1f6655:c16, 154d8629-f136-4e53-aadf-9bd077e86354:c16]
2019-09-04 02:52:18,535 | INFO  | DNAudit | user=null | ip=null | op=PUT_BLOCK {blockData=[blockId=conID: 1 locID: 102731974489931790 bcsId: 0,size=650]} | ret=SUCCESS |  
2019-09-04 02:52:18,534 [grpc-default-executor-0] WARN  server.GrpcLogAppender (LogUtils.java:warn(134)) - dce5e157-40d9-4523-b22e-1358f0218fe7->154d8629-f136-4e53-aadf-9bd077e86354: Failed appendEntries: org.apache.ratis.thirdparty.io.grpc.StatusRuntimeException: UNAVAILABLE: io exception
2019-09-04 02:52:18,535 [grpc-default-executor-5] INFO  client.GrpcClientProtocolClient (GrpcClientProtocolClient.java:onNext(255)) - client-97E3E93305C8->dce5e157-40d9-4523-b22e-1358f0218fe7: receive RaftClientReply:client-97E3E93305C8->dce5e157-40d9-4523-b22e-1358f0218fe7@group-806C3156DE83, cid=187, SUCCESS, logIndex=20, commits[dce5e157-40d9-4523-b22e-1358f0218fe7:c23, b1e4c1b6-3c4e-42d0-bbe8-a94c9c1f6655:c19, 154d8629-f136-4e53-aadf-9bd077e86354:c16]
2019-09-04 02:52:18,535 | INFO  | DNAudit | user=null | ip=null | op=PUT_BLOCK {blockData=[blockId=conID: 1 locID: 102731974489931790 bcsId: 0,size=800]} | ret=SUCCESS |  
2019-09-04 02:52:18,535 [grpc-default-executor-0] INFO  impl.FollowerInfo (FollowerInfo.java:lambda$new$0(50)) - dce5e157-40d9-4523-b22e-1358f0218fe7->154d8629-f136-4e53-aadf-9bd077e86354: nextIndex: updateUnconditionally 17 -> 16
2019-09-04 02:52:18,536 | INFO  | DNAudit | user=null | ip=null | op=WRITE_CHUNK {blockData=conID: 1 locID: 102731974489931790 bcsId: 14} | ret=SUCCESS |  
2019-09-04 02:52:18,536 [grpc-default-executor-0] INFO  client.GrpcClientProtocolClient (GrpcClientProtocolClient.java:onNext(255)) - client-97E3E93305C8->dce5e157-40d9-4523-b22e-1358f0218fe7: receive RaftClientReply:client-97E3E93305C8->dce5e157-40d9-4523-b22e-1358f0218fe7@group-806C3156DE83, cid=188, SUCCESS, logIndex=21, commits[dce5e157-40d9-4523-b22e-1358f0218fe7:c24, b1e4c1b6-3c4e-42d0-bbe8-a94c9c1f6655:c19, 154d8629-f136-4e53-aadf-9bd077e86354:c16]
2019-09-04 02:52:18,537 [grpc-default-executor-0] INFO  client.GrpcClientProtocolClient (GrpcClientProtocolClient.java:onNext(255)) - client-97E3E93305C8->dce5e157-40d9-4523-b22e-1358f0218fe7: receive RaftClientReply:client-97E3E93305C8->dce5e157-40d9-4523-b22e-1358f0218fe7@group-806C3156DE83, cid=189, SUCCESS, logIndex=22, commits[dce5e157-40d9-4523-b22e-1358f0218fe7:c24, b1e4c1b6-3c4e-42d0-bbe8-a94c9c1f6655:c19, 154d8629-f136-4e53-aadf-9bd077e86354:c16]
2019-09-04 02:52:18,538 [grpc-default-executor-6] WARN  server.GrpcLogAppender (LogUtils.java:warn(134)) - dce5e157-40d9-4523-b22e-1358f0218fe7->154d8629-f136-4e53-aadf-9bd077e86354: Failed appendEntries: org.apache.ratis.thirdparty.io.grpc.StatusRuntimeException: UNAVAILABLE: io exception
2019-09-04 02:52:18,539 | INFO  | DNAudit | user=null | ip=null | op=WRITE_CHUNK {blockData=conID: 1 locID: 102731974489931790 bcsId: 14} | ret=SUCCESS |  
2019-09-04 02:52:18,539 [grpc-default-executor-6] INFO  impl.FollowerInfo (FollowerInfo.java:lambda$new$0(50)) - dce5e157-40d9-4523-b22e-1358f0218fe7->154d8629-f136-4e53-aadf-9bd077e86354: nextIndex: updateUnconditionally 17 -> 16
2019-09-04 02:52:18,541 [grpc-default-executor-0] WARN  server.GrpcLogAppender (LogUtils.java:warn(134)) - dce5e157-40d9-4523-b22e-1358f0218fe7->154d8629-f136-4e53-aadf-9bd077e86354: Failed appendEntries: org.apache.ratis.thirdparty.io.grpc.StatusRuntimeException: UNAVAILABLE: io exception
2019-09-04 02:52:18,542 [grpc-default-executor-0] INFO  impl.FollowerInfo (FollowerInfo.java:lambda$new$0(50)) - dce5e157-40d9-4523-b22e-1358f0218fe7->154d8629-f136-4e53-aadf-9bd077e86354: nextIndex: updateUnconditionally 17 -> 16
2019-09-04 02:52:18,649 | INFO  | SCMAudit | user=jenkins1000 | ip=192.168.69.105 | op=SEND_HEARTBEAT {datanodeUUID=286cf2fc-8844-46ee-9444-4b1ba8aaca71, command=[]} | ret=SUCCESS |  
2019-09-04 02:52:18,953 | INFO  | SCMAudit | user=jenkins1000 | ip=192.168.69.105 | op=SEND_HEARTBEAT {datanodeUUID=52e0c0e6-3dc5-428d-bf4a-8d3652f6b397, command=[]} | ret=SUCCESS |  
2019-09-04 02:52:19,069 | INFO  | SCMAudit | user=jenkins1000 | ip=192.168.69.105 | op=SEND_HEARTBEAT {datanodeUUID=dce5e157-40d9-4523-b22e-1358f0218fe7, command=[commandType: closeContainerCommand closeContainerCommandProto { containerID: 1 pipelineID { id: "69585f61-d2a9-436a-8f53-806c3156de83" } cmdId: 1 force: false } ]} | ret=SUCCESS |  
2019-09-04 02:52:19,069 | INFO  | SCMAudit | user=jenkins1000 | ip=192.168.69.105 | op=SEND_HEARTBEAT {datanodeUUID=b1e4c1b6-3c4e-42d0-bbe8-a94c9c1f6655, command=[commandType: closeContainerCommand closeContainerCommandProto { containerID: 1 pipelineID { id: "69585f61-d2a9-436a-8f53-806c3156de83" } cmdId: 1 force: false } ]} | ret=SUCCESS |  
2019-09-04 02:52:19,212 | INFO  | SCMAudit | user=jenkins1000 | ip=192.168.69.105 | op=SEND_HEARTBEAT {datanodeUUID=dc9e03c0-8020-4c07-86bb-8ce93298a35b, command=[]} | ret=SUCCESS |  
2019-09-04 02:52:19,402 | INFO  | SCMAudit | user=jenkins1000 | ip=192.168.69.105 | op=SEND_HEARTBEAT {datanodeUUID=fa558e8a-2244-404c-aea9-82357d9e09e8, command=[]} | ret=SUCCESS |  
2019-09-04 02:52:19,539 [main] WARN  scm.XceiverClientRatis (XceiverClientRatis.java:watchForCommit(262)) - 3 way commit failed on pipeline Pipeline[ Id: 69585f61-d2a9-436a-8f53-806c3156de83, Nodes: 154d8629-f136-4e53-aadf-9bd077e86354{ip: 192.168.69.105, host: pr-hdds-1571-zhvv9-3536733312, networkLocation: /default-rack, certSerialId: null}b1e4c1b6-3c4e-42d0-bbe8-a94c9c1f6655{ip: 192.168.69.105, host: pr-hdds-1571-zhvv9-3536733312, networkLocation: /default-rack, certSerialId: null}dce5e157-40d9-4523-b22e-1358f0218fe7{ip: 192.168.69.105, host: pr-hdds-1571-zhvv9-3536733312, networkLocation: /default-rack, certSerialId: null}, Type:RATIS, Factor:THREE, State:OPEN]
java.util.concurrent.TimeoutException
	at java.util.concurrent.CompletableFuture.timedGet(CompletableFuture.java:1771)
	at java.util.concurrent.CompletableFuture.get(CompletableFuture.java:1915)
	at org.apache.hadoop.hdds.scm.XceiverClientRatis.watchForCommit(XceiverClientRatis.java:259)
	at org.apache.hadoop.hdds.scm.storage.CommitWatcher.watchForCommit(CommitWatcher.java:194)
	at org.apache.hadoop.hdds.scm.storage.CommitWatcher.watchOnLastIndex(CommitWatcher.java:157)
	at org.apache.hadoop.hdds.scm.storage.BlockOutputStream.watchForCommit(BlockOutputStream.java:347)
	at org.apache.hadoop.hdds.scm.storage.BlockOutputStream.handleFlush(BlockOutputStream.java:479)
	at org.apache.hadoop.hdds.scm.storage.BlockOutputStream.close(BlockOutputStream.java:493)
	at org.apache.hadoop.ozone.client.io.BlockOutputStreamEntry.close(BlockOutputStreamEntry.java:143)
	at org.apache.hadoop.ozone.client.io.KeyOutputStream.handleFlushOrClose(KeyOutputStream.java:438)
	at org.apache.hadoop.ozone.client.io.KeyOutputStream.handleWrite(KeyOutputStream.java:235)
	at org.apache.hadoop.ozone.client.io.KeyOutputStream.write(KeyOutputStream.java:193)
	at org.apache.hadoop.ozone.client.io.OzoneOutputStream.write(OzoneOutputStream.java:49)
	at java.io.OutputStream.write(OutputStream.java:75)
	at org.apache.hadoop.ozone.client.rpc.TestBlockOutputStreamWithFailures.testWatchForCommitDatanodeFailure(TestBlockOutputStreamWithFailures.java:363)
	at sun.reflect.NativeMethodAccessorImpl.invoke0(Native Method)
	at sun.reflect.NativeMethodAccessorImpl.invoke(NativeMethodAccessorImpl.java:62)
	at sun.reflect.DelegatingMethodAccessorImpl.invoke(DelegatingMethodAccessorImpl.java:43)
	at java.lang.reflect.Method.invoke(Method.java:498)
	at org.junit.runners.model.FrameworkMethod$1.runReflectiveCall(FrameworkMethod.java:47)
	at org.junit.internal.runners.model.ReflectiveCallable.run(ReflectiveCallable.java:12)
	at org.junit.runners.model.FrameworkMethod.invokeExplosively(FrameworkMethod.java:44)
	at org.junit.internal.runners.statements.InvokeMethod.evaluate(InvokeMethod.java:17)
	at org.junit.internal.runners.statements.RunBefores.evaluate(RunBefores.java:26)
	at org.junit.internal.runners.statements.RunAfters.evaluate(RunAfters.java:27)
	at org.junit.runners.ParentRunner.runLeaf(ParentRunner.java:271)
	at org.junit.runners.BlockJUnit4ClassRunner.runChild(BlockJUnit4ClassRunner.java:70)
	at org.junit.runners.BlockJUnit4ClassRunner.runChild(BlockJUnit4ClassRunner.java:50)
	at org.junit.runners.ParentRunner$3.run(ParentRunner.java:238)
	at org.junit.runners.ParentRunner$1.schedule(ParentRunner.java:63)
	at org.junit.runners.ParentRunner.runChildren(ParentRunner.java:236)
	at org.junit.runners.ParentRunner.access$000(ParentRunner.java:53)
	at org.junit.runners.ParentRunner$2.evaluate(ParentRunner.java:229)
	at org.junit.runners.ParentRunner.run(ParentRunner.java:309)
	at org.apache.maven.surefire.junit4.JUnit4Provider.execute(JUnit4Provider.java:365)
	at org.apache.maven.surefire.junit4.JUnit4Provider.executeWithRerun(JUnit4Provider.java:273)
	at org.apache.maven.surefire.junit4.JUnit4Provider.executeTestSet(JUnit4Provider.java:238)
	at org.apache.maven.surefire.junit4.JUnit4Provider.invoke(JUnit4Provider.java:159)
	at org.apache.maven.surefire.booter.ForkedBooter.invokeProviderInSameClassLoader(ForkedBooter.java:384)
	at org.apache.maven.surefire.booter.ForkedBooter.runSuitesInProcess(ForkedBooter.java:345)
	at org.apache.maven.surefire.booter.ForkedBooter.execute(ForkedBooter.java:126)
	at org.apache.maven.surefire.booter.ForkedBooter.main(ForkedBooter.java:418)
2019-09-04 02:52:19,648 | INFO  | SCMAudit | user=jenkins1000 | ip=192.168.69.105 | op=SEND_HEARTBEAT {datanodeUUID=286cf2fc-8844-46ee-9444-4b1ba8aaca71, command=[]} | ret=SUCCESS |  
2019-09-04 02:52:19,953 | INFO  | SCMAudit | user=jenkins1000 | ip=192.168.69.105 | op=SEND_HEARTBEAT {datanodeUUID=52e0c0e6-3dc5-428d-bf4a-8d3652f6b397, command=[]} | ret=SUCCESS |  
2019-09-04 02:52:20,068 | INFO  | SCMAudit | user=jenkins1000 | ip=192.168.69.105 | op=SEND_HEARTBEAT {datanodeUUID=dce5e157-40d9-4523-b22e-1358f0218fe7, command=[]} | ret=SUCCESS |  
2019-09-04 02:52:20,069 | INFO  | SCMAudit | user=jenkins1000 | ip=192.168.69.105 | op=SEND_HEARTBEAT {datanodeUUID=b1e4c1b6-3c4e-42d0-bbe8-a94c9c1f6655, command=[]} | ret=SUCCESS |  
2019-09-04 02:52:20,104 | INFO  | SCMAudit | user=jenkins1000 | ip=192.168.69.105 | op=SEND_HEARTBEAT {datanodeUUID=b1e4c1b6-3c4e-42d0-bbe8-a94c9c1f6655, command=[]} | ret=SUCCESS |  
2019-09-04 02:52:20,212 | INFO  | SCMAudit | user=jenkins1000 | ip=192.168.69.105 | op=SEND_HEARTBEAT {datanodeUUID=dc9e03c0-8020-4c07-86bb-8ce93298a35b, command=[]} | ret=SUCCESS |  
2019-09-04 02:52:20,402 | INFO  | SCMAudit | user=jenkins1000 | ip=192.168.69.105 | op=SEND_HEARTBEAT {datanodeUUID=fa558e8a-2244-404c-aea9-82357d9e09e8, command=[]} | ret=SUCCESS |  
2019-09-04 02:52:20,541 [main] WARN  storage.CommitWatcher (CommitWatcher.java:watchForCommit(203)) - watchForCommit failed for index 22
java.util.concurrent.TimeoutException
	at java.util.concurrent.CompletableFuture.timedGet(CompletableFuture.java:1771)
	at java.util.concurrent.CompletableFuture.get(CompletableFuture.java:1915)
	at org.apache.hadoop.hdds.scm.XceiverClientRatis.watchForCommit(XceiverClientRatis.java:268)
	at org.apache.hadoop.hdds.scm.storage.CommitWatcher.watchForCommit(CommitWatcher.java:194)
	at org.apache.hadoop.hdds.scm.storage.CommitWatcher.watchOnLastIndex(CommitWatcher.java:157)
	at org.apache.hadoop.hdds.scm.storage.BlockOutputStream.watchForCommit(BlockOutputStream.java:347)
	at org.apache.hadoop.hdds.scm.storage.BlockOutputStream.handleFlush(BlockOutputStream.java:479)
	at org.apache.hadoop.hdds.scm.storage.BlockOutputStream.close(BlockOutputStream.java:493)
	at org.apache.hadoop.ozone.client.io.BlockOutputStreamEntry.close(BlockOutputStreamEntry.java:143)
	at org.apache.hadoop.ozone.client.io.KeyOutputStream.handleFlushOrClose(KeyOutputStream.java:438)
	at org.apache.hadoop.ozone.client.io.KeyOutputStream.handleWrite(KeyOutputStream.java:235)
	at org.apache.hadoop.ozone.client.io.KeyOutputStream.write(KeyOutputStream.java:193)
	at org.apache.hadoop.ozone.client.io.OzoneOutputStream.write(OzoneOutputStream.java:49)
	at java.io.OutputStream.write(OutputStream.java:75)
	at org.apache.hadoop.ozone.client.rpc.TestBlockOutputStreamWithFailures.testWatchForCommitDatanodeFailure(TestBlockOutputStreamWithFailures.java:363)
	at sun.reflect.NativeMethodAccessorImpl.invoke0(Native Method)
	at sun.reflect.NativeMethodAccessorImpl.invoke(NativeMethodAccessorImpl.java:62)
	at sun.reflect.DelegatingMethodAccessorImpl.invoke(DelegatingMethodAccessorImpl.java:43)
	at java.lang.reflect.Method.invoke(Method.java:498)
	at org.junit.runners.model.FrameworkMethod$1.runReflectiveCall(FrameworkMethod.java:47)
	at org.junit.internal.runners.model.ReflectiveCallable.run(ReflectiveCallable.java:12)
	at org.junit.runners.model.FrameworkMethod.invokeExplosively(FrameworkMethod.java:44)
	at org.junit.internal.runners.statements.InvokeMethod.evaluate(InvokeMethod.java:17)
	at org.junit.internal.runners.statements.RunBefores.evaluate(RunBefores.java:26)
	at org.junit.internal.runners.statements.RunAfters.evaluate(RunAfters.java:27)
	at org.junit.runners.ParentRunner.runLeaf(ParentRunner.java:271)
	at org.junit.runners.BlockJUnit4ClassRunner.runChild(BlockJUnit4ClassRunner.java:70)
	at org.junit.runners.BlockJUnit4ClassRunner.runChild(BlockJUnit4ClassRunner.java:50)
	at org.junit.runners.ParentRunner$3.run(ParentRunner.java:238)
	at org.junit.runners.ParentRunner$1.schedule(ParentRunner.java:63)
	at org.junit.runners.ParentRunner.runChildren(ParentRunner.java:236)
	at org.junit.runners.ParentRunner.access$000(ParentRunner.java:53)
	at org.junit.runners.ParentRunner$2.evaluate(ParentRunner.java:229)
	at org.junit.runners.ParentRunner.run(ParentRunner.java:309)
	at org.apache.maven.surefire.junit4.JUnit4Provider.execute(JUnit4Provider.java:365)
	at org.apache.maven.surefire.junit4.JUnit4Provider.executeWithRerun(JUnit4Provider.java:273)
	at org.apache.maven.surefire.junit4.JUnit4Provider.executeTestSet(JUnit4Provider.java:238)
	at org.apache.maven.surefire.junit4.JUnit4Provider.invoke(JUnit4Provider.java:159)
	at org.apache.maven.surefire.booter.ForkedBooter.invokeProviderInSameClassLoader(ForkedBooter.java:384)
	at org.apache.maven.surefire.booter.ForkedBooter.runSuitesInProcess(ForkedBooter.java:345)
	at org.apache.maven.surefire.booter.ForkedBooter.execute(ForkedBooter.java:126)
	at org.apache.maven.surefire.booter.ForkedBooter.main(ForkedBooter.java:418)
2019-09-04 02:52:20,543 [main] WARN  io.KeyOutputStream (KeyOutputStream.java:handleException(276)) - Encountered exception java.io.IOException: Unexpected Storage Container Exception: java.io.IOException: Unexpected Storage Container Exception: java.util.concurrent.TimeoutException on the pipeline Pipeline[ Id: 69585f61-d2a9-436a-8f53-806c3156de83, Nodes: 154d8629-f136-4e53-aadf-9bd077e86354{ip: 192.168.69.105, host: pr-hdds-1571-zhvv9-3536733312, networkLocation: /default-rack, certSerialId: null}b1e4c1b6-3c4e-42d0-bbe8-a94c9c1f6655{ip: 192.168.69.105, host: pr-hdds-1571-zhvv9-3536733312, networkLocation: /default-rack, certSerialId: null}dce5e157-40d9-4523-b22e-1358f0218fe7{ip: 192.168.69.105, host: pr-hdds-1571-zhvv9-3536733312, networkLocation: /default-rack, certSerialId: null}, Type:RATIS, Factor:THREE, State:OPEN]. The last committed block length is 450, uncommitted data length is 350 retry count 0
2019-09-04 02:52:20,577 | INFO  | SCMAudit | user=jenkins1000 | ip=192.168.69.105 | op=ALLOCATE_BLOCK {owner=ea03fe8f-d68c-446a-a565-8a56f4eb7696, size=800, type=RATIS, factor=THREE} | ret=SUCCESS |  
2019-09-04 02:52:20,579 | INFO  | OMAudit | user=jenkins1000 | ip=127.0.0.1 | op=ALLOCATE_BLOCK {volume=testblockoutputstream, bucket=testblockoutputstream, key=57560b3a-3e39-4319-b808-bc988a75ea78, dataSize=0, replicationType=null, replicationFactor=null, keyLocationInfo=null, clientID=102731974489800717} | ret=SUCCESS |  
2019-09-04 02:52:20,599 [grpc-default-executor-5] INFO  client.GrpcClientProtocolClient (GrpcClientProtocolClient.java:onNext(255)) - client-B80753CE2867->52e0c0e6-3dc5-428d-bf4a-8d3652f6b397: receive RaftClientReply:client-B80753CE2867->52e0c0e6-3dc5-428d-bf4a-8d3652f6b397@group-6E6BBB98B26F, cid=192, FAILED org.apache.ratis.protocol.NotLeaderException: Server 52e0c0e6-3dc5-428d-bf4a-8d3652f6b397 is not the leader (dc9e03c0-8020-4c07-86bb-8ce93298a35b:192.168.69.105:33654). Request must be sent to leader., logIndex=0, commits[52e0c0e6-3dc5-428d-bf4a-8d3652f6b397:c0, fa558e8a-2244-404c-aea9-82357d9e09e8:c0, dc9e03c0-8020-4c07-86bb-8ce93298a35b:c0]
2019-09-04 02:52:20,649 | INFO  | SCMAudit | user=jenkins1000 | ip=192.168.69.105 | op=SEND_HEARTBEAT {datanodeUUID=286cf2fc-8844-46ee-9444-4b1ba8aaca71, command=[]} | ret=SUCCESS |  
2019-09-04 02:52:20,805 | INFO  | DNAudit | user=null | ip=null | op=WRITE_CHUNK {blockData=conID: 2 locID: 102731975267188751 bcsId: 0} | ret=SUCCESS |  
2019-09-04 02:52:20,805 | INFO  | DNAudit | user=null | ip=null | op=WRITE_CHUNK {blockData=conID: 2 locID: 102731975267188751 bcsId: 0} | ret=SUCCESS |  
2019-09-04 02:52:20,805 | INFO  | DNAudit | user=null | ip=null | op=WRITE_CHUNK {blockData=conID: 2 locID: 102731975267188751 bcsId: 0} | ret=SUCCESS |  
2019-09-04 02:52:20,805 | INFO  | SCMAudit | user=jenkins1000 | ip=192.168.69.105 | op=SEND_HEARTBEAT {datanodeUUID=dc9e03c0-8020-4c07-86bb-8ce93298a35b, command=[]} | ret=SUCCESS |  
2019-09-04 02:52:20,806 | INFO  | SCMAudit | user=jenkins1000 | ip=192.168.69.105 | op=SEND_HEARTBEAT {datanodeUUID=52e0c0e6-3dc5-428d-bf4a-8d3652f6b397, command=[]} | ret=SUCCESS |  
2019-09-04 02:52:20,806 | INFO  | SCMAudit | user=jenkins1000 | ip=192.168.69.105 | op=SEND_HEARTBEAT {datanodeUUID=fa558e8a-2244-404c-aea9-82357d9e09e8, command=[]} | ret=SUCCESS |  
2019-09-04 02:52:20,819 | INFO  | DNAudit | user=null | ip=null | op=WRITE_CHUNK {blockData=conID: 2 locID: 102731975267188751 bcsId: 0} | ret=SUCCESS |  
2019-09-04 02:52:20,823 [grpc-default-executor-5] INFO  client.GrpcClientProtocolClient (GrpcClientProtocolClient.java:onNext(255)) - client-B80753CE2867->dc9e03c0-8020-4c07-86bb-8ce93298a35b: receive RaftClientReply:client-B80753CE2867->dc9e03c0-8020-4c07-86bb-8ce93298a35b@group-6E6BBB98B26F, cid=192, SUCCESS, logIndex=1, commits[dc9e03c0-8020-4c07-86bb-8ce93298a35b:c1, fa558e8a-2244-404c-aea9-82357d9e09e8:c0, 52e0c0e6-3dc5-428d-bf4a-8d3652f6b397:c0]
2019-09-04 02:52:20,828 | INFO  | DNAudit | user=null | ip=null | op=WRITE_CHUNK {blockData=conID: 2 locID: 102731975267188751 bcsId: 0} | ret=SUCCESS |  
2019-09-04 02:52:20,830 | INFO  | DNAudit | user=null | ip=null | op=WRITE_CHUNK {blockData=conID: 2 locID: 102731975267188751 bcsId: 0} | ret=SUCCESS |  
2019-09-04 02:52:20,830 | INFO  | DNAudit | user=null | ip=null | op=WRITE_CHUNK {blockData=conID: 2 locID: 102731975267188751 bcsId: 0} | ret=SUCCESS |  
2019-09-04 02:52:20,831 | INFO  | DNAudit | user=null | ip=null | op=WRITE_CHUNK {blockData=conID: 2 locID: 102731975267188751 bcsId: 0} | ret=SUCCESS |  
2019-09-04 02:52:20,832 | INFO  | DNAudit | user=null | ip=null | op=WRITE_CHUNK {blockData=conID: 2 locID: 102731975267188751 bcsId: 0} | ret=SUCCESS |  
2019-09-04 02:52:20,832 | INFO  | DNAudit | user=null | ip=null | op=WRITE_CHUNK {blockData=conID: 2 locID: 102731975267188751 bcsId: 0} | ret=SUCCESS |  
2019-09-04 02:52:20,833 | INFO  | DNAudit | user=null | ip=null | op=WRITE_CHUNK {blockData=conID: 2 locID: 102731975267188751 bcsId: 0} | ret=SUCCESS |  
2019-09-04 02:52:20,833 | INFO  | DNAudit | user=null | ip=null | op=WRITE_CHUNK {blockData=conID: 2 locID: 102731975267188751 bcsId: 0} | ret=SUCCESS |  
2019-09-04 02:52:20,833 | INFO  | DNAudit | user=null | ip=null | op=WRITE_CHUNK {blockData=conID: 2 locID: 102731975267188751 bcsId: 0} | ret=SUCCESS |  
2019-09-04 02:52:20,834 | INFO  | DNAudit | user=null | ip=null | op=WRITE_CHUNK {blockData=conID: 2 locID: 102731975267188751 bcsId: 0} | ret=SUCCESS |  
2019-09-04 02:52:20,834 | INFO  | DNAudit | user=null | ip=null | op=WRITE_CHUNK {blockData=conID: 2 locID: 102731975267188751 bcsId: 0} | ret=SUCCESS |  
2019-09-04 02:52:20,834 | INFO  | DNAudit | user=null | ip=null | op=WRITE_CHUNK {blockData=conID: 2 locID: 102731975267188751 bcsId: 0} | ret=SUCCESS |  
2019-09-04 02:52:20,838 [grpc-default-executor-6] INFO  client.GrpcClientProtocolClient (GrpcClientProtocolClient.java:onNext(255)) - client-B80753CE2867->dc9e03c0-8020-4c07-86bb-8ce93298a35b: receive RaftClientReply:client-B80753CE2867->dc9e03c0-8020-4c07-86bb-8ce93298a35b@group-6E6BBB98B26F, cid=193, SUCCESS, logIndex=3, commits[dc9e03c0-8020-4c07-86bb-8ce93298a35b:c4, fa558e8a-2244-404c-aea9-82357d9e09e8:c1, 52e0c0e6-3dc5-428d-bf4a-8d3652f6b397:c1]
2019-09-04 02:52:20,845 | INFO  | DNAudit | user=null | ip=null | op=WRITE_CHUNK {blockData=conID: 2 locID: 102731975267188751 bcsId: 0} | ret=SUCCESS |  
2019-09-04 02:52:20,852 | INFO  | DNAudit | user=null | ip=null | op=WRITE_CHUNK {blockData=conID: 2 locID: 102731975267188751 bcsId: 0} | ret=SUCCESS |  
2019-09-04 02:52:20,922 | INFO  | DNAudit | user=null | ip=null | op=PUT_BLOCK {blockData=[blockId=conID: 2 locID: 102731975267188751 bcsId: 0,size=200]} | ret=SUCCESS |  
2019-09-04 02:52:20,924 | INFO  | DNAudit | user=null | ip=null | op=WRITE_CHUNK {blockData=conID: 2 locID: 102731975267188751 bcsId: 0} | ret=SUCCESS |  
2019-09-04 02:52:20,924 | INFO  | DNAudit | user=null | ip=null | op=WRITE_CHUNK {blockData=conID: 2 locID: 102731975267188751 bcsId: 0} | ret=SUCCESS |  
2019-09-04 02:52:20,924 [grpc-default-executor-5] INFO  client.GrpcClientProtocolClient (GrpcClientProtocolClient.java:onNext(255)) - client-B80753CE2867->dc9e03c0-8020-4c07-86bb-8ce93298a35b: receive RaftClientReply:client-B80753CE2867->dc9e03c0-8020-4c07-86bb-8ce93298a35b@group-6E6BBB98B26F, cid=194, SUCCESS, logIndex=4, commits[dc9e03c0-8020-4c07-86bb-8ce93298a35b:c11, fa558e8a-2244-404c-aea9-82357d9e09e8:c8, 52e0c0e6-3dc5-428d-bf4a-8d3652f6b397:c8]
2019-09-04 02:52:20,926 [grpc-default-executor-5] INFO  client.GrpcClientProtocolClient (GrpcClientProtocolClient.java:onNext(255)) - client-B80753CE2867->dc9e03c0-8020-4c07-86bb-8ce93298a35b: receive RaftClientReply:client-B80753CE2867->dc9e03c0-8020-4c07-86bb-8ce93298a35b@group-6E6BBB98B26F, cid=195, SUCCESS, logIndex=5, commits[dc9e03c0-8020-4c07-86bb-8ce93298a35b:c11, fa558e8a-2244-404c-aea9-82357d9e09e8:c8, 52e0c0e6-3dc5-428d-bf4a-8d3652f6b397:c8]
2019-09-04 02:52:20,927 [grpc-default-executor-5] INFO  client.GrpcClientProtocolClient (GrpcClientProtocolClient.java:onNext(255)) - client-B80753CE2867->dc9e03c0-8020-4c07-86bb-8ce93298a35b: receive RaftClientReply:client-B80753CE2867->dc9e03c0-8020-4c07-86bb-8ce93298a35b@group-6E6BBB98B26F, cid=196, SUCCESS, logIndex=6, commits[dc9e03c0-8020-4c07-86bb-8ce93298a35b:c11, fa558e8a-2244-404c-aea9-82357d9e09e8:c8, 52e0c0e6-3dc5-428d-bf4a-8d3652f6b397:c8]
2019-09-04 02:52:20,993 | INFO  | DNAudit | user=null | ip=null | op=PUT_BLOCK {blockData=[blockId=conID: 2 locID: 102731975267188751 bcsId: 0,size=200]} | ret=SUCCESS |  
2019-09-04 02:52:20,993 | INFO  | DNAudit | user=null | ip=null | op=WRITE_CHUNK {blockData=conID: 2 locID: 102731975267188751 bcsId: 0} | ret=SUCCESS |  
2019-09-04 02:52:20,994 | INFO  | DNAudit | user=null | ip=null | op=WRITE_CHUNK {blockData=conID: 2 locID: 102731975267188751 bcsId: 0} | ret=SUCCESS |  
2019-09-04 02:52:21,043 [grpc-default-executor-6] WARN  server.GrpcLogAppender (LogUtils.java:warn(134)) - dce5e157-40d9-4523-b22e-1358f0218fe7->154d8629-f136-4e53-aadf-9bd077e86354: Failed appendEntries: org.apache.ratis.thirdparty.io.grpc.StatusRuntimeException: UNAVAILABLE: io exception
2019-09-04 02:52:21,044 [grpc-default-executor-6] INFO  impl.FollowerInfo (FollowerInfo.java:lambda$new$0(50)) - dce5e157-40d9-4523-b22e-1358f0218fe7->154d8629-f136-4e53-aadf-9bd077e86354: nextIndex: updateUnconditionally 16 -> 15
2019-09-04 02:52:21,068 | INFO  | DNAudit | user=null | ip=null | op=PUT_BLOCK {blockData=[blockId=conID: 2 locID: 102731975267188751 bcsId: 0,size=200]} | ret=SUCCESS |  
2019-09-04 02:52:21,068 | INFO  | DNAudit | user=null | ip=null | op=PUT_BLOCK {blockData=[blockId=conID: 2 locID: 102731975267188751 bcsId: 0,size=400]} | ret=SUCCESS |  
2019-09-04 02:52:21,068 | INFO  | DNAudit | user=null | ip=null | op=PUT_BLOCK {blockData=[blockId=conID: 1 locID: 102731974489931790 bcsId: 0,size=800]} | ret=SUCCESS |  
2019-09-04 02:52:21,068 | INFO  | DNAudit | user=null | ip=null | op=PUT_BLOCK {blockData=[blockId=conID: 2 locID: 102731975267188751 bcsId: 0,size=400]} | ret=SUCCESS |  
2019-09-04 02:52:21,068 | INFO  | SCMAudit | user=jenkins1000 | ip=192.168.69.105 | op=SEND_HEARTBEAT {datanodeUUID=dce5e157-40d9-4523-b22e-1358f0218fe7, command=[]} | ret=SUCCESS |  
2019-09-04 02:52:21,069 | INFO  | DNAudit | user=null | ip=null | op=WRITE_CHUNK {blockData=conID: 2 locID: 102731975267188751 bcsId: 0} | ret=SUCCESS |  
2019-09-04 02:52:21,069 | INFO  | DNAudit | user=null | ip=null | op=WRITE_CHUNK {blockData=conID: 2 locID: 102731975267188751 bcsId: 0} | ret=SUCCESS |  
2019-09-04 02:52:21,070 [grpc-default-executor-6] INFO  client.GrpcClientProtocolClient (GrpcClientProtocolClient.java:onNext(255)) - client-B80753CE2867->dc9e03c0-8020-4c07-86bb-8ce93298a35b: receive RaftClientReply:client-B80753CE2867->dc9e03c0-8020-4c07-86bb-8ce93298a35b@group-6E6BBB98B26F, cid=197, SUCCESS, logIndex=7, commits[dc9e03c0-8020-4c07-86bb-8ce93298a35b:c11, fa558e8a-2244-404c-aea9-82357d9e09e8:c8, 52e0c0e6-3dc5-428d-bf4a-8d3652f6b397:c8]
2019-09-04 02:52:21,070 | INFO  | DNAudit | user=null | ip=null | op=PUT_BLOCK {blockData=[blockId=conID: 2 locID: 102731975267188751 bcsId: 0,size=400]} | ret=SUCCESS |  
2019-09-04 02:52:21,074 | INFO  | DNAudit | user=null | ip=null | op=WRITE_CHUNK {blockData=conID: 2 locID: 102731975267188751 bcsId: 7} | ret=SUCCESS |  
2019-09-04 02:52:21,075 | INFO  | DNAudit | user=null | ip=null | op=WRITE_CHUNK {blockData=conID: 2 locID: 102731975267188751 bcsId: 7} | ret=SUCCESS |  
2019-09-04 02:52:21,075 | INFO  | DNAudit | user=null | ip=null | op=WRITE_CHUNK {blockData=conID: 2 locID: 102731975267188751 bcsId: 7} | ret=SUCCESS |  
2019-09-04 02:52:21,093 | INFO  | DNAudit | user=null | ip=null | op=WRITE_CHUNK {blockData=conID: 2 locID: 102731975267188751 bcsId: 7} | ret=SUCCESS |  
2019-09-04 02:52:21,094 | INFO  | DNAudit | user=null | ip=null | op=PUT_BLOCK {blockData=[blockId=conID: 2 locID: 102731975267188751 bcsId: 0,size=450]} | ret=SUCCESS |  
2019-09-04 02:52:21,094 [grpc-default-executor-7] INFO  client.GrpcClientProtocolClient (GrpcClientProtocolClient.java:onNext(255)) - client-B80753CE2867->dc9e03c0-8020-4c07-86bb-8ce93298a35b: receive RaftClientReply:client-B80753CE2867->dc9e03c0-8020-4c07-86bb-8ce93298a35b@group-6E6BBB98B26F, cid=198, SUCCESS, logIndex=12, commits[dc9e03c0-8020-4c07-86bb-8ce93298a35b:c13, fa558e8a-2244-404c-aea9-82357d9e09e8:c11, 52e0c0e6-3dc5-428d-bf4a-8d3652f6b397:c11]
2019-09-04 02:52:21,095 | INFO  | SCMAudit | user=jenkins1000 | ip=192.168.69.105 | op=SEND_HEARTBEAT {datanodeUUID=dce5e157-40d9-4523-b22e-1358f0218fe7, command=[]} | ret=SUCCESS |  
2019-09-04 02:52:21,095 [grpc-default-executor-5] INFO  client.GrpcClientProtocolClient (GrpcClientProtocolClient.java:onNext(255)) - client-B80753CE2867->dc9e03c0-8020-4c07-86bb-8ce93298a35b: receive RaftClientReply:client-B80753CE2867->dc9e03c0-8020-4c07-86bb-8ce93298a35b@group-6E6BBB98B26F, cid=199, SUCCESS, logIndex=13, commits[dc9e03c0-8020-4c07-86bb-8ce93298a35b:c13, fa558e8a-2244-404c-aea9-82357d9e09e8:c11, 52e0c0e6-3dc5-428d-bf4a-8d3652f6b397:c11]
2019-09-04 02:52:21,096 [grpc-default-executor-7] WARN  server.GrpcLogAppender (LogUtils.java:warn(134)) - dce5e157-40d9-4523-b22e-1358f0218fe7->154d8629-f136-4e53-aadf-9bd077e86354: Failed appendEntries: org.apache.ratis.thirdparty.io.grpc.StatusRuntimeException: UNAVAILABLE: io exception
2019-09-04 02:52:21,097 [grpc-default-executor-7] INFO  impl.FollowerInfo (FollowerInfo.java:lambda$new$0(50)) - dce5e157-40d9-4523-b22e-1358f0218fe7->154d8629-f136-4e53-aadf-9bd077e86354: nextIndex: updateUnconditionally 16 -> 15
2019-09-04 02:52:21,104 | INFO  | SCMAudit | user=jenkins1000 | ip=192.168.69.105 | op=SEND_HEARTBEAT {datanodeUUID=b1e4c1b6-3c4e-42d0-bbe8-a94c9c1f6655, command=[]} | ret=SUCCESS |  
2019-09-04 02:52:21,105 | INFO  | DNAudit | user=null | ip=null | op=WRITE_CHUNK {blockData=conID: 2 locID: 102731975267188751 bcsId: 7} | ret=SUCCESS |  
2019-09-04 02:52:21,106 | INFO  | DNAudit | user=null | ip=null | op=WRITE_CHUNK {blockData=conID: 2 locID: 102731975267188751 bcsId: 7} | ret=SUCCESS |  
2019-09-04 02:52:21,106 | INFO  | DNAudit | user=null | ip=null | op=PUT_BLOCK {blockData=[blockId=conID: 2 locID: 102731975267188751 bcsId: 0,size=450]} | ret=SUCCESS |  
2019-09-04 02:52:21,107 | INFO  | DNAudit | user=null | ip=null | op=PUT_BLOCK {blockData=[blockId=conID: 2 locID: 102731975267188751 bcsId: 0,size=450]} | ret=SUCCESS |  
2019-09-04 02:52:21,112 [grpc-default-executor-6] INFO  client.GrpcClientProtocolClient (GrpcClientProtocolClient.java:onNext(255)) - client-B80753CE2867->dc9e03c0-8020-4c07-86bb-8ce93298a35b: receive RaftClientReply:client-B80753CE2867->dc9e03c0-8020-4c07-86bb-8ce93298a35b@group-6E6BBB98B26F, cid=200, SUCCESS, logIndex=0, commits[dc9e03c0-8020-4c07-86bb-8ce93298a35b:c15, fa558e8a-2244-404c-aea9-82357d9e09e8:c13, 52e0c0e6-3dc5-428d-bf4a-8d3652f6b397:c13]
2019-09-04 02:52:21,112 [grpc-default-executor-6] WARN  server.GrpcLogAppender (LogUtils.java:warn(134)) - dce5e157-40d9-4523-b22e-1358f0218fe7->154d8629-f136-4e53-aadf-9bd077e86354: Failed appendEntries: org.apache.ratis.thirdparty.io.grpc.StatusRuntimeException: UNAVAILABLE: io exception
2019-09-04 02:52:21,113 [grpc-default-executor-6] INFO  impl.FollowerInfo (FollowerInfo.java:lambda$new$0(50)) - dce5e157-40d9-4523-b22e-1358f0218fe7->154d8629-f136-4e53-aadf-9bd077e86354: nextIndex: updateUnconditionally 16 -> 15
2019-09-04 02:52:21,113 [main] INFO  ozone.MiniOzoneClusterImpl (MiniOzoneClusterImpl.java:shutdown(321)) - Shutting down the Mini Ozone Cluster
2019-09-04 02:52:21,113 | INFO  | SCMAudit | user=null | ip=null | op=GET_SCM_INFO null | ret=SUCCESS |  
2019-09-04 02:52:21,113 [main] INFO  ozone.MiniOzoneClusterImpl (MiniOzoneClusterImpl.java:stop(336)) - Stopping the Mini Ozone Cluster
2019-09-04 02:52:21,113 [main] INFO  ozone.MiniOzoneClusterImpl (MiniOzoneClusterImpl.java:stop(338)) - Stopping the OzoneManager
2019-09-04 02:52:21,114 [main] INFO  ipc.Server (Server.java:stop(3082)) - Stopping server on 46277
2019-09-04 02:52:21,121 [RatisApplyTransactionExecutor 1] INFO  interfaces.Container (KeyValueContainer.java:flushAndSyncDB(382)) - Container 1 is synced with bcsId 22.
2019-09-04 02:52:21,126 [RatisApplyTransactionExecutor 1] INFO  interfaces.Container (KeyValueContainer.java:flushAndSyncDB(382)) - Container 1 is synced with bcsId 22.
2019-09-04 02:52:21,126 [IPC Server listener on 46277] INFO  ipc.Server (Server.java:run(1185)) - Stopping IPC Server listener on 46277
2019-09-04 02:52:21,132 [IPC Server Responder] INFO  ipc.Server (Server.java:run(1319)) - Stopping IPC Server Responder
2019-09-04 02:52:21,128 [main] INFO  ratis.OzoneManagerDoubleBuffer (OzoneManagerDoubleBuffer.java:stop(248)) - Stopping OMDoubleBuffer flush thread
2019-09-04 02:52:21,160 [OMDoubleBufferFlushThread] INFO  ratis.OzoneManagerDoubleBuffer (OzoneManagerDoubleBuffer.java:flushTransactions(191)) - OMDoubleBuffer flush thread OMDoubleBufferFlushThread is interrupted and will exit. OMDoubleBufferFlushThread
2019-09-04 02:52:21,161 [main] INFO  utils.BackgroundService (BackgroundService.java:shutdown(148)) - Shutting down service KeyDeletingService
2019-09-04 02:52:21,163 [main] INFO  handler.ContextHandler (ContextHandler.java:doStop(910)) - Stopped o.e.j.w.WebAppContext@64547a83{/,null,UNAVAILABLE}{/ozoneManager}
2019-09-04 02:52:21,163 [grpc-default-executor-6] WARN  server.GrpcLogAppender (LogUtils.java:warn(134)) - dce5e157-40d9-4523-b22e-1358f0218fe7->154d8629-f136-4e53-aadf-9bd077e86354: Failed appendEntries: org.apache.ratis.thirdparty.io.grpc.StatusRuntimeException: UNAVAILABLE: io exception
2019-09-04 02:52:21,163 [grpc-default-executor-6] INFO  impl.FollowerInfo (FollowerInfo.java:lambda$new$0(50)) - dce5e157-40d9-4523-b22e-1358f0218fe7->154d8629-f136-4e53-aadf-9bd077e86354: nextIndex: updateUnconditionally 16 -> 15
2019-09-04 02:52:21,163 [main] INFO  server.AbstractConnector (AbstractConnector.java:doStop(318)) - Stopped ServerConnector@2b3e2039{HTTP/1.1,[http/1.1]}{0.0.0.0:0}
2019-09-04 02:52:21,164 [main] INFO  handler.ContextHandler (ContextHandler.java:doStop(910)) - Stopped o.e.j.s.ServletContextHandler@6e5106fc{/static,file:///workdir/hadoop-ozone/integration-test/target/test-classes/webapps/static,UNAVAILABLE}
2019-09-04 02:52:21,164 [main] INFO  handler.ContextHandler (ContextHandler.java:doStop(910)) - Stopped o.e.j.s.ServletContextHandler@5f910283{/logs,file:///workdir/hadoop-ozone/integration-test/target/log,UNAVAILABLE}
2019-09-04 02:52:21,167 [main] INFO  ozone.MiniOzoneClusterImpl (MiniOzoneClusterImpl.java:stop(344)) - Shutting the HddsDatanodes
2019-09-04 02:52:21,168 [main] INFO  datanode.ObjectStoreHandler (ObjectStoreHandler.java:close(155)) - Closing ObjectStoreHandler.
2019-09-04 02:52:21,168 [ForkJoinPool.commonPool-worker-0] INFO  datanode.ObjectStoreHandler (ObjectStoreHandler.java:close(155)) - Closing ObjectStoreHandler.
2019-09-04 02:52:21,168 [ForkJoinPool.commonPool-worker-0] INFO  ozone.HddsDatanodeService (HddsDatanodeService.java:stop(451)) - Stopped plug-in org.apache.hadoop.ozone.web.OzoneHddsDatanodeService@14cd8dfa
2019-09-04 02:52:21,168 [main] INFO  ozone.HddsDatanodeService (HddsDatanodeService.java:stop(451)) - Stopped plug-in org.apache.hadoop.ozone.web.OzoneHddsDatanodeService@5ce593bc
2019-09-04 02:52:21,181 [RatisApplyTransactionExecutor 1] INFO  interfaces.Container (KeyValueContainer.java:flushAndSyncDB(382)) - Container 1 is synced with bcsId 22.
2019-09-04 02:52:21,181 [RatisApplyTransactionExecutor 1] INFO  interfaces.Container (KeyValueContainer.java:flushAndSyncDB(382)) - Container 1 is synced with bcsId 22.
2019-09-04 02:52:21,182 | INFO  | DNAudit | user=null | ip=null | op=CLOSE_CONTAINER {containerID=1} | ret=SUCCESS |  
2019-09-04 02:52:21,182 [Datanode State Machine Thread - 0] INFO  statemachine.DatanodeStateMachine (DatanodeStateMachine.java:lambda$startDaemon$0(350)) - Ozone container server started.
2019-09-04 02:52:21,206 | INFO  | DNAudit | user=null | ip=null | op=CLOSE_CONTAINER {containerID=1} | ret=SUCCESS |  
2019-09-04 02:52:21,207 | INFO  | SCMAudit | user=jenkins1000 | ip=192.168.69.105 | op=SEND_HEARTBEAT {datanodeUUID=b1e4c1b6-3c4e-42d0-bbe8-a94c9c1f6655, command=[]} | ret=SUCCESS |  
2019-09-04 02:52:21,207 [EventQueue-IncrementalContainerReportForIncrementalContainerReportHandler] INFO  container.IncrementalContainerReportHandler (AbstractContainerReportHandler.java:updateContainerState(176)) - Moving container #1 to CLOSED state, datanode b1e4c1b6-3c4e-42d0-bbe8-a94c9c1f6655{ip: 192.168.69.105, host: pr-hdds-1571-zhvv9-3536733312, networkLocation: /default-rack, certSerialId: null} reported CLOSED replica.
2019-09-04 02:52:21,597 [grpc-default-executor-6] INFO  client.GrpcClientProtocolClient (GrpcClientProtocolClient.java:onNext(255)) - client-97E3E93305C8->dce5e157-40d9-4523-b22e-1358f0218fe7: receive RaftClientReply:client-97E3E93305C8->dce5e157-40d9-4523-b22e-1358f0218fe7@group-806C3156DE83, cid=191, SUCCESS, logIndex=0, commits[dce5e157-40d9-4523-b22e-1358f0218fe7:c28, b1e4c1b6-3c4e-42d0-bbe8-a94c9c1f6655:c27, 154d8629-f136-4e53-aadf-9bd077e86354:c16]
2019-09-04 02:52:21,648 | INFO  | SCMAudit | user=jenkins1000 | ip=192.168.69.105 | op=SEND_HEARTBEAT {datanodeUUID=286cf2fc-8844-46ee-9444-4b1ba8aaca71, command=[]} | ret=SUCCESS |  
2019-09-04 02:52:21,805 [Datanode State Machine Thread - 0] INFO  statemachine.DatanodeStateMachine (DatanodeStateMachine.java:lambda$startDaemon$0(350)) - Ozone container server started.
2019-09-04 02:52:21,806 | INFO  | SCMAudit | user=jenkins1000 | ip=192.168.69.105 | op=SEND_HEARTBEAT {datanodeUUID=fa558e8a-2244-404c-aea9-82357d9e09e8, command=[]} | ret=SUCCESS |  
2019-09-04 02:52:21,806 | INFO  | SCMAudit | user=jenkins1000 | ip=192.168.69.105 | op=SEND_HEARTBEAT {datanodeUUID=52e0c0e6-3dc5-428d-bf4a-8d3652f6b397, command=[]} | ret=SUCCESS |  
2019-09-04 02:52:22,208 | INFO  | SCMAudit | user=jenkins1000 | ip=192.168.69.105 | op=SEND_HEARTBEAT {datanodeUUID=b1e4c1b6-3c4e-42d0-bbe8-a94c9c1f6655, command=[]} | ret=SUCCESS |  
2019-09-04 02:52:22,648 | INFO  | SCMAudit | user=jenkins1000 | ip=192.168.69.105 | op=SEND_HEARTBEAT {datanodeUUID=286cf2fc-8844-46ee-9444-4b1ba8aaca71, command=[]} | ret=SUCCESS |  
2019-09-04 02:52:22,805 | INFO  | SCMAudit | user=jenkins1000 | ip=192.168.69.105 | op=SEND_HEARTBEAT {datanodeUUID=52e0c0e6-3dc5-428d-bf4a-8d3652f6b397, command=[]} | ret=SUCCESS |  
2019-09-04 02:52:22,805 | INFO  | SCMAudit | user=jenkins1000 | ip=192.168.69.105 | op=SEND_HEARTBEAT {datanodeUUID=fa558e8a-2244-404c-aea9-82357d9e09e8, command=[]} | ret=SUCCESS |  
2019-09-04 02:52:23,207 | INFO  | SCMAudit | user=jenkins1000 | ip=192.168.69.105 | op=SEND_HEARTBEAT {datanodeUUID=b1e4c1b6-3c4e-42d0-bbe8-a94c9c1f6655, command=[]} | ret=SUCCESS |  
2019-09-04 02:52:23,649 | INFO  | SCMAudit | user=jenkins1000 | ip=192.168.69.105 | op=SEND_HEARTBEAT {datanodeUUID=286cf2fc-8844-46ee-9444-4b1ba8aaca71, command=[]} | ret=SUCCESS |  
2019-09-04 02:52:23,664 [grpc-default-executor-5] WARN  server.GrpcLogAppender (LogUtils.java:warn(134)) - dce5e157-40d9-4523-b22e-1358f0218fe7->154d8629-f136-4e53-aadf-9bd077e86354: Failed appendEntries: org.apache.ratis.thirdparty.io.grpc.StatusRuntimeException: UNAVAILABLE: io exception
2019-09-04 02:52:23,664 [grpc-default-executor-5] INFO  impl.FollowerInfo (FollowerInfo.java:lambda$new$0(50)) - dce5e157-40d9-4523-b22e-1358f0218fe7->154d8629-f136-4e53-aadf-9bd077e86354: nextIndex: updateUnconditionally 15 -> 14
2019-09-04 02:52:23,805 | INFO  | SCMAudit | user=jenkins1000 | ip=192.168.69.105 | op=SEND_HEARTBEAT {datanodeUUID=52e0c0e6-3dc5-428d-bf4a-8d3652f6b397, command=[]} | ret=SUCCESS |  
2019-09-04 02:52:23,805 | INFO  | SCMAudit | user=jenkins1000 | ip=192.168.69.105 | op=SEND_HEARTBEAT {datanodeUUID=fa558e8a-2244-404c-aea9-82357d9e09e8, command=[]} | ret=SUCCESS |  
2019-09-04 02:52:24,207 | INFO  | SCMAudit | user=jenkins1000 | ip=192.168.69.105 | op=SEND_HEARTBEAT {datanodeUUID=b1e4c1b6-3c4e-42d0-bbe8-a94c9c1f6655, command=[]} | ret=SUCCESS |  
2019-09-04 02:52:24,649 | INFO  | SCMAudit | user=jenkins1000 | ip=192.168.69.105 | op=SEND_HEARTBEAT {datanodeUUID=286cf2fc-8844-46ee-9444-4b1ba8aaca71, command=[]} | ret=SUCCESS |  
2019-09-04 02:52:24,805 | INFO  | SCMAudit | user=jenkins1000 | ip=192.168.69.105 | op=SEND_HEARTBEAT {datanodeUUID=52e0c0e6-3dc5-428d-bf4a-8d3652f6b397, command=[]} | ret=SUCCESS |  
2019-09-04 02:52:24,805 | INFO  | SCMAudit | user=jenkins1000 | ip=192.168.69.105 | op=SEND_HEARTBEAT {datanodeUUID=fa558e8a-2244-404c-aea9-82357d9e09e8, command=[]} | ret=SUCCESS |  
2019-09-04 02:52:25,208 | INFO  | SCMAudit | user=jenkins1000 | ip=192.168.69.105 | op=SEND_HEARTBEAT {datanodeUUID=b1e4c1b6-3c4e-42d0-bbe8-a94c9c1f6655, command=[]} | ret=SUCCESS |  
2019-09-04 02:52:25,649 | INFO  | SCMAudit | user=jenkins1000 | ip=192.168.69.105 | op=SEND_HEARTBEAT {datanodeUUID=286cf2fc-8844-46ee-9444-4b1ba8aaca71, command=[]} | ret=SUCCESS |  
2019-09-04 02:52:25,805 | INFO  | SCMAudit | user=jenkins1000 | ip=192.168.69.105 | op=SEND_HEARTBEAT {datanodeUUID=fa558e8a-2244-404c-aea9-82357d9e09e8, command=[]} | ret=SUCCESS |  
2019-09-04 02:52:25,805 | INFO  | SCMAudit | user=jenkins1000 | ip=192.168.69.105 | op=SEND_HEARTBEAT {datanodeUUID=52e0c0e6-3dc5-428d-bf4a-8d3652f6b397, command=[]} | ret=SUCCESS |  
2019-09-04 02:52:25,818 [EventQueue-StaleNodeForStaleNodeHandler] INFO  node.StaleNodeHandler (StaleNodeHandler.java:onMessage(58)) - Datanode dc9e03c0-8020-4c07-86bb-8ce93298a35b{ip: 192.168.69.105, host: pr-hdds-1571-zhvv9-3536733312, networkLocation: /default-rack, certSerialId: null} moved to stale state. Finalizing its pipelines [PipelineID=59ae4df0-3e99-49ee-8001-6e6bbb98b26f, PipelineID=9b730249-8bad-45e0-9607-8138c468ae7d]
2019-09-04 02:52:25,818 [EventQueue-StaleNodeForStaleNodeHandler] INFO  pipeline.SCMPipelineManager (SCMPipelineManager.java:finalizeAndDestroyPipeline(309)) - destroying pipeline:Pipeline[ Id: 59ae4df0-3e99-49ee-8001-6e6bbb98b26f, Nodes: 52e0c0e6-3dc5-428d-bf4a-8d3652f6b397{ip: 192.168.69.105, host: pr-hdds-1571-zhvv9-3536733312, networkLocation: /default-rack, certSerialId: null}dc9e03c0-8020-4c07-86bb-8ce93298a35b{ip: 192.168.69.105, host: pr-hdds-1571-zhvv9-3536733312, networkLocation: /default-rack, certSerialId: null}fa558e8a-2244-404c-aea9-82357d9e09e8{ip: 192.168.69.105, host: pr-hdds-1571-zhvv9-3536733312, networkLocation: /default-rack, certSerialId: null}, Type:RATIS, Factor:THREE, State:OPEN]
2019-09-04 02:52:25,818 [EventQueue-StaleNodeForStaleNodeHandler] INFO  pipeline.PipelineStateManager (PipelineStateManager.java:finalizePipeline(123)) - Pipeline Pipeline[ Id: 59ae4df0-3e99-49ee-8001-6e6bbb98b26f, Nodes: 52e0c0e6-3dc5-428d-bf4a-8d3652f6b397{ip: 192.168.69.105, host: pr-hdds-1571-zhvv9-3536733312, networkLocation: /default-rack, certSerialId: null}dc9e03c0-8020-4c07-86bb-8ce93298a35b{ip: 192.168.69.105, host: pr-hdds-1571-zhvv9-3536733312, networkLocation: /default-rack, certSerialId: null}fa558e8a-2244-404c-aea9-82357d9e09e8{ip: 192.168.69.105, host: pr-hdds-1571-zhvv9-3536733312, networkLocation: /default-rack, certSerialId: null}, Type:RATIS, Factor:THREE, State:CLOSED] moved to CLOSED state
2019-09-04 02:52:25,819 [EventQueue-CloseContainerForCloseContainerEventHandler] INFO  container.CloseContainerEventHandler (CloseContainerEventHandler.java:onMessage(61)) - Close container Event triggered for container : #2
2019-09-04 02:52:25,819 [EventQueue-StaleNodeForStaleNodeHandler] INFO  pipeline.SCMPipelineManager (SCMPipelineManager.java:finalizeAndDestroyPipeline(309)) - destroying pipeline:Pipeline[ Id: 9b730249-8bad-45e0-9607-8138c468ae7d, Nodes: dc9e03c0-8020-4c07-86bb-8ce93298a35b{ip: 192.168.69.105, host: pr-hdds-1571-zhvv9-3536733312, networkLocation: /default-rack, certSerialId: null}, Type:RATIS, Factor:ONE, State:OPEN]
2019-09-04 02:52:25,819 [EventQueue-StaleNodeForStaleNodeHandler] INFO  pipeline.PipelineStateManager (PipelineStateManager.java:finalizePipeline(123)) - Pipeline Pipeline[ Id: 9b730249-8bad-45e0-9607-8138c468ae7d, Nodes: dc9e03c0-8020-4c07-86bb-8ce93298a35b{ip: 192.168.69.105, host: pr-hdds-1571-zhvv9-3536733312, networkLocation: /default-rack, certSerialId: null}, Type:RATIS, Factor:ONE, State:CLOSED] moved to CLOSED state
2019-09-04 02:52:26,118 [EventQueue-StaleNodeForStaleNodeHandler] INFO  node.StaleNodeHandler (StaleNodeHandler.java:onMessage(58)) - Datanode dce5e157-40d9-4523-b22e-1358f0218fe7{ip: 192.168.69.105, host: pr-hdds-1571-zhvv9-3536733312, networkLocation: /default-rack, certSerialId: null} moved to stale state. Finalizing its pipelines [PipelineID=69585f61-d2a9-436a-8f53-806c3156de83, PipelineID=f4c544ca-887f-4c9f-a693-61f618d539f3]
2019-09-04 02:52:26,119 [EventQueue-StaleNodeForStaleNodeHandler] INFO  pipeline.SCMPipelineManager (SCMPipelineManager.java:finalizeAndDestroyPipeline(309)) - destroying pipeline:Pipeline[ Id: 69585f61-d2a9-436a-8f53-806c3156de83, Nodes: 154d8629-f136-4e53-aadf-9bd077e86354{ip: 192.168.69.105, host: pr-hdds-1571-zhvv9-3536733312, networkLocation: /default-rack, certSerialId: null}b1e4c1b6-3c4e-42d0-bbe8-a94c9c1f6655{ip: 192.168.69.105, host: pr-hdds-1571-zhvv9-3536733312, networkLocation: /default-rack, certSerialId: null}dce5e157-40d9-4523-b22e-1358f0218fe7{ip: 192.168.69.105, host: pr-hdds-1571-zhvv9-3536733312, networkLocation: /default-rack, certSerialId: null}, Type:RATIS, Factor:THREE, State:CLOSED]
2019-09-04 02:52:26,119 [EventQueue-StaleNodeForStaleNodeHandler] INFO  pipeline.SCMPipelineManager (SCMPipelineManager.java:finalizeAndDestroyPipeline(309)) - destroying pipeline:Pipeline[ Id: f4c544ca-887f-4c9f-a693-61f618d539f3, Nodes: dce5e157-40d9-4523-b22e-1358f0218fe7{ip: 192.168.69.105, host: pr-hdds-1571-zhvv9-3536733312, networkLocation: /default-rack, certSerialId: null}, Type:RATIS, Factor:ONE, State:OPEN]
2019-09-04 02:52:26,119 [EventQueue-StaleNodeForStaleNodeHandler] INFO  pipeline.PipelineStateManager (PipelineStateManager.java:finalizePipeline(123)) - Pipeline Pipeline[ Id: f4c544ca-887f-4c9f-a693-61f618d539f3, Nodes: dce5e157-40d9-4523-b22e-1358f0218fe7{ip: 192.168.69.105, host: pr-hdds-1571-zhvv9-3536733312, networkLocation: /default-rack, certSerialId: null}, Type:RATIS, Factor:ONE, State:CLOSED] moved to CLOSED state
2019-09-04 02:52:26,165 [grpc-default-executor-7] WARN  server.GrpcLogAppender (LogUtils.java:warn(134)) - dce5e157-40d9-4523-b22e-1358f0218fe7->154d8629-f136-4e53-aadf-9bd077e86354: Failed appendEntries: org.apache.ratis.thirdparty.io.grpc.StatusRuntimeException: UNAVAILABLE: io exception
2019-09-04 02:52:26,165 [grpc-default-executor-7] INFO  impl.FollowerInfo (FollowerInfo.java:lambda$new$0(50)) - dce5e157-40d9-4523-b22e-1358f0218fe7->154d8629-f136-4e53-aadf-9bd077e86354: nextIndex: updateUnconditionally 14 -> 13
2019-09-04 02:52:26,169 [ForkJoinPool.commonPool-worker-0] INFO  ozoneimpl.OzoneContainer (OzoneContainer.java:stop(199)) - Attempting to stop container services.
2019-09-04 02:52:26,169 [main] INFO  ozoneimpl.OzoneContainer (OzoneContainer.java:stop(199)) - Attempting to stop container services.
2019-09-04 02:52:26,170 [ForkJoinPool.commonPool-worker-0] INFO  impl.RaftServerProxy (RaftServerProxy.java:lambda$close$4(314)) - dce5e157-40d9-4523-b22e-1358f0218fe7: close
2019-09-04 02:52:26,170 [main] INFO  impl.RaftServerProxy (RaftServerProxy.java:lambda$close$4(314)) - dc9e03c0-8020-4c07-86bb-8ce93298a35b: close
2019-09-04 02:52:26,171 [ForkJoinPool.commonPool-worker-0] INFO  impl.RaftServerImpl (RaftServerImpl.java:lambda$shutdown$3(245)) - dce5e157-40d9-4523-b22e-1358f0218fe7: shutdown group-806C3156DE83
2019-09-04 02:52:26,171 [main] INFO  impl.RaftServerImpl (RaftServerImpl.java:lambda$shutdown$3(245)) - dc9e03c0-8020-4c07-86bb-8ce93298a35b: shutdown group-6E6BBB98B26F
2019-09-04 02:52:26,171 [ForkJoinPool.commonPool-worker-0] INFO  util.JmxRegister (JmxRegister.java:unregister(73)) - Successfully un-registered JMX Bean with object name Ratis:service=RaftServer,group=group-806C3156DE83,id=dce5e157-40d9-4523-b22e-1358f0218fe7
2019-09-04 02:52:26,172 [main] INFO  util.JmxRegister (JmxRegister.java:unregister(73)) - Successfully un-registered JMX Bean with object name Ratis:service=RaftServer,group=group-6E6BBB98B26F,id=dc9e03c0-8020-4c07-86bb-8ce93298a35b
2019-09-04 02:52:26,172 [ForkJoinPool.commonPool-worker-0] INFO  impl.RoleInfo (RoleInfo.java:shutdownLeaderState(104)) - dce5e157-40d9-4523-b22e-1358f0218fe7: shutdown LeaderState
2019-09-04 02:52:26,172 [main] INFO  impl.RoleInfo (RoleInfo.java:shutdownLeaderState(104)) - dc9e03c0-8020-4c07-86bb-8ce93298a35b: shutdown LeaderState
2019-09-04 02:52:26,178 [org.apache.ratis.server.impl.LogAppender$AppenderDaemon$$Lambda$483/1702867389@138fc636] WARN  server.GrpcLogAppender (GrpcLogAppender.java:mayWait(143)) - GrpcLogAppender(dce5e157-40d9-4523-b22e-1358f0218fe7->b1e4c1b6-3c4e-42d0-bbe8-a94c9c1f6655): Wait interrupted by java.lang.InterruptedException
2019-09-04 02:52:26,178 [org.apache.ratis.server.impl.LogAppender$AppenderDaemon$$Lambda$483/1702867389@568d5a23] WARN  server.GrpcLogAppender (GrpcLogAppender.java:mayWait(143)) - GrpcLogAppender(dce5e157-40d9-4523-b22e-1358f0218fe7->154d8629-f136-4e53-aadf-9bd077e86354): Wait interrupted by java.lang.InterruptedException
2019-09-04 02:52:26,178 [ForkJoinPool.commonPool-worker-0] INFO  impl.PendingRequests (PendingRequests.java:sendNotLeaderResponses(202)) - dce5e157-40d9-4523-b22e-1358f0218fe7-PendingRequests: sendNotLeaderResponses
2019-09-04 02:52:26,183 [grpc-default-executor-7] INFO  server.GrpcServerProtocolService (GrpcServerProtocolService.java:onCompleted(104)) - b1e4c1b6-3c4e-42d0-bbe8-a94c9c1f6655: appendEntries completed
2019-09-04 02:52:26,183 [org.apache.ratis.server.impl.LogAppender$AppenderDaemon$$Lambda$483/1702867389@3447956b] WARN  server.GrpcLogAppender (GrpcLogAppender.java:mayWait(143)) - GrpcLogAppender(dc9e03c0-8020-4c07-86bb-8ce93298a35b->52e0c0e6-3dc5-428d-bf4a-8d3652f6b397): Wait interrupted by java.lang.InterruptedException
2019-09-04 02:52:26,183 [main] INFO  impl.PendingRequests (PendingRequests.java:sendNotLeaderResponses(202)) - dc9e03c0-8020-4c07-86bb-8ce93298a35b-PendingRequests: sendNotLeaderResponses
2019-09-04 02:52:26,183 [org.apache.ratis.server.impl.LogAppender$AppenderDaemon$$Lambda$483/1702867389@71451527] WARN  server.GrpcLogAppender (GrpcLogAppender.java:mayWait(143)) - GrpcLogAppender(dc9e03c0-8020-4c07-86bb-8ce93298a35b->fa558e8a-2244-404c-aea9-82357d9e09e8): Wait interrupted by java.lang.InterruptedException
2019-09-04 02:52:26,188 [grpc-default-executor-6] INFO  server.GrpcServerProtocolService (GrpcServerProtocolService.java:onCompleted(104)) - 52e0c0e6-3dc5-428d-bf4a-8d3652f6b397: appendEntries completed
2019-09-04 02:52:26,201 [grpc-default-executor-5] INFO  server.GrpcServerProtocolService (GrpcServerProtocolService.java:onCompleted(104)) - fa558e8a-2244-404c-aea9-82357d9e09e8: appendEntries completed
2019-09-04 02:52:26,188 [grpc-default-executor-7] INFO  server.GrpcLogAppender (GrpcLogAppender.java:onCompleted(292)) - dce5e157-40d9-4523-b22e-1358f0218fe7->b1e4c1b6-3c4e-42d0-bbe8-a94c9c1f6655: follower responses appendEntries COMPLETED
2019-09-04 02:52:26,203 [grpc-default-executor-5] INFO  server.GrpcLogAppender (GrpcLogAppender.java:onCompleted(292)) - dc9e03c0-8020-4c07-86bb-8ce93298a35b->52e0c0e6-3dc5-428d-bf4a-8d3652f6b397: follower responses appendEntries COMPLETED
2019-09-04 02:52:26,204 [grpc-default-executor-7] INFO  impl.FollowerInfo (FollowerInfo.java:lambda$new$0(50)) - dce5e157-40d9-4523-b22e-1358f0218fe7->b1e4c1b6-3c4e-42d0-bbe8-a94c9c1f6655: nextIndex: updateUnconditionally 29 -> 28
2019-09-04 02:52:26,201 [Thread-3581] INFO  client.GrpcClientProtocolService (GrpcClientProtocolService.java:lambda$processClientRequest$0(278)) - Failed RaftClientRequest:client-97E3E93305C8->dce5e157-40d9-4523-b22e-1358f0218fe7@group-806C3156DE83, cid=190, seq=0, Watch-ALL_COMMITTED(22), Message:<EMPTY>, reply=RaftClientReply:client-97E3E93305C8->dce5e157-40d9-4523-b22e-1358f0218fe7@group-806C3156DE83, cid=190, FAILED org.apache.ratis.protocol.NotLeaderException: Server dce5e157-40d9-4523-b22e-1358f0218fe7 is not the leader (null). Request must be sent to leader., logIndex=0, commits[dce5e157-40d9-4523-b22e-1358f0218fe7:c28]
2019-09-04 02:52:26,201 [Thread-3580] INFO  client.GrpcClientProtocolService (GrpcClientProtocolService.java:lambda$processClientRequest$0(278)) - Failed RaftClientRequest:client-97E3E93305C8->dce5e157-40d9-4523-b22e-1358f0218fe7@group-806C3156DE83, cid=190, seq=0, Watch-ALL_COMMITTED(22), Message:<EMPTY>, reply=RaftClientReply:client-97E3E93305C8->dce5e157-40d9-4523-b22e-1358f0218fe7@group-806C3156DE83, cid=190, FAILED org.apache.ratis.protocol.NotLeaderException: Server dce5e157-40d9-4523-b22e-1358f0218fe7 is not the leader (null). Request must be sent to leader., logIndex=0, commits[dce5e157-40d9-4523-b22e-1358f0218fe7:c28]
2019-09-04 02:52:26,201 [Thread-3582] INFO  client.GrpcClientProtocolService (GrpcClientProtocolService.java:lambda$processClientRequest$0(278)) - Failed RaftClientRequest:client-97E3E93305C8->dce5e157-40d9-4523-b22e-1358f0218fe7@group-806C3156DE83, cid=190, seq=0, Watch-ALL_COMMITTED(22), Message:<EMPTY>, reply=RaftClientReply:client-97E3E93305C8->dce5e157-40d9-4523-b22e-1358f0218fe7@group-806C3156DE83, cid=190, FAILED org.apache.ratis.protocol.NotLeaderException: Server dce5e157-40d9-4523-b22e-1358f0218fe7 is not the leader (null). Request must be sent to leader., logIndex=0, commits[dce5e157-40d9-4523-b22e-1358f0218fe7:c28]
2019-09-04 02:52:26,201 [StateMachineUpdater:dc9e03c0-8020-4c07-86bb-8ce93298a35b:group-6E6BBB98B26F] INFO  ratis.ContainerStateMachine (ContainerStateMachine.java:takeSnapshot(283)) - group-6E6BBB98B26F: Taking a snapshot at:(t:1, i:13) file /workdir/hadoop-ozone/integration-test/target/test-dir/MiniOzoneClusterImpl-3bb735bc-39a8-4554-8887-bfbd0a1de759/datanode-4/data/ratis/59ae4df0-3e99-49ee-8001-6e6bbb98b26f/sm/snapshot.1_13
2019-09-04 02:52:26,201 [StateMachineUpdater:dce5e157-40d9-4523-b22e-1358f0218fe7:group-806C3156DE83] INFO  ratis.ContainerStateMachine (ContainerStateMachine.java:takeSnapshot(283)) - group-806C3156DE83: Taking a snapshot at:(t:1, i:28) file /workdir/hadoop-ozone/integration-test/target/test-dir/MiniOzoneClusterImpl-3bb735bc-39a8-4554-8887-bfbd0a1de759/datanode-1/data/ratis/69585f61-d2a9-436a-8f53-806c3156de83/sm/snapshot.1_28
2019-09-04 02:52:26,200 [main] INFO  impl.StateMachineUpdater (StateMachineUpdater.java:stopAndJoin(115)) - StateMachineUpdater:dc9e03c0-8020-4c07-86bb-8ce93298a35b:group-6E6BBB98B26F: set stopIndex = 15
2019-09-04 02:52:26,200 [ForkJoinPool.commonPool-worker-0] INFO  impl.StateMachineUpdater (StateMachineUpdater.java:stopAndJoin(115)) - StateMachineUpdater:dce5e157-40d9-4523-b22e-1358f0218fe7:group-806C3156DE83: set stopIndex = 28
2019-09-04 02:52:26,206 [grpc-default-executor-7] INFO  client.GrpcClientProtocolClient (GrpcClientProtocolClient.java:onNext(255)) - client-97E3E93305C8->dce5e157-40d9-4523-b22e-1358f0218fe7: receive RaftClientReply:client-97E3E93305C8->dce5e157-40d9-4523-b22e-1358f0218fe7@group-806C3156DE83, cid=190, FAILED org.apache.ratis.protocol.NotLeaderException: Server dce5e157-40d9-4523-b22e-1358f0218fe7 is not the leader (null). Request must be sent to leader., logIndex=0, commits[dce5e157-40d9-4523-b22e-1358f0218fe7:c28]
2019-09-04 02:52:26,204 [grpc-default-executor-5] INFO  impl.FollowerInfo (FollowerInfo.java:lambda$new$0(50)) - dc9e03c0-8020-4c07-86bb-8ce93298a35b->52e0c0e6-3dc5-428d-bf4a-8d3652f6b397: nextIndex: updateUnconditionally 16 -> 15
2019-09-04 02:52:26,204 [grpc-default-executor-6] INFO  server.GrpcLogAppender (GrpcLogAppender.java:onCompleted(292)) - dc9e03c0-8020-4c07-86bb-8ce93298a35b->fa558e8a-2244-404c-aea9-82357d9e09e8: follower responses appendEntries COMPLETED
2019-09-04 02:52:26,207 [grpc-default-executor-7] INFO  client.GrpcClientProtocolClient (GrpcClientProtocolClient.java:onNext(255)) - client-97E3E93305C8->dce5e157-40d9-4523-b22e-1358f0218fe7: receive RaftClientReply:client-97E3E93305C8->dce5e157-40d9-4523-b22e-1358f0218fe7@group-806C3156DE83, cid=190, FAILED org.apache.ratis.protocol.NotLeaderException: Server dce5e157-40d9-4523-b22e-1358f0218fe7 is not the leader (null). Request must be sent to leader., logIndex=0, commits[dce5e157-40d9-4523-b22e-1358f0218fe7:c28]
2019-09-04 02:52:26,207 [grpc-default-executor-6] INFO  impl.FollowerInfo (FollowerInfo.java:lambda$new$0(50)) - dc9e03c0-8020-4c07-86bb-8ce93298a35b->fa558e8a-2244-404c-aea9-82357d9e09e8: nextIndex: updateUnconditionally 16 -> 15
2019-09-04 02:52:26,208 [grpc-default-executor-6] WARN  client.GrpcClientProtocolService (LogUtils.java:warn(134)) - 3-UnorderedRequestStreamObserver3: onError: org.apache.ratis.thirdparty.io.grpc.StatusRuntimeException: CANCELLED: cancelled before receiving half close
2019-09-04 02:52:26,208 | INFO  | SCMAudit | user=jenkins1000 | ip=192.168.69.105 | op=SEND_HEARTBEAT {datanodeUUID=b1e4c1b6-3c4e-42d0-bbe8-a94c9c1f6655, command=[]} | ret=SUCCESS |  
2019-09-04 02:52:26,218 [StateMachineUpdater:dce5e157-40d9-4523-b22e-1358f0218fe7:group-806C3156DE83] INFO  ratis.ContainerStateMachine (ContainerStateMachine.java:takeSnapshot(294)) - group-806C3156DE83: Finished taking a snapshot at:(t:1, i:28) file:/workdir/hadoop-ozone/integration-test/target/test-dir/MiniOzoneClusterImpl-3bb735bc-39a8-4554-8887-bfbd0a1de759/datanode-1/data/ratis/69585f61-d2a9-436a-8f53-806c3156de83/sm/snapshot.1_28 time:18
2019-09-04 02:52:26,218 [StateMachineUpdater:dc9e03c0-8020-4c07-86bb-8ce93298a35b:group-6E6BBB98B26F] INFO  ratis.ContainerStateMachine (ContainerStateMachine.java:takeSnapshot(294)) - group-6E6BBB98B26F: Finished taking a snapshot at:(t:1, i:13) file:/workdir/hadoop-ozone/integration-test/target/test-dir/MiniOzoneClusterImpl-3bb735bc-39a8-4554-8887-bfbd0a1de759/datanode-4/data/ratis/59ae4df0-3e99-49ee-8001-6e6bbb98b26f/sm/snapshot.1_13 time:18
2019-09-04 02:52:26,218 [StateMachineUpdater:dce5e157-40d9-4523-b22e-1358f0218fe7:group-806C3156DE83] INFO  impl.StateMachineUpdater (StateMachineUpdater.java:takeSnapshot(242)) - StateMachineUpdater:dce5e157-40d9-4523-b22e-1358f0218fe7:group-806C3156DE83: Took a snapshot at index 28
2019-09-04 02:52:26,219 [StateMachineUpdater:dc9e03c0-8020-4c07-86bb-8ce93298a35b:group-6E6BBB98B26F] INFO  impl.StateMachineUpdater (StateMachineUpdater.java:takeSnapshot(242)) - StateMachineUpdater:dc9e03c0-8020-4c07-86bb-8ce93298a35b:group-6E6BBB98B26F: Took a snapshot at index 13
2019-09-04 02:52:26,219 [StateMachineUpdater:dce5e157-40d9-4523-b22e-1358f0218fe7:group-806C3156DE83] INFO  impl.StateMachineUpdater (StateMachineUpdater.java:lambda$new$0(80)) - StateMachineUpdater:dce5e157-40d9-4523-b22e-1358f0218fe7:group-806C3156DE83: snapshotIndex: updateIncreasingly -1 -> 28
2019-09-04 02:52:26,219 [StateMachineUpdater:dc9e03c0-8020-4c07-86bb-8ce93298a35b:group-6E6BBB98B26F] INFO  impl.StateMachineUpdater (StateMachineUpdater.java:lambda$new$0(80)) - StateMachineUpdater:dc9e03c0-8020-4c07-86bb-8ce93298a35b:group-6E6BBB98B26F: snapshotIndex: updateIncreasingly -1 -> 13
2019-09-04 02:52:26,219 [ForkJoinPool.commonPool-worker-0] INFO  impl.RaftServerImpl (ServerState.java:close(394)) - dce5e157-40d9-4523-b22e-1358f0218fe7:group-806C3156DE83 closes. The last applied log index is 28
2019-09-04 02:52:26,219 [main] INFO  impl.RaftServerImpl (ServerState.java:close(394)) - dc9e03c0-8020-4c07-86bb-8ce93298a35b:group-6E6BBB98B26F closes. The last applied log index is 15
2019-09-04 02:52:26,220 [dce5e157-40d9-4523-b22e-1358f0218fe7-SegmentedRaftLogWorker:Storage Directory /workdir/hadoop-ozone/integration-test/target/test-dir/MiniOzoneClusterImpl-3bb735bc-39a8-4554-8887-bfbd0a1de759/datanode-1/data/ratis/69585f61-d2a9-436a-8f53-806c3156de83] INFO  segmented.SegmentedRaftLogWorker (SegmentedRaftLogWorker.java:run(313)) - dce5e157-40d9-4523-b22e-1358f0218fe7-SegmentedRaftLogWorker:Storage Directory /workdir/hadoop-ozone/integration-test/target/test-dir/MiniOzoneClusterImpl-3bb735bc-39a8-4554-8887-bfbd0a1de759/datanode-1/data/ratis/69585f61-d2a9-436a-8f53-806c3156de83 was interrupted, exiting. There are 0 tasks remaining in the queue.
2019-09-04 02:52:26,220 [dc9e03c0-8020-4c07-86bb-8ce93298a35b-SegmentedRaftLogWorker:Storage Directory /workdir/hadoop-ozone/integration-test/target/test-dir/MiniOzoneClusterImpl-3bb735bc-39a8-4554-8887-bfbd0a1de759/datanode-4/data/ratis/59ae4df0-3e99-49ee-8001-6e6bbb98b26f] INFO  segmented.SegmentedRaftLogWorker (SegmentedRaftLogWorker.java:run(313)) - dc9e03c0-8020-4c07-86bb-8ce93298a35b-SegmentedRaftLogWorker:Storage Directory /workdir/hadoop-ozone/integration-test/target/test-dir/MiniOzoneClusterImpl-3bb735bc-39a8-4554-8887-bfbd0a1de759/datanode-4/data/ratis/59ae4df0-3e99-49ee-8001-6e6bbb98b26f was interrupted, exiting. There are 0 tasks remaining in the queue.
2019-09-04 02:52:26,222 [ForkJoinPool.commonPool-worker-0] INFO  segmented.SegmentedRaftLogWorker (SegmentedRaftLogWorker.java:close(228)) - dce5e157-40d9-4523-b22e-1358f0218fe7-SegmentedRaftLogWorker:Storage Directory /workdir/hadoop-ozone/integration-test/target/test-dir/MiniOzoneClusterImpl-3bb735bc-39a8-4554-8887-bfbd0a1de759/datanode-1/data/ratis/69585f61-d2a9-436a-8f53-806c3156de83 close()
2019-09-04 02:52:26,224 [main] INFO  segmented.SegmentedRaftLogWorker (SegmentedRaftLogWorker.java:close(228)) - dc9e03c0-8020-4c07-86bb-8ce93298a35b-SegmentedRaftLogWorker:Storage Directory /workdir/hadoop-ozone/integration-test/target/test-dir/MiniOzoneClusterImpl-3bb735bc-39a8-4554-8887-bfbd0a1de759/datanode-4/data/ratis/59ae4df0-3e99-49ee-8001-6e6bbb98b26f close()
2019-09-04 02:52:26,227 [ForkJoinPool.commonPool-worker-0] INFO  impl.RaftServerImpl (RaftServerImpl.java:lambda$shutdown$3(245)) - dce5e157-40d9-4523-b22e-1358f0218fe7: shutdown group-61F618D539F3
2019-09-04 02:52:26,231 [main] INFO  impl.RaftServerImpl (RaftServerImpl.java:lambda$shutdown$3(245)) - dc9e03c0-8020-4c07-86bb-8ce93298a35b: shutdown group-8138C468AE7D
2019-09-04 02:52:26,231 [ForkJoinPool.commonPool-worker-0] INFO  util.JmxRegister (JmxRegister.java:unregister(73)) - Successfully un-registered JMX Bean with object name Ratis:service=RaftServer,group=group-61F618D539F3,id=dce5e157-40d9-4523-b22e-1358f0218fe7
2019-09-04 02:52:26,231 [main] INFO  util.JmxRegister (JmxRegister.java:unregister(73)) - Successfully un-registered JMX Bean with object name Ratis:service=RaftServer,group=group-8138C468AE7D,id=dc9e03c0-8020-4c07-86bb-8ce93298a35b
2019-09-04 02:52:26,232 [ForkJoinPool.commonPool-worker-0] INFO  impl.RoleInfo (RoleInfo.java:shutdownLeaderState(104)) - dce5e157-40d9-4523-b22e-1358f0218fe7: shutdown LeaderState
2019-09-04 02:52:26,232 [main] INFO  impl.RoleInfo (RoleInfo.java:shutdownLeaderState(104)) - dc9e03c0-8020-4c07-86bb-8ce93298a35b: shutdown LeaderState
2019-09-04 02:52:26,232 [ForkJoinPool.commonPool-worker-0] INFO  impl.PendingRequests (PendingRequests.java:sendNotLeaderResponses(202)) - dce5e157-40d9-4523-b22e-1358f0218fe7-PendingRequests: sendNotLeaderResponses
2019-09-04 02:52:26,233 [main] INFO  impl.PendingRequests (PendingRequests.java:sendNotLeaderResponses(202)) - dc9e03c0-8020-4c07-86bb-8ce93298a35b-PendingRequests: sendNotLeaderResponses
2019-09-04 02:52:26,233 [ForkJoinPool.commonPool-worker-0] INFO  impl.StateMachineUpdater (StateMachineUpdater.java:stopAndJoin(115)) - StateMachineUpdater:dce5e157-40d9-4523-b22e-1358f0218fe7:group-61F618D539F3: set stopIndex = 0
2019-09-04 02:52:26,233 [main] INFO  impl.StateMachineUpdater (StateMachineUpdater.java:stopAndJoin(115)) - StateMachineUpdater:dc9e03c0-8020-4c07-86bb-8ce93298a35b:group-8138C468AE7D: set stopIndex = 0
2019-09-04 02:52:26,234 [ForkJoinPool.commonPool-worker-0] INFO  impl.RaftServerImpl (ServerState.java:close(394)) - dce5e157-40d9-4523-b22e-1358f0218fe7:group-61F618D539F3 closes. The last applied log index is 0
2019-09-04 02:52:26,234 [main] INFO  impl.RaftServerImpl (ServerState.java:close(394)) - dc9e03c0-8020-4c07-86bb-8ce93298a35b:group-8138C468AE7D closes. The last applied log index is 0
2019-09-04 02:52:26,234 [dce5e157-40d9-4523-b22e-1358f0218fe7-SegmentedRaftLogWorker:Storage Directory /workdir/hadoop-ozone/integration-test/target/test-dir/MiniOzoneClusterImpl-3bb735bc-39a8-4554-8887-bfbd0a1de759/datanode-1/data/ratis/f4c544ca-887f-4c9f-a693-61f618d539f3] INFO  segmented.SegmentedRaftLogWorker (SegmentedRaftLogWorker.java:run(313)) - dce5e157-40d9-4523-b22e-1358f0218fe7-SegmentedRaftLogWorker:Storage Directory /workdir/hadoop-ozone/integration-test/target/test-dir/MiniOzoneClusterImpl-3bb735bc-39a8-4554-8887-bfbd0a1de759/datanode-1/data/ratis/f4c544ca-887f-4c9f-a693-61f618d539f3 was interrupted, exiting. There are 0 tasks remaining in the queue.
2019-09-04 02:52:26,235 [dc9e03c0-8020-4c07-86bb-8ce93298a35b-SegmentedRaftLogWorker:Storage Directory /workdir/hadoop-ozone/integration-test/target/test-dir/MiniOzoneClusterImpl-3bb735bc-39a8-4554-8887-bfbd0a1de759/datanode-4/data/ratis/9b730249-8bad-45e0-9607-8138c468ae7d] INFO  segmented.SegmentedRaftLogWorker (SegmentedRaftLogWorker.java:run(313)) - dc9e03c0-8020-4c07-86bb-8ce93298a35b-SegmentedRaftLogWorker:Storage Directory /workdir/hadoop-ozone/integration-test/target/test-dir/MiniOzoneClusterImpl-3bb735bc-39a8-4554-8887-bfbd0a1de759/datanode-4/data/ratis/9b730249-8bad-45e0-9607-8138c468ae7d was interrupted, exiting. There are 0 tasks remaining in the queue.
2019-09-04 02:52:26,237 [ForkJoinPool.commonPool-worker-0] INFO  segmented.SegmentedRaftLogWorker (SegmentedRaftLogWorker.java:close(228)) - dce5e157-40d9-4523-b22e-1358f0218fe7-SegmentedRaftLogWorker:Storage Directory /workdir/hadoop-ozone/integration-test/target/test-dir/MiniOzoneClusterImpl-3bb735bc-39a8-4554-8887-bfbd0a1de759/datanode-1/data/ratis/f4c544ca-887f-4c9f-a693-61f618d539f3 close()
2019-09-04 02:52:26,238 [main] INFO  segmented.SegmentedRaftLogWorker (SegmentedRaftLogWorker.java:close(228)) - dc9e03c0-8020-4c07-86bb-8ce93298a35b-SegmentedRaftLogWorker:Storage Directory /workdir/hadoop-ozone/integration-test/target/test-dir/MiniOzoneClusterImpl-3bb735bc-39a8-4554-8887-bfbd0a1de759/datanode-4/data/ratis/9b730249-8bad-45e0-9607-8138c468ae7d close()
2019-09-04 02:52:26,242 [ForkJoinPool.commonPool-worker-0] INFO  server.GrpcService (GrpcService.java:closeImpl(155)) - dce5e157-40d9-4523-b22e-1358f0218fe7: shutdown server with port 38536 now
2019-09-04 02:52:26,245 [main] INFO  server.GrpcService (GrpcService.java:closeImpl(155)) - dc9e03c0-8020-4c07-86bb-8ce93298a35b: shutdown server with port 33654 now
2019-09-04 02:52:26,245 [ForkJoinPool.commonPool-worker-0] INFO  server.GrpcService (GrpcService.java:closeImpl(163)) - dce5e157-40d9-4523-b22e-1358f0218fe7: shutdown server with port 38536 successfully
2019-09-04 02:52:26,246 [grpc-default-executor-0] WARN  client.GrpcClientProtocolService (LogUtils.java:warn(134)) - 1-UnorderedRequestStreamObserver1: onError: org.apache.ratis.thirdparty.io.grpc.StatusRuntimeException: CANCELLED: cancelled before receiving half close
2019-09-04 02:52:26,246 [main] INFO  server.GrpcService (GrpcService.java:closeImpl(163)) - dc9e03c0-8020-4c07-86bb-8ce93298a35b: shutdown server with port 33654 successfully
2019-09-04 02:52:26,247 [ForkJoinPool.commonPool-worker-0] INFO  utils.BackgroundService (BackgroundService.java:shutdown(148)) - Shutting down service BlockDeletingService
2019-09-04 02:52:26,249 [main] INFO  utils.BackgroundService (BackgroundService.java:shutdown(148)) - Shutting down service BlockDeletingService
2019-09-04 02:52:26,253 [refreshUsed-/workdir/hadoop-ozone/integration-test/target/test-dir/MiniOzoneClusterImpl-3bb735bc-39a8-4554-8887-bfbd0a1de759/datanode-1/data/containers] WARN  fs.CachingGetSpaceUsed (CachingGetSpaceUsed.java:run(183)) - Thread Interrupted waiting to refresh disk information: sleep interrupted
2019-09-04 02:52:26,255 [refreshUsed-/workdir/hadoop-ozone/integration-test/target/test-dir/MiniOzoneClusterImpl-3bb735bc-39a8-4554-8887-bfbd0a1de759/datanode-4/data/containers] WARN  fs.CachingGetSpaceUsed (CachingGetSpaceUsed.java:run(183)) - Thread Interrupted waiting to refresh disk information: sleep interrupted
2019-09-04 02:52:26,281 [ForkJoinPool.commonPool-worker-0] INFO  statemachine.DatanodeStateMachine (DatanodeStateMachine.java:stopDaemon(395)) - Ozone container server stopped.
2019-09-04 02:52:26,282 [main] INFO  statemachine.DatanodeStateMachine (DatanodeStateMachine.java:stopDaemon(395)) - Ozone container server stopped.
2019-09-04 02:52:26,287 [ForkJoinPool.commonPool-worker-0] INFO  handler.ContextHandler (ContextHandler.java:doStop(910)) - Stopped o.e.j.w.WebAppContext@41acf2f1{/,null,UNAVAILABLE}{/hddsDatanode}
2019-09-04 02:52:26,287 [main] INFO  handler.ContextHandler (ContextHandler.java:doStop(910)) - Stopped o.e.j.w.WebAppContext@18ac2dfe{/,null,UNAVAILABLE}{/hddsDatanode}
2019-09-04 02:52:26,287 [ForkJoinPool.commonPool-worker-0] INFO  server.AbstractConnector (AbstractConnector.java:doStop(318)) - Stopped ServerConnector@66f88fd3{HTTP/1.1,[http/1.1]}{0.0.0.0:0}
2019-09-04 02:52:26,288 [main] INFO  server.AbstractConnector (AbstractConnector.java:doStop(318)) - Stopped ServerConnector@761d679f{HTTP/1.1,[http/1.1]}{0.0.0.0:0}
2019-09-04 02:52:26,289 [ForkJoinPool.commonPool-worker-0] INFO  handler.ContextHandler (ContextHandler.java:doStop(910)) - Stopped o.e.j.s.ServletContextHandler@197c3101{/static,jar:file:/home/user/.m2/repository/org/apache/hadoop/hadoop-hdds-container-service/0.5.0-SNAPSHOT/hadoop-hdds-container-service-0.5.0-SNAPSHOT.jar!/webapps/static,UNAVAILABLE}
2019-09-04 02:52:26,289 [main] INFO  handler.ContextHandler (ContextHandler.java:doStop(910)) - Stopped o.e.j.s.ServletContextHandler@55fb9e52{/static,jar:file:/home/user/.m2/repository/org/apache/hadoop/hadoop-hdds-container-service/0.5.0-SNAPSHOT/hadoop-hdds-container-service-0.5.0-SNAPSHOT.jar!/webapps/static,UNAVAILABLE}
2019-09-04 02:52:26,290 [ForkJoinPool.commonPool-worker-0] INFO  handler.ContextHandler (ContextHandler.java:doStop(910)) - Stopped o.e.j.s.ServletContextHandler@759862a2{/logs,file:///workdir/hadoop-ozone/integration-test/target/log,UNAVAILABLE}
2019-09-04 02:52:26,291 [main] INFO  handler.ContextHandler (ContextHandler.java:doStop(910)) - Stopped o.e.j.s.ServletContextHandler@13553828{/logs,file:///workdir/hadoop-ozone/integration-test/target/log,UNAVAILABLE}
2019-09-04 02:52:26,292 [ForkJoinPool.commonPool-worker-0] INFO  datanode.ObjectStoreHandler (ObjectStoreHandler.java:close(155)) - Closing ObjectStoreHandler.
2019-09-04 02:52:26,292 [main] INFO  datanode.ObjectStoreHandler (ObjectStoreHandler.java:close(155)) - Closing ObjectStoreHandler.
2019-09-04 02:52:26,293 [ForkJoinPool.commonPool-worker-0] INFO  ozone.HddsDatanodeService (HddsDatanodeService.java:stop(451)) - Stopped plug-in org.apache.hadoop.ozone.web.OzoneHddsDatanodeService@5f65a6d7
2019-09-04 02:52:26,293 [main] INFO  ozone.HddsDatanodeService (HddsDatanodeService.java:stop(451)) - Stopped plug-in org.apache.hadoop.ozone.web.OzoneHddsDatanodeService@291fba9
2019-09-04 02:52:26,650 | INFO  | SCMAudit | user=jenkins1000 | ip=192.168.69.105 | op=SEND_HEARTBEAT {datanodeUUID=286cf2fc-8844-46ee-9444-4b1ba8aaca71, command=[]} | ret=SUCCESS |  
2019-09-04 02:52:26,805 [Datanode State Machine Thread - 0] INFO  statemachine.DatanodeStateMachine (DatanodeStateMachine.java:lambda$startDaemon$0(350)) - Ozone container server started.
2019-09-04 02:52:26,806 | INFO  | SCMAudit | user=jenkins1000 | ip=192.168.69.105 | op=SEND_HEARTBEAT {datanodeUUID=fa558e8a-2244-404c-aea9-82357d9e09e8, command=[commandType: closeContainerCommand closeContainerCommandProto { containerID: 2 pipelineID { id: "59ae4df0-3e99-49ee-8001-6e6bbb98b26f" } cmdId: 2 force: false } ]} | ret=SUCCESS |  
2019-09-04 02:52:27,207 [Datanode State Machine Thread - 0] INFO  statemachine.DatanodeStateMachine (DatanodeStateMachine.java:lambda$startDaemon$0(350)) - Ozone container server started.
2019-09-04 02:52:27,207 [java.util.concurrent.ThreadPoolExecutor$Worker@2991e8e8[State = -1, empty queue]] ERROR client.GrpcClientRpc (GrpcClientRpc.java:sendRequestAsyncUnordered(82)) - client-97E3E93305C8: XXX Failed RaftClientRequest:client-97E3E93305C8->154d8629-f136-4e53-aadf-9bd077e86354@group-806C3156DE83, cid=190, seq=0, Watch-ALL_COMMITTED(22), null
org.apache.ratis.protocol.AlreadyClosedException: client-97E3E93305C8 is already CLOSED
	at org.apache.ratis.util.PeerProxyMap$PeerAndProxy.getProxy(PeerProxyMap.java:58)
	at org.apache.ratis.util.PeerProxyMap.getProxy(PeerProxyMap.java:107)
	at org.apache.ratis.grpc.client.GrpcClientRpc.sendRequestAsyncUnordered(GrpcClientRpc.java:78)
	at org.apache.ratis.client.impl.UnorderedAsync.sendRequestWithRetry(UnorderedAsync.java:75)
	at org.apache.ratis.client.impl.UnorderedAsync.lambda$null$2(UnorderedAsync.java:120)
	at org.apache.ratis.util.TimeoutScheduler.lambda$onTimeout$0(TimeoutScheduler.java:85)
	at org.apache.ratis.util.TimeoutScheduler.lambda$onTimeout$1(TimeoutScheduler.java:104)
	at org.apache.ratis.util.LogUtils.runAndLog(LogUtils.java:50)
	at org.apache.ratis.util.LogUtils$1.run(LogUtils.java:91)
	at java.util.concurrent.Executors$RunnableAdapter.call(Executors.java:511)
	at java.util.concurrent.FutureTask.run(FutureTask.java:266)
	at java.util.concurrent.ScheduledThreadPoolExecutor$ScheduledFutureTask.access$201(ScheduledThreadPoolExecutor.java:180)
	at java.util.concurrent.ScheduledThreadPoolExecutor$ScheduledFutureTask.run(ScheduledThreadPoolExecutor.java:293)
	at java.util.concurrent.ThreadPoolExecutor.runWorker(ThreadPoolExecutor.java:1149)
	at java.util.concurrent.ThreadPoolExecutor$Worker.run(ThreadPoolExecutor.java:624)
	at java.lang.Thread.run(Thread.java:748)
2019-09-04 02:52:27,650 | INFO  | SCMAudit | user=jenkins1000 | ip=192.168.69.105 | op=SEND_HEARTBEAT {datanodeUUID=286cf2fc-8844-46ee-9444-4b1ba8aaca71, command=[]} | ret=SUCCESS |  
2019-09-04 02:52:27,806 | INFO  | SCMAudit | user=jenkins1000 | ip=192.168.69.105 | op=SEND_HEARTBEAT {datanodeUUID=fa558e8a-2244-404c-aea9-82357d9e09e8, command=[]} | ret=SUCCESS |  
2019-09-04 02:52:28,651 | INFO  | SCMAudit | user=jenkins1000 | ip=192.168.69.105 | op=SEND_HEARTBEAT {datanodeUUID=286cf2fc-8844-46ee-9444-4b1ba8aaca71, command=[]} | ret=SUCCESS |  
2019-09-04 02:52:28,806 | INFO  | SCMAudit | user=jenkins1000 | ip=192.168.69.105 | op=SEND_HEARTBEAT {datanodeUUID=fa558e8a-2244-404c-aea9-82357d9e09e8, command=[]} | ret=SUCCESS |  
2019-09-04 02:52:28,832 | INFO  | SCMAudit | user=jenkins1000 | ip=192.168.69.105 | op=SEND_HEARTBEAT {datanodeUUID=fa558e8a-2244-404c-aea9-82357d9e09e8, command=[]} | ret=SUCCESS |  
2019-09-04 02:52:29,212 [java.util.concurrent.ThreadPoolExecutor$Worker@2991e8e8[State = -1, empty queue]] ERROR client.GrpcClientRpc (GrpcClientRpc.java:sendRequestAsyncUnordered(82)) - client-97E3E93305C8: XXX Failed RaftClientRequest:client-97E3E93305C8->b1e4c1b6-3c4e-42d0-bbe8-a94c9c1f6655@group-806C3156DE83, cid=190, seq=0, Watch-ALL_COMMITTED(22), null
org.apache.ratis.protocol.AlreadyClosedException: client-97E3E93305C8 is already CLOSED
	at org.apache.ratis.util.PeerProxyMap$PeerAndProxy.getProxy(PeerProxyMap.java:58)
	at org.apache.ratis.util.PeerProxyMap.getProxy(PeerProxyMap.java:107)
	at org.apache.ratis.grpc.client.GrpcClientRpc.sendRequestAsyncUnordered(GrpcClientRpc.java:78)
	at org.apache.ratis.client.impl.UnorderedAsync.sendRequestWithRetry(UnorderedAsync.java:75)
	at org.apache.ratis.client.impl.UnorderedAsync.lambda$null$2(UnorderedAsync.java:120)
	at org.apache.ratis.util.TimeoutScheduler.lambda$onTimeout$0(TimeoutScheduler.java:85)
	at org.apache.ratis.util.TimeoutScheduler.lambda$onTimeout$1(TimeoutScheduler.java:104)
	at org.apache.ratis.util.LogUtils.runAndLog(LogUtils.java:50)
	at org.apache.ratis.util.LogUtils$1.run(LogUtils.java:91)
	at java.util.concurrent.Executors$RunnableAdapter.call(Executors.java:511)
	at java.util.concurrent.FutureTask.run(FutureTask.java:266)
	at java.util.concurrent.ScheduledThreadPoolExecutor$ScheduledFutureTask.access$201(ScheduledThreadPoolExecutor.java:180)
	at java.util.concurrent.ScheduledThreadPoolExecutor$ScheduledFutureTask.run(ScheduledThreadPoolExecutor.java:293)
	at java.util.concurrent.ThreadPoolExecutor.runWorker(ThreadPoolExecutor.java:1149)
	at java.util.concurrent.ThreadPoolExecutor$Worker.run(ThreadPoolExecutor.java:624)
	at java.lang.Thread.run(Thread.java:748)
2019-09-04 02:52:29,650 | INFO  | SCMAudit | user=jenkins1000 | ip=192.168.69.105 | op=SEND_HEARTBEAT {datanodeUUID=286cf2fc-8844-46ee-9444-4b1ba8aaca71, command=[]} | ret=SUCCESS |  
2019-09-04 02:52:29,832 | INFO  | SCMAudit | user=jenkins1000 | ip=192.168.69.105 | op=SEND_HEARTBEAT {datanodeUUID=fa558e8a-2244-404c-aea9-82357d9e09e8, command=[]} | ret=SUCCESS |  
2019-09-04 02:52:30,219 [Thread-3589] INFO  client.GrpcClientProtocolService (GrpcClientProtocolService.java:lambda$processClientRequest$0(278)) - Failed RaftClientRequest:client-97E3E93305C8->b1e4c1b6-3c4e-42d0-bbe8-a94c9c1f6655@group-806C3156DE83, cid=190, seq=0, Watch-ALL_COMMITTED(22), Message:<EMPTY>, reply=RaftClientReply:client-97E3E93305C8->b1e4c1b6-3c4e-42d0-bbe8-a94c9c1f6655@group-806C3156DE83, cid=190, FAILED org.apache.ratis.protocol.NotLeaderException: Server b1e4c1b6-3c4e-42d0-bbe8-a94c9c1f6655 is not the leader (dce5e157-40d9-4523-b22e-1358f0218fe7:192.168.69.105:38536). Request must be sent to leader., logIndex=0, commits[b1e4c1b6-3c4e-42d0-bbe8-a94c9c1f6655:c28, dce5e157-40d9-4523-b22e-1358f0218fe7:c28, 154d8629-f136-4e53-aadf-9bd077e86354:c16]
2019-09-04 02:52:30,224 [grpc-default-executor-6] INFO  client.GrpcClientProtocolClient (GrpcClientProtocolClient.java:onNext(255)) - client-97E3E93305C8->b1e4c1b6-3c4e-42d0-bbe8-a94c9c1f6655: receive RaftClientReply:client-97E3E93305C8->b1e4c1b6-3c4e-42d0-bbe8-a94c9c1f6655@group-806C3156DE83, cid=190, FAILED org.apache.ratis.protocol.NotLeaderException: Server b1e4c1b6-3c4e-42d0-bbe8-a94c9c1f6655 is not the leader (dce5e157-40d9-4523-b22e-1358f0218fe7:192.168.69.105:38536). Request must be sent to leader., logIndex=0, commits[b1e4c1b6-3c4e-42d0-bbe8-a94c9c1f6655:c28, dce5e157-40d9-4523-b22e-1358f0218fe7:c28, 154d8629-f136-4e53-aadf-9bd077e86354:c16]
2019-09-04 02:52:30,650 | INFO  | SCMAudit | user=jenkins1000 | ip=192.168.69.105 | op=SEND_HEARTBEAT {datanodeUUID=286cf2fc-8844-46ee-9444-4b1ba8aaca71, command=[]} | ret=SUCCESS |  
2019-09-04 02:52:30,824 [EventQueue-StaleNodeForStaleNodeHandler] INFO  node.StaleNodeHandler (StaleNodeHandler.java:onMessage(58)) - Datanode 52e0c0e6-3dc5-428d-bf4a-8d3652f6b397{ip: 192.168.69.105, host: pr-hdds-1571-zhvv9-3536733312, networkLocation: /default-rack, certSerialId: null} moved to stale state. Finalizing its pipelines [PipelineID=59ae4df0-3e99-49ee-8001-6e6bbb98b26f, PipelineID=e89fffea-2bd7-461c-986c-ef092c204657]
2019-09-04 02:52:30,824 [EventQueue-StaleNodeForStaleNodeHandler] INFO  pipeline.SCMPipelineManager (SCMPipelineManager.java:finalizeAndDestroyPipeline(309)) - destroying pipeline:Pipeline[ Id: 59ae4df0-3e99-49ee-8001-6e6bbb98b26f, Nodes: 52e0c0e6-3dc5-428d-bf4a-8d3652f6b397{ip: 192.168.69.105, host: pr-hdds-1571-zhvv9-3536733312, networkLocation: /default-rack, certSerialId: null}dc9e03c0-8020-4c07-86bb-8ce93298a35b{ip: 192.168.69.105, host: pr-hdds-1571-zhvv9-3536733312, networkLocation: /default-rack, certSerialId: null}fa558e8a-2244-404c-aea9-82357d9e09e8{ip: 192.168.69.105, host: pr-hdds-1571-zhvv9-3536733312, networkLocation: /default-rack, certSerialId: null}, Type:RATIS, Factor:THREE, State:CLOSED]
2019-09-04 02:52:30,825 [EventQueue-StaleNodeForStaleNodeHandler] INFO  pipeline.SCMPipelineManager (SCMPipelineManager.java:finalizeAndDestroyPipeline(309)) - destroying pipeline:Pipeline[ Id: e89fffea-2bd7-461c-986c-ef092c204657, Nodes: 52e0c0e6-3dc5-428d-bf4a-8d3652f6b397{ip: 192.168.69.105, host: pr-hdds-1571-zhvv9-3536733312, networkLocation: /default-rack, certSerialId: null}, Type:RATIS, Factor:ONE, State:OPEN]
2019-09-04 02:52:30,825 [EventQueue-StaleNodeForStaleNodeHandler] INFO  pipeline.PipelineStateManager (PipelineStateManager.java:finalizePipeline(123)) - Pipeline Pipeline[ Id: e89fffea-2bd7-461c-986c-ef092c204657, Nodes: 52e0c0e6-3dc5-428d-bf4a-8d3652f6b397{ip: 192.168.69.105, host: pr-hdds-1571-zhvv9-3536733312, networkLocation: /default-rack, certSerialId: null}, Type:RATIS, Factor:ONE, State:CLOSED] moved to CLOSED state
2019-09-04 02:52:30,833 | INFO  | SCMAudit | user=jenkins1000 | ip=192.168.69.105 | op=SEND_HEARTBEAT {datanodeUUID=fa558e8a-2244-404c-aea9-82357d9e09e8, command=[]} | ret=SUCCESS |  
2019-09-04 02:52:31,225 [EventQueue-StaleNodeForStaleNodeHandler] INFO  node.StaleNodeHandler (StaleNodeHandler.java:onMessage(58)) - Datanode b1e4c1b6-3c4e-42d0-bbe8-a94c9c1f6655{ip: 192.168.69.105, host: pr-hdds-1571-zhvv9-3536733312, networkLocation: /default-rack, certSerialId: null} moved to stale state. Finalizing its pipelines [PipelineID=69585f61-d2a9-436a-8f53-806c3156de83, PipelineID=4fd200c8-e765-49f2-ad3a-bc1ce0112a3f]
2019-09-04 02:52:31,225 [EventQueue-StaleNodeForStaleNodeHandler] INFO  pipeline.SCMPipelineManager (SCMPipelineManager.java:finalizeAndDestroyPipeline(309)) - destroying pipeline:Pipeline[ Id: 69585f61-d2a9-436a-8f53-806c3156de83, Nodes: 154d8629-f136-4e53-aadf-9bd077e86354{ip: 192.168.69.105, host: pr-hdds-1571-zhvv9-3536733312, networkLocation: /default-rack, certSerialId: null}b1e4c1b6-3c4e-42d0-bbe8-a94c9c1f6655{ip: 192.168.69.105, host: pr-hdds-1571-zhvv9-3536733312, networkLocation: /default-rack, certSerialId: null}dce5e157-40d9-4523-b22e-1358f0218fe7{ip: 192.168.69.105, host: pr-hdds-1571-zhvv9-3536733312, networkLocation: /default-rack, certSerialId: null}, Type:RATIS, Factor:THREE, State:CLOSED]
2019-09-04 02:52:31,225 [EventQueue-StaleNodeForStaleNodeHandler] INFO  pipeline.SCMPipelineManager (SCMPipelineManager.java:finalizeAndDestroyPipeline(309)) - destroying pipeline:Pipeline[ Id: 4fd200c8-e765-49f2-ad3a-bc1ce0112a3f, Nodes: b1e4c1b6-3c4e-42d0-bbe8-a94c9c1f6655{ip: 192.168.69.105, host: pr-hdds-1571-zhvv9-3536733312, networkLocation: /default-rack, certSerialId: null}, Type:RATIS, Factor:ONE, State:OPEN]
2019-09-04 02:52:31,226 [EventQueue-StaleNodeForStaleNodeHandler] INFO  pipeline.PipelineStateManager (PipelineStateManager.java:finalizePipeline(123)) - Pipeline Pipeline[ Id: 4fd200c8-e765-49f2-ad3a-bc1ce0112a3f, Nodes: b1e4c1b6-3c4e-42d0-bbe8-a94c9c1f6655{ip: 192.168.69.105, host: pr-hdds-1571-zhvv9-3536733312, networkLocation: /default-rack, certSerialId: null}, Type:RATIS, Factor:ONE, State:CLOSED] moved to CLOSED state
2019-09-04 02:52:31,293 [ForkJoinPool.commonPool-worker-0] INFO  ozoneimpl.OzoneContainer (OzoneContainer.java:stop(199)) - Attempting to stop container services.
2019-09-04 02:52:31,294 [main] INFO  ozoneimpl.OzoneContainer (OzoneContainer.java:stop(199)) - Attempting to stop container services.
2019-09-04 02:52:31,294 [ForkJoinPool.commonPool-worker-0] INFO  impl.RaftServerProxy (RaftServerProxy.java:lambda$close$4(314)) - b1e4c1b6-3c4e-42d0-bbe8-a94c9c1f6655: close
2019-09-04 02:52:31,294 [main] INFO  impl.RaftServerProxy (RaftServerProxy.java:lambda$close$4(314)) - 52e0c0e6-3dc5-428d-bf4a-8d3652f6b397: close
2019-09-04 02:52:31,294 [ForkJoinPool.commonPool-worker-0] INFO  impl.RaftServerImpl (RaftServerImpl.java:lambda$shutdown$3(245)) - b1e4c1b6-3c4e-42d0-bbe8-a94c9c1f6655: shutdown group-806C3156DE83
2019-09-04 02:52:31,294 [main] INFO  impl.RaftServerImpl (RaftServerImpl.java:lambda$shutdown$3(245)) - 52e0c0e6-3dc5-428d-bf4a-8d3652f6b397: shutdown group-6E6BBB98B26F
2019-09-04 02:52:31,295 [ForkJoinPool.commonPool-worker-0] INFO  util.JmxRegister (JmxRegister.java:unregister(73)) - Successfully un-registered JMX Bean with object name Ratis:service=RaftServer,group=group-806C3156DE83,id=b1e4c1b6-3c4e-42d0-bbe8-a94c9c1f6655
2019-09-04 02:52:31,295 [main] INFO  util.JmxRegister (JmxRegister.java:unregister(73)) - Successfully un-registered JMX Bean with object name Ratis:service=RaftServer,group=group-6E6BBB98B26F,id=52e0c0e6-3dc5-428d-bf4a-8d3652f6b397
2019-09-04 02:52:31,295 [ForkJoinPool.commonPool-worker-0] INFO  impl.RoleInfo (RoleInfo.java:shutdownFollowerState(121)) - b1e4c1b6-3c4e-42d0-bbe8-a94c9c1f6655: shutdown FollowerState
2019-09-04 02:52:31,295 [main] INFO  impl.RoleInfo (RoleInfo.java:shutdownFollowerState(121)) - 52e0c0e6-3dc5-428d-bf4a-8d3652f6b397: shutdown FollowerState
2019-09-04 02:52:31,296 [Thread-3385] INFO  impl.FollowerState (FollowerState.java:run(114)) - b1e4c1b6-3c4e-42d0-bbe8-a94c9c1f6655: FollowerState was interrupted: java.lang.InterruptedException: sleep interrupted
2019-09-04 02:52:31,296 [StateMachineUpdater:b1e4c1b6-3c4e-42d0-bbe8-a94c9c1f6655:group-806C3156DE83] INFO  ratis.ContainerStateMachine (ContainerStateMachine.java:takeSnapshot(283)) - group-806C3156DE83: Taking a snapshot at:(t:1, i:27) file /workdir/hadoop-ozone/integration-test/target/test-dir/MiniOzoneClusterImpl-3bb735bc-39a8-4554-8887-bfbd0a1de759/datanode-2/data/ratis/69585f61-d2a9-436a-8f53-806c3156de83/sm/snapshot.1_27
2019-09-04 02:52:31,296 [Thread-3406] INFO  impl.FollowerState (FollowerState.java:run(114)) - 52e0c0e6-3dc5-428d-bf4a-8d3652f6b397: FollowerState was interrupted: java.lang.InterruptedException: sleep interrupted
2019-09-04 02:52:31,296 [ForkJoinPool.commonPool-worker-0] INFO  impl.StateMachineUpdater (StateMachineUpdater.java:stopAndJoin(115)) - StateMachineUpdater:b1e4c1b6-3c4e-42d0-bbe8-a94c9c1f6655:group-806C3156DE83: set stopIndex = 28
2019-09-04 02:52:31,296 [StateMachineUpdater:52e0c0e6-3dc5-428d-bf4a-8d3652f6b397:group-6E6BBB98B26F] INFO  ratis.ContainerStateMachine (ContainerStateMachine.java:takeSnapshot(283)) - group-6E6BBB98B26F: Taking a snapshot at:(t:1, i:13) file /workdir/hadoop-ozone/integration-test/target/test-dir/MiniOzoneClusterImpl-3bb735bc-39a8-4554-8887-bfbd0a1de759/datanode-3/data/ratis/59ae4df0-3e99-49ee-8001-6e6bbb98b26f/sm/snapshot.1_13
2019-09-04 02:52:31,296 [main] INFO  impl.StateMachineUpdater (StateMachineUpdater.java:stopAndJoin(115)) - StateMachineUpdater:52e0c0e6-3dc5-428d-bf4a-8d3652f6b397:group-6E6BBB98B26F: set stopIndex = 15
2019-09-04 02:52:31,307 [StateMachineUpdater:52e0c0e6-3dc5-428d-bf4a-8d3652f6b397:group-6E6BBB98B26F] INFO  ratis.ContainerStateMachine (ContainerStateMachine.java:takeSnapshot(294)) - group-6E6BBB98B26F: Finished taking a snapshot at:(t:1, i:13) file:/workdir/hadoop-ozone/integration-test/target/test-dir/MiniOzoneClusterImpl-3bb735bc-39a8-4554-8887-bfbd0a1de759/datanode-3/data/ratis/59ae4df0-3e99-49ee-8001-6e6bbb98b26f/sm/snapshot.1_13 time:11
2019-09-04 02:52:31,307 [StateMachineUpdater:b1e4c1b6-3c4e-42d0-bbe8-a94c9c1f6655:group-806C3156DE83] INFO  ratis.ContainerStateMachine (ContainerStateMachine.java:takeSnapshot(294)) - group-806C3156DE83: Finished taking a snapshot at:(t:1, i:27) file:/workdir/hadoop-ozone/integration-test/target/test-dir/MiniOzoneClusterImpl-3bb735bc-39a8-4554-8887-bfbd0a1de759/datanode-2/data/ratis/69585f61-d2a9-436a-8f53-806c3156de83/sm/snapshot.1_27 time:12
2019-09-04 02:52:31,308 [StateMachineUpdater:b1e4c1b6-3c4e-42d0-bbe8-a94c9c1f6655:group-806C3156DE83] INFO  impl.StateMachineUpdater (StateMachineUpdater.java:takeSnapshot(242)) - StateMachineUpdater:b1e4c1b6-3c4e-42d0-bbe8-a94c9c1f6655:group-806C3156DE83: Took a snapshot at index 27
2019-09-04 02:52:31,307 [StateMachineUpdater:52e0c0e6-3dc5-428d-bf4a-8d3652f6b397:group-6E6BBB98B26F] INFO  impl.StateMachineUpdater (StateMachineUpdater.java:takeSnapshot(242)) - StateMachineUpdater:52e0c0e6-3dc5-428d-bf4a-8d3652f6b397:group-6E6BBB98B26F: Took a snapshot at index 13
2019-09-04 02:52:31,308 [StateMachineUpdater:b1e4c1b6-3c4e-42d0-bbe8-a94c9c1f6655:group-806C3156DE83] INFO  impl.StateMachineUpdater (StateMachineUpdater.java:lambda$new$0(80)) - StateMachineUpdater:b1e4c1b6-3c4e-42d0-bbe8-a94c9c1f6655:group-806C3156DE83: snapshotIndex: updateIncreasingly -1 -> 27
2019-09-04 02:52:31,308 [StateMachineUpdater:52e0c0e6-3dc5-428d-bf4a-8d3652f6b397:group-6E6BBB98B26F] INFO  impl.StateMachineUpdater (StateMachineUpdater.java:lambda$new$0(80)) - StateMachineUpdater:52e0c0e6-3dc5-428d-bf4a-8d3652f6b397:group-6E6BBB98B26F: snapshotIndex: updateIncreasingly -1 -> 13
2019-09-04 02:52:31,308 [ForkJoinPool.commonPool-worker-0] INFO  impl.RaftServerImpl (ServerState.java:close(394)) - b1e4c1b6-3c4e-42d0-bbe8-a94c9c1f6655:group-806C3156DE83 closes. The last applied log index is 28
2019-09-04 02:52:31,308 [main] INFO  impl.RaftServerImpl (ServerState.java:close(394)) - 52e0c0e6-3dc5-428d-bf4a-8d3652f6b397:group-6E6BBB98B26F closes. The last applied log index is 15
2019-09-04 02:52:31,309 [b1e4c1b6-3c4e-42d0-bbe8-a94c9c1f6655-SegmentedRaftLogWorker:Storage Directory /workdir/hadoop-ozone/integration-test/target/test-dir/MiniOzoneClusterImpl-3bb735bc-39a8-4554-8887-bfbd0a1de759/datanode-2/data/ratis/69585f61-d2a9-436a-8f53-806c3156de83] INFO  segmented.SegmentedRaftLogWorker (SegmentedRaftLogWorker.java:run(313)) - b1e4c1b6-3c4e-42d0-bbe8-a94c9c1f6655-SegmentedRaftLogWorker:Storage Directory /workdir/hadoop-ozone/integration-test/target/test-dir/MiniOzoneClusterImpl-3bb735bc-39a8-4554-8887-bfbd0a1de759/datanode-2/data/ratis/69585f61-d2a9-436a-8f53-806c3156de83 was interrupted, exiting. There are 0 tasks remaining in the queue.
2019-09-04 02:52:31,309 [52e0c0e6-3dc5-428d-bf4a-8d3652f6b397-SegmentedRaftLogWorker:Storage Directory /workdir/hadoop-ozone/integration-test/target/test-dir/MiniOzoneClusterImpl-3bb735bc-39a8-4554-8887-bfbd0a1de759/datanode-3/data/ratis/59ae4df0-3e99-49ee-8001-6e6bbb98b26f] INFO  segmented.SegmentedRaftLogWorker (SegmentedRaftLogWorker.java:run(313)) - 52e0c0e6-3dc5-428d-bf4a-8d3652f6b397-SegmentedRaftLogWorker:Storage Directory /workdir/hadoop-ozone/integration-test/target/test-dir/MiniOzoneClusterImpl-3bb735bc-39a8-4554-8887-bfbd0a1de759/datanode-3/data/ratis/59ae4df0-3e99-49ee-8001-6e6bbb98b26f was interrupted, exiting. There are 0 tasks remaining in the queue.
2019-09-04 02:52:31,312 [ForkJoinPool.commonPool-worker-0] INFO  segmented.SegmentedRaftLogWorker (SegmentedRaftLogWorker.java:close(228)) - b1e4c1b6-3c4e-42d0-bbe8-a94c9c1f6655-SegmentedRaftLogWorker:Storage Directory /workdir/hadoop-ozone/integration-test/target/test-dir/MiniOzoneClusterImpl-3bb735bc-39a8-4554-8887-bfbd0a1de759/datanode-2/data/ratis/69585f61-d2a9-436a-8f53-806c3156de83 close()
2019-09-04 02:52:31,313 [main] INFO  segmented.SegmentedRaftLogWorker (SegmentedRaftLogWorker.java:close(228)) - 52e0c0e6-3dc5-428d-bf4a-8d3652f6b397-SegmentedRaftLogWorker:Storage Directory /workdir/hadoop-ozone/integration-test/target/test-dir/MiniOzoneClusterImpl-3bb735bc-39a8-4554-8887-bfbd0a1de759/datanode-3/data/ratis/59ae4df0-3e99-49ee-8001-6e6bbb98b26f close()
2019-09-04 02:52:31,316 [ForkJoinPool.commonPool-worker-0] INFO  impl.RaftServerImpl (RaftServerImpl.java:lambda$shutdown$3(245)) - b1e4c1b6-3c4e-42d0-bbe8-a94c9c1f6655: shutdown group-BC1CE0112A3F
2019-09-04 02:52:31,319 [main] INFO  impl.RaftServerImpl (RaftServerImpl.java:lambda$shutdown$3(245)) - 52e0c0e6-3dc5-428d-bf4a-8d3652f6b397: shutdown group-EF092C204657
2019-09-04 02:52:31,319 [ForkJoinPool.commonPool-worker-0] INFO  util.JmxRegister (JmxRegister.java:unregister(73)) - Successfully un-registered JMX Bean with object name Ratis:service=RaftServer,group=group-BC1CE0112A3F,id=b1e4c1b6-3c4e-42d0-bbe8-a94c9c1f6655
2019-09-04 02:52:31,320 [main] INFO  util.JmxRegister (JmxRegister.java:unregister(73)) - Successfully un-registered JMX Bean with object name Ratis:service=RaftServer,group=group-EF092C204657,id=52e0c0e6-3dc5-428d-bf4a-8d3652f6b397
2019-09-04 02:52:31,320 [ForkJoinPool.commonPool-worker-0] INFO  impl.RoleInfo (RoleInfo.java:shutdownLeaderState(104)) - b1e4c1b6-3c4e-42d0-bbe8-a94c9c1f6655: shutdown LeaderState
2019-09-04 02:52:31,320 [main] INFO  impl.RoleInfo (RoleInfo.java:shutdownLeaderState(104)) - 52e0c0e6-3dc5-428d-bf4a-8d3652f6b397: shutdown LeaderState
2019-09-04 02:52:31,320 [ForkJoinPool.commonPool-worker-0] INFO  impl.PendingRequests (PendingRequests.java:sendNotLeaderResponses(202)) - b1e4c1b6-3c4e-42d0-bbe8-a94c9c1f6655-PendingRequests: sendNotLeaderResponses
2019-09-04 02:52:31,321 [main] INFO  impl.PendingRequests (PendingRequests.java:sendNotLeaderResponses(202)) - 52e0c0e6-3dc5-428d-bf4a-8d3652f6b397-PendingRequests: sendNotLeaderResponses
2019-09-04 02:52:31,321 [ForkJoinPool.commonPool-worker-0] INFO  impl.StateMachineUpdater (StateMachineUpdater.java:stopAndJoin(115)) - StateMachineUpdater:b1e4c1b6-3c4e-42d0-bbe8-a94c9c1f6655:group-BC1CE0112A3F: set stopIndex = 0
2019-09-04 02:52:31,321 [main] INFO  impl.StateMachineUpdater (StateMachineUpdater.java:stopAndJoin(115)) - StateMachineUpdater:52e0c0e6-3dc5-428d-bf4a-8d3652f6b397:group-EF092C204657: set stopIndex = 0
2019-09-04 02:52:31,321 [ForkJoinPool.commonPool-worker-0] INFO  impl.RaftServerImpl (ServerState.java:close(394)) - b1e4c1b6-3c4e-42d0-bbe8-a94c9c1f6655:group-BC1CE0112A3F closes. The last applied log index is 0
2019-09-04 02:52:31,322 [main] INFO  impl.RaftServerImpl (ServerState.java:close(394)) - 52e0c0e6-3dc5-428d-bf4a-8d3652f6b397:group-EF092C204657 closes. The last applied log index is 0
2019-09-04 02:52:31,322 [b1e4c1b6-3c4e-42d0-bbe8-a94c9c1f6655-SegmentedRaftLogWorker:Storage Directory /workdir/hadoop-ozone/integration-test/target/test-dir/MiniOzoneClusterImpl-3bb735bc-39a8-4554-8887-bfbd0a1de759/datanode-2/data/ratis/4fd200c8-e765-49f2-ad3a-bc1ce0112a3f] INFO  segmented.SegmentedRaftLogWorker (SegmentedRaftLogWorker.java:run(313)) - b1e4c1b6-3c4e-42d0-bbe8-a94c9c1f6655-SegmentedRaftLogWorker:Storage Directory /workdir/hadoop-ozone/integration-test/target/test-dir/MiniOzoneClusterImpl-3bb735bc-39a8-4554-8887-bfbd0a1de759/datanode-2/data/ratis/4fd200c8-e765-49f2-ad3a-bc1ce0112a3f was interrupted, exiting. There are 0 tasks remaining in the queue.
2019-09-04 02:52:31,322 [52e0c0e6-3dc5-428d-bf4a-8d3652f6b397-SegmentedRaftLogWorker:Storage Directory /workdir/hadoop-ozone/integration-test/target/test-dir/MiniOzoneClusterImpl-3bb735bc-39a8-4554-8887-bfbd0a1de759/datanode-3/data/ratis/e89fffea-2bd7-461c-986c-ef092c204657] INFO  segmented.SegmentedRaftLogWorker (SegmentedRaftLogWorker.java:run(313)) - 52e0c0e6-3dc5-428d-bf4a-8d3652f6b397-SegmentedRaftLogWorker:Storage Directory /workdir/hadoop-ozone/integration-test/target/test-dir/MiniOzoneClusterImpl-3bb735bc-39a8-4554-8887-bfbd0a1de759/datanode-3/data/ratis/e89fffea-2bd7-461c-986c-ef092c204657 was interrupted, exiting. There are 0 tasks remaining in the queue.
2019-09-04 02:52:31,324 [ForkJoinPool.commonPool-worker-0] INFO  segmented.SegmentedRaftLogWorker (SegmentedRaftLogWorker.java:close(228)) - b1e4c1b6-3c4e-42d0-bbe8-a94c9c1f6655-SegmentedRaftLogWorker:Storage Directory /workdir/hadoop-ozone/integration-test/target/test-dir/MiniOzoneClusterImpl-3bb735bc-39a8-4554-8887-bfbd0a1de759/datanode-2/data/ratis/4fd200c8-e765-49f2-ad3a-bc1ce0112a3f close()
2019-09-04 02:52:31,326 [main] INFO  segmented.SegmentedRaftLogWorker (SegmentedRaftLogWorker.java:close(228)) - 52e0c0e6-3dc5-428d-bf4a-8d3652f6b397-SegmentedRaftLogWorker:Storage Directory /workdir/hadoop-ozone/integration-test/target/test-dir/MiniOzoneClusterImpl-3bb735bc-39a8-4554-8887-bfbd0a1de759/datanode-3/data/ratis/e89fffea-2bd7-461c-986c-ef092c204657 close()
2019-09-04 02:52:31,329 [ForkJoinPool.commonPool-worker-0] INFO  server.GrpcService (GrpcService.java:closeImpl(155)) - b1e4c1b6-3c4e-42d0-bbe8-a94c9c1f6655: shutdown server with port 40763 now
2019-09-04 02:52:31,332 [main] INFO  server.GrpcService (GrpcService.java:closeImpl(155)) - 52e0c0e6-3dc5-428d-bf4a-8d3652f6b397: shutdown server with port 45677 now
2019-09-04 02:52:31,332 [ForkJoinPool.commonPool-worker-0] INFO  server.GrpcService (GrpcService.java:closeImpl(163)) - b1e4c1b6-3c4e-42d0-bbe8-a94c9c1f6655: shutdown server with port 40763 successfully
2019-09-04 02:52:31,333 [main] INFO  server.GrpcService (GrpcService.java:closeImpl(163)) - 52e0c0e6-3dc5-428d-bf4a-8d3652f6b397: shutdown server with port 45677 successfully
2019-09-04 02:52:31,336 [ForkJoinPool.commonPool-worker-0] INFO  utils.BackgroundService (BackgroundService.java:shutdown(148)) - Shutting down service BlockDeletingService
2019-09-04 02:52:31,339 [main] INFO  utils.BackgroundService (BackgroundService.java:shutdown(148)) - Shutting down service BlockDeletingService
2019-09-04 02:52:31,340 [refreshUsed-/workdir/hadoop-ozone/integration-test/target/test-dir/MiniOzoneClusterImpl-3bb735bc-39a8-4554-8887-bfbd0a1de759/datanode-2/data/containers] WARN  fs.CachingGetSpaceUsed (CachingGetSpaceUsed.java:run(183)) - Thread Interrupted waiting to refresh disk information: sleep interrupted
2019-09-04 02:52:31,341 [refreshUsed-/workdir/hadoop-ozone/integration-test/target/test-dir/MiniOzoneClusterImpl-3bb735bc-39a8-4554-8887-bfbd0a1de759/datanode-3/data/containers] WARN  fs.CachingGetSpaceUsed (CachingGetSpaceUsed.java:run(183)) - Thread Interrupted waiting to refresh disk information: sleep interrupted
2019-09-04 02:52:31,358 [ForkJoinPool.commonPool-worker-0] INFO  statemachine.DatanodeStateMachine (DatanodeStateMachine.java:stopDaemon(395)) - Ozone container server stopped.
2019-09-04 02:52:31,362 [main] INFO  statemachine.DatanodeStateMachine (DatanodeStateMachine.java:stopDaemon(395)) - Ozone container server stopped.
2019-09-04 02:52:31,364 [ForkJoinPool.commonPool-worker-0] INFO  handler.ContextHandler (ContextHandler.java:doStop(910)) - Stopped o.e.j.w.WebAppContext@6921ce3f{/,null,UNAVAILABLE}{/hddsDatanode}
2019-09-04 02:52:31,364 [ForkJoinPool.commonPool-worker-0] INFO  server.AbstractConnector (AbstractConnector.java:doStop(318)) - Stopped ServerConnector@4f1072ee{HTTP/1.1,[http/1.1]}{0.0.0.0:0}
2019-09-04 02:52:31,365 [main] INFO  handler.ContextHandler (ContextHandler.java:doStop(910)) - Stopped o.e.j.w.WebAppContext@3285c141{/,null,UNAVAILABLE}{/hddsDatanode}
2019-09-04 02:52:31,366 [ForkJoinPool.commonPool-worker-0] INFO  handler.ContextHandler (ContextHandler.java:doStop(910)) - Stopped o.e.j.s.ServletContextHandler@22cbbe87{/static,jar:file:/home/user/.m2/repository/org/apache/hadoop/hadoop-hdds-container-service/0.5.0-SNAPSHOT/hadoop-hdds-container-service-0.5.0-SNAPSHOT.jar!/webapps/static,UNAVAILABLE}
2019-09-04 02:52:31,367 [ForkJoinPool.commonPool-worker-0] INFO  handler.ContextHandler (ContextHandler.java:doStop(910)) - Stopped o.e.j.s.ServletContextHandler@4a723adf{/logs,file:///workdir/hadoop-ozone/integration-test/target/log,UNAVAILABLE}
2019-09-04 02:52:31,367 [main] INFO  server.AbstractConnector (AbstractConnector.java:doStop(318)) - Stopped ServerConnector@440d45c5{HTTP/1.1,[http/1.1]}{0.0.0.0:0}
2019-09-04 02:52:31,368 [ForkJoinPool.commonPool-worker-0] INFO  datanode.ObjectStoreHandler (ObjectStoreHandler.java:close(155)) - Closing ObjectStoreHandler.
2019-09-04 02:52:31,368 [main] INFO  handler.ContextHandler (ContextHandler.java:doStop(910)) - Stopped o.e.j.s.ServletContextHandler@7baf7a9d{/static,jar:file:/home/user/.m2/repository/org/apache/hadoop/hadoop-hdds-container-service/0.5.0-SNAPSHOT/hadoop-hdds-container-service-0.5.0-SNAPSHOT.jar!/webapps/static,UNAVAILABLE}
2019-09-04 02:52:31,369 [ForkJoinPool.commonPool-worker-0] INFO  ozone.HddsDatanodeService (HddsDatanodeService.java:stop(451)) - Stopped plug-in org.apache.hadoop.ozone.web.OzoneHddsDatanodeService@214fe287
2019-09-04 02:52:31,369 [main] INFO  handler.ContextHandler (ContextHandler.java:doStop(910)) - Stopped o.e.j.s.ServletContextHandler@5599f22f{/logs,file:///workdir/hadoop-ozone/integration-test/target/log,UNAVAILABLE}
2019-09-04 02:52:31,370 [main] INFO  datanode.ObjectStoreHandler (ObjectStoreHandler.java:close(155)) - Closing ObjectStoreHandler.
2019-09-04 02:52:31,370 [main] INFO  ozone.HddsDatanodeService (HddsDatanodeService.java:stop(451)) - Stopped plug-in org.apache.hadoop.ozone.web.OzoneHddsDatanodeService@24f8ff82
2019-09-04 02:52:31,650 [Datanode State Machine Thread - 0] INFO  statemachine.DatanodeStateMachine (DatanodeStateMachine.java:lambda$startDaemon$0(350)) - Ozone container server started.
2019-09-04 02:52:31,832 [Datanode State Machine Thread - 0] INFO  statemachine.DatanodeStateMachine (DatanodeStateMachine.java:lambda$startDaemon$0(350)) - Ozone container server started.
2019-09-04 02:52:33,174 [Thread-3419] INFO  impl.FollowerState (FollowerState.java:run(106)) - fa558e8a-2244-404c-aea9-82357d9e09e8:group-6E6BBB98B26F changes to CANDIDATE, lastRpcTime:7062, electionTimeout:5188ms
2019-09-04 02:52:33,174 [Thread-3419] INFO  impl.RoleInfo (RoleInfo.java:shutdownFollowerState(121)) - fa558e8a-2244-404c-aea9-82357d9e09e8: shutdown FollowerState
2019-09-04 02:52:33,174 [Thread-3419] INFO  impl.RaftServerImpl (RaftServerImpl.java:setRole(171)) - fa558e8a-2244-404c-aea9-82357d9e09e8:group-6E6BBB98B26F changes role from FOLLOWER to CANDIDATE at term 1 for changeToCandidate
2019-09-04 02:52:33,174 [Thread-3419] INFO  impl.RoleInfo (RoleInfo.java:updateAndGet(143)) - fa558e8a-2244-404c-aea9-82357d9e09e8: start LeaderElection
2019-09-04 02:52:33,177 [fa558e8a-2244-404c-aea9-82357d9e09e8:group-6E6BBB98B26F:LeaderElection71] INFO  impl.RaftServerImpl (ServerState.java:setLeader(263)) - fa558e8a-2244-404c-aea9-82357d9e09e8:group-6E6BBB98B26F change Leader from dc9e03c0-8020-4c07-86bb-8ce93298a35b to null at term 1 for initElection
2019-09-04 02:52:33,193 [fa558e8a-2244-404c-aea9-82357d9e09e8:group-6E6BBB98B26F:LeaderElection71] INFO  impl.LeaderElection (LeaderElection.java:askForVotes(181)) - fa558e8a-2244-404c-aea9-82357d9e09e8:group-6E6BBB98B26F:LeaderElection71: begin an election at term 2 for 0: [fa558e8a-2244-404c-aea9-82357d9e09e8:192.168.69.105:33838, dc9e03c0-8020-4c07-86bb-8ce93298a35b:192.168.69.105:33654, 52e0c0e6-3dc5-428d-bf4a-8d3652f6b397:192.168.69.105:45677], old=null
2019-09-04 02:52:33,195 [fa558e8a-2244-404c-aea9-82357d9e09e8:group-6E6BBB98B26F:LeaderElection71] INFO  impl.LeaderElection (LogUtils.java:infoOrTrace(149)) - fa558e8a-2244-404c-aea9-82357d9e09e8:group-6E6BBB98B26F:LeaderElection71 got exception when requesting votes: {}
java.util.concurrent.ExecutionException: org.apache.ratis.thirdparty.io.grpc.StatusRuntimeException: UNAVAILABLE: io exception
	at java.util.concurrent.FutureTask.report(FutureTask.java:122)
	at java.util.concurrent.FutureTask.get(FutureTask.java:192)
	at org.apache.ratis.server.impl.LeaderElection.waitForResults(LeaderElection.java:262)
	at org.apache.ratis.server.impl.LeaderElection.askForVotes(LeaderElection.java:200)
	at org.apache.ratis.server.impl.LeaderElection.run(LeaderElection.java:130)
	at java.lang.Thread.run(Thread.java:748)
Caused by: org.apache.ratis.thirdparty.io.grpc.StatusRuntimeException: UNAVAILABLE: io exception
	at org.apache.ratis.thirdparty.io.grpc.stub.ClientCalls.toStatusRuntimeException(ClientCalls.java:233)
	at org.apache.ratis.thirdparty.io.grpc.stub.ClientCalls.getUnchecked(ClientCalls.java:214)
	at org.apache.ratis.thirdparty.io.grpc.stub.ClientCalls.blockingUnaryCall(ClientCalls.java:139)
	at org.apache.ratis.proto.grpc.RaftServerProtocolServiceGrpc$RaftServerProtocolServiceBlockingStub.requestVote(RaftServerProtocolServiceGrpc.java:265)
	at org.apache.ratis.grpc.server.GrpcServerProtocolClient.requestVote(GrpcServerProtocolClient.java:83)
	at org.apache.ratis.grpc.server.GrpcService.requestVote(GrpcService.java:195)
	at org.apache.ratis.server.impl.LeaderElection.lambda$submitRequests$1(LeaderElection.java:237)
	at java.util.concurrent.FutureTask.run(FutureTask.java:266)
	at java.util.concurrent.Executors$RunnableAdapter.call(Executors.java:511)
	at java.util.concurrent.FutureTask.run(FutureTask.java:266)
	at java.util.concurrent.ThreadPoolExecutor.runWorker(ThreadPoolExecutor.java:1149)
	at java.util.concurrent.ThreadPoolExecutor$Worker.run(ThreadPoolExecutor.java:624)
	... 1 more
Caused by: org.apache.ratis.thirdparty.io.netty.channel.AbstractChannel$AnnotatedConnectException: Connection refused: /192.168.69.105:33654
	at sun.nio.ch.SocketChannelImpl.checkConnect(Native Method)
	at sun.nio.ch.SocketChannelImpl.finishConnect(SocketChannelImpl.java:717)
	at org.apache.ratis.thirdparty.io.netty.channel.socket.nio.NioSocketChannel.doFinishConnect(NioSocketChannel.java:327)
	at org.apache.ratis.thirdparty.io.netty.channel.nio.AbstractNioChannel$AbstractNioUnsafe.finishConnect(AbstractNioChannel.java:340)
	at org.apache.ratis.thirdparty.io.netty.channel.nio.NioEventLoop.processSelectedKey(NioEventLoop.java:632)
	at org.apache.ratis.thirdparty.io.netty.channel.nio.NioEventLoop.processSelectedKeysOptimized(NioEventLoop.java:579)
	at org.apache.ratis.thirdparty.io.netty.channel.nio.NioEventLoop.processSelectedKeys(NioEventLoop.java:496)
	at org.apache.ratis.thirdparty.io.netty.channel.nio.NioEventLoop.run(NioEventLoop.java:458)
	at org.apache.ratis.thirdparty.io.netty.util.concurrent.SingleThreadEventExecutor$5.run(SingleThreadEventExecutor.java:897)
	at org.apache.ratis.thirdparty.io.netty.util.concurrent.FastThreadLocalRunnable.run(FastThreadLocalRunnable.java:30)
	... 1 more
Caused by: java.net.ConnectException: Connection refused
	... 11 more
2019-09-04 02:52:33,197 [fa558e8a-2244-404c-aea9-82357d9e09e8:group-6E6BBB98B26F:LeaderElection71] INFO  impl.LeaderElection (LogUtils.java:infoOrTrace(149)) - fa558e8a-2244-404c-aea9-82357d9e09e8:group-6E6BBB98B26F:LeaderElection71 got exception when requesting votes: {}
java.util.concurrent.ExecutionException: org.apache.ratis.thirdparty.io.grpc.StatusRuntimeException: UNAVAILABLE: io exception
	at java.util.concurrent.FutureTask.report(FutureTask.java:122)
	at java.util.concurrent.FutureTask.get(FutureTask.java:192)
	at org.apache.ratis.server.impl.LeaderElection.waitForResults(LeaderElection.java:262)
	at org.apache.ratis.server.impl.LeaderElection.askForVotes(LeaderElection.java:200)
	at org.apache.ratis.server.impl.LeaderElection.run(LeaderElection.java:130)
	at java.lang.Thread.run(Thread.java:748)
Caused by: org.apache.ratis.thirdparty.io.grpc.StatusRuntimeException: UNAVAILABLE: io exception
	at org.apache.ratis.thirdparty.io.grpc.stub.ClientCalls.toStatusRuntimeException(ClientCalls.java:233)
	at org.apache.ratis.thirdparty.io.grpc.stub.ClientCalls.getUnchecked(ClientCalls.java:214)
	at org.apache.ratis.thirdparty.io.grpc.stub.ClientCalls.blockingUnaryCall(ClientCalls.java:139)
	at org.apache.ratis.proto.grpc.RaftServerProtocolServiceGrpc$RaftServerProtocolServiceBlockingStub.requestVote(RaftServerProtocolServiceGrpc.java:265)
	at org.apache.ratis.grpc.server.GrpcServerProtocolClient.requestVote(GrpcServerProtocolClient.java:83)
	at org.apache.ratis.grpc.server.GrpcService.requestVote(GrpcService.java:195)
	at org.apache.ratis.server.impl.LeaderElection.lambda$submitRequests$1(LeaderElection.java:237)
	at java.util.concurrent.FutureTask.run(FutureTask.java:266)
	at java.util.concurrent.Executors$RunnableAdapter.call(Executors.java:511)
	at java.util.concurrent.FutureTask.run(FutureTask.java:266)
	at java.util.concurrent.ThreadPoolExecutor.runWorker(ThreadPoolExecutor.java:1149)
	at java.util.concurrent.ThreadPoolExecutor$Worker.run(ThreadPoolExecutor.java:624)
	... 1 more
Caused by: org.apache.ratis.thirdparty.io.netty.channel.AbstractChannel$AnnotatedConnectException: Connection refused: /192.168.69.105:45677
	at sun.nio.ch.SocketChannelImpl.checkConnect(Native Method)
	at sun.nio.ch.SocketChannelImpl.finishConnect(SocketChannelImpl.java:717)
	at org.apache.ratis.thirdparty.io.netty.channel.socket.nio.NioSocketChannel.doFinishConnect(NioSocketChannel.java:327)
	at org.apache.ratis.thirdparty.io.netty.channel.nio.AbstractNioChannel$AbstractNioUnsafe.finishConnect(AbstractNioChannel.java:340)
	at org.apache.ratis.thirdparty.io.netty.channel.nio.NioEventLoop.processSelectedKey(NioEventLoop.java:632)
	at org.apache.ratis.thirdparty.io.netty.channel.nio.NioEventLoop.processSelectedKeysOptimized(NioEventLoop.java:579)
	at org.apache.ratis.thirdparty.io.netty.channel.nio.NioEventLoop.processSelectedKeys(NioEventLoop.java:496)
	at org.apache.ratis.thirdparty.io.netty.channel.nio.NioEventLoop.run(NioEventLoop.java:458)
	at org.apache.ratis.thirdparty.io.netty.util.concurrent.SingleThreadEventExecutor$5.run(SingleThreadEventExecutor.java:897)
	at org.apache.ratis.thirdparty.io.netty.util.concurrent.FastThreadLocalRunnable.run(FastThreadLocalRunnable.java:30)
	... 1 more
Caused by: java.net.ConnectException: Connection refused
	... 11 more
2019-09-04 02:52:33,199 [fa558e8a-2244-404c-aea9-82357d9e09e8:group-6E6BBB98B26F:LeaderElection71] INFO  impl.LeaderElection (LeaderElection.java:logAndReturn(56)) - fa558e8a-2244-404c-aea9-82357d9e09e8:group-6E6BBB98B26F:LeaderElection71: Election REJECTED; received 0 response(s) [] and 2 exception(s); fa558e8a-2244-404c-aea9-82357d9e09e8:t2, leader=null, voted=fa558e8a-2244-404c-aea9-82357d9e09e8, raftlog=fa558e8a-2244-404c-aea9-82357d9e09e8-SegmentedRaftLog:OPENED:c15,f15,i15, conf=0: [fa558e8a-2244-404c-aea9-82357d9e09e8:192.168.69.105:33838, dc9e03c0-8020-4c07-86bb-8ce93298a35b:192.168.69.105:33654, 52e0c0e6-3dc5-428d-bf4a-8d3652f6b397:192.168.69.105:45677], old=null
2019-09-04 02:52:33,199 [fa558e8a-2244-404c-aea9-82357d9e09e8:group-6E6BBB98B26F:LeaderElection71] INFO  impl.LeaderElection (LogUtils.java:infoOrTrace(149)) -   Exception 0: {}
java.util.concurrent.ExecutionException: org.apache.ratis.thirdparty.io.grpc.StatusRuntimeException: UNAVAILABLE: io exception
	at java.util.concurrent.FutureTask.report(FutureTask.java:122)
	at java.util.concurrent.FutureTask.get(FutureTask.java:192)
	at org.apache.ratis.server.impl.LeaderElection.waitForResults(LeaderElection.java:262)
	at org.apache.ratis.server.impl.LeaderElection.askForVotes(LeaderElection.java:200)
	at org.apache.ratis.server.impl.LeaderElection.run(LeaderElection.java:130)
	at java.lang.Thread.run(Thread.java:748)
Caused by: org.apache.ratis.thirdparty.io.grpc.StatusRuntimeException: UNAVAILABLE: io exception
	at org.apache.ratis.thirdparty.io.grpc.stub.ClientCalls.toStatusRuntimeException(ClientCalls.java:233)
	at org.apache.ratis.thirdparty.io.grpc.stub.ClientCalls.getUnchecked(ClientCalls.java:214)
	at org.apache.ratis.thirdparty.io.grpc.stub.ClientCalls.blockingUnaryCall(ClientCalls.java:139)
	at org.apache.ratis.proto.grpc.RaftServerProtocolServiceGrpc$RaftServerProtocolServiceBlockingStub.requestVote(RaftServerProtocolServiceGrpc.java:265)
	at org.apache.ratis.grpc.server.GrpcServerProtocolClient.requestVote(GrpcServerProtocolClient.java:83)
	at org.apache.ratis.grpc.server.GrpcService.requestVote(GrpcService.java:195)
	at org.apache.ratis.server.impl.LeaderElection.lambda$submitRequests$1(LeaderElection.java:237)
	at java.util.concurrent.FutureTask.run(FutureTask.java:266)
	at java.util.concurrent.Executors$RunnableAdapter.call(Executors.java:511)
	at java.util.concurrent.FutureTask.run(FutureTask.java:266)
	at java.util.concurrent.ThreadPoolExecutor.runWorker(ThreadPoolExecutor.java:1149)
	at java.util.concurrent.ThreadPoolExecutor$Worker.run(ThreadPoolExecutor.java:624)
	... 1 more
Caused by: org.apache.ratis.thirdparty.io.netty.channel.AbstractChannel$AnnotatedConnectException: Connection refused: /192.168.69.105:33654
	at sun.nio.ch.SocketChannelImpl.checkConnect(Native Method)
	at sun.nio.ch.SocketChannelImpl.finishConnect(SocketChannelImpl.java:717)
	at org.apache.ratis.thirdparty.io.netty.channel.socket.nio.NioSocketChannel.doFinishConnect(NioSocketChannel.java:327)
	at org.apache.ratis.thirdparty.io.netty.channel.nio.AbstractNioChannel$AbstractNioUnsafe.finishConnect(AbstractNioChannel.java:340)
	at org.apache.ratis.thirdparty.io.netty.channel.nio.NioEventLoop.processSelectedKey(NioEventLoop.java:632)
	at org.apache.ratis.thirdparty.io.netty.channel.nio.NioEventLoop.processSelectedKeysOptimized(NioEventLoop.java:579)
	at org.apache.ratis.thirdparty.io.netty.channel.nio.NioEventLoop.processSelectedKeys(NioEventLoop.java:496)
	at org.apache.ratis.thirdparty.io.netty.channel.nio.NioEventLoop.run(NioEventLoop.java:458)
	at org.apache.ratis.thirdparty.io.netty.util.concurrent.SingleThreadEventExecutor$5.run(SingleThreadEventExecutor.java:897)
	at org.apache.ratis.thirdparty.io.netty.util.concurrent.FastThreadLocalRunnable.run(FastThreadLocalRunnable.java:30)
	... 1 more
Caused by: java.net.ConnectException: Connection refused
	... 11 more
2019-09-04 02:52:33,199 [fa558e8a-2244-404c-aea9-82357d9e09e8:group-6E6BBB98B26F:LeaderElection71] INFO  impl.LeaderElection (LogUtils.java:infoOrTrace(149)) -   Exception 1: {}
java.util.concurrent.ExecutionException: org.apache.ratis.thirdparty.io.grpc.StatusRuntimeException: UNAVAILABLE: io exception
	at java.util.concurrent.FutureTask.report(FutureTask.java:122)
	at java.util.concurrent.FutureTask.get(FutureTask.java:192)
	at org.apache.ratis.server.impl.LeaderElection.waitForResults(LeaderElection.java:262)
	at org.apache.ratis.server.impl.LeaderElection.askForVotes(LeaderElection.java:200)
	at org.apache.ratis.server.impl.LeaderElection.run(LeaderElection.java:130)
	at java.lang.Thread.run(Thread.java:748)
Caused by: org.apache.ratis.thirdparty.io.grpc.StatusRuntimeException: UNAVAILABLE: io exception
	at org.apache.ratis.thirdparty.io.grpc.stub.ClientCalls.toStatusRuntimeException(ClientCalls.java:233)
	at org.apache.ratis.thirdparty.io.grpc.stub.ClientCalls.getUnchecked(ClientCalls.java:214)
	at org.apache.ratis.thirdparty.io.grpc.stub.ClientCalls.blockingUnaryCall(ClientCalls.java:139)
	at org.apache.ratis.proto.grpc.RaftServerProtocolServiceGrpc$RaftServerProtocolServiceBlockingStub.requestVote(RaftServerProtocolServiceGrpc.java:265)
	at org.apache.ratis.grpc.server.GrpcServerProtocolClient.requestVote(GrpcServerProtocolClient.java:83)
	at org.apache.ratis.grpc.server.GrpcService.requestVote(GrpcService.java:195)
	at org.apache.ratis.server.impl.LeaderElection.lambda$submitRequests$1(LeaderElection.java:237)
	at java.util.concurrent.FutureTask.run(FutureTask.java:266)
	at java.util.concurrent.Executors$RunnableAdapter.call(Executors.java:511)
	at java.util.concurrent.FutureTask.run(FutureTask.java:266)
	at java.util.concurrent.ThreadPoolExecutor.runWorker(ThreadPoolExecutor.java:1149)
	at java.util.concurrent.ThreadPoolExecutor$Worker.run(ThreadPoolExecutor.java:624)
	... 1 more
Caused by: org.apache.ratis.thirdparty.io.netty.channel.AbstractChannel$AnnotatedConnectException: Connection refused: /192.168.69.105:45677
	at sun.nio.ch.SocketChannelImpl.checkConnect(Native Method)
	at sun.nio.ch.SocketChannelImpl.finishConnect(SocketChannelImpl.java:717)
	at org.apache.ratis.thirdparty.io.netty.channel.socket.nio.NioSocketChannel.doFinishConnect(NioSocketChannel.java:327)
	at org.apache.ratis.thirdparty.io.netty.channel.nio.AbstractNioChannel$AbstractNioUnsafe.finishConnect(AbstractNioChannel.java:340)
	at org.apache.ratis.thirdparty.io.netty.channel.nio.NioEventLoop.processSelectedKey(NioEventLoop.java:632)
	at org.apache.ratis.thirdparty.io.netty.channel.nio.NioEventLoop.processSelectedKeysOptimized(NioEventLoop.java:579)
	at org.apache.ratis.thirdparty.io.netty.channel.nio.NioEventLoop.processSelectedKeys(NioEventLoop.java:496)
	at org.apache.ratis.thirdparty.io.netty.channel.nio.NioEventLoop.run(NioEventLoop.java:458)
	at org.apache.ratis.thirdparty.io.netty.util.concurrent.SingleThreadEventExecutor$5.run(SingleThreadEventExecutor.java:897)
	at org.apache.ratis.thirdparty.io.netty.util.concurrent.FastThreadLocalRunnable.run(FastThreadLocalRunnable.java:30)
	... 1 more
Caused by: java.net.ConnectException: Connection refused
	... 11 more
2019-09-04 02:52:33,200 [fa558e8a-2244-404c-aea9-82357d9e09e8:group-6E6BBB98B26F:LeaderElection71] INFO  impl.RaftServerImpl (RaftServerImpl.java:setRole(171)) - fa558e8a-2244-404c-aea9-82357d9e09e8:group-6E6BBB98B26F changes role from CANDIDATE to FOLLOWER at term 2 for DISCOVERED_A_NEW_TERM
2019-09-04 02:52:33,201 [fa558e8a-2244-404c-aea9-82357d9e09e8:group-6E6BBB98B26F:LeaderElection71] INFO  impl.RoleInfo (RoleInfo.java:shutdownLeaderElection(134)) - fa558e8a-2244-404c-aea9-82357d9e09e8: shutdown LeaderElection
2019-09-04 02:52:33,201 [fa558e8a-2244-404c-aea9-82357d9e09e8:group-6E6BBB98B26F:LeaderElection71] INFO  impl.RoleInfo (RoleInfo.java:updateAndGet(143)) - fa558e8a-2244-404c-aea9-82357d9e09e8: start FollowerState
2019-09-04 02:52:35,732 [EventQueue-StaleNodeForStaleNodeHandler] INFO  node.StaleNodeHandler (StaleNodeHandler.java:onMessage(58)) - Datanode 286cf2fc-8844-46ee-9444-4b1ba8aaca71{ip: 192.168.69.105, host: pr-hdds-1571-zhvv9-3536733312, networkLocation: /default-rack, certSerialId: null} moved to stale state. Finalizing its pipelines [PipelineID=d056f7d1-718e-4999-860e-091c0bdf9260]
2019-09-04 02:52:35,732 [EventQueue-StaleNodeForStaleNodeHandler] INFO  pipeline.SCMPipelineManager (SCMPipelineManager.java:finalizeAndDestroyPipeline(309)) - destroying pipeline:Pipeline[ Id: d056f7d1-718e-4999-860e-091c0bdf9260, Nodes: 286cf2fc-8844-46ee-9444-4b1ba8aaca71{ip: 192.168.69.105, host: pr-hdds-1571-zhvv9-3536733312, networkLocation: /default-rack, certSerialId: null}, Type:RATIS, Factor:ONE, State:OPEN]
2019-09-04 02:52:35,732 [EventQueue-StaleNodeForStaleNodeHandler] INFO  pipeline.PipelineStateManager (PipelineStateManager.java:finalizePipeline(123)) - Pipeline Pipeline[ Id: d056f7d1-718e-4999-860e-091c0bdf9260, Nodes: 286cf2fc-8844-46ee-9444-4b1ba8aaca71{ip: 192.168.69.105, host: pr-hdds-1571-zhvv9-3536733312, networkLocation: /default-rack, certSerialId: null}, Type:RATIS, Factor:ONE, State:CLOSED] moved to CLOSED state
2019-09-04 02:52:35,932 [EventQueue-StaleNodeForStaleNodeHandler] INFO  node.StaleNodeHandler (StaleNodeHandler.java:onMessage(58)) - Datanode fa558e8a-2244-404c-aea9-82357d9e09e8{ip: 192.168.69.105, host: pr-hdds-1571-zhvv9-3536733312, networkLocation: /default-rack, certSerialId: null} moved to stale state. Finalizing its pipelines [PipelineID=59ae4df0-3e99-49ee-8001-6e6bbb98b26f, PipelineID=59c021d4-47fb-4b6c-8ae6-f71b40853d60]
2019-09-04 02:52:35,932 [EventQueue-StaleNodeForStaleNodeHandler] INFO  pipeline.SCMPipelineManager (SCMPipelineManager.java:finalizeAndDestroyPipeline(309)) - destroying pipeline:Pipeline[ Id: 59ae4df0-3e99-49ee-8001-6e6bbb98b26f, Nodes: 52e0c0e6-3dc5-428d-bf4a-8d3652f6b397{ip: 192.168.69.105, host: pr-hdds-1571-zhvv9-3536733312, networkLocation: /default-rack, certSerialId: null}dc9e03c0-8020-4c07-86bb-8ce93298a35b{ip: 192.168.69.105, host: pr-hdds-1571-zhvv9-3536733312, networkLocation: /default-rack, certSerialId: null}fa558e8a-2244-404c-aea9-82357d9e09e8{ip: 192.168.69.105, host: pr-hdds-1571-zhvv9-3536733312, networkLocation: /default-rack, certSerialId: null}, Type:RATIS, Factor:THREE, State:CLOSED]
2019-09-04 02:52:35,933 [EventQueue-StaleNodeForStaleNodeHandler] INFO  pipeline.SCMPipelineManager (SCMPipelineManager.java:finalizeAndDestroyPipeline(309)) - destroying pipeline:Pipeline[ Id: 59c021d4-47fb-4b6c-8ae6-f71b40853d60, Nodes: fa558e8a-2244-404c-aea9-82357d9e09e8{ip: 192.168.69.105, host: pr-hdds-1571-zhvv9-3536733312, networkLocation: /default-rack, certSerialId: null}, Type:RATIS, Factor:ONE, State:OPEN]
2019-09-04 02:52:35,933 [EventQueue-StaleNodeForStaleNodeHandler] INFO  pipeline.PipelineStateManager (PipelineStateManager.java:finalizePipeline(123)) - Pipeline Pipeline[ Id: 59c021d4-47fb-4b6c-8ae6-f71b40853d60, Nodes: fa558e8a-2244-404c-aea9-82357d9e09e8{ip: 192.168.69.105, host: pr-hdds-1571-zhvv9-3536733312, networkLocation: /default-rack, certSerialId: null}, Type:RATIS, Factor:ONE, State:CLOSED] moved to CLOSED state
2019-09-04 02:52:36,369 [ForkJoinPool.commonPool-worker-0] INFO  ozoneimpl.OzoneContainer (OzoneContainer.java:stop(199)) - Attempting to stop container services.
2019-09-04 02:52:36,370 [ForkJoinPool.commonPool-worker-0] INFO  impl.RaftServerProxy (RaftServerProxy.java:lambda$close$4(314)) - 286cf2fc-8844-46ee-9444-4b1ba8aaca71: close
2019-09-04 02:52:36,370 [ForkJoinPool.commonPool-worker-0] INFO  impl.RaftServerImpl (RaftServerImpl.java:lambda$shutdown$3(245)) - 286cf2fc-8844-46ee-9444-4b1ba8aaca71: shutdown group-091C0BDF9260
2019-09-04 02:52:36,371 [ForkJoinPool.commonPool-worker-0] INFO  util.JmxRegister (JmxRegister.java:unregister(73)) - Successfully un-registered JMX Bean with object name Ratis:service=RaftServer,group=group-091C0BDF9260,id=286cf2fc-8844-46ee-9444-4b1ba8aaca71
2019-09-04 02:52:36,371 [ForkJoinPool.commonPool-worker-0] INFO  impl.RoleInfo (RoleInfo.java:shutdownLeaderState(104)) - 286cf2fc-8844-46ee-9444-4b1ba8aaca71: shutdown LeaderState
2019-09-04 02:52:36,371 [ForkJoinPool.commonPool-worker-0] INFO  impl.PendingRequests (PendingRequests.java:sendNotLeaderResponses(202)) - 286cf2fc-8844-46ee-9444-4b1ba8aaca71-PendingRequests: sendNotLeaderResponses
2019-09-04 02:52:36,371 [main] INFO  ozoneimpl.OzoneContainer (OzoneContainer.java:stop(199)) - Attempting to stop container services.
2019-09-04 02:52:36,372 [ForkJoinPool.commonPool-worker-0] INFO  impl.StateMachineUpdater (StateMachineUpdater.java:stopAndJoin(115)) - StateMachineUpdater:286cf2fc-8844-46ee-9444-4b1ba8aaca71:group-091C0BDF9260: set stopIndex = 0
2019-09-04 02:52:36,372 [main] INFO  impl.RaftServerProxy (RaftServerProxy.java:lambda$close$4(314)) - fa558e8a-2244-404c-aea9-82357d9e09e8: close
2019-09-04 02:52:36,372 [ForkJoinPool.commonPool-worker-0] INFO  impl.RaftServerImpl (ServerState.java:close(394)) - 286cf2fc-8844-46ee-9444-4b1ba8aaca71:group-091C0BDF9260 closes. The last applied log index is 0
2019-09-04 02:52:36,373 [main] INFO  impl.RaftServerImpl (RaftServerImpl.java:lambda$shutdown$3(245)) - fa558e8a-2244-404c-aea9-82357d9e09e8: shutdown group-6E6BBB98B26F
2019-09-04 02:52:36,373 [286cf2fc-8844-46ee-9444-4b1ba8aaca71-SegmentedRaftLogWorker:Storage Directory /workdir/hadoop-ozone/integration-test/target/test-dir/MiniOzoneClusterImpl-3bb735bc-39a8-4554-8887-bfbd0a1de759/datanode-6/data/ratis/d056f7d1-718e-4999-860e-091c0bdf9260] INFO  segmented.SegmentedRaftLogWorker (SegmentedRaftLogWorker.java:run(313)) - 286cf2fc-8844-46ee-9444-4b1ba8aaca71-SegmentedRaftLogWorker:Storage Directory /workdir/hadoop-ozone/integration-test/target/test-dir/MiniOzoneClusterImpl-3bb735bc-39a8-4554-8887-bfbd0a1de759/datanode-6/data/ratis/d056f7d1-718e-4999-860e-091c0bdf9260 was interrupted, exiting. There are 0 tasks remaining in the queue.
2019-09-04 02:52:36,374 [main] INFO  util.JmxRegister (JmxRegister.java:unregister(73)) - Successfully un-registered JMX Bean with object name Ratis:service=RaftServer,group=group-6E6BBB98B26F,id=fa558e8a-2244-404c-aea9-82357d9e09e8
2019-09-04 02:52:36,376 [ForkJoinPool.commonPool-worker-0] INFO  segmented.SegmentedRaftLogWorker (SegmentedRaftLogWorker.java:close(228)) - 286cf2fc-8844-46ee-9444-4b1ba8aaca71-SegmentedRaftLogWorker:Storage Directory /workdir/hadoop-ozone/integration-test/target/test-dir/MiniOzoneClusterImpl-3bb735bc-39a8-4554-8887-bfbd0a1de759/datanode-6/data/ratis/d056f7d1-718e-4999-860e-091c0bdf9260 close()
2019-09-04 02:52:36,377 [main] INFO  impl.RoleInfo (RoleInfo.java:shutdownFollowerState(121)) - fa558e8a-2244-404c-aea9-82357d9e09e8: shutdown FollowerState
2019-09-04 02:52:36,380 [ForkJoinPool.commonPool-worker-0] INFO  server.GrpcService (GrpcService.java:closeImpl(155)) - 286cf2fc-8844-46ee-9444-4b1ba8aaca71: shutdown server with port 40418 now
2019-09-04 02:52:36,380 [StateMachineUpdater:fa558e8a-2244-404c-aea9-82357d9e09e8:group-6E6BBB98B26F] INFO  ratis.ContainerStateMachine (ContainerStateMachine.java:takeSnapshot(283)) - group-6E6BBB98B26F: Taking a snapshot at:(t:1, i:13) file /workdir/hadoop-ozone/integration-test/target/test-dir/MiniOzoneClusterImpl-3bb735bc-39a8-4554-8887-bfbd0a1de759/datanode-5/data/ratis/59ae4df0-3e99-49ee-8001-6e6bbb98b26f/sm/snapshot.1_13
2019-09-04 02:52:36,380 [Thread-3602] INFO  impl.FollowerState (FollowerState.java:run(114)) - fa558e8a-2244-404c-aea9-82357d9e09e8: FollowerState was interrupted: java.lang.InterruptedException: sleep interrupted
2019-09-04 02:52:36,380 [main] INFO  impl.StateMachineUpdater (StateMachineUpdater.java:stopAndJoin(115)) - StateMachineUpdater:fa558e8a-2244-404c-aea9-82357d9e09e8:group-6E6BBB98B26F: set stopIndex = 15
2019-09-04 02:52:36,381 [ForkJoinPool.commonPool-worker-0] INFO  server.GrpcService (GrpcService.java:closeImpl(163)) - 286cf2fc-8844-46ee-9444-4b1ba8aaca71: shutdown server with port 40418 successfully
2019-09-04 02:52:36,384 [ForkJoinPool.commonPool-worker-0] INFO  utils.BackgroundService (BackgroundService.java:shutdown(148)) - Shutting down service BlockDeletingService
2019-09-04 02:52:36,396 [StateMachineUpdater:fa558e8a-2244-404c-aea9-82357d9e09e8:group-6E6BBB98B26F] INFO  ratis.ContainerStateMachine (ContainerStateMachine.java:takeSnapshot(294)) - group-6E6BBB98B26F: Finished taking a snapshot at:(t:1, i:13) file:/workdir/hadoop-ozone/integration-test/target/test-dir/MiniOzoneClusterImpl-3bb735bc-39a8-4554-8887-bfbd0a1de759/datanode-5/data/ratis/59ae4df0-3e99-49ee-8001-6e6bbb98b26f/sm/snapshot.1_13 time:15
2019-09-04 02:52:36,396 [refreshUsed-/workdir/hadoop-ozone/integration-test/target/test-dir/MiniOzoneClusterImpl-3bb735bc-39a8-4554-8887-bfbd0a1de759/datanode-6/data/containers] WARN  fs.CachingGetSpaceUsed (CachingGetSpaceUsed.java:run(183)) - Thread Interrupted waiting to refresh disk information: sleep interrupted
2019-09-04 02:52:36,396 [StateMachineUpdater:fa558e8a-2244-404c-aea9-82357d9e09e8:group-6E6BBB98B26F] INFO  impl.StateMachineUpdater (StateMachineUpdater.java:takeSnapshot(242)) - StateMachineUpdater:fa558e8a-2244-404c-aea9-82357d9e09e8:group-6E6BBB98B26F: Took a snapshot at index 13
2019-09-04 02:52:36,396 [StateMachineUpdater:fa558e8a-2244-404c-aea9-82357d9e09e8:group-6E6BBB98B26F] INFO  impl.StateMachineUpdater (StateMachineUpdater.java:lambda$new$0(80)) - StateMachineUpdater:fa558e8a-2244-404c-aea9-82357d9e09e8:group-6E6BBB98B26F: snapshotIndex: updateIncreasingly -1 -> 13
2019-09-04 02:52:36,396 [main] INFO  impl.RaftServerImpl (ServerState.java:close(394)) - fa558e8a-2244-404c-aea9-82357d9e09e8:group-6E6BBB98B26F closes. The last applied log index is 15
2019-09-04 02:52:36,397 [fa558e8a-2244-404c-aea9-82357d9e09e8-SegmentedRaftLogWorker:Storage Directory /workdir/hadoop-ozone/integration-test/target/test-dir/MiniOzoneClusterImpl-3bb735bc-39a8-4554-8887-bfbd0a1de759/datanode-5/data/ratis/59ae4df0-3e99-49ee-8001-6e6bbb98b26f] INFO  segmented.SegmentedRaftLogWorker (SegmentedRaftLogWorker.java:run(313)) - fa558e8a-2244-404c-aea9-82357d9e09e8-SegmentedRaftLogWorker:Storage Directory /workdir/hadoop-ozone/integration-test/target/test-dir/MiniOzoneClusterImpl-3bb735bc-39a8-4554-8887-bfbd0a1de759/datanode-5/data/ratis/59ae4df0-3e99-49ee-8001-6e6bbb98b26f was interrupted, exiting. There are 0 tasks remaining in the queue.
2019-09-04 02:52:36,398 [main] INFO  segmented.SegmentedRaftLogWorker (SegmentedRaftLogWorker.java:close(228)) - fa558e8a-2244-404c-aea9-82357d9e09e8-SegmentedRaftLogWorker:Storage Directory /workdir/hadoop-ozone/integration-test/target/test-dir/MiniOzoneClusterImpl-3bb735bc-39a8-4554-8887-bfbd0a1de759/datanode-5/data/ratis/59ae4df0-3e99-49ee-8001-6e6bbb98b26f close()
2019-09-04 02:52:36,404 [main] INFO  impl.RaftServerImpl (RaftServerImpl.java:lambda$shutdown$3(245)) - fa558e8a-2244-404c-aea9-82357d9e09e8: shutdown group-F71B40853D60
2019-09-04 02:52:36,405 [main] INFO  util.JmxRegister (JmxRegister.java:unregister(73)) - Successfully un-registered JMX Bean with object name Ratis:service=RaftServer,group=group-F71B40853D60,id=fa558e8a-2244-404c-aea9-82357d9e09e8
2019-09-04 02:52:36,405 [main] INFO  impl.RoleInfo (RoleInfo.java:shutdownLeaderState(104)) - fa558e8a-2244-404c-aea9-82357d9e09e8: shutdown LeaderState
2019-09-04 02:52:36,405 [main] INFO  impl.PendingRequests (PendingRequests.java:sendNotLeaderResponses(202)) - fa558e8a-2244-404c-aea9-82357d9e09e8-PendingRequests: sendNotLeaderResponses
2019-09-04 02:52:36,406 [main] INFO  impl.StateMachineUpdater (StateMachineUpdater.java:stopAndJoin(115)) - StateMachineUpdater:fa558e8a-2244-404c-aea9-82357d9e09e8:group-F71B40853D60: set stopIndex = 0
2019-09-04 02:52:36,406 [main] INFO  impl.RaftServerImpl (ServerState.java:close(394)) - fa558e8a-2244-404c-aea9-82357d9e09e8:group-F71B40853D60 closes. The last applied log index is 0
2019-09-04 02:52:36,407 [fa558e8a-2244-404c-aea9-82357d9e09e8-SegmentedRaftLogWorker:Storage Directory /workdir/hadoop-ozone/integration-test/target/test-dir/MiniOzoneClusterImpl-3bb735bc-39a8-4554-8887-bfbd0a1de759/datanode-5/data/ratis/59c021d4-47fb-4b6c-8ae6-f71b40853d60] INFO  segmented.SegmentedRaftLogWorker (SegmentedRaftLogWorker.java:run(313)) - fa558e8a-2244-404c-aea9-82357d9e09e8-SegmentedRaftLogWorker:Storage Directory /workdir/hadoop-ozone/integration-test/target/test-dir/MiniOzoneClusterImpl-3bb735bc-39a8-4554-8887-bfbd0a1de759/datanode-5/data/ratis/59c021d4-47fb-4b6c-8ae6-f71b40853d60 was interrupted, exiting. There are 0 tasks remaining in the queue.
2019-09-04 02:52:36,407 [main] INFO  segmented.SegmentedRaftLogWorker (SegmentedRaftLogWorker.java:close(228)) - fa558e8a-2244-404c-aea9-82357d9e09e8-SegmentedRaftLogWorker:Storage Directory /workdir/hadoop-ozone/integration-test/target/test-dir/MiniOzoneClusterImpl-3bb735bc-39a8-4554-8887-bfbd0a1de759/datanode-5/data/ratis/59c021d4-47fb-4b6c-8ae6-f71b40853d60 close()
2019-09-04 02:52:36,409 [main] INFO  server.GrpcService (GrpcService.java:closeImpl(155)) - fa558e8a-2244-404c-aea9-82357d9e09e8: shutdown server with port 33838 now
2019-09-04 02:52:36,409 [main] INFO  server.GrpcService (GrpcService.java:closeImpl(163)) - fa558e8a-2244-404c-aea9-82357d9e09e8: shutdown server with port 33838 successfully
2019-09-04 02:52:36,411 [main] INFO  utils.BackgroundService (BackgroundService.java:shutdown(148)) - Shutting down service BlockDeletingService
2019-09-04 02:52:36,413 [refreshUsed-/workdir/hadoop-ozone/integration-test/target/test-dir/MiniOzoneClusterImpl-3bb735bc-39a8-4554-8887-bfbd0a1de759/datanode-5/data/containers] WARN  fs.CachingGetSpaceUsed (CachingGetSpaceUsed.java:run(183)) - Thread Interrupted waiting to refresh disk information: sleep interrupted
2019-09-04 02:52:36,424 [ForkJoinPool.commonPool-worker-0] INFO  statemachine.DatanodeStateMachine (DatanodeStateMachine.java:stopDaemon(395)) - Ozone container server stopped.
2019-09-04 02:52:36,428 [ForkJoinPool.commonPool-worker-0] INFO  handler.ContextHandler (ContextHandler.java:doStop(910)) - Stopped o.e.j.w.WebAppContext@10ef09e3{/,null,UNAVAILABLE}{/hddsDatanode}
2019-09-04 02:52:36,430 [ForkJoinPool.commonPool-worker-0] INFO  server.AbstractConnector (AbstractConnector.java:doStop(318)) - Stopped ServerConnector@776d50d6{HTTP/1.1,[http/1.1]}{0.0.0.0:0}
2019-09-04 02:52:36,431 [ForkJoinPool.commonPool-worker-0] INFO  handler.ContextHandler (ContextHandler.java:doStop(910)) - Stopped o.e.j.s.ServletContextHandler@19266ca3{/static,jar:file:/home/user/.m2/repository/org/apache/hadoop/hadoop-hdds-container-service/0.5.0-SNAPSHOT/hadoop-hdds-container-service-0.5.0-SNAPSHOT.jar!/webapps/static,UNAVAILABLE}
2019-09-04 02:52:36,433 [ForkJoinPool.commonPool-worker-0] INFO  handler.ContextHandler (ContextHandler.java:doStop(910)) - Stopped o.e.j.s.ServletContextHandler@12d76643{/logs,file:///workdir/hadoop-ozone/integration-test/target/log,UNAVAILABLE}
2019-09-04 02:52:36,441 [main] INFO  statemachine.DatanodeStateMachine (DatanodeStateMachine.java:stopDaemon(395)) - Ozone container server stopped.
2019-09-04 02:52:36,442 [main] INFO  handler.ContextHandler (ContextHandler.java:doStop(910)) - Stopped o.e.j.w.WebAppContext@4fd2b418{/,null,UNAVAILABLE}{/hddsDatanode}
2019-09-04 02:52:36,443 [main] INFO  server.AbstractConnector (AbstractConnector.java:doStop(318)) - Stopped ServerConnector@dd5ea90{HTTP/1.1,[http/1.1]}{0.0.0.0:0}
2019-09-04 02:52:36,443 [main] INFO  handler.ContextHandler (ContextHandler.java:doStop(910)) - Stopped o.e.j.s.ServletContextHandler@5c1605e2{/static,jar:file:/home/user/.m2/repository/org/apache/hadoop/hadoop-hdds-container-service/0.5.0-SNAPSHOT/hadoop-hdds-container-service-0.5.0-SNAPSHOT.jar!/webapps/static,UNAVAILABLE}
2019-09-04 02:52:36,444 [main] INFO  handler.ContextHandler (ContextHandler.java:doStop(910)) - Stopped o.e.j.s.ServletContextHandler@4158b72f{/logs,file:///workdir/hadoop-ozone/integration-test/target/log,UNAVAILABLE}
2019-09-04 02:52:36,445 [main] INFO  ozone.MiniOzoneClusterImpl (MiniOzoneClusterImpl.java:stop(353)) - Stopping the StorageContainerManager
2019-09-04 02:52:36,445 [main] INFO  server.StorageContainerManager (StorageContainerManager.java:stop(797)) - Stopping Replication Manager Service.
2019-09-04 02:52:36,445 [main] INFO  container.ReplicationManager (ReplicationManager.java:stop(192)) - Stopping Replication Monitor Thread.
2019-09-04 02:52:36,446 [main] INFO  server.StorageContainerManager (StorageContainerManager.java:stop(804)) - Stopping Lease Manager of the command watchers
2019-09-04 02:52:36,446 [main] INFO  server.StorageContainerManager (StorageContainerManager.java:stop(811)) - Stopping datanode service RPC server
2019-09-04 02:52:36,446 [main] INFO  server.SCMDatanodeProtocolServer (SCMDatanodeProtocolServer.java:stop(367)) - Stopping the RPC server for DataNodes
2019-09-04 02:52:36,446 [main] INFO  ipc.Server (Server.java:stop(3082)) - Stopping server on 40834
2019-09-04 02:52:36,449 [IPC Server listener on 40834] INFO  ipc.Server (Server.java:run(1185)) - Stopping IPC Server listener on 40834
2019-09-04 02:52:36,450 [IPC Server Responder] INFO  ipc.Server (Server.java:run(1319)) - Stopping IPC Server Responder
2019-09-04 02:52:36,533 [SCM Heartbeat Processing Thread - 0] WARN  node.NodeStateManager (NodeStateManager.java:scheduleNextHealthCheck(646)) - Current Thread is interrupted, shutting down HB processing thread for Node Manager.
2019-09-04 02:52:36,533 [main] INFO  server.StorageContainerManager (StorageContainerManager.java:stop(819)) - Stopping block service RPC server
2019-09-04 02:52:36,533 [main] INFO  server.SCMBlockProtocolServer (SCMBlockProtocolServer.java:stop(148)) - Stopping the RPC server for Block Protocol
2019-09-04 02:52:36,533 [main] INFO  ipc.Server (Server.java:stop(3082)) - Stopping server on 40486
2019-09-04 02:52:36,535 [main] INFO  server.StorageContainerManager (StorageContainerManager.java:stop(826)) - Stopping the StorageContainerLocationProtocol RPC server
2019-09-04 02:52:36,535 [IPC Server listener on 40486] INFO  ipc.Server (Server.java:run(1185)) - Stopping IPC Server listener on 40486
2019-09-04 02:52:36,536 [main] INFO  server.SCMClientProtocolServer (SCMClientProtocolServer.java:stop(159)) - Stopping the RPC server for Client Protocol
2019-09-04 02:52:36,538 [main] INFO  ipc.Server (Server.java:stop(3082)) - Stopping server on 43798
2019-09-04 02:52:36,537 [IPC Server Responder] INFO  ipc.Server (Server.java:run(1319)) - Stopping IPC Server Responder
2019-09-04 02:52:36,541 [IPC Server listener on 43798] INFO  ipc.Server (Server.java:run(1185)) - Stopping IPC Server listener on 43798
2019-09-04 02:52:36,541 [main] INFO  server.StorageContainerManager (StorageContainerManager.java:stop(833)) - Stopping Storage Container Manager HTTP server.
2019-09-04 02:52:36,541 [IPC Server Responder] INFO  ipc.Server (Server.java:run(1319)) - Stopping IPC Server Responder
2019-09-04 02:52:36,543 [main] INFO  handler.ContextHandler (ContextHandler.java:doStop(910)) - Stopped o.e.j.w.WebAppContext@53f18591{/,null,UNAVAILABLE}{/scm}
2019-09-04 02:52:36,544 [main] INFO  server.AbstractConnector (AbstractConnector.java:doStop(318)) - Stopped ServerConnector@4dfbe8c2{HTTP/1.1,[http/1.1]}{0.0.0.0:0}
2019-09-04 02:52:36,545 [main] INFO  handler.ContextHandler (ContextHandler.java:doStop(910)) - Stopped o.e.j.s.ServletContextHandler@730611a0{/static,file:///workdir/hadoop-ozone/integration-test/target/test-classes/webapps/static,UNAVAILABLE}
2019-09-04 02:52:36,546 [main] INFO  handler.ContextHandler (ContextHandler.java:doStop(910)) - Stopped o.e.j.s.ServletContextHandler@135f760a{/logs,file:///workdir/hadoop-ozone/integration-test/target/log,UNAVAILABLE}
2019-09-04 02:52:36,547 [main] INFO  server.StorageContainerManager (StorageContainerManager.java:stop(844)) - Stopping Block Manager Service.
2019-09-04 02:52:36,547 [main] INFO  utils.BackgroundService (BackgroundService.java:shutdown(148)) - Shutting down service SCMBlockDeletingService
2019-09-04 02:52:36,548 [main] INFO  utils.BackgroundService (BackgroundService.java:shutdown(148)) - Shutting down service SCMBlockDeletingService
2019-09-04 02:52:36,549 [main] INFO  server.StorageContainerManager (StorageContainerManager.java:stop(866)) - Stopping SCM Event Queue.
2019-09-04 02:52:36,553 [main] INFO  impl.MetricsSystemImpl (MetricsSystemImpl.java:stop(210)) - Stopping HddsDatanode metrics system...
2019-09-04 02:52:36,566 [main] INFO  impl.MetricsSystemImpl (MetricsSystemImpl.java:stop(216)) - HddsDatanode metrics system stopped.
]]></system-out>
    <system-err><![CDATA[Sep 04, 2019 2:52:01 AM com.sun.jersey.server.impl.application.WebApplicationImpl _initiate
INFO: Initiating Jersey application, version 'Jersey: 1.19 02/11/2015 03:25 AM'
Sep 04, 2019 2:52:02 AM com.sun.jersey.server.impl.application.WebApplicationImpl _initiate
INFO: Initiating Jersey application, version 'Jersey: 1.19 02/11/2015 03:25 AM'
Sep 04, 2019 2:52:02 AM com.sun.jersey.server.impl.application.WebApplicationImpl _initiate
INFO: Initiating Jersey application, version 'Jersey: 1.19 02/11/2015 03:25 AM'
Sep 04, 2019 2:52:02 AM com.sun.jersey.server.impl.application.WebApplicationImpl _initiate
INFO: Initiating Jersey application, version 'Jersey: 1.19 02/11/2015 03:25 AM'
Sep 04, 2019 2:52:03 AM com.sun.jersey.server.impl.application.WebApplicationImpl _initiate
INFO: Initiating Jersey application, version 'Jersey: 1.19 02/11/2015 03:25 AM'
Sep 04, 2019 2:52:03 AM com.sun.jersey.server.impl.application.WebApplicationImpl _initiate
INFO: Initiating Jersey application, version 'Jersey: 1.19 02/11/2015 03:25 AM'
Sep 04, 2019 2:52:03 AM com.sun.jersey.server.impl.application.WebApplicationImpl _initiate
INFO: Initiating Jersey application, version 'Jersey: 1.19 02/11/2015 03:25 AM'
Sep 04, 2019 2:52:05 AM org.apache.ratis.thirdparty.io.grpc.internal.ManagedChannelOrphanWrapper$ManagedChannelReference cleanQueue
SEVERE: *~*~*~ Channel ManagedChannelImpl{logId=2734, target=192.168.69.105:35687} was not shutdown properly!!! ~*~*~*
    Make sure to call shutdown()/shutdownNow() and wait until awaitTermination() returns true.
java.lang.RuntimeException: ManagedChannel allocation site
	at org.apache.ratis.thirdparty.io.grpc.internal.ManagedChannelOrphanWrapper$ManagedChannelReference.<init>(ManagedChannelOrphanWrapper.java:103)
	at org.apache.ratis.thirdparty.io.grpc.internal.ManagedChannelOrphanWrapper.<init>(ManagedChannelOrphanWrapper.java:53)
	at org.apache.ratis.thirdparty.io.grpc.internal.ManagedChannelOrphanWrapper.<init>(ManagedChannelOrphanWrapper.java:44)
	at org.apache.ratis.thirdparty.io.grpc.internal.AbstractManagedChannelImplBuilder.build(AbstractManagedChannelImplBuilder.java:411)
	at org.apache.hadoop.hdds.scm.XceiverClientGrpc.connectToDatanode(XceiverClientGrpc.java:175)
	at org.apache.hadoop.hdds.scm.XceiverClientGrpc.reconnect(XceiverClientGrpc.java:423)
	at org.apache.hadoop.hdds.scm.XceiverClientGrpc.sendCommandAsync(XceiverClientGrpc.java:372)
	at org.apache.hadoop.hdds.scm.XceiverClientGrpc.sendCommandWithRetry(XceiverClientGrpc.java:285)
	at org.apache.hadoop.hdds.scm.XceiverClientGrpc.sendCommandWithTraceIDAndRetry(XceiverClientGrpc.java:251)
	at org.apache.hadoop.hdds.scm.XceiverClientGrpc.sendCommand(XceiverClientGrpc.java:234)
	at org.apache.hadoop.hdds.scm.storage.ContainerProtocolCalls.getBlock(ContainerProtocolCalls.java:118)
	at org.apache.hadoop.hdds.scm.storage.BlockInputStream.getChunkInfos(BlockInputStream.java:167)
	at org.apache.hadoop.hdds.scm.storage.BlockInputStream.initialize(BlockInputStream.java:118)
	at org.apache.hadoop.hdds.scm.storage.BlockInputStream.read(BlockInputStream.java:222)
	at org.apache.hadoop.ozone.client.io.KeyInputStream.read(KeyInputStream.java:171)
	at org.apache.hadoop.ozone.client.io.OzoneInputStream.read(OzoneInputStream.java:47)
	at java.io.InputStream.read(InputStream.java:101)
	at org.apache.hadoop.ozone.container.ContainerTestHelper.validateData(ContainerTestHelper.java:713)
	at org.apache.hadoop.ozone.client.rpc.TestBlockOutputStreamWithFailures.validateData(TestBlockOutputStreamWithFailures.java:1216)
	at org.apache.hadoop.ozone.client.rpc.TestBlockOutputStreamWithFailures.testWatchForCommitWithSingleNodeRatis(TestBlockOutputStreamWithFailures.java:918)
	at sun.reflect.NativeMethodAccessorImpl.invoke0(Native Method)
	at sun.reflect.NativeMethodAccessorImpl.invoke(NativeMethodAccessorImpl.java:62)
	at sun.reflect.DelegatingMethodAccessorImpl.invoke(DelegatingMethodAccessorImpl.java:43)
	at java.lang.reflect.Method.invoke(Method.java:498)
	at org.junit.runners.model.FrameworkMethod$1.runReflectiveCall(FrameworkMethod.java:47)
	at org.junit.internal.runners.model.ReflectiveCallable.run(ReflectiveCallable.java:12)
	at org.junit.runners.model.FrameworkMethod.invokeExplosively(FrameworkMethod.java:44)
	at org.junit.internal.runners.statements.InvokeMethod.evaluate(InvokeMethod.java:17)
	at org.junit.internal.runners.statements.RunBefores.evaluate(RunBefores.java:26)
	at org.junit.internal.runners.statements.RunAfters.evaluate(RunAfters.java:27)
	at org.junit.runners.ParentRunner.runLeaf(ParentRunner.java:271)
	at org.junit.runners.BlockJUnit4ClassRunner.runChild(BlockJUnit4ClassRunner.java:70)
	at org.junit.runners.BlockJUnit4ClassRunner.runChild(BlockJUnit4ClassRunner.java:50)
	at org.junit.runners.ParentRunner$3.run(ParentRunner.java:238)
	at org.junit.runners.ParentRunner$1.schedule(ParentRunner.java:63)
	at org.junit.runners.ParentRunner.runChildren(ParentRunner.java:236)
	at org.junit.runners.ParentRunner.access$000(ParentRunner.java:53)
	at org.junit.runners.ParentRunner$2.evaluate(ParentRunner.java:229)
	at org.junit.runners.ParentRunner.run(ParentRunner.java:309)
	at org.apache.maven.surefire.junit4.JUnit4Provider.execute(JUnit4Provider.java:365)
	at org.apache.maven.surefire.junit4.JUnit4Provider.executeWithRerun(JUnit4Provider.java:273)
	at org.apache.maven.surefire.junit4.JUnit4Provider.executeTestSet(JUnit4Provider.java:238)
	at org.apache.maven.surefire.junit4.JUnit4Provider.invoke(JUnit4Provider.java:159)
	at org.apache.maven.surefire.booter.ForkedBooter.invokeProviderInSameClassLoader(ForkedBooter.java:384)
	at org.apache.maven.surefire.booter.ForkedBooter.runSuitesInProcess(ForkedBooter.java:345)
	at org.apache.maven.surefire.booter.ForkedBooter.execute(ForkedBooter.java:126)
	at org.apache.maven.surefire.booter.ForkedBooter.main(ForkedBooter.java:418)

Sep 04, 2019 2:52:05 AM org.apache.ratis.thirdparty.io.grpc.internal.ManagedChannelOrphanWrapper$ManagedChannelReference cleanQueue
SEVERE: *~*~*~ Channel ManagedChannelImpl{logId=2724, target=192.168.69.105:35096} was not shutdown properly!!! ~*~*~*
    Make sure to call shutdown()/shutdownNow() and wait until awaitTermination() returns true.
java.lang.RuntimeException: ManagedChannel allocation site
	at org.apache.ratis.thirdparty.io.grpc.internal.ManagedChannelOrphanWrapper$ManagedChannelReference.<init>(ManagedChannelOrphanWrapper.java:103)
	at org.apache.ratis.thirdparty.io.grpc.internal.ManagedChannelOrphanWrapper.<init>(ManagedChannelOrphanWrapper.java:53)
	at org.apache.ratis.thirdparty.io.grpc.internal.ManagedChannelOrphanWrapper.<init>(ManagedChannelOrphanWrapper.java:44)
	at org.apache.ratis.thirdparty.io.grpc.internal.AbstractManagedChannelImplBuilder.build(AbstractManagedChannelImplBuilder.java:411)
	at org.apache.ratis.grpc.client.GrpcClientProtocolClient.<init>(GrpcClientProtocolClient.java:119)
	at org.apache.ratis.grpc.client.GrpcClientRpc.lambda$new$0(GrpcClientRpc.java:55)
	at org.apache.ratis.util.PeerProxyMap$PeerAndProxy.lambda$getProxy$0(PeerProxyMap.java:61)
	at org.apache.ratis.util.LifeCycle.startAndTransition(LifeCycle.java:202)
	at org.apache.ratis.util.PeerProxyMap$PeerAndProxy.getProxy(PeerProxyMap.java:60)
	at org.apache.ratis.util.PeerProxyMap.getProxy(PeerProxyMap.java:107)
	at org.apache.ratis.grpc.client.GrpcClientRpc.sendRequestAsync(GrpcClientRpc.java:66)
	at org.apache.ratis.client.impl.OrderedAsync.sendRequest(OrderedAsync.java:208)
	at org.apache.ratis.client.impl.OrderedAsync.sendRequestWithRetry(OrderedAsync.java:169)
	at org.apache.ratis.util.SlidingWindow$Client.sendOrDelayRequest(SlidingWindow.java:278)
	at org.apache.ratis.util.SlidingWindow$Client.submitNewRequest(SlidingWindow.java:257)
	at org.apache.ratis.client.impl.OrderedAsync.send(OrderedAsync.java:155)
	at org.apache.ratis.client.impl.RaftClientImpl.sendAsync(RaftClientImpl.java:145)
	at org.apache.ratis.client.impl.RaftClientImpl.sendAsync(RaftClientImpl.java:125)
	at org.apache.hadoop.hdds.scm.XceiverClientRatis.sendRequestAsync(XceiverClientRatis.java:224)
	at org.apache.hadoop.hdds.scm.XceiverClientRatis.sendCommandAsync(XceiverClientRatis.java:302)
	at org.apache.hadoop.hdds.scm.storage.ContainerProtocolCalls.writeChunkAsync(ContainerProtocolCalls.java:310)
	at org.apache.hadoop.hdds.scm.storage.BlockOutputStream.writeChunkToContainer(BlockOutputStream.java:601)
	at org.apache.hadoop.hdds.scm.storage.BlockOutputStream.writeChunk(BlockOutputStream.java:459)
	at org.apache.hadoop.hdds.scm.storage.BlockOutputStream.writeOnRetry(BlockOutputStream.java:285)
	at org.apache.hadoop.ozone.client.io.BlockOutputStreamEntry.writeOnRetry(BlockOutputStreamEntry.java:200)
	at org.apache.hadoop.ozone.client.io.KeyOutputStream.handleWrite(KeyOutputStream.java:209)
	at org.apache.hadoop.ozone.client.io.KeyOutputStream.handleRetry(KeyOutputStream.java:376)
	at org.apache.hadoop.ozone.client.io.KeyOutputStream.handleException(KeyOutputStream.java:325)
	at org.apache.hadoop.ozone.client.io.KeyOutputStream.handleFlushOrClose(KeyOutputStream.java:448)
	at org.apache.hadoop.ozone.client.io.KeyOutputStream.handleWrite(KeyOutputStream.java:235)
	at org.apache.hadoop.ozone.client.io.KeyOutputStream.write(KeyOutputStream.java:193)
	at org.apache.hadoop.ozone.client.io.OzoneOutputStream.write(OzoneOutputStream.java:49)
	at java.io.OutputStream.write(OutputStream.java:75)
	at org.apache.hadoop.ozone.client.rpc.TestBlockOutputStreamWithFailures.testWatchForCommitWithSingleNodeRatis(TestBlockOutputStreamWithFailures.java:885)
	at sun.reflect.NativeMethodAccessorImpl.invoke0(Native Method)
	at sun.reflect.NativeMethodAccessorImpl.invoke(NativeMethodAccessorImpl.java:62)
	at sun.reflect.DelegatingMethodAccessorImpl.invoke(DelegatingMethodAccessorImpl.java:43)
	at java.lang.reflect.Method.invoke(Method.java:498)
	at org.junit.runners.model.FrameworkMethod$1.runReflectiveCall(FrameworkMethod.java:47)
	at org.junit.internal.runners.model.ReflectiveCallable.run(ReflectiveCallable.java:12)
	at org.junit.runners.model.FrameworkMethod.invokeExplosively(FrameworkMethod.java:44)
	at org.junit.internal.runners.statements.InvokeMethod.evaluate(InvokeMethod.java:17)
	at org.junit.internal.runners.statements.RunBefores.evaluate(RunBefores.java:26)
	at org.junit.internal.runners.statements.RunAfters.evaluate(RunAfters.java:27)
	at org.junit.runners.ParentRunner.runLeaf(ParentRunner.java:271)
	at org.junit.runners.BlockJUnit4ClassRunner.runChild(BlockJUnit4ClassRunner.java:70)
	at org.junit.runners.BlockJUnit4ClassRunner.runChild(BlockJUnit4ClassRunner.java:50)
	at org.junit.runners.ParentRunner$3.run(ParentRunner.java:238)
	at org.junit.runners.ParentRunner$1.schedule(ParentRunner.java:63)
	at org.junit.runners.ParentRunner.runChildren(ParentRunner.java:236)
	at org.junit.runners.ParentRunner.access$000(ParentRunner.java:53)
	at org.junit.runners.ParentRunner$2.evaluate(ParentRunner.java:229)
	at org.junit.runners.ParentRunner.run(ParentRunner.java:309)
	at org.apache.maven.surefire.junit4.JUnit4Provider.execute(JUnit4Provider.java:365)
	at org.apache.maven.surefire.junit4.JUnit4Provider.executeWithRerun(JUnit4Provider.java:273)
	at org.apache.maven.surefire.junit4.JUnit4Provider.executeTestSet(JUnit4Provider.java:238)
	at org.apache.maven.surefire.junit4.JUnit4Provider.invoke(JUnit4Provider.java:159)
	at org.apache.maven.surefire.booter.ForkedBooter.invokeProviderInSameClassLoader(ForkedBooter.java:384)
	at org.apache.maven.surefire.booter.ForkedBooter.runSuitesInProcess(ForkedBooter.java:345)
	at org.apache.maven.surefire.booter.ForkedBooter.execute(ForkedBooter.java:126)
	at org.apache.maven.surefire.booter.ForkedBooter.main(ForkedBooter.java:418)

Sep 04, 2019 2:52:05 AM org.apache.ratis.thirdparty.io.grpc.internal.ManagedChannelOrphanWrapper$ManagedChannelReference cleanQueue
SEVERE: *~*~*~ Channel ManagedChannelImpl{logId=2729, target=192.168.69.105:38422} was not shutdown properly!!! ~*~*~*
    Make sure to call shutdown()/shutdownNow() and wait until awaitTermination() returns true.
java.lang.RuntimeException: ManagedChannel allocation site
	at org.apache.ratis.thirdparty.io.grpc.internal.ManagedChannelOrphanWrapper$ManagedChannelReference.<init>(ManagedChannelOrphanWrapper.java:103)
	at org.apache.ratis.thirdparty.io.grpc.internal.ManagedChannelOrphanWrapper.<init>(ManagedChannelOrphanWrapper.java:53)
	at org.apache.ratis.thirdparty.io.grpc.internal.ManagedChannelOrphanWrapper.<init>(ManagedChannelOrphanWrapper.java:44)
	at org.apache.ratis.thirdparty.io.grpc.internal.AbstractManagedChannelImplBuilder.build(AbstractManagedChannelImplBuilder.java:411)
	at org.apache.hadoop.hdds.scm.XceiverClientGrpc.connectToDatanode(XceiverClientGrpc.java:175)
	at org.apache.hadoop.hdds.scm.XceiverClientGrpc.reconnect(XceiverClientGrpc.java:423)
	at org.apache.hadoop.hdds.scm.XceiverClientGrpc.sendCommandAsync(XceiverClientGrpc.java:372)
	at org.apache.hadoop.hdds.scm.XceiverClientGrpc.sendCommandWithRetry(XceiverClientGrpc.java:285)
	at org.apache.hadoop.hdds.scm.XceiverClientGrpc.sendCommandWithTraceIDAndRetry(XceiverClientGrpc.java:251)
	at org.apache.hadoop.hdds.scm.XceiverClientGrpc.sendCommand(XceiverClientGrpc.java:234)
	at org.apache.hadoop.hdds.scm.storage.ContainerProtocolCalls.getBlock(ContainerProtocolCalls.java:118)
	at org.apache.hadoop.hdds.scm.storage.BlockInputStream.getChunkInfos(BlockInputStream.java:167)
	at org.apache.hadoop.hdds.scm.storage.BlockInputStream.initialize(BlockInputStream.java:118)
	at org.apache.hadoop.hdds.scm.storage.BlockInputStream.read(BlockInputStream.java:222)
	at org.apache.hadoop.ozone.client.io.KeyInputStream.read(KeyInputStream.java:171)
	at org.apache.hadoop.ozone.client.io.OzoneInputStream.read(OzoneInputStream.java:47)
	at java.io.InputStream.read(InputStream.java:101)
	at org.apache.hadoop.ozone.container.ContainerTestHelper.validateData(ContainerTestHelper.java:713)
	at org.apache.hadoop.ozone.client.rpc.TestBlockOutputStreamWithFailures.validateData(TestBlockOutputStreamWithFailures.java:1216)
	at org.apache.hadoop.ozone.client.rpc.TestBlockOutputStreamWithFailures.testWatchForCommitWithSingleNodeRatis(TestBlockOutputStreamWithFailures.java:918)
	at sun.reflect.NativeMethodAccessorImpl.invoke0(Native Method)
	at sun.reflect.NativeMethodAccessorImpl.invoke(NativeMethodAccessorImpl.java:62)
	at sun.reflect.DelegatingMethodAccessorImpl.invoke(DelegatingMethodAccessorImpl.java:43)
	at java.lang.reflect.Method.invoke(Method.java:498)
	at org.junit.runners.model.FrameworkMethod$1.runReflectiveCall(FrameworkMethod.java:47)
	at org.junit.internal.runners.model.ReflectiveCallable.run(ReflectiveCallable.java:12)
	at org.junit.runners.model.FrameworkMethod.invokeExplosively(FrameworkMethod.java:44)
	at org.junit.internal.runners.statements.InvokeMethod.evaluate(InvokeMethod.java:17)
	at org.junit.internal.runners.statements.RunBefores.evaluate(RunBefores.java:26)
	at org.junit.internal.runners.statements.RunAfters.evaluate(RunAfters.java:27)
	at org.junit.runners.ParentRunner.runLeaf(ParentRunner.java:271)
	at org.junit.runners.BlockJUnit4ClassRunner.runChild(BlockJUnit4ClassRunner.java:70)
	at org.junit.runners.BlockJUnit4ClassRunner.runChild(BlockJUnit4ClassRunner.java:50)
	at org.junit.runners.ParentRunner$3.run(ParentRunner.java:238)
	at org.junit.runners.ParentRunner$1.schedule(ParentRunner.java:63)
	at org.junit.runners.ParentRunner.runChildren(ParentRunner.java:236)
	at org.junit.runners.ParentRunner.access$000(ParentRunner.java:53)
	at org.junit.runners.ParentRunner$2.evaluate(ParentRunner.java:229)
	at org.junit.runners.ParentRunner.run(ParentRunner.java:309)
	at org.apache.maven.surefire.junit4.JUnit4Provider.execute(JUnit4Provider.java:365)
	at org.apache.maven.surefire.junit4.JUnit4Provider.executeWithRerun(JUnit4Provider.java:273)
	at org.apache.maven.surefire.junit4.JUnit4Provider.executeTestSet(JUnit4Provider.java:238)
	at org.apache.maven.surefire.junit4.JUnit4Provider.invoke(JUnit4Provider.java:159)
	at org.apache.maven.surefire.booter.ForkedBooter.invokeProviderInSameClassLoader(ForkedBooter.java:384)
	at org.apache.maven.surefire.booter.ForkedBooter.runSuitesInProcess(ForkedBooter.java:345)
	at org.apache.maven.surefire.booter.ForkedBooter.execute(ForkedBooter.java:126)
	at org.apache.maven.surefire.booter.ForkedBooter.main(ForkedBooter.java:418)

Sep 04, 2019 2:52:05 AM org.apache.ratis.thirdparty.io.grpc.internal.ManagedChannelOrphanWrapper$ManagedChannelReference cleanQueue
SEVERE: *~*~*~ Channel ManagedChannelImpl{logId=2699, target=192.168.69.105:41651} was not shutdown properly!!! ~*~*~*
    Make sure to call shutdown()/shutdownNow() and wait until awaitTermination() returns true.
java.lang.RuntimeException: ManagedChannel allocation site
	at org.apache.ratis.thirdparty.io.grpc.internal.ManagedChannelOrphanWrapper$ManagedChannelReference.<init>(ManagedChannelOrphanWrapper.java:103)
	at org.apache.ratis.thirdparty.io.grpc.internal.ManagedChannelOrphanWrapper.<init>(ManagedChannelOrphanWrapper.java:53)
	at org.apache.ratis.thirdparty.io.grpc.internal.ManagedChannelOrphanWrapper.<init>(ManagedChannelOrphanWrapper.java:44)
	at org.apache.ratis.thirdparty.io.grpc.internal.AbstractManagedChannelImplBuilder.build(AbstractManagedChannelImplBuilder.java:411)
	at org.apache.ratis.grpc.client.GrpcClientProtocolClient.<init>(GrpcClientProtocolClient.java:119)
	at org.apache.ratis.grpc.client.GrpcClientRpc.lambda$new$0(GrpcClientRpc.java:55)
	at org.apache.ratis.util.PeerProxyMap$PeerAndProxy.lambda$getProxy$0(PeerProxyMap.java:61)
	at org.apache.ratis.util.LifeCycle.startAndTransition(LifeCycle.java:202)
	at org.apache.ratis.util.PeerProxyMap$PeerAndProxy.getProxy(PeerProxyMap.java:60)
	at org.apache.ratis.util.PeerProxyMap.getProxy(PeerProxyMap.java:107)
	at org.apache.ratis.grpc.client.GrpcClientRpc.sendRequestAsync(GrpcClientRpc.java:66)
	at org.apache.ratis.client.impl.OrderedAsync.sendRequest(OrderedAsync.java:208)
	at org.apache.ratis.client.impl.OrderedAsync.sendRequestWithRetry(OrderedAsync.java:169)
	at org.apache.ratis.util.SlidingWindow$Client.sendOrDelayRequest(SlidingWindow.java:278)
	at org.apache.ratis.util.SlidingWindow$Client.retry(SlidingWindow.java:294)
	at org.apache.ratis.client.impl.OrderedAsync.lambda$scheduleWithTimeout$7(OrderedAsync.java:195)
	at org.apache.ratis.util.TimeoutScheduler.lambda$onTimeout$0(TimeoutScheduler.java:85)
	at org.apache.ratis.util.TimeoutScheduler.lambda$onTimeout$1(TimeoutScheduler.java:104)
	at org.apache.ratis.util.LogUtils.runAndLog(LogUtils.java:50)
	at org.apache.ratis.util.LogUtils$1.run(LogUtils.java:91)
	at java.util.concurrent.Executors$RunnableAdapter.call(Executors.java:511)
	at java.util.concurrent.FutureTask.run(FutureTask.java:266)
	at java.util.concurrent.ScheduledThreadPoolExecutor$ScheduledFutureTask.access$201(ScheduledThreadPoolExecutor.java:180)
	at java.util.concurrent.ScheduledThreadPoolExecutor$ScheduledFutureTask.run(ScheduledThreadPoolExecutor.java:293)
	at java.util.concurrent.ThreadPoolExecutor.runWorker(ThreadPoolExecutor.java:1149)
	at java.util.concurrent.ThreadPoolExecutor$Worker.run(ThreadPoolExecutor.java:624)
	at java.lang.Thread.run(Thread.java:748)

]]></system-err>
  </testcase>
  <testcase name="testFailureWithPrimeSizedData" classname="org.apache.hadoop.ozone.client.rpc.TestBlockOutputStreamWithFailures" time="35.908"/>
  <testcase name="testWatchForCommitWithCloseContainerException" classname="org.apache.hadoop.ozone.client.rpc.TestBlockOutputStreamWithFailures" time="39.662"/>
  <testcase name="testExceptionDuringClose" classname="org.apache.hadoop.ozone.client.rpc.TestBlockOutputStreamWithFailures" time="35.846"/>
</testsuite>