<?xml version="1.0" encoding="UTF-8"?>
<testsuite xmlns:xsi="http://www.w3.org/2001/XMLSchema-instance" xsi:noNamespaceSchemaLocation="https://maven.apache.org/surefire/maven-surefire-plugin/xsd/surefire-test-report.xsd" name="org.apache.hadoop.ozone.client.rpc.TestOzoneClientRetriesOnException" time="389.319" tests="2" errors="1" skipped="0" failures="0">
  <properties>
    <property name="awt.toolkit" value="sun.awt.X11.XToolkit"/>
    <property name="file.encoding.pkg" value="sun.io"/>
    <property name="java.specification.version" value="1.8"/>
    <property name="sun.cpu.isalist" value=""/>
    <property name="sun.jnu.encoding" value="UTF-8"/>
    <property name="java.class.path" value="/workdir/hadoop-ozone/integration-test/target/test-classes:/workdir/hadoop-ozone/integration-test/target/classes:/home/user/.m2/repository/org/apache/hadoop/hadoop-ozone-common/0.5.0-SNAPSHOT/hadoop-ozone-common-0.5.0-SNAPSHOT.jar:/home/user/.m2/repository/org/apache/commons/commons-compress/1.4.1/commons-compress-1.4.1.jar:/home/user/.m2/repository/org/tukaani/xz/1.0/xz-1.0.jar:/home/user/.m2/repository/org/apache/hadoop/hadoop-common/3.2.0/hadoop-common-3.2.0.jar:/home/user/.m2/repository/org/apache/hadoop/hadoop-hdfs/3.2.0/hadoop-hdfs-3.2.0.jar:/home/user/.m2/repository/org/apache/hadoop/hadoop-hdfs-client/3.2.0/hadoop-hdfs-client-3.2.0.jar:/home/user/.m2/repository/com/fasterxml/jackson/core/jackson-annotations/2.9.5/jackson-annotations-2.9.5.jar:/home/user/.m2/repository/org/apache/hadoop/hadoop-hdds-common/0.5.0-SNAPSHOT/hadoop-hdds-common-0.5.0-SNAPSHOT.jar:/home/user/.m2/repository/javax/annotation/javax.annotation-api/1.2/javax.annotation-api-1.2.jar:/home/user/.m2/repository/org/apache/ratis/ratis-server/0.4.0-2337318-SNAPSHOT/ratis-server-0.4.0-2337318-SNAPSHOT.jar:/home/user/.m2/repository/org/apache/ratis/ratis-thirdparty-misc/0.2.0/ratis-thirdparty-misc-0.2.0.jar:/home/user/.m2/repository/org/apache/ratis/ratis-proto/0.4.0-2337318-SNAPSHOT/ratis-proto-0.4.0-2337318-SNAPSHOT.jar:/home/user/.m2/repository/org/apache/ratis/ratis-common/0.4.0-2337318-SNAPSHOT/ratis-common-0.4.0-2337318-SNAPSHOT.jar:/home/user/.m2/repository/org/apache/ratis/ratis-client/0.4.0-2337318-SNAPSHOT/ratis-client-0.4.0-2337318-SNAPSHOT.jar:/home/user/.m2/repository/org/apache/ratis/ratis-metrics/0.4.0-2337318-SNAPSHOT/ratis-metrics-0.4.0-2337318-SNAPSHOT.jar:/home/user/.m2/repository/org/apache/ratis/ratis-netty/0.4.0-2337318-SNAPSHOT/ratis-netty-0.4.0-2337318-SNAPSHOT.jar:/home/user/.m2/repository/org/apache/ratis/ratis-grpc/0.4.0-2337318-SNAPSHOT/ratis-grpc-0.4.0-2337318-SNAPSHOT.jar:/home/user/.m2/repository/org/rocksdb/rocksdbjni/6.0.1/rocksdbjni-6.0.1.jar:/home/user/.m2/repository/org/apache/logging/log4j/log4j-api/2.11.0/log4j-api-2.11.0.jar:/home/user/.m2/repository/org/apache/logging/log4j/log4j-core/2.11.0/log4j-core-2.11.0.jar:/home/user/.m2/repository/com/lmax/disruptor/3.4.2/disruptor-3.4.2.jar:/home/user/.m2/repository/org/apache/commons/commons-pool2/2.6.0/commons-pool2-2.6.0.jar:/home/user/.m2/repository/org/bouncycastle/bcpkix-jdk15on/1.60/bcpkix-jdk15on-1.60.jar:/home/user/.m2/repository/commons-validator/commons-validator/1.6/commons-validator-1.6.jar:/home/user/.m2/repository/commons-digester/commons-digester/1.8.1/commons-digester-1.8.1.jar:/home/user/.m2/repository/io/jaegertracing/jaeger-client/0.33.1/jaeger-client-0.33.1.jar:/home/user/.m2/repository/io/jaegertracing/jaeger-thrift/0.33.1/jaeger-thrift-0.33.1.jar:/home/user/.m2/repository/org/apache/thrift/libthrift/0.11.0/libthrift-0.11.0.jar:/home/user/.m2/repository/com/squareup/okhttp3/okhttp/3.9.0/okhttp-3.9.0.jar:/home/user/.m2/repository/com/squareup/okio/okio/1.13.0/okio-1.13.0.jar:/home/user/.m2/repository/io/jaegertracing/jaeger-core/0.33.1/jaeger-core-0.33.1.jar:/home/user/.m2/repository/io/jaegertracing/jaeger-tracerresolver/0.33.1/jaeger-tracerresolver-0.33.1.jar:/home/user/.m2/repository/io/opentracing/contrib/opentracing-tracerresolver/0.1.5/opentracing-tracerresolver-0.1.5.jar:/home/user/.m2/repository/io/opentracing/opentracing-util/0.31.0/opentracing-util-0.31.0.jar:/home/user/.m2/repository/io/opentracing/opentracing-api/0.31.0/opentracing-api-0.31.0.jar:/home/user/.m2/repository/io/opentracing/opentracing-noop/0.31.0/opentracing-noop-0.31.0.jar:/home/user/.m2/repository/org/apache/hadoop/hadoop-hdds-server-framework/0.5.0-SNAPSHOT/hadoop-hdds-server-framework-0.5.0-SNAPSHOT.jar:/home/user/.m2/repository/org/apache/hadoop/hadoop-hdds-container-service/0.5.0-SNAPSHOT/hadoop-hdds-container-service-0.5.0-SNAPSHOT.jar:/home/user/.m2/repository/org/apache/hadoop/hadoop-hdds-client/0.5.0-SNAPSHOT/hadoop-hdds-client-0.5.0-SNAPSHOT.jar:/home/user/.m2/repository/org/apache/hadoop/hadoop-hdds-tools/0.5.0-SNAPSHOT/hadoop-hdds-tools-0.5.0-SNAPSHOT.jar:/home/user/.m2/repository/org/apache/hadoop/hadoop-hdds-server-scm/0.5.0-SNAPSHOT/hadoop-hdds-server-scm-0.5.0-SNAPSHOT.jar:/home/user/.m2/repository/org/apache/hadoop/hadoop-hdds-docs/0.5.0-SNAPSHOT/hadoop-hdds-docs-0.5.0-SNAPSHOT.jar:/home/user/.m2/repository/io/dropwizard/metrics/metrics-core/3.2.4/metrics-core-3.2.4.jar:/home/user/.m2/repository/org/hamcrest/hamcrest-all/1.3/hamcrest-all-1.3.jar:/home/user/.m2/repository/org/bouncycastle/bcprov-jdk15on/1.60/bcprov-jdk15on-1.60.jar:/home/user/.m2/repository/info/picocli/picocli/3.9.6/picocli-3.9.6.jar:/home/user/.m2/repository/com/google/protobuf/protobuf-java/2.5.0/protobuf-java-2.5.0.jar:/home/user/.m2/repository/com/google/guava/guava/11.0.2/guava-11.0.2.jar:/home/user/.m2/repository/org/apache/hadoop/hadoop-ozone-ozone-manager/0.5.0-SNAPSHOT/hadoop-ozone-ozone-manager-0.5.0-SNAPSHOT.jar:/home/user/.m2/repository/org/apache/hadoop/hadoop-minikdc/3.2.0/hadoop-minikdc-3.2.0.jar:/home/user/.m2/repository/commons-io/commons-io/2.5/commons-io-2.5.jar:/home/user/.m2/repository/org/apache/kerby/kerb-simplekdc/1.0.1/kerb-simplekdc-1.0.1.jar:/home/user/.m2/repository/org/apache/kerby/kerb-client/1.0.1/kerb-client-1.0.1.jar:/home/user/.m2/repository/org/apache/kerby/kerby-config/1.0.1/kerby-config-1.0.1.jar:/home/user/.m2/repository/org/apache/kerby/kerb-core/1.0.1/kerb-core-1.0.1.jar:/home/user/.m2/repository/org/apache/kerby/kerby-pkix/1.0.1/kerby-pkix-1.0.1.jar:/home/user/.m2/repository/org/apache/kerby/kerby-asn1/1.0.1/kerby-asn1-1.0.1.jar:/home/user/.m2/repository/org/apache/kerby/kerby-util/1.0.1/kerby-util-1.0.1.jar:/home/user/.m2/repository/org/apache/kerby/kerb-common/1.0.1/kerb-common-1.0.1.jar:/home/user/.m2/repository/org/apache/kerby/kerb-crypto/1.0.1/kerb-crypto-1.0.1.jar:/home/user/.m2/repository/org/apache/kerby/kerb-util/1.0.1/kerb-util-1.0.1.jar:/home/user/.m2/repository/org/apache/kerby/token-provider/1.0.1/token-provider-1.0.1.jar:/home/user/.m2/repository/org/apache/kerby/kerb-admin/1.0.1/kerb-admin-1.0.1.jar:/home/user/.m2/repository/org/apache/kerby/kerb-server/1.0.1/kerb-server-1.0.1.jar:/home/user/.m2/repository/org/apache/kerby/kerb-identity/1.0.1/kerb-identity-1.0.1.jar:/home/user/.m2/repository/org/apache/kerby/kerby-xdr/1.0.1/kerby-xdr-1.0.1.jar:/home/user/.m2/repository/org/slf4j/slf4j-log4j12/1.7.25/slf4j-log4j12-1.7.25.jar:/home/user/.m2/repository/org/apache/hadoop/hadoop-ozone-objectstore-service/0.5.0-SNAPSHOT/hadoop-ozone-objectstore-service-0.5.0-SNAPSHOT.jar:/home/user/.m2/repository/org/apache/hadoop/hadoop-ozone-s3gateway/0.5.0-SNAPSHOT/hadoop-ozone-s3gateway-0.5.0-SNAPSHOT.jar:/home/user/.m2/repository/org/jboss/weld/servlet/weld-servlet/2.4.7.Final/weld-servlet-2.4.7.Final.jar:/home/user/.m2/repository/org/glassfish/jersey/containers/jersey-container-servlet-core/2.27/jersey-container-servlet-core-2.27.jar:/home/user/.m2/repository/org/glassfish/hk2/external/javax.inject/2.5.0-b42/javax.inject-2.5.0-b42.jar:/home/user/.m2/repository/org/glassfish/jersey/core/jersey-common/2.27/jersey-common-2.27.jar:/home/user/.m2/repository/org/glassfish/hk2/osgi-resource-locator/1.0.1/osgi-resource-locator-1.0.1.jar:/home/user/.m2/repository/javax/ws/rs/javax.ws.rs-api/2.1/javax.ws.rs-api-2.1.jar:/home/user/.m2/repository/org/glassfish/jersey/ext/cdi/jersey-cdi1x/2.27/jersey-cdi1x-2.27.jar:/home/user/.m2/repository/org/glassfish/jersey/inject/jersey-hk2/2.27/jersey-hk2-2.27.jar:/home/user/.m2/repository/org/glassfish/hk2/hk2-locator/2.5.0-b42/hk2-locator-2.5.0-b42.jar:/home/user/.m2/repository/org/javassist/javassist/3.22.0-CR2/javassist-3.22.0-CR2.jar:/home/user/.m2/repository/org/glassfish/hk2/hk2-api/2.5.0/hk2-api-2.5.0.jar:/home/user/.m2/repository/org/glassfish/hk2/external/jakarta.inject/2.5.0/jakarta.inject-2.5.0.jar:/home/user/.m2/repository/org/glassfish/hk2/hk2-utils/2.5.0/hk2-utils-2.5.0.jar:/home/user/.m2/repository/jakarta/annotation/jakarta.annotation-api/1.3.4/jakarta.annotation-api-1.3.4.jar:/home/user/.m2/repository/org/glassfish/hk2/external/aopalliance-repackaged/2.5.0/aopalliance-repackaged-2.5.0.jar:/home/user/.m2/repository/com/fasterxml/jackson/dataformat/jackson-dataformat-xml/2.9.0/jackson-dataformat-xml-2.9.0.jar:/home/user/.m2/repository/com/fasterxml/jackson/core/jackson-core/2.9.5/jackson-core-2.9.5.jar:/home/user/.m2/repository/com/fasterxml/jackson/module/jackson-module-jaxb-annotations/2.9.5/jackson-module-jaxb-annotations-2.9.5.jar:/home/user/.m2/repository/javax/enterprise/cdi-api/1.2/cdi-api-1.2.jar:/home/user/.m2/repository/javax/el/javax.el-api/3.0.0/javax.el-api-3.0.0.jar:/home/user/.m2/repository/javax/interceptor/javax.interceptor-api/1.2/javax.interceptor-api-1.2.jar:/home/user/.m2/repository/javax/inject/javax.inject/1/javax.inject-1.jar:/home/user/.m2/repository/com/sun/xml/bind/jaxb-impl/2.3.0.1/jaxb-impl-2.3.0.1.jar:/home/user/.m2/repository/com/sun/xml/bind/jaxb-core/2.3.0.1/jaxb-core-2.3.0.1.jar:/home/user/.m2/repository/javax/xml/bind/jaxb-api/2.3.0/jaxb-api-2.3.0.jar:/home/user/.m2/repository/javax/activation/activation/1.1.1/activation-1.1.1.jar:/home/user/.m2/repository/org/apache/hadoop/hadoop-ozone-csi/0.5.0-SNAPSHOT/hadoop-ozone-csi-0.5.0-SNAPSHOT.jar:/home/user/.m2/repository/com/google/protobuf/protobuf-java-util/3.5.1/protobuf-java-util-3.5.1.jar:/home/user/.m2/repository/org/apache/hadoop/hadoop-hdds-config/0.5.0-SNAPSHOT/hadoop-hdds-config-0.5.0-SNAPSHOT.jar:/home/user/.m2/repository/io/grpc/grpc-netty/1.17.1/grpc-netty-1.17.1.jar:/home/user/.m2/repository/io/grpc/grpc-core/1.17.1/grpc-core-1.17.1.jar:/home/user/.m2/repository/io/grpc/grpc-context/1.17.1/grpc-context-1.17.1.jar:/home/user/.m2/repository/com/google/errorprone/error_prone_annotations/2.2.0/error_prone_annotations-2.2.0.jar:/home/user/.m2/repository/org/codehaus/mojo/animal-sniffer-annotations/1.17/animal-sniffer-annotations-1.17.jar:/home/user/.m2/repository/io/opencensus/opencensus-api/0.17.0/opencensus-api-0.17.0.jar:/home/user/.m2/repository/io/opencensus/opencensus-contrib-grpc-metrics/0.17.0/opencensus-contrib-grpc-metrics-0.17.0.jar:/home/user/.m2/repository/io/netty/netty-codec-http2/4.1.30.Final/netty-codec-http2-4.1.30.Final.jar:/home/user/.m2/repository/io/netty/netty-codec-http/4.1.30.Final/netty-codec-http-4.1.30.Final.jar:/home/user/.m2/repository/io/netty/netty-codec/4.1.30.Final/netty-codec-4.1.30.Final.jar:/home/user/.m2/repository/io/netty/netty-handler/4.1.30.Final/netty-handler-4.1.30.Final.jar:/home/user/.m2/repository/io/netty/netty-handler-proxy/4.1.30.Final/netty-handler-proxy-4.1.30.Final.jar:/home/user/.m2/repository/io/netty/netty-codec-socks/4.1.30.Final/netty-codec-socks-4.1.30.Final.jar:/home/user/.m2/repository/io/netty/netty-transport-native-epoll/4.1.30.Final/netty-transport-native-epoll-4.1.30.Final.jar:/home/user/.m2/repository/io/netty/netty-common/4.1.30.Final/netty-common-4.1.30.Final.jar:/home/user/.m2/repository/io/netty/netty-buffer/4.1.30.Final/netty-buffer-4.1.30.Final.jar:/home/user/.m2/repository/io/netty/netty-transport/4.1.30.Final/netty-transport-4.1.30.Final.jar:/home/user/.m2/repository/io/netty/netty-resolver/4.1.30.Final/netty-resolver-4.1.30.Final.jar:/home/user/.m2/repository/io/netty/netty-transport-native-unix-common/4.1.30.Final/netty-transport-native-unix-common-4.1.30.Final.jar:/home/user/.m2/repository/io/grpc/grpc-protobuf/1.17.1/grpc-protobuf-1.17.1.jar:/home/user/.m2/repository/com/google/api/grpc/proto-google-common-protos/1.0.0/proto-google-common-protos-1.0.0.jar:/home/user/.m2/repository/io/grpc/grpc-protobuf-lite/1.17.1/grpc-protobuf-lite-1.17.1.jar:/home/user/.m2/repository/io/grpc/grpc-stub/1.17.1/grpc-stub-1.17.1.jar:/home/user/.m2/repository/org/apache/hadoop/hadoop-ozone-recon/0.5.0-SNAPSHOT/hadoop-ozone-recon-0.5.0-SNAPSHOT.jar:/home/user/.m2/repository/org/apache/hadoop/hadoop-ozone-reconcodegen/0.5.0-SNAPSHOT/hadoop-ozone-reconcodegen-0.5.0-SNAPSHOT.jar:/home/user/.m2/repository/com/google/inject/extensions/guice-multibindings/4.0/guice-multibindings-4.0.jar:/home/user/.m2/repository/com/google/inject/guice/4.0/guice-4.0.jar:/home/user/.m2/repository/aopalliance/aopalliance/1.0/aopalliance-1.0.jar:/home/user/.m2/repository/com/google/inject/extensions/guice-servlet/4.0/guice-servlet-4.0.jar:/home/user/.m2/repository/org/glassfish/jersey/containers/jersey-container-servlet/2.27/jersey-container-servlet-2.27.jar:/home/user/.m2/repository/org/glassfish/hk2/guice-bridge/2.5.0/guice-bridge-2.5.0.jar:/home/user/.m2/repository/org/glassfish/jersey/core/jersey-server/2.27/jersey-server-2.27.jar:/home/user/.m2/repository/org/glassfish/jersey/core/jersey-client/2.27/jersey-client-2.27.jar:/home/user/.m2/repository/org/glassfish/jersey/media/jersey-media-jaxb/2.27/jersey-media-jaxb-2.27.jar:/home/user/.m2/repository/javax/validation/validation-api/1.1.0.Final/validation-api-1.1.0.Final.jar:/home/user/.m2/repository/org/glassfish/jersey/media/jersey-media-json-jackson/2.27/jersey-media-json-jackson-2.27.jar:/home/user/.m2/repository/org/glassfish/jersey/ext/jersey-entity-filtering/2.27/jersey-entity-filtering-2.27.jar:/home/user/.m2/repository/com/google/inject/extensions/guice-assistedinject/4.0/guice-assistedinject-4.0.jar:/home/user/.m2/repository/org/jooq/jooq/3.11.10/jooq-3.11.10.jar:/home/user/.m2/repository/org/jooq/jooq-meta/3.11.10/jooq-meta-3.11.10.jar:/home/user/.m2/repository/org/jooq/jooq-codegen/3.11.10/jooq-codegen-3.11.10.jar:/home/user/.m2/repository/com/jolbox/bonecp/0.8.0.RELEASE/bonecp-0.8.0.RELEASE.jar:/home/user/.m2/repository/org/xerial/sqlite-jdbc/3.25.2/sqlite-jdbc-3.25.2.jar:/home/user/.m2/repository/org/springframework/spring-jdbc/5.1.3.RELEASE/spring-jdbc-5.1.3.RELEASE.jar:/home/user/.m2/repository/org/springframework/spring-beans/5.1.3.RELEASE/spring-beans-5.1.3.RELEASE.jar:/home/user/.m2/repository/org/springframework/spring-core/5.1.3.RELEASE/spring-core-5.1.3.RELEASE.jar:/home/user/.m2/repository/org/springframework/spring-jcl/5.1.3.RELEASE/spring-jcl-5.1.3.RELEASE.jar:/home/user/.m2/repository/org/springframework/spring-tx/5.1.3.RELEASE/spring-tx-5.1.3.RELEASE.jar:/home/user/.m2/repository/org/apache/hadoop/hadoop-ozone-client/0.5.0-SNAPSHOT/hadoop-ozone-client-0.5.0-SNAPSHOT.jar:/home/user/.m2/repository/commons-lang/commons-lang/2.6/commons-lang-2.6.jar:/home/user/.m2/repository/org/apache/hadoop/hadoop-ozone-ozone-manager/0.5.0-SNAPSHOT/hadoop-ozone-ozone-manager-0.5.0-SNAPSHOT-tests.jar:/home/user/.m2/repository/junit/junit/4.11/junit-4.11.jar:/home/user/.m2/repository/org/hamcrest/hamcrest-core/1.3/hamcrest-core-1.3.jar:/home/user/.m2/repository/org/openjdk/jmh/jmh-core/1.19/jmh-core-1.19.jar:/home/user/.m2/repository/net/sf/jopt-simple/jopt-simple/4.6/jopt-simple-4.6.jar:/home/user/.m2/repository/org/apache/commons/commons-math3/3.1.1/commons-math3-3.1.1.jar:/home/user/.m2/repository/org/openjdk/jmh/jmh-generator-annprocess/1.19/jmh-generator-annprocess-1.19.jar:/home/user/.m2/repository/org/mockito/mockito-all/1.8.5/mockito-all-1.8.5.jar:/home/user/.m2/repository/org/apache/hadoop/hadoop-kms/3.2.0/hadoop-kms-3.2.0.jar:/home/user/.m2/repository/org/apache/hadoop/hadoop-auth/3.2.0/hadoop-auth-3.2.0.jar:/home/user/.m2/repository/com/nimbusds/nimbus-jose-jwt/4.41.1/nimbus-jose-jwt-4.41.1.jar:/home/user/.m2/repository/com/github/stephenc/jcip/jcip-annotations/1.0-1/jcip-annotations-1.0-1.jar:/home/user/.m2/repository/net/minidev/json-smart/2.3/json-smart-2.3.jar:/home/user/.m2/repository/net/minidev/accessors-smart/1.2/accessors-smart-1.2.jar:/home/user/.m2/repository/org/ow2/asm/asm/5.0.4/asm-5.0.4.jar:/home/user/.m2/repository/org/apache/curator/curator-framework/2.12.0/curator-framework-2.12.0.jar:/home/user/.m2/repository/com/sun/jersey/jersey-core/1.19/jersey-core-1.19.jar:/home/user/.m2/repository/javax/ws/rs/jsr311-api/1.1.1/jsr311-api-1.1.1.jar:/home/user/.m2/repository/com/sun/jersey/jersey-server/1.19/jersey-server-1.19.jar:/home/user/.m2/repository/javax/servlet/javax.servlet-api/3.1.0/javax.servlet-api-3.1.0.jar:/home/user/.m2/repository/org/eclipse/jetty/jetty-server/9.3.24.v20180605/jetty-server-9.3.24.v20180605.jar:/home/user/.m2/repository/org/eclipse/jetty/jetty-http/9.3.24.v20180605/jetty-http-9.3.24.v20180605.jar:/home/user/.m2/repository/org/eclipse/jetty/jetty-io/9.3.24.v20180605/jetty-io-9.3.24.v20180605.jar:/home/user/.m2/repository/org/eclipse/jetty/jetty-webapp/9.3.24.v20180605/jetty-webapp-9.3.24.v20180605.jar:/home/user/.m2/repository/org/eclipse/jetty/jetty-xml/9.3.24.v20180605/jetty-xml-9.3.24.v20180605.jar:/home/user/.m2/repository/log4j/log4j/1.2.17/log4j-1.2.17.jar:/home/user/.m2/repository/org/slf4j/slf4j-api/1.7.25/slf4j-api-1.7.25.jar:/home/user/.m2/repository/org/slf4j/jul-to-slf4j/1.7.25/jul-to-slf4j-1.7.25.jar:/home/user/.m2/repository/org/eclipse/jetty/jetty-util/9.3.24.v20180605/jetty-util-9.3.24.v20180605.jar:/home/user/.m2/repository/com/fasterxml/jackson/core/jackson-databind/2.9.5/jackson-databind-2.9.5.jar:/home/user/.m2/repository/org/apache/hadoop/hadoop-kms/3.2.0/hadoop-kms-3.2.0-tests.jar:/home/user/.m2/repository/org/apache/hadoop/hadoop-hdds-server-scm/0.5.0-SNAPSHOT/hadoop-hdds-server-scm-0.5.0-SNAPSHOT-tests.jar:/home/user/.m2/repository/org/apache/hadoop/hadoop-hdds-container-service/0.5.0-SNAPSHOT/hadoop-hdds-container-service-0.5.0-SNAPSHOT-tests.jar:/home/user/.m2/repository/org/yaml/snakeyaml/1.16/snakeyaml-1.16.jar:/home/user/.m2/repository/org/apache/hadoop/hadoop-common/3.2.0/hadoop-common-3.2.0-tests.jar:/home/user/.m2/repository/org/apache/hadoop/hadoop-annotations/3.2.0/hadoop-annotations-3.2.0.jar:/usr/lib/jvm/java-1.8-openjdk/jre/../lib/tools.jar:/home/user/.m2/repository/commons-cli/commons-cli/1.2/commons-cli-1.2.jar:/home/user/.m2/repository/org/apache/httpcomponents/httpclient/4.5.2/httpclient-4.5.2.jar:/home/user/.m2/repository/org/apache/httpcomponents/httpcore/4.4.4/httpcore-4.4.4.jar:/home/user/.m2/repository/commons-codec/commons-codec/1.11/commons-codec-1.11.jar:/home/user/.m2/repository/commons-net/commons-net/3.6/commons-net-3.6.jar:/home/user/.m2/repository/commons-collections/commons-collections/3.2.2/commons-collections-3.2.2.jar:/home/user/.m2/repository/org/eclipse/jetty/jetty-servlet/9.3.24.v20180605/jetty-servlet-9.3.24.v20180605.jar:/home/user/.m2/repository/org/eclipse/jetty/jetty-security/9.3.24.v20180605/jetty-security-9.3.24.v20180605.jar:/home/user/.m2/repository/javax/servlet/jsp/jsp-api/2.1/jsp-api-2.1.jar:/home/user/.m2/repository/com/sun/jersey/jersey-servlet/1.19/jersey-servlet-1.19.jar:/home/user/.m2/repository/com/sun/jersey/jersey-json/1.19/jersey-json-1.19.jar:/home/user/.m2/repository/org/codehaus/jettison/jettison/1.1/jettison-1.1.jar:/home/user/.m2/repository/org/codehaus/jackson/jackson-core-asl/1.9.13/jackson-core-asl-1.9.13.jar:/home/user/.m2/repository/org/codehaus/jackson/jackson-mapper-asl/1.9.13/jackson-mapper-asl-1.9.13.jar:/home/user/.m2/repository/org/codehaus/jackson/jackson-jaxrs/1.9.13/jackson-jaxrs-1.9.13.jar:/home/user/.m2/repository/org/codehaus/jackson/jackson-xc/1.9.13/jackson-xc-1.9.13.jar:/home/user/.m2/repository/commons-logging/commons-logging/1.1.3/commons-logging-1.1.3.jar:/home/user/.m2/repository/commons-beanutils/commons-beanutils/1.9.3/commons-beanutils-1.9.3.jar:/home/user/.m2/repository/org/apache/commons/commons-configuration2/2.1.1/commons-configuration2-2.1.1.jar:/home/user/.m2/repository/org/apache/commons/commons-lang3/3.7/commons-lang3-3.7.jar:/home/user/.m2/repository/org/apache/commons/commons-text/1.4/commons-text-1.4.jar:/home/user/.m2/repository/org/apache/avro/avro/1.7.7/avro-1.7.7.jar:/home/user/.m2/repository/com/thoughtworks/paranamer/paranamer/2.3/paranamer-2.3.jar:/home/user/.m2/repository/org/xerial/snappy/snappy-java/1.0.5/snappy-java-1.0.5.jar:/home/user/.m2/repository/com/google/re2j/re2j/1.1/re2j-1.1.jar:/home/user/.m2/repository/com/google/code/gson/gson/2.2.4/gson-2.2.4.jar:/home/user/.m2/repository/com/jcraft/jsch/0.1.54/jsch-0.1.54.jar:/home/user/.m2/repository/org/apache/curator/curator-client/2.12.0/curator-client-2.12.0.jar:/home/user/.m2/repository/org/apache/curator/curator-recipes/2.12.0/curator-recipes-2.12.0.jar:/home/user/.m2/repository/com/google/code/findbugs/jsr305/3.0.0/jsr305-3.0.0.jar:/home/user/.m2/repository/org/apache/htrace/htrace-core4/4.1.0-incubating/htrace-core4-4.1.0-incubating.jar:/home/user/.m2/repository/org/apache/zookeeper/zookeeper/3.4.13/zookeeper-3.4.13.jar:/home/user/.m2/repository/org/apache/yetus/audience-annotations/0.5.0/audience-annotations-0.5.0.jar:/home/user/.m2/repository/org/codehaus/woodstox/stax2-api/3.1.4/stax2-api-3.1.4.jar:/home/user/.m2/repository/com/fasterxml/woodstox/woodstox-core/5.0.3/woodstox-core-5.0.3.jar:/home/user/.m2/repository/dnsjava/dnsjava/2.1.7/dnsjava-2.1.7.jar:/home/user/.m2/repository/org/apache/hadoop/hadoop-hdfs/3.2.0/hadoop-hdfs-3.2.0-tests.jar:/home/user/.m2/repository/org/eclipse/jetty/jetty-util-ajax/9.3.24.v20180605/jetty-util-ajax-9.3.24.v20180605.jar:/home/user/.m2/repository/commons-daemon/commons-daemon/1.0.13/commons-daemon-1.0.13.jar:/home/user/.m2/repository/io/netty/netty/3.10.5.Final/netty-3.10.5.Final.jar:/home/user/.m2/repository/io/netty/netty-all/4.0.52.Final/netty-all-4.0.52.Final.jar:/home/user/.m2/repository/org/fusesource/leveldbjni/leveldbjni-all/1.8/leveldbjni-all-1.8.jar:"/>
    <property name="java.vm.vendor" value="IcedTea"/>
    <property name="sun.arch.data.model" value="64"/>
    <property name="test.build.dir" value="/workdir/hadoop-ozone/integration-test/target/test-dir"/>
    <property name="test.cache.data" value=""/>
    <property name="java.vendor.url" value="https://icedtea.classpath.org"/>
    <property name="user.timezone" value=""/>
    <property name="java.vm.specification.version" value="1.8"/>
    <property name="os.name" value="Linux"/>
    <property name="test.build.data" value="/workdir/hadoop-ozone/integration-test/target/test-dir"/>
    <property name="user.country" value="US"/>
    <property name="sun.java.launcher" value="SUN_STANDARD"/>
    <property name="sun.boot.library.path" value="/usr/lib/jvm/java-1.8-openjdk/jre/lib/amd64"/>
    <property name="sun.java.command" value="/workdir/hadoop-ozone/integration-test/target/surefire/surefirebooter9132145000165692730.jar /workdir/hadoop-ozone/integration-test/target/surefire 2019-09-04T02-32-25_348-jvmRun1 surefire5767778138349056708tmp surefire_371361526598723061794tmp"/>
    <property name="test" value="!TestMiniChaosOzoneCluster"/>
    <property name="surefire.test.class.path" value="/workdir/hadoop-ozone/integration-test/target/test-classes:/workdir/hadoop-ozone/integration-test/target/classes:/home/user/.m2/repository/org/apache/hadoop/hadoop-ozone-common/0.5.0-SNAPSHOT/hadoop-ozone-common-0.5.0-SNAPSHOT.jar:/home/user/.m2/repository/org/apache/commons/commons-compress/1.4.1/commons-compress-1.4.1.jar:/home/user/.m2/repository/org/tukaani/xz/1.0/xz-1.0.jar:/home/user/.m2/repository/org/apache/hadoop/hadoop-common/3.2.0/hadoop-common-3.2.0.jar:/home/user/.m2/repository/org/apache/hadoop/hadoop-hdfs/3.2.0/hadoop-hdfs-3.2.0.jar:/home/user/.m2/repository/org/apache/hadoop/hadoop-hdfs-client/3.2.0/hadoop-hdfs-client-3.2.0.jar:/home/user/.m2/repository/com/fasterxml/jackson/core/jackson-annotations/2.9.5/jackson-annotations-2.9.5.jar:/home/user/.m2/repository/org/apache/hadoop/hadoop-hdds-common/0.5.0-SNAPSHOT/hadoop-hdds-common-0.5.0-SNAPSHOT.jar:/home/user/.m2/repository/javax/annotation/javax.annotation-api/1.2/javax.annotation-api-1.2.jar:/home/user/.m2/repository/org/apache/ratis/ratis-server/0.4.0-2337318-SNAPSHOT/ratis-server-0.4.0-2337318-SNAPSHOT.jar:/home/user/.m2/repository/org/apache/ratis/ratis-thirdparty-misc/0.2.0/ratis-thirdparty-misc-0.2.0.jar:/home/user/.m2/repository/org/apache/ratis/ratis-proto/0.4.0-2337318-SNAPSHOT/ratis-proto-0.4.0-2337318-SNAPSHOT.jar:/home/user/.m2/repository/org/apache/ratis/ratis-common/0.4.0-2337318-SNAPSHOT/ratis-common-0.4.0-2337318-SNAPSHOT.jar:/home/user/.m2/repository/org/apache/ratis/ratis-client/0.4.0-2337318-SNAPSHOT/ratis-client-0.4.0-2337318-SNAPSHOT.jar:/home/user/.m2/repository/org/apache/ratis/ratis-metrics/0.4.0-2337318-SNAPSHOT/ratis-metrics-0.4.0-2337318-SNAPSHOT.jar:/home/user/.m2/repository/org/apache/ratis/ratis-netty/0.4.0-2337318-SNAPSHOT/ratis-netty-0.4.0-2337318-SNAPSHOT.jar:/home/user/.m2/repository/org/apache/ratis/ratis-grpc/0.4.0-2337318-SNAPSHOT/ratis-grpc-0.4.0-2337318-SNAPSHOT.jar:/home/user/.m2/repository/org/rocksdb/rocksdbjni/6.0.1/rocksdbjni-6.0.1.jar:/home/user/.m2/repository/org/apache/logging/log4j/log4j-api/2.11.0/log4j-api-2.11.0.jar:/home/user/.m2/repository/org/apache/logging/log4j/log4j-core/2.11.0/log4j-core-2.11.0.jar:/home/user/.m2/repository/com/lmax/disruptor/3.4.2/disruptor-3.4.2.jar:/home/user/.m2/repository/org/apache/commons/commons-pool2/2.6.0/commons-pool2-2.6.0.jar:/home/user/.m2/repository/org/bouncycastle/bcpkix-jdk15on/1.60/bcpkix-jdk15on-1.60.jar:/home/user/.m2/repository/commons-validator/commons-validator/1.6/commons-validator-1.6.jar:/home/user/.m2/repository/commons-digester/commons-digester/1.8.1/commons-digester-1.8.1.jar:/home/user/.m2/repository/io/jaegertracing/jaeger-client/0.33.1/jaeger-client-0.33.1.jar:/home/user/.m2/repository/io/jaegertracing/jaeger-thrift/0.33.1/jaeger-thrift-0.33.1.jar:/home/user/.m2/repository/org/apache/thrift/libthrift/0.11.0/libthrift-0.11.0.jar:/home/user/.m2/repository/com/squareup/okhttp3/okhttp/3.9.0/okhttp-3.9.0.jar:/home/user/.m2/repository/com/squareup/okio/okio/1.13.0/okio-1.13.0.jar:/home/user/.m2/repository/io/jaegertracing/jaeger-core/0.33.1/jaeger-core-0.33.1.jar:/home/user/.m2/repository/io/jaegertracing/jaeger-tracerresolver/0.33.1/jaeger-tracerresolver-0.33.1.jar:/home/user/.m2/repository/io/opentracing/contrib/opentracing-tracerresolver/0.1.5/opentracing-tracerresolver-0.1.5.jar:/home/user/.m2/repository/io/opentracing/opentracing-util/0.31.0/opentracing-util-0.31.0.jar:/home/user/.m2/repository/io/opentracing/opentracing-api/0.31.0/opentracing-api-0.31.0.jar:/home/user/.m2/repository/io/opentracing/opentracing-noop/0.31.0/opentracing-noop-0.31.0.jar:/home/user/.m2/repository/org/apache/hadoop/hadoop-hdds-server-framework/0.5.0-SNAPSHOT/hadoop-hdds-server-framework-0.5.0-SNAPSHOT.jar:/home/user/.m2/repository/org/apache/hadoop/hadoop-hdds-container-service/0.5.0-SNAPSHOT/hadoop-hdds-container-service-0.5.0-SNAPSHOT.jar:/home/user/.m2/repository/org/apache/hadoop/hadoop-hdds-client/0.5.0-SNAPSHOT/hadoop-hdds-client-0.5.0-SNAPSHOT.jar:/home/user/.m2/repository/org/apache/hadoop/hadoop-hdds-tools/0.5.0-SNAPSHOT/hadoop-hdds-tools-0.5.0-SNAPSHOT.jar:/home/user/.m2/repository/org/apache/hadoop/hadoop-hdds-server-scm/0.5.0-SNAPSHOT/hadoop-hdds-server-scm-0.5.0-SNAPSHOT.jar:/home/user/.m2/repository/org/apache/hadoop/hadoop-hdds-docs/0.5.0-SNAPSHOT/hadoop-hdds-docs-0.5.0-SNAPSHOT.jar:/home/user/.m2/repository/io/dropwizard/metrics/metrics-core/3.2.4/metrics-core-3.2.4.jar:/home/user/.m2/repository/org/hamcrest/hamcrest-all/1.3/hamcrest-all-1.3.jar:/home/user/.m2/repository/org/bouncycastle/bcprov-jdk15on/1.60/bcprov-jdk15on-1.60.jar:/home/user/.m2/repository/info/picocli/picocli/3.9.6/picocli-3.9.6.jar:/home/user/.m2/repository/com/google/protobuf/protobuf-java/2.5.0/protobuf-java-2.5.0.jar:/home/user/.m2/repository/com/google/guava/guava/11.0.2/guava-11.0.2.jar:/home/user/.m2/repository/org/apache/hadoop/hadoop-ozone-ozone-manager/0.5.0-SNAPSHOT/hadoop-ozone-ozone-manager-0.5.0-SNAPSHOT.jar:/home/user/.m2/repository/org/apache/hadoop/hadoop-minikdc/3.2.0/hadoop-minikdc-3.2.0.jar:/home/user/.m2/repository/commons-io/commons-io/2.5/commons-io-2.5.jar:/home/user/.m2/repository/org/apache/kerby/kerb-simplekdc/1.0.1/kerb-simplekdc-1.0.1.jar:/home/user/.m2/repository/org/apache/kerby/kerb-client/1.0.1/kerb-client-1.0.1.jar:/home/user/.m2/repository/org/apache/kerby/kerby-config/1.0.1/kerby-config-1.0.1.jar:/home/user/.m2/repository/org/apache/kerby/kerb-core/1.0.1/kerb-core-1.0.1.jar:/home/user/.m2/repository/org/apache/kerby/kerby-pkix/1.0.1/kerby-pkix-1.0.1.jar:/home/user/.m2/repository/org/apache/kerby/kerby-asn1/1.0.1/kerby-asn1-1.0.1.jar:/home/user/.m2/repository/org/apache/kerby/kerby-util/1.0.1/kerby-util-1.0.1.jar:/home/user/.m2/repository/org/apache/kerby/kerb-common/1.0.1/kerb-common-1.0.1.jar:/home/user/.m2/repository/org/apache/kerby/kerb-crypto/1.0.1/kerb-crypto-1.0.1.jar:/home/user/.m2/repository/org/apache/kerby/kerb-util/1.0.1/kerb-util-1.0.1.jar:/home/user/.m2/repository/org/apache/kerby/token-provider/1.0.1/token-provider-1.0.1.jar:/home/user/.m2/repository/org/apache/kerby/kerb-admin/1.0.1/kerb-admin-1.0.1.jar:/home/user/.m2/repository/org/apache/kerby/kerb-server/1.0.1/kerb-server-1.0.1.jar:/home/user/.m2/repository/org/apache/kerby/kerb-identity/1.0.1/kerb-identity-1.0.1.jar:/home/user/.m2/repository/org/apache/kerby/kerby-xdr/1.0.1/kerby-xdr-1.0.1.jar:/home/user/.m2/repository/org/slf4j/slf4j-log4j12/1.7.25/slf4j-log4j12-1.7.25.jar:/home/user/.m2/repository/org/apache/hadoop/hadoop-ozone-objectstore-service/0.5.0-SNAPSHOT/hadoop-ozone-objectstore-service-0.5.0-SNAPSHOT.jar:/home/user/.m2/repository/org/apache/hadoop/hadoop-ozone-s3gateway/0.5.0-SNAPSHOT/hadoop-ozone-s3gateway-0.5.0-SNAPSHOT.jar:/home/user/.m2/repository/org/jboss/weld/servlet/weld-servlet/2.4.7.Final/weld-servlet-2.4.7.Final.jar:/home/user/.m2/repository/org/glassfish/jersey/containers/jersey-container-servlet-core/2.27/jersey-container-servlet-core-2.27.jar:/home/user/.m2/repository/org/glassfish/hk2/external/javax.inject/2.5.0-b42/javax.inject-2.5.0-b42.jar:/home/user/.m2/repository/org/glassfish/jersey/core/jersey-common/2.27/jersey-common-2.27.jar:/home/user/.m2/repository/org/glassfish/hk2/osgi-resource-locator/1.0.1/osgi-resource-locator-1.0.1.jar:/home/user/.m2/repository/javax/ws/rs/javax.ws.rs-api/2.1/javax.ws.rs-api-2.1.jar:/home/user/.m2/repository/org/glassfish/jersey/ext/cdi/jersey-cdi1x/2.27/jersey-cdi1x-2.27.jar:/home/user/.m2/repository/org/glassfish/jersey/inject/jersey-hk2/2.27/jersey-hk2-2.27.jar:/home/user/.m2/repository/org/glassfish/hk2/hk2-locator/2.5.0-b42/hk2-locator-2.5.0-b42.jar:/home/user/.m2/repository/org/javassist/javassist/3.22.0-CR2/javassist-3.22.0-CR2.jar:/home/user/.m2/repository/org/glassfish/hk2/hk2-api/2.5.0/hk2-api-2.5.0.jar:/home/user/.m2/repository/org/glassfish/hk2/external/jakarta.inject/2.5.0/jakarta.inject-2.5.0.jar:/home/user/.m2/repository/org/glassfish/hk2/hk2-utils/2.5.0/hk2-utils-2.5.0.jar:/home/user/.m2/repository/jakarta/annotation/jakarta.annotation-api/1.3.4/jakarta.annotation-api-1.3.4.jar:/home/user/.m2/repository/org/glassfish/hk2/external/aopalliance-repackaged/2.5.0/aopalliance-repackaged-2.5.0.jar:/home/user/.m2/repository/com/fasterxml/jackson/dataformat/jackson-dataformat-xml/2.9.0/jackson-dataformat-xml-2.9.0.jar:/home/user/.m2/repository/com/fasterxml/jackson/core/jackson-core/2.9.5/jackson-core-2.9.5.jar:/home/user/.m2/repository/com/fasterxml/jackson/module/jackson-module-jaxb-annotations/2.9.5/jackson-module-jaxb-annotations-2.9.5.jar:/home/user/.m2/repository/javax/enterprise/cdi-api/1.2/cdi-api-1.2.jar:/home/user/.m2/repository/javax/el/javax.el-api/3.0.0/javax.el-api-3.0.0.jar:/home/user/.m2/repository/javax/interceptor/javax.interceptor-api/1.2/javax.interceptor-api-1.2.jar:/home/user/.m2/repository/javax/inject/javax.inject/1/javax.inject-1.jar:/home/user/.m2/repository/com/sun/xml/bind/jaxb-impl/2.3.0.1/jaxb-impl-2.3.0.1.jar:/home/user/.m2/repository/com/sun/xml/bind/jaxb-core/2.3.0.1/jaxb-core-2.3.0.1.jar:/home/user/.m2/repository/javax/xml/bind/jaxb-api/2.3.0/jaxb-api-2.3.0.jar:/home/user/.m2/repository/javax/activation/activation/1.1.1/activation-1.1.1.jar:/home/user/.m2/repository/org/apache/hadoop/hadoop-ozone-csi/0.5.0-SNAPSHOT/hadoop-ozone-csi-0.5.0-SNAPSHOT.jar:/home/user/.m2/repository/com/google/protobuf/protobuf-java-util/3.5.1/protobuf-java-util-3.5.1.jar:/home/user/.m2/repository/org/apache/hadoop/hadoop-hdds-config/0.5.0-SNAPSHOT/hadoop-hdds-config-0.5.0-SNAPSHOT.jar:/home/user/.m2/repository/io/grpc/grpc-netty/1.17.1/grpc-netty-1.17.1.jar:/home/user/.m2/repository/io/grpc/grpc-core/1.17.1/grpc-core-1.17.1.jar:/home/user/.m2/repository/io/grpc/grpc-context/1.17.1/grpc-context-1.17.1.jar:/home/user/.m2/repository/com/google/errorprone/error_prone_annotations/2.2.0/error_prone_annotations-2.2.0.jar:/home/user/.m2/repository/org/codehaus/mojo/animal-sniffer-annotations/1.17/animal-sniffer-annotations-1.17.jar:/home/user/.m2/repository/io/opencensus/opencensus-api/0.17.0/opencensus-api-0.17.0.jar:/home/user/.m2/repository/io/opencensus/opencensus-contrib-grpc-metrics/0.17.0/opencensus-contrib-grpc-metrics-0.17.0.jar:/home/user/.m2/repository/io/netty/netty-codec-http2/4.1.30.Final/netty-codec-http2-4.1.30.Final.jar:/home/user/.m2/repository/io/netty/netty-codec-http/4.1.30.Final/netty-codec-http-4.1.30.Final.jar:/home/user/.m2/repository/io/netty/netty-codec/4.1.30.Final/netty-codec-4.1.30.Final.jar:/home/user/.m2/repository/io/netty/netty-handler/4.1.30.Final/netty-handler-4.1.30.Final.jar:/home/user/.m2/repository/io/netty/netty-handler-proxy/4.1.30.Final/netty-handler-proxy-4.1.30.Final.jar:/home/user/.m2/repository/io/netty/netty-codec-socks/4.1.30.Final/netty-codec-socks-4.1.30.Final.jar:/home/user/.m2/repository/io/netty/netty-transport-native-epoll/4.1.30.Final/netty-transport-native-epoll-4.1.30.Final.jar:/home/user/.m2/repository/io/netty/netty-common/4.1.30.Final/netty-common-4.1.30.Final.jar:/home/user/.m2/repository/io/netty/netty-buffer/4.1.30.Final/netty-buffer-4.1.30.Final.jar:/home/user/.m2/repository/io/netty/netty-transport/4.1.30.Final/netty-transport-4.1.30.Final.jar:/home/user/.m2/repository/io/netty/netty-resolver/4.1.30.Final/netty-resolver-4.1.30.Final.jar:/home/user/.m2/repository/io/netty/netty-transport-native-unix-common/4.1.30.Final/netty-transport-native-unix-common-4.1.30.Final.jar:/home/user/.m2/repository/io/grpc/grpc-protobuf/1.17.1/grpc-protobuf-1.17.1.jar:/home/user/.m2/repository/com/google/api/grpc/proto-google-common-protos/1.0.0/proto-google-common-protos-1.0.0.jar:/home/user/.m2/repository/io/grpc/grpc-protobuf-lite/1.17.1/grpc-protobuf-lite-1.17.1.jar:/home/user/.m2/repository/io/grpc/grpc-stub/1.17.1/grpc-stub-1.17.1.jar:/home/user/.m2/repository/org/apache/hadoop/hadoop-ozone-recon/0.5.0-SNAPSHOT/hadoop-ozone-recon-0.5.0-SNAPSHOT.jar:/home/user/.m2/repository/org/apache/hadoop/hadoop-ozone-reconcodegen/0.5.0-SNAPSHOT/hadoop-ozone-reconcodegen-0.5.0-SNAPSHOT.jar:/home/user/.m2/repository/com/google/inject/extensions/guice-multibindings/4.0/guice-multibindings-4.0.jar:/home/user/.m2/repository/com/google/inject/guice/4.0/guice-4.0.jar:/home/user/.m2/repository/aopalliance/aopalliance/1.0/aopalliance-1.0.jar:/home/user/.m2/repository/com/google/inject/extensions/guice-servlet/4.0/guice-servlet-4.0.jar:/home/user/.m2/repository/org/glassfish/jersey/containers/jersey-container-servlet/2.27/jersey-container-servlet-2.27.jar:/home/user/.m2/repository/org/glassfish/hk2/guice-bridge/2.5.0/guice-bridge-2.5.0.jar:/home/user/.m2/repository/org/glassfish/jersey/core/jersey-server/2.27/jersey-server-2.27.jar:/home/user/.m2/repository/org/glassfish/jersey/core/jersey-client/2.27/jersey-client-2.27.jar:/home/user/.m2/repository/org/glassfish/jersey/media/jersey-media-jaxb/2.27/jersey-media-jaxb-2.27.jar:/home/user/.m2/repository/javax/validation/validation-api/1.1.0.Final/validation-api-1.1.0.Final.jar:/home/user/.m2/repository/org/glassfish/jersey/media/jersey-media-json-jackson/2.27/jersey-media-json-jackson-2.27.jar:/home/user/.m2/repository/org/glassfish/jersey/ext/jersey-entity-filtering/2.27/jersey-entity-filtering-2.27.jar:/home/user/.m2/repository/com/google/inject/extensions/guice-assistedinject/4.0/guice-assistedinject-4.0.jar:/home/user/.m2/repository/org/jooq/jooq/3.11.10/jooq-3.11.10.jar:/home/user/.m2/repository/org/jooq/jooq-meta/3.11.10/jooq-meta-3.11.10.jar:/home/user/.m2/repository/org/jooq/jooq-codegen/3.11.10/jooq-codegen-3.11.10.jar:/home/user/.m2/repository/com/jolbox/bonecp/0.8.0.RELEASE/bonecp-0.8.0.RELEASE.jar:/home/user/.m2/repository/org/xerial/sqlite-jdbc/3.25.2/sqlite-jdbc-3.25.2.jar:/home/user/.m2/repository/org/springframework/spring-jdbc/5.1.3.RELEASE/spring-jdbc-5.1.3.RELEASE.jar:/home/user/.m2/repository/org/springframework/spring-beans/5.1.3.RELEASE/spring-beans-5.1.3.RELEASE.jar:/home/user/.m2/repository/org/springframework/spring-core/5.1.3.RELEASE/spring-core-5.1.3.RELEASE.jar:/home/user/.m2/repository/org/springframework/spring-jcl/5.1.3.RELEASE/spring-jcl-5.1.3.RELEASE.jar:/home/user/.m2/repository/org/springframework/spring-tx/5.1.3.RELEASE/spring-tx-5.1.3.RELEASE.jar:/home/user/.m2/repository/org/apache/hadoop/hadoop-ozone-client/0.5.0-SNAPSHOT/hadoop-ozone-client-0.5.0-SNAPSHOT.jar:/home/user/.m2/repository/commons-lang/commons-lang/2.6/commons-lang-2.6.jar:/home/user/.m2/repository/org/apache/hadoop/hadoop-ozone-ozone-manager/0.5.0-SNAPSHOT/hadoop-ozone-ozone-manager-0.5.0-SNAPSHOT-tests.jar:/home/user/.m2/repository/junit/junit/4.11/junit-4.11.jar:/home/user/.m2/repository/org/hamcrest/hamcrest-core/1.3/hamcrest-core-1.3.jar:/home/user/.m2/repository/org/openjdk/jmh/jmh-core/1.19/jmh-core-1.19.jar:/home/user/.m2/repository/net/sf/jopt-simple/jopt-simple/4.6/jopt-simple-4.6.jar:/home/user/.m2/repository/org/apache/commons/commons-math3/3.1.1/commons-math3-3.1.1.jar:/home/user/.m2/repository/org/openjdk/jmh/jmh-generator-annprocess/1.19/jmh-generator-annprocess-1.19.jar:/home/user/.m2/repository/org/mockito/mockito-all/1.8.5/mockito-all-1.8.5.jar:/home/user/.m2/repository/org/apache/hadoop/hadoop-kms/3.2.0/hadoop-kms-3.2.0.jar:/home/user/.m2/repository/org/apache/hadoop/hadoop-auth/3.2.0/hadoop-auth-3.2.0.jar:/home/user/.m2/repository/com/nimbusds/nimbus-jose-jwt/4.41.1/nimbus-jose-jwt-4.41.1.jar:/home/user/.m2/repository/com/github/stephenc/jcip/jcip-annotations/1.0-1/jcip-annotations-1.0-1.jar:/home/user/.m2/repository/net/minidev/json-smart/2.3/json-smart-2.3.jar:/home/user/.m2/repository/net/minidev/accessors-smart/1.2/accessors-smart-1.2.jar:/home/user/.m2/repository/org/ow2/asm/asm/5.0.4/asm-5.0.4.jar:/home/user/.m2/repository/org/apache/curator/curator-framework/2.12.0/curator-framework-2.12.0.jar:/home/user/.m2/repository/com/sun/jersey/jersey-core/1.19/jersey-core-1.19.jar:/home/user/.m2/repository/javax/ws/rs/jsr311-api/1.1.1/jsr311-api-1.1.1.jar:/home/user/.m2/repository/com/sun/jersey/jersey-server/1.19/jersey-server-1.19.jar:/home/user/.m2/repository/javax/servlet/javax.servlet-api/3.1.0/javax.servlet-api-3.1.0.jar:/home/user/.m2/repository/org/eclipse/jetty/jetty-server/9.3.24.v20180605/jetty-server-9.3.24.v20180605.jar:/home/user/.m2/repository/org/eclipse/jetty/jetty-http/9.3.24.v20180605/jetty-http-9.3.24.v20180605.jar:/home/user/.m2/repository/org/eclipse/jetty/jetty-io/9.3.24.v20180605/jetty-io-9.3.24.v20180605.jar:/home/user/.m2/repository/org/eclipse/jetty/jetty-webapp/9.3.24.v20180605/jetty-webapp-9.3.24.v20180605.jar:/home/user/.m2/repository/org/eclipse/jetty/jetty-xml/9.3.24.v20180605/jetty-xml-9.3.24.v20180605.jar:/home/user/.m2/repository/log4j/log4j/1.2.17/log4j-1.2.17.jar:/home/user/.m2/repository/org/slf4j/slf4j-api/1.7.25/slf4j-api-1.7.25.jar:/home/user/.m2/repository/org/slf4j/jul-to-slf4j/1.7.25/jul-to-slf4j-1.7.25.jar:/home/user/.m2/repository/org/eclipse/jetty/jetty-util/9.3.24.v20180605/jetty-util-9.3.24.v20180605.jar:/home/user/.m2/repository/com/fasterxml/jackson/core/jackson-databind/2.9.5/jackson-databind-2.9.5.jar:/home/user/.m2/repository/org/apache/hadoop/hadoop-kms/3.2.0/hadoop-kms-3.2.0-tests.jar:/home/user/.m2/repository/org/apache/hadoop/hadoop-hdds-server-scm/0.5.0-SNAPSHOT/hadoop-hdds-server-scm-0.5.0-SNAPSHOT-tests.jar:/home/user/.m2/repository/org/apache/hadoop/hadoop-hdds-container-service/0.5.0-SNAPSHOT/hadoop-hdds-container-service-0.5.0-SNAPSHOT-tests.jar:/home/user/.m2/repository/org/yaml/snakeyaml/1.16/snakeyaml-1.16.jar:/home/user/.m2/repository/org/apache/hadoop/hadoop-common/3.2.0/hadoop-common-3.2.0-tests.jar:/home/user/.m2/repository/org/apache/hadoop/hadoop-annotations/3.2.0/hadoop-annotations-3.2.0.jar:/usr/lib/jvm/java-1.8-openjdk/jre/../lib/tools.jar:/home/user/.m2/repository/commons-cli/commons-cli/1.2/commons-cli-1.2.jar:/home/user/.m2/repository/org/apache/httpcomponents/httpclient/4.5.2/httpclient-4.5.2.jar:/home/user/.m2/repository/org/apache/httpcomponents/httpcore/4.4.4/httpcore-4.4.4.jar:/home/user/.m2/repository/commons-codec/commons-codec/1.11/commons-codec-1.11.jar:/home/user/.m2/repository/commons-net/commons-net/3.6/commons-net-3.6.jar:/home/user/.m2/repository/commons-collections/commons-collections/3.2.2/commons-collections-3.2.2.jar:/home/user/.m2/repository/org/eclipse/jetty/jetty-servlet/9.3.24.v20180605/jetty-servlet-9.3.24.v20180605.jar:/home/user/.m2/repository/org/eclipse/jetty/jetty-security/9.3.24.v20180605/jetty-security-9.3.24.v20180605.jar:/home/user/.m2/repository/javax/servlet/jsp/jsp-api/2.1/jsp-api-2.1.jar:/home/user/.m2/repository/com/sun/jersey/jersey-servlet/1.19/jersey-servlet-1.19.jar:/home/user/.m2/repository/com/sun/jersey/jersey-json/1.19/jersey-json-1.19.jar:/home/user/.m2/repository/org/codehaus/jettison/jettison/1.1/jettison-1.1.jar:/home/user/.m2/repository/org/codehaus/jackson/jackson-core-asl/1.9.13/jackson-core-asl-1.9.13.jar:/home/user/.m2/repository/org/codehaus/jackson/jackson-mapper-asl/1.9.13/jackson-mapper-asl-1.9.13.jar:/home/user/.m2/repository/org/codehaus/jackson/jackson-jaxrs/1.9.13/jackson-jaxrs-1.9.13.jar:/home/user/.m2/repository/org/codehaus/jackson/jackson-xc/1.9.13/jackson-xc-1.9.13.jar:/home/user/.m2/repository/commons-logging/commons-logging/1.1.3/commons-logging-1.1.3.jar:/home/user/.m2/repository/commons-beanutils/commons-beanutils/1.9.3/commons-beanutils-1.9.3.jar:/home/user/.m2/repository/org/apache/commons/commons-configuration2/2.1.1/commons-configuration2-2.1.1.jar:/home/user/.m2/repository/org/apache/commons/commons-lang3/3.7/commons-lang3-3.7.jar:/home/user/.m2/repository/org/apache/commons/commons-text/1.4/commons-text-1.4.jar:/home/user/.m2/repository/org/apache/avro/avro/1.7.7/avro-1.7.7.jar:/home/user/.m2/repository/com/thoughtworks/paranamer/paranamer/2.3/paranamer-2.3.jar:/home/user/.m2/repository/org/xerial/snappy/snappy-java/1.0.5/snappy-java-1.0.5.jar:/home/user/.m2/repository/com/google/re2j/re2j/1.1/re2j-1.1.jar:/home/user/.m2/repository/com/google/code/gson/gson/2.2.4/gson-2.2.4.jar:/home/user/.m2/repository/com/jcraft/jsch/0.1.54/jsch-0.1.54.jar:/home/user/.m2/repository/org/apache/curator/curator-client/2.12.0/curator-client-2.12.0.jar:/home/user/.m2/repository/org/apache/curator/curator-recipes/2.12.0/curator-recipes-2.12.0.jar:/home/user/.m2/repository/com/google/code/findbugs/jsr305/3.0.0/jsr305-3.0.0.jar:/home/user/.m2/repository/org/apache/htrace/htrace-core4/4.1.0-incubating/htrace-core4-4.1.0-incubating.jar:/home/user/.m2/repository/org/apache/zookeeper/zookeeper/3.4.13/zookeeper-3.4.13.jar:/home/user/.m2/repository/org/apache/yetus/audience-annotations/0.5.0/audience-annotations-0.5.0.jar:/home/user/.m2/repository/org/codehaus/woodstox/stax2-api/3.1.4/stax2-api-3.1.4.jar:/home/user/.m2/repository/com/fasterxml/woodstox/woodstox-core/5.0.3/woodstox-core-5.0.3.jar:/home/user/.m2/repository/dnsjava/dnsjava/2.1.7/dnsjava-2.1.7.jar:/home/user/.m2/repository/org/apache/hadoop/hadoop-hdfs/3.2.0/hadoop-hdfs-3.2.0-tests.jar:/home/user/.m2/repository/org/eclipse/jetty/jetty-util-ajax/9.3.24.v20180605/jetty-util-ajax-9.3.24.v20180605.jar:/home/user/.m2/repository/commons-daemon/commons-daemon/1.0.13/commons-daemon-1.0.13.jar:/home/user/.m2/repository/io/netty/netty/3.10.5.Final/netty-3.10.5.Final.jar:/home/user/.m2/repository/io/netty/netty-all/4.0.52.Final/netty-all-4.0.52.Final.jar:/home/user/.m2/repository/org/fusesource/leveldbjni/leveldbjni-all/1.8/leveldbjni-all-1.8.jar:"/>
    <property name="sun.cpu.endian" value="little"/>
    <property name="user.home" value="/home/user"/>
    <property name="user.language" value="en"/>
    <property name="java.specification.vendor" value="Oracle Corporation"/>
    <property name="java.home" value="/usr/lib/jvm/java-1.8-openjdk/jre"/>
    <property name="java.security.krb5.conf" value="/workdir/hadoop-ozone/integration-test/target/test-classes/krb5.conf"/>
    <property name="basedir" value="/workdir/hadoop-ozone/integration-test"/>
    <property name="file.separator" value="/"/>
    <property name="line.separator" value="&#10;"/>
    <property name="java.vm.specification.vendor" value="Oracle Corporation"/>
    <property name="java.specification.name" value="Java Platform API Specification"/>
    <property name="java.awt.graphicsenv" value="sun.awt.X11GraphicsEnvironment"/>
    <property name="surefire.real.class.path" value="/workdir/hadoop-ozone/integration-test/target/surefire/surefirebooter9132145000165692730.jar"/>
    <property name="hadoop.log.dir" value="/workdir/hadoop-ozone/integration-test/target/log"/>
    <property name="sun.boot.class.path" value="/usr/lib/jvm/java-1.8-openjdk/jre/lib/resources.jar:/usr/lib/jvm/java-1.8-openjdk/jre/lib/rt.jar:/usr/lib/jvm/java-1.8-openjdk/jre/lib/sunrsasign.jar:/usr/lib/jvm/java-1.8-openjdk/jre/lib/jsse.jar:/usr/lib/jvm/java-1.8-openjdk/jre/lib/jce.jar:/usr/lib/jvm/java-1.8-openjdk/jre/lib/charsets.jar:/usr/lib/jvm/java-1.8-openjdk/jre/lib/jfr.jar:/usr/lib/jvm/java-1.8-openjdk/jre/classes"/>
    <property name="sun.management.compiler" value="HotSpot 64-Bit Tiered Compilers"/>
    <property name="java.runtime.version" value="1.8.0_212-b04"/>
    <property name="java.net.preferIPv4Stack" value="true"/>
    <property name="user.name" value="jenkins1000"/>
    <property name="path.separator" value=":"/>
    <property name="java.security.egd" value="file:///dev/urandom"/>
    <property name="os.version" value="3.10.0-957.12.2.el7.x86_64"/>
    <property name="java.endorsed.dirs" value="/usr/lib/jvm/java-1.8-openjdk/jre/lib/endorsed"/>
    <property name="java.runtime.name" value="OpenJDK Runtime Environment"/>
    <property name="file.encoding" value="UTF-8"/>
    <property name="java.vm.name" value="OpenJDK 64-Bit Server VM"/>
    <property name="test.build.webapps" value=""/>
    <property name="localRepository" value="/home/user/.m2/repository"/>
    <property name="java.vendor.url.bug" value="https://icedtea.classpath.org/bugzilla"/>
    <property name="java.io.tmpdir" value="/tmp"/>
    <property name="require.test.libhadoop" value=""/>
    <property name="java.version" value="1.8.0_212"/>
    <property name="user.dir" value="/workdir/hadoop-ozone/integration-test"/>
    <property name="os.arch" value="amd64"/>
    <property name="java.vm.specification.name" value="Java Virtual Machine Specification"/>
    <property name="test.build.classes" value="/workdir/hadoop-ozone/integration-test/target/test-classes"/>
    <property name="java.awt.printerjob" value="sun.print.PSPrinterJob"/>
    <property name="sun.os.patch.level" value="unknown"/>
    <property name="hadoop.tmp.dir" value="/workdir/hadoop-ozone/integration-test/target/tmp"/>
    <property name="java.library.path" value="/usr/lib/jvm/java-1.8-openjdk/jre/lib/amd64/server:/usr/lib/jvm/java-1.8-openjdk/jre/lib/amd64:/usr/lib/jvm/java-1.8-openjdk/jre/../lib/amd64:/workdir/hadoop-ozone/integration-test/target/native/target/usr/local/lib:/workdir/hadoop-ozone/integration-test/../../hadoop-common-project/hadoop-common/target/native/target/usr/local/lib:/usr/java/packages/lib/amd64:/usr/lib64:/lib64:/lib:/usr/lib"/>
    <property name="java.vm.info" value="mixed mode"/>
    <property name="java.vendor" value="IcedTea"/>
    <property name="java.vm.version" value="25.212-b04"/>
    <property name="java.ext.dirs" value="/usr/lib/jvm/java-1.8-openjdk/jre/lib/ext:/usr/java/packages/lib/ext"/>
    <property name="sun.io.unicode.encoding" value="UnicodeLittle"/>
    <property name="java.class.version" value="52.0"/>
  </properties>
  <testcase name="testGroupMismatchExceptionHandling" classname="org.apache.hadoop.ozone.client.rpc.TestOzoneClientRetriesOnException" time="53.76"/>
  <testcase name="testMaxRetriesByOzoneClient" classname="org.apache.hadoop.ozone.client.rpc.TestOzoneClientRetriesOnException" time="335.288">
    <error message="Failed to command cmdType: CreateContainer&#10;containerID: 1&#10;datanodeUuid: &quot;524a4774-666f-452c-9a20-e87fa1e4f616&quot;&#10;createContainer {&#10;}&#10;" type="java.io.IOException">java.io.IOException: 
Failed to command cmdType: CreateContainer
containerID: 1
datanodeUuid: "524a4774-666f-452c-9a20-e87fa1e4f616"
createContainer {
}

	at org.apache.hadoop.hdds.scm.XceiverClientSpi.sendCommand(XceiverClientSpi.java:113)
	at org.apache.hadoop.ozone.client.rpc.TestOzoneClientRetriesOnException.testMaxRetriesByOzoneClient(TestOzoneClientRetriesOnException.java:190)
	at sun.reflect.NativeMethodAccessorImpl.invoke0(Native Method)
	at sun.reflect.NativeMethodAccessorImpl.invoke(NativeMethodAccessorImpl.java:62)
	at sun.reflect.DelegatingMethodAccessorImpl.invoke(DelegatingMethodAccessorImpl.java:43)
	at java.lang.reflect.Method.invoke(Method.java:498)
	at org.junit.runners.model.FrameworkMethod$1.runReflectiveCall(FrameworkMethod.java:47)
	at org.junit.internal.runners.model.ReflectiveCallable.run(ReflectiveCallable.java:12)
	at org.junit.runners.model.FrameworkMethod.invokeExplosively(FrameworkMethod.java:44)
	at org.junit.internal.runners.statements.InvokeMethod.evaluate(InvokeMethod.java:17)
	at org.junit.internal.runners.statements.RunBefores.evaluate(RunBefores.java:26)
	at org.junit.internal.runners.statements.RunAfters.evaluate(RunAfters.java:27)
	at org.junit.runners.ParentRunner.runLeaf(ParentRunner.java:271)
	at org.junit.runners.BlockJUnit4ClassRunner.runChild(BlockJUnit4ClassRunner.java:70)
	at org.junit.runners.BlockJUnit4ClassRunner.runChild(BlockJUnit4ClassRunner.java:50)
	at org.junit.runners.ParentRunner$3.run(ParentRunner.java:238)
	at org.junit.runners.ParentRunner$1.schedule(ParentRunner.java:63)
	at org.junit.runners.ParentRunner.runChildren(ParentRunner.java:236)
	at org.junit.runners.ParentRunner.access$000(ParentRunner.java:53)
	at org.junit.runners.ParentRunner$2.evaluate(ParentRunner.java:229)
	at org.junit.runners.ParentRunner.run(ParentRunner.java:309)
	at org.apache.maven.surefire.junit4.JUnit4Provider.execute(JUnit4Provider.java:365)
	at org.apache.maven.surefire.junit4.JUnit4Provider.executeWithRerun(JUnit4Provider.java:273)
	at org.apache.maven.surefire.junit4.JUnit4Provider.executeTestSet(JUnit4Provider.java:238)
	at org.apache.maven.surefire.junit4.JUnit4Provider.invoke(JUnit4Provider.java:159)
	at org.apache.maven.surefire.booter.ForkedBooter.invokeProviderInSameClassLoader(ForkedBooter.java:384)
	at org.apache.maven.surefire.booter.ForkedBooter.runSuitesInProcess(ForkedBooter.java:345)
	at org.apache.maven.surefire.booter.ForkedBooter.execute(ForkedBooter.java:126)
	at org.apache.maven.surefire.booter.ForkedBooter.main(ForkedBooter.java:418)
Caused by: java.util.concurrent.ExecutionException: org.apache.ratis.protocol.RaftRetryFailureException: Failed RaftClientRequest:client-81D3A7E5B111->524a4774-666f-452c-9a20-e87fa1e4f616@group-002EB6C1B0CF, cid=45, seq=4*, RW, org.apache.hadoop.hdds.scm.XceiverClientRatis$$Lambda$315/469391891@39624bfe for 180 attempts with RetryLimited(maxAttempts=180, sleepTime=1000ms)
	at java.util.concurrent.CompletableFuture.reportGet(CompletableFuture.java:357)
	at java.util.concurrent.CompletableFuture.get(CompletableFuture.java:1895)
	at org.apache.hadoop.hdds.scm.XceiverClientSpi.sendCommand(XceiverClientSpi.java:110)
	... 28 more
Caused by: org.apache.ratis.protocol.RaftRetryFailureException: Failed RaftClientRequest:client-81D3A7E5B111->524a4774-666f-452c-9a20-e87fa1e4f616@group-002EB6C1B0CF, cid=45, seq=4*, RW, org.apache.hadoop.hdds.scm.XceiverClientRatis$$Lambda$315/469391891@39624bfe for 180 attempts with RetryLimited(maxAttempts=180, sleepTime=1000ms)
	at org.apache.ratis.client.impl.RaftClientImpl.noMoreRetries(RaftClientImpl.java:272)
	at org.apache.ratis.client.impl.OrderedAsync.handleAsyncRetryFailure(OrderedAsync.java:138)
	at org.apache.ratis.client.impl.OrderedAsync.lambda$sendRequest$10(OrderedAsync.java:230)
	at java.util.concurrent.CompletableFuture.uniExceptionally(CompletableFuture.java:870)
	at java.util.concurrent.CompletableFuture$UniExceptionally.tryFire(CompletableFuture.java:852)
	at java.util.concurrent.CompletableFuture.postComplete(CompletableFuture.java:474)
	at java.util.concurrent.CompletableFuture.completeExceptionally(CompletableFuture.java:1977)
	at org.apache.ratis.grpc.client.GrpcClientProtocolClient$AsyncStreamObservers.completeReplyExceptionally(GrpcClientProtocolClient.java:330)
	at org.apache.ratis.grpc.client.GrpcClientProtocolClient$AsyncStreamObservers.access$000(GrpcClientProtocolClient.java:246)
	at org.apache.ratis.grpc.client.GrpcClientProtocolClient$AsyncStreamObservers$1.onNext(GrpcClientProtocolClient.java:258)
	at org.apache.ratis.grpc.client.GrpcClientProtocolClient$AsyncStreamObservers$1.onNext(GrpcClientProtocolClient.java:249)
	at org.apache.ratis.thirdparty.io.grpc.stub.ClientCalls$StreamObserverToCallListenerAdapter.onMessage(ClientCalls.java:421)
	at org.apache.ratis.thirdparty.io.grpc.ForwardingClientCallListener.onMessage(ForwardingClientCallListener.java:33)
	at org.apache.ratis.thirdparty.io.grpc.ForwardingClientCallListener.onMessage(ForwardingClientCallListener.java:33)
	at org.apache.ratis.thirdparty.io.grpc.internal.ClientCallImpl$ClientStreamListenerImpl$1MessagesAvailable.runInContext(ClientCallImpl.java:519)
	at org.apache.ratis.thirdparty.io.grpc.internal.ContextRunnable.run(ContextRunnable.java:37)
	at org.apache.ratis.thirdparty.io.grpc.internal.SerializingExecutor.run(SerializingExecutor.java:123)
	at java.util.concurrent.ThreadPoolExecutor.runWorker(ThreadPoolExecutor.java:1149)
	at java.util.concurrent.ThreadPoolExecutor$Worker.run(ThreadPoolExecutor.java:624)
	at java.lang.Thread.run(Thread.java:748)
Caused by: org.apache.ratis.protocol.NotLeaderException: Server 524a4774-666f-452c-9a20-e87fa1e4f616 is not the leader (3895fe08-5e04-46ac-ae6d-2b942b921927:192.168.69.105:44785). Request must be sent to leader.
	at org.apache.ratis.client.impl.ClientProtoUtils.toRaftClientReply(ClientProtoUtils.java:242)
	at org.apache.ratis.grpc.client.GrpcClientProtocolClient$AsyncStreamObservers$1.onNext(GrpcClientProtocolClient.java:254)
	... 10 more
</error>
    <system-out><![CDATA[2019-09-04 03:20:10,760 [main] WARN  server.ServerUtils (ServerUtils.java:getScmDbDir(145)) - ozone.scm.db.dirs is not configured. We recommend adding this setting. Falling back to ozone.metadata.dirs instead.
2019-09-04 03:20:10,793 [main] WARN  server.ServerUtils (ServerUtils.java:getScmDbDir(145)) - ozone.scm.db.dirs is not configured. We recommend adding this setting. Falling back to ozone.metadata.dirs instead.
2019-09-04 03:20:10,793 [main] WARN  server.ServerUtils (ServerUtils.java:getScmDbDir(145)) - ozone.scm.db.dirs is not configured. We recommend adding this setting. Falling back to ozone.metadata.dirs instead.
2019-09-04 03:20:10,794 [main] INFO  db.DBStoreBuilder (DBStoreBuilder.java:addTable(110)) - using custom profile for table: deletedBlocks
2019-09-04 03:20:10,794 [main] INFO  db.DBStoreBuilder (DBStoreBuilder.java:processTables(161)) - Using default column profile:DBProfile.DISK for Table:deletedBlocks
2019-09-04 03:20:10,794 [main] INFO  db.DBStoreBuilder (DBStoreBuilder.java:addTable(110)) - using custom profile for table: validCerts
2019-09-04 03:20:10,795 [main] INFO  db.DBStoreBuilder (DBStoreBuilder.java:processTables(161)) - Using default column profile:DBProfile.DISK for Table:validCerts
2019-09-04 03:20:10,795 [main] INFO  db.DBStoreBuilder (DBStoreBuilder.java:addTable(110)) - using custom profile for table: revokedCerts
2019-09-04 03:20:10,795 [main] INFO  db.DBStoreBuilder (DBStoreBuilder.java:processTables(161)) - Using default column profile:DBProfile.DISK for Table:revokedCerts
2019-09-04 03:20:10,795 [main] INFO  db.DBStoreBuilder (DBStoreBuilder.java:addTable(110)) - using custom profile for table: default
2019-09-04 03:20:10,795 [main] INFO  db.DBStoreBuilder (DBStoreBuilder.java:processTables(167)) - Using default column profile:DBProfile.DISK for Table:default
2019-09-04 03:20:10,796 [main] INFO  db.DBStoreBuilder (DBStoreBuilder.java:getDbProfile(198)) - Using default options. DBProfile.DISK
2019-09-04 03:20:11,109 [main] INFO  net.NodeSchemaLoader (NodeSchemaLoader.java:loadSchemaFromFile(125)) - Loading file from sun.misc.CompoundEnumeration@184de357
2019-09-04 03:20:11,110 [main] INFO  net.NodeSchemaLoader (NodeSchemaLoader.java:loadSchema(171)) - Loading network topology layer schema file
2019-09-04 03:20:11,117 [main] WARN  server.ServerUtils (ServerUtils.java:sanitizeUserArgs(70)) - ozone.scm.stale.node.interval value = 300000 is larger than max = 100000 based on the key value of ozone.scm.heartbeat.thread.interval, reset to the max value 100000.
2019-09-04 03:20:11,117 [main] WARN  server.ServerUtils (ServerUtils.java:sanitizeUserArgs(70)) - ozone.scm.stale.node.interval value = 300000 is larger than max = 100000 based on the key value of ozone.scm.heartbeat.thread.interval, reset to the max value 100000.
2019-09-04 03:20:11,118 [main] INFO  node.SCMNodeManager (SCMNodeManager.java:<init>(121)) - Entering startup safe mode.
2019-09-04 03:20:11,119 [main] INFO  algorithms.ContainerPlacementPolicyFactory (ContainerPlacementPolicyFactory.java:getPolicy(56)) - Create container placement policy of type org.apache.hadoop.hdds.scm.container.placement.algorithms.SCMContainerPlacementRandom
2019-09-04 03:20:11,120 [main] WARN  server.ServerUtils (ServerUtils.java:getScmDbDir(145)) - ozone.scm.db.dirs is not configured. We recommend adding this setting. Falling back to ozone.metadata.dirs instead.
2019-09-04 03:20:11,232 [main] INFO  pipeline.SCMPipelineManager (SCMPipelineManager.java:initializePipelineState(126)) - No pipeline exists in current db
2019-09-04 03:20:11,232 [main] WARN  server.ServerUtils (ServerUtils.java:getScmDbDir(145)) - ozone.scm.db.dirs is not configured. We recommend adding this setting. Falling back to ozone.metadata.dirs instead.
2019-09-04 03:20:11,364 [main] WARN  events.EventQueue (EventQueue.java:fireEvent(175)) - No event handler registered for event TypedEvent{payloadType=SafeModeStatus, name='SafeModeStatus'}
2019-09-04 03:20:11,366 [main] INFO  ipc.CallQueueManager (CallQueueManager.java:<init>(84)) - Using callQueue: class java.util.concurrent.LinkedBlockingQueue, queueCapacity: 2000, scheduler: class org.apache.hadoop.ipc.DefaultRpcScheduler, ipcBackoff: false.
2019-09-04 03:20:11,367 [Socket Reader #1 for port 33729] INFO  ipc.Server (Server.java:run(1074)) - Starting Socket Reader #1 for port 33729
2019-09-04 03:20:11,370 [main] INFO  ipc.CallQueueManager (CallQueueManager.java:<init>(84)) - Using callQueue: class java.util.concurrent.LinkedBlockingQueue, queueCapacity: 2000, scheduler: class org.apache.hadoop.ipc.DefaultRpcScheduler, ipcBackoff: false.
2019-09-04 03:20:11,371 [Socket Reader #1 for port 46668] INFO  ipc.Server (Server.java:run(1074)) - Starting Socket Reader #1 for port 46668
2019-09-04 03:20:11,372 [main] INFO  ipc.CallQueueManager (CallQueueManager.java:<init>(84)) - Using callQueue: class java.util.concurrent.LinkedBlockingQueue, queueCapacity: 2000, scheduler: class org.apache.hadoop.ipc.DefaultRpcScheduler, ipcBackoff: false.
2019-09-04 03:20:11,373 [Socket Reader #1 for port 43724] INFO  ipc.Server (Server.java:run(1074)) - Starting Socket Reader #1 for port 43724
2019-09-04 03:20:11,377 [main] INFO  hdfs.DFSUtil (DFSUtil.java:httpServerTemplateForNNAndJN(1641)) - Starting Web-server for scm at: http://0.0.0.0:0
2019-09-04 03:20:11,380 [main] INFO  server.AuthenticationFilter (AuthenticationFilter.java:constructSecretProvider(240)) - Unable to initialize FileSignerSecretProvider, falling back to use random secrets.
2019-09-04 03:20:11,381 [main] WARN  http.HttpRequestLog (HttpRequestLog.java:getRequestLog(97)) - Jetty request log can only be enabled using Log4j
2019-09-04 03:20:11,385 [main] INFO  http.HttpServer2 (HttpServer2.java:addGlobalFilter(975)) - Added global filter 'safety' (class=org.apache.hadoop.http.HttpServer2$QuotingInputFilter)
2019-09-04 03:20:11,386 [main] INFO  http.HttpServer2 (HttpServer2.java:addFilter(948)) - Added filter static_user_filter (class=org.apache.hadoop.http.lib.StaticUserWebFilter$StaticUserFilter) to context scm
2019-09-04 03:20:11,386 [main] INFO  http.HttpServer2 (HttpServer2.java:addFilter(958)) - Added filter static_user_filter (class=org.apache.hadoop.http.lib.StaticUserWebFilter$StaticUserFilter) to context static
2019-09-04 03:20:11,387 [main] INFO  http.HttpServer2 (HttpServer2.java:addFilter(958)) - Added filter static_user_filter (class=org.apache.hadoop.http.lib.StaticUserWebFilter$StaticUserFilter) to context logs
2019-09-04 03:20:11,390 [main] INFO  server.StorageContainerManager (StorageContainerManager.java:start(759)) - StorageContainerLocationProtocol RPC server is listening at /0.0.0.0:43724
2019-09-04 03:20:11,393 [main] WARN  impl.MetricsConfig (MetricsConfig.java:loadFirst(134)) - Cannot locate configuration: tried hadoop-metrics2-storagecontainermanager.properties,hadoop-metrics2.properties
2019-09-04 03:20:11,394 [main] INFO  impl.MetricsSystemImpl (MetricsSystemImpl.java:startTimer(374)) - Scheduled Metric snapshot period at 10 second(s).
2019-09-04 03:20:11,394 [main] INFO  impl.MetricsSystemImpl (MetricsSystemImpl.java:start(191)) - StorageContainerManager metrics system started
2019-09-04 03:20:11,459 [main] INFO  server.SCMClientProtocolServer (SCMClientProtocolServer.java:start(151)) - RPC server for Client  is listening at /0.0.0.0:43724
2019-09-04 03:20:11,460 [IPC Server Responder] INFO  ipc.Server (Server.java:run(1314)) - IPC Server Responder: starting
2019-09-04 03:20:11,460 [IPC Server listener on 43724] INFO  ipc.Server (Server.java:run(1153)) - IPC Server listener on 43724: starting
2019-09-04 03:20:11,464 [main] INFO  server.StorageContainerManager (StorageContainerManager.java:start(769)) - ScmBlockLocationProtocol RPC server is listening at /0.0.0.0:46668
2019-09-04 03:20:11,464 [main] INFO  server.SCMBlockProtocolServer (SCMBlockProtocolServer.java:start(140)) - RPC server for Block Protocol is listening at /0.0.0.0:46668
2019-09-04 03:20:11,464 [IPC Server Responder] INFO  ipc.Server (Server.java:run(1314)) - IPC Server Responder: starting
2019-09-04 03:20:11,464 [IPC Server listener on 46668] INFO  ipc.Server (Server.java:run(1153)) - IPC Server listener on 46668: starting
2019-09-04 03:20:11,469 [main] INFO  server.StorageContainerManager (StorageContainerManager.java:start(773)) - ScmDatanodeProtocl RPC server is listening at /0.0.0.0:33729
2019-09-04 03:20:11,469 [main] INFO  server.SCMDatanodeProtocolServer (SCMDatanodeProtocolServer.java:start(191)) - RPC server for DataNodes is listening at /0.0.0.0:33729
2019-09-04 03:20:11,469 [IPC Server Responder] INFO  ipc.Server (Server.java:run(1314)) - IPC Server Responder: starting
2019-09-04 03:20:11,469 [IPC Server listener on 33729] INFO  ipc.Server (Server.java:run(1153)) - IPC Server listener on 33729: starting
2019-09-04 03:20:11,473 [main] INFO  http.HttpServer2 (HttpServer2.java:bindListener(1191)) - Jetty bound to port 44914
2019-09-04 03:20:11,474 [main] INFO  server.Server (Server.java:doStart(351)) - jetty-9.3.24.v20180605, build timestamp: 2018-06-05T17:11:56Z, git hash: 84205aa28f11a4f31f2a3b86d1bba2cc8ab69827
2019-09-04 03:20:11,476 [main] INFO  handler.ContextHandler (ContextHandler.java:doStart(781)) - Started o.e.j.s.ServletContextHandler@59fea5f5{/logs,file:///workdir/hadoop-ozone/integration-test/target/log,AVAILABLE}
2019-09-04 03:20:11,476 [main] INFO  handler.ContextHandler (ContextHandler.java:doStart(781)) - Started o.e.j.s.ServletContextHandler@70f4abc1{/static,file:///workdir/hadoop-ozone/integration-test/target/test-classes/webapps/static,AVAILABLE}
2019-09-04 03:20:11,482 [main] INFO  handler.ContextHandler (ContextHandler.java:doStart(781)) - Started o.e.j.w.WebAppContext@10b67f54{/,file:///workdir/hadoop-ozone/integration-test/target/test-classes/webapps/scm/,AVAILABLE}{/scm}
2019-09-04 03:20:11,482 [main] INFO  server.AbstractConnector (AbstractConnector.java:doStart(278)) - Started ServerConnector@30798137{HTTP/1.1,[http/1.1]}{0.0.0.0:44914}
2019-09-04 03:20:11,483 [main] INFO  server.Server (Server.java:doStart(419)) - Started @55324ms
2019-09-04 03:20:11,486 [main] INFO  server.BaseHttpServer (BaseHttpServer.java:updateConnectorAddress(213)) - HTTP server of SCM is listening at http://0.0.0.0:44914
2019-09-04 03:20:11,487 [main] WARN  server.ServerUtils (ServerUtils.java:getDBPath(222)) - ozone.om.db.dirs is not configured. We recommend adding this setting. Falling back to ozone.metadata.dirs instead.
2019-09-04 03:20:11,487 [org.apache.hadoop.util.JvmPauseMonitor$Monitor@60652518] INFO  util.JvmPauseMonitor (JvmPauseMonitor.java:run(188)) - Starting JVM pause monitor
2019-09-04 03:20:11,525 [main] WARN  server.ServerUtils (ServerUtils.java:getDBPath(222)) - ozone.om.db.dirs is not configured. We recommend adding this setting. Falling back to ozone.metadata.dirs instead.
2019-09-04 03:20:11,525 [main] WARN  server.ServerUtils (ServerUtils.java:getDBPath(222)) - ozone.om.db.dirs is not configured. We recommend adding this setting. Falling back to ozone.metadata.dirs instead.
2019-09-04 03:20:11,526 [main] INFO  om.OzoneManager (OzoneManager.java:setOMNodeDetails(645)) - OM Service ID is not set. Setting it to the default ID: omServiceIdDefault
2019-09-04 03:20:11,526 [main] INFO  om.OzoneManager (OzoneManager.java:setOMNodeDetails(651)) - OM Node ID is not set. Setting it to the OmStorage's OmID: c2093ab1-ff41-48ac-946b-f146ff94d79e
2019-09-04 03:20:11,527 [main] INFO  om.OzoneManager (OzoneManager.java:loadOMHAConfigs(602)) - Found matching OM address with OMServiceId: null, OMNodeId: null, RPC Address: localhost:0 and Ratis port: 9872
2019-09-04 03:20:11,532 | INFO  | SCMAudit | user=jenkins1000 | ip=192.168.69.105 | op=GET_SCM_INFO null | ret=SUCCESS |  
2019-09-04 03:20:11,535 [main] WARN  server.ServerUtils (ServerUtils.java:getDBPath(222)) - ozone.om.db.dirs is not configured. We recommend adding this setting. Falling back to ozone.metadata.dirs instead.
2019-09-04 03:20:11,535 [main] INFO  db.DBStoreBuilder (DBStoreBuilder.java:addTable(110)) - using custom profile for table: userTable
2019-09-04 03:20:11,536 [main] INFO  db.DBStoreBuilder (DBStoreBuilder.java:processTables(161)) - Using default column profile:DBProfile.DISK for Table:userTable
2019-09-04 03:20:11,536 [main] INFO  db.DBStoreBuilder (DBStoreBuilder.java:addTable(110)) - using custom profile for table: volumeTable
2019-09-04 03:20:11,536 [main] INFO  db.DBStoreBuilder (DBStoreBuilder.java:processTables(161)) - Using default column profile:DBProfile.DISK for Table:volumeTable
2019-09-04 03:20:11,536 [main] INFO  db.DBStoreBuilder (DBStoreBuilder.java:addTable(110)) - using custom profile for table: bucketTable
2019-09-04 03:20:11,536 [main] INFO  db.DBStoreBuilder (DBStoreBuilder.java:processTables(161)) - Using default column profile:DBProfile.DISK for Table:bucketTable
2019-09-04 03:20:11,537 [main] INFO  db.DBStoreBuilder (DBStoreBuilder.java:addTable(110)) - using custom profile for table: keyTable
2019-09-04 03:20:11,537 [main] INFO  db.DBStoreBuilder (DBStoreBuilder.java:processTables(161)) - Using default column profile:DBProfile.DISK for Table:keyTable
2019-09-04 03:20:11,537 [main] INFO  db.DBStoreBuilder (DBStoreBuilder.java:addTable(110)) - using custom profile for table: deletedTable
2019-09-04 03:20:11,537 [main] INFO  db.DBStoreBuilder (DBStoreBuilder.java:processTables(161)) - Using default column profile:DBProfile.DISK for Table:deletedTable
2019-09-04 03:20:11,538 [main] INFO  db.DBStoreBuilder (DBStoreBuilder.java:addTable(110)) - using custom profile for table: openKeyTable
2019-09-04 03:20:11,538 [main] INFO  db.DBStoreBuilder (DBStoreBuilder.java:processTables(161)) - Using default column profile:DBProfile.DISK for Table:openKeyTable
2019-09-04 03:20:11,538 [main] INFO  db.DBStoreBuilder (DBStoreBuilder.java:addTable(110)) - using custom profile for table: s3Table
2019-09-04 03:20:11,538 [main] INFO  db.DBStoreBuilder (DBStoreBuilder.java:processTables(161)) - Using default column profile:DBProfile.DISK for Table:s3Table
2019-09-04 03:20:11,538 [main] INFO  db.DBStoreBuilder (DBStoreBuilder.java:addTable(110)) - using custom profile for table: multipartInfoTable
2019-09-04 03:20:11,538 [main] INFO  db.DBStoreBuilder (DBStoreBuilder.java:processTables(161)) - Using default column profile:DBProfile.DISK for Table:multipartInfoTable
2019-09-04 03:20:11,539 [main] INFO  db.DBStoreBuilder (DBStoreBuilder.java:addTable(110)) - using custom profile for table: dTokenTable
2019-09-04 03:20:11,539 [main] INFO  db.DBStoreBuilder (DBStoreBuilder.java:processTables(161)) - Using default column profile:DBProfile.DISK for Table:dTokenTable
2019-09-04 03:20:11,539 [main] INFO  db.DBStoreBuilder (DBStoreBuilder.java:addTable(110)) - using custom profile for table: s3SecretTable
2019-09-04 03:20:11,539 [main] INFO  db.DBStoreBuilder (DBStoreBuilder.java:processTables(161)) - Using default column profile:DBProfile.DISK for Table:s3SecretTable
2019-09-04 03:20:11,539 [main] INFO  db.DBStoreBuilder (DBStoreBuilder.java:addTable(110)) - using custom profile for table: prefixTable
2019-09-04 03:20:11,540 [main] INFO  db.DBStoreBuilder (DBStoreBuilder.java:processTables(161)) - Using default column profile:DBProfile.DISK for Table:prefixTable
2019-09-04 03:20:11,540 [main] INFO  db.DBStoreBuilder (DBStoreBuilder.java:addTable(110)) - using custom profile for table: default
2019-09-04 03:20:11,540 [main] INFO  db.DBStoreBuilder (DBStoreBuilder.java:processTables(167)) - Using default column profile:DBProfile.DISK for Table:default
2019-09-04 03:20:11,540 [main] INFO  db.DBStoreBuilder (DBStoreBuilder.java:getDbProfile(198)) - Using default options. DBProfile.DISK
2019-09-04 03:20:12,256 [main] INFO  ipc.CallQueueManager (CallQueueManager.java:<init>(84)) - Using callQueue: class java.util.concurrent.LinkedBlockingQueue, queueCapacity: 2000, scheduler: class org.apache.hadoop.ipc.DefaultRpcScheduler, ipcBackoff: false.
2019-09-04 03:20:12,257 [Socket Reader #1 for port 44669] INFO  ipc.Server (Server.java:run(1074)) - Starting Socket Reader #1 for port 44669
2019-09-04 03:20:12,270 [main] INFO  om.OzoneManager (OzoneManager.java:start(1256)) - OzoneManager RPC server is listening at localhost/127.0.0.1:44669
2019-09-04 03:20:12,270 [main] INFO  impl.MetricsSystemImpl (MetricsSystemImpl.java:init(158)) - OzoneManager metrics system started (again)
2019-09-04 03:20:12,271 [IPC Server listener on 44669] INFO  ipc.Server (Server.java:run(1153)) - IPC Server listener on 44669: starting
2019-09-04 03:20:12,271 [IPC Server Responder] INFO  ipc.Server (Server.java:run(1314)) - IPC Server Responder: starting
2019-09-04 03:20:12,277 [main] INFO  hdfs.DFSUtil (DFSUtil.java:httpServerTemplateForNNAndJN(1641)) - Starting Web-server for ozoneManager at: http://0.0.0.0:0
2019-09-04 03:20:12,279 [main] INFO  server.AuthenticationFilter (AuthenticationFilter.java:constructSecretProvider(240)) - Unable to initialize FileSignerSecretProvider, falling back to use random secrets.
2019-09-04 03:20:12,279 [main] WARN  http.HttpRequestLog (HttpRequestLog.java:getRequestLog(97)) - Jetty request log can only be enabled using Log4j
2019-09-04 03:20:12,281 [main] INFO  http.HttpServer2 (HttpServer2.java:addGlobalFilter(975)) - Added global filter 'safety' (class=org.apache.hadoop.http.HttpServer2$QuotingInputFilter)
2019-09-04 03:20:12,281 [main] INFO  http.HttpServer2 (HttpServer2.java:addFilter(948)) - Added filter static_user_filter (class=org.apache.hadoop.http.lib.StaticUserWebFilter$StaticUserFilter) to context ozoneManager
2019-09-04 03:20:12,281 [main] INFO  http.HttpServer2 (HttpServer2.java:addFilter(958)) - Added filter static_user_filter (class=org.apache.hadoop.http.lib.StaticUserWebFilter$StaticUserFilter) to context logs
2019-09-04 03:20:12,282 [main] INFO  http.HttpServer2 (HttpServer2.java:addFilter(958)) - Added filter static_user_filter (class=org.apache.hadoop.http.lib.StaticUserWebFilter$StaticUserFilter) to context static
2019-09-04 03:20:12,282 [main] INFO  http.HttpServer2 (HttpServer2.java:bindListener(1191)) - Jetty bound to port 46099
2019-09-04 03:20:12,282 [main] INFO  server.Server (Server.java:doStart(351)) - jetty-9.3.24.v20180605, build timestamp: 2018-06-05T17:11:56Z, git hash: 84205aa28f11a4f31f2a3b86d1bba2cc8ab69827
2019-09-04 03:20:12,284 [main] INFO  handler.ContextHandler (ContextHandler.java:doStart(781)) - Started o.e.j.s.ServletContextHandler@4bdb04c8{/logs,file:///workdir/hadoop-ozone/integration-test/target/log,AVAILABLE}
2019-09-04 03:20:12,285 [main] INFO  handler.ContextHandler (ContextHandler.java:doStart(781)) - Started o.e.j.s.ServletContextHandler@3ce7394f{/static,file:///workdir/hadoop-ozone/integration-test/target/test-classes/webapps/static,AVAILABLE}
2019-09-04 03:20:12,289 [main] INFO  handler.ContextHandler (ContextHandler.java:doStart(781)) - Started o.e.j.w.WebAppContext@131ba005{/,file:///workdir/hadoop-ozone/integration-test/target/test-classes/webapps/ozoneManager/,AVAILABLE}{/ozoneManager}
2019-09-04 03:20:12,289 [main] INFO  server.AbstractConnector (AbstractConnector.java:doStart(278)) - Started ServerConnector@7f305f34{HTTP/1.1,[http/1.1]}{0.0.0.0:46099}
2019-09-04 03:20:12,290 [main] INFO  server.Server (Server.java:doStart(419)) - Started @56130ms
2019-09-04 03:20:12,291 [main] INFO  server.BaseHttpServer (BaseHttpServer.java:updateConnectorAddress(213)) - HTTP server of OZONEMANAGER is listening at http://0.0.0.0:46099
2019-09-04 03:20:12,306 [main] INFO  impl.MetricsSystemImpl (MetricsSystemImpl.java:init(158)) - HddsDatanode metrics system started (again)
2019-09-04 03:20:12,308 [main] INFO  ozone.HddsDatanodeService (HddsDatanodeService.java:start(184)) - HddsDatanodeService host:pr-hdds-1571-zhvv9-3536733312 ip:192.168.69.105
2019-09-04 03:20:12,315 [main] INFO  volume.HddsVolume (HddsVolume.java:<init>(176)) - Creating Volume: /workdir/hadoop-ozone/integration-test/target/test-dir/MiniOzoneClusterImpl-73aa9163-49e3-40ac-b180-0c4b940e9410/datanode-0/data/containers/hdds of  storage type : DISK and capacity : 1482555576320
2019-09-04 03:20:12,315 [main] INFO  volume.VolumeSet (VolumeSet.java:initializeVolumeSet(170)) - Added Volume : /workdir/hadoop-ozone/integration-test/target/test-dir/MiniOzoneClusterImpl-73aa9163-49e3-40ac-b180-0c4b940e9410/datanode-0/data/containers/hdds to VolumeSet
2019-09-04 03:20:12,316 [main] INFO  volume.ThrottledAsyncChecker (ThrottledAsyncChecker.java:schedule(140)) - Scheduling a check for org.apache.hadoop.ozone.container.common.volume.HddsVolume@39851c5
2019-09-04 03:20:12,317 [main] INFO  volume.HddsVolumeChecker (HddsVolumeChecker.java:checkAllVolumes(203)) - Scheduled health check for volume org.apache.hadoop.ozone.container.common.volume.HddsVolume@39851c5
2019-09-04 03:20:12,336 [main] INFO  impl.RaftServerProxy (ConfUtils.java:logGet(43)) - raft.rpc.type = GRPC (default)
2019-09-04 03:20:12,336 [main] INFO  grpc.GrpcFactory (GrpcFactory.java:checkPooledByteBufAllocatorUseCacheForAllThreads(45)) - PERFORMANCE WARNING: useCacheForAllThreads is true that may cause Netty to create a lot garbage objects and, as a result, trigger GC.
	It is recommended to disable useCacheForAllThreads by setting -Dorg.apache.ratis.thirdparty.io.netty.allocator.useCacheForAllThreads=false in command line.
2019-09-04 03:20:12,336 [main] INFO  grpc.GrpcConfigKeys$Server (ConfUtils.java:logGet(43)) - raft.grpc.server.port = 0 (default)
2019-09-04 03:20:12,337 [main] INFO  server.GrpcService (ConfUtils.java:logGet(43)) - raft.grpc.message.size.max = 33570816 (custom)
2019-09-04 03:20:12,337 [main] INFO  server.RaftServerConfigKeys (ConfUtils.java:logGet(43)) - raft.server.log.appender.buffer.byte-limit = 33554432 (custom)
2019-09-04 03:20:12,337 [main] INFO  server.GrpcService (ConfUtils.java:logGet(43)) - raft.grpc.flow.control.window = 1MB (=1048576) (default)
2019-09-04 03:20:12,337 [main] INFO  server.RaftServerConfigKeys (ConfUtils.java:logGet(43)) - raft.server.rpc.request.timeout = 3000ms (default)
2019-09-04 03:20:12,338 [main] INFO  server.RaftServerConfigKeys (ConfUtils.java:logGet(43)) - raft.server.storage.dir = [/workdir/hadoop-ozone/integration-test/target/test-dir/MiniOzoneClusterImpl-73aa9163-49e3-40ac-b180-0c4b940e9410/datanode-0/data/ratis] (custom)
2019-09-04 03:20:12,339 [main] INFO  replication.SimpleContainerDownloader (SimpleContainerDownloader.java:<init>(72)) - Starting container downloader service to copy containers to replicate.
2019-09-04 03:20:12,340 [main] INFO  hdfs.DFSUtil (DFSUtil.java:httpServerTemplateForNNAndJN(1641)) - Starting Web-server for hddsDatanode at: http://0.0.0.0:0
2019-09-04 03:20:12,342 [main] INFO  server.AuthenticationFilter (AuthenticationFilter.java:constructSecretProvider(240)) - Unable to initialize FileSignerSecretProvider, falling back to use random secrets.
2019-09-04 03:20:12,342 [main] WARN  http.HttpRequestLog (HttpRequestLog.java:getRequestLog(97)) - Jetty request log can only be enabled using Log4j
2019-09-04 03:20:12,344 [main] INFO  http.HttpServer2 (HttpServer2.java:addGlobalFilter(975)) - Added global filter 'safety' (class=org.apache.hadoop.http.HttpServer2$QuotingInputFilter)
2019-09-04 03:20:12,345 [main] INFO  http.HttpServer2 (HttpServer2.java:addFilter(948)) - Added filter static_user_filter (class=org.apache.hadoop.http.lib.StaticUserWebFilter$StaticUserFilter) to context hddsDatanode
2019-09-04 03:20:12,345 [main] INFO  http.HttpServer2 (HttpServer2.java:addFilter(958)) - Added filter static_user_filter (class=org.apache.hadoop.http.lib.StaticUserWebFilter$StaticUserFilter) to context static
2019-09-04 03:20:12,345 [main] INFO  http.HttpServer2 (HttpServer2.java:addFilter(958)) - Added filter static_user_filter (class=org.apache.hadoop.http.lib.StaticUserWebFilter$StaticUserFilter) to context logs
2019-09-04 03:20:12,346 [main] INFO  http.HttpServer2 (HttpServer2.java:bindListener(1191)) - Jetty bound to port 46332
2019-09-04 03:20:12,346 [main] INFO  server.Server (Server.java:doStart(351)) - jetty-9.3.24.v20180605, build timestamp: 2018-06-05T17:11:56Z, git hash: 84205aa28f11a4f31f2a3b86d1bba2cc8ab69827
2019-09-04 03:20:12,348 [main] INFO  handler.ContextHandler (ContextHandler.java:doStart(781)) - Started o.e.j.s.ServletContextHandler@27502e5c{/logs,file:///workdir/hadoop-ozone/integration-test/target/log,AVAILABLE}
2019-09-04 03:20:12,348 [main] INFO  handler.ContextHandler (ContextHandler.java:doStart(781)) - Started o.e.j.s.ServletContextHandler@17d2b646{/static,jar:file:/home/user/.m2/repository/org/apache/hadoop/hadoop-hdds-container-service/0.5.0-SNAPSHOT/hadoop-hdds-container-service-0.5.0-SNAPSHOT.jar!/webapps/static,AVAILABLE}
2019-09-04 03:20:12,386 [main] INFO  handler.ContextHandler (ContextHandler.java:doStart(781)) - Started o.e.j.w.WebAppContext@6313b441{/,file:///tmp/jetty-0.0.0.0-46332-hddsDatanode-_-any-1817455396982808654.dir/webapp/,AVAILABLE}{/hddsDatanode}
2019-09-04 03:20:12,387 [main] INFO  server.AbstractConnector (AbstractConnector.java:doStart(278)) - Started ServerConnector@47fa3671{HTTP/1.1,[http/1.1]}{0.0.0.0:46332}
2019-09-04 03:20:12,388 [main] INFO  server.Server (Server.java:doStart(419)) - Started @56229ms
2019-09-04 03:20:12,389 [main] INFO  server.BaseHttpServer (BaseHttpServer.java:updateConnectorAddress(213)) - HTTP server of HDDSDATANODE is listening at http://0.0.0.0:46332
2019-09-04 03:20:12,581 | INFO  | ObjectStoreRestHttpServer | Listening HDDS REST traffic on /0.0.0.0:44220 |  
2019-09-04 03:20:12,581 [main] INFO  ozone.HddsDatanodeService (HddsDatanodeService.java:startPlugins(395)) - Started plug-in org.apache.hadoop.ozone.web.OzoneHddsDatanodeService@c94bd18
2019-09-04 03:20:12,582 [main] INFO  impl.MetricsSystemImpl (MetricsSystemImpl.java:init(158)) - HddsDatanode metrics system started (again)
2019-09-04 03:20:12,584 [org.apache.hadoop.util.JvmPauseMonitor$Monitor@35e02ef] INFO  util.JvmPauseMonitor (JvmPauseMonitor.java:run(188)) - Starting JVM pause monitor
2019-09-04 03:20:12,585 [main] INFO  ozone.HddsDatanodeService (HddsDatanodeService.java:start(184)) - HddsDatanodeService host:pr-hdds-1571-zhvv9-3536733312 ip:192.168.69.105
2019-09-04 03:20:12,586 [Datanode State Machine Thread - 0] INFO  datanode.InitDatanodeState (InitDatanodeState.java:persistContainerDatanodeDetails(140)) - DatanodeDetails is persisted to /workdir/hadoop-ozone/integration-test/target/test-dir/MiniOzoneClusterImpl-73aa9163-49e3-40ac-b180-0c4b940e9410/datanode-0/meta/datanode.id
2019-09-04 03:20:12,593 [main] INFO  volume.HddsVolume (HddsVolume.java:<init>(176)) - Creating Volume: /workdir/hadoop-ozone/integration-test/target/test-dir/MiniOzoneClusterImpl-73aa9163-49e3-40ac-b180-0c4b940e9410/datanode-1/data/containers/hdds of  storage type : DISK and capacity : 1482555576320
2019-09-04 03:20:12,594 [main] INFO  volume.VolumeSet (VolumeSet.java:initializeVolumeSet(170)) - Added Volume : /workdir/hadoop-ozone/integration-test/target/test-dir/MiniOzoneClusterImpl-73aa9163-49e3-40ac-b180-0c4b940e9410/datanode-1/data/containers/hdds to VolumeSet
2019-09-04 03:20:12,594 [main] INFO  volume.ThrottledAsyncChecker (ThrottledAsyncChecker.java:schedule(140)) - Scheduling a check for org.apache.hadoop.ozone.container.common.volume.HddsVolume@4ffa7041
2019-09-04 03:20:12,594 [main] INFO  volume.HddsVolumeChecker (HddsVolumeChecker.java:checkAllVolumes(203)) - Scheduled health check for volume org.apache.hadoop.ozone.container.common.volume.HddsVolume@4ffa7041
2019-09-04 03:20:12,614 [main] INFO  impl.RaftServerProxy (ConfUtils.java:logGet(43)) - raft.rpc.type = GRPC (default)
2019-09-04 03:20:12,614 [main] INFO  grpc.GrpcFactory (GrpcFactory.java:checkPooledByteBufAllocatorUseCacheForAllThreads(45)) - PERFORMANCE WARNING: useCacheForAllThreads is true that may cause Netty to create a lot garbage objects and, as a result, trigger GC.
	It is recommended to disable useCacheForAllThreads by setting -Dorg.apache.ratis.thirdparty.io.netty.allocator.useCacheForAllThreads=false in command line.
2019-09-04 03:20:12,614 [main] INFO  grpc.GrpcConfigKeys$Server (ConfUtils.java:logGet(43)) - raft.grpc.server.port = 0 (default)
2019-09-04 03:20:12,615 [main] INFO  server.GrpcService (ConfUtils.java:logGet(43)) - raft.grpc.message.size.max = 33570816 (custom)
2019-09-04 03:20:12,615 [main] INFO  server.RaftServerConfigKeys (ConfUtils.java:logGet(43)) - raft.server.log.appender.buffer.byte-limit = 33554432 (custom)
2019-09-04 03:20:12,615 [main] INFO  server.GrpcService (ConfUtils.java:logGet(43)) - raft.grpc.flow.control.window = 1MB (=1048576) (default)
2019-09-04 03:20:12,615 [main] INFO  server.RaftServerConfigKeys (ConfUtils.java:logGet(43)) - raft.server.rpc.request.timeout = 3000ms (default)
2019-09-04 03:20:12,616 [main] INFO  server.RaftServerConfigKeys (ConfUtils.java:logGet(43)) - raft.server.storage.dir = [/workdir/hadoop-ozone/integration-test/target/test-dir/MiniOzoneClusterImpl-73aa9163-49e3-40ac-b180-0c4b940e9410/datanode-1/data/ratis] (custom)
2019-09-04 03:20:12,617 [main] INFO  replication.SimpleContainerDownloader (SimpleContainerDownloader.java:<init>(72)) - Starting container downloader service to copy containers to replicate.
2019-09-04 03:20:12,618 [main] INFO  hdfs.DFSUtil (DFSUtil.java:httpServerTemplateForNNAndJN(1641)) - Starting Web-server for hddsDatanode at: http://0.0.0.0:0
2019-09-04 03:20:12,620 [main] INFO  server.AuthenticationFilter (AuthenticationFilter.java:constructSecretProvider(240)) - Unable to initialize FileSignerSecretProvider, falling back to use random secrets.
2019-09-04 03:20:12,620 [main] WARN  http.HttpRequestLog (HttpRequestLog.java:getRequestLog(97)) - Jetty request log can only be enabled using Log4j
2019-09-04 03:20:12,622 [main] INFO  http.HttpServer2 (HttpServer2.java:addGlobalFilter(975)) - Added global filter 'safety' (class=org.apache.hadoop.http.HttpServer2$QuotingInputFilter)
2019-09-04 03:20:12,622 [main] INFO  http.HttpServer2 (HttpServer2.java:addFilter(948)) - Added filter static_user_filter (class=org.apache.hadoop.http.lib.StaticUserWebFilter$StaticUserFilter) to context hddsDatanode
2019-09-04 03:20:12,622 [main] INFO  http.HttpServer2 (HttpServer2.java:addFilter(958)) - Added filter static_user_filter (class=org.apache.hadoop.http.lib.StaticUserWebFilter$StaticUserFilter) to context static
2019-09-04 03:20:12,623 [main] INFO  http.HttpServer2 (HttpServer2.java:addFilter(958)) - Added filter static_user_filter (class=org.apache.hadoop.http.lib.StaticUserWebFilter$StaticUserFilter) to context logs
2019-09-04 03:20:12,623 [main] INFO  http.HttpServer2 (HttpServer2.java:bindListener(1191)) - Jetty bound to port 36570
2019-09-04 03:20:12,624 [main] INFO  server.Server (Server.java:doStart(351)) - jetty-9.3.24.v20180605, build timestamp: 2018-06-05T17:11:56Z, git hash: 84205aa28f11a4f31f2a3b86d1bba2cc8ab69827
2019-09-04 03:20:12,625 [main] INFO  handler.ContextHandler (ContextHandler.java:doStart(781)) - Started o.e.j.s.ServletContextHandler@749d7c01{/logs,file:///workdir/hadoop-ozone/integration-test/target/log,AVAILABLE}
2019-09-04 03:20:12,626 [main] INFO  handler.ContextHandler (ContextHandler.java:doStart(781)) - Started o.e.j.s.ServletContextHandler@f48a080{/static,jar:file:/home/user/.m2/repository/org/apache/hadoop/hadoop-hdds-container-service/0.5.0-SNAPSHOT/hadoop-hdds-container-service-0.5.0-SNAPSHOT.jar!/webapps/static,AVAILABLE}
2019-09-04 03:20:12,660 [main] INFO  handler.ContextHandler (ContextHandler.java:doStart(781)) - Started o.e.j.w.WebAppContext@53b7bf01{/,file:///tmp/jetty-0.0.0.0-36570-hddsDatanode-_-any-7532835313038625573.dir/webapp/,AVAILABLE}{/hddsDatanode}
2019-09-04 03:20:12,662 [main] INFO  server.AbstractConnector (AbstractConnector.java:doStart(278)) - Started ServerConnector@139089a4{HTTP/1.1,[http/1.1]}{0.0.0.0:36570}
2019-09-04 03:20:12,662 [main] INFO  server.Server (Server.java:doStart(419)) - Started @56502ms
2019-09-04 03:20:12,663 [main] INFO  server.BaseHttpServer (BaseHttpServer.java:updateConnectorAddress(213)) - HTTP server of HDDSDATANODE is listening at http://0.0.0.0:36570
2019-09-04 03:20:12,795 | INFO  | ObjectStoreRestHttpServer | Listening HDDS REST traffic on /0.0.0.0:37083 |  
2019-09-04 03:20:12,795 [main] INFO  ozone.HddsDatanodeService (HddsDatanodeService.java:startPlugins(395)) - Started plug-in org.apache.hadoop.ozone.web.OzoneHddsDatanodeService@1f60824e
2019-09-04 03:20:12,795 [main] INFO  impl.MetricsSystemImpl (MetricsSystemImpl.java:init(158)) - HddsDatanode metrics system started (again)
2019-09-04 03:20:12,798 [org.apache.hadoop.util.JvmPauseMonitor$Monitor@2134ec13] INFO  util.JvmPauseMonitor (JvmPauseMonitor.java:run(188)) - Starting JVM pause monitor
2019-09-04 03:20:12,799 [main] INFO  ozone.HddsDatanodeService (HddsDatanodeService.java:start(184)) - HddsDatanodeService host:pr-hdds-1571-zhvv9-3536733312 ip:192.168.69.105
2019-09-04 03:20:12,800 [Datanode State Machine Thread - 0] INFO  datanode.InitDatanodeState (InitDatanodeState.java:persistContainerDatanodeDetails(140)) - DatanodeDetails is persisted to /workdir/hadoop-ozone/integration-test/target/test-dir/MiniOzoneClusterImpl-73aa9163-49e3-40ac-b180-0c4b940e9410/datanode-1/meta/datanode.id
2019-09-04 03:20:12,806 [main] INFO  volume.HddsVolume (HddsVolume.java:<init>(176)) - Creating Volume: /workdir/hadoop-ozone/integration-test/target/test-dir/MiniOzoneClusterImpl-73aa9163-49e3-40ac-b180-0c4b940e9410/datanode-2/data/containers/hdds of  storage type : DISK and capacity : 1482555576320
2019-09-04 03:20:12,806 [main] INFO  volume.VolumeSet (VolumeSet.java:initializeVolumeSet(170)) - Added Volume : /workdir/hadoop-ozone/integration-test/target/test-dir/MiniOzoneClusterImpl-73aa9163-49e3-40ac-b180-0c4b940e9410/datanode-2/data/containers/hdds to VolumeSet
2019-09-04 03:20:12,807 [main] INFO  volume.ThrottledAsyncChecker (ThrottledAsyncChecker.java:schedule(140)) - Scheduling a check for org.apache.hadoop.ozone.container.common.volume.HddsVolume@61c4cebd
2019-09-04 03:20:12,807 [main] INFO  volume.HddsVolumeChecker (HddsVolumeChecker.java:checkAllVolumes(203)) - Scheduled health check for volume org.apache.hadoop.ozone.container.common.volume.HddsVolume@61c4cebd
2019-09-04 03:20:12,823 [main] INFO  impl.RaftServerProxy (ConfUtils.java:logGet(43)) - raft.rpc.type = GRPC (default)
2019-09-04 03:20:12,824 [main] INFO  grpc.GrpcFactory (GrpcFactory.java:checkPooledByteBufAllocatorUseCacheForAllThreads(45)) - PERFORMANCE WARNING: useCacheForAllThreads is true that may cause Netty to create a lot garbage objects and, as a result, trigger GC.
	It is recommended to disable useCacheForAllThreads by setting -Dorg.apache.ratis.thirdparty.io.netty.allocator.useCacheForAllThreads=false in command line.
2019-09-04 03:20:12,824 [main] INFO  grpc.GrpcConfigKeys$Server (ConfUtils.java:logGet(43)) - raft.grpc.server.port = 0 (default)
2019-09-04 03:20:12,824 [main] INFO  server.GrpcService (ConfUtils.java:logGet(43)) - raft.grpc.message.size.max = 33570816 (custom)
2019-09-04 03:20:12,824 [main] INFO  server.RaftServerConfigKeys (ConfUtils.java:logGet(43)) - raft.server.log.appender.buffer.byte-limit = 33554432 (custom)
2019-09-04 03:20:12,824 [main] INFO  server.GrpcService (ConfUtils.java:logGet(43)) - raft.grpc.flow.control.window = 1MB (=1048576) (default)
2019-09-04 03:20:12,825 [main] INFO  server.RaftServerConfigKeys (ConfUtils.java:logGet(43)) - raft.server.rpc.request.timeout = 3000ms (default)
2019-09-04 03:20:12,826 [main] INFO  server.RaftServerConfigKeys (ConfUtils.java:logGet(43)) - raft.server.storage.dir = [/workdir/hadoop-ozone/integration-test/target/test-dir/MiniOzoneClusterImpl-73aa9163-49e3-40ac-b180-0c4b940e9410/datanode-2/data/ratis] (custom)
2019-09-04 03:20:12,826 [main] INFO  replication.SimpleContainerDownloader (SimpleContainerDownloader.java:<init>(72)) - Starting container downloader service to copy containers to replicate.
2019-09-04 03:20:12,828 [main] INFO  hdfs.DFSUtil (DFSUtil.java:httpServerTemplateForNNAndJN(1641)) - Starting Web-server for hddsDatanode at: http://0.0.0.0:0
2019-09-04 03:20:12,829 [main] INFO  server.AuthenticationFilter (AuthenticationFilter.java:constructSecretProvider(240)) - Unable to initialize FileSignerSecretProvider, falling back to use random secrets.
2019-09-04 03:20:12,830 [main] WARN  http.HttpRequestLog (HttpRequestLog.java:getRequestLog(97)) - Jetty request log can only be enabled using Log4j
2019-09-04 03:20:12,831 [main] INFO  http.HttpServer2 (HttpServer2.java:addGlobalFilter(975)) - Added global filter 'safety' (class=org.apache.hadoop.http.HttpServer2$QuotingInputFilter)
2019-09-04 03:20:12,832 [main] INFO  http.HttpServer2 (HttpServer2.java:addFilter(948)) - Added filter static_user_filter (class=org.apache.hadoop.http.lib.StaticUserWebFilter$StaticUserFilter) to context hddsDatanode
2019-09-04 03:20:12,832 [main] INFO  http.HttpServer2 (HttpServer2.java:addFilter(958)) - Added filter static_user_filter (class=org.apache.hadoop.http.lib.StaticUserWebFilter$StaticUserFilter) to context logs
2019-09-04 03:20:12,832 [main] INFO  http.HttpServer2 (HttpServer2.java:addFilter(958)) - Added filter static_user_filter (class=org.apache.hadoop.http.lib.StaticUserWebFilter$StaticUserFilter) to context static
2019-09-04 03:20:12,833 [main] INFO  http.HttpServer2 (HttpServer2.java:bindListener(1191)) - Jetty bound to port 40293
2019-09-04 03:20:12,833 [main] INFO  server.Server (Server.java:doStart(351)) - jetty-9.3.24.v20180605, build timestamp: 2018-06-05T17:11:56Z, git hash: 84205aa28f11a4f31f2a3b86d1bba2cc8ab69827
2019-09-04 03:20:12,835 [main] INFO  handler.ContextHandler (ContextHandler.java:doStart(781)) - Started o.e.j.s.ServletContextHandler@70022d44{/logs,file:///workdir/hadoop-ozone/integration-test/target/log,AVAILABLE}
2019-09-04 03:20:12,836 [main] INFO  handler.ContextHandler (ContextHandler.java:doStart(781)) - Started o.e.j.s.ServletContextHandler@5abbb273{/static,jar:file:/home/user/.m2/repository/org/apache/hadoop/hadoop-hdds-container-service/0.5.0-SNAPSHOT/hadoop-hdds-container-service-0.5.0-SNAPSHOT.jar!/webapps/static,AVAILABLE}
2019-09-04 03:20:12,863 [main] INFO  handler.ContextHandler (ContextHandler.java:doStart(781)) - Started o.e.j.w.WebAppContext@92e2c93{/,file:///tmp/jetty-0.0.0.0-40293-hddsDatanode-_-any-2977985683434861470.dir/webapp/,AVAILABLE}{/hddsDatanode}
2019-09-04 03:20:12,864 [main] INFO  server.AbstractConnector (AbstractConnector.java:doStart(278)) - Started ServerConnector@6697f3d{HTTP/1.1,[http/1.1]}{0.0.0.0:40293}
2019-09-04 03:20:12,865 [main] INFO  server.Server (Server.java:doStart(419)) - Started @56706ms
2019-09-04 03:20:12,866 [main] INFO  server.BaseHttpServer (BaseHttpServer.java:updateConnectorAddress(213)) - HTTP server of HDDSDATANODE is listening at http://0.0.0.0:40293
2019-09-04 03:20:13,028 | INFO  | ObjectStoreRestHttpServer | Listening HDDS REST traffic on /0.0.0.0:41233 |  
2019-09-04 03:20:13,028 [main] INFO  ozone.HddsDatanodeService (HddsDatanodeService.java:startPlugins(395)) - Started plug-in org.apache.hadoop.ozone.web.OzoneHddsDatanodeService@adc8683
2019-09-04 03:20:13,029 [main] INFO  impl.MetricsSystemImpl (MetricsSystemImpl.java:init(158)) - HddsDatanode metrics system started (again)
2019-09-04 03:20:13,033 [org.apache.hadoop.util.JvmPauseMonitor$Monitor@33225dea] INFO  util.JvmPauseMonitor (JvmPauseMonitor.java:run(188)) - Starting JVM pause monitor
2019-09-04 03:20:13,034 [main] INFO  ozone.HddsDatanodeService (HddsDatanodeService.java:start(184)) - HddsDatanodeService host:pr-hdds-1571-zhvv9-3536733312 ip:192.168.69.105
2019-09-04 03:20:13,034 [Datanode State Machine Thread - 0] INFO  datanode.InitDatanodeState (InitDatanodeState.java:persistContainerDatanodeDetails(140)) - DatanodeDetails is persisted to /workdir/hadoop-ozone/integration-test/target/test-dir/MiniOzoneClusterImpl-73aa9163-49e3-40ac-b180-0c4b940e9410/datanode-2/meta/datanode.id
2019-09-04 03:20:13,043 [main] INFO  volume.HddsVolume (HddsVolume.java:<init>(176)) - Creating Volume: /workdir/hadoop-ozone/integration-test/target/test-dir/MiniOzoneClusterImpl-73aa9163-49e3-40ac-b180-0c4b940e9410/datanode-3/data/containers/hdds of  storage type : DISK and capacity : 1482555576320
2019-09-04 03:20:13,043 [main] INFO  volume.VolumeSet (VolumeSet.java:initializeVolumeSet(170)) - Added Volume : /workdir/hadoop-ozone/integration-test/target/test-dir/MiniOzoneClusterImpl-73aa9163-49e3-40ac-b180-0c4b940e9410/datanode-3/data/containers/hdds to VolumeSet
2019-09-04 03:20:13,044 [main] INFO  volume.ThrottledAsyncChecker (ThrottledAsyncChecker.java:schedule(140)) - Scheduling a check for org.apache.hadoop.ozone.container.common.volume.HddsVolume@751686aa
2019-09-04 03:20:13,044 [main] INFO  volume.HddsVolumeChecker (HddsVolumeChecker.java:checkAllVolumes(203)) - Scheduled health check for volume org.apache.hadoop.ozone.container.common.volume.HddsVolume@751686aa
2019-09-04 03:20:13,067 [main] INFO  impl.RaftServerProxy (ConfUtils.java:logGet(43)) - raft.rpc.type = GRPC (default)
2019-09-04 03:20:13,067 [main] INFO  grpc.GrpcFactory (GrpcFactory.java:checkPooledByteBufAllocatorUseCacheForAllThreads(45)) - PERFORMANCE WARNING: useCacheForAllThreads is true that may cause Netty to create a lot garbage objects and, as a result, trigger GC.
	It is recommended to disable useCacheForAllThreads by setting -Dorg.apache.ratis.thirdparty.io.netty.allocator.useCacheForAllThreads=false in command line.
2019-09-04 03:20:13,067 [main] INFO  grpc.GrpcConfigKeys$Server (ConfUtils.java:logGet(43)) - raft.grpc.server.port = 0 (default)
2019-09-04 03:20:13,068 [main] INFO  server.GrpcService (ConfUtils.java:logGet(43)) - raft.grpc.message.size.max = 33570816 (custom)
2019-09-04 03:20:13,068 [main] INFO  server.RaftServerConfigKeys (ConfUtils.java:logGet(43)) - raft.server.log.appender.buffer.byte-limit = 33554432 (custom)
2019-09-04 03:20:13,068 [main] INFO  server.GrpcService (ConfUtils.java:logGet(43)) - raft.grpc.flow.control.window = 1MB (=1048576) (default)
2019-09-04 03:20:13,069 [main] INFO  server.RaftServerConfigKeys (ConfUtils.java:logGet(43)) - raft.server.rpc.request.timeout = 3000ms (default)
2019-09-04 03:20:13,069 [main] INFO  server.RaftServerConfigKeys (ConfUtils.java:logGet(43)) - raft.server.storage.dir = [/workdir/hadoop-ozone/integration-test/target/test-dir/MiniOzoneClusterImpl-73aa9163-49e3-40ac-b180-0c4b940e9410/datanode-3/data/ratis] (custom)
2019-09-04 03:20:13,070 [main] INFO  replication.SimpleContainerDownloader (SimpleContainerDownloader.java:<init>(72)) - Starting container downloader service to copy containers to replicate.
2019-09-04 03:20:13,071 [main] INFO  hdfs.DFSUtil (DFSUtil.java:httpServerTemplateForNNAndJN(1641)) - Starting Web-server for hddsDatanode at: http://0.0.0.0:0
2019-09-04 03:20:13,073 [main] INFO  server.AuthenticationFilter (AuthenticationFilter.java:constructSecretProvider(240)) - Unable to initialize FileSignerSecretProvider, falling back to use random secrets.
2019-09-04 03:20:13,074 [main] WARN  http.HttpRequestLog (HttpRequestLog.java:getRequestLog(97)) - Jetty request log can only be enabled using Log4j
2019-09-04 03:20:13,076 [main] INFO  http.HttpServer2 (HttpServer2.java:addGlobalFilter(975)) - Added global filter 'safety' (class=org.apache.hadoop.http.HttpServer2$QuotingInputFilter)
2019-09-04 03:20:13,077 [main] INFO  http.HttpServer2 (HttpServer2.java:addFilter(948)) - Added filter static_user_filter (class=org.apache.hadoop.http.lib.StaticUserWebFilter$StaticUserFilter) to context hddsDatanode
2019-09-04 03:20:13,078 [main] INFO  http.HttpServer2 (HttpServer2.java:addFilter(958)) - Added filter static_user_filter (class=org.apache.hadoop.http.lib.StaticUserWebFilter$StaticUserFilter) to context logs
2019-09-04 03:20:13,078 [main] INFO  http.HttpServer2 (HttpServer2.java:addFilter(958)) - Added filter static_user_filter (class=org.apache.hadoop.http.lib.StaticUserWebFilter$StaticUserFilter) to context static
2019-09-04 03:20:13,079 [main] INFO  http.HttpServer2 (HttpServer2.java:bindListener(1191)) - Jetty bound to port 34506
2019-09-04 03:20:13,079 [main] INFO  server.Server (Server.java:doStart(351)) - jetty-9.3.24.v20180605, build timestamp: 2018-06-05T17:11:56Z, git hash: 84205aa28f11a4f31f2a3b86d1bba2cc8ab69827
2019-09-04 03:20:13,081 [main] INFO  handler.ContextHandler (ContextHandler.java:doStart(781)) - Started o.e.j.s.ServletContextHandler@6475e778{/logs,file:///workdir/hadoop-ozone/integration-test/target/log,AVAILABLE}
2019-09-04 03:20:13,082 [main] INFO  handler.ContextHandler (ContextHandler.java:doStart(781)) - Started o.e.j.s.ServletContextHandler@55b62db8{/static,jar:file:/home/user/.m2/repository/org/apache/hadoop/hadoop-hdds-container-service/0.5.0-SNAPSHOT/hadoop-hdds-container-service-0.5.0-SNAPSHOT.jar!/webapps/static,AVAILABLE}
2019-09-04 03:20:13,127 [main] INFO  handler.ContextHandler (ContextHandler.java:doStart(781)) - Started o.e.j.w.WebAppContext@29699283{/,file:///tmp/jetty-0.0.0.0-34506-hddsDatanode-_-any-7693658693551858558.dir/webapp/,AVAILABLE}{/hddsDatanode}
2019-09-04 03:20:13,127 [main] INFO  server.AbstractConnector (AbstractConnector.java:doStart(278)) - Started ServerConnector@5d32c1c7{HTTP/1.1,[http/1.1]}{0.0.0.0:34506}
2019-09-04 03:20:13,129 [main] INFO  server.Server (Server.java:doStart(419)) - Started @56970ms
2019-09-04 03:20:13,130 [main] INFO  server.BaseHttpServer (BaseHttpServer.java:updateConnectorAddress(213)) - HTTP server of HDDSDATANODE is listening at http://0.0.0.0:34506
2019-09-04 03:20:13,269 | INFO  | ObjectStoreRestHttpServer | Listening HDDS REST traffic on /0.0.0.0:33930 |  
2019-09-04 03:20:13,269 [main] INFO  ozone.HddsDatanodeService (HddsDatanodeService.java:startPlugins(395)) - Started plug-in org.apache.hadoop.ozone.web.OzoneHddsDatanodeService@2047adea
2019-09-04 03:20:13,270 [main] INFO  impl.MetricsSystemImpl (MetricsSystemImpl.java:init(158)) - HddsDatanode metrics system started (again)
2019-09-04 03:20:13,273 [org.apache.hadoop.util.JvmPauseMonitor$Monitor@5226f34d] INFO  util.JvmPauseMonitor (JvmPauseMonitor.java:run(188)) - Starting JVM pause monitor
2019-09-04 03:20:13,273 [main] INFO  ozone.HddsDatanodeService (HddsDatanodeService.java:start(184)) - HddsDatanodeService host:pr-hdds-1571-zhvv9-3536733312 ip:192.168.69.105
2019-09-04 03:20:13,276 [Datanode State Machine Thread - 0] INFO  datanode.InitDatanodeState (InitDatanodeState.java:persistContainerDatanodeDetails(140)) - DatanodeDetails is persisted to /workdir/hadoop-ozone/integration-test/target/test-dir/MiniOzoneClusterImpl-73aa9163-49e3-40ac-b180-0c4b940e9410/datanode-3/meta/datanode.id
2019-09-04 03:20:13,282 [main] INFO  volume.HddsVolume (HddsVolume.java:<init>(176)) - Creating Volume: /workdir/hadoop-ozone/integration-test/target/test-dir/MiniOzoneClusterImpl-73aa9163-49e3-40ac-b180-0c4b940e9410/datanode-4/data/containers/hdds of  storage type : DISK and capacity : 1482555576320
2019-09-04 03:20:13,283 [main] INFO  volume.VolumeSet (VolumeSet.java:initializeVolumeSet(170)) - Added Volume : /workdir/hadoop-ozone/integration-test/target/test-dir/MiniOzoneClusterImpl-73aa9163-49e3-40ac-b180-0c4b940e9410/datanode-4/data/containers/hdds to VolumeSet
2019-09-04 03:20:13,283 [main] INFO  volume.ThrottledAsyncChecker (ThrottledAsyncChecker.java:schedule(140)) - Scheduling a check for org.apache.hadoop.ozone.container.common.volume.HddsVolume@2a661215
2019-09-04 03:20:13,284 [main] INFO  volume.HddsVolumeChecker (HddsVolumeChecker.java:checkAllVolumes(203)) - Scheduled health check for volume org.apache.hadoop.ozone.container.common.volume.HddsVolume@2a661215
2019-09-04 03:20:13,302 [main] INFO  impl.RaftServerProxy (ConfUtils.java:logGet(43)) - raft.rpc.type = GRPC (default)
2019-09-04 03:20:13,302 [main] INFO  grpc.GrpcFactory (GrpcFactory.java:checkPooledByteBufAllocatorUseCacheForAllThreads(45)) - PERFORMANCE WARNING: useCacheForAllThreads is true that may cause Netty to create a lot garbage objects and, as a result, trigger GC.
	It is recommended to disable useCacheForAllThreads by setting -Dorg.apache.ratis.thirdparty.io.netty.allocator.useCacheForAllThreads=false in command line.
2019-09-04 03:20:13,303 [main] INFO  grpc.GrpcConfigKeys$Server (ConfUtils.java:logGet(43)) - raft.grpc.server.port = 0 (default)
2019-09-04 03:20:13,303 [main] INFO  server.GrpcService (ConfUtils.java:logGet(43)) - raft.grpc.message.size.max = 33570816 (custom)
2019-09-04 03:20:13,303 [main] INFO  server.RaftServerConfigKeys (ConfUtils.java:logGet(43)) - raft.server.log.appender.buffer.byte-limit = 33554432 (custom)
2019-09-04 03:20:13,303 [main] INFO  server.GrpcService (ConfUtils.java:logGet(43)) - raft.grpc.flow.control.window = 1MB (=1048576) (default)
2019-09-04 03:20:13,304 [main] INFO  server.RaftServerConfigKeys (ConfUtils.java:logGet(43)) - raft.server.rpc.request.timeout = 3000ms (default)
2019-09-04 03:20:13,304 [main] INFO  server.RaftServerConfigKeys (ConfUtils.java:logGet(43)) - raft.server.storage.dir = [/workdir/hadoop-ozone/integration-test/target/test-dir/MiniOzoneClusterImpl-73aa9163-49e3-40ac-b180-0c4b940e9410/datanode-4/data/ratis] (custom)
2019-09-04 03:20:13,305 [main] INFO  replication.SimpleContainerDownloader (SimpleContainerDownloader.java:<init>(72)) - Starting container downloader service to copy containers to replicate.
2019-09-04 03:20:13,306 [main] INFO  hdfs.DFSUtil (DFSUtil.java:httpServerTemplateForNNAndJN(1641)) - Starting Web-server for hddsDatanode at: http://0.0.0.0:0
2019-09-04 03:20:13,308 [main] INFO  server.AuthenticationFilter (AuthenticationFilter.java:constructSecretProvider(240)) - Unable to initialize FileSignerSecretProvider, falling back to use random secrets.
2019-09-04 03:20:13,309 [main] WARN  http.HttpRequestLog (HttpRequestLog.java:getRequestLog(97)) - Jetty request log can only be enabled using Log4j
2019-09-04 03:20:13,312 [main] INFO  http.HttpServer2 (HttpServer2.java:addGlobalFilter(975)) - Added global filter 'safety' (class=org.apache.hadoop.http.HttpServer2$QuotingInputFilter)
2019-09-04 03:20:13,313 [main] INFO  http.HttpServer2 (HttpServer2.java:addFilter(948)) - Added filter static_user_filter (class=org.apache.hadoop.http.lib.StaticUserWebFilter$StaticUserFilter) to context hddsDatanode
2019-09-04 03:20:13,313 [main] INFO  http.HttpServer2 (HttpServer2.java:addFilter(958)) - Added filter static_user_filter (class=org.apache.hadoop.http.lib.StaticUserWebFilter$StaticUserFilter) to context static
2019-09-04 03:20:13,313 [main] INFO  http.HttpServer2 (HttpServer2.java:addFilter(958)) - Added filter static_user_filter (class=org.apache.hadoop.http.lib.StaticUserWebFilter$StaticUserFilter) to context logs
2019-09-04 03:20:13,315 [main] INFO  http.HttpServer2 (HttpServer2.java:bindListener(1191)) - Jetty bound to port 33371
2019-09-04 03:20:13,315 [main] INFO  server.Server (Server.java:doStart(351)) - jetty-9.3.24.v20180605, build timestamp: 2018-06-05T17:11:56Z, git hash: 84205aa28f11a4f31f2a3b86d1bba2cc8ab69827
2019-09-04 03:20:13,318 [main] INFO  handler.ContextHandler (ContextHandler.java:doStart(781)) - Started o.e.j.s.ServletContextHandler@5a2035e1{/logs,file:///workdir/hadoop-ozone/integration-test/target/log,AVAILABLE}
2019-09-04 03:20:13,319 [main] INFO  handler.ContextHandler (ContextHandler.java:doStart(781)) - Started o.e.j.s.ServletContextHandler@7c47e077{/static,jar:file:/home/user/.m2/repository/org/apache/hadoop/hadoop-hdds-container-service/0.5.0-SNAPSHOT/hadoop-hdds-container-service-0.5.0-SNAPSHOT.jar!/webapps/static,AVAILABLE}
2019-09-04 03:20:13,379 [main] INFO  handler.ContextHandler (ContextHandler.java:doStart(781)) - Started o.e.j.w.WebAppContext@3359c3f6{/,file:///tmp/jetty-0.0.0.0-33371-hddsDatanode-_-any-4895484698944730652.dir/webapp/,AVAILABLE}{/hddsDatanode}
2019-09-04 03:20:13,379 [main] INFO  server.AbstractConnector (AbstractConnector.java:doStart(278)) - Started ServerConnector@3d3b272a{HTTP/1.1,[http/1.1]}{0.0.0.0:33371}
2019-09-04 03:20:13,381 [main] INFO  server.Server (Server.java:doStart(419)) - Started @57222ms
2019-09-04 03:20:13,382 [main] INFO  server.BaseHttpServer (BaseHttpServer.java:updateConnectorAddress(213)) - HTTP server of HDDSDATANODE is listening at http://0.0.0.0:33371
2019-09-04 03:20:13,783 | INFO  | ObjectStoreRestHttpServer | Listening HDDS REST traffic on /0.0.0.0:35206 |  
2019-09-04 03:20:13,783 [main] INFO  ozone.HddsDatanodeService (HddsDatanodeService.java:startPlugins(395)) - Started plug-in org.apache.hadoop.ozone.web.OzoneHddsDatanodeService@50fa5938
2019-09-04 03:20:13,784 [main] INFO  impl.MetricsSystemImpl (MetricsSystemImpl.java:init(158)) - HddsDatanode metrics system started (again)
2019-09-04 03:20:13,787 [org.apache.hadoop.util.JvmPauseMonitor$Monitor@4ca4ce16] INFO  util.JvmPauseMonitor (JvmPauseMonitor.java:run(188)) - Starting JVM pause monitor
2019-09-04 03:20:13,788 [main] INFO  ozone.HddsDatanodeService (HddsDatanodeService.java:start(184)) - HddsDatanodeService host:pr-hdds-1571-zhvv9-3536733312 ip:192.168.69.105
2019-09-04 03:20:13,789 [Datanode State Machine Thread - 0] INFO  datanode.InitDatanodeState (InitDatanodeState.java:persistContainerDatanodeDetails(140)) - DatanodeDetails is persisted to /workdir/hadoop-ozone/integration-test/target/test-dir/MiniOzoneClusterImpl-73aa9163-49e3-40ac-b180-0c4b940e9410/datanode-4/meta/datanode.id
2019-09-04 03:20:13,796 [main] INFO  volume.HddsVolume (HddsVolume.java:<init>(176)) - Creating Volume: /workdir/hadoop-ozone/integration-test/target/test-dir/MiniOzoneClusterImpl-73aa9163-49e3-40ac-b180-0c4b940e9410/datanode-5/data/containers/hdds of  storage type : DISK and capacity : 1482555576320
2019-09-04 03:20:13,797 [main] INFO  volume.VolumeSet (VolumeSet.java:initializeVolumeSet(170)) - Added Volume : /workdir/hadoop-ozone/integration-test/target/test-dir/MiniOzoneClusterImpl-73aa9163-49e3-40ac-b180-0c4b940e9410/datanode-5/data/containers/hdds to VolumeSet
2019-09-04 03:20:13,797 [main] INFO  volume.ThrottledAsyncChecker (ThrottledAsyncChecker.java:schedule(140)) - Scheduling a check for org.apache.hadoop.ozone.container.common.volume.HddsVolume@31443680
2019-09-04 03:20:13,797 [main] INFO  volume.HddsVolumeChecker (HddsVolumeChecker.java:checkAllVolumes(203)) - Scheduled health check for volume org.apache.hadoop.ozone.container.common.volume.HddsVolume@31443680
2019-09-04 03:20:13,815 [main] INFO  impl.RaftServerProxy (ConfUtils.java:logGet(43)) - raft.rpc.type = GRPC (default)
2019-09-04 03:20:13,815 [main] INFO  grpc.GrpcFactory (GrpcFactory.java:checkPooledByteBufAllocatorUseCacheForAllThreads(45)) - PERFORMANCE WARNING: useCacheForAllThreads is true that may cause Netty to create a lot garbage objects and, as a result, trigger GC.
	It is recommended to disable useCacheForAllThreads by setting -Dorg.apache.ratis.thirdparty.io.netty.allocator.useCacheForAllThreads=false in command line.
2019-09-04 03:20:13,816 [main] INFO  grpc.GrpcConfigKeys$Server (ConfUtils.java:logGet(43)) - raft.grpc.server.port = 0 (default)
2019-09-04 03:20:13,816 [main] INFO  server.GrpcService (ConfUtils.java:logGet(43)) - raft.grpc.message.size.max = 33570816 (custom)
2019-09-04 03:20:13,816 [main] INFO  server.RaftServerConfigKeys (ConfUtils.java:logGet(43)) - raft.server.log.appender.buffer.byte-limit = 33554432 (custom)
2019-09-04 03:20:13,816 [main] INFO  server.GrpcService (ConfUtils.java:logGet(43)) - raft.grpc.flow.control.window = 1MB (=1048576) (default)
2019-09-04 03:20:13,817 [main] INFO  server.RaftServerConfigKeys (ConfUtils.java:logGet(43)) - raft.server.rpc.request.timeout = 3000ms (default)
2019-09-04 03:20:13,817 [main] INFO  server.RaftServerConfigKeys (ConfUtils.java:logGet(43)) - raft.server.storage.dir = [/workdir/hadoop-ozone/integration-test/target/test-dir/MiniOzoneClusterImpl-73aa9163-49e3-40ac-b180-0c4b940e9410/datanode-5/data/ratis] (custom)
2019-09-04 03:20:13,817 [main] INFO  replication.SimpleContainerDownloader (SimpleContainerDownloader.java:<init>(72)) - Starting container downloader service to copy containers to replicate.
2019-09-04 03:20:13,819 [main] INFO  hdfs.DFSUtil (DFSUtil.java:httpServerTemplateForNNAndJN(1641)) - Starting Web-server for hddsDatanode at: http://0.0.0.0:0
2019-09-04 03:20:13,825 [main] INFO  server.AuthenticationFilter (AuthenticationFilter.java:constructSecretProvider(240)) - Unable to initialize FileSignerSecretProvider, falling back to use random secrets.
2019-09-04 03:20:13,826 [main] WARN  http.HttpRequestLog (HttpRequestLog.java:getRequestLog(97)) - Jetty request log can only be enabled using Log4j
2019-09-04 03:20:13,829 [main] INFO  http.HttpServer2 (HttpServer2.java:addGlobalFilter(975)) - Added global filter 'safety' (class=org.apache.hadoop.http.HttpServer2$QuotingInputFilter)
2019-09-04 03:20:13,830 [main] INFO  http.HttpServer2 (HttpServer2.java:addFilter(948)) - Added filter static_user_filter (class=org.apache.hadoop.http.lib.StaticUserWebFilter$StaticUserFilter) to context hddsDatanode
2019-09-04 03:20:13,830 [main] INFO  http.HttpServer2 (HttpServer2.java:addFilter(958)) - Added filter static_user_filter (class=org.apache.hadoop.http.lib.StaticUserWebFilter$StaticUserFilter) to context static
2019-09-04 03:20:13,830 [main] INFO  http.HttpServer2 (HttpServer2.java:addFilter(958)) - Added filter static_user_filter (class=org.apache.hadoop.http.lib.StaticUserWebFilter$StaticUserFilter) to context logs
2019-09-04 03:20:13,831 [main] INFO  http.HttpServer2 (HttpServer2.java:bindListener(1191)) - Jetty bound to port 33615
2019-09-04 03:20:13,832 [main] INFO  server.Server (Server.java:doStart(351)) - jetty-9.3.24.v20180605, build timestamp: 2018-06-05T17:11:56Z, git hash: 84205aa28f11a4f31f2a3b86d1bba2cc8ab69827
2019-09-04 03:20:13,834 [main] INFO  handler.ContextHandler (ContextHandler.java:doStart(781)) - Started o.e.j.s.ServletContextHandler@3bcedb06{/logs,file:///workdir/hadoop-ozone/integration-test/target/log,AVAILABLE}
2019-09-04 03:20:13,835 [main] INFO  handler.ContextHandler (ContextHandler.java:doStart(781)) - Started o.e.j.s.ServletContextHandler@72ceafeb{/static,jar:file:/home/user/.m2/repository/org/apache/hadoop/hadoop-hdds-container-service/0.5.0-SNAPSHOT/hadoop-hdds-container-service-0.5.0-SNAPSHOT.jar!/webapps/static,AVAILABLE}
2019-09-04 03:20:13,871 [main] INFO  handler.ContextHandler (ContextHandler.java:doStart(781)) - Started o.e.j.w.WebAppContext@4cd8db31{/,file:///tmp/jetty-0.0.0.0-33615-hddsDatanode-_-any-6757661338485514386.dir/webapp/,AVAILABLE}{/hddsDatanode}
2019-09-04 03:20:13,872 [main] INFO  server.AbstractConnector (AbstractConnector.java:doStart(278)) - Started ServerConnector@201a8ea7{HTTP/1.1,[http/1.1]}{0.0.0.0:33615}
2019-09-04 03:20:13,875 [main] INFO  server.Server (Server.java:doStart(419)) - Started @57716ms
2019-09-04 03:20:13,876 [main] INFO  server.BaseHttpServer (BaseHttpServer.java:updateConnectorAddress(213)) - HTTP server of HDDSDATANODE is listening at http://0.0.0.0:33615
2019-09-04 03:20:14,010 | INFO  | ObjectStoreRestHttpServer | Listening HDDS REST traffic on /0.0.0.0:38394 |  
2019-09-04 03:20:14,010 [main] INFO  ozone.HddsDatanodeService (HddsDatanodeService.java:startPlugins(395)) - Started plug-in org.apache.hadoop.ozone.web.OzoneHddsDatanodeService@70ce2fb2
2019-09-04 03:20:14,011 [main] INFO  impl.MetricsSystemImpl (MetricsSystemImpl.java:init(158)) - HddsDatanode metrics system started (again)
2019-09-04 03:20:14,012 [org.apache.hadoop.util.JvmPauseMonitor$Monitor@7c349cd9] INFO  util.JvmPauseMonitor (JvmPauseMonitor.java:run(188)) - Starting JVM pause monitor
2019-09-04 03:20:14,014 [Datanode State Machine Thread - 0] INFO  datanode.InitDatanodeState (InitDatanodeState.java:persistContainerDatanodeDetails(140)) - DatanodeDetails is persisted to /workdir/hadoop-ozone/integration-test/target/test-dir/MiniOzoneClusterImpl-73aa9163-49e3-40ac-b180-0c4b940e9410/datanode-5/meta/datanode.id
2019-09-04 03:20:14,020 [main] INFO  ozone.HddsDatanodeService (HddsDatanodeService.java:start(184)) - HddsDatanodeService host:pr-hdds-1571-zhvv9-3536733312 ip:192.168.69.105
2019-09-04 03:20:14,029 [main] INFO  volume.HddsVolume (HddsVolume.java:<init>(176)) - Creating Volume: /workdir/hadoop-ozone/integration-test/target/test-dir/MiniOzoneClusterImpl-73aa9163-49e3-40ac-b180-0c4b940e9410/datanode-6/data/containers/hdds of  storage type : DISK and capacity : 1482555576320
2019-09-04 03:20:14,030 [main] INFO  volume.VolumeSet (VolumeSet.java:initializeVolumeSet(170)) - Added Volume : /workdir/hadoop-ozone/integration-test/target/test-dir/MiniOzoneClusterImpl-73aa9163-49e3-40ac-b180-0c4b940e9410/datanode-6/data/containers/hdds to VolumeSet
2019-09-04 03:20:14,030 [main] INFO  volume.ThrottledAsyncChecker (ThrottledAsyncChecker.java:schedule(140)) - Scheduling a check for org.apache.hadoop.ozone.container.common.volume.HddsVolume@57b3d869
2019-09-04 03:20:14,031 [main] INFO  volume.HddsVolumeChecker (HddsVolumeChecker.java:checkAllVolumes(203)) - Scheduled health check for volume org.apache.hadoop.ozone.container.common.volume.HddsVolume@57b3d869
2019-09-04 03:20:14,058 [main] INFO  impl.RaftServerProxy (ConfUtils.java:logGet(43)) - raft.rpc.type = GRPC (default)
2019-09-04 03:20:14,059 [main] INFO  grpc.GrpcFactory (GrpcFactory.java:checkPooledByteBufAllocatorUseCacheForAllThreads(45)) - PERFORMANCE WARNING: useCacheForAllThreads is true that may cause Netty to create a lot garbage objects and, as a result, trigger GC.
	It is recommended to disable useCacheForAllThreads by setting -Dorg.apache.ratis.thirdparty.io.netty.allocator.useCacheForAllThreads=false in command line.
2019-09-04 03:20:14,059 [main] INFO  grpc.GrpcConfigKeys$Server (ConfUtils.java:logGet(43)) - raft.grpc.server.port = 0 (default)
2019-09-04 03:20:14,060 [main] INFO  server.GrpcService (ConfUtils.java:logGet(43)) - raft.grpc.message.size.max = 33570816 (custom)
2019-09-04 03:20:14,060 [main] INFO  server.RaftServerConfigKeys (ConfUtils.java:logGet(43)) - raft.server.log.appender.buffer.byte-limit = 33554432 (custom)
2019-09-04 03:20:14,060 [main] INFO  server.GrpcService (ConfUtils.java:logGet(43)) - raft.grpc.flow.control.window = 1MB (=1048576) (default)
2019-09-04 03:20:14,061 [main] INFO  server.RaftServerConfigKeys (ConfUtils.java:logGet(43)) - raft.server.rpc.request.timeout = 3000ms (default)
2019-09-04 03:20:14,062 [main] INFO  server.RaftServerConfigKeys (ConfUtils.java:logGet(43)) - raft.server.storage.dir = [/workdir/hadoop-ozone/integration-test/target/test-dir/MiniOzoneClusterImpl-73aa9163-49e3-40ac-b180-0c4b940e9410/datanode-6/data/ratis] (custom)
2019-09-04 03:20:14,063 [main] INFO  replication.SimpleContainerDownloader (SimpleContainerDownloader.java:<init>(72)) - Starting container downloader service to copy containers to replicate.
2019-09-04 03:20:14,064 [main] INFO  hdfs.DFSUtil (DFSUtil.java:httpServerTemplateForNNAndJN(1641)) - Starting Web-server for hddsDatanode at: http://0.0.0.0:0
2019-09-04 03:20:14,066 [main] INFO  server.AuthenticationFilter (AuthenticationFilter.java:constructSecretProvider(240)) - Unable to initialize FileSignerSecretProvider, falling back to use random secrets.
2019-09-04 03:20:14,067 [main] WARN  http.HttpRequestLog (HttpRequestLog.java:getRequestLog(97)) - Jetty request log can only be enabled using Log4j
2019-09-04 03:20:14,070 [main] INFO  http.HttpServer2 (HttpServer2.java:addGlobalFilter(975)) - Added global filter 'safety' (class=org.apache.hadoop.http.HttpServer2$QuotingInputFilter)
2019-09-04 03:20:14,070 [main] INFO  http.HttpServer2 (HttpServer2.java:addFilter(948)) - Added filter static_user_filter (class=org.apache.hadoop.http.lib.StaticUserWebFilter$StaticUserFilter) to context hddsDatanode
2019-09-04 03:20:14,071 [main] INFO  http.HttpServer2 (HttpServer2.java:addFilter(958)) - Added filter static_user_filter (class=org.apache.hadoop.http.lib.StaticUserWebFilter$StaticUserFilter) to context logs
2019-09-04 03:20:14,071 [main] INFO  http.HttpServer2 (HttpServer2.java:addFilter(958)) - Added filter static_user_filter (class=org.apache.hadoop.http.lib.StaticUserWebFilter$StaticUserFilter) to context static
2019-09-04 03:20:14,072 [main] INFO  http.HttpServer2 (HttpServer2.java:bindListener(1191)) - Jetty bound to port 38130
2019-09-04 03:20:14,072 [main] INFO  server.Server (Server.java:doStart(351)) - jetty-9.3.24.v20180605, build timestamp: 2018-06-05T17:11:56Z, git hash: 84205aa28f11a4f31f2a3b86d1bba2cc8ab69827
2019-09-04 03:20:14,075 [main] INFO  handler.ContextHandler (ContextHandler.java:doStart(781)) - Started o.e.j.s.ServletContextHandler@66dd04e2{/logs,file:///workdir/hadoop-ozone/integration-test/target/log,AVAILABLE}
2019-09-04 03:20:14,076 [main] INFO  handler.ContextHandler (ContextHandler.java:doStart(781)) - Started o.e.j.s.ServletContextHandler@6a7aa675{/static,jar:file:/home/user/.m2/repository/org/apache/hadoop/hadoop-hdds-container-service/0.5.0-SNAPSHOT/hadoop-hdds-container-service-0.5.0-SNAPSHOT.jar!/webapps/static,AVAILABLE}
2019-09-04 03:20:14,115 [main] INFO  handler.ContextHandler (ContextHandler.java:doStart(781)) - Started o.e.j.w.WebAppContext@5dba3fdc{/,file:///tmp/jetty-0.0.0.0-38130-hddsDatanode-_-any-1691752619672139805.dir/webapp/,AVAILABLE}{/hddsDatanode}
2019-09-04 03:20:14,116 [main] INFO  server.AbstractConnector (AbstractConnector.java:doStart(278)) - Started ServerConnector@bea5941{HTTP/1.1,[http/1.1]}{0.0.0.0:38130}
2019-09-04 03:20:14,118 [main] INFO  server.Server (Server.java:doStart(419)) - Started @57958ms
2019-09-04 03:20:14,118 [main] INFO  server.BaseHttpServer (BaseHttpServer.java:updateConnectorAddress(213)) - HTTP server of HDDSDATANODE is listening at http://0.0.0.0:38130
2019-09-04 03:20:14,263 | INFO  | ObjectStoreRestHttpServer | Listening HDDS REST traffic on /0.0.0.0:38608 |  
2019-09-04 03:20:14,263 [main] INFO  ozone.HddsDatanodeService (HddsDatanodeService.java:startPlugins(395)) - Started plug-in org.apache.hadoop.ozone.web.OzoneHddsDatanodeService@3340ce58
2019-09-04 03:20:14,264 [main] INFO  ozone.MiniOzoneClusterImpl (MiniOzoneClusterImpl.java:lambda$waitForClusterToBeReady$0(142)) - Waiting for cluster to be ready. Got 0 of 7 DN Heartbeats.
2019-09-04 03:20:14,265 [org.apache.hadoop.util.JvmPauseMonitor$Monitor@6e367dd5] INFO  util.JvmPauseMonitor (JvmPauseMonitor.java:run(188)) - Starting JVM pause monitor
2019-09-04 03:20:14,267 [Datanode State Machine Thread - 0] INFO  datanode.InitDatanodeState (InitDatanodeState.java:persistContainerDatanodeDetails(140)) - DatanodeDetails is persisted to /workdir/hadoop-ozone/integration-test/target/test-dir/MiniOzoneClusterImpl-73aa9163-49e3-40ac-b180-0c4b940e9410/datanode-6/meta/datanode.id
2019-09-04 03:20:14,592 | INFO  | SCMAudit | user=jenkins1000 | ip=192.168.69.105 | op=GET_VERSION null | ret=SUCCESS |  
2019-09-04 03:20:14,799 | INFO  | SCMAudit | user=jenkins1000 | ip=192.168.69.105 | op=GET_VERSION null | ret=SUCCESS |  
2019-09-04 03:20:14,988 [Datanode State Machine Thread - 0] INFO  ozoneimpl.OzoneContainer (OzoneContainer.java:start(186)) - Attempting to start container services.
2019-09-04 03:20:14,988 [Datanode State Machine Thread - 0] INFO  ozoneimpl.OzoneContainer (OzoneContainer.java:startContainerScrub(160)) - Background container scrubber has been disabled by hdds.containerscrub.enabled
2019-09-04 03:20:14,989 [Datanode State Machine Thread - 0] INFO  ratis.XceiverServerRatis (XceiverServerRatis.java:start(404)) - Starting XceiverServerRatis 3895fe08-5e04-46ac-ae6d-2b942b921927 at port 0
2019-09-04 03:20:14,999 [Datanode State Machine Thread - 0] INFO  impl.RaftServerProxy (RaftServerProxy.java:lambda$start$3(299)) - 3895fe08-5e04-46ac-ae6d-2b942b921927: start RPC server
2019-09-04 03:20:15,002 [Datanode State Machine Thread - 0] INFO  server.GrpcService (GrpcService.java:startImpl(149)) - 3895fe08-5e04-46ac-ae6d-2b942b921927: GrpcService started, listening on 0.0.0.0/0.0.0.0:44785
2019-09-04 03:20:15,002 [Datanode State Machine Thread - 0] INFO  ratis.XceiverServerRatis (XceiverServerRatis.java:start(414)) - XceiverServerRatis 3895fe08-5e04-46ac-ae6d-2b942b921927 is started using port 44785
2019-09-04 03:20:15,003 [Datanode State Machine Thread - 0] INFO  server.XceiverServerGrpc (XceiverServerGrpc.java:start(163)) - XceiverServerGrpc 3895fe08-5e04-46ac-ae6d-2b942b921927 is started using port 41269
2019-09-04 03:20:15,021 [Datanode State Machine Thread - 0] INFO  ozoneimpl.OzoneContainer (OzoneContainer.java:start(186)) - Attempting to start container services.
2019-09-04 03:20:15,021 [Datanode State Machine Thread - 0] INFO  ozoneimpl.OzoneContainer (OzoneContainer.java:startContainerScrub(160)) - Background container scrubber has been disabled by hdds.containerscrub.enabled
2019-09-04 03:20:15,021 [Datanode State Machine Thread - 0] INFO  ratis.XceiverServerRatis (XceiverServerRatis.java:start(404)) - Starting XceiverServerRatis 524a4774-666f-452c-9a20-e87fa1e4f616 at port 0
2019-09-04 03:20:15,030 [Datanode State Machine Thread - 0] INFO  impl.RaftServerProxy (RaftServerProxy.java:lambda$start$3(299)) - 524a4774-666f-452c-9a20-e87fa1e4f616: start RPC server
2019-09-04 03:20:15,032 [Datanode State Machine Thread - 0] INFO  server.GrpcService (GrpcService.java:startImpl(149)) - 524a4774-666f-452c-9a20-e87fa1e4f616: GrpcService started, listening on 0.0.0.0/0.0.0.0:46000
2019-09-04 03:20:15,033 [Datanode State Machine Thread - 0] INFO  ratis.XceiverServerRatis (XceiverServerRatis.java:start(414)) - XceiverServerRatis 524a4774-666f-452c-9a20-e87fa1e4f616 is started using port 46000
2019-09-04 03:20:15,033 [Datanode State Machine Thread - 0] INFO  server.XceiverServerGrpc (XceiverServerGrpc.java:start(163)) - XceiverServerGrpc 524a4774-666f-452c-9a20-e87fa1e4f616 is started using port 41692
2019-09-04 03:20:15,035 | INFO  | SCMAudit | user=jenkins1000 | ip=192.168.69.105 | op=GET_VERSION null | ret=SUCCESS |  
2019-09-04 03:20:15,060 [Datanode State Machine Thread - 0] INFO  ozoneimpl.OzoneContainer (OzoneContainer.java:start(186)) - Attempting to start container services.
2019-09-04 03:20:15,060 [Datanode State Machine Thread - 0] INFO  ozoneimpl.OzoneContainer (OzoneContainer.java:startContainerScrub(160)) - Background container scrubber has been disabled by hdds.containerscrub.enabled
2019-09-04 03:20:15,060 [Datanode State Machine Thread - 0] INFO  ratis.XceiverServerRatis (XceiverServerRatis.java:start(404)) - Starting XceiverServerRatis 84f9c2c4-73f2-4ad7-b9a8-3f333e5b0e84 at port 0
2019-09-04 03:20:15,068 [Datanode State Machine Thread - 0] INFO  impl.RaftServerProxy (RaftServerProxy.java:lambda$start$3(299)) - 84f9c2c4-73f2-4ad7-b9a8-3f333e5b0e84: start RPC server
2019-09-04 03:20:15,078 [Datanode State Machine Thread - 0] INFO  server.GrpcService (GrpcService.java:startImpl(149)) - 84f9c2c4-73f2-4ad7-b9a8-3f333e5b0e84: GrpcService started, listening on 0.0.0.0/0.0.0.0:36524
2019-09-04 03:20:15,078 [Datanode State Machine Thread - 0] INFO  ratis.XceiverServerRatis (XceiverServerRatis.java:start(414)) - XceiverServerRatis 84f9c2c4-73f2-4ad7-b9a8-3f333e5b0e84 is started using port 36524
2019-09-04 03:20:15,084 [Datanode State Machine Thread - 0] INFO  server.XceiverServerGrpc (XceiverServerGrpc.java:start(163)) - XceiverServerGrpc 84f9c2c4-73f2-4ad7-b9a8-3f333e5b0e84 is started using port 42523
2019-09-04 03:20:15,264 [main] INFO  ozone.MiniOzoneClusterImpl (MiniOzoneClusterImpl.java:lambda$waitForClusterToBeReady$0(142)) - Waiting for cluster to be ready. Got 0 of 7 DN Heartbeats.
2019-09-04 03:20:15,274 | INFO  | SCMAudit | user=jenkins1000 | ip=192.168.69.105 | op=GET_VERSION null | ret=SUCCESS |  
2019-09-04 03:20:15,303 [Datanode State Machine Thread - 0] INFO  ozoneimpl.OzoneContainer (OzoneContainer.java:start(186)) - Attempting to start container services.
2019-09-04 03:20:15,303 [Datanode State Machine Thread - 0] INFO  ozoneimpl.OzoneContainer (OzoneContainer.java:startContainerScrub(160)) - Background container scrubber has been disabled by hdds.containerscrub.enabled
2019-09-04 03:20:15,304 [Datanode State Machine Thread - 0] INFO  ratis.XceiverServerRatis (XceiverServerRatis.java:start(404)) - Starting XceiverServerRatis 50a57ad1-8537-401a-9ef5-5731af50f432 at port 0
2019-09-04 03:20:15,311 [Datanode State Machine Thread - 0] INFO  impl.RaftServerProxy (RaftServerProxy.java:lambda$start$3(299)) - 50a57ad1-8537-401a-9ef5-5731af50f432: start RPC server
2019-09-04 03:20:15,312 [Datanode State Machine Thread - 0] INFO  server.GrpcService (GrpcService.java:startImpl(149)) - 50a57ad1-8537-401a-9ef5-5731af50f432: GrpcService started, listening on 0.0.0.0/0.0.0.0:39317
2019-09-04 03:20:15,313 [Datanode State Machine Thread - 0] INFO  ratis.XceiverServerRatis (XceiverServerRatis.java:start(414)) - XceiverServerRatis 50a57ad1-8537-401a-9ef5-5731af50f432 is started using port 39317
2019-09-04 03:20:15,313 [Datanode State Machine Thread - 0] INFO  server.XceiverServerGrpc (XceiverServerGrpc.java:start(163)) - XceiverServerGrpc 50a57ad1-8537-401a-9ef5-5731af50f432 is started using port 39320
2019-09-04 03:20:15,789 | INFO  | SCMAudit | user=jenkins1000 | ip=192.168.69.105 | op=GET_VERSION null | ret=SUCCESS |  
2019-09-04 03:20:15,813 [Datanode State Machine Thread - 0] INFO  ozoneimpl.OzoneContainer (OzoneContainer.java:start(186)) - Attempting to start container services.
2019-09-04 03:20:15,813 [Datanode State Machine Thread - 0] INFO  ozoneimpl.OzoneContainer (OzoneContainer.java:startContainerScrub(160)) - Background container scrubber has been disabled by hdds.containerscrub.enabled
2019-09-04 03:20:15,813 [Datanode State Machine Thread - 0] INFO  ratis.XceiverServerRatis (XceiverServerRatis.java:start(404)) - Starting XceiverServerRatis 5874772f-8d83-4395-aefd-8b53e7bb01f4 at port 0
2019-09-04 03:20:15,820 [Datanode State Machine Thread - 0] INFO  impl.RaftServerProxy (RaftServerProxy.java:lambda$start$3(299)) - 5874772f-8d83-4395-aefd-8b53e7bb01f4: start RPC server
2019-09-04 03:20:15,821 [Datanode State Machine Thread - 0] INFO  server.GrpcService (GrpcService.java:startImpl(149)) - 5874772f-8d83-4395-aefd-8b53e7bb01f4: GrpcService started, listening on 0.0.0.0/0.0.0.0:36739
2019-09-04 03:20:15,821 [Datanode State Machine Thread - 0] INFO  ratis.XceiverServerRatis (XceiverServerRatis.java:start(414)) - XceiverServerRatis 5874772f-8d83-4395-aefd-8b53e7bb01f4 is started using port 36739
2019-09-04 03:20:15,822 [Datanode State Machine Thread - 0] INFO  server.XceiverServerGrpc (XceiverServerGrpc.java:start(163)) - XceiverServerGrpc 5874772f-8d83-4395-aefd-8b53e7bb01f4 is started using port 44159
2019-09-04 03:20:16,014 | INFO  | SCMAudit | user=jenkins1000 | ip=192.168.69.105 | op=GET_VERSION null | ret=SUCCESS |  
2019-09-04 03:20:16,029 [Datanode State Machine Thread - 0] INFO  ozoneimpl.OzoneContainer (OzoneContainer.java:start(186)) - Attempting to start container services.
2019-09-04 03:20:16,030 [Datanode State Machine Thread - 0] INFO  ozoneimpl.OzoneContainer (OzoneContainer.java:startContainerScrub(160)) - Background container scrubber has been disabled by hdds.containerscrub.enabled
2019-09-04 03:20:16,030 [Datanode State Machine Thread - 0] INFO  ratis.XceiverServerRatis (XceiverServerRatis.java:start(404)) - Starting XceiverServerRatis 3bf639f6-5176-4655-a6a8-540014321443 at port 0
2019-09-04 03:20:16,038 [Datanode State Machine Thread - 0] INFO  impl.RaftServerProxy (RaftServerProxy.java:lambda$start$3(299)) - 3bf639f6-5176-4655-a6a8-540014321443: start RPC server
2019-09-04 03:20:16,039 [Datanode State Machine Thread - 0] INFO  server.GrpcService (GrpcService.java:startImpl(149)) - 3bf639f6-5176-4655-a6a8-540014321443: GrpcService started, listening on 0.0.0.0/0.0.0.0:43577
2019-09-04 03:20:16,039 [Datanode State Machine Thread - 0] INFO  ratis.XceiverServerRatis (XceiverServerRatis.java:start(414)) - XceiverServerRatis 3bf639f6-5176-4655-a6a8-540014321443 is started using port 43577
2019-09-04 03:20:16,040 [Datanode State Machine Thread - 0] INFO  server.XceiverServerGrpc (XceiverServerGrpc.java:start(163)) - XceiverServerGrpc 3bf639f6-5176-4655-a6a8-540014321443 is started using port 41124
2019-09-04 03:20:16,265 [main] INFO  ozone.MiniOzoneClusterImpl (MiniOzoneClusterImpl.java:lambda$waitForClusterToBeReady$0(142)) - Waiting for cluster to be ready. Got 0 of 7 DN Heartbeats.
2019-09-04 03:20:16,266 | INFO  | SCMAudit | user=jenkins1000 | ip=192.168.69.105 | op=GET_VERSION null | ret=SUCCESS |  
2019-09-04 03:20:16,284 [Datanode State Machine Thread - 0] INFO  ozoneimpl.OzoneContainer (OzoneContainer.java:start(186)) - Attempting to start container services.
2019-09-04 03:20:16,285 [Datanode State Machine Thread - 0] INFO  ozoneimpl.OzoneContainer (OzoneContainer.java:startContainerScrub(160)) - Background container scrubber has been disabled by hdds.containerscrub.enabled
2019-09-04 03:20:16,285 [Datanode State Machine Thread - 0] INFO  ratis.XceiverServerRatis (XceiverServerRatis.java:start(404)) - Starting XceiverServerRatis 6b521d90-43c4-4267-a955-3154b8383673 at port 0
2019-09-04 03:20:16,293 [Datanode State Machine Thread - 0] INFO  impl.RaftServerProxy (RaftServerProxy.java:lambda$start$3(299)) - 6b521d90-43c4-4267-a955-3154b8383673: start RPC server
2019-09-04 03:20:16,294 [Datanode State Machine Thread - 0] INFO  server.GrpcService (GrpcService.java:startImpl(149)) - 6b521d90-43c4-4267-a955-3154b8383673: GrpcService started, listening on 0.0.0.0/0.0.0.0:44494
2019-09-04 03:20:16,294 [Datanode State Machine Thread - 0] INFO  ratis.XceiverServerRatis (XceiverServerRatis.java:start(414)) - XceiverServerRatis 6b521d90-43c4-4267-a955-3154b8383673 is started using port 44494
2019-09-04 03:20:16,297 [Datanode State Machine Thread - 0] INFO  server.XceiverServerGrpc (XceiverServerGrpc.java:start(163)) - XceiverServerGrpc 6b521d90-43c4-4267-a955-3154b8383673 is started using port 33376
2019-09-04 03:20:16,591 [IPC Server handler 16 on 33729] INFO  net.NetworkTopology (NetworkTopologyImpl.java:add(110)) - Added a new node: /default-rack/3895fe08-5e04-46ac-ae6d-2b942b921927
2019-09-04 03:20:16,594 [IPC Server handler 16 on 33729] INFO  node.SCMNodeManager (SCMNodeManager.java:register(273)) - Registered Data node : 3895fe08-5e04-46ac-ae6d-2b942b921927{ip: 192.168.69.105, host: pr-hdds-1571-zhvv9-3536733312, networkLocation: /default-rack, certSerialId: null}
2019-09-04 03:20:16,595 [EventQueue-NodeRegistrationContainerReportForDataNodeSafeModeRule] INFO  safemode.SCMSafeModeManager (DataNodeSafeModeRule.java:process(71)) - SCM in safe mode. 1 DataNodes registered, 1 required.
2019-09-04 03:20:16,595 | INFO  | SCMAudit | user=jenkins1000 | ip=192.168.69.105 | op=REGISTER {datanodeDetails=3895fe08-5e04-46ac-ae6d-2b942b921927{ip: 192.168.69.105, host: pr-hdds-1571-zhvv9-3536733312, networkLocation: /default-rack, certSerialId: null}} | ret=SUCCESS |  
2019-09-04 03:20:16,598 [EventQueue-NodeRegistrationContainerReportForDataNodeSafeModeRule] INFO  safemode.SCMSafeModeManager (SCMSafeModeManager.java:validateSafeModeExitRules(177)) - ScmSafeModeManager, all rules are successfully validated
2019-09-04 03:20:16,598 [EventQueue-NodeRegistrationContainerReportForDataNodeSafeModeRule] INFO  safemode.SCMSafeModeManager (SCMSafeModeManager.java:exitSafeMode(193)) - SCM exiting safe mode.
2019-09-04 03:20:16,615 [grpc-default-executor-0] INFO  impl.RaftServerProxy (RaftServerProxy.java:addNew(89)) - 3895fe08-5e04-46ac-ae6d-2b942b921927: addNew group-D4A7FB87161D:[3895fe08-5e04-46ac-ae6d-2b942b921927:192.168.69.105:44785] returns group-D4A7FB87161D:java.util.concurrent.CompletableFuture@177b3ec7[Not completed]
2019-09-04 03:20:16,617 [pool-126-thread-1] INFO  impl.RaftServerImpl (RaftServerImpl.java:<init>(93)) - 3895fe08-5e04-46ac-ae6d-2b942b921927: new RaftServerImpl for group-D4A7FB87161D:[3895fe08-5e04-46ac-ae6d-2b942b921927:192.168.69.105:44785] with ContainerStateMachine:uninitialized
2019-09-04 03:20:16,618 [pool-126-thread-1] INFO  server.RaftServerConfigKeys (ConfUtils.java:logGet(43)) - raft.server.rpc.timeout.min = 5s (custom)
2019-09-04 03:20:16,618 [pool-126-thread-1] INFO  server.RaftServerConfigKeys (ConfUtils.java:logGet(43)) - raft.server.rpc.timeout.max = 5200ms (custom)
2019-09-04 03:20:16,618 [pool-126-thread-1] INFO  server.RaftServerConfigKeys (ConfUtils.java:logGet(43)) - raft.server.rpcslowness.timeout = 120s (custom)
2019-09-04 03:20:16,618 [pool-126-thread-1] INFO  server.RaftServerConfigKeys (ConfUtils.java:logGet(43)) - raft.server.sleep.deviation.threshold = 300 (default)
2019-09-04 03:20:16,618 [pool-126-thread-1] INFO  server.RaftServerConfigKeys (ConfUtils.java:logGet(43)) - raft.server.log.appender.install.snapshot.enabled = false (custom)
2019-09-04 03:20:16,619 [pool-126-thread-1] INFO  impl.RaftServerImpl (ServerState.java:<init>(105)) - 3895fe08-5e04-46ac-ae6d-2b942b921927:group-D4A7FB87161D ConfigurationManager, init=-1: [3895fe08-5e04-46ac-ae6d-2b942b921927:192.168.69.105:44785], old=null, confs=<EMPTY_MAP>
2019-09-04 03:20:16,619 [pool-126-thread-1] INFO  server.RaftServerConfigKeys (ConfUtils.java:logGet(43)) - raft.server.storage.dir = [/workdir/hadoop-ozone/integration-test/target/test-dir/MiniOzoneClusterImpl-73aa9163-49e3-40ac-b180-0c4b940e9410/datanode-0/data/ratis] (custom)
2019-09-04 03:20:16,619 [pool-126-thread-1] INFO  storage.RaftStorageDirectory (RaftStorageDirectory.java:analyzeStorage(246)) - The storage directory /workdir/hadoop-ozone/integration-test/target/test-dir/MiniOzoneClusterImpl-73aa9163-49e3-40ac-b180-0c4b940e9410/datanode-0/data/ratis/9c84e275-54ca-46f4-ac40-d4a7fb87161d does not exist. Creating ...
2019-09-04 03:20:16,643 [pool-126-thread-1] INFO  storage.RaftStorageDirectory (RaftStorageDirectory.java:tryLock(328)) - Lock on /workdir/hadoop-ozone/integration-test/target/test-dir/MiniOzoneClusterImpl-73aa9163-49e3-40ac-b180-0c4b940e9410/datanode-0/data/ratis/9c84e275-54ca-46f4-ac40-d4a7fb87161d/in_use.lock acquired by nodename 6855@pr-hdds-1571-zhvv9-3536733312
2019-09-04 03:20:16,653 [pool-126-thread-1] INFO  storage.RaftStorage (RaftStorage.java:format(72)) - Storage directory /workdir/hadoop-ozone/integration-test/target/test-dir/MiniOzoneClusterImpl-73aa9163-49e3-40ac-b180-0c4b940e9410/datanode-0/data/ratis/9c84e275-54ca-46f4-ac40-d4a7fb87161d has been successfully formatted.
2019-09-04 03:20:16,653 [pool-126-thread-1] INFO  ratis.ContainerStateMachine (ContainerStateMachine.java:loadSnapshot(226)) - group-D4A7FB87161D: The snapshot info is null. Setting the last applied indexto:(t:0, i:~)
2019-09-04 03:20:16,654 [pool-126-thread-1] INFO  server.RaftServerConfigKeys (ConfUtils.java:logGet(43)) - raft.server.leader.election.timeout = 120s (custom)
2019-09-04 03:20:16,654 [pool-126-thread-1] INFO  server.RaftServerConfigKeys (ConfUtils.java:logGet(43)) - raft.server.log.use.memory = false (default)
2019-09-04 03:20:16,654 [pool-126-thread-1] INFO  server.RaftServerConfigKeys (ConfUtils.java:logGet(43)) - raft.server.log.purge.gap = 1000000 (custom)
2019-09-04 03:20:16,654 [pool-126-thread-1] INFO  server.RaftServerConfigKeys (ConfUtils.java:logGet(43)) - raft.server.log.appender.buffer.byte-limit = 33554432 (custom)
2019-09-04 03:20:16,655 [pool-126-thread-1] INFO  server.RaftServerConfigKeys (ConfUtils.java:logGet(43)) - raft.server.log.segment.size.max = 1048576 (custom)
2019-09-04 03:20:16,655 [pool-126-thread-1] INFO  server.RaftServerConfigKeys (ConfUtils.java:logGet(43)) - raft.server.log.segment.cache.num.max = 2 (custom)
2019-09-04 03:20:16,655 [pool-126-thread-1] INFO  segmented.SegmentedRaftLogWorker (SegmentedRaftLogWorker.java:<init>(172)) - new 3895fe08-5e04-46ac-ae6d-2b942b921927-SegmentedRaftLogWorker:Storage Directory /workdir/hadoop-ozone/integration-test/target/test-dir/MiniOzoneClusterImpl-73aa9163-49e3-40ac-b180-0c4b940e9410/datanode-0/data/ratis/9c84e275-54ca-46f4-ac40-d4a7fb87161d for RaftStorage:Storage Directory /workdir/hadoop-ozone/integration-test/target/test-dir/MiniOzoneClusterImpl-73aa9163-49e3-40ac-b180-0c4b940e9410/datanode-0/data/ratis/9c84e275-54ca-46f4-ac40-d4a7fb87161d
2019-09-04 03:20:16,655 [pool-126-thread-1] INFO  server.RaftServerConfigKeys (ConfUtils.java:logGet(43)) - raft.server.log.queue.byte-limit = 2147483647 (custom)
2019-09-04 03:20:16,656 [pool-126-thread-1] INFO  server.RaftServerConfigKeys (ConfUtils.java:logGet(43)) - raft.server.log.queue.element-limit = 1024 (custom)
2019-09-04 03:20:16,656 [pool-126-thread-1] INFO  server.RaftServerConfigKeys (ConfUtils.java:logGet(43)) - raft.server.log.segment.size.max = 1048576 (custom)
2019-09-04 03:20:16,656 [pool-126-thread-1] INFO  server.RaftServerConfigKeys (ConfUtils.java:logGet(43)) - raft.server.log.preallocated.size = 16384 (custom)
2019-09-04 03:20:16,656 [pool-126-thread-1] INFO  server.RaftServerConfigKeys (ConfUtils.java:logGet(43)) - raft.server.log.write.buffer.size = 33554432 (custom)
2019-09-04 03:20:16,657 [pool-126-thread-1] INFO  server.RaftServerConfigKeys (ConfUtils.java:logGet(43)) - raft.server.log.force.sync.num = 128 (default)
2019-09-04 03:20:16,657 [pool-126-thread-1] INFO  server.RaftServerConfigKeys (ConfUtils.java:logGet(43)) - raft.server.log.statemachine.data.sync = true (default)
2019-09-04 03:20:16,657 [pool-126-thread-1] INFO  server.RaftServerConfigKeys (ConfUtils.java:logGet(43)) - raft.server.log.statemachine.data.sync.timeout = 10s (default)
2019-09-04 03:20:16,657 [pool-126-thread-1] INFO  server.RaftServerConfigKeys (ConfUtils.java:logGet(43)) - raft.server.log.statemachine.data.sync.timeout.retry = -1 (default)
2019-09-04 03:20:16,658 [pool-126-thread-1] INFO  server.RaftServerConfigKeys (ConfUtils.java:logGet(43)) - raft.server.log.statemachine.data.caching.enabled = true (custom)
2019-09-04 03:20:16,658 [pool-126-thread-1] INFO  segmented.SegmentedRaftLogWorker (SegmentedRaftLogWorker.java:lambda$new$0(132)) - 3895fe08-5e04-46ac-ae6d-2b942b921927-SegmentedRaftLogWorker:Storage Directory /workdir/hadoop-ozone/integration-test/target/test-dir/MiniOzoneClusterImpl-73aa9163-49e3-40ac-b180-0c4b940e9410/datanode-0/data/ratis/9c84e275-54ca-46f4-ac40-d4a7fb87161d: flushIndex: setUnconditionally 0 -> -1
2019-09-04 03:20:16,659 [pool-126-thread-1] INFO  server.RaftServerConfigKeys (ConfUtils.java:logGet(43)) - raft.server.snapshot.auto.trigger.enabled = true (custom)
2019-09-04 03:20:16,659 [pool-126-thread-1] INFO  server.RaftServerConfigKeys (ConfUtils.java:logGet(43)) - raft.server.snapshot.auto.trigger.threshold = 10000 (custom)
2019-09-04 03:20:16,659 [pool-126-thread-1] INFO  server.RaftServerConfigKeys (ConfUtils.java:logGet(43)) - raft.server.retrycache.expirytime = 600000ms (custom)
2019-09-04 03:20:16,659 [pool-126-thread-1] INFO  impl.RaftServerImpl (RaftServerImpl.java:start(180)) - 3895fe08-5e04-46ac-ae6d-2b942b921927: start group-D4A7FB87161D
2019-09-04 03:20:16,660 [pool-126-thread-1] INFO  impl.RaftServerImpl (RaftServerImpl.java:setRole(171)) - 3895fe08-5e04-46ac-ae6d-2b942b921927:group-D4A7FB87161D changes role from null to FOLLOWER at term 0 for startAsFollower
2019-09-04 03:20:16,660 [pool-126-thread-1] INFO  impl.RoleInfo (RoleInfo.java:updateAndGet(143)) - 3895fe08-5e04-46ac-ae6d-2b942b921927: start FollowerState
2019-09-04 03:20:16,661 [pool-126-thread-1] INFO  util.JmxRegister (JmxRegister.java:tryRegister(44)) - Successfully registered JMX Bean with object name Ratis:service=RaftServer,group=group-D4A7FB87161D,id=3895fe08-5e04-46ac-ae6d-2b942b921927
2019-09-04 03:20:16,665 [RatisPipelineUtilsThread] INFO  pipeline.PipelineStateManager (PipelineStateManager.java:addPipeline(56)) - Created pipeline Pipeline[ Id: 9c84e275-54ca-46f4-ac40-d4a7fb87161d, Nodes: 3895fe08-5e04-46ac-ae6d-2b942b921927{ip: 192.168.69.105, host: pr-hdds-1571-zhvv9-3536733312, networkLocation: /default-rack, certSerialId: null}, Type:RATIS, Factor:ONE, State:OPEN]
2019-09-04 03:20:16,800 [IPC Server handler 18 on 33729] INFO  net.NetworkTopology (NetworkTopologyImpl.java:add(110)) - Added a new node: /default-rack/524a4774-666f-452c-9a20-e87fa1e4f616
2019-09-04 03:20:16,800 [IPC Server handler 18 on 33729] INFO  node.SCMNodeManager (SCMNodeManager.java:register(273)) - Registered Data node : 524a4774-666f-452c-9a20-e87fa1e4f616{ip: 192.168.69.105, host: pr-hdds-1571-zhvv9-3536733312, networkLocation: /default-rack, certSerialId: null}
2019-09-04 03:20:16,801 | INFO  | SCMAudit | user=jenkins1000 | ip=192.168.69.105 | op=REGISTER {datanodeDetails=524a4774-666f-452c-9a20-e87fa1e4f616{ip: 192.168.69.105, host: pr-hdds-1571-zhvv9-3536733312, networkLocation: /default-rack, certSerialId: null}} | ret=SUCCESS |  
2019-09-04 03:20:16,811 [grpc-default-executor-0] INFO  impl.RaftServerProxy (RaftServerProxy.java:addNew(89)) - 524a4774-666f-452c-9a20-e87fa1e4f616: addNew group-583351B1A201:[524a4774-666f-452c-9a20-e87fa1e4f616:192.168.69.105:46000] returns group-583351B1A201:java.util.concurrent.CompletableFuture@4e5f46fa[Not completed]
2019-09-04 03:20:16,813 [pool-137-thread-1] INFO  impl.RaftServerImpl (RaftServerImpl.java:<init>(93)) - 524a4774-666f-452c-9a20-e87fa1e4f616: new RaftServerImpl for group-583351B1A201:[524a4774-666f-452c-9a20-e87fa1e4f616:192.168.69.105:46000] with ContainerStateMachine:uninitialized
2019-09-04 03:20:16,813 [pool-137-thread-1] INFO  server.RaftServerConfigKeys (ConfUtils.java:logGet(43)) - raft.server.rpc.timeout.min = 5s (custom)
2019-09-04 03:20:16,814 [pool-137-thread-1] INFO  server.RaftServerConfigKeys (ConfUtils.java:logGet(43)) - raft.server.rpc.timeout.max = 5200ms (custom)
2019-09-04 03:20:16,814 [pool-137-thread-1] INFO  server.RaftServerConfigKeys (ConfUtils.java:logGet(43)) - raft.server.rpcslowness.timeout = 120s (custom)
2019-09-04 03:20:16,814 [pool-137-thread-1] INFO  server.RaftServerConfigKeys (ConfUtils.java:logGet(43)) - raft.server.sleep.deviation.threshold = 300 (default)
2019-09-04 03:20:16,814 [pool-137-thread-1] INFO  server.RaftServerConfigKeys (ConfUtils.java:logGet(43)) - raft.server.log.appender.install.snapshot.enabled = false (custom)
2019-09-04 03:20:16,814 [pool-137-thread-1] INFO  impl.RaftServerImpl (ServerState.java:<init>(105)) - 524a4774-666f-452c-9a20-e87fa1e4f616:group-583351B1A201 ConfigurationManager, init=-1: [524a4774-666f-452c-9a20-e87fa1e4f616:192.168.69.105:46000], old=null, confs=<EMPTY_MAP>
2019-09-04 03:20:16,815 [pool-137-thread-1] INFO  server.RaftServerConfigKeys (ConfUtils.java:logGet(43)) - raft.server.storage.dir = [/workdir/hadoop-ozone/integration-test/target/test-dir/MiniOzoneClusterImpl-73aa9163-49e3-40ac-b180-0c4b940e9410/datanode-1/data/ratis] (custom)
2019-09-04 03:20:16,815 [pool-137-thread-1] INFO  storage.RaftStorageDirectory (RaftStorageDirectory.java:analyzeStorage(246)) - The storage directory /workdir/hadoop-ozone/integration-test/target/test-dir/MiniOzoneClusterImpl-73aa9163-49e3-40ac-b180-0c4b940e9410/datanode-1/data/ratis/b75331bf-4215-4568-8088-583351b1a201 does not exist. Creating ...
2019-09-04 03:20:16,837 [pool-137-thread-1] INFO  storage.RaftStorageDirectory (RaftStorageDirectory.java:tryLock(328)) - Lock on /workdir/hadoop-ozone/integration-test/target/test-dir/MiniOzoneClusterImpl-73aa9163-49e3-40ac-b180-0c4b940e9410/datanode-1/data/ratis/b75331bf-4215-4568-8088-583351b1a201/in_use.lock acquired by nodename 6855@pr-hdds-1571-zhvv9-3536733312
2019-09-04 03:20:16,847 [pool-137-thread-1] INFO  storage.RaftStorage (RaftStorage.java:format(72)) - Storage directory /workdir/hadoop-ozone/integration-test/target/test-dir/MiniOzoneClusterImpl-73aa9163-49e3-40ac-b180-0c4b940e9410/datanode-1/data/ratis/b75331bf-4215-4568-8088-583351b1a201 has been successfully formatted.
2019-09-04 03:20:16,847 [pool-137-thread-1] INFO  ratis.ContainerStateMachine (ContainerStateMachine.java:loadSnapshot(226)) - group-583351B1A201: The snapshot info is null. Setting the last applied indexto:(t:0, i:~)
2019-09-04 03:20:16,848 [pool-137-thread-1] INFO  server.RaftServerConfigKeys (ConfUtils.java:logGet(43)) - raft.server.leader.election.timeout = 120s (custom)
2019-09-04 03:20:16,848 [pool-137-thread-1] INFO  server.RaftServerConfigKeys (ConfUtils.java:logGet(43)) - raft.server.log.use.memory = false (default)
2019-09-04 03:20:16,848 [pool-137-thread-1] INFO  server.RaftServerConfigKeys (ConfUtils.java:logGet(43)) - raft.server.log.purge.gap = 1000000 (custom)
2019-09-04 03:20:16,848 [pool-137-thread-1] INFO  server.RaftServerConfigKeys (ConfUtils.java:logGet(43)) - raft.server.log.appender.buffer.byte-limit = 33554432 (custom)
2019-09-04 03:20:16,849 [pool-137-thread-1] INFO  server.RaftServerConfigKeys (ConfUtils.java:logGet(43)) - raft.server.log.segment.size.max = 1048576 (custom)
2019-09-04 03:20:16,849 [pool-137-thread-1] INFO  server.RaftServerConfigKeys (ConfUtils.java:logGet(43)) - raft.server.log.segment.cache.num.max = 2 (custom)
2019-09-04 03:20:16,849 [pool-137-thread-1] INFO  segmented.SegmentedRaftLogWorker (SegmentedRaftLogWorker.java:<init>(172)) - new 524a4774-666f-452c-9a20-e87fa1e4f616-SegmentedRaftLogWorker:Storage Directory /workdir/hadoop-ozone/integration-test/target/test-dir/MiniOzoneClusterImpl-73aa9163-49e3-40ac-b180-0c4b940e9410/datanode-1/data/ratis/b75331bf-4215-4568-8088-583351b1a201 for RaftStorage:Storage Directory /workdir/hadoop-ozone/integration-test/target/test-dir/MiniOzoneClusterImpl-73aa9163-49e3-40ac-b180-0c4b940e9410/datanode-1/data/ratis/b75331bf-4215-4568-8088-583351b1a201
2019-09-04 03:20:16,849 [pool-137-thread-1] INFO  server.RaftServerConfigKeys (ConfUtils.java:logGet(43)) - raft.server.log.queue.byte-limit = 2147483647 (custom)
2019-09-04 03:20:16,850 [pool-137-thread-1] INFO  server.RaftServerConfigKeys (ConfUtils.java:logGet(43)) - raft.server.log.queue.element-limit = 1024 (custom)
2019-09-04 03:20:16,850 [pool-137-thread-1] INFO  server.RaftServerConfigKeys (ConfUtils.java:logGet(43)) - raft.server.log.segment.size.max = 1048576 (custom)
2019-09-04 03:20:16,850 [pool-137-thread-1] INFO  server.RaftServerConfigKeys (ConfUtils.java:logGet(43)) - raft.server.log.preallocated.size = 16384 (custom)
2019-09-04 03:20:16,851 [pool-137-thread-1] INFO  server.RaftServerConfigKeys (ConfUtils.java:logGet(43)) - raft.server.log.write.buffer.size = 33554432 (custom)
2019-09-04 03:20:16,851 [pool-137-thread-1] INFO  server.RaftServerConfigKeys (ConfUtils.java:logGet(43)) - raft.server.log.force.sync.num = 128 (default)
2019-09-04 03:20:16,851 [pool-137-thread-1] INFO  server.RaftServerConfigKeys (ConfUtils.java:logGet(43)) - raft.server.log.statemachine.data.sync = true (default)
2019-09-04 03:20:16,851 [pool-137-thread-1] INFO  server.RaftServerConfigKeys (ConfUtils.java:logGet(43)) - raft.server.log.statemachine.data.sync.timeout = 10s (default)
2019-09-04 03:20:16,851 [pool-137-thread-1] INFO  server.RaftServerConfigKeys (ConfUtils.java:logGet(43)) - raft.server.log.statemachine.data.sync.timeout.retry = -1 (default)
2019-09-04 03:20:16,852 [pool-137-thread-1] INFO  server.RaftServerConfigKeys (ConfUtils.java:logGet(43)) - raft.server.log.statemachine.data.caching.enabled = true (custom)
2019-09-04 03:20:16,852 [pool-137-thread-1] INFO  segmented.SegmentedRaftLogWorker (SegmentedRaftLogWorker.java:lambda$new$0(132)) - 524a4774-666f-452c-9a20-e87fa1e4f616-SegmentedRaftLogWorker:Storage Directory /workdir/hadoop-ozone/integration-test/target/test-dir/MiniOzoneClusterImpl-73aa9163-49e3-40ac-b180-0c4b940e9410/datanode-1/data/ratis/b75331bf-4215-4568-8088-583351b1a201: flushIndex: setUnconditionally 0 -> -1
2019-09-04 03:20:16,853 [pool-137-thread-1] INFO  server.RaftServerConfigKeys (ConfUtils.java:logGet(43)) - raft.server.snapshot.auto.trigger.enabled = true (custom)
2019-09-04 03:20:16,853 [pool-137-thread-1] INFO  server.RaftServerConfigKeys (ConfUtils.java:logGet(43)) - raft.server.snapshot.auto.trigger.threshold = 10000 (custom)
2019-09-04 03:20:16,853 [pool-137-thread-1] INFO  server.RaftServerConfigKeys (ConfUtils.java:logGet(43)) - raft.server.retrycache.expirytime = 600000ms (custom)
2019-09-04 03:20:16,854 [pool-137-thread-1] INFO  impl.RaftServerImpl (RaftServerImpl.java:start(180)) - 524a4774-666f-452c-9a20-e87fa1e4f616: start group-583351B1A201
2019-09-04 03:20:16,854 [pool-137-thread-1] INFO  impl.RaftServerImpl (RaftServerImpl.java:setRole(171)) - 524a4774-666f-452c-9a20-e87fa1e4f616:group-583351B1A201 changes role from null to FOLLOWER at term 0 for startAsFollower
2019-09-04 03:20:16,854 [pool-137-thread-1] INFO  impl.RoleInfo (RoleInfo.java:updateAndGet(143)) - 524a4774-666f-452c-9a20-e87fa1e4f616: start FollowerState
2019-09-04 03:20:16,855 [pool-137-thread-1] INFO  util.JmxRegister (JmxRegister.java:tryRegister(44)) - Successfully registered JMX Bean with object name Ratis:service=RaftServer,group=group-583351B1A201,id=524a4774-666f-452c-9a20-e87fa1e4f616
2019-09-04 03:20:16,858 [RatisPipelineUtilsThread] INFO  pipeline.PipelineStateManager (PipelineStateManager.java:addPipeline(56)) - Created pipeline Pipeline[ Id: b75331bf-4215-4568-8088-583351b1a201, Nodes: 524a4774-666f-452c-9a20-e87fa1e4f616{ip: 192.168.69.105, host: pr-hdds-1571-zhvv9-3536733312, networkLocation: /default-rack, certSerialId: null}, Type:RATIS, Factor:ONE, State:OPEN]
2019-09-04 03:20:17,035 [IPC Server handler 17 on 33729] INFO  net.NetworkTopology (NetworkTopologyImpl.java:add(110)) - Added a new node: /default-rack/84f9c2c4-73f2-4ad7-b9a8-3f333e5b0e84
2019-09-04 03:20:17,035 [IPC Server handler 17 on 33729] INFO  node.SCMNodeManager (SCMNodeManager.java:register(273)) - Registered Data node : 84f9c2c4-73f2-4ad7-b9a8-3f333e5b0e84{ip: 192.168.69.105, host: pr-hdds-1571-zhvv9-3536733312, networkLocation: /default-rack, certSerialId: null}
2019-09-04 03:20:17,035 | INFO  | SCMAudit | user=jenkins1000 | ip=192.168.69.105 | op=REGISTER {datanodeDetails=84f9c2c4-73f2-4ad7-b9a8-3f333e5b0e84{ip: 192.168.69.105, host: pr-hdds-1571-zhvv9-3536733312, networkLocation: /default-rack, certSerialId: null}} | ret=SUCCESS |  
2019-09-04 03:20:17,046 [grpc-default-executor-0] INFO  impl.RaftServerProxy (RaftServerProxy.java:addNew(89)) - 84f9c2c4-73f2-4ad7-b9a8-3f333e5b0e84: addNew group-763B7704BD09:[84f9c2c4-73f2-4ad7-b9a8-3f333e5b0e84:192.168.69.105:36524] returns group-763B7704BD09:java.util.concurrent.CompletableFuture@42d34e88[Not completed]
2019-09-04 03:20:17,048 [pool-148-thread-1] INFO  impl.RaftServerImpl (RaftServerImpl.java:<init>(93)) - 84f9c2c4-73f2-4ad7-b9a8-3f333e5b0e84: new RaftServerImpl for group-763B7704BD09:[84f9c2c4-73f2-4ad7-b9a8-3f333e5b0e84:192.168.69.105:36524] with ContainerStateMachine:uninitialized
2019-09-04 03:20:17,048 [pool-148-thread-1] INFO  server.RaftServerConfigKeys (ConfUtils.java:logGet(43)) - raft.server.rpc.timeout.min = 5s (custom)
2019-09-04 03:20:17,048 [pool-148-thread-1] INFO  server.RaftServerConfigKeys (ConfUtils.java:logGet(43)) - raft.server.rpc.timeout.max = 5200ms (custom)
2019-09-04 03:20:17,048 [pool-148-thread-1] INFO  server.RaftServerConfigKeys (ConfUtils.java:logGet(43)) - raft.server.rpcslowness.timeout = 120s (custom)
2019-09-04 03:20:17,048 [pool-148-thread-1] INFO  server.RaftServerConfigKeys (ConfUtils.java:logGet(43)) - raft.server.sleep.deviation.threshold = 300 (default)
2019-09-04 03:20:17,049 [pool-148-thread-1] INFO  server.RaftServerConfigKeys (ConfUtils.java:logGet(43)) - raft.server.log.appender.install.snapshot.enabled = false (custom)
2019-09-04 03:20:17,049 [pool-148-thread-1] INFO  impl.RaftServerImpl (ServerState.java:<init>(105)) - 84f9c2c4-73f2-4ad7-b9a8-3f333e5b0e84:group-763B7704BD09 ConfigurationManager, init=-1: [84f9c2c4-73f2-4ad7-b9a8-3f333e5b0e84:192.168.69.105:36524], old=null, confs=<EMPTY_MAP>
2019-09-04 03:20:17,049 [pool-148-thread-1] INFO  server.RaftServerConfigKeys (ConfUtils.java:logGet(43)) - raft.server.storage.dir = [/workdir/hadoop-ozone/integration-test/target/test-dir/MiniOzoneClusterImpl-73aa9163-49e3-40ac-b180-0c4b940e9410/datanode-2/data/ratis] (custom)
2019-09-04 03:20:17,049 [pool-148-thread-1] INFO  storage.RaftStorageDirectory (RaftStorageDirectory.java:analyzeStorage(246)) - The storage directory /workdir/hadoop-ozone/integration-test/target/test-dir/MiniOzoneClusterImpl-73aa9163-49e3-40ac-b180-0c4b940e9410/datanode-2/data/ratis/bc497a3a-22f3-4746-b190-763b7704bd09 does not exist. Creating ...
2019-09-04 03:20:17,080 [pool-148-thread-1] INFO  storage.RaftStorageDirectory (RaftStorageDirectory.java:tryLock(328)) - Lock on /workdir/hadoop-ozone/integration-test/target/test-dir/MiniOzoneClusterImpl-73aa9163-49e3-40ac-b180-0c4b940e9410/datanode-2/data/ratis/bc497a3a-22f3-4746-b190-763b7704bd09/in_use.lock acquired by nodename 6855@pr-hdds-1571-zhvv9-3536733312
2019-09-04 03:20:17,103 [pool-148-thread-1] INFO  storage.RaftStorage (RaftStorage.java:format(72)) - Storage directory /workdir/hadoop-ozone/integration-test/target/test-dir/MiniOzoneClusterImpl-73aa9163-49e3-40ac-b180-0c4b940e9410/datanode-2/data/ratis/bc497a3a-22f3-4746-b190-763b7704bd09 has been successfully formatted.
2019-09-04 03:20:17,103 [pool-148-thread-1] INFO  ratis.ContainerStateMachine (ContainerStateMachine.java:loadSnapshot(226)) - group-763B7704BD09: The snapshot info is null. Setting the last applied indexto:(t:0, i:~)
2019-09-04 03:20:17,103 [pool-148-thread-1] INFO  server.RaftServerConfigKeys (ConfUtils.java:logGet(43)) - raft.server.leader.election.timeout = 120s (custom)
2019-09-04 03:20:17,103 [pool-148-thread-1] INFO  server.RaftServerConfigKeys (ConfUtils.java:logGet(43)) - raft.server.log.use.memory = false (default)
2019-09-04 03:20:17,104 [pool-148-thread-1] INFO  server.RaftServerConfigKeys (ConfUtils.java:logGet(43)) - raft.server.log.purge.gap = 1000000 (custom)
2019-09-04 03:20:17,104 [pool-148-thread-1] INFO  server.RaftServerConfigKeys (ConfUtils.java:logGet(43)) - raft.server.log.appender.buffer.byte-limit = 33554432 (custom)
2019-09-04 03:20:17,104 [pool-148-thread-1] INFO  server.RaftServerConfigKeys (ConfUtils.java:logGet(43)) - raft.server.log.segment.size.max = 1048576 (custom)
2019-09-04 03:20:17,104 [pool-148-thread-1] INFO  server.RaftServerConfigKeys (ConfUtils.java:logGet(43)) - raft.server.log.segment.cache.num.max = 2 (custom)
2019-09-04 03:20:17,104 [pool-148-thread-1] INFO  segmented.SegmentedRaftLogWorker (SegmentedRaftLogWorker.java:<init>(172)) - new 84f9c2c4-73f2-4ad7-b9a8-3f333e5b0e84-SegmentedRaftLogWorker:Storage Directory /workdir/hadoop-ozone/integration-test/target/test-dir/MiniOzoneClusterImpl-73aa9163-49e3-40ac-b180-0c4b940e9410/datanode-2/data/ratis/bc497a3a-22f3-4746-b190-763b7704bd09 for RaftStorage:Storage Directory /workdir/hadoop-ozone/integration-test/target/test-dir/MiniOzoneClusterImpl-73aa9163-49e3-40ac-b180-0c4b940e9410/datanode-2/data/ratis/bc497a3a-22f3-4746-b190-763b7704bd09
2019-09-04 03:20:17,104 [pool-148-thread-1] INFO  server.RaftServerConfigKeys (ConfUtils.java:logGet(43)) - raft.server.log.queue.byte-limit = 2147483647 (custom)
2019-09-04 03:20:17,105 [pool-148-thread-1] INFO  server.RaftServerConfigKeys (ConfUtils.java:logGet(43)) - raft.server.log.queue.element-limit = 1024 (custom)
2019-09-04 03:20:17,105 [pool-148-thread-1] INFO  server.RaftServerConfigKeys (ConfUtils.java:logGet(43)) - raft.server.log.segment.size.max = 1048576 (custom)
2019-09-04 03:20:17,105 [pool-148-thread-1] INFO  server.RaftServerConfigKeys (ConfUtils.java:logGet(43)) - raft.server.log.preallocated.size = 16384 (custom)
2019-09-04 03:20:17,105 [pool-148-thread-1] INFO  server.RaftServerConfigKeys (ConfUtils.java:logGet(43)) - raft.server.log.write.buffer.size = 33554432 (custom)
2019-09-04 03:20:17,105 [pool-148-thread-1] INFO  server.RaftServerConfigKeys (ConfUtils.java:logGet(43)) - raft.server.log.force.sync.num = 128 (default)
2019-09-04 03:20:17,106 [pool-148-thread-1] INFO  server.RaftServerConfigKeys (ConfUtils.java:logGet(43)) - raft.server.log.statemachine.data.sync = true (default)
2019-09-04 03:20:17,106 [pool-148-thread-1] INFO  server.RaftServerConfigKeys (ConfUtils.java:logGet(43)) - raft.server.log.statemachine.data.sync.timeout = 10s (default)
2019-09-04 03:20:17,106 [pool-148-thread-1] INFO  server.RaftServerConfigKeys (ConfUtils.java:logGet(43)) - raft.server.log.statemachine.data.sync.timeout.retry = -1 (default)
2019-09-04 03:20:17,106 [pool-148-thread-1] INFO  server.RaftServerConfigKeys (ConfUtils.java:logGet(43)) - raft.server.log.statemachine.data.caching.enabled = true (custom)
2019-09-04 03:20:17,107 [pool-148-thread-1] INFO  segmented.SegmentedRaftLogWorker (SegmentedRaftLogWorker.java:lambda$new$0(132)) - 84f9c2c4-73f2-4ad7-b9a8-3f333e5b0e84-SegmentedRaftLogWorker:Storage Directory /workdir/hadoop-ozone/integration-test/target/test-dir/MiniOzoneClusterImpl-73aa9163-49e3-40ac-b180-0c4b940e9410/datanode-2/data/ratis/bc497a3a-22f3-4746-b190-763b7704bd09: flushIndex: setUnconditionally 0 -> -1
2019-09-04 03:20:17,107 [pool-148-thread-1] INFO  server.RaftServerConfigKeys (ConfUtils.java:logGet(43)) - raft.server.snapshot.auto.trigger.enabled = true (custom)
2019-09-04 03:20:17,107 [pool-148-thread-1] INFO  server.RaftServerConfigKeys (ConfUtils.java:logGet(43)) - raft.server.snapshot.auto.trigger.threshold = 10000 (custom)
2019-09-04 03:20:17,107 [pool-148-thread-1] INFO  server.RaftServerConfigKeys (ConfUtils.java:logGet(43)) - raft.server.retrycache.expirytime = 600000ms (custom)
2019-09-04 03:20:17,108 [pool-148-thread-1] INFO  impl.RaftServerImpl (RaftServerImpl.java:start(180)) - 84f9c2c4-73f2-4ad7-b9a8-3f333e5b0e84: start group-763B7704BD09
2019-09-04 03:20:17,108 [pool-148-thread-1] INFO  impl.RaftServerImpl (RaftServerImpl.java:setRole(171)) - 84f9c2c4-73f2-4ad7-b9a8-3f333e5b0e84:group-763B7704BD09 changes role from null to FOLLOWER at term 0 for startAsFollower
2019-09-04 03:20:17,108 [pool-148-thread-1] INFO  impl.RoleInfo (RoleInfo.java:updateAndGet(143)) - 84f9c2c4-73f2-4ad7-b9a8-3f333e5b0e84: start FollowerState
2019-09-04 03:20:17,108 [pool-148-thread-1] INFO  util.JmxRegister (JmxRegister.java:tryRegister(44)) - Successfully registered JMX Bean with object name Ratis:service=RaftServer,group=group-763B7704BD09,id=84f9c2c4-73f2-4ad7-b9a8-3f333e5b0e84
2019-09-04 03:20:17,111 [RatisPipelineUtilsThread] INFO  pipeline.PipelineStateManager (PipelineStateManager.java:addPipeline(56)) - Created pipeline Pipeline[ Id: bc497a3a-22f3-4746-b190-763b7704bd09, Nodes: 84f9c2c4-73f2-4ad7-b9a8-3f333e5b0e84{ip: 192.168.69.105, host: pr-hdds-1571-zhvv9-3536733312, networkLocation: /default-rack, certSerialId: null}, Type:RATIS, Factor:ONE, State:OPEN]
2019-09-04 03:20:17,129 [grpc-default-executor-2] INFO  impl.RaftServerProxy (RaftServerProxy.java:addNew(89)) - 3895fe08-5e04-46ac-ae6d-2b942b921927: addNew group-002EB6C1B0CF:[3895fe08-5e04-46ac-ae6d-2b942b921927:192.168.69.105:44785, 524a4774-666f-452c-9a20-e87fa1e4f616:192.168.69.105:46000, 84f9c2c4-73f2-4ad7-b9a8-3f333e5b0e84:192.168.69.105:36524] returns group-002EB6C1B0CF:java.util.concurrent.CompletableFuture@2e37755[Not completed]
2019-09-04 03:20:17,130 [grpc-default-executor-4] INFO  impl.RaftServerProxy (RaftServerProxy.java:addNew(89)) - 84f9c2c4-73f2-4ad7-b9a8-3f333e5b0e84: addNew group-002EB6C1B0CF:[3895fe08-5e04-46ac-ae6d-2b942b921927:192.168.69.105:44785, 524a4774-666f-452c-9a20-e87fa1e4f616:192.168.69.105:46000, 84f9c2c4-73f2-4ad7-b9a8-3f333e5b0e84:192.168.69.105:36524] returns group-002EB6C1B0CF:java.util.concurrent.CompletableFuture@2c8c6aaf[Not completed]
2019-09-04 03:20:17,130 [grpc-default-executor-0] INFO  impl.RaftServerProxy (RaftServerProxy.java:addNew(89)) - 524a4774-666f-452c-9a20-e87fa1e4f616: addNew group-002EB6C1B0CF:[3895fe08-5e04-46ac-ae6d-2b942b921927:192.168.69.105:44785, 524a4774-666f-452c-9a20-e87fa1e4f616:192.168.69.105:46000, 84f9c2c4-73f2-4ad7-b9a8-3f333e5b0e84:192.168.69.105:36524] returns group-002EB6C1B0CF:java.util.concurrent.CompletableFuture@10d259cb[Not completed]
2019-09-04 03:20:17,131 [pool-126-thread-1] INFO  impl.RaftServerImpl (RaftServerImpl.java:<init>(93)) - 3895fe08-5e04-46ac-ae6d-2b942b921927: new RaftServerImpl for group-002EB6C1B0CF:[3895fe08-5e04-46ac-ae6d-2b942b921927:192.168.69.105:44785, 524a4774-666f-452c-9a20-e87fa1e4f616:192.168.69.105:46000, 84f9c2c4-73f2-4ad7-b9a8-3f333e5b0e84:192.168.69.105:36524] with ContainerStateMachine:uninitialized
2019-09-04 03:20:17,131 [pool-126-thread-1] INFO  server.RaftServerConfigKeys (ConfUtils.java:logGet(43)) - raft.server.rpc.timeout.min = 5s (custom)
2019-09-04 03:20:17,132 [pool-126-thread-1] INFO  server.RaftServerConfigKeys (ConfUtils.java:logGet(43)) - raft.server.rpc.timeout.max = 5200ms (custom)
2019-09-04 03:20:17,132 [pool-126-thread-1] INFO  server.RaftServerConfigKeys (ConfUtils.java:logGet(43)) - raft.server.rpcslowness.timeout = 120s (custom)
2019-09-04 03:20:17,132 [pool-126-thread-1] INFO  server.RaftServerConfigKeys (ConfUtils.java:logGet(43)) - raft.server.sleep.deviation.threshold = 300 (default)
2019-09-04 03:20:17,132 [pool-126-thread-1] INFO  server.RaftServerConfigKeys (ConfUtils.java:logGet(43)) - raft.server.log.appender.install.snapshot.enabled = false (custom)
2019-09-04 03:20:17,132 [pool-137-thread-1] INFO  impl.RaftServerImpl (RaftServerImpl.java:<init>(93)) - 524a4774-666f-452c-9a20-e87fa1e4f616: new RaftServerImpl for group-002EB6C1B0CF:[3895fe08-5e04-46ac-ae6d-2b942b921927:192.168.69.105:44785, 524a4774-666f-452c-9a20-e87fa1e4f616:192.168.69.105:46000, 84f9c2c4-73f2-4ad7-b9a8-3f333e5b0e84:192.168.69.105:36524] with ContainerStateMachine:uninitialized
2019-09-04 03:20:17,132 [pool-126-thread-1] INFO  impl.RaftServerImpl (ServerState.java:<init>(105)) - 3895fe08-5e04-46ac-ae6d-2b942b921927:group-002EB6C1B0CF ConfigurationManager, init=-1: [3895fe08-5e04-46ac-ae6d-2b942b921927:192.168.69.105:44785, 524a4774-666f-452c-9a20-e87fa1e4f616:192.168.69.105:46000, 84f9c2c4-73f2-4ad7-b9a8-3f333e5b0e84:192.168.69.105:36524], old=null, confs=<EMPTY_MAP>
2019-09-04 03:20:17,132 [pool-137-thread-1] INFO  server.RaftServerConfigKeys (ConfUtils.java:logGet(43)) - raft.server.rpc.timeout.min = 5s (custom)
2019-09-04 03:20:17,133 [pool-126-thread-1] INFO  server.RaftServerConfigKeys (ConfUtils.java:logGet(43)) - raft.server.storage.dir = [/workdir/hadoop-ozone/integration-test/target/test-dir/MiniOzoneClusterImpl-73aa9163-49e3-40ac-b180-0c4b940e9410/datanode-0/data/ratis] (custom)
2019-09-04 03:20:17,133 [pool-137-thread-1] INFO  server.RaftServerConfigKeys (ConfUtils.java:logGet(43)) - raft.server.rpc.timeout.max = 5200ms (custom)
2019-09-04 03:20:17,133 [pool-137-thread-1] INFO  server.RaftServerConfigKeys (ConfUtils.java:logGet(43)) - raft.server.rpcslowness.timeout = 120s (custom)
2019-09-04 03:20:17,133 [pool-148-thread-1] INFO  impl.RaftServerImpl (RaftServerImpl.java:<init>(93)) - 84f9c2c4-73f2-4ad7-b9a8-3f333e5b0e84: new RaftServerImpl for group-002EB6C1B0CF:[3895fe08-5e04-46ac-ae6d-2b942b921927:192.168.69.105:44785, 524a4774-666f-452c-9a20-e87fa1e4f616:192.168.69.105:46000, 84f9c2c4-73f2-4ad7-b9a8-3f333e5b0e84:192.168.69.105:36524] with ContainerStateMachine:uninitialized
2019-09-04 03:20:17,133 [pool-126-thread-1] INFO  storage.RaftStorageDirectory (RaftStorageDirectory.java:analyzeStorage(246)) - The storage directory /workdir/hadoop-ozone/integration-test/target/test-dir/MiniOzoneClusterImpl-73aa9163-49e3-40ac-b180-0c4b940e9410/datanode-0/data/ratis/a3b992b1-d860-45d5-bf9a-002eb6c1b0cf does not exist. Creating ...
2019-09-04 03:20:17,133 [pool-148-thread-1] INFO  server.RaftServerConfigKeys (ConfUtils.java:logGet(43)) - raft.server.rpc.timeout.min = 5s (custom)
2019-09-04 03:20:17,133 [pool-137-thread-1] INFO  server.RaftServerConfigKeys (ConfUtils.java:logGet(43)) - raft.server.sleep.deviation.threshold = 300 (default)
2019-09-04 03:20:17,134 [pool-148-thread-1] INFO  server.RaftServerConfigKeys (ConfUtils.java:logGet(43)) - raft.server.rpc.timeout.max = 5200ms (custom)
2019-09-04 03:20:17,134 [pool-137-thread-1] INFO  server.RaftServerConfigKeys (ConfUtils.java:logGet(43)) - raft.server.log.appender.install.snapshot.enabled = false (custom)
2019-09-04 03:20:17,134 [pool-148-thread-1] INFO  server.RaftServerConfigKeys (ConfUtils.java:logGet(43)) - raft.server.rpcslowness.timeout = 120s (custom)
2019-09-04 03:20:17,134 [pool-137-thread-1] INFO  impl.RaftServerImpl (ServerState.java:<init>(105)) - 524a4774-666f-452c-9a20-e87fa1e4f616:group-002EB6C1B0CF ConfigurationManager, init=-1: [3895fe08-5e04-46ac-ae6d-2b942b921927:192.168.69.105:44785, 524a4774-666f-452c-9a20-e87fa1e4f616:192.168.69.105:46000, 84f9c2c4-73f2-4ad7-b9a8-3f333e5b0e84:192.168.69.105:36524], old=null, confs=<EMPTY_MAP>
2019-09-04 03:20:17,134 [pool-148-thread-1] INFO  server.RaftServerConfigKeys (ConfUtils.java:logGet(43)) - raft.server.sleep.deviation.threshold = 300 (default)
2019-09-04 03:20:17,134 [pool-137-thread-1] INFO  server.RaftServerConfigKeys (ConfUtils.java:logGet(43)) - raft.server.storage.dir = [/workdir/hadoop-ozone/integration-test/target/test-dir/MiniOzoneClusterImpl-73aa9163-49e3-40ac-b180-0c4b940e9410/datanode-1/data/ratis] (custom)
2019-09-04 03:20:17,134 [pool-148-thread-1] INFO  server.RaftServerConfigKeys (ConfUtils.java:logGet(43)) - raft.server.log.appender.install.snapshot.enabled = false (custom)
2019-09-04 03:20:17,135 [pool-148-thread-1] INFO  impl.RaftServerImpl (ServerState.java:<init>(105)) - 84f9c2c4-73f2-4ad7-b9a8-3f333e5b0e84:group-002EB6C1B0CF ConfigurationManager, init=-1: [3895fe08-5e04-46ac-ae6d-2b942b921927:192.168.69.105:44785, 524a4774-666f-452c-9a20-e87fa1e4f616:192.168.69.105:46000, 84f9c2c4-73f2-4ad7-b9a8-3f333e5b0e84:192.168.69.105:36524], old=null, confs=<EMPTY_MAP>
2019-09-04 03:20:17,135 [pool-137-thread-1] INFO  storage.RaftStorageDirectory (RaftStorageDirectory.java:analyzeStorage(246)) - The storage directory /workdir/hadoop-ozone/integration-test/target/test-dir/MiniOzoneClusterImpl-73aa9163-49e3-40ac-b180-0c4b940e9410/datanode-1/data/ratis/a3b992b1-d860-45d5-bf9a-002eb6c1b0cf does not exist. Creating ...
2019-09-04 03:20:17,135 [pool-148-thread-1] INFO  server.RaftServerConfigKeys (ConfUtils.java:logGet(43)) - raft.server.storage.dir = [/workdir/hadoop-ozone/integration-test/target/test-dir/MiniOzoneClusterImpl-73aa9163-49e3-40ac-b180-0c4b940e9410/datanode-2/data/ratis] (custom)
2019-09-04 03:20:17,135 [pool-148-thread-1] INFO  storage.RaftStorageDirectory (RaftStorageDirectory.java:analyzeStorage(246)) - The storage directory /workdir/hadoop-ozone/integration-test/target/test-dir/MiniOzoneClusterImpl-73aa9163-49e3-40ac-b180-0c4b940e9410/datanode-2/data/ratis/a3b992b1-d860-45d5-bf9a-002eb6c1b0cf does not exist. Creating ...
2019-09-04 03:20:17,152 [pool-126-thread-1] INFO  storage.RaftStorageDirectory (RaftStorageDirectory.java:tryLock(328)) - Lock on /workdir/hadoop-ozone/integration-test/target/test-dir/MiniOzoneClusterImpl-73aa9163-49e3-40ac-b180-0c4b940e9410/datanode-0/data/ratis/a3b992b1-d860-45d5-bf9a-002eb6c1b0cf/in_use.lock acquired by nodename 6855@pr-hdds-1571-zhvv9-3536733312
2019-09-04 03:20:17,152 [pool-137-thread-1] INFO  storage.RaftStorageDirectory (RaftStorageDirectory.java:tryLock(328)) - Lock on /workdir/hadoop-ozone/integration-test/target/test-dir/MiniOzoneClusterImpl-73aa9163-49e3-40ac-b180-0c4b940e9410/datanode-1/data/ratis/a3b992b1-d860-45d5-bf9a-002eb6c1b0cf/in_use.lock acquired by nodename 6855@pr-hdds-1571-zhvv9-3536733312
2019-09-04 03:20:17,152 [pool-148-thread-1] INFO  storage.RaftStorageDirectory (RaftStorageDirectory.java:tryLock(328)) - Lock on /workdir/hadoop-ozone/integration-test/target/test-dir/MiniOzoneClusterImpl-73aa9163-49e3-40ac-b180-0c4b940e9410/datanode-2/data/ratis/a3b992b1-d860-45d5-bf9a-002eb6c1b0cf/in_use.lock acquired by nodename 6855@pr-hdds-1571-zhvv9-3536733312
2019-09-04 03:20:17,176 [pool-126-thread-1] INFO  storage.RaftStorage (RaftStorage.java:format(72)) - Storage directory /workdir/hadoop-ozone/integration-test/target/test-dir/MiniOzoneClusterImpl-73aa9163-49e3-40ac-b180-0c4b940e9410/datanode-0/data/ratis/a3b992b1-d860-45d5-bf9a-002eb6c1b0cf has been successfully formatted.
2019-09-04 03:20:17,176 [pool-148-thread-1] INFO  storage.RaftStorage (RaftStorage.java:format(72)) - Storage directory /workdir/hadoop-ozone/integration-test/target/test-dir/MiniOzoneClusterImpl-73aa9163-49e3-40ac-b180-0c4b940e9410/datanode-2/data/ratis/a3b992b1-d860-45d5-bf9a-002eb6c1b0cf has been successfully formatted.
2019-09-04 03:20:17,176 [pool-137-thread-1] INFO  storage.RaftStorage (RaftStorage.java:format(72)) - Storage directory /workdir/hadoop-ozone/integration-test/target/test-dir/MiniOzoneClusterImpl-73aa9163-49e3-40ac-b180-0c4b940e9410/datanode-1/data/ratis/a3b992b1-d860-45d5-bf9a-002eb6c1b0cf has been successfully formatted.
2019-09-04 03:20:17,177 [pool-148-thread-1] INFO  ratis.ContainerStateMachine (ContainerStateMachine.java:loadSnapshot(226)) - group-002EB6C1B0CF: The snapshot info is null. Setting the last applied indexto:(t:0, i:~)
2019-09-04 03:20:17,177 [pool-137-thread-1] INFO  ratis.ContainerStateMachine (ContainerStateMachine.java:loadSnapshot(226)) - group-002EB6C1B0CF: The snapshot info is null. Setting the last applied indexto:(t:0, i:~)
2019-09-04 03:20:17,177 [pool-126-thread-1] INFO  ratis.ContainerStateMachine (ContainerStateMachine.java:loadSnapshot(226)) - group-002EB6C1B0CF: The snapshot info is null. Setting the last applied indexto:(t:0, i:~)
2019-09-04 03:20:17,177 [pool-137-thread-1] INFO  server.RaftServerConfigKeys (ConfUtils.java:logGet(43)) - raft.server.leader.election.timeout = 120s (custom)
2019-09-04 03:20:17,177 [pool-148-thread-1] INFO  server.RaftServerConfigKeys (ConfUtils.java:logGet(43)) - raft.server.leader.election.timeout = 120s (custom)
2019-09-04 03:20:17,177 [pool-137-thread-1] INFO  server.RaftServerConfigKeys (ConfUtils.java:logGet(43)) - raft.server.log.use.memory = false (default)
2019-09-04 03:20:17,177 [pool-126-thread-1] INFO  server.RaftServerConfigKeys (ConfUtils.java:logGet(43)) - raft.server.leader.election.timeout = 120s (custom)
2019-09-04 03:20:17,178 [pool-137-thread-1] INFO  server.RaftServerConfigKeys (ConfUtils.java:logGet(43)) - raft.server.log.purge.gap = 1000000 (custom)
2019-09-04 03:20:17,177 [pool-148-thread-1] INFO  server.RaftServerConfigKeys (ConfUtils.java:logGet(43)) - raft.server.log.use.memory = false (default)
2019-09-04 03:20:17,178 [pool-137-thread-1] INFO  server.RaftServerConfigKeys (ConfUtils.java:logGet(43)) - raft.server.log.appender.buffer.byte-limit = 33554432 (custom)
2019-09-04 03:20:17,178 [pool-126-thread-1] INFO  server.RaftServerConfigKeys (ConfUtils.java:logGet(43)) - raft.server.log.use.memory = false (default)
2019-09-04 03:20:17,178 [pool-137-thread-1] INFO  server.RaftServerConfigKeys (ConfUtils.java:logGet(43)) - raft.server.log.segment.size.max = 1048576 (custom)
2019-09-04 03:20:17,178 [pool-148-thread-1] INFO  server.RaftServerConfigKeys (ConfUtils.java:logGet(43)) - raft.server.log.purge.gap = 1000000 (custom)
2019-09-04 03:20:17,179 [pool-137-thread-1] INFO  server.RaftServerConfigKeys (ConfUtils.java:logGet(43)) - raft.server.log.segment.cache.num.max = 2 (custom)
2019-09-04 03:20:17,178 [pool-126-thread-1] INFO  server.RaftServerConfigKeys (ConfUtils.java:logGet(43)) - raft.server.log.purge.gap = 1000000 (custom)
2019-09-04 03:20:17,179 [pool-137-thread-1] INFO  segmented.SegmentedRaftLogWorker (SegmentedRaftLogWorker.java:<init>(172)) - new 524a4774-666f-452c-9a20-e87fa1e4f616-SegmentedRaftLogWorker:Storage Directory /workdir/hadoop-ozone/integration-test/target/test-dir/MiniOzoneClusterImpl-73aa9163-49e3-40ac-b180-0c4b940e9410/datanode-1/data/ratis/a3b992b1-d860-45d5-bf9a-002eb6c1b0cf for RaftStorage:Storage Directory /workdir/hadoop-ozone/integration-test/target/test-dir/MiniOzoneClusterImpl-73aa9163-49e3-40ac-b180-0c4b940e9410/datanode-1/data/ratis/a3b992b1-d860-45d5-bf9a-002eb6c1b0cf
2019-09-04 03:20:17,179 [pool-148-thread-1] INFO  server.RaftServerConfigKeys (ConfUtils.java:logGet(43)) - raft.server.log.appender.buffer.byte-limit = 33554432 (custom)
2019-09-04 03:20:17,180 [pool-137-thread-1] INFO  server.RaftServerConfigKeys (ConfUtils.java:logGet(43)) - raft.server.log.queue.byte-limit = 2147483647 (custom)
2019-09-04 03:20:17,179 [pool-126-thread-1] INFO  server.RaftServerConfigKeys (ConfUtils.java:logGet(43)) - raft.server.log.appender.buffer.byte-limit = 33554432 (custom)
2019-09-04 03:20:17,180 [pool-137-thread-1] INFO  server.RaftServerConfigKeys (ConfUtils.java:logGet(43)) - raft.server.log.queue.element-limit = 1024 (custom)
2019-09-04 03:20:17,180 [pool-148-thread-1] INFO  server.RaftServerConfigKeys (ConfUtils.java:logGet(43)) - raft.server.log.segment.size.max = 1048576 (custom)
2019-09-04 03:20:17,180 [pool-137-thread-1] INFO  server.RaftServerConfigKeys (ConfUtils.java:logGet(43)) - raft.server.log.segment.size.max = 1048576 (custom)
2019-09-04 03:20:17,180 [pool-126-thread-1] INFO  server.RaftServerConfigKeys (ConfUtils.java:logGet(43)) - raft.server.log.segment.size.max = 1048576 (custom)
2019-09-04 03:20:17,181 [pool-137-thread-1] INFO  server.RaftServerConfigKeys (ConfUtils.java:logGet(43)) - raft.server.log.preallocated.size = 16384 (custom)
2019-09-04 03:20:17,180 [pool-148-thread-1] INFO  server.RaftServerConfigKeys (ConfUtils.java:logGet(43)) - raft.server.log.segment.cache.num.max = 2 (custom)
2019-09-04 03:20:17,181 [pool-137-thread-1] INFO  server.RaftServerConfigKeys (ConfUtils.java:logGet(43)) - raft.server.log.write.buffer.size = 33554432 (custom)
2019-09-04 03:20:17,181 [pool-126-thread-1] INFO  server.RaftServerConfigKeys (ConfUtils.java:logGet(43)) - raft.server.log.segment.cache.num.max = 2 (custom)
2019-09-04 03:20:17,181 [pool-137-thread-1] INFO  server.RaftServerConfigKeys (ConfUtils.java:logGet(43)) - raft.server.log.force.sync.num = 128 (default)
2019-09-04 03:20:17,181 [pool-148-thread-1] INFO  segmented.SegmentedRaftLogWorker (SegmentedRaftLogWorker.java:<init>(172)) - new 84f9c2c4-73f2-4ad7-b9a8-3f333e5b0e84-SegmentedRaftLogWorker:Storage Directory /workdir/hadoop-ozone/integration-test/target/test-dir/MiniOzoneClusterImpl-73aa9163-49e3-40ac-b180-0c4b940e9410/datanode-2/data/ratis/a3b992b1-d860-45d5-bf9a-002eb6c1b0cf for RaftStorage:Storage Directory /workdir/hadoop-ozone/integration-test/target/test-dir/MiniOzoneClusterImpl-73aa9163-49e3-40ac-b180-0c4b940e9410/datanode-2/data/ratis/a3b992b1-d860-45d5-bf9a-002eb6c1b0cf
2019-09-04 03:20:17,182 [pool-137-thread-1] INFO  server.RaftServerConfigKeys (ConfUtils.java:logGet(43)) - raft.server.log.statemachine.data.sync = true (default)
2019-09-04 03:20:17,181 [pool-126-thread-1] INFO  segmented.SegmentedRaftLogWorker (SegmentedRaftLogWorker.java:<init>(172)) - new 3895fe08-5e04-46ac-ae6d-2b942b921927-SegmentedRaftLogWorker:Storage Directory /workdir/hadoop-ozone/integration-test/target/test-dir/MiniOzoneClusterImpl-73aa9163-49e3-40ac-b180-0c4b940e9410/datanode-0/data/ratis/a3b992b1-d860-45d5-bf9a-002eb6c1b0cf for RaftStorage:Storage Directory /workdir/hadoop-ozone/integration-test/target/test-dir/MiniOzoneClusterImpl-73aa9163-49e3-40ac-b180-0c4b940e9410/datanode-0/data/ratis/a3b992b1-d860-45d5-bf9a-002eb6c1b0cf
2019-09-04 03:20:17,182 [pool-137-thread-1] INFO  server.RaftServerConfigKeys (ConfUtils.java:logGet(43)) - raft.server.log.statemachine.data.sync.timeout = 10s (default)
2019-09-04 03:20:17,182 [pool-137-thread-1] INFO  server.RaftServerConfigKeys (ConfUtils.java:logGet(43)) - raft.server.log.statemachine.data.sync.timeout.retry = -1 (default)
2019-09-04 03:20:17,182 [pool-148-thread-1] INFO  server.RaftServerConfigKeys (ConfUtils.java:logGet(43)) - raft.server.log.queue.byte-limit = 2147483647 (custom)
2019-09-04 03:20:17,182 [pool-126-thread-1] INFO  server.RaftServerConfigKeys (ConfUtils.java:logGet(43)) - raft.server.log.queue.byte-limit = 2147483647 (custom)
2019-09-04 03:20:17,183 [pool-148-thread-1] INFO  server.RaftServerConfigKeys (ConfUtils.java:logGet(43)) - raft.server.log.queue.element-limit = 1024 (custom)
2019-09-04 03:20:17,183 [pool-126-thread-1] INFO  server.RaftServerConfigKeys (ConfUtils.java:logGet(43)) - raft.server.log.queue.element-limit = 1024 (custom)
2019-09-04 03:20:17,183 [pool-137-thread-1] INFO  server.RaftServerConfigKeys (ConfUtils.java:logGet(43)) - raft.server.log.statemachine.data.caching.enabled = true (custom)
2019-09-04 03:20:17,183 [pool-126-thread-1] INFO  server.RaftServerConfigKeys (ConfUtils.java:logGet(43)) - raft.server.log.segment.size.max = 1048576 (custom)
2019-09-04 03:20:17,183 [pool-148-thread-1] INFO  server.RaftServerConfigKeys (ConfUtils.java:logGet(43)) - raft.server.log.segment.size.max = 1048576 (custom)
2019-09-04 03:20:17,184 [pool-126-thread-1] INFO  server.RaftServerConfigKeys (ConfUtils.java:logGet(43)) - raft.server.log.preallocated.size = 16384 (custom)
2019-09-04 03:20:17,184 [pool-148-thread-1] INFO  server.RaftServerConfigKeys (ConfUtils.java:logGet(43)) - raft.server.log.preallocated.size = 16384 (custom)
2019-09-04 03:20:17,184 [pool-126-thread-1] INFO  server.RaftServerConfigKeys (ConfUtils.java:logGet(43)) - raft.server.log.write.buffer.size = 33554432 (custom)
2019-09-04 03:20:17,184 [pool-137-thread-1] INFO  segmented.SegmentedRaftLogWorker (SegmentedRaftLogWorker.java:lambda$new$0(132)) - 524a4774-666f-452c-9a20-e87fa1e4f616-SegmentedRaftLogWorker:Storage Directory /workdir/hadoop-ozone/integration-test/target/test-dir/MiniOzoneClusterImpl-73aa9163-49e3-40ac-b180-0c4b940e9410/datanode-1/data/ratis/a3b992b1-d860-45d5-bf9a-002eb6c1b0cf: flushIndex: setUnconditionally 0 -> -1
2019-09-04 03:20:17,184 [pool-126-thread-1] INFO  server.RaftServerConfigKeys (ConfUtils.java:logGet(43)) - raft.server.log.force.sync.num = 128 (default)
2019-09-04 03:20:17,185 [pool-126-thread-1] INFO  server.RaftServerConfigKeys (ConfUtils.java:logGet(43)) - raft.server.log.statemachine.data.sync = true (default)
2019-09-04 03:20:17,184 [pool-148-thread-1] INFO  server.RaftServerConfigKeys (ConfUtils.java:logGet(43)) - raft.server.log.write.buffer.size = 33554432 (custom)
2019-09-04 03:20:17,185 [pool-126-thread-1] INFO  server.RaftServerConfigKeys (ConfUtils.java:logGet(43)) - raft.server.log.statemachine.data.sync.timeout = 10s (default)
2019-09-04 03:20:17,185 [pool-137-thread-1] INFO  server.RaftServerConfigKeys (ConfUtils.java:logGet(43)) - raft.server.snapshot.auto.trigger.enabled = true (custom)
2019-09-04 03:20:17,185 [pool-126-thread-1] INFO  server.RaftServerConfigKeys (ConfUtils.java:logGet(43)) - raft.server.log.statemachine.data.sync.timeout.retry = -1 (default)
2019-09-04 03:20:17,185 [pool-148-thread-1] INFO  server.RaftServerConfigKeys (ConfUtils.java:logGet(43)) - raft.server.log.force.sync.num = 128 (default)
2019-09-04 03:20:17,186 [pool-126-thread-1] INFO  server.RaftServerConfigKeys (ConfUtils.java:logGet(43)) - raft.server.log.statemachine.data.caching.enabled = true (custom)
2019-09-04 03:20:17,185 [pool-137-thread-1] INFO  server.RaftServerConfigKeys (ConfUtils.java:logGet(43)) - raft.server.snapshot.auto.trigger.threshold = 10000 (custom)
2019-09-04 03:20:17,186 [pool-126-thread-1] INFO  segmented.SegmentedRaftLogWorker (SegmentedRaftLogWorker.java:lambda$new$0(132)) - 3895fe08-5e04-46ac-ae6d-2b942b921927-SegmentedRaftLogWorker:Storage Directory /workdir/hadoop-ozone/integration-test/target/test-dir/MiniOzoneClusterImpl-73aa9163-49e3-40ac-b180-0c4b940e9410/datanode-0/data/ratis/a3b992b1-d860-45d5-bf9a-002eb6c1b0cf: flushIndex: setUnconditionally 0 -> -1
2019-09-04 03:20:17,186 [pool-148-thread-1] INFO  server.RaftServerConfigKeys (ConfUtils.java:logGet(43)) - raft.server.log.statemachine.data.sync = true (default)
2019-09-04 03:20:17,186 [pool-126-thread-1] INFO  server.RaftServerConfigKeys (ConfUtils.java:logGet(43)) - raft.server.snapshot.auto.trigger.enabled = true (custom)
2019-09-04 03:20:17,186 [pool-137-thread-1] INFO  server.RaftServerConfigKeys (ConfUtils.java:logGet(43)) - raft.server.retrycache.expirytime = 600000ms (custom)
2019-09-04 03:20:17,187 [pool-126-thread-1] INFO  server.RaftServerConfigKeys (ConfUtils.java:logGet(43)) - raft.server.snapshot.auto.trigger.threshold = 10000 (custom)
2019-09-04 03:20:17,187 [pool-148-thread-1] INFO  server.RaftServerConfigKeys (ConfUtils.java:logGet(43)) - raft.server.log.statemachine.data.sync.timeout = 10s (default)
2019-09-04 03:20:17,187 [pool-126-thread-1] INFO  server.RaftServerConfigKeys (ConfUtils.java:logGet(43)) - raft.server.retrycache.expirytime = 600000ms (custom)
2019-09-04 03:20:17,187 [pool-137-thread-1] INFO  impl.RaftServerImpl (RaftServerImpl.java:start(180)) - 524a4774-666f-452c-9a20-e87fa1e4f616: start group-002EB6C1B0CF
2019-09-04 03:20:17,187 [pool-148-thread-1] INFO  server.RaftServerConfigKeys (ConfUtils.java:logGet(43)) - raft.server.log.statemachine.data.sync.timeout.retry = -1 (default)
2019-09-04 03:20:17,188 [pool-137-thread-1] INFO  impl.RaftServerImpl (RaftServerImpl.java:setRole(171)) - 524a4774-666f-452c-9a20-e87fa1e4f616:group-002EB6C1B0CF changes role from null to FOLLOWER at term 0 for startAsFollower
2019-09-04 03:20:17,187 [pool-126-thread-1] INFO  impl.RaftServerImpl (RaftServerImpl.java:start(180)) - 3895fe08-5e04-46ac-ae6d-2b942b921927: start group-002EB6C1B0CF
2019-09-04 03:20:17,188 [pool-137-thread-1] INFO  impl.RoleInfo (RoleInfo.java:updateAndGet(143)) - 524a4774-666f-452c-9a20-e87fa1e4f616: start FollowerState
2019-09-04 03:20:17,188 [pool-148-thread-1] INFO  server.RaftServerConfigKeys (ConfUtils.java:logGet(43)) - raft.server.log.statemachine.data.caching.enabled = true (custom)
2019-09-04 03:20:17,188 [pool-126-thread-1] INFO  impl.RaftServerImpl (RaftServerImpl.java:setRole(171)) - 3895fe08-5e04-46ac-ae6d-2b942b921927:group-002EB6C1B0CF changes role from null to FOLLOWER at term 0 for startAsFollower
2019-09-04 03:20:17,189 [pool-126-thread-1] INFO  impl.RoleInfo (RoleInfo.java:updateAndGet(143)) - 3895fe08-5e04-46ac-ae6d-2b942b921927: start FollowerState
2019-09-04 03:20:17,189 [pool-148-thread-1] INFO  segmented.SegmentedRaftLogWorker (SegmentedRaftLogWorker.java:lambda$new$0(132)) - 84f9c2c4-73f2-4ad7-b9a8-3f333e5b0e84-SegmentedRaftLogWorker:Storage Directory /workdir/hadoop-ozone/integration-test/target/test-dir/MiniOzoneClusterImpl-73aa9163-49e3-40ac-b180-0c4b940e9410/datanode-2/data/ratis/a3b992b1-d860-45d5-bf9a-002eb6c1b0cf: flushIndex: setUnconditionally 0 -> -1
2019-09-04 03:20:17,189 [pool-148-thread-1] INFO  server.RaftServerConfigKeys (ConfUtils.java:logGet(43)) - raft.server.snapshot.auto.trigger.enabled = true (custom)
2019-09-04 03:20:17,201 [pool-137-thread-1] INFO  util.JmxRegister (JmxRegister.java:tryRegister(44)) - Successfully registered JMX Bean with object name Ratis:service=RaftServer,group=group-002EB6C1B0CF,id=524a4774-666f-452c-9a20-e87fa1e4f616
2019-09-04 03:20:17,201 [pool-148-thread-1] INFO  server.RaftServerConfigKeys (ConfUtils.java:logGet(43)) - raft.server.snapshot.auto.trigger.threshold = 10000 (custom)
2019-09-04 03:20:17,201 [pool-126-thread-1] INFO  util.JmxRegister (JmxRegister.java:tryRegister(44)) - Successfully registered JMX Bean with object name Ratis:service=RaftServer,group=group-002EB6C1B0CF,id=3895fe08-5e04-46ac-ae6d-2b942b921927
2019-09-04 03:20:17,202 [pool-148-thread-1] INFO  server.RaftServerConfigKeys (ConfUtils.java:logGet(43)) - raft.server.retrycache.expirytime = 600000ms (custom)
2019-09-04 03:20:17,211 [pool-148-thread-1] INFO  impl.RaftServerImpl (RaftServerImpl.java:start(180)) - 84f9c2c4-73f2-4ad7-b9a8-3f333e5b0e84: start group-002EB6C1B0CF
2019-09-04 03:20:17,211 [pool-148-thread-1] INFO  impl.RaftServerImpl (RaftServerImpl.java:setRole(171)) - 84f9c2c4-73f2-4ad7-b9a8-3f333e5b0e84:group-002EB6C1B0CF changes role from null to FOLLOWER at term 0 for startAsFollower
2019-09-04 03:20:17,211 [pool-148-thread-1] INFO  impl.RoleInfo (RoleInfo.java:updateAndGet(143)) - 84f9c2c4-73f2-4ad7-b9a8-3f333e5b0e84: start FollowerState
2019-09-04 03:20:17,212 [pool-148-thread-1] INFO  util.JmxRegister (JmxRegister.java:tryRegister(44)) - Successfully registered JMX Bean with object name Ratis:service=RaftServer,group=group-002EB6C1B0CF,id=84f9c2c4-73f2-4ad7-b9a8-3f333e5b0e84
2019-09-04 03:20:17,216 [RatisPipelineUtilsThread] INFO  pipeline.PipelineStateManager (PipelineStateManager.java:addPipeline(56)) - Created pipeline Pipeline[ Id: a3b992b1-d860-45d5-bf9a-002eb6c1b0cf, Nodes: 524a4774-666f-452c-9a20-e87fa1e4f616{ip: 192.168.69.105, host: pr-hdds-1571-zhvv9-3536733312, networkLocation: /default-rack, certSerialId: null}3895fe08-5e04-46ac-ae6d-2b942b921927{ip: 192.168.69.105, host: pr-hdds-1571-zhvv9-3536733312, networkLocation: /default-rack, certSerialId: null}84f9c2c4-73f2-4ad7-b9a8-3f333e5b0e84{ip: 192.168.69.105, host: pr-hdds-1571-zhvv9-3536733312, networkLocation: /default-rack, certSerialId: null}, Type:RATIS, Factor:THREE, State:OPEN]
2019-09-04 03:20:17,265 [main] INFO  ozone.MiniOzoneClusterImpl (MiniOzoneClusterImpl.java:lambda$waitForClusterToBeReady$0(142)) - Waiting for cluster to be ready. Got 3 of 7 DN Heartbeats.
2019-09-04 03:20:17,277 [IPC Server handler 16 on 33729] INFO  net.NetworkTopology (NetworkTopologyImpl.java:add(110)) - Added a new node: /default-rack/50a57ad1-8537-401a-9ef5-5731af50f432
2019-09-04 03:20:17,277 [IPC Server handler 16 on 33729] INFO  node.SCMNodeManager (SCMNodeManager.java:register(273)) - Registered Data node : 50a57ad1-8537-401a-9ef5-5731af50f432{ip: 192.168.69.105, host: pr-hdds-1571-zhvv9-3536733312, networkLocation: /default-rack, certSerialId: null}
2019-09-04 03:20:17,277 | INFO  | SCMAudit | user=jenkins1000 | ip=192.168.69.105 | op=REGISTER {datanodeDetails=50a57ad1-8537-401a-9ef5-5731af50f432{ip: 192.168.69.105, host: pr-hdds-1571-zhvv9-3536733312, networkLocation: /default-rack, certSerialId: null}} | ret=SUCCESS |  
2019-09-04 03:20:17,289 [grpc-default-executor-4] INFO  impl.RaftServerProxy (RaftServerProxy.java:addNew(89)) - 50a57ad1-8537-401a-9ef5-5731af50f432: addNew group-18E0C74CFC40:[50a57ad1-8537-401a-9ef5-5731af50f432:192.168.69.105:39317] returns group-18E0C74CFC40:java.util.concurrent.CompletableFuture@6c10c7f5[Not completed]
2019-09-04 03:20:17,292 [pool-159-thread-1] INFO  impl.RaftServerImpl (RaftServerImpl.java:<init>(93)) - 50a57ad1-8537-401a-9ef5-5731af50f432: new RaftServerImpl for group-18E0C74CFC40:[50a57ad1-8537-401a-9ef5-5731af50f432:192.168.69.105:39317] with ContainerStateMachine:uninitialized
2019-09-04 03:20:17,292 [pool-159-thread-1] INFO  server.RaftServerConfigKeys (ConfUtils.java:logGet(43)) - raft.server.rpc.timeout.min = 5s (custom)
2019-09-04 03:20:17,292 [pool-159-thread-1] INFO  server.RaftServerConfigKeys (ConfUtils.java:logGet(43)) - raft.server.rpc.timeout.max = 5200ms (custom)
2019-09-04 03:20:17,293 [pool-159-thread-1] INFO  server.RaftServerConfigKeys (ConfUtils.java:logGet(43)) - raft.server.rpcslowness.timeout = 120s (custom)
2019-09-04 03:20:17,293 [pool-159-thread-1] INFO  server.RaftServerConfigKeys (ConfUtils.java:logGet(43)) - raft.server.sleep.deviation.threshold = 300 (default)
2019-09-04 03:20:17,293 [pool-159-thread-1] INFO  server.RaftServerConfigKeys (ConfUtils.java:logGet(43)) - raft.server.log.appender.install.snapshot.enabled = false (custom)
2019-09-04 03:20:17,293 [pool-159-thread-1] INFO  impl.RaftServerImpl (ServerState.java:<init>(105)) - 50a57ad1-8537-401a-9ef5-5731af50f432:group-18E0C74CFC40 ConfigurationManager, init=-1: [50a57ad1-8537-401a-9ef5-5731af50f432:192.168.69.105:39317], old=null, confs=<EMPTY_MAP>
2019-09-04 03:20:17,293 [pool-159-thread-1] INFO  server.RaftServerConfigKeys (ConfUtils.java:logGet(43)) - raft.server.storage.dir = [/workdir/hadoop-ozone/integration-test/target/test-dir/MiniOzoneClusterImpl-73aa9163-49e3-40ac-b180-0c4b940e9410/datanode-3/data/ratis] (custom)
2019-09-04 03:20:17,294 [pool-159-thread-1] INFO  storage.RaftStorageDirectory (RaftStorageDirectory.java:analyzeStorage(246)) - The storage directory /workdir/hadoop-ozone/integration-test/target/test-dir/MiniOzoneClusterImpl-73aa9163-49e3-40ac-b180-0c4b940e9410/datanode-3/data/ratis/8cb09283-9b22-47db-8caf-18e0c74cfc40 does not exist. Creating ...
2019-09-04 03:20:17,318 [pool-159-thread-1] INFO  storage.RaftStorageDirectory (RaftStorageDirectory.java:tryLock(328)) - Lock on /workdir/hadoop-ozone/integration-test/target/test-dir/MiniOzoneClusterImpl-73aa9163-49e3-40ac-b180-0c4b940e9410/datanode-3/data/ratis/8cb09283-9b22-47db-8caf-18e0c74cfc40/in_use.lock acquired by nodename 6855@pr-hdds-1571-zhvv9-3536733312
2019-09-04 03:20:17,346 [pool-159-thread-1] INFO  storage.RaftStorage (RaftStorage.java:format(72)) - Storage directory /workdir/hadoop-ozone/integration-test/target/test-dir/MiniOzoneClusterImpl-73aa9163-49e3-40ac-b180-0c4b940e9410/datanode-3/data/ratis/8cb09283-9b22-47db-8caf-18e0c74cfc40 has been successfully formatted.
2019-09-04 03:20:17,347 [pool-159-thread-1] INFO  ratis.ContainerStateMachine (ContainerStateMachine.java:loadSnapshot(226)) - group-18E0C74CFC40: The snapshot info is null. Setting the last applied indexto:(t:0, i:~)
2019-09-04 03:20:17,347 [pool-159-thread-1] INFO  server.RaftServerConfigKeys (ConfUtils.java:logGet(43)) - raft.server.leader.election.timeout = 120s (custom)
2019-09-04 03:20:17,347 [pool-159-thread-1] INFO  server.RaftServerConfigKeys (ConfUtils.java:logGet(43)) - raft.server.log.use.memory = false (default)
2019-09-04 03:20:17,347 [pool-159-thread-1] INFO  server.RaftServerConfigKeys (ConfUtils.java:logGet(43)) - raft.server.log.purge.gap = 1000000 (custom)
2019-09-04 03:20:17,348 [pool-159-thread-1] INFO  server.RaftServerConfigKeys (ConfUtils.java:logGet(43)) - raft.server.log.appender.buffer.byte-limit = 33554432 (custom)
2019-09-04 03:20:17,348 [pool-159-thread-1] INFO  server.RaftServerConfigKeys (ConfUtils.java:logGet(43)) - raft.server.log.segment.size.max = 1048576 (custom)
2019-09-04 03:20:17,348 [pool-159-thread-1] INFO  server.RaftServerConfigKeys (ConfUtils.java:logGet(43)) - raft.server.log.segment.cache.num.max = 2 (custom)
2019-09-04 03:20:17,348 [pool-159-thread-1] INFO  segmented.SegmentedRaftLogWorker (SegmentedRaftLogWorker.java:<init>(172)) - new 50a57ad1-8537-401a-9ef5-5731af50f432-SegmentedRaftLogWorker:Storage Directory /workdir/hadoop-ozone/integration-test/target/test-dir/MiniOzoneClusterImpl-73aa9163-49e3-40ac-b180-0c4b940e9410/datanode-3/data/ratis/8cb09283-9b22-47db-8caf-18e0c74cfc40 for RaftStorage:Storage Directory /workdir/hadoop-ozone/integration-test/target/test-dir/MiniOzoneClusterImpl-73aa9163-49e3-40ac-b180-0c4b940e9410/datanode-3/data/ratis/8cb09283-9b22-47db-8caf-18e0c74cfc40
2019-09-04 03:20:17,349 [pool-159-thread-1] INFO  server.RaftServerConfigKeys (ConfUtils.java:logGet(43)) - raft.server.log.queue.byte-limit = 2147483647 (custom)
2019-09-04 03:20:17,349 [pool-159-thread-1] INFO  server.RaftServerConfigKeys (ConfUtils.java:logGet(43)) - raft.server.log.queue.element-limit = 1024 (custom)
2019-09-04 03:20:17,349 [pool-159-thread-1] INFO  server.RaftServerConfigKeys (ConfUtils.java:logGet(43)) - raft.server.log.segment.size.max = 1048576 (custom)
2019-09-04 03:20:17,349 [pool-159-thread-1] INFO  server.RaftServerConfigKeys (ConfUtils.java:logGet(43)) - raft.server.log.preallocated.size = 16384 (custom)
2019-09-04 03:20:17,350 [pool-159-thread-1] INFO  server.RaftServerConfigKeys (ConfUtils.java:logGet(43)) - raft.server.log.write.buffer.size = 33554432 (custom)
2019-09-04 03:20:17,350 [pool-159-thread-1] INFO  server.RaftServerConfigKeys (ConfUtils.java:logGet(43)) - raft.server.log.force.sync.num = 128 (default)
2019-09-04 03:20:17,350 [pool-159-thread-1] INFO  server.RaftServerConfigKeys (ConfUtils.java:logGet(43)) - raft.server.log.statemachine.data.sync = true (default)
2019-09-04 03:20:17,350 [pool-159-thread-1] INFO  server.RaftServerConfigKeys (ConfUtils.java:logGet(43)) - raft.server.log.statemachine.data.sync.timeout = 10s (default)
2019-09-04 03:20:17,350 [pool-159-thread-1] INFO  server.RaftServerConfigKeys (ConfUtils.java:logGet(43)) - raft.server.log.statemachine.data.sync.timeout.retry = -1 (default)
2019-09-04 03:20:17,351 [pool-159-thread-1] INFO  server.RaftServerConfigKeys (ConfUtils.java:logGet(43)) - raft.server.log.statemachine.data.caching.enabled = true (custom)
2019-09-04 03:20:17,351 [pool-159-thread-1] INFO  segmented.SegmentedRaftLogWorker (SegmentedRaftLogWorker.java:lambda$new$0(132)) - 50a57ad1-8537-401a-9ef5-5731af50f432-SegmentedRaftLogWorker:Storage Directory /workdir/hadoop-ozone/integration-test/target/test-dir/MiniOzoneClusterImpl-73aa9163-49e3-40ac-b180-0c4b940e9410/datanode-3/data/ratis/8cb09283-9b22-47db-8caf-18e0c74cfc40: flushIndex: setUnconditionally 0 -> -1
2019-09-04 03:20:17,351 [pool-159-thread-1] INFO  server.RaftServerConfigKeys (ConfUtils.java:logGet(43)) - raft.server.snapshot.auto.trigger.enabled = true (custom)
2019-09-04 03:20:17,352 [pool-159-thread-1] INFO  server.RaftServerConfigKeys (ConfUtils.java:logGet(43)) - raft.server.snapshot.auto.trigger.threshold = 10000 (custom)
2019-09-04 03:20:17,352 [pool-159-thread-1] INFO  server.RaftServerConfigKeys (ConfUtils.java:logGet(43)) - raft.server.retrycache.expirytime = 600000ms (custom)
2019-09-04 03:20:17,352 [pool-159-thread-1] INFO  impl.RaftServerImpl (RaftServerImpl.java:start(180)) - 50a57ad1-8537-401a-9ef5-5731af50f432: start group-18E0C74CFC40
2019-09-04 03:20:17,352 [pool-159-thread-1] INFO  impl.RaftServerImpl (RaftServerImpl.java:setRole(171)) - 50a57ad1-8537-401a-9ef5-5731af50f432:group-18E0C74CFC40 changes role from null to FOLLOWER at term 0 for startAsFollower
2019-09-04 03:20:17,352 [pool-159-thread-1] INFO  impl.RoleInfo (RoleInfo.java:updateAndGet(143)) - 50a57ad1-8537-401a-9ef5-5731af50f432: start FollowerState
2019-09-04 03:20:17,353 [pool-159-thread-1] INFO  util.JmxRegister (JmxRegister.java:tryRegister(44)) - Successfully registered JMX Bean with object name Ratis:service=RaftServer,group=group-18E0C74CFC40,id=50a57ad1-8537-401a-9ef5-5731af50f432
2019-09-04 03:20:17,356 [RatisPipelineUtilsThread] INFO  pipeline.PipelineStateManager (PipelineStateManager.java:addPipeline(56)) - Created pipeline Pipeline[ Id: 8cb09283-9b22-47db-8caf-18e0c74cfc40, Nodes: 50a57ad1-8537-401a-9ef5-5731af50f432{ip: 192.168.69.105, host: pr-hdds-1571-zhvv9-3536733312, networkLocation: /default-rack, certSerialId: null}, Type:RATIS, Factor:ONE, State:OPEN]
2019-09-04 03:20:17,791 [IPC Server handler 18 on 33729] INFO  net.NetworkTopology (NetworkTopologyImpl.java:add(110)) - Added a new node: /default-rack/5874772f-8d83-4395-aefd-8b53e7bb01f4
2019-09-04 03:20:17,791 [IPC Server handler 18 on 33729] INFO  node.SCMNodeManager (SCMNodeManager.java:register(273)) - Registered Data node : 5874772f-8d83-4395-aefd-8b53e7bb01f4{ip: 192.168.69.105, host: pr-hdds-1571-zhvv9-3536733312, networkLocation: /default-rack, certSerialId: null}
2019-09-04 03:20:17,791 | INFO  | SCMAudit | user=jenkins1000 | ip=192.168.69.105 | op=REGISTER {datanodeDetails=5874772f-8d83-4395-aefd-8b53e7bb01f4{ip: 192.168.69.105, host: pr-hdds-1571-zhvv9-3536733312, networkLocation: /default-rack, certSerialId: null}} | ret=SUCCESS |  
2019-09-04 03:20:17,802 [grpc-default-executor-4] INFO  impl.RaftServerProxy (RaftServerProxy.java:addNew(89)) - 5874772f-8d83-4395-aefd-8b53e7bb01f4: addNew group-BA32C286FC67:[5874772f-8d83-4395-aefd-8b53e7bb01f4:192.168.69.105:36739] returns group-BA32C286FC67:java.util.concurrent.CompletableFuture@229b964[Not completed]
2019-09-04 03:20:17,804 [pool-170-thread-1] INFO  impl.RaftServerImpl (RaftServerImpl.java:<init>(93)) - 5874772f-8d83-4395-aefd-8b53e7bb01f4: new RaftServerImpl for group-BA32C286FC67:[5874772f-8d83-4395-aefd-8b53e7bb01f4:192.168.69.105:36739] with ContainerStateMachine:uninitialized
2019-09-04 03:20:17,805 [pool-170-thread-1] INFO  server.RaftServerConfigKeys (ConfUtils.java:logGet(43)) - raft.server.rpc.timeout.min = 5s (custom)
2019-09-04 03:20:17,805 [pool-170-thread-1] INFO  server.RaftServerConfigKeys (ConfUtils.java:logGet(43)) - raft.server.rpc.timeout.max = 5200ms (custom)
2019-09-04 03:20:17,805 [pool-170-thread-1] INFO  server.RaftServerConfigKeys (ConfUtils.java:logGet(43)) - raft.server.rpcslowness.timeout = 120s (custom)
2019-09-04 03:20:17,805 [pool-170-thread-1] INFO  server.RaftServerConfigKeys (ConfUtils.java:logGet(43)) - raft.server.sleep.deviation.threshold = 300 (default)
2019-09-04 03:20:17,805 [pool-170-thread-1] INFO  server.RaftServerConfigKeys (ConfUtils.java:logGet(43)) - raft.server.log.appender.install.snapshot.enabled = false (custom)
2019-09-04 03:20:17,805 [pool-170-thread-1] INFO  impl.RaftServerImpl (ServerState.java:<init>(105)) - 5874772f-8d83-4395-aefd-8b53e7bb01f4:group-BA32C286FC67 ConfigurationManager, init=-1: [5874772f-8d83-4395-aefd-8b53e7bb01f4:192.168.69.105:36739], old=null, confs=<EMPTY_MAP>
2019-09-04 03:20:17,806 [pool-170-thread-1] INFO  server.RaftServerConfigKeys (ConfUtils.java:logGet(43)) - raft.server.storage.dir = [/workdir/hadoop-ozone/integration-test/target/test-dir/MiniOzoneClusterImpl-73aa9163-49e3-40ac-b180-0c4b940e9410/datanode-4/data/ratis] (custom)
2019-09-04 03:20:17,806 [pool-170-thread-1] INFO  storage.RaftStorageDirectory (RaftStorageDirectory.java:analyzeStorage(246)) - The storage directory /workdir/hadoop-ozone/integration-test/target/test-dir/MiniOzoneClusterImpl-73aa9163-49e3-40ac-b180-0c4b940e9410/datanode-4/data/ratis/2be74ba9-ab5d-4961-b26b-ba32c286fc67 does not exist. Creating ...
2019-09-04 03:20:17,838 [pool-170-thread-1] INFO  storage.RaftStorageDirectory (RaftStorageDirectory.java:tryLock(328)) - Lock on /workdir/hadoop-ozone/integration-test/target/test-dir/MiniOzoneClusterImpl-73aa9163-49e3-40ac-b180-0c4b940e9410/datanode-4/data/ratis/2be74ba9-ab5d-4961-b26b-ba32c286fc67/in_use.lock acquired by nodename 6855@pr-hdds-1571-zhvv9-3536733312
2019-09-04 03:20:17,881 [pool-170-thread-1] INFO  storage.RaftStorage (RaftStorage.java:format(72)) - Storage directory /workdir/hadoop-ozone/integration-test/target/test-dir/MiniOzoneClusterImpl-73aa9163-49e3-40ac-b180-0c4b940e9410/datanode-4/data/ratis/2be74ba9-ab5d-4961-b26b-ba32c286fc67 has been successfully formatted.
2019-09-04 03:20:17,881 [pool-170-thread-1] INFO  ratis.ContainerStateMachine (ContainerStateMachine.java:loadSnapshot(226)) - group-BA32C286FC67: The snapshot info is null. Setting the last applied indexto:(t:0, i:~)
2019-09-04 03:20:17,881 [pool-170-thread-1] INFO  server.RaftServerConfigKeys (ConfUtils.java:logGet(43)) - raft.server.leader.election.timeout = 120s (custom)
2019-09-04 03:20:17,881 [pool-170-thread-1] INFO  server.RaftServerConfigKeys (ConfUtils.java:logGet(43)) - raft.server.log.use.memory = false (default)
2019-09-04 03:20:17,881 [pool-170-thread-1] INFO  server.RaftServerConfigKeys (ConfUtils.java:logGet(43)) - raft.server.log.purge.gap = 1000000 (custom)
2019-09-04 03:20:17,882 [pool-170-thread-1] INFO  server.RaftServerConfigKeys (ConfUtils.java:logGet(43)) - raft.server.log.appender.buffer.byte-limit = 33554432 (custom)
2019-09-04 03:20:17,882 [pool-170-thread-1] INFO  server.RaftServerConfigKeys (ConfUtils.java:logGet(43)) - raft.server.log.segment.size.max = 1048576 (custom)
2019-09-04 03:20:17,882 [pool-170-thread-1] INFO  server.RaftServerConfigKeys (ConfUtils.java:logGet(43)) - raft.server.log.segment.cache.num.max = 2 (custom)
2019-09-04 03:20:17,882 [pool-170-thread-1] INFO  segmented.SegmentedRaftLogWorker (SegmentedRaftLogWorker.java:<init>(172)) - new 5874772f-8d83-4395-aefd-8b53e7bb01f4-SegmentedRaftLogWorker:Storage Directory /workdir/hadoop-ozone/integration-test/target/test-dir/MiniOzoneClusterImpl-73aa9163-49e3-40ac-b180-0c4b940e9410/datanode-4/data/ratis/2be74ba9-ab5d-4961-b26b-ba32c286fc67 for RaftStorage:Storage Directory /workdir/hadoop-ozone/integration-test/target/test-dir/MiniOzoneClusterImpl-73aa9163-49e3-40ac-b180-0c4b940e9410/datanode-4/data/ratis/2be74ba9-ab5d-4961-b26b-ba32c286fc67
2019-09-04 03:20:17,882 [pool-170-thread-1] INFO  server.RaftServerConfigKeys (ConfUtils.java:logGet(43)) - raft.server.log.queue.byte-limit = 2147483647 (custom)
2019-09-04 03:20:17,883 [pool-170-thread-1] INFO  server.RaftServerConfigKeys (ConfUtils.java:logGet(43)) - raft.server.log.queue.element-limit = 1024 (custom)
2019-09-04 03:20:17,883 [pool-170-thread-1] INFO  server.RaftServerConfigKeys (ConfUtils.java:logGet(43)) - raft.server.log.segment.size.max = 1048576 (custom)
2019-09-04 03:20:17,883 [pool-170-thread-1] INFO  server.RaftServerConfigKeys (ConfUtils.java:logGet(43)) - raft.server.log.preallocated.size = 16384 (custom)
2019-09-04 03:20:17,883 [pool-170-thread-1] INFO  server.RaftServerConfigKeys (ConfUtils.java:logGet(43)) - raft.server.log.write.buffer.size = 33554432 (custom)
2019-09-04 03:20:17,883 [pool-170-thread-1] INFO  server.RaftServerConfigKeys (ConfUtils.java:logGet(43)) - raft.server.log.force.sync.num = 128 (default)
2019-09-04 03:20:17,883 [pool-170-thread-1] INFO  server.RaftServerConfigKeys (ConfUtils.java:logGet(43)) - raft.server.log.statemachine.data.sync = true (default)
2019-09-04 03:20:17,884 [pool-170-thread-1] INFO  server.RaftServerConfigKeys (ConfUtils.java:logGet(43)) - raft.server.log.statemachine.data.sync.timeout = 10s (default)
2019-09-04 03:20:17,884 [pool-170-thread-1] INFO  server.RaftServerConfigKeys (ConfUtils.java:logGet(43)) - raft.server.log.statemachine.data.sync.timeout.retry = -1 (default)
2019-09-04 03:20:17,884 [pool-170-thread-1] INFO  server.RaftServerConfigKeys (ConfUtils.java:logGet(43)) - raft.server.log.statemachine.data.caching.enabled = true (custom)
2019-09-04 03:20:17,885 [pool-170-thread-1] INFO  segmented.SegmentedRaftLogWorker (SegmentedRaftLogWorker.java:lambda$new$0(132)) - 5874772f-8d83-4395-aefd-8b53e7bb01f4-SegmentedRaftLogWorker:Storage Directory /workdir/hadoop-ozone/integration-test/target/test-dir/MiniOzoneClusterImpl-73aa9163-49e3-40ac-b180-0c4b940e9410/datanode-4/data/ratis/2be74ba9-ab5d-4961-b26b-ba32c286fc67: flushIndex: setUnconditionally 0 -> -1
2019-09-04 03:20:17,885 [pool-170-thread-1] INFO  server.RaftServerConfigKeys (ConfUtils.java:logGet(43)) - raft.server.snapshot.auto.trigger.enabled = true (custom)
2019-09-04 03:20:17,885 [pool-170-thread-1] INFO  server.RaftServerConfigKeys (ConfUtils.java:logGet(43)) - raft.server.snapshot.auto.trigger.threshold = 10000 (custom)
2019-09-04 03:20:17,885 [pool-170-thread-1] INFO  server.RaftServerConfigKeys (ConfUtils.java:logGet(43)) - raft.server.retrycache.expirytime = 600000ms (custom)
2019-09-04 03:20:17,885 [pool-170-thread-1] INFO  impl.RaftServerImpl (RaftServerImpl.java:start(180)) - 5874772f-8d83-4395-aefd-8b53e7bb01f4: start group-BA32C286FC67
2019-09-04 03:20:17,886 [pool-170-thread-1] INFO  impl.RaftServerImpl (RaftServerImpl.java:setRole(171)) - 5874772f-8d83-4395-aefd-8b53e7bb01f4:group-BA32C286FC67 changes role from null to FOLLOWER at term 0 for startAsFollower
2019-09-04 03:20:17,886 [pool-170-thread-1] INFO  impl.RoleInfo (RoleInfo.java:updateAndGet(143)) - 5874772f-8d83-4395-aefd-8b53e7bb01f4: start FollowerState
2019-09-04 03:20:17,886 [pool-170-thread-1] INFO  util.JmxRegister (JmxRegister.java:tryRegister(44)) - Successfully registered JMX Bean with object name Ratis:service=RaftServer,group=group-BA32C286FC67,id=5874772f-8d83-4395-aefd-8b53e7bb01f4
2019-09-04 03:20:17,890 [RatisPipelineUtilsThread] INFO  pipeline.PipelineStateManager (PipelineStateManager.java:addPipeline(56)) - Created pipeline Pipeline[ Id: 2be74ba9-ab5d-4961-b26b-ba32c286fc67, Nodes: 5874772f-8d83-4395-aefd-8b53e7bb01f4{ip: 192.168.69.105, host: pr-hdds-1571-zhvv9-3536733312, networkLocation: /default-rack, certSerialId: null}, Type:RATIS, Factor:ONE, State:OPEN]
2019-09-04 03:20:18,014 [IPC Server handler 17 on 33729] INFO  net.NetworkTopology (NetworkTopologyImpl.java:add(110)) - Added a new node: /default-rack/3bf639f6-5176-4655-a6a8-540014321443
2019-09-04 03:20:18,014 [IPC Server handler 17 on 33729] INFO  node.SCMNodeManager (SCMNodeManager.java:register(273)) - Registered Data node : 3bf639f6-5176-4655-a6a8-540014321443{ip: 192.168.69.105, host: pr-hdds-1571-zhvv9-3536733312, networkLocation: /default-rack, certSerialId: null}
2019-09-04 03:20:18,015 | INFO  | SCMAudit | user=jenkins1000 | ip=192.168.69.105 | op=REGISTER {datanodeDetails=3bf639f6-5176-4655-a6a8-540014321443{ip: 192.168.69.105, host: pr-hdds-1571-zhvv9-3536733312, networkLocation: /default-rack, certSerialId: null}} | ret=SUCCESS |  
2019-09-04 03:20:18,023 [grpc-default-executor-4] INFO  impl.RaftServerProxy (RaftServerProxy.java:addNew(89)) - 3bf639f6-5176-4655-a6a8-540014321443: addNew group-783AB5CA4784:[3bf639f6-5176-4655-a6a8-540014321443:192.168.69.105:43577] returns group-783AB5CA4784:java.util.concurrent.CompletableFuture@5f835e11[Not completed]
2019-09-04 03:20:18,025 [pool-181-thread-1] INFO  impl.RaftServerImpl (RaftServerImpl.java:<init>(93)) - 3bf639f6-5176-4655-a6a8-540014321443: new RaftServerImpl for group-783AB5CA4784:[3bf639f6-5176-4655-a6a8-540014321443:192.168.69.105:43577] with ContainerStateMachine:uninitialized
2019-09-04 03:20:18,025 [pool-181-thread-1] INFO  server.RaftServerConfigKeys (ConfUtils.java:logGet(43)) - raft.server.rpc.timeout.min = 5s (custom)
2019-09-04 03:20:18,026 [pool-181-thread-1] INFO  server.RaftServerConfigKeys (ConfUtils.java:logGet(43)) - raft.server.rpc.timeout.max = 5200ms (custom)
2019-09-04 03:20:18,026 [pool-181-thread-1] INFO  server.RaftServerConfigKeys (ConfUtils.java:logGet(43)) - raft.server.rpcslowness.timeout = 120s (custom)
2019-09-04 03:20:18,026 [pool-181-thread-1] INFO  server.RaftServerConfigKeys (ConfUtils.java:logGet(43)) - raft.server.sleep.deviation.threshold = 300 (default)
2019-09-04 03:20:18,026 [pool-181-thread-1] INFO  server.RaftServerConfigKeys (ConfUtils.java:logGet(43)) - raft.server.log.appender.install.snapshot.enabled = false (custom)
2019-09-04 03:20:18,026 [pool-181-thread-1] INFO  impl.RaftServerImpl (ServerState.java:<init>(105)) - 3bf639f6-5176-4655-a6a8-540014321443:group-783AB5CA4784 ConfigurationManager, init=-1: [3bf639f6-5176-4655-a6a8-540014321443:192.168.69.105:43577], old=null, confs=<EMPTY_MAP>
2019-09-04 03:20:18,026 [pool-181-thread-1] INFO  server.RaftServerConfigKeys (ConfUtils.java:logGet(43)) - raft.server.storage.dir = [/workdir/hadoop-ozone/integration-test/target/test-dir/MiniOzoneClusterImpl-73aa9163-49e3-40ac-b180-0c4b940e9410/datanode-5/data/ratis] (custom)
2019-09-04 03:20:18,027 [pool-181-thread-1] INFO  storage.RaftStorageDirectory (RaftStorageDirectory.java:analyzeStorage(246)) - The storage directory /workdir/hadoop-ozone/integration-test/target/test-dir/MiniOzoneClusterImpl-73aa9163-49e3-40ac-b180-0c4b940e9410/datanode-5/data/ratis/e9e2e1ce-a9e7-43dd-a3fd-783ab5ca4784 does not exist. Creating ...
2019-09-04 03:20:18,048 [pool-181-thread-1] INFO  storage.RaftStorageDirectory (RaftStorageDirectory.java:tryLock(328)) - Lock on /workdir/hadoop-ozone/integration-test/target/test-dir/MiniOzoneClusterImpl-73aa9163-49e3-40ac-b180-0c4b940e9410/datanode-5/data/ratis/e9e2e1ce-a9e7-43dd-a3fd-783ab5ca4784/in_use.lock acquired by nodename 6855@pr-hdds-1571-zhvv9-3536733312
2019-09-04 03:20:18,115 [pool-181-thread-1] INFO  storage.RaftStorage (RaftStorage.java:format(72)) - Storage directory /workdir/hadoop-ozone/integration-test/target/test-dir/MiniOzoneClusterImpl-73aa9163-49e3-40ac-b180-0c4b940e9410/datanode-5/data/ratis/e9e2e1ce-a9e7-43dd-a3fd-783ab5ca4784 has been successfully formatted.
2019-09-04 03:20:18,115 [pool-181-thread-1] INFO  ratis.ContainerStateMachine (ContainerStateMachine.java:loadSnapshot(226)) - group-783AB5CA4784: The snapshot info is null. Setting the last applied indexto:(t:0, i:~)
2019-09-04 03:20:18,116 [pool-181-thread-1] INFO  server.RaftServerConfigKeys (ConfUtils.java:logGet(43)) - raft.server.leader.election.timeout = 120s (custom)
2019-09-04 03:20:18,116 [pool-181-thread-1] INFO  server.RaftServerConfigKeys (ConfUtils.java:logGet(43)) - raft.server.log.use.memory = false (default)
2019-09-04 03:20:18,116 [pool-181-thread-1] INFO  server.RaftServerConfigKeys (ConfUtils.java:logGet(43)) - raft.server.log.purge.gap = 1000000 (custom)
2019-09-04 03:20:18,116 [pool-181-thread-1] INFO  server.RaftServerConfigKeys (ConfUtils.java:logGet(43)) - raft.server.log.appender.buffer.byte-limit = 33554432 (custom)
2019-09-04 03:20:18,116 [pool-181-thread-1] INFO  server.RaftServerConfigKeys (ConfUtils.java:logGet(43)) - raft.server.log.segment.size.max = 1048576 (custom)
2019-09-04 03:20:18,117 [pool-181-thread-1] INFO  server.RaftServerConfigKeys (ConfUtils.java:logGet(43)) - raft.server.log.segment.cache.num.max = 2 (custom)
2019-09-04 03:20:18,117 [pool-181-thread-1] INFO  segmented.SegmentedRaftLogWorker (SegmentedRaftLogWorker.java:<init>(172)) - new 3bf639f6-5176-4655-a6a8-540014321443-SegmentedRaftLogWorker:Storage Directory /workdir/hadoop-ozone/integration-test/target/test-dir/MiniOzoneClusterImpl-73aa9163-49e3-40ac-b180-0c4b940e9410/datanode-5/data/ratis/e9e2e1ce-a9e7-43dd-a3fd-783ab5ca4784 for RaftStorage:Storage Directory /workdir/hadoop-ozone/integration-test/target/test-dir/MiniOzoneClusterImpl-73aa9163-49e3-40ac-b180-0c4b940e9410/datanode-5/data/ratis/e9e2e1ce-a9e7-43dd-a3fd-783ab5ca4784
2019-09-04 03:20:18,117 [pool-181-thread-1] INFO  server.RaftServerConfigKeys (ConfUtils.java:logGet(43)) - raft.server.log.queue.byte-limit = 2147483647 (custom)
2019-09-04 03:20:18,117 [pool-181-thread-1] INFO  server.RaftServerConfigKeys (ConfUtils.java:logGet(43)) - raft.server.log.queue.element-limit = 1024 (custom)
2019-09-04 03:20:18,118 [pool-181-thread-1] INFO  server.RaftServerConfigKeys (ConfUtils.java:logGet(43)) - raft.server.log.segment.size.max = 1048576 (custom)
2019-09-04 03:20:18,118 [pool-181-thread-1] INFO  server.RaftServerConfigKeys (ConfUtils.java:logGet(43)) - raft.server.log.preallocated.size = 16384 (custom)
2019-09-04 03:20:18,118 [pool-181-thread-1] INFO  server.RaftServerConfigKeys (ConfUtils.java:logGet(43)) - raft.server.log.write.buffer.size = 33554432 (custom)
2019-09-04 03:20:18,118 [pool-181-thread-1] INFO  server.RaftServerConfigKeys (ConfUtils.java:logGet(43)) - raft.server.log.force.sync.num = 128 (default)
2019-09-04 03:20:18,118 [pool-181-thread-1] INFO  server.RaftServerConfigKeys (ConfUtils.java:logGet(43)) - raft.server.log.statemachine.data.sync = true (default)
2019-09-04 03:20:18,118 [pool-181-thread-1] INFO  server.RaftServerConfigKeys (ConfUtils.java:logGet(43)) - raft.server.log.statemachine.data.sync.timeout = 10s (default)
2019-09-04 03:20:18,119 [pool-181-thread-1] INFO  server.RaftServerConfigKeys (ConfUtils.java:logGet(43)) - raft.server.log.statemachine.data.sync.timeout.retry = -1 (default)
2019-09-04 03:20:18,119 [pool-181-thread-1] INFO  server.RaftServerConfigKeys (ConfUtils.java:logGet(43)) - raft.server.log.statemachine.data.caching.enabled = true (custom)
2019-09-04 03:20:18,119 [pool-181-thread-1] INFO  segmented.SegmentedRaftLogWorker (SegmentedRaftLogWorker.java:lambda$new$0(132)) - 3bf639f6-5176-4655-a6a8-540014321443-SegmentedRaftLogWorker:Storage Directory /workdir/hadoop-ozone/integration-test/target/test-dir/MiniOzoneClusterImpl-73aa9163-49e3-40ac-b180-0c4b940e9410/datanode-5/data/ratis/e9e2e1ce-a9e7-43dd-a3fd-783ab5ca4784: flushIndex: setUnconditionally 0 -> -1
2019-09-04 03:20:18,120 [pool-181-thread-1] INFO  server.RaftServerConfigKeys (ConfUtils.java:logGet(43)) - raft.server.snapshot.auto.trigger.enabled = true (custom)
2019-09-04 03:20:18,120 [pool-181-thread-1] INFO  server.RaftServerConfigKeys (ConfUtils.java:logGet(43)) - raft.server.snapshot.auto.trigger.threshold = 10000 (custom)
2019-09-04 03:20:18,120 [pool-181-thread-1] INFO  server.RaftServerConfigKeys (ConfUtils.java:logGet(43)) - raft.server.retrycache.expirytime = 600000ms (custom)
2019-09-04 03:20:18,120 [pool-181-thread-1] INFO  impl.RaftServerImpl (RaftServerImpl.java:start(180)) - 3bf639f6-5176-4655-a6a8-540014321443: start group-783AB5CA4784
2019-09-04 03:20:18,121 [pool-181-thread-1] INFO  impl.RaftServerImpl (RaftServerImpl.java:setRole(171)) - 3bf639f6-5176-4655-a6a8-540014321443:group-783AB5CA4784 changes role from null to FOLLOWER at term 0 for startAsFollower
2019-09-04 03:20:18,121 [pool-181-thread-1] INFO  impl.RoleInfo (RoleInfo.java:updateAndGet(143)) - 3bf639f6-5176-4655-a6a8-540014321443: start FollowerState
2019-09-04 03:20:18,121 [pool-181-thread-1] INFO  util.JmxRegister (JmxRegister.java:tryRegister(44)) - Successfully registered JMX Bean with object name Ratis:service=RaftServer,group=group-783AB5CA4784,id=3bf639f6-5176-4655-a6a8-540014321443
2019-09-04 03:20:18,124 [RatisPipelineUtilsThread] INFO  pipeline.PipelineStateManager (PipelineStateManager.java:addPipeline(56)) - Created pipeline Pipeline[ Id: e9e2e1ce-a9e7-43dd-a3fd-783ab5ca4784, Nodes: 3bf639f6-5176-4655-a6a8-540014321443{ip: 192.168.69.105, host: pr-hdds-1571-zhvv9-3536733312, networkLocation: /default-rack, certSerialId: null}, Type:RATIS, Factor:ONE, State:OPEN]
2019-09-04 03:20:18,140 [grpc-default-executor-0] INFO  impl.RaftServerProxy (RaftServerProxy.java:addNew(89)) - 5874772f-8d83-4395-aefd-8b53e7bb01f4: addNew group-BC7EC6C0BAA3:[5874772f-8d83-4395-aefd-8b53e7bb01f4:192.168.69.105:36739, 3bf639f6-5176-4655-a6a8-540014321443:192.168.69.105:43577, 50a57ad1-8537-401a-9ef5-5731af50f432:192.168.69.105:39317] returns group-BC7EC6C0BAA3:java.util.concurrent.CompletableFuture@30f71cc0[Not completed]
2019-09-04 03:20:18,141 [grpc-default-executor-4] INFO  impl.RaftServerProxy (RaftServerProxy.java:addNew(89)) - 50a57ad1-8537-401a-9ef5-5731af50f432: addNew group-BC7EC6C0BAA3:[5874772f-8d83-4395-aefd-8b53e7bb01f4:192.168.69.105:36739, 3bf639f6-5176-4655-a6a8-540014321443:192.168.69.105:43577, 50a57ad1-8537-401a-9ef5-5731af50f432:192.168.69.105:39317] returns group-BC7EC6C0BAA3:java.util.concurrent.CompletableFuture@1f802c83[Not completed]
2019-09-04 03:20:18,141 [grpc-default-executor-0] INFO  impl.RaftServerProxy (RaftServerProxy.java:addNew(89)) - 3bf639f6-5176-4655-a6a8-540014321443: addNew group-BC7EC6C0BAA3:[5874772f-8d83-4395-aefd-8b53e7bb01f4:192.168.69.105:36739, 3bf639f6-5176-4655-a6a8-540014321443:192.168.69.105:43577, 50a57ad1-8537-401a-9ef5-5731af50f432:192.168.69.105:39317] returns group-BC7EC6C0BAA3:java.util.concurrent.CompletableFuture@3bb60828[Not completed]
2019-09-04 03:20:18,142 [pool-170-thread-1] INFO  impl.RaftServerImpl (RaftServerImpl.java:<init>(93)) - 5874772f-8d83-4395-aefd-8b53e7bb01f4: new RaftServerImpl for group-BC7EC6C0BAA3:[5874772f-8d83-4395-aefd-8b53e7bb01f4:192.168.69.105:36739, 3bf639f6-5176-4655-a6a8-540014321443:192.168.69.105:43577, 50a57ad1-8537-401a-9ef5-5731af50f432:192.168.69.105:39317] with ContainerStateMachine:uninitialized
2019-09-04 03:20:18,142 [pool-170-thread-1] INFO  server.RaftServerConfigKeys (ConfUtils.java:logGet(43)) - raft.server.rpc.timeout.min = 5s (custom)
2019-09-04 03:20:18,142 [pool-170-thread-1] INFO  server.RaftServerConfigKeys (ConfUtils.java:logGet(43)) - raft.server.rpc.timeout.max = 5200ms (custom)
2019-09-04 03:20:18,142 [pool-170-thread-1] INFO  server.RaftServerConfigKeys (ConfUtils.java:logGet(43)) - raft.server.rpcslowness.timeout = 120s (custom)
2019-09-04 03:20:18,142 [pool-170-thread-1] INFO  server.RaftServerConfigKeys (ConfUtils.java:logGet(43)) - raft.server.sleep.deviation.threshold = 300 (default)
2019-09-04 03:20:18,142 [pool-181-thread-1] INFO  impl.RaftServerImpl (RaftServerImpl.java:<init>(93)) - 3bf639f6-5176-4655-a6a8-540014321443: new RaftServerImpl for group-BC7EC6C0BAA3:[5874772f-8d83-4395-aefd-8b53e7bb01f4:192.168.69.105:36739, 3bf639f6-5176-4655-a6a8-540014321443:192.168.69.105:43577, 50a57ad1-8537-401a-9ef5-5731af50f432:192.168.69.105:39317] with ContainerStateMachine:uninitialized
2019-09-04 03:20:18,143 [pool-170-thread-1] INFO  server.RaftServerConfigKeys (ConfUtils.java:logGet(43)) - raft.server.log.appender.install.snapshot.enabled = false (custom)
2019-09-04 03:20:18,143 [pool-181-thread-1] INFO  server.RaftServerConfigKeys (ConfUtils.java:logGet(43)) - raft.server.rpc.timeout.min = 5s (custom)
2019-09-04 03:20:18,143 [pool-170-thread-1] INFO  impl.RaftServerImpl (ServerState.java:<init>(105)) - 5874772f-8d83-4395-aefd-8b53e7bb01f4:group-BC7EC6C0BAA3 ConfigurationManager, init=-1: [5874772f-8d83-4395-aefd-8b53e7bb01f4:192.168.69.105:36739, 3bf639f6-5176-4655-a6a8-540014321443:192.168.69.105:43577, 50a57ad1-8537-401a-9ef5-5731af50f432:192.168.69.105:39317], old=null, confs=<EMPTY_MAP>
2019-09-04 03:20:18,143 [pool-181-thread-1] INFO  server.RaftServerConfigKeys (ConfUtils.java:logGet(43)) - raft.server.rpc.timeout.max = 5200ms (custom)
2019-09-04 03:20:18,143 [pool-170-thread-1] INFO  server.RaftServerConfigKeys (ConfUtils.java:logGet(43)) - raft.server.storage.dir = [/workdir/hadoop-ozone/integration-test/target/test-dir/MiniOzoneClusterImpl-73aa9163-49e3-40ac-b180-0c4b940e9410/datanode-4/data/ratis] (custom)
2019-09-04 03:20:18,143 [pool-181-thread-1] INFO  server.RaftServerConfigKeys (ConfUtils.java:logGet(43)) - raft.server.rpcslowness.timeout = 120s (custom)
2019-09-04 03:20:18,143 [pool-159-thread-1] INFO  impl.RaftServerImpl (RaftServerImpl.java:<init>(93)) - 50a57ad1-8537-401a-9ef5-5731af50f432: new RaftServerImpl for group-BC7EC6C0BAA3:[5874772f-8d83-4395-aefd-8b53e7bb01f4:192.168.69.105:36739, 3bf639f6-5176-4655-a6a8-540014321443:192.168.69.105:43577, 50a57ad1-8537-401a-9ef5-5731af50f432:192.168.69.105:39317] with ContainerStateMachine:uninitialized
2019-09-04 03:20:18,144 [pool-170-thread-1] INFO  storage.RaftStorageDirectory (RaftStorageDirectory.java:analyzeStorage(246)) - The storage directory /workdir/hadoop-ozone/integration-test/target/test-dir/MiniOzoneClusterImpl-73aa9163-49e3-40ac-b180-0c4b940e9410/datanode-4/data/ratis/065bb3eb-eeb2-42fc-ab98-bc7ec6c0baa3 does not exist. Creating ...
2019-09-04 03:20:18,144 [pool-181-thread-1] INFO  server.RaftServerConfigKeys (ConfUtils.java:logGet(43)) - raft.server.sleep.deviation.threshold = 300 (default)
2019-09-04 03:20:18,144 [pool-159-thread-1] INFO  server.RaftServerConfigKeys (ConfUtils.java:logGet(43)) - raft.server.rpc.timeout.min = 5s (custom)
2019-09-04 03:20:18,144 [pool-181-thread-1] INFO  server.RaftServerConfigKeys (ConfUtils.java:logGet(43)) - raft.server.log.appender.install.snapshot.enabled = false (custom)
2019-09-04 03:20:18,144 [pool-159-thread-1] INFO  server.RaftServerConfigKeys (ConfUtils.java:logGet(43)) - raft.server.rpc.timeout.max = 5200ms (custom)
2019-09-04 03:20:18,144 [pool-181-thread-1] INFO  impl.RaftServerImpl (ServerState.java:<init>(105)) - 3bf639f6-5176-4655-a6a8-540014321443:group-BC7EC6C0BAA3 ConfigurationManager, init=-1: [5874772f-8d83-4395-aefd-8b53e7bb01f4:192.168.69.105:36739, 3bf639f6-5176-4655-a6a8-540014321443:192.168.69.105:43577, 50a57ad1-8537-401a-9ef5-5731af50f432:192.168.69.105:39317], old=null, confs=<EMPTY_MAP>
2019-09-04 03:20:18,144 [pool-159-thread-1] INFO  server.RaftServerConfigKeys (ConfUtils.java:logGet(43)) - raft.server.rpcslowness.timeout = 120s (custom)
2019-09-04 03:20:18,145 [pool-181-thread-1] INFO  server.RaftServerConfigKeys (ConfUtils.java:logGet(43)) - raft.server.storage.dir = [/workdir/hadoop-ozone/integration-test/target/test-dir/MiniOzoneClusterImpl-73aa9163-49e3-40ac-b180-0c4b940e9410/datanode-5/data/ratis] (custom)
2019-09-04 03:20:18,145 [pool-159-thread-1] INFO  server.RaftServerConfigKeys (ConfUtils.java:logGet(43)) - raft.server.sleep.deviation.threshold = 300 (default)
2019-09-04 03:20:18,145 [pool-159-thread-1] INFO  server.RaftServerConfigKeys (ConfUtils.java:logGet(43)) - raft.server.log.appender.install.snapshot.enabled = false (custom)
2019-09-04 03:20:18,145 [pool-181-thread-1] INFO  storage.RaftStorageDirectory (RaftStorageDirectory.java:analyzeStorage(246)) - The storage directory /workdir/hadoop-ozone/integration-test/target/test-dir/MiniOzoneClusterImpl-73aa9163-49e3-40ac-b180-0c4b940e9410/datanode-5/data/ratis/065bb3eb-eeb2-42fc-ab98-bc7ec6c0baa3 does not exist. Creating ...
2019-09-04 03:20:18,145 [pool-159-thread-1] INFO  impl.RaftServerImpl (ServerState.java:<init>(105)) - 50a57ad1-8537-401a-9ef5-5731af50f432:group-BC7EC6C0BAA3 ConfigurationManager, init=-1: [5874772f-8d83-4395-aefd-8b53e7bb01f4:192.168.69.105:36739, 3bf639f6-5176-4655-a6a8-540014321443:192.168.69.105:43577, 50a57ad1-8537-401a-9ef5-5731af50f432:192.168.69.105:39317], old=null, confs=<EMPTY_MAP>
2019-09-04 03:20:18,145 [pool-159-thread-1] INFO  server.RaftServerConfigKeys (ConfUtils.java:logGet(43)) - raft.server.storage.dir = [/workdir/hadoop-ozone/integration-test/target/test-dir/MiniOzoneClusterImpl-73aa9163-49e3-40ac-b180-0c4b940e9410/datanode-3/data/ratis] (custom)
2019-09-04 03:20:18,146 [pool-159-thread-1] INFO  storage.RaftStorageDirectory (RaftStorageDirectory.java:analyzeStorage(246)) - The storage directory /workdir/hadoop-ozone/integration-test/target/test-dir/MiniOzoneClusterImpl-73aa9163-49e3-40ac-b180-0c4b940e9410/datanode-3/data/ratis/065bb3eb-eeb2-42fc-ab98-bc7ec6c0baa3 does not exist. Creating ...
2019-09-04 03:20:18,166 [pool-170-thread-1] INFO  storage.RaftStorageDirectory (RaftStorageDirectory.java:tryLock(328)) - Lock on /workdir/hadoop-ozone/integration-test/target/test-dir/MiniOzoneClusterImpl-73aa9163-49e3-40ac-b180-0c4b940e9410/datanode-4/data/ratis/065bb3eb-eeb2-42fc-ab98-bc7ec6c0baa3/in_use.lock acquired by nodename 6855@pr-hdds-1571-zhvv9-3536733312
2019-09-04 03:20:18,166 [pool-159-thread-1] INFO  storage.RaftStorageDirectory (RaftStorageDirectory.java:tryLock(328)) - Lock on /workdir/hadoop-ozone/integration-test/target/test-dir/MiniOzoneClusterImpl-73aa9163-49e3-40ac-b180-0c4b940e9410/datanode-3/data/ratis/065bb3eb-eeb2-42fc-ab98-bc7ec6c0baa3/in_use.lock acquired by nodename 6855@pr-hdds-1571-zhvv9-3536733312
2019-09-04 03:20:18,166 [pool-181-thread-1] INFO  storage.RaftStorageDirectory (RaftStorageDirectory.java:tryLock(328)) - Lock on /workdir/hadoop-ozone/integration-test/target/test-dir/MiniOzoneClusterImpl-73aa9163-49e3-40ac-b180-0c4b940e9410/datanode-5/data/ratis/065bb3eb-eeb2-42fc-ab98-bc7ec6c0baa3/in_use.lock acquired by nodename 6855@pr-hdds-1571-zhvv9-3536733312
2019-09-04 03:20:18,183 [pool-181-thread-1] INFO  storage.RaftStorage (RaftStorage.java:format(72)) - Storage directory /workdir/hadoop-ozone/integration-test/target/test-dir/MiniOzoneClusterImpl-73aa9163-49e3-40ac-b180-0c4b940e9410/datanode-5/data/ratis/065bb3eb-eeb2-42fc-ab98-bc7ec6c0baa3 has been successfully formatted.
2019-09-04 03:20:18,183 [pool-159-thread-1] INFO  storage.RaftStorage (RaftStorage.java:format(72)) - Storage directory /workdir/hadoop-ozone/integration-test/target/test-dir/MiniOzoneClusterImpl-73aa9163-49e3-40ac-b180-0c4b940e9410/datanode-3/data/ratis/065bb3eb-eeb2-42fc-ab98-bc7ec6c0baa3 has been successfully formatted.
2019-09-04 03:20:18,183 [pool-181-thread-1] INFO  ratis.ContainerStateMachine (ContainerStateMachine.java:loadSnapshot(226)) - group-BC7EC6C0BAA3: The snapshot info is null. Setting the last applied indexto:(t:0, i:~)
2019-09-04 03:20:18,183 [pool-170-thread-1] INFO  storage.RaftStorage (RaftStorage.java:format(72)) - Storage directory /workdir/hadoop-ozone/integration-test/target/test-dir/MiniOzoneClusterImpl-73aa9163-49e3-40ac-b180-0c4b940e9410/datanode-4/data/ratis/065bb3eb-eeb2-42fc-ab98-bc7ec6c0baa3 has been successfully formatted.
2019-09-04 03:20:18,184 [pool-181-thread-1] INFO  server.RaftServerConfigKeys (ConfUtils.java:logGet(43)) - raft.server.leader.election.timeout = 120s (custom)
2019-09-04 03:20:18,184 [pool-170-thread-1] INFO  ratis.ContainerStateMachine (ContainerStateMachine.java:loadSnapshot(226)) - group-BC7EC6C0BAA3: The snapshot info is null. Setting the last applied indexto:(t:0, i:~)
2019-09-04 03:20:18,184 [pool-159-thread-1] INFO  ratis.ContainerStateMachine (ContainerStateMachine.java:loadSnapshot(226)) - group-BC7EC6C0BAA3: The snapshot info is null. Setting the last applied indexto:(t:0, i:~)
2019-09-04 03:20:18,184 [pool-170-thread-1] INFO  server.RaftServerConfigKeys (ConfUtils.java:logGet(43)) - raft.server.leader.election.timeout = 120s (custom)
2019-09-04 03:20:18,184 [pool-170-thread-1] INFO  server.RaftServerConfigKeys (ConfUtils.java:logGet(43)) - raft.server.log.use.memory = false (default)
2019-09-04 03:20:18,184 [pool-181-thread-1] INFO  server.RaftServerConfigKeys (ConfUtils.java:logGet(43)) - raft.server.log.use.memory = false (default)
2019-09-04 03:20:18,184 [pool-170-thread-1] INFO  server.RaftServerConfigKeys (ConfUtils.java:logGet(43)) - raft.server.log.purge.gap = 1000000 (custom)
2019-09-04 03:20:18,184 [pool-159-thread-1] INFO  server.RaftServerConfigKeys (ConfUtils.java:logGet(43)) - raft.server.leader.election.timeout = 120s (custom)
2019-09-04 03:20:18,185 [pool-170-thread-1] INFO  server.RaftServerConfigKeys (ConfUtils.java:logGet(43)) - raft.server.log.appender.buffer.byte-limit = 33554432 (custom)
2019-09-04 03:20:18,185 [pool-181-thread-1] INFO  server.RaftServerConfigKeys (ConfUtils.java:logGet(43)) - raft.server.log.purge.gap = 1000000 (custom)
2019-09-04 03:20:18,185 [pool-170-thread-1] INFO  server.RaftServerConfigKeys (ConfUtils.java:logGet(43)) - raft.server.log.segment.size.max = 1048576 (custom)
2019-09-04 03:20:18,185 [pool-159-thread-1] INFO  server.RaftServerConfigKeys (ConfUtils.java:logGet(43)) - raft.server.log.use.memory = false (default)
2019-09-04 03:20:18,185 [pool-170-thread-1] INFO  server.RaftServerConfigKeys (ConfUtils.java:logGet(43)) - raft.server.log.segment.cache.num.max = 2 (custom)
2019-09-04 03:20:18,185 [pool-181-thread-1] INFO  server.RaftServerConfigKeys (ConfUtils.java:logGet(43)) - raft.server.log.appender.buffer.byte-limit = 33554432 (custom)
2019-09-04 03:20:18,186 [pool-170-thread-1] INFO  segmented.SegmentedRaftLogWorker (SegmentedRaftLogWorker.java:<init>(172)) - new 5874772f-8d83-4395-aefd-8b53e7bb01f4-SegmentedRaftLogWorker:Storage Directory /workdir/hadoop-ozone/integration-test/target/test-dir/MiniOzoneClusterImpl-73aa9163-49e3-40ac-b180-0c4b940e9410/datanode-4/data/ratis/065bb3eb-eeb2-42fc-ab98-bc7ec6c0baa3 for RaftStorage:Storage Directory /workdir/hadoop-ozone/integration-test/target/test-dir/MiniOzoneClusterImpl-73aa9163-49e3-40ac-b180-0c4b940e9410/datanode-4/data/ratis/065bb3eb-eeb2-42fc-ab98-bc7ec6c0baa3
2019-09-04 03:20:18,186 [pool-159-thread-1] INFO  server.RaftServerConfigKeys (ConfUtils.java:logGet(43)) - raft.server.log.purge.gap = 1000000 (custom)
2019-09-04 03:20:18,186 [pool-170-thread-1] INFO  server.RaftServerConfigKeys (ConfUtils.java:logGet(43)) - raft.server.log.queue.byte-limit = 2147483647 (custom)
2019-09-04 03:20:18,186 [pool-181-thread-1] INFO  server.RaftServerConfigKeys (ConfUtils.java:logGet(43)) - raft.server.log.segment.size.max = 1048576 (custom)
2019-09-04 03:20:18,186 [pool-170-thread-1] INFO  server.RaftServerConfigKeys (ConfUtils.java:logGet(43)) - raft.server.log.queue.element-limit = 1024 (custom)
2019-09-04 03:20:18,186 [pool-159-thread-1] INFO  server.RaftServerConfigKeys (ConfUtils.java:logGet(43)) - raft.server.log.appender.buffer.byte-limit = 33554432 (custom)
2019-09-04 03:20:18,187 [pool-170-thread-1] INFO  server.RaftServerConfigKeys (ConfUtils.java:logGet(43)) - raft.server.log.segment.size.max = 1048576 (custom)
2019-09-04 03:20:18,186 [pool-181-thread-1] INFO  server.RaftServerConfigKeys (ConfUtils.java:logGet(43)) - raft.server.log.segment.cache.num.max = 2 (custom)
2019-09-04 03:20:18,187 [pool-170-thread-1] INFO  server.RaftServerConfigKeys (ConfUtils.java:logGet(43)) - raft.server.log.preallocated.size = 16384 (custom)
2019-09-04 03:20:18,187 [pool-159-thread-1] INFO  server.RaftServerConfigKeys (ConfUtils.java:logGet(43)) - raft.server.log.segment.size.max = 1048576 (custom)
2019-09-04 03:20:18,187 [pool-170-thread-1] INFO  server.RaftServerConfigKeys (ConfUtils.java:logGet(43)) - raft.server.log.write.buffer.size = 33554432 (custom)
2019-09-04 03:20:18,187 [pool-181-thread-1] INFO  segmented.SegmentedRaftLogWorker (SegmentedRaftLogWorker.java:<init>(172)) - new 3bf639f6-5176-4655-a6a8-540014321443-SegmentedRaftLogWorker:Storage Directory /workdir/hadoop-ozone/integration-test/target/test-dir/MiniOzoneClusterImpl-73aa9163-49e3-40ac-b180-0c4b940e9410/datanode-5/data/ratis/065bb3eb-eeb2-42fc-ab98-bc7ec6c0baa3 for RaftStorage:Storage Directory /workdir/hadoop-ozone/integration-test/target/test-dir/MiniOzoneClusterImpl-73aa9163-49e3-40ac-b180-0c4b940e9410/datanode-5/data/ratis/065bb3eb-eeb2-42fc-ab98-bc7ec6c0baa3
2019-09-04 03:20:18,187 [pool-170-thread-1] INFO  server.RaftServerConfigKeys (ConfUtils.java:logGet(43)) - raft.server.log.force.sync.num = 128 (default)
2019-09-04 03:20:18,187 [pool-159-thread-1] INFO  server.RaftServerConfigKeys (ConfUtils.java:logGet(43)) - raft.server.log.segment.cache.num.max = 2 (custom)
2019-09-04 03:20:18,188 [pool-170-thread-1] INFO  server.RaftServerConfigKeys (ConfUtils.java:logGet(43)) - raft.server.log.statemachine.data.sync = true (default)
2019-09-04 03:20:18,188 [pool-181-thread-1] INFO  server.RaftServerConfigKeys (ConfUtils.java:logGet(43)) - raft.server.log.queue.byte-limit = 2147483647 (custom)
2019-09-04 03:20:18,188 [pool-170-thread-1] INFO  server.RaftServerConfigKeys (ConfUtils.java:logGet(43)) - raft.server.log.statemachine.data.sync.timeout = 10s (default)
2019-09-04 03:20:18,188 [pool-159-thread-1] INFO  segmented.SegmentedRaftLogWorker (SegmentedRaftLogWorker.java:<init>(172)) - new 50a57ad1-8537-401a-9ef5-5731af50f432-SegmentedRaftLogWorker:Storage Directory /workdir/hadoop-ozone/integration-test/target/test-dir/MiniOzoneClusterImpl-73aa9163-49e3-40ac-b180-0c4b940e9410/datanode-3/data/ratis/065bb3eb-eeb2-42fc-ab98-bc7ec6c0baa3 for RaftStorage:Storage Directory /workdir/hadoop-ozone/integration-test/target/test-dir/MiniOzoneClusterImpl-73aa9163-49e3-40ac-b180-0c4b940e9410/datanode-3/data/ratis/065bb3eb-eeb2-42fc-ab98-bc7ec6c0baa3
2019-09-04 03:20:18,188 [pool-170-thread-1] INFO  server.RaftServerConfigKeys (ConfUtils.java:logGet(43)) - raft.server.log.statemachine.data.sync.timeout.retry = -1 (default)
2019-09-04 03:20:18,188 [pool-181-thread-1] INFO  server.RaftServerConfigKeys (ConfUtils.java:logGet(43)) - raft.server.log.queue.element-limit = 1024 (custom)
2019-09-04 03:20:18,189 [pool-170-thread-1] INFO  server.RaftServerConfigKeys (ConfUtils.java:logGet(43)) - raft.server.log.statemachine.data.caching.enabled = true (custom)
2019-09-04 03:20:18,189 [pool-159-thread-1] INFO  server.RaftServerConfigKeys (ConfUtils.java:logGet(43)) - raft.server.log.queue.byte-limit = 2147483647 (custom)
2019-09-04 03:20:18,189 [pool-181-thread-1] INFO  server.RaftServerConfigKeys (ConfUtils.java:logGet(43)) - raft.server.log.segment.size.max = 1048576 (custom)
2019-09-04 03:20:18,189 [pool-170-thread-1] INFO  segmented.SegmentedRaftLogWorker (SegmentedRaftLogWorker.java:lambda$new$0(132)) - 5874772f-8d83-4395-aefd-8b53e7bb01f4-SegmentedRaftLogWorker:Storage Directory /workdir/hadoop-ozone/integration-test/target/test-dir/MiniOzoneClusterImpl-73aa9163-49e3-40ac-b180-0c4b940e9410/datanode-4/data/ratis/065bb3eb-eeb2-42fc-ab98-bc7ec6c0baa3: flushIndex: setUnconditionally 0 -> -1
2019-09-04 03:20:18,189 [pool-159-thread-1] INFO  server.RaftServerConfigKeys (ConfUtils.java:logGet(43)) - raft.server.log.queue.element-limit = 1024 (custom)
2019-09-04 03:20:18,189 [pool-181-thread-1] INFO  server.RaftServerConfigKeys (ConfUtils.java:logGet(43)) - raft.server.log.preallocated.size = 16384 (custom)
2019-09-04 03:20:18,190 [pool-159-thread-1] INFO  server.RaftServerConfigKeys (ConfUtils.java:logGet(43)) - raft.server.log.segment.size.max = 1048576 (custom)
2019-09-04 03:20:18,190 [pool-170-thread-1] INFO  server.RaftServerConfigKeys (ConfUtils.java:logGet(43)) - raft.server.snapshot.auto.trigger.enabled = true (custom)
2019-09-04 03:20:18,190 [pool-159-thread-1] INFO  server.RaftServerConfigKeys (ConfUtils.java:logGet(43)) - raft.server.log.preallocated.size = 16384 (custom)
2019-09-04 03:20:18,190 [pool-181-thread-1] INFO  server.RaftServerConfigKeys (ConfUtils.java:logGet(43)) - raft.server.log.write.buffer.size = 33554432 (custom)
2019-09-04 03:20:18,190 [pool-159-thread-1] INFO  server.RaftServerConfigKeys (ConfUtils.java:logGet(43)) - raft.server.log.write.buffer.size = 33554432 (custom)
2019-09-04 03:20:18,190 [pool-170-thread-1] INFO  server.RaftServerConfigKeys (ConfUtils.java:logGet(43)) - raft.server.snapshot.auto.trigger.threshold = 10000 (custom)
2019-09-04 03:20:18,191 [pool-159-thread-1] INFO  server.RaftServerConfigKeys (ConfUtils.java:logGet(43)) - raft.server.log.force.sync.num = 128 (default)
2019-09-04 03:20:18,190 [pool-181-thread-1] INFO  server.RaftServerConfigKeys (ConfUtils.java:logGet(43)) - raft.server.log.force.sync.num = 128 (default)
2019-09-04 03:20:18,191 [pool-159-thread-1] INFO  server.RaftServerConfigKeys (ConfUtils.java:logGet(43)) - raft.server.log.statemachine.data.sync = true (default)
2019-09-04 03:20:18,191 [pool-170-thread-1] INFO  server.RaftServerConfigKeys (ConfUtils.java:logGet(43)) - raft.server.retrycache.expirytime = 600000ms (custom)
2019-09-04 03:20:18,191 [pool-159-thread-1] INFO  server.RaftServerConfigKeys (ConfUtils.java:logGet(43)) - raft.server.log.statemachine.data.sync.timeout = 10s (default)
2019-09-04 03:20:18,191 [pool-181-thread-1] INFO  server.RaftServerConfigKeys (ConfUtils.java:logGet(43)) - raft.server.log.statemachine.data.sync = true (default)
2019-09-04 03:20:18,192 [pool-159-thread-1] INFO  server.RaftServerConfigKeys (ConfUtils.java:logGet(43)) - raft.server.log.statemachine.data.sync.timeout.retry = -1 (default)
2019-09-04 03:20:18,192 [pool-170-thread-1] INFO  impl.RaftServerImpl (RaftServerImpl.java:start(180)) - 5874772f-8d83-4395-aefd-8b53e7bb01f4: start group-BC7EC6C0BAA3
2019-09-04 03:20:18,192 [pool-159-thread-1] INFO  server.RaftServerConfigKeys (ConfUtils.java:logGet(43)) - raft.server.log.statemachine.data.caching.enabled = true (custom)
2019-09-04 03:20:18,192 [pool-181-thread-1] INFO  server.RaftServerConfigKeys (ConfUtils.java:logGet(43)) - raft.server.log.statemachine.data.sync.timeout = 10s (default)
2019-09-04 03:20:18,192 [pool-159-thread-1] INFO  segmented.SegmentedRaftLogWorker (SegmentedRaftLogWorker.java:lambda$new$0(132)) - 50a57ad1-8537-401a-9ef5-5731af50f432-SegmentedRaftLogWorker:Storage Directory /workdir/hadoop-ozone/integration-test/target/test-dir/MiniOzoneClusterImpl-73aa9163-49e3-40ac-b180-0c4b940e9410/datanode-3/data/ratis/065bb3eb-eeb2-42fc-ab98-bc7ec6c0baa3: flushIndex: setUnconditionally 0 -> -1
2019-09-04 03:20:18,192 [pool-170-thread-1] INFO  impl.RaftServerImpl (RaftServerImpl.java:setRole(171)) - 5874772f-8d83-4395-aefd-8b53e7bb01f4:group-BC7EC6C0BAA3 changes role from null to FOLLOWER at term 0 for startAsFollower
2019-09-04 03:20:18,193 [pool-181-thread-1] INFO  server.RaftServerConfigKeys (ConfUtils.java:logGet(43)) - raft.server.log.statemachine.data.sync.timeout.retry = -1 (default)
2019-09-04 03:20:18,193 [pool-159-thread-1] INFO  server.RaftServerConfigKeys (ConfUtils.java:logGet(43)) - raft.server.snapshot.auto.trigger.enabled = true (custom)
2019-09-04 03:20:18,193 [pool-170-thread-1] INFO  impl.RoleInfo (RoleInfo.java:updateAndGet(143)) - 5874772f-8d83-4395-aefd-8b53e7bb01f4: start FollowerState
2019-09-04 03:20:18,193 [pool-159-thread-1] INFO  server.RaftServerConfigKeys (ConfUtils.java:logGet(43)) - raft.server.snapshot.auto.trigger.threshold = 10000 (custom)
2019-09-04 03:20:18,193 [pool-181-thread-1] INFO  server.RaftServerConfigKeys (ConfUtils.java:logGet(43)) - raft.server.log.statemachine.data.caching.enabled = true (custom)
2019-09-04 03:20:18,193 [pool-159-thread-1] INFO  server.RaftServerConfigKeys (ConfUtils.java:logGet(43)) - raft.server.retrycache.expirytime = 600000ms (custom)
2019-09-04 03:20:18,194 [pool-170-thread-1] INFO  util.JmxRegister (JmxRegister.java:tryRegister(44)) - Successfully registered JMX Bean with object name Ratis:service=RaftServer,group=group-BC7EC6C0BAA3,id=5874772f-8d83-4395-aefd-8b53e7bb01f4
2019-09-04 03:20:18,194 [pool-159-thread-1] INFO  impl.RaftServerImpl (RaftServerImpl.java:start(180)) - 50a57ad1-8537-401a-9ef5-5731af50f432: start group-BC7EC6C0BAA3
2019-09-04 03:20:18,194 [pool-181-thread-1] INFO  segmented.SegmentedRaftLogWorker (SegmentedRaftLogWorker.java:lambda$new$0(132)) - 3bf639f6-5176-4655-a6a8-540014321443-SegmentedRaftLogWorker:Storage Directory /workdir/hadoop-ozone/integration-test/target/test-dir/MiniOzoneClusterImpl-73aa9163-49e3-40ac-b180-0c4b940e9410/datanode-5/data/ratis/065bb3eb-eeb2-42fc-ab98-bc7ec6c0baa3: flushIndex: setUnconditionally 0 -> -1
2019-09-04 03:20:18,194 [pool-159-thread-1] INFO  impl.RaftServerImpl (RaftServerImpl.java:setRole(171)) - 50a57ad1-8537-401a-9ef5-5731af50f432:group-BC7EC6C0BAA3 changes role from null to FOLLOWER at term 0 for startAsFollower
2019-09-04 03:20:18,194 [pool-181-thread-1] INFO  server.RaftServerConfigKeys (ConfUtils.java:logGet(43)) - raft.server.snapshot.auto.trigger.enabled = true (custom)
2019-09-04 03:20:18,194 [pool-159-thread-1] INFO  impl.RoleInfo (RoleInfo.java:updateAndGet(143)) - 50a57ad1-8537-401a-9ef5-5731af50f432: start FollowerState
2019-09-04 03:20:18,195 [pool-181-thread-1] INFO  server.RaftServerConfigKeys (ConfUtils.java:logGet(43)) - raft.server.snapshot.auto.trigger.threshold = 10000 (custom)
2019-09-04 03:20:18,195 [pool-181-thread-1] INFO  server.RaftServerConfigKeys (ConfUtils.java:logGet(43)) - raft.server.retrycache.expirytime = 600000ms (custom)
2019-09-04 03:20:18,195 [pool-159-thread-1] INFO  util.JmxRegister (JmxRegister.java:tryRegister(44)) - Successfully registered JMX Bean with object name Ratis:service=RaftServer,group=group-BC7EC6C0BAA3,id=50a57ad1-8537-401a-9ef5-5731af50f432
2019-09-04 03:20:18,195 [pool-181-thread-1] INFO  impl.RaftServerImpl (RaftServerImpl.java:start(180)) - 3bf639f6-5176-4655-a6a8-540014321443: start group-BC7EC6C0BAA3
2019-09-04 03:20:18,195 [pool-181-thread-1] INFO  impl.RaftServerImpl (RaftServerImpl.java:setRole(171)) - 3bf639f6-5176-4655-a6a8-540014321443:group-BC7EC6C0BAA3 changes role from null to FOLLOWER at term 0 for startAsFollower
2019-09-04 03:20:18,195 [pool-181-thread-1] INFO  impl.RoleInfo (RoleInfo.java:updateAndGet(143)) - 3bf639f6-5176-4655-a6a8-540014321443: start FollowerState
2019-09-04 03:20:18,196 [pool-181-thread-1] INFO  util.JmxRegister (JmxRegister.java:tryRegister(44)) - Successfully registered JMX Bean with object name Ratis:service=RaftServer,group=group-BC7EC6C0BAA3,id=3bf639f6-5176-4655-a6a8-540014321443
2019-09-04 03:20:18,199 [RatisPipelineUtilsThread] INFO  pipeline.PipelineStateManager (PipelineStateManager.java:addPipeline(56)) - Created pipeline Pipeline[ Id: 065bb3eb-eeb2-42fc-ab98-bc7ec6c0baa3, Nodes: 3bf639f6-5176-4655-a6a8-540014321443{ip: 192.168.69.105, host: pr-hdds-1571-zhvv9-3536733312, networkLocation: /default-rack, certSerialId: null}5874772f-8d83-4395-aefd-8b53e7bb01f4{ip: 192.168.69.105, host: pr-hdds-1571-zhvv9-3536733312, networkLocation: /default-rack, certSerialId: null}50a57ad1-8537-401a-9ef5-5731af50f432{ip: 192.168.69.105, host: pr-hdds-1571-zhvv9-3536733312, networkLocation: /default-rack, certSerialId: null}, Type:RATIS, Factor:THREE, State:OPEN]
2019-09-04 03:20:18,266 [main] INFO  ozone.MiniOzoneClusterImpl (MiniOzoneClusterImpl.java:lambda$waitForClusterToBeReady$0(142)) - Waiting for cluster to be ready. Got 6 of 7 DN Heartbeats.
2019-09-04 03:20:18,267 [IPC Server handler 16 on 33729] INFO  net.NetworkTopology (NetworkTopologyImpl.java:add(110)) - Added a new node: /default-rack/6b521d90-43c4-4267-a955-3154b8383673
2019-09-04 03:20:18,267 [IPC Server handler 16 on 33729] INFO  node.SCMNodeManager (SCMNodeManager.java:register(273)) - Registered Data node : 6b521d90-43c4-4267-a955-3154b8383673{ip: 192.168.69.105, host: pr-hdds-1571-zhvv9-3536733312, networkLocation: /default-rack, certSerialId: null}
2019-09-04 03:20:18,267 | INFO  | SCMAudit | user=jenkins1000 | ip=192.168.69.105 | op=REGISTER {datanodeDetails=6b521d90-43c4-4267-a955-3154b8383673{ip: 192.168.69.105, host: pr-hdds-1571-zhvv9-3536733312, networkLocation: /default-rack, certSerialId: null}} | ret=SUCCESS |  
2019-09-04 03:20:18,277 [grpc-default-executor-0] INFO  impl.RaftServerProxy (RaftServerProxy.java:addNew(89)) - 6b521d90-43c4-4267-a955-3154b8383673: addNew group-E2D9443C4EFD:[6b521d90-43c4-4267-a955-3154b8383673:192.168.69.105:44494] returns group-E2D9443C4EFD:java.util.concurrent.CompletableFuture@1cd640b3[Not completed]
2019-09-04 03:20:18,278 [pool-192-thread-1] INFO  impl.RaftServerImpl (RaftServerImpl.java:<init>(93)) - 6b521d90-43c4-4267-a955-3154b8383673: new RaftServerImpl for group-E2D9443C4EFD:[6b521d90-43c4-4267-a955-3154b8383673:192.168.69.105:44494] with ContainerStateMachine:uninitialized
2019-09-04 03:20:18,278 [pool-192-thread-1] INFO  server.RaftServerConfigKeys (ConfUtils.java:logGet(43)) - raft.server.rpc.timeout.min = 5s (custom)
2019-09-04 03:20:18,278 [pool-192-thread-1] INFO  server.RaftServerConfigKeys (ConfUtils.java:logGet(43)) - raft.server.rpc.timeout.max = 5200ms (custom)
2019-09-04 03:20:18,278 [pool-192-thread-1] INFO  server.RaftServerConfigKeys (ConfUtils.java:logGet(43)) - raft.server.rpcslowness.timeout = 120s (custom)
2019-09-04 03:20:18,278 [pool-192-thread-1] INFO  server.RaftServerConfigKeys (ConfUtils.java:logGet(43)) - raft.server.sleep.deviation.threshold = 300 (default)
2019-09-04 03:20:18,279 [pool-192-thread-1] INFO  server.RaftServerConfigKeys (ConfUtils.java:logGet(43)) - raft.server.log.appender.install.snapshot.enabled = false (custom)
2019-09-04 03:20:18,279 [pool-192-thread-1] INFO  impl.RaftServerImpl (ServerState.java:<init>(105)) - 6b521d90-43c4-4267-a955-3154b8383673:group-E2D9443C4EFD ConfigurationManager, init=-1: [6b521d90-43c4-4267-a955-3154b8383673:192.168.69.105:44494], old=null, confs=<EMPTY_MAP>
2019-09-04 03:20:18,279 [pool-192-thread-1] INFO  server.RaftServerConfigKeys (ConfUtils.java:logGet(43)) - raft.server.storage.dir = [/workdir/hadoop-ozone/integration-test/target/test-dir/MiniOzoneClusterImpl-73aa9163-49e3-40ac-b180-0c4b940e9410/datanode-6/data/ratis] (custom)
2019-09-04 03:20:18,279 [pool-192-thread-1] INFO  storage.RaftStorageDirectory (RaftStorageDirectory.java:analyzeStorage(246)) - The storage directory /workdir/hadoop-ozone/integration-test/target/test-dir/MiniOzoneClusterImpl-73aa9163-49e3-40ac-b180-0c4b940e9410/datanode-6/data/ratis/e5e33504-44b1-4d6d-99e5-e2d9443c4efd does not exist. Creating ...
2019-09-04 03:20:18,290 [pool-192-thread-1] INFO  storage.RaftStorageDirectory (RaftStorageDirectory.java:tryLock(328)) - Lock on /workdir/hadoop-ozone/integration-test/target/test-dir/MiniOzoneClusterImpl-73aa9163-49e3-40ac-b180-0c4b940e9410/datanode-6/data/ratis/e5e33504-44b1-4d6d-99e5-e2d9443c4efd/in_use.lock acquired by nodename 6855@pr-hdds-1571-zhvv9-3536733312
2019-09-04 03:20:18,310 [pool-192-thread-1] INFO  storage.RaftStorage (RaftStorage.java:format(72)) - Storage directory /workdir/hadoop-ozone/integration-test/target/test-dir/MiniOzoneClusterImpl-73aa9163-49e3-40ac-b180-0c4b940e9410/datanode-6/data/ratis/e5e33504-44b1-4d6d-99e5-e2d9443c4efd has been successfully formatted.
2019-09-04 03:20:18,311 [pool-192-thread-1] INFO  ratis.ContainerStateMachine (ContainerStateMachine.java:loadSnapshot(226)) - group-E2D9443C4EFD: The snapshot info is null. Setting the last applied indexto:(t:0, i:~)
2019-09-04 03:20:18,311 [pool-192-thread-1] INFO  server.RaftServerConfigKeys (ConfUtils.java:logGet(43)) - raft.server.leader.election.timeout = 120s (custom)
2019-09-04 03:20:18,311 [pool-192-thread-1] INFO  server.RaftServerConfigKeys (ConfUtils.java:logGet(43)) - raft.server.log.use.memory = false (default)
2019-09-04 03:20:18,311 [pool-192-thread-1] INFO  server.RaftServerConfigKeys (ConfUtils.java:logGet(43)) - raft.server.log.purge.gap = 1000000 (custom)
2019-09-04 03:20:18,311 [pool-192-thread-1] INFO  server.RaftServerConfigKeys (ConfUtils.java:logGet(43)) - raft.server.log.appender.buffer.byte-limit = 33554432 (custom)
2019-09-04 03:20:18,311 [pool-192-thread-1] INFO  server.RaftServerConfigKeys (ConfUtils.java:logGet(43)) - raft.server.log.segment.size.max = 1048576 (custom)
2019-09-04 03:20:18,312 [pool-192-thread-1] INFO  server.RaftServerConfigKeys (ConfUtils.java:logGet(43)) - raft.server.log.segment.cache.num.max = 2 (custom)
2019-09-04 03:20:18,312 [pool-192-thread-1] INFO  segmented.SegmentedRaftLogWorker (SegmentedRaftLogWorker.java:<init>(172)) - new 6b521d90-43c4-4267-a955-3154b8383673-SegmentedRaftLogWorker:Storage Directory /workdir/hadoop-ozone/integration-test/target/test-dir/MiniOzoneClusterImpl-73aa9163-49e3-40ac-b180-0c4b940e9410/datanode-6/data/ratis/e5e33504-44b1-4d6d-99e5-e2d9443c4efd for RaftStorage:Storage Directory /workdir/hadoop-ozone/integration-test/target/test-dir/MiniOzoneClusterImpl-73aa9163-49e3-40ac-b180-0c4b940e9410/datanode-6/data/ratis/e5e33504-44b1-4d6d-99e5-e2d9443c4efd
2019-09-04 03:20:18,312 [pool-192-thread-1] INFO  server.RaftServerConfigKeys (ConfUtils.java:logGet(43)) - raft.server.log.queue.byte-limit = 2147483647 (custom)
2019-09-04 03:20:18,312 [pool-192-thread-1] INFO  server.RaftServerConfigKeys (ConfUtils.java:logGet(43)) - raft.server.log.queue.element-limit = 1024 (custom)
2019-09-04 03:20:18,312 [pool-192-thread-1] INFO  server.RaftServerConfigKeys (ConfUtils.java:logGet(43)) - raft.server.log.segment.size.max = 1048576 (custom)
2019-09-04 03:20:18,312 [pool-192-thread-1] INFO  server.RaftServerConfigKeys (ConfUtils.java:logGet(43)) - raft.server.log.preallocated.size = 16384 (custom)
2019-09-04 03:20:18,313 [pool-192-thread-1] INFO  server.RaftServerConfigKeys (ConfUtils.java:logGet(43)) - raft.server.log.write.buffer.size = 33554432 (custom)
2019-09-04 03:20:18,313 [pool-192-thread-1] INFO  server.RaftServerConfigKeys (ConfUtils.java:logGet(43)) - raft.server.log.force.sync.num = 128 (default)
2019-09-04 03:20:18,313 [pool-192-thread-1] INFO  server.RaftServerConfigKeys (ConfUtils.java:logGet(43)) - raft.server.log.statemachine.data.sync = true (default)
2019-09-04 03:20:18,313 [pool-192-thread-1] INFO  server.RaftServerConfigKeys (ConfUtils.java:logGet(43)) - raft.server.log.statemachine.data.sync.timeout = 10s (default)
2019-09-04 03:20:18,313 [pool-192-thread-1] INFO  server.RaftServerConfigKeys (ConfUtils.java:logGet(43)) - raft.server.log.statemachine.data.sync.timeout.retry = -1 (default)
2019-09-04 03:20:18,313 [pool-192-thread-1] INFO  server.RaftServerConfigKeys (ConfUtils.java:logGet(43)) - raft.server.log.statemachine.data.caching.enabled = true (custom)
2019-09-04 03:20:18,314 [pool-192-thread-1] INFO  segmented.SegmentedRaftLogWorker (SegmentedRaftLogWorker.java:lambda$new$0(132)) - 6b521d90-43c4-4267-a955-3154b8383673-SegmentedRaftLogWorker:Storage Directory /workdir/hadoop-ozone/integration-test/target/test-dir/MiniOzoneClusterImpl-73aa9163-49e3-40ac-b180-0c4b940e9410/datanode-6/data/ratis/e5e33504-44b1-4d6d-99e5-e2d9443c4efd: flushIndex: setUnconditionally 0 -> -1
2019-09-04 03:20:18,314 [pool-192-thread-1] INFO  server.RaftServerConfigKeys (ConfUtils.java:logGet(43)) - raft.server.snapshot.auto.trigger.enabled = true (custom)
2019-09-04 03:20:18,314 [pool-192-thread-1] INFO  server.RaftServerConfigKeys (ConfUtils.java:logGet(43)) - raft.server.snapshot.auto.trigger.threshold = 10000 (custom)
2019-09-04 03:20:18,314 [pool-192-thread-1] INFO  server.RaftServerConfigKeys (ConfUtils.java:logGet(43)) - raft.server.retrycache.expirytime = 600000ms (custom)
2019-09-04 03:20:18,314 [pool-192-thread-1] INFO  impl.RaftServerImpl (RaftServerImpl.java:start(180)) - 6b521d90-43c4-4267-a955-3154b8383673: start group-E2D9443C4EFD
2019-09-04 03:20:18,314 [pool-192-thread-1] INFO  impl.RaftServerImpl (RaftServerImpl.java:setRole(171)) - 6b521d90-43c4-4267-a955-3154b8383673:group-E2D9443C4EFD changes role from null to FOLLOWER at term 0 for startAsFollower
2019-09-04 03:20:18,315 [pool-192-thread-1] INFO  impl.RoleInfo (RoleInfo.java:updateAndGet(143)) - 6b521d90-43c4-4267-a955-3154b8383673: start FollowerState
2019-09-04 03:20:18,315 [pool-192-thread-1] INFO  util.JmxRegister (JmxRegister.java:tryRegister(44)) - Successfully registered JMX Bean with object name Ratis:service=RaftServer,group=group-E2D9443C4EFD,id=6b521d90-43c4-4267-a955-3154b8383673
2019-09-04 03:20:18,318 [RatisPipelineUtilsThread] INFO  pipeline.PipelineStateManager (PipelineStateManager.java:addPipeline(56)) - Created pipeline Pipeline[ Id: e5e33504-44b1-4d6d-99e5-e2d9443c4efd, Nodes: 6b521d90-43c4-4267-a955-3154b8383673{ip: 192.168.69.105, host: pr-hdds-1571-zhvv9-3536733312, networkLocation: /default-rack, certSerialId: null}, Type:RATIS, Factor:ONE, State:OPEN]
2019-09-04 03:20:18,586 | INFO  | SCMAudit | user=jenkins1000 | ip=192.168.69.105 | op=SEND_HEARTBEAT {datanodeUUID=3895fe08-5e04-46ac-ae6d-2b942b921927, command=[]} | ret=SUCCESS |  
2019-09-04 03:20:18,800 | INFO  | SCMAudit | user=jenkins1000 | ip=192.168.69.105 | op=SEND_HEARTBEAT {datanodeUUID=524a4774-666f-452c-9a20-e87fa1e4f616, command=[]} | ret=SUCCESS |  
2019-09-04 03:20:19,034 | INFO  | SCMAudit | user=jenkins1000 | ip=192.168.69.105 | op=SEND_HEARTBEAT {datanodeUUID=84f9c2c4-73f2-4ad7-b9a8-3f333e5b0e84, command=[]} | ret=SUCCESS |  
2019-09-04 03:20:19,267 [main] INFO  ozone.MiniOzoneClusterImpl (MiniOzoneClusterImpl.java:lambda$waitForClusterToBeReady$0(142)) - Cluster is ready. Got 7 of 7 DN Heartbeats.
2019-09-04 03:20:19,280 | INFO  | SCMAudit | user=jenkins1000 | ip=192.168.69.105 | op=SEND_HEARTBEAT {datanodeUUID=50a57ad1-8537-401a-9ef5-5731af50f432, command=[]} | ret=SUCCESS |  
2019-09-04 03:20:19,313 [main] INFO  rpc.RpcClient (RpcClient.java:createVolume(293)) - Creating Volume: testblockoutputstreamwithretries, with jenkins1000 as owner.
2019-09-04 03:20:19,317 | INFO  | OMAudit | user=jenkins1000 | ip=127.0.0.1 | op=CREATE_VOLUME {admin=jenkins1000, owner=jenkins1000, volume=testblockoutputstreamwithretries, creationTime=1567567219316, quotaInBytes=1152921504606846976} | ret=SUCCESS |  
2019-09-04 03:20:19,330 | INFO  | OMAudit | user=jenkins1000 | ip=127.0.0.1 | op=READ_VOLUME {volume=testblockoutputstreamwithretries} | ret=SUCCESS |  
2019-09-04 03:20:19,331 [main] INFO  rpc.RpcClient (RpcClient.java:createBucket(432)) - Creating Bucket: testblockoutputstreamwithretries/testblockoutputstreamwithretries, with Versioning false and Storage Type set to DISK and Encryption set to false 
2019-09-04 03:20:19,336 | INFO  | OMAudit | user=jenkins1000 | ip=127.0.0.1 | op=CREATE_BUCKET {volume=testblockoutputstreamwithretries, bucket=testblockoutputstreamwithretries, acls=[user:jenkins1000:a[ACCESS], group:default:a[ACCESS]], isVersionEnabled=false, storageType=DISK, creationTime=0} | ret=SUCCESS |  
2019-09-04 03:20:19,338 | INFO  | OMAudit | user=jenkins1000 | ip=127.0.0.1 | op=READ_VOLUME {volume=testblockoutputstreamwithretries} | ret=SUCCESS |  
2019-09-04 03:20:19,339 | INFO  | OMAudit | user=jenkins1000 | ip=127.0.0.1 | op=READ_BUCKET {volume=testblockoutputstreamwithretries, bucket=testblockoutputstreamwithretries} | ret=SUCCESS |  
2019-09-04 03:20:19,346 | INFO  | SCMAudit | user=jenkins1000 | ip=192.168.69.105 | op=ALLOCATE_BLOCK {owner=c2093ab1-ff41-48ac-946b-f146ff94d79e, size=800, type=RATIS, factor=THREE} | ret=SUCCESS |  
2019-09-04 03:20:19,349 | INFO  | OMAudit | user=jenkins1000 | ip=127.0.0.1 | op=ALLOCATE_KEY {volume=testblockoutputstreamwithretries, bucket=testblockoutputstreamwithretries, key=794eb1a3-14eb-4351-9666-da5bd6d59bff, dataSize=3200, replicationType=RATIS, replicationFactor=THREE, keyLocationInfo=null} | ret=SUCCESS |  
2019-09-04 03:20:19,366 [grpc-default-executor-4] INFO  client.GrpcClientProtocolClient (GrpcClientProtocolClient.java:onNext(255)) - client-81D3A7E5B111->524a4774-666f-452c-9a20-e87fa1e4f616: receive RaftClientReply:client-81D3A7E5B111->524a4774-666f-452c-9a20-e87fa1e4f616@group-002EB6C1B0CF, cid=42, FAILED org.apache.ratis.protocol.NotLeaderException: Server 524a4774-666f-452c-9a20-e87fa1e4f616 is not the leader (null). Request must be sent to leader., logIndex=0, commits[524a4774-666f-452c-9a20-e87fa1e4f616:c-1]
2019-09-04 03:20:19,586 | INFO  | SCMAudit | user=jenkins1000 | ip=192.168.69.105 | op=SEND_HEARTBEAT {datanodeUUID=3895fe08-5e04-46ac-ae6d-2b942b921927, command=[]} | ret=SUCCESS |  
2019-09-04 03:20:19,599 [Thread-737] INFO  container.ReplicationManager (ReplicationManager.java:start(151)) - Starting Replication Monitor Thread.
2019-09-04 03:20:19,604 [ReplicationMonitor] INFO  container.ReplicationManager (ReplicationManager.java:run(214)) - Replication Monitor Thread took 1 milliseconds for processing 3 containers.
2019-09-04 03:20:19,790 | INFO  | SCMAudit | user=jenkins1000 | ip=192.168.69.105 | op=SEND_HEARTBEAT {datanodeUUID=5874772f-8d83-4395-aefd-8b53e7bb01f4, command=[]} | ret=SUCCESS |  
2019-09-04 03:20:19,800 | INFO  | SCMAudit | user=jenkins1000 | ip=192.168.69.105 | op=SEND_HEARTBEAT {datanodeUUID=524a4774-666f-452c-9a20-e87fa1e4f616, command=[]} | ret=SUCCESS |  
2019-09-04 03:20:20,014 | INFO  | SCMAudit | user=jenkins1000 | ip=192.168.69.105 | op=SEND_HEARTBEAT {datanodeUUID=3bf639f6-5176-4655-a6a8-540014321443, command=[]} | ret=SUCCESS |  
2019-09-04 03:20:20,034 | INFO  | SCMAudit | user=jenkins1000 | ip=192.168.69.105 | op=SEND_HEARTBEAT {datanodeUUID=84f9c2c4-73f2-4ad7-b9a8-3f333e5b0e84, command=[]} | ret=SUCCESS |  
2019-09-04 03:20:20,266 | INFO  | SCMAudit | user=jenkins1000 | ip=192.168.69.105 | op=SEND_HEARTBEAT {datanodeUUID=6b521d90-43c4-4267-a955-3154b8383673, command=[]} | ret=SUCCESS |  
2019-09-04 03:20:20,277 | INFO  | SCMAudit | user=jenkins1000 | ip=192.168.69.105 | op=SEND_HEARTBEAT {datanodeUUID=50a57ad1-8537-401a-9ef5-5731af50f432, command=[]} | ret=SUCCESS |  
2019-09-04 03:20:20,405 [grpc-default-executor-0] INFO  client.GrpcClientProtocolClient (GrpcClientProtocolClient.java:onNext(255)) - client-81D3A7E5B111->84f9c2c4-73f2-4ad7-b9a8-3f333e5b0e84: receive RaftClientReply:client-81D3A7E5B111->84f9c2c4-73f2-4ad7-b9a8-3f333e5b0e84@group-002EB6C1B0CF, cid=42, FAILED org.apache.ratis.protocol.NotLeaderException: Server 84f9c2c4-73f2-4ad7-b9a8-3f333e5b0e84 is not the leader (null). Request must be sent to leader., logIndex=0, commits[84f9c2c4-73f2-4ad7-b9a8-3f333e5b0e84:c-1]
2019-09-04 03:20:20,586 | INFO  | SCMAudit | user=jenkins1000 | ip=192.168.69.105 | op=SEND_HEARTBEAT {datanodeUUID=3895fe08-5e04-46ac-ae6d-2b942b921927, command=[]} | ret=SUCCESS |  
2019-09-04 03:20:20,790 | INFO  | SCMAudit | user=jenkins1000 | ip=192.168.69.105 | op=SEND_HEARTBEAT {datanodeUUID=5874772f-8d83-4395-aefd-8b53e7bb01f4, command=[]} | ret=SUCCESS |  
2019-09-04 03:20:20,800 | INFO  | SCMAudit | user=jenkins1000 | ip=192.168.69.105 | op=SEND_HEARTBEAT {datanodeUUID=524a4774-666f-452c-9a20-e87fa1e4f616, command=[]} | ret=SUCCESS |  
2019-09-04 03:20:21,013 | INFO  | SCMAudit | user=jenkins1000 | ip=192.168.69.105 | op=SEND_HEARTBEAT {datanodeUUID=3bf639f6-5176-4655-a6a8-540014321443, command=[]} | ret=SUCCESS |  
2019-09-04 03:20:21,034 | INFO  | SCMAudit | user=jenkins1000 | ip=192.168.69.105 | op=SEND_HEARTBEAT {datanodeUUID=84f9c2c4-73f2-4ad7-b9a8-3f333e5b0e84, command=[]} | ret=SUCCESS |  
2019-09-04 03:20:21,266 | INFO  | SCMAudit | user=jenkins1000 | ip=192.168.69.105 | op=SEND_HEARTBEAT {datanodeUUID=6b521d90-43c4-4267-a955-3154b8383673, command=[]} | ret=SUCCESS |  
2019-09-04 03:20:21,277 | INFO  | SCMAudit | user=jenkins1000 | ip=192.168.69.105 | op=SEND_HEARTBEAT {datanodeUUID=50a57ad1-8537-401a-9ef5-5731af50f432, command=[]} | ret=SUCCESS |  
2019-09-04 03:20:21,425 [grpc-default-executor-4] INFO  client.GrpcClientProtocolClient (GrpcClientProtocolClient.java:onNext(255)) - client-81D3A7E5B111->524a4774-666f-452c-9a20-e87fa1e4f616: receive RaftClientReply:client-81D3A7E5B111->524a4774-666f-452c-9a20-e87fa1e4f616@group-002EB6C1B0CF, cid=42, FAILED org.apache.ratis.protocol.NotLeaderException: Server 524a4774-666f-452c-9a20-e87fa1e4f616 is not the leader (null). Request must be sent to leader., logIndex=0, commits[524a4774-666f-452c-9a20-e87fa1e4f616:c-1]
2019-09-04 03:20:21,586 | INFO  | SCMAudit | user=jenkins1000 | ip=192.168.69.105 | op=SEND_HEARTBEAT {datanodeUUID=3895fe08-5e04-46ac-ae6d-2b942b921927, command=[]} | ret=SUCCESS |  
2019-09-04 03:20:21,675 [Thread-739] INFO  impl.FollowerState (FollowerState.java:run(106)) - 3895fe08-5e04-46ac-ae6d-2b942b921927:group-D4A7FB87161D changes to CANDIDATE, lastRpcTime:5015, electionTimeout:5015ms
2019-09-04 03:20:21,676 [Thread-739] INFO  impl.RoleInfo (RoleInfo.java:shutdownFollowerState(121)) - 3895fe08-5e04-46ac-ae6d-2b942b921927: shutdown FollowerState
2019-09-04 03:20:21,676 [Thread-739] INFO  impl.RaftServerImpl (RaftServerImpl.java:setRole(171)) - 3895fe08-5e04-46ac-ae6d-2b942b921927:group-D4A7FB87161D changes role from FOLLOWER to CANDIDATE at term 0 for changeToCandidate
2019-09-04 03:20:21,676 [Thread-739] INFO  impl.RoleInfo (RoleInfo.java:updateAndGet(143)) - 3895fe08-5e04-46ac-ae6d-2b942b921927: start LeaderElection
2019-09-04 03:20:21,710 [3895fe08-5e04-46ac-ae6d-2b942b921927:group-D4A7FB87161D:LeaderElection17] INFO  impl.LeaderElection (LeaderElection.java:askForVotes(181)) - 3895fe08-5e04-46ac-ae6d-2b942b921927:group-D4A7FB87161D:LeaderElection17: begin an election at term 1 for -1: [3895fe08-5e04-46ac-ae6d-2b942b921927:192.168.69.105:44785], old=null
2019-09-04 03:20:21,710 [3895fe08-5e04-46ac-ae6d-2b942b921927:group-D4A7FB87161D:LeaderElection17] INFO  impl.RoleInfo (RoleInfo.java:shutdownLeaderElection(134)) - 3895fe08-5e04-46ac-ae6d-2b942b921927: shutdown LeaderElection
2019-09-04 03:20:21,710 [3895fe08-5e04-46ac-ae6d-2b942b921927:group-D4A7FB87161D:LeaderElection17] INFO  impl.RaftServerImpl (RaftServerImpl.java:setRole(171)) - 3895fe08-5e04-46ac-ae6d-2b942b921927:group-D4A7FB87161D changes role from CANDIDATE to LEADER at term 1 for changeToLeader
2019-09-04 03:20:21,710 [3895fe08-5e04-46ac-ae6d-2b942b921927:group-D4A7FB87161D:LeaderElection17] INFO  impl.RaftServerImpl (ServerState.java:setLeader(263)) - 3895fe08-5e04-46ac-ae6d-2b942b921927:group-D4A7FB87161D change Leader from null to 3895fe08-5e04-46ac-ae6d-2b942b921927 at term 1 for becomeLeader, leader elected after 5056ms
2019-09-04 03:20:21,710 [3895fe08-5e04-46ac-ae6d-2b942b921927:group-D4A7FB87161D:LeaderElection17] INFO  server.RaftServerConfigKeys (ConfUtils.java:logGet(43)) - raft.server.staging.catchup.gap = 1000 (default)
2019-09-04 03:20:21,711 [3895fe08-5e04-46ac-ae6d-2b942b921927:group-D4A7FB87161D:LeaderElection17] INFO  server.RaftServerConfigKeys (ConfUtils.java:logGet(43)) - raft.server.rpc.sleep.time = 25ms (default)
2019-09-04 03:20:21,711 [3895fe08-5e04-46ac-ae6d-2b942b921927:group-D4A7FB87161D:LeaderElection17] INFO  server.RaftServerConfigKeys (ConfUtils.java:logGet(43)) - raft.server.write.element-limit = 4096 (default)
2019-09-04 03:20:21,711 [3895fe08-5e04-46ac-ae6d-2b942b921927:group-D4A7FB87161D:LeaderElection17] INFO  server.RaftServerConfigKeys (ConfUtils.java:logGet(43)) - raft.server.watch.timeout = 10s (default)
2019-09-04 03:20:21,711 [3895fe08-5e04-46ac-ae6d-2b942b921927:group-D4A7FB87161D:LeaderElection17] INFO  server.RaftServerConfigKeys (ConfUtils.java:logGet(43)) - raft.server.watch.timeout.denomination = 1s (default)
2019-09-04 03:20:21,711 [3895fe08-5e04-46ac-ae6d-2b942b921927:group-D4A7FB87161D:LeaderElection17] INFO  server.RaftServerConfigKeys (ConfUtils.java:logGet(43)) - raft.server.watch.element-limit = 65536 (default)
2019-09-04 03:20:21,711 [3895fe08-5e04-46ac-ae6d-2b942b921927:group-D4A7FB87161D:LeaderElection17] INFO  impl.RoleInfo (RoleInfo.java:updateAndGet(143)) - 3895fe08-5e04-46ac-ae6d-2b942b921927: start LeaderState
2019-09-04 03:20:21,712 [3895fe08-5e04-46ac-ae6d-2b942b921927:group-D4A7FB87161D:LeaderElection17] INFO  segmented.SegmentedRaftLogWorker (SegmentedRaftLogWorker.java:startLogSegment(380)) - 3895fe08-5e04-46ac-ae6d-2b942b921927-SegmentedRaftLogWorker:Storage Directory /workdir/hadoop-ozone/integration-test/target/test-dir/MiniOzoneClusterImpl-73aa9163-49e3-40ac-b180-0c4b940e9410/datanode-0/data/ratis/9c84e275-54ca-46f4-ac40-d4a7fb87161d: Starting segment from index:0
2019-09-04 03:20:21,712 [3895fe08-5e04-46ac-ae6d-2b942b921927:group-D4A7FB87161D:LeaderElection17] INFO  impl.RaftServerImpl (ServerState.java:setRaftConf(361)) - 3895fe08-5e04-46ac-ae6d-2b942b921927:group-D4A7FB87161D set configuration 0: [3895fe08-5e04-46ac-ae6d-2b942b921927:192.168.69.105:44785], old=null at 0
2019-09-04 03:20:21,754 [3895fe08-5e04-46ac-ae6d-2b942b921927-SegmentedRaftLogWorker:Storage Directory /workdir/hadoop-ozone/integration-test/target/test-dir/MiniOzoneClusterImpl-73aa9163-49e3-40ac-b180-0c4b940e9410/datanode-0/data/ratis/9c84e275-54ca-46f4-ac40-d4a7fb87161d] INFO  segmented.SegmentedRaftLogWorker (SegmentedRaftLogWorker.java:execute(569)) - 3895fe08-5e04-46ac-ae6d-2b942b921927-SegmentedRaftLogWorker:Storage Directory /workdir/hadoop-ozone/integration-test/target/test-dir/MiniOzoneClusterImpl-73aa9163-49e3-40ac-b180-0c4b940e9410/datanode-0/data/ratis/9c84e275-54ca-46f4-ac40-d4a7fb87161d: created new log segment /workdir/hadoop-ozone/integration-test/target/test-dir/MiniOzoneClusterImpl-73aa9163-49e3-40ac-b180-0c4b940e9410/datanode-0/data/ratis/9c84e275-54ca-46f4-ac40-d4a7fb87161d/current/log_inprogress_0
2019-09-04 03:20:21,790 | INFO  | SCMAudit | user=jenkins1000 | ip=192.168.69.105 | op=SEND_HEARTBEAT {datanodeUUID=5874772f-8d83-4395-aefd-8b53e7bb01f4, command=[]} | ret=SUCCESS |  
2019-09-04 03:20:21,799 | INFO  | SCMAudit | user=jenkins1000 | ip=192.168.69.105 | op=SEND_HEARTBEAT {datanodeUUID=524a4774-666f-452c-9a20-e87fa1e4f616, command=[]} | ret=SUCCESS |  
2019-09-04 03:20:21,918 [Thread-742] INFO  impl.FollowerState (FollowerState.java:run(106)) - 524a4774-666f-452c-9a20-e87fa1e4f616:group-583351B1A201 changes to CANDIDATE, lastRpcTime:5063, electionTimeout:5063ms
2019-09-04 03:20:21,918 [Thread-742] INFO  impl.RoleInfo (RoleInfo.java:shutdownFollowerState(121)) - 524a4774-666f-452c-9a20-e87fa1e4f616: shutdown FollowerState
2019-09-04 03:20:21,918 [Thread-742] INFO  impl.RaftServerImpl (RaftServerImpl.java:setRole(171)) - 524a4774-666f-452c-9a20-e87fa1e4f616:group-583351B1A201 changes role from FOLLOWER to CANDIDATE at term 0 for changeToCandidate
2019-09-04 03:20:21,918 [Thread-742] INFO  impl.RoleInfo (RoleInfo.java:updateAndGet(143)) - 524a4774-666f-452c-9a20-e87fa1e4f616: start LeaderElection
2019-09-04 03:20:21,955 [524a4774-666f-452c-9a20-e87fa1e4f616:group-583351B1A201:LeaderElection18] INFO  impl.LeaderElection (LeaderElection.java:askForVotes(181)) - 524a4774-666f-452c-9a20-e87fa1e4f616:group-583351B1A201:LeaderElection18: begin an election at term 1 for -1: [524a4774-666f-452c-9a20-e87fa1e4f616:192.168.69.105:46000], old=null
2019-09-04 03:20:21,955 [524a4774-666f-452c-9a20-e87fa1e4f616:group-583351B1A201:LeaderElection18] INFO  impl.RoleInfo (RoleInfo.java:shutdownLeaderElection(134)) - 524a4774-666f-452c-9a20-e87fa1e4f616: shutdown LeaderElection
2019-09-04 03:20:21,955 [524a4774-666f-452c-9a20-e87fa1e4f616:group-583351B1A201:LeaderElection18] INFO  impl.RaftServerImpl (RaftServerImpl.java:setRole(171)) - 524a4774-666f-452c-9a20-e87fa1e4f616:group-583351B1A201 changes role from CANDIDATE to LEADER at term 1 for changeToLeader
2019-09-04 03:20:21,955 [524a4774-666f-452c-9a20-e87fa1e4f616:group-583351B1A201:LeaderElection18] INFO  impl.RaftServerImpl (ServerState.java:setLeader(263)) - 524a4774-666f-452c-9a20-e87fa1e4f616:group-583351B1A201 change Leader from null to 524a4774-666f-452c-9a20-e87fa1e4f616 at term 1 for becomeLeader, leader elected after 5107ms
2019-09-04 03:20:21,955 [524a4774-666f-452c-9a20-e87fa1e4f616:group-583351B1A201:LeaderElection18] INFO  server.RaftServerConfigKeys (ConfUtils.java:logGet(43)) - raft.server.staging.catchup.gap = 1000 (default)
2019-09-04 03:20:21,956 [524a4774-666f-452c-9a20-e87fa1e4f616:group-583351B1A201:LeaderElection18] INFO  server.RaftServerConfigKeys (ConfUtils.java:logGet(43)) - raft.server.rpc.sleep.time = 25ms (default)
2019-09-04 03:20:21,956 [524a4774-666f-452c-9a20-e87fa1e4f616:group-583351B1A201:LeaderElection18] INFO  server.RaftServerConfigKeys (ConfUtils.java:logGet(43)) - raft.server.write.element-limit = 4096 (default)
2019-09-04 03:20:21,956 [524a4774-666f-452c-9a20-e87fa1e4f616:group-583351B1A201:LeaderElection18] INFO  server.RaftServerConfigKeys (ConfUtils.java:logGet(43)) - raft.server.watch.timeout = 10s (default)
2019-09-04 03:20:21,956 [524a4774-666f-452c-9a20-e87fa1e4f616:group-583351B1A201:LeaderElection18] INFO  server.RaftServerConfigKeys (ConfUtils.java:logGet(43)) - raft.server.watch.timeout.denomination = 1s (default)
2019-09-04 03:20:21,956 [524a4774-666f-452c-9a20-e87fa1e4f616:group-583351B1A201:LeaderElection18] INFO  server.RaftServerConfigKeys (ConfUtils.java:logGet(43)) - raft.server.watch.element-limit = 65536 (default)
2019-09-04 03:20:21,957 [524a4774-666f-452c-9a20-e87fa1e4f616:group-583351B1A201:LeaderElection18] INFO  impl.RoleInfo (RoleInfo.java:updateAndGet(143)) - 524a4774-666f-452c-9a20-e87fa1e4f616: start LeaderState
2019-09-04 03:20:21,957 [524a4774-666f-452c-9a20-e87fa1e4f616:group-583351B1A201:LeaderElection18] INFO  segmented.SegmentedRaftLogWorker (SegmentedRaftLogWorker.java:startLogSegment(380)) - 524a4774-666f-452c-9a20-e87fa1e4f616-SegmentedRaftLogWorker:Storage Directory /workdir/hadoop-ozone/integration-test/target/test-dir/MiniOzoneClusterImpl-73aa9163-49e3-40ac-b180-0c4b940e9410/datanode-1/data/ratis/b75331bf-4215-4568-8088-583351b1a201: Starting segment from index:0
2019-09-04 03:20:21,958 [524a4774-666f-452c-9a20-e87fa1e4f616:group-583351B1A201:LeaderElection18] INFO  impl.RaftServerImpl (ServerState.java:setRaftConf(361)) - 524a4774-666f-452c-9a20-e87fa1e4f616:group-583351B1A201 set configuration 0: [524a4774-666f-452c-9a20-e87fa1e4f616:192.168.69.105:46000], old=null at 0
2019-09-04 03:20:22,013 | INFO  | SCMAudit | user=jenkins1000 | ip=192.168.69.105 | op=SEND_HEARTBEAT {datanodeUUID=3bf639f6-5176-4655-a6a8-540014321443, command=[]} | ret=SUCCESS |  
2019-09-04 03:20:22,024 [524a4774-666f-452c-9a20-e87fa1e4f616-SegmentedRaftLogWorker:Storage Directory /workdir/hadoop-ozone/integration-test/target/test-dir/MiniOzoneClusterImpl-73aa9163-49e3-40ac-b180-0c4b940e9410/datanode-1/data/ratis/b75331bf-4215-4568-8088-583351b1a201] INFO  segmented.SegmentedRaftLogWorker (SegmentedRaftLogWorker.java:execute(569)) - 524a4774-666f-452c-9a20-e87fa1e4f616-SegmentedRaftLogWorker:Storage Directory /workdir/hadoop-ozone/integration-test/target/test-dir/MiniOzoneClusterImpl-73aa9163-49e3-40ac-b180-0c4b940e9410/datanode-1/data/ratis/b75331bf-4215-4568-8088-583351b1a201: created new log segment /workdir/hadoop-ozone/integration-test/target/test-dir/MiniOzoneClusterImpl-73aa9163-49e3-40ac-b180-0c4b940e9410/datanode-1/data/ratis/b75331bf-4215-4568-8088-583351b1a201/current/log_inprogress_0
2019-09-04 03:20:22,033 | INFO  | SCMAudit | user=jenkins1000 | ip=192.168.69.105 | op=SEND_HEARTBEAT {datanodeUUID=84f9c2c4-73f2-4ad7-b9a8-3f333e5b0e84, command=[]} | ret=SUCCESS |  
2019-09-04 03:20:22,221 [Thread-750] INFO  impl.FollowerState (FollowerState.java:run(106)) - 3895fe08-5e04-46ac-ae6d-2b942b921927:group-002EB6C1B0CF changes to CANDIDATE, lastRpcTime:5032, electionTimeout:5032ms
2019-09-04 03:20:22,222 [Thread-750] INFO  impl.RoleInfo (RoleInfo.java:shutdownFollowerState(121)) - 3895fe08-5e04-46ac-ae6d-2b942b921927: shutdown FollowerState
2019-09-04 03:20:22,222 [Thread-750] INFO  impl.RaftServerImpl (RaftServerImpl.java:setRole(171)) - 3895fe08-5e04-46ac-ae6d-2b942b921927:group-002EB6C1B0CF changes role from FOLLOWER to CANDIDATE at term 0 for changeToCandidate
2019-09-04 03:20:22,222 [Thread-750] INFO  impl.RoleInfo (RoleInfo.java:updateAndGet(143)) - 3895fe08-5e04-46ac-ae6d-2b942b921927: start LeaderElection
2019-09-04 03:20:22,244 [3895fe08-5e04-46ac-ae6d-2b942b921927:group-002EB6C1B0CF:LeaderElection19] INFO  impl.LeaderElection (LeaderElection.java:askForVotes(181)) - 3895fe08-5e04-46ac-ae6d-2b942b921927:group-002EB6C1B0CF:LeaderElection19: begin an election at term 1 for -1: [3895fe08-5e04-46ac-ae6d-2b942b921927:192.168.69.105:44785, 524a4774-666f-452c-9a20-e87fa1e4f616:192.168.69.105:46000, 84f9c2c4-73f2-4ad7-b9a8-3f333e5b0e84:192.168.69.105:36524], old=null
2019-09-04 03:20:22,247 [Thread-745] INFO  impl.FollowerState (FollowerState.java:run(106)) - 84f9c2c4-73f2-4ad7-b9a8-3f333e5b0e84:group-763B7704BD09 changes to CANDIDATE, lastRpcTime:5139, electionTimeout:5139ms
2019-09-04 03:20:22,248 [Thread-745] INFO  impl.RoleInfo (RoleInfo.java:shutdownFollowerState(121)) - 84f9c2c4-73f2-4ad7-b9a8-3f333e5b0e84: shutdown FollowerState
2019-09-04 03:20:22,248 [Thread-745] INFO  impl.RaftServerImpl (RaftServerImpl.java:setRole(171)) - 84f9c2c4-73f2-4ad7-b9a8-3f333e5b0e84:group-763B7704BD09 changes role from FOLLOWER to CANDIDATE at term 0 for changeToCandidate
2019-09-04 03:20:22,248 [Thread-745] INFO  impl.RoleInfo (RoleInfo.java:updateAndGet(143)) - 84f9c2c4-73f2-4ad7-b9a8-3f333e5b0e84: start LeaderElection
2019-09-04 03:20:22,264 [grpc-default-executor-0] INFO  impl.RaftServerImpl (RaftServerImpl.java:setRole(171)) - 84f9c2c4-73f2-4ad7-b9a8-3f333e5b0e84:group-002EB6C1B0CF changes role from FOLLOWER to FOLLOWER at term 1 for recognizeCandidate:3895fe08-5e04-46ac-ae6d-2b942b921927
2019-09-04 03:20:22,264 [grpc-default-executor-4] INFO  impl.RaftServerImpl (RaftServerImpl.java:setRole(171)) - 524a4774-666f-452c-9a20-e87fa1e4f616:group-002EB6C1B0CF changes role from FOLLOWER to FOLLOWER at term 1 for recognizeCandidate:3895fe08-5e04-46ac-ae6d-2b942b921927
2019-09-04 03:20:22,264 [grpc-default-executor-0] INFO  impl.RoleInfo (RoleInfo.java:shutdownFollowerState(121)) - 84f9c2c4-73f2-4ad7-b9a8-3f333e5b0e84: shutdown FollowerState
2019-09-04 03:20:22,264 [grpc-default-executor-4] INFO  impl.RoleInfo (RoleInfo.java:shutdownFollowerState(121)) - 524a4774-666f-452c-9a20-e87fa1e4f616: shutdown FollowerState
2019-09-04 03:20:22,264 [Thread-754] INFO  impl.FollowerState (FollowerState.java:run(114)) - 84f9c2c4-73f2-4ad7-b9a8-3f333e5b0e84: FollowerState was interrupted: java.lang.InterruptedException: sleep interrupted
2019-09-04 03:20:22,264 [grpc-default-executor-0] INFO  impl.RoleInfo (RoleInfo.java:updateAndGet(143)) - 84f9c2c4-73f2-4ad7-b9a8-3f333e5b0e84: start FollowerState
2019-09-04 03:20:22,267 [Thread-749] INFO  impl.FollowerState (FollowerState.java:run(114)) - 524a4774-666f-452c-9a20-e87fa1e4f616: FollowerState was interrupted: java.lang.InterruptedException: sleep interrupted
2019-09-04 03:20:22,265 [grpc-default-executor-4] INFO  impl.RoleInfo (RoleInfo.java:updateAndGet(143)) - 524a4774-666f-452c-9a20-e87fa1e4f616: start FollowerState
2019-09-04 03:20:22,270 | INFO  | SCMAudit | user=jenkins1000 | ip=192.168.69.105 | op=SEND_HEARTBEAT {datanodeUUID=6b521d90-43c4-4267-a955-3154b8383673, command=[]} | ret=SUCCESS |  
2019-09-04 03:20:22,274 [84f9c2c4-73f2-4ad7-b9a8-3f333e5b0e84:group-763B7704BD09:LeaderElection20] INFO  impl.LeaderElection (LeaderElection.java:askForVotes(181)) - 84f9c2c4-73f2-4ad7-b9a8-3f333e5b0e84:group-763B7704BD09:LeaderElection20: begin an election at term 1 for -1: [84f9c2c4-73f2-4ad7-b9a8-3f333e5b0e84:192.168.69.105:36524], old=null
2019-09-04 03:20:22,274 [84f9c2c4-73f2-4ad7-b9a8-3f333e5b0e84:group-763B7704BD09:LeaderElection20] INFO  impl.RoleInfo (RoleInfo.java:shutdownLeaderElection(134)) - 84f9c2c4-73f2-4ad7-b9a8-3f333e5b0e84: shutdown LeaderElection
2019-09-04 03:20:22,274 [84f9c2c4-73f2-4ad7-b9a8-3f333e5b0e84:group-763B7704BD09:LeaderElection20] INFO  impl.RaftServerImpl (RaftServerImpl.java:setRole(171)) - 84f9c2c4-73f2-4ad7-b9a8-3f333e5b0e84:group-763B7704BD09 changes role from CANDIDATE to LEADER at term 1 for changeToLeader
2019-09-04 03:20:22,274 [84f9c2c4-73f2-4ad7-b9a8-3f333e5b0e84:group-763B7704BD09:LeaderElection20] INFO  impl.RaftServerImpl (ServerState.java:setLeader(263)) - 84f9c2c4-73f2-4ad7-b9a8-3f333e5b0e84:group-763B7704BD09 change Leader from null to 84f9c2c4-73f2-4ad7-b9a8-3f333e5b0e84 at term 1 for becomeLeader, leader elected after 5170ms
2019-09-04 03:20:22,274 [84f9c2c4-73f2-4ad7-b9a8-3f333e5b0e84:group-763B7704BD09:LeaderElection20] INFO  server.RaftServerConfigKeys (ConfUtils.java:logGet(43)) - raft.server.staging.catchup.gap = 1000 (default)
2019-09-04 03:20:22,274 [84f9c2c4-73f2-4ad7-b9a8-3f333e5b0e84:group-763B7704BD09:LeaderElection20] INFO  server.RaftServerConfigKeys (ConfUtils.java:logGet(43)) - raft.server.rpc.sleep.time = 25ms (default)
2019-09-04 03:20:22,274 [84f9c2c4-73f2-4ad7-b9a8-3f333e5b0e84:group-763B7704BD09:LeaderElection20] INFO  server.RaftServerConfigKeys (ConfUtils.java:logGet(43)) - raft.server.write.element-limit = 4096 (default)
2019-09-04 03:20:22,275 [84f9c2c4-73f2-4ad7-b9a8-3f333e5b0e84:group-763B7704BD09:LeaderElection20] INFO  server.RaftServerConfigKeys (ConfUtils.java:logGet(43)) - raft.server.watch.timeout = 10s (default)
2019-09-04 03:20:22,275 [84f9c2c4-73f2-4ad7-b9a8-3f333e5b0e84:group-763B7704BD09:LeaderElection20] INFO  server.RaftServerConfigKeys (ConfUtils.java:logGet(43)) - raft.server.watch.timeout.denomination = 1s (default)
2019-09-04 03:20:22,275 [84f9c2c4-73f2-4ad7-b9a8-3f333e5b0e84:group-763B7704BD09:LeaderElection20] INFO  server.RaftServerConfigKeys (ConfUtils.java:logGet(43)) - raft.server.watch.element-limit = 65536 (default)
2019-09-04 03:20:22,275 [84f9c2c4-73f2-4ad7-b9a8-3f333e5b0e84:group-763B7704BD09:LeaderElection20] INFO  impl.RoleInfo (RoleInfo.java:updateAndGet(143)) - 84f9c2c4-73f2-4ad7-b9a8-3f333e5b0e84: start LeaderState
2019-09-04 03:20:22,275 [84f9c2c4-73f2-4ad7-b9a8-3f333e5b0e84:group-763B7704BD09:LeaderElection20] INFO  segmented.SegmentedRaftLogWorker (SegmentedRaftLogWorker.java:startLogSegment(380)) - 84f9c2c4-73f2-4ad7-b9a8-3f333e5b0e84-SegmentedRaftLogWorker:Storage Directory /workdir/hadoop-ozone/integration-test/target/test-dir/MiniOzoneClusterImpl-73aa9163-49e3-40ac-b180-0c4b940e9410/datanode-2/data/ratis/bc497a3a-22f3-4746-b190-763b7704bd09: Starting segment from index:0
2019-09-04 03:20:22,276 [84f9c2c4-73f2-4ad7-b9a8-3f333e5b0e84:group-763B7704BD09:LeaderElection20] INFO  impl.RaftServerImpl (ServerState.java:setRaftConf(361)) - 84f9c2c4-73f2-4ad7-b9a8-3f333e5b0e84:group-763B7704BD09 set configuration 0: [84f9c2c4-73f2-4ad7-b9a8-3f333e5b0e84:192.168.69.105:36524], old=null at 0
2019-09-04 03:20:22,314 | INFO  | SCMAudit | user=jenkins1000 | ip=192.168.69.105 | op=SEND_HEARTBEAT {datanodeUUID=50a57ad1-8537-401a-9ef5-5731af50f432, command=[]} | ret=SUCCESS |  
2019-09-04 03:20:22,314 [3895fe08-5e04-46ac-ae6d-2b942b921927:group-002EB6C1B0CF:LeaderElection19] INFO  impl.LeaderElection (LeaderElection.java:logAndReturn(56)) - 3895fe08-5e04-46ac-ae6d-2b942b921927:group-002EB6C1B0CF:LeaderElection19: Election PASSED; received 1 response(s) [3895fe08-5e04-46ac-ae6d-2b942b921927<-84f9c2c4-73f2-4ad7-b9a8-3f333e5b0e84#0:OK-t1] and 0 exception(s); 3895fe08-5e04-46ac-ae6d-2b942b921927:t1, leader=null, voted=3895fe08-5e04-46ac-ae6d-2b942b921927, raftlog=3895fe08-5e04-46ac-ae6d-2b942b921927-SegmentedRaftLog:OPENED:c-1,f-1,i0, conf=-1: [3895fe08-5e04-46ac-ae6d-2b942b921927:192.168.69.105:44785, 524a4774-666f-452c-9a20-e87fa1e4f616:192.168.69.105:46000, 84f9c2c4-73f2-4ad7-b9a8-3f333e5b0e84:192.168.69.105:36524], old=null
2019-09-04 03:20:22,314 [3895fe08-5e04-46ac-ae6d-2b942b921927:group-002EB6C1B0CF:LeaderElection19] INFO  impl.RoleInfo (RoleInfo.java:shutdownLeaderElection(134)) - 3895fe08-5e04-46ac-ae6d-2b942b921927: shutdown LeaderElection
2019-09-04 03:20:22,314 [3895fe08-5e04-46ac-ae6d-2b942b921927:group-002EB6C1B0CF:LeaderElection19] INFO  impl.RaftServerImpl (RaftServerImpl.java:setRole(171)) - 3895fe08-5e04-46ac-ae6d-2b942b921927:group-002EB6C1B0CF changes role from CANDIDATE to LEADER at term 1 for changeToLeader
2019-09-04 03:20:22,315 [3895fe08-5e04-46ac-ae6d-2b942b921927:group-002EB6C1B0CF:LeaderElection19] INFO  impl.RaftServerImpl (ServerState.java:setLeader(263)) - 3895fe08-5e04-46ac-ae6d-2b942b921927:group-002EB6C1B0CF change Leader from null to 3895fe08-5e04-46ac-ae6d-2b942b921927 at term 1 for becomeLeader, leader elected after 5137ms
2019-09-04 03:20:22,315 [3895fe08-5e04-46ac-ae6d-2b942b921927:group-002EB6C1B0CF:LeaderElection19] INFO  server.RaftServerConfigKeys (ConfUtils.java:logGet(43)) - raft.server.staging.catchup.gap = 1000 (default)
2019-09-04 03:20:22,315 [3895fe08-5e04-46ac-ae6d-2b942b921927:group-002EB6C1B0CF:LeaderElection19] INFO  server.RaftServerConfigKeys (ConfUtils.java:logGet(43)) - raft.server.rpc.sleep.time = 25ms (default)
2019-09-04 03:20:22,315 [3895fe08-5e04-46ac-ae6d-2b942b921927:group-002EB6C1B0CF:LeaderElection19] INFO  server.RaftServerConfigKeys (ConfUtils.java:logGet(43)) - raft.server.write.element-limit = 4096 (default)
2019-09-04 03:20:22,315 [3895fe08-5e04-46ac-ae6d-2b942b921927:group-002EB6C1B0CF:LeaderElection19] INFO  server.RaftServerConfigKeys (ConfUtils.java:logGet(43)) - raft.server.watch.timeout = 10s (default)
2019-09-04 03:20:22,315 [3895fe08-5e04-46ac-ae6d-2b942b921927:group-002EB6C1B0CF:LeaderElection19] INFO  server.RaftServerConfigKeys (ConfUtils.java:logGet(43)) - raft.server.watch.timeout.denomination = 1s (default)
2019-09-04 03:20:22,316 [3895fe08-5e04-46ac-ae6d-2b942b921927:group-002EB6C1B0CF:LeaderElection19] INFO  server.RaftServerConfigKeys (ConfUtils.java:logGet(43)) - raft.server.watch.element-limit = 65536 (default)
2019-09-04 03:20:22,316 [3895fe08-5e04-46ac-ae6d-2b942b921927:group-002EB6C1B0CF:LeaderElection19] INFO  server.RaftServerConfigKeys (ConfUtils.java:logGet(43)) - raft.server.log.appender.snapshot.chunk.size.max = 16MB (=16777216) (default)
2019-09-04 03:20:22,316 [3895fe08-5e04-46ac-ae6d-2b942b921927:group-002EB6C1B0CF:LeaderElection19] INFO  server.RaftServerConfigKeys (ConfUtils.java:logGet(43)) - raft.server.log.appender.buffer.byte-limit = 33554432 (custom)
2019-09-04 03:20:22,316 [3895fe08-5e04-46ac-ae6d-2b942b921927:group-002EB6C1B0CF:LeaderElection19] INFO  server.RaftServerConfigKeys (ConfUtils.java:logGet(43)) - raft.server.log.appender.buffer.element-limit = 1 (custom)
2019-09-04 03:20:22,317 [3895fe08-5e04-46ac-ae6d-2b942b921927:group-002EB6C1B0CF:LeaderElection19] INFO  grpc.GrpcConfigKeys$Server (ConfUtils.java:logGet(43)) - raft.grpc.server.leader.outstanding.appends.max = 128 (default)
2019-09-04 03:20:22,317 [3895fe08-5e04-46ac-ae6d-2b942b921927:group-002EB6C1B0CF:LeaderElection19] INFO  server.RaftServerConfigKeys (ConfUtils.java:logGet(43)) - raft.server.rpc.request.timeout = 3000ms (default)
2019-09-04 03:20:22,317 [3895fe08-5e04-46ac-ae6d-2b942b921927:group-002EB6C1B0CF:LeaderElection19] INFO  server.RaftServerConfigKeys (ConfUtils.java:logGet(43)) - raft.server.log.appender.install.snapshot.enabled = false (custom)
2019-09-04 03:20:22,317 [3895fe08-5e04-46ac-ae6d-2b942b921927:group-002EB6C1B0CF:LeaderElection19] INFO  server.RaftServerConfigKeys (ConfUtils.java:logGet(43)) - raft.server.log.appender.snapshot.chunk.size.max = 16MB (=16777216) (default)
2019-09-04 03:20:22,317 [3895fe08-5e04-46ac-ae6d-2b942b921927:group-002EB6C1B0CF:LeaderElection19] INFO  server.RaftServerConfigKeys (ConfUtils.java:logGet(43)) - raft.server.log.appender.buffer.byte-limit = 33554432 (custom)
2019-09-04 03:20:22,317 [3895fe08-5e04-46ac-ae6d-2b942b921927:group-002EB6C1B0CF:LeaderElection19] INFO  server.RaftServerConfigKeys (ConfUtils.java:logGet(43)) - raft.server.log.appender.buffer.element-limit = 1 (custom)
2019-09-04 03:20:22,318 [3895fe08-5e04-46ac-ae6d-2b942b921927:group-002EB6C1B0CF:LeaderElection19] INFO  grpc.GrpcConfigKeys$Server (ConfUtils.java:logGet(43)) - raft.grpc.server.leader.outstanding.appends.max = 128 (default)
2019-09-04 03:20:22,318 [3895fe08-5e04-46ac-ae6d-2b942b921927:group-002EB6C1B0CF:LeaderElection19] INFO  server.RaftServerConfigKeys (ConfUtils.java:logGet(43)) - raft.server.rpc.request.timeout = 3000ms (default)
2019-09-04 03:20:22,318 [3895fe08-5e04-46ac-ae6d-2b942b921927:group-002EB6C1B0CF:LeaderElection19] INFO  server.RaftServerConfigKeys (ConfUtils.java:logGet(43)) - raft.server.log.appender.install.snapshot.enabled = false (custom)
2019-09-04 03:20:22,318 [3895fe08-5e04-46ac-ae6d-2b942b921927:group-002EB6C1B0CF:LeaderElection19] INFO  impl.RoleInfo (RoleInfo.java:updateAndGet(143)) - 3895fe08-5e04-46ac-ae6d-2b942b921927: start LeaderState
2019-09-04 03:20:22,318 [3895fe08-5e04-46ac-ae6d-2b942b921927:group-002EB6C1B0CF:LeaderElection19] INFO  segmented.SegmentedRaftLogWorker (SegmentedRaftLogWorker.java:startLogSegment(380)) - 3895fe08-5e04-46ac-ae6d-2b942b921927-SegmentedRaftLogWorker:Storage Directory /workdir/hadoop-ozone/integration-test/target/test-dir/MiniOzoneClusterImpl-73aa9163-49e3-40ac-b180-0c4b940e9410/datanode-0/data/ratis/a3b992b1-d860-45d5-bf9a-002eb6c1b0cf: Starting segment from index:0
2019-09-04 03:20:22,319 [3895fe08-5e04-46ac-ae6d-2b942b921927:group-002EB6C1B0CF:LeaderElection19] INFO  impl.RaftServerImpl (ServerState.java:setRaftConf(361)) - 3895fe08-5e04-46ac-ae6d-2b942b921927:group-002EB6C1B0CF set configuration 0: [3895fe08-5e04-46ac-ae6d-2b942b921927:192.168.69.105:44785, 524a4774-666f-452c-9a20-e87fa1e4f616:192.168.69.105:46000, 84f9c2c4-73f2-4ad7-b9a8-3f333e5b0e84:192.168.69.105:36524], old=null at 0
2019-09-04 03:20:22,325 [grpc-default-executor-0] INFO  impl.RaftServerImpl (ServerState.java:setLeader(263)) - 524a4774-666f-452c-9a20-e87fa1e4f616:group-002EB6C1B0CF change Leader from null to 3895fe08-5e04-46ac-ae6d-2b942b921927 at term 1 for appendEntries, leader elected after 5148ms
2019-09-04 03:20:22,325 [grpc-default-executor-4] INFO  impl.RaftServerImpl (ServerState.java:setLeader(263)) - 84f9c2c4-73f2-4ad7-b9a8-3f333e5b0e84:group-002EB6C1B0CF change Leader from null to 3895fe08-5e04-46ac-ae6d-2b942b921927 at term 1 for appendEntries, leader elected after 5148ms
2019-09-04 03:20:22,325 [84f9c2c4-73f2-4ad7-b9a8-3f333e5b0e84-SegmentedRaftLogWorker:Storage Directory /workdir/hadoop-ozone/integration-test/target/test-dir/MiniOzoneClusterImpl-73aa9163-49e3-40ac-b180-0c4b940e9410/datanode-2/data/ratis/bc497a3a-22f3-4746-b190-763b7704bd09] INFO  segmented.SegmentedRaftLogWorker (SegmentedRaftLogWorker.java:execute(569)) - 84f9c2c4-73f2-4ad7-b9a8-3f333e5b0e84-SegmentedRaftLogWorker:Storage Directory /workdir/hadoop-ozone/integration-test/target/test-dir/MiniOzoneClusterImpl-73aa9163-49e3-40ac-b180-0c4b940e9410/datanode-2/data/ratis/bc497a3a-22f3-4746-b190-763b7704bd09: created new log segment /workdir/hadoop-ozone/integration-test/target/test-dir/MiniOzoneClusterImpl-73aa9163-49e3-40ac-b180-0c4b940e9410/datanode-2/data/ratis/bc497a3a-22f3-4746-b190-763b7704bd09/current/log_inprogress_0
2019-09-04 03:20:22,329 [grpc-default-executor-0] INFO  impl.RaftServerImpl (ServerState.java:setRaftConf(361)) - 84f9c2c4-73f2-4ad7-b9a8-3f333e5b0e84:group-002EB6C1B0CF set configuration 0: [3895fe08-5e04-46ac-ae6d-2b942b921927:192.168.69.105:44785, 524a4774-666f-452c-9a20-e87fa1e4f616:192.168.69.105:46000, 84f9c2c4-73f2-4ad7-b9a8-3f333e5b0e84:192.168.69.105:36524], old=null at 0
2019-09-04 03:20:22,329 [grpc-default-executor-4] INFO  impl.RaftServerImpl (ServerState.java:setRaftConf(361)) - 524a4774-666f-452c-9a20-e87fa1e4f616:group-002EB6C1B0CF set configuration 0: [3895fe08-5e04-46ac-ae6d-2b942b921927:192.168.69.105:44785, 524a4774-666f-452c-9a20-e87fa1e4f616:192.168.69.105:46000, 84f9c2c4-73f2-4ad7-b9a8-3f333e5b0e84:192.168.69.105:36524], old=null at 0
2019-09-04 03:20:22,329 [grpc-default-executor-0] INFO  segmented.SegmentedRaftLogWorker (SegmentedRaftLogWorker.java:startLogSegment(380)) - 84f9c2c4-73f2-4ad7-b9a8-3f333e5b0e84-SegmentedRaftLogWorker:Storage Directory /workdir/hadoop-ozone/integration-test/target/test-dir/MiniOzoneClusterImpl-73aa9163-49e3-40ac-b180-0c4b940e9410/datanode-2/data/ratis/a3b992b1-d860-45d5-bf9a-002eb6c1b0cf: Starting segment from index:0
2019-09-04 03:20:22,329 [grpc-default-executor-4] INFO  segmented.SegmentedRaftLogWorker (SegmentedRaftLogWorker.java:startLogSegment(380)) - 524a4774-666f-452c-9a20-e87fa1e4f616-SegmentedRaftLogWorker:Storage Directory /workdir/hadoop-ozone/integration-test/target/test-dir/MiniOzoneClusterImpl-73aa9163-49e3-40ac-b180-0c4b940e9410/datanode-1/data/ratis/a3b992b1-d860-45d5-bf9a-002eb6c1b0cf: Starting segment from index:0
2019-09-04 03:20:22,376 [Thread-757] INFO  impl.FollowerState (FollowerState.java:run(106)) - 50a57ad1-8537-401a-9ef5-5731af50f432:group-18E0C74CFC40 changes to CANDIDATE, lastRpcTime:5023, electionTimeout:5006ms
2019-09-04 03:20:22,377 [Thread-757] INFO  impl.RoleInfo (RoleInfo.java:shutdownFollowerState(121)) - 50a57ad1-8537-401a-9ef5-5731af50f432: shutdown FollowerState
2019-09-04 03:20:22,377 [Thread-757] INFO  impl.RaftServerImpl (RaftServerImpl.java:setRole(171)) - 50a57ad1-8537-401a-9ef5-5731af50f432:group-18E0C74CFC40 changes role from FOLLOWER to CANDIDATE at term 0 for changeToCandidate
2019-09-04 03:20:22,377 [Thread-757] INFO  impl.RoleInfo (RoleInfo.java:updateAndGet(143)) - 50a57ad1-8537-401a-9ef5-5731af50f432: start LeaderElection
2019-09-04 03:20:22,389 [3895fe08-5e04-46ac-ae6d-2b942b921927-SegmentedRaftLogWorker:Storage Directory /workdir/hadoop-ozone/integration-test/target/test-dir/MiniOzoneClusterImpl-73aa9163-49e3-40ac-b180-0c4b940e9410/datanode-0/data/ratis/a3b992b1-d860-45d5-bf9a-002eb6c1b0cf] INFO  segmented.SegmentedRaftLogWorker (SegmentedRaftLogWorker.java:execute(569)) - 3895fe08-5e04-46ac-ae6d-2b942b921927-SegmentedRaftLogWorker:Storage Directory /workdir/hadoop-ozone/integration-test/target/test-dir/MiniOzoneClusterImpl-73aa9163-49e3-40ac-b180-0c4b940e9410/datanode-0/data/ratis/a3b992b1-d860-45d5-bf9a-002eb6c1b0cf: created new log segment /workdir/hadoop-ozone/integration-test/target/test-dir/MiniOzoneClusterImpl-73aa9163-49e3-40ac-b180-0c4b940e9410/datanode-0/data/ratis/a3b992b1-d860-45d5-bf9a-002eb6c1b0cf/current/log_inprogress_0
2019-09-04 03:20:22,389 [524a4774-666f-452c-9a20-e87fa1e4f616-SegmentedRaftLogWorker:Storage Directory /workdir/hadoop-ozone/integration-test/target/test-dir/MiniOzoneClusterImpl-73aa9163-49e3-40ac-b180-0c4b940e9410/datanode-1/data/ratis/a3b992b1-d860-45d5-bf9a-002eb6c1b0cf] INFO  segmented.SegmentedRaftLogWorker (SegmentedRaftLogWorker.java:execute(569)) - 524a4774-666f-452c-9a20-e87fa1e4f616-SegmentedRaftLogWorker:Storage Directory /workdir/hadoop-ozone/integration-test/target/test-dir/MiniOzoneClusterImpl-73aa9163-49e3-40ac-b180-0c4b940e9410/datanode-1/data/ratis/a3b992b1-d860-45d5-bf9a-002eb6c1b0cf: created new log segment /workdir/hadoop-ozone/integration-test/target/test-dir/MiniOzoneClusterImpl-73aa9163-49e3-40ac-b180-0c4b940e9410/datanode-1/data/ratis/a3b992b1-d860-45d5-bf9a-002eb6c1b0cf/current/log_inprogress_0
2019-09-04 03:20:22,389 [50a57ad1-8537-401a-9ef5-5731af50f432:group-18E0C74CFC40:LeaderElection21] INFO  impl.LeaderElection (LeaderElection.java:askForVotes(181)) - 50a57ad1-8537-401a-9ef5-5731af50f432:group-18E0C74CFC40:LeaderElection21: begin an election at term 1 for -1: [50a57ad1-8537-401a-9ef5-5731af50f432:192.168.69.105:39317], old=null
2019-09-04 03:20:22,389 [84f9c2c4-73f2-4ad7-b9a8-3f333e5b0e84-SegmentedRaftLogWorker:Storage Directory /workdir/hadoop-ozone/integration-test/target/test-dir/MiniOzoneClusterImpl-73aa9163-49e3-40ac-b180-0c4b940e9410/datanode-2/data/ratis/a3b992b1-d860-45d5-bf9a-002eb6c1b0cf] INFO  segmented.SegmentedRaftLogWorker (SegmentedRaftLogWorker.java:execute(569)) - 84f9c2c4-73f2-4ad7-b9a8-3f333e5b0e84-SegmentedRaftLogWorker:Storage Directory /workdir/hadoop-ozone/integration-test/target/test-dir/MiniOzoneClusterImpl-73aa9163-49e3-40ac-b180-0c4b940e9410/datanode-2/data/ratis/a3b992b1-d860-45d5-bf9a-002eb6c1b0cf: created new log segment /workdir/hadoop-ozone/integration-test/target/test-dir/MiniOzoneClusterImpl-73aa9163-49e3-40ac-b180-0c4b940e9410/datanode-2/data/ratis/a3b992b1-d860-45d5-bf9a-002eb6c1b0cf/current/log_inprogress_0
2019-09-04 03:20:22,390 [50a57ad1-8537-401a-9ef5-5731af50f432:group-18E0C74CFC40:LeaderElection21] INFO  impl.RoleInfo (RoleInfo.java:shutdownLeaderElection(134)) - 50a57ad1-8537-401a-9ef5-5731af50f432: shutdown LeaderElection
2019-09-04 03:20:22,390 [50a57ad1-8537-401a-9ef5-5731af50f432:group-18E0C74CFC40:LeaderElection21] INFO  impl.RaftServerImpl (RaftServerImpl.java:setRole(171)) - 50a57ad1-8537-401a-9ef5-5731af50f432:group-18E0C74CFC40 changes role from CANDIDATE to LEADER at term 1 for changeToLeader
2019-09-04 03:20:22,390 [50a57ad1-8537-401a-9ef5-5731af50f432:group-18E0C74CFC40:LeaderElection21] INFO  impl.RaftServerImpl (ServerState.java:setLeader(263)) - 50a57ad1-8537-401a-9ef5-5731af50f432:group-18E0C74CFC40 change Leader from null to 50a57ad1-8537-401a-9ef5-5731af50f432 at term 1 for becomeLeader, leader elected after 5043ms
2019-09-04 03:20:22,390 [50a57ad1-8537-401a-9ef5-5731af50f432:group-18E0C74CFC40:LeaderElection21] INFO  server.RaftServerConfigKeys (ConfUtils.java:logGet(43)) - raft.server.staging.catchup.gap = 1000 (default)
2019-09-04 03:20:22,391 [50a57ad1-8537-401a-9ef5-5731af50f432:group-18E0C74CFC40:LeaderElection21] INFO  server.RaftServerConfigKeys (ConfUtils.java:logGet(43)) - raft.server.rpc.sleep.time = 25ms (default)
2019-09-04 03:20:22,391 [50a57ad1-8537-401a-9ef5-5731af50f432:group-18E0C74CFC40:LeaderElection21] INFO  server.RaftServerConfigKeys (ConfUtils.java:logGet(43)) - raft.server.write.element-limit = 4096 (default)
2019-09-04 03:20:22,391 [50a57ad1-8537-401a-9ef5-5731af50f432:group-18E0C74CFC40:LeaderElection21] INFO  server.RaftServerConfigKeys (ConfUtils.java:logGet(43)) - raft.server.watch.timeout = 10s (default)
2019-09-04 03:20:22,391 [50a57ad1-8537-401a-9ef5-5731af50f432:group-18E0C74CFC40:LeaderElection21] INFO  server.RaftServerConfigKeys (ConfUtils.java:logGet(43)) - raft.server.watch.timeout.denomination = 1s (default)
2019-09-04 03:20:22,391 [50a57ad1-8537-401a-9ef5-5731af50f432:group-18E0C74CFC40:LeaderElection21] INFO  server.RaftServerConfigKeys (ConfUtils.java:logGet(43)) - raft.server.watch.element-limit = 65536 (default)
2019-09-04 03:20:22,392 [50a57ad1-8537-401a-9ef5-5731af50f432:group-18E0C74CFC40:LeaderElection21] INFO  impl.RoleInfo (RoleInfo.java:updateAndGet(143)) - 50a57ad1-8537-401a-9ef5-5731af50f432: start LeaderState
2019-09-04 03:20:22,392 [50a57ad1-8537-401a-9ef5-5731af50f432:group-18E0C74CFC40:LeaderElection21] INFO  segmented.SegmentedRaftLogWorker (SegmentedRaftLogWorker.java:startLogSegment(380)) - 50a57ad1-8537-401a-9ef5-5731af50f432-SegmentedRaftLogWorker:Storage Directory /workdir/hadoop-ozone/integration-test/target/test-dir/MiniOzoneClusterImpl-73aa9163-49e3-40ac-b180-0c4b940e9410/datanode-3/data/ratis/8cb09283-9b22-47db-8caf-18e0c74cfc40: Starting segment from index:0
2019-09-04 03:20:22,393 [50a57ad1-8537-401a-9ef5-5731af50f432:group-18E0C74CFC40:LeaderElection21] INFO  impl.RaftServerImpl (ServerState.java:setRaftConf(361)) - 50a57ad1-8537-401a-9ef5-5731af50f432:group-18E0C74CFC40 set configuration 0: [50a57ad1-8537-401a-9ef5-5731af50f432:192.168.69.105:39317], old=null at 0
2019-09-04 03:20:22,444 [grpc-default-executor-2] INFO  client.GrpcClientProtocolClient (GrpcClientProtocolClient.java:onNext(255)) - client-81D3A7E5B111->84f9c2c4-73f2-4ad7-b9a8-3f333e5b0e84: receive RaftClientReply:client-81D3A7E5B111->84f9c2c4-73f2-4ad7-b9a8-3f333e5b0e84@group-002EB6C1B0CF, cid=42, FAILED org.apache.ratis.protocol.NotLeaderException: Server 84f9c2c4-73f2-4ad7-b9a8-3f333e5b0e84 is not the leader (3895fe08-5e04-46ac-ae6d-2b942b921927:192.168.69.105:44785). Request must be sent to leader., logIndex=0, commits[84f9c2c4-73f2-4ad7-b9a8-3f333e5b0e84:c-1, 3895fe08-5e04-46ac-ae6d-2b942b921927:c-1, 524a4774-666f-452c-9a20-e87fa1e4f616:c-1]
2019-09-04 03:20:22,450 [50a57ad1-8537-401a-9ef5-5731af50f432-SegmentedRaftLogWorker:Storage Directory /workdir/hadoop-ozone/integration-test/target/test-dir/MiniOzoneClusterImpl-73aa9163-49e3-40ac-b180-0c4b940e9410/datanode-3/data/ratis/8cb09283-9b22-47db-8caf-18e0c74cfc40] INFO  segmented.SegmentedRaftLogWorker (SegmentedRaftLogWorker.java:execute(569)) - 50a57ad1-8537-401a-9ef5-5731af50f432-SegmentedRaftLogWorker:Storage Directory /workdir/hadoop-ozone/integration-test/target/test-dir/MiniOzoneClusterImpl-73aa9163-49e3-40ac-b180-0c4b940e9410/datanode-3/data/ratis/8cb09283-9b22-47db-8caf-18e0c74cfc40: created new log segment /workdir/hadoop-ozone/integration-test/target/test-dir/MiniOzoneClusterImpl-73aa9163-49e3-40ac-b180-0c4b940e9410/datanode-3/data/ratis/8cb09283-9b22-47db-8caf-18e0c74cfc40/current/log_inprogress_0
2019-09-04 03:20:22,586 | INFO  | SCMAudit | user=jenkins1000 | ip=192.168.69.105 | op=SEND_HEARTBEAT {datanodeUUID=3895fe08-5e04-46ac-ae6d-2b942b921927, command=[]} | ret=SUCCESS |  
2019-09-04 03:20:22,616 | INFO  | DNAudit | user=null | ip=null | op=CREATE_CONTAINER {containerID=1, containerType=KeyValueContainer} | ret=SUCCESS |  
2019-09-04 03:20:22,616 | INFO  | DNAudit | user=null | ip=null | op=CREATE_CONTAINER {containerID=1, containerType=KeyValueContainer} | ret=SUCCESS |  
2019-09-04 03:20:22,624 | INFO  | SCMAudit | user=jenkins1000 | ip=192.168.69.105 | op=SEND_HEARTBEAT {datanodeUUID=84f9c2c4-73f2-4ad7-b9a8-3f333e5b0e84, command=[]} | ret=SUCCESS |  
2019-09-04 03:20:22,624 | INFO  | SCMAudit | user=jenkins1000 | ip=192.168.69.105 | op=SEND_HEARTBEAT {datanodeUUID=3895fe08-5e04-46ac-ae6d-2b942b921927, command=[]} | ret=SUCCESS |  
2019-09-04 03:20:22,625 [grpc-default-executor-0] INFO  client.GrpcClientProtocolClient (GrpcClientProtocolClient.java:onNext(255)) - client-81D3A7E5B111->3895fe08-5e04-46ac-ae6d-2b942b921927: receive RaftClientReply:client-81D3A7E5B111->3895fe08-5e04-46ac-ae6d-2b942b921927@group-002EB6C1B0CF, cid=42, SUCCESS, logIndex=1, commits[3895fe08-5e04-46ac-ae6d-2b942b921927:c2, 524a4774-666f-452c-9a20-e87fa1e4f616:c1, 84f9c2c4-73f2-4ad7-b9a8-3f333e5b0e84:c1]
2019-09-04 03:20:22,639 | INFO  | DNAudit | user=null | ip=null | op=CREATE_CONTAINER {containerID=1, containerType=KeyValueContainer} | ret=SUCCESS |  
2019-09-04 03:20:22,640 | INFO  | SCMAudit | user=jenkins1000 | ip=192.168.69.105 | op=SEND_HEARTBEAT {datanodeUUID=524a4774-666f-452c-9a20-e87fa1e4f616, command=[]} | ret=SUCCESS |  
2019-09-04 03:20:22,772 | INFO  | DNAudit | user=null | ip=null | op=CREATE_CONTAINER {containerID=2, containerType=KeyValueContainer} | ret=SUCCESS |  
2019-09-04 03:20:22,780 | INFO  | SCMAudit | user=jenkins1000 | ip=192.168.69.105 | op=SEND_HEARTBEAT {datanodeUUID=3895fe08-5e04-46ac-ae6d-2b942b921927, command=[]} | ret=SUCCESS |  
2019-09-04 03:20:22,781 [grpc-default-executor-2] INFO  client.GrpcClientProtocolClient (GrpcClientProtocolClient.java:onNext(255)) - client-81D3A7E5B111->3895fe08-5e04-46ac-ae6d-2b942b921927: receive RaftClientReply:client-81D3A7E5B111->3895fe08-5e04-46ac-ae6d-2b942b921927@group-002EB6C1B0CF, cid=43, SUCCESS, logIndex=3, commits[3895fe08-5e04-46ac-ae6d-2b942b921927:c4, 524a4774-666f-452c-9a20-e87fa1e4f616:c3, 84f9c2c4-73f2-4ad7-b9a8-3f333e5b0e84:c3]
2019-09-04 03:20:22,791 | INFO  | SCMAudit | user=jenkins1000 | ip=192.168.69.105 | op=SEND_HEARTBEAT {datanodeUUID=5874772f-8d83-4395-aefd-8b53e7bb01f4, command=[]} | ret=SUCCESS |  
2019-09-04 03:20:22,810 | INFO  | DNAudit | user=null | ip=null | op=CREATE_CONTAINER {containerID=2, containerType=KeyValueContainer} | ret=SUCCESS |  
2019-09-04 03:20:22,811 | INFO  | DNAudit | user=null | ip=null | op=CREATE_CONTAINER {containerID=2, containerType=KeyValueContainer} | ret=SUCCESS |  
2019-09-04 03:20:22,817 | INFO  | SCMAudit | user=jenkins1000 | ip=192.168.69.105 | op=SEND_HEARTBEAT {datanodeUUID=84f9c2c4-73f2-4ad7-b9a8-3f333e5b0e84, command=[]} | ret=SUCCESS |  
2019-09-04 03:20:22,817 | INFO  | SCMAudit | user=jenkins1000 | ip=192.168.69.105 | op=SEND_HEARTBEAT {datanodeUUID=524a4774-666f-452c-9a20-e87fa1e4f616, command=[]} | ret=SUCCESS |  
2019-09-04 03:20:22,991 | INFO  | DNAudit | user=null | ip=null | op=CREATE_CONTAINER {containerID=3, containerType=KeyValueContainer} | ret=SUCCESS |  
2019-09-04 03:20:22,991 | INFO  | DNAudit | user=null | ip=null | op=CREATE_CONTAINER {containerID=3, containerType=KeyValueContainer} | ret=SUCCESS |  
2019-09-04 03:20:22,991 | INFO  | DNAudit | user=null | ip=null | op=CREATE_CONTAINER {containerID=3, containerType=KeyValueContainer} | ret=SUCCESS |  
2019-09-04 03:20:22,992 | INFO  | SCMAudit | user=jenkins1000 | ip=192.168.69.105 | op=SEND_HEARTBEAT {datanodeUUID=524a4774-666f-452c-9a20-e87fa1e4f616, command=[]} | ret=SUCCESS |  
2019-09-04 03:20:22,992 | INFO  | SCMAudit | user=jenkins1000 | ip=192.168.69.105 | op=SEND_HEARTBEAT {datanodeUUID=84f9c2c4-73f2-4ad7-b9a8-3f333e5b0e84, command=[]} | ret=SUCCESS |  
2019-09-04 03:20:22,992 | INFO  | SCMAudit | user=jenkins1000 | ip=192.168.69.105 | op=SEND_HEARTBEAT {datanodeUUID=3895fe08-5e04-46ac-ae6d-2b942b921927, command=[]} | ret=SUCCESS |  
2019-09-04 03:20:22,993 [grpc-default-executor-2] INFO  client.GrpcClientProtocolClient (GrpcClientProtocolClient.java:onNext(255)) - client-81D3A7E5B111->3895fe08-5e04-46ac-ae6d-2b942b921927: receive RaftClientReply:client-81D3A7E5B111->3895fe08-5e04-46ac-ae6d-2b942b921927@group-002EB6C1B0CF, cid=44, SUCCESS, logIndex=5, commits[3895fe08-5e04-46ac-ae6d-2b942b921927:c6, 524a4774-666f-452c-9a20-e87fa1e4f616:c5, 84f9c2c4-73f2-4ad7-b9a8-3f333e5b0e84:c5]
2019-09-04 03:20:23,013 | INFO  | SCMAudit | user=jenkins1000 | ip=192.168.69.105 | op=SEND_HEARTBEAT {datanodeUUID=3bf639f6-5176-4655-a6a8-540014321443, command=[]} | ret=SUCCESS |  
2019-09-04 03:20:23,015 [Thread-760] INFO  impl.FollowerState (FollowerState.java:run(106)) - 5874772f-8d83-4395-aefd-8b53e7bb01f4:group-BA32C286FC67 changes to CANDIDATE, lastRpcTime:5129, electionTimeout:5129ms
2019-09-04 03:20:23,016 [Thread-760] INFO  impl.RoleInfo (RoleInfo.java:shutdownFollowerState(121)) - 5874772f-8d83-4395-aefd-8b53e7bb01f4: shutdown FollowerState
2019-09-04 03:20:23,016 [Thread-760] INFO  impl.RaftServerImpl (RaftServerImpl.java:setRole(171)) - 5874772f-8d83-4395-aefd-8b53e7bb01f4:group-BA32C286FC67 changes role from FOLLOWER to CANDIDATE at term 0 for changeToCandidate
2019-09-04 03:20:23,016 [Thread-760] INFO  impl.RoleInfo (RoleInfo.java:updateAndGet(143)) - 5874772f-8d83-4395-aefd-8b53e7bb01f4: start LeaderElection
2019-09-04 03:20:23,040 [5874772f-8d83-4395-aefd-8b53e7bb01f4:group-BA32C286FC67:LeaderElection22] INFO  impl.LeaderElection (LeaderElection.java:askForVotes(181)) - 5874772f-8d83-4395-aefd-8b53e7bb01f4:group-BA32C286FC67:LeaderElection22: begin an election at term 1 for -1: [5874772f-8d83-4395-aefd-8b53e7bb01f4:192.168.69.105:36739], old=null
2019-09-04 03:20:23,040 [5874772f-8d83-4395-aefd-8b53e7bb01f4:group-BA32C286FC67:LeaderElection22] INFO  impl.RoleInfo (RoleInfo.java:shutdownLeaderElection(134)) - 5874772f-8d83-4395-aefd-8b53e7bb01f4: shutdown LeaderElection
2019-09-04 03:20:23,040 [5874772f-8d83-4395-aefd-8b53e7bb01f4:group-BA32C286FC67:LeaderElection22] INFO  impl.RaftServerImpl (RaftServerImpl.java:setRole(171)) - 5874772f-8d83-4395-aefd-8b53e7bb01f4:group-BA32C286FC67 changes role from CANDIDATE to LEADER at term 1 for changeToLeader
2019-09-04 03:20:23,040 [5874772f-8d83-4395-aefd-8b53e7bb01f4:group-BA32C286FC67:LeaderElection22] INFO  impl.RaftServerImpl (ServerState.java:setLeader(263)) - 5874772f-8d83-4395-aefd-8b53e7bb01f4:group-BA32C286FC67 change Leader from null to 5874772f-8d83-4395-aefd-8b53e7bb01f4 at term 1 for becomeLeader, leader elected after 5159ms
2019-09-04 03:20:23,040 [5874772f-8d83-4395-aefd-8b53e7bb01f4:group-BA32C286FC67:LeaderElection22] INFO  server.RaftServerConfigKeys (ConfUtils.java:logGet(43)) - raft.server.staging.catchup.gap = 1000 (default)
2019-09-04 03:20:23,040 [5874772f-8d83-4395-aefd-8b53e7bb01f4:group-BA32C286FC67:LeaderElection22] INFO  server.RaftServerConfigKeys (ConfUtils.java:logGet(43)) - raft.server.rpc.sleep.time = 25ms (default)
2019-09-04 03:20:23,041 [5874772f-8d83-4395-aefd-8b53e7bb01f4:group-BA32C286FC67:LeaderElection22] INFO  server.RaftServerConfigKeys (ConfUtils.java:logGet(43)) - raft.server.write.element-limit = 4096 (default)
2019-09-04 03:20:23,041 [5874772f-8d83-4395-aefd-8b53e7bb01f4:group-BA32C286FC67:LeaderElection22] INFO  server.RaftServerConfigKeys (ConfUtils.java:logGet(43)) - raft.server.watch.timeout = 10s (default)
2019-09-04 03:20:23,041 [5874772f-8d83-4395-aefd-8b53e7bb01f4:group-BA32C286FC67:LeaderElection22] INFO  server.RaftServerConfigKeys (ConfUtils.java:logGet(43)) - raft.server.watch.timeout.denomination = 1s (default)
2019-09-04 03:20:23,041 [5874772f-8d83-4395-aefd-8b53e7bb01f4:group-BA32C286FC67:LeaderElection22] INFO  server.RaftServerConfigKeys (ConfUtils.java:logGet(43)) - raft.server.watch.element-limit = 65536 (default)
2019-09-04 03:20:23,041 [5874772f-8d83-4395-aefd-8b53e7bb01f4:group-BA32C286FC67:LeaderElection22] INFO  impl.RoleInfo (RoleInfo.java:updateAndGet(143)) - 5874772f-8d83-4395-aefd-8b53e7bb01f4: start LeaderState
2019-09-04 03:20:23,041 [5874772f-8d83-4395-aefd-8b53e7bb01f4:group-BA32C286FC67:LeaderElection22] INFO  segmented.SegmentedRaftLogWorker (SegmentedRaftLogWorker.java:startLogSegment(380)) - 5874772f-8d83-4395-aefd-8b53e7bb01f4-SegmentedRaftLogWorker:Storage Directory /workdir/hadoop-ozone/integration-test/target/test-dir/MiniOzoneClusterImpl-73aa9163-49e3-40ac-b180-0c4b940e9410/datanode-4/data/ratis/2be74ba9-ab5d-4961-b26b-ba32c286fc67: Starting segment from index:0
2019-09-04 03:20:23,042 [5874772f-8d83-4395-aefd-8b53e7bb01f4:group-BA32C286FC67:LeaderElection22] INFO  impl.RaftServerImpl (ServerState.java:setRaftConf(361)) - 5874772f-8d83-4395-aefd-8b53e7bb01f4:group-BA32C286FC67 set configuration 0: [5874772f-8d83-4395-aefd-8b53e7bb01f4:192.168.69.105:36739], old=null at 0
2019-09-04 03:20:23,093 [5874772f-8d83-4395-aefd-8b53e7bb01f4-SegmentedRaftLogWorker:Storage Directory /workdir/hadoop-ozone/integration-test/target/test-dir/MiniOzoneClusterImpl-73aa9163-49e3-40ac-b180-0c4b940e9410/datanode-4/data/ratis/2be74ba9-ab5d-4961-b26b-ba32c286fc67] INFO  segmented.SegmentedRaftLogWorker (SegmentedRaftLogWorker.java:execute(569)) - 5874772f-8d83-4395-aefd-8b53e7bb01f4-SegmentedRaftLogWorker:Storage Directory /workdir/hadoop-ozone/integration-test/target/test-dir/MiniOzoneClusterImpl-73aa9163-49e3-40ac-b180-0c4b940e9410/datanode-4/data/ratis/2be74ba9-ab5d-4961-b26b-ba32c286fc67: created new log segment /workdir/hadoop-ozone/integration-test/target/test-dir/MiniOzoneClusterImpl-73aa9163-49e3-40ac-b180-0c4b940e9410/datanode-4/data/ratis/2be74ba9-ab5d-4961-b26b-ba32c286fc67/current/log_inprogress_0
2019-09-04 03:20:23,200 [Thread-766] INFO  impl.FollowerState (FollowerState.java:run(106)) - 5874772f-8d83-4395-aefd-8b53e7bb01f4:group-BC7EC6C0BAA3 changes to CANDIDATE, lastRpcTime:5006, electionTimeout:5006ms
2019-09-04 03:20:23,200 [Thread-766] INFO  impl.RoleInfo (RoleInfo.java:shutdownFollowerState(121)) - 5874772f-8d83-4395-aefd-8b53e7bb01f4: shutdown FollowerState
2019-09-04 03:20:23,200 [Thread-766] INFO  impl.RaftServerImpl (RaftServerImpl.java:setRole(171)) - 5874772f-8d83-4395-aefd-8b53e7bb01f4:group-BC7EC6C0BAA3 changes role from FOLLOWER to CANDIDATE at term 0 for changeToCandidate
2019-09-04 03:20:23,200 [Thread-766] INFO  impl.RoleInfo (RoleInfo.java:updateAndGet(143)) - 5874772f-8d83-4395-aefd-8b53e7bb01f4: start LeaderElection
2019-09-04 03:20:23,220 [Thread-769] INFO  impl.FollowerState (FollowerState.java:run(106)) - 50a57ad1-8537-401a-9ef5-5731af50f432:group-BC7EC6C0BAA3 changes to CANDIDATE, lastRpcTime:5025, electionTimeout:5025ms
2019-09-04 03:20:23,220 [Thread-769] INFO  impl.RoleInfo (RoleInfo.java:shutdownFollowerState(121)) - 50a57ad1-8537-401a-9ef5-5731af50f432: shutdown FollowerState
2019-09-04 03:20:23,220 [Thread-769] INFO  impl.RaftServerImpl (RaftServerImpl.java:setRole(171)) - 50a57ad1-8537-401a-9ef5-5731af50f432:group-BC7EC6C0BAA3 changes role from FOLLOWER to CANDIDATE at term 0 for changeToCandidate
2019-09-04 03:20:23,221 [Thread-769] INFO  impl.RoleInfo (RoleInfo.java:updateAndGet(143)) - 50a57ad1-8537-401a-9ef5-5731af50f432: start LeaderElection
2019-09-04 03:20:23,245 [5874772f-8d83-4395-aefd-8b53e7bb01f4:group-BC7EC6C0BAA3:LeaderElection23] INFO  impl.LeaderElection (LeaderElection.java:askForVotes(181)) - 5874772f-8d83-4395-aefd-8b53e7bb01f4:group-BC7EC6C0BAA3:LeaderElection23: begin an election at term 1 for -1: [5874772f-8d83-4395-aefd-8b53e7bb01f4:192.168.69.105:36739, 3bf639f6-5176-4655-a6a8-540014321443:192.168.69.105:43577, 50a57ad1-8537-401a-9ef5-5731af50f432:192.168.69.105:39317], old=null
2019-09-04 03:20:23,245 [50a57ad1-8537-401a-9ef5-5731af50f432:group-BC7EC6C0BAA3:LeaderElection24] INFO  impl.LeaderElection (LeaderElection.java:askForVotes(181)) - 50a57ad1-8537-401a-9ef5-5731af50f432:group-BC7EC6C0BAA3:LeaderElection24: begin an election at term 1 for -1: [5874772f-8d83-4395-aefd-8b53e7bb01f4:192.168.69.105:36739, 3bf639f6-5176-4655-a6a8-540014321443:192.168.69.105:43577, 50a57ad1-8537-401a-9ef5-5731af50f432:192.168.69.105:39317], old=null
2019-09-04 03:20:23,259 [grpc-default-executor-4] INFO  impl.RaftServerImpl (RaftServerImpl.java:setRole(171)) - 3bf639f6-5176-4655-a6a8-540014321443:group-BC7EC6C0BAA3 changes role from FOLLOWER to FOLLOWER at term 1 for recognizeCandidate:50a57ad1-8537-401a-9ef5-5731af50f432
2019-09-04 03:20:23,262 [grpc-default-executor-4] INFO  impl.RoleInfo (RoleInfo.java:shutdownFollowerState(121)) - 3bf639f6-5176-4655-a6a8-540014321443: shutdown FollowerState
2019-09-04 03:20:23,262 [grpc-default-executor-4] INFO  impl.RoleInfo (RoleInfo.java:updateAndGet(143)) - 3bf639f6-5176-4655-a6a8-540014321443: start FollowerState
2019-09-04 03:20:23,262 [Thread-772] INFO  impl.FollowerState (FollowerState.java:run(114)) - 3bf639f6-5176-4655-a6a8-540014321443: FollowerState was interrupted: java.lang.InterruptedException: sleep interrupted
2019-09-04 03:20:23,266 [Thread-763] INFO  impl.FollowerState (FollowerState.java:run(106)) - 3bf639f6-5176-4655-a6a8-540014321443:group-783AB5CA4784 changes to CANDIDATE, lastRpcTime:5145, electionTimeout:5145ms
2019-09-04 03:20:23,266 [Thread-763] INFO  impl.RoleInfo (RoleInfo.java:shutdownFollowerState(121)) - 3bf639f6-5176-4655-a6a8-540014321443: shutdown FollowerState
2019-09-04 03:20:23,266 [Thread-763] INFO  impl.RaftServerImpl (RaftServerImpl.java:setRole(171)) - 3bf639f6-5176-4655-a6a8-540014321443:group-783AB5CA4784 changes role from FOLLOWER to CANDIDATE at term 0 for changeToCandidate
2019-09-04 03:20:23,267 [Thread-763] INFO  impl.RoleInfo (RoleInfo.java:updateAndGet(143)) - 3bf639f6-5176-4655-a6a8-540014321443: start LeaderElection
2019-09-04 03:20:23,273 | INFO  | SCMAudit | user=jenkins1000 | ip=192.168.69.105 | op=SEND_HEARTBEAT {datanodeUUID=6b521d90-43c4-4267-a955-3154b8383673, command=[]} | ret=SUCCESS |  
2019-09-04 03:20:23,283 [3bf639f6-5176-4655-a6a8-540014321443:group-783AB5CA4784:LeaderElection25] INFO  impl.LeaderElection (LeaderElection.java:askForVotes(181)) - 3bf639f6-5176-4655-a6a8-540014321443:group-783AB5CA4784:LeaderElection25: begin an election at term 1 for -1: [3bf639f6-5176-4655-a6a8-540014321443:192.168.69.105:43577], old=null
2019-09-04 03:20:23,283 [3bf639f6-5176-4655-a6a8-540014321443:group-783AB5CA4784:LeaderElection25] INFO  impl.RoleInfo (RoleInfo.java:shutdownLeaderElection(134)) - 3bf639f6-5176-4655-a6a8-540014321443: shutdown LeaderElection
2019-09-04 03:20:23,283 [3bf639f6-5176-4655-a6a8-540014321443:group-783AB5CA4784:LeaderElection25] INFO  impl.RaftServerImpl (RaftServerImpl.java:setRole(171)) - 3bf639f6-5176-4655-a6a8-540014321443:group-783AB5CA4784 changes role from CANDIDATE to LEADER at term 1 for changeToLeader
2019-09-04 03:20:23,284 [3bf639f6-5176-4655-a6a8-540014321443:group-783AB5CA4784:LeaderElection25] INFO  impl.RaftServerImpl (ServerState.java:setLeader(263)) - 3bf639f6-5176-4655-a6a8-540014321443:group-783AB5CA4784 change Leader from null to 3bf639f6-5176-4655-a6a8-540014321443 at term 1 for becomeLeader, leader elected after 5167ms
2019-09-04 03:20:23,284 [50a57ad1-8537-401a-9ef5-5731af50f432:group-BC7EC6C0BAA3:LeaderElection24] INFO  impl.LeaderElection (LeaderElection.java:logAndReturn(56)) - 50a57ad1-8537-401a-9ef5-5731af50f432:group-BC7EC6C0BAA3:LeaderElection24: Election PASSED; received 2 response(s) [50a57ad1-8537-401a-9ef5-5731af50f432<-5874772f-8d83-4395-aefd-8b53e7bb01f4#0:FAIL-t1, 50a57ad1-8537-401a-9ef5-5731af50f432<-3bf639f6-5176-4655-a6a8-540014321443#0:OK-t1] and 0 exception(s); 50a57ad1-8537-401a-9ef5-5731af50f432:t1, leader=null, voted=50a57ad1-8537-401a-9ef5-5731af50f432, raftlog=50a57ad1-8537-401a-9ef5-5731af50f432-SegmentedRaftLog:OPENED:c-1,f-1,i0, conf=-1: [5874772f-8d83-4395-aefd-8b53e7bb01f4:192.168.69.105:36739, 3bf639f6-5176-4655-a6a8-540014321443:192.168.69.105:43577, 50a57ad1-8537-401a-9ef5-5731af50f432:192.168.69.105:39317], old=null
2019-09-04 03:20:23,284 [3bf639f6-5176-4655-a6a8-540014321443:group-783AB5CA4784:LeaderElection25] INFO  server.RaftServerConfigKeys (ConfUtils.java:logGet(43)) - raft.server.staging.catchup.gap = 1000 (default)
2019-09-04 03:20:23,284 [50a57ad1-8537-401a-9ef5-5731af50f432:group-BC7EC6C0BAA3:LeaderElection24] INFO  impl.RoleInfo (RoleInfo.java:shutdownLeaderElection(134)) - 50a57ad1-8537-401a-9ef5-5731af50f432: shutdown LeaderElection
2019-09-04 03:20:23,284 [5874772f-8d83-4395-aefd-8b53e7bb01f4:group-BC7EC6C0BAA3:LeaderElection23] INFO  impl.LeaderElection (LeaderElection.java:logAndReturn(56)) - 5874772f-8d83-4395-aefd-8b53e7bb01f4:group-BC7EC6C0BAA3:LeaderElection23: Election REJECTED; received 2 response(s) [5874772f-8d83-4395-aefd-8b53e7bb01f4<-3bf639f6-5176-4655-a6a8-540014321443#0:FAIL-t1, 5874772f-8d83-4395-aefd-8b53e7bb01f4<-50a57ad1-8537-401a-9ef5-5731af50f432#0:FAIL-t1] and 0 exception(s); 5874772f-8d83-4395-aefd-8b53e7bb01f4:t1, leader=null, voted=5874772f-8d83-4395-aefd-8b53e7bb01f4, raftlog=5874772f-8d83-4395-aefd-8b53e7bb01f4-SegmentedRaftLog:OPENED:c-1,f-1,i0, conf=-1: [5874772f-8d83-4395-aefd-8b53e7bb01f4:192.168.69.105:36739, 3bf639f6-5176-4655-a6a8-540014321443:192.168.69.105:43577, 50a57ad1-8537-401a-9ef5-5731af50f432:192.168.69.105:39317], old=null
2019-09-04 03:20:23,284 [50a57ad1-8537-401a-9ef5-5731af50f432:group-BC7EC6C0BAA3:LeaderElection24] INFO  impl.RaftServerImpl (RaftServerImpl.java:setRole(171)) - 50a57ad1-8537-401a-9ef5-5731af50f432:group-BC7EC6C0BAA3 changes role from CANDIDATE to LEADER at term 1 for changeToLeader
2019-09-04 03:20:23,284 [3bf639f6-5176-4655-a6a8-540014321443:group-783AB5CA4784:LeaderElection25] INFO  server.RaftServerConfigKeys (ConfUtils.java:logGet(43)) - raft.server.rpc.sleep.time = 25ms (default)
2019-09-04 03:20:23,284 [50a57ad1-8537-401a-9ef5-5731af50f432:group-BC7EC6C0BAA3:LeaderElection24] INFO  impl.RaftServerImpl (ServerState.java:setLeader(263)) - 50a57ad1-8537-401a-9ef5-5731af50f432:group-BC7EC6C0BAA3 change Leader from null to 50a57ad1-8537-401a-9ef5-5731af50f432 at term 1 for becomeLeader, leader elected after 5100ms
2019-09-04 03:20:23,284 [5874772f-8d83-4395-aefd-8b53e7bb01f4:group-BC7EC6C0BAA3:LeaderElection23] INFO  impl.RaftServerImpl (RaftServerImpl.java:setRole(171)) - 5874772f-8d83-4395-aefd-8b53e7bb01f4:group-BC7EC6C0BAA3 changes role from CANDIDATE to FOLLOWER at term 1 for DISCOVERED_A_NEW_TERM
2019-09-04 03:20:23,285 [50a57ad1-8537-401a-9ef5-5731af50f432:group-BC7EC6C0BAA3:LeaderElection24] INFO  server.RaftServerConfigKeys (ConfUtils.java:logGet(43)) - raft.server.staging.catchup.gap = 1000 (default)
2019-09-04 03:20:23,285 [3bf639f6-5176-4655-a6a8-540014321443:group-783AB5CA4784:LeaderElection25] INFO  server.RaftServerConfigKeys (ConfUtils.java:logGet(43)) - raft.server.write.element-limit = 4096 (default)
2019-09-04 03:20:23,285 [50a57ad1-8537-401a-9ef5-5731af50f432:group-BC7EC6C0BAA3:LeaderElection24] INFO  server.RaftServerConfigKeys (ConfUtils.java:logGet(43)) - raft.server.rpc.sleep.time = 25ms (default)
2019-09-04 03:20:23,285 [5874772f-8d83-4395-aefd-8b53e7bb01f4:group-BC7EC6C0BAA3:LeaderElection23] INFO  impl.RoleInfo (RoleInfo.java:shutdownLeaderElection(134)) - 5874772f-8d83-4395-aefd-8b53e7bb01f4: shutdown LeaderElection
2019-09-04 03:20:23,285 [50a57ad1-8537-401a-9ef5-5731af50f432:group-BC7EC6C0BAA3:LeaderElection24] INFO  server.RaftServerConfigKeys (ConfUtils.java:logGet(43)) - raft.server.write.element-limit = 4096 (default)
2019-09-04 03:20:23,285 [3bf639f6-5176-4655-a6a8-540014321443:group-783AB5CA4784:LeaderElection25] INFO  server.RaftServerConfigKeys (ConfUtils.java:logGet(43)) - raft.server.watch.timeout = 10s (default)
2019-09-04 03:20:23,286 [50a57ad1-8537-401a-9ef5-5731af50f432:group-BC7EC6C0BAA3:LeaderElection24] INFO  server.RaftServerConfigKeys (ConfUtils.java:logGet(43)) - raft.server.watch.timeout = 10s (default)
2019-09-04 03:20:23,286 [5874772f-8d83-4395-aefd-8b53e7bb01f4:group-BC7EC6C0BAA3:LeaderElection23] INFO  impl.RoleInfo (RoleInfo.java:updateAndGet(143)) - 5874772f-8d83-4395-aefd-8b53e7bb01f4: start FollowerState
2019-09-04 03:20:23,286 [50a57ad1-8537-401a-9ef5-5731af50f432:group-BC7EC6C0BAA3:LeaderElection24] INFO  server.RaftServerConfigKeys (ConfUtils.java:logGet(43)) - raft.server.watch.timeout.denomination = 1s (default)
2019-09-04 03:20:23,286 [3bf639f6-5176-4655-a6a8-540014321443:group-783AB5CA4784:LeaderElection25] INFO  server.RaftServerConfigKeys (ConfUtils.java:logGet(43)) - raft.server.watch.timeout.denomination = 1s (default)
2019-09-04 03:20:23,286 [50a57ad1-8537-401a-9ef5-5731af50f432:group-BC7EC6C0BAA3:LeaderElection24] INFO  server.RaftServerConfigKeys (ConfUtils.java:logGet(43)) - raft.server.watch.element-limit = 65536 (default)
2019-09-04 03:20:23,286 [3bf639f6-5176-4655-a6a8-540014321443:group-783AB5CA4784:LeaderElection25] INFO  server.RaftServerConfigKeys (ConfUtils.java:logGet(43)) - raft.server.watch.element-limit = 65536 (default)
2019-09-04 03:20:23,287 [50a57ad1-8537-401a-9ef5-5731af50f432:group-BC7EC6C0BAA3:LeaderElection24] INFO  server.RaftServerConfigKeys (ConfUtils.java:logGet(43)) - raft.server.log.appender.snapshot.chunk.size.max = 16MB (=16777216) (default)
2019-09-04 03:20:23,287 [3bf639f6-5176-4655-a6a8-540014321443:group-783AB5CA4784:LeaderElection25] INFO  impl.RoleInfo (RoleInfo.java:updateAndGet(143)) - 3bf639f6-5176-4655-a6a8-540014321443: start LeaderState
2019-09-04 03:20:23,287 [50a57ad1-8537-401a-9ef5-5731af50f432:group-BC7EC6C0BAA3:LeaderElection24] INFO  server.RaftServerConfigKeys (ConfUtils.java:logGet(43)) - raft.server.log.appender.buffer.byte-limit = 33554432 (custom)
2019-09-04 03:20:23,287 [3bf639f6-5176-4655-a6a8-540014321443:group-783AB5CA4784:LeaderElection25] INFO  segmented.SegmentedRaftLogWorker (SegmentedRaftLogWorker.java:startLogSegment(380)) - 3bf639f6-5176-4655-a6a8-540014321443-SegmentedRaftLogWorker:Storage Directory /workdir/hadoop-ozone/integration-test/target/test-dir/MiniOzoneClusterImpl-73aa9163-49e3-40ac-b180-0c4b940e9410/datanode-5/data/ratis/e9e2e1ce-a9e7-43dd-a3fd-783ab5ca4784: Starting segment from index:0
2019-09-04 03:20:23,287 [50a57ad1-8537-401a-9ef5-5731af50f432:group-BC7EC6C0BAA3:LeaderElection24] INFO  server.RaftServerConfigKeys (ConfUtils.java:logGet(43)) - raft.server.log.appender.buffer.element-limit = 1 (custom)
2019-09-04 03:20:23,288 [3bf639f6-5176-4655-a6a8-540014321443:group-783AB5CA4784:LeaderElection25] INFO  impl.RaftServerImpl (ServerState.java:setRaftConf(361)) - 3bf639f6-5176-4655-a6a8-540014321443:group-783AB5CA4784 set configuration 0: [3bf639f6-5176-4655-a6a8-540014321443:192.168.69.105:43577], old=null at 0
2019-09-04 03:20:23,288 [50a57ad1-8537-401a-9ef5-5731af50f432:group-BC7EC6C0BAA3:LeaderElection24] INFO  grpc.GrpcConfigKeys$Server (ConfUtils.java:logGet(43)) - raft.grpc.server.leader.outstanding.appends.max = 128 (default)
2019-09-04 03:20:23,329 [50a57ad1-8537-401a-9ef5-5731af50f432:group-BC7EC6C0BAA3:LeaderElection24] INFO  server.RaftServerConfigKeys (ConfUtils.java:logGet(43)) - raft.server.rpc.request.timeout = 3000ms (default)
2019-09-04 03:20:23,329 [50a57ad1-8537-401a-9ef5-5731af50f432:group-BC7EC6C0BAA3:LeaderElection24] INFO  server.RaftServerConfigKeys (ConfUtils.java:logGet(43)) - raft.server.log.appender.install.snapshot.enabled = false (custom)
2019-09-04 03:20:23,329 | INFO  | SCMAudit | user=jenkins1000 | ip=192.168.69.105 | op=SEND_HEARTBEAT {datanodeUUID=50a57ad1-8537-401a-9ef5-5731af50f432, command=[]} | ret=SUCCESS |  
2019-09-04 03:20:23,329 [50a57ad1-8537-401a-9ef5-5731af50f432:group-BC7EC6C0BAA3:LeaderElection24] INFO  server.RaftServerConfigKeys (ConfUtils.java:logGet(43)) - raft.server.log.appender.snapshot.chunk.size.max = 16MB (=16777216) (default)
2019-09-04 03:20:23,329 [50a57ad1-8537-401a-9ef5-5731af50f432:group-BC7EC6C0BAA3:LeaderElection24] INFO  server.RaftServerConfigKeys (ConfUtils.java:logGet(43)) - raft.server.log.appender.buffer.byte-limit = 33554432 (custom)
2019-09-04 03:20:23,330 [50a57ad1-8537-401a-9ef5-5731af50f432:group-BC7EC6C0BAA3:LeaderElection24] INFO  server.RaftServerConfigKeys (ConfUtils.java:logGet(43)) - raft.server.log.appender.buffer.element-limit = 1 (custom)
2019-09-04 03:20:23,330 [50a57ad1-8537-401a-9ef5-5731af50f432:group-BC7EC6C0BAA3:LeaderElection24] INFO  grpc.GrpcConfigKeys$Server (ConfUtils.java:logGet(43)) - raft.grpc.server.leader.outstanding.appends.max = 128 (default)
2019-09-04 03:20:23,330 [50a57ad1-8537-401a-9ef5-5731af50f432:group-BC7EC6C0BAA3:LeaderElection24] INFO  server.RaftServerConfigKeys (ConfUtils.java:logGet(43)) - raft.server.rpc.request.timeout = 3000ms (default)
2019-09-04 03:20:23,330 [50a57ad1-8537-401a-9ef5-5731af50f432:group-BC7EC6C0BAA3:LeaderElection24] INFO  server.RaftServerConfigKeys (ConfUtils.java:logGet(43)) - raft.server.log.appender.install.snapshot.enabled = false (custom)
2019-09-04 03:20:23,331 [50a57ad1-8537-401a-9ef5-5731af50f432:group-BC7EC6C0BAA3:LeaderElection24] INFO  impl.RoleInfo (RoleInfo.java:updateAndGet(143)) - 50a57ad1-8537-401a-9ef5-5731af50f432: start LeaderState
2019-09-04 03:20:23,331 [50a57ad1-8537-401a-9ef5-5731af50f432:group-BC7EC6C0BAA3:LeaderElection24] INFO  segmented.SegmentedRaftLogWorker (SegmentedRaftLogWorker.java:startLogSegment(380)) - 50a57ad1-8537-401a-9ef5-5731af50f432-SegmentedRaftLogWorker:Storage Directory /workdir/hadoop-ozone/integration-test/target/test-dir/MiniOzoneClusterImpl-73aa9163-49e3-40ac-b180-0c4b940e9410/datanode-3/data/ratis/065bb3eb-eeb2-42fc-ab98-bc7ec6c0baa3: Starting segment from index:0
2019-09-04 03:20:23,332 [50a57ad1-8537-401a-9ef5-5731af50f432:group-BC7EC6C0BAA3:LeaderElection24] INFO  impl.RaftServerImpl (ServerState.java:setRaftConf(361)) - 50a57ad1-8537-401a-9ef5-5731af50f432:group-BC7EC6C0BAA3 set configuration 0: [5874772f-8d83-4395-aefd-8b53e7bb01f4:192.168.69.105:36739, 3bf639f6-5176-4655-a6a8-540014321443:192.168.69.105:43577, 50a57ad1-8537-401a-9ef5-5731af50f432:192.168.69.105:39317], old=null at 0
2019-09-04 03:20:23,376 [3bf639f6-5176-4655-a6a8-540014321443-SegmentedRaftLogWorker:Storage Directory /workdir/hadoop-ozone/integration-test/target/test-dir/MiniOzoneClusterImpl-73aa9163-49e3-40ac-b180-0c4b940e9410/datanode-5/data/ratis/e9e2e1ce-a9e7-43dd-a3fd-783ab5ca4784] INFO  segmented.SegmentedRaftLogWorker (SegmentedRaftLogWorker.java:execute(569)) - 3bf639f6-5176-4655-a6a8-540014321443-SegmentedRaftLogWorker:Storage Directory /workdir/hadoop-ozone/integration-test/target/test-dir/MiniOzoneClusterImpl-73aa9163-49e3-40ac-b180-0c4b940e9410/datanode-5/data/ratis/e9e2e1ce-a9e7-43dd-a3fd-783ab5ca4784: created new log segment /workdir/hadoop-ozone/integration-test/target/test-dir/MiniOzoneClusterImpl-73aa9163-49e3-40ac-b180-0c4b940e9410/datanode-5/data/ratis/e9e2e1ce-a9e7-43dd-a3fd-783ab5ca4784/current/log_inprogress_0
2019-09-04 03:20:23,378 [grpc-default-executor-4] INFO  impl.RaftServerImpl (ServerState.java:setLeader(263)) - 5874772f-8d83-4395-aefd-8b53e7bb01f4:group-BC7EC6C0BAA3 change Leader from null to 50a57ad1-8537-401a-9ef5-5731af50f432 at term 1 for appendEntries, leader elected after 5194ms
2019-09-04 03:20:23,378 [grpc-default-executor-0] INFO  impl.RaftServerImpl (ServerState.java:setLeader(263)) - 3bf639f6-5176-4655-a6a8-540014321443:group-BC7EC6C0BAA3 change Leader from null to 50a57ad1-8537-401a-9ef5-5731af50f432 at term 1 for appendEntries, leader elected after 5194ms
2019-09-04 03:20:23,382 [grpc-default-executor-0] INFO  impl.RaftServerImpl (ServerState.java:setRaftConf(361)) - 5874772f-8d83-4395-aefd-8b53e7bb01f4:group-BC7EC6C0BAA3 set configuration 0: [5874772f-8d83-4395-aefd-8b53e7bb01f4:192.168.69.105:36739, 3bf639f6-5176-4655-a6a8-540014321443:192.168.69.105:43577, 50a57ad1-8537-401a-9ef5-5731af50f432:192.168.69.105:39317], old=null at 0
2019-09-04 03:20:23,382 [grpc-default-executor-0] INFO  segmented.SegmentedRaftLogWorker (SegmentedRaftLogWorker.java:startLogSegment(380)) - 5874772f-8d83-4395-aefd-8b53e7bb01f4-SegmentedRaftLogWorker:Storage Directory /workdir/hadoop-ozone/integration-test/target/test-dir/MiniOzoneClusterImpl-73aa9163-49e3-40ac-b180-0c4b940e9410/datanode-4/data/ratis/065bb3eb-eeb2-42fc-ab98-bc7ec6c0baa3: Starting segment from index:0
2019-09-04 03:20:23,382 [grpc-default-executor-4] INFO  impl.RaftServerImpl (ServerState.java:setRaftConf(361)) - 3bf639f6-5176-4655-a6a8-540014321443:group-BC7EC6C0BAA3 set configuration 0: [5874772f-8d83-4395-aefd-8b53e7bb01f4:192.168.69.105:36739, 3bf639f6-5176-4655-a6a8-540014321443:192.168.69.105:43577, 50a57ad1-8537-401a-9ef5-5731af50f432:192.168.69.105:39317], old=null at 0
2019-09-04 03:20:23,383 [grpc-default-executor-4] INFO  segmented.SegmentedRaftLogWorker (SegmentedRaftLogWorker.java:startLogSegment(380)) - 3bf639f6-5176-4655-a6a8-540014321443-SegmentedRaftLogWorker:Storage Directory /workdir/hadoop-ozone/integration-test/target/test-dir/MiniOzoneClusterImpl-73aa9163-49e3-40ac-b180-0c4b940e9410/datanode-5/data/ratis/065bb3eb-eeb2-42fc-ab98-bc7ec6c0baa3: Starting segment from index:0
2019-09-04 03:20:23,422 [Thread-775] INFO  impl.FollowerState (FollowerState.java:run(106)) - 6b521d90-43c4-4267-a955-3154b8383673:group-E2D9443C4EFD changes to CANDIDATE, lastRpcTime:5107, electionTimeout:5094ms
2019-09-04 03:20:23,422 [50a57ad1-8537-401a-9ef5-5731af50f432-SegmentedRaftLogWorker:Storage Directory /workdir/hadoop-ozone/integration-test/target/test-dir/MiniOzoneClusterImpl-73aa9163-49e3-40ac-b180-0c4b940e9410/datanode-3/data/ratis/065bb3eb-eeb2-42fc-ab98-bc7ec6c0baa3] INFO  segmented.SegmentedRaftLogWorker (SegmentedRaftLogWorker.java:execute(569)) - 50a57ad1-8537-401a-9ef5-5731af50f432-SegmentedRaftLogWorker:Storage Directory /workdir/hadoop-ozone/integration-test/target/test-dir/MiniOzoneClusterImpl-73aa9163-49e3-40ac-b180-0c4b940e9410/datanode-3/data/ratis/065bb3eb-eeb2-42fc-ab98-bc7ec6c0baa3: created new log segment /workdir/hadoop-ozone/integration-test/target/test-dir/MiniOzoneClusterImpl-73aa9163-49e3-40ac-b180-0c4b940e9410/datanode-3/data/ratis/065bb3eb-eeb2-42fc-ab98-bc7ec6c0baa3/current/log_inprogress_0
2019-09-04 03:20:23,422 [Thread-775] INFO  impl.RoleInfo (RoleInfo.java:shutdownFollowerState(121)) - 6b521d90-43c4-4267-a955-3154b8383673: shutdown FollowerState
2019-09-04 03:20:23,422 [Thread-775] INFO  impl.RaftServerImpl (RaftServerImpl.java:setRole(171)) - 6b521d90-43c4-4267-a955-3154b8383673:group-E2D9443C4EFD changes role from FOLLOWER to CANDIDATE at term 0 for changeToCandidate
2019-09-04 03:20:23,423 [Thread-775] INFO  impl.RoleInfo (RoleInfo.java:updateAndGet(143)) - 6b521d90-43c4-4267-a955-3154b8383673: start LeaderElection
2019-09-04 03:20:23,458 [5874772f-8d83-4395-aefd-8b53e7bb01f4-SegmentedRaftLogWorker:Storage Directory /workdir/hadoop-ozone/integration-test/target/test-dir/MiniOzoneClusterImpl-73aa9163-49e3-40ac-b180-0c4b940e9410/datanode-4/data/ratis/065bb3eb-eeb2-42fc-ab98-bc7ec6c0baa3] INFO  segmented.SegmentedRaftLogWorker (SegmentedRaftLogWorker.java:execute(569)) - 5874772f-8d83-4395-aefd-8b53e7bb01f4-SegmentedRaftLogWorker:Storage Directory /workdir/hadoop-ozone/integration-test/target/test-dir/MiniOzoneClusterImpl-73aa9163-49e3-40ac-b180-0c4b940e9410/datanode-4/data/ratis/065bb3eb-eeb2-42fc-ab98-bc7ec6c0baa3: created new log segment /workdir/hadoop-ozone/integration-test/target/test-dir/MiniOzoneClusterImpl-73aa9163-49e3-40ac-b180-0c4b940e9410/datanode-4/data/ratis/065bb3eb-eeb2-42fc-ab98-bc7ec6c0baa3/current/log_inprogress_0
2019-09-04 03:20:23,477 [3bf639f6-5176-4655-a6a8-540014321443-SegmentedRaftLogWorker:Storage Directory /workdir/hadoop-ozone/integration-test/target/test-dir/MiniOzoneClusterImpl-73aa9163-49e3-40ac-b180-0c4b940e9410/datanode-5/data/ratis/065bb3eb-eeb2-42fc-ab98-bc7ec6c0baa3] INFO  segmented.SegmentedRaftLogWorker (SegmentedRaftLogWorker.java:execute(569)) - 3bf639f6-5176-4655-a6a8-540014321443-SegmentedRaftLogWorker:Storage Directory /workdir/hadoop-ozone/integration-test/target/test-dir/MiniOzoneClusterImpl-73aa9163-49e3-40ac-b180-0c4b940e9410/datanode-5/data/ratis/065bb3eb-eeb2-42fc-ab98-bc7ec6c0baa3: created new log segment /workdir/hadoop-ozone/integration-test/target/test-dir/MiniOzoneClusterImpl-73aa9163-49e3-40ac-b180-0c4b940e9410/datanode-5/data/ratis/065bb3eb-eeb2-42fc-ab98-bc7ec6c0baa3/current/log_inprogress_0
2019-09-04 03:20:23,477 [6b521d90-43c4-4267-a955-3154b8383673:group-E2D9443C4EFD:LeaderElection26] INFO  impl.LeaderElection (LeaderElection.java:askForVotes(181)) - 6b521d90-43c4-4267-a955-3154b8383673:group-E2D9443C4EFD:LeaderElection26: begin an election at term 1 for -1: [6b521d90-43c4-4267-a955-3154b8383673:192.168.69.105:44494], old=null
2019-09-04 03:20:23,477 [6b521d90-43c4-4267-a955-3154b8383673:group-E2D9443C4EFD:LeaderElection26] INFO  impl.RoleInfo (RoleInfo.java:shutdownLeaderElection(134)) - 6b521d90-43c4-4267-a955-3154b8383673: shutdown LeaderElection
2019-09-04 03:20:23,477 [6b521d90-43c4-4267-a955-3154b8383673:group-E2D9443C4EFD:LeaderElection26] INFO  impl.RaftServerImpl (RaftServerImpl.java:setRole(171)) - 6b521d90-43c4-4267-a955-3154b8383673:group-E2D9443C4EFD changes role from CANDIDATE to LEADER at term 1 for changeToLeader
2019-09-04 03:20:23,477 [6b521d90-43c4-4267-a955-3154b8383673:group-E2D9443C4EFD:LeaderElection26] INFO  impl.RaftServerImpl (ServerState.java:setLeader(263)) - 6b521d90-43c4-4267-a955-3154b8383673:group-E2D9443C4EFD change Leader from null to 6b521d90-43c4-4267-a955-3154b8383673 at term 1 for becomeLeader, leader elected after 5166ms
2019-09-04 03:20:23,478 [6b521d90-43c4-4267-a955-3154b8383673:group-E2D9443C4EFD:LeaderElection26] INFO  server.RaftServerConfigKeys (ConfUtils.java:logGet(43)) - raft.server.staging.catchup.gap = 1000 (default)
2019-09-04 03:20:23,478 [6b521d90-43c4-4267-a955-3154b8383673:group-E2D9443C4EFD:LeaderElection26] INFO  server.RaftServerConfigKeys (ConfUtils.java:logGet(43)) - raft.server.rpc.sleep.time = 25ms (default)
2019-09-04 03:20:23,478 [6b521d90-43c4-4267-a955-3154b8383673:group-E2D9443C4EFD:LeaderElection26] INFO  server.RaftServerConfigKeys (ConfUtils.java:logGet(43)) - raft.server.write.element-limit = 4096 (default)
2019-09-04 03:20:23,478 [6b521d90-43c4-4267-a955-3154b8383673:group-E2D9443C4EFD:LeaderElection26] INFO  server.RaftServerConfigKeys (ConfUtils.java:logGet(43)) - raft.server.watch.timeout = 10s (default)
2019-09-04 03:20:23,478 [6b521d90-43c4-4267-a955-3154b8383673:group-E2D9443C4EFD:LeaderElection26] INFO  server.RaftServerConfigKeys (ConfUtils.java:logGet(43)) - raft.server.watch.timeout.denomination = 1s (default)
2019-09-04 03:20:23,478 [6b521d90-43c4-4267-a955-3154b8383673:group-E2D9443C4EFD:LeaderElection26] INFO  server.RaftServerConfigKeys (ConfUtils.java:logGet(43)) - raft.server.watch.element-limit = 65536 (default)
2019-09-04 03:20:23,478 [6b521d90-43c4-4267-a955-3154b8383673:group-E2D9443C4EFD:LeaderElection26] INFO  impl.RoleInfo (RoleInfo.java:updateAndGet(143)) - 6b521d90-43c4-4267-a955-3154b8383673: start LeaderState
2019-09-04 03:20:23,479 [6b521d90-43c4-4267-a955-3154b8383673:group-E2D9443C4EFD:LeaderElection26] INFO  segmented.SegmentedRaftLogWorker (SegmentedRaftLogWorker.java:startLogSegment(380)) - 6b521d90-43c4-4267-a955-3154b8383673-SegmentedRaftLogWorker:Storage Directory /workdir/hadoop-ozone/integration-test/target/test-dir/MiniOzoneClusterImpl-73aa9163-49e3-40ac-b180-0c4b940e9410/datanode-6/data/ratis/e5e33504-44b1-4d6d-99e5-e2d9443c4efd: Starting segment from index:0
2019-09-04 03:20:23,479 [6b521d90-43c4-4267-a955-3154b8383673:group-E2D9443C4EFD:LeaderElection26] INFO  impl.RaftServerImpl (ServerState.java:setRaftConf(361)) - 6b521d90-43c4-4267-a955-3154b8383673:group-E2D9443C4EFD set configuration 0: [6b521d90-43c4-4267-a955-3154b8383673:192.168.69.105:44494], old=null at 0
2019-09-04 03:20:23,540 [6b521d90-43c4-4267-a955-3154b8383673-SegmentedRaftLogWorker:Storage Directory /workdir/hadoop-ozone/integration-test/target/test-dir/MiniOzoneClusterImpl-73aa9163-49e3-40ac-b180-0c4b940e9410/datanode-6/data/ratis/e5e33504-44b1-4d6d-99e5-e2d9443c4efd] INFO  segmented.SegmentedRaftLogWorker (SegmentedRaftLogWorker.java:execute(569)) - 6b521d90-43c4-4267-a955-3154b8383673-SegmentedRaftLogWorker:Storage Directory /workdir/hadoop-ozone/integration-test/target/test-dir/MiniOzoneClusterImpl-73aa9163-49e3-40ac-b180-0c4b940e9410/datanode-6/data/ratis/e5e33504-44b1-4d6d-99e5-e2d9443c4efd: created new log segment /workdir/hadoop-ozone/integration-test/target/test-dir/MiniOzoneClusterImpl-73aa9163-49e3-40ac-b180-0c4b940e9410/datanode-6/data/ratis/e5e33504-44b1-4d6d-99e5-e2d9443c4efd/current/log_inprogress_0
2019-09-04 03:20:23,792 | INFO  | SCMAudit | user=jenkins1000 | ip=192.168.69.105 | op=SEND_HEARTBEAT {datanodeUUID=5874772f-8d83-4395-aefd-8b53e7bb01f4, command=[]} | ret=SUCCESS |  
2019-09-04 03:20:23,992 | INFO  | SCMAudit | user=jenkins1000 | ip=192.168.69.105 | op=SEND_HEARTBEAT {datanodeUUID=84f9c2c4-73f2-4ad7-b9a8-3f333e5b0e84, command=[]} | ret=SUCCESS |  
2019-09-04 03:20:23,992 | INFO  | SCMAudit | user=jenkins1000 | ip=192.168.69.105 | op=SEND_HEARTBEAT {datanodeUUID=524a4774-666f-452c-9a20-e87fa1e4f616, command=[]} | ret=SUCCESS |  
2019-09-04 03:20:23,992 | INFO  | SCMAudit | user=jenkins1000 | ip=192.168.69.105 | op=SEND_HEARTBEAT {datanodeUUID=3895fe08-5e04-46ac-ae6d-2b942b921927, command=[]} | ret=SUCCESS |  
2019-09-04 03:20:24,014 | INFO  | SCMAudit | user=jenkins1000 | ip=192.168.69.105 | op=SEND_HEARTBEAT {datanodeUUID=3bf639f6-5176-4655-a6a8-540014321443, command=[]} | ret=SUCCESS |  
2019-09-04 03:20:24,269 | INFO  | SCMAudit | user=jenkins1000 | ip=192.168.69.105 | op=SEND_HEARTBEAT {datanodeUUID=6b521d90-43c4-4267-a955-3154b8383673, command=[]} | ret=SUCCESS |  
2019-09-04 03:20:24,329 | INFO  | SCMAudit | user=jenkins1000 | ip=192.168.69.105 | op=SEND_HEARTBEAT {datanodeUUID=50a57ad1-8537-401a-9ef5-5731af50f432, command=[]} | ret=SUCCESS |  
2019-09-04 03:20:24,792 | INFO  | SCMAudit | user=jenkins1000 | ip=192.168.69.105 | op=SEND_HEARTBEAT {datanodeUUID=5874772f-8d83-4395-aefd-8b53e7bb01f4, command=[]} | ret=SUCCESS |  
2019-09-04 03:20:24,992 | INFO  | SCMAudit | user=jenkins1000 | ip=192.168.69.105 | op=SEND_HEARTBEAT {datanodeUUID=84f9c2c4-73f2-4ad7-b9a8-3f333e5b0e84, command=[]} | ret=SUCCESS |  
2019-09-04 03:20:24,992 | INFO  | SCMAudit | user=jenkins1000 | ip=192.168.69.105 | op=SEND_HEARTBEAT {datanodeUUID=524a4774-666f-452c-9a20-e87fa1e4f616, command=[]} | ret=SUCCESS |  
2019-09-04 03:20:24,993 | INFO  | SCMAudit | user=jenkins1000 | ip=192.168.69.105 | op=SEND_HEARTBEAT {datanodeUUID=3895fe08-5e04-46ac-ae6d-2b942b921927, command=[]} | ret=SUCCESS |  
2019-09-04 03:20:25,013 | INFO  | SCMAudit | user=jenkins1000 | ip=192.168.69.105 | op=SEND_HEARTBEAT {datanodeUUID=3bf639f6-5176-4655-a6a8-540014321443, command=[]} | ret=SUCCESS |  
2019-09-04 03:20:25,269 | INFO  | SCMAudit | user=jenkins1000 | ip=192.168.69.105 | op=SEND_HEARTBEAT {datanodeUUID=6b521d90-43c4-4267-a955-3154b8383673, command=[]} | ret=SUCCESS |  
2019-09-04 03:20:25,329 | INFO  | SCMAudit | user=jenkins1000 | ip=192.168.69.105 | op=SEND_HEARTBEAT {datanodeUUID=50a57ad1-8537-401a-9ef5-5731af50f432, command=[]} | ret=SUCCESS |  
2019-09-04 03:20:25,792 | INFO  | SCMAudit | user=jenkins1000 | ip=192.168.69.105 | op=SEND_HEARTBEAT {datanodeUUID=5874772f-8d83-4395-aefd-8b53e7bb01f4, command=[]} | ret=SUCCESS |  
2019-09-04 03:20:25,992 | INFO  | SCMAudit | user=jenkins1000 | ip=192.168.69.105 | op=SEND_HEARTBEAT {datanodeUUID=84f9c2c4-73f2-4ad7-b9a8-3f333e5b0e84, command=[]} | ret=SUCCESS |  
2019-09-04 03:20:25,992 | INFO  | SCMAudit | user=jenkins1000 | ip=192.168.69.105 | op=SEND_HEARTBEAT {datanodeUUID=524a4774-666f-452c-9a20-e87fa1e4f616, command=[]} | ret=SUCCESS |  
2019-09-04 03:20:25,992 | INFO  | SCMAudit | user=jenkins1000 | ip=192.168.69.105 | op=SEND_HEARTBEAT {datanodeUUID=3895fe08-5e04-46ac-ae6d-2b942b921927, command=[]} | ret=SUCCESS |  
2019-09-04 03:20:26,014 | INFO  | SCMAudit | user=jenkins1000 | ip=192.168.69.105 | op=SEND_HEARTBEAT {datanodeUUID=3bf639f6-5176-4655-a6a8-540014321443, command=[]} | ret=SUCCESS |  
2019-09-04 03:20:26,269 | INFO  | SCMAudit | user=jenkins1000 | ip=192.168.69.105 | op=SEND_HEARTBEAT {datanodeUUID=6b521d90-43c4-4267-a955-3154b8383673, command=[]} | ret=SUCCESS |  
2019-09-04 03:20:26,329 | INFO  | SCMAudit | user=jenkins1000 | ip=192.168.69.105 | op=SEND_HEARTBEAT {datanodeUUID=50a57ad1-8537-401a-9ef5-5731af50f432, command=[]} | ret=SUCCESS |  
2019-09-04 03:20:26,793 | INFO  | SCMAudit | user=jenkins1000 | ip=192.168.69.105 | op=SEND_HEARTBEAT {datanodeUUID=5874772f-8d83-4395-aefd-8b53e7bb01f4, command=[]} | ret=SUCCESS |  
2019-09-04 03:20:26,991 | INFO  | SCMAudit | user=jenkins1000 | ip=192.168.69.105 | op=SEND_HEARTBEAT {datanodeUUID=524a4774-666f-452c-9a20-e87fa1e4f616, command=[]} | ret=SUCCESS |  
2019-09-04 03:20:26,991 | INFO  | SCMAudit | user=jenkins1000 | ip=192.168.69.105 | op=SEND_HEARTBEAT {datanodeUUID=84f9c2c4-73f2-4ad7-b9a8-3f333e5b0e84, command=[]} | ret=SUCCESS |  
2019-09-04 03:20:26,992 | INFO  | SCMAudit | user=jenkins1000 | ip=192.168.69.105 | op=SEND_HEARTBEAT {datanodeUUID=3895fe08-5e04-46ac-ae6d-2b942b921927, command=[]} | ret=SUCCESS |  
2019-09-04 03:20:27,020 | INFO  | SCMAudit | user=jenkins1000 | ip=192.168.69.105 | op=SEND_HEARTBEAT {datanodeUUID=3bf639f6-5176-4655-a6a8-540014321443, command=[]} | ret=SUCCESS |  
2019-09-04 03:20:27,269 | INFO  | SCMAudit | user=jenkins1000 | ip=192.168.69.105 | op=SEND_HEARTBEAT {datanodeUUID=6b521d90-43c4-4267-a955-3154b8383673, command=[]} | ret=SUCCESS |  
2019-09-04 03:20:27,329 | INFO  | SCMAudit | user=jenkins1000 | ip=192.168.69.105 | op=SEND_HEARTBEAT {datanodeUUID=50a57ad1-8537-401a-9ef5-5731af50f432, command=[]} | ret=SUCCESS |  
2019-09-04 03:20:27,793 | INFO  | SCMAudit | user=jenkins1000 | ip=192.168.69.105 | op=SEND_HEARTBEAT {datanodeUUID=5874772f-8d83-4395-aefd-8b53e7bb01f4, command=[]} | ret=SUCCESS |  
2019-09-04 03:20:27,992 | INFO  | SCMAudit | user=jenkins1000 | ip=192.168.69.105 | op=SEND_HEARTBEAT {datanodeUUID=524a4774-666f-452c-9a20-e87fa1e4f616, command=[]} | ret=SUCCESS |  
2019-09-04 03:20:27,992 | INFO  | SCMAudit | user=jenkins1000 | ip=192.168.69.105 | op=SEND_HEARTBEAT {datanodeUUID=84f9c2c4-73f2-4ad7-b9a8-3f333e5b0e84, command=[]} | ret=SUCCESS |  
2019-09-04 03:20:27,993 | INFO  | SCMAudit | user=jenkins1000 | ip=192.168.69.105 | op=SEND_HEARTBEAT {datanodeUUID=3895fe08-5e04-46ac-ae6d-2b942b921927, command=[]} | ret=SUCCESS |  
2019-09-04 03:20:28,020 | INFO  | SCMAudit | user=jenkins1000 | ip=192.168.69.105 | op=SEND_HEARTBEAT {datanodeUUID=3bf639f6-5176-4655-a6a8-540014321443, command=[]} | ret=SUCCESS |  
2019-09-04 03:20:28,048 [grpc-default-executor-4] INFO  client.GrpcClientProtocolClient (GrpcClientProtocolClient.java:onNext(255)) - client-81D3A7E5B111->524a4774-666f-452c-9a20-e87fa1e4f616: receive RaftClientReply:client-81D3A7E5B111->524a4774-666f-452c-9a20-e87fa1e4f616@group-002EB6C1B0CF, cid=45, FAILED org.apache.ratis.protocol.NotLeaderException: Server 524a4774-666f-452c-9a20-e87fa1e4f616 is not the leader (3895fe08-5e04-46ac-ae6d-2b942b921927:192.168.69.105:44785). Request must be sent to leader., logIndex=0, commits[524a4774-666f-452c-9a20-e87fa1e4f616:c8, 3895fe08-5e04-46ac-ae6d-2b942b921927:c8, 84f9c2c4-73f2-4ad7-b9a8-3f333e5b0e84:c8]
2019-09-04 03:20:28,269 | INFO  | SCMAudit | user=jenkins1000 | ip=192.168.69.105 | op=SEND_HEARTBEAT {datanodeUUID=6b521d90-43c4-4267-a955-3154b8383673, command=[]} | ret=SUCCESS |  
2019-09-04 03:20:28,329 | INFO  | SCMAudit | user=jenkins1000 | ip=192.168.69.105 | op=SEND_HEARTBEAT {datanodeUUID=50a57ad1-8537-401a-9ef5-5731af50f432, command=[]} | ret=SUCCESS |  
2019-09-04 03:20:28,794 | INFO  | SCMAudit | user=jenkins1000 | ip=192.168.69.105 | op=SEND_HEARTBEAT {datanodeUUID=5874772f-8d83-4395-aefd-8b53e7bb01f4, command=[]} | ret=SUCCESS |  
2019-09-04 03:20:28,992 | INFO  | SCMAudit | user=jenkins1000 | ip=192.168.69.105 | op=SEND_HEARTBEAT {datanodeUUID=524a4774-666f-452c-9a20-e87fa1e4f616, command=[]} | ret=SUCCESS |  
2019-09-04 03:20:28,992 | INFO  | SCMAudit | user=jenkins1000 | ip=192.168.69.105 | op=SEND_HEARTBEAT {datanodeUUID=84f9c2c4-73f2-4ad7-b9a8-3f333e5b0e84, command=[]} | ret=SUCCESS |  
2019-09-04 03:20:28,992 | INFO  | SCMAudit | user=jenkins1000 | ip=192.168.69.105 | op=SEND_HEARTBEAT {datanodeUUID=3895fe08-5e04-46ac-ae6d-2b942b921927, command=[]} | ret=SUCCESS |  
2019-09-04 03:20:29,021 | INFO  | SCMAudit | user=jenkins1000 | ip=192.168.69.105 | op=SEND_HEARTBEAT {datanodeUUID=3bf639f6-5176-4655-a6a8-540014321443, command=[]} | ret=SUCCESS |  
2019-09-04 03:20:29,269 | INFO  | SCMAudit | user=jenkins1000 | ip=192.168.69.105 | op=SEND_HEARTBEAT {datanodeUUID=6b521d90-43c4-4267-a955-3154b8383673, command=[]} | ret=SUCCESS |  
2019-09-04 03:20:29,329 | INFO  | SCMAudit | user=jenkins1000 | ip=192.168.69.105 | op=SEND_HEARTBEAT {datanodeUUID=50a57ad1-8537-401a-9ef5-5731af50f432, command=[]} | ret=SUCCESS |  
2019-09-04 03:20:29,794 | INFO  | SCMAudit | user=jenkins1000 | ip=192.168.69.105 | op=SEND_HEARTBEAT {datanodeUUID=5874772f-8d83-4395-aefd-8b53e7bb01f4, command=[]} | ret=SUCCESS |  
2019-09-04 03:20:29,992 | INFO  | SCMAudit | user=jenkins1000 | ip=192.168.69.105 | op=SEND_HEARTBEAT {datanodeUUID=524a4774-666f-452c-9a20-e87fa1e4f616, command=[]} | ret=SUCCESS |  
2019-09-04 03:20:29,992 | INFO  | SCMAudit | user=jenkins1000 | ip=192.168.69.105 | op=SEND_HEARTBEAT {datanodeUUID=84f9c2c4-73f2-4ad7-b9a8-3f333e5b0e84, command=[]} | ret=SUCCESS |  
2019-09-04 03:20:29,993 | INFO  | SCMAudit | user=jenkins1000 | ip=192.168.69.105 | op=SEND_HEARTBEAT {datanodeUUID=3895fe08-5e04-46ac-ae6d-2b942b921927, command=[]} | ret=SUCCESS |  
2019-09-04 03:20:30,022 | INFO  | SCMAudit | user=jenkins1000 | ip=192.168.69.105 | op=SEND_HEARTBEAT {datanodeUUID=3bf639f6-5176-4655-a6a8-540014321443, command=[]} | ret=SUCCESS |  
2019-09-04 03:20:30,269 | INFO  | SCMAudit | user=jenkins1000 | ip=192.168.69.105 | op=SEND_HEARTBEAT {datanodeUUID=6b521d90-43c4-4267-a955-3154b8383673, command=[]} | ret=SUCCESS |  
2019-09-04 03:20:30,328 | INFO  | SCMAudit | user=jenkins1000 | ip=192.168.69.105 | op=SEND_HEARTBEAT {datanodeUUID=50a57ad1-8537-401a-9ef5-5731af50f432, command=[]} | ret=SUCCESS |  
2019-09-04 03:20:30,795 | INFO  | SCMAudit | user=jenkins1000 | ip=192.168.69.105 | op=SEND_HEARTBEAT {datanodeUUID=5874772f-8d83-4395-aefd-8b53e7bb01f4, command=[]} | ret=SUCCESS |  
2019-09-04 03:20:30,992 | INFO  | SCMAudit | user=jenkins1000 | ip=192.168.69.105 | op=SEND_HEARTBEAT {datanodeUUID=524a4774-666f-452c-9a20-e87fa1e4f616, command=[]} | ret=SUCCESS |  
2019-09-04 03:20:30,992 | INFO  | SCMAudit | user=jenkins1000 | ip=192.168.69.105 | op=SEND_HEARTBEAT {datanodeUUID=84f9c2c4-73f2-4ad7-b9a8-3f333e5b0e84, command=[]} | ret=SUCCESS |  
2019-09-04 03:20:30,993 | INFO  | SCMAudit | user=jenkins1000 | ip=192.168.69.105 | op=SEND_HEARTBEAT {datanodeUUID=3895fe08-5e04-46ac-ae6d-2b942b921927, command=[]} | ret=SUCCESS |  
2019-09-04 03:20:31,022 | INFO  | SCMAudit | user=jenkins1000 | ip=192.168.69.105 | op=SEND_HEARTBEAT {datanodeUUID=3bf639f6-5176-4655-a6a8-540014321443, command=[]} | ret=SUCCESS |  
2019-09-04 03:20:31,269 | INFO  | SCMAudit | user=jenkins1000 | ip=192.168.69.105 | op=SEND_HEARTBEAT {datanodeUUID=6b521d90-43c4-4267-a955-3154b8383673, command=[]} | ret=SUCCESS |  
2019-09-04 03:20:31,329 | INFO  | SCMAudit | user=jenkins1000 | ip=192.168.69.105 | op=SEND_HEARTBEAT {datanodeUUID=50a57ad1-8537-401a-9ef5-5731af50f432, command=[]} | ret=SUCCESS |  
2019-09-04 03:20:31,795 | INFO  | SCMAudit | user=jenkins1000 | ip=192.168.69.105 | op=SEND_HEARTBEAT {datanodeUUID=5874772f-8d83-4395-aefd-8b53e7bb01f4, command=[]} | ret=SUCCESS |  
2019-09-04 03:20:31,992 | INFO  | SCMAudit | user=jenkins1000 | ip=192.168.69.105 | op=SEND_HEARTBEAT {datanodeUUID=524a4774-666f-452c-9a20-e87fa1e4f616, command=[]} | ret=SUCCESS |  
2019-09-04 03:20:31,992 | INFO  | SCMAudit | user=jenkins1000 | ip=192.168.69.105 | op=SEND_HEARTBEAT {datanodeUUID=84f9c2c4-73f2-4ad7-b9a8-3f333e5b0e84, command=[]} | ret=SUCCESS |  
2019-09-04 03:20:31,994 | INFO  | SCMAudit | user=jenkins1000 | ip=192.168.69.105 | op=SEND_HEARTBEAT {datanodeUUID=3895fe08-5e04-46ac-ae6d-2b942b921927, command=[]} | ret=SUCCESS |  
2019-09-04 03:20:32,022 | INFO  | SCMAudit | user=jenkins1000 | ip=192.168.69.105 | op=SEND_HEARTBEAT {datanodeUUID=3bf639f6-5176-4655-a6a8-540014321443, command=[]} | ret=SUCCESS |  
2019-09-04 03:20:32,269 | INFO  | SCMAudit | user=jenkins1000 | ip=192.168.69.105 | op=SEND_HEARTBEAT {datanodeUUID=6b521d90-43c4-4267-a955-3154b8383673, command=[]} | ret=SUCCESS |  
2019-09-04 03:20:32,328 | INFO  | SCMAudit | user=jenkins1000 | ip=192.168.69.105 | op=SEND_HEARTBEAT {datanodeUUID=50a57ad1-8537-401a-9ef5-5731af50f432, command=[]} | ret=SUCCESS |  
2019-09-04 03:20:32,794 | INFO  | SCMAudit | user=jenkins1000 | ip=192.168.69.105 | op=SEND_HEARTBEAT {datanodeUUID=5874772f-8d83-4395-aefd-8b53e7bb01f4, command=[]} | ret=SUCCESS |  
2019-09-04 03:20:32,992 | INFO  | SCMAudit | user=jenkins1000 | ip=192.168.69.105 | op=SEND_HEARTBEAT {datanodeUUID=84f9c2c4-73f2-4ad7-b9a8-3f333e5b0e84, command=[]} | ret=SUCCESS |  
2019-09-04 03:20:32,992 | INFO  | SCMAudit | user=jenkins1000 | ip=192.168.69.105 | op=SEND_HEARTBEAT {datanodeUUID=524a4774-666f-452c-9a20-e87fa1e4f616, command=[]} | ret=SUCCESS |  
2019-09-04 03:20:32,994 | INFO  | SCMAudit | user=jenkins1000 | ip=192.168.69.105 | op=SEND_HEARTBEAT {datanodeUUID=3895fe08-5e04-46ac-ae6d-2b942b921927, command=[]} | ret=SUCCESS |  
2019-09-04 03:20:33,021 | INFO  | SCMAudit | user=jenkins1000 | ip=192.168.69.105 | op=SEND_HEARTBEAT {datanodeUUID=3bf639f6-5176-4655-a6a8-540014321443, command=[]} | ret=SUCCESS |  
2019-09-04 03:20:33,091 [grpc-default-executor-0] INFO  client.GrpcClientProtocolClient (GrpcClientProtocolClient.java:onNext(255)) - client-81D3A7E5B111->84f9c2c4-73f2-4ad7-b9a8-3f333e5b0e84: receive RaftClientReply:client-81D3A7E5B111->84f9c2c4-73f2-4ad7-b9a8-3f333e5b0e84@group-002EB6C1B0CF, cid=45, FAILED org.apache.ratis.protocol.NotLeaderException: Server 84f9c2c4-73f2-4ad7-b9a8-3f333e5b0e84 is not the leader (3895fe08-5e04-46ac-ae6d-2b942b921927:192.168.69.105:44785). Request must be sent to leader., logIndex=0, commits[84f9c2c4-73f2-4ad7-b9a8-3f333e5b0e84:c8, 3895fe08-5e04-46ac-ae6d-2b942b921927:c8, 524a4774-666f-452c-9a20-e87fa1e4f616:c8]
2019-09-04 03:20:33,269 | INFO  | SCMAudit | user=jenkins1000 | ip=192.168.69.105 | op=SEND_HEARTBEAT {datanodeUUID=6b521d90-43c4-4267-a955-3154b8383673, command=[]} | ret=SUCCESS |  
2019-09-04 03:20:33,329 | INFO  | SCMAudit | user=jenkins1000 | ip=192.168.69.105 | op=SEND_HEARTBEAT {datanodeUUID=50a57ad1-8537-401a-9ef5-5731af50f432, command=[]} | ret=SUCCESS |  
2019-09-04 03:20:33,794 | INFO  | SCMAudit | user=jenkins1000 | ip=192.168.69.105 | op=SEND_HEARTBEAT {datanodeUUID=5874772f-8d83-4395-aefd-8b53e7bb01f4, command=[]} | ret=SUCCESS |  
2019-09-04 03:20:33,992 | INFO  | SCMAudit | user=jenkins1000 | ip=192.168.69.105 | op=SEND_HEARTBEAT {datanodeUUID=524a4774-666f-452c-9a20-e87fa1e4f616, command=[]} | ret=SUCCESS |  
2019-09-04 03:20:33,992 | INFO  | SCMAudit | user=jenkins1000 | ip=192.168.69.105 | op=SEND_HEARTBEAT {datanodeUUID=84f9c2c4-73f2-4ad7-b9a8-3f333e5b0e84, command=[]} | ret=SUCCESS |  
2019-09-04 03:20:33,994 | INFO  | SCMAudit | user=jenkins1000 | ip=192.168.69.105 | op=SEND_HEARTBEAT {datanodeUUID=3895fe08-5e04-46ac-ae6d-2b942b921927, command=[]} | ret=SUCCESS |  
2019-09-04 03:20:34,022 | INFO  | SCMAudit | user=jenkins1000 | ip=192.168.69.105 | op=SEND_HEARTBEAT {datanodeUUID=3bf639f6-5176-4655-a6a8-540014321443, command=[]} | ret=SUCCESS |  
2019-09-04 03:20:34,269 | INFO  | SCMAudit | user=jenkins1000 | ip=192.168.69.105 | op=SEND_HEARTBEAT {datanodeUUID=6b521d90-43c4-4267-a955-3154b8383673, command=[]} | ret=SUCCESS |  
2019-09-04 03:20:34,329 | INFO  | SCMAudit | user=jenkins1000 | ip=192.168.69.105 | op=SEND_HEARTBEAT {datanodeUUID=50a57ad1-8537-401a-9ef5-5731af50f432, command=[]} | ret=SUCCESS |  
2019-09-04 03:20:34,795 | INFO  | SCMAudit | user=jenkins1000 | ip=192.168.69.105 | op=SEND_HEARTBEAT {datanodeUUID=5874772f-8d83-4395-aefd-8b53e7bb01f4, command=[]} | ret=SUCCESS |  
2019-09-04 03:20:34,992 | INFO  | SCMAudit | user=jenkins1000 | ip=192.168.69.105 | op=SEND_HEARTBEAT {datanodeUUID=524a4774-666f-452c-9a20-e87fa1e4f616, command=[]} | ret=SUCCESS |  
2019-09-04 03:20:34,992 | INFO  | SCMAudit | user=jenkins1000 | ip=192.168.69.105 | op=SEND_HEARTBEAT {datanodeUUID=84f9c2c4-73f2-4ad7-b9a8-3f333e5b0e84, command=[]} | ret=SUCCESS |  
2019-09-04 03:20:34,995 | INFO  | SCMAudit | user=jenkins1000 | ip=192.168.69.105 | op=SEND_HEARTBEAT {datanodeUUID=3895fe08-5e04-46ac-ae6d-2b942b921927, command=[]} | ret=SUCCESS |  
2019-09-04 03:20:35,022 | INFO  | SCMAudit | user=jenkins1000 | ip=192.168.69.105 | op=SEND_HEARTBEAT {datanodeUUID=3bf639f6-5176-4655-a6a8-540014321443, command=[]} | ret=SUCCESS |  
2019-09-04 03:20:35,270 | INFO  | SCMAudit | user=jenkins1000 | ip=192.168.69.105 | op=SEND_HEARTBEAT {datanodeUUID=6b521d90-43c4-4267-a955-3154b8383673, command=[]} | ret=SUCCESS |  
2019-09-04 03:20:35,329 | INFO  | SCMAudit | user=jenkins1000 | ip=192.168.69.105 | op=SEND_HEARTBEAT {datanodeUUID=50a57ad1-8537-401a-9ef5-5731af50f432, command=[]} | ret=SUCCESS |  
2019-09-04 03:20:35,794 | INFO  | SCMAudit | user=jenkins1000 | ip=192.168.69.105 | op=SEND_HEARTBEAT {datanodeUUID=5874772f-8d83-4395-aefd-8b53e7bb01f4, command=[]} | ret=SUCCESS |  
2019-09-04 03:20:35,991 | INFO  | SCMAudit | user=jenkins1000 | ip=192.168.69.105 | op=SEND_HEARTBEAT {datanodeUUID=524a4774-666f-452c-9a20-e87fa1e4f616, command=[]} | ret=SUCCESS |  
2019-09-04 03:20:35,991 | INFO  | SCMAudit | user=jenkins1000 | ip=192.168.69.105 | op=SEND_HEARTBEAT {datanodeUUID=84f9c2c4-73f2-4ad7-b9a8-3f333e5b0e84, command=[]} | ret=SUCCESS |  
2019-09-04 03:20:35,995 | INFO  | SCMAudit | user=jenkins1000 | ip=192.168.69.105 | op=SEND_HEARTBEAT {datanodeUUID=3895fe08-5e04-46ac-ae6d-2b942b921927, command=[]} | ret=SUCCESS |  
2019-09-04 03:20:36,022 | INFO  | SCMAudit | user=jenkins1000 | ip=192.168.69.105 | op=SEND_HEARTBEAT {datanodeUUID=3bf639f6-5176-4655-a6a8-540014321443, command=[]} | ret=SUCCESS |  
2019-09-04 03:20:36,270 | INFO  | SCMAudit | user=jenkins1000 | ip=192.168.69.105 | op=SEND_HEARTBEAT {datanodeUUID=6b521d90-43c4-4267-a955-3154b8383673, command=[]} | ret=SUCCESS |  
2019-09-04 03:20:36,329 | INFO  | SCMAudit | user=jenkins1000 | ip=192.168.69.105 | op=SEND_HEARTBEAT {datanodeUUID=50a57ad1-8537-401a-9ef5-5731af50f432, command=[]} | ret=SUCCESS |  
2019-09-04 03:20:36,795 | INFO  | SCMAudit | user=jenkins1000 | ip=192.168.69.105 | op=SEND_HEARTBEAT {datanodeUUID=5874772f-8d83-4395-aefd-8b53e7bb01f4, command=[]} | ret=SUCCESS |  
2019-09-04 03:20:36,991 | INFO  | SCMAudit | user=jenkins1000 | ip=192.168.69.105 | op=SEND_HEARTBEAT {datanodeUUID=524a4774-666f-452c-9a20-e87fa1e4f616, command=[]} | ret=SUCCESS |  
2019-09-04 03:20:36,991 | INFO  | SCMAudit | user=jenkins1000 | ip=192.168.69.105 | op=SEND_HEARTBEAT {datanodeUUID=84f9c2c4-73f2-4ad7-b9a8-3f333e5b0e84, command=[]} | ret=SUCCESS |  
2019-09-04 03:20:36,996 | INFO  | SCMAudit | user=jenkins1000 | ip=192.168.69.105 | op=SEND_HEARTBEAT {datanodeUUID=3895fe08-5e04-46ac-ae6d-2b942b921927, command=[]} | ret=SUCCESS |  
2019-09-04 03:20:37,022 | INFO  | SCMAudit | user=jenkins1000 | ip=192.168.69.105 | op=SEND_HEARTBEAT {datanodeUUID=3bf639f6-5176-4655-a6a8-540014321443, command=[]} | ret=SUCCESS |  
2019-09-04 03:20:37,270 | INFO  | SCMAudit | user=jenkins1000 | ip=192.168.69.105 | op=SEND_HEARTBEAT {datanodeUUID=6b521d90-43c4-4267-a955-3154b8383673, command=[]} | ret=SUCCESS |  
2019-09-04 03:20:37,330 | INFO  | SCMAudit | user=jenkins1000 | ip=192.168.69.105 | op=SEND_HEARTBEAT {datanodeUUID=50a57ad1-8537-401a-9ef5-5731af50f432, command=[]} | ret=SUCCESS |  
2019-09-04 03:20:37,796 | INFO  | SCMAudit | user=jenkins1000 | ip=192.168.69.105 | op=SEND_HEARTBEAT {datanodeUUID=5874772f-8d83-4395-aefd-8b53e7bb01f4, command=[]} | ret=SUCCESS |  
2019-09-04 03:20:37,992 | INFO  | SCMAudit | user=jenkins1000 | ip=192.168.69.105 | op=SEND_HEARTBEAT {datanodeUUID=84f9c2c4-73f2-4ad7-b9a8-3f333e5b0e84, command=[]} | ret=SUCCESS |  
2019-09-04 03:20:37,992 | INFO  | SCMAudit | user=jenkins1000 | ip=192.168.69.105 | op=SEND_HEARTBEAT {datanodeUUID=524a4774-666f-452c-9a20-e87fa1e4f616, command=[]} | ret=SUCCESS |  
2019-09-04 03:20:37,995 | INFO  | SCMAudit | user=jenkins1000 | ip=192.168.69.105 | op=SEND_HEARTBEAT {datanodeUUID=3895fe08-5e04-46ac-ae6d-2b942b921927, command=[]} | ret=SUCCESS |  
2019-09-04 03:20:38,022 | INFO  | SCMAudit | user=jenkins1000 | ip=192.168.69.105 | op=SEND_HEARTBEAT {datanodeUUID=3bf639f6-5176-4655-a6a8-540014321443, command=[]} | ret=SUCCESS |  
2019-09-04 03:20:38,129 [grpc-default-executor-4] INFO  client.GrpcClientProtocolClient (GrpcClientProtocolClient.java:onNext(255)) - client-81D3A7E5B111->84f9c2c4-73f2-4ad7-b9a8-3f333e5b0e84: receive RaftClientReply:client-81D3A7E5B111->84f9c2c4-73f2-4ad7-b9a8-3f333e5b0e84@group-002EB6C1B0CF, cid=45, FAILED org.apache.ratis.protocol.NotLeaderException: Server 84f9c2c4-73f2-4ad7-b9a8-3f333e5b0e84 is not the leader (3895fe08-5e04-46ac-ae6d-2b942b921927:192.168.69.105:44785). Request must be sent to leader., logIndex=0, commits[84f9c2c4-73f2-4ad7-b9a8-3f333e5b0e84:c8, 3895fe08-5e04-46ac-ae6d-2b942b921927:c8, 524a4774-666f-452c-9a20-e87fa1e4f616:c8]
2019-09-04 03:20:38,270 | INFO  | SCMAudit | user=jenkins1000 | ip=192.168.69.105 | op=SEND_HEARTBEAT {datanodeUUID=6b521d90-43c4-4267-a955-3154b8383673, command=[]} | ret=SUCCESS |  
2019-09-04 03:20:38,329 | INFO  | SCMAudit | user=jenkins1000 | ip=192.168.69.105 | op=SEND_HEARTBEAT {datanodeUUID=50a57ad1-8537-401a-9ef5-5731af50f432, command=[]} | ret=SUCCESS |  
2019-09-04 03:20:38,797 | INFO  | SCMAudit | user=jenkins1000 | ip=192.168.69.105 | op=SEND_HEARTBEAT {datanodeUUID=5874772f-8d83-4395-aefd-8b53e7bb01f4, command=[]} | ret=SUCCESS |  
2019-09-04 03:20:38,993 | INFO  | SCMAudit | user=jenkins1000 | ip=192.168.69.105 | op=SEND_HEARTBEAT {datanodeUUID=84f9c2c4-73f2-4ad7-b9a8-3f333e5b0e84, command=[]} | ret=SUCCESS |  
2019-09-04 03:20:38,993 | INFO  | SCMAudit | user=jenkins1000 | ip=192.168.69.105 | op=SEND_HEARTBEAT {datanodeUUID=524a4774-666f-452c-9a20-e87fa1e4f616, command=[]} | ret=SUCCESS |  
2019-09-04 03:20:38,995 | INFO  | SCMAudit | user=jenkins1000 | ip=192.168.69.105 | op=SEND_HEARTBEAT {datanodeUUID=3895fe08-5e04-46ac-ae6d-2b942b921927, command=[]} | ret=SUCCESS |  
2019-09-04 03:20:39,021 | INFO  | SCMAudit | user=jenkins1000 | ip=192.168.69.105 | op=SEND_HEARTBEAT {datanodeUUID=3bf639f6-5176-4655-a6a8-540014321443, command=[]} | ret=SUCCESS |  
2019-09-04 03:20:39,270 | INFO  | SCMAudit | user=jenkins1000 | ip=192.168.69.105 | op=SEND_HEARTBEAT {datanodeUUID=6b521d90-43c4-4267-a955-3154b8383673, command=[]} | ret=SUCCESS |  
2019-09-04 03:20:39,329 | INFO  | SCMAudit | user=jenkins1000 | ip=192.168.69.105 | op=SEND_HEARTBEAT {datanodeUUID=50a57ad1-8537-401a-9ef5-5731af50f432, command=[]} | ret=SUCCESS |  
2019-09-04 03:20:39,797 | INFO  | SCMAudit | user=jenkins1000 | ip=192.168.69.105 | op=SEND_HEARTBEAT {datanodeUUID=5874772f-8d83-4395-aefd-8b53e7bb01f4, command=[]} | ret=SUCCESS |  
2019-09-04 03:20:39,994 | INFO  | SCMAudit | user=jenkins1000 | ip=192.168.69.105 | op=SEND_HEARTBEAT {datanodeUUID=84f9c2c4-73f2-4ad7-b9a8-3f333e5b0e84, command=[]} | ret=SUCCESS |  
2019-09-04 03:20:39,994 | INFO  | SCMAudit | user=jenkins1000 | ip=192.168.69.105 | op=SEND_HEARTBEAT {datanodeUUID=524a4774-666f-452c-9a20-e87fa1e4f616, command=[]} | ret=SUCCESS |  
2019-09-04 03:20:39,995 | INFO  | SCMAudit | user=jenkins1000 | ip=192.168.69.105 | op=SEND_HEARTBEAT {datanodeUUID=3895fe08-5e04-46ac-ae6d-2b942b921927, command=[]} | ret=SUCCESS |  
2019-09-04 03:20:40,021 | INFO  | SCMAudit | user=jenkins1000 | ip=192.168.69.105 | op=SEND_HEARTBEAT {datanodeUUID=3bf639f6-5176-4655-a6a8-540014321443, command=[]} | ret=SUCCESS |  
2019-09-04 03:20:40,269 | INFO  | SCMAudit | user=jenkins1000 | ip=192.168.69.105 | op=SEND_HEARTBEAT {datanodeUUID=6b521d90-43c4-4267-a955-3154b8383673, command=[]} | ret=SUCCESS |  
2019-09-04 03:20:40,330 | INFO  | SCMAudit | user=jenkins1000 | ip=192.168.69.105 | op=SEND_HEARTBEAT {datanodeUUID=50a57ad1-8537-401a-9ef5-5731af50f432, command=[]} | ret=SUCCESS |  
2019-09-04 03:20:40,797 | INFO  | SCMAudit | user=jenkins1000 | ip=192.168.69.105 | op=SEND_HEARTBEAT {datanodeUUID=5874772f-8d83-4395-aefd-8b53e7bb01f4, command=[]} | ret=SUCCESS |  
2019-09-04 03:20:40,993 | INFO  | SCMAudit | user=jenkins1000 | ip=192.168.69.105 | op=SEND_HEARTBEAT {datanodeUUID=524a4774-666f-452c-9a20-e87fa1e4f616, command=[]} | ret=SUCCESS |  
2019-09-04 03:20:40,993 | INFO  | SCMAudit | user=jenkins1000 | ip=192.168.69.105 | op=SEND_HEARTBEAT {datanodeUUID=84f9c2c4-73f2-4ad7-b9a8-3f333e5b0e84, command=[]} | ret=SUCCESS |  
2019-09-04 03:20:40,996 | INFO  | SCMAudit | user=jenkins1000 | ip=192.168.69.105 | op=SEND_HEARTBEAT {datanodeUUID=3895fe08-5e04-46ac-ae6d-2b942b921927, command=[]} | ret=SUCCESS |  
2019-09-04 03:20:41,021 | INFO  | SCMAudit | user=jenkins1000 | ip=192.168.69.105 | op=SEND_HEARTBEAT {datanodeUUID=3bf639f6-5176-4655-a6a8-540014321443, command=[]} | ret=SUCCESS |  
2019-09-04 03:20:41,270 | INFO  | SCMAudit | user=jenkins1000 | ip=192.168.69.105 | op=SEND_HEARTBEAT {datanodeUUID=6b521d90-43c4-4267-a955-3154b8383673, command=[]} | ret=SUCCESS |  
2019-09-04 03:20:41,330 | INFO  | SCMAudit | user=jenkins1000 | ip=192.168.69.105 | op=SEND_HEARTBEAT {datanodeUUID=50a57ad1-8537-401a-9ef5-5731af50f432, command=[]} | ret=SUCCESS |  
2019-09-04 03:20:41,797 | INFO  | SCMAudit | user=jenkins1000 | ip=192.168.69.105 | op=SEND_HEARTBEAT {datanodeUUID=5874772f-8d83-4395-aefd-8b53e7bb01f4, command=[]} | ret=SUCCESS |  
2019-09-04 03:20:41,993 | INFO  | SCMAudit | user=jenkins1000 | ip=192.168.69.105 | op=SEND_HEARTBEAT {datanodeUUID=524a4774-666f-452c-9a20-e87fa1e4f616, command=[]} | ret=SUCCESS |  
2019-09-04 03:20:41,993 | INFO  | SCMAudit | user=jenkins1000 | ip=192.168.69.105 | op=SEND_HEARTBEAT {datanodeUUID=84f9c2c4-73f2-4ad7-b9a8-3f333e5b0e84, command=[]} | ret=SUCCESS |  
2019-09-04 03:20:41,996 | INFO  | SCMAudit | user=jenkins1000 | ip=192.168.69.105 | op=SEND_HEARTBEAT {datanodeUUID=3895fe08-5e04-46ac-ae6d-2b942b921927, command=[]} | ret=SUCCESS |  
2019-09-04 03:20:42,021 | INFO  | SCMAudit | user=jenkins1000 | ip=192.168.69.105 | op=SEND_HEARTBEAT {datanodeUUID=3bf639f6-5176-4655-a6a8-540014321443, command=[]} | ret=SUCCESS |  
2019-09-04 03:20:42,270 | INFO  | SCMAudit | user=jenkins1000 | ip=192.168.69.105 | op=SEND_HEARTBEAT {datanodeUUID=6b521d90-43c4-4267-a955-3154b8383673, command=[]} | ret=SUCCESS |  
2019-09-04 03:20:42,329 | INFO  | SCMAudit | user=jenkins1000 | ip=192.168.69.105 | op=SEND_HEARTBEAT {datanodeUUID=50a57ad1-8537-401a-9ef5-5731af50f432, command=[]} | ret=SUCCESS |  
2019-09-04 03:20:42,797 | INFO  | SCMAudit | user=jenkins1000 | ip=192.168.69.105 | op=SEND_HEARTBEAT {datanodeUUID=5874772f-8d83-4395-aefd-8b53e7bb01f4, command=[]} | ret=SUCCESS |  
2019-09-04 03:20:42,994 | INFO  | SCMAudit | user=jenkins1000 | ip=192.168.69.105 | op=SEND_HEARTBEAT {datanodeUUID=524a4774-666f-452c-9a20-e87fa1e4f616, command=[]} | ret=SUCCESS |  
2019-09-04 03:20:42,994 | INFO  | SCMAudit | user=jenkins1000 | ip=192.168.69.105 | op=SEND_HEARTBEAT {datanodeUUID=84f9c2c4-73f2-4ad7-b9a8-3f333e5b0e84, command=[]} | ret=SUCCESS |  
2019-09-04 03:20:42,996 | INFO  | SCMAudit | user=jenkins1000 | ip=192.168.69.105 | op=SEND_HEARTBEAT {datanodeUUID=3895fe08-5e04-46ac-ae6d-2b942b921927, command=[]} | ret=SUCCESS |  
2019-09-04 03:20:43,021 | INFO  | SCMAudit | user=jenkins1000 | ip=192.168.69.105 | op=SEND_HEARTBEAT {datanodeUUID=3bf639f6-5176-4655-a6a8-540014321443, command=[]} | ret=SUCCESS |  
2019-09-04 03:20:43,176 [grpc-default-executor-4] INFO  client.GrpcClientProtocolClient (GrpcClientProtocolClient.java:onNext(255)) - client-81D3A7E5B111->84f9c2c4-73f2-4ad7-b9a8-3f333e5b0e84: receive RaftClientReply:client-81D3A7E5B111->84f9c2c4-73f2-4ad7-b9a8-3f333e5b0e84@group-002EB6C1B0CF, cid=45, FAILED org.apache.ratis.protocol.NotLeaderException: Server 84f9c2c4-73f2-4ad7-b9a8-3f333e5b0e84 is not the leader (3895fe08-5e04-46ac-ae6d-2b942b921927:192.168.69.105:44785). Request must be sent to leader., logIndex=0, commits[84f9c2c4-73f2-4ad7-b9a8-3f333e5b0e84:c8, 3895fe08-5e04-46ac-ae6d-2b942b921927:c8, 524a4774-666f-452c-9a20-e87fa1e4f616:c8]
2019-09-04 03:20:43,270 | INFO  | SCMAudit | user=jenkins1000 | ip=192.168.69.105 | op=SEND_HEARTBEAT {datanodeUUID=6b521d90-43c4-4267-a955-3154b8383673, command=[]} | ret=SUCCESS |  
2019-09-04 03:20:43,330 | INFO  | SCMAudit | user=jenkins1000 | ip=192.168.69.105 | op=SEND_HEARTBEAT {datanodeUUID=50a57ad1-8537-401a-9ef5-5731af50f432, command=[]} | ret=SUCCESS |  
2019-09-04 03:20:43,796 | INFO  | SCMAudit | user=jenkins1000 | ip=192.168.69.105 | op=SEND_HEARTBEAT {datanodeUUID=5874772f-8d83-4395-aefd-8b53e7bb01f4, command=[]} | ret=SUCCESS |  
2019-09-04 03:20:43,993 | INFO  | SCMAudit | user=jenkins1000 | ip=192.168.69.105 | op=SEND_HEARTBEAT {datanodeUUID=524a4774-666f-452c-9a20-e87fa1e4f616, command=[]} | ret=SUCCESS |  
2019-09-04 03:20:43,993 | INFO  | SCMAudit | user=jenkins1000 | ip=192.168.69.105 | op=SEND_HEARTBEAT {datanodeUUID=84f9c2c4-73f2-4ad7-b9a8-3f333e5b0e84, command=[]} | ret=SUCCESS |  
2019-09-04 03:20:43,996 | INFO  | SCMAudit | user=jenkins1000 | ip=192.168.69.105 | op=SEND_HEARTBEAT {datanodeUUID=3895fe08-5e04-46ac-ae6d-2b942b921927, command=[]} | ret=SUCCESS |  
2019-09-04 03:20:44,022 | INFO  | SCMAudit | user=jenkins1000 | ip=192.168.69.105 | op=SEND_HEARTBEAT {datanodeUUID=3bf639f6-5176-4655-a6a8-540014321443, command=[]} | ret=SUCCESS |  
2019-09-04 03:20:44,270 | INFO  | SCMAudit | user=jenkins1000 | ip=192.168.69.105 | op=SEND_HEARTBEAT {datanodeUUID=6b521d90-43c4-4267-a955-3154b8383673, command=[]} | ret=SUCCESS |  
2019-09-04 03:20:44,331 | INFO  | SCMAudit | user=jenkins1000 | ip=192.168.69.105 | op=SEND_HEARTBEAT {datanodeUUID=50a57ad1-8537-401a-9ef5-5731af50f432, command=[]} | ret=SUCCESS |  
2019-09-04 03:20:44,796 | INFO  | SCMAudit | user=jenkins1000 | ip=192.168.69.105 | op=SEND_HEARTBEAT {datanodeUUID=5874772f-8d83-4395-aefd-8b53e7bb01f4, command=[]} | ret=SUCCESS |  
2019-09-04 03:20:44,993 | INFO  | SCMAudit | user=jenkins1000 | ip=192.168.69.105 | op=SEND_HEARTBEAT {datanodeUUID=524a4774-666f-452c-9a20-e87fa1e4f616, command=[]} | ret=SUCCESS |  
2019-09-04 03:20:44,994 | INFO  | SCMAudit | user=jenkins1000 | ip=192.168.69.105 | op=SEND_HEARTBEAT {datanodeUUID=84f9c2c4-73f2-4ad7-b9a8-3f333e5b0e84, command=[]} | ret=SUCCESS |  
2019-09-04 03:20:44,997 | INFO  | SCMAudit | user=jenkins1000 | ip=192.168.69.105 | op=SEND_HEARTBEAT {datanodeUUID=3895fe08-5e04-46ac-ae6d-2b942b921927, command=[]} | ret=SUCCESS |  
2019-09-04 03:20:45,023 | INFO  | SCMAudit | user=jenkins1000 | ip=192.168.69.105 | op=SEND_HEARTBEAT {datanodeUUID=3bf639f6-5176-4655-a6a8-540014321443, command=[]} | ret=SUCCESS |  
2019-09-04 03:20:45,270 | INFO  | SCMAudit | user=jenkins1000 | ip=192.168.69.105 | op=SEND_HEARTBEAT {datanodeUUID=6b521d90-43c4-4267-a955-3154b8383673, command=[]} | ret=SUCCESS |  
2019-09-04 03:20:45,331 | INFO  | SCMAudit | user=jenkins1000 | ip=192.168.69.105 | op=SEND_HEARTBEAT {datanodeUUID=50a57ad1-8537-401a-9ef5-5731af50f432, command=[]} | ret=SUCCESS |  
2019-09-04 03:20:45,796 | INFO  | SCMAudit | user=jenkins1000 | ip=192.168.69.105 | op=SEND_HEARTBEAT {datanodeUUID=5874772f-8d83-4395-aefd-8b53e7bb01f4, command=[]} | ret=SUCCESS |  
2019-09-04 03:20:45,993 | INFO  | SCMAudit | user=jenkins1000 | ip=192.168.69.105 | op=SEND_HEARTBEAT {datanodeUUID=84f9c2c4-73f2-4ad7-b9a8-3f333e5b0e84, command=[]} | ret=SUCCESS |  
2019-09-04 03:20:45,993 | INFO  | SCMAudit | user=jenkins1000 | ip=192.168.69.105 | op=SEND_HEARTBEAT {datanodeUUID=524a4774-666f-452c-9a20-e87fa1e4f616, command=[]} | ret=SUCCESS |  
2019-09-04 03:20:45,996 | INFO  | SCMAudit | user=jenkins1000 | ip=192.168.69.105 | op=SEND_HEARTBEAT {datanodeUUID=3895fe08-5e04-46ac-ae6d-2b942b921927, command=[]} | ret=SUCCESS |  
2019-09-04 03:20:46,022 | INFO  | SCMAudit | user=jenkins1000 | ip=192.168.69.105 | op=SEND_HEARTBEAT {datanodeUUID=3bf639f6-5176-4655-a6a8-540014321443, command=[]} | ret=SUCCESS |  
2019-09-04 03:20:46,270 | INFO  | SCMAudit | user=jenkins1000 | ip=192.168.69.105 | op=SEND_HEARTBEAT {datanodeUUID=6b521d90-43c4-4267-a955-3154b8383673, command=[]} | ret=SUCCESS |  
2019-09-04 03:20:46,330 | INFO  | SCMAudit | user=jenkins1000 | ip=192.168.69.105 | op=SEND_HEARTBEAT {datanodeUUID=50a57ad1-8537-401a-9ef5-5731af50f432, command=[]} | ret=SUCCESS |  
2019-09-04 03:20:46,796 | INFO  | SCMAudit | user=jenkins1000 | ip=192.168.69.105 | op=SEND_HEARTBEAT {datanodeUUID=5874772f-8d83-4395-aefd-8b53e7bb01f4, command=[]} | ret=SUCCESS |  
2019-09-04 03:20:46,994 | INFO  | SCMAudit | user=jenkins1000 | ip=192.168.69.105 | op=SEND_HEARTBEAT {datanodeUUID=84f9c2c4-73f2-4ad7-b9a8-3f333e5b0e84, command=[]} | ret=SUCCESS |  
2019-09-04 03:20:46,994 | INFO  | SCMAudit | user=jenkins1000 | ip=192.168.69.105 | op=SEND_HEARTBEAT {datanodeUUID=524a4774-666f-452c-9a20-e87fa1e4f616, command=[]} | ret=SUCCESS |  
2019-09-04 03:20:46,996 | INFO  | SCMAudit | user=jenkins1000 | ip=192.168.69.105 | op=SEND_HEARTBEAT {datanodeUUID=3895fe08-5e04-46ac-ae6d-2b942b921927, command=[]} | ret=SUCCESS |  
2019-09-04 03:20:47,022 | INFO  | SCMAudit | user=jenkins1000 | ip=192.168.69.105 | op=SEND_HEARTBEAT {datanodeUUID=3bf639f6-5176-4655-a6a8-540014321443, command=[]} | ret=SUCCESS |  
2019-09-04 03:20:47,271 | INFO  | SCMAudit | user=jenkins1000 | ip=192.168.69.105 | op=SEND_HEARTBEAT {datanodeUUID=6b521d90-43c4-4267-a955-3154b8383673, command=[]} | ret=SUCCESS |  
2019-09-04 03:20:47,331 | INFO  | SCMAudit | user=jenkins1000 | ip=192.168.69.105 | op=SEND_HEARTBEAT {datanodeUUID=50a57ad1-8537-401a-9ef5-5731af50f432, command=[]} | ret=SUCCESS |  
2019-09-04 03:20:47,796 | INFO  | SCMAudit | user=jenkins1000 | ip=192.168.69.105 | op=SEND_HEARTBEAT {datanodeUUID=5874772f-8d83-4395-aefd-8b53e7bb01f4, command=[]} | ret=SUCCESS |  
2019-09-04 03:20:47,994 | INFO  | SCMAudit | user=jenkins1000 | ip=192.168.69.105 | op=SEND_HEARTBEAT {datanodeUUID=524a4774-666f-452c-9a20-e87fa1e4f616, command=[]} | ret=SUCCESS |  
2019-09-04 03:20:47,994 | INFO  | SCMAudit | user=jenkins1000 | ip=192.168.69.105 | op=SEND_HEARTBEAT {datanodeUUID=84f9c2c4-73f2-4ad7-b9a8-3f333e5b0e84, command=[]} | ret=SUCCESS |  
2019-09-04 03:20:47,996 | INFO  | SCMAudit | user=jenkins1000 | ip=192.168.69.105 | op=SEND_HEARTBEAT {datanodeUUID=3895fe08-5e04-46ac-ae6d-2b942b921927, command=[]} | ret=SUCCESS |  
2019-09-04 03:20:48,023 | INFO  | SCMAudit | user=jenkins1000 | ip=192.168.69.105 | op=SEND_HEARTBEAT {datanodeUUID=3bf639f6-5176-4655-a6a8-540014321443, command=[]} | ret=SUCCESS |  
2019-09-04 03:20:48,216 [grpc-default-executor-4] INFO  client.GrpcClientProtocolClient (GrpcClientProtocolClient.java:onNext(255)) - client-81D3A7E5B111->84f9c2c4-73f2-4ad7-b9a8-3f333e5b0e84: receive RaftClientReply:client-81D3A7E5B111->84f9c2c4-73f2-4ad7-b9a8-3f333e5b0e84@group-002EB6C1B0CF, cid=45, FAILED org.apache.ratis.protocol.NotLeaderException: Server 84f9c2c4-73f2-4ad7-b9a8-3f333e5b0e84 is not the leader (3895fe08-5e04-46ac-ae6d-2b942b921927:192.168.69.105:44785). Request must be sent to leader., logIndex=0, commits[84f9c2c4-73f2-4ad7-b9a8-3f333e5b0e84:c8, 3895fe08-5e04-46ac-ae6d-2b942b921927:c8, 524a4774-666f-452c-9a20-e87fa1e4f616:c8]
2019-09-04 03:20:48,270 | INFO  | SCMAudit | user=jenkins1000 | ip=192.168.69.105 | op=SEND_HEARTBEAT {datanodeUUID=6b521d90-43c4-4267-a955-3154b8383673, command=[]} | ret=SUCCESS |  
2019-09-04 03:20:48,330 | INFO  | SCMAudit | user=jenkins1000 | ip=192.168.69.105 | op=SEND_HEARTBEAT {datanodeUUID=50a57ad1-8537-401a-9ef5-5731af50f432, command=[]} | ret=SUCCESS |  
2019-09-04 03:20:48,797 | INFO  | SCMAudit | user=jenkins1000 | ip=192.168.69.105 | op=SEND_HEARTBEAT {datanodeUUID=5874772f-8d83-4395-aefd-8b53e7bb01f4, command=[]} | ret=SUCCESS |  
2019-09-04 03:20:48,993 | INFO  | SCMAudit | user=jenkins1000 | ip=192.168.69.105 | op=SEND_HEARTBEAT {datanodeUUID=84f9c2c4-73f2-4ad7-b9a8-3f333e5b0e84, command=[]} | ret=SUCCESS |  
2019-09-04 03:20:48,993 | INFO  | SCMAudit | user=jenkins1000 | ip=192.168.69.105 | op=SEND_HEARTBEAT {datanodeUUID=524a4774-666f-452c-9a20-e87fa1e4f616, command=[]} | ret=SUCCESS |  
2019-09-04 03:20:48,997 | INFO  | SCMAudit | user=jenkins1000 | ip=192.168.69.105 | op=SEND_HEARTBEAT {datanodeUUID=3895fe08-5e04-46ac-ae6d-2b942b921927, command=[]} | ret=SUCCESS |  
2019-09-04 03:20:49,024 | INFO  | SCMAudit | user=jenkins1000 | ip=192.168.69.105 | op=SEND_HEARTBEAT {datanodeUUID=3bf639f6-5176-4655-a6a8-540014321443, command=[]} | ret=SUCCESS |  
2019-09-04 03:20:49,270 | INFO  | SCMAudit | user=jenkins1000 | ip=192.168.69.105 | op=SEND_HEARTBEAT {datanodeUUID=6b521d90-43c4-4267-a955-3154b8383673, command=[]} | ret=SUCCESS |  
2019-09-04 03:20:49,331 | INFO  | SCMAudit | user=jenkins1000 | ip=192.168.69.105 | op=SEND_HEARTBEAT {datanodeUUID=50a57ad1-8537-401a-9ef5-5731af50f432, command=[]} | ret=SUCCESS |  
2019-09-04 03:20:49,797 | INFO  | SCMAudit | user=jenkins1000 | ip=192.168.69.105 | op=SEND_HEARTBEAT {datanodeUUID=5874772f-8d83-4395-aefd-8b53e7bb01f4, command=[]} | ret=SUCCESS |  
2019-09-04 03:20:49,994 | INFO  | SCMAudit | user=jenkins1000 | ip=192.168.69.105 | op=SEND_HEARTBEAT {datanodeUUID=84f9c2c4-73f2-4ad7-b9a8-3f333e5b0e84, command=[]} | ret=SUCCESS |  
2019-09-04 03:20:49,994 | INFO  | SCMAudit | user=jenkins1000 | ip=192.168.69.105 | op=SEND_HEARTBEAT {datanodeUUID=524a4774-666f-452c-9a20-e87fa1e4f616, command=[]} | ret=SUCCESS |  
2019-09-04 03:20:49,997 | INFO  | SCMAudit | user=jenkins1000 | ip=192.168.69.105 | op=SEND_HEARTBEAT {datanodeUUID=3895fe08-5e04-46ac-ae6d-2b942b921927, command=[]} | ret=SUCCESS |  
2019-09-04 03:20:50,023 | INFO  | SCMAudit | user=jenkins1000 | ip=192.168.69.105 | op=SEND_HEARTBEAT {datanodeUUID=3bf639f6-5176-4655-a6a8-540014321443, command=[]} | ret=SUCCESS |  
2019-09-04 03:20:50,271 | INFO  | SCMAudit | user=jenkins1000 | ip=192.168.69.105 | op=SEND_HEARTBEAT {datanodeUUID=6b521d90-43c4-4267-a955-3154b8383673, command=[]} | ret=SUCCESS |  
2019-09-04 03:20:50,331 | INFO  | SCMAudit | user=jenkins1000 | ip=192.168.69.105 | op=SEND_HEARTBEAT {datanodeUUID=50a57ad1-8537-401a-9ef5-5731af50f432, command=[]} | ret=SUCCESS |  
2019-09-04 03:20:50,796 | INFO  | SCMAudit | user=jenkins1000 | ip=192.168.69.105 | op=SEND_HEARTBEAT {datanodeUUID=5874772f-8d83-4395-aefd-8b53e7bb01f4, command=[]} | ret=SUCCESS |  
2019-09-04 03:20:50,993 | INFO  | SCMAudit | user=jenkins1000 | ip=192.168.69.105 | op=SEND_HEARTBEAT {datanodeUUID=84f9c2c4-73f2-4ad7-b9a8-3f333e5b0e84, command=[]} | ret=SUCCESS |  
2019-09-04 03:20:50,994 | INFO  | SCMAudit | user=jenkins1000 | ip=192.168.69.105 | op=SEND_HEARTBEAT {datanodeUUID=524a4774-666f-452c-9a20-e87fa1e4f616, command=[]} | ret=SUCCESS |  
2019-09-04 03:20:50,997 | INFO  | SCMAudit | user=jenkins1000 | ip=192.168.69.105 | op=SEND_HEARTBEAT {datanodeUUID=3895fe08-5e04-46ac-ae6d-2b942b921927, command=[]} | ret=SUCCESS |  
2019-09-04 03:20:51,024 | INFO  | SCMAudit | user=jenkins1000 | ip=192.168.69.105 | op=SEND_HEARTBEAT {datanodeUUID=3bf639f6-5176-4655-a6a8-540014321443, command=[]} | ret=SUCCESS |  
2019-09-04 03:20:51,271 | INFO  | SCMAudit | user=jenkins1000 | ip=192.168.69.105 | op=SEND_HEARTBEAT {datanodeUUID=6b521d90-43c4-4267-a955-3154b8383673, command=[]} | ret=SUCCESS |  
2019-09-04 03:20:51,332 | INFO  | SCMAudit | user=jenkins1000 | ip=192.168.69.105 | op=SEND_HEARTBEAT {datanodeUUID=50a57ad1-8537-401a-9ef5-5731af50f432, command=[]} | ret=SUCCESS |  
2019-09-04 03:20:51,796 | INFO  | SCMAudit | user=jenkins1000 | ip=192.168.69.105 | op=SEND_HEARTBEAT {datanodeUUID=5874772f-8d83-4395-aefd-8b53e7bb01f4, command=[]} | ret=SUCCESS |  
2019-09-04 03:20:51,994 | INFO  | SCMAudit | user=jenkins1000 | ip=192.168.69.105 | op=SEND_HEARTBEAT {datanodeUUID=84f9c2c4-73f2-4ad7-b9a8-3f333e5b0e84, command=[]} | ret=SUCCESS |  
2019-09-04 03:20:51,994 | INFO  | SCMAudit | user=jenkins1000 | ip=192.168.69.105 | op=SEND_HEARTBEAT {datanodeUUID=524a4774-666f-452c-9a20-e87fa1e4f616, command=[]} | ret=SUCCESS |  
2019-09-04 03:20:51,997 | INFO  | SCMAudit | user=jenkins1000 | ip=192.168.69.105 | op=SEND_HEARTBEAT {datanodeUUID=3895fe08-5e04-46ac-ae6d-2b942b921927, command=[]} | ret=SUCCESS |  
2019-09-04 03:20:52,024 | INFO  | SCMAudit | user=jenkins1000 | ip=192.168.69.105 | op=SEND_HEARTBEAT {datanodeUUID=3bf639f6-5176-4655-a6a8-540014321443, command=[]} | ret=SUCCESS |  
2019-09-04 03:20:52,271 | INFO  | SCMAudit | user=jenkins1000 | ip=192.168.69.105 | op=SEND_HEARTBEAT {datanodeUUID=6b521d90-43c4-4267-a955-3154b8383673, command=[]} | ret=SUCCESS |  
2019-09-04 03:20:52,332 | INFO  | SCMAudit | user=jenkins1000 | ip=192.168.69.105 | op=SEND_HEARTBEAT {datanodeUUID=50a57ad1-8537-401a-9ef5-5731af50f432, command=[]} | ret=SUCCESS |  
2019-09-04 03:20:52,797 | INFO  | SCMAudit | user=jenkins1000 | ip=192.168.69.105 | op=SEND_HEARTBEAT {datanodeUUID=5874772f-8d83-4395-aefd-8b53e7bb01f4, command=[]} | ret=SUCCESS |  
2019-09-04 03:20:52,995 | INFO  | SCMAudit | user=jenkins1000 | ip=192.168.69.105 | op=SEND_HEARTBEAT {datanodeUUID=524a4774-666f-452c-9a20-e87fa1e4f616, command=[]} | ret=SUCCESS |  
2019-09-04 03:20:52,995 | INFO  | SCMAudit | user=jenkins1000 | ip=192.168.69.105 | op=SEND_HEARTBEAT {datanodeUUID=84f9c2c4-73f2-4ad7-b9a8-3f333e5b0e84, command=[]} | ret=SUCCESS |  
2019-09-04 03:20:52,997 | INFO  | SCMAudit | user=jenkins1000 | ip=192.168.69.105 | op=SEND_HEARTBEAT {datanodeUUID=3895fe08-5e04-46ac-ae6d-2b942b921927, command=[]} | ret=SUCCESS |  
2019-09-04 03:20:53,025 | INFO  | SCMAudit | user=jenkins1000 | ip=192.168.69.105 | op=SEND_HEARTBEAT {datanodeUUID=3bf639f6-5176-4655-a6a8-540014321443, command=[]} | ret=SUCCESS |  
2019-09-04 03:20:53,259 [grpc-default-executor-4] INFO  client.GrpcClientProtocolClient (GrpcClientProtocolClient.java:onNext(255)) - client-81D3A7E5B111->84f9c2c4-73f2-4ad7-b9a8-3f333e5b0e84: receive RaftClientReply:client-81D3A7E5B111->84f9c2c4-73f2-4ad7-b9a8-3f333e5b0e84@group-002EB6C1B0CF, cid=45, FAILED org.apache.ratis.protocol.NotLeaderException: Server 84f9c2c4-73f2-4ad7-b9a8-3f333e5b0e84 is not the leader (3895fe08-5e04-46ac-ae6d-2b942b921927:192.168.69.105:44785). Request must be sent to leader., logIndex=0, commits[84f9c2c4-73f2-4ad7-b9a8-3f333e5b0e84:c8, 3895fe08-5e04-46ac-ae6d-2b942b921927:c8, 524a4774-666f-452c-9a20-e87fa1e4f616:c8]
2019-09-04 03:20:53,271 | INFO  | SCMAudit | user=jenkins1000 | ip=192.168.69.105 | op=SEND_HEARTBEAT {datanodeUUID=6b521d90-43c4-4267-a955-3154b8383673, command=[]} | ret=SUCCESS |  
2019-09-04 03:20:53,332 | INFO  | SCMAudit | user=jenkins1000 | ip=192.168.69.105 | op=SEND_HEARTBEAT {datanodeUUID=50a57ad1-8537-401a-9ef5-5731af50f432, command=[]} | ret=SUCCESS |  
2019-09-04 03:20:53,797 | INFO  | SCMAudit | user=jenkins1000 | ip=192.168.69.105 | op=SEND_HEARTBEAT {datanodeUUID=5874772f-8d83-4395-aefd-8b53e7bb01f4, command=[]} | ret=SUCCESS |  
2019-09-04 03:20:53,994 | INFO  | SCMAudit | user=jenkins1000 | ip=192.168.69.105 | op=SEND_HEARTBEAT {datanodeUUID=84f9c2c4-73f2-4ad7-b9a8-3f333e5b0e84, command=[]} | ret=SUCCESS |  
2019-09-04 03:20:53,995 | INFO  | SCMAudit | user=jenkins1000 | ip=192.168.69.105 | op=SEND_HEARTBEAT {datanodeUUID=524a4774-666f-452c-9a20-e87fa1e4f616, command=[]} | ret=SUCCESS |  
2019-09-04 03:20:53,998 | INFO  | SCMAudit | user=jenkins1000 | ip=192.168.69.105 | op=SEND_HEARTBEAT {datanodeUUID=3895fe08-5e04-46ac-ae6d-2b942b921927, command=[]} | ret=SUCCESS |  
2019-09-04 03:20:54,024 | INFO  | SCMAudit | user=jenkins1000 | ip=192.168.69.105 | op=SEND_HEARTBEAT {datanodeUUID=3bf639f6-5176-4655-a6a8-540014321443, command=[]} | ret=SUCCESS |  
2019-09-04 03:20:54,272 | INFO  | SCMAudit | user=jenkins1000 | ip=192.168.69.105 | op=SEND_HEARTBEAT {datanodeUUID=6b521d90-43c4-4267-a955-3154b8383673, command=[]} | ret=SUCCESS |  
2019-09-04 03:20:54,332 | INFO  | SCMAudit | user=jenkins1000 | ip=192.168.69.105 | op=SEND_HEARTBEAT {datanodeUUID=50a57ad1-8537-401a-9ef5-5731af50f432, command=[]} | ret=SUCCESS |  
2019-09-04 03:20:54,797 | INFO  | SCMAudit | user=jenkins1000 | ip=192.168.69.105 | op=SEND_HEARTBEAT {datanodeUUID=5874772f-8d83-4395-aefd-8b53e7bb01f4, command=[]} | ret=SUCCESS |  
2019-09-04 03:20:54,994 | INFO  | SCMAudit | user=jenkins1000 | ip=192.168.69.105 | op=SEND_HEARTBEAT {datanodeUUID=524a4774-666f-452c-9a20-e87fa1e4f616, command=[]} | ret=SUCCESS |  
2019-09-04 03:20:54,994 | INFO  | SCMAudit | user=jenkins1000 | ip=192.168.69.105 | op=SEND_HEARTBEAT {datanodeUUID=84f9c2c4-73f2-4ad7-b9a8-3f333e5b0e84, command=[]} | ret=SUCCESS |  
2019-09-04 03:20:54,998 | INFO  | SCMAudit | user=jenkins1000 | ip=192.168.69.105 | op=SEND_HEARTBEAT {datanodeUUID=3895fe08-5e04-46ac-ae6d-2b942b921927, command=[]} | ret=SUCCESS |  
2019-09-04 03:20:55,025 | INFO  | SCMAudit | user=jenkins1000 | ip=192.168.69.105 | op=SEND_HEARTBEAT {datanodeUUID=3bf639f6-5176-4655-a6a8-540014321443, command=[]} | ret=SUCCESS |  
2019-09-04 03:20:55,273 | INFO  | SCMAudit | user=jenkins1000 | ip=192.168.69.105 | op=SEND_HEARTBEAT {datanodeUUID=6b521d90-43c4-4267-a955-3154b8383673, command=[]} | ret=SUCCESS |  
2019-09-04 03:20:55,333 | INFO  | SCMAudit | user=jenkins1000 | ip=192.168.69.105 | op=SEND_HEARTBEAT {datanodeUUID=50a57ad1-8537-401a-9ef5-5731af50f432, command=[]} | ret=SUCCESS |  
2019-09-04 03:20:55,797 | INFO  | SCMAudit | user=jenkins1000 | ip=192.168.69.105 | op=SEND_HEARTBEAT {datanodeUUID=5874772f-8d83-4395-aefd-8b53e7bb01f4, command=[]} | ret=SUCCESS |  
2019-09-04 03:20:55,995 | INFO  | SCMAudit | user=jenkins1000 | ip=192.168.69.105 | op=SEND_HEARTBEAT {datanodeUUID=524a4774-666f-452c-9a20-e87fa1e4f616, command=[]} | ret=SUCCESS |  
2019-09-04 03:20:55,995 | INFO  | SCMAudit | user=jenkins1000 | ip=192.168.69.105 | op=SEND_HEARTBEAT {datanodeUUID=84f9c2c4-73f2-4ad7-b9a8-3f333e5b0e84, command=[]} | ret=SUCCESS |  
2019-09-04 03:20:55,998 | INFO  | SCMAudit | user=jenkins1000 | ip=192.168.69.105 | op=SEND_HEARTBEAT {datanodeUUID=3895fe08-5e04-46ac-ae6d-2b942b921927, command=[]} | ret=SUCCESS |  
2019-09-04 03:20:56,024 | INFO  | SCMAudit | user=jenkins1000 | ip=192.168.69.105 | op=SEND_HEARTBEAT {datanodeUUID=3bf639f6-5176-4655-a6a8-540014321443, command=[]} | ret=SUCCESS |  
2019-09-04 03:20:56,273 | INFO  | SCMAudit | user=jenkins1000 | ip=192.168.69.105 | op=SEND_HEARTBEAT {datanodeUUID=6b521d90-43c4-4267-a955-3154b8383673, command=[]} | ret=SUCCESS |  
2019-09-04 03:20:56,334 | INFO  | SCMAudit | user=jenkins1000 | ip=192.168.69.105 | op=SEND_HEARTBEAT {datanodeUUID=50a57ad1-8537-401a-9ef5-5731af50f432, command=[]} | ret=SUCCESS |  
2019-09-04 03:20:56,798 | INFO  | SCMAudit | user=jenkins1000 | ip=192.168.69.105 | op=SEND_HEARTBEAT {datanodeUUID=5874772f-8d83-4395-aefd-8b53e7bb01f4, command=[]} | ret=SUCCESS |  
2019-09-04 03:20:56,994 | INFO  | SCMAudit | user=jenkins1000 | ip=192.168.69.105 | op=SEND_HEARTBEAT {datanodeUUID=524a4774-666f-452c-9a20-e87fa1e4f616, command=[]} | ret=SUCCESS |  
2019-09-04 03:20:56,995 | INFO  | SCMAudit | user=jenkins1000 | ip=192.168.69.105 | op=SEND_HEARTBEAT {datanodeUUID=84f9c2c4-73f2-4ad7-b9a8-3f333e5b0e84, command=[]} | ret=SUCCESS |  
2019-09-04 03:20:56,998 | INFO  | SCMAudit | user=jenkins1000 | ip=192.168.69.105 | op=SEND_HEARTBEAT {datanodeUUID=3895fe08-5e04-46ac-ae6d-2b942b921927, command=[]} | ret=SUCCESS |  
2019-09-04 03:20:57,025 | INFO  | SCMAudit | user=jenkins1000 | ip=192.168.69.105 | op=SEND_HEARTBEAT {datanodeUUID=3bf639f6-5176-4655-a6a8-540014321443, command=[]} | ret=SUCCESS |  
2019-09-04 03:20:57,277 | INFO  | SCMAudit | user=jenkins1000 | ip=192.168.69.105 | op=SEND_HEARTBEAT {datanodeUUID=6b521d90-43c4-4267-a955-3154b8383673, command=[]} | ret=SUCCESS |  
2019-09-04 03:20:57,334 | INFO  | SCMAudit | user=jenkins1000 | ip=192.168.69.105 | op=SEND_HEARTBEAT {datanodeUUID=50a57ad1-8537-401a-9ef5-5731af50f432, command=[]} | ret=SUCCESS |  
2019-09-04 03:20:57,796 | INFO  | SCMAudit | user=jenkins1000 | ip=192.168.69.105 | op=SEND_HEARTBEAT {datanodeUUID=5874772f-8d83-4395-aefd-8b53e7bb01f4, command=[]} | ret=SUCCESS |  
2019-09-04 03:20:57,994 | INFO  | SCMAudit | user=jenkins1000 | ip=192.168.69.105 | op=SEND_HEARTBEAT {datanodeUUID=524a4774-666f-452c-9a20-e87fa1e4f616, command=[]} | ret=SUCCESS |  
2019-09-04 03:20:57,996 | INFO  | SCMAudit | user=jenkins1000 | ip=192.168.69.105 | op=SEND_HEARTBEAT {datanodeUUID=84f9c2c4-73f2-4ad7-b9a8-3f333e5b0e84, command=[]} | ret=SUCCESS |  
2019-09-04 03:20:57,999 | INFO  | SCMAudit | user=jenkins1000 | ip=192.168.69.105 | op=SEND_HEARTBEAT {datanodeUUID=3895fe08-5e04-46ac-ae6d-2b942b921927, command=[]} | ret=SUCCESS |  
2019-09-04 03:20:58,024 | INFO  | SCMAudit | user=jenkins1000 | ip=192.168.69.105 | op=SEND_HEARTBEAT {datanodeUUID=3bf639f6-5176-4655-a6a8-540014321443, command=[]} | ret=SUCCESS |  
2019-09-04 03:20:58,273 | INFO  | SCMAudit | user=jenkins1000 | ip=192.168.69.105 | op=SEND_HEARTBEAT {datanodeUUID=6b521d90-43c4-4267-a955-3154b8383673, command=[]} | ret=SUCCESS |  
2019-09-04 03:20:58,298 [grpc-default-executor-0] INFO  client.GrpcClientProtocolClient (GrpcClientProtocolClient.java:onNext(255)) - client-81D3A7E5B111->524a4774-666f-452c-9a20-e87fa1e4f616: receive RaftClientReply:client-81D3A7E5B111->524a4774-666f-452c-9a20-e87fa1e4f616@group-002EB6C1B0CF, cid=45, FAILED org.apache.ratis.protocol.NotLeaderException: Server 524a4774-666f-452c-9a20-e87fa1e4f616 is not the leader (3895fe08-5e04-46ac-ae6d-2b942b921927:192.168.69.105:44785). Request must be sent to leader., logIndex=0, commits[524a4774-666f-452c-9a20-e87fa1e4f616:c8, 3895fe08-5e04-46ac-ae6d-2b942b921927:c8, 84f9c2c4-73f2-4ad7-b9a8-3f333e5b0e84:c8]
2019-09-04 03:20:58,334 | INFO  | SCMAudit | user=jenkins1000 | ip=192.168.69.105 | op=SEND_HEARTBEAT {datanodeUUID=50a57ad1-8537-401a-9ef5-5731af50f432, command=[]} | ret=SUCCESS |  
2019-09-04 03:20:58,797 | INFO  | SCMAudit | user=jenkins1000 | ip=192.168.69.105 | op=SEND_HEARTBEAT {datanodeUUID=5874772f-8d83-4395-aefd-8b53e7bb01f4, command=[]} | ret=SUCCESS |  
2019-09-04 03:20:58,995 | INFO  | SCMAudit | user=jenkins1000 | ip=192.168.69.105 | op=SEND_HEARTBEAT {datanodeUUID=524a4774-666f-452c-9a20-e87fa1e4f616, command=[]} | ret=SUCCESS |  
2019-09-04 03:20:58,996 | INFO  | SCMAudit | user=jenkins1000 | ip=192.168.69.105 | op=SEND_HEARTBEAT {datanodeUUID=84f9c2c4-73f2-4ad7-b9a8-3f333e5b0e84, command=[]} | ret=SUCCESS |  
2019-09-04 03:20:58,999 | INFO  | SCMAudit | user=jenkins1000 | ip=192.168.69.105 | op=SEND_HEARTBEAT {datanodeUUID=3895fe08-5e04-46ac-ae6d-2b942b921927, command=[]} | ret=SUCCESS |  
2019-09-04 03:20:59,024 | INFO  | SCMAudit | user=jenkins1000 | ip=192.168.69.105 | op=SEND_HEARTBEAT {datanodeUUID=3bf639f6-5176-4655-a6a8-540014321443, command=[]} | ret=SUCCESS |  
2019-09-04 03:20:59,274 | INFO  | SCMAudit | user=jenkins1000 | ip=192.168.69.105 | op=SEND_HEARTBEAT {datanodeUUID=6b521d90-43c4-4267-a955-3154b8383673, command=[]} | ret=SUCCESS |  
2019-09-04 03:20:59,334 | INFO  | SCMAudit | user=jenkins1000 | ip=192.168.69.105 | op=SEND_HEARTBEAT {datanodeUUID=50a57ad1-8537-401a-9ef5-5731af50f432, command=[]} | ret=SUCCESS |  
2019-09-04 03:20:59,797 | INFO  | SCMAudit | user=jenkins1000 | ip=192.168.69.105 | op=SEND_HEARTBEAT {datanodeUUID=5874772f-8d83-4395-aefd-8b53e7bb01f4, command=[]} | ret=SUCCESS |  
2019-09-04 03:20:59,995 | INFO  | SCMAudit | user=jenkins1000 | ip=192.168.69.105 | op=SEND_HEARTBEAT {datanodeUUID=524a4774-666f-452c-9a20-e87fa1e4f616, command=[]} | ret=SUCCESS |  
2019-09-04 03:20:59,996 | INFO  | SCMAudit | user=jenkins1000 | ip=192.168.69.105 | op=SEND_HEARTBEAT {datanodeUUID=84f9c2c4-73f2-4ad7-b9a8-3f333e5b0e84, command=[]} | ret=SUCCESS |  
2019-09-04 03:20:59,999 | INFO  | SCMAudit | user=jenkins1000 | ip=192.168.69.105 | op=SEND_HEARTBEAT {datanodeUUID=3895fe08-5e04-46ac-ae6d-2b942b921927, command=[]} | ret=SUCCESS |  
2019-09-04 03:21:00,024 | INFO  | SCMAudit | user=jenkins1000 | ip=192.168.69.105 | op=SEND_HEARTBEAT {datanodeUUID=3bf639f6-5176-4655-a6a8-540014321443, command=[]} | ret=SUCCESS |  
2019-09-04 03:21:00,273 | INFO  | SCMAudit | user=jenkins1000 | ip=192.168.69.105 | op=SEND_HEARTBEAT {datanodeUUID=6b521d90-43c4-4267-a955-3154b8383673, command=[]} | ret=SUCCESS |  
2019-09-04 03:21:00,335 | INFO  | SCMAudit | user=jenkins1000 | ip=192.168.69.105 | op=SEND_HEARTBEAT {datanodeUUID=50a57ad1-8537-401a-9ef5-5731af50f432, command=[]} | ret=SUCCESS |  
2019-09-04 03:21:00,797 | INFO  | SCMAudit | user=jenkins1000 | ip=192.168.69.105 | op=SEND_HEARTBEAT {datanodeUUID=5874772f-8d83-4395-aefd-8b53e7bb01f4, command=[]} | ret=SUCCESS |  
2019-09-04 03:21:00,994 | INFO  | SCMAudit | user=jenkins1000 | ip=192.168.69.105 | op=SEND_HEARTBEAT {datanodeUUID=524a4774-666f-452c-9a20-e87fa1e4f616, command=[]} | ret=SUCCESS |  
2019-09-04 03:21:00,997 | INFO  | SCMAudit | user=jenkins1000 | ip=192.168.69.105 | op=SEND_HEARTBEAT {datanodeUUID=84f9c2c4-73f2-4ad7-b9a8-3f333e5b0e84, command=[]} | ret=SUCCESS |  
2019-09-04 03:21:00,999 | INFO  | SCMAudit | user=jenkins1000 | ip=192.168.69.105 | op=SEND_HEARTBEAT {datanodeUUID=3895fe08-5e04-46ac-ae6d-2b942b921927, command=[]} | ret=SUCCESS |  
2019-09-04 03:21:01,025 | INFO  | SCMAudit | user=jenkins1000 | ip=192.168.69.105 | op=SEND_HEARTBEAT {datanodeUUID=3bf639f6-5176-4655-a6a8-540014321443, command=[]} | ret=SUCCESS |  
2019-09-04 03:21:01,274 | INFO  | SCMAudit | user=jenkins1000 | ip=192.168.69.105 | op=SEND_HEARTBEAT {datanodeUUID=6b521d90-43c4-4267-a955-3154b8383673, command=[]} | ret=SUCCESS |  
2019-09-04 03:21:01,334 | INFO  | SCMAudit | user=jenkins1000 | ip=192.168.69.105 | op=SEND_HEARTBEAT {datanodeUUID=50a57ad1-8537-401a-9ef5-5731af50f432, command=[]} | ret=SUCCESS |  
2019-09-04 03:21:01,796 | INFO  | SCMAudit | user=jenkins1000 | ip=192.168.69.105 | op=SEND_HEARTBEAT {datanodeUUID=5874772f-8d83-4395-aefd-8b53e7bb01f4, command=[]} | ret=SUCCESS |  
2019-09-04 03:21:01,995 | INFO  | SCMAudit | user=jenkins1000 | ip=192.168.69.105 | op=SEND_HEARTBEAT {datanodeUUID=524a4774-666f-452c-9a20-e87fa1e4f616, command=[]} | ret=SUCCESS |  
2019-09-04 03:21:01,996 | INFO  | SCMAudit | user=jenkins1000 | ip=192.168.69.105 | op=SEND_HEARTBEAT {datanodeUUID=84f9c2c4-73f2-4ad7-b9a8-3f333e5b0e84, command=[]} | ret=SUCCESS |  
2019-09-04 03:21:02,000 | INFO  | SCMAudit | user=jenkins1000 | ip=192.168.69.105 | op=SEND_HEARTBEAT {datanodeUUID=3895fe08-5e04-46ac-ae6d-2b942b921927, command=[]} | ret=SUCCESS |  
2019-09-04 03:21:02,025 | INFO  | SCMAudit | user=jenkins1000 | ip=192.168.69.105 | op=SEND_HEARTBEAT {datanodeUUID=3bf639f6-5176-4655-a6a8-540014321443, command=[]} | ret=SUCCESS |  
2019-09-04 03:21:02,274 | INFO  | SCMAudit | user=jenkins1000 | ip=192.168.69.105 | op=SEND_HEARTBEAT {datanodeUUID=6b521d90-43c4-4267-a955-3154b8383673, command=[]} | ret=SUCCESS |  
2019-09-04 03:21:02,334 | INFO  | SCMAudit | user=jenkins1000 | ip=192.168.69.105 | op=SEND_HEARTBEAT {datanodeUUID=50a57ad1-8537-401a-9ef5-5731af50f432, command=[]} | ret=SUCCESS |  
2019-09-04 03:21:02,796 | INFO  | SCMAudit | user=jenkins1000 | ip=192.168.69.105 | op=SEND_HEARTBEAT {datanodeUUID=5874772f-8d83-4395-aefd-8b53e7bb01f4, command=[]} | ret=SUCCESS |  
2019-09-04 03:21:02,996 | INFO  | SCMAudit | user=jenkins1000 | ip=192.168.69.105 | op=SEND_HEARTBEAT {datanodeUUID=84f9c2c4-73f2-4ad7-b9a8-3f333e5b0e84, command=[]} | ret=SUCCESS |  
2019-09-04 03:21:02,996 | INFO  | SCMAudit | user=jenkins1000 | ip=192.168.69.105 | op=SEND_HEARTBEAT {datanodeUUID=524a4774-666f-452c-9a20-e87fa1e4f616, command=[]} | ret=SUCCESS |  
2019-09-04 03:21:02,999 | INFO  | SCMAudit | user=jenkins1000 | ip=192.168.69.105 | op=SEND_HEARTBEAT {datanodeUUID=3895fe08-5e04-46ac-ae6d-2b942b921927, command=[]} | ret=SUCCESS |  
2019-09-04 03:21:03,026 | INFO  | SCMAudit | user=jenkins1000 | ip=192.168.69.105 | op=SEND_HEARTBEAT {datanodeUUID=3bf639f6-5176-4655-a6a8-540014321443, command=[]} | ret=SUCCESS |  
2019-09-04 03:21:03,274 | INFO  | SCMAudit | user=jenkins1000 | ip=192.168.69.105 | op=SEND_HEARTBEAT {datanodeUUID=6b521d90-43c4-4267-a955-3154b8383673, command=[]} | ret=SUCCESS |  
2019-09-04 03:21:03,335 | INFO  | SCMAudit | user=jenkins1000 | ip=192.168.69.105 | op=SEND_HEARTBEAT {datanodeUUID=50a57ad1-8537-401a-9ef5-5731af50f432, command=[]} | ret=SUCCESS |  
2019-09-04 03:21:03,343 [grpc-default-executor-4] INFO  client.GrpcClientProtocolClient (GrpcClientProtocolClient.java:onNext(255)) - client-81D3A7E5B111->524a4774-666f-452c-9a20-e87fa1e4f616: receive RaftClientReply:client-81D3A7E5B111->524a4774-666f-452c-9a20-e87fa1e4f616@group-002EB6C1B0CF, cid=45, FAILED org.apache.ratis.protocol.NotLeaderException: Server 524a4774-666f-452c-9a20-e87fa1e4f616 is not the leader (3895fe08-5e04-46ac-ae6d-2b942b921927:192.168.69.105:44785). Request must be sent to leader., logIndex=0, commits[524a4774-666f-452c-9a20-e87fa1e4f616:c8, 3895fe08-5e04-46ac-ae6d-2b942b921927:c8, 84f9c2c4-73f2-4ad7-b9a8-3f333e5b0e84:c8]
2019-09-04 03:21:03,797 | INFO  | SCMAudit | user=jenkins1000 | ip=192.168.69.105 | op=SEND_HEARTBEAT {datanodeUUID=5874772f-8d83-4395-aefd-8b53e7bb01f4, command=[]} | ret=SUCCESS |  
2019-09-04 03:21:03,995 | INFO  | SCMAudit | user=jenkins1000 | ip=192.168.69.105 | op=SEND_HEARTBEAT {datanodeUUID=524a4774-666f-452c-9a20-e87fa1e4f616, command=[]} | ret=SUCCESS |  
2019-09-04 03:21:03,996 | INFO  | SCMAudit | user=jenkins1000 | ip=192.168.69.105 | op=SEND_HEARTBEAT {datanodeUUID=84f9c2c4-73f2-4ad7-b9a8-3f333e5b0e84, command=[]} | ret=SUCCESS |  
2019-09-04 03:21:03,999 | INFO  | SCMAudit | user=jenkins1000 | ip=192.168.69.105 | op=SEND_HEARTBEAT {datanodeUUID=3895fe08-5e04-46ac-ae6d-2b942b921927, command=[]} | ret=SUCCESS |  
2019-09-04 03:21:04,027 | INFO  | SCMAudit | user=jenkins1000 | ip=192.168.69.105 | op=SEND_HEARTBEAT {datanodeUUID=3bf639f6-5176-4655-a6a8-540014321443, command=[]} | ret=SUCCESS |  
2019-09-04 03:21:04,274 | INFO  | SCMAudit | user=jenkins1000 | ip=192.168.69.105 | op=SEND_HEARTBEAT {datanodeUUID=6b521d90-43c4-4267-a955-3154b8383673, command=[]} | ret=SUCCESS |  
2019-09-04 03:21:04,335 | INFO  | SCMAudit | user=jenkins1000 | ip=192.168.69.105 | op=SEND_HEARTBEAT {datanodeUUID=50a57ad1-8537-401a-9ef5-5731af50f432, command=[]} | ret=SUCCESS |  
2019-09-04 03:21:04,797 | INFO  | SCMAudit | user=jenkins1000 | ip=192.168.69.105 | op=SEND_HEARTBEAT {datanodeUUID=5874772f-8d83-4395-aefd-8b53e7bb01f4, command=[]} | ret=SUCCESS |  
2019-09-04 03:21:04,996 | INFO  | SCMAudit | user=jenkins1000 | ip=192.168.69.105 | op=SEND_HEARTBEAT {datanodeUUID=524a4774-666f-452c-9a20-e87fa1e4f616, command=[]} | ret=SUCCESS |  
2019-09-04 03:21:04,996 | INFO  | SCMAudit | user=jenkins1000 | ip=192.168.69.105 | op=SEND_HEARTBEAT {datanodeUUID=84f9c2c4-73f2-4ad7-b9a8-3f333e5b0e84, command=[]} | ret=SUCCESS |  
2019-09-04 03:21:04,999 | INFO  | SCMAudit | user=jenkins1000 | ip=192.168.69.105 | op=SEND_HEARTBEAT {datanodeUUID=3895fe08-5e04-46ac-ae6d-2b942b921927, command=[]} | ret=SUCCESS |  
2019-09-04 03:21:05,026 | INFO  | SCMAudit | user=jenkins1000 | ip=192.168.69.105 | op=SEND_HEARTBEAT {datanodeUUID=3bf639f6-5176-4655-a6a8-540014321443, command=[]} | ret=SUCCESS |  
2019-09-04 03:21:05,274 | INFO  | SCMAudit | user=jenkins1000 | ip=192.168.69.105 | op=SEND_HEARTBEAT {datanodeUUID=6b521d90-43c4-4267-a955-3154b8383673, command=[]} | ret=SUCCESS |  
2019-09-04 03:21:05,335 | INFO  | SCMAudit | user=jenkins1000 | ip=192.168.69.105 | op=SEND_HEARTBEAT {datanodeUUID=50a57ad1-8537-401a-9ef5-5731af50f432, command=[]} | ret=SUCCESS |  
2019-09-04 03:21:05,797 | INFO  | SCMAudit | user=jenkins1000 | ip=192.168.69.105 | op=SEND_HEARTBEAT {datanodeUUID=5874772f-8d83-4395-aefd-8b53e7bb01f4, command=[]} | ret=SUCCESS |  
2019-09-04 03:21:05,997 | INFO  | SCMAudit | user=jenkins1000 | ip=192.168.69.105 | op=SEND_HEARTBEAT {datanodeUUID=524a4774-666f-452c-9a20-e87fa1e4f616, command=[]} | ret=SUCCESS |  
2019-09-04 03:21:05,997 | INFO  | SCMAudit | user=jenkins1000 | ip=192.168.69.105 | op=SEND_HEARTBEAT {datanodeUUID=84f9c2c4-73f2-4ad7-b9a8-3f333e5b0e84, command=[]} | ret=SUCCESS |  
2019-09-04 03:21:05,999 | INFO  | SCMAudit | user=jenkins1000 | ip=192.168.69.105 | op=SEND_HEARTBEAT {datanodeUUID=3895fe08-5e04-46ac-ae6d-2b942b921927, command=[]} | ret=SUCCESS |  
2019-09-04 03:21:06,026 | INFO  | SCMAudit | user=jenkins1000 | ip=192.168.69.105 | op=SEND_HEARTBEAT {datanodeUUID=3bf639f6-5176-4655-a6a8-540014321443, command=[]} | ret=SUCCESS |  
2019-09-04 03:21:06,273 | INFO  | SCMAudit | user=jenkins1000 | ip=192.168.69.105 | op=SEND_HEARTBEAT {datanodeUUID=6b521d90-43c4-4267-a955-3154b8383673, command=[]} | ret=SUCCESS |  
2019-09-04 03:21:06,337 | INFO  | SCMAudit | user=jenkins1000 | ip=192.168.69.105 | op=SEND_HEARTBEAT {datanodeUUID=50a57ad1-8537-401a-9ef5-5731af50f432, command=[]} | ret=SUCCESS |  
2019-09-04 03:21:06,796 | INFO  | SCMAudit | user=jenkins1000 | ip=192.168.69.105 | op=SEND_HEARTBEAT {datanodeUUID=5874772f-8d83-4395-aefd-8b53e7bb01f4, command=[]} | ret=SUCCESS |  
2019-09-04 03:21:06,996 | INFO  | SCMAudit | user=jenkins1000 | ip=192.168.69.105 | op=SEND_HEARTBEAT {datanodeUUID=84f9c2c4-73f2-4ad7-b9a8-3f333e5b0e84, command=[]} | ret=SUCCESS |  
2019-09-04 03:21:06,996 | INFO  | SCMAudit | user=jenkins1000 | ip=192.168.69.105 | op=SEND_HEARTBEAT {datanodeUUID=524a4774-666f-452c-9a20-e87fa1e4f616, command=[]} | ret=SUCCESS |  
2019-09-04 03:21:06,999 | INFO  | SCMAudit | user=jenkins1000 | ip=192.168.69.105 | op=SEND_HEARTBEAT {datanodeUUID=3895fe08-5e04-46ac-ae6d-2b942b921927, command=[]} | ret=SUCCESS |  
2019-09-04 03:21:07,026 | INFO  | SCMAudit | user=jenkins1000 | ip=192.168.69.105 | op=SEND_HEARTBEAT {datanodeUUID=3bf639f6-5176-4655-a6a8-540014321443, command=[]} | ret=SUCCESS |  
2019-09-04 03:21:07,274 | INFO  | SCMAudit | user=jenkins1000 | ip=192.168.69.105 | op=SEND_HEARTBEAT {datanodeUUID=6b521d90-43c4-4267-a955-3154b8383673, command=[]} | ret=SUCCESS |  
2019-09-04 03:21:07,337 | INFO  | SCMAudit | user=jenkins1000 | ip=192.168.69.105 | op=SEND_HEARTBEAT {datanodeUUID=50a57ad1-8537-401a-9ef5-5731af50f432, command=[]} | ret=SUCCESS |  
2019-09-04 03:21:07,797 | INFO  | SCMAudit | user=jenkins1000 | ip=192.168.69.105 | op=SEND_HEARTBEAT {datanodeUUID=5874772f-8d83-4395-aefd-8b53e7bb01f4, command=[]} | ret=SUCCESS |  
2019-09-04 03:21:07,997 | INFO  | SCMAudit | user=jenkins1000 | ip=192.168.69.105 | op=SEND_HEARTBEAT {datanodeUUID=84f9c2c4-73f2-4ad7-b9a8-3f333e5b0e84, command=[]} | ret=SUCCESS |  
2019-09-04 03:21:07,997 | INFO  | SCMAudit | user=jenkins1000 | ip=192.168.69.105 | op=SEND_HEARTBEAT {datanodeUUID=524a4774-666f-452c-9a20-e87fa1e4f616, command=[]} | ret=SUCCESS |  
2019-09-04 03:21:07,999 | INFO  | SCMAudit | user=jenkins1000 | ip=192.168.69.105 | op=SEND_HEARTBEAT {datanodeUUID=3895fe08-5e04-46ac-ae6d-2b942b921927, command=[]} | ret=SUCCESS |  
2019-09-04 03:21:08,027 | INFO  | SCMAudit | user=jenkins1000 | ip=192.168.69.105 | op=SEND_HEARTBEAT {datanodeUUID=3bf639f6-5176-4655-a6a8-540014321443, command=[]} | ret=SUCCESS |  
2019-09-04 03:21:08,274 | INFO  | SCMAudit | user=jenkins1000 | ip=192.168.69.105 | op=SEND_HEARTBEAT {datanodeUUID=6b521d90-43c4-4267-a955-3154b8383673, command=[]} | ret=SUCCESS |  
2019-09-04 03:21:08,338 | INFO  | SCMAudit | user=jenkins1000 | ip=192.168.69.105 | op=SEND_HEARTBEAT {datanodeUUID=50a57ad1-8537-401a-9ef5-5731af50f432, command=[]} | ret=SUCCESS |  
2019-09-04 03:21:08,397 [grpc-default-executor-0] INFO  client.GrpcClientProtocolClient (GrpcClientProtocolClient.java:onNext(255)) - client-81D3A7E5B111->524a4774-666f-452c-9a20-e87fa1e4f616: receive RaftClientReply:client-81D3A7E5B111->524a4774-666f-452c-9a20-e87fa1e4f616@group-002EB6C1B0CF, cid=45, FAILED org.apache.ratis.protocol.NotLeaderException: Server 524a4774-666f-452c-9a20-e87fa1e4f616 is not the leader (3895fe08-5e04-46ac-ae6d-2b942b921927:192.168.69.105:44785). Request must be sent to leader., logIndex=0, commits[524a4774-666f-452c-9a20-e87fa1e4f616:c8, 3895fe08-5e04-46ac-ae6d-2b942b921927:c8, 84f9c2c4-73f2-4ad7-b9a8-3f333e5b0e84:c8]
2019-09-04 03:21:08,798 | INFO  | SCMAudit | user=jenkins1000 | ip=192.168.69.105 | op=SEND_HEARTBEAT {datanodeUUID=5874772f-8d83-4395-aefd-8b53e7bb01f4, command=[]} | ret=SUCCESS |  
2019-09-04 03:21:08,996 | INFO  | SCMAudit | user=jenkins1000 | ip=192.168.69.105 | op=SEND_HEARTBEAT {datanodeUUID=84f9c2c4-73f2-4ad7-b9a8-3f333e5b0e84, command=[]} | ret=SUCCESS |  
2019-09-04 03:21:08,997 | INFO  | SCMAudit | user=jenkins1000 | ip=192.168.69.105 | op=SEND_HEARTBEAT {datanodeUUID=524a4774-666f-452c-9a20-e87fa1e4f616, command=[]} | ret=SUCCESS |  
2019-09-04 03:21:08,999 | INFO  | SCMAudit | user=jenkins1000 | ip=192.168.69.105 | op=SEND_HEARTBEAT {datanodeUUID=3895fe08-5e04-46ac-ae6d-2b942b921927, command=[]} | ret=SUCCESS |  
2019-09-04 03:21:09,027 | INFO  | SCMAudit | user=jenkins1000 | ip=192.168.69.105 | op=SEND_HEARTBEAT {datanodeUUID=3bf639f6-5176-4655-a6a8-540014321443, command=[]} | ret=SUCCESS |  
2019-09-04 03:21:09,274 | INFO  | SCMAudit | user=jenkins1000 | ip=192.168.69.105 | op=SEND_HEARTBEAT {datanodeUUID=6b521d90-43c4-4267-a955-3154b8383673, command=[]} | ret=SUCCESS |  
2019-09-04 03:21:09,337 | INFO  | SCMAudit | user=jenkins1000 | ip=192.168.69.105 | op=SEND_HEARTBEAT {datanodeUUID=50a57ad1-8537-401a-9ef5-5731af50f432, command=[]} | ret=SUCCESS |  
2019-09-04 03:21:09,796 | INFO  | SCMAudit | user=jenkins1000 | ip=192.168.69.105 | op=SEND_HEARTBEAT {datanodeUUID=5874772f-8d83-4395-aefd-8b53e7bb01f4, command=[]} | ret=SUCCESS |  
2019-09-04 03:21:09,996 | INFO  | SCMAudit | user=jenkins1000 | ip=192.168.69.105 | op=SEND_HEARTBEAT {datanodeUUID=84f9c2c4-73f2-4ad7-b9a8-3f333e5b0e84, command=[]} | ret=SUCCESS |  
2019-09-04 03:21:09,996 | INFO  | SCMAudit | user=jenkins1000 | ip=192.168.69.105 | op=SEND_HEARTBEAT {datanodeUUID=524a4774-666f-452c-9a20-e87fa1e4f616, command=[]} | ret=SUCCESS |  
2019-09-04 03:21:09,999 | INFO  | SCMAudit | user=jenkins1000 | ip=192.168.69.105 | op=SEND_HEARTBEAT {datanodeUUID=3895fe08-5e04-46ac-ae6d-2b942b921927, command=[]} | ret=SUCCESS |  
2019-09-04 03:21:10,027 | INFO  | SCMAudit | user=jenkins1000 | ip=192.168.69.105 | op=SEND_HEARTBEAT {datanodeUUID=3bf639f6-5176-4655-a6a8-540014321443, command=[]} | ret=SUCCESS |  
2019-09-04 03:21:10,274 | INFO  | SCMAudit | user=jenkins1000 | ip=192.168.69.105 | op=SEND_HEARTBEAT {datanodeUUID=6b521d90-43c4-4267-a955-3154b8383673, command=[]} | ret=SUCCESS |  
2019-09-04 03:21:10,338 | INFO  | SCMAudit | user=jenkins1000 | ip=192.168.69.105 | op=SEND_HEARTBEAT {datanodeUUID=50a57ad1-8537-401a-9ef5-5731af50f432, command=[]} | ret=SUCCESS |  
2019-09-04 03:21:10,796 | INFO  | SCMAudit | user=jenkins1000 | ip=192.168.69.105 | op=SEND_HEARTBEAT {datanodeUUID=5874772f-8d83-4395-aefd-8b53e7bb01f4, command=[]} | ret=SUCCESS |  
2019-09-04 03:21:10,997 | INFO  | SCMAudit | user=jenkins1000 | ip=192.168.69.105 | op=SEND_HEARTBEAT {datanodeUUID=524a4774-666f-452c-9a20-e87fa1e4f616, command=[]} | ret=SUCCESS |  
2019-09-04 03:21:10,997 | INFO  | SCMAudit | user=jenkins1000 | ip=192.168.69.105 | op=SEND_HEARTBEAT {datanodeUUID=84f9c2c4-73f2-4ad7-b9a8-3f333e5b0e84, command=[]} | ret=SUCCESS |  
2019-09-04 03:21:10,999 | INFO  | SCMAudit | user=jenkins1000 | ip=192.168.69.105 | op=SEND_HEARTBEAT {datanodeUUID=3895fe08-5e04-46ac-ae6d-2b942b921927, command=[]} | ret=SUCCESS |  
2019-09-04 03:21:11,027 | INFO  | SCMAudit | user=jenkins1000 | ip=192.168.69.105 | op=SEND_HEARTBEAT {datanodeUUID=3bf639f6-5176-4655-a6a8-540014321443, command=[]} | ret=SUCCESS |  
2019-09-04 03:21:11,274 | INFO  | SCMAudit | user=jenkins1000 | ip=192.168.69.105 | op=SEND_HEARTBEAT {datanodeUUID=6b521d90-43c4-4267-a955-3154b8383673, command=[]} | ret=SUCCESS |  
2019-09-04 03:21:11,337 | INFO  | SCMAudit | user=jenkins1000 | ip=192.168.69.105 | op=SEND_HEARTBEAT {datanodeUUID=50a57ad1-8537-401a-9ef5-5731af50f432, command=[]} | ret=SUCCESS |  
2019-09-04 03:21:11,797 | INFO  | SCMAudit | user=jenkins1000 | ip=192.168.69.105 | op=SEND_HEARTBEAT {datanodeUUID=5874772f-8d83-4395-aefd-8b53e7bb01f4, command=[]} | ret=SUCCESS |  
2019-09-04 03:21:11,996 | INFO  | SCMAudit | user=jenkins1000 | ip=192.168.69.105 | op=SEND_HEARTBEAT {datanodeUUID=84f9c2c4-73f2-4ad7-b9a8-3f333e5b0e84, command=[]} | ret=SUCCESS |  
2019-09-04 03:21:11,996 | INFO  | SCMAudit | user=jenkins1000 | ip=192.168.69.105 | op=SEND_HEARTBEAT {datanodeUUID=524a4774-666f-452c-9a20-e87fa1e4f616, command=[]} | ret=SUCCESS |  
2019-09-04 03:21:11,999 | INFO  | SCMAudit | user=jenkins1000 | ip=192.168.69.105 | op=SEND_HEARTBEAT {datanodeUUID=3895fe08-5e04-46ac-ae6d-2b942b921927, command=[]} | ret=SUCCESS |  
2019-09-04 03:21:12,027 | INFO  | SCMAudit | user=jenkins1000 | ip=192.168.69.105 | op=SEND_HEARTBEAT {datanodeUUID=3bf639f6-5176-4655-a6a8-540014321443, command=[]} | ret=SUCCESS |  
2019-09-04 03:21:12,275 | INFO  | SCMAudit | user=jenkins1000 | ip=192.168.69.105 | op=SEND_HEARTBEAT {datanodeUUID=6b521d90-43c4-4267-a955-3154b8383673, command=[]} | ret=SUCCESS |  
2019-09-04 03:21:12,338 | INFO  | SCMAudit | user=jenkins1000 | ip=192.168.69.105 | op=SEND_HEARTBEAT {datanodeUUID=50a57ad1-8537-401a-9ef5-5731af50f432, command=[]} | ret=SUCCESS |  
2019-09-04 03:21:12,796 | INFO  | SCMAudit | user=jenkins1000 | ip=192.168.69.105 | op=SEND_HEARTBEAT {datanodeUUID=5874772f-8d83-4395-aefd-8b53e7bb01f4, command=[]} | ret=SUCCESS |  
2019-09-04 03:21:12,997 | INFO  | SCMAudit | user=jenkins1000 | ip=192.168.69.105 | op=SEND_HEARTBEAT {datanodeUUID=84f9c2c4-73f2-4ad7-b9a8-3f333e5b0e84, command=[]} | ret=SUCCESS |  
2019-09-04 03:21:12,999 | INFO  | SCMAudit | user=jenkins1000 | ip=192.168.69.105 | op=SEND_HEARTBEAT {datanodeUUID=524a4774-666f-452c-9a20-e87fa1e4f616, command=[]} | ret=SUCCESS |  
2019-09-04 03:21:13,000 | INFO  | SCMAudit | user=jenkins1000 | ip=192.168.69.105 | op=SEND_HEARTBEAT {datanodeUUID=3895fe08-5e04-46ac-ae6d-2b942b921927, command=[]} | ret=SUCCESS |  
2019-09-04 03:21:13,028 | INFO  | SCMAudit | user=jenkins1000 | ip=192.168.69.105 | op=SEND_HEARTBEAT {datanodeUUID=3bf639f6-5176-4655-a6a8-540014321443, command=[]} | ret=SUCCESS |  
2019-09-04 03:21:13,275 | INFO  | SCMAudit | user=jenkins1000 | ip=192.168.69.105 | op=SEND_HEARTBEAT {datanodeUUID=6b521d90-43c4-4267-a955-3154b8383673, command=[]} | ret=SUCCESS |  
2019-09-04 03:21:13,338 | INFO  | SCMAudit | user=jenkins1000 | ip=192.168.69.105 | op=SEND_HEARTBEAT {datanodeUUID=50a57ad1-8537-401a-9ef5-5731af50f432, command=[]} | ret=SUCCESS |  
2019-09-04 03:21:13,435 [grpc-default-executor-0] INFO  client.GrpcClientProtocolClient (GrpcClientProtocolClient.java:onNext(255)) - client-81D3A7E5B111->84f9c2c4-73f2-4ad7-b9a8-3f333e5b0e84: receive RaftClientReply:client-81D3A7E5B111->84f9c2c4-73f2-4ad7-b9a8-3f333e5b0e84@group-002EB6C1B0CF, cid=45, FAILED org.apache.ratis.protocol.NotLeaderException: Server 84f9c2c4-73f2-4ad7-b9a8-3f333e5b0e84 is not the leader (3895fe08-5e04-46ac-ae6d-2b942b921927:192.168.69.105:44785). Request must be sent to leader., logIndex=0, commits[84f9c2c4-73f2-4ad7-b9a8-3f333e5b0e84:c8, 3895fe08-5e04-46ac-ae6d-2b942b921927:c8, 524a4774-666f-452c-9a20-e87fa1e4f616:c8]
2019-09-04 03:21:13,797 | INFO  | SCMAudit | user=jenkins1000 | ip=192.168.69.105 | op=SEND_HEARTBEAT {datanodeUUID=5874772f-8d83-4395-aefd-8b53e7bb01f4, command=[]} | ret=SUCCESS |  
2019-09-04 03:21:13,996 | INFO  | SCMAudit | user=jenkins1000 | ip=192.168.69.105 | op=SEND_HEARTBEAT {datanodeUUID=524a4774-666f-452c-9a20-e87fa1e4f616, command=[]} | ret=SUCCESS |  
2019-09-04 03:21:13,996 | INFO  | SCMAudit | user=jenkins1000 | ip=192.168.69.105 | op=SEND_HEARTBEAT {datanodeUUID=84f9c2c4-73f2-4ad7-b9a8-3f333e5b0e84, command=[]} | ret=SUCCESS |  
2019-09-04 03:21:13,999 | INFO  | SCMAudit | user=jenkins1000 | ip=192.168.69.105 | op=SEND_HEARTBEAT {datanodeUUID=3895fe08-5e04-46ac-ae6d-2b942b921927, command=[]} | ret=SUCCESS |  
2019-09-04 03:21:14,028 | INFO  | SCMAudit | user=jenkins1000 | ip=192.168.69.105 | op=SEND_HEARTBEAT {datanodeUUID=3bf639f6-5176-4655-a6a8-540014321443, command=[]} | ret=SUCCESS |  
2019-09-04 03:21:14,276 | INFO  | SCMAudit | user=jenkins1000 | ip=192.168.69.105 | op=SEND_HEARTBEAT {datanodeUUID=6b521d90-43c4-4267-a955-3154b8383673, command=[]} | ret=SUCCESS |  
2019-09-04 03:21:14,338 | INFO  | SCMAudit | user=jenkins1000 | ip=192.168.69.105 | op=SEND_HEARTBEAT {datanodeUUID=50a57ad1-8537-401a-9ef5-5731af50f432, command=[]} | ret=SUCCESS |  
2019-09-04 03:21:14,797 | INFO  | SCMAudit | user=jenkins1000 | ip=192.168.69.105 | op=SEND_HEARTBEAT {datanodeUUID=5874772f-8d83-4395-aefd-8b53e7bb01f4, command=[]} | ret=SUCCESS |  
2019-09-04 03:21:14,997 | INFO  | SCMAudit | user=jenkins1000 | ip=192.168.69.105 | op=SEND_HEARTBEAT {datanodeUUID=84f9c2c4-73f2-4ad7-b9a8-3f333e5b0e84, command=[]} | ret=SUCCESS |  
2019-09-04 03:21:14,997 | INFO  | SCMAudit | user=jenkins1000 | ip=192.168.69.105 | op=SEND_HEARTBEAT {datanodeUUID=524a4774-666f-452c-9a20-e87fa1e4f616, command=[]} | ret=SUCCESS |  
2019-09-04 03:21:14,999 | INFO  | SCMAudit | user=jenkins1000 | ip=192.168.69.105 | op=SEND_HEARTBEAT {datanodeUUID=3895fe08-5e04-46ac-ae6d-2b942b921927, command=[]} | ret=SUCCESS |  
2019-09-04 03:21:15,028 | INFO  | SCMAudit | user=jenkins1000 | ip=192.168.69.105 | op=SEND_HEARTBEAT {datanodeUUID=3bf639f6-5176-4655-a6a8-540014321443, command=[]} | ret=SUCCESS |  
2019-09-04 03:21:15,275 | INFO  | SCMAudit | user=jenkins1000 | ip=192.168.69.105 | op=SEND_HEARTBEAT {datanodeUUID=6b521d90-43c4-4267-a955-3154b8383673, command=[]} | ret=SUCCESS |  
2019-09-04 03:21:15,338 | INFO  | SCMAudit | user=jenkins1000 | ip=192.168.69.105 | op=SEND_HEARTBEAT {datanodeUUID=50a57ad1-8537-401a-9ef5-5731af50f432, command=[]} | ret=SUCCESS |  
2019-09-04 03:21:15,796 | INFO  | SCMAudit | user=jenkins1000 | ip=192.168.69.105 | op=SEND_HEARTBEAT {datanodeUUID=5874772f-8d83-4395-aefd-8b53e7bb01f4, command=[]} | ret=SUCCESS |  
2019-09-04 03:21:15,996 | INFO  | SCMAudit | user=jenkins1000 | ip=192.168.69.105 | op=SEND_HEARTBEAT {datanodeUUID=84f9c2c4-73f2-4ad7-b9a8-3f333e5b0e84, command=[]} | ret=SUCCESS |  
2019-09-04 03:21:15,996 | INFO  | SCMAudit | user=jenkins1000 | ip=192.168.69.105 | op=SEND_HEARTBEAT {datanodeUUID=524a4774-666f-452c-9a20-e87fa1e4f616, command=[]} | ret=SUCCESS |  
2019-09-04 03:21:15,999 | INFO  | SCMAudit | user=jenkins1000 | ip=192.168.69.105 | op=SEND_HEARTBEAT {datanodeUUID=3895fe08-5e04-46ac-ae6d-2b942b921927, command=[]} | ret=SUCCESS |  
2019-09-04 03:21:16,028 | INFO  | SCMAudit | user=jenkins1000 | ip=192.168.69.105 | op=SEND_HEARTBEAT {datanodeUUID=3bf639f6-5176-4655-a6a8-540014321443, command=[]} | ret=SUCCESS |  
2019-09-04 03:21:16,280 | INFO  | SCMAudit | user=jenkins1000 | ip=192.168.69.105 | op=SEND_HEARTBEAT {datanodeUUID=6b521d90-43c4-4267-a955-3154b8383673, command=[]} | ret=SUCCESS |  
2019-09-04 03:21:16,339 | INFO  | SCMAudit | user=jenkins1000 | ip=192.168.69.105 | op=SEND_HEARTBEAT {datanodeUUID=50a57ad1-8537-401a-9ef5-5731af50f432, command=[]} | ret=SUCCESS |  
2019-09-04 03:21:16,797 | INFO  | SCMAudit | user=jenkins1000 | ip=192.168.69.105 | op=SEND_HEARTBEAT {datanodeUUID=5874772f-8d83-4395-aefd-8b53e7bb01f4, command=[]} | ret=SUCCESS |  
2019-09-04 03:21:16,996 | INFO  | SCMAudit | user=jenkins1000 | ip=192.168.69.105 | op=SEND_HEARTBEAT {datanodeUUID=84f9c2c4-73f2-4ad7-b9a8-3f333e5b0e84, command=[]} | ret=SUCCESS |  
2019-09-04 03:21:16,996 | INFO  | SCMAudit | user=jenkins1000 | ip=192.168.69.105 | op=SEND_HEARTBEAT {datanodeUUID=524a4774-666f-452c-9a20-e87fa1e4f616, command=[]} | ret=SUCCESS |  
2019-09-04 03:21:16,999 | INFO  | SCMAudit | user=jenkins1000 | ip=192.168.69.105 | op=SEND_HEARTBEAT {datanodeUUID=3895fe08-5e04-46ac-ae6d-2b942b921927, command=[]} | ret=SUCCESS |  
2019-09-04 03:21:17,028 | INFO  | SCMAudit | user=jenkins1000 | ip=192.168.69.105 | op=SEND_HEARTBEAT {datanodeUUID=3bf639f6-5176-4655-a6a8-540014321443, command=[]} | ret=SUCCESS |  
2019-09-04 03:21:17,278 | INFO  | SCMAudit | user=jenkins1000 | ip=192.168.69.105 | op=SEND_HEARTBEAT {datanodeUUID=6b521d90-43c4-4267-a955-3154b8383673, command=[]} | ret=SUCCESS |  
2019-09-04 03:21:17,341 | INFO  | SCMAudit | user=jenkins1000 | ip=192.168.69.105 | op=SEND_HEARTBEAT {datanodeUUID=50a57ad1-8537-401a-9ef5-5731af50f432, command=[]} | ret=SUCCESS |  
2019-09-04 03:21:17,797 | INFO  | SCMAudit | user=jenkins1000 | ip=192.168.69.105 | op=SEND_HEARTBEAT {datanodeUUID=5874772f-8d83-4395-aefd-8b53e7bb01f4, command=[]} | ret=SUCCESS |  
2019-09-04 03:21:17,997 | INFO  | SCMAudit | user=jenkins1000 | ip=192.168.69.105 | op=SEND_HEARTBEAT {datanodeUUID=524a4774-666f-452c-9a20-e87fa1e4f616, command=[]} | ret=SUCCESS |  
2019-09-04 03:21:17,997 | INFO  | SCMAudit | user=jenkins1000 | ip=192.168.69.105 | op=SEND_HEARTBEAT {datanodeUUID=84f9c2c4-73f2-4ad7-b9a8-3f333e5b0e84, command=[]} | ret=SUCCESS |  
2019-09-04 03:21:17,999 | INFO  | SCMAudit | user=jenkins1000 | ip=192.168.69.105 | op=SEND_HEARTBEAT {datanodeUUID=3895fe08-5e04-46ac-ae6d-2b942b921927, command=[]} | ret=SUCCESS |  
2019-09-04 03:21:18,028 | INFO  | SCMAudit | user=jenkins1000 | ip=192.168.69.105 | op=SEND_HEARTBEAT {datanodeUUID=3bf639f6-5176-4655-a6a8-540014321443, command=[]} | ret=SUCCESS |  
2019-09-04 03:21:18,279 | INFO  | SCMAudit | user=jenkins1000 | ip=192.168.69.105 | op=SEND_HEARTBEAT {datanodeUUID=6b521d90-43c4-4267-a955-3154b8383673, command=[]} | ret=SUCCESS |  
2019-09-04 03:21:18,340 | INFO  | SCMAudit | user=jenkins1000 | ip=192.168.69.105 | op=SEND_HEARTBEAT {datanodeUUID=50a57ad1-8537-401a-9ef5-5731af50f432, command=[]} | ret=SUCCESS |  
2019-09-04 03:21:18,478 [grpc-default-executor-4] INFO  client.GrpcClientProtocolClient (GrpcClientProtocolClient.java:onNext(255)) - client-81D3A7E5B111->524a4774-666f-452c-9a20-e87fa1e4f616: receive RaftClientReply:client-81D3A7E5B111->524a4774-666f-452c-9a20-e87fa1e4f616@group-002EB6C1B0CF, cid=45, FAILED org.apache.ratis.protocol.NotLeaderException: Server 524a4774-666f-452c-9a20-e87fa1e4f616 is not the leader (3895fe08-5e04-46ac-ae6d-2b942b921927:192.168.69.105:44785). Request must be sent to leader., logIndex=0, commits[524a4774-666f-452c-9a20-e87fa1e4f616:c8, 3895fe08-5e04-46ac-ae6d-2b942b921927:c8, 84f9c2c4-73f2-4ad7-b9a8-3f333e5b0e84:c8]
2019-09-04 03:21:18,797 | INFO  | SCMAudit | user=jenkins1000 | ip=192.168.69.105 | op=SEND_HEARTBEAT {datanodeUUID=5874772f-8d83-4395-aefd-8b53e7bb01f4, command=[]} | ret=SUCCESS |  
2019-09-04 03:21:18,996 | INFO  | SCMAudit | user=jenkins1000 | ip=192.168.69.105 | op=SEND_HEARTBEAT {datanodeUUID=84f9c2c4-73f2-4ad7-b9a8-3f333e5b0e84, command=[]} | ret=SUCCESS |  
2019-09-04 03:21:18,996 | INFO  | SCMAudit | user=jenkins1000 | ip=192.168.69.105 | op=SEND_HEARTBEAT {datanodeUUID=524a4774-666f-452c-9a20-e87fa1e4f616, command=[]} | ret=SUCCESS |  
2019-09-04 03:21:18,999 | INFO  | SCMAudit | user=jenkins1000 | ip=192.168.69.105 | op=SEND_HEARTBEAT {datanodeUUID=3895fe08-5e04-46ac-ae6d-2b942b921927, command=[]} | ret=SUCCESS |  
2019-09-04 03:21:19,028 | INFO  | SCMAudit | user=jenkins1000 | ip=192.168.69.105 | op=SEND_HEARTBEAT {datanodeUUID=3bf639f6-5176-4655-a6a8-540014321443, command=[]} | ret=SUCCESS |  
2019-09-04 03:21:19,278 | INFO  | SCMAudit | user=jenkins1000 | ip=192.168.69.105 | op=SEND_HEARTBEAT {datanodeUUID=6b521d90-43c4-4267-a955-3154b8383673, command=[]} | ret=SUCCESS |  
2019-09-04 03:21:19,339 | INFO  | SCMAudit | user=jenkins1000 | ip=192.168.69.105 | op=SEND_HEARTBEAT {datanodeUUID=50a57ad1-8537-401a-9ef5-5731af50f432, command=[]} | ret=SUCCESS |  
2019-09-04 03:21:19,798 | INFO  | SCMAudit | user=jenkins1000 | ip=192.168.69.105 | op=SEND_HEARTBEAT {datanodeUUID=5874772f-8d83-4395-aefd-8b53e7bb01f4, command=[]} | ret=SUCCESS |  
2019-09-04 03:21:19,996 | INFO  | SCMAudit | user=jenkins1000 | ip=192.168.69.105 | op=SEND_HEARTBEAT {datanodeUUID=524a4774-666f-452c-9a20-e87fa1e4f616, command=[]} | ret=SUCCESS |  
2019-09-04 03:21:19,996 | INFO  | SCMAudit | user=jenkins1000 | ip=192.168.69.105 | op=SEND_HEARTBEAT {datanodeUUID=84f9c2c4-73f2-4ad7-b9a8-3f333e5b0e84, command=[]} | ret=SUCCESS |  
2019-09-04 03:21:19,999 | INFO  | SCMAudit | user=jenkins1000 | ip=192.168.69.105 | op=SEND_HEARTBEAT {datanodeUUID=3895fe08-5e04-46ac-ae6d-2b942b921927, command=[]} | ret=SUCCESS |  
2019-09-04 03:21:20,030 | INFO  | SCMAudit | user=jenkins1000 | ip=192.168.69.105 | op=SEND_HEARTBEAT {datanodeUUID=3bf639f6-5176-4655-a6a8-540014321443, command=[]} | ret=SUCCESS |  
2019-09-04 03:21:20,279 | INFO  | SCMAudit | user=jenkins1000 | ip=192.168.69.105 | op=SEND_HEARTBEAT {datanodeUUID=6b521d90-43c4-4267-a955-3154b8383673, command=[]} | ret=SUCCESS |  
2019-09-04 03:21:20,340 | INFO  | SCMAudit | user=jenkins1000 | ip=192.168.69.105 | op=SEND_HEARTBEAT {datanodeUUID=50a57ad1-8537-401a-9ef5-5731af50f432, command=[]} | ret=SUCCESS |  
2019-09-04 03:21:20,797 | INFO  | SCMAudit | user=jenkins1000 | ip=192.168.69.105 | op=SEND_HEARTBEAT {datanodeUUID=5874772f-8d83-4395-aefd-8b53e7bb01f4, command=[]} | ret=SUCCESS |  
2019-09-04 03:21:20,997 | INFO  | SCMAudit | user=jenkins1000 | ip=192.168.69.105 | op=SEND_HEARTBEAT {datanodeUUID=524a4774-666f-452c-9a20-e87fa1e4f616, command=[]} | ret=SUCCESS |  
2019-09-04 03:21:20,997 | INFO  | SCMAudit | user=jenkins1000 | ip=192.168.69.105 | op=SEND_HEARTBEAT {datanodeUUID=84f9c2c4-73f2-4ad7-b9a8-3f333e5b0e84, command=[]} | ret=SUCCESS |  
2019-09-04 03:21:20,999 | INFO  | SCMAudit | user=jenkins1000 | ip=192.168.69.105 | op=SEND_HEARTBEAT {datanodeUUID=3895fe08-5e04-46ac-ae6d-2b942b921927, command=[]} | ret=SUCCESS |  
2019-09-04 03:21:21,030 | INFO  | SCMAudit | user=jenkins1000 | ip=192.168.69.105 | op=SEND_HEARTBEAT {datanodeUUID=3bf639f6-5176-4655-a6a8-540014321443, command=[]} | ret=SUCCESS |  
2019-09-04 03:21:21,279 | INFO  | SCMAudit | user=jenkins1000 | ip=192.168.69.105 | op=SEND_HEARTBEAT {datanodeUUID=6b521d90-43c4-4267-a955-3154b8383673, command=[]} | ret=SUCCESS |  
2019-09-04 03:21:21,339 | INFO  | SCMAudit | user=jenkins1000 | ip=192.168.69.105 | op=SEND_HEARTBEAT {datanodeUUID=50a57ad1-8537-401a-9ef5-5731af50f432, command=[]} | ret=SUCCESS |  
2019-09-04 03:21:21,797 | INFO  | SCMAudit | user=jenkins1000 | ip=192.168.69.105 | op=SEND_HEARTBEAT {datanodeUUID=5874772f-8d83-4395-aefd-8b53e7bb01f4, command=[]} | ret=SUCCESS |  
2019-09-04 03:21:21,997 | INFO  | SCMAudit | user=jenkins1000 | ip=192.168.69.105 | op=SEND_HEARTBEAT {datanodeUUID=524a4774-666f-452c-9a20-e87fa1e4f616, command=[]} | ret=SUCCESS |  
2019-09-04 03:21:21,997 | INFO  | SCMAudit | user=jenkins1000 | ip=192.168.69.105 | op=SEND_HEARTBEAT {datanodeUUID=84f9c2c4-73f2-4ad7-b9a8-3f333e5b0e84, command=[]} | ret=SUCCESS |  
2019-09-04 03:21:21,999 | INFO  | SCMAudit | user=jenkins1000 | ip=192.168.69.105 | op=SEND_HEARTBEAT {datanodeUUID=3895fe08-5e04-46ac-ae6d-2b942b921927, command=[]} | ret=SUCCESS |  
2019-09-04 03:21:22,031 | INFO  | SCMAudit | user=jenkins1000 | ip=192.168.69.105 | op=SEND_HEARTBEAT {datanodeUUID=3bf639f6-5176-4655-a6a8-540014321443, command=[]} | ret=SUCCESS |  
2019-09-04 03:21:22,281 | INFO  | SCMAudit | user=jenkins1000 | ip=192.168.69.105 | op=SEND_HEARTBEAT {datanodeUUID=6b521d90-43c4-4267-a955-3154b8383673, command=[]} | ret=SUCCESS |  
2019-09-04 03:21:22,340 | INFO  | SCMAudit | user=jenkins1000 | ip=192.168.69.105 | op=SEND_HEARTBEAT {datanodeUUID=50a57ad1-8537-401a-9ef5-5731af50f432, command=[]} | ret=SUCCESS |  
2019-09-04 03:21:22,798 | INFO  | SCMAudit | user=jenkins1000 | ip=192.168.69.105 | op=SEND_HEARTBEAT {datanodeUUID=5874772f-8d83-4395-aefd-8b53e7bb01f4, command=[]} | ret=SUCCESS |  
2019-09-04 03:21:22,997 | INFO  | SCMAudit | user=jenkins1000 | ip=192.168.69.105 | op=SEND_HEARTBEAT {datanodeUUID=84f9c2c4-73f2-4ad7-b9a8-3f333e5b0e84, command=[]} | ret=SUCCESS |  
2019-09-04 03:21:22,998 | INFO  | SCMAudit | user=jenkins1000 | ip=192.168.69.105 | op=SEND_HEARTBEAT {datanodeUUID=524a4774-666f-452c-9a20-e87fa1e4f616, command=[]} | ret=SUCCESS |  
2019-09-04 03:21:22,999 | INFO  | SCMAudit | user=jenkins1000 | ip=192.168.69.105 | op=SEND_HEARTBEAT {datanodeUUID=3895fe08-5e04-46ac-ae6d-2b942b921927, command=[]} | ret=SUCCESS |  
2019-09-04 03:21:23,030 | INFO  | SCMAudit | user=jenkins1000 | ip=192.168.69.105 | op=SEND_HEARTBEAT {datanodeUUID=3bf639f6-5176-4655-a6a8-540014321443, command=[]} | ret=SUCCESS |  
2019-09-04 03:21:23,279 | INFO  | SCMAudit | user=jenkins1000 | ip=192.168.69.105 | op=SEND_HEARTBEAT {datanodeUUID=6b521d90-43c4-4267-a955-3154b8383673, command=[]} | ret=SUCCESS |  
2019-09-04 03:21:23,340 | INFO  | SCMAudit | user=jenkins1000 | ip=192.168.69.105 | op=SEND_HEARTBEAT {datanodeUUID=50a57ad1-8537-401a-9ef5-5731af50f432, command=[]} | ret=SUCCESS |  
2019-09-04 03:21:23,521 [grpc-default-executor-0] INFO  client.GrpcClientProtocolClient (GrpcClientProtocolClient.java:onNext(255)) - client-81D3A7E5B111->84f9c2c4-73f2-4ad7-b9a8-3f333e5b0e84: receive RaftClientReply:client-81D3A7E5B111->84f9c2c4-73f2-4ad7-b9a8-3f333e5b0e84@group-002EB6C1B0CF, cid=45, FAILED org.apache.ratis.protocol.NotLeaderException: Server 84f9c2c4-73f2-4ad7-b9a8-3f333e5b0e84 is not the leader (3895fe08-5e04-46ac-ae6d-2b942b921927:192.168.69.105:44785). Request must be sent to leader., logIndex=0, commits[84f9c2c4-73f2-4ad7-b9a8-3f333e5b0e84:c8, 3895fe08-5e04-46ac-ae6d-2b942b921927:c8, 524a4774-666f-452c-9a20-e87fa1e4f616:c8]
2019-09-04 03:21:23,797 | INFO  | SCMAudit | user=jenkins1000 | ip=192.168.69.105 | op=SEND_HEARTBEAT {datanodeUUID=5874772f-8d83-4395-aefd-8b53e7bb01f4, command=[]} | ret=SUCCESS |  
2019-09-04 03:21:23,997 | INFO  | SCMAudit | user=jenkins1000 | ip=192.168.69.105 | op=SEND_HEARTBEAT {datanodeUUID=84f9c2c4-73f2-4ad7-b9a8-3f333e5b0e84, command=[]} | ret=SUCCESS |  
2019-09-04 03:21:23,998 | INFO  | SCMAudit | user=jenkins1000 | ip=192.168.69.105 | op=SEND_HEARTBEAT {datanodeUUID=524a4774-666f-452c-9a20-e87fa1e4f616, command=[]} | ret=SUCCESS |  
2019-09-04 03:21:23,999 | INFO  | SCMAudit | user=jenkins1000 | ip=192.168.69.105 | op=SEND_HEARTBEAT {datanodeUUID=3895fe08-5e04-46ac-ae6d-2b942b921927, command=[]} | ret=SUCCESS |  
2019-09-04 03:21:24,030 | INFO  | SCMAudit | user=jenkins1000 | ip=192.168.69.105 | op=SEND_HEARTBEAT {datanodeUUID=3bf639f6-5176-4655-a6a8-540014321443, command=[]} | ret=SUCCESS |  
2019-09-04 03:21:24,280 | INFO  | SCMAudit | user=jenkins1000 | ip=192.168.69.105 | op=SEND_HEARTBEAT {datanodeUUID=6b521d90-43c4-4267-a955-3154b8383673, command=[]} | ret=SUCCESS |  
2019-09-04 03:21:24,340 | INFO  | SCMAudit | user=jenkins1000 | ip=192.168.69.105 | op=SEND_HEARTBEAT {datanodeUUID=50a57ad1-8537-401a-9ef5-5731af50f432, command=[]} | ret=SUCCESS |  
2019-09-04 03:21:24,798 | INFO  | SCMAudit | user=jenkins1000 | ip=192.168.69.105 | op=SEND_HEARTBEAT {datanodeUUID=5874772f-8d83-4395-aefd-8b53e7bb01f4, command=[]} | ret=SUCCESS |  
2019-09-04 03:21:24,998 | INFO  | SCMAudit | user=jenkins1000 | ip=192.168.69.105 | op=SEND_HEARTBEAT {datanodeUUID=84f9c2c4-73f2-4ad7-b9a8-3f333e5b0e84, command=[]} | ret=SUCCESS |  
2019-09-04 03:21:24,999 | INFO  | SCMAudit | user=jenkins1000 | ip=192.168.69.105 | op=SEND_HEARTBEAT {datanodeUUID=3895fe08-5e04-46ac-ae6d-2b942b921927, command=[]} | ret=SUCCESS |  
2019-09-04 03:21:24,999 | INFO  | SCMAudit | user=jenkins1000 | ip=192.168.69.105 | op=SEND_HEARTBEAT {datanodeUUID=524a4774-666f-452c-9a20-e87fa1e4f616, command=[]} | ret=SUCCESS |  
2019-09-04 03:21:25,031 | INFO  | SCMAudit | user=jenkins1000 | ip=192.168.69.105 | op=SEND_HEARTBEAT {datanodeUUID=3bf639f6-5176-4655-a6a8-540014321443, command=[]} | ret=SUCCESS |  
2019-09-04 03:21:25,279 | INFO  | SCMAudit | user=jenkins1000 | ip=192.168.69.105 | op=SEND_HEARTBEAT {datanodeUUID=6b521d90-43c4-4267-a955-3154b8383673, command=[]} | ret=SUCCESS |  
2019-09-04 03:21:25,341 | INFO  | SCMAudit | user=jenkins1000 | ip=192.168.69.105 | op=SEND_HEARTBEAT {datanodeUUID=50a57ad1-8537-401a-9ef5-5731af50f432, command=[]} | ret=SUCCESS |  
2019-09-04 03:21:25,797 | INFO  | SCMAudit | user=jenkins1000 | ip=192.168.69.105 | op=SEND_HEARTBEAT {datanodeUUID=5874772f-8d83-4395-aefd-8b53e7bb01f4, command=[]} | ret=SUCCESS |  
2019-09-04 03:21:25,998 | INFO  | SCMAudit | user=jenkins1000 | ip=192.168.69.105 | op=SEND_HEARTBEAT {datanodeUUID=84f9c2c4-73f2-4ad7-b9a8-3f333e5b0e84, command=[]} | ret=SUCCESS |  
2019-09-04 03:21:25,999 | INFO  | SCMAudit | user=jenkins1000 | ip=192.168.69.105 | op=SEND_HEARTBEAT {datanodeUUID=3895fe08-5e04-46ac-ae6d-2b942b921927, command=[]} | ret=SUCCESS |  
2019-09-04 03:21:26,000 | INFO  | SCMAudit | user=jenkins1000 | ip=192.168.69.105 | op=SEND_HEARTBEAT {datanodeUUID=524a4774-666f-452c-9a20-e87fa1e4f616, command=[]} | ret=SUCCESS |  
2019-09-04 03:21:26,030 | INFO  | SCMAudit | user=jenkins1000 | ip=192.168.69.105 | op=SEND_HEARTBEAT {datanodeUUID=3bf639f6-5176-4655-a6a8-540014321443, command=[]} | ret=SUCCESS |  
2019-09-04 03:21:26,279 | INFO  | SCMAudit | user=jenkins1000 | ip=192.168.69.105 | op=SEND_HEARTBEAT {datanodeUUID=6b521d90-43c4-4267-a955-3154b8383673, command=[]} | ret=SUCCESS |  
2019-09-04 03:21:26,341 | INFO  | SCMAudit | user=jenkins1000 | ip=192.168.69.105 | op=SEND_HEARTBEAT {datanodeUUID=50a57ad1-8537-401a-9ef5-5731af50f432, command=[]} | ret=SUCCESS |  
2019-09-04 03:21:26,798 | INFO  | SCMAudit | user=jenkins1000 | ip=192.168.69.105 | op=SEND_HEARTBEAT {datanodeUUID=5874772f-8d83-4395-aefd-8b53e7bb01f4, command=[]} | ret=SUCCESS |  
2019-09-04 03:21:26,999 | INFO  | SCMAudit | user=jenkins1000 | ip=192.168.69.105 | op=SEND_HEARTBEAT {datanodeUUID=84f9c2c4-73f2-4ad7-b9a8-3f333e5b0e84, command=[]} | ret=SUCCESS |  
2019-09-04 03:21:26,999 | INFO  | SCMAudit | user=jenkins1000 | ip=192.168.69.105 | op=SEND_HEARTBEAT {datanodeUUID=3895fe08-5e04-46ac-ae6d-2b942b921927, command=[]} | ret=SUCCESS |  
2019-09-04 03:21:27,000 | INFO  | SCMAudit | user=jenkins1000 | ip=192.168.69.105 | op=SEND_HEARTBEAT {datanodeUUID=524a4774-666f-452c-9a20-e87fa1e4f616, command=[]} | ret=SUCCESS |  
2019-09-04 03:21:27,030 | INFO  | SCMAudit | user=jenkins1000 | ip=192.168.69.105 | op=SEND_HEARTBEAT {datanodeUUID=3bf639f6-5176-4655-a6a8-540014321443, command=[]} | ret=SUCCESS |  
2019-09-04 03:21:27,279 | INFO  | SCMAudit | user=jenkins1000 | ip=192.168.69.105 | op=SEND_HEARTBEAT {datanodeUUID=6b521d90-43c4-4267-a955-3154b8383673, command=[]} | ret=SUCCESS |  
2019-09-04 03:21:27,341 | INFO  | SCMAudit | user=jenkins1000 | ip=192.168.69.105 | op=SEND_HEARTBEAT {datanodeUUID=50a57ad1-8537-401a-9ef5-5731af50f432, command=[]} | ret=SUCCESS |  
2019-09-04 03:21:27,799 | INFO  | SCMAudit | user=jenkins1000 | ip=192.168.69.105 | op=SEND_HEARTBEAT {datanodeUUID=5874772f-8d83-4395-aefd-8b53e7bb01f4, command=[]} | ret=SUCCESS |  
2019-09-04 03:21:27,998 | INFO  | SCMAudit | user=jenkins1000 | ip=192.168.69.105 | op=SEND_HEARTBEAT {datanodeUUID=84f9c2c4-73f2-4ad7-b9a8-3f333e5b0e84, command=[]} | ret=SUCCESS |  
2019-09-04 03:21:27,999 | INFO  | SCMAudit | user=jenkins1000 | ip=192.168.69.105 | op=SEND_HEARTBEAT {datanodeUUID=3895fe08-5e04-46ac-ae6d-2b942b921927, command=[]} | ret=SUCCESS |  
2019-09-04 03:21:28,000 | INFO  | SCMAudit | user=jenkins1000 | ip=192.168.69.105 | op=SEND_HEARTBEAT {datanodeUUID=524a4774-666f-452c-9a20-e87fa1e4f616, command=[]} | ret=SUCCESS |  
2019-09-04 03:21:28,030 | INFO  | SCMAudit | user=jenkins1000 | ip=192.168.69.105 | op=SEND_HEARTBEAT {datanodeUUID=3bf639f6-5176-4655-a6a8-540014321443, command=[]} | ret=SUCCESS |  
2019-09-04 03:21:28,279 | INFO  | SCMAudit | user=jenkins1000 | ip=192.168.69.105 | op=SEND_HEARTBEAT {datanodeUUID=6b521d90-43c4-4267-a955-3154b8383673, command=[]} | ret=SUCCESS |  
2019-09-04 03:21:28,341 | INFO  | SCMAudit | user=jenkins1000 | ip=192.168.69.105 | op=SEND_HEARTBEAT {datanodeUUID=50a57ad1-8537-401a-9ef5-5731af50f432, command=[]} | ret=SUCCESS |  
2019-09-04 03:21:28,554 [grpc-default-executor-0] INFO  client.GrpcClientProtocolClient (GrpcClientProtocolClient.java:onNext(255)) - client-81D3A7E5B111->84f9c2c4-73f2-4ad7-b9a8-3f333e5b0e84: receive RaftClientReply:client-81D3A7E5B111->84f9c2c4-73f2-4ad7-b9a8-3f333e5b0e84@group-002EB6C1B0CF, cid=45, FAILED org.apache.ratis.protocol.NotLeaderException: Server 84f9c2c4-73f2-4ad7-b9a8-3f333e5b0e84 is not the leader (3895fe08-5e04-46ac-ae6d-2b942b921927:192.168.69.105:44785). Request must be sent to leader., logIndex=0, commits[84f9c2c4-73f2-4ad7-b9a8-3f333e5b0e84:c8, 3895fe08-5e04-46ac-ae6d-2b942b921927:c8, 524a4774-666f-452c-9a20-e87fa1e4f616:c8]
2019-09-04 03:21:28,798 | INFO  | SCMAudit | user=jenkins1000 | ip=192.168.69.105 | op=SEND_HEARTBEAT {datanodeUUID=5874772f-8d83-4395-aefd-8b53e7bb01f4, command=[]} | ret=SUCCESS |  
2019-09-04 03:21:28,998 | INFO  | SCMAudit | user=jenkins1000 | ip=192.168.69.105 | op=SEND_HEARTBEAT {datanodeUUID=84f9c2c4-73f2-4ad7-b9a8-3f333e5b0e84, command=[]} | ret=SUCCESS |  
2019-09-04 03:21:28,999 | INFO  | SCMAudit | user=jenkins1000 | ip=192.168.69.105 | op=SEND_HEARTBEAT {datanodeUUID=3895fe08-5e04-46ac-ae6d-2b942b921927, command=[]} | ret=SUCCESS |  
2019-09-04 03:21:29,000 | INFO  | SCMAudit | user=jenkins1000 | ip=192.168.69.105 | op=SEND_HEARTBEAT {datanodeUUID=524a4774-666f-452c-9a20-e87fa1e4f616, command=[]} | ret=SUCCESS |  
2019-09-04 03:21:29,030 | INFO  | SCMAudit | user=jenkins1000 | ip=192.168.69.105 | op=SEND_HEARTBEAT {datanodeUUID=3bf639f6-5176-4655-a6a8-540014321443, command=[]} | ret=SUCCESS |  
2019-09-04 03:21:29,279 | INFO  | SCMAudit | user=jenkins1000 | ip=192.168.69.105 | op=SEND_HEARTBEAT {datanodeUUID=6b521d90-43c4-4267-a955-3154b8383673, command=[]} | ret=SUCCESS |  
2019-09-04 03:21:29,341 | INFO  | SCMAudit | user=jenkins1000 | ip=192.168.69.105 | op=SEND_HEARTBEAT {datanodeUUID=50a57ad1-8537-401a-9ef5-5731af50f432, command=[]} | ret=SUCCESS |  
2019-09-04 03:21:29,799 | INFO  | SCMAudit | user=jenkins1000 | ip=192.168.69.105 | op=SEND_HEARTBEAT {datanodeUUID=5874772f-8d83-4395-aefd-8b53e7bb01f4, command=[]} | ret=SUCCESS |  
2019-09-04 03:21:29,998 | INFO  | SCMAudit | user=jenkins1000 | ip=192.168.69.105 | op=SEND_HEARTBEAT {datanodeUUID=84f9c2c4-73f2-4ad7-b9a8-3f333e5b0e84, command=[]} | ret=SUCCESS |  
2019-09-04 03:21:29,999 | INFO  | SCMAudit | user=jenkins1000 | ip=192.168.69.105 | op=SEND_HEARTBEAT {datanodeUUID=3895fe08-5e04-46ac-ae6d-2b942b921927, command=[]} | ret=SUCCESS |  
2019-09-04 03:21:30,000 | INFO  | SCMAudit | user=jenkins1000 | ip=192.168.69.105 | op=SEND_HEARTBEAT {datanodeUUID=524a4774-666f-452c-9a20-e87fa1e4f616, command=[]} | ret=SUCCESS |  
2019-09-04 03:21:30,030 | INFO  | SCMAudit | user=jenkins1000 | ip=192.168.69.105 | op=SEND_HEARTBEAT {datanodeUUID=3bf639f6-5176-4655-a6a8-540014321443, command=[]} | ret=SUCCESS |  
2019-09-04 03:21:30,279 | INFO  | SCMAudit | user=jenkins1000 | ip=192.168.69.105 | op=SEND_HEARTBEAT {datanodeUUID=6b521d90-43c4-4267-a955-3154b8383673, command=[]} | ret=SUCCESS |  
2019-09-04 03:21:30,341 | INFO  | SCMAudit | user=jenkins1000 | ip=192.168.69.105 | op=SEND_HEARTBEAT {datanodeUUID=50a57ad1-8537-401a-9ef5-5731af50f432, command=[]} | ret=SUCCESS |  
2019-09-04 03:21:30,799 | INFO  | SCMAudit | user=jenkins1000 | ip=192.168.69.105 | op=SEND_HEARTBEAT {datanodeUUID=5874772f-8d83-4395-aefd-8b53e7bb01f4, command=[]} | ret=SUCCESS |  
2019-09-04 03:21:30,998 | INFO  | SCMAudit | user=jenkins1000 | ip=192.168.69.105 | op=SEND_HEARTBEAT {datanodeUUID=84f9c2c4-73f2-4ad7-b9a8-3f333e5b0e84, command=[]} | ret=SUCCESS |  
2019-09-04 03:21:30,999 | INFO  | SCMAudit | user=jenkins1000 | ip=192.168.69.105 | op=SEND_HEARTBEAT {datanodeUUID=3895fe08-5e04-46ac-ae6d-2b942b921927, command=[]} | ret=SUCCESS |  
2019-09-04 03:21:31,000 | INFO  | SCMAudit | user=jenkins1000 | ip=192.168.69.105 | op=SEND_HEARTBEAT {datanodeUUID=524a4774-666f-452c-9a20-e87fa1e4f616, command=[]} | ret=SUCCESS |  
2019-09-04 03:21:31,031 | INFO  | SCMAudit | user=jenkins1000 | ip=192.168.69.105 | op=SEND_HEARTBEAT {datanodeUUID=3bf639f6-5176-4655-a6a8-540014321443, command=[]} | ret=SUCCESS |  
2019-09-04 03:21:31,280 | INFO  | SCMAudit | user=jenkins1000 | ip=192.168.69.105 | op=SEND_HEARTBEAT {datanodeUUID=6b521d90-43c4-4267-a955-3154b8383673, command=[]} | ret=SUCCESS |  
2019-09-04 03:21:31,341 | INFO  | SCMAudit | user=jenkins1000 | ip=192.168.69.105 | op=SEND_HEARTBEAT {datanodeUUID=50a57ad1-8537-401a-9ef5-5731af50f432, command=[]} | ret=SUCCESS |  
2019-09-04 03:21:31,798 | INFO  | SCMAudit | user=jenkins1000 | ip=192.168.69.105 | op=SEND_HEARTBEAT {datanodeUUID=5874772f-8d83-4395-aefd-8b53e7bb01f4, command=[]} | ret=SUCCESS |  
2019-09-04 03:21:31,999 | INFO  | SCMAudit | user=jenkins1000 | ip=192.168.69.105 | op=SEND_HEARTBEAT {datanodeUUID=84f9c2c4-73f2-4ad7-b9a8-3f333e5b0e84, command=[]} | ret=SUCCESS |  
2019-09-04 03:21:31,999 | INFO  | SCMAudit | user=jenkins1000 | ip=192.168.69.105 | op=SEND_HEARTBEAT {datanodeUUID=3895fe08-5e04-46ac-ae6d-2b942b921927, command=[]} | ret=SUCCESS |  
2019-09-04 03:21:32,000 | INFO  | SCMAudit | user=jenkins1000 | ip=192.168.69.105 | op=SEND_HEARTBEAT {datanodeUUID=524a4774-666f-452c-9a20-e87fa1e4f616, command=[]} | ret=SUCCESS |  
2019-09-04 03:21:32,031 | INFO  | SCMAudit | user=jenkins1000 | ip=192.168.69.105 | op=SEND_HEARTBEAT {datanodeUUID=3bf639f6-5176-4655-a6a8-540014321443, command=[]} | ret=SUCCESS |  
2019-09-04 03:21:32,280 | INFO  | SCMAudit | user=jenkins1000 | ip=192.168.69.105 | op=SEND_HEARTBEAT {datanodeUUID=6b521d90-43c4-4267-a955-3154b8383673, command=[]} | ret=SUCCESS |  
2019-09-04 03:21:32,341 | INFO  | SCMAudit | user=jenkins1000 | ip=192.168.69.105 | op=SEND_HEARTBEAT {datanodeUUID=50a57ad1-8537-401a-9ef5-5731af50f432, command=[]} | ret=SUCCESS |  
2019-09-04 03:21:32,798 | INFO  | SCMAudit | user=jenkins1000 | ip=192.168.69.105 | op=SEND_HEARTBEAT {datanodeUUID=5874772f-8d83-4395-aefd-8b53e7bb01f4, command=[]} | ret=SUCCESS |  
2019-09-04 03:21:32,998 | INFO  | SCMAudit | user=jenkins1000 | ip=192.168.69.105 | op=SEND_HEARTBEAT {datanodeUUID=84f9c2c4-73f2-4ad7-b9a8-3f333e5b0e84, command=[]} | ret=SUCCESS |  
2019-09-04 03:21:32,999 | INFO  | SCMAudit | user=jenkins1000 | ip=192.168.69.105 | op=SEND_HEARTBEAT {datanodeUUID=3895fe08-5e04-46ac-ae6d-2b942b921927, command=[]} | ret=SUCCESS |  
2019-09-04 03:21:33,001 | INFO  | SCMAudit | user=jenkins1000 | ip=192.168.69.105 | op=SEND_HEARTBEAT {datanodeUUID=524a4774-666f-452c-9a20-e87fa1e4f616, command=[]} | ret=SUCCESS |  
2019-09-04 03:21:33,032 | INFO  | SCMAudit | user=jenkins1000 | ip=192.168.69.105 | op=SEND_HEARTBEAT {datanodeUUID=3bf639f6-5176-4655-a6a8-540014321443, command=[]} | ret=SUCCESS |  
2019-09-04 03:21:33,281 | INFO  | SCMAudit | user=jenkins1000 | ip=192.168.69.105 | op=SEND_HEARTBEAT {datanodeUUID=6b521d90-43c4-4267-a955-3154b8383673, command=[]} | ret=SUCCESS |  
2019-09-04 03:21:33,341 | INFO  | SCMAudit | user=jenkins1000 | ip=192.168.69.105 | op=SEND_HEARTBEAT {datanodeUUID=50a57ad1-8537-401a-9ef5-5731af50f432, command=[]} | ret=SUCCESS |  
2019-09-04 03:21:33,591 [grpc-default-executor-3] INFO  client.GrpcClientProtocolClient (GrpcClientProtocolClient.java:onNext(255)) - client-81D3A7E5B111->524a4774-666f-452c-9a20-e87fa1e4f616: receive RaftClientReply:client-81D3A7E5B111->524a4774-666f-452c-9a20-e87fa1e4f616@group-002EB6C1B0CF, cid=45, FAILED org.apache.ratis.protocol.NotLeaderException: Server 524a4774-666f-452c-9a20-e87fa1e4f616 is not the leader (3895fe08-5e04-46ac-ae6d-2b942b921927:192.168.69.105:44785). Request must be sent to leader., logIndex=0, commits[524a4774-666f-452c-9a20-e87fa1e4f616:c8, 3895fe08-5e04-46ac-ae6d-2b942b921927:c8, 84f9c2c4-73f2-4ad7-b9a8-3f333e5b0e84:c8]
2019-09-04 03:21:33,798 | INFO  | SCMAudit | user=jenkins1000 | ip=192.168.69.105 | op=SEND_HEARTBEAT {datanodeUUID=5874772f-8d83-4395-aefd-8b53e7bb01f4, command=[]} | ret=SUCCESS |  
2019-09-04 03:21:33,999 | INFO  | SCMAudit | user=jenkins1000 | ip=192.168.69.105 | op=SEND_HEARTBEAT {datanodeUUID=84f9c2c4-73f2-4ad7-b9a8-3f333e5b0e84, command=[]} | ret=SUCCESS |  
2019-09-04 03:21:33,999 | INFO  | SCMAudit | user=jenkins1000 | ip=192.168.69.105 | op=SEND_HEARTBEAT {datanodeUUID=3895fe08-5e04-46ac-ae6d-2b942b921927, command=[]} | ret=SUCCESS |  
2019-09-04 03:21:34,001 | INFO  | SCMAudit | user=jenkins1000 | ip=192.168.69.105 | op=SEND_HEARTBEAT {datanodeUUID=524a4774-666f-452c-9a20-e87fa1e4f616, command=[]} | ret=SUCCESS |  
2019-09-04 03:21:34,031 | INFO  | SCMAudit | user=jenkins1000 | ip=192.168.69.105 | op=SEND_HEARTBEAT {datanodeUUID=3bf639f6-5176-4655-a6a8-540014321443, command=[]} | ret=SUCCESS |  
2019-09-04 03:21:34,281 | INFO  | SCMAudit | user=jenkins1000 | ip=192.168.69.105 | op=SEND_HEARTBEAT {datanodeUUID=6b521d90-43c4-4267-a955-3154b8383673, command=[]} | ret=SUCCESS |  
2019-09-04 03:21:34,341 | INFO  | SCMAudit | user=jenkins1000 | ip=192.168.69.105 | op=SEND_HEARTBEAT {datanodeUUID=50a57ad1-8537-401a-9ef5-5731af50f432, command=[]} | ret=SUCCESS |  
2019-09-04 03:21:34,799 | INFO  | SCMAudit | user=jenkins1000 | ip=192.168.69.105 | op=SEND_HEARTBEAT {datanodeUUID=5874772f-8d83-4395-aefd-8b53e7bb01f4, command=[]} | ret=SUCCESS |  
2019-09-04 03:21:34,999 | INFO  | SCMAudit | user=jenkins1000 | ip=192.168.69.105 | op=SEND_HEARTBEAT {datanodeUUID=84f9c2c4-73f2-4ad7-b9a8-3f333e5b0e84, command=[]} | ret=SUCCESS |  
2019-09-04 03:21:34,999 | INFO  | SCMAudit | user=jenkins1000 | ip=192.168.69.105 | op=SEND_HEARTBEAT {datanodeUUID=3895fe08-5e04-46ac-ae6d-2b942b921927, command=[]} | ret=SUCCESS |  
2019-09-04 03:21:35,002 | INFO  | SCMAudit | user=jenkins1000 | ip=192.168.69.105 | op=SEND_HEARTBEAT {datanodeUUID=524a4774-666f-452c-9a20-e87fa1e4f616, command=[]} | ret=SUCCESS |  
2019-09-04 03:21:35,031 | INFO  | SCMAudit | user=jenkins1000 | ip=192.168.69.105 | op=SEND_HEARTBEAT {datanodeUUID=3bf639f6-5176-4655-a6a8-540014321443, command=[]} | ret=SUCCESS |  
2019-09-04 03:21:35,282 | INFO  | SCMAudit | user=jenkins1000 | ip=192.168.69.105 | op=SEND_HEARTBEAT {datanodeUUID=6b521d90-43c4-4267-a955-3154b8383673, command=[]} | ret=SUCCESS |  
2019-09-04 03:21:35,341 | INFO  | SCMAudit | user=jenkins1000 | ip=192.168.69.105 | op=SEND_HEARTBEAT {datanodeUUID=50a57ad1-8537-401a-9ef5-5731af50f432, command=[]} | ret=SUCCESS |  
2019-09-04 03:21:35,798 | INFO  | SCMAudit | user=jenkins1000 | ip=192.168.69.105 | op=SEND_HEARTBEAT {datanodeUUID=5874772f-8d83-4395-aefd-8b53e7bb01f4, command=[]} | ret=SUCCESS |  
2019-09-04 03:21:36,000 | INFO  | SCMAudit | user=jenkins1000 | ip=192.168.69.105 | op=SEND_HEARTBEAT {datanodeUUID=84f9c2c4-73f2-4ad7-b9a8-3f333e5b0e84, command=[]} | ret=SUCCESS |  
2019-09-04 03:21:36,000 | INFO  | SCMAudit | user=jenkins1000 | ip=192.168.69.105 | op=SEND_HEARTBEAT {datanodeUUID=3895fe08-5e04-46ac-ae6d-2b942b921927, command=[]} | ret=SUCCESS |  
2019-09-04 03:21:36,002 | INFO  | SCMAudit | user=jenkins1000 | ip=192.168.69.105 | op=SEND_HEARTBEAT {datanodeUUID=524a4774-666f-452c-9a20-e87fa1e4f616, command=[]} | ret=SUCCESS |  
2019-09-04 03:21:36,032 | INFO  | SCMAudit | user=jenkins1000 | ip=192.168.69.105 | op=SEND_HEARTBEAT {datanodeUUID=3bf639f6-5176-4655-a6a8-540014321443, command=[]} | ret=SUCCESS |  
2019-09-04 03:21:36,281 | INFO  | SCMAudit | user=jenkins1000 | ip=192.168.69.105 | op=SEND_HEARTBEAT {datanodeUUID=6b521d90-43c4-4267-a955-3154b8383673, command=[]} | ret=SUCCESS |  
2019-09-04 03:21:36,342 | INFO  | SCMAudit | user=jenkins1000 | ip=192.168.69.105 | op=SEND_HEARTBEAT {datanodeUUID=50a57ad1-8537-401a-9ef5-5731af50f432, command=[]} | ret=SUCCESS |  
2019-09-04 03:21:36,799 | INFO  | SCMAudit | user=jenkins1000 | ip=192.168.69.105 | op=SEND_HEARTBEAT {datanodeUUID=5874772f-8d83-4395-aefd-8b53e7bb01f4, command=[]} | ret=SUCCESS |  
2019-09-04 03:21:37,000 | INFO  | SCMAudit | user=jenkins1000 | ip=192.168.69.105 | op=SEND_HEARTBEAT {datanodeUUID=84f9c2c4-73f2-4ad7-b9a8-3f333e5b0e84, command=[]} | ret=SUCCESS |  
2019-09-04 03:21:37,000 | INFO  | SCMAudit | user=jenkins1000 | ip=192.168.69.105 | op=SEND_HEARTBEAT {datanodeUUID=3895fe08-5e04-46ac-ae6d-2b942b921927, command=[]} | ret=SUCCESS |  
2019-09-04 03:21:37,002 | INFO  | SCMAudit | user=jenkins1000 | ip=192.168.69.105 | op=SEND_HEARTBEAT {datanodeUUID=524a4774-666f-452c-9a20-e87fa1e4f616, command=[]} | ret=SUCCESS |  
2019-09-04 03:21:37,031 | INFO  | SCMAudit | user=jenkins1000 | ip=192.168.69.105 | op=SEND_HEARTBEAT {datanodeUUID=3bf639f6-5176-4655-a6a8-540014321443, command=[]} | ret=SUCCESS |  
2019-09-04 03:21:37,282 | INFO  | SCMAudit | user=jenkins1000 | ip=192.168.69.105 | op=SEND_HEARTBEAT {datanodeUUID=6b521d90-43c4-4267-a955-3154b8383673, command=[]} | ret=SUCCESS |  
2019-09-04 03:21:37,341 | INFO  | SCMAudit | user=jenkins1000 | ip=192.168.69.105 | op=SEND_HEARTBEAT {datanodeUUID=50a57ad1-8537-401a-9ef5-5731af50f432, command=[]} | ret=SUCCESS |  
2019-09-04 03:21:37,798 | INFO  | SCMAudit | user=jenkins1000 | ip=192.168.69.105 | op=SEND_HEARTBEAT {datanodeUUID=5874772f-8d83-4395-aefd-8b53e7bb01f4, command=[]} | ret=SUCCESS |  
2019-09-04 03:21:38,000 | INFO  | SCMAudit | user=jenkins1000 | ip=192.168.69.105 | op=SEND_HEARTBEAT {datanodeUUID=84f9c2c4-73f2-4ad7-b9a8-3f333e5b0e84, command=[]} | ret=SUCCESS |  
2019-09-04 03:21:38,000 | INFO  | SCMAudit | user=jenkins1000 | ip=192.168.69.105 | op=SEND_HEARTBEAT {datanodeUUID=3895fe08-5e04-46ac-ae6d-2b942b921927, command=[]} | ret=SUCCESS |  
2019-09-04 03:21:38,002 | INFO  | SCMAudit | user=jenkins1000 | ip=192.168.69.105 | op=SEND_HEARTBEAT {datanodeUUID=524a4774-666f-452c-9a20-e87fa1e4f616, command=[]} | ret=SUCCESS |  
2019-09-04 03:21:38,031 | INFO  | SCMAudit | user=jenkins1000 | ip=192.168.69.105 | op=SEND_HEARTBEAT {datanodeUUID=3bf639f6-5176-4655-a6a8-540014321443, command=[]} | ret=SUCCESS |  
2019-09-04 03:21:38,282 | INFO  | SCMAudit | user=jenkins1000 | ip=192.168.69.105 | op=SEND_HEARTBEAT {datanodeUUID=6b521d90-43c4-4267-a955-3154b8383673, command=[]} | ret=SUCCESS |  
2019-09-04 03:21:38,341 | INFO  | SCMAudit | user=jenkins1000 | ip=192.168.69.105 | op=SEND_HEARTBEAT {datanodeUUID=50a57ad1-8537-401a-9ef5-5731af50f432, command=[]} | ret=SUCCESS |  
2019-09-04 03:21:38,657 [grpc-default-executor-4] INFO  client.GrpcClientProtocolClient (GrpcClientProtocolClient.java:onNext(255)) - client-81D3A7E5B111->524a4774-666f-452c-9a20-e87fa1e4f616: receive RaftClientReply:client-81D3A7E5B111->524a4774-666f-452c-9a20-e87fa1e4f616@group-002EB6C1B0CF, cid=45, FAILED org.apache.ratis.protocol.NotLeaderException: Server 524a4774-666f-452c-9a20-e87fa1e4f616 is not the leader (3895fe08-5e04-46ac-ae6d-2b942b921927:192.168.69.105:44785). Request must be sent to leader., logIndex=0, commits[524a4774-666f-452c-9a20-e87fa1e4f616:c8, 3895fe08-5e04-46ac-ae6d-2b942b921927:c8, 84f9c2c4-73f2-4ad7-b9a8-3f333e5b0e84:c8]
2019-09-04 03:21:38,798 | INFO  | SCMAudit | user=jenkins1000 | ip=192.168.69.105 | op=SEND_HEARTBEAT {datanodeUUID=5874772f-8d83-4395-aefd-8b53e7bb01f4, command=[]} | ret=SUCCESS |  
2019-09-04 03:21:39,000 | INFO  | SCMAudit | user=jenkins1000 | ip=192.168.69.105 | op=SEND_HEARTBEAT {datanodeUUID=84f9c2c4-73f2-4ad7-b9a8-3f333e5b0e84, command=[]} | ret=SUCCESS |  
2019-09-04 03:21:39,000 | INFO  | SCMAudit | user=jenkins1000 | ip=192.168.69.105 | op=SEND_HEARTBEAT {datanodeUUID=3895fe08-5e04-46ac-ae6d-2b942b921927, command=[]} | ret=SUCCESS |  
2019-09-04 03:21:39,002 | INFO  | SCMAudit | user=jenkins1000 | ip=192.168.69.105 | op=SEND_HEARTBEAT {datanodeUUID=524a4774-666f-452c-9a20-e87fa1e4f616, command=[]} | ret=SUCCESS |  
2019-09-04 03:21:39,031 | INFO  | SCMAudit | user=jenkins1000 | ip=192.168.69.105 | op=SEND_HEARTBEAT {datanodeUUID=3bf639f6-5176-4655-a6a8-540014321443, command=[]} | ret=SUCCESS |  
2019-09-04 03:21:39,282 | INFO  | SCMAudit | user=jenkins1000 | ip=192.168.69.105 | op=SEND_HEARTBEAT {datanodeUUID=6b521d90-43c4-4267-a955-3154b8383673, command=[]} | ret=SUCCESS |  
2019-09-04 03:21:39,342 | INFO  | SCMAudit | user=jenkins1000 | ip=192.168.69.105 | op=SEND_HEARTBEAT {datanodeUUID=50a57ad1-8537-401a-9ef5-5731af50f432, command=[]} | ret=SUCCESS |  
2019-09-04 03:21:39,798 | INFO  | SCMAudit | user=jenkins1000 | ip=192.168.69.105 | op=SEND_HEARTBEAT {datanodeUUID=5874772f-8d83-4395-aefd-8b53e7bb01f4, command=[]} | ret=SUCCESS |  
2019-09-04 03:21:40,001 | INFO  | SCMAudit | user=jenkins1000 | ip=192.168.69.105 | op=SEND_HEARTBEAT {datanodeUUID=3895fe08-5e04-46ac-ae6d-2b942b921927, command=[]} | ret=SUCCESS |  
2019-09-04 03:21:40,001 | INFO  | SCMAudit | user=jenkins1000 | ip=192.168.69.105 | op=SEND_HEARTBEAT {datanodeUUID=84f9c2c4-73f2-4ad7-b9a8-3f333e5b0e84, command=[]} | ret=SUCCESS |  
2019-09-04 03:21:40,002 | INFO  | SCMAudit | user=jenkins1000 | ip=192.168.69.105 | op=SEND_HEARTBEAT {datanodeUUID=524a4774-666f-452c-9a20-e87fa1e4f616, command=[]} | ret=SUCCESS |  
2019-09-04 03:21:40,031 | INFO  | SCMAudit | user=jenkins1000 | ip=192.168.69.105 | op=SEND_HEARTBEAT {datanodeUUID=3bf639f6-5176-4655-a6a8-540014321443, command=[]} | ret=SUCCESS |  
2019-09-04 03:21:40,283 | INFO  | SCMAudit | user=jenkins1000 | ip=192.168.69.105 | op=SEND_HEARTBEAT {datanodeUUID=6b521d90-43c4-4267-a955-3154b8383673, command=[]} | ret=SUCCESS |  
2019-09-04 03:21:40,341 | INFO  | SCMAudit | user=jenkins1000 | ip=192.168.69.105 | op=SEND_HEARTBEAT {datanodeUUID=50a57ad1-8537-401a-9ef5-5731af50f432, command=[]} | ret=SUCCESS |  
2019-09-04 03:21:40,799 | INFO  | SCMAudit | user=jenkins1000 | ip=192.168.69.105 | op=SEND_HEARTBEAT {datanodeUUID=5874772f-8d83-4395-aefd-8b53e7bb01f4, command=[]} | ret=SUCCESS |  
2019-09-04 03:21:41,000 | INFO  | SCMAudit | user=jenkins1000 | ip=192.168.69.105 | op=SEND_HEARTBEAT {datanodeUUID=84f9c2c4-73f2-4ad7-b9a8-3f333e5b0e84, command=[]} | ret=SUCCESS |  
2019-09-04 03:21:41,001 | INFO  | SCMAudit | user=jenkins1000 | ip=192.168.69.105 | op=SEND_HEARTBEAT {datanodeUUID=3895fe08-5e04-46ac-ae6d-2b942b921927, command=[]} | ret=SUCCESS |  
2019-09-04 03:21:41,002 | INFO  | SCMAudit | user=jenkins1000 | ip=192.168.69.105 | op=SEND_HEARTBEAT {datanodeUUID=524a4774-666f-452c-9a20-e87fa1e4f616, command=[]} | ret=SUCCESS |  
2019-09-04 03:21:41,031 | INFO  | SCMAudit | user=jenkins1000 | ip=192.168.69.105 | op=SEND_HEARTBEAT {datanodeUUID=3bf639f6-5176-4655-a6a8-540014321443, command=[]} | ret=SUCCESS |  
2019-09-04 03:21:41,282 | INFO  | SCMAudit | user=jenkins1000 | ip=192.168.69.105 | op=SEND_HEARTBEAT {datanodeUUID=6b521d90-43c4-4267-a955-3154b8383673, command=[]} | ret=SUCCESS |  
2019-09-04 03:21:41,341 | INFO  | SCMAudit | user=jenkins1000 | ip=192.168.69.105 | op=SEND_HEARTBEAT {datanodeUUID=50a57ad1-8537-401a-9ef5-5731af50f432, command=[]} | ret=SUCCESS |  
2019-09-04 03:21:41,798 | INFO  | SCMAudit | user=jenkins1000 | ip=192.168.69.105 | op=SEND_HEARTBEAT {datanodeUUID=5874772f-8d83-4395-aefd-8b53e7bb01f4, command=[]} | ret=SUCCESS |  
2019-09-04 03:21:42,001 | INFO  | SCMAudit | user=jenkins1000 | ip=192.168.69.105 | op=SEND_HEARTBEAT {datanodeUUID=84f9c2c4-73f2-4ad7-b9a8-3f333e5b0e84, command=[]} | ret=SUCCESS |  
2019-09-04 03:21:42,001 | INFO  | SCMAudit | user=jenkins1000 | ip=192.168.69.105 | op=SEND_HEARTBEAT {datanodeUUID=3895fe08-5e04-46ac-ae6d-2b942b921927, command=[]} | ret=SUCCESS |  
2019-09-04 03:21:42,002 | INFO  | SCMAudit | user=jenkins1000 | ip=192.168.69.105 | op=SEND_HEARTBEAT {datanodeUUID=524a4774-666f-452c-9a20-e87fa1e4f616, command=[]} | ret=SUCCESS |  
2019-09-04 03:21:42,033 | INFO  | SCMAudit | user=jenkins1000 | ip=192.168.69.105 | op=SEND_HEARTBEAT {datanodeUUID=3bf639f6-5176-4655-a6a8-540014321443, command=[]} | ret=SUCCESS |  
2019-09-04 03:21:42,283 | INFO  | SCMAudit | user=jenkins1000 | ip=192.168.69.105 | op=SEND_HEARTBEAT {datanodeUUID=6b521d90-43c4-4267-a955-3154b8383673, command=[]} | ret=SUCCESS |  
2019-09-04 03:21:42,341 | INFO  | SCMAudit | user=jenkins1000 | ip=192.168.69.105 | op=SEND_HEARTBEAT {datanodeUUID=50a57ad1-8537-401a-9ef5-5731af50f432, command=[]} | ret=SUCCESS |  
2019-09-04 03:21:42,798 | INFO  | SCMAudit | user=jenkins1000 | ip=192.168.69.105 | op=SEND_HEARTBEAT {datanodeUUID=5874772f-8d83-4395-aefd-8b53e7bb01f4, command=[]} | ret=SUCCESS |  
2019-09-04 03:21:43,000 | INFO  | SCMAudit | user=jenkins1000 | ip=192.168.69.105 | op=SEND_HEARTBEAT {datanodeUUID=84f9c2c4-73f2-4ad7-b9a8-3f333e5b0e84, command=[]} | ret=SUCCESS |  
2019-09-04 03:21:43,001 | INFO  | SCMAudit | user=jenkins1000 | ip=192.168.69.105 | op=SEND_HEARTBEAT {datanodeUUID=3895fe08-5e04-46ac-ae6d-2b942b921927, command=[]} | ret=SUCCESS |  
2019-09-04 03:21:43,002 | INFO  | SCMAudit | user=jenkins1000 | ip=192.168.69.105 | op=SEND_HEARTBEAT {datanodeUUID=524a4774-666f-452c-9a20-e87fa1e4f616, command=[]} | ret=SUCCESS |  
2019-09-04 03:21:43,033 | INFO  | SCMAudit | user=jenkins1000 | ip=192.168.69.105 | op=SEND_HEARTBEAT {datanodeUUID=3bf639f6-5176-4655-a6a8-540014321443, command=[]} | ret=SUCCESS |  
2019-09-04 03:21:43,282 | INFO  | SCMAudit | user=jenkins1000 | ip=192.168.69.105 | op=SEND_HEARTBEAT {datanodeUUID=6b521d90-43c4-4267-a955-3154b8383673, command=[]} | ret=SUCCESS |  
2019-09-04 03:21:43,341 | INFO  | SCMAudit | user=jenkins1000 | ip=192.168.69.105 | op=SEND_HEARTBEAT {datanodeUUID=50a57ad1-8537-401a-9ef5-5731af50f432, command=[]} | ret=SUCCESS |  
2019-09-04 03:21:43,711 [grpc-default-executor-3] INFO  client.GrpcClientProtocolClient (GrpcClientProtocolClient.java:onNext(255)) - client-81D3A7E5B111->84f9c2c4-73f2-4ad7-b9a8-3f333e5b0e84: receive RaftClientReply:client-81D3A7E5B111->84f9c2c4-73f2-4ad7-b9a8-3f333e5b0e84@group-002EB6C1B0CF, cid=45, FAILED org.apache.ratis.protocol.NotLeaderException: Server 84f9c2c4-73f2-4ad7-b9a8-3f333e5b0e84 is not the leader (3895fe08-5e04-46ac-ae6d-2b942b921927:192.168.69.105:44785). Request must be sent to leader., logIndex=0, commits[84f9c2c4-73f2-4ad7-b9a8-3f333e5b0e84:c8, 3895fe08-5e04-46ac-ae6d-2b942b921927:c8, 524a4774-666f-452c-9a20-e87fa1e4f616:c8]
2019-09-04 03:21:43,799 | INFO  | SCMAudit | user=jenkins1000 | ip=192.168.69.105 | op=SEND_HEARTBEAT {datanodeUUID=5874772f-8d83-4395-aefd-8b53e7bb01f4, command=[]} | ret=SUCCESS |  
2019-09-04 03:21:44,000 | INFO  | SCMAudit | user=jenkins1000 | ip=192.168.69.105 | op=SEND_HEARTBEAT {datanodeUUID=84f9c2c4-73f2-4ad7-b9a8-3f333e5b0e84, command=[]} | ret=SUCCESS |  
2019-09-04 03:21:44,001 | INFO  | SCMAudit | user=jenkins1000 | ip=192.168.69.105 | op=SEND_HEARTBEAT {datanodeUUID=3895fe08-5e04-46ac-ae6d-2b942b921927, command=[]} | ret=SUCCESS |  
2019-09-04 03:21:44,002 | INFO  | SCMAudit | user=jenkins1000 | ip=192.168.69.105 | op=SEND_HEARTBEAT {datanodeUUID=524a4774-666f-452c-9a20-e87fa1e4f616, command=[]} | ret=SUCCESS |  
2019-09-04 03:21:44,033 | INFO  | SCMAudit | user=jenkins1000 | ip=192.168.69.105 | op=SEND_HEARTBEAT {datanodeUUID=3bf639f6-5176-4655-a6a8-540014321443, command=[]} | ret=SUCCESS |  
2019-09-04 03:21:44,282 | INFO  | SCMAudit | user=jenkins1000 | ip=192.168.69.105 | op=SEND_HEARTBEAT {datanodeUUID=6b521d90-43c4-4267-a955-3154b8383673, command=[]} | ret=SUCCESS |  
2019-09-04 03:21:44,342 | INFO  | SCMAudit | user=jenkins1000 | ip=192.168.69.105 | op=SEND_HEARTBEAT {datanodeUUID=50a57ad1-8537-401a-9ef5-5731af50f432, command=[]} | ret=SUCCESS |  
2019-09-04 03:21:44,799 | INFO  | SCMAudit | user=jenkins1000 | ip=192.168.69.105 | op=SEND_HEARTBEAT {datanodeUUID=5874772f-8d83-4395-aefd-8b53e7bb01f4, command=[]} | ret=SUCCESS |  
2019-09-04 03:21:45,000 | INFO  | SCMAudit | user=jenkins1000 | ip=192.168.69.105 | op=SEND_HEARTBEAT {datanodeUUID=84f9c2c4-73f2-4ad7-b9a8-3f333e5b0e84, command=[]} | ret=SUCCESS |  
2019-09-04 03:21:45,001 | INFO  | SCMAudit | user=jenkins1000 | ip=192.168.69.105 | op=SEND_HEARTBEAT {datanodeUUID=3895fe08-5e04-46ac-ae6d-2b942b921927, command=[]} | ret=SUCCESS |  
2019-09-04 03:21:45,002 | INFO  | SCMAudit | user=jenkins1000 | ip=192.168.69.105 | op=SEND_HEARTBEAT {datanodeUUID=524a4774-666f-452c-9a20-e87fa1e4f616, command=[]} | ret=SUCCESS |  
2019-09-04 03:21:45,033 | INFO  | SCMAudit | user=jenkins1000 | ip=192.168.69.105 | op=SEND_HEARTBEAT {datanodeUUID=3bf639f6-5176-4655-a6a8-540014321443, command=[]} | ret=SUCCESS |  
2019-09-04 03:21:45,283 | INFO  | SCMAudit | user=jenkins1000 | ip=192.168.69.105 | op=SEND_HEARTBEAT {datanodeUUID=6b521d90-43c4-4267-a955-3154b8383673, command=[]} | ret=SUCCESS |  
2019-09-04 03:21:45,342 | INFO  | SCMAudit | user=jenkins1000 | ip=192.168.69.105 | op=SEND_HEARTBEAT {datanodeUUID=50a57ad1-8537-401a-9ef5-5731af50f432, command=[]} | ret=SUCCESS |  
2019-09-04 03:21:45,800 | INFO  | SCMAudit | user=jenkins1000 | ip=192.168.69.105 | op=SEND_HEARTBEAT {datanodeUUID=5874772f-8d83-4395-aefd-8b53e7bb01f4, command=[]} | ret=SUCCESS |  
2019-09-04 03:21:46,000 | INFO  | SCMAudit | user=jenkins1000 | ip=192.168.69.105 | op=SEND_HEARTBEAT {datanodeUUID=84f9c2c4-73f2-4ad7-b9a8-3f333e5b0e84, command=[]} | ret=SUCCESS |  
2019-09-04 03:21:46,001 | INFO  | SCMAudit | user=jenkins1000 | ip=192.168.69.105 | op=SEND_HEARTBEAT {datanodeUUID=3895fe08-5e04-46ac-ae6d-2b942b921927, command=[]} | ret=SUCCESS |  
2019-09-04 03:21:46,002 | INFO  | SCMAudit | user=jenkins1000 | ip=192.168.69.105 | op=SEND_HEARTBEAT {datanodeUUID=524a4774-666f-452c-9a20-e87fa1e4f616, command=[]} | ret=SUCCESS |  
2019-09-04 03:21:46,035 | INFO  | SCMAudit | user=jenkins1000 | ip=192.168.69.105 | op=SEND_HEARTBEAT {datanodeUUID=3bf639f6-5176-4655-a6a8-540014321443, command=[]} | ret=SUCCESS |  
2019-09-04 03:21:46,283 | INFO  | SCMAudit | user=jenkins1000 | ip=192.168.69.105 | op=SEND_HEARTBEAT {datanodeUUID=6b521d90-43c4-4267-a955-3154b8383673, command=[]} | ret=SUCCESS |  
2019-09-04 03:21:46,342 | INFO  | SCMAudit | user=jenkins1000 | ip=192.168.69.105 | op=SEND_HEARTBEAT {datanodeUUID=50a57ad1-8537-401a-9ef5-5731af50f432, command=[]} | ret=SUCCESS |  
2019-09-04 03:21:46,799 | INFO  | SCMAudit | user=jenkins1000 | ip=192.168.69.105 | op=SEND_HEARTBEAT {datanodeUUID=5874772f-8d83-4395-aefd-8b53e7bb01f4, command=[]} | ret=SUCCESS |  
2019-09-04 03:21:47,001 | INFO  | SCMAudit | user=jenkins1000 | ip=192.168.69.105 | op=SEND_HEARTBEAT {datanodeUUID=84f9c2c4-73f2-4ad7-b9a8-3f333e5b0e84, command=[]} | ret=SUCCESS |  
2019-09-04 03:21:47,001 | INFO  | SCMAudit | user=jenkins1000 | ip=192.168.69.105 | op=SEND_HEARTBEAT {datanodeUUID=3895fe08-5e04-46ac-ae6d-2b942b921927, command=[]} | ret=SUCCESS |  
2019-09-04 03:21:47,002 | INFO  | SCMAudit | user=jenkins1000 | ip=192.168.69.105 | op=SEND_HEARTBEAT {datanodeUUID=524a4774-666f-452c-9a20-e87fa1e4f616, command=[]} | ret=SUCCESS |  
2019-09-04 03:21:47,035 | INFO  | SCMAudit | user=jenkins1000 | ip=192.168.69.105 | op=SEND_HEARTBEAT {datanodeUUID=3bf639f6-5176-4655-a6a8-540014321443, command=[]} | ret=SUCCESS |  
2019-09-04 03:21:47,283 | INFO  | SCMAudit | user=jenkins1000 | ip=192.168.69.105 | op=SEND_HEARTBEAT {datanodeUUID=6b521d90-43c4-4267-a955-3154b8383673, command=[]} | ret=SUCCESS |  
2019-09-04 03:21:47,342 | INFO  | SCMAudit | user=jenkins1000 | ip=192.168.69.105 | op=SEND_HEARTBEAT {datanodeUUID=50a57ad1-8537-401a-9ef5-5731af50f432, command=[]} | ret=SUCCESS |  
2019-09-04 03:21:47,800 | INFO  | SCMAudit | user=jenkins1000 | ip=192.168.69.105 | op=SEND_HEARTBEAT {datanodeUUID=5874772f-8d83-4395-aefd-8b53e7bb01f4, command=[]} | ret=SUCCESS |  
2019-09-04 03:21:48,001 | INFO  | SCMAudit | user=jenkins1000 | ip=192.168.69.105 | op=SEND_HEARTBEAT {datanodeUUID=84f9c2c4-73f2-4ad7-b9a8-3f333e5b0e84, command=[]} | ret=SUCCESS |  
2019-09-04 03:21:48,001 | INFO  | SCMAudit | user=jenkins1000 | ip=192.168.69.105 | op=SEND_HEARTBEAT {datanodeUUID=3895fe08-5e04-46ac-ae6d-2b942b921927, command=[]} | ret=SUCCESS |  
2019-09-04 03:21:48,002 | INFO  | SCMAudit | user=jenkins1000 | ip=192.168.69.105 | op=SEND_HEARTBEAT {datanodeUUID=524a4774-666f-452c-9a20-e87fa1e4f616, command=[]} | ret=SUCCESS |  
2019-09-04 03:21:48,035 | INFO  | SCMAudit | user=jenkins1000 | ip=192.168.69.105 | op=SEND_HEARTBEAT {datanodeUUID=3bf639f6-5176-4655-a6a8-540014321443, command=[]} | ret=SUCCESS |  
2019-09-04 03:21:48,284 | INFO  | SCMAudit | user=jenkins1000 | ip=192.168.69.105 | op=SEND_HEARTBEAT {datanodeUUID=6b521d90-43c4-4267-a955-3154b8383673, command=[]} | ret=SUCCESS |  
2019-09-04 03:21:48,342 | INFO  | SCMAudit | user=jenkins1000 | ip=192.168.69.105 | op=SEND_HEARTBEAT {datanodeUUID=50a57ad1-8537-401a-9ef5-5731af50f432, command=[]} | ret=SUCCESS |  
2019-09-04 03:21:48,767 [grpc-default-executor-3] INFO  client.GrpcClientProtocolClient (GrpcClientProtocolClient.java:onNext(255)) - client-81D3A7E5B111->84f9c2c4-73f2-4ad7-b9a8-3f333e5b0e84: receive RaftClientReply:client-81D3A7E5B111->84f9c2c4-73f2-4ad7-b9a8-3f333e5b0e84@group-002EB6C1B0CF, cid=45, FAILED org.apache.ratis.protocol.NotLeaderException: Server 84f9c2c4-73f2-4ad7-b9a8-3f333e5b0e84 is not the leader (3895fe08-5e04-46ac-ae6d-2b942b921927:192.168.69.105:44785). Request must be sent to leader., logIndex=0, commits[84f9c2c4-73f2-4ad7-b9a8-3f333e5b0e84:c8, 3895fe08-5e04-46ac-ae6d-2b942b921927:c8, 524a4774-666f-452c-9a20-e87fa1e4f616:c8]
2019-09-04 03:21:48,799 | INFO  | SCMAudit | user=jenkins1000 | ip=192.168.69.105 | op=SEND_HEARTBEAT {datanodeUUID=5874772f-8d83-4395-aefd-8b53e7bb01f4, command=[]} | ret=SUCCESS |  
2019-09-04 03:21:49,001 | INFO  | SCMAudit | user=jenkins1000 | ip=192.168.69.105 | op=SEND_HEARTBEAT {datanodeUUID=84f9c2c4-73f2-4ad7-b9a8-3f333e5b0e84, command=[]} | ret=SUCCESS |  
2019-09-04 03:21:49,001 | INFO  | SCMAudit | user=jenkins1000 | ip=192.168.69.105 | op=SEND_HEARTBEAT {datanodeUUID=3895fe08-5e04-46ac-ae6d-2b942b921927, command=[]} | ret=SUCCESS |  
2019-09-04 03:21:49,003 | INFO  | SCMAudit | user=jenkins1000 | ip=192.168.69.105 | op=SEND_HEARTBEAT {datanodeUUID=524a4774-666f-452c-9a20-e87fa1e4f616, command=[]} | ret=SUCCESS |  
2019-09-04 03:21:49,035 | INFO  | SCMAudit | user=jenkins1000 | ip=192.168.69.105 | op=SEND_HEARTBEAT {datanodeUUID=3bf639f6-5176-4655-a6a8-540014321443, command=[]} | ret=SUCCESS |  
2019-09-04 03:21:49,283 | INFO  | SCMAudit | user=jenkins1000 | ip=192.168.69.105 | op=SEND_HEARTBEAT {datanodeUUID=6b521d90-43c4-4267-a955-3154b8383673, command=[]} | ret=SUCCESS |  
2019-09-04 03:21:49,342 | INFO  | SCMAudit | user=jenkins1000 | ip=192.168.69.105 | op=SEND_HEARTBEAT {datanodeUUID=50a57ad1-8537-401a-9ef5-5731af50f432, command=[]} | ret=SUCCESS |  
2019-09-04 03:21:49,800 | INFO  | SCMAudit | user=jenkins1000 | ip=192.168.69.105 | op=SEND_HEARTBEAT {datanodeUUID=5874772f-8d83-4395-aefd-8b53e7bb01f4, command=[]} | ret=SUCCESS |  
2019-09-04 03:21:50,002 | INFO  | SCMAudit | user=jenkins1000 | ip=192.168.69.105 | op=SEND_HEARTBEAT {datanodeUUID=3895fe08-5e04-46ac-ae6d-2b942b921927, command=[]} | ret=SUCCESS |  
2019-09-04 03:21:50,002 | INFO  | SCMAudit | user=jenkins1000 | ip=192.168.69.105 | op=SEND_HEARTBEAT {datanodeUUID=84f9c2c4-73f2-4ad7-b9a8-3f333e5b0e84, command=[]} | ret=SUCCESS |  
2019-09-04 03:21:50,003 | INFO  | SCMAudit | user=jenkins1000 | ip=192.168.69.105 | op=SEND_HEARTBEAT {datanodeUUID=524a4774-666f-452c-9a20-e87fa1e4f616, command=[]} | ret=SUCCESS |  
2019-09-04 03:21:50,035 | INFO  | SCMAudit | user=jenkins1000 | ip=192.168.69.105 | op=SEND_HEARTBEAT {datanodeUUID=3bf639f6-5176-4655-a6a8-540014321443, command=[]} | ret=SUCCESS |  
2019-09-04 03:21:50,283 | INFO  | SCMAudit | user=jenkins1000 | ip=192.168.69.105 | op=SEND_HEARTBEAT {datanodeUUID=6b521d90-43c4-4267-a955-3154b8383673, command=[]} | ret=SUCCESS |  
2019-09-04 03:21:50,342 | INFO  | SCMAudit | user=jenkins1000 | ip=192.168.69.105 | op=SEND_HEARTBEAT {datanodeUUID=50a57ad1-8537-401a-9ef5-5731af50f432, command=[]} | ret=SUCCESS |  
2019-09-04 03:21:50,799 | INFO  | SCMAudit | user=jenkins1000 | ip=192.168.69.105 | op=SEND_HEARTBEAT {datanodeUUID=5874772f-8d83-4395-aefd-8b53e7bb01f4, command=[]} | ret=SUCCESS |  
2019-09-04 03:21:51,002 | INFO  | SCMAudit | user=jenkins1000 | ip=192.168.69.105 | op=SEND_HEARTBEAT {datanodeUUID=3895fe08-5e04-46ac-ae6d-2b942b921927, command=[]} | ret=SUCCESS |  
2019-09-04 03:21:51,002 | INFO  | SCMAudit | user=jenkins1000 | ip=192.168.69.105 | op=SEND_HEARTBEAT {datanodeUUID=84f9c2c4-73f2-4ad7-b9a8-3f333e5b0e84, command=[]} | ret=SUCCESS |  
2019-09-04 03:21:51,003 | INFO  | SCMAudit | user=jenkins1000 | ip=192.168.69.105 | op=SEND_HEARTBEAT {datanodeUUID=524a4774-666f-452c-9a20-e87fa1e4f616, command=[]} | ret=SUCCESS |  
2019-09-04 03:21:51,035 | INFO  | SCMAudit | user=jenkins1000 | ip=192.168.69.105 | op=SEND_HEARTBEAT {datanodeUUID=3bf639f6-5176-4655-a6a8-540014321443, command=[]} | ret=SUCCESS |  
2019-09-04 03:21:51,283 | INFO  | SCMAudit | user=jenkins1000 | ip=192.168.69.105 | op=SEND_HEARTBEAT {datanodeUUID=6b521d90-43c4-4267-a955-3154b8383673, command=[]} | ret=SUCCESS |  
2019-09-04 03:21:51,342 | INFO  | SCMAudit | user=jenkins1000 | ip=192.168.69.105 | op=SEND_HEARTBEAT {datanodeUUID=50a57ad1-8537-401a-9ef5-5731af50f432, command=[]} | ret=SUCCESS |  
2019-09-04 03:21:51,799 | INFO  | SCMAudit | user=jenkins1000 | ip=192.168.69.105 | op=SEND_HEARTBEAT {datanodeUUID=5874772f-8d83-4395-aefd-8b53e7bb01f4, command=[]} | ret=SUCCESS |  
2019-09-04 03:21:52,002 | INFO  | SCMAudit | user=jenkins1000 | ip=192.168.69.105 | op=SEND_HEARTBEAT {datanodeUUID=3895fe08-5e04-46ac-ae6d-2b942b921927, command=[]} | ret=SUCCESS |  
2019-09-04 03:21:52,002 | INFO  | SCMAudit | user=jenkins1000 | ip=192.168.69.105 | op=SEND_HEARTBEAT {datanodeUUID=84f9c2c4-73f2-4ad7-b9a8-3f333e5b0e84, command=[]} | ret=SUCCESS |  
2019-09-04 03:21:52,005 | INFO  | SCMAudit | user=jenkins1000 | ip=192.168.69.105 | op=SEND_HEARTBEAT {datanodeUUID=524a4774-666f-452c-9a20-e87fa1e4f616, command=[]} | ret=SUCCESS |  
2019-09-04 03:21:52,036 | INFO  | SCMAudit | user=jenkins1000 | ip=192.168.69.105 | op=SEND_HEARTBEAT {datanodeUUID=3bf639f6-5176-4655-a6a8-540014321443, command=[]} | ret=SUCCESS |  
2019-09-04 03:21:52,283 | INFO  | SCMAudit | user=jenkins1000 | ip=192.168.69.105 | op=SEND_HEARTBEAT {datanodeUUID=6b521d90-43c4-4267-a955-3154b8383673, command=[]} | ret=SUCCESS |  
2019-09-04 03:21:52,342 | INFO  | SCMAudit | user=jenkins1000 | ip=192.168.69.105 | op=SEND_HEARTBEAT {datanodeUUID=50a57ad1-8537-401a-9ef5-5731af50f432, command=[]} | ret=SUCCESS |  
2019-09-04 03:21:52,799 | INFO  | SCMAudit | user=jenkins1000 | ip=192.168.69.105 | op=SEND_HEARTBEAT {datanodeUUID=5874772f-8d83-4395-aefd-8b53e7bb01f4, command=[]} | ret=SUCCESS |  
2019-09-04 03:21:53,002 | INFO  | SCMAudit | user=jenkins1000 | ip=192.168.69.105 | op=SEND_HEARTBEAT {datanodeUUID=84f9c2c4-73f2-4ad7-b9a8-3f333e5b0e84, command=[]} | ret=SUCCESS |  
2019-09-04 03:21:53,002 | INFO  | SCMAudit | user=jenkins1000 | ip=192.168.69.105 | op=SEND_HEARTBEAT {datanodeUUID=3895fe08-5e04-46ac-ae6d-2b942b921927, command=[]} | ret=SUCCESS |  
2019-09-04 03:21:53,004 | INFO  | SCMAudit | user=jenkins1000 | ip=192.168.69.105 | op=SEND_HEARTBEAT {datanodeUUID=524a4774-666f-452c-9a20-e87fa1e4f616, command=[]} | ret=SUCCESS |  
2019-09-04 03:21:53,036 | INFO  | SCMAudit | user=jenkins1000 | ip=192.168.69.105 | op=SEND_HEARTBEAT {datanodeUUID=3bf639f6-5176-4655-a6a8-540014321443, command=[]} | ret=SUCCESS |  
2019-09-04 03:21:53,283 | INFO  | SCMAudit | user=jenkins1000 | ip=192.168.69.105 | op=SEND_HEARTBEAT {datanodeUUID=6b521d90-43c4-4267-a955-3154b8383673, command=[]} | ret=SUCCESS |  
2019-09-04 03:21:53,342 | INFO  | SCMAudit | user=jenkins1000 | ip=192.168.69.105 | op=SEND_HEARTBEAT {datanodeUUID=50a57ad1-8537-401a-9ef5-5731af50f432, command=[]} | ret=SUCCESS |  
2019-09-04 03:21:53,799 | INFO  | SCMAudit | user=jenkins1000 | ip=192.168.69.105 | op=SEND_HEARTBEAT {datanodeUUID=5874772f-8d83-4395-aefd-8b53e7bb01f4, command=[]} | ret=SUCCESS |  
2019-09-04 03:21:53,809 [grpc-default-executor-3] INFO  client.GrpcClientProtocolClient (GrpcClientProtocolClient.java:onNext(255)) - client-81D3A7E5B111->84f9c2c4-73f2-4ad7-b9a8-3f333e5b0e84: receive RaftClientReply:client-81D3A7E5B111->84f9c2c4-73f2-4ad7-b9a8-3f333e5b0e84@group-002EB6C1B0CF, cid=45, FAILED org.apache.ratis.protocol.NotLeaderException: Server 84f9c2c4-73f2-4ad7-b9a8-3f333e5b0e84 is not the leader (3895fe08-5e04-46ac-ae6d-2b942b921927:192.168.69.105:44785). Request must be sent to leader., logIndex=0, commits[84f9c2c4-73f2-4ad7-b9a8-3f333e5b0e84:c8, 3895fe08-5e04-46ac-ae6d-2b942b921927:c8, 524a4774-666f-452c-9a20-e87fa1e4f616:c8]
2019-09-04 03:21:54,003 | INFO  | SCMAudit | user=jenkins1000 | ip=192.168.69.105 | op=SEND_HEARTBEAT {datanodeUUID=84f9c2c4-73f2-4ad7-b9a8-3f333e5b0e84, command=[]} | ret=SUCCESS |  
2019-09-04 03:21:54,003 | INFO  | SCMAudit | user=jenkins1000 | ip=192.168.69.105 | op=SEND_HEARTBEAT {datanodeUUID=3895fe08-5e04-46ac-ae6d-2b942b921927, command=[]} | ret=SUCCESS |  
2019-09-04 03:21:54,005 | INFO  | SCMAudit | user=jenkins1000 | ip=192.168.69.105 | op=SEND_HEARTBEAT {datanodeUUID=524a4774-666f-452c-9a20-e87fa1e4f616, command=[]} | ret=SUCCESS |  
2019-09-04 03:21:54,036 | INFO  | SCMAudit | user=jenkins1000 | ip=192.168.69.105 | op=SEND_HEARTBEAT {datanodeUUID=3bf639f6-5176-4655-a6a8-540014321443, command=[]} | ret=SUCCESS |  
2019-09-04 03:21:54,284 | INFO  | SCMAudit | user=jenkins1000 | ip=192.168.69.105 | op=SEND_HEARTBEAT {datanodeUUID=6b521d90-43c4-4267-a955-3154b8383673, command=[]} | ret=SUCCESS |  
2019-09-04 03:21:54,342 | INFO  | SCMAudit | user=jenkins1000 | ip=192.168.69.105 | op=SEND_HEARTBEAT {datanodeUUID=50a57ad1-8537-401a-9ef5-5731af50f432, command=[]} | ret=SUCCESS |  
2019-09-04 03:21:54,800 | INFO  | SCMAudit | user=jenkins1000 | ip=192.168.69.105 | op=SEND_HEARTBEAT {datanodeUUID=5874772f-8d83-4395-aefd-8b53e7bb01f4, command=[]} | ret=SUCCESS |  
2019-09-04 03:21:55,002 | INFO  | SCMAudit | user=jenkins1000 | ip=192.168.69.105 | op=SEND_HEARTBEAT {datanodeUUID=84f9c2c4-73f2-4ad7-b9a8-3f333e5b0e84, command=[]} | ret=SUCCESS |  
2019-09-04 03:21:55,002 | INFO  | SCMAudit | user=jenkins1000 | ip=192.168.69.105 | op=SEND_HEARTBEAT {datanodeUUID=3895fe08-5e04-46ac-ae6d-2b942b921927, command=[]} | ret=SUCCESS |  
2019-09-04 03:21:55,005 | INFO  | SCMAudit | user=jenkins1000 | ip=192.168.69.105 | op=SEND_HEARTBEAT {datanodeUUID=524a4774-666f-452c-9a20-e87fa1e4f616, command=[]} | ret=SUCCESS |  
2019-09-04 03:21:55,036 | INFO  | SCMAudit | user=jenkins1000 | ip=192.168.69.105 | op=SEND_HEARTBEAT {datanodeUUID=3bf639f6-5176-4655-a6a8-540014321443, command=[]} | ret=SUCCESS |  
2019-09-04 03:21:55,283 | INFO  | SCMAudit | user=jenkins1000 | ip=192.168.69.105 | op=SEND_HEARTBEAT {datanodeUUID=6b521d90-43c4-4267-a955-3154b8383673, command=[]} | ret=SUCCESS |  
2019-09-04 03:21:55,342 | INFO  | SCMAudit | user=jenkins1000 | ip=192.168.69.105 | op=SEND_HEARTBEAT {datanodeUUID=50a57ad1-8537-401a-9ef5-5731af50f432, command=[]} | ret=SUCCESS |  
2019-09-04 03:21:55,800 | INFO  | SCMAudit | user=jenkins1000 | ip=192.168.69.105 | op=SEND_HEARTBEAT {datanodeUUID=5874772f-8d83-4395-aefd-8b53e7bb01f4, command=[]} | ret=SUCCESS |  
2019-09-04 03:21:56,002 | INFO  | SCMAudit | user=jenkins1000 | ip=192.168.69.105 | op=SEND_HEARTBEAT {datanodeUUID=3895fe08-5e04-46ac-ae6d-2b942b921927, command=[]} | ret=SUCCESS |  
2019-09-04 03:21:56,002 | INFO  | SCMAudit | user=jenkins1000 | ip=192.168.69.105 | op=SEND_HEARTBEAT {datanodeUUID=84f9c2c4-73f2-4ad7-b9a8-3f333e5b0e84, command=[]} | ret=SUCCESS |  
2019-09-04 03:21:56,005 | INFO  | SCMAudit | user=jenkins1000 | ip=192.168.69.105 | op=SEND_HEARTBEAT {datanodeUUID=524a4774-666f-452c-9a20-e87fa1e4f616, command=[]} | ret=SUCCESS |  
2019-09-04 03:21:56,036 | INFO  | SCMAudit | user=jenkins1000 | ip=192.168.69.105 | op=SEND_HEARTBEAT {datanodeUUID=3bf639f6-5176-4655-a6a8-540014321443, command=[]} | ret=SUCCESS |  
2019-09-04 03:21:56,283 | INFO  | SCMAudit | user=jenkins1000 | ip=192.168.69.105 | op=SEND_HEARTBEAT {datanodeUUID=6b521d90-43c4-4267-a955-3154b8383673, command=[]} | ret=SUCCESS |  
2019-09-04 03:21:56,342 | INFO  | SCMAudit | user=jenkins1000 | ip=192.168.69.105 | op=SEND_HEARTBEAT {datanodeUUID=50a57ad1-8537-401a-9ef5-5731af50f432, command=[]} | ret=SUCCESS |  
2019-09-04 03:21:56,804 | INFO  | SCMAudit | user=jenkins1000 | ip=192.168.69.105 | op=SEND_HEARTBEAT {datanodeUUID=5874772f-8d83-4395-aefd-8b53e7bb01f4, command=[]} | ret=SUCCESS |  
2019-09-04 03:21:57,002 | INFO  | SCMAudit | user=jenkins1000 | ip=192.168.69.105 | op=SEND_HEARTBEAT {datanodeUUID=84f9c2c4-73f2-4ad7-b9a8-3f333e5b0e84, command=[]} | ret=SUCCESS |  
2019-09-04 03:21:57,002 | INFO  | SCMAudit | user=jenkins1000 | ip=192.168.69.105 | op=SEND_HEARTBEAT {datanodeUUID=3895fe08-5e04-46ac-ae6d-2b942b921927, command=[]} | ret=SUCCESS |  
2019-09-04 03:21:57,006 | INFO  | SCMAudit | user=jenkins1000 | ip=192.168.69.105 | op=SEND_HEARTBEAT {datanodeUUID=524a4774-666f-452c-9a20-e87fa1e4f616, command=[]} | ret=SUCCESS |  
2019-09-04 03:21:57,036 | INFO  | SCMAudit | user=jenkins1000 | ip=192.168.69.105 | op=SEND_HEARTBEAT {datanodeUUID=3bf639f6-5176-4655-a6a8-540014321443, command=[]} | ret=SUCCESS |  
2019-09-04 03:21:57,283 | INFO  | SCMAudit | user=jenkins1000 | ip=192.168.69.105 | op=SEND_HEARTBEAT {datanodeUUID=6b521d90-43c4-4267-a955-3154b8383673, command=[]} | ret=SUCCESS |  
2019-09-04 03:21:57,342 | INFO  | SCMAudit | user=jenkins1000 | ip=192.168.69.105 | op=SEND_HEARTBEAT {datanodeUUID=50a57ad1-8537-401a-9ef5-5731af50f432, command=[]} | ret=SUCCESS |  
2019-09-04 03:21:57,805 | INFO  | SCMAudit | user=jenkins1000 | ip=192.168.69.105 | op=SEND_HEARTBEAT {datanodeUUID=5874772f-8d83-4395-aefd-8b53e7bb01f4, command=[]} | ret=SUCCESS |  
2019-09-04 03:21:58,002 | INFO  | SCMAudit | user=jenkins1000 | ip=192.168.69.105 | op=SEND_HEARTBEAT {datanodeUUID=84f9c2c4-73f2-4ad7-b9a8-3f333e5b0e84, command=[]} | ret=SUCCESS |  
2019-09-04 03:21:58,003 | INFO  | SCMAudit | user=jenkins1000 | ip=192.168.69.105 | op=SEND_HEARTBEAT {datanodeUUID=3895fe08-5e04-46ac-ae6d-2b942b921927, command=[]} | ret=SUCCESS |  
2019-09-04 03:21:58,005 | INFO  | SCMAudit | user=jenkins1000 | ip=192.168.69.105 | op=SEND_HEARTBEAT {datanodeUUID=524a4774-666f-452c-9a20-e87fa1e4f616, command=[]} | ret=SUCCESS |  
2019-09-04 03:21:58,037 | INFO  | SCMAudit | user=jenkins1000 | ip=192.168.69.105 | op=SEND_HEARTBEAT {datanodeUUID=3bf639f6-5176-4655-a6a8-540014321443, command=[]} | ret=SUCCESS |  
2019-09-04 03:21:58,284 | INFO  | SCMAudit | user=jenkins1000 | ip=192.168.69.105 | op=SEND_HEARTBEAT {datanodeUUID=6b521d90-43c4-4267-a955-3154b8383673, command=[]} | ret=SUCCESS |  
2019-09-04 03:21:58,342 | INFO  | SCMAudit | user=jenkins1000 | ip=192.168.69.105 | op=SEND_HEARTBEAT {datanodeUUID=50a57ad1-8537-401a-9ef5-5731af50f432, command=[]} | ret=SUCCESS |  
2019-09-04 03:21:58,804 | INFO  | SCMAudit | user=jenkins1000 | ip=192.168.69.105 | op=SEND_HEARTBEAT {datanodeUUID=5874772f-8d83-4395-aefd-8b53e7bb01f4, command=[]} | ret=SUCCESS |  
2019-09-04 03:21:58,846 [grpc-default-executor-4] INFO  client.GrpcClientProtocolClient (GrpcClientProtocolClient.java:onNext(255)) - client-81D3A7E5B111->84f9c2c4-73f2-4ad7-b9a8-3f333e5b0e84: receive RaftClientReply:client-81D3A7E5B111->84f9c2c4-73f2-4ad7-b9a8-3f333e5b0e84@group-002EB6C1B0CF, cid=45, FAILED org.apache.ratis.protocol.NotLeaderException: Server 84f9c2c4-73f2-4ad7-b9a8-3f333e5b0e84 is not the leader (3895fe08-5e04-46ac-ae6d-2b942b921927:192.168.69.105:44785). Request must be sent to leader., logIndex=0, commits[84f9c2c4-73f2-4ad7-b9a8-3f333e5b0e84:c8, 3895fe08-5e04-46ac-ae6d-2b942b921927:c8, 524a4774-666f-452c-9a20-e87fa1e4f616:c8]
2019-09-04 03:21:59,002 | INFO  | SCMAudit | user=jenkins1000 | ip=192.168.69.105 | op=SEND_HEARTBEAT {datanodeUUID=84f9c2c4-73f2-4ad7-b9a8-3f333e5b0e84, command=[]} | ret=SUCCESS |  
2019-09-04 03:21:59,003 | INFO  | SCMAudit | user=jenkins1000 | ip=192.168.69.105 | op=SEND_HEARTBEAT {datanodeUUID=3895fe08-5e04-46ac-ae6d-2b942b921927, command=[]} | ret=SUCCESS |  
2019-09-04 03:21:59,005 | INFO  | SCMAudit | user=jenkins1000 | ip=192.168.69.105 | op=SEND_HEARTBEAT {datanodeUUID=524a4774-666f-452c-9a20-e87fa1e4f616, command=[]} | ret=SUCCESS |  
2019-09-04 03:21:59,036 | INFO  | SCMAudit | user=jenkins1000 | ip=192.168.69.105 | op=SEND_HEARTBEAT {datanodeUUID=3bf639f6-5176-4655-a6a8-540014321443, command=[]} | ret=SUCCESS |  
2019-09-04 03:21:59,284 | INFO  | SCMAudit | user=jenkins1000 | ip=192.168.69.105 | op=SEND_HEARTBEAT {datanodeUUID=6b521d90-43c4-4267-a955-3154b8383673, command=[]} | ret=SUCCESS |  
2019-09-04 03:21:59,342 | INFO  | SCMAudit | user=jenkins1000 | ip=192.168.69.105 | op=SEND_HEARTBEAT {datanodeUUID=50a57ad1-8537-401a-9ef5-5731af50f432, command=[]} | ret=SUCCESS |  
2019-09-04 03:21:59,805 | INFO  | SCMAudit | user=jenkins1000 | ip=192.168.69.105 | op=SEND_HEARTBEAT {datanodeUUID=5874772f-8d83-4395-aefd-8b53e7bb01f4, command=[]} | ret=SUCCESS |  
2019-09-04 03:22:00,003 | INFO  | SCMAudit | user=jenkins1000 | ip=192.168.69.105 | op=SEND_HEARTBEAT {datanodeUUID=84f9c2c4-73f2-4ad7-b9a8-3f333e5b0e84, command=[]} | ret=SUCCESS |  
2019-09-04 03:22:00,003 | INFO  | SCMAudit | user=jenkins1000 | ip=192.168.69.105 | op=SEND_HEARTBEAT {datanodeUUID=3895fe08-5e04-46ac-ae6d-2b942b921927, command=[]} | ret=SUCCESS |  
2019-09-04 03:22:00,005 | INFO  | SCMAudit | user=jenkins1000 | ip=192.168.69.105 | op=SEND_HEARTBEAT {datanodeUUID=524a4774-666f-452c-9a20-e87fa1e4f616, command=[]} | ret=SUCCESS |  
2019-09-04 03:22:00,036 | INFO  | SCMAudit | user=jenkins1000 | ip=192.168.69.105 | op=SEND_HEARTBEAT {datanodeUUID=3bf639f6-5176-4655-a6a8-540014321443, command=[]} | ret=SUCCESS |  
2019-09-04 03:22:00,283 | INFO  | SCMAudit | user=jenkins1000 | ip=192.168.69.105 | op=SEND_HEARTBEAT {datanodeUUID=6b521d90-43c4-4267-a955-3154b8383673, command=[]} | ret=SUCCESS |  
2019-09-04 03:22:00,342 | INFO  | SCMAudit | user=jenkins1000 | ip=192.168.69.105 | op=SEND_HEARTBEAT {datanodeUUID=50a57ad1-8537-401a-9ef5-5731af50f432, command=[]} | ret=SUCCESS |  
2019-09-04 03:22:00,804 | INFO  | SCMAudit | user=jenkins1000 | ip=192.168.69.105 | op=SEND_HEARTBEAT {datanodeUUID=5874772f-8d83-4395-aefd-8b53e7bb01f4, command=[]} | ret=SUCCESS |  
2019-09-04 03:22:01,002 | INFO  | SCMAudit | user=jenkins1000 | ip=192.168.69.105 | op=SEND_HEARTBEAT {datanodeUUID=84f9c2c4-73f2-4ad7-b9a8-3f333e5b0e84, command=[]} | ret=SUCCESS |  
2019-09-04 03:22:01,003 | INFO  | SCMAudit | user=jenkins1000 | ip=192.168.69.105 | op=SEND_HEARTBEAT {datanodeUUID=3895fe08-5e04-46ac-ae6d-2b942b921927, command=[]} | ret=SUCCESS |  
2019-09-04 03:22:01,005 | INFO  | SCMAudit | user=jenkins1000 | ip=192.168.69.105 | op=SEND_HEARTBEAT {datanodeUUID=524a4774-666f-452c-9a20-e87fa1e4f616, command=[]} | ret=SUCCESS |  
2019-09-04 03:22:01,036 | INFO  | SCMAudit | user=jenkins1000 | ip=192.168.69.105 | op=SEND_HEARTBEAT {datanodeUUID=3bf639f6-5176-4655-a6a8-540014321443, command=[]} | ret=SUCCESS |  
2019-09-04 03:22:01,283 | INFO  | SCMAudit | user=jenkins1000 | ip=192.168.69.105 | op=SEND_HEARTBEAT {datanodeUUID=6b521d90-43c4-4267-a955-3154b8383673, command=[]} | ret=SUCCESS |  
2019-09-04 03:22:01,342 | INFO  | SCMAudit | user=jenkins1000 | ip=192.168.69.105 | op=SEND_HEARTBEAT {datanodeUUID=50a57ad1-8537-401a-9ef5-5731af50f432, command=[]} | ret=SUCCESS |  
2019-09-04 03:22:01,804 | INFO  | SCMAudit | user=jenkins1000 | ip=192.168.69.105 | op=SEND_HEARTBEAT {datanodeUUID=5874772f-8d83-4395-aefd-8b53e7bb01f4, command=[]} | ret=SUCCESS |  
2019-09-04 03:22:02,002 | INFO  | SCMAudit | user=jenkins1000 | ip=192.168.69.105 | op=SEND_HEARTBEAT {datanodeUUID=84f9c2c4-73f2-4ad7-b9a8-3f333e5b0e84, command=[]} | ret=SUCCESS |  
2019-09-04 03:22:02,003 | INFO  | SCMAudit | user=jenkins1000 | ip=192.168.69.105 | op=SEND_HEARTBEAT {datanodeUUID=3895fe08-5e04-46ac-ae6d-2b942b921927, command=[]} | ret=SUCCESS |  
2019-09-04 03:22:02,007 | INFO  | SCMAudit | user=jenkins1000 | ip=192.168.69.105 | op=SEND_HEARTBEAT {datanodeUUID=524a4774-666f-452c-9a20-e87fa1e4f616, command=[]} | ret=SUCCESS |  
2019-09-04 03:22:02,036 | INFO  | SCMAudit | user=jenkins1000 | ip=192.168.69.105 | op=SEND_HEARTBEAT {datanodeUUID=3bf639f6-5176-4655-a6a8-540014321443, command=[]} | ret=SUCCESS |  
2019-09-04 03:22:02,283 | INFO  | SCMAudit | user=jenkins1000 | ip=192.168.69.105 | op=SEND_HEARTBEAT {datanodeUUID=6b521d90-43c4-4267-a955-3154b8383673, command=[]} | ret=SUCCESS |  
2019-09-04 03:22:02,342 | INFO  | SCMAudit | user=jenkins1000 | ip=192.168.69.105 | op=SEND_HEARTBEAT {datanodeUUID=50a57ad1-8537-401a-9ef5-5731af50f432, command=[]} | ret=SUCCESS |  
2019-09-04 03:22:02,805 | INFO  | SCMAudit | user=jenkins1000 | ip=192.168.69.105 | op=SEND_HEARTBEAT {datanodeUUID=5874772f-8d83-4395-aefd-8b53e7bb01f4, command=[]} | ret=SUCCESS |  
2019-09-04 03:22:03,003 | INFO  | SCMAudit | user=jenkins1000 | ip=192.168.69.105 | op=SEND_HEARTBEAT {datanodeUUID=84f9c2c4-73f2-4ad7-b9a8-3f333e5b0e84, command=[]} | ret=SUCCESS |  
2019-09-04 03:22:03,007 | INFO  | SCMAudit | user=jenkins1000 | ip=192.168.69.105 | op=SEND_HEARTBEAT {datanodeUUID=3895fe08-5e04-46ac-ae6d-2b942b921927, command=[]} | ret=SUCCESS |  
2019-09-04 03:22:03,007 | INFO  | SCMAudit | user=jenkins1000 | ip=192.168.69.105 | op=SEND_HEARTBEAT {datanodeUUID=524a4774-666f-452c-9a20-e87fa1e4f616, command=[]} | ret=SUCCESS |  
2019-09-04 03:22:03,036 | INFO  | SCMAudit | user=jenkins1000 | ip=192.168.69.105 | op=SEND_HEARTBEAT {datanodeUUID=3bf639f6-5176-4655-a6a8-540014321443, command=[]} | ret=SUCCESS |  
2019-09-04 03:22:03,283 | INFO  | SCMAudit | user=jenkins1000 | ip=192.168.69.105 | op=SEND_HEARTBEAT {datanodeUUID=6b521d90-43c4-4267-a955-3154b8383673, command=[]} | ret=SUCCESS |  
2019-09-04 03:22:03,343 | INFO  | SCMAudit | user=jenkins1000 | ip=192.168.69.105 | op=SEND_HEARTBEAT {datanodeUUID=50a57ad1-8537-401a-9ef5-5731af50f432, command=[]} | ret=SUCCESS |  
2019-09-04 03:22:03,804 | INFO  | SCMAudit | user=jenkins1000 | ip=192.168.69.105 | op=SEND_HEARTBEAT {datanodeUUID=5874772f-8d83-4395-aefd-8b53e7bb01f4, command=[]} | ret=SUCCESS |  
2019-09-04 03:22:03,892 [grpc-default-executor-4] INFO  client.GrpcClientProtocolClient (GrpcClientProtocolClient.java:onNext(255)) - client-81D3A7E5B111->524a4774-666f-452c-9a20-e87fa1e4f616: receive RaftClientReply:client-81D3A7E5B111->524a4774-666f-452c-9a20-e87fa1e4f616@group-002EB6C1B0CF, cid=45, FAILED org.apache.ratis.protocol.NotLeaderException: Server 524a4774-666f-452c-9a20-e87fa1e4f616 is not the leader (3895fe08-5e04-46ac-ae6d-2b942b921927:192.168.69.105:44785). Request must be sent to leader., logIndex=0, commits[524a4774-666f-452c-9a20-e87fa1e4f616:c8, 3895fe08-5e04-46ac-ae6d-2b942b921927:c8, 84f9c2c4-73f2-4ad7-b9a8-3f333e5b0e84:c8]
2019-09-04 03:22:04,003 | INFO  | SCMAudit | user=jenkins1000 | ip=192.168.69.105 | op=SEND_HEARTBEAT {datanodeUUID=3895fe08-5e04-46ac-ae6d-2b942b921927, command=[]} | ret=SUCCESS |  
2019-09-04 03:22:04,003 | INFO  | SCMAudit | user=jenkins1000 | ip=192.168.69.105 | op=SEND_HEARTBEAT {datanodeUUID=84f9c2c4-73f2-4ad7-b9a8-3f333e5b0e84, command=[]} | ret=SUCCESS |  
2019-09-04 03:22:04,008 | INFO  | SCMAudit | user=jenkins1000 | ip=192.168.69.105 | op=SEND_HEARTBEAT {datanodeUUID=524a4774-666f-452c-9a20-e87fa1e4f616, command=[]} | ret=SUCCESS |  
2019-09-04 03:22:04,036 | INFO  | SCMAudit | user=jenkins1000 | ip=192.168.69.105 | op=SEND_HEARTBEAT {datanodeUUID=3bf639f6-5176-4655-a6a8-540014321443, command=[]} | ret=SUCCESS |  
2019-09-04 03:22:04,283 | INFO  | SCMAudit | user=jenkins1000 | ip=192.168.69.105 | op=SEND_HEARTBEAT {datanodeUUID=6b521d90-43c4-4267-a955-3154b8383673, command=[]} | ret=SUCCESS |  
2019-09-04 03:22:04,342 | INFO  | SCMAudit | user=jenkins1000 | ip=192.168.69.105 | op=SEND_HEARTBEAT {datanodeUUID=50a57ad1-8537-401a-9ef5-5731af50f432, command=[]} | ret=SUCCESS |  
2019-09-04 03:22:04,805 | INFO  | SCMAudit | user=jenkins1000 | ip=192.168.69.105 | op=SEND_HEARTBEAT {datanodeUUID=5874772f-8d83-4395-aefd-8b53e7bb01f4, command=[]} | ret=SUCCESS |  
2019-09-04 03:22:05,003 | INFO  | SCMAudit | user=jenkins1000 | ip=192.168.69.105 | op=SEND_HEARTBEAT {datanodeUUID=3895fe08-5e04-46ac-ae6d-2b942b921927, command=[]} | ret=SUCCESS |  
2019-09-04 03:22:05,004 | INFO  | SCMAudit | user=jenkins1000 | ip=192.168.69.105 | op=SEND_HEARTBEAT {datanodeUUID=84f9c2c4-73f2-4ad7-b9a8-3f333e5b0e84, command=[]} | ret=SUCCESS |  
2019-09-04 03:22:05,008 | INFO  | SCMAudit | user=jenkins1000 | ip=192.168.69.105 | op=SEND_HEARTBEAT {datanodeUUID=524a4774-666f-452c-9a20-e87fa1e4f616, command=[]} | ret=SUCCESS |  
2019-09-04 03:22:05,036 | INFO  | SCMAudit | user=jenkins1000 | ip=192.168.69.105 | op=SEND_HEARTBEAT {datanodeUUID=3bf639f6-5176-4655-a6a8-540014321443, command=[]} | ret=SUCCESS |  
2019-09-04 03:22:05,283 | INFO  | SCMAudit | user=jenkins1000 | ip=192.168.69.105 | op=SEND_HEARTBEAT {datanodeUUID=6b521d90-43c4-4267-a955-3154b8383673, command=[]} | ret=SUCCESS |  
2019-09-04 03:22:05,342 | INFO  | SCMAudit | user=jenkins1000 | ip=192.168.69.105 | op=SEND_HEARTBEAT {datanodeUUID=50a57ad1-8537-401a-9ef5-5731af50f432, command=[]} | ret=SUCCESS |  
2019-09-04 03:22:05,805 | INFO  | SCMAudit | user=jenkins1000 | ip=192.168.69.105 | op=SEND_HEARTBEAT {datanodeUUID=5874772f-8d83-4395-aefd-8b53e7bb01f4, command=[]} | ret=SUCCESS |  
2019-09-04 03:22:06,003 | INFO  | SCMAudit | user=jenkins1000 | ip=192.168.69.105 | op=SEND_HEARTBEAT {datanodeUUID=84f9c2c4-73f2-4ad7-b9a8-3f333e5b0e84, command=[]} | ret=SUCCESS |  
2019-09-04 03:22:06,003 | INFO  | SCMAudit | user=jenkins1000 | ip=192.168.69.105 | op=SEND_HEARTBEAT {datanodeUUID=3895fe08-5e04-46ac-ae6d-2b942b921927, command=[]} | ret=SUCCESS |  
2019-09-04 03:22:06,008 | INFO  | SCMAudit | user=jenkins1000 | ip=192.168.69.105 | op=SEND_HEARTBEAT {datanodeUUID=524a4774-666f-452c-9a20-e87fa1e4f616, command=[]} | ret=SUCCESS |  
2019-09-04 03:22:06,036 | INFO  | SCMAudit | user=jenkins1000 | ip=192.168.69.105 | op=SEND_HEARTBEAT {datanodeUUID=3bf639f6-5176-4655-a6a8-540014321443, command=[]} | ret=SUCCESS |  
2019-09-04 03:22:06,284 | INFO  | SCMAudit | user=jenkins1000 | ip=192.168.69.105 | op=SEND_HEARTBEAT {datanodeUUID=6b521d90-43c4-4267-a955-3154b8383673, command=[]} | ret=SUCCESS |  
2019-09-04 03:22:06,342 | INFO  | SCMAudit | user=jenkins1000 | ip=192.168.69.105 | op=SEND_HEARTBEAT {datanodeUUID=50a57ad1-8537-401a-9ef5-5731af50f432, command=[]} | ret=SUCCESS |  
2019-09-04 03:22:06,806 | INFO  | SCMAudit | user=jenkins1000 | ip=192.168.69.105 | op=SEND_HEARTBEAT {datanodeUUID=5874772f-8d83-4395-aefd-8b53e7bb01f4, command=[]} | ret=SUCCESS |  
2019-09-04 03:22:07,003 | INFO  | SCMAudit | user=jenkins1000 | ip=192.168.69.105 | op=SEND_HEARTBEAT {datanodeUUID=84f9c2c4-73f2-4ad7-b9a8-3f333e5b0e84, command=[]} | ret=SUCCESS |  
2019-09-04 03:22:07,004 | INFO  | SCMAudit | user=jenkins1000 | ip=192.168.69.105 | op=SEND_HEARTBEAT {datanodeUUID=3895fe08-5e04-46ac-ae6d-2b942b921927, command=[]} | ret=SUCCESS |  
2019-09-04 03:22:07,008 | INFO  | SCMAudit | user=jenkins1000 | ip=192.168.69.105 | op=SEND_HEARTBEAT {datanodeUUID=524a4774-666f-452c-9a20-e87fa1e4f616, command=[]} | ret=SUCCESS |  
2019-09-04 03:22:07,036 | INFO  | SCMAudit | user=jenkins1000 | ip=192.168.69.105 | op=SEND_HEARTBEAT {datanodeUUID=3bf639f6-5176-4655-a6a8-540014321443, command=[]} | ret=SUCCESS |  
2019-09-04 03:22:07,284 | INFO  | SCMAudit | user=jenkins1000 | ip=192.168.69.105 | op=SEND_HEARTBEAT {datanodeUUID=6b521d90-43c4-4267-a955-3154b8383673, command=[]} | ret=SUCCESS |  
2019-09-04 03:22:07,342 | INFO  | SCMAudit | user=jenkins1000 | ip=192.168.69.105 | op=SEND_HEARTBEAT {datanodeUUID=50a57ad1-8537-401a-9ef5-5731af50f432, command=[]} | ret=SUCCESS |  
2019-09-04 03:22:07,806 | INFO  | SCMAudit | user=jenkins1000 | ip=192.168.69.105 | op=SEND_HEARTBEAT {datanodeUUID=5874772f-8d83-4395-aefd-8b53e7bb01f4, command=[]} | ret=SUCCESS |  
2019-09-04 03:22:08,003 | INFO  | SCMAudit | user=jenkins1000 | ip=192.168.69.105 | op=SEND_HEARTBEAT {datanodeUUID=84f9c2c4-73f2-4ad7-b9a8-3f333e5b0e84, command=[]} | ret=SUCCESS |  
2019-09-04 03:22:08,004 | INFO  | SCMAudit | user=jenkins1000 | ip=192.168.69.105 | op=SEND_HEARTBEAT {datanodeUUID=3895fe08-5e04-46ac-ae6d-2b942b921927, command=[]} | ret=SUCCESS |  
2019-09-04 03:22:08,008 | INFO  | SCMAudit | user=jenkins1000 | ip=192.168.69.105 | op=SEND_HEARTBEAT {datanodeUUID=524a4774-666f-452c-9a20-e87fa1e4f616, command=[]} | ret=SUCCESS |  
2019-09-04 03:22:08,036 | INFO  | SCMAudit | user=jenkins1000 | ip=192.168.69.105 | op=SEND_HEARTBEAT {datanodeUUID=3bf639f6-5176-4655-a6a8-540014321443, command=[]} | ret=SUCCESS |  
2019-09-04 03:22:08,284 | INFO  | SCMAudit | user=jenkins1000 | ip=192.168.69.105 | op=SEND_HEARTBEAT {datanodeUUID=6b521d90-43c4-4267-a955-3154b8383673, command=[]} | ret=SUCCESS |  
2019-09-04 03:22:08,343 | INFO  | SCMAudit | user=jenkins1000 | ip=192.168.69.105 | op=SEND_HEARTBEAT {datanodeUUID=50a57ad1-8537-401a-9ef5-5731af50f432, command=[]} | ret=SUCCESS |  
2019-09-04 03:22:08,806 | INFO  | SCMAudit | user=jenkins1000 | ip=192.168.69.105 | op=SEND_HEARTBEAT {datanodeUUID=5874772f-8d83-4395-aefd-8b53e7bb01f4, command=[]} | ret=SUCCESS |  
2019-09-04 03:22:08,922 [grpc-default-executor-4] INFO  client.GrpcClientProtocolClient (GrpcClientProtocolClient.java:onNext(255)) - client-81D3A7E5B111->524a4774-666f-452c-9a20-e87fa1e4f616: receive RaftClientReply:client-81D3A7E5B111->524a4774-666f-452c-9a20-e87fa1e4f616@group-002EB6C1B0CF, cid=45, FAILED org.apache.ratis.protocol.NotLeaderException: Server 524a4774-666f-452c-9a20-e87fa1e4f616 is not the leader (3895fe08-5e04-46ac-ae6d-2b942b921927:192.168.69.105:44785). Request must be sent to leader., logIndex=0, commits[524a4774-666f-452c-9a20-e87fa1e4f616:c8, 3895fe08-5e04-46ac-ae6d-2b942b921927:c8, 84f9c2c4-73f2-4ad7-b9a8-3f333e5b0e84:c8]
2019-09-04 03:22:09,003 | INFO  | SCMAudit | user=jenkins1000 | ip=192.168.69.105 | op=SEND_HEARTBEAT {datanodeUUID=84f9c2c4-73f2-4ad7-b9a8-3f333e5b0e84, command=[]} | ret=SUCCESS |  
2019-09-04 03:22:09,005 | INFO  | SCMAudit | user=jenkins1000 | ip=192.168.69.105 | op=SEND_HEARTBEAT {datanodeUUID=3895fe08-5e04-46ac-ae6d-2b942b921927, command=[]} | ret=SUCCESS |  
2019-09-04 03:22:09,008 | INFO  | SCMAudit | user=jenkins1000 | ip=192.168.69.105 | op=SEND_HEARTBEAT {datanodeUUID=524a4774-666f-452c-9a20-e87fa1e4f616, command=[]} | ret=SUCCESS |  
2019-09-04 03:22:09,036 | INFO  | SCMAudit | user=jenkins1000 | ip=192.168.69.105 | op=SEND_HEARTBEAT {datanodeUUID=3bf639f6-5176-4655-a6a8-540014321443, command=[]} | ret=SUCCESS |  
2019-09-04 03:22:09,284 | INFO  | SCMAudit | user=jenkins1000 | ip=192.168.69.105 | op=SEND_HEARTBEAT {datanodeUUID=6b521d90-43c4-4267-a955-3154b8383673, command=[]} | ret=SUCCESS |  
2019-09-04 03:22:09,342 | INFO  | SCMAudit | user=jenkins1000 | ip=192.168.69.105 | op=SEND_HEARTBEAT {datanodeUUID=50a57ad1-8537-401a-9ef5-5731af50f432, command=[]} | ret=SUCCESS |  
2019-09-04 03:22:09,807 | INFO  | SCMAudit | user=jenkins1000 | ip=192.168.69.105 | op=SEND_HEARTBEAT {datanodeUUID=5874772f-8d83-4395-aefd-8b53e7bb01f4, command=[]} | ret=SUCCESS |  
2019-09-04 03:22:10,003 | INFO  | SCMAudit | user=jenkins1000 | ip=192.168.69.105 | op=SEND_HEARTBEAT {datanodeUUID=84f9c2c4-73f2-4ad7-b9a8-3f333e5b0e84, command=[]} | ret=SUCCESS |  
2019-09-04 03:22:10,006 | INFO  | SCMAudit | user=jenkins1000 | ip=192.168.69.105 | op=SEND_HEARTBEAT {datanodeUUID=3895fe08-5e04-46ac-ae6d-2b942b921927, command=[]} | ret=SUCCESS |  
2019-09-04 03:22:10,008 | INFO  | SCMAudit | user=jenkins1000 | ip=192.168.69.105 | op=SEND_HEARTBEAT {datanodeUUID=524a4774-666f-452c-9a20-e87fa1e4f616, command=[]} | ret=SUCCESS |  
2019-09-04 03:22:10,036 | INFO  | SCMAudit | user=jenkins1000 | ip=192.168.69.105 | op=SEND_HEARTBEAT {datanodeUUID=3bf639f6-5176-4655-a6a8-540014321443, command=[]} | ret=SUCCESS |  
2019-09-04 03:22:10,285 | INFO  | SCMAudit | user=jenkins1000 | ip=192.168.69.105 | op=SEND_HEARTBEAT {datanodeUUID=6b521d90-43c4-4267-a955-3154b8383673, command=[]} | ret=SUCCESS |  
2019-09-04 03:22:10,342 | INFO  | SCMAudit | user=jenkins1000 | ip=192.168.69.105 | op=SEND_HEARTBEAT {datanodeUUID=50a57ad1-8537-401a-9ef5-5731af50f432, command=[]} | ret=SUCCESS |  
2019-09-04 03:22:10,806 | INFO  | SCMAudit | user=jenkins1000 | ip=192.168.69.105 | op=SEND_HEARTBEAT {datanodeUUID=5874772f-8d83-4395-aefd-8b53e7bb01f4, command=[]} | ret=SUCCESS |  
2019-09-04 03:22:11,003 | INFO  | SCMAudit | user=jenkins1000 | ip=192.168.69.105 | op=SEND_HEARTBEAT {datanodeUUID=84f9c2c4-73f2-4ad7-b9a8-3f333e5b0e84, command=[]} | ret=SUCCESS |  
2019-09-04 03:22:11,005 | INFO  | SCMAudit | user=jenkins1000 | ip=192.168.69.105 | op=SEND_HEARTBEAT {datanodeUUID=3895fe08-5e04-46ac-ae6d-2b942b921927, command=[]} | ret=SUCCESS |  
2019-09-04 03:22:11,008 | INFO  | SCMAudit | user=jenkins1000 | ip=192.168.69.105 | op=SEND_HEARTBEAT {datanodeUUID=524a4774-666f-452c-9a20-e87fa1e4f616, command=[]} | ret=SUCCESS |  
2019-09-04 03:22:11,036 | INFO  | SCMAudit | user=jenkins1000 | ip=192.168.69.105 | op=SEND_HEARTBEAT {datanodeUUID=3bf639f6-5176-4655-a6a8-540014321443, command=[]} | ret=SUCCESS |  
2019-09-04 03:22:11,284 | INFO  | SCMAudit | user=jenkins1000 | ip=192.168.69.105 | op=SEND_HEARTBEAT {datanodeUUID=6b521d90-43c4-4267-a955-3154b8383673, command=[]} | ret=SUCCESS |  
2019-09-04 03:22:11,342 | INFO  | SCMAudit | user=jenkins1000 | ip=192.168.69.105 | op=SEND_HEARTBEAT {datanodeUUID=50a57ad1-8537-401a-9ef5-5731af50f432, command=[]} | ret=SUCCESS |  
2019-09-04 03:22:11,806 | INFO  | SCMAudit | user=jenkins1000 | ip=192.168.69.105 | op=SEND_HEARTBEAT {datanodeUUID=5874772f-8d83-4395-aefd-8b53e7bb01f4, command=[]} | ret=SUCCESS |  
2019-09-04 03:22:12,003 | INFO  | SCMAudit | user=jenkins1000 | ip=192.168.69.105 | op=SEND_HEARTBEAT {datanodeUUID=84f9c2c4-73f2-4ad7-b9a8-3f333e5b0e84, command=[]} | ret=SUCCESS |  
2019-09-04 03:22:12,005 | INFO  | SCMAudit | user=jenkins1000 | ip=192.168.69.105 | op=SEND_HEARTBEAT {datanodeUUID=3895fe08-5e04-46ac-ae6d-2b942b921927, command=[]} | ret=SUCCESS |  
2019-09-04 03:22:12,011 | INFO  | SCMAudit | user=jenkins1000 | ip=192.168.69.105 | op=SEND_HEARTBEAT {datanodeUUID=524a4774-666f-452c-9a20-e87fa1e4f616, command=[]} | ret=SUCCESS |  
2019-09-04 03:22:12,036 | INFO  | SCMAudit | user=jenkins1000 | ip=192.168.69.105 | op=SEND_HEARTBEAT {datanodeUUID=3bf639f6-5176-4655-a6a8-540014321443, command=[]} | ret=SUCCESS |  
2019-09-04 03:22:12,284 | INFO  | SCMAudit | user=jenkins1000 | ip=192.168.69.105 | op=SEND_HEARTBEAT {datanodeUUID=6b521d90-43c4-4267-a955-3154b8383673, command=[]} | ret=SUCCESS |  
2019-09-04 03:22:12,342 | INFO  | SCMAudit | user=jenkins1000 | ip=192.168.69.105 | op=SEND_HEARTBEAT {datanodeUUID=50a57ad1-8537-401a-9ef5-5731af50f432, command=[]} | ret=SUCCESS |  
2019-09-04 03:22:12,806 | INFO  | SCMAudit | user=jenkins1000 | ip=192.168.69.105 | op=SEND_HEARTBEAT {datanodeUUID=5874772f-8d83-4395-aefd-8b53e7bb01f4, command=[]} | ret=SUCCESS |  
2019-09-04 03:22:13,004 | INFO  | SCMAudit | user=jenkins1000 | ip=192.168.69.105 | op=SEND_HEARTBEAT {datanodeUUID=84f9c2c4-73f2-4ad7-b9a8-3f333e5b0e84, command=[]} | ret=SUCCESS |  
2019-09-04 03:22:13,005 | INFO  | SCMAudit | user=jenkins1000 | ip=192.168.69.105 | op=SEND_HEARTBEAT {datanodeUUID=3895fe08-5e04-46ac-ae6d-2b942b921927, command=[]} | ret=SUCCESS |  
2019-09-04 03:22:13,011 | INFO  | SCMAudit | user=jenkins1000 | ip=192.168.69.105 | op=SEND_HEARTBEAT {datanodeUUID=524a4774-666f-452c-9a20-e87fa1e4f616, command=[]} | ret=SUCCESS |  
2019-09-04 03:22:13,036 | INFO  | SCMAudit | user=jenkins1000 | ip=192.168.69.105 | op=SEND_HEARTBEAT {datanodeUUID=3bf639f6-5176-4655-a6a8-540014321443, command=[]} | ret=SUCCESS |  
2019-09-04 03:22:13,284 | INFO  | SCMAudit | user=jenkins1000 | ip=192.168.69.105 | op=SEND_HEARTBEAT {datanodeUUID=6b521d90-43c4-4267-a955-3154b8383673, command=[]} | ret=SUCCESS |  
2019-09-04 03:22:13,343 | INFO  | SCMAudit | user=jenkins1000 | ip=192.168.69.105 | op=SEND_HEARTBEAT {datanodeUUID=50a57ad1-8537-401a-9ef5-5731af50f432, command=[]} | ret=SUCCESS |  
2019-09-04 03:22:13,807 | INFO  | SCMAudit | user=jenkins1000 | ip=192.168.69.105 | op=SEND_HEARTBEAT {datanodeUUID=5874772f-8d83-4395-aefd-8b53e7bb01f4, command=[]} | ret=SUCCESS |  
2019-09-04 03:22:13,957 [grpc-default-executor-4] INFO  client.GrpcClientProtocolClient (GrpcClientProtocolClient.java:onNext(255)) - client-81D3A7E5B111->84f9c2c4-73f2-4ad7-b9a8-3f333e5b0e84: receive RaftClientReply:client-81D3A7E5B111->84f9c2c4-73f2-4ad7-b9a8-3f333e5b0e84@group-002EB6C1B0CF, cid=45, FAILED org.apache.ratis.protocol.NotLeaderException: Server 84f9c2c4-73f2-4ad7-b9a8-3f333e5b0e84 is not the leader (3895fe08-5e04-46ac-ae6d-2b942b921927:192.168.69.105:44785). Request must be sent to leader., logIndex=0, commits[84f9c2c4-73f2-4ad7-b9a8-3f333e5b0e84:c8, 3895fe08-5e04-46ac-ae6d-2b942b921927:c8, 524a4774-666f-452c-9a20-e87fa1e4f616:c8]
2019-09-04 03:22:14,004 | INFO  | SCMAudit | user=jenkins1000 | ip=192.168.69.105 | op=SEND_HEARTBEAT {datanodeUUID=84f9c2c4-73f2-4ad7-b9a8-3f333e5b0e84, command=[]} | ret=SUCCESS |  
2019-09-04 03:22:14,005 | INFO  | SCMAudit | user=jenkins1000 | ip=192.168.69.105 | op=SEND_HEARTBEAT {datanodeUUID=3895fe08-5e04-46ac-ae6d-2b942b921927, command=[]} | ret=SUCCESS |  
2019-09-04 03:22:14,011 | INFO  | SCMAudit | user=jenkins1000 | ip=192.168.69.105 | op=SEND_HEARTBEAT {datanodeUUID=524a4774-666f-452c-9a20-e87fa1e4f616, command=[]} | ret=SUCCESS |  
2019-09-04 03:22:14,036 | INFO  | SCMAudit | user=jenkins1000 | ip=192.168.69.105 | op=SEND_HEARTBEAT {datanodeUUID=3bf639f6-5176-4655-a6a8-540014321443, command=[]} | ret=SUCCESS |  
2019-09-04 03:22:14,285 | INFO  | SCMAudit | user=jenkins1000 | ip=192.168.69.105 | op=SEND_HEARTBEAT {datanodeUUID=6b521d90-43c4-4267-a955-3154b8383673, command=[]} | ret=SUCCESS |  
2019-09-04 03:22:14,342 | INFO  | SCMAudit | user=jenkins1000 | ip=192.168.69.105 | op=SEND_HEARTBEAT {datanodeUUID=50a57ad1-8537-401a-9ef5-5731af50f432, command=[]} | ret=SUCCESS |  
2019-09-04 03:22:14,806 | INFO  | SCMAudit | user=jenkins1000 | ip=192.168.69.105 | op=SEND_HEARTBEAT {datanodeUUID=5874772f-8d83-4395-aefd-8b53e7bb01f4, command=[]} | ret=SUCCESS |  
2019-09-04 03:22:15,004 | INFO  | SCMAudit | user=jenkins1000 | ip=192.168.69.105 | op=SEND_HEARTBEAT {datanodeUUID=84f9c2c4-73f2-4ad7-b9a8-3f333e5b0e84, command=[]} | ret=SUCCESS |  
2019-09-04 03:22:15,005 | INFO  | SCMAudit | user=jenkins1000 | ip=192.168.69.105 | op=SEND_HEARTBEAT {datanodeUUID=3895fe08-5e04-46ac-ae6d-2b942b921927, command=[]} | ret=SUCCESS |  
2019-09-04 03:22:15,011 | INFO  | SCMAudit | user=jenkins1000 | ip=192.168.69.105 | op=SEND_HEARTBEAT {datanodeUUID=524a4774-666f-452c-9a20-e87fa1e4f616, command=[]} | ret=SUCCESS |  
2019-09-04 03:22:15,036 | INFO  | SCMAudit | user=jenkins1000 | ip=192.168.69.105 | op=SEND_HEARTBEAT {datanodeUUID=3bf639f6-5176-4655-a6a8-540014321443, command=[]} | ret=SUCCESS |  
2019-09-04 03:22:15,284 | INFO  | SCMAudit | user=jenkins1000 | ip=192.168.69.105 | op=SEND_HEARTBEAT {datanodeUUID=6b521d90-43c4-4267-a955-3154b8383673, command=[]} | ret=SUCCESS |  
2019-09-04 03:22:15,342 | INFO  | SCMAudit | user=jenkins1000 | ip=192.168.69.105 | op=SEND_HEARTBEAT {datanodeUUID=50a57ad1-8537-401a-9ef5-5731af50f432, command=[]} | ret=SUCCESS |  
2019-09-04 03:22:15,806 | INFO  | SCMAudit | user=jenkins1000 | ip=192.168.69.105 | op=SEND_HEARTBEAT {datanodeUUID=5874772f-8d83-4395-aefd-8b53e7bb01f4, command=[]} | ret=SUCCESS |  
2019-09-04 03:22:16,004 | INFO  | SCMAudit | user=jenkins1000 | ip=192.168.69.105 | op=SEND_HEARTBEAT {datanodeUUID=84f9c2c4-73f2-4ad7-b9a8-3f333e5b0e84, command=[]} | ret=SUCCESS |  
2019-09-04 03:22:16,006 | INFO  | SCMAudit | user=jenkins1000 | ip=192.168.69.105 | op=SEND_HEARTBEAT {datanodeUUID=3895fe08-5e04-46ac-ae6d-2b942b921927, command=[]} | ret=SUCCESS |  
2019-09-04 03:22:16,011 | INFO  | SCMAudit | user=jenkins1000 | ip=192.168.69.105 | op=SEND_HEARTBEAT {datanodeUUID=524a4774-666f-452c-9a20-e87fa1e4f616, command=[]} | ret=SUCCESS |  
2019-09-04 03:22:16,036 | INFO  | SCMAudit | user=jenkins1000 | ip=192.168.69.105 | op=SEND_HEARTBEAT {datanodeUUID=3bf639f6-5176-4655-a6a8-540014321443, command=[]} | ret=SUCCESS |  
2019-09-04 03:22:16,285 | INFO  | SCMAudit | user=jenkins1000 | ip=192.168.69.105 | op=SEND_HEARTBEAT {datanodeUUID=6b521d90-43c4-4267-a955-3154b8383673, command=[]} | ret=SUCCESS |  
2019-09-04 03:22:16,342 | INFO  | SCMAudit | user=jenkins1000 | ip=192.168.69.105 | op=SEND_HEARTBEAT {datanodeUUID=50a57ad1-8537-401a-9ef5-5731af50f432, command=[]} | ret=SUCCESS |  
2019-09-04 03:22:16,806 | INFO  | SCMAudit | user=jenkins1000 | ip=192.168.69.105 | op=SEND_HEARTBEAT {datanodeUUID=5874772f-8d83-4395-aefd-8b53e7bb01f4, command=[]} | ret=SUCCESS |  
2019-09-04 03:22:17,005 | INFO  | SCMAudit | user=jenkins1000 | ip=192.168.69.105 | op=SEND_HEARTBEAT {datanodeUUID=84f9c2c4-73f2-4ad7-b9a8-3f333e5b0e84, command=[]} | ret=SUCCESS |  
2019-09-04 03:22:17,006 | INFO  | SCMAudit | user=jenkins1000 | ip=192.168.69.105 | op=SEND_HEARTBEAT {datanodeUUID=3895fe08-5e04-46ac-ae6d-2b942b921927, command=[]} | ret=SUCCESS |  
2019-09-04 03:22:17,012 | INFO  | SCMAudit | user=jenkins1000 | ip=192.168.69.105 | op=SEND_HEARTBEAT {datanodeUUID=524a4774-666f-452c-9a20-e87fa1e4f616, command=[]} | ret=SUCCESS |  
2019-09-04 03:22:17,037 | INFO  | SCMAudit | user=jenkins1000 | ip=192.168.69.105 | op=SEND_HEARTBEAT {datanodeUUID=3bf639f6-5176-4655-a6a8-540014321443, command=[]} | ret=SUCCESS |  
2019-09-04 03:22:17,284 | INFO  | SCMAudit | user=jenkins1000 | ip=192.168.69.105 | op=SEND_HEARTBEAT {datanodeUUID=6b521d90-43c4-4267-a955-3154b8383673, command=[]} | ret=SUCCESS |  
2019-09-04 03:22:17,342 | INFO  | SCMAudit | user=jenkins1000 | ip=192.168.69.105 | op=SEND_HEARTBEAT {datanodeUUID=50a57ad1-8537-401a-9ef5-5731af50f432, command=[]} | ret=SUCCESS |  
2019-09-04 03:22:17,806 | INFO  | SCMAudit | user=jenkins1000 | ip=192.168.69.105 | op=SEND_HEARTBEAT {datanodeUUID=5874772f-8d83-4395-aefd-8b53e7bb01f4, command=[]} | ret=SUCCESS |  
2019-09-04 03:22:18,005 | INFO  | SCMAudit | user=jenkins1000 | ip=192.168.69.105 | op=SEND_HEARTBEAT {datanodeUUID=84f9c2c4-73f2-4ad7-b9a8-3f333e5b0e84, command=[]} | ret=SUCCESS |  
2019-09-04 03:22:18,007 | INFO  | SCMAudit | user=jenkins1000 | ip=192.168.69.105 | op=SEND_HEARTBEAT {datanodeUUID=3895fe08-5e04-46ac-ae6d-2b942b921927, command=[]} | ret=SUCCESS |  
2019-09-04 03:22:18,013 | INFO  | SCMAudit | user=jenkins1000 | ip=192.168.69.105 | op=SEND_HEARTBEAT {datanodeUUID=524a4774-666f-452c-9a20-e87fa1e4f616, command=[]} | ret=SUCCESS |  
2019-09-04 03:22:18,036 | INFO  | SCMAudit | user=jenkins1000 | ip=192.168.69.105 | op=SEND_HEARTBEAT {datanodeUUID=3bf639f6-5176-4655-a6a8-540014321443, command=[]} | ret=SUCCESS |  
2019-09-04 03:22:18,284 | INFO  | SCMAudit | user=jenkins1000 | ip=192.168.69.105 | op=SEND_HEARTBEAT {datanodeUUID=6b521d90-43c4-4267-a955-3154b8383673, command=[]} | ret=SUCCESS |  
2019-09-04 03:22:18,342 | INFO  | SCMAudit | user=jenkins1000 | ip=192.168.69.105 | op=SEND_HEARTBEAT {datanodeUUID=50a57ad1-8537-401a-9ef5-5731af50f432, command=[]} | ret=SUCCESS |  
2019-09-04 03:22:18,806 | INFO  | SCMAudit | user=jenkins1000 | ip=192.168.69.105 | op=SEND_HEARTBEAT {datanodeUUID=5874772f-8d83-4395-aefd-8b53e7bb01f4, command=[]} | ret=SUCCESS |  
2019-09-04 03:22:19,005 | INFO  | SCMAudit | user=jenkins1000 | ip=192.168.69.105 | op=SEND_HEARTBEAT {datanodeUUID=84f9c2c4-73f2-4ad7-b9a8-3f333e5b0e84, command=[]} | ret=SUCCESS |  
2019-09-04 03:22:19,007 | INFO  | SCMAudit | user=jenkins1000 | ip=192.168.69.105 | op=SEND_HEARTBEAT {datanodeUUID=3895fe08-5e04-46ac-ae6d-2b942b921927, command=[]} | ret=SUCCESS |  
2019-09-04 03:22:19,013 [grpc-default-executor-4] INFO  client.GrpcClientProtocolClient (GrpcClientProtocolClient.java:onNext(255)) - client-81D3A7E5B111->84f9c2c4-73f2-4ad7-b9a8-3f333e5b0e84: receive RaftClientReply:client-81D3A7E5B111->84f9c2c4-73f2-4ad7-b9a8-3f333e5b0e84@group-002EB6C1B0CF, cid=45, FAILED org.apache.ratis.protocol.NotLeaderException: Server 84f9c2c4-73f2-4ad7-b9a8-3f333e5b0e84 is not the leader (3895fe08-5e04-46ac-ae6d-2b942b921927:192.168.69.105:44785). Request must be sent to leader., logIndex=0, commits[84f9c2c4-73f2-4ad7-b9a8-3f333e5b0e84:c8, 3895fe08-5e04-46ac-ae6d-2b942b921927:c8, 524a4774-666f-452c-9a20-e87fa1e4f616:c8]
2019-09-04 03:22:19,020 | INFO  | SCMAudit | user=jenkins1000 | ip=192.168.69.105 | op=SEND_HEARTBEAT {datanodeUUID=524a4774-666f-452c-9a20-e87fa1e4f616, command=[]} | ret=SUCCESS |  
2019-09-04 03:22:19,036 | INFO  | SCMAudit | user=jenkins1000 | ip=192.168.69.105 | op=SEND_HEARTBEAT {datanodeUUID=3bf639f6-5176-4655-a6a8-540014321443, command=[]} | ret=SUCCESS |  
2019-09-04 03:22:19,285 | INFO  | SCMAudit | user=jenkins1000 | ip=192.168.69.105 | op=SEND_HEARTBEAT {datanodeUUID=6b521d90-43c4-4267-a955-3154b8383673, command=[]} | ret=SUCCESS |  
2019-09-04 03:22:19,342 | INFO  | SCMAudit | user=jenkins1000 | ip=192.168.69.105 | op=SEND_HEARTBEAT {datanodeUUID=50a57ad1-8537-401a-9ef5-5731af50f432, command=[]} | ret=SUCCESS |  
2019-09-04 03:22:19,807 | INFO  | SCMAudit | user=jenkins1000 | ip=192.168.69.105 | op=SEND_HEARTBEAT {datanodeUUID=5874772f-8d83-4395-aefd-8b53e7bb01f4, command=[]} | ret=SUCCESS |  
2019-09-04 03:22:20,006 | INFO  | SCMAudit | user=jenkins1000 | ip=192.168.69.105 | op=SEND_HEARTBEAT {datanodeUUID=84f9c2c4-73f2-4ad7-b9a8-3f333e5b0e84, command=[]} | ret=SUCCESS |  
2019-09-04 03:22:20,008 | INFO  | SCMAudit | user=jenkins1000 | ip=192.168.69.105 | op=SEND_HEARTBEAT {datanodeUUID=3895fe08-5e04-46ac-ae6d-2b942b921927, command=[]} | ret=SUCCESS |  
2019-09-04 03:22:20,013 | INFO  | SCMAudit | user=jenkins1000 | ip=192.168.69.105 | op=SEND_HEARTBEAT {datanodeUUID=524a4774-666f-452c-9a20-e87fa1e4f616, command=[]} | ret=SUCCESS |  
2019-09-04 03:22:20,037 | INFO  | SCMAudit | user=jenkins1000 | ip=192.168.69.105 | op=SEND_HEARTBEAT {datanodeUUID=3bf639f6-5176-4655-a6a8-540014321443, command=[]} | ret=SUCCESS |  
2019-09-04 03:22:20,285 | INFO  | SCMAudit | user=jenkins1000 | ip=192.168.69.105 | op=SEND_HEARTBEAT {datanodeUUID=6b521d90-43c4-4267-a955-3154b8383673, command=[]} | ret=SUCCESS |  
2019-09-04 03:22:20,342 | INFO  | SCMAudit | user=jenkins1000 | ip=192.168.69.105 | op=SEND_HEARTBEAT {datanodeUUID=50a57ad1-8537-401a-9ef5-5731af50f432, command=[]} | ret=SUCCESS |  
2019-09-04 03:22:20,806 | INFO  | SCMAudit | user=jenkins1000 | ip=192.168.69.105 | op=SEND_HEARTBEAT {datanodeUUID=5874772f-8d83-4395-aefd-8b53e7bb01f4, command=[]} | ret=SUCCESS |  
2019-09-04 03:22:21,005 | INFO  | SCMAudit | user=jenkins1000 | ip=192.168.69.105 | op=SEND_HEARTBEAT {datanodeUUID=84f9c2c4-73f2-4ad7-b9a8-3f333e5b0e84, command=[]} | ret=SUCCESS |  
2019-09-04 03:22:21,008 | INFO  | SCMAudit | user=jenkins1000 | ip=192.168.69.105 | op=SEND_HEARTBEAT {datanodeUUID=3895fe08-5e04-46ac-ae6d-2b942b921927, command=[]} | ret=SUCCESS |  
2019-09-04 03:22:21,013 | INFO  | SCMAudit | user=jenkins1000 | ip=192.168.69.105 | op=SEND_HEARTBEAT {datanodeUUID=524a4774-666f-452c-9a20-e87fa1e4f616, command=[]} | ret=SUCCESS |  
2019-09-04 03:22:21,037 | INFO  | SCMAudit | user=jenkins1000 | ip=192.168.69.105 | op=SEND_HEARTBEAT {datanodeUUID=3bf639f6-5176-4655-a6a8-540014321443, command=[]} | ret=SUCCESS |  
2019-09-04 03:22:21,287 | INFO  | SCMAudit | user=jenkins1000 | ip=192.168.69.105 | op=SEND_HEARTBEAT {datanodeUUID=6b521d90-43c4-4267-a955-3154b8383673, command=[]} | ret=SUCCESS |  
2019-09-04 03:22:21,342 | INFO  | SCMAudit | user=jenkins1000 | ip=192.168.69.105 | op=SEND_HEARTBEAT {datanodeUUID=50a57ad1-8537-401a-9ef5-5731af50f432, command=[]} | ret=SUCCESS |  
2019-09-04 03:22:21,806 | INFO  | SCMAudit | user=jenkins1000 | ip=192.168.69.105 | op=SEND_HEARTBEAT {datanodeUUID=5874772f-8d83-4395-aefd-8b53e7bb01f4, command=[]} | ret=SUCCESS |  
2019-09-04 03:22:22,007 | INFO  | SCMAudit | user=jenkins1000 | ip=192.168.69.105 | op=SEND_HEARTBEAT {datanodeUUID=84f9c2c4-73f2-4ad7-b9a8-3f333e5b0e84, command=[]} | ret=SUCCESS |  
2019-09-04 03:22:22,008 | INFO  | SCMAudit | user=jenkins1000 | ip=192.168.69.105 | op=SEND_HEARTBEAT {datanodeUUID=3895fe08-5e04-46ac-ae6d-2b942b921927, command=[]} | ret=SUCCESS |  
2019-09-04 03:22:22,014 | INFO  | SCMAudit | user=jenkins1000 | ip=192.168.69.105 | op=SEND_HEARTBEAT {datanodeUUID=524a4774-666f-452c-9a20-e87fa1e4f616, command=[]} | ret=SUCCESS |  
2019-09-04 03:22:22,038 | INFO  | SCMAudit | user=jenkins1000 | ip=192.168.69.105 | op=SEND_HEARTBEAT {datanodeUUID=3bf639f6-5176-4655-a6a8-540014321443, command=[]} | ret=SUCCESS |  
2019-09-04 03:22:22,287 | INFO  | SCMAudit | user=jenkins1000 | ip=192.168.69.105 | op=SEND_HEARTBEAT {datanodeUUID=6b521d90-43c4-4267-a955-3154b8383673, command=[]} | ret=SUCCESS |  
2019-09-04 03:22:22,342 | INFO  | SCMAudit | user=jenkins1000 | ip=192.168.69.105 | op=SEND_HEARTBEAT {datanodeUUID=50a57ad1-8537-401a-9ef5-5731af50f432, command=[]} | ret=SUCCESS |  
2019-09-04 03:22:22,806 | INFO  | SCMAudit | user=jenkins1000 | ip=192.168.69.105 | op=SEND_HEARTBEAT {datanodeUUID=5874772f-8d83-4395-aefd-8b53e7bb01f4, command=[]} | ret=SUCCESS |  
2019-09-04 03:22:23,007 | INFO  | SCMAudit | user=jenkins1000 | ip=192.168.69.105 | op=SEND_HEARTBEAT {datanodeUUID=84f9c2c4-73f2-4ad7-b9a8-3f333e5b0e84, command=[]} | ret=SUCCESS |  
2019-09-04 03:22:23,008 | INFO  | SCMAudit | user=jenkins1000 | ip=192.168.69.105 | op=SEND_HEARTBEAT {datanodeUUID=3895fe08-5e04-46ac-ae6d-2b942b921927, command=[]} | ret=SUCCESS |  
2019-09-04 03:22:23,013 | INFO  | SCMAudit | user=jenkins1000 | ip=192.168.69.105 | op=SEND_HEARTBEAT {datanodeUUID=524a4774-666f-452c-9a20-e87fa1e4f616, command=[]} | ret=SUCCESS |  
2019-09-04 03:22:23,040 | INFO  | SCMAudit | user=jenkins1000 | ip=192.168.69.105 | op=SEND_HEARTBEAT {datanodeUUID=3bf639f6-5176-4655-a6a8-540014321443, command=[]} | ret=SUCCESS |  
2019-09-04 03:22:23,287 | INFO  | SCMAudit | user=jenkins1000 | ip=192.168.69.105 | op=SEND_HEARTBEAT {datanodeUUID=6b521d90-43c4-4267-a955-3154b8383673, command=[]} | ret=SUCCESS |  
2019-09-04 03:22:23,342 | INFO  | SCMAudit | user=jenkins1000 | ip=192.168.69.105 | op=SEND_HEARTBEAT {datanodeUUID=50a57ad1-8537-401a-9ef5-5731af50f432, command=[]} | ret=SUCCESS |  
2019-09-04 03:22:23,807 | INFO  | SCMAudit | user=jenkins1000 | ip=192.168.69.105 | op=SEND_HEARTBEAT {datanodeUUID=5874772f-8d83-4395-aefd-8b53e7bb01f4, command=[]} | ret=SUCCESS |  
2019-09-04 03:22:24,007 | INFO  | SCMAudit | user=jenkins1000 | ip=192.168.69.105 | op=SEND_HEARTBEAT {datanodeUUID=84f9c2c4-73f2-4ad7-b9a8-3f333e5b0e84, command=[]} | ret=SUCCESS |  
2019-09-04 03:22:24,008 | INFO  | SCMAudit | user=jenkins1000 | ip=192.168.69.105 | op=SEND_HEARTBEAT {datanodeUUID=3895fe08-5e04-46ac-ae6d-2b942b921927, command=[]} | ret=SUCCESS |  
2019-09-04 03:22:24,013 | INFO  | SCMAudit | user=jenkins1000 | ip=192.168.69.105 | op=SEND_HEARTBEAT {datanodeUUID=524a4774-666f-452c-9a20-e87fa1e4f616, command=[]} | ret=SUCCESS |  
2019-09-04 03:22:24,039 | INFO  | SCMAudit | user=jenkins1000 | ip=192.168.69.105 | op=SEND_HEARTBEAT {datanodeUUID=3bf639f6-5176-4655-a6a8-540014321443, command=[]} | ret=SUCCESS |  
2019-09-04 03:22:24,050 [grpc-default-executor-3] INFO  client.GrpcClientProtocolClient (GrpcClientProtocolClient.java:onNext(255)) - client-81D3A7E5B111->524a4774-666f-452c-9a20-e87fa1e4f616: receive RaftClientReply:client-81D3A7E5B111->524a4774-666f-452c-9a20-e87fa1e4f616@group-002EB6C1B0CF, cid=45, FAILED org.apache.ratis.protocol.NotLeaderException: Server 524a4774-666f-452c-9a20-e87fa1e4f616 is not the leader (3895fe08-5e04-46ac-ae6d-2b942b921927:192.168.69.105:44785). Request must be sent to leader., logIndex=0, commits[524a4774-666f-452c-9a20-e87fa1e4f616:c8, 3895fe08-5e04-46ac-ae6d-2b942b921927:c8, 84f9c2c4-73f2-4ad7-b9a8-3f333e5b0e84:c8]
2019-09-04 03:22:24,287 | INFO  | SCMAudit | user=jenkins1000 | ip=192.168.69.105 | op=SEND_HEARTBEAT {datanodeUUID=6b521d90-43c4-4267-a955-3154b8383673, command=[]} | ret=SUCCESS |  
2019-09-04 03:22:24,342 | INFO  | SCMAudit | user=jenkins1000 | ip=192.168.69.105 | op=SEND_HEARTBEAT {datanodeUUID=50a57ad1-8537-401a-9ef5-5731af50f432, command=[]} | ret=SUCCESS |  
2019-09-04 03:22:24,807 | INFO  | SCMAudit | user=jenkins1000 | ip=192.168.69.105 | op=SEND_HEARTBEAT {datanodeUUID=5874772f-8d83-4395-aefd-8b53e7bb01f4, command=[]} | ret=SUCCESS |  
2019-09-04 03:22:25,007 | INFO  | SCMAudit | user=jenkins1000 | ip=192.168.69.105 | op=SEND_HEARTBEAT {datanodeUUID=84f9c2c4-73f2-4ad7-b9a8-3f333e5b0e84, command=[]} | ret=SUCCESS |  
2019-09-04 03:22:25,008 | INFO  | SCMAudit | user=jenkins1000 | ip=192.168.69.105 | op=SEND_HEARTBEAT {datanodeUUID=3895fe08-5e04-46ac-ae6d-2b942b921927, command=[]} | ret=SUCCESS |  
2019-09-04 03:22:25,013 | INFO  | SCMAudit | user=jenkins1000 | ip=192.168.69.105 | op=SEND_HEARTBEAT {datanodeUUID=524a4774-666f-452c-9a20-e87fa1e4f616, command=[]} | ret=SUCCESS |  
2019-09-04 03:22:25,039 | INFO  | SCMAudit | user=jenkins1000 | ip=192.168.69.105 | op=SEND_HEARTBEAT {datanodeUUID=3bf639f6-5176-4655-a6a8-540014321443, command=[]} | ret=SUCCESS |  
2019-09-04 03:22:25,288 | INFO  | SCMAudit | user=jenkins1000 | ip=192.168.69.105 | op=SEND_HEARTBEAT {datanodeUUID=6b521d90-43c4-4267-a955-3154b8383673, command=[]} | ret=SUCCESS |  
2019-09-04 03:22:25,343 | INFO  | SCMAudit | user=jenkins1000 | ip=192.168.69.105 | op=SEND_HEARTBEAT {datanodeUUID=50a57ad1-8537-401a-9ef5-5731af50f432, command=[]} | ret=SUCCESS |  
2019-09-04 03:22:25,807 | INFO  | SCMAudit | user=jenkins1000 | ip=192.168.69.105 | op=SEND_HEARTBEAT {datanodeUUID=5874772f-8d83-4395-aefd-8b53e7bb01f4, command=[]} | ret=SUCCESS |  
2019-09-04 03:22:26,008 | INFO  | SCMAudit | user=jenkins1000 | ip=192.168.69.105 | op=SEND_HEARTBEAT {datanodeUUID=84f9c2c4-73f2-4ad7-b9a8-3f333e5b0e84, command=[]} | ret=SUCCESS |  
2019-09-04 03:22:26,008 | INFO  | SCMAudit | user=jenkins1000 | ip=192.168.69.105 | op=SEND_HEARTBEAT {datanodeUUID=3895fe08-5e04-46ac-ae6d-2b942b921927, command=[]} | ret=SUCCESS |  
2019-09-04 03:22:26,013 | INFO  | SCMAudit | user=jenkins1000 | ip=192.168.69.105 | op=SEND_HEARTBEAT {datanodeUUID=524a4774-666f-452c-9a20-e87fa1e4f616, command=[]} | ret=SUCCESS |  
2019-09-04 03:22:26,039 | INFO  | SCMAudit | user=jenkins1000 | ip=192.168.69.105 | op=SEND_HEARTBEAT {datanodeUUID=3bf639f6-5176-4655-a6a8-540014321443, command=[]} | ret=SUCCESS |  
2019-09-04 03:22:26,287 | INFO  | SCMAudit | user=jenkins1000 | ip=192.168.69.105 | op=SEND_HEARTBEAT {datanodeUUID=6b521d90-43c4-4267-a955-3154b8383673, command=[]} | ret=SUCCESS |  
2019-09-04 03:22:26,343 | INFO  | SCMAudit | user=jenkins1000 | ip=192.168.69.105 | op=SEND_HEARTBEAT {datanodeUUID=50a57ad1-8537-401a-9ef5-5731af50f432, command=[]} | ret=SUCCESS |  
2019-09-04 03:22:26,808 | INFO  | SCMAudit | user=jenkins1000 | ip=192.168.69.105 | op=SEND_HEARTBEAT {datanodeUUID=5874772f-8d83-4395-aefd-8b53e7bb01f4, command=[]} | ret=SUCCESS |  
2019-09-04 03:22:27,007 | INFO  | SCMAudit | user=jenkins1000 | ip=192.168.69.105 | op=SEND_HEARTBEAT {datanodeUUID=84f9c2c4-73f2-4ad7-b9a8-3f333e5b0e84, command=[]} | ret=SUCCESS |  
2019-09-04 03:22:27,008 | INFO  | SCMAudit | user=jenkins1000 | ip=192.168.69.105 | op=SEND_HEARTBEAT {datanodeUUID=3895fe08-5e04-46ac-ae6d-2b942b921927, command=[]} | ret=SUCCESS |  
2019-09-04 03:22:27,013 | INFO  | SCMAudit | user=jenkins1000 | ip=192.168.69.105 | op=SEND_HEARTBEAT {datanodeUUID=524a4774-666f-452c-9a20-e87fa1e4f616, command=[]} | ret=SUCCESS |  
2019-09-04 03:22:27,039 | INFO  | SCMAudit | user=jenkins1000 | ip=192.168.69.105 | op=SEND_HEARTBEAT {datanodeUUID=3bf639f6-5176-4655-a6a8-540014321443, command=[]} | ret=SUCCESS |  
2019-09-04 03:22:27,287 | INFO  | SCMAudit | user=jenkins1000 | ip=192.168.69.105 | op=SEND_HEARTBEAT {datanodeUUID=6b521d90-43c4-4267-a955-3154b8383673, command=[]} | ret=SUCCESS |  
2019-09-04 03:22:27,343 | INFO  | SCMAudit | user=jenkins1000 | ip=192.168.69.105 | op=SEND_HEARTBEAT {datanodeUUID=50a57ad1-8537-401a-9ef5-5731af50f432, command=[]} | ret=SUCCESS |  
2019-09-04 03:22:27,808 | INFO  | SCMAudit | user=jenkins1000 | ip=192.168.69.105 | op=SEND_HEARTBEAT {datanodeUUID=5874772f-8d83-4395-aefd-8b53e7bb01f4, command=[]} | ret=SUCCESS |  
2019-09-04 03:22:28,007 | INFO  | SCMAudit | user=jenkins1000 | ip=192.168.69.105 | op=SEND_HEARTBEAT {datanodeUUID=84f9c2c4-73f2-4ad7-b9a8-3f333e5b0e84, command=[]} | ret=SUCCESS |  
2019-09-04 03:22:28,008 | INFO  | SCMAudit | user=jenkins1000 | ip=192.168.69.105 | op=SEND_HEARTBEAT {datanodeUUID=3895fe08-5e04-46ac-ae6d-2b942b921927, command=[]} | ret=SUCCESS |  
2019-09-04 03:22:28,013 | INFO  | SCMAudit | user=jenkins1000 | ip=192.168.69.105 | op=SEND_HEARTBEAT {datanodeUUID=524a4774-666f-452c-9a20-e87fa1e4f616, command=[]} | ret=SUCCESS |  
2019-09-04 03:22:28,039 | INFO  | SCMAudit | user=jenkins1000 | ip=192.168.69.105 | op=SEND_HEARTBEAT {datanodeUUID=3bf639f6-5176-4655-a6a8-540014321443, command=[]} | ret=SUCCESS |  
2019-09-04 03:22:28,287 | INFO  | SCMAudit | user=jenkins1000 | ip=192.168.69.105 | op=SEND_HEARTBEAT {datanodeUUID=6b521d90-43c4-4267-a955-3154b8383673, command=[]} | ret=SUCCESS |  
2019-09-04 03:22:28,343 | INFO  | SCMAudit | user=jenkins1000 | ip=192.168.69.105 | op=SEND_HEARTBEAT {datanodeUUID=50a57ad1-8537-401a-9ef5-5731af50f432, command=[]} | ret=SUCCESS |  
2019-09-04 03:22:28,808 | INFO  | SCMAudit | user=jenkins1000 | ip=192.168.69.105 | op=SEND_HEARTBEAT {datanodeUUID=5874772f-8d83-4395-aefd-8b53e7bb01f4, command=[]} | ret=SUCCESS |  
2019-09-04 03:22:29,007 | INFO  | SCMAudit | user=jenkins1000 | ip=192.168.69.105 | op=SEND_HEARTBEAT {datanodeUUID=84f9c2c4-73f2-4ad7-b9a8-3f333e5b0e84, command=[]} | ret=SUCCESS |  
2019-09-04 03:22:29,007 | INFO  | SCMAudit | user=jenkins1000 | ip=192.168.69.105 | op=SEND_HEARTBEAT {datanodeUUID=3895fe08-5e04-46ac-ae6d-2b942b921927, command=[]} | ret=SUCCESS |  
2019-09-04 03:22:29,013 | INFO  | SCMAudit | user=jenkins1000 | ip=192.168.69.105 | op=SEND_HEARTBEAT {datanodeUUID=524a4774-666f-452c-9a20-e87fa1e4f616, command=[]} | ret=SUCCESS |  
2019-09-04 03:22:29,039 | INFO  | SCMAudit | user=jenkins1000 | ip=192.168.69.105 | op=SEND_HEARTBEAT {datanodeUUID=3bf639f6-5176-4655-a6a8-540014321443, command=[]} | ret=SUCCESS |  
2019-09-04 03:22:29,095 [grpc-default-executor-4] INFO  client.GrpcClientProtocolClient (GrpcClientProtocolClient.java:onNext(255)) - client-81D3A7E5B111->84f9c2c4-73f2-4ad7-b9a8-3f333e5b0e84: receive RaftClientReply:client-81D3A7E5B111->84f9c2c4-73f2-4ad7-b9a8-3f333e5b0e84@group-002EB6C1B0CF, cid=45, FAILED org.apache.ratis.protocol.NotLeaderException: Server 84f9c2c4-73f2-4ad7-b9a8-3f333e5b0e84 is not the leader (3895fe08-5e04-46ac-ae6d-2b942b921927:192.168.69.105:44785). Request must be sent to leader., logIndex=0, commits[84f9c2c4-73f2-4ad7-b9a8-3f333e5b0e84:c8, 3895fe08-5e04-46ac-ae6d-2b942b921927:c8, 524a4774-666f-452c-9a20-e87fa1e4f616:c8]
2019-09-04 03:22:29,288 | INFO  | SCMAudit | user=jenkins1000 | ip=192.168.69.105 | op=SEND_HEARTBEAT {datanodeUUID=6b521d90-43c4-4267-a955-3154b8383673, command=[]} | ret=SUCCESS |  
2019-09-04 03:22:29,343 | INFO  | SCMAudit | user=jenkins1000 | ip=192.168.69.105 | op=SEND_HEARTBEAT {datanodeUUID=50a57ad1-8537-401a-9ef5-5731af50f432, command=[]} | ret=SUCCESS |  
2019-09-04 03:22:29,809 | INFO  | SCMAudit | user=jenkins1000 | ip=192.168.69.105 | op=SEND_HEARTBEAT {datanodeUUID=5874772f-8d83-4395-aefd-8b53e7bb01f4, command=[]} | ret=SUCCESS |  
2019-09-04 03:22:30,007 | INFO  | SCMAudit | user=jenkins1000 | ip=192.168.69.105 | op=SEND_HEARTBEAT {datanodeUUID=84f9c2c4-73f2-4ad7-b9a8-3f333e5b0e84, command=[]} | ret=SUCCESS |  
2019-09-04 03:22:30,008 | INFO  | SCMAudit | user=jenkins1000 | ip=192.168.69.105 | op=SEND_HEARTBEAT {datanodeUUID=3895fe08-5e04-46ac-ae6d-2b942b921927, command=[]} | ret=SUCCESS |  
2019-09-04 03:22:30,013 | INFO  | SCMAudit | user=jenkins1000 | ip=192.168.69.105 | op=SEND_HEARTBEAT {datanodeUUID=524a4774-666f-452c-9a20-e87fa1e4f616, command=[]} | ret=SUCCESS |  
2019-09-04 03:22:30,039 | INFO  | SCMAudit | user=jenkins1000 | ip=192.168.69.105 | op=SEND_HEARTBEAT {datanodeUUID=3bf639f6-5176-4655-a6a8-540014321443, command=[]} | ret=SUCCESS |  
2019-09-04 03:22:30,287 | INFO  | SCMAudit | user=jenkins1000 | ip=192.168.69.105 | op=SEND_HEARTBEAT {datanodeUUID=6b521d90-43c4-4267-a955-3154b8383673, command=[]} | ret=SUCCESS |  
2019-09-04 03:22:30,343 | INFO  | SCMAudit | user=jenkins1000 | ip=192.168.69.105 | op=SEND_HEARTBEAT {datanodeUUID=50a57ad1-8537-401a-9ef5-5731af50f432, command=[]} | ret=SUCCESS |  
2019-09-04 03:22:30,809 | INFO  | SCMAudit | user=jenkins1000 | ip=192.168.69.105 | op=SEND_HEARTBEAT {datanodeUUID=5874772f-8d83-4395-aefd-8b53e7bb01f4, command=[]} | ret=SUCCESS |  
2019-09-04 03:22:31,008 | INFO  | SCMAudit | user=jenkins1000 | ip=192.168.69.105 | op=SEND_HEARTBEAT {datanodeUUID=84f9c2c4-73f2-4ad7-b9a8-3f333e5b0e84, command=[]} | ret=SUCCESS |  
2019-09-04 03:22:31,008 | INFO  | SCMAudit | user=jenkins1000 | ip=192.168.69.105 | op=SEND_HEARTBEAT {datanodeUUID=3895fe08-5e04-46ac-ae6d-2b942b921927, command=[]} | ret=SUCCESS |  
2019-09-04 03:22:31,013 | INFO  | SCMAudit | user=jenkins1000 | ip=192.168.69.105 | op=SEND_HEARTBEAT {datanodeUUID=524a4774-666f-452c-9a20-e87fa1e4f616, command=[]} | ret=SUCCESS |  
2019-09-04 03:22:31,039 | INFO  | SCMAudit | user=jenkins1000 | ip=192.168.69.105 | op=SEND_HEARTBEAT {datanodeUUID=3bf639f6-5176-4655-a6a8-540014321443, command=[]} | ret=SUCCESS |  
2019-09-04 03:22:31,289 | INFO  | SCMAudit | user=jenkins1000 | ip=192.168.69.105 | op=SEND_HEARTBEAT {datanodeUUID=6b521d90-43c4-4267-a955-3154b8383673, command=[]} | ret=SUCCESS |  
2019-09-04 03:22:31,343 | INFO  | SCMAudit | user=jenkins1000 | ip=192.168.69.105 | op=SEND_HEARTBEAT {datanodeUUID=50a57ad1-8537-401a-9ef5-5731af50f432, command=[]} | ret=SUCCESS |  
2019-09-04 03:22:31,810 | INFO  | SCMAudit | user=jenkins1000 | ip=192.168.69.105 | op=SEND_HEARTBEAT {datanodeUUID=5874772f-8d83-4395-aefd-8b53e7bb01f4, command=[]} | ret=SUCCESS |  
2019-09-04 03:22:32,007 | INFO  | SCMAudit | user=jenkins1000 | ip=192.168.69.105 | op=SEND_HEARTBEAT {datanodeUUID=84f9c2c4-73f2-4ad7-b9a8-3f333e5b0e84, command=[]} | ret=SUCCESS |  
2019-09-04 03:22:32,008 | INFO  | SCMAudit | user=jenkins1000 | ip=192.168.69.105 | op=SEND_HEARTBEAT {datanodeUUID=3895fe08-5e04-46ac-ae6d-2b942b921927, command=[]} | ret=SUCCESS |  
2019-09-04 03:22:32,013 | INFO  | SCMAudit | user=jenkins1000 | ip=192.168.69.105 | op=SEND_HEARTBEAT {datanodeUUID=524a4774-666f-452c-9a20-e87fa1e4f616, command=[]} | ret=SUCCESS |  
2019-09-04 03:22:32,039 | INFO  | SCMAudit | user=jenkins1000 | ip=192.168.69.105 | op=SEND_HEARTBEAT {datanodeUUID=3bf639f6-5176-4655-a6a8-540014321443, command=[]} | ret=SUCCESS |  
2019-09-04 03:22:32,288 | INFO  | SCMAudit | user=jenkins1000 | ip=192.168.69.105 | op=SEND_HEARTBEAT {datanodeUUID=6b521d90-43c4-4267-a955-3154b8383673, command=[]} | ret=SUCCESS |  
2019-09-04 03:22:32,343 | INFO  | SCMAudit | user=jenkins1000 | ip=192.168.69.105 | op=SEND_HEARTBEAT {datanodeUUID=50a57ad1-8537-401a-9ef5-5731af50f432, command=[]} | ret=SUCCESS |  
2019-09-04 03:22:32,809 | INFO  | SCMAudit | user=jenkins1000 | ip=192.168.69.105 | op=SEND_HEARTBEAT {datanodeUUID=5874772f-8d83-4395-aefd-8b53e7bb01f4, command=[]} | ret=SUCCESS |  
2019-09-04 03:22:33,007 | INFO  | SCMAudit | user=jenkins1000 | ip=192.168.69.105 | op=SEND_HEARTBEAT {datanodeUUID=84f9c2c4-73f2-4ad7-b9a8-3f333e5b0e84, command=[]} | ret=SUCCESS |  
2019-09-04 03:22:33,008 | INFO  | SCMAudit | user=jenkins1000 | ip=192.168.69.105 | op=SEND_HEARTBEAT {datanodeUUID=3895fe08-5e04-46ac-ae6d-2b942b921927, command=[]} | ret=SUCCESS |  
2019-09-04 03:22:33,014 | INFO  | SCMAudit | user=jenkins1000 | ip=192.168.69.105 | op=SEND_HEARTBEAT {datanodeUUID=524a4774-666f-452c-9a20-e87fa1e4f616, command=[]} | ret=SUCCESS |  
2019-09-04 03:22:33,039 | INFO  | SCMAudit | user=jenkins1000 | ip=192.168.69.105 | op=SEND_HEARTBEAT {datanodeUUID=3bf639f6-5176-4655-a6a8-540014321443, command=[]} | ret=SUCCESS |  
2019-09-04 03:22:33,288 | INFO  | SCMAudit | user=jenkins1000 | ip=192.168.69.105 | op=SEND_HEARTBEAT {datanodeUUID=6b521d90-43c4-4267-a955-3154b8383673, command=[]} | ret=SUCCESS |  
2019-09-04 03:22:33,343 | INFO  | SCMAudit | user=jenkins1000 | ip=192.168.69.105 | op=SEND_HEARTBEAT {datanodeUUID=50a57ad1-8537-401a-9ef5-5731af50f432, command=[]} | ret=SUCCESS |  
2019-09-04 03:22:33,810 | INFO  | SCMAudit | user=jenkins1000 | ip=192.168.69.105 | op=SEND_HEARTBEAT {datanodeUUID=5874772f-8d83-4395-aefd-8b53e7bb01f4, command=[]} | ret=SUCCESS |  
2019-09-04 03:22:34,008 | INFO  | SCMAudit | user=jenkins1000 | ip=192.168.69.105 | op=SEND_HEARTBEAT {datanodeUUID=84f9c2c4-73f2-4ad7-b9a8-3f333e5b0e84, command=[]} | ret=SUCCESS |  
2019-09-04 03:22:34,008 | INFO  | SCMAudit | user=jenkins1000 | ip=192.168.69.105 | op=SEND_HEARTBEAT {datanodeUUID=3895fe08-5e04-46ac-ae6d-2b942b921927, command=[]} | ret=SUCCESS |  
2019-09-04 03:22:34,014 | INFO  | SCMAudit | user=jenkins1000 | ip=192.168.69.105 | op=SEND_HEARTBEAT {datanodeUUID=524a4774-666f-452c-9a20-e87fa1e4f616, command=[]} | ret=SUCCESS |  
2019-09-04 03:22:34,039 | INFO  | SCMAudit | user=jenkins1000 | ip=192.168.69.105 | op=SEND_HEARTBEAT {datanodeUUID=3bf639f6-5176-4655-a6a8-540014321443, command=[]} | ret=SUCCESS |  
2019-09-04 03:22:34,136 [grpc-default-executor-4] INFO  client.GrpcClientProtocolClient (GrpcClientProtocolClient.java:onNext(255)) - client-81D3A7E5B111->84f9c2c4-73f2-4ad7-b9a8-3f333e5b0e84: receive RaftClientReply:client-81D3A7E5B111->84f9c2c4-73f2-4ad7-b9a8-3f333e5b0e84@group-002EB6C1B0CF, cid=45, FAILED org.apache.ratis.protocol.NotLeaderException: Server 84f9c2c4-73f2-4ad7-b9a8-3f333e5b0e84 is not the leader (3895fe08-5e04-46ac-ae6d-2b942b921927:192.168.69.105:44785). Request must be sent to leader., logIndex=0, commits[84f9c2c4-73f2-4ad7-b9a8-3f333e5b0e84:c8, 3895fe08-5e04-46ac-ae6d-2b942b921927:c8, 524a4774-666f-452c-9a20-e87fa1e4f616:c8]
2019-09-04 03:22:34,288 | INFO  | SCMAudit | user=jenkins1000 | ip=192.168.69.105 | op=SEND_HEARTBEAT {datanodeUUID=6b521d90-43c4-4267-a955-3154b8383673, command=[]} | ret=SUCCESS |  
2019-09-04 03:22:34,343 | INFO  | SCMAudit | user=jenkins1000 | ip=192.168.69.105 | op=SEND_HEARTBEAT {datanodeUUID=50a57ad1-8537-401a-9ef5-5731af50f432, command=[]} | ret=SUCCESS |  
2019-09-04 03:22:34,809 | INFO  | SCMAudit | user=jenkins1000 | ip=192.168.69.105 | op=SEND_HEARTBEAT {datanodeUUID=5874772f-8d83-4395-aefd-8b53e7bb01f4, command=[]} | ret=SUCCESS |  
2019-09-04 03:22:35,008 | INFO  | SCMAudit | user=jenkins1000 | ip=192.168.69.105 | op=SEND_HEARTBEAT {datanodeUUID=84f9c2c4-73f2-4ad7-b9a8-3f333e5b0e84, command=[]} | ret=SUCCESS |  
2019-09-04 03:22:35,008 | INFO  | SCMAudit | user=jenkins1000 | ip=192.168.69.105 | op=SEND_HEARTBEAT {datanodeUUID=3895fe08-5e04-46ac-ae6d-2b942b921927, command=[]} | ret=SUCCESS |  
2019-09-04 03:22:35,014 | INFO  | SCMAudit | user=jenkins1000 | ip=192.168.69.105 | op=SEND_HEARTBEAT {datanodeUUID=524a4774-666f-452c-9a20-e87fa1e4f616, command=[]} | ret=SUCCESS |  
2019-09-04 03:22:35,039 | INFO  | SCMAudit | user=jenkins1000 | ip=192.168.69.105 | op=SEND_HEARTBEAT {datanodeUUID=3bf639f6-5176-4655-a6a8-540014321443, command=[]} | ret=SUCCESS |  
2019-09-04 03:22:35,288 | INFO  | SCMAudit | user=jenkins1000 | ip=192.168.69.105 | op=SEND_HEARTBEAT {datanodeUUID=6b521d90-43c4-4267-a955-3154b8383673, command=[]} | ret=SUCCESS |  
2019-09-04 03:22:35,345 | INFO  | SCMAudit | user=jenkins1000 | ip=192.168.69.105 | op=SEND_HEARTBEAT {datanodeUUID=50a57ad1-8537-401a-9ef5-5731af50f432, command=[]} | ret=SUCCESS |  
2019-09-04 03:22:35,810 | INFO  | SCMAudit | user=jenkins1000 | ip=192.168.69.105 | op=SEND_HEARTBEAT {datanodeUUID=5874772f-8d83-4395-aefd-8b53e7bb01f4, command=[]} | ret=SUCCESS |  
2019-09-04 03:22:36,009 | INFO  | SCMAudit | user=jenkins1000 | ip=192.168.69.105 | op=SEND_HEARTBEAT {datanodeUUID=3895fe08-5e04-46ac-ae6d-2b942b921927, command=[]} | ret=SUCCESS |  
2019-09-04 03:22:36,009 | INFO  | SCMAudit | user=jenkins1000 | ip=192.168.69.105 | op=SEND_HEARTBEAT {datanodeUUID=84f9c2c4-73f2-4ad7-b9a8-3f333e5b0e84, command=[]} | ret=SUCCESS |  
2019-09-04 03:22:36,014 | INFO  | SCMAudit | user=jenkins1000 | ip=192.168.69.105 | op=SEND_HEARTBEAT {datanodeUUID=524a4774-666f-452c-9a20-e87fa1e4f616, command=[]} | ret=SUCCESS |  
2019-09-04 03:22:36,039 | INFO  | SCMAudit | user=jenkins1000 | ip=192.168.69.105 | op=SEND_HEARTBEAT {datanodeUUID=3bf639f6-5176-4655-a6a8-540014321443, command=[]} | ret=SUCCESS |  
2019-09-04 03:22:36,288 | INFO  | SCMAudit | user=jenkins1000 | ip=192.168.69.105 | op=SEND_HEARTBEAT {datanodeUUID=6b521d90-43c4-4267-a955-3154b8383673, command=[]} | ret=SUCCESS |  
2019-09-04 03:22:36,345 | INFO  | SCMAudit | user=jenkins1000 | ip=192.168.69.105 | op=SEND_HEARTBEAT {datanodeUUID=50a57ad1-8537-401a-9ef5-5731af50f432, command=[]} | ret=SUCCESS |  
2019-09-04 03:22:36,810 | INFO  | SCMAudit | user=jenkins1000 | ip=192.168.69.105 | op=SEND_HEARTBEAT {datanodeUUID=5874772f-8d83-4395-aefd-8b53e7bb01f4, command=[]} | ret=SUCCESS |  
2019-09-04 03:22:37,009 | INFO  | SCMAudit | user=jenkins1000 | ip=192.168.69.105 | op=SEND_HEARTBEAT {datanodeUUID=84f9c2c4-73f2-4ad7-b9a8-3f333e5b0e84, command=[]} | ret=SUCCESS |  
2019-09-04 03:22:37,009 | INFO  | SCMAudit | user=jenkins1000 | ip=192.168.69.105 | op=SEND_HEARTBEAT {datanodeUUID=3895fe08-5e04-46ac-ae6d-2b942b921927, command=[]} | ret=SUCCESS |  
2019-09-04 03:22:37,014 | INFO  | SCMAudit | user=jenkins1000 | ip=192.168.69.105 | op=SEND_HEARTBEAT {datanodeUUID=524a4774-666f-452c-9a20-e87fa1e4f616, command=[]} | ret=SUCCESS |  
2019-09-04 03:22:37,039 | INFO  | SCMAudit | user=jenkins1000 | ip=192.168.69.105 | op=SEND_HEARTBEAT {datanodeUUID=3bf639f6-5176-4655-a6a8-540014321443, command=[]} | ret=SUCCESS |  
2019-09-04 03:22:37,288 | INFO  | SCMAudit | user=jenkins1000 | ip=192.168.69.105 | op=SEND_HEARTBEAT {datanodeUUID=6b521d90-43c4-4267-a955-3154b8383673, command=[]} | ret=SUCCESS |  
2019-09-04 03:22:37,345 | INFO  | SCMAudit | user=jenkins1000 | ip=192.168.69.105 | op=SEND_HEARTBEAT {datanodeUUID=50a57ad1-8537-401a-9ef5-5731af50f432, command=[]} | ret=SUCCESS |  
2019-09-04 03:22:37,810 | INFO  | SCMAudit | user=jenkins1000 | ip=192.168.69.105 | op=SEND_HEARTBEAT {datanodeUUID=5874772f-8d83-4395-aefd-8b53e7bb01f4, command=[]} | ret=SUCCESS |  
2019-09-04 03:22:38,009 | INFO  | SCMAudit | user=jenkins1000 | ip=192.168.69.105 | op=SEND_HEARTBEAT {datanodeUUID=3895fe08-5e04-46ac-ae6d-2b942b921927, command=[]} | ret=SUCCESS |  
2019-09-04 03:22:38,009 | INFO  | SCMAudit | user=jenkins1000 | ip=192.168.69.105 | op=SEND_HEARTBEAT {datanodeUUID=84f9c2c4-73f2-4ad7-b9a8-3f333e5b0e84, command=[]} | ret=SUCCESS |  
2019-09-04 03:22:38,014 | INFO  | SCMAudit | user=jenkins1000 | ip=192.168.69.105 | op=SEND_HEARTBEAT {datanodeUUID=524a4774-666f-452c-9a20-e87fa1e4f616, command=[]} | ret=SUCCESS |  
2019-09-04 03:22:38,039 | INFO  | SCMAudit | user=jenkins1000 | ip=192.168.69.105 | op=SEND_HEARTBEAT {datanodeUUID=3bf639f6-5176-4655-a6a8-540014321443, command=[]} | ret=SUCCESS |  
2019-09-04 03:22:38,288 | INFO  | SCMAudit | user=jenkins1000 | ip=192.168.69.105 | op=SEND_HEARTBEAT {datanodeUUID=6b521d90-43c4-4267-a955-3154b8383673, command=[]} | ret=SUCCESS |  
2019-09-04 03:22:38,345 | INFO  | SCMAudit | user=jenkins1000 | ip=192.168.69.105 | op=SEND_HEARTBEAT {datanodeUUID=50a57ad1-8537-401a-9ef5-5731af50f432, command=[]} | ret=SUCCESS |  
2019-09-04 03:22:38,812 | INFO  | SCMAudit | user=jenkins1000 | ip=192.168.69.105 | op=SEND_HEARTBEAT {datanodeUUID=5874772f-8d83-4395-aefd-8b53e7bb01f4, command=[]} | ret=SUCCESS |  
2019-09-04 03:22:39,010 | INFO  | SCMAudit | user=jenkins1000 | ip=192.168.69.105 | op=SEND_HEARTBEAT {datanodeUUID=3895fe08-5e04-46ac-ae6d-2b942b921927, command=[]} | ret=SUCCESS |  
2019-09-04 03:22:39,010 | INFO  | SCMAudit | user=jenkins1000 | ip=192.168.69.105 | op=SEND_HEARTBEAT {datanodeUUID=84f9c2c4-73f2-4ad7-b9a8-3f333e5b0e84, command=[]} | ret=SUCCESS |  
2019-09-04 03:22:39,014 | INFO  | SCMAudit | user=jenkins1000 | ip=192.168.69.105 | op=SEND_HEARTBEAT {datanodeUUID=524a4774-666f-452c-9a20-e87fa1e4f616, command=[]} | ret=SUCCESS |  
2019-09-04 03:22:39,039 | INFO  | SCMAudit | user=jenkins1000 | ip=192.168.69.105 | op=SEND_HEARTBEAT {datanodeUUID=3bf639f6-5176-4655-a6a8-540014321443, command=[]} | ret=SUCCESS |  
2019-09-04 03:22:39,179 [grpc-default-executor-4] INFO  client.GrpcClientProtocolClient (GrpcClientProtocolClient.java:onNext(255)) - client-81D3A7E5B111->84f9c2c4-73f2-4ad7-b9a8-3f333e5b0e84: receive RaftClientReply:client-81D3A7E5B111->84f9c2c4-73f2-4ad7-b9a8-3f333e5b0e84@group-002EB6C1B0CF, cid=45, FAILED org.apache.ratis.protocol.NotLeaderException: Server 84f9c2c4-73f2-4ad7-b9a8-3f333e5b0e84 is not the leader (3895fe08-5e04-46ac-ae6d-2b942b921927:192.168.69.105:44785). Request must be sent to leader., logIndex=0, commits[84f9c2c4-73f2-4ad7-b9a8-3f333e5b0e84:c8, 3895fe08-5e04-46ac-ae6d-2b942b921927:c8, 524a4774-666f-452c-9a20-e87fa1e4f616:c8]
2019-09-04 03:22:39,288 | INFO  | SCMAudit | user=jenkins1000 | ip=192.168.69.105 | op=SEND_HEARTBEAT {datanodeUUID=6b521d90-43c4-4267-a955-3154b8383673, command=[]} | ret=SUCCESS |  
2019-09-04 03:22:39,345 | INFO  | SCMAudit | user=jenkins1000 | ip=192.168.69.105 | op=SEND_HEARTBEAT {datanodeUUID=50a57ad1-8537-401a-9ef5-5731af50f432, command=[]} | ret=SUCCESS |  
2019-09-04 03:22:39,811 | INFO  | SCMAudit | user=jenkins1000 | ip=192.168.69.105 | op=SEND_HEARTBEAT {datanodeUUID=5874772f-8d83-4395-aefd-8b53e7bb01f4, command=[]} | ret=SUCCESS |  
2019-09-04 03:22:40,009 | INFO  | SCMAudit | user=jenkins1000 | ip=192.168.69.105 | op=SEND_HEARTBEAT {datanodeUUID=84f9c2c4-73f2-4ad7-b9a8-3f333e5b0e84, command=[]} | ret=SUCCESS |  
2019-09-04 03:22:40,010 | INFO  | SCMAudit | user=jenkins1000 | ip=192.168.69.105 | op=SEND_HEARTBEAT {datanodeUUID=3895fe08-5e04-46ac-ae6d-2b942b921927, command=[]} | ret=SUCCESS |  
2019-09-04 03:22:40,015 | INFO  | SCMAudit | user=jenkins1000 | ip=192.168.69.105 | op=SEND_HEARTBEAT {datanodeUUID=524a4774-666f-452c-9a20-e87fa1e4f616, command=[]} | ret=SUCCESS |  
2019-09-04 03:22:40,039 | INFO  | SCMAudit | user=jenkins1000 | ip=192.168.69.105 | op=SEND_HEARTBEAT {datanodeUUID=3bf639f6-5176-4655-a6a8-540014321443, command=[]} | ret=SUCCESS |  
2019-09-04 03:22:40,288 | INFO  | SCMAudit | user=jenkins1000 | ip=192.168.69.105 | op=SEND_HEARTBEAT {datanodeUUID=6b521d90-43c4-4267-a955-3154b8383673, command=[]} | ret=SUCCESS |  
2019-09-04 03:22:40,345 | INFO  | SCMAudit | user=jenkins1000 | ip=192.168.69.105 | op=SEND_HEARTBEAT {datanodeUUID=50a57ad1-8537-401a-9ef5-5731af50f432, command=[]} | ret=SUCCESS |  
2019-09-04 03:22:40,810 | INFO  | SCMAudit | user=jenkins1000 | ip=192.168.69.105 | op=SEND_HEARTBEAT {datanodeUUID=5874772f-8d83-4395-aefd-8b53e7bb01f4, command=[]} | ret=SUCCESS |  
2019-09-04 03:22:41,009 | INFO  | SCMAudit | user=jenkins1000 | ip=192.168.69.105 | op=SEND_HEARTBEAT {datanodeUUID=84f9c2c4-73f2-4ad7-b9a8-3f333e5b0e84, command=[]} | ret=SUCCESS |  
2019-09-04 03:22:41,010 | INFO  | SCMAudit | user=jenkins1000 | ip=192.168.69.105 | op=SEND_HEARTBEAT {datanodeUUID=3895fe08-5e04-46ac-ae6d-2b942b921927, command=[]} | ret=SUCCESS |  
2019-09-04 03:22:41,015 | INFO  | SCMAudit | user=jenkins1000 | ip=192.168.69.105 | op=SEND_HEARTBEAT {datanodeUUID=524a4774-666f-452c-9a20-e87fa1e4f616, command=[]} | ret=SUCCESS |  
2019-09-04 03:22:41,039 | INFO  | SCMAudit | user=jenkins1000 | ip=192.168.69.105 | op=SEND_HEARTBEAT {datanodeUUID=3bf639f6-5176-4655-a6a8-540014321443, command=[]} | ret=SUCCESS |  
2019-09-04 03:22:41,288 | INFO  | SCMAudit | user=jenkins1000 | ip=192.168.69.105 | op=SEND_HEARTBEAT {datanodeUUID=6b521d90-43c4-4267-a955-3154b8383673, command=[]} | ret=SUCCESS |  
2019-09-04 03:22:41,345 | INFO  | SCMAudit | user=jenkins1000 | ip=192.168.69.105 | op=SEND_HEARTBEAT {datanodeUUID=50a57ad1-8537-401a-9ef5-5731af50f432, command=[]} | ret=SUCCESS |  
2019-09-04 03:22:41,810 | INFO  | SCMAudit | user=jenkins1000 | ip=192.168.69.105 | op=SEND_HEARTBEAT {datanodeUUID=5874772f-8d83-4395-aefd-8b53e7bb01f4, command=[]} | ret=SUCCESS |  
2019-09-04 03:22:42,010 | INFO  | SCMAudit | user=jenkins1000 | ip=192.168.69.105 | op=SEND_HEARTBEAT {datanodeUUID=84f9c2c4-73f2-4ad7-b9a8-3f333e5b0e84, command=[]} | ret=SUCCESS |  
2019-09-04 03:22:42,010 | INFO  | SCMAudit | user=jenkins1000 | ip=192.168.69.105 | op=SEND_HEARTBEAT {datanodeUUID=3895fe08-5e04-46ac-ae6d-2b942b921927, command=[]} | ret=SUCCESS |  
2019-09-04 03:22:42,016 | INFO  | SCMAudit | user=jenkins1000 | ip=192.168.69.105 | op=SEND_HEARTBEAT {datanodeUUID=524a4774-666f-452c-9a20-e87fa1e4f616, command=[]} | ret=SUCCESS |  
2019-09-04 03:22:42,039 | INFO  | SCMAudit | user=jenkins1000 | ip=192.168.69.105 | op=SEND_HEARTBEAT {datanodeUUID=3bf639f6-5176-4655-a6a8-540014321443, command=[]} | ret=SUCCESS |  
2019-09-04 03:22:42,288 | INFO  | SCMAudit | user=jenkins1000 | ip=192.168.69.105 | op=SEND_HEARTBEAT {datanodeUUID=6b521d90-43c4-4267-a955-3154b8383673, command=[]} | ret=SUCCESS |  
2019-09-04 03:22:42,345 | INFO  | SCMAudit | user=jenkins1000 | ip=192.168.69.105 | op=SEND_HEARTBEAT {datanodeUUID=50a57ad1-8537-401a-9ef5-5731af50f432, command=[]} | ret=SUCCESS |  
2019-09-04 03:22:42,811 | INFO  | SCMAudit | user=jenkins1000 | ip=192.168.69.105 | op=SEND_HEARTBEAT {datanodeUUID=5874772f-8d83-4395-aefd-8b53e7bb01f4, command=[]} | ret=SUCCESS |  
2019-09-04 03:22:43,009 | INFO  | SCMAudit | user=jenkins1000 | ip=192.168.69.105 | op=SEND_HEARTBEAT {datanodeUUID=84f9c2c4-73f2-4ad7-b9a8-3f333e5b0e84, command=[]} | ret=SUCCESS |  
2019-09-04 03:22:43,010 | INFO  | SCMAudit | user=jenkins1000 | ip=192.168.69.105 | op=SEND_HEARTBEAT {datanodeUUID=3895fe08-5e04-46ac-ae6d-2b942b921927, command=[]} | ret=SUCCESS |  
2019-09-04 03:22:43,016 | INFO  | SCMAudit | user=jenkins1000 | ip=192.168.69.105 | op=SEND_HEARTBEAT {datanodeUUID=524a4774-666f-452c-9a20-e87fa1e4f616, command=[]} | ret=SUCCESS |  
2019-09-04 03:22:43,039 | INFO  | SCMAudit | user=jenkins1000 | ip=192.168.69.105 | op=SEND_HEARTBEAT {datanodeUUID=3bf639f6-5176-4655-a6a8-540014321443, command=[]} | ret=SUCCESS |  
2019-09-04 03:22:43,289 | INFO  | SCMAudit | user=jenkins1000 | ip=192.168.69.105 | op=SEND_HEARTBEAT {datanodeUUID=6b521d90-43c4-4267-a955-3154b8383673, command=[]} | ret=SUCCESS |  
2019-09-04 03:22:43,345 | INFO  | SCMAudit | user=jenkins1000 | ip=192.168.69.105 | op=SEND_HEARTBEAT {datanodeUUID=50a57ad1-8537-401a-9ef5-5731af50f432, command=[]} | ret=SUCCESS |  
2019-09-04 03:22:43,812 | INFO  | SCMAudit | user=jenkins1000 | ip=192.168.69.105 | op=SEND_HEARTBEAT {datanodeUUID=5874772f-8d83-4395-aefd-8b53e7bb01f4, command=[]} | ret=SUCCESS |  
2019-09-04 03:22:44,009 | INFO  | SCMAudit | user=jenkins1000 | ip=192.168.69.105 | op=SEND_HEARTBEAT {datanodeUUID=84f9c2c4-73f2-4ad7-b9a8-3f333e5b0e84, command=[]} | ret=SUCCESS |  
2019-09-04 03:22:44,010 | INFO  | SCMAudit | user=jenkins1000 | ip=192.168.69.105 | op=SEND_HEARTBEAT {datanodeUUID=3895fe08-5e04-46ac-ae6d-2b942b921927, command=[]} | ret=SUCCESS |  
2019-09-04 03:22:44,016 | INFO  | SCMAudit | user=jenkins1000 | ip=192.168.69.105 | op=SEND_HEARTBEAT {datanodeUUID=524a4774-666f-452c-9a20-e87fa1e4f616, command=[]} | ret=SUCCESS |  
2019-09-04 03:22:44,039 | INFO  | SCMAudit | user=jenkins1000 | ip=192.168.69.105 | op=SEND_HEARTBEAT {datanodeUUID=3bf639f6-5176-4655-a6a8-540014321443, command=[]} | ret=SUCCESS |  
2019-09-04 03:22:44,217 [grpc-default-executor-4] INFO  client.GrpcClientProtocolClient (GrpcClientProtocolClient.java:onNext(255)) - client-81D3A7E5B111->84f9c2c4-73f2-4ad7-b9a8-3f333e5b0e84: receive RaftClientReply:client-81D3A7E5B111->84f9c2c4-73f2-4ad7-b9a8-3f333e5b0e84@group-002EB6C1B0CF, cid=45, FAILED org.apache.ratis.protocol.NotLeaderException: Server 84f9c2c4-73f2-4ad7-b9a8-3f333e5b0e84 is not the leader (3895fe08-5e04-46ac-ae6d-2b942b921927:192.168.69.105:44785). Request must be sent to leader., logIndex=0, commits[84f9c2c4-73f2-4ad7-b9a8-3f333e5b0e84:c8, 3895fe08-5e04-46ac-ae6d-2b942b921927:c8, 524a4774-666f-452c-9a20-e87fa1e4f616:c8]
2019-09-04 03:22:44,289 | INFO  | SCMAudit | user=jenkins1000 | ip=192.168.69.105 | op=SEND_HEARTBEAT {datanodeUUID=6b521d90-43c4-4267-a955-3154b8383673, command=[]} | ret=SUCCESS |  
2019-09-04 03:22:44,345 | INFO  | SCMAudit | user=jenkins1000 | ip=192.168.69.105 | op=SEND_HEARTBEAT {datanodeUUID=50a57ad1-8537-401a-9ef5-5731af50f432, command=[]} | ret=SUCCESS |  
2019-09-04 03:22:44,812 | INFO  | SCMAudit | user=jenkins1000 | ip=192.168.69.105 | op=SEND_HEARTBEAT {datanodeUUID=5874772f-8d83-4395-aefd-8b53e7bb01f4, command=[]} | ret=SUCCESS |  
2019-09-04 03:22:45,009 | INFO  | SCMAudit | user=jenkins1000 | ip=192.168.69.105 | op=SEND_HEARTBEAT {datanodeUUID=84f9c2c4-73f2-4ad7-b9a8-3f333e5b0e84, command=[]} | ret=SUCCESS |  
2019-09-04 03:22:45,010 | INFO  | SCMAudit | user=jenkins1000 | ip=192.168.69.105 | op=SEND_HEARTBEAT {datanodeUUID=3895fe08-5e04-46ac-ae6d-2b942b921927, command=[]} | ret=SUCCESS |  
2019-09-04 03:22:45,016 | INFO  | SCMAudit | user=jenkins1000 | ip=192.168.69.105 | op=SEND_HEARTBEAT {datanodeUUID=524a4774-666f-452c-9a20-e87fa1e4f616, command=[]} | ret=SUCCESS |  
2019-09-04 03:22:45,039 | INFO  | SCMAudit | user=jenkins1000 | ip=192.168.69.105 | op=SEND_HEARTBEAT {datanodeUUID=3bf639f6-5176-4655-a6a8-540014321443, command=[]} | ret=SUCCESS |  
2019-09-04 03:22:45,289 | INFO  | SCMAudit | user=jenkins1000 | ip=192.168.69.105 | op=SEND_HEARTBEAT {datanodeUUID=6b521d90-43c4-4267-a955-3154b8383673, command=[]} | ret=SUCCESS |  
2019-09-04 03:22:45,345 | INFO  | SCMAudit | user=jenkins1000 | ip=192.168.69.105 | op=SEND_HEARTBEAT {datanodeUUID=50a57ad1-8537-401a-9ef5-5731af50f432, command=[]} | ret=SUCCESS |  
2019-09-04 03:22:45,812 | INFO  | SCMAudit | user=jenkins1000 | ip=192.168.69.105 | op=SEND_HEARTBEAT {datanodeUUID=5874772f-8d83-4395-aefd-8b53e7bb01f4, command=[]} | ret=SUCCESS |  
2019-09-04 03:22:46,009 | INFO  | SCMAudit | user=jenkins1000 | ip=192.168.69.105 | op=SEND_HEARTBEAT {datanodeUUID=84f9c2c4-73f2-4ad7-b9a8-3f333e5b0e84, command=[]} | ret=SUCCESS |  
2019-09-04 03:22:46,010 | INFO  | SCMAudit | user=jenkins1000 | ip=192.168.69.105 | op=SEND_HEARTBEAT {datanodeUUID=3895fe08-5e04-46ac-ae6d-2b942b921927, command=[]} | ret=SUCCESS |  
2019-09-04 03:22:46,016 | INFO  | SCMAudit | user=jenkins1000 | ip=192.168.69.105 | op=SEND_HEARTBEAT {datanodeUUID=524a4774-666f-452c-9a20-e87fa1e4f616, command=[]} | ret=SUCCESS |  
2019-09-04 03:22:46,039 | INFO  | SCMAudit | user=jenkins1000 | ip=192.168.69.105 | op=SEND_HEARTBEAT {datanodeUUID=3bf639f6-5176-4655-a6a8-540014321443, command=[]} | ret=SUCCESS |  
2019-09-04 03:22:46,289 | INFO  | SCMAudit | user=jenkins1000 | ip=192.168.69.105 | op=SEND_HEARTBEAT {datanodeUUID=6b521d90-43c4-4267-a955-3154b8383673, command=[]} | ret=SUCCESS |  
2019-09-04 03:22:46,345 | INFO  | SCMAudit | user=jenkins1000 | ip=192.168.69.105 | op=SEND_HEARTBEAT {datanodeUUID=50a57ad1-8537-401a-9ef5-5731af50f432, command=[]} | ret=SUCCESS |  
2019-09-04 03:22:46,812 | INFO  | SCMAudit | user=jenkins1000 | ip=192.168.69.105 | op=SEND_HEARTBEAT {datanodeUUID=5874772f-8d83-4395-aefd-8b53e7bb01f4, command=[]} | ret=SUCCESS |  
2019-09-04 03:22:47,009 | INFO  | SCMAudit | user=jenkins1000 | ip=192.168.69.105 | op=SEND_HEARTBEAT {datanodeUUID=84f9c2c4-73f2-4ad7-b9a8-3f333e5b0e84, command=[]} | ret=SUCCESS |  
2019-09-04 03:22:47,010 | INFO  | SCMAudit | user=jenkins1000 | ip=192.168.69.105 | op=SEND_HEARTBEAT {datanodeUUID=3895fe08-5e04-46ac-ae6d-2b942b921927, command=[]} | ret=SUCCESS |  
2019-09-04 03:22:47,016 | INFO  | SCMAudit | user=jenkins1000 | ip=192.168.69.105 | op=SEND_HEARTBEAT {datanodeUUID=524a4774-666f-452c-9a20-e87fa1e4f616, command=[]} | ret=SUCCESS |  
2019-09-04 03:22:47,039 | INFO  | SCMAudit | user=jenkins1000 | ip=192.168.69.105 | op=SEND_HEARTBEAT {datanodeUUID=3bf639f6-5176-4655-a6a8-540014321443, command=[]} | ret=SUCCESS |  
2019-09-04 03:22:47,289 | INFO  | SCMAudit | user=jenkins1000 | ip=192.168.69.105 | op=SEND_HEARTBEAT {datanodeUUID=6b521d90-43c4-4267-a955-3154b8383673, command=[]} | ret=SUCCESS |  
2019-09-04 03:22:47,345 | INFO  | SCMAudit | user=jenkins1000 | ip=192.168.69.105 | op=SEND_HEARTBEAT {datanodeUUID=50a57ad1-8537-401a-9ef5-5731af50f432, command=[]} | ret=SUCCESS |  
2019-09-04 03:22:47,813 | INFO  | SCMAudit | user=jenkins1000 | ip=192.168.69.105 | op=SEND_HEARTBEAT {datanodeUUID=5874772f-8d83-4395-aefd-8b53e7bb01f4, command=[]} | ret=SUCCESS |  
2019-09-04 03:22:48,009 | INFO  | SCMAudit | user=jenkins1000 | ip=192.168.69.105 | op=SEND_HEARTBEAT {datanodeUUID=84f9c2c4-73f2-4ad7-b9a8-3f333e5b0e84, command=[]} | ret=SUCCESS |  
2019-09-04 03:22:48,010 | INFO  | SCMAudit | user=jenkins1000 | ip=192.168.69.105 | op=SEND_HEARTBEAT {datanodeUUID=3895fe08-5e04-46ac-ae6d-2b942b921927, command=[]} | ret=SUCCESS |  
2019-09-04 03:22:48,016 | INFO  | SCMAudit | user=jenkins1000 | ip=192.168.69.105 | op=SEND_HEARTBEAT {datanodeUUID=524a4774-666f-452c-9a20-e87fa1e4f616, command=[]} | ret=SUCCESS |  
2019-09-04 03:22:48,039 | INFO  | SCMAudit | user=jenkins1000 | ip=192.168.69.105 | op=SEND_HEARTBEAT {datanodeUUID=3bf639f6-5176-4655-a6a8-540014321443, command=[]} | ret=SUCCESS |  
2019-09-04 03:22:48,289 | INFO  | SCMAudit | user=jenkins1000 | ip=192.168.69.105 | op=SEND_HEARTBEAT {datanodeUUID=6b521d90-43c4-4267-a955-3154b8383673, command=[]} | ret=SUCCESS |  
2019-09-04 03:22:48,345 | INFO  | SCMAudit | user=jenkins1000 | ip=192.168.69.105 | op=SEND_HEARTBEAT {datanodeUUID=50a57ad1-8537-401a-9ef5-5731af50f432, command=[]} | ret=SUCCESS |  
2019-09-04 03:22:48,813 | INFO  | SCMAudit | user=jenkins1000 | ip=192.168.69.105 | op=SEND_HEARTBEAT {datanodeUUID=5874772f-8d83-4395-aefd-8b53e7bb01f4, command=[]} | ret=SUCCESS |  
2019-09-04 03:22:49,009 | INFO  | SCMAudit | user=jenkins1000 | ip=192.168.69.105 | op=SEND_HEARTBEAT {datanodeUUID=84f9c2c4-73f2-4ad7-b9a8-3f333e5b0e84, command=[]} | ret=SUCCESS |  
2019-09-04 03:22:49,010 | INFO  | SCMAudit | user=jenkins1000 | ip=192.168.69.105 | op=SEND_HEARTBEAT {datanodeUUID=3895fe08-5e04-46ac-ae6d-2b942b921927, command=[]} | ret=SUCCESS |  
2019-09-04 03:22:49,016 | INFO  | SCMAudit | user=jenkins1000 | ip=192.168.69.105 | op=SEND_HEARTBEAT {datanodeUUID=524a4774-666f-452c-9a20-e87fa1e4f616, command=[]} | ret=SUCCESS |  
2019-09-04 03:22:49,039 | INFO  | SCMAudit | user=jenkins1000 | ip=192.168.69.105 | op=SEND_HEARTBEAT {datanodeUUID=3bf639f6-5176-4655-a6a8-540014321443, command=[]} | ret=SUCCESS |  
2019-09-04 03:22:49,270 [grpc-default-executor-3] INFO  client.GrpcClientProtocolClient (GrpcClientProtocolClient.java:onNext(255)) - client-81D3A7E5B111->84f9c2c4-73f2-4ad7-b9a8-3f333e5b0e84: receive RaftClientReply:client-81D3A7E5B111->84f9c2c4-73f2-4ad7-b9a8-3f333e5b0e84@group-002EB6C1B0CF, cid=45, FAILED org.apache.ratis.protocol.NotLeaderException: Server 84f9c2c4-73f2-4ad7-b9a8-3f333e5b0e84 is not the leader (3895fe08-5e04-46ac-ae6d-2b942b921927:192.168.69.105:44785). Request must be sent to leader., logIndex=0, commits[84f9c2c4-73f2-4ad7-b9a8-3f333e5b0e84:c8, 3895fe08-5e04-46ac-ae6d-2b942b921927:c8, 524a4774-666f-452c-9a20-e87fa1e4f616:c8]
2019-09-04 03:22:49,289 | INFO  | SCMAudit | user=jenkins1000 | ip=192.168.69.105 | op=SEND_HEARTBEAT {datanodeUUID=6b521d90-43c4-4267-a955-3154b8383673, command=[]} | ret=SUCCESS |  
2019-09-04 03:22:49,345 | INFO  | SCMAudit | user=jenkins1000 | ip=192.168.69.105 | op=SEND_HEARTBEAT {datanodeUUID=50a57ad1-8537-401a-9ef5-5731af50f432, command=[]} | ret=SUCCESS |  
2019-09-04 03:22:49,813 | INFO  | SCMAudit | user=jenkins1000 | ip=192.168.69.105 | op=SEND_HEARTBEAT {datanodeUUID=5874772f-8d83-4395-aefd-8b53e7bb01f4, command=[]} | ret=SUCCESS |  
2019-09-04 03:22:50,009 | INFO  | SCMAudit | user=jenkins1000 | ip=192.168.69.105 | op=SEND_HEARTBEAT {datanodeUUID=84f9c2c4-73f2-4ad7-b9a8-3f333e5b0e84, command=[]} | ret=SUCCESS |  
2019-09-04 03:22:50,010 | INFO  | SCMAudit | user=jenkins1000 | ip=192.168.69.105 | op=SEND_HEARTBEAT {datanodeUUID=3895fe08-5e04-46ac-ae6d-2b942b921927, command=[]} | ret=SUCCESS |  
2019-09-04 03:22:50,016 | INFO  | SCMAudit | user=jenkins1000 | ip=192.168.69.105 | op=SEND_HEARTBEAT {datanodeUUID=524a4774-666f-452c-9a20-e87fa1e4f616, command=[]} | ret=SUCCESS |  
2019-09-04 03:22:50,039 | INFO  | SCMAudit | user=jenkins1000 | ip=192.168.69.105 | op=SEND_HEARTBEAT {datanodeUUID=3bf639f6-5176-4655-a6a8-540014321443, command=[]} | ret=SUCCESS |  
2019-09-04 03:22:50,289 | INFO  | SCMAudit | user=jenkins1000 | ip=192.168.69.105 | op=SEND_HEARTBEAT {datanodeUUID=6b521d90-43c4-4267-a955-3154b8383673, command=[]} | ret=SUCCESS |  
2019-09-04 03:22:50,345 | INFO  | SCMAudit | user=jenkins1000 | ip=192.168.69.105 | op=SEND_HEARTBEAT {datanodeUUID=50a57ad1-8537-401a-9ef5-5731af50f432, command=[]} | ret=SUCCESS |  
2019-09-04 03:22:50,814 | INFO  | SCMAudit | user=jenkins1000 | ip=192.168.69.105 | op=SEND_HEARTBEAT {datanodeUUID=5874772f-8d83-4395-aefd-8b53e7bb01f4, command=[]} | ret=SUCCESS |  
2019-09-04 03:22:51,010 | INFO  | SCMAudit | user=jenkins1000 | ip=192.168.69.105 | op=SEND_HEARTBEAT {datanodeUUID=84f9c2c4-73f2-4ad7-b9a8-3f333e5b0e84, command=[]} | ret=SUCCESS |  
2019-09-04 03:22:51,010 | INFO  | SCMAudit | user=jenkins1000 | ip=192.168.69.105 | op=SEND_HEARTBEAT {datanodeUUID=3895fe08-5e04-46ac-ae6d-2b942b921927, command=[]} | ret=SUCCESS |  
2019-09-04 03:22:51,016 | INFO  | SCMAudit | user=jenkins1000 | ip=192.168.69.105 | op=SEND_HEARTBEAT {datanodeUUID=524a4774-666f-452c-9a20-e87fa1e4f616, command=[]} | ret=SUCCESS |  
2019-09-04 03:22:51,039 | INFO  | SCMAudit | user=jenkins1000 | ip=192.168.69.105 | op=SEND_HEARTBEAT {datanodeUUID=3bf639f6-5176-4655-a6a8-540014321443, command=[]} | ret=SUCCESS |  
2019-09-04 03:22:51,289 | INFO  | SCMAudit | user=jenkins1000 | ip=192.168.69.105 | op=SEND_HEARTBEAT {datanodeUUID=6b521d90-43c4-4267-a955-3154b8383673, command=[]} | ret=SUCCESS |  
2019-09-04 03:22:51,346 | INFO  | SCMAudit | user=jenkins1000 | ip=192.168.69.105 | op=SEND_HEARTBEAT {datanodeUUID=50a57ad1-8537-401a-9ef5-5731af50f432, command=[]} | ret=SUCCESS |  
2019-09-04 03:22:51,814 | INFO  | SCMAudit | user=jenkins1000 | ip=192.168.69.105 | op=SEND_HEARTBEAT {datanodeUUID=5874772f-8d83-4395-aefd-8b53e7bb01f4, command=[]} | ret=SUCCESS |  
2019-09-04 03:22:52,009 | INFO  | SCMAudit | user=jenkins1000 | ip=192.168.69.105 | op=SEND_HEARTBEAT {datanodeUUID=84f9c2c4-73f2-4ad7-b9a8-3f333e5b0e84, command=[]} | ret=SUCCESS |  
2019-09-04 03:22:52,010 | INFO  | SCMAudit | user=jenkins1000 | ip=192.168.69.105 | op=SEND_HEARTBEAT {datanodeUUID=3895fe08-5e04-46ac-ae6d-2b942b921927, command=[]} | ret=SUCCESS |  
2019-09-04 03:22:52,016 | INFO  | SCMAudit | user=jenkins1000 | ip=192.168.69.105 | op=SEND_HEARTBEAT {datanodeUUID=524a4774-666f-452c-9a20-e87fa1e4f616, command=[]} | ret=SUCCESS |  
2019-09-04 03:22:52,039 | INFO  | SCMAudit | user=jenkins1000 | ip=192.168.69.105 | op=SEND_HEARTBEAT {datanodeUUID=3bf639f6-5176-4655-a6a8-540014321443, command=[]} | ret=SUCCESS |  
2019-09-04 03:22:52,289 | INFO  | SCMAudit | user=jenkins1000 | ip=192.168.69.105 | op=SEND_HEARTBEAT {datanodeUUID=6b521d90-43c4-4267-a955-3154b8383673, command=[]} | ret=SUCCESS |  
2019-09-04 03:22:52,345 | INFO  | SCMAudit | user=jenkins1000 | ip=192.168.69.105 | op=SEND_HEARTBEAT {datanodeUUID=50a57ad1-8537-401a-9ef5-5731af50f432, command=[]} | ret=SUCCESS |  
2019-09-04 03:22:52,814 | INFO  | SCMAudit | user=jenkins1000 | ip=192.168.69.105 | op=SEND_HEARTBEAT {datanodeUUID=5874772f-8d83-4395-aefd-8b53e7bb01f4, command=[]} | ret=SUCCESS |  
2019-09-04 03:22:53,009 | INFO  | SCMAudit | user=jenkins1000 | ip=192.168.69.105 | op=SEND_HEARTBEAT {datanodeUUID=84f9c2c4-73f2-4ad7-b9a8-3f333e5b0e84, command=[]} | ret=SUCCESS |  
2019-09-04 03:22:53,010 | INFO  | SCMAudit | user=jenkins1000 | ip=192.168.69.105 | op=SEND_HEARTBEAT {datanodeUUID=3895fe08-5e04-46ac-ae6d-2b942b921927, command=[]} | ret=SUCCESS |  
2019-09-04 03:22:53,016 | INFO  | SCMAudit | user=jenkins1000 | ip=192.168.69.105 | op=SEND_HEARTBEAT {datanodeUUID=524a4774-666f-452c-9a20-e87fa1e4f616, command=[]} | ret=SUCCESS |  
2019-09-04 03:22:53,039 | INFO  | SCMAudit | user=jenkins1000 | ip=192.168.69.105 | op=SEND_HEARTBEAT {datanodeUUID=3bf639f6-5176-4655-a6a8-540014321443, command=[]} | ret=SUCCESS |  
2019-09-04 03:22:53,290 | INFO  | SCMAudit | user=jenkins1000 | ip=192.168.69.105 | op=SEND_HEARTBEAT {datanodeUUID=6b521d90-43c4-4267-a955-3154b8383673, command=[]} | ret=SUCCESS |  
2019-09-04 03:22:53,345 | INFO  | SCMAudit | user=jenkins1000 | ip=192.168.69.105 | op=SEND_HEARTBEAT {datanodeUUID=50a57ad1-8537-401a-9ef5-5731af50f432, command=[]} | ret=SUCCESS |  
2019-09-04 03:22:53,815 | INFO  | SCMAudit | user=jenkins1000 | ip=192.168.69.105 | op=SEND_HEARTBEAT {datanodeUUID=5874772f-8d83-4395-aefd-8b53e7bb01f4, command=[]} | ret=SUCCESS |  
2019-09-04 03:22:54,009 | INFO  | SCMAudit | user=jenkins1000 | ip=192.168.69.105 | op=SEND_HEARTBEAT {datanodeUUID=84f9c2c4-73f2-4ad7-b9a8-3f333e5b0e84, command=[]} | ret=SUCCESS |  
2019-09-04 03:22:54,010 | INFO  | SCMAudit | user=jenkins1000 | ip=192.168.69.105 | op=SEND_HEARTBEAT {datanodeUUID=3895fe08-5e04-46ac-ae6d-2b942b921927, command=[]} | ret=SUCCESS |  
2019-09-04 03:22:54,016 | INFO  | SCMAudit | user=jenkins1000 | ip=192.168.69.105 | op=SEND_HEARTBEAT {datanodeUUID=524a4774-666f-452c-9a20-e87fa1e4f616, command=[]} | ret=SUCCESS |  
2019-09-04 03:22:54,039 | INFO  | SCMAudit | user=jenkins1000 | ip=192.168.69.105 | op=SEND_HEARTBEAT {datanodeUUID=3bf639f6-5176-4655-a6a8-540014321443, command=[]} | ret=SUCCESS |  
2019-09-04 03:22:54,290 | INFO  | SCMAudit | user=jenkins1000 | ip=192.168.69.105 | op=SEND_HEARTBEAT {datanodeUUID=6b521d90-43c4-4267-a955-3154b8383673, command=[]} | ret=SUCCESS |  
2019-09-04 03:22:54,307 [grpc-default-executor-4] INFO  client.GrpcClientProtocolClient (GrpcClientProtocolClient.java:onNext(255)) - client-81D3A7E5B111->84f9c2c4-73f2-4ad7-b9a8-3f333e5b0e84: receive RaftClientReply:client-81D3A7E5B111->84f9c2c4-73f2-4ad7-b9a8-3f333e5b0e84@group-002EB6C1B0CF, cid=45, FAILED org.apache.ratis.protocol.NotLeaderException: Server 84f9c2c4-73f2-4ad7-b9a8-3f333e5b0e84 is not the leader (3895fe08-5e04-46ac-ae6d-2b942b921927:192.168.69.105:44785). Request must be sent to leader., logIndex=0, commits[84f9c2c4-73f2-4ad7-b9a8-3f333e5b0e84:c8, 3895fe08-5e04-46ac-ae6d-2b942b921927:c8, 524a4774-666f-452c-9a20-e87fa1e4f616:c8]
2019-09-04 03:22:54,345 | INFO  | SCMAudit | user=jenkins1000 | ip=192.168.69.105 | op=SEND_HEARTBEAT {datanodeUUID=50a57ad1-8537-401a-9ef5-5731af50f432, command=[]} | ret=SUCCESS |  
2019-09-04 03:22:54,815 | INFO  | SCMAudit | user=jenkins1000 | ip=192.168.69.105 | op=SEND_HEARTBEAT {datanodeUUID=5874772f-8d83-4395-aefd-8b53e7bb01f4, command=[]} | ret=SUCCESS |  
2019-09-04 03:22:55,009 | INFO  | SCMAudit | user=jenkins1000 | ip=192.168.69.105 | op=SEND_HEARTBEAT {datanodeUUID=84f9c2c4-73f2-4ad7-b9a8-3f333e5b0e84, command=[]} | ret=SUCCESS |  
2019-09-04 03:22:55,010 | INFO  | SCMAudit | user=jenkins1000 | ip=192.168.69.105 | op=SEND_HEARTBEAT {datanodeUUID=3895fe08-5e04-46ac-ae6d-2b942b921927, command=[]} | ret=SUCCESS |  
2019-09-04 03:22:55,016 | INFO  | SCMAudit | user=jenkins1000 | ip=192.168.69.105 | op=SEND_HEARTBEAT {datanodeUUID=524a4774-666f-452c-9a20-e87fa1e4f616, command=[]} | ret=SUCCESS |  
2019-09-04 03:22:55,039 | INFO  | SCMAudit | user=jenkins1000 | ip=192.168.69.105 | op=SEND_HEARTBEAT {datanodeUUID=3bf639f6-5176-4655-a6a8-540014321443, command=[]} | ret=SUCCESS |  
2019-09-04 03:22:55,291 | INFO  | SCMAudit | user=jenkins1000 | ip=192.168.69.105 | op=SEND_HEARTBEAT {datanodeUUID=6b521d90-43c4-4267-a955-3154b8383673, command=[]} | ret=SUCCESS |  
2019-09-04 03:22:55,345 | INFO  | SCMAudit | user=jenkins1000 | ip=192.168.69.105 | op=SEND_HEARTBEAT {datanodeUUID=50a57ad1-8537-401a-9ef5-5731af50f432, command=[]} | ret=SUCCESS |  
2019-09-04 03:22:55,815 | INFO  | SCMAudit | user=jenkins1000 | ip=192.168.69.105 | op=SEND_HEARTBEAT {datanodeUUID=5874772f-8d83-4395-aefd-8b53e7bb01f4, command=[]} | ret=SUCCESS |  
2019-09-04 03:22:56,009 | INFO  | SCMAudit | user=jenkins1000 | ip=192.168.69.105 | op=SEND_HEARTBEAT {datanodeUUID=84f9c2c4-73f2-4ad7-b9a8-3f333e5b0e84, command=[]} | ret=SUCCESS |  
2019-09-04 03:22:56,011 | INFO  | SCMAudit | user=jenkins1000 | ip=192.168.69.105 | op=SEND_HEARTBEAT {datanodeUUID=3895fe08-5e04-46ac-ae6d-2b942b921927, command=[]} | ret=SUCCESS |  
2019-09-04 03:22:56,016 | INFO  | SCMAudit | user=jenkins1000 | ip=192.168.69.105 | op=SEND_HEARTBEAT {datanodeUUID=524a4774-666f-452c-9a20-e87fa1e4f616, command=[]} | ret=SUCCESS |  
2019-09-04 03:22:56,039 | INFO  | SCMAudit | user=jenkins1000 | ip=192.168.69.105 | op=SEND_HEARTBEAT {datanodeUUID=3bf639f6-5176-4655-a6a8-540014321443, command=[]} | ret=SUCCESS |  
2019-09-04 03:22:56,291 | INFO  | SCMAudit | user=jenkins1000 | ip=192.168.69.105 | op=SEND_HEARTBEAT {datanodeUUID=6b521d90-43c4-4267-a955-3154b8383673, command=[]} | ret=SUCCESS |  
2019-09-04 03:22:56,346 | INFO  | SCMAudit | user=jenkins1000 | ip=192.168.69.105 | op=SEND_HEARTBEAT {datanodeUUID=50a57ad1-8537-401a-9ef5-5731af50f432, command=[]} | ret=SUCCESS |  
2019-09-04 03:22:56,816 | INFO  | SCMAudit | user=jenkins1000 | ip=192.168.69.105 | op=SEND_HEARTBEAT {datanodeUUID=5874772f-8d83-4395-aefd-8b53e7bb01f4, command=[]} | ret=SUCCESS |  
2019-09-04 03:22:57,010 | INFO  | SCMAudit | user=jenkins1000 | ip=192.168.69.105 | op=SEND_HEARTBEAT {datanodeUUID=84f9c2c4-73f2-4ad7-b9a8-3f333e5b0e84, command=[]} | ret=SUCCESS |  
2019-09-04 03:22:57,010 | INFO  | SCMAudit | user=jenkins1000 | ip=192.168.69.105 | op=SEND_HEARTBEAT {datanodeUUID=3895fe08-5e04-46ac-ae6d-2b942b921927, command=[]} | ret=SUCCESS |  
2019-09-04 03:22:57,016 | INFO  | SCMAudit | user=jenkins1000 | ip=192.168.69.105 | op=SEND_HEARTBEAT {datanodeUUID=524a4774-666f-452c-9a20-e87fa1e4f616, command=[]} | ret=SUCCESS |  
2019-09-04 03:22:57,039 | INFO  | SCMAudit | user=jenkins1000 | ip=192.168.69.105 | op=SEND_HEARTBEAT {datanodeUUID=3bf639f6-5176-4655-a6a8-540014321443, command=[]} | ret=SUCCESS |  
2019-09-04 03:22:57,291 | INFO  | SCMAudit | user=jenkins1000 | ip=192.168.69.105 | op=SEND_HEARTBEAT {datanodeUUID=6b521d90-43c4-4267-a955-3154b8383673, command=[]} | ret=SUCCESS |  
2019-09-04 03:22:57,346 | INFO  | SCMAudit | user=jenkins1000 | ip=192.168.69.105 | op=SEND_HEARTBEAT {datanodeUUID=50a57ad1-8537-401a-9ef5-5731af50f432, command=[]} | ret=SUCCESS |  
2019-09-04 03:22:57,815 | INFO  | SCMAudit | user=jenkins1000 | ip=192.168.69.105 | op=SEND_HEARTBEAT {datanodeUUID=5874772f-8d83-4395-aefd-8b53e7bb01f4, command=[]} | ret=SUCCESS |  
2019-09-04 03:22:58,010 | INFO  | SCMAudit | user=jenkins1000 | ip=192.168.69.105 | op=SEND_HEARTBEAT {datanodeUUID=84f9c2c4-73f2-4ad7-b9a8-3f333e5b0e84, command=[]} | ret=SUCCESS |  
2019-09-04 03:22:58,010 | INFO  | SCMAudit | user=jenkins1000 | ip=192.168.69.105 | op=SEND_HEARTBEAT {datanodeUUID=3895fe08-5e04-46ac-ae6d-2b942b921927, command=[]} | ret=SUCCESS |  
2019-09-04 03:22:58,016 | INFO  | SCMAudit | user=jenkins1000 | ip=192.168.69.105 | op=SEND_HEARTBEAT {datanodeUUID=524a4774-666f-452c-9a20-e87fa1e4f616, command=[]} | ret=SUCCESS |  
2019-09-04 03:22:58,039 | INFO  | SCMAudit | user=jenkins1000 | ip=192.168.69.105 | op=SEND_HEARTBEAT {datanodeUUID=3bf639f6-5176-4655-a6a8-540014321443, command=[]} | ret=SUCCESS |  
2019-09-04 03:22:58,291 | INFO  | SCMAudit | user=jenkins1000 | ip=192.168.69.105 | op=SEND_HEARTBEAT {datanodeUUID=6b521d90-43c4-4267-a955-3154b8383673, command=[]} | ret=SUCCESS |  
2019-09-04 03:22:58,346 | INFO  | SCMAudit | user=jenkins1000 | ip=192.168.69.105 | op=SEND_HEARTBEAT {datanodeUUID=50a57ad1-8537-401a-9ef5-5731af50f432, command=[]} | ret=SUCCESS |  
2019-09-04 03:22:58,816 | INFO  | SCMAudit | user=jenkins1000 | ip=192.168.69.105 | op=SEND_HEARTBEAT {datanodeUUID=5874772f-8d83-4395-aefd-8b53e7bb01f4, command=[]} | ret=SUCCESS |  
2019-09-04 03:22:59,011 | INFO  | SCMAudit | user=jenkins1000 | ip=192.168.69.105 | op=SEND_HEARTBEAT {datanodeUUID=3895fe08-5e04-46ac-ae6d-2b942b921927, command=[]} | ret=SUCCESS |  
2019-09-04 03:22:59,011 | INFO  | SCMAudit | user=jenkins1000 | ip=192.168.69.105 | op=SEND_HEARTBEAT {datanodeUUID=84f9c2c4-73f2-4ad7-b9a8-3f333e5b0e84, command=[]} | ret=SUCCESS |  
2019-09-04 03:22:59,016 | INFO  | SCMAudit | user=jenkins1000 | ip=192.168.69.105 | op=SEND_HEARTBEAT {datanodeUUID=524a4774-666f-452c-9a20-e87fa1e4f616, command=[]} | ret=SUCCESS |  
2019-09-04 03:22:59,039 | INFO  | SCMAudit | user=jenkins1000 | ip=192.168.69.105 | op=SEND_HEARTBEAT {datanodeUUID=3bf639f6-5176-4655-a6a8-540014321443, command=[]} | ret=SUCCESS |  
2019-09-04 03:22:59,291 | INFO  | SCMAudit | user=jenkins1000 | ip=192.168.69.105 | op=SEND_HEARTBEAT {datanodeUUID=6b521d90-43c4-4267-a955-3154b8383673, command=[]} | ret=SUCCESS |  
2019-09-04 03:22:59,339 [grpc-default-executor-4] INFO  client.GrpcClientProtocolClient (GrpcClientProtocolClient.java:onNext(255)) - client-81D3A7E5B111->84f9c2c4-73f2-4ad7-b9a8-3f333e5b0e84: receive RaftClientReply:client-81D3A7E5B111->84f9c2c4-73f2-4ad7-b9a8-3f333e5b0e84@group-002EB6C1B0CF, cid=45, FAILED org.apache.ratis.protocol.NotLeaderException: Server 84f9c2c4-73f2-4ad7-b9a8-3f333e5b0e84 is not the leader (3895fe08-5e04-46ac-ae6d-2b942b921927:192.168.69.105:44785). Request must be sent to leader., logIndex=0, commits[84f9c2c4-73f2-4ad7-b9a8-3f333e5b0e84:c8, 3895fe08-5e04-46ac-ae6d-2b942b921927:c8, 524a4774-666f-452c-9a20-e87fa1e4f616:c8]
2019-09-04 03:22:59,348 | INFO  | SCMAudit | user=jenkins1000 | ip=192.168.69.105 | op=SEND_HEARTBEAT {datanodeUUID=50a57ad1-8537-401a-9ef5-5731af50f432, command=[]} | ret=SUCCESS |  
2019-09-04 03:22:59,817 | INFO  | SCMAudit | user=jenkins1000 | ip=192.168.69.105 | op=SEND_HEARTBEAT {datanodeUUID=5874772f-8d83-4395-aefd-8b53e7bb01f4, command=[]} | ret=SUCCESS |  
2019-09-04 03:23:00,010 | INFO  | SCMAudit | user=jenkins1000 | ip=192.168.69.105 | op=SEND_HEARTBEAT {datanodeUUID=3895fe08-5e04-46ac-ae6d-2b942b921927, command=[]} | ret=SUCCESS |  
2019-09-04 03:23:00,010 | INFO  | SCMAudit | user=jenkins1000 | ip=192.168.69.105 | op=SEND_HEARTBEAT {datanodeUUID=84f9c2c4-73f2-4ad7-b9a8-3f333e5b0e84, command=[]} | ret=SUCCESS |  
2019-09-04 03:23:00,016 | INFO  | SCMAudit | user=jenkins1000 | ip=192.168.69.105 | op=SEND_HEARTBEAT {datanodeUUID=524a4774-666f-452c-9a20-e87fa1e4f616, command=[]} | ret=SUCCESS |  
2019-09-04 03:23:00,039 | INFO  | SCMAudit | user=jenkins1000 | ip=192.168.69.105 | op=SEND_HEARTBEAT {datanodeUUID=3bf639f6-5176-4655-a6a8-540014321443, command=[]} | ret=SUCCESS |  
2019-09-04 03:23:00,292 | INFO  | SCMAudit | user=jenkins1000 | ip=192.168.69.105 | op=SEND_HEARTBEAT {datanodeUUID=6b521d90-43c4-4267-a955-3154b8383673, command=[]} | ret=SUCCESS |  
2019-09-04 03:23:00,346 | INFO  | SCMAudit | user=jenkins1000 | ip=192.168.69.105 | op=SEND_HEARTBEAT {datanodeUUID=50a57ad1-8537-401a-9ef5-5731af50f432, command=[]} | ret=SUCCESS |  
2019-09-04 03:23:00,816 | INFO  | SCMAudit | user=jenkins1000 | ip=192.168.69.105 | op=SEND_HEARTBEAT {datanodeUUID=5874772f-8d83-4395-aefd-8b53e7bb01f4, command=[]} | ret=SUCCESS |  
2019-09-04 03:23:01,010 | INFO  | SCMAudit | user=jenkins1000 | ip=192.168.69.105 | op=SEND_HEARTBEAT {datanodeUUID=84f9c2c4-73f2-4ad7-b9a8-3f333e5b0e84, command=[]} | ret=SUCCESS |  
2019-09-04 03:23:01,010 | INFO  | SCMAudit | user=jenkins1000 | ip=192.168.69.105 | op=SEND_HEARTBEAT {datanodeUUID=3895fe08-5e04-46ac-ae6d-2b942b921927, command=[]} | ret=SUCCESS |  
2019-09-04 03:23:01,016 | INFO  | SCMAudit | user=jenkins1000 | ip=192.168.69.105 | op=SEND_HEARTBEAT {datanodeUUID=524a4774-666f-452c-9a20-e87fa1e4f616, command=[]} | ret=SUCCESS |  
2019-09-04 03:23:01,039 | INFO  | SCMAudit | user=jenkins1000 | ip=192.168.69.105 | op=SEND_HEARTBEAT {datanodeUUID=3bf639f6-5176-4655-a6a8-540014321443, command=[]} | ret=SUCCESS |  
2019-09-04 03:23:01,291 | INFO  | SCMAudit | user=jenkins1000 | ip=192.168.69.105 | op=SEND_HEARTBEAT {datanodeUUID=6b521d90-43c4-4267-a955-3154b8383673, command=[]} | ret=SUCCESS |  
2019-09-04 03:23:01,347 | INFO  | SCMAudit | user=jenkins1000 | ip=192.168.69.105 | op=SEND_HEARTBEAT {datanodeUUID=50a57ad1-8537-401a-9ef5-5731af50f432, command=[]} | ret=SUCCESS |  
2019-09-04 03:23:01,816 | INFO  | SCMAudit | user=jenkins1000 | ip=192.168.69.105 | op=SEND_HEARTBEAT {datanodeUUID=5874772f-8d83-4395-aefd-8b53e7bb01f4, command=[]} | ret=SUCCESS |  
2019-09-04 03:23:02,010 | INFO  | SCMAudit | user=jenkins1000 | ip=192.168.69.105 | op=SEND_HEARTBEAT {datanodeUUID=84f9c2c4-73f2-4ad7-b9a8-3f333e5b0e84, command=[]} | ret=SUCCESS |  
2019-09-04 03:23:02,010 | INFO  | SCMAudit | user=jenkins1000 | ip=192.168.69.105 | op=SEND_HEARTBEAT {datanodeUUID=3895fe08-5e04-46ac-ae6d-2b942b921927, command=[]} | ret=SUCCESS |  
2019-09-04 03:23:02,016 | INFO  | SCMAudit | user=jenkins1000 | ip=192.168.69.105 | op=SEND_HEARTBEAT {datanodeUUID=524a4774-666f-452c-9a20-e87fa1e4f616, command=[]} | ret=SUCCESS |  
2019-09-04 03:23:02,039 | INFO  | SCMAudit | user=jenkins1000 | ip=192.168.69.105 | op=SEND_HEARTBEAT {datanodeUUID=3bf639f6-5176-4655-a6a8-540014321443, command=[]} | ret=SUCCESS |  
2019-09-04 03:23:02,291 | INFO  | SCMAudit | user=jenkins1000 | ip=192.168.69.105 | op=SEND_HEARTBEAT {datanodeUUID=6b521d90-43c4-4267-a955-3154b8383673, command=[]} | ret=SUCCESS |  
2019-09-04 03:23:02,347 | INFO  | SCMAudit | user=jenkins1000 | ip=192.168.69.105 | op=SEND_HEARTBEAT {datanodeUUID=50a57ad1-8537-401a-9ef5-5731af50f432, command=[]} | ret=SUCCESS |  
2019-09-04 03:23:02,816 | INFO  | SCMAudit | user=jenkins1000 | ip=192.168.69.105 | op=SEND_HEARTBEAT {datanodeUUID=5874772f-8d83-4395-aefd-8b53e7bb01f4, command=[]} | ret=SUCCESS |  
2019-09-04 03:23:03,011 | INFO  | SCMAudit | user=jenkins1000 | ip=192.168.69.105 | op=SEND_HEARTBEAT {datanodeUUID=84f9c2c4-73f2-4ad7-b9a8-3f333e5b0e84, command=[]} | ret=SUCCESS |  
2019-09-04 03:23:03,011 | INFO  | SCMAudit | user=jenkins1000 | ip=192.168.69.105 | op=SEND_HEARTBEAT {datanodeUUID=3895fe08-5e04-46ac-ae6d-2b942b921927, command=[]} | ret=SUCCESS |  
2019-09-04 03:23:03,016 | INFO  | SCMAudit | user=jenkins1000 | ip=192.168.69.105 | op=SEND_HEARTBEAT {datanodeUUID=524a4774-666f-452c-9a20-e87fa1e4f616, command=[]} | ret=SUCCESS |  
2019-09-04 03:23:03,039 | INFO  | SCMAudit | user=jenkins1000 | ip=192.168.69.105 | op=SEND_HEARTBEAT {datanodeUUID=3bf639f6-5176-4655-a6a8-540014321443, command=[]} | ret=SUCCESS |  
2019-09-04 03:23:03,291 | INFO  | SCMAudit | user=jenkins1000 | ip=192.168.69.105 | op=SEND_HEARTBEAT {datanodeUUID=6b521d90-43c4-4267-a955-3154b8383673, command=[]} | ret=SUCCESS |  
2019-09-04 03:23:03,347 | INFO  | SCMAudit | user=jenkins1000 | ip=192.168.69.105 | op=SEND_HEARTBEAT {datanodeUUID=50a57ad1-8537-401a-9ef5-5731af50f432, command=[]} | ret=SUCCESS |  
2019-09-04 03:23:03,817 | INFO  | SCMAudit | user=jenkins1000 | ip=192.168.69.105 | op=SEND_HEARTBEAT {datanodeUUID=5874772f-8d83-4395-aefd-8b53e7bb01f4, command=[]} | ret=SUCCESS |  
2019-09-04 03:23:04,011 | INFO  | SCMAudit | user=jenkins1000 | ip=192.168.69.105 | op=SEND_HEARTBEAT {datanodeUUID=3895fe08-5e04-46ac-ae6d-2b942b921927, command=[]} | ret=SUCCESS |  
2019-09-04 03:23:04,012 | INFO  | SCMAudit | user=jenkins1000 | ip=192.168.69.105 | op=SEND_HEARTBEAT {datanodeUUID=84f9c2c4-73f2-4ad7-b9a8-3f333e5b0e84, command=[]} | ret=SUCCESS |  
2019-09-04 03:23:04,017 | INFO  | SCMAudit | user=jenkins1000 | ip=192.168.69.105 | op=SEND_HEARTBEAT {datanodeUUID=524a4774-666f-452c-9a20-e87fa1e4f616, command=[]} | ret=SUCCESS |  
2019-09-04 03:23:04,039 | INFO  | SCMAudit | user=jenkins1000 | ip=192.168.69.105 | op=SEND_HEARTBEAT {datanodeUUID=3bf639f6-5176-4655-a6a8-540014321443, command=[]} | ret=SUCCESS |  
2019-09-04 03:23:04,292 | INFO  | SCMAudit | user=jenkins1000 | ip=192.168.69.105 | op=SEND_HEARTBEAT {datanodeUUID=6b521d90-43c4-4267-a955-3154b8383673, command=[]} | ret=SUCCESS |  
2019-09-04 03:23:04,348 | INFO  | SCMAudit | user=jenkins1000 | ip=192.168.69.105 | op=SEND_HEARTBEAT {datanodeUUID=50a57ad1-8537-401a-9ef5-5731af50f432, command=[]} | ret=SUCCESS |  
2019-09-04 03:23:04,370 [grpc-default-executor-3] INFO  client.GrpcClientProtocolClient (GrpcClientProtocolClient.java:onNext(255)) - client-81D3A7E5B111->84f9c2c4-73f2-4ad7-b9a8-3f333e5b0e84: receive RaftClientReply:client-81D3A7E5B111->84f9c2c4-73f2-4ad7-b9a8-3f333e5b0e84@group-002EB6C1B0CF, cid=45, FAILED org.apache.ratis.protocol.NotLeaderException: Server 84f9c2c4-73f2-4ad7-b9a8-3f333e5b0e84 is not the leader (3895fe08-5e04-46ac-ae6d-2b942b921927:192.168.69.105:44785). Request must be sent to leader., logIndex=0, commits[84f9c2c4-73f2-4ad7-b9a8-3f333e5b0e84:c8, 3895fe08-5e04-46ac-ae6d-2b942b921927:c8, 524a4774-666f-452c-9a20-e87fa1e4f616:c8]
2019-09-04 03:23:04,816 | INFO  | SCMAudit | user=jenkins1000 | ip=192.168.69.105 | op=SEND_HEARTBEAT {datanodeUUID=5874772f-8d83-4395-aefd-8b53e7bb01f4, command=[]} | ret=SUCCESS |  
2019-09-04 03:23:05,011 | INFO  | SCMAudit | user=jenkins1000 | ip=192.168.69.105 | op=SEND_HEARTBEAT {datanodeUUID=84f9c2c4-73f2-4ad7-b9a8-3f333e5b0e84, command=[]} | ret=SUCCESS |  
2019-09-04 03:23:05,011 | INFO  | SCMAudit | user=jenkins1000 | ip=192.168.69.105 | op=SEND_HEARTBEAT {datanodeUUID=3895fe08-5e04-46ac-ae6d-2b942b921927, command=[]} | ret=SUCCESS |  
2019-09-04 03:23:05,018 | INFO  | SCMAudit | user=jenkins1000 | ip=192.168.69.105 | op=SEND_HEARTBEAT {datanodeUUID=524a4774-666f-452c-9a20-e87fa1e4f616, command=[]} | ret=SUCCESS |  
2019-09-04 03:23:05,039 | INFO  | SCMAudit | user=jenkins1000 | ip=192.168.69.105 | op=SEND_HEARTBEAT {datanodeUUID=3bf639f6-5176-4655-a6a8-540014321443, command=[]} | ret=SUCCESS |  
2019-09-04 03:23:05,291 | INFO  | SCMAudit | user=jenkins1000 | ip=192.168.69.105 | op=SEND_HEARTBEAT {datanodeUUID=6b521d90-43c4-4267-a955-3154b8383673, command=[]} | ret=SUCCESS |  
2019-09-04 03:23:05,347 | INFO  | SCMAudit | user=jenkins1000 | ip=192.168.69.105 | op=SEND_HEARTBEAT {datanodeUUID=50a57ad1-8537-401a-9ef5-5731af50f432, command=[]} | ret=SUCCESS |  
2019-09-04 03:23:05,817 | INFO  | SCMAudit | user=jenkins1000 | ip=192.168.69.105 | op=SEND_HEARTBEAT {datanodeUUID=5874772f-8d83-4395-aefd-8b53e7bb01f4, command=[]} | ret=SUCCESS |  
2019-09-04 03:23:06,011 | INFO  | SCMAudit | user=jenkins1000 | ip=192.168.69.105 | op=SEND_HEARTBEAT {datanodeUUID=84f9c2c4-73f2-4ad7-b9a8-3f333e5b0e84, command=[]} | ret=SUCCESS |  
2019-09-04 03:23:06,012 | INFO  | SCMAudit | user=jenkins1000 | ip=192.168.69.105 | op=SEND_HEARTBEAT {datanodeUUID=3895fe08-5e04-46ac-ae6d-2b942b921927, command=[]} | ret=SUCCESS |  
2019-09-04 03:23:06,019 | INFO  | SCMAudit | user=jenkins1000 | ip=192.168.69.105 | op=SEND_HEARTBEAT {datanodeUUID=524a4774-666f-452c-9a20-e87fa1e4f616, command=[]} | ret=SUCCESS |  
2019-09-04 03:23:06,039 | INFO  | SCMAudit | user=jenkins1000 | ip=192.168.69.105 | op=SEND_HEARTBEAT {datanodeUUID=3bf639f6-5176-4655-a6a8-540014321443, command=[]} | ret=SUCCESS |  
2019-09-04 03:23:06,291 | INFO  | SCMAudit | user=jenkins1000 | ip=192.168.69.105 | op=SEND_HEARTBEAT {datanodeUUID=6b521d90-43c4-4267-a955-3154b8383673, command=[]} | ret=SUCCESS |  
2019-09-04 03:23:06,347 | INFO  | SCMAudit | user=jenkins1000 | ip=192.168.69.105 | op=SEND_HEARTBEAT {datanodeUUID=50a57ad1-8537-401a-9ef5-5731af50f432, command=[]} | ret=SUCCESS |  
2019-09-04 03:23:06,817 | INFO  | SCMAudit | user=jenkins1000 | ip=192.168.69.105 | op=SEND_HEARTBEAT {datanodeUUID=5874772f-8d83-4395-aefd-8b53e7bb01f4, command=[]} | ret=SUCCESS |  
2019-09-04 03:23:07,012 | INFO  | SCMAudit | user=jenkins1000 | ip=192.168.69.105 | op=SEND_HEARTBEAT {datanodeUUID=84f9c2c4-73f2-4ad7-b9a8-3f333e5b0e84, command=[]} | ret=SUCCESS |  
2019-09-04 03:23:07,012 | INFO  | SCMAudit | user=jenkins1000 | ip=192.168.69.105 | op=SEND_HEARTBEAT {datanodeUUID=3895fe08-5e04-46ac-ae6d-2b942b921927, command=[]} | ret=SUCCESS |  
2019-09-04 03:23:07,023 | INFO  | SCMAudit | user=jenkins1000 | ip=192.168.69.105 | op=SEND_HEARTBEAT {datanodeUUID=524a4774-666f-452c-9a20-e87fa1e4f616, command=[]} | ret=SUCCESS |  
2019-09-04 03:23:07,039 | INFO  | SCMAudit | user=jenkins1000 | ip=192.168.69.105 | op=SEND_HEARTBEAT {datanodeUUID=3bf639f6-5176-4655-a6a8-540014321443, command=[]} | ret=SUCCESS |  
2019-09-04 03:23:07,292 | INFO  | SCMAudit | user=jenkins1000 | ip=192.168.69.105 | op=SEND_HEARTBEAT {datanodeUUID=6b521d90-43c4-4267-a955-3154b8383673, command=[]} | ret=SUCCESS |  
2019-09-04 03:23:07,347 | INFO  | SCMAudit | user=jenkins1000 | ip=192.168.69.105 | op=SEND_HEARTBEAT {datanodeUUID=50a57ad1-8537-401a-9ef5-5731af50f432, command=[]} | ret=SUCCESS |  
2019-09-04 03:23:07,817 | INFO  | SCMAudit | user=jenkins1000 | ip=192.168.69.105 | op=SEND_HEARTBEAT {datanodeUUID=5874772f-8d83-4395-aefd-8b53e7bb01f4, command=[]} | ret=SUCCESS |  
2019-09-04 03:23:08,011 | INFO  | SCMAudit | user=jenkins1000 | ip=192.168.69.105 | op=SEND_HEARTBEAT {datanodeUUID=84f9c2c4-73f2-4ad7-b9a8-3f333e5b0e84, command=[]} | ret=SUCCESS |  
2019-09-04 03:23:08,012 | INFO  | SCMAudit | user=jenkins1000 | ip=192.168.69.105 | op=SEND_HEARTBEAT {datanodeUUID=3895fe08-5e04-46ac-ae6d-2b942b921927, command=[]} | ret=SUCCESS |  
2019-09-04 03:23:08,023 | INFO  | SCMAudit | user=jenkins1000 | ip=192.168.69.105 | op=SEND_HEARTBEAT {datanodeUUID=524a4774-666f-452c-9a20-e87fa1e4f616, command=[]} | ret=SUCCESS |  
2019-09-04 03:23:08,039 | INFO  | SCMAudit | user=jenkins1000 | ip=192.168.69.105 | op=SEND_HEARTBEAT {datanodeUUID=3bf639f6-5176-4655-a6a8-540014321443, command=[]} | ret=SUCCESS |  
2019-09-04 03:23:08,291 | INFO  | SCMAudit | user=jenkins1000 | ip=192.168.69.105 | op=SEND_HEARTBEAT {datanodeUUID=6b521d90-43c4-4267-a955-3154b8383673, command=[]} | ret=SUCCESS |  
2019-09-04 03:23:08,348 | INFO  | SCMAudit | user=jenkins1000 | ip=192.168.69.105 | op=SEND_HEARTBEAT {datanodeUUID=50a57ad1-8537-401a-9ef5-5731af50f432, command=[]} | ret=SUCCESS |  
2019-09-04 03:23:08,817 | INFO  | SCMAudit | user=jenkins1000 | ip=192.168.69.105 | op=SEND_HEARTBEAT {datanodeUUID=5874772f-8d83-4395-aefd-8b53e7bb01f4, command=[]} | ret=SUCCESS |  
2019-09-04 03:23:09,012 | INFO  | SCMAudit | user=jenkins1000 | ip=192.168.69.105 | op=SEND_HEARTBEAT {datanodeUUID=84f9c2c4-73f2-4ad7-b9a8-3f333e5b0e84, command=[]} | ret=SUCCESS |  
2019-09-04 03:23:09,012 | INFO  | SCMAudit | user=jenkins1000 | ip=192.168.69.105 | op=SEND_HEARTBEAT {datanodeUUID=3895fe08-5e04-46ac-ae6d-2b942b921927, command=[]} | ret=SUCCESS |  
2019-09-04 03:23:09,024 | INFO  | SCMAudit | user=jenkins1000 | ip=192.168.69.105 | op=SEND_HEARTBEAT {datanodeUUID=524a4774-666f-452c-9a20-e87fa1e4f616, command=[]} | ret=SUCCESS |  
2019-09-04 03:23:09,039 | INFO  | SCMAudit | user=jenkins1000 | ip=192.168.69.105 | op=SEND_HEARTBEAT {datanodeUUID=3bf639f6-5176-4655-a6a8-540014321443, command=[]} | ret=SUCCESS |  
2019-09-04 03:23:09,291 | INFO  | SCMAudit | user=jenkins1000 | ip=192.168.69.105 | op=SEND_HEARTBEAT {datanodeUUID=6b521d90-43c4-4267-a955-3154b8383673, command=[]} | ret=SUCCESS |  
2019-09-04 03:23:09,348 | INFO  | SCMAudit | user=jenkins1000 | ip=192.168.69.105 | op=SEND_HEARTBEAT {datanodeUUID=50a57ad1-8537-401a-9ef5-5731af50f432, command=[]} | ret=SUCCESS |  
2019-09-04 03:23:09,403 [grpc-default-executor-3] INFO  client.GrpcClientProtocolClient (GrpcClientProtocolClient.java:onNext(255)) - client-81D3A7E5B111->524a4774-666f-452c-9a20-e87fa1e4f616: receive RaftClientReply:client-81D3A7E5B111->524a4774-666f-452c-9a20-e87fa1e4f616@group-002EB6C1B0CF, cid=45, FAILED org.apache.ratis.protocol.NotLeaderException: Server 524a4774-666f-452c-9a20-e87fa1e4f616 is not the leader (3895fe08-5e04-46ac-ae6d-2b942b921927:192.168.69.105:44785). Request must be sent to leader., logIndex=0, commits[524a4774-666f-452c-9a20-e87fa1e4f616:c8, 3895fe08-5e04-46ac-ae6d-2b942b921927:c8, 84f9c2c4-73f2-4ad7-b9a8-3f333e5b0e84:c8]
2019-09-04 03:23:09,818 | INFO  | SCMAudit | user=jenkins1000 | ip=192.168.69.105 | op=SEND_HEARTBEAT {datanodeUUID=5874772f-8d83-4395-aefd-8b53e7bb01f4, command=[]} | ret=SUCCESS |  
2019-09-04 03:23:10,011 | INFO  | SCMAudit | user=jenkins1000 | ip=192.168.69.105 | op=SEND_HEARTBEAT {datanodeUUID=84f9c2c4-73f2-4ad7-b9a8-3f333e5b0e84, command=[]} | ret=SUCCESS |  
2019-09-04 03:23:10,012 | INFO  | SCMAudit | user=jenkins1000 | ip=192.168.69.105 | op=SEND_HEARTBEAT {datanodeUUID=3895fe08-5e04-46ac-ae6d-2b942b921927, command=[]} | ret=SUCCESS |  
2019-09-04 03:23:10,024 | INFO  | SCMAudit | user=jenkins1000 | ip=192.168.69.105 | op=SEND_HEARTBEAT {datanodeUUID=524a4774-666f-452c-9a20-e87fa1e4f616, command=[]} | ret=SUCCESS |  
2019-09-04 03:23:10,039 | INFO  | SCMAudit | user=jenkins1000 | ip=192.168.69.105 | op=SEND_HEARTBEAT {datanodeUUID=3bf639f6-5176-4655-a6a8-540014321443, command=[]} | ret=SUCCESS |  
2019-09-04 03:23:10,291 | INFO  | SCMAudit | user=jenkins1000 | ip=192.168.69.105 | op=SEND_HEARTBEAT {datanodeUUID=6b521d90-43c4-4267-a955-3154b8383673, command=[]} | ret=SUCCESS |  
2019-09-04 03:23:10,349 | INFO  | SCMAudit | user=jenkins1000 | ip=192.168.69.105 | op=SEND_HEARTBEAT {datanodeUUID=50a57ad1-8537-401a-9ef5-5731af50f432, command=[]} | ret=SUCCESS |  
2019-09-04 03:23:10,819 | INFO  | SCMAudit | user=jenkins1000 | ip=192.168.69.105 | op=SEND_HEARTBEAT {datanodeUUID=5874772f-8d83-4395-aefd-8b53e7bb01f4, command=[]} | ret=SUCCESS |  
2019-09-04 03:23:11,011 | INFO  | SCMAudit | user=jenkins1000 | ip=192.168.69.105 | op=SEND_HEARTBEAT {datanodeUUID=84f9c2c4-73f2-4ad7-b9a8-3f333e5b0e84, command=[]} | ret=SUCCESS |  
2019-09-04 03:23:11,012 | INFO  | SCMAudit | user=jenkins1000 | ip=192.168.69.105 | op=SEND_HEARTBEAT {datanodeUUID=3895fe08-5e04-46ac-ae6d-2b942b921927, command=[]} | ret=SUCCESS |  
2019-09-04 03:23:11,024 | INFO  | SCMAudit | user=jenkins1000 | ip=192.168.69.105 | op=SEND_HEARTBEAT {datanodeUUID=524a4774-666f-452c-9a20-e87fa1e4f616, command=[]} | ret=SUCCESS |  
2019-09-04 03:23:11,039 | INFO  | SCMAudit | user=jenkins1000 | ip=192.168.69.105 | op=SEND_HEARTBEAT {datanodeUUID=3bf639f6-5176-4655-a6a8-540014321443, command=[]} | ret=SUCCESS |  
2019-09-04 03:23:11,292 | INFO  | SCMAudit | user=jenkins1000 | ip=192.168.69.105 | op=SEND_HEARTBEAT {datanodeUUID=6b521d90-43c4-4267-a955-3154b8383673, command=[]} | ret=SUCCESS |  
2019-09-04 03:23:11,348 | INFO  | SCMAudit | user=jenkins1000 | ip=192.168.69.105 | op=SEND_HEARTBEAT {datanodeUUID=50a57ad1-8537-401a-9ef5-5731af50f432, command=[]} | ret=SUCCESS |  
2019-09-04 03:23:11,819 | INFO  | SCMAudit | user=jenkins1000 | ip=192.168.69.105 | op=SEND_HEARTBEAT {datanodeUUID=5874772f-8d83-4395-aefd-8b53e7bb01f4, command=[]} | ret=SUCCESS |  
2019-09-04 03:23:12,011 | INFO  | SCMAudit | user=jenkins1000 | ip=192.168.69.105 | op=SEND_HEARTBEAT {datanodeUUID=84f9c2c4-73f2-4ad7-b9a8-3f333e5b0e84, command=[]} | ret=SUCCESS |  
2019-09-04 03:23:12,012 | INFO  | SCMAudit | user=jenkins1000 | ip=192.168.69.105 | op=SEND_HEARTBEAT {datanodeUUID=3895fe08-5e04-46ac-ae6d-2b942b921927, command=[]} | ret=SUCCESS |  
2019-09-04 03:23:12,024 | INFO  | SCMAudit | user=jenkins1000 | ip=192.168.69.105 | op=SEND_HEARTBEAT {datanodeUUID=524a4774-666f-452c-9a20-e87fa1e4f616, command=[]} | ret=SUCCESS |  
2019-09-04 03:23:12,039 | INFO  | SCMAudit | user=jenkins1000 | ip=192.168.69.105 | op=SEND_HEARTBEAT {datanodeUUID=3bf639f6-5176-4655-a6a8-540014321443, command=[]} | ret=SUCCESS |  
2019-09-04 03:23:12,291 | INFO  | SCMAudit | user=jenkins1000 | ip=192.168.69.105 | op=SEND_HEARTBEAT {datanodeUUID=6b521d90-43c4-4267-a955-3154b8383673, command=[]} | ret=SUCCESS |  
2019-09-04 03:23:12,348 | INFO  | SCMAudit | user=jenkins1000 | ip=192.168.69.105 | op=SEND_HEARTBEAT {datanodeUUID=50a57ad1-8537-401a-9ef5-5731af50f432, command=[]} | ret=SUCCESS |  
2019-09-04 03:23:12,819 | INFO  | SCMAudit | user=jenkins1000 | ip=192.168.69.105 | op=SEND_HEARTBEAT {datanodeUUID=5874772f-8d83-4395-aefd-8b53e7bb01f4, command=[]} | ret=SUCCESS |  
2019-09-04 03:23:13,011 | INFO  | SCMAudit | user=jenkins1000 | ip=192.168.69.105 | op=SEND_HEARTBEAT {datanodeUUID=84f9c2c4-73f2-4ad7-b9a8-3f333e5b0e84, command=[]} | ret=SUCCESS |  
2019-09-04 03:23:13,013 | INFO  | SCMAudit | user=jenkins1000 | ip=192.168.69.105 | op=SEND_HEARTBEAT {datanodeUUID=3895fe08-5e04-46ac-ae6d-2b942b921927, command=[]} | ret=SUCCESS |  
2019-09-04 03:23:13,025 | INFO  | SCMAudit | user=jenkins1000 | ip=192.168.69.105 | op=SEND_HEARTBEAT {datanodeUUID=524a4774-666f-452c-9a20-e87fa1e4f616, command=[]} | ret=SUCCESS |  
2019-09-04 03:23:13,039 | INFO  | SCMAudit | user=jenkins1000 | ip=192.168.69.105 | op=SEND_HEARTBEAT {datanodeUUID=3bf639f6-5176-4655-a6a8-540014321443, command=[]} | ret=SUCCESS |  
2019-09-04 03:23:13,291 | INFO  | SCMAudit | user=jenkins1000 | ip=192.168.69.105 | op=SEND_HEARTBEAT {datanodeUUID=6b521d90-43c4-4267-a955-3154b8383673, command=[]} | ret=SUCCESS |  
2019-09-04 03:23:13,349 | INFO  | SCMAudit | user=jenkins1000 | ip=192.168.69.105 | op=SEND_HEARTBEAT {datanodeUUID=50a57ad1-8537-401a-9ef5-5731af50f432, command=[]} | ret=SUCCESS |  
2019-09-04 03:23:13,820 | INFO  | SCMAudit | user=jenkins1000 | ip=192.168.69.105 | op=SEND_HEARTBEAT {datanodeUUID=5874772f-8d83-4395-aefd-8b53e7bb01f4, command=[]} | ret=SUCCESS |  
2019-09-04 03:23:14,012 | INFO  | SCMAudit | user=jenkins1000 | ip=192.168.69.105 | op=SEND_HEARTBEAT {datanodeUUID=84f9c2c4-73f2-4ad7-b9a8-3f333e5b0e84, command=[]} | ret=SUCCESS |  
2019-09-04 03:23:14,013 | INFO  | SCMAudit | user=jenkins1000 | ip=192.168.69.105 | op=SEND_HEARTBEAT {datanodeUUID=3895fe08-5e04-46ac-ae6d-2b942b921927, command=[]} | ret=SUCCESS |  
2019-09-04 03:23:14,024 | INFO  | SCMAudit | user=jenkins1000 | ip=192.168.69.105 | op=SEND_HEARTBEAT {datanodeUUID=524a4774-666f-452c-9a20-e87fa1e4f616, command=[]} | ret=SUCCESS |  
2019-09-04 03:23:14,039 | INFO  | SCMAudit | user=jenkins1000 | ip=192.168.69.105 | op=SEND_HEARTBEAT {datanodeUUID=3bf639f6-5176-4655-a6a8-540014321443, command=[]} | ret=SUCCESS |  
2019-09-04 03:23:14,292 | INFO  | SCMAudit | user=jenkins1000 | ip=192.168.69.105 | op=SEND_HEARTBEAT {datanodeUUID=6b521d90-43c4-4267-a955-3154b8383673, command=[]} | ret=SUCCESS |  
2019-09-04 03:23:14,348 | INFO  | SCMAudit | user=jenkins1000 | ip=192.168.69.105 | op=SEND_HEARTBEAT {datanodeUUID=50a57ad1-8537-401a-9ef5-5731af50f432, command=[]} | ret=SUCCESS |  
2019-09-04 03:23:14,449 [grpc-default-executor-3] INFO  client.GrpcClientProtocolClient (GrpcClientProtocolClient.java:onNext(255)) - client-81D3A7E5B111->524a4774-666f-452c-9a20-e87fa1e4f616: receive RaftClientReply:client-81D3A7E5B111->524a4774-666f-452c-9a20-e87fa1e4f616@group-002EB6C1B0CF, cid=45, FAILED org.apache.ratis.protocol.NotLeaderException: Server 524a4774-666f-452c-9a20-e87fa1e4f616 is not the leader (3895fe08-5e04-46ac-ae6d-2b942b921927:192.168.69.105:44785). Request must be sent to leader., logIndex=0, commits[524a4774-666f-452c-9a20-e87fa1e4f616:c8, 3895fe08-5e04-46ac-ae6d-2b942b921927:c8, 84f9c2c4-73f2-4ad7-b9a8-3f333e5b0e84:c8]
2019-09-04 03:23:14,819 | INFO  | SCMAudit | user=jenkins1000 | ip=192.168.69.105 | op=SEND_HEARTBEAT {datanodeUUID=5874772f-8d83-4395-aefd-8b53e7bb01f4, command=[]} | ret=SUCCESS |  
2019-09-04 03:23:15,011 | INFO  | SCMAudit | user=jenkins1000 | ip=192.168.69.105 | op=SEND_HEARTBEAT {datanodeUUID=84f9c2c4-73f2-4ad7-b9a8-3f333e5b0e84, command=[]} | ret=SUCCESS |  
2019-09-04 03:23:15,013 | INFO  | SCMAudit | user=jenkins1000 | ip=192.168.69.105 | op=SEND_HEARTBEAT {datanodeUUID=3895fe08-5e04-46ac-ae6d-2b942b921927, command=[]} | ret=SUCCESS |  
2019-09-04 03:23:15,024 | INFO  | SCMAudit | user=jenkins1000 | ip=192.168.69.105 | op=SEND_HEARTBEAT {datanodeUUID=524a4774-666f-452c-9a20-e87fa1e4f616, command=[]} | ret=SUCCESS |  
2019-09-04 03:23:15,039 | INFO  | SCMAudit | user=jenkins1000 | ip=192.168.69.105 | op=SEND_HEARTBEAT {datanodeUUID=3bf639f6-5176-4655-a6a8-540014321443, command=[]} | ret=SUCCESS |  
2019-09-04 03:23:15,291 | INFO  | SCMAudit | user=jenkins1000 | ip=192.168.69.105 | op=SEND_HEARTBEAT {datanodeUUID=6b521d90-43c4-4267-a955-3154b8383673, command=[]} | ret=SUCCESS |  
2019-09-04 03:23:15,348 | INFO  | SCMAudit | user=jenkins1000 | ip=192.168.69.105 | op=SEND_HEARTBEAT {datanodeUUID=50a57ad1-8537-401a-9ef5-5731af50f432, command=[]} | ret=SUCCESS |  
2019-09-04 03:23:15,819 | INFO  | SCMAudit | user=jenkins1000 | ip=192.168.69.105 | op=SEND_HEARTBEAT {datanodeUUID=5874772f-8d83-4395-aefd-8b53e7bb01f4, command=[]} | ret=SUCCESS |  
2019-09-04 03:23:16,011 | INFO  | SCMAudit | user=jenkins1000 | ip=192.168.69.105 | op=SEND_HEARTBEAT {datanodeUUID=84f9c2c4-73f2-4ad7-b9a8-3f333e5b0e84, command=[]} | ret=SUCCESS |  
2019-09-04 03:23:16,013 | INFO  | SCMAudit | user=jenkins1000 | ip=192.168.69.105 | op=SEND_HEARTBEAT {datanodeUUID=3895fe08-5e04-46ac-ae6d-2b942b921927, command=[]} | ret=SUCCESS |  
2019-09-04 03:23:16,024 | INFO  | SCMAudit | user=jenkins1000 | ip=192.168.69.105 | op=SEND_HEARTBEAT {datanodeUUID=524a4774-666f-452c-9a20-e87fa1e4f616, command=[]} | ret=SUCCESS |  
2019-09-04 03:23:16,039 | INFO  | SCMAudit | user=jenkins1000 | ip=192.168.69.105 | op=SEND_HEARTBEAT {datanodeUUID=3bf639f6-5176-4655-a6a8-540014321443, command=[]} | ret=SUCCESS |  
2019-09-04 03:23:16,291 | INFO  | SCMAudit | user=jenkins1000 | ip=192.168.69.105 | op=SEND_HEARTBEAT {datanodeUUID=6b521d90-43c4-4267-a955-3154b8383673, command=[]} | ret=SUCCESS |  
2019-09-04 03:23:16,349 | INFO  | SCMAudit | user=jenkins1000 | ip=192.168.69.105 | op=SEND_HEARTBEAT {datanodeUUID=50a57ad1-8537-401a-9ef5-5731af50f432, command=[]} | ret=SUCCESS |  
2019-09-04 03:23:16,820 | INFO  | SCMAudit | user=jenkins1000 | ip=192.168.69.105 | op=SEND_HEARTBEAT {datanodeUUID=5874772f-8d83-4395-aefd-8b53e7bb01f4, command=[]} | ret=SUCCESS |  
2019-09-04 03:23:17,012 | INFO  | SCMAudit | user=jenkins1000 | ip=192.168.69.105 | op=SEND_HEARTBEAT {datanodeUUID=84f9c2c4-73f2-4ad7-b9a8-3f333e5b0e84, command=[]} | ret=SUCCESS |  
2019-09-04 03:23:17,013 | INFO  | SCMAudit | user=jenkins1000 | ip=192.168.69.105 | op=SEND_HEARTBEAT {datanodeUUID=3895fe08-5e04-46ac-ae6d-2b942b921927, command=[]} | ret=SUCCESS |  
2019-09-04 03:23:17,024 | INFO  | SCMAudit | user=jenkins1000 | ip=192.168.69.105 | op=SEND_HEARTBEAT {datanodeUUID=524a4774-666f-452c-9a20-e87fa1e4f616, command=[]} | ret=SUCCESS |  
2019-09-04 03:23:17,039 | INFO  | SCMAudit | user=jenkins1000 | ip=192.168.69.105 | op=SEND_HEARTBEAT {datanodeUUID=3bf639f6-5176-4655-a6a8-540014321443, command=[]} | ret=SUCCESS |  
2019-09-04 03:23:17,291 | INFO  | SCMAudit | user=jenkins1000 | ip=192.168.69.105 | op=SEND_HEARTBEAT {datanodeUUID=6b521d90-43c4-4267-a955-3154b8383673, command=[]} | ret=SUCCESS |  
2019-09-04 03:23:17,349 | INFO  | SCMAudit | user=jenkins1000 | ip=192.168.69.105 | op=SEND_HEARTBEAT {datanodeUUID=50a57ad1-8537-401a-9ef5-5731af50f432, command=[]} | ret=SUCCESS |  
2019-09-04 03:23:17,819 | INFO  | SCMAudit | user=jenkins1000 | ip=192.168.69.105 | op=SEND_HEARTBEAT {datanodeUUID=5874772f-8d83-4395-aefd-8b53e7bb01f4, command=[]} | ret=SUCCESS |  
2019-09-04 03:23:18,011 | INFO  | SCMAudit | user=jenkins1000 | ip=192.168.69.105 | op=SEND_HEARTBEAT {datanodeUUID=84f9c2c4-73f2-4ad7-b9a8-3f333e5b0e84, command=[]} | ret=SUCCESS |  
2019-09-04 03:23:18,013 | INFO  | SCMAudit | user=jenkins1000 | ip=192.168.69.105 | op=SEND_HEARTBEAT {datanodeUUID=3895fe08-5e04-46ac-ae6d-2b942b921927, command=[]} | ret=SUCCESS |  
2019-09-04 03:23:18,024 | INFO  | SCMAudit | user=jenkins1000 | ip=192.168.69.105 | op=SEND_HEARTBEAT {datanodeUUID=524a4774-666f-452c-9a20-e87fa1e4f616, command=[]} | ret=SUCCESS |  
2019-09-04 03:23:18,039 | INFO  | SCMAudit | user=jenkins1000 | ip=192.168.69.105 | op=SEND_HEARTBEAT {datanodeUUID=3bf639f6-5176-4655-a6a8-540014321443, command=[]} | ret=SUCCESS |  
2019-09-04 03:23:18,291 | INFO  | SCMAudit | user=jenkins1000 | ip=192.168.69.105 | op=SEND_HEARTBEAT {datanodeUUID=6b521d90-43c4-4267-a955-3154b8383673, command=[]} | ret=SUCCESS |  
2019-09-04 03:23:18,350 | INFO  | SCMAudit | user=jenkins1000 | ip=192.168.69.105 | op=SEND_HEARTBEAT {datanodeUUID=50a57ad1-8537-401a-9ef5-5731af50f432, command=[]} | ret=SUCCESS |  
2019-09-04 03:23:18,820 | INFO  | SCMAudit | user=jenkins1000 | ip=192.168.69.105 | op=SEND_HEARTBEAT {datanodeUUID=5874772f-8d83-4395-aefd-8b53e7bb01f4, command=[]} | ret=SUCCESS |  
2019-09-04 03:23:19,011 | INFO  | SCMAudit | user=jenkins1000 | ip=192.168.69.105 | op=SEND_HEARTBEAT {datanodeUUID=84f9c2c4-73f2-4ad7-b9a8-3f333e5b0e84, command=[]} | ret=SUCCESS |  
2019-09-04 03:23:19,013 | INFO  | SCMAudit | user=jenkins1000 | ip=192.168.69.105 | op=SEND_HEARTBEAT {datanodeUUID=3895fe08-5e04-46ac-ae6d-2b942b921927, command=[]} | ret=SUCCESS |  
2019-09-04 03:23:19,024 | INFO  | SCMAudit | user=jenkins1000 | ip=192.168.69.105 | op=SEND_HEARTBEAT {datanodeUUID=524a4774-666f-452c-9a20-e87fa1e4f616, command=[]} | ret=SUCCESS |  
2019-09-04 03:23:19,039 | INFO  | SCMAudit | user=jenkins1000 | ip=192.168.69.105 | op=SEND_HEARTBEAT {datanodeUUID=3bf639f6-5176-4655-a6a8-540014321443, command=[]} | ret=SUCCESS |  
2019-09-04 03:23:19,291 | INFO  | SCMAudit | user=jenkins1000 | ip=192.168.69.105 | op=SEND_HEARTBEAT {datanodeUUID=6b521d90-43c4-4267-a955-3154b8383673, command=[]} | ret=SUCCESS |  
2019-09-04 03:23:19,349 | INFO  | SCMAudit | user=jenkins1000 | ip=192.168.69.105 | op=SEND_HEARTBEAT {datanodeUUID=50a57ad1-8537-401a-9ef5-5731af50f432, command=[]} | ret=SUCCESS |  
2019-09-04 03:23:19,481 [grpc-default-executor-3] INFO  client.GrpcClientProtocolClient (GrpcClientProtocolClient.java:onNext(255)) - client-81D3A7E5B111->84f9c2c4-73f2-4ad7-b9a8-3f333e5b0e84: receive RaftClientReply:client-81D3A7E5B111->84f9c2c4-73f2-4ad7-b9a8-3f333e5b0e84@group-002EB6C1B0CF, cid=45, FAILED org.apache.ratis.protocol.NotLeaderException: Server 84f9c2c4-73f2-4ad7-b9a8-3f333e5b0e84 is not the leader (3895fe08-5e04-46ac-ae6d-2b942b921927:192.168.69.105:44785). Request must be sent to leader., logIndex=0, commits[84f9c2c4-73f2-4ad7-b9a8-3f333e5b0e84:c8, 3895fe08-5e04-46ac-ae6d-2b942b921927:c8, 524a4774-666f-452c-9a20-e87fa1e4f616:c8]
2019-09-04 03:23:19,819 | INFO  | SCMAudit | user=jenkins1000 | ip=192.168.69.105 | op=SEND_HEARTBEAT {datanodeUUID=5874772f-8d83-4395-aefd-8b53e7bb01f4, command=[]} | ret=SUCCESS |  
2019-09-04 03:23:20,012 | INFO  | SCMAudit | user=jenkins1000 | ip=192.168.69.105 | op=SEND_HEARTBEAT {datanodeUUID=84f9c2c4-73f2-4ad7-b9a8-3f333e5b0e84, command=[]} | ret=SUCCESS |  
2019-09-04 03:23:20,013 | INFO  | SCMAudit | user=jenkins1000 | ip=192.168.69.105 | op=SEND_HEARTBEAT {datanodeUUID=3895fe08-5e04-46ac-ae6d-2b942b921927, command=[]} | ret=SUCCESS |  
2019-09-04 03:23:20,024 | INFO  | SCMAudit | user=jenkins1000 | ip=192.168.69.105 | op=SEND_HEARTBEAT {datanodeUUID=524a4774-666f-452c-9a20-e87fa1e4f616, command=[]} | ret=SUCCESS |  
2019-09-04 03:23:20,039 | INFO  | SCMAudit | user=jenkins1000 | ip=192.168.69.105 | op=SEND_HEARTBEAT {datanodeUUID=3bf639f6-5176-4655-a6a8-540014321443, command=[]} | ret=SUCCESS |  
2019-09-04 03:23:20,292 | INFO  | SCMAudit | user=jenkins1000 | ip=192.168.69.105 | op=SEND_HEARTBEAT {datanodeUUID=6b521d90-43c4-4267-a955-3154b8383673, command=[]} | ret=SUCCESS |  
2019-09-04 03:23:20,349 | INFO  | SCMAudit | user=jenkins1000 | ip=192.168.69.105 | op=SEND_HEARTBEAT {datanodeUUID=50a57ad1-8537-401a-9ef5-5731af50f432, command=[]} | ret=SUCCESS |  
2019-09-04 03:23:20,819 | INFO  | SCMAudit | user=jenkins1000 | ip=192.168.69.105 | op=SEND_HEARTBEAT {datanodeUUID=5874772f-8d83-4395-aefd-8b53e7bb01f4, command=[]} | ret=SUCCESS |  
2019-09-04 03:23:21,011 | INFO  | SCMAudit | user=jenkins1000 | ip=192.168.69.105 | op=SEND_HEARTBEAT {datanodeUUID=84f9c2c4-73f2-4ad7-b9a8-3f333e5b0e84, command=[]} | ret=SUCCESS |  
2019-09-04 03:23:21,013 | INFO  | SCMAudit | user=jenkins1000 | ip=192.168.69.105 | op=SEND_HEARTBEAT {datanodeUUID=3895fe08-5e04-46ac-ae6d-2b942b921927, command=[]} | ret=SUCCESS |  
2019-09-04 03:23:21,024 | INFO  | SCMAudit | user=jenkins1000 | ip=192.168.69.105 | op=SEND_HEARTBEAT {datanodeUUID=524a4774-666f-452c-9a20-e87fa1e4f616, command=[]} | ret=SUCCESS |  
2019-09-04 03:23:21,039 | INFO  | SCMAudit | user=jenkins1000 | ip=192.168.69.105 | op=SEND_HEARTBEAT {datanodeUUID=3bf639f6-5176-4655-a6a8-540014321443, command=[]} | ret=SUCCESS |  
2019-09-04 03:23:21,292 | INFO  | SCMAudit | user=jenkins1000 | ip=192.168.69.105 | op=SEND_HEARTBEAT {datanodeUUID=6b521d90-43c4-4267-a955-3154b8383673, command=[]} | ret=SUCCESS |  
2019-09-04 03:23:21,349 | INFO  | SCMAudit | user=jenkins1000 | ip=192.168.69.105 | op=SEND_HEARTBEAT {datanodeUUID=50a57ad1-8537-401a-9ef5-5731af50f432, command=[]} | ret=SUCCESS |  
2019-09-04 03:23:21,820 | INFO  | SCMAudit | user=jenkins1000 | ip=192.168.69.105 | op=SEND_HEARTBEAT {datanodeUUID=5874772f-8d83-4395-aefd-8b53e7bb01f4, command=[]} | ret=SUCCESS |  
2019-09-04 03:23:22,011 | INFO  | SCMAudit | user=jenkins1000 | ip=192.168.69.105 | op=SEND_HEARTBEAT {datanodeUUID=84f9c2c4-73f2-4ad7-b9a8-3f333e5b0e84, command=[]} | ret=SUCCESS |  
2019-09-04 03:23:22,013 | INFO  | SCMAudit | user=jenkins1000 | ip=192.168.69.105 | op=SEND_HEARTBEAT {datanodeUUID=3895fe08-5e04-46ac-ae6d-2b942b921927, command=[]} | ret=SUCCESS |  
2019-09-04 03:23:22,024 | INFO  | SCMAudit | user=jenkins1000 | ip=192.168.69.105 | op=SEND_HEARTBEAT {datanodeUUID=524a4774-666f-452c-9a20-e87fa1e4f616, command=[]} | ret=SUCCESS |  
2019-09-04 03:23:22,039 | INFO  | SCMAudit | user=jenkins1000 | ip=192.168.69.105 | op=SEND_HEARTBEAT {datanodeUUID=3bf639f6-5176-4655-a6a8-540014321443, command=[]} | ret=SUCCESS |  
2019-09-04 03:23:22,292 | INFO  | SCMAudit | user=jenkins1000 | ip=192.168.69.105 | op=SEND_HEARTBEAT {datanodeUUID=6b521d90-43c4-4267-a955-3154b8383673, command=[]} | ret=SUCCESS |  
2019-09-04 03:23:22,349 | INFO  | SCMAudit | user=jenkins1000 | ip=192.168.69.105 | op=SEND_HEARTBEAT {datanodeUUID=50a57ad1-8537-401a-9ef5-5731af50f432, command=[]} | ret=SUCCESS |  
2019-09-04 03:23:22,820 | INFO  | SCMAudit | user=jenkins1000 | ip=192.168.69.105 | op=SEND_HEARTBEAT {datanodeUUID=5874772f-8d83-4395-aefd-8b53e7bb01f4, command=[]} | ret=SUCCESS |  
2019-09-04 03:23:23,012 | INFO  | SCMAudit | user=jenkins1000 | ip=192.168.69.105 | op=SEND_HEARTBEAT {datanodeUUID=84f9c2c4-73f2-4ad7-b9a8-3f333e5b0e84, command=[]} | ret=SUCCESS |  
2019-09-04 03:23:23,013 | INFO  | SCMAudit | user=jenkins1000 | ip=192.168.69.105 | op=SEND_HEARTBEAT {datanodeUUID=3895fe08-5e04-46ac-ae6d-2b942b921927, command=[]} | ret=SUCCESS |  
2019-09-04 03:23:23,024 | INFO  | SCMAudit | user=jenkins1000 | ip=192.168.69.105 | op=SEND_HEARTBEAT {datanodeUUID=524a4774-666f-452c-9a20-e87fa1e4f616, command=[]} | ret=SUCCESS |  
2019-09-04 03:23:23,040 | INFO  | SCMAudit | user=jenkins1000 | ip=192.168.69.105 | op=SEND_HEARTBEAT {datanodeUUID=3bf639f6-5176-4655-a6a8-540014321443, command=[]} | ret=SUCCESS |  
2019-09-04 03:23:23,292 | INFO  | SCMAudit | user=jenkins1000 | ip=192.168.69.105 | op=SEND_HEARTBEAT {datanodeUUID=6b521d90-43c4-4267-a955-3154b8383673, command=[]} | ret=SUCCESS |  
2019-09-04 03:23:23,350 | INFO  | SCMAudit | user=jenkins1000 | ip=192.168.69.105 | op=SEND_HEARTBEAT {datanodeUUID=50a57ad1-8537-401a-9ef5-5731af50f432, command=[]} | ret=SUCCESS |  
2019-09-04 03:23:23,820 | INFO  | SCMAudit | user=jenkins1000 | ip=192.168.69.105 | op=SEND_HEARTBEAT {datanodeUUID=5874772f-8d83-4395-aefd-8b53e7bb01f4, command=[]} | ret=SUCCESS |  
2019-09-04 03:23:24,011 | INFO  | SCMAudit | user=jenkins1000 | ip=192.168.69.105 | op=SEND_HEARTBEAT {datanodeUUID=84f9c2c4-73f2-4ad7-b9a8-3f333e5b0e84, command=[]} | ret=SUCCESS |  
2019-09-04 03:23:24,013 | INFO  | SCMAudit | user=jenkins1000 | ip=192.168.69.105 | op=SEND_HEARTBEAT {datanodeUUID=3895fe08-5e04-46ac-ae6d-2b942b921927, command=[]} | ret=SUCCESS |  
2019-09-04 03:23:24,024 | INFO  | SCMAudit | user=jenkins1000 | ip=192.168.69.105 | op=SEND_HEARTBEAT {datanodeUUID=524a4774-666f-452c-9a20-e87fa1e4f616, command=[]} | ret=SUCCESS |  
2019-09-04 03:23:24,040 | INFO  | SCMAudit | user=jenkins1000 | ip=192.168.69.105 | op=SEND_HEARTBEAT {datanodeUUID=3bf639f6-5176-4655-a6a8-540014321443, command=[]} | ret=SUCCESS |  
2019-09-04 03:23:24,293 | INFO  | SCMAudit | user=jenkins1000 | ip=192.168.69.105 | op=SEND_HEARTBEAT {datanodeUUID=6b521d90-43c4-4267-a955-3154b8383673, command=[]} | ret=SUCCESS |  
2019-09-04 03:23:24,349 | INFO  | SCMAudit | user=jenkins1000 | ip=192.168.69.105 | op=SEND_HEARTBEAT {datanodeUUID=50a57ad1-8537-401a-9ef5-5731af50f432, command=[]} | ret=SUCCESS |  
2019-09-04 03:23:24,510 [grpc-default-executor-4] INFO  client.GrpcClientProtocolClient (GrpcClientProtocolClient.java:onNext(255)) - client-81D3A7E5B111->524a4774-666f-452c-9a20-e87fa1e4f616: receive RaftClientReply:client-81D3A7E5B111->524a4774-666f-452c-9a20-e87fa1e4f616@group-002EB6C1B0CF, cid=45, FAILED org.apache.ratis.protocol.NotLeaderException: Server 524a4774-666f-452c-9a20-e87fa1e4f616 is not the leader (3895fe08-5e04-46ac-ae6d-2b942b921927:192.168.69.105:44785). Request must be sent to leader., logIndex=0, commits[524a4774-666f-452c-9a20-e87fa1e4f616:c8, 3895fe08-5e04-46ac-ae6d-2b942b921927:c8, 84f9c2c4-73f2-4ad7-b9a8-3f333e5b0e84:c8]
2019-09-04 03:23:24,821 | INFO  | SCMAudit | user=jenkins1000 | ip=192.168.69.105 | op=SEND_HEARTBEAT {datanodeUUID=5874772f-8d83-4395-aefd-8b53e7bb01f4, command=[]} | ret=SUCCESS |  
2019-09-04 03:23:25,011 | INFO  | SCMAudit | user=jenkins1000 | ip=192.168.69.105 | op=SEND_HEARTBEAT {datanodeUUID=84f9c2c4-73f2-4ad7-b9a8-3f333e5b0e84, command=[]} | ret=SUCCESS |  
2019-09-04 03:23:25,013 | INFO  | SCMAudit | user=jenkins1000 | ip=192.168.69.105 | op=SEND_HEARTBEAT {datanodeUUID=3895fe08-5e04-46ac-ae6d-2b942b921927, command=[]} | ret=SUCCESS |  
2019-09-04 03:23:25,024 | INFO  | SCMAudit | user=jenkins1000 | ip=192.168.69.105 | op=SEND_HEARTBEAT {datanodeUUID=524a4774-666f-452c-9a20-e87fa1e4f616, command=[]} | ret=SUCCESS |  
2019-09-04 03:23:25,040 | INFO  | SCMAudit | user=jenkins1000 | ip=192.168.69.105 | op=SEND_HEARTBEAT {datanodeUUID=3bf639f6-5176-4655-a6a8-540014321443, command=[]} | ret=SUCCESS |  
2019-09-04 03:23:25,292 | INFO  | SCMAudit | user=jenkins1000 | ip=192.168.69.105 | op=SEND_HEARTBEAT {datanodeUUID=6b521d90-43c4-4267-a955-3154b8383673, command=[]} | ret=SUCCESS |  
2019-09-04 03:23:25,349 | INFO  | SCMAudit | user=jenkins1000 | ip=192.168.69.105 | op=SEND_HEARTBEAT {datanodeUUID=50a57ad1-8537-401a-9ef5-5731af50f432, command=[]} | ret=SUCCESS |  
2019-09-04 03:23:25,820 | INFO  | SCMAudit | user=jenkins1000 | ip=192.168.69.105 | op=SEND_HEARTBEAT {datanodeUUID=5874772f-8d83-4395-aefd-8b53e7bb01f4, command=[]} | ret=SUCCESS |  
2019-09-04 03:23:26,012 | INFO  | SCMAudit | user=jenkins1000 | ip=192.168.69.105 | op=SEND_HEARTBEAT {datanodeUUID=84f9c2c4-73f2-4ad7-b9a8-3f333e5b0e84, command=[]} | ret=SUCCESS |  
2019-09-04 03:23:26,013 | INFO  | SCMAudit | user=jenkins1000 | ip=192.168.69.105 | op=SEND_HEARTBEAT {datanodeUUID=3895fe08-5e04-46ac-ae6d-2b942b921927, command=[]} | ret=SUCCESS |  
2019-09-04 03:23:26,024 | INFO  | SCMAudit | user=jenkins1000 | ip=192.168.69.105 | op=SEND_HEARTBEAT {datanodeUUID=524a4774-666f-452c-9a20-e87fa1e4f616, command=[]} | ret=SUCCESS |  
2019-09-04 03:23:26,040 | INFO  | SCMAudit | user=jenkins1000 | ip=192.168.69.105 | op=SEND_HEARTBEAT {datanodeUUID=3bf639f6-5176-4655-a6a8-540014321443, command=[]} | ret=SUCCESS |  
2019-09-04 03:23:26,292 | INFO  | SCMAudit | user=jenkins1000 | ip=192.168.69.105 | op=SEND_HEARTBEAT {datanodeUUID=6b521d90-43c4-4267-a955-3154b8383673, command=[]} | ret=SUCCESS |  
2019-09-04 03:23:26,350 | INFO  | SCMAudit | user=jenkins1000 | ip=192.168.69.105 | op=SEND_HEARTBEAT {datanodeUUID=50a57ad1-8537-401a-9ef5-5731af50f432, command=[]} | ret=SUCCESS |  
2019-09-04 03:23:26,820 | INFO  | SCMAudit | user=jenkins1000 | ip=192.168.69.105 | op=SEND_HEARTBEAT {datanodeUUID=5874772f-8d83-4395-aefd-8b53e7bb01f4, command=[]} | ret=SUCCESS |  
2019-09-04 03:23:27,011 | INFO  | SCMAudit | user=jenkins1000 | ip=192.168.69.105 | op=SEND_HEARTBEAT {datanodeUUID=84f9c2c4-73f2-4ad7-b9a8-3f333e5b0e84, command=[]} | ret=SUCCESS |  
2019-09-04 03:23:27,013 | INFO  | SCMAudit | user=jenkins1000 | ip=192.168.69.105 | op=SEND_HEARTBEAT {datanodeUUID=3895fe08-5e04-46ac-ae6d-2b942b921927, command=[]} | ret=SUCCESS |  
2019-09-04 03:23:27,024 | INFO  | SCMAudit | user=jenkins1000 | ip=192.168.69.105 | op=SEND_HEARTBEAT {datanodeUUID=524a4774-666f-452c-9a20-e87fa1e4f616, command=[]} | ret=SUCCESS |  
2019-09-04 03:23:27,040 | INFO  | SCMAudit | user=jenkins1000 | ip=192.168.69.105 | op=SEND_HEARTBEAT {datanodeUUID=3bf639f6-5176-4655-a6a8-540014321443, command=[]} | ret=SUCCESS |  
2019-09-04 03:23:27,293 | INFO  | SCMAudit | user=jenkins1000 | ip=192.168.69.105 | op=SEND_HEARTBEAT {datanodeUUID=6b521d90-43c4-4267-a955-3154b8383673, command=[]} | ret=SUCCESS |  
2019-09-04 03:23:27,350 | INFO  | SCMAudit | user=jenkins1000 | ip=192.168.69.105 | op=SEND_HEARTBEAT {datanodeUUID=50a57ad1-8537-401a-9ef5-5731af50f432, command=[]} | ret=SUCCESS |  
2019-09-04 03:23:27,821 | INFO  | SCMAudit | user=jenkins1000 | ip=192.168.69.105 | op=SEND_HEARTBEAT {datanodeUUID=5874772f-8d83-4395-aefd-8b53e7bb01f4, command=[]} | ret=SUCCESS |  
2019-09-04 03:23:28,012 | INFO  | SCMAudit | user=jenkins1000 | ip=192.168.69.105 | op=SEND_HEARTBEAT {datanodeUUID=84f9c2c4-73f2-4ad7-b9a8-3f333e5b0e84, command=[]} | ret=SUCCESS |  
2019-09-04 03:23:28,013 | INFO  | SCMAudit | user=jenkins1000 | ip=192.168.69.105 | op=SEND_HEARTBEAT {datanodeUUID=3895fe08-5e04-46ac-ae6d-2b942b921927, command=[]} | ret=SUCCESS |  
2019-09-04 03:23:28,024 | INFO  | SCMAudit | user=jenkins1000 | ip=192.168.69.105 | op=SEND_HEARTBEAT {datanodeUUID=524a4774-666f-452c-9a20-e87fa1e4f616, command=[]} | ret=SUCCESS |  
2019-09-04 03:23:28,040 | INFO  | SCMAudit | user=jenkins1000 | ip=192.168.69.105 | op=SEND_HEARTBEAT {datanodeUUID=3bf639f6-5176-4655-a6a8-540014321443, command=[]} | ret=SUCCESS |  
2019-09-04 03:23:28,293 | INFO  | SCMAudit | user=jenkins1000 | ip=192.168.69.105 | op=SEND_HEARTBEAT {datanodeUUID=6b521d90-43c4-4267-a955-3154b8383673, command=[]} | ret=SUCCESS |  
2019-09-04 03:23:28,350 | INFO  | SCMAudit | user=jenkins1000 | ip=192.168.69.105 | op=SEND_HEARTBEAT {datanodeUUID=50a57ad1-8537-401a-9ef5-5731af50f432, command=[]} | ret=SUCCESS |  
2019-09-04 03:23:28,821 | INFO  | SCMAudit | user=jenkins1000 | ip=192.168.69.105 | op=SEND_HEARTBEAT {datanodeUUID=5874772f-8d83-4395-aefd-8b53e7bb01f4, command=[]} | ret=SUCCESS |  
2019-09-04 03:23:29,011 | INFO  | SCMAudit | user=jenkins1000 | ip=192.168.69.105 | op=SEND_HEARTBEAT {datanodeUUID=84f9c2c4-73f2-4ad7-b9a8-3f333e5b0e84, command=[]} | ret=SUCCESS |  
2019-09-04 03:23:29,013 | INFO  | SCMAudit | user=jenkins1000 | ip=192.168.69.105 | op=SEND_HEARTBEAT {datanodeUUID=3895fe08-5e04-46ac-ae6d-2b942b921927, command=[]} | ret=SUCCESS |  
2019-09-04 03:23:29,024 | INFO  | SCMAudit | user=jenkins1000 | ip=192.168.69.105 | op=SEND_HEARTBEAT {datanodeUUID=524a4774-666f-452c-9a20-e87fa1e4f616, command=[]} | ret=SUCCESS |  
2019-09-04 03:23:29,040 | INFO  | SCMAudit | user=jenkins1000 | ip=192.168.69.105 | op=SEND_HEARTBEAT {datanodeUUID=3bf639f6-5176-4655-a6a8-540014321443, command=[]} | ret=SUCCESS |  
2019-09-04 03:23:29,293 | INFO  | SCMAudit | user=jenkins1000 | ip=192.168.69.105 | op=SEND_HEARTBEAT {datanodeUUID=6b521d90-43c4-4267-a955-3154b8383673, command=[]} | ret=SUCCESS |  
2019-09-04 03:23:29,351 | INFO  | SCMAudit | user=jenkins1000 | ip=192.168.69.105 | op=SEND_HEARTBEAT {datanodeUUID=50a57ad1-8537-401a-9ef5-5731af50f432, command=[]} | ret=SUCCESS |  
2019-09-04 03:23:29,562 [grpc-default-executor-3] INFO  client.GrpcClientProtocolClient (GrpcClientProtocolClient.java:onNext(255)) - client-81D3A7E5B111->524a4774-666f-452c-9a20-e87fa1e4f616: receive RaftClientReply:client-81D3A7E5B111->524a4774-666f-452c-9a20-e87fa1e4f616@group-002EB6C1B0CF, cid=45, FAILED org.apache.ratis.protocol.NotLeaderException: Server 524a4774-666f-452c-9a20-e87fa1e4f616 is not the leader (3895fe08-5e04-46ac-ae6d-2b942b921927:192.168.69.105:44785). Request must be sent to leader., logIndex=0, commits[524a4774-666f-452c-9a20-e87fa1e4f616:c8, 3895fe08-5e04-46ac-ae6d-2b942b921927:c8, 84f9c2c4-73f2-4ad7-b9a8-3f333e5b0e84:c8]
2019-09-04 03:23:29,822 | INFO  | SCMAudit | user=jenkins1000 | ip=192.168.69.105 | op=SEND_HEARTBEAT {datanodeUUID=5874772f-8d83-4395-aefd-8b53e7bb01f4, command=[]} | ret=SUCCESS |  
2019-09-04 03:23:30,012 | INFO  | SCMAudit | user=jenkins1000 | ip=192.168.69.105 | op=SEND_HEARTBEAT {datanodeUUID=84f9c2c4-73f2-4ad7-b9a8-3f333e5b0e84, command=[]} | ret=SUCCESS |  
2019-09-04 03:23:30,013 | INFO  | SCMAudit | user=jenkins1000 | ip=192.168.69.105 | op=SEND_HEARTBEAT {datanodeUUID=3895fe08-5e04-46ac-ae6d-2b942b921927, command=[]} | ret=SUCCESS |  
2019-09-04 03:23:30,025 | INFO  | SCMAudit | user=jenkins1000 | ip=192.168.69.105 | op=SEND_HEARTBEAT {datanodeUUID=524a4774-666f-452c-9a20-e87fa1e4f616, command=[]} | ret=SUCCESS |  
2019-09-04 03:23:30,040 | INFO  | SCMAudit | user=jenkins1000 | ip=192.168.69.105 | op=SEND_HEARTBEAT {datanodeUUID=3bf639f6-5176-4655-a6a8-540014321443, command=[]} | ret=SUCCESS |  
2019-09-04 03:23:30,293 | INFO  | SCMAudit | user=jenkins1000 | ip=192.168.69.105 | op=SEND_HEARTBEAT {datanodeUUID=6b521d90-43c4-4267-a955-3154b8383673, command=[]} | ret=SUCCESS |  
2019-09-04 03:23:30,351 | INFO  | SCMAudit | user=jenkins1000 | ip=192.168.69.105 | op=SEND_HEARTBEAT {datanodeUUID=50a57ad1-8537-401a-9ef5-5731af50f432, command=[]} | ret=SUCCESS |  
2019-09-04 03:23:30,821 | INFO  | SCMAudit | user=jenkins1000 | ip=192.168.69.105 | op=SEND_HEARTBEAT {datanodeUUID=5874772f-8d83-4395-aefd-8b53e7bb01f4, command=[]} | ret=SUCCESS |  
2019-09-04 03:23:31,011 | INFO  | SCMAudit | user=jenkins1000 | ip=192.168.69.105 | op=SEND_HEARTBEAT {datanodeUUID=84f9c2c4-73f2-4ad7-b9a8-3f333e5b0e84, command=[]} | ret=SUCCESS |  
2019-09-04 03:23:31,013 | INFO  | SCMAudit | user=jenkins1000 | ip=192.168.69.105 | op=SEND_HEARTBEAT {datanodeUUID=3895fe08-5e04-46ac-ae6d-2b942b921927, command=[]} | ret=SUCCESS |  
2019-09-04 03:23:31,025 | INFO  | SCMAudit | user=jenkins1000 | ip=192.168.69.105 | op=SEND_HEARTBEAT {datanodeUUID=524a4774-666f-452c-9a20-e87fa1e4f616, command=[]} | ret=SUCCESS |  
2019-09-04 03:23:31,040 | INFO  | SCMAudit | user=jenkins1000 | ip=192.168.69.105 | op=SEND_HEARTBEAT {datanodeUUID=3bf639f6-5176-4655-a6a8-540014321443, command=[]} | ret=SUCCESS |  
2019-09-04 03:23:31,293 | INFO  | SCMAudit | user=jenkins1000 | ip=192.168.69.105 | op=SEND_HEARTBEAT {datanodeUUID=6b521d90-43c4-4267-a955-3154b8383673, command=[]} | ret=SUCCESS |  
2019-09-04 03:23:31,352 | INFO  | SCMAudit | user=jenkins1000 | ip=192.168.69.105 | op=SEND_HEARTBEAT {datanodeUUID=50a57ad1-8537-401a-9ef5-5731af50f432, command=[]} | ret=SUCCESS |  
2019-09-04 03:23:31,821 | INFO  | SCMAudit | user=jenkins1000 | ip=192.168.69.105 | op=SEND_HEARTBEAT {datanodeUUID=5874772f-8d83-4395-aefd-8b53e7bb01f4, command=[]} | ret=SUCCESS |  
2019-09-04 03:23:32,012 | INFO  | SCMAudit | user=jenkins1000 | ip=192.168.69.105 | op=SEND_HEARTBEAT {datanodeUUID=84f9c2c4-73f2-4ad7-b9a8-3f333e5b0e84, command=[]} | ret=SUCCESS |  
2019-09-04 03:23:32,013 | INFO  | SCMAudit | user=jenkins1000 | ip=192.168.69.105 | op=SEND_HEARTBEAT {datanodeUUID=3895fe08-5e04-46ac-ae6d-2b942b921927, command=[]} | ret=SUCCESS |  
2019-09-04 03:23:32,025 | INFO  | SCMAudit | user=jenkins1000 | ip=192.168.69.105 | op=SEND_HEARTBEAT {datanodeUUID=524a4774-666f-452c-9a20-e87fa1e4f616, command=[]} | ret=SUCCESS |  
2019-09-04 03:23:32,040 | INFO  | SCMAudit | user=jenkins1000 | ip=192.168.69.105 | op=SEND_HEARTBEAT {datanodeUUID=3bf639f6-5176-4655-a6a8-540014321443, command=[]} | ret=SUCCESS |  
2019-09-04 03:23:32,293 | INFO  | SCMAudit | user=jenkins1000 | ip=192.168.69.105 | op=SEND_HEARTBEAT {datanodeUUID=6b521d90-43c4-4267-a955-3154b8383673, command=[]} | ret=SUCCESS |  
2019-09-04 03:23:32,351 | INFO  | SCMAudit | user=jenkins1000 | ip=192.168.69.105 | op=SEND_HEARTBEAT {datanodeUUID=50a57ad1-8537-401a-9ef5-5731af50f432, command=[]} | ret=SUCCESS |  
2019-09-04 03:23:32,822 | INFO  | SCMAudit | user=jenkins1000 | ip=192.168.69.105 | op=SEND_HEARTBEAT {datanodeUUID=5874772f-8d83-4395-aefd-8b53e7bb01f4, command=[]} | ret=SUCCESS |  
2019-09-04 03:23:33,011 | INFO  | SCMAudit | user=jenkins1000 | ip=192.168.69.105 | op=SEND_HEARTBEAT {datanodeUUID=84f9c2c4-73f2-4ad7-b9a8-3f333e5b0e84, command=[]} | ret=SUCCESS |  
2019-09-04 03:23:33,013 | INFO  | SCMAudit | user=jenkins1000 | ip=192.168.69.105 | op=SEND_HEARTBEAT {datanodeUUID=3895fe08-5e04-46ac-ae6d-2b942b921927, command=[]} | ret=SUCCESS |  
2019-09-04 03:23:33,025 | INFO  | SCMAudit | user=jenkins1000 | ip=192.168.69.105 | op=SEND_HEARTBEAT {datanodeUUID=524a4774-666f-452c-9a20-e87fa1e4f616, command=[]} | ret=SUCCESS |  
2019-09-04 03:23:33,040 | INFO  | SCMAudit | user=jenkins1000 | ip=192.168.69.105 | op=SEND_HEARTBEAT {datanodeUUID=3bf639f6-5176-4655-a6a8-540014321443, command=[]} | ret=SUCCESS |  
2019-09-04 03:23:33,293 | INFO  | SCMAudit | user=jenkins1000 | ip=192.168.69.105 | op=SEND_HEARTBEAT {datanodeUUID=6b521d90-43c4-4267-a955-3154b8383673, command=[]} | ret=SUCCESS |  
2019-09-04 03:23:33,351 | INFO  | SCMAudit | user=jenkins1000 | ip=192.168.69.105 | op=SEND_HEARTBEAT {datanodeUUID=50a57ad1-8537-401a-9ef5-5731af50f432, command=[]} | ret=SUCCESS |  
2019-09-04 03:23:33,821 | INFO  | SCMAudit | user=jenkins1000 | ip=192.168.69.105 | op=SEND_HEARTBEAT {datanodeUUID=5874772f-8d83-4395-aefd-8b53e7bb01f4, command=[]} | ret=SUCCESS |  
2019-09-04 03:23:34,012 | INFO  | SCMAudit | user=jenkins1000 | ip=192.168.69.105 | op=SEND_HEARTBEAT {datanodeUUID=84f9c2c4-73f2-4ad7-b9a8-3f333e5b0e84, command=[]} | ret=SUCCESS |  
2019-09-04 03:23:34,013 | INFO  | SCMAudit | user=jenkins1000 | ip=192.168.69.105 | op=SEND_HEARTBEAT {datanodeUUID=3895fe08-5e04-46ac-ae6d-2b942b921927, command=[]} | ret=SUCCESS |  
2019-09-04 03:23:34,025 | INFO  | SCMAudit | user=jenkins1000 | ip=192.168.69.105 | op=SEND_HEARTBEAT {datanodeUUID=524a4774-666f-452c-9a20-e87fa1e4f616, command=[]} | ret=SUCCESS |  
2019-09-04 03:23:34,040 | INFO  | SCMAudit | user=jenkins1000 | ip=192.168.69.105 | op=SEND_HEARTBEAT {datanodeUUID=3bf639f6-5176-4655-a6a8-540014321443, command=[]} | ret=SUCCESS |  
2019-09-04 03:23:34,294 | INFO  | SCMAudit | user=jenkins1000 | ip=192.168.69.105 | op=SEND_HEARTBEAT {datanodeUUID=6b521d90-43c4-4267-a955-3154b8383673, command=[]} | ret=SUCCESS |  
2019-09-04 03:23:34,352 | INFO  | SCMAudit | user=jenkins1000 | ip=192.168.69.105 | op=SEND_HEARTBEAT {datanodeUUID=50a57ad1-8537-401a-9ef5-5731af50f432, command=[]} | ret=SUCCESS |  
2019-09-04 03:23:34,623 [grpc-default-executor-4] INFO  client.GrpcClientProtocolClient (GrpcClientProtocolClient.java:onNext(255)) - client-81D3A7E5B111->84f9c2c4-73f2-4ad7-b9a8-3f333e5b0e84: receive RaftClientReply:client-81D3A7E5B111->84f9c2c4-73f2-4ad7-b9a8-3f333e5b0e84@group-002EB6C1B0CF, cid=45, FAILED org.apache.ratis.protocol.NotLeaderException: Server 84f9c2c4-73f2-4ad7-b9a8-3f333e5b0e84 is not the leader (3895fe08-5e04-46ac-ae6d-2b942b921927:192.168.69.105:44785). Request must be sent to leader., logIndex=0, commits[84f9c2c4-73f2-4ad7-b9a8-3f333e5b0e84:c8, 3895fe08-5e04-46ac-ae6d-2b942b921927:c8, 524a4774-666f-452c-9a20-e87fa1e4f616:c8]
2019-09-04 03:23:34,822 | INFO  | SCMAudit | user=jenkins1000 | ip=192.168.69.105 | op=SEND_HEARTBEAT {datanodeUUID=5874772f-8d83-4395-aefd-8b53e7bb01f4, command=[]} | ret=SUCCESS |  
2019-09-04 03:23:35,011 | INFO  | SCMAudit | user=jenkins1000 | ip=192.168.69.105 | op=SEND_HEARTBEAT {datanodeUUID=84f9c2c4-73f2-4ad7-b9a8-3f333e5b0e84, command=[]} | ret=SUCCESS |  
2019-09-04 03:23:35,014 | INFO  | SCMAudit | user=jenkins1000 | ip=192.168.69.105 | op=SEND_HEARTBEAT {datanodeUUID=3895fe08-5e04-46ac-ae6d-2b942b921927, command=[]} | ret=SUCCESS |  
2019-09-04 03:23:35,025 | INFO  | SCMAudit | user=jenkins1000 | ip=192.168.69.105 | op=SEND_HEARTBEAT {datanodeUUID=524a4774-666f-452c-9a20-e87fa1e4f616, command=[]} | ret=SUCCESS |  
2019-09-04 03:23:35,040 | INFO  | SCMAudit | user=jenkins1000 | ip=192.168.69.105 | op=SEND_HEARTBEAT {datanodeUUID=3bf639f6-5176-4655-a6a8-540014321443, command=[]} | ret=SUCCESS |  
2019-09-04 03:23:35,293 | INFO  | SCMAudit | user=jenkins1000 | ip=192.168.69.105 | op=SEND_HEARTBEAT {datanodeUUID=6b521d90-43c4-4267-a955-3154b8383673, command=[]} | ret=SUCCESS |  
2019-09-04 03:23:35,351 | INFO  | SCMAudit | user=jenkins1000 | ip=192.168.69.105 | op=SEND_HEARTBEAT {datanodeUUID=50a57ad1-8537-401a-9ef5-5731af50f432, command=[]} | ret=SUCCESS |  
2019-09-04 03:23:35,821 | INFO  | SCMAudit | user=jenkins1000 | ip=192.168.69.105 | op=SEND_HEARTBEAT {datanodeUUID=5874772f-8d83-4395-aefd-8b53e7bb01f4, command=[]} | ret=SUCCESS |  
2019-09-04 03:23:36,012 | INFO  | SCMAudit | user=jenkins1000 | ip=192.168.69.105 | op=SEND_HEARTBEAT {datanodeUUID=84f9c2c4-73f2-4ad7-b9a8-3f333e5b0e84, command=[]} | ret=SUCCESS |  
2019-09-04 03:23:36,014 | INFO  | SCMAudit | user=jenkins1000 | ip=192.168.69.105 | op=SEND_HEARTBEAT {datanodeUUID=3895fe08-5e04-46ac-ae6d-2b942b921927, command=[]} | ret=SUCCESS |  
2019-09-04 03:23:36,025 | INFO  | SCMAudit | user=jenkins1000 | ip=192.168.69.105 | op=SEND_HEARTBEAT {datanodeUUID=524a4774-666f-452c-9a20-e87fa1e4f616, command=[]} | ret=SUCCESS |  
2019-09-04 03:23:36,040 | INFO  | SCMAudit | user=jenkins1000 | ip=192.168.69.105 | op=SEND_HEARTBEAT {datanodeUUID=3bf639f6-5176-4655-a6a8-540014321443, command=[]} | ret=SUCCESS |  
2019-09-04 03:23:36,294 | INFO  | SCMAudit | user=jenkins1000 | ip=192.168.69.105 | op=SEND_HEARTBEAT {datanodeUUID=6b521d90-43c4-4267-a955-3154b8383673, command=[]} | ret=SUCCESS |  
2019-09-04 03:23:36,351 | INFO  | SCMAudit | user=jenkins1000 | ip=192.168.69.105 | op=SEND_HEARTBEAT {datanodeUUID=50a57ad1-8537-401a-9ef5-5731af50f432, command=[]} | ret=SUCCESS |  
2019-09-04 03:23:36,822 | INFO  | SCMAudit | user=jenkins1000 | ip=192.168.69.105 | op=SEND_HEARTBEAT {datanodeUUID=5874772f-8d83-4395-aefd-8b53e7bb01f4, command=[]} | ret=SUCCESS |  
2019-09-04 03:23:37,011 | INFO  | SCMAudit | user=jenkins1000 | ip=192.168.69.105 | op=SEND_HEARTBEAT {datanodeUUID=84f9c2c4-73f2-4ad7-b9a8-3f333e5b0e84, command=[]} | ret=SUCCESS |  
2019-09-04 03:23:37,014 | INFO  | SCMAudit | user=jenkins1000 | ip=192.168.69.105 | op=SEND_HEARTBEAT {datanodeUUID=3895fe08-5e04-46ac-ae6d-2b942b921927, command=[]} | ret=SUCCESS |  
2019-09-04 03:23:37,025 | INFO  | SCMAudit | user=jenkins1000 | ip=192.168.69.105 | op=SEND_HEARTBEAT {datanodeUUID=524a4774-666f-452c-9a20-e87fa1e4f616, command=[]} | ret=SUCCESS |  
2019-09-04 03:23:37,040 | INFO  | SCMAudit | user=jenkins1000 | ip=192.168.69.105 | op=SEND_HEARTBEAT {datanodeUUID=3bf639f6-5176-4655-a6a8-540014321443, command=[]} | ret=SUCCESS |  
2019-09-04 03:23:37,293 | INFO  | SCMAudit | user=jenkins1000 | ip=192.168.69.105 | op=SEND_HEARTBEAT {datanodeUUID=6b521d90-43c4-4267-a955-3154b8383673, command=[]} | ret=SUCCESS |  
2019-09-04 03:23:37,352 | INFO  | SCMAudit | user=jenkins1000 | ip=192.168.69.105 | op=SEND_HEARTBEAT {datanodeUUID=50a57ad1-8537-401a-9ef5-5731af50f432, command=[]} | ret=SUCCESS |  
2019-09-04 03:23:37,821 | INFO  | SCMAudit | user=jenkins1000 | ip=192.168.69.105 | op=SEND_HEARTBEAT {datanodeUUID=5874772f-8d83-4395-aefd-8b53e7bb01f4, command=[]} | ret=SUCCESS |  
2019-09-04 03:23:38,011 | INFO  | SCMAudit | user=jenkins1000 | ip=192.168.69.105 | op=SEND_HEARTBEAT {datanodeUUID=84f9c2c4-73f2-4ad7-b9a8-3f333e5b0e84, command=[]} | ret=SUCCESS |  
2019-09-04 03:23:38,014 | INFO  | SCMAudit | user=jenkins1000 | ip=192.168.69.105 | op=SEND_HEARTBEAT {datanodeUUID=3895fe08-5e04-46ac-ae6d-2b942b921927, command=[]} | ret=SUCCESS |  
2019-09-04 03:23:38,025 | INFO  | SCMAudit | user=jenkins1000 | ip=192.168.69.105 | op=SEND_HEARTBEAT {datanodeUUID=524a4774-666f-452c-9a20-e87fa1e4f616, command=[]} | ret=SUCCESS |  
2019-09-04 03:23:38,040 | INFO  | SCMAudit | user=jenkins1000 | ip=192.168.69.105 | op=SEND_HEARTBEAT {datanodeUUID=3bf639f6-5176-4655-a6a8-540014321443, command=[]} | ret=SUCCESS |  
2019-09-04 03:23:38,293 | INFO  | SCMAudit | user=jenkins1000 | ip=192.168.69.105 | op=SEND_HEARTBEAT {datanodeUUID=6b521d90-43c4-4267-a955-3154b8383673, command=[]} | ret=SUCCESS |  
2019-09-04 03:23:38,352 | INFO  | SCMAudit | user=jenkins1000 | ip=192.168.69.105 | op=SEND_HEARTBEAT {datanodeUUID=50a57ad1-8537-401a-9ef5-5731af50f432, command=[]} | ret=SUCCESS |  
2019-09-04 03:23:38,822 | INFO  | SCMAudit | user=jenkins1000 | ip=192.168.69.105 | op=SEND_HEARTBEAT {datanodeUUID=5874772f-8d83-4395-aefd-8b53e7bb01f4, command=[]} | ret=SUCCESS |  
2019-09-04 03:23:39,012 | INFO  | SCMAudit | user=jenkins1000 | ip=192.168.69.105 | op=SEND_HEARTBEAT {datanodeUUID=84f9c2c4-73f2-4ad7-b9a8-3f333e5b0e84, command=[]} | ret=SUCCESS |  
2019-09-04 03:23:39,014 | INFO  | SCMAudit | user=jenkins1000 | ip=192.168.69.105 | op=SEND_HEARTBEAT {datanodeUUID=3895fe08-5e04-46ac-ae6d-2b942b921927, command=[]} | ret=SUCCESS |  
2019-09-04 03:23:39,025 | INFO  | SCMAudit | user=jenkins1000 | ip=192.168.69.105 | op=SEND_HEARTBEAT {datanodeUUID=524a4774-666f-452c-9a20-e87fa1e4f616, command=[]} | ret=SUCCESS |  
2019-09-04 03:23:39,041 | INFO  | SCMAudit | user=jenkins1000 | ip=192.168.69.105 | op=SEND_HEARTBEAT {datanodeUUID=3bf639f6-5176-4655-a6a8-540014321443, command=[]} | ret=SUCCESS |  
2019-09-04 03:23:39,294 | INFO  | SCMAudit | user=jenkins1000 | ip=192.168.69.105 | op=SEND_HEARTBEAT {datanodeUUID=6b521d90-43c4-4267-a955-3154b8383673, command=[]} | ret=SUCCESS |  
2019-09-04 03:23:39,352 | INFO  | SCMAudit | user=jenkins1000 | ip=192.168.69.105 | op=SEND_HEARTBEAT {datanodeUUID=50a57ad1-8537-401a-9ef5-5731af50f432, command=[]} | ret=SUCCESS |  
2019-09-04 03:23:39,663 [grpc-default-executor-3] INFO  client.GrpcClientProtocolClient (GrpcClientProtocolClient.java:onNext(255)) - client-81D3A7E5B111->84f9c2c4-73f2-4ad7-b9a8-3f333e5b0e84: receive RaftClientReply:client-81D3A7E5B111->84f9c2c4-73f2-4ad7-b9a8-3f333e5b0e84@group-002EB6C1B0CF, cid=45, FAILED org.apache.ratis.protocol.NotLeaderException: Server 84f9c2c4-73f2-4ad7-b9a8-3f333e5b0e84 is not the leader (3895fe08-5e04-46ac-ae6d-2b942b921927:192.168.69.105:44785). Request must be sent to leader., logIndex=0, commits[84f9c2c4-73f2-4ad7-b9a8-3f333e5b0e84:c8, 3895fe08-5e04-46ac-ae6d-2b942b921927:c8, 524a4774-666f-452c-9a20-e87fa1e4f616:c8]
2019-09-04 03:23:39,821 | INFO  | SCMAudit | user=jenkins1000 | ip=192.168.69.105 | op=SEND_HEARTBEAT {datanodeUUID=5874772f-8d83-4395-aefd-8b53e7bb01f4, command=[]} | ret=SUCCESS |  
2019-09-04 03:23:40,011 | INFO  | SCMAudit | user=jenkins1000 | ip=192.168.69.105 | op=SEND_HEARTBEAT {datanodeUUID=84f9c2c4-73f2-4ad7-b9a8-3f333e5b0e84, command=[]} | ret=SUCCESS |  
2019-09-04 03:23:40,014 | INFO  | SCMAudit | user=jenkins1000 | ip=192.168.69.105 | op=SEND_HEARTBEAT {datanodeUUID=3895fe08-5e04-46ac-ae6d-2b942b921927, command=[]} | ret=SUCCESS |  
2019-09-04 03:23:40,025 | INFO  | SCMAudit | user=jenkins1000 | ip=192.168.69.105 | op=SEND_HEARTBEAT {datanodeUUID=524a4774-666f-452c-9a20-e87fa1e4f616, command=[]} | ret=SUCCESS |  
2019-09-04 03:23:40,041 | INFO  | SCMAudit | user=jenkins1000 | ip=192.168.69.105 | op=SEND_HEARTBEAT {datanodeUUID=3bf639f6-5176-4655-a6a8-540014321443, command=[]} | ret=SUCCESS |  
2019-09-04 03:23:40,293 | INFO  | SCMAudit | user=jenkins1000 | ip=192.168.69.105 | op=SEND_HEARTBEAT {datanodeUUID=6b521d90-43c4-4267-a955-3154b8383673, command=[]} | ret=SUCCESS |  
2019-09-04 03:23:40,353 | INFO  | SCMAudit | user=jenkins1000 | ip=192.168.69.105 | op=SEND_HEARTBEAT {datanodeUUID=50a57ad1-8537-401a-9ef5-5731af50f432, command=[]} | ret=SUCCESS |  
2019-09-04 03:23:40,822 | INFO  | SCMAudit | user=jenkins1000 | ip=192.168.69.105 | op=SEND_HEARTBEAT {datanodeUUID=5874772f-8d83-4395-aefd-8b53e7bb01f4, command=[]} | ret=SUCCESS |  
2019-09-04 03:23:41,012 | INFO  | SCMAudit | user=jenkins1000 | ip=192.168.69.105 | op=SEND_HEARTBEAT {datanodeUUID=84f9c2c4-73f2-4ad7-b9a8-3f333e5b0e84, command=[]} | ret=SUCCESS |  
2019-09-04 03:23:41,014 | INFO  | SCMAudit | user=jenkins1000 | ip=192.168.69.105 | op=SEND_HEARTBEAT {datanodeUUID=3895fe08-5e04-46ac-ae6d-2b942b921927, command=[]} | ret=SUCCESS |  
2019-09-04 03:23:41,025 | INFO  | SCMAudit | user=jenkins1000 | ip=192.168.69.105 | op=SEND_HEARTBEAT {datanodeUUID=524a4774-666f-452c-9a20-e87fa1e4f616, command=[]} | ret=SUCCESS |  
2019-09-04 03:23:41,041 | INFO  | SCMAudit | user=jenkins1000 | ip=192.168.69.105 | op=SEND_HEARTBEAT {datanodeUUID=3bf639f6-5176-4655-a6a8-540014321443, command=[]} | ret=SUCCESS |  
2019-09-04 03:23:41,293 | INFO  | SCMAudit | user=jenkins1000 | ip=192.168.69.105 | op=SEND_HEARTBEAT {datanodeUUID=6b521d90-43c4-4267-a955-3154b8383673, command=[]} | ret=SUCCESS |  
2019-09-04 03:23:41,353 | INFO  | SCMAudit | user=jenkins1000 | ip=192.168.69.105 | op=SEND_HEARTBEAT {datanodeUUID=50a57ad1-8537-401a-9ef5-5731af50f432, command=[]} | ret=SUCCESS |  
2019-09-04 03:23:41,821 | INFO  | SCMAudit | user=jenkins1000 | ip=192.168.69.105 | op=SEND_HEARTBEAT {datanodeUUID=5874772f-8d83-4395-aefd-8b53e7bb01f4, command=[]} | ret=SUCCESS |  
2019-09-04 03:23:42,011 | INFO  | SCMAudit | user=jenkins1000 | ip=192.168.69.105 | op=SEND_HEARTBEAT {datanodeUUID=84f9c2c4-73f2-4ad7-b9a8-3f333e5b0e84, command=[]} | ret=SUCCESS |  
2019-09-04 03:23:42,014 | INFO  | SCMAudit | user=jenkins1000 | ip=192.168.69.105 | op=SEND_HEARTBEAT {datanodeUUID=3895fe08-5e04-46ac-ae6d-2b942b921927, command=[]} | ret=SUCCESS |  
2019-09-04 03:23:42,025 | INFO  | SCMAudit | user=jenkins1000 | ip=192.168.69.105 | op=SEND_HEARTBEAT {datanodeUUID=524a4774-666f-452c-9a20-e87fa1e4f616, command=[]} | ret=SUCCESS |  
2019-09-04 03:23:42,041 | INFO  | SCMAudit | user=jenkins1000 | ip=192.168.69.105 | op=SEND_HEARTBEAT {datanodeUUID=3bf639f6-5176-4655-a6a8-540014321443, command=[]} | ret=SUCCESS |  
2019-09-04 03:23:42,294 | INFO  | SCMAudit | user=jenkins1000 | ip=192.168.69.105 | op=SEND_HEARTBEAT {datanodeUUID=6b521d90-43c4-4267-a955-3154b8383673, command=[]} | ret=SUCCESS |  
2019-09-04 03:23:42,353 | INFO  | SCMAudit | user=jenkins1000 | ip=192.168.69.105 | op=SEND_HEARTBEAT {datanodeUUID=50a57ad1-8537-401a-9ef5-5731af50f432, command=[]} | ret=SUCCESS |  
2019-09-04 03:23:42,821 | INFO  | SCMAudit | user=jenkins1000 | ip=192.168.69.105 | op=SEND_HEARTBEAT {datanodeUUID=5874772f-8d83-4395-aefd-8b53e7bb01f4, command=[]} | ret=SUCCESS |  
2019-09-04 03:23:43,011 | INFO  | SCMAudit | user=jenkins1000 | ip=192.168.69.105 | op=SEND_HEARTBEAT {datanodeUUID=84f9c2c4-73f2-4ad7-b9a8-3f333e5b0e84, command=[]} | ret=SUCCESS |  
2019-09-04 03:23:43,014 | INFO  | SCMAudit | user=jenkins1000 | ip=192.168.69.105 | op=SEND_HEARTBEAT {datanodeUUID=3895fe08-5e04-46ac-ae6d-2b942b921927, command=[]} | ret=SUCCESS |  
2019-09-04 03:23:43,025 | INFO  | SCMAudit | user=jenkins1000 | ip=192.168.69.105 | op=SEND_HEARTBEAT {datanodeUUID=524a4774-666f-452c-9a20-e87fa1e4f616, command=[]} | ret=SUCCESS |  
2019-09-04 03:23:43,041 | INFO  | SCMAudit | user=jenkins1000 | ip=192.168.69.105 | op=SEND_HEARTBEAT {datanodeUUID=3bf639f6-5176-4655-a6a8-540014321443, command=[]} | ret=SUCCESS |  
2019-09-04 03:23:43,293 | INFO  | SCMAudit | user=jenkins1000 | ip=192.168.69.105 | op=SEND_HEARTBEAT {datanodeUUID=6b521d90-43c4-4267-a955-3154b8383673, command=[]} | ret=SUCCESS |  
2019-09-04 03:23:43,353 | INFO  | SCMAudit | user=jenkins1000 | ip=192.168.69.105 | op=SEND_HEARTBEAT {datanodeUUID=50a57ad1-8537-401a-9ef5-5731af50f432, command=[]} | ret=SUCCESS |  
2019-09-04 03:23:43,822 | INFO  | SCMAudit | user=jenkins1000 | ip=192.168.69.105 | op=SEND_HEARTBEAT {datanodeUUID=5874772f-8d83-4395-aefd-8b53e7bb01f4, command=[]} | ret=SUCCESS |  
2019-09-04 03:23:44,011 | INFO  | SCMAudit | user=jenkins1000 | ip=192.168.69.105 | op=SEND_HEARTBEAT {datanodeUUID=84f9c2c4-73f2-4ad7-b9a8-3f333e5b0e84, command=[]} | ret=SUCCESS |  
2019-09-04 03:23:44,014 | INFO  | SCMAudit | user=jenkins1000 | ip=192.168.69.105 | op=SEND_HEARTBEAT {datanodeUUID=3895fe08-5e04-46ac-ae6d-2b942b921927, command=[]} | ret=SUCCESS |  
2019-09-04 03:23:44,025 | INFO  | SCMAudit | user=jenkins1000 | ip=192.168.69.105 | op=SEND_HEARTBEAT {datanodeUUID=524a4774-666f-452c-9a20-e87fa1e4f616, command=[]} | ret=SUCCESS |  
2019-09-04 03:23:44,041 | INFO  | SCMAudit | user=jenkins1000 | ip=192.168.69.105 | op=SEND_HEARTBEAT {datanodeUUID=3bf639f6-5176-4655-a6a8-540014321443, command=[]} | ret=SUCCESS |  
2019-09-04 03:23:44,293 | INFO  | SCMAudit | user=jenkins1000 | ip=192.168.69.105 | op=SEND_HEARTBEAT {datanodeUUID=6b521d90-43c4-4267-a955-3154b8383673, command=[]} | ret=SUCCESS |  
2019-09-04 03:23:44,353 | INFO  | SCMAudit | user=jenkins1000 | ip=192.168.69.105 | op=SEND_HEARTBEAT {datanodeUUID=50a57ad1-8537-401a-9ef5-5731af50f432, command=[]} | ret=SUCCESS |  
2019-09-04 03:23:44,709 [grpc-default-executor-4] INFO  client.GrpcClientProtocolClient (GrpcClientProtocolClient.java:onNext(255)) - client-81D3A7E5B111->524a4774-666f-452c-9a20-e87fa1e4f616: receive RaftClientReply:client-81D3A7E5B111->524a4774-666f-452c-9a20-e87fa1e4f616@group-002EB6C1B0CF, cid=45, FAILED org.apache.ratis.protocol.NotLeaderException: Server 524a4774-666f-452c-9a20-e87fa1e4f616 is not the leader (3895fe08-5e04-46ac-ae6d-2b942b921927:192.168.69.105:44785). Request must be sent to leader., logIndex=0, commits[524a4774-666f-452c-9a20-e87fa1e4f616:c8, 3895fe08-5e04-46ac-ae6d-2b942b921927:c8, 84f9c2c4-73f2-4ad7-b9a8-3f333e5b0e84:c8]
2019-09-04 03:23:44,822 | INFO  | SCMAudit | user=jenkins1000 | ip=192.168.69.105 | op=SEND_HEARTBEAT {datanodeUUID=5874772f-8d83-4395-aefd-8b53e7bb01f4, command=[]} | ret=SUCCESS |  
2019-09-04 03:23:45,012 | INFO  | SCMAudit | user=jenkins1000 | ip=192.168.69.105 | op=SEND_HEARTBEAT {datanodeUUID=84f9c2c4-73f2-4ad7-b9a8-3f333e5b0e84, command=[]} | ret=SUCCESS |  
2019-09-04 03:23:45,014 | INFO  | SCMAudit | user=jenkins1000 | ip=192.168.69.105 | op=SEND_HEARTBEAT {datanodeUUID=3895fe08-5e04-46ac-ae6d-2b942b921927, command=[]} | ret=SUCCESS |  
2019-09-04 03:23:45,025 | INFO  | SCMAudit | user=jenkins1000 | ip=192.168.69.105 | op=SEND_HEARTBEAT {datanodeUUID=524a4774-666f-452c-9a20-e87fa1e4f616, command=[]} | ret=SUCCESS |  
2019-09-04 03:23:45,041 | INFO  | SCMAudit | user=jenkins1000 | ip=192.168.69.105 | op=SEND_HEARTBEAT {datanodeUUID=3bf639f6-5176-4655-a6a8-540014321443, command=[]} | ret=SUCCESS |  
2019-09-04 03:23:45,293 | INFO  | SCMAudit | user=jenkins1000 | ip=192.168.69.105 | op=SEND_HEARTBEAT {datanodeUUID=6b521d90-43c4-4267-a955-3154b8383673, command=[]} | ret=SUCCESS |  
2019-09-04 03:23:45,353 | INFO  | SCMAudit | user=jenkins1000 | ip=192.168.69.105 | op=SEND_HEARTBEAT {datanodeUUID=50a57ad1-8537-401a-9ef5-5731af50f432, command=[]} | ret=SUCCESS |  
2019-09-04 03:23:45,821 | INFO  | SCMAudit | user=jenkins1000 | ip=192.168.69.105 | op=SEND_HEARTBEAT {datanodeUUID=5874772f-8d83-4395-aefd-8b53e7bb01f4, command=[]} | ret=SUCCESS |  
2019-09-04 03:23:46,011 | INFO  | SCMAudit | user=jenkins1000 | ip=192.168.69.105 | op=SEND_HEARTBEAT {datanodeUUID=84f9c2c4-73f2-4ad7-b9a8-3f333e5b0e84, command=[]} | ret=SUCCESS |  
2019-09-04 03:23:46,014 | INFO  | SCMAudit | user=jenkins1000 | ip=192.168.69.105 | op=SEND_HEARTBEAT {datanodeUUID=3895fe08-5e04-46ac-ae6d-2b942b921927, command=[]} | ret=SUCCESS |  
2019-09-04 03:23:46,025 | INFO  | SCMAudit | user=jenkins1000 | ip=192.168.69.105 | op=SEND_HEARTBEAT {datanodeUUID=524a4774-666f-452c-9a20-e87fa1e4f616, command=[]} | ret=SUCCESS |  
2019-09-04 03:23:46,041 | INFO  | SCMAudit | user=jenkins1000 | ip=192.168.69.105 | op=SEND_HEARTBEAT {datanodeUUID=3bf639f6-5176-4655-a6a8-540014321443, command=[]} | ret=SUCCESS |  
2019-09-04 03:23:46,294 | INFO  | SCMAudit | user=jenkins1000 | ip=192.168.69.105 | op=SEND_HEARTBEAT {datanodeUUID=6b521d90-43c4-4267-a955-3154b8383673, command=[]} | ret=SUCCESS |  
2019-09-04 03:23:46,353 | INFO  | SCMAudit | user=jenkins1000 | ip=192.168.69.105 | op=SEND_HEARTBEAT {datanodeUUID=50a57ad1-8537-401a-9ef5-5731af50f432, command=[]} | ret=SUCCESS |  
2019-09-04 03:23:46,821 | INFO  | SCMAudit | user=jenkins1000 | ip=192.168.69.105 | op=SEND_HEARTBEAT {datanodeUUID=5874772f-8d83-4395-aefd-8b53e7bb01f4, command=[]} | ret=SUCCESS |  
2019-09-04 03:23:47,011 | INFO  | SCMAudit | user=jenkins1000 | ip=192.168.69.105 | op=SEND_HEARTBEAT {datanodeUUID=84f9c2c4-73f2-4ad7-b9a8-3f333e5b0e84, command=[]} | ret=SUCCESS |  
2019-09-04 03:23:47,014 | INFO  | SCMAudit | user=jenkins1000 | ip=192.168.69.105 | op=SEND_HEARTBEAT {datanodeUUID=3895fe08-5e04-46ac-ae6d-2b942b921927, command=[]} | ret=SUCCESS |  
2019-09-04 03:23:47,026 | INFO  | SCMAudit | user=jenkins1000 | ip=192.168.69.105 | op=SEND_HEARTBEAT {datanodeUUID=524a4774-666f-452c-9a20-e87fa1e4f616, command=[]} | ret=SUCCESS |  
2019-09-04 03:23:47,041 | INFO  | SCMAudit | user=jenkins1000 | ip=192.168.69.105 | op=SEND_HEARTBEAT {datanodeUUID=3bf639f6-5176-4655-a6a8-540014321443, command=[]} | ret=SUCCESS |  
2019-09-04 03:23:47,293 | INFO  | SCMAudit | user=jenkins1000 | ip=192.168.69.105 | op=SEND_HEARTBEAT {datanodeUUID=6b521d90-43c4-4267-a955-3154b8383673, command=[]} | ret=SUCCESS |  
2019-09-04 03:23:47,353 | INFO  | SCMAudit | user=jenkins1000 | ip=192.168.69.105 | op=SEND_HEARTBEAT {datanodeUUID=50a57ad1-8537-401a-9ef5-5731af50f432, command=[]} | ret=SUCCESS |  
2019-09-04 03:23:47,821 | INFO  | SCMAudit | user=jenkins1000 | ip=192.168.69.105 | op=SEND_HEARTBEAT {datanodeUUID=5874772f-8d83-4395-aefd-8b53e7bb01f4, command=[]} | ret=SUCCESS |  
2019-09-04 03:23:48,012 | INFO  | SCMAudit | user=jenkins1000 | ip=192.168.69.105 | op=SEND_HEARTBEAT {datanodeUUID=84f9c2c4-73f2-4ad7-b9a8-3f333e5b0e84, command=[]} | ret=SUCCESS |  
2019-09-04 03:23:48,014 | INFO  | SCMAudit | user=jenkins1000 | ip=192.168.69.105 | op=SEND_HEARTBEAT {datanodeUUID=3895fe08-5e04-46ac-ae6d-2b942b921927, command=[]} | ret=SUCCESS |  
2019-09-04 03:23:48,026 | INFO  | SCMAudit | user=jenkins1000 | ip=192.168.69.105 | op=SEND_HEARTBEAT {datanodeUUID=524a4774-666f-452c-9a20-e87fa1e4f616, command=[]} | ret=SUCCESS |  
2019-09-04 03:23:48,041 | INFO  | SCMAudit | user=jenkins1000 | ip=192.168.69.105 | op=SEND_HEARTBEAT {datanodeUUID=3bf639f6-5176-4655-a6a8-540014321443, command=[]} | ret=SUCCESS |  
2019-09-04 03:23:48,293 | INFO  | SCMAudit | user=jenkins1000 | ip=192.168.69.105 | op=SEND_HEARTBEAT {datanodeUUID=6b521d90-43c4-4267-a955-3154b8383673, command=[]} | ret=SUCCESS |  
2019-09-04 03:23:48,354 | INFO  | SCMAudit | user=jenkins1000 | ip=192.168.69.105 | op=SEND_HEARTBEAT {datanodeUUID=50a57ad1-8537-401a-9ef5-5731af50f432, command=[]} | ret=SUCCESS |  
2019-09-04 03:23:48,822 | INFO  | SCMAudit | user=jenkins1000 | ip=192.168.69.105 | op=SEND_HEARTBEAT {datanodeUUID=5874772f-8d83-4395-aefd-8b53e7bb01f4, command=[]} | ret=SUCCESS |  
2019-09-04 03:23:49,012 | INFO  | SCMAudit | user=jenkins1000 | ip=192.168.69.105 | op=SEND_HEARTBEAT {datanodeUUID=84f9c2c4-73f2-4ad7-b9a8-3f333e5b0e84, command=[]} | ret=SUCCESS |  
2019-09-04 03:23:49,014 | INFO  | SCMAudit | user=jenkins1000 | ip=192.168.69.105 | op=SEND_HEARTBEAT {datanodeUUID=3895fe08-5e04-46ac-ae6d-2b942b921927, command=[]} | ret=SUCCESS |  
2019-09-04 03:23:49,027 | INFO  | SCMAudit | user=jenkins1000 | ip=192.168.69.105 | op=SEND_HEARTBEAT {datanodeUUID=524a4774-666f-452c-9a20-e87fa1e4f616, command=[]} | ret=SUCCESS |  
2019-09-04 03:23:49,041 | INFO  | SCMAudit | user=jenkins1000 | ip=192.168.69.105 | op=SEND_HEARTBEAT {datanodeUUID=3bf639f6-5176-4655-a6a8-540014321443, command=[]} | ret=SUCCESS |  
2019-09-04 03:23:49,294 | INFO  | SCMAudit | user=jenkins1000 | ip=192.168.69.105 | op=SEND_HEARTBEAT {datanodeUUID=6b521d90-43c4-4267-a955-3154b8383673, command=[]} | ret=SUCCESS |  
2019-09-04 03:23:49,354 | INFO  | SCMAudit | user=jenkins1000 | ip=192.168.69.105 | op=SEND_HEARTBEAT {datanodeUUID=50a57ad1-8537-401a-9ef5-5731af50f432, command=[]} | ret=SUCCESS |  
2019-09-04 03:23:49,752 [grpc-default-executor-4] INFO  client.GrpcClientProtocolClient (GrpcClientProtocolClient.java:onNext(255)) - client-81D3A7E5B111->84f9c2c4-73f2-4ad7-b9a8-3f333e5b0e84: receive RaftClientReply:client-81D3A7E5B111->84f9c2c4-73f2-4ad7-b9a8-3f333e5b0e84@group-002EB6C1B0CF, cid=45, FAILED org.apache.ratis.protocol.NotLeaderException: Server 84f9c2c4-73f2-4ad7-b9a8-3f333e5b0e84 is not the leader (3895fe08-5e04-46ac-ae6d-2b942b921927:192.168.69.105:44785). Request must be sent to leader., logIndex=0, commits[84f9c2c4-73f2-4ad7-b9a8-3f333e5b0e84:c8, 3895fe08-5e04-46ac-ae6d-2b942b921927:c8, 524a4774-666f-452c-9a20-e87fa1e4f616:c8]
2019-09-04 03:23:49,821 | INFO  | SCMAudit | user=jenkins1000 | ip=192.168.69.105 | op=SEND_HEARTBEAT {datanodeUUID=5874772f-8d83-4395-aefd-8b53e7bb01f4, command=[]} | ret=SUCCESS |  
2019-09-04 03:23:50,012 | INFO  | SCMAudit | user=jenkins1000 | ip=192.168.69.105 | op=SEND_HEARTBEAT {datanodeUUID=84f9c2c4-73f2-4ad7-b9a8-3f333e5b0e84, command=[]} | ret=SUCCESS |  
2019-09-04 03:23:50,014 | INFO  | SCMAudit | user=jenkins1000 | ip=192.168.69.105 | op=SEND_HEARTBEAT {datanodeUUID=3895fe08-5e04-46ac-ae6d-2b942b921927, command=[]} | ret=SUCCESS |  
2019-09-04 03:23:50,028 | INFO  | SCMAudit | user=jenkins1000 | ip=192.168.69.105 | op=SEND_HEARTBEAT {datanodeUUID=524a4774-666f-452c-9a20-e87fa1e4f616, command=[]} | ret=SUCCESS |  
2019-09-04 03:23:50,041 | INFO  | SCMAudit | user=jenkins1000 | ip=192.168.69.105 | op=SEND_HEARTBEAT {datanodeUUID=3bf639f6-5176-4655-a6a8-540014321443, command=[]} | ret=SUCCESS |  
2019-09-04 03:23:50,293 | INFO  | SCMAudit | user=jenkins1000 | ip=192.168.69.105 | op=SEND_HEARTBEAT {datanodeUUID=6b521d90-43c4-4267-a955-3154b8383673, command=[]} | ret=SUCCESS |  
2019-09-04 03:23:50,354 | INFO  | SCMAudit | user=jenkins1000 | ip=192.168.69.105 | op=SEND_HEARTBEAT {datanodeUUID=50a57ad1-8537-401a-9ef5-5731af50f432, command=[]} | ret=SUCCESS |  
2019-09-04 03:23:50,822 | INFO  | SCMAudit | user=jenkins1000 | ip=192.168.69.105 | op=SEND_HEARTBEAT {datanodeUUID=5874772f-8d83-4395-aefd-8b53e7bb01f4, command=[]} | ret=SUCCESS |  
2019-09-04 03:23:51,013 | INFO  | SCMAudit | user=jenkins1000 | ip=192.168.69.105 | op=SEND_HEARTBEAT {datanodeUUID=84f9c2c4-73f2-4ad7-b9a8-3f333e5b0e84, command=[]} | ret=SUCCESS |  
2019-09-04 03:23:51,014 | INFO  | SCMAudit | user=jenkins1000 | ip=192.168.69.105 | op=SEND_HEARTBEAT {datanodeUUID=3895fe08-5e04-46ac-ae6d-2b942b921927, command=[]} | ret=SUCCESS |  
2019-09-04 03:23:51,027 | INFO  | SCMAudit | user=jenkins1000 | ip=192.168.69.105 | op=SEND_HEARTBEAT {datanodeUUID=524a4774-666f-452c-9a20-e87fa1e4f616, command=[]} | ret=SUCCESS |  
2019-09-04 03:23:51,041 | INFO  | SCMAudit | user=jenkins1000 | ip=192.168.69.105 | op=SEND_HEARTBEAT {datanodeUUID=3bf639f6-5176-4655-a6a8-540014321443, command=[]} | ret=SUCCESS |  
2019-09-04 03:23:51,294 | INFO  | SCMAudit | user=jenkins1000 | ip=192.168.69.105 | op=SEND_HEARTBEAT {datanodeUUID=6b521d90-43c4-4267-a955-3154b8383673, command=[]} | ret=SUCCESS |  
2019-09-04 03:23:51,354 | INFO  | SCMAudit | user=jenkins1000 | ip=192.168.69.105 | op=SEND_HEARTBEAT {datanodeUUID=50a57ad1-8537-401a-9ef5-5731af50f432, command=[]} | ret=SUCCESS |  
2019-09-04 03:23:51,822 | INFO  | SCMAudit | user=jenkins1000 | ip=192.168.69.105 | op=SEND_HEARTBEAT {datanodeUUID=5874772f-8d83-4395-aefd-8b53e7bb01f4, command=[]} | ret=SUCCESS |  
2019-09-04 03:23:52,013 | INFO  | SCMAudit | user=jenkins1000 | ip=192.168.69.105 | op=SEND_HEARTBEAT {datanodeUUID=84f9c2c4-73f2-4ad7-b9a8-3f333e5b0e84, command=[]} | ret=SUCCESS |  
2019-09-04 03:23:52,014 | INFO  | SCMAudit | user=jenkins1000 | ip=192.168.69.105 | op=SEND_HEARTBEAT {datanodeUUID=3895fe08-5e04-46ac-ae6d-2b942b921927, command=[]} | ret=SUCCESS |  
2019-09-04 03:23:52,028 | INFO  | SCMAudit | user=jenkins1000 | ip=192.168.69.105 | op=SEND_HEARTBEAT {datanodeUUID=524a4774-666f-452c-9a20-e87fa1e4f616, command=[]} | ret=SUCCESS |  
2019-09-04 03:23:52,041 | INFO  | SCMAudit | user=jenkins1000 | ip=192.168.69.105 | op=SEND_HEARTBEAT {datanodeUUID=3bf639f6-5176-4655-a6a8-540014321443, command=[]} | ret=SUCCESS |  
2019-09-04 03:23:52,293 | INFO  | SCMAudit | user=jenkins1000 | ip=192.168.69.105 | op=SEND_HEARTBEAT {datanodeUUID=6b521d90-43c4-4267-a955-3154b8383673, command=[]} | ret=SUCCESS |  
2019-09-04 03:23:52,355 | INFO  | SCMAudit | user=jenkins1000 | ip=192.168.69.105 | op=SEND_HEARTBEAT {datanodeUUID=50a57ad1-8537-401a-9ef5-5731af50f432, command=[]} | ret=SUCCESS |  
2019-09-04 03:23:52,822 | INFO  | SCMAudit | user=jenkins1000 | ip=192.168.69.105 | op=SEND_HEARTBEAT {datanodeUUID=5874772f-8d83-4395-aefd-8b53e7bb01f4, command=[]} | ret=SUCCESS |  
2019-09-04 03:23:53,014 | INFO  | SCMAudit | user=jenkins1000 | ip=192.168.69.105 | op=SEND_HEARTBEAT {datanodeUUID=84f9c2c4-73f2-4ad7-b9a8-3f333e5b0e84, command=[]} | ret=SUCCESS |  
2019-09-04 03:23:53,014 | INFO  | SCMAudit | user=jenkins1000 | ip=192.168.69.105 | op=SEND_HEARTBEAT {datanodeUUID=3895fe08-5e04-46ac-ae6d-2b942b921927, command=[]} | ret=SUCCESS |  
2019-09-04 03:23:53,027 | INFO  | SCMAudit | user=jenkins1000 | ip=192.168.69.105 | op=SEND_HEARTBEAT {datanodeUUID=524a4774-666f-452c-9a20-e87fa1e4f616, command=[]} | ret=SUCCESS |  
2019-09-04 03:23:53,041 | INFO  | SCMAudit | user=jenkins1000 | ip=192.168.69.105 | op=SEND_HEARTBEAT {datanodeUUID=3bf639f6-5176-4655-a6a8-540014321443, command=[]} | ret=SUCCESS |  
2019-09-04 03:23:53,293 | INFO  | SCMAudit | user=jenkins1000 | ip=192.168.69.105 | op=SEND_HEARTBEAT {datanodeUUID=6b521d90-43c4-4267-a955-3154b8383673, command=[]} | ret=SUCCESS |  
2019-09-04 03:23:53,355 | INFO  | SCMAudit | user=jenkins1000 | ip=192.168.69.105 | op=SEND_HEARTBEAT {datanodeUUID=50a57ad1-8537-401a-9ef5-5731af50f432, command=[]} | ret=SUCCESS |  
2019-09-04 03:23:53,823 | INFO  | SCMAudit | user=jenkins1000 | ip=192.168.69.105 | op=SEND_HEARTBEAT {datanodeUUID=5874772f-8d83-4395-aefd-8b53e7bb01f4, command=[]} | ret=SUCCESS |  
2019-09-04 03:23:54,013 | INFO  | SCMAudit | user=jenkins1000 | ip=192.168.69.105 | op=SEND_HEARTBEAT {datanodeUUID=84f9c2c4-73f2-4ad7-b9a8-3f333e5b0e84, command=[]} | ret=SUCCESS |  
2019-09-04 03:23:54,014 | INFO  | SCMAudit | user=jenkins1000 | ip=192.168.69.105 | op=SEND_HEARTBEAT {datanodeUUID=3895fe08-5e04-46ac-ae6d-2b942b921927, command=[]} | ret=SUCCESS |  
2019-09-04 03:23:54,027 | INFO  | SCMAudit | user=jenkins1000 | ip=192.168.69.105 | op=SEND_HEARTBEAT {datanodeUUID=524a4774-666f-452c-9a20-e87fa1e4f616, command=[]} | ret=SUCCESS |  
2019-09-04 03:23:54,042 | INFO  | SCMAudit | user=jenkins1000 | ip=192.168.69.105 | op=SEND_HEARTBEAT {datanodeUUID=3bf639f6-5176-4655-a6a8-540014321443, command=[]} | ret=SUCCESS |  
2019-09-04 03:23:54,293 | INFO  | SCMAudit | user=jenkins1000 | ip=192.168.69.105 | op=SEND_HEARTBEAT {datanodeUUID=6b521d90-43c4-4267-a955-3154b8383673, command=[]} | ret=SUCCESS |  
2019-09-04 03:23:54,355 | INFO  | SCMAudit | user=jenkins1000 | ip=192.168.69.105 | op=SEND_HEARTBEAT {datanodeUUID=50a57ad1-8537-401a-9ef5-5731af50f432, command=[]} | ret=SUCCESS |  
2019-09-04 03:23:54,789 [grpc-default-executor-3] INFO  client.GrpcClientProtocolClient (GrpcClientProtocolClient.java:onNext(255)) - client-81D3A7E5B111->84f9c2c4-73f2-4ad7-b9a8-3f333e5b0e84: receive RaftClientReply:client-81D3A7E5B111->84f9c2c4-73f2-4ad7-b9a8-3f333e5b0e84@group-002EB6C1B0CF, cid=45, FAILED org.apache.ratis.protocol.NotLeaderException: Server 84f9c2c4-73f2-4ad7-b9a8-3f333e5b0e84 is not the leader (3895fe08-5e04-46ac-ae6d-2b942b921927:192.168.69.105:44785). Request must be sent to leader., logIndex=0, commits[84f9c2c4-73f2-4ad7-b9a8-3f333e5b0e84:c8, 3895fe08-5e04-46ac-ae6d-2b942b921927:c8, 524a4774-666f-452c-9a20-e87fa1e4f616:c8]
2019-09-04 03:23:54,822 | INFO  | SCMAudit | user=jenkins1000 | ip=192.168.69.105 | op=SEND_HEARTBEAT {datanodeUUID=5874772f-8d83-4395-aefd-8b53e7bb01f4, command=[]} | ret=SUCCESS |  
2019-09-04 03:23:55,014 | INFO  | SCMAudit | user=jenkins1000 | ip=192.168.69.105 | op=SEND_HEARTBEAT {datanodeUUID=84f9c2c4-73f2-4ad7-b9a8-3f333e5b0e84, command=[]} | ret=SUCCESS |  
2019-09-04 03:23:55,014 | INFO  | SCMAudit | user=jenkins1000 | ip=192.168.69.105 | op=SEND_HEARTBEAT {datanodeUUID=3895fe08-5e04-46ac-ae6d-2b942b921927, command=[]} | ret=SUCCESS |  
2019-09-04 03:23:55,027 | INFO  | SCMAudit | user=jenkins1000 | ip=192.168.69.105 | op=SEND_HEARTBEAT {datanodeUUID=524a4774-666f-452c-9a20-e87fa1e4f616, command=[]} | ret=SUCCESS |  
2019-09-04 03:23:55,043 | INFO  | SCMAudit | user=jenkins1000 | ip=192.168.69.105 | op=SEND_HEARTBEAT {datanodeUUID=3bf639f6-5176-4655-a6a8-540014321443, command=[]} | ret=SUCCESS |  
2019-09-04 03:23:55,293 | INFO  | SCMAudit | user=jenkins1000 | ip=192.168.69.105 | op=SEND_HEARTBEAT {datanodeUUID=6b521d90-43c4-4267-a955-3154b8383673, command=[]} | ret=SUCCESS |  
2019-09-04 03:23:55,355 | INFO  | SCMAudit | user=jenkins1000 | ip=192.168.69.105 | op=SEND_HEARTBEAT {datanodeUUID=50a57ad1-8537-401a-9ef5-5731af50f432, command=[]} | ret=SUCCESS |  
2019-09-04 03:23:55,822 | INFO  | SCMAudit | user=jenkins1000 | ip=192.168.69.105 | op=SEND_HEARTBEAT {datanodeUUID=5874772f-8d83-4395-aefd-8b53e7bb01f4, command=[]} | ret=SUCCESS |  
2019-09-04 03:23:56,013 | INFO  | SCMAudit | user=jenkins1000 | ip=192.168.69.105 | op=SEND_HEARTBEAT {datanodeUUID=84f9c2c4-73f2-4ad7-b9a8-3f333e5b0e84, command=[]} | ret=SUCCESS |  
2019-09-04 03:23:56,014 | INFO  | SCMAudit | user=jenkins1000 | ip=192.168.69.105 | op=SEND_HEARTBEAT {datanodeUUID=3895fe08-5e04-46ac-ae6d-2b942b921927, command=[]} | ret=SUCCESS |  
2019-09-04 03:23:56,027 | INFO  | SCMAudit | user=jenkins1000 | ip=192.168.69.105 | op=SEND_HEARTBEAT {datanodeUUID=524a4774-666f-452c-9a20-e87fa1e4f616, command=[]} | ret=SUCCESS |  
2019-09-04 03:23:56,043 | INFO  | SCMAudit | user=jenkins1000 | ip=192.168.69.105 | op=SEND_HEARTBEAT {datanodeUUID=3bf639f6-5176-4655-a6a8-540014321443, command=[]} | ret=SUCCESS |  
2019-09-04 03:23:56,294 | INFO  | SCMAudit | user=jenkins1000 | ip=192.168.69.105 | op=SEND_HEARTBEAT {datanodeUUID=6b521d90-43c4-4267-a955-3154b8383673, command=[]} | ret=SUCCESS |  
2019-09-04 03:23:56,355 | INFO  | SCMAudit | user=jenkins1000 | ip=192.168.69.105 | op=SEND_HEARTBEAT {datanodeUUID=50a57ad1-8537-401a-9ef5-5731af50f432, command=[]} | ret=SUCCESS |  
2019-09-04 03:23:56,823 | INFO  | SCMAudit | user=jenkins1000 | ip=192.168.69.105 | op=SEND_HEARTBEAT {datanodeUUID=5874772f-8d83-4395-aefd-8b53e7bb01f4, command=[]} | ret=SUCCESS |  
2019-09-04 03:23:57,013 | INFO  | SCMAudit | user=jenkins1000 | ip=192.168.69.105 | op=SEND_HEARTBEAT {datanodeUUID=84f9c2c4-73f2-4ad7-b9a8-3f333e5b0e84, command=[]} | ret=SUCCESS |  
2019-09-04 03:23:57,014 | INFO  | SCMAudit | user=jenkins1000 | ip=192.168.69.105 | op=SEND_HEARTBEAT {datanodeUUID=3895fe08-5e04-46ac-ae6d-2b942b921927, command=[]} | ret=SUCCESS |  
2019-09-04 03:23:57,027 | INFO  | SCMAudit | user=jenkins1000 | ip=192.168.69.105 | op=SEND_HEARTBEAT {datanodeUUID=524a4774-666f-452c-9a20-e87fa1e4f616, command=[]} | ret=SUCCESS |  
2019-09-04 03:23:57,043 | INFO  | SCMAudit | user=jenkins1000 | ip=192.168.69.105 | op=SEND_HEARTBEAT {datanodeUUID=3bf639f6-5176-4655-a6a8-540014321443, command=[]} | ret=SUCCESS |  
2019-09-04 03:23:57,293 | INFO  | SCMAudit | user=jenkins1000 | ip=192.168.69.105 | op=SEND_HEARTBEAT {datanodeUUID=6b521d90-43c4-4267-a955-3154b8383673, command=[]} | ret=SUCCESS |  
2019-09-04 03:23:57,356 | INFO  | SCMAudit | user=jenkins1000 | ip=192.168.69.105 | op=SEND_HEARTBEAT {datanodeUUID=50a57ad1-8537-401a-9ef5-5731af50f432, command=[]} | ret=SUCCESS |  
2019-09-04 03:23:57,822 | INFO  | SCMAudit | user=jenkins1000 | ip=192.168.69.105 | op=SEND_HEARTBEAT {datanodeUUID=5874772f-8d83-4395-aefd-8b53e7bb01f4, command=[]} | ret=SUCCESS |  
2019-09-04 03:23:58,014 | INFO  | SCMAudit | user=jenkins1000 | ip=192.168.69.105 | op=SEND_HEARTBEAT {datanodeUUID=84f9c2c4-73f2-4ad7-b9a8-3f333e5b0e84, command=[]} | ret=SUCCESS |  
2019-09-04 03:23:58,014 | INFO  | SCMAudit | user=jenkins1000 | ip=192.168.69.105 | op=SEND_HEARTBEAT {datanodeUUID=3895fe08-5e04-46ac-ae6d-2b942b921927, command=[]} | ret=SUCCESS |  
2019-09-04 03:23:58,028 | INFO  | SCMAudit | user=jenkins1000 | ip=192.168.69.105 | op=SEND_HEARTBEAT {datanodeUUID=524a4774-666f-452c-9a20-e87fa1e4f616, command=[]} | ret=SUCCESS |  
2019-09-04 03:23:58,043 | INFO  | SCMAudit | user=jenkins1000 | ip=192.168.69.105 | op=SEND_HEARTBEAT {datanodeUUID=3bf639f6-5176-4655-a6a8-540014321443, command=[]} | ret=SUCCESS |  
2019-09-04 03:23:58,293 | INFO  | SCMAudit | user=jenkins1000 | ip=192.168.69.105 | op=SEND_HEARTBEAT {datanodeUUID=6b521d90-43c4-4267-a955-3154b8383673, command=[]} | ret=SUCCESS |  
2019-09-04 03:23:58,356 | INFO  | SCMAudit | user=jenkins1000 | ip=192.168.69.105 | op=SEND_HEARTBEAT {datanodeUUID=50a57ad1-8537-401a-9ef5-5731af50f432, command=[]} | ret=SUCCESS |  
2019-09-04 03:23:58,823 | INFO  | SCMAudit | user=jenkins1000 | ip=192.168.69.105 | op=SEND_HEARTBEAT {datanodeUUID=5874772f-8d83-4395-aefd-8b53e7bb01f4, command=[]} | ret=SUCCESS |  
2019-09-04 03:23:59,014 | INFO  | SCMAudit | user=jenkins1000 | ip=192.168.69.105 | op=SEND_HEARTBEAT {datanodeUUID=3895fe08-5e04-46ac-ae6d-2b942b921927, command=[]} | ret=SUCCESS |  
2019-09-04 03:23:59,014 | INFO  | SCMAudit | user=jenkins1000 | ip=192.168.69.105 | op=SEND_HEARTBEAT {datanodeUUID=84f9c2c4-73f2-4ad7-b9a8-3f333e5b0e84, command=[]} | ret=SUCCESS |  
2019-09-04 03:23:59,027 | INFO  | SCMAudit | user=jenkins1000 | ip=192.168.69.105 | op=SEND_HEARTBEAT {datanodeUUID=524a4774-666f-452c-9a20-e87fa1e4f616, command=[]} | ret=SUCCESS |  
2019-09-04 03:23:59,043 | INFO  | SCMAudit | user=jenkins1000 | ip=192.168.69.105 | op=SEND_HEARTBEAT {datanodeUUID=3bf639f6-5176-4655-a6a8-540014321443, command=[]} | ret=SUCCESS |  
2019-09-04 03:23:59,293 | INFO  | SCMAudit | user=jenkins1000 | ip=192.168.69.105 | op=SEND_HEARTBEAT {datanodeUUID=6b521d90-43c4-4267-a955-3154b8383673, command=[]} | ret=SUCCESS |  
2019-09-04 03:23:59,356 | INFO  | SCMAudit | user=jenkins1000 | ip=192.168.69.105 | op=SEND_HEARTBEAT {datanodeUUID=50a57ad1-8537-401a-9ef5-5731af50f432, command=[]} | ret=SUCCESS |  
2019-09-04 03:23:59,825 | INFO  | SCMAudit | user=jenkins1000 | ip=192.168.69.105 | op=SEND_HEARTBEAT {datanodeUUID=5874772f-8d83-4395-aefd-8b53e7bb01f4, command=[]} | ret=SUCCESS |  
2019-09-04 03:23:59,825 [grpc-default-executor-3] INFO  client.GrpcClientProtocolClient (GrpcClientProtocolClient.java:onNext(255)) - client-81D3A7E5B111->524a4774-666f-452c-9a20-e87fa1e4f616: receive RaftClientReply:client-81D3A7E5B111->524a4774-666f-452c-9a20-e87fa1e4f616@group-002EB6C1B0CF, cid=45, FAILED org.apache.ratis.protocol.NotLeaderException: Server 524a4774-666f-452c-9a20-e87fa1e4f616 is not the leader (3895fe08-5e04-46ac-ae6d-2b942b921927:192.168.69.105:44785). Request must be sent to leader., logIndex=0, commits[524a4774-666f-452c-9a20-e87fa1e4f616:c8, 3895fe08-5e04-46ac-ae6d-2b942b921927:c8, 84f9c2c4-73f2-4ad7-b9a8-3f333e5b0e84:c8]
2019-09-04 03:24:00,015 | INFO  | SCMAudit | user=jenkins1000 | ip=192.168.69.105 | op=SEND_HEARTBEAT {datanodeUUID=84f9c2c4-73f2-4ad7-b9a8-3f333e5b0e84, command=[]} | ret=SUCCESS |  
2019-09-04 03:24:00,015 | INFO  | SCMAudit | user=jenkins1000 | ip=192.168.69.105 | op=SEND_HEARTBEAT {datanodeUUID=3895fe08-5e04-46ac-ae6d-2b942b921927, command=[]} | ret=SUCCESS |  
2019-09-04 03:24:00,027 | INFO  | SCMAudit | user=jenkins1000 | ip=192.168.69.105 | op=SEND_HEARTBEAT {datanodeUUID=524a4774-666f-452c-9a20-e87fa1e4f616, command=[]} | ret=SUCCESS |  
2019-09-04 03:24:00,043 | INFO  | SCMAudit | user=jenkins1000 | ip=192.168.69.105 | op=SEND_HEARTBEAT {datanodeUUID=3bf639f6-5176-4655-a6a8-540014321443, command=[]} | ret=SUCCESS |  
2019-09-04 03:24:00,294 | INFO  | SCMAudit | user=jenkins1000 | ip=192.168.69.105 | op=SEND_HEARTBEAT {datanodeUUID=6b521d90-43c4-4267-a955-3154b8383673, command=[]} | ret=SUCCESS |  
2019-09-04 03:24:00,357 | INFO  | SCMAudit | user=jenkins1000 | ip=192.168.69.105 | op=SEND_HEARTBEAT {datanodeUUID=50a57ad1-8537-401a-9ef5-5731af50f432, command=[]} | ret=SUCCESS |  
2019-09-04 03:24:00,824 | INFO  | SCMAudit | user=jenkins1000 | ip=192.168.69.105 | op=SEND_HEARTBEAT {datanodeUUID=5874772f-8d83-4395-aefd-8b53e7bb01f4, command=[]} | ret=SUCCESS |  
2019-09-04 03:24:01,015 | INFO  | SCMAudit | user=jenkins1000 | ip=192.168.69.105 | op=SEND_HEARTBEAT {datanodeUUID=3895fe08-5e04-46ac-ae6d-2b942b921927, command=[]} | ret=SUCCESS |  
2019-09-04 03:24:01,015 | INFO  | SCMAudit | user=jenkins1000 | ip=192.168.69.105 | op=SEND_HEARTBEAT {datanodeUUID=84f9c2c4-73f2-4ad7-b9a8-3f333e5b0e84, command=[]} | ret=SUCCESS |  
2019-09-04 03:24:01,028 | INFO  | SCMAudit | user=jenkins1000 | ip=192.168.69.105 | op=SEND_HEARTBEAT {datanodeUUID=524a4774-666f-452c-9a20-e87fa1e4f616, command=[]} | ret=SUCCESS |  
2019-09-04 03:24:01,044 | INFO  | SCMAudit | user=jenkins1000 | ip=192.168.69.105 | op=SEND_HEARTBEAT {datanodeUUID=3bf639f6-5176-4655-a6a8-540014321443, command=[]} | ret=SUCCESS |  
2019-09-04 03:24:01,294 | INFO  | SCMAudit | user=jenkins1000 | ip=192.168.69.105 | op=SEND_HEARTBEAT {datanodeUUID=6b521d90-43c4-4267-a955-3154b8383673, command=[]} | ret=SUCCESS |  
2019-09-04 03:24:01,356 | INFO  | SCMAudit | user=jenkins1000 | ip=192.168.69.105 | op=SEND_HEARTBEAT {datanodeUUID=50a57ad1-8537-401a-9ef5-5731af50f432, command=[]} | ret=SUCCESS |  
2019-09-04 03:24:01,827 | INFO  | SCMAudit | user=jenkins1000 | ip=192.168.69.105 | op=SEND_HEARTBEAT {datanodeUUID=5874772f-8d83-4395-aefd-8b53e7bb01f4, command=[]} | ret=SUCCESS |  
2019-09-04 03:24:02,015 | INFO  | SCMAudit | user=jenkins1000 | ip=192.168.69.105 | op=SEND_HEARTBEAT {datanodeUUID=3895fe08-5e04-46ac-ae6d-2b942b921927, command=[]} | ret=SUCCESS |  
2019-09-04 03:24:02,015 | INFO  | SCMAudit | user=jenkins1000 | ip=192.168.69.105 | op=SEND_HEARTBEAT {datanodeUUID=84f9c2c4-73f2-4ad7-b9a8-3f333e5b0e84, command=[]} | ret=SUCCESS |  
2019-09-04 03:24:02,028 | INFO  | SCMAudit | user=jenkins1000 | ip=192.168.69.105 | op=SEND_HEARTBEAT {datanodeUUID=524a4774-666f-452c-9a20-e87fa1e4f616, command=[]} | ret=SUCCESS |  
2019-09-04 03:24:02,043 | INFO  | SCMAudit | user=jenkins1000 | ip=192.168.69.105 | op=SEND_HEARTBEAT {datanodeUUID=3bf639f6-5176-4655-a6a8-540014321443, command=[]} | ret=SUCCESS |  
2019-09-04 03:24:02,294 | INFO  | SCMAudit | user=jenkins1000 | ip=192.168.69.105 | op=SEND_HEARTBEAT {datanodeUUID=6b521d90-43c4-4267-a955-3154b8383673, command=[]} | ret=SUCCESS |  
2019-09-04 03:24:02,356 | INFO  | SCMAudit | user=jenkins1000 | ip=192.168.69.105 | op=SEND_HEARTBEAT {datanodeUUID=50a57ad1-8537-401a-9ef5-5731af50f432, command=[]} | ret=SUCCESS |  
2019-09-04 03:24:02,824 | INFO  | SCMAudit | user=jenkins1000 | ip=192.168.69.105 | op=SEND_HEARTBEAT {datanodeUUID=5874772f-8d83-4395-aefd-8b53e7bb01f4, command=[]} | ret=SUCCESS |  
2019-09-04 03:24:03,015 | INFO  | SCMAudit | user=jenkins1000 | ip=192.168.69.105 | op=SEND_HEARTBEAT {datanodeUUID=84f9c2c4-73f2-4ad7-b9a8-3f333e5b0e84, command=[]} | ret=SUCCESS |  
2019-09-04 03:24:03,015 | INFO  | SCMAudit | user=jenkins1000 | ip=192.168.69.105 | op=SEND_HEARTBEAT {datanodeUUID=3895fe08-5e04-46ac-ae6d-2b942b921927, command=[]} | ret=SUCCESS |  
2019-09-04 03:24:03,028 | INFO  | SCMAudit | user=jenkins1000 | ip=192.168.69.105 | op=SEND_HEARTBEAT {datanodeUUID=524a4774-666f-452c-9a20-e87fa1e4f616, command=[]} | ret=SUCCESS |  
2019-09-04 03:24:03,043 | INFO  | SCMAudit | user=jenkins1000 | ip=192.168.69.105 | op=SEND_HEARTBEAT {datanodeUUID=3bf639f6-5176-4655-a6a8-540014321443, command=[]} | ret=SUCCESS |  
2019-09-04 03:24:03,295 | INFO  | SCMAudit | user=jenkins1000 | ip=192.168.69.105 | op=SEND_HEARTBEAT {datanodeUUID=6b521d90-43c4-4267-a955-3154b8383673, command=[]} | ret=SUCCESS |  
2019-09-04 03:24:03,356 | INFO  | SCMAudit | user=jenkins1000 | ip=192.168.69.105 | op=SEND_HEARTBEAT {datanodeUUID=50a57ad1-8537-401a-9ef5-5731af50f432, command=[]} | ret=SUCCESS |  
2019-09-04 03:24:03,825 | INFO  | SCMAudit | user=jenkins1000 | ip=192.168.69.105 | op=SEND_HEARTBEAT {datanodeUUID=5874772f-8d83-4395-aefd-8b53e7bb01f4, command=[]} | ret=SUCCESS |  
2019-09-04 03:24:04,016 | INFO  | SCMAudit | user=jenkins1000 | ip=192.168.69.105 | op=SEND_HEARTBEAT {datanodeUUID=3895fe08-5e04-46ac-ae6d-2b942b921927, command=[]} | ret=SUCCESS |  
2019-09-04 03:24:04,016 | INFO  | SCMAudit | user=jenkins1000 | ip=192.168.69.105 | op=SEND_HEARTBEAT {datanodeUUID=84f9c2c4-73f2-4ad7-b9a8-3f333e5b0e84, command=[]} | ret=SUCCESS |  
2019-09-04 03:24:04,028 | INFO  | SCMAudit | user=jenkins1000 | ip=192.168.69.105 | op=SEND_HEARTBEAT {datanodeUUID=524a4774-666f-452c-9a20-e87fa1e4f616, command=[]} | ret=SUCCESS |  
2019-09-04 03:24:04,043 | INFO  | SCMAudit | user=jenkins1000 | ip=192.168.69.105 | op=SEND_HEARTBEAT {datanodeUUID=3bf639f6-5176-4655-a6a8-540014321443, command=[]} | ret=SUCCESS |  
2019-09-04 03:24:04,295 | INFO  | SCMAudit | user=jenkins1000 | ip=192.168.69.105 | op=SEND_HEARTBEAT {datanodeUUID=6b521d90-43c4-4267-a955-3154b8383673, command=[]} | ret=SUCCESS |  
2019-09-04 03:24:04,356 | INFO  | SCMAudit | user=jenkins1000 | ip=192.168.69.105 | op=SEND_HEARTBEAT {datanodeUUID=50a57ad1-8537-401a-9ef5-5731af50f432, command=[]} | ret=SUCCESS |  
2019-09-04 03:24:04,825 | INFO  | SCMAudit | user=jenkins1000 | ip=192.168.69.105 | op=SEND_HEARTBEAT {datanodeUUID=5874772f-8d83-4395-aefd-8b53e7bb01f4, command=[]} | ret=SUCCESS |  
2019-09-04 03:24:04,898 [grpc-default-executor-3] INFO  client.GrpcClientProtocolClient (GrpcClientProtocolClient.java:onNext(255)) - client-81D3A7E5B111->524a4774-666f-452c-9a20-e87fa1e4f616: receive RaftClientReply:client-81D3A7E5B111->524a4774-666f-452c-9a20-e87fa1e4f616@group-002EB6C1B0CF, cid=45, FAILED org.apache.ratis.protocol.NotLeaderException: Server 524a4774-666f-452c-9a20-e87fa1e4f616 is not the leader (3895fe08-5e04-46ac-ae6d-2b942b921927:192.168.69.105:44785). Request must be sent to leader., logIndex=0, commits[524a4774-666f-452c-9a20-e87fa1e4f616:c8, 3895fe08-5e04-46ac-ae6d-2b942b921927:c8, 84f9c2c4-73f2-4ad7-b9a8-3f333e5b0e84:c8]
2019-09-04 03:24:05,015 | INFO  | SCMAudit | user=jenkins1000 | ip=192.168.69.105 | op=SEND_HEARTBEAT {datanodeUUID=84f9c2c4-73f2-4ad7-b9a8-3f333e5b0e84, command=[]} | ret=SUCCESS |  
2019-09-04 03:24:05,015 | INFO  | SCMAudit | user=jenkins1000 | ip=192.168.69.105 | op=SEND_HEARTBEAT {datanodeUUID=3895fe08-5e04-46ac-ae6d-2b942b921927, command=[]} | ret=SUCCESS |  
2019-09-04 03:24:05,028 | INFO  | SCMAudit | user=jenkins1000 | ip=192.168.69.105 | op=SEND_HEARTBEAT {datanodeUUID=524a4774-666f-452c-9a20-e87fa1e4f616, command=[]} | ret=SUCCESS |  
2019-09-04 03:24:05,043 | INFO  | SCMAudit | user=jenkins1000 | ip=192.168.69.105 | op=SEND_HEARTBEAT {datanodeUUID=3bf639f6-5176-4655-a6a8-540014321443, command=[]} | ret=SUCCESS |  
2019-09-04 03:24:05,296 | INFO  | SCMAudit | user=jenkins1000 | ip=192.168.69.105 | op=SEND_HEARTBEAT {datanodeUUID=6b521d90-43c4-4267-a955-3154b8383673, command=[]} | ret=SUCCESS |  
2019-09-04 03:24:05,357 | INFO  | SCMAudit | user=jenkins1000 | ip=192.168.69.105 | op=SEND_HEARTBEAT {datanodeUUID=50a57ad1-8537-401a-9ef5-5731af50f432, command=[]} | ret=SUCCESS |  
2019-09-04 03:24:05,826 | INFO  | SCMAudit | user=jenkins1000 | ip=192.168.69.105 | op=SEND_HEARTBEAT {datanodeUUID=5874772f-8d83-4395-aefd-8b53e7bb01f4, command=[]} | ret=SUCCESS |  
2019-09-04 03:24:06,015 | INFO  | SCMAudit | user=jenkins1000 | ip=192.168.69.105 | op=SEND_HEARTBEAT {datanodeUUID=3895fe08-5e04-46ac-ae6d-2b942b921927, command=[]} | ret=SUCCESS |  
2019-09-04 03:24:06,015 | INFO  | SCMAudit | user=jenkins1000 | ip=192.168.69.105 | op=SEND_HEARTBEAT {datanodeUUID=84f9c2c4-73f2-4ad7-b9a8-3f333e5b0e84, command=[]} | ret=SUCCESS |  
2019-09-04 03:24:06,028 | INFO  | SCMAudit | user=jenkins1000 | ip=192.168.69.105 | op=SEND_HEARTBEAT {datanodeUUID=524a4774-666f-452c-9a20-e87fa1e4f616, command=[]} | ret=SUCCESS |  
2019-09-04 03:24:06,043 | INFO  | SCMAudit | user=jenkins1000 | ip=192.168.69.105 | op=SEND_HEARTBEAT {datanodeUUID=3bf639f6-5176-4655-a6a8-540014321443, command=[]} | ret=SUCCESS |  
2019-09-04 03:24:06,296 | INFO  | SCMAudit | user=jenkins1000 | ip=192.168.69.105 | op=SEND_HEARTBEAT {datanodeUUID=6b521d90-43c4-4267-a955-3154b8383673, command=[]} | ret=SUCCESS |  
2019-09-04 03:24:06,356 | INFO  | SCMAudit | user=jenkins1000 | ip=192.168.69.105 | op=SEND_HEARTBEAT {datanodeUUID=50a57ad1-8537-401a-9ef5-5731af50f432, command=[]} | ret=SUCCESS |  
2019-09-04 03:24:06,825 | INFO  | SCMAudit | user=jenkins1000 | ip=192.168.69.105 | op=SEND_HEARTBEAT {datanodeUUID=5874772f-8d83-4395-aefd-8b53e7bb01f4, command=[]} | ret=SUCCESS |  
2019-09-04 03:24:07,015 | INFO  | SCMAudit | user=jenkins1000 | ip=192.168.69.105 | op=SEND_HEARTBEAT {datanodeUUID=3895fe08-5e04-46ac-ae6d-2b942b921927, command=[]} | ret=SUCCESS |  
2019-09-04 03:24:07,016 | INFO  | SCMAudit | user=jenkins1000 | ip=192.168.69.105 | op=SEND_HEARTBEAT {datanodeUUID=84f9c2c4-73f2-4ad7-b9a8-3f333e5b0e84, command=[]} | ret=SUCCESS |  
2019-09-04 03:24:07,028 | INFO  | SCMAudit | user=jenkins1000 | ip=192.168.69.105 | op=SEND_HEARTBEAT {datanodeUUID=524a4774-666f-452c-9a20-e87fa1e4f616, command=[]} | ret=SUCCESS |  
2019-09-04 03:24:07,043 | INFO  | SCMAudit | user=jenkins1000 | ip=192.168.69.105 | op=SEND_HEARTBEAT {datanodeUUID=3bf639f6-5176-4655-a6a8-540014321443, command=[]} | ret=SUCCESS |  
2019-09-04 03:24:07,296 | INFO  | SCMAudit | user=jenkins1000 | ip=192.168.69.105 | op=SEND_HEARTBEAT {datanodeUUID=6b521d90-43c4-4267-a955-3154b8383673, command=[]} | ret=SUCCESS |  
2019-09-04 03:24:07,356 | INFO  | SCMAudit | user=jenkins1000 | ip=192.168.69.105 | op=SEND_HEARTBEAT {datanodeUUID=50a57ad1-8537-401a-9ef5-5731af50f432, command=[]} | ret=SUCCESS |  
2019-09-04 03:24:07,825 | INFO  | SCMAudit | user=jenkins1000 | ip=192.168.69.105 | op=SEND_HEARTBEAT {datanodeUUID=5874772f-8d83-4395-aefd-8b53e7bb01f4, command=[]} | ret=SUCCESS |  
2019-09-04 03:24:08,015 | INFO  | SCMAudit | user=jenkins1000 | ip=192.168.69.105 | op=SEND_HEARTBEAT {datanodeUUID=84f9c2c4-73f2-4ad7-b9a8-3f333e5b0e84, command=[]} | ret=SUCCESS |  
2019-09-04 03:24:08,015 | INFO  | SCMAudit | user=jenkins1000 | ip=192.168.69.105 | op=SEND_HEARTBEAT {datanodeUUID=3895fe08-5e04-46ac-ae6d-2b942b921927, command=[]} | ret=SUCCESS |  
2019-09-04 03:24:08,028 | INFO  | SCMAudit | user=jenkins1000 | ip=192.168.69.105 | op=SEND_HEARTBEAT {datanodeUUID=524a4774-666f-452c-9a20-e87fa1e4f616, command=[]} | ret=SUCCESS |  
2019-09-04 03:24:08,043 | INFO  | SCMAudit | user=jenkins1000 | ip=192.168.69.105 | op=SEND_HEARTBEAT {datanodeUUID=3bf639f6-5176-4655-a6a8-540014321443, command=[]} | ret=SUCCESS |  
2019-09-04 03:24:08,296 | INFO  | SCMAudit | user=jenkins1000 | ip=192.168.69.105 | op=SEND_HEARTBEAT {datanodeUUID=6b521d90-43c4-4267-a955-3154b8383673, command=[]} | ret=SUCCESS |  
2019-09-04 03:24:08,357 | INFO  | SCMAudit | user=jenkins1000 | ip=192.168.69.105 | op=SEND_HEARTBEAT {datanodeUUID=50a57ad1-8537-401a-9ef5-5731af50f432, command=[]} | ret=SUCCESS |  
2019-09-04 03:24:08,826 | INFO  | SCMAudit | user=jenkins1000 | ip=192.168.69.105 | op=SEND_HEARTBEAT {datanodeUUID=5874772f-8d83-4395-aefd-8b53e7bb01f4, command=[]} | ret=SUCCESS |  
2019-09-04 03:24:09,015 | INFO  | SCMAudit | user=jenkins1000 | ip=192.168.69.105 | op=SEND_HEARTBEAT {datanodeUUID=84f9c2c4-73f2-4ad7-b9a8-3f333e5b0e84, command=[]} | ret=SUCCESS |  
2019-09-04 03:24:09,015 | INFO  | SCMAudit | user=jenkins1000 | ip=192.168.69.105 | op=SEND_HEARTBEAT {datanodeUUID=3895fe08-5e04-46ac-ae6d-2b942b921927, command=[]} | ret=SUCCESS |  
2019-09-04 03:24:09,031 | INFO  | SCMAudit | user=jenkins1000 | ip=192.168.69.105 | op=SEND_HEARTBEAT {datanodeUUID=524a4774-666f-452c-9a20-e87fa1e4f616, command=[]} | ret=SUCCESS |  
2019-09-04 03:24:09,043 | INFO  | SCMAudit | user=jenkins1000 | ip=192.168.69.105 | op=SEND_HEARTBEAT {datanodeUUID=3bf639f6-5176-4655-a6a8-540014321443, command=[]} | ret=SUCCESS |  
2019-09-04 03:24:09,297 | INFO  | SCMAudit | user=jenkins1000 | ip=192.168.69.105 | op=SEND_HEARTBEAT {datanodeUUID=6b521d90-43c4-4267-a955-3154b8383673, command=[]} | ret=SUCCESS |  
2019-09-04 03:24:09,356 | INFO  | SCMAudit | user=jenkins1000 | ip=192.168.69.105 | op=SEND_HEARTBEAT {datanodeUUID=50a57ad1-8537-401a-9ef5-5731af50f432, command=[]} | ret=SUCCESS |  
2019-09-04 03:24:09,826 | INFO  | SCMAudit | user=jenkins1000 | ip=192.168.69.105 | op=SEND_HEARTBEAT {datanodeUUID=5874772f-8d83-4395-aefd-8b53e7bb01f4, command=[]} | ret=SUCCESS |  
2019-09-04 03:24:09,931 [grpc-default-executor-4] INFO  client.GrpcClientProtocolClient (GrpcClientProtocolClient.java:onNext(255)) - client-81D3A7E5B111->524a4774-666f-452c-9a20-e87fa1e4f616: receive RaftClientReply:client-81D3A7E5B111->524a4774-666f-452c-9a20-e87fa1e4f616@group-002EB6C1B0CF, cid=45, FAILED org.apache.ratis.protocol.NotLeaderException: Server 524a4774-666f-452c-9a20-e87fa1e4f616 is not the leader (3895fe08-5e04-46ac-ae6d-2b942b921927:192.168.69.105:44785). Request must be sent to leader., logIndex=0, commits[524a4774-666f-452c-9a20-e87fa1e4f616:c8, 3895fe08-5e04-46ac-ae6d-2b942b921927:c8, 84f9c2c4-73f2-4ad7-b9a8-3f333e5b0e84:c8]
2019-09-04 03:24:10,015 | INFO  | SCMAudit | user=jenkins1000 | ip=192.168.69.105 | op=SEND_HEARTBEAT {datanodeUUID=84f9c2c4-73f2-4ad7-b9a8-3f333e5b0e84, command=[]} | ret=SUCCESS |  
2019-09-04 03:24:10,015 | INFO  | SCMAudit | user=jenkins1000 | ip=192.168.69.105 | op=SEND_HEARTBEAT {datanodeUUID=3895fe08-5e04-46ac-ae6d-2b942b921927, command=[]} | ret=SUCCESS |  
2019-09-04 03:24:10,031 | INFO  | SCMAudit | user=jenkins1000 | ip=192.168.69.105 | op=SEND_HEARTBEAT {datanodeUUID=524a4774-666f-452c-9a20-e87fa1e4f616, command=[]} | ret=SUCCESS |  
2019-09-04 03:24:10,043 | INFO  | SCMAudit | user=jenkins1000 | ip=192.168.69.105 | op=SEND_HEARTBEAT {datanodeUUID=3bf639f6-5176-4655-a6a8-540014321443, command=[]} | ret=SUCCESS |  
2019-09-04 03:24:10,297 | INFO  | SCMAudit | user=jenkins1000 | ip=192.168.69.105 | op=SEND_HEARTBEAT {datanodeUUID=6b521d90-43c4-4267-a955-3154b8383673, command=[]} | ret=SUCCESS |  
2019-09-04 03:24:10,356 | INFO  | SCMAudit | user=jenkins1000 | ip=192.168.69.105 | op=SEND_HEARTBEAT {datanodeUUID=50a57ad1-8537-401a-9ef5-5731af50f432, command=[]} | ret=SUCCESS |  
2019-09-04 03:24:10,827 | INFO  | SCMAudit | user=jenkins1000 | ip=192.168.69.105 | op=SEND_HEARTBEAT {datanodeUUID=5874772f-8d83-4395-aefd-8b53e7bb01f4, command=[]} | ret=SUCCESS |  
2019-09-04 03:24:11,015 | INFO  | SCMAudit | user=jenkins1000 | ip=192.168.69.105 | op=SEND_HEARTBEAT {datanodeUUID=3895fe08-5e04-46ac-ae6d-2b942b921927, command=[]} | ret=SUCCESS |  
2019-09-04 03:24:11,015 | INFO  | SCMAudit | user=jenkins1000 | ip=192.168.69.105 | op=SEND_HEARTBEAT {datanodeUUID=84f9c2c4-73f2-4ad7-b9a8-3f333e5b0e84, command=[]} | ret=SUCCESS |  
2019-09-04 03:24:11,031 | INFO  | SCMAudit | user=jenkins1000 | ip=192.168.69.105 | op=SEND_HEARTBEAT {datanodeUUID=524a4774-666f-452c-9a20-e87fa1e4f616, command=[]} | ret=SUCCESS |  
2019-09-04 03:24:11,043 | INFO  | SCMAudit | user=jenkins1000 | ip=192.168.69.105 | op=SEND_HEARTBEAT {datanodeUUID=3bf639f6-5176-4655-a6a8-540014321443, command=[]} | ret=SUCCESS |  
2019-09-04 03:24:11,297 | INFO  | SCMAudit | user=jenkins1000 | ip=192.168.69.105 | op=SEND_HEARTBEAT {datanodeUUID=6b521d90-43c4-4267-a955-3154b8383673, command=[]} | ret=SUCCESS |  
2019-09-04 03:24:11,356 | INFO  | SCMAudit | user=jenkins1000 | ip=192.168.69.105 | op=SEND_HEARTBEAT {datanodeUUID=50a57ad1-8537-401a-9ef5-5731af50f432, command=[]} | ret=SUCCESS |  
2019-09-04 03:24:11,826 | INFO  | SCMAudit | user=jenkins1000 | ip=192.168.69.105 | op=SEND_HEARTBEAT {datanodeUUID=5874772f-8d83-4395-aefd-8b53e7bb01f4, command=[]} | ret=SUCCESS |  
2019-09-04 03:24:12,015 | INFO  | SCMAudit | user=jenkins1000 | ip=192.168.69.105 | op=SEND_HEARTBEAT {datanodeUUID=3895fe08-5e04-46ac-ae6d-2b942b921927, command=[]} | ret=SUCCESS |  
2019-09-04 03:24:12,016 | INFO  | SCMAudit | user=jenkins1000 | ip=192.168.69.105 | op=SEND_HEARTBEAT {datanodeUUID=84f9c2c4-73f2-4ad7-b9a8-3f333e5b0e84, command=[]} | ret=SUCCESS |  
2019-09-04 03:24:12,031 | INFO  | SCMAudit | user=jenkins1000 | ip=192.168.69.105 | op=SEND_HEARTBEAT {datanodeUUID=524a4774-666f-452c-9a20-e87fa1e4f616, command=[]} | ret=SUCCESS |  
2019-09-04 03:24:12,043 | INFO  | SCMAudit | user=jenkins1000 | ip=192.168.69.105 | op=SEND_HEARTBEAT {datanodeUUID=3bf639f6-5176-4655-a6a8-540014321443, command=[]} | ret=SUCCESS |  
2019-09-04 03:24:12,298 | INFO  | SCMAudit | user=jenkins1000 | ip=192.168.69.105 | op=SEND_HEARTBEAT {datanodeUUID=6b521d90-43c4-4267-a955-3154b8383673, command=[]} | ret=SUCCESS |  
2019-09-04 03:24:12,356 | INFO  | SCMAudit | user=jenkins1000 | ip=192.168.69.105 | op=SEND_HEARTBEAT {datanodeUUID=50a57ad1-8537-401a-9ef5-5731af50f432, command=[]} | ret=SUCCESS |  
2019-09-04 03:24:12,826 | INFO  | SCMAudit | user=jenkins1000 | ip=192.168.69.105 | op=SEND_HEARTBEAT {datanodeUUID=5874772f-8d83-4395-aefd-8b53e7bb01f4, command=[]} | ret=SUCCESS |  
2019-09-04 03:24:13,016 | INFO  | SCMAudit | user=jenkins1000 | ip=192.168.69.105 | op=SEND_HEARTBEAT {datanodeUUID=3895fe08-5e04-46ac-ae6d-2b942b921927, command=[]} | ret=SUCCESS |  
2019-09-04 03:24:13,017 | INFO  | SCMAudit | user=jenkins1000 | ip=192.168.69.105 | op=SEND_HEARTBEAT {datanodeUUID=84f9c2c4-73f2-4ad7-b9a8-3f333e5b0e84, command=[]} | ret=SUCCESS |  
2019-09-04 03:24:13,031 | INFO  | SCMAudit | user=jenkins1000 | ip=192.168.69.105 | op=SEND_HEARTBEAT {datanodeUUID=524a4774-666f-452c-9a20-e87fa1e4f616, command=[]} | ret=SUCCESS |  
2019-09-04 03:24:13,043 | INFO  | SCMAudit | user=jenkins1000 | ip=192.168.69.105 | op=SEND_HEARTBEAT {datanodeUUID=3bf639f6-5176-4655-a6a8-540014321443, command=[]} | ret=SUCCESS |  
2019-09-04 03:24:13,297 | INFO  | SCMAudit | user=jenkins1000 | ip=192.168.69.105 | op=SEND_HEARTBEAT {datanodeUUID=6b521d90-43c4-4267-a955-3154b8383673, command=[]} | ret=SUCCESS |  
2019-09-04 03:24:13,357 | INFO  | SCMAudit | user=jenkins1000 | ip=192.168.69.105 | op=SEND_HEARTBEAT {datanodeUUID=50a57ad1-8537-401a-9ef5-5731af50f432, command=[]} | ret=SUCCESS |  
2019-09-04 03:24:13,827 | INFO  | SCMAudit | user=jenkins1000 | ip=192.168.69.105 | op=SEND_HEARTBEAT {datanodeUUID=5874772f-8d83-4395-aefd-8b53e7bb01f4, command=[]} | ret=SUCCESS |  
2019-09-04 03:24:14,015 | INFO  | SCMAudit | user=jenkins1000 | ip=192.168.69.105 | op=SEND_HEARTBEAT {datanodeUUID=3895fe08-5e04-46ac-ae6d-2b942b921927, command=[]} | ret=SUCCESS |  
2019-09-04 03:24:14,016 | INFO  | SCMAudit | user=jenkins1000 | ip=192.168.69.105 | op=SEND_HEARTBEAT {datanodeUUID=84f9c2c4-73f2-4ad7-b9a8-3f333e5b0e84, command=[]} | ret=SUCCESS |  
2019-09-04 03:24:14,031 | INFO  | SCMAudit | user=jenkins1000 | ip=192.168.69.105 | op=SEND_HEARTBEAT {datanodeUUID=524a4774-666f-452c-9a20-e87fa1e4f616, command=[]} | ret=SUCCESS |  
2019-09-04 03:24:14,043 | INFO  | SCMAudit | user=jenkins1000 | ip=192.168.69.105 | op=SEND_HEARTBEAT {datanodeUUID=3bf639f6-5176-4655-a6a8-540014321443, command=[]} | ret=SUCCESS |  
2019-09-04 03:24:14,297 | INFO  | SCMAudit | user=jenkins1000 | ip=192.168.69.105 | op=SEND_HEARTBEAT {datanodeUUID=6b521d90-43c4-4267-a955-3154b8383673, command=[]} | ret=SUCCESS |  
2019-09-04 03:24:14,357 | INFO  | SCMAudit | user=jenkins1000 | ip=192.168.69.105 | op=SEND_HEARTBEAT {datanodeUUID=50a57ad1-8537-401a-9ef5-5731af50f432, command=[]} | ret=SUCCESS |  
2019-09-04 03:24:14,826 | INFO  | SCMAudit | user=jenkins1000 | ip=192.168.69.105 | op=SEND_HEARTBEAT {datanodeUUID=5874772f-8d83-4395-aefd-8b53e7bb01f4, command=[]} | ret=SUCCESS |  
2019-09-04 03:24:14,968 [grpc-default-executor-3] INFO  client.GrpcClientProtocolClient (GrpcClientProtocolClient.java:onNext(255)) - client-81D3A7E5B111->84f9c2c4-73f2-4ad7-b9a8-3f333e5b0e84: receive RaftClientReply:client-81D3A7E5B111->84f9c2c4-73f2-4ad7-b9a8-3f333e5b0e84@group-002EB6C1B0CF, cid=45, FAILED org.apache.ratis.protocol.NotLeaderException: Server 84f9c2c4-73f2-4ad7-b9a8-3f333e5b0e84 is not the leader (3895fe08-5e04-46ac-ae6d-2b942b921927:192.168.69.105:44785). Request must be sent to leader., logIndex=0, commits[84f9c2c4-73f2-4ad7-b9a8-3f333e5b0e84:c8, 3895fe08-5e04-46ac-ae6d-2b942b921927:c8, 524a4774-666f-452c-9a20-e87fa1e4f616:c8]
2019-09-04 03:24:15,015 | INFO  | SCMAudit | user=jenkins1000 | ip=192.168.69.105 | op=SEND_HEARTBEAT {datanodeUUID=3895fe08-5e04-46ac-ae6d-2b942b921927, command=[]} | ret=SUCCESS |  
2019-09-04 03:24:15,015 | INFO  | SCMAudit | user=jenkins1000 | ip=192.168.69.105 | op=SEND_HEARTBEAT {datanodeUUID=84f9c2c4-73f2-4ad7-b9a8-3f333e5b0e84, command=[]} | ret=SUCCESS |  
2019-09-04 03:24:15,031 | INFO  | SCMAudit | user=jenkins1000 | ip=192.168.69.105 | op=SEND_HEARTBEAT {datanodeUUID=524a4774-666f-452c-9a20-e87fa1e4f616, command=[]} | ret=SUCCESS |  
2019-09-04 03:24:15,043 | INFO  | SCMAudit | user=jenkins1000 | ip=192.168.69.105 | op=SEND_HEARTBEAT {datanodeUUID=3bf639f6-5176-4655-a6a8-540014321443, command=[]} | ret=SUCCESS |  
2019-09-04 03:24:15,298 | INFO  | SCMAudit | user=jenkins1000 | ip=192.168.69.105 | op=SEND_HEARTBEAT {datanodeUUID=6b521d90-43c4-4267-a955-3154b8383673, command=[]} | ret=SUCCESS |  
2019-09-04 03:24:15,357 | INFO  | SCMAudit | user=jenkins1000 | ip=192.168.69.105 | op=SEND_HEARTBEAT {datanodeUUID=50a57ad1-8537-401a-9ef5-5731af50f432, command=[]} | ret=SUCCESS |  
2019-09-04 03:24:15,827 | INFO  | SCMAudit | user=jenkins1000 | ip=192.168.69.105 | op=SEND_HEARTBEAT {datanodeUUID=5874772f-8d83-4395-aefd-8b53e7bb01f4, command=[]} | ret=SUCCESS |  
2019-09-04 03:24:16,016 | INFO  | SCMAudit | user=jenkins1000 | ip=192.168.69.105 | op=SEND_HEARTBEAT {datanodeUUID=3895fe08-5e04-46ac-ae6d-2b942b921927, command=[]} | ret=SUCCESS |  
2019-09-04 03:24:16,016 | INFO  | SCMAudit | user=jenkins1000 | ip=192.168.69.105 | op=SEND_HEARTBEAT {datanodeUUID=84f9c2c4-73f2-4ad7-b9a8-3f333e5b0e84, command=[]} | ret=SUCCESS |  
2019-09-04 03:24:16,031 | INFO  | SCMAudit | user=jenkins1000 | ip=192.168.69.105 | op=SEND_HEARTBEAT {datanodeUUID=524a4774-666f-452c-9a20-e87fa1e4f616, command=[]} | ret=SUCCESS |  
2019-09-04 03:24:16,043 | INFO  | SCMAudit | user=jenkins1000 | ip=192.168.69.105 | op=SEND_HEARTBEAT {datanodeUUID=3bf639f6-5176-4655-a6a8-540014321443, command=[]} | ret=SUCCESS |  
2019-09-04 03:24:16,297 | INFO  | SCMAudit | user=jenkins1000 | ip=192.168.69.105 | op=SEND_HEARTBEAT {datanodeUUID=6b521d90-43c4-4267-a955-3154b8383673, command=[]} | ret=SUCCESS |  
2019-09-04 03:24:16,357 | INFO  | SCMAudit | user=jenkins1000 | ip=192.168.69.105 | op=SEND_HEARTBEAT {datanodeUUID=50a57ad1-8537-401a-9ef5-5731af50f432, command=[]} | ret=SUCCESS |  
2019-09-04 03:24:16,826 | INFO  | SCMAudit | user=jenkins1000 | ip=192.168.69.105 | op=SEND_HEARTBEAT {datanodeUUID=5874772f-8d83-4395-aefd-8b53e7bb01f4, command=[]} | ret=SUCCESS |  
2019-09-04 03:24:17,015 | INFO  | SCMAudit | user=jenkins1000 | ip=192.168.69.105 | op=SEND_HEARTBEAT {datanodeUUID=3895fe08-5e04-46ac-ae6d-2b942b921927, command=[]} | ret=SUCCESS |  
2019-09-04 03:24:17,016 | INFO  | SCMAudit | user=jenkins1000 | ip=192.168.69.105 | op=SEND_HEARTBEAT {datanodeUUID=84f9c2c4-73f2-4ad7-b9a8-3f333e5b0e84, command=[]} | ret=SUCCESS |  
2019-09-04 03:24:17,031 | INFO  | SCMAudit | user=jenkins1000 | ip=192.168.69.105 | op=SEND_HEARTBEAT {datanodeUUID=524a4774-666f-452c-9a20-e87fa1e4f616, command=[]} | ret=SUCCESS |  
2019-09-04 03:24:17,043 | INFO  | SCMAudit | user=jenkins1000 | ip=192.168.69.105 | op=SEND_HEARTBEAT {datanodeUUID=3bf639f6-5176-4655-a6a8-540014321443, command=[]} | ret=SUCCESS |  
2019-09-04 03:24:17,297 | INFO  | SCMAudit | user=jenkins1000 | ip=192.168.69.105 | op=SEND_HEARTBEAT {datanodeUUID=6b521d90-43c4-4267-a955-3154b8383673, command=[]} | ret=SUCCESS |  
2019-09-04 03:24:17,357 | INFO  | SCMAudit | user=jenkins1000 | ip=192.168.69.105 | op=SEND_HEARTBEAT {datanodeUUID=50a57ad1-8537-401a-9ef5-5731af50f432, command=[]} | ret=SUCCESS |  
2019-09-04 03:24:17,826 | INFO  | SCMAudit | user=jenkins1000 | ip=192.168.69.105 | op=SEND_HEARTBEAT {datanodeUUID=5874772f-8d83-4395-aefd-8b53e7bb01f4, command=[]} | ret=SUCCESS |  
2019-09-04 03:24:18,015 | INFO  | SCMAudit | user=jenkins1000 | ip=192.168.69.105 | op=SEND_HEARTBEAT {datanodeUUID=3895fe08-5e04-46ac-ae6d-2b942b921927, command=[]} | ret=SUCCESS |  
2019-09-04 03:24:18,016 | INFO  | SCMAudit | user=jenkins1000 | ip=192.168.69.105 | op=SEND_HEARTBEAT {datanodeUUID=84f9c2c4-73f2-4ad7-b9a8-3f333e5b0e84, command=[]} | ret=SUCCESS |  
2019-09-04 03:24:18,031 | INFO  | SCMAudit | user=jenkins1000 | ip=192.168.69.105 | op=SEND_HEARTBEAT {datanodeUUID=524a4774-666f-452c-9a20-e87fa1e4f616, command=[]} | ret=SUCCESS |  
2019-09-04 03:24:18,043 | INFO  | SCMAudit | user=jenkins1000 | ip=192.168.69.105 | op=SEND_HEARTBEAT {datanodeUUID=3bf639f6-5176-4655-a6a8-540014321443, command=[]} | ret=SUCCESS |  
2019-09-04 03:24:18,298 | INFO  | SCMAudit | user=jenkins1000 | ip=192.168.69.105 | op=SEND_HEARTBEAT {datanodeUUID=6b521d90-43c4-4267-a955-3154b8383673, command=[]} | ret=SUCCESS |  
2019-09-04 03:24:18,357 | INFO  | SCMAudit | user=jenkins1000 | ip=192.168.69.105 | op=SEND_HEARTBEAT {datanodeUUID=50a57ad1-8537-401a-9ef5-5731af50f432, command=[]} | ret=SUCCESS |  
2019-09-04 03:24:18,827 | INFO  | SCMAudit | user=jenkins1000 | ip=192.168.69.105 | op=SEND_HEARTBEAT {datanodeUUID=5874772f-8d83-4395-aefd-8b53e7bb01f4, command=[]} | ret=SUCCESS |  
2019-09-04 03:24:19,016 | INFO  | SCMAudit | user=jenkins1000 | ip=192.168.69.105 | op=SEND_HEARTBEAT {datanodeUUID=84f9c2c4-73f2-4ad7-b9a8-3f333e5b0e84, command=[]} | ret=SUCCESS |  
2019-09-04 03:24:19,016 | INFO  | SCMAudit | user=jenkins1000 | ip=192.168.69.105 | op=SEND_HEARTBEAT {datanodeUUID=3895fe08-5e04-46ac-ae6d-2b942b921927, command=[]} | ret=SUCCESS |  
2019-09-04 03:24:19,031 | INFO  | SCMAudit | user=jenkins1000 | ip=192.168.69.105 | op=SEND_HEARTBEAT {datanodeUUID=524a4774-666f-452c-9a20-e87fa1e4f616, command=[]} | ret=SUCCESS |  
2019-09-04 03:24:19,043 | INFO  | SCMAudit | user=jenkins1000 | ip=192.168.69.105 | op=SEND_HEARTBEAT {datanodeUUID=3bf639f6-5176-4655-a6a8-540014321443, command=[]} | ret=SUCCESS |  
2019-09-04 03:24:19,297 | INFO  | SCMAudit | user=jenkins1000 | ip=192.168.69.105 | op=SEND_HEARTBEAT {datanodeUUID=6b521d90-43c4-4267-a955-3154b8383673, command=[]} | ret=SUCCESS |  
2019-09-04 03:24:19,357 | INFO  | SCMAudit | user=jenkins1000 | ip=192.168.69.105 | op=SEND_HEARTBEAT {datanodeUUID=50a57ad1-8537-401a-9ef5-5731af50f432, command=[]} | ret=SUCCESS |  
2019-09-04 03:24:19,827 | INFO  | SCMAudit | user=jenkins1000 | ip=192.168.69.105 | op=SEND_HEARTBEAT {datanodeUUID=5874772f-8d83-4395-aefd-8b53e7bb01f4, command=[]} | ret=SUCCESS |  
2019-09-04 03:24:20,017 | INFO  | SCMAudit | user=jenkins1000 | ip=192.168.69.105 | op=SEND_HEARTBEAT {datanodeUUID=84f9c2c4-73f2-4ad7-b9a8-3f333e5b0e84, command=[]} | ret=SUCCESS |  
2019-09-04 03:24:20,017 | INFO  | SCMAudit | user=jenkins1000 | ip=192.168.69.105 | op=SEND_HEARTBEAT {datanodeUUID=3895fe08-5e04-46ac-ae6d-2b942b921927, command=[]} | ret=SUCCESS |  
2019-09-04 03:24:20,017 [grpc-default-executor-3] INFO  client.GrpcClientProtocolClient (GrpcClientProtocolClient.java:onNext(255)) - client-81D3A7E5B111->84f9c2c4-73f2-4ad7-b9a8-3f333e5b0e84: receive RaftClientReply:client-81D3A7E5B111->84f9c2c4-73f2-4ad7-b9a8-3f333e5b0e84@group-002EB6C1B0CF, cid=45, FAILED org.apache.ratis.protocol.NotLeaderException: Server 84f9c2c4-73f2-4ad7-b9a8-3f333e5b0e84 is not the leader (3895fe08-5e04-46ac-ae6d-2b942b921927:192.168.69.105:44785). Request must be sent to leader., logIndex=0, commits[84f9c2c4-73f2-4ad7-b9a8-3f333e5b0e84:c8, 3895fe08-5e04-46ac-ae6d-2b942b921927:c8, 524a4774-666f-452c-9a20-e87fa1e4f616:c8]
2019-09-04 03:24:20,031 | INFO  | SCMAudit | user=jenkins1000 | ip=192.168.69.105 | op=SEND_HEARTBEAT {datanodeUUID=524a4774-666f-452c-9a20-e87fa1e4f616, command=[]} | ret=SUCCESS |  
2019-09-04 03:24:20,043 | INFO  | SCMAudit | user=jenkins1000 | ip=192.168.69.105 | op=SEND_HEARTBEAT {datanodeUUID=3bf639f6-5176-4655-a6a8-540014321443, command=[]} | ret=SUCCESS |  
2019-09-04 03:24:20,297 | INFO  | SCMAudit | user=jenkins1000 | ip=192.168.69.105 | op=SEND_HEARTBEAT {datanodeUUID=6b521d90-43c4-4267-a955-3154b8383673, command=[]} | ret=SUCCESS |  
2019-09-04 03:24:20,357 | INFO  | SCMAudit | user=jenkins1000 | ip=192.168.69.105 | op=SEND_HEARTBEAT {datanodeUUID=50a57ad1-8537-401a-9ef5-5731af50f432, command=[]} | ret=SUCCESS |  
2019-09-04 03:24:20,827 | INFO  | SCMAudit | user=jenkins1000 | ip=192.168.69.105 | op=SEND_HEARTBEAT {datanodeUUID=5874772f-8d83-4395-aefd-8b53e7bb01f4, command=[]} | ret=SUCCESS |  
2019-09-04 03:24:21,017 | INFO  | SCMAudit | user=jenkins1000 | ip=192.168.69.105 | op=SEND_HEARTBEAT {datanodeUUID=84f9c2c4-73f2-4ad7-b9a8-3f333e5b0e84, command=[]} | ret=SUCCESS |  
2019-09-04 03:24:21,017 | INFO  | SCMAudit | user=jenkins1000 | ip=192.168.69.105 | op=SEND_HEARTBEAT {datanodeUUID=3895fe08-5e04-46ac-ae6d-2b942b921927, command=[]} | ret=SUCCESS |  
2019-09-04 03:24:21,031 | INFO  | SCMAudit | user=jenkins1000 | ip=192.168.69.105 | op=SEND_HEARTBEAT {datanodeUUID=524a4774-666f-452c-9a20-e87fa1e4f616, command=[]} | ret=SUCCESS |  
2019-09-04 03:24:21,043 | INFO  | SCMAudit | user=jenkins1000 | ip=192.168.69.105 | op=SEND_HEARTBEAT {datanodeUUID=3bf639f6-5176-4655-a6a8-540014321443, command=[]} | ret=SUCCESS |  
2019-09-04 03:24:21,298 | INFO  | SCMAudit | user=jenkins1000 | ip=192.168.69.105 | op=SEND_HEARTBEAT {datanodeUUID=6b521d90-43c4-4267-a955-3154b8383673, command=[]} | ret=SUCCESS |  
2019-09-04 03:24:21,357 | INFO  | SCMAudit | user=jenkins1000 | ip=192.168.69.105 | op=SEND_HEARTBEAT {datanodeUUID=50a57ad1-8537-401a-9ef5-5731af50f432, command=[]} | ret=SUCCESS |  
2019-09-04 03:24:21,828 | INFO  | SCMAudit | user=jenkins1000 | ip=192.168.69.105 | op=SEND_HEARTBEAT {datanodeUUID=5874772f-8d83-4395-aefd-8b53e7bb01f4, command=[]} | ret=SUCCESS |  
2019-09-04 03:24:22,017 | INFO  | SCMAudit | user=jenkins1000 | ip=192.168.69.105 | op=SEND_HEARTBEAT {datanodeUUID=3895fe08-5e04-46ac-ae6d-2b942b921927, command=[]} | ret=SUCCESS |  
2019-09-04 03:24:22,017 | INFO  | SCMAudit | user=jenkins1000 | ip=192.168.69.105 | op=SEND_HEARTBEAT {datanodeUUID=84f9c2c4-73f2-4ad7-b9a8-3f333e5b0e84, command=[]} | ret=SUCCESS |  
2019-09-04 03:24:22,031 | INFO  | SCMAudit | user=jenkins1000 | ip=192.168.69.105 | op=SEND_HEARTBEAT {datanodeUUID=524a4774-666f-452c-9a20-e87fa1e4f616, command=[]} | ret=SUCCESS |  
2019-09-04 03:24:22,043 | INFO  | SCMAudit | user=jenkins1000 | ip=192.168.69.105 | op=SEND_HEARTBEAT {datanodeUUID=3bf639f6-5176-4655-a6a8-540014321443, command=[]} | ret=SUCCESS |  
2019-09-04 03:24:22,297 | INFO  | SCMAudit | user=jenkins1000 | ip=192.168.69.105 | op=SEND_HEARTBEAT {datanodeUUID=6b521d90-43c4-4267-a955-3154b8383673, command=[]} | ret=SUCCESS |  
2019-09-04 03:24:22,358 | INFO  | SCMAudit | user=jenkins1000 | ip=192.168.69.105 | op=SEND_HEARTBEAT {datanodeUUID=50a57ad1-8537-401a-9ef5-5731af50f432, command=[]} | ret=SUCCESS |  
2019-09-04 03:24:22,829 | INFO  | SCMAudit | user=jenkins1000 | ip=192.168.69.105 | op=SEND_HEARTBEAT {datanodeUUID=5874772f-8d83-4395-aefd-8b53e7bb01f4, command=[]} | ret=SUCCESS |  
2019-09-04 03:24:23,018 | INFO  | SCMAudit | user=jenkins1000 | ip=192.168.69.105 | op=SEND_HEARTBEAT {datanodeUUID=84f9c2c4-73f2-4ad7-b9a8-3f333e5b0e84, command=[]} | ret=SUCCESS |  
2019-09-04 03:24:23,018 | INFO  | SCMAudit | user=jenkins1000 | ip=192.168.69.105 | op=SEND_HEARTBEAT {datanodeUUID=3895fe08-5e04-46ac-ae6d-2b942b921927, command=[]} | ret=SUCCESS |  
2019-09-04 03:24:23,045 | INFO  | SCMAudit | user=jenkins1000 | ip=192.168.69.105 | op=SEND_HEARTBEAT {datanodeUUID=3bf639f6-5176-4655-a6a8-540014321443, command=[]} | ret=SUCCESS |  
2019-09-04 03:24:23,046 | INFO  | SCMAudit | user=jenkins1000 | ip=192.168.69.105 | op=SEND_HEARTBEAT {datanodeUUID=524a4774-666f-452c-9a20-e87fa1e4f616, command=[]} | ret=SUCCESS |  
2019-09-04 03:24:23,297 | INFO  | SCMAudit | user=jenkins1000 | ip=192.168.69.105 | op=SEND_HEARTBEAT {datanodeUUID=6b521d90-43c4-4267-a955-3154b8383673, command=[]} | ret=SUCCESS |  
2019-09-04 03:24:23,357 | INFO  | SCMAudit | user=jenkins1000 | ip=192.168.69.105 | op=SEND_HEARTBEAT {datanodeUUID=50a57ad1-8537-401a-9ef5-5731af50f432, command=[]} | ret=SUCCESS |  
2019-09-04 03:24:23,828 | INFO  | SCMAudit | user=jenkins1000 | ip=192.168.69.105 | op=SEND_HEARTBEAT {datanodeUUID=5874772f-8d83-4395-aefd-8b53e7bb01f4, command=[]} | ret=SUCCESS |  
2019-09-04 03:24:24,018 | INFO  | SCMAudit | user=jenkins1000 | ip=192.168.69.105 | op=SEND_HEARTBEAT {datanodeUUID=3895fe08-5e04-46ac-ae6d-2b942b921927, command=[]} | ret=SUCCESS |  
2019-09-04 03:24:24,018 | INFO  | SCMAudit | user=jenkins1000 | ip=192.168.69.105 | op=SEND_HEARTBEAT {datanodeUUID=84f9c2c4-73f2-4ad7-b9a8-3f333e5b0e84, command=[]} | ret=SUCCESS |  
2019-09-04 03:24:24,047 | INFO  | SCMAudit | user=jenkins1000 | ip=192.168.69.105 | op=SEND_HEARTBEAT {datanodeUUID=524a4774-666f-452c-9a20-e87fa1e4f616, command=[]} | ret=SUCCESS |  
2019-09-04 03:24:24,048 | INFO  | SCMAudit | user=jenkins1000 | ip=192.168.69.105 | op=SEND_HEARTBEAT {datanodeUUID=3bf639f6-5176-4655-a6a8-540014321443, command=[]} | ret=SUCCESS |  
2019-09-04 03:24:24,297 | INFO  | SCMAudit | user=jenkins1000 | ip=192.168.69.105 | op=SEND_HEARTBEAT {datanodeUUID=6b521d90-43c4-4267-a955-3154b8383673, command=[]} | ret=SUCCESS |  
2019-09-04 03:24:24,357 | INFO  | SCMAudit | user=jenkins1000 | ip=192.168.69.105 | op=SEND_HEARTBEAT {datanodeUUID=50a57ad1-8537-401a-9ef5-5731af50f432, command=[]} | ret=SUCCESS |  
2019-09-04 03:24:24,828 | INFO  | SCMAudit | user=jenkins1000 | ip=192.168.69.105 | op=SEND_HEARTBEAT {datanodeUUID=5874772f-8d83-4395-aefd-8b53e7bb01f4, command=[]} | ret=SUCCESS |  
2019-09-04 03:24:25,018 | INFO  | SCMAudit | user=jenkins1000 | ip=192.168.69.105 | op=SEND_HEARTBEAT {datanodeUUID=3895fe08-5e04-46ac-ae6d-2b942b921927, command=[]} | ret=SUCCESS |  
2019-09-04 03:24:25,018 | INFO  | SCMAudit | user=jenkins1000 | ip=192.168.69.105 | op=SEND_HEARTBEAT {datanodeUUID=84f9c2c4-73f2-4ad7-b9a8-3f333e5b0e84, command=[]} | ret=SUCCESS |  
2019-09-04 03:24:25,048 | INFO  | SCMAudit | user=jenkins1000 | ip=192.168.69.105 | op=SEND_HEARTBEAT {datanodeUUID=3bf639f6-5176-4655-a6a8-540014321443, command=[]} | ret=SUCCESS |  
2019-09-04 03:24:25,048 | INFO  | SCMAudit | user=jenkins1000 | ip=192.168.69.105 | op=SEND_HEARTBEAT {datanodeUUID=524a4774-666f-452c-9a20-e87fa1e4f616, command=[]} | ret=SUCCESS |  
2019-09-04 03:24:25,058 [grpc-default-executor-4] INFO  client.GrpcClientProtocolClient (GrpcClientProtocolClient.java:onNext(255)) - client-81D3A7E5B111->84f9c2c4-73f2-4ad7-b9a8-3f333e5b0e84: receive RaftClientReply:client-81D3A7E5B111->84f9c2c4-73f2-4ad7-b9a8-3f333e5b0e84@group-002EB6C1B0CF, cid=45, FAILED org.apache.ratis.protocol.NotLeaderException: Server 84f9c2c4-73f2-4ad7-b9a8-3f333e5b0e84 is not the leader (3895fe08-5e04-46ac-ae6d-2b942b921927:192.168.69.105:44785). Request must be sent to leader., logIndex=0, commits[84f9c2c4-73f2-4ad7-b9a8-3f333e5b0e84:c8, 3895fe08-5e04-46ac-ae6d-2b942b921927:c8, 524a4774-666f-452c-9a20-e87fa1e4f616:c8]
2019-09-04 03:24:25,297 | INFO  | SCMAudit | user=jenkins1000 | ip=192.168.69.105 | op=SEND_HEARTBEAT {datanodeUUID=6b521d90-43c4-4267-a955-3154b8383673, command=[]} | ret=SUCCESS |  
2019-09-04 03:24:25,358 | INFO  | SCMAudit | user=jenkins1000 | ip=192.168.69.105 | op=SEND_HEARTBEAT {datanodeUUID=50a57ad1-8537-401a-9ef5-5731af50f432, command=[]} | ret=SUCCESS |  
2019-09-04 03:24:25,829 | INFO  | SCMAudit | user=jenkins1000 | ip=192.168.69.105 | op=SEND_HEARTBEAT {datanodeUUID=5874772f-8d83-4395-aefd-8b53e7bb01f4, command=[]} | ret=SUCCESS |  
2019-09-04 03:24:26,019 | INFO  | SCMAudit | user=jenkins1000 | ip=192.168.69.105 | op=SEND_HEARTBEAT {datanodeUUID=3895fe08-5e04-46ac-ae6d-2b942b921927, command=[]} | ret=SUCCESS |  
2019-09-04 03:24:26,019 | INFO  | SCMAudit | user=jenkins1000 | ip=192.168.69.105 | op=SEND_HEARTBEAT {datanodeUUID=84f9c2c4-73f2-4ad7-b9a8-3f333e5b0e84, command=[]} | ret=SUCCESS |  
2019-09-04 03:24:26,048 | INFO  | SCMAudit | user=jenkins1000 | ip=192.168.69.105 | op=SEND_HEARTBEAT {datanodeUUID=3bf639f6-5176-4655-a6a8-540014321443, command=[]} | ret=SUCCESS |  
2019-09-04 03:24:26,048 | INFO  | SCMAudit | user=jenkins1000 | ip=192.168.69.105 | op=SEND_HEARTBEAT {datanodeUUID=524a4774-666f-452c-9a20-e87fa1e4f616, command=[]} | ret=SUCCESS |  
2019-09-04 03:24:26,298 | INFO  | SCMAudit | user=jenkins1000 | ip=192.168.69.105 | op=SEND_HEARTBEAT {datanodeUUID=6b521d90-43c4-4267-a955-3154b8383673, command=[]} | ret=SUCCESS |  
2019-09-04 03:24:26,357 | INFO  | SCMAudit | user=jenkins1000 | ip=192.168.69.105 | op=SEND_HEARTBEAT {datanodeUUID=50a57ad1-8537-401a-9ef5-5731af50f432, command=[]} | ret=SUCCESS |  
2019-09-04 03:24:26,828 | INFO  | SCMAudit | user=jenkins1000 | ip=192.168.69.105 | op=SEND_HEARTBEAT {datanodeUUID=5874772f-8d83-4395-aefd-8b53e7bb01f4, command=[]} | ret=SUCCESS |  
2019-09-04 03:24:27,018 | INFO  | SCMAudit | user=jenkins1000 | ip=192.168.69.105 | op=SEND_HEARTBEAT {datanodeUUID=3895fe08-5e04-46ac-ae6d-2b942b921927, command=[]} | ret=SUCCESS |  
2019-09-04 03:24:27,018 | INFO  | SCMAudit | user=jenkins1000 | ip=192.168.69.105 | op=SEND_HEARTBEAT {datanodeUUID=84f9c2c4-73f2-4ad7-b9a8-3f333e5b0e84, command=[]} | ret=SUCCESS |  
2019-09-04 03:24:27,048 | INFO  | SCMAudit | user=jenkins1000 | ip=192.168.69.105 | op=SEND_HEARTBEAT {datanodeUUID=524a4774-666f-452c-9a20-e87fa1e4f616, command=[]} | ret=SUCCESS |  
2019-09-04 03:24:27,048 | INFO  | SCMAudit | user=jenkins1000 | ip=192.168.69.105 | op=SEND_HEARTBEAT {datanodeUUID=3bf639f6-5176-4655-a6a8-540014321443, command=[]} | ret=SUCCESS |  
2019-09-04 03:24:27,297 | INFO  | SCMAudit | user=jenkins1000 | ip=192.168.69.105 | op=SEND_HEARTBEAT {datanodeUUID=6b521d90-43c4-4267-a955-3154b8383673, command=[]} | ret=SUCCESS |  
2019-09-04 03:24:27,360 | INFO  | SCMAudit | user=jenkins1000 | ip=192.168.69.105 | op=SEND_HEARTBEAT {datanodeUUID=50a57ad1-8537-401a-9ef5-5731af50f432, command=[]} | ret=SUCCESS |  
2019-09-04 03:24:27,828 | INFO  | SCMAudit | user=jenkins1000 | ip=192.168.69.105 | op=SEND_HEARTBEAT {datanodeUUID=5874772f-8d83-4395-aefd-8b53e7bb01f4, command=[]} | ret=SUCCESS |  
2019-09-04 03:24:28,018 | INFO  | SCMAudit | user=jenkins1000 | ip=192.168.69.105 | op=SEND_HEARTBEAT {datanodeUUID=3895fe08-5e04-46ac-ae6d-2b942b921927, command=[]} | ret=SUCCESS |  
2019-09-04 03:24:28,018 | INFO  | SCMAudit | user=jenkins1000 | ip=192.168.69.105 | op=SEND_HEARTBEAT {datanodeUUID=84f9c2c4-73f2-4ad7-b9a8-3f333e5b0e84, command=[]} | ret=SUCCESS |  
2019-09-04 03:24:28,052 | INFO  | SCMAudit | user=jenkins1000 | ip=192.168.69.105 | op=SEND_HEARTBEAT {datanodeUUID=3bf639f6-5176-4655-a6a8-540014321443, command=[]} | ret=SUCCESS |  
2019-09-04 03:24:28,052 | INFO  | SCMAudit | user=jenkins1000 | ip=192.168.69.105 | op=SEND_HEARTBEAT {datanodeUUID=524a4774-666f-452c-9a20-e87fa1e4f616, command=[]} | ret=SUCCESS |  
2019-09-04 03:24:28,297 | INFO  | SCMAudit | user=jenkins1000 | ip=192.168.69.105 | op=SEND_HEARTBEAT {datanodeUUID=6b521d90-43c4-4267-a955-3154b8383673, command=[]} | ret=SUCCESS |  
2019-09-04 03:24:28,357 | INFO  | SCMAudit | user=jenkins1000 | ip=192.168.69.105 | op=SEND_HEARTBEAT {datanodeUUID=50a57ad1-8537-401a-9ef5-5731af50f432, command=[]} | ret=SUCCESS |  
2019-09-04 03:24:28,829 | INFO  | SCMAudit | user=jenkins1000 | ip=192.168.69.105 | op=SEND_HEARTBEAT {datanodeUUID=5874772f-8d83-4395-aefd-8b53e7bb01f4, command=[]} | ret=SUCCESS |  
2019-09-04 03:24:29,018 | INFO  | SCMAudit | user=jenkins1000 | ip=192.168.69.105 | op=SEND_HEARTBEAT {datanodeUUID=84f9c2c4-73f2-4ad7-b9a8-3f333e5b0e84, command=[]} | ret=SUCCESS |  
2019-09-04 03:24:29,018 | INFO  | SCMAudit | user=jenkins1000 | ip=192.168.69.105 | op=SEND_HEARTBEAT {datanodeUUID=3895fe08-5e04-46ac-ae6d-2b942b921927, command=[]} | ret=SUCCESS |  
2019-09-04 03:24:29,048 | INFO  | SCMAudit | user=jenkins1000 | ip=192.168.69.105 | op=SEND_HEARTBEAT {datanodeUUID=524a4774-666f-452c-9a20-e87fa1e4f616, command=[]} | ret=SUCCESS |  
2019-09-04 03:24:29,049 | INFO  | SCMAudit | user=jenkins1000 | ip=192.168.69.105 | op=SEND_HEARTBEAT {datanodeUUID=3bf639f6-5176-4655-a6a8-540014321443, command=[]} | ret=SUCCESS |  
2019-09-04 03:24:29,297 | INFO  | SCMAudit | user=jenkins1000 | ip=192.168.69.105 | op=SEND_HEARTBEAT {datanodeUUID=6b521d90-43c4-4267-a955-3154b8383673, command=[]} | ret=SUCCESS |  
2019-09-04 03:24:29,357 | INFO  | SCMAudit | user=jenkins1000 | ip=192.168.69.105 | op=SEND_HEARTBEAT {datanodeUUID=50a57ad1-8537-401a-9ef5-5731af50f432, command=[]} | ret=SUCCESS |  
2019-09-04 03:24:29,828 | INFO  | SCMAudit | user=jenkins1000 | ip=192.168.69.105 | op=SEND_HEARTBEAT {datanodeUUID=5874772f-8d83-4395-aefd-8b53e7bb01f4, command=[]} | ret=SUCCESS |  
2019-09-04 03:24:30,019 | INFO  | SCMAudit | user=jenkins1000 | ip=192.168.69.105 | op=SEND_HEARTBEAT {datanodeUUID=3895fe08-5e04-46ac-ae6d-2b942b921927, command=[]} | ret=SUCCESS |  
2019-09-04 03:24:30,019 | INFO  | SCMAudit | user=jenkins1000 | ip=192.168.69.105 | op=SEND_HEARTBEAT {datanodeUUID=84f9c2c4-73f2-4ad7-b9a8-3f333e5b0e84, command=[]} | ret=SUCCESS |  
2019-09-04 03:24:30,048 | INFO  | SCMAudit | user=jenkins1000 | ip=192.168.69.105 | op=SEND_HEARTBEAT {datanodeUUID=524a4774-666f-452c-9a20-e87fa1e4f616, command=[]} | ret=SUCCESS |  
2019-09-04 03:24:30,049 | INFO  | SCMAudit | user=jenkins1000 | ip=192.168.69.105 | op=SEND_HEARTBEAT {datanodeUUID=3bf639f6-5176-4655-a6a8-540014321443, command=[]} | ret=SUCCESS |  
2019-09-04 03:24:30,101 [grpc-default-executor-4] INFO  client.GrpcClientProtocolClient (GrpcClientProtocolClient.java:onNext(255)) - client-81D3A7E5B111->524a4774-666f-452c-9a20-e87fa1e4f616: receive RaftClientReply:client-81D3A7E5B111->524a4774-666f-452c-9a20-e87fa1e4f616@group-002EB6C1B0CF, cid=45, FAILED org.apache.ratis.protocol.NotLeaderException: Server 524a4774-666f-452c-9a20-e87fa1e4f616 is not the leader (3895fe08-5e04-46ac-ae6d-2b942b921927:192.168.69.105:44785). Request must be sent to leader., logIndex=0, commits[524a4774-666f-452c-9a20-e87fa1e4f616:c8, 3895fe08-5e04-46ac-ae6d-2b942b921927:c8, 84f9c2c4-73f2-4ad7-b9a8-3f333e5b0e84:c8]
2019-09-04 03:24:30,298 | INFO  | SCMAudit | user=jenkins1000 | ip=192.168.69.105 | op=SEND_HEARTBEAT {datanodeUUID=6b521d90-43c4-4267-a955-3154b8383673, command=[]} | ret=SUCCESS |  
2019-09-04 03:24:30,357 | INFO  | SCMAudit | user=jenkins1000 | ip=192.168.69.105 | op=SEND_HEARTBEAT {datanodeUUID=50a57ad1-8537-401a-9ef5-5731af50f432, command=[]} | ret=SUCCESS |  
2019-09-04 03:24:30,828 | INFO  | SCMAudit | user=jenkins1000 | ip=192.168.69.105 | op=SEND_HEARTBEAT {datanodeUUID=5874772f-8d83-4395-aefd-8b53e7bb01f4, command=[]} | ret=SUCCESS |  
2019-09-04 03:24:31,018 | INFO  | SCMAudit | user=jenkins1000 | ip=192.168.69.105 | op=SEND_HEARTBEAT {datanodeUUID=84f9c2c4-73f2-4ad7-b9a8-3f333e5b0e84, command=[]} | ret=SUCCESS |  
2019-09-04 03:24:31,018 | INFO  | SCMAudit | user=jenkins1000 | ip=192.168.69.105 | op=SEND_HEARTBEAT {datanodeUUID=3895fe08-5e04-46ac-ae6d-2b942b921927, command=[]} | ret=SUCCESS |  
2019-09-04 03:24:31,048 | INFO  | SCMAudit | user=jenkins1000 | ip=192.168.69.105 | op=SEND_HEARTBEAT {datanodeUUID=524a4774-666f-452c-9a20-e87fa1e4f616, command=[]} | ret=SUCCESS |  
2019-09-04 03:24:31,049 | INFO  | SCMAudit | user=jenkins1000 | ip=192.168.69.105 | op=SEND_HEARTBEAT {datanodeUUID=3bf639f6-5176-4655-a6a8-540014321443, command=[]} | ret=SUCCESS |  
2019-09-04 03:24:31,297 | INFO  | SCMAudit | user=jenkins1000 | ip=192.168.69.105 | op=SEND_HEARTBEAT {datanodeUUID=6b521d90-43c4-4267-a955-3154b8383673, command=[]} | ret=SUCCESS |  
2019-09-04 03:24:31,357 | INFO  | SCMAudit | user=jenkins1000 | ip=192.168.69.105 | op=SEND_HEARTBEAT {datanodeUUID=50a57ad1-8537-401a-9ef5-5731af50f432, command=[]} | ret=SUCCESS |  
2019-09-04 03:24:31,828 | INFO  | SCMAudit | user=jenkins1000 | ip=192.168.69.105 | op=SEND_HEARTBEAT {datanodeUUID=5874772f-8d83-4395-aefd-8b53e7bb01f4, command=[]} | ret=SUCCESS |  
2019-09-04 03:24:32,018 | INFO  | SCMAudit | user=jenkins1000 | ip=192.168.69.105 | op=SEND_HEARTBEAT {datanodeUUID=84f9c2c4-73f2-4ad7-b9a8-3f333e5b0e84, command=[]} | ret=SUCCESS |  
2019-09-04 03:24:32,018 | INFO  | SCMAudit | user=jenkins1000 | ip=192.168.69.105 | op=SEND_HEARTBEAT {datanodeUUID=3895fe08-5e04-46ac-ae6d-2b942b921927, command=[]} | ret=SUCCESS |  
2019-09-04 03:24:32,048 | INFO  | SCMAudit | user=jenkins1000 | ip=192.168.69.105 | op=SEND_HEARTBEAT {datanodeUUID=524a4774-666f-452c-9a20-e87fa1e4f616, command=[]} | ret=SUCCESS |  
2019-09-04 03:24:32,049 | INFO  | SCMAudit | user=jenkins1000 | ip=192.168.69.105 | op=SEND_HEARTBEAT {datanodeUUID=3bf639f6-5176-4655-a6a8-540014321443, command=[]} | ret=SUCCESS |  
2019-09-04 03:24:32,297 | INFO  | SCMAudit | user=jenkins1000 | ip=192.168.69.105 | op=SEND_HEARTBEAT {datanodeUUID=6b521d90-43c4-4267-a955-3154b8383673, command=[]} | ret=SUCCESS |  
2019-09-04 03:24:32,357 | INFO  | SCMAudit | user=jenkins1000 | ip=192.168.69.105 | op=SEND_HEARTBEAT {datanodeUUID=50a57ad1-8537-401a-9ef5-5731af50f432, command=[]} | ret=SUCCESS |  
2019-09-04 03:24:32,829 | INFO  | SCMAudit | user=jenkins1000 | ip=192.168.69.105 | op=SEND_HEARTBEAT {datanodeUUID=5874772f-8d83-4395-aefd-8b53e7bb01f4, command=[]} | ret=SUCCESS |  
2019-09-04 03:24:33,018 | INFO  | SCMAudit | user=jenkins1000 | ip=192.168.69.105 | op=SEND_HEARTBEAT {datanodeUUID=84f9c2c4-73f2-4ad7-b9a8-3f333e5b0e84, command=[]} | ret=SUCCESS |  
2019-09-04 03:24:33,018 | INFO  | SCMAudit | user=jenkins1000 | ip=192.168.69.105 | op=SEND_HEARTBEAT {datanodeUUID=3895fe08-5e04-46ac-ae6d-2b942b921927, command=[]} | ret=SUCCESS |  
2019-09-04 03:24:33,048 | INFO  | SCMAudit | user=jenkins1000 | ip=192.168.69.105 | op=SEND_HEARTBEAT {datanodeUUID=524a4774-666f-452c-9a20-e87fa1e4f616, command=[]} | ret=SUCCESS |  
2019-09-04 03:24:33,049 | INFO  | SCMAudit | user=jenkins1000 | ip=192.168.69.105 | op=SEND_HEARTBEAT {datanodeUUID=3bf639f6-5176-4655-a6a8-540014321443, command=[]} | ret=SUCCESS |  
2019-09-04 03:24:33,298 | INFO  | SCMAudit | user=jenkins1000 | ip=192.168.69.105 | op=SEND_HEARTBEAT {datanodeUUID=6b521d90-43c4-4267-a955-3154b8383673, command=[]} | ret=SUCCESS |  
2019-09-04 03:24:33,358 | INFO  | SCMAudit | user=jenkins1000 | ip=192.168.69.105 | op=SEND_HEARTBEAT {datanodeUUID=50a57ad1-8537-401a-9ef5-5731af50f432, command=[]} | ret=SUCCESS |  
2019-09-04 03:24:33,828 | INFO  | SCMAudit | user=jenkins1000 | ip=192.168.69.105 | op=SEND_HEARTBEAT {datanodeUUID=5874772f-8d83-4395-aefd-8b53e7bb01f4, command=[]} | ret=SUCCESS |  
2019-09-04 03:24:34,019 | INFO  | SCMAudit | user=jenkins1000 | ip=192.168.69.105 | op=SEND_HEARTBEAT {datanodeUUID=3895fe08-5e04-46ac-ae6d-2b942b921927, command=[]} | ret=SUCCESS |  
2019-09-04 03:24:34,019 | INFO  | SCMAudit | user=jenkins1000 | ip=192.168.69.105 | op=SEND_HEARTBEAT {datanodeUUID=84f9c2c4-73f2-4ad7-b9a8-3f333e5b0e84, command=[]} | ret=SUCCESS |  
2019-09-04 03:24:34,048 | INFO  | SCMAudit | user=jenkins1000 | ip=192.168.69.105 | op=SEND_HEARTBEAT {datanodeUUID=524a4774-666f-452c-9a20-e87fa1e4f616, command=[]} | ret=SUCCESS |  
2019-09-04 03:24:34,049 | INFO  | SCMAudit | user=jenkins1000 | ip=192.168.69.105 | op=SEND_HEARTBEAT {datanodeUUID=3bf639f6-5176-4655-a6a8-540014321443, command=[]} | ret=SUCCESS |  
2019-09-04 03:24:34,297 | INFO  | SCMAudit | user=jenkins1000 | ip=192.168.69.105 | op=SEND_HEARTBEAT {datanodeUUID=6b521d90-43c4-4267-a955-3154b8383673, command=[]} | ret=SUCCESS |  
2019-09-04 03:24:34,357 | INFO  | SCMAudit | user=jenkins1000 | ip=192.168.69.105 | op=SEND_HEARTBEAT {datanodeUUID=50a57ad1-8537-401a-9ef5-5731af50f432, command=[]} | ret=SUCCESS |  
2019-09-04 03:24:34,828 | INFO  | SCMAudit | user=jenkins1000 | ip=192.168.69.105 | op=SEND_HEARTBEAT {datanodeUUID=5874772f-8d83-4395-aefd-8b53e7bb01f4, command=[]} | ret=SUCCESS |  
2019-09-04 03:24:35,018 | INFO  | SCMAudit | user=jenkins1000 | ip=192.168.69.105 | op=SEND_HEARTBEAT {datanodeUUID=3895fe08-5e04-46ac-ae6d-2b942b921927, command=[]} | ret=SUCCESS |  
2019-09-04 03:24:35,018 | INFO  | SCMAudit | user=jenkins1000 | ip=192.168.69.105 | op=SEND_HEARTBEAT {datanodeUUID=84f9c2c4-73f2-4ad7-b9a8-3f333e5b0e84, command=[]} | ret=SUCCESS |  
2019-09-04 03:24:35,049 | INFO  | SCMAudit | user=jenkins1000 | ip=192.168.69.105 | op=SEND_HEARTBEAT {datanodeUUID=3bf639f6-5176-4655-a6a8-540014321443, command=[]} | ret=SUCCESS |  
2019-09-04 03:24:35,049 | INFO  | SCMAudit | user=jenkins1000 | ip=192.168.69.105 | op=SEND_HEARTBEAT {datanodeUUID=524a4774-666f-452c-9a20-e87fa1e4f616, command=[]} | ret=SUCCESS |  
2019-09-04 03:24:35,142 [grpc-default-executor-3] INFO  client.GrpcClientProtocolClient (GrpcClientProtocolClient.java:onNext(255)) - client-81D3A7E5B111->524a4774-666f-452c-9a20-e87fa1e4f616: receive RaftClientReply:client-81D3A7E5B111->524a4774-666f-452c-9a20-e87fa1e4f616@group-002EB6C1B0CF, cid=45, FAILED org.apache.ratis.protocol.NotLeaderException: Server 524a4774-666f-452c-9a20-e87fa1e4f616 is not the leader (3895fe08-5e04-46ac-ae6d-2b942b921927:192.168.69.105:44785). Request must be sent to leader., logIndex=0, commits[524a4774-666f-452c-9a20-e87fa1e4f616:c8, 3895fe08-5e04-46ac-ae6d-2b942b921927:c8, 84f9c2c4-73f2-4ad7-b9a8-3f333e5b0e84:c8]
2019-09-04 03:24:35,297 | INFO  | SCMAudit | user=jenkins1000 | ip=192.168.69.105 | op=SEND_HEARTBEAT {datanodeUUID=6b521d90-43c4-4267-a955-3154b8383673, command=[]} | ret=SUCCESS |  
2019-09-04 03:24:35,357 | INFO  | SCMAudit | user=jenkins1000 | ip=192.168.69.105 | op=SEND_HEARTBEAT {datanodeUUID=50a57ad1-8537-401a-9ef5-5731af50f432, command=[]} | ret=SUCCESS |  
2019-09-04 03:24:35,829 | INFO  | SCMAudit | user=jenkins1000 | ip=192.168.69.105 | op=SEND_HEARTBEAT {datanodeUUID=5874772f-8d83-4395-aefd-8b53e7bb01f4, command=[]} | ret=SUCCESS |  
2019-09-04 03:24:36,018 | INFO  | SCMAudit | user=jenkins1000 | ip=192.168.69.105 | op=SEND_HEARTBEAT {datanodeUUID=3895fe08-5e04-46ac-ae6d-2b942b921927, command=[]} | ret=SUCCESS |  
2019-09-04 03:24:36,018 | INFO  | SCMAudit | user=jenkins1000 | ip=192.168.69.105 | op=SEND_HEARTBEAT {datanodeUUID=84f9c2c4-73f2-4ad7-b9a8-3f333e5b0e84, command=[]} | ret=SUCCESS |  
2019-09-04 03:24:36,049 | INFO  | SCMAudit | user=jenkins1000 | ip=192.168.69.105 | op=SEND_HEARTBEAT {datanodeUUID=3bf639f6-5176-4655-a6a8-540014321443, command=[]} | ret=SUCCESS |  
2019-09-04 03:24:36,049 | INFO  | SCMAudit | user=jenkins1000 | ip=192.168.69.105 | op=SEND_HEARTBEAT {datanodeUUID=524a4774-666f-452c-9a20-e87fa1e4f616, command=[]} | ret=SUCCESS |  
2019-09-04 03:24:36,297 | INFO  | SCMAudit | user=jenkins1000 | ip=192.168.69.105 | op=SEND_HEARTBEAT {datanodeUUID=6b521d90-43c4-4267-a955-3154b8383673, command=[]} | ret=SUCCESS |  
2019-09-04 03:24:36,357 | INFO  | SCMAudit | user=jenkins1000 | ip=192.168.69.105 | op=SEND_HEARTBEAT {datanodeUUID=50a57ad1-8537-401a-9ef5-5731af50f432, command=[]} | ret=SUCCESS |  
2019-09-04 03:24:36,828 | INFO  | SCMAudit | user=jenkins1000 | ip=192.168.69.105 | op=SEND_HEARTBEAT {datanodeUUID=5874772f-8d83-4395-aefd-8b53e7bb01f4, command=[]} | ret=SUCCESS |  
2019-09-04 03:24:37,018 | INFO  | SCMAudit | user=jenkins1000 | ip=192.168.69.105 | op=SEND_HEARTBEAT {datanodeUUID=3895fe08-5e04-46ac-ae6d-2b942b921927, command=[]} | ret=SUCCESS |  
2019-09-04 03:24:37,018 | INFO  | SCMAudit | user=jenkins1000 | ip=192.168.69.105 | op=SEND_HEARTBEAT {datanodeUUID=84f9c2c4-73f2-4ad7-b9a8-3f333e5b0e84, command=[]} | ret=SUCCESS |  
2019-09-04 03:24:37,049 | INFO  | SCMAudit | user=jenkins1000 | ip=192.168.69.105 | op=SEND_HEARTBEAT {datanodeUUID=3bf639f6-5176-4655-a6a8-540014321443, command=[]} | ret=SUCCESS |  
2019-09-04 03:24:37,049 | INFO  | SCMAudit | user=jenkins1000 | ip=192.168.69.105 | op=SEND_HEARTBEAT {datanodeUUID=524a4774-666f-452c-9a20-e87fa1e4f616, command=[]} | ret=SUCCESS |  
2019-09-04 03:24:37,298 | INFO  | SCMAudit | user=jenkins1000 | ip=192.168.69.105 | op=SEND_HEARTBEAT {datanodeUUID=6b521d90-43c4-4267-a955-3154b8383673, command=[]} | ret=SUCCESS |  
2019-09-04 03:24:37,357 | INFO  | SCMAudit | user=jenkins1000 | ip=192.168.69.105 | op=SEND_HEARTBEAT {datanodeUUID=50a57ad1-8537-401a-9ef5-5731af50f432, command=[]} | ret=SUCCESS |  
2019-09-04 03:24:37,829 | INFO  | SCMAudit | user=jenkins1000 | ip=192.168.69.105 | op=SEND_HEARTBEAT {datanodeUUID=5874772f-8d83-4395-aefd-8b53e7bb01f4, command=[]} | ret=SUCCESS |  
2019-09-04 03:24:38,018 | INFO  | SCMAudit | user=jenkins1000 | ip=192.168.69.105 | op=SEND_HEARTBEAT {datanodeUUID=3895fe08-5e04-46ac-ae6d-2b942b921927, command=[]} | ret=SUCCESS |  
2019-09-04 03:24:38,018 | INFO  | SCMAudit | user=jenkins1000 | ip=192.168.69.105 | op=SEND_HEARTBEAT {datanodeUUID=84f9c2c4-73f2-4ad7-b9a8-3f333e5b0e84, command=[]} | ret=SUCCESS |  
2019-09-04 03:24:38,049 | INFO  | SCMAudit | user=jenkins1000 | ip=192.168.69.105 | op=SEND_HEARTBEAT {datanodeUUID=524a4774-666f-452c-9a20-e87fa1e4f616, command=[]} | ret=SUCCESS |  
2019-09-04 03:24:38,049 | INFO  | SCMAudit | user=jenkins1000 | ip=192.168.69.105 | op=SEND_HEARTBEAT {datanodeUUID=3bf639f6-5176-4655-a6a8-540014321443, command=[]} | ret=SUCCESS |  
2019-09-04 03:24:38,297 | INFO  | SCMAudit | user=jenkins1000 | ip=192.168.69.105 | op=SEND_HEARTBEAT {datanodeUUID=6b521d90-43c4-4267-a955-3154b8383673, command=[]} | ret=SUCCESS |  
2019-09-04 03:24:38,357 | INFO  | SCMAudit | user=jenkins1000 | ip=192.168.69.105 | op=SEND_HEARTBEAT {datanodeUUID=50a57ad1-8537-401a-9ef5-5731af50f432, command=[]} | ret=SUCCESS |  
2019-09-04 03:24:38,828 | INFO  | SCMAudit | user=jenkins1000 | ip=192.168.69.105 | op=SEND_HEARTBEAT {datanodeUUID=5874772f-8d83-4395-aefd-8b53e7bb01f4, command=[]} | ret=SUCCESS |  
2019-09-04 03:24:39,018 | INFO  | SCMAudit | user=jenkins1000 | ip=192.168.69.105 | op=SEND_HEARTBEAT {datanodeUUID=84f9c2c4-73f2-4ad7-b9a8-3f333e5b0e84, command=[]} | ret=SUCCESS |  
2019-09-04 03:24:39,018 | INFO  | SCMAudit | user=jenkins1000 | ip=192.168.69.105 | op=SEND_HEARTBEAT {datanodeUUID=3895fe08-5e04-46ac-ae6d-2b942b921927, command=[]} | ret=SUCCESS |  
2019-09-04 03:24:39,049 | INFO  | SCMAudit | user=jenkins1000 | ip=192.168.69.105 | op=SEND_HEARTBEAT {datanodeUUID=524a4774-666f-452c-9a20-e87fa1e4f616, command=[]} | ret=SUCCESS |  
2019-09-04 03:24:39,049 | INFO  | SCMAudit | user=jenkins1000 | ip=192.168.69.105 | op=SEND_HEARTBEAT {datanodeUUID=3bf639f6-5176-4655-a6a8-540014321443, command=[]} | ret=SUCCESS |  
2019-09-04 03:24:39,297 | INFO  | SCMAudit | user=jenkins1000 | ip=192.168.69.105 | op=SEND_HEARTBEAT {datanodeUUID=6b521d90-43c4-4267-a955-3154b8383673, command=[]} | ret=SUCCESS |  
2019-09-04 03:24:39,357 | INFO  | SCMAudit | user=jenkins1000 | ip=192.168.69.105 | op=SEND_HEARTBEAT {datanodeUUID=50a57ad1-8537-401a-9ef5-5731af50f432, command=[]} | ret=SUCCESS |  
2019-09-04 03:24:39,829 | INFO  | SCMAudit | user=jenkins1000 | ip=192.168.69.105 | op=SEND_HEARTBEAT {datanodeUUID=5874772f-8d83-4395-aefd-8b53e7bb01f4, command=[]} | ret=SUCCESS |  
2019-09-04 03:24:40,019 | INFO  | SCMAudit | user=jenkins1000 | ip=192.168.69.105 | op=SEND_HEARTBEAT {datanodeUUID=3895fe08-5e04-46ac-ae6d-2b942b921927, command=[]} | ret=SUCCESS |  
2019-09-04 03:24:40,019 | INFO  | SCMAudit | user=jenkins1000 | ip=192.168.69.105 | op=SEND_HEARTBEAT {datanodeUUID=84f9c2c4-73f2-4ad7-b9a8-3f333e5b0e84, command=[]} | ret=SUCCESS |  
2019-09-04 03:24:40,049 | INFO  | SCMAudit | user=jenkins1000 | ip=192.168.69.105 | op=SEND_HEARTBEAT {datanodeUUID=3bf639f6-5176-4655-a6a8-540014321443, command=[]} | ret=SUCCESS |  
2019-09-04 03:24:40,049 | INFO  | SCMAudit | user=jenkins1000 | ip=192.168.69.105 | op=SEND_HEARTBEAT {datanodeUUID=524a4774-666f-452c-9a20-e87fa1e4f616, command=[]} | ret=SUCCESS |  
2019-09-04 03:24:40,182 [grpc-default-executor-4] INFO  client.GrpcClientProtocolClient (GrpcClientProtocolClient.java:onNext(255)) - client-81D3A7E5B111->524a4774-666f-452c-9a20-e87fa1e4f616: receive RaftClientReply:client-81D3A7E5B111->524a4774-666f-452c-9a20-e87fa1e4f616@group-002EB6C1B0CF, cid=45, FAILED org.apache.ratis.protocol.NotLeaderException: Server 524a4774-666f-452c-9a20-e87fa1e4f616 is not the leader (3895fe08-5e04-46ac-ae6d-2b942b921927:192.168.69.105:44785). Request must be sent to leader., logIndex=0, commits[524a4774-666f-452c-9a20-e87fa1e4f616:c8, 3895fe08-5e04-46ac-ae6d-2b942b921927:c8, 84f9c2c4-73f2-4ad7-b9a8-3f333e5b0e84:c8]
2019-09-04 03:24:40,298 | INFO  | SCMAudit | user=jenkins1000 | ip=192.168.69.105 | op=SEND_HEARTBEAT {datanodeUUID=6b521d90-43c4-4267-a955-3154b8383673, command=[]} | ret=SUCCESS |  
2019-09-04 03:24:40,358 | INFO  | SCMAudit | user=jenkins1000 | ip=192.168.69.105 | op=SEND_HEARTBEAT {datanodeUUID=50a57ad1-8537-401a-9ef5-5731af50f432, command=[]} | ret=SUCCESS |  
2019-09-04 03:24:40,828 | INFO  | SCMAudit | user=jenkins1000 | ip=192.168.69.105 | op=SEND_HEARTBEAT {datanodeUUID=5874772f-8d83-4395-aefd-8b53e7bb01f4, command=[]} | ret=SUCCESS |  
2019-09-04 03:24:41,018 | INFO  | SCMAudit | user=jenkins1000 | ip=192.168.69.105 | op=SEND_HEARTBEAT {datanodeUUID=84f9c2c4-73f2-4ad7-b9a8-3f333e5b0e84, command=[]} | ret=SUCCESS |  
2019-09-04 03:24:41,018 | INFO  | SCMAudit | user=jenkins1000 | ip=192.168.69.105 | op=SEND_HEARTBEAT {datanodeUUID=3895fe08-5e04-46ac-ae6d-2b942b921927, command=[]} | ret=SUCCESS |  
2019-09-04 03:24:41,049 | INFO  | SCMAudit | user=jenkins1000 | ip=192.168.69.105 | op=SEND_HEARTBEAT {datanodeUUID=524a4774-666f-452c-9a20-e87fa1e4f616, command=[]} | ret=SUCCESS |  
2019-09-04 03:24:41,049 | INFO  | SCMAudit | user=jenkins1000 | ip=192.168.69.105 | op=SEND_HEARTBEAT {datanodeUUID=3bf639f6-5176-4655-a6a8-540014321443, command=[]} | ret=SUCCESS |  
2019-09-04 03:24:41,298 | INFO  | SCMAudit | user=jenkins1000 | ip=192.168.69.105 | op=SEND_HEARTBEAT {datanodeUUID=6b521d90-43c4-4267-a955-3154b8383673, command=[]} | ret=SUCCESS |  
2019-09-04 03:24:41,358 | INFO  | SCMAudit | user=jenkins1000 | ip=192.168.69.105 | op=SEND_HEARTBEAT {datanodeUUID=50a57ad1-8537-401a-9ef5-5731af50f432, command=[]} | ret=SUCCESS |  
2019-09-04 03:24:41,829 | INFO  | SCMAudit | user=jenkins1000 | ip=192.168.69.105 | op=SEND_HEARTBEAT {datanodeUUID=5874772f-8d83-4395-aefd-8b53e7bb01f4, command=[]} | ret=SUCCESS |  
2019-09-04 03:24:42,018 | INFO  | SCMAudit | user=jenkins1000 | ip=192.168.69.105 | op=SEND_HEARTBEAT {datanodeUUID=3895fe08-5e04-46ac-ae6d-2b942b921927, command=[]} | ret=SUCCESS |  
2019-09-04 03:24:42,018 | INFO  | SCMAudit | user=jenkins1000 | ip=192.168.69.105 | op=SEND_HEARTBEAT {datanodeUUID=84f9c2c4-73f2-4ad7-b9a8-3f333e5b0e84, command=[]} | ret=SUCCESS |  
2019-09-04 03:24:42,050 | INFO  | SCMAudit | user=jenkins1000 | ip=192.168.69.105 | op=SEND_HEARTBEAT {datanodeUUID=3bf639f6-5176-4655-a6a8-540014321443, command=[]} | ret=SUCCESS |  
2019-09-04 03:24:42,050 | INFO  | SCMAudit | user=jenkins1000 | ip=192.168.69.105 | op=SEND_HEARTBEAT {datanodeUUID=524a4774-666f-452c-9a20-e87fa1e4f616, command=[]} | ret=SUCCESS |  
2019-09-04 03:24:42,299 | INFO  | SCMAudit | user=jenkins1000 | ip=192.168.69.105 | op=SEND_HEARTBEAT {datanodeUUID=6b521d90-43c4-4267-a955-3154b8383673, command=[]} | ret=SUCCESS |  
2019-09-04 03:24:42,359 | INFO  | SCMAudit | user=jenkins1000 | ip=192.168.69.105 | op=SEND_HEARTBEAT {datanodeUUID=50a57ad1-8537-401a-9ef5-5731af50f432, command=[]} | ret=SUCCESS |  
2019-09-04 03:24:42,829 | INFO  | SCMAudit | user=jenkins1000 | ip=192.168.69.105 | op=SEND_HEARTBEAT {datanodeUUID=5874772f-8d83-4395-aefd-8b53e7bb01f4, command=[]} | ret=SUCCESS |  
2019-09-04 03:24:43,019 | INFO  | SCMAudit | user=jenkins1000 | ip=192.168.69.105 | op=SEND_HEARTBEAT {datanodeUUID=84f9c2c4-73f2-4ad7-b9a8-3f333e5b0e84, command=[]} | ret=SUCCESS |  
2019-09-04 03:24:43,019 | INFO  | SCMAudit | user=jenkins1000 | ip=192.168.69.105 | op=SEND_HEARTBEAT {datanodeUUID=3895fe08-5e04-46ac-ae6d-2b942b921927, command=[]} | ret=SUCCESS |  
2019-09-04 03:24:43,050 | INFO  | SCMAudit | user=jenkins1000 | ip=192.168.69.105 | op=SEND_HEARTBEAT {datanodeUUID=3bf639f6-5176-4655-a6a8-540014321443, command=[]} | ret=SUCCESS |  
2019-09-04 03:24:43,050 | INFO  | SCMAudit | user=jenkins1000 | ip=192.168.69.105 | op=SEND_HEARTBEAT {datanodeUUID=524a4774-666f-452c-9a20-e87fa1e4f616, command=[]} | ret=SUCCESS |  
2019-09-04 03:24:43,299 | INFO  | SCMAudit | user=jenkins1000 | ip=192.168.69.105 | op=SEND_HEARTBEAT {datanodeUUID=6b521d90-43c4-4267-a955-3154b8383673, command=[]} | ret=SUCCESS |  
2019-09-04 03:24:43,359 | INFO  | SCMAudit | user=jenkins1000 | ip=192.168.69.105 | op=SEND_HEARTBEAT {datanodeUUID=50a57ad1-8537-401a-9ef5-5731af50f432, command=[]} | ret=SUCCESS |  
2019-09-04 03:24:43,829 | INFO  | SCMAudit | user=jenkins1000 | ip=192.168.69.105 | op=SEND_HEARTBEAT {datanodeUUID=5874772f-8d83-4395-aefd-8b53e7bb01f4, command=[]} | ret=SUCCESS |  
2019-09-04 03:24:44,019 | INFO  | SCMAudit | user=jenkins1000 | ip=192.168.69.105 | op=SEND_HEARTBEAT {datanodeUUID=84f9c2c4-73f2-4ad7-b9a8-3f333e5b0e84, command=[]} | ret=SUCCESS |  
2019-09-04 03:24:44,019 | INFO  | SCMAudit | user=jenkins1000 | ip=192.168.69.105 | op=SEND_HEARTBEAT {datanodeUUID=3895fe08-5e04-46ac-ae6d-2b942b921927, command=[]} | ret=SUCCESS |  
2019-09-04 03:24:44,050 | INFO  | SCMAudit | user=jenkins1000 | ip=192.168.69.105 | op=SEND_HEARTBEAT {datanodeUUID=524a4774-666f-452c-9a20-e87fa1e4f616, command=[]} | ret=SUCCESS |  
2019-09-04 03:24:44,050 | INFO  | SCMAudit | user=jenkins1000 | ip=192.168.69.105 | op=SEND_HEARTBEAT {datanodeUUID=3bf639f6-5176-4655-a6a8-540014321443, command=[]} | ret=SUCCESS |  
2019-09-04 03:24:44,300 | INFO  | SCMAudit | user=jenkins1000 | ip=192.168.69.105 | op=SEND_HEARTBEAT {datanodeUUID=6b521d90-43c4-4267-a955-3154b8383673, command=[]} | ret=SUCCESS |  
2019-09-04 03:24:44,359 | INFO  | SCMAudit | user=jenkins1000 | ip=192.168.69.105 | op=SEND_HEARTBEAT {datanodeUUID=50a57ad1-8537-401a-9ef5-5731af50f432, command=[]} | ret=SUCCESS |  
2019-09-04 03:24:44,830 | INFO  | SCMAudit | user=jenkins1000 | ip=192.168.69.105 | op=SEND_HEARTBEAT {datanodeUUID=5874772f-8d83-4395-aefd-8b53e7bb01f4, command=[]} | ret=SUCCESS |  
2019-09-04 03:24:45,020 | INFO  | SCMAudit | user=jenkins1000 | ip=192.168.69.105 | op=SEND_HEARTBEAT {datanodeUUID=84f9c2c4-73f2-4ad7-b9a8-3f333e5b0e84, command=[]} | ret=SUCCESS |  
2019-09-04 03:24:45,020 | INFO  | SCMAudit | user=jenkins1000 | ip=192.168.69.105 | op=SEND_HEARTBEAT {datanodeUUID=3895fe08-5e04-46ac-ae6d-2b942b921927, command=[]} | ret=SUCCESS |  
2019-09-04 03:24:45,050 | INFO  | SCMAudit | user=jenkins1000 | ip=192.168.69.105 | op=SEND_HEARTBEAT {datanodeUUID=524a4774-666f-452c-9a20-e87fa1e4f616, command=[]} | ret=SUCCESS |  
2019-09-04 03:24:45,050 | INFO  | SCMAudit | user=jenkins1000 | ip=192.168.69.105 | op=SEND_HEARTBEAT {datanodeUUID=3bf639f6-5176-4655-a6a8-540014321443, command=[]} | ret=SUCCESS |  
2019-09-04 03:24:45,245 [grpc-default-executor-4] INFO  client.GrpcClientProtocolClient (GrpcClientProtocolClient.java:onNext(255)) - client-81D3A7E5B111->84f9c2c4-73f2-4ad7-b9a8-3f333e5b0e84: receive RaftClientReply:client-81D3A7E5B111->84f9c2c4-73f2-4ad7-b9a8-3f333e5b0e84@group-002EB6C1B0CF, cid=45, FAILED org.apache.ratis.protocol.NotLeaderException: Server 84f9c2c4-73f2-4ad7-b9a8-3f333e5b0e84 is not the leader (3895fe08-5e04-46ac-ae6d-2b942b921927:192.168.69.105:44785). Request must be sent to leader., logIndex=0, commits[84f9c2c4-73f2-4ad7-b9a8-3f333e5b0e84:c8, 3895fe08-5e04-46ac-ae6d-2b942b921927:c8, 524a4774-666f-452c-9a20-e87fa1e4f616:c8]
2019-09-04 03:24:45,300 | INFO  | SCMAudit | user=jenkins1000 | ip=192.168.69.105 | op=SEND_HEARTBEAT {datanodeUUID=6b521d90-43c4-4267-a955-3154b8383673, command=[]} | ret=SUCCESS |  
2019-09-04 03:24:45,358 | INFO  | SCMAudit | user=jenkins1000 | ip=192.168.69.105 | op=SEND_HEARTBEAT {datanodeUUID=50a57ad1-8537-401a-9ef5-5731af50f432, command=[]} | ret=SUCCESS |  
2019-09-04 03:24:45,830 | INFO  | SCMAudit | user=jenkins1000 | ip=192.168.69.105 | op=SEND_HEARTBEAT {datanodeUUID=5874772f-8d83-4395-aefd-8b53e7bb01f4, command=[]} | ret=SUCCESS |  
2019-09-04 03:24:46,019 | INFO  | SCMAudit | user=jenkins1000 | ip=192.168.69.105 | op=SEND_HEARTBEAT {datanodeUUID=84f9c2c4-73f2-4ad7-b9a8-3f333e5b0e84, command=[]} | ret=SUCCESS |  
2019-09-04 03:24:46,019 | INFO  | SCMAudit | user=jenkins1000 | ip=192.168.69.105 | op=SEND_HEARTBEAT {datanodeUUID=3895fe08-5e04-46ac-ae6d-2b942b921927, command=[]} | ret=SUCCESS |  
2019-09-04 03:24:46,050 | INFO  | SCMAudit | user=jenkins1000 | ip=192.168.69.105 | op=SEND_HEARTBEAT {datanodeUUID=3bf639f6-5176-4655-a6a8-540014321443, command=[]} | ret=SUCCESS |  
2019-09-04 03:24:46,050 | INFO  | SCMAudit | user=jenkins1000 | ip=192.168.69.105 | op=SEND_HEARTBEAT {datanodeUUID=524a4774-666f-452c-9a20-e87fa1e4f616, command=[]} | ret=SUCCESS |  
2019-09-04 03:24:46,300 | INFO  | SCMAudit | user=jenkins1000 | ip=192.168.69.105 | op=SEND_HEARTBEAT {datanodeUUID=6b521d90-43c4-4267-a955-3154b8383673, command=[]} | ret=SUCCESS |  
2019-09-04 03:24:46,358 | INFO  | SCMAudit | user=jenkins1000 | ip=192.168.69.105 | op=SEND_HEARTBEAT {datanodeUUID=50a57ad1-8537-401a-9ef5-5731af50f432, command=[]} | ret=SUCCESS |  
2019-09-04 03:24:46,830 | INFO  | SCMAudit | user=jenkins1000 | ip=192.168.69.105 | op=SEND_HEARTBEAT {datanodeUUID=5874772f-8d83-4395-aefd-8b53e7bb01f4, command=[]} | ret=SUCCESS |  
2019-09-04 03:24:47,021 | INFO  | SCMAudit | user=jenkins1000 | ip=192.168.69.105 | op=SEND_HEARTBEAT {datanodeUUID=84f9c2c4-73f2-4ad7-b9a8-3f333e5b0e84, command=[]} | ret=SUCCESS |  
2019-09-04 03:24:47,021 | INFO  | SCMAudit | user=jenkins1000 | ip=192.168.69.105 | op=SEND_HEARTBEAT {datanodeUUID=3895fe08-5e04-46ac-ae6d-2b942b921927, command=[]} | ret=SUCCESS |  
2019-09-04 03:24:47,050 | INFO  | SCMAudit | user=jenkins1000 | ip=192.168.69.105 | op=SEND_HEARTBEAT {datanodeUUID=3bf639f6-5176-4655-a6a8-540014321443, command=[]} | ret=SUCCESS |  
2019-09-04 03:24:47,050 | INFO  | SCMAudit | user=jenkins1000 | ip=192.168.69.105 | op=SEND_HEARTBEAT {datanodeUUID=524a4774-666f-452c-9a20-e87fa1e4f616, command=[]} | ret=SUCCESS |  
2019-09-04 03:24:47,300 | INFO  | SCMAudit | user=jenkins1000 | ip=192.168.69.105 | op=SEND_HEARTBEAT {datanodeUUID=6b521d90-43c4-4267-a955-3154b8383673, command=[]} | ret=SUCCESS |  
2019-09-04 03:24:47,358 | INFO  | SCMAudit | user=jenkins1000 | ip=192.168.69.105 | op=SEND_HEARTBEAT {datanodeUUID=50a57ad1-8537-401a-9ef5-5731af50f432, command=[]} | ret=SUCCESS |  
2019-09-04 03:24:47,831 | INFO  | SCMAudit | user=jenkins1000 | ip=192.168.69.105 | op=SEND_HEARTBEAT {datanodeUUID=5874772f-8d83-4395-aefd-8b53e7bb01f4, command=[]} | ret=SUCCESS |  
2019-09-04 03:24:48,019 | INFO  | SCMAudit | user=jenkins1000 | ip=192.168.69.105 | op=SEND_HEARTBEAT {datanodeUUID=3895fe08-5e04-46ac-ae6d-2b942b921927, command=[]} | ret=SUCCESS |  
2019-09-04 03:24:48,019 | INFO  | SCMAudit | user=jenkins1000 | ip=192.168.69.105 | op=SEND_HEARTBEAT {datanodeUUID=84f9c2c4-73f2-4ad7-b9a8-3f333e5b0e84, command=[]} | ret=SUCCESS |  
2019-09-04 03:24:48,050 | INFO  | SCMAudit | user=jenkins1000 | ip=192.168.69.105 | op=SEND_HEARTBEAT {datanodeUUID=3bf639f6-5176-4655-a6a8-540014321443, command=[]} | ret=SUCCESS |  
2019-09-04 03:24:48,050 | INFO  | SCMAudit | user=jenkins1000 | ip=192.168.69.105 | op=SEND_HEARTBEAT {datanodeUUID=524a4774-666f-452c-9a20-e87fa1e4f616, command=[]} | ret=SUCCESS |  
2019-09-04 03:24:48,301 | INFO  | SCMAudit | user=jenkins1000 | ip=192.168.69.105 | op=SEND_HEARTBEAT {datanodeUUID=6b521d90-43c4-4267-a955-3154b8383673, command=[]} | ret=SUCCESS |  
2019-09-04 03:24:48,359 | INFO  | SCMAudit | user=jenkins1000 | ip=192.168.69.105 | op=SEND_HEARTBEAT {datanodeUUID=50a57ad1-8537-401a-9ef5-5731af50f432, command=[]} | ret=SUCCESS |  
2019-09-04 03:24:48,830 | INFO  | SCMAudit | user=jenkins1000 | ip=192.168.69.105 | op=SEND_HEARTBEAT {datanodeUUID=5874772f-8d83-4395-aefd-8b53e7bb01f4, command=[]} | ret=SUCCESS |  
2019-09-04 03:24:49,020 | INFO  | SCMAudit | user=jenkins1000 | ip=192.168.69.105 | op=SEND_HEARTBEAT {datanodeUUID=84f9c2c4-73f2-4ad7-b9a8-3f333e5b0e84, command=[]} | ret=SUCCESS |  
2019-09-04 03:24:49,020 | INFO  | SCMAudit | user=jenkins1000 | ip=192.168.69.105 | op=SEND_HEARTBEAT {datanodeUUID=3895fe08-5e04-46ac-ae6d-2b942b921927, command=[]} | ret=SUCCESS |  
2019-09-04 03:24:49,050 | INFO  | SCMAudit | user=jenkins1000 | ip=192.168.69.105 | op=SEND_HEARTBEAT {datanodeUUID=524a4774-666f-452c-9a20-e87fa1e4f616, command=[]} | ret=SUCCESS |  
2019-09-04 03:24:49,051 | INFO  | SCMAudit | user=jenkins1000 | ip=192.168.69.105 | op=SEND_HEARTBEAT {datanodeUUID=3bf639f6-5176-4655-a6a8-540014321443, command=[]} | ret=SUCCESS |  
2019-09-04 03:24:49,301 | INFO  | SCMAudit | user=jenkins1000 | ip=192.168.69.105 | op=SEND_HEARTBEAT {datanodeUUID=6b521d90-43c4-4267-a955-3154b8383673, command=[]} | ret=SUCCESS |  
2019-09-04 03:24:49,358 | INFO  | SCMAudit | user=jenkins1000 | ip=192.168.69.105 | op=SEND_HEARTBEAT {datanodeUUID=50a57ad1-8537-401a-9ef5-5731af50f432, command=[]} | ret=SUCCESS |  
2019-09-04 03:24:49,831 | INFO  | SCMAudit | user=jenkins1000 | ip=192.168.69.105 | op=SEND_HEARTBEAT {datanodeUUID=5874772f-8d83-4395-aefd-8b53e7bb01f4, command=[]} | ret=SUCCESS |  
2019-09-04 03:24:50,019 | INFO  | SCMAudit | user=jenkins1000 | ip=192.168.69.105 | op=SEND_HEARTBEAT {datanodeUUID=3895fe08-5e04-46ac-ae6d-2b942b921927, command=[]} | ret=SUCCESS |  
2019-09-04 03:24:50,019 | INFO  | SCMAudit | user=jenkins1000 | ip=192.168.69.105 | op=SEND_HEARTBEAT {datanodeUUID=84f9c2c4-73f2-4ad7-b9a8-3f333e5b0e84, command=[]} | ret=SUCCESS |  
2019-09-04 03:24:50,050 | INFO  | SCMAudit | user=jenkins1000 | ip=192.168.69.105 | op=SEND_HEARTBEAT {datanodeUUID=3bf639f6-5176-4655-a6a8-540014321443, command=[]} | ret=SUCCESS |  
2019-09-04 03:24:50,050 | INFO  | SCMAudit | user=jenkins1000 | ip=192.168.69.105 | op=SEND_HEARTBEAT {datanodeUUID=524a4774-666f-452c-9a20-e87fa1e4f616, command=[]} | ret=SUCCESS |  
2019-09-04 03:24:50,286 [grpc-default-executor-4] INFO  client.GrpcClientProtocolClient (GrpcClientProtocolClient.java:onNext(255)) - client-81D3A7E5B111->84f9c2c4-73f2-4ad7-b9a8-3f333e5b0e84: receive RaftClientReply:client-81D3A7E5B111->84f9c2c4-73f2-4ad7-b9a8-3f333e5b0e84@group-002EB6C1B0CF, cid=45, FAILED org.apache.ratis.protocol.NotLeaderException: Server 84f9c2c4-73f2-4ad7-b9a8-3f333e5b0e84 is not the leader (3895fe08-5e04-46ac-ae6d-2b942b921927:192.168.69.105:44785). Request must be sent to leader., logIndex=0, commits[84f9c2c4-73f2-4ad7-b9a8-3f333e5b0e84:c8, 3895fe08-5e04-46ac-ae6d-2b942b921927:c8, 524a4774-666f-452c-9a20-e87fa1e4f616:c8]
2019-09-04 03:24:50,301 | INFO  | SCMAudit | user=jenkins1000 | ip=192.168.69.105 | op=SEND_HEARTBEAT {datanodeUUID=6b521d90-43c4-4267-a955-3154b8383673, command=[]} | ret=SUCCESS |  
2019-09-04 03:24:50,358 | INFO  | SCMAudit | user=jenkins1000 | ip=192.168.69.105 | op=SEND_HEARTBEAT {datanodeUUID=50a57ad1-8537-401a-9ef5-5731af50f432, command=[]} | ret=SUCCESS |  
2019-09-04 03:24:50,830 | INFO  | SCMAudit | user=jenkins1000 | ip=192.168.69.105 | op=SEND_HEARTBEAT {datanodeUUID=5874772f-8d83-4395-aefd-8b53e7bb01f4, command=[]} | ret=SUCCESS |  
2019-09-04 03:24:51,019 | INFO  | SCMAudit | user=jenkins1000 | ip=192.168.69.105 | op=SEND_HEARTBEAT {datanodeUUID=84f9c2c4-73f2-4ad7-b9a8-3f333e5b0e84, command=[]} | ret=SUCCESS |  
2019-09-04 03:24:51,019 | INFO  | SCMAudit | user=jenkins1000 | ip=192.168.69.105 | op=SEND_HEARTBEAT {datanodeUUID=3895fe08-5e04-46ac-ae6d-2b942b921927, command=[]} | ret=SUCCESS |  
2019-09-04 03:24:51,050 | INFO  | SCMAudit | user=jenkins1000 | ip=192.168.69.105 | op=SEND_HEARTBEAT {datanodeUUID=3bf639f6-5176-4655-a6a8-540014321443, command=[]} | ret=SUCCESS |  
2019-09-04 03:24:51,050 | INFO  | SCMAudit | user=jenkins1000 | ip=192.168.69.105 | op=SEND_HEARTBEAT {datanodeUUID=524a4774-666f-452c-9a20-e87fa1e4f616, command=[]} | ret=SUCCESS |  
2019-09-04 03:24:51,301 | INFO  | SCMAudit | user=jenkins1000 | ip=192.168.69.105 | op=SEND_HEARTBEAT {datanodeUUID=6b521d90-43c4-4267-a955-3154b8383673, command=[]} | ret=SUCCESS |  
2019-09-04 03:24:51,358 | INFO  | SCMAudit | user=jenkins1000 | ip=192.168.69.105 | op=SEND_HEARTBEAT {datanodeUUID=50a57ad1-8537-401a-9ef5-5731af50f432, command=[]} | ret=SUCCESS |  
2019-09-04 03:24:51,831 | INFO  | SCMAudit | user=jenkins1000 | ip=192.168.69.105 | op=SEND_HEARTBEAT {datanodeUUID=5874772f-8d83-4395-aefd-8b53e7bb01f4, command=[]} | ret=SUCCESS |  
2019-09-04 03:24:52,020 | INFO  | SCMAudit | user=jenkins1000 | ip=192.168.69.105 | op=SEND_HEARTBEAT {datanodeUUID=3895fe08-5e04-46ac-ae6d-2b942b921927, command=[]} | ret=SUCCESS |  
2019-09-04 03:24:52,020 | INFO  | SCMAudit | user=jenkins1000 | ip=192.168.69.105 | op=SEND_HEARTBEAT {datanodeUUID=84f9c2c4-73f2-4ad7-b9a8-3f333e5b0e84, command=[]} | ret=SUCCESS |  
2019-09-04 03:24:52,051 | INFO  | SCMAudit | user=jenkins1000 | ip=192.168.69.105 | op=SEND_HEARTBEAT {datanodeUUID=524a4774-666f-452c-9a20-e87fa1e4f616, command=[]} | ret=SUCCESS |  
2019-09-04 03:24:52,051 | INFO  | SCMAudit | user=jenkins1000 | ip=192.168.69.105 | op=SEND_HEARTBEAT {datanodeUUID=3bf639f6-5176-4655-a6a8-540014321443, command=[]} | ret=SUCCESS |  
2019-09-04 03:24:52,302 | INFO  | SCMAudit | user=jenkins1000 | ip=192.168.69.105 | op=SEND_HEARTBEAT {datanodeUUID=6b521d90-43c4-4267-a955-3154b8383673, command=[]} | ret=SUCCESS |  
2019-09-04 03:24:52,358 | INFO  | SCMAudit | user=jenkins1000 | ip=192.168.69.105 | op=SEND_HEARTBEAT {datanodeUUID=50a57ad1-8537-401a-9ef5-5731af50f432, command=[]} | ret=SUCCESS |  
2019-09-04 03:24:52,830 | INFO  | SCMAudit | user=jenkins1000 | ip=192.168.69.105 | op=SEND_HEARTBEAT {datanodeUUID=5874772f-8d83-4395-aefd-8b53e7bb01f4, command=[]} | ret=SUCCESS |  
2019-09-04 03:24:53,020 | INFO  | SCMAudit | user=jenkins1000 | ip=192.168.69.105 | op=SEND_HEARTBEAT {datanodeUUID=84f9c2c4-73f2-4ad7-b9a8-3f333e5b0e84, command=[]} | ret=SUCCESS |  
2019-09-04 03:24:53,020 | INFO  | SCMAudit | user=jenkins1000 | ip=192.168.69.105 | op=SEND_HEARTBEAT {datanodeUUID=3895fe08-5e04-46ac-ae6d-2b942b921927, command=[]} | ret=SUCCESS |  
2019-09-04 03:24:53,051 | INFO  | SCMAudit | user=jenkins1000 | ip=192.168.69.105 | op=SEND_HEARTBEAT {datanodeUUID=524a4774-666f-452c-9a20-e87fa1e4f616, command=[]} | ret=SUCCESS |  
2019-09-04 03:24:53,051 | INFO  | SCMAudit | user=jenkins1000 | ip=192.168.69.105 | op=SEND_HEARTBEAT {datanodeUUID=3bf639f6-5176-4655-a6a8-540014321443, command=[]} | ret=SUCCESS |  
2019-09-04 03:24:53,302 | INFO  | SCMAudit | user=jenkins1000 | ip=192.168.69.105 | op=SEND_HEARTBEAT {datanodeUUID=6b521d90-43c4-4267-a955-3154b8383673, command=[]} | ret=SUCCESS |  
2019-09-04 03:24:53,359 | INFO  | SCMAudit | user=jenkins1000 | ip=192.168.69.105 | op=SEND_HEARTBEAT {datanodeUUID=50a57ad1-8537-401a-9ef5-5731af50f432, command=[]} | ret=SUCCESS |  
2019-09-04 03:24:53,831 | INFO  | SCMAudit | user=jenkins1000 | ip=192.168.69.105 | op=SEND_HEARTBEAT {datanodeUUID=5874772f-8d83-4395-aefd-8b53e7bb01f4, command=[]} | ret=SUCCESS |  
2019-09-04 03:24:54,020 | INFO  | SCMAudit | user=jenkins1000 | ip=192.168.69.105 | op=SEND_HEARTBEAT {datanodeUUID=3895fe08-5e04-46ac-ae6d-2b942b921927, command=[]} | ret=SUCCESS |  
2019-09-04 03:24:54,020 | INFO  | SCMAudit | user=jenkins1000 | ip=192.168.69.105 | op=SEND_HEARTBEAT {datanodeUUID=84f9c2c4-73f2-4ad7-b9a8-3f333e5b0e84, command=[]} | ret=SUCCESS |  
2019-09-04 03:24:54,051 | INFO  | SCMAudit | user=jenkins1000 | ip=192.168.69.105 | op=SEND_HEARTBEAT {datanodeUUID=524a4774-666f-452c-9a20-e87fa1e4f616, command=[]} | ret=SUCCESS |  
2019-09-04 03:24:54,051 | INFO  | SCMAudit | user=jenkins1000 | ip=192.168.69.105 | op=SEND_HEARTBEAT {datanodeUUID=3bf639f6-5176-4655-a6a8-540014321443, command=[]} | ret=SUCCESS |  
2019-09-04 03:24:54,322 | INFO  | SCMAudit | user=jenkins1000 | ip=192.168.69.105 | op=SEND_HEARTBEAT {datanodeUUID=6b521d90-43c4-4267-a955-3154b8383673, command=[]} | ret=SUCCESS |  
2019-09-04 03:24:54,358 | INFO  | SCMAudit | user=jenkins1000 | ip=192.168.69.105 | op=SEND_HEARTBEAT {datanodeUUID=50a57ad1-8537-401a-9ef5-5731af50f432, command=[]} | ret=SUCCESS |  
2019-09-04 03:24:54,830 | INFO  | SCMAudit | user=jenkins1000 | ip=192.168.69.105 | op=SEND_HEARTBEAT {datanodeUUID=5874772f-8d83-4395-aefd-8b53e7bb01f4, command=[]} | ret=SUCCESS |  
2019-09-04 03:24:55,021 | INFO  | SCMAudit | user=jenkins1000 | ip=192.168.69.105 | op=SEND_HEARTBEAT {datanodeUUID=3895fe08-5e04-46ac-ae6d-2b942b921927, command=[]} | ret=SUCCESS |  
2019-09-04 03:24:55,021 | INFO  | SCMAudit | user=jenkins1000 | ip=192.168.69.105 | op=SEND_HEARTBEAT {datanodeUUID=84f9c2c4-73f2-4ad7-b9a8-3f333e5b0e84, command=[]} | ret=SUCCESS |  
2019-09-04 03:24:55,051 | INFO  | SCMAudit | user=jenkins1000 | ip=192.168.69.105 | op=SEND_HEARTBEAT {datanodeUUID=524a4774-666f-452c-9a20-e87fa1e4f616, command=[]} | ret=SUCCESS |  
2019-09-04 03:24:55,051 | INFO  | SCMAudit | user=jenkins1000 | ip=192.168.69.105 | op=SEND_HEARTBEAT {datanodeUUID=3bf639f6-5176-4655-a6a8-540014321443, command=[]} | ret=SUCCESS |  
2019-09-04 03:24:55,302 | INFO  | SCMAudit | user=jenkins1000 | ip=192.168.69.105 | op=SEND_HEARTBEAT {datanodeUUID=6b521d90-43c4-4267-a955-3154b8383673, command=[]} | ret=SUCCESS |  
2019-09-04 03:24:55,337 [grpc-default-executor-3] INFO  client.GrpcClientProtocolClient (GrpcClientProtocolClient.java:onNext(255)) - client-81D3A7E5B111->524a4774-666f-452c-9a20-e87fa1e4f616: receive RaftClientReply:client-81D3A7E5B111->524a4774-666f-452c-9a20-e87fa1e4f616@group-002EB6C1B0CF, cid=45, FAILED org.apache.ratis.protocol.NotLeaderException: Server 524a4774-666f-452c-9a20-e87fa1e4f616 is not the leader (3895fe08-5e04-46ac-ae6d-2b942b921927:192.168.69.105:44785). Request must be sent to leader., logIndex=0, commits[524a4774-666f-452c-9a20-e87fa1e4f616:c8, 3895fe08-5e04-46ac-ae6d-2b942b921927:c8, 84f9c2c4-73f2-4ad7-b9a8-3f333e5b0e84:c8]
2019-09-04 03:24:55,358 | INFO  | SCMAudit | user=jenkins1000 | ip=192.168.69.105 | op=SEND_HEARTBEAT {datanodeUUID=50a57ad1-8537-401a-9ef5-5731af50f432, command=[]} | ret=SUCCESS |  
2019-09-04 03:24:55,831 | INFO  | SCMAudit | user=jenkins1000 | ip=192.168.69.105 | op=SEND_HEARTBEAT {datanodeUUID=5874772f-8d83-4395-aefd-8b53e7bb01f4, command=[]} | ret=SUCCESS |  
2019-09-04 03:24:56,020 | INFO  | SCMAudit | user=jenkins1000 | ip=192.168.69.105 | op=SEND_HEARTBEAT {datanodeUUID=84f9c2c4-73f2-4ad7-b9a8-3f333e5b0e84, command=[]} | ret=SUCCESS |  
2019-09-04 03:24:56,020 | INFO  | SCMAudit | user=jenkins1000 | ip=192.168.69.105 | op=SEND_HEARTBEAT {datanodeUUID=3895fe08-5e04-46ac-ae6d-2b942b921927, command=[]} | ret=SUCCESS |  
2019-09-04 03:24:56,051 | INFO  | SCMAudit | user=jenkins1000 | ip=192.168.69.105 | op=SEND_HEARTBEAT {datanodeUUID=524a4774-666f-452c-9a20-e87fa1e4f616, command=[]} | ret=SUCCESS |  
2019-09-04 03:24:56,051 | INFO  | SCMAudit | user=jenkins1000 | ip=192.168.69.105 | op=SEND_HEARTBEAT {datanodeUUID=3bf639f6-5176-4655-a6a8-540014321443, command=[]} | ret=SUCCESS |  
2019-09-04 03:24:56,302 | INFO  | SCMAudit | user=jenkins1000 | ip=192.168.69.105 | op=SEND_HEARTBEAT {datanodeUUID=6b521d90-43c4-4267-a955-3154b8383673, command=[]} | ret=SUCCESS |  
2019-09-04 03:24:56,358 | INFO  | SCMAudit | user=jenkins1000 | ip=192.168.69.105 | op=SEND_HEARTBEAT {datanodeUUID=50a57ad1-8537-401a-9ef5-5731af50f432, command=[]} | ret=SUCCESS |  
2019-09-04 03:24:56,831 | INFO  | SCMAudit | user=jenkins1000 | ip=192.168.69.105 | op=SEND_HEARTBEAT {datanodeUUID=5874772f-8d83-4395-aefd-8b53e7bb01f4, command=[]} | ret=SUCCESS |  
2019-09-04 03:24:57,022 | INFO  | SCMAudit | user=jenkins1000 | ip=192.168.69.105 | op=SEND_HEARTBEAT {datanodeUUID=84f9c2c4-73f2-4ad7-b9a8-3f333e5b0e84, command=[]} | ret=SUCCESS |  
2019-09-04 03:24:57,022 | INFO  | SCMAudit | user=jenkins1000 | ip=192.168.69.105 | op=SEND_HEARTBEAT {datanodeUUID=3895fe08-5e04-46ac-ae6d-2b942b921927, command=[]} | ret=SUCCESS |  
2019-09-04 03:24:57,051 | INFO  | SCMAudit | user=jenkins1000 | ip=192.168.69.105 | op=SEND_HEARTBEAT {datanodeUUID=524a4774-666f-452c-9a20-e87fa1e4f616, command=[]} | ret=SUCCESS |  
2019-09-04 03:24:57,051 | INFO  | SCMAudit | user=jenkins1000 | ip=192.168.69.105 | op=SEND_HEARTBEAT {datanodeUUID=3bf639f6-5176-4655-a6a8-540014321443, command=[]} | ret=SUCCESS |  
2019-09-04 03:24:57,302 | INFO  | SCMAudit | user=jenkins1000 | ip=192.168.69.105 | op=SEND_HEARTBEAT {datanodeUUID=6b521d90-43c4-4267-a955-3154b8383673, command=[]} | ret=SUCCESS |  
2019-09-04 03:24:57,358 | INFO  | SCMAudit | user=jenkins1000 | ip=192.168.69.105 | op=SEND_HEARTBEAT {datanodeUUID=50a57ad1-8537-401a-9ef5-5731af50f432, command=[]} | ret=SUCCESS |  
2019-09-04 03:24:57,831 | INFO  | SCMAudit | user=jenkins1000 | ip=192.168.69.105 | op=SEND_HEARTBEAT {datanodeUUID=5874772f-8d83-4395-aefd-8b53e7bb01f4, command=[]} | ret=SUCCESS |  
2019-09-04 03:24:58,022 | INFO  | SCMAudit | user=jenkins1000 | ip=192.168.69.105 | op=SEND_HEARTBEAT {datanodeUUID=84f9c2c4-73f2-4ad7-b9a8-3f333e5b0e84, command=[]} | ret=SUCCESS |  
2019-09-04 03:24:58,022 | INFO  | SCMAudit | user=jenkins1000 | ip=192.168.69.105 | op=SEND_HEARTBEAT {datanodeUUID=3895fe08-5e04-46ac-ae6d-2b942b921927, command=[]} | ret=SUCCESS |  
2019-09-04 03:24:58,051 | INFO  | SCMAudit | user=jenkins1000 | ip=192.168.69.105 | op=SEND_HEARTBEAT {datanodeUUID=524a4774-666f-452c-9a20-e87fa1e4f616, command=[]} | ret=SUCCESS |  
2019-09-04 03:24:58,051 | INFO  | SCMAudit | user=jenkins1000 | ip=192.168.69.105 | op=SEND_HEARTBEAT {datanodeUUID=3bf639f6-5176-4655-a6a8-540014321443, command=[]} | ret=SUCCESS |  
2019-09-04 03:24:58,302 | INFO  | SCMAudit | user=jenkins1000 | ip=192.168.69.105 | op=SEND_HEARTBEAT {datanodeUUID=6b521d90-43c4-4267-a955-3154b8383673, command=[]} | ret=SUCCESS |  
2019-09-04 03:24:58,358 | INFO  | SCMAudit | user=jenkins1000 | ip=192.168.69.105 | op=SEND_HEARTBEAT {datanodeUUID=50a57ad1-8537-401a-9ef5-5731af50f432, command=[]} | ret=SUCCESS |  
2019-09-04 03:24:58,832 | INFO  | SCMAudit | user=jenkins1000 | ip=192.168.69.105 | op=SEND_HEARTBEAT {datanodeUUID=5874772f-8d83-4395-aefd-8b53e7bb01f4, command=[]} | ret=SUCCESS |  
2019-09-04 03:24:59,022 | INFO  | SCMAudit | user=jenkins1000 | ip=192.168.69.105 | op=SEND_HEARTBEAT {datanodeUUID=3895fe08-5e04-46ac-ae6d-2b942b921927, command=[]} | ret=SUCCESS |  
2019-09-04 03:24:59,022 | INFO  | SCMAudit | user=jenkins1000 | ip=192.168.69.105 | op=SEND_HEARTBEAT {datanodeUUID=84f9c2c4-73f2-4ad7-b9a8-3f333e5b0e84, command=[]} | ret=SUCCESS |  
2019-09-04 03:24:59,051 | INFO  | SCMAudit | user=jenkins1000 | ip=192.168.69.105 | op=SEND_HEARTBEAT {datanodeUUID=524a4774-666f-452c-9a20-e87fa1e4f616, command=[]} | ret=SUCCESS |  
2019-09-04 03:24:59,051 | INFO  | SCMAudit | user=jenkins1000 | ip=192.168.69.105 | op=SEND_HEARTBEAT {datanodeUUID=3bf639f6-5176-4655-a6a8-540014321443, command=[]} | ret=SUCCESS |  
2019-09-04 03:24:59,302 | INFO  | SCMAudit | user=jenkins1000 | ip=192.168.69.105 | op=SEND_HEARTBEAT {datanodeUUID=6b521d90-43c4-4267-a955-3154b8383673, command=[]} | ret=SUCCESS |  
2019-09-04 03:24:59,359 | INFO  | SCMAudit | user=jenkins1000 | ip=192.168.69.105 | op=SEND_HEARTBEAT {datanodeUUID=50a57ad1-8537-401a-9ef5-5731af50f432, command=[]} | ret=SUCCESS |  
2019-09-04 03:24:59,832 | INFO  | SCMAudit | user=jenkins1000 | ip=192.168.69.105 | op=SEND_HEARTBEAT {datanodeUUID=5874772f-8d83-4395-aefd-8b53e7bb01f4, command=[]} | ret=SUCCESS |  
2019-09-04 03:25:00,022 | INFO  | SCMAudit | user=jenkins1000 | ip=192.168.69.105 | op=SEND_HEARTBEAT {datanodeUUID=3895fe08-5e04-46ac-ae6d-2b942b921927, command=[]} | ret=SUCCESS |  
2019-09-04 03:25:00,022 | INFO  | SCMAudit | user=jenkins1000 | ip=192.168.69.105 | op=SEND_HEARTBEAT {datanodeUUID=84f9c2c4-73f2-4ad7-b9a8-3f333e5b0e84, command=[]} | ret=SUCCESS |  
2019-09-04 03:25:00,051 | INFO  | SCMAudit | user=jenkins1000 | ip=192.168.69.105 | op=SEND_HEARTBEAT {datanodeUUID=3bf639f6-5176-4655-a6a8-540014321443, command=[]} | ret=SUCCESS |  
2019-09-04 03:25:00,051 | INFO  | SCMAudit | user=jenkins1000 | ip=192.168.69.105 | op=SEND_HEARTBEAT {datanodeUUID=524a4774-666f-452c-9a20-e87fa1e4f616, command=[]} | ret=SUCCESS |  
2019-09-04 03:25:00,302 | INFO  | SCMAudit | user=jenkins1000 | ip=192.168.69.105 | op=SEND_HEARTBEAT {datanodeUUID=6b521d90-43c4-4267-a955-3154b8383673, command=[]} | ret=SUCCESS |  
2019-09-04 03:25:00,359 | INFO  | SCMAudit | user=jenkins1000 | ip=192.168.69.105 | op=SEND_HEARTBEAT {datanodeUUID=50a57ad1-8537-401a-9ef5-5731af50f432, command=[]} | ret=SUCCESS |  
2019-09-04 03:25:00,372 [grpc-default-executor-3] INFO  client.GrpcClientProtocolClient (GrpcClientProtocolClient.java:onNext(255)) - client-81D3A7E5B111->84f9c2c4-73f2-4ad7-b9a8-3f333e5b0e84: receive RaftClientReply:client-81D3A7E5B111->84f9c2c4-73f2-4ad7-b9a8-3f333e5b0e84@group-002EB6C1B0CF, cid=45, FAILED org.apache.ratis.protocol.NotLeaderException: Server 84f9c2c4-73f2-4ad7-b9a8-3f333e5b0e84 is not the leader (3895fe08-5e04-46ac-ae6d-2b942b921927:192.168.69.105:44785). Request must be sent to leader., logIndex=0, commits[84f9c2c4-73f2-4ad7-b9a8-3f333e5b0e84:c8, 3895fe08-5e04-46ac-ae6d-2b942b921927:c8, 524a4774-666f-452c-9a20-e87fa1e4f616:c8]
2019-09-04 03:25:00,832 | INFO  | SCMAudit | user=jenkins1000 | ip=192.168.69.105 | op=SEND_HEARTBEAT {datanodeUUID=5874772f-8d83-4395-aefd-8b53e7bb01f4, command=[]} | ret=SUCCESS |  
2019-09-04 03:25:01,022 | INFO  | SCMAudit | user=jenkins1000 | ip=192.168.69.105 | op=SEND_HEARTBEAT {datanodeUUID=84f9c2c4-73f2-4ad7-b9a8-3f333e5b0e84, command=[]} | ret=SUCCESS |  
2019-09-04 03:25:01,022 | INFO  | SCMAudit | user=jenkins1000 | ip=192.168.69.105 | op=SEND_HEARTBEAT {datanodeUUID=3895fe08-5e04-46ac-ae6d-2b942b921927, command=[]} | ret=SUCCESS |  
2019-09-04 03:25:01,051 | INFO  | SCMAudit | user=jenkins1000 | ip=192.168.69.105 | op=SEND_HEARTBEAT {datanodeUUID=3bf639f6-5176-4655-a6a8-540014321443, command=[]} | ret=SUCCESS |  
2019-09-04 03:25:01,052 | INFO  | SCMAudit | user=jenkins1000 | ip=192.168.69.105 | op=SEND_HEARTBEAT {datanodeUUID=524a4774-666f-452c-9a20-e87fa1e4f616, command=[]} | ret=SUCCESS |  
2019-09-04 03:25:01,302 | INFO  | SCMAudit | user=jenkins1000 | ip=192.168.69.105 | op=SEND_HEARTBEAT {datanodeUUID=6b521d90-43c4-4267-a955-3154b8383673, command=[]} | ret=SUCCESS |  
2019-09-04 03:25:01,359 | INFO  | SCMAudit | user=jenkins1000 | ip=192.168.69.105 | op=SEND_HEARTBEAT {datanodeUUID=50a57ad1-8537-401a-9ef5-5731af50f432, command=[]} | ret=SUCCESS |  
2019-09-04 03:25:01,833 | INFO  | SCMAudit | user=jenkins1000 | ip=192.168.69.105 | op=SEND_HEARTBEAT {datanodeUUID=5874772f-8d83-4395-aefd-8b53e7bb01f4, command=[]} | ret=SUCCESS |  
2019-09-04 03:25:02,022 | INFO  | SCMAudit | user=jenkins1000 | ip=192.168.69.105 | op=SEND_HEARTBEAT {datanodeUUID=84f9c2c4-73f2-4ad7-b9a8-3f333e5b0e84, command=[]} | ret=SUCCESS |  
2019-09-04 03:25:02,023 | INFO  | SCMAudit | user=jenkins1000 | ip=192.168.69.105 | op=SEND_HEARTBEAT {datanodeUUID=3895fe08-5e04-46ac-ae6d-2b942b921927, command=[]} | ret=SUCCESS |  
2019-09-04 03:25:02,051 | INFO  | SCMAudit | user=jenkins1000 | ip=192.168.69.105 | op=SEND_HEARTBEAT {datanodeUUID=3bf639f6-5176-4655-a6a8-540014321443, command=[]} | ret=SUCCESS |  
2019-09-04 03:25:02,052 | INFO  | SCMAudit | user=jenkins1000 | ip=192.168.69.105 | op=SEND_HEARTBEAT {datanodeUUID=524a4774-666f-452c-9a20-e87fa1e4f616, command=[]} | ret=SUCCESS |  
2019-09-04 03:25:02,302 | INFO  | SCMAudit | user=jenkins1000 | ip=192.168.69.105 | op=SEND_HEARTBEAT {datanodeUUID=6b521d90-43c4-4267-a955-3154b8383673, command=[]} | ret=SUCCESS |  
2019-09-04 03:25:02,359 | INFO  | SCMAudit | user=jenkins1000 | ip=192.168.69.105 | op=SEND_HEARTBEAT {datanodeUUID=50a57ad1-8537-401a-9ef5-5731af50f432, command=[]} | ret=SUCCESS |  
2019-09-04 03:25:02,833 | INFO  | SCMAudit | user=jenkins1000 | ip=192.168.69.105 | op=SEND_HEARTBEAT {datanodeUUID=5874772f-8d83-4395-aefd-8b53e7bb01f4, command=[]} | ret=SUCCESS |  
2019-09-04 03:25:03,023 | INFO  | SCMAudit | user=jenkins1000 | ip=192.168.69.105 | op=SEND_HEARTBEAT {datanodeUUID=3895fe08-5e04-46ac-ae6d-2b942b921927, command=[]} | ret=SUCCESS |  
2019-09-04 03:25:03,023 | INFO  | SCMAudit | user=jenkins1000 | ip=192.168.69.105 | op=SEND_HEARTBEAT {datanodeUUID=84f9c2c4-73f2-4ad7-b9a8-3f333e5b0e84, command=[]} | ret=SUCCESS |  
2019-09-04 03:25:03,051 | INFO  | SCMAudit | user=jenkins1000 | ip=192.168.69.105 | op=SEND_HEARTBEAT {datanodeUUID=3bf639f6-5176-4655-a6a8-540014321443, command=[]} | ret=SUCCESS |  
2019-09-04 03:25:03,052 | INFO  | SCMAudit | user=jenkins1000 | ip=192.168.69.105 | op=SEND_HEARTBEAT {datanodeUUID=524a4774-666f-452c-9a20-e87fa1e4f616, command=[]} | ret=SUCCESS |  
2019-09-04 03:25:03,302 | INFO  | SCMAudit | user=jenkins1000 | ip=192.168.69.105 | op=SEND_HEARTBEAT {datanodeUUID=6b521d90-43c4-4267-a955-3154b8383673, command=[]} | ret=SUCCESS |  
2019-09-04 03:25:03,364 | INFO  | SCMAudit | user=jenkins1000 | ip=192.168.69.105 | op=SEND_HEARTBEAT {datanodeUUID=50a57ad1-8537-401a-9ef5-5731af50f432, command=[]} | ret=SUCCESS |  
2019-09-04 03:25:03,833 | INFO  | SCMAudit | user=jenkins1000 | ip=192.168.69.105 | op=SEND_HEARTBEAT {datanodeUUID=5874772f-8d83-4395-aefd-8b53e7bb01f4, command=[]} | ret=SUCCESS |  
2019-09-04 03:25:04,023 | INFO  | SCMAudit | user=jenkins1000 | ip=192.168.69.105 | op=SEND_HEARTBEAT {datanodeUUID=3895fe08-5e04-46ac-ae6d-2b942b921927, command=[]} | ret=SUCCESS |  
2019-09-04 03:25:04,023 | INFO  | SCMAudit | user=jenkins1000 | ip=192.168.69.105 | op=SEND_HEARTBEAT {datanodeUUID=84f9c2c4-73f2-4ad7-b9a8-3f333e5b0e84, command=[]} | ret=SUCCESS |  
2019-09-04 03:25:04,051 | INFO  | SCMAudit | user=jenkins1000 | ip=192.168.69.105 | op=SEND_HEARTBEAT {datanodeUUID=3bf639f6-5176-4655-a6a8-540014321443, command=[]} | ret=SUCCESS |  
2019-09-04 03:25:04,052 | INFO  | SCMAudit | user=jenkins1000 | ip=192.168.69.105 | op=SEND_HEARTBEAT {datanodeUUID=524a4774-666f-452c-9a20-e87fa1e4f616, command=[]} | ret=SUCCESS |  
2019-09-04 03:25:04,302 | INFO  | SCMAudit | user=jenkins1000 | ip=192.168.69.105 | op=SEND_HEARTBEAT {datanodeUUID=6b521d90-43c4-4267-a955-3154b8383673, command=[]} | ret=SUCCESS |  
2019-09-04 03:25:04,360 | INFO  | SCMAudit | user=jenkins1000 | ip=192.168.69.105 | op=SEND_HEARTBEAT {datanodeUUID=50a57ad1-8537-401a-9ef5-5731af50f432, command=[]} | ret=SUCCESS |  
2019-09-04 03:25:04,833 | INFO  | SCMAudit | user=jenkins1000 | ip=192.168.69.105 | op=SEND_HEARTBEAT {datanodeUUID=5874772f-8d83-4395-aefd-8b53e7bb01f4, command=[]} | ret=SUCCESS |  
2019-09-04 03:25:05,023 | INFO  | SCMAudit | user=jenkins1000 | ip=192.168.69.105 | op=SEND_HEARTBEAT {datanodeUUID=84f9c2c4-73f2-4ad7-b9a8-3f333e5b0e84, command=[]} | ret=SUCCESS |  
2019-09-04 03:25:05,023 | INFO  | SCMAudit | user=jenkins1000 | ip=192.168.69.105 | op=SEND_HEARTBEAT {datanodeUUID=3895fe08-5e04-46ac-ae6d-2b942b921927, command=[]} | ret=SUCCESS |  
2019-09-04 03:25:05,051 | INFO  | SCMAudit | user=jenkins1000 | ip=192.168.69.105 | op=SEND_HEARTBEAT {datanodeUUID=3bf639f6-5176-4655-a6a8-540014321443, command=[]} | ret=SUCCESS |  
2019-09-04 03:25:05,052 | INFO  | SCMAudit | user=jenkins1000 | ip=192.168.69.105 | op=SEND_HEARTBEAT {datanodeUUID=524a4774-666f-452c-9a20-e87fa1e4f616, command=[]} | ret=SUCCESS |  
2019-09-04 03:25:05,302 | INFO  | SCMAudit | user=jenkins1000 | ip=192.168.69.105 | op=SEND_HEARTBEAT {datanodeUUID=6b521d90-43c4-4267-a955-3154b8383673, command=[]} | ret=SUCCESS |  
2019-09-04 03:25:05,360 | INFO  | SCMAudit | user=jenkins1000 | ip=192.168.69.105 | op=SEND_HEARTBEAT {datanodeUUID=50a57ad1-8537-401a-9ef5-5731af50f432, command=[]} | ret=SUCCESS |  
2019-09-04 03:25:05,404 [grpc-default-executor-3] INFO  client.GrpcClientProtocolClient (GrpcClientProtocolClient.java:onNext(255)) - client-81D3A7E5B111->524a4774-666f-452c-9a20-e87fa1e4f616: receive RaftClientReply:client-81D3A7E5B111->524a4774-666f-452c-9a20-e87fa1e4f616@group-002EB6C1B0CF, cid=45, FAILED org.apache.ratis.protocol.NotLeaderException: Server 524a4774-666f-452c-9a20-e87fa1e4f616 is not the leader (3895fe08-5e04-46ac-ae6d-2b942b921927:192.168.69.105:44785). Request must be sent to leader., logIndex=0, commits[524a4774-666f-452c-9a20-e87fa1e4f616:c8, 3895fe08-5e04-46ac-ae6d-2b942b921927:c8, 84f9c2c4-73f2-4ad7-b9a8-3f333e5b0e84:c8]
2019-09-04 03:25:05,834 | INFO  | SCMAudit | user=jenkins1000 | ip=192.168.69.105 | op=SEND_HEARTBEAT {datanodeUUID=5874772f-8d83-4395-aefd-8b53e7bb01f4, command=[]} | ret=SUCCESS |  
2019-09-04 03:25:06,023 | INFO  | SCMAudit | user=jenkins1000 | ip=192.168.69.105 | op=SEND_HEARTBEAT {datanodeUUID=3895fe08-5e04-46ac-ae6d-2b942b921927, command=[]} | ret=SUCCESS |  
2019-09-04 03:25:06,023 | INFO  | SCMAudit | user=jenkins1000 | ip=192.168.69.105 | op=SEND_HEARTBEAT {datanodeUUID=84f9c2c4-73f2-4ad7-b9a8-3f333e5b0e84, command=[]} | ret=SUCCESS |  
2019-09-04 03:25:06,051 | INFO  | SCMAudit | user=jenkins1000 | ip=192.168.69.105 | op=SEND_HEARTBEAT {datanodeUUID=3bf639f6-5176-4655-a6a8-540014321443, command=[]} | ret=SUCCESS |  
2019-09-04 03:25:06,052 | INFO  | SCMAudit | user=jenkins1000 | ip=192.168.69.105 | op=SEND_HEARTBEAT {datanodeUUID=524a4774-666f-452c-9a20-e87fa1e4f616, command=[]} | ret=SUCCESS |  
2019-09-04 03:25:06,303 | INFO  | SCMAudit | user=jenkins1000 | ip=192.168.69.105 | op=SEND_HEARTBEAT {datanodeUUID=6b521d90-43c4-4267-a955-3154b8383673, command=[]} | ret=SUCCESS |  
2019-09-04 03:25:06,360 | INFO  | SCMAudit | user=jenkins1000 | ip=192.168.69.105 | op=SEND_HEARTBEAT {datanodeUUID=50a57ad1-8537-401a-9ef5-5731af50f432, command=[]} | ret=SUCCESS |  
2019-09-04 03:25:06,834 | INFO  | SCMAudit | user=jenkins1000 | ip=192.168.69.105 | op=SEND_HEARTBEAT {datanodeUUID=5874772f-8d83-4395-aefd-8b53e7bb01f4, command=[]} | ret=SUCCESS |  
2019-09-04 03:25:07,023 | INFO  | SCMAudit | user=jenkins1000 | ip=192.168.69.105 | op=SEND_HEARTBEAT {datanodeUUID=84f9c2c4-73f2-4ad7-b9a8-3f333e5b0e84, command=[]} | ret=SUCCESS |  
2019-09-04 03:25:07,023 | INFO  | SCMAudit | user=jenkins1000 | ip=192.168.69.105 | op=SEND_HEARTBEAT {datanodeUUID=3895fe08-5e04-46ac-ae6d-2b942b921927, command=[]} | ret=SUCCESS |  
2019-09-04 03:25:07,052 | INFO  | SCMAudit | user=jenkins1000 | ip=192.168.69.105 | op=SEND_HEARTBEAT {datanodeUUID=3bf639f6-5176-4655-a6a8-540014321443, command=[]} | ret=SUCCESS |  
2019-09-04 03:25:07,052 | INFO  | SCMAudit | user=jenkins1000 | ip=192.168.69.105 | op=SEND_HEARTBEAT {datanodeUUID=524a4774-666f-452c-9a20-e87fa1e4f616, command=[]} | ret=SUCCESS |  
2019-09-04 03:25:07,302 | INFO  | SCMAudit | user=jenkins1000 | ip=192.168.69.105 | op=SEND_HEARTBEAT {datanodeUUID=6b521d90-43c4-4267-a955-3154b8383673, command=[]} | ret=SUCCESS |  
2019-09-04 03:25:07,361 | INFO  | SCMAudit | user=jenkins1000 | ip=192.168.69.105 | op=SEND_HEARTBEAT {datanodeUUID=50a57ad1-8537-401a-9ef5-5731af50f432, command=[]} | ret=SUCCESS |  
2019-09-04 03:25:07,834 | INFO  | SCMAudit | user=jenkins1000 | ip=192.168.69.105 | op=SEND_HEARTBEAT {datanodeUUID=5874772f-8d83-4395-aefd-8b53e7bb01f4, command=[]} | ret=SUCCESS |  
2019-09-04 03:25:08,023 | INFO  | SCMAudit | user=jenkins1000 | ip=192.168.69.105 | op=SEND_HEARTBEAT {datanodeUUID=84f9c2c4-73f2-4ad7-b9a8-3f333e5b0e84, command=[]} | ret=SUCCESS |  
2019-09-04 03:25:08,023 | INFO  | SCMAudit | user=jenkins1000 | ip=192.168.69.105 | op=SEND_HEARTBEAT {datanodeUUID=3895fe08-5e04-46ac-ae6d-2b942b921927, command=[]} | ret=SUCCESS |  
2019-09-04 03:25:08,052 | INFO  | SCMAudit | user=jenkins1000 | ip=192.168.69.105 | op=SEND_HEARTBEAT {datanodeUUID=3bf639f6-5176-4655-a6a8-540014321443, command=[]} | ret=SUCCESS |  
2019-09-04 03:25:08,052 | INFO  | SCMAudit | user=jenkins1000 | ip=192.168.69.105 | op=SEND_HEARTBEAT {datanodeUUID=524a4774-666f-452c-9a20-e87fa1e4f616, command=[]} | ret=SUCCESS |  
2019-09-04 03:25:08,302 | INFO  | SCMAudit | user=jenkins1000 | ip=192.168.69.105 | op=SEND_HEARTBEAT {datanodeUUID=6b521d90-43c4-4267-a955-3154b8383673, command=[]} | ret=SUCCESS |  
2019-09-04 03:25:08,361 | INFO  | SCMAudit | user=jenkins1000 | ip=192.168.69.105 | op=SEND_HEARTBEAT {datanodeUUID=50a57ad1-8537-401a-9ef5-5731af50f432, command=[]} | ret=SUCCESS |  
2019-09-04 03:25:08,834 | INFO  | SCMAudit | user=jenkins1000 | ip=192.168.69.105 | op=SEND_HEARTBEAT {datanodeUUID=5874772f-8d83-4395-aefd-8b53e7bb01f4, command=[]} | ret=SUCCESS |  
2019-09-04 03:25:09,023 | INFO  | SCMAudit | user=jenkins1000 | ip=192.168.69.105 | op=SEND_HEARTBEAT {datanodeUUID=3895fe08-5e04-46ac-ae6d-2b942b921927, command=[]} | ret=SUCCESS |  
2019-09-04 03:25:09,023 | INFO  | SCMAudit | user=jenkins1000 | ip=192.168.69.105 | op=SEND_HEARTBEAT {datanodeUUID=84f9c2c4-73f2-4ad7-b9a8-3f333e5b0e84, command=[]} | ret=SUCCESS |  
2019-09-04 03:25:09,052 | INFO  | SCMAudit | user=jenkins1000 | ip=192.168.69.105 | op=SEND_HEARTBEAT {datanodeUUID=3bf639f6-5176-4655-a6a8-540014321443, command=[]} | ret=SUCCESS |  
2019-09-04 03:25:09,052 | INFO  | SCMAudit | user=jenkins1000 | ip=192.168.69.105 | op=SEND_HEARTBEAT {datanodeUUID=524a4774-666f-452c-9a20-e87fa1e4f616, command=[]} | ret=SUCCESS |  
2019-09-04 03:25:09,302 | INFO  | SCMAudit | user=jenkins1000 | ip=192.168.69.105 | op=SEND_HEARTBEAT {datanodeUUID=6b521d90-43c4-4267-a955-3154b8383673, command=[]} | ret=SUCCESS |  
2019-09-04 03:25:09,361 | INFO  | SCMAudit | user=jenkins1000 | ip=192.168.69.105 | op=SEND_HEARTBEAT {datanodeUUID=50a57ad1-8537-401a-9ef5-5731af50f432, command=[]} | ret=SUCCESS |  
2019-09-04 03:25:09,835 | INFO  | SCMAudit | user=jenkins1000 | ip=192.168.69.105 | op=SEND_HEARTBEAT {datanodeUUID=5874772f-8d83-4395-aefd-8b53e7bb01f4, command=[]} | ret=SUCCESS |  
2019-09-04 03:25:10,024 | INFO  | SCMAudit | user=jenkins1000 | ip=192.168.69.105 | op=SEND_HEARTBEAT {datanodeUUID=84f9c2c4-73f2-4ad7-b9a8-3f333e5b0e84, command=[]} | ret=SUCCESS |  
2019-09-04 03:25:10,024 | INFO  | SCMAudit | user=jenkins1000 | ip=192.168.69.105 | op=SEND_HEARTBEAT {datanodeUUID=3895fe08-5e04-46ac-ae6d-2b942b921927, command=[]} | ret=SUCCESS |  
2019-09-04 03:25:10,052 | INFO  | SCMAudit | user=jenkins1000 | ip=192.168.69.105 | op=SEND_HEARTBEAT {datanodeUUID=3bf639f6-5176-4655-a6a8-540014321443, command=[]} | ret=SUCCESS |  
2019-09-04 03:25:10,052 | INFO  | SCMAudit | user=jenkins1000 | ip=192.168.69.105 | op=SEND_HEARTBEAT {datanodeUUID=524a4774-666f-452c-9a20-e87fa1e4f616, command=[]} | ret=SUCCESS |  
2019-09-04 03:25:10,302 | INFO  | SCMAudit | user=jenkins1000 | ip=192.168.69.105 | op=SEND_HEARTBEAT {datanodeUUID=6b521d90-43c4-4267-a955-3154b8383673, command=[]} | ret=SUCCESS |  
2019-09-04 03:25:10,361 | INFO  | SCMAudit | user=jenkins1000 | ip=192.168.69.105 | op=SEND_HEARTBEAT {datanodeUUID=50a57ad1-8537-401a-9ef5-5731af50f432, command=[]} | ret=SUCCESS |  
2019-09-04 03:25:10,447 [grpc-default-executor-3] INFO  client.GrpcClientProtocolClient (GrpcClientProtocolClient.java:onNext(255)) - client-81D3A7E5B111->524a4774-666f-452c-9a20-e87fa1e4f616: receive RaftClientReply:client-81D3A7E5B111->524a4774-666f-452c-9a20-e87fa1e4f616@group-002EB6C1B0CF, cid=45, FAILED org.apache.ratis.protocol.NotLeaderException: Server 524a4774-666f-452c-9a20-e87fa1e4f616 is not the leader (3895fe08-5e04-46ac-ae6d-2b942b921927:192.168.69.105:44785). Request must be sent to leader., logIndex=0, commits[524a4774-666f-452c-9a20-e87fa1e4f616:c8, 3895fe08-5e04-46ac-ae6d-2b942b921927:c8, 84f9c2c4-73f2-4ad7-b9a8-3f333e5b0e84:c8]
2019-09-04 03:25:10,835 | INFO  | SCMAudit | user=jenkins1000 | ip=192.168.69.105 | op=SEND_HEARTBEAT {datanodeUUID=5874772f-8d83-4395-aefd-8b53e7bb01f4, command=[]} | ret=SUCCESS |  
2019-09-04 03:25:11,023 | INFO  | SCMAudit | user=jenkins1000 | ip=192.168.69.105 | op=SEND_HEARTBEAT {datanodeUUID=3895fe08-5e04-46ac-ae6d-2b942b921927, command=[]} | ret=SUCCESS |  
2019-09-04 03:25:11,023 | INFO  | SCMAudit | user=jenkins1000 | ip=192.168.69.105 | op=SEND_HEARTBEAT {datanodeUUID=84f9c2c4-73f2-4ad7-b9a8-3f333e5b0e84, command=[]} | ret=SUCCESS |  
2019-09-04 03:25:11,052 | INFO  | SCMAudit | user=jenkins1000 | ip=192.168.69.105 | op=SEND_HEARTBEAT {datanodeUUID=3bf639f6-5176-4655-a6a8-540014321443, command=[]} | ret=SUCCESS |  
2019-09-04 03:25:11,052 | INFO  | SCMAudit | user=jenkins1000 | ip=192.168.69.105 | op=SEND_HEARTBEAT {datanodeUUID=524a4774-666f-452c-9a20-e87fa1e4f616, command=[]} | ret=SUCCESS |  
2019-09-04 03:25:11,303 | INFO  | SCMAudit | user=jenkins1000 | ip=192.168.69.105 | op=SEND_HEARTBEAT {datanodeUUID=6b521d90-43c4-4267-a955-3154b8383673, command=[]} | ret=SUCCESS |  
2019-09-04 03:25:11,362 | INFO  | SCMAudit | user=jenkins1000 | ip=192.168.69.105 | op=SEND_HEARTBEAT {datanodeUUID=50a57ad1-8537-401a-9ef5-5731af50f432, command=[]} | ret=SUCCESS |  
2019-09-04 03:25:11,835 | INFO  | SCMAudit | user=jenkins1000 | ip=192.168.69.105 | op=SEND_HEARTBEAT {datanodeUUID=5874772f-8d83-4395-aefd-8b53e7bb01f4, command=[]} | ret=SUCCESS |  
2019-09-04 03:25:12,023 | INFO  | SCMAudit | user=jenkins1000 | ip=192.168.69.105 | op=SEND_HEARTBEAT {datanodeUUID=84f9c2c4-73f2-4ad7-b9a8-3f333e5b0e84, command=[]} | ret=SUCCESS |  
2019-09-04 03:25:12,023 | INFO  | SCMAudit | user=jenkins1000 | ip=192.168.69.105 | op=SEND_HEARTBEAT {datanodeUUID=3895fe08-5e04-46ac-ae6d-2b942b921927, command=[]} | ret=SUCCESS |  
2019-09-04 03:25:12,052 | INFO  | SCMAudit | user=jenkins1000 | ip=192.168.69.105 | op=SEND_HEARTBEAT {datanodeUUID=3bf639f6-5176-4655-a6a8-540014321443, command=[]} | ret=SUCCESS |  
2019-09-04 03:25:12,052 | INFO  | SCMAudit | user=jenkins1000 | ip=192.168.69.105 | op=SEND_HEARTBEAT {datanodeUUID=524a4774-666f-452c-9a20-e87fa1e4f616, command=[]} | ret=SUCCESS |  
2019-09-04 03:25:12,302 | INFO  | SCMAudit | user=jenkins1000 | ip=192.168.69.105 | op=SEND_HEARTBEAT {datanodeUUID=6b521d90-43c4-4267-a955-3154b8383673, command=[]} | ret=SUCCESS |  
2019-09-04 03:25:12,361 | INFO  | SCMAudit | user=jenkins1000 | ip=192.168.69.105 | op=SEND_HEARTBEAT {datanodeUUID=50a57ad1-8537-401a-9ef5-5731af50f432, command=[]} | ret=SUCCESS |  
2019-09-04 03:25:12,835 | INFO  | SCMAudit | user=jenkins1000 | ip=192.168.69.105 | op=SEND_HEARTBEAT {datanodeUUID=5874772f-8d83-4395-aefd-8b53e7bb01f4, command=[]} | ret=SUCCESS |  
2019-09-04 03:25:13,023 | INFO  | SCMAudit | user=jenkins1000 | ip=192.168.69.105 | op=SEND_HEARTBEAT {datanodeUUID=84f9c2c4-73f2-4ad7-b9a8-3f333e5b0e84, command=[]} | ret=SUCCESS |  
2019-09-04 03:25:13,023 | INFO  | SCMAudit | user=jenkins1000 | ip=192.168.69.105 | op=SEND_HEARTBEAT {datanodeUUID=3895fe08-5e04-46ac-ae6d-2b942b921927, command=[]} | ret=SUCCESS |  
2019-09-04 03:25:13,052 | INFO  | SCMAudit | user=jenkins1000 | ip=192.168.69.105 | op=SEND_HEARTBEAT {datanodeUUID=3bf639f6-5176-4655-a6a8-540014321443, command=[]} | ret=SUCCESS |  
2019-09-04 03:25:13,052 | INFO  | SCMAudit | user=jenkins1000 | ip=192.168.69.105 | op=SEND_HEARTBEAT {datanodeUUID=524a4774-666f-452c-9a20-e87fa1e4f616, command=[]} | ret=SUCCESS |  
2019-09-04 03:25:13,302 | INFO  | SCMAudit | user=jenkins1000 | ip=192.168.69.105 | op=SEND_HEARTBEAT {datanodeUUID=6b521d90-43c4-4267-a955-3154b8383673, command=[]} | ret=SUCCESS |  
2019-09-04 03:25:13,361 | INFO  | SCMAudit | user=jenkins1000 | ip=192.168.69.105 | op=SEND_HEARTBEAT {datanodeUUID=50a57ad1-8537-401a-9ef5-5731af50f432, command=[]} | ret=SUCCESS |  
2019-09-04 03:25:13,836 | INFO  | SCMAudit | user=jenkins1000 | ip=192.168.69.105 | op=SEND_HEARTBEAT {datanodeUUID=5874772f-8d83-4395-aefd-8b53e7bb01f4, command=[]} | ret=SUCCESS |  
2019-09-04 03:25:14,023 | INFO  | SCMAudit | user=jenkins1000 | ip=192.168.69.105 | op=SEND_HEARTBEAT {datanodeUUID=3895fe08-5e04-46ac-ae6d-2b942b921927, command=[]} | ret=SUCCESS |  
2019-09-04 03:25:14,023 | INFO  | SCMAudit | user=jenkins1000 | ip=192.168.69.105 | op=SEND_HEARTBEAT {datanodeUUID=84f9c2c4-73f2-4ad7-b9a8-3f333e5b0e84, command=[]} | ret=SUCCESS |  
2019-09-04 03:25:14,052 | INFO  | SCMAudit | user=jenkins1000 | ip=192.168.69.105 | op=SEND_HEARTBEAT {datanodeUUID=524a4774-666f-452c-9a20-e87fa1e4f616, command=[]} | ret=SUCCESS |  
2019-09-04 03:25:14,052 | INFO  | SCMAudit | user=jenkins1000 | ip=192.168.69.105 | op=SEND_HEARTBEAT {datanodeUUID=3bf639f6-5176-4655-a6a8-540014321443, command=[]} | ret=SUCCESS |  
2019-09-04 03:25:14,302 | INFO  | SCMAudit | user=jenkins1000 | ip=192.168.69.105 | op=SEND_HEARTBEAT {datanodeUUID=6b521d90-43c4-4267-a955-3154b8383673, command=[]} | ret=SUCCESS |  
2019-09-04 03:25:14,361 | INFO  | SCMAudit | user=jenkins1000 | ip=192.168.69.105 | op=SEND_HEARTBEAT {datanodeUUID=50a57ad1-8537-401a-9ef5-5731af50f432, command=[]} | ret=SUCCESS |  
2019-09-04 03:25:14,835 | INFO  | SCMAudit | user=jenkins1000 | ip=192.168.69.105 | op=SEND_HEARTBEAT {datanodeUUID=5874772f-8d83-4395-aefd-8b53e7bb01f4, command=[]} | ret=SUCCESS |  
2019-09-04 03:25:15,023 | INFO  | SCMAudit | user=jenkins1000 | ip=192.168.69.105 | op=SEND_HEARTBEAT {datanodeUUID=3895fe08-5e04-46ac-ae6d-2b942b921927, command=[]} | ret=SUCCESS |  
2019-09-04 03:25:15,023 | INFO  | SCMAudit | user=jenkins1000 | ip=192.168.69.105 | op=SEND_HEARTBEAT {datanodeUUID=84f9c2c4-73f2-4ad7-b9a8-3f333e5b0e84, command=[]} | ret=SUCCESS |  
2019-09-04 03:25:15,052 | INFO  | SCMAudit | user=jenkins1000 | ip=192.168.69.105 | op=SEND_HEARTBEAT {datanodeUUID=3bf639f6-5176-4655-a6a8-540014321443, command=[]} | ret=SUCCESS |  
2019-09-04 03:25:15,052 | INFO  | SCMAudit | user=jenkins1000 | ip=192.168.69.105 | op=SEND_HEARTBEAT {datanodeUUID=524a4774-666f-452c-9a20-e87fa1e4f616, command=[]} | ret=SUCCESS |  
2019-09-04 03:25:15,302 | INFO  | SCMAudit | user=jenkins1000 | ip=192.168.69.105 | op=SEND_HEARTBEAT {datanodeUUID=6b521d90-43c4-4267-a955-3154b8383673, command=[]} | ret=SUCCESS |  
2019-09-04 03:25:15,361 | INFO  | SCMAudit | user=jenkins1000 | ip=192.168.69.105 | op=SEND_HEARTBEAT {datanodeUUID=50a57ad1-8537-401a-9ef5-5731af50f432, command=[]} | ret=SUCCESS |  
2019-09-04 03:25:15,508 [grpc-default-executor-3] INFO  client.GrpcClientProtocolClient (GrpcClientProtocolClient.java:onNext(255)) - client-81D3A7E5B111->84f9c2c4-73f2-4ad7-b9a8-3f333e5b0e84: receive RaftClientReply:client-81D3A7E5B111->84f9c2c4-73f2-4ad7-b9a8-3f333e5b0e84@group-002EB6C1B0CF, cid=45, FAILED org.apache.ratis.protocol.NotLeaderException: Server 84f9c2c4-73f2-4ad7-b9a8-3f333e5b0e84 is not the leader (3895fe08-5e04-46ac-ae6d-2b942b921927:192.168.69.105:44785). Request must be sent to leader., logIndex=0, commits[84f9c2c4-73f2-4ad7-b9a8-3f333e5b0e84:c8, 3895fe08-5e04-46ac-ae6d-2b942b921927:c8, 524a4774-666f-452c-9a20-e87fa1e4f616:c8]
2019-09-04 03:25:15,835 | INFO  | SCMAudit | user=jenkins1000 | ip=192.168.69.105 | op=SEND_HEARTBEAT {datanodeUUID=5874772f-8d83-4395-aefd-8b53e7bb01f4, command=[]} | ret=SUCCESS |  
2019-09-04 03:25:16,024 | INFO  | SCMAudit | user=jenkins1000 | ip=192.168.69.105 | op=SEND_HEARTBEAT {datanodeUUID=84f9c2c4-73f2-4ad7-b9a8-3f333e5b0e84, command=[]} | ret=SUCCESS |  
2019-09-04 03:25:16,024 | INFO  | SCMAudit | user=jenkins1000 | ip=192.168.69.105 | op=SEND_HEARTBEAT {datanodeUUID=3895fe08-5e04-46ac-ae6d-2b942b921927, command=[]} | ret=SUCCESS |  
2019-09-04 03:25:16,053 | INFO  | SCMAudit | user=jenkins1000 | ip=192.168.69.105 | op=SEND_HEARTBEAT {datanodeUUID=524a4774-666f-452c-9a20-e87fa1e4f616, command=[]} | ret=SUCCESS |  
2019-09-04 03:25:16,053 | INFO  | SCMAudit | user=jenkins1000 | ip=192.168.69.105 | op=SEND_HEARTBEAT {datanodeUUID=3bf639f6-5176-4655-a6a8-540014321443, command=[]} | ret=SUCCESS |  
2019-09-04 03:25:16,303 | INFO  | SCMAudit | user=jenkins1000 | ip=192.168.69.105 | op=SEND_HEARTBEAT {datanodeUUID=6b521d90-43c4-4267-a955-3154b8383673, command=[]} | ret=SUCCESS |  
2019-09-04 03:25:16,361 | INFO  | SCMAudit | user=jenkins1000 | ip=192.168.69.105 | op=SEND_HEARTBEAT {datanodeUUID=50a57ad1-8537-401a-9ef5-5731af50f432, command=[]} | ret=SUCCESS |  
2019-09-04 03:25:16,835 | INFO  | SCMAudit | user=jenkins1000 | ip=192.168.69.105 | op=SEND_HEARTBEAT {datanodeUUID=5874772f-8d83-4395-aefd-8b53e7bb01f4, command=[]} | ret=SUCCESS |  
2019-09-04 03:25:17,023 | INFO  | SCMAudit | user=jenkins1000 | ip=192.168.69.105 | op=SEND_HEARTBEAT {datanodeUUID=3895fe08-5e04-46ac-ae6d-2b942b921927, command=[]} | ret=SUCCESS |  
2019-09-04 03:25:17,024 | INFO  | SCMAudit | user=jenkins1000 | ip=192.168.69.105 | op=SEND_HEARTBEAT {datanodeUUID=84f9c2c4-73f2-4ad7-b9a8-3f333e5b0e84, command=[]} | ret=SUCCESS |  
2019-09-04 03:25:17,053 | INFO  | SCMAudit | user=jenkins1000 | ip=192.168.69.105 | op=SEND_HEARTBEAT {datanodeUUID=524a4774-666f-452c-9a20-e87fa1e4f616, command=[]} | ret=SUCCESS |  
2019-09-04 03:25:17,053 | INFO  | SCMAudit | user=jenkins1000 | ip=192.168.69.105 | op=SEND_HEARTBEAT {datanodeUUID=3bf639f6-5176-4655-a6a8-540014321443, command=[]} | ret=SUCCESS |  
2019-09-04 03:25:17,302 | INFO  | SCMAudit | user=jenkins1000 | ip=192.168.69.105 | op=SEND_HEARTBEAT {datanodeUUID=6b521d90-43c4-4267-a955-3154b8383673, command=[]} | ret=SUCCESS |  
2019-09-04 03:25:17,361 | INFO  | SCMAudit | user=jenkins1000 | ip=192.168.69.105 | op=SEND_HEARTBEAT {datanodeUUID=50a57ad1-8537-401a-9ef5-5731af50f432, command=[]} | ret=SUCCESS |  
2019-09-04 03:25:17,835 | INFO  | SCMAudit | user=jenkins1000 | ip=192.168.69.105 | op=SEND_HEARTBEAT {datanodeUUID=5874772f-8d83-4395-aefd-8b53e7bb01f4, command=[]} | ret=SUCCESS |  
2019-09-04 03:25:18,023 | INFO  | SCMAudit | user=jenkins1000 | ip=192.168.69.105 | op=SEND_HEARTBEAT {datanodeUUID=3895fe08-5e04-46ac-ae6d-2b942b921927, command=[]} | ret=SUCCESS |  
2019-09-04 03:25:18,024 | INFO  | SCMAudit | user=jenkins1000 | ip=192.168.69.105 | op=SEND_HEARTBEAT {datanodeUUID=84f9c2c4-73f2-4ad7-b9a8-3f333e5b0e84, command=[]} | ret=SUCCESS |  
2019-09-04 03:25:18,053 | INFO  | SCMAudit | user=jenkins1000 | ip=192.168.69.105 | op=SEND_HEARTBEAT {datanodeUUID=524a4774-666f-452c-9a20-e87fa1e4f616, command=[]} | ret=SUCCESS |  
2019-09-04 03:25:18,053 | INFO  | SCMAudit | user=jenkins1000 | ip=192.168.69.105 | op=SEND_HEARTBEAT {datanodeUUID=3bf639f6-5176-4655-a6a8-540014321443, command=[]} | ret=SUCCESS |  
2019-09-04 03:25:18,302 | INFO  | SCMAudit | user=jenkins1000 | ip=192.168.69.105 | op=SEND_HEARTBEAT {datanodeUUID=6b521d90-43c4-4267-a955-3154b8383673, command=[]} | ret=SUCCESS |  
2019-09-04 03:25:18,361 | INFO  | SCMAudit | user=jenkins1000 | ip=192.168.69.105 | op=SEND_HEARTBEAT {datanodeUUID=50a57ad1-8537-401a-9ef5-5731af50f432, command=[]} | ret=SUCCESS |  
2019-09-04 03:25:18,835 | INFO  | SCMAudit | user=jenkins1000 | ip=192.168.69.105 | op=SEND_HEARTBEAT {datanodeUUID=5874772f-8d83-4395-aefd-8b53e7bb01f4, command=[]} | ret=SUCCESS |  
2019-09-04 03:25:19,023 | INFO  | SCMAudit | user=jenkins1000 | ip=192.168.69.105 | op=SEND_HEARTBEAT {datanodeUUID=3895fe08-5e04-46ac-ae6d-2b942b921927, command=[]} | ret=SUCCESS |  
2019-09-04 03:25:19,025 | INFO  | SCMAudit | user=jenkins1000 | ip=192.168.69.105 | op=SEND_HEARTBEAT {datanodeUUID=84f9c2c4-73f2-4ad7-b9a8-3f333e5b0e84, command=[]} | ret=SUCCESS |  
2019-09-04 03:25:19,053 | INFO  | SCMAudit | user=jenkins1000 | ip=192.168.69.105 | op=SEND_HEARTBEAT {datanodeUUID=3bf639f6-5176-4655-a6a8-540014321443, command=[]} | ret=SUCCESS |  
2019-09-04 03:25:19,054 | INFO  | SCMAudit | user=jenkins1000 | ip=192.168.69.105 | op=SEND_HEARTBEAT {datanodeUUID=524a4774-666f-452c-9a20-e87fa1e4f616, command=[]} | ret=SUCCESS |  
2019-09-04 03:25:19,302 | INFO  | SCMAudit | user=jenkins1000 | ip=192.168.69.105 | op=SEND_HEARTBEAT {datanodeUUID=6b521d90-43c4-4267-a955-3154b8383673, command=[]} | ret=SUCCESS |  
2019-09-04 03:25:19,362 | INFO  | SCMAudit | user=jenkins1000 | ip=192.168.69.105 | op=SEND_HEARTBEAT {datanodeUUID=50a57ad1-8537-401a-9ef5-5731af50f432, command=[]} | ret=SUCCESS |  
2019-09-04 03:25:19,605 [ReplicationMonitor] INFO  container.ReplicationManager (ReplicationManager.java:run(214)) - Replication Monitor Thread took 0 milliseconds for processing 3 containers.
2019-09-04 03:25:19,836 | INFO  | SCMAudit | user=jenkins1000 | ip=192.168.69.105 | op=SEND_HEARTBEAT {datanodeUUID=5874772f-8d83-4395-aefd-8b53e7bb01f4, command=[]} | ret=SUCCESS |  
2019-09-04 03:25:20,023 | INFO  | SCMAudit | user=jenkins1000 | ip=192.168.69.105 | op=SEND_HEARTBEAT {datanodeUUID=3895fe08-5e04-46ac-ae6d-2b942b921927, command=[]} | ret=SUCCESS |  
2019-09-04 03:25:20,025 | INFO  | SCMAudit | user=jenkins1000 | ip=192.168.69.105 | op=SEND_HEARTBEAT {datanodeUUID=84f9c2c4-73f2-4ad7-b9a8-3f333e5b0e84, command=[]} | ret=SUCCESS |  
2019-09-04 03:25:20,053 | INFO  | SCMAudit | user=jenkins1000 | ip=192.168.69.105 | op=SEND_HEARTBEAT {datanodeUUID=3bf639f6-5176-4655-a6a8-540014321443, command=[]} | ret=SUCCESS |  
2019-09-04 03:25:20,053 | INFO  | SCMAudit | user=jenkins1000 | ip=192.168.69.105 | op=SEND_HEARTBEAT {datanodeUUID=524a4774-666f-452c-9a20-e87fa1e4f616, command=[]} | ret=SUCCESS |  
2019-09-04 03:25:20,302 | INFO  | SCMAudit | user=jenkins1000 | ip=192.168.69.105 | op=SEND_HEARTBEAT {datanodeUUID=6b521d90-43c4-4267-a955-3154b8383673, command=[]} | ret=SUCCESS |  
2019-09-04 03:25:20,361 | INFO  | SCMAudit | user=jenkins1000 | ip=192.168.69.105 | op=SEND_HEARTBEAT {datanodeUUID=50a57ad1-8537-401a-9ef5-5731af50f432, command=[]} | ret=SUCCESS |  
2019-09-04 03:25:20,538 [grpc-default-executor-4] INFO  client.GrpcClientProtocolClient (GrpcClientProtocolClient.java:onNext(255)) - client-81D3A7E5B111->524a4774-666f-452c-9a20-e87fa1e4f616: receive RaftClientReply:client-81D3A7E5B111->524a4774-666f-452c-9a20-e87fa1e4f616@group-002EB6C1B0CF, cid=45, FAILED org.apache.ratis.protocol.NotLeaderException: Server 524a4774-666f-452c-9a20-e87fa1e4f616 is not the leader (3895fe08-5e04-46ac-ae6d-2b942b921927:192.168.69.105:44785). Request must be sent to leader., logIndex=0, commits[524a4774-666f-452c-9a20-e87fa1e4f616:c8, 3895fe08-5e04-46ac-ae6d-2b942b921927:c8, 84f9c2c4-73f2-4ad7-b9a8-3f333e5b0e84:c8]
2019-09-04 03:25:20,835 | INFO  | SCMAudit | user=jenkins1000 | ip=192.168.69.105 | op=SEND_HEARTBEAT {datanodeUUID=5874772f-8d83-4395-aefd-8b53e7bb01f4, command=[]} | ret=SUCCESS |  
2019-09-04 03:25:21,023 | INFO  | SCMAudit | user=jenkins1000 | ip=192.168.69.105 | op=SEND_HEARTBEAT {datanodeUUID=3895fe08-5e04-46ac-ae6d-2b942b921927, command=[]} | ret=SUCCESS |  
2019-09-04 03:25:21,025 | INFO  | SCMAudit | user=jenkins1000 | ip=192.168.69.105 | op=SEND_HEARTBEAT {datanodeUUID=84f9c2c4-73f2-4ad7-b9a8-3f333e5b0e84, command=[]} | ret=SUCCESS |  
2019-09-04 03:25:21,053 | INFO  | SCMAudit | user=jenkins1000 | ip=192.168.69.105 | op=SEND_HEARTBEAT {datanodeUUID=3bf639f6-5176-4655-a6a8-540014321443, command=[]} | ret=SUCCESS |  
2019-09-04 03:25:21,054 | INFO  | SCMAudit | user=jenkins1000 | ip=192.168.69.105 | op=SEND_HEARTBEAT {datanodeUUID=524a4774-666f-452c-9a20-e87fa1e4f616, command=[]} | ret=SUCCESS |  
2019-09-04 03:25:21,302 | INFO  | SCMAudit | user=jenkins1000 | ip=192.168.69.105 | op=SEND_HEARTBEAT {datanodeUUID=6b521d90-43c4-4267-a955-3154b8383673, command=[]} | ret=SUCCESS |  
2019-09-04 03:25:21,362 | INFO  | SCMAudit | user=jenkins1000 | ip=192.168.69.105 | op=SEND_HEARTBEAT {datanodeUUID=50a57ad1-8537-401a-9ef5-5731af50f432, command=[]} | ret=SUCCESS |  
2019-09-04 03:25:21,835 | INFO  | SCMAudit | user=jenkins1000 | ip=192.168.69.105 | op=SEND_HEARTBEAT {datanodeUUID=5874772f-8d83-4395-aefd-8b53e7bb01f4, command=[]} | ret=SUCCESS |  
2019-09-04 03:25:22,023 | INFO  | SCMAudit | user=jenkins1000 | ip=192.168.69.105 | op=SEND_HEARTBEAT {datanodeUUID=3895fe08-5e04-46ac-ae6d-2b942b921927, command=[]} | ret=SUCCESS |  
2019-09-04 03:25:22,025 | INFO  | SCMAudit | user=jenkins1000 | ip=192.168.69.105 | op=SEND_HEARTBEAT {datanodeUUID=84f9c2c4-73f2-4ad7-b9a8-3f333e5b0e84, command=[]} | ret=SUCCESS |  
2019-09-04 03:25:22,053 | INFO  | SCMAudit | user=jenkins1000 | ip=192.168.69.105 | op=SEND_HEARTBEAT {datanodeUUID=3bf639f6-5176-4655-a6a8-540014321443, command=[]} | ret=SUCCESS |  
2019-09-04 03:25:22,054 | INFO  | SCMAudit | user=jenkins1000 | ip=192.168.69.105 | op=SEND_HEARTBEAT {datanodeUUID=524a4774-666f-452c-9a20-e87fa1e4f616, command=[]} | ret=SUCCESS |  
2019-09-04 03:25:22,302 | INFO  | SCMAudit | user=jenkins1000 | ip=192.168.69.105 | op=SEND_HEARTBEAT {datanodeUUID=6b521d90-43c4-4267-a955-3154b8383673, command=[]} | ret=SUCCESS |  
2019-09-04 03:25:22,362 | INFO  | SCMAudit | user=jenkins1000 | ip=192.168.69.105 | op=SEND_HEARTBEAT {datanodeUUID=50a57ad1-8537-401a-9ef5-5731af50f432, command=[]} | ret=SUCCESS |  
2019-09-04 03:25:22,835 | INFO  | SCMAudit | user=jenkins1000 | ip=192.168.69.105 | op=SEND_HEARTBEAT {datanodeUUID=5874772f-8d83-4395-aefd-8b53e7bb01f4, command=[]} | ret=SUCCESS |  
2019-09-04 03:25:23,023 | INFO  | SCMAudit | user=jenkins1000 | ip=192.168.69.105 | op=SEND_HEARTBEAT {datanodeUUID=3895fe08-5e04-46ac-ae6d-2b942b921927, command=[]} | ret=SUCCESS |  
2019-09-04 03:25:23,025 | INFO  | SCMAudit | user=jenkins1000 | ip=192.168.69.105 | op=SEND_HEARTBEAT {datanodeUUID=84f9c2c4-73f2-4ad7-b9a8-3f333e5b0e84, command=[]} | ret=SUCCESS |  
2019-09-04 03:25:23,053 | INFO  | SCMAudit | user=jenkins1000 | ip=192.168.69.105 | op=SEND_HEARTBEAT {datanodeUUID=3bf639f6-5176-4655-a6a8-540014321443, command=[]} | ret=SUCCESS |  
2019-09-04 03:25:23,054 | INFO  | SCMAudit | user=jenkins1000 | ip=192.168.69.105 | op=SEND_HEARTBEAT {datanodeUUID=524a4774-666f-452c-9a20-e87fa1e4f616, command=[]} | ret=SUCCESS |  
2019-09-04 03:25:23,302 | INFO  | SCMAudit | user=jenkins1000 | ip=192.168.69.105 | op=SEND_HEARTBEAT {datanodeUUID=6b521d90-43c4-4267-a955-3154b8383673, command=[]} | ret=SUCCESS |  
2019-09-04 03:25:23,364 | INFO  | SCMAudit | user=jenkins1000 | ip=192.168.69.105 | op=SEND_HEARTBEAT {datanodeUUID=50a57ad1-8537-401a-9ef5-5731af50f432, command=[]} | ret=SUCCESS |  
2019-09-04 03:25:23,835 | INFO  | SCMAudit | user=jenkins1000 | ip=192.168.69.105 | op=SEND_HEARTBEAT {datanodeUUID=5874772f-8d83-4395-aefd-8b53e7bb01f4, command=[]} | ret=SUCCESS |  
2019-09-04 03:25:24,023 | INFO  | SCMAudit | user=jenkins1000 | ip=192.168.69.105 | op=SEND_HEARTBEAT {datanodeUUID=3895fe08-5e04-46ac-ae6d-2b942b921927, command=[]} | ret=SUCCESS |  
2019-09-04 03:25:24,025 | INFO  | SCMAudit | user=jenkins1000 | ip=192.168.69.105 | op=SEND_HEARTBEAT {datanodeUUID=84f9c2c4-73f2-4ad7-b9a8-3f333e5b0e84, command=[]} | ret=SUCCESS |  
2019-09-04 03:25:24,054 | INFO  | SCMAudit | user=jenkins1000 | ip=192.168.69.105 | op=SEND_HEARTBEAT {datanodeUUID=3bf639f6-5176-4655-a6a8-540014321443, command=[]} | ret=SUCCESS |  
2019-09-04 03:25:24,054 | INFO  | SCMAudit | user=jenkins1000 | ip=192.168.69.105 | op=SEND_HEARTBEAT {datanodeUUID=524a4774-666f-452c-9a20-e87fa1e4f616, command=[]} | ret=SUCCESS |  
2019-09-04 03:25:24,302 | INFO  | SCMAudit | user=jenkins1000 | ip=192.168.69.105 | op=SEND_HEARTBEAT {datanodeUUID=6b521d90-43c4-4267-a955-3154b8383673, command=[]} | ret=SUCCESS |  
2019-09-04 03:25:24,362 | INFO  | SCMAudit | user=jenkins1000 | ip=192.168.69.105 | op=SEND_HEARTBEAT {datanodeUUID=50a57ad1-8537-401a-9ef5-5731af50f432, command=[]} | ret=SUCCESS |  
2019-09-04 03:25:24,836 | INFO  | SCMAudit | user=jenkins1000 | ip=192.168.69.105 | op=SEND_HEARTBEAT {datanodeUUID=5874772f-8d83-4395-aefd-8b53e7bb01f4, command=[]} | ret=SUCCESS |  
2019-09-04 03:25:25,024 | INFO  | SCMAudit | user=jenkins1000 | ip=192.168.69.105 | op=SEND_HEARTBEAT {datanodeUUID=3895fe08-5e04-46ac-ae6d-2b942b921927, command=[]} | ret=SUCCESS |  
2019-09-04 03:25:25,025 | INFO  | SCMAudit | user=jenkins1000 | ip=192.168.69.105 | op=SEND_HEARTBEAT {datanodeUUID=84f9c2c4-73f2-4ad7-b9a8-3f333e5b0e84, command=[]} | ret=SUCCESS |  
2019-09-04 03:25:25,054 | INFO  | SCMAudit | user=jenkins1000 | ip=192.168.69.105 | op=SEND_HEARTBEAT {datanodeUUID=3bf639f6-5176-4655-a6a8-540014321443, command=[]} | ret=SUCCESS |  
2019-09-04 03:25:25,054 | INFO  | SCMAudit | user=jenkins1000 | ip=192.168.69.105 | op=SEND_HEARTBEAT {datanodeUUID=524a4774-666f-452c-9a20-e87fa1e4f616, command=[]} | ret=SUCCESS |  
2019-09-04 03:25:25,302 | INFO  | SCMAudit | user=jenkins1000 | ip=192.168.69.105 | op=SEND_HEARTBEAT {datanodeUUID=6b521d90-43c4-4267-a955-3154b8383673, command=[]} | ret=SUCCESS |  
2019-09-04 03:25:25,362 | INFO  | SCMAudit | user=jenkins1000 | ip=192.168.69.105 | op=SEND_HEARTBEAT {datanodeUUID=50a57ad1-8537-401a-9ef5-5731af50f432, command=[]} | ret=SUCCESS |  
2019-09-04 03:25:25,576 [grpc-default-executor-3] INFO  client.GrpcClientProtocolClient (GrpcClientProtocolClient.java:onNext(255)) - client-81D3A7E5B111->524a4774-666f-452c-9a20-e87fa1e4f616: receive RaftClientReply:client-81D3A7E5B111->524a4774-666f-452c-9a20-e87fa1e4f616@group-002EB6C1B0CF, cid=45, FAILED org.apache.ratis.protocol.NotLeaderException: Server 524a4774-666f-452c-9a20-e87fa1e4f616 is not the leader (3895fe08-5e04-46ac-ae6d-2b942b921927:192.168.69.105:44785). Request must be sent to leader., logIndex=0, commits[524a4774-666f-452c-9a20-e87fa1e4f616:c8, 3895fe08-5e04-46ac-ae6d-2b942b921927:c8, 84f9c2c4-73f2-4ad7-b9a8-3f333e5b0e84:c8]
2019-09-04 03:25:25,585 [main] INFO  ozone.MiniOzoneClusterImpl (MiniOzoneClusterImpl.java:shutdown(321)) - Shutting down the Mini Ozone Cluster
2019-09-04 03:25:25,586 | INFO  | SCMAudit | user=null | ip=null | op=GET_SCM_INFO null | ret=SUCCESS |  
2019-09-04 03:25:25,586 [main] INFO  ozone.MiniOzoneClusterImpl (MiniOzoneClusterImpl.java:stop(336)) - Stopping the Mini Ozone Cluster
2019-09-04 03:25:25,586 [main] INFO  ozone.MiniOzoneClusterImpl (MiniOzoneClusterImpl.java:stop(338)) - Stopping the OzoneManager
2019-09-04 03:25:25,586 [main] INFO  ipc.Server (Server.java:stop(3082)) - Stopping server on 44669
2019-09-04 03:25:25,602 [IPC Server listener on 44669] INFO  ipc.Server (Server.java:run(1185)) - Stopping IPC Server listener on 44669
2019-09-04 03:25:25,604 [IPC Server Responder] INFO  ipc.Server (Server.java:run(1319)) - Stopping IPC Server Responder
2019-09-04 03:25:25,604 [main] INFO  ratis.OzoneManagerDoubleBuffer (OzoneManagerDoubleBuffer.java:stop(248)) - Stopping OMDoubleBuffer flush thread
2019-09-04 03:25:25,630 [OMDoubleBufferFlushThread] INFO  ratis.OzoneManagerDoubleBuffer (OzoneManagerDoubleBuffer.java:flushTransactions(191)) - OMDoubleBuffer flush thread OMDoubleBufferFlushThread is interrupted and will exit. OMDoubleBufferFlushThread
2019-09-04 03:25:25,631 [main] INFO  utils.BackgroundService (BackgroundService.java:shutdown(148)) - Shutting down service KeyDeletingService
2019-09-04 03:25:25,633 [main] INFO  handler.ContextHandler (ContextHandler.java:doStop(910)) - Stopped o.e.j.w.WebAppContext@131ba005{/,null,UNAVAILABLE}{/ozoneManager}
2019-09-04 03:25:25,634 [main] INFO  server.AbstractConnector (AbstractConnector.java:doStop(318)) - Stopped ServerConnector@7f305f34{HTTP/1.1,[http/1.1]}{0.0.0.0:0}
2019-09-04 03:25:25,635 [main] INFO  handler.ContextHandler (ContextHandler.java:doStop(910)) - Stopped o.e.j.s.ServletContextHandler@3ce7394f{/static,file:///workdir/hadoop-ozone/integration-test/target/test-classes/webapps/static,UNAVAILABLE}
2019-09-04 03:25:25,635 [main] INFO  handler.ContextHandler (ContextHandler.java:doStop(910)) - Stopped o.e.j.s.ServletContextHandler@4bdb04c8{/logs,file:///workdir/hadoop-ozone/integration-test/target/log,UNAVAILABLE}
2019-09-04 03:25:25,640 [main] INFO  ozone.MiniOzoneClusterImpl (MiniOzoneClusterImpl.java:stop(344)) - Shutting the HddsDatanodes
2019-09-04 03:25:25,641 [main] INFO  datanode.ObjectStoreHandler (ObjectStoreHandler.java:close(155)) - Closing ObjectStoreHandler.
2019-09-04 03:25:25,641 [ForkJoinPool.commonPool-worker-1] INFO  datanode.ObjectStoreHandler (ObjectStoreHandler.java:close(155)) - Closing ObjectStoreHandler.
2019-09-04 03:25:25,643 [main] INFO  ozone.HddsDatanodeService (HddsDatanodeService.java:stop(451)) - Stopped plug-in org.apache.hadoop.ozone.web.OzoneHddsDatanodeService@50fa5938
2019-09-04 03:25:25,643 [ForkJoinPool.commonPool-worker-1] INFO  ozone.HddsDatanodeService (HddsDatanodeService.java:stop(451)) - Stopped plug-in org.apache.hadoop.ozone.web.OzoneHddsDatanodeService@1f60824e
2019-09-04 03:25:25,835 [Datanode State Machine Thread - 0] INFO  statemachine.DatanodeStateMachine (DatanodeStateMachine.java:lambda$startDaemon$0(350)) - Ozone container server started.
2019-09-04 03:25:26,023 | INFO  | SCMAudit | user=jenkins1000 | ip=192.168.69.105 | op=SEND_HEARTBEAT {datanodeUUID=3895fe08-5e04-46ac-ae6d-2b942b921927, command=[]} | ret=SUCCESS |  
2019-09-04 03:25:26,025 | INFO  | SCMAudit | user=jenkins1000 | ip=192.168.69.105 | op=SEND_HEARTBEAT {datanodeUUID=84f9c2c4-73f2-4ad7-b9a8-3f333e5b0e84, command=[]} | ret=SUCCESS |  
2019-09-04 03:25:26,054 [Datanode State Machine Thread - 0] INFO  statemachine.DatanodeStateMachine (DatanodeStateMachine.java:lambda$startDaemon$0(350)) - Ozone container server started.
2019-09-04 03:25:26,054 | INFO  | SCMAudit | user=jenkins1000 | ip=192.168.69.105 | op=SEND_HEARTBEAT {datanodeUUID=3bf639f6-5176-4655-a6a8-540014321443, command=[]} | ret=SUCCESS |  
2019-09-04 03:25:26,302 | INFO  | SCMAudit | user=jenkins1000 | ip=192.168.69.105 | op=SEND_HEARTBEAT {datanodeUUID=6b521d90-43c4-4267-a955-3154b8383673, command=[]} | ret=SUCCESS |  
2019-09-04 03:25:26,363 | INFO  | SCMAudit | user=jenkins1000 | ip=192.168.69.105 | op=SEND_HEARTBEAT {datanodeUUID=50a57ad1-8537-401a-9ef5-5731af50f432, command=[]} | ret=SUCCESS |  
2019-09-04 03:25:27,023 | INFO  | SCMAudit | user=jenkins1000 | ip=192.168.69.105 | op=SEND_HEARTBEAT {datanodeUUID=3895fe08-5e04-46ac-ae6d-2b942b921927, command=[]} | ret=SUCCESS |  
2019-09-04 03:25:27,025 | INFO  | SCMAudit | user=jenkins1000 | ip=192.168.69.105 | op=SEND_HEARTBEAT {datanodeUUID=84f9c2c4-73f2-4ad7-b9a8-3f333e5b0e84, command=[]} | ret=SUCCESS |  
2019-09-04 03:25:27,056 | INFO  | SCMAudit | user=jenkins1000 | ip=192.168.69.105 | op=SEND_HEARTBEAT {datanodeUUID=3bf639f6-5176-4655-a6a8-540014321443, command=[]} | ret=SUCCESS |  
2019-09-04 03:25:27,302 | INFO  | SCMAudit | user=jenkins1000 | ip=192.168.69.105 | op=SEND_HEARTBEAT {datanodeUUID=6b521d90-43c4-4267-a955-3154b8383673, command=[]} | ret=SUCCESS |  
2019-09-04 03:25:27,362 | INFO  | SCMAudit | user=jenkins1000 | ip=192.168.69.105 | op=SEND_HEARTBEAT {datanodeUUID=50a57ad1-8537-401a-9ef5-5731af50f432, command=[]} | ret=SUCCESS |  
2019-09-04 03:25:28,023 | INFO  | SCMAudit | user=jenkins1000 | ip=192.168.69.105 | op=SEND_HEARTBEAT {datanodeUUID=3895fe08-5e04-46ac-ae6d-2b942b921927, command=[]} | ret=SUCCESS |  
2019-09-04 03:25:28,025 | INFO  | SCMAudit | user=jenkins1000 | ip=192.168.69.105 | op=SEND_HEARTBEAT {datanodeUUID=84f9c2c4-73f2-4ad7-b9a8-3f333e5b0e84, command=[]} | ret=SUCCESS |  
2019-09-04 03:25:28,056 | INFO  | SCMAudit | user=jenkins1000 | ip=192.168.69.105 | op=SEND_HEARTBEAT {datanodeUUID=3bf639f6-5176-4655-a6a8-540014321443, command=[]} | ret=SUCCESS |  
2019-09-04 03:25:28,302 | INFO  | SCMAudit | user=jenkins1000 | ip=192.168.69.105 | op=SEND_HEARTBEAT {datanodeUUID=6b521d90-43c4-4267-a955-3154b8383673, command=[]} | ret=SUCCESS |  
2019-09-04 03:25:28,362 | INFO  | SCMAudit | user=jenkins1000 | ip=192.168.69.105 | op=SEND_HEARTBEAT {datanodeUUID=50a57ad1-8537-401a-9ef5-5731af50f432, command=[]} | ret=SUCCESS |  
2019-09-04 03:25:29,024 | INFO  | SCMAudit | user=jenkins1000 | ip=192.168.69.105 | op=SEND_HEARTBEAT {datanodeUUID=3895fe08-5e04-46ac-ae6d-2b942b921927, command=[]} | ret=SUCCESS |  
2019-09-04 03:25:29,025 | INFO  | SCMAudit | user=jenkins1000 | ip=192.168.69.105 | op=SEND_HEARTBEAT {datanodeUUID=84f9c2c4-73f2-4ad7-b9a8-3f333e5b0e84, command=[]} | ret=SUCCESS |  
2019-09-04 03:25:29,056 | INFO  | SCMAudit | user=jenkins1000 | ip=192.168.69.105 | op=SEND_HEARTBEAT {datanodeUUID=3bf639f6-5176-4655-a6a8-540014321443, command=[]} | ret=SUCCESS |  
2019-09-04 03:25:29,302 | INFO  | SCMAudit | user=jenkins1000 | ip=192.168.69.105 | op=SEND_HEARTBEAT {datanodeUUID=6b521d90-43c4-4267-a955-3154b8383673, command=[]} | ret=SUCCESS |  
2019-09-04 03:25:29,363 | INFO  | SCMAudit | user=jenkins1000 | ip=192.168.69.105 | op=SEND_HEARTBEAT {datanodeUUID=50a57ad1-8537-401a-9ef5-5731af50f432, command=[]} | ret=SUCCESS |  
2019-09-04 03:25:30,024 | INFO  | SCMAudit | user=jenkins1000 | ip=192.168.69.105 | op=SEND_HEARTBEAT {datanodeUUID=3895fe08-5e04-46ac-ae6d-2b942b921927, command=[]} | ret=SUCCESS |  
2019-09-04 03:25:30,025 | INFO  | SCMAudit | user=jenkins1000 | ip=192.168.69.105 | op=SEND_HEARTBEAT {datanodeUUID=84f9c2c4-73f2-4ad7-b9a8-3f333e5b0e84, command=[]} | ret=SUCCESS |  
2019-09-04 03:25:30,055 | INFO  | SCMAudit | user=jenkins1000 | ip=192.168.69.105 | op=SEND_HEARTBEAT {datanodeUUID=3bf639f6-5176-4655-a6a8-540014321443, command=[]} | ret=SUCCESS |  
2019-09-04 03:25:30,303 | INFO  | SCMAudit | user=jenkins1000 | ip=192.168.69.105 | op=SEND_HEARTBEAT {datanodeUUID=6b521d90-43c4-4267-a955-3154b8383673, command=[]} | ret=SUCCESS |  
2019-09-04 03:25:30,362 | INFO  | SCMAudit | user=jenkins1000 | ip=192.168.69.105 | op=SEND_HEARTBEAT {datanodeUUID=50a57ad1-8537-401a-9ef5-5731af50f432, command=[]} | ret=SUCCESS |  
2019-09-04 03:25:30,644 [main] INFO  ozoneimpl.OzoneContainer (OzoneContainer.java:stop(199)) - Attempting to stop container services.
2019-09-04 03:25:30,644 [ForkJoinPool.commonPool-worker-1] INFO  ozoneimpl.OzoneContainer (OzoneContainer.java:stop(199)) - Attempting to stop container services.
2019-09-04 03:25:30,645 [main] INFO  impl.RaftServerProxy (RaftServerProxy.java:lambda$close$4(314)) - 5874772f-8d83-4395-aefd-8b53e7bb01f4: close
2019-09-04 03:25:30,645 [ForkJoinPool.commonPool-worker-1] INFO  impl.RaftServerProxy (RaftServerProxy.java:lambda$close$4(314)) - 524a4774-666f-452c-9a20-e87fa1e4f616: close
2019-09-04 03:25:30,645 [main] INFO  impl.RaftServerImpl (RaftServerImpl.java:lambda$shutdown$3(245)) - 5874772f-8d83-4395-aefd-8b53e7bb01f4: shutdown group-BA32C286FC67
2019-09-04 03:25:30,645 [ForkJoinPool.commonPool-worker-1] INFO  impl.RaftServerImpl (RaftServerImpl.java:lambda$shutdown$3(245)) - 524a4774-666f-452c-9a20-e87fa1e4f616: shutdown group-002EB6C1B0CF
2019-09-04 03:25:30,646 [main] INFO  util.JmxRegister (JmxRegister.java:unregister(73)) - Successfully un-registered JMX Bean with object name Ratis:service=RaftServer,group=group-BA32C286FC67,id=5874772f-8d83-4395-aefd-8b53e7bb01f4
2019-09-04 03:25:30,646 [ForkJoinPool.commonPool-worker-1] INFO  util.JmxRegister (JmxRegister.java:unregister(73)) - Successfully un-registered JMX Bean with object name Ratis:service=RaftServer,group=group-002EB6C1B0CF,id=524a4774-666f-452c-9a20-e87fa1e4f616
2019-09-04 03:25:30,647 [main] INFO  impl.RoleInfo (RoleInfo.java:shutdownLeaderState(104)) - 5874772f-8d83-4395-aefd-8b53e7bb01f4: shutdown LeaderState
2019-09-04 03:25:30,647 [ForkJoinPool.commonPool-worker-1] INFO  impl.RoleInfo (RoleInfo.java:shutdownFollowerState(121)) - 524a4774-666f-452c-9a20-e87fa1e4f616: shutdown FollowerState
2019-09-04 03:25:30,648 [main] INFO  impl.PendingRequests (PendingRequests.java:sendNotLeaderResponses(202)) - 5874772f-8d83-4395-aefd-8b53e7bb01f4-PendingRequests: sendNotLeaderResponses
2019-09-04 03:25:30,648 [Thread-798] INFO  impl.FollowerState (FollowerState.java:run(114)) - 524a4774-666f-452c-9a20-e87fa1e4f616: FollowerState was interrupted: java.lang.InterruptedException: sleep interrupted
2019-09-04 03:25:30,648 [StateMachineUpdater:524a4774-666f-452c-9a20-e87fa1e4f616:group-002EB6C1B0CF] INFO  ratis.ContainerStateMachine (ContainerStateMachine.java:takeSnapshot(283)) - group-002EB6C1B0CF: Taking a snapshot at:(t:1, i:5) file /workdir/hadoop-ozone/integration-test/target/test-dir/MiniOzoneClusterImpl-73aa9163-49e3-40ac-b180-0c4b940e9410/datanode-1/data/ratis/a3b992b1-d860-45d5-bf9a-002eb6c1b0cf/sm/snapshot.1_5
2019-09-04 03:25:30,648 [ForkJoinPool.commonPool-worker-1] INFO  impl.StateMachineUpdater (StateMachineUpdater.java:stopAndJoin(115)) - StateMachineUpdater:524a4774-666f-452c-9a20-e87fa1e4f616:group-002EB6C1B0CF: set stopIndex = 8
2019-09-04 03:25:30,652 [main] INFO  impl.StateMachineUpdater (StateMachineUpdater.java:stopAndJoin(115)) - StateMachineUpdater:5874772f-8d83-4395-aefd-8b53e7bb01f4:group-BA32C286FC67: set stopIndex = 0
2019-09-04 03:25:30,653 [main] INFO  impl.RaftServerImpl (ServerState.java:close(394)) - 5874772f-8d83-4395-aefd-8b53e7bb01f4:group-BA32C286FC67 closes. The last applied log index is 0
2019-09-04 03:25:30,653 [5874772f-8d83-4395-aefd-8b53e7bb01f4-SegmentedRaftLogWorker:Storage Directory /workdir/hadoop-ozone/integration-test/target/test-dir/MiniOzoneClusterImpl-73aa9163-49e3-40ac-b180-0c4b940e9410/datanode-4/data/ratis/2be74ba9-ab5d-4961-b26b-ba32c286fc67] INFO  segmented.SegmentedRaftLogWorker (SegmentedRaftLogWorker.java:run(313)) - 5874772f-8d83-4395-aefd-8b53e7bb01f4-SegmentedRaftLogWorker:Storage Directory /workdir/hadoop-ozone/integration-test/target/test-dir/MiniOzoneClusterImpl-73aa9163-49e3-40ac-b180-0c4b940e9410/datanode-4/data/ratis/2be74ba9-ab5d-4961-b26b-ba32c286fc67 was interrupted, exiting. There are 0 tasks remaining in the queue.
2019-09-04 03:25:30,664 [main] INFO  segmented.SegmentedRaftLogWorker (SegmentedRaftLogWorker.java:close(228)) - 5874772f-8d83-4395-aefd-8b53e7bb01f4-SegmentedRaftLogWorker:Storage Directory /workdir/hadoop-ozone/integration-test/target/test-dir/MiniOzoneClusterImpl-73aa9163-49e3-40ac-b180-0c4b940e9410/datanode-4/data/ratis/2be74ba9-ab5d-4961-b26b-ba32c286fc67 close()
2019-09-04 03:25:30,669 [StateMachineUpdater:524a4774-666f-452c-9a20-e87fa1e4f616:group-002EB6C1B0CF] INFO  ratis.ContainerStateMachine (ContainerStateMachine.java:takeSnapshot(294)) - group-002EB6C1B0CF: Finished taking a snapshot at:(t:1, i:5) file:/workdir/hadoop-ozone/integration-test/target/test-dir/MiniOzoneClusterImpl-73aa9163-49e3-40ac-b180-0c4b940e9410/datanode-1/data/ratis/a3b992b1-d860-45d5-bf9a-002eb6c1b0cf/sm/snapshot.1_5 time:19
2019-09-04 03:25:30,669 [main] INFO  impl.RaftServerImpl (RaftServerImpl.java:lambda$shutdown$3(245)) - 5874772f-8d83-4395-aefd-8b53e7bb01f4: shutdown group-BC7EC6C0BAA3
2019-09-04 03:25:30,669 [StateMachineUpdater:524a4774-666f-452c-9a20-e87fa1e4f616:group-002EB6C1B0CF] INFO  impl.StateMachineUpdater (StateMachineUpdater.java:takeSnapshot(242)) - StateMachineUpdater:524a4774-666f-452c-9a20-e87fa1e4f616:group-002EB6C1B0CF: Took a snapshot at index 5
2019-09-04 03:25:30,669 [main] INFO  util.JmxRegister (JmxRegister.java:unregister(73)) - Successfully un-registered JMX Bean with object name Ratis:service=RaftServer,group=group-BC7EC6C0BAA3,id=5874772f-8d83-4395-aefd-8b53e7bb01f4
2019-09-04 03:25:30,669 [StateMachineUpdater:524a4774-666f-452c-9a20-e87fa1e4f616:group-002EB6C1B0CF] INFO  impl.StateMachineUpdater (StateMachineUpdater.java:lambda$new$0(80)) - StateMachineUpdater:524a4774-666f-452c-9a20-e87fa1e4f616:group-002EB6C1B0CF: snapshotIndex: updateIncreasingly -1 -> 5
2019-09-04 03:25:30,670 [main] INFO  impl.RoleInfo (RoleInfo.java:shutdownFollowerState(121)) - 5874772f-8d83-4395-aefd-8b53e7bb01f4: shutdown FollowerState
2019-09-04 03:25:30,670 [ForkJoinPool.commonPool-worker-1] INFO  impl.RaftServerImpl (ServerState.java:close(394)) - 524a4774-666f-452c-9a20-e87fa1e4f616:group-002EB6C1B0CF closes. The last applied log index is 8
2019-09-04 03:25:30,670 [Thread-858] INFO  impl.FollowerState (FollowerState.java:run(114)) - 5874772f-8d83-4395-aefd-8b53e7bb01f4: FollowerState was interrupted: java.lang.InterruptedException: sleep interrupted
2019-09-04 03:25:30,670 [main] INFO  impl.StateMachineUpdater (StateMachineUpdater.java:stopAndJoin(115)) - StateMachineUpdater:5874772f-8d83-4395-aefd-8b53e7bb01f4:group-BC7EC6C0BAA3: set stopIndex = 0
2019-09-04 03:25:30,673 [524a4774-666f-452c-9a20-e87fa1e4f616-SegmentedRaftLogWorker:Storage Directory /workdir/hadoop-ozone/integration-test/target/test-dir/MiniOzoneClusterImpl-73aa9163-49e3-40ac-b180-0c4b940e9410/datanode-1/data/ratis/a3b992b1-d860-45d5-bf9a-002eb6c1b0cf] INFO  segmented.SegmentedRaftLogWorker (SegmentedRaftLogWorker.java:run(313)) - 524a4774-666f-452c-9a20-e87fa1e4f616-SegmentedRaftLogWorker:Storage Directory /workdir/hadoop-ozone/integration-test/target/test-dir/MiniOzoneClusterImpl-73aa9163-49e3-40ac-b180-0c4b940e9410/datanode-1/data/ratis/a3b992b1-d860-45d5-bf9a-002eb6c1b0cf was interrupted, exiting. There are 0 tasks remaining in the queue.
2019-09-04 03:25:30,673 [main] INFO  impl.RaftServerImpl (ServerState.java:close(394)) - 5874772f-8d83-4395-aefd-8b53e7bb01f4:group-BC7EC6C0BAA3 closes. The last applied log index is 0
2019-09-04 03:25:30,676 [ForkJoinPool.commonPool-worker-1] INFO  segmented.SegmentedRaftLogWorker (SegmentedRaftLogWorker.java:close(228)) - 524a4774-666f-452c-9a20-e87fa1e4f616-SegmentedRaftLogWorker:Storage Directory /workdir/hadoop-ozone/integration-test/target/test-dir/MiniOzoneClusterImpl-73aa9163-49e3-40ac-b180-0c4b940e9410/datanode-1/data/ratis/a3b992b1-d860-45d5-bf9a-002eb6c1b0cf close()
2019-09-04 03:25:30,676 [5874772f-8d83-4395-aefd-8b53e7bb01f4-SegmentedRaftLogWorker:Storage Directory /workdir/hadoop-ozone/integration-test/target/test-dir/MiniOzoneClusterImpl-73aa9163-49e3-40ac-b180-0c4b940e9410/datanode-4/data/ratis/065bb3eb-eeb2-42fc-ab98-bc7ec6c0baa3] INFO  segmented.SegmentedRaftLogWorker (SegmentedRaftLogWorker.java:run(313)) - 5874772f-8d83-4395-aefd-8b53e7bb01f4-SegmentedRaftLogWorker:Storage Directory /workdir/hadoop-ozone/integration-test/target/test-dir/MiniOzoneClusterImpl-73aa9163-49e3-40ac-b180-0c4b940e9410/datanode-4/data/ratis/065bb3eb-eeb2-42fc-ab98-bc7ec6c0baa3 was interrupted, exiting. There are 0 tasks remaining in the queue.
2019-09-04 03:25:30,680 [ForkJoinPool.commonPool-worker-1] INFO  impl.RaftServerImpl (RaftServerImpl.java:lambda$shutdown$3(245)) - 524a4774-666f-452c-9a20-e87fa1e4f616: shutdown group-583351B1A201
2019-09-04 03:25:30,683 [main] INFO  segmented.SegmentedRaftLogWorker (SegmentedRaftLogWorker.java:close(228)) - 5874772f-8d83-4395-aefd-8b53e7bb01f4-SegmentedRaftLogWorker:Storage Directory /workdir/hadoop-ozone/integration-test/target/test-dir/MiniOzoneClusterImpl-73aa9163-49e3-40ac-b180-0c4b940e9410/datanode-4/data/ratis/065bb3eb-eeb2-42fc-ab98-bc7ec6c0baa3 close()
2019-09-04 03:25:30,683 [ForkJoinPool.commonPool-worker-1] INFO  util.JmxRegister (JmxRegister.java:unregister(73)) - Successfully un-registered JMX Bean with object name Ratis:service=RaftServer,group=group-583351B1A201,id=524a4774-666f-452c-9a20-e87fa1e4f616
2019-09-04 03:25:30,687 [main] INFO  server.GrpcService (GrpcService.java:closeImpl(155)) - 5874772f-8d83-4395-aefd-8b53e7bb01f4: shutdown server with port 36739 now
2019-09-04 03:25:30,687 [ForkJoinPool.commonPool-worker-1] INFO  impl.RoleInfo (RoleInfo.java:shutdownLeaderState(104)) - 524a4774-666f-452c-9a20-e87fa1e4f616: shutdown LeaderState
2019-09-04 03:25:30,692 [ForkJoinPool.commonPool-worker-1] INFO  impl.PendingRequests (PendingRequests.java:sendNotLeaderResponses(202)) - 524a4774-666f-452c-9a20-e87fa1e4f616-PendingRequests: sendNotLeaderResponses
2019-09-04 03:25:30,692 [ForkJoinPool.commonPool-worker-1] INFO  impl.StateMachineUpdater (StateMachineUpdater.java:stopAndJoin(115)) - StateMachineUpdater:524a4774-666f-452c-9a20-e87fa1e4f616:group-583351B1A201: set stopIndex = 0
2019-09-04 03:25:30,692 [ForkJoinPool.commonPool-worker-1] INFO  impl.RaftServerImpl (ServerState.java:close(394)) - 524a4774-666f-452c-9a20-e87fa1e4f616:group-583351B1A201 closes. The last applied log index is 0
2019-09-04 03:25:30,693 [524a4774-666f-452c-9a20-e87fa1e4f616-SegmentedRaftLogWorker:Storage Directory /workdir/hadoop-ozone/integration-test/target/test-dir/MiniOzoneClusterImpl-73aa9163-49e3-40ac-b180-0c4b940e9410/datanode-1/data/ratis/b75331bf-4215-4568-8088-583351b1a201] INFO  segmented.SegmentedRaftLogWorker (SegmentedRaftLogWorker.java:run(313)) - 524a4774-666f-452c-9a20-e87fa1e4f616-SegmentedRaftLogWorker:Storage Directory /workdir/hadoop-ozone/integration-test/target/test-dir/MiniOzoneClusterImpl-73aa9163-49e3-40ac-b180-0c4b940e9410/datanode-1/data/ratis/b75331bf-4215-4568-8088-583351b1a201 was interrupted, exiting. There are 0 tasks remaining in the queue.
2019-09-04 03:25:30,693 [grpc-default-executor-5] WARN  server.GrpcServerProtocolService (LogUtils.java:warn(134)) - 5874772f-8d83-4395-aefd-8b53e7bb01f4: appendEntries onError: org.apache.ratis.thirdparty.io.grpc.StatusRuntimeException: CANCELLED: cancelled before receiving half close
2019-09-04 03:25:30,695 [ForkJoinPool.commonPool-worker-1] INFO  segmented.SegmentedRaftLogWorker (SegmentedRaftLogWorker.java:close(228)) - 524a4774-666f-452c-9a20-e87fa1e4f616-SegmentedRaftLogWorker:Storage Directory /workdir/hadoop-ozone/integration-test/target/test-dir/MiniOzoneClusterImpl-73aa9163-49e3-40ac-b180-0c4b940e9410/datanode-1/data/ratis/b75331bf-4215-4568-8088-583351b1a201 close()
2019-09-04 03:25:30,693 [grpc-default-executor-4] WARN  server.GrpcLogAppender (LogUtils.java:warn(134)) - 50a57ad1-8537-401a-9ef5-5731af50f432->5874772f-8d83-4395-aefd-8b53e7bb01f4: Failed appendEntries: org.apache.ratis.thirdparty.io.grpc.StatusRuntimeException: CANCELLED: HTTP/2 error code: CANCEL
Received Rst Stream
2019-09-04 03:25:30,693 [main] INFO  server.GrpcService (GrpcService.java:closeImpl(163)) - 5874772f-8d83-4395-aefd-8b53e7bb01f4: shutdown server with port 36739 successfully
2019-09-04 03:25:30,711 [grpc-default-executor-4] INFO  impl.FollowerInfo (FollowerInfo.java:lambda$new$0(50)) - 50a57ad1-8537-401a-9ef5-5731af50f432->5874772f-8d83-4395-aefd-8b53e7bb01f4: nextIndex: updateUnconditionally 1 -> 0
2019-09-04 03:25:30,709 [ForkJoinPool.commonPool-worker-1] INFO  server.GrpcService (GrpcService.java:closeImpl(155)) - 524a4774-666f-452c-9a20-e87fa1e4f616: shutdown server with port 46000 now
2019-09-04 03:25:30,712 [main] INFO  utils.BackgroundService (BackgroundService.java:shutdown(148)) - Shutting down service BlockDeletingService
2019-09-04 03:25:30,712 [grpc-default-executor-3] WARN  server.GrpcLogAppender (LogUtils.java:warn(134)) - 3895fe08-5e04-46ac-ae6d-2b942b921927->524a4774-666f-452c-9a20-e87fa1e4f616: Failed appendEntries: org.apache.ratis.thirdparty.io.grpc.StatusRuntimeException: CANCELLED: HTTP/2 error code: CANCEL
Received Rst Stream
2019-09-04 03:25:30,712 [grpc-default-executor-5] WARN  server.GrpcServerProtocolService (LogUtils.java:warn(134)) - 524a4774-666f-452c-9a20-e87fa1e4f616: appendEntries onError: org.apache.ratis.thirdparty.io.grpc.StatusRuntimeException: CANCELLED: cancelled before receiving half close
2019-09-04 03:25:30,715 [grpc-default-executor-3] INFO  impl.FollowerInfo (FollowerInfo.java:lambda$new$0(50)) - 3895fe08-5e04-46ac-ae6d-2b942b921927->524a4774-666f-452c-9a20-e87fa1e4f616: nextIndex: updateUnconditionally 9 -> 8
2019-09-04 03:25:30,715 [ForkJoinPool.commonPool-worker-1] INFO  server.GrpcService (GrpcService.java:closeImpl(163)) - 524a4774-666f-452c-9a20-e87fa1e4f616: shutdown server with port 46000 successfully
2019-09-04 03:25:30,717 [refreshUsed-/workdir/hadoop-ozone/integration-test/target/test-dir/MiniOzoneClusterImpl-73aa9163-49e3-40ac-b180-0c4b940e9410/datanode-4/data/containers] WARN  fs.CachingGetSpaceUsed (CachingGetSpaceUsed.java:run(183)) - Thread Interrupted waiting to refresh disk information: sleep interrupted
2019-09-04 03:25:30,718 [grpc-default-executor-6] WARN  client.GrpcClientProtocolService (LogUtils.java:warn(134)) - 27-OrderedRequestStreamObserver27: onError: org.apache.ratis.thirdparty.io.grpc.StatusRuntimeException: CANCELLED: cancelled before receiving half close
2019-09-04 03:25:30,719 [ForkJoinPool.commonPool-worker-1] INFO  utils.BackgroundService (BackgroundService.java:shutdown(148)) - Shutting down service BlockDeletingService
2019-09-04 03:25:30,722 [refreshUsed-/workdir/hadoop-ozone/integration-test/target/test-dir/MiniOzoneClusterImpl-73aa9163-49e3-40ac-b180-0c4b940e9410/datanode-1/data/containers] WARN  fs.CachingGetSpaceUsed (CachingGetSpaceUsed.java:run(183)) - Thread Interrupted waiting to refresh disk information: sleep interrupted
2019-09-04 03:25:30,747 [ForkJoinPool.commonPool-worker-1] INFO  statemachine.DatanodeStateMachine (DatanodeStateMachine.java:stopDaemon(395)) - Ozone container server stopped.
2019-09-04 03:25:30,748 [main] INFO  statemachine.DatanodeStateMachine (DatanodeStateMachine.java:stopDaemon(395)) - Ozone container server stopped.
2019-09-04 03:25:30,754 [ForkJoinPool.commonPool-worker-1] INFO  handler.ContextHandler (ContextHandler.java:doStop(910)) - Stopped o.e.j.w.WebAppContext@53b7bf01{/,null,UNAVAILABLE}{/hddsDatanode}
2019-09-04 03:25:30,754 [main] INFO  handler.ContextHandler (ContextHandler.java:doStop(910)) - Stopped o.e.j.w.WebAppContext@3359c3f6{/,null,UNAVAILABLE}{/hddsDatanode}
2019-09-04 03:25:30,754 [ForkJoinPool.commonPool-worker-1] INFO  server.AbstractConnector (AbstractConnector.java:doStop(318)) - Stopped ServerConnector@139089a4{HTTP/1.1,[http/1.1]}{0.0.0.0:0}
2019-09-04 03:25:30,756 [ForkJoinPool.commonPool-worker-1] INFO  handler.ContextHandler (ContextHandler.java:doStop(910)) - Stopped o.e.j.s.ServletContextHandler@f48a080{/static,jar:file:/home/user/.m2/repository/org/apache/hadoop/hadoop-hdds-container-service/0.5.0-SNAPSHOT/hadoop-hdds-container-service-0.5.0-SNAPSHOT.jar!/webapps/static,UNAVAILABLE}
2019-09-04 03:25:30,756 [main] INFO  server.AbstractConnector (AbstractConnector.java:doStop(318)) - Stopped ServerConnector@3d3b272a{HTTP/1.1,[http/1.1]}{0.0.0.0:0}
2019-09-04 03:25:30,758 [ForkJoinPool.commonPool-worker-1] INFO  handler.ContextHandler (ContextHandler.java:doStop(910)) - Stopped o.e.j.s.ServletContextHandler@749d7c01{/logs,file:///workdir/hadoop-ozone/integration-test/target/log,UNAVAILABLE}
2019-09-04 03:25:30,758 [main] INFO  handler.ContextHandler (ContextHandler.java:doStop(910)) - Stopped o.e.j.s.ServletContextHandler@7c47e077{/static,jar:file:/home/user/.m2/repository/org/apache/hadoop/hadoop-hdds-container-service/0.5.0-SNAPSHOT/hadoop-hdds-container-service-0.5.0-SNAPSHOT.jar!/webapps/static,UNAVAILABLE}
2019-09-04 03:25:30,759 [main] INFO  handler.ContextHandler (ContextHandler.java:doStop(910)) - Stopped o.e.j.s.ServletContextHandler@5a2035e1{/logs,file:///workdir/hadoop-ozone/integration-test/target/log,UNAVAILABLE}
2019-09-04 03:25:30,759 [ForkJoinPool.commonPool-worker-1] INFO  datanode.ObjectStoreHandler (ObjectStoreHandler.java:close(155)) - Closing ObjectStoreHandler.
2019-09-04 03:25:30,760 [ForkJoinPool.commonPool-worker-1] INFO  ozone.HddsDatanodeService (HddsDatanodeService.java:stop(451)) - Stopped plug-in org.apache.hadoop.ozone.web.OzoneHddsDatanodeService@adc8683
2019-09-04 03:25:30,760 [main] INFO  datanode.ObjectStoreHandler (ObjectStoreHandler.java:close(155)) - Closing ObjectStoreHandler.
2019-09-04 03:25:30,760 [main] INFO  ozone.HddsDatanodeService (HddsDatanodeService.java:stop(451)) - Stopped plug-in org.apache.hadoop.ozone.web.OzoneHddsDatanodeService@2047adea
2019-09-04 03:25:30,860 [grpc-default-executor-6] WARN  server.GrpcLogAppender (LogUtils.java:warn(134)) - 3895fe08-5e04-46ac-ae6d-2b942b921927->524a4774-666f-452c-9a20-e87fa1e4f616: Failed appendEntries: org.apache.ratis.thirdparty.io.grpc.StatusRuntimeException: UNAVAILABLE: io exception
2019-09-04 03:25:30,862 [grpc-default-executor-6] INFO  impl.FollowerInfo (FollowerInfo.java:lambda$new$0(50)) - 3895fe08-5e04-46ac-ae6d-2b942b921927->524a4774-666f-452c-9a20-e87fa1e4f616: nextIndex: updateUnconditionally 8 -> 7
2019-09-04 03:25:31,024 | INFO  | SCMAudit | user=jenkins1000 | ip=192.168.69.105 | op=SEND_HEARTBEAT {datanodeUUID=3895fe08-5e04-46ac-ae6d-2b942b921927, command=[]} | ret=SUCCESS |  
2019-09-04 03:25:31,024 [Datanode State Machine Thread - 0] INFO  statemachine.DatanodeStateMachine (DatanodeStateMachine.java:lambda$startDaemon$0(350)) - Ozone container server started.
2019-09-04 03:25:31,056 | INFO  | SCMAudit | user=jenkins1000 | ip=192.168.69.105 | op=SEND_HEARTBEAT {datanodeUUID=3bf639f6-5176-4655-a6a8-540014321443, command=[]} | ret=SUCCESS |  
2019-09-04 03:25:31,304 | INFO  | SCMAudit | user=jenkins1000 | ip=192.168.69.105 | op=SEND_HEARTBEAT {datanodeUUID=6b521d90-43c4-4267-a955-3154b8383673, command=[]} | ret=SUCCESS |  
2019-09-04 03:25:31,312 [grpc-default-executor-5] WARN  server.GrpcLogAppender (LogUtils.java:warn(134)) - 50a57ad1-8537-401a-9ef5-5731af50f432->5874772f-8d83-4395-aefd-8b53e7bb01f4: Failed appendEntries: org.apache.ratis.thirdparty.io.grpc.StatusRuntimeException: UNAVAILABLE: io exception
2019-09-04 03:25:31,316 [grpc-default-executor-5] INFO  impl.FollowerInfo (FollowerInfo.java:lambda$new$0(50)) - 50a57ad1-8537-401a-9ef5-5731af50f432->5874772f-8d83-4395-aefd-8b53e7bb01f4: nextIndex: updateUnconditionally 0 -> 0
2019-09-04 03:25:31,361 [Datanode State Machine Thread - 0] INFO  statemachine.DatanodeStateMachine (DatanodeStateMachine.java:lambda$startDaemon$0(350)) - Ozone container server started.
2019-09-04 03:25:32,024 | INFO  | SCMAudit | user=jenkins1000 | ip=192.168.69.105 | op=SEND_HEARTBEAT {datanodeUUID=3895fe08-5e04-46ac-ae6d-2b942b921927, command=[]} | ret=SUCCESS |  
2019-09-04 03:25:32,056 | INFO  | SCMAudit | user=jenkins1000 | ip=192.168.69.105 | op=SEND_HEARTBEAT {datanodeUUID=3bf639f6-5176-4655-a6a8-540014321443, command=[]} | ret=SUCCESS |  
2019-09-04 03:25:32,305 | INFO  | SCMAudit | user=jenkins1000 | ip=192.168.69.105 | op=SEND_HEARTBEAT {datanodeUUID=6b521d90-43c4-4267-a955-3154b8383673, command=[]} | ret=SUCCESS |  
2019-09-04 03:25:33,025 | INFO  | SCMAudit | user=jenkins1000 | ip=192.168.69.105 | op=SEND_HEARTBEAT {datanodeUUID=3895fe08-5e04-46ac-ae6d-2b942b921927, command=[]} | ret=SUCCESS |  
2019-09-04 03:25:33,057 | INFO  | SCMAudit | user=jenkins1000 | ip=192.168.69.105 | op=SEND_HEARTBEAT {datanodeUUID=3bf639f6-5176-4655-a6a8-540014321443, command=[]} | ret=SUCCESS |  
2019-09-04 03:25:33,305 | INFO  | SCMAudit | user=jenkins1000 | ip=192.168.69.105 | op=SEND_HEARTBEAT {datanodeUUID=6b521d90-43c4-4267-a955-3154b8383673, command=[]} | ret=SUCCESS |  
2019-09-04 03:25:33,360 [grpc-default-executor-5] WARN  server.GrpcLogAppender (LogUtils.java:warn(134)) - 3895fe08-5e04-46ac-ae6d-2b942b921927->524a4774-666f-452c-9a20-e87fa1e4f616: Failed appendEntries: org.apache.ratis.thirdparty.io.grpc.StatusRuntimeException: UNAVAILABLE: io exception
2019-09-04 03:25:33,363 [grpc-default-executor-5] INFO  impl.FollowerInfo (FollowerInfo.java:lambda$new$0(50)) - 3895fe08-5e04-46ac-ae6d-2b942b921927->524a4774-666f-452c-9a20-e87fa1e4f616: nextIndex: updateUnconditionally 7 -> 6
2019-09-04 03:25:33,813 [grpc-default-executor-3] WARN  server.GrpcLogAppender (LogUtils.java:warn(134)) - 50a57ad1-8537-401a-9ef5-5731af50f432->5874772f-8d83-4395-aefd-8b53e7bb01f4: Failed appendEntries: org.apache.ratis.thirdparty.io.grpc.StatusRuntimeException: UNAVAILABLE: io exception
2019-09-04 03:25:33,817 [grpc-default-executor-3] INFO  impl.FollowerInfo (FollowerInfo.java:lambda$new$0(50)) - 50a57ad1-8537-401a-9ef5-5731af50f432->5874772f-8d83-4395-aefd-8b53e7bb01f4: nextIndex: updateUnconditionally 0 -> 0
2019-09-04 03:25:34,024 | INFO  | SCMAudit | user=jenkins1000 | ip=192.168.69.105 | op=SEND_HEARTBEAT {datanodeUUID=3895fe08-5e04-46ac-ae6d-2b942b921927, command=[]} | ret=SUCCESS |  
2019-09-04 03:25:34,056 | INFO  | SCMAudit | user=jenkins1000 | ip=192.168.69.105 | op=SEND_HEARTBEAT {datanodeUUID=3bf639f6-5176-4655-a6a8-540014321443, command=[]} | ret=SUCCESS |  
2019-09-04 03:25:34,305 | INFO  | SCMAudit | user=jenkins1000 | ip=192.168.69.105 | op=SEND_HEARTBEAT {datanodeUUID=6b521d90-43c4-4267-a955-3154b8383673, command=[]} | ret=SUCCESS |  
2019-09-04 03:25:35,025 | INFO  | SCMAudit | user=jenkins1000 | ip=192.168.69.105 | op=SEND_HEARTBEAT {datanodeUUID=3895fe08-5e04-46ac-ae6d-2b942b921927, command=[]} | ret=SUCCESS |  
2019-09-04 03:25:35,056 | INFO  | SCMAudit | user=jenkins1000 | ip=192.168.69.105 | op=SEND_HEARTBEAT {datanodeUUID=3bf639f6-5176-4655-a6a8-540014321443, command=[]} | ret=SUCCESS |  
2019-09-04 03:25:35,305 | INFO  | SCMAudit | user=jenkins1000 | ip=192.168.69.105 | op=SEND_HEARTBEAT {datanodeUUID=6b521d90-43c4-4267-a955-3154b8383673, command=[]} | ret=SUCCESS |  
2019-09-04 03:25:35,761 [ForkJoinPool.commonPool-worker-1] INFO  ozoneimpl.OzoneContainer (OzoneContainer.java:stop(199)) - Attempting to stop container services.
2019-09-04 03:25:35,761 [main] INFO  ozoneimpl.OzoneContainer (OzoneContainer.java:stop(199)) - Attempting to stop container services.
2019-09-04 03:25:35,762 [ForkJoinPool.commonPool-worker-1] INFO  impl.RaftServerProxy (RaftServerProxy.java:lambda$close$4(314)) - 84f9c2c4-73f2-4ad7-b9a8-3f333e5b0e84: close
2019-09-04 03:25:35,762 [ForkJoinPool.commonPool-worker-1] INFO  impl.RaftServerImpl (RaftServerImpl.java:lambda$shutdown$3(245)) - 84f9c2c4-73f2-4ad7-b9a8-3f333e5b0e84: shutdown group-763B7704BD09
2019-09-04 03:25:35,762 [main] INFO  impl.RaftServerProxy (RaftServerProxy.java:lambda$close$4(314)) - 50a57ad1-8537-401a-9ef5-5731af50f432: close
2019-09-04 03:25:35,762 [ForkJoinPool.commonPool-worker-1] INFO  util.JmxRegister (JmxRegister.java:unregister(73)) - Successfully un-registered JMX Bean with object name Ratis:service=RaftServer,group=group-763B7704BD09,id=84f9c2c4-73f2-4ad7-b9a8-3f333e5b0e84
2019-09-04 03:25:35,762 [main] INFO  impl.RaftServerImpl (RaftServerImpl.java:lambda$shutdown$3(245)) - 50a57ad1-8537-401a-9ef5-5731af50f432: shutdown group-18E0C74CFC40
2019-09-04 03:25:35,763 [ForkJoinPool.commonPool-worker-1] INFO  impl.RoleInfo (RoleInfo.java:shutdownLeaderState(104)) - 84f9c2c4-73f2-4ad7-b9a8-3f333e5b0e84: shutdown LeaderState
2019-09-04 03:25:35,763 [main] INFO  util.JmxRegister (JmxRegister.java:unregister(73)) - Successfully un-registered JMX Bean with object name Ratis:service=RaftServer,group=group-18E0C74CFC40,id=50a57ad1-8537-401a-9ef5-5731af50f432
2019-09-04 03:25:35,764 [ForkJoinPool.commonPool-worker-1] INFO  impl.PendingRequests (PendingRequests.java:sendNotLeaderResponses(202)) - 84f9c2c4-73f2-4ad7-b9a8-3f333e5b0e84-PendingRequests: sendNotLeaderResponses
2019-09-04 03:25:35,764 [main] INFO  impl.RoleInfo (RoleInfo.java:shutdownLeaderState(104)) - 50a57ad1-8537-401a-9ef5-5731af50f432: shutdown LeaderState
2019-09-04 03:25:35,764 [ForkJoinPool.commonPool-worker-1] INFO  impl.StateMachineUpdater (StateMachineUpdater.java:stopAndJoin(115)) - StateMachineUpdater:84f9c2c4-73f2-4ad7-b9a8-3f333e5b0e84:group-763B7704BD09: set stopIndex = 0
2019-09-04 03:25:35,765 [ForkJoinPool.commonPool-worker-1] INFO  impl.RaftServerImpl (ServerState.java:close(394)) - 84f9c2c4-73f2-4ad7-b9a8-3f333e5b0e84:group-763B7704BD09 closes. The last applied log index is 0
2019-09-04 03:25:35,764 [main] INFO  impl.PendingRequests (PendingRequests.java:sendNotLeaderResponses(202)) - 50a57ad1-8537-401a-9ef5-5731af50f432-PendingRequests: sendNotLeaderResponses
2019-09-04 03:25:35,765 [84f9c2c4-73f2-4ad7-b9a8-3f333e5b0e84-SegmentedRaftLogWorker:Storage Directory /workdir/hadoop-ozone/integration-test/target/test-dir/MiniOzoneClusterImpl-73aa9163-49e3-40ac-b180-0c4b940e9410/datanode-2/data/ratis/bc497a3a-22f3-4746-b190-763b7704bd09] INFO  segmented.SegmentedRaftLogWorker (SegmentedRaftLogWorker.java:run(313)) - 84f9c2c4-73f2-4ad7-b9a8-3f333e5b0e84-SegmentedRaftLogWorker:Storage Directory /workdir/hadoop-ozone/integration-test/target/test-dir/MiniOzoneClusterImpl-73aa9163-49e3-40ac-b180-0c4b940e9410/datanode-2/data/ratis/bc497a3a-22f3-4746-b190-763b7704bd09 was interrupted, exiting. There are 0 tasks remaining in the queue.
2019-09-04 03:25:35,765 [main] INFO  impl.StateMachineUpdater (StateMachineUpdater.java:stopAndJoin(115)) - StateMachineUpdater:50a57ad1-8537-401a-9ef5-5731af50f432:group-18E0C74CFC40: set stopIndex = 0
2019-09-04 03:25:35,771 [ForkJoinPool.commonPool-worker-1] INFO  segmented.SegmentedRaftLogWorker (SegmentedRaftLogWorker.java:close(228)) - 84f9c2c4-73f2-4ad7-b9a8-3f333e5b0e84-SegmentedRaftLogWorker:Storage Directory /workdir/hadoop-ozone/integration-test/target/test-dir/MiniOzoneClusterImpl-73aa9163-49e3-40ac-b180-0c4b940e9410/datanode-2/data/ratis/bc497a3a-22f3-4746-b190-763b7704bd09 close()
2019-09-04 03:25:35,771 [main] INFO  impl.RaftServerImpl (ServerState.java:close(394)) - 50a57ad1-8537-401a-9ef5-5731af50f432:group-18E0C74CFC40 closes. The last applied log index is 0
2019-09-04 03:25:35,773 [ForkJoinPool.commonPool-worker-1] INFO  impl.RaftServerImpl (RaftServerImpl.java:lambda$shutdown$3(245)) - 84f9c2c4-73f2-4ad7-b9a8-3f333e5b0e84: shutdown group-002EB6C1B0CF
2019-09-04 03:25:35,774 [50a57ad1-8537-401a-9ef5-5731af50f432-SegmentedRaftLogWorker:Storage Directory /workdir/hadoop-ozone/integration-test/target/test-dir/MiniOzoneClusterImpl-73aa9163-49e3-40ac-b180-0c4b940e9410/datanode-3/data/ratis/8cb09283-9b22-47db-8caf-18e0c74cfc40] INFO  segmented.SegmentedRaftLogWorker (SegmentedRaftLogWorker.java:run(313)) - 50a57ad1-8537-401a-9ef5-5731af50f432-SegmentedRaftLogWorker:Storage Directory /workdir/hadoop-ozone/integration-test/target/test-dir/MiniOzoneClusterImpl-73aa9163-49e3-40ac-b180-0c4b940e9410/datanode-3/data/ratis/8cb09283-9b22-47db-8caf-18e0c74cfc40 was interrupted, exiting. There are 0 tasks remaining in the queue.
2019-09-04 03:25:35,774 [ForkJoinPool.commonPool-worker-1] INFO  util.JmxRegister (JmxRegister.java:unregister(73)) - Successfully un-registered JMX Bean with object name Ratis:service=RaftServer,group=group-002EB6C1B0CF,id=84f9c2c4-73f2-4ad7-b9a8-3f333e5b0e84
2019-09-04 03:25:35,776 [main] INFO  segmented.SegmentedRaftLogWorker (SegmentedRaftLogWorker.java:close(228)) - 50a57ad1-8537-401a-9ef5-5731af50f432-SegmentedRaftLogWorker:Storage Directory /workdir/hadoop-ozone/integration-test/target/test-dir/MiniOzoneClusterImpl-73aa9163-49e3-40ac-b180-0c4b940e9410/datanode-3/data/ratis/8cb09283-9b22-47db-8caf-18e0c74cfc40 close()
2019-09-04 03:25:35,776 [ForkJoinPool.commonPool-worker-1] INFO  impl.RoleInfo (RoleInfo.java:shutdownFollowerState(121)) - 84f9c2c4-73f2-4ad7-b9a8-3f333e5b0e84: shutdown FollowerState
2019-09-04 03:25:35,778 [main] INFO  impl.RaftServerImpl (RaftServerImpl.java:lambda$shutdown$3(245)) - 50a57ad1-8537-401a-9ef5-5731af50f432: shutdown group-BC7EC6C0BAA3
2019-09-04 03:25:35,779 [StateMachineUpdater:84f9c2c4-73f2-4ad7-b9a8-3f333e5b0e84:group-002EB6C1B0CF] INFO  ratis.ContainerStateMachine (ContainerStateMachine.java:takeSnapshot(283)) - group-002EB6C1B0CF: Taking a snapshot at:(t:1, i:5) file /workdir/hadoop-ozone/integration-test/target/test-dir/MiniOzoneClusterImpl-73aa9163-49e3-40ac-b180-0c4b940e9410/datanode-2/data/ratis/a3b992b1-d860-45d5-bf9a-002eb6c1b0cf/sm/snapshot.1_5
2019-09-04 03:25:35,779 [Thread-797] INFO  impl.FollowerState (FollowerState.java:run(114)) - 84f9c2c4-73f2-4ad7-b9a8-3f333e5b0e84: FollowerState was interrupted: java.lang.InterruptedException: sleep interrupted
2019-09-04 03:25:35,778 [ForkJoinPool.commonPool-worker-1] INFO  impl.StateMachineUpdater (StateMachineUpdater.java:stopAndJoin(115)) - StateMachineUpdater:84f9c2c4-73f2-4ad7-b9a8-3f333e5b0e84:group-002EB6C1B0CF: set stopIndex = 8
2019-09-04 03:25:35,779 [main] INFO  util.JmxRegister (JmxRegister.java:unregister(73)) - Successfully un-registered JMX Bean with object name Ratis:service=RaftServer,group=group-BC7EC6C0BAA3,id=50a57ad1-8537-401a-9ef5-5731af50f432
2019-09-04 03:25:35,781 [main] INFO  impl.RoleInfo (RoleInfo.java:shutdownLeaderState(104)) - 50a57ad1-8537-401a-9ef5-5731af50f432: shutdown LeaderState
2019-09-04 03:25:35,785 [main] INFO  impl.PendingRequests (PendingRequests.java:sendNotLeaderResponses(202)) - 50a57ad1-8537-401a-9ef5-5731af50f432-PendingRequests: sendNotLeaderResponses
2019-09-04 03:25:35,785 [org.apache.ratis.server.impl.LogAppender$AppenderDaemon$$Lambda$480/934584112@7b35e59c] WARN  server.GrpcLogAppender (GrpcLogAppender.java:mayWait(143)) - GrpcLogAppender(50a57ad1-8537-401a-9ef5-5731af50f432->3bf639f6-5176-4655-a6a8-540014321443): Wait interrupted by java.lang.InterruptedException
2019-09-04 03:25:35,785 [org.apache.ratis.server.impl.LogAppender$AppenderDaemon$$Lambda$480/934584112@3e377c3e] WARN  server.GrpcLogAppender (GrpcLogAppender.java:mayWait(143)) - GrpcLogAppender(50a57ad1-8537-401a-9ef5-5731af50f432->5874772f-8d83-4395-aefd-8b53e7bb01f4): Wait interrupted by java.lang.InterruptedException
2019-09-04 03:25:35,785 [main] INFO  impl.StateMachineUpdater (StateMachineUpdater.java:stopAndJoin(115)) - StateMachineUpdater:50a57ad1-8537-401a-9ef5-5731af50f432:group-BC7EC6C0BAA3: set stopIndex = 0
2019-09-04 03:25:35,786 [main] INFO  impl.RaftServerImpl (ServerState.java:close(394)) - 50a57ad1-8537-401a-9ef5-5731af50f432:group-BC7EC6C0BAA3 closes. The last applied log index is 0
2019-09-04 03:25:35,786 [grpc-default-executor-3] INFO  server.GrpcServerProtocolService (GrpcServerProtocolService.java:onCompleted(104)) - 3bf639f6-5176-4655-a6a8-540014321443: appendEntries completed
2019-09-04 03:25:35,786 [50a57ad1-8537-401a-9ef5-5731af50f432-SegmentedRaftLogWorker:Storage Directory /workdir/hadoop-ozone/integration-test/target/test-dir/MiniOzoneClusterImpl-73aa9163-49e3-40ac-b180-0c4b940e9410/datanode-3/data/ratis/065bb3eb-eeb2-42fc-ab98-bc7ec6c0baa3] INFO  segmented.SegmentedRaftLogWorker (SegmentedRaftLogWorker.java:run(313)) - 50a57ad1-8537-401a-9ef5-5731af50f432-SegmentedRaftLogWorker:Storage Directory /workdir/hadoop-ozone/integration-test/target/test-dir/MiniOzoneClusterImpl-73aa9163-49e3-40ac-b180-0c4b940e9410/datanode-3/data/ratis/065bb3eb-eeb2-42fc-ab98-bc7ec6c0baa3 was interrupted, exiting. There are 0 tasks remaining in the queue.
2019-09-04 03:25:35,788 [main] INFO  segmented.SegmentedRaftLogWorker (SegmentedRaftLogWorker.java:close(228)) - 50a57ad1-8537-401a-9ef5-5731af50f432-SegmentedRaftLogWorker:Storage Directory /workdir/hadoop-ozone/integration-test/target/test-dir/MiniOzoneClusterImpl-73aa9163-49e3-40ac-b180-0c4b940e9410/datanode-3/data/ratis/065bb3eb-eeb2-42fc-ab98-bc7ec6c0baa3 close()
2019-09-04 03:25:35,790 [main] INFO  server.GrpcService (GrpcService.java:closeImpl(155)) - 50a57ad1-8537-401a-9ef5-5731af50f432: shutdown server with port 39317 now
2019-09-04 03:25:35,790 [grpc-default-executor-3] INFO  server.GrpcLogAppender (GrpcLogAppender.java:onCompleted(292)) - 50a57ad1-8537-401a-9ef5-5731af50f432->3bf639f6-5176-4655-a6a8-540014321443: follower responses appendEntries COMPLETED
2019-09-04 03:25:35,792 [main] INFO  server.GrpcService (GrpcService.java:closeImpl(163)) - 50a57ad1-8537-401a-9ef5-5731af50f432: shutdown server with port 39317 successfully
2019-09-04 03:25:35,792 [grpc-default-executor-3] INFO  impl.FollowerInfo (FollowerInfo.java:lambda$new$0(50)) - 50a57ad1-8537-401a-9ef5-5731af50f432->3bf639f6-5176-4655-a6a8-540014321443: nextIndex: updateUnconditionally 1 -> 0
2019-09-04 03:25:35,793 [main] INFO  utils.BackgroundService (BackgroundService.java:shutdown(148)) - Shutting down service BlockDeletingService
2019-09-04 03:25:35,795 [refreshUsed-/workdir/hadoop-ozone/integration-test/target/test-dir/MiniOzoneClusterImpl-73aa9163-49e3-40ac-b180-0c4b940e9410/datanode-3/data/containers] WARN  fs.CachingGetSpaceUsed (CachingGetSpaceUsed.java:run(183)) - Thread Interrupted waiting to refresh disk information: sleep interrupted
2019-09-04 03:25:35,813 [main] INFO  statemachine.DatanodeStateMachine (DatanodeStateMachine.java:stopDaemon(395)) - Ozone container server stopped.
2019-09-04 03:25:35,814 [main] INFO  handler.ContextHandler (ContextHandler.java:doStop(910)) - Stopped o.e.j.w.WebAppContext@29699283{/,null,UNAVAILABLE}{/hddsDatanode}
2019-09-04 03:25:35,815 [main] INFO  server.AbstractConnector (AbstractConnector.java:doStop(318)) - Stopped ServerConnector@5d32c1c7{HTTP/1.1,[http/1.1]}{0.0.0.0:0}
2019-09-04 03:25:35,815 [main] INFO  handler.ContextHandler (ContextHandler.java:doStop(910)) - Stopped o.e.j.s.ServletContextHandler@55b62db8{/static,jar:file:/home/user/.m2/repository/org/apache/hadoop/hadoop-hdds-container-service/0.5.0-SNAPSHOT/hadoop-hdds-container-service-0.5.0-SNAPSHOT.jar!/webapps/static,UNAVAILABLE}
2019-09-04 03:25:35,815 [main] INFO  handler.ContextHandler (ContextHandler.java:doStop(910)) - Stopped o.e.j.s.ServletContextHandler@6475e778{/logs,file:///workdir/hadoop-ozone/integration-test/target/log,UNAVAILABLE}
2019-09-04 03:25:35,817 [main] INFO  datanode.ObjectStoreHandler (ObjectStoreHandler.java:close(155)) - Closing ObjectStoreHandler.
2019-09-04 03:25:35,818 [main] INFO  ozone.HddsDatanodeService (HddsDatanodeService.java:stop(451)) - Stopped plug-in org.apache.hadoop.ozone.web.OzoneHddsDatanodeService@3340ce58
2019-09-04 03:25:35,862 [grpc-default-executor-6] WARN  server.GrpcLogAppender (LogUtils.java:warn(134)) - 3895fe08-5e04-46ac-ae6d-2b942b921927->524a4774-666f-452c-9a20-e87fa1e4f616: Failed appendEntries: org.apache.ratis.thirdparty.io.grpc.StatusRuntimeException: UNAVAILABLE: io exception
2019-09-04 03:25:35,864 [grpc-default-executor-6] INFO  impl.FollowerInfo (FollowerInfo.java:lambda$new$0(50)) - 3895fe08-5e04-46ac-ae6d-2b942b921927->524a4774-666f-452c-9a20-e87fa1e4f616: nextIndex: updateUnconditionally 6 -> 5
2019-09-04 03:25:35,990 [StateMachineUpdater:84f9c2c4-73f2-4ad7-b9a8-3f333e5b0e84:group-002EB6C1B0CF] INFO  ratis.ContainerStateMachine (ContainerStateMachine.java:takeSnapshot(294)) - group-002EB6C1B0CF: Finished taking a snapshot at:(t:1, i:5) file:/workdir/hadoop-ozone/integration-test/target/test-dir/MiniOzoneClusterImpl-73aa9163-49e3-40ac-b180-0c4b940e9410/datanode-2/data/ratis/a3b992b1-d860-45d5-bf9a-002eb6c1b0cf/sm/snapshot.1_5 time:212
2019-09-04 03:25:35,990 [StateMachineUpdater:84f9c2c4-73f2-4ad7-b9a8-3f333e5b0e84:group-002EB6C1B0CF] INFO  impl.StateMachineUpdater (StateMachineUpdater.java:takeSnapshot(242)) - StateMachineUpdater:84f9c2c4-73f2-4ad7-b9a8-3f333e5b0e84:group-002EB6C1B0CF: Took a snapshot at index 5
2019-09-04 03:25:35,991 [StateMachineUpdater:84f9c2c4-73f2-4ad7-b9a8-3f333e5b0e84:group-002EB6C1B0CF] INFO  impl.StateMachineUpdater (StateMachineUpdater.java:lambda$new$0(80)) - StateMachineUpdater:84f9c2c4-73f2-4ad7-b9a8-3f333e5b0e84:group-002EB6C1B0CF: snapshotIndex: updateIncreasingly -1 -> 5
2019-09-04 03:25:35,991 [ForkJoinPool.commonPool-worker-1] INFO  impl.RaftServerImpl (ServerState.java:close(394)) - 84f9c2c4-73f2-4ad7-b9a8-3f333e5b0e84:group-002EB6C1B0CF closes. The last applied log index is 8
2019-09-04 03:25:35,992 [84f9c2c4-73f2-4ad7-b9a8-3f333e5b0e84-SegmentedRaftLogWorker:Storage Directory /workdir/hadoop-ozone/integration-test/target/test-dir/MiniOzoneClusterImpl-73aa9163-49e3-40ac-b180-0c4b940e9410/datanode-2/data/ratis/a3b992b1-d860-45d5-bf9a-002eb6c1b0cf] INFO  segmented.SegmentedRaftLogWorker (SegmentedRaftLogWorker.java:run(313)) - 84f9c2c4-73f2-4ad7-b9a8-3f333e5b0e84-SegmentedRaftLogWorker:Storage Directory /workdir/hadoop-ozone/integration-test/target/test-dir/MiniOzoneClusterImpl-73aa9163-49e3-40ac-b180-0c4b940e9410/datanode-2/data/ratis/a3b992b1-d860-45d5-bf9a-002eb6c1b0cf was interrupted, exiting. There are 0 tasks remaining in the queue.
2019-09-04 03:25:35,994 [ForkJoinPool.commonPool-worker-1] INFO  segmented.SegmentedRaftLogWorker (SegmentedRaftLogWorker.java:close(228)) - 84f9c2c4-73f2-4ad7-b9a8-3f333e5b0e84-SegmentedRaftLogWorker:Storage Directory /workdir/hadoop-ozone/integration-test/target/test-dir/MiniOzoneClusterImpl-73aa9163-49e3-40ac-b180-0c4b940e9410/datanode-2/data/ratis/a3b992b1-d860-45d5-bf9a-002eb6c1b0cf close()
2019-09-04 03:25:35,996 [ForkJoinPool.commonPool-worker-1] INFO  server.GrpcService (GrpcService.java:closeImpl(155)) - 84f9c2c4-73f2-4ad7-b9a8-3f333e5b0e84: shutdown server with port 36524 now
2019-09-04 03:25:35,997 [grpc-default-executor-5] WARN  server.GrpcServerProtocolService (LogUtils.java:warn(134)) - 84f9c2c4-73f2-4ad7-b9a8-3f333e5b0e84: appendEntries onError: org.apache.ratis.thirdparty.io.grpc.StatusRuntimeException: CANCELLED: cancelled before receiving half close
2019-09-04 03:25:35,997 [ForkJoinPool.commonPool-worker-1] INFO  server.GrpcService (GrpcService.java:closeImpl(163)) - 84f9c2c4-73f2-4ad7-b9a8-3f333e5b0e84: shutdown server with port 36524 successfully
2019-09-04 03:25:35,997 [grpc-default-executor-5] WARN  server.GrpcLogAppender (LogUtils.java:warn(134)) - 3895fe08-5e04-46ac-ae6d-2b942b921927->84f9c2c4-73f2-4ad7-b9a8-3f333e5b0e84: Failed appendEntries: org.apache.ratis.thirdparty.io.grpc.StatusRuntimeException: CANCELLED: HTTP/2 error code: CANCEL
Received Rst Stream
2019-09-04 03:25:36,000 [grpc-default-executor-5] INFO  impl.FollowerInfo (FollowerInfo.java:lambda$new$0(50)) - 3895fe08-5e04-46ac-ae6d-2b942b921927->84f9c2c4-73f2-4ad7-b9a8-3f333e5b0e84: nextIndex: updateUnconditionally 9 -> 8
2019-09-04 03:25:36,002 [ForkJoinPool.commonPool-worker-1] INFO  utils.BackgroundService (BackgroundService.java:shutdown(148)) - Shutting down service BlockDeletingService
2019-09-04 03:25:36,006 [refreshUsed-/workdir/hadoop-ozone/integration-test/target/test-dir/MiniOzoneClusterImpl-73aa9163-49e3-40ac-b180-0c4b940e9410/datanode-2/data/containers] WARN  fs.CachingGetSpaceUsed (CachingGetSpaceUsed.java:run(183)) - Thread Interrupted waiting to refresh disk information: sleep interrupted
2019-09-04 03:25:36,023 [ForkJoinPool.commonPool-worker-1] INFO  statemachine.DatanodeStateMachine (DatanodeStateMachine.java:stopDaemon(395)) - Ozone container server stopped.
2019-09-04 03:25:36,029 [ForkJoinPool.commonPool-worker-1] INFO  handler.ContextHandler (ContextHandler.java:doStop(910)) - Stopped o.e.j.w.WebAppContext@92e2c93{/,null,UNAVAILABLE}{/hddsDatanode}
2019-09-04 03:25:36,029 | INFO  | SCMAudit | user=jenkins1000 | ip=192.168.69.105 | op=SEND_HEARTBEAT {datanodeUUID=3895fe08-5e04-46ac-ae6d-2b942b921927, command=[]} | ret=SUCCESS |  
2019-09-04 03:25:36,030 [ForkJoinPool.commonPool-worker-1] INFO  server.AbstractConnector (AbstractConnector.java:doStop(318)) - Stopped ServerConnector@6697f3d{HTTP/1.1,[http/1.1]}{0.0.0.0:0}
2019-09-04 03:25:36,031 [ForkJoinPool.commonPool-worker-1] INFO  handler.ContextHandler (ContextHandler.java:doStop(910)) - Stopped o.e.j.s.ServletContextHandler@5abbb273{/static,jar:file:/home/user/.m2/repository/org/apache/hadoop/hadoop-hdds-container-service/0.5.0-SNAPSHOT/hadoop-hdds-container-service-0.5.0-SNAPSHOT.jar!/webapps/static,UNAVAILABLE}
2019-09-04 03:25:36,033 [ForkJoinPool.commonPool-worker-1] INFO  handler.ContextHandler (ContextHandler.java:doStop(910)) - Stopped o.e.j.s.ServletContextHandler@70022d44{/logs,file:///workdir/hadoop-ozone/integration-test/target/log,UNAVAILABLE}
2019-09-04 03:25:36,034 [ForkJoinPool.commonPool-worker-1] INFO  datanode.ObjectStoreHandler (ObjectStoreHandler.java:close(155)) - Closing ObjectStoreHandler.
2019-09-04 03:25:36,034 [ForkJoinPool.commonPool-worker-1] INFO  ozone.HddsDatanodeService (HddsDatanodeService.java:stop(451)) - Stopped plug-in org.apache.hadoop.ozone.web.OzoneHddsDatanodeService@c94bd18
2019-09-04 03:25:36,056 | INFO  | SCMAudit | user=jenkins1000 | ip=192.168.69.105 | op=SEND_HEARTBEAT {datanodeUUID=3bf639f6-5176-4655-a6a8-540014321443, command=[]} | ret=SUCCESS |  
2019-09-04 03:25:36,305 [Datanode State Machine Thread - 0] INFO  statemachine.DatanodeStateMachine (DatanodeStateMachine.java:lambda$startDaemon$0(350)) - Ozone container server started.
2019-09-04 03:25:37,023 [Datanode State Machine Thread - 0] INFO  statemachine.DatanodeStateMachine (DatanodeStateMachine.java:lambda$startDaemon$0(350)) - Ozone container server started.
2019-09-04 03:25:37,056 | INFO  | SCMAudit | user=jenkins1000 | ip=192.168.69.105 | op=SEND_HEARTBEAT {datanodeUUID=3bf639f6-5176-4655-a6a8-540014321443, command=[]} | ret=SUCCESS |  
2019-09-04 03:25:38,056 | INFO  | SCMAudit | user=jenkins1000 | ip=192.168.69.105 | op=SEND_HEARTBEAT {datanodeUUID=3bf639f6-5176-4655-a6a8-540014321443, command=[]} | ret=SUCCESS |  
2019-09-04 03:25:38,363 [grpc-default-executor-7] WARN  server.GrpcLogAppender (LogUtils.java:warn(134)) - 3895fe08-5e04-46ac-ae6d-2b942b921927->524a4774-666f-452c-9a20-e87fa1e4f616: Failed appendEntries: org.apache.ratis.thirdparty.io.grpc.StatusRuntimeException: UNAVAILABLE: io exception
2019-09-04 03:25:38,363 [grpc-default-executor-8] WARN  server.GrpcLogAppender (LogUtils.java:warn(134)) - 3895fe08-5e04-46ac-ae6d-2b942b921927->84f9c2c4-73f2-4ad7-b9a8-3f333e5b0e84: Failed appendEntries: org.apache.ratis.thirdparty.io.grpc.StatusRuntimeException: UNAVAILABLE: io exception
2019-09-04 03:25:38,366 [grpc-default-executor-7] INFO  impl.FollowerInfo (FollowerInfo.java:lambda$new$0(50)) - 3895fe08-5e04-46ac-ae6d-2b942b921927->524a4774-666f-452c-9a20-e87fa1e4f616: nextIndex: updateUnconditionally 5 -> 4
2019-09-04 03:25:38,372 [grpc-default-executor-8] INFO  impl.FollowerInfo (FollowerInfo.java:lambda$new$0(50)) - 3895fe08-5e04-46ac-ae6d-2b942b921927->84f9c2c4-73f2-4ad7-b9a8-3f333e5b0e84: nextIndex: updateUnconditionally 8 -> 7
2019-09-04 03:25:39,057 | INFO  | SCMAudit | user=jenkins1000 | ip=192.168.69.105 | op=SEND_HEARTBEAT {datanodeUUID=3bf639f6-5176-4655-a6a8-540014321443, command=[]} | ret=SUCCESS |  
2019-09-04 03:25:39,292 [Thread-854] INFO  impl.FollowerState (FollowerState.java:run(106)) - 3bf639f6-5176-4655-a6a8-540014321443:group-BC7EC6C0BAA3 changes to CANDIDATE, lastRpcTime:5427, electionTimeout:5060ms
2019-09-04 03:25:39,293 [Thread-854] INFO  impl.RoleInfo (RoleInfo.java:shutdownFollowerState(121)) - 3bf639f6-5176-4655-a6a8-540014321443: shutdown FollowerState
2019-09-04 03:25:39,293 [Thread-854] INFO  impl.RaftServerImpl (RaftServerImpl.java:setRole(171)) - 3bf639f6-5176-4655-a6a8-540014321443:group-BC7EC6C0BAA3 changes role from FOLLOWER to CANDIDATE at term 1 for changeToCandidate
2019-09-04 03:25:39,293 [Thread-854] INFO  impl.RoleInfo (RoleInfo.java:updateAndGet(143)) - 3bf639f6-5176-4655-a6a8-540014321443: start LeaderElection
2019-09-04 03:25:39,296 [3bf639f6-5176-4655-a6a8-540014321443:group-BC7EC6C0BAA3:LeaderElection27] INFO  impl.RaftServerImpl (ServerState.java:setLeader(263)) - 3bf639f6-5176-4655-a6a8-540014321443:group-BC7EC6C0BAA3 change Leader from 50a57ad1-8537-401a-9ef5-5731af50f432 to null at term 1 for initElection
2019-09-04 03:25:39,314 [3bf639f6-5176-4655-a6a8-540014321443:group-BC7EC6C0BAA3:LeaderElection27] INFO  impl.LeaderElection (LeaderElection.java:askForVotes(181)) - 3bf639f6-5176-4655-a6a8-540014321443:group-BC7EC6C0BAA3:LeaderElection27: begin an election at term 2 for 0: [5874772f-8d83-4395-aefd-8b53e7bb01f4:192.168.69.105:36739, 3bf639f6-5176-4655-a6a8-540014321443:192.168.69.105:43577, 50a57ad1-8537-401a-9ef5-5731af50f432:192.168.69.105:39317], old=null
2019-09-04 03:25:39,328 [3bf639f6-5176-4655-a6a8-540014321443:group-BC7EC6C0BAA3:LeaderElection27] INFO  impl.LeaderElection (LogUtils.java:infoOrTrace(149)) - 3bf639f6-5176-4655-a6a8-540014321443:group-BC7EC6C0BAA3:LeaderElection27 got exception when requesting votes: {}
java.util.concurrent.ExecutionException: org.apache.ratis.thirdparty.io.grpc.StatusRuntimeException: UNAVAILABLE: io exception
	at java.util.concurrent.FutureTask.report(FutureTask.java:122)
	at java.util.concurrent.FutureTask.get(FutureTask.java:192)
	at org.apache.ratis.server.impl.LeaderElection.waitForResults(LeaderElection.java:262)
	at org.apache.ratis.server.impl.LeaderElection.askForVotes(LeaderElection.java:200)
	at org.apache.ratis.server.impl.LeaderElection.run(LeaderElection.java:130)
	at java.lang.Thread.run(Thread.java:748)
Caused by: org.apache.ratis.thirdparty.io.grpc.StatusRuntimeException: UNAVAILABLE: io exception
	at org.apache.ratis.thirdparty.io.grpc.stub.ClientCalls.toStatusRuntimeException(ClientCalls.java:233)
	at org.apache.ratis.thirdparty.io.grpc.stub.ClientCalls.getUnchecked(ClientCalls.java:214)
	at org.apache.ratis.thirdparty.io.grpc.stub.ClientCalls.blockingUnaryCall(ClientCalls.java:139)
	at org.apache.ratis.proto.grpc.RaftServerProtocolServiceGrpc$RaftServerProtocolServiceBlockingStub.requestVote(RaftServerProtocolServiceGrpc.java:265)
	at org.apache.ratis.grpc.server.GrpcServerProtocolClient.requestVote(GrpcServerProtocolClient.java:83)
	at org.apache.ratis.grpc.server.GrpcService.requestVote(GrpcService.java:195)
	at org.apache.ratis.server.impl.LeaderElection.lambda$submitRequests$1(LeaderElection.java:237)
	at java.util.concurrent.FutureTask.run(FutureTask.java:266)
	at java.util.concurrent.Executors$RunnableAdapter.call(Executors.java:511)
	at java.util.concurrent.FutureTask.run(FutureTask.java:266)
	at java.util.concurrent.ThreadPoolExecutor.runWorker(ThreadPoolExecutor.java:1149)
	at java.util.concurrent.ThreadPoolExecutor$Worker.run(ThreadPoolExecutor.java:624)
	... 1 more
Caused by: org.apache.ratis.thirdparty.io.netty.channel.AbstractChannel$AnnotatedConnectException: Connection refused: /192.168.69.105:39317
	at sun.nio.ch.SocketChannelImpl.checkConnect(Native Method)
	at sun.nio.ch.SocketChannelImpl.finishConnect(SocketChannelImpl.java:717)
	at org.apache.ratis.thirdparty.io.netty.channel.socket.nio.NioSocketChannel.doFinishConnect(NioSocketChannel.java:327)
	at org.apache.ratis.thirdparty.io.netty.channel.nio.AbstractNioChannel$AbstractNioUnsafe.finishConnect(AbstractNioChannel.java:340)
	at org.apache.ratis.thirdparty.io.netty.channel.nio.NioEventLoop.processSelectedKey(NioEventLoop.java:632)
	at org.apache.ratis.thirdparty.io.netty.channel.nio.NioEventLoop.processSelectedKeysOptimized(NioEventLoop.java:579)
	at org.apache.ratis.thirdparty.io.netty.channel.nio.NioEventLoop.processSelectedKeys(NioEventLoop.java:496)
	at org.apache.ratis.thirdparty.io.netty.channel.nio.NioEventLoop.run(NioEventLoop.java:458)
	at org.apache.ratis.thirdparty.io.netty.util.concurrent.SingleThreadEventExecutor$5.run(SingleThreadEventExecutor.java:897)
	at org.apache.ratis.thirdparty.io.netty.util.concurrent.FastThreadLocalRunnable.run(FastThreadLocalRunnable.java:30)
	... 1 more
Caused by: java.net.ConnectException: Connection refused
	... 11 more
2019-09-04 03:25:39,330 [3bf639f6-5176-4655-a6a8-540014321443:group-BC7EC6C0BAA3:LeaderElection27] INFO  impl.LeaderElection (LogUtils.java:infoOrTrace(149)) - 3bf639f6-5176-4655-a6a8-540014321443:group-BC7EC6C0BAA3:LeaderElection27 got exception when requesting votes: {}
java.util.concurrent.ExecutionException: org.apache.ratis.thirdparty.io.grpc.StatusRuntimeException: UNAVAILABLE: io exception
	at java.util.concurrent.FutureTask.report(FutureTask.java:122)
	at java.util.concurrent.FutureTask.get(FutureTask.java:192)
	at org.apache.ratis.server.impl.LeaderElection.waitForResults(LeaderElection.java:262)
	at org.apache.ratis.server.impl.LeaderElection.askForVotes(LeaderElection.java:200)
	at org.apache.ratis.server.impl.LeaderElection.run(LeaderElection.java:130)
	at java.lang.Thread.run(Thread.java:748)
Caused by: org.apache.ratis.thirdparty.io.grpc.StatusRuntimeException: UNAVAILABLE: io exception
	at org.apache.ratis.thirdparty.io.grpc.stub.ClientCalls.toStatusRuntimeException(ClientCalls.java:233)
	at org.apache.ratis.thirdparty.io.grpc.stub.ClientCalls.getUnchecked(ClientCalls.java:214)
	at org.apache.ratis.thirdparty.io.grpc.stub.ClientCalls.blockingUnaryCall(ClientCalls.java:139)
	at org.apache.ratis.proto.grpc.RaftServerProtocolServiceGrpc$RaftServerProtocolServiceBlockingStub.requestVote(RaftServerProtocolServiceGrpc.java:265)
	at org.apache.ratis.grpc.server.GrpcServerProtocolClient.requestVote(GrpcServerProtocolClient.java:83)
	at org.apache.ratis.grpc.server.GrpcService.requestVote(GrpcService.java:195)
	at org.apache.ratis.server.impl.LeaderElection.lambda$submitRequests$1(LeaderElection.java:237)
	at java.util.concurrent.FutureTask.run(FutureTask.java:266)
	at java.util.concurrent.Executors$RunnableAdapter.call(Executors.java:511)
	at java.util.concurrent.FutureTask.run(FutureTask.java:266)
	at java.util.concurrent.ThreadPoolExecutor.runWorker(ThreadPoolExecutor.java:1149)
	at java.util.concurrent.ThreadPoolExecutor$Worker.run(ThreadPoolExecutor.java:624)
	... 1 more
Caused by: org.apache.ratis.thirdparty.io.netty.channel.AbstractChannel$AnnotatedConnectException: Connection refused: /192.168.69.105:36739
	at sun.nio.ch.SocketChannelImpl.checkConnect(Native Method)
	at sun.nio.ch.SocketChannelImpl.finishConnect(SocketChannelImpl.java:717)
	at org.apache.ratis.thirdparty.io.netty.channel.socket.nio.NioSocketChannel.doFinishConnect(NioSocketChannel.java:327)
	at org.apache.ratis.thirdparty.io.netty.channel.nio.AbstractNioChannel$AbstractNioUnsafe.finishConnect(AbstractNioChannel.java:340)
	at org.apache.ratis.thirdparty.io.netty.channel.nio.NioEventLoop.processSelectedKey(NioEventLoop.java:632)
	at org.apache.ratis.thirdparty.io.netty.channel.nio.NioEventLoop.processSelectedKeysOptimized(NioEventLoop.java:579)
	at org.apache.ratis.thirdparty.io.netty.channel.nio.NioEventLoop.processSelectedKeys(NioEventLoop.java:496)
	at org.apache.ratis.thirdparty.io.netty.channel.nio.NioEventLoop.run(NioEventLoop.java:458)
	at org.apache.ratis.thirdparty.io.netty.util.concurrent.SingleThreadEventExecutor$5.run(SingleThreadEventExecutor.java:897)
	at org.apache.ratis.thirdparty.io.netty.util.concurrent.FastThreadLocalRunnable.run(FastThreadLocalRunnable.java:30)
	... 1 more
Caused by: java.net.ConnectException: Connection refused
	... 11 more
2019-09-04 03:25:39,332 [3bf639f6-5176-4655-a6a8-540014321443:group-BC7EC6C0BAA3:LeaderElection27] INFO  impl.LeaderElection (LeaderElection.java:logAndReturn(56)) - 3bf639f6-5176-4655-a6a8-540014321443:group-BC7EC6C0BAA3:LeaderElection27: Election REJECTED; received 0 response(s) [] and 2 exception(s); 3bf639f6-5176-4655-a6a8-540014321443:t2, leader=null, voted=3bf639f6-5176-4655-a6a8-540014321443, raftlog=3bf639f6-5176-4655-a6a8-540014321443-SegmentedRaftLog:OPENED:c0,f0,i0, conf=0: [5874772f-8d83-4395-aefd-8b53e7bb01f4:192.168.69.105:36739, 3bf639f6-5176-4655-a6a8-540014321443:192.168.69.105:43577, 50a57ad1-8537-401a-9ef5-5731af50f432:192.168.69.105:39317], old=null
2019-09-04 03:25:39,332 [3bf639f6-5176-4655-a6a8-540014321443:group-BC7EC6C0BAA3:LeaderElection27] INFO  impl.LeaderElection (LogUtils.java:infoOrTrace(149)) -   Exception 0: {}
java.util.concurrent.ExecutionException: org.apache.ratis.thirdparty.io.grpc.StatusRuntimeException: UNAVAILABLE: io exception
	at java.util.concurrent.FutureTask.report(FutureTask.java:122)
	at java.util.concurrent.FutureTask.get(FutureTask.java:192)
	at org.apache.ratis.server.impl.LeaderElection.waitForResults(LeaderElection.java:262)
	at org.apache.ratis.server.impl.LeaderElection.askForVotes(LeaderElection.java:200)
	at org.apache.ratis.server.impl.LeaderElection.run(LeaderElection.java:130)
	at java.lang.Thread.run(Thread.java:748)
Caused by: org.apache.ratis.thirdparty.io.grpc.StatusRuntimeException: UNAVAILABLE: io exception
	at org.apache.ratis.thirdparty.io.grpc.stub.ClientCalls.toStatusRuntimeException(ClientCalls.java:233)
	at org.apache.ratis.thirdparty.io.grpc.stub.ClientCalls.getUnchecked(ClientCalls.java:214)
	at org.apache.ratis.thirdparty.io.grpc.stub.ClientCalls.blockingUnaryCall(ClientCalls.java:139)
	at org.apache.ratis.proto.grpc.RaftServerProtocolServiceGrpc$RaftServerProtocolServiceBlockingStub.requestVote(RaftServerProtocolServiceGrpc.java:265)
	at org.apache.ratis.grpc.server.GrpcServerProtocolClient.requestVote(GrpcServerProtocolClient.java:83)
	at org.apache.ratis.grpc.server.GrpcService.requestVote(GrpcService.java:195)
	at org.apache.ratis.server.impl.LeaderElection.lambda$submitRequests$1(LeaderElection.java:237)
	at java.util.concurrent.FutureTask.run(FutureTask.java:266)
	at java.util.concurrent.Executors$RunnableAdapter.call(Executors.java:511)
	at java.util.concurrent.FutureTask.run(FutureTask.java:266)
	at java.util.concurrent.ThreadPoolExecutor.runWorker(ThreadPoolExecutor.java:1149)
	at java.util.concurrent.ThreadPoolExecutor$Worker.run(ThreadPoolExecutor.java:624)
	... 1 more
Caused by: org.apache.ratis.thirdparty.io.netty.channel.AbstractChannel$AnnotatedConnectException: Connection refused: /192.168.69.105:39317
	at sun.nio.ch.SocketChannelImpl.checkConnect(Native Method)
	at sun.nio.ch.SocketChannelImpl.finishConnect(SocketChannelImpl.java:717)
	at org.apache.ratis.thirdparty.io.netty.channel.socket.nio.NioSocketChannel.doFinishConnect(NioSocketChannel.java:327)
	at org.apache.ratis.thirdparty.io.netty.channel.nio.AbstractNioChannel$AbstractNioUnsafe.finishConnect(AbstractNioChannel.java:340)
	at org.apache.ratis.thirdparty.io.netty.channel.nio.NioEventLoop.processSelectedKey(NioEventLoop.java:632)
	at org.apache.ratis.thirdparty.io.netty.channel.nio.NioEventLoop.processSelectedKeysOptimized(NioEventLoop.java:579)
	at org.apache.ratis.thirdparty.io.netty.channel.nio.NioEventLoop.processSelectedKeys(NioEventLoop.java:496)
	at org.apache.ratis.thirdparty.io.netty.channel.nio.NioEventLoop.run(NioEventLoop.java:458)
	at org.apache.ratis.thirdparty.io.netty.util.concurrent.SingleThreadEventExecutor$5.run(SingleThreadEventExecutor.java:897)
	at org.apache.ratis.thirdparty.io.netty.util.concurrent.FastThreadLocalRunnable.run(FastThreadLocalRunnable.java:30)
	... 1 more
Caused by: java.net.ConnectException: Connection refused
	... 11 more
2019-09-04 03:25:39,332 [3bf639f6-5176-4655-a6a8-540014321443:group-BC7EC6C0BAA3:LeaderElection27] INFO  impl.LeaderElection (LogUtils.java:infoOrTrace(149)) -   Exception 1: {}
java.util.concurrent.ExecutionException: org.apache.ratis.thirdparty.io.grpc.StatusRuntimeException: UNAVAILABLE: io exception
	at java.util.concurrent.FutureTask.report(FutureTask.java:122)
	at java.util.concurrent.FutureTask.get(FutureTask.java:192)
	at org.apache.ratis.server.impl.LeaderElection.waitForResults(LeaderElection.java:262)
	at org.apache.ratis.server.impl.LeaderElection.askForVotes(LeaderElection.java:200)
	at org.apache.ratis.server.impl.LeaderElection.run(LeaderElection.java:130)
	at java.lang.Thread.run(Thread.java:748)
Caused by: org.apache.ratis.thirdparty.io.grpc.StatusRuntimeException: UNAVAILABLE: io exception
	at org.apache.ratis.thirdparty.io.grpc.stub.ClientCalls.toStatusRuntimeException(ClientCalls.java:233)
	at org.apache.ratis.thirdparty.io.grpc.stub.ClientCalls.getUnchecked(ClientCalls.java:214)
	at org.apache.ratis.thirdparty.io.grpc.stub.ClientCalls.blockingUnaryCall(ClientCalls.java:139)
	at org.apache.ratis.proto.grpc.RaftServerProtocolServiceGrpc$RaftServerProtocolServiceBlockingStub.requestVote(RaftServerProtocolServiceGrpc.java:265)
	at org.apache.ratis.grpc.server.GrpcServerProtocolClient.requestVote(GrpcServerProtocolClient.java:83)
	at org.apache.ratis.grpc.server.GrpcService.requestVote(GrpcService.java:195)
	at org.apache.ratis.server.impl.LeaderElection.lambda$submitRequests$1(LeaderElection.java:237)
	at java.util.concurrent.FutureTask.run(FutureTask.java:266)
	at java.util.concurrent.Executors$RunnableAdapter.call(Executors.java:511)
	at java.util.concurrent.FutureTask.run(FutureTask.java:266)
	at java.util.concurrent.ThreadPoolExecutor.runWorker(ThreadPoolExecutor.java:1149)
	at java.util.concurrent.ThreadPoolExecutor$Worker.run(ThreadPoolExecutor.java:624)
	... 1 more
Caused by: org.apache.ratis.thirdparty.io.netty.channel.AbstractChannel$AnnotatedConnectException: Connection refused: /192.168.69.105:36739
	at sun.nio.ch.SocketChannelImpl.checkConnect(Native Method)
	at sun.nio.ch.SocketChannelImpl.finishConnect(SocketChannelImpl.java:717)
	at org.apache.ratis.thirdparty.io.netty.channel.socket.nio.NioSocketChannel.doFinishConnect(NioSocketChannel.java:327)
	at org.apache.ratis.thirdparty.io.netty.channel.nio.AbstractNioChannel$AbstractNioUnsafe.finishConnect(AbstractNioChannel.java:340)
	at org.apache.ratis.thirdparty.io.netty.channel.nio.NioEventLoop.processSelectedKey(NioEventLoop.java:632)
	at org.apache.ratis.thirdparty.io.netty.channel.nio.NioEventLoop.processSelectedKeysOptimized(NioEventLoop.java:579)
	at org.apache.ratis.thirdparty.io.netty.channel.nio.NioEventLoop.processSelectedKeys(NioEventLoop.java:496)
	at org.apache.ratis.thirdparty.io.netty.channel.nio.NioEventLoop.run(NioEventLoop.java:458)
	at org.apache.ratis.thirdparty.io.netty.util.concurrent.SingleThreadEventExecutor$5.run(SingleThreadEventExecutor.java:897)
	at org.apache.ratis.thirdparty.io.netty.util.concurrent.FastThreadLocalRunnable.run(FastThreadLocalRunnable.java:30)
	... 1 more
Caused by: java.net.ConnectException: Connection refused
	... 11 more
2019-09-04 03:25:39,333 [3bf639f6-5176-4655-a6a8-540014321443:group-BC7EC6C0BAA3:LeaderElection27] INFO  impl.RaftServerImpl (RaftServerImpl.java:setRole(171)) - 3bf639f6-5176-4655-a6a8-540014321443:group-BC7EC6C0BAA3 changes role from CANDIDATE to FOLLOWER at term 2 for DISCOVERED_A_NEW_TERM
2019-09-04 03:25:39,333 [3bf639f6-5176-4655-a6a8-540014321443:group-BC7EC6C0BAA3:LeaderElection27] INFO  impl.RoleInfo (RoleInfo.java:shutdownLeaderElection(134)) - 3bf639f6-5176-4655-a6a8-540014321443: shutdown LeaderElection
2019-09-04 03:25:39,333 [3bf639f6-5176-4655-a6a8-540014321443:group-BC7EC6C0BAA3:LeaderElection27] INFO  impl.RoleInfo (RoleInfo.java:updateAndGet(143)) - 3bf639f6-5176-4655-a6a8-540014321443: start FollowerState
2019-09-04 03:25:40,057 | INFO  | SCMAudit | user=jenkins1000 | ip=192.168.69.105 | op=SEND_HEARTBEAT {datanodeUUID=3bf639f6-5176-4655-a6a8-540014321443, command=[]} | ret=SUCCESS |  
2019-09-04 03:25:40,818 [main] INFO  ozoneimpl.OzoneContainer (OzoneContainer.java:stop(199)) - Attempting to stop container services.
2019-09-04 03:25:40,819 [main] INFO  impl.RaftServerProxy (RaftServerProxy.java:lambda$close$4(314)) - 6b521d90-43c4-4267-a955-3154b8383673: close
2019-09-04 03:25:40,820 [main] INFO  impl.RaftServerImpl (RaftServerImpl.java:lambda$shutdown$3(245)) - 6b521d90-43c4-4267-a955-3154b8383673: shutdown group-E2D9443C4EFD
2019-09-04 03:25:40,820 [main] INFO  util.JmxRegister (JmxRegister.java:unregister(73)) - Successfully un-registered JMX Bean with object name Ratis:service=RaftServer,group=group-E2D9443C4EFD,id=6b521d90-43c4-4267-a955-3154b8383673
2019-09-04 03:25:40,821 [main] INFO  impl.RoleInfo (RoleInfo.java:shutdownLeaderState(104)) - 6b521d90-43c4-4267-a955-3154b8383673: shutdown LeaderState
2019-09-04 03:25:40,821 [main] INFO  impl.PendingRequests (PendingRequests.java:sendNotLeaderResponses(202)) - 6b521d90-43c4-4267-a955-3154b8383673-PendingRequests: sendNotLeaderResponses
2019-09-04 03:25:40,822 [main] INFO  impl.StateMachineUpdater (StateMachineUpdater.java:stopAndJoin(115)) - StateMachineUpdater:6b521d90-43c4-4267-a955-3154b8383673:group-E2D9443C4EFD: set stopIndex = 0
2019-09-04 03:25:40,822 [main] INFO  impl.RaftServerImpl (ServerState.java:close(394)) - 6b521d90-43c4-4267-a955-3154b8383673:group-E2D9443C4EFD closes. The last applied log index is 0
2019-09-04 03:25:40,823 [6b521d90-43c4-4267-a955-3154b8383673-SegmentedRaftLogWorker:Storage Directory /workdir/hadoop-ozone/integration-test/target/test-dir/MiniOzoneClusterImpl-73aa9163-49e3-40ac-b180-0c4b940e9410/datanode-6/data/ratis/e5e33504-44b1-4d6d-99e5-e2d9443c4efd] INFO  segmented.SegmentedRaftLogWorker (SegmentedRaftLogWorker.java:run(313)) - 6b521d90-43c4-4267-a955-3154b8383673-SegmentedRaftLogWorker:Storage Directory /workdir/hadoop-ozone/integration-test/target/test-dir/MiniOzoneClusterImpl-73aa9163-49e3-40ac-b180-0c4b940e9410/datanode-6/data/ratis/e5e33504-44b1-4d6d-99e5-e2d9443c4efd was interrupted, exiting. There are 0 tasks remaining in the queue.
2019-09-04 03:25:40,825 [main] INFO  segmented.SegmentedRaftLogWorker (SegmentedRaftLogWorker.java:close(228)) - 6b521d90-43c4-4267-a955-3154b8383673-SegmentedRaftLogWorker:Storage Directory /workdir/hadoop-ozone/integration-test/target/test-dir/MiniOzoneClusterImpl-73aa9163-49e3-40ac-b180-0c4b940e9410/datanode-6/data/ratis/e5e33504-44b1-4d6d-99e5-e2d9443c4efd close()
2019-09-04 03:25:40,826 [main] INFO  server.GrpcService (GrpcService.java:closeImpl(155)) - 6b521d90-43c4-4267-a955-3154b8383673: shutdown server with port 44494 now
2019-09-04 03:25:40,828 [main] INFO  server.GrpcService (GrpcService.java:closeImpl(163)) - 6b521d90-43c4-4267-a955-3154b8383673: shutdown server with port 44494 successfully
2019-09-04 03:25:40,829 [main] INFO  utils.BackgroundService (BackgroundService.java:shutdown(148)) - Shutting down service BlockDeletingService
2019-09-04 03:25:40,832 [refreshUsed-/workdir/hadoop-ozone/integration-test/target/test-dir/MiniOzoneClusterImpl-73aa9163-49e3-40ac-b180-0c4b940e9410/datanode-6/data/containers] WARN  fs.CachingGetSpaceUsed (CachingGetSpaceUsed.java:run(183)) - Thread Interrupted waiting to refresh disk information: sleep interrupted
2019-09-04 03:25:40,852 [main] INFO  statemachine.DatanodeStateMachine (DatanodeStateMachine.java:stopDaemon(395)) - Ozone container server stopped.
2019-09-04 03:25:40,854 [main] INFO  handler.ContextHandler (ContextHandler.java:doStop(910)) - Stopped o.e.j.w.WebAppContext@5dba3fdc{/,null,UNAVAILABLE}{/hddsDatanode}
2019-09-04 03:25:40,854 [main] INFO  server.AbstractConnector (AbstractConnector.java:doStop(318)) - Stopped ServerConnector@bea5941{HTTP/1.1,[http/1.1]}{0.0.0.0:0}
2019-09-04 03:25:40,855 [main] INFO  handler.ContextHandler (ContextHandler.java:doStop(910)) - Stopped o.e.j.s.ServletContextHandler@6a7aa675{/static,jar:file:/home/user/.m2/repository/org/apache/hadoop/hadoop-hdds-container-service/0.5.0-SNAPSHOT/hadoop-hdds-container-service-0.5.0-SNAPSHOT.jar!/webapps/static,UNAVAILABLE}
2019-09-04 03:25:40,855 [main] INFO  handler.ContextHandler (ContextHandler.java:doStop(910)) - Stopped o.e.j.s.ServletContextHandler@66dd04e2{/logs,file:///workdir/hadoop-ozone/integration-test/target/log,UNAVAILABLE}
2019-09-04 03:25:40,856 [main] INFO  datanode.ObjectStoreHandler (ObjectStoreHandler.java:close(155)) - Closing ObjectStoreHandler.
2019-09-04 03:25:40,857 [main] INFO  ozone.HddsDatanodeService (HddsDatanodeService.java:stop(451)) - Stopped plug-in org.apache.hadoop.ozone.web.OzoneHddsDatanodeService@70ce2fb2
2019-09-04 03:25:40,863 [grpc-default-executor-4] WARN  server.GrpcLogAppender (LogUtils.java:warn(134)) - 3895fe08-5e04-46ac-ae6d-2b942b921927->524a4774-666f-452c-9a20-e87fa1e4f616: Failed appendEntries: org.apache.ratis.thirdparty.io.grpc.StatusRuntimeException: UNAVAILABLE: io exception
2019-09-04 03:25:40,863 [grpc-default-executor-7] WARN  server.GrpcLogAppender (LogUtils.java:warn(134)) - 3895fe08-5e04-46ac-ae6d-2b942b921927->84f9c2c4-73f2-4ad7-b9a8-3f333e5b0e84: Failed appendEntries: org.apache.ratis.thirdparty.io.grpc.StatusRuntimeException: UNAVAILABLE: io exception
2019-09-04 03:25:40,864 [grpc-default-executor-4] INFO  impl.FollowerInfo (FollowerInfo.java:lambda$new$0(50)) - 3895fe08-5e04-46ac-ae6d-2b942b921927->524a4774-666f-452c-9a20-e87fa1e4f616: nextIndex: updateUnconditionally 4 -> 3
2019-09-04 03:25:40,866 [grpc-default-executor-7] INFO  impl.FollowerInfo (FollowerInfo.java:lambda$new$0(50)) - 3895fe08-5e04-46ac-ae6d-2b942b921927->84f9c2c4-73f2-4ad7-b9a8-3f333e5b0e84: nextIndex: updateUnconditionally 7 -> 6
2019-09-04 03:25:41,035 [ForkJoinPool.commonPool-worker-1] INFO  ozoneimpl.OzoneContainer (OzoneContainer.java:stop(199)) - Attempting to stop container services.
2019-09-04 03:25:41,035 [ForkJoinPool.commonPool-worker-1] INFO  impl.RaftServerProxy (RaftServerProxy.java:lambda$close$4(314)) - 3895fe08-5e04-46ac-ae6d-2b942b921927: close
2019-09-04 03:25:41,036 [ForkJoinPool.commonPool-worker-1] INFO  impl.RaftServerImpl (RaftServerImpl.java:lambda$shutdown$3(245)) - 3895fe08-5e04-46ac-ae6d-2b942b921927: shutdown group-D4A7FB87161D
2019-09-04 03:25:41,036 [ForkJoinPool.commonPool-worker-1] INFO  util.JmxRegister (JmxRegister.java:unregister(73)) - Successfully un-registered JMX Bean with object name Ratis:service=RaftServer,group=group-D4A7FB87161D,id=3895fe08-5e04-46ac-ae6d-2b942b921927
2019-09-04 03:25:41,036 [ForkJoinPool.commonPool-worker-1] INFO  impl.RoleInfo (RoleInfo.java:shutdownLeaderState(104)) - 3895fe08-5e04-46ac-ae6d-2b942b921927: shutdown LeaderState
2019-09-04 03:25:41,037 [ForkJoinPool.commonPool-worker-1] INFO  impl.PendingRequests (PendingRequests.java:sendNotLeaderResponses(202)) - 3895fe08-5e04-46ac-ae6d-2b942b921927-PendingRequests: sendNotLeaderResponses
2019-09-04 03:25:41,037 [ForkJoinPool.commonPool-worker-1] INFO  impl.StateMachineUpdater (StateMachineUpdater.java:stopAndJoin(115)) - StateMachineUpdater:3895fe08-5e04-46ac-ae6d-2b942b921927:group-D4A7FB87161D: set stopIndex = 0
2019-09-04 03:25:41,037 [ForkJoinPool.commonPool-worker-1] INFO  impl.RaftServerImpl (ServerState.java:close(394)) - 3895fe08-5e04-46ac-ae6d-2b942b921927:group-D4A7FB87161D closes. The last applied log index is 0
2019-09-04 03:25:41,038 [3895fe08-5e04-46ac-ae6d-2b942b921927-SegmentedRaftLogWorker:Storage Directory /workdir/hadoop-ozone/integration-test/target/test-dir/MiniOzoneClusterImpl-73aa9163-49e3-40ac-b180-0c4b940e9410/datanode-0/data/ratis/9c84e275-54ca-46f4-ac40-d4a7fb87161d] INFO  segmented.SegmentedRaftLogWorker (SegmentedRaftLogWorker.java:run(313)) - 3895fe08-5e04-46ac-ae6d-2b942b921927-SegmentedRaftLogWorker:Storage Directory /workdir/hadoop-ozone/integration-test/target/test-dir/MiniOzoneClusterImpl-73aa9163-49e3-40ac-b180-0c4b940e9410/datanode-0/data/ratis/9c84e275-54ca-46f4-ac40-d4a7fb87161d was interrupted, exiting. There are 0 tasks remaining in the queue.
2019-09-04 03:25:41,039 [ForkJoinPool.commonPool-worker-1] INFO  segmented.SegmentedRaftLogWorker (SegmentedRaftLogWorker.java:close(228)) - 3895fe08-5e04-46ac-ae6d-2b942b921927-SegmentedRaftLogWorker:Storage Directory /workdir/hadoop-ozone/integration-test/target/test-dir/MiniOzoneClusterImpl-73aa9163-49e3-40ac-b180-0c4b940e9410/datanode-0/data/ratis/9c84e275-54ca-46f4-ac40-d4a7fb87161d close()
2019-09-04 03:25:41,043 [ForkJoinPool.commonPool-worker-1] INFO  impl.RaftServerImpl (RaftServerImpl.java:lambda$shutdown$3(245)) - 3895fe08-5e04-46ac-ae6d-2b942b921927: shutdown group-002EB6C1B0CF
2019-09-04 03:25:41,043 [ForkJoinPool.commonPool-worker-1] INFO  util.JmxRegister (JmxRegister.java:unregister(73)) - Successfully un-registered JMX Bean with object name Ratis:service=RaftServer,group=group-002EB6C1B0CF,id=3895fe08-5e04-46ac-ae6d-2b942b921927
2019-09-04 03:25:41,044 [ForkJoinPool.commonPool-worker-1] INFO  impl.RoleInfo (RoleInfo.java:shutdownLeaderState(104)) - 3895fe08-5e04-46ac-ae6d-2b942b921927: shutdown LeaderState
2019-09-04 03:25:41,046 [ForkJoinPool.commonPool-worker-1] INFO  impl.PendingRequests (PendingRequests.java:sendNotLeaderResponses(202)) - 3895fe08-5e04-46ac-ae6d-2b942b921927-PendingRequests: sendNotLeaderResponses
2019-09-04 03:25:41,046 [org.apache.ratis.server.impl.LogAppender$AppenderDaemon$$Lambda$480/934584112@44d545eb] WARN  server.GrpcLogAppender (GrpcLogAppender.java:mayWait(143)) - GrpcLogAppender(3895fe08-5e04-46ac-ae6d-2b942b921927->84f9c2c4-73f2-4ad7-b9a8-3f333e5b0e84): Wait interrupted by java.lang.InterruptedException
2019-09-04 03:25:41,046 [org.apache.ratis.server.impl.LogAppender$AppenderDaemon$$Lambda$480/934584112@1d7cbb5] WARN  server.GrpcLogAppender (GrpcLogAppender.java:mayWait(143)) - GrpcLogAppender(3895fe08-5e04-46ac-ae6d-2b942b921927->524a4774-666f-452c-9a20-e87fa1e4f616): Wait interrupted by java.lang.InterruptedException
2019-09-04 03:25:41,047 [ForkJoinPool.commonPool-worker-1] INFO  impl.StateMachineUpdater (StateMachineUpdater.java:stopAndJoin(115)) - StateMachineUpdater:3895fe08-5e04-46ac-ae6d-2b942b921927:group-002EB6C1B0CF: set stopIndex = 8
2019-09-04 03:25:41,048 [StateMachineUpdater:3895fe08-5e04-46ac-ae6d-2b942b921927:group-002EB6C1B0CF] INFO  ratis.ContainerStateMachine (ContainerStateMachine.java:takeSnapshot(283)) - group-002EB6C1B0CF: Taking a snapshot at:(t:1, i:6) file /workdir/hadoop-ozone/integration-test/target/test-dir/MiniOzoneClusterImpl-73aa9163-49e3-40ac-b180-0c4b940e9410/datanode-0/data/ratis/a3b992b1-d860-45d5-bf9a-002eb6c1b0cf/sm/snapshot.1_6
2019-09-04 03:25:41,056 [Datanode State Machine Thread - 0] INFO  statemachine.DatanodeStateMachine (DatanodeStateMachine.java:lambda$startDaemon$0(350)) - Ozone container server started.
2019-09-04 03:25:41,073 [StateMachineUpdater:3895fe08-5e04-46ac-ae6d-2b942b921927:group-002EB6C1B0CF] INFO  ratis.ContainerStateMachine (ContainerStateMachine.java:takeSnapshot(294)) - group-002EB6C1B0CF: Finished taking a snapshot at:(t:1, i:6) file:/workdir/hadoop-ozone/integration-test/target/test-dir/MiniOzoneClusterImpl-73aa9163-49e3-40ac-b180-0c4b940e9410/datanode-0/data/ratis/a3b992b1-d860-45d5-bf9a-002eb6c1b0cf/sm/snapshot.1_6 time:25
2019-09-04 03:25:41,073 [StateMachineUpdater:3895fe08-5e04-46ac-ae6d-2b942b921927:group-002EB6C1B0CF] INFO  impl.StateMachineUpdater (StateMachineUpdater.java:takeSnapshot(242)) - StateMachineUpdater:3895fe08-5e04-46ac-ae6d-2b942b921927:group-002EB6C1B0CF: Took a snapshot at index 6
2019-09-04 03:25:41,073 [StateMachineUpdater:3895fe08-5e04-46ac-ae6d-2b942b921927:group-002EB6C1B0CF] INFO  impl.StateMachineUpdater (StateMachineUpdater.java:lambda$new$0(80)) - StateMachineUpdater:3895fe08-5e04-46ac-ae6d-2b942b921927:group-002EB6C1B0CF: snapshotIndex: updateIncreasingly -1 -> 6
2019-09-04 03:25:41,073 [ForkJoinPool.commonPool-worker-1] INFO  impl.RaftServerImpl (ServerState.java:close(394)) - 3895fe08-5e04-46ac-ae6d-2b942b921927:group-002EB6C1B0CF closes. The last applied log index is 8
2019-09-04 03:25:41,074 [3895fe08-5e04-46ac-ae6d-2b942b921927-SegmentedRaftLogWorker:Storage Directory /workdir/hadoop-ozone/integration-test/target/test-dir/MiniOzoneClusterImpl-73aa9163-49e3-40ac-b180-0c4b940e9410/datanode-0/data/ratis/a3b992b1-d860-45d5-bf9a-002eb6c1b0cf] INFO  segmented.SegmentedRaftLogWorker (SegmentedRaftLogWorker.java:run(313)) - 3895fe08-5e04-46ac-ae6d-2b942b921927-SegmentedRaftLogWorker:Storage Directory /workdir/hadoop-ozone/integration-test/target/test-dir/MiniOzoneClusterImpl-73aa9163-49e3-40ac-b180-0c4b940e9410/datanode-0/data/ratis/a3b992b1-d860-45d5-bf9a-002eb6c1b0cf was interrupted, exiting. There are 0 tasks remaining in the queue.
2019-09-04 03:25:41,075 [ForkJoinPool.commonPool-worker-1] INFO  segmented.SegmentedRaftLogWorker (SegmentedRaftLogWorker.java:close(228)) - 3895fe08-5e04-46ac-ae6d-2b942b921927-SegmentedRaftLogWorker:Storage Directory /workdir/hadoop-ozone/integration-test/target/test-dir/MiniOzoneClusterImpl-73aa9163-49e3-40ac-b180-0c4b940e9410/datanode-0/data/ratis/a3b992b1-d860-45d5-bf9a-002eb6c1b0cf close()
2019-09-04 03:25:41,075 [ForkJoinPool.commonPool-worker-1] INFO  server.GrpcService (GrpcService.java:closeImpl(155)) - 3895fe08-5e04-46ac-ae6d-2b942b921927: shutdown server with port 44785 now
2019-09-04 03:25:41,075 [ForkJoinPool.commonPool-worker-1] INFO  server.GrpcService (GrpcService.java:closeImpl(163)) - 3895fe08-5e04-46ac-ae6d-2b942b921927: shutdown server with port 44785 successfully
2019-09-04 03:25:41,077 [ForkJoinPool.commonPool-worker-1] INFO  utils.BackgroundService (BackgroundService.java:shutdown(148)) - Shutting down service BlockDeletingService
2019-09-04 03:25:41,079 [refreshUsed-/workdir/hadoop-ozone/integration-test/target/test-dir/MiniOzoneClusterImpl-73aa9163-49e3-40ac-b180-0c4b940e9410/datanode-0/data/containers] WARN  fs.CachingGetSpaceUsed (CachingGetSpaceUsed.java:run(183)) - Thread Interrupted waiting to refresh disk information: sleep interrupted
2019-09-04 03:25:41,099 [ForkJoinPool.commonPool-worker-1] INFO  statemachine.DatanodeStateMachine (DatanodeStateMachine.java:stopDaemon(395)) - Ozone container server stopped.
2019-09-04 03:25:41,102 [ForkJoinPool.commonPool-worker-1] INFO  handler.ContextHandler (ContextHandler.java:doStop(910)) - Stopped o.e.j.w.WebAppContext@6313b441{/,null,UNAVAILABLE}{/hddsDatanode}
2019-09-04 03:25:41,102 [ForkJoinPool.commonPool-worker-1] INFO  server.AbstractConnector (AbstractConnector.java:doStop(318)) - Stopped ServerConnector@47fa3671{HTTP/1.1,[http/1.1]}{0.0.0.0:0}
2019-09-04 03:25:41,105 [ForkJoinPool.commonPool-worker-1] INFO  handler.ContextHandler (ContextHandler.java:doStop(910)) - Stopped o.e.j.s.ServletContextHandler@17d2b646{/static,jar:file:/home/user/.m2/repository/org/apache/hadoop/hadoop-hdds-container-service/0.5.0-SNAPSHOT/hadoop-hdds-container-service-0.5.0-SNAPSHOT.jar!/webapps/static,UNAVAILABLE}
2019-09-04 03:25:41,106 [ForkJoinPool.commonPool-worker-1] INFO  handler.ContextHandler (ContextHandler.java:doStop(910)) - Stopped o.e.j.s.ServletContextHandler@27502e5c{/logs,file:///workdir/hadoop-ozone/integration-test/target/log,UNAVAILABLE}
2019-09-04 03:25:44,337 [Thread-1760] INFO  impl.FollowerState (FollowerState.java:run(106)) - 3bf639f6-5176-4655-a6a8-540014321443:group-BC7EC6C0BAA3 changes to CANDIDATE, lastRpcTime:5003, electionTimeout:5003ms
2019-09-04 03:25:44,337 [Thread-1760] INFO  impl.RoleInfo (RoleInfo.java:shutdownFollowerState(121)) - 3bf639f6-5176-4655-a6a8-540014321443: shutdown FollowerState
2019-09-04 03:25:44,337 [Thread-1760] INFO  impl.RaftServerImpl (RaftServerImpl.java:setRole(171)) - 3bf639f6-5176-4655-a6a8-540014321443:group-BC7EC6C0BAA3 changes role from FOLLOWER to CANDIDATE at term 2 for changeToCandidate
2019-09-04 03:25:44,337 [Thread-1760] INFO  impl.RoleInfo (RoleInfo.java:updateAndGet(143)) - 3bf639f6-5176-4655-a6a8-540014321443: start LeaderElection
2019-09-04 03:25:44,438 [3bf639f6-5176-4655-a6a8-540014321443:group-BC7EC6C0BAA3:LeaderElection28] INFO  impl.LeaderElection (LeaderElection.java:askForVotes(181)) - 3bf639f6-5176-4655-a6a8-540014321443:group-BC7EC6C0BAA3:LeaderElection28: begin an election at term 3 for 0: [5874772f-8d83-4395-aefd-8b53e7bb01f4:192.168.69.105:36739, 3bf639f6-5176-4655-a6a8-540014321443:192.168.69.105:43577, 50a57ad1-8537-401a-9ef5-5731af50f432:192.168.69.105:39317], old=null
2019-09-04 03:25:44,439 [3bf639f6-5176-4655-a6a8-540014321443:group-BC7EC6C0BAA3:LeaderElection28] INFO  impl.LeaderElection (LogUtils.java:infoOrTrace(149)) - 3bf639f6-5176-4655-a6a8-540014321443:group-BC7EC6C0BAA3:LeaderElection28 got exception when requesting votes: {}
java.util.concurrent.ExecutionException: org.apache.ratis.thirdparty.io.grpc.StatusRuntimeException: UNAVAILABLE: io exception
	at java.util.concurrent.FutureTask.report(FutureTask.java:122)
	at java.util.concurrent.FutureTask.get(FutureTask.java:192)
	at org.apache.ratis.server.impl.LeaderElection.waitForResults(LeaderElection.java:262)
	at org.apache.ratis.server.impl.LeaderElection.askForVotes(LeaderElection.java:200)
	at org.apache.ratis.server.impl.LeaderElection.run(LeaderElection.java:130)
	at java.lang.Thread.run(Thread.java:748)
Caused by: org.apache.ratis.thirdparty.io.grpc.StatusRuntimeException: UNAVAILABLE: io exception
	at org.apache.ratis.thirdparty.io.grpc.stub.ClientCalls.toStatusRuntimeException(ClientCalls.java:233)
	at org.apache.ratis.thirdparty.io.grpc.stub.ClientCalls.getUnchecked(ClientCalls.java:214)
	at org.apache.ratis.thirdparty.io.grpc.stub.ClientCalls.blockingUnaryCall(ClientCalls.java:139)
	at org.apache.ratis.proto.grpc.RaftServerProtocolServiceGrpc$RaftServerProtocolServiceBlockingStub.requestVote(RaftServerProtocolServiceGrpc.java:265)
	at org.apache.ratis.grpc.server.GrpcServerProtocolClient.requestVote(GrpcServerProtocolClient.java:83)
	at org.apache.ratis.grpc.server.GrpcService.requestVote(GrpcService.java:195)
	at org.apache.ratis.server.impl.LeaderElection.lambda$submitRequests$1(LeaderElection.java:237)
	at java.util.concurrent.FutureTask.run(FutureTask.java:266)
	at java.util.concurrent.Executors$RunnableAdapter.call(Executors.java:511)
	at java.util.concurrent.FutureTask.run(FutureTask.java:266)
	at java.util.concurrent.ThreadPoolExecutor.runWorker(ThreadPoolExecutor.java:1149)
	at java.util.concurrent.ThreadPoolExecutor$Worker.run(ThreadPoolExecutor.java:624)
	... 1 more
Caused by: org.apache.ratis.thirdparty.io.netty.channel.AbstractChannel$AnnotatedConnectException: Connection refused: /192.168.69.105:36739
	at sun.nio.ch.SocketChannelImpl.checkConnect(Native Method)
	at sun.nio.ch.SocketChannelImpl.finishConnect(SocketChannelImpl.java:717)
	at org.apache.ratis.thirdparty.io.netty.channel.socket.nio.NioSocketChannel.doFinishConnect(NioSocketChannel.java:327)
	at org.apache.ratis.thirdparty.io.netty.channel.nio.AbstractNioChannel$AbstractNioUnsafe.finishConnect(AbstractNioChannel.java:340)
	at org.apache.ratis.thirdparty.io.netty.channel.nio.NioEventLoop.processSelectedKey(NioEventLoop.java:632)
	at org.apache.ratis.thirdparty.io.netty.channel.nio.NioEventLoop.processSelectedKeysOptimized(NioEventLoop.java:579)
	at org.apache.ratis.thirdparty.io.netty.channel.nio.NioEventLoop.processSelectedKeys(NioEventLoop.java:496)
	at org.apache.ratis.thirdparty.io.netty.channel.nio.NioEventLoop.run(NioEventLoop.java:458)
	at org.apache.ratis.thirdparty.io.netty.util.concurrent.SingleThreadEventExecutor$5.run(SingleThreadEventExecutor.java:897)
	at org.apache.ratis.thirdparty.io.netty.util.concurrent.FastThreadLocalRunnable.run(FastThreadLocalRunnable.java:30)
	... 1 more
Caused by: java.net.ConnectException: Connection refused
	... 11 more
2019-09-04 03:25:44,442 [3bf639f6-5176-4655-a6a8-540014321443:group-BC7EC6C0BAA3:LeaderElection28] INFO  impl.LeaderElection (LogUtils.java:infoOrTrace(149)) - 3bf639f6-5176-4655-a6a8-540014321443:group-BC7EC6C0BAA3:LeaderElection28 got exception when requesting votes: {}
java.util.concurrent.ExecutionException: org.apache.ratis.thirdparty.io.grpc.StatusRuntimeException: UNAVAILABLE: io exception
	at java.util.concurrent.FutureTask.report(FutureTask.java:122)
	at java.util.concurrent.FutureTask.get(FutureTask.java:192)
	at org.apache.ratis.server.impl.LeaderElection.waitForResults(LeaderElection.java:262)
	at org.apache.ratis.server.impl.LeaderElection.askForVotes(LeaderElection.java:200)
	at org.apache.ratis.server.impl.LeaderElection.run(LeaderElection.java:130)
	at java.lang.Thread.run(Thread.java:748)
Caused by: org.apache.ratis.thirdparty.io.grpc.StatusRuntimeException: UNAVAILABLE: io exception
	at org.apache.ratis.thirdparty.io.grpc.stub.ClientCalls.toStatusRuntimeException(ClientCalls.java:233)
	at org.apache.ratis.thirdparty.io.grpc.stub.ClientCalls.getUnchecked(ClientCalls.java:214)
	at org.apache.ratis.thirdparty.io.grpc.stub.ClientCalls.blockingUnaryCall(ClientCalls.java:139)
	at org.apache.ratis.proto.grpc.RaftServerProtocolServiceGrpc$RaftServerProtocolServiceBlockingStub.requestVote(RaftServerProtocolServiceGrpc.java:265)
	at org.apache.ratis.grpc.server.GrpcServerProtocolClient.requestVote(GrpcServerProtocolClient.java:83)
	at org.apache.ratis.grpc.server.GrpcService.requestVote(GrpcService.java:195)
	at org.apache.ratis.server.impl.LeaderElection.lambda$submitRequests$1(LeaderElection.java:237)
	at java.util.concurrent.FutureTask.run(FutureTask.java:266)
	at java.util.concurrent.Executors$RunnableAdapter.call(Executors.java:511)
	at java.util.concurrent.FutureTask.run(FutureTask.java:266)
	at java.util.concurrent.ThreadPoolExecutor.runWorker(ThreadPoolExecutor.java:1149)
	at java.util.concurrent.ThreadPoolExecutor$Worker.run(ThreadPoolExecutor.java:624)
	... 1 more
Caused by: org.apache.ratis.thirdparty.io.netty.channel.AbstractChannel$AnnotatedConnectException: Connection refused: /192.168.69.105:39317
	at sun.nio.ch.SocketChannelImpl.checkConnect(Native Method)
	at sun.nio.ch.SocketChannelImpl.finishConnect(SocketChannelImpl.java:717)
	at org.apache.ratis.thirdparty.io.netty.channel.socket.nio.NioSocketChannel.doFinishConnect(NioSocketChannel.java:327)
	at org.apache.ratis.thirdparty.io.netty.channel.nio.AbstractNioChannel$AbstractNioUnsafe.finishConnect(AbstractNioChannel.java:340)
	at org.apache.ratis.thirdparty.io.netty.channel.nio.NioEventLoop.processSelectedKey(NioEventLoop.java:632)
	at org.apache.ratis.thirdparty.io.netty.channel.nio.NioEventLoop.processSelectedKeysOptimized(NioEventLoop.java:579)
	at org.apache.ratis.thirdparty.io.netty.channel.nio.NioEventLoop.processSelectedKeys(NioEventLoop.java:496)
	at org.apache.ratis.thirdparty.io.netty.channel.nio.NioEventLoop.run(NioEventLoop.java:458)
	at org.apache.ratis.thirdparty.io.netty.util.concurrent.SingleThreadEventExecutor$5.run(SingleThreadEventExecutor.java:897)
	at org.apache.ratis.thirdparty.io.netty.util.concurrent.FastThreadLocalRunnable.run(FastThreadLocalRunnable.java:30)
	... 1 more
Caused by: java.net.ConnectException: Connection refused
	... 11 more
2019-09-04 03:25:44,444 [3bf639f6-5176-4655-a6a8-540014321443:group-BC7EC6C0BAA3:LeaderElection28] INFO  impl.LeaderElection (LeaderElection.java:logAndReturn(56)) - 3bf639f6-5176-4655-a6a8-540014321443:group-BC7EC6C0BAA3:LeaderElection28: Election REJECTED; received 0 response(s) [] and 2 exception(s); 3bf639f6-5176-4655-a6a8-540014321443:t3, leader=null, voted=3bf639f6-5176-4655-a6a8-540014321443, raftlog=3bf639f6-5176-4655-a6a8-540014321443-SegmentedRaftLog:OPENED:c0,f0,i0, conf=0: [5874772f-8d83-4395-aefd-8b53e7bb01f4:192.168.69.105:36739, 3bf639f6-5176-4655-a6a8-540014321443:192.168.69.105:43577, 50a57ad1-8537-401a-9ef5-5731af50f432:192.168.69.105:39317], old=null
2019-09-04 03:25:44,444 [3bf639f6-5176-4655-a6a8-540014321443:group-BC7EC6C0BAA3:LeaderElection28] INFO  impl.LeaderElection (LogUtils.java:infoOrTrace(149)) -   Exception 0: {}
java.util.concurrent.ExecutionException: org.apache.ratis.thirdparty.io.grpc.StatusRuntimeException: UNAVAILABLE: io exception
	at java.util.concurrent.FutureTask.report(FutureTask.java:122)
	at java.util.concurrent.FutureTask.get(FutureTask.java:192)
	at org.apache.ratis.server.impl.LeaderElection.waitForResults(LeaderElection.java:262)
	at org.apache.ratis.server.impl.LeaderElection.askForVotes(LeaderElection.java:200)
	at org.apache.ratis.server.impl.LeaderElection.run(LeaderElection.java:130)
	at java.lang.Thread.run(Thread.java:748)
Caused by: org.apache.ratis.thirdparty.io.grpc.StatusRuntimeException: UNAVAILABLE: io exception
	at org.apache.ratis.thirdparty.io.grpc.stub.ClientCalls.toStatusRuntimeException(ClientCalls.java:233)
	at org.apache.ratis.thirdparty.io.grpc.stub.ClientCalls.getUnchecked(ClientCalls.java:214)
	at org.apache.ratis.thirdparty.io.grpc.stub.ClientCalls.blockingUnaryCall(ClientCalls.java:139)
	at org.apache.ratis.proto.grpc.RaftServerProtocolServiceGrpc$RaftServerProtocolServiceBlockingStub.requestVote(RaftServerProtocolServiceGrpc.java:265)
	at org.apache.ratis.grpc.server.GrpcServerProtocolClient.requestVote(GrpcServerProtocolClient.java:83)
	at org.apache.ratis.grpc.server.GrpcService.requestVote(GrpcService.java:195)
	at org.apache.ratis.server.impl.LeaderElection.lambda$submitRequests$1(LeaderElection.java:237)
	at java.util.concurrent.FutureTask.run(FutureTask.java:266)
	at java.util.concurrent.Executors$RunnableAdapter.call(Executors.java:511)
	at java.util.concurrent.FutureTask.run(FutureTask.java:266)
	at java.util.concurrent.ThreadPoolExecutor.runWorker(ThreadPoolExecutor.java:1149)
	at java.util.concurrent.ThreadPoolExecutor$Worker.run(ThreadPoolExecutor.java:624)
	... 1 more
Caused by: org.apache.ratis.thirdparty.io.netty.channel.AbstractChannel$AnnotatedConnectException: Connection refused: /192.168.69.105:36739
	at sun.nio.ch.SocketChannelImpl.checkConnect(Native Method)
	at sun.nio.ch.SocketChannelImpl.finishConnect(SocketChannelImpl.java:717)
	at org.apache.ratis.thirdparty.io.netty.channel.socket.nio.NioSocketChannel.doFinishConnect(NioSocketChannel.java:327)
	at org.apache.ratis.thirdparty.io.netty.channel.nio.AbstractNioChannel$AbstractNioUnsafe.finishConnect(AbstractNioChannel.java:340)
	at org.apache.ratis.thirdparty.io.netty.channel.nio.NioEventLoop.processSelectedKey(NioEventLoop.java:632)
	at org.apache.ratis.thirdparty.io.netty.channel.nio.NioEventLoop.processSelectedKeysOptimized(NioEventLoop.java:579)
	at org.apache.ratis.thirdparty.io.netty.channel.nio.NioEventLoop.processSelectedKeys(NioEventLoop.java:496)
	at org.apache.ratis.thirdparty.io.netty.channel.nio.NioEventLoop.run(NioEventLoop.java:458)
	at org.apache.ratis.thirdparty.io.netty.util.concurrent.SingleThreadEventExecutor$5.run(SingleThreadEventExecutor.java:897)
	at org.apache.ratis.thirdparty.io.netty.util.concurrent.FastThreadLocalRunnable.run(FastThreadLocalRunnable.java:30)
	... 1 more
Caused by: java.net.ConnectException: Connection refused
	... 11 more
2019-09-04 03:25:44,445 [3bf639f6-5176-4655-a6a8-540014321443:group-BC7EC6C0BAA3:LeaderElection28] INFO  impl.LeaderElection (LogUtils.java:infoOrTrace(149)) -   Exception 1: {}
java.util.concurrent.ExecutionException: org.apache.ratis.thirdparty.io.grpc.StatusRuntimeException: UNAVAILABLE: io exception
	at java.util.concurrent.FutureTask.report(FutureTask.java:122)
	at java.util.concurrent.FutureTask.get(FutureTask.java:192)
	at org.apache.ratis.server.impl.LeaderElection.waitForResults(LeaderElection.java:262)
	at org.apache.ratis.server.impl.LeaderElection.askForVotes(LeaderElection.java:200)
	at org.apache.ratis.server.impl.LeaderElection.run(LeaderElection.java:130)
	at java.lang.Thread.run(Thread.java:748)
Caused by: org.apache.ratis.thirdparty.io.grpc.StatusRuntimeException: UNAVAILABLE: io exception
	at org.apache.ratis.thirdparty.io.grpc.stub.ClientCalls.toStatusRuntimeException(ClientCalls.java:233)
	at org.apache.ratis.thirdparty.io.grpc.stub.ClientCalls.getUnchecked(ClientCalls.java:214)
	at org.apache.ratis.thirdparty.io.grpc.stub.ClientCalls.blockingUnaryCall(ClientCalls.java:139)
	at org.apache.ratis.proto.grpc.RaftServerProtocolServiceGrpc$RaftServerProtocolServiceBlockingStub.requestVote(RaftServerProtocolServiceGrpc.java:265)
	at org.apache.ratis.grpc.server.GrpcServerProtocolClient.requestVote(GrpcServerProtocolClient.java:83)
	at org.apache.ratis.grpc.server.GrpcService.requestVote(GrpcService.java:195)
	at org.apache.ratis.server.impl.LeaderElection.lambda$submitRequests$1(LeaderElection.java:237)
	at java.util.concurrent.FutureTask.run(FutureTask.java:266)
	at java.util.concurrent.Executors$RunnableAdapter.call(Executors.java:511)
	at java.util.concurrent.FutureTask.run(FutureTask.java:266)
	at java.util.concurrent.ThreadPoolExecutor.runWorker(ThreadPoolExecutor.java:1149)
	at java.util.concurrent.ThreadPoolExecutor$Worker.run(ThreadPoolExecutor.java:624)
	... 1 more
Caused by: org.apache.ratis.thirdparty.io.netty.channel.AbstractChannel$AnnotatedConnectException: Connection refused: /192.168.69.105:39317
	at sun.nio.ch.SocketChannelImpl.checkConnect(Native Method)
	at sun.nio.ch.SocketChannelImpl.finishConnect(SocketChannelImpl.java:717)
	at org.apache.ratis.thirdparty.io.netty.channel.socket.nio.NioSocketChannel.doFinishConnect(NioSocketChannel.java:327)
	at org.apache.ratis.thirdparty.io.netty.channel.nio.AbstractNioChannel$AbstractNioUnsafe.finishConnect(AbstractNioChannel.java:340)
	at org.apache.ratis.thirdparty.io.netty.channel.nio.NioEventLoop.processSelectedKey(NioEventLoop.java:632)
	at org.apache.ratis.thirdparty.io.netty.channel.nio.NioEventLoop.processSelectedKeysOptimized(NioEventLoop.java:579)
	at org.apache.ratis.thirdparty.io.netty.channel.nio.NioEventLoop.processSelectedKeys(NioEventLoop.java:496)
	at org.apache.ratis.thirdparty.io.netty.channel.nio.NioEventLoop.run(NioEventLoop.java:458)
	at org.apache.ratis.thirdparty.io.netty.util.concurrent.SingleThreadEventExecutor$5.run(SingleThreadEventExecutor.java:897)
	at org.apache.ratis.thirdparty.io.netty.util.concurrent.FastThreadLocalRunnable.run(FastThreadLocalRunnable.java:30)
	... 1 more
Caused by: java.net.ConnectException: Connection refused
	... 11 more
2019-09-04 03:25:44,445 [3bf639f6-5176-4655-a6a8-540014321443:group-BC7EC6C0BAA3:LeaderElection28] INFO  impl.RaftServerImpl (RaftServerImpl.java:setRole(171)) - 3bf639f6-5176-4655-a6a8-540014321443:group-BC7EC6C0BAA3 changes role from CANDIDATE to FOLLOWER at term 3 for DISCOVERED_A_NEW_TERM
2019-09-04 03:25:44,445 [3bf639f6-5176-4655-a6a8-540014321443:group-BC7EC6C0BAA3:LeaderElection28] INFO  impl.RoleInfo (RoleInfo.java:shutdownLeaderElection(134)) - 3bf639f6-5176-4655-a6a8-540014321443: shutdown LeaderElection
2019-09-04 03:25:44,446 [3bf639f6-5176-4655-a6a8-540014321443:group-BC7EC6C0BAA3:LeaderElection28] INFO  impl.RoleInfo (RoleInfo.java:updateAndGet(143)) - 3bf639f6-5176-4655-a6a8-540014321443: start FollowerState
2019-09-04 03:25:45,858 [main] INFO  ozoneimpl.OzoneContainer (OzoneContainer.java:stop(199)) - Attempting to stop container services.
2019-09-04 03:25:45,859 [main] INFO  impl.RaftServerProxy (RaftServerProxy.java:lambda$close$4(314)) - 3bf639f6-5176-4655-a6a8-540014321443: close
2019-09-04 03:25:45,859 [main] INFO  impl.RaftServerImpl (RaftServerImpl.java:lambda$shutdown$3(245)) - 3bf639f6-5176-4655-a6a8-540014321443: shutdown group-BC7EC6C0BAA3
2019-09-04 03:25:45,860 [main] INFO  util.JmxRegister (JmxRegister.java:unregister(73)) - Successfully un-registered JMX Bean with object name Ratis:service=RaftServer,group=group-BC7EC6C0BAA3,id=3bf639f6-5176-4655-a6a8-540014321443
2019-09-04 03:25:45,860 [main] INFO  impl.RoleInfo (RoleInfo.java:shutdownFollowerState(121)) - 3bf639f6-5176-4655-a6a8-540014321443: shutdown FollowerState
2019-09-04 03:25:45,861 [main] INFO  impl.StateMachineUpdater (StateMachineUpdater.java:stopAndJoin(115)) - StateMachineUpdater:3bf639f6-5176-4655-a6a8-540014321443:group-BC7EC6C0BAA3: set stopIndex = 0
2019-09-04 03:25:45,861 [Thread-1765] INFO  impl.FollowerState (FollowerState.java:run(114)) - 3bf639f6-5176-4655-a6a8-540014321443: FollowerState was interrupted: java.lang.InterruptedException: sleep interrupted
2019-09-04 03:25:45,861 [main] INFO  impl.RaftServerImpl (ServerState.java:close(394)) - 3bf639f6-5176-4655-a6a8-540014321443:group-BC7EC6C0BAA3 closes. The last applied log index is 0
2019-09-04 03:25:45,864 [3bf639f6-5176-4655-a6a8-540014321443-SegmentedRaftLogWorker:Storage Directory /workdir/hadoop-ozone/integration-test/target/test-dir/MiniOzoneClusterImpl-73aa9163-49e3-40ac-b180-0c4b940e9410/datanode-5/data/ratis/065bb3eb-eeb2-42fc-ab98-bc7ec6c0baa3] INFO  segmented.SegmentedRaftLogWorker (SegmentedRaftLogWorker.java:run(313)) - 3bf639f6-5176-4655-a6a8-540014321443-SegmentedRaftLogWorker:Storage Directory /workdir/hadoop-ozone/integration-test/target/test-dir/MiniOzoneClusterImpl-73aa9163-49e3-40ac-b180-0c4b940e9410/datanode-5/data/ratis/065bb3eb-eeb2-42fc-ab98-bc7ec6c0baa3 was interrupted, exiting. There are 0 tasks remaining in the queue.
2019-09-04 03:25:45,864 [main] INFO  segmented.SegmentedRaftLogWorker (SegmentedRaftLogWorker.java:close(228)) - 3bf639f6-5176-4655-a6a8-540014321443-SegmentedRaftLogWorker:Storage Directory /workdir/hadoop-ozone/integration-test/target/test-dir/MiniOzoneClusterImpl-73aa9163-49e3-40ac-b180-0c4b940e9410/datanode-5/data/ratis/065bb3eb-eeb2-42fc-ab98-bc7ec6c0baa3 close()
2019-09-04 03:25:45,865 [main] INFO  impl.RaftServerImpl (RaftServerImpl.java:lambda$shutdown$3(245)) - 3bf639f6-5176-4655-a6a8-540014321443: shutdown group-783AB5CA4784
2019-09-04 03:25:45,865 [main] INFO  util.JmxRegister (JmxRegister.java:unregister(73)) - Successfully un-registered JMX Bean with object name Ratis:service=RaftServer,group=group-783AB5CA4784,id=3bf639f6-5176-4655-a6a8-540014321443
2019-09-04 03:25:45,866 [main] INFO  impl.RoleInfo (RoleInfo.java:shutdownLeaderState(104)) - 3bf639f6-5176-4655-a6a8-540014321443: shutdown LeaderState
2019-09-04 03:25:45,866 [main] INFO  impl.PendingRequests (PendingRequests.java:sendNotLeaderResponses(202)) - 3bf639f6-5176-4655-a6a8-540014321443-PendingRequests: sendNotLeaderResponses
2019-09-04 03:25:45,867 [main] INFO  impl.StateMachineUpdater (StateMachineUpdater.java:stopAndJoin(115)) - StateMachineUpdater:3bf639f6-5176-4655-a6a8-540014321443:group-783AB5CA4784: set stopIndex = 0
2019-09-04 03:25:45,867 [main] INFO  impl.RaftServerImpl (ServerState.java:close(394)) - 3bf639f6-5176-4655-a6a8-540014321443:group-783AB5CA4784 closes. The last applied log index is 0
2019-09-04 03:25:45,868 [3bf639f6-5176-4655-a6a8-540014321443-SegmentedRaftLogWorker:Storage Directory /workdir/hadoop-ozone/integration-test/target/test-dir/MiniOzoneClusterImpl-73aa9163-49e3-40ac-b180-0c4b940e9410/datanode-5/data/ratis/e9e2e1ce-a9e7-43dd-a3fd-783ab5ca4784] INFO  segmented.SegmentedRaftLogWorker (SegmentedRaftLogWorker.java:run(313)) - 3bf639f6-5176-4655-a6a8-540014321443-SegmentedRaftLogWorker:Storage Directory /workdir/hadoop-ozone/integration-test/target/test-dir/MiniOzoneClusterImpl-73aa9163-49e3-40ac-b180-0c4b940e9410/datanode-5/data/ratis/e9e2e1ce-a9e7-43dd-a3fd-783ab5ca4784 was interrupted, exiting. There are 0 tasks remaining in the queue.
2019-09-04 03:25:45,868 [main] INFO  segmented.SegmentedRaftLogWorker (SegmentedRaftLogWorker.java:close(228)) - 3bf639f6-5176-4655-a6a8-540014321443-SegmentedRaftLogWorker:Storage Directory /workdir/hadoop-ozone/integration-test/target/test-dir/MiniOzoneClusterImpl-73aa9163-49e3-40ac-b180-0c4b940e9410/datanode-5/data/ratis/e9e2e1ce-a9e7-43dd-a3fd-783ab5ca4784 close()
2019-09-04 03:25:45,869 [main] INFO  server.GrpcService (GrpcService.java:closeImpl(155)) - 3bf639f6-5176-4655-a6a8-540014321443: shutdown server with port 43577 now
2019-09-04 03:25:45,871 [main] INFO  server.GrpcService (GrpcService.java:closeImpl(163)) - 3bf639f6-5176-4655-a6a8-540014321443: shutdown server with port 43577 successfully
2019-09-04 03:25:45,872 [main] INFO  utils.BackgroundService (BackgroundService.java:shutdown(148)) - Shutting down service BlockDeletingService
2019-09-04 03:25:45,875 [refreshUsed-/workdir/hadoop-ozone/integration-test/target/test-dir/MiniOzoneClusterImpl-73aa9163-49e3-40ac-b180-0c4b940e9410/datanode-5/data/containers] WARN  fs.CachingGetSpaceUsed (CachingGetSpaceUsed.java:run(183)) - Thread Interrupted waiting to refresh disk information: sleep interrupted
2019-09-04 03:25:45,896 [main] INFO  statemachine.DatanodeStateMachine (DatanodeStateMachine.java:stopDaemon(395)) - Ozone container server stopped.
2019-09-04 03:25:45,897 [main] INFO  handler.ContextHandler (ContextHandler.java:doStop(910)) - Stopped o.e.j.w.WebAppContext@4cd8db31{/,null,UNAVAILABLE}{/hddsDatanode}
2019-09-04 03:25:45,898 [main] INFO  server.AbstractConnector (AbstractConnector.java:doStop(318)) - Stopped ServerConnector@201a8ea7{HTTP/1.1,[http/1.1]}{0.0.0.0:0}
2019-09-04 03:25:45,898 [main] INFO  handler.ContextHandler (ContextHandler.java:doStop(910)) - Stopped o.e.j.s.ServletContextHandler@72ceafeb{/static,jar:file:/home/user/.m2/repository/org/apache/hadoop/hadoop-hdds-container-service/0.5.0-SNAPSHOT/hadoop-hdds-container-service-0.5.0-SNAPSHOT.jar!/webapps/static,UNAVAILABLE}
2019-09-04 03:25:45,898 [main] INFO  handler.ContextHandler (ContextHandler.java:doStop(910)) - Stopped o.e.j.s.ServletContextHandler@3bcedb06{/logs,file:///workdir/hadoop-ozone/integration-test/target/log,UNAVAILABLE}
2019-09-04 03:25:45,900 [main] INFO  ozone.MiniOzoneClusterImpl (MiniOzoneClusterImpl.java:stop(353)) - Stopping the StorageContainerManager
2019-09-04 03:25:45,900 [main] INFO  server.StorageContainerManager (StorageContainerManager.java:stop(797)) - Stopping Replication Manager Service.
2019-09-04 03:25:45,900 [main] INFO  container.ReplicationManager (ReplicationManager.java:stop(192)) - Stopping Replication Monitor Thread.
2019-09-04 03:25:45,900 [main] INFO  server.StorageContainerManager (StorageContainerManager.java:stop(804)) - Stopping Lease Manager of the command watchers
2019-09-04 03:25:45,900 [main] INFO  server.StorageContainerManager (StorageContainerManager.java:stop(811)) - Stopping datanode service RPC server
2019-09-04 03:25:45,901 [main] INFO  server.SCMDatanodeProtocolServer (SCMDatanodeProtocolServer.java:stop(367)) - Stopping the RPC server for DataNodes
2019-09-04 03:25:45,901 [main] INFO  ipc.Server (Server.java:stop(3082)) - Stopping server on 33729
2019-09-04 03:25:45,903 [IPC Server listener on 33729] INFO  ipc.Server (Server.java:run(1185)) - Stopping IPC Server listener on 33729
2019-09-04 03:25:45,904 [IPC Server Responder] INFO  ipc.Server (Server.java:run(1319)) - Stopping IPC Server Responder
2019-09-04 03:25:45,963 [SCM Heartbeat Processing Thread - 0] WARN  node.NodeStateManager (NodeStateManager.java:scheduleNextHealthCheck(646)) - Current Thread is interrupted, shutting down HB processing thread for Node Manager.
2019-09-04 03:25:45,963 [main] INFO  server.StorageContainerManager (StorageContainerManager.java:stop(819)) - Stopping block service RPC server
2019-09-04 03:25:45,963 [main] INFO  server.SCMBlockProtocolServer (SCMBlockProtocolServer.java:stop(148)) - Stopping the RPC server for Block Protocol
2019-09-04 03:25:45,964 [main] INFO  ipc.Server (Server.java:stop(3082)) - Stopping server on 46668
2019-09-04 03:25:45,966 [IPC Server listener on 46668] INFO  ipc.Server (Server.java:run(1185)) - Stopping IPC Server listener on 46668
2019-09-04 03:25:45,966 [main] INFO  server.StorageContainerManager (StorageContainerManager.java:stop(826)) - Stopping the StorageContainerLocationProtocol RPC server
2019-09-04 03:25:45,966 [IPC Server Responder] INFO  ipc.Server (Server.java:run(1319)) - Stopping IPC Server Responder
2019-09-04 03:25:45,967 [main] INFO  server.SCMClientProtocolServer (SCMClientProtocolServer.java:stop(159)) - Stopping the RPC server for Client Protocol
2019-09-04 03:25:45,967 [main] INFO  ipc.Server (Server.java:stop(3082)) - Stopping server on 43724
2019-09-04 03:25:45,970 [IPC Server listener on 43724] INFO  ipc.Server (Server.java:run(1185)) - Stopping IPC Server listener on 43724
2019-09-04 03:25:45,970 [IPC Server Responder] INFO  ipc.Server (Server.java:run(1319)) - Stopping IPC Server Responder
2019-09-04 03:25:45,970 [main] INFO  server.StorageContainerManager (StorageContainerManager.java:stop(833)) - Stopping Storage Container Manager HTTP server.
2019-09-04 03:25:45,972 [main] INFO  handler.ContextHandler (ContextHandler.java:doStop(910)) - Stopped o.e.j.w.WebAppContext@10b67f54{/,null,UNAVAILABLE}{/scm}
2019-09-04 03:25:45,972 [main] INFO  server.AbstractConnector (AbstractConnector.java:doStop(318)) - Stopped ServerConnector@30798137{HTTP/1.1,[http/1.1]}{0.0.0.0:0}
2019-09-04 03:25:45,973 [main] INFO  handler.ContextHandler (ContextHandler.java:doStop(910)) - Stopped o.e.j.s.ServletContextHandler@70f4abc1{/static,file:///workdir/hadoop-ozone/integration-test/target/test-classes/webapps/static,UNAVAILABLE}
2019-09-04 03:25:45,974 [main] INFO  handler.ContextHandler (ContextHandler.java:doStop(910)) - Stopped o.e.j.s.ServletContextHandler@59fea5f5{/logs,file:///workdir/hadoop-ozone/integration-test/target/log,UNAVAILABLE}
2019-09-04 03:25:45,975 [main] INFO  server.StorageContainerManager (StorageContainerManager.java:stop(844)) - Stopping Block Manager Service.
2019-09-04 03:25:45,975 [main] INFO  utils.BackgroundService (BackgroundService.java:shutdown(148)) - Shutting down service SCMBlockDeletingService
2019-09-04 03:25:45,975 [main] INFO  utils.BackgroundService (BackgroundService.java:shutdown(148)) - Shutting down service SCMBlockDeletingService
2019-09-04 03:25:45,976 [main] INFO  server.StorageContainerManager (StorageContainerManager.java:stop(866)) - Stopping SCM Event Queue.
2019-09-04 03:25:45,980 [main] INFO  impl.MetricsSystemImpl (MetricsSystemImpl.java:stop(210)) - Stopping HddsDatanode metrics system...
2019-09-04 03:25:45,986 [main] INFO  impl.MetricsSystemImpl (MetricsSystemImpl.java:stop(216)) - HddsDatanode metrics system stopped.
]]></system-out>
    <system-err><![CDATA[Sep 04, 2019 3:20:12 AM com.sun.jersey.server.impl.application.WebApplicationImpl _initiate
INFO: Initiating Jersey application, version 'Jersey: 1.19 02/11/2015 03:25 AM'
Sep 04, 2019 3:20:12 AM com.sun.jersey.server.impl.application.WebApplicationImpl _initiate
INFO: Initiating Jersey application, version 'Jersey: 1.19 02/11/2015 03:25 AM'
Sep 04, 2019 3:20:12 AM com.sun.jersey.server.impl.application.WebApplicationImpl _initiate
INFO: Initiating Jersey application, version 'Jersey: 1.19 02/11/2015 03:25 AM'
Sep 04, 2019 3:20:13 AM com.sun.jersey.server.impl.application.WebApplicationImpl _initiate
INFO: Initiating Jersey application, version 'Jersey: 1.19 02/11/2015 03:25 AM'
Sep 04, 2019 3:20:13 AM com.sun.jersey.server.impl.application.WebApplicationImpl _initiate
INFO: Initiating Jersey application, version 'Jersey: 1.19 02/11/2015 03:25 AM'
Sep 04, 2019 3:20:13 AM com.sun.jersey.server.impl.application.WebApplicationImpl _initiate
INFO: Initiating Jersey application, version 'Jersey: 1.19 02/11/2015 03:25 AM'
Sep 04, 2019 3:20:14 AM com.sun.jersey.server.impl.application.WebApplicationImpl _initiate
INFO: Initiating Jersey application, version 'Jersey: 1.19 02/11/2015 03:25 AM'
]]></system-err>
  </testcase>
</testsuite>