<?xml version="1.0" encoding="UTF-8"?>
<testsuite xmlns:xsi="http://www.w3.org/2001/XMLSchema-instance" xsi:noNamespaceSchemaLocation="https://maven.apache.org/surefire/maven-surefire-plugin/xsd/surefire-test-report.xsd" name="org.apache.hadoop.ozone.client.rpc.TestMultiBlockWritesWithDnFailures" time="153.105" tests="2" errors="1" skipped="0" failures="0">
  <properties>
    <property name="awt.toolkit" value="sun.awt.X11.XToolkit"/>
    <property name="file.encoding.pkg" value="sun.io"/>
    <property name="java.specification.version" value="1.8"/>
    <property name="sun.cpu.isalist" value=""/>
    <property name="sun.jnu.encoding" value="UTF-8"/>
    <property name="java.class.path" value="/workdir/hadoop-ozone/integration-test/target/test-classes:/workdir/hadoop-ozone/integration-test/target/classes:/home/user/.m2/repository/org/apache/hadoop/hadoop-ozone-common/0.5.0-SNAPSHOT/hadoop-ozone-common-0.5.0-SNAPSHOT.jar:/home/user/.m2/repository/org/apache/commons/commons-compress/1.4.1/commons-compress-1.4.1.jar:/home/user/.m2/repository/org/tukaani/xz/1.0/xz-1.0.jar:/home/user/.m2/repository/org/apache/hadoop/hadoop-common/3.2.0/hadoop-common-3.2.0.jar:/home/user/.m2/repository/org/apache/hadoop/hadoop-hdfs/3.2.0/hadoop-hdfs-3.2.0.jar:/home/user/.m2/repository/org/apache/hadoop/hadoop-hdfs-client/3.2.0/hadoop-hdfs-client-3.2.0.jar:/home/user/.m2/repository/com/fasterxml/jackson/core/jackson-annotations/2.9.5/jackson-annotations-2.9.5.jar:/home/user/.m2/repository/org/apache/hadoop/hadoop-hdds-common/0.5.0-SNAPSHOT/hadoop-hdds-common-0.5.0-SNAPSHOT.jar:/home/user/.m2/repository/javax/annotation/javax.annotation-api/1.2/javax.annotation-api-1.2.jar:/home/user/.m2/repository/org/apache/ratis/ratis-server/0.4.0-78e95b9-SNAPSHOT/ratis-server-0.4.0-78e95b9-SNAPSHOT.jar:/home/user/.m2/repository/org/apache/ratis/ratis-thirdparty-misc/0.2.0/ratis-thirdparty-misc-0.2.0.jar:/home/user/.m2/repository/org/apache/ratis/ratis-proto/0.4.0-78e95b9-SNAPSHOT/ratis-proto-0.4.0-78e95b9-SNAPSHOT.jar:/home/user/.m2/repository/org/apache/ratis/ratis-common/0.4.0-78e95b9-SNAPSHOT/ratis-common-0.4.0-78e95b9-SNAPSHOT.jar:/home/user/.m2/repository/org/apache/ratis/ratis-client/0.4.0-78e95b9-SNAPSHOT/ratis-client-0.4.0-78e95b9-SNAPSHOT.jar:/home/user/.m2/repository/org/apache/ratis/ratis-metrics/0.4.0-78e95b9-SNAPSHOT/ratis-metrics-0.4.0-78e95b9-SNAPSHOT.jar:/home/user/.m2/repository/com/github/joshelser/dropwizard-metrics-hadoop-metrics2-reporter/0.1.2/dropwizard-metrics-hadoop-metrics2-reporter-0.1.2.jar:/home/user/.m2/repository/io/dropwizard/metrics/metrics-jvm/3.2.5/metrics-jvm-3.2.5.jar:/home/user/.m2/repository/io/dropwizard/metrics/metrics-ganglia/3.2.5/metrics-ganglia-3.2.5.jar:/home/user/.m2/repository/info/ganglia/gmetric4j/gmetric4j/1.0.7/gmetric4j-1.0.7.jar:/home/user/.m2/repository/org/apache/ratis/ratis-netty/0.4.0-78e95b9-SNAPSHOT/ratis-netty-0.4.0-78e95b9-SNAPSHOT.jar:/home/user/.m2/repository/org/apache/ratis/ratis-grpc/0.4.0-78e95b9-SNAPSHOT/ratis-grpc-0.4.0-78e95b9-SNAPSHOT.jar:/home/user/.m2/repository/org/rocksdb/rocksdbjni/6.0.1/rocksdbjni-6.0.1.jar:/home/user/.m2/repository/org/apache/logging/log4j/log4j-api/2.11.0/log4j-api-2.11.0.jar:/home/user/.m2/repository/org/apache/logging/log4j/log4j-core/2.11.0/log4j-core-2.11.0.jar:/home/user/.m2/repository/com/lmax/disruptor/3.4.2/disruptor-3.4.2.jar:/home/user/.m2/repository/org/apache/commons/commons-pool2/2.6.0/commons-pool2-2.6.0.jar:/home/user/.m2/repository/org/bouncycastle/bcpkix-jdk15on/1.60/bcpkix-jdk15on-1.60.jar:/home/user/.m2/repository/commons-validator/commons-validator/1.6/commons-validator-1.6.jar:/home/user/.m2/repository/commons-digester/commons-digester/1.8.1/commons-digester-1.8.1.jar:/home/user/.m2/repository/io/jaegertracing/jaeger-client/0.33.1/jaeger-client-0.33.1.jar:/home/user/.m2/repository/io/jaegertracing/jaeger-thrift/0.33.1/jaeger-thrift-0.33.1.jar:/home/user/.m2/repository/org/apache/thrift/libthrift/0.11.0/libthrift-0.11.0.jar:/home/user/.m2/repository/com/squareup/okhttp3/okhttp/3.9.0/okhttp-3.9.0.jar:/home/user/.m2/repository/com/squareup/okio/okio/1.13.0/okio-1.13.0.jar:/home/user/.m2/repository/io/jaegertracing/jaeger-core/0.33.1/jaeger-core-0.33.1.jar:/home/user/.m2/repository/io/jaegertracing/jaeger-tracerresolver/0.33.1/jaeger-tracerresolver-0.33.1.jar:/home/user/.m2/repository/io/opentracing/contrib/opentracing-tracerresolver/0.1.5/opentracing-tracerresolver-0.1.5.jar:/home/user/.m2/repository/io/opentracing/opentracing-util/0.31.0/opentracing-util-0.31.0.jar:/home/user/.m2/repository/io/opentracing/opentracing-api/0.31.0/opentracing-api-0.31.0.jar:/home/user/.m2/repository/io/opentracing/opentracing-noop/0.31.0/opentracing-noop-0.31.0.jar:/home/user/.m2/repository/org/apache/hadoop/hadoop-hdds-server-framework/0.5.0-SNAPSHOT/hadoop-hdds-server-framework-0.5.0-SNAPSHOT.jar:/home/user/.m2/repository/org/apache/hadoop/hadoop-hdds-container-service/0.5.0-SNAPSHOT/hadoop-hdds-container-service-0.5.0-SNAPSHOT.jar:/home/user/.m2/repository/org/apache/hadoop/hadoop-hdds-client/0.5.0-SNAPSHOT/hadoop-hdds-client-0.5.0-SNAPSHOT.jar:/home/user/.m2/repository/org/apache/hadoop/hadoop-hdds-tools/0.5.0-SNAPSHOT/hadoop-hdds-tools-0.5.0-SNAPSHOT.jar:/home/user/.m2/repository/org/apache/hadoop/hadoop-hdds-server-scm/0.5.0-SNAPSHOT/hadoop-hdds-server-scm-0.5.0-SNAPSHOT.jar:/home/user/.m2/repository/org/apache/hadoop/hadoop-hdds-docs/0.5.0-SNAPSHOT/hadoop-hdds-docs-0.5.0-SNAPSHOT.jar:/home/user/.m2/repository/io/dropwizard/metrics/metrics-core/3.2.4/metrics-core-3.2.4.jar:/home/user/.m2/repository/org/hamcrest/hamcrest-all/1.3/hamcrest-all-1.3.jar:/home/user/.m2/repository/org/bouncycastle/bcprov-jdk15on/1.60/bcprov-jdk15on-1.60.jar:/home/user/.m2/repository/info/picocli/picocli/3.9.6/picocli-3.9.6.jar:/home/user/.m2/repository/com/google/protobuf/protobuf-java/2.5.0/protobuf-java-2.5.0.jar:/home/user/.m2/repository/com/google/guava/guava/11.0.2/guava-11.0.2.jar:/home/user/.m2/repository/org/apache/hadoop/hadoop-ozone-ozone-manager/0.5.0-SNAPSHOT/hadoop-ozone-ozone-manager-0.5.0-SNAPSHOT.jar:/home/user/.m2/repository/org/apache/hadoop/hadoop-minikdc/3.2.0/hadoop-minikdc-3.2.0.jar:/home/user/.m2/repository/commons-io/commons-io/2.5/commons-io-2.5.jar:/home/user/.m2/repository/org/apache/kerby/kerb-simplekdc/1.0.1/kerb-simplekdc-1.0.1.jar:/home/user/.m2/repository/org/apache/kerby/kerb-client/1.0.1/kerb-client-1.0.1.jar:/home/user/.m2/repository/org/apache/kerby/kerby-config/1.0.1/kerby-config-1.0.1.jar:/home/user/.m2/repository/org/apache/kerby/kerb-core/1.0.1/kerb-core-1.0.1.jar:/home/user/.m2/repository/org/apache/kerby/kerby-pkix/1.0.1/kerby-pkix-1.0.1.jar:/home/user/.m2/repository/org/apache/kerby/kerby-asn1/1.0.1/kerby-asn1-1.0.1.jar:/home/user/.m2/repository/org/apache/kerby/kerby-util/1.0.1/kerby-util-1.0.1.jar:/home/user/.m2/repository/org/apache/kerby/kerb-common/1.0.1/kerb-common-1.0.1.jar:/home/user/.m2/repository/org/apache/kerby/kerb-crypto/1.0.1/kerb-crypto-1.0.1.jar:/home/user/.m2/repository/org/apache/kerby/kerb-util/1.0.1/kerb-util-1.0.1.jar:/home/user/.m2/repository/org/apache/kerby/token-provider/1.0.1/token-provider-1.0.1.jar:/home/user/.m2/repository/org/apache/kerby/kerb-admin/1.0.1/kerb-admin-1.0.1.jar:/home/user/.m2/repository/org/apache/kerby/kerb-server/1.0.1/kerb-server-1.0.1.jar:/home/user/.m2/repository/org/apache/kerby/kerb-identity/1.0.1/kerb-identity-1.0.1.jar:/home/user/.m2/repository/org/apache/kerby/kerby-xdr/1.0.1/kerby-xdr-1.0.1.jar:/home/user/.m2/repository/org/slf4j/slf4j-log4j12/1.7.25/slf4j-log4j12-1.7.25.jar:/home/user/.m2/repository/org/apache/hadoop/hadoop-ozone-s3gateway/0.5.0-SNAPSHOT/hadoop-ozone-s3gateway-0.5.0-SNAPSHOT.jar:/home/user/.m2/repository/org/jboss/weld/servlet/weld-servlet/2.4.7.Final/weld-servlet-2.4.7.Final.jar:/home/user/.m2/repository/org/glassfish/jersey/containers/jersey-container-servlet-core/2.27/jersey-container-servlet-core-2.27.jar:/home/user/.m2/repository/org/glassfish/hk2/external/javax.inject/2.5.0-b42/javax.inject-2.5.0-b42.jar:/home/user/.m2/repository/org/glassfish/jersey/core/jersey-common/2.27/jersey-common-2.27.jar:/home/user/.m2/repository/org/glassfish/hk2/osgi-resource-locator/1.0.1/osgi-resource-locator-1.0.1.jar:/home/user/.m2/repository/javax/ws/rs/javax.ws.rs-api/2.1/javax.ws.rs-api-2.1.jar:/home/user/.m2/repository/org/glassfish/jersey/ext/cdi/jersey-cdi1x/2.27/jersey-cdi1x-2.27.jar:/home/user/.m2/repository/org/glassfish/jersey/inject/jersey-hk2/2.27/jersey-hk2-2.27.jar:/home/user/.m2/repository/org/glassfish/hk2/hk2-locator/2.5.0-b42/hk2-locator-2.5.0-b42.jar:/home/user/.m2/repository/org/javassist/javassist/3.22.0-CR2/javassist-3.22.0-CR2.jar:/home/user/.m2/repository/org/glassfish/hk2/hk2-api/2.5.0/hk2-api-2.5.0.jar:/home/user/.m2/repository/org/glassfish/hk2/external/jakarta.inject/2.5.0/jakarta.inject-2.5.0.jar:/home/user/.m2/repository/org/glassfish/hk2/hk2-utils/2.5.0/hk2-utils-2.5.0.jar:/home/user/.m2/repository/jakarta/annotation/jakarta.annotation-api/1.3.4/jakarta.annotation-api-1.3.4.jar:/home/user/.m2/repository/org/glassfish/hk2/external/aopalliance-repackaged/2.5.0/aopalliance-repackaged-2.5.0.jar:/home/user/.m2/repository/com/fasterxml/jackson/dataformat/jackson-dataformat-xml/2.9.0/jackson-dataformat-xml-2.9.0.jar:/home/user/.m2/repository/com/fasterxml/jackson/core/jackson-core/2.9.5/jackson-core-2.9.5.jar:/home/user/.m2/repository/com/fasterxml/jackson/module/jackson-module-jaxb-annotations/2.9.5/jackson-module-jaxb-annotations-2.9.5.jar:/home/user/.m2/repository/javax/enterprise/cdi-api/1.2/cdi-api-1.2.jar:/home/user/.m2/repository/javax/el/javax.el-api/3.0.0/javax.el-api-3.0.0.jar:/home/user/.m2/repository/javax/interceptor/javax.interceptor-api/1.2/javax.interceptor-api-1.2.jar:/home/user/.m2/repository/javax/inject/javax.inject/1/javax.inject-1.jar:/home/user/.m2/repository/com/sun/xml/bind/jaxb-impl/2.3.0.1/jaxb-impl-2.3.0.1.jar:/home/user/.m2/repository/com/sun/xml/bind/jaxb-core/2.3.0.1/jaxb-core-2.3.0.1.jar:/home/user/.m2/repository/javax/xml/bind/jaxb-api/2.3.0/jaxb-api-2.3.0.jar:/home/user/.m2/repository/javax/activation/activation/1.1.1/activation-1.1.1.jar:/home/user/.m2/repository/org/apache/hadoop/hadoop-ozone-csi/0.5.0-SNAPSHOT/hadoop-ozone-csi-0.5.0-SNAPSHOT.jar:/home/user/.m2/repository/com/google/protobuf/protobuf-java-util/3.5.1/protobuf-java-util-3.5.1.jar:/home/user/.m2/repository/org/apache/hadoop/hadoop-hdds-config/0.5.0-SNAPSHOT/hadoop-hdds-config-0.5.0-SNAPSHOT.jar:/home/user/.m2/repository/io/grpc/grpc-netty/1.17.1/grpc-netty-1.17.1.jar:/home/user/.m2/repository/io/grpc/grpc-core/1.17.1/grpc-core-1.17.1.jar:/home/user/.m2/repository/io/grpc/grpc-context/1.17.1/grpc-context-1.17.1.jar:/home/user/.m2/repository/com/google/errorprone/error_prone_annotations/2.2.0/error_prone_annotations-2.2.0.jar:/home/user/.m2/repository/org/codehaus/mojo/animal-sniffer-annotations/1.17/animal-sniffer-annotations-1.17.jar:/home/user/.m2/repository/io/opencensus/opencensus-api/0.17.0/opencensus-api-0.17.0.jar:/home/user/.m2/repository/io/opencensus/opencensus-contrib-grpc-metrics/0.17.0/opencensus-contrib-grpc-metrics-0.17.0.jar:/home/user/.m2/repository/io/netty/netty-codec-http2/4.1.30.Final/netty-codec-http2-4.1.30.Final.jar:/home/user/.m2/repository/io/netty/netty-codec-http/4.1.30.Final/netty-codec-http-4.1.30.Final.jar:/home/user/.m2/repository/io/netty/netty-codec/4.1.30.Final/netty-codec-4.1.30.Final.jar:/home/user/.m2/repository/io/netty/netty-handler/4.1.30.Final/netty-handler-4.1.30.Final.jar:/home/user/.m2/repository/io/netty/netty-handler-proxy/4.1.30.Final/netty-handler-proxy-4.1.30.Final.jar:/home/user/.m2/repository/io/netty/netty-codec-socks/4.1.30.Final/netty-codec-socks-4.1.30.Final.jar:/home/user/.m2/repository/io/netty/netty-transport-native-epoll/4.1.30.Final/netty-transport-native-epoll-4.1.30.Final.jar:/home/user/.m2/repository/io/netty/netty-common/4.1.30.Final/netty-common-4.1.30.Final.jar:/home/user/.m2/repository/io/netty/netty-buffer/4.1.30.Final/netty-buffer-4.1.30.Final.jar:/home/user/.m2/repository/io/netty/netty-transport/4.1.30.Final/netty-transport-4.1.30.Final.jar:/home/user/.m2/repository/io/netty/netty-resolver/4.1.30.Final/netty-resolver-4.1.30.Final.jar:/home/user/.m2/repository/io/netty/netty-transport-native-unix-common/4.1.30.Final/netty-transport-native-unix-common-4.1.30.Final.jar:/home/user/.m2/repository/io/grpc/grpc-protobuf/1.17.1/grpc-protobuf-1.17.1.jar:/home/user/.m2/repository/com/google/api/grpc/proto-google-common-protos/1.0.0/proto-google-common-protos-1.0.0.jar:/home/user/.m2/repository/io/grpc/grpc-protobuf-lite/1.17.1/grpc-protobuf-lite-1.17.1.jar:/home/user/.m2/repository/io/grpc/grpc-stub/1.17.1/grpc-stub-1.17.1.jar:/home/user/.m2/repository/org/apache/hadoop/hadoop-ozone-recon/0.5.0-SNAPSHOT/hadoop-ozone-recon-0.5.0-SNAPSHOT.jar:/home/user/.m2/repository/org/apache/hadoop/hadoop-ozone-reconcodegen/0.5.0-SNAPSHOT/hadoop-ozone-reconcodegen-0.5.0-SNAPSHOT.jar:/home/user/.m2/repository/com/google/inject/extensions/guice-multibindings/4.0/guice-multibindings-4.0.jar:/home/user/.m2/repository/com/google/inject/guice/4.0/guice-4.0.jar:/home/user/.m2/repository/aopalliance/aopalliance/1.0/aopalliance-1.0.jar:/home/user/.m2/repository/com/google/inject/extensions/guice-servlet/4.0/guice-servlet-4.0.jar:/home/user/.m2/repository/org/glassfish/jersey/containers/jersey-container-servlet/2.27/jersey-container-servlet-2.27.jar:/home/user/.m2/repository/org/glassfish/hk2/guice-bridge/2.5.0/guice-bridge-2.5.0.jar:/home/user/.m2/repository/org/glassfish/jersey/core/jersey-server/2.27/jersey-server-2.27.jar:/home/user/.m2/repository/org/glassfish/jersey/core/jersey-client/2.27/jersey-client-2.27.jar:/home/user/.m2/repository/org/glassfish/jersey/media/jersey-media-jaxb/2.27/jersey-media-jaxb-2.27.jar:/home/user/.m2/repository/javax/validation/validation-api/1.1.0.Final/validation-api-1.1.0.Final.jar:/home/user/.m2/repository/org/glassfish/jersey/media/jersey-media-json-jackson/2.27/jersey-media-json-jackson-2.27.jar:/home/user/.m2/repository/org/glassfish/jersey/ext/jersey-entity-filtering/2.27/jersey-entity-filtering-2.27.jar:/home/user/.m2/repository/com/google/inject/extensions/guice-assistedinject/4.0/guice-assistedinject-4.0.jar:/home/user/.m2/repository/org/jooq/jooq/3.11.10/jooq-3.11.10.jar:/home/user/.m2/repository/org/jooq/jooq-meta/3.11.10/jooq-meta-3.11.10.jar:/home/user/.m2/repository/org/jooq/jooq-codegen/3.11.10/jooq-codegen-3.11.10.jar:/home/user/.m2/repository/com/jolbox/bonecp/0.8.0.RELEASE/bonecp-0.8.0.RELEASE.jar:/home/user/.m2/repository/org/xerial/sqlite-jdbc/3.25.2/sqlite-jdbc-3.25.2.jar:/home/user/.m2/repository/org/springframework/spring-jdbc/5.1.3.RELEASE/spring-jdbc-5.1.3.RELEASE.jar:/home/user/.m2/repository/org/springframework/spring-beans/5.1.3.RELEASE/spring-beans-5.1.3.RELEASE.jar:/home/user/.m2/repository/org/springframework/spring-core/5.1.3.RELEASE/spring-core-5.1.3.RELEASE.jar:/home/user/.m2/repository/org/springframework/spring-jcl/5.1.3.RELEASE/spring-jcl-5.1.3.RELEASE.jar:/home/user/.m2/repository/org/springframework/spring-tx/5.1.3.RELEASE/spring-tx-5.1.3.RELEASE.jar:/home/user/.m2/repository/org/apache/hadoop/hadoop-ozone-client/0.5.0-SNAPSHOT/hadoop-ozone-client-0.5.0-SNAPSHOT.jar:/home/user/.m2/repository/commons-lang/commons-lang/2.6/commons-lang-2.6.jar:/home/user/.m2/repository/org/apache/hadoop/hadoop-ozone-ozone-manager/0.5.0-SNAPSHOT/hadoop-ozone-ozone-manager-0.5.0-SNAPSHOT-tests.jar:/home/user/.m2/repository/junit/junit/4.11/junit-4.11.jar:/home/user/.m2/repository/org/hamcrest/hamcrest-core/1.3/hamcrest-core-1.3.jar:/home/user/.m2/repository/org/openjdk/jmh/jmh-core/1.19/jmh-core-1.19.jar:/home/user/.m2/repository/net/sf/jopt-simple/jopt-simple/4.6/jopt-simple-4.6.jar:/home/user/.m2/repository/org/apache/commons/commons-math3/3.1.1/commons-math3-3.1.1.jar:/home/user/.m2/repository/org/openjdk/jmh/jmh-generator-annprocess/1.19/jmh-generator-annprocess-1.19.jar:/home/user/.m2/repository/org/mockito/mockito-all/1.8.5/mockito-all-1.8.5.jar:/home/user/.m2/repository/org/apache/hadoop/hadoop-kms/3.2.0/hadoop-kms-3.2.0.jar:/home/user/.m2/repository/org/apache/hadoop/hadoop-auth/3.2.0/hadoop-auth-3.2.0.jar:/home/user/.m2/repository/com/nimbusds/nimbus-jose-jwt/4.41.1/nimbus-jose-jwt-4.41.1.jar:/home/user/.m2/repository/com/github/stephenc/jcip/jcip-annotations/1.0-1/jcip-annotations-1.0-1.jar:/home/user/.m2/repository/net/minidev/json-smart/2.3/json-smart-2.3.jar:/home/user/.m2/repository/net/minidev/accessors-smart/1.2/accessors-smart-1.2.jar:/home/user/.m2/repository/org/ow2/asm/asm/5.0.4/asm-5.0.4.jar:/home/user/.m2/repository/org/apache/curator/curator-framework/2.12.0/curator-framework-2.12.0.jar:/home/user/.m2/repository/com/sun/jersey/jersey-core/1.19/jersey-core-1.19.jar:/home/user/.m2/repository/javax/ws/rs/jsr311-api/1.1.1/jsr311-api-1.1.1.jar:/home/user/.m2/repository/com/sun/jersey/jersey-server/1.19/jersey-server-1.19.jar:/home/user/.m2/repository/javax/servlet/javax.servlet-api/3.1.0/javax.servlet-api-3.1.0.jar:/home/user/.m2/repository/org/eclipse/jetty/jetty-server/9.3.24.v20180605/jetty-server-9.3.24.v20180605.jar:/home/user/.m2/repository/org/eclipse/jetty/jetty-http/9.3.24.v20180605/jetty-http-9.3.24.v20180605.jar:/home/user/.m2/repository/org/eclipse/jetty/jetty-io/9.3.24.v20180605/jetty-io-9.3.24.v20180605.jar:/home/user/.m2/repository/org/eclipse/jetty/jetty-webapp/9.3.24.v20180605/jetty-webapp-9.3.24.v20180605.jar:/home/user/.m2/repository/org/eclipse/jetty/jetty-xml/9.3.24.v20180605/jetty-xml-9.3.24.v20180605.jar:/home/user/.m2/repository/log4j/log4j/1.2.17/log4j-1.2.17.jar:/home/user/.m2/repository/org/slf4j/slf4j-api/1.7.25/slf4j-api-1.7.25.jar:/home/user/.m2/repository/org/slf4j/jul-to-slf4j/1.7.25/jul-to-slf4j-1.7.25.jar:/home/user/.m2/repository/org/eclipse/jetty/jetty-util/9.3.24.v20180605/jetty-util-9.3.24.v20180605.jar:/home/user/.m2/repository/com/fasterxml/jackson/core/jackson-databind/2.9.5/jackson-databind-2.9.5.jar:/home/user/.m2/repository/org/apache/hadoop/hadoop-kms/3.2.0/hadoop-kms-3.2.0-tests.jar:/home/user/.m2/repository/org/apache/hadoop/hadoop-hdds-server-scm/0.5.0-SNAPSHOT/hadoop-hdds-server-scm-0.5.0-SNAPSHOT-tests.jar:/home/user/.m2/repository/org/apache/hadoop/hadoop-hdds-container-service/0.5.0-SNAPSHOT/hadoop-hdds-container-service-0.5.0-SNAPSHOT-tests.jar:/home/user/.m2/repository/org/yaml/snakeyaml/1.16/snakeyaml-1.16.jar:/home/user/.m2/repository/org/apache/hadoop/hadoop-common/3.2.0/hadoop-common-3.2.0-tests.jar:/home/user/.m2/repository/org/apache/hadoop/hadoop-annotations/3.2.0/hadoop-annotations-3.2.0.jar:/usr/lib/jvm/java-1.8-openjdk/jre/../lib/tools.jar:/home/user/.m2/repository/commons-cli/commons-cli/1.2/commons-cli-1.2.jar:/home/user/.m2/repository/org/apache/httpcomponents/httpclient/4.5.2/httpclient-4.5.2.jar:/home/user/.m2/repository/org/apache/httpcomponents/httpcore/4.4.4/httpcore-4.4.4.jar:/home/user/.m2/repository/commons-codec/commons-codec/1.11/commons-codec-1.11.jar:/home/user/.m2/repository/commons-net/commons-net/3.6/commons-net-3.6.jar:/home/user/.m2/repository/commons-collections/commons-collections/3.2.2/commons-collections-3.2.2.jar:/home/user/.m2/repository/org/eclipse/jetty/jetty-servlet/9.3.24.v20180605/jetty-servlet-9.3.24.v20180605.jar:/home/user/.m2/repository/org/eclipse/jetty/jetty-security/9.3.24.v20180605/jetty-security-9.3.24.v20180605.jar:/home/user/.m2/repository/javax/servlet/jsp/jsp-api/2.1/jsp-api-2.1.jar:/home/user/.m2/repository/com/sun/jersey/jersey-servlet/1.19/jersey-servlet-1.19.jar:/home/user/.m2/repository/com/sun/jersey/jersey-json/1.19/jersey-json-1.19.jar:/home/user/.m2/repository/org/codehaus/jettison/jettison/1.1/jettison-1.1.jar:/home/user/.m2/repository/org/codehaus/jackson/jackson-core-asl/1.9.13/jackson-core-asl-1.9.13.jar:/home/user/.m2/repository/org/codehaus/jackson/jackson-mapper-asl/1.9.13/jackson-mapper-asl-1.9.13.jar:/home/user/.m2/repository/org/codehaus/jackson/jackson-jaxrs/1.9.13/jackson-jaxrs-1.9.13.jar:/home/user/.m2/repository/org/codehaus/jackson/jackson-xc/1.9.13/jackson-xc-1.9.13.jar:/home/user/.m2/repository/commons-logging/commons-logging/1.1.3/commons-logging-1.1.3.jar:/home/user/.m2/repository/commons-beanutils/commons-beanutils/1.9.3/commons-beanutils-1.9.3.jar:/home/user/.m2/repository/org/apache/commons/commons-configuration2/2.1.1/commons-configuration2-2.1.1.jar:/home/user/.m2/repository/org/apache/commons/commons-lang3/3.7/commons-lang3-3.7.jar:/home/user/.m2/repository/org/apache/commons/commons-text/1.4/commons-text-1.4.jar:/home/user/.m2/repository/org/apache/avro/avro/1.7.7/avro-1.7.7.jar:/home/user/.m2/repository/com/thoughtworks/paranamer/paranamer/2.3/paranamer-2.3.jar:/home/user/.m2/repository/org/xerial/snappy/snappy-java/1.0.5/snappy-java-1.0.5.jar:/home/user/.m2/repository/com/google/re2j/re2j/1.1/re2j-1.1.jar:/home/user/.m2/repository/com/google/code/gson/gson/2.2.4/gson-2.2.4.jar:/home/user/.m2/repository/com/jcraft/jsch/0.1.54/jsch-0.1.54.jar:/home/user/.m2/repository/org/apache/curator/curator-client/2.12.0/curator-client-2.12.0.jar:/home/user/.m2/repository/org/apache/curator/curator-recipes/2.12.0/curator-recipes-2.12.0.jar:/home/user/.m2/repository/com/google/code/findbugs/jsr305/3.0.0/jsr305-3.0.0.jar:/home/user/.m2/repository/org/apache/htrace/htrace-core4/4.1.0-incubating/htrace-core4-4.1.0-incubating.jar:/home/user/.m2/repository/org/apache/zookeeper/zookeeper/3.4.13/zookeeper-3.4.13.jar:/home/user/.m2/repository/org/apache/yetus/audience-annotations/0.5.0/audience-annotations-0.5.0.jar:/home/user/.m2/repository/org/codehaus/woodstox/stax2-api/3.1.4/stax2-api-3.1.4.jar:/home/user/.m2/repository/com/fasterxml/woodstox/woodstox-core/5.0.3/woodstox-core-5.0.3.jar:/home/user/.m2/repository/dnsjava/dnsjava/2.1.7/dnsjava-2.1.7.jar:/home/user/.m2/repository/org/apache/hadoop/hadoop-hdfs/3.2.0/hadoop-hdfs-3.2.0-tests.jar:/home/user/.m2/repository/org/eclipse/jetty/jetty-util-ajax/9.3.24.v20180605/jetty-util-ajax-9.3.24.v20180605.jar:/home/user/.m2/repository/commons-daemon/commons-daemon/1.0.13/commons-daemon-1.0.13.jar:/home/user/.m2/repository/io/netty/netty/3.10.5.Final/netty-3.10.5.Final.jar:/home/user/.m2/repository/io/netty/netty-all/4.0.52.Final/netty-all-4.0.52.Final.jar:/home/user/.m2/repository/org/fusesource/leveldbjni/leveldbjni-all/1.8/leveldbjni-all-1.8.jar:"/>
    <property name="java.vm.vendor" value="IcedTea"/>
    <property name="sun.arch.data.model" value="64"/>
    <property name="test.build.dir" value="/workdir/hadoop-ozone/integration-test/target/test-dir"/>
    <property name="test.cache.data" value=""/>
    <property name="java.vendor.url" value="https://icedtea.classpath.org"/>
    <property name="user.timezone" value=""/>
    <property name="java.vm.specification.version" value="1.8"/>
    <property name="os.name" value="Linux"/>
    <property name="test.build.data" value="/workdir/hadoop-ozone/integration-test/target/test-dir"/>
    <property name="user.country" value="US"/>
    <property name="sun.java.launcher" value="SUN_STANDARD"/>
    <property name="sun.boot.library.path" value="/usr/lib/jvm/java-1.8-openjdk/jre/lib/amd64"/>
    <property name="sun.java.command" value="/workdir/hadoop-ozone/integration-test/target/surefire/surefirebooter8676937737277154766.jar /workdir/hadoop-ozone/integration-test/target/surefire 2019-09-11T01-48-59_506-jvmRun1 surefire2156795249014016560tmp surefire_521476682839766706003tmp"/>
    <property name="test" value="!TestMiniChaosOzoneCluster"/>
    <property name="surefire.test.class.path" value="/workdir/hadoop-ozone/integration-test/target/test-classes:/workdir/hadoop-ozone/integration-test/target/classes:/home/user/.m2/repository/org/apache/hadoop/hadoop-ozone-common/0.5.0-SNAPSHOT/hadoop-ozone-common-0.5.0-SNAPSHOT.jar:/home/user/.m2/repository/org/apache/commons/commons-compress/1.4.1/commons-compress-1.4.1.jar:/home/user/.m2/repository/org/tukaani/xz/1.0/xz-1.0.jar:/home/user/.m2/repository/org/apache/hadoop/hadoop-common/3.2.0/hadoop-common-3.2.0.jar:/home/user/.m2/repository/org/apache/hadoop/hadoop-hdfs/3.2.0/hadoop-hdfs-3.2.0.jar:/home/user/.m2/repository/org/apache/hadoop/hadoop-hdfs-client/3.2.0/hadoop-hdfs-client-3.2.0.jar:/home/user/.m2/repository/com/fasterxml/jackson/core/jackson-annotations/2.9.5/jackson-annotations-2.9.5.jar:/home/user/.m2/repository/org/apache/hadoop/hadoop-hdds-common/0.5.0-SNAPSHOT/hadoop-hdds-common-0.5.0-SNAPSHOT.jar:/home/user/.m2/repository/javax/annotation/javax.annotation-api/1.2/javax.annotation-api-1.2.jar:/home/user/.m2/repository/org/apache/ratis/ratis-server/0.4.0-78e95b9-SNAPSHOT/ratis-server-0.4.0-78e95b9-SNAPSHOT.jar:/home/user/.m2/repository/org/apache/ratis/ratis-thirdparty-misc/0.2.0/ratis-thirdparty-misc-0.2.0.jar:/home/user/.m2/repository/org/apache/ratis/ratis-proto/0.4.0-78e95b9-SNAPSHOT/ratis-proto-0.4.0-78e95b9-SNAPSHOT.jar:/home/user/.m2/repository/org/apache/ratis/ratis-common/0.4.0-78e95b9-SNAPSHOT/ratis-common-0.4.0-78e95b9-SNAPSHOT.jar:/home/user/.m2/repository/org/apache/ratis/ratis-client/0.4.0-78e95b9-SNAPSHOT/ratis-client-0.4.0-78e95b9-SNAPSHOT.jar:/home/user/.m2/repository/org/apache/ratis/ratis-metrics/0.4.0-78e95b9-SNAPSHOT/ratis-metrics-0.4.0-78e95b9-SNAPSHOT.jar:/home/user/.m2/repository/com/github/joshelser/dropwizard-metrics-hadoop-metrics2-reporter/0.1.2/dropwizard-metrics-hadoop-metrics2-reporter-0.1.2.jar:/home/user/.m2/repository/io/dropwizard/metrics/metrics-jvm/3.2.5/metrics-jvm-3.2.5.jar:/home/user/.m2/repository/io/dropwizard/metrics/metrics-ganglia/3.2.5/metrics-ganglia-3.2.5.jar:/home/user/.m2/repository/info/ganglia/gmetric4j/gmetric4j/1.0.7/gmetric4j-1.0.7.jar:/home/user/.m2/repository/org/apache/ratis/ratis-netty/0.4.0-78e95b9-SNAPSHOT/ratis-netty-0.4.0-78e95b9-SNAPSHOT.jar:/home/user/.m2/repository/org/apache/ratis/ratis-grpc/0.4.0-78e95b9-SNAPSHOT/ratis-grpc-0.4.0-78e95b9-SNAPSHOT.jar:/home/user/.m2/repository/org/rocksdb/rocksdbjni/6.0.1/rocksdbjni-6.0.1.jar:/home/user/.m2/repository/org/apache/logging/log4j/log4j-api/2.11.0/log4j-api-2.11.0.jar:/home/user/.m2/repository/org/apache/logging/log4j/log4j-core/2.11.0/log4j-core-2.11.0.jar:/home/user/.m2/repository/com/lmax/disruptor/3.4.2/disruptor-3.4.2.jar:/home/user/.m2/repository/org/apache/commons/commons-pool2/2.6.0/commons-pool2-2.6.0.jar:/home/user/.m2/repository/org/bouncycastle/bcpkix-jdk15on/1.60/bcpkix-jdk15on-1.60.jar:/home/user/.m2/repository/commons-validator/commons-validator/1.6/commons-validator-1.6.jar:/home/user/.m2/repository/commons-digester/commons-digester/1.8.1/commons-digester-1.8.1.jar:/home/user/.m2/repository/io/jaegertracing/jaeger-client/0.33.1/jaeger-client-0.33.1.jar:/home/user/.m2/repository/io/jaegertracing/jaeger-thrift/0.33.1/jaeger-thrift-0.33.1.jar:/home/user/.m2/repository/org/apache/thrift/libthrift/0.11.0/libthrift-0.11.0.jar:/home/user/.m2/repository/com/squareup/okhttp3/okhttp/3.9.0/okhttp-3.9.0.jar:/home/user/.m2/repository/com/squareup/okio/okio/1.13.0/okio-1.13.0.jar:/home/user/.m2/repository/io/jaegertracing/jaeger-core/0.33.1/jaeger-core-0.33.1.jar:/home/user/.m2/repository/io/jaegertracing/jaeger-tracerresolver/0.33.1/jaeger-tracerresolver-0.33.1.jar:/home/user/.m2/repository/io/opentracing/contrib/opentracing-tracerresolver/0.1.5/opentracing-tracerresolver-0.1.5.jar:/home/user/.m2/repository/io/opentracing/opentracing-util/0.31.0/opentracing-util-0.31.0.jar:/home/user/.m2/repository/io/opentracing/opentracing-api/0.31.0/opentracing-api-0.31.0.jar:/home/user/.m2/repository/io/opentracing/opentracing-noop/0.31.0/opentracing-noop-0.31.0.jar:/home/user/.m2/repository/org/apache/hadoop/hadoop-hdds-server-framework/0.5.0-SNAPSHOT/hadoop-hdds-server-framework-0.5.0-SNAPSHOT.jar:/home/user/.m2/repository/org/apache/hadoop/hadoop-hdds-container-service/0.5.0-SNAPSHOT/hadoop-hdds-container-service-0.5.0-SNAPSHOT.jar:/home/user/.m2/repository/org/apache/hadoop/hadoop-hdds-client/0.5.0-SNAPSHOT/hadoop-hdds-client-0.5.0-SNAPSHOT.jar:/home/user/.m2/repository/org/apache/hadoop/hadoop-hdds-tools/0.5.0-SNAPSHOT/hadoop-hdds-tools-0.5.0-SNAPSHOT.jar:/home/user/.m2/repository/org/apache/hadoop/hadoop-hdds-server-scm/0.5.0-SNAPSHOT/hadoop-hdds-server-scm-0.5.0-SNAPSHOT.jar:/home/user/.m2/repository/org/apache/hadoop/hadoop-hdds-docs/0.5.0-SNAPSHOT/hadoop-hdds-docs-0.5.0-SNAPSHOT.jar:/home/user/.m2/repository/io/dropwizard/metrics/metrics-core/3.2.4/metrics-core-3.2.4.jar:/home/user/.m2/repository/org/hamcrest/hamcrest-all/1.3/hamcrest-all-1.3.jar:/home/user/.m2/repository/org/bouncycastle/bcprov-jdk15on/1.60/bcprov-jdk15on-1.60.jar:/home/user/.m2/repository/info/picocli/picocli/3.9.6/picocli-3.9.6.jar:/home/user/.m2/repository/com/google/protobuf/protobuf-java/2.5.0/protobuf-java-2.5.0.jar:/home/user/.m2/repository/com/google/guava/guava/11.0.2/guava-11.0.2.jar:/home/user/.m2/repository/org/apache/hadoop/hadoop-ozone-ozone-manager/0.5.0-SNAPSHOT/hadoop-ozone-ozone-manager-0.5.0-SNAPSHOT.jar:/home/user/.m2/repository/org/apache/hadoop/hadoop-minikdc/3.2.0/hadoop-minikdc-3.2.0.jar:/home/user/.m2/repository/commons-io/commons-io/2.5/commons-io-2.5.jar:/home/user/.m2/repository/org/apache/kerby/kerb-simplekdc/1.0.1/kerb-simplekdc-1.0.1.jar:/home/user/.m2/repository/org/apache/kerby/kerb-client/1.0.1/kerb-client-1.0.1.jar:/home/user/.m2/repository/org/apache/kerby/kerby-config/1.0.1/kerby-config-1.0.1.jar:/home/user/.m2/repository/org/apache/kerby/kerb-core/1.0.1/kerb-core-1.0.1.jar:/home/user/.m2/repository/org/apache/kerby/kerby-pkix/1.0.1/kerby-pkix-1.0.1.jar:/home/user/.m2/repository/org/apache/kerby/kerby-asn1/1.0.1/kerby-asn1-1.0.1.jar:/home/user/.m2/repository/org/apache/kerby/kerby-util/1.0.1/kerby-util-1.0.1.jar:/home/user/.m2/repository/org/apache/kerby/kerb-common/1.0.1/kerb-common-1.0.1.jar:/home/user/.m2/repository/org/apache/kerby/kerb-crypto/1.0.1/kerb-crypto-1.0.1.jar:/home/user/.m2/repository/org/apache/kerby/kerb-util/1.0.1/kerb-util-1.0.1.jar:/home/user/.m2/repository/org/apache/kerby/token-provider/1.0.1/token-provider-1.0.1.jar:/home/user/.m2/repository/org/apache/kerby/kerb-admin/1.0.1/kerb-admin-1.0.1.jar:/home/user/.m2/repository/org/apache/kerby/kerb-server/1.0.1/kerb-server-1.0.1.jar:/home/user/.m2/repository/org/apache/kerby/kerb-identity/1.0.1/kerb-identity-1.0.1.jar:/home/user/.m2/repository/org/apache/kerby/kerby-xdr/1.0.1/kerby-xdr-1.0.1.jar:/home/user/.m2/repository/org/slf4j/slf4j-log4j12/1.7.25/slf4j-log4j12-1.7.25.jar:/home/user/.m2/repository/org/apache/hadoop/hadoop-ozone-s3gateway/0.5.0-SNAPSHOT/hadoop-ozone-s3gateway-0.5.0-SNAPSHOT.jar:/home/user/.m2/repository/org/jboss/weld/servlet/weld-servlet/2.4.7.Final/weld-servlet-2.4.7.Final.jar:/home/user/.m2/repository/org/glassfish/jersey/containers/jersey-container-servlet-core/2.27/jersey-container-servlet-core-2.27.jar:/home/user/.m2/repository/org/glassfish/hk2/external/javax.inject/2.5.0-b42/javax.inject-2.5.0-b42.jar:/home/user/.m2/repository/org/glassfish/jersey/core/jersey-common/2.27/jersey-common-2.27.jar:/home/user/.m2/repository/org/glassfish/hk2/osgi-resource-locator/1.0.1/osgi-resource-locator-1.0.1.jar:/home/user/.m2/repository/javax/ws/rs/javax.ws.rs-api/2.1/javax.ws.rs-api-2.1.jar:/home/user/.m2/repository/org/glassfish/jersey/ext/cdi/jersey-cdi1x/2.27/jersey-cdi1x-2.27.jar:/home/user/.m2/repository/org/glassfish/jersey/inject/jersey-hk2/2.27/jersey-hk2-2.27.jar:/home/user/.m2/repository/org/glassfish/hk2/hk2-locator/2.5.0-b42/hk2-locator-2.5.0-b42.jar:/home/user/.m2/repository/org/javassist/javassist/3.22.0-CR2/javassist-3.22.0-CR2.jar:/home/user/.m2/repository/org/glassfish/hk2/hk2-api/2.5.0/hk2-api-2.5.0.jar:/home/user/.m2/repository/org/glassfish/hk2/external/jakarta.inject/2.5.0/jakarta.inject-2.5.0.jar:/home/user/.m2/repository/org/glassfish/hk2/hk2-utils/2.5.0/hk2-utils-2.5.0.jar:/home/user/.m2/repository/jakarta/annotation/jakarta.annotation-api/1.3.4/jakarta.annotation-api-1.3.4.jar:/home/user/.m2/repository/org/glassfish/hk2/external/aopalliance-repackaged/2.5.0/aopalliance-repackaged-2.5.0.jar:/home/user/.m2/repository/com/fasterxml/jackson/dataformat/jackson-dataformat-xml/2.9.0/jackson-dataformat-xml-2.9.0.jar:/home/user/.m2/repository/com/fasterxml/jackson/core/jackson-core/2.9.5/jackson-core-2.9.5.jar:/home/user/.m2/repository/com/fasterxml/jackson/module/jackson-module-jaxb-annotations/2.9.5/jackson-module-jaxb-annotations-2.9.5.jar:/home/user/.m2/repository/javax/enterprise/cdi-api/1.2/cdi-api-1.2.jar:/home/user/.m2/repository/javax/el/javax.el-api/3.0.0/javax.el-api-3.0.0.jar:/home/user/.m2/repository/javax/interceptor/javax.interceptor-api/1.2/javax.interceptor-api-1.2.jar:/home/user/.m2/repository/javax/inject/javax.inject/1/javax.inject-1.jar:/home/user/.m2/repository/com/sun/xml/bind/jaxb-impl/2.3.0.1/jaxb-impl-2.3.0.1.jar:/home/user/.m2/repository/com/sun/xml/bind/jaxb-core/2.3.0.1/jaxb-core-2.3.0.1.jar:/home/user/.m2/repository/javax/xml/bind/jaxb-api/2.3.0/jaxb-api-2.3.0.jar:/home/user/.m2/repository/javax/activation/activation/1.1.1/activation-1.1.1.jar:/home/user/.m2/repository/org/apache/hadoop/hadoop-ozone-csi/0.5.0-SNAPSHOT/hadoop-ozone-csi-0.5.0-SNAPSHOT.jar:/home/user/.m2/repository/com/google/protobuf/protobuf-java-util/3.5.1/protobuf-java-util-3.5.1.jar:/home/user/.m2/repository/org/apache/hadoop/hadoop-hdds-config/0.5.0-SNAPSHOT/hadoop-hdds-config-0.5.0-SNAPSHOT.jar:/home/user/.m2/repository/io/grpc/grpc-netty/1.17.1/grpc-netty-1.17.1.jar:/home/user/.m2/repository/io/grpc/grpc-core/1.17.1/grpc-core-1.17.1.jar:/home/user/.m2/repository/io/grpc/grpc-context/1.17.1/grpc-context-1.17.1.jar:/home/user/.m2/repository/com/google/errorprone/error_prone_annotations/2.2.0/error_prone_annotations-2.2.0.jar:/home/user/.m2/repository/org/codehaus/mojo/animal-sniffer-annotations/1.17/animal-sniffer-annotations-1.17.jar:/home/user/.m2/repository/io/opencensus/opencensus-api/0.17.0/opencensus-api-0.17.0.jar:/home/user/.m2/repository/io/opencensus/opencensus-contrib-grpc-metrics/0.17.0/opencensus-contrib-grpc-metrics-0.17.0.jar:/home/user/.m2/repository/io/netty/netty-codec-http2/4.1.30.Final/netty-codec-http2-4.1.30.Final.jar:/home/user/.m2/repository/io/netty/netty-codec-http/4.1.30.Final/netty-codec-http-4.1.30.Final.jar:/home/user/.m2/repository/io/netty/netty-codec/4.1.30.Final/netty-codec-4.1.30.Final.jar:/home/user/.m2/repository/io/netty/netty-handler/4.1.30.Final/netty-handler-4.1.30.Final.jar:/home/user/.m2/repository/io/netty/netty-handler-proxy/4.1.30.Final/netty-handler-proxy-4.1.30.Final.jar:/home/user/.m2/repository/io/netty/netty-codec-socks/4.1.30.Final/netty-codec-socks-4.1.30.Final.jar:/home/user/.m2/repository/io/netty/netty-transport-native-epoll/4.1.30.Final/netty-transport-native-epoll-4.1.30.Final.jar:/home/user/.m2/repository/io/netty/netty-common/4.1.30.Final/netty-common-4.1.30.Final.jar:/home/user/.m2/repository/io/netty/netty-buffer/4.1.30.Final/netty-buffer-4.1.30.Final.jar:/home/user/.m2/repository/io/netty/netty-transport/4.1.30.Final/netty-transport-4.1.30.Final.jar:/home/user/.m2/repository/io/netty/netty-resolver/4.1.30.Final/netty-resolver-4.1.30.Final.jar:/home/user/.m2/repository/io/netty/netty-transport-native-unix-common/4.1.30.Final/netty-transport-native-unix-common-4.1.30.Final.jar:/home/user/.m2/repository/io/grpc/grpc-protobuf/1.17.1/grpc-protobuf-1.17.1.jar:/home/user/.m2/repository/com/google/api/grpc/proto-google-common-protos/1.0.0/proto-google-common-protos-1.0.0.jar:/home/user/.m2/repository/io/grpc/grpc-protobuf-lite/1.17.1/grpc-protobuf-lite-1.17.1.jar:/home/user/.m2/repository/io/grpc/grpc-stub/1.17.1/grpc-stub-1.17.1.jar:/home/user/.m2/repository/org/apache/hadoop/hadoop-ozone-recon/0.5.0-SNAPSHOT/hadoop-ozone-recon-0.5.0-SNAPSHOT.jar:/home/user/.m2/repository/org/apache/hadoop/hadoop-ozone-reconcodegen/0.5.0-SNAPSHOT/hadoop-ozone-reconcodegen-0.5.0-SNAPSHOT.jar:/home/user/.m2/repository/com/google/inject/extensions/guice-multibindings/4.0/guice-multibindings-4.0.jar:/home/user/.m2/repository/com/google/inject/guice/4.0/guice-4.0.jar:/home/user/.m2/repository/aopalliance/aopalliance/1.0/aopalliance-1.0.jar:/home/user/.m2/repository/com/google/inject/extensions/guice-servlet/4.0/guice-servlet-4.0.jar:/home/user/.m2/repository/org/glassfish/jersey/containers/jersey-container-servlet/2.27/jersey-container-servlet-2.27.jar:/home/user/.m2/repository/org/glassfish/hk2/guice-bridge/2.5.0/guice-bridge-2.5.0.jar:/home/user/.m2/repository/org/glassfish/jersey/core/jersey-server/2.27/jersey-server-2.27.jar:/home/user/.m2/repository/org/glassfish/jersey/core/jersey-client/2.27/jersey-client-2.27.jar:/home/user/.m2/repository/org/glassfish/jersey/media/jersey-media-jaxb/2.27/jersey-media-jaxb-2.27.jar:/home/user/.m2/repository/javax/validation/validation-api/1.1.0.Final/validation-api-1.1.0.Final.jar:/home/user/.m2/repository/org/glassfish/jersey/media/jersey-media-json-jackson/2.27/jersey-media-json-jackson-2.27.jar:/home/user/.m2/repository/org/glassfish/jersey/ext/jersey-entity-filtering/2.27/jersey-entity-filtering-2.27.jar:/home/user/.m2/repository/com/google/inject/extensions/guice-assistedinject/4.0/guice-assistedinject-4.0.jar:/home/user/.m2/repository/org/jooq/jooq/3.11.10/jooq-3.11.10.jar:/home/user/.m2/repository/org/jooq/jooq-meta/3.11.10/jooq-meta-3.11.10.jar:/home/user/.m2/repository/org/jooq/jooq-codegen/3.11.10/jooq-codegen-3.11.10.jar:/home/user/.m2/repository/com/jolbox/bonecp/0.8.0.RELEASE/bonecp-0.8.0.RELEASE.jar:/home/user/.m2/repository/org/xerial/sqlite-jdbc/3.25.2/sqlite-jdbc-3.25.2.jar:/home/user/.m2/repository/org/springframework/spring-jdbc/5.1.3.RELEASE/spring-jdbc-5.1.3.RELEASE.jar:/home/user/.m2/repository/org/springframework/spring-beans/5.1.3.RELEASE/spring-beans-5.1.3.RELEASE.jar:/home/user/.m2/repository/org/springframework/spring-core/5.1.3.RELEASE/spring-core-5.1.3.RELEASE.jar:/home/user/.m2/repository/org/springframework/spring-jcl/5.1.3.RELEASE/spring-jcl-5.1.3.RELEASE.jar:/home/user/.m2/repository/org/springframework/spring-tx/5.1.3.RELEASE/spring-tx-5.1.3.RELEASE.jar:/home/user/.m2/repository/org/apache/hadoop/hadoop-ozone-client/0.5.0-SNAPSHOT/hadoop-ozone-client-0.5.0-SNAPSHOT.jar:/home/user/.m2/repository/commons-lang/commons-lang/2.6/commons-lang-2.6.jar:/home/user/.m2/repository/org/apache/hadoop/hadoop-ozone-ozone-manager/0.5.0-SNAPSHOT/hadoop-ozone-ozone-manager-0.5.0-SNAPSHOT-tests.jar:/home/user/.m2/repository/junit/junit/4.11/junit-4.11.jar:/home/user/.m2/repository/org/hamcrest/hamcrest-core/1.3/hamcrest-core-1.3.jar:/home/user/.m2/repository/org/openjdk/jmh/jmh-core/1.19/jmh-core-1.19.jar:/home/user/.m2/repository/net/sf/jopt-simple/jopt-simple/4.6/jopt-simple-4.6.jar:/home/user/.m2/repository/org/apache/commons/commons-math3/3.1.1/commons-math3-3.1.1.jar:/home/user/.m2/repository/org/openjdk/jmh/jmh-generator-annprocess/1.19/jmh-generator-annprocess-1.19.jar:/home/user/.m2/repository/org/mockito/mockito-all/1.8.5/mockito-all-1.8.5.jar:/home/user/.m2/repository/org/apache/hadoop/hadoop-kms/3.2.0/hadoop-kms-3.2.0.jar:/home/user/.m2/repository/org/apache/hadoop/hadoop-auth/3.2.0/hadoop-auth-3.2.0.jar:/home/user/.m2/repository/com/nimbusds/nimbus-jose-jwt/4.41.1/nimbus-jose-jwt-4.41.1.jar:/home/user/.m2/repository/com/github/stephenc/jcip/jcip-annotations/1.0-1/jcip-annotations-1.0-1.jar:/home/user/.m2/repository/net/minidev/json-smart/2.3/json-smart-2.3.jar:/home/user/.m2/repository/net/minidev/accessors-smart/1.2/accessors-smart-1.2.jar:/home/user/.m2/repository/org/ow2/asm/asm/5.0.4/asm-5.0.4.jar:/home/user/.m2/repository/org/apache/curator/curator-framework/2.12.0/curator-framework-2.12.0.jar:/home/user/.m2/repository/com/sun/jersey/jersey-core/1.19/jersey-core-1.19.jar:/home/user/.m2/repository/javax/ws/rs/jsr311-api/1.1.1/jsr311-api-1.1.1.jar:/home/user/.m2/repository/com/sun/jersey/jersey-server/1.19/jersey-server-1.19.jar:/home/user/.m2/repository/javax/servlet/javax.servlet-api/3.1.0/javax.servlet-api-3.1.0.jar:/home/user/.m2/repository/org/eclipse/jetty/jetty-server/9.3.24.v20180605/jetty-server-9.3.24.v20180605.jar:/home/user/.m2/repository/org/eclipse/jetty/jetty-http/9.3.24.v20180605/jetty-http-9.3.24.v20180605.jar:/home/user/.m2/repository/org/eclipse/jetty/jetty-io/9.3.24.v20180605/jetty-io-9.3.24.v20180605.jar:/home/user/.m2/repository/org/eclipse/jetty/jetty-webapp/9.3.24.v20180605/jetty-webapp-9.3.24.v20180605.jar:/home/user/.m2/repository/org/eclipse/jetty/jetty-xml/9.3.24.v20180605/jetty-xml-9.3.24.v20180605.jar:/home/user/.m2/repository/log4j/log4j/1.2.17/log4j-1.2.17.jar:/home/user/.m2/repository/org/slf4j/slf4j-api/1.7.25/slf4j-api-1.7.25.jar:/home/user/.m2/repository/org/slf4j/jul-to-slf4j/1.7.25/jul-to-slf4j-1.7.25.jar:/home/user/.m2/repository/org/eclipse/jetty/jetty-util/9.3.24.v20180605/jetty-util-9.3.24.v20180605.jar:/home/user/.m2/repository/com/fasterxml/jackson/core/jackson-databind/2.9.5/jackson-databind-2.9.5.jar:/home/user/.m2/repository/org/apache/hadoop/hadoop-kms/3.2.0/hadoop-kms-3.2.0-tests.jar:/home/user/.m2/repository/org/apache/hadoop/hadoop-hdds-server-scm/0.5.0-SNAPSHOT/hadoop-hdds-server-scm-0.5.0-SNAPSHOT-tests.jar:/home/user/.m2/repository/org/apache/hadoop/hadoop-hdds-container-service/0.5.0-SNAPSHOT/hadoop-hdds-container-service-0.5.0-SNAPSHOT-tests.jar:/home/user/.m2/repository/org/yaml/snakeyaml/1.16/snakeyaml-1.16.jar:/home/user/.m2/repository/org/apache/hadoop/hadoop-common/3.2.0/hadoop-common-3.2.0-tests.jar:/home/user/.m2/repository/org/apache/hadoop/hadoop-annotations/3.2.0/hadoop-annotations-3.2.0.jar:/usr/lib/jvm/java-1.8-openjdk/jre/../lib/tools.jar:/home/user/.m2/repository/commons-cli/commons-cli/1.2/commons-cli-1.2.jar:/home/user/.m2/repository/org/apache/httpcomponents/httpclient/4.5.2/httpclient-4.5.2.jar:/home/user/.m2/repository/org/apache/httpcomponents/httpcore/4.4.4/httpcore-4.4.4.jar:/home/user/.m2/repository/commons-codec/commons-codec/1.11/commons-codec-1.11.jar:/home/user/.m2/repository/commons-net/commons-net/3.6/commons-net-3.6.jar:/home/user/.m2/repository/commons-collections/commons-collections/3.2.2/commons-collections-3.2.2.jar:/home/user/.m2/repository/org/eclipse/jetty/jetty-servlet/9.3.24.v20180605/jetty-servlet-9.3.24.v20180605.jar:/home/user/.m2/repository/org/eclipse/jetty/jetty-security/9.3.24.v20180605/jetty-security-9.3.24.v20180605.jar:/home/user/.m2/repository/javax/servlet/jsp/jsp-api/2.1/jsp-api-2.1.jar:/home/user/.m2/repository/com/sun/jersey/jersey-servlet/1.19/jersey-servlet-1.19.jar:/home/user/.m2/repository/com/sun/jersey/jersey-json/1.19/jersey-json-1.19.jar:/home/user/.m2/repository/org/codehaus/jettison/jettison/1.1/jettison-1.1.jar:/home/user/.m2/repository/org/codehaus/jackson/jackson-core-asl/1.9.13/jackson-core-asl-1.9.13.jar:/home/user/.m2/repository/org/codehaus/jackson/jackson-mapper-asl/1.9.13/jackson-mapper-asl-1.9.13.jar:/home/user/.m2/repository/org/codehaus/jackson/jackson-jaxrs/1.9.13/jackson-jaxrs-1.9.13.jar:/home/user/.m2/repository/org/codehaus/jackson/jackson-xc/1.9.13/jackson-xc-1.9.13.jar:/home/user/.m2/repository/commons-logging/commons-logging/1.1.3/commons-logging-1.1.3.jar:/home/user/.m2/repository/commons-beanutils/commons-beanutils/1.9.3/commons-beanutils-1.9.3.jar:/home/user/.m2/repository/org/apache/commons/commons-configuration2/2.1.1/commons-configuration2-2.1.1.jar:/home/user/.m2/repository/org/apache/commons/commons-lang3/3.7/commons-lang3-3.7.jar:/home/user/.m2/repository/org/apache/commons/commons-text/1.4/commons-text-1.4.jar:/home/user/.m2/repository/org/apache/avro/avro/1.7.7/avro-1.7.7.jar:/home/user/.m2/repository/com/thoughtworks/paranamer/paranamer/2.3/paranamer-2.3.jar:/home/user/.m2/repository/org/xerial/snappy/snappy-java/1.0.5/snappy-java-1.0.5.jar:/home/user/.m2/repository/com/google/re2j/re2j/1.1/re2j-1.1.jar:/home/user/.m2/repository/com/google/code/gson/gson/2.2.4/gson-2.2.4.jar:/home/user/.m2/repository/com/jcraft/jsch/0.1.54/jsch-0.1.54.jar:/home/user/.m2/repository/org/apache/curator/curator-client/2.12.0/curator-client-2.12.0.jar:/home/user/.m2/repository/org/apache/curator/curator-recipes/2.12.0/curator-recipes-2.12.0.jar:/home/user/.m2/repository/com/google/code/findbugs/jsr305/3.0.0/jsr305-3.0.0.jar:/home/user/.m2/repository/org/apache/htrace/htrace-core4/4.1.0-incubating/htrace-core4-4.1.0-incubating.jar:/home/user/.m2/repository/org/apache/zookeeper/zookeeper/3.4.13/zookeeper-3.4.13.jar:/home/user/.m2/repository/org/apache/yetus/audience-annotations/0.5.0/audience-annotations-0.5.0.jar:/home/user/.m2/repository/org/codehaus/woodstox/stax2-api/3.1.4/stax2-api-3.1.4.jar:/home/user/.m2/repository/com/fasterxml/woodstox/woodstox-core/5.0.3/woodstox-core-5.0.3.jar:/home/user/.m2/repository/dnsjava/dnsjava/2.1.7/dnsjava-2.1.7.jar:/home/user/.m2/repository/org/apache/hadoop/hadoop-hdfs/3.2.0/hadoop-hdfs-3.2.0-tests.jar:/home/user/.m2/repository/org/eclipse/jetty/jetty-util-ajax/9.3.24.v20180605/jetty-util-ajax-9.3.24.v20180605.jar:/home/user/.m2/repository/commons-daemon/commons-daemon/1.0.13/commons-daemon-1.0.13.jar:/home/user/.m2/repository/io/netty/netty/3.10.5.Final/netty-3.10.5.Final.jar:/home/user/.m2/repository/io/netty/netty-all/4.0.52.Final/netty-all-4.0.52.Final.jar:/home/user/.m2/repository/org/fusesource/leveldbjni/leveldbjni-all/1.8/leveldbjni-all-1.8.jar:"/>
    <property name="sun.cpu.endian" value="little"/>
    <property name="user.home" value="/home/user"/>
    <property name="user.language" value="en"/>
    <property name="java.specification.vendor" value="Oracle Corporation"/>
    <property name="java.home" value="/usr/lib/jvm/java-1.8-openjdk/jre"/>
    <property name="java.security.krb5.conf" value="/workdir/hadoop-ozone/integration-test/target/test-classes/krb5.conf"/>
    <property name="basedir" value="/workdir/hadoop-ozone/integration-test"/>
    <property name="file.separator" value="/"/>
    <property name="line.separator" value="&#10;"/>
    <property name="java.vm.specification.vendor" value="Oracle Corporation"/>
    <property name="java.specification.name" value="Java Platform API Specification"/>
    <property name="java.awt.graphicsenv" value="sun.awt.X11GraphicsEnvironment"/>
    <property name="surefire.real.class.path" value="/workdir/hadoop-ozone/integration-test/target/surefire/surefirebooter8676937737277154766.jar"/>
    <property name="hadoop.log.dir" value="/workdir/hadoop-ozone/integration-test/target/log"/>
    <property name="sun.boot.class.path" value="/usr/lib/jvm/java-1.8-openjdk/jre/lib/resources.jar:/usr/lib/jvm/java-1.8-openjdk/jre/lib/rt.jar:/usr/lib/jvm/java-1.8-openjdk/jre/lib/sunrsasign.jar:/usr/lib/jvm/java-1.8-openjdk/jre/lib/jsse.jar:/usr/lib/jvm/java-1.8-openjdk/jre/lib/jce.jar:/usr/lib/jvm/java-1.8-openjdk/jre/lib/charsets.jar:/usr/lib/jvm/java-1.8-openjdk/jre/lib/jfr.jar:/usr/lib/jvm/java-1.8-openjdk/jre/classes"/>
    <property name="sun.management.compiler" value="HotSpot 64-Bit Tiered Compilers"/>
    <property name="java.runtime.version" value="1.8.0_212-b04"/>
    <property name="java.net.preferIPv4Stack" value="true"/>
    <property name="user.name" value="jenkins1000"/>
    <property name="path.separator" value=":"/>
    <property name="java.security.egd" value="file:///dev/urandom"/>
    <property name="os.version" value="3.10.0-957.12.2.el7.x86_64"/>
    <property name="java.endorsed.dirs" value="/usr/lib/jvm/java-1.8-openjdk/jre/lib/endorsed"/>
    <property name="java.runtime.name" value="OpenJDK Runtime Environment"/>
    <property name="file.encoding" value="UTF-8"/>
    <property name="java.vm.name" value="OpenJDK 64-Bit Server VM"/>
    <property name="test.build.webapps" value=""/>
    <property name="localRepository" value="/home/user/.m2/repository"/>
    <property name="java.vendor.url.bug" value="https://icedtea.classpath.org/bugzilla"/>
    <property name="java.io.tmpdir" value="/tmp"/>
    <property name="require.test.libhadoop" value=""/>
    <property name="java.version" value="1.8.0_212"/>
    <property name="user.dir" value="/workdir/hadoop-ozone/integration-test"/>
    <property name="os.arch" value="amd64"/>
    <property name="java.vm.specification.name" value="Java Virtual Machine Specification"/>
    <property name="test.build.classes" value="/workdir/hadoop-ozone/integration-test/target/test-classes"/>
    <property name="java.awt.printerjob" value="sun.print.PSPrinterJob"/>
    <property name="sun.os.patch.level" value="unknown"/>
    <property name="hadoop.tmp.dir" value="/workdir/hadoop-ozone/integration-test/target/tmp"/>
    <property name="java.library.path" value="/usr/lib/jvm/java-1.8-openjdk/jre/lib/amd64/server:/usr/lib/jvm/java-1.8-openjdk/jre/lib/amd64:/usr/lib/jvm/java-1.8-openjdk/jre/../lib/amd64:/workdir/hadoop-ozone/integration-test/target/native/target/usr/local/lib:/workdir/hadoop-ozone/integration-test/../../hadoop-common-project/hadoop-common/target/native/target/usr/local/lib:/usr/java/packages/lib/amd64:/usr/lib64:/lib64:/lib:/usr/lib"/>
    <property name="java.vm.info" value="mixed mode"/>
    <property name="java.vendor" value="IcedTea"/>
    <property name="java.vm.version" value="25.212-b04"/>
    <property name="java.ext.dirs" value="/usr/lib/jvm/java-1.8-openjdk/jre/lib/ext:/usr/java/packages/lib/ext"/>
    <property name="sun.io.unicode.encoding" value="UnicodeLittle"/>
    <property name="java.class.version" value="52.0"/>
  </properties>
  <testcase name="testMultiBlockWritesWithIntermittentDnFailures" classname="org.apache.hadoop.ozone.client.rpc.TestMultiBlockWritesWithDnFailures" time="103.434">
    <error message="Allocated 0 blocks. Requested 1 blocks" type="INTERNAL_ERROR org.apache.hadoop.ozone.om.exceptions.OMException">INTERNAL_ERROR org.apache.hadoop.ozone.om.exceptions.OMException: Allocated 0 blocks. Requested 1 blocks
	at org.apache.hadoop.ozone.om.protocolPB.OzoneManagerProtocolClientSideTranslatorPB.handleError(OzoneManagerProtocolClientSideTranslatorPB.java:725)
	at org.apache.hadoop.ozone.om.protocolPB.OzoneManagerProtocolClientSideTranslatorPB.allocateBlock(OzoneManagerProtocolClientSideTranslatorPB.java:757)
	at org.apache.hadoop.ozone.client.io.BlockOutputStreamEntryPool.allocateNewBlock(BlockOutputStreamEntryPool.java:248)
	at org.apache.hadoop.ozone.client.io.BlockOutputStreamEntryPool.allocateBlockIfNeeded(BlockOutputStreamEntryPool.java:296)
	at org.apache.hadoop.ozone.client.io.KeyOutputStream.handleWrite(KeyOutputStream.java:201)
	at org.apache.hadoop.ozone.client.io.KeyOutputStream.handleRetry(KeyOutputStream.java:376)
	at org.apache.hadoop.ozone.client.io.KeyOutputStream.handleException(KeyOutputStream.java:325)
	at org.apache.hadoop.ozone.client.io.KeyOutputStream.handleWrite(KeyOutputStream.java:231)
	at org.apache.hadoop.ozone.client.io.KeyOutputStream.write(KeyOutputStream.java:193)
	at org.apache.hadoop.ozone.client.io.OzoneOutputStream.write(OzoneOutputStream.java:49)
	at java.io.OutputStream.write(OutputStream.java:75)
	at org.apache.hadoop.ozone.client.rpc.TestMultiBlockWritesWithDnFailures.testMultiBlockWritesWithIntermittentDnFailures(TestMultiBlockWritesWithDnFailures.java:192)
	at sun.reflect.NativeMethodAccessorImpl.invoke0(Native Method)
	at sun.reflect.NativeMethodAccessorImpl.invoke(NativeMethodAccessorImpl.java:62)
	at sun.reflect.DelegatingMethodAccessorImpl.invoke(DelegatingMethodAccessorImpl.java:43)
	at java.lang.reflect.Method.invoke(Method.java:498)
	at org.junit.runners.model.FrameworkMethod$1.runReflectiveCall(FrameworkMethod.java:47)
	at org.junit.internal.runners.model.ReflectiveCallable.run(ReflectiveCallable.java:12)
	at org.junit.runners.model.FrameworkMethod.invokeExplosively(FrameworkMethod.java:44)
	at org.junit.internal.runners.statements.InvokeMethod.evaluate(InvokeMethod.java:17)
	at org.junit.internal.runners.statements.RunAfters.evaluate(RunAfters.java:27)
	at org.junit.runners.ParentRunner.runLeaf(ParentRunner.java:271)
	at org.junit.runners.BlockJUnit4ClassRunner.runChild(BlockJUnit4ClassRunner.java:70)
	at org.junit.runners.BlockJUnit4ClassRunner.runChild(BlockJUnit4ClassRunner.java:50)
	at org.junit.runners.ParentRunner$3.run(ParentRunner.java:238)
	at org.junit.runners.ParentRunner$1.schedule(ParentRunner.java:63)
	at org.junit.runners.ParentRunner.runChildren(ParentRunner.java:236)
	at org.junit.runners.ParentRunner.access$000(ParentRunner.java:53)
	at org.junit.runners.ParentRunner$2.evaluate(ParentRunner.java:229)
	at org.junit.runners.ParentRunner.run(ParentRunner.java:309)
	at org.apache.maven.surefire.junit4.JUnit4Provider.execute(JUnit4Provider.java:365)
	at org.apache.maven.surefire.junit4.JUnit4Provider.executeWithRerun(JUnit4Provider.java:273)
	at org.apache.maven.surefire.junit4.JUnit4Provider.executeTestSet(JUnit4Provider.java:238)
	at org.apache.maven.surefire.junit4.JUnit4Provider.invoke(JUnit4Provider.java:159)
	at org.apache.maven.surefire.booter.ForkedBooter.invokeProviderInSameClassLoader(ForkedBooter.java:384)
	at org.apache.maven.surefire.booter.ForkedBooter.runSuitesInProcess(ForkedBooter.java:345)
	at org.apache.maven.surefire.booter.ForkedBooter.execute(ForkedBooter.java:126)
	at org.apache.maven.surefire.booter.ForkedBooter.main(ForkedBooter.java:418)
</error>
    <system-out><![CDATA[2019-09-11 03:15:18,468 [main] WARN  server.ServerUtils (ServerUtils.java:getScmDbDir(145)) - ozone.scm.db.dirs is not configured. We recommend adding this setting. Falling back to ozone.metadata.dirs instead.
2019-09-11 03:15:18,614 [main] WARN  server.ServerUtils (ServerUtils.java:getScmDbDir(145)) - ozone.scm.db.dirs is not configured. We recommend adding this setting. Falling back to ozone.metadata.dirs instead.
2019-09-11 03:15:18,618 [main] WARN  server.ServerUtils (ServerUtils.java:getScmDbDir(145)) - ozone.scm.db.dirs is not configured. We recommend adding this setting. Falling back to ozone.metadata.dirs instead.
2019-09-11 03:15:18,640 [main] INFO  util.log (Log.java:initialized(192)) - Logging initialized @947ms
2019-09-11 03:15:18,745 [main] INFO  db.DBStoreBuilder (DBStoreBuilder.java:addTable(110)) - using custom profile for table: deletedBlocks
2019-09-11 03:15:18,746 [main] INFO  db.DBStoreBuilder (DBStoreBuilder.java:processTables(161)) - Using default column profile:DBProfile.DISK for Table:deletedBlocks
2019-09-11 03:15:18,746 [main] INFO  db.DBStoreBuilder (DBStoreBuilder.java:addTable(110)) - using custom profile for table: validCerts
2019-09-11 03:15:18,746 [main] INFO  db.DBStoreBuilder (DBStoreBuilder.java:processTables(161)) - Using default column profile:DBProfile.DISK for Table:validCerts
2019-09-11 03:15:18,747 [main] INFO  db.DBStoreBuilder (DBStoreBuilder.java:addTable(110)) - using custom profile for table: revokedCerts
2019-09-11 03:15:18,747 [main] INFO  db.DBStoreBuilder (DBStoreBuilder.java:processTables(161)) - Using default column profile:DBProfile.DISK for Table:revokedCerts
2019-09-11 03:15:18,759 [main] INFO  db.DBStoreBuilder (DBStoreBuilder.java:addTable(110)) - using custom profile for table: default
2019-09-11 03:15:18,759 [main] INFO  db.DBStoreBuilder (DBStoreBuilder.java:processTables(167)) - Using default column profile:DBProfile.DISK for Table:default
2019-09-11 03:15:18,760 [main] INFO  db.DBStoreBuilder (DBStoreBuilder.java:getDbProfile(198)) - Using default options. DBProfile.DISK
2019-09-11 03:15:19,098 [main] INFO  net.NodeSchemaLoader (NodeSchemaLoader.java:loadSchemaFromFile(125)) - Loading file from sun.misc.CompoundEnumeration@3270d194
2019-09-11 03:15:19,100 [main] INFO  net.NodeSchemaLoader (NodeSchemaLoader.java:loadSchema(171)) - Loading network topology layer schema file
2019-09-11 03:15:19,174 [main] INFO  node.SCMNodeManager (SCMNodeManager.java:<init>(114)) - Entering startup safe mode.
2019-09-11 03:15:19,250 [main] INFO  algorithms.ContainerPlacementPolicyFactory (ContainerPlacementPolicyFactory.java:getPolicy(57)) - Create container placement policy of type org.apache.hadoop.hdds.scm.container.placement.algorithms.SCMContainerPlacementRandom
2019-09-11 03:15:19,266 [main] WARN  server.ServerUtils (ServerUtils.java:getScmDbDir(145)) - ozone.scm.db.dirs is not configured. We recommend adding this setting. Falling back to ozone.metadata.dirs instead.
2019-09-11 03:15:19,373 [main] INFO  pipeline.SCMPipelineManager (SCMPipelineManager.java:initializePipelineState(128)) - No pipeline exists in current db
2019-09-11 03:15:19,375 [main] WARN  server.ServerUtils (ServerUtils.java:getScmDbDir(145)) - ozone.scm.db.dirs is not configured. We recommend adding this setting. Falling back to ozone.metadata.dirs instead.
2019-09-11 03:15:19,499 [main] WARN  events.EventQueue (EventQueue.java:fireEvent(183)) - No event handler registered for event TypedEvent{payloadType=SafeModeStatus, name='SafeModeStatus'}
2019-09-11 03:15:19,878 [main] INFO  ipc.CallQueueManager (CallQueueManager.java:<init>(84)) - Using callQueue: class java.util.concurrent.LinkedBlockingQueue, queueCapacity: 2000, scheduler: class org.apache.hadoop.ipc.DefaultRpcScheduler, ipcBackoff: false.
2019-09-11 03:15:19,908 [Socket Reader #1 for port 32786] INFO  ipc.Server (Server.java:run(1074)) - Starting Socket Reader #1 for port 32786
2019-09-11 03:15:20,069 [main] INFO  ipc.CallQueueManager (CallQueueManager.java:<init>(84)) - Using callQueue: class java.util.concurrent.LinkedBlockingQueue, queueCapacity: 2000, scheduler: class org.apache.hadoop.ipc.DefaultRpcScheduler, ipcBackoff: false.
2019-09-11 03:15:20,070 [Socket Reader #1 for port 37790] INFO  ipc.Server (Server.java:run(1074)) - Starting Socket Reader #1 for port 37790
2019-09-11 03:15:20,082 [main] INFO  ipc.CallQueueManager (CallQueueManager.java:<init>(84)) - Using callQueue: class java.util.concurrent.LinkedBlockingQueue, queueCapacity: 2000, scheduler: class org.apache.hadoop.ipc.DefaultRpcScheduler, ipcBackoff: false.
2019-09-11 03:15:20,083 [Socket Reader #1 for port 39994] INFO  ipc.Server (Server.java:run(1074)) - Starting Socket Reader #1 for port 39994
2019-09-11 03:15:20,109 [main] INFO  hdfs.DFSUtil (DFSUtil.java:httpServerTemplateForNNAndJN(1641)) - Starting Web-server for scm at: http://0.0.0.0:0
2019-09-11 03:15:20,263 [main] INFO  server.AuthenticationFilter (AuthenticationFilter.java:constructSecretProvider(240)) - Unable to initialize FileSignerSecretProvider, falling back to use random secrets.
2019-09-11 03:15:20,271 [main] WARN  http.HttpRequestLog (HttpRequestLog.java:getRequestLog(97)) - Jetty request log can only be enabled using Log4j
2019-09-11 03:15:20,280 [main] INFO  http.HttpServer2 (HttpServer2.java:addGlobalFilter(975)) - Added global filter 'safety' (class=org.apache.hadoop.http.HttpServer2$QuotingInputFilter)
2019-09-11 03:15:20,285 [main] INFO  http.HttpServer2 (HttpServer2.java:addFilter(948)) - Added filter static_user_filter (class=org.apache.hadoop.http.lib.StaticUserWebFilter$StaticUserFilter) to context scm
2019-09-11 03:15:20,285 [main] INFO  http.HttpServer2 (HttpServer2.java:addFilter(958)) - Added filter static_user_filter (class=org.apache.hadoop.http.lib.StaticUserWebFilter$StaticUserFilter) to context logs
2019-09-11 03:15:20,286 [main] INFO  http.HttpServer2 (HttpServer2.java:addFilter(958)) - Added filter static_user_filter (class=org.apache.hadoop.http.lib.StaticUserWebFilter$StaticUserFilter) to context static
2019-09-11 03:15:20,332 [main] INFO  server.StorageContainerManager (StorageContainerManager.java:start(763)) - StorageContainerLocationProtocol RPC server is listening at /0.0.0.0:39994
2019-09-11 03:15:20,402 [main] WARN  impl.MetricsConfig (MetricsConfig.java:loadFirst(134)) - Cannot locate configuration: tried hadoop-metrics2-storagecontainermanager.properties,hadoop-metrics2.properties
2019-09-11 03:15:20,415 [main] INFO  impl.MetricsSystemImpl (MetricsSystemImpl.java:startTimer(374)) - Scheduled Metric snapshot period at 10 second(s).
2019-09-11 03:15:20,415 [main] INFO  impl.MetricsSystemImpl (MetricsSystemImpl.java:start(191)) - StorageContainerManager metrics system started
2019-09-11 03:15:20,640 [main] INFO  server.SCMClientProtocolServer (SCMClientProtocolServer.java:start(151)) - RPC server for Client  is listening at /0.0.0.0:39994
2019-09-11 03:15:20,641 [IPC Server Responder] INFO  ipc.Server (Server.java:run(1314)) - IPC Server Responder: starting
2019-09-11 03:15:20,641 [IPC Server listener on 39994] INFO  ipc.Server (Server.java:run(1153)) - IPC Server listener on 39994: starting
2019-09-11 03:15:20,645 [main] INFO  server.StorageContainerManager (StorageContainerManager.java:start(773)) - ScmBlockLocationProtocol RPC server is listening at /0.0.0.0:37790
2019-09-11 03:15:20,647 [main] INFO  server.SCMBlockProtocolServer (SCMBlockProtocolServer.java:start(146)) - RPC server for Block Protocol is listening at /0.0.0.0:37790
2019-09-11 03:15:20,648 [IPC Server Responder] INFO  ipc.Server (Server.java:run(1314)) - IPC Server Responder: starting
2019-09-11 03:15:20,648 [IPC Server listener on 37790] INFO  ipc.Server (Server.java:run(1153)) - IPC Server listener on 37790: starting
2019-09-11 03:15:20,651 [main] INFO  server.StorageContainerManager (StorageContainerManager.java:start(777)) - ScmDatanodeProtocl RPC server is listening at /0.0.0.0:32786
2019-09-11 03:15:20,651 [main] INFO  server.SCMDatanodeProtocolServer (SCMDatanodeProtocolServer.java:start(191)) - RPC server for DataNodes is listening at /0.0.0.0:32786
2019-09-11 03:15:20,652 [IPC Server Responder] INFO  ipc.Server (Server.java:run(1314)) - IPC Server Responder: starting
2019-09-11 03:15:20,652 [IPC Server listener on 32786] INFO  ipc.Server (Server.java:run(1153)) - IPC Server listener on 32786: starting
2019-09-11 03:15:20,657 [main] INFO  http.HttpServer2 (HttpServer2.java:bindListener(1191)) - Jetty bound to port 40611
2019-09-11 03:15:20,659 [main] INFO  server.Server (Server.java:doStart(351)) - jetty-9.3.24.v20180605, build timestamp: 2018-06-05T17:11:56Z, git hash: 84205aa28f11a4f31f2a3b86d1bba2cc8ab69827
2019-09-11 03:15:20,713 [main] INFO  handler.ContextHandler (ContextHandler.java:doStart(781)) - Started o.e.j.s.ServletContextHandler@732f29af{/logs,file:///workdir/hadoop-ozone/integration-test/target/log,AVAILABLE}
2019-09-11 03:15:20,714 [main] INFO  handler.ContextHandler (ContextHandler.java:doStart(781)) - Started o.e.j.s.ServletContextHandler@6622fc65{/static,file:///workdir/hadoop-ozone/integration-test/target/test-classes/webapps/static,AVAILABLE}
2019-09-11 03:15:20,752 [main] INFO  handler.ContextHandler (ContextHandler.java:doStart(781)) - Started o.e.j.w.WebAppContext@7555b920{/,file:///workdir/hadoop-ozone/integration-test/target/test-classes/webapps/scm/,AVAILABLE}{/scm}
2019-09-11 03:15:20,759 [main] INFO  server.AbstractConnector (AbstractConnector.java:doStart(278)) - Started ServerConnector@6db66836{HTTP/1.1,[http/1.1]}{0.0.0.0:40611}
2019-09-11 03:15:20,759 [main] INFO  server.Server (Server.java:doStart(419)) - Started @3066ms
2019-09-11 03:15:20,761 [main] INFO  impl.MetricsSinkAdapter (MetricsSinkAdapter.java:start(204)) - Sink prometheus started
2019-09-11 03:15:20,761 [main] INFO  impl.MetricsSystemImpl (MetricsSystemImpl.java:registerSink(301)) - Registered sink prometheus
2019-09-11 03:15:20,763 [main] INFO  server.BaseHttpServer (BaseHttpServer.java:updateConnectorAddress(215)) - HTTP server of SCM is listening at http://0.0.0.0:40611
2019-09-11 03:15:20,770 [org.apache.hadoop.util.JvmPauseMonitor$Monitor@78461bc4] INFO  util.JvmPauseMonitor (JvmPauseMonitor.java:run(188)) - Starting JVM pause monitor
2019-09-11 03:15:20,773 [main] WARN  server.ServerUtils (ServerUtils.java:getDBPath(222)) - ozone.om.db.dirs is not configured. We recommend adding this setting. Falling back to ozone.metadata.dirs instead.
2019-09-11 03:15:20,949 [main] WARN  server.ServerUtils (ServerUtils.java:getDBPath(222)) - ozone.om.db.dirs is not configured. We recommend adding this setting. Falling back to ozone.metadata.dirs instead.
2019-09-11 03:15:20,950 [main] WARN  server.ServerUtils (ServerUtils.java:getDBPath(222)) - ozone.om.db.dirs is not configured. We recommend adding this setting. Falling back to ozone.metadata.dirs instead.
2019-09-11 03:15:20,951 [main] INFO  om.OzoneManager (OzoneManager.java:setOMNodeDetails(649)) - OM Service ID is not set. Setting it to the default ID: omServiceIdDefault
2019-09-11 03:15:20,951 [main] INFO  om.OzoneManager (OzoneManager.java:setOMNodeDetails(655)) - OM Node ID is not set. Setting it to the OmStorage's OmID: 9c1f22f6-7ee0-4c0c-b434-d97a7f1476da
2019-09-11 03:15:20,953 [main] INFO  om.OzoneManager (OzoneManager.java:loadOMHAConfigs(606)) - Found matching OM address with OMServiceId: null, OMNodeId: null, RPC Address: localhost:0 and Ratis port: 9872
2019-09-11 03:15:21,685 [main] WARN  server.ServerUtils (ServerUtils.java:getDBPath(222)) - ozone.om.db.dirs is not configured. We recommend adding this setting. Falling back to ozone.metadata.dirs instead.
2019-09-11 03:15:21,696 [main] INFO  db.DBStoreBuilder (DBStoreBuilder.java:addTable(110)) - using custom profile for table: userTable
2019-09-11 03:15:21,697 [main] INFO  db.DBStoreBuilder (DBStoreBuilder.java:processTables(161)) - Using default column profile:DBProfile.DISK for Table:userTable
2019-09-11 03:15:21,697 [main] INFO  db.DBStoreBuilder (DBStoreBuilder.java:addTable(110)) - using custom profile for table: volumeTable
2019-09-11 03:15:21,697 [main] INFO  db.DBStoreBuilder (DBStoreBuilder.java:processTables(161)) - Using default column profile:DBProfile.DISK for Table:volumeTable
2019-09-11 03:15:21,698 [main] INFO  db.DBStoreBuilder (DBStoreBuilder.java:addTable(110)) - using custom profile for table: bucketTable
2019-09-11 03:15:21,698 [main] INFO  db.DBStoreBuilder (DBStoreBuilder.java:processTables(161)) - Using default column profile:DBProfile.DISK for Table:bucketTable
2019-09-11 03:15:21,699 [main] INFO  db.DBStoreBuilder (DBStoreBuilder.java:addTable(110)) - using custom profile for table: keyTable
2019-09-11 03:15:21,699 [main] INFO  db.DBStoreBuilder (DBStoreBuilder.java:processTables(161)) - Using default column profile:DBProfile.DISK for Table:keyTable
2019-09-11 03:15:21,699 [main] INFO  db.DBStoreBuilder (DBStoreBuilder.java:addTable(110)) - using custom profile for table: deletedTable
2019-09-11 03:15:21,700 [main] INFO  db.DBStoreBuilder (DBStoreBuilder.java:processTables(161)) - Using default column profile:DBProfile.DISK for Table:deletedTable
2019-09-11 03:15:21,700 [main] INFO  db.DBStoreBuilder (DBStoreBuilder.java:addTable(110)) - using custom profile for table: openKeyTable
2019-09-11 03:15:21,700 [main] INFO  db.DBStoreBuilder (DBStoreBuilder.java:processTables(161)) - Using default column profile:DBProfile.DISK for Table:openKeyTable
2019-09-11 03:15:21,701 [main] INFO  db.DBStoreBuilder (DBStoreBuilder.java:addTable(110)) - using custom profile for table: s3Table
2019-09-11 03:15:21,701 [main] INFO  db.DBStoreBuilder (DBStoreBuilder.java:processTables(161)) - Using default column profile:DBProfile.DISK for Table:s3Table
2019-09-11 03:15:21,702 [main] INFO  db.DBStoreBuilder (DBStoreBuilder.java:addTable(110)) - using custom profile for table: multipartInfoTable
2019-09-11 03:15:21,702 [main] INFO  db.DBStoreBuilder (DBStoreBuilder.java:processTables(161)) - Using default column profile:DBProfile.DISK for Table:multipartInfoTable
2019-09-11 03:15:21,702 [main] INFO  db.DBStoreBuilder (DBStoreBuilder.java:addTable(110)) - using custom profile for table: dTokenTable
2019-09-11 03:15:21,703 [main] INFO  db.DBStoreBuilder (DBStoreBuilder.java:processTables(161)) - Using default column profile:DBProfile.DISK for Table:dTokenTable
2019-09-11 03:15:21,703 [main] INFO  db.DBStoreBuilder (DBStoreBuilder.java:addTable(110)) - using custom profile for table: s3SecretTable
2019-09-11 03:15:21,703 [main] INFO  db.DBStoreBuilder (DBStoreBuilder.java:processTables(161)) - Using default column profile:DBProfile.DISK for Table:s3SecretTable
2019-09-11 03:15:21,704 [main] INFO  db.DBStoreBuilder (DBStoreBuilder.java:addTable(110)) - using custom profile for table: prefixTable
2019-09-11 03:15:21,704 [main] INFO  db.DBStoreBuilder (DBStoreBuilder.java:processTables(161)) - Using default column profile:DBProfile.DISK for Table:prefixTable
2019-09-11 03:15:21,705 [main] INFO  db.DBStoreBuilder (DBStoreBuilder.java:addTable(110)) - using custom profile for table: default
2019-09-11 03:15:21,705 [main] INFO  db.DBStoreBuilder (DBStoreBuilder.java:processTables(167)) - Using default column profile:DBProfile.DISK for Table:default
2019-09-11 03:15:21,705 [main] INFO  db.DBStoreBuilder (DBStoreBuilder.java:getDbProfile(198)) - Using default options. DBProfile.DISK
2019-09-11 03:15:22,420 [main] INFO  ipc.CallQueueManager (CallQueueManager.java:<init>(84)) - Using callQueue: class java.util.concurrent.LinkedBlockingQueue, queueCapacity: 2000, scheduler: class org.apache.hadoop.ipc.DefaultRpcScheduler, ipcBackoff: false.
2019-09-11 03:15:22,421 [Socket Reader #1 for port 40378] INFO  ipc.Server (Server.java:run(1074)) - Starting Socket Reader #1 for port 40378
2019-09-11 03:15:22,444 [main] INFO  om.OzoneManager (OzoneManager.java:start(1240)) - OzoneManager RPC server is listening at localhost/127.0.0.1:40378
2019-09-11 03:15:22,444 [main] INFO  impl.MetricsSystemImpl (MetricsSystemImpl.java:init(158)) - OzoneManager metrics system started (again)
2019-09-11 03:15:22,445 [IPC Server Responder] INFO  ipc.Server (Server.java:run(1314)) - IPC Server Responder: starting
2019-09-11 03:15:22,446 [IPC Server listener on 40378] INFO  ipc.Server (Server.java:run(1153)) - IPC Server listener on 40378: starting
2019-09-11 03:15:22,452 [main] INFO  hdfs.DFSUtil (DFSUtil.java:httpServerTemplateForNNAndJN(1641)) - Starting Web-server for ozoneManager at: http://0.0.0.0:0
2019-09-11 03:15:22,454 [main] INFO  server.AuthenticationFilter (AuthenticationFilter.java:constructSecretProvider(240)) - Unable to initialize FileSignerSecretProvider, falling back to use random secrets.
2019-09-11 03:15:22,455 [main] WARN  http.HttpRequestLog (HttpRequestLog.java:getRequestLog(97)) - Jetty request log can only be enabled using Log4j
2019-09-11 03:15:22,459 [main] INFO  http.HttpServer2 (HttpServer2.java:addGlobalFilter(975)) - Added global filter 'safety' (class=org.apache.hadoop.http.HttpServer2$QuotingInputFilter)
2019-09-11 03:15:22,461 [main] INFO  http.HttpServer2 (HttpServer2.java:addFilter(948)) - Added filter static_user_filter (class=org.apache.hadoop.http.lib.StaticUserWebFilter$StaticUserFilter) to context ozoneManager
2019-09-11 03:15:22,461 [main] INFO  http.HttpServer2 (HttpServer2.java:addFilter(958)) - Added filter static_user_filter (class=org.apache.hadoop.http.lib.StaticUserWebFilter$StaticUserFilter) to context logs
2019-09-11 03:15:22,461 [main] INFO  http.HttpServer2 (HttpServer2.java:addFilter(958)) - Added filter static_user_filter (class=org.apache.hadoop.http.lib.StaticUserWebFilter$StaticUserFilter) to context static
2019-09-11 03:15:22,465 [main] INFO  http.HttpServer2 (HttpServer2.java:bindListener(1191)) - Jetty bound to port 38762
2019-09-11 03:15:22,465 [main] INFO  server.Server (Server.java:doStart(351)) - jetty-9.3.24.v20180605, build timestamp: 2018-06-05T17:11:56Z, git hash: 84205aa28f11a4f31f2a3b86d1bba2cc8ab69827
2019-09-11 03:15:22,468 [main] INFO  handler.ContextHandler (ContextHandler.java:doStart(781)) - Started o.e.j.s.ServletContextHandler@25d3cfc8{/logs,file:///workdir/hadoop-ozone/integration-test/target/log,AVAILABLE}
2019-09-11 03:15:22,469 [main] INFO  handler.ContextHandler (ContextHandler.java:doStart(781)) - Started o.e.j.s.ServletContextHandler@2571066a{/static,file:///workdir/hadoop-ozone/integration-test/target/test-classes/webapps/static,AVAILABLE}
2019-09-11 03:15:22,478 [main] INFO  handler.ContextHandler (ContextHandler.java:doStart(781)) - Started o.e.j.w.WebAppContext@444548a0{/,file:///workdir/hadoop-ozone/integration-test/target/test-classes/webapps/ozoneManager/,AVAILABLE}{/ozoneManager}
2019-09-11 03:15:22,479 [main] INFO  server.AbstractConnector (AbstractConnector.java:doStart(278)) - Started ServerConnector@3766c667{HTTP/1.1,[http/1.1]}{0.0.0.0:38762}
2019-09-11 03:15:22,480 [main] INFO  server.Server (Server.java:doStart(419)) - Started @4787ms
2019-09-11 03:15:22,480 [main] WARN  impl.MetricsSystemImpl (MetricsSystemImpl.java:register(276)) - Sink prometheus already exists!
2019-09-11 03:15:22,481 [main] INFO  server.BaseHttpServer (BaseHttpServer.java:updateConnectorAddress(215)) - HTTP server of OZONEMANAGER is listening at http://0.0.0.0:38762
2019-09-11 03:15:22,891 [main] INFO  impl.MetricsSystemImpl (MetricsSystemImpl.java:init(158)) - HddsDatanode metrics system started (again)
2019-09-11 03:15:22,942 [main] INFO  ozone.HddsDatanodeService (HddsDatanodeService.java:start(184)) - HddsDatanodeService host:pr-hdds-2107-sbngl-2106859965 ip:192.168.34.53
2019-09-11 03:15:22,976 [main] INFO  volume.HddsVolume (HddsVolume.java:<init>(176)) - Creating Volume: /workdir/hadoop-ozone/integration-test/target/test-dir/MiniOzoneClusterImpl-ffccced8-c8d8-492e-805a-99618b7a2b29/datanode-0/data/containers/hdds of  storage type : DISK and capacity : 1482555576320
2019-09-11 03:15:22,978 [main] INFO  volume.VolumeSet (VolumeSet.java:initializeVolumeSet(170)) - Added Volume : /workdir/hadoop-ozone/integration-test/target/test-dir/MiniOzoneClusterImpl-ffccced8-c8d8-492e-805a-99618b7a2b29/datanode-0/data/containers/hdds to VolumeSet
2019-09-11 03:15:22,981 [main] INFO  volume.ThrottledAsyncChecker (ThrottledAsyncChecker.java:schedule(139)) - Scheduling a check for org.apache.hadoop.ozone.container.common.volume.HddsVolume@7e2f86e6
2019-09-11 03:15:22,999 [main] INFO  volume.HddsVolumeChecker (HddsVolumeChecker.java:checkAllVolumes(202)) - Scheduled health check for volume org.apache.hadoop.ozone.container.common.volume.HddsVolume@7e2f86e6
2019-09-11 03:15:23,129 [main] INFO  impl.RaftServerProxy (ConfUtils.java:logGet(43)) - raft.rpc.type = GRPC (default)
2019-09-11 03:15:23,205 [main] INFO  grpc.GrpcFactory (GrpcFactory.java:checkPooledByteBufAllocatorUseCacheForAllThreads(45)) - PERFORMANCE WARNING: useCacheForAllThreads is true that may cause Netty to create a lot garbage objects and, as a result, trigger GC.
	It is recommended to disable useCacheForAllThreads by setting -Dorg.apache.ratis.thirdparty.io.netty.allocator.useCacheForAllThreads=false in command line.
2019-09-11 03:15:23,210 [main] INFO  grpc.GrpcConfigKeys$Server (ConfUtils.java:logGet(43)) - raft.grpc.server.port = 0 (default)
2019-09-11 03:15:23,211 [main] INFO  server.GrpcService (ConfUtils.java:logGet(43)) - raft.grpc.message.size.max = 33570816 (custom)
2019-09-11 03:15:23,213 [main] INFO  server.RaftServerConfigKeys (ConfUtils.java:logGet(43)) - raft.server.log.appender.buffer.byte-limit = 33554432 (custom)
2019-09-11 03:15:23,214 [main] INFO  server.GrpcService (ConfUtils.java:logGet(43)) - raft.grpc.flow.control.window = 1MB (=1048576) (default)
2019-09-11 03:15:23,215 [main] INFO  server.RaftServerConfigKeys (ConfUtils.java:logGet(43)) - raft.server.rpc.request.timeout = 3000ms (default)
2019-09-11 03:15:23,379 [main] INFO  server.RaftServerConfigKeys (ConfUtils.java:logGet(43)) - raft.server.storage.dir = [/workdir/hadoop-ozone/integration-test/target/test-dir/MiniOzoneClusterImpl-ffccced8-c8d8-492e-805a-99618b7a2b29/datanode-0/data/ratis] (custom)
2019-09-11 03:15:23,436 [main] INFO  hdfs.DFSUtil (DFSUtil.java:httpServerTemplateForNNAndJN(1641)) - Starting Web-server for hddsDatanode at: http://0.0.0.0:0
2019-09-11 03:15:23,438 [main] INFO  server.AuthenticationFilter (AuthenticationFilter.java:constructSecretProvider(240)) - Unable to initialize FileSignerSecretProvider, falling back to use random secrets.
2019-09-11 03:15:23,438 [main] WARN  http.HttpRequestLog (HttpRequestLog.java:getRequestLog(97)) - Jetty request log can only be enabled using Log4j
2019-09-11 03:15:23,441 [main] INFO  http.HttpServer2 (HttpServer2.java:addGlobalFilter(975)) - Added global filter 'safety' (class=org.apache.hadoop.http.HttpServer2$QuotingInputFilter)
2019-09-11 03:15:23,442 [main] INFO  http.HttpServer2 (HttpServer2.java:addFilter(948)) - Added filter static_user_filter (class=org.apache.hadoop.http.lib.StaticUserWebFilter$StaticUserFilter) to context hddsDatanode
2019-09-11 03:15:23,442 [main] INFO  http.HttpServer2 (HttpServer2.java:addFilter(958)) - Added filter static_user_filter (class=org.apache.hadoop.http.lib.StaticUserWebFilter$StaticUserFilter) to context logs
2019-09-11 03:15:23,443 [main] INFO  http.HttpServer2 (HttpServer2.java:addFilter(958)) - Added filter static_user_filter (class=org.apache.hadoop.http.lib.StaticUserWebFilter$StaticUserFilter) to context static
2019-09-11 03:15:23,444 [main] INFO  http.HttpServer2 (HttpServer2.java:bindListener(1191)) - Jetty bound to port 36364
2019-09-11 03:15:23,444 [main] INFO  server.Server (Server.java:doStart(351)) - jetty-9.3.24.v20180605, build timestamp: 2018-06-05T17:11:56Z, git hash: 84205aa28f11a4f31f2a3b86d1bba2cc8ab69827
2019-09-11 03:15:23,446 [main] INFO  handler.ContextHandler (ContextHandler.java:doStart(781)) - Started o.e.j.s.ServletContextHandler@1effd53c{/logs,file:///workdir/hadoop-ozone/integration-test/target/log,AVAILABLE}
2019-09-11 03:15:23,447 [main] INFO  handler.ContextHandler (ContextHandler.java:doStart(781)) - Started o.e.j.s.ServletContextHandler@6920614{/static,jar:file:/home/user/.m2/repository/org/apache/hadoop/hadoop-hdds-container-service/0.5.0-SNAPSHOT/hadoop-hdds-container-service-0.5.0-SNAPSHOT.jar!/webapps/static,AVAILABLE}
2019-09-11 03:15:23,481 [main] INFO  handler.ContextHandler (ContextHandler.java:doStart(781)) - Started o.e.j.w.WebAppContext@476fe690{/,file:///tmp/jetty-0.0.0.0-36364-hddsDatanode-_-any-5685083967586019758.dir/webapp/,AVAILABLE}{/hddsDatanode}
2019-09-11 03:15:23,482 [main] INFO  server.AbstractConnector (AbstractConnector.java:doStart(278)) - Started ServerConnector@7a0e7ecd{HTTP/1.1,[http/1.1]}{0.0.0.0:36364}
2019-09-11 03:15:23,482 [main] INFO  server.Server (Server.java:doStart(419)) - Started @5790ms
2019-09-11 03:15:23,483 [main] WARN  impl.MetricsSystemImpl (MetricsSystemImpl.java:register(276)) - Sink prometheus already exists!
2019-09-11 03:15:23,484 [main] INFO  server.BaseHttpServer (BaseHttpServer.java:updateConnectorAddress(215)) - HTTP server of HDDSDATANODE is listening at http://0.0.0.0:36364
2019-09-11 03:15:23,485 [main] INFO  impl.MetricsSystemImpl (MetricsSystemImpl.java:init(158)) - HddsDatanode metrics system started (again)
2019-09-11 03:15:23,488 [main] INFO  ozone.HddsDatanodeService (HddsDatanodeService.java:start(184)) - HddsDatanodeService host:pr-hdds-2107-sbngl-2106859965 ip:192.168.34.53
2019-09-11 03:15:23,492 [org.apache.hadoop.util.JvmPauseMonitor$Monitor@2d30771c] INFO  util.JvmPauseMonitor (JvmPauseMonitor.java:run(188)) - Starting JVM pause monitor
2019-09-11 03:15:23,496 [main] INFO  volume.HddsVolume (HddsVolume.java:<init>(176)) - Creating Volume: /workdir/hadoop-ozone/integration-test/target/test-dir/MiniOzoneClusterImpl-ffccced8-c8d8-492e-805a-99618b7a2b29/datanode-1/data/containers/hdds of  storage type : DISK and capacity : 1482555576320
2019-09-11 03:15:23,496 [main] INFO  volume.VolumeSet (VolumeSet.java:initializeVolumeSet(170)) - Added Volume : /workdir/hadoop-ozone/integration-test/target/test-dir/MiniOzoneClusterImpl-ffccced8-c8d8-492e-805a-99618b7a2b29/datanode-1/data/containers/hdds to VolumeSet
2019-09-11 03:15:23,496 [main] INFO  volume.ThrottledAsyncChecker (ThrottledAsyncChecker.java:schedule(139)) - Scheduling a check for org.apache.hadoop.ozone.container.common.volume.HddsVolume@623dcf2a
2019-09-11 03:15:23,498 [main] INFO  volume.HddsVolumeChecker (HddsVolumeChecker.java:checkAllVolumes(202)) - Scheduled health check for volume org.apache.hadoop.ozone.container.common.volume.HddsVolume@623dcf2a
2019-09-11 03:15:23,516 [main] INFO  impl.RaftServerProxy (ConfUtils.java:logGet(43)) - raft.rpc.type = GRPC (default)
2019-09-11 03:15:23,516 [main] INFO  grpc.GrpcFactory (GrpcFactory.java:checkPooledByteBufAllocatorUseCacheForAllThreads(45)) - PERFORMANCE WARNING: useCacheForAllThreads is true that may cause Netty to create a lot garbage objects and, as a result, trigger GC.
	It is recommended to disable useCacheForAllThreads by setting -Dorg.apache.ratis.thirdparty.io.netty.allocator.useCacheForAllThreads=false in command line.
2019-09-11 03:15:23,516 [main] INFO  grpc.GrpcConfigKeys$Server (ConfUtils.java:logGet(43)) - raft.grpc.server.port = 0 (default)
2019-09-11 03:15:23,517 [main] INFO  server.GrpcService (ConfUtils.java:logGet(43)) - raft.grpc.message.size.max = 33570816 (custom)
2019-09-11 03:15:23,517 [main] INFO  server.RaftServerConfigKeys (ConfUtils.java:logGet(43)) - raft.server.log.appender.buffer.byte-limit = 33554432 (custom)
2019-09-11 03:15:23,517 [main] INFO  server.GrpcService (ConfUtils.java:logGet(43)) - raft.grpc.flow.control.window = 1MB (=1048576) (default)
2019-09-11 03:15:23,518 [main] INFO  server.RaftServerConfigKeys (ConfUtils.java:logGet(43)) - raft.server.rpc.request.timeout = 3000ms (default)
2019-09-11 03:15:23,519 [main] INFO  server.RaftServerConfigKeys (ConfUtils.java:logGet(43)) - raft.server.storage.dir = [/workdir/hadoop-ozone/integration-test/target/test-dir/MiniOzoneClusterImpl-ffccced8-c8d8-492e-805a-99618b7a2b29/datanode-1/data/ratis] (custom)
2019-09-11 03:15:23,521 [main] INFO  hdfs.DFSUtil (DFSUtil.java:httpServerTemplateForNNAndJN(1641)) - Starting Web-server for hddsDatanode at: http://0.0.0.0:0
2019-09-11 03:15:23,523 [main] INFO  server.AuthenticationFilter (AuthenticationFilter.java:constructSecretProvider(240)) - Unable to initialize FileSignerSecretProvider, falling back to use random secrets.
2019-09-11 03:15:23,524 [main] WARN  http.HttpRequestLog (HttpRequestLog.java:getRequestLog(97)) - Jetty request log can only be enabled using Log4j
2019-09-11 03:15:23,527 [main] INFO  http.HttpServer2 (HttpServer2.java:addGlobalFilter(975)) - Added global filter 'safety' (class=org.apache.hadoop.http.HttpServer2$QuotingInputFilter)
2019-09-11 03:15:23,528 [main] INFO  http.HttpServer2 (HttpServer2.java:addFilter(948)) - Added filter static_user_filter (class=org.apache.hadoop.http.lib.StaticUserWebFilter$StaticUserFilter) to context hddsDatanode
2019-09-11 03:15:23,528 [main] INFO  http.HttpServer2 (HttpServer2.java:addFilter(958)) - Added filter static_user_filter (class=org.apache.hadoop.http.lib.StaticUserWebFilter$StaticUserFilter) to context logs
2019-09-11 03:15:23,528 [main] INFO  http.HttpServer2 (HttpServer2.java:addFilter(958)) - Added filter static_user_filter (class=org.apache.hadoop.http.lib.StaticUserWebFilter$StaticUserFilter) to context static
2019-09-11 03:15:23,530 [main] INFO  http.HttpServer2 (HttpServer2.java:bindListener(1191)) - Jetty bound to port 43509
2019-09-11 03:15:23,530 [main] INFO  server.Server (Server.java:doStart(351)) - jetty-9.3.24.v20180605, build timestamp: 2018-06-05T17:11:56Z, git hash: 84205aa28f11a4f31f2a3b86d1bba2cc8ab69827
2019-09-11 03:15:23,534 [main] INFO  handler.ContextHandler (ContextHandler.java:doStart(781)) - Started o.e.j.s.ServletContextHandler@654c7d2d{/logs,file:///workdir/hadoop-ozone/integration-test/target/log,AVAILABLE}
2019-09-11 03:15:23,535 [main] INFO  handler.ContextHandler (ContextHandler.java:doStart(781)) - Started o.e.j.s.ServletContextHandler@15400fff{/static,jar:file:/home/user/.m2/repository/org/apache/hadoop/hadoop-hdds-container-service/0.5.0-SNAPSHOT/hadoop-hdds-container-service-0.5.0-SNAPSHOT.jar!/webapps/static,AVAILABLE}
2019-09-11 03:15:23,576 [main] INFO  handler.ContextHandler (ContextHandler.java:doStart(781)) - Started o.e.j.w.WebAppContext@25ad4f71{/,file:///tmp/jetty-0.0.0.0-43509-hddsDatanode-_-any-3032097105247684014.dir/webapp/,AVAILABLE}{/hddsDatanode}
2019-09-11 03:15:23,577 [main] INFO  server.AbstractConnector (AbstractConnector.java:doStart(278)) - Started ServerConnector@49faf066{HTTP/1.1,[http/1.1]}{0.0.0.0:43509}
2019-09-11 03:15:23,578 [main] INFO  server.Server (Server.java:doStart(419)) - Started @5885ms
2019-09-11 03:15:23,578 [main] WARN  impl.MetricsSystemImpl (MetricsSystemImpl.java:register(276)) - Sink prometheus already exists!
2019-09-11 03:15:23,580 [main] INFO  server.BaseHttpServer (BaseHttpServer.java:updateConnectorAddress(215)) - HTTP server of HDDSDATANODE is listening at http://0.0.0.0:43509
2019-09-11 03:15:23,580 [main] INFO  impl.MetricsSystemImpl (MetricsSystemImpl.java:init(158)) - HddsDatanode metrics system started (again)
2019-09-11 03:15:23,583 [main] INFO  ozone.HddsDatanodeService (HddsDatanodeService.java:start(184)) - HddsDatanodeService host:pr-hdds-2107-sbngl-2106859965 ip:192.168.34.53
2019-09-11 03:15:23,583 [org.apache.hadoop.util.JvmPauseMonitor$Monitor@4fd8ac89] INFO  util.JvmPauseMonitor (JvmPauseMonitor.java:run(188)) - Starting JVM pause monitor
2019-09-11 03:15:23,593 [main] INFO  volume.HddsVolume (HddsVolume.java:<init>(176)) - Creating Volume: /workdir/hadoop-ozone/integration-test/target/test-dir/MiniOzoneClusterImpl-ffccced8-c8d8-492e-805a-99618b7a2b29/datanode-2/data/containers/hdds of  storage type : DISK and capacity : 1482555576320
2019-09-11 03:15:23,593 [main] INFO  volume.VolumeSet (VolumeSet.java:initializeVolumeSet(170)) - Added Volume : /workdir/hadoop-ozone/integration-test/target/test-dir/MiniOzoneClusterImpl-ffccced8-c8d8-492e-805a-99618b7a2b29/datanode-2/data/containers/hdds to VolumeSet
2019-09-11 03:15:23,593 [main] INFO  volume.ThrottledAsyncChecker (ThrottledAsyncChecker.java:schedule(139)) - Scheduling a check for org.apache.hadoop.ozone.container.common.volume.HddsVolume@2924f1d8
2019-09-11 03:15:23,594 [main] INFO  volume.HddsVolumeChecker (HddsVolumeChecker.java:checkAllVolumes(202)) - Scheduled health check for volume org.apache.hadoop.ozone.container.common.volume.HddsVolume@2924f1d8
2019-09-11 03:15:23,607 [main] INFO  impl.RaftServerProxy (ConfUtils.java:logGet(43)) - raft.rpc.type = GRPC (default)
2019-09-11 03:15:23,607 [main] INFO  grpc.GrpcFactory (GrpcFactory.java:checkPooledByteBufAllocatorUseCacheForAllThreads(45)) - PERFORMANCE WARNING: useCacheForAllThreads is true that may cause Netty to create a lot garbage objects and, as a result, trigger GC.
	It is recommended to disable useCacheForAllThreads by setting -Dorg.apache.ratis.thirdparty.io.netty.allocator.useCacheForAllThreads=false in command line.
2019-09-11 03:15:23,607 [main] INFO  grpc.GrpcConfigKeys$Server (ConfUtils.java:logGet(43)) - raft.grpc.server.port = 0 (default)
2019-09-11 03:15:23,607 [main] INFO  server.GrpcService (ConfUtils.java:logGet(43)) - raft.grpc.message.size.max = 33570816 (custom)
2019-09-11 03:15:23,611 [main] INFO  server.RaftServerConfigKeys (ConfUtils.java:logGet(43)) - raft.server.log.appender.buffer.byte-limit = 33554432 (custom)
2019-09-11 03:15:23,612 [main] INFO  server.GrpcService (ConfUtils.java:logGet(43)) - raft.grpc.flow.control.window = 1MB (=1048576) (default)
2019-09-11 03:15:23,612 [main] INFO  server.RaftServerConfigKeys (ConfUtils.java:logGet(43)) - raft.server.rpc.request.timeout = 3000ms (default)
2019-09-11 03:15:23,614 [main] INFO  server.RaftServerConfigKeys (ConfUtils.java:logGet(43)) - raft.server.storage.dir = [/workdir/hadoop-ozone/integration-test/target/test-dir/MiniOzoneClusterImpl-ffccced8-c8d8-492e-805a-99618b7a2b29/datanode-2/data/ratis] (custom)
2019-09-11 03:15:23,617 [main] INFO  hdfs.DFSUtil (DFSUtil.java:httpServerTemplateForNNAndJN(1641)) - Starting Web-server for hddsDatanode at: http://0.0.0.0:0
2019-09-11 03:15:23,618 [main] INFO  server.AuthenticationFilter (AuthenticationFilter.java:constructSecretProvider(240)) - Unable to initialize FileSignerSecretProvider, falling back to use random secrets.
2019-09-11 03:15:23,619 [main] WARN  http.HttpRequestLog (HttpRequestLog.java:getRequestLog(97)) - Jetty request log can only be enabled using Log4j
2019-09-11 03:15:23,621 [main] INFO  http.HttpServer2 (HttpServer2.java:addGlobalFilter(975)) - Added global filter 'safety' (class=org.apache.hadoop.http.HttpServer2$QuotingInputFilter)
2019-09-11 03:15:23,621 [main] INFO  http.HttpServer2 (HttpServer2.java:addFilter(948)) - Added filter static_user_filter (class=org.apache.hadoop.http.lib.StaticUserWebFilter$StaticUserFilter) to context hddsDatanode
2019-09-11 03:15:23,622 [main] INFO  http.HttpServer2 (HttpServer2.java:addFilter(958)) - Added filter static_user_filter (class=org.apache.hadoop.http.lib.StaticUserWebFilter$StaticUserFilter) to context static
2019-09-11 03:15:23,622 [main] INFO  http.HttpServer2 (HttpServer2.java:addFilter(958)) - Added filter static_user_filter (class=org.apache.hadoop.http.lib.StaticUserWebFilter$StaticUserFilter) to context logs
2019-09-11 03:15:23,622 [main] INFO  http.HttpServer2 (HttpServer2.java:bindListener(1191)) - Jetty bound to port 41124
2019-09-11 03:15:23,623 [main] INFO  server.Server (Server.java:doStart(351)) - jetty-9.3.24.v20180605, build timestamp: 2018-06-05T17:11:56Z, git hash: 84205aa28f11a4f31f2a3b86d1bba2cc8ab69827
2019-09-11 03:15:23,625 [main] INFO  handler.ContextHandler (ContextHandler.java:doStart(781)) - Started o.e.j.s.ServletContextHandler@799ed4e8{/logs,file:///workdir/hadoop-ozone/integration-test/target/log,AVAILABLE}
2019-09-11 03:15:23,625 [main] INFO  handler.ContextHandler (ContextHandler.java:doStart(781)) - Started o.e.j.s.ServletContextHandler@54d8c20d{/static,jar:file:/home/user/.m2/repository/org/apache/hadoop/hadoop-hdds-container-service/0.5.0-SNAPSHOT/hadoop-hdds-container-service-0.5.0-SNAPSHOT.jar!/webapps/static,AVAILABLE}
2019-09-11 03:15:23,638 [Datanode State Machine Thread - 0] INFO  datanode.InitDatanodeState (InitDatanodeState.java:persistContainerDatanodeDetails(140)) - DatanodeDetails is persisted to /workdir/hadoop-ozone/integration-test/target/test-dir/MiniOzoneClusterImpl-ffccced8-c8d8-492e-805a-99618b7a2b29/datanode-0/meta/datanode.id
2019-09-11 03:15:23,643 [Datanode State Machine Thread - 0] INFO  datanode.InitDatanodeState (InitDatanodeState.java:persistContainerDatanodeDetails(140)) - DatanodeDetails is persisted to /workdir/hadoop-ozone/integration-test/target/test-dir/MiniOzoneClusterImpl-ffccced8-c8d8-492e-805a-99618b7a2b29/datanode-1/meta/datanode.id
2019-09-11 03:15:23,655 [main] INFO  handler.ContextHandler (ContextHandler.java:doStart(781)) - Started o.e.j.w.WebAppContext@10f7c76{/,file:///tmp/jetty-0.0.0.0-41124-hddsDatanode-_-any-5639709065766884364.dir/webapp/,AVAILABLE}{/hddsDatanode}
2019-09-11 03:15:23,656 [main] INFO  server.AbstractConnector (AbstractConnector.java:doStart(278)) - Started ServerConnector@4745e9c{HTTP/1.1,[http/1.1]}{0.0.0.0:41124}
2019-09-11 03:15:23,656 [main] INFO  server.Server (Server.java:doStart(419)) - Started @5964ms
2019-09-11 03:15:23,657 [main] WARN  impl.MetricsSystemImpl (MetricsSystemImpl.java:register(276)) - Sink prometheus already exists!
2019-09-11 03:15:23,658 [main] INFO  server.BaseHttpServer (BaseHttpServer.java:updateConnectorAddress(215)) - HTTP server of HDDSDATANODE is listening at http://0.0.0.0:41124
2019-09-11 03:15:23,659 [main] INFO  impl.MetricsSystemImpl (MetricsSystemImpl.java:init(158)) - HddsDatanode metrics system started (again)
2019-09-11 03:15:23,662 [main] INFO  ozone.HddsDatanodeService (HddsDatanodeService.java:start(184)) - HddsDatanodeService host:pr-hdds-2107-sbngl-2106859965 ip:192.168.34.53
2019-09-11 03:15:23,662 [org.apache.hadoop.util.JvmPauseMonitor$Monitor@52279d59] INFO  util.JvmPauseMonitor (JvmPauseMonitor.java:run(188)) - Starting JVM pause monitor
2019-09-11 03:15:23,666 [Datanode State Machine Thread - 0] INFO  datanode.InitDatanodeState (InitDatanodeState.java:persistContainerDatanodeDetails(140)) - DatanodeDetails is persisted to /workdir/hadoop-ozone/integration-test/target/test-dir/MiniOzoneClusterImpl-ffccced8-c8d8-492e-805a-99618b7a2b29/datanode-2/meta/datanode.id
2019-09-11 03:15:23,670 [main] INFO  volume.HddsVolume (HddsVolume.java:<init>(176)) - Creating Volume: /workdir/hadoop-ozone/integration-test/target/test-dir/MiniOzoneClusterImpl-ffccced8-c8d8-492e-805a-99618b7a2b29/datanode-3/data/containers/hdds of  storage type : DISK and capacity : 1482555576320
2019-09-11 03:15:23,672 [main] INFO  volume.VolumeSet (VolumeSet.java:initializeVolumeSet(170)) - Added Volume : /workdir/hadoop-ozone/integration-test/target/test-dir/MiniOzoneClusterImpl-ffccced8-c8d8-492e-805a-99618b7a2b29/datanode-3/data/containers/hdds to VolumeSet
2019-09-11 03:15:23,672 [main] INFO  volume.ThrottledAsyncChecker (ThrottledAsyncChecker.java:schedule(139)) - Scheduling a check for org.apache.hadoop.ozone.container.common.volume.HddsVolume@74174a23
2019-09-11 03:15:23,672 [main] INFO  volume.HddsVolumeChecker (HddsVolumeChecker.java:checkAllVolumes(202)) - Scheduled health check for volume org.apache.hadoop.ozone.container.common.volume.HddsVolume@74174a23
2019-09-11 03:15:23,685 [main] INFO  impl.RaftServerProxy (ConfUtils.java:logGet(43)) - raft.rpc.type = GRPC (default)
2019-09-11 03:15:23,685 [main] INFO  grpc.GrpcFactory (GrpcFactory.java:checkPooledByteBufAllocatorUseCacheForAllThreads(45)) - PERFORMANCE WARNING: useCacheForAllThreads is true that may cause Netty to create a lot garbage objects and, as a result, trigger GC.
	It is recommended to disable useCacheForAllThreads by setting -Dorg.apache.ratis.thirdparty.io.netty.allocator.useCacheForAllThreads=false in command line.
2019-09-11 03:15:23,685 [main] INFO  grpc.GrpcConfigKeys$Server (ConfUtils.java:logGet(43)) - raft.grpc.server.port = 0 (default)
2019-09-11 03:15:23,686 [main] INFO  server.GrpcService (ConfUtils.java:logGet(43)) - raft.grpc.message.size.max = 33570816 (custom)
2019-09-11 03:15:23,686 [main] INFO  server.RaftServerConfigKeys (ConfUtils.java:logGet(43)) - raft.server.log.appender.buffer.byte-limit = 33554432 (custom)
2019-09-11 03:15:23,686 [main] INFO  server.GrpcService (ConfUtils.java:logGet(43)) - raft.grpc.flow.control.window = 1MB (=1048576) (default)
2019-09-11 03:15:23,686 [main] INFO  server.RaftServerConfigKeys (ConfUtils.java:logGet(43)) - raft.server.rpc.request.timeout = 3000ms (default)
2019-09-11 03:15:23,687 [main] INFO  server.RaftServerConfigKeys (ConfUtils.java:logGet(43)) - raft.server.storage.dir = [/workdir/hadoop-ozone/integration-test/target/test-dir/MiniOzoneClusterImpl-ffccced8-c8d8-492e-805a-99618b7a2b29/datanode-3/data/ratis] (custom)
2019-09-11 03:15:23,689 [main] INFO  hdfs.DFSUtil (DFSUtil.java:httpServerTemplateForNNAndJN(1641)) - Starting Web-server for hddsDatanode at: http://0.0.0.0:0
2019-09-11 03:15:23,690 [main] INFO  server.AuthenticationFilter (AuthenticationFilter.java:constructSecretProvider(240)) - Unable to initialize FileSignerSecretProvider, falling back to use random secrets.
2019-09-11 03:15:23,690 [main] WARN  http.HttpRequestLog (HttpRequestLog.java:getRequestLog(97)) - Jetty request log can only be enabled using Log4j
2019-09-11 03:15:23,692 [main] INFO  http.HttpServer2 (HttpServer2.java:addGlobalFilter(975)) - Added global filter 'safety' (class=org.apache.hadoop.http.HttpServer2$QuotingInputFilter)
2019-09-11 03:15:23,692 [main] INFO  http.HttpServer2 (HttpServer2.java:addFilter(948)) - Added filter static_user_filter (class=org.apache.hadoop.http.lib.StaticUserWebFilter$StaticUserFilter) to context hddsDatanode
2019-09-11 03:15:23,692 [main] INFO  http.HttpServer2 (HttpServer2.java:addFilter(958)) - Added filter static_user_filter (class=org.apache.hadoop.http.lib.StaticUserWebFilter$StaticUserFilter) to context logs
2019-09-11 03:15:23,692 [main] INFO  http.HttpServer2 (HttpServer2.java:addFilter(958)) - Added filter static_user_filter (class=org.apache.hadoop.http.lib.StaticUserWebFilter$StaticUserFilter) to context static
2019-09-11 03:15:23,693 [main] INFO  http.HttpServer2 (HttpServer2.java:bindListener(1191)) - Jetty bound to port 42871
2019-09-11 03:15:23,693 [main] INFO  server.Server (Server.java:doStart(351)) - jetty-9.3.24.v20180605, build timestamp: 2018-06-05T17:11:56Z, git hash: 84205aa28f11a4f31f2a3b86d1bba2cc8ab69827
2019-09-11 03:15:23,699 [main] INFO  handler.ContextHandler (ContextHandler.java:doStart(781)) - Started o.e.j.s.ServletContextHandler@443effcb{/logs,file:///workdir/hadoop-ozone/integration-test/target/log,AVAILABLE}
2019-09-11 03:15:23,699 [main] INFO  handler.ContextHandler (ContextHandler.java:doStart(781)) - Started o.e.j.s.ServletContextHandler@517a2b0{/static,jar:file:/home/user/.m2/repository/org/apache/hadoop/hadoop-hdds-container-service/0.5.0-SNAPSHOT/hadoop-hdds-container-service-0.5.0-SNAPSHOT.jar!/webapps/static,AVAILABLE}
2019-09-11 03:15:23,725 [main] INFO  handler.ContextHandler (ContextHandler.java:doStart(781)) - Started o.e.j.w.WebAppContext@102c577f{/,file:///tmp/jetty-0.0.0.0-42871-hddsDatanode-_-any-6323875706557229333.dir/webapp/,AVAILABLE}{/hddsDatanode}
2019-09-11 03:15:23,725 [main] INFO  server.AbstractConnector (AbstractConnector.java:doStart(278)) - Started ServerConnector@7d44a19{HTTP/1.1,[http/1.1]}{0.0.0.0:42871}
2019-09-11 03:15:23,726 [main] INFO  server.Server (Server.java:doStart(419)) - Started @6034ms
2019-09-11 03:15:23,726 [main] WARN  impl.MetricsSystemImpl (MetricsSystemImpl.java:register(276)) - Sink prometheus already exists!
2019-09-11 03:15:23,728 [main] INFO  server.BaseHttpServer (BaseHttpServer.java:updateConnectorAddress(215)) - HTTP server of HDDSDATANODE is listening at http://0.0.0.0:42871
2019-09-11 03:15:23,729 [main] INFO  impl.MetricsSystemImpl (MetricsSystemImpl.java:init(158)) - HddsDatanode metrics system started (again)
2019-09-11 03:15:23,732 [main] INFO  ozone.HddsDatanodeService (HddsDatanodeService.java:start(184)) - HddsDatanodeService host:pr-hdds-2107-sbngl-2106859965 ip:192.168.34.53
2019-09-11 03:15:23,732 [org.apache.hadoop.util.JvmPauseMonitor$Monitor@53d8d097] INFO  util.JvmPauseMonitor (JvmPauseMonitor.java:run(188)) - Starting JVM pause monitor
2019-09-11 03:15:23,735 [Datanode State Machine Thread - 0] INFO  datanode.InitDatanodeState (InitDatanodeState.java:persistContainerDatanodeDetails(140)) - DatanodeDetails is persisted to /workdir/hadoop-ozone/integration-test/target/test-dir/MiniOzoneClusterImpl-ffccced8-c8d8-492e-805a-99618b7a2b29/datanode-3/meta/datanode.id
2019-09-11 03:15:23,744 [main] INFO  volume.HddsVolume (HddsVolume.java:<init>(176)) - Creating Volume: /workdir/hadoop-ozone/integration-test/target/test-dir/MiniOzoneClusterImpl-ffccced8-c8d8-492e-805a-99618b7a2b29/datanode-4/data/containers/hdds of  storage type : DISK and capacity : 1482555576320
2019-09-11 03:15:23,744 [main] INFO  volume.VolumeSet (VolumeSet.java:initializeVolumeSet(170)) - Added Volume : /workdir/hadoop-ozone/integration-test/target/test-dir/MiniOzoneClusterImpl-ffccced8-c8d8-492e-805a-99618b7a2b29/datanode-4/data/containers/hdds to VolumeSet
2019-09-11 03:15:23,744 [main] INFO  volume.ThrottledAsyncChecker (ThrottledAsyncChecker.java:schedule(139)) - Scheduling a check for org.apache.hadoop.ozone.container.common.volume.HddsVolume@73844119
2019-09-11 03:15:23,745 [main] INFO  volume.HddsVolumeChecker (HddsVolumeChecker.java:checkAllVolumes(202)) - Scheduled health check for volume org.apache.hadoop.ozone.container.common.volume.HddsVolume@73844119
2019-09-11 03:15:23,757 [main] INFO  impl.RaftServerProxy (ConfUtils.java:logGet(43)) - raft.rpc.type = GRPC (default)
2019-09-11 03:15:23,757 [main] INFO  grpc.GrpcFactory (GrpcFactory.java:checkPooledByteBufAllocatorUseCacheForAllThreads(45)) - PERFORMANCE WARNING: useCacheForAllThreads is true that may cause Netty to create a lot garbage objects and, as a result, trigger GC.
	It is recommended to disable useCacheForAllThreads by setting -Dorg.apache.ratis.thirdparty.io.netty.allocator.useCacheForAllThreads=false in command line.
2019-09-11 03:15:23,757 [main] INFO  grpc.GrpcConfigKeys$Server (ConfUtils.java:logGet(43)) - raft.grpc.server.port = 0 (default)
2019-09-11 03:15:23,757 [main] INFO  server.GrpcService (ConfUtils.java:logGet(43)) - raft.grpc.message.size.max = 33570816 (custom)
2019-09-11 03:15:23,758 [main] INFO  server.RaftServerConfigKeys (ConfUtils.java:logGet(43)) - raft.server.log.appender.buffer.byte-limit = 33554432 (custom)
2019-09-11 03:15:23,758 [main] INFO  server.GrpcService (ConfUtils.java:logGet(43)) - raft.grpc.flow.control.window = 1MB (=1048576) (default)
2019-09-11 03:15:23,758 [main] INFO  server.RaftServerConfigKeys (ConfUtils.java:logGet(43)) - raft.server.rpc.request.timeout = 3000ms (default)
2019-09-11 03:15:23,759 [main] INFO  server.RaftServerConfigKeys (ConfUtils.java:logGet(43)) - raft.server.storage.dir = [/workdir/hadoop-ozone/integration-test/target/test-dir/MiniOzoneClusterImpl-ffccced8-c8d8-492e-805a-99618b7a2b29/datanode-4/data/ratis] (custom)
2019-09-11 03:15:23,760 [main] INFO  hdfs.DFSUtil (DFSUtil.java:httpServerTemplateForNNAndJN(1641)) - Starting Web-server for hddsDatanode at: http://0.0.0.0:0
2019-09-11 03:15:23,761 [main] INFO  server.AuthenticationFilter (AuthenticationFilter.java:constructSecretProvider(240)) - Unable to initialize FileSignerSecretProvider, falling back to use random secrets.
2019-09-11 03:15:23,762 [main] WARN  http.HttpRequestLog (HttpRequestLog.java:getRequestLog(97)) - Jetty request log can only be enabled using Log4j
2019-09-11 03:15:23,763 [main] INFO  http.HttpServer2 (HttpServer2.java:addGlobalFilter(975)) - Added global filter 'safety' (class=org.apache.hadoop.http.HttpServer2$QuotingInputFilter)
2019-09-11 03:15:23,764 [main] INFO  http.HttpServer2 (HttpServer2.java:addFilter(948)) - Added filter static_user_filter (class=org.apache.hadoop.http.lib.StaticUserWebFilter$StaticUserFilter) to context hddsDatanode
2019-09-11 03:15:23,764 [main] INFO  http.HttpServer2 (HttpServer2.java:addFilter(958)) - Added filter static_user_filter (class=org.apache.hadoop.http.lib.StaticUserWebFilter$StaticUserFilter) to context logs
2019-09-11 03:15:23,764 [main] INFO  http.HttpServer2 (HttpServer2.java:addFilter(958)) - Added filter static_user_filter (class=org.apache.hadoop.http.lib.StaticUserWebFilter$StaticUserFilter) to context static
2019-09-11 03:15:23,765 [main] INFO  http.HttpServer2 (HttpServer2.java:bindListener(1191)) - Jetty bound to port 43918
2019-09-11 03:15:23,765 [main] INFO  server.Server (Server.java:doStart(351)) - jetty-9.3.24.v20180605, build timestamp: 2018-06-05T17:11:56Z, git hash: 84205aa28f11a4f31f2a3b86d1bba2cc8ab69827
2019-09-11 03:15:23,767 [main] INFO  handler.ContextHandler (ContextHandler.java:doStart(781)) - Started o.e.j.s.ServletContextHandler@77a074b4{/logs,file:///workdir/hadoop-ozone/integration-test/target/log,AVAILABLE}
2019-09-11 03:15:23,768 [main] INFO  handler.ContextHandler (ContextHandler.java:doStart(781)) - Started o.e.j.s.ServletContextHandler@6c0e13b7{/static,jar:file:/home/user/.m2/repository/org/apache/hadoop/hadoop-hdds-container-service/0.5.0-SNAPSHOT/hadoop-hdds-container-service-0.5.0-SNAPSHOT.jar!/webapps/static,AVAILABLE}
2019-09-11 03:15:23,795 [main] INFO  handler.ContextHandler (ContextHandler.java:doStart(781)) - Started o.e.j.w.WebAppContext@38ed139b{/,file:///tmp/jetty-0.0.0.0-43918-hddsDatanode-_-any-2610009811073432546.dir/webapp/,AVAILABLE}{/hddsDatanode}
2019-09-11 03:15:23,796 [main] INFO  server.AbstractConnector (AbstractConnector.java:doStart(278)) - Started ServerConnector@a5272be{HTTP/1.1,[http/1.1]}{0.0.0.0:43918}
2019-09-11 03:15:23,797 [main] INFO  server.Server (Server.java:doStart(419)) - Started @6105ms
2019-09-11 03:15:23,797 [main] WARN  impl.MetricsSystemImpl (MetricsSystemImpl.java:register(276)) - Sink prometheus already exists!
2019-09-11 03:15:23,798 [main] INFO  server.BaseHttpServer (BaseHttpServer.java:updateConnectorAddress(215)) - HTTP server of HDDSDATANODE is listening at http://0.0.0.0:43918
2019-09-11 03:15:23,799 [main] INFO  impl.MetricsSystemImpl (MetricsSystemImpl.java:init(158)) - HddsDatanode metrics system started (again)
2019-09-11 03:15:23,803 [main] INFO  ozone.HddsDatanodeService (HddsDatanodeService.java:start(184)) - HddsDatanodeService host:pr-hdds-2107-sbngl-2106859965 ip:192.168.34.53
2019-09-11 03:15:23,803 [org.apache.hadoop.util.JvmPauseMonitor$Monitor@3c129ffc] INFO  util.JvmPauseMonitor (JvmPauseMonitor.java:run(188)) - Starting JVM pause monitor
2019-09-11 03:15:23,806 [Datanode State Machine Thread - 0] INFO  datanode.InitDatanodeState (InitDatanodeState.java:persistContainerDatanodeDetails(140)) - DatanodeDetails is persisted to /workdir/hadoop-ozone/integration-test/target/test-dir/MiniOzoneClusterImpl-ffccced8-c8d8-492e-805a-99618b7a2b29/datanode-4/meta/datanode.id
2019-09-11 03:15:23,810 [main] INFO  volume.HddsVolume (HddsVolume.java:<init>(176)) - Creating Volume: /workdir/hadoop-ozone/integration-test/target/test-dir/MiniOzoneClusterImpl-ffccced8-c8d8-492e-805a-99618b7a2b29/datanode-5/data/containers/hdds of  storage type : DISK and capacity : 1482555576320
2019-09-11 03:15:23,811 [main] INFO  volume.VolumeSet (VolumeSet.java:initializeVolumeSet(170)) - Added Volume : /workdir/hadoop-ozone/integration-test/target/test-dir/MiniOzoneClusterImpl-ffccced8-c8d8-492e-805a-99618b7a2b29/datanode-5/data/containers/hdds to VolumeSet
2019-09-11 03:15:23,811 [main] INFO  volume.ThrottledAsyncChecker (ThrottledAsyncChecker.java:schedule(139)) - Scheduling a check for org.apache.hadoop.ozone.container.common.volume.HddsVolume@56637cff
2019-09-11 03:15:23,812 [main] INFO  volume.HddsVolumeChecker (HddsVolumeChecker.java:checkAllVolumes(202)) - Scheduled health check for volume org.apache.hadoop.ozone.container.common.volume.HddsVolume@56637cff
2019-09-11 03:15:23,833 [main] INFO  impl.RaftServerProxy (ConfUtils.java:logGet(43)) - raft.rpc.type = GRPC (default)
2019-09-11 03:15:23,834 [main] INFO  grpc.GrpcFactory (GrpcFactory.java:checkPooledByteBufAllocatorUseCacheForAllThreads(45)) - PERFORMANCE WARNING: useCacheForAllThreads is true that may cause Netty to create a lot garbage objects and, as a result, trigger GC.
	It is recommended to disable useCacheForAllThreads by setting -Dorg.apache.ratis.thirdparty.io.netty.allocator.useCacheForAllThreads=false in command line.
2019-09-11 03:15:23,834 [main] INFO  grpc.GrpcConfigKeys$Server (ConfUtils.java:logGet(43)) - raft.grpc.server.port = 0 (default)
2019-09-11 03:15:23,834 [main] INFO  server.GrpcService (ConfUtils.java:logGet(43)) - raft.grpc.message.size.max = 33570816 (custom)
2019-09-11 03:15:23,835 [main] INFO  server.RaftServerConfigKeys (ConfUtils.java:logGet(43)) - raft.server.log.appender.buffer.byte-limit = 33554432 (custom)
2019-09-11 03:15:23,835 [main] INFO  server.GrpcService (ConfUtils.java:logGet(43)) - raft.grpc.flow.control.window = 1MB (=1048576) (default)
2019-09-11 03:15:23,835 [main] INFO  server.RaftServerConfigKeys (ConfUtils.java:logGet(43)) - raft.server.rpc.request.timeout = 3000ms (default)
2019-09-11 03:15:23,836 [main] INFO  server.RaftServerConfigKeys (ConfUtils.java:logGet(43)) - raft.server.storage.dir = [/workdir/hadoop-ozone/integration-test/target/test-dir/MiniOzoneClusterImpl-ffccced8-c8d8-492e-805a-99618b7a2b29/datanode-5/data/ratis] (custom)
2019-09-11 03:15:23,838 [main] INFO  hdfs.DFSUtil (DFSUtil.java:httpServerTemplateForNNAndJN(1641)) - Starting Web-server for hddsDatanode at: http://0.0.0.0:0
2019-09-11 03:15:23,839 [main] INFO  server.AuthenticationFilter (AuthenticationFilter.java:constructSecretProvider(240)) - Unable to initialize FileSignerSecretProvider, falling back to use random secrets.
2019-09-11 03:15:23,840 [main] WARN  http.HttpRequestLog (HttpRequestLog.java:getRequestLog(97)) - Jetty request log can only be enabled using Log4j
2019-09-11 03:15:23,841 [main] INFO  http.HttpServer2 (HttpServer2.java:addGlobalFilter(975)) - Added global filter 'safety' (class=org.apache.hadoop.http.HttpServer2$QuotingInputFilter)
2019-09-11 03:15:23,842 [main] INFO  http.HttpServer2 (HttpServer2.java:addFilter(948)) - Added filter static_user_filter (class=org.apache.hadoop.http.lib.StaticUserWebFilter$StaticUserFilter) to context hddsDatanode
2019-09-11 03:15:23,842 [main] INFO  http.HttpServer2 (HttpServer2.java:addFilter(958)) - Added filter static_user_filter (class=org.apache.hadoop.http.lib.StaticUserWebFilter$StaticUserFilter) to context static
2019-09-11 03:15:23,842 [main] INFO  http.HttpServer2 (HttpServer2.java:addFilter(958)) - Added filter static_user_filter (class=org.apache.hadoop.http.lib.StaticUserWebFilter$StaticUserFilter) to context logs
2019-09-11 03:15:23,843 [main] INFO  http.HttpServer2 (HttpServer2.java:bindListener(1191)) - Jetty bound to port 43850
2019-09-11 03:15:23,843 [main] INFO  server.Server (Server.java:doStart(351)) - jetty-9.3.24.v20180605, build timestamp: 2018-06-05T17:11:56Z, git hash: 84205aa28f11a4f31f2a3b86d1bba2cc8ab69827
2019-09-11 03:15:23,844 [main] INFO  handler.ContextHandler (ContextHandler.java:doStart(781)) - Started o.e.j.s.ServletContextHandler@3a66e67e{/logs,file:///workdir/hadoop-ozone/integration-test/target/log,AVAILABLE}
2019-09-11 03:15:23,845 [main] INFO  handler.ContextHandler (ContextHandler.java:doStart(781)) - Started o.e.j.s.ServletContextHandler@4596f8f3{/static,jar:file:/home/user/.m2/repository/org/apache/hadoop/hadoop-hdds-container-service/0.5.0-SNAPSHOT/hadoop-hdds-container-service-0.5.0-SNAPSHOT.jar!/webapps/static,AVAILABLE}
2019-09-11 03:15:23,872 [main] INFO  handler.ContextHandler (ContextHandler.java:doStart(781)) - Started o.e.j.w.WebAppContext@74fab04a{/,file:///tmp/jetty-0.0.0.0-43850-hddsDatanode-_-any-5146270950751980961.dir/webapp/,AVAILABLE}{/hddsDatanode}
2019-09-11 03:15:23,873 [main] INFO  server.AbstractConnector (AbstractConnector.java:doStart(278)) - Started ServerConnector@3c83468e{HTTP/1.1,[http/1.1]}{0.0.0.0:43850}
2019-09-11 03:15:23,873 [main] INFO  server.Server (Server.java:doStart(419)) - Started @6181ms
2019-09-11 03:15:23,873 [main] WARN  impl.MetricsSystemImpl (MetricsSystemImpl.java:register(276)) - Sink prometheus already exists!
2019-09-11 03:15:23,874 [main] INFO  server.BaseHttpServer (BaseHttpServer.java:updateConnectorAddress(215)) - HTTP server of HDDSDATANODE is listening at http://0.0.0.0:43850
2019-09-11 03:15:23,875 [main] INFO  impl.MetricsSystemImpl (MetricsSystemImpl.java:init(158)) - HddsDatanode metrics system started (again)
2019-09-11 03:15:23,878 [org.apache.hadoop.util.JvmPauseMonitor$Monitor@6e6a7397] INFO  util.JvmPauseMonitor (JvmPauseMonitor.java:run(188)) - Starting JVM pause monitor
2019-09-11 03:15:23,878 [main] INFO  ozone.HddsDatanodeService (HddsDatanodeService.java:start(184)) - HddsDatanodeService host:pr-hdds-2107-sbngl-2106859965 ip:192.168.34.53
2019-09-11 03:15:23,880 [Datanode State Machine Thread - 0] INFO  datanode.InitDatanodeState (InitDatanodeState.java:persistContainerDatanodeDetails(140)) - DatanodeDetails is persisted to /workdir/hadoop-ozone/integration-test/target/test-dir/MiniOzoneClusterImpl-ffccced8-c8d8-492e-805a-99618b7a2b29/datanode-5/meta/datanode.id
2019-09-11 03:15:23,887 [main] INFO  volume.HddsVolume (HddsVolume.java:<init>(176)) - Creating Volume: /workdir/hadoop-ozone/integration-test/target/test-dir/MiniOzoneClusterImpl-ffccced8-c8d8-492e-805a-99618b7a2b29/datanode-6/data/containers/hdds of  storage type : DISK and capacity : 1482555576320
2019-09-11 03:15:23,887 [main] INFO  volume.VolumeSet (VolumeSet.java:initializeVolumeSet(170)) - Added Volume : /workdir/hadoop-ozone/integration-test/target/test-dir/MiniOzoneClusterImpl-ffccced8-c8d8-492e-805a-99618b7a2b29/datanode-6/data/containers/hdds to VolumeSet
2019-09-11 03:15:23,887 [main] INFO  volume.ThrottledAsyncChecker (ThrottledAsyncChecker.java:schedule(139)) - Scheduling a check for org.apache.hadoop.ozone.container.common.volume.HddsVolume@2dc3271b
2019-09-11 03:15:23,888 [main] INFO  volume.HddsVolumeChecker (HddsVolumeChecker.java:checkAllVolumes(202)) - Scheduled health check for volume org.apache.hadoop.ozone.container.common.volume.HddsVolume@2dc3271b
2019-09-11 03:15:23,900 [main] INFO  impl.RaftServerProxy (ConfUtils.java:logGet(43)) - raft.rpc.type = GRPC (default)
2019-09-11 03:15:23,900 [main] INFO  grpc.GrpcFactory (GrpcFactory.java:checkPooledByteBufAllocatorUseCacheForAllThreads(45)) - PERFORMANCE WARNING: useCacheForAllThreads is true that may cause Netty to create a lot garbage objects and, as a result, trigger GC.
	It is recommended to disable useCacheForAllThreads by setting -Dorg.apache.ratis.thirdparty.io.netty.allocator.useCacheForAllThreads=false in command line.
2019-09-11 03:15:23,900 [main] INFO  grpc.GrpcConfigKeys$Server (ConfUtils.java:logGet(43)) - raft.grpc.server.port = 0 (default)
2019-09-11 03:15:23,901 [main] INFO  server.GrpcService (ConfUtils.java:logGet(43)) - raft.grpc.message.size.max = 33570816 (custom)
2019-09-11 03:15:23,901 [main] INFO  server.RaftServerConfigKeys (ConfUtils.java:logGet(43)) - raft.server.log.appender.buffer.byte-limit = 33554432 (custom)
2019-09-11 03:15:23,901 [main] INFO  server.GrpcService (ConfUtils.java:logGet(43)) - raft.grpc.flow.control.window = 1MB (=1048576) (default)
2019-09-11 03:15:23,901 [main] INFO  server.RaftServerConfigKeys (ConfUtils.java:logGet(43)) - raft.server.rpc.request.timeout = 3000ms (default)
2019-09-11 03:15:23,902 [main] INFO  server.RaftServerConfigKeys (ConfUtils.java:logGet(43)) - raft.server.storage.dir = [/workdir/hadoop-ozone/integration-test/target/test-dir/MiniOzoneClusterImpl-ffccced8-c8d8-492e-805a-99618b7a2b29/datanode-6/data/ratis] (custom)
2019-09-11 03:15:23,903 [main] INFO  hdfs.DFSUtil (DFSUtil.java:httpServerTemplateForNNAndJN(1641)) - Starting Web-server for hddsDatanode at: http://0.0.0.0:0
2019-09-11 03:15:23,905 [main] INFO  server.AuthenticationFilter (AuthenticationFilter.java:constructSecretProvider(240)) - Unable to initialize FileSignerSecretProvider, falling back to use random secrets.
2019-09-11 03:15:23,905 [main] WARN  http.HttpRequestLog (HttpRequestLog.java:getRequestLog(97)) - Jetty request log can only be enabled using Log4j
2019-09-11 03:15:23,906 [main] INFO  http.HttpServer2 (HttpServer2.java:addGlobalFilter(975)) - Added global filter 'safety' (class=org.apache.hadoop.http.HttpServer2$QuotingInputFilter)
2019-09-11 03:15:23,907 [main] INFO  http.HttpServer2 (HttpServer2.java:addFilter(948)) - Added filter static_user_filter (class=org.apache.hadoop.http.lib.StaticUserWebFilter$StaticUserFilter) to context hddsDatanode
2019-09-11 03:15:23,907 [main] INFO  http.HttpServer2 (HttpServer2.java:addFilter(958)) - Added filter static_user_filter (class=org.apache.hadoop.http.lib.StaticUserWebFilter$StaticUserFilter) to context logs
2019-09-11 03:15:23,907 [main] INFO  http.HttpServer2 (HttpServer2.java:addFilter(958)) - Added filter static_user_filter (class=org.apache.hadoop.http.lib.StaticUserWebFilter$StaticUserFilter) to context static
2019-09-11 03:15:23,908 [main] INFO  http.HttpServer2 (HttpServer2.java:bindListener(1191)) - Jetty bound to port 34498
2019-09-11 03:15:23,909 [main] INFO  server.Server (Server.java:doStart(351)) - jetty-9.3.24.v20180605, build timestamp: 2018-06-05T17:11:56Z, git hash: 84205aa28f11a4f31f2a3b86d1bba2cc8ab69827
2019-09-11 03:15:23,911 [main] INFO  handler.ContextHandler (ContextHandler.java:doStart(781)) - Started o.e.j.s.ServletContextHandler@1a22e0ef{/logs,file:///workdir/hadoop-ozone/integration-test/target/log,AVAILABLE}
2019-09-11 03:15:23,912 [main] INFO  handler.ContextHandler (ContextHandler.java:doStart(781)) - Started o.e.j.s.ServletContextHandler@3b920bdc{/static,jar:file:/home/user/.m2/repository/org/apache/hadoop/hadoop-hdds-container-service/0.5.0-SNAPSHOT/hadoop-hdds-container-service-0.5.0-SNAPSHOT.jar!/webapps/static,AVAILABLE}
2019-09-11 03:15:23,949 [main] INFO  handler.ContextHandler (ContextHandler.java:doStart(781)) - Started o.e.j.w.WebAppContext@6e4c0d8c{/,file:///tmp/jetty-0.0.0.0-34498-hddsDatanode-_-any-5223553815869940616.dir/webapp/,AVAILABLE}{/hddsDatanode}
2019-09-11 03:15:23,949 [main] INFO  server.AbstractConnector (AbstractConnector.java:doStart(278)) - Started ServerConnector@3e3315d9{HTTP/1.1,[http/1.1]}{0.0.0.0:34498}
2019-09-11 03:15:23,950 [main] INFO  server.Server (Server.java:doStart(419)) - Started @6258ms
2019-09-11 03:15:23,951 [main] WARN  impl.MetricsSystemImpl (MetricsSystemImpl.java:register(276)) - Sink prometheus already exists!
2019-09-11 03:15:23,951 [main] INFO  server.BaseHttpServer (BaseHttpServer.java:updateConnectorAddress(215)) - HTTP server of HDDSDATANODE is listening at http://0.0.0.0:34498
2019-09-11 03:15:23,952 [main] INFO  impl.MetricsSystemImpl (MetricsSystemImpl.java:init(158)) - HddsDatanode metrics system started (again)
2019-09-11 03:15:23,955 [main] INFO  ozone.HddsDatanodeService (HddsDatanodeService.java:start(184)) - HddsDatanodeService host:pr-hdds-2107-sbngl-2106859965 ip:192.168.34.53
2019-09-11 03:15:23,956 [org.apache.hadoop.util.JvmPauseMonitor$Monitor@2182b362] INFO  util.JvmPauseMonitor (JvmPauseMonitor.java:run(188)) - Starting JVM pause monitor
2019-09-11 03:15:23,958 [Datanode State Machine Thread - 0] INFO  datanode.InitDatanodeState (InitDatanodeState.java:persistContainerDatanodeDetails(140)) - DatanodeDetails is persisted to /workdir/hadoop-ozone/integration-test/target/test-dir/MiniOzoneClusterImpl-ffccced8-c8d8-492e-805a-99618b7a2b29/datanode-6/meta/datanode.id
2019-09-11 03:15:23,963 [main] INFO  volume.HddsVolume (HddsVolume.java:<init>(176)) - Creating Volume: /workdir/hadoop-ozone/integration-test/target/test-dir/MiniOzoneClusterImpl-ffccced8-c8d8-492e-805a-99618b7a2b29/datanode-7/data/containers/hdds of  storage type : DISK and capacity : 1482555576320
2019-09-11 03:15:23,963 [main] INFO  volume.VolumeSet (VolumeSet.java:initializeVolumeSet(170)) - Added Volume : /workdir/hadoop-ozone/integration-test/target/test-dir/MiniOzoneClusterImpl-ffccced8-c8d8-492e-805a-99618b7a2b29/datanode-7/data/containers/hdds to VolumeSet
2019-09-11 03:15:23,963 [main] INFO  volume.ThrottledAsyncChecker (ThrottledAsyncChecker.java:schedule(139)) - Scheduling a check for org.apache.hadoop.ozone.container.common.volume.HddsVolume@984169e
2019-09-11 03:15:23,964 [main] INFO  volume.HddsVolumeChecker (HddsVolumeChecker.java:checkAllVolumes(202)) - Scheduled health check for volume org.apache.hadoop.ozone.container.common.volume.HddsVolume@984169e
2019-09-11 03:15:23,976 [main] INFO  impl.RaftServerProxy (ConfUtils.java:logGet(43)) - raft.rpc.type = GRPC (default)
2019-09-11 03:15:23,977 [main] INFO  grpc.GrpcFactory (GrpcFactory.java:checkPooledByteBufAllocatorUseCacheForAllThreads(45)) - PERFORMANCE WARNING: useCacheForAllThreads is true that may cause Netty to create a lot garbage objects and, as a result, trigger GC.
	It is recommended to disable useCacheForAllThreads by setting -Dorg.apache.ratis.thirdparty.io.netty.allocator.useCacheForAllThreads=false in command line.
2019-09-11 03:15:23,977 [main] INFO  grpc.GrpcConfigKeys$Server (ConfUtils.java:logGet(43)) - raft.grpc.server.port = 0 (default)
2019-09-11 03:15:23,977 [main] INFO  server.GrpcService (ConfUtils.java:logGet(43)) - raft.grpc.message.size.max = 33570816 (custom)
2019-09-11 03:15:23,977 [main] INFO  server.RaftServerConfigKeys (ConfUtils.java:logGet(43)) - raft.server.log.appender.buffer.byte-limit = 33554432 (custom)
2019-09-11 03:15:23,977 [main] INFO  server.GrpcService (ConfUtils.java:logGet(43)) - raft.grpc.flow.control.window = 1MB (=1048576) (default)
2019-09-11 03:15:23,978 [main] INFO  server.RaftServerConfigKeys (ConfUtils.java:logGet(43)) - raft.server.rpc.request.timeout = 3000ms (default)
2019-09-11 03:15:23,978 [main] INFO  server.RaftServerConfigKeys (ConfUtils.java:logGet(43)) - raft.server.storage.dir = [/workdir/hadoop-ozone/integration-test/target/test-dir/MiniOzoneClusterImpl-ffccced8-c8d8-492e-805a-99618b7a2b29/datanode-7/data/ratis] (custom)
2019-09-11 03:15:23,980 [main] INFO  hdfs.DFSUtil (DFSUtil.java:httpServerTemplateForNNAndJN(1641)) - Starting Web-server for hddsDatanode at: http://0.0.0.0:0
2019-09-11 03:15:23,981 [main] INFO  server.AuthenticationFilter (AuthenticationFilter.java:constructSecretProvider(240)) - Unable to initialize FileSignerSecretProvider, falling back to use random secrets.
2019-09-11 03:15:23,981 [main] WARN  http.HttpRequestLog (HttpRequestLog.java:getRequestLog(97)) - Jetty request log can only be enabled using Log4j
2019-09-11 03:15:23,983 [main] INFO  http.HttpServer2 (HttpServer2.java:addGlobalFilter(975)) - Added global filter 'safety' (class=org.apache.hadoop.http.HttpServer2$QuotingInputFilter)
2019-09-11 03:15:23,983 [main] INFO  http.HttpServer2 (HttpServer2.java:addFilter(948)) - Added filter static_user_filter (class=org.apache.hadoop.http.lib.StaticUserWebFilter$StaticUserFilter) to context hddsDatanode
2019-09-11 03:15:23,983 [main] INFO  http.HttpServer2 (HttpServer2.java:addFilter(958)) - Added filter static_user_filter (class=org.apache.hadoop.http.lib.StaticUserWebFilter$StaticUserFilter) to context logs
2019-09-11 03:15:23,984 [main] INFO  http.HttpServer2 (HttpServer2.java:addFilter(958)) - Added filter static_user_filter (class=org.apache.hadoop.http.lib.StaticUserWebFilter$StaticUserFilter) to context static
2019-09-11 03:15:23,984 [main] INFO  http.HttpServer2 (HttpServer2.java:bindListener(1191)) - Jetty bound to port 37976
2019-09-11 03:15:23,984 [main] INFO  server.Server (Server.java:doStart(351)) - jetty-9.3.24.v20180605, build timestamp: 2018-06-05T17:11:56Z, git hash: 84205aa28f11a4f31f2a3b86d1bba2cc8ab69827
2019-09-11 03:15:23,986 [main] INFO  handler.ContextHandler (ContextHandler.java:doStart(781)) - Started o.e.j.s.ServletContextHandler@445bb139{/logs,file:///workdir/hadoop-ozone/integration-test/target/log,AVAILABLE}
2019-09-11 03:15:23,987 [main] INFO  handler.ContextHandler (ContextHandler.java:doStart(781)) - Started o.e.j.s.ServletContextHandler@7a81065e{/static,jar:file:/home/user/.m2/repository/org/apache/hadoop/hadoop-hdds-container-service/0.5.0-SNAPSHOT/hadoop-hdds-container-service-0.5.0-SNAPSHOT.jar!/webapps/static,AVAILABLE}
2019-09-11 03:15:24,013 [main] INFO  handler.ContextHandler (ContextHandler.java:doStart(781)) - Started o.e.j.w.WebAppContext@37b52340{/,file:///tmp/jetty-0.0.0.0-37976-hddsDatanode-_-any-1189008196922779718.dir/webapp/,AVAILABLE}{/hddsDatanode}
2019-09-11 03:15:24,013 [main] INFO  server.AbstractConnector (AbstractConnector.java:doStart(278)) - Started ServerConnector@663bb8ef{HTTP/1.1,[http/1.1]}{0.0.0.0:37976}
2019-09-11 03:15:24,015 [main] INFO  server.Server (Server.java:doStart(419)) - Started @6322ms
2019-09-11 03:15:24,015 [main] WARN  impl.MetricsSystemImpl (MetricsSystemImpl.java:register(276)) - Sink prometheus already exists!
2019-09-11 03:15:24,016 [main] INFO  server.BaseHttpServer (BaseHttpServer.java:updateConnectorAddress(215)) - HTTP server of HDDSDATANODE is listening at http://0.0.0.0:37976
2019-09-11 03:15:24,016 [main] INFO  impl.MetricsSystemImpl (MetricsSystemImpl.java:init(158)) - HddsDatanode metrics system started (again)
2019-09-11 03:15:24,020 [org.apache.hadoop.util.JvmPauseMonitor$Monitor@3db2dea4] INFO  util.JvmPauseMonitor (JvmPauseMonitor.java:run(188)) - Starting JVM pause monitor
2019-09-11 03:15:24,021 [main] INFO  ozone.HddsDatanodeService (HddsDatanodeService.java:start(184)) - HddsDatanodeService host:pr-hdds-2107-sbngl-2106859965 ip:192.168.34.53
2019-09-11 03:15:24,022 [Datanode State Machine Thread - 0] INFO  datanode.InitDatanodeState (InitDatanodeState.java:persistContainerDatanodeDetails(140)) - DatanodeDetails is persisted to /workdir/hadoop-ozone/integration-test/target/test-dir/MiniOzoneClusterImpl-ffccced8-c8d8-492e-805a-99618b7a2b29/datanode-7/meta/datanode.id
2019-09-11 03:15:24,030 [main] INFO  volume.HddsVolume (HddsVolume.java:<init>(176)) - Creating Volume: /workdir/hadoop-ozone/integration-test/target/test-dir/MiniOzoneClusterImpl-ffccced8-c8d8-492e-805a-99618b7a2b29/datanode-8/data/containers/hdds of  storage type : DISK and capacity : 1482555576320
2019-09-11 03:15:24,031 [main] INFO  volume.VolumeSet (VolumeSet.java:initializeVolumeSet(170)) - Added Volume : /workdir/hadoop-ozone/integration-test/target/test-dir/MiniOzoneClusterImpl-ffccced8-c8d8-492e-805a-99618b7a2b29/datanode-8/data/containers/hdds to VolumeSet
2019-09-11 03:15:24,031 [main] INFO  volume.ThrottledAsyncChecker (ThrottledAsyncChecker.java:schedule(139)) - Scheduling a check for org.apache.hadoop.ozone.container.common.volume.HddsVolume@44b29496
2019-09-11 03:15:24,031 [main] INFO  volume.HddsVolumeChecker (HddsVolumeChecker.java:checkAllVolumes(202)) - Scheduled health check for volume org.apache.hadoop.ozone.container.common.volume.HddsVolume@44b29496
2019-09-11 03:15:24,043 [main] INFO  impl.RaftServerProxy (ConfUtils.java:logGet(43)) - raft.rpc.type = GRPC (default)
2019-09-11 03:15:24,043 [main] INFO  grpc.GrpcFactory (GrpcFactory.java:checkPooledByteBufAllocatorUseCacheForAllThreads(45)) - PERFORMANCE WARNING: useCacheForAllThreads is true that may cause Netty to create a lot garbage objects and, as a result, trigger GC.
	It is recommended to disable useCacheForAllThreads by setting -Dorg.apache.ratis.thirdparty.io.netty.allocator.useCacheForAllThreads=false in command line.
2019-09-11 03:15:24,043 [main] INFO  grpc.GrpcConfigKeys$Server (ConfUtils.java:logGet(43)) - raft.grpc.server.port = 0 (default)
2019-09-11 03:15:24,043 [main] INFO  server.GrpcService (ConfUtils.java:logGet(43)) - raft.grpc.message.size.max = 33570816 (custom)
2019-09-11 03:15:24,044 [main] INFO  server.RaftServerConfigKeys (ConfUtils.java:logGet(43)) - raft.server.log.appender.buffer.byte-limit = 33554432 (custom)
2019-09-11 03:15:24,044 [main] INFO  server.GrpcService (ConfUtils.java:logGet(43)) - raft.grpc.flow.control.window = 1MB (=1048576) (default)
2019-09-11 03:15:24,044 [main] INFO  server.RaftServerConfigKeys (ConfUtils.java:logGet(43)) - raft.server.rpc.request.timeout = 3000ms (default)
2019-09-11 03:15:24,045 [main] INFO  server.RaftServerConfigKeys (ConfUtils.java:logGet(43)) - raft.server.storage.dir = [/workdir/hadoop-ozone/integration-test/target/test-dir/MiniOzoneClusterImpl-ffccced8-c8d8-492e-805a-99618b7a2b29/datanode-8/data/ratis] (custom)
2019-09-11 03:15:24,046 [main] INFO  hdfs.DFSUtil (DFSUtil.java:httpServerTemplateForNNAndJN(1641)) - Starting Web-server for hddsDatanode at: http://0.0.0.0:0
2019-09-11 03:15:24,047 [main] INFO  server.AuthenticationFilter (AuthenticationFilter.java:constructSecretProvider(240)) - Unable to initialize FileSignerSecretProvider, falling back to use random secrets.
2019-09-11 03:15:24,048 [main] WARN  http.HttpRequestLog (HttpRequestLog.java:getRequestLog(97)) - Jetty request log can only be enabled using Log4j
2019-09-11 03:15:24,049 [main] INFO  http.HttpServer2 (HttpServer2.java:addGlobalFilter(975)) - Added global filter 'safety' (class=org.apache.hadoop.http.HttpServer2$QuotingInputFilter)
2019-09-11 03:15:24,050 [main] INFO  http.HttpServer2 (HttpServer2.java:addFilter(948)) - Added filter static_user_filter (class=org.apache.hadoop.http.lib.StaticUserWebFilter$StaticUserFilter) to context hddsDatanode
2019-09-11 03:15:24,050 [main] INFO  http.HttpServer2 (HttpServer2.java:addFilter(958)) - Added filter static_user_filter (class=org.apache.hadoop.http.lib.StaticUserWebFilter$StaticUserFilter) to context static
2019-09-11 03:15:24,050 [main] INFO  http.HttpServer2 (HttpServer2.java:addFilter(958)) - Added filter static_user_filter (class=org.apache.hadoop.http.lib.StaticUserWebFilter$StaticUserFilter) to context logs
2019-09-11 03:15:24,051 [main] INFO  http.HttpServer2 (HttpServer2.java:bindListener(1191)) - Jetty bound to port 35293
2019-09-11 03:15:24,051 [main] INFO  server.Server (Server.java:doStart(351)) - jetty-9.3.24.v20180605, build timestamp: 2018-06-05T17:11:56Z, git hash: 84205aa28f11a4f31f2a3b86d1bba2cc8ab69827
2019-09-11 03:15:24,052 [main] INFO  handler.ContextHandler (ContextHandler.java:doStart(781)) - Started o.e.j.s.ServletContextHandler@176f7f3b{/logs,file:///workdir/hadoop-ozone/integration-test/target/log,AVAILABLE}
2019-09-11 03:15:24,053 [main] INFO  handler.ContextHandler (ContextHandler.java:doStart(781)) - Started o.e.j.s.ServletContextHandler@58740366{/static,jar:file:/home/user/.m2/repository/org/apache/hadoop/hadoop-hdds-container-service/0.5.0-SNAPSHOT/hadoop-hdds-container-service-0.5.0-SNAPSHOT.jar!/webapps/static,AVAILABLE}
2019-09-11 03:15:24,095 [main] INFO  handler.ContextHandler (ContextHandler.java:doStart(781)) - Started o.e.j.w.WebAppContext@4b0f2299{/,file:///tmp/jetty-0.0.0.0-35293-hddsDatanode-_-any-2527253031497868765.dir/webapp/,AVAILABLE}{/hddsDatanode}
2019-09-11 03:15:24,095 [main] INFO  server.AbstractConnector (AbstractConnector.java:doStart(278)) - Started ServerConnector@33063f5b{HTTP/1.1,[http/1.1]}{0.0.0.0:35293}
2019-09-11 03:15:24,096 [main] INFO  server.Server (Server.java:doStart(419)) - Started @6404ms
2019-09-11 03:15:24,096 [main] WARN  impl.MetricsSystemImpl (MetricsSystemImpl.java:register(276)) - Sink prometheus already exists!
2019-09-11 03:15:24,097 [main] INFO  server.BaseHttpServer (BaseHttpServer.java:updateConnectorAddress(215)) - HTTP server of HDDSDATANODE is listening at http://0.0.0.0:35293
2019-09-11 03:15:24,097 [main] INFO  impl.MetricsSystemImpl (MetricsSystemImpl.java:init(158)) - HddsDatanode metrics system started (again)
2019-09-11 03:15:24,102 [org.apache.hadoop.util.JvmPauseMonitor$Monitor@3b9091bd] INFO  util.JvmPauseMonitor (JvmPauseMonitor.java:run(188)) - Starting JVM pause monitor
2019-09-11 03:15:24,103 [main] INFO  ozone.HddsDatanodeService (HddsDatanodeService.java:start(184)) - HddsDatanodeService host:pr-hdds-2107-sbngl-2106859965 ip:192.168.34.53
2019-09-11 03:15:24,106 [Datanode State Machine Thread - 0] INFO  datanode.InitDatanodeState (InitDatanodeState.java:persistContainerDatanodeDetails(140)) - DatanodeDetails is persisted to /workdir/hadoop-ozone/integration-test/target/test-dir/MiniOzoneClusterImpl-ffccced8-c8d8-492e-805a-99618b7a2b29/datanode-8/meta/datanode.id
2019-09-11 03:15:24,112 [main] INFO  volume.HddsVolume (HddsVolume.java:<init>(176)) - Creating Volume: /workdir/hadoop-ozone/integration-test/target/test-dir/MiniOzoneClusterImpl-ffccced8-c8d8-492e-805a-99618b7a2b29/datanode-9/data/containers/hdds of  storage type : DISK and capacity : 1482555576320
2019-09-11 03:15:24,113 [main] INFO  volume.VolumeSet (VolumeSet.java:initializeVolumeSet(170)) - Added Volume : /workdir/hadoop-ozone/integration-test/target/test-dir/MiniOzoneClusterImpl-ffccced8-c8d8-492e-805a-99618b7a2b29/datanode-9/data/containers/hdds to VolumeSet
2019-09-11 03:15:24,113 [main] INFO  volume.ThrottledAsyncChecker (ThrottledAsyncChecker.java:schedule(139)) - Scheduling a check for org.apache.hadoop.ozone.container.common.volume.HddsVolume@2975a9e
2019-09-11 03:15:24,114 [main] INFO  volume.HddsVolumeChecker (HddsVolumeChecker.java:checkAllVolumes(202)) - Scheduled health check for volume org.apache.hadoop.ozone.container.common.volume.HddsVolume@2975a9e
2019-09-11 03:15:24,132 [main] INFO  impl.RaftServerProxy (ConfUtils.java:logGet(43)) - raft.rpc.type = GRPC (default)
2019-09-11 03:15:24,133 [main] INFO  grpc.GrpcFactory (GrpcFactory.java:checkPooledByteBufAllocatorUseCacheForAllThreads(45)) - PERFORMANCE WARNING: useCacheForAllThreads is true that may cause Netty to create a lot garbage objects and, as a result, trigger GC.
	It is recommended to disable useCacheForAllThreads by setting -Dorg.apache.ratis.thirdparty.io.netty.allocator.useCacheForAllThreads=false in command line.
2019-09-11 03:15:24,133 [main] INFO  grpc.GrpcConfigKeys$Server (ConfUtils.java:logGet(43)) - raft.grpc.server.port = 0 (default)
2019-09-11 03:15:24,133 [main] INFO  server.GrpcService (ConfUtils.java:logGet(43)) - raft.grpc.message.size.max = 33570816 (custom)
2019-09-11 03:15:24,134 [main] INFO  server.RaftServerConfigKeys (ConfUtils.java:logGet(43)) - raft.server.log.appender.buffer.byte-limit = 33554432 (custom)
2019-09-11 03:15:24,134 [main] INFO  server.GrpcService (ConfUtils.java:logGet(43)) - raft.grpc.flow.control.window = 1MB (=1048576) (default)
2019-09-11 03:15:24,134 [main] INFO  server.RaftServerConfigKeys (ConfUtils.java:logGet(43)) - raft.server.rpc.request.timeout = 3000ms (default)
2019-09-11 03:15:24,135 [main] INFO  server.RaftServerConfigKeys (ConfUtils.java:logGet(43)) - raft.server.storage.dir = [/workdir/hadoop-ozone/integration-test/target/test-dir/MiniOzoneClusterImpl-ffccced8-c8d8-492e-805a-99618b7a2b29/datanode-9/data/ratis] (custom)
2019-09-11 03:15:24,137 [main] INFO  hdfs.DFSUtil (DFSUtil.java:httpServerTemplateForNNAndJN(1641)) - Starting Web-server for hddsDatanode at: http://0.0.0.0:0
2019-09-11 03:15:24,139 [main] INFO  server.AuthenticationFilter (AuthenticationFilter.java:constructSecretProvider(240)) - Unable to initialize FileSignerSecretProvider, falling back to use random secrets.
2019-09-11 03:15:24,139 [main] WARN  http.HttpRequestLog (HttpRequestLog.java:getRequestLog(97)) - Jetty request log can only be enabled using Log4j
2019-09-11 03:15:24,141 [main] INFO  http.HttpServer2 (HttpServer2.java:addGlobalFilter(975)) - Added global filter 'safety' (class=org.apache.hadoop.http.HttpServer2$QuotingInputFilter)
2019-09-11 03:15:24,142 [main] INFO  http.HttpServer2 (HttpServer2.java:addFilter(948)) - Added filter static_user_filter (class=org.apache.hadoop.http.lib.StaticUserWebFilter$StaticUserFilter) to context hddsDatanode
2019-09-11 03:15:24,142 [main] INFO  http.HttpServer2 (HttpServer2.java:addFilter(958)) - Added filter static_user_filter (class=org.apache.hadoop.http.lib.StaticUserWebFilter$StaticUserFilter) to context static
2019-09-11 03:15:24,143 [main] INFO  http.HttpServer2 (HttpServer2.java:addFilter(958)) - Added filter static_user_filter (class=org.apache.hadoop.http.lib.StaticUserWebFilter$StaticUserFilter) to context logs
2019-09-11 03:15:24,144 [main] INFO  http.HttpServer2 (HttpServer2.java:bindListener(1191)) - Jetty bound to port 33417
2019-09-11 03:15:24,144 [main] INFO  server.Server (Server.java:doStart(351)) - jetty-9.3.24.v20180605, build timestamp: 2018-06-05T17:11:56Z, git hash: 84205aa28f11a4f31f2a3b86d1bba2cc8ab69827
2019-09-11 03:15:24,146 [main] INFO  handler.ContextHandler (ContextHandler.java:doStart(781)) - Started o.e.j.s.ServletContextHandler@7b676112{/logs,file:///workdir/hadoop-ozone/integration-test/target/log,AVAILABLE}
2019-09-11 03:15:24,146 [main] INFO  handler.ContextHandler (ContextHandler.java:doStart(781)) - Started o.e.j.s.ServletContextHandler@4e49ce2b{/static,jar:file:/home/user/.m2/repository/org/apache/hadoop/hadoop-hdds-container-service/0.5.0-SNAPSHOT/hadoop-hdds-container-service-0.5.0-SNAPSHOT.jar!/webapps/static,AVAILABLE}
2019-09-11 03:15:24,215 [main] INFO  handler.ContextHandler (ContextHandler.java:doStart(781)) - Started o.e.j.w.WebAppContext@3c87fdf2{/,file:///tmp/jetty-0.0.0.0-33417-hddsDatanode-_-any-6786571117688952185.dir/webapp/,AVAILABLE}{/hddsDatanode}
2019-09-11 03:15:24,216 [main] INFO  server.AbstractConnector (AbstractConnector.java:doStart(278)) - Started ServerConnector@26bbe604{HTTP/1.1,[http/1.1]}{0.0.0.0:33417}
2019-09-11 03:15:24,217 [main] INFO  server.Server (Server.java:doStart(419)) - Started @6524ms
2019-09-11 03:15:24,217 [main] WARN  impl.MetricsSystemImpl (MetricsSystemImpl.java:register(276)) - Sink prometheus already exists!
2019-09-11 03:15:24,218 [main] INFO  server.BaseHttpServer (BaseHttpServer.java:updateConnectorAddress(215)) - HTTP server of HDDSDATANODE is listening at http://0.0.0.0:33417
2019-09-11 03:15:24,224 [org.apache.hadoop.util.JvmPauseMonitor$Monitor@548b35df] INFO  util.JvmPauseMonitor (JvmPauseMonitor.java:run(188)) - Starting JVM pause monitor
2019-09-11 03:15:24,224 [main] INFO  ozone.MiniOzoneClusterImpl (MiniOzoneClusterImpl.java:lambda$waitForClusterToBeReady$0(140)) - Waiting for cluster to be ready. Got 0 of 10 DN Heartbeats.
2019-09-11 03:15:24,228 [Datanode State Machine Thread - 0] INFO  datanode.InitDatanodeState (InitDatanodeState.java:persistContainerDatanodeDetails(140)) - DatanodeDetails is persisted to /workdir/hadoop-ozone/integration-test/target/test-dir/MiniOzoneClusterImpl-ffccced8-c8d8-492e-805a-99618b7a2b29/datanode-9/meta/datanode.id
2019-09-11 03:15:25,226 [main] INFO  ozone.MiniOzoneClusterImpl (MiniOzoneClusterImpl.java:lambda$waitForClusterToBeReady$0(140)) - Waiting for cluster to be ready. Got 0 of 10 DN Heartbeats.
2019-09-11 03:15:25,591 [Datanode State Machine Thread - 0] INFO  ozoneimpl.OzoneContainer (OzoneContainer.java:start(217)) - Attempting to start container services.
2019-09-11 03:15:25,593 [Datanode State Machine Thread - 0] INFO  ozoneimpl.OzoneContainer (OzoneContainer.java:start(217)) - Attempting to start container services.
2019-09-11 03:15:25,594 [Datanode State Machine Thread - 0] INFO  ozoneimpl.OzoneContainer (OzoneContainer.java:startContainerScrub(179)) - Background container scanner has been disabled.
2019-09-11 03:15:25,600 [Datanode State Machine Thread - 0] INFO  ratis.XceiverServerRatis (XceiverServerRatis.java:start(404)) - Starting XceiverServerRatis 2b261411-8be7-4fb4-994a-6f5681dc75eb at port 0
2019-09-11 03:15:25,601 [Datanode State Machine Thread - 0] INFO  ozoneimpl.OzoneContainer (OzoneContainer.java:startContainerScrub(179)) - Background container scanner has been disabled.
2019-09-11 03:15:25,601 [Datanode State Machine Thread - 0] INFO  ratis.XceiverServerRatis (XceiverServerRatis.java:start(404)) - Starting XceiverServerRatis 02b9f8ce-4253-4591-af20-e5771c574668 at port 0
2019-09-11 03:15:25,639 [Datanode State Machine Thread - 0] INFO  impl.RaftServerProxy (RaftServerProxy.java:lambda$start$3(299)) - 02b9f8ce-4253-4591-af20-e5771c574668: start RPC server
2019-09-11 03:15:25,639 [Datanode State Machine Thread - 0] INFO  impl.RaftServerProxy (RaftServerProxy.java:lambda$start$3(299)) - 2b261411-8be7-4fb4-994a-6f5681dc75eb: start RPC server
2019-09-11 03:15:25,683 [Datanode State Machine Thread - 0] INFO  ozoneimpl.OzoneContainer (OzoneContainer.java:start(217)) - Attempting to start container services.
2019-09-11 03:15:25,683 [Datanode State Machine Thread - 0] INFO  ozoneimpl.OzoneContainer (OzoneContainer.java:startContainerScrub(179)) - Background container scanner has been disabled.
2019-09-11 03:15:25,684 [Datanode State Machine Thread - 0] INFO  ratis.XceiverServerRatis (XceiverServerRatis.java:start(404)) - Starting XceiverServerRatis 06bedc96-d276-4186-804c-441da3383ef1 at port 0
2019-09-11 03:15:25,693 [Datanode State Machine Thread - 0] INFO  impl.RaftServerProxy (RaftServerProxy.java:lambda$start$3(299)) - 06bedc96-d276-4186-804c-441da3383ef1: start RPC server
2019-09-11 03:15:25,750 [Datanode State Machine Thread - 0] INFO  ozoneimpl.OzoneContainer (OzoneContainer.java:start(217)) - Attempting to start container services.
2019-09-11 03:15:25,750 [Datanode State Machine Thread - 0] INFO  ozoneimpl.OzoneContainer (OzoneContainer.java:startContainerScrub(179)) - Background container scanner has been disabled.
2019-09-11 03:15:25,751 [Datanode State Machine Thread - 0] INFO  ratis.XceiverServerRatis (XceiverServerRatis.java:start(404)) - Starting XceiverServerRatis 12f94aba-1a41-4f36-aad5-fe218cdfc4f3 at port 0
2019-09-11 03:15:25,761 [Datanode State Machine Thread - 0] INFO  impl.RaftServerProxy (RaftServerProxy.java:lambda$start$3(299)) - 12f94aba-1a41-4f36-aad5-fe218cdfc4f3: start RPC server
2019-09-11 03:15:25,816 [Datanode State Machine Thread - 0] INFO  server.GrpcService (GrpcService.java:startImpl(158)) - 02b9f8ce-4253-4591-af20-e5771c574668: GrpcService started, listening on 0.0.0.0/0.0.0.0:35050
2019-09-11 03:15:25,816 [Datanode State Machine Thread - 0] INFO  server.GrpcService (GrpcService.java:startImpl(158)) - 2b261411-8be7-4fb4-994a-6f5681dc75eb: GrpcService started, listening on 0.0.0.0/0.0.0.0:36245
2019-09-11 03:15:25,817 [Datanode State Machine Thread - 0] INFO  ratis.XceiverServerRatis (XceiverServerRatis.java:start(414)) - XceiverServerRatis 02b9f8ce-4253-4591-af20-e5771c574668 is started using port 35050
2019-09-11 03:15:25,816 [Datanode State Machine Thread - 0] INFO  server.GrpcService (GrpcService.java:startImpl(158)) - 12f94aba-1a41-4f36-aad5-fe218cdfc4f3: GrpcService started, listening on 0.0.0.0/0.0.0.0:41482
2019-09-11 03:15:25,816 [Datanode State Machine Thread - 0] INFO  server.GrpcService (GrpcService.java:startImpl(158)) - 06bedc96-d276-4186-804c-441da3383ef1: GrpcService started, listening on 0.0.0.0/0.0.0.0:35709
2019-09-11 03:15:25,817 [Datanode State Machine Thread - 0] INFO  ratis.XceiverServerRatis (XceiverServerRatis.java:start(414)) - XceiverServerRatis 12f94aba-1a41-4f36-aad5-fe218cdfc4f3 is started using port 41482
2019-09-11 03:15:25,817 [Datanode State Machine Thread - 0] INFO  ratis.XceiverServerRatis (XceiverServerRatis.java:start(414)) - XceiverServerRatis 2b261411-8be7-4fb4-994a-6f5681dc75eb is started using port 36245
2019-09-11 03:15:25,818 [Datanode State Machine Thread - 0] INFO  ratis.XceiverServerRatis (XceiverServerRatis.java:start(414)) - XceiverServerRatis 06bedc96-d276-4186-804c-441da3383ef1 is started using port 35709
2019-09-11 03:15:25,824 [Datanode State Machine Thread - 0] INFO  ozoneimpl.OzoneContainer (OzoneContainer.java:start(217)) - Attempting to start container services.
2019-09-11 03:15:25,825 [Datanode State Machine Thread - 0] INFO  ozoneimpl.OzoneContainer (OzoneContainer.java:startContainerScrub(179)) - Background container scanner has been disabled.
2019-09-11 03:15:25,825 [Datanode State Machine Thread - 0] INFO  ratis.XceiverServerRatis (XceiverServerRatis.java:start(404)) - Starting XceiverServerRatis fd8937d2-ae9c-4754-9095-8c93aae9e6b7 at port 0
2019-09-11 03:15:25,826 [Datanode State Machine Thread - 0] INFO  server.XceiverServerGrpc (XceiverServerGrpc.java:start(163)) - XceiverServerGrpc 02b9f8ce-4253-4591-af20-e5771c574668 is started using port 46526
2019-09-11 03:15:25,826 [Datanode State Machine Thread - 0] INFO  server.XceiverServerGrpc (XceiverServerGrpc.java:start(163)) - XceiverServerGrpc 12f94aba-1a41-4f36-aad5-fe218cdfc4f3 is started using port 42797
2019-09-11 03:15:25,826 [Datanode State Machine Thread - 0] INFO  server.XceiverServerGrpc (XceiverServerGrpc.java:start(163)) - XceiverServerGrpc 2b261411-8be7-4fb4-994a-6f5681dc75eb is started using port 34693
2019-09-11 03:15:25,826 [Datanode State Machine Thread - 0] INFO  server.XceiverServerGrpc (XceiverServerGrpc.java:start(163)) - XceiverServerGrpc 06bedc96-d276-4186-804c-441da3383ef1 is started using port 33315
2019-09-11 03:15:25,839 [Datanode State Machine Thread - 0] INFO  impl.RaftServerProxy (RaftServerProxy.java:lambda$start$3(299)) - fd8937d2-ae9c-4754-9095-8c93aae9e6b7: start RPC server
2019-09-11 03:15:25,843 [Datanode State Machine Thread - 0] INFO  server.GrpcService (GrpcService.java:startImpl(158)) - fd8937d2-ae9c-4754-9095-8c93aae9e6b7: GrpcService started, listening on 0.0.0.0/0.0.0.0:46025
2019-09-11 03:15:25,843 [Datanode State Machine Thread - 0] INFO  ratis.XceiverServerRatis (XceiverServerRatis.java:start(414)) - XceiverServerRatis fd8937d2-ae9c-4754-9095-8c93aae9e6b7 is started using port 46025
2019-09-11 03:15:25,846 [Datanode State Machine Thread - 0] INFO  server.XceiverServerGrpc (XceiverServerGrpc.java:start(163)) - XceiverServerGrpc fd8937d2-ae9c-4754-9095-8c93aae9e6b7 is started using port 40274
2019-09-11 03:15:25,894 [Datanode State Machine Thread - 0] INFO  ozoneimpl.OzoneContainer (OzoneContainer.java:start(217)) - Attempting to start container services.
2019-09-11 03:15:25,894 [Datanode State Machine Thread - 0] INFO  ozoneimpl.OzoneContainer (OzoneContainer.java:startContainerScrub(179)) - Background container scanner has been disabled.
2019-09-11 03:15:25,894 [Datanode State Machine Thread - 0] INFO  ratis.XceiverServerRatis (XceiverServerRatis.java:start(404)) - Starting XceiverServerRatis 8c88a939-76a6-48ec-b449-781feab56278 at port 0
2019-09-11 03:15:25,902 [Datanode State Machine Thread - 0] INFO  impl.RaftServerProxy (RaftServerProxy.java:lambda$start$3(299)) - 8c88a939-76a6-48ec-b449-781feab56278: start RPC server
2019-09-11 03:15:25,906 [Datanode State Machine Thread - 0] INFO  server.GrpcService (GrpcService.java:startImpl(158)) - 8c88a939-76a6-48ec-b449-781feab56278: GrpcService started, listening on 0.0.0.0/0.0.0.0:40431
2019-09-11 03:15:25,907 [Datanode State Machine Thread - 0] INFO  ratis.XceiverServerRatis (XceiverServerRatis.java:start(414)) - XceiverServerRatis 8c88a939-76a6-48ec-b449-781feab56278 is started using port 40431
2019-09-11 03:15:25,910 [Datanode State Machine Thread - 0] INFO  server.XceiverServerGrpc (XceiverServerGrpc.java:start(163)) - XceiverServerGrpc 8c88a939-76a6-48ec-b449-781feab56278 is started using port 37386
2019-09-11 03:15:25,985 [Datanode State Machine Thread - 0] INFO  ozoneimpl.OzoneContainer (OzoneContainer.java:start(217)) - Attempting to start container services.
2019-09-11 03:15:25,986 [Datanode State Machine Thread - 0] INFO  ozoneimpl.OzoneContainer (OzoneContainer.java:startContainerScrub(179)) - Background container scanner has been disabled.
2019-09-11 03:15:25,986 [Datanode State Machine Thread - 0] INFO  ratis.XceiverServerRatis (XceiverServerRatis.java:start(404)) - Starting XceiverServerRatis 67340b07-f44b-4075-83dc-7a68839c1bb0 at port 0
2019-09-11 03:15:25,993 [Datanode State Machine Thread - 0] INFO  impl.RaftServerProxy (RaftServerProxy.java:lambda$start$3(299)) - 67340b07-f44b-4075-83dc-7a68839c1bb0: start RPC server
2019-09-11 03:15:25,999 [Datanode State Machine Thread - 0] INFO  server.GrpcService (GrpcService.java:startImpl(158)) - 67340b07-f44b-4075-83dc-7a68839c1bb0: GrpcService started, listening on 0.0.0.0/0.0.0.0:40083
2019-09-11 03:15:25,999 [Datanode State Machine Thread - 0] INFO  ratis.XceiverServerRatis (XceiverServerRatis.java:start(414)) - XceiverServerRatis 67340b07-f44b-4075-83dc-7a68839c1bb0 is started using port 40083
2019-09-11 03:15:26,003 [Datanode State Machine Thread - 0] INFO  server.XceiverServerGrpc (XceiverServerGrpc.java:start(163)) - XceiverServerGrpc 67340b07-f44b-4075-83dc-7a68839c1bb0 is started using port 40449
2019-09-11 03:15:26,036 [Datanode State Machine Thread - 0] INFO  ozoneimpl.OzoneContainer (OzoneContainer.java:start(217)) - Attempting to start container services.
2019-09-11 03:15:26,037 [Datanode State Machine Thread - 0] INFO  ozoneimpl.OzoneContainer (OzoneContainer.java:startContainerScrub(179)) - Background container scanner has been disabled.
2019-09-11 03:15:26,037 [Datanode State Machine Thread - 0] INFO  ratis.XceiverServerRatis (XceiverServerRatis.java:start(404)) - Starting XceiverServerRatis 6fcf04af-ebca-4852-b73e-87fdd08ef440 at port 0
2019-09-11 03:15:26,044 [Datanode State Machine Thread - 0] INFO  impl.RaftServerProxy (RaftServerProxy.java:lambda$start$3(299)) - 6fcf04af-ebca-4852-b73e-87fdd08ef440: start RPC server
2019-09-11 03:15:26,050 [Datanode State Machine Thread - 0] INFO  server.GrpcService (GrpcService.java:startImpl(158)) - 6fcf04af-ebca-4852-b73e-87fdd08ef440: GrpcService started, listening on 0.0.0.0/0.0.0.0:39264
2019-09-11 03:15:26,051 [Datanode State Machine Thread - 0] INFO  ratis.XceiverServerRatis (XceiverServerRatis.java:start(414)) - XceiverServerRatis 6fcf04af-ebca-4852-b73e-87fdd08ef440 is started using port 39264
2019-09-11 03:15:26,055 [Datanode State Machine Thread - 0] INFO  server.XceiverServerGrpc (XceiverServerGrpc.java:start(163)) - XceiverServerGrpc 6fcf04af-ebca-4852-b73e-87fdd08ef440 is started using port 46536
2019-09-11 03:15:26,120 [Datanode State Machine Thread - 0] INFO  ozoneimpl.OzoneContainer (OzoneContainer.java:start(217)) - Attempting to start container services.
2019-09-11 03:15:26,121 [Datanode State Machine Thread - 0] INFO  ozoneimpl.OzoneContainer (OzoneContainer.java:startContainerScrub(179)) - Background container scanner has been disabled.
2019-09-11 03:15:26,121 [Datanode State Machine Thread - 0] INFO  ratis.XceiverServerRatis (XceiverServerRatis.java:start(404)) - Starting XceiverServerRatis 53d5fcb5-8117-4632-855b-8768bb6778f7 at port 0
2019-09-11 03:15:26,127 [Datanode State Machine Thread - 0] INFO  impl.RaftServerProxy (RaftServerProxy.java:lambda$start$3(299)) - 53d5fcb5-8117-4632-855b-8768bb6778f7: start RPC server
2019-09-11 03:15:26,133 [Datanode State Machine Thread - 0] INFO  server.GrpcService (GrpcService.java:startImpl(158)) - 53d5fcb5-8117-4632-855b-8768bb6778f7: GrpcService started, listening on 0.0.0.0/0.0.0.0:34476
2019-09-11 03:15:26,133 [Datanode State Machine Thread - 0] INFO  ratis.XceiverServerRatis (XceiverServerRatis.java:start(414)) - XceiverServerRatis 53d5fcb5-8117-4632-855b-8768bb6778f7 is started using port 34476
2019-09-11 03:15:26,141 [Datanode State Machine Thread - 0] INFO  server.XceiverServerGrpc (XceiverServerGrpc.java:start(163)) - XceiverServerGrpc 53d5fcb5-8117-4632-855b-8768bb6778f7 is started using port 42883
2019-09-11 03:15:26,227 [main] INFO  ozone.MiniOzoneClusterImpl (MiniOzoneClusterImpl.java:lambda$waitForClusterToBeReady$0(140)) - Waiting for cluster to be ready. Got 0 of 10 DN Heartbeats.
2019-09-11 03:15:26,241 [Datanode State Machine Thread - 0] INFO  ozoneimpl.OzoneContainer (OzoneContainer.java:start(217)) - Attempting to start container services.
2019-09-11 03:15:26,241 [Datanode State Machine Thread - 0] INFO  ozoneimpl.OzoneContainer (OzoneContainer.java:startContainerScrub(179)) - Background container scanner has been disabled.
2019-09-11 03:15:26,241 [Datanode State Machine Thread - 0] INFO  ratis.XceiverServerRatis (XceiverServerRatis.java:start(404)) - Starting XceiverServerRatis 4b2356e4-aaef-4a34-8176-0946a74a854c at port 0
2019-09-11 03:15:26,248 [Datanode State Machine Thread - 0] INFO  impl.RaftServerProxy (RaftServerProxy.java:lambda$start$3(299)) - 4b2356e4-aaef-4a34-8176-0946a74a854c: start RPC server
2019-09-11 03:15:26,267 [Datanode State Machine Thread - 0] INFO  server.GrpcService (GrpcService.java:startImpl(158)) - 4b2356e4-aaef-4a34-8176-0946a74a854c: GrpcService started, listening on 0.0.0.0/0.0.0.0:33321
2019-09-11 03:15:26,267 [Datanode State Machine Thread - 0] INFO  ratis.XceiverServerRatis (XceiverServerRatis.java:start(414)) - XceiverServerRatis 4b2356e4-aaef-4a34-8176-0946a74a854c is started using port 33321
2019-09-11 03:15:26,298 [Datanode State Machine Thread - 0] INFO  server.XceiverServerGrpc (XceiverServerGrpc.java:start(163)) - XceiverServerGrpc 4b2356e4-aaef-4a34-8176-0946a74a854c is started using port 34347
2019-09-11 03:15:27,228 [main] INFO  ozone.MiniOzoneClusterImpl (MiniOzoneClusterImpl.java:lambda$waitForClusterToBeReady$0(140)) - Waiting for cluster to be ready. Got 0 of 10 DN Heartbeats.
2019-09-11 03:15:27,546 [IPC Server handler 11 on 32786] INFO  net.NetworkTopology (NetworkTopologyImpl.java:add(110)) - Added a new node: /default-rack/2b261411-8be7-4fb4-994a-6f5681dc75eb
2019-09-11 03:15:27,547 [IPC Server handler 11 on 32786] INFO  node.SCMNodeManager (SCMNodeManager.java:register(266)) - Registered Data node : 2b261411-8be7-4fb4-994a-6f5681dc75eb{ip: 192.168.34.53, host: pr-hdds-2107-sbngl-2106859965, networkLocation: /default-rack, certSerialId: null}
2019-09-11 03:15:27,554 [EventQueue-NodeRegistrationContainerReportForDataNodeSafeModeRule] INFO  safemode.SCMSafeModeManager (DataNodeSafeModeRule.java:process(71)) - SCM in safe mode. 1 DataNodes registered, 1 required.
2019-09-11 03:15:27,554 [EventQueue-NodeRegistrationContainerReportForDataNodeSafeModeRule] INFO  safemode.SCMSafeModeManager (SCMSafeModeManager.java:validateSafeModeExitRules(177)) - ScmSafeModeManager, all rules are successfully validated
2019-09-11 03:15:27,555 [EventQueue-NodeRegistrationContainerReportForDataNodeSafeModeRule] INFO  safemode.SCMSafeModeManager (SCMSafeModeManager.java:exitSafeMode(193)) - SCM exiting safe mode.
2019-09-11 03:15:27,589 [IPC Server handler 7 on 32786] INFO  net.NetworkTopology (NetworkTopologyImpl.java:add(110)) - Added a new node: /default-rack/02b9f8ce-4253-4591-af20-e5771c574668
2019-09-11 03:15:27,589 [IPC Server handler 7 on 32786] INFO  node.SCMNodeManager (SCMNodeManager.java:register(266)) - Registered Data node : 02b9f8ce-4253-4591-af20-e5771c574668{ip: 192.168.34.53, host: pr-hdds-2107-sbngl-2106859965, networkLocation: /default-rack, certSerialId: null}
2019-09-11 03:15:27,672 [IPC Server handler 1 on 32786] INFO  net.NetworkTopology (NetworkTopologyImpl.java:add(110)) - Added a new node: /default-rack/06bedc96-d276-4186-804c-441da3383ef1
2019-09-11 03:15:27,672 [IPC Server handler 1 on 32786] INFO  node.SCMNodeManager (SCMNodeManager.java:register(266)) - Registered Data node : 06bedc96-d276-4186-804c-441da3383ef1{ip: 192.168.34.53, host: pr-hdds-2107-sbngl-2106859965, networkLocation: /default-rack, certSerialId: null}
2019-09-11 03:15:27,737 [IPC Server handler 10 on 32786] INFO  net.NetworkTopology (NetworkTopologyImpl.java:add(110)) - Added a new node: /default-rack/12f94aba-1a41-4f36-aad5-fe218cdfc4f3
2019-09-11 03:15:27,737 [IPC Server handler 10 on 32786] INFO  node.SCMNodeManager (SCMNodeManager.java:register(266)) - Registered Data node : 12f94aba-1a41-4f36-aad5-fe218cdfc4f3{ip: 192.168.34.53, host: pr-hdds-2107-sbngl-2106859965, networkLocation: /default-rack, certSerialId: null}
2019-09-11 03:15:27,809 [IPC Server handler 17 on 32786] INFO  net.NetworkTopology (NetworkTopologyImpl.java:add(110)) - Added a new node: /default-rack/fd8937d2-ae9c-4754-9095-8c93aae9e6b7
2019-09-11 03:15:27,809 [IPC Server handler 17 on 32786] INFO  node.SCMNodeManager (SCMNodeManager.java:register(266)) - Registered Data node : fd8937d2-ae9c-4754-9095-8c93aae9e6b7{ip: 192.168.34.53, host: pr-hdds-2107-sbngl-2106859965, networkLocation: /default-rack, certSerialId: null}
2019-09-11 03:15:27,883 [IPC Server handler 15 on 32786] INFO  net.NetworkTopology (NetworkTopologyImpl.java:add(110)) - Added a new node: /default-rack/8c88a939-76a6-48ec-b449-781feab56278
2019-09-11 03:15:27,884 [IPC Server handler 15 on 32786] INFO  node.SCMNodeManager (SCMNodeManager.java:register(266)) - Registered Data node : 8c88a939-76a6-48ec-b449-781feab56278{ip: 192.168.34.53, host: pr-hdds-2107-sbngl-2106859965, networkLocation: /default-rack, certSerialId: null}
2019-09-11 03:15:27,994 [IPC Server handler 4 on 32786] INFO  net.NetworkTopology (NetworkTopologyImpl.java:add(110)) - Added a new node: /default-rack/67340b07-f44b-4075-83dc-7a68839c1bb0
2019-09-11 03:15:27,994 [IPC Server handler 4 on 32786] INFO  node.SCMNodeManager (SCMNodeManager.java:register(266)) - Registered Data node : 67340b07-f44b-4075-83dc-7a68839c1bb0{ip: 192.168.34.53, host: pr-hdds-2107-sbngl-2106859965, networkLocation: /default-rack, certSerialId: null}
2019-09-11 03:15:28,023 [IPC Server handler 8 on 32786] INFO  net.NetworkTopology (NetworkTopologyImpl.java:add(110)) - Added a new node: /default-rack/6fcf04af-ebca-4852-b73e-87fdd08ef440
2019-09-11 03:15:28,023 [IPC Server handler 8 on 32786] INFO  node.SCMNodeManager (SCMNodeManager.java:register(266)) - Registered Data node : 6fcf04af-ebca-4852-b73e-87fdd08ef440{ip: 192.168.34.53, host: pr-hdds-2107-sbngl-2106859965, networkLocation: /default-rack, certSerialId: null}
2019-09-11 03:15:28,112 [IPC Server handler 18 on 32786] INFO  net.NetworkTopology (NetworkTopologyImpl.java:add(110)) - Added a new node: /default-rack/53d5fcb5-8117-4632-855b-8768bb6778f7
2019-09-11 03:15:28,112 [IPC Server handler 18 on 32786] INFO  node.SCMNodeManager (SCMNodeManager.java:register(266)) - Registered Data node : 53d5fcb5-8117-4632-855b-8768bb6778f7{ip: 192.168.34.53, host: pr-hdds-2107-sbngl-2106859965, networkLocation: /default-rack, certSerialId: null}
2019-09-11 03:15:28,153 [grpc-default-executor-0] INFO  impl.RaftServerProxy (RaftServerProxy.java:addNew(89)) - 2b261411-8be7-4fb4-994a-6f5681dc75eb: addNew group-4AE345F8CCB3:[2b261411-8be7-4fb4-994a-6f5681dc75eb:192.168.34.53:36245] returns group-4AE345F8CCB3:java.util.concurrent.CompletableFuture@17c4f8c[Not completed]
2019-09-11 03:15:28,192 [pool-27-thread-1] INFO  impl.RaftServerImpl (RaftServerImpl.java:<init>(95)) - 2b261411-8be7-4fb4-994a-6f5681dc75eb: new RaftServerImpl for group-4AE345F8CCB3:[2b261411-8be7-4fb4-994a-6f5681dc75eb:192.168.34.53:36245] with ContainerStateMachine:uninitialized
2019-09-11 03:15:28,194 [pool-27-thread-1] INFO  server.RaftServerConfigKeys (ConfUtils.java:logGet(43)) - raft.server.rpc.timeout.min = 1s (custom)
2019-09-11 03:15:28,196 [pool-27-thread-1] INFO  server.RaftServerConfigKeys (ConfUtils.java:logGet(43)) - raft.server.rpc.timeout.max = 1200ms (custom)
2019-09-11 03:15:28,196 [pool-27-thread-1] INFO  server.RaftServerConfigKeys (ConfUtils.java:logGet(43)) - raft.server.rpcslowness.timeout = 120s (custom)
2019-09-11 03:15:28,197 [pool-27-thread-1] INFO  server.RaftServerConfigKeys (ConfUtils.java:logGet(43)) - raft.server.sleep.deviation.threshold = 300 (default)
2019-09-11 03:15:28,198 [pool-27-thread-1] INFO  server.RaftServerConfigKeys (ConfUtils.java:logGet(43)) - raft.server.log.appender.install.snapshot.enabled = false (custom)
2019-09-11 03:15:28,209 [pool-27-thread-1] INFO  impl.RaftServerImpl (ServerState.java:<init>(103)) - 2b261411-8be7-4fb4-994a-6f5681dc75eb@group-4AE345F8CCB3: ConfigurationManager, init=-1: [2b261411-8be7-4fb4-994a-6f5681dc75eb:192.168.34.53:36245], old=null, confs=<EMPTY_MAP>
2019-09-11 03:15:28,210 [pool-27-thread-1] INFO  server.RaftServerConfigKeys (ConfUtils.java:logGet(43)) - raft.server.storage.dir = [/workdir/hadoop-ozone/integration-test/target/test-dir/MiniOzoneClusterImpl-ffccced8-c8d8-492e-805a-99618b7a2b29/datanode-0/data/ratis] (custom)
2019-09-11 03:15:28,220 [pool-27-thread-1] INFO  storage.RaftStorageDirectory (RaftStorageDirectory.java:analyzeStorage(246)) - The storage directory /workdir/hadoop-ozone/integration-test/target/test-dir/MiniOzoneClusterImpl-ffccced8-c8d8-492e-805a-99618b7a2b29/datanode-0/data/ratis/37673f0e-1cec-4b9f-913d-4ae345f8ccb3 does not exist. Creating ...
2019-09-11 03:15:28,241 [main] INFO  ozone.MiniOzoneClusterImpl (MiniOzoneClusterImpl.java:lambda$waitForClusterToBeReady$0(140)) - Waiting for cluster to be ready. Got 9 of 10 DN Heartbeats.
2019-09-11 03:15:28,250 [IPC Server handler 11 on 32786] INFO  net.NetworkTopology (NetworkTopologyImpl.java:add(110)) - Added a new node: /default-rack/4b2356e4-aaef-4a34-8176-0946a74a854c
2019-09-11 03:15:28,257 [IPC Server handler 11 on 32786] INFO  node.SCMNodeManager (SCMNodeManager.java:register(266)) - Registered Data node : 4b2356e4-aaef-4a34-8176-0946a74a854c{ip: 192.168.34.53, host: pr-hdds-2107-sbngl-2106859965, networkLocation: /default-rack, certSerialId: null}
2019-09-11 03:15:28,265 [pool-27-thread-1] INFO  storage.RaftStorageDirectory (RaftStorageDirectory.java:tryLock(328)) - Lock on /workdir/hadoop-ozone/integration-test/target/test-dir/MiniOzoneClusterImpl-ffccced8-c8d8-492e-805a-99618b7a2b29/datanode-0/data/ratis/37673f0e-1cec-4b9f-913d-4ae345f8ccb3/in_use.lock acquired by nodename 13095@pr-hdds-2107-sbngl-2106859965
2019-09-11 03:15:28,290 [pool-27-thread-1] INFO  storage.RaftStorage (RaftStorage.java:format(72)) - Storage directory /workdir/hadoop-ozone/integration-test/target/test-dir/MiniOzoneClusterImpl-ffccced8-c8d8-492e-805a-99618b7a2b29/datanode-0/data/ratis/37673f0e-1cec-4b9f-913d-4ae345f8ccb3 has been successfully formatted.
2019-09-11 03:15:28,294 [pool-27-thread-1] INFO  ratis.ContainerStateMachine (ContainerStateMachine.java:loadSnapshot(230)) - group-4AE345F8CCB3: The snapshot info is null. Setting the last applied indexto:(t:0, i:~)
2019-09-11 03:15:28,294 [pool-27-thread-1] INFO  server.RaftServerConfigKeys (ConfUtils.java:logGet(43)) - raft.server.notification.no-leader.timeout = 120s (custom)
2019-09-11 03:15:28,297 [pool-27-thread-1] INFO  server.RaftServerConfigKeys (ConfUtils.java:logGet(43)) - raft.server.log.use.memory = false (default)
2019-09-11 03:15:28,305 [pool-27-thread-1] INFO  server.RaftServerConfigKeys (ConfUtils.java:logGet(43)) - raft.server.log.purge.gap = 1000000 (custom)
2019-09-11 03:15:28,305 [pool-27-thread-1] INFO  server.RaftServerConfigKeys (ConfUtils.java:logGet(43)) - raft.server.log.appender.buffer.byte-limit = 33554432 (custom)
2019-09-11 03:15:28,308 [pool-27-thread-1] INFO  server.RaftServerConfigKeys (ConfUtils.java:logGet(43)) - raft.server.log.segment.size.max = 1048576 (custom)
2019-09-11 03:15:28,314 [pool-27-thread-1] INFO  server.RaftServerConfigKeys (ConfUtils.java:logGet(43)) - raft.server.log.segment.cache.num.max = 2 (custom)
2019-09-11 03:15:28,321 [pool-27-thread-1] INFO  segmented.SegmentedRaftLogWorker (SegmentedRaftLogWorker.java:<init>(172)) - new 2b261411-8be7-4fb4-994a-6f5681dc75eb@group-4AE345F8CCB3-SegmentedRaftLogWorker for RaftStorage:Storage Directory /workdir/hadoop-ozone/integration-test/target/test-dir/MiniOzoneClusterImpl-ffccced8-c8d8-492e-805a-99618b7a2b29/datanode-0/data/ratis/37673f0e-1cec-4b9f-913d-4ae345f8ccb3
2019-09-11 03:15:28,322 [pool-27-thread-1] INFO  impl.MetricsSystemImpl (MetricsSystemImpl.java:init(158)) - ratis metrics system started (again)
2019-09-11 03:15:28,362 [pool-27-thread-1] INFO  server.RaftServerConfigKeys (ConfUtils.java:logGet(43)) - raft.server.log.queue.byte-limit = 2147483647 (custom)
2019-09-11 03:15:28,362 [pool-27-thread-1] INFO  server.RaftServerConfigKeys (ConfUtils.java:logGet(43)) - raft.server.log.queue.element-limit = 1024 (custom)
2019-09-11 03:15:28,366 [pool-27-thread-1] INFO  server.RaftServerConfigKeys (ConfUtils.java:logGet(43)) - raft.server.log.segment.size.max = 1048576 (custom)
2019-09-11 03:15:28,366 [pool-27-thread-1] INFO  server.RaftServerConfigKeys (ConfUtils.java:logGet(43)) - raft.server.log.preallocated.size = 16384 (custom)
2019-09-11 03:15:28,367 [pool-27-thread-1] INFO  server.RaftServerConfigKeys (ConfUtils.java:logGet(43)) - raft.server.log.write.buffer.size = 33554432 (custom)
2019-09-11 03:15:28,367 [pool-27-thread-1] INFO  server.RaftServerConfigKeys (ConfUtils.java:logGet(43)) - raft.server.log.force.sync.num = 128 (default)
2019-09-11 03:15:28,368 [pool-27-thread-1] INFO  server.RaftServerConfigKeys (ConfUtils.java:logGet(43)) - raft.server.log.statemachine.data.sync = true (default)
2019-09-11 03:15:28,368 [pool-27-thread-1] INFO  server.RaftServerConfigKeys (ConfUtils.java:logGet(43)) - raft.server.log.statemachine.data.sync.timeout = 10s (default)
2019-09-11 03:15:28,369 [pool-27-thread-1] INFO  server.RaftServerConfigKeys (ConfUtils.java:logGet(43)) - raft.server.log.statemachine.data.sync.timeout.retry = -1 (default)
2019-09-11 03:15:28,378 [pool-27-thread-1] INFO  server.RaftServerConfigKeys (ConfUtils.java:logGet(43)) - raft.server.log.statemachine.data.caching.enabled = true (custom)
2019-09-11 03:15:28,383 [pool-27-thread-1] INFO  segmented.SegmentedRaftLogWorker (SegmentedRaftLogWorker.java:lambda$new$0(132)) - 2b261411-8be7-4fb4-994a-6f5681dc75eb@group-4AE345F8CCB3-SegmentedRaftLogWorker: flushIndex: setUnconditionally 0 -> -1
2019-09-11 03:15:28,387 [pool-27-thread-1] INFO  server.RaftServerConfigKeys (ConfUtils.java:logGet(43)) - raft.server.snapshot.auto.trigger.enabled = true (custom)
2019-09-11 03:15:28,388 [pool-27-thread-1] INFO  server.RaftServerConfigKeys (ConfUtils.java:logGet(43)) - raft.server.snapshot.auto.trigger.threshold = 10000 (custom)
2019-09-11 03:15:28,389 [pool-27-thread-1] INFO  server.RaftServerConfigKeys (ConfUtils.java:logGet(43)) - raft.server.snapshot.retention.num.files = -1 (default)
2019-09-11 03:15:28,389 [pool-27-thread-1] INFO  server.RaftServerConfigKeys (ConfUtils.java:logGet(43)) - raft.server.retrycache.expirytime = 600000ms (custom)
2019-09-11 03:15:28,416 [pool-27-thread-1] INFO  impl.RaftServerImpl (RaftServerImpl.java:start(185)) - 2b261411-8be7-4fb4-994a-6f5681dc75eb@group-4AE345F8CCB3: start as a follower, conf=-1: [2b261411-8be7-4fb4-994a-6f5681dc75eb:192.168.34.53:36245], old=null
2019-09-11 03:15:28,417 [pool-27-thread-1] INFO  impl.RaftServerImpl (RaftServerImpl.java:setRole(174)) - 2b261411-8be7-4fb4-994a-6f5681dc75eb@group-4AE345F8CCB3: changes role from      null to FOLLOWER at term 0 for startAsFollower
2019-09-11 03:15:28,418 [pool-27-thread-1] INFO  impl.RoleInfo (RoleInfo.java:updateAndGet(143)) - 2b261411-8be7-4fb4-994a-6f5681dc75eb: start FollowerState
2019-09-11 03:15:28,420 [pool-27-thread-1] INFO  util.JmxRegister (JmxRegister.java:tryRegister(44)) - Successfully registered JMX Bean with object name Ratis:service=RaftServer,group=group-4AE345F8CCB3,id=2b261411-8be7-4fb4-994a-6f5681dc75eb
2019-09-11 03:15:28,494 [RatisPipelineUtilsThread] INFO  pipeline.PipelineStateManager (PipelineStateManager.java:addPipeline(56)) - Created pipeline Pipeline[ Id: 37673f0e-1cec-4b9f-913d-4ae345f8ccb3, Nodes: 2b261411-8be7-4fb4-994a-6f5681dc75eb{ip: 192.168.34.53, host: pr-hdds-2107-sbngl-2106859965, networkLocation: /default-rack, certSerialId: null}, Type:RATIS, Factor:ONE, State:OPEN]
2019-09-11 03:15:28,526 [grpc-default-executor-0] INFO  impl.RaftServerProxy (RaftServerProxy.java:addNew(89)) - 06bedc96-d276-4186-804c-441da3383ef1: addNew group-222B947CC395:[06bedc96-d276-4186-804c-441da3383ef1:192.168.34.53:35709] returns group-222B947CC395:java.util.concurrent.CompletableFuture@1f8c2490[Not completed]
2019-09-11 03:15:28,596 [pool-47-thread-1] INFO  impl.RaftServerImpl (RaftServerImpl.java:<init>(95)) - 06bedc96-d276-4186-804c-441da3383ef1: new RaftServerImpl for group-222B947CC395:[06bedc96-d276-4186-804c-441da3383ef1:192.168.34.53:35709] with ContainerStateMachine:uninitialized
2019-09-11 03:15:28,597 [pool-47-thread-1] INFO  server.RaftServerConfigKeys (ConfUtils.java:logGet(43)) - raft.server.rpc.timeout.min = 1s (custom)
2019-09-11 03:15:28,598 [pool-47-thread-1] INFO  server.RaftServerConfigKeys (ConfUtils.java:logGet(43)) - raft.server.rpc.timeout.max = 1200ms (custom)
2019-09-11 03:15:28,598 [pool-47-thread-1] INFO  server.RaftServerConfigKeys (ConfUtils.java:logGet(43)) - raft.server.rpcslowness.timeout = 120s (custom)
2019-09-11 03:15:28,598 [pool-47-thread-1] INFO  server.RaftServerConfigKeys (ConfUtils.java:logGet(43)) - raft.server.sleep.deviation.threshold = 300 (default)
2019-09-11 03:15:28,598 [pool-47-thread-1] INFO  server.RaftServerConfigKeys (ConfUtils.java:logGet(43)) - raft.server.log.appender.install.snapshot.enabled = false (custom)
2019-09-11 03:15:28,598 [pool-47-thread-1] INFO  impl.RaftServerImpl (ServerState.java:<init>(103)) - 06bedc96-d276-4186-804c-441da3383ef1@group-222B947CC395: ConfigurationManager, init=-1: [06bedc96-d276-4186-804c-441da3383ef1:192.168.34.53:35709], old=null, confs=<EMPTY_MAP>
2019-09-11 03:15:28,599 [pool-47-thread-1] INFO  server.RaftServerConfigKeys (ConfUtils.java:logGet(43)) - raft.server.storage.dir = [/workdir/hadoop-ozone/integration-test/target/test-dir/MiniOzoneClusterImpl-ffccced8-c8d8-492e-805a-99618b7a2b29/datanode-2/data/ratis] (custom)
2019-09-11 03:15:28,599 [pool-47-thread-1] INFO  storage.RaftStorageDirectory (RaftStorageDirectory.java:analyzeStorage(246)) - The storage directory /workdir/hadoop-ozone/integration-test/target/test-dir/MiniOzoneClusterImpl-ffccced8-c8d8-492e-805a-99618b7a2b29/datanode-2/data/ratis/bc3f123d-8107-4d92-91b5-222b947cc395 does not exist. Creating ...
2019-09-11 03:15:28,614 [pool-47-thread-1] INFO  storage.RaftStorageDirectory (RaftStorageDirectory.java:tryLock(328)) - Lock on /workdir/hadoop-ozone/integration-test/target/test-dir/MiniOzoneClusterImpl-ffccced8-c8d8-492e-805a-99618b7a2b29/datanode-2/data/ratis/bc3f123d-8107-4d92-91b5-222b947cc395/in_use.lock acquired by nodename 13095@pr-hdds-2107-sbngl-2106859965
2019-09-11 03:15:28,627 [pool-47-thread-1] INFO  storage.RaftStorage (RaftStorage.java:format(72)) - Storage directory /workdir/hadoop-ozone/integration-test/target/test-dir/MiniOzoneClusterImpl-ffccced8-c8d8-492e-805a-99618b7a2b29/datanode-2/data/ratis/bc3f123d-8107-4d92-91b5-222b947cc395 has been successfully formatted.
2019-09-11 03:15:28,629 [pool-47-thread-1] INFO  ratis.ContainerStateMachine (ContainerStateMachine.java:loadSnapshot(230)) - group-222B947CC395: The snapshot info is null. Setting the last applied indexto:(t:0, i:~)
2019-09-11 03:15:28,632 [pool-47-thread-1] INFO  server.RaftServerConfigKeys (ConfUtils.java:logGet(43)) - raft.server.notification.no-leader.timeout = 120s (custom)
2019-09-11 03:15:28,632 [pool-47-thread-1] INFO  server.RaftServerConfigKeys (ConfUtils.java:logGet(43)) - raft.server.log.use.memory = false (default)
2019-09-11 03:15:28,632 [pool-47-thread-1] INFO  server.RaftServerConfigKeys (ConfUtils.java:logGet(43)) - raft.server.log.purge.gap = 1000000 (custom)
2019-09-11 03:15:28,632 [pool-47-thread-1] INFO  server.RaftServerConfigKeys (ConfUtils.java:logGet(43)) - raft.server.log.appender.buffer.byte-limit = 33554432 (custom)
2019-09-11 03:15:28,632 [pool-47-thread-1] INFO  server.RaftServerConfigKeys (ConfUtils.java:logGet(43)) - raft.server.log.segment.size.max = 1048576 (custom)
2019-09-11 03:15:28,633 [pool-47-thread-1] INFO  server.RaftServerConfigKeys (ConfUtils.java:logGet(43)) - raft.server.log.segment.cache.num.max = 2 (custom)
2019-09-11 03:15:28,633 [pool-47-thread-1] INFO  segmented.SegmentedRaftLogWorker (SegmentedRaftLogWorker.java:<init>(172)) - new 06bedc96-d276-4186-804c-441da3383ef1@group-222B947CC395-SegmentedRaftLogWorker for RaftStorage:Storage Directory /workdir/hadoop-ozone/integration-test/target/test-dir/MiniOzoneClusterImpl-ffccced8-c8d8-492e-805a-99618b7a2b29/datanode-2/data/ratis/bc3f123d-8107-4d92-91b5-222b947cc395
2019-09-11 03:15:28,640 [pool-47-thread-1] INFO  server.RaftServerConfigKeys (ConfUtils.java:logGet(43)) - raft.server.log.queue.byte-limit = 2147483647 (custom)
2019-09-11 03:15:28,640 [pool-47-thread-1] INFO  server.RaftServerConfigKeys (ConfUtils.java:logGet(43)) - raft.server.log.queue.element-limit = 1024 (custom)
2019-09-11 03:15:28,641 [pool-47-thread-1] INFO  server.RaftServerConfigKeys (ConfUtils.java:logGet(43)) - raft.server.log.segment.size.max = 1048576 (custom)
2019-09-11 03:15:28,641 [pool-47-thread-1] INFO  server.RaftServerConfigKeys (ConfUtils.java:logGet(43)) - raft.server.log.preallocated.size = 16384 (custom)
2019-09-11 03:15:28,641 [pool-47-thread-1] INFO  server.RaftServerConfigKeys (ConfUtils.java:logGet(43)) - raft.server.log.write.buffer.size = 33554432 (custom)
2019-09-11 03:15:28,641 [pool-47-thread-1] INFO  server.RaftServerConfigKeys (ConfUtils.java:logGet(43)) - raft.server.log.force.sync.num = 128 (default)
2019-09-11 03:15:28,641 [pool-47-thread-1] INFO  server.RaftServerConfigKeys (ConfUtils.java:logGet(43)) - raft.server.log.statemachine.data.sync = true (default)
2019-09-11 03:15:28,641 [pool-47-thread-1] INFO  server.RaftServerConfigKeys (ConfUtils.java:logGet(43)) - raft.server.log.statemachine.data.sync.timeout = 10s (default)
2019-09-11 03:15:28,641 [pool-47-thread-1] INFO  server.RaftServerConfigKeys (ConfUtils.java:logGet(43)) - raft.server.log.statemachine.data.sync.timeout.retry = -1 (default)
2019-09-11 03:15:28,642 [pool-47-thread-1] INFO  server.RaftServerConfigKeys (ConfUtils.java:logGet(43)) - raft.server.log.statemachine.data.caching.enabled = true (custom)
2019-09-11 03:15:28,642 [pool-47-thread-1] INFO  segmented.SegmentedRaftLogWorker (SegmentedRaftLogWorker.java:lambda$new$0(132)) - 06bedc96-d276-4186-804c-441da3383ef1@group-222B947CC395-SegmentedRaftLogWorker: flushIndex: setUnconditionally 0 -> -1
2019-09-11 03:15:28,642 [pool-47-thread-1] INFO  server.RaftServerConfigKeys (ConfUtils.java:logGet(43)) - raft.server.snapshot.auto.trigger.enabled = true (custom)
2019-09-11 03:15:28,642 [pool-47-thread-1] INFO  server.RaftServerConfigKeys (ConfUtils.java:logGet(43)) - raft.server.snapshot.auto.trigger.threshold = 10000 (custom)
2019-09-11 03:15:28,643 [pool-47-thread-1] INFO  server.RaftServerConfigKeys (ConfUtils.java:logGet(43)) - raft.server.snapshot.retention.num.files = -1 (default)
2019-09-11 03:15:28,643 [pool-47-thread-1] INFO  server.RaftServerConfigKeys (ConfUtils.java:logGet(43)) - raft.server.retrycache.expirytime = 600000ms (custom)
2019-09-11 03:15:28,648 [pool-47-thread-1] INFO  impl.RaftServerImpl (RaftServerImpl.java:start(185)) - 06bedc96-d276-4186-804c-441da3383ef1@group-222B947CC395: start as a follower, conf=-1: [06bedc96-d276-4186-804c-441da3383ef1:192.168.34.53:35709], old=null
2019-09-11 03:15:28,648 [pool-47-thread-1] INFO  impl.RaftServerImpl (RaftServerImpl.java:setRole(174)) - 06bedc96-d276-4186-804c-441da3383ef1@group-222B947CC395: changes role from      null to FOLLOWER at term 0 for startAsFollower
2019-09-11 03:15:28,648 [pool-47-thread-1] INFO  impl.RoleInfo (RoleInfo.java:updateAndGet(143)) - 06bedc96-d276-4186-804c-441da3383ef1: start FollowerState
2019-09-11 03:15:28,651 [pool-47-thread-1] INFO  util.JmxRegister (JmxRegister.java:tryRegister(44)) - Successfully registered JMX Bean with object name Ratis:service=RaftServer,group=group-222B947CC395,id=06bedc96-d276-4186-804c-441da3383ef1
2019-09-11 03:15:28,679 [RatisPipelineUtilsThread] INFO  pipeline.PipelineStateManager (PipelineStateManager.java:addPipeline(56)) - Created pipeline Pipeline[ Id: bc3f123d-8107-4d92-91b5-222b947cc395, Nodes: 06bedc96-d276-4186-804c-441da3383ef1{ip: 192.168.34.53, host: pr-hdds-2107-sbngl-2106859965, networkLocation: /default-rack, certSerialId: null}, Type:RATIS, Factor:ONE, State:OPEN]
2019-09-11 03:15:28,706 [grpc-default-executor-0] INFO  impl.RaftServerProxy (RaftServerProxy.java:addNew(89)) - 8c88a939-76a6-48ec-b449-781feab56278: addNew group-8A73FA440246:[8c88a939-76a6-48ec-b449-781feab56278:192.168.34.53:40431] returns group-8A73FA440246:java.util.concurrent.CompletableFuture@62eb93f4[Not completed]
2019-09-11 03:15:28,743 [pool-77-thread-1] INFO  impl.RaftServerImpl (RaftServerImpl.java:<init>(95)) - 8c88a939-76a6-48ec-b449-781feab56278: new RaftServerImpl for group-8A73FA440246:[8c88a939-76a6-48ec-b449-781feab56278:192.168.34.53:40431] with ContainerStateMachine:uninitialized
2019-09-11 03:15:28,743 [pool-77-thread-1] INFO  server.RaftServerConfigKeys (ConfUtils.java:logGet(43)) - raft.server.rpc.timeout.min = 1s (custom)
2019-09-11 03:15:28,744 [pool-77-thread-1] INFO  server.RaftServerConfigKeys (ConfUtils.java:logGet(43)) - raft.server.rpc.timeout.max = 1200ms (custom)
2019-09-11 03:15:28,744 [pool-77-thread-1] INFO  server.RaftServerConfigKeys (ConfUtils.java:logGet(43)) - raft.server.rpcslowness.timeout = 120s (custom)
2019-09-11 03:15:28,744 [pool-77-thread-1] INFO  server.RaftServerConfigKeys (ConfUtils.java:logGet(43)) - raft.server.sleep.deviation.threshold = 300 (default)
2019-09-11 03:15:28,744 [pool-77-thread-1] INFO  server.RaftServerConfigKeys (ConfUtils.java:logGet(43)) - raft.server.log.appender.install.snapshot.enabled = false (custom)
2019-09-11 03:15:28,744 [pool-77-thread-1] INFO  impl.RaftServerImpl (ServerState.java:<init>(103)) - 8c88a939-76a6-48ec-b449-781feab56278@group-8A73FA440246: ConfigurationManager, init=-1: [8c88a939-76a6-48ec-b449-781feab56278:192.168.34.53:40431], old=null, confs=<EMPTY_MAP>
2019-09-11 03:15:28,744 [pool-77-thread-1] INFO  server.RaftServerConfigKeys (ConfUtils.java:logGet(43)) - raft.server.storage.dir = [/workdir/hadoop-ozone/integration-test/target/test-dir/MiniOzoneClusterImpl-ffccced8-c8d8-492e-805a-99618b7a2b29/datanode-5/data/ratis] (custom)
2019-09-11 03:15:28,745 [pool-77-thread-1] INFO  storage.RaftStorageDirectory (RaftStorageDirectory.java:analyzeStorage(246)) - The storage directory /workdir/hadoop-ozone/integration-test/target/test-dir/MiniOzoneClusterImpl-ffccced8-c8d8-492e-805a-99618b7a2b29/datanode-5/data/ratis/68e68e60-dea1-4681-876e-8a73fa440246 does not exist. Creating ...
2019-09-11 03:15:28,758 [pool-77-thread-1] INFO  storage.RaftStorageDirectory (RaftStorageDirectory.java:tryLock(328)) - Lock on /workdir/hadoop-ozone/integration-test/target/test-dir/MiniOzoneClusterImpl-ffccced8-c8d8-492e-805a-99618b7a2b29/datanode-5/data/ratis/68e68e60-dea1-4681-876e-8a73fa440246/in_use.lock acquired by nodename 13095@pr-hdds-2107-sbngl-2106859965
2019-09-11 03:15:28,771 [pool-77-thread-1] INFO  storage.RaftStorage (RaftStorage.java:format(72)) - Storage directory /workdir/hadoop-ozone/integration-test/target/test-dir/MiniOzoneClusterImpl-ffccced8-c8d8-492e-805a-99618b7a2b29/datanode-5/data/ratis/68e68e60-dea1-4681-876e-8a73fa440246 has been successfully formatted.
2019-09-11 03:15:28,772 [pool-77-thread-1] INFO  ratis.ContainerStateMachine (ContainerStateMachine.java:loadSnapshot(230)) - group-8A73FA440246: The snapshot info is null. Setting the last applied indexto:(t:0, i:~)
2019-09-11 03:15:28,772 [pool-77-thread-1] INFO  server.RaftServerConfigKeys (ConfUtils.java:logGet(43)) - raft.server.notification.no-leader.timeout = 120s (custom)
2019-09-11 03:15:28,772 [pool-77-thread-1] INFO  server.RaftServerConfigKeys (ConfUtils.java:logGet(43)) - raft.server.log.use.memory = false (default)
2019-09-11 03:15:28,772 [pool-77-thread-1] INFO  server.RaftServerConfigKeys (ConfUtils.java:logGet(43)) - raft.server.log.purge.gap = 1000000 (custom)
2019-09-11 03:15:28,773 [pool-77-thread-1] INFO  server.RaftServerConfigKeys (ConfUtils.java:logGet(43)) - raft.server.log.appender.buffer.byte-limit = 33554432 (custom)
2019-09-11 03:15:28,773 [pool-77-thread-1] INFO  server.RaftServerConfigKeys (ConfUtils.java:logGet(43)) - raft.server.log.segment.size.max = 1048576 (custom)
2019-09-11 03:15:28,773 [pool-77-thread-1] INFO  server.RaftServerConfigKeys (ConfUtils.java:logGet(43)) - raft.server.log.segment.cache.num.max = 2 (custom)
2019-09-11 03:15:28,773 [pool-77-thread-1] INFO  segmented.SegmentedRaftLogWorker (SegmentedRaftLogWorker.java:<init>(172)) - new 8c88a939-76a6-48ec-b449-781feab56278@group-8A73FA440246-SegmentedRaftLogWorker for RaftStorage:Storage Directory /workdir/hadoop-ozone/integration-test/target/test-dir/MiniOzoneClusterImpl-ffccced8-c8d8-492e-805a-99618b7a2b29/datanode-5/data/ratis/68e68e60-dea1-4681-876e-8a73fa440246
2019-09-11 03:15:28,836 [pool-77-thread-1] INFO  server.RaftServerConfigKeys (ConfUtils.java:logGet(43)) - raft.server.log.queue.byte-limit = 2147483647 (custom)
2019-09-11 03:15:28,837 [pool-77-thread-1] INFO  server.RaftServerConfigKeys (ConfUtils.java:logGet(43)) - raft.server.log.queue.element-limit = 1024 (custom)
2019-09-11 03:15:28,837 [pool-77-thread-1] INFO  server.RaftServerConfigKeys (ConfUtils.java:logGet(43)) - raft.server.log.segment.size.max = 1048576 (custom)
2019-09-11 03:15:28,837 [pool-77-thread-1] INFO  server.RaftServerConfigKeys (ConfUtils.java:logGet(43)) - raft.server.log.preallocated.size = 16384 (custom)
2019-09-11 03:15:28,837 [pool-77-thread-1] INFO  server.RaftServerConfigKeys (ConfUtils.java:logGet(43)) - raft.server.log.write.buffer.size = 33554432 (custom)
2019-09-11 03:15:28,838 [pool-77-thread-1] INFO  server.RaftServerConfigKeys (ConfUtils.java:logGet(43)) - raft.server.log.force.sync.num = 128 (default)
2019-09-11 03:15:28,838 [pool-77-thread-1] INFO  server.RaftServerConfigKeys (ConfUtils.java:logGet(43)) - raft.server.log.statemachine.data.sync = true (default)
2019-09-11 03:15:28,838 [pool-77-thread-1] INFO  server.RaftServerConfigKeys (ConfUtils.java:logGet(43)) - raft.server.log.statemachine.data.sync.timeout = 10s (default)
2019-09-11 03:15:28,838 [pool-77-thread-1] INFO  server.RaftServerConfigKeys (ConfUtils.java:logGet(43)) - raft.server.log.statemachine.data.sync.timeout.retry = -1 (default)
2019-09-11 03:15:28,839 [pool-77-thread-1] INFO  server.RaftServerConfigKeys (ConfUtils.java:logGet(43)) - raft.server.log.statemachine.data.caching.enabled = true (custom)
2019-09-11 03:15:28,839 [pool-77-thread-1] INFO  segmented.SegmentedRaftLogWorker (SegmentedRaftLogWorker.java:lambda$new$0(132)) - 8c88a939-76a6-48ec-b449-781feab56278@group-8A73FA440246-SegmentedRaftLogWorker: flushIndex: setUnconditionally 0 -> -1
2019-09-11 03:15:28,840 [pool-77-thread-1] INFO  server.RaftServerConfigKeys (ConfUtils.java:logGet(43)) - raft.server.snapshot.auto.trigger.enabled = true (custom)
2019-09-11 03:15:28,840 [pool-77-thread-1] INFO  server.RaftServerConfigKeys (ConfUtils.java:logGet(43)) - raft.server.snapshot.auto.trigger.threshold = 10000 (custom)
2019-09-11 03:15:28,840 [pool-77-thread-1] INFO  server.RaftServerConfigKeys (ConfUtils.java:logGet(43)) - raft.server.snapshot.retention.num.files = -1 (default)
2019-09-11 03:15:28,841 [pool-77-thread-1] INFO  server.RaftServerConfigKeys (ConfUtils.java:logGet(43)) - raft.server.retrycache.expirytime = 600000ms (custom)
2019-09-11 03:15:28,849 [pool-77-thread-1] INFO  impl.RaftServerImpl (RaftServerImpl.java:start(185)) - 8c88a939-76a6-48ec-b449-781feab56278@group-8A73FA440246: start as a follower, conf=-1: [8c88a939-76a6-48ec-b449-781feab56278:192.168.34.53:40431], old=null
2019-09-11 03:15:28,849 [pool-77-thread-1] INFO  impl.RaftServerImpl (RaftServerImpl.java:setRole(174)) - 8c88a939-76a6-48ec-b449-781feab56278@group-8A73FA440246: changes role from      null to FOLLOWER at term 0 for startAsFollower
2019-09-11 03:15:28,849 [pool-77-thread-1] INFO  impl.RoleInfo (RoleInfo.java:updateAndGet(143)) - 8c88a939-76a6-48ec-b449-781feab56278: start FollowerState
2019-09-11 03:15:28,850 [pool-77-thread-1] INFO  util.JmxRegister (JmxRegister.java:tryRegister(44)) - Successfully registered JMX Bean with object name Ratis:service=RaftServer,group=group-8A73FA440246,id=8c88a939-76a6-48ec-b449-781feab56278
2019-09-11 03:15:28,867 [RatisPipelineUtilsThread] INFO  pipeline.PipelineStateManager (PipelineStateManager.java:addPipeline(56)) - Created pipeline Pipeline[ Id: 68e68e60-dea1-4681-876e-8a73fa440246, Nodes: 8c88a939-76a6-48ec-b449-781feab56278{ip: 192.168.34.53, host: pr-hdds-2107-sbngl-2106859965, networkLocation: /default-rack, certSerialId: null}, Type:RATIS, Factor:ONE, State:OPEN]
2019-09-11 03:15:28,894 [grpc-default-executor-0] INFO  impl.RaftServerProxy (RaftServerProxy.java:addNew(89)) - 67340b07-f44b-4075-83dc-7a68839c1bb0: addNew group-9386765A5FEE:[67340b07-f44b-4075-83dc-7a68839c1bb0:192.168.34.53:40083] returns group-9386765A5FEE:java.util.concurrent.CompletableFuture@7ef4d886[Not completed]
2019-09-11 03:15:28,902 [pool-87-thread-1] INFO  impl.RaftServerImpl (RaftServerImpl.java:<init>(95)) - 67340b07-f44b-4075-83dc-7a68839c1bb0: new RaftServerImpl for group-9386765A5FEE:[67340b07-f44b-4075-83dc-7a68839c1bb0:192.168.34.53:40083] with ContainerStateMachine:uninitialized
2019-09-11 03:15:28,903 [pool-87-thread-1] INFO  server.RaftServerConfigKeys (ConfUtils.java:logGet(43)) - raft.server.rpc.timeout.min = 1s (custom)
2019-09-11 03:15:28,903 [pool-87-thread-1] INFO  server.RaftServerConfigKeys (ConfUtils.java:logGet(43)) - raft.server.rpc.timeout.max = 1200ms (custom)
2019-09-11 03:15:28,903 [pool-87-thread-1] INFO  server.RaftServerConfigKeys (ConfUtils.java:logGet(43)) - raft.server.rpcslowness.timeout = 120s (custom)
2019-09-11 03:15:28,903 [pool-87-thread-1] INFO  server.RaftServerConfigKeys (ConfUtils.java:logGet(43)) - raft.server.sleep.deviation.threshold = 300 (default)
2019-09-11 03:15:28,903 [pool-87-thread-1] INFO  server.RaftServerConfigKeys (ConfUtils.java:logGet(43)) - raft.server.log.appender.install.snapshot.enabled = false (custom)
2019-09-11 03:15:28,904 [pool-87-thread-1] INFO  impl.RaftServerImpl (ServerState.java:<init>(103)) - 67340b07-f44b-4075-83dc-7a68839c1bb0@group-9386765A5FEE: ConfigurationManager, init=-1: [67340b07-f44b-4075-83dc-7a68839c1bb0:192.168.34.53:40083], old=null, confs=<EMPTY_MAP>
2019-09-11 03:15:28,904 [pool-87-thread-1] INFO  server.RaftServerConfigKeys (ConfUtils.java:logGet(43)) - raft.server.storage.dir = [/workdir/hadoop-ozone/integration-test/target/test-dir/MiniOzoneClusterImpl-ffccced8-c8d8-492e-805a-99618b7a2b29/datanode-6/data/ratis] (custom)
2019-09-11 03:15:28,905 [pool-87-thread-1] INFO  storage.RaftStorageDirectory (RaftStorageDirectory.java:analyzeStorage(246)) - The storage directory /workdir/hadoop-ozone/integration-test/target/test-dir/MiniOzoneClusterImpl-ffccced8-c8d8-492e-805a-99618b7a2b29/datanode-6/data/ratis/782848cb-43d4-4dc1-bbd2-9386765a5fee does not exist. Creating ...
2019-09-11 03:15:28,926 [pool-87-thread-1] INFO  storage.RaftStorageDirectory (RaftStorageDirectory.java:tryLock(328)) - Lock on /workdir/hadoop-ozone/integration-test/target/test-dir/MiniOzoneClusterImpl-ffccced8-c8d8-492e-805a-99618b7a2b29/datanode-6/data/ratis/782848cb-43d4-4dc1-bbd2-9386765a5fee/in_use.lock acquired by nodename 13095@pr-hdds-2107-sbngl-2106859965
2019-09-11 03:15:28,940 [pool-87-thread-1] INFO  storage.RaftStorage (RaftStorage.java:format(72)) - Storage directory /workdir/hadoop-ozone/integration-test/target/test-dir/MiniOzoneClusterImpl-ffccced8-c8d8-492e-805a-99618b7a2b29/datanode-6/data/ratis/782848cb-43d4-4dc1-bbd2-9386765a5fee has been successfully formatted.
2019-09-11 03:15:28,940 [pool-87-thread-1] INFO  ratis.ContainerStateMachine (ContainerStateMachine.java:loadSnapshot(230)) - group-9386765A5FEE: The snapshot info is null. Setting the last applied indexto:(t:0, i:~)
2019-09-11 03:15:28,940 [pool-87-thread-1] INFO  server.RaftServerConfigKeys (ConfUtils.java:logGet(43)) - raft.server.notification.no-leader.timeout = 120s (custom)
2019-09-11 03:15:28,941 [pool-87-thread-1] INFO  server.RaftServerConfigKeys (ConfUtils.java:logGet(43)) - raft.server.log.use.memory = false (default)
2019-09-11 03:15:28,941 [pool-87-thread-1] INFO  server.RaftServerConfigKeys (ConfUtils.java:logGet(43)) - raft.server.log.purge.gap = 1000000 (custom)
2019-09-11 03:15:28,941 [pool-87-thread-1] INFO  server.RaftServerConfigKeys (ConfUtils.java:logGet(43)) - raft.server.log.appender.buffer.byte-limit = 33554432 (custom)
2019-09-11 03:15:28,941 [pool-87-thread-1] INFO  server.RaftServerConfigKeys (ConfUtils.java:logGet(43)) - raft.server.log.segment.size.max = 1048576 (custom)
2019-09-11 03:15:28,941 [pool-87-thread-1] INFO  server.RaftServerConfigKeys (ConfUtils.java:logGet(43)) - raft.server.log.segment.cache.num.max = 2 (custom)
2019-09-11 03:15:28,942 [pool-87-thread-1] INFO  segmented.SegmentedRaftLogWorker (SegmentedRaftLogWorker.java:<init>(172)) - new 67340b07-f44b-4075-83dc-7a68839c1bb0@group-9386765A5FEE-SegmentedRaftLogWorker for RaftStorage:Storage Directory /workdir/hadoop-ozone/integration-test/target/test-dir/MiniOzoneClusterImpl-ffccced8-c8d8-492e-805a-99618b7a2b29/datanode-6/data/ratis/782848cb-43d4-4dc1-bbd2-9386765a5fee
2019-09-11 03:15:28,947 [pool-87-thread-1] INFO  server.RaftServerConfigKeys (ConfUtils.java:logGet(43)) - raft.server.log.queue.byte-limit = 2147483647 (custom)
2019-09-11 03:15:28,948 [pool-87-thread-1] INFO  server.RaftServerConfigKeys (ConfUtils.java:logGet(43)) - raft.server.log.queue.element-limit = 1024 (custom)
2019-09-11 03:15:28,948 [pool-87-thread-1] INFO  server.RaftServerConfigKeys (ConfUtils.java:logGet(43)) - raft.server.log.segment.size.max = 1048576 (custom)
2019-09-11 03:15:28,948 [pool-87-thread-1] INFO  server.RaftServerConfigKeys (ConfUtils.java:logGet(43)) - raft.server.log.preallocated.size = 16384 (custom)
2019-09-11 03:15:28,948 [pool-87-thread-1] INFO  server.RaftServerConfigKeys (ConfUtils.java:logGet(43)) - raft.server.log.write.buffer.size = 33554432 (custom)
2019-09-11 03:15:28,949 [pool-87-thread-1] INFO  server.RaftServerConfigKeys (ConfUtils.java:logGet(43)) - raft.server.log.force.sync.num = 128 (default)
2019-09-11 03:15:28,949 [pool-87-thread-1] INFO  server.RaftServerConfigKeys (ConfUtils.java:logGet(43)) - raft.server.log.statemachine.data.sync = true (default)
2019-09-11 03:15:28,949 [pool-87-thread-1] INFO  server.RaftServerConfigKeys (ConfUtils.java:logGet(43)) - raft.server.log.statemachine.data.sync.timeout = 10s (default)
2019-09-11 03:15:28,949 [pool-87-thread-1] INFO  server.RaftServerConfigKeys (ConfUtils.java:logGet(43)) - raft.server.log.statemachine.data.sync.timeout.retry = -1 (default)
2019-09-11 03:15:28,950 [pool-87-thread-1] INFO  server.RaftServerConfigKeys (ConfUtils.java:logGet(43)) - raft.server.log.statemachine.data.caching.enabled = true (custom)
2019-09-11 03:15:28,950 [pool-87-thread-1] INFO  segmented.SegmentedRaftLogWorker (SegmentedRaftLogWorker.java:lambda$new$0(132)) - 67340b07-f44b-4075-83dc-7a68839c1bb0@group-9386765A5FEE-SegmentedRaftLogWorker: flushIndex: setUnconditionally 0 -> -1
2019-09-11 03:15:28,950 [pool-87-thread-1] INFO  server.RaftServerConfigKeys (ConfUtils.java:logGet(43)) - raft.server.snapshot.auto.trigger.enabled = true (custom)
2019-09-11 03:15:28,951 [pool-87-thread-1] INFO  server.RaftServerConfigKeys (ConfUtils.java:logGet(43)) - raft.server.snapshot.auto.trigger.threshold = 10000 (custom)
2019-09-11 03:15:28,951 [pool-87-thread-1] INFO  server.RaftServerConfigKeys (ConfUtils.java:logGet(43)) - raft.server.snapshot.retention.num.files = -1 (default)
2019-09-11 03:15:28,951 [pool-87-thread-1] INFO  server.RaftServerConfigKeys (ConfUtils.java:logGet(43)) - raft.server.retrycache.expirytime = 600000ms (custom)
2019-09-11 03:15:28,956 [pool-87-thread-1] INFO  impl.RaftServerImpl (RaftServerImpl.java:start(185)) - 67340b07-f44b-4075-83dc-7a68839c1bb0@group-9386765A5FEE: start as a follower, conf=-1: [67340b07-f44b-4075-83dc-7a68839c1bb0:192.168.34.53:40083], old=null
2019-09-11 03:15:28,956 [pool-87-thread-1] INFO  impl.RaftServerImpl (RaftServerImpl.java:setRole(174)) - 67340b07-f44b-4075-83dc-7a68839c1bb0@group-9386765A5FEE: changes role from      null to FOLLOWER at term 0 for startAsFollower
2019-09-11 03:15:28,957 [pool-87-thread-1] INFO  impl.RoleInfo (RoleInfo.java:updateAndGet(143)) - 67340b07-f44b-4075-83dc-7a68839c1bb0: start FollowerState
2019-09-11 03:15:28,957 [pool-87-thread-1] INFO  util.JmxRegister (JmxRegister.java:tryRegister(44)) - Successfully registered JMX Bean with object name Ratis:service=RaftServer,group=group-9386765A5FEE,id=67340b07-f44b-4075-83dc-7a68839c1bb0
2019-09-11 03:15:28,984 [RatisPipelineUtilsThread] INFO  pipeline.PipelineStateManager (PipelineStateManager.java:addPipeline(56)) - Created pipeline Pipeline[ Id: 782848cb-43d4-4dc1-bbd2-9386765a5fee, Nodes: 67340b07-f44b-4075-83dc-7a68839c1bb0{ip: 192.168.34.53, host: pr-hdds-2107-sbngl-2106859965, networkLocation: /default-rack, certSerialId: null}, Type:RATIS, Factor:ONE, State:OPEN]
2019-09-11 03:15:29,003 [grpc-default-executor-0] INFO  impl.RaftServerProxy (RaftServerProxy.java:addNew(89)) - 6fcf04af-ebca-4852-b73e-87fdd08ef440: addNew group-041D439A1E1E:[6fcf04af-ebca-4852-b73e-87fdd08ef440:192.168.34.53:39264] returns group-041D439A1E1E:java.util.concurrent.CompletableFuture@661c4b9a[Not completed]
2019-09-11 03:15:29,009 [pool-97-thread-1] INFO  impl.RaftServerImpl (RaftServerImpl.java:<init>(95)) - 6fcf04af-ebca-4852-b73e-87fdd08ef440: new RaftServerImpl for group-041D439A1E1E:[6fcf04af-ebca-4852-b73e-87fdd08ef440:192.168.34.53:39264] with ContainerStateMachine:uninitialized
2019-09-11 03:15:29,009 [pool-97-thread-1] INFO  server.RaftServerConfigKeys (ConfUtils.java:logGet(43)) - raft.server.rpc.timeout.min = 1s (custom)
2019-09-11 03:15:29,010 [pool-97-thread-1] INFO  server.RaftServerConfigKeys (ConfUtils.java:logGet(43)) - raft.server.rpc.timeout.max = 1200ms (custom)
2019-09-11 03:15:29,010 [pool-97-thread-1] INFO  server.RaftServerConfigKeys (ConfUtils.java:logGet(43)) - raft.server.rpcslowness.timeout = 120s (custom)
2019-09-11 03:15:29,010 [pool-97-thread-1] INFO  server.RaftServerConfigKeys (ConfUtils.java:logGet(43)) - raft.server.sleep.deviation.threshold = 300 (default)
2019-09-11 03:15:29,010 [pool-97-thread-1] INFO  server.RaftServerConfigKeys (ConfUtils.java:logGet(43)) - raft.server.log.appender.install.snapshot.enabled = false (custom)
2019-09-11 03:15:29,010 [pool-97-thread-1] INFO  impl.RaftServerImpl (ServerState.java:<init>(103)) - 6fcf04af-ebca-4852-b73e-87fdd08ef440@group-041D439A1E1E: ConfigurationManager, init=-1: [6fcf04af-ebca-4852-b73e-87fdd08ef440:192.168.34.53:39264], old=null, confs=<EMPTY_MAP>
2019-09-11 03:15:29,010 [pool-97-thread-1] INFO  server.RaftServerConfigKeys (ConfUtils.java:logGet(43)) - raft.server.storage.dir = [/workdir/hadoop-ozone/integration-test/target/test-dir/MiniOzoneClusterImpl-ffccced8-c8d8-492e-805a-99618b7a2b29/datanode-7/data/ratis] (custom)
2019-09-11 03:15:29,011 [pool-97-thread-1] INFO  storage.RaftStorageDirectory (RaftStorageDirectory.java:analyzeStorage(246)) - The storage directory /workdir/hadoop-ozone/integration-test/target/test-dir/MiniOzoneClusterImpl-ffccced8-c8d8-492e-805a-99618b7a2b29/datanode-7/data/ratis/11d902bf-3a7c-4375-91db-041d439a1e1e does not exist. Creating ...
2019-09-11 03:15:29,023 [pool-97-thread-1] INFO  storage.RaftStorageDirectory (RaftStorageDirectory.java:tryLock(328)) - Lock on /workdir/hadoop-ozone/integration-test/target/test-dir/MiniOzoneClusterImpl-ffccced8-c8d8-492e-805a-99618b7a2b29/datanode-7/data/ratis/11d902bf-3a7c-4375-91db-041d439a1e1e/in_use.lock acquired by nodename 13095@pr-hdds-2107-sbngl-2106859965
2019-09-11 03:15:29,037 [pool-97-thread-1] INFO  storage.RaftStorage (RaftStorage.java:format(72)) - Storage directory /workdir/hadoop-ozone/integration-test/target/test-dir/MiniOzoneClusterImpl-ffccced8-c8d8-492e-805a-99618b7a2b29/datanode-7/data/ratis/11d902bf-3a7c-4375-91db-041d439a1e1e has been successfully formatted.
2019-09-11 03:15:29,037 [pool-97-thread-1] INFO  ratis.ContainerStateMachine (ContainerStateMachine.java:loadSnapshot(230)) - group-041D439A1E1E: The snapshot info is null. Setting the last applied indexto:(t:0, i:~)
2019-09-11 03:15:29,038 [pool-97-thread-1] INFO  server.RaftServerConfigKeys (ConfUtils.java:logGet(43)) - raft.server.notification.no-leader.timeout = 120s (custom)
2019-09-11 03:15:29,038 [pool-97-thread-1] INFO  server.RaftServerConfigKeys (ConfUtils.java:logGet(43)) - raft.server.log.use.memory = false (default)
2019-09-11 03:15:29,038 [pool-97-thread-1] INFO  server.RaftServerConfigKeys (ConfUtils.java:logGet(43)) - raft.server.log.purge.gap = 1000000 (custom)
2019-09-11 03:15:29,038 [pool-97-thread-1] INFO  server.RaftServerConfigKeys (ConfUtils.java:logGet(43)) - raft.server.log.appender.buffer.byte-limit = 33554432 (custom)
2019-09-11 03:15:29,039 [pool-97-thread-1] INFO  server.RaftServerConfigKeys (ConfUtils.java:logGet(43)) - raft.server.log.segment.size.max = 1048576 (custom)
2019-09-11 03:15:29,039 [pool-97-thread-1] INFO  server.RaftServerConfigKeys (ConfUtils.java:logGet(43)) - raft.server.log.segment.cache.num.max = 2 (custom)
2019-09-11 03:15:29,039 [pool-97-thread-1] INFO  segmented.SegmentedRaftLogWorker (SegmentedRaftLogWorker.java:<init>(172)) - new 6fcf04af-ebca-4852-b73e-87fdd08ef440@group-041D439A1E1E-SegmentedRaftLogWorker for RaftStorage:Storage Directory /workdir/hadoop-ozone/integration-test/target/test-dir/MiniOzoneClusterImpl-ffccced8-c8d8-492e-805a-99618b7a2b29/datanode-7/data/ratis/11d902bf-3a7c-4375-91db-041d439a1e1e
2019-09-11 03:15:29,043 [pool-97-thread-1] INFO  server.RaftServerConfigKeys (ConfUtils.java:logGet(43)) - raft.server.log.queue.byte-limit = 2147483647 (custom)
2019-09-11 03:15:29,043 [pool-97-thread-1] INFO  server.RaftServerConfigKeys (ConfUtils.java:logGet(43)) - raft.server.log.queue.element-limit = 1024 (custom)
2019-09-11 03:15:29,044 [pool-97-thread-1] INFO  server.RaftServerConfigKeys (ConfUtils.java:logGet(43)) - raft.server.log.segment.size.max = 1048576 (custom)
2019-09-11 03:15:29,044 [pool-97-thread-1] INFO  server.RaftServerConfigKeys (ConfUtils.java:logGet(43)) - raft.server.log.preallocated.size = 16384 (custom)
2019-09-11 03:15:29,044 [pool-97-thread-1] INFO  server.RaftServerConfigKeys (ConfUtils.java:logGet(43)) - raft.server.log.write.buffer.size = 33554432 (custom)
2019-09-11 03:15:29,044 [pool-97-thread-1] INFO  server.RaftServerConfigKeys (ConfUtils.java:logGet(43)) - raft.server.log.force.sync.num = 128 (default)
2019-09-11 03:15:29,044 [pool-97-thread-1] INFO  server.RaftServerConfigKeys (ConfUtils.java:logGet(43)) - raft.server.log.statemachine.data.sync = true (default)
2019-09-11 03:15:29,044 [pool-97-thread-1] INFO  server.RaftServerConfigKeys (ConfUtils.java:logGet(43)) - raft.server.log.statemachine.data.sync.timeout = 10s (default)
2019-09-11 03:15:29,044 [pool-97-thread-1] INFO  server.RaftServerConfigKeys (ConfUtils.java:logGet(43)) - raft.server.log.statemachine.data.sync.timeout.retry = -1 (default)
2019-09-11 03:15:29,045 [pool-97-thread-1] INFO  server.RaftServerConfigKeys (ConfUtils.java:logGet(43)) - raft.server.log.statemachine.data.caching.enabled = true (custom)
2019-09-11 03:15:29,045 [pool-97-thread-1] INFO  segmented.SegmentedRaftLogWorker (SegmentedRaftLogWorker.java:lambda$new$0(132)) - 6fcf04af-ebca-4852-b73e-87fdd08ef440@group-041D439A1E1E-SegmentedRaftLogWorker: flushIndex: setUnconditionally 0 -> -1
2019-09-11 03:15:29,045 [pool-97-thread-1] INFO  server.RaftServerConfigKeys (ConfUtils.java:logGet(43)) - raft.server.snapshot.auto.trigger.enabled = true (custom)
2019-09-11 03:15:29,045 [pool-97-thread-1] INFO  server.RaftServerConfigKeys (ConfUtils.java:logGet(43)) - raft.server.snapshot.auto.trigger.threshold = 10000 (custom)
2019-09-11 03:15:29,045 [pool-97-thread-1] INFO  server.RaftServerConfigKeys (ConfUtils.java:logGet(43)) - raft.server.snapshot.retention.num.files = -1 (default)
2019-09-11 03:15:29,046 [pool-97-thread-1] INFO  server.RaftServerConfigKeys (ConfUtils.java:logGet(43)) - raft.server.retrycache.expirytime = 600000ms (custom)
2019-09-11 03:15:29,049 [pool-97-thread-1] INFO  impl.RaftServerImpl (RaftServerImpl.java:start(185)) - 6fcf04af-ebca-4852-b73e-87fdd08ef440@group-041D439A1E1E: start as a follower, conf=-1: [6fcf04af-ebca-4852-b73e-87fdd08ef440:192.168.34.53:39264], old=null
2019-09-11 03:15:29,049 [pool-97-thread-1] INFO  impl.RaftServerImpl (RaftServerImpl.java:setRole(174)) - 6fcf04af-ebca-4852-b73e-87fdd08ef440@group-041D439A1E1E: changes role from      null to FOLLOWER at term 0 for startAsFollower
2019-09-11 03:15:29,049 [pool-97-thread-1] INFO  impl.RoleInfo (RoleInfo.java:updateAndGet(143)) - 6fcf04af-ebca-4852-b73e-87fdd08ef440: start FollowerState
2019-09-11 03:15:29,049 [pool-97-thread-1] INFO  util.JmxRegister (JmxRegister.java:tryRegister(44)) - Successfully registered JMX Bean with object name Ratis:service=RaftServer,group=group-041D439A1E1E,id=6fcf04af-ebca-4852-b73e-87fdd08ef440
2019-09-11 03:15:29,063 [RatisPipelineUtilsThread] INFO  pipeline.PipelineStateManager (PipelineStateManager.java:addPipeline(56)) - Created pipeline Pipeline[ Id: 11d902bf-3a7c-4375-91db-041d439a1e1e, Nodes: 6fcf04af-ebca-4852-b73e-87fdd08ef440{ip: 192.168.34.53, host: pr-hdds-2107-sbngl-2106859965, networkLocation: /default-rack, certSerialId: null}, Type:RATIS, Factor:ONE, State:OPEN]
2019-09-11 03:15:29,080 [grpc-default-executor-0] INFO  impl.RaftServerProxy (RaftServerProxy.java:addNew(89)) - 53d5fcb5-8117-4632-855b-8768bb6778f7: addNew group-A9E8C90FD433:[53d5fcb5-8117-4632-855b-8768bb6778f7:192.168.34.53:34476] returns group-A9E8C90FD433:java.util.concurrent.CompletableFuture@404c951d[Not completed]
2019-09-11 03:15:29,085 [pool-107-thread-1] INFO  impl.RaftServerImpl (RaftServerImpl.java:<init>(95)) - 53d5fcb5-8117-4632-855b-8768bb6778f7: new RaftServerImpl for group-A9E8C90FD433:[53d5fcb5-8117-4632-855b-8768bb6778f7:192.168.34.53:34476] with ContainerStateMachine:uninitialized
2019-09-11 03:15:29,085 [pool-107-thread-1] INFO  server.RaftServerConfigKeys (ConfUtils.java:logGet(43)) - raft.server.rpc.timeout.min = 1s (custom)
2019-09-11 03:15:29,085 [pool-107-thread-1] INFO  server.RaftServerConfigKeys (ConfUtils.java:logGet(43)) - raft.server.rpc.timeout.max = 1200ms (custom)
2019-09-11 03:15:29,085 [pool-107-thread-1] INFO  server.RaftServerConfigKeys (ConfUtils.java:logGet(43)) - raft.server.rpcslowness.timeout = 120s (custom)
2019-09-11 03:15:29,085 [pool-107-thread-1] INFO  server.RaftServerConfigKeys (ConfUtils.java:logGet(43)) - raft.server.sleep.deviation.threshold = 300 (default)
2019-09-11 03:15:29,085 [pool-107-thread-1] INFO  server.RaftServerConfigKeys (ConfUtils.java:logGet(43)) - raft.server.log.appender.install.snapshot.enabled = false (custom)
2019-09-11 03:15:29,086 [pool-107-thread-1] INFO  impl.RaftServerImpl (ServerState.java:<init>(103)) - 53d5fcb5-8117-4632-855b-8768bb6778f7@group-A9E8C90FD433: ConfigurationManager, init=-1: [53d5fcb5-8117-4632-855b-8768bb6778f7:192.168.34.53:34476], old=null, confs=<EMPTY_MAP>
2019-09-11 03:15:29,086 [pool-107-thread-1] INFO  server.RaftServerConfigKeys (ConfUtils.java:logGet(43)) - raft.server.storage.dir = [/workdir/hadoop-ozone/integration-test/target/test-dir/MiniOzoneClusterImpl-ffccced8-c8d8-492e-805a-99618b7a2b29/datanode-8/data/ratis] (custom)
2019-09-11 03:15:29,086 [pool-107-thread-1] INFO  storage.RaftStorageDirectory (RaftStorageDirectory.java:analyzeStorage(246)) - The storage directory /workdir/hadoop-ozone/integration-test/target/test-dir/MiniOzoneClusterImpl-ffccced8-c8d8-492e-805a-99618b7a2b29/datanode-8/data/ratis/be77e894-3c9f-452c-b89e-a9e8c90fd433 does not exist. Creating ...
2019-09-11 03:15:29,099 [pool-107-thread-1] INFO  storage.RaftStorageDirectory (RaftStorageDirectory.java:tryLock(328)) - Lock on /workdir/hadoop-ozone/integration-test/target/test-dir/MiniOzoneClusterImpl-ffccced8-c8d8-492e-805a-99618b7a2b29/datanode-8/data/ratis/be77e894-3c9f-452c-b89e-a9e8c90fd433/in_use.lock acquired by nodename 13095@pr-hdds-2107-sbngl-2106859965
2019-09-11 03:15:29,110 [pool-107-thread-1] INFO  storage.RaftStorage (RaftStorage.java:format(72)) - Storage directory /workdir/hadoop-ozone/integration-test/target/test-dir/MiniOzoneClusterImpl-ffccced8-c8d8-492e-805a-99618b7a2b29/datanode-8/data/ratis/be77e894-3c9f-452c-b89e-a9e8c90fd433 has been successfully formatted.
2019-09-11 03:15:29,110 [pool-107-thread-1] INFO  ratis.ContainerStateMachine (ContainerStateMachine.java:loadSnapshot(230)) - group-A9E8C90FD433: The snapshot info is null. Setting the last applied indexto:(t:0, i:~)
2019-09-11 03:15:29,110 [pool-107-thread-1] INFO  server.RaftServerConfigKeys (ConfUtils.java:logGet(43)) - raft.server.notification.no-leader.timeout = 120s (custom)
2019-09-11 03:15:29,111 [pool-107-thread-1] INFO  server.RaftServerConfigKeys (ConfUtils.java:logGet(43)) - raft.server.log.use.memory = false (default)
2019-09-11 03:15:29,111 [pool-107-thread-1] INFO  server.RaftServerConfigKeys (ConfUtils.java:logGet(43)) - raft.server.log.purge.gap = 1000000 (custom)
2019-09-11 03:15:29,111 [pool-107-thread-1] INFO  server.RaftServerConfigKeys (ConfUtils.java:logGet(43)) - raft.server.log.appender.buffer.byte-limit = 33554432 (custom)
2019-09-11 03:15:29,111 [pool-107-thread-1] INFO  server.RaftServerConfigKeys (ConfUtils.java:logGet(43)) - raft.server.log.segment.size.max = 1048576 (custom)
2019-09-11 03:15:29,111 [pool-107-thread-1] INFO  server.RaftServerConfigKeys (ConfUtils.java:logGet(43)) - raft.server.log.segment.cache.num.max = 2 (custom)
2019-09-11 03:15:29,111 [pool-107-thread-1] INFO  segmented.SegmentedRaftLogWorker (SegmentedRaftLogWorker.java:<init>(172)) - new 53d5fcb5-8117-4632-855b-8768bb6778f7@group-A9E8C90FD433-SegmentedRaftLogWorker for RaftStorage:Storage Directory /workdir/hadoop-ozone/integration-test/target/test-dir/MiniOzoneClusterImpl-ffccced8-c8d8-492e-805a-99618b7a2b29/datanode-8/data/ratis/be77e894-3c9f-452c-b89e-a9e8c90fd433
2019-09-11 03:15:29,115 [pool-107-thread-1] INFO  server.RaftServerConfigKeys (ConfUtils.java:logGet(43)) - raft.server.log.queue.byte-limit = 2147483647 (custom)
2019-09-11 03:15:29,115 [pool-107-thread-1] INFO  server.RaftServerConfigKeys (ConfUtils.java:logGet(43)) - raft.server.log.queue.element-limit = 1024 (custom)
2019-09-11 03:15:29,115 [pool-107-thread-1] INFO  server.RaftServerConfigKeys (ConfUtils.java:logGet(43)) - raft.server.log.segment.size.max = 1048576 (custom)
2019-09-11 03:15:29,115 [pool-107-thread-1] INFO  server.RaftServerConfigKeys (ConfUtils.java:logGet(43)) - raft.server.log.preallocated.size = 16384 (custom)
2019-09-11 03:15:29,115 [pool-107-thread-1] INFO  server.RaftServerConfigKeys (ConfUtils.java:logGet(43)) - raft.server.log.write.buffer.size = 33554432 (custom)
2019-09-11 03:15:29,116 [pool-107-thread-1] INFO  server.RaftServerConfigKeys (ConfUtils.java:logGet(43)) - raft.server.log.force.sync.num = 128 (default)
2019-09-11 03:15:29,116 [pool-107-thread-1] INFO  server.RaftServerConfigKeys (ConfUtils.java:logGet(43)) - raft.server.log.statemachine.data.sync = true (default)
2019-09-11 03:15:29,116 [pool-107-thread-1] INFO  server.RaftServerConfigKeys (ConfUtils.java:logGet(43)) - raft.server.log.statemachine.data.sync.timeout = 10s (default)
2019-09-11 03:15:29,116 [pool-107-thread-1] INFO  server.RaftServerConfigKeys (ConfUtils.java:logGet(43)) - raft.server.log.statemachine.data.sync.timeout.retry = -1 (default)
2019-09-11 03:15:29,116 [pool-107-thread-1] INFO  server.RaftServerConfigKeys (ConfUtils.java:logGet(43)) - raft.server.log.statemachine.data.caching.enabled = true (custom)
2019-09-11 03:15:29,117 [pool-107-thread-1] INFO  segmented.SegmentedRaftLogWorker (SegmentedRaftLogWorker.java:lambda$new$0(132)) - 53d5fcb5-8117-4632-855b-8768bb6778f7@group-A9E8C90FD433-SegmentedRaftLogWorker: flushIndex: setUnconditionally 0 -> -1
2019-09-11 03:15:29,117 [pool-107-thread-1] INFO  server.RaftServerConfigKeys (ConfUtils.java:logGet(43)) - raft.server.snapshot.auto.trigger.enabled = true (custom)
2019-09-11 03:15:29,117 [pool-107-thread-1] INFO  server.RaftServerConfigKeys (ConfUtils.java:logGet(43)) - raft.server.snapshot.auto.trigger.threshold = 10000 (custom)
2019-09-11 03:15:29,117 [pool-107-thread-1] INFO  server.RaftServerConfigKeys (ConfUtils.java:logGet(43)) - raft.server.snapshot.retention.num.files = -1 (default)
2019-09-11 03:15:29,118 [pool-107-thread-1] INFO  server.RaftServerConfigKeys (ConfUtils.java:logGet(43)) - raft.server.retrycache.expirytime = 600000ms (custom)
2019-09-11 03:15:29,121 [pool-107-thread-1] INFO  impl.RaftServerImpl (RaftServerImpl.java:start(185)) - 53d5fcb5-8117-4632-855b-8768bb6778f7@group-A9E8C90FD433: start as a follower, conf=-1: [53d5fcb5-8117-4632-855b-8768bb6778f7:192.168.34.53:34476], old=null
2019-09-11 03:15:29,121 [pool-107-thread-1] INFO  impl.RaftServerImpl (RaftServerImpl.java:setRole(174)) - 53d5fcb5-8117-4632-855b-8768bb6778f7@group-A9E8C90FD433: changes role from      null to FOLLOWER at term 0 for startAsFollower
2019-09-11 03:15:29,121 [pool-107-thread-1] INFO  impl.RoleInfo (RoleInfo.java:updateAndGet(143)) - 53d5fcb5-8117-4632-855b-8768bb6778f7: start FollowerState
2019-09-11 03:15:29,121 [pool-107-thread-1] INFO  util.JmxRegister (JmxRegister.java:tryRegister(44)) - Successfully registered JMX Bean with object name Ratis:service=RaftServer,group=group-A9E8C90FD433,id=53d5fcb5-8117-4632-855b-8768bb6778f7
2019-09-11 03:15:29,136 [RatisPipelineUtilsThread] INFO  pipeline.PipelineStateManager (PipelineStateManager.java:addPipeline(56)) - Created pipeline Pipeline[ Id: be77e894-3c9f-452c-b89e-a9e8c90fd433, Nodes: 53d5fcb5-8117-4632-855b-8768bb6778f7{ip: 192.168.34.53, host: pr-hdds-2107-sbngl-2106859965, networkLocation: /default-rack, certSerialId: null}, Type:RATIS, Factor:ONE, State:OPEN]
2019-09-11 03:15:29,158 [grpc-default-executor-0] INFO  impl.RaftServerProxy (RaftServerProxy.java:addNew(89)) - 4b2356e4-aaef-4a34-8176-0946a74a854c: addNew group-845EC6E4B2A4:[4b2356e4-aaef-4a34-8176-0946a74a854c:192.168.34.53:33321] returns group-845EC6E4B2A4:java.util.concurrent.CompletableFuture@66d7ff3[Not completed]
2019-09-11 03:15:29,163 [pool-117-thread-1] INFO  impl.RaftServerImpl (RaftServerImpl.java:<init>(95)) - 4b2356e4-aaef-4a34-8176-0946a74a854c: new RaftServerImpl for group-845EC6E4B2A4:[4b2356e4-aaef-4a34-8176-0946a74a854c:192.168.34.53:33321] with ContainerStateMachine:uninitialized
2019-09-11 03:15:29,164 [pool-117-thread-1] INFO  server.RaftServerConfigKeys (ConfUtils.java:logGet(43)) - raft.server.rpc.timeout.min = 1s (custom)
2019-09-11 03:15:29,164 [pool-117-thread-1] INFO  server.RaftServerConfigKeys (ConfUtils.java:logGet(43)) - raft.server.rpc.timeout.max = 1200ms (custom)
2019-09-11 03:15:29,164 [pool-117-thread-1] INFO  server.RaftServerConfigKeys (ConfUtils.java:logGet(43)) - raft.server.rpcslowness.timeout = 120s (custom)
2019-09-11 03:15:29,164 [pool-117-thread-1] INFO  server.RaftServerConfigKeys (ConfUtils.java:logGet(43)) - raft.server.sleep.deviation.threshold = 300 (default)
2019-09-11 03:15:29,165 [pool-117-thread-1] INFO  server.RaftServerConfigKeys (ConfUtils.java:logGet(43)) - raft.server.log.appender.install.snapshot.enabled = false (custom)
2019-09-11 03:15:29,165 [pool-117-thread-1] INFO  impl.RaftServerImpl (ServerState.java:<init>(103)) - 4b2356e4-aaef-4a34-8176-0946a74a854c@group-845EC6E4B2A4: ConfigurationManager, init=-1: [4b2356e4-aaef-4a34-8176-0946a74a854c:192.168.34.53:33321], old=null, confs=<EMPTY_MAP>
2019-09-11 03:15:29,165 [pool-117-thread-1] INFO  server.RaftServerConfigKeys (ConfUtils.java:logGet(43)) - raft.server.storage.dir = [/workdir/hadoop-ozone/integration-test/target/test-dir/MiniOzoneClusterImpl-ffccced8-c8d8-492e-805a-99618b7a2b29/datanode-9/data/ratis] (custom)
2019-09-11 03:15:29,166 [pool-117-thread-1] INFO  storage.RaftStorageDirectory (RaftStorageDirectory.java:analyzeStorage(246)) - The storage directory /workdir/hadoop-ozone/integration-test/target/test-dir/MiniOzoneClusterImpl-ffccced8-c8d8-492e-805a-99618b7a2b29/datanode-9/data/ratis/f3ca13b5-2407-4e98-815f-845ec6e4b2a4 does not exist. Creating ...
2019-09-11 03:15:29,177 [pool-117-thread-1] INFO  storage.RaftStorageDirectory (RaftStorageDirectory.java:tryLock(328)) - Lock on /workdir/hadoop-ozone/integration-test/target/test-dir/MiniOzoneClusterImpl-ffccced8-c8d8-492e-805a-99618b7a2b29/datanode-9/data/ratis/f3ca13b5-2407-4e98-815f-845ec6e4b2a4/in_use.lock acquired by nodename 13095@pr-hdds-2107-sbngl-2106859965
2019-09-11 03:15:29,198 [pool-117-thread-1] INFO  storage.RaftStorage (RaftStorage.java:format(72)) - Storage directory /workdir/hadoop-ozone/integration-test/target/test-dir/MiniOzoneClusterImpl-ffccced8-c8d8-492e-805a-99618b7a2b29/datanode-9/data/ratis/f3ca13b5-2407-4e98-815f-845ec6e4b2a4 has been successfully formatted.
2019-09-11 03:15:29,199 [pool-117-thread-1] INFO  ratis.ContainerStateMachine (ContainerStateMachine.java:loadSnapshot(230)) - group-845EC6E4B2A4: The snapshot info is null. Setting the last applied indexto:(t:0, i:~)
2019-09-11 03:15:29,199 [pool-117-thread-1] INFO  server.RaftServerConfigKeys (ConfUtils.java:logGet(43)) - raft.server.notification.no-leader.timeout = 120s (custom)
2019-09-11 03:15:29,199 [pool-117-thread-1] INFO  server.RaftServerConfigKeys (ConfUtils.java:logGet(43)) - raft.server.log.use.memory = false (default)
2019-09-11 03:15:29,199 [pool-117-thread-1] INFO  server.RaftServerConfigKeys (ConfUtils.java:logGet(43)) - raft.server.log.purge.gap = 1000000 (custom)
2019-09-11 03:15:29,200 [pool-117-thread-1] INFO  server.RaftServerConfigKeys (ConfUtils.java:logGet(43)) - raft.server.log.appender.buffer.byte-limit = 33554432 (custom)
2019-09-11 03:15:29,200 [pool-117-thread-1] INFO  server.RaftServerConfigKeys (ConfUtils.java:logGet(43)) - raft.server.log.segment.size.max = 1048576 (custom)
2019-09-11 03:15:29,200 [pool-117-thread-1] INFO  server.RaftServerConfigKeys (ConfUtils.java:logGet(43)) - raft.server.log.segment.cache.num.max = 2 (custom)
2019-09-11 03:15:29,200 [pool-117-thread-1] INFO  segmented.SegmentedRaftLogWorker (SegmentedRaftLogWorker.java:<init>(172)) - new 4b2356e4-aaef-4a34-8176-0946a74a854c@group-845EC6E4B2A4-SegmentedRaftLogWorker for RaftStorage:Storage Directory /workdir/hadoop-ozone/integration-test/target/test-dir/MiniOzoneClusterImpl-ffccced8-c8d8-492e-805a-99618b7a2b29/datanode-9/data/ratis/f3ca13b5-2407-4e98-815f-845ec6e4b2a4
2019-09-11 03:15:29,204 [pool-117-thread-1] INFO  server.RaftServerConfigKeys (ConfUtils.java:logGet(43)) - raft.server.log.queue.byte-limit = 2147483647 (custom)
2019-09-11 03:15:29,205 [pool-117-thread-1] INFO  server.RaftServerConfigKeys (ConfUtils.java:logGet(43)) - raft.server.log.queue.element-limit = 1024 (custom)
2019-09-11 03:15:29,205 [pool-117-thread-1] INFO  server.RaftServerConfigKeys (ConfUtils.java:logGet(43)) - raft.server.log.segment.size.max = 1048576 (custom)
2019-09-11 03:15:29,205 [pool-117-thread-1] INFO  server.RaftServerConfigKeys (ConfUtils.java:logGet(43)) - raft.server.log.preallocated.size = 16384 (custom)
2019-09-11 03:15:29,205 [pool-117-thread-1] INFO  server.RaftServerConfigKeys (ConfUtils.java:logGet(43)) - raft.server.log.write.buffer.size = 33554432 (custom)
2019-09-11 03:15:29,205 [pool-117-thread-1] INFO  server.RaftServerConfigKeys (ConfUtils.java:logGet(43)) - raft.server.log.force.sync.num = 128 (default)
2019-09-11 03:15:29,206 [pool-117-thread-1] INFO  server.RaftServerConfigKeys (ConfUtils.java:logGet(43)) - raft.server.log.statemachine.data.sync = true (default)
2019-09-11 03:15:29,206 [pool-117-thread-1] INFO  server.RaftServerConfigKeys (ConfUtils.java:logGet(43)) - raft.server.log.statemachine.data.sync.timeout = 10s (default)
2019-09-11 03:15:29,206 [pool-117-thread-1] INFO  server.RaftServerConfigKeys (ConfUtils.java:logGet(43)) - raft.server.log.statemachine.data.sync.timeout.retry = -1 (default)
2019-09-11 03:15:29,206 [pool-117-thread-1] INFO  server.RaftServerConfigKeys (ConfUtils.java:logGet(43)) - raft.server.log.statemachine.data.caching.enabled = true (custom)
2019-09-11 03:15:29,207 [pool-117-thread-1] INFO  segmented.SegmentedRaftLogWorker (SegmentedRaftLogWorker.java:lambda$new$0(132)) - 4b2356e4-aaef-4a34-8176-0946a74a854c@group-845EC6E4B2A4-SegmentedRaftLogWorker: flushIndex: setUnconditionally 0 -> -1
2019-09-11 03:15:29,207 [pool-117-thread-1] INFO  server.RaftServerConfigKeys (ConfUtils.java:logGet(43)) - raft.server.snapshot.auto.trigger.enabled = true (custom)
2019-09-11 03:15:29,207 [pool-117-thread-1] INFO  server.RaftServerConfigKeys (ConfUtils.java:logGet(43)) - raft.server.snapshot.auto.trigger.threshold = 10000 (custom)
2019-09-11 03:15:29,208 [pool-117-thread-1] INFO  server.RaftServerConfigKeys (ConfUtils.java:logGet(43)) - raft.server.snapshot.retention.num.files = -1 (default)
2019-09-11 03:15:29,208 [pool-117-thread-1] INFO  server.RaftServerConfigKeys (ConfUtils.java:logGet(43)) - raft.server.retrycache.expirytime = 600000ms (custom)
2019-09-11 03:15:29,212 [pool-117-thread-1] INFO  impl.RaftServerImpl (RaftServerImpl.java:start(185)) - 4b2356e4-aaef-4a34-8176-0946a74a854c@group-845EC6E4B2A4: start as a follower, conf=-1: [4b2356e4-aaef-4a34-8176-0946a74a854c:192.168.34.53:33321], old=null
2019-09-11 03:15:29,212 [pool-117-thread-1] INFO  impl.RaftServerImpl (RaftServerImpl.java:setRole(174)) - 4b2356e4-aaef-4a34-8176-0946a74a854c@group-845EC6E4B2A4: changes role from      null to FOLLOWER at term 0 for startAsFollower
2019-09-11 03:15:29,212 [pool-117-thread-1] INFO  impl.RoleInfo (RoleInfo.java:updateAndGet(143)) - 4b2356e4-aaef-4a34-8176-0946a74a854c: start FollowerState
2019-09-11 03:15:29,213 [pool-117-thread-1] INFO  util.JmxRegister (JmxRegister.java:tryRegister(44)) - Successfully registered JMX Bean with object name Ratis:service=RaftServer,group=group-845EC6E4B2A4,id=4b2356e4-aaef-4a34-8176-0946a74a854c
2019-09-11 03:15:29,234 [RatisPipelineUtilsThread] INFO  pipeline.PipelineStateManager (PipelineStateManager.java:addPipeline(56)) - Created pipeline Pipeline[ Id: f3ca13b5-2407-4e98-815f-845ec6e4b2a4, Nodes: 4b2356e4-aaef-4a34-8176-0946a74a854c{ip: 192.168.34.53, host: pr-hdds-2107-sbngl-2106859965, networkLocation: /default-rack, certSerialId: null}, Type:RATIS, Factor:ONE, State:OPEN]
2019-09-11 03:15:29,250 [main] INFO  ozone.MiniOzoneClusterImpl (MiniOzoneClusterImpl.java:lambda$waitForClusterToBeReady$0(140)) - Cluster is ready. Got 10 of 10 DN Heartbeats.
2019-09-11 03:15:29,252 [grpc-default-executor-0] INFO  impl.RaftServerProxy (RaftServerProxy.java:addNew(89)) - fd8937d2-ae9c-4754-9095-8c93aae9e6b7: addNew group-21C29C4993BA:[fd8937d2-ae9c-4754-9095-8c93aae9e6b7:192.168.34.53:46025] returns group-21C29C4993BA:java.util.concurrent.CompletableFuture@509dfa2[Not completed]
2019-09-11 03:15:29,257 [pool-67-thread-1] INFO  impl.RaftServerImpl (RaftServerImpl.java:<init>(95)) - fd8937d2-ae9c-4754-9095-8c93aae9e6b7: new RaftServerImpl for group-21C29C4993BA:[fd8937d2-ae9c-4754-9095-8c93aae9e6b7:192.168.34.53:46025] with ContainerStateMachine:uninitialized
2019-09-11 03:15:29,258 [pool-67-thread-1] INFO  server.RaftServerConfigKeys (ConfUtils.java:logGet(43)) - raft.server.rpc.timeout.min = 1s (custom)
2019-09-11 03:15:29,258 [pool-67-thread-1] INFO  server.RaftServerConfigKeys (ConfUtils.java:logGet(43)) - raft.server.rpc.timeout.max = 1200ms (custom)
2019-09-11 03:15:29,258 [pool-67-thread-1] INFO  server.RaftServerConfigKeys (ConfUtils.java:logGet(43)) - raft.server.rpcslowness.timeout = 120s (custom)
2019-09-11 03:15:29,258 [pool-67-thread-1] INFO  server.RaftServerConfigKeys (ConfUtils.java:logGet(43)) - raft.server.sleep.deviation.threshold = 300 (default)
2019-09-11 03:15:29,259 [pool-67-thread-1] INFO  server.RaftServerConfigKeys (ConfUtils.java:logGet(43)) - raft.server.log.appender.install.snapshot.enabled = false (custom)
2019-09-11 03:15:29,259 [pool-67-thread-1] INFO  impl.RaftServerImpl (ServerState.java:<init>(103)) - fd8937d2-ae9c-4754-9095-8c93aae9e6b7@group-21C29C4993BA: ConfigurationManager, init=-1: [fd8937d2-ae9c-4754-9095-8c93aae9e6b7:192.168.34.53:46025], old=null, confs=<EMPTY_MAP>
2019-09-11 03:15:29,259 [pool-67-thread-1] INFO  server.RaftServerConfigKeys (ConfUtils.java:logGet(43)) - raft.server.storage.dir = [/workdir/hadoop-ozone/integration-test/target/test-dir/MiniOzoneClusterImpl-ffccced8-c8d8-492e-805a-99618b7a2b29/datanode-4/data/ratis] (custom)
2019-09-11 03:15:29,260 [pool-67-thread-1] INFO  storage.RaftStorageDirectory (RaftStorageDirectory.java:analyzeStorage(246)) - The storage directory /workdir/hadoop-ozone/integration-test/target/test-dir/MiniOzoneClusterImpl-ffccced8-c8d8-492e-805a-99618b7a2b29/datanode-4/data/ratis/27ca5433-ce0e-47d4-b404-21c29c4993ba does not exist. Creating ...
2019-09-11 03:15:29,272 [pool-67-thread-1] INFO  storage.RaftStorageDirectory (RaftStorageDirectory.java:tryLock(328)) - Lock on /workdir/hadoop-ozone/integration-test/target/test-dir/MiniOzoneClusterImpl-ffccced8-c8d8-492e-805a-99618b7a2b29/datanode-4/data/ratis/27ca5433-ce0e-47d4-b404-21c29c4993ba/in_use.lock acquired by nodename 13095@pr-hdds-2107-sbngl-2106859965
2019-09-11 03:15:29,286 [pool-67-thread-1] INFO  storage.RaftStorage (RaftStorage.java:format(72)) - Storage directory /workdir/hadoop-ozone/integration-test/target/test-dir/MiniOzoneClusterImpl-ffccced8-c8d8-492e-805a-99618b7a2b29/datanode-4/data/ratis/27ca5433-ce0e-47d4-b404-21c29c4993ba has been successfully formatted.
2019-09-11 03:15:29,286 [pool-67-thread-1] INFO  ratis.ContainerStateMachine (ContainerStateMachine.java:loadSnapshot(230)) - group-21C29C4993BA: The snapshot info is null. Setting the last applied indexto:(t:0, i:~)
2019-09-11 03:15:29,287 [pool-67-thread-1] INFO  server.RaftServerConfigKeys (ConfUtils.java:logGet(43)) - raft.server.notification.no-leader.timeout = 120s (custom)
2019-09-11 03:15:29,287 [pool-67-thread-1] INFO  server.RaftServerConfigKeys (ConfUtils.java:logGet(43)) - raft.server.log.use.memory = false (default)
2019-09-11 03:15:29,287 [pool-67-thread-1] INFO  server.RaftServerConfigKeys (ConfUtils.java:logGet(43)) - raft.server.log.purge.gap = 1000000 (custom)
2019-09-11 03:15:29,287 [pool-67-thread-1] INFO  server.RaftServerConfigKeys (ConfUtils.java:logGet(43)) - raft.server.log.appender.buffer.byte-limit = 33554432 (custom)
2019-09-11 03:15:29,288 [pool-67-thread-1] INFO  server.RaftServerConfigKeys (ConfUtils.java:logGet(43)) - raft.server.log.segment.size.max = 1048576 (custom)
2019-09-11 03:15:29,288 [pool-67-thread-1] INFO  server.RaftServerConfigKeys (ConfUtils.java:logGet(43)) - raft.server.log.segment.cache.num.max = 2 (custom)
2019-09-11 03:15:29,288 [pool-67-thread-1] INFO  segmented.SegmentedRaftLogWorker (SegmentedRaftLogWorker.java:<init>(172)) - new fd8937d2-ae9c-4754-9095-8c93aae9e6b7@group-21C29C4993BA-SegmentedRaftLogWorker for RaftStorage:Storage Directory /workdir/hadoop-ozone/integration-test/target/test-dir/MiniOzoneClusterImpl-ffccced8-c8d8-492e-805a-99618b7a2b29/datanode-4/data/ratis/27ca5433-ce0e-47d4-b404-21c29c4993ba
2019-09-11 03:15:29,291 [pool-67-thread-1] INFO  server.RaftServerConfigKeys (ConfUtils.java:logGet(43)) - raft.server.log.queue.byte-limit = 2147483647 (custom)
2019-09-11 03:15:29,291 [pool-67-thread-1] INFO  server.RaftServerConfigKeys (ConfUtils.java:logGet(43)) - raft.server.log.queue.element-limit = 1024 (custom)
2019-09-11 03:15:29,292 [pool-67-thread-1] INFO  server.RaftServerConfigKeys (ConfUtils.java:logGet(43)) - raft.server.log.segment.size.max = 1048576 (custom)
2019-09-11 03:15:29,292 [pool-67-thread-1] INFO  server.RaftServerConfigKeys (ConfUtils.java:logGet(43)) - raft.server.log.preallocated.size = 16384 (custom)
2019-09-11 03:15:29,292 [pool-67-thread-1] INFO  server.RaftServerConfigKeys (ConfUtils.java:logGet(43)) - raft.server.log.write.buffer.size = 33554432 (custom)
2019-09-11 03:15:29,292 [pool-67-thread-1] INFO  server.RaftServerConfigKeys (ConfUtils.java:logGet(43)) - raft.server.log.force.sync.num = 128 (default)
2019-09-11 03:15:29,292 [pool-67-thread-1] INFO  server.RaftServerConfigKeys (ConfUtils.java:logGet(43)) - raft.server.log.statemachine.data.sync = true (default)
2019-09-11 03:15:29,293 [pool-67-thread-1] INFO  server.RaftServerConfigKeys (ConfUtils.java:logGet(43)) - raft.server.log.statemachine.data.sync.timeout = 10s (default)
2019-09-11 03:15:29,293 [pool-67-thread-1] INFO  server.RaftServerConfigKeys (ConfUtils.java:logGet(43)) - raft.server.log.statemachine.data.sync.timeout.retry = -1 (default)
2019-09-11 03:15:29,293 [pool-67-thread-1] INFO  server.RaftServerConfigKeys (ConfUtils.java:logGet(43)) - raft.server.log.statemachine.data.caching.enabled = true (custom)
2019-09-11 03:15:29,293 [pool-67-thread-1] INFO  segmented.SegmentedRaftLogWorker (SegmentedRaftLogWorker.java:lambda$new$0(132)) - fd8937d2-ae9c-4754-9095-8c93aae9e6b7@group-21C29C4993BA-SegmentedRaftLogWorker: flushIndex: setUnconditionally 0 -> -1
2019-09-11 03:15:29,294 [pool-67-thread-1] INFO  server.RaftServerConfigKeys (ConfUtils.java:logGet(43)) - raft.server.snapshot.auto.trigger.enabled = true (custom)
2019-09-11 03:15:29,294 [pool-67-thread-1] INFO  server.RaftServerConfigKeys (ConfUtils.java:logGet(43)) - raft.server.snapshot.auto.trigger.threshold = 10000 (custom)
2019-09-11 03:15:29,294 [pool-67-thread-1] INFO  server.RaftServerConfigKeys (ConfUtils.java:logGet(43)) - raft.server.snapshot.retention.num.files = -1 (default)
2019-09-11 03:15:29,294 [pool-67-thread-1] INFO  server.RaftServerConfigKeys (ConfUtils.java:logGet(43)) - raft.server.retrycache.expirytime = 600000ms (custom)
2019-09-11 03:15:29,298 [pool-67-thread-1] INFO  impl.RaftServerImpl (RaftServerImpl.java:start(185)) - fd8937d2-ae9c-4754-9095-8c93aae9e6b7@group-21C29C4993BA: start as a follower, conf=-1: [fd8937d2-ae9c-4754-9095-8c93aae9e6b7:192.168.34.53:46025], old=null
2019-09-11 03:15:29,298 [pool-67-thread-1] INFO  impl.RaftServerImpl (RaftServerImpl.java:setRole(174)) - fd8937d2-ae9c-4754-9095-8c93aae9e6b7@group-21C29C4993BA: changes role from      null to FOLLOWER at term 0 for startAsFollower
2019-09-11 03:15:29,298 [pool-67-thread-1] INFO  impl.RoleInfo (RoleInfo.java:updateAndGet(143)) - fd8937d2-ae9c-4754-9095-8c93aae9e6b7: start FollowerState
2019-09-11 03:15:29,299 [pool-67-thread-1] INFO  util.JmxRegister (JmxRegister.java:tryRegister(44)) - Successfully registered JMX Bean with object name Ratis:service=RaftServer,group=group-21C29C4993BA,id=fd8937d2-ae9c-4754-9095-8c93aae9e6b7
2019-09-11 03:15:29,312 [RatisPipelineUtilsThread] INFO  pipeline.PipelineStateManager (PipelineStateManager.java:addPipeline(56)) - Created pipeline Pipeline[ Id: 27ca5433-ce0e-47d4-b404-21c29c4993ba, Nodes: fd8937d2-ae9c-4754-9095-8c93aae9e6b7{ip: 192.168.34.53, host: pr-hdds-2107-sbngl-2106859965, networkLocation: /default-rack, certSerialId: null}, Type:RATIS, Factor:ONE, State:OPEN]
2019-09-11 03:15:29,334 [grpc-default-executor-0] INFO  impl.RaftServerProxy (RaftServerProxy.java:addNew(89)) - 12f94aba-1a41-4f36-aad5-fe218cdfc4f3: addNew group-F59BD0871E54:[12f94aba-1a41-4f36-aad5-fe218cdfc4f3:192.168.34.53:41482] returns group-F59BD0871E54:java.util.concurrent.CompletableFuture@1c29ba31[Not completed]
2019-09-11 03:15:29,347 [pool-57-thread-1] INFO  impl.RaftServerImpl (RaftServerImpl.java:<init>(95)) - 12f94aba-1a41-4f36-aad5-fe218cdfc4f3: new RaftServerImpl for group-F59BD0871E54:[12f94aba-1a41-4f36-aad5-fe218cdfc4f3:192.168.34.53:41482] with ContainerStateMachine:uninitialized
2019-09-11 03:15:29,348 [pool-57-thread-1] INFO  server.RaftServerConfigKeys (ConfUtils.java:logGet(43)) - raft.server.rpc.timeout.min = 1s (custom)
2019-09-11 03:15:29,348 [pool-57-thread-1] INFO  server.RaftServerConfigKeys (ConfUtils.java:logGet(43)) - raft.server.rpc.timeout.max = 1200ms (custom)
2019-09-11 03:15:29,348 [pool-57-thread-1] INFO  server.RaftServerConfigKeys (ConfUtils.java:logGet(43)) - raft.server.rpcslowness.timeout = 120s (custom)
2019-09-11 03:15:29,348 [pool-57-thread-1] INFO  server.RaftServerConfigKeys (ConfUtils.java:logGet(43)) - raft.server.sleep.deviation.threshold = 300 (default)
2019-09-11 03:15:29,348 [pool-57-thread-1] INFO  server.RaftServerConfigKeys (ConfUtils.java:logGet(43)) - raft.server.log.appender.install.snapshot.enabled = false (custom)
2019-09-11 03:15:29,349 [pool-57-thread-1] INFO  impl.RaftServerImpl (ServerState.java:<init>(103)) - 12f94aba-1a41-4f36-aad5-fe218cdfc4f3@group-F59BD0871E54: ConfigurationManager, init=-1: [12f94aba-1a41-4f36-aad5-fe218cdfc4f3:192.168.34.53:41482], old=null, confs=<EMPTY_MAP>
2019-09-11 03:15:29,349 [pool-57-thread-1] INFO  server.RaftServerConfigKeys (ConfUtils.java:logGet(43)) - raft.server.storage.dir = [/workdir/hadoop-ozone/integration-test/target/test-dir/MiniOzoneClusterImpl-ffccced8-c8d8-492e-805a-99618b7a2b29/datanode-3/data/ratis] (custom)
2019-09-11 03:15:29,349 [pool-57-thread-1] INFO  storage.RaftStorageDirectory (RaftStorageDirectory.java:analyzeStorage(246)) - The storage directory /workdir/hadoop-ozone/integration-test/target/test-dir/MiniOzoneClusterImpl-ffccced8-c8d8-492e-805a-99618b7a2b29/datanode-3/data/ratis/95ebf42d-e1a2-4723-8047-f59bd0871e54 does not exist. Creating ...
2019-09-11 03:15:29,362 [pool-57-thread-1] INFO  storage.RaftStorageDirectory (RaftStorageDirectory.java:tryLock(328)) - Lock on /workdir/hadoop-ozone/integration-test/target/test-dir/MiniOzoneClusterImpl-ffccced8-c8d8-492e-805a-99618b7a2b29/datanode-3/data/ratis/95ebf42d-e1a2-4723-8047-f59bd0871e54/in_use.lock acquired by nodename 13095@pr-hdds-2107-sbngl-2106859965
2019-09-11 03:15:29,376 [pool-57-thread-1] INFO  storage.RaftStorage (RaftStorage.java:format(72)) - Storage directory /workdir/hadoop-ozone/integration-test/target/test-dir/MiniOzoneClusterImpl-ffccced8-c8d8-492e-805a-99618b7a2b29/datanode-3/data/ratis/95ebf42d-e1a2-4723-8047-f59bd0871e54 has been successfully formatted.
2019-09-11 03:15:29,376 [pool-57-thread-1] INFO  ratis.ContainerStateMachine (ContainerStateMachine.java:loadSnapshot(230)) - group-F59BD0871E54: The snapshot info is null. Setting the last applied indexto:(t:0, i:~)
2019-09-11 03:15:29,376 [pool-57-thread-1] INFO  server.RaftServerConfigKeys (ConfUtils.java:logGet(43)) - raft.server.notification.no-leader.timeout = 120s (custom)
2019-09-11 03:15:29,376 [pool-57-thread-1] INFO  server.RaftServerConfigKeys (ConfUtils.java:logGet(43)) - raft.server.log.use.memory = false (default)
2019-09-11 03:15:29,377 [pool-57-thread-1] INFO  server.RaftServerConfigKeys (ConfUtils.java:logGet(43)) - raft.server.log.purge.gap = 1000000 (custom)
2019-09-11 03:15:29,377 [pool-57-thread-1] INFO  server.RaftServerConfigKeys (ConfUtils.java:logGet(43)) - raft.server.log.appender.buffer.byte-limit = 33554432 (custom)
2019-09-11 03:15:29,377 [pool-57-thread-1] INFO  server.RaftServerConfigKeys (ConfUtils.java:logGet(43)) - raft.server.log.segment.size.max = 1048576 (custom)
2019-09-11 03:15:29,377 [pool-57-thread-1] INFO  server.RaftServerConfigKeys (ConfUtils.java:logGet(43)) - raft.server.log.segment.cache.num.max = 2 (custom)
2019-09-11 03:15:29,377 [pool-57-thread-1] INFO  segmented.SegmentedRaftLogWorker (SegmentedRaftLogWorker.java:<init>(172)) - new 12f94aba-1a41-4f36-aad5-fe218cdfc4f3@group-F59BD0871E54-SegmentedRaftLogWorker for RaftStorage:Storage Directory /workdir/hadoop-ozone/integration-test/target/test-dir/MiniOzoneClusterImpl-ffccced8-c8d8-492e-805a-99618b7a2b29/datanode-3/data/ratis/95ebf42d-e1a2-4723-8047-f59bd0871e54
2019-09-11 03:15:29,381 [pool-57-thread-1] INFO  server.RaftServerConfigKeys (ConfUtils.java:logGet(43)) - raft.server.log.queue.byte-limit = 2147483647 (custom)
2019-09-11 03:15:29,381 [pool-57-thread-1] INFO  server.RaftServerConfigKeys (ConfUtils.java:logGet(43)) - raft.server.log.queue.element-limit = 1024 (custom)
2019-09-11 03:15:29,381 [pool-57-thread-1] INFO  server.RaftServerConfigKeys (ConfUtils.java:logGet(43)) - raft.server.log.segment.size.max = 1048576 (custom)
2019-09-11 03:15:29,381 [pool-57-thread-1] INFO  server.RaftServerConfigKeys (ConfUtils.java:logGet(43)) - raft.server.log.preallocated.size = 16384 (custom)
2019-09-11 03:15:29,382 [pool-57-thread-1] INFO  server.RaftServerConfigKeys (ConfUtils.java:logGet(43)) - raft.server.log.write.buffer.size = 33554432 (custom)
2019-09-11 03:15:29,382 [pool-57-thread-1] INFO  server.RaftServerConfigKeys (ConfUtils.java:logGet(43)) - raft.server.log.force.sync.num = 128 (default)
2019-09-11 03:15:29,382 [pool-57-thread-1] INFO  server.RaftServerConfigKeys (ConfUtils.java:logGet(43)) - raft.server.log.statemachine.data.sync = true (default)
2019-09-11 03:15:29,382 [pool-57-thread-1] INFO  server.RaftServerConfigKeys (ConfUtils.java:logGet(43)) - raft.server.log.statemachine.data.sync.timeout = 10s (default)
2019-09-11 03:15:29,382 [pool-57-thread-1] INFO  server.RaftServerConfigKeys (ConfUtils.java:logGet(43)) - raft.server.log.statemachine.data.sync.timeout.retry = -1 (default)
2019-09-11 03:15:29,383 [pool-57-thread-1] INFO  server.RaftServerConfigKeys (ConfUtils.java:logGet(43)) - raft.server.log.statemachine.data.caching.enabled = true (custom)
2019-09-11 03:15:29,383 [pool-57-thread-1] INFO  segmented.SegmentedRaftLogWorker (SegmentedRaftLogWorker.java:lambda$new$0(132)) - 12f94aba-1a41-4f36-aad5-fe218cdfc4f3@group-F59BD0871E54-SegmentedRaftLogWorker: flushIndex: setUnconditionally 0 -> -1
2019-09-11 03:15:29,383 [pool-57-thread-1] INFO  server.RaftServerConfigKeys (ConfUtils.java:logGet(43)) - raft.server.snapshot.auto.trigger.enabled = true (custom)
2019-09-11 03:15:29,384 [pool-57-thread-1] INFO  server.RaftServerConfigKeys (ConfUtils.java:logGet(43)) - raft.server.snapshot.auto.trigger.threshold = 10000 (custom)
2019-09-11 03:15:29,384 [pool-57-thread-1] INFO  server.RaftServerConfigKeys (ConfUtils.java:logGet(43)) - raft.server.snapshot.retention.num.files = -1 (default)
2019-09-11 03:15:29,384 [pool-57-thread-1] INFO  server.RaftServerConfigKeys (ConfUtils.java:logGet(43)) - raft.server.retrycache.expirytime = 600000ms (custom)
2019-09-11 03:15:29,387 [pool-57-thread-1] INFO  impl.RaftServerImpl (RaftServerImpl.java:start(185)) - 12f94aba-1a41-4f36-aad5-fe218cdfc4f3@group-F59BD0871E54: start as a follower, conf=-1: [12f94aba-1a41-4f36-aad5-fe218cdfc4f3:192.168.34.53:41482], old=null
2019-09-11 03:15:29,388 [pool-57-thread-1] INFO  impl.RaftServerImpl (RaftServerImpl.java:setRole(174)) - 12f94aba-1a41-4f36-aad5-fe218cdfc4f3@group-F59BD0871E54: changes role from      null to FOLLOWER at term 0 for startAsFollower
2019-09-11 03:15:29,388 [pool-57-thread-1] INFO  impl.RoleInfo (RoleInfo.java:updateAndGet(143)) - 12f94aba-1a41-4f36-aad5-fe218cdfc4f3: start FollowerState
2019-09-11 03:15:29,388 [pool-57-thread-1] INFO  util.JmxRegister (JmxRegister.java:tryRegister(44)) - Successfully registered JMX Bean with object name Ratis:service=RaftServer,group=group-F59BD0871E54,id=12f94aba-1a41-4f36-aad5-fe218cdfc4f3
2019-09-11 03:15:29,404 [RatisPipelineUtilsThread] INFO  pipeline.PipelineStateManager (PipelineStateManager.java:addPipeline(56)) - Created pipeline Pipeline[ Id: 95ebf42d-e1a2-4723-8047-f59bd0871e54, Nodes: 12f94aba-1a41-4f36-aad5-fe218cdfc4f3{ip: 192.168.34.53, host: pr-hdds-2107-sbngl-2106859965, networkLocation: /default-rack, certSerialId: null}, Type:RATIS, Factor:ONE, State:OPEN]
2019-09-11 03:15:29,428 [grpc-default-executor-0] INFO  impl.RaftServerProxy (RaftServerProxy.java:addNew(89)) - 02b9f8ce-4253-4591-af20-e5771c574668: addNew group-34B9A72BE4B0:[02b9f8ce-4253-4591-af20-e5771c574668:192.168.34.53:35050] returns group-34B9A72BE4B0:java.util.concurrent.CompletableFuture@a3b4d84[Not completed]
2019-09-11 03:15:29,438 [pool-37-thread-1] INFO  impl.RaftServerImpl (RaftServerImpl.java:<init>(95)) - 02b9f8ce-4253-4591-af20-e5771c574668: new RaftServerImpl for group-34B9A72BE4B0:[02b9f8ce-4253-4591-af20-e5771c574668:192.168.34.53:35050] with ContainerStateMachine:uninitialized
2019-09-11 03:15:29,438 [pool-37-thread-1] INFO  server.RaftServerConfigKeys (ConfUtils.java:logGet(43)) - raft.server.rpc.timeout.min = 1s (custom)
2019-09-11 03:15:29,438 [pool-37-thread-1] INFO  server.RaftServerConfigKeys (ConfUtils.java:logGet(43)) - raft.server.rpc.timeout.max = 1200ms (custom)
2019-09-11 03:15:29,439 [pool-37-thread-1] INFO  server.RaftServerConfigKeys (ConfUtils.java:logGet(43)) - raft.server.rpcslowness.timeout = 120s (custom)
2019-09-11 03:15:29,439 [pool-37-thread-1] INFO  server.RaftServerConfigKeys (ConfUtils.java:logGet(43)) - raft.server.sleep.deviation.threshold = 300 (default)
2019-09-11 03:15:29,439 [pool-37-thread-1] INFO  server.RaftServerConfigKeys (ConfUtils.java:logGet(43)) - raft.server.log.appender.install.snapshot.enabled = false (custom)
2019-09-11 03:15:29,439 [pool-37-thread-1] INFO  impl.RaftServerImpl (ServerState.java:<init>(103)) - 02b9f8ce-4253-4591-af20-e5771c574668@group-34B9A72BE4B0: ConfigurationManager, init=-1: [02b9f8ce-4253-4591-af20-e5771c574668:192.168.34.53:35050], old=null, confs=<EMPTY_MAP>
2019-09-11 03:15:29,439 [pool-37-thread-1] INFO  server.RaftServerConfigKeys (ConfUtils.java:logGet(43)) - raft.server.storage.dir = [/workdir/hadoop-ozone/integration-test/target/test-dir/MiniOzoneClusterImpl-ffccced8-c8d8-492e-805a-99618b7a2b29/datanode-1/data/ratis] (custom)
2019-09-11 03:15:29,440 [pool-37-thread-1] INFO  storage.RaftStorageDirectory (RaftStorageDirectory.java:analyzeStorage(246)) - The storage directory /workdir/hadoop-ozone/integration-test/target/test-dir/MiniOzoneClusterImpl-ffccced8-c8d8-492e-805a-99618b7a2b29/datanode-1/data/ratis/6d5c8302-efe7-4b53-aa73-34b9a72be4b0 does not exist. Creating ...
2019-09-11 03:15:29,454 [pool-37-thread-1] INFO  storage.RaftStorageDirectory (RaftStorageDirectory.java:tryLock(328)) - Lock on /workdir/hadoop-ozone/integration-test/target/test-dir/MiniOzoneClusterImpl-ffccced8-c8d8-492e-805a-99618b7a2b29/datanode-1/data/ratis/6d5c8302-efe7-4b53-aa73-34b9a72be4b0/in_use.lock acquired by nodename 13095@pr-hdds-2107-sbngl-2106859965
2019-09-11 03:15:29,482 [pool-37-thread-1] INFO  storage.RaftStorage (RaftStorage.java:format(72)) - Storage directory /workdir/hadoop-ozone/integration-test/target/test-dir/MiniOzoneClusterImpl-ffccced8-c8d8-492e-805a-99618b7a2b29/datanode-1/data/ratis/6d5c8302-efe7-4b53-aa73-34b9a72be4b0 has been successfully formatted.
2019-09-11 03:15:29,482 [pool-37-thread-1] INFO  ratis.ContainerStateMachine (ContainerStateMachine.java:loadSnapshot(230)) - group-34B9A72BE4B0: The snapshot info is null. Setting the last applied indexto:(t:0, i:~)
2019-09-11 03:15:29,482 [pool-37-thread-1] INFO  server.RaftServerConfigKeys (ConfUtils.java:logGet(43)) - raft.server.notification.no-leader.timeout = 120s (custom)
2019-09-11 03:15:29,483 [pool-37-thread-1] INFO  server.RaftServerConfigKeys (ConfUtils.java:logGet(43)) - raft.server.log.use.memory = false (default)
2019-09-11 03:15:29,483 [pool-37-thread-1] INFO  server.RaftServerConfigKeys (ConfUtils.java:logGet(43)) - raft.server.log.purge.gap = 1000000 (custom)
2019-09-11 03:15:29,483 [pool-37-thread-1] INFO  server.RaftServerConfigKeys (ConfUtils.java:logGet(43)) - raft.server.log.appender.buffer.byte-limit = 33554432 (custom)
2019-09-11 03:15:29,483 [pool-37-thread-1] INFO  server.RaftServerConfigKeys (ConfUtils.java:logGet(43)) - raft.server.log.segment.size.max = 1048576 (custom)
2019-09-11 03:15:29,483 [pool-37-thread-1] INFO  server.RaftServerConfigKeys (ConfUtils.java:logGet(43)) - raft.server.log.segment.cache.num.max = 2 (custom)
2019-09-11 03:15:29,483 [pool-37-thread-1] INFO  segmented.SegmentedRaftLogWorker (SegmentedRaftLogWorker.java:<init>(172)) - new 02b9f8ce-4253-4591-af20-e5771c574668@group-34B9A72BE4B0-SegmentedRaftLogWorker for RaftStorage:Storage Directory /workdir/hadoop-ozone/integration-test/target/test-dir/MiniOzoneClusterImpl-ffccced8-c8d8-492e-805a-99618b7a2b29/datanode-1/data/ratis/6d5c8302-efe7-4b53-aa73-34b9a72be4b0
2019-09-11 03:15:29,486 [pool-37-thread-1] INFO  server.RaftServerConfigKeys (ConfUtils.java:logGet(43)) - raft.server.log.queue.byte-limit = 2147483647 (custom)
2019-09-11 03:15:29,486 [pool-37-thread-1] INFO  server.RaftServerConfigKeys (ConfUtils.java:logGet(43)) - raft.server.log.queue.element-limit = 1024 (custom)
2019-09-11 03:15:29,487 [pool-37-thread-1] INFO  server.RaftServerConfigKeys (ConfUtils.java:logGet(43)) - raft.server.log.segment.size.max = 1048576 (custom)
2019-09-11 03:15:29,487 [pool-37-thread-1] INFO  server.RaftServerConfigKeys (ConfUtils.java:logGet(43)) - raft.server.log.preallocated.size = 16384 (custom)
2019-09-11 03:15:29,487 [pool-37-thread-1] INFO  server.RaftServerConfigKeys (ConfUtils.java:logGet(43)) - raft.server.log.write.buffer.size = 33554432 (custom)
2019-09-11 03:15:29,487 [pool-37-thread-1] INFO  server.RaftServerConfigKeys (ConfUtils.java:logGet(43)) - raft.server.log.force.sync.num = 128 (default)
2019-09-11 03:15:29,487 [pool-37-thread-1] INFO  server.RaftServerConfigKeys (ConfUtils.java:logGet(43)) - raft.server.log.statemachine.data.sync = true (default)
2019-09-11 03:15:29,487 [pool-37-thread-1] INFO  server.RaftServerConfigKeys (ConfUtils.java:logGet(43)) - raft.server.log.statemachine.data.sync.timeout = 10s (default)
2019-09-11 03:15:29,487 [pool-37-thread-1] INFO  server.RaftServerConfigKeys (ConfUtils.java:logGet(43)) - raft.server.log.statemachine.data.sync.timeout.retry = -1 (default)
2019-09-11 03:15:29,488 [pool-37-thread-1] INFO  server.RaftServerConfigKeys (ConfUtils.java:logGet(43)) - raft.server.log.statemachine.data.caching.enabled = true (custom)
2019-09-11 03:15:29,488 [pool-37-thread-1] INFO  segmented.SegmentedRaftLogWorker (SegmentedRaftLogWorker.java:lambda$new$0(132)) - 02b9f8ce-4253-4591-af20-e5771c574668@group-34B9A72BE4B0-SegmentedRaftLogWorker: flushIndex: setUnconditionally 0 -> -1
2019-09-11 03:15:29,488 [pool-37-thread-1] INFO  server.RaftServerConfigKeys (ConfUtils.java:logGet(43)) - raft.server.snapshot.auto.trigger.enabled = true (custom)
2019-09-11 03:15:29,488 [pool-37-thread-1] INFO  server.RaftServerConfigKeys (ConfUtils.java:logGet(43)) - raft.server.snapshot.auto.trigger.threshold = 10000 (custom)
2019-09-11 03:15:29,489 [pool-37-thread-1] INFO  server.RaftServerConfigKeys (ConfUtils.java:logGet(43)) - raft.server.snapshot.retention.num.files = -1 (default)
2019-09-11 03:15:29,489 [pool-37-thread-1] INFO  server.RaftServerConfigKeys (ConfUtils.java:logGet(43)) - raft.server.retrycache.expirytime = 600000ms (custom)
2019-09-11 03:15:29,491 [pool-37-thread-1] INFO  impl.RaftServerImpl (RaftServerImpl.java:start(185)) - 02b9f8ce-4253-4591-af20-e5771c574668@group-34B9A72BE4B0: start as a follower, conf=-1: [02b9f8ce-4253-4591-af20-e5771c574668:192.168.34.53:35050], old=null
2019-09-11 03:15:29,491 [pool-37-thread-1] INFO  impl.RaftServerImpl (RaftServerImpl.java:setRole(174)) - 02b9f8ce-4253-4591-af20-e5771c574668@group-34B9A72BE4B0: changes role from      null to FOLLOWER at term 0 for startAsFollower
2019-09-11 03:15:29,492 [pool-37-thread-1] INFO  impl.RoleInfo (RoleInfo.java:updateAndGet(143)) - 02b9f8ce-4253-4591-af20-e5771c574668: start FollowerState
2019-09-11 03:15:29,492 [pool-37-thread-1] INFO  util.JmxRegister (JmxRegister.java:tryRegister(44)) - Successfully registered JMX Bean with object name Ratis:service=RaftServer,group=group-34B9A72BE4B0,id=02b9f8ce-4253-4591-af20-e5771c574668
2019-09-11 03:15:29,509 [Thread-285] INFO  impl.FollowerState (FollowerState.java:run(106)) - 2b261411-8be7-4fb4-994a-6f5681dc75eb:group-4AE345F8CCB3 changes to CANDIDATE, lastRpcTime:1091, electionTimeout:1086ms
2019-09-11 03:15:29,515 [RatisPipelineUtilsThread] INFO  pipeline.PipelineStateManager (PipelineStateManager.java:addPipeline(56)) - Created pipeline Pipeline[ Id: 6d5c8302-efe7-4b53-aa73-34b9a72be4b0, Nodes: 02b9f8ce-4253-4591-af20-e5771c574668{ip: 192.168.34.53, host: pr-hdds-2107-sbngl-2106859965, networkLocation: /default-rack, certSerialId: null}, Type:RATIS, Factor:ONE, State:OPEN]
2019-09-11 03:15:29,519 [Thread-285] INFO  impl.RoleInfo (RoleInfo.java:shutdownFollowerState(121)) - 2b261411-8be7-4fb4-994a-6f5681dc75eb: shutdown FollowerState
2019-09-11 03:15:29,519 [Thread-285] INFO  impl.RaftServerImpl (RaftServerImpl.java:setRole(174)) - 2b261411-8be7-4fb4-994a-6f5681dc75eb@group-4AE345F8CCB3: changes role from  FOLLOWER to CANDIDATE at term 0 for changeToCandidate
2019-09-11 03:15:29,531 [Thread-285] INFO  impl.RoleInfo (RoleInfo.java:updateAndGet(143)) - 2b261411-8be7-4fb4-994a-6f5681dc75eb: start LeaderElection
2019-09-11 03:15:29,675 [2b261411-8be7-4fb4-994a-6f5681dc75eb@group-4AE345F8CCB3:LeaderElection1] INFO  impl.LeaderElection (LeaderElection.java:askForVotes(182)) - 2b261411-8be7-4fb4-994a-6f5681dc75eb@group-4AE345F8CCB3:LeaderElection1: begin an election at term 1 for -1: [2b261411-8be7-4fb4-994a-6f5681dc75eb:192.168.34.53:36245], old=null
2019-09-11 03:15:29,682 [2b261411-8be7-4fb4-994a-6f5681dc75eb@group-4AE345F8CCB3:LeaderElection1] INFO  impl.RoleInfo (RoleInfo.java:shutdownLeaderElection(134)) - 2b261411-8be7-4fb4-994a-6f5681dc75eb: shutdown LeaderElection
2019-09-11 03:15:29,683 [2b261411-8be7-4fb4-994a-6f5681dc75eb@group-4AE345F8CCB3:LeaderElection1] INFO  impl.RaftServerImpl (RaftServerImpl.java:setRole(174)) - 2b261411-8be7-4fb4-994a-6f5681dc75eb@group-4AE345F8CCB3: changes role from CANDIDATE to LEADER at term 1 for changeToLeader
2019-09-11 03:15:29,683 [2b261411-8be7-4fb4-994a-6f5681dc75eb@group-4AE345F8CCB3:LeaderElection1] INFO  impl.RaftServerImpl (ServerState.java:setLeader(253)) - 2b261411-8be7-4fb4-994a-6f5681dc75eb@group-4AE345F8CCB3: change Leader from null to 2b261411-8be7-4fb4-994a-6f5681dc75eb at term 1 for becomeLeader, leader elected after 1389ms
2019-09-11 03:15:29,720 [grpc-default-executor-1] INFO  impl.RaftServerProxy (RaftServerProxy.java:addNew(89)) - 8c88a939-76a6-48ec-b449-781feab56278: addNew group-C308026E702E:[06bedc96-d276-4186-804c-441da3383ef1:192.168.34.53:35709, 67340b07-f44b-4075-83dc-7a68839c1bb0:192.168.34.53:40083, 8c88a939-76a6-48ec-b449-781feab56278:192.168.34.53:40431] returns group-C308026E702E:java.util.concurrent.CompletableFuture@4eeb1eb6[Not completed]
2019-09-11 03:15:29,721 [grpc-default-executor-0] INFO  impl.RaftServerProxy (RaftServerProxy.java:addNew(89)) - 67340b07-f44b-4075-83dc-7a68839c1bb0: addNew group-C308026E702E:[06bedc96-d276-4186-804c-441da3383ef1:192.168.34.53:35709, 67340b07-f44b-4075-83dc-7a68839c1bb0:192.168.34.53:40083, 8c88a939-76a6-48ec-b449-781feab56278:192.168.34.53:40431] returns group-C308026E702E:java.util.concurrent.CompletableFuture@38f1c721[Not completed]
2019-09-11 03:15:29,721 [grpc-default-executor-2] INFO  impl.RaftServerProxy (RaftServerProxy.java:addNew(89)) - 06bedc96-d276-4186-804c-441da3383ef1: addNew group-C308026E702E:[06bedc96-d276-4186-804c-441da3383ef1:192.168.34.53:35709, 67340b07-f44b-4075-83dc-7a68839c1bb0:192.168.34.53:40083, 8c88a939-76a6-48ec-b449-781feab56278:192.168.34.53:40431] returns group-C308026E702E:java.util.concurrent.CompletableFuture@259e94f0[Not completed]
2019-09-11 03:15:29,725 [2b261411-8be7-4fb4-994a-6f5681dc75eb@group-4AE345F8CCB3:LeaderElection1] INFO  server.RaftServerConfigKeys (ConfUtils.java:logGet(43)) - raft.server.staging.catchup.gap = 1000 (default)
2019-09-11 03:15:29,726 [2b261411-8be7-4fb4-994a-6f5681dc75eb@group-4AE345F8CCB3:LeaderElection1] INFO  server.RaftServerConfigKeys (ConfUtils.java:logGet(43)) - raft.server.rpc.sleep.time = 25ms (default)
2019-09-11 03:15:29,767 [Thread-288] INFO  impl.FollowerState (FollowerState.java:run(106)) - 06bedc96-d276-4186-804c-441da3383ef1:group-222B947CC395 changes to CANDIDATE, lastRpcTime:1118, electionTimeout:1090ms
2019-09-11 03:15:29,769 [Thread-288] INFO  impl.RoleInfo (RoleInfo.java:shutdownFollowerState(121)) - 06bedc96-d276-4186-804c-441da3383ef1: shutdown FollowerState
2019-09-11 03:15:29,769 [Thread-288] INFO  impl.RaftServerImpl (RaftServerImpl.java:setRole(174)) - 06bedc96-d276-4186-804c-441da3383ef1@group-222B947CC395: changes role from  FOLLOWER to CANDIDATE at term 0 for changeToCandidate
2019-09-11 03:15:29,769 [pool-77-thread-1] INFO  impl.RaftServerImpl (RaftServerImpl.java:<init>(95)) - 8c88a939-76a6-48ec-b449-781feab56278: new RaftServerImpl for group-C308026E702E:[06bedc96-d276-4186-804c-441da3383ef1:192.168.34.53:35709, 67340b07-f44b-4075-83dc-7a68839c1bb0:192.168.34.53:40083, 8c88a939-76a6-48ec-b449-781feab56278:192.168.34.53:40431] with ContainerStateMachine:uninitialized
2019-09-11 03:15:29,771 [Thread-288] INFO  impl.RoleInfo (RoleInfo.java:updateAndGet(143)) - 06bedc96-d276-4186-804c-441da3383ef1: start LeaderElection
2019-09-11 03:15:29,771 [pool-77-thread-1] INFO  server.RaftServerConfigKeys (ConfUtils.java:logGet(43)) - raft.server.rpc.timeout.min = 1s (custom)
2019-09-11 03:15:29,772 [pool-77-thread-1] INFO  server.RaftServerConfigKeys (ConfUtils.java:logGet(43)) - raft.server.rpc.timeout.max = 1200ms (custom)
2019-09-11 03:15:29,772 [pool-77-thread-1] INFO  server.RaftServerConfigKeys (ConfUtils.java:logGet(43)) - raft.server.rpcslowness.timeout = 120s (custom)
2019-09-11 03:15:29,776 [pool-77-thread-1] INFO  server.RaftServerConfigKeys (ConfUtils.java:logGet(43)) - raft.server.sleep.deviation.threshold = 300 (default)
2019-09-11 03:15:29,776 [pool-77-thread-1] INFO  server.RaftServerConfigKeys (ConfUtils.java:logGet(43)) - raft.server.log.appender.install.snapshot.enabled = false (custom)
2019-09-11 03:15:29,776 [pool-77-thread-1] INFO  impl.RaftServerImpl (ServerState.java:<init>(103)) - 8c88a939-76a6-48ec-b449-781feab56278@group-C308026E702E: ConfigurationManager, init=-1: [06bedc96-d276-4186-804c-441da3383ef1:192.168.34.53:35709, 67340b07-f44b-4075-83dc-7a68839c1bb0:192.168.34.53:40083, 8c88a939-76a6-48ec-b449-781feab56278:192.168.34.53:40431], old=null, confs=<EMPTY_MAP>
2019-09-11 03:15:29,776 [pool-77-thread-1] INFO  server.RaftServerConfigKeys (ConfUtils.java:logGet(43)) - raft.server.storage.dir = [/workdir/hadoop-ozone/integration-test/target/test-dir/MiniOzoneClusterImpl-ffccced8-c8d8-492e-805a-99618b7a2b29/datanode-5/data/ratis] (custom)
2019-09-11 03:15:29,776 [pool-87-thread-1] INFO  impl.RaftServerImpl (RaftServerImpl.java:<init>(95)) - 67340b07-f44b-4075-83dc-7a68839c1bb0: new RaftServerImpl for group-C308026E702E:[06bedc96-d276-4186-804c-441da3383ef1:192.168.34.53:35709, 67340b07-f44b-4075-83dc-7a68839c1bb0:192.168.34.53:40083, 8c88a939-76a6-48ec-b449-781feab56278:192.168.34.53:40431] with ContainerStateMachine:uninitialized
2019-09-11 03:15:29,777 [pool-87-thread-1] INFO  server.RaftServerConfigKeys (ConfUtils.java:logGet(43)) - raft.server.rpc.timeout.min = 1s (custom)
2019-09-11 03:15:29,777 [pool-87-thread-1] INFO  server.RaftServerConfigKeys (ConfUtils.java:logGet(43)) - raft.server.rpc.timeout.max = 1200ms (custom)
2019-09-11 03:15:29,777 [pool-77-thread-1] INFO  storage.RaftStorageDirectory (RaftStorageDirectory.java:analyzeStorage(246)) - The storage directory /workdir/hadoop-ozone/integration-test/target/test-dir/MiniOzoneClusterImpl-ffccced8-c8d8-492e-805a-99618b7a2b29/datanode-5/data/ratis/dc5a121c-a3ce-4c69-b921-c308026e702e does not exist. Creating ...
2019-09-11 03:15:29,777 [pool-87-thread-1] INFO  server.RaftServerConfigKeys (ConfUtils.java:logGet(43)) - raft.server.rpcslowness.timeout = 120s (custom)
2019-09-11 03:15:29,777 [pool-47-thread-1] INFO  impl.RaftServerImpl (RaftServerImpl.java:<init>(95)) - 06bedc96-d276-4186-804c-441da3383ef1: new RaftServerImpl for group-C308026E702E:[06bedc96-d276-4186-804c-441da3383ef1:192.168.34.53:35709, 67340b07-f44b-4075-83dc-7a68839c1bb0:192.168.34.53:40083, 8c88a939-76a6-48ec-b449-781feab56278:192.168.34.53:40431] with ContainerStateMachine:uninitialized
2019-09-11 03:15:29,778 [pool-87-thread-1] INFO  server.RaftServerConfigKeys (ConfUtils.java:logGet(43)) - raft.server.sleep.deviation.threshold = 300 (default)
2019-09-11 03:15:29,778 [pool-47-thread-1] INFO  server.RaftServerConfigKeys (ConfUtils.java:logGet(43)) - raft.server.rpc.timeout.min = 1s (custom)
2019-09-11 03:15:29,778 [pool-87-thread-1] INFO  server.RaftServerConfigKeys (ConfUtils.java:logGet(43)) - raft.server.log.appender.install.snapshot.enabled = false (custom)
2019-09-11 03:15:29,778 [pool-47-thread-1] INFO  server.RaftServerConfigKeys (ConfUtils.java:logGet(43)) - raft.server.rpc.timeout.max = 1200ms (custom)
2019-09-11 03:15:29,778 [pool-87-thread-1] INFO  impl.RaftServerImpl (ServerState.java:<init>(103)) - 67340b07-f44b-4075-83dc-7a68839c1bb0@group-C308026E702E: ConfigurationManager, init=-1: [06bedc96-d276-4186-804c-441da3383ef1:192.168.34.53:35709, 67340b07-f44b-4075-83dc-7a68839c1bb0:192.168.34.53:40083, 8c88a939-76a6-48ec-b449-781feab56278:192.168.34.53:40431], old=null, confs=<EMPTY_MAP>
2019-09-11 03:15:29,778 [2b261411-8be7-4fb4-994a-6f5681dc75eb@group-4AE345F8CCB3:LeaderElection1] INFO  server.RaftServerConfigKeys (ConfUtils.java:logGet(43)) - raft.server.write.element-limit = 4096 (default)
2019-09-11 03:15:29,779 [pool-87-thread-1] INFO  server.RaftServerConfigKeys (ConfUtils.java:logGet(43)) - raft.server.storage.dir = [/workdir/hadoop-ozone/integration-test/target/test-dir/MiniOzoneClusterImpl-ffccced8-c8d8-492e-805a-99618b7a2b29/datanode-6/data/ratis] (custom)
2019-09-11 03:15:29,778 [pool-47-thread-1] INFO  server.RaftServerConfigKeys (ConfUtils.java:logGet(43)) - raft.server.rpcslowness.timeout = 120s (custom)
2019-09-11 03:15:29,779 [pool-47-thread-1] INFO  server.RaftServerConfigKeys (ConfUtils.java:logGet(43)) - raft.server.sleep.deviation.threshold = 300 (default)
2019-09-11 03:15:29,779 [pool-47-thread-1] INFO  server.RaftServerConfigKeys (ConfUtils.java:logGet(43)) - raft.server.log.appender.install.snapshot.enabled = false (custom)
2019-09-11 03:15:29,779 [pool-47-thread-1] INFO  impl.RaftServerImpl (ServerState.java:<init>(103)) - 06bedc96-d276-4186-804c-441da3383ef1@group-C308026E702E: ConfigurationManager, init=-1: [06bedc96-d276-4186-804c-441da3383ef1:192.168.34.53:35709, 67340b07-f44b-4075-83dc-7a68839c1bb0:192.168.34.53:40083, 8c88a939-76a6-48ec-b449-781feab56278:192.168.34.53:40431], old=null, confs=<EMPTY_MAP>
2019-09-11 03:15:29,779 [pool-87-thread-1] INFO  storage.RaftStorageDirectory (RaftStorageDirectory.java:analyzeStorage(246)) - The storage directory /workdir/hadoop-ozone/integration-test/target/test-dir/MiniOzoneClusterImpl-ffccced8-c8d8-492e-805a-99618b7a2b29/datanode-6/data/ratis/dc5a121c-a3ce-4c69-b921-c308026e702e does not exist. Creating ...
2019-09-11 03:15:29,779 [pool-47-thread-1] INFO  server.RaftServerConfigKeys (ConfUtils.java:logGet(43)) - raft.server.storage.dir = [/workdir/hadoop-ozone/integration-test/target/test-dir/MiniOzoneClusterImpl-ffccced8-c8d8-492e-805a-99618b7a2b29/datanode-2/data/ratis] (custom)
2019-09-11 03:15:29,780 [pool-47-thread-1] INFO  storage.RaftStorageDirectory (RaftStorageDirectory.java:analyzeStorage(246)) - The storage directory /workdir/hadoop-ozone/integration-test/target/test-dir/MiniOzoneClusterImpl-ffccced8-c8d8-492e-805a-99618b7a2b29/datanode-2/data/ratis/dc5a121c-a3ce-4c69-b921-c308026e702e does not exist. Creating ...
2019-09-11 03:15:29,782 [2b261411-8be7-4fb4-994a-6f5681dc75eb@group-4AE345F8CCB3:LeaderElection1] INFO  server.RaftServerConfigKeys (ConfUtils.java:logGet(43)) - raft.server.watch.timeout = 10s (default)
2019-09-11 03:15:29,782 [2b261411-8be7-4fb4-994a-6f5681dc75eb@group-4AE345F8CCB3:LeaderElection1] INFO  server.RaftServerConfigKeys (ConfUtils.java:logGet(43)) - raft.server.watch.timeout.denomination = 1s (default)
2019-09-11 03:15:29,784 [2b261411-8be7-4fb4-994a-6f5681dc75eb@group-4AE345F8CCB3:LeaderElection1] INFO  server.RaftServerConfigKeys (ConfUtils.java:logGet(43)) - raft.server.watch.element-limit = 65536 (default)
2019-09-11 03:15:29,791 [pool-47-thread-1] INFO  storage.RaftStorageDirectory (RaftStorageDirectory.java:tryLock(328)) - Lock on /workdir/hadoop-ozone/integration-test/target/test-dir/MiniOzoneClusterImpl-ffccced8-c8d8-492e-805a-99618b7a2b29/datanode-2/data/ratis/dc5a121c-a3ce-4c69-b921-c308026e702e/in_use.lock acquired by nodename 13095@pr-hdds-2107-sbngl-2106859965
2019-09-11 03:15:29,791 [pool-87-thread-1] INFO  storage.RaftStorageDirectory (RaftStorageDirectory.java:tryLock(328)) - Lock on /workdir/hadoop-ozone/integration-test/target/test-dir/MiniOzoneClusterImpl-ffccced8-c8d8-492e-805a-99618b7a2b29/datanode-6/data/ratis/dc5a121c-a3ce-4c69-b921-c308026e702e/in_use.lock acquired by nodename 13095@pr-hdds-2107-sbngl-2106859965
2019-09-11 03:15:29,791 [06bedc96-d276-4186-804c-441da3383ef1@group-222B947CC395:LeaderElection2] INFO  impl.LeaderElection (LeaderElection.java:askForVotes(182)) - 06bedc96-d276-4186-804c-441da3383ef1@group-222B947CC395:LeaderElection2: begin an election at term 1 for -1: [06bedc96-d276-4186-804c-441da3383ef1:192.168.34.53:35709], old=null
2019-09-11 03:15:29,791 [pool-77-thread-1] INFO  storage.RaftStorageDirectory (RaftStorageDirectory.java:tryLock(328)) - Lock on /workdir/hadoop-ozone/integration-test/target/test-dir/MiniOzoneClusterImpl-ffccced8-c8d8-492e-805a-99618b7a2b29/datanode-5/data/ratis/dc5a121c-a3ce-4c69-b921-c308026e702e/in_use.lock acquired by nodename 13095@pr-hdds-2107-sbngl-2106859965
2019-09-11 03:15:29,793 [06bedc96-d276-4186-804c-441da3383ef1@group-222B947CC395:LeaderElection2] INFO  impl.RoleInfo (RoleInfo.java:shutdownLeaderElection(134)) - 06bedc96-d276-4186-804c-441da3383ef1: shutdown LeaderElection
2019-09-11 03:15:29,793 [06bedc96-d276-4186-804c-441da3383ef1@group-222B947CC395:LeaderElection2] INFO  impl.RaftServerImpl (RaftServerImpl.java:setRole(174)) - 06bedc96-d276-4186-804c-441da3383ef1@group-222B947CC395: changes role from CANDIDATE to LEADER at term 1 for changeToLeader
2019-09-11 03:15:29,793 [06bedc96-d276-4186-804c-441da3383ef1@group-222B947CC395:LeaderElection2] INFO  impl.RaftServerImpl (ServerState.java:setLeader(253)) - 06bedc96-d276-4186-804c-441da3383ef1@group-222B947CC395: change Leader from null to 06bedc96-d276-4186-804c-441da3383ef1 at term 1 for becomeLeader, leader elected after 1161ms
2019-09-11 03:15:29,793 [06bedc96-d276-4186-804c-441da3383ef1@group-222B947CC395:LeaderElection2] INFO  server.RaftServerConfigKeys (ConfUtils.java:logGet(43)) - raft.server.staging.catchup.gap = 1000 (default)
2019-09-11 03:15:29,794 [06bedc96-d276-4186-804c-441da3383ef1@group-222B947CC395:LeaderElection2] INFO  server.RaftServerConfigKeys (ConfUtils.java:logGet(43)) - raft.server.rpc.sleep.time = 25ms (default)
2019-09-11 03:15:29,794 [06bedc96-d276-4186-804c-441da3383ef1@group-222B947CC395:LeaderElection2] INFO  server.RaftServerConfigKeys (ConfUtils.java:logGet(43)) - raft.server.write.element-limit = 4096 (default)
2019-09-11 03:15:29,794 [06bedc96-d276-4186-804c-441da3383ef1@group-222B947CC395:LeaderElection2] INFO  server.RaftServerConfigKeys (ConfUtils.java:logGet(43)) - raft.server.watch.timeout = 10s (default)
2019-09-11 03:15:29,794 [06bedc96-d276-4186-804c-441da3383ef1@group-222B947CC395:LeaderElection2] INFO  server.RaftServerConfigKeys (ConfUtils.java:logGet(43)) - raft.server.watch.timeout.denomination = 1s (default)
2019-09-11 03:15:29,794 [06bedc96-d276-4186-804c-441da3383ef1@group-222B947CC395:LeaderElection2] INFO  server.RaftServerConfigKeys (ConfUtils.java:logGet(43)) - raft.server.watch.element-limit = 65536 (default)
2019-09-11 03:15:29,809 [pool-47-thread-1] INFO  storage.RaftStorage (RaftStorage.java:format(72)) - Storage directory /workdir/hadoop-ozone/integration-test/target/test-dir/MiniOzoneClusterImpl-ffccced8-c8d8-492e-805a-99618b7a2b29/datanode-2/data/ratis/dc5a121c-a3ce-4c69-b921-c308026e702e has been successfully formatted.
2019-09-11 03:15:29,809 [pool-87-thread-1] INFO  storage.RaftStorage (RaftStorage.java:format(72)) - Storage directory /workdir/hadoop-ozone/integration-test/target/test-dir/MiniOzoneClusterImpl-ffccced8-c8d8-492e-805a-99618b7a2b29/datanode-6/data/ratis/dc5a121c-a3ce-4c69-b921-c308026e702e has been successfully formatted.
2019-09-11 03:15:29,812 [pool-47-thread-1] INFO  ratis.ContainerStateMachine (ContainerStateMachine.java:loadSnapshot(230)) - group-C308026E702E: The snapshot info is null. Setting the last applied indexto:(t:0, i:~)
2019-09-11 03:15:29,809 [pool-77-thread-1] INFO  storage.RaftStorage (RaftStorage.java:format(72)) - Storage directory /workdir/hadoop-ozone/integration-test/target/test-dir/MiniOzoneClusterImpl-ffccced8-c8d8-492e-805a-99618b7a2b29/datanode-5/data/ratis/dc5a121c-a3ce-4c69-b921-c308026e702e has been successfully formatted.
2019-09-11 03:15:29,813 [pool-47-thread-1] INFO  server.RaftServerConfigKeys (ConfUtils.java:logGet(43)) - raft.server.notification.no-leader.timeout = 120s (custom)
2019-09-11 03:15:29,813 [pool-87-thread-1] INFO  ratis.ContainerStateMachine (ContainerStateMachine.java:loadSnapshot(230)) - group-C308026E702E: The snapshot info is null. Setting the last applied indexto:(t:0, i:~)
2019-09-11 03:15:29,813 [pool-47-thread-1] INFO  server.RaftServerConfigKeys (ConfUtils.java:logGet(43)) - raft.server.log.use.memory = false (default)
2019-09-11 03:15:29,813 [pool-77-thread-1] INFO  ratis.ContainerStateMachine (ContainerStateMachine.java:loadSnapshot(230)) - group-C308026E702E: The snapshot info is null. Setting the last applied indexto:(t:0, i:~)
2019-09-11 03:15:29,813 [pool-47-thread-1] INFO  server.RaftServerConfigKeys (ConfUtils.java:logGet(43)) - raft.server.log.purge.gap = 1000000 (custom)
2019-09-11 03:15:29,813 [pool-87-thread-1] INFO  server.RaftServerConfigKeys (ConfUtils.java:logGet(43)) - raft.server.notification.no-leader.timeout = 120s (custom)
2019-09-11 03:15:29,814 [pool-47-thread-1] INFO  server.RaftServerConfigKeys (ConfUtils.java:logGet(43)) - raft.server.log.appender.buffer.byte-limit = 33554432 (custom)
2019-09-11 03:15:29,814 [pool-77-thread-1] INFO  server.RaftServerConfigKeys (ConfUtils.java:logGet(43)) - raft.server.notification.no-leader.timeout = 120s (custom)
2019-09-11 03:15:29,814 [pool-47-thread-1] INFO  server.RaftServerConfigKeys (ConfUtils.java:logGet(43)) - raft.server.log.segment.size.max = 1048576 (custom)
2019-09-11 03:15:29,814 [pool-87-thread-1] INFO  server.RaftServerConfigKeys (ConfUtils.java:logGet(43)) - raft.server.log.use.memory = false (default)
2019-09-11 03:15:29,815 [2b261411-8be7-4fb4-994a-6f5681dc75eb@group-4AE345F8CCB3:LeaderElection1] INFO  impl.RoleInfo (RoleInfo.java:updateAndGet(143)) - 2b261411-8be7-4fb4-994a-6f5681dc75eb: start LeaderState
2019-09-11 03:15:29,815 [06bedc96-d276-4186-804c-441da3383ef1@group-222B947CC395:LeaderElection2] INFO  impl.RoleInfo (RoleInfo.java:updateAndGet(143)) - 06bedc96-d276-4186-804c-441da3383ef1: start LeaderState
2019-09-11 03:15:29,815 [pool-47-thread-1] INFO  server.RaftServerConfigKeys (ConfUtils.java:logGet(43)) - raft.server.log.segment.cache.num.max = 2 (custom)
2019-09-11 03:15:29,814 [pool-77-thread-1] INFO  server.RaftServerConfigKeys (ConfUtils.java:logGet(43)) - raft.server.log.use.memory = false (default)
2019-09-11 03:15:29,815 [pool-47-thread-1] INFO  segmented.SegmentedRaftLogWorker (SegmentedRaftLogWorker.java:<init>(172)) - new 06bedc96-d276-4186-804c-441da3383ef1@group-C308026E702E-SegmentedRaftLogWorker for RaftStorage:Storage Directory /workdir/hadoop-ozone/integration-test/target/test-dir/MiniOzoneClusterImpl-ffccced8-c8d8-492e-805a-99618b7a2b29/datanode-2/data/ratis/dc5a121c-a3ce-4c69-b921-c308026e702e
2019-09-11 03:15:29,815 [pool-87-thread-1] INFO  server.RaftServerConfigKeys (ConfUtils.java:logGet(43)) - raft.server.log.purge.gap = 1000000 (custom)
2019-09-11 03:15:29,816 [pool-47-thread-1] INFO  server.RaftServerConfigKeys (ConfUtils.java:logGet(43)) - raft.server.log.queue.byte-limit = 2147483647 (custom)
2019-09-11 03:15:29,815 [pool-77-thread-1] INFO  server.RaftServerConfigKeys (ConfUtils.java:logGet(43)) - raft.server.log.purge.gap = 1000000 (custom)
2019-09-11 03:15:29,816 [pool-47-thread-1] INFO  server.RaftServerConfigKeys (ConfUtils.java:logGet(43)) - raft.server.log.queue.element-limit = 1024 (custom)
2019-09-11 03:15:29,816 [pool-87-thread-1] INFO  server.RaftServerConfigKeys (ConfUtils.java:logGet(43)) - raft.server.log.appender.buffer.byte-limit = 33554432 (custom)
2019-09-11 03:15:29,816 [pool-47-thread-1] INFO  server.RaftServerConfigKeys (ConfUtils.java:logGet(43)) - raft.server.log.segment.size.max = 1048576 (custom)
2019-09-11 03:15:29,816 [pool-77-thread-1] INFO  server.RaftServerConfigKeys (ConfUtils.java:logGet(43)) - raft.server.log.appender.buffer.byte-limit = 33554432 (custom)
2019-09-11 03:15:29,817 [pool-47-thread-1] INFO  server.RaftServerConfigKeys (ConfUtils.java:logGet(43)) - raft.server.log.preallocated.size = 16384 (custom)
2019-09-11 03:15:29,817 [pool-87-thread-1] INFO  server.RaftServerConfigKeys (ConfUtils.java:logGet(43)) - raft.server.log.segment.size.max = 1048576 (custom)
2019-09-11 03:15:29,817 [pool-47-thread-1] INFO  server.RaftServerConfigKeys (ConfUtils.java:logGet(43)) - raft.server.log.write.buffer.size = 33554432 (custom)
2019-09-11 03:15:29,817 [pool-77-thread-1] INFO  server.RaftServerConfigKeys (ConfUtils.java:logGet(43)) - raft.server.log.segment.size.max = 1048576 (custom)
2019-09-11 03:15:29,818 [pool-47-thread-1] INFO  server.RaftServerConfigKeys (ConfUtils.java:logGet(43)) - raft.server.log.force.sync.num = 128 (default)
2019-09-11 03:15:29,818 [pool-87-thread-1] INFO  server.RaftServerConfigKeys (ConfUtils.java:logGet(43)) - raft.server.log.segment.cache.num.max = 2 (custom)
2019-09-11 03:15:29,818 [pool-47-thread-1] INFO  server.RaftServerConfigKeys (ConfUtils.java:logGet(43)) - raft.server.log.statemachine.data.sync = true (default)
2019-09-11 03:15:29,818 [pool-77-thread-1] INFO  server.RaftServerConfigKeys (ConfUtils.java:logGet(43)) - raft.server.log.segment.cache.num.max = 2 (custom)
2019-09-11 03:15:29,818 [pool-47-thread-1] INFO  server.RaftServerConfigKeys (ConfUtils.java:logGet(43)) - raft.server.log.statemachine.data.sync.timeout = 10s (default)
2019-09-11 03:15:29,818 [pool-87-thread-1] INFO  segmented.SegmentedRaftLogWorker (SegmentedRaftLogWorker.java:<init>(172)) - new 67340b07-f44b-4075-83dc-7a68839c1bb0@group-C308026E702E-SegmentedRaftLogWorker for RaftStorage:Storage Directory /workdir/hadoop-ozone/integration-test/target/test-dir/MiniOzoneClusterImpl-ffccced8-c8d8-492e-805a-99618b7a2b29/datanode-6/data/ratis/dc5a121c-a3ce-4c69-b921-c308026e702e
2019-09-11 03:15:29,819 [pool-47-thread-1] INFO  server.RaftServerConfigKeys (ConfUtils.java:logGet(43)) - raft.server.log.statemachine.data.sync.timeout.retry = -1 (default)
2019-09-11 03:15:29,819 [pool-77-thread-1] INFO  segmented.SegmentedRaftLogWorker (SegmentedRaftLogWorker.java:<init>(172)) - new 8c88a939-76a6-48ec-b449-781feab56278@group-C308026E702E-SegmentedRaftLogWorker for RaftStorage:Storage Directory /workdir/hadoop-ozone/integration-test/target/test-dir/MiniOzoneClusterImpl-ffccced8-c8d8-492e-805a-99618b7a2b29/datanode-5/data/ratis/dc5a121c-a3ce-4c69-b921-c308026e702e
2019-09-11 03:15:29,819 [pool-47-thread-1] INFO  server.RaftServerConfigKeys (ConfUtils.java:logGet(43)) - raft.server.log.statemachine.data.caching.enabled = true (custom)
2019-09-11 03:15:29,819 [pool-87-thread-1] INFO  server.RaftServerConfigKeys (ConfUtils.java:logGet(43)) - raft.server.log.queue.byte-limit = 2147483647 (custom)
2019-09-11 03:15:29,819 [pool-77-thread-1] INFO  server.RaftServerConfigKeys (ConfUtils.java:logGet(43)) - raft.server.log.queue.byte-limit = 2147483647 (custom)
2019-09-11 03:15:29,820 [pool-87-thread-1] INFO  server.RaftServerConfigKeys (ConfUtils.java:logGet(43)) - raft.server.log.queue.element-limit = 1024 (custom)
2019-09-11 03:15:29,820 [pool-47-thread-1] INFO  segmented.SegmentedRaftLogWorker (SegmentedRaftLogWorker.java:lambda$new$0(132)) - 06bedc96-d276-4186-804c-441da3383ef1@group-C308026E702E-SegmentedRaftLogWorker: flushIndex: setUnconditionally 0 -> -1
2019-09-11 03:15:29,820 [pool-87-thread-1] INFO  server.RaftServerConfigKeys (ConfUtils.java:logGet(43)) - raft.server.log.segment.size.max = 1048576 (custom)
2019-09-11 03:15:29,820 [pool-77-thread-1] INFO  server.RaftServerConfigKeys (ConfUtils.java:logGet(43)) - raft.server.log.queue.element-limit = 1024 (custom)
2019-09-11 03:15:29,821 [pool-87-thread-1] INFO  server.RaftServerConfigKeys (ConfUtils.java:logGet(43)) - raft.server.log.preallocated.size = 16384 (custom)
2019-09-11 03:15:29,821 [pool-47-thread-1] INFO  server.RaftServerConfigKeys (ConfUtils.java:logGet(43)) - raft.server.snapshot.auto.trigger.enabled = true (custom)
2019-09-11 03:15:29,821 [pool-87-thread-1] INFO  server.RaftServerConfigKeys (ConfUtils.java:logGet(43)) - raft.server.log.write.buffer.size = 33554432 (custom)
2019-09-11 03:15:29,821 [pool-77-thread-1] INFO  server.RaftServerConfigKeys (ConfUtils.java:logGet(43)) - raft.server.log.segment.size.max = 1048576 (custom)
2019-09-11 03:15:29,821 [pool-87-thread-1] INFO  server.RaftServerConfigKeys (ConfUtils.java:logGet(43)) - raft.server.log.force.sync.num = 128 (default)
2019-09-11 03:15:29,821 [pool-47-thread-1] INFO  server.RaftServerConfigKeys (ConfUtils.java:logGet(43)) - raft.server.snapshot.auto.trigger.threshold = 10000 (custom)
2019-09-11 03:15:29,822 [pool-87-thread-1] INFO  server.RaftServerConfigKeys (ConfUtils.java:logGet(43)) - raft.server.log.statemachine.data.sync = true (default)
2019-09-11 03:15:29,821 [pool-77-thread-1] INFO  server.RaftServerConfigKeys (ConfUtils.java:logGet(43)) - raft.server.log.preallocated.size = 16384 (custom)
2019-09-11 03:15:29,822 [pool-87-thread-1] INFO  server.RaftServerConfigKeys (ConfUtils.java:logGet(43)) - raft.server.log.statemachine.data.sync.timeout = 10s (default)
2019-09-11 03:15:29,822 [pool-47-thread-1] INFO  server.RaftServerConfigKeys (ConfUtils.java:logGet(43)) - raft.server.snapshot.retention.num.files = -1 (default)
2019-09-11 03:15:29,822 [pool-87-thread-1] INFO  server.RaftServerConfigKeys (ConfUtils.java:logGet(43)) - raft.server.log.statemachine.data.sync.timeout.retry = -1 (default)
2019-09-11 03:15:29,822 [pool-77-thread-1] INFO  server.RaftServerConfigKeys (ConfUtils.java:logGet(43)) - raft.server.log.write.buffer.size = 33554432 (custom)
2019-09-11 03:15:29,823 [pool-87-thread-1] INFO  server.RaftServerConfigKeys (ConfUtils.java:logGet(43)) - raft.server.log.statemachine.data.caching.enabled = true (custom)
2019-09-11 03:15:29,823 [pool-47-thread-1] INFO  server.RaftServerConfigKeys (ConfUtils.java:logGet(43)) - raft.server.retrycache.expirytime = 600000ms (custom)
2019-09-11 03:15:29,823 [pool-77-thread-1] INFO  server.RaftServerConfigKeys (ConfUtils.java:logGet(43)) - raft.server.log.force.sync.num = 128 (default)
2019-09-11 03:15:29,823 [pool-87-thread-1] INFO  segmented.SegmentedRaftLogWorker (SegmentedRaftLogWorker.java:lambda$new$0(132)) - 67340b07-f44b-4075-83dc-7a68839c1bb0@group-C308026E702E-SegmentedRaftLogWorker: flushIndex: setUnconditionally 0 -> -1
2019-09-11 03:15:29,823 [pool-77-thread-1] INFO  server.RaftServerConfigKeys (ConfUtils.java:logGet(43)) - raft.server.log.statemachine.data.sync = true (default)
2019-09-11 03:15:29,824 [pool-77-thread-1] INFO  server.RaftServerConfigKeys (ConfUtils.java:logGet(43)) - raft.server.log.statemachine.data.sync.timeout = 10s (default)
2019-09-11 03:15:29,824 [pool-87-thread-1] INFO  server.RaftServerConfigKeys (ConfUtils.java:logGet(43)) - raft.server.snapshot.auto.trigger.enabled = true (custom)
2019-09-11 03:15:29,824 [pool-77-thread-1] INFO  server.RaftServerConfigKeys (ConfUtils.java:logGet(43)) - raft.server.log.statemachine.data.sync.timeout.retry = -1 (default)
2019-09-11 03:15:29,824 [pool-87-thread-1] INFO  server.RaftServerConfigKeys (ConfUtils.java:logGet(43)) - raft.server.snapshot.auto.trigger.threshold = 10000 (custom)
2019-09-11 03:15:29,824 [pool-77-thread-1] INFO  server.RaftServerConfigKeys (ConfUtils.java:logGet(43)) - raft.server.log.statemachine.data.caching.enabled = true (custom)
2019-09-11 03:15:29,824 [pool-87-thread-1] INFO  server.RaftServerConfigKeys (ConfUtils.java:logGet(43)) - raft.server.snapshot.retention.num.files = -1 (default)
2019-09-11 03:15:29,825 [pool-77-thread-1] INFO  segmented.SegmentedRaftLogWorker (SegmentedRaftLogWorker.java:lambda$new$0(132)) - 8c88a939-76a6-48ec-b449-781feab56278@group-C308026E702E-SegmentedRaftLogWorker: flushIndex: setUnconditionally 0 -> -1
2019-09-11 03:15:29,825 [pool-87-thread-1] INFO  server.RaftServerConfigKeys (ConfUtils.java:logGet(43)) - raft.server.retrycache.expirytime = 600000ms (custom)
2019-09-11 03:15:29,825 [pool-77-thread-1] INFO  server.RaftServerConfigKeys (ConfUtils.java:logGet(43)) - raft.server.snapshot.auto.trigger.enabled = true (custom)
2019-09-11 03:15:29,825 [pool-77-thread-1] INFO  server.RaftServerConfigKeys (ConfUtils.java:logGet(43)) - raft.server.snapshot.auto.trigger.threshold = 10000 (custom)
2019-09-11 03:15:29,825 [pool-77-thread-1] INFO  server.RaftServerConfigKeys (ConfUtils.java:logGet(43)) - raft.server.snapshot.retention.num.files = -1 (default)
2019-09-11 03:15:29,825 [pool-77-thread-1] INFO  server.RaftServerConfigKeys (ConfUtils.java:logGet(43)) - raft.server.retrycache.expirytime = 600000ms (custom)
2019-09-11 03:15:29,826 [pool-47-thread-1] INFO  impl.RaftServerImpl (RaftServerImpl.java:start(185)) - 06bedc96-d276-4186-804c-441da3383ef1@group-C308026E702E: start as a follower, conf=-1: [06bedc96-d276-4186-804c-441da3383ef1:192.168.34.53:35709, 67340b07-f44b-4075-83dc-7a68839c1bb0:192.168.34.53:40083, 8c88a939-76a6-48ec-b449-781feab56278:192.168.34.53:40431], old=null
2019-09-11 03:15:29,826 [pool-47-thread-1] INFO  impl.RaftServerImpl (RaftServerImpl.java:setRole(174)) - 06bedc96-d276-4186-804c-441da3383ef1@group-C308026E702E: changes role from      null to FOLLOWER at term 0 for startAsFollower
2019-09-11 03:15:29,826 [pool-47-thread-1] INFO  impl.RoleInfo (RoleInfo.java:updateAndGet(143)) - 06bedc96-d276-4186-804c-441da3383ef1: start FollowerState
2019-09-11 03:15:29,827 [pool-47-thread-1] INFO  util.JmxRegister (JmxRegister.java:tryRegister(44)) - Successfully registered JMX Bean with object name Ratis:service=RaftServer,group=group-C308026E702E,id=06bedc96-d276-4186-804c-441da3383ef1
2019-09-11 03:15:29,831 [pool-77-thread-1] INFO  impl.RaftServerImpl (RaftServerImpl.java:start(185)) - 8c88a939-76a6-48ec-b449-781feab56278@group-C308026E702E: start as a follower, conf=-1: [06bedc96-d276-4186-804c-441da3383ef1:192.168.34.53:35709, 67340b07-f44b-4075-83dc-7a68839c1bb0:192.168.34.53:40083, 8c88a939-76a6-48ec-b449-781feab56278:192.168.34.53:40431], old=null
2019-09-11 03:15:29,833 [pool-77-thread-1] INFO  impl.RaftServerImpl (RaftServerImpl.java:setRole(174)) - 8c88a939-76a6-48ec-b449-781feab56278@group-C308026E702E: changes role from      null to FOLLOWER at term 0 for startAsFollower
2019-09-11 03:15:29,834 [pool-77-thread-1] INFO  impl.RoleInfo (RoleInfo.java:updateAndGet(143)) - 8c88a939-76a6-48ec-b449-781feab56278: start FollowerState
2019-09-11 03:15:29,837 [pool-87-thread-1] INFO  impl.RaftServerImpl (RaftServerImpl.java:start(185)) - 67340b07-f44b-4075-83dc-7a68839c1bb0@group-C308026E702E: start as a follower, conf=-1: [06bedc96-d276-4186-804c-441da3383ef1:192.168.34.53:35709, 67340b07-f44b-4075-83dc-7a68839c1bb0:192.168.34.53:40083, 8c88a939-76a6-48ec-b449-781feab56278:192.168.34.53:40431], old=null
2019-09-11 03:15:29,837 [pool-77-thread-1] INFO  util.JmxRegister (JmxRegister.java:tryRegister(44)) - Successfully registered JMX Bean with object name Ratis:service=RaftServer,group=group-C308026E702E,id=8c88a939-76a6-48ec-b449-781feab56278
2019-09-11 03:15:29,838 [pool-87-thread-1] INFO  impl.RaftServerImpl (RaftServerImpl.java:setRole(174)) - 67340b07-f44b-4075-83dc-7a68839c1bb0@group-C308026E702E: changes role from      null to FOLLOWER at term 0 for startAsFollower
2019-09-11 03:15:29,840 [pool-87-thread-1] INFO  impl.RoleInfo (RoleInfo.java:updateAndGet(143)) - 67340b07-f44b-4075-83dc-7a68839c1bb0: start FollowerState
2019-09-11 03:15:29,844 [pool-87-thread-1] INFO  util.JmxRegister (JmxRegister.java:tryRegister(44)) - Successfully registered JMX Bean with object name Ratis:service=RaftServer,group=group-C308026E702E,id=67340b07-f44b-4075-83dc-7a68839c1bb0
2019-09-11 03:15:29,855 [06bedc96-d276-4186-804c-441da3383ef1@group-222B947CC395:LeaderElection2] INFO  segmented.SegmentedRaftLogWorker (SegmentedRaftLogWorker.java:startLogSegment(380)) - 06bedc96-d276-4186-804c-441da3383ef1@group-222B947CC395-SegmentedRaftLogWorker: Starting segment from index:0
2019-09-11 03:15:29,856 [2b261411-8be7-4fb4-994a-6f5681dc75eb@group-4AE345F8CCB3:LeaderElection1] INFO  segmented.SegmentedRaftLogWorker (SegmentedRaftLogWorker.java:startLogSegment(380)) - 2b261411-8be7-4fb4-994a-6f5681dc75eb@group-4AE345F8CCB3-SegmentedRaftLogWorker: Starting segment from index:0
2019-09-11 03:15:29,871 [RatisPipelineUtilsThread] INFO  pipeline.PipelineStateManager (PipelineStateManager.java:addPipeline(56)) - Created pipeline Pipeline[ Id: dc5a121c-a3ce-4c69-b921-c308026e702e, Nodes: 06bedc96-d276-4186-804c-441da3383ef1{ip: 192.168.34.53, host: pr-hdds-2107-sbngl-2106859965, networkLocation: /default-rack, certSerialId: null}8c88a939-76a6-48ec-b449-781feab56278{ip: 192.168.34.53, host: pr-hdds-2107-sbngl-2106859965, networkLocation: /default-rack, certSerialId: null}67340b07-f44b-4075-83dc-7a68839c1bb0{ip: 192.168.34.53, host: pr-hdds-2107-sbngl-2106859965, networkLocation: /default-rack, certSerialId: null}, Type:RATIS, Factor:THREE, State:OPEN]
2019-09-11 03:15:29,894 [06bedc96-d276-4186-804c-441da3383ef1@group-222B947CC395:LeaderElection2] INFO  impl.RaftServerImpl (ServerState.java:setRaftConf(354)) - 06bedc96-d276-4186-804c-441da3383ef1@group-222B947CC395: set configuration 0: [06bedc96-d276-4186-804c-441da3383ef1:192.168.34.53:35709], old=null at 0
2019-09-11 03:15:29,894 [2b261411-8be7-4fb4-994a-6f5681dc75eb@group-4AE345F8CCB3:LeaderElection1] INFO  impl.RaftServerImpl (ServerState.java:setRaftConf(354)) - 2b261411-8be7-4fb4-994a-6f5681dc75eb@group-4AE345F8CCB3: set configuration 0: [2b261411-8be7-4fb4-994a-6f5681dc75eb:192.168.34.53:36245], old=null at 0
2019-09-11 03:15:29,910 [grpc-default-executor-2] INFO  impl.RaftServerProxy (RaftServerProxy.java:addNew(89)) - 53d5fcb5-8117-4632-855b-8768bb6778f7: addNew group-D5F610D5601A:[53d5fcb5-8117-4632-855b-8768bb6778f7:192.168.34.53:34476, 4b2356e4-aaef-4a34-8176-0946a74a854c:192.168.34.53:33321, 6fcf04af-ebca-4852-b73e-87fdd08ef440:192.168.34.53:39264] returns group-D5F610D5601A:java.util.concurrent.CompletableFuture@4659383[Not completed]
2019-09-11 03:15:29,910 [grpc-default-executor-0] INFO  impl.RaftServerProxy (RaftServerProxy.java:addNew(89)) - 6fcf04af-ebca-4852-b73e-87fdd08ef440: addNew group-D5F610D5601A:[53d5fcb5-8117-4632-855b-8768bb6778f7:192.168.34.53:34476, 4b2356e4-aaef-4a34-8176-0946a74a854c:192.168.34.53:33321, 6fcf04af-ebca-4852-b73e-87fdd08ef440:192.168.34.53:39264] returns group-D5F610D5601A:java.util.concurrent.CompletableFuture@b1931d7[Not completed]
2019-09-11 03:15:29,914 [grpc-default-executor-0] INFO  impl.RaftServerProxy (RaftServerProxy.java:addNew(89)) - 4b2356e4-aaef-4a34-8176-0946a74a854c: addNew group-D5F610D5601A:[53d5fcb5-8117-4632-855b-8768bb6778f7:192.168.34.53:34476, 4b2356e4-aaef-4a34-8176-0946a74a854c:192.168.34.53:33321, 6fcf04af-ebca-4852-b73e-87fdd08ef440:192.168.34.53:39264] returns group-D5F610D5601A:java.util.concurrent.CompletableFuture@447292e2[Not completed]
2019-09-11 03:15:29,914 [pool-107-thread-1] INFO  impl.RaftServerImpl (RaftServerImpl.java:<init>(95)) - 53d5fcb5-8117-4632-855b-8768bb6778f7: new RaftServerImpl for group-D5F610D5601A:[53d5fcb5-8117-4632-855b-8768bb6778f7:192.168.34.53:34476, 4b2356e4-aaef-4a34-8176-0946a74a854c:192.168.34.53:33321, 6fcf04af-ebca-4852-b73e-87fdd08ef440:192.168.34.53:39264] with ContainerStateMachine:uninitialized
2019-09-11 03:15:29,914 [pool-107-thread-1] INFO  server.RaftServerConfigKeys (ConfUtils.java:logGet(43)) - raft.server.rpc.timeout.min = 1s (custom)
2019-09-11 03:15:29,914 [pool-107-thread-1] INFO  server.RaftServerConfigKeys (ConfUtils.java:logGet(43)) - raft.server.rpc.timeout.max = 1200ms (custom)
2019-09-11 03:15:29,915 [pool-107-thread-1] INFO  server.RaftServerConfigKeys (ConfUtils.java:logGet(43)) - raft.server.rpcslowness.timeout = 120s (custom)
2019-09-11 03:15:29,915 [pool-107-thread-1] INFO  server.RaftServerConfigKeys (ConfUtils.java:logGet(43)) - raft.server.sleep.deviation.threshold = 300 (default)
2019-09-11 03:15:29,915 [pool-107-thread-1] INFO  server.RaftServerConfigKeys (ConfUtils.java:logGet(43)) - raft.server.log.appender.install.snapshot.enabled = false (custom)
2019-09-11 03:15:29,915 [pool-97-thread-1] INFO  impl.RaftServerImpl (RaftServerImpl.java:<init>(95)) - 6fcf04af-ebca-4852-b73e-87fdd08ef440: new RaftServerImpl for group-D5F610D5601A:[53d5fcb5-8117-4632-855b-8768bb6778f7:192.168.34.53:34476, 4b2356e4-aaef-4a34-8176-0946a74a854c:192.168.34.53:33321, 6fcf04af-ebca-4852-b73e-87fdd08ef440:192.168.34.53:39264] with ContainerStateMachine:uninitialized
2019-09-11 03:15:29,915 [pool-107-thread-1] INFO  impl.RaftServerImpl (ServerState.java:<init>(103)) - 53d5fcb5-8117-4632-855b-8768bb6778f7@group-D5F610D5601A: ConfigurationManager, init=-1: [53d5fcb5-8117-4632-855b-8768bb6778f7:192.168.34.53:34476, 4b2356e4-aaef-4a34-8176-0946a74a854c:192.168.34.53:33321, 6fcf04af-ebca-4852-b73e-87fdd08ef440:192.168.34.53:39264], old=null, confs=<EMPTY_MAP>
2019-09-11 03:15:29,915 [pool-97-thread-1] INFO  server.RaftServerConfigKeys (ConfUtils.java:logGet(43)) - raft.server.rpc.timeout.min = 1s (custom)
2019-09-11 03:15:29,915 [pool-107-thread-1] INFO  server.RaftServerConfigKeys (ConfUtils.java:logGet(43)) - raft.server.storage.dir = [/workdir/hadoop-ozone/integration-test/target/test-dir/MiniOzoneClusterImpl-ffccced8-c8d8-492e-805a-99618b7a2b29/datanode-8/data/ratis] (custom)
2019-09-11 03:15:29,915 [pool-97-thread-1] INFO  server.RaftServerConfigKeys (ConfUtils.java:logGet(43)) - raft.server.rpc.timeout.max = 1200ms (custom)
2019-09-11 03:15:29,916 [pool-97-thread-1] INFO  server.RaftServerConfigKeys (ConfUtils.java:logGet(43)) - raft.server.rpcslowness.timeout = 120s (custom)
2019-09-11 03:15:29,916 [pool-97-thread-1] INFO  server.RaftServerConfigKeys (ConfUtils.java:logGet(43)) - raft.server.sleep.deviation.threshold = 300 (default)
2019-09-11 03:15:29,916 [pool-117-thread-1] INFO  impl.RaftServerImpl (RaftServerImpl.java:<init>(95)) - 4b2356e4-aaef-4a34-8176-0946a74a854c: new RaftServerImpl for group-D5F610D5601A:[53d5fcb5-8117-4632-855b-8768bb6778f7:192.168.34.53:34476, 4b2356e4-aaef-4a34-8176-0946a74a854c:192.168.34.53:33321, 6fcf04af-ebca-4852-b73e-87fdd08ef440:192.168.34.53:39264] with ContainerStateMachine:uninitialized
2019-09-11 03:15:29,916 [pool-97-thread-1] INFO  server.RaftServerConfigKeys (ConfUtils.java:logGet(43)) - raft.server.log.appender.install.snapshot.enabled = false (custom)
2019-09-11 03:15:29,916 [pool-107-thread-1] INFO  storage.RaftStorageDirectory (RaftStorageDirectory.java:analyzeStorage(246)) - The storage directory /workdir/hadoop-ozone/integration-test/target/test-dir/MiniOzoneClusterImpl-ffccced8-c8d8-492e-805a-99618b7a2b29/datanode-8/data/ratis/ffedfa37-5d60-4482-8bbe-d5f610d5601a does not exist. Creating ...
2019-09-11 03:15:29,916 [pool-97-thread-1] INFO  impl.RaftServerImpl (ServerState.java:<init>(103)) - 6fcf04af-ebca-4852-b73e-87fdd08ef440@group-D5F610D5601A: ConfigurationManager, init=-1: [53d5fcb5-8117-4632-855b-8768bb6778f7:192.168.34.53:34476, 4b2356e4-aaef-4a34-8176-0946a74a854c:192.168.34.53:33321, 6fcf04af-ebca-4852-b73e-87fdd08ef440:192.168.34.53:39264], old=null, confs=<EMPTY_MAP>
2019-09-11 03:15:29,916 [pool-117-thread-1] INFO  server.RaftServerConfigKeys (ConfUtils.java:logGet(43)) - raft.server.rpc.timeout.min = 1s (custom)
2019-09-11 03:15:29,917 [pool-97-thread-1] INFO  server.RaftServerConfigKeys (ConfUtils.java:logGet(43)) - raft.server.storage.dir = [/workdir/hadoop-ozone/integration-test/target/test-dir/MiniOzoneClusterImpl-ffccced8-c8d8-492e-805a-99618b7a2b29/datanode-7/data/ratis] (custom)
2019-09-11 03:15:29,917 [pool-117-thread-1] INFO  server.RaftServerConfigKeys (ConfUtils.java:logGet(43)) - raft.server.rpc.timeout.max = 1200ms (custom)
2019-09-11 03:15:29,917 [pool-117-thread-1] INFO  server.RaftServerConfigKeys (ConfUtils.java:logGet(43)) - raft.server.rpcslowness.timeout = 120s (custom)
2019-09-11 03:15:29,917 [pool-117-thread-1] INFO  server.RaftServerConfigKeys (ConfUtils.java:logGet(43)) - raft.server.sleep.deviation.threshold = 300 (default)
2019-09-11 03:15:29,917 [pool-97-thread-1] INFO  storage.RaftStorageDirectory (RaftStorageDirectory.java:analyzeStorage(246)) - The storage directory /workdir/hadoop-ozone/integration-test/target/test-dir/MiniOzoneClusterImpl-ffccced8-c8d8-492e-805a-99618b7a2b29/datanode-7/data/ratis/ffedfa37-5d60-4482-8bbe-d5f610d5601a does not exist. Creating ...
2019-09-11 03:15:29,917 [pool-117-thread-1] INFO  server.RaftServerConfigKeys (ConfUtils.java:logGet(43)) - raft.server.log.appender.install.snapshot.enabled = false (custom)
2019-09-11 03:15:29,917 [pool-117-thread-1] INFO  impl.RaftServerImpl (ServerState.java:<init>(103)) - 4b2356e4-aaef-4a34-8176-0946a74a854c@group-D5F610D5601A: ConfigurationManager, init=-1: [53d5fcb5-8117-4632-855b-8768bb6778f7:192.168.34.53:34476, 4b2356e4-aaef-4a34-8176-0946a74a854c:192.168.34.53:33321, 6fcf04af-ebca-4852-b73e-87fdd08ef440:192.168.34.53:39264], old=null, confs=<EMPTY_MAP>
2019-09-11 03:15:29,918 [pool-117-thread-1] INFO  server.RaftServerConfigKeys (ConfUtils.java:logGet(43)) - raft.server.storage.dir = [/workdir/hadoop-ozone/integration-test/target/test-dir/MiniOzoneClusterImpl-ffccced8-c8d8-492e-805a-99618b7a2b29/datanode-9/data/ratis] (custom)
2019-09-11 03:15:29,918 [pool-117-thread-1] INFO  storage.RaftStorageDirectory (RaftStorageDirectory.java:analyzeStorage(246)) - The storage directory /workdir/hadoop-ozone/integration-test/target/test-dir/MiniOzoneClusterImpl-ffccced8-c8d8-492e-805a-99618b7a2b29/datanode-9/data/ratis/ffedfa37-5d60-4482-8bbe-d5f610d5601a does not exist. Creating ...
2019-09-11 03:15:29,924 [Thread-291] INFO  impl.FollowerState (FollowerState.java:run(106)) - 8c88a939-76a6-48ec-b449-781feab56278:group-8A73FA440246 changes to CANDIDATE, lastRpcTime:1074, electionTimeout:1074ms
2019-09-11 03:15:29,924 [Thread-291] INFO  impl.RoleInfo (RoleInfo.java:shutdownFollowerState(121)) - 8c88a939-76a6-48ec-b449-781feab56278: shutdown FollowerState
2019-09-11 03:15:29,924 [Thread-291] INFO  impl.RaftServerImpl (RaftServerImpl.java:setRole(174)) - 8c88a939-76a6-48ec-b449-781feab56278@group-8A73FA440246: changes role from  FOLLOWER to CANDIDATE at term 0 for changeToCandidate
2019-09-11 03:15:29,925 [Thread-291] INFO  impl.RoleInfo (RoleInfo.java:updateAndGet(143)) - 8c88a939-76a6-48ec-b449-781feab56278: start LeaderElection
2019-09-11 03:15:29,931 [pool-117-thread-1] INFO  storage.RaftStorageDirectory (RaftStorageDirectory.java:tryLock(328)) - Lock on /workdir/hadoop-ozone/integration-test/target/test-dir/MiniOzoneClusterImpl-ffccced8-c8d8-492e-805a-99618b7a2b29/datanode-9/data/ratis/ffedfa37-5d60-4482-8bbe-d5f610d5601a/in_use.lock acquired by nodename 13095@pr-hdds-2107-sbngl-2106859965
2019-09-11 03:15:29,931 [pool-107-thread-1] INFO  storage.RaftStorageDirectory (RaftStorageDirectory.java:tryLock(328)) - Lock on /workdir/hadoop-ozone/integration-test/target/test-dir/MiniOzoneClusterImpl-ffccced8-c8d8-492e-805a-99618b7a2b29/datanode-8/data/ratis/ffedfa37-5d60-4482-8bbe-d5f610d5601a/in_use.lock acquired by nodename 13095@pr-hdds-2107-sbngl-2106859965
2019-09-11 03:15:29,931 [pool-97-thread-1] INFO  storage.RaftStorageDirectory (RaftStorageDirectory.java:tryLock(328)) - Lock on /workdir/hadoop-ozone/integration-test/target/test-dir/MiniOzoneClusterImpl-ffccced8-c8d8-492e-805a-99618b7a2b29/datanode-7/data/ratis/ffedfa37-5d60-4482-8bbe-d5f610d5601a/in_use.lock acquired by nodename 13095@pr-hdds-2107-sbngl-2106859965
2019-09-11 03:15:29,945 [pool-117-thread-1] INFO  storage.RaftStorage (RaftStorage.java:format(72)) - Storage directory /workdir/hadoop-ozone/integration-test/target/test-dir/MiniOzoneClusterImpl-ffccced8-c8d8-492e-805a-99618b7a2b29/datanode-9/data/ratis/ffedfa37-5d60-4482-8bbe-d5f610d5601a has been successfully formatted.
2019-09-11 03:15:29,945 [8c88a939-76a6-48ec-b449-781feab56278@group-8A73FA440246:LeaderElection3] INFO  impl.LeaderElection (LeaderElection.java:askForVotes(182)) - 8c88a939-76a6-48ec-b449-781feab56278@group-8A73FA440246:LeaderElection3: begin an election at term 1 for -1: [8c88a939-76a6-48ec-b449-781feab56278:192.168.34.53:40431], old=null
2019-09-11 03:15:29,945 [pool-97-thread-1] INFO  storage.RaftStorage (RaftStorage.java:format(72)) - Storage directory /workdir/hadoop-ozone/integration-test/target/test-dir/MiniOzoneClusterImpl-ffccced8-c8d8-492e-805a-99618b7a2b29/datanode-7/data/ratis/ffedfa37-5d60-4482-8bbe-d5f610d5601a has been successfully formatted.
2019-09-11 03:15:29,945 [pool-107-thread-1] INFO  storage.RaftStorage (RaftStorage.java:format(72)) - Storage directory /workdir/hadoop-ozone/integration-test/target/test-dir/MiniOzoneClusterImpl-ffccced8-c8d8-492e-805a-99618b7a2b29/datanode-8/data/ratis/ffedfa37-5d60-4482-8bbe-d5f610d5601a has been successfully formatted.
2019-09-11 03:15:29,945 [8c88a939-76a6-48ec-b449-781feab56278@group-8A73FA440246:LeaderElection3] INFO  impl.RoleInfo (RoleInfo.java:shutdownLeaderElection(134)) - 8c88a939-76a6-48ec-b449-781feab56278: shutdown LeaderElection
2019-09-11 03:15:29,945 [pool-117-thread-1] INFO  ratis.ContainerStateMachine (ContainerStateMachine.java:loadSnapshot(230)) - group-D5F610D5601A: The snapshot info is null. Setting the last applied indexto:(t:0, i:~)
2019-09-11 03:15:29,946 [8c88a939-76a6-48ec-b449-781feab56278@group-8A73FA440246:LeaderElection3] INFO  impl.RaftServerImpl (RaftServerImpl.java:setRole(174)) - 8c88a939-76a6-48ec-b449-781feab56278@group-8A73FA440246: changes role from CANDIDATE to LEADER at term 1 for changeToLeader
2019-09-11 03:15:29,946 [pool-107-thread-1] INFO  ratis.ContainerStateMachine (ContainerStateMachine.java:loadSnapshot(230)) - group-D5F610D5601A: The snapshot info is null. Setting the last applied indexto:(t:0, i:~)
2019-09-11 03:15:29,946 [pool-97-thread-1] INFO  ratis.ContainerStateMachine (ContainerStateMachine.java:loadSnapshot(230)) - group-D5F610D5601A: The snapshot info is null. Setting the last applied indexto:(t:0, i:~)
2019-09-11 03:15:29,946 [pool-107-thread-1] INFO  server.RaftServerConfigKeys (ConfUtils.java:logGet(43)) - raft.server.notification.no-leader.timeout = 120s (custom)
2019-09-11 03:15:29,946 [8c88a939-76a6-48ec-b449-781feab56278@group-8A73FA440246:LeaderElection3] INFO  impl.RaftServerImpl (ServerState.java:setLeader(253)) - 8c88a939-76a6-48ec-b449-781feab56278@group-8A73FA440246: change Leader from null to 8c88a939-76a6-48ec-b449-781feab56278 at term 1 for becomeLeader, leader elected after 1174ms
2019-09-11 03:15:29,946 [pool-117-thread-1] INFO  server.RaftServerConfigKeys (ConfUtils.java:logGet(43)) - raft.server.notification.no-leader.timeout = 120s (custom)
2019-09-11 03:15:29,947 [8c88a939-76a6-48ec-b449-781feab56278@group-8A73FA440246:LeaderElection3] INFO  server.RaftServerConfigKeys (ConfUtils.java:logGet(43)) - raft.server.staging.catchup.gap = 1000 (default)
2019-09-11 03:15:29,947 [pool-107-thread-1] INFO  server.RaftServerConfigKeys (ConfUtils.java:logGet(43)) - raft.server.log.use.memory = false (default)
2019-09-11 03:15:29,946 [pool-97-thread-1] INFO  server.RaftServerConfigKeys (ConfUtils.java:logGet(43)) - raft.server.notification.no-leader.timeout = 120s (custom)
2019-09-11 03:15:29,947 [pool-107-thread-1] INFO  server.RaftServerConfigKeys (ConfUtils.java:logGet(43)) - raft.server.log.purge.gap = 1000000 (custom)
2019-09-11 03:15:29,947 [8c88a939-76a6-48ec-b449-781feab56278@group-8A73FA440246:LeaderElection3] INFO  server.RaftServerConfigKeys (ConfUtils.java:logGet(43)) - raft.server.rpc.sleep.time = 25ms (default)
2019-09-11 03:15:29,947 [pool-117-thread-1] INFO  server.RaftServerConfigKeys (ConfUtils.java:logGet(43)) - raft.server.log.use.memory = false (default)
2019-09-11 03:15:29,947 [pool-107-thread-1] INFO  server.RaftServerConfigKeys (ConfUtils.java:logGet(43)) - raft.server.log.appender.buffer.byte-limit = 33554432 (custom)
2019-09-11 03:15:29,947 [pool-97-thread-1] INFO  server.RaftServerConfigKeys (ConfUtils.java:logGet(43)) - raft.server.log.use.memory = false (default)
2019-09-11 03:15:29,948 [pool-107-thread-1] INFO  server.RaftServerConfigKeys (ConfUtils.java:logGet(43)) - raft.server.log.segment.size.max = 1048576 (custom)
2019-09-11 03:15:29,948 [pool-117-thread-1] INFO  server.RaftServerConfigKeys (ConfUtils.java:logGet(43)) - raft.server.log.purge.gap = 1000000 (custom)
2019-09-11 03:15:29,948 [8c88a939-76a6-48ec-b449-781feab56278@group-8A73FA440246:LeaderElection3] INFO  server.RaftServerConfigKeys (ConfUtils.java:logGet(43)) - raft.server.write.element-limit = 4096 (default)
2019-09-11 03:15:29,948 [pool-117-thread-1] INFO  server.RaftServerConfigKeys (ConfUtils.java:logGet(43)) - raft.server.log.appender.buffer.byte-limit = 33554432 (custom)
2019-09-11 03:15:29,948 [pool-107-thread-1] INFO  server.RaftServerConfigKeys (ConfUtils.java:logGet(43)) - raft.server.log.segment.cache.num.max = 2 (custom)
2019-09-11 03:15:29,948 [pool-97-thread-1] INFO  server.RaftServerConfigKeys (ConfUtils.java:logGet(43)) - raft.server.log.purge.gap = 1000000 (custom)
2019-09-11 03:15:29,949 [pool-107-thread-1] INFO  segmented.SegmentedRaftLogWorker (SegmentedRaftLogWorker.java:<init>(172)) - new 53d5fcb5-8117-4632-855b-8768bb6778f7@group-D5F610D5601A-SegmentedRaftLogWorker for RaftStorage:Storage Directory /workdir/hadoop-ozone/integration-test/target/test-dir/MiniOzoneClusterImpl-ffccced8-c8d8-492e-805a-99618b7a2b29/datanode-8/data/ratis/ffedfa37-5d60-4482-8bbe-d5f610d5601a
2019-09-11 03:15:29,949 [pool-117-thread-1] INFO  server.RaftServerConfigKeys (ConfUtils.java:logGet(43)) - raft.server.log.segment.size.max = 1048576 (custom)
2019-09-11 03:15:29,949 [8c88a939-76a6-48ec-b449-781feab56278@group-8A73FA440246:LeaderElection3] INFO  server.RaftServerConfigKeys (ConfUtils.java:logGet(43)) - raft.server.watch.timeout = 10s (default)
2019-09-11 03:15:29,949 [pool-117-thread-1] INFO  server.RaftServerConfigKeys (ConfUtils.java:logGet(43)) - raft.server.log.segment.cache.num.max = 2 (custom)
2019-09-11 03:15:29,949 [pool-107-thread-1] INFO  server.RaftServerConfigKeys (ConfUtils.java:logGet(43)) - raft.server.log.queue.byte-limit = 2147483647 (custom)
2019-09-11 03:15:29,949 [pool-97-thread-1] INFO  server.RaftServerConfigKeys (ConfUtils.java:logGet(43)) - raft.server.log.appender.buffer.byte-limit = 33554432 (custom)
2019-09-11 03:15:29,950 [pool-107-thread-1] INFO  server.RaftServerConfigKeys (ConfUtils.java:logGet(43)) - raft.server.log.queue.element-limit = 1024 (custom)
2019-09-11 03:15:29,950 [pool-117-thread-1] INFO  segmented.SegmentedRaftLogWorker (SegmentedRaftLogWorker.java:<init>(172)) - new 4b2356e4-aaef-4a34-8176-0946a74a854c@group-D5F610D5601A-SegmentedRaftLogWorker for RaftStorage:Storage Directory /workdir/hadoop-ozone/integration-test/target/test-dir/MiniOzoneClusterImpl-ffccced8-c8d8-492e-805a-99618b7a2b29/datanode-9/data/ratis/ffedfa37-5d60-4482-8bbe-d5f610d5601a
2019-09-11 03:15:29,950 [8c88a939-76a6-48ec-b449-781feab56278@group-8A73FA440246:LeaderElection3] INFO  server.RaftServerConfigKeys (ConfUtils.java:logGet(43)) - raft.server.watch.timeout.denomination = 1s (default)
2019-09-11 03:15:29,950 [pool-117-thread-1] INFO  server.RaftServerConfigKeys (ConfUtils.java:logGet(43)) - raft.server.log.queue.byte-limit = 2147483647 (custom)
2019-09-11 03:15:29,950 [pool-107-thread-1] INFO  server.RaftServerConfigKeys (ConfUtils.java:logGet(43)) - raft.server.log.segment.size.max = 1048576 (custom)
2019-09-11 03:15:29,950 [pool-97-thread-1] INFO  server.RaftServerConfigKeys (ConfUtils.java:logGet(43)) - raft.server.log.segment.size.max = 1048576 (custom)
2019-09-11 03:15:29,951 [pool-107-thread-1] INFO  server.RaftServerConfigKeys (ConfUtils.java:logGet(43)) - raft.server.log.preallocated.size = 16384 (custom)
2019-09-11 03:15:29,951 [pool-117-thread-1] INFO  server.RaftServerConfigKeys (ConfUtils.java:logGet(43)) - raft.server.log.queue.element-limit = 1024 (custom)
2019-09-11 03:15:29,951 [8c88a939-76a6-48ec-b449-781feab56278@group-8A73FA440246:LeaderElection3] INFO  server.RaftServerConfigKeys (ConfUtils.java:logGet(43)) - raft.server.watch.element-limit = 65536 (default)
2019-09-11 03:15:29,951 [pool-117-thread-1] INFO  server.RaftServerConfigKeys (ConfUtils.java:logGet(43)) - raft.server.log.segment.size.max = 1048576 (custom)
2019-09-11 03:15:29,952 [pool-117-thread-1] INFO  server.RaftServerConfigKeys (ConfUtils.java:logGet(43)) - raft.server.log.preallocated.size = 16384 (custom)
2019-09-11 03:15:29,951 [pool-97-thread-1] INFO  server.RaftServerConfigKeys (ConfUtils.java:logGet(43)) - raft.server.log.segment.cache.num.max = 2 (custom)
2019-09-11 03:15:29,951 [pool-107-thread-1] INFO  server.RaftServerConfigKeys (ConfUtils.java:logGet(43)) - raft.server.log.write.buffer.size = 33554432 (custom)
2019-09-11 03:15:29,952 [pool-97-thread-1] INFO  segmented.SegmentedRaftLogWorker (SegmentedRaftLogWorker.java:<init>(172)) - new 6fcf04af-ebca-4852-b73e-87fdd08ef440@group-D5F610D5601A-SegmentedRaftLogWorker for RaftStorage:Storage Directory /workdir/hadoop-ozone/integration-test/target/test-dir/MiniOzoneClusterImpl-ffccced8-c8d8-492e-805a-99618b7a2b29/datanode-7/data/ratis/ffedfa37-5d60-4482-8bbe-d5f610d5601a
2019-09-11 03:15:29,952 [pool-117-thread-1] INFO  server.RaftServerConfigKeys (ConfUtils.java:logGet(43)) - raft.server.log.write.buffer.size = 33554432 (custom)
2019-09-11 03:15:29,952 [pool-97-thread-1] INFO  server.RaftServerConfigKeys (ConfUtils.java:logGet(43)) - raft.server.log.queue.byte-limit = 2147483647 (custom)
2019-09-11 03:15:29,952 [pool-107-thread-1] INFO  server.RaftServerConfigKeys (ConfUtils.java:logGet(43)) - raft.server.log.force.sync.num = 128 (default)
2019-09-11 03:15:29,953 [pool-97-thread-1] INFO  server.RaftServerConfigKeys (ConfUtils.java:logGet(43)) - raft.server.log.queue.element-limit = 1024 (custom)
2019-09-11 03:15:29,952 [pool-117-thread-1] INFO  server.RaftServerConfigKeys (ConfUtils.java:logGet(43)) - raft.server.log.force.sync.num = 128 (default)
2019-09-11 03:15:29,953 [pool-97-thread-1] INFO  server.RaftServerConfigKeys (ConfUtils.java:logGet(43)) - raft.server.log.segment.size.max = 1048576 (custom)
2019-09-11 03:15:29,953 [pool-107-thread-1] INFO  server.RaftServerConfigKeys (ConfUtils.java:logGet(43)) - raft.server.log.statemachine.data.sync = true (default)
2019-09-11 03:15:29,953 [pool-97-thread-1] INFO  server.RaftServerConfigKeys (ConfUtils.java:logGet(43)) - raft.server.log.preallocated.size = 16384 (custom)
2019-09-11 03:15:29,953 [pool-117-thread-1] INFO  server.RaftServerConfigKeys (ConfUtils.java:logGet(43)) - raft.server.log.statemachine.data.sync = true (default)
2019-09-11 03:15:29,953 [pool-97-thread-1] INFO  server.RaftServerConfigKeys (ConfUtils.java:logGet(43)) - raft.server.log.write.buffer.size = 33554432 (custom)
2019-09-11 03:15:29,953 [pool-107-thread-1] INFO  server.RaftServerConfigKeys (ConfUtils.java:logGet(43)) - raft.server.log.statemachine.data.sync.timeout = 10s (default)
2019-09-11 03:15:29,954 [8c88a939-76a6-48ec-b449-781feab56278@group-8A73FA440246:LeaderElection3] INFO  impl.RoleInfo (RoleInfo.java:updateAndGet(143)) - 8c88a939-76a6-48ec-b449-781feab56278: start LeaderState
2019-09-11 03:15:29,954 [pool-97-thread-1] INFO  server.RaftServerConfigKeys (ConfUtils.java:logGet(43)) - raft.server.log.force.sync.num = 128 (default)
2019-09-11 03:15:29,954 [pool-117-thread-1] INFO  server.RaftServerConfigKeys (ConfUtils.java:logGet(43)) - raft.server.log.statemachine.data.sync.timeout = 10s (default)
2019-09-11 03:15:29,954 [pool-97-thread-1] INFO  server.RaftServerConfigKeys (ConfUtils.java:logGet(43)) - raft.server.log.statemachine.data.sync = true (default)
2019-09-11 03:15:29,954 [8c88a939-76a6-48ec-b449-781feab56278@group-8A73FA440246:LeaderElection3] INFO  segmented.SegmentedRaftLogWorker (SegmentedRaftLogWorker.java:startLogSegment(380)) - 8c88a939-76a6-48ec-b449-781feab56278@group-8A73FA440246-SegmentedRaftLogWorker: Starting segment from index:0
2019-09-11 03:15:29,954 [pool-107-thread-1] INFO  server.RaftServerConfigKeys (ConfUtils.java:logGet(43)) - raft.server.log.statemachine.data.sync.timeout.retry = -1 (default)
2019-09-11 03:15:29,955 [pool-97-thread-1] INFO  server.RaftServerConfigKeys (ConfUtils.java:logGet(43)) - raft.server.log.statemachine.data.sync.timeout = 10s (default)
2019-09-11 03:15:29,954 [pool-117-thread-1] INFO  server.RaftServerConfigKeys (ConfUtils.java:logGet(43)) - raft.server.log.statemachine.data.sync.timeout.retry = -1 (default)
2019-09-11 03:15:29,955 [pool-97-thread-1] INFO  server.RaftServerConfigKeys (ConfUtils.java:logGet(43)) - raft.server.log.statemachine.data.sync.timeout.retry = -1 (default)
2019-09-11 03:15:29,955 [pool-107-thread-1] INFO  server.RaftServerConfigKeys (ConfUtils.java:logGet(43)) - raft.server.log.statemachine.data.caching.enabled = true (custom)
2019-09-11 03:15:29,955 [8c88a939-76a6-48ec-b449-781feab56278@group-8A73FA440246:LeaderElection3] INFO  impl.RaftServerImpl (ServerState.java:setRaftConf(354)) - 8c88a939-76a6-48ec-b449-781feab56278@group-8A73FA440246: set configuration 0: [8c88a939-76a6-48ec-b449-781feab56278:192.168.34.53:40431], old=null at 0
2019-09-11 03:15:29,956 [pool-97-thread-1] INFO  server.RaftServerConfigKeys (ConfUtils.java:logGet(43)) - raft.server.log.statemachine.data.caching.enabled = true (custom)
2019-09-11 03:15:29,957 [Thread-294] INFO  impl.FollowerState (FollowerState.java:run(106)) - 67340b07-f44b-4075-83dc-7a68839c1bb0:group-9386765A5FEE changes to CANDIDATE, lastRpcTime:1000, electionTimeout:1000ms
2019-09-11 03:15:29,955 [pool-117-thread-1] INFO  server.RaftServerConfigKeys (ConfUtils.java:logGet(43)) - raft.server.log.statemachine.data.caching.enabled = true (custom)
2019-09-11 03:15:29,958 [Thread-294] INFO  impl.RoleInfo (RoleInfo.java:shutdownFollowerState(121)) - 67340b07-f44b-4075-83dc-7a68839c1bb0: shutdown FollowerState
2019-09-11 03:15:29,958 [pool-107-thread-1] INFO  segmented.SegmentedRaftLogWorker (SegmentedRaftLogWorker.java:lambda$new$0(132)) - 53d5fcb5-8117-4632-855b-8768bb6778f7@group-D5F610D5601A-SegmentedRaftLogWorker: flushIndex: setUnconditionally 0 -> -1
2019-09-11 03:15:29,958 [pool-117-thread-1] INFO  segmented.SegmentedRaftLogWorker (SegmentedRaftLogWorker.java:lambda$new$0(132)) - 4b2356e4-aaef-4a34-8176-0946a74a854c@group-D5F610D5601A-SegmentedRaftLogWorker: flushIndex: setUnconditionally 0 -> -1
2019-09-11 03:15:29,958 [Thread-294] INFO  impl.RaftServerImpl (RaftServerImpl.java:setRole(174)) - 67340b07-f44b-4075-83dc-7a68839c1bb0@group-9386765A5FEE: changes role from  FOLLOWER to CANDIDATE at term 0 for changeToCandidate
2019-09-11 03:15:29,958 [pool-97-thread-1] INFO  segmented.SegmentedRaftLogWorker (SegmentedRaftLogWorker.java:lambda$new$0(132)) - 6fcf04af-ebca-4852-b73e-87fdd08ef440@group-D5F610D5601A-SegmentedRaftLogWorker: flushIndex: setUnconditionally 0 -> -1
2019-09-11 03:15:29,958 [Thread-294] INFO  impl.RoleInfo (RoleInfo.java:updateAndGet(143)) - 67340b07-f44b-4075-83dc-7a68839c1bb0: start LeaderElection
2019-09-11 03:15:29,958 [pool-117-thread-1] INFO  server.RaftServerConfigKeys (ConfUtils.java:logGet(43)) - raft.server.snapshot.auto.trigger.enabled = true (custom)
2019-09-11 03:15:29,958 [pool-107-thread-1] INFO  server.RaftServerConfigKeys (ConfUtils.java:logGet(43)) - raft.server.snapshot.auto.trigger.enabled = true (custom)
2019-09-11 03:15:29,959 [pool-97-thread-1] INFO  server.RaftServerConfigKeys (ConfUtils.java:logGet(43)) - raft.server.snapshot.auto.trigger.enabled = true (custom)
2019-09-11 03:15:29,959 [pool-117-thread-1] INFO  server.RaftServerConfigKeys (ConfUtils.java:logGet(43)) - raft.server.snapshot.auto.trigger.threshold = 10000 (custom)
2019-09-11 03:15:29,959 [pool-107-thread-1] INFO  server.RaftServerConfigKeys (ConfUtils.java:logGet(43)) - raft.server.snapshot.auto.trigger.threshold = 10000 (custom)
2019-09-11 03:15:29,964 [pool-97-thread-1] INFO  server.RaftServerConfigKeys (ConfUtils.java:logGet(43)) - raft.server.snapshot.auto.trigger.threshold = 10000 (custom)
2019-09-11 03:15:29,964 [pool-117-thread-1] INFO  server.RaftServerConfigKeys (ConfUtils.java:logGet(43)) - raft.server.snapshot.retention.num.files = -1 (default)
2019-09-11 03:15:29,964 [pool-97-thread-1] INFO  server.RaftServerConfigKeys (ConfUtils.java:logGet(43)) - raft.server.snapshot.retention.num.files = -1 (default)
2019-09-11 03:15:29,964 [pool-107-thread-1] INFO  server.RaftServerConfigKeys (ConfUtils.java:logGet(43)) - raft.server.snapshot.retention.num.files = -1 (default)
2019-09-11 03:15:29,965 [pool-117-thread-1] INFO  server.RaftServerConfigKeys (ConfUtils.java:logGet(43)) - raft.server.retrycache.expirytime = 600000ms (custom)
2019-09-11 03:15:29,965 [pool-107-thread-1] INFO  server.RaftServerConfigKeys (ConfUtils.java:logGet(43)) - raft.server.retrycache.expirytime = 600000ms (custom)
2019-09-11 03:15:29,965 [pool-97-thread-1] INFO  server.RaftServerConfigKeys (ConfUtils.java:logGet(43)) - raft.server.retrycache.expirytime = 600000ms (custom)
2019-09-11 03:15:29,969 [pool-117-thread-1] INFO  impl.RaftServerImpl (RaftServerImpl.java:start(185)) - 4b2356e4-aaef-4a34-8176-0946a74a854c@group-D5F610D5601A: start as a follower, conf=-1: [53d5fcb5-8117-4632-855b-8768bb6778f7:192.168.34.53:34476, 4b2356e4-aaef-4a34-8176-0946a74a854c:192.168.34.53:33321, 6fcf04af-ebca-4852-b73e-87fdd08ef440:192.168.34.53:39264], old=null
2019-09-11 03:15:29,969 [pool-117-thread-1] INFO  impl.RaftServerImpl (RaftServerImpl.java:setRole(174)) - 4b2356e4-aaef-4a34-8176-0946a74a854c@group-D5F610D5601A: changes role from      null to FOLLOWER at term 0 for startAsFollower
2019-09-11 03:15:29,969 [pool-117-thread-1] INFO  impl.RoleInfo (RoleInfo.java:updateAndGet(143)) - 4b2356e4-aaef-4a34-8176-0946a74a854c: start FollowerState
2019-09-11 03:15:29,969 [pool-117-thread-1] INFO  util.JmxRegister (JmxRegister.java:tryRegister(44)) - Successfully registered JMX Bean with object name Ratis:service=RaftServer,group=group-D5F610D5601A,id=4b2356e4-aaef-4a34-8176-0946a74a854c
2019-09-11 03:15:29,970 [pool-107-thread-1] INFO  impl.RaftServerImpl (RaftServerImpl.java:start(185)) - 53d5fcb5-8117-4632-855b-8768bb6778f7@group-D5F610D5601A: start as a follower, conf=-1: [53d5fcb5-8117-4632-855b-8768bb6778f7:192.168.34.53:34476, 4b2356e4-aaef-4a34-8176-0946a74a854c:192.168.34.53:33321, 6fcf04af-ebca-4852-b73e-87fdd08ef440:192.168.34.53:39264], old=null
2019-09-11 03:15:29,970 [pool-97-thread-1] INFO  impl.RaftServerImpl (RaftServerImpl.java:start(185)) - 6fcf04af-ebca-4852-b73e-87fdd08ef440@group-D5F610D5601A: start as a follower, conf=-1: [53d5fcb5-8117-4632-855b-8768bb6778f7:192.168.34.53:34476, 4b2356e4-aaef-4a34-8176-0946a74a854c:192.168.34.53:33321, 6fcf04af-ebca-4852-b73e-87fdd08ef440:192.168.34.53:39264], old=null
2019-09-11 03:15:29,970 [pool-107-thread-1] INFO  impl.RaftServerImpl (RaftServerImpl.java:setRole(174)) - 53d5fcb5-8117-4632-855b-8768bb6778f7@group-D5F610D5601A: changes role from      null to FOLLOWER at term 0 for startAsFollower
2019-09-11 03:15:29,970 [pool-97-thread-1] INFO  impl.RaftServerImpl (RaftServerImpl.java:setRole(174)) - 6fcf04af-ebca-4852-b73e-87fdd08ef440@group-D5F610D5601A: changes role from      null to FOLLOWER at term 0 for startAsFollower
2019-09-11 03:15:29,971 [pool-107-thread-1] INFO  impl.RoleInfo (RoleInfo.java:updateAndGet(143)) - 53d5fcb5-8117-4632-855b-8768bb6778f7: start FollowerState
2019-09-11 03:15:29,971 [pool-97-thread-1] INFO  impl.RoleInfo (RoleInfo.java:updateAndGet(143)) - 6fcf04af-ebca-4852-b73e-87fdd08ef440: start FollowerState
2019-09-11 03:15:29,971 [pool-107-thread-1] INFO  util.JmxRegister (JmxRegister.java:tryRegister(44)) - Successfully registered JMX Bean with object name Ratis:service=RaftServer,group=group-D5F610D5601A,id=53d5fcb5-8117-4632-855b-8768bb6778f7
2019-09-11 03:15:29,971 [pool-97-thread-1] INFO  util.JmxRegister (JmxRegister.java:tryRegister(44)) - Successfully registered JMX Bean with object name Ratis:service=RaftServer,group=group-D5F610D5601A,id=6fcf04af-ebca-4852-b73e-87fdd08ef440
2019-09-11 03:15:29,983 [67340b07-f44b-4075-83dc-7a68839c1bb0@group-9386765A5FEE:LeaderElection4] INFO  impl.LeaderElection (LeaderElection.java:askForVotes(182)) - 67340b07-f44b-4075-83dc-7a68839c1bb0@group-9386765A5FEE:LeaderElection4: begin an election at term 1 for -1: [67340b07-f44b-4075-83dc-7a68839c1bb0:192.168.34.53:40083], old=null
2019-09-11 03:15:29,983 [67340b07-f44b-4075-83dc-7a68839c1bb0@group-9386765A5FEE:LeaderElection4] INFO  impl.RoleInfo (RoleInfo.java:shutdownLeaderElection(134)) - 67340b07-f44b-4075-83dc-7a68839c1bb0: shutdown LeaderElection
2019-09-11 03:15:29,983 [67340b07-f44b-4075-83dc-7a68839c1bb0@group-9386765A5FEE:LeaderElection4] INFO  impl.RaftServerImpl (RaftServerImpl.java:setRole(174)) - 67340b07-f44b-4075-83dc-7a68839c1bb0@group-9386765A5FEE: changes role from CANDIDATE to LEADER at term 1 for changeToLeader
2019-09-11 03:15:29,983 [67340b07-f44b-4075-83dc-7a68839c1bb0@group-9386765A5FEE:LeaderElection4] INFO  impl.RaftServerImpl (ServerState.java:setLeader(253)) - 67340b07-f44b-4075-83dc-7a68839c1bb0@group-9386765A5FEE: change Leader from null to 67340b07-f44b-4075-83dc-7a68839c1bb0 at term 1 for becomeLeader, leader elected after 1042ms
2019-09-11 03:15:29,983 [67340b07-f44b-4075-83dc-7a68839c1bb0@group-9386765A5FEE:LeaderElection4] INFO  server.RaftServerConfigKeys (ConfUtils.java:logGet(43)) - raft.server.staging.catchup.gap = 1000 (default)
2019-09-11 03:15:29,983 [67340b07-f44b-4075-83dc-7a68839c1bb0@group-9386765A5FEE:LeaderElection4] INFO  server.RaftServerConfigKeys (ConfUtils.java:logGet(43)) - raft.server.rpc.sleep.time = 25ms (default)
2019-09-11 03:15:29,984 [67340b07-f44b-4075-83dc-7a68839c1bb0@group-9386765A5FEE:LeaderElection4] INFO  server.RaftServerConfigKeys (ConfUtils.java:logGet(43)) - raft.server.write.element-limit = 4096 (default)
2019-09-11 03:15:29,984 [67340b07-f44b-4075-83dc-7a68839c1bb0@group-9386765A5FEE:LeaderElection4] INFO  server.RaftServerConfigKeys (ConfUtils.java:logGet(43)) - raft.server.watch.timeout = 10s (default)
2019-09-11 03:15:29,989 [67340b07-f44b-4075-83dc-7a68839c1bb0@group-9386765A5FEE:LeaderElection4] INFO  server.RaftServerConfigKeys (ConfUtils.java:logGet(43)) - raft.server.watch.timeout.denomination = 1s (default)
2019-09-11 03:15:29,989 [67340b07-f44b-4075-83dc-7a68839c1bb0@group-9386765A5FEE:LeaderElection4] INFO  server.RaftServerConfigKeys (ConfUtils.java:logGet(43)) - raft.server.watch.element-limit = 65536 (default)
2019-09-11 03:15:30,006 [RatisPipelineUtilsThread] INFO  pipeline.PipelineStateManager (PipelineStateManager.java:addPipeline(56)) - Created pipeline Pipeline[ Id: ffedfa37-5d60-4482-8bbe-d5f610d5601a, Nodes: 6fcf04af-ebca-4852-b73e-87fdd08ef440{ip: 192.168.34.53, host: pr-hdds-2107-sbngl-2106859965, networkLocation: /default-rack, certSerialId: null}53d5fcb5-8117-4632-855b-8768bb6778f7{ip: 192.168.34.53, host: pr-hdds-2107-sbngl-2106859965, networkLocation: /default-rack, certSerialId: null}4b2356e4-aaef-4a34-8176-0946a74a854c{ip: 192.168.34.53, host: pr-hdds-2107-sbngl-2106859965, networkLocation: /default-rack, certSerialId: null}, Type:RATIS, Factor:THREE, State:OPEN]
2019-09-11 03:15:30,007 [67340b07-f44b-4075-83dc-7a68839c1bb0@group-9386765A5FEE:LeaderElection4] INFO  impl.RoleInfo (RoleInfo.java:updateAndGet(143)) - 67340b07-f44b-4075-83dc-7a68839c1bb0: start LeaderState
2019-09-11 03:15:30,007 [67340b07-f44b-4075-83dc-7a68839c1bb0@group-9386765A5FEE:LeaderElection4] INFO  segmented.SegmentedRaftLogWorker (SegmentedRaftLogWorker.java:startLogSegment(380)) - 67340b07-f44b-4075-83dc-7a68839c1bb0@group-9386765A5FEE-SegmentedRaftLogWorker: Starting segment from index:0
2019-09-11 03:15:30,008 [67340b07-f44b-4075-83dc-7a68839c1bb0@group-9386765A5FEE:LeaderElection4] INFO  impl.RaftServerImpl (ServerState.java:setRaftConf(354)) - 67340b07-f44b-4075-83dc-7a68839c1bb0@group-9386765A5FEE: set configuration 0: [67340b07-f44b-4075-83dc-7a68839c1bb0:192.168.34.53:40083], old=null at 0
2019-09-11 03:15:30,037 [grpc-default-executor-0] INFO  impl.RaftServerProxy (RaftServerProxy.java:addNew(89)) - 12f94aba-1a41-4f36-aad5-fe218cdfc4f3: addNew group-08832F9F56A9:[fd8937d2-ae9c-4754-9095-8c93aae9e6b7:192.168.34.53:46025, 12f94aba-1a41-4f36-aad5-fe218cdfc4f3:192.168.34.53:41482, 02b9f8ce-4253-4591-af20-e5771c574668:192.168.34.53:35050] returns group-08832F9F56A9:java.util.concurrent.CompletableFuture@593bf776[Not completed]
2019-09-11 03:15:30,039 [grpc-default-executor-2] INFO  impl.RaftServerProxy (RaftServerProxy.java:addNew(89)) - fd8937d2-ae9c-4754-9095-8c93aae9e6b7: addNew group-08832F9F56A9:[fd8937d2-ae9c-4754-9095-8c93aae9e6b7:192.168.34.53:46025, 12f94aba-1a41-4f36-aad5-fe218cdfc4f3:192.168.34.53:41482, 02b9f8ce-4253-4591-af20-e5771c574668:192.168.34.53:35050] returns group-08832F9F56A9:java.util.concurrent.CompletableFuture@7c21ed0d[Not completed]
2019-09-11 03:15:30,037 [grpc-default-executor-1] INFO  impl.RaftServerProxy (RaftServerProxy.java:addNew(89)) - 02b9f8ce-4253-4591-af20-e5771c574668: addNew group-08832F9F56A9:[fd8937d2-ae9c-4754-9095-8c93aae9e6b7:192.168.34.53:46025, 12f94aba-1a41-4f36-aad5-fe218cdfc4f3:192.168.34.53:41482, 02b9f8ce-4253-4591-af20-e5771c574668:192.168.34.53:35050] returns group-08832F9F56A9:java.util.concurrent.CompletableFuture@2ca0b33a[Not completed]
2019-09-11 03:15:30,040 [pool-57-thread-1] INFO  impl.RaftServerImpl (RaftServerImpl.java:<init>(95)) - 12f94aba-1a41-4f36-aad5-fe218cdfc4f3: new RaftServerImpl for group-08832F9F56A9:[fd8937d2-ae9c-4754-9095-8c93aae9e6b7:192.168.34.53:46025, 12f94aba-1a41-4f36-aad5-fe218cdfc4f3:192.168.34.53:41482, 02b9f8ce-4253-4591-af20-e5771c574668:192.168.34.53:35050] with ContainerStateMachine:uninitialized
2019-09-11 03:15:30,040 [pool-57-thread-1] INFO  server.RaftServerConfigKeys (ConfUtils.java:logGet(43)) - raft.server.rpc.timeout.min = 1s (custom)
2019-09-11 03:15:30,041 [pool-57-thread-1] INFO  server.RaftServerConfigKeys (ConfUtils.java:logGet(43)) - raft.server.rpc.timeout.max = 1200ms (custom)
2019-09-11 03:15:30,041 [pool-57-thread-1] INFO  server.RaftServerConfigKeys (ConfUtils.java:logGet(43)) - raft.server.rpcslowness.timeout = 120s (custom)
2019-09-11 03:15:30,041 [pool-57-thread-1] INFO  server.RaftServerConfigKeys (ConfUtils.java:logGet(43)) - raft.server.sleep.deviation.threshold = 300 (default)
2019-09-11 03:15:30,041 [pool-57-thread-1] INFO  server.RaftServerConfigKeys (ConfUtils.java:logGet(43)) - raft.server.log.appender.install.snapshot.enabled = false (custom)
2019-09-11 03:15:30,041 [pool-57-thread-1] INFO  impl.RaftServerImpl (ServerState.java:<init>(103)) - 12f94aba-1a41-4f36-aad5-fe218cdfc4f3@group-08832F9F56A9: ConfigurationManager, init=-1: [fd8937d2-ae9c-4754-9095-8c93aae9e6b7:192.168.34.53:46025, 12f94aba-1a41-4f36-aad5-fe218cdfc4f3:192.168.34.53:41482, 02b9f8ce-4253-4591-af20-e5771c574668:192.168.34.53:35050], old=null, confs=<EMPTY_MAP>
2019-09-11 03:15:30,041 [pool-37-thread-1] INFO  impl.RaftServerImpl (RaftServerImpl.java:<init>(95)) - 02b9f8ce-4253-4591-af20-e5771c574668: new RaftServerImpl for group-08832F9F56A9:[fd8937d2-ae9c-4754-9095-8c93aae9e6b7:192.168.34.53:46025, 12f94aba-1a41-4f36-aad5-fe218cdfc4f3:192.168.34.53:41482, 02b9f8ce-4253-4591-af20-e5771c574668:192.168.34.53:35050] with ContainerStateMachine:uninitialized
2019-09-11 03:15:30,041 [pool-57-thread-1] INFO  server.RaftServerConfigKeys (ConfUtils.java:logGet(43)) - raft.server.storage.dir = [/workdir/hadoop-ozone/integration-test/target/test-dir/MiniOzoneClusterImpl-ffccced8-c8d8-492e-805a-99618b7a2b29/datanode-3/data/ratis] (custom)
2019-09-11 03:15:30,041 [pool-37-thread-1] INFO  server.RaftServerConfigKeys (ConfUtils.java:logGet(43)) - raft.server.rpc.timeout.min = 1s (custom)
2019-09-11 03:15:30,042 [pool-37-thread-1] INFO  server.RaftServerConfigKeys (ConfUtils.java:logGet(43)) - raft.server.rpc.timeout.max = 1200ms (custom)
2019-09-11 03:15:30,042 [pool-57-thread-1] INFO  storage.RaftStorageDirectory (RaftStorageDirectory.java:analyzeStorage(246)) - The storage directory /workdir/hadoop-ozone/integration-test/target/test-dir/MiniOzoneClusterImpl-ffccced8-c8d8-492e-805a-99618b7a2b29/datanode-3/data/ratis/2ba24a89-d0aa-47ca-b633-08832f9f56a9 does not exist. Creating ...
2019-09-11 03:15:30,042 [pool-37-thread-1] INFO  server.RaftServerConfigKeys (ConfUtils.java:logGet(43)) - raft.server.rpcslowness.timeout = 120s (custom)
2019-09-11 03:15:30,042 [pool-67-thread-1] INFO  impl.RaftServerImpl (RaftServerImpl.java:<init>(95)) - fd8937d2-ae9c-4754-9095-8c93aae9e6b7: new RaftServerImpl for group-08832F9F56A9:[fd8937d2-ae9c-4754-9095-8c93aae9e6b7:192.168.34.53:46025, 12f94aba-1a41-4f36-aad5-fe218cdfc4f3:192.168.34.53:41482, 02b9f8ce-4253-4591-af20-e5771c574668:192.168.34.53:35050] with ContainerStateMachine:uninitialized
2019-09-11 03:15:30,042 [pool-37-thread-1] INFO  server.RaftServerConfigKeys (ConfUtils.java:logGet(43)) - raft.server.sleep.deviation.threshold = 300 (default)
2019-09-11 03:15:30,042 [pool-67-thread-1] INFO  server.RaftServerConfigKeys (ConfUtils.java:logGet(43)) - raft.server.rpc.timeout.min = 1s (custom)
2019-09-11 03:15:30,042 [pool-37-thread-1] INFO  server.RaftServerConfigKeys (ConfUtils.java:logGet(43)) - raft.server.log.appender.install.snapshot.enabled = false (custom)
2019-09-11 03:15:30,042 [pool-67-thread-1] INFO  server.RaftServerConfigKeys (ConfUtils.java:logGet(43)) - raft.server.rpc.timeout.max = 1200ms (custom)
2019-09-11 03:15:30,042 [pool-37-thread-1] INFO  impl.RaftServerImpl (ServerState.java:<init>(103)) - 02b9f8ce-4253-4591-af20-e5771c574668@group-08832F9F56A9: ConfigurationManager, init=-1: [fd8937d2-ae9c-4754-9095-8c93aae9e6b7:192.168.34.53:46025, 12f94aba-1a41-4f36-aad5-fe218cdfc4f3:192.168.34.53:41482, 02b9f8ce-4253-4591-af20-e5771c574668:192.168.34.53:35050], old=null, confs=<EMPTY_MAP>
2019-09-11 03:15:30,043 [pool-67-thread-1] INFO  server.RaftServerConfigKeys (ConfUtils.java:logGet(43)) - raft.server.rpcslowness.timeout = 120s (custom)
2019-09-11 03:15:30,043 [pool-37-thread-1] INFO  server.RaftServerConfigKeys (ConfUtils.java:logGet(43)) - raft.server.storage.dir = [/workdir/hadoop-ozone/integration-test/target/test-dir/MiniOzoneClusterImpl-ffccced8-c8d8-492e-805a-99618b7a2b29/datanode-1/data/ratis] (custom)
2019-09-11 03:15:30,043 [pool-67-thread-1] INFO  server.RaftServerConfigKeys (ConfUtils.java:logGet(43)) - raft.server.sleep.deviation.threshold = 300 (default)
2019-09-11 03:15:30,043 [pool-67-thread-1] INFO  server.RaftServerConfigKeys (ConfUtils.java:logGet(43)) - raft.server.log.appender.install.snapshot.enabled = false (custom)
2019-09-11 03:15:30,043 [pool-37-thread-1] INFO  storage.RaftStorageDirectory (RaftStorageDirectory.java:analyzeStorage(246)) - The storage directory /workdir/hadoop-ozone/integration-test/target/test-dir/MiniOzoneClusterImpl-ffccced8-c8d8-492e-805a-99618b7a2b29/datanode-1/data/ratis/2ba24a89-d0aa-47ca-b633-08832f9f56a9 does not exist. Creating ...
2019-09-11 03:15:30,043 [pool-67-thread-1] INFO  impl.RaftServerImpl (ServerState.java:<init>(103)) - fd8937d2-ae9c-4754-9095-8c93aae9e6b7@group-08832F9F56A9: ConfigurationManager, init=-1: [fd8937d2-ae9c-4754-9095-8c93aae9e6b7:192.168.34.53:46025, 12f94aba-1a41-4f36-aad5-fe218cdfc4f3:192.168.34.53:41482, 02b9f8ce-4253-4591-af20-e5771c574668:192.168.34.53:35050], old=null, confs=<EMPTY_MAP>
2019-09-11 03:15:30,043 [pool-67-thread-1] INFO  server.RaftServerConfigKeys (ConfUtils.java:logGet(43)) - raft.server.storage.dir = [/workdir/hadoop-ozone/integration-test/target/test-dir/MiniOzoneClusterImpl-ffccced8-c8d8-492e-805a-99618b7a2b29/datanode-4/data/ratis] (custom)
2019-09-11 03:15:30,044 [pool-67-thread-1] INFO  storage.RaftStorageDirectory (RaftStorageDirectory.java:analyzeStorage(246)) - The storage directory /workdir/hadoop-ozone/integration-test/target/test-dir/MiniOzoneClusterImpl-ffccced8-c8d8-492e-805a-99618b7a2b29/datanode-4/data/ratis/2ba24a89-d0aa-47ca-b633-08832f9f56a9 does not exist. Creating ...
2019-09-11 03:15:30,057 [pool-67-thread-1] INFO  storage.RaftStorageDirectory (RaftStorageDirectory.java:tryLock(328)) - Lock on /workdir/hadoop-ozone/integration-test/target/test-dir/MiniOzoneClusterImpl-ffccced8-c8d8-492e-805a-99618b7a2b29/datanode-4/data/ratis/2ba24a89-d0aa-47ca-b633-08832f9f56a9/in_use.lock acquired by nodename 13095@pr-hdds-2107-sbngl-2106859965
2019-09-11 03:15:30,057 [pool-57-thread-1] INFO  storage.RaftStorageDirectory (RaftStorageDirectory.java:tryLock(328)) - Lock on /workdir/hadoop-ozone/integration-test/target/test-dir/MiniOzoneClusterImpl-ffccced8-c8d8-492e-805a-99618b7a2b29/datanode-3/data/ratis/2ba24a89-d0aa-47ca-b633-08832f9f56a9/in_use.lock acquired by nodename 13095@pr-hdds-2107-sbngl-2106859965
2019-09-11 03:15:30,057 [pool-37-thread-1] INFO  storage.RaftStorageDirectory (RaftStorageDirectory.java:tryLock(328)) - Lock on /workdir/hadoop-ozone/integration-test/target/test-dir/MiniOzoneClusterImpl-ffccced8-c8d8-492e-805a-99618b7a2b29/datanode-1/data/ratis/2ba24a89-d0aa-47ca-b633-08832f9f56a9/in_use.lock acquired by nodename 13095@pr-hdds-2107-sbngl-2106859965
2019-09-11 03:15:30,059 [Thread-297] INFO  impl.FollowerState (FollowerState.java:run(106)) - 6fcf04af-ebca-4852-b73e-87fdd08ef440:group-041D439A1E1E changes to CANDIDATE, lastRpcTime:1010, electionTimeout:1010ms
2019-09-11 03:15:30,059 [Thread-297] INFO  impl.RoleInfo (RoleInfo.java:shutdownFollowerState(121)) - 6fcf04af-ebca-4852-b73e-87fdd08ef440: shutdown FollowerState
2019-09-11 03:15:30,060 [Thread-297] INFO  impl.RaftServerImpl (RaftServerImpl.java:setRole(174)) - 6fcf04af-ebca-4852-b73e-87fdd08ef440@group-041D439A1E1E: changes role from  FOLLOWER to CANDIDATE at term 0 for changeToCandidate
2019-09-11 03:15:30,060 [Thread-297] INFO  impl.RoleInfo (RoleInfo.java:updateAndGet(143)) - 6fcf04af-ebca-4852-b73e-87fdd08ef440: start LeaderElection
2019-09-11 03:15:30,072 [pool-37-thread-1] INFO  storage.RaftStorage (RaftStorage.java:format(72)) - Storage directory /workdir/hadoop-ozone/integration-test/target/test-dir/MiniOzoneClusterImpl-ffccced8-c8d8-492e-805a-99618b7a2b29/datanode-1/data/ratis/2ba24a89-d0aa-47ca-b633-08832f9f56a9 has been successfully formatted.
2019-09-11 03:15:30,072 [6fcf04af-ebca-4852-b73e-87fdd08ef440@group-041D439A1E1E:LeaderElection5] INFO  impl.LeaderElection (LeaderElection.java:askForVotes(182)) - 6fcf04af-ebca-4852-b73e-87fdd08ef440@group-041D439A1E1E:LeaderElection5: begin an election at term 1 for -1: [6fcf04af-ebca-4852-b73e-87fdd08ef440:192.168.34.53:39264], old=null
2019-09-11 03:15:30,072 [pool-57-thread-1] INFO  storage.RaftStorage (RaftStorage.java:format(72)) - Storage directory /workdir/hadoop-ozone/integration-test/target/test-dir/MiniOzoneClusterImpl-ffccced8-c8d8-492e-805a-99618b7a2b29/datanode-3/data/ratis/2ba24a89-d0aa-47ca-b633-08832f9f56a9 has been successfully formatted.
2019-09-11 03:15:30,072 [pool-67-thread-1] INFO  storage.RaftStorage (RaftStorage.java:format(72)) - Storage directory /workdir/hadoop-ozone/integration-test/target/test-dir/MiniOzoneClusterImpl-ffccced8-c8d8-492e-805a-99618b7a2b29/datanode-4/data/ratis/2ba24a89-d0aa-47ca-b633-08832f9f56a9 has been successfully formatted.
2019-09-11 03:15:30,072 [pool-57-thread-1] INFO  ratis.ContainerStateMachine (ContainerStateMachine.java:loadSnapshot(230)) - group-08832F9F56A9: The snapshot info is null. Setting the last applied indexto:(t:0, i:~)
2019-09-11 03:15:30,072 [pool-37-thread-1] INFO  ratis.ContainerStateMachine (ContainerStateMachine.java:loadSnapshot(230)) - group-08832F9F56A9: The snapshot info is null. Setting the last applied indexto:(t:0, i:~)
2019-09-11 03:15:30,072 [6fcf04af-ebca-4852-b73e-87fdd08ef440@group-041D439A1E1E:LeaderElection5] INFO  impl.RoleInfo (RoleInfo.java:shutdownLeaderElection(134)) - 6fcf04af-ebca-4852-b73e-87fdd08ef440: shutdown LeaderElection
2019-09-11 03:15:30,072 [pool-37-thread-1] INFO  server.RaftServerConfigKeys (ConfUtils.java:logGet(43)) - raft.server.notification.no-leader.timeout = 120s (custom)
2019-09-11 03:15:30,072 [pool-67-thread-1] INFO  ratis.ContainerStateMachine (ContainerStateMachine.java:loadSnapshot(230)) - group-08832F9F56A9: The snapshot info is null. Setting the last applied indexto:(t:0, i:~)
2019-09-11 03:15:30,072 [pool-57-thread-1] INFO  server.RaftServerConfigKeys (ConfUtils.java:logGet(43)) - raft.server.notification.no-leader.timeout = 120s (custom)
2019-09-11 03:15:30,073 [pool-67-thread-1] INFO  server.RaftServerConfigKeys (ConfUtils.java:logGet(43)) - raft.server.notification.no-leader.timeout = 120s (custom)
2019-09-11 03:15:30,073 [pool-37-thread-1] INFO  server.RaftServerConfigKeys (ConfUtils.java:logGet(43)) - raft.server.log.use.memory = false (default)
2019-09-11 03:15:30,073 [6fcf04af-ebca-4852-b73e-87fdd08ef440@group-041D439A1E1E:LeaderElection5] INFO  impl.RaftServerImpl (RaftServerImpl.java:setRole(174)) - 6fcf04af-ebca-4852-b73e-87fdd08ef440@group-041D439A1E1E: changes role from CANDIDATE to LEADER at term 1 for changeToLeader
2019-09-11 03:15:30,073 [pool-37-thread-1] INFO  server.RaftServerConfigKeys (ConfUtils.java:logGet(43)) - raft.server.log.purge.gap = 1000000 (custom)
2019-09-11 03:15:30,073 [pool-67-thread-1] INFO  server.RaftServerConfigKeys (ConfUtils.java:logGet(43)) - raft.server.log.use.memory = false (default)
2019-09-11 03:15:30,073 [pool-57-thread-1] INFO  server.RaftServerConfigKeys (ConfUtils.java:logGet(43)) - raft.server.log.use.memory = false (default)
2019-09-11 03:15:30,074 [pool-67-thread-1] INFO  server.RaftServerConfigKeys (ConfUtils.java:logGet(43)) - raft.server.log.purge.gap = 1000000 (custom)
2019-09-11 03:15:30,073 [pool-37-thread-1] INFO  server.RaftServerConfigKeys (ConfUtils.java:logGet(43)) - raft.server.log.appender.buffer.byte-limit = 33554432 (custom)
2019-09-11 03:15:30,073 [6fcf04af-ebca-4852-b73e-87fdd08ef440@group-041D439A1E1E:LeaderElection5] INFO  impl.RaftServerImpl (ServerState.java:setLeader(253)) - 6fcf04af-ebca-4852-b73e-87fdd08ef440@group-041D439A1E1E: change Leader from null to 6fcf04af-ebca-4852-b73e-87fdd08ef440 at term 1 for becomeLeader, leader elected after 1035ms
2019-09-11 03:15:30,074 [pool-37-thread-1] INFO  server.RaftServerConfigKeys (ConfUtils.java:logGet(43)) - raft.server.log.segment.size.max = 1048576 (custom)
2019-09-11 03:15:30,074 [pool-67-thread-1] INFO  server.RaftServerConfigKeys (ConfUtils.java:logGet(43)) - raft.server.log.appender.buffer.byte-limit = 33554432 (custom)
2019-09-11 03:15:30,074 [pool-57-thread-1] INFO  server.RaftServerConfigKeys (ConfUtils.java:logGet(43)) - raft.server.log.purge.gap = 1000000 (custom)
2019-09-11 03:15:30,074 [pool-67-thread-1] INFO  server.RaftServerConfigKeys (ConfUtils.java:logGet(43)) - raft.server.log.segment.size.max = 1048576 (custom)
2019-09-11 03:15:30,074 [pool-37-thread-1] INFO  server.RaftServerConfigKeys (ConfUtils.java:logGet(43)) - raft.server.log.segment.cache.num.max = 2 (custom)
2019-09-11 03:15:30,074 [6fcf04af-ebca-4852-b73e-87fdd08ef440@group-041D439A1E1E:LeaderElection5] INFO  server.RaftServerConfigKeys (ConfUtils.java:logGet(43)) - raft.server.staging.catchup.gap = 1000 (default)
2019-09-11 03:15:30,075 [pool-37-thread-1] INFO  segmented.SegmentedRaftLogWorker (SegmentedRaftLogWorker.java:<init>(172)) - new 02b9f8ce-4253-4591-af20-e5771c574668@group-08832F9F56A9-SegmentedRaftLogWorker for RaftStorage:Storage Directory /workdir/hadoop-ozone/integration-test/target/test-dir/MiniOzoneClusterImpl-ffccced8-c8d8-492e-805a-99618b7a2b29/datanode-1/data/ratis/2ba24a89-d0aa-47ca-b633-08832f9f56a9
2019-09-11 03:15:30,074 [pool-67-thread-1] INFO  server.RaftServerConfigKeys (ConfUtils.java:logGet(43)) - raft.server.log.segment.cache.num.max = 2 (custom)
2019-09-11 03:15:30,074 [pool-57-thread-1] INFO  server.RaftServerConfigKeys (ConfUtils.java:logGet(43)) - raft.server.log.appender.buffer.byte-limit = 33554432 (custom)
2019-09-11 03:15:30,075 [pool-67-thread-1] INFO  segmented.SegmentedRaftLogWorker (SegmentedRaftLogWorker.java:<init>(172)) - new fd8937d2-ae9c-4754-9095-8c93aae9e6b7@group-08832F9F56A9-SegmentedRaftLogWorker for RaftStorage:Storage Directory /workdir/hadoop-ozone/integration-test/target/test-dir/MiniOzoneClusterImpl-ffccced8-c8d8-492e-805a-99618b7a2b29/datanode-4/data/ratis/2ba24a89-d0aa-47ca-b633-08832f9f56a9
2019-09-11 03:15:30,075 [pool-37-thread-1] INFO  server.RaftServerConfigKeys (ConfUtils.java:logGet(43)) - raft.server.log.queue.byte-limit = 2147483647 (custom)
2019-09-11 03:15:30,075 [6fcf04af-ebca-4852-b73e-87fdd08ef440@group-041D439A1E1E:LeaderElection5] INFO  server.RaftServerConfigKeys (ConfUtils.java:logGet(43)) - raft.server.rpc.sleep.time = 25ms (default)
2019-09-11 03:15:30,075 [pool-37-thread-1] INFO  server.RaftServerConfigKeys (ConfUtils.java:logGet(43)) - raft.server.log.queue.element-limit = 1024 (custom)
2019-09-11 03:15:30,075 [pool-67-thread-1] INFO  server.RaftServerConfigKeys (ConfUtils.java:logGet(43)) - raft.server.log.queue.byte-limit = 2147483647 (custom)
2019-09-11 03:15:30,075 [pool-57-thread-1] INFO  server.RaftServerConfigKeys (ConfUtils.java:logGet(43)) - raft.server.log.segment.size.max = 1048576 (custom)
2019-09-11 03:15:30,076 [pool-67-thread-1] INFO  server.RaftServerConfigKeys (ConfUtils.java:logGet(43)) - raft.server.log.queue.element-limit = 1024 (custom)
2019-09-11 03:15:30,076 [6fcf04af-ebca-4852-b73e-87fdd08ef440@group-041D439A1E1E:LeaderElection5] INFO  server.RaftServerConfigKeys (ConfUtils.java:logGet(43)) - raft.server.write.element-limit = 4096 (default)
2019-09-11 03:15:30,076 [pool-37-thread-1] INFO  server.RaftServerConfigKeys (ConfUtils.java:logGet(43)) - raft.server.log.segment.size.max = 1048576 (custom)
2019-09-11 03:15:30,076 [6fcf04af-ebca-4852-b73e-87fdd08ef440@group-041D439A1E1E:LeaderElection5] INFO  server.RaftServerConfigKeys (ConfUtils.java:logGet(43)) - raft.server.watch.timeout = 10s (default)
2019-09-11 03:15:30,076 [pool-67-thread-1] INFO  server.RaftServerConfigKeys (ConfUtils.java:logGet(43)) - raft.server.log.segment.size.max = 1048576 (custom)
2019-09-11 03:15:30,076 [pool-57-thread-1] INFO  server.RaftServerConfigKeys (ConfUtils.java:logGet(43)) - raft.server.log.segment.cache.num.max = 2 (custom)
2019-09-11 03:15:30,076 [pool-67-thread-1] INFO  server.RaftServerConfigKeys (ConfUtils.java:logGet(43)) - raft.server.log.preallocated.size = 16384 (custom)
2019-09-11 03:15:30,076 [6fcf04af-ebca-4852-b73e-87fdd08ef440@group-041D439A1E1E:LeaderElection5] INFO  server.RaftServerConfigKeys (ConfUtils.java:logGet(43)) - raft.server.watch.timeout.denomination = 1s (default)
2019-09-11 03:15:30,076 [pool-37-thread-1] INFO  server.RaftServerConfigKeys (ConfUtils.java:logGet(43)) - raft.server.log.preallocated.size = 16384 (custom)
2019-09-11 03:15:30,077 [6fcf04af-ebca-4852-b73e-87fdd08ef440@group-041D439A1E1E:LeaderElection5] INFO  server.RaftServerConfigKeys (ConfUtils.java:logGet(43)) - raft.server.watch.element-limit = 65536 (default)
2019-09-11 03:15:30,077 [pool-67-thread-1] INFO  server.RaftServerConfigKeys (ConfUtils.java:logGet(43)) - raft.server.log.write.buffer.size = 33554432 (custom)
2019-09-11 03:15:30,077 [pool-57-thread-1] INFO  segmented.SegmentedRaftLogWorker (SegmentedRaftLogWorker.java:<init>(172)) - new 12f94aba-1a41-4f36-aad5-fe218cdfc4f3@group-08832F9F56A9-SegmentedRaftLogWorker for RaftStorage:Storage Directory /workdir/hadoop-ozone/integration-test/target/test-dir/MiniOzoneClusterImpl-ffccced8-c8d8-492e-805a-99618b7a2b29/datanode-3/data/ratis/2ba24a89-d0aa-47ca-b633-08832f9f56a9
2019-09-11 03:15:30,077 [pool-67-thread-1] INFO  server.RaftServerConfigKeys (ConfUtils.java:logGet(43)) - raft.server.log.force.sync.num = 128 (default)
2019-09-11 03:15:30,078 [pool-67-thread-1] INFO  server.RaftServerConfigKeys (ConfUtils.java:logGet(43)) - raft.server.log.statemachine.data.sync = true (default)
2019-09-11 03:15:30,077 [pool-37-thread-1] INFO  server.RaftServerConfigKeys (ConfUtils.java:logGet(43)) - raft.server.log.write.buffer.size = 33554432 (custom)
2019-09-11 03:15:30,078 [pool-67-thread-1] INFO  server.RaftServerConfigKeys (ConfUtils.java:logGet(43)) - raft.server.log.statemachine.data.sync.timeout = 10s (default)
2019-09-11 03:15:30,077 [pool-57-thread-1] INFO  server.RaftServerConfigKeys (ConfUtils.java:logGet(43)) - raft.server.log.queue.byte-limit = 2147483647 (custom)
2019-09-11 03:15:30,078 [pool-67-thread-1] INFO  server.RaftServerConfigKeys (ConfUtils.java:logGet(43)) - raft.server.log.statemachine.data.sync.timeout.retry = -1 (default)
2019-09-11 03:15:30,078 [pool-37-thread-1] INFO  server.RaftServerConfigKeys (ConfUtils.java:logGet(43)) - raft.server.log.force.sync.num = 128 (default)
2019-09-11 03:15:30,078 [pool-67-thread-1] INFO  server.RaftServerConfigKeys (ConfUtils.java:logGet(43)) - raft.server.log.statemachine.data.caching.enabled = true (custom)
2019-09-11 03:15:30,078 [pool-57-thread-1] INFO  server.RaftServerConfigKeys (ConfUtils.java:logGet(43)) - raft.server.log.queue.element-limit = 1024 (custom)
2019-09-11 03:15:30,078 [pool-37-thread-1] INFO  server.RaftServerConfigKeys (ConfUtils.java:logGet(43)) - raft.server.log.statemachine.data.sync = true (default)
2019-09-11 03:15:30,079 [pool-67-thread-1] INFO  segmented.SegmentedRaftLogWorker (SegmentedRaftLogWorker.java:lambda$new$0(132)) - fd8937d2-ae9c-4754-9095-8c93aae9e6b7@group-08832F9F56A9-SegmentedRaftLogWorker: flushIndex: setUnconditionally 0 -> -1
2019-09-11 03:15:30,079 [pool-57-thread-1] INFO  server.RaftServerConfigKeys (ConfUtils.java:logGet(43)) - raft.server.log.segment.size.max = 1048576 (custom)
2019-09-11 03:15:30,079 [pool-37-thread-1] INFO  server.RaftServerConfigKeys (ConfUtils.java:logGet(43)) - raft.server.log.statemachine.data.sync.timeout = 10s (default)
2019-09-11 03:15:30,079 [pool-67-thread-1] INFO  server.RaftServerConfigKeys (ConfUtils.java:logGet(43)) - raft.server.snapshot.auto.trigger.enabled = true (custom)
2019-09-11 03:15:30,079 [pool-57-thread-1] INFO  server.RaftServerConfigKeys (ConfUtils.java:logGet(43)) - raft.server.log.preallocated.size = 16384 (custom)
2019-09-11 03:15:30,079 [pool-67-thread-1] INFO  server.RaftServerConfigKeys (ConfUtils.java:logGet(43)) - raft.server.snapshot.auto.trigger.threshold = 10000 (custom)
2019-09-11 03:15:30,079 [pool-37-thread-1] INFO  server.RaftServerConfigKeys (ConfUtils.java:logGet(43)) - raft.server.log.statemachine.data.sync.timeout.retry = -1 (default)
2019-09-11 03:15:30,079 [pool-67-thread-1] INFO  server.RaftServerConfigKeys (ConfUtils.java:logGet(43)) - raft.server.snapshot.retention.num.files = -1 (default)
2019-09-11 03:15:30,079 [pool-37-thread-1] INFO  server.RaftServerConfigKeys (ConfUtils.java:logGet(43)) - raft.server.log.statemachine.data.caching.enabled = true (custom)
2019-09-11 03:15:30,079 [pool-57-thread-1] INFO  server.RaftServerConfigKeys (ConfUtils.java:logGet(43)) - raft.server.log.write.buffer.size = 33554432 (custom)
2019-09-11 03:15:30,080 [pool-67-thread-1] INFO  server.RaftServerConfigKeys (ConfUtils.java:logGet(43)) - raft.server.retrycache.expirytime = 600000ms (custom)
2019-09-11 03:15:30,080 [pool-37-thread-1] INFO  segmented.SegmentedRaftLogWorker (SegmentedRaftLogWorker.java:lambda$new$0(132)) - 02b9f8ce-4253-4591-af20-e5771c574668@group-08832F9F56A9-SegmentedRaftLogWorker: flushIndex: setUnconditionally 0 -> -1
2019-09-11 03:15:30,080 [pool-57-thread-1] INFO  server.RaftServerConfigKeys (ConfUtils.java:logGet(43)) - raft.server.log.force.sync.num = 128 (default)
2019-09-11 03:15:30,080 [pool-57-thread-1] INFO  server.RaftServerConfigKeys (ConfUtils.java:logGet(43)) - raft.server.log.statemachine.data.sync = true (default)
2019-09-11 03:15:30,080 [pool-37-thread-1] INFO  server.RaftServerConfigKeys (ConfUtils.java:logGet(43)) - raft.server.snapshot.auto.trigger.enabled = true (custom)
2019-09-11 03:15:30,080 [pool-57-thread-1] INFO  server.RaftServerConfigKeys (ConfUtils.java:logGet(43)) - raft.server.log.statemachine.data.sync.timeout = 10s (default)
2019-09-11 03:15:30,080 [pool-37-thread-1] INFO  server.RaftServerConfigKeys (ConfUtils.java:logGet(43)) - raft.server.snapshot.auto.trigger.threshold = 10000 (custom)
2019-09-11 03:15:30,080 [pool-57-thread-1] INFO  server.RaftServerConfigKeys (ConfUtils.java:logGet(43)) - raft.server.log.statemachine.data.sync.timeout.retry = -1 (default)
2019-09-11 03:15:30,080 [pool-37-thread-1] INFO  server.RaftServerConfigKeys (ConfUtils.java:logGet(43)) - raft.server.snapshot.retention.num.files = -1 (default)
2019-09-11 03:15:30,081 [pool-57-thread-1] INFO  server.RaftServerConfigKeys (ConfUtils.java:logGet(43)) - raft.server.log.statemachine.data.caching.enabled = true (custom)
2019-09-11 03:15:30,081 [pool-37-thread-1] INFO  server.RaftServerConfigKeys (ConfUtils.java:logGet(43)) - raft.server.retrycache.expirytime = 600000ms (custom)
2019-09-11 03:15:30,081 [6fcf04af-ebca-4852-b73e-87fdd08ef440@group-041D439A1E1E:LeaderElection5] INFO  impl.RoleInfo (RoleInfo.java:updateAndGet(143)) - 6fcf04af-ebca-4852-b73e-87fdd08ef440: start LeaderState
2019-09-11 03:15:30,081 [pool-57-thread-1] INFO  segmented.SegmentedRaftLogWorker (SegmentedRaftLogWorker.java:lambda$new$0(132)) - 12f94aba-1a41-4f36-aad5-fe218cdfc4f3@group-08832F9F56A9-SegmentedRaftLogWorker: flushIndex: setUnconditionally 0 -> -1
2019-09-11 03:15:30,081 [6fcf04af-ebca-4852-b73e-87fdd08ef440@group-041D439A1E1E:LeaderElection5] INFO  segmented.SegmentedRaftLogWorker (SegmentedRaftLogWorker.java:startLogSegment(380)) - 6fcf04af-ebca-4852-b73e-87fdd08ef440@group-041D439A1E1E-SegmentedRaftLogWorker: Starting segment from index:0
2019-09-11 03:15:30,081 [pool-57-thread-1] INFO  server.RaftServerConfigKeys (ConfUtils.java:logGet(43)) - raft.server.snapshot.auto.trigger.enabled = true (custom)
2019-09-11 03:15:30,081 [pool-57-thread-1] INFO  server.RaftServerConfigKeys (ConfUtils.java:logGet(43)) - raft.server.snapshot.auto.trigger.threshold = 10000 (custom)
2019-09-11 03:15:30,082 [pool-57-thread-1] INFO  server.RaftServerConfigKeys (ConfUtils.java:logGet(43)) - raft.server.snapshot.retention.num.files = -1 (default)
2019-09-11 03:15:30,082 [pool-57-thread-1] INFO  server.RaftServerConfigKeys (ConfUtils.java:logGet(43)) - raft.server.retrycache.expirytime = 600000ms (custom)
2019-09-11 03:15:30,082 [6fcf04af-ebca-4852-b73e-87fdd08ef440@group-041D439A1E1E:LeaderElection5] INFO  impl.RaftServerImpl (ServerState.java:setRaftConf(354)) - 6fcf04af-ebca-4852-b73e-87fdd08ef440@group-041D439A1E1E: set configuration 0: [6fcf04af-ebca-4852-b73e-87fdd08ef440:192.168.34.53:39264], old=null at 0
2019-09-11 03:15:30,085 [pool-67-thread-1] INFO  impl.RaftServerImpl (RaftServerImpl.java:start(185)) - fd8937d2-ae9c-4754-9095-8c93aae9e6b7@group-08832F9F56A9: start as a follower, conf=-1: [fd8937d2-ae9c-4754-9095-8c93aae9e6b7:192.168.34.53:46025, 12f94aba-1a41-4f36-aad5-fe218cdfc4f3:192.168.34.53:41482, 02b9f8ce-4253-4591-af20-e5771c574668:192.168.34.53:35050], old=null
2019-09-11 03:15:30,085 [pool-67-thread-1] INFO  impl.RaftServerImpl (RaftServerImpl.java:setRole(174)) - fd8937d2-ae9c-4754-9095-8c93aae9e6b7@group-08832F9F56A9: changes role from      null to FOLLOWER at term 0 for startAsFollower
2019-09-11 03:15:30,085 [pool-67-thread-1] INFO  impl.RoleInfo (RoleInfo.java:updateAndGet(143)) - fd8937d2-ae9c-4754-9095-8c93aae9e6b7: start FollowerState
2019-09-11 03:15:30,086 [pool-67-thread-1] INFO  util.JmxRegister (JmxRegister.java:tryRegister(44)) - Successfully registered JMX Bean with object name Ratis:service=RaftServer,group=group-08832F9F56A9,id=fd8937d2-ae9c-4754-9095-8c93aae9e6b7
2019-09-11 03:15:30,086 [pool-37-thread-1] INFO  impl.RaftServerImpl (RaftServerImpl.java:start(185)) - 02b9f8ce-4253-4591-af20-e5771c574668@group-08832F9F56A9: start as a follower, conf=-1: [fd8937d2-ae9c-4754-9095-8c93aae9e6b7:192.168.34.53:46025, 12f94aba-1a41-4f36-aad5-fe218cdfc4f3:192.168.34.53:41482, 02b9f8ce-4253-4591-af20-e5771c574668:192.168.34.53:35050], old=null
2019-09-11 03:15:30,086 [pool-37-thread-1] INFO  impl.RaftServerImpl (RaftServerImpl.java:setRole(174)) - 02b9f8ce-4253-4591-af20-e5771c574668@group-08832F9F56A9: changes role from      null to FOLLOWER at term 0 for startAsFollower
2019-09-11 03:15:30,086 [pool-37-thread-1] INFO  impl.RoleInfo (RoleInfo.java:updateAndGet(143)) - 02b9f8ce-4253-4591-af20-e5771c574668: start FollowerState
2019-09-11 03:15:30,087 [pool-37-thread-1] INFO  util.JmxRegister (JmxRegister.java:tryRegister(44)) - Successfully registered JMX Bean with object name Ratis:service=RaftServer,group=group-08832F9F56A9,id=02b9f8ce-4253-4591-af20-e5771c574668
2019-09-11 03:15:30,087 [pool-57-thread-1] INFO  impl.RaftServerImpl (RaftServerImpl.java:start(185)) - 12f94aba-1a41-4f36-aad5-fe218cdfc4f3@group-08832F9F56A9: start as a follower, conf=-1: [fd8937d2-ae9c-4754-9095-8c93aae9e6b7:192.168.34.53:46025, 12f94aba-1a41-4f36-aad5-fe218cdfc4f3:192.168.34.53:41482, 02b9f8ce-4253-4591-af20-e5771c574668:192.168.34.53:35050], old=null
2019-09-11 03:15:30,087 [pool-57-thread-1] INFO  impl.RaftServerImpl (RaftServerImpl.java:setRole(174)) - 12f94aba-1a41-4f36-aad5-fe218cdfc4f3@group-08832F9F56A9: changes role from      null to FOLLOWER at term 0 for startAsFollower
2019-09-11 03:15:30,087 [pool-57-thread-1] INFO  impl.RoleInfo (RoleInfo.java:updateAndGet(143)) - 12f94aba-1a41-4f36-aad5-fe218cdfc4f3: start FollowerState
2019-09-11 03:15:30,088 [pool-57-thread-1] INFO  util.JmxRegister (JmxRegister.java:tryRegister(44)) - Successfully registered JMX Bean with object name Ratis:service=RaftServer,group=group-08832F9F56A9,id=12f94aba-1a41-4f36-aad5-fe218cdfc4f3
2019-09-11 03:15:30,101 [RatisPipelineUtilsThread] INFO  pipeline.PipelineStateManager (PipelineStateManager.java:addPipeline(56)) - Created pipeline Pipeline[ Id: 2ba24a89-d0aa-47ca-b633-08832f9f56a9, Nodes: fd8937d2-ae9c-4754-9095-8c93aae9e6b7{ip: 192.168.34.53, host: pr-hdds-2107-sbngl-2106859965, networkLocation: /default-rack, certSerialId: null}12f94aba-1a41-4f36-aad5-fe218cdfc4f3{ip: 192.168.34.53, host: pr-hdds-2107-sbngl-2106859965, networkLocation: /default-rack, certSerialId: null}02b9f8ce-4253-4591-af20-e5771c574668{ip: 192.168.34.53, host: pr-hdds-2107-sbngl-2106859965, networkLocation: /default-rack, certSerialId: null}, Type:RATIS, Factor:THREE, State:OPEN]
2019-09-11 03:15:30,139 [Thread-300] INFO  impl.FollowerState (FollowerState.java:run(106)) - 53d5fcb5-8117-4632-855b-8768bb6778f7:group-A9E8C90FD433 changes to CANDIDATE, lastRpcTime:1017, electionTimeout:1017ms
2019-09-11 03:15:30,139 [Thread-300] INFO  impl.RoleInfo (RoleInfo.java:shutdownFollowerState(121)) - 53d5fcb5-8117-4632-855b-8768bb6778f7: shutdown FollowerState
2019-09-11 03:15:30,139 [Thread-300] INFO  impl.RaftServerImpl (RaftServerImpl.java:setRole(174)) - 53d5fcb5-8117-4632-855b-8768bb6778f7@group-A9E8C90FD433: changes role from  FOLLOWER to CANDIDATE at term 0 for changeToCandidate
2019-09-11 03:15:30,139 [Thread-300] INFO  impl.RoleInfo (RoleInfo.java:updateAndGet(143)) - 53d5fcb5-8117-4632-855b-8768bb6778f7: start LeaderElection
2019-09-11 03:15:30,162 [53d5fcb5-8117-4632-855b-8768bb6778f7@group-A9E8C90FD433:LeaderElection6] INFO  impl.LeaderElection (LeaderElection.java:askForVotes(182)) - 53d5fcb5-8117-4632-855b-8768bb6778f7@group-A9E8C90FD433:LeaderElection6: begin an election at term 1 for -1: [53d5fcb5-8117-4632-855b-8768bb6778f7:192.168.34.53:34476], old=null
2019-09-11 03:15:30,163 [53d5fcb5-8117-4632-855b-8768bb6778f7@group-A9E8C90FD433:LeaderElection6] INFO  impl.RoleInfo (RoleInfo.java:shutdownLeaderElection(134)) - 53d5fcb5-8117-4632-855b-8768bb6778f7: shutdown LeaderElection
2019-09-11 03:15:30,164 [53d5fcb5-8117-4632-855b-8768bb6778f7@group-A9E8C90FD433:LeaderElection6] INFO  impl.RaftServerImpl (RaftServerImpl.java:setRole(174)) - 53d5fcb5-8117-4632-855b-8768bb6778f7@group-A9E8C90FD433: changes role from CANDIDATE to LEADER at term 1 for changeToLeader
2019-09-11 03:15:30,164 [53d5fcb5-8117-4632-855b-8768bb6778f7@group-A9E8C90FD433:LeaderElection6] INFO  impl.RaftServerImpl (ServerState.java:setLeader(253)) - 53d5fcb5-8117-4632-855b-8768bb6778f7@group-A9E8C90FD433: change Leader from null to 53d5fcb5-8117-4632-855b-8768bb6778f7 at term 1 for becomeLeader, leader elected after 1053ms
2019-09-11 03:15:30,164 [53d5fcb5-8117-4632-855b-8768bb6778f7@group-A9E8C90FD433:LeaderElection6] INFO  server.RaftServerConfigKeys (ConfUtils.java:logGet(43)) - raft.server.staging.catchup.gap = 1000 (default)
2019-09-11 03:15:30,164 [53d5fcb5-8117-4632-855b-8768bb6778f7@group-A9E8C90FD433:LeaderElection6] INFO  server.RaftServerConfigKeys (ConfUtils.java:logGet(43)) - raft.server.rpc.sleep.time = 25ms (default)
2019-09-11 03:15:30,164 [53d5fcb5-8117-4632-855b-8768bb6778f7@group-A9E8C90FD433:LeaderElection6] INFO  server.RaftServerConfigKeys (ConfUtils.java:logGet(43)) - raft.server.write.element-limit = 4096 (default)
2019-09-11 03:15:30,164 [53d5fcb5-8117-4632-855b-8768bb6778f7@group-A9E8C90FD433:LeaderElection6] INFO  server.RaftServerConfigKeys (ConfUtils.java:logGet(43)) - raft.server.watch.timeout = 10s (default)
2019-09-11 03:15:30,164 [53d5fcb5-8117-4632-855b-8768bb6778f7@group-A9E8C90FD433:LeaderElection6] INFO  server.RaftServerConfigKeys (ConfUtils.java:logGet(43)) - raft.server.watch.timeout.denomination = 1s (default)
2019-09-11 03:15:30,164 [53d5fcb5-8117-4632-855b-8768bb6778f7@group-A9E8C90FD433:LeaderElection6] INFO  server.RaftServerConfigKeys (ConfUtils.java:logGet(43)) - raft.server.watch.element-limit = 65536 (default)
2019-09-11 03:15:30,167 [53d5fcb5-8117-4632-855b-8768bb6778f7@group-A9E8C90FD433:LeaderElection6] INFO  impl.RoleInfo (RoleInfo.java:updateAndGet(143)) - 53d5fcb5-8117-4632-855b-8768bb6778f7: start LeaderState
2019-09-11 03:15:30,167 [53d5fcb5-8117-4632-855b-8768bb6778f7@group-A9E8C90FD433:LeaderElection6] INFO  segmented.SegmentedRaftLogWorker (SegmentedRaftLogWorker.java:startLogSegment(380)) - 53d5fcb5-8117-4632-855b-8768bb6778f7@group-A9E8C90FD433-SegmentedRaftLogWorker: Starting segment from index:0
2019-09-11 03:15:30,168 [53d5fcb5-8117-4632-855b-8768bb6778f7@group-A9E8C90FD433:LeaderElection6] INFO  impl.RaftServerImpl (ServerState.java:setRaftConf(354)) - 53d5fcb5-8117-4632-855b-8768bb6778f7@group-A9E8C90FD433: set configuration 0: [53d5fcb5-8117-4632-855b-8768bb6778f7:192.168.34.53:34476], old=null at 0
2019-09-11 03:15:30,262 [main] INFO  rpc.RpcClient (RpcClient.java:createVolume(298)) - Creating Volume: datanodefailurehandlingtest, with jenkins1000 as owner.
2019-09-11 03:15:30,272 [67340b07-f44b-4075-83dc-7a68839c1bb0@group-9386765A5FEE-SegmentedRaftLogWorker] INFO  segmented.SegmentedRaftLogWorker (SegmentedRaftLogWorker.java:execute(569)) - 67340b07-f44b-4075-83dc-7a68839c1bb0@group-9386765A5FEE-SegmentedRaftLogWorker: created new log segment /workdir/hadoop-ozone/integration-test/target/test-dir/MiniOzoneClusterImpl-ffccced8-c8d8-492e-805a-99618b7a2b29/datanode-6/data/ratis/782848cb-43d4-4dc1-bbd2-9386765a5fee/current/log_inprogress_0
2019-09-11 03:15:30,272 [2b261411-8be7-4fb4-994a-6f5681dc75eb@group-4AE345F8CCB3-SegmentedRaftLogWorker] INFO  segmented.SegmentedRaftLogWorker (SegmentedRaftLogWorker.java:execute(569)) - 2b261411-8be7-4fb4-994a-6f5681dc75eb@group-4AE345F8CCB3-SegmentedRaftLogWorker: created new log segment /workdir/hadoop-ozone/integration-test/target/test-dir/MiniOzoneClusterImpl-ffccced8-c8d8-492e-805a-99618b7a2b29/datanode-0/data/ratis/37673f0e-1cec-4b9f-913d-4ae345f8ccb3/current/log_inprogress_0
2019-09-11 03:15:30,272 [06bedc96-d276-4186-804c-441da3383ef1@group-222B947CC395-SegmentedRaftLogWorker] INFO  segmented.SegmentedRaftLogWorker (SegmentedRaftLogWorker.java:execute(569)) - 06bedc96-d276-4186-804c-441da3383ef1@group-222B947CC395-SegmentedRaftLogWorker: created new log segment /workdir/hadoop-ozone/integration-test/target/test-dir/MiniOzoneClusterImpl-ffccced8-c8d8-492e-805a-99618b7a2b29/datanode-2/data/ratis/bc3f123d-8107-4d92-91b5-222b947cc395/current/log_inprogress_0
2019-09-11 03:15:30,272 [53d5fcb5-8117-4632-855b-8768bb6778f7@group-A9E8C90FD433-SegmentedRaftLogWorker] INFO  segmented.SegmentedRaftLogWorker (SegmentedRaftLogWorker.java:execute(569)) - 53d5fcb5-8117-4632-855b-8768bb6778f7@group-A9E8C90FD433-SegmentedRaftLogWorker: created new log segment /workdir/hadoop-ozone/integration-test/target/test-dir/MiniOzoneClusterImpl-ffccced8-c8d8-492e-805a-99618b7a2b29/datanode-8/data/ratis/be77e894-3c9f-452c-b89e-a9e8c90fd433/current/log_inprogress_0
2019-09-11 03:15:30,272 [8c88a939-76a6-48ec-b449-781feab56278@group-8A73FA440246-SegmentedRaftLogWorker] INFO  segmented.SegmentedRaftLogWorker (SegmentedRaftLogWorker.java:execute(569)) - 8c88a939-76a6-48ec-b449-781feab56278@group-8A73FA440246-SegmentedRaftLogWorker: created new log segment /workdir/hadoop-ozone/integration-test/target/test-dir/MiniOzoneClusterImpl-ffccced8-c8d8-492e-805a-99618b7a2b29/datanode-5/data/ratis/68e68e60-dea1-4681-876e-8a73fa440246/current/log_inprogress_0
2019-09-11 03:15:30,272 [6fcf04af-ebca-4852-b73e-87fdd08ef440@group-041D439A1E1E-SegmentedRaftLogWorker] INFO  segmented.SegmentedRaftLogWorker (SegmentedRaftLogWorker.java:execute(569)) - 6fcf04af-ebca-4852-b73e-87fdd08ef440@group-041D439A1E1E-SegmentedRaftLogWorker: created new log segment /workdir/hadoop-ozone/integration-test/target/test-dir/MiniOzoneClusterImpl-ffccced8-c8d8-492e-805a-99618b7a2b29/datanode-7/data/ratis/11d902bf-3a7c-4375-91db-041d439a1e1e/current/log_inprogress_0
2019-09-11 03:15:30,652 [Thread-312] INFO  impl.FollowerState (FollowerState.java:run(106)) - 02b9f8ce-4253-4591-af20-e5771c574668:group-34B9A72BE4B0 changes to CANDIDATE, lastRpcTime:1143, electionTimeout:1116ms
2019-09-11 03:15:30,658 [Thread-309] INFO  impl.FollowerState (FollowerState.java:run(106)) - 12f94aba-1a41-4f36-aad5-fe218cdfc4f3:group-F59BD0871E54 changes to CANDIDATE, lastRpcTime:1260, electionTimeout:1069ms
2019-09-11 03:15:30,655 [Thread-303] INFO  impl.FollowerState (FollowerState.java:run(106)) - 4b2356e4-aaef-4a34-8176-0946a74a854c:group-845EC6E4B2A4 changes to CANDIDATE, lastRpcTime:1436, electionTimeout:1182ms
2019-09-11 03:15:30,655 [Thread-306] INFO  impl.FollowerState (FollowerState.java:run(106)) - fd8937d2-ae9c-4754-9095-8c93aae9e6b7:group-21C29C4993BA changes to CANDIDATE, lastRpcTime:1350, electionTimeout:1108ms
2019-09-11 03:15:30,661 [Thread-309] INFO  impl.RoleInfo (RoleInfo.java:shutdownFollowerState(121)) - 12f94aba-1a41-4f36-aad5-fe218cdfc4f3: shutdown FollowerState
2019-09-11 03:15:30,661 [Thread-306] INFO  impl.RoleInfo (RoleInfo.java:shutdownFollowerState(121)) - fd8937d2-ae9c-4754-9095-8c93aae9e6b7: shutdown FollowerState
2019-09-11 03:15:30,661 [Thread-312] INFO  impl.RoleInfo (RoleInfo.java:shutdownFollowerState(121)) - 02b9f8ce-4253-4591-af20-e5771c574668: shutdown FollowerState
2019-09-11 03:15:30,661 [Thread-303] INFO  impl.RoleInfo (RoleInfo.java:shutdownFollowerState(121)) - 4b2356e4-aaef-4a34-8176-0946a74a854c: shutdown FollowerState
2019-09-11 03:15:30,664 [Thread-306] INFO  impl.RaftServerImpl (RaftServerImpl.java:setRole(174)) - fd8937d2-ae9c-4754-9095-8c93aae9e6b7@group-21C29C4993BA: changes role from  FOLLOWER to CANDIDATE at term 0 for changeToCandidate
2019-09-11 03:15:30,664 [Thread-309] INFO  impl.RaftServerImpl (RaftServerImpl.java:setRole(174)) - 12f94aba-1a41-4f36-aad5-fe218cdfc4f3@group-F59BD0871E54: changes role from  FOLLOWER to CANDIDATE at term 0 for changeToCandidate
2019-09-11 03:15:30,664 [Thread-306] INFO  impl.RoleInfo (RoleInfo.java:updateAndGet(143)) - fd8937d2-ae9c-4754-9095-8c93aae9e6b7: start LeaderElection
2019-09-11 03:15:30,664 [Thread-312] INFO  impl.RaftServerImpl (RaftServerImpl.java:setRole(174)) - 02b9f8ce-4253-4591-af20-e5771c574668@group-34B9A72BE4B0: changes role from  FOLLOWER to CANDIDATE at term 0 for changeToCandidate
2019-09-11 03:15:30,664 [Thread-303] INFO  impl.RaftServerImpl (RaftServerImpl.java:setRole(174)) - 4b2356e4-aaef-4a34-8176-0946a74a854c@group-845EC6E4B2A4: changes role from  FOLLOWER to CANDIDATE at term 0 for changeToCandidate
2019-09-11 03:15:30,664 [Thread-309] INFO  impl.RoleInfo (RoleInfo.java:updateAndGet(143)) - 12f94aba-1a41-4f36-aad5-fe218cdfc4f3: start LeaderElection
2019-09-11 03:15:30,667 [Thread-303] INFO  impl.RoleInfo (RoleInfo.java:updateAndGet(143)) - 4b2356e4-aaef-4a34-8176-0946a74a854c: start LeaderElection
2019-09-11 03:15:30,664 [Thread-312] INFO  impl.RoleInfo (RoleInfo.java:updateAndGet(143)) - 02b9f8ce-4253-4591-af20-e5771c574668: start LeaderElection
2019-09-11 03:15:30,687 [Thread-283] INFO  container.ReplicationManager (ReplicationManager.java:start(162)) - Starting Replication Monitor Thread.
2019-09-11 03:15:30,689 [ReplicationMonitor] INFO  container.ReplicationManager (ReplicationManager.java:run(225)) - Replication Monitor Thread took 0 milliseconds for processing 0 containers.
2019-09-11 03:15:30,710 [fd8937d2-ae9c-4754-9095-8c93aae9e6b7@group-21C29C4993BA:LeaderElection7] INFO  impl.LeaderElection (LeaderElection.java:askForVotes(182)) - fd8937d2-ae9c-4754-9095-8c93aae9e6b7@group-21C29C4993BA:LeaderElection7: begin an election at term 1 for -1: [fd8937d2-ae9c-4754-9095-8c93aae9e6b7:192.168.34.53:46025], old=null
2019-09-11 03:15:30,726 [4b2356e4-aaef-4a34-8176-0946a74a854c@group-845EC6E4B2A4:LeaderElection10] INFO  impl.LeaderElection (LeaderElection.java:askForVotes(182)) - 4b2356e4-aaef-4a34-8176-0946a74a854c@group-845EC6E4B2A4:LeaderElection10: begin an election at term 1 for -1: [4b2356e4-aaef-4a34-8176-0946a74a854c:192.168.34.53:33321], old=null
2019-09-11 03:15:30,712 [02b9f8ce-4253-4591-af20-e5771c574668@group-34B9A72BE4B0:LeaderElection9] INFO  impl.LeaderElection (LeaderElection.java:askForVotes(182)) - 02b9f8ce-4253-4591-af20-e5771c574668@group-34B9A72BE4B0:LeaderElection9: begin an election at term 1 for -1: [02b9f8ce-4253-4591-af20-e5771c574668:192.168.34.53:35050], old=null
2019-09-11 03:15:30,746 [fd8937d2-ae9c-4754-9095-8c93aae9e6b7@group-21C29C4993BA:LeaderElection7] INFO  impl.RoleInfo (RoleInfo.java:shutdownLeaderElection(134)) - fd8937d2-ae9c-4754-9095-8c93aae9e6b7: shutdown LeaderElection
2019-09-11 03:15:30,718 [12f94aba-1a41-4f36-aad5-fe218cdfc4f3@group-F59BD0871E54:LeaderElection8] INFO  impl.LeaderElection (LeaderElection.java:askForVotes(182)) - 12f94aba-1a41-4f36-aad5-fe218cdfc4f3@group-F59BD0871E54:LeaderElection8: begin an election at term 1 for -1: [12f94aba-1a41-4f36-aad5-fe218cdfc4f3:192.168.34.53:41482], old=null
2019-09-11 03:15:30,746 [fd8937d2-ae9c-4754-9095-8c93aae9e6b7@group-21C29C4993BA:LeaderElection7] INFO  impl.RaftServerImpl (RaftServerImpl.java:setRole(174)) - fd8937d2-ae9c-4754-9095-8c93aae9e6b7@group-21C29C4993BA: changes role from CANDIDATE to LEADER at term 1 for changeToLeader
2019-09-11 03:15:30,746 [02b9f8ce-4253-4591-af20-e5771c574668@group-34B9A72BE4B0:LeaderElection9] INFO  impl.RoleInfo (RoleInfo.java:shutdownLeaderElection(134)) - 02b9f8ce-4253-4591-af20-e5771c574668: shutdown LeaderElection
2019-09-11 03:15:30,746 [4b2356e4-aaef-4a34-8176-0946a74a854c@group-845EC6E4B2A4:LeaderElection10] INFO  impl.RoleInfo (RoleInfo.java:shutdownLeaderElection(134)) - 4b2356e4-aaef-4a34-8176-0946a74a854c: shutdown LeaderElection
2019-09-11 03:15:30,749 [02b9f8ce-4253-4591-af20-e5771c574668@group-34B9A72BE4B0:LeaderElection9] INFO  impl.RaftServerImpl (RaftServerImpl.java:setRole(174)) - 02b9f8ce-4253-4591-af20-e5771c574668@group-34B9A72BE4B0: changes role from CANDIDATE to LEADER at term 1 for changeToLeader
2019-09-11 03:15:30,749 [fd8937d2-ae9c-4754-9095-8c93aae9e6b7@group-21C29C4993BA:LeaderElection7] INFO  impl.RaftServerImpl (ServerState.java:setLeader(253)) - fd8937d2-ae9c-4754-9095-8c93aae9e6b7@group-21C29C4993BA: change Leader from null to fd8937d2-ae9c-4754-9095-8c93aae9e6b7 at term 1 for becomeLeader, leader elected after 1462ms
2019-09-11 03:15:30,749 [12f94aba-1a41-4f36-aad5-fe218cdfc4f3@group-F59BD0871E54:LeaderElection8] INFO  impl.RoleInfo (RoleInfo.java:shutdownLeaderElection(134)) - 12f94aba-1a41-4f36-aad5-fe218cdfc4f3: shutdown LeaderElection
2019-09-11 03:15:30,750 [fd8937d2-ae9c-4754-9095-8c93aae9e6b7@group-21C29C4993BA:LeaderElection7] INFO  server.RaftServerConfigKeys (ConfUtils.java:logGet(43)) - raft.server.staging.catchup.gap = 1000 (default)
2019-09-11 03:15:30,749 [02b9f8ce-4253-4591-af20-e5771c574668@group-34B9A72BE4B0:LeaderElection9] INFO  impl.RaftServerImpl (ServerState.java:setLeader(253)) - 02b9f8ce-4253-4591-af20-e5771c574668@group-34B9A72BE4B0: change Leader from null to 02b9f8ce-4253-4591-af20-e5771c574668 at term 1 for becomeLeader, leader elected after 1266ms
2019-09-11 03:15:30,749 [4b2356e4-aaef-4a34-8176-0946a74a854c@group-845EC6E4B2A4:LeaderElection10] INFO  impl.RaftServerImpl (RaftServerImpl.java:setRole(174)) - 4b2356e4-aaef-4a34-8176-0946a74a854c@group-845EC6E4B2A4: changes role from CANDIDATE to LEADER at term 1 for changeToLeader
2019-09-11 03:15:30,750 [fd8937d2-ae9c-4754-9095-8c93aae9e6b7@group-21C29C4993BA:LeaderElection7] INFO  server.RaftServerConfigKeys (ConfUtils.java:logGet(43)) - raft.server.rpc.sleep.time = 25ms (default)
2019-09-11 03:15:30,750 [12f94aba-1a41-4f36-aad5-fe218cdfc4f3@group-F59BD0871E54:LeaderElection8] INFO  impl.RaftServerImpl (RaftServerImpl.java:setRole(174)) - 12f94aba-1a41-4f36-aad5-fe218cdfc4f3@group-F59BD0871E54: changes role from CANDIDATE to LEADER at term 1 for changeToLeader
2019-09-11 03:15:30,750 [4b2356e4-aaef-4a34-8176-0946a74a854c@group-845EC6E4B2A4:LeaderElection10] INFO  impl.RaftServerImpl (ServerState.java:setLeader(253)) - 4b2356e4-aaef-4a34-8176-0946a74a854c@group-845EC6E4B2A4: change Leader from null to 4b2356e4-aaef-4a34-8176-0946a74a854c at term 1 for becomeLeader, leader elected after 1551ms
2019-09-11 03:15:30,750 [02b9f8ce-4253-4591-af20-e5771c574668@group-34B9A72BE4B0:LeaderElection9] INFO  server.RaftServerConfigKeys (ConfUtils.java:logGet(43)) - raft.server.staging.catchup.gap = 1000 (default)
2019-09-11 03:15:30,751 [4b2356e4-aaef-4a34-8176-0946a74a854c@group-845EC6E4B2A4:LeaderElection10] INFO  server.RaftServerConfigKeys (ConfUtils.java:logGet(43)) - raft.server.staging.catchup.gap = 1000 (default)
2019-09-11 03:15:30,750 [12f94aba-1a41-4f36-aad5-fe218cdfc4f3@group-F59BD0871E54:LeaderElection8] INFO  impl.RaftServerImpl (ServerState.java:setLeader(253)) - 12f94aba-1a41-4f36-aad5-fe218cdfc4f3@group-F59BD0871E54: change Leader from null to 12f94aba-1a41-4f36-aad5-fe218cdfc4f3 at term 1 for becomeLeader, leader elected after 1374ms
2019-09-11 03:15:30,751 [4b2356e4-aaef-4a34-8176-0946a74a854c@group-845EC6E4B2A4:LeaderElection10] INFO  server.RaftServerConfigKeys (ConfUtils.java:logGet(43)) - raft.server.rpc.sleep.time = 25ms (default)
2019-09-11 03:15:30,751 [02b9f8ce-4253-4591-af20-e5771c574668@group-34B9A72BE4B0:LeaderElection9] INFO  server.RaftServerConfigKeys (ConfUtils.java:logGet(43)) - raft.server.rpc.sleep.time = 25ms (default)
2019-09-11 03:15:30,751 [12f94aba-1a41-4f36-aad5-fe218cdfc4f3@group-F59BD0871E54:LeaderElection8] INFO  server.RaftServerConfigKeys (ConfUtils.java:logGet(43)) - raft.server.staging.catchup.gap = 1000 (default)
2019-09-11 03:15:30,751 [12f94aba-1a41-4f36-aad5-fe218cdfc4f3@group-F59BD0871E54:LeaderElection8] INFO  server.RaftServerConfigKeys (ConfUtils.java:logGet(43)) - raft.server.rpc.sleep.time = 25ms (default)
2019-09-11 03:15:30,775 [12f94aba-1a41-4f36-aad5-fe218cdfc4f3@group-F59BD0871E54:LeaderElection8] INFO  server.RaftServerConfigKeys (ConfUtils.java:logGet(43)) - raft.server.write.element-limit = 4096 (default)
2019-09-11 03:15:30,775 [fd8937d2-ae9c-4754-9095-8c93aae9e6b7@group-21C29C4993BA:LeaderElection7] INFO  server.RaftServerConfigKeys (ConfUtils.java:logGet(43)) - raft.server.write.element-limit = 4096 (default)
2019-09-11 03:15:30,775 [4b2356e4-aaef-4a34-8176-0946a74a854c@group-845EC6E4B2A4:LeaderElection10] INFO  server.RaftServerConfigKeys (ConfUtils.java:logGet(43)) - raft.server.write.element-limit = 4096 (default)
2019-09-11 03:15:30,775 [02b9f8ce-4253-4591-af20-e5771c574668@group-34B9A72BE4B0:LeaderElection9] INFO  server.RaftServerConfigKeys (ConfUtils.java:logGet(43)) - raft.server.write.element-limit = 4096 (default)
2019-09-11 03:15:30,775 [4b2356e4-aaef-4a34-8176-0946a74a854c@group-845EC6E4B2A4:LeaderElection10] INFO  server.RaftServerConfigKeys (ConfUtils.java:logGet(43)) - raft.server.watch.timeout = 10s (default)
2019-09-11 03:15:30,775 [fd8937d2-ae9c-4754-9095-8c93aae9e6b7@group-21C29C4993BA:LeaderElection7] INFO  server.RaftServerConfigKeys (ConfUtils.java:logGet(43)) - raft.server.watch.timeout = 10s (default)
2019-09-11 03:15:30,775 [12f94aba-1a41-4f36-aad5-fe218cdfc4f3@group-F59BD0871E54:LeaderElection8] INFO  server.RaftServerConfigKeys (ConfUtils.java:logGet(43)) - raft.server.watch.timeout = 10s (default)
2019-09-11 03:15:30,776 [fd8937d2-ae9c-4754-9095-8c93aae9e6b7@group-21C29C4993BA:LeaderElection7] INFO  server.RaftServerConfigKeys (ConfUtils.java:logGet(43)) - raft.server.watch.timeout.denomination = 1s (default)
2019-09-11 03:15:30,776 [4b2356e4-aaef-4a34-8176-0946a74a854c@group-845EC6E4B2A4:LeaderElection10] INFO  server.RaftServerConfigKeys (ConfUtils.java:logGet(43)) - raft.server.watch.timeout.denomination = 1s (default)
2019-09-11 03:15:30,775 [02b9f8ce-4253-4591-af20-e5771c574668@group-34B9A72BE4B0:LeaderElection9] INFO  server.RaftServerConfigKeys (ConfUtils.java:logGet(43)) - raft.server.watch.timeout = 10s (default)
2019-09-11 03:15:30,776 [4b2356e4-aaef-4a34-8176-0946a74a854c@group-845EC6E4B2A4:LeaderElection10] INFO  server.RaftServerConfigKeys (ConfUtils.java:logGet(43)) - raft.server.watch.element-limit = 65536 (default)
2019-09-11 03:15:30,776 [fd8937d2-ae9c-4754-9095-8c93aae9e6b7@group-21C29C4993BA:LeaderElection7] INFO  server.RaftServerConfigKeys (ConfUtils.java:logGet(43)) - raft.server.watch.element-limit = 65536 (default)
2019-09-11 03:15:30,776 [12f94aba-1a41-4f36-aad5-fe218cdfc4f3@group-F59BD0871E54:LeaderElection8] INFO  server.RaftServerConfigKeys (ConfUtils.java:logGet(43)) - raft.server.watch.timeout.denomination = 1s (default)
2019-09-11 03:15:30,777 [02b9f8ce-4253-4591-af20-e5771c574668@group-34B9A72BE4B0:LeaderElection9] INFO  server.RaftServerConfigKeys (ConfUtils.java:logGet(43)) - raft.server.watch.timeout.denomination = 1s (default)
2019-09-11 03:15:30,777 [12f94aba-1a41-4f36-aad5-fe218cdfc4f3@group-F59BD0871E54:LeaderElection8] INFO  server.RaftServerConfigKeys (ConfUtils.java:logGet(43)) - raft.server.watch.element-limit = 65536 (default)
2019-09-11 03:15:30,777 [02b9f8ce-4253-4591-af20-e5771c574668@group-34B9A72BE4B0:LeaderElection9] INFO  server.RaftServerConfigKeys (ConfUtils.java:logGet(43)) - raft.server.watch.element-limit = 65536 (default)
2019-09-11 03:15:30,812 [IPC Server handler 0 on 40378] INFO  volume.OMVolumeCreateRequest (OMVolumeCreateRequest.java:validateAndUpdateCache(189)) - created volume:datanodefailurehandlingtest for user:jenkins1000
2019-09-11 03:15:30,948 [main] INFO  rpc.RpcClient (RpcClient.java:createBucket(437)) - Creating Bucket: datanodefailurehandlingtest/datanodefailurehandlingtest, with Versioning false and Storage Type set to DISK and Encryption set to false 
2019-09-11 03:15:30,973 [Thread-324] INFO  impl.FollowerState (FollowerState.java:run(106)) - 8c88a939-76a6-48ec-b449-781feab56278:group-C308026E702E changes to CANDIDATE, lastRpcTime:1138, electionTimeout:1135ms
2019-09-11 03:15:30,973 [Thread-324] INFO  impl.RoleInfo (RoleInfo.java:shutdownFollowerState(121)) - 8c88a939-76a6-48ec-b449-781feab56278: shutdown FollowerState
2019-09-11 03:15:30,973 [Thread-324] INFO  impl.RaftServerImpl (RaftServerImpl.java:setRole(174)) - 8c88a939-76a6-48ec-b449-781feab56278@group-C308026E702E: changes role from  FOLLOWER to CANDIDATE at term 0 for changeToCandidate
2019-09-11 03:15:30,973 [Thread-324] INFO  impl.RoleInfo (RoleInfo.java:updateAndGet(143)) - 8c88a939-76a6-48ec-b449-781feab56278: start LeaderElection
2019-09-11 03:15:31,010 [8c88a939-76a6-48ec-b449-781feab56278@group-C308026E702E:LeaderElection11] INFO  impl.LeaderElection (LeaderElection.java:askForVotes(182)) - 8c88a939-76a6-48ec-b449-781feab56278@group-C308026E702E:LeaderElection11: begin an election at term 1 for -1: [06bedc96-d276-4186-804c-441da3383ef1:192.168.34.53:35709, 67340b07-f44b-4075-83dc-7a68839c1bb0:192.168.34.53:40083, 8c88a939-76a6-48ec-b449-781feab56278:192.168.34.53:40431], old=null
2019-09-11 03:15:31,020 [Thread-334] INFO  impl.FollowerState (FollowerState.java:run(106)) - 4b2356e4-aaef-4a34-8176-0946a74a854c:group-D5F610D5601A changes to CANDIDATE, lastRpcTime:1050, electionTimeout:1050ms
2019-09-11 03:15:31,020 [Thread-334] INFO  impl.RoleInfo (RoleInfo.java:shutdownFollowerState(121)) - 4b2356e4-aaef-4a34-8176-0946a74a854c: shutdown FollowerState
2019-09-11 03:15:31,020 [Thread-334] INFO  impl.RaftServerImpl (RaftServerImpl.java:setRole(174)) - 4b2356e4-aaef-4a34-8176-0946a74a854c@group-D5F610D5601A: changes role from  FOLLOWER to CANDIDATE at term 0 for changeToCandidate
2019-09-11 03:15:31,021 [Thread-322] INFO  impl.FollowerState (FollowerState.java:run(106)) - 06bedc96-d276-4186-804c-441da3383ef1:group-C308026E702E changes to CANDIDATE, lastRpcTime:1194, electionTimeout:1194ms
2019-09-11 03:15:31,021 [Thread-322] INFO  impl.RoleInfo (RoleInfo.java:shutdownFollowerState(121)) - 06bedc96-d276-4186-804c-441da3383ef1: shutdown FollowerState
2019-09-11 03:15:31,021 [Thread-322] INFO  impl.RaftServerImpl (RaftServerImpl.java:setRole(174)) - 06bedc96-d276-4186-804c-441da3383ef1@group-C308026E702E: changes role from  FOLLOWER to CANDIDATE at term 0 for changeToCandidate
2019-09-11 03:15:31,025 [Thread-326] INFO  impl.FollowerState (FollowerState.java:run(106)) - 67340b07-f44b-4075-83dc-7a68839c1bb0:group-C308026E702E changes to CANDIDATE, lastRpcTime:1185, electionTimeout:1183ms
2019-09-11 03:15:31,025 [Thread-326] INFO  impl.RoleInfo (RoleInfo.java:shutdownFollowerState(121)) - 67340b07-f44b-4075-83dc-7a68839c1bb0: shutdown FollowerState
2019-09-11 03:15:31,025 [Thread-326] INFO  impl.RaftServerImpl (RaftServerImpl.java:setRole(174)) - 67340b07-f44b-4075-83dc-7a68839c1bb0@group-C308026E702E: changes role from  FOLLOWER to CANDIDATE at term 0 for changeToCandidate
2019-09-11 03:15:31,040 [Thread-326] INFO  impl.RoleInfo (RoleInfo.java:updateAndGet(143)) - 67340b07-f44b-4075-83dc-7a68839c1bb0: start LeaderElection
2019-09-11 03:15:31,040 [Thread-322] INFO  impl.RoleInfo (RoleInfo.java:updateAndGet(143)) - 06bedc96-d276-4186-804c-441da3383ef1: start LeaderElection
2019-09-11 03:15:31,040 [Thread-334] INFO  impl.RoleInfo (RoleInfo.java:updateAndGet(143)) - 4b2356e4-aaef-4a34-8176-0946a74a854c: start LeaderElection
2019-09-11 03:15:31,064 [67340b07-f44b-4075-83dc-7a68839c1bb0@group-C308026E702E:LeaderElection14] INFO  impl.LeaderElection (LeaderElection.java:askForVotes(182)) - 67340b07-f44b-4075-83dc-7a68839c1bb0@group-C308026E702E:LeaderElection14: begin an election at term 1 for -1: [06bedc96-d276-4186-804c-441da3383ef1:192.168.34.53:35709, 67340b07-f44b-4075-83dc-7a68839c1bb0:192.168.34.53:40083, 8c88a939-76a6-48ec-b449-781feab56278:192.168.34.53:40431], old=null
2019-09-11 03:15:31,065 [06bedc96-d276-4186-804c-441da3383ef1@group-C308026E702E:LeaderElection13] INFO  impl.LeaderElection (LeaderElection.java:askForVotes(182)) - 06bedc96-d276-4186-804c-441da3383ef1@group-C308026E702E:LeaderElection13: begin an election at term 1 for -1: [06bedc96-d276-4186-804c-441da3383ef1:192.168.34.53:35709, 67340b07-f44b-4075-83dc-7a68839c1bb0:192.168.34.53:40083, 8c88a939-76a6-48ec-b449-781feab56278:192.168.34.53:40431], old=null
2019-09-11 03:15:31,064 [4b2356e4-aaef-4a34-8176-0946a74a854c@group-D5F610D5601A:LeaderElection12] INFO  impl.LeaderElection (LeaderElection.java:askForVotes(182)) - 4b2356e4-aaef-4a34-8176-0946a74a854c@group-D5F610D5601A:LeaderElection12: begin an election at term 1 for -1: [53d5fcb5-8117-4632-855b-8768bb6778f7:192.168.34.53:34476, 4b2356e4-aaef-4a34-8176-0946a74a854c:192.168.34.53:33321, 6fcf04af-ebca-4852-b73e-87fdd08ef440:192.168.34.53:39264], old=null
2019-09-11 03:15:31,078 [Thread-337] INFO  impl.FollowerState (FollowerState.java:run(106)) - 6fcf04af-ebca-4852-b73e-87fdd08ef440:group-D5F610D5601A changes to CANDIDATE, lastRpcTime:1107, electionTimeout:1107ms
2019-09-11 03:15:31,079 [Thread-337] INFO  impl.RoleInfo (RoleInfo.java:shutdownFollowerState(121)) - 6fcf04af-ebca-4852-b73e-87fdd08ef440: shutdown FollowerState
2019-09-11 03:15:31,079 [Thread-337] INFO  impl.RaftServerImpl (RaftServerImpl.java:setRole(174)) - 6fcf04af-ebca-4852-b73e-87fdd08ef440@group-D5F610D5601A: changes role from  FOLLOWER to CANDIDATE at term 0 for changeToCandidate
2019-09-11 03:15:31,084 [Thread-337] INFO  impl.RoleInfo (RoleInfo.java:updateAndGet(143)) - 6fcf04af-ebca-4852-b73e-87fdd08ef440: start LeaderElection
2019-09-11 03:15:31,107 [Thread-349] INFO  impl.FollowerState (FollowerState.java:run(106)) - 12f94aba-1a41-4f36-aad5-fe218cdfc4f3:group-08832F9F56A9 changes to CANDIDATE, lastRpcTime:1019, electionTimeout:1019ms
2019-09-11 03:15:31,107 [Thread-349] INFO  impl.RoleInfo (RoleInfo.java:shutdownFollowerState(121)) - 12f94aba-1a41-4f36-aad5-fe218cdfc4f3: shutdown FollowerState
2019-09-11 03:15:31,107 [Thread-349] INFO  impl.RaftServerImpl (RaftServerImpl.java:setRole(174)) - 12f94aba-1a41-4f36-aad5-fe218cdfc4f3@group-08832F9F56A9: changes role from  FOLLOWER to CANDIDATE at term 0 for changeToCandidate
2019-09-11 03:15:31,110 [Thread-349] INFO  impl.RoleInfo (RoleInfo.java:updateAndGet(143)) - 12f94aba-1a41-4f36-aad5-fe218cdfc4f3: start LeaderElection
2019-09-11 03:15:31,125 [Thread-346] INFO  impl.FollowerState (FollowerState.java:run(106)) - fd8937d2-ae9c-4754-9095-8c93aae9e6b7:group-08832F9F56A9 changes to CANDIDATE, lastRpcTime:1039, electionTimeout:1039ms
2019-09-11 03:15:31,125 [6fcf04af-ebca-4852-b73e-87fdd08ef440@group-D5F610D5601A:LeaderElection15] INFO  impl.LeaderElection (LeaderElection.java:askForVotes(182)) - 6fcf04af-ebca-4852-b73e-87fdd08ef440@group-D5F610D5601A:LeaderElection15: begin an election at term 1 for -1: [53d5fcb5-8117-4632-855b-8768bb6778f7:192.168.34.53:34476, 4b2356e4-aaef-4a34-8176-0946a74a854c:192.168.34.53:33321, 6fcf04af-ebca-4852-b73e-87fdd08ef440:192.168.34.53:39264], old=null
2019-09-11 03:15:31,129 [Thread-346] INFO  impl.RoleInfo (RoleInfo.java:shutdownFollowerState(121)) - fd8937d2-ae9c-4754-9095-8c93aae9e6b7: shutdown FollowerState
2019-09-11 03:15:31,129 [Thread-346] INFO  impl.RaftServerImpl (RaftServerImpl.java:setRole(174)) - fd8937d2-ae9c-4754-9095-8c93aae9e6b7@group-08832F9F56A9: changes role from  FOLLOWER to CANDIDATE at term 0 for changeToCandidate
2019-09-11 03:15:31,129 [Thread-346] INFO  impl.RoleInfo (RoleInfo.java:updateAndGet(143)) - fd8937d2-ae9c-4754-9095-8c93aae9e6b7: start LeaderElection
2019-09-11 03:15:31,133 [Thread-336] INFO  impl.FollowerState (FollowerState.java:run(106)) - 53d5fcb5-8117-4632-855b-8768bb6778f7:group-D5F610D5601A changes to CANDIDATE, lastRpcTime:1162, electionTimeout:1162ms
2019-09-11 03:15:31,144 [Thread-336] INFO  impl.RoleInfo (RoleInfo.java:shutdownFollowerState(121)) - 53d5fcb5-8117-4632-855b-8768bb6778f7: shutdown FollowerState
2019-09-11 03:15:31,144 [Thread-336] INFO  impl.RaftServerImpl (RaftServerImpl.java:setRole(174)) - 53d5fcb5-8117-4632-855b-8768bb6778f7@group-D5F610D5601A: changes role from  FOLLOWER to CANDIDATE at term 0 for changeToCandidate
2019-09-11 03:15:31,144 [12f94aba-1a41-4f36-aad5-fe218cdfc4f3@group-08832F9F56A9:LeaderElection16] INFO  impl.LeaderElection (LeaderElection.java:askForVotes(182)) - 12f94aba-1a41-4f36-aad5-fe218cdfc4f3@group-08832F9F56A9:LeaderElection16: begin an election at term 1 for -1: [fd8937d2-ae9c-4754-9095-8c93aae9e6b7:192.168.34.53:46025, 12f94aba-1a41-4f36-aad5-fe218cdfc4f3:192.168.34.53:41482, 02b9f8ce-4253-4591-af20-e5771c574668:192.168.34.53:35050], old=null
2019-09-11 03:15:31,146 [fd8937d2-ae9c-4754-9095-8c93aae9e6b7@group-08832F9F56A9:LeaderElection17] INFO  impl.LeaderElection (LeaderElection.java:askForVotes(182)) - fd8937d2-ae9c-4754-9095-8c93aae9e6b7@group-08832F9F56A9:LeaderElection17: begin an election at term 1 for -1: [fd8937d2-ae9c-4754-9095-8c93aae9e6b7:192.168.34.53:46025, 12f94aba-1a41-4f36-aad5-fe218cdfc4f3:192.168.34.53:41482, 02b9f8ce-4253-4591-af20-e5771c574668:192.168.34.53:35050], old=null
2019-09-11 03:15:31,165 [Thread-336] INFO  impl.RoleInfo (RoleInfo.java:updateAndGet(143)) - 53d5fcb5-8117-4632-855b-8768bb6778f7: start LeaderElection
2019-09-11 03:15:31,192 [53d5fcb5-8117-4632-855b-8768bb6778f7@group-D5F610D5601A:LeaderElection18] INFO  impl.LeaderElection (LeaderElection.java:askForVotes(182)) - 53d5fcb5-8117-4632-855b-8768bb6778f7@group-D5F610D5601A:LeaderElection18: begin an election at term 1 for -1: [53d5fcb5-8117-4632-855b-8768bb6778f7:192.168.34.53:34476, 4b2356e4-aaef-4a34-8176-0946a74a854c:192.168.34.53:33321, 6fcf04af-ebca-4852-b73e-87fdd08ef440:192.168.34.53:39264], old=null
2019-09-11 03:15:31,236 [Thread-348] INFO  impl.FollowerState (FollowerState.java:run(106)) - 02b9f8ce-4253-4591-af20-e5771c574668:group-08832F9F56A9 changes to CANDIDATE, lastRpcTime:1149, electionTimeout:1149ms
2019-09-11 03:15:31,236 [Thread-348] INFO  impl.RoleInfo (RoleInfo.java:shutdownFollowerState(121)) - 02b9f8ce-4253-4591-af20-e5771c574668: shutdown FollowerState
2019-09-11 03:15:31,236 [Thread-348] INFO  impl.RaftServerImpl (RaftServerImpl.java:setRole(174)) - 02b9f8ce-4253-4591-af20-e5771c574668@group-08832F9F56A9: changes role from  FOLLOWER to CANDIDATE at term 0 for changeToCandidate
2019-09-11 03:15:31,259 [Thread-348] INFO  impl.RoleInfo (RoleInfo.java:updateAndGet(143)) - 02b9f8ce-4253-4591-af20-e5771c574668: start LeaderElection
2019-09-11 03:15:31,282 [02b9f8ce-4253-4591-af20-e5771c574668@group-08832F9F56A9:LeaderElection19] INFO  impl.LeaderElection (LeaderElection.java:askForVotes(182)) - 02b9f8ce-4253-4591-af20-e5771c574668@group-08832F9F56A9:LeaderElection19: begin an election at term 1 for -1: [fd8937d2-ae9c-4754-9095-8c93aae9e6b7:192.168.34.53:46025, 12f94aba-1a41-4f36-aad5-fe218cdfc4f3:192.168.34.53:41482, 02b9f8ce-4253-4591-af20-e5771c574668:192.168.34.53:35050], old=null
2019-09-11 03:15:31,328 [06bedc96-d276-4186-804c-441da3383ef1@group-C308026E702E:LeaderElection13] INFO  impl.LeaderElection (LeaderElection.java:logAndReturn(56)) - 06bedc96-d276-4186-804c-441da3383ef1@group-C308026E702E:LeaderElection13: Election REJECTED; received 2 response(s) [06bedc96-d276-4186-804c-441da3383ef1<-67340b07-f44b-4075-83dc-7a68839c1bb0#0:FAIL-t1, 06bedc96-d276-4186-804c-441da3383ef1<-8c88a939-76a6-48ec-b449-781feab56278#0:FAIL-t1] and 0 exception(s); 06bedc96-d276-4186-804c-441da3383ef1@group-C308026E702E:t1, leader=null, voted=06bedc96-d276-4186-804c-441da3383ef1, raftlog=06bedc96-d276-4186-804c-441da3383ef1@group-C308026E702E-SegmentedRaftLog:OPENED:c-1,f-1,i0, conf=-1: [06bedc96-d276-4186-804c-441da3383ef1:192.168.34.53:35709, 67340b07-f44b-4075-83dc-7a68839c1bb0:192.168.34.53:40083, 8c88a939-76a6-48ec-b449-781feab56278:192.168.34.53:40431], old=null
2019-09-11 03:15:31,345 [06bedc96-d276-4186-804c-441da3383ef1@group-C308026E702E:LeaderElection13] INFO  impl.RaftServerImpl (RaftServerImpl.java:setRole(174)) - 06bedc96-d276-4186-804c-441da3383ef1@group-C308026E702E: changes role from CANDIDATE to FOLLOWER at term 1 for DISCOVERED_A_NEW_TERM
2019-09-11 03:15:31,345 [06bedc96-d276-4186-804c-441da3383ef1@group-C308026E702E:LeaderElection13] INFO  impl.RoleInfo (RoleInfo.java:shutdownLeaderElection(134)) - 06bedc96-d276-4186-804c-441da3383ef1: shutdown LeaderElection
2019-09-11 03:15:31,345 [06bedc96-d276-4186-804c-441da3383ef1@group-C308026E702E:LeaderElection13] INFO  impl.RoleInfo (RoleInfo.java:updateAndGet(143)) - 06bedc96-d276-4186-804c-441da3383ef1: start FollowerState
2019-09-11 03:15:31,366 [12f94aba-1a41-4f36-aad5-fe218cdfc4f3@group-08832F9F56A9:LeaderElection16] INFO  impl.LeaderElection (LeaderElection.java:logAndReturn(56)) - 12f94aba-1a41-4f36-aad5-fe218cdfc4f3@group-08832F9F56A9:LeaderElection16: Election REJECTED; received 2 response(s) [12f94aba-1a41-4f36-aad5-fe218cdfc4f3<-fd8937d2-ae9c-4754-9095-8c93aae9e6b7#0:FAIL-t1, 12f94aba-1a41-4f36-aad5-fe218cdfc4f3<-02b9f8ce-4253-4591-af20-e5771c574668#0:FAIL-t1] and 0 exception(s); 12f94aba-1a41-4f36-aad5-fe218cdfc4f3@group-08832F9F56A9:t1, leader=null, voted=12f94aba-1a41-4f36-aad5-fe218cdfc4f3, raftlog=12f94aba-1a41-4f36-aad5-fe218cdfc4f3@group-08832F9F56A9-SegmentedRaftLog:OPENED:c-1,f-1,i0, conf=-1: [fd8937d2-ae9c-4754-9095-8c93aae9e6b7:192.168.34.53:46025, 12f94aba-1a41-4f36-aad5-fe218cdfc4f3:192.168.34.53:41482, 02b9f8ce-4253-4591-af20-e5771c574668:192.168.34.53:35050], old=null
2019-09-11 03:15:31,368 [fd8937d2-ae9c-4754-9095-8c93aae9e6b7@group-08832F9F56A9:LeaderElection17] INFO  impl.LeaderElection (LeaderElection.java:logAndReturn(56)) - fd8937d2-ae9c-4754-9095-8c93aae9e6b7@group-08832F9F56A9:LeaderElection17: Election REJECTED; received 2 response(s) [fd8937d2-ae9c-4754-9095-8c93aae9e6b7<-12f94aba-1a41-4f36-aad5-fe218cdfc4f3#0:FAIL-t1, fd8937d2-ae9c-4754-9095-8c93aae9e6b7<-02b9f8ce-4253-4591-af20-e5771c574668#0:FAIL-t1] and 0 exception(s); fd8937d2-ae9c-4754-9095-8c93aae9e6b7@group-08832F9F56A9:t1, leader=null, voted=fd8937d2-ae9c-4754-9095-8c93aae9e6b7, raftlog=fd8937d2-ae9c-4754-9095-8c93aae9e6b7@group-08832F9F56A9-SegmentedRaftLog:OPENED:c-1,f-1,i0, conf=-1: [fd8937d2-ae9c-4754-9095-8c93aae9e6b7:192.168.34.53:46025, 12f94aba-1a41-4f36-aad5-fe218cdfc4f3:192.168.34.53:41482, 02b9f8ce-4253-4591-af20-e5771c574668:192.168.34.53:35050], old=null
2019-09-11 03:15:31,368 [12f94aba-1a41-4f36-aad5-fe218cdfc4f3@group-08832F9F56A9:LeaderElection16] INFO  impl.RaftServerImpl (RaftServerImpl.java:setRole(174)) - 12f94aba-1a41-4f36-aad5-fe218cdfc4f3@group-08832F9F56A9: changes role from CANDIDATE to FOLLOWER at term 1 for DISCOVERED_A_NEW_TERM
2019-09-11 03:15:31,370 [12f94aba-1a41-4f36-aad5-fe218cdfc4f3@group-08832F9F56A9:LeaderElection16] INFO  impl.RoleInfo (RoleInfo.java:shutdownLeaderElection(134)) - 12f94aba-1a41-4f36-aad5-fe218cdfc4f3: shutdown LeaderElection
2019-09-11 03:15:31,372 [12f94aba-1a41-4f36-aad5-fe218cdfc4f3@group-08832F9F56A9:LeaderElection16] INFO  impl.RoleInfo (RoleInfo.java:updateAndGet(143)) - 12f94aba-1a41-4f36-aad5-fe218cdfc4f3: start FollowerState
2019-09-11 03:15:31,374 [fd8937d2-ae9c-4754-9095-8c93aae9e6b7@group-08832F9F56A9:LeaderElection17] INFO  impl.RaftServerImpl (RaftServerImpl.java:setRole(174)) - fd8937d2-ae9c-4754-9095-8c93aae9e6b7@group-08832F9F56A9: changes role from CANDIDATE to FOLLOWER at term 1 for DISCOVERED_A_NEW_TERM
2019-09-11 03:15:31,376 [fd8937d2-ae9c-4754-9095-8c93aae9e6b7@group-08832F9F56A9:LeaderElection17] INFO  impl.RoleInfo (RoleInfo.java:shutdownLeaderElection(134)) - fd8937d2-ae9c-4754-9095-8c93aae9e6b7: shutdown LeaderElection
2019-09-11 03:15:31,376 [fd8937d2-ae9c-4754-9095-8c93aae9e6b7@group-08832F9F56A9:LeaderElection17] INFO  impl.RoleInfo (RoleInfo.java:updateAndGet(143)) - fd8937d2-ae9c-4754-9095-8c93aae9e6b7: start FollowerState
2019-09-11 03:15:31,390 [6fcf04af-ebca-4852-b73e-87fdd08ef440@group-D5F610D5601A:LeaderElection15] INFO  impl.LeaderElection (LeaderElection.java:logAndReturn(56)) - 6fcf04af-ebca-4852-b73e-87fdd08ef440@group-D5F610D5601A:LeaderElection15: Election REJECTED; received 2 response(s) [6fcf04af-ebca-4852-b73e-87fdd08ef440<-53d5fcb5-8117-4632-855b-8768bb6778f7#0:FAIL-t1, 6fcf04af-ebca-4852-b73e-87fdd08ef440<-4b2356e4-aaef-4a34-8176-0946a74a854c#0:FAIL-t1] and 0 exception(s); 6fcf04af-ebca-4852-b73e-87fdd08ef440@group-D5F610D5601A:t1, leader=null, voted=6fcf04af-ebca-4852-b73e-87fdd08ef440, raftlog=6fcf04af-ebca-4852-b73e-87fdd08ef440@group-D5F610D5601A-SegmentedRaftLog:OPENED:c-1,f-1,i0, conf=-1: [53d5fcb5-8117-4632-855b-8768bb6778f7:192.168.34.53:34476, 4b2356e4-aaef-4a34-8176-0946a74a854c:192.168.34.53:33321, 6fcf04af-ebca-4852-b73e-87fdd08ef440:192.168.34.53:39264], old=null
2019-09-11 03:15:31,390 [6fcf04af-ebca-4852-b73e-87fdd08ef440@group-D5F610D5601A:LeaderElection15] INFO  impl.RaftServerImpl (RaftServerImpl.java:setRole(174)) - 6fcf04af-ebca-4852-b73e-87fdd08ef440@group-D5F610D5601A: changes role from CANDIDATE to FOLLOWER at term 1 for DISCOVERED_A_NEW_TERM
2019-09-11 03:15:31,392 [6fcf04af-ebca-4852-b73e-87fdd08ef440@group-D5F610D5601A:LeaderElection15] INFO  impl.RoleInfo (RoleInfo.java:shutdownLeaderElection(134)) - 6fcf04af-ebca-4852-b73e-87fdd08ef440: shutdown LeaderElection
2019-09-11 03:15:31,394 [6fcf04af-ebca-4852-b73e-87fdd08ef440@group-D5F610D5601A:LeaderElection15] INFO  impl.RoleInfo (RoleInfo.java:updateAndGet(143)) - 6fcf04af-ebca-4852-b73e-87fdd08ef440: start FollowerState
2019-09-11 03:15:31,394 [8c88a939-76a6-48ec-b449-781feab56278@group-C308026E702E:LeaderElection11] INFO  impl.LeaderElection (LeaderElection.java:logAndReturn(56)) - 8c88a939-76a6-48ec-b449-781feab56278@group-C308026E702E:LeaderElection11: Election REJECTED; received 2 response(s) [8c88a939-76a6-48ec-b449-781feab56278<-06bedc96-d276-4186-804c-441da3383ef1#0:FAIL-t1, 8c88a939-76a6-48ec-b449-781feab56278<-67340b07-f44b-4075-83dc-7a68839c1bb0#0:FAIL-t1] and 0 exception(s); 8c88a939-76a6-48ec-b449-781feab56278@group-C308026E702E:t1, leader=null, voted=8c88a939-76a6-48ec-b449-781feab56278, raftlog=8c88a939-76a6-48ec-b449-781feab56278@group-C308026E702E-SegmentedRaftLog:OPENED:c-1,f-1,i0, conf=-1: [06bedc96-d276-4186-804c-441da3383ef1:192.168.34.53:35709, 67340b07-f44b-4075-83dc-7a68839c1bb0:192.168.34.53:40083, 8c88a939-76a6-48ec-b449-781feab56278:192.168.34.53:40431], old=null
2019-09-11 03:15:31,396 [8c88a939-76a6-48ec-b449-781feab56278@group-C308026E702E:LeaderElection11] INFO  impl.RaftServerImpl (RaftServerImpl.java:setRole(174)) - 8c88a939-76a6-48ec-b449-781feab56278@group-C308026E702E: changes role from CANDIDATE to FOLLOWER at term 1 for DISCOVERED_A_NEW_TERM
2019-09-11 03:15:31,407 [8c88a939-76a6-48ec-b449-781feab56278@group-C308026E702E:LeaderElection11] INFO  impl.RoleInfo (RoleInfo.java:shutdownLeaderElection(134)) - 8c88a939-76a6-48ec-b449-781feab56278: shutdown LeaderElection
2019-09-11 03:15:31,407 [8c88a939-76a6-48ec-b449-781feab56278@group-C308026E702E:LeaderElection11] INFO  impl.RoleInfo (RoleInfo.java:updateAndGet(143)) - 8c88a939-76a6-48ec-b449-781feab56278: start FollowerState
2019-09-11 03:15:31,407 [67340b07-f44b-4075-83dc-7a68839c1bb0@group-C308026E702E:LeaderElection14] INFO  impl.LeaderElection (LeaderElection.java:logAndReturn(56)) - 67340b07-f44b-4075-83dc-7a68839c1bb0@group-C308026E702E:LeaderElection14: Election REJECTED; received 2 response(s) [67340b07-f44b-4075-83dc-7a68839c1bb0<-06bedc96-d276-4186-804c-441da3383ef1#0:FAIL-t1, 67340b07-f44b-4075-83dc-7a68839c1bb0<-8c88a939-76a6-48ec-b449-781feab56278#0:FAIL-t1] and 0 exception(s); 67340b07-f44b-4075-83dc-7a68839c1bb0@group-C308026E702E:t1, leader=null, voted=67340b07-f44b-4075-83dc-7a68839c1bb0, raftlog=67340b07-f44b-4075-83dc-7a68839c1bb0@group-C308026E702E-SegmentedRaftLog:OPENED:c-1,f-1,i0, conf=-1: [06bedc96-d276-4186-804c-441da3383ef1:192.168.34.53:35709, 67340b07-f44b-4075-83dc-7a68839c1bb0:192.168.34.53:40083, 8c88a939-76a6-48ec-b449-781feab56278:192.168.34.53:40431], old=null
2019-09-11 03:15:31,413 [67340b07-f44b-4075-83dc-7a68839c1bb0@group-C308026E702E:LeaderElection14] INFO  impl.RaftServerImpl (RaftServerImpl.java:setRole(174)) - 67340b07-f44b-4075-83dc-7a68839c1bb0@group-C308026E702E: changes role from CANDIDATE to FOLLOWER at term 1 for DISCOVERED_A_NEW_TERM
2019-09-11 03:15:31,414 [67340b07-f44b-4075-83dc-7a68839c1bb0@group-C308026E702E:LeaderElection14] INFO  impl.RoleInfo (RoleInfo.java:shutdownLeaderElection(134)) - 67340b07-f44b-4075-83dc-7a68839c1bb0: shutdown LeaderElection
2019-09-11 03:15:31,414 [53d5fcb5-8117-4632-855b-8768bb6778f7@group-D5F610D5601A:LeaderElection18] INFO  impl.LeaderElection (LeaderElection.java:logAndReturn(56)) - 53d5fcb5-8117-4632-855b-8768bb6778f7@group-D5F610D5601A:LeaderElection18: Election REJECTED; received 2 response(s) [53d5fcb5-8117-4632-855b-8768bb6778f7<-4b2356e4-aaef-4a34-8176-0946a74a854c#0:FAIL-t1, 53d5fcb5-8117-4632-855b-8768bb6778f7<-6fcf04af-ebca-4852-b73e-87fdd08ef440#0:FAIL-t1] and 0 exception(s); 53d5fcb5-8117-4632-855b-8768bb6778f7@group-D5F610D5601A:t1, leader=null, voted=53d5fcb5-8117-4632-855b-8768bb6778f7, raftlog=53d5fcb5-8117-4632-855b-8768bb6778f7@group-D5F610D5601A-SegmentedRaftLog:OPENED:c-1,f-1,i0, conf=-1: [53d5fcb5-8117-4632-855b-8768bb6778f7:192.168.34.53:34476, 4b2356e4-aaef-4a34-8176-0946a74a854c:192.168.34.53:33321, 6fcf04af-ebca-4852-b73e-87fdd08ef440:192.168.34.53:39264], old=null
2019-09-11 03:15:31,416 [67340b07-f44b-4075-83dc-7a68839c1bb0@group-C308026E702E:LeaderElection14] INFO  impl.RoleInfo (RoleInfo.java:updateAndGet(143)) - 67340b07-f44b-4075-83dc-7a68839c1bb0: start FollowerState
2019-09-11 03:15:31,416 [53d5fcb5-8117-4632-855b-8768bb6778f7@group-D5F610D5601A:LeaderElection18] INFO  impl.RaftServerImpl (RaftServerImpl.java:setRole(174)) - 53d5fcb5-8117-4632-855b-8768bb6778f7@group-D5F610D5601A: changes role from CANDIDATE to FOLLOWER at term 1 for DISCOVERED_A_NEW_TERM
2019-09-11 03:15:31,418 [53d5fcb5-8117-4632-855b-8768bb6778f7@group-D5F610D5601A:LeaderElection18] INFO  impl.RoleInfo (RoleInfo.java:shutdownLeaderElection(134)) - 53d5fcb5-8117-4632-855b-8768bb6778f7: shutdown LeaderElection
2019-09-11 03:15:31,418 [53d5fcb5-8117-4632-855b-8768bb6778f7@group-D5F610D5601A:LeaderElection18] INFO  impl.RoleInfo (RoleInfo.java:updateAndGet(143)) - 53d5fcb5-8117-4632-855b-8768bb6778f7: start FollowerState
2019-09-11 03:15:31,420 [02b9f8ce-4253-4591-af20-e5771c574668@group-08832F9F56A9:LeaderElection19] INFO  impl.LeaderElection (LeaderElection.java:logAndReturn(56)) - 02b9f8ce-4253-4591-af20-e5771c574668@group-08832F9F56A9:LeaderElection19: Election REJECTED; received 2 response(s) [02b9f8ce-4253-4591-af20-e5771c574668<-fd8937d2-ae9c-4754-9095-8c93aae9e6b7#0:FAIL-t1, 02b9f8ce-4253-4591-af20-e5771c574668<-12f94aba-1a41-4f36-aad5-fe218cdfc4f3#0:FAIL-t1] and 0 exception(s); 02b9f8ce-4253-4591-af20-e5771c574668@group-08832F9F56A9:t1, leader=null, voted=02b9f8ce-4253-4591-af20-e5771c574668, raftlog=02b9f8ce-4253-4591-af20-e5771c574668@group-08832F9F56A9-SegmentedRaftLog:OPENED:c-1,f-1,i0, conf=-1: [fd8937d2-ae9c-4754-9095-8c93aae9e6b7:192.168.34.53:46025, 12f94aba-1a41-4f36-aad5-fe218cdfc4f3:192.168.34.53:41482, 02b9f8ce-4253-4591-af20-e5771c574668:192.168.34.53:35050], old=null
2019-09-11 03:15:31,422 [02b9f8ce-4253-4591-af20-e5771c574668@group-08832F9F56A9:LeaderElection19] INFO  impl.RaftServerImpl (RaftServerImpl.java:setRole(174)) - 02b9f8ce-4253-4591-af20-e5771c574668@group-08832F9F56A9: changes role from CANDIDATE to FOLLOWER at term 1 for DISCOVERED_A_NEW_TERM
2019-09-11 03:15:31,422 [02b9f8ce-4253-4591-af20-e5771c574668@group-34B9A72BE4B0:LeaderElection9] INFO  impl.RoleInfo (RoleInfo.java:updateAndGet(143)) - 02b9f8ce-4253-4591-af20-e5771c574668: start LeaderState
2019-09-11 03:15:31,422 [02b9f8ce-4253-4591-af20-e5771c574668@group-08832F9F56A9:LeaderElection19] INFO  impl.RoleInfo (RoleInfo.java:shutdownLeaderElection(134)) - 02b9f8ce-4253-4591-af20-e5771c574668: shutdown LeaderElection
2019-09-11 03:15:31,424 [02b9f8ce-4253-4591-af20-e5771c574668@group-34B9A72BE4B0:LeaderElection9] INFO  segmented.SegmentedRaftLogWorker (SegmentedRaftLogWorker.java:startLogSegment(380)) - 02b9f8ce-4253-4591-af20-e5771c574668@group-34B9A72BE4B0-SegmentedRaftLogWorker: Starting segment from index:0
2019-09-11 03:15:31,424 [4b2356e4-aaef-4a34-8176-0946a74a854c@group-D5F610D5601A:LeaderElection12] INFO  impl.LeaderElection (LeaderElection.java:logAndReturn(56)) - 4b2356e4-aaef-4a34-8176-0946a74a854c@group-D5F610D5601A:LeaderElection12: Election REJECTED; received 2 response(s) [4b2356e4-aaef-4a34-8176-0946a74a854c<-53d5fcb5-8117-4632-855b-8768bb6778f7#0:FAIL-t1, 4b2356e4-aaef-4a34-8176-0946a74a854c<-6fcf04af-ebca-4852-b73e-87fdd08ef440#0:FAIL-t1] and 0 exception(s); 4b2356e4-aaef-4a34-8176-0946a74a854c@group-D5F610D5601A:t1, leader=null, voted=4b2356e4-aaef-4a34-8176-0946a74a854c, raftlog=4b2356e4-aaef-4a34-8176-0946a74a854c@group-D5F610D5601A-SegmentedRaftLog:OPENED:c-1,f-1,i0, conf=-1: [53d5fcb5-8117-4632-855b-8768bb6778f7:192.168.34.53:34476, 4b2356e4-aaef-4a34-8176-0946a74a854c:192.168.34.53:33321, 6fcf04af-ebca-4852-b73e-87fdd08ef440:192.168.34.53:39264], old=null
2019-09-11 03:15:31,424 [02b9f8ce-4253-4591-af20-e5771c574668@group-08832F9F56A9:LeaderElection19] INFO  impl.RoleInfo (RoleInfo.java:updateAndGet(143)) - 02b9f8ce-4253-4591-af20-e5771c574668: start FollowerState
2019-09-11 03:15:31,424 [4b2356e4-aaef-4a34-8176-0946a74a854c@group-D5F610D5601A:LeaderElection12] INFO  impl.RaftServerImpl (RaftServerImpl.java:setRole(174)) - 4b2356e4-aaef-4a34-8176-0946a74a854c@group-D5F610D5601A: changes role from CANDIDATE to FOLLOWER at term 1 for DISCOVERED_A_NEW_TERM
2019-09-11 03:15:31,427 [4b2356e4-aaef-4a34-8176-0946a74a854c@group-D5F610D5601A:LeaderElection12] INFO  impl.RoleInfo (RoleInfo.java:shutdownLeaderElection(134)) - 4b2356e4-aaef-4a34-8176-0946a74a854c: shutdown LeaderElection
2019-09-11 03:15:31,427 [02b9f8ce-4253-4591-af20-e5771c574668@group-34B9A72BE4B0:LeaderElection9] INFO  impl.RaftServerImpl (ServerState.java:setRaftConf(354)) - 02b9f8ce-4253-4591-af20-e5771c574668@group-34B9A72BE4B0: set configuration 0: [02b9f8ce-4253-4591-af20-e5771c574668:192.168.34.53:35050], old=null at 0
2019-09-11 03:15:31,427 [4b2356e4-aaef-4a34-8176-0946a74a854c@group-D5F610D5601A:LeaderElection12] INFO  impl.RoleInfo (RoleInfo.java:updateAndGet(143)) - 4b2356e4-aaef-4a34-8176-0946a74a854c: start FollowerState
2019-09-11 03:15:31,428 [12f94aba-1a41-4f36-aad5-fe218cdfc4f3@group-F59BD0871E54:LeaderElection8] INFO  impl.RoleInfo (RoleInfo.java:updateAndGet(143)) - 12f94aba-1a41-4f36-aad5-fe218cdfc4f3: start LeaderState
2019-09-11 03:15:31,428 [fd8937d2-ae9c-4754-9095-8c93aae9e6b7@group-21C29C4993BA:LeaderElection7] INFO  impl.RoleInfo (RoleInfo.java:updateAndGet(143)) - fd8937d2-ae9c-4754-9095-8c93aae9e6b7: start LeaderState
2019-09-11 03:15:31,428 [12f94aba-1a41-4f36-aad5-fe218cdfc4f3@group-F59BD0871E54:LeaderElection8] INFO  segmented.SegmentedRaftLogWorker (SegmentedRaftLogWorker.java:startLogSegment(380)) - 12f94aba-1a41-4f36-aad5-fe218cdfc4f3@group-F59BD0871E54-SegmentedRaftLogWorker: Starting segment from index:0
2019-09-11 03:15:31,428 [fd8937d2-ae9c-4754-9095-8c93aae9e6b7@group-21C29C4993BA:LeaderElection7] INFO  segmented.SegmentedRaftLogWorker (SegmentedRaftLogWorker.java:startLogSegment(380)) - fd8937d2-ae9c-4754-9095-8c93aae9e6b7@group-21C29C4993BA-SegmentedRaftLogWorker: Starting segment from index:0
2019-09-11 03:15:31,428 [12f94aba-1a41-4f36-aad5-fe218cdfc4f3@group-F59BD0871E54:LeaderElection8] INFO  impl.RaftServerImpl (ServerState.java:setRaftConf(354)) - 12f94aba-1a41-4f36-aad5-fe218cdfc4f3@group-F59BD0871E54: set configuration 0: [12f94aba-1a41-4f36-aad5-fe218cdfc4f3:192.168.34.53:41482], old=null at 0
2019-09-11 03:15:31,428 [fd8937d2-ae9c-4754-9095-8c93aae9e6b7@group-21C29C4993BA:LeaderElection7] INFO  impl.RaftServerImpl (ServerState.java:setRaftConf(354)) - fd8937d2-ae9c-4754-9095-8c93aae9e6b7@group-21C29C4993BA: set configuration 0: [fd8937d2-ae9c-4754-9095-8c93aae9e6b7:192.168.34.53:46025], old=null at 0
2019-09-11 03:15:31,429 [4b2356e4-aaef-4a34-8176-0946a74a854c@group-845EC6E4B2A4:LeaderElection10] INFO  impl.RoleInfo (RoleInfo.java:updateAndGet(143)) - 4b2356e4-aaef-4a34-8176-0946a74a854c: start LeaderState
2019-09-11 03:15:31,430 [4b2356e4-aaef-4a34-8176-0946a74a854c@group-845EC6E4B2A4:LeaderElection10] INFO  segmented.SegmentedRaftLogWorker (SegmentedRaftLogWorker.java:startLogSegment(380)) - 4b2356e4-aaef-4a34-8176-0946a74a854c@group-845EC6E4B2A4-SegmentedRaftLogWorker: Starting segment from index:0
2019-09-11 03:15:31,430 [4b2356e4-aaef-4a34-8176-0946a74a854c@group-845EC6E4B2A4:LeaderElection10] INFO  impl.RaftServerImpl (ServerState.java:setRaftConf(354)) - 4b2356e4-aaef-4a34-8176-0946a74a854c@group-845EC6E4B2A4: set configuration 0: [4b2356e4-aaef-4a34-8176-0946a74a854c:192.168.34.53:33321], old=null at 0
2019-09-11 03:15:31,518 [02b9f8ce-4253-4591-af20-e5771c574668@group-34B9A72BE4B0-SegmentedRaftLogWorker] INFO  segmented.SegmentedRaftLogWorker (SegmentedRaftLogWorker.java:execute(569)) - 02b9f8ce-4253-4591-af20-e5771c574668@group-34B9A72BE4B0-SegmentedRaftLogWorker: created new log segment /workdir/hadoop-ozone/integration-test/target/test-dir/MiniOzoneClusterImpl-ffccced8-c8d8-492e-805a-99618b7a2b29/datanode-1/data/ratis/6d5c8302-efe7-4b53-aa73-34b9a72be4b0/current/log_inprogress_0
2019-09-11 03:15:31,518 [fd8937d2-ae9c-4754-9095-8c93aae9e6b7@group-21C29C4993BA-SegmentedRaftLogWorker] INFO  segmented.SegmentedRaftLogWorker (SegmentedRaftLogWorker.java:execute(569)) - fd8937d2-ae9c-4754-9095-8c93aae9e6b7@group-21C29C4993BA-SegmentedRaftLogWorker: created new log segment /workdir/hadoop-ozone/integration-test/target/test-dir/MiniOzoneClusterImpl-ffccced8-c8d8-492e-805a-99618b7a2b29/datanode-4/data/ratis/27ca5433-ce0e-47d4-b404-21c29c4993ba/current/log_inprogress_0
2019-09-11 03:15:31,518 [4b2356e4-aaef-4a34-8176-0946a74a854c@group-845EC6E4B2A4-SegmentedRaftLogWorker] INFO  segmented.SegmentedRaftLogWorker (SegmentedRaftLogWorker.java:execute(569)) - 4b2356e4-aaef-4a34-8176-0946a74a854c@group-845EC6E4B2A4-SegmentedRaftLogWorker: created new log segment /workdir/hadoop-ozone/integration-test/target/test-dir/MiniOzoneClusterImpl-ffccced8-c8d8-492e-805a-99618b7a2b29/datanode-9/data/ratis/f3ca13b5-2407-4e98-815f-845ec6e4b2a4/current/log_inprogress_0
2019-09-11 03:15:31,518 [12f94aba-1a41-4f36-aad5-fe218cdfc4f3@group-F59BD0871E54-SegmentedRaftLogWorker] INFO  segmented.SegmentedRaftLogWorker (SegmentedRaftLogWorker.java:execute(569)) - 12f94aba-1a41-4f36-aad5-fe218cdfc4f3@group-F59BD0871E54-SegmentedRaftLogWorker: created new log segment /workdir/hadoop-ozone/integration-test/target/test-dir/MiniOzoneClusterImpl-ffccced8-c8d8-492e-805a-99618b7a2b29/datanode-3/data/ratis/95ebf42d-e1a2-4723-8047-f59bd0871e54/current/log_inprogress_0
2019-09-11 03:15:31,604 [main] INFO  impl.MetricsSystemImpl (MetricsSystemImpl.java:init(158)) - XceiverClientMetrics metrics system started (again)
2019-09-11 03:15:31,750 [grpc-default-executor-0] INFO  client.GrpcClientProtocolClient (GrpcClientProtocolClient.java:onNext(264)) - client-133138C33850->06bedc96-d276-4186-804c-441da3383ef1: receive RaftClientReply:client-133138C33850->06bedc96-d276-4186-804c-441da3383ef1@group-C308026E702E, cid=19, FAILED org.apache.ratis.protocol.NotLeaderException: Server 06bedc96-d276-4186-804c-441da3383ef1@group-C308026E702E is not the leader, logIndex=0, commits[06bedc96-d276-4186-804c-441da3383ef1:c-1]
2019-09-11 03:15:32,381 [Thread-394] INFO  impl.FollowerState (FollowerState.java:run(106)) - 12f94aba-1a41-4f36-aad5-fe218cdfc4f3:group-08832F9F56A9 changes to CANDIDATE, lastRpcTime:1009, electionTimeout:1005ms
2019-09-11 03:15:32,382 [Thread-394] INFO  impl.RoleInfo (RoleInfo.java:shutdownFollowerState(121)) - 12f94aba-1a41-4f36-aad5-fe218cdfc4f3: shutdown FollowerState
2019-09-11 03:15:32,382 [Thread-394] INFO  impl.RaftServerImpl (RaftServerImpl.java:setRole(174)) - 12f94aba-1a41-4f36-aad5-fe218cdfc4f3@group-08832F9F56A9: changes role from  FOLLOWER to CANDIDATE at term 1 for changeToCandidate
2019-09-11 03:15:32,382 [Thread-394] INFO  impl.RoleInfo (RoleInfo.java:updateAndGet(143)) - 12f94aba-1a41-4f36-aad5-fe218cdfc4f3: start LeaderElection
2019-09-11 03:15:32,407 [12f94aba-1a41-4f36-aad5-fe218cdfc4f3@group-08832F9F56A9:LeaderElection20] INFO  impl.LeaderElection (LeaderElection.java:askForVotes(182)) - 12f94aba-1a41-4f36-aad5-fe218cdfc4f3@group-08832F9F56A9:LeaderElection20: begin an election at term 2 for -1: [fd8937d2-ae9c-4754-9095-8c93aae9e6b7:192.168.34.53:46025, 12f94aba-1a41-4f36-aad5-fe218cdfc4f3:192.168.34.53:41482, 02b9f8ce-4253-4591-af20-e5771c574668:192.168.34.53:35050], old=null
2019-09-11 03:15:32,422 [grpc-default-executor-2] INFO  impl.RaftServerImpl (RaftServerImpl.java:setRole(174)) - fd8937d2-ae9c-4754-9095-8c93aae9e6b7@group-08832F9F56A9: changes role from  FOLLOWER to FOLLOWER at term 2 for recognizeCandidate:12f94aba-1a41-4f36-aad5-fe218cdfc4f3
2019-09-11 03:15:32,422 [grpc-default-executor-0] INFO  impl.RaftServerImpl (RaftServerImpl.java:setRole(174)) - 02b9f8ce-4253-4591-af20-e5771c574668@group-08832F9F56A9: changes role from  FOLLOWER to FOLLOWER at term 2 for recognizeCandidate:12f94aba-1a41-4f36-aad5-fe218cdfc4f3
2019-09-11 03:15:32,423 [grpc-default-executor-2] INFO  impl.RoleInfo (RoleInfo.java:shutdownFollowerState(121)) - fd8937d2-ae9c-4754-9095-8c93aae9e6b7: shutdown FollowerState
2019-09-11 03:15:32,423 [grpc-default-executor-0] INFO  impl.RoleInfo (RoleInfo.java:shutdownFollowerState(121)) - 02b9f8ce-4253-4591-af20-e5771c574668: shutdown FollowerState
2019-09-11 03:15:32,423 [grpc-default-executor-2] INFO  impl.RoleInfo (RoleInfo.java:updateAndGet(143)) - fd8937d2-ae9c-4754-9095-8c93aae9e6b7: start FollowerState
2019-09-11 03:15:32,423 [Thread-400] INFO  impl.FollowerState (FollowerState.java:run(115)) - 02b9f8ce-4253-4591-af20-e5771c574668: FollowerState was interrupted: java.lang.InterruptedException: sleep interrupted
2019-09-11 03:15:32,423 [grpc-default-executor-0] INFO  impl.RoleInfo (RoleInfo.java:updateAndGet(143)) - 02b9f8ce-4253-4591-af20-e5771c574668: start FollowerState
2019-09-11 03:15:32,423 [Thread-395] INFO  impl.FollowerState (FollowerState.java:run(115)) - fd8937d2-ae9c-4754-9095-8c93aae9e6b7: FollowerState was interrupted: java.lang.InterruptedException: sleep interrupted
2019-09-11 03:15:32,443 [12f94aba-1a41-4f36-aad5-fe218cdfc4f3@group-08832F9F56A9:LeaderElection20] INFO  impl.LeaderElection (LeaderElection.java:logAndReturn(56)) - 12f94aba-1a41-4f36-aad5-fe218cdfc4f3@group-08832F9F56A9:LeaderElection20: Election PASSED; received 1 response(s) [12f94aba-1a41-4f36-aad5-fe218cdfc4f3<-02b9f8ce-4253-4591-af20-e5771c574668#0:OK-t2] and 0 exception(s); 12f94aba-1a41-4f36-aad5-fe218cdfc4f3@group-08832F9F56A9:t2, leader=null, voted=12f94aba-1a41-4f36-aad5-fe218cdfc4f3, raftlog=12f94aba-1a41-4f36-aad5-fe218cdfc4f3@group-08832F9F56A9-SegmentedRaftLog:OPENED:c-1,f-1,i0, conf=-1: [fd8937d2-ae9c-4754-9095-8c93aae9e6b7:192.168.34.53:46025, 12f94aba-1a41-4f36-aad5-fe218cdfc4f3:192.168.34.53:41482, 02b9f8ce-4253-4591-af20-e5771c574668:192.168.34.53:35050], old=null
2019-09-11 03:15:32,443 [12f94aba-1a41-4f36-aad5-fe218cdfc4f3@group-08832F9F56A9:LeaderElection20] INFO  impl.RoleInfo (RoleInfo.java:shutdownLeaderElection(134)) - 12f94aba-1a41-4f36-aad5-fe218cdfc4f3: shutdown LeaderElection
2019-09-11 03:15:32,446 [12f94aba-1a41-4f36-aad5-fe218cdfc4f3@group-08832F9F56A9:LeaderElection20] INFO  impl.RaftServerImpl (RaftServerImpl.java:setRole(174)) - 12f94aba-1a41-4f36-aad5-fe218cdfc4f3@group-08832F9F56A9: changes role from CANDIDATE to LEADER at term 2 for changeToLeader
2019-09-11 03:15:32,446 [12f94aba-1a41-4f36-aad5-fe218cdfc4f3@group-08832F9F56A9:LeaderElection20] INFO  impl.RaftServerImpl (ServerState.java:setLeader(253)) - 12f94aba-1a41-4f36-aad5-fe218cdfc4f3@group-08832F9F56A9: change Leader from null to 12f94aba-1a41-4f36-aad5-fe218cdfc4f3 at term 2 for becomeLeader, leader elected after 2374ms
2019-09-11 03:15:32,447 [12f94aba-1a41-4f36-aad5-fe218cdfc4f3@group-08832F9F56A9:LeaderElection20] INFO  server.RaftServerConfigKeys (ConfUtils.java:logGet(43)) - raft.server.staging.catchup.gap = 1000 (default)
2019-09-11 03:15:32,447 [12f94aba-1a41-4f36-aad5-fe218cdfc4f3@group-08832F9F56A9:LeaderElection20] INFO  server.RaftServerConfigKeys (ConfUtils.java:logGet(43)) - raft.server.rpc.sleep.time = 25ms (default)
2019-09-11 03:15:32,447 [12f94aba-1a41-4f36-aad5-fe218cdfc4f3@group-08832F9F56A9:LeaderElection20] INFO  server.RaftServerConfigKeys (ConfUtils.java:logGet(43)) - raft.server.write.element-limit = 4096 (default)
2019-09-11 03:15:32,447 [12f94aba-1a41-4f36-aad5-fe218cdfc4f3@group-08832F9F56A9:LeaderElection20] INFO  server.RaftServerConfigKeys (ConfUtils.java:logGet(43)) - raft.server.watch.timeout = 10s (default)
2019-09-11 03:15:32,448 [12f94aba-1a41-4f36-aad5-fe218cdfc4f3@group-08832F9F56A9:LeaderElection20] INFO  server.RaftServerConfigKeys (ConfUtils.java:logGet(43)) - raft.server.watch.timeout.denomination = 1s (default)
2019-09-11 03:15:32,448 [12f94aba-1a41-4f36-aad5-fe218cdfc4f3@group-08832F9F56A9:LeaderElection20] INFO  server.RaftServerConfigKeys (ConfUtils.java:logGet(43)) - raft.server.watch.element-limit = 65536 (default)
2019-09-11 03:15:32,455 [Thread-399] INFO  impl.FollowerState (FollowerState.java:run(106)) - 53d5fcb5-8117-4632-855b-8768bb6778f7:group-D5F610D5601A changes to CANDIDATE, lastRpcTime:1037, electionTimeout:1035ms
2019-09-11 03:15:32,458 [Thread-399] INFO  impl.RoleInfo (RoleInfo.java:shutdownFollowerState(121)) - 53d5fcb5-8117-4632-855b-8768bb6778f7: shutdown FollowerState
2019-09-11 03:15:32,458 [Thread-399] INFO  impl.RaftServerImpl (RaftServerImpl.java:setRole(174)) - 53d5fcb5-8117-4632-855b-8768bb6778f7@group-D5F610D5601A: changes role from  FOLLOWER to CANDIDATE at term 1 for changeToCandidate
2019-09-11 03:15:32,458 [Thread-399] INFO  impl.RoleInfo (RoleInfo.java:updateAndGet(143)) - 53d5fcb5-8117-4632-855b-8768bb6778f7: start LeaderElection
2019-09-11 03:15:32,459 [12f94aba-1a41-4f36-aad5-fe218cdfc4f3@group-08832F9F56A9:LeaderElection20] INFO  server.RaftServerConfigKeys (ConfUtils.java:logGet(43)) - raft.server.log.appender.snapshot.chunk.size.max = 16MB (=16777216) (default)
2019-09-11 03:15:32,459 [12f94aba-1a41-4f36-aad5-fe218cdfc4f3@group-08832F9F56A9:LeaderElection20] INFO  server.RaftServerConfigKeys (ConfUtils.java:logGet(43)) - raft.server.log.appender.buffer.byte-limit = 33554432 (custom)
2019-09-11 03:15:32,460 [12f94aba-1a41-4f36-aad5-fe218cdfc4f3@group-08832F9F56A9:LeaderElection20] INFO  server.RaftServerConfigKeys (ConfUtils.java:logGet(43)) - raft.server.log.appender.buffer.element-limit = 1 (custom)
2019-09-11 03:15:32,465 [12f94aba-1a41-4f36-aad5-fe218cdfc4f3@group-08832F9F56A9:LeaderElection20] INFO  grpc.GrpcConfigKeys$Server (ConfUtils.java:logGet(43)) - raft.grpc.server.leader.outstanding.appends.max = 128 (default)
2019-09-11 03:15:32,465 [12f94aba-1a41-4f36-aad5-fe218cdfc4f3@group-08832F9F56A9:LeaderElection20] INFO  server.RaftServerConfigKeys (ConfUtils.java:logGet(43)) - raft.server.rpc.request.timeout = 3000ms (default)
2019-09-11 03:15:32,466 [12f94aba-1a41-4f36-aad5-fe218cdfc4f3@group-08832F9F56A9:LeaderElection20] INFO  server.RaftServerConfigKeys (ConfUtils.java:logGet(43)) - raft.server.log.appender.install.snapshot.enabled = false (custom)
2019-09-11 03:15:32,467 [Thread-398] INFO  impl.FollowerState (FollowerState.java:run(106)) - 67340b07-f44b-4075-83dc-7a68839c1bb0:group-C308026E702E changes to CANDIDATE, lastRpcTime:1051, electionTimeout:1049ms
2019-09-11 03:15:32,467 [12f94aba-1a41-4f36-aad5-fe218cdfc4f3@group-08832F9F56A9:LeaderElection20] INFO  server.RaftServerConfigKeys (ConfUtils.java:logGet(43)) - raft.server.log.appender.snapshot.chunk.size.max = 16MB (=16777216) (default)
2019-09-11 03:15:32,467 [Thread-398] INFO  impl.RoleInfo (RoleInfo.java:shutdownFollowerState(121)) - 67340b07-f44b-4075-83dc-7a68839c1bb0: shutdown FollowerState
2019-09-11 03:15:32,467 [12f94aba-1a41-4f36-aad5-fe218cdfc4f3@group-08832F9F56A9:LeaderElection20] INFO  server.RaftServerConfigKeys (ConfUtils.java:logGet(43)) - raft.server.log.appender.buffer.byte-limit = 33554432 (custom)
2019-09-11 03:15:32,467 [Thread-398] INFO  impl.RaftServerImpl (RaftServerImpl.java:setRole(174)) - 67340b07-f44b-4075-83dc-7a68839c1bb0@group-C308026E702E: changes role from  FOLLOWER to CANDIDATE at term 1 for changeToCandidate
2019-09-11 03:15:32,468 [12f94aba-1a41-4f36-aad5-fe218cdfc4f3@group-08832F9F56A9:LeaderElection20] INFO  server.RaftServerConfigKeys (ConfUtils.java:logGet(43)) - raft.server.log.appender.buffer.element-limit = 1 (custom)
2019-09-11 03:15:32,468 [Thread-398] INFO  impl.RoleInfo (RoleInfo.java:updateAndGet(143)) - 67340b07-f44b-4075-83dc-7a68839c1bb0: start LeaderElection
2019-09-11 03:15:32,468 [12f94aba-1a41-4f36-aad5-fe218cdfc4f3@group-08832F9F56A9:LeaderElection20] INFO  grpc.GrpcConfigKeys$Server (ConfUtils.java:logGet(43)) - raft.grpc.server.leader.outstanding.appends.max = 128 (default)
2019-09-11 03:15:32,468 [12f94aba-1a41-4f36-aad5-fe218cdfc4f3@group-08832F9F56A9:LeaderElection20] INFO  server.RaftServerConfigKeys (ConfUtils.java:logGet(43)) - raft.server.rpc.request.timeout = 3000ms (default)
2019-09-11 03:15:32,468 [12f94aba-1a41-4f36-aad5-fe218cdfc4f3@group-08832F9F56A9:LeaderElection20] INFO  server.RaftServerConfigKeys (ConfUtils.java:logGet(43)) - raft.server.log.appender.install.snapshot.enabled = false (custom)
2019-09-11 03:15:32,470 [12f94aba-1a41-4f36-aad5-fe218cdfc4f3@group-08832F9F56A9:LeaderElection20] INFO  impl.RoleInfo (RoleInfo.java:updateAndGet(143)) - 12f94aba-1a41-4f36-aad5-fe218cdfc4f3: start LeaderState
2019-09-11 03:15:32,471 [12f94aba-1a41-4f36-aad5-fe218cdfc4f3@group-08832F9F56A9:LeaderElection20] INFO  segmented.SegmentedRaftLogWorker (SegmentedRaftLogWorker.java:startLogSegment(380)) - 12f94aba-1a41-4f36-aad5-fe218cdfc4f3@group-08832F9F56A9-SegmentedRaftLogWorker: Starting segment from index:0
2019-09-11 03:15:32,472 [12f94aba-1a41-4f36-aad5-fe218cdfc4f3@group-08832F9F56A9:LeaderElection20] INFO  impl.RaftServerImpl (ServerState.java:setRaftConf(354)) - 12f94aba-1a41-4f36-aad5-fe218cdfc4f3@group-08832F9F56A9: set configuration 0: [fd8937d2-ae9c-4754-9095-8c93aae9e6b7:192.168.34.53:46025, 12f94aba-1a41-4f36-aad5-fe218cdfc4f3:192.168.34.53:41482, 02b9f8ce-4253-4591-af20-e5771c574668:192.168.34.53:35050], old=null at 0
2019-09-11 03:15:32,507 [Thread-393] INFO  impl.FollowerState (FollowerState.java:run(106)) - 06bedc96-d276-4186-804c-441da3383ef1:group-C308026E702E changes to CANDIDATE, lastRpcTime:1161, electionTimeout:1136ms
2019-09-11 03:15:32,507 [Thread-401] INFO  impl.FollowerState (FollowerState.java:run(106)) - 4b2356e4-aaef-4a34-8176-0946a74a854c:group-D5F610D5601A changes to CANDIDATE, lastRpcTime:1079, electionTimeout:1055ms
2019-09-11 03:15:32,507 [53d5fcb5-8117-4632-855b-8768bb6778f7@group-D5F610D5601A:LeaderElection21] INFO  impl.LeaderElection (LeaderElection.java:askForVotes(182)) - 53d5fcb5-8117-4632-855b-8768bb6778f7@group-D5F610D5601A:LeaderElection21: begin an election at term 2 for -1: [53d5fcb5-8117-4632-855b-8768bb6778f7:192.168.34.53:34476, 4b2356e4-aaef-4a34-8176-0946a74a854c:192.168.34.53:33321, 6fcf04af-ebca-4852-b73e-87fdd08ef440:192.168.34.53:39264], old=null
2019-09-11 03:15:32,507 [Thread-393] INFO  impl.RoleInfo (RoleInfo.java:shutdownFollowerState(121)) - 06bedc96-d276-4186-804c-441da3383ef1: shutdown FollowerState
2019-09-11 03:15:32,507 [67340b07-f44b-4075-83dc-7a68839c1bb0@group-C308026E702E:LeaderElection22] INFO  impl.LeaderElection (LeaderElection.java:askForVotes(182)) - 67340b07-f44b-4075-83dc-7a68839c1bb0@group-C308026E702E:LeaderElection22: begin an election at term 2 for -1: [06bedc96-d276-4186-804c-441da3383ef1:192.168.34.53:35709, 67340b07-f44b-4075-83dc-7a68839c1bb0:192.168.34.53:40083, 8c88a939-76a6-48ec-b449-781feab56278:192.168.34.53:40431], old=null
2019-09-11 03:15:32,508 [Thread-393] INFO  impl.RaftServerImpl (RaftServerImpl.java:setRole(174)) - 06bedc96-d276-4186-804c-441da3383ef1@group-C308026E702E: changes role from  FOLLOWER to CANDIDATE at term 1 for changeToCandidate
2019-09-11 03:15:32,507 [Thread-401] INFO  impl.RoleInfo (RoleInfo.java:shutdownFollowerState(121)) - 4b2356e4-aaef-4a34-8176-0946a74a854c: shutdown FollowerState
2019-09-11 03:15:32,508 [Thread-401] INFO  impl.RaftServerImpl (RaftServerImpl.java:setRole(174)) - 4b2356e4-aaef-4a34-8176-0946a74a854c@group-D5F610D5601A: changes role from  FOLLOWER to CANDIDATE at term 1 for changeToCandidate
2019-09-11 03:15:32,508 [Thread-393] INFO  impl.RoleInfo (RoleInfo.java:updateAndGet(143)) - 06bedc96-d276-4186-804c-441da3383ef1: start LeaderElection
2019-09-11 03:15:32,508 [Thread-401] INFO  impl.RoleInfo (RoleInfo.java:updateAndGet(143)) - 4b2356e4-aaef-4a34-8176-0946a74a854c: start LeaderElection
2019-09-11 03:15:32,516 [grpc-default-executor-0] INFO  impl.RaftServerImpl (RaftServerImpl.java:setRole(174)) - 6fcf04af-ebca-4852-b73e-87fdd08ef440@group-D5F610D5601A: changes role from  FOLLOWER to FOLLOWER at term 2 for recognizeCandidate:53d5fcb5-8117-4632-855b-8768bb6778f7
2019-09-11 03:15:32,516 [grpc-default-executor-0] INFO  impl.RoleInfo (RoleInfo.java:shutdownFollowerState(121)) - 6fcf04af-ebca-4852-b73e-87fdd08ef440: shutdown FollowerState
2019-09-11 03:15:32,516 [grpc-default-executor-3] INFO  impl.RaftServerImpl (RaftServerImpl.java:setRole(174)) - 8c88a939-76a6-48ec-b449-781feab56278@group-C308026E702E: changes role from  FOLLOWER to FOLLOWER at term 2 for recognizeCandidate:67340b07-f44b-4075-83dc-7a68839c1bb0
2019-09-11 03:15:32,516 [Thread-396] INFO  impl.FollowerState (FollowerState.java:run(115)) - 6fcf04af-ebca-4852-b73e-87fdd08ef440: FollowerState was interrupted: java.lang.InterruptedException: sleep interrupted
2019-09-11 03:15:32,516 [grpc-default-executor-0] INFO  impl.RoleInfo (RoleInfo.java:updateAndGet(143)) - 6fcf04af-ebca-4852-b73e-87fdd08ef440: start FollowerState
2019-09-11 03:15:32,516 [grpc-default-executor-3] INFO  impl.RoleInfo (RoleInfo.java:shutdownFollowerState(121)) - 8c88a939-76a6-48ec-b449-781feab56278: shutdown FollowerState
2019-09-11 03:15:32,517 [grpc-default-executor-3] INFO  impl.RoleInfo (RoleInfo.java:updateAndGet(143)) - 8c88a939-76a6-48ec-b449-781feab56278: start FollowerState
2019-09-11 03:15:32,517 [Thread-397] INFO  impl.FollowerState (FollowerState.java:run(115)) - 8c88a939-76a6-48ec-b449-781feab56278: FollowerState was interrupted: java.lang.InterruptedException: sleep interrupted
2019-09-11 03:15:32,520 [12f94aba-1a41-4f36-aad5-fe218cdfc4f3@group-08832F9F56A9-SegmentedRaftLogWorker] INFO  segmented.SegmentedRaftLogWorker (SegmentedRaftLogWorker.java:execute(569)) - 12f94aba-1a41-4f36-aad5-fe218cdfc4f3@group-08832F9F56A9-SegmentedRaftLogWorker: created new log segment /workdir/hadoop-ozone/integration-test/target/test-dir/MiniOzoneClusterImpl-ffccced8-c8d8-492e-805a-99618b7a2b29/datanode-3/data/ratis/2ba24a89-d0aa-47ca-b633-08832f9f56a9/current/log_inprogress_0
2019-09-11 03:15:32,521 [4b2356e4-aaef-4a34-8176-0946a74a854c@group-D5F610D5601A:LeaderElection24] INFO  impl.LeaderElection (LeaderElection.java:askForVotes(182)) - 4b2356e4-aaef-4a34-8176-0946a74a854c@group-D5F610D5601A:LeaderElection24: begin an election at term 2 for -1: [53d5fcb5-8117-4632-855b-8768bb6778f7:192.168.34.53:34476, 4b2356e4-aaef-4a34-8176-0946a74a854c:192.168.34.53:33321, 6fcf04af-ebca-4852-b73e-87fdd08ef440:192.168.34.53:39264], old=null
2019-09-11 03:15:32,521 [06bedc96-d276-4186-804c-441da3383ef1@group-C308026E702E:LeaderElection23] INFO  impl.LeaderElection (LeaderElection.java:askForVotes(182)) - 06bedc96-d276-4186-804c-441da3383ef1@group-C308026E702E:LeaderElection23: begin an election at term 2 for -1: [06bedc96-d276-4186-804c-441da3383ef1:192.168.34.53:35709, 67340b07-f44b-4075-83dc-7a68839c1bb0:192.168.34.53:40083, 8c88a939-76a6-48ec-b449-781feab56278:192.168.34.53:40431], old=null
2019-09-11 03:15:32,536 [4b2356e4-aaef-4a34-8176-0946a74a854c@group-D5F610D5601A:LeaderElection24] INFO  impl.LeaderElection (LeaderElection.java:logAndReturn(56)) - 4b2356e4-aaef-4a34-8176-0946a74a854c@group-D5F610D5601A:LeaderElection24: Election REJECTED; received 2 response(s) [4b2356e4-aaef-4a34-8176-0946a74a854c<-53d5fcb5-8117-4632-855b-8768bb6778f7#0:FAIL-t2, 4b2356e4-aaef-4a34-8176-0946a74a854c<-6fcf04af-ebca-4852-b73e-87fdd08ef440#0:FAIL-t2] and 0 exception(s); 4b2356e4-aaef-4a34-8176-0946a74a854c@group-D5F610D5601A:t2, leader=null, voted=4b2356e4-aaef-4a34-8176-0946a74a854c, raftlog=4b2356e4-aaef-4a34-8176-0946a74a854c@group-D5F610D5601A-SegmentedRaftLog:OPENED:c-1,f-1,i0, conf=-1: [53d5fcb5-8117-4632-855b-8768bb6778f7:192.168.34.53:34476, 4b2356e4-aaef-4a34-8176-0946a74a854c:192.168.34.53:33321, 6fcf04af-ebca-4852-b73e-87fdd08ef440:192.168.34.53:39264], old=null
2019-09-11 03:15:32,536 [06bedc96-d276-4186-804c-441da3383ef1@group-C308026E702E:LeaderElection23] INFO  impl.LeaderElection (LeaderElection.java:logAndReturn(56)) - 06bedc96-d276-4186-804c-441da3383ef1@group-C308026E702E:LeaderElection23: Election REJECTED; received 2 response(s) [06bedc96-d276-4186-804c-441da3383ef1<-67340b07-f44b-4075-83dc-7a68839c1bb0#0:FAIL-t2, 06bedc96-d276-4186-804c-441da3383ef1<-8c88a939-76a6-48ec-b449-781feab56278#0:FAIL-t2] and 0 exception(s); 06bedc96-d276-4186-804c-441da3383ef1@group-C308026E702E:t2, leader=null, voted=06bedc96-d276-4186-804c-441da3383ef1, raftlog=06bedc96-d276-4186-804c-441da3383ef1@group-C308026E702E-SegmentedRaftLog:OPENED:c-1,f-1,i0, conf=-1: [06bedc96-d276-4186-804c-441da3383ef1:192.168.34.53:35709, 67340b07-f44b-4075-83dc-7a68839c1bb0:192.168.34.53:40083, 8c88a939-76a6-48ec-b449-781feab56278:192.168.34.53:40431], old=null
2019-09-11 03:15:32,539 [4b2356e4-aaef-4a34-8176-0946a74a854c@group-D5F610D5601A:LeaderElection24] INFO  impl.RaftServerImpl (RaftServerImpl.java:setRole(174)) - 4b2356e4-aaef-4a34-8176-0946a74a854c@group-D5F610D5601A: changes role from CANDIDATE to FOLLOWER at term 2 for DISCOVERED_A_NEW_TERM
2019-09-11 03:15:32,545 [grpc-default-executor-5] INFO  impl.RaftServerImpl (ServerState.java:setLeader(253)) - fd8937d2-ae9c-4754-9095-8c93aae9e6b7@group-08832F9F56A9: change Leader from null to 12f94aba-1a41-4f36-aad5-fe218cdfc4f3 at term 2 for appendEntries, leader elected after 2468ms
2019-09-11 03:15:32,547 [53d5fcb5-8117-4632-855b-8768bb6778f7@group-D5F610D5601A:LeaderElection21] INFO  impl.LeaderElection (LeaderElection.java:logAndReturn(56)) - 53d5fcb5-8117-4632-855b-8768bb6778f7@group-D5F610D5601A:LeaderElection21: Election PASSED; received 2 response(s) [53d5fcb5-8117-4632-855b-8768bb6778f7<-4b2356e4-aaef-4a34-8176-0946a74a854c#0:FAIL-t2, 53d5fcb5-8117-4632-855b-8768bb6778f7<-6fcf04af-ebca-4852-b73e-87fdd08ef440#0:OK-t2] and 0 exception(s); 53d5fcb5-8117-4632-855b-8768bb6778f7@group-D5F610D5601A:t2, leader=null, voted=53d5fcb5-8117-4632-855b-8768bb6778f7, raftlog=53d5fcb5-8117-4632-855b-8768bb6778f7@group-D5F610D5601A-SegmentedRaftLog:OPENED:c-1,f-1,i0, conf=-1: [53d5fcb5-8117-4632-855b-8768bb6778f7:192.168.34.53:34476, 4b2356e4-aaef-4a34-8176-0946a74a854c:192.168.34.53:33321, 6fcf04af-ebca-4852-b73e-87fdd08ef440:192.168.34.53:39264], old=null
2019-09-11 03:15:32,547 [06bedc96-d276-4186-804c-441da3383ef1@group-C308026E702E:LeaderElection23] INFO  impl.RaftServerImpl (RaftServerImpl.java:setRole(174)) - 06bedc96-d276-4186-804c-441da3383ef1@group-C308026E702E: changes role from CANDIDATE to FOLLOWER at term 2 for DISCOVERED_A_NEW_TERM
2019-09-11 03:15:32,547 [4b2356e4-aaef-4a34-8176-0946a74a854c@group-D5F610D5601A:LeaderElection24] INFO  impl.RoleInfo (RoleInfo.java:shutdownLeaderElection(134)) - 4b2356e4-aaef-4a34-8176-0946a74a854c: shutdown LeaderElection
2019-09-11 03:15:32,553 [06bedc96-d276-4186-804c-441da3383ef1@group-C308026E702E:LeaderElection23] INFO  impl.RoleInfo (RoleInfo.java:shutdownLeaderElection(134)) - 06bedc96-d276-4186-804c-441da3383ef1: shutdown LeaderElection
2019-09-11 03:15:32,554 [67340b07-f44b-4075-83dc-7a68839c1bb0@group-C308026E702E:LeaderElection22] INFO  impl.LeaderElection (LeaderElection.java:logAndReturn(56)) - 67340b07-f44b-4075-83dc-7a68839c1bb0@group-C308026E702E:LeaderElection22: Election PASSED; received 2 response(s) [67340b07-f44b-4075-83dc-7a68839c1bb0<-06bedc96-d276-4186-804c-441da3383ef1#0:FAIL-t2, 67340b07-f44b-4075-83dc-7a68839c1bb0<-8c88a939-76a6-48ec-b449-781feab56278#0:OK-t2] and 0 exception(s); 67340b07-f44b-4075-83dc-7a68839c1bb0@group-C308026E702E:t2, leader=null, voted=67340b07-f44b-4075-83dc-7a68839c1bb0, raftlog=67340b07-f44b-4075-83dc-7a68839c1bb0@group-C308026E702E-SegmentedRaftLog:OPENED:c-1,f-1,i0, conf=-1: [06bedc96-d276-4186-804c-441da3383ef1:192.168.34.53:35709, 67340b07-f44b-4075-83dc-7a68839c1bb0:192.168.34.53:40083, 8c88a939-76a6-48ec-b449-781feab56278:192.168.34.53:40431], old=null
2019-09-11 03:15:32,547 [grpc-default-executor-6] INFO  impl.RaftServerImpl (ServerState.java:setLeader(253)) - 02b9f8ce-4253-4591-af20-e5771c574668@group-08832F9F56A9: change Leader from null to 12f94aba-1a41-4f36-aad5-fe218cdfc4f3 at term 2 for appendEntries, leader elected after 2474ms
2019-09-11 03:15:32,547 [53d5fcb5-8117-4632-855b-8768bb6778f7@group-D5F610D5601A:LeaderElection21] INFO  impl.RoleInfo (RoleInfo.java:shutdownLeaderElection(134)) - 53d5fcb5-8117-4632-855b-8768bb6778f7: shutdown LeaderElection
2019-09-11 03:15:32,554 [67340b07-f44b-4075-83dc-7a68839c1bb0@group-C308026E702E:LeaderElection22] INFO  impl.RoleInfo (RoleInfo.java:shutdownLeaderElection(134)) - 67340b07-f44b-4075-83dc-7a68839c1bb0: shutdown LeaderElection
2019-09-11 03:15:32,554 [06bedc96-d276-4186-804c-441da3383ef1@group-C308026E702E:LeaderElection23] INFO  impl.RoleInfo (RoleInfo.java:updateAndGet(143)) - 06bedc96-d276-4186-804c-441da3383ef1: start FollowerState
2019-09-11 03:15:32,553 [4b2356e4-aaef-4a34-8176-0946a74a854c@group-D5F610D5601A:LeaderElection24] INFO  impl.RoleInfo (RoleInfo.java:updateAndGet(143)) - 4b2356e4-aaef-4a34-8176-0946a74a854c: start FollowerState
2019-09-11 03:15:32,560 [67340b07-f44b-4075-83dc-7a68839c1bb0@group-C308026E702E:LeaderElection22] INFO  impl.RaftServerImpl (RaftServerImpl.java:setRole(174)) - 67340b07-f44b-4075-83dc-7a68839c1bb0@group-C308026E702E: changes role from CANDIDATE to LEADER at term 2 for changeToLeader
2019-09-11 03:15:32,560 [53d5fcb5-8117-4632-855b-8768bb6778f7@group-D5F610D5601A:LeaderElection21] INFO  impl.RaftServerImpl (RaftServerImpl.java:setRole(174)) - 53d5fcb5-8117-4632-855b-8768bb6778f7@group-D5F610D5601A: changes role from CANDIDATE to LEADER at term 2 for changeToLeader
2019-09-11 03:15:32,563 [53d5fcb5-8117-4632-855b-8768bb6778f7@group-D5F610D5601A:LeaderElection21] INFO  impl.RaftServerImpl (ServerState.java:setLeader(253)) - 53d5fcb5-8117-4632-855b-8768bb6778f7@group-D5F610D5601A: change Leader from null to 53d5fcb5-8117-4632-855b-8768bb6778f7 at term 2 for becomeLeader, leader elected after 2617ms
2019-09-11 03:15:32,563 [67340b07-f44b-4075-83dc-7a68839c1bb0@group-C308026E702E:LeaderElection22] INFO  impl.RaftServerImpl (ServerState.java:setLeader(253)) - 67340b07-f44b-4075-83dc-7a68839c1bb0@group-C308026E702E: change Leader from null to 67340b07-f44b-4075-83dc-7a68839c1bb0 at term 2 for becomeLeader, leader elected after 2750ms
2019-09-11 03:15:32,566 [53d5fcb5-8117-4632-855b-8768bb6778f7@group-D5F610D5601A:LeaderElection21] INFO  server.RaftServerConfigKeys (ConfUtils.java:logGet(43)) - raft.server.staging.catchup.gap = 1000 (default)
2019-09-11 03:15:32,567 [67340b07-f44b-4075-83dc-7a68839c1bb0@group-C308026E702E:LeaderElection22] INFO  server.RaftServerConfigKeys (ConfUtils.java:logGet(43)) - raft.server.staging.catchup.gap = 1000 (default)
2019-09-11 03:15:32,567 [53d5fcb5-8117-4632-855b-8768bb6778f7@group-D5F610D5601A:LeaderElection21] INFO  server.RaftServerConfigKeys (ConfUtils.java:logGet(43)) - raft.server.rpc.sleep.time = 25ms (default)
2019-09-11 03:15:32,567 [67340b07-f44b-4075-83dc-7a68839c1bb0@group-C308026E702E:LeaderElection22] INFO  server.RaftServerConfigKeys (ConfUtils.java:logGet(43)) - raft.server.rpc.sleep.time = 25ms (default)
2019-09-11 03:15:32,570 [53d5fcb5-8117-4632-855b-8768bb6778f7@group-D5F610D5601A:LeaderElection21] INFO  server.RaftServerConfigKeys (ConfUtils.java:logGet(43)) - raft.server.write.element-limit = 4096 (default)
2019-09-11 03:15:32,570 [53d5fcb5-8117-4632-855b-8768bb6778f7@group-D5F610D5601A:LeaderElection21] INFO  server.RaftServerConfigKeys (ConfUtils.java:logGet(43)) - raft.server.watch.timeout = 10s (default)
2019-09-11 03:15:32,570 [67340b07-f44b-4075-83dc-7a68839c1bb0@group-C308026E702E:LeaderElection22] INFO  server.RaftServerConfigKeys (ConfUtils.java:logGet(43)) - raft.server.write.element-limit = 4096 (default)
2019-09-11 03:15:32,570 [53d5fcb5-8117-4632-855b-8768bb6778f7@group-D5F610D5601A:LeaderElection21] INFO  server.RaftServerConfigKeys (ConfUtils.java:logGet(43)) - raft.server.watch.timeout.denomination = 1s (default)
2019-09-11 03:15:32,570 [67340b07-f44b-4075-83dc-7a68839c1bb0@group-C308026E702E:LeaderElection22] INFO  server.RaftServerConfigKeys (ConfUtils.java:logGet(43)) - raft.server.watch.timeout = 10s (default)
2019-09-11 03:15:32,571 [53d5fcb5-8117-4632-855b-8768bb6778f7@group-D5F610D5601A:LeaderElection21] INFO  server.RaftServerConfigKeys (ConfUtils.java:logGet(43)) - raft.server.watch.element-limit = 65536 (default)
2019-09-11 03:15:32,571 [67340b07-f44b-4075-83dc-7a68839c1bb0@group-C308026E702E:LeaderElection22] INFO  server.RaftServerConfigKeys (ConfUtils.java:logGet(43)) - raft.server.watch.timeout.denomination = 1s (default)
2019-09-11 03:15:32,574 [67340b07-f44b-4075-83dc-7a68839c1bb0@group-C308026E702E:LeaderElection22] INFO  server.RaftServerConfigKeys (ConfUtils.java:logGet(43)) - raft.server.watch.element-limit = 65536 (default)
2019-09-11 03:15:32,583 [53d5fcb5-8117-4632-855b-8768bb6778f7@group-D5F610D5601A:LeaderElection21] INFO  server.RaftServerConfigKeys (ConfUtils.java:logGet(43)) - raft.server.log.appender.snapshot.chunk.size.max = 16MB (=16777216) (default)
2019-09-11 03:15:32,583 [53d5fcb5-8117-4632-855b-8768bb6778f7@group-D5F610D5601A:LeaderElection21] INFO  server.RaftServerConfigKeys (ConfUtils.java:logGet(43)) - raft.server.log.appender.buffer.byte-limit = 33554432 (custom)
2019-09-11 03:15:32,583 [53d5fcb5-8117-4632-855b-8768bb6778f7@group-D5F610D5601A:LeaderElection21] INFO  server.RaftServerConfigKeys (ConfUtils.java:logGet(43)) - raft.server.log.appender.buffer.element-limit = 1 (custom)
2019-09-11 03:15:32,583 [67340b07-f44b-4075-83dc-7a68839c1bb0@group-C308026E702E:LeaderElection22] INFO  server.RaftServerConfigKeys (ConfUtils.java:logGet(43)) - raft.server.log.appender.snapshot.chunk.size.max = 16MB (=16777216) (default)
2019-09-11 03:15:32,583 [53d5fcb5-8117-4632-855b-8768bb6778f7@group-D5F610D5601A:LeaderElection21] INFO  grpc.GrpcConfigKeys$Server (ConfUtils.java:logGet(43)) - raft.grpc.server.leader.outstanding.appends.max = 128 (default)
2019-09-11 03:15:32,586 [67340b07-f44b-4075-83dc-7a68839c1bb0@group-C308026E702E:LeaderElection22] INFO  server.RaftServerConfigKeys (ConfUtils.java:logGet(43)) - raft.server.log.appender.buffer.byte-limit = 33554432 (custom)
2019-09-11 03:15:32,586 [53d5fcb5-8117-4632-855b-8768bb6778f7@group-D5F610D5601A:LeaderElection21] INFO  server.RaftServerConfigKeys (ConfUtils.java:logGet(43)) - raft.server.rpc.request.timeout = 3000ms (default)
2019-09-11 03:15:32,587 [67340b07-f44b-4075-83dc-7a68839c1bb0@group-C308026E702E:LeaderElection22] INFO  server.RaftServerConfigKeys (ConfUtils.java:logGet(43)) - raft.server.log.appender.buffer.element-limit = 1 (custom)
2019-09-11 03:15:32,587 [53d5fcb5-8117-4632-855b-8768bb6778f7@group-D5F610D5601A:LeaderElection21] INFO  server.RaftServerConfigKeys (ConfUtils.java:logGet(43)) - raft.server.log.appender.install.snapshot.enabled = false (custom)
2019-09-11 03:15:32,587 [67340b07-f44b-4075-83dc-7a68839c1bb0@group-C308026E702E:LeaderElection22] INFO  grpc.GrpcConfigKeys$Server (ConfUtils.java:logGet(43)) - raft.grpc.server.leader.outstanding.appends.max = 128 (default)
2019-09-11 03:15:32,587 [53d5fcb5-8117-4632-855b-8768bb6778f7@group-D5F610D5601A:LeaderElection21] INFO  server.RaftServerConfigKeys (ConfUtils.java:logGet(43)) - raft.server.log.appender.snapshot.chunk.size.max = 16MB (=16777216) (default)
2019-09-11 03:15:32,587 [67340b07-f44b-4075-83dc-7a68839c1bb0@group-C308026E702E:LeaderElection22] INFO  server.RaftServerConfigKeys (ConfUtils.java:logGet(43)) - raft.server.rpc.request.timeout = 3000ms (default)
2019-09-11 03:15:32,588 [53d5fcb5-8117-4632-855b-8768bb6778f7@group-D5F610D5601A:LeaderElection21] INFO  server.RaftServerConfigKeys (ConfUtils.java:logGet(43)) - raft.server.log.appender.buffer.byte-limit = 33554432 (custom)
2019-09-11 03:15:32,588 [67340b07-f44b-4075-83dc-7a68839c1bb0@group-C308026E702E:LeaderElection22] INFO  server.RaftServerConfigKeys (ConfUtils.java:logGet(43)) - raft.server.log.appender.install.snapshot.enabled = false (custom)
2019-09-11 03:15:32,588 [53d5fcb5-8117-4632-855b-8768bb6778f7@group-D5F610D5601A:LeaderElection21] INFO  server.RaftServerConfigKeys (ConfUtils.java:logGet(43)) - raft.server.log.appender.buffer.element-limit = 1 (custom)
2019-09-11 03:15:32,588 [67340b07-f44b-4075-83dc-7a68839c1bb0@group-C308026E702E:LeaderElection22] INFO  server.RaftServerConfigKeys (ConfUtils.java:logGet(43)) - raft.server.log.appender.snapshot.chunk.size.max = 16MB (=16777216) (default)
2019-09-11 03:15:32,588 [53d5fcb5-8117-4632-855b-8768bb6778f7@group-D5F610D5601A:LeaderElection21] INFO  grpc.GrpcConfigKeys$Server (ConfUtils.java:logGet(43)) - raft.grpc.server.leader.outstanding.appends.max = 128 (default)
2019-09-11 03:15:32,588 [67340b07-f44b-4075-83dc-7a68839c1bb0@group-C308026E702E:LeaderElection22] INFO  server.RaftServerConfigKeys (ConfUtils.java:logGet(43)) - raft.server.log.appender.buffer.byte-limit = 33554432 (custom)
2019-09-11 03:15:32,589 [53d5fcb5-8117-4632-855b-8768bb6778f7@group-D5F610D5601A:LeaderElection21] INFO  server.RaftServerConfigKeys (ConfUtils.java:logGet(43)) - raft.server.rpc.request.timeout = 3000ms (default)
2019-09-11 03:15:32,589 [67340b07-f44b-4075-83dc-7a68839c1bb0@group-C308026E702E:LeaderElection22] INFO  server.RaftServerConfigKeys (ConfUtils.java:logGet(43)) - raft.server.log.appender.buffer.element-limit = 1 (custom)
2019-09-11 03:15:32,589 [53d5fcb5-8117-4632-855b-8768bb6778f7@group-D5F610D5601A:LeaderElection21] INFO  server.RaftServerConfigKeys (ConfUtils.java:logGet(43)) - raft.server.log.appender.install.snapshot.enabled = false (custom)
2019-09-11 03:15:32,589 [67340b07-f44b-4075-83dc-7a68839c1bb0@group-C308026E702E:LeaderElection22] INFO  grpc.GrpcConfigKeys$Server (ConfUtils.java:logGet(43)) - raft.grpc.server.leader.outstanding.appends.max = 128 (default)
2019-09-11 03:15:32,589 [53d5fcb5-8117-4632-855b-8768bb6778f7@group-D5F610D5601A:LeaderElection21] INFO  impl.RoleInfo (RoleInfo.java:updateAndGet(143)) - 53d5fcb5-8117-4632-855b-8768bb6778f7: start LeaderState
2019-09-11 03:15:32,589 [67340b07-f44b-4075-83dc-7a68839c1bb0@group-C308026E702E:LeaderElection22] INFO  server.RaftServerConfigKeys (ConfUtils.java:logGet(43)) - raft.server.rpc.request.timeout = 3000ms (default)
2019-09-11 03:15:32,590 [53d5fcb5-8117-4632-855b-8768bb6778f7@group-D5F610D5601A:LeaderElection21] INFO  segmented.SegmentedRaftLogWorker (SegmentedRaftLogWorker.java:startLogSegment(380)) - 53d5fcb5-8117-4632-855b-8768bb6778f7@group-D5F610D5601A-SegmentedRaftLogWorker: Starting segment from index:0
2019-09-11 03:15:32,590 [67340b07-f44b-4075-83dc-7a68839c1bb0@group-C308026E702E:LeaderElection22] INFO  server.RaftServerConfigKeys (ConfUtils.java:logGet(43)) - raft.server.log.appender.install.snapshot.enabled = false (custom)
2019-09-11 03:15:32,590 [67340b07-f44b-4075-83dc-7a68839c1bb0@group-C308026E702E:LeaderElection22] INFO  impl.RoleInfo (RoleInfo.java:updateAndGet(143)) - 67340b07-f44b-4075-83dc-7a68839c1bb0: start LeaderState
2019-09-11 03:15:32,590 [53d5fcb5-8117-4632-855b-8768bb6778f7@group-D5F610D5601A:LeaderElection21] INFO  impl.RaftServerImpl (ServerState.java:setRaftConf(354)) - 53d5fcb5-8117-4632-855b-8768bb6778f7@group-D5F610D5601A: set configuration 0: [53d5fcb5-8117-4632-855b-8768bb6778f7:192.168.34.53:34476, 4b2356e4-aaef-4a34-8176-0946a74a854c:192.168.34.53:33321, 6fcf04af-ebca-4852-b73e-87fdd08ef440:192.168.34.53:39264], old=null at 0
2019-09-11 03:15:32,591 [67340b07-f44b-4075-83dc-7a68839c1bb0@group-C308026E702E:LeaderElection22] INFO  segmented.SegmentedRaftLogWorker (SegmentedRaftLogWorker.java:startLogSegment(380)) - 67340b07-f44b-4075-83dc-7a68839c1bb0@group-C308026E702E-SegmentedRaftLogWorker: Starting segment from index:0
2019-09-11 03:15:32,622 [67340b07-f44b-4075-83dc-7a68839c1bb0@group-C308026E702E:LeaderElection22] INFO  impl.RaftServerImpl (ServerState.java:setRaftConf(354)) - 67340b07-f44b-4075-83dc-7a68839c1bb0@group-C308026E702E: set configuration 0: [06bedc96-d276-4186-804c-441da3383ef1:192.168.34.53:35709, 67340b07-f44b-4075-83dc-7a68839c1bb0:192.168.34.53:40083, 8c88a939-76a6-48ec-b449-781feab56278:192.168.34.53:40431], old=null at 0
2019-09-11 03:15:32,656 [53d5fcb5-8117-4632-855b-8768bb6778f7@group-D5F610D5601A-SegmentedRaftLogWorker] INFO  segmented.SegmentedRaftLogWorker (SegmentedRaftLogWorker.java:execute(569)) - 53d5fcb5-8117-4632-855b-8768bb6778f7@group-D5F610D5601A-SegmentedRaftLogWorker: created new log segment /workdir/hadoop-ozone/integration-test/target/test-dir/MiniOzoneClusterImpl-ffccced8-c8d8-492e-805a-99618b7a2b29/datanode-8/data/ratis/ffedfa37-5d60-4482-8bbe-d5f610d5601a/current/log_inprogress_0
2019-09-11 03:15:32,667 [grpc-default-executor-4] INFO  impl.RaftServerImpl (ServerState.java:setLeader(253)) - 6fcf04af-ebca-4852-b73e-87fdd08ef440@group-D5F610D5601A: change Leader from null to 53d5fcb5-8117-4632-855b-8768bb6778f7 at term 2 for appendEntries, leader elected after 2720ms
2019-09-11 03:15:32,667 [grpc-default-executor-6] INFO  impl.RaftServerImpl (ServerState.java:setLeader(253)) - 06bedc96-d276-4186-804c-441da3383ef1@group-C308026E702E: change Leader from null to 67340b07-f44b-4075-83dc-7a68839c1bb0 at term 2 for appendEntries, leader elected after 2854ms
2019-09-11 03:15:32,667 [grpc-default-executor-5] INFO  impl.RaftServerImpl (ServerState.java:setLeader(253)) - 4b2356e4-aaef-4a34-8176-0946a74a854c@group-D5F610D5601A: change Leader from null to 53d5fcb5-8117-4632-855b-8768bb6778f7 at term 2 for appendEntries, leader elected after 2721ms
2019-09-11 03:15:32,667 [grpc-default-executor-1] INFO  impl.RaftServerImpl (ServerState.java:setLeader(253)) - 8c88a939-76a6-48ec-b449-781feab56278@group-C308026E702E: change Leader from null to 67340b07-f44b-4075-83dc-7a68839c1bb0 at term 2 for appendEntries, leader elected after 2853ms
2019-09-11 03:15:32,668 [67340b07-f44b-4075-83dc-7a68839c1bb0@group-C308026E702E-SegmentedRaftLogWorker] INFO  segmented.SegmentedRaftLogWorker (SegmentedRaftLogWorker.java:execute(569)) - 67340b07-f44b-4075-83dc-7a68839c1bb0@group-C308026E702E-SegmentedRaftLogWorker: created new log segment /workdir/hadoop-ozone/integration-test/target/test-dir/MiniOzoneClusterImpl-ffccced8-c8d8-492e-805a-99618b7a2b29/datanode-6/data/ratis/dc5a121c-a3ce-4c69-b921-c308026e702e/current/log_inprogress_0
2019-09-11 03:15:32,679 [grpc-default-executor-3] INFO  impl.RaftServerImpl (ServerState.java:setRaftConf(354)) - 02b9f8ce-4253-4591-af20-e5771c574668@group-08832F9F56A9: set configuration 0: [fd8937d2-ae9c-4754-9095-8c93aae9e6b7:192.168.34.53:46025, 12f94aba-1a41-4f36-aad5-fe218cdfc4f3:192.168.34.53:41482, 02b9f8ce-4253-4591-af20-e5771c574668:192.168.34.53:35050], old=null at 0
2019-09-11 03:15:32,679 [grpc-default-executor-6] INFO  impl.RaftServerImpl (ServerState.java:setRaftConf(354)) - 06bedc96-d276-4186-804c-441da3383ef1@group-C308026E702E: set configuration 0: [06bedc96-d276-4186-804c-441da3383ef1:192.168.34.53:35709, 67340b07-f44b-4075-83dc-7a68839c1bb0:192.168.34.53:40083, 8c88a939-76a6-48ec-b449-781feab56278:192.168.34.53:40431], old=null at 0
2019-09-11 03:15:32,679 [grpc-default-executor-3] INFO  segmented.SegmentedRaftLogWorker (SegmentedRaftLogWorker.java:startLogSegment(380)) - 02b9f8ce-4253-4591-af20-e5771c574668@group-08832F9F56A9-SegmentedRaftLogWorker: Starting segment from index:0
2019-09-11 03:15:32,679 [grpc-default-executor-4] INFO  impl.RaftServerImpl (ServerState.java:setRaftConf(354)) - 8c88a939-76a6-48ec-b449-781feab56278@group-C308026E702E: set configuration 0: [06bedc96-d276-4186-804c-441da3383ef1:192.168.34.53:35709, 67340b07-f44b-4075-83dc-7a68839c1bb0:192.168.34.53:40083, 8c88a939-76a6-48ec-b449-781feab56278:192.168.34.53:40431], old=null at 0
2019-09-11 03:15:32,679 [grpc-default-executor-1] INFO  impl.RaftServerImpl (ServerState.java:setRaftConf(354)) - 6fcf04af-ebca-4852-b73e-87fdd08ef440@group-D5F610D5601A: set configuration 0: [53d5fcb5-8117-4632-855b-8768bb6778f7:192.168.34.53:34476, 4b2356e4-aaef-4a34-8176-0946a74a854c:192.168.34.53:33321, 6fcf04af-ebca-4852-b73e-87fdd08ef440:192.168.34.53:39264], old=null at 0
2019-09-11 03:15:32,679 [grpc-default-executor-0] INFO  impl.RaftServerImpl (ServerState.java:setRaftConf(354)) - 4b2356e4-aaef-4a34-8176-0946a74a854c@group-D5F610D5601A: set configuration 0: [53d5fcb5-8117-4632-855b-8768bb6778f7:192.168.34.53:34476, 4b2356e4-aaef-4a34-8176-0946a74a854c:192.168.34.53:33321, 6fcf04af-ebca-4852-b73e-87fdd08ef440:192.168.34.53:39264], old=null at 0
2019-09-11 03:15:32,679 [grpc-default-executor-5] INFO  impl.RaftServerImpl (ServerState.java:setRaftConf(354)) - fd8937d2-ae9c-4754-9095-8c93aae9e6b7@group-08832F9F56A9: set configuration 0: [fd8937d2-ae9c-4754-9095-8c93aae9e6b7:192.168.34.53:46025, 12f94aba-1a41-4f36-aad5-fe218cdfc4f3:192.168.34.53:41482, 02b9f8ce-4253-4591-af20-e5771c574668:192.168.34.53:35050], old=null at 0
2019-09-11 03:15:32,680 [grpc-default-executor-0] INFO  segmented.SegmentedRaftLogWorker (SegmentedRaftLogWorker.java:startLogSegment(380)) - 4b2356e4-aaef-4a34-8176-0946a74a854c@group-D5F610D5601A-SegmentedRaftLogWorker: Starting segment from index:0
2019-09-11 03:15:32,680 [grpc-default-executor-1] INFO  segmented.SegmentedRaftLogWorker (SegmentedRaftLogWorker.java:startLogSegment(380)) - 6fcf04af-ebca-4852-b73e-87fdd08ef440@group-D5F610D5601A-SegmentedRaftLogWorker: Starting segment from index:0
2019-09-11 03:15:32,680 [grpc-default-executor-4] INFO  segmented.SegmentedRaftLogWorker (SegmentedRaftLogWorker.java:startLogSegment(380)) - 8c88a939-76a6-48ec-b449-781feab56278@group-C308026E702E-SegmentedRaftLogWorker: Starting segment from index:0
2019-09-11 03:15:32,679 [grpc-default-executor-6] INFO  segmented.SegmentedRaftLogWorker (SegmentedRaftLogWorker.java:startLogSegment(380)) - 06bedc96-d276-4186-804c-441da3383ef1@group-C308026E702E-SegmentedRaftLogWorker: Starting segment from index:0
2019-09-11 03:15:32,680 [grpc-default-executor-5] INFO  segmented.SegmentedRaftLogWorker (SegmentedRaftLogWorker.java:startLogSegment(380)) - fd8937d2-ae9c-4754-9095-8c93aae9e6b7@group-08832F9F56A9-SegmentedRaftLogWorker: Starting segment from index:0
2019-09-11 03:15:32,730 [4b2356e4-aaef-4a34-8176-0946a74a854c@group-D5F610D5601A-SegmentedRaftLogWorker] INFO  segmented.SegmentedRaftLogWorker (SegmentedRaftLogWorker.java:execute(569)) - 4b2356e4-aaef-4a34-8176-0946a74a854c@group-D5F610D5601A-SegmentedRaftLogWorker: created new log segment /workdir/hadoop-ozone/integration-test/target/test-dir/MiniOzoneClusterImpl-ffccced8-c8d8-492e-805a-99618b7a2b29/datanode-9/data/ratis/ffedfa37-5d60-4482-8bbe-d5f610d5601a/current/log_inprogress_0
2019-09-11 03:15:32,730 [6fcf04af-ebca-4852-b73e-87fdd08ef440@group-D5F610D5601A-SegmentedRaftLogWorker] INFO  segmented.SegmentedRaftLogWorker (SegmentedRaftLogWorker.java:execute(569)) - 6fcf04af-ebca-4852-b73e-87fdd08ef440@group-D5F610D5601A-SegmentedRaftLogWorker: created new log segment /workdir/hadoop-ozone/integration-test/target/test-dir/MiniOzoneClusterImpl-ffccced8-c8d8-492e-805a-99618b7a2b29/datanode-7/data/ratis/ffedfa37-5d60-4482-8bbe-d5f610d5601a/current/log_inprogress_0
2019-09-11 03:15:32,730 [06bedc96-d276-4186-804c-441da3383ef1@group-C308026E702E-SegmentedRaftLogWorker] INFO  segmented.SegmentedRaftLogWorker (SegmentedRaftLogWorker.java:execute(569)) - 06bedc96-d276-4186-804c-441da3383ef1@group-C308026E702E-SegmentedRaftLogWorker: created new log segment /workdir/hadoop-ozone/integration-test/target/test-dir/MiniOzoneClusterImpl-ffccced8-c8d8-492e-805a-99618b7a2b29/datanode-2/data/ratis/dc5a121c-a3ce-4c69-b921-c308026e702e/current/log_inprogress_0
2019-09-11 03:15:32,730 [fd8937d2-ae9c-4754-9095-8c93aae9e6b7@group-08832F9F56A9-SegmentedRaftLogWorker] INFO  segmented.SegmentedRaftLogWorker (SegmentedRaftLogWorker.java:execute(569)) - fd8937d2-ae9c-4754-9095-8c93aae9e6b7@group-08832F9F56A9-SegmentedRaftLogWorker: created new log segment /workdir/hadoop-ozone/integration-test/target/test-dir/MiniOzoneClusterImpl-ffccced8-c8d8-492e-805a-99618b7a2b29/datanode-4/data/ratis/2ba24a89-d0aa-47ca-b633-08832f9f56a9/current/log_inprogress_0
2019-09-11 03:15:32,752 [02b9f8ce-4253-4591-af20-e5771c574668@group-08832F9F56A9-SegmentedRaftLogWorker] INFO  segmented.SegmentedRaftLogWorker (SegmentedRaftLogWorker.java:execute(569)) - 02b9f8ce-4253-4591-af20-e5771c574668@group-08832F9F56A9-SegmentedRaftLogWorker: created new log segment /workdir/hadoop-ozone/integration-test/target/test-dir/MiniOzoneClusterImpl-ffccced8-c8d8-492e-805a-99618b7a2b29/datanode-1/data/ratis/2ba24a89-d0aa-47ca-b633-08832f9f56a9/current/log_inprogress_0
2019-09-11 03:15:32,755 [8c88a939-76a6-48ec-b449-781feab56278@group-C308026E702E-SegmentedRaftLogWorker] INFO  segmented.SegmentedRaftLogWorker (SegmentedRaftLogWorker.java:execute(569)) - 8c88a939-76a6-48ec-b449-781feab56278@group-C308026E702E-SegmentedRaftLogWorker: created new log segment /workdir/hadoop-ozone/integration-test/target/test-dir/MiniOzoneClusterImpl-ffccced8-c8d8-492e-805a-99618b7a2b29/datanode-5/data/ratis/dc5a121c-a3ce-4c69-b921-c308026e702e/current/log_inprogress_0
2019-09-11 03:15:33,163 [grpc-default-executor-6] INFO  client.GrpcClientProtocolClient (GrpcClientProtocolClient.java:onNext(264)) - client-133138C33850->67340b07-f44b-4075-83dc-7a68839c1bb0: receive RaftClientReply:client-133138C33850->67340b07-f44b-4075-83dc-7a68839c1bb0@group-C308026E702E, cid=19, SUCCESS, logIndex=1, commits[67340b07-f44b-4075-83dc-7a68839c1bb0:c1, 06bedc96-d276-4186-804c-441da3383ef1:c0, 8c88a939-76a6-48ec-b449-781feab56278:c0]
2019-09-11 03:15:33,318 [grpc-default-executor-4] INFO  client.GrpcClientProtocolClient (GrpcClientProtocolClient.java:onNext(264)) - client-133138C33850->67340b07-f44b-4075-83dc-7a68839c1bb0: receive RaftClientReply:client-133138C33850->67340b07-f44b-4075-83dc-7a68839c1bb0@group-C308026E702E, cid=20, SUCCESS, logIndex=3, commits[67340b07-f44b-4075-83dc-7a68839c1bb0:c7, 06bedc96-d276-4186-804c-441da3383ef1:c6, 8c88a939-76a6-48ec-b449-781feab56278:c6]
2019-09-11 03:15:33,322 [grpc-default-executor-4] INFO  client.GrpcClientProtocolClient (GrpcClientProtocolClient.java:onNext(264)) - client-133138C33850->67340b07-f44b-4075-83dc-7a68839c1bb0: receive RaftClientReply:client-133138C33850->67340b07-f44b-4075-83dc-7a68839c1bb0@group-C308026E702E, cid=21, SUCCESS, logIndex=4, commits[67340b07-f44b-4075-83dc-7a68839c1bb0:c7, 06bedc96-d276-4186-804c-441da3383ef1:c6, 8c88a939-76a6-48ec-b449-781feab56278:c6]
2019-09-11 03:15:33,448 [grpc-default-executor-4] INFO  client.GrpcClientProtocolClient (GrpcClientProtocolClient.java:onNext(264)) - client-133138C33850->67340b07-f44b-4075-83dc-7a68839c1bb0: receive RaftClientReply:client-133138C33850->67340b07-f44b-4075-83dc-7a68839c1bb0@group-C308026E702E, cid=22, SUCCESS, logIndex=5, commits[67340b07-f44b-4075-83dc-7a68839c1bb0:c7, 06bedc96-d276-4186-804c-441da3383ef1:c6, 8c88a939-76a6-48ec-b449-781feab56278:c6]
2019-09-11 03:15:33,521 [grpc-default-executor-6] INFO  client.GrpcClientProtocolClient (GrpcClientProtocolClient.java:onNext(264)) - client-133138C33850->67340b07-f44b-4075-83dc-7a68839c1bb0: receive RaftClientReply:client-133138C33850->67340b07-f44b-4075-83dc-7a68839c1bb0@group-C308026E702E, cid=23, SUCCESS, logIndex=8, commits[67340b07-f44b-4075-83dc-7a68839c1bb0:c9, 06bedc96-d276-4186-804c-441da3383ef1:c7, 8c88a939-76a6-48ec-b449-781feab56278:c7]
2019-09-11 03:15:33,522 [grpc-default-executor-6] INFO  client.GrpcClientProtocolClient (GrpcClientProtocolClient.java:onNext(264)) - client-133138C33850->67340b07-f44b-4075-83dc-7a68839c1bb0: receive RaftClientReply:client-133138C33850->67340b07-f44b-4075-83dc-7a68839c1bb0@group-C308026E702E, cid=24, SUCCESS, logIndex=9, commits[67340b07-f44b-4075-83dc-7a68839c1bb0:c9, 06bedc96-d276-4186-804c-441da3383ef1:c7, 8c88a939-76a6-48ec-b449-781feab56278:c7]
2019-09-11 03:15:33,546 [grpc-default-executor-1] INFO  client.GrpcClientProtocolClient (GrpcClientProtocolClient.java:onNext(264)) - client-133138C33850->67340b07-f44b-4075-83dc-7a68839c1bb0: receive RaftClientReply:client-133138C33850->67340b07-f44b-4075-83dc-7a68839c1bb0@group-C308026E702E, cid=25, SUCCESS, logIndex=10, commits[67340b07-f44b-4075-83dc-7a68839c1bb0:c11, 06bedc96-d276-4186-804c-441da3383ef1:c7, 8c88a939-76a6-48ec-b449-781feab56278:c7]
2019-09-11 03:15:33,547 [grpc-default-executor-1] INFO  client.GrpcClientProtocolClient (GrpcClientProtocolClient.java:onNext(264)) - client-133138C33850->67340b07-f44b-4075-83dc-7a68839c1bb0: receive RaftClientReply:client-133138C33850->67340b07-f44b-4075-83dc-7a68839c1bb0@group-C308026E702E, cid=26, SUCCESS, logIndex=11, commits[67340b07-f44b-4075-83dc-7a68839c1bb0:c11, 06bedc96-d276-4186-804c-441da3383ef1:c7, 8c88a939-76a6-48ec-b449-781feab56278:c7]
2019-09-11 03:15:33,574 [grpc-default-executor-1] INFO  client.GrpcClientProtocolClient (GrpcClientProtocolClient.java:onNext(264)) - client-133138C33850->67340b07-f44b-4075-83dc-7a68839c1bb0: receive RaftClientReply:client-133138C33850->67340b07-f44b-4075-83dc-7a68839c1bb0@group-C308026E702E, cid=27, SUCCESS, logIndex=0, commits[67340b07-f44b-4075-83dc-7a68839c1bb0:c15, 06bedc96-d276-4186-804c-441da3383ef1:c11, 8c88a939-76a6-48ec-b449-781feab56278:c11]
2019-09-11 03:15:33,579 [grpc-default-executor-1] INFO  client.GrpcClientProtocolClient (GrpcClientProtocolClient.java:onNext(264)) - client-133138C33850->67340b07-f44b-4075-83dc-7a68839c1bb0: receive RaftClientReply:client-133138C33850->67340b07-f44b-4075-83dc-7a68839c1bb0@group-C308026E702E, cid=28, SUCCESS, logIndex=0, commits[67340b07-f44b-4075-83dc-7a68839c1bb0:c15, 06bedc96-d276-4186-804c-441da3383ef1:c11, 8c88a939-76a6-48ec-b449-781feab56278:c11]
2019-09-11 03:15:36,589 [java.util.concurrent.ThreadPoolExecutor$Worker@161c2cc8[State = -1, empty queue]] WARN  server.GrpcLogAppender (GrpcLogAppender.java:timeoutAppendRequest(200)) - 67340b07-f44b-4075-83dc-7a68839c1bb0@group-C308026E702E->8c88a939-76a6-48ec-b449-781feab56278-GrpcLogAppender: appendEntries Timeout, request=67340b07-f44b-4075-83dc-7a68839c1bb0->8c88a939-76a6-48ec-b449-781feab56278#17-t2, previous=(t:2, i:15), leaderCommit=15, initializing? false, entries: size=1, first=(t:2, i:16), STATEMACHINELOGENTRY, client-133138C33850, cid=29
2019-09-11 03:15:36,590 [java.util.concurrent.ThreadPoolExecutor$Worker@4c15eeaf[State = -1, empty queue]] WARN  server.GrpcLogAppender (GrpcLogAppender.java:timeoutAppendRequest(200)) - 67340b07-f44b-4075-83dc-7a68839c1bb0@group-C308026E702E->06bedc96-d276-4186-804c-441da3383ef1-GrpcLogAppender: appendEntries Timeout, request=67340b07-f44b-4075-83dc-7a68839c1bb0->06bedc96-d276-4186-804c-441da3383ef1#17-t2, previous=(t:2, i:15), leaderCommit=15, initializing? false, entries: size=1, first=(t:2, i:16), STATEMACHINELOGENTRY, client-133138C33850, cid=29
2019-09-11 03:15:36,592 [java.util.concurrent.ThreadPoolExecutor$Worker@161c2cc8[State = -1, empty queue]] WARN  server.GrpcLogAppender (GrpcLogAppender.java:timeoutAppendRequest(200)) - 67340b07-f44b-4075-83dc-7a68839c1bb0@group-C308026E702E->8c88a939-76a6-48ec-b449-781feab56278-GrpcLogAppender: appendEntries Timeout, request=67340b07-f44b-4075-83dc-7a68839c1bb0->8c88a939-76a6-48ec-b449-781feab56278#18-t2, previous=(t:2, i:16), leaderCommit=15, initializing? false, entries: size=1, first=(t:2, i:17), STATEMACHINELOGENTRY, client-133138C33850, cid=30
2019-09-11 03:15:36,594 [java.util.concurrent.ThreadPoolExecutor$Worker@4c15eeaf[State = -1, empty queue]] WARN  server.GrpcLogAppender (GrpcLogAppender.java:timeoutAppendRequest(200)) - 67340b07-f44b-4075-83dc-7a68839c1bb0@group-C308026E702E->06bedc96-d276-4186-804c-441da3383ef1-GrpcLogAppender: appendEntries Timeout, request=67340b07-f44b-4075-83dc-7a68839c1bb0->06bedc96-d276-4186-804c-441da3383ef1#18-t2, previous=(t:2, i:16), leaderCommit=15, initializing? false, entries: size=1, first=(t:2, i:17), STATEMACHINELOGENTRY, client-133138C33850, cid=30
2019-09-11 03:15:36,599 [java.util.concurrent.ThreadPoolExecutor$Worker@4c15eeaf[State = -1, empty queue]] WARN  server.GrpcLogAppender (GrpcLogAppender.java:timeoutAppendRequest(200)) - 67340b07-f44b-4075-83dc-7a68839c1bb0@group-C308026E702E->06bedc96-d276-4186-804c-441da3383ef1-GrpcLogAppender: appendEntries Timeout, request=67340b07-f44b-4075-83dc-7a68839c1bb0->06bedc96-d276-4186-804c-441da3383ef1#19-t2, previous=(t:2, i:17), leaderCommit=15, initializing? false, entries: size=1, first=(t:2, i:18), STATEMACHINELOGENTRY, client-133138C33850, cid=31
2019-09-11 03:15:36,599 [java.util.concurrent.ThreadPoolExecutor$Worker@161c2cc8[State = -1, empty queue]] WARN  server.GrpcLogAppender (GrpcLogAppender.java:timeoutAppendRequest(200)) - 67340b07-f44b-4075-83dc-7a68839c1bb0@group-C308026E702E->8c88a939-76a6-48ec-b449-781feab56278-GrpcLogAppender: appendEntries Timeout, request=67340b07-f44b-4075-83dc-7a68839c1bb0->8c88a939-76a6-48ec-b449-781feab56278#19-t2, previous=(t:2, i:17), leaderCommit=15, initializing? false, entries: size=1, first=(t:2, i:18), STATEMACHINELOGENTRY, client-133138C33850, cid=31
2019-09-11 03:15:36,613 [java.util.concurrent.ThreadPoolExecutor$Worker@161c2cc8[State = -1, empty queue]] WARN  server.GrpcLogAppender (GrpcLogAppender.java:timeoutAppendRequest(200)) - 67340b07-f44b-4075-83dc-7a68839c1bb0@group-C308026E702E->8c88a939-76a6-48ec-b449-781feab56278-GrpcLogAppender: appendEntries Timeout, request=67340b07-f44b-4075-83dc-7a68839c1bb0->8c88a939-76a6-48ec-b449-781feab56278#20-t2, previous=(t:2, i:18), leaderCommit=15, initializing? false, entries: size=1, first=(t:2, i:19), STATEMACHINELOGENTRY, client-133138C33850, cid=32
2019-09-11 03:15:36,613 [java.util.concurrent.ThreadPoolExecutor$Worker@4c15eeaf[State = -1, empty queue]] WARN  server.GrpcLogAppender (GrpcLogAppender.java:timeoutAppendRequest(200)) - 67340b07-f44b-4075-83dc-7a68839c1bb0@group-C308026E702E->06bedc96-d276-4186-804c-441da3383ef1-GrpcLogAppender: appendEntries Timeout, request=67340b07-f44b-4075-83dc-7a68839c1bb0->06bedc96-d276-4186-804c-441da3383ef1#20-t2, previous=(t:2, i:18), leaderCommit=15, initializing? false, entries: size=1, first=(t:2, i:19), STATEMACHINELOGENTRY, client-133138C33850, cid=32
2019-09-11 03:15:37,100 [java.util.concurrent.ThreadPoolExecutor$Worker@4c15eeaf[State = -1, empty queue]] WARN  server.GrpcLogAppender (GrpcLogAppender.java:timeoutAppendRequest(200)) - 67340b07-f44b-4075-83dc-7a68839c1bb0@group-C308026E702E->06bedc96-d276-4186-804c-441da3383ef1-GrpcLogAppender: appendEntries Timeout, request=67340b07-f44b-4075-83dc-7a68839c1bb0->06bedc96-d276-4186-804c-441da3383ef1#21-t2, previous=(t:2, i:19), leaderCommit=15, initializing? false, entries: <empty>
2019-09-11 03:15:37,100 [java.util.concurrent.ThreadPoolExecutor$Worker@161c2cc8[State = -1, empty queue]] WARN  server.GrpcLogAppender (GrpcLogAppender.java:timeoutAppendRequest(200)) - 67340b07-f44b-4075-83dc-7a68839c1bb0@group-C308026E702E->8c88a939-76a6-48ec-b449-781feab56278-GrpcLogAppender: appendEntries Timeout, request=67340b07-f44b-4075-83dc-7a68839c1bb0->8c88a939-76a6-48ec-b449-781feab56278#21-t2, previous=(t:2, i:19), leaderCommit=15, initializing? false, entries: <empty>
2019-09-11 03:15:37,601 [java.util.concurrent.ThreadPoolExecutor$Worker@4c15eeaf[State = -1, empty queue]] WARN  server.GrpcLogAppender (GrpcLogAppender.java:timeoutAppendRequest(200)) - 67340b07-f44b-4075-83dc-7a68839c1bb0@group-C308026E702E->06bedc96-d276-4186-804c-441da3383ef1-GrpcLogAppender: appendEntries Timeout, request=67340b07-f44b-4075-83dc-7a68839c1bb0->06bedc96-d276-4186-804c-441da3383ef1#22-t2, previous=(t:2, i:19), leaderCommit=15, initializing? false, entries: <empty>
2019-09-11 03:15:37,601 [java.util.concurrent.ThreadPoolExecutor$Worker@161c2cc8[State = -1, empty queue]] WARN  server.GrpcLogAppender (GrpcLogAppender.java:timeoutAppendRequest(200)) - 67340b07-f44b-4075-83dc-7a68839c1bb0@group-C308026E702E->8c88a939-76a6-48ec-b449-781feab56278-GrpcLogAppender: appendEntries Timeout, request=67340b07-f44b-4075-83dc-7a68839c1bb0->8c88a939-76a6-48ec-b449-781feab56278#22-t2, previous=(t:2, i:19), leaderCommit=15, initializing? false, entries: <empty>
2019-09-11 03:15:38,102 [java.util.concurrent.ThreadPoolExecutor$Worker@161c2cc8[State = -1, empty queue]] WARN  server.GrpcLogAppender (GrpcLogAppender.java:timeoutAppendRequest(200)) - 67340b07-f44b-4075-83dc-7a68839c1bb0@group-C308026E702E->8c88a939-76a6-48ec-b449-781feab56278-GrpcLogAppender: appendEntries Timeout, request=67340b07-f44b-4075-83dc-7a68839c1bb0->8c88a939-76a6-48ec-b449-781feab56278#23-t2, previous=(t:2, i:19), leaderCommit=15, initializing? false, entries: <empty>
2019-09-11 03:15:38,102 [java.util.concurrent.ThreadPoolExecutor$Worker@4c15eeaf[State = -1, empty queue]] WARN  server.GrpcLogAppender (GrpcLogAppender.java:timeoutAppendRequest(200)) - 67340b07-f44b-4075-83dc-7a68839c1bb0@group-C308026E702E->06bedc96-d276-4186-804c-441da3383ef1-GrpcLogAppender: appendEntries Timeout, request=67340b07-f44b-4075-83dc-7a68839c1bb0->06bedc96-d276-4186-804c-441da3383ef1#23-t2, previous=(t:2, i:19), leaderCommit=15, initializing? false, entries: <empty>
2019-09-11 03:15:38,604 [java.util.concurrent.ThreadPoolExecutor$Worker@161c2cc8[State = -1, empty queue]] WARN  server.GrpcLogAppender (GrpcLogAppender.java:timeoutAppendRequest(200)) - 67340b07-f44b-4075-83dc-7a68839c1bb0@group-C308026E702E->8c88a939-76a6-48ec-b449-781feab56278-GrpcLogAppender: appendEntries Timeout, request=67340b07-f44b-4075-83dc-7a68839c1bb0->8c88a939-76a6-48ec-b449-781feab56278#24-t2, previous=(t:2, i:19), leaderCommit=15, initializing? false, entries: <empty>
2019-09-11 03:15:38,604 [java.util.concurrent.ThreadPoolExecutor$Worker@4c15eeaf[State = -1, empty queue]] WARN  server.GrpcLogAppender (GrpcLogAppender.java:timeoutAppendRequest(200)) - 67340b07-f44b-4075-83dc-7a68839c1bb0@group-C308026E702E->06bedc96-d276-4186-804c-441da3383ef1-GrpcLogAppender: appendEntries Timeout, request=67340b07-f44b-4075-83dc-7a68839c1bb0->06bedc96-d276-4186-804c-441da3383ef1#24-t2, previous=(t:2, i:19), leaderCommit=15, initializing? false, entries: <empty>
2019-09-11 03:15:38,695 [grpc-default-executor-6] INFO  client.GrpcClientProtocolClient (GrpcClientProtocolClient.java:onNext(264)) - client-133138C33850->8c88a939-76a6-48ec-b449-781feab56278: receive RaftClientReply:client-133138C33850->8c88a939-76a6-48ec-b449-781feab56278@group-C308026E702E, cid=29, FAILED org.apache.ratis.protocol.NotLeaderException: Server 8c88a939-76a6-48ec-b449-781feab56278@group-C308026E702E is not the leader 67340b07-f44b-4075-83dc-7a68839c1bb0:192.168.34.53:40083, logIndex=0, commits[8c88a939-76a6-48ec-b449-781feab56278:c15, 06bedc96-d276-4186-804c-441da3383ef1:c11, 67340b07-f44b-4075-83dc-7a68839c1bb0:c15]
2019-09-11 03:15:39,106 [java.util.concurrent.ThreadPoolExecutor$Worker@161c2cc8[State = -1, empty queue]] WARN  server.GrpcLogAppender (GrpcLogAppender.java:timeoutAppendRequest(200)) - 67340b07-f44b-4075-83dc-7a68839c1bb0@group-C308026E702E->8c88a939-76a6-48ec-b449-781feab56278-GrpcLogAppender: appendEntries Timeout, request=67340b07-f44b-4075-83dc-7a68839c1bb0->8c88a939-76a6-48ec-b449-781feab56278#25-t2, previous=(t:2, i:19), leaderCommit=15, initializing? false, entries: <empty>
2019-09-11 03:15:39,106 [java.util.concurrent.ThreadPoolExecutor$Worker@4c15eeaf[State = -1, empty queue]] WARN  server.GrpcLogAppender (GrpcLogAppender.java:timeoutAppendRequest(200)) - 67340b07-f44b-4075-83dc-7a68839c1bb0@group-C308026E702E->06bedc96-d276-4186-804c-441da3383ef1-GrpcLogAppender: appendEntries Timeout, request=67340b07-f44b-4075-83dc-7a68839c1bb0->06bedc96-d276-4186-804c-441da3383ef1#25-t2, previous=(t:2, i:19), leaderCommit=15, initializing? false, entries: <empty>
2019-09-11 03:15:39,613 [java.util.concurrent.ThreadPoolExecutor$Worker@161c2cc8[State = -1, empty queue]] WARN  server.GrpcLogAppender (GrpcLogAppender.java:timeoutAppendRequest(200)) - 67340b07-f44b-4075-83dc-7a68839c1bb0@group-C308026E702E->8c88a939-76a6-48ec-b449-781feab56278-GrpcLogAppender: appendEntries Timeout, request=67340b07-f44b-4075-83dc-7a68839c1bb0->8c88a939-76a6-48ec-b449-781feab56278#26-t2, previous=(t:2, i:19), leaderCommit=15, initializing? false, entries: <empty>
2019-09-11 03:15:39,616 [java.util.concurrent.ThreadPoolExecutor$Worker@4c15eeaf[State = -1, empty queue]] WARN  server.GrpcLogAppender (GrpcLogAppender.java:timeoutAppendRequest(200)) - 67340b07-f44b-4075-83dc-7a68839c1bb0@group-C308026E702E->06bedc96-d276-4186-804c-441da3383ef1-GrpcLogAppender: appendEntries Timeout, request=67340b07-f44b-4075-83dc-7a68839c1bb0->06bedc96-d276-4186-804c-441da3383ef1#26-t2, previous=(t:2, i:19), leaderCommit=15, initializing? false, entries: <empty>
2019-09-11 03:15:40,114 [java.util.concurrent.ThreadPoolExecutor$Worker@161c2cc8[State = -1, empty queue]] WARN  server.GrpcLogAppender (GrpcLogAppender.java:timeoutAppendRequest(200)) - 67340b07-f44b-4075-83dc-7a68839c1bb0@group-C308026E702E->8c88a939-76a6-48ec-b449-781feab56278-GrpcLogAppender: appendEntries Timeout, request=67340b07-f44b-4075-83dc-7a68839c1bb0->8c88a939-76a6-48ec-b449-781feab56278#27-t2, previous=(t:2, i:19), leaderCommit=15, initializing? false, entries: <empty>
2019-09-11 03:15:40,116 [java.util.concurrent.ThreadPoolExecutor$Worker@4c15eeaf[State = -1, empty queue]] WARN  server.GrpcLogAppender (GrpcLogAppender.java:timeoutAppendRequest(200)) - 67340b07-f44b-4075-83dc-7a68839c1bb0@group-C308026E702E->06bedc96-d276-4186-804c-441da3383ef1-GrpcLogAppender: appendEntries Timeout, request=67340b07-f44b-4075-83dc-7a68839c1bb0->06bedc96-d276-4186-804c-441da3383ef1#27-t2, previous=(t:2, i:19), leaderCommit=15, initializing? false, entries: <empty>
2019-09-11 03:15:40,615 [java.util.concurrent.ThreadPoolExecutor$Worker@161c2cc8[State = -1, empty queue]] WARN  server.GrpcLogAppender (GrpcLogAppender.java:timeoutAppendRequest(200)) - 67340b07-f44b-4075-83dc-7a68839c1bb0@group-C308026E702E->8c88a939-76a6-48ec-b449-781feab56278-GrpcLogAppender: appendEntries Timeout, request=67340b07-f44b-4075-83dc-7a68839c1bb0->8c88a939-76a6-48ec-b449-781feab56278#28-t2, previous=(t:2, i:19), leaderCommit=15, initializing? false, entries: <empty>
2019-09-11 03:15:40,617 [java.util.concurrent.ThreadPoolExecutor$Worker@4c15eeaf[State = -1, empty queue]] WARN  server.GrpcLogAppender (GrpcLogAppender.java:timeoutAppendRequest(200)) - 67340b07-f44b-4075-83dc-7a68839c1bb0@group-C308026E702E->06bedc96-d276-4186-804c-441da3383ef1-GrpcLogAppender: appendEntries Timeout, request=67340b07-f44b-4075-83dc-7a68839c1bb0->06bedc96-d276-4186-804c-441da3383ef1#28-t2, previous=(t:2, i:19), leaderCommit=15, initializing? false, entries: <empty>
2019-09-11 03:15:41,115 [java.util.concurrent.ThreadPoolExecutor$Worker@161c2cc8[State = -1, empty queue]] WARN  server.GrpcLogAppender (GrpcLogAppender.java:timeoutAppendRequest(200)) - 67340b07-f44b-4075-83dc-7a68839c1bb0@group-C308026E702E->8c88a939-76a6-48ec-b449-781feab56278-GrpcLogAppender: appendEntries Timeout, request=67340b07-f44b-4075-83dc-7a68839c1bb0->8c88a939-76a6-48ec-b449-781feab56278#29-t2, previous=(t:2, i:19), leaderCommit=15, initializing? false, entries: <empty>
2019-09-11 03:15:41,118 [java.util.concurrent.ThreadPoolExecutor$Worker@4c15eeaf[State = -1, empty queue]] WARN  server.GrpcLogAppender (GrpcLogAppender.java:timeoutAppendRequest(200)) - 67340b07-f44b-4075-83dc-7a68839c1bb0@group-C308026E702E->06bedc96-d276-4186-804c-441da3383ef1-GrpcLogAppender: appendEntries Timeout, request=67340b07-f44b-4075-83dc-7a68839c1bb0->06bedc96-d276-4186-804c-441da3383ef1#29-t2, previous=(t:2, i:19), leaderCommit=15, initializing? false, entries: <empty>
2019-09-11 03:15:41,616 [java.util.concurrent.ThreadPoolExecutor$Worker@161c2cc8[State = -1, empty queue]] WARN  server.GrpcLogAppender (GrpcLogAppender.java:timeoutAppendRequest(200)) - 67340b07-f44b-4075-83dc-7a68839c1bb0@group-C308026E702E->8c88a939-76a6-48ec-b449-781feab56278-GrpcLogAppender: appendEntries Timeout, request=67340b07-f44b-4075-83dc-7a68839c1bb0->8c88a939-76a6-48ec-b449-781feab56278#30-t2, previous=(t:2, i:19), leaderCommit=15, initializing? false, entries: <empty>
2019-09-11 03:15:41,618 [java.util.concurrent.ThreadPoolExecutor$Worker@4c15eeaf[State = -1, empty queue]] WARN  server.GrpcLogAppender (GrpcLogAppender.java:timeoutAppendRequest(200)) - 67340b07-f44b-4075-83dc-7a68839c1bb0@group-C308026E702E->06bedc96-d276-4186-804c-441da3383ef1-GrpcLogAppender: appendEntries Timeout, request=67340b07-f44b-4075-83dc-7a68839c1bb0->06bedc96-d276-4186-804c-441da3383ef1#30-t2, previous=(t:2, i:19), leaderCommit=15, initializing? false, entries: <empty>
2019-09-11 03:15:42,117 [java.util.concurrent.ThreadPoolExecutor$Worker@161c2cc8[State = -1, empty queue]] WARN  server.GrpcLogAppender (GrpcLogAppender.java:timeoutAppendRequest(200)) - 67340b07-f44b-4075-83dc-7a68839c1bb0@group-C308026E702E->8c88a939-76a6-48ec-b449-781feab56278-GrpcLogAppender: appendEntries Timeout, request=67340b07-f44b-4075-83dc-7a68839c1bb0->8c88a939-76a6-48ec-b449-781feab56278#31-t2, previous=(t:2, i:19), leaderCommit=15, initializing? false, entries: <empty>
2019-09-11 03:15:42,119 [java.util.concurrent.ThreadPoolExecutor$Worker@4c15eeaf[State = -1, empty queue]] WARN  server.GrpcLogAppender (GrpcLogAppender.java:timeoutAppendRequest(200)) - 67340b07-f44b-4075-83dc-7a68839c1bb0@group-C308026E702E->06bedc96-d276-4186-804c-441da3383ef1-GrpcLogAppender: appendEntries Timeout, request=67340b07-f44b-4075-83dc-7a68839c1bb0->06bedc96-d276-4186-804c-441da3383ef1#31-t2, previous=(t:2, i:19), leaderCommit=15, initializing? false, entries: <empty>
2019-09-11 03:15:42,618 [java.util.concurrent.ThreadPoolExecutor$Worker@161c2cc8[State = -1, empty queue]] WARN  server.GrpcLogAppender (GrpcLogAppender.java:timeoutAppendRequest(200)) - 67340b07-f44b-4075-83dc-7a68839c1bb0@group-C308026E702E->8c88a939-76a6-48ec-b449-781feab56278-GrpcLogAppender: appendEntries Timeout, request=67340b07-f44b-4075-83dc-7a68839c1bb0->8c88a939-76a6-48ec-b449-781feab56278#32-t2, previous=(t:2, i:19), leaderCommit=15, initializing? false, entries: <empty>
2019-09-11 03:15:42,619 [java.util.concurrent.ThreadPoolExecutor$Worker@4c15eeaf[State = -1, empty queue]] WARN  server.GrpcLogAppender (GrpcLogAppender.java:timeoutAppendRequest(200)) - 67340b07-f44b-4075-83dc-7a68839c1bb0@group-C308026E702E->06bedc96-d276-4186-804c-441da3383ef1-GrpcLogAppender: appendEntries Timeout, request=67340b07-f44b-4075-83dc-7a68839c1bb0->06bedc96-d276-4186-804c-441da3383ef1#32-t2, previous=(t:2, i:19), leaderCommit=15, initializing? false, entries: <empty>
2019-09-11 03:15:43,118 [java.util.concurrent.ThreadPoolExecutor$Worker@161c2cc8[State = -1, empty queue]] WARN  server.GrpcLogAppender (GrpcLogAppender.java:timeoutAppendRequest(200)) - 67340b07-f44b-4075-83dc-7a68839c1bb0@group-C308026E702E->8c88a939-76a6-48ec-b449-781feab56278-GrpcLogAppender: appendEntries Timeout, request=67340b07-f44b-4075-83dc-7a68839c1bb0->8c88a939-76a6-48ec-b449-781feab56278#33-t2, previous=(t:2, i:19), leaderCommit=15, initializing? false, entries: <empty>
2019-09-11 03:15:43,120 [java.util.concurrent.ThreadPoolExecutor$Worker@4c15eeaf[State = -1, empty queue]] WARN  server.GrpcLogAppender (GrpcLogAppender.java:timeoutAppendRequest(200)) - 67340b07-f44b-4075-83dc-7a68839c1bb0@group-C308026E702E->06bedc96-d276-4186-804c-441da3383ef1-GrpcLogAppender: appendEntries Timeout, request=67340b07-f44b-4075-83dc-7a68839c1bb0->06bedc96-d276-4186-804c-441da3383ef1#33-t2, previous=(t:2, i:19), leaderCommit=15, initializing? false, entries: <empty>
2019-09-11 03:15:43,600 [06bedc96-d276-4186-804c-441da3383ef1@group-C308026E702E-SegmentedRaftLogWorker] WARN  segmented.SegmentedRaftLogWorker (SegmentedRaftLogWorker.java:getFromFuture(90)) - Timeout 0/~
org.apache.ratis.protocol.TimeoutIOException: Timeout 10s: WriteLog:16: (t:2, i:16), STATEMACHINELOGENTRY, client-133138C33850, cid=29-writeStateMachineData
	at org.apache.ratis.util.IOUtils.getFromFuture(IOUtils.java:87)
	at org.apache.ratis.server.raftlog.segmented.SegmentedRaftLogWorker$StateMachineDataPolicy.getFromFuture(SegmentedRaftLogWorker.java:87)
	at org.apache.ratis.server.raftlog.segmented.SegmentedRaftLogWorker$WriteLog.execute(SegmentedRaftLogWorker.java:477)
	at org.apache.ratis.server.raftlog.segmented.SegmentedRaftLogWorker.run(SegmentedRaftLogWorker.java:289)
	at java.lang.Thread.run(Thread.java:748)
Caused by: java.util.concurrent.TimeoutException
	at java.util.concurrent.CompletableFuture.timedGet(CompletableFuture.java:1771)
	at java.util.concurrent.CompletableFuture.get(CompletableFuture.java:1915)
	at org.apache.ratis.util.IOUtils.getFromFuture(IOUtils.java:79)
	... 4 more
2019-09-11 03:15:43,619 [java.util.concurrent.ThreadPoolExecutor$Worker@161c2cc8[State = -1, empty queue]] WARN  server.GrpcLogAppender (GrpcLogAppender.java:timeoutAppendRequest(200)) - 67340b07-f44b-4075-83dc-7a68839c1bb0@group-C308026E702E->8c88a939-76a6-48ec-b449-781feab56278-GrpcLogAppender: appendEntries Timeout, request=67340b07-f44b-4075-83dc-7a68839c1bb0->8c88a939-76a6-48ec-b449-781feab56278#34-t2, previous=(t:2, i:19), leaderCommit=15, initializing? false, entries: <empty>
2019-09-11 03:15:43,620 [java.util.concurrent.ThreadPoolExecutor$Worker@4c15eeaf[State = -1, empty queue]] WARN  server.GrpcLogAppender (GrpcLogAppender.java:timeoutAppendRequest(200)) - 67340b07-f44b-4075-83dc-7a68839c1bb0@group-C308026E702E->06bedc96-d276-4186-804c-441da3383ef1-GrpcLogAppender: appendEntries Timeout, request=67340b07-f44b-4075-83dc-7a68839c1bb0->06bedc96-d276-4186-804c-441da3383ef1#34-t2, previous=(t:2, i:19), leaderCommit=15, initializing? false, entries: <empty>
2019-09-11 03:15:43,711 [8c88a939-76a6-48ec-b449-781feab56278@group-C308026E702E-SegmentedRaftLogWorker] WARN  segmented.SegmentedRaftLogWorker (SegmentedRaftLogWorker.java:getFromFuture(90)) - Timeout 0/~
org.apache.ratis.protocol.TimeoutIOException: Timeout 10s: WriteLog:18: (t:2, i:18), STATEMACHINELOGENTRY, client-133138C33850, cid=31-writeStateMachineData
	at org.apache.ratis.util.IOUtils.getFromFuture(IOUtils.java:87)
	at org.apache.ratis.server.raftlog.segmented.SegmentedRaftLogWorker$StateMachineDataPolicy.getFromFuture(SegmentedRaftLogWorker.java:87)
	at org.apache.ratis.server.raftlog.segmented.SegmentedRaftLogWorker$WriteLog.execute(SegmentedRaftLogWorker.java:477)
	at org.apache.ratis.server.raftlog.segmented.SegmentedRaftLogWorker.run(SegmentedRaftLogWorker.java:289)
	at java.lang.Thread.run(Thread.java:748)
Caused by: java.util.concurrent.TimeoutException
	at java.util.concurrent.CompletableFuture.timedGet(CompletableFuture.java:1771)
	at java.util.concurrent.CompletableFuture.get(CompletableFuture.java:1915)
	at org.apache.ratis.util.IOUtils.getFromFuture(IOUtils.java:79)
	... 4 more
2019-09-11 03:15:43,739 [67340b07-f44b-4075-83dc-7a68839c1bb0@group-C308026E702E-SegmentedRaftLogWorker] WARN  segmented.SegmentedRaftLogWorker (SegmentedRaftLogWorker.java:getFromFuture(90)) - Timeout 0/~
org.apache.ratis.protocol.TimeoutIOException: Timeout 10s: WriteLog:18: (t:2, i:18), STATEMACHINELOGENTRY, client-133138C33850, cid=31-writeStateMachineData
	at org.apache.ratis.util.IOUtils.getFromFuture(IOUtils.java:87)
	at org.apache.ratis.server.raftlog.segmented.SegmentedRaftLogWorker$StateMachineDataPolicy.getFromFuture(SegmentedRaftLogWorker.java:87)
	at org.apache.ratis.server.raftlog.segmented.SegmentedRaftLogWorker$WriteLog.execute(SegmentedRaftLogWorker.java:477)
	at org.apache.ratis.server.raftlog.segmented.SegmentedRaftLogWorker.run(SegmentedRaftLogWorker.java:289)
	at java.lang.Thread.run(Thread.java:748)
Caused by: java.util.concurrent.TimeoutException
	at java.util.concurrent.CompletableFuture.timedGet(CompletableFuture.java:1771)
	at java.util.concurrent.CompletableFuture.get(CompletableFuture.java:1915)
	at org.apache.ratis.util.IOUtils.getFromFuture(IOUtils.java:79)
	... 4 more
2019-09-11 03:15:43,777 [grpc-default-executor-6] INFO  client.GrpcClientProtocolClient (GrpcClientProtocolClient.java:onNext(264)) - client-133138C33850->06bedc96-d276-4186-804c-441da3383ef1: receive RaftClientReply:client-133138C33850->06bedc96-d276-4186-804c-441da3383ef1@group-C308026E702E, cid=29, FAILED org.apache.ratis.protocol.NotLeaderException: Server 06bedc96-d276-4186-804c-441da3383ef1@group-C308026E702E is not the leader 67340b07-f44b-4075-83dc-7a68839c1bb0:192.168.34.53:40083, logIndex=0, commits[06bedc96-d276-4186-804c-441da3383ef1:c15, 67340b07-f44b-4075-83dc-7a68839c1bb0:c15, 8c88a939-76a6-48ec-b449-781feab56278:c11]
2019-09-11 03:15:44,119 [java.util.concurrent.ThreadPoolExecutor$Worker@161c2cc8[State = -1, empty queue]] WARN  server.GrpcLogAppender (GrpcLogAppender.java:timeoutAppendRequest(200)) - 67340b07-f44b-4075-83dc-7a68839c1bb0@group-C308026E702E->8c88a939-76a6-48ec-b449-781feab56278-GrpcLogAppender: appendEntries Timeout, request=67340b07-f44b-4075-83dc-7a68839c1bb0->8c88a939-76a6-48ec-b449-781feab56278#35-t2, previous=(t:2, i:19), leaderCommit=15, initializing? false, entries: <empty>
2019-09-11 03:15:44,120 [java.util.concurrent.ThreadPoolExecutor$Worker@4c15eeaf[State = -1, empty queue]] WARN  server.GrpcLogAppender (GrpcLogAppender.java:timeoutAppendRequest(200)) - 67340b07-f44b-4075-83dc-7a68839c1bb0@group-C308026E702E->06bedc96-d276-4186-804c-441da3383ef1-GrpcLogAppender: appendEntries Timeout, request=67340b07-f44b-4075-83dc-7a68839c1bb0->06bedc96-d276-4186-804c-441da3383ef1#35-t2, previous=(t:2, i:19), leaderCommit=15, initializing? false, entries: <empty>
2019-09-11 03:15:44,620 [java.util.concurrent.ThreadPoolExecutor$Worker@161c2cc8[State = -1, empty queue]] WARN  server.GrpcLogAppender (GrpcLogAppender.java:timeoutAppendRequest(200)) - 67340b07-f44b-4075-83dc-7a68839c1bb0@group-C308026E702E->8c88a939-76a6-48ec-b449-781feab56278-GrpcLogAppender: appendEntries Timeout, request=67340b07-f44b-4075-83dc-7a68839c1bb0->8c88a939-76a6-48ec-b449-781feab56278#36-t2, previous=(t:2, i:19), leaderCommit=15, initializing? false, entries: <empty>
2019-09-11 03:15:44,621 [java.util.concurrent.ThreadPoolExecutor$Worker@4c15eeaf[State = -1, empty queue]] WARN  server.GrpcLogAppender (GrpcLogAppender.java:timeoutAppendRequest(200)) - 67340b07-f44b-4075-83dc-7a68839c1bb0@group-C308026E702E->06bedc96-d276-4186-804c-441da3383ef1-GrpcLogAppender: appendEntries Timeout, request=67340b07-f44b-4075-83dc-7a68839c1bb0->06bedc96-d276-4186-804c-441da3383ef1#36-t2, previous=(t:2, i:19), leaderCommit=15, initializing? false, entries: <empty>
2019-09-11 03:15:45,120 [java.util.concurrent.ThreadPoolExecutor$Worker@161c2cc8[State = -1, empty queue]] WARN  server.GrpcLogAppender (GrpcLogAppender.java:timeoutAppendRequest(200)) - 67340b07-f44b-4075-83dc-7a68839c1bb0@group-C308026E702E->8c88a939-76a6-48ec-b449-781feab56278-GrpcLogAppender: appendEntries Timeout, request=67340b07-f44b-4075-83dc-7a68839c1bb0->8c88a939-76a6-48ec-b449-781feab56278#37-t2, previous=(t:2, i:19), leaderCommit=15, initializing? false, entries: <empty>
2019-09-11 03:15:45,121 [java.util.concurrent.ThreadPoolExecutor$Worker@4c15eeaf[State = -1, empty queue]] WARN  server.GrpcLogAppender (GrpcLogAppender.java:timeoutAppendRequest(200)) - 67340b07-f44b-4075-83dc-7a68839c1bb0@group-C308026E702E->06bedc96-d276-4186-804c-441da3383ef1-GrpcLogAppender: appendEntries Timeout, request=67340b07-f44b-4075-83dc-7a68839c1bb0->06bedc96-d276-4186-804c-441da3383ef1#37-t2, previous=(t:2, i:19), leaderCommit=15, initializing? false, entries: <empty>
2019-09-11 03:15:45,621 [java.util.concurrent.ThreadPoolExecutor$Worker@161c2cc8[State = -1, empty queue]] WARN  server.GrpcLogAppender (GrpcLogAppender.java:timeoutAppendRequest(200)) - 67340b07-f44b-4075-83dc-7a68839c1bb0@group-C308026E702E->8c88a939-76a6-48ec-b449-781feab56278-GrpcLogAppender: appendEntries Timeout, request=67340b07-f44b-4075-83dc-7a68839c1bb0->8c88a939-76a6-48ec-b449-781feab56278#38-t2, previous=(t:2, i:19), leaderCommit=15, initializing? false, entries: <empty>
2019-09-11 03:15:45,622 [java.util.concurrent.ThreadPoolExecutor$Worker@4c15eeaf[State = -1, empty queue]] WARN  server.GrpcLogAppender (GrpcLogAppender.java:timeoutAppendRequest(200)) - 67340b07-f44b-4075-83dc-7a68839c1bb0@group-C308026E702E->06bedc96-d276-4186-804c-441da3383ef1-GrpcLogAppender: appendEntries Timeout, request=67340b07-f44b-4075-83dc-7a68839c1bb0->06bedc96-d276-4186-804c-441da3383ef1#38-t2, previous=(t:2, i:19), leaderCommit=15, initializing? false, entries: <empty>
2019-09-11 03:15:46,123 [java.util.concurrent.ThreadPoolExecutor$Worker@4c15eeaf[State = -1, empty queue]] WARN  server.GrpcLogAppender (GrpcLogAppender.java:timeoutAppendRequest(200)) - 67340b07-f44b-4075-83dc-7a68839c1bb0@group-C308026E702E->06bedc96-d276-4186-804c-441da3383ef1-GrpcLogAppender: appendEntries Timeout, request=67340b07-f44b-4075-83dc-7a68839c1bb0->06bedc96-d276-4186-804c-441da3383ef1#39-t2, previous=(t:2, i:19), leaderCommit=15, initializing? false, entries: <empty>
2019-09-11 03:15:46,123 [java.util.concurrent.ThreadPoolExecutor$Worker@161c2cc8[State = -1, empty queue]] WARN  server.GrpcLogAppender (GrpcLogAppender.java:timeoutAppendRequest(200)) - 67340b07-f44b-4075-83dc-7a68839c1bb0@group-C308026E702E->8c88a939-76a6-48ec-b449-781feab56278-GrpcLogAppender: appendEntries Timeout, request=67340b07-f44b-4075-83dc-7a68839c1bb0->8c88a939-76a6-48ec-b449-781feab56278#39-t2, previous=(t:2, i:19), leaderCommit=15, initializing? false, entries: <empty>
2019-09-11 03:15:46,623 [java.util.concurrent.ThreadPoolExecutor$Worker@4c15eeaf[State = -1, empty queue]] WARN  server.GrpcLogAppender (GrpcLogAppender.java:timeoutAppendRequest(200)) - 67340b07-f44b-4075-83dc-7a68839c1bb0@group-C308026E702E->06bedc96-d276-4186-804c-441da3383ef1-GrpcLogAppender: appendEntries Timeout, request=67340b07-f44b-4075-83dc-7a68839c1bb0->06bedc96-d276-4186-804c-441da3383ef1#40-t2, previous=(t:2, i:19), leaderCommit=15, initializing? false, entries: <empty>
2019-09-11 03:15:46,623 [java.util.concurrent.ThreadPoolExecutor$Worker@161c2cc8[State = -1, empty queue]] WARN  server.GrpcLogAppender (GrpcLogAppender.java:timeoutAppendRequest(200)) - 67340b07-f44b-4075-83dc-7a68839c1bb0@group-C308026E702E->8c88a939-76a6-48ec-b449-781feab56278-GrpcLogAppender: appendEntries Timeout, request=67340b07-f44b-4075-83dc-7a68839c1bb0->8c88a939-76a6-48ec-b449-781feab56278#40-t2, previous=(t:2, i:19), leaderCommit=15, initializing? false, entries: <empty>
2019-09-11 03:15:47,126 [java.util.concurrent.ThreadPoolExecutor$Worker@161c2cc8[State = -1, empty queue]] WARN  server.GrpcLogAppender (GrpcLogAppender.java:timeoutAppendRequest(200)) - 67340b07-f44b-4075-83dc-7a68839c1bb0@group-C308026E702E->8c88a939-76a6-48ec-b449-781feab56278-GrpcLogAppender: appendEntries Timeout, request=67340b07-f44b-4075-83dc-7a68839c1bb0->8c88a939-76a6-48ec-b449-781feab56278#41-t2, previous=(t:2, i:19), leaderCommit=15, initializing? false, entries: <empty>
2019-09-11 03:15:47,126 [java.util.concurrent.ThreadPoolExecutor$Worker@4c15eeaf[State = -1, empty queue]] WARN  server.GrpcLogAppender (GrpcLogAppender.java:timeoutAppendRequest(200)) - 67340b07-f44b-4075-83dc-7a68839c1bb0@group-C308026E702E->06bedc96-d276-4186-804c-441da3383ef1-GrpcLogAppender: appendEntries Timeout, request=67340b07-f44b-4075-83dc-7a68839c1bb0->06bedc96-d276-4186-804c-441da3383ef1#41-t2, previous=(t:2, i:19), leaderCommit=15, initializing? false, entries: <empty>
2019-09-11 03:15:47,626 [java.util.concurrent.ThreadPoolExecutor$Worker@161c2cc8[State = -1, empty queue]] WARN  server.GrpcLogAppender (GrpcLogAppender.java:timeoutAppendRequest(200)) - 67340b07-f44b-4075-83dc-7a68839c1bb0@group-C308026E702E->8c88a939-76a6-48ec-b449-781feab56278-GrpcLogAppender: appendEntries Timeout, request=67340b07-f44b-4075-83dc-7a68839c1bb0->8c88a939-76a6-48ec-b449-781feab56278#42-t2, previous=(t:2, i:19), leaderCommit=15, initializing? false, entries: <empty>
2019-09-11 03:15:47,626 [java.util.concurrent.ThreadPoolExecutor$Worker@4c15eeaf[State = -1, empty queue]] WARN  server.GrpcLogAppender (GrpcLogAppender.java:timeoutAppendRequest(200)) - 67340b07-f44b-4075-83dc-7a68839c1bb0@group-C308026E702E->06bedc96-d276-4186-804c-441da3383ef1-GrpcLogAppender: appendEntries Timeout, request=67340b07-f44b-4075-83dc-7a68839c1bb0->06bedc96-d276-4186-804c-441da3383ef1#42-t2, previous=(t:2, i:19), leaderCommit=15, initializing? false, entries: <empty>
2019-09-11 03:15:48,127 [java.util.concurrent.ThreadPoolExecutor$Worker@4c15eeaf[State = -1, empty queue]] WARN  server.GrpcLogAppender (GrpcLogAppender.java:timeoutAppendRequest(200)) - 67340b07-f44b-4075-83dc-7a68839c1bb0@group-C308026E702E->06bedc96-d276-4186-804c-441da3383ef1-GrpcLogAppender: appendEntries Timeout, request=67340b07-f44b-4075-83dc-7a68839c1bb0->06bedc96-d276-4186-804c-441da3383ef1#43-t2, previous=(t:2, i:19), leaderCommit=15, initializing? false, entries: <empty>
2019-09-11 03:15:48,127 [java.util.concurrent.ThreadPoolExecutor$Worker@161c2cc8[State = -1, empty queue]] WARN  server.GrpcLogAppender (GrpcLogAppender.java:timeoutAppendRequest(200)) - 67340b07-f44b-4075-83dc-7a68839c1bb0@group-C308026E702E->8c88a939-76a6-48ec-b449-781feab56278-GrpcLogAppender: appendEntries Timeout, request=67340b07-f44b-4075-83dc-7a68839c1bb0->8c88a939-76a6-48ec-b449-781feab56278#43-t2, previous=(t:2, i:19), leaderCommit=15, initializing? false, entries: <empty>
2019-09-11 03:15:48,627 [java.util.concurrent.ThreadPoolExecutor$Worker@4c15eeaf[State = -1, empty queue]] WARN  server.GrpcLogAppender (GrpcLogAppender.java:timeoutAppendRequest(200)) - 67340b07-f44b-4075-83dc-7a68839c1bb0@group-C308026E702E->06bedc96-d276-4186-804c-441da3383ef1-GrpcLogAppender: appendEntries Timeout, request=67340b07-f44b-4075-83dc-7a68839c1bb0->06bedc96-d276-4186-804c-441da3383ef1#44-t2, previous=(t:2, i:19), leaderCommit=15, initializing? false, entries: <empty>
2019-09-11 03:15:48,627 [java.util.concurrent.ThreadPoolExecutor$Worker@161c2cc8[State = -1, empty queue]] WARN  server.GrpcLogAppender (GrpcLogAppender.java:timeoutAppendRequest(200)) - 67340b07-f44b-4075-83dc-7a68839c1bb0@group-C308026E702E->8c88a939-76a6-48ec-b449-781feab56278-GrpcLogAppender: appendEntries Timeout, request=67340b07-f44b-4075-83dc-7a68839c1bb0->8c88a939-76a6-48ec-b449-781feab56278#44-t2, previous=(t:2, i:19), leaderCommit=15, initializing? false, entries: <empty>
2019-09-11 03:15:48,866 [grpc-default-executor-1] INFO  client.GrpcClientProtocolClient (GrpcClientProtocolClient.java:onNext(264)) - client-133138C33850->8c88a939-76a6-48ec-b449-781feab56278: receive RaftClientReply:client-133138C33850->8c88a939-76a6-48ec-b449-781feab56278@group-C308026E702E, cid=29, FAILED org.apache.ratis.protocol.NotLeaderException: Server 8c88a939-76a6-48ec-b449-781feab56278@group-C308026E702E is not the leader 67340b07-f44b-4075-83dc-7a68839c1bb0:192.168.34.53:40083, logIndex=0, commits[8c88a939-76a6-48ec-b449-781feab56278:c15, 06bedc96-d276-4186-804c-441da3383ef1:c11, 67340b07-f44b-4075-83dc-7a68839c1bb0:c15]
2019-09-11 03:15:49,128 [java.util.concurrent.ThreadPoolExecutor$Worker@161c2cc8[State = -1, empty queue]] WARN  server.GrpcLogAppender (GrpcLogAppender.java:timeoutAppendRequest(200)) - 67340b07-f44b-4075-83dc-7a68839c1bb0@group-C308026E702E->8c88a939-76a6-48ec-b449-781feab56278-GrpcLogAppender: appendEntries Timeout, request=67340b07-f44b-4075-83dc-7a68839c1bb0->8c88a939-76a6-48ec-b449-781feab56278#45-t2, previous=(t:2, i:19), leaderCommit=15, initializing? false, entries: <empty>
2019-09-11 03:15:49,128 [java.util.concurrent.ThreadPoolExecutor$Worker@4c15eeaf[State = -1, empty queue]] WARN  server.GrpcLogAppender (GrpcLogAppender.java:timeoutAppendRequest(200)) - 67340b07-f44b-4075-83dc-7a68839c1bb0@group-C308026E702E->06bedc96-d276-4186-804c-441da3383ef1-GrpcLogAppender: appendEntries Timeout, request=67340b07-f44b-4075-83dc-7a68839c1bb0->06bedc96-d276-4186-804c-441da3383ef1#45-t2, previous=(t:2, i:19), leaderCommit=15, initializing? false, entries: <empty>
2019-09-11 03:15:49,629 [java.util.concurrent.ThreadPoolExecutor$Worker@4c15eeaf[State = -1, empty queue]] WARN  server.GrpcLogAppender (GrpcLogAppender.java:timeoutAppendRequest(200)) - 67340b07-f44b-4075-83dc-7a68839c1bb0@group-C308026E702E->06bedc96-d276-4186-804c-441da3383ef1-GrpcLogAppender: appendEntries Timeout, request=67340b07-f44b-4075-83dc-7a68839c1bb0->06bedc96-d276-4186-804c-441da3383ef1#46-t2, previous=(t:2, i:19), leaderCommit=15, initializing? false, entries: <empty>
2019-09-11 03:15:49,629 [java.util.concurrent.ThreadPoolExecutor$Worker@161c2cc8[State = -1, empty queue]] WARN  server.GrpcLogAppender (GrpcLogAppender.java:timeoutAppendRequest(200)) - 67340b07-f44b-4075-83dc-7a68839c1bb0@group-C308026E702E->8c88a939-76a6-48ec-b449-781feab56278-GrpcLogAppender: appendEntries Timeout, request=67340b07-f44b-4075-83dc-7a68839c1bb0->8c88a939-76a6-48ec-b449-781feab56278#46-t2, previous=(t:2, i:19), leaderCommit=15, initializing? false, entries: <empty>
2019-09-11 03:15:50,129 [java.util.concurrent.ThreadPoolExecutor$Worker@4c15eeaf[State = -1, empty queue]] WARN  server.GrpcLogAppender (GrpcLogAppender.java:timeoutAppendRequest(200)) - 67340b07-f44b-4075-83dc-7a68839c1bb0@group-C308026E702E->06bedc96-d276-4186-804c-441da3383ef1-GrpcLogAppender: appendEntries Timeout, request=67340b07-f44b-4075-83dc-7a68839c1bb0->06bedc96-d276-4186-804c-441da3383ef1#47-t2, previous=(t:2, i:19), leaderCommit=15, initializing? false, entries: <empty>
2019-09-11 03:15:50,129 [java.util.concurrent.ThreadPoolExecutor$Worker@161c2cc8[State = -1, empty queue]] WARN  server.GrpcLogAppender (GrpcLogAppender.java:timeoutAppendRequest(200)) - 67340b07-f44b-4075-83dc-7a68839c1bb0@group-C308026E702E->8c88a939-76a6-48ec-b449-781feab56278-GrpcLogAppender: appendEntries Timeout, request=67340b07-f44b-4075-83dc-7a68839c1bb0->8c88a939-76a6-48ec-b449-781feab56278#47-t2, previous=(t:2, i:19), leaderCommit=15, initializing? false, entries: <empty>
2019-09-11 03:15:50,630 [java.util.concurrent.ThreadPoolExecutor$Worker@4c15eeaf[State = -1, empty queue]] WARN  server.GrpcLogAppender (GrpcLogAppender.java:timeoutAppendRequest(200)) - 67340b07-f44b-4075-83dc-7a68839c1bb0@group-C308026E702E->06bedc96-d276-4186-804c-441da3383ef1-GrpcLogAppender: appendEntries Timeout, request=67340b07-f44b-4075-83dc-7a68839c1bb0->06bedc96-d276-4186-804c-441da3383ef1#48-t2, previous=(t:2, i:19), leaderCommit=15, initializing? false, entries: <empty>
2019-09-11 03:15:50,630 [java.util.concurrent.ThreadPoolExecutor$Worker@161c2cc8[State = -1, empty queue]] WARN  server.GrpcLogAppender (GrpcLogAppender.java:timeoutAppendRequest(200)) - 67340b07-f44b-4075-83dc-7a68839c1bb0@group-C308026E702E->8c88a939-76a6-48ec-b449-781feab56278-GrpcLogAppender: appendEntries Timeout, request=67340b07-f44b-4075-83dc-7a68839c1bb0->8c88a939-76a6-48ec-b449-781feab56278#48-t2, previous=(t:2, i:19), leaderCommit=15, initializing? false, entries: <empty>
2019-09-11 03:15:51,130 [java.util.concurrent.ThreadPoolExecutor$Worker@161c2cc8[State = -1, empty queue]] WARN  server.GrpcLogAppender (GrpcLogAppender.java:timeoutAppendRequest(200)) - 67340b07-f44b-4075-83dc-7a68839c1bb0@group-C308026E702E->8c88a939-76a6-48ec-b449-781feab56278-GrpcLogAppender: appendEntries Timeout, request=67340b07-f44b-4075-83dc-7a68839c1bb0->8c88a939-76a6-48ec-b449-781feab56278#49-t2, previous=(t:2, i:19), leaderCommit=15, initializing? false, entries: <empty>
2019-09-11 03:15:51,130 [java.util.concurrent.ThreadPoolExecutor$Worker@4c15eeaf[State = -1, empty queue]] WARN  server.GrpcLogAppender (GrpcLogAppender.java:timeoutAppendRequest(200)) - 67340b07-f44b-4075-83dc-7a68839c1bb0@group-C308026E702E->06bedc96-d276-4186-804c-441da3383ef1-GrpcLogAppender: appendEntries Timeout, request=67340b07-f44b-4075-83dc-7a68839c1bb0->06bedc96-d276-4186-804c-441da3383ef1#49-t2, previous=(t:2, i:19), leaderCommit=15, initializing? false, entries: <empty>
2019-09-11 03:15:51,631 [java.util.concurrent.ThreadPoolExecutor$Worker@161c2cc8[State = -1, empty queue]] WARN  server.GrpcLogAppender (GrpcLogAppender.java:timeoutAppendRequest(200)) - 67340b07-f44b-4075-83dc-7a68839c1bb0@group-C308026E702E->8c88a939-76a6-48ec-b449-781feab56278-GrpcLogAppender: appendEntries Timeout, request=67340b07-f44b-4075-83dc-7a68839c1bb0->8c88a939-76a6-48ec-b449-781feab56278#50-t2, previous=(t:2, i:19), leaderCommit=15, initializing? false, entries: <empty>
2019-09-11 03:15:51,631 [java.util.concurrent.ThreadPoolExecutor$Worker@4c15eeaf[State = -1, empty queue]] WARN  server.GrpcLogAppender (GrpcLogAppender.java:timeoutAppendRequest(200)) - 67340b07-f44b-4075-83dc-7a68839c1bb0@group-C308026E702E->06bedc96-d276-4186-804c-441da3383ef1-GrpcLogAppender: appendEntries Timeout, request=67340b07-f44b-4075-83dc-7a68839c1bb0->06bedc96-d276-4186-804c-441da3383ef1#50-t2, previous=(t:2, i:19), leaderCommit=15, initializing? false, entries: <empty>
2019-09-11 03:15:51,907 [main] WARN  io.KeyOutputStream (KeyOutputStream.java:handleException(276)) - Encountered exception java.io.IOException: Unexpected Storage Container Exception: java.util.concurrent.CompletionException: java.util.concurrent.CompletionException: org.apache.ratis.protocol.RaftRetryFailureException: Failed RaftClientRequest:client-133138C33850->67340b07-f44b-4075-83dc-7a68839c1bb0@group-C308026E702E, cid=29, seq=9*, RW, org.apache.hadoop.hdds.scm.XceiverClientRatis$$Lambda$537/787298292@67421363 for 10 attempts with RetryLimited(maxAttempts=10, sleepTime=1000ms) on the pipeline Pipeline[ Id: dc5a121c-a3ce-4c69-b921-c308026e702e, Nodes: 06bedc96-d276-4186-804c-441da3383ef1{ip: 192.168.34.53, host: pr-hdds-2107-sbngl-2106859965, networkLocation: /default-rack, certSerialId: null}8c88a939-76a6-48ec-b449-781feab56278{ip: 192.168.34.53, host: pr-hdds-2107-sbngl-2106859965, networkLocation: /default-rack, certSerialId: null}67340b07-f44b-4075-83dc-7a68839c1bb0{ip: 192.168.34.53, host: pr-hdds-2107-sbngl-2106859965, networkLocation: /default-rack, certSerialId: null}, Type:RATIS, Factor:THREE, State:OPEN]. The last committed block length is 0, uncommitted data length is 2097152 retry count 0
2019-09-11 03:15:51,951 [grpc-default-executor-4] INFO  client.GrpcClientProtocolClient (GrpcClientProtocolClient.java:onNext(264)) - client-84CCB07DAE59->6fcf04af-ebca-4852-b73e-87fdd08ef440: receive RaftClientReply:client-84CCB07DAE59->6fcf04af-ebca-4852-b73e-87fdd08ef440@group-D5F610D5601A, cid=33, FAILED org.apache.ratis.protocol.NotLeaderException: Server 6fcf04af-ebca-4852-b73e-87fdd08ef440@group-D5F610D5601A is not the leader 53d5fcb5-8117-4632-855b-8768bb6778f7:192.168.34.53:34476, logIndex=0, commits[6fcf04af-ebca-4852-b73e-87fdd08ef440:c0, 53d5fcb5-8117-4632-855b-8768bb6778f7:c0, 4b2356e4-aaef-4a34-8176-0946a74a854c:c0]
2019-09-11 03:15:52,132 [java.util.concurrent.ThreadPoolExecutor$Worker@161c2cc8[State = -1, empty queue]] WARN  server.GrpcLogAppender (GrpcLogAppender.java:timeoutAppendRequest(200)) - 67340b07-f44b-4075-83dc-7a68839c1bb0@group-C308026E702E->8c88a939-76a6-48ec-b449-781feab56278-GrpcLogAppender: appendEntries Timeout, request=67340b07-f44b-4075-83dc-7a68839c1bb0->8c88a939-76a6-48ec-b449-781feab56278#51-t2, previous=(t:2, i:19), leaderCommit=15, initializing? false, entries: <empty>
2019-09-11 03:15:52,132 [java.util.concurrent.ThreadPoolExecutor$Worker@4c15eeaf[State = -1, empty queue]] WARN  server.GrpcLogAppender (GrpcLogAppender.java:timeoutAppendRequest(200)) - 67340b07-f44b-4075-83dc-7a68839c1bb0@group-C308026E702E->06bedc96-d276-4186-804c-441da3383ef1-GrpcLogAppender: appendEntries Timeout, request=67340b07-f44b-4075-83dc-7a68839c1bb0->06bedc96-d276-4186-804c-441da3383ef1#51-t2, previous=(t:2, i:19), leaderCommit=15, initializing? false, entries: <empty>
2019-09-11 03:15:52,348 [grpc-default-executor-1] INFO  client.GrpcClientProtocolClient (GrpcClientProtocolClient.java:onNext(264)) - client-84CCB07DAE59->53d5fcb5-8117-4632-855b-8768bb6778f7: receive RaftClientReply:client-84CCB07DAE59->53d5fcb5-8117-4632-855b-8768bb6778f7@group-D5F610D5601A, cid=33, SUCCESS, logIndex=1, commits[53d5fcb5-8117-4632-855b-8768bb6778f7:c1, 4b2356e4-aaef-4a34-8176-0946a74a854c:c0, 6fcf04af-ebca-4852-b73e-87fdd08ef440:c0]
2019-09-11 03:15:52,628 [grpc-default-executor-4] INFO  client.GrpcClientProtocolClient (GrpcClientProtocolClient.java:onNext(264)) - client-84CCB07DAE59->53d5fcb5-8117-4632-855b-8768bb6778f7: receive RaftClientReply:client-84CCB07DAE59->53d5fcb5-8117-4632-855b-8768bb6778f7@group-D5F610D5601A, cid=34, SUCCESS, logIndex=3, commits[53d5fcb5-8117-4632-855b-8768bb6778f7:c8, 4b2356e4-aaef-4a34-8176-0946a74a854c:c5, 6fcf04af-ebca-4852-b73e-87fdd08ef440:c5]
2019-09-11 03:15:52,629 [grpc-default-executor-4] INFO  client.GrpcClientProtocolClient (GrpcClientProtocolClient.java:onNext(264)) - client-84CCB07DAE59->53d5fcb5-8117-4632-855b-8768bb6778f7: receive RaftClientReply:client-84CCB07DAE59->53d5fcb5-8117-4632-855b-8768bb6778f7@group-D5F610D5601A, cid=35, SUCCESS, logIndex=4, commits[53d5fcb5-8117-4632-855b-8768bb6778f7:c8, 4b2356e4-aaef-4a34-8176-0946a74a854c:c5, 6fcf04af-ebca-4852-b73e-87fdd08ef440:c5]
2019-09-11 03:15:52,633 [java.util.concurrent.ThreadPoolExecutor$Worker@4c15eeaf[State = -1, empty queue]] WARN  server.GrpcLogAppender (GrpcLogAppender.java:timeoutAppendRequest(200)) - 67340b07-f44b-4075-83dc-7a68839c1bb0@group-C308026E702E->06bedc96-d276-4186-804c-441da3383ef1-GrpcLogAppender: appendEntries Timeout, request=67340b07-f44b-4075-83dc-7a68839c1bb0->06bedc96-d276-4186-804c-441da3383ef1#52-t2, previous=(t:2, i:19), leaderCommit=15, initializing? false, entries: <empty>
2019-09-11 03:15:52,633 [java.util.concurrent.ThreadPoolExecutor$Worker@161c2cc8[State = -1, empty queue]] WARN  server.GrpcLogAppender (GrpcLogAppender.java:timeoutAppendRequest(200)) - 67340b07-f44b-4075-83dc-7a68839c1bb0@group-C308026E702E->8c88a939-76a6-48ec-b449-781feab56278-GrpcLogAppender: appendEntries Timeout, request=67340b07-f44b-4075-83dc-7a68839c1bb0->8c88a939-76a6-48ec-b449-781feab56278#52-t2, previous=(t:2, i:19), leaderCommit=15, initializing? false, entries: <empty>
2019-09-11 03:15:53,037 [grpc-default-executor-4] INFO  client.GrpcClientProtocolClient (GrpcClientProtocolClient.java:onNext(264)) - client-84CCB07DAE59->53d5fcb5-8117-4632-855b-8768bb6778f7: receive RaftClientReply:client-84CCB07DAE59->53d5fcb5-8117-4632-855b-8768bb6778f7@group-D5F610D5601A, cid=36, SUCCESS, logIndex=5, commits[53d5fcb5-8117-4632-855b-8768bb6778f7:c8, 4b2356e4-aaef-4a34-8176-0946a74a854c:c8, 6fcf04af-ebca-4852-b73e-87fdd08ef440:c8]
2019-09-11 03:15:53,097 [grpc-default-executor-4] INFO  client.GrpcClientProtocolClient (GrpcClientProtocolClient.java:onNext(264)) - client-84CCB07DAE59->53d5fcb5-8117-4632-855b-8768bb6778f7: receive RaftClientReply:client-84CCB07DAE59->53d5fcb5-8117-4632-855b-8768bb6778f7@group-D5F610D5601A, cid=37, SUCCESS, logIndex=9, commits[53d5fcb5-8117-4632-855b-8768bb6778f7:c10, 4b2356e4-aaef-4a34-8176-0946a74a854c:c8, 6fcf04af-ebca-4852-b73e-87fdd08ef440:c8]
2019-09-11 03:15:53,103 [grpc-default-executor-1] INFO  client.GrpcClientProtocolClient (GrpcClientProtocolClient.java:onNext(264)) - client-84CCB07DAE59->53d5fcb5-8117-4632-855b-8768bb6778f7: receive RaftClientReply:client-84CCB07DAE59->53d5fcb5-8117-4632-855b-8768bb6778f7@group-D5F610D5601A, cid=38, SUCCESS, logIndex=10, commits[53d5fcb5-8117-4632-855b-8768bb6778f7:c10, 4b2356e4-aaef-4a34-8176-0946a74a854c:c8, 6fcf04af-ebca-4852-b73e-87fdd08ef440:c8]
2019-09-11 03:15:53,106 [grpc-default-executor-1] INFO  client.GrpcClientProtocolClient (GrpcClientProtocolClient.java:onNext(264)) - client-84CCB07DAE59->53d5fcb5-8117-4632-855b-8768bb6778f7: receive RaftClientReply:client-84CCB07DAE59->53d5fcb5-8117-4632-855b-8768bb6778f7@group-D5F610D5601A, cid=39, SUCCESS, logIndex=11, commits[53d5fcb5-8117-4632-855b-8768bb6778f7:c12, 4b2356e4-aaef-4a34-8176-0946a74a854c:c8, 6fcf04af-ebca-4852-b73e-87fdd08ef440:c8]
2019-09-11 03:15:53,106 [grpc-default-executor-1] INFO  client.GrpcClientProtocolClient (GrpcClientProtocolClient.java:onNext(264)) - client-84CCB07DAE59->53d5fcb5-8117-4632-855b-8768bb6778f7: receive RaftClientReply:client-84CCB07DAE59->53d5fcb5-8117-4632-855b-8768bb6778f7@group-D5F610D5601A, cid=40, SUCCESS, logIndex=12, commits[53d5fcb5-8117-4632-855b-8768bb6778f7:c12, 4b2356e4-aaef-4a34-8176-0946a74a854c:c8, 6fcf04af-ebca-4852-b73e-87fdd08ef440:c8]
2019-09-11 03:15:53,133 [java.util.concurrent.ThreadPoolExecutor$Worker@161c2cc8[State = -1, empty queue]] WARN  server.GrpcLogAppender (GrpcLogAppender.java:timeoutAppendRequest(200)) - 67340b07-f44b-4075-83dc-7a68839c1bb0@group-C308026E702E->8c88a939-76a6-48ec-b449-781feab56278-GrpcLogAppender: appendEntries Timeout, request=67340b07-f44b-4075-83dc-7a68839c1bb0->8c88a939-76a6-48ec-b449-781feab56278#53-t2, previous=(t:2, i:19), leaderCommit=15, initializing? false, entries: <empty>
2019-09-11 03:15:53,133 [java.util.concurrent.ThreadPoolExecutor$Worker@4c15eeaf[State = -1, empty queue]] WARN  server.GrpcLogAppender (GrpcLogAppender.java:timeoutAppendRequest(200)) - 67340b07-f44b-4075-83dc-7a68839c1bb0@group-C308026E702E->06bedc96-d276-4186-804c-441da3383ef1-GrpcLogAppender: appendEntries Timeout, request=67340b07-f44b-4075-83dc-7a68839c1bb0->06bedc96-d276-4186-804c-441da3383ef1#53-t2, previous=(t:2, i:19), leaderCommit=15, initializing? false, entries: <empty>
2019-09-11 03:15:53,137 [grpc-default-executor-1] INFO  client.GrpcClientProtocolClient (GrpcClientProtocolClient.java:onNext(264)) - client-84CCB07DAE59->53d5fcb5-8117-4632-855b-8768bb6778f7: receive RaftClientReply:client-84CCB07DAE59->53d5fcb5-8117-4632-855b-8768bb6778f7@group-D5F610D5601A, cid=41, SUCCESS, logIndex=0, commits[53d5fcb5-8117-4632-855b-8768bb6778f7:c16, 4b2356e4-aaef-4a34-8176-0946a74a854c:c12, 6fcf04af-ebca-4852-b73e-87fdd08ef440:c12]
2019-09-11 03:15:53,139 [grpc-default-executor-0] INFO  client.GrpcClientProtocolClient (GrpcClientProtocolClient.java:onNext(264)) - client-84CCB07DAE59->53d5fcb5-8117-4632-855b-8768bb6778f7: receive RaftClientReply:client-84CCB07DAE59->53d5fcb5-8117-4632-855b-8768bb6778f7@group-D5F610D5601A, cid=42, SUCCESS, logIndex=0, commits[53d5fcb5-8117-4632-855b-8768bb6778f7:c16, 4b2356e4-aaef-4a34-8176-0946a74a854c:c12, 6fcf04af-ebca-4852-b73e-87fdd08ef440:c12]
2019-09-11 03:15:53,603 [06bedc96-d276-4186-804c-441da3383ef1@group-C308026E702E-SegmentedRaftLogWorker] WARN  segmented.SegmentedRaftLogWorker (SegmentedRaftLogWorker.java:getFromFuture(90)) - Timeout 1/~
org.apache.ratis.protocol.TimeoutIOException: Timeout 10s: WriteLog:16: (t:2, i:16), STATEMACHINELOGENTRY, client-133138C33850, cid=29-writeStateMachineData
	at org.apache.ratis.util.IOUtils.getFromFuture(IOUtils.java:87)
	at org.apache.ratis.server.raftlog.segmented.SegmentedRaftLogWorker$StateMachineDataPolicy.getFromFuture(SegmentedRaftLogWorker.java:87)
	at org.apache.ratis.server.raftlog.segmented.SegmentedRaftLogWorker$WriteLog.execute(SegmentedRaftLogWorker.java:477)
	at org.apache.ratis.server.raftlog.segmented.SegmentedRaftLogWorker.run(SegmentedRaftLogWorker.java:289)
	at java.lang.Thread.run(Thread.java:748)
Caused by: java.util.concurrent.TimeoutException
	at java.util.concurrent.CompletableFuture.timedGet(CompletableFuture.java:1771)
	at java.util.concurrent.CompletableFuture.get(CompletableFuture.java:1915)
	at org.apache.ratis.util.IOUtils.getFromFuture(IOUtils.java:79)
	... 4 more
2019-09-11 03:15:53,635 [java.util.concurrent.ThreadPoolExecutor$Worker@4c15eeaf[State = -1, empty queue]] WARN  server.GrpcLogAppender (GrpcLogAppender.java:timeoutAppendRequest(200)) - 67340b07-f44b-4075-83dc-7a68839c1bb0@group-C308026E702E->06bedc96-d276-4186-804c-441da3383ef1-GrpcLogAppender: appendEntries Timeout, request=67340b07-f44b-4075-83dc-7a68839c1bb0->06bedc96-d276-4186-804c-441da3383ef1#54-t2, previous=(t:2, i:19), leaderCommit=15, initializing? false, entries: <empty>
2019-09-11 03:15:53,635 [java.util.concurrent.ThreadPoolExecutor$Worker@161c2cc8[State = -1, empty queue]] WARN  server.GrpcLogAppender (GrpcLogAppender.java:timeoutAppendRequest(200)) - 67340b07-f44b-4075-83dc-7a68839c1bb0@group-C308026E702E->8c88a939-76a6-48ec-b449-781feab56278-GrpcLogAppender: appendEntries Timeout, request=67340b07-f44b-4075-83dc-7a68839c1bb0->8c88a939-76a6-48ec-b449-781feab56278#54-t2, previous=(t:2, i:19), leaderCommit=15, initializing? false, entries: <empty>
2019-09-11 03:15:53,712 [8c88a939-76a6-48ec-b449-781feab56278@group-C308026E702E-SegmentedRaftLogWorker] WARN  segmented.SegmentedRaftLogWorker (SegmentedRaftLogWorker.java:getFromFuture(90)) - Timeout 1/~
org.apache.ratis.protocol.TimeoutIOException: Timeout 10s: WriteLog:18: (t:2, i:18), STATEMACHINELOGENTRY, client-133138C33850, cid=31-writeStateMachineData
	at org.apache.ratis.util.IOUtils.getFromFuture(IOUtils.java:87)
	at org.apache.ratis.server.raftlog.segmented.SegmentedRaftLogWorker$StateMachineDataPolicy.getFromFuture(SegmentedRaftLogWorker.java:87)
	at org.apache.ratis.server.raftlog.segmented.SegmentedRaftLogWorker$WriteLog.execute(SegmentedRaftLogWorker.java:477)
	at org.apache.ratis.server.raftlog.segmented.SegmentedRaftLogWorker.run(SegmentedRaftLogWorker.java:289)
	at java.lang.Thread.run(Thread.java:748)
Caused by: java.util.concurrent.TimeoutException
	at java.util.concurrent.CompletableFuture.timedGet(CompletableFuture.java:1771)
	at java.util.concurrent.CompletableFuture.get(CompletableFuture.java:1915)
	at org.apache.ratis.util.IOUtils.getFromFuture(IOUtils.java:79)
	... 4 more
2019-09-11 03:15:53,739 [67340b07-f44b-4075-83dc-7a68839c1bb0@group-C308026E702E-SegmentedRaftLogWorker] WARN  segmented.SegmentedRaftLogWorker (SegmentedRaftLogWorker.java:getFromFuture(90)) - Timeout 1/~
org.apache.ratis.protocol.TimeoutIOException: Timeout 10s: WriteLog:18: (t:2, i:18), STATEMACHINELOGENTRY, client-133138C33850, cid=31-writeStateMachineData
	at org.apache.ratis.util.IOUtils.getFromFuture(IOUtils.java:87)
	at org.apache.ratis.server.raftlog.segmented.SegmentedRaftLogWorker$StateMachineDataPolicy.getFromFuture(SegmentedRaftLogWorker.java:87)
	at org.apache.ratis.server.raftlog.segmented.SegmentedRaftLogWorker$WriteLog.execute(SegmentedRaftLogWorker.java:477)
	at org.apache.ratis.server.raftlog.segmented.SegmentedRaftLogWorker.run(SegmentedRaftLogWorker.java:289)
	at java.lang.Thread.run(Thread.java:748)
Caused by: java.util.concurrent.TimeoutException
	at java.util.concurrent.CompletableFuture.timedGet(CompletableFuture.java:1771)
	at java.util.concurrent.CompletableFuture.get(CompletableFuture.java:1915)
	at org.apache.ratis.util.IOUtils.getFromFuture(IOUtils.java:79)
	... 4 more
2019-09-11 03:15:54,135 [java.util.concurrent.ThreadPoolExecutor$Worker@161c2cc8[State = -1, empty queue]] WARN  server.GrpcLogAppender (GrpcLogAppender.java:timeoutAppendRequest(200)) - 67340b07-f44b-4075-83dc-7a68839c1bb0@group-C308026E702E->8c88a939-76a6-48ec-b449-781feab56278-GrpcLogAppender: appendEntries Timeout, request=67340b07-f44b-4075-83dc-7a68839c1bb0->8c88a939-76a6-48ec-b449-781feab56278#55-t2, previous=(t:2, i:19), leaderCommit=15, initializing? false, entries: <empty>
2019-09-11 03:15:54,135 [java.util.concurrent.ThreadPoolExecutor$Worker@4c15eeaf[State = -1, empty queue]] WARN  server.GrpcLogAppender (GrpcLogAppender.java:timeoutAppendRequest(200)) - 67340b07-f44b-4075-83dc-7a68839c1bb0@group-C308026E702E->06bedc96-d276-4186-804c-441da3383ef1-GrpcLogAppender: appendEntries Timeout, request=67340b07-f44b-4075-83dc-7a68839c1bb0->06bedc96-d276-4186-804c-441da3383ef1#55-t2, previous=(t:2, i:19), leaderCommit=15, initializing? false, entries: <empty>
2019-09-11 03:15:54,635 [java.util.concurrent.ThreadPoolExecutor$Worker@161c2cc8[State = -1, empty queue]] WARN  server.GrpcLogAppender (GrpcLogAppender.java:timeoutAppendRequest(200)) - 67340b07-f44b-4075-83dc-7a68839c1bb0@group-C308026E702E->8c88a939-76a6-48ec-b449-781feab56278-GrpcLogAppender: appendEntries Timeout, request=67340b07-f44b-4075-83dc-7a68839c1bb0->8c88a939-76a6-48ec-b449-781feab56278#56-t2, previous=(t:2, i:19), leaderCommit=15, initializing? false, entries: <empty>
2019-09-11 03:15:54,635 [java.util.concurrent.ThreadPoolExecutor$Worker@4c15eeaf[State = -1, empty queue]] WARN  server.GrpcLogAppender (GrpcLogAppender.java:timeoutAppendRequest(200)) - 67340b07-f44b-4075-83dc-7a68839c1bb0@group-C308026E702E->06bedc96-d276-4186-804c-441da3383ef1-GrpcLogAppender: appendEntries Timeout, request=67340b07-f44b-4075-83dc-7a68839c1bb0->06bedc96-d276-4186-804c-441da3383ef1#56-t2, previous=(t:2, i:19), leaderCommit=15, initializing? false, entries: <empty>
2019-09-11 03:15:55,137 [java.util.concurrent.ThreadPoolExecutor$Worker@161c2cc8[State = -1, empty queue]] WARN  server.GrpcLogAppender (GrpcLogAppender.java:timeoutAppendRequest(200)) - 67340b07-f44b-4075-83dc-7a68839c1bb0@group-C308026E702E->8c88a939-76a6-48ec-b449-781feab56278-GrpcLogAppender: appendEntries Timeout, request=67340b07-f44b-4075-83dc-7a68839c1bb0->8c88a939-76a6-48ec-b449-781feab56278#57-t2, previous=(t:2, i:19), leaderCommit=15, initializing? false, entries: <empty>
2019-09-11 03:15:55,137 [java.util.concurrent.ThreadPoolExecutor$Worker@4c15eeaf[State = -1, empty queue]] WARN  server.GrpcLogAppender (GrpcLogAppender.java:timeoutAppendRequest(200)) - 67340b07-f44b-4075-83dc-7a68839c1bb0@group-C308026E702E->06bedc96-d276-4186-804c-441da3383ef1-GrpcLogAppender: appendEntries Timeout, request=67340b07-f44b-4075-83dc-7a68839c1bb0->06bedc96-d276-4186-804c-441da3383ef1#57-t2, previous=(t:2, i:19), leaderCommit=15, initializing? false, entries: <empty>
2019-09-11 03:15:55,637 [java.util.concurrent.ThreadPoolExecutor$Worker@161c2cc8[State = -1, empty queue]] WARN  server.GrpcLogAppender (GrpcLogAppender.java:timeoutAppendRequest(200)) - 67340b07-f44b-4075-83dc-7a68839c1bb0@group-C308026E702E->8c88a939-76a6-48ec-b449-781feab56278-GrpcLogAppender: appendEntries Timeout, request=67340b07-f44b-4075-83dc-7a68839c1bb0->8c88a939-76a6-48ec-b449-781feab56278#58-t2, previous=(t:2, i:19), leaderCommit=15, initializing? false, entries: <empty>
2019-09-11 03:15:55,637 [java.util.concurrent.ThreadPoolExecutor$Worker@4c15eeaf[State = -1, empty queue]] WARN  server.GrpcLogAppender (GrpcLogAppender.java:timeoutAppendRequest(200)) - 67340b07-f44b-4075-83dc-7a68839c1bb0@group-C308026E702E->06bedc96-d276-4186-804c-441da3383ef1-GrpcLogAppender: appendEntries Timeout, request=67340b07-f44b-4075-83dc-7a68839c1bb0->06bedc96-d276-4186-804c-441da3383ef1#58-t2, previous=(t:2, i:19), leaderCommit=15, initializing? false, entries: <empty>
2019-09-11 03:15:56,138 [java.util.concurrent.ThreadPoolExecutor$Worker@4c15eeaf[State = -1, empty queue]] WARN  server.GrpcLogAppender (GrpcLogAppender.java:timeoutAppendRequest(200)) - 67340b07-f44b-4075-83dc-7a68839c1bb0@group-C308026E702E->06bedc96-d276-4186-804c-441da3383ef1-GrpcLogAppender: appendEntries Timeout, request=67340b07-f44b-4075-83dc-7a68839c1bb0->06bedc96-d276-4186-804c-441da3383ef1#59-t2, previous=(t:2, i:19), leaderCommit=15, initializing? false, entries: <empty>
2019-09-11 03:15:56,138 [java.util.concurrent.ThreadPoolExecutor$Worker@161c2cc8[State = -1, empty queue]] WARN  server.GrpcLogAppender (GrpcLogAppender.java:timeoutAppendRequest(200)) - 67340b07-f44b-4075-83dc-7a68839c1bb0@group-C308026E702E->8c88a939-76a6-48ec-b449-781feab56278-GrpcLogAppender: appendEntries Timeout, request=67340b07-f44b-4075-83dc-7a68839c1bb0->8c88a939-76a6-48ec-b449-781feab56278#59-t2, previous=(t:2, i:19), leaderCommit=15, initializing? false, entries: <empty>
2019-09-11 03:15:56,332 [java.util.concurrent.ThreadPoolExecutor$Worker@6b06f8e5[State = -1, empty queue]] WARN  server.GrpcLogAppender (GrpcLogAppender.java:timeoutAppendRequest(200)) - 53d5fcb5-8117-4632-855b-8768bb6778f7@group-D5F610D5601A->4b2356e4-aaef-4a34-8176-0946a74a854c-GrpcLogAppender: appendEntries Timeout, request=53d5fcb5-8117-4632-855b-8768bb6778f7->4b2356e4-aaef-4a34-8176-0946a74a854c#57-t2, previous=(t:2, i:16), leaderCommit=16, initializing? false, entries: size=1, first=(t:2, i:17), STATEMACHINELOGENTRY, client-84CCB07DAE59, cid=43
2019-09-11 03:15:56,333 [java.util.concurrent.ThreadPoolExecutor$Worker@6b06f8e5[State = -1, empty queue]] WARN  server.GrpcLogAppender (GrpcLogAppender.java:timeoutAppendRequest(200)) - 53d5fcb5-8117-4632-855b-8768bb6778f7@group-D5F610D5601A->4b2356e4-aaef-4a34-8176-0946a74a854c-GrpcLogAppender: appendEntries Timeout, request=53d5fcb5-8117-4632-855b-8768bb6778f7->4b2356e4-aaef-4a34-8176-0946a74a854c#58-t2, previous=(t:2, i:17), leaderCommit=16, initializing? false, entries: size=1, first=(t:2, i:18), STATEMACHINELOGENTRY, client-84CCB07DAE59, cid=44
2019-09-11 03:15:56,339 [java.util.concurrent.ThreadPoolExecutor$Worker@6b06f8e5[State = -1, empty queue]] WARN  server.GrpcLogAppender (GrpcLogAppender.java:timeoutAppendRequest(200)) - 53d5fcb5-8117-4632-855b-8768bb6778f7@group-D5F610D5601A->4b2356e4-aaef-4a34-8176-0946a74a854c-GrpcLogAppender: appendEntries Timeout, request=53d5fcb5-8117-4632-855b-8768bb6778f7->4b2356e4-aaef-4a34-8176-0946a74a854c#59-t2, previous=(t:2, i:18), leaderCommit=16, initializing? false, entries: size=1, first=(t:2, i:19), STATEMACHINELOGENTRY, client-84CCB07DAE59, cid=45
2019-09-11 03:15:56,339 [java.util.concurrent.ThreadPoolExecutor$Worker@6b06f8e5[State = -1, empty queue]] WARN  server.GrpcLogAppender (GrpcLogAppender.java:timeoutAppendRequest(200)) - 53d5fcb5-8117-4632-855b-8768bb6778f7@group-D5F610D5601A->4b2356e4-aaef-4a34-8176-0946a74a854c-GrpcLogAppender: appendEntries Timeout, request=53d5fcb5-8117-4632-855b-8768bb6778f7->4b2356e4-aaef-4a34-8176-0946a74a854c#60-t2, previous=(t:2, i:19), leaderCommit=16, initializing? false, entries: size=1, first=(t:2, i:20), STATEMACHINELOGENTRY, client-84CCB07DAE59, cid=46
2019-09-11 03:15:56,638 [java.util.concurrent.ThreadPoolExecutor$Worker@4c15eeaf[State = -1, empty queue]] WARN  server.GrpcLogAppender (GrpcLogAppender.java:timeoutAppendRequest(200)) - 67340b07-f44b-4075-83dc-7a68839c1bb0@group-C308026E702E->06bedc96-d276-4186-804c-441da3383ef1-GrpcLogAppender: appendEntries Timeout, request=67340b07-f44b-4075-83dc-7a68839c1bb0->06bedc96-d276-4186-804c-441da3383ef1#60-t2, previous=(t:2, i:19), leaderCommit=15, initializing? false, entries: <empty>
2019-09-11 03:15:56,638 [java.util.concurrent.ThreadPoolExecutor$Worker@161c2cc8[State = -1, empty queue]] WARN  server.GrpcLogAppender (GrpcLogAppender.java:timeoutAppendRequest(200)) - 67340b07-f44b-4075-83dc-7a68839c1bb0@group-C308026E702E->8c88a939-76a6-48ec-b449-781feab56278-GrpcLogAppender: appendEntries Timeout, request=67340b07-f44b-4075-83dc-7a68839c1bb0->8c88a939-76a6-48ec-b449-781feab56278#60-t2, previous=(t:2, i:19), leaderCommit=15, initializing? false, entries: <empty>
2019-09-11 03:15:56,840 [java.util.concurrent.ThreadPoolExecutor$Worker@6b06f8e5[State = -1, empty queue]] WARN  server.GrpcLogAppender (GrpcLogAppender.java:timeoutAppendRequest(200)) - 53d5fcb5-8117-4632-855b-8768bb6778f7@group-D5F610D5601A->4b2356e4-aaef-4a34-8176-0946a74a854c-GrpcLogAppender: appendEntries Timeout, request=53d5fcb5-8117-4632-855b-8768bb6778f7->4b2356e4-aaef-4a34-8176-0946a74a854c#61-t2, previous=(t:2, i:20), leaderCommit=16, initializing? false, entries: <empty>
2019-09-11 03:15:57,139 [java.util.concurrent.ThreadPoolExecutor$Worker@4c15eeaf[State = -1, empty queue]] WARN  server.GrpcLogAppender (GrpcLogAppender.java:timeoutAppendRequest(200)) - 67340b07-f44b-4075-83dc-7a68839c1bb0@group-C308026E702E->06bedc96-d276-4186-804c-441da3383ef1-GrpcLogAppender: appendEntries Timeout, request=67340b07-f44b-4075-83dc-7a68839c1bb0->06bedc96-d276-4186-804c-441da3383ef1#61-t2, previous=(t:2, i:19), leaderCommit=15, initializing? false, entries: <empty>
2019-09-11 03:15:57,139 [java.util.concurrent.ThreadPoolExecutor$Worker@161c2cc8[State = -1, empty queue]] WARN  server.GrpcLogAppender (GrpcLogAppender.java:timeoutAppendRequest(200)) - 67340b07-f44b-4075-83dc-7a68839c1bb0@group-C308026E702E->8c88a939-76a6-48ec-b449-781feab56278-GrpcLogAppender: appendEntries Timeout, request=67340b07-f44b-4075-83dc-7a68839c1bb0->8c88a939-76a6-48ec-b449-781feab56278#61-t2, previous=(t:2, i:19), leaderCommit=15, initializing? false, entries: <empty>
2019-09-11 03:15:57,340 [java.util.concurrent.ThreadPoolExecutor$Worker@6b06f8e5[State = -1, empty queue]] WARN  server.GrpcLogAppender (GrpcLogAppender.java:timeoutAppendRequest(200)) - 53d5fcb5-8117-4632-855b-8768bb6778f7@group-D5F610D5601A->4b2356e4-aaef-4a34-8176-0946a74a854c-GrpcLogAppender: appendEntries Timeout, request=53d5fcb5-8117-4632-855b-8768bb6778f7->4b2356e4-aaef-4a34-8176-0946a74a854c#62-t2, previous=(t:2, i:20), leaderCommit=16, initializing? false, entries: <empty>
2019-09-11 03:15:57,639 [java.util.concurrent.ThreadPoolExecutor$Worker@4c15eeaf[State = -1, empty queue]] WARN  server.GrpcLogAppender (GrpcLogAppender.java:timeoutAppendRequest(200)) - 67340b07-f44b-4075-83dc-7a68839c1bb0@group-C308026E702E->06bedc96-d276-4186-804c-441da3383ef1-GrpcLogAppender: appendEntries Timeout, request=67340b07-f44b-4075-83dc-7a68839c1bb0->06bedc96-d276-4186-804c-441da3383ef1#62-t2, previous=(t:2, i:19), leaderCommit=15, initializing? false, entries: <empty>
2019-09-11 03:15:57,639 [java.util.concurrent.ThreadPoolExecutor$Worker@161c2cc8[State = -1, empty queue]] WARN  server.GrpcLogAppender (GrpcLogAppender.java:timeoutAppendRequest(200)) - 67340b07-f44b-4075-83dc-7a68839c1bb0@group-C308026E702E->8c88a939-76a6-48ec-b449-781feab56278-GrpcLogAppender: appendEntries Timeout, request=67340b07-f44b-4075-83dc-7a68839c1bb0->8c88a939-76a6-48ec-b449-781feab56278#62-t2, previous=(t:2, i:19), leaderCommit=15, initializing? false, entries: <empty>
2019-09-11 03:15:57,840 [java.util.concurrent.ThreadPoolExecutor$Worker@6b06f8e5[State = -1, empty queue]] WARN  server.GrpcLogAppender (GrpcLogAppender.java:timeoutAppendRequest(200)) - 53d5fcb5-8117-4632-855b-8768bb6778f7@group-D5F610D5601A->4b2356e4-aaef-4a34-8176-0946a74a854c-GrpcLogAppender: appendEntries Timeout, request=53d5fcb5-8117-4632-855b-8768bb6778f7->4b2356e4-aaef-4a34-8176-0946a74a854c#63-t2, previous=(t:2, i:20), leaderCommit=16, initializing? false, entries: <empty>
2019-09-11 03:15:58,143 [java.util.concurrent.ThreadPoolExecutor$Worker@4c15eeaf[State = -1, empty queue]] WARN  server.GrpcLogAppender (GrpcLogAppender.java:timeoutAppendRequest(200)) - 67340b07-f44b-4075-83dc-7a68839c1bb0@group-C308026E702E->06bedc96-d276-4186-804c-441da3383ef1-GrpcLogAppender: appendEntries Timeout, request=67340b07-f44b-4075-83dc-7a68839c1bb0->06bedc96-d276-4186-804c-441da3383ef1#63-t2, previous=(t:2, i:19), leaderCommit=15, initializing? false, entries: <empty>
2019-09-11 03:15:58,143 [java.util.concurrent.ThreadPoolExecutor$Worker@161c2cc8[State = -1, empty queue]] WARN  server.GrpcLogAppender (GrpcLogAppender.java:timeoutAppendRequest(200)) - 67340b07-f44b-4075-83dc-7a68839c1bb0@group-C308026E702E->8c88a939-76a6-48ec-b449-781feab56278-GrpcLogAppender: appendEntries Timeout, request=67340b07-f44b-4075-83dc-7a68839c1bb0->8c88a939-76a6-48ec-b449-781feab56278#63-t2, previous=(t:2, i:19), leaderCommit=15, initializing? false, entries: <empty>
2019-09-11 03:15:58,191 [grpc-default-executor-4] INFO  client.GrpcClientProtocolClient (GrpcClientProtocolClient.java:onNext(264)) - client-84CCB07DAE59->6fcf04af-ebca-4852-b73e-87fdd08ef440: receive RaftClientReply:client-84CCB07DAE59->6fcf04af-ebca-4852-b73e-87fdd08ef440@group-D5F610D5601A, cid=43, FAILED org.apache.ratis.protocol.NotLeaderException: Server 6fcf04af-ebca-4852-b73e-87fdd08ef440@group-D5F610D5601A is not the leader 53d5fcb5-8117-4632-855b-8768bb6778f7:192.168.34.53:34476, logIndex=0, commits[6fcf04af-ebca-4852-b73e-87fdd08ef440:c16, 53d5fcb5-8117-4632-855b-8768bb6778f7:c16, 4b2356e4-aaef-4a34-8176-0946a74a854c:c12]
2019-09-11 03:15:58,341 [java.util.concurrent.ThreadPoolExecutor$Worker@6b06f8e5[State = -1, empty queue]] WARN  server.GrpcLogAppender (GrpcLogAppender.java:timeoutAppendRequest(200)) - 53d5fcb5-8117-4632-855b-8768bb6778f7@group-D5F610D5601A->4b2356e4-aaef-4a34-8176-0946a74a854c-GrpcLogAppender: appendEntries Timeout, request=53d5fcb5-8117-4632-855b-8768bb6778f7->4b2356e4-aaef-4a34-8176-0946a74a854c#64-t2, previous=(t:2, i:20), leaderCommit=16, initializing? false, entries: <empty>
2019-09-11 03:15:58,643 [java.util.concurrent.ThreadPoolExecutor$Worker@4c15eeaf[State = -1, empty queue]] WARN  server.GrpcLogAppender (GrpcLogAppender.java:timeoutAppendRequest(200)) - 67340b07-f44b-4075-83dc-7a68839c1bb0@group-C308026E702E->06bedc96-d276-4186-804c-441da3383ef1-GrpcLogAppender: appendEntries Timeout, request=67340b07-f44b-4075-83dc-7a68839c1bb0->06bedc96-d276-4186-804c-441da3383ef1#64-t2, previous=(t:2, i:19), leaderCommit=15, initializing? false, entries: <empty>
2019-09-11 03:15:58,648 [java.util.concurrent.ThreadPoolExecutor$Worker@161c2cc8[State = -1, empty queue]] WARN  server.GrpcLogAppender (GrpcLogAppender.java:timeoutAppendRequest(200)) - 67340b07-f44b-4075-83dc-7a68839c1bb0@group-C308026E702E->8c88a939-76a6-48ec-b449-781feab56278-GrpcLogAppender: appendEntries Timeout, request=67340b07-f44b-4075-83dc-7a68839c1bb0->8c88a939-76a6-48ec-b449-781feab56278#64-t2, previous=(t:2, i:19), leaderCommit=15, initializing? false, entries: <empty>
2019-09-11 03:15:58,841 [java.util.concurrent.ThreadPoolExecutor$Worker@6b06f8e5[State = -1, empty queue]] WARN  server.GrpcLogAppender (GrpcLogAppender.java:timeoutAppendRequest(200)) - 53d5fcb5-8117-4632-855b-8768bb6778f7@group-D5F610D5601A->4b2356e4-aaef-4a34-8176-0946a74a854c-GrpcLogAppender: appendEntries Timeout, request=53d5fcb5-8117-4632-855b-8768bb6778f7->4b2356e4-aaef-4a34-8176-0946a74a854c#65-t2, previous=(t:2, i:20), leaderCommit=16, initializing? false, entries: <empty>
2019-09-11 03:15:59,146 [java.util.concurrent.ThreadPoolExecutor$Worker@161c2cc8[State = -1, empty queue]] WARN  server.GrpcLogAppender (GrpcLogAppender.java:timeoutAppendRequest(200)) - 67340b07-f44b-4075-83dc-7a68839c1bb0@group-C308026E702E->8c88a939-76a6-48ec-b449-781feab56278-GrpcLogAppender: appendEntries Timeout, request=67340b07-f44b-4075-83dc-7a68839c1bb0->8c88a939-76a6-48ec-b449-781feab56278#65-t2, previous=(t:2, i:19), leaderCommit=15, initializing? false, entries: <empty>
2019-09-11 03:15:59,146 [java.util.concurrent.ThreadPoolExecutor$Worker@4c15eeaf[State = -1, empty queue]] WARN  server.GrpcLogAppender (GrpcLogAppender.java:timeoutAppendRequest(200)) - 67340b07-f44b-4075-83dc-7a68839c1bb0@group-C308026E702E->06bedc96-d276-4186-804c-441da3383ef1-GrpcLogAppender: appendEntries Timeout, request=67340b07-f44b-4075-83dc-7a68839c1bb0->06bedc96-d276-4186-804c-441da3383ef1#65-t2, previous=(t:2, i:19), leaderCommit=15, initializing? false, entries: <empty>
2019-09-11 03:15:59,342 [java.util.concurrent.ThreadPoolExecutor$Worker@6b06f8e5[State = -1, empty queue]] WARN  server.GrpcLogAppender (GrpcLogAppender.java:timeoutAppendRequest(200)) - 53d5fcb5-8117-4632-855b-8768bb6778f7@group-D5F610D5601A->4b2356e4-aaef-4a34-8176-0946a74a854c-GrpcLogAppender: appendEntries Timeout, request=53d5fcb5-8117-4632-855b-8768bb6778f7->4b2356e4-aaef-4a34-8176-0946a74a854c#66-t2, previous=(t:2, i:20), leaderCommit=16, initializing? false, entries: <empty>
2019-09-11 03:15:59,657 [java.util.concurrent.ThreadPoolExecutor$Worker@161c2cc8[State = -1, empty queue]] WARN  server.GrpcLogAppender (GrpcLogAppender.java:timeoutAppendRequest(200)) - 67340b07-f44b-4075-83dc-7a68839c1bb0@group-C308026E702E->8c88a939-76a6-48ec-b449-781feab56278-GrpcLogAppender: appendEntries Timeout, request=67340b07-f44b-4075-83dc-7a68839c1bb0->8c88a939-76a6-48ec-b449-781feab56278#66-t2, previous=(t:2, i:19), leaderCommit=15, initializing? false, entries: <empty>
2019-09-11 03:15:59,657 [java.util.concurrent.ThreadPoolExecutor$Worker@4c15eeaf[State = -1, empty queue]] WARN  server.GrpcLogAppender (GrpcLogAppender.java:timeoutAppendRequest(200)) - 67340b07-f44b-4075-83dc-7a68839c1bb0@group-C308026E702E->06bedc96-d276-4186-804c-441da3383ef1-GrpcLogAppender: appendEntries Timeout, request=67340b07-f44b-4075-83dc-7a68839c1bb0->06bedc96-d276-4186-804c-441da3383ef1#66-t2, previous=(t:2, i:19), leaderCommit=15, initializing? false, entries: <empty>
2019-09-11 03:15:59,843 [java.util.concurrent.ThreadPoolExecutor$Worker@6b06f8e5[State = -1, empty queue]] WARN  server.GrpcLogAppender (GrpcLogAppender.java:timeoutAppendRequest(200)) - 53d5fcb5-8117-4632-855b-8768bb6778f7@group-D5F610D5601A->4b2356e4-aaef-4a34-8176-0946a74a854c-GrpcLogAppender: appendEntries Timeout, request=53d5fcb5-8117-4632-855b-8768bb6778f7->4b2356e4-aaef-4a34-8176-0946a74a854c#67-t2, previous=(t:2, i:20), leaderCommit=16, initializing? false, entries: <empty>
2019-09-11 03:16:00,149 [java.util.concurrent.ThreadPoolExecutor$Worker@161c2cc8[State = -1, empty queue]] WARN  server.GrpcLogAppender (GrpcLogAppender.java:timeoutAppendRequest(200)) - 67340b07-f44b-4075-83dc-7a68839c1bb0@group-C308026E702E->8c88a939-76a6-48ec-b449-781feab56278-GrpcLogAppender: appendEntries Timeout, request=67340b07-f44b-4075-83dc-7a68839c1bb0->8c88a939-76a6-48ec-b449-781feab56278#67-t2, previous=(t:2, i:19), leaderCommit=15, initializing? false, entries: <empty>
2019-09-11 03:16:00,149 [java.util.concurrent.ThreadPoolExecutor$Worker@4c15eeaf[State = -1, empty queue]] WARN  server.GrpcLogAppender (GrpcLogAppender.java:timeoutAppendRequest(200)) - 67340b07-f44b-4075-83dc-7a68839c1bb0@group-C308026E702E->06bedc96-d276-4186-804c-441da3383ef1-GrpcLogAppender: appendEntries Timeout, request=67340b07-f44b-4075-83dc-7a68839c1bb0->06bedc96-d276-4186-804c-441da3383ef1#67-t2, previous=(t:2, i:19), leaderCommit=15, initializing? false, entries: <empty>
2019-09-11 03:16:00,343 [java.util.concurrent.ThreadPoolExecutor$Worker@6b06f8e5[State = -1, empty queue]] WARN  server.GrpcLogAppender (GrpcLogAppender.java:timeoutAppendRequest(200)) - 53d5fcb5-8117-4632-855b-8768bb6778f7@group-D5F610D5601A->4b2356e4-aaef-4a34-8176-0946a74a854c-GrpcLogAppender: appendEntries Timeout, request=53d5fcb5-8117-4632-855b-8768bb6778f7->4b2356e4-aaef-4a34-8176-0946a74a854c#68-t2, previous=(t:2, i:20), leaderCommit=16, initializing? false, entries: <empty>
2019-09-11 03:16:00,650 [java.util.concurrent.ThreadPoolExecutor$Worker@4c15eeaf[State = -1, empty queue]] WARN  server.GrpcLogAppender (GrpcLogAppender.java:timeoutAppendRequest(200)) - 67340b07-f44b-4075-83dc-7a68839c1bb0@group-C308026E702E->06bedc96-d276-4186-804c-441da3383ef1-GrpcLogAppender: appendEntries Timeout, request=67340b07-f44b-4075-83dc-7a68839c1bb0->06bedc96-d276-4186-804c-441da3383ef1#68-t2, previous=(t:2, i:19), leaderCommit=15, initializing? false, entries: <empty>
2019-09-11 03:16:00,650 [java.util.concurrent.ThreadPoolExecutor$Worker@161c2cc8[State = -1, empty queue]] WARN  server.GrpcLogAppender (GrpcLogAppender.java:timeoutAppendRequest(200)) - 67340b07-f44b-4075-83dc-7a68839c1bb0@group-C308026E702E->8c88a939-76a6-48ec-b449-781feab56278-GrpcLogAppender: appendEntries Timeout, request=67340b07-f44b-4075-83dc-7a68839c1bb0->8c88a939-76a6-48ec-b449-781feab56278#68-t2, previous=(t:2, i:19), leaderCommit=15, initializing? false, entries: <empty>
2019-09-11 03:16:00,844 [java.util.concurrent.ThreadPoolExecutor$Worker@6b06f8e5[State = -1, empty queue]] WARN  server.GrpcLogAppender (GrpcLogAppender.java:timeoutAppendRequest(200)) - 53d5fcb5-8117-4632-855b-8768bb6778f7@group-D5F610D5601A->4b2356e4-aaef-4a34-8176-0946a74a854c-GrpcLogAppender: appendEntries Timeout, request=53d5fcb5-8117-4632-855b-8768bb6778f7->4b2356e4-aaef-4a34-8176-0946a74a854c#69-t2, previous=(t:2, i:20), leaderCommit=16, initializing? false, entries: <empty>
2019-09-11 03:16:01,151 [java.util.concurrent.ThreadPoolExecutor$Worker@4c15eeaf[State = -1, empty queue]] WARN  server.GrpcLogAppender (GrpcLogAppender.java:timeoutAppendRequest(200)) - 67340b07-f44b-4075-83dc-7a68839c1bb0@group-C308026E702E->06bedc96-d276-4186-804c-441da3383ef1-GrpcLogAppender: appendEntries Timeout, request=67340b07-f44b-4075-83dc-7a68839c1bb0->06bedc96-d276-4186-804c-441da3383ef1#69-t2, previous=(t:2, i:19), leaderCommit=15, initializing? false, entries: <empty>
2019-09-11 03:16:01,151 [java.util.concurrent.ThreadPoolExecutor$Worker@161c2cc8[State = -1, empty queue]] WARN  server.GrpcLogAppender (GrpcLogAppender.java:timeoutAppendRequest(200)) - 67340b07-f44b-4075-83dc-7a68839c1bb0@group-C308026E702E->8c88a939-76a6-48ec-b449-781feab56278-GrpcLogAppender: appendEntries Timeout, request=67340b07-f44b-4075-83dc-7a68839c1bb0->8c88a939-76a6-48ec-b449-781feab56278#69-t2, previous=(t:2, i:19), leaderCommit=15, initializing? false, entries: <empty>
2019-09-11 03:16:01,344 [java.util.concurrent.ThreadPoolExecutor$Worker@6b06f8e5[State = -1, empty queue]] WARN  server.GrpcLogAppender (GrpcLogAppender.java:timeoutAppendRequest(200)) - 53d5fcb5-8117-4632-855b-8768bb6778f7@group-D5F610D5601A->4b2356e4-aaef-4a34-8176-0946a74a854c-GrpcLogAppender: appendEntries Timeout, request=53d5fcb5-8117-4632-855b-8768bb6778f7->4b2356e4-aaef-4a34-8176-0946a74a854c#70-t2, previous=(t:2, i:20), leaderCommit=16, initializing? false, entries: <empty>
2019-09-11 03:16:01,651 [java.util.concurrent.ThreadPoolExecutor$Worker@4c15eeaf[State = -1, empty queue]] WARN  server.GrpcLogAppender (GrpcLogAppender.java:timeoutAppendRequest(200)) - 67340b07-f44b-4075-83dc-7a68839c1bb0@group-C308026E702E->06bedc96-d276-4186-804c-441da3383ef1-GrpcLogAppender: appendEntries Timeout, request=67340b07-f44b-4075-83dc-7a68839c1bb0->06bedc96-d276-4186-804c-441da3383ef1#70-t2, previous=(t:2, i:19), leaderCommit=15, initializing? false, entries: <empty>
2019-09-11 03:16:01,651 [java.util.concurrent.ThreadPoolExecutor$Worker@161c2cc8[State = -1, empty queue]] WARN  server.GrpcLogAppender (GrpcLogAppender.java:timeoutAppendRequest(200)) - 67340b07-f44b-4075-83dc-7a68839c1bb0@group-C308026E702E->8c88a939-76a6-48ec-b449-781feab56278-GrpcLogAppender: appendEntries Timeout, request=67340b07-f44b-4075-83dc-7a68839c1bb0->8c88a939-76a6-48ec-b449-781feab56278#70-t2, previous=(t:2, i:19), leaderCommit=15, initializing? false, entries: <empty>
2019-09-11 03:16:01,845 [java.util.concurrent.ThreadPoolExecutor$Worker@6b06f8e5[State = -1, empty queue]] WARN  server.GrpcLogAppender (GrpcLogAppender.java:timeoutAppendRequest(200)) - 53d5fcb5-8117-4632-855b-8768bb6778f7@group-D5F610D5601A->4b2356e4-aaef-4a34-8176-0946a74a854c-GrpcLogAppender: appendEntries Timeout, request=53d5fcb5-8117-4632-855b-8768bb6778f7->4b2356e4-aaef-4a34-8176-0946a74a854c#71-t2, previous=(t:2, i:20), leaderCommit=16, initializing? false, entries: <empty>
2019-09-11 03:16:02,151 [java.util.concurrent.ThreadPoolExecutor$Worker@4c15eeaf[State = -1, empty queue]] WARN  server.GrpcLogAppender (GrpcLogAppender.java:timeoutAppendRequest(200)) - 67340b07-f44b-4075-83dc-7a68839c1bb0@group-C308026E702E->06bedc96-d276-4186-804c-441da3383ef1-GrpcLogAppender: appendEntries Timeout, request=67340b07-f44b-4075-83dc-7a68839c1bb0->06bedc96-d276-4186-804c-441da3383ef1#71-t2, previous=(t:2, i:19), leaderCommit=15, initializing? false, entries: <empty>
2019-09-11 03:16:02,151 [java.util.concurrent.ThreadPoolExecutor$Worker@161c2cc8[State = -1, empty queue]] WARN  server.GrpcLogAppender (GrpcLogAppender.java:timeoutAppendRequest(200)) - 67340b07-f44b-4075-83dc-7a68839c1bb0@group-C308026E702E->8c88a939-76a6-48ec-b449-781feab56278-GrpcLogAppender: appendEntries Timeout, request=67340b07-f44b-4075-83dc-7a68839c1bb0->8c88a939-76a6-48ec-b449-781feab56278#71-t2, previous=(t:2, i:19), leaderCommit=15, initializing? false, entries: <empty>
2019-09-11 03:16:02,345 [java.util.concurrent.ThreadPoolExecutor$Worker@6b06f8e5[State = -1, empty queue]] WARN  server.GrpcLogAppender (GrpcLogAppender.java:timeoutAppendRequest(200)) - 53d5fcb5-8117-4632-855b-8768bb6778f7@group-D5F610D5601A->4b2356e4-aaef-4a34-8176-0946a74a854c-GrpcLogAppender: appendEntries Timeout, request=53d5fcb5-8117-4632-855b-8768bb6778f7->4b2356e4-aaef-4a34-8176-0946a74a854c#72-t2, previous=(t:2, i:20), leaderCommit=16, initializing? false, entries: <empty>
2019-09-11 03:16:02,657 [java.util.concurrent.ThreadPoolExecutor$Worker@4c15eeaf[State = -1, empty queue]] WARN  server.GrpcLogAppender (GrpcLogAppender.java:timeoutAppendRequest(200)) - 67340b07-f44b-4075-83dc-7a68839c1bb0@group-C308026E702E->06bedc96-d276-4186-804c-441da3383ef1-GrpcLogAppender: appendEntries Timeout, request=67340b07-f44b-4075-83dc-7a68839c1bb0->06bedc96-d276-4186-804c-441da3383ef1#72-t2, previous=(t:2, i:19), leaderCommit=15, initializing? false, entries: <empty>
2019-09-11 03:16:02,657 [java.util.concurrent.ThreadPoolExecutor$Worker@161c2cc8[State = -1, empty queue]] WARN  server.GrpcLogAppender (GrpcLogAppender.java:timeoutAppendRequest(200)) - 67340b07-f44b-4075-83dc-7a68839c1bb0@group-C308026E702E->8c88a939-76a6-48ec-b449-781feab56278-GrpcLogAppender: appendEntries Timeout, request=67340b07-f44b-4075-83dc-7a68839c1bb0->8c88a939-76a6-48ec-b449-781feab56278#72-t2, previous=(t:2, i:19), leaderCommit=15, initializing? false, entries: <empty>
2019-09-11 03:16:02,846 [java.util.concurrent.ThreadPoolExecutor$Worker@6b06f8e5[State = -1, empty queue]] WARN  server.GrpcLogAppender (GrpcLogAppender.java:timeoutAppendRequest(200)) - 53d5fcb5-8117-4632-855b-8768bb6778f7@group-D5F610D5601A->4b2356e4-aaef-4a34-8176-0946a74a854c-GrpcLogAppender: appendEntries Timeout, request=53d5fcb5-8117-4632-855b-8768bb6778f7->4b2356e4-aaef-4a34-8176-0946a74a854c#73-t2, previous=(t:2, i:20), leaderCommit=16, initializing? false, entries: <empty>
2019-09-11 03:16:03,157 [java.util.concurrent.ThreadPoolExecutor$Worker@4c15eeaf[State = -1, empty queue]] WARN  server.GrpcLogAppender (GrpcLogAppender.java:timeoutAppendRequest(200)) - 67340b07-f44b-4075-83dc-7a68839c1bb0@group-C308026E702E->06bedc96-d276-4186-804c-441da3383ef1-GrpcLogAppender: appendEntries Timeout, request=67340b07-f44b-4075-83dc-7a68839c1bb0->06bedc96-d276-4186-804c-441da3383ef1#73-t2, previous=(t:2, i:19), leaderCommit=15, initializing? false, entries: <empty>
2019-09-11 03:16:03,157 [java.util.concurrent.ThreadPoolExecutor$Worker@161c2cc8[State = -1, empty queue]] WARN  server.GrpcLogAppender (GrpcLogAppender.java:timeoutAppendRequest(200)) - 67340b07-f44b-4075-83dc-7a68839c1bb0@group-C308026E702E->8c88a939-76a6-48ec-b449-781feab56278-GrpcLogAppender: appendEntries Timeout, request=67340b07-f44b-4075-83dc-7a68839c1bb0->8c88a939-76a6-48ec-b449-781feab56278#73-t2, previous=(t:2, i:19), leaderCommit=15, initializing? false, entries: <empty>
2019-09-11 03:16:03,274 [grpc-default-executor-4] INFO  client.GrpcClientProtocolClient (GrpcClientProtocolClient.java:onNext(264)) - client-84CCB07DAE59->6fcf04af-ebca-4852-b73e-87fdd08ef440: receive RaftClientReply:client-84CCB07DAE59->6fcf04af-ebca-4852-b73e-87fdd08ef440@group-D5F610D5601A, cid=43, FAILED org.apache.ratis.protocol.NotLeaderException: Server 6fcf04af-ebca-4852-b73e-87fdd08ef440@group-D5F610D5601A is not the leader 53d5fcb5-8117-4632-855b-8768bb6778f7:192.168.34.53:34476, logIndex=0, commits[6fcf04af-ebca-4852-b73e-87fdd08ef440:c16, 53d5fcb5-8117-4632-855b-8768bb6778f7:c16, 4b2356e4-aaef-4a34-8176-0946a74a854c:c12]
2019-09-11 03:16:03,331 [53d5fcb5-8117-4632-855b-8768bb6778f7@group-D5F610D5601A-SegmentedRaftLogWorker] WARN  segmented.SegmentedRaftLogWorker (SegmentedRaftLogWorker.java:getFromFuture(90)) - Timeout 0/~
org.apache.ratis.protocol.TimeoutIOException: Timeout 10s: WriteLog:17: (t:2, i:17), STATEMACHINELOGENTRY, client-84CCB07DAE59, cid=43-writeStateMachineData
	at org.apache.ratis.util.IOUtils.getFromFuture(IOUtils.java:87)
	at org.apache.ratis.server.raftlog.segmented.SegmentedRaftLogWorker$StateMachineDataPolicy.getFromFuture(SegmentedRaftLogWorker.java:87)
	at org.apache.ratis.server.raftlog.segmented.SegmentedRaftLogWorker$WriteLog.execute(SegmentedRaftLogWorker.java:477)
	at org.apache.ratis.server.raftlog.segmented.SegmentedRaftLogWorker.run(SegmentedRaftLogWorker.java:289)
	at java.lang.Thread.run(Thread.java:748)
Caused by: java.util.concurrent.TimeoutException
	at java.util.concurrent.CompletableFuture.timedGet(CompletableFuture.java:1771)
	at java.util.concurrent.CompletableFuture.get(CompletableFuture.java:1915)
	at org.apache.ratis.util.IOUtils.getFromFuture(IOUtils.java:79)
	... 4 more
2019-09-11 03:16:03,339 [4b2356e4-aaef-4a34-8176-0946a74a854c@group-D5F610D5601A-SegmentedRaftLogWorker] WARN  segmented.SegmentedRaftLogWorker (SegmentedRaftLogWorker.java:getFromFuture(90)) - Timeout 0/~
org.apache.ratis.protocol.TimeoutIOException: Timeout 10s: WriteLog:17: (t:2, i:17), STATEMACHINELOGENTRY, client-84CCB07DAE59, cid=43-writeStateMachineData
	at org.apache.ratis.util.IOUtils.getFromFuture(IOUtils.java:87)
	at org.apache.ratis.server.raftlog.segmented.SegmentedRaftLogWorker$StateMachineDataPolicy.getFromFuture(SegmentedRaftLogWorker.java:87)
	at org.apache.ratis.server.raftlog.segmented.SegmentedRaftLogWorker$WriteLog.execute(SegmentedRaftLogWorker.java:477)
	at org.apache.ratis.server.raftlog.segmented.SegmentedRaftLogWorker.run(SegmentedRaftLogWorker.java:289)
	at java.lang.Thread.run(Thread.java:748)
Caused by: java.util.concurrent.TimeoutException
	at java.util.concurrent.CompletableFuture.timedGet(CompletableFuture.java:1771)
	at java.util.concurrent.CompletableFuture.get(CompletableFuture.java:1915)
	at org.apache.ratis.util.IOUtils.getFromFuture(IOUtils.java:79)
	... 4 more
2019-09-11 03:16:03,346 [java.util.concurrent.ThreadPoolExecutor$Worker@6b06f8e5[State = -1, empty queue]] WARN  server.GrpcLogAppender (GrpcLogAppender.java:timeoutAppendRequest(200)) - 53d5fcb5-8117-4632-855b-8768bb6778f7@group-D5F610D5601A->4b2356e4-aaef-4a34-8176-0946a74a854c-GrpcLogAppender: appendEntries Timeout, request=53d5fcb5-8117-4632-855b-8768bb6778f7->4b2356e4-aaef-4a34-8176-0946a74a854c#74-t2, previous=(t:2, i:20), leaderCommit=16, initializing? false, entries: <empty>
2019-09-11 03:16:03,604 [06bedc96-d276-4186-804c-441da3383ef1@group-C308026E702E-SegmentedRaftLogWorker] WARN  segmented.SegmentedRaftLogWorker (SegmentedRaftLogWorker.java:getFromFuture(90)) - Timeout 2/~
org.apache.ratis.protocol.TimeoutIOException: Timeout 10s: WriteLog:16: (t:2, i:16), STATEMACHINELOGENTRY, client-133138C33850, cid=29-writeStateMachineData
	at org.apache.ratis.util.IOUtils.getFromFuture(IOUtils.java:87)
	at org.apache.ratis.server.raftlog.segmented.SegmentedRaftLogWorker$StateMachineDataPolicy.getFromFuture(SegmentedRaftLogWorker.java:87)
	at org.apache.ratis.server.raftlog.segmented.SegmentedRaftLogWorker$WriteLog.execute(SegmentedRaftLogWorker.java:477)
	at org.apache.ratis.server.raftlog.segmented.SegmentedRaftLogWorker.run(SegmentedRaftLogWorker.java:289)
	at java.lang.Thread.run(Thread.java:748)
Caused by: java.util.concurrent.TimeoutException
	at java.util.concurrent.CompletableFuture.timedGet(CompletableFuture.java:1771)
	at java.util.concurrent.CompletableFuture.get(CompletableFuture.java:1915)
	at org.apache.ratis.util.IOUtils.getFromFuture(IOUtils.java:79)
	... 4 more
2019-09-11 03:16:03,658 [java.util.concurrent.ThreadPoolExecutor$Worker@161c2cc8[State = -1, empty queue]] WARN  server.GrpcLogAppender (GrpcLogAppender.java:timeoutAppendRequest(200)) - 67340b07-f44b-4075-83dc-7a68839c1bb0@group-C308026E702E->8c88a939-76a6-48ec-b449-781feab56278-GrpcLogAppender: appendEntries Timeout, request=67340b07-f44b-4075-83dc-7a68839c1bb0->8c88a939-76a6-48ec-b449-781feab56278#74-t2, previous=(t:2, i:19), leaderCommit=15, initializing? false, entries: <empty>
2019-09-11 03:16:03,658 [java.util.concurrent.ThreadPoolExecutor$Worker@4c15eeaf[State = -1, empty queue]] WARN  server.GrpcLogAppender (GrpcLogAppender.java:timeoutAppendRequest(200)) - 67340b07-f44b-4075-83dc-7a68839c1bb0@group-C308026E702E->06bedc96-d276-4186-804c-441da3383ef1-GrpcLogAppender: appendEntries Timeout, request=67340b07-f44b-4075-83dc-7a68839c1bb0->06bedc96-d276-4186-804c-441da3383ef1#74-t2, previous=(t:2, i:19), leaderCommit=15, initializing? false, entries: <empty>
2019-09-11 03:16:03,713 [8c88a939-76a6-48ec-b449-781feab56278@group-C308026E702E-SegmentedRaftLogWorker] WARN  segmented.SegmentedRaftLogWorker (SegmentedRaftLogWorker.java:getFromFuture(90)) - Timeout 2/~
org.apache.ratis.protocol.TimeoutIOException: Timeout 10s: WriteLog:18: (t:2, i:18), STATEMACHINELOGENTRY, client-133138C33850, cid=31-writeStateMachineData
	at org.apache.ratis.util.IOUtils.getFromFuture(IOUtils.java:87)
	at org.apache.ratis.server.raftlog.segmented.SegmentedRaftLogWorker$StateMachineDataPolicy.getFromFuture(SegmentedRaftLogWorker.java:87)
	at org.apache.ratis.server.raftlog.segmented.SegmentedRaftLogWorker$WriteLog.execute(SegmentedRaftLogWorker.java:477)
	at org.apache.ratis.server.raftlog.segmented.SegmentedRaftLogWorker.run(SegmentedRaftLogWorker.java:289)
	at java.lang.Thread.run(Thread.java:748)
Caused by: java.util.concurrent.TimeoutException
	at java.util.concurrent.CompletableFuture.timedGet(CompletableFuture.java:1771)
	at java.util.concurrent.CompletableFuture.get(CompletableFuture.java:1915)
	at org.apache.ratis.util.IOUtils.getFromFuture(IOUtils.java:79)
	... 4 more
2019-09-11 03:16:03,740 [67340b07-f44b-4075-83dc-7a68839c1bb0@group-C308026E702E-SegmentedRaftLogWorker] WARN  segmented.SegmentedRaftLogWorker (SegmentedRaftLogWorker.java:getFromFuture(90)) - Timeout 2/~
org.apache.ratis.protocol.TimeoutIOException: Timeout 10s: WriteLog:18: (t:2, i:18), STATEMACHINELOGENTRY, client-133138C33850, cid=31-writeStateMachineData
	at org.apache.ratis.util.IOUtils.getFromFuture(IOUtils.java:87)
	at org.apache.ratis.server.raftlog.segmented.SegmentedRaftLogWorker$StateMachineDataPolicy.getFromFuture(SegmentedRaftLogWorker.java:87)
	at org.apache.ratis.server.raftlog.segmented.SegmentedRaftLogWorker$WriteLog.execute(SegmentedRaftLogWorker.java:477)
	at org.apache.ratis.server.raftlog.segmented.SegmentedRaftLogWorker.run(SegmentedRaftLogWorker.java:289)
	at java.lang.Thread.run(Thread.java:748)
Caused by: java.util.concurrent.TimeoutException
	at java.util.concurrent.CompletableFuture.timedGet(CompletableFuture.java:1771)
	at java.util.concurrent.CompletableFuture.get(CompletableFuture.java:1915)
	at org.apache.ratis.util.IOUtils.getFromFuture(IOUtils.java:79)
	... 4 more
2019-09-11 03:16:03,847 [java.util.concurrent.ThreadPoolExecutor$Worker@6b06f8e5[State = -1, empty queue]] WARN  server.GrpcLogAppender (GrpcLogAppender.java:timeoutAppendRequest(200)) - 53d5fcb5-8117-4632-855b-8768bb6778f7@group-D5F610D5601A->4b2356e4-aaef-4a34-8176-0946a74a854c-GrpcLogAppender: appendEntries Timeout, request=53d5fcb5-8117-4632-855b-8768bb6778f7->4b2356e4-aaef-4a34-8176-0946a74a854c#75-t2, previous=(t:2, i:20), leaderCommit=16, initializing? false, entries: <empty>
2019-09-11 03:16:04,158 [java.util.concurrent.ThreadPoolExecutor$Worker@161c2cc8[State = -1, empty queue]] WARN  server.GrpcLogAppender (GrpcLogAppender.java:timeoutAppendRequest(200)) - 67340b07-f44b-4075-83dc-7a68839c1bb0@group-C308026E702E->8c88a939-76a6-48ec-b449-781feab56278-GrpcLogAppender: appendEntries Timeout, request=67340b07-f44b-4075-83dc-7a68839c1bb0->8c88a939-76a6-48ec-b449-781feab56278#75-t2, previous=(t:2, i:19), leaderCommit=15, initializing? false, entries: <empty>
2019-09-11 03:16:04,158 [java.util.concurrent.ThreadPoolExecutor$Worker@4c15eeaf[State = -1, empty queue]] WARN  server.GrpcLogAppender (GrpcLogAppender.java:timeoutAppendRequest(200)) - 67340b07-f44b-4075-83dc-7a68839c1bb0@group-C308026E702E->06bedc96-d276-4186-804c-441da3383ef1-GrpcLogAppender: appendEntries Timeout, request=67340b07-f44b-4075-83dc-7a68839c1bb0->06bedc96-d276-4186-804c-441da3383ef1#75-t2, previous=(t:2, i:19), leaderCommit=15, initializing? false, entries: <empty>
2019-09-11 03:16:04,347 [java.util.concurrent.ThreadPoolExecutor$Worker@6b06f8e5[State = -1, empty queue]] WARN  server.GrpcLogAppender (GrpcLogAppender.java:timeoutAppendRequest(200)) - 53d5fcb5-8117-4632-855b-8768bb6778f7@group-D5F610D5601A->4b2356e4-aaef-4a34-8176-0946a74a854c-GrpcLogAppender: appendEntries Timeout, request=53d5fcb5-8117-4632-855b-8768bb6778f7->4b2356e4-aaef-4a34-8176-0946a74a854c#76-t2, previous=(t:2, i:20), leaderCommit=16, initializing? false, entries: <empty>
2019-09-11 03:16:04,658 [java.util.concurrent.ThreadPoolExecutor$Worker@161c2cc8[State = -1, empty queue]] WARN  server.GrpcLogAppender (GrpcLogAppender.java:timeoutAppendRequest(200)) - 67340b07-f44b-4075-83dc-7a68839c1bb0@group-C308026E702E->8c88a939-76a6-48ec-b449-781feab56278-GrpcLogAppender: appendEntries Timeout, request=67340b07-f44b-4075-83dc-7a68839c1bb0->8c88a939-76a6-48ec-b449-781feab56278#76-t2, previous=(t:2, i:19), leaderCommit=15, initializing? false, entries: <empty>
2019-09-11 03:16:04,658 [java.util.concurrent.ThreadPoolExecutor$Worker@4c15eeaf[State = -1, empty queue]] WARN  server.GrpcLogAppender (GrpcLogAppender.java:timeoutAppendRequest(200)) - 67340b07-f44b-4075-83dc-7a68839c1bb0@group-C308026E702E->06bedc96-d276-4186-804c-441da3383ef1-GrpcLogAppender: appendEntries Timeout, request=67340b07-f44b-4075-83dc-7a68839c1bb0->06bedc96-d276-4186-804c-441da3383ef1#76-t2, previous=(t:2, i:19), leaderCommit=15, initializing? false, entries: <empty>
2019-09-11 03:16:04,847 [java.util.concurrent.ThreadPoolExecutor$Worker@6b06f8e5[State = -1, empty queue]] WARN  server.GrpcLogAppender (GrpcLogAppender.java:timeoutAppendRequest(200)) - 53d5fcb5-8117-4632-855b-8768bb6778f7@group-D5F610D5601A->4b2356e4-aaef-4a34-8176-0946a74a854c-GrpcLogAppender: appendEntries Timeout, request=53d5fcb5-8117-4632-855b-8768bb6778f7->4b2356e4-aaef-4a34-8176-0946a74a854c#77-t2, previous=(t:2, i:20), leaderCommit=16, initializing? false, entries: <empty>
2019-09-11 03:16:05,159 [java.util.concurrent.ThreadPoolExecutor$Worker@4c15eeaf[State = -1, empty queue]] WARN  server.GrpcLogAppender (GrpcLogAppender.java:timeoutAppendRequest(200)) - 67340b07-f44b-4075-83dc-7a68839c1bb0@group-C308026E702E->06bedc96-d276-4186-804c-441da3383ef1-GrpcLogAppender: appendEntries Timeout, request=67340b07-f44b-4075-83dc-7a68839c1bb0->06bedc96-d276-4186-804c-441da3383ef1#77-t2, previous=(t:2, i:19), leaderCommit=15, initializing? false, entries: <empty>
2019-09-11 03:16:05,159 [java.util.concurrent.ThreadPoolExecutor$Worker@161c2cc8[State = -1, empty queue]] WARN  server.GrpcLogAppender (GrpcLogAppender.java:timeoutAppendRequest(200)) - 67340b07-f44b-4075-83dc-7a68839c1bb0@group-C308026E702E->8c88a939-76a6-48ec-b449-781feab56278-GrpcLogAppender: appendEntries Timeout, request=67340b07-f44b-4075-83dc-7a68839c1bb0->8c88a939-76a6-48ec-b449-781feab56278#77-t2, previous=(t:2, i:19), leaderCommit=15, initializing? false, entries: <empty>
2019-09-11 03:16:05,349 [java.util.concurrent.ThreadPoolExecutor$Worker@6b06f8e5[State = -1, empty queue]] WARN  server.GrpcLogAppender (GrpcLogAppender.java:timeoutAppendRequest(200)) - 53d5fcb5-8117-4632-855b-8768bb6778f7@group-D5F610D5601A->4b2356e4-aaef-4a34-8176-0946a74a854c-GrpcLogAppender: appendEntries Timeout, request=53d5fcb5-8117-4632-855b-8768bb6778f7->4b2356e4-aaef-4a34-8176-0946a74a854c#78-t2, previous=(t:2, i:20), leaderCommit=16, initializing? false, entries: <empty>
2019-09-11 03:16:05,660 [java.util.concurrent.ThreadPoolExecutor$Worker@161c2cc8[State = -1, empty queue]] WARN  server.GrpcLogAppender (GrpcLogAppender.java:timeoutAppendRequest(200)) - 67340b07-f44b-4075-83dc-7a68839c1bb0@group-C308026E702E->8c88a939-76a6-48ec-b449-781feab56278-GrpcLogAppender: appendEntries Timeout, request=67340b07-f44b-4075-83dc-7a68839c1bb0->8c88a939-76a6-48ec-b449-781feab56278#78-t2, previous=(t:2, i:19), leaderCommit=15, initializing? false, entries: <empty>
2019-09-11 03:16:05,660 [java.util.concurrent.ThreadPoolExecutor$Worker@4c15eeaf[State = -1, empty queue]] WARN  server.GrpcLogAppender (GrpcLogAppender.java:timeoutAppendRequest(200)) - 67340b07-f44b-4075-83dc-7a68839c1bb0@group-C308026E702E->06bedc96-d276-4186-804c-441da3383ef1-GrpcLogAppender: appendEntries Timeout, request=67340b07-f44b-4075-83dc-7a68839c1bb0->06bedc96-d276-4186-804c-441da3383ef1#78-t2, previous=(t:2, i:19), leaderCommit=15, initializing? false, entries: <empty>
2019-09-11 03:16:05,848 [java.util.concurrent.ThreadPoolExecutor$Worker@6b06f8e5[State = -1, empty queue]] WARN  server.GrpcLogAppender (GrpcLogAppender.java:timeoutAppendRequest(200)) - 53d5fcb5-8117-4632-855b-8768bb6778f7@group-D5F610D5601A->4b2356e4-aaef-4a34-8176-0946a74a854c-GrpcLogAppender: appendEntries Timeout, request=53d5fcb5-8117-4632-855b-8768bb6778f7->4b2356e4-aaef-4a34-8176-0946a74a854c#79-t2, previous=(t:2, i:20), leaderCommit=16, initializing? false, entries: <empty>
2019-09-11 03:16:06,160 [java.util.concurrent.ThreadPoolExecutor$Worker@161c2cc8[State = -1, empty queue]] WARN  server.GrpcLogAppender (GrpcLogAppender.java:timeoutAppendRequest(200)) - 67340b07-f44b-4075-83dc-7a68839c1bb0@group-C308026E702E->8c88a939-76a6-48ec-b449-781feab56278-GrpcLogAppender: appendEntries Timeout, request=67340b07-f44b-4075-83dc-7a68839c1bb0->8c88a939-76a6-48ec-b449-781feab56278#79-t2, previous=(t:2, i:19), leaderCommit=15, initializing? false, entries: <empty>
2019-09-11 03:16:06,160 [java.util.concurrent.ThreadPoolExecutor$Worker@4c15eeaf[State = -1, empty queue]] WARN  server.GrpcLogAppender (GrpcLogAppender.java:timeoutAppendRequest(200)) - 67340b07-f44b-4075-83dc-7a68839c1bb0@group-C308026E702E->06bedc96-d276-4186-804c-441da3383ef1-GrpcLogAppender: appendEntries Timeout, request=67340b07-f44b-4075-83dc-7a68839c1bb0->06bedc96-d276-4186-804c-441da3383ef1#79-t2, previous=(t:2, i:19), leaderCommit=15, initializing? false, entries: <empty>
2019-09-11 03:16:06,348 [java.util.concurrent.ThreadPoolExecutor$Worker@6b06f8e5[State = -1, empty queue]] WARN  server.GrpcLogAppender (GrpcLogAppender.java:timeoutAppendRequest(200)) - 53d5fcb5-8117-4632-855b-8768bb6778f7@group-D5F610D5601A->4b2356e4-aaef-4a34-8176-0946a74a854c-GrpcLogAppender: appendEntries Timeout, request=53d5fcb5-8117-4632-855b-8768bb6778f7->4b2356e4-aaef-4a34-8176-0946a74a854c#80-t2, previous=(t:2, i:20), leaderCommit=16, initializing? false, entries: <empty>
2019-09-11 03:16:06,660 [java.util.concurrent.ThreadPoolExecutor$Worker@161c2cc8[State = -1, empty queue]] WARN  server.GrpcLogAppender (GrpcLogAppender.java:timeoutAppendRequest(200)) - 67340b07-f44b-4075-83dc-7a68839c1bb0@group-C308026E702E->8c88a939-76a6-48ec-b449-781feab56278-GrpcLogAppender: appendEntries Timeout, request=67340b07-f44b-4075-83dc-7a68839c1bb0->8c88a939-76a6-48ec-b449-781feab56278#80-t2, previous=(t:2, i:19), leaderCommit=15, initializing? false, entries: <empty>
2019-09-11 03:16:06,660 [java.util.concurrent.ThreadPoolExecutor$Worker@4c15eeaf[State = -1, empty queue]] WARN  server.GrpcLogAppender (GrpcLogAppender.java:timeoutAppendRequest(200)) - 67340b07-f44b-4075-83dc-7a68839c1bb0@group-C308026E702E->06bedc96-d276-4186-804c-441da3383ef1-GrpcLogAppender: appendEntries Timeout, request=67340b07-f44b-4075-83dc-7a68839c1bb0->06bedc96-d276-4186-804c-441da3383ef1#80-t2, previous=(t:2, i:19), leaderCommit=15, initializing? false, entries: <empty>
2019-09-11 03:16:06,850 [java.util.concurrent.ThreadPoolExecutor$Worker@6b06f8e5[State = -1, empty queue]] WARN  server.GrpcLogAppender (GrpcLogAppender.java:timeoutAppendRequest(200)) - 53d5fcb5-8117-4632-855b-8768bb6778f7@group-D5F610D5601A->4b2356e4-aaef-4a34-8176-0946a74a854c-GrpcLogAppender: appendEntries Timeout, request=53d5fcb5-8117-4632-855b-8768bb6778f7->4b2356e4-aaef-4a34-8176-0946a74a854c#81-t2, previous=(t:2, i:20), leaderCommit=16, initializing? false, entries: <empty>
2019-09-11 03:16:07,161 [java.util.concurrent.ThreadPoolExecutor$Worker@161c2cc8[State = -1, empty queue]] WARN  server.GrpcLogAppender (GrpcLogAppender.java:timeoutAppendRequest(200)) - 67340b07-f44b-4075-83dc-7a68839c1bb0@group-C308026E702E->8c88a939-76a6-48ec-b449-781feab56278-GrpcLogAppender: appendEntries Timeout, request=67340b07-f44b-4075-83dc-7a68839c1bb0->8c88a939-76a6-48ec-b449-781feab56278#81-t2, previous=(t:2, i:19), leaderCommit=15, initializing? false, entries: <empty>
2019-09-11 03:16:07,161 [java.util.concurrent.ThreadPoolExecutor$Worker@4c15eeaf[State = -1, empty queue]] WARN  server.GrpcLogAppender (GrpcLogAppender.java:timeoutAppendRequest(200)) - 67340b07-f44b-4075-83dc-7a68839c1bb0@group-C308026E702E->06bedc96-d276-4186-804c-441da3383ef1-GrpcLogAppender: appendEntries Timeout, request=67340b07-f44b-4075-83dc-7a68839c1bb0->06bedc96-d276-4186-804c-441da3383ef1#81-t2, previous=(t:2, i:19), leaderCommit=15, initializing? false, entries: <empty>
2019-09-11 03:16:07,350 [java.util.concurrent.ThreadPoolExecutor$Worker@6b06f8e5[State = -1, empty queue]] WARN  server.GrpcLogAppender (GrpcLogAppender.java:timeoutAppendRequest(200)) - 53d5fcb5-8117-4632-855b-8768bb6778f7@group-D5F610D5601A->4b2356e4-aaef-4a34-8176-0946a74a854c-GrpcLogAppender: appendEntries Timeout, request=53d5fcb5-8117-4632-855b-8768bb6778f7->4b2356e4-aaef-4a34-8176-0946a74a854c#82-t2, previous=(t:2, i:20), leaderCommit=16, initializing? false, entries: <empty>
2019-09-11 03:16:07,661 [java.util.concurrent.ThreadPoolExecutor$Worker@161c2cc8[State = -1, empty queue]] WARN  server.GrpcLogAppender (GrpcLogAppender.java:timeoutAppendRequest(200)) - 67340b07-f44b-4075-83dc-7a68839c1bb0@group-C308026E702E->8c88a939-76a6-48ec-b449-781feab56278-GrpcLogAppender: appendEntries Timeout, request=67340b07-f44b-4075-83dc-7a68839c1bb0->8c88a939-76a6-48ec-b449-781feab56278#82-t2, previous=(t:2, i:19), leaderCommit=15, initializing? false, entries: <empty>
2019-09-11 03:16:07,661 [java.util.concurrent.ThreadPoolExecutor$Worker@4c15eeaf[State = -1, empty queue]] WARN  server.GrpcLogAppender (GrpcLogAppender.java:timeoutAppendRequest(200)) - 67340b07-f44b-4075-83dc-7a68839c1bb0@group-C308026E702E->06bedc96-d276-4186-804c-441da3383ef1-GrpcLogAppender: appendEntries Timeout, request=67340b07-f44b-4075-83dc-7a68839c1bb0->06bedc96-d276-4186-804c-441da3383ef1#82-t2, previous=(t:2, i:19), leaderCommit=15, initializing? false, entries: <empty>
2019-09-11 03:16:07,850 [java.util.concurrent.ThreadPoolExecutor$Worker@6b06f8e5[State = -1, empty queue]] WARN  server.GrpcLogAppender (GrpcLogAppender.java:timeoutAppendRequest(200)) - 53d5fcb5-8117-4632-855b-8768bb6778f7@group-D5F610D5601A->4b2356e4-aaef-4a34-8176-0946a74a854c-GrpcLogAppender: appendEntries Timeout, request=53d5fcb5-8117-4632-855b-8768bb6778f7->4b2356e4-aaef-4a34-8176-0946a74a854c#83-t2, previous=(t:2, i:20), leaderCommit=16, initializing? false, entries: <empty>
2019-09-11 03:16:08,161 [java.util.concurrent.ThreadPoolExecutor$Worker@161c2cc8[State = -1, empty queue]] WARN  server.GrpcLogAppender (GrpcLogAppender.java:timeoutAppendRequest(200)) - 67340b07-f44b-4075-83dc-7a68839c1bb0@group-C308026E702E->8c88a939-76a6-48ec-b449-781feab56278-GrpcLogAppender: appendEntries Timeout, request=67340b07-f44b-4075-83dc-7a68839c1bb0->8c88a939-76a6-48ec-b449-781feab56278#83-t2, previous=(t:2, i:19), leaderCommit=15, initializing? false, entries: <empty>
2019-09-11 03:16:08,161 [java.util.concurrent.ThreadPoolExecutor$Worker@4c15eeaf[State = -1, empty queue]] WARN  server.GrpcLogAppender (GrpcLogAppender.java:timeoutAppendRequest(200)) - 67340b07-f44b-4075-83dc-7a68839c1bb0@group-C308026E702E->06bedc96-d276-4186-804c-441da3383ef1-GrpcLogAppender: appendEntries Timeout, request=67340b07-f44b-4075-83dc-7a68839c1bb0->06bedc96-d276-4186-804c-441da3383ef1#83-t2, previous=(t:2, i:19), leaderCommit=15, initializing? false, entries: <empty>
2019-09-11 03:16:08,327 [grpc-default-executor-1] INFO  client.GrpcClientProtocolClient (GrpcClientProtocolClient.java:onNext(264)) - client-84CCB07DAE59->4b2356e4-aaef-4a34-8176-0946a74a854c: receive RaftClientReply:client-84CCB07DAE59->4b2356e4-aaef-4a34-8176-0946a74a854c@group-D5F610D5601A, cid=43, FAILED org.apache.ratis.protocol.NotLeaderException: Server 4b2356e4-aaef-4a34-8176-0946a74a854c@group-D5F610D5601A is not the leader 53d5fcb5-8117-4632-855b-8768bb6778f7:192.168.34.53:34476, logIndex=0, commits[4b2356e4-aaef-4a34-8176-0946a74a854c:c16, 53d5fcb5-8117-4632-855b-8768bb6778f7:c16, 6fcf04af-ebca-4852-b73e-87fdd08ef440:c16]
2019-09-11 03:16:08,350 [java.util.concurrent.ThreadPoolExecutor$Worker@6b06f8e5[State = -1, empty queue]] WARN  server.GrpcLogAppender (GrpcLogAppender.java:timeoutAppendRequest(200)) - 53d5fcb5-8117-4632-855b-8768bb6778f7@group-D5F610D5601A->4b2356e4-aaef-4a34-8176-0946a74a854c-GrpcLogAppender: appendEntries Timeout, request=53d5fcb5-8117-4632-855b-8768bb6778f7->4b2356e4-aaef-4a34-8176-0946a74a854c#84-t2, previous=(t:2, i:20), leaderCommit=16, initializing? false, entries: <empty>
2019-09-11 03:16:08,661 [java.util.concurrent.ThreadPoolExecutor$Worker@161c2cc8[State = -1, empty queue]] WARN  server.GrpcLogAppender (GrpcLogAppender.java:timeoutAppendRequest(200)) - 67340b07-f44b-4075-83dc-7a68839c1bb0@group-C308026E702E->8c88a939-76a6-48ec-b449-781feab56278-GrpcLogAppender: appendEntries Timeout, request=67340b07-f44b-4075-83dc-7a68839c1bb0->8c88a939-76a6-48ec-b449-781feab56278#84-t2, previous=(t:2, i:19), leaderCommit=15, initializing? false, entries: <empty>
2019-09-11 03:16:08,661 [java.util.concurrent.ThreadPoolExecutor$Worker@4c15eeaf[State = -1, empty queue]] WARN  server.GrpcLogAppender (GrpcLogAppender.java:timeoutAppendRequest(200)) - 67340b07-f44b-4075-83dc-7a68839c1bb0@group-C308026E702E->06bedc96-d276-4186-804c-441da3383ef1-GrpcLogAppender: appendEntries Timeout, request=67340b07-f44b-4075-83dc-7a68839c1bb0->06bedc96-d276-4186-804c-441da3383ef1#84-t2, previous=(t:2, i:19), leaderCommit=15, initializing? false, entries: <empty>
2019-09-11 03:16:08,850 [java.util.concurrent.ThreadPoolExecutor$Worker@6b06f8e5[State = -1, empty queue]] WARN  server.GrpcLogAppender (GrpcLogAppender.java:timeoutAppendRequest(200)) - 53d5fcb5-8117-4632-855b-8768bb6778f7@group-D5F610D5601A->4b2356e4-aaef-4a34-8176-0946a74a854c-GrpcLogAppender: appendEntries Timeout, request=53d5fcb5-8117-4632-855b-8768bb6778f7->4b2356e4-aaef-4a34-8176-0946a74a854c#85-t2, previous=(t:2, i:20), leaderCommit=16, initializing? false, entries: <empty>
2019-09-11 03:16:09,162 [java.util.concurrent.ThreadPoolExecutor$Worker@161c2cc8[State = -1, empty queue]] WARN  server.GrpcLogAppender (GrpcLogAppender.java:timeoutAppendRequest(200)) - 67340b07-f44b-4075-83dc-7a68839c1bb0@group-C308026E702E->8c88a939-76a6-48ec-b449-781feab56278-GrpcLogAppender: appendEntries Timeout, request=67340b07-f44b-4075-83dc-7a68839c1bb0->8c88a939-76a6-48ec-b449-781feab56278#85-t2, previous=(t:2, i:19), leaderCommit=15, initializing? false, entries: <empty>
2019-09-11 03:16:09,162 [java.util.concurrent.ThreadPoolExecutor$Worker@4c15eeaf[State = -1, empty queue]] WARN  server.GrpcLogAppender (GrpcLogAppender.java:timeoutAppendRequest(200)) - 67340b07-f44b-4075-83dc-7a68839c1bb0@group-C308026E702E->06bedc96-d276-4186-804c-441da3383ef1-GrpcLogAppender: appendEntries Timeout, request=67340b07-f44b-4075-83dc-7a68839c1bb0->06bedc96-d276-4186-804c-441da3383ef1#85-t2, previous=(t:2, i:19), leaderCommit=15, initializing? false, entries: <empty>
2019-09-11 03:16:09,351 [java.util.concurrent.ThreadPoolExecutor$Worker@6b06f8e5[State = -1, empty queue]] WARN  server.GrpcLogAppender (GrpcLogAppender.java:timeoutAppendRequest(200)) - 53d5fcb5-8117-4632-855b-8768bb6778f7@group-D5F610D5601A->4b2356e4-aaef-4a34-8176-0946a74a854c-GrpcLogAppender: appendEntries Timeout, request=53d5fcb5-8117-4632-855b-8768bb6778f7->4b2356e4-aaef-4a34-8176-0946a74a854c#86-t2, previous=(t:2, i:20), leaderCommit=16, initializing? false, entries: <empty>
2019-09-11 03:16:09,662 [java.util.concurrent.ThreadPoolExecutor$Worker@161c2cc8[State = -1, empty queue]] WARN  server.GrpcLogAppender (GrpcLogAppender.java:timeoutAppendRequest(200)) - 67340b07-f44b-4075-83dc-7a68839c1bb0@group-C308026E702E->8c88a939-76a6-48ec-b449-781feab56278-GrpcLogAppender: appendEntries Timeout, request=67340b07-f44b-4075-83dc-7a68839c1bb0->8c88a939-76a6-48ec-b449-781feab56278#86-t2, previous=(t:2, i:19), leaderCommit=15, initializing? false, entries: <empty>
2019-09-11 03:16:09,662 [java.util.concurrent.ThreadPoolExecutor$Worker@4c15eeaf[State = -1, empty queue]] WARN  server.GrpcLogAppender (GrpcLogAppender.java:timeoutAppendRequest(200)) - 67340b07-f44b-4075-83dc-7a68839c1bb0@group-C308026E702E->06bedc96-d276-4186-804c-441da3383ef1-GrpcLogAppender: appendEntries Timeout, request=67340b07-f44b-4075-83dc-7a68839c1bb0->06bedc96-d276-4186-804c-441da3383ef1#86-t2, previous=(t:2, i:19), leaderCommit=15, initializing? false, entries: <empty>
2019-09-11 03:16:09,851 [java.util.concurrent.ThreadPoolExecutor$Worker@6b06f8e5[State = -1, empty queue]] WARN  server.GrpcLogAppender (GrpcLogAppender.java:timeoutAppendRequest(200)) - 53d5fcb5-8117-4632-855b-8768bb6778f7@group-D5F610D5601A->4b2356e4-aaef-4a34-8176-0946a74a854c-GrpcLogAppender: appendEntries Timeout, request=53d5fcb5-8117-4632-855b-8768bb6778f7->4b2356e4-aaef-4a34-8176-0946a74a854c#87-t2, previous=(t:2, i:20), leaderCommit=16, initializing? false, entries: <empty>
2019-09-11 03:16:10,162 [java.util.concurrent.ThreadPoolExecutor$Worker@161c2cc8[State = -1, empty queue]] WARN  server.GrpcLogAppender (GrpcLogAppender.java:timeoutAppendRequest(200)) - 67340b07-f44b-4075-83dc-7a68839c1bb0@group-C308026E702E->8c88a939-76a6-48ec-b449-781feab56278-GrpcLogAppender: appendEntries Timeout, request=67340b07-f44b-4075-83dc-7a68839c1bb0->8c88a939-76a6-48ec-b449-781feab56278#87-t2, previous=(t:2, i:19), leaderCommit=15, initializing? false, entries: <empty>
2019-09-11 03:16:10,162 [java.util.concurrent.ThreadPoolExecutor$Worker@4c15eeaf[State = -1, empty queue]] WARN  server.GrpcLogAppender (GrpcLogAppender.java:timeoutAppendRequest(200)) - 67340b07-f44b-4075-83dc-7a68839c1bb0@group-C308026E702E->06bedc96-d276-4186-804c-441da3383ef1-GrpcLogAppender: appendEntries Timeout, request=67340b07-f44b-4075-83dc-7a68839c1bb0->06bedc96-d276-4186-804c-441da3383ef1#87-t2, previous=(t:2, i:19), leaderCommit=15, initializing? false, entries: <empty>
2019-09-11 03:16:10,351 [java.util.concurrent.ThreadPoolExecutor$Worker@6b06f8e5[State = -1, empty queue]] WARN  server.GrpcLogAppender (GrpcLogAppender.java:timeoutAppendRequest(200)) - 53d5fcb5-8117-4632-855b-8768bb6778f7@group-D5F610D5601A->4b2356e4-aaef-4a34-8176-0946a74a854c-GrpcLogAppender: appendEntries Timeout, request=53d5fcb5-8117-4632-855b-8768bb6778f7->4b2356e4-aaef-4a34-8176-0946a74a854c#88-t2, previous=(t:2, i:20), leaderCommit=16, initializing? false, entries: <empty>
2019-09-11 03:16:10,662 [java.util.concurrent.ThreadPoolExecutor$Worker@4c15eeaf[State = -1, empty queue]] WARN  server.GrpcLogAppender (GrpcLogAppender.java:timeoutAppendRequest(200)) - 67340b07-f44b-4075-83dc-7a68839c1bb0@group-C308026E702E->06bedc96-d276-4186-804c-441da3383ef1-GrpcLogAppender: appendEntries Timeout, request=67340b07-f44b-4075-83dc-7a68839c1bb0->06bedc96-d276-4186-804c-441da3383ef1#88-t2, previous=(t:2, i:19), leaderCommit=15, initializing? false, entries: <empty>
2019-09-11 03:16:10,662 [java.util.concurrent.ThreadPoolExecutor$Worker@161c2cc8[State = -1, empty queue]] WARN  server.GrpcLogAppender (GrpcLogAppender.java:timeoutAppendRequest(200)) - 67340b07-f44b-4075-83dc-7a68839c1bb0@group-C308026E702E->8c88a939-76a6-48ec-b449-781feab56278-GrpcLogAppender: appendEntries Timeout, request=67340b07-f44b-4075-83dc-7a68839c1bb0->8c88a939-76a6-48ec-b449-781feab56278#88-t2, previous=(t:2, i:19), leaderCommit=15, initializing? false, entries: <empty>
2019-09-11 03:16:10,852 [java.util.concurrent.ThreadPoolExecutor$Worker@6b06f8e5[State = -1, empty queue]] WARN  server.GrpcLogAppender (GrpcLogAppender.java:timeoutAppendRequest(200)) - 53d5fcb5-8117-4632-855b-8768bb6778f7@group-D5F610D5601A->4b2356e4-aaef-4a34-8176-0946a74a854c-GrpcLogAppender: appendEntries Timeout, request=53d5fcb5-8117-4632-855b-8768bb6778f7->4b2356e4-aaef-4a34-8176-0946a74a854c#89-t2, previous=(t:2, i:20), leaderCommit=16, initializing? false, entries: <empty>
2019-09-11 03:16:11,162 [java.util.concurrent.ThreadPoolExecutor$Worker@161c2cc8[State = -1, empty queue]] WARN  server.GrpcLogAppender (GrpcLogAppender.java:timeoutAppendRequest(200)) - 67340b07-f44b-4075-83dc-7a68839c1bb0@group-C308026E702E->8c88a939-76a6-48ec-b449-781feab56278-GrpcLogAppender: appendEntries Timeout, request=67340b07-f44b-4075-83dc-7a68839c1bb0->8c88a939-76a6-48ec-b449-781feab56278#89-t2, previous=(t:2, i:19), leaderCommit=15, initializing? false, entries: <empty>
2019-09-11 03:16:11,163 [java.util.concurrent.ThreadPoolExecutor$Worker@4c15eeaf[State = -1, empty queue]] WARN  server.GrpcLogAppender (GrpcLogAppender.java:timeoutAppendRequest(200)) - 67340b07-f44b-4075-83dc-7a68839c1bb0@group-C308026E702E->06bedc96-d276-4186-804c-441da3383ef1-GrpcLogAppender: appendEntries Timeout, request=67340b07-f44b-4075-83dc-7a68839c1bb0->06bedc96-d276-4186-804c-441da3383ef1#89-t2, previous=(t:2, i:19), leaderCommit=15, initializing? false, entries: <empty>
2019-09-11 03:16:11,353 [java.util.concurrent.ThreadPoolExecutor$Worker@6b06f8e5[State = -1, empty queue]] WARN  server.GrpcLogAppender (GrpcLogAppender.java:timeoutAppendRequest(200)) - 53d5fcb5-8117-4632-855b-8768bb6778f7@group-D5F610D5601A->4b2356e4-aaef-4a34-8176-0946a74a854c-GrpcLogAppender: appendEntries Timeout, request=53d5fcb5-8117-4632-855b-8768bb6778f7->4b2356e4-aaef-4a34-8176-0946a74a854c#90-t2, previous=(t:2, i:20), leaderCommit=16, initializing? false, entries: <empty>
2019-09-11 03:16:11,353 [main] WARN  io.KeyOutputStream (KeyOutputStream.java:handleException(276)) - Encountered exception java.io.IOException: Unexpected Storage Container Exception: java.util.concurrent.CompletionException: java.util.concurrent.CompletionException: org.apache.ratis.protocol.RaftRetryFailureException: Failed RaftClientRequest:client-84CCB07DAE59->53d5fcb5-8117-4632-855b-8768bb6778f7@group-D5F610D5601A, cid=43, seq=9*, RW, org.apache.hadoop.hdds.scm.XceiverClientRatis$$Lambda$537/787298292@473bb097 for 10 attempts with RetryLimited(maxAttempts=10, sleepTime=1000ms) on the pipeline Pipeline[ Id: ffedfa37-5d60-4482-8bbe-d5f610d5601a, Nodes: 6fcf04af-ebca-4852-b73e-87fdd08ef440{ip: 192.168.34.53, host: pr-hdds-2107-sbngl-2106859965, networkLocation: /default-rack, certSerialId: null}53d5fcb5-8117-4632-855b-8768bb6778f7{ip: 192.168.34.53, host: pr-hdds-2107-sbngl-2106859965, networkLocation: /default-rack, certSerialId: null}4b2356e4-aaef-4a34-8176-0946a74a854c{ip: 192.168.34.53, host: pr-hdds-2107-sbngl-2106859965, networkLocation: /default-rack, certSerialId: null}, Type:RATIS, Factor:THREE, State:OPEN]. The last committed block length is 0, uncommitted data length is 2097152 retry count 0
2019-09-11 03:16:11,457 [grpc-default-executor-1] INFO  client.GrpcClientProtocolClient (GrpcClientProtocolClient.java:onNext(264)) - client-64EE3F930F86->fd8937d2-ae9c-4754-9095-8c93aae9e6b7: receive RaftClientReply:client-64EE3F930F86->fd8937d2-ae9c-4754-9095-8c93aae9e6b7@group-08832F9F56A9, cid=47, FAILED org.apache.ratis.protocol.NotLeaderException: Server fd8937d2-ae9c-4754-9095-8c93aae9e6b7@group-08832F9F56A9 is not the leader 12f94aba-1a41-4f36-aad5-fe218cdfc4f3:192.168.34.53:41482, logIndex=0, commits[fd8937d2-ae9c-4754-9095-8c93aae9e6b7:c0, 12f94aba-1a41-4f36-aad5-fe218cdfc4f3:c0, 02b9f8ce-4253-4591-af20-e5771c574668:c0]
2019-09-11 03:16:11,675 [java.util.concurrent.ThreadPoolExecutor$Worker@161c2cc8[State = -1, empty queue]] WARN  server.GrpcLogAppender (GrpcLogAppender.java:timeoutAppendRequest(200)) - 67340b07-f44b-4075-83dc-7a68839c1bb0@group-C308026E702E->8c88a939-76a6-48ec-b449-781feab56278-GrpcLogAppender: appendEntries Timeout, request=67340b07-f44b-4075-83dc-7a68839c1bb0->8c88a939-76a6-48ec-b449-781feab56278#90-t2, previous=(t:2, i:19), leaderCommit=15, initializing? false, entries: <empty>
2019-09-11 03:16:11,675 [java.util.concurrent.ThreadPoolExecutor$Worker@4c15eeaf[State = -1, empty queue]] WARN  server.GrpcLogAppender (GrpcLogAppender.java:timeoutAppendRequest(200)) - 67340b07-f44b-4075-83dc-7a68839c1bb0@group-C308026E702E->06bedc96-d276-4186-804c-441da3383ef1-GrpcLogAppender: appendEntries Timeout, request=67340b07-f44b-4075-83dc-7a68839c1bb0->06bedc96-d276-4186-804c-441da3383ef1#90-t2, previous=(t:2, i:19), leaderCommit=15, initializing? false, entries: <empty>
2019-09-11 03:16:11,714 [grpc-default-executor-1] INFO  client.GrpcClientProtocolClient (GrpcClientProtocolClient.java:onNext(264)) - client-64EE3F930F86->12f94aba-1a41-4f36-aad5-fe218cdfc4f3: receive RaftClientReply:client-64EE3F930F86->12f94aba-1a41-4f36-aad5-fe218cdfc4f3@group-08832F9F56A9, cid=47, SUCCESS, logIndex=1, commits[12f94aba-1a41-4f36-aad5-fe218cdfc4f3:c1, fd8937d2-ae9c-4754-9095-8c93aae9e6b7:c0, 02b9f8ce-4253-4591-af20-e5771c574668:c0]
2019-09-11 03:16:11,847 [grpc-default-executor-1] INFO  client.GrpcClientProtocolClient (GrpcClientProtocolClient.java:onNext(264)) - client-64EE3F930F86->12f94aba-1a41-4f36-aad5-fe218cdfc4f3: receive RaftClientReply:client-64EE3F930F86->12f94aba-1a41-4f36-aad5-fe218cdfc4f3@group-08832F9F56A9, cid=48, SUCCESS, logIndex=3, commits[12f94aba-1a41-4f36-aad5-fe218cdfc4f3:c8, fd8937d2-ae9c-4754-9095-8c93aae9e6b7:c5, 02b9f8ce-4253-4591-af20-e5771c574668:c5]
2019-09-11 03:16:11,849 [grpc-default-executor-1] INFO  client.GrpcClientProtocolClient (GrpcClientProtocolClient.java:onNext(264)) - client-64EE3F930F86->12f94aba-1a41-4f36-aad5-fe218cdfc4f3: receive RaftClientReply:client-64EE3F930F86->12f94aba-1a41-4f36-aad5-fe218cdfc4f3@group-08832F9F56A9, cid=49, SUCCESS, logIndex=4, commits[12f94aba-1a41-4f36-aad5-fe218cdfc4f3:c8, fd8937d2-ae9c-4754-9095-8c93aae9e6b7:c5, 02b9f8ce-4253-4591-af20-e5771c574668:c5]
2019-09-11 03:16:11,852 [java.util.concurrent.ThreadPoolExecutor$Worker@6b06f8e5[State = -1, empty queue]] WARN  server.GrpcLogAppender (GrpcLogAppender.java:timeoutAppendRequest(200)) - 53d5fcb5-8117-4632-855b-8768bb6778f7@group-D5F610D5601A->4b2356e4-aaef-4a34-8176-0946a74a854c-GrpcLogAppender: appendEntries Timeout, request=53d5fcb5-8117-4632-855b-8768bb6778f7->4b2356e4-aaef-4a34-8176-0946a74a854c#91-t2, previous=(t:2, i:20), leaderCommit=16, initializing? false, entries: <empty>
2019-09-11 03:16:11,963 [grpc-default-executor-1] INFO  client.GrpcClientProtocolClient (GrpcClientProtocolClient.java:onNext(264)) - client-64EE3F930F86->12f94aba-1a41-4f36-aad5-fe218cdfc4f3: receive RaftClientReply:client-64EE3F930F86->12f94aba-1a41-4f36-aad5-fe218cdfc4f3@group-08832F9F56A9, cid=50, SUCCESS, logIndex=5, commits[12f94aba-1a41-4f36-aad5-fe218cdfc4f3:c8, fd8937d2-ae9c-4754-9095-8c93aae9e6b7:c5, 02b9f8ce-4253-4591-af20-e5771c574668:c5]
2019-09-11 03:16:12,173 [java.util.concurrent.ThreadPoolExecutor$Worker@4c15eeaf[State = -1, empty queue]] WARN  server.GrpcLogAppender (GrpcLogAppender.java:timeoutAppendRequest(200)) - 67340b07-f44b-4075-83dc-7a68839c1bb0@group-C308026E702E->06bedc96-d276-4186-804c-441da3383ef1-GrpcLogAppender: appendEntries Timeout, request=67340b07-f44b-4075-83dc-7a68839c1bb0->06bedc96-d276-4186-804c-441da3383ef1#91-t2, previous=(t:2, i:19), leaderCommit=15, initializing? false, entries: <empty>
2019-09-11 03:16:12,173 [java.util.concurrent.ThreadPoolExecutor$Worker@161c2cc8[State = -1, empty queue]] WARN  server.GrpcLogAppender (GrpcLogAppender.java:timeoutAppendRequest(200)) - 67340b07-f44b-4075-83dc-7a68839c1bb0@group-C308026E702E->8c88a939-76a6-48ec-b449-781feab56278-GrpcLogAppender: appendEntries Timeout, request=67340b07-f44b-4075-83dc-7a68839c1bb0->8c88a939-76a6-48ec-b449-781feab56278#91-t2, previous=(t:2, i:19), leaderCommit=15, initializing? false, entries: <empty>
2019-09-11 03:16:12,352 [java.util.concurrent.ThreadPoolExecutor$Worker@6b06f8e5[State = -1, empty queue]] WARN  server.GrpcLogAppender (GrpcLogAppender.java:timeoutAppendRequest(200)) - 53d5fcb5-8117-4632-855b-8768bb6778f7@group-D5F610D5601A->4b2356e4-aaef-4a34-8176-0946a74a854c-GrpcLogAppender: appendEntries Timeout, request=53d5fcb5-8117-4632-855b-8768bb6778f7->4b2356e4-aaef-4a34-8176-0946a74a854c#92-t2, previous=(t:2, i:20), leaderCommit=16, initializing? false, entries: <empty>
2019-09-11 03:16:12,678 [java.util.concurrent.ThreadPoolExecutor$Worker@161c2cc8[State = -1, empty queue]] WARN  server.GrpcLogAppender (GrpcLogAppender.java:timeoutAppendRequest(200)) - 67340b07-f44b-4075-83dc-7a68839c1bb0@group-C308026E702E->8c88a939-76a6-48ec-b449-781feab56278-GrpcLogAppender: appendEntries Timeout, request=67340b07-f44b-4075-83dc-7a68839c1bb0->8c88a939-76a6-48ec-b449-781feab56278#92-t2, previous=(t:2, i:19), leaderCommit=15, initializing? false, entries: <empty>
2019-09-11 03:16:12,678 [java.util.concurrent.ThreadPoolExecutor$Worker@4c15eeaf[State = -1, empty queue]] WARN  server.GrpcLogAppender (GrpcLogAppender.java:timeoutAppendRequest(200)) - 67340b07-f44b-4075-83dc-7a68839c1bb0@group-C308026E702E->06bedc96-d276-4186-804c-441da3383ef1-GrpcLogAppender: appendEntries Timeout, request=67340b07-f44b-4075-83dc-7a68839c1bb0->06bedc96-d276-4186-804c-441da3383ef1#92-t2, previous=(t:2, i:19), leaderCommit=15, initializing? false, entries: <empty>
2019-09-11 03:16:12,740 [Datanode State Machine Thread - 0] INFO  statemachine.DatanodeStateMachine (DatanodeStateMachine.java:lambda$startDaemon$0(350)) - Ozone container server started.
2019-09-11 03:16:12,853 [java.util.concurrent.ThreadPoolExecutor$Worker@6b06f8e5[State = -1, empty queue]] WARN  server.GrpcLogAppender (GrpcLogAppender.java:timeoutAppendRequest(200)) - 53d5fcb5-8117-4632-855b-8768bb6778f7@group-D5F610D5601A->4b2356e4-aaef-4a34-8176-0946a74a854c-GrpcLogAppender: appendEntries Timeout, request=53d5fcb5-8117-4632-855b-8768bb6778f7->4b2356e4-aaef-4a34-8176-0946a74a854c#93-t2, previous=(t:2, i:20), leaderCommit=16, initializing? false, entries: <empty>
2019-09-11 03:16:13,178 [java.util.concurrent.ThreadPoolExecutor$Worker@161c2cc8[State = -1, empty queue]] WARN  server.GrpcLogAppender (GrpcLogAppender.java:timeoutAppendRequest(200)) - 67340b07-f44b-4075-83dc-7a68839c1bb0@group-C308026E702E->8c88a939-76a6-48ec-b449-781feab56278-GrpcLogAppender: appendEntries Timeout, request=67340b07-f44b-4075-83dc-7a68839c1bb0->8c88a939-76a6-48ec-b449-781feab56278#93-t2, previous=(t:2, i:19), leaderCommit=15, initializing? false, entries: <empty>
2019-09-11 03:16:13,178 [java.util.concurrent.ThreadPoolExecutor$Worker@4c15eeaf[State = -1, empty queue]] WARN  server.GrpcLogAppender (GrpcLogAppender.java:timeoutAppendRequest(200)) - 67340b07-f44b-4075-83dc-7a68839c1bb0@group-C308026E702E->06bedc96-d276-4186-804c-441da3383ef1-GrpcLogAppender: appendEntries Timeout, request=67340b07-f44b-4075-83dc-7a68839c1bb0->06bedc96-d276-4186-804c-441da3383ef1#93-t2, previous=(t:2, i:19), leaderCommit=15, initializing? false, entries: <empty>
2019-09-11 03:16:13,332 [53d5fcb5-8117-4632-855b-8768bb6778f7@group-D5F610D5601A-SegmentedRaftLogWorker] WARN  segmented.SegmentedRaftLogWorker (SegmentedRaftLogWorker.java:getFromFuture(90)) - Timeout 1/~
org.apache.ratis.protocol.TimeoutIOException: Timeout 10s: WriteLog:17: (t:2, i:17), STATEMACHINELOGENTRY, client-84CCB07DAE59, cid=43-writeStateMachineData
	at org.apache.ratis.util.IOUtils.getFromFuture(IOUtils.java:87)
	at org.apache.ratis.server.raftlog.segmented.SegmentedRaftLogWorker$StateMachineDataPolicy.getFromFuture(SegmentedRaftLogWorker.java:87)
	at org.apache.ratis.server.raftlog.segmented.SegmentedRaftLogWorker$WriteLog.execute(SegmentedRaftLogWorker.java:477)
	at org.apache.ratis.server.raftlog.segmented.SegmentedRaftLogWorker.run(SegmentedRaftLogWorker.java:289)
	at java.lang.Thread.run(Thread.java:748)
Caused by: java.util.concurrent.TimeoutException
	at java.util.concurrent.CompletableFuture.timedGet(CompletableFuture.java:1771)
	at java.util.concurrent.CompletableFuture.get(CompletableFuture.java:1915)
	at org.apache.ratis.util.IOUtils.getFromFuture(IOUtils.java:79)
	... 4 more
2019-09-11 03:16:13,344 [4b2356e4-aaef-4a34-8176-0946a74a854c@group-D5F610D5601A-SegmentedRaftLogWorker] WARN  segmented.SegmentedRaftLogWorker (SegmentedRaftLogWorker.java:getFromFuture(90)) - Timeout 1/~
org.apache.ratis.protocol.TimeoutIOException: Timeout 10s: WriteLog:17: (t:2, i:17), STATEMACHINELOGENTRY, client-84CCB07DAE59, cid=43-writeStateMachineData
	at org.apache.ratis.util.IOUtils.getFromFuture(IOUtils.java:87)
	at org.apache.ratis.server.raftlog.segmented.SegmentedRaftLogWorker$StateMachineDataPolicy.getFromFuture(SegmentedRaftLogWorker.java:87)
	at org.apache.ratis.server.raftlog.segmented.SegmentedRaftLogWorker$WriteLog.execute(SegmentedRaftLogWorker.java:477)
	at org.apache.ratis.server.raftlog.segmented.SegmentedRaftLogWorker.run(SegmentedRaftLogWorker.java:289)
	at java.lang.Thread.run(Thread.java:748)
Caused by: java.util.concurrent.TimeoutException
	at java.util.concurrent.CompletableFuture.timedGet(CompletableFuture.java:1771)
	at java.util.concurrent.CompletableFuture.get(CompletableFuture.java:1915)
	at org.apache.ratis.util.IOUtils.getFromFuture(IOUtils.java:79)
	... 4 more
2019-09-11 03:16:13,353 [java.util.concurrent.ThreadPoolExecutor$Worker@6b06f8e5[State = -1, empty queue]] WARN  server.GrpcLogAppender (GrpcLogAppender.java:timeoutAppendRequest(200)) - 53d5fcb5-8117-4632-855b-8768bb6778f7@group-D5F610D5601A->4b2356e4-aaef-4a34-8176-0946a74a854c-GrpcLogAppender: appendEntries Timeout, request=53d5fcb5-8117-4632-855b-8768bb6778f7->4b2356e4-aaef-4a34-8176-0946a74a854c#94-t2, previous=(t:2, i:20), leaderCommit=16, initializing? false, entries: <empty>
2019-09-11 03:16:13,605 [06bedc96-d276-4186-804c-441da3383ef1@group-C308026E702E-SegmentedRaftLogWorker] WARN  segmented.SegmentedRaftLogWorker (SegmentedRaftLogWorker.java:getFromFuture(90)) - Timeout 3/~
org.apache.ratis.protocol.TimeoutIOException: Timeout 10s: WriteLog:16: (t:2, i:16), STATEMACHINELOGENTRY, client-133138C33850, cid=29-writeStateMachineData
	at org.apache.ratis.util.IOUtils.getFromFuture(IOUtils.java:87)
	at org.apache.ratis.server.raftlog.segmented.SegmentedRaftLogWorker$StateMachineDataPolicy.getFromFuture(SegmentedRaftLogWorker.java:87)
	at org.apache.ratis.server.raftlog.segmented.SegmentedRaftLogWorker$WriteLog.execute(SegmentedRaftLogWorker.java:477)
	at org.apache.ratis.server.raftlog.segmented.SegmentedRaftLogWorker.run(SegmentedRaftLogWorker.java:289)
	at java.lang.Thread.run(Thread.java:748)
Caused by: java.util.concurrent.TimeoutException
	at java.util.concurrent.CompletableFuture.timedGet(CompletableFuture.java:1771)
	at java.util.concurrent.CompletableFuture.get(CompletableFuture.java:1915)
	at org.apache.ratis.util.IOUtils.getFromFuture(IOUtils.java:79)
	... 4 more
2019-09-11 03:16:13,682 [java.util.concurrent.ThreadPoolExecutor$Worker@161c2cc8[State = -1, empty queue]] WARN  server.GrpcLogAppender (GrpcLogAppender.java:timeoutAppendRequest(200)) - 67340b07-f44b-4075-83dc-7a68839c1bb0@group-C308026E702E->8c88a939-76a6-48ec-b449-781feab56278-GrpcLogAppender: appendEntries Timeout, request=67340b07-f44b-4075-83dc-7a68839c1bb0->8c88a939-76a6-48ec-b449-781feab56278#94-t2, previous=(t:2, i:19), leaderCommit=15, initializing? false, entries: <empty>
2019-09-11 03:16:13,682 [java.util.concurrent.ThreadPoolExecutor$Worker@4c15eeaf[State = -1, empty queue]] WARN  server.GrpcLogAppender (GrpcLogAppender.java:timeoutAppendRequest(200)) - 67340b07-f44b-4075-83dc-7a68839c1bb0@group-C308026E702E->06bedc96-d276-4186-804c-441da3383ef1-GrpcLogAppender: appendEntries Timeout, request=67340b07-f44b-4075-83dc-7a68839c1bb0->06bedc96-d276-4186-804c-441da3383ef1#94-t2, previous=(t:2, i:19), leaderCommit=15, initializing? false, entries: <empty>
2019-09-11 03:16:13,714 [8c88a939-76a6-48ec-b449-781feab56278@group-C308026E702E-SegmentedRaftLogWorker] WARN  segmented.SegmentedRaftLogWorker (SegmentedRaftLogWorker.java:getFromFuture(90)) - Timeout 3/~
org.apache.ratis.protocol.TimeoutIOException: Timeout 10s: WriteLog:18: (t:2, i:18), STATEMACHINELOGENTRY, client-133138C33850, cid=31-writeStateMachineData
	at org.apache.ratis.util.IOUtils.getFromFuture(IOUtils.java:87)
	at org.apache.ratis.server.raftlog.segmented.SegmentedRaftLogWorker$StateMachineDataPolicy.getFromFuture(SegmentedRaftLogWorker.java:87)
	at org.apache.ratis.server.raftlog.segmented.SegmentedRaftLogWorker$WriteLog.execute(SegmentedRaftLogWorker.java:477)
	at org.apache.ratis.server.raftlog.segmented.SegmentedRaftLogWorker.run(SegmentedRaftLogWorker.java:289)
	at java.lang.Thread.run(Thread.java:748)
Caused by: java.util.concurrent.TimeoutException
	at java.util.concurrent.CompletableFuture.timedGet(CompletableFuture.java:1771)
	at java.util.concurrent.CompletableFuture.get(CompletableFuture.java:1915)
	at org.apache.ratis.util.IOUtils.getFromFuture(IOUtils.java:79)
	... 4 more
2019-09-11 03:16:13,741 [67340b07-f44b-4075-83dc-7a68839c1bb0@group-C308026E702E-SegmentedRaftLogWorker] WARN  segmented.SegmentedRaftLogWorker (SegmentedRaftLogWorker.java:getFromFuture(90)) - Timeout 3/~
org.apache.ratis.protocol.TimeoutIOException: Timeout 10s: WriteLog:18: (t:2, i:18), STATEMACHINELOGENTRY, client-133138C33850, cid=31-writeStateMachineData
	at org.apache.ratis.util.IOUtils.getFromFuture(IOUtils.java:87)
	at org.apache.ratis.server.raftlog.segmented.SegmentedRaftLogWorker$StateMachineDataPolicy.getFromFuture(SegmentedRaftLogWorker.java:87)
	at org.apache.ratis.server.raftlog.segmented.SegmentedRaftLogWorker$WriteLog.execute(SegmentedRaftLogWorker.java:477)
	at org.apache.ratis.server.raftlog.segmented.SegmentedRaftLogWorker.run(SegmentedRaftLogWorker.java:289)
	at java.lang.Thread.run(Thread.java:748)
Caused by: java.util.concurrent.TimeoutException
	at java.util.concurrent.CompletableFuture.timedGet(CompletableFuture.java:1771)
	at java.util.concurrent.CompletableFuture.get(CompletableFuture.java:1915)
	at org.apache.ratis.util.IOUtils.getFromFuture(IOUtils.java:79)
	... 4 more
2019-09-11 03:16:13,853 [java.util.concurrent.ThreadPoolExecutor$Worker@6b06f8e5[State = -1, empty queue]] WARN  server.GrpcLogAppender (GrpcLogAppender.java:timeoutAppendRequest(200)) - 53d5fcb5-8117-4632-855b-8768bb6778f7@group-D5F610D5601A->4b2356e4-aaef-4a34-8176-0946a74a854c-GrpcLogAppender: appendEntries Timeout, request=53d5fcb5-8117-4632-855b-8768bb6778f7->4b2356e4-aaef-4a34-8176-0946a74a854c#95-t2, previous=(t:2, i:20), leaderCommit=16, initializing? false, entries: <empty>
2019-09-11 03:16:14,182 [java.util.concurrent.ThreadPoolExecutor$Worker@4c15eeaf[State = -1, empty queue]] WARN  server.GrpcLogAppender (GrpcLogAppender.java:timeoutAppendRequest(200)) - 67340b07-f44b-4075-83dc-7a68839c1bb0@group-C308026E702E->06bedc96-d276-4186-804c-441da3383ef1-GrpcLogAppender: appendEntries Timeout, request=67340b07-f44b-4075-83dc-7a68839c1bb0->06bedc96-d276-4186-804c-441da3383ef1#95-t2, previous=(t:2, i:19), leaderCommit=15, initializing? false, entries: <empty>
2019-09-11 03:16:14,182 [java.util.concurrent.ThreadPoolExecutor$Worker@161c2cc8[State = -1, empty queue]] WARN  server.GrpcLogAppender (GrpcLogAppender.java:timeoutAppendRequest(200)) - 67340b07-f44b-4075-83dc-7a68839c1bb0@group-C308026E702E->8c88a939-76a6-48ec-b449-781feab56278-GrpcLogAppender: appendEntries Timeout, request=67340b07-f44b-4075-83dc-7a68839c1bb0->8c88a939-76a6-48ec-b449-781feab56278#95-t2, previous=(t:2, i:19), leaderCommit=15, initializing? false, entries: <empty>
2019-09-11 03:16:14,354 [java.util.concurrent.ThreadPoolExecutor$Worker@6b06f8e5[State = -1, empty queue]] WARN  server.GrpcLogAppender (GrpcLogAppender.java:timeoutAppendRequest(200)) - 53d5fcb5-8117-4632-855b-8768bb6778f7@group-D5F610D5601A->4b2356e4-aaef-4a34-8176-0946a74a854c-GrpcLogAppender: appendEntries Timeout, request=53d5fcb5-8117-4632-855b-8768bb6778f7->4b2356e4-aaef-4a34-8176-0946a74a854c#96-t2, previous=(t:2, i:20), leaderCommit=16, initializing? false, entries: <empty>
2019-09-11 03:16:14,685 [java.util.concurrent.ThreadPoolExecutor$Worker@161c2cc8[State = -1, empty queue]] WARN  server.GrpcLogAppender (GrpcLogAppender.java:timeoutAppendRequest(200)) - 67340b07-f44b-4075-83dc-7a68839c1bb0@group-C308026E702E->8c88a939-76a6-48ec-b449-781feab56278-GrpcLogAppender: appendEntries Timeout, request=67340b07-f44b-4075-83dc-7a68839c1bb0->8c88a939-76a6-48ec-b449-781feab56278#96-t2, previous=(t:2, i:19), leaderCommit=15, initializing? false, entries: <empty>
2019-09-11 03:16:14,685 [java.util.concurrent.ThreadPoolExecutor$Worker@4c15eeaf[State = -1, empty queue]] WARN  server.GrpcLogAppender (GrpcLogAppender.java:timeoutAppendRequest(200)) - 67340b07-f44b-4075-83dc-7a68839c1bb0@group-C308026E702E->06bedc96-d276-4186-804c-441da3383ef1-GrpcLogAppender: appendEntries Timeout, request=67340b07-f44b-4075-83dc-7a68839c1bb0->06bedc96-d276-4186-804c-441da3383ef1#96-t2, previous=(t:2, i:19), leaderCommit=15, initializing? false, entries: <empty>
2019-09-11 03:16:14,854 [java.util.concurrent.ThreadPoolExecutor$Worker@6b06f8e5[State = -1, empty queue]] WARN  server.GrpcLogAppender (GrpcLogAppender.java:timeoutAppendRequest(200)) - 53d5fcb5-8117-4632-855b-8768bb6778f7@group-D5F610D5601A->4b2356e4-aaef-4a34-8176-0946a74a854c-GrpcLogAppender: appendEntries Timeout, request=53d5fcb5-8117-4632-855b-8768bb6778f7->4b2356e4-aaef-4a34-8176-0946a74a854c#97-t2, previous=(t:2, i:20), leaderCommit=16, initializing? false, entries: <empty>
2019-09-11 03:16:15,186 [java.util.concurrent.ThreadPoolExecutor$Worker@4c15eeaf[State = -1, empty queue]] WARN  server.GrpcLogAppender (GrpcLogAppender.java:timeoutAppendRequest(200)) - 67340b07-f44b-4075-83dc-7a68839c1bb0@group-C308026E702E->06bedc96-d276-4186-804c-441da3383ef1-GrpcLogAppender: appendEntries Timeout, request=67340b07-f44b-4075-83dc-7a68839c1bb0->06bedc96-d276-4186-804c-441da3383ef1#97-t2, previous=(t:2, i:19), leaderCommit=15, initializing? false, entries: <empty>
2019-09-11 03:16:15,186 [java.util.concurrent.ThreadPoolExecutor$Worker@161c2cc8[State = -1, empty queue]] WARN  server.GrpcLogAppender (GrpcLogAppender.java:timeoutAppendRequest(200)) - 67340b07-f44b-4075-83dc-7a68839c1bb0@group-C308026E702E->8c88a939-76a6-48ec-b449-781feab56278-GrpcLogAppender: appendEntries Timeout, request=67340b07-f44b-4075-83dc-7a68839c1bb0->8c88a939-76a6-48ec-b449-781feab56278#97-t2, previous=(t:2, i:19), leaderCommit=15, initializing? false, entries: <empty>
2019-09-11 03:16:15,354 [java.util.concurrent.ThreadPoolExecutor$Worker@6b06f8e5[State = -1, empty queue]] WARN  server.GrpcLogAppender (GrpcLogAppender.java:timeoutAppendRequest(200)) - 53d5fcb5-8117-4632-855b-8768bb6778f7@group-D5F610D5601A->4b2356e4-aaef-4a34-8176-0946a74a854c-GrpcLogAppender: appendEntries Timeout, request=53d5fcb5-8117-4632-855b-8768bb6778f7->4b2356e4-aaef-4a34-8176-0946a74a854c#98-t2, previous=(t:2, i:20), leaderCommit=16, initializing? false, entries: <empty>
2019-09-11 03:16:15,686 [java.util.concurrent.ThreadPoolExecutor$Worker@161c2cc8[State = -1, empty queue]] WARN  server.GrpcLogAppender (GrpcLogAppender.java:timeoutAppendRequest(200)) - 67340b07-f44b-4075-83dc-7a68839c1bb0@group-C308026E702E->8c88a939-76a6-48ec-b449-781feab56278-GrpcLogAppender: appendEntries Timeout, request=67340b07-f44b-4075-83dc-7a68839c1bb0->8c88a939-76a6-48ec-b449-781feab56278#98-t2, previous=(t:2, i:19), leaderCommit=15, initializing? false, entries: <empty>
2019-09-11 03:16:15,686 [java.util.concurrent.ThreadPoolExecutor$Worker@4c15eeaf[State = -1, empty queue]] WARN  server.GrpcLogAppender (GrpcLogAppender.java:timeoutAppendRequest(200)) - 67340b07-f44b-4075-83dc-7a68839c1bb0@group-C308026E702E->06bedc96-d276-4186-804c-441da3383ef1-GrpcLogAppender: appendEntries Timeout, request=67340b07-f44b-4075-83dc-7a68839c1bb0->06bedc96-d276-4186-804c-441da3383ef1#98-t2, previous=(t:2, i:19), leaderCommit=15, initializing? false, entries: <empty>
2019-09-11 03:16:15,854 [java.util.concurrent.ThreadPoolExecutor$Worker@6b06f8e5[State = -1, empty queue]] WARN  server.GrpcLogAppender (GrpcLogAppender.java:timeoutAppendRequest(200)) - 53d5fcb5-8117-4632-855b-8768bb6778f7@group-D5F610D5601A->4b2356e4-aaef-4a34-8176-0946a74a854c-GrpcLogAppender: appendEntries Timeout, request=53d5fcb5-8117-4632-855b-8768bb6778f7->4b2356e4-aaef-4a34-8176-0946a74a854c#99-t2, previous=(t:2, i:20), leaderCommit=16, initializing? false, entries: <empty>
2019-09-11 03:16:16,187 [java.util.concurrent.ThreadPoolExecutor$Worker@4c15eeaf[State = -1, empty queue]] WARN  server.GrpcLogAppender (GrpcLogAppender.java:timeoutAppendRequest(200)) - 67340b07-f44b-4075-83dc-7a68839c1bb0@group-C308026E702E->06bedc96-d276-4186-804c-441da3383ef1-GrpcLogAppender: appendEntries Timeout, request=67340b07-f44b-4075-83dc-7a68839c1bb0->06bedc96-d276-4186-804c-441da3383ef1#99-t2, previous=(t:2, i:19), leaderCommit=15, initializing? false, entries: <empty>
2019-09-11 03:16:16,187 [java.util.concurrent.ThreadPoolExecutor$Worker@161c2cc8[State = -1, empty queue]] WARN  server.GrpcLogAppender (GrpcLogAppender.java:timeoutAppendRequest(200)) - 67340b07-f44b-4075-83dc-7a68839c1bb0@group-C308026E702E->8c88a939-76a6-48ec-b449-781feab56278-GrpcLogAppender: appendEntries Timeout, request=67340b07-f44b-4075-83dc-7a68839c1bb0->8c88a939-76a6-48ec-b449-781feab56278#99-t2, previous=(t:2, i:19), leaderCommit=15, initializing? false, entries: <empty>
2019-09-11 03:16:16,355 [java.util.concurrent.ThreadPoolExecutor$Worker@6b06f8e5[State = -1, empty queue]] WARN  server.GrpcLogAppender (GrpcLogAppender.java:timeoutAppendRequest(200)) - 53d5fcb5-8117-4632-855b-8768bb6778f7@group-D5F610D5601A->4b2356e4-aaef-4a34-8176-0946a74a854c-GrpcLogAppender: appendEntries Timeout, request=53d5fcb5-8117-4632-855b-8768bb6778f7->4b2356e4-aaef-4a34-8176-0946a74a854c#100-t2, previous=(t:2, i:20), leaderCommit=16, initializing? false, entries: <empty>
2019-09-11 03:16:16,687 [java.util.concurrent.ThreadPoolExecutor$Worker@161c2cc8[State = -1, empty queue]] WARN  server.GrpcLogAppender (GrpcLogAppender.java:timeoutAppendRequest(200)) - 67340b07-f44b-4075-83dc-7a68839c1bb0@group-C308026E702E->8c88a939-76a6-48ec-b449-781feab56278-GrpcLogAppender: appendEntries Timeout, request=67340b07-f44b-4075-83dc-7a68839c1bb0->8c88a939-76a6-48ec-b449-781feab56278#100-t2, previous=(t:2, i:19), leaderCommit=15, initializing? false, entries: <empty>
2019-09-11 03:16:16,687 [java.util.concurrent.ThreadPoolExecutor$Worker@4c15eeaf[State = -1, empty queue]] WARN  server.GrpcLogAppender (GrpcLogAppender.java:timeoutAppendRequest(200)) - 67340b07-f44b-4075-83dc-7a68839c1bb0@group-C308026E702E->06bedc96-d276-4186-804c-441da3383ef1-GrpcLogAppender: appendEntries Timeout, request=67340b07-f44b-4075-83dc-7a68839c1bb0->06bedc96-d276-4186-804c-441da3383ef1#100-t2, previous=(t:2, i:19), leaderCommit=15, initializing? false, entries: <empty>
2019-09-11 03:16:16,855 [java.util.concurrent.ThreadPoolExecutor$Worker@6b06f8e5[State = -1, empty queue]] WARN  server.GrpcLogAppender (GrpcLogAppender.java:timeoutAppendRequest(200)) - 53d5fcb5-8117-4632-855b-8768bb6778f7@group-D5F610D5601A->4b2356e4-aaef-4a34-8176-0946a74a854c-GrpcLogAppender: appendEntries Timeout, request=53d5fcb5-8117-4632-855b-8768bb6778f7->4b2356e4-aaef-4a34-8176-0946a74a854c#101-t2, previous=(t:2, i:20), leaderCommit=16, initializing? false, entries: <empty>
2019-09-11 03:16:16,968 [main] INFO  ozoneimpl.OzoneContainer (OzoneContainer.java:stop(231)) - Attempting to stop container services.
2019-09-11 03:16:16,970 [main] INFO  impl.RaftServerProxy (RaftServerProxy.java:lambda$close$4(314)) - 06bedc96-d276-4186-804c-441da3383ef1: close
2019-09-11 03:16:16,972 [main] INFO  impl.RaftServerImpl (RaftServerImpl.java:lambda$shutdown$3(251)) - 06bedc96-d276-4186-804c-441da3383ef1@group-222B947CC395: shutdown
2019-09-11 03:16:16,972 [ForkJoinPool.commonPool-worker-1] INFO  impl.RaftServerImpl (RaftServerImpl.java:lambda$shutdown$3(251)) - 06bedc96-d276-4186-804c-441da3383ef1@group-C308026E702E: shutdown
2019-09-11 03:16:16,972 [main] INFO  util.JmxRegister (JmxRegister.java:unregister(73)) - Successfully un-registered JMX Bean with object name Ratis:service=RaftServer,group=group-222B947CC395,id=06bedc96-d276-4186-804c-441da3383ef1
2019-09-11 03:16:16,972 [ForkJoinPool.commonPool-worker-1] INFO  util.JmxRegister (JmxRegister.java:unregister(73)) - Successfully un-registered JMX Bean with object name Ratis:service=RaftServer,group=group-C308026E702E,id=06bedc96-d276-4186-804c-441da3383ef1
2019-09-11 03:16:16,973 [main] INFO  impl.RoleInfo (RoleInfo.java:shutdownLeaderState(104)) - 06bedc96-d276-4186-804c-441da3383ef1: shutdown LeaderState
2019-09-11 03:16:16,973 [ForkJoinPool.commonPool-worker-1] INFO  impl.RoleInfo (RoleInfo.java:shutdownFollowerState(121)) - 06bedc96-d276-4186-804c-441da3383ef1: shutdown FollowerState
2019-09-11 03:16:16,974 [ForkJoinPool.commonPool-worker-1] INFO  impl.StateMachineUpdater (StateMachineUpdater.java:stopAndJoin(125)) - 06bedc96-d276-4186-804c-441da3383ef1@group-C308026E702E-StateMachineUpdater: set stopIndex = 15
2019-09-11 03:16:16,974 [main] INFO  impl.PendingRequests (PendingRequests.java:sendNotLeaderResponses(202)) - 06bedc96-d276-4186-804c-441da3383ef1-PendingRequests: sendNotLeaderResponses
2019-09-11 03:16:16,974 [Thread-430] INFO  impl.FollowerState (FollowerState.java:run(115)) - 06bedc96-d276-4186-804c-441da3383ef1: FollowerState was interrupted: java.lang.InterruptedException: sleep interrupted
2019-09-11 03:16:16,974 [06bedc96-d276-4186-804c-441da3383ef1@group-C308026E702E-StateMachineUpdater] INFO  ratis.ContainerStateMachine (ContainerStateMachine.java:takeSnapshot(289)) - group-C308026E702E: Taking a snapshot at:(t:2, i:11) file /workdir/hadoop-ozone/integration-test/target/test-dir/MiniOzoneClusterImpl-ffccced8-c8d8-492e-805a-99618b7a2b29/datanode-2/data/ratis/dc5a121c-a3ce-4c69-b921-c308026e702e/sm/snapshot.2_11
2019-09-11 03:16:16,983 [main] INFO  impl.StateMachineUpdater (StateMachineUpdater.java:stopAndJoin(125)) - 06bedc96-d276-4186-804c-441da3383ef1@group-222B947CC395-StateMachineUpdater: set stopIndex = 0
2019-09-11 03:16:16,988 [main] INFO  impl.RaftServerImpl (ServerState.java:close(385)) - 06bedc96-d276-4186-804c-441da3383ef1@group-222B947CC395: closes. applyIndex: 0
2019-09-11 03:16:16,990 [06bedc96-d276-4186-804c-441da3383ef1@group-222B947CC395-SegmentedRaftLogWorker] INFO  segmented.SegmentedRaftLogWorker (SegmentedRaftLogWorker.java:run(313)) - 06bedc96-d276-4186-804c-441da3383ef1@group-222B947CC395-SegmentedRaftLogWorker was interrupted, exiting. There are 0 tasks remaining in the queue.
2019-09-11 03:16:16,993 [main] INFO  segmented.SegmentedRaftLogWorker (SegmentedRaftLogWorker.java:close(228)) - 06bedc96-d276-4186-804c-441da3383ef1@group-222B947CC395-SegmentedRaftLogWorker close()
2019-09-11 03:16:17,068 [06bedc96-d276-4186-804c-441da3383ef1@group-C308026E702E-StateMachineUpdater] INFO  ratis.ContainerStateMachine (ContainerStateMachine.java:takeSnapshot(300)) - group-C308026E702E: Finished taking a snapshot at:(t:2, i:11) file:/workdir/hadoop-ozone/integration-test/target/test-dir/MiniOzoneClusterImpl-ffccced8-c8d8-492e-805a-99618b7a2b29/datanode-2/data/ratis/dc5a121c-a3ce-4c69-b921-c308026e702e/sm/snapshot.2_11 time:94
2019-09-11 03:16:17,068 [06bedc96-d276-4186-804c-441da3383ef1@group-C308026E702E-StateMachineUpdater] INFO  impl.StateMachineUpdater (StateMachineUpdater.java:takeSnapshot(258)) - 06bedc96-d276-4186-804c-441da3383ef1@group-C308026E702E-StateMachineUpdater: Took a snapshot at index 11
2019-09-11 03:16:17,068 [06bedc96-d276-4186-804c-441da3383ef1@group-C308026E702E-StateMachineUpdater] INFO  impl.StateMachineUpdater (StateMachineUpdater.java:lambda$new$0(83)) - 06bedc96-d276-4186-804c-441da3383ef1@group-C308026E702E-StateMachineUpdater: snapshotIndex: updateIncreasingly -1 -> 11
2019-09-11 03:16:17,087 [06bedc96-d276-4186-804c-441da3383ef1@group-C308026E702E-StateMachineUpdater] INFO  ratis.ContainerStateMachine (ContainerStateMachine.java:takeSnapshot(289)) - group-C308026E702E: Taking a snapshot at:(t:2, i:11) file /workdir/hadoop-ozone/integration-test/target/test-dir/MiniOzoneClusterImpl-ffccced8-c8d8-492e-805a-99618b7a2b29/datanode-2/data/ratis/dc5a121c-a3ce-4c69-b921-c308026e702e/sm/snapshot.2_11
2019-09-11 03:16:17,139 [06bedc96-d276-4186-804c-441da3383ef1@group-C308026E702E-StateMachineUpdater] INFO  ratis.ContainerStateMachine (ContainerStateMachine.java:takeSnapshot(300)) - group-C308026E702E: Finished taking a snapshot at:(t:2, i:11) file:/workdir/hadoop-ozone/integration-test/target/test-dir/MiniOzoneClusterImpl-ffccced8-c8d8-492e-805a-99618b7a2b29/datanode-2/data/ratis/dc5a121c-a3ce-4c69-b921-c308026e702e/sm/snapshot.2_11 time:51
2019-09-11 03:16:17,139 [06bedc96-d276-4186-804c-441da3383ef1@group-C308026E702E-StateMachineUpdater] INFO  impl.StateMachineUpdater (StateMachineUpdater.java:takeSnapshot(258)) - 06bedc96-d276-4186-804c-441da3383ef1@group-C308026E702E-StateMachineUpdater: Took a snapshot at index 11
2019-09-11 03:16:17,139 [06bedc96-d276-4186-804c-441da3383ef1@group-C308026E702E-StateMachineUpdater] INFO  impl.StateMachineUpdater (StateMachineUpdater.java:lambda$new$0(83)) - 06bedc96-d276-4186-804c-441da3383ef1@group-C308026E702E-StateMachineUpdater: snapshotIndex: updateIncreasingly 11 -> 11
2019-09-11 03:16:17,140 [ForkJoinPool.commonPool-worker-1] INFO  impl.RaftServerImpl (ServerState.java:close(385)) - 06bedc96-d276-4186-804c-441da3383ef1@group-C308026E702E: closes. applyIndex: 15
2019-09-11 03:16:17,151 [06bedc96-d276-4186-804c-441da3383ef1@group-C308026E702E-SegmentedRaftLogWorker] ERROR ratis.XceiverServerRatis (XceiverServerRatis.java:triggerPipelineClose(568)) - pipeline Action CLOSE  on pipeline PipelineID=dc5a121c-a3ce-4c69-b921-c308026e702e.Reason : WriteLog:16: (t:2, i:16), STATEMACHINELOGENTRY, client-133138C33850, cid=29-writeStateMachineData interrupted.
2019-09-11 03:16:17,154 [ForkJoinPool.commonPool-worker-1] INFO  segmented.SegmentedRaftLogWorker (SegmentedRaftLogWorker.java:close(228)) - 06bedc96-d276-4186-804c-441da3383ef1@group-C308026E702E-SegmentedRaftLogWorker close()
2019-09-11 03:16:17,158 [main] INFO  server.GrpcService (GrpcService.java:closeImpl(164)) - 06bedc96-d276-4186-804c-441da3383ef1: shutdown server with port 35709 now
2019-09-11 03:16:17,166 [main] INFO  server.GrpcService (GrpcService.java:closeImpl(172)) - 06bedc96-d276-4186-804c-441da3383ef1: shutdown server with port 35709 successfully
2019-09-11 03:16:17,167 [grpc-default-executor-0] WARN  server.GrpcServerProtocolService (LogUtils.java:warn(134)) - 06bedc96-d276-4186-804c-441da3383ef1: installSnapshot onError, lastRequest: 67340b07-f44b-4075-83dc-7a68839c1bb0->06bedc96-d276-4186-804c-441da3383ef1#106-t2, previous=(t:2, i:19), leaderCommit=15, initializing? false, entries: <empty>: org.apache.ratis.thirdparty.io.grpc.StatusRuntimeException: CANCELLED: cancelled before receiving half close
2019-09-11 03:16:17,170 [grpc-default-executor-1] WARN  server.GrpcLogAppender (LogUtils.java:warn(134)) - 67340b07-f44b-4075-83dc-7a68839c1bb0@group-C308026E702E->06bedc96-d276-4186-804c-441da3383ef1-AppendLogResponseHandler: Failed appendEntries: org.apache.ratis.thirdparty.io.grpc.StatusRuntimeException: CANCELLED: HTTP/2 error code: CANCEL
Received Rst Stream
2019-09-11 03:16:17,179 [refreshUsed-/workdir/hadoop-ozone/integration-test/target/test-dir/MiniOzoneClusterImpl-ffccced8-c8d8-492e-805a-99618b7a2b29/datanode-2/data/containers] WARN  fs.CachingGetSpaceUsed (CachingGetSpaceUsed.java:run(183)) - Thread Interrupted waiting to refresh disk information: sleep interrupted
2019-09-11 03:16:17,180 [grpc-default-executor-1] INFO  impl.FollowerInfo (FollowerInfo.java:lambda$new$0(51)) - 67340b07-f44b-4075-83dc-7a68839c1bb0@group-C308026E702E->06bedc96-d276-4186-804c-441da3383ef1: nextIndex: updateUnconditionally 20 -> 16
2019-09-11 03:16:17,187 [java.util.concurrent.ThreadPoolExecutor$Worker@161c2cc8[State = -1, empty queue]] WARN  server.GrpcLogAppender (GrpcLogAppender.java:timeoutAppendRequest(200)) - 67340b07-f44b-4075-83dc-7a68839c1bb0@group-C308026E702E->8c88a939-76a6-48ec-b449-781feab56278-GrpcLogAppender: appendEntries Timeout, request=67340b07-f44b-4075-83dc-7a68839c1bb0->8c88a939-76a6-48ec-b449-781feab56278#101-t2, previous=(t:2, i:19), leaderCommit=15, initializing? false, entries: <empty>
2019-09-11 03:16:17,197 [main] INFO  utils.BackgroundService (BackgroundService.java:shutdown(148)) - Shutting down service BlockDeletingService
2019-09-11 03:16:17,204 [main] INFO  statemachine.DatanodeStateMachine (DatanodeStateMachine.java:stopDaemon(395)) - Ozone container server stopped.
2019-09-11 03:16:17,206 [grpc-default-executor-0] WARN  server.GrpcLogAppender (LogUtils.java:warn(134)) - 67340b07-f44b-4075-83dc-7a68839c1bb0@group-C308026E702E->06bedc96-d276-4186-804c-441da3383ef1-AppendLogResponseHandler: Failed appendEntries: org.apache.ratis.thirdparty.io.grpc.StatusRuntimeException: UNAVAILABLE: io exception
2019-09-11 03:16:17,210 [grpc-default-executor-0] INFO  impl.FollowerInfo (FollowerInfo.java:lambda$new$0(51)) - 67340b07-f44b-4075-83dc-7a68839c1bb0@group-C308026E702E->06bedc96-d276-4186-804c-441da3383ef1: nextIndex: updateUnconditionally 16 -> 15
2019-09-11 03:16:17,214 [main] INFO  handler.ContextHandler (ContextHandler.java:doStop(910)) - Stopped o.e.j.w.WebAppContext@10f7c76{/,null,UNAVAILABLE}{/hddsDatanode}
2019-09-11 03:16:17,220 [main] INFO  server.AbstractConnector (AbstractConnector.java:doStop(318)) - Stopped ServerConnector@4745e9c{HTTP/1.1,[http/1.1]}{0.0.0.0:0}
2019-09-11 03:16:17,220 [main] INFO  handler.ContextHandler (ContextHandler.java:doStop(910)) - Stopped o.e.j.s.ServletContextHandler@54d8c20d{/static,jar:file:/home/user/.m2/repository/org/apache/hadoop/hadoop-hdds-container-service/0.5.0-SNAPSHOT/hadoop-hdds-container-service-0.5.0-SNAPSHOT.jar!/webapps/static,UNAVAILABLE}
2019-09-11 03:16:17,220 [main] INFO  handler.ContextHandler (ContextHandler.java:doStop(910)) - Stopped o.e.j.s.ServletContextHandler@799ed4e8{/logs,file:///workdir/hadoop-ozone/integration-test/target/log,UNAVAILABLE}
2019-09-11 03:16:17,290 [grpc-default-executor-1] INFO  client.GrpcClientProtocolClient (GrpcClientProtocolClient.java:onNext(264)) - client-64EE3F930F86->12f94aba-1a41-4f36-aad5-fe218cdfc4f3: receive RaftClientReply:client-64EE3F930F86->12f94aba-1a41-4f36-aad5-fe218cdfc4f3@group-08832F9F56A9, cid=51, SUCCESS, logIndex=9, commits[12f94aba-1a41-4f36-aad5-fe218cdfc4f3:c11, fd8937d2-ae9c-4754-9095-8c93aae9e6b7:c8, 02b9f8ce-4253-4591-af20-e5771c574668:c8]
2019-09-11 03:16:17,293 [grpc-default-executor-1] INFO  client.GrpcClientProtocolClient (GrpcClientProtocolClient.java:onNext(264)) - client-64EE3F930F86->12f94aba-1a41-4f36-aad5-fe218cdfc4f3: receive RaftClientReply:client-64EE3F930F86->12f94aba-1a41-4f36-aad5-fe218cdfc4f3@group-08832F9F56A9, cid=52, SUCCESS, logIndex=10, commits[12f94aba-1a41-4f36-aad5-fe218cdfc4f3:c12, fd8937d2-ae9c-4754-9095-8c93aae9e6b7:c8, 02b9f8ce-4253-4591-af20-e5771c574668:c8]
2019-09-11 03:16:17,293 [grpc-default-executor-1] INFO  client.GrpcClientProtocolClient (GrpcClientProtocolClient.java:onNext(264)) - client-64EE3F930F86->12f94aba-1a41-4f36-aad5-fe218cdfc4f3: receive RaftClientReply:client-64EE3F930F86->12f94aba-1a41-4f36-aad5-fe218cdfc4f3@group-08832F9F56A9, cid=53, SUCCESS, logIndex=11, commits[12f94aba-1a41-4f36-aad5-fe218cdfc4f3:c12, fd8937d2-ae9c-4754-9095-8c93aae9e6b7:c8, 02b9f8ce-4253-4591-af20-e5771c574668:c8]
2019-09-11 03:16:17,295 [grpc-default-executor-1] INFO  client.GrpcClientProtocolClient (GrpcClientProtocolClient.java:onNext(264)) - client-64EE3F930F86->12f94aba-1a41-4f36-aad5-fe218cdfc4f3: receive RaftClientReply:client-64EE3F930F86->12f94aba-1a41-4f36-aad5-fe218cdfc4f3@group-08832F9F56A9, cid=54, SUCCESS, logIndex=12, commits[12f94aba-1a41-4f36-aad5-fe218cdfc4f3:c12, fd8937d2-ae9c-4754-9095-8c93aae9e6b7:c8, 02b9f8ce-4253-4591-af20-e5771c574668:c8]
2019-09-11 03:16:17,339 [grpc-default-executor-1] INFO  client.GrpcClientProtocolClient (GrpcClientProtocolClient.java:onNext(264)) - client-64EE3F930F86->12f94aba-1a41-4f36-aad5-fe218cdfc4f3: receive RaftClientReply:client-64EE3F930F86->12f94aba-1a41-4f36-aad5-fe218cdfc4f3@group-08832F9F56A9, cid=55, SUCCESS, logIndex=0, commits[12f94aba-1a41-4f36-aad5-fe218cdfc4f3:c16, fd8937d2-ae9c-4754-9095-8c93aae9e6b7:c10, 02b9f8ce-4253-4591-af20-e5771c574668:c12]
2019-09-11 03:16:17,341 [grpc-default-executor-1] INFO  client.GrpcClientProtocolClient (GrpcClientProtocolClient.java:onNext(264)) - client-64EE3F930F86->12f94aba-1a41-4f36-aad5-fe218cdfc4f3: receive RaftClientReply:client-64EE3F930F86->12f94aba-1a41-4f36-aad5-fe218cdfc4f3@group-08832F9F56A9, cid=56, SUCCESS, logIndex=0, commits[12f94aba-1a41-4f36-aad5-fe218cdfc4f3:c16, fd8937d2-ae9c-4754-9095-8c93aae9e6b7:c12, 02b9f8ce-4253-4591-af20-e5771c574668:c12]
2019-09-11 03:16:17,355 [java.util.concurrent.ThreadPoolExecutor$Worker@6b06f8e5[State = -1, empty queue]] WARN  server.GrpcLogAppender (GrpcLogAppender.java:timeoutAppendRequest(200)) - 53d5fcb5-8117-4632-855b-8768bb6778f7@group-D5F610D5601A->4b2356e4-aaef-4a34-8176-0946a74a854c-GrpcLogAppender: appendEntries Timeout, request=53d5fcb5-8117-4632-855b-8768bb6778f7->4b2356e4-aaef-4a34-8176-0946a74a854c#102-t2, previous=(t:2, i:20), leaderCommit=16, initializing? false, entries: <empty>
2019-09-11 03:16:17,687 [java.util.concurrent.ThreadPoolExecutor$Worker@161c2cc8[State = -1, empty queue]] WARN  server.GrpcLogAppender (GrpcLogAppender.java:timeoutAppendRequest(200)) - 67340b07-f44b-4075-83dc-7a68839c1bb0@group-C308026E702E->8c88a939-76a6-48ec-b449-781feab56278-GrpcLogAppender: appendEntries Timeout, request=67340b07-f44b-4075-83dc-7a68839c1bb0->8c88a939-76a6-48ec-b449-781feab56278#102-t2, previous=(t:2, i:19), leaderCommit=15, initializing? false, entries: <empty>
2019-09-11 03:16:17,692 [grpc-default-executor-1] WARN  server.GrpcLogAppender (LogUtils.java:warn(134)) - 67340b07-f44b-4075-83dc-7a68839c1bb0@group-C308026E702E->06bedc96-d276-4186-804c-441da3383ef1-AppendLogResponseHandler: Failed appendEntries: org.apache.ratis.thirdparty.io.grpc.StatusRuntimeException: UNAVAILABLE: io exception
2019-09-11 03:16:17,696 [grpc-default-executor-1] INFO  impl.FollowerInfo (FollowerInfo.java:lambda$new$0(51)) - 67340b07-f44b-4075-83dc-7a68839c1bb0@group-C308026E702E->06bedc96-d276-4186-804c-441da3383ef1: nextIndex: updateUnconditionally 15 -> 14
2019-09-11 03:16:17,855 [java.util.concurrent.ThreadPoolExecutor$Worker@6b06f8e5[State = -1, empty queue]] WARN  server.GrpcLogAppender (GrpcLogAppender.java:timeoutAppendRequest(200)) - 53d5fcb5-8117-4632-855b-8768bb6778f7@group-D5F610D5601A->4b2356e4-aaef-4a34-8176-0946a74a854c-GrpcLogAppender: appendEntries Timeout, request=53d5fcb5-8117-4632-855b-8768bb6778f7->4b2356e4-aaef-4a34-8176-0946a74a854c#103-t2, previous=(t:2, i:20), leaderCommit=16, initializing? false, entries: <empty>
2019-09-11 03:16:18,187 [java.util.concurrent.ThreadPoolExecutor$Worker@161c2cc8[State = -1, empty queue]] WARN  server.GrpcLogAppender (GrpcLogAppender.java:timeoutAppendRequest(200)) - 67340b07-f44b-4075-83dc-7a68839c1bb0@group-C308026E702E->8c88a939-76a6-48ec-b449-781feab56278-GrpcLogAppender: appendEntries Timeout, request=67340b07-f44b-4075-83dc-7a68839c1bb0->8c88a939-76a6-48ec-b449-781feab56278#103-t2, previous=(t:2, i:19), leaderCommit=15, initializing? false, entries: <empty>
2019-09-11 03:16:18,192 [grpc-default-executor-0] WARN  server.GrpcLogAppender (LogUtils.java:warn(134)) - 67340b07-f44b-4075-83dc-7a68839c1bb0@group-C308026E702E->06bedc96-d276-4186-804c-441da3383ef1-AppendLogResponseHandler: Failed appendEntries: org.apache.ratis.thirdparty.io.grpc.StatusRuntimeException: UNAVAILABLE: io exception
2019-09-11 03:16:18,196 [grpc-default-executor-0] INFO  impl.FollowerInfo (FollowerInfo.java:lambda$new$0(51)) - 67340b07-f44b-4075-83dc-7a68839c1bb0@group-C308026E702E->06bedc96-d276-4186-804c-441da3383ef1: nextIndex: updateUnconditionally 14 -> 13
2019-09-11 03:16:18,356 [java.util.concurrent.ThreadPoolExecutor$Worker@6b06f8e5[State = -1, empty queue]] WARN  server.GrpcLogAppender (GrpcLogAppender.java:timeoutAppendRequest(200)) - 53d5fcb5-8117-4632-855b-8768bb6778f7@group-D5F610D5601A->4b2356e4-aaef-4a34-8176-0946a74a854c-GrpcLogAppender: appendEntries Timeout, request=53d5fcb5-8117-4632-855b-8768bb6778f7->4b2356e4-aaef-4a34-8176-0946a74a854c#104-t2, previous=(t:2, i:20), leaderCommit=16, initializing? false, entries: <empty>
2019-09-11 03:16:18,688 [java.util.concurrent.ThreadPoolExecutor$Worker@161c2cc8[State = -1, empty queue]] WARN  server.GrpcLogAppender (GrpcLogAppender.java:timeoutAppendRequest(200)) - 67340b07-f44b-4075-83dc-7a68839c1bb0@group-C308026E702E->8c88a939-76a6-48ec-b449-781feab56278-GrpcLogAppender: appendEntries Timeout, request=67340b07-f44b-4075-83dc-7a68839c1bb0->8c88a939-76a6-48ec-b449-781feab56278#104-t2, previous=(t:2, i:19), leaderCommit=15, initializing? false, entries: <empty>
2019-09-11 03:16:18,698 [grpc-default-executor-1] WARN  server.GrpcLogAppender (LogUtils.java:warn(134)) - 67340b07-f44b-4075-83dc-7a68839c1bb0@group-C308026E702E->06bedc96-d276-4186-804c-441da3383ef1-AppendLogResponseHandler: Failed appendEntries: org.apache.ratis.thirdparty.io.grpc.StatusRuntimeException: UNAVAILABLE: io exception
2019-09-11 03:16:18,702 [grpc-default-executor-1] INFO  impl.FollowerInfo (FollowerInfo.java:lambda$new$0(51)) - 67340b07-f44b-4075-83dc-7a68839c1bb0@group-C308026E702E->06bedc96-d276-4186-804c-441da3383ef1: nextIndex: updateUnconditionally 13 -> 12
2019-09-11 03:16:18,856 [java.util.concurrent.ThreadPoolExecutor$Worker@6b06f8e5[State = -1, empty queue]] WARN  server.GrpcLogAppender (GrpcLogAppender.java:timeoutAppendRequest(200)) - 53d5fcb5-8117-4632-855b-8768bb6778f7@group-D5F610D5601A->4b2356e4-aaef-4a34-8176-0946a74a854c-GrpcLogAppender: appendEntries Timeout, request=53d5fcb5-8117-4632-855b-8768bb6778f7->4b2356e4-aaef-4a34-8176-0946a74a854c#105-t2, previous=(t:2, i:20), leaderCommit=16, initializing? false, entries: <empty>
2019-09-11 03:16:19,188 [java.util.concurrent.ThreadPoolExecutor$Worker@161c2cc8[State = -1, empty queue]] WARN  server.GrpcLogAppender (GrpcLogAppender.java:timeoutAppendRequest(200)) - 67340b07-f44b-4075-83dc-7a68839c1bb0@group-C308026E702E->8c88a939-76a6-48ec-b449-781feab56278-GrpcLogAppender: appendEntries Timeout, request=67340b07-f44b-4075-83dc-7a68839c1bb0->8c88a939-76a6-48ec-b449-781feab56278#105-t2, previous=(t:2, i:19), leaderCommit=15, initializing? false, entries: <empty>
2019-09-11 03:16:19,194 [grpc-default-executor-0] WARN  server.GrpcLogAppender (LogUtils.java:warn(134)) - 67340b07-f44b-4075-83dc-7a68839c1bb0@group-C308026E702E->06bedc96-d276-4186-804c-441da3383ef1-AppendLogResponseHandler: Failed appendEntries: org.apache.ratis.thirdparty.io.grpc.StatusRuntimeException: UNAVAILABLE: io exception
2019-09-11 03:16:19,197 [grpc-default-executor-0] INFO  impl.FollowerInfo (FollowerInfo.java:lambda$new$0(51)) - 67340b07-f44b-4075-83dc-7a68839c1bb0@group-C308026E702E->06bedc96-d276-4186-804c-441da3383ef1: nextIndex: updateUnconditionally 12 -> 11
2019-09-11 03:16:19,356 [java.util.concurrent.ThreadPoolExecutor$Worker@6b06f8e5[State = -1, empty queue]] WARN  server.GrpcLogAppender (GrpcLogAppender.java:timeoutAppendRequest(200)) - 53d5fcb5-8117-4632-855b-8768bb6778f7@group-D5F610D5601A->4b2356e4-aaef-4a34-8176-0946a74a854c-GrpcLogAppender: appendEntries Timeout, request=53d5fcb5-8117-4632-855b-8768bb6778f7->4b2356e4-aaef-4a34-8176-0946a74a854c#106-t2, previous=(t:2, i:20), leaderCommit=16, initializing? false, entries: <empty>
2019-09-11 03:16:19,688 [java.util.concurrent.ThreadPoolExecutor$Worker@161c2cc8[State = -1, empty queue]] WARN  server.GrpcLogAppender (GrpcLogAppender.java:timeoutAppendRequest(200)) - 67340b07-f44b-4075-83dc-7a68839c1bb0@group-C308026E702E->8c88a939-76a6-48ec-b449-781feab56278-GrpcLogAppender: appendEntries Timeout, request=67340b07-f44b-4075-83dc-7a68839c1bb0->8c88a939-76a6-48ec-b449-781feab56278#106-t2, previous=(t:2, i:19), leaderCommit=15, initializing? false, entries: <empty>
2019-09-11 03:16:19,695 [grpc-default-executor-6] WARN  server.GrpcLogAppender (LogUtils.java:warn(134)) - 67340b07-f44b-4075-83dc-7a68839c1bb0@group-C308026E702E->06bedc96-d276-4186-804c-441da3383ef1-AppendLogResponseHandler: Failed appendEntries: org.apache.ratis.thirdparty.io.grpc.StatusRuntimeException: UNAVAILABLE: io exception
2019-09-11 03:16:19,702 [grpc-default-executor-6] INFO  impl.FollowerInfo (FollowerInfo.java:lambda$new$0(51)) - 67340b07-f44b-4075-83dc-7a68839c1bb0@group-C308026E702E->06bedc96-d276-4186-804c-441da3383ef1: nextIndex: updateUnconditionally 11 -> 10
2019-09-11 03:16:19,857 [java.util.concurrent.ThreadPoolExecutor$Worker@6b06f8e5[State = -1, empty queue]] WARN  server.GrpcLogAppender (GrpcLogAppender.java:timeoutAppendRequest(200)) - 53d5fcb5-8117-4632-855b-8768bb6778f7@group-D5F610D5601A->4b2356e4-aaef-4a34-8176-0946a74a854c-GrpcLogAppender: appendEntries Timeout, request=53d5fcb5-8117-4632-855b-8768bb6778f7->4b2356e4-aaef-4a34-8176-0946a74a854c#107-t2, previous=(t:2, i:20), leaderCommit=16, initializing? false, entries: <empty>
2019-09-11 03:16:20,189 [java.util.concurrent.ThreadPoolExecutor$Worker@161c2cc8[State = -1, empty queue]] WARN  server.GrpcLogAppender (GrpcLogAppender.java:timeoutAppendRequest(200)) - 67340b07-f44b-4075-83dc-7a68839c1bb0@group-C308026E702E->8c88a939-76a6-48ec-b449-781feab56278-GrpcLogAppender: appendEntries Timeout, request=67340b07-f44b-4075-83dc-7a68839c1bb0->8c88a939-76a6-48ec-b449-781feab56278#107-t2, previous=(t:2, i:19), leaderCommit=15, initializing? false, entries: <empty>
2019-09-11 03:16:20,197 [grpc-default-executor-0] WARN  server.GrpcLogAppender (LogUtils.java:warn(134)) - 67340b07-f44b-4075-83dc-7a68839c1bb0@group-C308026E702E->06bedc96-d276-4186-804c-441da3383ef1-AppendLogResponseHandler: Failed appendEntries: org.apache.ratis.thirdparty.io.grpc.StatusRuntimeException: UNAVAILABLE: io exception
2019-09-11 03:16:20,201 [grpc-default-executor-0] INFO  impl.FollowerInfo (FollowerInfo.java:lambda$new$0(51)) - 67340b07-f44b-4075-83dc-7a68839c1bb0@group-C308026E702E->06bedc96-d276-4186-804c-441da3383ef1: nextIndex: updateUnconditionally 10 -> 9
2019-09-11 03:16:20,357 [java.util.concurrent.ThreadPoolExecutor$Worker@6b06f8e5[State = -1, empty queue]] WARN  server.GrpcLogAppender (GrpcLogAppender.java:timeoutAppendRequest(200)) - 53d5fcb5-8117-4632-855b-8768bb6778f7@group-D5F610D5601A->4b2356e4-aaef-4a34-8176-0946a74a854c-GrpcLogAppender: appendEntries Timeout, request=53d5fcb5-8117-4632-855b-8768bb6778f7->4b2356e4-aaef-4a34-8176-0946a74a854c#108-t2, previous=(t:2, i:20), leaderCommit=16, initializing? false, entries: <empty>
2019-09-11 03:16:20,361 [java.util.concurrent.ThreadPoolExecutor$Worker@635f4f78[State = -1, empty queue]] WARN  server.GrpcLogAppender (GrpcLogAppender.java:timeoutAppendRequest(200)) - 12f94aba-1a41-4f36-aad5-fe218cdfc4f3@group-08832F9F56A9->fd8937d2-ae9c-4754-9095-8c93aae9e6b7-GrpcLogAppender: appendEntries Timeout, request=12f94aba-1a41-4f36-aad5-fe218cdfc4f3->fd8937d2-ae9c-4754-9095-8c93aae9e6b7#104-t2, previous=(t:2, i:16), leaderCommit=16, initializing? false, entries: size=1, first=(t:2, i:17), STATEMACHINELOGENTRY, client-64EE3F930F86, cid=57
2019-09-11 03:16:20,361 [java.util.concurrent.ThreadPoolExecutor$Worker@3181497b[State = -1, empty queue]] WARN  server.GrpcLogAppender (GrpcLogAppender.java:timeoutAppendRequest(200)) - 12f94aba-1a41-4f36-aad5-fe218cdfc4f3@group-08832F9F56A9->02b9f8ce-4253-4591-af20-e5771c574668-GrpcLogAppender: appendEntries Timeout, request=12f94aba-1a41-4f36-aad5-fe218cdfc4f3->02b9f8ce-4253-4591-af20-e5771c574668#104-t2, previous=(t:2, i:16), leaderCommit=16, initializing? false, entries: size=1, first=(t:2, i:17), STATEMACHINELOGENTRY, client-64EE3F930F86, cid=57
2019-09-11 03:16:20,361 [java.util.concurrent.ThreadPoolExecutor$Worker@635f4f78[State = -1, empty queue]] WARN  server.GrpcLogAppender (GrpcLogAppender.java:timeoutAppendRequest(200)) - 12f94aba-1a41-4f36-aad5-fe218cdfc4f3@group-08832F9F56A9->fd8937d2-ae9c-4754-9095-8c93aae9e6b7-GrpcLogAppender: appendEntries Timeout, request=12f94aba-1a41-4f36-aad5-fe218cdfc4f3->fd8937d2-ae9c-4754-9095-8c93aae9e6b7#105-t2, previous=(t:2, i:17), leaderCommit=16, initializing? false, entries: size=1, first=(t:2, i:18), STATEMACHINELOGENTRY, client-64EE3F930F86, cid=58
2019-09-11 03:16:20,365 [java.util.concurrent.ThreadPoolExecutor$Worker@3181497b[State = -1, empty queue]] WARN  server.GrpcLogAppender (GrpcLogAppender.java:timeoutAppendRequest(200)) - 12f94aba-1a41-4f36-aad5-fe218cdfc4f3@group-08832F9F56A9->02b9f8ce-4253-4591-af20-e5771c574668-GrpcLogAppender: appendEntries Timeout, request=12f94aba-1a41-4f36-aad5-fe218cdfc4f3->02b9f8ce-4253-4591-af20-e5771c574668#105-t2, previous=(t:2, i:17), leaderCommit=16, initializing? false, entries: size=1, first=(t:2, i:18), STATEMACHINELOGENTRY, client-64EE3F930F86, cid=58
2019-09-11 03:16:20,366 [java.util.concurrent.ThreadPoolExecutor$Worker@635f4f78[State = -1, empty queue]] WARN  server.GrpcLogAppender (GrpcLogAppender.java:timeoutAppendRequest(200)) - 12f94aba-1a41-4f36-aad5-fe218cdfc4f3@group-08832F9F56A9->fd8937d2-ae9c-4754-9095-8c93aae9e6b7-GrpcLogAppender: appendEntries Timeout, request=12f94aba-1a41-4f36-aad5-fe218cdfc4f3->fd8937d2-ae9c-4754-9095-8c93aae9e6b7#106-t2, previous=(t:2, i:18), leaderCommit=16, initializing? false, entries: size=1, first=(t:2, i:19), STATEMACHINELOGENTRY, client-64EE3F930F86, cid=59
2019-09-11 03:16:20,369 [java.util.concurrent.ThreadPoolExecutor$Worker@3181497b[State = -1, empty queue]] WARN  server.GrpcLogAppender (GrpcLogAppender.java:timeoutAppendRequest(200)) - 12f94aba-1a41-4f36-aad5-fe218cdfc4f3@group-08832F9F56A9->02b9f8ce-4253-4591-af20-e5771c574668-GrpcLogAppender: appendEntries Timeout, request=12f94aba-1a41-4f36-aad5-fe218cdfc4f3->02b9f8ce-4253-4591-af20-e5771c574668#106-t2, previous=(t:2, i:18), leaderCommit=16, initializing? false, entries: size=1, first=(t:2, i:19), STATEMACHINELOGENTRY, client-64EE3F930F86, cid=59
2019-09-11 03:16:20,372 [java.util.concurrent.ThreadPoolExecutor$Worker@635f4f78[State = -1, empty queue]] WARN  server.GrpcLogAppender (GrpcLogAppender.java:timeoutAppendRequest(200)) - 12f94aba-1a41-4f36-aad5-fe218cdfc4f3@group-08832F9F56A9->fd8937d2-ae9c-4754-9095-8c93aae9e6b7-GrpcLogAppender: appendEntries Timeout, request=12f94aba-1a41-4f36-aad5-fe218cdfc4f3->fd8937d2-ae9c-4754-9095-8c93aae9e6b7#107-t2, previous=(t:2, i:19), leaderCommit=16, initializing? false, entries: size=1, first=(t:2, i:20), STATEMACHINELOGENTRY, client-64EE3F930F86, cid=60
2019-09-11 03:16:20,376 [java.util.concurrent.ThreadPoolExecutor$Worker@3181497b[State = -1, empty queue]] WARN  server.GrpcLogAppender (GrpcLogAppender.java:timeoutAppendRequest(200)) - 12f94aba-1a41-4f36-aad5-fe218cdfc4f3@group-08832F9F56A9->02b9f8ce-4253-4591-af20-e5771c574668-GrpcLogAppender: appendEntries Timeout, request=12f94aba-1a41-4f36-aad5-fe218cdfc4f3->02b9f8ce-4253-4591-af20-e5771c574668#107-t2, previous=(t:2, i:19), leaderCommit=16, initializing? false, entries: size=1, first=(t:2, i:20), STATEMACHINELOGENTRY, client-64EE3F930F86, cid=60
2019-09-11 03:16:20,689 [java.util.concurrent.ThreadPoolExecutor$Worker@161c2cc8[State = -1, empty queue]] WARN  server.GrpcLogAppender (GrpcLogAppender.java:timeoutAppendRequest(200)) - 67340b07-f44b-4075-83dc-7a68839c1bb0@group-C308026E702E->8c88a939-76a6-48ec-b449-781feab56278-GrpcLogAppender: appendEntries Timeout, request=67340b07-f44b-4075-83dc-7a68839c1bb0->8c88a939-76a6-48ec-b449-781feab56278#108-t2, previous=(t:2, i:19), leaderCommit=15, initializing? false, entries: <empty>
2019-09-11 03:16:20,698 [grpc-default-executor-6] WARN  server.GrpcLogAppender (LogUtils.java:warn(134)) - 67340b07-f44b-4075-83dc-7a68839c1bb0@group-C308026E702E->06bedc96-d276-4186-804c-441da3383ef1-AppendLogResponseHandler: Failed appendEntries: org.apache.ratis.thirdparty.io.grpc.StatusRuntimeException: UNAVAILABLE: io exception
2019-09-11 03:16:20,702 [grpc-default-executor-6] INFO  impl.FollowerInfo (FollowerInfo.java:lambda$new$0(51)) - 67340b07-f44b-4075-83dc-7a68839c1bb0@group-C308026E702E->06bedc96-d276-4186-804c-441da3383ef1: nextIndex: updateUnconditionally 9 -> 8
2019-09-11 03:16:20,857 [java.util.concurrent.ThreadPoolExecutor$Worker@6b06f8e5[State = -1, empty queue]] WARN  server.GrpcLogAppender (GrpcLogAppender.java:timeoutAppendRequest(200)) - 53d5fcb5-8117-4632-855b-8768bb6778f7@group-D5F610D5601A->4b2356e4-aaef-4a34-8176-0946a74a854c-GrpcLogAppender: appendEntries Timeout, request=53d5fcb5-8117-4632-855b-8768bb6778f7->4b2356e4-aaef-4a34-8176-0946a74a854c#109-t2, previous=(t:2, i:20), leaderCommit=16, initializing? false, entries: <empty>
2019-09-11 03:16:20,866 [java.util.concurrent.ThreadPoolExecutor$Worker@635f4f78[State = -1, empty queue]] WARN  server.GrpcLogAppender (GrpcLogAppender.java:timeoutAppendRequest(200)) - 12f94aba-1a41-4f36-aad5-fe218cdfc4f3@group-08832F9F56A9->fd8937d2-ae9c-4754-9095-8c93aae9e6b7-GrpcLogAppender: appendEntries Timeout, request=12f94aba-1a41-4f36-aad5-fe218cdfc4f3->fd8937d2-ae9c-4754-9095-8c93aae9e6b7#108-t2, previous=(t:2, i:20), leaderCommit=16, initializing? false, entries: <empty>
2019-09-11 03:16:20,866 [java.util.concurrent.ThreadPoolExecutor$Worker@3181497b[State = -1, empty queue]] WARN  server.GrpcLogAppender (GrpcLogAppender.java:timeoutAppendRequest(200)) - 12f94aba-1a41-4f36-aad5-fe218cdfc4f3@group-08832F9F56A9->02b9f8ce-4253-4591-af20-e5771c574668-GrpcLogAppender: appendEntries Timeout, request=12f94aba-1a41-4f36-aad5-fe218cdfc4f3->02b9f8ce-4253-4591-af20-e5771c574668#108-t2, previous=(t:2, i:20), leaderCommit=16, initializing? false, entries: <empty>
2019-09-11 03:16:21,189 [java.util.concurrent.ThreadPoolExecutor$Worker@161c2cc8[State = -1, empty queue]] WARN  server.GrpcLogAppender (GrpcLogAppender.java:timeoutAppendRequest(200)) - 67340b07-f44b-4075-83dc-7a68839c1bb0@group-C308026E702E->8c88a939-76a6-48ec-b449-781feab56278-GrpcLogAppender: appendEntries Timeout, request=67340b07-f44b-4075-83dc-7a68839c1bb0->8c88a939-76a6-48ec-b449-781feab56278#109-t2, previous=(t:2, i:19), leaderCommit=15, initializing? false, entries: <empty>
2019-09-11 03:16:21,199 [grpc-default-executor-1] WARN  server.GrpcLogAppender (LogUtils.java:warn(134)) - 67340b07-f44b-4075-83dc-7a68839c1bb0@group-C308026E702E->06bedc96-d276-4186-804c-441da3383ef1-AppendLogResponseHandler: Failed appendEntries: org.apache.ratis.thirdparty.io.grpc.StatusRuntimeException: UNAVAILABLE: io exception
2019-09-11 03:16:21,203 [grpc-default-executor-1] INFO  impl.FollowerInfo (FollowerInfo.java:lambda$new$0(51)) - 67340b07-f44b-4075-83dc-7a68839c1bb0@group-C308026E702E->06bedc96-d276-4186-804c-441da3383ef1: nextIndex: updateUnconditionally 8 -> 7
2019-09-11 03:16:21,357 [java.util.concurrent.ThreadPoolExecutor$Worker@6b06f8e5[State = -1, empty queue]] WARN  server.GrpcLogAppender (GrpcLogAppender.java:timeoutAppendRequest(200)) - 53d5fcb5-8117-4632-855b-8768bb6778f7@group-D5F610D5601A->4b2356e4-aaef-4a34-8176-0946a74a854c-GrpcLogAppender: appendEntries Timeout, request=53d5fcb5-8117-4632-855b-8768bb6778f7->4b2356e4-aaef-4a34-8176-0946a74a854c#110-t2, previous=(t:2, i:20), leaderCommit=16, initializing? false, entries: <empty>
2019-09-11 03:16:21,366 [java.util.concurrent.ThreadPoolExecutor$Worker@635f4f78[State = -1, empty queue]] WARN  server.GrpcLogAppender (GrpcLogAppender.java:timeoutAppendRequest(200)) - 12f94aba-1a41-4f36-aad5-fe218cdfc4f3@group-08832F9F56A9->fd8937d2-ae9c-4754-9095-8c93aae9e6b7-GrpcLogAppender: appendEntries Timeout, request=12f94aba-1a41-4f36-aad5-fe218cdfc4f3->fd8937d2-ae9c-4754-9095-8c93aae9e6b7#109-t2, previous=(t:2, i:20), leaderCommit=16, initializing? false, entries: <empty>
2019-09-11 03:16:21,366 [java.util.concurrent.ThreadPoolExecutor$Worker@3181497b[State = -1, empty queue]] WARN  server.GrpcLogAppender (GrpcLogAppender.java:timeoutAppendRequest(200)) - 12f94aba-1a41-4f36-aad5-fe218cdfc4f3@group-08832F9F56A9->02b9f8ce-4253-4591-af20-e5771c574668-GrpcLogAppender: appendEntries Timeout, request=12f94aba-1a41-4f36-aad5-fe218cdfc4f3->02b9f8ce-4253-4591-af20-e5771c574668#109-t2, previous=(t:2, i:20), leaderCommit=16, initializing? false, entries: <empty>
2019-09-11 03:16:21,689 [java.util.concurrent.ThreadPoolExecutor$Worker@161c2cc8[State = -1, empty queue]] WARN  server.GrpcLogAppender (GrpcLogAppender.java:timeoutAppendRequest(200)) - 67340b07-f44b-4075-83dc-7a68839c1bb0@group-C308026E702E->8c88a939-76a6-48ec-b449-781feab56278-GrpcLogAppender: appendEntries Timeout, request=67340b07-f44b-4075-83dc-7a68839c1bb0->8c88a939-76a6-48ec-b449-781feab56278#110-t2, previous=(t:2, i:19), leaderCommit=15, initializing? false, entries: <empty>
2019-09-11 03:16:21,700 [grpc-default-executor-0] WARN  server.GrpcLogAppender (LogUtils.java:warn(134)) - 67340b07-f44b-4075-83dc-7a68839c1bb0@group-C308026E702E->06bedc96-d276-4186-804c-441da3383ef1-AppendLogResponseHandler: Failed appendEntries: org.apache.ratis.thirdparty.io.grpc.StatusRuntimeException: UNAVAILABLE: io exception
2019-09-11 03:16:21,704 [grpc-default-executor-0] INFO  impl.FollowerInfo (FollowerInfo.java:lambda$new$0(51)) - 67340b07-f44b-4075-83dc-7a68839c1bb0@group-C308026E702E->06bedc96-d276-4186-804c-441da3383ef1: nextIndex: updateUnconditionally 7 -> 6
2019-09-11 03:16:21,858 [java.util.concurrent.ThreadPoolExecutor$Worker@6b06f8e5[State = -1, empty queue]] WARN  server.GrpcLogAppender (GrpcLogAppender.java:timeoutAppendRequest(200)) - 53d5fcb5-8117-4632-855b-8768bb6778f7@group-D5F610D5601A->4b2356e4-aaef-4a34-8176-0946a74a854c-GrpcLogAppender: appendEntries Timeout, request=53d5fcb5-8117-4632-855b-8768bb6778f7->4b2356e4-aaef-4a34-8176-0946a74a854c#111-t2, previous=(t:2, i:20), leaderCommit=16, initializing? false, entries: <empty>
2019-09-11 03:16:21,867 [java.util.concurrent.ThreadPoolExecutor$Worker@635f4f78[State = -1, empty queue]] WARN  server.GrpcLogAppender (GrpcLogAppender.java:timeoutAppendRequest(200)) - 12f94aba-1a41-4f36-aad5-fe218cdfc4f3@group-08832F9F56A9->fd8937d2-ae9c-4754-9095-8c93aae9e6b7-GrpcLogAppender: appendEntries Timeout, request=12f94aba-1a41-4f36-aad5-fe218cdfc4f3->fd8937d2-ae9c-4754-9095-8c93aae9e6b7#110-t2, previous=(t:2, i:20), leaderCommit=16, initializing? false, entries: <empty>
2019-09-11 03:16:21,867 [java.util.concurrent.ThreadPoolExecutor$Worker@3181497b[State = -1, empty queue]] WARN  server.GrpcLogAppender (GrpcLogAppender.java:timeoutAppendRequest(200)) - 12f94aba-1a41-4f36-aad5-fe218cdfc4f3@group-08832F9F56A9->02b9f8ce-4253-4591-af20-e5771c574668-GrpcLogAppender: appendEntries Timeout, request=12f94aba-1a41-4f36-aad5-fe218cdfc4f3->02b9f8ce-4253-4591-af20-e5771c574668#110-t2, previous=(t:2, i:20), leaderCommit=16, initializing? false, entries: <empty>
2019-09-11 03:16:22,190 [java.util.concurrent.ThreadPoolExecutor$Worker@161c2cc8[State = -1, empty queue]] WARN  server.GrpcLogAppender (GrpcLogAppender.java:timeoutAppendRequest(200)) - 67340b07-f44b-4075-83dc-7a68839c1bb0@group-C308026E702E->8c88a939-76a6-48ec-b449-781feab56278-GrpcLogAppender: appendEntries Timeout, request=67340b07-f44b-4075-83dc-7a68839c1bb0->8c88a939-76a6-48ec-b449-781feab56278#111-t2, previous=(t:2, i:19), leaderCommit=15, initializing? false, entries: <empty>
2019-09-11 03:16:22,201 [grpc-default-executor-1] WARN  server.GrpcLogAppender (LogUtils.java:warn(134)) - 67340b07-f44b-4075-83dc-7a68839c1bb0@group-C308026E702E->06bedc96-d276-4186-804c-441da3383ef1-AppendLogResponseHandler: Failed appendEntries: org.apache.ratis.thirdparty.io.grpc.StatusRuntimeException: UNAVAILABLE: io exception
2019-09-11 03:16:22,204 [grpc-default-executor-1] INFO  impl.FollowerInfo (FollowerInfo.java:lambda$new$0(51)) - 67340b07-f44b-4075-83dc-7a68839c1bb0@group-C308026E702E->06bedc96-d276-4186-804c-441da3383ef1: nextIndex: updateUnconditionally 6 -> 5
2019-09-11 03:16:22,358 [java.util.concurrent.ThreadPoolExecutor$Worker@6b06f8e5[State = -1, empty queue]] WARN  server.GrpcLogAppender (GrpcLogAppender.java:timeoutAppendRequest(200)) - 53d5fcb5-8117-4632-855b-8768bb6778f7@group-D5F610D5601A->4b2356e4-aaef-4a34-8176-0946a74a854c-GrpcLogAppender: appendEntries Timeout, request=53d5fcb5-8117-4632-855b-8768bb6778f7->4b2356e4-aaef-4a34-8176-0946a74a854c#112-t2, previous=(t:2, i:20), leaderCommit=16, initializing? false, entries: <empty>
2019-09-11 03:16:22,367 [java.util.concurrent.ThreadPoolExecutor$Worker@635f4f78[State = -1, empty queue]] WARN  server.GrpcLogAppender (GrpcLogAppender.java:timeoutAppendRequest(200)) - 12f94aba-1a41-4f36-aad5-fe218cdfc4f3@group-08832F9F56A9->fd8937d2-ae9c-4754-9095-8c93aae9e6b7-GrpcLogAppender: appendEntries Timeout, request=12f94aba-1a41-4f36-aad5-fe218cdfc4f3->fd8937d2-ae9c-4754-9095-8c93aae9e6b7#111-t2, previous=(t:2, i:20), leaderCommit=16, initializing? false, entries: <empty>
2019-09-11 03:16:22,367 [java.util.concurrent.ThreadPoolExecutor$Worker@3181497b[State = -1, empty queue]] WARN  server.GrpcLogAppender (GrpcLogAppender.java:timeoutAppendRequest(200)) - 12f94aba-1a41-4f36-aad5-fe218cdfc4f3@group-08832F9F56A9->02b9f8ce-4253-4591-af20-e5771c574668-GrpcLogAppender: appendEntries Timeout, request=12f94aba-1a41-4f36-aad5-fe218cdfc4f3->02b9f8ce-4253-4591-af20-e5771c574668#111-t2, previous=(t:2, i:20), leaderCommit=16, initializing? false, entries: <empty>
2019-09-11 03:16:22,391 [grpc-default-executor-6] INFO  client.GrpcClientProtocolClient (GrpcClientProtocolClient.java:onNext(264)) - client-64EE3F930F86->02b9f8ce-4253-4591-af20-e5771c574668: receive RaftClientReply:client-64EE3F930F86->02b9f8ce-4253-4591-af20-e5771c574668@group-08832F9F56A9, cid=57, FAILED org.apache.ratis.protocol.NotLeaderException: Server 02b9f8ce-4253-4591-af20-e5771c574668@group-08832F9F56A9 is not the leader 12f94aba-1a41-4f36-aad5-fe218cdfc4f3:192.168.34.53:41482, logIndex=0, commits[02b9f8ce-4253-4591-af20-e5771c574668:c16, fd8937d2-ae9c-4754-9095-8c93aae9e6b7:c12, 12f94aba-1a41-4f36-aad5-fe218cdfc4f3:c16]
2019-09-11 03:16:22,690 [java.util.concurrent.ThreadPoolExecutor$Worker@161c2cc8[State = -1, empty queue]] WARN  server.GrpcLogAppender (GrpcLogAppender.java:timeoutAppendRequest(200)) - 67340b07-f44b-4075-83dc-7a68839c1bb0@group-C308026E702E->8c88a939-76a6-48ec-b449-781feab56278-GrpcLogAppender: appendEntries Timeout, request=67340b07-f44b-4075-83dc-7a68839c1bb0->8c88a939-76a6-48ec-b449-781feab56278#112-t2, previous=(t:2, i:19), leaderCommit=15, initializing? false, entries: <empty>
2019-09-11 03:16:22,701 [grpc-default-executor-6] WARN  server.GrpcLogAppender (LogUtils.java:warn(134)) - 67340b07-f44b-4075-83dc-7a68839c1bb0@group-C308026E702E->06bedc96-d276-4186-804c-441da3383ef1-AppendLogResponseHandler: Failed appendEntries: org.apache.ratis.thirdparty.io.grpc.StatusRuntimeException: UNAVAILABLE: io exception
2019-09-11 03:16:22,708 [grpc-default-executor-6] INFO  impl.FollowerInfo (FollowerInfo.java:lambda$new$0(51)) - 67340b07-f44b-4075-83dc-7a68839c1bb0@group-C308026E702E->06bedc96-d276-4186-804c-441da3383ef1: nextIndex: updateUnconditionally 5 -> 4
2019-09-11 03:16:22,858 [java.util.concurrent.ThreadPoolExecutor$Worker@6b06f8e5[State = -1, empty queue]] WARN  server.GrpcLogAppender (GrpcLogAppender.java:timeoutAppendRequest(200)) - 53d5fcb5-8117-4632-855b-8768bb6778f7@group-D5F610D5601A->4b2356e4-aaef-4a34-8176-0946a74a854c-GrpcLogAppender: appendEntries Timeout, request=53d5fcb5-8117-4632-855b-8768bb6778f7->4b2356e4-aaef-4a34-8176-0946a74a854c#113-t2, previous=(t:2, i:20), leaderCommit=16, initializing? false, entries: <empty>
2019-09-11 03:16:22,867 [java.util.concurrent.ThreadPoolExecutor$Worker@3181497b[State = -1, empty queue]] WARN  server.GrpcLogAppender (GrpcLogAppender.java:timeoutAppendRequest(200)) - 12f94aba-1a41-4f36-aad5-fe218cdfc4f3@group-08832F9F56A9->02b9f8ce-4253-4591-af20-e5771c574668-GrpcLogAppender: appendEntries Timeout, request=12f94aba-1a41-4f36-aad5-fe218cdfc4f3->02b9f8ce-4253-4591-af20-e5771c574668#112-t2, previous=(t:2, i:20), leaderCommit=16, initializing? false, entries: <empty>
2019-09-11 03:16:22,867 [java.util.concurrent.ThreadPoolExecutor$Worker@635f4f78[State = -1, empty queue]] WARN  server.GrpcLogAppender (GrpcLogAppender.java:timeoutAppendRequest(200)) - 12f94aba-1a41-4f36-aad5-fe218cdfc4f3@group-08832F9F56A9->fd8937d2-ae9c-4754-9095-8c93aae9e6b7-GrpcLogAppender: appendEntries Timeout, request=12f94aba-1a41-4f36-aad5-fe218cdfc4f3->fd8937d2-ae9c-4754-9095-8c93aae9e6b7#112-t2, previous=(t:2, i:20), leaderCommit=16, initializing? false, entries: <empty>
2019-09-11 03:16:23,190 [java.util.concurrent.ThreadPoolExecutor$Worker@161c2cc8[State = -1, empty queue]] WARN  server.GrpcLogAppender (GrpcLogAppender.java:timeoutAppendRequest(200)) - 67340b07-f44b-4075-83dc-7a68839c1bb0@group-C308026E702E->8c88a939-76a6-48ec-b449-781feab56278-GrpcLogAppender: appendEntries Timeout, request=67340b07-f44b-4075-83dc-7a68839c1bb0->8c88a939-76a6-48ec-b449-781feab56278#113-t2, previous=(t:2, i:19), leaderCommit=15, initializing? false, entries: <empty>
2019-09-11 03:16:23,202 [grpc-default-executor-1] WARN  server.GrpcLogAppender (LogUtils.java:warn(134)) - 67340b07-f44b-4075-83dc-7a68839c1bb0@group-C308026E702E->06bedc96-d276-4186-804c-441da3383ef1-AppendLogResponseHandler: Failed appendEntries: org.apache.ratis.thirdparty.io.grpc.StatusRuntimeException: UNAVAILABLE: io exception
2019-09-11 03:16:23,205 [grpc-default-executor-1] INFO  impl.FollowerInfo (FollowerInfo.java:lambda$new$0(51)) - 67340b07-f44b-4075-83dc-7a68839c1bb0@group-C308026E702E->06bedc96-d276-4186-804c-441da3383ef1: nextIndex: updateUnconditionally 4 -> 3
2019-09-11 03:16:23,333 [53d5fcb5-8117-4632-855b-8768bb6778f7@group-D5F610D5601A-SegmentedRaftLogWorker] WARN  segmented.SegmentedRaftLogWorker (SegmentedRaftLogWorker.java:getFromFuture(90)) - Timeout 2/~
org.apache.ratis.protocol.TimeoutIOException: Timeout 10s: WriteLog:17: (t:2, i:17), STATEMACHINELOGENTRY, client-84CCB07DAE59, cid=43-writeStateMachineData
	at org.apache.ratis.util.IOUtils.getFromFuture(IOUtils.java:87)
	at org.apache.ratis.server.raftlog.segmented.SegmentedRaftLogWorker$StateMachineDataPolicy.getFromFuture(SegmentedRaftLogWorker.java:87)
	at org.apache.ratis.server.raftlog.segmented.SegmentedRaftLogWorker$WriteLog.execute(SegmentedRaftLogWorker.java:477)
	at org.apache.ratis.server.raftlog.segmented.SegmentedRaftLogWorker.run(SegmentedRaftLogWorker.java:289)
	at java.lang.Thread.run(Thread.java:748)
Caused by: java.util.concurrent.TimeoutException
	at java.util.concurrent.CompletableFuture.timedGet(CompletableFuture.java:1771)
	at java.util.concurrent.CompletableFuture.get(CompletableFuture.java:1915)
	at org.apache.ratis.util.IOUtils.getFromFuture(IOUtils.java:79)
	... 4 more
2019-09-11 03:16:23,345 [4b2356e4-aaef-4a34-8176-0946a74a854c@group-D5F610D5601A-SegmentedRaftLogWorker] WARN  segmented.SegmentedRaftLogWorker (SegmentedRaftLogWorker.java:getFromFuture(90)) - Timeout 2/~
org.apache.ratis.protocol.TimeoutIOException: Timeout 10s: WriteLog:17: (t:2, i:17), STATEMACHINELOGENTRY, client-84CCB07DAE59, cid=43-writeStateMachineData
	at org.apache.ratis.util.IOUtils.getFromFuture(IOUtils.java:87)
	at org.apache.ratis.server.raftlog.segmented.SegmentedRaftLogWorker$StateMachineDataPolicy.getFromFuture(SegmentedRaftLogWorker.java:87)
	at org.apache.ratis.server.raftlog.segmented.SegmentedRaftLogWorker$WriteLog.execute(SegmentedRaftLogWorker.java:477)
	at org.apache.ratis.server.raftlog.segmented.SegmentedRaftLogWorker.run(SegmentedRaftLogWorker.java:289)
	at java.lang.Thread.run(Thread.java:748)
Caused by: java.util.concurrent.TimeoutException
	at java.util.concurrent.CompletableFuture.timedGet(CompletableFuture.java:1771)
	at java.util.concurrent.CompletableFuture.get(CompletableFuture.java:1915)
	at org.apache.ratis.util.IOUtils.getFromFuture(IOUtils.java:79)
	... 4 more
2019-09-11 03:16:23,359 [java.util.concurrent.ThreadPoolExecutor$Worker@6b06f8e5[State = -1, empty queue]] WARN  server.GrpcLogAppender (GrpcLogAppender.java:timeoutAppendRequest(200)) - 53d5fcb5-8117-4632-855b-8768bb6778f7@group-D5F610D5601A->4b2356e4-aaef-4a34-8176-0946a74a854c-GrpcLogAppender: appendEntries Timeout, request=53d5fcb5-8117-4632-855b-8768bb6778f7->4b2356e4-aaef-4a34-8176-0946a74a854c#114-t2, previous=(t:2, i:20), leaderCommit=16, initializing? false, entries: <empty>
2019-09-11 03:16:23,370 [java.util.concurrent.ThreadPoolExecutor$Worker@635f4f78[State = -1, empty queue]] WARN  server.GrpcLogAppender (GrpcLogAppender.java:timeoutAppendRequest(200)) - 12f94aba-1a41-4f36-aad5-fe218cdfc4f3@group-08832F9F56A9->fd8937d2-ae9c-4754-9095-8c93aae9e6b7-GrpcLogAppender: appendEntries Timeout, request=12f94aba-1a41-4f36-aad5-fe218cdfc4f3->fd8937d2-ae9c-4754-9095-8c93aae9e6b7#113-t2, previous=(t:2, i:20), leaderCommit=16, initializing? false, entries: <empty>
2019-09-11 03:16:23,370 [java.util.concurrent.ThreadPoolExecutor$Worker@3181497b[State = -1, empty queue]] WARN  server.GrpcLogAppender (GrpcLogAppender.java:timeoutAppendRequest(200)) - 12f94aba-1a41-4f36-aad5-fe218cdfc4f3@group-08832F9F56A9->02b9f8ce-4253-4591-af20-e5771c574668-GrpcLogAppender: appendEntries Timeout, request=12f94aba-1a41-4f36-aad5-fe218cdfc4f3->02b9f8ce-4253-4591-af20-e5771c574668#113-t2, previous=(t:2, i:20), leaderCommit=16, initializing? false, entries: <empty>
2019-09-11 03:16:23,693 [java.util.concurrent.ThreadPoolExecutor$Worker@161c2cc8[State = -1, empty queue]] WARN  server.GrpcLogAppender (GrpcLogAppender.java:timeoutAppendRequest(200)) - 67340b07-f44b-4075-83dc-7a68839c1bb0@group-C308026E702E->8c88a939-76a6-48ec-b449-781feab56278-GrpcLogAppender: appendEntries Timeout, request=67340b07-f44b-4075-83dc-7a68839c1bb0->8c88a939-76a6-48ec-b449-781feab56278#114-t2, previous=(t:2, i:19), leaderCommit=15, initializing? false, entries: <empty>
2019-09-11 03:16:23,703 [grpc-default-executor-6] WARN  server.GrpcLogAppender (LogUtils.java:warn(134)) - 67340b07-f44b-4075-83dc-7a68839c1bb0@group-C308026E702E->06bedc96-d276-4186-804c-441da3383ef1-AppendLogResponseHandler: Failed appendEntries: org.apache.ratis.thirdparty.io.grpc.StatusRuntimeException: UNAVAILABLE: io exception
2019-09-11 03:16:23,710 [grpc-default-executor-6] INFO  impl.FollowerInfo (FollowerInfo.java:lambda$new$0(51)) - 67340b07-f44b-4075-83dc-7a68839c1bb0@group-C308026E702E->06bedc96-d276-4186-804c-441da3383ef1: nextIndex: updateUnconditionally 3 -> 2
2019-09-11 03:16:23,715 [8c88a939-76a6-48ec-b449-781feab56278@group-C308026E702E-SegmentedRaftLogWorker] WARN  segmented.SegmentedRaftLogWorker (SegmentedRaftLogWorker.java:getFromFuture(90)) - Timeout 4/~
org.apache.ratis.protocol.TimeoutIOException: Timeout 10s: WriteLog:18: (t:2, i:18), STATEMACHINELOGENTRY, client-133138C33850, cid=31-writeStateMachineData
	at org.apache.ratis.util.IOUtils.getFromFuture(IOUtils.java:87)
	at org.apache.ratis.server.raftlog.segmented.SegmentedRaftLogWorker$StateMachineDataPolicy.getFromFuture(SegmentedRaftLogWorker.java:87)
	at org.apache.ratis.server.raftlog.segmented.SegmentedRaftLogWorker$WriteLog.execute(SegmentedRaftLogWorker.java:477)
	at org.apache.ratis.server.raftlog.segmented.SegmentedRaftLogWorker.run(SegmentedRaftLogWorker.java:289)
	at java.lang.Thread.run(Thread.java:748)
Caused by: java.util.concurrent.TimeoutException
	at java.util.concurrent.CompletableFuture.timedGet(CompletableFuture.java:1771)
	at java.util.concurrent.CompletableFuture.get(CompletableFuture.java:1915)
	at org.apache.ratis.util.IOUtils.getFromFuture(IOUtils.java:79)
	... 4 more
2019-09-11 03:16:23,742 [67340b07-f44b-4075-83dc-7a68839c1bb0@group-C308026E702E-SegmentedRaftLogWorker] WARN  segmented.SegmentedRaftLogWorker (SegmentedRaftLogWorker.java:getFromFuture(90)) - Timeout 4/~
org.apache.ratis.protocol.TimeoutIOException: Timeout 10s: WriteLog:18: (t:2, i:18), STATEMACHINELOGENTRY, client-133138C33850, cid=31-writeStateMachineData
	at org.apache.ratis.util.IOUtils.getFromFuture(IOUtils.java:87)
	at org.apache.ratis.server.raftlog.segmented.SegmentedRaftLogWorker$StateMachineDataPolicy.getFromFuture(SegmentedRaftLogWorker.java:87)
	at org.apache.ratis.server.raftlog.segmented.SegmentedRaftLogWorker$WriteLog.execute(SegmentedRaftLogWorker.java:477)
	at org.apache.ratis.server.raftlog.segmented.SegmentedRaftLogWorker.run(SegmentedRaftLogWorker.java:289)
	at java.lang.Thread.run(Thread.java:748)
Caused by: java.util.concurrent.TimeoutException
	at java.util.concurrent.CompletableFuture.timedGet(CompletableFuture.java:1771)
	at java.util.concurrent.CompletableFuture.get(CompletableFuture.java:1915)
	at org.apache.ratis.util.IOUtils.getFromFuture(IOUtils.java:79)
	... 4 more
2019-09-11 03:16:23,859 [java.util.concurrent.ThreadPoolExecutor$Worker@6b06f8e5[State = -1, empty queue]] WARN  server.GrpcLogAppender (GrpcLogAppender.java:timeoutAppendRequest(200)) - 53d5fcb5-8117-4632-855b-8768bb6778f7@group-D5F610D5601A->4b2356e4-aaef-4a34-8176-0946a74a854c-GrpcLogAppender: appendEntries Timeout, request=53d5fcb5-8117-4632-855b-8768bb6778f7->4b2356e4-aaef-4a34-8176-0946a74a854c#115-t2, previous=(t:2, i:20), leaderCommit=16, initializing? false, entries: <empty>
2019-09-11 03:16:23,870 [java.util.concurrent.ThreadPoolExecutor$Worker@635f4f78[State = -1, empty queue]] WARN  server.GrpcLogAppender (GrpcLogAppender.java:timeoutAppendRequest(200)) - 12f94aba-1a41-4f36-aad5-fe218cdfc4f3@group-08832F9F56A9->fd8937d2-ae9c-4754-9095-8c93aae9e6b7-GrpcLogAppender: appendEntries Timeout, request=12f94aba-1a41-4f36-aad5-fe218cdfc4f3->fd8937d2-ae9c-4754-9095-8c93aae9e6b7#114-t2, previous=(t:2, i:20), leaderCommit=16, initializing? false, entries: <empty>
2019-09-11 03:16:23,870 [java.util.concurrent.ThreadPoolExecutor$Worker@3181497b[State = -1, empty queue]] WARN  server.GrpcLogAppender (GrpcLogAppender.java:timeoutAppendRequest(200)) - 12f94aba-1a41-4f36-aad5-fe218cdfc4f3@group-08832F9F56A9->02b9f8ce-4253-4591-af20-e5771c574668-GrpcLogAppender: appendEntries Timeout, request=12f94aba-1a41-4f36-aad5-fe218cdfc4f3->02b9f8ce-4253-4591-af20-e5771c574668#114-t2, previous=(t:2, i:20), leaderCommit=16, initializing? false, entries: <empty>
2019-09-11 03:16:24,193 [java.util.concurrent.ThreadPoolExecutor$Worker@161c2cc8[State = -1, empty queue]] WARN  server.GrpcLogAppender (GrpcLogAppender.java:timeoutAppendRequest(200)) - 67340b07-f44b-4075-83dc-7a68839c1bb0@group-C308026E702E->8c88a939-76a6-48ec-b449-781feab56278-GrpcLogAppender: appendEntries Timeout, request=67340b07-f44b-4075-83dc-7a68839c1bb0->8c88a939-76a6-48ec-b449-781feab56278#115-t2, previous=(t:2, i:19), leaderCommit=15, initializing? false, entries: <empty>
2019-09-11 03:16:24,204 [grpc-default-executor-1] WARN  server.GrpcLogAppender (LogUtils.java:warn(134)) - 67340b07-f44b-4075-83dc-7a68839c1bb0@group-C308026E702E->06bedc96-d276-4186-804c-441da3383ef1-AppendLogResponseHandler: Failed appendEntries: org.apache.ratis.thirdparty.io.grpc.StatusRuntimeException: UNAVAILABLE: io exception
2019-09-11 03:16:24,209 [grpc-default-executor-1] INFO  impl.FollowerInfo (FollowerInfo.java:lambda$new$0(51)) - 67340b07-f44b-4075-83dc-7a68839c1bb0@group-C308026E702E->06bedc96-d276-4186-804c-441da3383ef1: nextIndex: updateUnconditionally 2 -> 1
2019-09-11 03:16:24,359 [java.util.concurrent.ThreadPoolExecutor$Worker@6b06f8e5[State = -1, empty queue]] WARN  server.GrpcLogAppender (GrpcLogAppender.java:timeoutAppendRequest(200)) - 53d5fcb5-8117-4632-855b-8768bb6778f7@group-D5F610D5601A->4b2356e4-aaef-4a34-8176-0946a74a854c-GrpcLogAppender: appendEntries Timeout, request=53d5fcb5-8117-4632-855b-8768bb6778f7->4b2356e4-aaef-4a34-8176-0946a74a854c#116-t2, previous=(t:2, i:20), leaderCommit=16, initializing? false, entries: <empty>
2019-09-11 03:16:24,374 [java.util.concurrent.ThreadPoolExecutor$Worker@635f4f78[State = -1, empty queue]] WARN  server.GrpcLogAppender (GrpcLogAppender.java:timeoutAppendRequest(200)) - 12f94aba-1a41-4f36-aad5-fe218cdfc4f3@group-08832F9F56A9->fd8937d2-ae9c-4754-9095-8c93aae9e6b7-GrpcLogAppender: appendEntries Timeout, request=12f94aba-1a41-4f36-aad5-fe218cdfc4f3->fd8937d2-ae9c-4754-9095-8c93aae9e6b7#115-t2, previous=(t:2, i:20), leaderCommit=16, initializing? false, entries: <empty>
2019-09-11 03:16:24,374 [java.util.concurrent.ThreadPoolExecutor$Worker@3181497b[State = -1, empty queue]] WARN  server.GrpcLogAppender (GrpcLogAppender.java:timeoutAppendRequest(200)) - 12f94aba-1a41-4f36-aad5-fe218cdfc4f3@group-08832F9F56A9->02b9f8ce-4253-4591-af20-e5771c574668-GrpcLogAppender: appendEntries Timeout, request=12f94aba-1a41-4f36-aad5-fe218cdfc4f3->02b9f8ce-4253-4591-af20-e5771c574668#115-t2, previous=(t:2, i:20), leaderCommit=16, initializing? false, entries: <empty>
2019-09-11 03:16:24,693 [java.util.concurrent.ThreadPoolExecutor$Worker@161c2cc8[State = -1, empty queue]] WARN  server.GrpcLogAppender (GrpcLogAppender.java:timeoutAppendRequest(200)) - 67340b07-f44b-4075-83dc-7a68839c1bb0@group-C308026E702E->8c88a939-76a6-48ec-b449-781feab56278-GrpcLogAppender: appendEntries Timeout, request=67340b07-f44b-4075-83dc-7a68839c1bb0->8c88a939-76a6-48ec-b449-781feab56278#116-t2, previous=(t:2, i:19), leaderCommit=15, initializing? false, entries: <empty>
2019-09-11 03:16:24,705 [grpc-default-executor-6] WARN  server.GrpcLogAppender (LogUtils.java:warn(134)) - 67340b07-f44b-4075-83dc-7a68839c1bb0@group-C308026E702E->06bedc96-d276-4186-804c-441da3383ef1-AppendLogResponseHandler: Failed appendEntries: org.apache.ratis.thirdparty.io.grpc.StatusRuntimeException: UNAVAILABLE: io exception
2019-09-11 03:16:24,709 [grpc-default-executor-6] INFO  impl.FollowerInfo (FollowerInfo.java:lambda$new$0(51)) - 67340b07-f44b-4075-83dc-7a68839c1bb0@group-C308026E702E->06bedc96-d276-4186-804c-441da3383ef1: nextIndex: updateUnconditionally 1 -> 0
2019-09-11 03:16:24,860 [java.util.concurrent.ThreadPoolExecutor$Worker@6b06f8e5[State = -1, empty queue]] WARN  server.GrpcLogAppender (GrpcLogAppender.java:timeoutAppendRequest(200)) - 53d5fcb5-8117-4632-855b-8768bb6778f7@group-D5F610D5601A->4b2356e4-aaef-4a34-8176-0946a74a854c-GrpcLogAppender: appendEntries Timeout, request=53d5fcb5-8117-4632-855b-8768bb6778f7->4b2356e4-aaef-4a34-8176-0946a74a854c#117-t2, previous=(t:2, i:20), leaderCommit=16, initializing? false, entries: <empty>
2019-09-11 03:16:24,874 [java.util.concurrent.ThreadPoolExecutor$Worker@635f4f78[State = -1, empty queue]] WARN  server.GrpcLogAppender (GrpcLogAppender.java:timeoutAppendRequest(200)) - 12f94aba-1a41-4f36-aad5-fe218cdfc4f3@group-08832F9F56A9->fd8937d2-ae9c-4754-9095-8c93aae9e6b7-GrpcLogAppender: appendEntries Timeout, request=12f94aba-1a41-4f36-aad5-fe218cdfc4f3->fd8937d2-ae9c-4754-9095-8c93aae9e6b7#116-t2, previous=(t:2, i:20), leaderCommit=16, initializing? false, entries: <empty>
2019-09-11 03:16:24,874 [java.util.concurrent.ThreadPoolExecutor$Worker@3181497b[State = -1, empty queue]] WARN  server.GrpcLogAppender (GrpcLogAppender.java:timeoutAppendRequest(200)) - 12f94aba-1a41-4f36-aad5-fe218cdfc4f3@group-08832F9F56A9->02b9f8ce-4253-4591-af20-e5771c574668-GrpcLogAppender: appendEntries Timeout, request=12f94aba-1a41-4f36-aad5-fe218cdfc4f3->02b9f8ce-4253-4591-af20-e5771c574668#116-t2, previous=(t:2, i:20), leaderCommit=16, initializing? false, entries: <empty>
2019-09-11 03:16:25,193 [java.util.concurrent.ThreadPoolExecutor$Worker@161c2cc8[State = -1, empty queue]] WARN  server.GrpcLogAppender (GrpcLogAppender.java:timeoutAppendRequest(200)) - 67340b07-f44b-4075-83dc-7a68839c1bb0@group-C308026E702E->8c88a939-76a6-48ec-b449-781feab56278-GrpcLogAppender: appendEntries Timeout, request=67340b07-f44b-4075-83dc-7a68839c1bb0->8c88a939-76a6-48ec-b449-781feab56278#117-t2, previous=(t:2, i:19), leaderCommit=15, initializing? false, entries: <empty>
2019-09-11 03:16:25,206 [grpc-default-executor-0] WARN  server.GrpcLogAppender (LogUtils.java:warn(134)) - 67340b07-f44b-4075-83dc-7a68839c1bb0@group-C308026E702E->06bedc96-d276-4186-804c-441da3383ef1-AppendLogResponseHandler: Failed appendEntries: org.apache.ratis.thirdparty.io.grpc.StatusRuntimeException: UNAVAILABLE: io exception
2019-09-11 03:16:25,210 [grpc-default-executor-0] INFO  impl.FollowerInfo (FollowerInfo.java:lambda$new$0(51)) - 67340b07-f44b-4075-83dc-7a68839c1bb0@group-C308026E702E->06bedc96-d276-4186-804c-441da3383ef1: nextIndex: updateUnconditionally 0 -> 0
2019-09-11 03:16:25,360 [java.util.concurrent.ThreadPoolExecutor$Worker@6b06f8e5[State = -1, empty queue]] WARN  server.GrpcLogAppender (GrpcLogAppender.java:timeoutAppendRequest(200)) - 53d5fcb5-8117-4632-855b-8768bb6778f7@group-D5F610D5601A->4b2356e4-aaef-4a34-8176-0946a74a854c-GrpcLogAppender: appendEntries Timeout, request=53d5fcb5-8117-4632-855b-8768bb6778f7->4b2356e4-aaef-4a34-8176-0946a74a854c#118-t2, previous=(t:2, i:20), leaderCommit=16, initializing? false, entries: <empty>
2019-09-11 03:16:25,374 [java.util.concurrent.ThreadPoolExecutor$Worker@635f4f78[State = -1, empty queue]] WARN  server.GrpcLogAppender (GrpcLogAppender.java:timeoutAppendRequest(200)) - 12f94aba-1a41-4f36-aad5-fe218cdfc4f3@group-08832F9F56A9->fd8937d2-ae9c-4754-9095-8c93aae9e6b7-GrpcLogAppender: appendEntries Timeout, request=12f94aba-1a41-4f36-aad5-fe218cdfc4f3->fd8937d2-ae9c-4754-9095-8c93aae9e6b7#117-t2, previous=(t:2, i:20), leaderCommit=16, initializing? false, entries: <empty>
2019-09-11 03:16:25,374 [java.util.concurrent.ThreadPoolExecutor$Worker@3181497b[State = -1, empty queue]] WARN  server.GrpcLogAppender (GrpcLogAppender.java:timeoutAppendRequest(200)) - 12f94aba-1a41-4f36-aad5-fe218cdfc4f3@group-08832F9F56A9->02b9f8ce-4253-4591-af20-e5771c574668-GrpcLogAppender: appendEntries Timeout, request=12f94aba-1a41-4f36-aad5-fe218cdfc4f3->02b9f8ce-4253-4591-af20-e5771c574668#117-t2, previous=(t:2, i:20), leaderCommit=16, initializing? false, entries: <empty>
2019-09-11 03:16:25,694 [java.util.concurrent.ThreadPoolExecutor$Worker@161c2cc8[State = -1, empty queue]] WARN  server.GrpcLogAppender (GrpcLogAppender.java:timeoutAppendRequest(200)) - 67340b07-f44b-4075-83dc-7a68839c1bb0@group-C308026E702E->8c88a939-76a6-48ec-b449-781feab56278-GrpcLogAppender: appendEntries Timeout, request=67340b07-f44b-4075-83dc-7a68839c1bb0->8c88a939-76a6-48ec-b449-781feab56278#118-t2, previous=(t:2, i:19), leaderCommit=15, initializing? false, entries: <empty>
2019-09-11 03:16:25,706 [grpc-default-executor-6] WARN  server.GrpcLogAppender (LogUtils.java:warn(134)) - 67340b07-f44b-4075-83dc-7a68839c1bb0@group-C308026E702E->06bedc96-d276-4186-804c-441da3383ef1-AppendLogResponseHandler: Failed appendEntries: org.apache.ratis.thirdparty.io.grpc.StatusRuntimeException: UNAVAILABLE: io exception
2019-09-11 03:16:25,711 [grpc-default-executor-6] INFO  impl.FollowerInfo (FollowerInfo.java:lambda$new$0(51)) - 67340b07-f44b-4075-83dc-7a68839c1bb0@group-C308026E702E->06bedc96-d276-4186-804c-441da3383ef1: nextIndex: updateUnconditionally 0 -> 0
2019-09-11 03:16:25,860 [java.util.concurrent.ThreadPoolExecutor$Worker@6b06f8e5[State = -1, empty queue]] WARN  server.GrpcLogAppender (GrpcLogAppender.java:timeoutAppendRequest(200)) - 53d5fcb5-8117-4632-855b-8768bb6778f7@group-D5F610D5601A->4b2356e4-aaef-4a34-8176-0946a74a854c-GrpcLogAppender: appendEntries Timeout, request=53d5fcb5-8117-4632-855b-8768bb6778f7->4b2356e4-aaef-4a34-8176-0946a74a854c#119-t2, previous=(t:2, i:20), leaderCommit=16, initializing? false, entries: <empty>
2019-09-11 03:16:25,875 [java.util.concurrent.ThreadPoolExecutor$Worker@3181497b[State = -1, empty queue]] WARN  server.GrpcLogAppender (GrpcLogAppender.java:timeoutAppendRequest(200)) - 12f94aba-1a41-4f36-aad5-fe218cdfc4f3@group-08832F9F56A9->02b9f8ce-4253-4591-af20-e5771c574668-GrpcLogAppender: appendEntries Timeout, request=12f94aba-1a41-4f36-aad5-fe218cdfc4f3->02b9f8ce-4253-4591-af20-e5771c574668#118-t2, previous=(t:2, i:20), leaderCommit=16, initializing? false, entries: <empty>
2019-09-11 03:16:25,875 [java.util.concurrent.ThreadPoolExecutor$Worker@635f4f78[State = -1, empty queue]] WARN  server.GrpcLogAppender (GrpcLogAppender.java:timeoutAppendRequest(200)) - 12f94aba-1a41-4f36-aad5-fe218cdfc4f3@group-08832F9F56A9->fd8937d2-ae9c-4754-9095-8c93aae9e6b7-GrpcLogAppender: appendEntries Timeout, request=12f94aba-1a41-4f36-aad5-fe218cdfc4f3->fd8937d2-ae9c-4754-9095-8c93aae9e6b7#118-t2, previous=(t:2, i:20), leaderCommit=16, initializing? false, entries: <empty>
2019-09-11 03:16:26,194 [java.util.concurrent.ThreadPoolExecutor$Worker@161c2cc8[State = -1, empty queue]] WARN  server.GrpcLogAppender (GrpcLogAppender.java:timeoutAppendRequest(200)) - 67340b07-f44b-4075-83dc-7a68839c1bb0@group-C308026E702E->8c88a939-76a6-48ec-b449-781feab56278-GrpcLogAppender: appendEntries Timeout, request=67340b07-f44b-4075-83dc-7a68839c1bb0->8c88a939-76a6-48ec-b449-781feab56278#119-t2, previous=(t:2, i:19), leaderCommit=15, initializing? false, entries: <empty>
2019-09-11 03:16:26,207 [grpc-default-executor-0] WARN  server.GrpcLogAppender (LogUtils.java:warn(134)) - 67340b07-f44b-4075-83dc-7a68839c1bb0@group-C308026E702E->06bedc96-d276-4186-804c-441da3383ef1-AppendLogResponseHandler: Failed appendEntries: org.apache.ratis.thirdparty.io.grpc.StatusRuntimeException: UNAVAILABLE: io exception
2019-09-11 03:16:26,219 [grpc-default-executor-0] INFO  impl.FollowerInfo (FollowerInfo.java:lambda$new$0(51)) - 67340b07-f44b-4075-83dc-7a68839c1bb0@group-C308026E702E->06bedc96-d276-4186-804c-441da3383ef1: nextIndex: updateUnconditionally 0 -> 0
2019-09-11 03:16:26,360 [java.util.concurrent.ThreadPoolExecutor$Worker@6b06f8e5[State = -1, empty queue]] WARN  server.GrpcLogAppender (GrpcLogAppender.java:timeoutAppendRequest(200)) - 53d5fcb5-8117-4632-855b-8768bb6778f7@group-D5F610D5601A->4b2356e4-aaef-4a34-8176-0946a74a854c-GrpcLogAppender: appendEntries Timeout, request=53d5fcb5-8117-4632-855b-8768bb6778f7->4b2356e4-aaef-4a34-8176-0946a74a854c#120-t2, previous=(t:2, i:20), leaderCommit=16, initializing? false, entries: <empty>
2019-09-11 03:16:26,375 [java.util.concurrent.ThreadPoolExecutor$Worker@635f4f78[State = -1, empty queue]] WARN  server.GrpcLogAppender (GrpcLogAppender.java:timeoutAppendRequest(200)) - 12f94aba-1a41-4f36-aad5-fe218cdfc4f3@group-08832F9F56A9->fd8937d2-ae9c-4754-9095-8c93aae9e6b7-GrpcLogAppender: appendEntries Timeout, request=12f94aba-1a41-4f36-aad5-fe218cdfc4f3->fd8937d2-ae9c-4754-9095-8c93aae9e6b7#119-t2, previous=(t:2, i:20), leaderCommit=16, initializing? false, entries: <empty>
2019-09-11 03:16:26,375 [java.util.concurrent.ThreadPoolExecutor$Worker@3181497b[State = -1, empty queue]] WARN  server.GrpcLogAppender (GrpcLogAppender.java:timeoutAppendRequest(200)) - 12f94aba-1a41-4f36-aad5-fe218cdfc4f3@group-08832F9F56A9->02b9f8ce-4253-4591-af20-e5771c574668-GrpcLogAppender: appendEntries Timeout, request=12f94aba-1a41-4f36-aad5-fe218cdfc4f3->02b9f8ce-4253-4591-af20-e5771c574668#119-t2, previous=(t:2, i:20), leaderCommit=16, initializing? false, entries: <empty>
2019-09-11 03:16:26,694 [java.util.concurrent.ThreadPoolExecutor$Worker@161c2cc8[State = -1, empty queue]] WARN  server.GrpcLogAppender (GrpcLogAppender.java:timeoutAppendRequest(200)) - 67340b07-f44b-4075-83dc-7a68839c1bb0@group-C308026E702E->8c88a939-76a6-48ec-b449-781feab56278-GrpcLogAppender: appendEntries Timeout, request=67340b07-f44b-4075-83dc-7a68839c1bb0->8c88a939-76a6-48ec-b449-781feab56278#120-t2, previous=(t:2, i:19), leaderCommit=15, initializing? false, entries: <empty>
2019-09-11 03:16:26,731 [grpc-default-executor-6] WARN  server.GrpcLogAppender (LogUtils.java:warn(134)) - 67340b07-f44b-4075-83dc-7a68839c1bb0@group-C308026E702E->06bedc96-d276-4186-804c-441da3383ef1-AppendLogResponseHandler: Failed appendEntries: org.apache.ratis.thirdparty.io.grpc.StatusRuntimeException: UNAVAILABLE: io exception
2019-09-11 03:16:26,731 [grpc-default-executor-6] INFO  impl.FollowerInfo (FollowerInfo.java:lambda$new$0(51)) - 67340b07-f44b-4075-83dc-7a68839c1bb0@group-C308026E702E->06bedc96-d276-4186-804c-441da3383ef1: nextIndex: updateUnconditionally 0 -> 0
2019-09-11 03:16:26,861 [java.util.concurrent.ThreadPoolExecutor$Worker@6b06f8e5[State = -1, empty queue]] WARN  server.GrpcLogAppender (GrpcLogAppender.java:timeoutAppendRequest(200)) - 53d5fcb5-8117-4632-855b-8768bb6778f7@group-D5F610D5601A->4b2356e4-aaef-4a34-8176-0946a74a854c-GrpcLogAppender: appendEntries Timeout, request=53d5fcb5-8117-4632-855b-8768bb6778f7->4b2356e4-aaef-4a34-8176-0946a74a854c#121-t2, previous=(t:2, i:20), leaderCommit=16, initializing? false, entries: <empty>
2019-09-11 03:16:26,875 [java.util.concurrent.ThreadPoolExecutor$Worker@3181497b[State = -1, empty queue]] WARN  server.GrpcLogAppender (GrpcLogAppender.java:timeoutAppendRequest(200)) - 12f94aba-1a41-4f36-aad5-fe218cdfc4f3@group-08832F9F56A9->02b9f8ce-4253-4591-af20-e5771c574668-GrpcLogAppender: appendEntries Timeout, request=12f94aba-1a41-4f36-aad5-fe218cdfc4f3->02b9f8ce-4253-4591-af20-e5771c574668#120-t2, previous=(t:2, i:20), leaderCommit=16, initializing? false, entries: <empty>
2019-09-11 03:16:26,875 [java.util.concurrent.ThreadPoolExecutor$Worker@635f4f78[State = -1, empty queue]] WARN  server.GrpcLogAppender (GrpcLogAppender.java:timeoutAppendRequest(200)) - 12f94aba-1a41-4f36-aad5-fe218cdfc4f3@group-08832F9F56A9->fd8937d2-ae9c-4754-9095-8c93aae9e6b7-GrpcLogAppender: appendEntries Timeout, request=12f94aba-1a41-4f36-aad5-fe218cdfc4f3->fd8937d2-ae9c-4754-9095-8c93aae9e6b7#120-t2, previous=(t:2, i:20), leaderCommit=16, initializing? false, entries: <empty>
2019-09-11 03:16:27,194 [java.util.concurrent.ThreadPoolExecutor$Worker@161c2cc8[State = -1, empty queue]] WARN  server.GrpcLogAppender (GrpcLogAppender.java:timeoutAppendRequest(200)) - 67340b07-f44b-4075-83dc-7a68839c1bb0@group-C308026E702E->8c88a939-76a6-48ec-b449-781feab56278-GrpcLogAppender: appendEntries Timeout, request=67340b07-f44b-4075-83dc-7a68839c1bb0->8c88a939-76a6-48ec-b449-781feab56278#121-t2, previous=(t:2, i:19), leaderCommit=15, initializing? false, entries: <empty>
2019-09-11 03:16:27,209 [grpc-default-executor-1] WARN  server.GrpcLogAppender (LogUtils.java:warn(134)) - 67340b07-f44b-4075-83dc-7a68839c1bb0@group-C308026E702E->06bedc96-d276-4186-804c-441da3383ef1-AppendLogResponseHandler: Failed appendEntries: org.apache.ratis.thirdparty.io.grpc.StatusRuntimeException: UNAVAILABLE: io exception
2019-09-11 03:16:27,210 [grpc-default-executor-1] INFO  impl.FollowerInfo (FollowerInfo.java:lambda$new$0(51)) - 67340b07-f44b-4075-83dc-7a68839c1bb0@group-C308026E702E->06bedc96-d276-4186-804c-441da3383ef1: nextIndex: updateUnconditionally 0 -> 0
2019-09-11 03:16:27,360 [12f94aba-1a41-4f36-aad5-fe218cdfc4f3@group-08832F9F56A9-SegmentedRaftLogWorker] WARN  segmented.SegmentedRaftLogWorker (SegmentedRaftLogWorker.java:getFromFuture(90)) - Timeout 0/~
org.apache.ratis.protocol.TimeoutIOException: Timeout 10s: WriteLog:17: (t:2, i:17), STATEMACHINELOGENTRY, client-64EE3F930F86, cid=57-writeStateMachineData
	at org.apache.ratis.util.IOUtils.getFromFuture(IOUtils.java:87)
	at org.apache.ratis.server.raftlog.segmented.SegmentedRaftLogWorker$StateMachineDataPolicy.getFromFuture(SegmentedRaftLogWorker.java:87)
	at org.apache.ratis.server.raftlog.segmented.SegmentedRaftLogWorker$WriteLog.execute(SegmentedRaftLogWorker.java:477)
	at org.apache.ratis.server.raftlog.segmented.SegmentedRaftLogWorker.run(SegmentedRaftLogWorker.java:289)
	at java.lang.Thread.run(Thread.java:748)
Caused by: java.util.concurrent.TimeoutException
	at java.util.concurrent.CompletableFuture.timedGet(CompletableFuture.java:1771)
	at java.util.concurrent.CompletableFuture.get(CompletableFuture.java:1915)
	at org.apache.ratis.util.IOUtils.getFromFuture(IOUtils.java:79)
	... 4 more
2019-09-11 03:16:27,361 [java.util.concurrent.ThreadPoolExecutor$Worker@6b06f8e5[State = -1, empty queue]] WARN  server.GrpcLogAppender (GrpcLogAppender.java:timeoutAppendRequest(200)) - 53d5fcb5-8117-4632-855b-8768bb6778f7@group-D5F610D5601A->4b2356e4-aaef-4a34-8176-0946a74a854c-GrpcLogAppender: appendEntries Timeout, request=53d5fcb5-8117-4632-855b-8768bb6778f7->4b2356e4-aaef-4a34-8176-0946a74a854c#122-t2, previous=(t:2, i:20), leaderCommit=16, initializing? false, entries: <empty>
2019-09-11 03:16:27,364 [fd8937d2-ae9c-4754-9095-8c93aae9e6b7@group-08832F9F56A9-SegmentedRaftLogWorker] WARN  segmented.SegmentedRaftLogWorker (SegmentedRaftLogWorker.java:getFromFuture(90)) - Timeout 0/~
org.apache.ratis.protocol.TimeoutIOException: Timeout 10s: WriteLog:17: (t:2, i:17), STATEMACHINELOGENTRY, client-64EE3F930F86, cid=57-writeStateMachineData
	at org.apache.ratis.util.IOUtils.getFromFuture(IOUtils.java:87)
	at org.apache.ratis.server.raftlog.segmented.SegmentedRaftLogWorker$StateMachineDataPolicy.getFromFuture(SegmentedRaftLogWorker.java:87)
	at org.apache.ratis.server.raftlog.segmented.SegmentedRaftLogWorker$WriteLog.execute(SegmentedRaftLogWorker.java:477)
	at org.apache.ratis.server.raftlog.segmented.SegmentedRaftLogWorker.run(SegmentedRaftLogWorker.java:289)
	at java.lang.Thread.run(Thread.java:748)
Caused by: java.util.concurrent.TimeoutException
	at java.util.concurrent.CompletableFuture.timedGet(CompletableFuture.java:1771)
	at java.util.concurrent.CompletableFuture.get(CompletableFuture.java:1915)
	at org.apache.ratis.util.IOUtils.getFromFuture(IOUtils.java:79)
	... 4 more
2019-09-11 03:16:27,365 [02b9f8ce-4253-4591-af20-e5771c574668@group-08832F9F56A9-SegmentedRaftLogWorker] WARN  segmented.SegmentedRaftLogWorker (SegmentedRaftLogWorker.java:getFromFuture(90)) - Timeout 0/~
org.apache.ratis.protocol.TimeoutIOException: Timeout 10s: WriteLog:17: (t:2, i:17), STATEMACHINELOGENTRY, client-64EE3F930F86, cid=57-writeStateMachineData
	at org.apache.ratis.util.IOUtils.getFromFuture(IOUtils.java:87)
	at org.apache.ratis.server.raftlog.segmented.SegmentedRaftLogWorker$StateMachineDataPolicy.getFromFuture(SegmentedRaftLogWorker.java:87)
	at org.apache.ratis.server.raftlog.segmented.SegmentedRaftLogWorker$WriteLog.execute(SegmentedRaftLogWorker.java:477)
	at org.apache.ratis.server.raftlog.segmented.SegmentedRaftLogWorker.run(SegmentedRaftLogWorker.java:289)
	at java.lang.Thread.run(Thread.java:748)
Caused by: java.util.concurrent.TimeoutException
	at java.util.concurrent.CompletableFuture.timedGet(CompletableFuture.java:1771)
	at java.util.concurrent.CompletableFuture.get(CompletableFuture.java:1915)
	at org.apache.ratis.util.IOUtils.getFromFuture(IOUtils.java:79)
	... 4 more
2019-09-11 03:16:27,375 [java.util.concurrent.ThreadPoolExecutor$Worker@3181497b[State = -1, empty queue]] WARN  server.GrpcLogAppender (GrpcLogAppender.java:timeoutAppendRequest(200)) - 12f94aba-1a41-4f36-aad5-fe218cdfc4f3@group-08832F9F56A9->02b9f8ce-4253-4591-af20-e5771c574668-GrpcLogAppender: appendEntries Timeout, request=12f94aba-1a41-4f36-aad5-fe218cdfc4f3->02b9f8ce-4253-4591-af20-e5771c574668#121-t2, previous=(t:2, i:20), leaderCommit=16, initializing? false, entries: <empty>
2019-09-11 03:16:27,375 [java.util.concurrent.ThreadPoolExecutor$Worker@635f4f78[State = -1, empty queue]] WARN  server.GrpcLogAppender (GrpcLogAppender.java:timeoutAppendRequest(200)) - 12f94aba-1a41-4f36-aad5-fe218cdfc4f3@group-08832F9F56A9->fd8937d2-ae9c-4754-9095-8c93aae9e6b7-GrpcLogAppender: appendEntries Timeout, request=12f94aba-1a41-4f36-aad5-fe218cdfc4f3->fd8937d2-ae9c-4754-9095-8c93aae9e6b7#121-t2, previous=(t:2, i:20), leaderCommit=16, initializing? false, entries: <empty>
2019-09-11 03:16:27,444 [grpc-default-executor-1] INFO  client.GrpcClientProtocolClient (GrpcClientProtocolClient.java:onNext(264)) - client-64EE3F930F86->fd8937d2-ae9c-4754-9095-8c93aae9e6b7: receive RaftClientReply:client-64EE3F930F86->fd8937d2-ae9c-4754-9095-8c93aae9e6b7@group-08832F9F56A9, cid=57, FAILED org.apache.ratis.protocol.NotLeaderException: Server fd8937d2-ae9c-4754-9095-8c93aae9e6b7@group-08832F9F56A9 is not the leader 12f94aba-1a41-4f36-aad5-fe218cdfc4f3:192.168.34.53:41482, logIndex=0, commits[fd8937d2-ae9c-4754-9095-8c93aae9e6b7:c16, 12f94aba-1a41-4f36-aad5-fe218cdfc4f3:c16, 02b9f8ce-4253-4591-af20-e5771c574668:c12]
2019-09-11 03:16:27,694 [java.util.concurrent.ThreadPoolExecutor$Worker@161c2cc8[State = -1, empty queue]] WARN  server.GrpcLogAppender (GrpcLogAppender.java:timeoutAppendRequest(200)) - 67340b07-f44b-4075-83dc-7a68839c1bb0@group-C308026E702E->8c88a939-76a6-48ec-b449-781feab56278-GrpcLogAppender: appendEntries Timeout, request=67340b07-f44b-4075-83dc-7a68839c1bb0->8c88a939-76a6-48ec-b449-781feab56278#122-t2, previous=(t:2, i:19), leaderCommit=15, initializing? false, entries: <empty>
2019-09-11 03:16:27,710 [grpc-default-executor-6] WARN  server.GrpcLogAppender (LogUtils.java:warn(134)) - 67340b07-f44b-4075-83dc-7a68839c1bb0@group-C308026E702E->06bedc96-d276-4186-804c-441da3383ef1-AppendLogResponseHandler: Failed appendEntries: org.apache.ratis.thirdparty.io.grpc.StatusRuntimeException: UNAVAILABLE: io exception
2019-09-11 03:16:27,714 [grpc-default-executor-6] INFO  impl.FollowerInfo (FollowerInfo.java:lambda$new$0(51)) - 67340b07-f44b-4075-83dc-7a68839c1bb0@group-C308026E702E->06bedc96-d276-4186-804c-441da3383ef1: nextIndex: updateUnconditionally 0 -> 0
2019-09-11 03:16:27,861 [java.util.concurrent.ThreadPoolExecutor$Worker@6b06f8e5[State = -1, empty queue]] WARN  server.GrpcLogAppender (GrpcLogAppender.java:timeoutAppendRequest(200)) - 53d5fcb5-8117-4632-855b-8768bb6778f7@group-D5F610D5601A->4b2356e4-aaef-4a34-8176-0946a74a854c-GrpcLogAppender: appendEntries Timeout, request=53d5fcb5-8117-4632-855b-8768bb6778f7->4b2356e4-aaef-4a34-8176-0946a74a854c#123-t2, previous=(t:2, i:20), leaderCommit=16, initializing? false, entries: <empty>
2019-09-11 03:16:27,876 [java.util.concurrent.ThreadPoolExecutor$Worker@3181497b[State = -1, empty queue]] WARN  server.GrpcLogAppender (GrpcLogAppender.java:timeoutAppendRequest(200)) - 12f94aba-1a41-4f36-aad5-fe218cdfc4f3@group-08832F9F56A9->02b9f8ce-4253-4591-af20-e5771c574668-GrpcLogAppender: appendEntries Timeout, request=12f94aba-1a41-4f36-aad5-fe218cdfc4f3->02b9f8ce-4253-4591-af20-e5771c574668#122-t2, previous=(t:2, i:20), leaderCommit=16, initializing? false, entries: <empty>
2019-09-11 03:16:27,876 [java.util.concurrent.ThreadPoolExecutor$Worker@635f4f78[State = -1, empty queue]] WARN  server.GrpcLogAppender (GrpcLogAppender.java:timeoutAppendRequest(200)) - 12f94aba-1a41-4f36-aad5-fe218cdfc4f3@group-08832F9F56A9->fd8937d2-ae9c-4754-9095-8c93aae9e6b7-GrpcLogAppender: appendEntries Timeout, request=12f94aba-1a41-4f36-aad5-fe218cdfc4f3->fd8937d2-ae9c-4754-9095-8c93aae9e6b7#122-t2, previous=(t:2, i:20), leaderCommit=16, initializing? false, entries: <empty>
2019-09-11 03:16:28,195 [java.util.concurrent.ThreadPoolExecutor$Worker@161c2cc8[State = -1, empty queue]] WARN  server.GrpcLogAppender (GrpcLogAppender.java:timeoutAppendRequest(200)) - 67340b07-f44b-4075-83dc-7a68839c1bb0@group-C308026E702E->8c88a939-76a6-48ec-b449-781feab56278-GrpcLogAppender: appendEntries Timeout, request=67340b07-f44b-4075-83dc-7a68839c1bb0->8c88a939-76a6-48ec-b449-781feab56278#123-t2, previous=(t:2, i:19), leaderCommit=15, initializing? false, entries: <empty>
2019-09-11 03:16:28,210 [grpc-default-executor-0] WARN  server.GrpcLogAppender (LogUtils.java:warn(134)) - 67340b07-f44b-4075-83dc-7a68839c1bb0@group-C308026E702E->06bedc96-d276-4186-804c-441da3383ef1-AppendLogResponseHandler: Failed appendEntries: org.apache.ratis.thirdparty.io.grpc.StatusRuntimeException: UNAVAILABLE: io exception
2019-09-11 03:16:28,211 [grpc-default-executor-0] INFO  impl.FollowerInfo (FollowerInfo.java:lambda$new$0(51)) - 67340b07-f44b-4075-83dc-7a68839c1bb0@group-C308026E702E->06bedc96-d276-4186-804c-441da3383ef1: nextIndex: updateUnconditionally 0 -> 0
2019-09-11 03:16:28,361 [java.util.concurrent.ThreadPoolExecutor$Worker@6b06f8e5[State = -1, empty queue]] WARN  server.GrpcLogAppender (GrpcLogAppender.java:timeoutAppendRequest(200)) - 53d5fcb5-8117-4632-855b-8768bb6778f7@group-D5F610D5601A->4b2356e4-aaef-4a34-8176-0946a74a854c-GrpcLogAppender: appendEntries Timeout, request=53d5fcb5-8117-4632-855b-8768bb6778f7->4b2356e4-aaef-4a34-8176-0946a74a854c#124-t2, previous=(t:2, i:20), leaderCommit=16, initializing? false, entries: <empty>
2019-09-11 03:16:28,376 [java.util.concurrent.ThreadPoolExecutor$Worker@635f4f78[State = -1, empty queue]] WARN  server.GrpcLogAppender (GrpcLogAppender.java:timeoutAppendRequest(200)) - 12f94aba-1a41-4f36-aad5-fe218cdfc4f3@group-08832F9F56A9->fd8937d2-ae9c-4754-9095-8c93aae9e6b7-GrpcLogAppender: appendEntries Timeout, request=12f94aba-1a41-4f36-aad5-fe218cdfc4f3->fd8937d2-ae9c-4754-9095-8c93aae9e6b7#123-t2, previous=(t:2, i:20), leaderCommit=16, initializing? false, entries: <empty>
2019-09-11 03:16:28,376 [java.util.concurrent.ThreadPoolExecutor$Worker@3181497b[State = -1, empty queue]] WARN  server.GrpcLogAppender (GrpcLogAppender.java:timeoutAppendRequest(200)) - 12f94aba-1a41-4f36-aad5-fe218cdfc4f3@group-08832F9F56A9->02b9f8ce-4253-4591-af20-e5771c574668-GrpcLogAppender: appendEntries Timeout, request=12f94aba-1a41-4f36-aad5-fe218cdfc4f3->02b9f8ce-4253-4591-af20-e5771c574668#123-t2, previous=(t:2, i:20), leaderCommit=16, initializing? false, entries: <empty>
2019-09-11 03:16:28,695 [java.util.concurrent.ThreadPoolExecutor$Worker@161c2cc8[State = -1, empty queue]] WARN  server.GrpcLogAppender (GrpcLogAppender.java:timeoutAppendRequest(200)) - 67340b07-f44b-4075-83dc-7a68839c1bb0@group-C308026E702E->8c88a939-76a6-48ec-b449-781feab56278-GrpcLogAppender: appendEntries Timeout, request=67340b07-f44b-4075-83dc-7a68839c1bb0->8c88a939-76a6-48ec-b449-781feab56278#124-t2, previous=(t:2, i:19), leaderCommit=15, initializing? false, entries: <empty>
2019-09-11 03:16:28,711 [grpc-default-executor-6] WARN  server.GrpcLogAppender (LogUtils.java:warn(134)) - 67340b07-f44b-4075-83dc-7a68839c1bb0@group-C308026E702E->06bedc96-d276-4186-804c-441da3383ef1-AppendLogResponseHandler: Failed appendEntries: org.apache.ratis.thirdparty.io.grpc.StatusRuntimeException: UNAVAILABLE: io exception
2019-09-11 03:16:28,712 [grpc-default-executor-6] INFO  impl.FollowerInfo (FollowerInfo.java:lambda$new$0(51)) - 67340b07-f44b-4075-83dc-7a68839c1bb0@group-C308026E702E->06bedc96-d276-4186-804c-441da3383ef1: nextIndex: updateUnconditionally 0 -> 0
2019-09-11 03:16:28,862 [java.util.concurrent.ThreadPoolExecutor$Worker@6b06f8e5[State = -1, empty queue]] WARN  server.GrpcLogAppender (GrpcLogAppender.java:timeoutAppendRequest(200)) - 53d5fcb5-8117-4632-855b-8768bb6778f7@group-D5F610D5601A->4b2356e4-aaef-4a34-8176-0946a74a854c-GrpcLogAppender: appendEntries Timeout, request=53d5fcb5-8117-4632-855b-8768bb6778f7->4b2356e4-aaef-4a34-8176-0946a74a854c#125-t2, previous=(t:2, i:20), leaderCommit=16, initializing? false, entries: <empty>
2019-09-11 03:16:28,876 [java.util.concurrent.ThreadPoolExecutor$Worker@635f4f78[State = -1, empty queue]] WARN  server.GrpcLogAppender (GrpcLogAppender.java:timeoutAppendRequest(200)) - 12f94aba-1a41-4f36-aad5-fe218cdfc4f3@group-08832F9F56A9->fd8937d2-ae9c-4754-9095-8c93aae9e6b7-GrpcLogAppender: appendEntries Timeout, request=12f94aba-1a41-4f36-aad5-fe218cdfc4f3->fd8937d2-ae9c-4754-9095-8c93aae9e6b7#124-t2, previous=(t:2, i:20), leaderCommit=16, initializing? false, entries: <empty>
2019-09-11 03:16:28,876 [java.util.concurrent.ThreadPoolExecutor$Worker@3181497b[State = -1, empty queue]] WARN  server.GrpcLogAppender (GrpcLogAppender.java:timeoutAppendRequest(200)) - 12f94aba-1a41-4f36-aad5-fe218cdfc4f3@group-08832F9F56A9->02b9f8ce-4253-4591-af20-e5771c574668-GrpcLogAppender: appendEntries Timeout, request=12f94aba-1a41-4f36-aad5-fe218cdfc4f3->02b9f8ce-4253-4591-af20-e5771c574668#124-t2, previous=(t:2, i:20), leaderCommit=16, initializing? false, entries: <empty>
2019-09-11 03:16:29,195 [java.util.concurrent.ThreadPoolExecutor$Worker@161c2cc8[State = -1, empty queue]] WARN  server.GrpcLogAppender (GrpcLogAppender.java:timeoutAppendRequest(200)) - 67340b07-f44b-4075-83dc-7a68839c1bb0@group-C308026E702E->8c88a939-76a6-48ec-b449-781feab56278-GrpcLogAppender: appendEntries Timeout, request=67340b07-f44b-4075-83dc-7a68839c1bb0->8c88a939-76a6-48ec-b449-781feab56278#125-t2, previous=(t:2, i:19), leaderCommit=15, initializing? false, entries: <empty>
2019-09-11 03:16:29,215 [grpc-default-executor-1] WARN  server.GrpcLogAppender (LogUtils.java:warn(134)) - 67340b07-f44b-4075-83dc-7a68839c1bb0@group-C308026E702E->06bedc96-d276-4186-804c-441da3383ef1-AppendLogResponseHandler: Failed appendEntries: org.apache.ratis.thirdparty.io.grpc.StatusRuntimeException: UNAVAILABLE: io exception
2019-09-11 03:16:29,215 [grpc-default-executor-1] INFO  impl.FollowerInfo (FollowerInfo.java:lambda$new$0(51)) - 67340b07-f44b-4075-83dc-7a68839c1bb0@group-C308026E702E->06bedc96-d276-4186-804c-441da3383ef1: nextIndex: updateUnconditionally 0 -> 0
2019-09-11 03:16:29,362 [java.util.concurrent.ThreadPoolExecutor$Worker@6b06f8e5[State = -1, empty queue]] WARN  server.GrpcLogAppender (GrpcLogAppender.java:timeoutAppendRequest(200)) - 53d5fcb5-8117-4632-855b-8768bb6778f7@group-D5F610D5601A->4b2356e4-aaef-4a34-8176-0946a74a854c-GrpcLogAppender: appendEntries Timeout, request=53d5fcb5-8117-4632-855b-8768bb6778f7->4b2356e4-aaef-4a34-8176-0946a74a854c#126-t2, previous=(t:2, i:20), leaderCommit=16, initializing? false, entries: <empty>
2019-09-11 03:16:29,376 [java.util.concurrent.ThreadPoolExecutor$Worker@635f4f78[State = -1, empty queue]] WARN  server.GrpcLogAppender (GrpcLogAppender.java:timeoutAppendRequest(200)) - 12f94aba-1a41-4f36-aad5-fe218cdfc4f3@group-08832F9F56A9->fd8937d2-ae9c-4754-9095-8c93aae9e6b7-GrpcLogAppender: appendEntries Timeout, request=12f94aba-1a41-4f36-aad5-fe218cdfc4f3->fd8937d2-ae9c-4754-9095-8c93aae9e6b7#125-t2, previous=(t:2, i:20), leaderCommit=16, initializing? false, entries: <empty>
2019-09-11 03:16:29,377 [java.util.concurrent.ThreadPoolExecutor$Worker@3181497b[State = -1, empty queue]] WARN  server.GrpcLogAppender (GrpcLogAppender.java:timeoutAppendRequest(200)) - 12f94aba-1a41-4f36-aad5-fe218cdfc4f3@group-08832F9F56A9->02b9f8ce-4253-4591-af20-e5771c574668-GrpcLogAppender: appendEntries Timeout, request=12f94aba-1a41-4f36-aad5-fe218cdfc4f3->02b9f8ce-4253-4591-af20-e5771c574668#125-t2, previous=(t:2, i:20), leaderCommit=16, initializing? false, entries: <empty>
2019-09-11 03:16:29,695 [java.util.concurrent.ThreadPoolExecutor$Worker@161c2cc8[State = -1, empty queue]] WARN  server.GrpcLogAppender (GrpcLogAppender.java:timeoutAppendRequest(200)) - 67340b07-f44b-4075-83dc-7a68839c1bb0@group-C308026E702E->8c88a939-76a6-48ec-b449-781feab56278-GrpcLogAppender: appendEntries Timeout, request=67340b07-f44b-4075-83dc-7a68839c1bb0->8c88a939-76a6-48ec-b449-781feab56278#126-t2, previous=(t:2, i:19), leaderCommit=15, initializing? false, entries: <empty>
2019-09-11 03:16:29,715 [grpc-default-executor-6] WARN  server.GrpcLogAppender (LogUtils.java:warn(134)) - 67340b07-f44b-4075-83dc-7a68839c1bb0@group-C308026E702E->06bedc96-d276-4186-804c-441da3383ef1-AppendLogResponseHandler: Failed appendEntries: org.apache.ratis.thirdparty.io.grpc.StatusRuntimeException: UNAVAILABLE: io exception
2019-09-11 03:16:29,716 [grpc-default-executor-6] INFO  impl.FollowerInfo (FollowerInfo.java:lambda$new$0(51)) - 67340b07-f44b-4075-83dc-7a68839c1bb0@group-C308026E702E->06bedc96-d276-4186-804c-441da3383ef1: nextIndex: updateUnconditionally 0 -> 0
2019-09-11 03:16:29,862 [java.util.concurrent.ThreadPoolExecutor$Worker@6b06f8e5[State = -1, empty queue]] WARN  server.GrpcLogAppender (GrpcLogAppender.java:timeoutAppendRequest(200)) - 53d5fcb5-8117-4632-855b-8768bb6778f7@group-D5F610D5601A->4b2356e4-aaef-4a34-8176-0946a74a854c-GrpcLogAppender: appendEntries Timeout, request=53d5fcb5-8117-4632-855b-8768bb6778f7->4b2356e4-aaef-4a34-8176-0946a74a854c#127-t2, previous=(t:2, i:20), leaderCommit=16, initializing? false, entries: <empty>
2019-09-11 03:16:29,877 [java.util.concurrent.ThreadPoolExecutor$Worker@635f4f78[State = -1, empty queue]] WARN  server.GrpcLogAppender (GrpcLogAppender.java:timeoutAppendRequest(200)) - 12f94aba-1a41-4f36-aad5-fe218cdfc4f3@group-08832F9F56A9->fd8937d2-ae9c-4754-9095-8c93aae9e6b7-GrpcLogAppender: appendEntries Timeout, request=12f94aba-1a41-4f36-aad5-fe218cdfc4f3->fd8937d2-ae9c-4754-9095-8c93aae9e6b7#126-t2, previous=(t:2, i:20), leaderCommit=16, initializing? false, entries: <empty>
2019-09-11 03:16:29,877 [java.util.concurrent.ThreadPoolExecutor$Worker@3181497b[State = -1, empty queue]] WARN  server.GrpcLogAppender (GrpcLogAppender.java:timeoutAppendRequest(200)) - 12f94aba-1a41-4f36-aad5-fe218cdfc4f3@group-08832F9F56A9->02b9f8ce-4253-4591-af20-e5771c574668-GrpcLogAppender: appendEntries Timeout, request=12f94aba-1a41-4f36-aad5-fe218cdfc4f3->02b9f8ce-4253-4591-af20-e5771c574668#126-t2, previous=(t:2, i:20), leaderCommit=16, initializing? false, entries: <empty>
2019-09-11 03:16:30,196 [java.util.concurrent.ThreadPoolExecutor$Worker@161c2cc8[State = -1, empty queue]] WARN  server.GrpcLogAppender (GrpcLogAppender.java:timeoutAppendRequest(200)) - 67340b07-f44b-4075-83dc-7a68839c1bb0@group-C308026E702E->8c88a939-76a6-48ec-b449-781feab56278-GrpcLogAppender: appendEntries Timeout, request=67340b07-f44b-4075-83dc-7a68839c1bb0->8c88a939-76a6-48ec-b449-781feab56278#127-t2, previous=(t:2, i:19), leaderCommit=15, initializing? false, entries: <empty>
2019-09-11 03:16:30,217 [grpc-default-executor-1] WARN  server.GrpcLogAppender (LogUtils.java:warn(134)) - 67340b07-f44b-4075-83dc-7a68839c1bb0@group-C308026E702E->06bedc96-d276-4186-804c-441da3383ef1-AppendLogResponseHandler: Failed appendEntries: org.apache.ratis.thirdparty.io.grpc.StatusRuntimeException: UNAVAILABLE: io exception
2019-09-11 03:16:30,217 [grpc-default-executor-1] INFO  impl.FollowerInfo (FollowerInfo.java:lambda$new$0(51)) - 67340b07-f44b-4075-83dc-7a68839c1bb0@group-C308026E702E->06bedc96-d276-4186-804c-441da3383ef1: nextIndex: updateUnconditionally 0 -> 0
2019-09-11 03:16:30,363 [java.util.concurrent.ThreadPoolExecutor$Worker@6b06f8e5[State = -1, empty queue]] WARN  server.GrpcLogAppender (GrpcLogAppender.java:timeoutAppendRequest(200)) - 53d5fcb5-8117-4632-855b-8768bb6778f7@group-D5F610D5601A->4b2356e4-aaef-4a34-8176-0946a74a854c-GrpcLogAppender: appendEntries Timeout, request=53d5fcb5-8117-4632-855b-8768bb6778f7->4b2356e4-aaef-4a34-8176-0946a74a854c#128-t2, previous=(t:2, i:20), leaderCommit=16, initializing? false, entries: <empty>
2019-09-11 03:16:30,378 [java.util.concurrent.ThreadPoolExecutor$Worker@635f4f78[State = -1, empty queue]] WARN  server.GrpcLogAppender (GrpcLogAppender.java:timeoutAppendRequest(200)) - 12f94aba-1a41-4f36-aad5-fe218cdfc4f3@group-08832F9F56A9->fd8937d2-ae9c-4754-9095-8c93aae9e6b7-GrpcLogAppender: appendEntries Timeout, request=12f94aba-1a41-4f36-aad5-fe218cdfc4f3->fd8937d2-ae9c-4754-9095-8c93aae9e6b7#127-t2, previous=(t:2, i:20), leaderCommit=16, initializing? false, entries: <empty>
2019-09-11 03:16:30,378 [java.util.concurrent.ThreadPoolExecutor$Worker@3181497b[State = -1, empty queue]] WARN  server.GrpcLogAppender (GrpcLogAppender.java:timeoutAppendRequest(200)) - 12f94aba-1a41-4f36-aad5-fe218cdfc4f3@group-08832F9F56A9->02b9f8ce-4253-4591-af20-e5771c574668-GrpcLogAppender: appendEntries Timeout, request=12f94aba-1a41-4f36-aad5-fe218cdfc4f3->02b9f8ce-4253-4591-af20-e5771c574668#127-t2, previous=(t:2, i:20), leaderCommit=16, initializing? false, entries: <empty>
2019-09-11 03:16:30,696 [java.util.concurrent.ThreadPoolExecutor$Worker@161c2cc8[State = -1, empty queue]] WARN  server.GrpcLogAppender (GrpcLogAppender.java:timeoutAppendRequest(200)) - 67340b07-f44b-4075-83dc-7a68839c1bb0@group-C308026E702E->8c88a939-76a6-48ec-b449-781feab56278-GrpcLogAppender: appendEntries Timeout, request=67340b07-f44b-4075-83dc-7a68839c1bb0->8c88a939-76a6-48ec-b449-781feab56278#128-t2, previous=(t:2, i:19), leaderCommit=15, initializing? false, entries: <empty>
2019-09-11 03:16:30,718 [grpc-default-executor-6] WARN  server.GrpcLogAppender (LogUtils.java:warn(134)) - 67340b07-f44b-4075-83dc-7a68839c1bb0@group-C308026E702E->06bedc96-d276-4186-804c-441da3383ef1-AppendLogResponseHandler: Failed appendEntries: org.apache.ratis.thirdparty.io.grpc.StatusRuntimeException: UNAVAILABLE: io exception
2019-09-11 03:16:30,719 [grpc-default-executor-6] INFO  impl.FollowerInfo (FollowerInfo.java:lambda$new$0(51)) - 67340b07-f44b-4075-83dc-7a68839c1bb0@group-C308026E702E->06bedc96-d276-4186-804c-441da3383ef1: nextIndex: updateUnconditionally 0 -> 0
2019-09-11 03:16:30,863 [java.util.concurrent.ThreadPoolExecutor$Worker@6b06f8e5[State = -1, empty queue]] WARN  server.GrpcLogAppender (GrpcLogAppender.java:timeoutAppendRequest(200)) - 53d5fcb5-8117-4632-855b-8768bb6778f7@group-D5F610D5601A->4b2356e4-aaef-4a34-8176-0946a74a854c-GrpcLogAppender: appendEntries Timeout, request=53d5fcb5-8117-4632-855b-8768bb6778f7->4b2356e4-aaef-4a34-8176-0946a74a854c#129-t2, previous=(t:2, i:20), leaderCommit=16, initializing? false, entries: <empty>
2019-09-11 03:16:30,877 [java.util.concurrent.ThreadPoolExecutor$Worker@3181497b[State = -1, empty queue]] WARN  server.GrpcLogAppender (GrpcLogAppender.java:timeoutAppendRequest(200)) - 12f94aba-1a41-4f36-aad5-fe218cdfc4f3@group-08832F9F56A9->02b9f8ce-4253-4591-af20-e5771c574668-GrpcLogAppender: appendEntries Timeout, request=12f94aba-1a41-4f36-aad5-fe218cdfc4f3->02b9f8ce-4253-4591-af20-e5771c574668#128-t2, previous=(t:2, i:20), leaderCommit=16, initializing? false, entries: <empty>
2019-09-11 03:16:30,877 [java.util.concurrent.ThreadPoolExecutor$Worker@635f4f78[State = -1, empty queue]] WARN  server.GrpcLogAppender (GrpcLogAppender.java:timeoutAppendRequest(200)) - 12f94aba-1a41-4f36-aad5-fe218cdfc4f3@group-08832F9F56A9->fd8937d2-ae9c-4754-9095-8c93aae9e6b7-GrpcLogAppender: appendEntries Timeout, request=12f94aba-1a41-4f36-aad5-fe218cdfc4f3->fd8937d2-ae9c-4754-9095-8c93aae9e6b7#128-t2, previous=(t:2, i:20), leaderCommit=16, initializing? false, entries: <empty>
2019-09-11 03:16:31,197 [java.util.concurrent.ThreadPoolExecutor$Worker@161c2cc8[State = -1, empty queue]] WARN  server.GrpcLogAppender (GrpcLogAppender.java:timeoutAppendRequest(200)) - 67340b07-f44b-4075-83dc-7a68839c1bb0@group-C308026E702E->8c88a939-76a6-48ec-b449-781feab56278-GrpcLogAppender: appendEntries Timeout, request=67340b07-f44b-4075-83dc-7a68839c1bb0->8c88a939-76a6-48ec-b449-781feab56278#129-t2, previous=(t:2, i:19), leaderCommit=15, initializing? false, entries: <empty>
2019-09-11 03:16:31,217 [grpc-default-executor-1] WARN  server.GrpcLogAppender (LogUtils.java:warn(134)) - 67340b07-f44b-4075-83dc-7a68839c1bb0@group-C308026E702E->06bedc96-d276-4186-804c-441da3383ef1-AppendLogResponseHandler: Failed appendEntries: org.apache.ratis.thirdparty.io.grpc.StatusRuntimeException: UNAVAILABLE: io exception
2019-09-11 03:16:31,218 [grpc-default-executor-1] INFO  impl.FollowerInfo (FollowerInfo.java:lambda$new$0(51)) - 67340b07-f44b-4075-83dc-7a68839c1bb0@group-C308026E702E->06bedc96-d276-4186-804c-441da3383ef1: nextIndex: updateUnconditionally 0 -> 0
2019-09-11 03:16:31,363 [java.util.concurrent.ThreadPoolExecutor$Worker@6b06f8e5[State = -1, empty queue]] WARN  server.GrpcLogAppender (GrpcLogAppender.java:timeoutAppendRequest(200)) - 53d5fcb5-8117-4632-855b-8768bb6778f7@group-D5F610D5601A->4b2356e4-aaef-4a34-8176-0946a74a854c-GrpcLogAppender: appendEntries Timeout, request=53d5fcb5-8117-4632-855b-8768bb6778f7->4b2356e4-aaef-4a34-8176-0946a74a854c#130-t2, previous=(t:2, i:20), leaderCommit=16, initializing? false, entries: <empty>
2019-09-11 03:16:31,377 [java.util.concurrent.ThreadPoolExecutor$Worker@3181497b[State = -1, empty queue]] WARN  server.GrpcLogAppender (GrpcLogAppender.java:timeoutAppendRequest(200)) - 12f94aba-1a41-4f36-aad5-fe218cdfc4f3@group-08832F9F56A9->02b9f8ce-4253-4591-af20-e5771c574668-GrpcLogAppender: appendEntries Timeout, request=12f94aba-1a41-4f36-aad5-fe218cdfc4f3->02b9f8ce-4253-4591-af20-e5771c574668#129-t2, previous=(t:2, i:20), leaderCommit=16, initializing? false, entries: <empty>
2019-09-11 03:16:31,377 [java.util.concurrent.ThreadPoolExecutor$Worker@635f4f78[State = -1, empty queue]] WARN  server.GrpcLogAppender (GrpcLogAppender.java:timeoutAppendRequest(200)) - 12f94aba-1a41-4f36-aad5-fe218cdfc4f3@group-08832F9F56A9->fd8937d2-ae9c-4754-9095-8c93aae9e6b7-GrpcLogAppender: appendEntries Timeout, request=12f94aba-1a41-4f36-aad5-fe218cdfc4f3->fd8937d2-ae9c-4754-9095-8c93aae9e6b7#129-t2, previous=(t:2, i:20), leaderCommit=16, initializing? false, entries: <empty>
2019-09-11 03:16:31,697 [java.util.concurrent.ThreadPoolExecutor$Worker@161c2cc8[State = -1, empty queue]] WARN  server.GrpcLogAppender (GrpcLogAppender.java:timeoutAppendRequest(200)) - 67340b07-f44b-4075-83dc-7a68839c1bb0@group-C308026E702E->8c88a939-76a6-48ec-b449-781feab56278-GrpcLogAppender: appendEntries Timeout, request=67340b07-f44b-4075-83dc-7a68839c1bb0->8c88a939-76a6-48ec-b449-781feab56278#130-t2, previous=(t:2, i:19), leaderCommit=15, initializing? false, entries: <empty>
2019-09-11 03:16:31,719 [grpc-default-executor-6] WARN  server.GrpcLogAppender (LogUtils.java:warn(134)) - 67340b07-f44b-4075-83dc-7a68839c1bb0@group-C308026E702E->06bedc96-d276-4186-804c-441da3383ef1-AppendLogResponseHandler: Failed appendEntries: org.apache.ratis.thirdparty.io.grpc.StatusRuntimeException: UNAVAILABLE: io exception
2019-09-11 03:16:31,719 [grpc-default-executor-6] INFO  impl.FollowerInfo (FollowerInfo.java:lambda$new$0(51)) - 67340b07-f44b-4075-83dc-7a68839c1bb0@group-C308026E702E->06bedc96-d276-4186-804c-441da3383ef1: nextIndex: updateUnconditionally 0 -> 0
2019-09-11 03:16:31,864 [java.util.concurrent.ThreadPoolExecutor$Worker@6b06f8e5[State = -1, empty queue]] WARN  server.GrpcLogAppender (GrpcLogAppender.java:timeoutAppendRequest(200)) - 53d5fcb5-8117-4632-855b-8768bb6778f7@group-D5F610D5601A->4b2356e4-aaef-4a34-8176-0946a74a854c-GrpcLogAppender: appendEntries Timeout, request=53d5fcb5-8117-4632-855b-8768bb6778f7->4b2356e4-aaef-4a34-8176-0946a74a854c#131-t2, previous=(t:2, i:20), leaderCommit=16, initializing? false, entries: <empty>
2019-09-11 03:16:31,878 [java.util.concurrent.ThreadPoolExecutor$Worker@3181497b[State = -1, empty queue]] WARN  server.GrpcLogAppender (GrpcLogAppender.java:timeoutAppendRequest(200)) - 12f94aba-1a41-4f36-aad5-fe218cdfc4f3@group-08832F9F56A9->02b9f8ce-4253-4591-af20-e5771c574668-GrpcLogAppender: appendEntries Timeout, request=12f94aba-1a41-4f36-aad5-fe218cdfc4f3->02b9f8ce-4253-4591-af20-e5771c574668#130-t2, previous=(t:2, i:20), leaderCommit=16, initializing? false, entries: <empty>
2019-09-11 03:16:31,878 [java.util.concurrent.ThreadPoolExecutor$Worker@635f4f78[State = -1, empty queue]] WARN  server.GrpcLogAppender (GrpcLogAppender.java:timeoutAppendRequest(200)) - 12f94aba-1a41-4f36-aad5-fe218cdfc4f3@group-08832F9F56A9->fd8937d2-ae9c-4754-9095-8c93aae9e6b7-GrpcLogAppender: appendEntries Timeout, request=12f94aba-1a41-4f36-aad5-fe218cdfc4f3->fd8937d2-ae9c-4754-9095-8c93aae9e6b7#130-t2, previous=(t:2, i:20), leaderCommit=16, initializing? false, entries: <empty>
2019-09-11 03:16:32,197 [java.util.concurrent.ThreadPoolExecutor$Worker@161c2cc8[State = -1, empty queue]] WARN  server.GrpcLogAppender (GrpcLogAppender.java:timeoutAppendRequest(200)) - 67340b07-f44b-4075-83dc-7a68839c1bb0@group-C308026E702E->8c88a939-76a6-48ec-b449-781feab56278-GrpcLogAppender: appendEntries Timeout, request=67340b07-f44b-4075-83dc-7a68839c1bb0->8c88a939-76a6-48ec-b449-781feab56278#131-t2, previous=(t:2, i:19), leaderCommit=15, initializing? false, entries: <empty>
2019-09-11 03:16:32,221 [grpc-default-executor-0] WARN  server.GrpcLogAppender (LogUtils.java:warn(134)) - 67340b07-f44b-4075-83dc-7a68839c1bb0@group-C308026E702E->06bedc96-d276-4186-804c-441da3383ef1-AppendLogResponseHandler: Failed appendEntries: org.apache.ratis.thirdparty.io.grpc.StatusRuntimeException: UNAVAILABLE: io exception
2019-09-11 03:16:32,222 [grpc-default-executor-0] INFO  impl.FollowerInfo (FollowerInfo.java:lambda$new$0(51)) - 67340b07-f44b-4075-83dc-7a68839c1bb0@group-C308026E702E->06bedc96-d276-4186-804c-441da3383ef1: nextIndex: updateUnconditionally 0 -> 0
2019-09-11 03:16:32,364 [java.util.concurrent.ThreadPoolExecutor$Worker@6b06f8e5[State = -1, empty queue]] WARN  server.GrpcLogAppender (GrpcLogAppender.java:timeoutAppendRequest(200)) - 53d5fcb5-8117-4632-855b-8768bb6778f7@group-D5F610D5601A->4b2356e4-aaef-4a34-8176-0946a74a854c-GrpcLogAppender: appendEntries Timeout, request=53d5fcb5-8117-4632-855b-8768bb6778f7->4b2356e4-aaef-4a34-8176-0946a74a854c#132-t2, previous=(t:2, i:20), leaderCommit=16, initializing? false, entries: <empty>
2019-09-11 03:16:32,378 [java.util.concurrent.ThreadPoolExecutor$Worker@3181497b[State = -1, empty queue]] WARN  server.GrpcLogAppender (GrpcLogAppender.java:timeoutAppendRequest(200)) - 12f94aba-1a41-4f36-aad5-fe218cdfc4f3@group-08832F9F56A9->02b9f8ce-4253-4591-af20-e5771c574668-GrpcLogAppender: appendEntries Timeout, request=12f94aba-1a41-4f36-aad5-fe218cdfc4f3->02b9f8ce-4253-4591-af20-e5771c574668#131-t2, previous=(t:2, i:20), leaderCommit=16, initializing? false, entries: <empty>
2019-09-11 03:16:32,378 [java.util.concurrent.ThreadPoolExecutor$Worker@635f4f78[State = -1, empty queue]] WARN  server.GrpcLogAppender (GrpcLogAppender.java:timeoutAppendRequest(200)) - 12f94aba-1a41-4f36-aad5-fe218cdfc4f3@group-08832F9F56A9->fd8937d2-ae9c-4754-9095-8c93aae9e6b7-GrpcLogAppender: appendEntries Timeout, request=12f94aba-1a41-4f36-aad5-fe218cdfc4f3->fd8937d2-ae9c-4754-9095-8c93aae9e6b7#131-t2, previous=(t:2, i:20), leaderCommit=16, initializing? false, entries: <empty>
2019-09-11 03:16:32,508 [grpc-default-executor-0] INFO  client.GrpcClientProtocolClient (GrpcClientProtocolClient.java:onNext(264)) - client-64EE3F930F86->02b9f8ce-4253-4591-af20-e5771c574668: receive RaftClientReply:client-64EE3F930F86->02b9f8ce-4253-4591-af20-e5771c574668@group-08832F9F56A9, cid=57, FAILED org.apache.ratis.protocol.NotLeaderException: Server 02b9f8ce-4253-4591-af20-e5771c574668@group-08832F9F56A9 is not the leader 12f94aba-1a41-4f36-aad5-fe218cdfc4f3:192.168.34.53:41482, logIndex=0, commits[02b9f8ce-4253-4591-af20-e5771c574668:c16, fd8937d2-ae9c-4754-9095-8c93aae9e6b7:c12, 12f94aba-1a41-4f36-aad5-fe218cdfc4f3:c16]
2019-09-11 03:16:32,698 [java.util.concurrent.ThreadPoolExecutor$Worker@161c2cc8[State = -1, empty queue]] WARN  server.GrpcLogAppender (GrpcLogAppender.java:timeoutAppendRequest(200)) - 67340b07-f44b-4075-83dc-7a68839c1bb0@group-C308026E702E->8c88a939-76a6-48ec-b449-781feab56278-GrpcLogAppender: appendEntries Timeout, request=67340b07-f44b-4075-83dc-7a68839c1bb0->8c88a939-76a6-48ec-b449-781feab56278#132-t2, previous=(t:2, i:19), leaderCommit=15, initializing? false, entries: <empty>
2019-09-11 03:16:32,721 [grpc-default-executor-6] WARN  server.GrpcLogAppender (LogUtils.java:warn(134)) - 67340b07-f44b-4075-83dc-7a68839c1bb0@group-C308026E702E->06bedc96-d276-4186-804c-441da3383ef1-AppendLogResponseHandler: Failed appendEntries: org.apache.ratis.thirdparty.io.grpc.StatusRuntimeException: UNAVAILABLE: io exception
2019-09-11 03:16:32,725 [grpc-default-executor-6] INFO  impl.FollowerInfo (FollowerInfo.java:lambda$new$0(51)) - 67340b07-f44b-4075-83dc-7a68839c1bb0@group-C308026E702E->06bedc96-d276-4186-804c-441da3383ef1: nextIndex: updateUnconditionally 0 -> 0
2019-09-11 03:16:32,865 [java.util.concurrent.ThreadPoolExecutor$Worker@6b06f8e5[State = -1, empty queue]] WARN  server.GrpcLogAppender (GrpcLogAppender.java:timeoutAppendRequest(200)) - 53d5fcb5-8117-4632-855b-8768bb6778f7@group-D5F610D5601A->4b2356e4-aaef-4a34-8176-0946a74a854c-GrpcLogAppender: appendEntries Timeout, request=53d5fcb5-8117-4632-855b-8768bb6778f7->4b2356e4-aaef-4a34-8176-0946a74a854c#133-t2, previous=(t:2, i:20), leaderCommit=16, initializing? false, entries: <empty>
2019-09-11 03:16:32,878 [java.util.concurrent.ThreadPoolExecutor$Worker@3181497b[State = -1, empty queue]] WARN  server.GrpcLogAppender (GrpcLogAppender.java:timeoutAppendRequest(200)) - 12f94aba-1a41-4f36-aad5-fe218cdfc4f3@group-08832F9F56A9->02b9f8ce-4253-4591-af20-e5771c574668-GrpcLogAppender: appendEntries Timeout, request=12f94aba-1a41-4f36-aad5-fe218cdfc4f3->02b9f8ce-4253-4591-af20-e5771c574668#132-t2, previous=(t:2, i:20), leaderCommit=16, initializing? false, entries: <empty>
2019-09-11 03:16:32,878 [java.util.concurrent.ThreadPoolExecutor$Worker@635f4f78[State = -1, empty queue]] WARN  server.GrpcLogAppender (GrpcLogAppender.java:timeoutAppendRequest(200)) - 12f94aba-1a41-4f36-aad5-fe218cdfc4f3@group-08832F9F56A9->fd8937d2-ae9c-4754-9095-8c93aae9e6b7-GrpcLogAppender: appendEntries Timeout, request=12f94aba-1a41-4f36-aad5-fe218cdfc4f3->fd8937d2-ae9c-4754-9095-8c93aae9e6b7#132-t2, previous=(t:2, i:20), leaderCommit=16, initializing? false, entries: <empty>
2019-09-11 03:16:33,198 [java.util.concurrent.ThreadPoolExecutor$Worker@161c2cc8[State = -1, empty queue]] WARN  server.GrpcLogAppender (GrpcLogAppender.java:timeoutAppendRequest(200)) - 67340b07-f44b-4075-83dc-7a68839c1bb0@group-C308026E702E->8c88a939-76a6-48ec-b449-781feab56278-GrpcLogAppender: appendEntries Timeout, request=67340b07-f44b-4075-83dc-7a68839c1bb0->8c88a939-76a6-48ec-b449-781feab56278#133-t2, previous=(t:2, i:19), leaderCommit=15, initializing? false, entries: <empty>
2019-09-11 03:16:33,222 [grpc-default-executor-1] WARN  server.GrpcLogAppender (LogUtils.java:warn(134)) - 67340b07-f44b-4075-83dc-7a68839c1bb0@group-C308026E702E->06bedc96-d276-4186-804c-441da3383ef1-AppendLogResponseHandler: Failed appendEntries: org.apache.ratis.thirdparty.io.grpc.StatusRuntimeException: UNAVAILABLE: io exception
2019-09-11 03:16:33,223 [grpc-default-executor-1] INFO  impl.FollowerInfo (FollowerInfo.java:lambda$new$0(51)) - 67340b07-f44b-4075-83dc-7a68839c1bb0@group-C308026E702E->06bedc96-d276-4186-804c-441da3383ef1: nextIndex: updateUnconditionally 0 -> 0
2019-09-11 03:16:33,334 [53d5fcb5-8117-4632-855b-8768bb6778f7@group-D5F610D5601A-SegmentedRaftLogWorker] WARN  segmented.SegmentedRaftLogWorker (SegmentedRaftLogWorker.java:getFromFuture(90)) - Timeout 3/~
org.apache.ratis.protocol.TimeoutIOException: Timeout 10s: WriteLog:17: (t:2, i:17), STATEMACHINELOGENTRY, client-84CCB07DAE59, cid=43-writeStateMachineData
	at org.apache.ratis.util.IOUtils.getFromFuture(IOUtils.java:87)
	at org.apache.ratis.server.raftlog.segmented.SegmentedRaftLogWorker$StateMachineDataPolicy.getFromFuture(SegmentedRaftLogWorker.java:87)
	at org.apache.ratis.server.raftlog.segmented.SegmentedRaftLogWorker$WriteLog.execute(SegmentedRaftLogWorker.java:477)
	at org.apache.ratis.server.raftlog.segmented.SegmentedRaftLogWorker.run(SegmentedRaftLogWorker.java:289)
	at java.lang.Thread.run(Thread.java:748)
Caused by: java.util.concurrent.TimeoutException
	at java.util.concurrent.CompletableFuture.timedGet(CompletableFuture.java:1771)
	at java.util.concurrent.CompletableFuture.get(CompletableFuture.java:1915)
	at org.apache.ratis.util.IOUtils.getFromFuture(IOUtils.java:79)
	... 4 more
2019-09-11 03:16:33,346 [4b2356e4-aaef-4a34-8176-0946a74a854c@group-D5F610D5601A-SegmentedRaftLogWorker] WARN  segmented.SegmentedRaftLogWorker (SegmentedRaftLogWorker.java:getFromFuture(90)) - Timeout 3/~
org.apache.ratis.protocol.TimeoutIOException: Timeout 10s: WriteLog:17: (t:2, i:17), STATEMACHINELOGENTRY, client-84CCB07DAE59, cid=43-writeStateMachineData
	at org.apache.ratis.util.IOUtils.getFromFuture(IOUtils.java:87)
	at org.apache.ratis.server.raftlog.segmented.SegmentedRaftLogWorker$StateMachineDataPolicy.getFromFuture(SegmentedRaftLogWorker.java:87)
	at org.apache.ratis.server.raftlog.segmented.SegmentedRaftLogWorker$WriteLog.execute(SegmentedRaftLogWorker.java:477)
	at org.apache.ratis.server.raftlog.segmented.SegmentedRaftLogWorker.run(SegmentedRaftLogWorker.java:289)
	at java.lang.Thread.run(Thread.java:748)
Caused by: java.util.concurrent.TimeoutException
	at java.util.concurrent.CompletableFuture.timedGet(CompletableFuture.java:1771)
	at java.util.concurrent.CompletableFuture.get(CompletableFuture.java:1915)
	at org.apache.ratis.util.IOUtils.getFromFuture(IOUtils.java:79)
	... 4 more
2019-09-11 03:16:33,365 [java.util.concurrent.ThreadPoolExecutor$Worker@6b06f8e5[State = -1, empty queue]] WARN  server.GrpcLogAppender (GrpcLogAppender.java:timeoutAppendRequest(200)) - 53d5fcb5-8117-4632-855b-8768bb6778f7@group-D5F610D5601A->4b2356e4-aaef-4a34-8176-0946a74a854c-GrpcLogAppender: appendEntries Timeout, request=53d5fcb5-8117-4632-855b-8768bb6778f7->4b2356e4-aaef-4a34-8176-0946a74a854c#134-t2, previous=(t:2, i:20), leaderCommit=16, initializing? false, entries: <empty>
2019-09-11 03:16:33,379 [java.util.concurrent.ThreadPoolExecutor$Worker@635f4f78[State = -1, empty queue]] WARN  server.GrpcLogAppender (GrpcLogAppender.java:timeoutAppendRequest(200)) - 12f94aba-1a41-4f36-aad5-fe218cdfc4f3@group-08832F9F56A9->fd8937d2-ae9c-4754-9095-8c93aae9e6b7-GrpcLogAppender: appendEntries Timeout, request=12f94aba-1a41-4f36-aad5-fe218cdfc4f3->fd8937d2-ae9c-4754-9095-8c93aae9e6b7#133-t2, previous=(t:2, i:20), leaderCommit=16, initializing? false, entries: <empty>
2019-09-11 03:16:33,379 [java.util.concurrent.ThreadPoolExecutor$Worker@3181497b[State = -1, empty queue]] WARN  server.GrpcLogAppender (GrpcLogAppender.java:timeoutAppendRequest(200)) - 12f94aba-1a41-4f36-aad5-fe218cdfc4f3@group-08832F9F56A9->02b9f8ce-4253-4591-af20-e5771c574668-GrpcLogAppender: appendEntries Timeout, request=12f94aba-1a41-4f36-aad5-fe218cdfc4f3->02b9f8ce-4253-4591-af20-e5771c574668#133-t2, previous=(t:2, i:20), leaderCommit=16, initializing? false, entries: <empty>
2019-09-11 03:16:33,698 [java.util.concurrent.ThreadPoolExecutor$Worker@161c2cc8[State = -1, empty queue]] WARN  server.GrpcLogAppender (GrpcLogAppender.java:timeoutAppendRequest(200)) - 67340b07-f44b-4075-83dc-7a68839c1bb0@group-C308026E702E->8c88a939-76a6-48ec-b449-781feab56278-GrpcLogAppender: appendEntries Timeout, request=67340b07-f44b-4075-83dc-7a68839c1bb0->8c88a939-76a6-48ec-b449-781feab56278#134-t2, previous=(t:2, i:19), leaderCommit=15, initializing? false, entries: <empty>
2019-09-11 03:16:33,716 [8c88a939-76a6-48ec-b449-781feab56278@group-C308026E702E-SegmentedRaftLogWorker] WARN  segmented.SegmentedRaftLogWorker (SegmentedRaftLogWorker.java:getFromFuture(90)) - Timeout 5/~
org.apache.ratis.protocol.TimeoutIOException: Timeout 10s: WriteLog:18: (t:2, i:18), STATEMACHINELOGENTRY, client-133138C33850, cid=31-writeStateMachineData
	at org.apache.ratis.util.IOUtils.getFromFuture(IOUtils.java:87)
	at org.apache.ratis.server.raftlog.segmented.SegmentedRaftLogWorker$StateMachineDataPolicy.getFromFuture(SegmentedRaftLogWorker.java:87)
	at org.apache.ratis.server.raftlog.segmented.SegmentedRaftLogWorker$WriteLog.execute(SegmentedRaftLogWorker.java:477)
	at org.apache.ratis.server.raftlog.segmented.SegmentedRaftLogWorker.run(SegmentedRaftLogWorker.java:289)
	at java.lang.Thread.run(Thread.java:748)
Caused by: java.util.concurrent.TimeoutException
	at java.util.concurrent.CompletableFuture.timedGet(CompletableFuture.java:1771)
	at java.util.concurrent.CompletableFuture.get(CompletableFuture.java:1915)
	at org.apache.ratis.util.IOUtils.getFromFuture(IOUtils.java:79)
	... 4 more
2019-09-11 03:16:33,723 [grpc-default-executor-0] WARN  server.GrpcLogAppender (LogUtils.java:warn(134)) - 67340b07-f44b-4075-83dc-7a68839c1bb0@group-C308026E702E->06bedc96-d276-4186-804c-441da3383ef1-AppendLogResponseHandler: Failed appendEntries: org.apache.ratis.thirdparty.io.grpc.StatusRuntimeException: UNAVAILABLE: io exception
2019-09-11 03:16:33,723 [grpc-default-executor-0] INFO  impl.FollowerInfo (FollowerInfo.java:lambda$new$0(51)) - 67340b07-f44b-4075-83dc-7a68839c1bb0@group-C308026E702E->06bedc96-d276-4186-804c-441da3383ef1: nextIndex: updateUnconditionally 0 -> 0
2019-09-11 03:16:33,771 [67340b07-f44b-4075-83dc-7a68839c1bb0@group-C308026E702E-SegmentedRaftLogWorker] WARN  segmented.SegmentedRaftLogWorker (SegmentedRaftLogWorker.java:getFromFuture(90)) - Timeout 5/~
org.apache.ratis.protocol.TimeoutIOException: Timeout 10s: WriteLog:18: (t:2, i:18), STATEMACHINELOGENTRY, client-133138C33850, cid=31-writeStateMachineData
	at org.apache.ratis.util.IOUtils.getFromFuture(IOUtils.java:87)
	at org.apache.ratis.server.raftlog.segmented.SegmentedRaftLogWorker$StateMachineDataPolicy.getFromFuture(SegmentedRaftLogWorker.java:87)
	at org.apache.ratis.server.raftlog.segmented.SegmentedRaftLogWorker$WriteLog.execute(SegmentedRaftLogWorker.java:477)
	at org.apache.ratis.server.raftlog.segmented.SegmentedRaftLogWorker.run(SegmentedRaftLogWorker.java:289)
	at java.lang.Thread.run(Thread.java:748)
Caused by: java.util.concurrent.TimeoutException
	at java.util.concurrent.CompletableFuture.timedGet(CompletableFuture.java:1771)
	at java.util.concurrent.CompletableFuture.get(CompletableFuture.java:1915)
	at org.apache.ratis.util.IOUtils.getFromFuture(IOUtils.java:79)
	... 4 more
2019-09-11 03:16:33,865 [java.util.concurrent.ThreadPoolExecutor$Worker@6b06f8e5[State = -1, empty queue]] WARN  server.GrpcLogAppender (GrpcLogAppender.java:timeoutAppendRequest(200)) - 53d5fcb5-8117-4632-855b-8768bb6778f7@group-D5F610D5601A->4b2356e4-aaef-4a34-8176-0946a74a854c-GrpcLogAppender: appendEntries Timeout, request=53d5fcb5-8117-4632-855b-8768bb6778f7->4b2356e4-aaef-4a34-8176-0946a74a854c#135-t2, previous=(t:2, i:20), leaderCommit=16, initializing? false, entries: <empty>
2019-09-11 03:16:33,879 [java.util.concurrent.ThreadPoolExecutor$Worker@635f4f78[State = -1, empty queue]] WARN  server.GrpcLogAppender (GrpcLogAppender.java:timeoutAppendRequest(200)) - 12f94aba-1a41-4f36-aad5-fe218cdfc4f3@group-08832F9F56A9->fd8937d2-ae9c-4754-9095-8c93aae9e6b7-GrpcLogAppender: appendEntries Timeout, request=12f94aba-1a41-4f36-aad5-fe218cdfc4f3->fd8937d2-ae9c-4754-9095-8c93aae9e6b7#134-t2, previous=(t:2, i:20), leaderCommit=16, initializing? false, entries: <empty>
2019-09-11 03:16:33,879 [java.util.concurrent.ThreadPoolExecutor$Worker@3181497b[State = -1, empty queue]] WARN  server.GrpcLogAppender (GrpcLogAppender.java:timeoutAppendRequest(200)) - 12f94aba-1a41-4f36-aad5-fe218cdfc4f3@group-08832F9F56A9->02b9f8ce-4253-4591-af20-e5771c574668-GrpcLogAppender: appendEntries Timeout, request=12f94aba-1a41-4f36-aad5-fe218cdfc4f3->02b9f8ce-4253-4591-af20-e5771c574668#134-t2, previous=(t:2, i:20), leaderCommit=16, initializing? false, entries: <empty>
2019-09-11 03:16:34,199 [java.util.concurrent.ThreadPoolExecutor$Worker@161c2cc8[State = -1, empty queue]] WARN  server.GrpcLogAppender (GrpcLogAppender.java:timeoutAppendRequest(200)) - 67340b07-f44b-4075-83dc-7a68839c1bb0@group-C308026E702E->8c88a939-76a6-48ec-b449-781feab56278-GrpcLogAppender: appendEntries Timeout, request=67340b07-f44b-4075-83dc-7a68839c1bb0->8c88a939-76a6-48ec-b449-781feab56278#135-t2, previous=(t:2, i:19), leaderCommit=15, initializing? false, entries: <empty>
2019-09-11 03:16:34,224 [grpc-default-executor-1] WARN  server.GrpcLogAppender (LogUtils.java:warn(134)) - 67340b07-f44b-4075-83dc-7a68839c1bb0@group-C308026E702E->06bedc96-d276-4186-804c-441da3383ef1-AppendLogResponseHandler: Failed appendEntries: org.apache.ratis.thirdparty.io.grpc.StatusRuntimeException: UNAVAILABLE: io exception
2019-09-11 03:16:34,225 [grpc-default-executor-1] INFO  impl.FollowerInfo (FollowerInfo.java:lambda$new$0(51)) - 67340b07-f44b-4075-83dc-7a68839c1bb0@group-C308026E702E->06bedc96-d276-4186-804c-441da3383ef1: nextIndex: updateUnconditionally 0 -> 0
2019-09-11 03:16:34,366 [java.util.concurrent.ThreadPoolExecutor$Worker@6b06f8e5[State = -1, empty queue]] WARN  server.GrpcLogAppender (GrpcLogAppender.java:timeoutAppendRequest(200)) - 53d5fcb5-8117-4632-855b-8768bb6778f7@group-D5F610D5601A->4b2356e4-aaef-4a34-8176-0946a74a854c-GrpcLogAppender: appendEntries Timeout, request=53d5fcb5-8117-4632-855b-8768bb6778f7->4b2356e4-aaef-4a34-8176-0946a74a854c#136-t2, previous=(t:2, i:20), leaderCommit=16, initializing? false, entries: <empty>
2019-09-11 03:16:34,380 [java.util.concurrent.ThreadPoolExecutor$Worker@635f4f78[State = -1, empty queue]] WARN  server.GrpcLogAppender (GrpcLogAppender.java:timeoutAppendRequest(200)) - 12f94aba-1a41-4f36-aad5-fe218cdfc4f3@group-08832F9F56A9->fd8937d2-ae9c-4754-9095-8c93aae9e6b7-GrpcLogAppender: appendEntries Timeout, request=12f94aba-1a41-4f36-aad5-fe218cdfc4f3->fd8937d2-ae9c-4754-9095-8c93aae9e6b7#135-t2, previous=(t:2, i:20), leaderCommit=16, initializing? false, entries: <empty>
2019-09-11 03:16:34,380 [java.util.concurrent.ThreadPoolExecutor$Worker@3181497b[State = -1, empty queue]] WARN  server.GrpcLogAppender (GrpcLogAppender.java:timeoutAppendRequest(200)) - 12f94aba-1a41-4f36-aad5-fe218cdfc4f3@group-08832F9F56A9->02b9f8ce-4253-4591-af20-e5771c574668-GrpcLogAppender: appendEntries Timeout, request=12f94aba-1a41-4f36-aad5-fe218cdfc4f3->02b9f8ce-4253-4591-af20-e5771c574668#135-t2, previous=(t:2, i:20), leaderCommit=16, initializing? false, entries: <empty>
2019-09-11 03:16:34,699 [java.util.concurrent.ThreadPoolExecutor$Worker@161c2cc8[State = -1, empty queue]] WARN  server.GrpcLogAppender (GrpcLogAppender.java:timeoutAppendRequest(200)) - 67340b07-f44b-4075-83dc-7a68839c1bb0@group-C308026E702E->8c88a939-76a6-48ec-b449-781feab56278-GrpcLogAppender: appendEntries Timeout, request=67340b07-f44b-4075-83dc-7a68839c1bb0->8c88a939-76a6-48ec-b449-781feab56278#136-t2, previous=(t:2, i:19), leaderCommit=15, initializing? false, entries: <empty>
2019-09-11 03:16:34,726 [grpc-default-executor-0] WARN  server.GrpcLogAppender (LogUtils.java:warn(134)) - 67340b07-f44b-4075-83dc-7a68839c1bb0@group-C308026E702E->06bedc96-d276-4186-804c-441da3383ef1-AppendLogResponseHandler: Failed appendEntries: org.apache.ratis.thirdparty.io.grpc.StatusRuntimeException: UNAVAILABLE: io exception
2019-09-11 03:16:34,727 [grpc-default-executor-0] INFO  impl.FollowerInfo (FollowerInfo.java:lambda$new$0(51)) - 67340b07-f44b-4075-83dc-7a68839c1bb0@group-C308026E702E->06bedc96-d276-4186-804c-441da3383ef1: nextIndex: updateUnconditionally 0 -> 0
2019-09-11 03:16:34,866 [java.util.concurrent.ThreadPoolExecutor$Worker@6b06f8e5[State = -1, empty queue]] WARN  server.GrpcLogAppender (GrpcLogAppender.java:timeoutAppendRequest(200)) - 53d5fcb5-8117-4632-855b-8768bb6778f7@group-D5F610D5601A->4b2356e4-aaef-4a34-8176-0946a74a854c-GrpcLogAppender: appendEntries Timeout, request=53d5fcb5-8117-4632-855b-8768bb6778f7->4b2356e4-aaef-4a34-8176-0946a74a854c#137-t2, previous=(t:2, i:20), leaderCommit=16, initializing? false, entries: <empty>
2019-09-11 03:16:34,880 [java.util.concurrent.ThreadPoolExecutor$Worker@635f4f78[State = -1, empty queue]] WARN  server.GrpcLogAppender (GrpcLogAppender.java:timeoutAppendRequest(200)) - 12f94aba-1a41-4f36-aad5-fe218cdfc4f3@group-08832F9F56A9->fd8937d2-ae9c-4754-9095-8c93aae9e6b7-GrpcLogAppender: appendEntries Timeout, request=12f94aba-1a41-4f36-aad5-fe218cdfc4f3->fd8937d2-ae9c-4754-9095-8c93aae9e6b7#136-t2, previous=(t:2, i:20), leaderCommit=16, initializing? false, entries: <empty>
2019-09-11 03:16:34,880 [java.util.concurrent.ThreadPoolExecutor$Worker@3181497b[State = -1, empty queue]] WARN  server.GrpcLogAppender (GrpcLogAppender.java:timeoutAppendRequest(200)) - 12f94aba-1a41-4f36-aad5-fe218cdfc4f3@group-08832F9F56A9->02b9f8ce-4253-4591-af20-e5771c574668-GrpcLogAppender: appendEntries Timeout, request=12f94aba-1a41-4f36-aad5-fe218cdfc4f3->02b9f8ce-4253-4591-af20-e5771c574668#136-t2, previous=(t:2, i:20), leaderCommit=16, initializing? false, entries: <empty>
2019-09-11 03:16:35,200 [java.util.concurrent.ThreadPoolExecutor$Worker@161c2cc8[State = -1, empty queue]] WARN  server.GrpcLogAppender (GrpcLogAppender.java:timeoutAppendRequest(200)) - 67340b07-f44b-4075-83dc-7a68839c1bb0@group-C308026E702E->8c88a939-76a6-48ec-b449-781feab56278-GrpcLogAppender: appendEntries Timeout, request=67340b07-f44b-4075-83dc-7a68839c1bb0->8c88a939-76a6-48ec-b449-781feab56278#137-t2, previous=(t:2, i:19), leaderCommit=15, initializing? false, entries: <empty>
2019-09-11 03:16:35,226 [grpc-default-executor-1] WARN  server.GrpcLogAppender (LogUtils.java:warn(134)) - 67340b07-f44b-4075-83dc-7a68839c1bb0@group-C308026E702E->06bedc96-d276-4186-804c-441da3383ef1-AppendLogResponseHandler: Failed appendEntries: org.apache.ratis.thirdparty.io.grpc.StatusRuntimeException: UNAVAILABLE: io exception
2019-09-11 03:16:35,226 [grpc-default-executor-1] INFO  impl.FollowerInfo (FollowerInfo.java:lambda$new$0(51)) - 67340b07-f44b-4075-83dc-7a68839c1bb0@group-C308026E702E->06bedc96-d276-4186-804c-441da3383ef1: nextIndex: updateUnconditionally 0 -> 0
2019-09-11 03:16:35,366 [java.util.concurrent.ThreadPoolExecutor$Worker@6b06f8e5[State = -1, empty queue]] WARN  server.GrpcLogAppender (GrpcLogAppender.java:timeoutAppendRequest(200)) - 53d5fcb5-8117-4632-855b-8768bb6778f7@group-D5F610D5601A->4b2356e4-aaef-4a34-8176-0946a74a854c-GrpcLogAppender: appendEntries Timeout, request=53d5fcb5-8117-4632-855b-8768bb6778f7->4b2356e4-aaef-4a34-8176-0946a74a854c#138-t2, previous=(t:2, i:20), leaderCommit=16, initializing? false, entries: <empty>
2019-09-11 03:16:35,380 [java.util.concurrent.ThreadPoolExecutor$Worker@3181497b[State = -1, empty queue]] WARN  server.GrpcLogAppender (GrpcLogAppender.java:timeoutAppendRequest(200)) - 12f94aba-1a41-4f36-aad5-fe218cdfc4f3@group-08832F9F56A9->02b9f8ce-4253-4591-af20-e5771c574668-GrpcLogAppender: appendEntries Timeout, request=12f94aba-1a41-4f36-aad5-fe218cdfc4f3->02b9f8ce-4253-4591-af20-e5771c574668#137-t2, previous=(t:2, i:20), leaderCommit=16, initializing? false, entries: <empty>
2019-09-11 03:16:35,380 [java.util.concurrent.ThreadPoolExecutor$Worker@635f4f78[State = -1, empty queue]] WARN  server.GrpcLogAppender (GrpcLogAppender.java:timeoutAppendRequest(200)) - 12f94aba-1a41-4f36-aad5-fe218cdfc4f3@group-08832F9F56A9->fd8937d2-ae9c-4754-9095-8c93aae9e6b7-GrpcLogAppender: appendEntries Timeout, request=12f94aba-1a41-4f36-aad5-fe218cdfc4f3->fd8937d2-ae9c-4754-9095-8c93aae9e6b7#137-t2, previous=(t:2, i:20), leaderCommit=16, initializing? false, entries: <empty>
2019-09-11 03:16:35,536 [main] WARN  io.KeyOutputStream (KeyOutputStream.java:handleException(276)) - Encountered exception java.io.IOException: Unexpected Storage Container Exception: java.util.concurrent.CompletionException: java.util.concurrent.CompletionException: org.apache.ratis.protocol.RaftRetryFailureException: Failed RaftClientRequest:client-64EE3F930F86->12f94aba-1a41-4f36-aad5-fe218cdfc4f3@group-08832F9F56A9, cid=57, seq=9*, RW, org.apache.hadoop.hdds.scm.XceiverClientRatis$$Lambda$537/787298292@aadb49a for 10 attempts with RetryLimited(maxAttempts=10, sleepTime=1000ms) on the pipeline Pipeline[ Id: 2ba24a89-d0aa-47ca-b633-08832f9f56a9, Nodes: fd8937d2-ae9c-4754-9095-8c93aae9e6b7{ip: 192.168.34.53, host: pr-hdds-2107-sbngl-2106859965, networkLocation: /default-rack, certSerialId: null}12f94aba-1a41-4f36-aad5-fe218cdfc4f3{ip: 192.168.34.53, host: pr-hdds-2107-sbngl-2106859965, networkLocation: /default-rack, certSerialId: null}02b9f8ce-4253-4591-af20-e5771c574668{ip: 192.168.34.53, host: pr-hdds-2107-sbngl-2106859965, networkLocation: /default-rack, certSerialId: null}, Type:RATIS, Factor:THREE, State:OPEN]. The last committed block length is 0, uncommitted data length is 2097152 retry count 0
2019-09-11 03:16:35,565 [IPC Server handler 18 on 37790] WARN  block.BlockManagerImpl (BlockManagerImpl.java:allocateBlock(192)) - Pipeline creation failed for type:RATIS factor:THREE. Retrying get pipelines call once.
org.apache.hadoop.hdds.scm.pipeline.InsufficientDatanodesException: Cannot create pipeline of factor 3 using 1 nodes.
	at org.apache.hadoop.hdds.scm.pipeline.RatisPipelineProvider.create(RatisPipelineProvider.java:152)
	at org.apache.hadoop.hdds.scm.pipeline.PipelineFactory.create(PipelineFactory.java:57)
	at org.apache.hadoop.hdds.scm.pipeline.SCMPipelineManager.createPipeline(SCMPipelineManager.java:151)
	at org.apache.hadoop.hdds.scm.block.BlockManagerImpl.allocateBlock(BlockManagerImpl.java:190)
	at org.apache.hadoop.hdds.scm.server.SCMBlockProtocolServer.allocateBlock(SCMBlockProtocolServer.java:182)
	at org.apache.hadoop.ozone.protocolPB.ScmBlockLocationProtocolServerSideTranslatorPB.allocateScmBlock(ScmBlockLocationProtocolServerSideTranslatorPB.java:183)
	at org.apache.hadoop.ozone.protocolPB.ScmBlockLocationProtocolServerSideTranslatorPB.processMessage(ScmBlockLocationProtocolServerSideTranslatorPB.java:141)
	at org.apache.hadoop.ozone.protocolPB.ScmBlockLocationProtocolServerSideTranslatorPB.send(ScmBlockLocationProtocolServerSideTranslatorPB.java:116)
	at org.apache.hadoop.hdds.protocol.proto.ScmBlockLocationProtocolProtos$ScmBlockLocationProtocolService$2.callBlockingMethod(ScmBlockLocationProtocolProtos.java:13157)
	at org.apache.hadoop.ipc.ProtobufRpcEngine$Server$ProtoBufRpcInvoker.call(ProtobufRpcEngine.java:524)
	at org.apache.hadoop.ipc.RPC$Server.call(RPC.java:1025)
	at org.apache.hadoop.ipc.Server$RpcCall.run(Server.java:876)
	at org.apache.hadoop.ipc.Server$RpcCall.run(Server.java:822)
	at java.security.AccessController.doPrivileged(Native Method)
	at javax.security.auth.Subject.doAs(Subject.java:422)
	at org.apache.hadoop.security.UserGroupInformation.doAs(UserGroupInformation.java:1730)
	at org.apache.hadoop.ipc.Server$Handler.run(Server.java:2682)
2019-09-11 03:16:35,568 [IPC Server handler 18 on 37790] INFO  block.BlockManagerImpl (BlockManagerImpl.java:allocateBlock(198)) - Could not find available pipeline of type:RATIS and factor:THREE even after retrying
2019-09-11 03:16:35,568 [IPC Server handler 18 on 37790] ERROR block.BlockManagerImpl (BlockManagerImpl.java:allocateBlock(222)) - Unable to allocate a block for the size: 4194304, type: RATIS, factor: THREE
2019-09-11 03:16:35,575 [main] ERROR io.BlockOutputStreamEntryPool (BlockOutputStreamEntryPool.java:allocateBlockIfNeeded(299)) - Try to allocate more blocks for write failed, already allocated 0 blocks for this write.
INTERNAL_ERROR org.apache.hadoop.ozone.om.exceptions.OMException: Allocated 0 blocks. Requested 1 blocks
	at org.apache.hadoop.ozone.om.protocolPB.OzoneManagerProtocolClientSideTranslatorPB.handleError(OzoneManagerProtocolClientSideTranslatorPB.java:725)
	at org.apache.hadoop.ozone.om.protocolPB.OzoneManagerProtocolClientSideTranslatorPB.allocateBlock(OzoneManagerProtocolClientSideTranslatorPB.java:757)
	at org.apache.hadoop.ozone.client.io.BlockOutputStreamEntryPool.allocateNewBlock(BlockOutputStreamEntryPool.java:248)
	at org.apache.hadoop.ozone.client.io.BlockOutputStreamEntryPool.allocateBlockIfNeeded(BlockOutputStreamEntryPool.java:296)
	at org.apache.hadoop.ozone.client.io.KeyOutputStream.handleWrite(KeyOutputStream.java:201)
	at org.apache.hadoop.ozone.client.io.KeyOutputStream.handleRetry(KeyOutputStream.java:376)
	at org.apache.hadoop.ozone.client.io.KeyOutputStream.handleException(KeyOutputStream.java:325)
	at org.apache.hadoop.ozone.client.io.KeyOutputStream.handleWrite(KeyOutputStream.java:231)
	at org.apache.hadoop.ozone.client.io.KeyOutputStream.write(KeyOutputStream.java:193)
	at org.apache.hadoop.ozone.client.io.OzoneOutputStream.write(OzoneOutputStream.java:49)
	at java.io.OutputStream.write(OutputStream.java:75)
	at org.apache.hadoop.ozone.client.rpc.TestMultiBlockWritesWithDnFailures.testMultiBlockWritesWithIntermittentDnFailures(TestMultiBlockWritesWithDnFailures.java:192)
	at sun.reflect.NativeMethodAccessorImpl.invoke0(Native Method)
	at sun.reflect.NativeMethodAccessorImpl.invoke(NativeMethodAccessorImpl.java:62)
	at sun.reflect.DelegatingMethodAccessorImpl.invoke(DelegatingMethodAccessorImpl.java:43)
	at java.lang.reflect.Method.invoke(Method.java:498)
	at org.junit.runners.model.FrameworkMethod$1.runReflectiveCall(FrameworkMethod.java:47)
	at org.junit.internal.runners.model.ReflectiveCallable.run(ReflectiveCallable.java:12)
	at org.junit.runners.model.FrameworkMethod.invokeExplosively(FrameworkMethod.java:44)
	at org.junit.internal.runners.statements.InvokeMethod.evaluate(InvokeMethod.java:17)
	at org.junit.internal.runners.statements.RunAfters.evaluate(RunAfters.java:27)
	at org.junit.runners.ParentRunner.runLeaf(ParentRunner.java:271)
	at org.junit.runners.BlockJUnit4ClassRunner.runChild(BlockJUnit4ClassRunner.java:70)
	at org.junit.runners.BlockJUnit4ClassRunner.runChild(BlockJUnit4ClassRunner.java:50)
	at org.junit.runners.ParentRunner$3.run(ParentRunner.java:238)
	at org.junit.runners.ParentRunner$1.schedule(ParentRunner.java:63)
	at org.junit.runners.ParentRunner.runChildren(ParentRunner.java:236)
	at org.junit.runners.ParentRunner.access$000(ParentRunner.java:53)
	at org.junit.runners.ParentRunner$2.evaluate(ParentRunner.java:229)
	at org.junit.runners.ParentRunner.run(ParentRunner.java:309)
	at org.apache.maven.surefire.junit4.JUnit4Provider.execute(JUnit4Provider.java:365)
	at org.apache.maven.surefire.junit4.JUnit4Provider.executeWithRerun(JUnit4Provider.java:273)
	at org.apache.maven.surefire.junit4.JUnit4Provider.executeTestSet(JUnit4Provider.java:238)
	at org.apache.maven.surefire.junit4.JUnit4Provider.invoke(JUnit4Provider.java:159)
	at org.apache.maven.surefire.booter.ForkedBooter.invokeProviderInSameClassLoader(ForkedBooter.java:384)
	at org.apache.maven.surefire.booter.ForkedBooter.runSuitesInProcess(ForkedBooter.java:345)
	at org.apache.maven.surefire.booter.ForkedBooter.execute(ForkedBooter.java:126)
	at org.apache.maven.surefire.booter.ForkedBooter.main(ForkedBooter.java:418)
2019-09-11 03:16:35,581 [main] INFO  ozone.MiniOzoneClusterImpl (MiniOzoneClusterImpl.java:shutdown(307)) - Shutting down the Mini Ozone Cluster
2019-09-11 03:16:35,582 [main] INFO  ozone.MiniOzoneClusterImpl (MiniOzoneClusterImpl.java:stop(322)) - Stopping the Mini Ozone Cluster
2019-09-11 03:16:35,582 [main] INFO  ozone.MiniOzoneClusterImpl (MiniOzoneClusterImpl.java:stop(324)) - Stopping the OzoneManager
2019-09-11 03:16:35,583 [main] INFO  ipc.Server (Server.java:stop(3082)) - Stopping server on 40378
2019-09-11 03:16:35,596 [main] INFO  ratis.OzoneManagerDoubleBuffer (OzoneManagerDoubleBuffer.java:stop(248)) - Stopping OMDoubleBuffer flush thread
2019-09-11 03:16:35,599 [IPC Server listener on 40378] INFO  ipc.Server (Server.java:run(1185)) - Stopping IPC Server listener on 40378
2019-09-11 03:16:35,601 [IPC Server Responder] INFO  ipc.Server (Server.java:run(1319)) - Stopping IPC Server Responder
2019-09-11 03:16:35,606 [OMDoubleBufferFlushThread] INFO  ratis.OzoneManagerDoubleBuffer (OzoneManagerDoubleBuffer.java:flushTransactions(191)) - OMDoubleBuffer flush thread OMDoubleBufferFlushThread is interrupted and will exit. OMDoubleBufferFlushThread
2019-09-11 03:16:35,618 [main] INFO  utils.BackgroundService (BackgroundService.java:shutdown(148)) - Shutting down service KeyDeletingService
2019-09-11 03:16:35,644 [main] INFO  handler.ContextHandler (ContextHandler.java:doStop(910)) - Stopped o.e.j.w.WebAppContext@444548a0{/,null,UNAVAILABLE}{/ozoneManager}
2019-09-11 03:16:35,645 [main] INFO  server.AbstractConnector (AbstractConnector.java:doStop(318)) - Stopped ServerConnector@3766c667{HTTP/1.1,[http/1.1]}{0.0.0.0:0}
2019-09-11 03:16:35,646 [main] INFO  handler.ContextHandler (ContextHandler.java:doStop(910)) - Stopped o.e.j.s.ServletContextHandler@2571066a{/static,file:///workdir/hadoop-ozone/integration-test/target/test-classes/webapps/static,UNAVAILABLE}
2019-09-11 03:16:35,646 [main] INFO  handler.ContextHandler (ContextHandler.java:doStop(910)) - Stopped o.e.j.s.ServletContextHandler@25d3cfc8{/logs,file:///workdir/hadoop-ozone/integration-test/target/log,UNAVAILABLE}
2019-09-11 03:16:35,661 [main] INFO  ozone.MiniOzoneClusterImpl (MiniOzoneClusterImpl.java:stop(330)) - Shutting the HddsDatanodes
2019-09-11 03:16:35,700 [java.util.concurrent.ThreadPoolExecutor$Worker@161c2cc8[State = -1, empty queue]] WARN  server.GrpcLogAppender (GrpcLogAppender.java:timeoutAppendRequest(200)) - 67340b07-f44b-4075-83dc-7a68839c1bb0@group-C308026E702E->8c88a939-76a6-48ec-b449-781feab56278-GrpcLogAppender: appendEntries Timeout, request=67340b07-f44b-4075-83dc-7a68839c1bb0->8c88a939-76a6-48ec-b449-781feab56278#138-t2, previous=(t:2, i:19), leaderCommit=15, initializing? false, entries: <empty>
2019-09-11 03:16:35,725 [Datanode State Machine Thread - 0] INFO  statemachine.DatanodeStateMachine (DatanodeStateMachine.java:lambda$startDaemon$0(350)) - Ozone container server started.
2019-09-11 03:16:35,727 [grpc-default-executor-0] WARN  server.GrpcLogAppender (LogUtils.java:warn(134)) - 67340b07-f44b-4075-83dc-7a68839c1bb0@group-C308026E702E->06bedc96-d276-4186-804c-441da3383ef1-AppendLogResponseHandler: Failed appendEntries: org.apache.ratis.thirdparty.io.grpc.StatusRuntimeException: UNAVAILABLE: io exception
2019-09-11 03:16:35,728 [grpc-default-executor-0] INFO  impl.FollowerInfo (FollowerInfo.java:lambda$new$0(51)) - 67340b07-f44b-4075-83dc-7a68839c1bb0@group-C308026E702E->06bedc96-d276-4186-804c-441da3383ef1: nextIndex: updateUnconditionally 0 -> 0
2019-09-11 03:16:35,759 [Datanode State Machine Thread - 0] INFO  statemachine.DatanodeStateMachine (DatanodeStateMachine.java:lambda$startDaemon$0(350)) - Ozone container server started.
2019-09-11 03:16:35,866 [java.util.concurrent.ThreadPoolExecutor$Worker@6b06f8e5[State = -1, empty queue]] WARN  server.GrpcLogAppender (GrpcLogAppender.java:timeoutAppendRequest(200)) - 53d5fcb5-8117-4632-855b-8768bb6778f7@group-D5F610D5601A->4b2356e4-aaef-4a34-8176-0946a74a854c-GrpcLogAppender: appendEntries Timeout, request=53d5fcb5-8117-4632-855b-8768bb6778f7->4b2356e4-aaef-4a34-8176-0946a74a854c#139-t2, previous=(t:2, i:20), leaderCommit=16, initializing? false, entries: <empty>
2019-09-11 03:16:35,880 [java.util.concurrent.ThreadPoolExecutor$Worker@3181497b[State = -1, empty queue]] WARN  server.GrpcLogAppender (GrpcLogAppender.java:timeoutAppendRequest(200)) - 12f94aba-1a41-4f36-aad5-fe218cdfc4f3@group-08832F9F56A9->02b9f8ce-4253-4591-af20-e5771c574668-GrpcLogAppender: appendEntries Timeout, request=12f94aba-1a41-4f36-aad5-fe218cdfc4f3->02b9f8ce-4253-4591-af20-e5771c574668#138-t2, previous=(t:2, i:20), leaderCommit=16, initializing? false, entries: <empty>
2019-09-11 03:16:35,880 [java.util.concurrent.ThreadPoolExecutor$Worker@635f4f78[State = -1, empty queue]] WARN  server.GrpcLogAppender (GrpcLogAppender.java:timeoutAppendRequest(200)) - 12f94aba-1a41-4f36-aad5-fe218cdfc4f3@group-08832F9F56A9->fd8937d2-ae9c-4754-9095-8c93aae9e6b7-GrpcLogAppender: appendEntries Timeout, request=12f94aba-1a41-4f36-aad5-fe218cdfc4f3->fd8937d2-ae9c-4754-9095-8c93aae9e6b7#138-t2, previous=(t:2, i:20), leaderCommit=16, initializing? false, entries: <empty>
2019-09-11 03:16:36,200 [java.util.concurrent.ThreadPoolExecutor$Worker@161c2cc8[State = -1, empty queue]] WARN  server.GrpcLogAppender (GrpcLogAppender.java:timeoutAppendRequest(200)) - 67340b07-f44b-4075-83dc-7a68839c1bb0@group-C308026E702E->8c88a939-76a6-48ec-b449-781feab56278-GrpcLogAppender: appendEntries Timeout, request=67340b07-f44b-4075-83dc-7a68839c1bb0->8c88a939-76a6-48ec-b449-781feab56278#139-t2, previous=(t:2, i:19), leaderCommit=15, initializing? false, entries: <empty>
2019-09-11 03:16:36,228 [grpc-default-executor-6] WARN  server.GrpcLogAppender (LogUtils.java:warn(134)) - 67340b07-f44b-4075-83dc-7a68839c1bb0@group-C308026E702E->06bedc96-d276-4186-804c-441da3383ef1-AppendLogResponseHandler: Failed appendEntries: org.apache.ratis.thirdparty.io.grpc.StatusRuntimeException: UNAVAILABLE: io exception
2019-09-11 03:16:36,228 [grpc-default-executor-6] INFO  impl.FollowerInfo (FollowerInfo.java:lambda$new$0(51)) - 67340b07-f44b-4075-83dc-7a68839c1bb0@group-C308026E702E->06bedc96-d276-4186-804c-441da3383ef1: nextIndex: updateUnconditionally 0 -> 0
2019-09-11 03:16:36,367 [java.util.concurrent.ThreadPoolExecutor$Worker@6b06f8e5[State = -1, empty queue]] WARN  server.GrpcLogAppender (GrpcLogAppender.java:timeoutAppendRequest(200)) - 53d5fcb5-8117-4632-855b-8768bb6778f7@group-D5F610D5601A->4b2356e4-aaef-4a34-8176-0946a74a854c-GrpcLogAppender: appendEntries Timeout, request=53d5fcb5-8117-4632-855b-8768bb6778f7->4b2356e4-aaef-4a34-8176-0946a74a854c#140-t2, previous=(t:2, i:20), leaderCommit=16, initializing? false, entries: <empty>
2019-09-11 03:16:36,381 [java.util.concurrent.ThreadPoolExecutor$Worker@3181497b[State = -1, empty queue]] WARN  server.GrpcLogAppender (GrpcLogAppender.java:timeoutAppendRequest(200)) - 12f94aba-1a41-4f36-aad5-fe218cdfc4f3@group-08832F9F56A9->02b9f8ce-4253-4591-af20-e5771c574668-GrpcLogAppender: appendEntries Timeout, request=12f94aba-1a41-4f36-aad5-fe218cdfc4f3->02b9f8ce-4253-4591-af20-e5771c574668#139-t2, previous=(t:2, i:20), leaderCommit=16, initializing? false, entries: <empty>
2019-09-11 03:16:36,381 [java.util.concurrent.ThreadPoolExecutor$Worker@635f4f78[State = -1, empty queue]] WARN  server.GrpcLogAppender (GrpcLogAppender.java:timeoutAppendRequest(200)) - 12f94aba-1a41-4f36-aad5-fe218cdfc4f3@group-08832F9F56A9->fd8937d2-ae9c-4754-9095-8c93aae9e6b7-GrpcLogAppender: appendEntries Timeout, request=12f94aba-1a41-4f36-aad5-fe218cdfc4f3->fd8937d2-ae9c-4754-9095-8c93aae9e6b7#139-t2, previous=(t:2, i:20), leaderCommit=16, initializing? false, entries: <empty>
2019-09-11 03:16:36,701 [java.util.concurrent.ThreadPoolExecutor$Worker@161c2cc8[State = -1, empty queue]] WARN  server.GrpcLogAppender (GrpcLogAppender.java:timeoutAppendRequest(200)) - 67340b07-f44b-4075-83dc-7a68839c1bb0@group-C308026E702E->8c88a939-76a6-48ec-b449-781feab56278-GrpcLogAppender: appendEntries Timeout, request=67340b07-f44b-4075-83dc-7a68839c1bb0->8c88a939-76a6-48ec-b449-781feab56278#140-t2, previous=(t:2, i:19), leaderCommit=15, initializing? false, entries: <empty>
2019-09-11 03:16:36,747 [grpc-default-executor-0] WARN  server.GrpcLogAppender (LogUtils.java:warn(134)) - 67340b07-f44b-4075-83dc-7a68839c1bb0@group-C308026E702E->06bedc96-d276-4186-804c-441da3383ef1-AppendLogResponseHandler: Failed appendEntries: org.apache.ratis.thirdparty.io.grpc.StatusRuntimeException: UNAVAILABLE: io exception
2019-09-11 03:16:36,748 [grpc-default-executor-0] INFO  impl.FollowerInfo (FollowerInfo.java:lambda$new$0(51)) - 67340b07-f44b-4075-83dc-7a68839c1bb0@group-C308026E702E->06bedc96-d276-4186-804c-441da3383ef1: nextIndex: updateUnconditionally 0 -> 0
2019-09-11 03:16:36,867 [java.util.concurrent.ThreadPoolExecutor$Worker@6b06f8e5[State = -1, empty queue]] WARN  server.GrpcLogAppender (GrpcLogAppender.java:timeoutAppendRequest(200)) - 53d5fcb5-8117-4632-855b-8768bb6778f7@group-D5F610D5601A->4b2356e4-aaef-4a34-8176-0946a74a854c-GrpcLogAppender: appendEntries Timeout, request=53d5fcb5-8117-4632-855b-8768bb6778f7->4b2356e4-aaef-4a34-8176-0946a74a854c#141-t2, previous=(t:2, i:20), leaderCommit=16, initializing? false, entries: <empty>
2019-09-11 03:16:36,881 [java.util.concurrent.ThreadPoolExecutor$Worker@3181497b[State = -1, empty queue]] WARN  server.GrpcLogAppender (GrpcLogAppender.java:timeoutAppendRequest(200)) - 12f94aba-1a41-4f36-aad5-fe218cdfc4f3@group-08832F9F56A9->02b9f8ce-4253-4591-af20-e5771c574668-GrpcLogAppender: appendEntries Timeout, request=12f94aba-1a41-4f36-aad5-fe218cdfc4f3->02b9f8ce-4253-4591-af20-e5771c574668#140-t2, previous=(t:2, i:20), leaderCommit=16, initializing? false, entries: <empty>
2019-09-11 03:16:36,881 [java.util.concurrent.ThreadPoolExecutor$Worker@635f4f78[State = -1, empty queue]] WARN  server.GrpcLogAppender (GrpcLogAppender.java:timeoutAppendRequest(200)) - 12f94aba-1a41-4f36-aad5-fe218cdfc4f3@group-08832F9F56A9->fd8937d2-ae9c-4754-9095-8c93aae9e6b7-GrpcLogAppender: appendEntries Timeout, request=12f94aba-1a41-4f36-aad5-fe218cdfc4f3->fd8937d2-ae9c-4754-9095-8c93aae9e6b7#140-t2, previous=(t:2, i:20), leaderCommit=16, initializing? false, entries: <empty>
2019-09-11 03:16:37,201 [java.util.concurrent.ThreadPoolExecutor$Worker@161c2cc8[State = -1, empty queue]] WARN  server.GrpcLogAppender (GrpcLogAppender.java:timeoutAppendRequest(200)) - 67340b07-f44b-4075-83dc-7a68839c1bb0@group-C308026E702E->8c88a939-76a6-48ec-b449-781feab56278-GrpcLogAppender: appendEntries Timeout, request=67340b07-f44b-4075-83dc-7a68839c1bb0->8c88a939-76a6-48ec-b449-781feab56278#141-t2, previous=(t:2, i:19), leaderCommit=15, initializing? false, entries: <empty>
2019-09-11 03:16:37,229 [grpc-default-executor-1] WARN  server.GrpcLogAppender (LogUtils.java:warn(134)) - 67340b07-f44b-4075-83dc-7a68839c1bb0@group-C308026E702E->06bedc96-d276-4186-804c-441da3383ef1-AppendLogResponseHandler: Failed appendEntries: org.apache.ratis.thirdparty.io.grpc.StatusRuntimeException: UNAVAILABLE: io exception
2019-09-11 03:16:37,230 [grpc-default-executor-1] INFO  impl.FollowerInfo (FollowerInfo.java:lambda$new$0(51)) - 67340b07-f44b-4075-83dc-7a68839c1bb0@group-C308026E702E->06bedc96-d276-4186-804c-441da3383ef1: nextIndex: updateUnconditionally 0 -> 0
2019-09-11 03:16:37,361 [12f94aba-1a41-4f36-aad5-fe218cdfc4f3@group-08832F9F56A9-SegmentedRaftLogWorker] WARN  segmented.SegmentedRaftLogWorker (SegmentedRaftLogWorker.java:getFromFuture(90)) - Timeout 1/~
org.apache.ratis.protocol.TimeoutIOException: Timeout 10s: WriteLog:17: (t:2, i:17), STATEMACHINELOGENTRY, client-64EE3F930F86, cid=57-writeStateMachineData
	at org.apache.ratis.util.IOUtils.getFromFuture(IOUtils.java:87)
	at org.apache.ratis.server.raftlog.segmented.SegmentedRaftLogWorker$StateMachineDataPolicy.getFromFuture(SegmentedRaftLogWorker.java:87)
	at org.apache.ratis.server.raftlog.segmented.SegmentedRaftLogWorker$WriteLog.execute(SegmentedRaftLogWorker.java:477)
	at org.apache.ratis.server.raftlog.segmented.SegmentedRaftLogWorker.run(SegmentedRaftLogWorker.java:289)
	at java.lang.Thread.run(Thread.java:748)
Caused by: java.util.concurrent.TimeoutException
	at java.util.concurrent.CompletableFuture.timedGet(CompletableFuture.java:1771)
	at java.util.concurrent.CompletableFuture.get(CompletableFuture.java:1915)
	at org.apache.ratis.util.IOUtils.getFromFuture(IOUtils.java:79)
	... 4 more
2019-09-11 03:16:37,365 [fd8937d2-ae9c-4754-9095-8c93aae9e6b7@group-08832F9F56A9-SegmentedRaftLogWorker] WARN  segmented.SegmentedRaftLogWorker (SegmentedRaftLogWorker.java:getFromFuture(90)) - Timeout 1/~
org.apache.ratis.protocol.TimeoutIOException: Timeout 10s: WriteLog:17: (t:2, i:17), STATEMACHINELOGENTRY, client-64EE3F930F86, cid=57-writeStateMachineData
	at org.apache.ratis.util.IOUtils.getFromFuture(IOUtils.java:87)
	at org.apache.ratis.server.raftlog.segmented.SegmentedRaftLogWorker$StateMachineDataPolicy.getFromFuture(SegmentedRaftLogWorker.java:87)
	at org.apache.ratis.server.raftlog.segmented.SegmentedRaftLogWorker$WriteLog.execute(SegmentedRaftLogWorker.java:477)
	at org.apache.ratis.server.raftlog.segmented.SegmentedRaftLogWorker.run(SegmentedRaftLogWorker.java:289)
	at java.lang.Thread.run(Thread.java:748)
Caused by: java.util.concurrent.TimeoutException
	at java.util.concurrent.CompletableFuture.timedGet(CompletableFuture.java:1771)
	at java.util.concurrent.CompletableFuture.get(CompletableFuture.java:1915)
	at org.apache.ratis.util.IOUtils.getFromFuture(IOUtils.java:79)
	... 4 more
2019-09-11 03:16:37,366 [02b9f8ce-4253-4591-af20-e5771c574668@group-08832F9F56A9-SegmentedRaftLogWorker] WARN  segmented.SegmentedRaftLogWorker (SegmentedRaftLogWorker.java:getFromFuture(90)) - Timeout 1/~
org.apache.ratis.protocol.TimeoutIOException: Timeout 10s: WriteLog:17: (t:2, i:17), STATEMACHINELOGENTRY, client-64EE3F930F86, cid=57-writeStateMachineData
	at org.apache.ratis.util.IOUtils.getFromFuture(IOUtils.java:87)
	at org.apache.ratis.server.raftlog.segmented.SegmentedRaftLogWorker$StateMachineDataPolicy.getFromFuture(SegmentedRaftLogWorker.java:87)
	at org.apache.ratis.server.raftlog.segmented.SegmentedRaftLogWorker$WriteLog.execute(SegmentedRaftLogWorker.java:477)
	at org.apache.ratis.server.raftlog.segmented.SegmentedRaftLogWorker.run(SegmentedRaftLogWorker.java:289)
	at java.lang.Thread.run(Thread.java:748)
Caused by: java.util.concurrent.TimeoutException
	at java.util.concurrent.CompletableFuture.timedGet(CompletableFuture.java:1771)
	at java.util.concurrent.CompletableFuture.get(CompletableFuture.java:1915)
	at org.apache.ratis.util.IOUtils.getFromFuture(IOUtils.java:79)
	... 4 more
2019-09-11 03:16:37,368 [java.util.concurrent.ThreadPoolExecutor$Worker@6b06f8e5[State = -1, empty queue]] WARN  server.GrpcLogAppender (GrpcLogAppender.java:timeoutAppendRequest(200)) - 53d5fcb5-8117-4632-855b-8768bb6778f7@group-D5F610D5601A->4b2356e4-aaef-4a34-8176-0946a74a854c-GrpcLogAppender: appendEntries Timeout, request=53d5fcb5-8117-4632-855b-8768bb6778f7->4b2356e4-aaef-4a34-8176-0946a74a854c#142-t2, previous=(t:2, i:20), leaderCommit=16, initializing? false, entries: <empty>
2019-09-11 03:16:37,381 [java.util.concurrent.ThreadPoolExecutor$Worker@3181497b[State = -1, empty queue]] WARN  server.GrpcLogAppender (GrpcLogAppender.java:timeoutAppendRequest(200)) - 12f94aba-1a41-4f36-aad5-fe218cdfc4f3@group-08832F9F56A9->02b9f8ce-4253-4591-af20-e5771c574668-GrpcLogAppender: appendEntries Timeout, request=12f94aba-1a41-4f36-aad5-fe218cdfc4f3->02b9f8ce-4253-4591-af20-e5771c574668#141-t2, previous=(t:2, i:20), leaderCommit=16, initializing? false, entries: <empty>
2019-09-11 03:16:37,381 [java.util.concurrent.ThreadPoolExecutor$Worker@635f4f78[State = -1, empty queue]] WARN  server.GrpcLogAppender (GrpcLogAppender.java:timeoutAppendRequest(200)) - 12f94aba-1a41-4f36-aad5-fe218cdfc4f3@group-08832F9F56A9->fd8937d2-ae9c-4754-9095-8c93aae9e6b7-GrpcLogAppender: appendEntries Timeout, request=12f94aba-1a41-4f36-aad5-fe218cdfc4f3->fd8937d2-ae9c-4754-9095-8c93aae9e6b7#141-t2, previous=(t:2, i:20), leaderCommit=16, initializing? false, entries: <empty>
2019-09-11 03:16:37,701 [java.util.concurrent.ThreadPoolExecutor$Worker@161c2cc8[State = -1, empty queue]] WARN  server.GrpcLogAppender (GrpcLogAppender.java:timeoutAppendRequest(200)) - 67340b07-f44b-4075-83dc-7a68839c1bb0@group-C308026E702E->8c88a939-76a6-48ec-b449-781feab56278-GrpcLogAppender: appendEntries Timeout, request=67340b07-f44b-4075-83dc-7a68839c1bb0->8c88a939-76a6-48ec-b449-781feab56278#142-t2, previous=(t:2, i:19), leaderCommit=15, initializing? false, entries: <empty>
2019-09-11 03:16:37,730 [grpc-default-executor-6] WARN  server.GrpcLogAppender (LogUtils.java:warn(134)) - 67340b07-f44b-4075-83dc-7a68839c1bb0@group-C308026E702E->06bedc96-d276-4186-804c-441da3383ef1-AppendLogResponseHandler: Failed appendEntries: org.apache.ratis.thirdparty.io.grpc.StatusRuntimeException: UNAVAILABLE: io exception
2019-09-11 03:16:37,731 [grpc-default-executor-6] INFO  impl.FollowerInfo (FollowerInfo.java:lambda$new$0(51)) - 67340b07-f44b-4075-83dc-7a68839c1bb0@group-C308026E702E->06bedc96-d276-4186-804c-441da3383ef1: nextIndex: updateUnconditionally 0 -> 0
2019-09-11 03:16:37,868 [java.util.concurrent.ThreadPoolExecutor$Worker@6b06f8e5[State = -1, empty queue]] WARN  server.GrpcLogAppender (GrpcLogAppender.java:timeoutAppendRequest(200)) - 53d5fcb5-8117-4632-855b-8768bb6778f7@group-D5F610D5601A->4b2356e4-aaef-4a34-8176-0946a74a854c-GrpcLogAppender: appendEntries Timeout, request=53d5fcb5-8117-4632-855b-8768bb6778f7->4b2356e4-aaef-4a34-8176-0946a74a854c#143-t2, previous=(t:2, i:20), leaderCommit=16, initializing? false, entries: <empty>
2019-09-11 03:16:37,881 [java.util.concurrent.ThreadPoolExecutor$Worker@3181497b[State = -1, empty queue]] WARN  server.GrpcLogAppender (GrpcLogAppender.java:timeoutAppendRequest(200)) - 12f94aba-1a41-4f36-aad5-fe218cdfc4f3@group-08832F9F56A9->02b9f8ce-4253-4591-af20-e5771c574668-GrpcLogAppender: appendEntries Timeout, request=12f94aba-1a41-4f36-aad5-fe218cdfc4f3->02b9f8ce-4253-4591-af20-e5771c574668#142-t2, previous=(t:2, i:20), leaderCommit=16, initializing? false, entries: <empty>
2019-09-11 03:16:37,881 [java.util.concurrent.ThreadPoolExecutor$Worker@635f4f78[State = -1, empty queue]] WARN  server.GrpcLogAppender (GrpcLogAppender.java:timeoutAppendRequest(200)) - 12f94aba-1a41-4f36-aad5-fe218cdfc4f3@group-08832F9F56A9->fd8937d2-ae9c-4754-9095-8c93aae9e6b7-GrpcLogAppender: appendEntries Timeout, request=12f94aba-1a41-4f36-aad5-fe218cdfc4f3->fd8937d2-ae9c-4754-9095-8c93aae9e6b7#142-t2, previous=(t:2, i:20), leaderCommit=16, initializing? false, entries: <empty>
2019-09-11 03:16:38,202 [java.util.concurrent.ThreadPoolExecutor$Worker@161c2cc8[State = -1, empty queue]] WARN  server.GrpcLogAppender (GrpcLogAppender.java:timeoutAppendRequest(200)) - 67340b07-f44b-4075-83dc-7a68839c1bb0@group-C308026E702E->8c88a939-76a6-48ec-b449-781feab56278-GrpcLogAppender: appendEntries Timeout, request=67340b07-f44b-4075-83dc-7a68839c1bb0->8c88a939-76a6-48ec-b449-781feab56278#143-t2, previous=(t:2, i:19), leaderCommit=15, initializing? false, entries: <empty>
2019-09-11 03:16:38,232 [grpc-default-executor-0] WARN  server.GrpcLogAppender (LogUtils.java:warn(134)) - 67340b07-f44b-4075-83dc-7a68839c1bb0@group-C308026E702E->06bedc96-d276-4186-804c-441da3383ef1-AppendLogResponseHandler: Failed appendEntries: org.apache.ratis.thirdparty.io.grpc.StatusRuntimeException: UNAVAILABLE: io exception
2019-09-11 03:16:38,233 [grpc-default-executor-0] INFO  impl.FollowerInfo (FollowerInfo.java:lambda$new$0(51)) - 67340b07-f44b-4075-83dc-7a68839c1bb0@group-C308026E702E->06bedc96-d276-4186-804c-441da3383ef1: nextIndex: updateUnconditionally 0 -> 0
2019-09-11 03:16:38,368 [java.util.concurrent.ThreadPoolExecutor$Worker@6b06f8e5[State = -1, empty queue]] WARN  server.GrpcLogAppender (GrpcLogAppender.java:timeoutAppendRequest(200)) - 53d5fcb5-8117-4632-855b-8768bb6778f7@group-D5F610D5601A->4b2356e4-aaef-4a34-8176-0946a74a854c-GrpcLogAppender: appendEntries Timeout, request=53d5fcb5-8117-4632-855b-8768bb6778f7->4b2356e4-aaef-4a34-8176-0946a74a854c#144-t2, previous=(t:2, i:20), leaderCommit=16, initializing? false, entries: <empty>
2019-09-11 03:16:38,382 [java.util.concurrent.ThreadPoolExecutor$Worker@3181497b[State = -1, empty queue]] WARN  server.GrpcLogAppender (GrpcLogAppender.java:timeoutAppendRequest(200)) - 12f94aba-1a41-4f36-aad5-fe218cdfc4f3@group-08832F9F56A9->02b9f8ce-4253-4591-af20-e5771c574668-GrpcLogAppender: appendEntries Timeout, request=12f94aba-1a41-4f36-aad5-fe218cdfc4f3->02b9f8ce-4253-4591-af20-e5771c574668#143-t2, previous=(t:2, i:20), leaderCommit=16, initializing? false, entries: <empty>
2019-09-11 03:16:38,382 [java.util.concurrent.ThreadPoolExecutor$Worker@635f4f78[State = -1, empty queue]] WARN  server.GrpcLogAppender (GrpcLogAppender.java:timeoutAppendRequest(200)) - 12f94aba-1a41-4f36-aad5-fe218cdfc4f3@group-08832F9F56A9->fd8937d2-ae9c-4754-9095-8c93aae9e6b7-GrpcLogAppender: appendEntries Timeout, request=12f94aba-1a41-4f36-aad5-fe218cdfc4f3->fd8937d2-ae9c-4754-9095-8c93aae9e6b7#143-t2, previous=(t:2, i:20), leaderCommit=16, initializing? false, entries: <empty>
2019-09-11 03:16:38,702 [java.util.concurrent.ThreadPoolExecutor$Worker@161c2cc8[State = -1, empty queue]] WARN  server.GrpcLogAppender (GrpcLogAppender.java:timeoutAppendRequest(200)) - 67340b07-f44b-4075-83dc-7a68839c1bb0@group-C308026E702E->8c88a939-76a6-48ec-b449-781feab56278-GrpcLogAppender: appendEntries Timeout, request=67340b07-f44b-4075-83dc-7a68839c1bb0->8c88a939-76a6-48ec-b449-781feab56278#144-t2, previous=(t:2, i:19), leaderCommit=15, initializing? false, entries: <empty>
2019-09-11 03:16:38,733 [grpc-default-executor-1] WARN  server.GrpcLogAppender (LogUtils.java:warn(134)) - 67340b07-f44b-4075-83dc-7a68839c1bb0@group-C308026E702E->06bedc96-d276-4186-804c-441da3383ef1-AppendLogResponseHandler: Failed appendEntries: org.apache.ratis.thirdparty.io.grpc.StatusRuntimeException: UNAVAILABLE: io exception
2019-09-11 03:16:38,734 [grpc-default-executor-1] INFO  impl.FollowerInfo (FollowerInfo.java:lambda$new$0(51)) - 67340b07-f44b-4075-83dc-7a68839c1bb0@group-C308026E702E->06bedc96-d276-4186-804c-441da3383ef1: nextIndex: updateUnconditionally 0 -> 0
2019-09-11 03:16:38,869 [java.util.concurrent.ThreadPoolExecutor$Worker@6b06f8e5[State = -1, empty queue]] WARN  server.GrpcLogAppender (GrpcLogAppender.java:timeoutAppendRequest(200)) - 53d5fcb5-8117-4632-855b-8768bb6778f7@group-D5F610D5601A->4b2356e4-aaef-4a34-8176-0946a74a854c-GrpcLogAppender: appendEntries Timeout, request=53d5fcb5-8117-4632-855b-8768bb6778f7->4b2356e4-aaef-4a34-8176-0946a74a854c#145-t2, previous=(t:2, i:20), leaderCommit=16, initializing? false, entries: <empty>
2019-09-11 03:16:38,882 [java.util.concurrent.ThreadPoolExecutor$Worker@635f4f78[State = -1, empty queue]] WARN  server.GrpcLogAppender (GrpcLogAppender.java:timeoutAppendRequest(200)) - 12f94aba-1a41-4f36-aad5-fe218cdfc4f3@group-08832F9F56A9->fd8937d2-ae9c-4754-9095-8c93aae9e6b7-GrpcLogAppender: appendEntries Timeout, request=12f94aba-1a41-4f36-aad5-fe218cdfc4f3->fd8937d2-ae9c-4754-9095-8c93aae9e6b7#144-t2, previous=(t:2, i:20), leaderCommit=16, initializing? false, entries: <empty>
2019-09-11 03:16:38,882 [java.util.concurrent.ThreadPoolExecutor$Worker@3181497b[State = -1, empty queue]] WARN  server.GrpcLogAppender (GrpcLogAppender.java:timeoutAppendRequest(200)) - 12f94aba-1a41-4f36-aad5-fe218cdfc4f3@group-08832F9F56A9->02b9f8ce-4253-4591-af20-e5771c574668-GrpcLogAppender: appendEntries Timeout, request=12f94aba-1a41-4f36-aad5-fe218cdfc4f3->02b9f8ce-4253-4591-af20-e5771c574668#144-t2, previous=(t:2, i:20), leaderCommit=16, initializing? false, entries: <empty>
2019-09-11 03:16:39,202 [java.util.concurrent.ThreadPoolExecutor$Worker@161c2cc8[State = -1, empty queue]] WARN  server.GrpcLogAppender (GrpcLogAppender.java:timeoutAppendRequest(200)) - 67340b07-f44b-4075-83dc-7a68839c1bb0@group-C308026E702E->8c88a939-76a6-48ec-b449-781feab56278-GrpcLogAppender: appendEntries Timeout, request=67340b07-f44b-4075-83dc-7a68839c1bb0->8c88a939-76a6-48ec-b449-781feab56278#145-t2, previous=(t:2, i:19), leaderCommit=15, initializing? false, entries: <empty>
2019-09-11 03:16:39,235 [grpc-default-executor-0] WARN  server.GrpcLogAppender (LogUtils.java:warn(134)) - 67340b07-f44b-4075-83dc-7a68839c1bb0@group-C308026E702E->06bedc96-d276-4186-804c-441da3383ef1-AppendLogResponseHandler: Failed appendEntries: org.apache.ratis.thirdparty.io.grpc.StatusRuntimeException: UNAVAILABLE: io exception
2019-09-11 03:16:39,236 [grpc-default-executor-0] INFO  impl.FollowerInfo (FollowerInfo.java:lambda$new$0(51)) - 67340b07-f44b-4075-83dc-7a68839c1bb0@group-C308026E702E->06bedc96-d276-4186-804c-441da3383ef1: nextIndex: updateUnconditionally 0 -> 0
2019-09-11 03:16:39,369 [java.util.concurrent.ThreadPoolExecutor$Worker@6b06f8e5[State = -1, empty queue]] WARN  server.GrpcLogAppender (GrpcLogAppender.java:timeoutAppendRequest(200)) - 53d5fcb5-8117-4632-855b-8768bb6778f7@group-D5F610D5601A->4b2356e4-aaef-4a34-8176-0946a74a854c-GrpcLogAppender: appendEntries Timeout, request=53d5fcb5-8117-4632-855b-8768bb6778f7->4b2356e4-aaef-4a34-8176-0946a74a854c#146-t2, previous=(t:2, i:20), leaderCommit=16, initializing? false, entries: <empty>
2019-09-11 03:16:39,382 [java.util.concurrent.ThreadPoolExecutor$Worker@3181497b[State = -1, empty queue]] WARN  server.GrpcLogAppender (GrpcLogAppender.java:timeoutAppendRequest(200)) - 12f94aba-1a41-4f36-aad5-fe218cdfc4f3@group-08832F9F56A9->02b9f8ce-4253-4591-af20-e5771c574668-GrpcLogAppender: appendEntries Timeout, request=12f94aba-1a41-4f36-aad5-fe218cdfc4f3->02b9f8ce-4253-4591-af20-e5771c574668#145-t2, previous=(t:2, i:20), leaderCommit=16, initializing? false, entries: <empty>
2019-09-11 03:16:39,382 [java.util.concurrent.ThreadPoolExecutor$Worker@635f4f78[State = -1, empty queue]] WARN  server.GrpcLogAppender (GrpcLogAppender.java:timeoutAppendRequest(200)) - 12f94aba-1a41-4f36-aad5-fe218cdfc4f3@group-08832F9F56A9->fd8937d2-ae9c-4754-9095-8c93aae9e6b7-GrpcLogAppender: appendEntries Timeout, request=12f94aba-1a41-4f36-aad5-fe218cdfc4f3->fd8937d2-ae9c-4754-9095-8c93aae9e6b7#145-t2, previous=(t:2, i:20), leaderCommit=16, initializing? false, entries: <empty>
2019-09-11 03:16:39,702 [java.util.concurrent.ThreadPoolExecutor$Worker@161c2cc8[State = -1, empty queue]] WARN  server.GrpcLogAppender (GrpcLogAppender.java:timeoutAppendRequest(200)) - 67340b07-f44b-4075-83dc-7a68839c1bb0@group-C308026E702E->8c88a939-76a6-48ec-b449-781feab56278-GrpcLogAppender: appendEntries Timeout, request=67340b07-f44b-4075-83dc-7a68839c1bb0->8c88a939-76a6-48ec-b449-781feab56278#146-t2, previous=(t:2, i:19), leaderCommit=15, initializing? false, entries: <empty>
2019-09-11 03:16:39,735 [grpc-default-executor-1] WARN  server.GrpcLogAppender (LogUtils.java:warn(134)) - 67340b07-f44b-4075-83dc-7a68839c1bb0@group-C308026E702E->06bedc96-d276-4186-804c-441da3383ef1-AppendLogResponseHandler: Failed appendEntries: org.apache.ratis.thirdparty.io.grpc.StatusRuntimeException: UNAVAILABLE: io exception
2019-09-11 03:16:39,735 [grpc-default-executor-1] INFO  impl.FollowerInfo (FollowerInfo.java:lambda$new$0(51)) - 67340b07-f44b-4075-83dc-7a68839c1bb0@group-C308026E702E->06bedc96-d276-4186-804c-441da3383ef1: nextIndex: updateUnconditionally 0 -> 0
2019-09-11 03:16:39,869 [java.util.concurrent.ThreadPoolExecutor$Worker@6b06f8e5[State = -1, empty queue]] WARN  server.GrpcLogAppender (GrpcLogAppender.java:timeoutAppendRequest(200)) - 53d5fcb5-8117-4632-855b-8768bb6778f7@group-D5F610D5601A->4b2356e4-aaef-4a34-8176-0946a74a854c-GrpcLogAppender: appendEntries Timeout, request=53d5fcb5-8117-4632-855b-8768bb6778f7->4b2356e4-aaef-4a34-8176-0946a74a854c#147-t2, previous=(t:2, i:20), leaderCommit=16, initializing? false, entries: <empty>
2019-09-11 03:16:39,882 [java.util.concurrent.ThreadPoolExecutor$Worker@635f4f78[State = -1, empty queue]] WARN  server.GrpcLogAppender (GrpcLogAppender.java:timeoutAppendRequest(200)) - 12f94aba-1a41-4f36-aad5-fe218cdfc4f3@group-08832F9F56A9->fd8937d2-ae9c-4754-9095-8c93aae9e6b7-GrpcLogAppender: appendEntries Timeout, request=12f94aba-1a41-4f36-aad5-fe218cdfc4f3->fd8937d2-ae9c-4754-9095-8c93aae9e6b7#146-t2, previous=(t:2, i:20), leaderCommit=16, initializing? false, entries: <empty>
2019-09-11 03:16:39,882 [java.util.concurrent.ThreadPoolExecutor$Worker@3181497b[State = -1, empty queue]] WARN  server.GrpcLogAppender (GrpcLogAppender.java:timeoutAppendRequest(200)) - 12f94aba-1a41-4f36-aad5-fe218cdfc4f3@group-08832F9F56A9->02b9f8ce-4253-4591-af20-e5771c574668-GrpcLogAppender: appendEntries Timeout, request=12f94aba-1a41-4f36-aad5-fe218cdfc4f3->02b9f8ce-4253-4591-af20-e5771c574668#146-t2, previous=(t:2, i:20), leaderCommit=16, initializing? false, entries: <empty>
2019-09-11 03:16:40,203 [java.util.concurrent.ThreadPoolExecutor$Worker@161c2cc8[State = -1, empty queue]] WARN  server.GrpcLogAppender (GrpcLogAppender.java:timeoutAppendRequest(200)) - 67340b07-f44b-4075-83dc-7a68839c1bb0@group-C308026E702E->8c88a939-76a6-48ec-b449-781feab56278-GrpcLogAppender: appendEntries Timeout, request=67340b07-f44b-4075-83dc-7a68839c1bb0->8c88a939-76a6-48ec-b449-781feab56278#147-t2, previous=(t:2, i:19), leaderCommit=15, initializing? false, entries: <empty>
2019-09-11 03:16:40,237 [grpc-default-executor-6] WARN  server.GrpcLogAppender (LogUtils.java:warn(134)) - 67340b07-f44b-4075-83dc-7a68839c1bb0@group-C308026E702E->06bedc96-d276-4186-804c-441da3383ef1-AppendLogResponseHandler: Failed appendEntries: org.apache.ratis.thirdparty.io.grpc.StatusRuntimeException: UNAVAILABLE: io exception
2019-09-11 03:16:40,238 [grpc-default-executor-6] INFO  impl.FollowerInfo (FollowerInfo.java:lambda$new$0(51)) - 67340b07-f44b-4075-83dc-7a68839c1bb0@group-C308026E702E->06bedc96-d276-4186-804c-441da3383ef1: nextIndex: updateUnconditionally 0 -> 0
2019-09-11 03:16:40,369 [java.util.concurrent.ThreadPoolExecutor$Worker@6b06f8e5[State = -1, empty queue]] WARN  server.GrpcLogAppender (GrpcLogAppender.java:timeoutAppendRequest(200)) - 53d5fcb5-8117-4632-855b-8768bb6778f7@group-D5F610D5601A->4b2356e4-aaef-4a34-8176-0946a74a854c-GrpcLogAppender: appendEntries Timeout, request=53d5fcb5-8117-4632-855b-8768bb6778f7->4b2356e4-aaef-4a34-8176-0946a74a854c#148-t2, previous=(t:2, i:20), leaderCommit=16, initializing? false, entries: <empty>
2019-09-11 03:16:40,383 [java.util.concurrent.ThreadPoolExecutor$Worker@635f4f78[State = -1, empty queue]] WARN  server.GrpcLogAppender (GrpcLogAppender.java:timeoutAppendRequest(200)) - 12f94aba-1a41-4f36-aad5-fe218cdfc4f3@group-08832F9F56A9->fd8937d2-ae9c-4754-9095-8c93aae9e6b7-GrpcLogAppender: appendEntries Timeout, request=12f94aba-1a41-4f36-aad5-fe218cdfc4f3->fd8937d2-ae9c-4754-9095-8c93aae9e6b7#147-t2, previous=(t:2, i:20), leaderCommit=16, initializing? false, entries: <empty>
2019-09-11 03:16:40,383 [java.util.concurrent.ThreadPoolExecutor$Worker@3181497b[State = -1, empty queue]] WARN  server.GrpcLogAppender (GrpcLogAppender.java:timeoutAppendRequest(200)) - 12f94aba-1a41-4f36-aad5-fe218cdfc4f3@group-08832F9F56A9->02b9f8ce-4253-4591-af20-e5771c574668-GrpcLogAppender: appendEntries Timeout, request=12f94aba-1a41-4f36-aad5-fe218cdfc4f3->02b9f8ce-4253-4591-af20-e5771c574668#147-t2, previous=(t:2, i:20), leaderCommit=16, initializing? false, entries: <empty>
2019-09-11 03:16:40,664 [ForkJoinPool.commonPool-worker-1] INFO  ozoneimpl.OzoneContainer (OzoneContainer.java:stop(231)) - Attempting to stop container services.
2019-09-11 03:16:40,664 [main] INFO  ozoneimpl.OzoneContainer (OzoneContainer.java:stop(231)) - Attempting to stop container services.
2019-09-11 03:16:40,665 [ForkJoinPool.commonPool-worker-1] INFO  impl.RaftServerProxy (RaftServerProxy.java:lambda$close$4(314)) - 12f94aba-1a41-4f36-aad5-fe218cdfc4f3: close
2019-09-11 03:16:40,666 [main] INFO  impl.RaftServerProxy (RaftServerProxy.java:lambda$close$4(314)) - 8c88a939-76a6-48ec-b449-781feab56278: close
2019-09-11 03:16:40,666 [ForkJoinPool.commonPool-worker-1] INFO  impl.RaftServerImpl (RaftServerImpl.java:lambda$shutdown$3(251)) - 12f94aba-1a41-4f36-aad5-fe218cdfc4f3@group-F59BD0871E54: shutdown
2019-09-11 03:16:40,667 [main] INFO  impl.RaftServerImpl (RaftServerImpl.java:lambda$shutdown$3(251)) - 8c88a939-76a6-48ec-b449-781feab56278@group-C308026E702E: shutdown
2019-09-11 03:16:40,667 [ForkJoinPool.commonPool-worker-1] INFO  util.JmxRegister (JmxRegister.java:unregister(73)) - Successfully un-registered JMX Bean with object name Ratis:service=RaftServer,group=group-F59BD0871E54,id=12f94aba-1a41-4f36-aad5-fe218cdfc4f3
2019-09-11 03:16:40,668 [main] INFO  util.JmxRegister (JmxRegister.java:unregister(73)) - Successfully un-registered JMX Bean with object name Ratis:service=RaftServer,group=group-C308026E702E,id=8c88a939-76a6-48ec-b449-781feab56278
2019-09-11 03:16:40,668 [ForkJoinPool.commonPool-worker-1] INFO  impl.RoleInfo (RoleInfo.java:shutdownLeaderState(104)) - 12f94aba-1a41-4f36-aad5-fe218cdfc4f3: shutdown LeaderState
2019-09-11 03:16:40,669 [main] INFO  impl.RoleInfo (RoleInfo.java:shutdownFollowerState(121)) - 8c88a939-76a6-48ec-b449-781feab56278: shutdown FollowerState
2019-09-11 03:16:40,669 [ForkJoinPool.commonPool-worker-1] INFO  impl.PendingRequests (PendingRequests.java:sendNotLeaderResponses(202)) - 12f94aba-1a41-4f36-aad5-fe218cdfc4f3-PendingRequests: sendNotLeaderResponses
2019-09-11 03:16:40,673 [8c88a939-76a6-48ec-b449-781feab56278@group-C308026E702E-StateMachineUpdater] INFO  ratis.ContainerStateMachine (ContainerStateMachine.java:takeSnapshot(289)) - group-C308026E702E: Taking a snapshot at:(t:2, i:11) file /workdir/hadoop-ozone/integration-test/target/test-dir/MiniOzoneClusterImpl-ffccced8-c8d8-492e-805a-99618b7a2b29/datanode-5/data/ratis/dc5a121c-a3ce-4c69-b921-c308026e702e/sm/snapshot.2_11
2019-09-11 03:16:40,673 [Thread-422] INFO  impl.FollowerState (FollowerState.java:run(115)) - 8c88a939-76a6-48ec-b449-781feab56278: FollowerState was interrupted: java.lang.InterruptedException: sleep interrupted
2019-09-11 03:16:40,673 [main] INFO  impl.StateMachineUpdater (StateMachineUpdater.java:stopAndJoin(125)) - 8c88a939-76a6-48ec-b449-781feab56278@group-C308026E702E-StateMachineUpdater: set stopIndex = 15
2019-09-11 03:16:40,675 [ForkJoinPool.commonPool-worker-1] INFO  impl.StateMachineUpdater (StateMachineUpdater.java:stopAndJoin(125)) - 12f94aba-1a41-4f36-aad5-fe218cdfc4f3@group-F59BD0871E54-StateMachineUpdater: set stopIndex = 0
2019-09-11 03:16:40,676 [ForkJoinPool.commonPool-worker-1] INFO  impl.RaftServerImpl (ServerState.java:close(385)) - 12f94aba-1a41-4f36-aad5-fe218cdfc4f3@group-F59BD0871E54: closes. applyIndex: 0
2019-09-11 03:16:40,676 [12f94aba-1a41-4f36-aad5-fe218cdfc4f3@group-F59BD0871E54-SegmentedRaftLogWorker] INFO  segmented.SegmentedRaftLogWorker (SegmentedRaftLogWorker.java:run(313)) - 12f94aba-1a41-4f36-aad5-fe218cdfc4f3@group-F59BD0871E54-SegmentedRaftLogWorker was interrupted, exiting. There are 0 tasks remaining in the queue.
2019-09-11 03:16:40,678 [ForkJoinPool.commonPool-worker-1] INFO  segmented.SegmentedRaftLogWorker (SegmentedRaftLogWorker.java:close(228)) - 12f94aba-1a41-4f36-aad5-fe218cdfc4f3@group-F59BD0871E54-SegmentedRaftLogWorker close()
2019-09-11 03:16:40,681 [ForkJoinPool.commonPool-worker-1] INFO  impl.RaftServerImpl (RaftServerImpl.java:lambda$shutdown$3(251)) - 12f94aba-1a41-4f36-aad5-fe218cdfc4f3@group-08832F9F56A9: shutdown
2019-09-11 03:16:40,681 [ForkJoinPool.commonPool-worker-1] INFO  util.JmxRegister (JmxRegister.java:unregister(73)) - Successfully un-registered JMX Bean with object name Ratis:service=RaftServer,group=group-08832F9F56A9,id=12f94aba-1a41-4f36-aad5-fe218cdfc4f3
2019-09-11 03:16:40,682 [ForkJoinPool.commonPool-worker-1] INFO  impl.RoleInfo (RoleInfo.java:shutdownLeaderState(104)) - 12f94aba-1a41-4f36-aad5-fe218cdfc4f3: shutdown LeaderState
2019-09-11 03:16:40,684 [ForkJoinPool.commonPool-worker-1] INFO  impl.PendingRequests (PendingRequests.java:sendNotLeaderResponses(202)) - 12f94aba-1a41-4f36-aad5-fe218cdfc4f3-PendingRequests: sendNotLeaderResponses
2019-09-11 03:16:40,685 [org.apache.ratis.server.impl.LogAppender$AppenderDaemon$$Lambda$608/133095638@6b12d649] WARN  server.GrpcLogAppender (GrpcLogAppender.java:mayWait(143)) - 12f94aba-1a41-4f36-aad5-fe218cdfc4f3@group-08832F9F56A9->fd8937d2-ae9c-4754-9095-8c93aae9e6b7-GrpcLogAppender: Wait interrupted by java.lang.InterruptedException
2019-09-11 03:16:40,685 [org.apache.ratis.server.impl.LogAppender$AppenderDaemon$$Lambda$608/133095638@57f9586e] WARN  server.GrpcLogAppender (GrpcLogAppender.java:mayWait(143)) - 12f94aba-1a41-4f36-aad5-fe218cdfc4f3@group-08832F9F56A9->02b9f8ce-4253-4591-af20-e5771c574668-GrpcLogAppender: Wait interrupted by java.lang.InterruptedException
2019-09-11 03:16:40,689 [ForkJoinPool.commonPool-worker-1] INFO  impl.StateMachineUpdater (StateMachineUpdater.java:stopAndJoin(125)) - 12f94aba-1a41-4f36-aad5-fe218cdfc4f3@group-08832F9F56A9-StateMachineUpdater: set stopIndex = 16
2019-09-11 03:16:40,689 [12f94aba-1a41-4f36-aad5-fe218cdfc4f3@group-08832F9F56A9-StateMachineUpdater] INFO  ratis.ContainerStateMachine (ContainerStateMachine.java:takeSnapshot(289)) - group-08832F9F56A9: Taking a snapshot at:(t:2, i:12) file /workdir/hadoop-ozone/integration-test/target/test-dir/MiniOzoneClusterImpl-ffccced8-c8d8-492e-805a-99618b7a2b29/datanode-3/data/ratis/2ba24a89-d0aa-47ca-b633-08832f9f56a9/sm/snapshot.2_12
2019-09-11 03:16:40,690 [grpc-default-executor-1] INFO  server.GrpcServerProtocolService (GrpcServerProtocolService.java:onCompleted(113)) - 02b9f8ce-4253-4591-af20-e5771c574668: Completed APPEND_ENTRIES, lastRequest: 12f94aba-1a41-4f36-aad5-fe218cdfc4f3->02b9f8ce-4253-4591-af20-e5771c574668#153-t2, previous=(t:2, i:20), leaderCommit=16, initializing? false, entries: <empty>
2019-09-11 03:16:40,692 [8c88a939-76a6-48ec-b449-781feab56278@group-C308026E702E-StateMachineUpdater] INFO  ratis.ContainerStateMachine (ContainerStateMachine.java:takeSnapshot(300)) - group-C308026E702E: Finished taking a snapshot at:(t:2, i:11) file:/workdir/hadoop-ozone/integration-test/target/test-dir/MiniOzoneClusterImpl-ffccced8-c8d8-492e-805a-99618b7a2b29/datanode-5/data/ratis/dc5a121c-a3ce-4c69-b921-c308026e702e/sm/snapshot.2_11 time:18
2019-09-11 03:16:40,692 [grpc-default-executor-6] INFO  server.GrpcServerProtocolService (GrpcServerProtocolService.java:onCompleted(113)) - fd8937d2-ae9c-4754-9095-8c93aae9e6b7: Completed APPEND_ENTRIES, lastRequest: 12f94aba-1a41-4f36-aad5-fe218cdfc4f3->fd8937d2-ae9c-4754-9095-8c93aae9e6b7#153-t2, previous=(t:2, i:20), leaderCommit=16, initializing? false, entries: <empty>
2019-09-11 03:16:40,692 [8c88a939-76a6-48ec-b449-781feab56278@group-C308026E702E-StateMachineUpdater] INFO  impl.StateMachineUpdater (StateMachineUpdater.java:takeSnapshot(258)) - 8c88a939-76a6-48ec-b449-781feab56278@group-C308026E702E-StateMachineUpdater: Took a snapshot at index 11
2019-09-11 03:16:40,692 [8c88a939-76a6-48ec-b449-781feab56278@group-C308026E702E-StateMachineUpdater] INFO  impl.StateMachineUpdater (StateMachineUpdater.java:lambda$new$0(83)) - 8c88a939-76a6-48ec-b449-781feab56278@group-C308026E702E-StateMachineUpdater: snapshotIndex: updateIncreasingly -1 -> 11
2019-09-11 03:16:40,694 [grpc-default-executor-6] INFO  server.GrpcLogAppender (GrpcLogAppender.java:onCompleted(293)) - 12f94aba-1a41-4f36-aad5-fe218cdfc4f3@group-08832F9F56A9->02b9f8ce-4253-4591-af20-e5771c574668-AppendLogResponseHandler: follower responses appendEntries COMPLETED
2019-09-11 03:16:40,694 [8c88a939-76a6-48ec-b449-781feab56278@group-C308026E702E-StateMachineUpdater] INFO  ratis.ContainerStateMachine (ContainerStateMachine.java:takeSnapshot(289)) - group-C308026E702E: Taking a snapshot at:(t:2, i:11) file /workdir/hadoop-ozone/integration-test/target/test-dir/MiniOzoneClusterImpl-ffccced8-c8d8-492e-805a-99618b7a2b29/datanode-5/data/ratis/dc5a121c-a3ce-4c69-b921-c308026e702e/sm/snapshot.2_11
2019-09-11 03:16:40,695 [grpc-default-executor-6] INFO  impl.FollowerInfo (FollowerInfo.java:lambda$new$0(51)) - 12f94aba-1a41-4f36-aad5-fe218cdfc4f3@group-08832F9F56A9->02b9f8ce-4253-4591-af20-e5771c574668: nextIndex: updateUnconditionally 21 -> 17
2019-09-11 03:16:40,695 [grpc-default-executor-1] INFO  server.GrpcLogAppender (GrpcLogAppender.java:onCompleted(293)) - 12f94aba-1a41-4f36-aad5-fe218cdfc4f3@group-08832F9F56A9->fd8937d2-ae9c-4754-9095-8c93aae9e6b7-AppendLogResponseHandler: follower responses appendEntries COMPLETED
2019-09-11 03:16:40,696 [grpc-default-executor-1] INFO  impl.FollowerInfo (FollowerInfo.java:lambda$new$0(51)) - 12f94aba-1a41-4f36-aad5-fe218cdfc4f3@group-08832F9F56A9->fd8937d2-ae9c-4754-9095-8c93aae9e6b7: nextIndex: updateUnconditionally 21 -> 17
2019-09-11 03:16:40,703 [java.util.concurrent.ThreadPoolExecutor$Worker@161c2cc8[State = -1, empty queue]] WARN  server.GrpcLogAppender (GrpcLogAppender.java:timeoutAppendRequest(200)) - 67340b07-f44b-4075-83dc-7a68839c1bb0@group-C308026E702E->8c88a939-76a6-48ec-b449-781feab56278-GrpcLogAppender: appendEntries Timeout, request=67340b07-f44b-4075-83dc-7a68839c1bb0->8c88a939-76a6-48ec-b449-781feab56278#148-t2, previous=(t:2, i:19), leaderCommit=15, initializing? false, entries: <empty>
2019-09-11 03:16:40,715 [12f94aba-1a41-4f36-aad5-fe218cdfc4f3@group-08832F9F56A9-StateMachineUpdater] INFO  ratis.ContainerStateMachine (ContainerStateMachine.java:takeSnapshot(300)) - group-08832F9F56A9: Finished taking a snapshot at:(t:2, i:12) file:/workdir/hadoop-ozone/integration-test/target/test-dir/MiniOzoneClusterImpl-ffccced8-c8d8-492e-805a-99618b7a2b29/datanode-3/data/ratis/2ba24a89-d0aa-47ca-b633-08832f9f56a9/sm/snapshot.2_12 time:26
2019-09-11 03:16:40,715 [8c88a939-76a6-48ec-b449-781feab56278@group-C308026E702E-StateMachineUpdater] INFO  ratis.ContainerStateMachine (ContainerStateMachine.java:takeSnapshot(300)) - group-C308026E702E: Finished taking a snapshot at:(t:2, i:11) file:/workdir/hadoop-ozone/integration-test/target/test-dir/MiniOzoneClusterImpl-ffccced8-c8d8-492e-805a-99618b7a2b29/datanode-5/data/ratis/dc5a121c-a3ce-4c69-b921-c308026e702e/sm/snapshot.2_11 time:21
2019-09-11 03:16:40,716 [12f94aba-1a41-4f36-aad5-fe218cdfc4f3@group-08832F9F56A9-StateMachineUpdater] INFO  impl.StateMachineUpdater (StateMachineUpdater.java:takeSnapshot(258)) - 12f94aba-1a41-4f36-aad5-fe218cdfc4f3@group-08832F9F56A9-StateMachineUpdater: Took a snapshot at index 12
2019-09-11 03:16:40,716 [8c88a939-76a6-48ec-b449-781feab56278@group-C308026E702E-StateMachineUpdater] INFO  impl.StateMachineUpdater (StateMachineUpdater.java:takeSnapshot(258)) - 8c88a939-76a6-48ec-b449-781feab56278@group-C308026E702E-StateMachineUpdater: Took a snapshot at index 11
2019-09-11 03:16:40,716 [12f94aba-1a41-4f36-aad5-fe218cdfc4f3@group-08832F9F56A9-StateMachineUpdater] INFO  impl.StateMachineUpdater (StateMachineUpdater.java:lambda$new$0(83)) - 12f94aba-1a41-4f36-aad5-fe218cdfc4f3@group-08832F9F56A9-StateMachineUpdater: snapshotIndex: updateIncreasingly -1 -> 12
2019-09-11 03:16:40,716 [8c88a939-76a6-48ec-b449-781feab56278@group-C308026E702E-StateMachineUpdater] INFO  impl.StateMachineUpdater (StateMachineUpdater.java:lambda$new$0(83)) - 8c88a939-76a6-48ec-b449-781feab56278@group-C308026E702E-StateMachineUpdater: snapshotIndex: updateIncreasingly 11 -> 11
2019-09-11 03:16:40,716 [12f94aba-1a41-4f36-aad5-fe218cdfc4f3@group-08832F9F56A9-StateMachineUpdater] INFO  ratis.ContainerStateMachine (ContainerStateMachine.java:takeSnapshot(289)) - group-08832F9F56A9: Taking a snapshot at:(t:2, i:12) file /workdir/hadoop-ozone/integration-test/target/test-dir/MiniOzoneClusterImpl-ffccced8-c8d8-492e-805a-99618b7a2b29/datanode-3/data/ratis/2ba24a89-d0aa-47ca-b633-08832f9f56a9/sm/snapshot.2_12
2019-09-11 03:16:40,716 [main] INFO  impl.RaftServerImpl (ServerState.java:close(385)) - 8c88a939-76a6-48ec-b449-781feab56278@group-C308026E702E: closes. applyIndex: 15
2019-09-11 03:16:40,719 [8c88a939-76a6-48ec-b449-781feab56278@group-C308026E702E-SegmentedRaftLogWorker] ERROR ratis.XceiverServerRatis (XceiverServerRatis.java:triggerPipelineClose(568)) - pipeline Action CLOSE  on pipeline PipelineID=dc5a121c-a3ce-4c69-b921-c308026e702e.Reason : WriteLog:18: (t:2, i:18), STATEMACHINELOGENTRY, client-133138C33850, cid=31-writeStateMachineData interrupted.
2019-09-11 03:16:40,730 [main] INFO  segmented.SegmentedRaftLogWorker (SegmentedRaftLogWorker.java:close(228)) - 8c88a939-76a6-48ec-b449-781feab56278@group-C308026E702E-SegmentedRaftLogWorker close()
2019-09-11 03:16:40,733 [main] INFO  impl.RaftServerImpl (RaftServerImpl.java:lambda$shutdown$3(251)) - 8c88a939-76a6-48ec-b449-781feab56278@group-8A73FA440246: shutdown
2019-09-11 03:16:40,734 [main] INFO  util.JmxRegister (JmxRegister.java:unregister(73)) - Successfully un-registered JMX Bean with object name Ratis:service=RaftServer,group=group-8A73FA440246,id=8c88a939-76a6-48ec-b449-781feab56278
2019-09-11 03:16:40,734 [main] INFO  impl.RoleInfo (RoleInfo.java:shutdownLeaderState(104)) - 8c88a939-76a6-48ec-b449-781feab56278: shutdown LeaderState
2019-09-11 03:16:40,734 [main] INFO  impl.PendingRequests (PendingRequests.java:sendNotLeaderResponses(202)) - 8c88a939-76a6-48ec-b449-781feab56278-PendingRequests: sendNotLeaderResponses
2019-09-11 03:16:40,735 [main] INFO  impl.StateMachineUpdater (StateMachineUpdater.java:stopAndJoin(125)) - 8c88a939-76a6-48ec-b449-781feab56278@group-8A73FA440246-StateMachineUpdater: set stopIndex = 0
2019-09-11 03:16:40,735 [main] INFO  impl.RaftServerImpl (ServerState.java:close(385)) - 8c88a939-76a6-48ec-b449-781feab56278@group-8A73FA440246: closes. applyIndex: 0
2019-09-11 03:16:40,736 [8c88a939-76a6-48ec-b449-781feab56278@group-8A73FA440246-SegmentedRaftLogWorker] INFO  segmented.SegmentedRaftLogWorker (SegmentedRaftLogWorker.java:run(313)) - 8c88a939-76a6-48ec-b449-781feab56278@group-8A73FA440246-SegmentedRaftLogWorker was interrupted, exiting. There are 0 tasks remaining in the queue.
2019-09-11 03:16:40,739 [main] INFO  segmented.SegmentedRaftLogWorker (SegmentedRaftLogWorker.java:close(228)) - 8c88a939-76a6-48ec-b449-781feab56278@group-8A73FA440246-SegmentedRaftLogWorker close()
2019-09-11 03:16:40,744 [12f94aba-1a41-4f36-aad5-fe218cdfc4f3@group-08832F9F56A9-StateMachineUpdater] INFO  ratis.ContainerStateMachine (ContainerStateMachine.java:takeSnapshot(300)) - group-08832F9F56A9: Finished taking a snapshot at:(t:2, i:12) file:/workdir/hadoop-ozone/integration-test/target/test-dir/MiniOzoneClusterImpl-ffccced8-c8d8-492e-805a-99618b7a2b29/datanode-3/data/ratis/2ba24a89-d0aa-47ca-b633-08832f9f56a9/sm/snapshot.2_12 time:26
2019-09-11 03:16:40,744 [main] INFO  server.GrpcService (GrpcService.java:closeImpl(164)) - 8c88a939-76a6-48ec-b449-781feab56278: shutdown server with port 40431 now
2019-09-11 03:16:40,744 [12f94aba-1a41-4f36-aad5-fe218cdfc4f3@group-08832F9F56A9-StateMachineUpdater] INFO  impl.StateMachineUpdater (StateMachineUpdater.java:takeSnapshot(258)) - 12f94aba-1a41-4f36-aad5-fe218cdfc4f3@group-08832F9F56A9-StateMachineUpdater: Took a snapshot at index 12
2019-09-11 03:16:40,744 [12f94aba-1a41-4f36-aad5-fe218cdfc4f3@group-08832F9F56A9-StateMachineUpdater] INFO  impl.StateMachineUpdater (StateMachineUpdater.java:lambda$new$0(83)) - 12f94aba-1a41-4f36-aad5-fe218cdfc4f3@group-08832F9F56A9-StateMachineUpdater: snapshotIndex: updateIncreasingly 12 -> 12
2019-09-11 03:16:40,745 [grpc-default-executor-0] WARN  server.GrpcLogAppender (LogUtils.java:warn(134)) - 67340b07-f44b-4075-83dc-7a68839c1bb0@group-C308026E702E->06bedc96-d276-4186-804c-441da3383ef1-AppendLogResponseHandler: Failed appendEntries: org.apache.ratis.thirdparty.io.grpc.StatusRuntimeException: UNAVAILABLE: io exception
2019-09-11 03:16:40,745 [grpc-default-executor-6] WARN  server.GrpcServerProtocolService (LogUtils.java:warn(134)) - 8c88a939-76a6-48ec-b449-781feab56278: installSnapshot onError, lastRequest: 67340b07-f44b-4075-83dc-7a68839c1bb0->8c88a939-76a6-48ec-b449-781feab56278#154-t2, previous=(t:2, i:19), leaderCommit=15, initializing? false, entries: <empty>: org.apache.ratis.thirdparty.io.grpc.StatusRuntimeException: CANCELLED: cancelled before receiving half close
2019-09-11 03:16:40,745 [ForkJoinPool.commonPool-worker-1] INFO  impl.RaftServerImpl (ServerState.java:close(385)) - 12f94aba-1a41-4f36-aad5-fe218cdfc4f3@group-08832F9F56A9: closes. applyIndex: 16
2019-09-11 03:16:40,745 [grpc-default-executor-4] WARN  server.GrpcLogAppender (LogUtils.java:warn(134)) - 67340b07-f44b-4075-83dc-7a68839c1bb0@group-C308026E702E->8c88a939-76a6-48ec-b449-781feab56278-AppendLogResponseHandler: Failed appendEntries: org.apache.ratis.thirdparty.io.grpc.StatusRuntimeException: CANCELLED: HTTP/2 error code: CANCEL
Received Rst Stream
2019-09-11 03:16:40,745 [grpc-default-executor-0] INFO  impl.FollowerInfo (FollowerInfo.java:lambda$new$0(51)) - 67340b07-f44b-4075-83dc-7a68839c1bb0@group-C308026E702E->06bedc96-d276-4186-804c-441da3383ef1: nextIndex: updateUnconditionally 0 -> 0
2019-09-11 03:16:40,745 [main] INFO  server.GrpcService (GrpcService.java:closeImpl(172)) - 8c88a939-76a6-48ec-b449-781feab56278: shutdown server with port 40431 successfully
2019-09-11 03:16:40,751 [12f94aba-1a41-4f36-aad5-fe218cdfc4f3@group-08832F9F56A9-SegmentedRaftLogWorker] ERROR ratis.XceiverServerRatis (XceiverServerRatis.java:triggerPipelineClose(568)) - pipeline Action CLOSE  on pipeline PipelineID=2ba24a89-d0aa-47ca-b633-08832f9f56a9.Reason : WriteLog:17: (t:2, i:17), STATEMACHINELOGENTRY, client-64EE3F930F86, cid=57-writeStateMachineData interrupted.
2019-09-11 03:16:40,748 [grpc-default-executor-4] INFO  impl.FollowerInfo (FollowerInfo.java:lambda$new$0(51)) - 67340b07-f44b-4075-83dc-7a68839c1bb0@group-C308026E702E->8c88a939-76a6-48ec-b449-781feab56278: nextIndex: updateUnconditionally 20 -> 16
2019-09-11 03:16:40,754 [ForkJoinPool.commonPool-worker-1] INFO  segmented.SegmentedRaftLogWorker (SegmentedRaftLogWorker.java:close(228)) - 12f94aba-1a41-4f36-aad5-fe218cdfc4f3@group-08832F9F56A9-SegmentedRaftLogWorker close()
2019-09-11 03:16:40,759 [ForkJoinPool.commonPool-worker-1] INFO  server.GrpcService (GrpcService.java:closeImpl(164)) - 12f94aba-1a41-4f36-aad5-fe218cdfc4f3: shutdown server with port 41482 now
2019-09-11 03:16:40,762 [ForkJoinPool.commonPool-worker-1] INFO  server.GrpcService (GrpcService.java:closeImpl(172)) - 12f94aba-1a41-4f36-aad5-fe218cdfc4f3: shutdown server with port 41482 successfully
2019-09-11 03:16:40,763 [refreshUsed-/workdir/hadoop-ozone/integration-test/target/test-dir/MiniOzoneClusterImpl-ffccced8-c8d8-492e-805a-99618b7a2b29/datanode-5/data/containers] WARN  fs.CachingGetSpaceUsed (CachingGetSpaceUsed.java:run(183)) - Thread Interrupted waiting to refresh disk information: sleep interrupted
2019-09-11 03:16:40,781 [refreshUsed-/workdir/hadoop-ozone/integration-test/target/test-dir/MiniOzoneClusterImpl-ffccced8-c8d8-492e-805a-99618b7a2b29/datanode-3/data/containers] WARN  fs.CachingGetSpaceUsed (CachingGetSpaceUsed.java:run(183)) - Thread Interrupted waiting to refresh disk information: sleep interrupted
2019-09-11 03:16:40,786 [main] INFO  utils.BackgroundService (BackgroundService.java:shutdown(148)) - Shutting down service BlockDeletingService
2019-09-11 03:16:40,793 [main] INFO  statemachine.DatanodeStateMachine (DatanodeStateMachine.java:stopDaemon(395)) - Ozone container server stopped.
2019-09-11 03:16:40,794 [main] INFO  handler.ContextHandler (ContextHandler.java:doStop(910)) - Stopped o.e.j.w.WebAppContext@74fab04a{/,null,UNAVAILABLE}{/hddsDatanode}
2019-09-11 03:16:40,795 [main] INFO  server.AbstractConnector (AbstractConnector.java:doStop(318)) - Stopped ServerConnector@3c83468e{HTTP/1.1,[http/1.1]}{0.0.0.0:0}
2019-09-11 03:16:40,796 [main] INFO  handler.ContextHandler (ContextHandler.java:doStop(910)) - Stopped o.e.j.s.ServletContextHandler@4596f8f3{/static,jar:file:/home/user/.m2/repository/org/apache/hadoop/hadoop-hdds-container-service/0.5.0-SNAPSHOT/hadoop-hdds-container-service-0.5.0-SNAPSHOT.jar!/webapps/static,UNAVAILABLE}
2019-09-11 03:16:40,796 [main] INFO  handler.ContextHandler (ContextHandler.java:doStop(910)) - Stopped o.e.j.s.ServletContextHandler@3a66e67e{/logs,file:///workdir/hadoop-ozone/integration-test/target/log,UNAVAILABLE}
2019-09-11 03:16:40,802 [ForkJoinPool.commonPool-worker-1] INFO  utils.BackgroundService (BackgroundService.java:shutdown(148)) - Shutting down service BlockDeletingService
2019-09-11 03:16:40,808 [ForkJoinPool.commonPool-worker-1] INFO  statemachine.DatanodeStateMachine (DatanodeStateMachine.java:stopDaemon(395)) - Ozone container server stopped.
2019-09-11 03:16:40,813 [ForkJoinPool.commonPool-worker-1] INFO  handler.ContextHandler (ContextHandler.java:doStop(910)) - Stopped o.e.j.w.WebAppContext@102c577f{/,null,UNAVAILABLE}{/hddsDatanode}
2019-09-11 03:16:40,814 [ForkJoinPool.commonPool-worker-1] INFO  server.AbstractConnector (AbstractConnector.java:doStop(318)) - Stopped ServerConnector@7d44a19{HTTP/1.1,[http/1.1]}{0.0.0.0:0}
2019-09-11 03:16:40,816 [ForkJoinPool.commonPool-worker-1] INFO  handler.ContextHandler (ContextHandler.java:doStop(910)) - Stopped o.e.j.s.ServletContextHandler@517a2b0{/static,jar:file:/home/user/.m2/repository/org/apache/hadoop/hadoop-hdds-container-service/0.5.0-SNAPSHOT/hadoop-hdds-container-service-0.5.0-SNAPSHOT.jar!/webapps/static,UNAVAILABLE}
2019-09-11 03:16:40,818 [ForkJoinPool.commonPool-worker-1] INFO  handler.ContextHandler (ContextHandler.java:doStop(910)) - Stopped o.e.j.s.ServletContextHandler@443effcb{/logs,file:///workdir/hadoop-ozone/integration-test/target/log,UNAVAILABLE}
2019-09-11 03:16:40,870 [java.util.concurrent.ThreadPoolExecutor$Worker@6b06f8e5[State = -1, empty queue]] WARN  server.GrpcLogAppender (GrpcLogAppender.java:timeoutAppendRequest(200)) - 53d5fcb5-8117-4632-855b-8768bb6778f7@group-D5F610D5601A->4b2356e4-aaef-4a34-8176-0946a74a854c-GrpcLogAppender: appendEntries Timeout, request=53d5fcb5-8117-4632-855b-8768bb6778f7->4b2356e4-aaef-4a34-8176-0946a74a854c#149-t2, previous=(t:2, i:20), leaderCommit=16, initializing? false, entries: <empty>
2019-09-11 03:16:41,208 [grpc-default-executor-6] WARN  server.GrpcLogAppender (LogUtils.java:warn(134)) - 67340b07-f44b-4075-83dc-7a68839c1bb0@group-C308026E702E->8c88a939-76a6-48ec-b449-781feab56278-AppendLogResponseHandler: Failed appendEntries: org.apache.ratis.thirdparty.io.grpc.StatusRuntimeException: UNAVAILABLE: io exception
2019-09-11 03:16:41,209 [grpc-default-executor-6] INFO  impl.FollowerInfo (FollowerInfo.java:lambda$new$0(51)) - 67340b07-f44b-4075-83dc-7a68839c1bb0@group-C308026E702E->8c88a939-76a6-48ec-b449-781feab56278: nextIndex: updateUnconditionally 16 -> 15
2019-09-11 03:16:41,238 [grpc-default-executor-4] WARN  server.GrpcLogAppender (LogUtils.java:warn(134)) - 67340b07-f44b-4075-83dc-7a68839c1bb0@group-C308026E702E->06bedc96-d276-4186-804c-441da3383ef1-AppendLogResponseHandler: Failed appendEntries: org.apache.ratis.thirdparty.io.grpc.StatusRuntimeException: UNAVAILABLE: io exception
2019-09-11 03:16:41,238 [grpc-default-executor-4] INFO  impl.FollowerInfo (FollowerInfo.java:lambda$new$0(51)) - 67340b07-f44b-4075-83dc-7a68839c1bb0@group-C308026E702E->06bedc96-d276-4186-804c-441da3383ef1: nextIndex: updateUnconditionally 0 -> 0
2019-09-11 03:16:41,370 [java.util.concurrent.ThreadPoolExecutor$Worker@6b06f8e5[State = -1, empty queue]] WARN  server.GrpcLogAppender (GrpcLogAppender.java:timeoutAppendRequest(200)) - 53d5fcb5-8117-4632-855b-8768bb6778f7@group-D5F610D5601A->4b2356e4-aaef-4a34-8176-0946a74a854c-GrpcLogAppender: appendEntries Timeout, request=53d5fcb5-8117-4632-855b-8768bb6778f7->4b2356e4-aaef-4a34-8176-0946a74a854c#150-t2, previous=(t:2, i:20), leaderCommit=16, initializing? false, entries: <empty>
2019-09-11 03:16:41,709 [grpc-default-executor-0] WARN  server.GrpcLogAppender (LogUtils.java:warn(134)) - 67340b07-f44b-4075-83dc-7a68839c1bb0@group-C308026E702E->8c88a939-76a6-48ec-b449-781feab56278-AppendLogResponseHandler: Failed appendEntries: org.apache.ratis.thirdparty.io.grpc.StatusRuntimeException: UNAVAILABLE: io exception
2019-09-11 03:16:41,710 [grpc-default-executor-0] INFO  impl.FollowerInfo (FollowerInfo.java:lambda$new$0(51)) - 67340b07-f44b-4075-83dc-7a68839c1bb0@group-C308026E702E->8c88a939-76a6-48ec-b449-781feab56278: nextIndex: updateUnconditionally 15 -> 14
2019-09-11 03:16:41,739 [grpc-default-executor-6] WARN  server.GrpcLogAppender (LogUtils.java:warn(134)) - 67340b07-f44b-4075-83dc-7a68839c1bb0@group-C308026E702E->06bedc96-d276-4186-804c-441da3383ef1-AppendLogResponseHandler: Failed appendEntries: org.apache.ratis.thirdparty.io.grpc.StatusRuntimeException: UNAVAILABLE: io exception
2019-09-11 03:16:41,739 [grpc-default-executor-6] INFO  impl.FollowerInfo (FollowerInfo.java:lambda$new$0(51)) - 67340b07-f44b-4075-83dc-7a68839c1bb0@group-C308026E702E->06bedc96-d276-4186-804c-441da3383ef1: nextIndex: updateUnconditionally 0 -> 0
2019-09-11 03:16:41,754 [Datanode State Machine Thread - 0] INFO  statemachine.DatanodeStateMachine (DatanodeStateMachine.java:lambda$startDaemon$0(350)) - Ozone container server started.
2019-09-11 03:16:41,760 [Datanode State Machine Thread - 0] INFO  statemachine.DatanodeStateMachine (DatanodeStateMachine.java:lambda$startDaemon$0(350)) - Ozone container server started.
2019-09-11 03:16:41,871 [java.util.concurrent.ThreadPoolExecutor$Worker@6b06f8e5[State = -1, empty queue]] WARN  server.GrpcLogAppender (GrpcLogAppender.java:timeoutAppendRequest(200)) - 53d5fcb5-8117-4632-855b-8768bb6778f7@group-D5F610D5601A->4b2356e4-aaef-4a34-8176-0946a74a854c-GrpcLogAppender: appendEntries Timeout, request=53d5fcb5-8117-4632-855b-8768bb6778f7->4b2356e4-aaef-4a34-8176-0946a74a854c#151-t2, previous=(t:2, i:20), leaderCommit=16, initializing? false, entries: <empty>
2019-09-11 03:16:42,210 [grpc-default-executor-4] WARN  server.GrpcLogAppender (LogUtils.java:warn(134)) - 67340b07-f44b-4075-83dc-7a68839c1bb0@group-C308026E702E->8c88a939-76a6-48ec-b449-781feab56278-AppendLogResponseHandler: Failed appendEntries: org.apache.ratis.thirdparty.io.grpc.StatusRuntimeException: UNAVAILABLE: io exception
2019-09-11 03:16:42,211 [grpc-default-executor-4] INFO  impl.FollowerInfo (FollowerInfo.java:lambda$new$0(51)) - 67340b07-f44b-4075-83dc-7a68839c1bb0@group-C308026E702E->8c88a939-76a6-48ec-b449-781feab56278: nextIndex: updateUnconditionally 14 -> 13
2019-09-11 03:16:42,239 [grpc-default-executor-0] WARN  server.GrpcLogAppender (LogUtils.java:warn(134)) - 67340b07-f44b-4075-83dc-7a68839c1bb0@group-C308026E702E->06bedc96-d276-4186-804c-441da3383ef1-AppendLogResponseHandler: Failed appendEntries: org.apache.ratis.thirdparty.io.grpc.StatusRuntimeException: UNAVAILABLE: io exception
2019-09-11 03:16:42,240 [grpc-default-executor-0] INFO  impl.FollowerInfo (FollowerInfo.java:lambda$new$0(51)) - 67340b07-f44b-4075-83dc-7a68839c1bb0@group-C308026E702E->06bedc96-d276-4186-804c-441da3383ef1: nextIndex: updateUnconditionally 0 -> 0
2019-09-11 03:16:42,371 [java.util.concurrent.ThreadPoolExecutor$Worker@6b06f8e5[State = -1, empty queue]] WARN  server.GrpcLogAppender (GrpcLogAppender.java:timeoutAppendRequest(200)) - 53d5fcb5-8117-4632-855b-8768bb6778f7@group-D5F610D5601A->4b2356e4-aaef-4a34-8176-0946a74a854c-GrpcLogAppender: appendEntries Timeout, request=53d5fcb5-8117-4632-855b-8768bb6778f7->4b2356e4-aaef-4a34-8176-0946a74a854c#152-t2, previous=(t:2, i:20), leaderCommit=16, initializing? false, entries: <empty>
2019-09-11 03:16:42,711 [grpc-default-executor-6] WARN  server.GrpcLogAppender (LogUtils.java:warn(134)) - 67340b07-f44b-4075-83dc-7a68839c1bb0@group-C308026E702E->8c88a939-76a6-48ec-b449-781feab56278-AppendLogResponseHandler: Failed appendEntries: org.apache.ratis.thirdparty.io.grpc.StatusRuntimeException: UNAVAILABLE: io exception
2019-09-11 03:16:42,712 [grpc-default-executor-6] INFO  impl.FollowerInfo (FollowerInfo.java:lambda$new$0(51)) - 67340b07-f44b-4075-83dc-7a68839c1bb0@group-C308026E702E->8c88a939-76a6-48ec-b449-781feab56278: nextIndex: updateUnconditionally 13 -> 12
2019-09-11 03:16:42,740 [grpc-default-executor-0] WARN  server.GrpcLogAppender (LogUtils.java:warn(134)) - 67340b07-f44b-4075-83dc-7a68839c1bb0@group-C308026E702E->06bedc96-d276-4186-804c-441da3383ef1-AppendLogResponseHandler: Failed appendEntries: org.apache.ratis.thirdparty.io.grpc.StatusRuntimeException: UNAVAILABLE: io exception
2019-09-11 03:16:42,741 [grpc-default-executor-0] INFO  impl.FollowerInfo (FollowerInfo.java:lambda$new$0(51)) - 67340b07-f44b-4075-83dc-7a68839c1bb0@group-C308026E702E->06bedc96-d276-4186-804c-441da3383ef1: nextIndex: updateUnconditionally 0 -> 0
2019-09-11 03:16:42,872 [java.util.concurrent.ThreadPoolExecutor$Worker@6b06f8e5[State = -1, empty queue]] WARN  server.GrpcLogAppender (GrpcLogAppender.java:timeoutAppendRequest(200)) - 53d5fcb5-8117-4632-855b-8768bb6778f7@group-D5F610D5601A->4b2356e4-aaef-4a34-8176-0946a74a854c-GrpcLogAppender: appendEntries Timeout, request=53d5fcb5-8117-4632-855b-8768bb6778f7->4b2356e4-aaef-4a34-8176-0946a74a854c#153-t2, previous=(t:2, i:20), leaderCommit=16, initializing? false, entries: <empty>
2019-09-11 03:16:43,214 [grpc-default-executor-6] WARN  server.GrpcLogAppender (LogUtils.java:warn(134)) - 67340b07-f44b-4075-83dc-7a68839c1bb0@group-C308026E702E->8c88a939-76a6-48ec-b449-781feab56278-AppendLogResponseHandler: Failed appendEntries: org.apache.ratis.thirdparty.io.grpc.StatusRuntimeException: UNAVAILABLE: io exception
2019-09-11 03:16:43,215 [grpc-default-executor-6] INFO  impl.FollowerInfo (FollowerInfo.java:lambda$new$0(51)) - 67340b07-f44b-4075-83dc-7a68839c1bb0@group-C308026E702E->8c88a939-76a6-48ec-b449-781feab56278: nextIndex: updateUnconditionally 12 -> 11
2019-09-11 03:16:43,242 [grpc-default-executor-4] WARN  server.GrpcLogAppender (LogUtils.java:warn(134)) - 67340b07-f44b-4075-83dc-7a68839c1bb0@group-C308026E702E->06bedc96-d276-4186-804c-441da3383ef1-AppendLogResponseHandler: Failed appendEntries: org.apache.ratis.thirdparty.io.grpc.StatusRuntimeException: UNAVAILABLE: io exception
2019-09-11 03:16:43,242 [grpc-default-executor-4] INFO  impl.FollowerInfo (FollowerInfo.java:lambda$new$0(51)) - 67340b07-f44b-4075-83dc-7a68839c1bb0@group-C308026E702E->06bedc96-d276-4186-804c-441da3383ef1: nextIndex: updateUnconditionally 0 -> 0
2019-09-11 03:16:43,335 [53d5fcb5-8117-4632-855b-8768bb6778f7@group-D5F610D5601A-SegmentedRaftLogWorker] WARN  segmented.SegmentedRaftLogWorker (SegmentedRaftLogWorker.java:getFromFuture(90)) - Timeout 4/~
org.apache.ratis.protocol.TimeoutIOException: Timeout 10s: WriteLog:17: (t:2, i:17), STATEMACHINELOGENTRY, client-84CCB07DAE59, cid=43-writeStateMachineData
	at org.apache.ratis.util.IOUtils.getFromFuture(IOUtils.java:87)
	at org.apache.ratis.server.raftlog.segmented.SegmentedRaftLogWorker$StateMachineDataPolicy.getFromFuture(SegmentedRaftLogWorker.java:87)
	at org.apache.ratis.server.raftlog.segmented.SegmentedRaftLogWorker$WriteLog.execute(SegmentedRaftLogWorker.java:477)
	at org.apache.ratis.server.raftlog.segmented.SegmentedRaftLogWorker.run(SegmentedRaftLogWorker.java:289)
	at java.lang.Thread.run(Thread.java:748)
Caused by: java.util.concurrent.TimeoutException
	at java.util.concurrent.CompletableFuture.timedGet(CompletableFuture.java:1771)
	at java.util.concurrent.CompletableFuture.get(CompletableFuture.java:1915)
	at org.apache.ratis.util.IOUtils.getFromFuture(IOUtils.java:79)
	... 4 more
2019-09-11 03:16:43,347 [4b2356e4-aaef-4a34-8176-0946a74a854c@group-D5F610D5601A-SegmentedRaftLogWorker] WARN  segmented.SegmentedRaftLogWorker (SegmentedRaftLogWorker.java:getFromFuture(90)) - Timeout 4/~
org.apache.ratis.protocol.TimeoutIOException: Timeout 10s: WriteLog:17: (t:2, i:17), STATEMACHINELOGENTRY, client-84CCB07DAE59, cid=43-writeStateMachineData
	at org.apache.ratis.util.IOUtils.getFromFuture(IOUtils.java:87)
	at org.apache.ratis.server.raftlog.segmented.SegmentedRaftLogWorker$StateMachineDataPolicy.getFromFuture(SegmentedRaftLogWorker.java:87)
	at org.apache.ratis.server.raftlog.segmented.SegmentedRaftLogWorker$WriteLog.execute(SegmentedRaftLogWorker.java:477)
	at org.apache.ratis.server.raftlog.segmented.SegmentedRaftLogWorker.run(SegmentedRaftLogWorker.java:289)
	at java.lang.Thread.run(Thread.java:748)
Caused by: java.util.concurrent.TimeoutException
	at java.util.concurrent.CompletableFuture.timedGet(CompletableFuture.java:1771)
	at java.util.concurrent.CompletableFuture.get(CompletableFuture.java:1915)
	at org.apache.ratis.util.IOUtils.getFromFuture(IOUtils.java:79)
	... 4 more
2019-09-11 03:16:43,372 [java.util.concurrent.ThreadPoolExecutor$Worker@6b06f8e5[State = -1, empty queue]] WARN  server.GrpcLogAppender (GrpcLogAppender.java:timeoutAppendRequest(200)) - 53d5fcb5-8117-4632-855b-8768bb6778f7@group-D5F610D5601A->4b2356e4-aaef-4a34-8176-0946a74a854c-GrpcLogAppender: appendEntries Timeout, request=53d5fcb5-8117-4632-855b-8768bb6778f7->4b2356e4-aaef-4a34-8176-0946a74a854c#154-t2, previous=(t:2, i:20), leaderCommit=16, initializing? false, entries: <empty>
2019-09-11 03:16:43,713 [grpc-default-executor-4] WARN  server.GrpcLogAppender (LogUtils.java:warn(134)) - 67340b07-f44b-4075-83dc-7a68839c1bb0@group-C308026E702E->8c88a939-76a6-48ec-b449-781feab56278-AppendLogResponseHandler: Failed appendEntries: org.apache.ratis.thirdparty.io.grpc.StatusRuntimeException: UNAVAILABLE: io exception
2019-09-11 03:16:43,714 [grpc-default-executor-4] INFO  impl.FollowerInfo (FollowerInfo.java:lambda$new$0(51)) - 67340b07-f44b-4075-83dc-7a68839c1bb0@group-C308026E702E->8c88a939-76a6-48ec-b449-781feab56278: nextIndex: updateUnconditionally 11 -> 10
2019-09-11 03:16:43,742 [grpc-default-executor-4] WARN  server.GrpcLogAppender (LogUtils.java:warn(134)) - 67340b07-f44b-4075-83dc-7a68839c1bb0@group-C308026E702E->06bedc96-d276-4186-804c-441da3383ef1-AppendLogResponseHandler: Failed appendEntries: org.apache.ratis.thirdparty.io.grpc.StatusRuntimeException: UNAVAILABLE: io exception
2019-09-11 03:16:43,743 [grpc-default-executor-4] INFO  impl.FollowerInfo (FollowerInfo.java:lambda$new$0(51)) - 67340b07-f44b-4075-83dc-7a68839c1bb0@group-C308026E702E->06bedc96-d276-4186-804c-441da3383ef1: nextIndex: updateUnconditionally 0 -> 0
2019-09-11 03:16:43,772 [67340b07-f44b-4075-83dc-7a68839c1bb0@group-C308026E702E-SegmentedRaftLogWorker] WARN  segmented.SegmentedRaftLogWorker (SegmentedRaftLogWorker.java:getFromFuture(90)) - Timeout 6/~
org.apache.ratis.protocol.TimeoutIOException: Timeout 10s: WriteLog:18: (t:2, i:18), STATEMACHINELOGENTRY, client-133138C33850, cid=31-writeStateMachineData
	at org.apache.ratis.util.IOUtils.getFromFuture(IOUtils.java:87)
	at org.apache.ratis.server.raftlog.segmented.SegmentedRaftLogWorker$StateMachineDataPolicy.getFromFuture(SegmentedRaftLogWorker.java:87)
	at org.apache.ratis.server.raftlog.segmented.SegmentedRaftLogWorker$WriteLog.execute(SegmentedRaftLogWorker.java:477)
	at org.apache.ratis.server.raftlog.segmented.SegmentedRaftLogWorker.run(SegmentedRaftLogWorker.java:289)
	at java.lang.Thread.run(Thread.java:748)
Caused by: java.util.concurrent.TimeoutException
	at java.util.concurrent.CompletableFuture.timedGet(CompletableFuture.java:1771)
	at java.util.concurrent.CompletableFuture.get(CompletableFuture.java:1915)
	at org.apache.ratis.util.IOUtils.getFromFuture(IOUtils.java:79)
	... 4 more
2019-09-11 03:16:43,872 [java.util.concurrent.ThreadPoolExecutor$Worker@6b06f8e5[State = -1, empty queue]] WARN  server.GrpcLogAppender (GrpcLogAppender.java:timeoutAppendRequest(200)) - 53d5fcb5-8117-4632-855b-8768bb6778f7@group-D5F610D5601A->4b2356e4-aaef-4a34-8176-0946a74a854c-GrpcLogAppender: appendEntries Timeout, request=53d5fcb5-8117-4632-855b-8768bb6778f7->4b2356e4-aaef-4a34-8176-0946a74a854c#155-t2, previous=(t:2, i:20), leaderCommit=16, initializing? false, entries: <empty>
2019-09-11 03:16:44,216 [grpc-default-executor-0] WARN  server.GrpcLogAppender (LogUtils.java:warn(134)) - 67340b07-f44b-4075-83dc-7a68839c1bb0@group-C308026E702E->8c88a939-76a6-48ec-b449-781feab56278-AppendLogResponseHandler: Failed appendEntries: org.apache.ratis.thirdparty.io.grpc.StatusRuntimeException: UNAVAILABLE: io exception
2019-09-11 03:16:44,217 [grpc-default-executor-0] INFO  impl.FollowerInfo (FollowerInfo.java:lambda$new$0(51)) - 67340b07-f44b-4075-83dc-7a68839c1bb0@group-C308026E702E->8c88a939-76a6-48ec-b449-781feab56278: nextIndex: updateUnconditionally 10 -> 9
2019-09-11 03:16:44,242 [grpc-default-executor-6] WARN  server.GrpcLogAppender (LogUtils.java:warn(134)) - 67340b07-f44b-4075-83dc-7a68839c1bb0@group-C308026E702E->06bedc96-d276-4186-804c-441da3383ef1-AppendLogResponseHandler: Failed appendEntries: org.apache.ratis.thirdparty.io.grpc.StatusRuntimeException: UNAVAILABLE: io exception
2019-09-11 03:16:44,243 [grpc-default-executor-6] INFO  impl.FollowerInfo (FollowerInfo.java:lambda$new$0(51)) - 67340b07-f44b-4075-83dc-7a68839c1bb0@group-C308026E702E->06bedc96-d276-4186-804c-441da3383ef1: nextIndex: updateUnconditionally 0 -> 0
2019-09-11 03:16:44,373 [java.util.concurrent.ThreadPoolExecutor$Worker@6b06f8e5[State = -1, empty queue]] WARN  server.GrpcLogAppender (GrpcLogAppender.java:timeoutAppendRequest(200)) - 53d5fcb5-8117-4632-855b-8768bb6778f7@group-D5F610D5601A->4b2356e4-aaef-4a34-8176-0946a74a854c-GrpcLogAppender: appendEntries Timeout, request=53d5fcb5-8117-4632-855b-8768bb6778f7->4b2356e4-aaef-4a34-8176-0946a74a854c#156-t2, previous=(t:2, i:20), leaderCommit=16, initializing? false, entries: <empty>
2019-09-11 03:16:44,717 [grpc-default-executor-6] WARN  server.GrpcLogAppender (LogUtils.java:warn(134)) - 67340b07-f44b-4075-83dc-7a68839c1bb0@group-C308026E702E->8c88a939-76a6-48ec-b449-781feab56278-AppendLogResponseHandler: Failed appendEntries: org.apache.ratis.thirdparty.io.grpc.StatusRuntimeException: UNAVAILABLE: io exception
2019-09-11 03:16:44,717 [grpc-default-executor-6] INFO  impl.FollowerInfo (FollowerInfo.java:lambda$new$0(51)) - 67340b07-f44b-4075-83dc-7a68839c1bb0@group-C308026E702E->8c88a939-76a6-48ec-b449-781feab56278: nextIndex: updateUnconditionally 9 -> 8
2019-09-11 03:16:44,744 [grpc-default-executor-6] WARN  server.GrpcLogAppender (LogUtils.java:warn(134)) - 67340b07-f44b-4075-83dc-7a68839c1bb0@group-C308026E702E->06bedc96-d276-4186-804c-441da3383ef1-AppendLogResponseHandler: Failed appendEntries: org.apache.ratis.thirdparty.io.grpc.StatusRuntimeException: UNAVAILABLE: io exception
2019-09-11 03:16:44,744 [grpc-default-executor-6] INFO  impl.FollowerInfo (FollowerInfo.java:lambda$new$0(51)) - 67340b07-f44b-4075-83dc-7a68839c1bb0@group-C308026E702E->06bedc96-d276-4186-804c-441da3383ef1: nextIndex: updateUnconditionally 0 -> 0
2019-09-11 03:16:44,873 [java.util.concurrent.ThreadPoolExecutor$Worker@6b06f8e5[State = -1, empty queue]] WARN  server.GrpcLogAppender (GrpcLogAppender.java:timeoutAppendRequest(200)) - 53d5fcb5-8117-4632-855b-8768bb6778f7@group-D5F610D5601A->4b2356e4-aaef-4a34-8176-0946a74a854c-GrpcLogAppender: appendEntries Timeout, request=53d5fcb5-8117-4632-855b-8768bb6778f7->4b2356e4-aaef-4a34-8176-0946a74a854c#157-t2, previous=(t:2, i:20), leaderCommit=16, initializing? false, entries: <empty>
2019-09-11 03:16:45,219 [grpc-default-executor-4] WARN  server.GrpcLogAppender (LogUtils.java:warn(134)) - 67340b07-f44b-4075-83dc-7a68839c1bb0@group-C308026E702E->8c88a939-76a6-48ec-b449-781feab56278-AppendLogResponseHandler: Failed appendEntries: org.apache.ratis.thirdparty.io.grpc.StatusRuntimeException: UNAVAILABLE: io exception
2019-09-11 03:16:45,220 [grpc-default-executor-4] INFO  impl.FollowerInfo (FollowerInfo.java:lambda$new$0(51)) - 67340b07-f44b-4075-83dc-7a68839c1bb0@group-C308026E702E->8c88a939-76a6-48ec-b449-781feab56278: nextIndex: updateUnconditionally 8 -> 7
2019-09-11 03:16:45,244 [grpc-default-executor-6] WARN  server.GrpcLogAppender (LogUtils.java:warn(134)) - 67340b07-f44b-4075-83dc-7a68839c1bb0@group-C308026E702E->06bedc96-d276-4186-804c-441da3383ef1-AppendLogResponseHandler: Failed appendEntries: org.apache.ratis.thirdparty.io.grpc.StatusRuntimeException: UNAVAILABLE: io exception
2019-09-11 03:16:45,245 [grpc-default-executor-6] INFO  impl.FollowerInfo (FollowerInfo.java:lambda$new$0(51)) - 67340b07-f44b-4075-83dc-7a68839c1bb0@group-C308026E702E->06bedc96-d276-4186-804c-441da3383ef1: nextIndex: updateUnconditionally 0 -> 0
2019-09-11 03:16:45,373 [java.util.concurrent.ThreadPoolExecutor$Worker@6b06f8e5[State = -1, empty queue]] WARN  server.GrpcLogAppender (GrpcLogAppender.java:timeoutAppendRequest(200)) - 53d5fcb5-8117-4632-855b-8768bb6778f7@group-D5F610D5601A->4b2356e4-aaef-4a34-8176-0946a74a854c-GrpcLogAppender: appendEntries Timeout, request=53d5fcb5-8117-4632-855b-8768bb6778f7->4b2356e4-aaef-4a34-8176-0946a74a854c#158-t2, previous=(t:2, i:20), leaderCommit=16, initializing? false, entries: <empty>
2019-09-11 03:16:45,720 [grpc-default-executor-6] WARN  server.GrpcLogAppender (LogUtils.java:warn(134)) - 67340b07-f44b-4075-83dc-7a68839c1bb0@group-C308026E702E->8c88a939-76a6-48ec-b449-781feab56278-AppendLogResponseHandler: Failed appendEntries: org.apache.ratis.thirdparty.io.grpc.StatusRuntimeException: UNAVAILABLE: io exception
2019-09-11 03:16:45,721 [grpc-default-executor-6] INFO  impl.FollowerInfo (FollowerInfo.java:lambda$new$0(51)) - 67340b07-f44b-4075-83dc-7a68839c1bb0@group-C308026E702E->8c88a939-76a6-48ec-b449-781feab56278: nextIndex: updateUnconditionally 7 -> 6
2019-09-11 03:16:45,745 [grpc-default-executor-4] WARN  server.GrpcLogAppender (LogUtils.java:warn(134)) - 67340b07-f44b-4075-83dc-7a68839c1bb0@group-C308026E702E->06bedc96-d276-4186-804c-441da3383ef1-AppendLogResponseHandler: Failed appendEntries: org.apache.ratis.thirdparty.io.grpc.StatusRuntimeException: UNAVAILABLE: io exception
2019-09-11 03:16:45,745 [grpc-default-executor-4] INFO  impl.FollowerInfo (FollowerInfo.java:lambda$new$0(51)) - 67340b07-f44b-4075-83dc-7a68839c1bb0@group-C308026E702E->06bedc96-d276-4186-804c-441da3383ef1: nextIndex: updateUnconditionally 0 -> 0
2019-09-11 03:16:45,799 [main] INFO  ozoneimpl.OzoneContainer (OzoneContainer.java:stop(231)) - Attempting to stop container services.
2019-09-11 03:16:45,800 [main] INFO  impl.RaftServerProxy (RaftServerProxy.java:lambda$close$4(314)) - 67340b07-f44b-4075-83dc-7a68839c1bb0: close
2019-09-11 03:16:45,800 [main] INFO  impl.RaftServerImpl (RaftServerImpl.java:lambda$shutdown$3(251)) - 67340b07-f44b-4075-83dc-7a68839c1bb0@group-9386765A5FEE: shutdown
2019-09-11 03:16:45,801 [main] INFO  util.JmxRegister (JmxRegister.java:unregister(73)) - Successfully un-registered JMX Bean with object name Ratis:service=RaftServer,group=group-9386765A5FEE,id=67340b07-f44b-4075-83dc-7a68839c1bb0
2019-09-11 03:16:45,801 [main] INFO  impl.RoleInfo (RoleInfo.java:shutdownLeaderState(104)) - 67340b07-f44b-4075-83dc-7a68839c1bb0: shutdown LeaderState
2019-09-11 03:16:45,801 [main] INFO  impl.PendingRequests (PendingRequests.java:sendNotLeaderResponses(202)) - 67340b07-f44b-4075-83dc-7a68839c1bb0-PendingRequests: sendNotLeaderResponses
2019-09-11 03:16:45,802 [main] INFO  impl.StateMachineUpdater (StateMachineUpdater.java:stopAndJoin(125)) - 67340b07-f44b-4075-83dc-7a68839c1bb0@group-9386765A5FEE-StateMachineUpdater: set stopIndex = 0
2019-09-11 03:16:45,803 [main] INFO  impl.RaftServerImpl (ServerState.java:close(385)) - 67340b07-f44b-4075-83dc-7a68839c1bb0@group-9386765A5FEE: closes. applyIndex: 0
2019-09-11 03:16:45,803 [67340b07-f44b-4075-83dc-7a68839c1bb0@group-9386765A5FEE-SegmentedRaftLogWorker] INFO  segmented.SegmentedRaftLogWorker (SegmentedRaftLogWorker.java:run(313)) - 67340b07-f44b-4075-83dc-7a68839c1bb0@group-9386765A5FEE-SegmentedRaftLogWorker was interrupted, exiting. There are 0 tasks remaining in the queue.
2019-09-11 03:16:45,806 [main] INFO  segmented.SegmentedRaftLogWorker (SegmentedRaftLogWorker.java:close(228)) - 67340b07-f44b-4075-83dc-7a68839c1bb0@group-9386765A5FEE-SegmentedRaftLogWorker close()
2019-09-11 03:16:45,809 [main] INFO  impl.RaftServerImpl (RaftServerImpl.java:lambda$shutdown$3(251)) - 67340b07-f44b-4075-83dc-7a68839c1bb0@group-C308026E702E: shutdown
2019-09-11 03:16:45,809 [main] INFO  util.JmxRegister (JmxRegister.java:unregister(73)) - Successfully un-registered JMX Bean with object name Ratis:service=RaftServer,group=group-C308026E702E,id=67340b07-f44b-4075-83dc-7a68839c1bb0
2019-09-11 03:16:45,810 [main] INFO  impl.RoleInfo (RoleInfo.java:shutdownLeaderState(104)) - 67340b07-f44b-4075-83dc-7a68839c1bb0: shutdown LeaderState
2019-09-11 03:16:45,812 [main] INFO  impl.PendingRequests (PendingRequests.java:sendNotLeaderResponses(202)) - 67340b07-f44b-4075-83dc-7a68839c1bb0-PendingRequests: sendNotLeaderResponses
2019-09-11 03:16:45,812 [org.apache.ratis.server.impl.LogAppender$AppenderDaemon$$Lambda$608/133095638@7c3bcd87] WARN  server.GrpcLogAppender (GrpcLogAppender.java:mayWait(143)) - 67340b07-f44b-4075-83dc-7a68839c1bb0@group-C308026E702E->06bedc96-d276-4186-804c-441da3383ef1-GrpcLogAppender: Wait interrupted by java.lang.InterruptedException
2019-09-11 03:16:45,812 [org.apache.ratis.server.impl.LogAppender$AppenderDaemon$$Lambda$608/133095638@463d712b] WARN  server.GrpcLogAppender (GrpcLogAppender.java:mayWait(143)) - 67340b07-f44b-4075-83dc-7a68839c1bb0@group-C308026E702E->8c88a939-76a6-48ec-b449-781feab56278-GrpcLogAppender: Wait interrupted by java.lang.InterruptedException
2019-09-11 03:16:45,816 [main] INFO  impl.StateMachineUpdater (StateMachineUpdater.java:stopAndJoin(125)) - 67340b07-f44b-4075-83dc-7a68839c1bb0@group-C308026E702E-StateMachineUpdater: set stopIndex = 15
2019-09-11 03:16:45,816 [67340b07-f44b-4075-83dc-7a68839c1bb0@group-C308026E702E-StateMachineUpdater] INFO  ratis.ContainerStateMachine (ContainerStateMachine.java:takeSnapshot(289)) - group-C308026E702E: Taking a snapshot at:(t:2, i:11) file /workdir/hadoop-ozone/integration-test/target/test-dir/MiniOzoneClusterImpl-ffccced8-c8d8-492e-805a-99618b7a2b29/datanode-6/data/ratis/dc5a121c-a3ce-4c69-b921-c308026e702e/sm/snapshot.2_11
2019-09-11 03:16:45,820 [ForkJoinPool.commonPool-worker-1] INFO  ozoneimpl.OzoneContainer (OzoneContainer.java:stop(231)) - Attempting to stop container services.
2019-09-11 03:16:45,820 [ForkJoinPool.commonPool-worker-1] INFO  impl.RaftServerProxy (RaftServerProxy.java:lambda$close$4(314)) - fd8937d2-ae9c-4754-9095-8c93aae9e6b7: close
2019-09-11 03:16:45,821 [ForkJoinPool.commonPool-worker-1] INFO  impl.RaftServerImpl (RaftServerImpl.java:lambda$shutdown$3(251)) - fd8937d2-ae9c-4754-9095-8c93aae9e6b7@group-21C29C4993BA: shutdown
2019-09-11 03:16:45,821 [ForkJoinPool.commonPool-worker-1] INFO  util.JmxRegister (JmxRegister.java:unregister(73)) - Successfully un-registered JMX Bean with object name Ratis:service=RaftServer,group=group-21C29C4993BA,id=fd8937d2-ae9c-4754-9095-8c93aae9e6b7
2019-09-11 03:16:45,821 [ForkJoinPool.commonPool-worker-1] INFO  impl.RoleInfo (RoleInfo.java:shutdownLeaderState(104)) - fd8937d2-ae9c-4754-9095-8c93aae9e6b7: shutdown LeaderState
2019-09-11 03:16:45,822 [ForkJoinPool.commonPool-worker-1] INFO  impl.PendingRequests (PendingRequests.java:sendNotLeaderResponses(202)) - fd8937d2-ae9c-4754-9095-8c93aae9e6b7-PendingRequests: sendNotLeaderResponses
2019-09-11 03:16:45,822 [ForkJoinPool.commonPool-worker-1] INFO  impl.StateMachineUpdater (StateMachineUpdater.java:stopAndJoin(125)) - fd8937d2-ae9c-4754-9095-8c93aae9e6b7@group-21C29C4993BA-StateMachineUpdater: set stopIndex = 0
2019-09-11 03:16:45,822 [ForkJoinPool.commonPool-worker-1] INFO  impl.RaftServerImpl (ServerState.java:close(385)) - fd8937d2-ae9c-4754-9095-8c93aae9e6b7@group-21C29C4993BA: closes. applyIndex: 0
2019-09-11 03:16:45,823 [fd8937d2-ae9c-4754-9095-8c93aae9e6b7@group-21C29C4993BA-SegmentedRaftLogWorker] INFO  segmented.SegmentedRaftLogWorker (SegmentedRaftLogWorker.java:run(313)) - fd8937d2-ae9c-4754-9095-8c93aae9e6b7@group-21C29C4993BA-SegmentedRaftLogWorker was interrupted, exiting. There are 0 tasks remaining in the queue.
2019-09-11 03:16:45,825 [ForkJoinPool.commonPool-worker-1] INFO  segmented.SegmentedRaftLogWorker (SegmentedRaftLogWorker.java:close(228)) - fd8937d2-ae9c-4754-9095-8c93aae9e6b7@group-21C29C4993BA-SegmentedRaftLogWorker close()
2019-09-11 03:16:45,828 [ForkJoinPool.commonPool-worker-1] INFO  impl.RaftServerImpl (RaftServerImpl.java:lambda$shutdown$3(251)) - fd8937d2-ae9c-4754-9095-8c93aae9e6b7@group-08832F9F56A9: shutdown
2019-09-11 03:16:45,829 [ForkJoinPool.commonPool-worker-1] INFO  util.JmxRegister (JmxRegister.java:unregister(73)) - Successfully un-registered JMX Bean with object name Ratis:service=RaftServer,group=group-08832F9F56A9,id=fd8937d2-ae9c-4754-9095-8c93aae9e6b7
2019-09-11 03:16:45,829 [ForkJoinPool.commonPool-worker-1] INFO  impl.RoleInfo (RoleInfo.java:shutdownFollowerState(121)) - fd8937d2-ae9c-4754-9095-8c93aae9e6b7: shutdown FollowerState
2019-09-11 03:16:45,829 [ForkJoinPool.commonPool-worker-1] INFO  impl.StateMachineUpdater (StateMachineUpdater.java:stopAndJoin(125)) - fd8937d2-ae9c-4754-9095-8c93aae9e6b7@group-08832F9F56A9-StateMachineUpdater: set stopIndex = 16
2019-09-11 03:16:45,829 [fd8937d2-ae9c-4754-9095-8c93aae9e6b7@group-08832F9F56A9-StateMachineUpdater] INFO  ratis.ContainerStateMachine (ContainerStateMachine.java:takeSnapshot(289)) - group-08832F9F56A9: Taking a snapshot at:(t:2, i:12) file /workdir/hadoop-ozone/integration-test/target/test-dir/MiniOzoneClusterImpl-ffccced8-c8d8-492e-805a-99618b7a2b29/datanode-4/data/ratis/2ba24a89-d0aa-47ca-b633-08832f9f56a9/sm/snapshot.2_12
2019-09-11 03:16:45,829 [Thread-408] INFO  impl.FollowerState (FollowerState.java:run(115)) - fd8937d2-ae9c-4754-9095-8c93aae9e6b7: FollowerState was interrupted: java.lang.InterruptedException: sleep interrupted
2019-09-11 03:16:45,832 [67340b07-f44b-4075-83dc-7a68839c1bb0@group-C308026E702E-StateMachineUpdater] INFO  ratis.ContainerStateMachine (ContainerStateMachine.java:takeSnapshot(300)) - group-C308026E702E: Finished taking a snapshot at:(t:2, i:11) file:/workdir/hadoop-ozone/integration-test/target/test-dir/MiniOzoneClusterImpl-ffccced8-c8d8-492e-805a-99618b7a2b29/datanode-6/data/ratis/dc5a121c-a3ce-4c69-b921-c308026e702e/sm/snapshot.2_11 time:17
2019-09-11 03:16:45,833 [67340b07-f44b-4075-83dc-7a68839c1bb0@group-C308026E702E-StateMachineUpdater] INFO  impl.StateMachineUpdater (StateMachineUpdater.java:takeSnapshot(258)) - 67340b07-f44b-4075-83dc-7a68839c1bb0@group-C308026E702E-StateMachineUpdater: Took a snapshot at index 11
2019-09-11 03:16:45,833 [67340b07-f44b-4075-83dc-7a68839c1bb0@group-C308026E702E-StateMachineUpdater] INFO  impl.StateMachineUpdater (StateMachineUpdater.java:lambda$new$0(83)) - 67340b07-f44b-4075-83dc-7a68839c1bb0@group-C308026E702E-StateMachineUpdater: snapshotIndex: updateIncreasingly -1 -> 11
2019-09-11 03:16:45,833 [67340b07-f44b-4075-83dc-7a68839c1bb0@group-C308026E702E-StateMachineUpdater] INFO  ratis.ContainerStateMachine (ContainerStateMachine.java:takeSnapshot(289)) - group-C308026E702E: Taking a snapshot at:(t:2, i:11) file /workdir/hadoop-ozone/integration-test/target/test-dir/MiniOzoneClusterImpl-ffccced8-c8d8-492e-805a-99618b7a2b29/datanode-6/data/ratis/dc5a121c-a3ce-4c69-b921-c308026e702e/sm/snapshot.2_11
2019-09-11 03:16:45,847 [fd8937d2-ae9c-4754-9095-8c93aae9e6b7@group-08832F9F56A9-StateMachineUpdater] INFO  ratis.ContainerStateMachine (ContainerStateMachine.java:takeSnapshot(300)) - group-08832F9F56A9: Finished taking a snapshot at:(t:2, i:12) file:/workdir/hadoop-ozone/integration-test/target/test-dir/MiniOzoneClusterImpl-ffccced8-c8d8-492e-805a-99618b7a2b29/datanode-4/data/ratis/2ba24a89-d0aa-47ca-b633-08832f9f56a9/sm/snapshot.2_12 time:18
2019-09-11 03:16:45,847 [fd8937d2-ae9c-4754-9095-8c93aae9e6b7@group-08832F9F56A9-StateMachineUpdater] INFO  impl.StateMachineUpdater (StateMachineUpdater.java:takeSnapshot(258)) - fd8937d2-ae9c-4754-9095-8c93aae9e6b7@group-08832F9F56A9-StateMachineUpdater: Took a snapshot at index 12
2019-09-11 03:16:45,848 [fd8937d2-ae9c-4754-9095-8c93aae9e6b7@group-08832F9F56A9-StateMachineUpdater] INFO  impl.StateMachineUpdater (StateMachineUpdater.java:lambda$new$0(83)) - fd8937d2-ae9c-4754-9095-8c93aae9e6b7@group-08832F9F56A9-StateMachineUpdater: snapshotIndex: updateIncreasingly -1 -> 12
2019-09-11 03:16:45,848 [fd8937d2-ae9c-4754-9095-8c93aae9e6b7@group-08832F9F56A9-StateMachineUpdater] INFO  ratis.ContainerStateMachine (ContainerStateMachine.java:takeSnapshot(289)) - group-08832F9F56A9: Taking a snapshot at:(t:2, i:12) file /workdir/hadoop-ozone/integration-test/target/test-dir/MiniOzoneClusterImpl-ffccced8-c8d8-492e-805a-99618b7a2b29/datanode-4/data/ratis/2ba24a89-d0aa-47ca-b633-08832f9f56a9/sm/snapshot.2_12
2019-09-11 03:16:45,849 [67340b07-f44b-4075-83dc-7a68839c1bb0@group-C308026E702E-StateMachineUpdater] INFO  ratis.ContainerStateMachine (ContainerStateMachine.java:takeSnapshot(300)) - group-C308026E702E: Finished taking a snapshot at:(t:2, i:11) file:/workdir/hadoop-ozone/integration-test/target/test-dir/MiniOzoneClusterImpl-ffccced8-c8d8-492e-805a-99618b7a2b29/datanode-6/data/ratis/dc5a121c-a3ce-4c69-b921-c308026e702e/sm/snapshot.2_11 time:16
2019-09-11 03:16:45,849 [67340b07-f44b-4075-83dc-7a68839c1bb0@group-C308026E702E-StateMachineUpdater] INFO  impl.StateMachineUpdater (StateMachineUpdater.java:takeSnapshot(258)) - 67340b07-f44b-4075-83dc-7a68839c1bb0@group-C308026E702E-StateMachineUpdater: Took a snapshot at index 11
2019-09-11 03:16:45,849 [67340b07-f44b-4075-83dc-7a68839c1bb0@group-C308026E702E-StateMachineUpdater] INFO  impl.StateMachineUpdater (StateMachineUpdater.java:lambda$new$0(83)) - 67340b07-f44b-4075-83dc-7a68839c1bb0@group-C308026E702E-StateMachineUpdater: snapshotIndex: updateIncreasingly 11 -> 11
2019-09-11 03:16:45,850 [main] INFO  impl.RaftServerImpl (ServerState.java:close(385)) - 67340b07-f44b-4075-83dc-7a68839c1bb0@group-C308026E702E: closes. applyIndex: 15
2019-09-11 03:16:45,852 [67340b07-f44b-4075-83dc-7a68839c1bb0@group-C308026E702E-SegmentedRaftLogWorker] ERROR ratis.XceiverServerRatis (XceiverServerRatis.java:triggerPipelineClose(568)) - pipeline Action CLOSE  on pipeline PipelineID=dc5a121c-a3ce-4c69-b921-c308026e702e.Reason : WriteLog:18: (t:2, i:18), STATEMACHINELOGENTRY, client-133138C33850, cid=31-writeStateMachineData interrupted.
2019-09-11 03:16:45,862 [main] INFO  segmented.SegmentedRaftLogWorker (SegmentedRaftLogWorker.java:close(228)) - 67340b07-f44b-4075-83dc-7a68839c1bb0@group-C308026E702E-SegmentedRaftLogWorker close()
2019-09-11 03:16:45,865 [fd8937d2-ae9c-4754-9095-8c93aae9e6b7@group-08832F9F56A9-StateMachineUpdater] INFO  ratis.ContainerStateMachine (ContainerStateMachine.java:takeSnapshot(300)) - group-08832F9F56A9: Finished taking a snapshot at:(t:2, i:12) file:/workdir/hadoop-ozone/integration-test/target/test-dir/MiniOzoneClusterImpl-ffccced8-c8d8-492e-805a-99618b7a2b29/datanode-4/data/ratis/2ba24a89-d0aa-47ca-b633-08832f9f56a9/sm/snapshot.2_12 time:17
2019-09-11 03:16:45,867 [fd8937d2-ae9c-4754-9095-8c93aae9e6b7@group-08832F9F56A9-StateMachineUpdater] INFO  impl.StateMachineUpdater (StateMachineUpdater.java:takeSnapshot(258)) - fd8937d2-ae9c-4754-9095-8c93aae9e6b7@group-08832F9F56A9-StateMachineUpdater: Took a snapshot at index 12
2019-09-11 03:16:45,867 [main] INFO  server.GrpcService (GrpcService.java:closeImpl(164)) - 67340b07-f44b-4075-83dc-7a68839c1bb0: shutdown server with port 40083 now
2019-09-11 03:16:45,867 [fd8937d2-ae9c-4754-9095-8c93aae9e6b7@group-08832F9F56A9-StateMachineUpdater] INFO  impl.StateMachineUpdater (StateMachineUpdater.java:lambda$new$0(83)) - fd8937d2-ae9c-4754-9095-8c93aae9e6b7@group-08832F9F56A9-StateMachineUpdater: snapshotIndex: updateIncreasingly 12 -> 12
2019-09-11 03:16:45,868 [main] INFO  server.GrpcService (GrpcService.java:closeImpl(172)) - 67340b07-f44b-4075-83dc-7a68839c1bb0: shutdown server with port 40083 successfully
2019-09-11 03:16:45,868 [ForkJoinPool.commonPool-worker-1] INFO  impl.RaftServerImpl (ServerState.java:close(385)) - fd8937d2-ae9c-4754-9095-8c93aae9e6b7@group-08832F9F56A9: closes. applyIndex: 16
2019-09-11 03:16:45,871 [fd8937d2-ae9c-4754-9095-8c93aae9e6b7@group-08832F9F56A9-SegmentedRaftLogWorker] ERROR ratis.XceiverServerRatis (XceiverServerRatis.java:triggerPipelineClose(568)) - pipeline Action CLOSE  on pipeline PipelineID=2ba24a89-d0aa-47ca-b633-08832f9f56a9.Reason : WriteLog:17: (t:2, i:17), STATEMACHINELOGENTRY, client-64EE3F930F86, cid=57-writeStateMachineData interrupted.
2019-09-11 03:16:45,874 [java.util.concurrent.ThreadPoolExecutor$Worker@6b06f8e5[State = -1, empty queue]] WARN  server.GrpcLogAppender (GrpcLogAppender.java:timeoutAppendRequest(200)) - 53d5fcb5-8117-4632-855b-8768bb6778f7@group-D5F610D5601A->4b2356e4-aaef-4a34-8176-0946a74a854c-GrpcLogAppender: appendEntries Timeout, request=53d5fcb5-8117-4632-855b-8768bb6778f7->4b2356e4-aaef-4a34-8176-0946a74a854c#159-t2, previous=(t:2, i:20), leaderCommit=16, initializing? false, entries: <empty>
2019-09-11 03:16:45,874 [ForkJoinPool.commonPool-worker-1] INFO  segmented.SegmentedRaftLogWorker (SegmentedRaftLogWorker.java:close(228)) - fd8937d2-ae9c-4754-9095-8c93aae9e6b7@group-08832F9F56A9-SegmentedRaftLogWorker close()
2019-09-11 03:16:45,892 [ForkJoinPool.commonPool-worker-1] INFO  server.GrpcService (GrpcService.java:closeImpl(164)) - fd8937d2-ae9c-4754-9095-8c93aae9e6b7: shutdown server with port 46025 now
2019-09-11 03:16:45,893 [ForkJoinPool.commonPool-worker-1] INFO  server.GrpcService (GrpcService.java:closeImpl(172)) - fd8937d2-ae9c-4754-9095-8c93aae9e6b7: shutdown server with port 46025 successfully
2019-09-11 03:16:45,903 [refreshUsed-/workdir/hadoop-ozone/integration-test/target/test-dir/MiniOzoneClusterImpl-ffccced8-c8d8-492e-805a-99618b7a2b29/datanode-4/data/containers] WARN  fs.CachingGetSpaceUsed (CachingGetSpaceUsed.java:run(183)) - Thread Interrupted waiting to refresh disk information: sleep interrupted
2019-09-11 03:16:45,906 [refreshUsed-/workdir/hadoop-ozone/integration-test/target/test-dir/MiniOzoneClusterImpl-ffccced8-c8d8-492e-805a-99618b7a2b29/datanode-6/data/containers] WARN  fs.CachingGetSpaceUsed (CachingGetSpaceUsed.java:run(183)) - Thread Interrupted waiting to refresh disk information: sleep interrupted
2019-09-11 03:16:45,922 [ForkJoinPool.commonPool-worker-1] INFO  utils.BackgroundService (BackgroundService.java:shutdown(148)) - Shutting down service BlockDeletingService
2019-09-11 03:16:45,928 [ForkJoinPool.commonPool-worker-1] INFO  statemachine.DatanodeStateMachine (DatanodeStateMachine.java:stopDaemon(395)) - Ozone container server stopped.
2019-09-11 03:16:45,933 [ForkJoinPool.commonPool-worker-1] INFO  handler.ContextHandler (ContextHandler.java:doStop(910)) - Stopped o.e.j.w.WebAppContext@38ed139b{/,null,UNAVAILABLE}{/hddsDatanode}
2019-09-11 03:16:45,933 [ForkJoinPool.commonPool-worker-1] INFO  server.AbstractConnector (AbstractConnector.java:doStop(318)) - Stopped ServerConnector@a5272be{HTTP/1.1,[http/1.1]}{0.0.0.0:0}
2019-09-11 03:16:45,935 [ForkJoinPool.commonPool-worker-1] INFO  handler.ContextHandler (ContextHandler.java:doStop(910)) - Stopped o.e.j.s.ServletContextHandler@6c0e13b7{/static,jar:file:/home/user/.m2/repository/org/apache/hadoop/hadoop-hdds-container-service/0.5.0-SNAPSHOT/hadoop-hdds-container-service-0.5.0-SNAPSHOT.jar!/webapps/static,UNAVAILABLE}
2019-09-11 03:16:45,935 [main] INFO  utils.BackgroundService (BackgroundService.java:shutdown(148)) - Shutting down service BlockDeletingService
2019-09-11 03:16:45,937 [ForkJoinPool.commonPool-worker-1] INFO  handler.ContextHandler (ContextHandler.java:doStop(910)) - Stopped o.e.j.s.ServletContextHandler@77a074b4{/logs,file:///workdir/hadoop-ozone/integration-test/target/log,UNAVAILABLE}
2019-09-11 03:16:45,943 [main] INFO  statemachine.DatanodeStateMachine (DatanodeStateMachine.java:stopDaemon(395)) - Ozone container server stopped.
2019-09-11 03:16:45,944 [main] INFO  handler.ContextHandler (ContextHandler.java:doStop(910)) - Stopped o.e.j.w.WebAppContext@6e4c0d8c{/,null,UNAVAILABLE}{/hddsDatanode}
2019-09-11 03:16:45,945 [main] INFO  server.AbstractConnector (AbstractConnector.java:doStop(318)) - Stopped ServerConnector@3e3315d9{HTTP/1.1,[http/1.1]}{0.0.0.0:0}
2019-09-11 03:16:45,945 [main] INFO  handler.ContextHandler (ContextHandler.java:doStop(910)) - Stopped o.e.j.s.ServletContextHandler@3b920bdc{/static,jar:file:/home/user/.m2/repository/org/apache/hadoop/hadoop-hdds-container-service/0.5.0-SNAPSHOT/hadoop-hdds-container-service-0.5.0-SNAPSHOT.jar!/webapps/static,UNAVAILABLE}
2019-09-11 03:16:45,946 [main] INFO  handler.ContextHandler (ContextHandler.java:doStop(910)) - Stopped o.e.j.s.ServletContextHandler@1a22e0ef{/logs,file:///workdir/hadoop-ozone/integration-test/target/log,UNAVAILABLE}
2019-09-11 03:16:46,374 [java.util.concurrent.ThreadPoolExecutor$Worker@6b06f8e5[State = -1, empty queue]] WARN  server.GrpcLogAppender (GrpcLogAppender.java:timeoutAppendRequest(200)) - 53d5fcb5-8117-4632-855b-8768bb6778f7@group-D5F610D5601A->4b2356e4-aaef-4a34-8176-0946a74a854c-GrpcLogAppender: appendEntries Timeout, request=53d5fcb5-8117-4632-855b-8768bb6778f7->4b2356e4-aaef-4a34-8176-0946a74a854c#160-t2, previous=(t:2, i:20), leaderCommit=16, initializing? false, entries: <empty>
2019-09-11 03:16:46,509 [Datanode State Machine Thread - 0] INFO  statemachine.DatanodeStateMachine (DatanodeStateMachine.java:lambda$startDaemon$0(350)) - Ozone container server started.
2019-09-11 03:16:46,693 [Datanode State Machine Thread - 0] INFO  statemachine.DatanodeStateMachine (DatanodeStateMachine.java:lambda$startDaemon$0(350)) - Ozone container server started.
2019-09-11 03:16:46,874 [java.util.concurrent.ThreadPoolExecutor$Worker@6b06f8e5[State = -1, empty queue]] WARN  server.GrpcLogAppender (GrpcLogAppender.java:timeoutAppendRequest(200)) - 53d5fcb5-8117-4632-855b-8768bb6778f7@group-D5F610D5601A->4b2356e4-aaef-4a34-8176-0946a74a854c-GrpcLogAppender: appendEntries Timeout, request=53d5fcb5-8117-4632-855b-8768bb6778f7->4b2356e4-aaef-4a34-8176-0946a74a854c#161-t2, previous=(t:2, i:20), leaderCommit=16, initializing? false, entries: <empty>
2019-09-11 03:16:47,366 [02b9f8ce-4253-4591-af20-e5771c574668@group-08832F9F56A9-SegmentedRaftLogWorker] WARN  segmented.SegmentedRaftLogWorker (SegmentedRaftLogWorker.java:getFromFuture(90)) - Timeout 2/~
org.apache.ratis.protocol.TimeoutIOException: Timeout 10s: WriteLog:17: (t:2, i:17), STATEMACHINELOGENTRY, client-64EE3F930F86, cid=57-writeStateMachineData
	at org.apache.ratis.util.IOUtils.getFromFuture(IOUtils.java:87)
	at org.apache.ratis.server.raftlog.segmented.SegmentedRaftLogWorker$StateMachineDataPolicy.getFromFuture(SegmentedRaftLogWorker.java:87)
	at org.apache.ratis.server.raftlog.segmented.SegmentedRaftLogWorker$WriteLog.execute(SegmentedRaftLogWorker.java:477)
	at org.apache.ratis.server.raftlog.segmented.SegmentedRaftLogWorker.run(SegmentedRaftLogWorker.java:289)
	at java.lang.Thread.run(Thread.java:748)
Caused by: java.util.concurrent.TimeoutException
	at java.util.concurrent.CompletableFuture.timedGet(CompletableFuture.java:1771)
	at java.util.concurrent.CompletableFuture.get(CompletableFuture.java:1915)
	at org.apache.ratis.util.IOUtils.getFromFuture(IOUtils.java:79)
	... 4 more
2019-09-11 03:16:47,374 [java.util.concurrent.ThreadPoolExecutor$Worker@6b06f8e5[State = -1, empty queue]] WARN  server.GrpcLogAppender (GrpcLogAppender.java:timeoutAppendRequest(200)) - 53d5fcb5-8117-4632-855b-8768bb6778f7@group-D5F610D5601A->4b2356e4-aaef-4a34-8176-0946a74a854c-GrpcLogAppender: appendEntries Timeout, request=53d5fcb5-8117-4632-855b-8768bb6778f7->4b2356e4-aaef-4a34-8176-0946a74a854c#162-t2, previous=(t:2, i:20), leaderCommit=16, initializing? false, entries: <empty>
2019-09-11 03:16:47,874 [java.util.concurrent.ThreadPoolExecutor$Worker@6b06f8e5[State = -1, empty queue]] WARN  server.GrpcLogAppender (GrpcLogAppender.java:timeoutAppendRequest(200)) - 53d5fcb5-8117-4632-855b-8768bb6778f7@group-D5F610D5601A->4b2356e4-aaef-4a34-8176-0946a74a854c-GrpcLogAppender: appendEntries Timeout, request=53d5fcb5-8117-4632-855b-8768bb6778f7->4b2356e4-aaef-4a34-8176-0946a74a854c#163-t2, previous=(t:2, i:20), leaderCommit=16, initializing? false, entries: <empty>
2019-09-11 03:16:48,375 [java.util.concurrent.ThreadPoolExecutor$Worker@6b06f8e5[State = -1, empty queue]] WARN  server.GrpcLogAppender (GrpcLogAppender.java:timeoutAppendRequest(200)) - 53d5fcb5-8117-4632-855b-8768bb6778f7@group-D5F610D5601A->4b2356e4-aaef-4a34-8176-0946a74a854c-GrpcLogAppender: appendEntries Timeout, request=53d5fcb5-8117-4632-855b-8768bb6778f7->4b2356e4-aaef-4a34-8176-0946a74a854c#164-t2, previous=(t:2, i:20), leaderCommit=16, initializing? false, entries: <empty>
2019-09-11 03:16:48,892 [java.util.concurrent.ThreadPoolExecutor$Worker@6b06f8e5[State = -1, empty queue]] WARN  server.GrpcLogAppender (GrpcLogAppender.java:timeoutAppendRequest(200)) - 53d5fcb5-8117-4632-855b-8768bb6778f7@group-D5F610D5601A->4b2356e4-aaef-4a34-8176-0946a74a854c-GrpcLogAppender: appendEntries Timeout, request=53d5fcb5-8117-4632-855b-8768bb6778f7->4b2356e4-aaef-4a34-8176-0946a74a854c#165-t2, previous=(t:2, i:20), leaderCommit=16, initializing? false, entries: <empty>
2019-09-11 03:16:49,392 [java.util.concurrent.ThreadPoolExecutor$Worker@6b06f8e5[State = -1, empty queue]] WARN  server.GrpcLogAppender (GrpcLogAppender.java:timeoutAppendRequest(200)) - 53d5fcb5-8117-4632-855b-8768bb6778f7@group-D5F610D5601A->4b2356e4-aaef-4a34-8176-0946a74a854c-GrpcLogAppender: appendEntries Timeout, request=53d5fcb5-8117-4632-855b-8768bb6778f7->4b2356e4-aaef-4a34-8176-0946a74a854c#166-t2, previous=(t:2, i:20), leaderCommit=16, initializing? false, entries: <empty>
2019-09-11 03:16:49,893 [java.util.concurrent.ThreadPoolExecutor$Worker@6b06f8e5[State = -1, empty queue]] WARN  server.GrpcLogAppender (GrpcLogAppender.java:timeoutAppendRequest(200)) - 53d5fcb5-8117-4632-855b-8768bb6778f7@group-D5F610D5601A->4b2356e4-aaef-4a34-8176-0946a74a854c-GrpcLogAppender: appendEntries Timeout, request=53d5fcb5-8117-4632-855b-8768bb6778f7->4b2356e4-aaef-4a34-8176-0946a74a854c#167-t2, previous=(t:2, i:20), leaderCommit=16, initializing? false, entries: <empty>
2019-09-11 03:16:50,393 [java.util.concurrent.ThreadPoolExecutor$Worker@6b06f8e5[State = -1, empty queue]] WARN  server.GrpcLogAppender (GrpcLogAppender.java:timeoutAppendRequest(200)) - 53d5fcb5-8117-4632-855b-8768bb6778f7@group-D5F610D5601A->4b2356e4-aaef-4a34-8176-0946a74a854c-GrpcLogAppender: appendEntries Timeout, request=53d5fcb5-8117-4632-855b-8768bb6778f7->4b2356e4-aaef-4a34-8176-0946a74a854c#168-t2, previous=(t:2, i:20), leaderCommit=16, initializing? false, entries: <empty>
2019-09-11 03:16:50,893 [java.util.concurrent.ThreadPoolExecutor$Worker@6b06f8e5[State = -1, empty queue]] WARN  server.GrpcLogAppender (GrpcLogAppender.java:timeoutAppendRequest(200)) - 53d5fcb5-8117-4632-855b-8768bb6778f7@group-D5F610D5601A->4b2356e4-aaef-4a34-8176-0946a74a854c-GrpcLogAppender: appendEntries Timeout, request=53d5fcb5-8117-4632-855b-8768bb6778f7->4b2356e4-aaef-4a34-8176-0946a74a854c#169-t2, previous=(t:2, i:20), leaderCommit=16, initializing? false, entries: <empty>
2019-09-11 03:16:50,944 [ForkJoinPool.commonPool-worker-1] INFO  ozoneimpl.OzoneContainer (OzoneContainer.java:stop(231)) - Attempting to stop container services.
2019-09-11 03:16:50,945 [ForkJoinPool.commonPool-worker-1] INFO  impl.RaftServerProxy (RaftServerProxy.java:lambda$close$4(314)) - 2b261411-8be7-4fb4-994a-6f5681dc75eb: close
2019-09-11 03:16:50,946 [ForkJoinPool.commonPool-worker-1] INFO  impl.RaftServerImpl (RaftServerImpl.java:lambda$shutdown$3(251)) - 2b261411-8be7-4fb4-994a-6f5681dc75eb@group-4AE345F8CCB3: shutdown
2019-09-11 03:16:50,946 [ForkJoinPool.commonPool-worker-1] INFO  util.JmxRegister (JmxRegister.java:unregister(73)) - Successfully un-registered JMX Bean with object name Ratis:service=RaftServer,group=group-4AE345F8CCB3,id=2b261411-8be7-4fb4-994a-6f5681dc75eb
2019-09-11 03:16:50,946 [ForkJoinPool.commonPool-worker-1] INFO  impl.RoleInfo (RoleInfo.java:shutdownLeaderState(104)) - 2b261411-8be7-4fb4-994a-6f5681dc75eb: shutdown LeaderState
2019-09-11 03:16:50,947 [ForkJoinPool.commonPool-worker-1] INFO  impl.PendingRequests (PendingRequests.java:sendNotLeaderResponses(202)) - 2b261411-8be7-4fb4-994a-6f5681dc75eb-PendingRequests: sendNotLeaderResponses
2019-09-11 03:16:50,947 [ForkJoinPool.commonPool-worker-1] INFO  impl.StateMachineUpdater (StateMachineUpdater.java:stopAndJoin(125)) - 2b261411-8be7-4fb4-994a-6f5681dc75eb@group-4AE345F8CCB3-StateMachineUpdater: set stopIndex = 0
2019-09-11 03:16:50,947 [main] INFO  ozoneimpl.OzoneContainer (OzoneContainer.java:stop(231)) - Attempting to stop container services.
2019-09-11 03:16:50,948 [ForkJoinPool.commonPool-worker-1] INFO  impl.RaftServerImpl (ServerState.java:close(385)) - 2b261411-8be7-4fb4-994a-6f5681dc75eb@group-4AE345F8CCB3: closes. applyIndex: 0
2019-09-11 03:16:50,948 [main] INFO  impl.RaftServerProxy (RaftServerProxy.java:lambda$close$4(314)) - 53d5fcb5-8117-4632-855b-8768bb6778f7: close
2019-09-11 03:16:50,949 [main] INFO  impl.RaftServerImpl (RaftServerImpl.java:lambda$shutdown$3(251)) - 53d5fcb5-8117-4632-855b-8768bb6778f7@group-A9E8C90FD433: shutdown
2019-09-11 03:16:50,949 [2b261411-8be7-4fb4-994a-6f5681dc75eb@group-4AE345F8CCB3-SegmentedRaftLogWorker] INFO  segmented.SegmentedRaftLogWorker (SegmentedRaftLogWorker.java:run(313)) - 2b261411-8be7-4fb4-994a-6f5681dc75eb@group-4AE345F8CCB3-SegmentedRaftLogWorker was interrupted, exiting. There are 0 tasks remaining in the queue.
2019-09-11 03:16:50,949 [main] INFO  util.JmxRegister (JmxRegister.java:unregister(73)) - Successfully un-registered JMX Bean with object name Ratis:service=RaftServer,group=group-A9E8C90FD433,id=53d5fcb5-8117-4632-855b-8768bb6778f7
2019-09-11 03:16:50,949 [main] INFO  impl.RoleInfo (RoleInfo.java:shutdownLeaderState(104)) - 53d5fcb5-8117-4632-855b-8768bb6778f7: shutdown LeaderState
2019-09-11 03:16:50,949 [ForkJoinPool.commonPool-worker-1] INFO  segmented.SegmentedRaftLogWorker (SegmentedRaftLogWorker.java:close(228)) - 2b261411-8be7-4fb4-994a-6f5681dc75eb@group-4AE345F8CCB3-SegmentedRaftLogWorker close()
2019-09-11 03:16:50,950 [main] INFO  impl.PendingRequests (PendingRequests.java:sendNotLeaderResponses(202)) - 53d5fcb5-8117-4632-855b-8768bb6778f7-PendingRequests: sendNotLeaderResponses
2019-09-11 03:16:50,953 [ForkJoinPool.commonPool-worker-1] INFO  server.GrpcService (GrpcService.java:closeImpl(164)) - 2b261411-8be7-4fb4-994a-6f5681dc75eb: shutdown server with port 36245 now
2019-09-11 03:16:50,953 [main] INFO  impl.StateMachineUpdater (StateMachineUpdater.java:stopAndJoin(125)) - 53d5fcb5-8117-4632-855b-8768bb6778f7@group-A9E8C90FD433-StateMachineUpdater: set stopIndex = 0
2019-09-11 03:16:50,953 [main] INFO  impl.RaftServerImpl (ServerState.java:close(385)) - 53d5fcb5-8117-4632-855b-8768bb6778f7@group-A9E8C90FD433: closes. applyIndex: 0
2019-09-11 03:16:50,954 [ForkJoinPool.commonPool-worker-1] INFO  server.GrpcService (GrpcService.java:closeImpl(172)) - 2b261411-8be7-4fb4-994a-6f5681dc75eb: shutdown server with port 36245 successfully
2019-09-11 03:16:50,954 [53d5fcb5-8117-4632-855b-8768bb6778f7@group-A9E8C90FD433-SegmentedRaftLogWorker] INFO  segmented.SegmentedRaftLogWorker (SegmentedRaftLogWorker.java:run(313)) - 53d5fcb5-8117-4632-855b-8768bb6778f7@group-A9E8C90FD433-SegmentedRaftLogWorker was interrupted, exiting. There are 0 tasks remaining in the queue.
2019-09-11 03:16:50,961 [main] INFO  segmented.SegmentedRaftLogWorker (SegmentedRaftLogWorker.java:close(228)) - 53d5fcb5-8117-4632-855b-8768bb6778f7@group-A9E8C90FD433-SegmentedRaftLogWorker close()
2019-09-11 03:16:50,963 [main] INFO  impl.RaftServerImpl (RaftServerImpl.java:lambda$shutdown$3(251)) - 53d5fcb5-8117-4632-855b-8768bb6778f7@group-D5F610D5601A: shutdown
2019-09-11 03:16:50,963 [main] INFO  util.JmxRegister (JmxRegister.java:unregister(73)) - Successfully un-registered JMX Bean with object name Ratis:service=RaftServer,group=group-D5F610D5601A,id=53d5fcb5-8117-4632-855b-8768bb6778f7
2019-09-11 03:16:50,963 [main] INFO  impl.RoleInfo (RoleInfo.java:shutdownLeaderState(104)) - 53d5fcb5-8117-4632-855b-8768bb6778f7: shutdown LeaderState
2019-09-11 03:16:50,967 [main] INFO  impl.PendingRequests (PendingRequests.java:sendNotLeaderResponses(202)) - 53d5fcb5-8117-4632-855b-8768bb6778f7-PendingRequests: sendNotLeaderResponses
2019-09-11 03:16:50,967 [org.apache.ratis.server.impl.LogAppender$AppenderDaemon$$Lambda$608/133095638@2bb9651e] WARN  server.GrpcLogAppender (GrpcLogAppender.java:mayWait(143)) - 53d5fcb5-8117-4632-855b-8768bb6778f7@group-D5F610D5601A->6fcf04af-ebca-4852-b73e-87fdd08ef440-GrpcLogAppender: Wait interrupted by java.lang.InterruptedException
2019-09-11 03:16:50,967 [org.apache.ratis.server.impl.LogAppender$AppenderDaemon$$Lambda$608/133095638@3c0660b0] WARN  server.GrpcLogAppender (GrpcLogAppender.java:mayWait(143)) - 53d5fcb5-8117-4632-855b-8768bb6778f7@group-D5F610D5601A->4b2356e4-aaef-4a34-8176-0946a74a854c-GrpcLogAppender: Wait interrupted by java.lang.InterruptedException
2019-09-11 03:16:50,971 [main] INFO  impl.StateMachineUpdater (StateMachineUpdater.java:stopAndJoin(125)) - 53d5fcb5-8117-4632-855b-8768bb6778f7@group-D5F610D5601A-StateMachineUpdater: set stopIndex = 16
2019-09-11 03:16:50,971 [grpc-default-executor-4] INFO  server.GrpcServerProtocolService (GrpcServerProtocolService.java:onCompleted(113)) - 6fcf04af-ebca-4852-b73e-87fdd08ef440: Completed APPEND_ENTRIES, lastRequest: 53d5fcb5-8117-4632-855b-8768bb6778f7->6fcf04af-ebca-4852-b73e-87fdd08ef440#174-t2, previous=(t:2, i:20), leaderCommit=16, initializing? false, entries: <empty>
2019-09-11 03:16:50,971 [53d5fcb5-8117-4632-855b-8768bb6778f7@group-D5F610D5601A-StateMachineUpdater] INFO  ratis.ContainerStateMachine (ContainerStateMachine.java:takeSnapshot(289)) - group-D5F610D5601A: Taking a snapshot at:(t:2, i:12) file /workdir/hadoop-ozone/integration-test/target/test-dir/MiniOzoneClusterImpl-ffccced8-c8d8-492e-805a-99618b7a2b29/datanode-8/data/ratis/ffedfa37-5d60-4482-8bbe-d5f610d5601a/sm/snapshot.2_12
2019-09-11 03:16:50,971 [grpc-default-executor-0] INFO  server.GrpcServerProtocolService (GrpcServerProtocolService.java:onCompleted(113)) - 4b2356e4-aaef-4a34-8176-0946a74a854c: Completed APPEND_ENTRIES, lastRequest: 53d5fcb5-8117-4632-855b-8768bb6778f7->4b2356e4-aaef-4a34-8176-0946a74a854c#175-t2, previous=(t:2, i:20), leaderCommit=16, initializing? false, entries: <empty>
2019-09-11 03:16:51,153 [grpc-default-executor-4] INFO  server.GrpcLogAppender (GrpcLogAppender.java:onCompleted(293)) - 53d5fcb5-8117-4632-855b-8768bb6778f7@group-D5F610D5601A->6fcf04af-ebca-4852-b73e-87fdd08ef440-AppendLogResponseHandler: follower responses appendEntries COMPLETED
2019-09-11 03:16:51,153 [grpc-default-executor-0] INFO  server.GrpcLogAppender (GrpcLogAppender.java:onCompleted(293)) - 53d5fcb5-8117-4632-855b-8768bb6778f7@group-D5F610D5601A->4b2356e4-aaef-4a34-8176-0946a74a854c-AppendLogResponseHandler: follower responses appendEntries COMPLETED
2019-09-11 03:16:51,165 [53d5fcb5-8117-4632-855b-8768bb6778f7@group-D5F610D5601A-StateMachineUpdater] INFO  ratis.ContainerStateMachine (ContainerStateMachine.java:takeSnapshot(300)) - group-D5F610D5601A: Finished taking a snapshot at:(t:2, i:12) file:/workdir/hadoop-ozone/integration-test/target/test-dir/MiniOzoneClusterImpl-ffccced8-c8d8-492e-805a-99618b7a2b29/datanode-8/data/ratis/ffedfa37-5d60-4482-8bbe-d5f610d5601a/sm/snapshot.2_12 time:192
2019-09-11 03:16:51,165 [grpc-default-executor-4] INFO  impl.FollowerInfo (FollowerInfo.java:lambda$new$0(51)) - 53d5fcb5-8117-4632-855b-8768bb6778f7@group-D5F610D5601A->6fcf04af-ebca-4852-b73e-87fdd08ef440: nextIndex: updateUnconditionally 21 -> 20
2019-09-11 03:16:51,167 [grpc-default-executor-0] INFO  impl.FollowerInfo (FollowerInfo.java:lambda$new$0(51)) - 53d5fcb5-8117-4632-855b-8768bb6778f7@group-D5F610D5601A->4b2356e4-aaef-4a34-8176-0946a74a854c: nextIndex: updateUnconditionally 21 -> 17
2019-09-11 03:16:51,165 [53d5fcb5-8117-4632-855b-8768bb6778f7@group-D5F610D5601A-StateMachineUpdater] INFO  impl.StateMachineUpdater (StateMachineUpdater.java:takeSnapshot(258)) - 53d5fcb5-8117-4632-855b-8768bb6778f7@group-D5F610D5601A-StateMachineUpdater: Took a snapshot at index 12
2019-09-11 03:16:51,165 [refreshUsed-/workdir/hadoop-ozone/integration-test/target/test-dir/MiniOzoneClusterImpl-ffccced8-c8d8-492e-805a-99618b7a2b29/datanode-0/data/containers] WARN  fs.CachingGetSpaceUsed (CachingGetSpaceUsed.java:run(183)) - Thread Interrupted waiting to refresh disk information: sleep interrupted
2019-09-11 03:16:51,167 [53d5fcb5-8117-4632-855b-8768bb6778f7@group-D5F610D5601A-StateMachineUpdater] INFO  impl.StateMachineUpdater (StateMachineUpdater.java:lambda$new$0(83)) - 53d5fcb5-8117-4632-855b-8768bb6778f7@group-D5F610D5601A-StateMachineUpdater: snapshotIndex: updateIncreasingly -1 -> 12
2019-09-11 03:16:51,168 [53d5fcb5-8117-4632-855b-8768bb6778f7@group-D5F610D5601A-StateMachineUpdater] INFO  ratis.ContainerStateMachine (ContainerStateMachine.java:takeSnapshot(289)) - group-D5F610D5601A: Taking a snapshot at:(t:2, i:12) file /workdir/hadoop-ozone/integration-test/target/test-dir/MiniOzoneClusterImpl-ffccced8-c8d8-492e-805a-99618b7a2b29/datanode-8/data/ratis/ffedfa37-5d60-4482-8bbe-d5f610d5601a/sm/snapshot.2_12
2019-09-11 03:16:51,180 [53d5fcb5-8117-4632-855b-8768bb6778f7@group-D5F610D5601A-StateMachineUpdater] INFO  ratis.ContainerStateMachine (ContainerStateMachine.java:takeSnapshot(300)) - group-D5F610D5601A: Finished taking a snapshot at:(t:2, i:12) file:/workdir/hadoop-ozone/integration-test/target/test-dir/MiniOzoneClusterImpl-ffccced8-c8d8-492e-805a-99618b7a2b29/datanode-8/data/ratis/ffedfa37-5d60-4482-8bbe-d5f610d5601a/sm/snapshot.2_12 time:13
2019-09-11 03:16:51,181 [53d5fcb5-8117-4632-855b-8768bb6778f7@group-D5F610D5601A-StateMachineUpdater] INFO  impl.StateMachineUpdater (StateMachineUpdater.java:takeSnapshot(258)) - 53d5fcb5-8117-4632-855b-8768bb6778f7@group-D5F610D5601A-StateMachineUpdater: Took a snapshot at index 12
2019-09-11 03:16:51,181 [53d5fcb5-8117-4632-855b-8768bb6778f7@group-D5F610D5601A-StateMachineUpdater] INFO  impl.StateMachineUpdater (StateMachineUpdater.java:lambda$new$0(83)) - 53d5fcb5-8117-4632-855b-8768bb6778f7@group-D5F610D5601A-StateMachineUpdater: snapshotIndex: updateIncreasingly 12 -> 12
2019-09-11 03:16:51,181 [main] INFO  impl.RaftServerImpl (ServerState.java:close(385)) - 53d5fcb5-8117-4632-855b-8768bb6778f7@group-D5F610D5601A: closes. applyIndex: 16
2019-09-11 03:16:51,183 [53d5fcb5-8117-4632-855b-8768bb6778f7@group-D5F610D5601A-SegmentedRaftLogWorker] ERROR ratis.XceiverServerRatis (XceiverServerRatis.java:triggerPipelineClose(568)) - pipeline Action CLOSE  on pipeline PipelineID=ffedfa37-5d60-4482-8bbe-d5f610d5601a.Reason : WriteLog:17: (t:2, i:17), STATEMACHINELOGENTRY, client-84CCB07DAE59, cid=43-writeStateMachineData interrupted.
2019-09-11 03:16:51,183 [main] INFO  segmented.SegmentedRaftLogWorker (SegmentedRaftLogWorker.java:close(228)) - 53d5fcb5-8117-4632-855b-8768bb6778f7@group-D5F610D5601A-SegmentedRaftLogWorker close()
2019-09-11 03:16:51,184 [main] INFO  server.GrpcService (GrpcService.java:closeImpl(164)) - 53d5fcb5-8117-4632-855b-8768bb6778f7: shutdown server with port 34476 now
2019-09-11 03:16:51,185 [main] INFO  server.GrpcService (GrpcService.java:closeImpl(172)) - 53d5fcb5-8117-4632-855b-8768bb6778f7: shutdown server with port 34476 successfully
2019-09-11 03:16:51,186 [refreshUsed-/workdir/hadoop-ozone/integration-test/target/test-dir/MiniOzoneClusterImpl-ffccced8-c8d8-492e-805a-99618b7a2b29/datanode-8/data/containers] WARN  fs.CachingGetSpaceUsed (CachingGetSpaceUsed.java:run(183)) - Thread Interrupted waiting to refresh disk information: sleep interrupted
2019-09-11 03:16:51,187 [ForkJoinPool.commonPool-worker-1] INFO  utils.BackgroundService (BackgroundService.java:shutdown(148)) - Shutting down service BlockDeletingService
2019-09-11 03:16:51,192 [ForkJoinPool.commonPool-worker-1] INFO  statemachine.DatanodeStateMachine (DatanodeStateMachine.java:stopDaemon(395)) - Ozone container server stopped.
2019-09-11 03:16:51,197 [ForkJoinPool.commonPool-worker-1] INFO  handler.ContextHandler (ContextHandler.java:doStop(910)) - Stopped o.e.j.w.WebAppContext@476fe690{/,null,UNAVAILABLE}{/hddsDatanode}
2019-09-11 03:16:51,198 [ForkJoinPool.commonPool-worker-1] INFO  server.AbstractConnector (AbstractConnector.java:doStop(318)) - Stopped ServerConnector@7a0e7ecd{HTTP/1.1,[http/1.1]}{0.0.0.0:0}
2019-09-11 03:16:51,199 [ForkJoinPool.commonPool-worker-1] INFO  handler.ContextHandler (ContextHandler.java:doStop(910)) - Stopped o.e.j.s.ServletContextHandler@6920614{/static,jar:file:/home/user/.m2/repository/org/apache/hadoop/hadoop-hdds-container-service/0.5.0-SNAPSHOT/hadoop-hdds-container-service-0.5.0-SNAPSHOT.jar!/webapps/static,UNAVAILABLE}
2019-09-11 03:16:51,201 [ForkJoinPool.commonPool-worker-1] INFO  handler.ContextHandler (ContextHandler.java:doStop(910)) - Stopped o.e.j.s.ServletContextHandler@1effd53c{/logs,file:///workdir/hadoop-ozone/integration-test/target/log,UNAVAILABLE}
2019-09-11 03:16:51,214 [main] INFO  utils.BackgroundService (BackgroundService.java:shutdown(148)) - Shutting down service BlockDeletingService
2019-09-11 03:16:51,218 [main] INFO  statemachine.DatanodeStateMachine (DatanodeStateMachine.java:stopDaemon(395)) - Ozone container server stopped.
2019-09-11 03:16:51,219 [main] INFO  handler.ContextHandler (ContextHandler.java:doStop(910)) - Stopped o.e.j.w.WebAppContext@4b0f2299{/,null,UNAVAILABLE}{/hddsDatanode}
2019-09-11 03:16:51,219 [main] INFO  server.AbstractConnector (AbstractConnector.java:doStop(318)) - Stopped ServerConnector@33063f5b{HTTP/1.1,[http/1.1]}{0.0.0.0:0}
2019-09-11 03:16:51,220 [main] INFO  handler.ContextHandler (ContextHandler.java:doStop(910)) - Stopped o.e.j.s.ServletContextHandler@58740366{/static,jar:file:/home/user/.m2/repository/org/apache/hadoop/hadoop-hdds-container-service/0.5.0-SNAPSHOT/hadoop-hdds-container-service-0.5.0-SNAPSHOT.jar!/webapps/static,UNAVAILABLE}
2019-09-11 03:16:51,220 [main] INFO  handler.ContextHandler (ContextHandler.java:doStop(910)) - Stopped o.e.j.s.ServletContextHandler@176f7f3b{/logs,file:///workdir/hadoop-ozone/integration-test/target/log,UNAVAILABLE}
2019-09-11 03:16:51,509 [Datanode State Machine Thread - 0] INFO  statemachine.DatanodeStateMachine (DatanodeStateMachine.java:lambda$startDaemon$0(350)) - Ozone container server started.
2019-09-11 03:16:51,776 [Datanode State Machine Thread - 0] INFO  statemachine.DatanodeStateMachine (DatanodeStateMachine.java:lambda$startDaemon$0(350)) - Ozone container server started.
2019-09-11 03:16:53,104 [Thread-421] INFO  impl.FollowerState (FollowerState.java:run(106)) - 6fcf04af-ebca-4852-b73e-87fdd08ef440:group-D5F610D5601A changes to CANDIDATE, lastRpcTime:2293, electionTimeout:1160ms
2019-09-11 03:16:53,105 [Thread-421] INFO  impl.RoleInfo (RoleInfo.java:shutdownFollowerState(121)) - 6fcf04af-ebca-4852-b73e-87fdd08ef440: shutdown FollowerState
2019-09-11 03:16:53,105 [Thread-421] INFO  impl.RaftServerImpl (RaftServerImpl.java:setRole(174)) - 6fcf04af-ebca-4852-b73e-87fdd08ef440@group-D5F610D5601A: changes role from  FOLLOWER to CANDIDATE at term 2 for changeToCandidate
2019-09-11 03:16:53,105 [Thread-421] INFO  impl.RoleInfo (RoleInfo.java:updateAndGet(143)) - 6fcf04af-ebca-4852-b73e-87fdd08ef440: start LeaderElection
2019-09-11 03:16:53,108 [6fcf04af-ebca-4852-b73e-87fdd08ef440@group-D5F610D5601A:LeaderElection25] INFO  impl.RaftServerImpl (ServerState.java:setLeader(253)) - 6fcf04af-ebca-4852-b73e-87fdd08ef440@group-D5F610D5601A: change Leader from 53d5fcb5-8117-4632-855b-8768bb6778f7 to null at term 2 for initElection
2019-09-11 03:16:53,134 [6fcf04af-ebca-4852-b73e-87fdd08ef440@group-D5F610D5601A:LeaderElection25] INFO  impl.LeaderElection (LeaderElection.java:askForVotes(182)) - 6fcf04af-ebca-4852-b73e-87fdd08ef440@group-D5F610D5601A:LeaderElection25: begin an election at term 3 for 0: [53d5fcb5-8117-4632-855b-8768bb6778f7:192.168.34.53:34476, 4b2356e4-aaef-4a34-8176-0946a74a854c:192.168.34.53:33321, 6fcf04af-ebca-4852-b73e-87fdd08ef440:192.168.34.53:39264], old=null
2019-09-11 03:16:53,138 [grpc-default-executor-0] INFO  impl.RaftServerImpl (ServerState.java:setLeader(253)) - 4b2356e4-aaef-4a34-8176-0946a74a854c@group-D5F610D5601A: change Leader from 53d5fcb5-8117-4632-855b-8768bb6778f7 to null at term 3 for updateCurrentTerm
2019-09-11 03:16:53,138 [grpc-default-executor-0] INFO  impl.RaftServerImpl (RaftServerImpl.java:setRole(174)) - 4b2356e4-aaef-4a34-8176-0946a74a854c@group-D5F610D5601A: changes role from  FOLLOWER to FOLLOWER at term 3 for recognizeCandidate:6fcf04af-ebca-4852-b73e-87fdd08ef440
2019-09-11 03:16:53,138 [grpc-default-executor-0] INFO  impl.RoleInfo (RoleInfo.java:shutdownFollowerState(121)) - 4b2356e4-aaef-4a34-8176-0946a74a854c: shutdown FollowerState
2019-09-11 03:16:53,139 [grpc-default-executor-0] INFO  impl.RoleInfo (RoleInfo.java:updateAndGet(143)) - 4b2356e4-aaef-4a34-8176-0946a74a854c: start FollowerState
2019-09-11 03:16:53,139 [Thread-429] INFO  impl.FollowerState (FollowerState.java:run(115)) - 4b2356e4-aaef-4a34-8176-0946a74a854c: FollowerState was interrupted: java.lang.InterruptedException: sleep interrupted
2019-09-11 03:16:53,143 [6fcf04af-ebca-4852-b73e-87fdd08ef440@group-D5F610D5601A:LeaderElection25] INFO  impl.LeaderElection (LogUtils.java:infoOrTrace(149)) - 6fcf04af-ebca-4852-b73e-87fdd08ef440@group-D5F610D5601A:LeaderElection25 got exception when requesting votes: {}
java.util.concurrent.ExecutionException: org.apache.ratis.thirdparty.io.grpc.StatusRuntimeException: UNAVAILABLE: io exception
	at java.util.concurrent.FutureTask.report(FutureTask.java:122)
	at java.util.concurrent.FutureTask.get(FutureTask.java:192)
	at org.apache.ratis.server.impl.LeaderElection.waitForResults(LeaderElection.java:263)
	at org.apache.ratis.server.impl.LeaderElection.askForVotes(LeaderElection.java:201)
	at org.apache.ratis.server.impl.LeaderElection.run(LeaderElection.java:133)
	at java.lang.Thread.run(Thread.java:748)
Caused by: org.apache.ratis.thirdparty.io.grpc.StatusRuntimeException: UNAVAILABLE: io exception
	at org.apache.ratis.thirdparty.io.grpc.stub.ClientCalls.toStatusRuntimeException(ClientCalls.java:233)
	at org.apache.ratis.thirdparty.io.grpc.stub.ClientCalls.getUnchecked(ClientCalls.java:214)
	at org.apache.ratis.thirdparty.io.grpc.stub.ClientCalls.blockingUnaryCall(ClientCalls.java:139)
	at org.apache.ratis.proto.grpc.RaftServerProtocolServiceGrpc$RaftServerProtocolServiceBlockingStub.requestVote(RaftServerProtocolServiceGrpc.java:265)
	at org.apache.ratis.grpc.server.GrpcServerProtocolClient.requestVote(GrpcServerProtocolClient.java:90)
	at org.apache.ratis.grpc.server.GrpcService.requestVote(GrpcService.java:204)
	at org.apache.ratis.server.impl.LeaderElection.lambda$submitRequests$1(LeaderElection.java:238)
	at java.util.concurrent.FutureTask.run(FutureTask.java:266)
	at java.util.concurrent.Executors$RunnableAdapter.call(Executors.java:511)
	at java.util.concurrent.FutureTask.run(FutureTask.java:266)
	at java.util.concurrent.ThreadPoolExecutor.runWorker(ThreadPoolExecutor.java:1149)
	at java.util.concurrent.ThreadPoolExecutor$Worker.run(ThreadPoolExecutor.java:624)
	... 1 more
Caused by: org.apache.ratis.thirdparty.io.netty.channel.AbstractChannel$AnnotatedConnectException: Connection refused: /192.168.34.53:34476
	at sun.nio.ch.SocketChannelImpl.checkConnect(Native Method)
	at sun.nio.ch.SocketChannelImpl.finishConnect(SocketChannelImpl.java:717)
	at org.apache.ratis.thirdparty.io.netty.channel.socket.nio.NioSocketChannel.doFinishConnect(NioSocketChannel.java:327)
	at org.apache.ratis.thirdparty.io.netty.channel.nio.AbstractNioChannel$AbstractNioUnsafe.finishConnect(AbstractNioChannel.java:340)
	at org.apache.ratis.thirdparty.io.netty.channel.nio.NioEventLoop.processSelectedKey(NioEventLoop.java:632)
	at org.apache.ratis.thirdparty.io.netty.channel.nio.NioEventLoop.processSelectedKeysOptimized(NioEventLoop.java:579)
	at org.apache.ratis.thirdparty.io.netty.channel.nio.NioEventLoop.processSelectedKeys(NioEventLoop.java:496)
	at org.apache.ratis.thirdparty.io.netty.channel.nio.NioEventLoop.run(NioEventLoop.java:458)
	at org.apache.ratis.thirdparty.io.netty.util.concurrent.SingleThreadEventExecutor$5.run(SingleThreadEventExecutor.java:897)
	at org.apache.ratis.thirdparty.io.netty.util.concurrent.FastThreadLocalRunnable.run(FastThreadLocalRunnable.java:30)
	... 1 more
Caused by: java.net.ConnectException: Connection refused
	... 11 more
2019-09-11 03:16:53,155 [6fcf04af-ebca-4852-b73e-87fdd08ef440@group-D5F610D5601A:LeaderElection25] INFO  impl.LeaderElection (LeaderElection.java:logAndReturn(56)) - 6fcf04af-ebca-4852-b73e-87fdd08ef440@group-D5F610D5601A:LeaderElection25: Election PASSED; received 1 response(s) [6fcf04af-ebca-4852-b73e-87fdd08ef440<-4b2356e4-aaef-4a34-8176-0946a74a854c#0:OK-t3] and 1 exception(s); 6fcf04af-ebca-4852-b73e-87fdd08ef440@group-D5F610D5601A:t3, leader=null, voted=6fcf04af-ebca-4852-b73e-87fdd08ef440, raftlog=6fcf04af-ebca-4852-b73e-87fdd08ef440@group-D5F610D5601A-SegmentedRaftLog:OPENED:c16,f20,i20, conf=0: [53d5fcb5-8117-4632-855b-8768bb6778f7:192.168.34.53:34476, 4b2356e4-aaef-4a34-8176-0946a74a854c:192.168.34.53:33321, 6fcf04af-ebca-4852-b73e-87fdd08ef440:192.168.34.53:39264], old=null
2019-09-11 03:16:53,156 [6fcf04af-ebca-4852-b73e-87fdd08ef440@group-D5F610D5601A:LeaderElection25] INFO  impl.LeaderElection (LogUtils.java:infoOrTrace(149)) -   Exception 0: {}
java.util.concurrent.ExecutionException: org.apache.ratis.thirdparty.io.grpc.StatusRuntimeException: UNAVAILABLE: io exception
	at java.util.concurrent.FutureTask.report(FutureTask.java:122)
	at java.util.concurrent.FutureTask.get(FutureTask.java:192)
	at org.apache.ratis.server.impl.LeaderElection.waitForResults(LeaderElection.java:263)
	at org.apache.ratis.server.impl.LeaderElection.askForVotes(LeaderElection.java:201)
	at org.apache.ratis.server.impl.LeaderElection.run(LeaderElection.java:133)
	at java.lang.Thread.run(Thread.java:748)
Caused by: org.apache.ratis.thirdparty.io.grpc.StatusRuntimeException: UNAVAILABLE: io exception
	at org.apache.ratis.thirdparty.io.grpc.stub.ClientCalls.toStatusRuntimeException(ClientCalls.java:233)
	at org.apache.ratis.thirdparty.io.grpc.stub.ClientCalls.getUnchecked(ClientCalls.java:214)
	at org.apache.ratis.thirdparty.io.grpc.stub.ClientCalls.blockingUnaryCall(ClientCalls.java:139)
	at org.apache.ratis.proto.grpc.RaftServerProtocolServiceGrpc$RaftServerProtocolServiceBlockingStub.requestVote(RaftServerProtocolServiceGrpc.java:265)
	at org.apache.ratis.grpc.server.GrpcServerProtocolClient.requestVote(GrpcServerProtocolClient.java:90)
	at org.apache.ratis.grpc.server.GrpcService.requestVote(GrpcService.java:204)
	at org.apache.ratis.server.impl.LeaderElection.lambda$submitRequests$1(LeaderElection.java:238)
	at java.util.concurrent.FutureTask.run(FutureTask.java:266)
	at java.util.concurrent.Executors$RunnableAdapter.call(Executors.java:511)
	at java.util.concurrent.FutureTask.run(FutureTask.java:266)
	at java.util.concurrent.ThreadPoolExecutor.runWorker(ThreadPoolExecutor.java:1149)
	at java.util.concurrent.ThreadPoolExecutor$Worker.run(ThreadPoolExecutor.java:624)
	... 1 more
Caused by: org.apache.ratis.thirdparty.io.netty.channel.AbstractChannel$AnnotatedConnectException: Connection refused: /192.168.34.53:34476
	at sun.nio.ch.SocketChannelImpl.checkConnect(Native Method)
	at sun.nio.ch.SocketChannelImpl.finishConnect(SocketChannelImpl.java:717)
	at org.apache.ratis.thirdparty.io.netty.channel.socket.nio.NioSocketChannel.doFinishConnect(NioSocketChannel.java:327)
	at org.apache.ratis.thirdparty.io.netty.channel.nio.AbstractNioChannel$AbstractNioUnsafe.finishConnect(AbstractNioChannel.java:340)
	at org.apache.ratis.thirdparty.io.netty.channel.nio.NioEventLoop.processSelectedKey(NioEventLoop.java:632)
	at org.apache.ratis.thirdparty.io.netty.channel.nio.NioEventLoop.processSelectedKeysOptimized(NioEventLoop.java:579)
	at org.apache.ratis.thirdparty.io.netty.channel.nio.NioEventLoop.processSelectedKeys(NioEventLoop.java:496)
	at org.apache.ratis.thirdparty.io.netty.channel.nio.NioEventLoop.run(NioEventLoop.java:458)
	at org.apache.ratis.thirdparty.io.netty.util.concurrent.SingleThreadEventExecutor$5.run(SingleThreadEventExecutor.java:897)
	at org.apache.ratis.thirdparty.io.netty.util.concurrent.FastThreadLocalRunnable.run(FastThreadLocalRunnable.java:30)
	... 1 more
Caused by: java.net.ConnectException: Connection refused
	... 11 more
2019-09-11 03:16:53,157 [6fcf04af-ebca-4852-b73e-87fdd08ef440@group-D5F610D5601A:LeaderElection25] INFO  impl.RoleInfo (RoleInfo.java:shutdownLeaderElection(134)) - 6fcf04af-ebca-4852-b73e-87fdd08ef440: shutdown LeaderElection
2019-09-11 03:16:53,157 [6fcf04af-ebca-4852-b73e-87fdd08ef440@group-D5F610D5601A:LeaderElection25] INFO  impl.RaftServerImpl (RaftServerImpl.java:setRole(174)) - 6fcf04af-ebca-4852-b73e-87fdd08ef440@group-D5F610D5601A: changes role from CANDIDATE to LEADER at term 3 for changeToLeader
2019-09-11 03:16:53,157 [6fcf04af-ebca-4852-b73e-87fdd08ef440@group-D5F610D5601A:LeaderElection25] INFO  impl.RaftServerImpl (ServerState.java:setLeader(253)) - 6fcf04af-ebca-4852-b73e-87fdd08ef440@group-D5F610D5601A: change Leader from null to 6fcf04af-ebca-4852-b73e-87fdd08ef440 at term 3 for becomeLeader, leader elected after 49ms
2019-09-11 03:16:53,157 [6fcf04af-ebca-4852-b73e-87fdd08ef440@group-D5F610D5601A:LeaderElection25] INFO  server.RaftServerConfigKeys (ConfUtils.java:logGet(43)) - raft.server.staging.catchup.gap = 1000 (default)
2019-09-11 03:16:53,157 [6fcf04af-ebca-4852-b73e-87fdd08ef440@group-D5F610D5601A:LeaderElection25] INFO  server.RaftServerConfigKeys (ConfUtils.java:logGet(43)) - raft.server.rpc.sleep.time = 25ms (default)
2019-09-11 03:16:53,158 [6fcf04af-ebca-4852-b73e-87fdd08ef440@group-D5F610D5601A:LeaderElection25] INFO  server.RaftServerConfigKeys (ConfUtils.java:logGet(43)) - raft.server.write.element-limit = 4096 (default)
2019-09-11 03:16:53,158 [6fcf04af-ebca-4852-b73e-87fdd08ef440@group-D5F610D5601A:LeaderElection25] INFO  server.RaftServerConfigKeys (ConfUtils.java:logGet(43)) - raft.server.watch.timeout = 10s (default)
2019-09-11 03:16:53,158 [6fcf04af-ebca-4852-b73e-87fdd08ef440@group-D5F610D5601A:LeaderElection25] INFO  server.RaftServerConfigKeys (ConfUtils.java:logGet(43)) - raft.server.watch.timeout.denomination = 1s (default)
2019-09-11 03:16:53,158 [6fcf04af-ebca-4852-b73e-87fdd08ef440@group-D5F610D5601A:LeaderElection25] INFO  server.RaftServerConfigKeys (ConfUtils.java:logGet(43)) - raft.server.watch.element-limit = 65536 (default)
2019-09-11 03:16:53,162 [6fcf04af-ebca-4852-b73e-87fdd08ef440@group-D5F610D5601A:LeaderElection25] INFO  server.RaftServerConfigKeys (ConfUtils.java:logGet(43)) - raft.server.log.appender.snapshot.chunk.size.max = 16MB (=16777216) (default)
2019-09-11 03:16:53,162 [6fcf04af-ebca-4852-b73e-87fdd08ef440@group-D5F610D5601A:LeaderElection25] INFO  server.RaftServerConfigKeys (ConfUtils.java:logGet(43)) - raft.server.log.appender.buffer.byte-limit = 33554432 (custom)
2019-09-11 03:16:53,162 [6fcf04af-ebca-4852-b73e-87fdd08ef440@group-D5F610D5601A:LeaderElection25] INFO  server.RaftServerConfigKeys (ConfUtils.java:logGet(43)) - raft.server.log.appender.buffer.element-limit = 1 (custom)
2019-09-11 03:16:53,162 [6fcf04af-ebca-4852-b73e-87fdd08ef440@group-D5F610D5601A:LeaderElection25] INFO  grpc.GrpcConfigKeys$Server (ConfUtils.java:logGet(43)) - raft.grpc.server.leader.outstanding.appends.max = 128 (default)
2019-09-11 03:16:53,163 [6fcf04af-ebca-4852-b73e-87fdd08ef440@group-D5F610D5601A:LeaderElection25] INFO  server.RaftServerConfigKeys (ConfUtils.java:logGet(43)) - raft.server.rpc.request.timeout = 3000ms (default)
2019-09-11 03:16:53,163 [6fcf04af-ebca-4852-b73e-87fdd08ef440@group-D5F610D5601A:LeaderElection25] INFO  server.RaftServerConfigKeys (ConfUtils.java:logGet(43)) - raft.server.log.appender.install.snapshot.enabled = false (custom)
2019-09-11 03:16:53,163 [6fcf04af-ebca-4852-b73e-87fdd08ef440@group-D5F610D5601A:LeaderElection25] INFO  server.RaftServerConfigKeys (ConfUtils.java:logGet(43)) - raft.server.log.appender.snapshot.chunk.size.max = 16MB (=16777216) (default)
2019-09-11 03:16:53,163 [6fcf04af-ebca-4852-b73e-87fdd08ef440@group-D5F610D5601A:LeaderElection25] INFO  server.RaftServerConfigKeys (ConfUtils.java:logGet(43)) - raft.server.log.appender.buffer.byte-limit = 33554432 (custom)
2019-09-11 03:16:53,163 [6fcf04af-ebca-4852-b73e-87fdd08ef440@group-D5F610D5601A:LeaderElection25] INFO  server.RaftServerConfigKeys (ConfUtils.java:logGet(43)) - raft.server.log.appender.buffer.element-limit = 1 (custom)
2019-09-11 03:16:53,164 [6fcf04af-ebca-4852-b73e-87fdd08ef440@group-D5F610D5601A:LeaderElection25] INFO  grpc.GrpcConfigKeys$Server (ConfUtils.java:logGet(43)) - raft.grpc.server.leader.outstanding.appends.max = 128 (default)
2019-09-11 03:16:53,164 [6fcf04af-ebca-4852-b73e-87fdd08ef440@group-D5F610D5601A:LeaderElection25] INFO  server.RaftServerConfigKeys (ConfUtils.java:logGet(43)) - raft.server.rpc.request.timeout = 3000ms (default)
2019-09-11 03:16:53,164 [6fcf04af-ebca-4852-b73e-87fdd08ef440@group-D5F610D5601A:LeaderElection25] INFO  server.RaftServerConfigKeys (ConfUtils.java:logGet(43)) - raft.server.log.appender.install.snapshot.enabled = false (custom)
2019-09-11 03:16:53,164 [6fcf04af-ebca-4852-b73e-87fdd08ef440@group-D5F610D5601A:LeaderElection25] INFO  impl.RoleInfo (RoleInfo.java:updateAndGet(143)) - 6fcf04af-ebca-4852-b73e-87fdd08ef440: start LeaderState
2019-09-11 03:16:53,165 [6fcf04af-ebca-4852-b73e-87fdd08ef440@group-D5F610D5601A:LeaderElection25] INFO  segmented.SegmentedRaftLogWorker (SegmentedRaftLogWorker.java:rollLogSegment(385)) - 6fcf04af-ebca-4852-b73e-87fdd08ef440@group-D5F610D5601A-SegmentedRaftLogWorker: Rolling segment log-0_20 to index:20
2019-09-11 03:16:53,167 [6fcf04af-ebca-4852-b73e-87fdd08ef440@group-D5F610D5601A:LeaderElection25] INFO  impl.RaftServerImpl (ServerState.java:setRaftConf(354)) - 6fcf04af-ebca-4852-b73e-87fdd08ef440@group-D5F610D5601A: set configuration 21: [53d5fcb5-8117-4632-855b-8768bb6778f7:192.168.34.53:34476, 4b2356e4-aaef-4a34-8176-0946a74a854c:192.168.34.53:33321, 6fcf04af-ebca-4852-b73e-87fdd08ef440:192.168.34.53:39264], old=null at 21
2019-09-11 03:16:53,167 [grpc-default-executor-0] WARN  server.GrpcLogAppender (LogUtils.java:warn(134)) - 6fcf04af-ebca-4852-b73e-87fdd08ef440@group-D5F610D5601A->53d5fcb5-8117-4632-855b-8768bb6778f7-AppendLogResponseHandler: Failed appendEntries: org.apache.ratis.thirdparty.io.grpc.StatusRuntimeException: UNAVAILABLE: io exception
2019-09-11 03:16:53,169 [grpc-default-executor-0] INFO  impl.FollowerInfo (FollowerInfo.java:lambda$new$0(51)) - 6fcf04af-ebca-4852-b73e-87fdd08ef440@group-D5F610D5601A->53d5fcb5-8117-4632-855b-8768bb6778f7: nextIndex: updateUnconditionally 21 -> 1
2019-09-11 03:16:53,170 [grpc-default-executor-0] INFO  impl.RaftServerImpl (ServerState.java:setLeader(253)) - 4b2356e4-aaef-4a34-8176-0946a74a854c@group-D5F610D5601A: change Leader from null to 6fcf04af-ebca-4852-b73e-87fdd08ef440 at term 3 for appendEntries, leader elected after 32ms
2019-09-11 03:16:53,173 [grpc-default-executor-0] INFO  impl.RaftServerImpl (ServerState.java:setRaftConf(354)) - 4b2356e4-aaef-4a34-8176-0946a74a854c@group-D5F610D5601A: set configuration 21: [53d5fcb5-8117-4632-855b-8768bb6778f7:192.168.34.53:34476, 4b2356e4-aaef-4a34-8176-0946a74a854c:192.168.34.53:33321, 6fcf04af-ebca-4852-b73e-87fdd08ef440:192.168.34.53:39264], old=null at 21
2019-09-11 03:16:53,173 [grpc-default-executor-0] INFO  segmented.SegmentedRaftLogWorker (SegmentedRaftLogWorker.java:rollLogSegment(385)) - 4b2356e4-aaef-4a34-8176-0946a74a854c@group-D5F610D5601A-SegmentedRaftLogWorker: Rolling segment log-0_20 to index:20
2019-09-11 03:16:53,185 [6fcf04af-ebca-4852-b73e-87fdd08ef440@group-D5F610D5601A-SegmentedRaftLogWorker] INFO  segmented.SegmentedRaftLogWorker (SegmentedRaftLogWorker.java:execute(526)) - 6fcf04af-ebca-4852-b73e-87fdd08ef440@group-D5F610D5601A-SegmentedRaftLogWorker: Rolled log segment from /workdir/hadoop-ozone/integration-test/target/test-dir/MiniOzoneClusterImpl-ffccced8-c8d8-492e-805a-99618b7a2b29/datanode-7/data/ratis/ffedfa37-5d60-4482-8bbe-d5f610d5601a/current/log_inprogress_0 to /workdir/hadoop-ozone/integration-test/target/test-dir/MiniOzoneClusterImpl-ffccced8-c8d8-492e-805a-99618b7a2b29/datanode-7/data/ratis/ffedfa37-5d60-4482-8bbe-d5f610d5601a/current/log_0-20
2019-09-11 03:16:53,240 [6fcf04af-ebca-4852-b73e-87fdd08ef440@group-D5F610D5601A-SegmentedRaftLogWorker] INFO  segmented.SegmentedRaftLogWorker (SegmentedRaftLogWorker.java:execute(569)) - 6fcf04af-ebca-4852-b73e-87fdd08ef440@group-D5F610D5601A-SegmentedRaftLogWorker: created new log segment /workdir/hadoop-ozone/integration-test/target/test-dir/MiniOzoneClusterImpl-ffccced8-c8d8-492e-805a-99618b7a2b29/datanode-7/data/ratis/ffedfa37-5d60-4482-8bbe-d5f610d5601a/current/log_inprogress_21
2019-09-11 03:16:53,348 [4b2356e4-aaef-4a34-8176-0946a74a854c@group-D5F610D5601A-SegmentedRaftLogWorker] WARN  segmented.SegmentedRaftLogWorker (SegmentedRaftLogWorker.java:getFromFuture(90)) - Timeout 5/~
org.apache.ratis.protocol.TimeoutIOException: Timeout 10s: WriteLog:17: (t:2, i:17), STATEMACHINELOGENTRY, client-84CCB07DAE59, cid=43-writeStateMachineData
	at org.apache.ratis.util.IOUtils.getFromFuture(IOUtils.java:87)
	at org.apache.ratis.server.raftlog.segmented.SegmentedRaftLogWorker$StateMachineDataPolicy.getFromFuture(SegmentedRaftLogWorker.java:87)
	at org.apache.ratis.server.raftlog.segmented.SegmentedRaftLogWorker$WriteLog.execute(SegmentedRaftLogWorker.java:477)
	at org.apache.ratis.server.raftlog.segmented.SegmentedRaftLogWorker.run(SegmentedRaftLogWorker.java:289)
	at java.lang.Thread.run(Thread.java:748)
Caused by: java.util.concurrent.TimeoutException
	at java.util.concurrent.CompletableFuture.timedGet(CompletableFuture.java:1771)
	at java.util.concurrent.CompletableFuture.get(CompletableFuture.java:1915)
	at org.apache.ratis.util.IOUtils.getFromFuture(IOUtils.java:79)
	... 4 more
2019-09-11 03:16:53,677 [grpc-default-executor-6] WARN  server.GrpcLogAppender (LogUtils.java:warn(134)) - 6fcf04af-ebca-4852-b73e-87fdd08ef440@group-D5F610D5601A->53d5fcb5-8117-4632-855b-8768bb6778f7-AppendLogResponseHandler: Failed appendEntries: org.apache.ratis.thirdparty.io.grpc.StatusRuntimeException: UNAVAILABLE: io exception
2019-09-11 03:16:53,678 [grpc-default-executor-6] INFO  impl.FollowerInfo (FollowerInfo.java:lambda$new$0(51)) - 6fcf04af-ebca-4852-b73e-87fdd08ef440@group-D5F610D5601A->53d5fcb5-8117-4632-855b-8768bb6778f7: nextIndex: updateUnconditionally 1 -> 0
2019-09-11 03:16:54,176 [grpc-default-executor-4] WARN  server.GrpcLogAppender (LogUtils.java:warn(134)) - 6fcf04af-ebca-4852-b73e-87fdd08ef440@group-D5F610D5601A->53d5fcb5-8117-4632-855b-8768bb6778f7-AppendLogResponseHandler: Failed appendEntries: org.apache.ratis.thirdparty.io.grpc.StatusRuntimeException: UNAVAILABLE: io exception
2019-09-11 03:16:54,176 [grpc-default-executor-4] INFO  impl.FollowerInfo (FollowerInfo.java:lambda$new$0(51)) - 6fcf04af-ebca-4852-b73e-87fdd08ef440@group-D5F610D5601A->53d5fcb5-8117-4632-855b-8768bb6778f7: nextIndex: updateUnconditionally 0 -> 0
2019-09-11 03:16:54,677 [grpc-default-executor-6] WARN  server.GrpcLogAppender (LogUtils.java:warn(134)) - 6fcf04af-ebca-4852-b73e-87fdd08ef440@group-D5F610D5601A->53d5fcb5-8117-4632-855b-8768bb6778f7-AppendLogResponseHandler: Failed appendEntries: org.apache.ratis.thirdparty.io.grpc.StatusRuntimeException: UNAVAILABLE: io exception
2019-09-11 03:16:54,677 [grpc-default-executor-6] INFO  impl.FollowerInfo (FollowerInfo.java:lambda$new$0(51)) - 6fcf04af-ebca-4852-b73e-87fdd08ef440@group-D5F610D5601A->53d5fcb5-8117-4632-855b-8768bb6778f7: nextIndex: updateUnconditionally 0 -> 0
2019-09-11 03:16:55,177 [grpc-default-executor-0] WARN  server.GrpcLogAppender (LogUtils.java:warn(134)) - 6fcf04af-ebca-4852-b73e-87fdd08ef440@group-D5F610D5601A->53d5fcb5-8117-4632-855b-8768bb6778f7-AppendLogResponseHandler: Failed appendEntries: org.apache.ratis.thirdparty.io.grpc.StatusRuntimeException: UNAVAILABLE: io exception
2019-09-11 03:16:55,177 [grpc-default-executor-0] INFO  impl.FollowerInfo (FollowerInfo.java:lambda$new$0(51)) - 6fcf04af-ebca-4852-b73e-87fdd08ef440@group-D5F610D5601A->53d5fcb5-8117-4632-855b-8768bb6778f7: nextIndex: updateUnconditionally 0 -> 0
2019-09-11 03:16:55,678 [grpc-default-executor-4] WARN  server.GrpcLogAppender (LogUtils.java:warn(134)) - 6fcf04af-ebca-4852-b73e-87fdd08ef440@group-D5F610D5601A->53d5fcb5-8117-4632-855b-8768bb6778f7-AppendLogResponseHandler: Failed appendEntries: org.apache.ratis.thirdparty.io.grpc.StatusRuntimeException: UNAVAILABLE: io exception
2019-09-11 03:16:55,679 [grpc-default-executor-4] INFO  impl.FollowerInfo (FollowerInfo.java:lambda$new$0(51)) - 6fcf04af-ebca-4852-b73e-87fdd08ef440@group-D5F610D5601A->53d5fcb5-8117-4632-855b-8768bb6778f7: nextIndex: updateUnconditionally 0 -> 0
2019-09-11 03:16:56,172 [java.util.concurrent.ThreadPoolExecutor$Worker@ed23809[State = -1, empty queue]] WARN  server.GrpcLogAppender (GrpcLogAppender.java:timeoutAppendRequest(200)) - 6fcf04af-ebca-4852-b73e-87fdd08ef440@group-D5F610D5601A->4b2356e4-aaef-4a34-8176-0946a74a854c-GrpcLogAppender: appendEntries Timeout, request=6fcf04af-ebca-4852-b73e-87fdd08ef440->4b2356e4-aaef-4a34-8176-0946a74a854c#1-t3, previous=(t:2, i:20), leaderCommit=16, initializing? false, entries: size=1, first=(t:3, i:21), CONFIGURATIONENTRY
2019-09-11 03:16:56,179 [grpc-default-executor-0] WARN  server.GrpcLogAppender (LogUtils.java:warn(134)) - 6fcf04af-ebca-4852-b73e-87fdd08ef440@group-D5F610D5601A->53d5fcb5-8117-4632-855b-8768bb6778f7-AppendLogResponseHandler: Failed appendEntries: org.apache.ratis.thirdparty.io.grpc.StatusRuntimeException: UNAVAILABLE: io exception
2019-09-11 03:16:56,179 [grpc-default-executor-0] INFO  impl.FollowerInfo (FollowerInfo.java:lambda$new$0(51)) - 6fcf04af-ebca-4852-b73e-87fdd08ef440@group-D5F610D5601A->53d5fcb5-8117-4632-855b-8768bb6778f7: nextIndex: updateUnconditionally 0 -> 0
2019-09-11 03:16:56,202 [ForkJoinPool.commonPool-worker-1] INFO  ozoneimpl.OzoneContainer (OzoneContainer.java:stop(231)) - Attempting to stop container services.
2019-09-11 03:16:56,204 [ForkJoinPool.commonPool-worker-1] INFO  impl.RaftServerProxy (RaftServerProxy.java:lambda$close$4(314)) - 02b9f8ce-4253-4591-af20-e5771c574668: close
2019-09-11 03:16:56,205 [ForkJoinPool.commonPool-worker-1] INFO  impl.RaftServerImpl (RaftServerImpl.java:lambda$shutdown$3(251)) - 02b9f8ce-4253-4591-af20-e5771c574668@group-34B9A72BE4B0: shutdown
2019-09-11 03:16:56,205 [ForkJoinPool.commonPool-worker-1] INFO  util.JmxRegister (JmxRegister.java:unregister(73)) - Successfully un-registered JMX Bean with object name Ratis:service=RaftServer,group=group-34B9A72BE4B0,id=02b9f8ce-4253-4591-af20-e5771c574668
2019-09-11 03:16:56,205 [ForkJoinPool.commonPool-worker-1] INFO  impl.RoleInfo (RoleInfo.java:shutdownLeaderState(104)) - 02b9f8ce-4253-4591-af20-e5771c574668: shutdown LeaderState
2019-09-11 03:16:56,205 [ForkJoinPool.commonPool-worker-1] INFO  impl.PendingRequests (PendingRequests.java:sendNotLeaderResponses(202)) - 02b9f8ce-4253-4591-af20-e5771c574668-PendingRequests: sendNotLeaderResponses
2019-09-11 03:16:56,206 [ForkJoinPool.commonPool-worker-1] INFO  impl.StateMachineUpdater (StateMachineUpdater.java:stopAndJoin(125)) - 02b9f8ce-4253-4591-af20-e5771c574668@group-34B9A72BE4B0-StateMachineUpdater: set stopIndex = 0
2019-09-11 03:16:56,206 [ForkJoinPool.commonPool-worker-1] INFO  impl.RaftServerImpl (ServerState.java:close(385)) - 02b9f8ce-4253-4591-af20-e5771c574668@group-34B9A72BE4B0: closes. applyIndex: 0
2019-09-11 03:16:56,206 [02b9f8ce-4253-4591-af20-e5771c574668@group-34B9A72BE4B0-SegmentedRaftLogWorker] INFO  segmented.SegmentedRaftLogWorker (SegmentedRaftLogWorker.java:run(313)) - 02b9f8ce-4253-4591-af20-e5771c574668@group-34B9A72BE4B0-SegmentedRaftLogWorker was interrupted, exiting. There are 0 tasks remaining in the queue.
2019-09-11 03:16:56,207 [ForkJoinPool.commonPool-worker-1] INFO  segmented.SegmentedRaftLogWorker (SegmentedRaftLogWorker.java:close(228)) - 02b9f8ce-4253-4591-af20-e5771c574668@group-34B9A72BE4B0-SegmentedRaftLogWorker close()
2019-09-11 03:16:56,208 [ForkJoinPool.commonPool-worker-1] INFO  impl.RaftServerImpl (RaftServerImpl.java:lambda$shutdown$3(251)) - 02b9f8ce-4253-4591-af20-e5771c574668@group-08832F9F56A9: shutdown
2019-09-11 03:16:56,209 [ForkJoinPool.commonPool-worker-1] INFO  util.JmxRegister (JmxRegister.java:unregister(73)) - Successfully un-registered JMX Bean with object name Ratis:service=RaftServer,group=group-08832F9F56A9,id=02b9f8ce-4253-4591-af20-e5771c574668
2019-09-11 03:16:56,209 [ForkJoinPool.commonPool-worker-1] INFO  impl.RoleInfo (RoleInfo.java:shutdownFollowerState(121)) - 02b9f8ce-4253-4591-af20-e5771c574668: shutdown FollowerState
2019-09-11 03:16:56,209 [ForkJoinPool.commonPool-worker-1] INFO  impl.StateMachineUpdater (StateMachineUpdater.java:stopAndJoin(125)) - 02b9f8ce-4253-4591-af20-e5771c574668@group-08832F9F56A9-StateMachineUpdater: set stopIndex = 16
2019-09-11 03:16:56,209 [02b9f8ce-4253-4591-af20-e5771c574668@group-08832F9F56A9-StateMachineUpdater] INFO  ratis.ContainerStateMachine (ContainerStateMachine.java:takeSnapshot(289)) - group-08832F9F56A9: Taking a snapshot at:(t:2, i:12) file /workdir/hadoop-ozone/integration-test/target/test-dir/MiniOzoneClusterImpl-ffccced8-c8d8-492e-805a-99618b7a2b29/datanode-1/data/ratis/2ba24a89-d0aa-47ca-b633-08832f9f56a9/sm/snapshot.2_12
2019-09-11 03:16:56,209 [Thread-409] INFO  impl.FollowerState (FollowerState.java:run(115)) - 02b9f8ce-4253-4591-af20-e5771c574668: FollowerState was interrupted: java.lang.InterruptedException: sleep interrupted
2019-09-11 03:16:56,222 [main] INFO  ozoneimpl.OzoneContainer (OzoneContainer.java:stop(231)) - Attempting to stop container services.
2019-09-11 03:16:56,222 [main] INFO  impl.RaftServerProxy (RaftServerProxy.java:lambda$close$4(314)) - 4b2356e4-aaef-4a34-8176-0946a74a854c: close
2019-09-11 03:16:56,222 [main] INFO  impl.RaftServerImpl (RaftServerImpl.java:lambda$shutdown$3(251)) - 4b2356e4-aaef-4a34-8176-0946a74a854c@group-845EC6E4B2A4: shutdown
2019-09-11 03:16:56,223 [main] INFO  util.JmxRegister (JmxRegister.java:unregister(73)) - Successfully un-registered JMX Bean with object name Ratis:service=RaftServer,group=group-845EC6E4B2A4,id=4b2356e4-aaef-4a34-8176-0946a74a854c
2019-09-11 03:16:56,223 [main] INFO  impl.RoleInfo (RoleInfo.java:shutdownLeaderState(104)) - 4b2356e4-aaef-4a34-8176-0946a74a854c: shutdown LeaderState
2019-09-11 03:16:56,223 [main] INFO  impl.PendingRequests (PendingRequests.java:sendNotLeaderResponses(202)) - 4b2356e4-aaef-4a34-8176-0946a74a854c-PendingRequests: sendNotLeaderResponses
2019-09-11 03:16:56,223 [main] INFO  impl.StateMachineUpdater (StateMachineUpdater.java:stopAndJoin(125)) - 4b2356e4-aaef-4a34-8176-0946a74a854c@group-845EC6E4B2A4-StateMachineUpdater: set stopIndex = 0
2019-09-11 03:16:56,223 [main] INFO  impl.RaftServerImpl (ServerState.java:close(385)) - 4b2356e4-aaef-4a34-8176-0946a74a854c@group-845EC6E4B2A4: closes. applyIndex: 0
2019-09-11 03:16:56,224 [4b2356e4-aaef-4a34-8176-0946a74a854c@group-845EC6E4B2A4-SegmentedRaftLogWorker] INFO  segmented.SegmentedRaftLogWorker (SegmentedRaftLogWorker.java:run(313)) - 4b2356e4-aaef-4a34-8176-0946a74a854c@group-845EC6E4B2A4-SegmentedRaftLogWorker was interrupted, exiting. There are 0 tasks remaining in the queue.
2019-09-11 03:16:56,224 [main] INFO  segmented.SegmentedRaftLogWorker (SegmentedRaftLogWorker.java:close(228)) - 4b2356e4-aaef-4a34-8176-0946a74a854c@group-845EC6E4B2A4-SegmentedRaftLogWorker close()
2019-09-11 03:16:56,225 [main] INFO  impl.RaftServerImpl (RaftServerImpl.java:lambda$shutdown$3(251)) - 4b2356e4-aaef-4a34-8176-0946a74a854c@group-D5F610D5601A: shutdown
2019-09-11 03:16:56,225 [main] INFO  util.JmxRegister (JmxRegister.java:unregister(73)) - Successfully un-registered JMX Bean with object name Ratis:service=RaftServer,group=group-D5F610D5601A,id=4b2356e4-aaef-4a34-8176-0946a74a854c
2019-09-11 03:16:56,226 [main] INFO  impl.RoleInfo (RoleInfo.java:shutdownFollowerState(121)) - 4b2356e4-aaef-4a34-8176-0946a74a854c: shutdown FollowerState
2019-09-11 03:16:56,226 [main] INFO  impl.StateMachineUpdater (StateMachineUpdater.java:stopAndJoin(125)) - 4b2356e4-aaef-4a34-8176-0946a74a854c@group-D5F610D5601A-StateMachineUpdater: set stopIndex = 16
2019-09-11 03:16:56,226 [4b2356e4-aaef-4a34-8176-0946a74a854c@group-D5F610D5601A-StateMachineUpdater] INFO  ratis.ContainerStateMachine (ContainerStateMachine.java:takeSnapshot(289)) - group-D5F610D5601A: Taking a snapshot at:(t:2, i:12) file /workdir/hadoop-ozone/integration-test/target/test-dir/MiniOzoneClusterImpl-ffccced8-c8d8-492e-805a-99618b7a2b29/datanode-9/data/ratis/ffedfa37-5d60-4482-8bbe-d5f610d5601a/sm/snapshot.2_12
2019-09-11 03:16:56,226 [Thread-1457] INFO  impl.FollowerState (FollowerState.java:run(115)) - 4b2356e4-aaef-4a34-8176-0946a74a854c: FollowerState was interrupted: java.lang.InterruptedException: sleep interrupted
2019-09-11 03:16:56,234 [02b9f8ce-4253-4591-af20-e5771c574668@group-08832F9F56A9-StateMachineUpdater] INFO  ratis.ContainerStateMachine (ContainerStateMachine.java:takeSnapshot(300)) - group-08832F9F56A9: Finished taking a snapshot at:(t:2, i:12) file:/workdir/hadoop-ozone/integration-test/target/test-dir/MiniOzoneClusterImpl-ffccced8-c8d8-492e-805a-99618b7a2b29/datanode-1/data/ratis/2ba24a89-d0aa-47ca-b633-08832f9f56a9/sm/snapshot.2_12 time:25
2019-09-11 03:16:56,234 [02b9f8ce-4253-4591-af20-e5771c574668@group-08832F9F56A9-StateMachineUpdater] INFO  impl.StateMachineUpdater (StateMachineUpdater.java:takeSnapshot(258)) - 02b9f8ce-4253-4591-af20-e5771c574668@group-08832F9F56A9-StateMachineUpdater: Took a snapshot at index 12
2019-09-11 03:16:56,234 [02b9f8ce-4253-4591-af20-e5771c574668@group-08832F9F56A9-StateMachineUpdater] INFO  impl.StateMachineUpdater (StateMachineUpdater.java:lambda$new$0(83)) - 02b9f8ce-4253-4591-af20-e5771c574668@group-08832F9F56A9-StateMachineUpdater: snapshotIndex: updateIncreasingly -1 -> 12
2019-09-11 03:16:56,234 [02b9f8ce-4253-4591-af20-e5771c574668@group-08832F9F56A9-StateMachineUpdater] INFO  ratis.ContainerStateMachine (ContainerStateMachine.java:takeSnapshot(289)) - group-08832F9F56A9: Taking a snapshot at:(t:2, i:12) file /workdir/hadoop-ozone/integration-test/target/test-dir/MiniOzoneClusterImpl-ffccced8-c8d8-492e-805a-99618b7a2b29/datanode-1/data/ratis/2ba24a89-d0aa-47ca-b633-08832f9f56a9/sm/snapshot.2_12
2019-09-11 03:16:56,236 [02b9f8ce-4253-4591-af20-e5771c574668@group-08832F9F56A9-StateMachineUpdater] INFO  ratis.ContainerStateMachine (ContainerStateMachine.java:takeSnapshot(300)) - group-08832F9F56A9: Finished taking a snapshot at:(t:2, i:12) file:/workdir/hadoop-ozone/integration-test/target/test-dir/MiniOzoneClusterImpl-ffccced8-c8d8-492e-805a-99618b7a2b29/datanode-1/data/ratis/2ba24a89-d0aa-47ca-b633-08832f9f56a9/sm/snapshot.2_12 time:2
2019-09-11 03:16:56,236 [4b2356e4-aaef-4a34-8176-0946a74a854c@group-D5F610D5601A-StateMachineUpdater] INFO  ratis.ContainerStateMachine (ContainerStateMachine.java:takeSnapshot(300)) - group-D5F610D5601A: Finished taking a snapshot at:(t:2, i:12) file:/workdir/hadoop-ozone/integration-test/target/test-dir/MiniOzoneClusterImpl-ffccced8-c8d8-492e-805a-99618b7a2b29/datanode-9/data/ratis/ffedfa37-5d60-4482-8bbe-d5f610d5601a/sm/snapshot.2_12 time:11
2019-09-11 03:16:56,237 [02b9f8ce-4253-4591-af20-e5771c574668@group-08832F9F56A9-StateMachineUpdater] INFO  impl.StateMachineUpdater (StateMachineUpdater.java:takeSnapshot(258)) - 02b9f8ce-4253-4591-af20-e5771c574668@group-08832F9F56A9-StateMachineUpdater: Took a snapshot at index 12
2019-09-11 03:16:56,237 [4b2356e4-aaef-4a34-8176-0946a74a854c@group-D5F610D5601A-StateMachineUpdater] INFO  impl.StateMachineUpdater (StateMachineUpdater.java:takeSnapshot(258)) - 4b2356e4-aaef-4a34-8176-0946a74a854c@group-D5F610D5601A-StateMachineUpdater: Took a snapshot at index 12
2019-09-11 03:16:56,237 [02b9f8ce-4253-4591-af20-e5771c574668@group-08832F9F56A9-StateMachineUpdater] INFO  impl.StateMachineUpdater (StateMachineUpdater.java:lambda$new$0(83)) - 02b9f8ce-4253-4591-af20-e5771c574668@group-08832F9F56A9-StateMachineUpdater: snapshotIndex: updateIncreasingly 12 -> 12
2019-09-11 03:16:56,237 [4b2356e4-aaef-4a34-8176-0946a74a854c@group-D5F610D5601A-StateMachineUpdater] INFO  impl.StateMachineUpdater (StateMachineUpdater.java:lambda$new$0(83)) - 4b2356e4-aaef-4a34-8176-0946a74a854c@group-D5F610D5601A-StateMachineUpdater: snapshotIndex: updateIncreasingly -1 -> 12
2019-09-11 03:16:56,237 [ForkJoinPool.commonPool-worker-1] INFO  impl.RaftServerImpl (ServerState.java:close(385)) - 02b9f8ce-4253-4591-af20-e5771c574668@group-08832F9F56A9: closes. applyIndex: 16
2019-09-11 03:16:56,237 [4b2356e4-aaef-4a34-8176-0946a74a854c@group-D5F610D5601A-StateMachineUpdater] INFO  ratis.ContainerStateMachine (ContainerStateMachine.java:takeSnapshot(289)) - group-D5F610D5601A: Taking a snapshot at:(t:2, i:12) file /workdir/hadoop-ozone/integration-test/target/test-dir/MiniOzoneClusterImpl-ffccced8-c8d8-492e-805a-99618b7a2b29/datanode-9/data/ratis/ffedfa37-5d60-4482-8bbe-d5f610d5601a/sm/snapshot.2_12
2019-09-11 03:16:56,239 [02b9f8ce-4253-4591-af20-e5771c574668@group-08832F9F56A9-SegmentedRaftLogWorker] ERROR ratis.XceiverServerRatis (XceiverServerRatis.java:triggerPipelineClose(568)) - pipeline Action CLOSE  on pipeline PipelineID=2ba24a89-d0aa-47ca-b633-08832f9f56a9.Reason : WriteLog:17: (t:2, i:17), STATEMACHINELOGENTRY, client-64EE3F930F86, cid=57-writeStateMachineData interrupted.
2019-09-11 03:16:56,239 [ForkJoinPool.commonPool-worker-1] INFO  segmented.SegmentedRaftLogWorker (SegmentedRaftLogWorker.java:close(228)) - 02b9f8ce-4253-4591-af20-e5771c574668@group-08832F9F56A9-SegmentedRaftLogWorker close()
2019-09-11 03:16:56,241 [ForkJoinPool.commonPool-worker-1] INFO  server.GrpcService (GrpcService.java:closeImpl(164)) - 02b9f8ce-4253-4591-af20-e5771c574668: shutdown server with port 35050 now
2019-09-11 03:16:56,241 [ForkJoinPool.commonPool-worker-1] INFO  server.GrpcService (GrpcService.java:closeImpl(172)) - 02b9f8ce-4253-4591-af20-e5771c574668: shutdown server with port 35050 successfully
2019-09-11 03:16:56,250 [4b2356e4-aaef-4a34-8176-0946a74a854c@group-D5F610D5601A-StateMachineUpdater] INFO  ratis.ContainerStateMachine (ContainerStateMachine.java:takeSnapshot(300)) - group-D5F610D5601A: Finished taking a snapshot at:(t:2, i:12) file:/workdir/hadoop-ozone/integration-test/target/test-dir/MiniOzoneClusterImpl-ffccced8-c8d8-492e-805a-99618b7a2b29/datanode-9/data/ratis/ffedfa37-5d60-4482-8bbe-d5f610d5601a/sm/snapshot.2_12 time:12
2019-09-11 03:16:56,250 [4b2356e4-aaef-4a34-8176-0946a74a854c@group-D5F610D5601A-StateMachineUpdater] INFO  impl.StateMachineUpdater (StateMachineUpdater.java:takeSnapshot(258)) - 4b2356e4-aaef-4a34-8176-0946a74a854c@group-D5F610D5601A-StateMachineUpdater: Took a snapshot at index 12
2019-09-11 03:16:56,250 [4b2356e4-aaef-4a34-8176-0946a74a854c@group-D5F610D5601A-StateMachineUpdater] INFO  impl.StateMachineUpdater (StateMachineUpdater.java:lambda$new$0(83)) - 4b2356e4-aaef-4a34-8176-0946a74a854c@group-D5F610D5601A-StateMachineUpdater: snapshotIndex: updateIncreasingly 12 -> 12
2019-09-11 03:16:56,253 [main] INFO  impl.RaftServerImpl (ServerState.java:close(385)) - 4b2356e4-aaef-4a34-8176-0946a74a854c@group-D5F610D5601A: closes. applyIndex: 16
2019-09-11 03:16:56,253 [refreshUsed-/workdir/hadoop-ozone/integration-test/target/test-dir/MiniOzoneClusterImpl-ffccced8-c8d8-492e-805a-99618b7a2b29/datanode-1/data/containers] WARN  fs.CachingGetSpaceUsed (CachingGetSpaceUsed.java:run(183)) - Thread Interrupted waiting to refresh disk information: sleep interrupted
2019-09-11 03:16:56,255 [4b2356e4-aaef-4a34-8176-0946a74a854c@group-D5F610D5601A-SegmentedRaftLogWorker] ERROR ratis.XceiverServerRatis (XceiverServerRatis.java:triggerPipelineClose(568)) - pipeline Action CLOSE  on pipeline PipelineID=ffedfa37-5d60-4482-8bbe-d5f610d5601a.Reason : WriteLog:17: (t:2, i:17), STATEMACHINELOGENTRY, client-84CCB07DAE59, cid=43-writeStateMachineData interrupted.
2019-09-11 03:16:56,255 [main] INFO  segmented.SegmentedRaftLogWorker (SegmentedRaftLogWorker.java:close(228)) - 4b2356e4-aaef-4a34-8176-0946a74a854c@group-D5F610D5601A-SegmentedRaftLogWorker close()
2019-09-11 03:16:56,256 [main] INFO  server.GrpcService (GrpcService.java:closeImpl(164)) - 4b2356e4-aaef-4a34-8176-0946a74a854c: shutdown server with port 33321 now
2019-09-11 03:16:56,257 [grpc-default-executor-4] WARN  server.GrpcServerProtocolService (LogUtils.java:warn(134)) - 4b2356e4-aaef-4a34-8176-0946a74a854c: installSnapshot onError, lastRequest: 6fcf04af-ebca-4852-b73e-87fdd08ef440->4b2356e4-aaef-4a34-8176-0946a74a854c#7-t3, previous=(t:3, i:21), leaderCommit=16, initializing? false, entries: <empty>: org.apache.ratis.thirdparty.io.grpc.StatusRuntimeException: CANCELLED: cancelled before receiving half close
2019-09-11 03:16:56,257 [main] INFO  server.GrpcService (GrpcService.java:closeImpl(172)) - 4b2356e4-aaef-4a34-8176-0946a74a854c: shutdown server with port 33321 successfully
2019-09-11 03:16:56,257 [grpc-default-executor-6] WARN  server.GrpcLogAppender (LogUtils.java:warn(134)) - 6fcf04af-ebca-4852-b73e-87fdd08ef440@group-D5F610D5601A->4b2356e4-aaef-4a34-8176-0946a74a854c-AppendLogResponseHandler: Failed appendEntries: org.apache.ratis.thirdparty.io.grpc.StatusRuntimeException: CANCELLED: HTTP/2 error code: CANCEL
Received Rst Stream
2019-09-11 03:16:56,258 [grpc-default-executor-6] INFO  impl.FollowerInfo (FollowerInfo.java:lambda$new$0(51)) - 6fcf04af-ebca-4852-b73e-87fdd08ef440@group-D5F610D5601A->4b2356e4-aaef-4a34-8176-0946a74a854c: nextIndex: updateUnconditionally 22 -> 21
2019-09-11 03:16:56,259 [refreshUsed-/workdir/hadoop-ozone/integration-test/target/test-dir/MiniOzoneClusterImpl-ffccced8-c8d8-492e-805a-99618b7a2b29/datanode-9/data/containers] WARN  fs.CachingGetSpaceUsed (CachingGetSpaceUsed.java:run(183)) - Thread Interrupted waiting to refresh disk information: sleep interrupted
2019-09-11 03:16:56,273 [ForkJoinPool.commonPool-worker-1] INFO  utils.BackgroundService (BackgroundService.java:shutdown(148)) - Shutting down service BlockDeletingService
2019-09-11 03:16:56,273 [main] INFO  utils.BackgroundService (BackgroundService.java:shutdown(148)) - Shutting down service BlockDeletingService
2019-09-11 03:16:56,278 [ForkJoinPool.commonPool-worker-1] INFO  statemachine.DatanodeStateMachine (DatanodeStateMachine.java:stopDaemon(395)) - Ozone container server stopped.
2019-09-11 03:16:56,279 [main] INFO  statemachine.DatanodeStateMachine (DatanodeStateMachine.java:stopDaemon(395)) - Ozone container server stopped.
2019-09-11 03:16:56,282 [main] INFO  handler.ContextHandler (ContextHandler.java:doStop(910)) - Stopped o.e.j.w.WebAppContext@3c87fdf2{/,null,UNAVAILABLE}{/hddsDatanode}
2019-09-11 03:16:56,282 [ForkJoinPool.commonPool-worker-1] INFO  handler.ContextHandler (ContextHandler.java:doStop(910)) - Stopped o.e.j.w.WebAppContext@25ad4f71{/,null,UNAVAILABLE}{/hddsDatanode}
2019-09-11 03:16:56,283 [main] INFO  server.AbstractConnector (AbstractConnector.java:doStop(318)) - Stopped ServerConnector@26bbe604{HTTP/1.1,[http/1.1]}{0.0.0.0:0}
2019-09-11 03:16:56,283 [ForkJoinPool.commonPool-worker-1] INFO  server.AbstractConnector (AbstractConnector.java:doStop(318)) - Stopped ServerConnector@49faf066{HTTP/1.1,[http/1.1]}{0.0.0.0:0}
2019-09-11 03:16:56,283 [main] INFO  handler.ContextHandler (ContextHandler.java:doStop(910)) - Stopped o.e.j.s.ServletContextHandler@4e49ce2b{/static,jar:file:/home/user/.m2/repository/org/apache/hadoop/hadoop-hdds-container-service/0.5.0-SNAPSHOT/hadoop-hdds-container-service-0.5.0-SNAPSHOT.jar!/webapps/static,UNAVAILABLE}
2019-09-11 03:16:56,284 [ForkJoinPool.commonPool-worker-1] INFO  handler.ContextHandler (ContextHandler.java:doStop(910)) - Stopped o.e.j.s.ServletContextHandler@15400fff{/static,jar:file:/home/user/.m2/repository/org/apache/hadoop/hadoop-hdds-container-service/0.5.0-SNAPSHOT/hadoop-hdds-container-service-0.5.0-SNAPSHOT.jar!/webapps/static,UNAVAILABLE}
2019-09-11 03:16:56,285 [main] INFO  handler.ContextHandler (ContextHandler.java:doStop(910)) - Stopped o.e.j.s.ServletContextHandler@7b676112{/logs,file:///workdir/hadoop-ozone/integration-test/target/log,UNAVAILABLE}
2019-09-11 03:16:56,286 [ForkJoinPool.commonPool-worker-1] INFO  handler.ContextHandler (ContextHandler.java:doStop(910)) - Stopped o.e.j.s.ServletContextHandler@654c7d2d{/logs,file:///workdir/hadoop-ozone/integration-test/target/log,UNAVAILABLE}
2019-09-11 03:16:56,509 [Datanode State Machine Thread - 0] INFO  statemachine.DatanodeStateMachine (DatanodeStateMachine.java:lambda$startDaemon$0(350)) - Ozone container server started.
2019-09-11 03:16:56,677 [grpc-default-executor-0] WARN  server.GrpcLogAppender (LogUtils.java:warn(134)) - 6fcf04af-ebca-4852-b73e-87fdd08ef440@group-D5F610D5601A->4b2356e4-aaef-4a34-8176-0946a74a854c-AppendLogResponseHandler: Failed appendEntries: org.apache.ratis.thirdparty.io.grpc.StatusRuntimeException: UNAVAILABLE: io exception
2019-09-11 03:16:56,678 [grpc-default-executor-0] INFO  impl.FollowerInfo (FollowerInfo.java:lambda$new$0(51)) - 6fcf04af-ebca-4852-b73e-87fdd08ef440@group-D5F610D5601A->4b2356e4-aaef-4a34-8176-0946a74a854c: nextIndex: updateUnconditionally 21 -> 20
2019-09-11 03:16:56,679 [grpc-default-executor-4] WARN  server.GrpcLogAppender (LogUtils.java:warn(134)) - 6fcf04af-ebca-4852-b73e-87fdd08ef440@group-D5F610D5601A->53d5fcb5-8117-4632-855b-8768bb6778f7-AppendLogResponseHandler: Failed appendEntries: org.apache.ratis.thirdparty.io.grpc.StatusRuntimeException: UNAVAILABLE: io exception
2019-09-11 03:16:56,680 [grpc-default-executor-4] INFO  impl.FollowerInfo (FollowerInfo.java:lambda$new$0(51)) - 6fcf04af-ebca-4852-b73e-87fdd08ef440@group-D5F610D5601A->53d5fcb5-8117-4632-855b-8768bb6778f7: nextIndex: updateUnconditionally 0 -> 0
2019-09-11 03:16:57,178 [grpc-default-executor-0] WARN  server.GrpcLogAppender (LogUtils.java:warn(134)) - 6fcf04af-ebca-4852-b73e-87fdd08ef440@group-D5F610D5601A->4b2356e4-aaef-4a34-8176-0946a74a854c-AppendLogResponseHandler: Failed appendEntries: org.apache.ratis.thirdparty.io.grpc.StatusRuntimeException: UNAVAILABLE: io exception
2019-09-11 03:16:57,179 [grpc-default-executor-0] INFO  impl.FollowerInfo (FollowerInfo.java:lambda$new$0(51)) - 6fcf04af-ebca-4852-b73e-87fdd08ef440@group-D5F610D5601A->4b2356e4-aaef-4a34-8176-0946a74a854c: nextIndex: updateUnconditionally 20 -> 19
2019-09-11 03:16:57,180 [grpc-default-executor-6] WARN  server.GrpcLogAppender (LogUtils.java:warn(134)) - 6fcf04af-ebca-4852-b73e-87fdd08ef440@group-D5F610D5601A->53d5fcb5-8117-4632-855b-8768bb6778f7-AppendLogResponseHandler: Failed appendEntries: org.apache.ratis.thirdparty.io.grpc.StatusRuntimeException: UNAVAILABLE: io exception
2019-09-11 03:16:57,180 [grpc-default-executor-6] INFO  impl.FollowerInfo (FollowerInfo.java:lambda$new$0(51)) - 6fcf04af-ebca-4852-b73e-87fdd08ef440@group-D5F610D5601A->53d5fcb5-8117-4632-855b-8768bb6778f7: nextIndex: updateUnconditionally 0 -> 0
2019-09-11 03:16:57,679 [grpc-default-executor-1] WARN  server.GrpcLogAppender (LogUtils.java:warn(134)) - 6fcf04af-ebca-4852-b73e-87fdd08ef440@group-D5F610D5601A->4b2356e4-aaef-4a34-8176-0946a74a854c-AppendLogResponseHandler: Failed appendEntries: org.apache.ratis.thirdparty.io.grpc.StatusRuntimeException: UNAVAILABLE: io exception
2019-09-11 03:16:57,680 [grpc-default-executor-1] INFO  impl.FollowerInfo (FollowerInfo.java:lambda$new$0(51)) - 6fcf04af-ebca-4852-b73e-87fdd08ef440@group-D5F610D5601A->4b2356e4-aaef-4a34-8176-0946a74a854c: nextIndex: updateUnconditionally 19 -> 18
2019-09-11 03:16:57,680 [grpc-default-executor-4] WARN  server.GrpcLogAppender (LogUtils.java:warn(134)) - 6fcf04af-ebca-4852-b73e-87fdd08ef440@group-D5F610D5601A->53d5fcb5-8117-4632-855b-8768bb6778f7-AppendLogResponseHandler: Failed appendEntries: org.apache.ratis.thirdparty.io.grpc.StatusRuntimeException: UNAVAILABLE: io exception
2019-09-11 03:16:57,681 [grpc-default-executor-4] INFO  impl.FollowerInfo (FollowerInfo.java:lambda$new$0(51)) - 6fcf04af-ebca-4852-b73e-87fdd08ef440@group-D5F610D5601A->53d5fcb5-8117-4632-855b-8768bb6778f7: nextIndex: updateUnconditionally 0 -> 0
2019-09-11 03:16:58,180 [grpc-default-executor-1] WARN  server.GrpcLogAppender (LogUtils.java:warn(134)) - 6fcf04af-ebca-4852-b73e-87fdd08ef440@group-D5F610D5601A->4b2356e4-aaef-4a34-8176-0946a74a854c-AppendLogResponseHandler: Failed appendEntries: org.apache.ratis.thirdparty.io.grpc.StatusRuntimeException: UNAVAILABLE: io exception
2019-09-11 03:16:58,180 [grpc-default-executor-1] INFO  impl.FollowerInfo (FollowerInfo.java:lambda$new$0(51)) - 6fcf04af-ebca-4852-b73e-87fdd08ef440@group-D5F610D5601A->4b2356e4-aaef-4a34-8176-0946a74a854c: nextIndex: updateUnconditionally 18 -> 17
2019-09-11 03:16:58,181 [grpc-default-executor-6] WARN  server.GrpcLogAppender (LogUtils.java:warn(134)) - 6fcf04af-ebca-4852-b73e-87fdd08ef440@group-D5F610D5601A->53d5fcb5-8117-4632-855b-8768bb6778f7-AppendLogResponseHandler: Failed appendEntries: org.apache.ratis.thirdparty.io.grpc.StatusRuntimeException: UNAVAILABLE: io exception
2019-09-11 03:16:58,182 [grpc-default-executor-6] INFO  impl.FollowerInfo (FollowerInfo.java:lambda$new$0(51)) - 6fcf04af-ebca-4852-b73e-87fdd08ef440@group-D5F610D5601A->53d5fcb5-8117-4632-855b-8768bb6778f7: nextIndex: updateUnconditionally 0 -> 0
2019-09-11 03:16:58,681 [grpc-default-executor-6] WARN  server.GrpcLogAppender (LogUtils.java:warn(134)) - 6fcf04af-ebca-4852-b73e-87fdd08ef440@group-D5F610D5601A->4b2356e4-aaef-4a34-8176-0946a74a854c-AppendLogResponseHandler: Failed appendEntries: org.apache.ratis.thirdparty.io.grpc.StatusRuntimeException: UNAVAILABLE: io exception
2019-09-11 03:16:58,681 [grpc-default-executor-6] INFO  impl.FollowerInfo (FollowerInfo.java:lambda$new$0(51)) - 6fcf04af-ebca-4852-b73e-87fdd08ef440@group-D5F610D5601A->4b2356e4-aaef-4a34-8176-0946a74a854c: nextIndex: updateUnconditionally 17 -> 16
2019-09-11 03:16:58,681 [grpc-default-executor-0] WARN  server.GrpcLogAppender (LogUtils.java:warn(134)) - 6fcf04af-ebca-4852-b73e-87fdd08ef440@group-D5F610D5601A->53d5fcb5-8117-4632-855b-8768bb6778f7-AppendLogResponseHandler: Failed appendEntries: org.apache.ratis.thirdparty.io.grpc.StatusRuntimeException: UNAVAILABLE: io exception
2019-09-11 03:16:58,682 [grpc-default-executor-0] INFO  impl.FollowerInfo (FollowerInfo.java:lambda$new$0(51)) - 6fcf04af-ebca-4852-b73e-87fdd08ef440@group-D5F610D5601A->53d5fcb5-8117-4632-855b-8768bb6778f7: nextIndex: updateUnconditionally 0 -> 0
2019-09-11 03:16:59,182 [grpc-default-executor-1] WARN  server.GrpcLogAppender (LogUtils.java:warn(134)) - 6fcf04af-ebca-4852-b73e-87fdd08ef440@group-D5F610D5601A->4b2356e4-aaef-4a34-8176-0946a74a854c-AppendLogResponseHandler: Failed appendEntries: org.apache.ratis.thirdparty.io.grpc.StatusRuntimeException: UNAVAILABLE: io exception
2019-09-11 03:16:59,182 [grpc-default-executor-4] WARN  server.GrpcLogAppender (LogUtils.java:warn(134)) - 6fcf04af-ebca-4852-b73e-87fdd08ef440@group-D5F610D5601A->53d5fcb5-8117-4632-855b-8768bb6778f7-AppendLogResponseHandler: Failed appendEntries: org.apache.ratis.thirdparty.io.grpc.StatusRuntimeException: UNAVAILABLE: io exception
2019-09-11 03:16:59,183 [grpc-default-executor-1] INFO  impl.FollowerInfo (FollowerInfo.java:lambda$new$0(51)) - 6fcf04af-ebca-4852-b73e-87fdd08ef440@group-D5F610D5601A->4b2356e4-aaef-4a34-8176-0946a74a854c: nextIndex: updateUnconditionally 16 -> 15
2019-09-11 03:16:59,183 [grpc-default-executor-4] INFO  impl.FollowerInfo (FollowerInfo.java:lambda$new$0(51)) - 6fcf04af-ebca-4852-b73e-87fdd08ef440@group-D5F610D5601A->53d5fcb5-8117-4632-855b-8768bb6778f7: nextIndex: updateUnconditionally 0 -> 0
2019-09-11 03:16:59,687 [grpc-default-executor-1] WARN  server.GrpcLogAppender (LogUtils.java:warn(134)) - 6fcf04af-ebca-4852-b73e-87fdd08ef440@group-D5F610D5601A->4b2356e4-aaef-4a34-8176-0946a74a854c-AppendLogResponseHandler: Failed appendEntries: org.apache.ratis.thirdparty.io.grpc.StatusRuntimeException: UNAVAILABLE: io exception
2019-09-11 03:16:59,687 [grpc-default-executor-4] WARN  server.GrpcLogAppender (LogUtils.java:warn(134)) - 6fcf04af-ebca-4852-b73e-87fdd08ef440@group-D5F610D5601A->53d5fcb5-8117-4632-855b-8768bb6778f7-AppendLogResponseHandler: Failed appendEntries: org.apache.ratis.thirdparty.io.grpc.StatusRuntimeException: UNAVAILABLE: io exception
2019-09-11 03:16:59,688 [grpc-default-executor-1] INFO  impl.FollowerInfo (FollowerInfo.java:lambda$new$0(51)) - 6fcf04af-ebca-4852-b73e-87fdd08ef440@group-D5F610D5601A->4b2356e4-aaef-4a34-8176-0946a74a854c: nextIndex: updateUnconditionally 15 -> 14
2019-09-11 03:16:59,688 [grpc-default-executor-4] INFO  impl.FollowerInfo (FollowerInfo.java:lambda$new$0(51)) - 6fcf04af-ebca-4852-b73e-87fdd08ef440@group-D5F610D5601A->53d5fcb5-8117-4632-855b-8768bb6778f7: nextIndex: updateUnconditionally 0 -> 0
2019-09-11 03:17:00,190 [grpc-default-executor-7] WARN  server.GrpcLogAppender (LogUtils.java:warn(134)) - 6fcf04af-ebca-4852-b73e-87fdd08ef440@group-D5F610D5601A->53d5fcb5-8117-4632-855b-8768bb6778f7-AppendLogResponseHandler: Failed appendEntries: org.apache.ratis.thirdparty.io.grpc.StatusRuntimeException: UNAVAILABLE: io exception
2019-09-11 03:17:00,190 [grpc-default-executor-8] WARN  server.GrpcLogAppender (LogUtils.java:warn(134)) - 6fcf04af-ebca-4852-b73e-87fdd08ef440@group-D5F610D5601A->4b2356e4-aaef-4a34-8176-0946a74a854c-AppendLogResponseHandler: Failed appendEntries: org.apache.ratis.thirdparty.io.grpc.StatusRuntimeException: UNAVAILABLE: io exception
2019-09-11 03:17:00,192 [grpc-default-executor-7] INFO  impl.FollowerInfo (FollowerInfo.java:lambda$new$0(51)) - 6fcf04af-ebca-4852-b73e-87fdd08ef440@group-D5F610D5601A->53d5fcb5-8117-4632-855b-8768bb6778f7: nextIndex: updateUnconditionally 0 -> 0
2019-09-11 03:17:00,192 [grpc-default-executor-8] INFO  impl.FollowerInfo (FollowerInfo.java:lambda$new$0(51)) - 6fcf04af-ebca-4852-b73e-87fdd08ef440@group-D5F610D5601A->4b2356e4-aaef-4a34-8176-0946a74a854c: nextIndex: updateUnconditionally 14 -> 13
2019-09-11 03:17:00,693 [grpc-default-executor-8] WARN  server.GrpcLogAppender (LogUtils.java:warn(134)) - 6fcf04af-ebca-4852-b73e-87fdd08ef440@group-D5F610D5601A->4b2356e4-aaef-4a34-8176-0946a74a854c-AppendLogResponseHandler: Failed appendEntries: org.apache.ratis.thirdparty.io.grpc.StatusRuntimeException: UNAVAILABLE: io exception
2019-09-11 03:17:00,693 [grpc-default-executor-7] WARN  server.GrpcLogAppender (LogUtils.java:warn(134)) - 6fcf04af-ebca-4852-b73e-87fdd08ef440@group-D5F610D5601A->53d5fcb5-8117-4632-855b-8768bb6778f7-AppendLogResponseHandler: Failed appendEntries: org.apache.ratis.thirdparty.io.grpc.StatusRuntimeException: UNAVAILABLE: io exception
2019-09-11 03:17:00,693 [grpc-default-executor-8] INFO  impl.FollowerInfo (FollowerInfo.java:lambda$new$0(51)) - 6fcf04af-ebca-4852-b73e-87fdd08ef440@group-D5F610D5601A->4b2356e4-aaef-4a34-8176-0946a74a854c: nextIndex: updateUnconditionally 13 -> 12
2019-09-11 03:17:00,694 [grpc-default-executor-7] INFO  impl.FollowerInfo (FollowerInfo.java:lambda$new$0(51)) - 6fcf04af-ebca-4852-b73e-87fdd08ef440@group-D5F610D5601A->53d5fcb5-8117-4632-855b-8768bb6778f7: nextIndex: updateUnconditionally 0 -> 0
2019-09-11 03:17:01,197 [grpc-default-executor-4] WARN  server.GrpcLogAppender (LogUtils.java:warn(134)) - 6fcf04af-ebca-4852-b73e-87fdd08ef440@group-D5F610D5601A->4b2356e4-aaef-4a34-8176-0946a74a854c-AppendLogResponseHandler: Failed appendEntries: org.apache.ratis.thirdparty.io.grpc.StatusRuntimeException: UNAVAILABLE: io exception
2019-09-11 03:17:01,197 [grpc-default-executor-1] WARN  server.GrpcLogAppender (LogUtils.java:warn(134)) - 6fcf04af-ebca-4852-b73e-87fdd08ef440@group-D5F610D5601A->53d5fcb5-8117-4632-855b-8768bb6778f7-AppendLogResponseHandler: Failed appendEntries: org.apache.ratis.thirdparty.io.grpc.StatusRuntimeException: UNAVAILABLE: io exception
2019-09-11 03:17:01,198 [grpc-default-executor-4] INFO  impl.FollowerInfo (FollowerInfo.java:lambda$new$0(51)) - 6fcf04af-ebca-4852-b73e-87fdd08ef440@group-D5F610D5601A->4b2356e4-aaef-4a34-8176-0946a74a854c: nextIndex: updateUnconditionally 12 -> 11
2019-09-11 03:17:01,198 [grpc-default-executor-1] INFO  impl.FollowerInfo (FollowerInfo.java:lambda$new$0(51)) - 6fcf04af-ebca-4852-b73e-87fdd08ef440@group-D5F610D5601A->53d5fcb5-8117-4632-855b-8768bb6778f7: nextIndex: updateUnconditionally 0 -> 0
2019-09-11 03:17:01,289 [main] INFO  ozoneimpl.OzoneContainer (OzoneContainer.java:stop(231)) - Attempting to stop container services.
2019-09-11 03:17:01,290 [main] INFO  impl.RaftServerProxy (RaftServerProxy.java:lambda$close$4(314)) - 6fcf04af-ebca-4852-b73e-87fdd08ef440: close
2019-09-11 03:17:01,291 [main] INFO  impl.RaftServerImpl (RaftServerImpl.java:lambda$shutdown$3(251)) - 6fcf04af-ebca-4852-b73e-87fdd08ef440@group-041D439A1E1E: shutdown
2019-09-11 03:17:01,292 [main] INFO  util.JmxRegister (JmxRegister.java:unregister(73)) - Successfully un-registered JMX Bean with object name Ratis:service=RaftServer,group=group-041D439A1E1E,id=6fcf04af-ebca-4852-b73e-87fdd08ef440
2019-09-11 03:17:01,292 [main] INFO  impl.RoleInfo (RoleInfo.java:shutdownLeaderState(104)) - 6fcf04af-ebca-4852-b73e-87fdd08ef440: shutdown LeaderState
2019-09-11 03:17:01,293 [main] INFO  impl.PendingRequests (PendingRequests.java:sendNotLeaderResponses(202)) - 6fcf04af-ebca-4852-b73e-87fdd08ef440-PendingRequests: sendNotLeaderResponses
2019-09-11 03:17:01,294 [main] INFO  impl.StateMachineUpdater (StateMachineUpdater.java:stopAndJoin(125)) - 6fcf04af-ebca-4852-b73e-87fdd08ef440@group-041D439A1E1E-StateMachineUpdater: set stopIndex = 0
2019-09-11 03:17:01,294 [main] INFO  impl.RaftServerImpl (ServerState.java:close(385)) - 6fcf04af-ebca-4852-b73e-87fdd08ef440@group-041D439A1E1E: closes. applyIndex: 0
2019-09-11 03:17:01,295 [6fcf04af-ebca-4852-b73e-87fdd08ef440@group-041D439A1E1E-SegmentedRaftLogWorker] INFO  segmented.SegmentedRaftLogWorker (SegmentedRaftLogWorker.java:run(313)) - 6fcf04af-ebca-4852-b73e-87fdd08ef440@group-041D439A1E1E-SegmentedRaftLogWorker was interrupted, exiting. There are 0 tasks remaining in the queue.
2019-09-11 03:17:01,296 [main] INFO  segmented.SegmentedRaftLogWorker (SegmentedRaftLogWorker.java:close(228)) - 6fcf04af-ebca-4852-b73e-87fdd08ef440@group-041D439A1E1E-SegmentedRaftLogWorker close()
2019-09-11 03:17:01,300 [main] INFO  impl.RaftServerImpl (RaftServerImpl.java:lambda$shutdown$3(251)) - 6fcf04af-ebca-4852-b73e-87fdd08ef440@group-D5F610D5601A: shutdown
2019-09-11 03:17:01,300 [main] INFO  util.JmxRegister (JmxRegister.java:unregister(73)) - Successfully un-registered JMX Bean with object name Ratis:service=RaftServer,group=group-D5F610D5601A,id=6fcf04af-ebca-4852-b73e-87fdd08ef440
2019-09-11 03:17:01,301 [main] INFO  impl.RoleInfo (RoleInfo.java:shutdownLeaderState(104)) - 6fcf04af-ebca-4852-b73e-87fdd08ef440: shutdown LeaderState
2019-09-11 03:17:01,303 [main] INFO  impl.PendingRequests (PendingRequests.java:sendNotLeaderResponses(202)) - 6fcf04af-ebca-4852-b73e-87fdd08ef440-PendingRequests: sendNotLeaderResponses
2019-09-11 03:17:01,303 [org.apache.ratis.server.impl.LogAppender$AppenderDaemon$$Lambda$608/133095638@54636152] WARN  server.GrpcLogAppender (GrpcLogAppender.java:mayWait(143)) - 6fcf04af-ebca-4852-b73e-87fdd08ef440@group-D5F610D5601A->53d5fcb5-8117-4632-855b-8768bb6778f7-GrpcLogAppender: Wait interrupted by java.lang.InterruptedException
2019-09-11 03:17:01,303 [org.apache.ratis.server.impl.LogAppender$AppenderDaemon$$Lambda$608/133095638@774d0ce5] WARN  server.GrpcLogAppender (GrpcLogAppender.java:mayWait(143)) - 6fcf04af-ebca-4852-b73e-87fdd08ef440@group-D5F610D5601A->4b2356e4-aaef-4a34-8176-0946a74a854c-GrpcLogAppender: Wait interrupted by java.lang.InterruptedException
2019-09-11 03:17:01,305 [main] INFO  impl.StateMachineUpdater (StateMachineUpdater.java:stopAndJoin(125)) - 6fcf04af-ebca-4852-b73e-87fdd08ef440@group-D5F610D5601A-StateMachineUpdater: set stopIndex = 16
2019-09-11 03:17:01,305 [6fcf04af-ebca-4852-b73e-87fdd08ef440@group-D5F610D5601A-StateMachineUpdater] INFO  ratis.ContainerStateMachine (ContainerStateMachine.java:takeSnapshot(289)) - group-D5F610D5601A: Taking a snapshot at:(t:2, i:12) file /workdir/hadoop-ozone/integration-test/target/test-dir/MiniOzoneClusterImpl-ffccced8-c8d8-492e-805a-99618b7a2b29/datanode-7/data/ratis/ffedfa37-5d60-4482-8bbe-d5f610d5601a/sm/snapshot.2_12
2019-09-11 03:17:01,319 [6fcf04af-ebca-4852-b73e-87fdd08ef440@group-D5F610D5601A-StateMachineUpdater] INFO  ratis.ContainerStateMachine (ContainerStateMachine.java:takeSnapshot(300)) - group-D5F610D5601A: Finished taking a snapshot at:(t:2, i:12) file:/workdir/hadoop-ozone/integration-test/target/test-dir/MiniOzoneClusterImpl-ffccced8-c8d8-492e-805a-99618b7a2b29/datanode-7/data/ratis/ffedfa37-5d60-4482-8bbe-d5f610d5601a/sm/snapshot.2_12 time:15
2019-09-11 03:17:01,320 [6fcf04af-ebca-4852-b73e-87fdd08ef440@group-D5F610D5601A-StateMachineUpdater] INFO  impl.StateMachineUpdater (StateMachineUpdater.java:takeSnapshot(258)) - 6fcf04af-ebca-4852-b73e-87fdd08ef440@group-D5F610D5601A-StateMachineUpdater: Took a snapshot at index 12
2019-09-11 03:17:01,320 [6fcf04af-ebca-4852-b73e-87fdd08ef440@group-D5F610D5601A-StateMachineUpdater] INFO  impl.StateMachineUpdater (StateMachineUpdater.java:lambda$new$0(83)) - 6fcf04af-ebca-4852-b73e-87fdd08ef440@group-D5F610D5601A-StateMachineUpdater: snapshotIndex: updateIncreasingly -1 -> 12
2019-09-11 03:17:01,320 [6fcf04af-ebca-4852-b73e-87fdd08ef440@group-D5F610D5601A-StateMachineUpdater] INFO  ratis.ContainerStateMachine (ContainerStateMachine.java:takeSnapshot(289)) - group-D5F610D5601A: Taking a snapshot at:(t:2, i:12) file /workdir/hadoop-ozone/integration-test/target/test-dir/MiniOzoneClusterImpl-ffccced8-c8d8-492e-805a-99618b7a2b29/datanode-7/data/ratis/ffedfa37-5d60-4482-8bbe-d5f610d5601a/sm/snapshot.2_12
2019-09-11 03:17:01,332 [6fcf04af-ebca-4852-b73e-87fdd08ef440@group-D5F610D5601A-StateMachineUpdater] INFO  ratis.ContainerStateMachine (ContainerStateMachine.java:takeSnapshot(300)) - group-D5F610D5601A: Finished taking a snapshot at:(t:2, i:12) file:/workdir/hadoop-ozone/integration-test/target/test-dir/MiniOzoneClusterImpl-ffccced8-c8d8-492e-805a-99618b7a2b29/datanode-7/data/ratis/ffedfa37-5d60-4482-8bbe-d5f610d5601a/sm/snapshot.2_12 time:12
2019-09-11 03:17:01,332 [6fcf04af-ebca-4852-b73e-87fdd08ef440@group-D5F610D5601A-StateMachineUpdater] INFO  impl.StateMachineUpdater (StateMachineUpdater.java:takeSnapshot(258)) - 6fcf04af-ebca-4852-b73e-87fdd08ef440@group-D5F610D5601A-StateMachineUpdater: Took a snapshot at index 12
2019-09-11 03:17:01,332 [6fcf04af-ebca-4852-b73e-87fdd08ef440@group-D5F610D5601A-StateMachineUpdater] INFO  impl.StateMachineUpdater (StateMachineUpdater.java:lambda$new$0(83)) - 6fcf04af-ebca-4852-b73e-87fdd08ef440@group-D5F610D5601A-StateMachineUpdater: snapshotIndex: updateIncreasingly 12 -> 12
2019-09-11 03:17:01,332 [main] INFO  impl.RaftServerImpl (ServerState.java:close(385)) - 6fcf04af-ebca-4852-b73e-87fdd08ef440@group-D5F610D5601A: closes. applyIndex: 16
2019-09-11 03:17:01,333 [6fcf04af-ebca-4852-b73e-87fdd08ef440@group-D5F610D5601A-SegmentedRaftLogWorker] INFO  segmented.SegmentedRaftLogWorker (SegmentedRaftLogWorker.java:run(313)) - 6fcf04af-ebca-4852-b73e-87fdd08ef440@group-D5F610D5601A-SegmentedRaftLogWorker was interrupted, exiting. There are 0 tasks remaining in the queue.
2019-09-11 03:17:01,334 [main] INFO  segmented.SegmentedRaftLogWorker (SegmentedRaftLogWorker.java:close(228)) - 6fcf04af-ebca-4852-b73e-87fdd08ef440@group-D5F610D5601A-SegmentedRaftLogWorker close()
2019-09-11 03:17:01,335 [main] INFO  server.GrpcService (GrpcService.java:closeImpl(164)) - 6fcf04af-ebca-4852-b73e-87fdd08ef440: shutdown server with port 39264 now
2019-09-11 03:17:01,336 [main] INFO  server.GrpcService (GrpcService.java:closeImpl(172)) - 6fcf04af-ebca-4852-b73e-87fdd08ef440: shutdown server with port 39264 successfully
2019-09-11 03:17:01,342 [refreshUsed-/workdir/hadoop-ozone/integration-test/target/test-dir/MiniOzoneClusterImpl-ffccced8-c8d8-492e-805a-99618b7a2b29/datanode-7/data/containers] WARN  fs.CachingGetSpaceUsed (CachingGetSpaceUsed.java:run(183)) - Thread Interrupted waiting to refresh disk information: sleep interrupted
2019-09-11 03:17:01,358 [main] INFO  utils.BackgroundService (BackgroundService.java:shutdown(148)) - Shutting down service BlockDeletingService
2019-09-11 03:17:01,360 [main] INFO  statemachine.DatanodeStateMachine (DatanodeStateMachine.java:stopDaemon(395)) - Ozone container server stopped.
2019-09-11 03:17:01,362 [main] INFO  handler.ContextHandler (ContextHandler.java:doStop(910)) - Stopped o.e.j.w.WebAppContext@37b52340{/,null,UNAVAILABLE}{/hddsDatanode}
2019-09-11 03:17:01,363 [main] INFO  server.AbstractConnector (AbstractConnector.java:doStop(318)) - Stopped ServerConnector@663bb8ef{HTTP/1.1,[http/1.1]}{0.0.0.0:0}
2019-09-11 03:17:01,363 [main] INFO  handler.ContextHandler (ContextHandler.java:doStop(910)) - Stopped o.e.j.s.ServletContextHandler@7a81065e{/static,jar:file:/home/user/.m2/repository/org/apache/hadoop/hadoop-hdds-container-service/0.5.0-SNAPSHOT/hadoop-hdds-container-service-0.5.0-SNAPSHOT.jar!/webapps/static,UNAVAILABLE}
2019-09-11 03:17:01,364 [main] INFO  handler.ContextHandler (ContextHandler.java:doStop(910)) - Stopped o.e.j.s.ServletContextHandler@445bb139{/logs,file:///workdir/hadoop-ozone/integration-test/target/log,UNAVAILABLE}
2019-09-11 03:17:01,365 [main] INFO  ozone.MiniOzoneClusterImpl (MiniOzoneClusterImpl.java:stop(339)) - Stopping the StorageContainerManager
2019-09-11 03:17:01,365 [main] INFO  server.StorageContainerManager (StorageContainerManager.java:stop(801)) - Stopping Replication Manager Service.
2019-09-11 03:17:01,365 [main] INFO  container.ReplicationManager (ReplicationManager.java:stop(203)) - Stopping Replication Monitor Thread.
2019-09-11 03:17:01,365 [main] INFO  server.StorageContainerManager (StorageContainerManager.java:stop(808)) - Stopping Lease Manager of the command watchers
2019-09-11 03:17:01,366 [main] INFO  server.StorageContainerManager (StorageContainerManager.java:stop(815)) - Stopping datanode service RPC server
2019-09-11 03:17:01,366 [main] INFO  server.SCMDatanodeProtocolServer (SCMDatanodeProtocolServer.java:stop(367)) - Stopping the RPC server for DataNodes
2019-09-11 03:17:01,366 [main] INFO  ipc.Server (Server.java:stop(3082)) - Stopping server on 32786
2019-09-11 03:17:01,368 [IPC Server listener on 32786] INFO  ipc.Server (Server.java:run(1185)) - Stopping IPC Server listener on 32786
2019-09-11 03:17:01,369 [IPC Server Responder] INFO  ipc.Server (Server.java:run(1319)) - Stopping IPC Server Responder
2019-09-11 03:17:01,425 [SCM Heartbeat Processing Thread - 0] WARN  node.NodeStateManager (NodeStateManager.java:scheduleNextHealthCheck(646)) - Current Thread is interrupted, shutting down HB processing thread for Node Manager.
2019-09-11 03:17:01,425 [main] INFO  server.StorageContainerManager (StorageContainerManager.java:stop(823)) - Stopping block service RPC server
2019-09-11 03:17:01,426 [main] INFO  server.SCMBlockProtocolServer (SCMBlockProtocolServer.java:stop(155)) - Stopping the RPC server for Block Protocol
2019-09-11 03:17:01,426 [main] INFO  ipc.Server (Server.java:stop(3082)) - Stopping server on 37790
2019-09-11 03:17:01,428 [IPC Server listener on 37790] INFO  ipc.Server (Server.java:run(1185)) - Stopping IPC Server listener on 37790
2019-09-11 03:17:01,428 [main] INFO  server.StorageContainerManager (StorageContainerManager.java:stop(830)) - Stopping the StorageContainerLocationProtocol RPC server
2019-09-11 03:17:01,428 [IPC Server Responder] INFO  ipc.Server (Server.java:run(1319)) - Stopping IPC Server Responder
2019-09-11 03:17:01,428 [main] INFO  server.SCMClientProtocolServer (SCMClientProtocolServer.java:stop(159)) - Stopping the RPC server for Client Protocol
2019-09-11 03:17:01,428 [main] INFO  ipc.Server (Server.java:stop(3082)) - Stopping server on 39994
2019-09-11 03:17:01,430 [IPC Server listener on 39994] INFO  ipc.Server (Server.java:run(1185)) - Stopping IPC Server listener on 39994
2019-09-11 03:17:01,430 [main] INFO  server.StorageContainerManager (StorageContainerManager.java:stop(837)) - Stopping Storage Container Manager HTTP server.
2019-09-11 03:17:01,431 [IPC Server Responder] INFO  ipc.Server (Server.java:run(1319)) - Stopping IPC Server Responder
2019-09-11 03:17:01,431 [main] INFO  handler.ContextHandler (ContextHandler.java:doStop(910)) - Stopped o.e.j.w.WebAppContext@7555b920{/,null,UNAVAILABLE}{/scm}
2019-09-11 03:17:01,432 [main] INFO  server.AbstractConnector (AbstractConnector.java:doStop(318)) - Stopped ServerConnector@6db66836{HTTP/1.1,[http/1.1]}{0.0.0.0:0}
2019-09-11 03:17:01,432 [main] INFO  handler.ContextHandler (ContextHandler.java:doStop(910)) - Stopped o.e.j.s.ServletContextHandler@6622fc65{/static,file:///workdir/hadoop-ozone/integration-test/target/test-classes/webapps/static,UNAVAILABLE}
2019-09-11 03:17:01,433 [main] INFO  handler.ContextHandler (ContextHandler.java:doStop(910)) - Stopped o.e.j.s.ServletContextHandler@732f29af{/logs,file:///workdir/hadoop-ozone/integration-test/target/log,UNAVAILABLE}
2019-09-11 03:17:01,434 [main] INFO  server.StorageContainerManager (StorageContainerManager.java:stop(848)) - Stopping Block Manager Service.
2019-09-11 03:17:01,434 [main] INFO  utils.BackgroundService (BackgroundService.java:shutdown(148)) - Shutting down service SCMBlockDeletingService
2019-09-11 03:17:01,435 [main] INFO  utils.BackgroundService (BackgroundService.java:shutdown(148)) - Shutting down service SCMBlockDeletingService
2019-09-11 03:17:01,435 [main] INFO  server.StorageContainerManager (StorageContainerManager.java:stop(870)) - Stopping SCM Event Queue.
2019-09-11 03:17:01,442 [main] INFO  impl.MetricsSystemImpl (MetricsSystemImpl.java:stop(210)) - Stopping XceiverClientMetrics metrics system...
2019-09-11 03:17:01,454 [prometheus] INFO  impl.MetricsSinkAdapter (MetricsSinkAdapter.java:publishMetricsFromQueue(141)) - prometheus thread interrupted.
2019-09-11 03:17:01,454 [main] INFO  impl.MetricsSystemImpl (MetricsSystemImpl.java:stop(216)) - XceiverClientMetrics metrics system stopped.
]]></system-out>
    <system-err><![CDATA[ERROR StatusLogger No Log4j 2 configuration file found. Using default configuration (logging only errors to the console), or user programmatically provided configurations. Set system property 'log4j2.debug' to show Log4j 2 internal initialization logging. See https://logging.apache.org/log4j/2.x/manual/configuration.html for instructions on how to configure Log4j 2
Sep 11, 2019 3:16:17 AM org.apache.ratis.thirdparty.io.grpc.internal.SerializingExecutor run
SEVERE: Exception while executing runnable org.apache.ratis.thirdparty.io.grpc.internal.ServerImpl$JumpToApplicationThreadServerStreamListener$1Closed@6f0f4c83
org.apache.ratis.thirdparty.io.grpc.StatusRuntimeException: CANCELLED: call already cancelled
	at org.apache.ratis.thirdparty.io.grpc.Status.asRuntimeException(Status.java:517)
	at org.apache.ratis.thirdparty.io.grpc.stub.ServerCalls$ServerCallStreamObserverImpl.onCompleted(ServerCalls.java:356)
	at org.apache.ratis.grpc.server.GrpcServerProtocolService$ServerRequestStreamObserver.onError(GrpcServerProtocolService.java:121)
	at org.apache.ratis.thirdparty.io.grpc.stub.ServerCalls$StreamingServerCallHandler$StreamingServerCallListener.onCancel(ServerCalls.java:269)
	at org.apache.ratis.thirdparty.io.grpc.internal.ServerCallImpl$ServerStreamListenerImpl.closed(ServerCallImpl.java:293)
	at org.apache.ratis.thirdparty.io.grpc.internal.ServerImpl$JumpToApplicationThreadServerStreamListener$1Closed.runInContext(ServerImpl.java:741)
	at org.apache.ratis.thirdparty.io.grpc.internal.ContextRunnable.run(ContextRunnable.java:37)
	at org.apache.ratis.thirdparty.io.grpc.internal.SerializingExecutor.run(SerializingExecutor.java:123)
	at java.util.concurrent.ThreadPoolExecutor.runWorker(ThreadPoolExecutor.java:1149)
	at java.util.concurrent.ThreadPoolExecutor$Worker.run(ThreadPoolExecutor.java:624)
	at java.lang.Thread.run(Thread.java:748)

Sep 11, 2019 3:16:40 AM org.apache.ratis.thirdparty.io.grpc.internal.SerializingExecutor run
SEVERE: Exception while executing runnable org.apache.ratis.thirdparty.io.grpc.internal.ServerImpl$JumpToApplicationThreadServerStreamListener$1Closed@5434aef
org.apache.ratis.thirdparty.io.grpc.StatusRuntimeException: CANCELLED: call already cancelled
	at org.apache.ratis.thirdparty.io.grpc.Status.asRuntimeException(Status.java:517)
	at org.apache.ratis.thirdparty.io.grpc.stub.ServerCalls$ServerCallStreamObserverImpl.onCompleted(ServerCalls.java:356)
	at org.apache.ratis.grpc.server.GrpcServerProtocolService$ServerRequestStreamObserver.onError(GrpcServerProtocolService.java:121)
	at org.apache.ratis.thirdparty.io.grpc.stub.ServerCalls$StreamingServerCallHandler$StreamingServerCallListener.onCancel(ServerCalls.java:269)
	at org.apache.ratis.thirdparty.io.grpc.internal.ServerCallImpl$ServerStreamListenerImpl.closed(ServerCallImpl.java:293)
	at org.apache.ratis.thirdparty.io.grpc.internal.ServerImpl$JumpToApplicationThreadServerStreamListener$1Closed.runInContext(ServerImpl.java:741)
	at org.apache.ratis.thirdparty.io.grpc.internal.ContextRunnable.run(ContextRunnable.java:37)
	at org.apache.ratis.thirdparty.io.grpc.internal.SerializingExecutor.run(SerializingExecutor.java:123)
	at java.util.concurrent.ThreadPoolExecutor.runWorker(ThreadPoolExecutor.java:1149)
	at java.util.concurrent.ThreadPoolExecutor$Worker.run(ThreadPoolExecutor.java:624)
	at java.lang.Thread.run(Thread.java:748)

Sep 11, 2019 3:16:56 AM org.apache.ratis.thirdparty.io.grpc.internal.SerializingExecutor run
SEVERE: Exception while executing runnable org.apache.ratis.thirdparty.io.grpc.internal.ServerImpl$JumpToApplicationThreadServerStreamListener$1Closed@62e786aa
org.apache.ratis.thirdparty.io.grpc.StatusRuntimeException: CANCELLED: call already cancelled
	at org.apache.ratis.thirdparty.io.grpc.Status.asRuntimeException(Status.java:517)
	at org.apache.ratis.thirdparty.io.grpc.stub.ServerCalls$ServerCallStreamObserverImpl.onCompleted(ServerCalls.java:356)
	at org.apache.ratis.grpc.server.GrpcServerProtocolService$ServerRequestStreamObserver.onError(GrpcServerProtocolService.java:121)
	at org.apache.ratis.thirdparty.io.grpc.stub.ServerCalls$StreamingServerCallHandler$StreamingServerCallListener.onCancel(ServerCalls.java:269)
	at org.apache.ratis.thirdparty.io.grpc.internal.ServerCallImpl$ServerStreamListenerImpl.closed(ServerCallImpl.java:293)
	at org.apache.ratis.thirdparty.io.grpc.internal.ServerImpl$JumpToApplicationThreadServerStreamListener$1Closed.runInContext(ServerImpl.java:741)
	at org.apache.ratis.thirdparty.io.grpc.internal.ContextRunnable.run(ContextRunnable.java:37)
	at org.apache.ratis.thirdparty.io.grpc.internal.SerializingExecutor.run(SerializingExecutor.java:123)
	at java.util.concurrent.ThreadPoolExecutor.runWorker(ThreadPoolExecutor.java:1149)
	at java.util.concurrent.ThreadPoolExecutor$Worker.run(ThreadPoolExecutor.java:624)
	at java.lang.Thread.run(Thread.java:748)

]]></system-err>
  </testcase>
  <testcase name="testMultiBlockWritesWithDnFailures" classname="org.apache.hadoop.ozone.client.rpc.TestMultiBlockWritesWithDnFailures" time="49.603"/>
</testsuite>